<?xml version="1.0" encoding="UTF-8"?>
<testsuites name="DashboardSuite" time="162" tests="0" failures="0" errors="1">
   <testsuite name="DashboardSuite" tests="0" failures="0" errors="1" time="162" timestamp="2019-09-16 18:07:43" hostname="user - Nivedita" id="Test Suites/VirtualShowSuites/DashboardSuite">
      <properties>
         <property name="deviceName" value=""/>
         <property name="devicePlatform" value=""/>
         <property name="logFolder" value="C:\\Users\\user\\Documents\\testautomation\\KatalonProjects\\Reports\\VirtualShowSuites\\DashboardSuite\\20190916_180740"/>
         <property name="logFiles" value="C:\\Users\\user\\Documents\\testautomation\\KatalonProjects\\Reports\\VirtualShowSuites\\DashboardSuite\\20190916_180740\\execution0.log"/>
         <property name="attachments" value=""/>
         <property name="hostName" value="user - Nivedita"/>
         <property name="os" value="Windows 8.1 64bit"/>
         <property name="katalonVersion" value="6.1.1.1"/>
         <property name="browser" value="Chrome 76.0.3809.132"/>
         <property name="hostAddress" value="192.168.43.31"/>
         <property name="sessionId" value="90de88068c3286a9e177c4ee8a6e9e3f"/>
         <property name="seleniumVersion" value="3.7.1"/>
         <property name="proxyInformation" value="ProxyInformation{proxyOption=NO_PROXY, proxyServerType=HTTP, password=, proxyServerAddress=, proxyServerPort=0}"/>
         <property name="platform" value="Windows 8.1"/>
      </properties>
      <testcase name="Test Cases/VirtualShow/VS_Automation" classname="Test Cases/VirtualShow/VS_Automation" status="ERROR">
         <error type="ERROR" message="Test Cases/VirtualShow/VS_Automation FAILED.
Reason:
com.kms.katalon.core.webui.exception.WebElementNotFoundException: Web element with id: 'Object Repository/virualShowRSVPOR/dashboard/select_present' located by 'By.xpath: //div[@class='guest-list']/div[@class='guest-list-filter-header']/label[@for='radio-2']' not found
	at com.kms.katalon.core.webui.common.WebUiCommonHelper.findWebElement(WebUiCommonHelper.java:1097)
	at com.kms.katalon.core.webui.common.WebUiCommonHelper$findWebElement$0.call(Unknown Source)
	at commonUtility.VSGuest.validateGuests(VSGuest.groovy:120)
	at commonUtility.VSGuest$validateGuests.call(Unknown Source)
	at commonUtility.UtilityMethods.validateGuestsListDashboard(UtilityMethods.groovy:194)
	at commonUtility.UtilityMethods$validateGuestsListDashboard$1.call(Unknown Source)
	at VS_Automation.run(VS_Automation:151)
	at com.kms.katalon.core.main.ScriptEngine.run(ScriptEngine.java:194)
	at com.kms.katalon.core.main.ScriptEngine.runScriptAsRawText(ScriptEngine.java:119)
	at com.kms.katalon.core.main.TestCaseExecutor.runScript(TestCaseExecutor.java:342)
	at com.kms.katalon.core.main.TestCaseExecutor.doExecute(TestCaseExecutor.java:333)
	at com.kms.katalon.core.main.TestCaseExecutor.processExecutionPhase(TestCaseExecutor.java:312)
	at com.kms.katalon.core.main.TestCaseExecutor.accessMainPhase(TestCaseExecutor.java:304)
	at com.kms.katalon.core.main.TestCaseExecutor.execute(TestCaseExecutor.java:238)
	at com.kms.katalon.core.main.TestSuiteExecutor.accessTestCaseMainPhase(TestSuiteExecutor.java:129)
	at com.kms.katalon.core.main.TestSuiteExecutor.accessTestSuiteMainPhase(TestSuiteExecutor.java:112)
	at com.kms.katalon.core.main.TestSuiteExecutor.execute(TestSuiteExecutor.java:81)
	at com.kms.katalon.core.main.TestCaseMain.startTestSuite(TestCaseMain.java:157)
	at com.kms.katalon.core.main.TestCaseMain$startTestSuite$0.call(Unknown Source)
	at TempTestSuite1568637460676.run(TempTestSuite1568637460676.groovy:35)
"/>
         <system-out><![CDATA[2019-09-16 18:07:43 - [TEST_CASE][ERROR] - Test Cases/VirtualShow/VS_Automation: Test Cases/VirtualShow/VS_Automation FAILED.
Reason:
com.kms.katalon.core.webui.exception.WebElementNotFoundException: Web element with id: 'Object Repository/virualShowRSVPOR/dashboard/select_present' located by 'By.xpath: //div[@class='guest-list']/div[@class='guest-list-filter-header']/label[@for='radio-2']' not found
	at com.kms.katalon.core.webui.common.WebUiCommonHelper.findWebElement(WebUiCommonHelper.java:1097)
	at com.kms.katalon.core.webui.common.WebUiCommonHelper$findWebElement$0.call(Unknown Source)
	at commonUtility.VSGuest.validateGuests(VSGuest.groovy:120)
	at commonUtility.VSGuest$validateGuests.call(Unknown Source)
	at commonUtility.UtilityMethods.validateGuestsListDashboard(UtilityMethods.groovy:194)
	at commonUtility.UtilityMethods$validateGuestsListDashboard$1.call(Unknown Source)
	at VS_Automation.run(VS_Automation:151)
	at com.kms.katalon.core.main.ScriptEngine.run(ScriptEngine.java:194)
	at com.kms.katalon.core.main.ScriptEngine.runScriptAsRawText(ScriptEngine.java:119)
	at com.kms.katalon.core.main.TestCaseExecutor.runScript(TestCaseExecutor.java:342)
	at com.kms.katalon.core.main.TestCaseExecutor.doExecute(TestCaseExecutor.java:333)
	at com.kms.katalon.core.main.TestCaseExecutor.processExecutionPhase(TestCaseExecutor.java:312)
	at com.kms.katalon.core.main.TestCaseExecutor.accessMainPhase(TestCaseExecutor.java:304)
	at com.kms.katalon.core.main.TestCaseExecutor.execute(TestCaseExecutor.java:238)
	at com.kms.katalon.core.main.TestSuiteExecutor.accessTestCaseMainPhase(TestSuiteExecutor.java:129)
	at com.kms.katalon.core.main.TestSuiteExecutor.accessTestSuiteMainPhase(TestSuiteExecutor.java:112)
	at com.kms.katalon.core.main.TestSuiteExecutor.execute(TestSuiteExecutor.java:81)
	at com.kms.katalon.core.main.TestCaseMain.startTestSuite(TestCaseMain.java:157)
	at com.kms.katalon.core.main.TestCaseMain$startTestSuite$0.call(Unknown Source)
	at TempTestSuite1568637460676.run(TempTestSuite1568637460676.groovy:35)


2019-09-16 18:07:43 - [TEST_STEP][PASSED] - Start listener action : sampleBeforeTestCase: null

2019-09-16 18:07:44 - [TEST_STEP][PASSED] - println(testCaseContext.getTestCaseId()): null

2019-09-16 18:07:44 - [TEST_STEP][PASSED] - println(testCaseContext.getTestCaseVariables()): null

2019-09-16 18:07:44 - [TEST_STEP][PASSED] - dataFile = "micrositeData": null

2019-09-16 18:07:44 - [TEST_STEP][PASSED] - guest1Mail = findTestData(dataFile).getValue("guest1Mail", 1): null

2019-09-16 18:07:45 - [TEST_STEP][PASSED] - guest1Pass = findTestData(dataFile).getValue("guest1Pass", 1): null

2019-09-16 18:07:45 - [TEST_STEP][PASSED] - dataFile = "virtualShowData": null

2019-09-16 18:07:45 - [TEST_STEP][PASSED] - hostess = findTestData(dataFile).getValue("hostess", 1): null

2019-09-16 18:07:46 - [TEST_STEP][PASSED] - cohostess = findTestData(dataFile).getValue("cohostess", 1): null

2019-09-16 18:07:46 - [TEST_STEP][PASSED] - guest1 = findTestData(dataFile).getValue("guest1", 1): null

2019-09-16 18:07:46 - [TEST_STEP][PASSED] - guest2 = findTestData(dataFile).getValue("guest2", 1): null

2019-09-16 18:07:46 - [TEST_STEP][PASSED] - RSTestEnvt = findTestData("envtData").getValue("RSTestEnvt", 1): null

2019-09-16 18:07:46 - [TEST_STEP][PASSED] - BOURL = findTestData("envtData").getValue("BOURL", 1): null

2019-09-16 18:07:46 - [TEST_STEP][PASSED] - actualGuestList = new java.util.ArrayList(): null

2019-09-16 18:07:46 - [TEST_STEP][PASSED] - yesList = new java.util.ArrayList(): null

2019-09-16 18:07:46 - [TEST_STEP][PASSED] - noList = new java.util.ArrayList(): null

2019-09-16 18:07:46 - [TEST_STEP][PASSED] - maybeList = new java.util.ArrayList(): null

2019-09-16 18:07:46 - [TEST_STEP][PASSED] - noreplyList = new java.util.ArrayList(): null

2019-09-16 18:07:46 - [TEST_STEP][PASSED] - presentList = new java.util.ArrayList(): null

2019-09-16 18:07:46 - [TEST_STEP][PASSED] - allList = new java.util.ArrayList(): null

2019-09-16 18:07:46 - [TEST_STEP][PASSED] - callTestCase(findTestCase("VirtualShow/createShow"), ["testEnvt":"", "username":"", "password":"", "stylist":"", "hostess":"", "cohostess":"", "guest1":"", "guest2":"", "verifyHostess":"", ... ], CONTINUE_ON_FAILURE): Call Test Case 'Test Cases/VirtualShow/createShow' successfully

2019-09-16 18:07:46 - [TEST_CASE][PASSED] - Test Cases/VirtualShow/createShow: Test Cases/VirtualShow/createShow

2019-09-16 18:07:47 - [TEST_STEP][PASSED] - dataFile = "virtualShowData": null

2019-09-16 18:07:47 - [TEST_STEP][PASSED] - stylist = findTestData(dataFile).getValue("stylist", 1): null

2019-09-16 18:07:47 - [TEST_STEP][PASSED] - hostess = findTestData(dataFile).getValue("hostess", 1): null

2019-09-16 18:07:47 - [TEST_STEP][PASSED] - cohostess = findTestData(dataFile).getValue("cohostess", 1): null

2019-09-16 18:07:47 - [TEST_STEP][PASSED] - guest1 = findTestData(dataFile).getValue("guest1", 1): null

2019-09-16 18:07:47 - [TEST_STEP][PASSED] - guest2 = findTestData(dataFile).getValue("guest2", 1): null

2019-09-16 18:07:47 - [TEST_STEP][PASSED] - verifyGuestCount = findTestData(dataFile).getValue("verifyGuestCount", 1): null

2019-09-16 18:07:47 - [TEST_STEP][PASSED] - RSTestEnvt = findTestData("envtData").getValue("RSTestEnvt", 1): null

2019-09-16 18:07:47 - [TEST_STEP][PASSED] - openBrowser(""): Browser is opened with url: ''

2019-09-16 18:07:47 - [MESSAGE][INFO] - Starting 'Chrome' driver

2019-09-16 18:07:47 - [MESSAGE][INFO] - User set preference: ['args', '[--use-fake-ui-for-media-stream, --start-maximized]']

2019-09-16 18:07:47 - [MESSAGE][INFO] - Action delay is set to 0 seconds

2019-09-16 18:07:50 - [MESSAGE][PASSED] - Browser is opened with url: ''

2019-09-16 18:07:50 - [TEST_STEP][PASSED] - maximizeWindow(): Current window maximized

2019-09-16 18:07:51 - [MESSAGE][PASSED] - Current window maximized

2019-09-16 18:07:51 - [TEST_STEP][PASSED] - callTestCase(findTestCase("TestCaseUtilities/backOfficeLogin"), ["BOURL":"", "BOuser":"", "BOpass":""], CONTINUE_ON_FAILURE): Call Test Case 'Test Cases/TestCaseUtilities/backOfficeLogin' successfully

2019-09-16 18:07:51 - [TEST_CASE][PASSED] - Test Cases/TestCaseUtilities/backOfficeLogin: Test Cases/TestCaseUtilities/backOfficeLogin

2019-09-16 18:07:51 - [TEST_STEP][PASSED] - BOURL = findTestData("envtData").getValue("BOURL", 1): null

2019-09-16 18:07:52 - [TEST_STEP][PASSED] - BOuser = findTestData("credData").getValue("BOuser", 1): null

2019-09-16 18:07:52 - [TEST_STEP][PASSED] - BOpass = findTestData("credData").getValue("BOpass", 1): null

2019-09-16 18:07:52 - [TEST_STEP][PASSED] - openBrowser(""): Browser is opened with url: ''

2019-09-16 18:07:52 - [MESSAGE][WARNING] - A browser is already opened. Closing browser and opening a new one

2019-09-16 18:07:52 - [MESSAGE][INFO] - Starting 'Chrome' driver

2019-09-16 18:07:52 - [MESSAGE][INFO] - User set preference: ['args', '[--use-fake-ui-for-media-stream, --start-maximized]']

2019-09-16 18:07:55 - [MESSAGE][PASSED] - Browser is opened with url: ''

2019-09-16 18:07:55 - [TEST_STEP][PASSED] - navigateToUrl(BOURL): Navigate to 'https://test18.cliotest.com/backoffice/control/main' successfully

2019-09-16 18:08:11 - [MESSAGE][PASSED] - Navigate to 'https://test18.cliotest.com/backoffice/control/main' successfully

2019-09-16 18:08:11 - [TEST_STEP][PASSED] - logOut = findWebElements(findTestObject("Object Repository/Page_cabi Home/log_out"), 1): Unable to find the element located by 'By.xpath: //a[contains(text(),'Log Out')]'. Please recheck the objects properties to make sure the desired element is located. 

2019-09-16 18:08:12 - [MESSAGE][INFO] - Unable to find the element located by 'By.xpath: //a[contains(text(),'Log Out')]'. Please recheck the objects properties to make sure the desired element is located. 

2019-09-16 18:08:12 - [TEST_STEP][PASSED] - if (logOut.size() == 0): Object: 'Object Repository/Page_cabi/input_Welcome to_consultantLogin' is clicked on

2019-09-16 18:08:12 - [TEST_STEP][PASSED] - setText(findTestObject("Page_cabi/input_Welcome to_USERNAME"), BOuser): Text '400000002' is set on object 'Object Repository/Page_cabi/input_Welcome to_USERNAME'

2019-09-16 18:08:13 - [MESSAGE][PASSED] - Text '400000002' is set on object 'Object Repository/Page_cabi/input_Welcome to_USERNAME'

2019-09-16 18:08:13 - [TEST_STEP][PASSED] - setText(findTestObject("Object Repository/Page_cabi/input_Welcome to_PASSWORD"), BOpass): Text 'blackdress19' is set on object 'Object Repository/Page_cabi/input_Welcome to_PASSWORD'

2019-09-16 18:08:13 - [MESSAGE][PASSED] - Text 'blackdress19' is set on object 'Object Repository/Page_cabi/input_Welcome to_PASSWORD'

2019-09-16 18:08:13 - [TEST_STEP][PASSED] - click(findTestObject("Object Repository/Page_cabi/input_Welcome to_consultantLogin")): Object: 'Object Repository/Page_cabi/input_Welcome to_consultantLogin' is clicked on

2019-09-16 18:08:24 - [MESSAGE][PASSED] - Object: 'Object Repository/Page_cabi/input_Welcome to_consultantLogin' is clicked on

2019-09-16 18:08:24 - [TEST_STEP][PASSED] - delay(3): Delayed 3 second(s)

2019-09-16 18:08:27 - [MESSAGE][PASSED] - Delayed 3 second(s)

2019-09-16 18:08:27 - [MESSAGE][PASSED] - Call Test Case 'Test Cases/TestCaseUtilities/backOfficeLogin' successfully

2019-09-16 18:08:27 - [TEST_STEP][PASSED] - verifyElementText(findTestObject("Object Repository/virualShowRSVPOR/Page_cabi/span_username"), stylist): Actual text and expected text of test object 'Object Repository/virualShowRSVPOR/Page_cabi/span_username' are matched.

2019-09-16 18:08:27 - [MESSAGE][PASSED] - Actual text and expected text of test object 'Object Repository/virualShowRSVPOR/Page_cabi/span_username' are matched.

2019-09-16 18:08:27 - [TEST_STEP][PASSED] - click(findTestObject("Object Repository/virualShowRSVPOR/Page_cabi Home/a_shows _orders")): Object: 'Object Repository/virualShowRSVPOR/Page_cabi Home/a_shows _orders' is clicked on

2019-09-16 18:08:27 - [MESSAGE][PASSED] - Object: 'Object Repository/virualShowRSVPOR/Page_cabi Home/a_shows _orders' is clicked on

2019-09-16 18:08:27 - [TEST_STEP][PASSED] - click(findTestObject("Object Repository/virualShowRSVPOR/Page_cabi Home/a_Create_A_Show")): Object: 'Object Repository/virualShowRSVPOR/Page_cabi Home/a_Create_A_Show' is clicked on

2019-09-16 18:08:30 - [MESSAGE][PASSED] - Object: 'Object Repository/virualShowRSVPOR/Page_cabi Home/a_Create_A_Show' is clicked on

2019-09-16 18:08:30 - [TEST_STEP][PASSED] - setText(findTestObject("Object Repository/virualShowRSVPOR/Page_cabi Create Show - Set Hostess/input_Hostess"), hostess): Text 'ahostess-test abc' is set on object 'Object Repository/virualShowRSVPOR/Page_cabi Create Show - Set Hostess/input_Hostess'

2019-09-16 18:08:30 - [MESSAGE][PASSED] - Text 'ahostess-test abc' is set on object 'Object Repository/virualShowRSVPOR/Page_cabi Create Show - Set Hostess/input_Hostess'

2019-09-16 18:08:30 - [TEST_STEP][PASSED] - delay(2): Delayed 2 second(s)

2019-09-16 18:08:32 - [MESSAGE][PASSED] - Delayed 2 second(s)

2019-09-16 18:08:32 - [TEST_STEP][PASSED] - sendKeys(findTestObject("Object Repository/virualShowRSVPOR/Page_cabi Create Show - Set Hostess/input_Hostess"), Keys.chord(ARROW_DOWN)): Keys 'DOWN + ' sent to object: 'Object Repository/virualShowRSVPOR/Page_cabi Create Show - Set Hostess/input_Hostess'

2019-09-16 18:08:32 - [MESSAGE][PASSED] - Keys 'DOWN + ' sent to object: 'Object Repository/virualShowRSVPOR/Page_cabi Create Show - Set Hostess/input_Hostess'

2019-09-16 18:08:32 - [TEST_STEP][PASSED] - sendKeys(findTestObject("Object Repository/virualShowRSVPOR/Page_cabi Create Show - Set Hostess/input_Hostess"), Keys.chord(ENTER)): Keys 'ENTER + ' sent to object: 'Object Repository/virualShowRSVPOR/Page_cabi Create Show - Set Hostess/input_Hostess'

2019-09-16 18:08:33 - [MESSAGE][PASSED] - Keys 'ENTER + ' sent to object: 'Object Repository/virualShowRSVPOR/Page_cabi Create Show - Set Hostess/input_Hostess'

2019-09-16 18:08:33 - [TEST_STEP][PASSED] - delay(2): Delayed 2 second(s)

2019-09-16 18:08:35 - [MESSAGE][PASSED] - Delayed 2 second(s)

2019-09-16 18:08:35 - [TEST_STEP][PASSED] - validateHostessAddressMsg = findWebElements(findTestObject("Object Repository/virualShowRSVPOR/Page_cabi Create Show - Set Hostess/validate_address_msg"), 5): null

2019-09-16 18:08:35 - [TEST_STEP][PASSED] - println(validateHostessAddressMsg.size()): null

2019-09-16 18:08:35 - [TEST_STEP][PASSED] - if (validateHostessAddressMsg.isEmpty()): null

2019-09-16 18:08:35 - [TEST_STEP][PASSED] - selectOptionByValue(findTestObject("Object Repository/virualShowRSVPOR/Page_cabi Create Show - Set Hostess/select_Choose_From_Contacts_Co-Hostess"), "3", true): All options with value '3' are selected in object 'Object Repository/virualShowRSVPOR/Page_cabi Create Show - Set Hostess/select_Choose_From_Contacts_Co-Hostess'  using regular expression

2019-09-16 18:08:35 - [MESSAGE][PASSED] - All options with value '3' are selected in object 'Object Repository/virualShowRSVPOR/Page_cabi Create Show - Set Hostess/select_Choose_From_Contacts_Co-Hostess'  using regular expression

2019-09-16 18:08:35 - [TEST_STEP][PASSED] - setText(findTestObject("Object Repository/virualShowRSVPOR/Page_cabi Create Show - Set Hostess/input_Cohostess"), cohostess): Text 'bcohost-test abc' is set on object 'Object Repository/virualShowRSVPOR/Page_cabi Create Show - Set Hostess/input_Cohostess'

2019-09-16 18:08:35 - [MESSAGE][PASSED] - Text 'bcohost-test abc' is set on object 'Object Repository/virualShowRSVPOR/Page_cabi Create Show - Set Hostess/input_Cohostess'

2019-09-16 18:08:35 - [TEST_STEP][PASSED] - delay(2): Delayed 2 second(s)

2019-09-16 18:08:37 - [MESSAGE][PASSED] - Delayed 2 second(s)

2019-09-16 18:08:37 - [TEST_STEP][PASSED] - sendKeys(findTestObject("Object Repository/virualShowRSVPOR/Page_cabi Create Show - Set Hostess/input_Cohostess"), Keys.chord(ARROW_DOWN)): Keys 'DOWN + ' sent to object: 'Object Repository/virualShowRSVPOR/Page_cabi Create Show - Set Hostess/input_Cohostess'

2019-09-16 18:08:37 - [MESSAGE][PASSED] - Keys 'DOWN + ' sent to object: 'Object Repository/virualShowRSVPOR/Page_cabi Create Show - Set Hostess/input_Cohostess'

2019-09-16 18:08:37 - [TEST_STEP][PASSED] - sendKeys(findTestObject("Object Repository/virualShowRSVPOR/Page_cabi Create Show - Set Hostess/input_Cohostess"), Keys.chord(ENTER)): Keys 'ENTER + ' sent to object: 'Object Repository/virualShowRSVPOR/Page_cabi Create Show - Set Hostess/input_Cohostess'

2019-09-16 18:08:37 - [MESSAGE][PASSED] - Keys 'ENTER + ' sent to object: 'Object Repository/virualShowRSVPOR/Page_cabi Create Show - Set Hostess/input_Cohostess'

2019-09-16 18:08:37 - [TEST_STEP][PASSED] - delay(3): Delayed 3 second(s)

2019-09-16 18:08:40 - [MESSAGE][PASSED] - Delayed 3 second(s)

2019-09-16 18:08:40 - [TEST_STEP][PASSED] - validateHostessAddressMsg = findWebElements(findTestObject("Object Repository/virualShowRSVPOR/Page_cabi Create Show - Set Hostess/validate_address_msg"), 5): null

2019-09-16 18:08:40 - [TEST_STEP][PASSED] - if (validateHostessAddressMsg.size() != 4): null

2019-09-16 18:08:40 - [TEST_STEP][PASSED] - click(findTestObject("Object Repository/virualShowRSVPOR/Page_cabi Create Show - Set Hostess/input_next")): Object: 'Object Repository/virualShowRSVPOR/Page_cabi Create Show - Set Hostess/input_next' is clicked on

2019-09-16 18:08:43 - [MESSAGE][PASSED] - Object: 'Object Repository/virualShowRSVPOR/Page_cabi Create Show - Set Hostess/input_next' is clicked on

2019-09-16 18:08:43 - [TEST_STEP][PASSED] - click(findTestObject("Object Repository/virualShowRSVPOR/Page_cabi Create Show - Time and Place/check_Virtual_Show")): Object: 'Object Repository/virualShowRSVPOR/Page_cabi Create Show - Time and Place/check_Virtual_Show' is clicked on

2019-09-16 18:08:43 - [MESSAGE][PASSED] - Object: 'Object Repository/virualShowRSVPOR/Page_cabi Create Show - Time and Place/check_Virtual_Show' is clicked on

2019-09-16 18:08:43 - [TEST_STEP][PASSED] - click(findTestObject("Object Repository/virualShowRSVPOR/Page_cabi Create Show - Time and Place/input_Show_Date_Time")): Object: 'Object Repository/virualShowRSVPOR/Page_cabi Create Show - Time and Place/input_Show_Date_Time' is clicked on

2019-09-16 18:08:43 - [MESSAGE][PASSED] - Object: 'Object Repository/virualShowRSVPOR/Page_cabi Create Show - Time and Place/input_Show_Date_Time' is clicked on

2019-09-16 18:08:43 - [TEST_STEP][PASSED] - year = findTestData("virtualShowData").getValue("vsyear", 1): null

2019-09-16 18:08:43 - [TEST_STEP][PASSED] - month = findTestData("virtualShowData").getValue("vsmonth", 1): null

2019-09-16 18:08:43 - [TEST_STEP][PASSED] - day = findTestData("virtualShowData").getValue("vsday", 1): null

2019-09-16 18:08:43 - [TEST_STEP][PASSED] - pastdate = findTestData("virtualShowData").getValue("pastdate", 1): null

2019-09-16 18:08:43 - [TEST_STEP][PASSED] - xpath = UtilityMethods.concat("//td[@data-month='" + month - 1 + "' and @data-year='" + year + "']/a[contains(text(), '" + day + "')]"): null

2019-09-16 18:08:43 - [TEST_STEP][PASSED] - dateObj = new com.kms.katalon.core.testobject.TestObject(td_month_year_day): null

2019-09-16 18:08:43 - [TEST_STEP][PASSED] - dateObj.addProperty("xpath", EQUALS, xpath): null

2019-09-16 18:08:43 - [TEST_STEP][PASSED] - monthBound = 12: null

2019-09-16 18:08:43 - [TEST_STEP][PASSED] - dateObjList = findWebElements(dateObj, 5): null

2019-09-16 18:08:43 - [TEST_STEP][PASSED] - while (dateObjList.size() == 0 && monthBound > 0): null

2019-09-16 18:08:43 - [TEST_STEP][PASSED] - click(dateObj): Object: 'td_month_year_day' is clicked on

2019-09-16 18:08:43 - [MESSAGE][PASSED] - Object: 'td_month_year_day' is clicked on

2019-09-16 18:08:43 - [TEST_STEP][PASSED] - click(findTestObject("Object Repository/virualShowRSVPOR/Page_cabi Create Show - Time and Place/a_select_End_Time")): Object: 'Object Repository/virualShowRSVPOR/Page_cabi Create Show - Time and Place/a_select_End_Time' is clicked on

2019-09-16 18:08:43 - [MESSAGE][PASSED] - Object: 'Object Repository/virualShowRSVPOR/Page_cabi Create Show - Time and Place/a_select_End_Time' is clicked on

2019-09-16 18:08:43 - [TEST_STEP][PASSED] - click(findTestObject("Object Repository/virualShowRSVPOR/Page_cabi Create Show - Time and Place/input_next")): Object: 'Object Repository/virualShowRSVPOR/Page_cabi Create Show - Time and Place/input_next' is clicked on

2019-09-16 18:08:44 - [MESSAGE][PASSED] - Object: 'Object Repository/virualShowRSVPOR/Page_cabi Create Show - Time and Place/input_next' is clicked on

2019-09-16 18:08:44 - [TEST_STEP][PASSED] - delay(5): Delayed 5 second(s)

2019-09-16 18:08:49 - [MESSAGE][PASSED] - Delayed 5 second(s)

2019-09-16 18:08:49 - [TEST_STEP][PASSED] - click(findTestObject("Object Repository/virualShowRSVPOR/Page_cabi Create Show - Invite Hostess/input_Skip_Invite")): Object: 'Object Repository/virualShowRSVPOR/Page_cabi Create Show - Invite Hostess/input_Skip_Invite' is clicked on

2019-09-16 18:08:55 - [MESSAGE][PASSED] - Object: 'Object Repository/virualShowRSVPOR/Page_cabi Create Show - Invite Hostess/input_Skip_Invite' is clicked on

2019-09-16 18:08:55 - [TEST_STEP][PASSED] - setText(findTestObject("Object Repository/virualShowRSVPOR/Page_cabi Edit Show - Add Guests/contact_search_box"), guest1): Text 'guest1-test abc' is set on object 'Object Repository/virualShowRSVPOR/Page_cabi Edit Show - Add Guests/contact_search_box'

2019-09-16 18:08:55 - [MESSAGE][PASSED] - Text 'guest1-test abc' is set on object 'Object Repository/virualShowRSVPOR/Page_cabi Edit Show - Add Guests/contact_search_box'

2019-09-16 18:08:55 - [TEST_STEP][PASSED] - delay(2): Delayed 2 second(s)

2019-09-16 18:08:57 - [MESSAGE][PASSED] - Delayed 2 second(s)

2019-09-16 18:08:57 - [TEST_STEP][PASSED] - sendKeys(findTestObject("Object Repository/virualShowRSVPOR/Page_cabi Edit Show - Add Guests/contact_search_box"), Keys.chord(ARROW_DOWN)): Keys 'DOWN + ' sent to object: 'Object Repository/virualShowRSVPOR/Page_cabi Edit Show - Add Guests/contact_search_box'

2019-09-16 18:08:57 - [MESSAGE][PASSED] - Keys 'DOWN + ' sent to object: 'Object Repository/virualShowRSVPOR/Page_cabi Edit Show - Add Guests/contact_search_box'

2019-09-16 18:08:57 - [TEST_STEP][PASSED] - sendKeys(findTestObject("Object Repository/virualShowRSVPOR/Page_cabi Edit Show - Add Guests/contact_search_box"), Keys.chord(ENTER)): Keys 'ENTER + ' sent to object: 'Object Repository/virualShowRSVPOR/Page_cabi Edit Show - Add Guests/contact_search_box'

2019-09-16 18:08:58 - [MESSAGE][PASSED] - Keys 'ENTER + ' sent to object: 'Object Repository/virualShowRSVPOR/Page_cabi Edit Show - Add Guests/contact_search_box'

2019-09-16 18:08:58 - [TEST_STEP][PASSED] - delay(2): Delayed 2 second(s)

2019-09-16 18:09:00 - [MESSAGE][PASSED] - Delayed 2 second(s)

2019-09-16 18:09:00 - [TEST_STEP][PASSED] - click(findTestObject("Object Repository/virualShowRSVPOR/Page_cabi Edit Show - Add Guests/a_add_guest")): Object: 'Object Repository/virualShowRSVPOR/Page_cabi Edit Show - Add Guests/a_add_guest' is clicked on

2019-09-16 18:09:01 - [MESSAGE][PASSED] - Object: 'Object Repository/virualShowRSVPOR/Page_cabi Edit Show - Add Guests/a_add_guest' is clicked on

2019-09-16 18:09:01 - [TEST_STEP][PASSED] - delay(5): Delayed 5 second(s)

2019-09-16 18:09:06 - [MESSAGE][PASSED] - Delayed 5 second(s)

2019-09-16 18:09:06 - [TEST_STEP][PASSED] - setText(findTestObject("Object Repository/virualShowRSVPOR/Page_cabi Edit Show - Add Guests/contact_search_box"), guest2): Text 'guest2-test abc' is set on object 'Object Repository/virualShowRSVPOR/Page_cabi Edit Show - Add Guests/contact_search_box'

2019-09-16 18:09:06 - [MESSAGE][PASSED] - Text 'guest2-test abc' is set on object 'Object Repository/virualShowRSVPOR/Page_cabi Edit Show - Add Guests/contact_search_box'

2019-09-16 18:09:06 - [TEST_STEP][PASSED] - delay(2): Delayed 2 second(s)

2019-09-16 18:09:08 - [MESSAGE][PASSED] - Delayed 2 second(s)

2019-09-16 18:09:08 - [TEST_STEP][PASSED] - sendKeys(findTestObject("Object Repository/virualShowRSVPOR/Page_cabi Edit Show - Add Guests/contact_search_box"), Keys.chord(ARROW_DOWN)): Keys 'DOWN + ' sent to object: 'Object Repository/virualShowRSVPOR/Page_cabi Edit Show - Add Guests/contact_search_box'

2019-09-16 18:09:08 - [MESSAGE][PASSED] - Keys 'DOWN + ' sent to object: 'Object Repository/virualShowRSVPOR/Page_cabi Edit Show - Add Guests/contact_search_box'

2019-09-16 18:09:08 - [TEST_STEP][PASSED] - sendKeys(findTestObject("Object Repository/virualShowRSVPOR/Page_cabi Edit Show - Add Guests/contact_search_box"), Keys.chord(ENTER)): Keys 'ENTER + ' sent to object: 'Object Repository/virualShowRSVPOR/Page_cabi Edit Show - Add Guests/contact_search_box'

2019-09-16 18:09:08 - [MESSAGE][PASSED] - Keys 'ENTER + ' sent to object: 'Object Repository/virualShowRSVPOR/Page_cabi Edit Show - Add Guests/contact_search_box'

2019-09-16 18:09:08 - [TEST_STEP][PASSED] - delay(2): Delayed 2 second(s)

2019-09-16 18:09:10 - [MESSAGE][PASSED] - Delayed 2 second(s)

2019-09-16 18:09:10 - [TEST_STEP][PASSED] - click(findTestObject("Object Repository/virualShowRSVPOR/Page_cabi Edit Show - Add Guests/a_add_guest")): Object: 'Object Repository/virualShowRSVPOR/Page_cabi Edit Show - Add Guests/a_add_guest' is clicked on

2019-09-16 18:09:11 - [MESSAGE][PASSED] - Object: 'Object Repository/virualShowRSVPOR/Page_cabi Edit Show - Add Guests/a_add_guest' is clicked on

2019-09-16 18:09:11 - [TEST_STEP][PASSED] - delay(2): Delayed 2 second(s)

2019-09-16 18:09:13 - [MESSAGE][PASSED] - Delayed 2 second(s)

2019-09-16 18:09:13 - [TEST_STEP][PASSED] - verifyHostess = UtilityMethods.splitPersonName(hostess): null

2019-09-16 18:09:13 - [TEST_STEP][PASSED] - verifyCohostess = UtilityMethods.splitPersonName(cohostess): null

2019-09-16 18:09:13 - [TEST_STEP][PASSED] - verifyGuest1 = UtilityMethods.splitPersonName(guest1): null

2019-09-16 18:09:13 - [TEST_STEP][PASSED] - verifyGuest2 = UtilityMethods.splitPersonName(guest2): null

2019-09-16 18:09:13 - [TEST_STEP][PASSED] - verifyElementText(findTestObject("Object Repository/virualShowRSVPOR/Page_cabi Edit Show - Add Guests/span_hostess_name"), UtilityMethods.concat(verifyHostess[1], ", ", verifyHostess[0])): Actual text and expected text of test object 'Object Repository/virualShowRSVPOR/Page_cabi Edit Show - Add Guests/span_hostess_name' are matched.

2019-09-16 18:09:13 - [MESSAGE][PASSED] - Actual text and expected text of test object 'Object Repository/virualShowRSVPOR/Page_cabi Edit Show - Add Guests/span_hostess_name' are matched.

2019-09-16 18:09:13 - [TEST_STEP][PASSED] - verifyElementText(findTestObject("Object Repository/virualShowRSVPOR/Page_cabi Edit Show - Add Guests/span_cohostess_name"), UtilityMethods.concat(verifyCohostess[1], ", ", verifyCohostess[0])): Actual text and expected text of test object 'Object Repository/virualShowRSVPOR/Page_cabi Edit Show - Add Guests/span_cohostess_name' are matched.

2019-09-16 18:09:13 - [MESSAGE][PASSED] - Actual text and expected text of test object 'Object Repository/virualShowRSVPOR/Page_cabi Edit Show - Add Guests/span_cohostess_name' are matched.

2019-09-16 18:09:13 - [TEST_STEP][PASSED] - listElement = findWebElements(findTestObject("Object Repository/virualShowRSVPOR/Page_cabi Edit Show - Add Guests/span_guest_name_list"), 5): null

2019-09-16 18:09:13 - [TEST_STEP][PASSED] - guestCount = Integer.parseInt(verifyGuestCount): null

2019-09-16 18:09:13 - [TEST_STEP][PASSED] - assert listElement.size() == guestCount: null

2019-09-16 18:09:13 - [TEST_STEP][PASSED] - flag = false: null

2019-09-16 18:09:13 - [TEST_STEP][PASSED] - for ([i = 0, i < guestCount, (i++)]): null

2019-09-16 18:09:13 - [TEST_STEP][PASSED] - flag = false: null

2019-09-16 18:09:13 - [TEST_STEP][PASSED] - if (getText().equals(UtilityMethods.concat(verifyGuest1[1], ", ", verifyGuest1[0]))): null

2019-09-16 18:09:13 - [TEST_STEP][PASSED] - flag = true: null

2019-09-16 18:09:13 - [TEST_STEP][PASSED] - if (getText().equals(UtilityMethods.concat(verifyGuest2[1], ", ", verifyGuest2[0]))): null

2019-09-16 18:09:13 - [TEST_STEP][PASSED] - flag = false: null

2019-09-16 18:09:13 - [TEST_STEP][PASSED] - if (getText().equals(UtilityMethods.concat(verifyGuest1[1], ", ", verifyGuest1[0]))): null

2019-09-16 18:09:13 - [TEST_STEP][PASSED] - if (getText().equals(UtilityMethods.concat(verifyGuest2[1], ", ", verifyGuest2[0]))): null

2019-09-16 18:09:13 - [TEST_STEP][PASSED] - flag = true: null

2019-09-16 18:09:13 - [TEST_STEP][PASSED] - assert flag == true: null

2019-09-16 18:09:13 - [TEST_STEP][PASSED] - click(findTestObject("Object Repository/virualShowRSVPOR/Page_cabi Edit Show - Add Guests/input_Next")): Object: 'Object Repository/virualShowRSVPOR/Page_cabi Edit Show - Add Guests/input_Next' is clicked on

2019-09-16 18:09:21 - [MESSAGE][PASSED] - Object: 'Object Repository/virualShowRSVPOR/Page_cabi Edit Show - Add Guests/input_Next' is clicked on

2019-09-16 18:09:21 - [TEST_STEP][PASSED] - delay(5): Delayed 5 second(s)

2019-09-16 18:09:26 - [MESSAGE][PASSED] - Delayed 5 second(s)

2019-09-16 18:09:26 - [TEST_STEP][PASSED] - click(findTestObject("Object Repository/virualShowRSVPOR/Page_cabi Edit Show - Send Invitations/input_Overview")): Object: 'Object Repository/virualShowRSVPOR/Page_cabi Edit Show - Send Invitations/input_Overview' is clicked on

2019-09-16 18:09:35 - [MESSAGE][PASSED] - Object: 'Object Repository/virualShowRSVPOR/Page_cabi Edit Show - Send Invitations/input_Overview' is clicked on

2019-09-16 18:09:35 - [TEST_STEP][PASSED] - showID = getText(findTestObject("Object Repository/virualShowRSVPOR/Page_cabi Orders/li_Show_ID_Text")): Text of object 'Object Repository/virualShowRSVPOR/Page_cabi Orders/li_Show_ID_Text' is: 'Show #: 104733492'

2019-09-16 18:09:35 - [MESSAGE][PASSED] - Text of object 'Object Repository/virualShowRSVPOR/Page_cabi Orders/li_Show_ID_Text' is: 'Show #: 104733492'

2019-09-16 18:09:35 - [TEST_STEP][PASSED] - rightClick(findTestObject("Object Repository/virualShowRSVPOR/Page_cabi Orders/a_Account")): Object: 'Object Repository/virualShowRSVPOR/Page_cabi Orders/a_Account' is right clicked on

2019-09-16 18:09:40 - [MESSAGE][PASSED] - Object: 'Object Repository/virualShowRSVPOR/Page_cabi Orders/a_Account' is right clicked on

2019-09-16 18:09:40 - [TEST_STEP][PASSED] - click(findTestObject("Object Repository/virualShowRSVPOR/Page_cabi Orders/a_My Profile")): Object: 'Object Repository/virualShowRSVPOR/Page_cabi Orders/a_My Profile' is clicked on

2019-09-16 18:09:48 - [MESSAGE][PASSED] - Object: 'Object Repository/virualShowRSVPOR/Page_cabi Orders/a_My Profile' is clicked on

2019-09-16 18:09:48 - [TEST_STEP][PASSED] - rsName = getText(findTestObject("Object Repository/virualShowRSVPOR/Page_cabi My Profile/span_rsName")): Text of object 'Object Repository/virualShowRSVPOR/Page_cabi My Profile/span_rsName' is: 'MirandaKate'

2019-09-16 18:09:48 - [MESSAGE][PASSED] - Text of object 'Object Repository/virualShowRSVPOR/Page_cabi My Profile/span_rsName' is: 'MirandaKate'

2019-09-16 18:09:48 - [TEST_STEP][PASSED] - micrositeURL = UtilityMethods.createURL(rsName, RSTestEnvt, showID): null

2019-09-16 18:09:49 - [TEST_STEP][PASSED] - println(micrositeURL): null

2019-09-16 18:09:49 - [TEST_STEP][PASSED] - back(): Navigate back successfully

2019-09-16 18:09:50 - [MESSAGE][PASSED] - Navigate back successfully

2019-09-16 18:09:50 - [MESSAGE][PASSED] - Call Test Case 'Test Cases/VirtualShow/createShow' successfully

2019-09-16 18:09:50 - [TEST_STEP][PASSED] - hostessObj = new commonUtility.VSGuest(hostess): null

2019-09-16 18:09:50 - [TEST_STEP][PASSED] - cohostessObj = new commonUtility.VSGuest(cohostess): null

2019-09-16 18:09:50 - [TEST_STEP][PASSED] - guest1Obj = new commonUtility.VSGuest(guest1): null

2019-09-16 18:09:50 - [TEST_STEP][PASSED] - guest2Obj = new commonUtility.VSGuest(guest2): null

2019-09-16 18:09:50 - [TEST_STEP][PASSED] - driver = getWebDriver(): null

2019-09-16 18:09:50 - [TEST_STEP][PASSED] - executor = driver: null

2019-09-16 18:09:50 - [TEST_STEP][PASSED] - currentPage = getUrl(): Current window's url is: 'https://test18.cliotest.com/backoffice/control/ShowOverview?showId=104733492&consultantPartyId=100000042&fromCAM='

2019-09-16 18:09:50 - [MESSAGE][PASSED] - Current window's url is: 'https://test18.cliotest.com/backoffice/control/ShowOverview?showId=104733492&consultantPartyId=100000042&fromCAM='

2019-09-16 18:09:50 - [TEST_STEP][PASSED] - currentTab = getWindowIndex(): Current window's index is: 0

2019-09-16 18:09:50 - [MESSAGE][PASSED] - Current window's index is: 0

2019-09-16 18:09:50 - [TEST_STEP][PASSED] - driver = getWebDriver(): null

2019-09-16 18:09:50 - [TEST_STEP][PASSED] - favorites = 0: null

2019-09-16 18:09:50 - [TEST_STEP][PASSED] - favorites = 0: null

2019-09-16 18:09:50 - [TEST_STEP][PASSED] - favorites = 0: null

2019-09-16 18:09:50 - [TEST_STEP][PASSED] - favorites = 0: null

2019-09-16 18:09:50 - [TEST_STEP][PASSED] - allList.add(hostessObj): null

2019-09-16 18:09:50 - [TEST_STEP][PASSED] - allList.add(cohostessObj): null

2019-09-16 18:09:50 - [TEST_STEP][PASSED] - allList.add(guest1Obj): null

2019-09-16 18:09:50 - [TEST_STEP][PASSED] - allList.add(guest2Obj): null

2019-09-16 18:09:50 - [TEST_STEP][PASSED] - yesList.add(hostessObj): null

2019-09-16 18:09:50 - [TEST_STEP][PASSED] - yesList.add(cohostessObj): null

2019-09-16 18:09:50 - [TEST_STEP][PASSED] - noreplyList.add(guest1Obj): null

2019-09-16 18:09:50 - [TEST_STEP][PASSED] - noreplyList.add(guest2Obj): null

2019-09-16 18:09:50 - [TEST_STEP][PASSED] - click(findTestObject("Object Repository/virualShowRSVPOR/Page_cabi Edit Show - Send Invitations/a_dashboard")): Object: 'Object Repository/virualShowRSVPOR/Page_cabi Edit Show - Send Invitations/a_dashboard' is clicked on

2019-09-16 18:10:06 - [MESSAGE][PASSED] - Object: 'Object Repository/virualShowRSVPOR/Page_cabi Edit Show - Send Invitations/a_dashboard' is clicked on

2019-09-16 18:10:06 - [TEST_STEP][PASSED] - delay(5): Delayed 5 second(s)

2019-09-16 18:10:11 - [MESSAGE][PASSED] - Delayed 5 second(s)

2019-09-16 18:10:11 - [TEST_STEP][PASSED] - switchToFrame(findTestObject("virualShowRSVPOR/dashboard/frame_start_pre_show"), 60): null

2019-09-16 18:10:11 - [TEST_STEP][PASSED] - isShowNotStarted = findWebElements(findTestObject("virualShowRSVPOR/dashboard/button_start_pre_show"), 5): null

2019-09-16 18:10:11 - [TEST_STEP][PASSED] - if (isShowNotStarted.size() > 0): null

2019-09-16 18:10:11 - [TEST_STEP][PASSED] - button_start_pre_show = driver.findElement(By.xpath("//button[contains(text(), 'Start pre-show')]")): null

2019-09-16 18:10:11 - [TEST_STEP][PASSED] - executor.executeScript("arguments[0].click();", button_start_pre_show): null

2019-09-16 18:10:12 - [TEST_STEP][PASSED] - delay(3): Delayed 3 second(s)

2019-09-16 18:10:15 - [MESSAGE][PASSED] - Delayed 3 second(s)

2019-09-16 18:10:15 - [TEST_STEP][PASSED] - button_pre_show_sure = driver.findElement(By.xpath("//button[contains(text(), ' sure')]")): null

2019-09-16 18:10:15 - [TEST_STEP][PASSED] - executor.executeScript("arguments[0].click();", button_pre_show_sure): null

2019-09-16 18:10:15 - [TEST_STEP][PASSED] - delay(5): Delayed 5 second(s)

2019-09-16 18:10:20 - [MESSAGE][PASSED] - Delayed 5 second(s)

2019-09-16 18:10:20 - [TEST_STEP][PASSED] - switchToWindowIndex(currentTab + 1): Switched to window with index: '1'

2019-09-16 18:10:20 - [MESSAGE][PASSED] - Switched to window with index: '1'

2019-09-16 18:10:20 - [TEST_STEP][ERROR] - UtilityMethods.validateGuestsListDashboard(yesList, noList, maybeList, noreplyList, presentList, allList): UtilityMethods.validateGuestsListDashboard(yesList, noList, maybeList, noreplyList, presentList, allList) FAILED.
Reason:
com.kms.katalon.core.webui.exception.WebElementNotFoundException: Web element with id: 'Object Repository/virualShowRSVPOR/dashboard/select_present' located by 'By.xpath: //div[@class='guest-list']/div[@class='guest-list-filter-header']/label[@for='radio-2']' not found
	at com.kms.katalon.core.webui.common.WebUiCommonHelper.findWebElement(WebUiCommonHelper.java:1097)
	at com.kms.katalon.core.webui.common.WebUiCommonHelper$findWebElement$0.call(Unknown Source)
	at commonUtility.VSGuest.validateGuests(VSGuest.groovy:120)
	at commonUtility.VSGuest$validateGuests.call(Unknown Source)
	at commonUtility.UtilityMethods.validateGuestsListDashboard(UtilityMethods.groovy:194)
	at commonUtility.UtilityMethods$validateGuestsListDashboard$1.call(Unknown Source)
	at VS_Automation.run(VS_Automation:151)
	at com.kms.katalon.core.main.ScriptEngine.run(ScriptEngine.java:194)
	at com.kms.katalon.core.main.ScriptEngine.runScriptAsRawText(ScriptEngine.java:119)
	at com.kms.katalon.core.main.TestCaseExecutor.runScript(TestCaseExecutor.java:342)
	at com.kms.katalon.core.main.TestCaseExecutor.doExecute(TestCaseExecutor.java:333)
	at com.kms.katalon.core.main.TestCaseExecutor.processExecutionPhase(TestCaseExecutor.java:312)
	at com.kms.katalon.core.main.TestCaseExecutor.accessMainPhase(TestCaseExecutor.java:304)
	at com.kms.katalon.core.main.TestCaseExecutor.execute(TestCaseExecutor.java:238)
	at com.kms.katalon.core.main.TestSuiteExecutor.accessTestCaseMainPhase(TestSuiteExecutor.java:129)
	at com.kms.katalon.core.main.TestSuiteExecutor.accessTestSuiteMainPhase(TestSuiteExecutor.java:112)
	at com.kms.katalon.core.main.TestSuiteExecutor.execute(TestSuiteExecutor.java:81)
	at com.kms.katalon.core.main.TestCaseMain.startTestSuite(TestCaseMain.java:157)
	at com.kms.katalon.core.main.TestCaseMain$startTestSuite$0.call(Unknown Source)
	at TempTestSuite1568637460676.run(TempTestSuite1568637460676.groovy:35)


2019-09-16 18:10:25 - [MESSAGE][INFO] - Unable to find the element located by 'By.xpath: //div[@class='guest-list']/div[@class='guest-list-filter-header']/label[@for='radio-2']'. Please recheck the objects properties to make sure the desired element is located. 

2019-09-16 18:10:25 - [MESSAGE][ERROR] - UtilityMethods.validateGuestsListDashboard(yesList, noList, maybeList, noreplyList, presentList, allList) FAILED.
Reason:
com.kms.katalon.core.webui.exception.WebElementNotFoundException: Web element with id: 'Object Repository/virualShowRSVPOR/dashboard/select_present' located by 'By.xpath: //div[@class='guest-list']/div[@class='guest-list-filter-header']/label[@for='radio-2']' not found
	at com.kms.katalon.core.webui.common.WebUiCommonHelper.findWebElement(WebUiCommonHelper.java:1097)
	at com.kms.katalon.core.webui.common.WebUiCommonHelper$findWebElement$0.call(Unknown Source)
	at commonUtility.VSGuest.validateGuests(VSGuest.groovy:120)
	at commonUtility.VSGuest$validateGuests.call(Unknown Source)
	at commonUtility.UtilityMethods.validateGuestsListDashboard(UtilityMethods.groovy:194)
	at commonUtility.UtilityMethods$validateGuestsListDashboard$1.call(Unknown Source)
	at VS_Automation.run(VS_Automation:151)
	at com.kms.katalon.core.main.ScriptEngine.run(ScriptEngine.java:194)
	at com.kms.katalon.core.main.ScriptEngine.runScriptAsRawText(ScriptEngine.java:119)
	at com.kms.katalon.core.main.TestCaseExecutor.runScript(TestCaseExecutor.java:342)
	at com.kms.katalon.core.main.TestCaseExecutor.doExecute(TestCaseExecutor.java:333)
	at com.kms.katalon.core.main.TestCaseExecutor.processExecutionPhase(TestCaseExecutor.java:312)
	at com.kms.katalon.core.main.TestCaseExecutor.accessMainPhase(TestCaseExecutor.java:304)
	at com.kms.katalon.core.main.TestCaseExecutor.execute(TestCaseExecutor.java:238)
	at com.kms.katalon.core.main.TestSuiteExecutor.accessTestCaseMainPhase(TestSuiteExecutor.java:129)
	at com.kms.katalon.core.main.TestSuiteExecutor.accessTestSuiteMainPhase(TestSuiteExecutor.java:112)
	at com.kms.katalon.core.main.TestSuiteExecutor.execute(TestSuiteExecutor.java:81)
	at com.kms.katalon.core.main.TestCaseMain.startTestSuite(TestCaseMain.java:157)
	at com.kms.katalon.core.main.TestCaseMain$startTestSuite$0.call(Unknown Source)
	at TempTestSuite1568637460676.run(TempTestSuite1568637460676.groovy:35)]]></system-out>
         <system-err><![CDATA[2019-09-16 18:07:43 - [TEST_CASE][ERROR] - Test Cases/VirtualShow/VS_Automation: Test Cases/VirtualShow/VS_Automation FAILED.
Reason:
com.kms.katalon.core.webui.exception.WebElementNotFoundException: Web element with id: 'Object Repository/virualShowRSVPOR/dashboard/select_present' located by 'By.xpath: //div[@class='guest-list']/div[@class='guest-list-filter-header']/label[@for='radio-2']' not found
	at com.kms.katalon.core.webui.common.WebUiCommonHelper.findWebElement(WebUiCommonHelper.java:1097)
	at com.kms.katalon.core.webui.common.WebUiCommonHelper$findWebElement$0.call(Unknown Source)
	at commonUtility.VSGuest.validateGuests(VSGuest.groovy:120)
	at commonUtility.VSGuest$validateGuests.call(Unknown Source)
	at commonUtility.UtilityMethods.validateGuestsListDashboard(UtilityMethods.groovy:194)
	at commonUtility.UtilityMethods$validateGuestsListDashboard$1.call(Unknown Source)
	at VS_Automation.run(VS_Automation:151)
	at com.kms.katalon.core.main.ScriptEngine.run(ScriptEngine.java:194)
	at com.kms.katalon.core.main.ScriptEngine.runScriptAsRawText(ScriptEngine.java:119)
	at com.kms.katalon.core.main.TestCaseExecutor.runScript(TestCaseExecutor.java:342)
	at com.kms.katalon.core.main.TestCaseExecutor.doExecute(TestCaseExecutor.java:333)
	at com.kms.katalon.core.main.TestCaseExecutor.processExecutionPhase(TestCaseExecutor.java:312)
	at com.kms.katalon.core.main.TestCaseExecutor.accessMainPhase(TestCaseExecutor.java:304)
	at com.kms.katalon.core.main.TestCaseExecutor.execute(TestCaseExecutor.java:238)
	at com.kms.katalon.core.main.TestSuiteExecutor.accessTestCaseMainPhase(TestSuiteExecutor.java:129)
	at com.kms.katalon.core.main.TestSuiteExecutor.accessTestSuiteMainPhase(TestSuiteExecutor.java:112)
	at com.kms.katalon.core.main.TestSuiteExecutor.execute(TestSuiteExecutor.java:81)
	at com.kms.katalon.core.main.TestCaseMain.startTestSuite(TestCaseMain.java:157)
	at com.kms.katalon.core.main.TestCaseMain$startTestSuite$0.call(Unknown Source)
	at TempTestSuite1568637460676.run(TempTestSuite1568637460676.groovy:35)]]></system-err>
      </testcase>
      <system-out><![CDATA[2019-09-16 18:07:43 - [TEST_SUITE][ERROR] - DashboardSuite: Test Cases/VirtualShow/VS_Automation FAILED.
Reason:
com.kms.katalon.core.webui.exception.WebElementNotFoundException: Web element with id: 'Object Repository/virualShowRSVPOR/dashboard/select_present' located by 'By.xpath: //div[@class='guest-list']/div[@class='guest-list-filter-header']/label[@for='radio-2']' not found
	at com.kms.katalon.core.webui.common.WebUiCommonHelper.findWebElement(WebUiCommonHelper.java:1097)
	at com.kms.katalon.core.webui.common.WebUiCommonHelper$findWebElement$0.call(Unknown Source)
	at commonUtility.VSGuest.validateGuests(VSGuest.groovy:120)
	at commonUtility.VSGuest$validateGuests.call(Unknown Source)
	at commonUtility.UtilityMethods.validateGuestsListDashboard(UtilityMethods.groovy:194)
	at commonUtility.UtilityMethods$validateGuestsListDashboard$1.call(Unknown Source)
	at VS_Automation.run(VS_Automation:151)
	at com.kms.katalon.core.main.ScriptEngine.run(ScriptEngine.java:194)
	at com.kms.katalon.core.main.ScriptEngine.runScriptAsRawText(ScriptEngine.java:119)
	at com.kms.katalon.core.main.TestCaseExecutor.runScript(TestCaseExecutor.java:342)
	at com.kms.katalon.core.main.TestCaseExecutor.doExecute(TestCaseExecutor.java:333)
	at com.kms.katalon.core.main.TestCaseExecutor.processExecutionPhase(TestCaseExecutor.java:312)
	at com.kms.katalon.core.main.TestCaseExecutor.accessMainPhase(TestCaseExecutor.java:304)
	at com.kms.katalon.core.main.TestCaseExecutor.execute(TestCaseExecutor.java:238)
	at com.kms.katalon.core.main.TestSuiteExecutor.accessTestCaseMainPhase(TestSuiteExecutor.java:129)
	at com.kms.katalon.core.main.TestSuiteExecutor.accessTestSuiteMainPhase(TestSuiteExecutor.java:112)
	at com.kms.katalon.core.main.TestSuiteExecutor.execute(TestSuiteExecutor.java:81)
	at com.kms.katalon.core.main.TestCaseMain.startTestSuite(TestCaseMain.java:157)
	at com.kms.katalon.core.main.TestCaseMain$startTestSuite$0.call(Unknown Source)
	at TempTestSuite1568637460676.run(TempTestSuite1568637460676.groovy:35)]]></system-out>
      <system-err><![CDATA[2019-09-16 18:07:43 - [TEST_SUITE][ERROR] - DashboardSuite: Test Cases/VirtualShow/VS_Automation FAILED.
Reason:
com.kms.katalon.core.webui.exception.WebElementNotFoundException: Web element with id: 'Object Repository/virualShowRSVPOR/dashboard/select_present' located by 'By.xpath: //div[@class='guest-list']/div[@class='guest-list-filter-header']/label[@for='radio-2']' not found
	at com.kms.katalon.core.webui.common.WebUiCommonHelper.findWebElement(WebUiCommonHelper.java:1097)
	at com.kms.katalon.core.webui.common.WebUiCommonHelper$findWebElement$0.call(Unknown Source)
	at commonUtility.VSGuest.validateGuests(VSGuest.groovy:120)
	at commonUtility.VSGuest$validateGuests.call(Unknown Source)
	at commonUtility.UtilityMethods.validateGuestsListDashboard(UtilityMethods.groovy:194)
	at commonUtility.UtilityMethods$validateGuestsListDashboard$1.call(Unknown Source)
	at VS_Automation.run(VS_Automation:151)
	at com.kms.katalon.core.main.ScriptEngine.run(ScriptEngine.java:194)
	at com.kms.katalon.core.main.ScriptEngine.runScriptAsRawText(ScriptEngine.java:119)
	at com.kms.katalon.core.main.TestCaseExecutor.runScript(TestCaseExecutor.java:342)
	at com.kms.katalon.core.main.TestCaseExecutor.doExecute(TestCaseExecutor.java:333)
	at com.kms.katalon.core.main.TestCaseExecutor.processExecutionPhase(TestCaseExecutor.java:312)
	at com.kms.katalon.core.main.TestCaseExecutor.accessMainPhase(TestCaseExecutor.java:304)
	at com.kms.katalon.core.main.TestCaseExecutor.execute(TestCaseExecutor.java:238)
	at com.kms.katalon.core.main.TestSuiteExecutor.accessTestCaseMainPhase(TestSuiteExecutor.java:129)
	at com.kms.katalon.core.main.TestSuiteExecutor.accessTestSuiteMainPhase(TestSuiteExecutor.java:112)
	at com.kms.katalon.core.main.TestSuiteExecutor.execute(TestSuiteExecutor.java:81)
	at com.kms.katalon.core.main.TestCaseMain.startTestSuite(TestCaseMain.java:157)
	at com.kms.katalon.core.main.TestCaseMain$startTestSuite$0.call(Unknown Source)
	at TempTestSuite1568637460676.run(TempTestSuite1568637460676.groovy:35)]]></system-err>
   </testsuite>
</testsuites>
