<?xml version="1.0" encoding="UTF-8"?>
<testsuites name="DashboardSuite" time="639" tests="0" failures="0" errors="1">
   <testsuite name="DashboardSuite" tests="0" failures="0" errors="1" time="639" timestamp="2019-09-17 12:16:03" hostname="user - 10.0.102.168" id="Test Suites/VirtualShowSuites/DashboardSuite">
      <properties>
         <property name="deviceName" value=""/>
         <property name="devicePlatform" value=""/>
         <property name="logFolder" value="C:\\Users\\user\\Documents\\testautomation\\KatalonProjects\\Reports\\VirtualShowSuites\\DashboardSuite\\20190917_121550"/>
         <property name="logFiles" value="C:\\Users\\user\\Documents\\testautomation\\KatalonProjects\\Reports\\VirtualShowSuites\\DashboardSuite\\20190917_121550\\execution0.log"/>
         <property name="attachments" value=""/>
         <property name="hostName" value="user - 10.0.102.168"/>
         <property name="os" value="Windows 8.1 64bit"/>
         <property name="katalonVersion" value="6.1.1.1"/>
         <property name="browser" value="Chrome 76.0.3809.132"/>
         <property name="hostAddress" value="10.0.102.168"/>
         <property name="sessionId" value="34976d14d3356ea3a930e712b752d557"/>
         <property name="seleniumVersion" value="3.7.1"/>
         <property name="proxyInformation" value="ProxyInformation{proxyOption=NO_PROXY, proxyServerType=HTTP, password=, proxyServerAddress=, proxyServerPort=0}"/>
         <property name="platform" value="Windows 8.1"/>
      </properties>
      <testcase name="Test Cases/VirtualShow/VS_Automation" classname="Test Cases/VirtualShow/VS_Automation" status="ERROR">
         <error type="ERROR" message="Test Cases/VirtualShow/VS_Automation FAILED.
Reason:
com.kms.katalon.core.webui.exception.WebElementNotFoundException: Web element with id: 'Object Repository/ReplicatedSite/button_add_another_card' located by 'By.xpath: //button[contains(text(), 'Add another Card')]' not found
	at com.kms.katalon.core.webui.common.WebUiCommonHelper.findWebElement(WebUiCommonHelper.java:1097)
	at com.kms.katalon.core.webui.common.WebUiCommonHelper$findWebElement$0.call(Unknown Source)
	at VS_Automation.run(VS_Automation:741)
	at com.kms.katalon.core.main.ScriptEngine.run(ScriptEngine.java:194)
	at com.kms.katalon.core.main.ScriptEngine.runScriptAsRawText(ScriptEngine.java:119)
	at com.kms.katalon.core.main.TestCaseExecutor.runScript(TestCaseExecutor.java:342)
	at com.kms.katalon.core.main.TestCaseExecutor.doExecute(TestCaseExecutor.java:333)
	at com.kms.katalon.core.main.TestCaseExecutor.processExecutionPhase(TestCaseExecutor.java:312)
	at com.kms.katalon.core.main.TestCaseExecutor.accessMainPhase(TestCaseExecutor.java:304)
	at com.kms.katalon.core.main.TestCaseExecutor.execute(TestCaseExecutor.java:238)
	at com.kms.katalon.core.main.TestSuiteExecutor.accessTestCaseMainPhase(TestSuiteExecutor.java:129)
	at com.kms.katalon.core.main.TestSuiteExecutor.accessTestSuiteMainPhase(TestSuiteExecutor.java:112)
	at com.kms.katalon.core.main.TestSuiteExecutor.execute(TestSuiteExecutor.java:81)
	at com.kms.katalon.core.main.TestCaseMain.startTestSuite(TestCaseMain.java:157)
	at com.kms.katalon.core.main.TestCaseMain$startTestSuite$0.call(Unknown Source)
	at TempTestSuite1568702750974.run(TempTestSuite1568702750974.groovy:35)
"/>
         <system-out><![CDATA[2019-09-17 12:16:04 - [TEST_CASE][ERROR] - Test Cases/VirtualShow/VS_Automation: Test Cases/VirtualShow/VS_Automation FAILED.
Reason:
com.kms.katalon.core.webui.exception.WebElementNotFoundException: Web element with id: 'Object Repository/ReplicatedSite/button_add_another_card' located by 'By.xpath: //button[contains(text(), 'Add another Card')]' not found
	at com.kms.katalon.core.webui.common.WebUiCommonHelper.findWebElement(WebUiCommonHelper.java:1097)
	at com.kms.katalon.core.webui.common.WebUiCommonHelper$findWebElement$0.call(Unknown Source)
	at VS_Automation.run(VS_Automation:741)
	at com.kms.katalon.core.main.ScriptEngine.run(ScriptEngine.java:194)
	at com.kms.katalon.core.main.ScriptEngine.runScriptAsRawText(ScriptEngine.java:119)
	at com.kms.katalon.core.main.TestCaseExecutor.runScript(TestCaseExecutor.java:342)
	at com.kms.katalon.core.main.TestCaseExecutor.doExecute(TestCaseExecutor.java:333)
	at com.kms.katalon.core.main.TestCaseExecutor.processExecutionPhase(TestCaseExecutor.java:312)
	at com.kms.katalon.core.main.TestCaseExecutor.accessMainPhase(TestCaseExecutor.java:304)
	at com.kms.katalon.core.main.TestCaseExecutor.execute(TestCaseExecutor.java:238)
	at com.kms.katalon.core.main.TestSuiteExecutor.accessTestCaseMainPhase(TestSuiteExecutor.java:129)
	at com.kms.katalon.core.main.TestSuiteExecutor.accessTestSuiteMainPhase(TestSuiteExecutor.java:112)
	at com.kms.katalon.core.main.TestSuiteExecutor.execute(TestSuiteExecutor.java:81)
	at com.kms.katalon.core.main.TestCaseMain.startTestSuite(TestCaseMain.java:157)
	at com.kms.katalon.core.main.TestCaseMain$startTestSuite$0.call(Unknown Source)
	at TempTestSuite1568702750974.run(TempTestSuite1568702750974.groovy:35)


2019-09-17 12:16:04 - [TEST_STEP][PASSED] - Start listener action : sampleBeforeTestCase: null

2019-09-17 12:16:04 - [TEST_STEP][PASSED] - println(testCaseContext.getTestCaseId()): null

2019-09-17 12:16:04 - [TEST_STEP][PASSED] - println(testCaseContext.getTestCaseVariables()): null

2019-09-17 12:16:05 - [TEST_STEP][PASSED] - dataFile = "micrositeData": null

2019-09-17 12:16:05 - [TEST_STEP][PASSED] - guest1Mail = findTestData(dataFile).getValue("guest1Mail", 1): null

2019-09-17 12:16:06 - [TEST_STEP][PASSED] - guest1Pass = findTestData(dataFile).getValue("guest1Pass", 1): null

2019-09-17 12:16:06 - [TEST_STEP][PASSED] - dataFile = "virtualShowData": null

2019-09-17 12:16:06 - [TEST_STEP][PASSED] - hostess = findTestData(dataFile).getValue("hostess", 1): null

2019-09-17 12:16:06 - [TEST_STEP][PASSED] - cohostess = findTestData(dataFile).getValue("cohostess", 1): null

2019-09-17 12:16:06 - [TEST_STEP][PASSED] - guest1 = findTestData(dataFile).getValue("guest1", 1): null

2019-09-17 12:16:06 - [TEST_STEP][PASSED] - guest2 = findTestData(dataFile).getValue("guest2", 1): null

2019-09-17 12:16:06 - [TEST_STEP][PASSED] - RSTestEnvt = findTestData("envtData").getValue("RSTestEnvt", 1): null

2019-09-17 12:16:07 - [TEST_STEP][PASSED] - BOURL = findTestData("envtData").getValue("BOURL", 1): null

2019-09-17 12:16:07 - [TEST_STEP][PASSED] - actualGuestList = new java.util.ArrayList(): null

2019-09-17 12:16:07 - [TEST_STEP][PASSED] - yesList = new java.util.ArrayList(): null

2019-09-17 12:16:07 - [TEST_STEP][PASSED] - noList = new java.util.ArrayList(): null

2019-09-17 12:16:07 - [TEST_STEP][PASSED] - maybeList = new java.util.ArrayList(): null

2019-09-17 12:16:07 - [TEST_STEP][PASSED] - noreplyList = new java.util.ArrayList(): null

2019-09-17 12:16:07 - [TEST_STEP][PASSED] - presentList = new java.util.ArrayList(): null

2019-09-17 12:16:07 - [TEST_STEP][PASSED] - allList = new java.util.ArrayList(): null

2019-09-17 12:16:07 - [TEST_STEP][PASSED] - callTestCase(findTestCase("VirtualShow/createShow"), ["testEnvt":"", "username":"", "password":"", "stylist":"", "hostess":"", "cohostess":"", "guest1":"", "guest2":"", "verifyHostess":"", ... ], CONTINUE_ON_FAILURE): Call Test Case 'Test Cases/VirtualShow/createShow' successfully

2019-09-17 12:16:07 - [TEST_CASE][PASSED] - Test Cases/VirtualShow/createShow: Test Cases/VirtualShow/createShow

2019-09-17 12:16:07 - [TEST_STEP][PASSED] - dataFile = "virtualShowData": null

2019-09-17 12:16:07 - [TEST_STEP][PASSED] - stylist = findTestData(dataFile).getValue("stylist", 1): null

2019-09-17 12:16:08 - [TEST_STEP][PASSED] - hostess = findTestData(dataFile).getValue("hostess", 1): null

2019-09-17 12:16:08 - [TEST_STEP][PASSED] - cohostess = findTestData(dataFile).getValue("cohostess", 1): null

2019-09-17 12:16:08 - [TEST_STEP][PASSED] - guest1 = findTestData(dataFile).getValue("guest1", 1): null

2019-09-17 12:16:08 - [TEST_STEP][PASSED] - guest2 = findTestData(dataFile).getValue("guest2", 1): null

2019-09-17 12:16:08 - [TEST_STEP][PASSED] - verifyGuestCount = findTestData(dataFile).getValue("verifyGuestCount", 1): null

2019-09-17 12:16:08 - [TEST_STEP][PASSED] - RSTestEnvt = findTestData("envtData").getValue("RSTestEnvt", 1): null

2019-09-17 12:16:08 - [TEST_STEP][PASSED] - openBrowser(""): Browser is opened with url: ''

2019-09-17 12:16:08 - [MESSAGE][INFO] - Starting 'Chrome' driver

2019-09-17 12:16:08 - [MESSAGE][INFO] - User set preference: ['args', '[--use-fake-ui-for-media-stream, --start-maximized]']

2019-09-17 12:16:08 - [MESSAGE][INFO] - Action delay is set to 0 seconds

2019-09-17 12:16:12 - [MESSAGE][PASSED] - Browser is opened with url: ''

2019-09-17 12:16:12 - [TEST_STEP][PASSED] - maximizeWindow(): Current window maximized

2019-09-17 12:16:13 - [MESSAGE][PASSED] - Current window maximized

2019-09-17 12:16:13 - [TEST_STEP][PASSED] - callTestCase(findTestCase("TestCaseUtilities/backOfficeLogin"), ["BOURL":"", "BOuser":"", "BOpass":""], CONTINUE_ON_FAILURE): Call Test Case 'Test Cases/TestCaseUtilities/backOfficeLogin' successfully

2019-09-17 12:16:13 - [TEST_CASE][PASSED] - Test Cases/TestCaseUtilities/backOfficeLogin: Test Cases/TestCaseUtilities/backOfficeLogin

2019-09-17 12:16:13 - [TEST_STEP][PASSED] - BOURL = findTestData("envtData").getValue("BOURL", 1): null

2019-09-17 12:16:14 - [TEST_STEP][PASSED] - BOuser = findTestData("credData").getValue("BOuser", 1): null

2019-09-17 12:16:14 - [TEST_STEP][PASSED] - BOpass = findTestData("credData").getValue("BOpass", 1): null

2019-09-17 12:16:14 - [TEST_STEP][PASSED] - openBrowser(""): Browser is opened with url: ''

2019-09-17 12:16:14 - [MESSAGE][WARNING] - A browser is already opened. Closing browser and opening a new one

2019-09-17 12:16:14 - [MESSAGE][INFO] - Starting 'Chrome' driver

2019-09-17 12:16:14 - [MESSAGE][INFO] - User set preference: ['args', '[--use-fake-ui-for-media-stream, --start-maximized]']

2019-09-17 12:16:17 - [MESSAGE][PASSED] - Browser is opened with url: ''

2019-09-17 12:16:17 - [TEST_STEP][PASSED] - navigateToUrl(BOURL): Navigate to 'https://test18.cliotest.com/backoffice/control/main' successfully

2019-09-17 12:16:24 - [MESSAGE][PASSED] - Navigate to 'https://test18.cliotest.com/backoffice/control/main' successfully

2019-09-17 12:16:24 - [TEST_STEP][PASSED] - logOut = findWebElements(findTestObject("Object Repository/Page_cabi Home/log_out"), 1): Unable to find the element located by 'By.xpath: //a[contains(text(),'Log Out')]'. Please recheck the objects properties to make sure the desired element is located. 

2019-09-17 12:16:25 - [MESSAGE][INFO] - Unable to find the element located by 'By.xpath: //a[contains(text(),'Log Out')]'. Please recheck the objects properties to make sure the desired element is located. 

2019-09-17 12:16:25 - [TEST_STEP][PASSED] - if (logOut.size() == 0): Object: 'Object Repository/Page_cabi/input_Welcome to_consultantLogin' is clicked on

2019-09-17 12:16:25 - [TEST_STEP][PASSED] - setText(findTestObject("Page_cabi/input_Welcome to_USERNAME"), BOuser): Text '400000002' is set on object 'Object Repository/Page_cabi/input_Welcome to_USERNAME'

2019-09-17 12:16:25 - [MESSAGE][PASSED] - Text '400000002' is set on object 'Object Repository/Page_cabi/input_Welcome to_USERNAME'

2019-09-17 12:16:25 - [TEST_STEP][PASSED] - setText(findTestObject("Object Repository/Page_cabi/input_Welcome to_PASSWORD"), BOpass): Text 'blackdress19' is set on object 'Object Repository/Page_cabi/input_Welcome to_PASSWORD'

2019-09-17 12:16:25 - [MESSAGE][PASSED] - Text 'blackdress19' is set on object 'Object Repository/Page_cabi/input_Welcome to_PASSWORD'

2019-09-17 12:16:25 - [TEST_STEP][PASSED] - click(findTestObject("Object Repository/Page_cabi/input_Welcome to_consultantLogin")): Object: 'Object Repository/Page_cabi/input_Welcome to_consultantLogin' is clicked on

2019-09-17 12:16:33 - [MESSAGE][PASSED] - Object: 'Object Repository/Page_cabi/input_Welcome to_consultantLogin' is clicked on

2019-09-17 12:16:33 - [TEST_STEP][PASSED] - delay(3): Delayed 3 second(s)

2019-09-17 12:16:36 - [MESSAGE][PASSED] - Delayed 3 second(s)

2019-09-17 12:16:36 - [MESSAGE][PASSED] - Call Test Case 'Test Cases/TestCaseUtilities/backOfficeLogin' successfully

2019-09-17 12:16:36 - [TEST_STEP][PASSED] - verifyElementText(findTestObject("Object Repository/virualShowRSVPOR/Page_cabi/span_username"), stylist): Actual text and expected text of test object 'Object Repository/virualShowRSVPOR/Page_cabi/span_username' are matched.

2019-09-17 12:16:36 - [MESSAGE][PASSED] - Actual text and expected text of test object 'Object Repository/virualShowRSVPOR/Page_cabi/span_username' are matched.

2019-09-17 12:16:36 - [TEST_STEP][PASSED] - click(findTestObject("Object Repository/virualShowRSVPOR/Page_cabi Home/a_shows _orders")): Object: 'Object Repository/virualShowRSVPOR/Page_cabi Home/a_shows _orders' is clicked on

2019-09-17 12:16:36 - [MESSAGE][PASSED] - Object: 'Object Repository/virualShowRSVPOR/Page_cabi Home/a_shows _orders' is clicked on

2019-09-17 12:16:36 - [TEST_STEP][PASSED] - click(findTestObject("Object Repository/virualShowRSVPOR/Page_cabi Home/a_Create_A_Show")): Object: 'Object Repository/virualShowRSVPOR/Page_cabi Home/a_Create_A_Show' is clicked on

2019-09-17 12:16:39 - [MESSAGE][PASSED] - Object: 'Object Repository/virualShowRSVPOR/Page_cabi Home/a_Create_A_Show' is clicked on

2019-09-17 12:16:39 - [TEST_STEP][PASSED] - setText(findTestObject("Object Repository/virualShowRSVPOR/Page_cabi Create Show - Set Hostess/input_Hostess"), hostess): Text 'ahostess-test abc' is set on object 'Object Repository/virualShowRSVPOR/Page_cabi Create Show - Set Hostess/input_Hostess'

2019-09-17 12:16:39 - [MESSAGE][PASSED] - Text 'ahostess-test abc' is set on object 'Object Repository/virualShowRSVPOR/Page_cabi Create Show - Set Hostess/input_Hostess'

2019-09-17 12:16:39 - [TEST_STEP][PASSED] - delay(2): Delayed 2 second(s)

2019-09-17 12:16:41 - [MESSAGE][PASSED] - Delayed 2 second(s)

2019-09-17 12:16:41 - [TEST_STEP][PASSED] - sendKeys(findTestObject("Object Repository/virualShowRSVPOR/Page_cabi Create Show - Set Hostess/input_Hostess"), Keys.chord(ARROW_DOWN)): Keys 'DOWN + ' sent to object: 'Object Repository/virualShowRSVPOR/Page_cabi Create Show - Set Hostess/input_Hostess'

2019-09-17 12:16:41 - [MESSAGE][PASSED] - Keys 'DOWN + ' sent to object: 'Object Repository/virualShowRSVPOR/Page_cabi Create Show - Set Hostess/input_Hostess'

2019-09-17 12:16:41 - [TEST_STEP][PASSED] - sendKeys(findTestObject("Object Repository/virualShowRSVPOR/Page_cabi Create Show - Set Hostess/input_Hostess"), Keys.chord(ENTER)): Keys 'ENTER + ' sent to object: 'Object Repository/virualShowRSVPOR/Page_cabi Create Show - Set Hostess/input_Hostess'

2019-09-17 12:16:42 - [MESSAGE][PASSED] - Keys 'ENTER + ' sent to object: 'Object Repository/virualShowRSVPOR/Page_cabi Create Show - Set Hostess/input_Hostess'

2019-09-17 12:16:42 - [TEST_STEP][PASSED] - delay(2): Delayed 2 second(s)

2019-09-17 12:16:44 - [MESSAGE][PASSED] - Delayed 2 second(s)

2019-09-17 12:16:44 - [TEST_STEP][PASSED] - validateHostessAddressMsg = findWebElements(findTestObject("Object Repository/virualShowRSVPOR/Page_cabi Create Show - Set Hostess/validate_address_msg"), 5): null

2019-09-17 12:16:44 - [TEST_STEP][PASSED] - println(validateHostessAddressMsg.size()): null

2019-09-17 12:16:44 - [TEST_STEP][PASSED] - if (validateHostessAddressMsg.isEmpty()): null

2019-09-17 12:16:44 - [TEST_STEP][PASSED] - selectOptionByValue(findTestObject("Object Repository/virualShowRSVPOR/Page_cabi Create Show - Set Hostess/select_Choose_From_Contacts_Co-Hostess"), "3", true): All options with value '3' are selected in object 'Object Repository/virualShowRSVPOR/Page_cabi Create Show - Set Hostess/select_Choose_From_Contacts_Co-Hostess'  using regular expression

2019-09-17 12:16:44 - [MESSAGE][PASSED] - All options with value '3' are selected in object 'Object Repository/virualShowRSVPOR/Page_cabi Create Show - Set Hostess/select_Choose_From_Contacts_Co-Hostess'  using regular expression

2019-09-17 12:16:44 - [TEST_STEP][PASSED] - setText(findTestObject("Object Repository/virualShowRSVPOR/Page_cabi Create Show - Set Hostess/input_Cohostess"), cohostess): Text 'bcohost-test abc' is set on object 'Object Repository/virualShowRSVPOR/Page_cabi Create Show - Set Hostess/input_Cohostess'

2019-09-17 12:16:44 - [MESSAGE][PASSED] - Text 'bcohost-test abc' is set on object 'Object Repository/virualShowRSVPOR/Page_cabi Create Show - Set Hostess/input_Cohostess'

2019-09-17 12:16:44 - [TEST_STEP][PASSED] - delay(2): Delayed 2 second(s)

2019-09-17 12:16:46 - [MESSAGE][PASSED] - Delayed 2 second(s)

2019-09-17 12:16:46 - [TEST_STEP][PASSED] - sendKeys(findTestObject("Object Repository/virualShowRSVPOR/Page_cabi Create Show - Set Hostess/input_Cohostess"), Keys.chord(ARROW_DOWN)): Keys 'DOWN + ' sent to object: 'Object Repository/virualShowRSVPOR/Page_cabi Create Show - Set Hostess/input_Cohostess'

2019-09-17 12:16:46 - [MESSAGE][PASSED] - Keys 'DOWN + ' sent to object: 'Object Repository/virualShowRSVPOR/Page_cabi Create Show - Set Hostess/input_Cohostess'

2019-09-17 12:16:46 - [TEST_STEP][PASSED] - sendKeys(findTestObject("Object Repository/virualShowRSVPOR/Page_cabi Create Show - Set Hostess/input_Cohostess"), Keys.chord(ENTER)): Keys 'ENTER + ' sent to object: 'Object Repository/virualShowRSVPOR/Page_cabi Create Show - Set Hostess/input_Cohostess'

2019-09-17 12:16:46 - [MESSAGE][PASSED] - Keys 'ENTER + ' sent to object: 'Object Repository/virualShowRSVPOR/Page_cabi Create Show - Set Hostess/input_Cohostess'

2019-09-17 12:16:46 - [TEST_STEP][PASSED] - delay(3): Delayed 3 second(s)

2019-09-17 12:16:49 - [MESSAGE][PASSED] - Delayed 3 second(s)

2019-09-17 12:16:49 - [TEST_STEP][PASSED] - validateHostessAddressMsg = findWebElements(findTestObject("Object Repository/virualShowRSVPOR/Page_cabi Create Show - Set Hostess/validate_address_msg"), 5): null

2019-09-17 12:16:49 - [TEST_STEP][PASSED] - if (validateHostessAddressMsg.size() != 4): null

2019-09-17 12:16:49 - [TEST_STEP][PASSED] - click(findTestObject("Object Repository/virualShowRSVPOR/Page_cabi Create Show - Set Hostess/input_next")): Object: 'Object Repository/virualShowRSVPOR/Page_cabi Create Show - Set Hostess/input_next' is clicked on

2019-09-17 12:16:51 - [MESSAGE][PASSED] - Object: 'Object Repository/virualShowRSVPOR/Page_cabi Create Show - Set Hostess/input_next' is clicked on

2019-09-17 12:16:51 - [TEST_STEP][PASSED] - click(findTestObject("Object Repository/virualShowRSVPOR/Page_cabi Create Show - Time and Place/check_Virtual_Show")): Object: 'Object Repository/virualShowRSVPOR/Page_cabi Create Show - Time and Place/check_Virtual_Show' is clicked on

2019-09-17 12:16:51 - [MESSAGE][PASSED] - Object: 'Object Repository/virualShowRSVPOR/Page_cabi Create Show - Time and Place/check_Virtual_Show' is clicked on

2019-09-17 12:16:51 - [TEST_STEP][PASSED] - click(findTestObject("Object Repository/virualShowRSVPOR/Page_cabi Create Show - Time and Place/input_Show_Date_Time")): Object: 'Object Repository/virualShowRSVPOR/Page_cabi Create Show - Time and Place/input_Show_Date_Time' is clicked on

2019-09-17 12:16:52 - [MESSAGE][PASSED] - Object: 'Object Repository/virualShowRSVPOR/Page_cabi Create Show - Time and Place/input_Show_Date_Time' is clicked on

2019-09-17 12:16:52 - [TEST_STEP][PASSED] - year = findTestData("virtualShowData").getValue("vsyear", 1): null

2019-09-17 12:16:52 - [TEST_STEP][PASSED] - month = findTestData("virtualShowData").getValue("vsmonth", 1): null

2019-09-17 12:16:52 - [TEST_STEP][PASSED] - day = findTestData("virtualShowData").getValue("vsday", 1): null

2019-09-17 12:16:52 - [TEST_STEP][PASSED] - pastdate = findTestData("virtualShowData").getValue("pastdate", 1): null

2019-09-17 12:16:52 - [TEST_STEP][PASSED] - xpath = UtilityMethods.concat("//td[@data-month='" + month - 1 + "' and @data-year='" + year + "']/a[contains(text(), '" + day + "')]"): null

2019-09-17 12:16:52 - [TEST_STEP][PASSED] - dateObj = new com.kms.katalon.core.testobject.TestObject(td_month_year_day): null

2019-09-17 12:16:52 - [TEST_STEP][PASSED] - dateObj.addProperty("xpath", EQUALS, xpath): null

2019-09-17 12:16:52 - [TEST_STEP][PASSED] - monthBound = 12: null

2019-09-17 12:16:52 - [TEST_STEP][PASSED] - dateObjList = findWebElements(dateObj, 5): null

2019-09-17 12:16:52 - [TEST_STEP][PASSED] - while (dateObjList.size() == 0 && monthBound > 0): null

2019-09-17 12:16:52 - [TEST_STEP][PASSED] - click(dateObj): Object: 'td_month_year_day' is clicked on

2019-09-17 12:16:52 - [MESSAGE][PASSED] - Object: 'td_month_year_day' is clicked on

2019-09-17 12:16:52 - [TEST_STEP][PASSED] - click(findTestObject("Object Repository/virualShowRSVPOR/Page_cabi Create Show - Time and Place/a_select_End_Time")): Object: 'Object Repository/virualShowRSVPOR/Page_cabi Create Show - Time and Place/a_select_End_Time' is clicked on

2019-09-17 12:16:52 - [MESSAGE][PASSED] - Object: 'Object Repository/virualShowRSVPOR/Page_cabi Create Show - Time and Place/a_select_End_Time' is clicked on

2019-09-17 12:16:52 - [TEST_STEP][PASSED] - click(findTestObject("Object Repository/virualShowRSVPOR/Page_cabi Create Show - Time and Place/input_next")): Object: 'Object Repository/virualShowRSVPOR/Page_cabi Create Show - Time and Place/input_next' is clicked on

2019-09-17 12:16:52 - [MESSAGE][PASSED] - Object: 'Object Repository/virualShowRSVPOR/Page_cabi Create Show - Time and Place/input_next' is clicked on

2019-09-17 12:16:52 - [TEST_STEP][PASSED] - delay(5): Delayed 5 second(s)

2019-09-17 12:16:57 - [MESSAGE][PASSED] - Delayed 5 second(s)

2019-09-17 12:16:57 - [TEST_STEP][PASSED] - click(findTestObject("Object Repository/virualShowRSVPOR/Page_cabi Create Show - Invite Hostess/input_Skip_Invite")): Object: 'Object Repository/virualShowRSVPOR/Page_cabi Create Show - Invite Hostess/input_Skip_Invite' is clicked on

2019-09-17 12:17:00 - [MESSAGE][PASSED] - Object: 'Object Repository/virualShowRSVPOR/Page_cabi Create Show - Invite Hostess/input_Skip_Invite' is clicked on

2019-09-17 12:17:00 - [TEST_STEP][PASSED] - setText(findTestObject("Object Repository/virualShowRSVPOR/Page_cabi Edit Show - Add Guests/contact_search_box"), guest1): Text 'guest1-test abc' is set on object 'Object Repository/virualShowRSVPOR/Page_cabi Edit Show - Add Guests/contact_search_box'

2019-09-17 12:17:00 - [MESSAGE][PASSED] - Text 'guest1-test abc' is set on object 'Object Repository/virualShowRSVPOR/Page_cabi Edit Show - Add Guests/contact_search_box'

2019-09-17 12:17:00 - [TEST_STEP][PASSED] - delay(2): Delayed 2 second(s)

2019-09-17 12:17:02 - [MESSAGE][PASSED] - Delayed 2 second(s)

2019-09-17 12:17:02 - [TEST_STEP][PASSED] - sendKeys(findTestObject("Object Repository/virualShowRSVPOR/Page_cabi Edit Show - Add Guests/contact_search_box"), Keys.chord(ARROW_DOWN)): Keys 'DOWN + ' sent to object: 'Object Repository/virualShowRSVPOR/Page_cabi Edit Show - Add Guests/contact_search_box'

2019-09-17 12:17:02 - [MESSAGE][PASSED] - Keys 'DOWN + ' sent to object: 'Object Repository/virualShowRSVPOR/Page_cabi Edit Show - Add Guests/contact_search_box'

2019-09-17 12:17:02 - [TEST_STEP][PASSED] - sendKeys(findTestObject("Object Repository/virualShowRSVPOR/Page_cabi Edit Show - Add Guests/contact_search_box"), Keys.chord(ENTER)): Keys 'ENTER + ' sent to object: 'Object Repository/virualShowRSVPOR/Page_cabi Edit Show - Add Guests/contact_search_box'

2019-09-17 12:17:02 - [MESSAGE][PASSED] - Keys 'ENTER + ' sent to object: 'Object Repository/virualShowRSVPOR/Page_cabi Edit Show - Add Guests/contact_search_box'

2019-09-17 12:17:02 - [TEST_STEP][PASSED] - delay(2): Delayed 2 second(s)

2019-09-17 12:17:04 - [MESSAGE][PASSED] - Delayed 2 second(s)

2019-09-17 12:17:04 - [TEST_STEP][PASSED] - click(findTestObject("Object Repository/virualShowRSVPOR/Page_cabi Edit Show - Add Guests/a_add_guest")): Object: 'Object Repository/virualShowRSVPOR/Page_cabi Edit Show - Add Guests/a_add_guest' is clicked on

2019-09-17 12:17:05 - [MESSAGE][PASSED] - Object: 'Object Repository/virualShowRSVPOR/Page_cabi Edit Show - Add Guests/a_add_guest' is clicked on

2019-09-17 12:17:05 - [TEST_STEP][PASSED] - delay(5): Delayed 5 second(s)

2019-09-17 12:17:10 - [MESSAGE][PASSED] - Delayed 5 second(s)

2019-09-17 12:17:10 - [TEST_STEP][PASSED] - setText(findTestObject("Object Repository/virualShowRSVPOR/Page_cabi Edit Show - Add Guests/contact_search_box"), guest2): Text 'guest2-test abc' is set on object 'Object Repository/virualShowRSVPOR/Page_cabi Edit Show - Add Guests/contact_search_box'

2019-09-17 12:17:10 - [MESSAGE][PASSED] - Text 'guest2-test abc' is set on object 'Object Repository/virualShowRSVPOR/Page_cabi Edit Show - Add Guests/contact_search_box'

2019-09-17 12:17:10 - [TEST_STEP][PASSED] - delay(2): Delayed 2 second(s)

2019-09-17 12:17:12 - [MESSAGE][PASSED] - Delayed 2 second(s)

2019-09-17 12:17:12 - [TEST_STEP][PASSED] - sendKeys(findTestObject("Object Repository/virualShowRSVPOR/Page_cabi Edit Show - Add Guests/contact_search_box"), Keys.chord(ARROW_DOWN)): Keys 'DOWN + ' sent to object: 'Object Repository/virualShowRSVPOR/Page_cabi Edit Show - Add Guests/contact_search_box'

2019-09-17 12:17:12 - [MESSAGE][PASSED] - Keys 'DOWN + ' sent to object: 'Object Repository/virualShowRSVPOR/Page_cabi Edit Show - Add Guests/contact_search_box'

2019-09-17 12:17:12 - [TEST_STEP][PASSED] - sendKeys(findTestObject("Object Repository/virualShowRSVPOR/Page_cabi Edit Show - Add Guests/contact_search_box"), Keys.chord(ENTER)): Keys 'ENTER + ' sent to object: 'Object Repository/virualShowRSVPOR/Page_cabi Edit Show - Add Guests/contact_search_box'

2019-09-17 12:17:12 - [MESSAGE][PASSED] - Keys 'ENTER + ' sent to object: 'Object Repository/virualShowRSVPOR/Page_cabi Edit Show - Add Guests/contact_search_box'

2019-09-17 12:17:12 - [TEST_STEP][PASSED] - delay(2): Delayed 2 second(s)

2019-09-17 12:17:14 - [MESSAGE][PASSED] - Delayed 2 second(s)

2019-09-17 12:17:14 - [TEST_STEP][PASSED] - click(findTestObject("Object Repository/virualShowRSVPOR/Page_cabi Edit Show - Add Guests/a_add_guest")): Object: 'Object Repository/virualShowRSVPOR/Page_cabi Edit Show - Add Guests/a_add_guest' is clicked on

2019-09-17 12:17:15 - [MESSAGE][PASSED] - Object: 'Object Repository/virualShowRSVPOR/Page_cabi Edit Show - Add Guests/a_add_guest' is clicked on

2019-09-17 12:17:15 - [TEST_STEP][PASSED] - delay(2): Delayed 2 second(s)

2019-09-17 12:17:17 - [MESSAGE][PASSED] - Delayed 2 second(s)

2019-09-17 12:17:17 - [TEST_STEP][PASSED] - verifyHostess = UtilityMethods.splitPersonName(hostess): null

2019-09-17 12:17:17 - [TEST_STEP][PASSED] - verifyCohostess = UtilityMethods.splitPersonName(cohostess): null

2019-09-17 12:17:17 - [TEST_STEP][PASSED] - verifyGuest1 = UtilityMethods.splitPersonName(guest1): null

2019-09-17 12:17:17 - [TEST_STEP][PASSED] - verifyGuest2 = UtilityMethods.splitPersonName(guest2): null

2019-09-17 12:17:17 - [TEST_STEP][PASSED] - verifyElementText(findTestObject("Object Repository/virualShowRSVPOR/Page_cabi Edit Show - Add Guests/span_hostess_name"), UtilityMethods.concat(verifyHostess[1], ", ", verifyHostess[0])): Actual text and expected text of test object 'Object Repository/virualShowRSVPOR/Page_cabi Edit Show - Add Guests/span_hostess_name' are matched.

2019-09-17 12:17:17 - [MESSAGE][PASSED] - Actual text and expected text of test object 'Object Repository/virualShowRSVPOR/Page_cabi Edit Show - Add Guests/span_hostess_name' are matched.

2019-09-17 12:17:17 - [TEST_STEP][PASSED] - verifyElementText(findTestObject("Object Repository/virualShowRSVPOR/Page_cabi Edit Show - Add Guests/span_cohostess_name"), UtilityMethods.concat(verifyCohostess[1], ", ", verifyCohostess[0])): Actual text and expected text of test object 'Object Repository/virualShowRSVPOR/Page_cabi Edit Show - Add Guests/span_cohostess_name' are matched.

2019-09-17 12:17:17 - [MESSAGE][PASSED] - Actual text and expected text of test object 'Object Repository/virualShowRSVPOR/Page_cabi Edit Show - Add Guests/span_cohostess_name' are matched.

2019-09-17 12:17:17 - [TEST_STEP][PASSED] - listElement = findWebElements(findTestObject("Object Repository/virualShowRSVPOR/Page_cabi Edit Show - Add Guests/span_guest_name_list"), 5): null

2019-09-17 12:17:17 - [TEST_STEP][PASSED] - guestCount = Integer.parseInt(verifyGuestCount): null

2019-09-17 12:17:17 - [TEST_STEP][PASSED] - assert listElement.size() == guestCount: null

2019-09-17 12:17:17 - [TEST_STEP][PASSED] - flag = false: null

2019-09-17 12:17:17 - [TEST_STEP][PASSED] - for ([i = 0, i < guestCount, (i++)]): null

2019-09-17 12:17:17 - [TEST_STEP][PASSED] - flag = false: null

2019-09-17 12:17:17 - [TEST_STEP][PASSED] - if (getText().equals(UtilityMethods.concat(verifyGuest1[1], ", ", verifyGuest1[0]))): null

2019-09-17 12:17:17 - [TEST_STEP][PASSED] - flag = true: null

2019-09-17 12:17:17 - [TEST_STEP][PASSED] - if (getText().equals(UtilityMethods.concat(verifyGuest2[1], ", ", verifyGuest2[0]))): null

2019-09-17 12:17:17 - [TEST_STEP][PASSED] - flag = false: null

2019-09-17 12:17:17 - [TEST_STEP][PASSED] - if (getText().equals(UtilityMethods.concat(verifyGuest1[1], ", ", verifyGuest1[0]))): null

2019-09-17 12:17:17 - [TEST_STEP][PASSED] - if (getText().equals(UtilityMethods.concat(verifyGuest2[1], ", ", verifyGuest2[0]))): null

2019-09-17 12:17:17 - [TEST_STEP][PASSED] - flag = true: null

2019-09-17 12:17:17 - [TEST_STEP][PASSED] - assert flag == true: null

2019-09-17 12:17:17 - [TEST_STEP][PASSED] - click(findTestObject("Object Repository/virualShowRSVPOR/Page_cabi Edit Show - Add Guests/input_Next")): Object: 'Object Repository/virualShowRSVPOR/Page_cabi Edit Show - Add Guests/input_Next' is clicked on

2019-09-17 12:17:19 - [MESSAGE][PASSED] - Object: 'Object Repository/virualShowRSVPOR/Page_cabi Edit Show - Add Guests/input_Next' is clicked on

2019-09-17 12:17:19 - [TEST_STEP][PASSED] - delay(5): Delayed 5 second(s)

2019-09-17 12:17:24 - [MESSAGE][PASSED] - Delayed 5 second(s)

2019-09-17 12:17:24 - [TEST_STEP][PASSED] - click(findTestObject("Object Repository/virualShowRSVPOR/Page_cabi Edit Show - Send Invitations/input_Overview")): Object: 'Object Repository/virualShowRSVPOR/Page_cabi Edit Show - Send Invitations/input_Overview' is clicked on

2019-09-17 12:17:26 - [MESSAGE][PASSED] - Object: 'Object Repository/virualShowRSVPOR/Page_cabi Edit Show - Send Invitations/input_Overview' is clicked on

2019-09-17 12:17:26 - [TEST_STEP][PASSED] - showID = getText(findTestObject("Object Repository/virualShowRSVPOR/Page_cabi Orders/li_Show_ID_Text")): Text of object 'Object Repository/virualShowRSVPOR/Page_cabi Orders/li_Show_ID_Text' is: 'Show #: 104734996'

2019-09-17 12:17:26 - [MESSAGE][PASSED] - Text of object 'Object Repository/virualShowRSVPOR/Page_cabi Orders/li_Show_ID_Text' is: 'Show #: 104734996'

2019-09-17 12:17:26 - [TEST_STEP][PASSED] - rightClick(findTestObject("Object Repository/virualShowRSVPOR/Page_cabi Orders/a_Account")): Object: 'Object Repository/virualShowRSVPOR/Page_cabi Orders/a_Account' is right clicked on

2019-09-17 12:17:26 - [MESSAGE][PASSED] - Object: 'Object Repository/virualShowRSVPOR/Page_cabi Orders/a_Account' is right clicked on

2019-09-17 12:17:26 - [TEST_STEP][PASSED] - click(findTestObject("Object Repository/virualShowRSVPOR/Page_cabi Orders/a_My Profile")): Object: 'Object Repository/virualShowRSVPOR/Page_cabi Orders/a_My Profile' is clicked on

2019-09-17 12:17:27 - [MESSAGE][PASSED] - Object: 'Object Repository/virualShowRSVPOR/Page_cabi Orders/a_My Profile' is clicked on

2019-09-17 12:17:27 - [TEST_STEP][PASSED] - rsName = getText(findTestObject("Object Repository/virualShowRSVPOR/Page_cabi My Profile/span_rsName")): Text of object 'Object Repository/virualShowRSVPOR/Page_cabi My Profile/span_rsName' is: 'MirandaKate'

2019-09-17 12:17:27 - [MESSAGE][PASSED] - Text of object 'Object Repository/virualShowRSVPOR/Page_cabi My Profile/span_rsName' is: 'MirandaKate'

2019-09-17 12:17:27 - [TEST_STEP][PASSED] - micrositeURL = UtilityMethods.createURL(rsName, RSTestEnvt, showID): null

2019-09-17 12:17:28 - [TEST_STEP][PASSED] - println(micrositeURL): null

2019-09-17 12:17:28 - [TEST_STEP][PASSED] - back(): Navigate back successfully

2019-09-17 12:17:29 - [MESSAGE][PASSED] - Navigate back successfully

2019-09-17 12:17:29 - [MESSAGE][PASSED] - Call Test Case 'Test Cases/VirtualShow/createShow' successfully

2019-09-17 12:17:29 - [TEST_STEP][PASSED] - hostessObj = new commonUtility.VSGuest(hostess): null

2019-09-17 12:17:29 - [TEST_STEP][PASSED] - cohostessObj = new commonUtility.VSGuest(cohostess): null

2019-09-17 12:17:29 - [TEST_STEP][PASSED] - guest1Obj = new commonUtility.VSGuest(guest1): null

2019-09-17 12:17:29 - [TEST_STEP][PASSED] - guest2Obj = new commonUtility.VSGuest(guest2): null

2019-09-17 12:17:29 - [TEST_STEP][PASSED] - driver = getWebDriver(): null

2019-09-17 12:17:29 - [TEST_STEP][PASSED] - executor = driver: null

2019-09-17 12:17:29 - [TEST_STEP][PASSED] - currentPage = getUrl(): Current window's url is: 'https://test18.cliotest.com/backoffice/control/ShowOverview?showId=104734996&consultantPartyId=100000042&fromCAM='

2019-09-17 12:17:29 - [MESSAGE][PASSED] - Current window's url is: 'https://test18.cliotest.com/backoffice/control/ShowOverview?showId=104734996&consultantPartyId=100000042&fromCAM='

2019-09-17 12:17:29 - [TEST_STEP][PASSED] - currentTab = getWindowIndex(): Current window's index is: 0

2019-09-17 12:17:29 - [MESSAGE][PASSED] - Current window's index is: 0

2019-09-17 12:17:29 - [TEST_STEP][PASSED] - driver = getWebDriver(): null

2019-09-17 12:17:29 - [TEST_STEP][PASSED] - favorites = 0: null

2019-09-17 12:17:29 - [TEST_STEP][PASSED] - favorites = 0: null

2019-09-17 12:17:29 - [TEST_STEP][PASSED] - favorites = 0: null

2019-09-17 12:17:29 - [TEST_STEP][PASSED] - favorites = 0: null

2019-09-17 12:17:29 - [TEST_STEP][PASSED] - allList.add(hostessObj): null

2019-09-17 12:17:29 - [TEST_STEP][PASSED] - allList.add(cohostessObj): null

2019-09-17 12:17:29 - [TEST_STEP][PASSED] - allList.add(guest1Obj): null

2019-09-17 12:17:29 - [TEST_STEP][PASSED] - allList.add(guest2Obj): null

2019-09-17 12:17:29 - [TEST_STEP][PASSED] - yesList.add(hostessObj): null

2019-09-17 12:17:29 - [TEST_STEP][PASSED] - yesList.add(cohostessObj): null

2019-09-17 12:17:29 - [TEST_STEP][PASSED] - noreplyList.add(guest1Obj): null

2019-09-17 12:17:29 - [TEST_STEP][PASSED] - noreplyList.add(guest2Obj): null

2019-09-17 12:17:29 - [TEST_STEP][PASSED] - click(findTestObject("Object Repository/virualShowRSVPOR/Page_cabi Edit Show - Send Invitations/a_dashboard")): Object: 'Object Repository/virualShowRSVPOR/Page_cabi Edit Show - Send Invitations/a_dashboard' is clicked on

2019-09-17 12:17:34 - [MESSAGE][PASSED] - Object: 'Object Repository/virualShowRSVPOR/Page_cabi Edit Show - Send Invitations/a_dashboard' is clicked on

2019-09-17 12:17:34 - [TEST_STEP][PASSED] - delay(5): Delayed 5 second(s)

2019-09-17 12:17:39 - [MESSAGE][PASSED] - Delayed 5 second(s)

2019-09-17 12:17:39 - [TEST_STEP][PASSED] - switchToFrame(findTestObject("virualShowRSVPOR/dashboard/frame_start_pre_show"), 60): null

2019-09-17 12:17:39 - [TEST_STEP][PASSED] - isShowNotStarted = findWebElements(findTestObject("virualShowRSVPOR/dashboard/button_start_pre_show"), 5): null

2019-09-17 12:17:39 - [TEST_STEP][PASSED] - if (isShowNotStarted.size() > 0): null

2019-09-17 12:17:39 - [TEST_STEP][PASSED] - button_start_pre_show = driver.findElement(By.xpath("//button[contains(text(), 'Start pre-show')]")): null

2019-09-17 12:17:39 - [TEST_STEP][PASSED] - executor.executeScript("arguments[0].click();", button_start_pre_show): null

2019-09-17 12:17:39 - [TEST_STEP][PASSED] - delay(3): Delayed 3 second(s)

2019-09-17 12:17:42 - [MESSAGE][PASSED] - Delayed 3 second(s)

2019-09-17 12:17:42 - [TEST_STEP][PASSED] - button_pre_show_sure = driver.findElement(By.xpath("//button[contains(text(), ' sure')]")): null

2019-09-17 12:17:42 - [TEST_STEP][PASSED] - executor.executeScript("arguments[0].click();", button_pre_show_sure): null

2019-09-17 12:17:42 - [TEST_STEP][PASSED] - delay(5): Delayed 5 second(s)

2019-09-17 12:17:47 - [MESSAGE][PASSED] - Delayed 5 second(s)

2019-09-17 12:17:47 - [TEST_STEP][PASSED] - switchToWindowIndex(currentTab + 1): Switched to window with index: '1'

2019-09-17 12:17:47 - [MESSAGE][PASSED] - Switched to window with index: '1'

2019-09-17 12:17:47 - [TEST_STEP][PASSED] - UtilityMethods.validateGuestsListDashboard(yesList, noList, maybeList, noreplyList, presentList, allList): Delayed 2 second(s)

2019-09-17 12:17:49 - [MESSAGE][INFO] - Unable to find the element located by 'By.xpath: //div[@class='table-body']/div[@class='table-row']/div/div[@class='table-row-status']/i[position()=1]'. Please recheck the objects properties to make sure the desired element is located. 

2019-09-17 12:17:50 - [MESSAGE][INFO] - Unable to find the element located by 'By.xpath: //div[@class='table-body']/div[@class='table-row']/div/div[@class='table-row-status']/i[position()='2']'. Please recheck the objects properties to make sure the desired element is located. 

2019-09-17 12:17:51 - [MESSAGE][INFO] - Unable to find the element located by 'By.xpath: //div[@class='table-body']/div[@class='table-row']/div/div[@class='table-row-name']/a/i'. Please recheck the objects properties to make sure the desired element is located. 

2019-09-17 12:17:53 - [MESSAGE][INFO] - Unable to find the element located by 'By.xpath: //div[@class='table-body']/div[@class='table-row']/div/div[@class='table-row-name']/a/span[last()]'. Please recheck the objects properties to make sure the desired element is located. 

2019-09-17 12:17:54 - [MESSAGE][INFO] - Unable to find the element located by 'By.xpath: //div[@class='table-body']/div[@class='table-row']/div/div[@class='table-row-favorites']'. Please recheck the objects properties to make sure the desired element is located. 

2019-09-17 12:17:55 - [MESSAGE][INFO] - Unable to find the element located by 'By.xpath: //div[@class='table-body']/div[@class='table-row']/div/div[@class='table-row-ordered']'. Please recheck the objects properties to make sure the desired element is located. 

2019-09-17 12:17:57 - [MESSAGE][PASSED] - Delayed 2 second(s)

2019-09-17 12:17:59 - [MESSAGE][PASSED] - Delayed 2 second(s)

2019-09-17 12:18:01 - [MESSAGE][PASSED] - Delayed 2 second(s)

2019-09-17 12:18:04 - [MESSAGE][PASSED] - Delayed 2 second(s)

2019-09-17 12:18:05 - [MESSAGE][INFO] - Unable to find the element located by 'By.xpath: //div[@class='table-body']/div[@class='table-row']/div/div[@class='table-row-status']/i[position()=1]'. Please recheck the objects properties to make sure the desired element is located. 

2019-09-17 12:18:06 - [MESSAGE][INFO] - Unable to find the element located by 'By.xpath: //div[@class='table-body']/div[@class='table-row']/div/div[@class='table-row-status']/i[position()='2']'. Please recheck the objects properties to make sure the desired element is located. 

2019-09-17 12:18:07 - [MESSAGE][INFO] - Unable to find the element located by 'By.xpath: //div[@class='table-body']/div[@class='table-row']/div/div[@class='table-row-name']/a/i'. Please recheck the objects properties to make sure the desired element is located. 

2019-09-17 12:18:08 - [MESSAGE][INFO] - Unable to find the element located by 'By.xpath: //div[@class='table-body']/div[@class='table-row']/div/div[@class='table-row-name']/a/span[last()]'. Please recheck the objects properties to make sure the desired element is located. 

2019-09-17 12:18:09 - [MESSAGE][INFO] - Unable to find the element located by 'By.xpath: //div[@class='table-body']/div[@class='table-row']/div/div[@class='table-row-favorites']'. Please recheck the objects properties to make sure the desired element is located. 

2019-09-17 12:18:10 - [MESSAGE][INFO] - Unable to find the element located by 'By.xpath: //div[@class='table-body']/div[@class='table-row']/div/div[@class='table-row-ordered']'. Please recheck the objects properties to make sure the desired element is located. 

2019-09-17 12:18:12 - [MESSAGE][PASSED] - Delayed 2 second(s)

2019-09-17 12:18:13 - [MESSAGE][INFO] - Unable to find the element located by 'By.xpath: //div[@class='table-body']/div[@class='table-row']/div/div[@class='table-row-status']/i[position()=1]'. Please recheck the objects properties to make sure the desired element is located. 

2019-09-17 12:18:14 - [MESSAGE][INFO] - Unable to find the element located by 'By.xpath: //div[@class='table-body']/div[@class='table-row']/div/div[@class='table-row-status']/i[position()='2']'. Please recheck the objects properties to make sure the desired element is located. 

2019-09-17 12:18:15 - [MESSAGE][INFO] - Unable to find the element located by 'By.xpath: //div[@class='table-body']/div[@class='table-row']/div/div[@class='table-row-name']/a/i'. Please recheck the objects properties to make sure the desired element is located. 

2019-09-17 12:18:16 - [MESSAGE][INFO] - Unable to find the element located by 'By.xpath: //div[@class='table-body']/div[@class='table-row']/div/div[@class='table-row-name']/a/span[last()]'. Please recheck the objects properties to make sure the desired element is located. 

2019-09-17 12:18:17 - [MESSAGE][INFO] - Unable to find the element located by 'By.xpath: //div[@class='table-body']/div[@class='table-row']/div/div[@class='table-row-favorites']'. Please recheck the objects properties to make sure the desired element is located. 

2019-09-17 12:18:18 - [MESSAGE][INFO] - Unable to find the element located by 'By.xpath: //div[@class='table-body']/div[@class='table-row']/div/div[@class='table-row-ordered']'. Please recheck the objects properties to make sure the desired element is located. 

2019-09-17 12:18:20 - [MESSAGE][PASSED] - Delayed 2 second(s)

2019-09-17 12:18:21 - [TEST_STEP][PASSED] - println(getWindowIndex()): Current window's index is: 1

2019-09-17 12:18:21 - [MESSAGE][PASSED] - Current window's index is: 1

2019-09-17 12:18:21 - [TEST_STEP][PASSED] - executor.executeScript("window.open();"): null

2019-09-17 12:18:21 - [TEST_STEP][PASSED] - switchToWindowIndex(currentTab + 2): Switched to window with index: '2'

2019-09-17 12:18:21 - [MESSAGE][PASSED] - Switched to window with index: '2'

2019-09-17 12:18:21 - [TEST_STEP][PASSED] - println(getWindowIndex()): Current window's index is: 2

2019-09-17 12:18:22 - [MESSAGE][PASSED] - Current window's index is: 2

2019-09-17 12:18:22 - [TEST_STEP][PASSED] - callTestCase(findTestCase("TestCaseUtilities/setVHost"), [:], CONTINUE_ON_FAILURE): Call Test Case 'Test Cases/TestCaseUtilities/setVHost' successfully

2019-09-17 12:18:22 - [TEST_CASE][PASSED] - Test Cases/TestCaseUtilities/setVHost: Test Cases/TestCaseUtilities/setVHost

2019-09-17 12:18:22 - [TEST_STEP][PASSED] - ofbizURL = findTestData("envtData").getValue("ofbizURL", 1): null

2019-09-17 12:18:22 - [TEST_STEP][PASSED] - ofbizUser = findTestData("credData").getValue("ofbizuser", 1): null

2019-09-17 12:18:22 - [TEST_STEP][PASSED] - ofbizPass = findTestData("credData").getValue("ofbizpass", 1): null

2019-09-17 12:18:22 - [TEST_STEP][PASSED] - vhostTarget = findTestData("envtData").getValue("vhostTarget", 1): null

2019-09-17 12:18:22 - [TEST_STEP][PASSED] - navigateToUrl(ofbizURL): Navigate to 'https://pushofbiz.cliotest.com/login.php' successfully

2019-09-17 12:18:24 - [MESSAGE][PASSED] - Navigate to 'https://pushofbiz.cliotest.com/login.php' successfully

2019-09-17 12:18:24 - [TEST_STEP][PASSED] - setText(findTestObject("Object Repository/virualShowRSVPOR/Page_/input_Username_username"), ofbizUser): Text 'automation' is set on object 'Object Repository/virualShowRSVPOR/Page_/input_Username_username'

2019-09-17 12:18:24 - [MESSAGE][PASSED] - Text 'automation' is set on object 'Object Repository/virualShowRSVPOR/Page_/input_Username_username'

2019-09-17 12:18:24 - [TEST_STEP][PASSED] - setText(findTestObject("Object Repository/virualShowRSVPOR/Page_/input_Password_password"), ofbizPass): Text 'cabiautomation' is set on object 'Object Repository/virualShowRSVPOR/Page_/input_Password_password'

2019-09-17 12:18:25 - [MESSAGE][PASSED] - Text 'cabiautomation' is set on object 'Object Repository/virualShowRSVPOR/Page_/input_Password_password'

2019-09-17 12:18:25 - [TEST_STEP][PASSED] - click(findTestObject("Object Repository/virualShowRSVPOR/Page_/input_Password_Submit")): Object: 'Object Repository/virualShowRSVPOR/Page_/input_Password_Submit' is clicked on

2019-09-17 12:18:29 - [MESSAGE][PASSED] - Object: 'Object Repository/virualShowRSVPOR/Page_/input_Password_Submit' is clicked on

2019-09-17 12:18:29 - [TEST_STEP][PASSED] - click(findTestObject("Object Repository/virualShowRSVPOR/Page_/a_Set Vhost")): Object: 'Object Repository/virualShowRSVPOR/Page_/a_Set Vhost' is clicked on

2019-09-17 12:18:29 - [MESSAGE][PASSED] - Object: 'Object Repository/virualShowRSVPOR/Page_/a_Set Vhost' is clicked on

2019-09-17 12:18:29 - [TEST_STEP][PASSED] - click(UtilityMethods.createTestObject("select_target", "//select[@name='Target']/option[contains(text(), '", vhostTarget, "')]")): Object: 'select_target' is clicked on

2019-09-17 12:18:29 - [MESSAGE][PASSED] - Object: 'select_target' is clicked on

2019-09-17 12:18:29 - [TEST_STEP][PASSED] - click(findTestObject("Object Repository/virualShowRSVPOR/Page_/input")): Object: 'Object Repository/virualShowRSVPOR/Page_/input' is clicked on

2019-09-17 12:18:32 - [MESSAGE][PASSED] - Object: 'Object Repository/virualShowRSVPOR/Page_/input' is clicked on

2019-09-17 12:18:32 - [MESSAGE][PASSED] - Call Test Case 'Test Cases/TestCaseUtilities/setVHost' successfully

2019-09-17 12:18:32 - [TEST_STEP][PASSED] - loginURL = UtilityMethods.concat("https://mirandakate.", RSTestEnvt, ".com/?component=account.login-gateway"): null

2019-09-17 12:18:32 - [TEST_STEP][PASSED] - navigateToUrl(loginURL): Navigate to 'https://mirandakate.cabitest5.com/?component=account.login-gateway' successfully

2019-09-17 12:19:00 - [MESSAGE][PASSED] - Navigate to 'https://mirandakate.cabitest5.com/?component=account.login-gateway' successfully

2019-09-17 12:19:00 - [TEST_STEP][PASSED] - delay(3): Delayed 3 second(s)

2019-09-17 12:19:03 - [MESSAGE][PASSED] - Delayed 3 second(s)

2019-09-17 12:19:03 - [TEST_STEP][PASSED] - setText(findTestObject("Object Repository/virualShowRSVPOR/Page_Show microsite/input_Sign in  Create account_email"), guest1Mail): Text 'guest1-test@test.com' is set on object 'Object Repository/virualShowRSVPOR/Page_Show microsite/input_Sign in  Create account_email'

2019-09-17 12:19:03 - [MESSAGE][PASSED] - Text 'guest1-test@test.com' is set on object 'Object Repository/virualShowRSVPOR/Page_Show microsite/input_Sign in  Create account_email'

2019-09-17 12:19:03 - [TEST_STEP][PASSED] - click(findTestObject("Object Repository/virualShowRSVPOR/Page_Show microsite/button_Continue")): Object: 'Object Repository/virualShowRSVPOR/Page_Show microsite/button_Continue' is clicked on

2019-09-17 12:19:03 - [MESSAGE][PASSED] - Object: 'Object Repository/virualShowRSVPOR/Page_Show microsite/button_Continue' is clicked on

2019-09-17 12:19:03 - [TEST_STEP][PASSED] - setText(findTestObject("Object Repository/virualShowRSVPOR/Page_Show microsite/input_Welcome_password"), guest1Pass): Text 'blackdress19' is set on object 'Object Repository/virualShowRSVPOR/Page_Show microsite/input_Welcome_password'

2019-09-17 12:19:04 - [MESSAGE][PASSED] - Text 'blackdress19' is set on object 'Object Repository/virualShowRSVPOR/Page_Show microsite/input_Welcome_password'

2019-09-17 12:19:04 - [TEST_STEP][PASSED] - click(findTestObject("Object Repository/virualShowRSVPOR/Page_Show microsite/button_Continue_pass")): Object: 'Object Repository/virualShowRSVPOR/Page_Show microsite/button_Continue_pass' is clicked on

2019-09-17 12:19:04 - [MESSAGE][PASSED] - Object: 'Object Repository/virualShowRSVPOR/Page_Show microsite/button_Continue_pass' is clicked on

2019-09-17 12:19:04 - [TEST_STEP][PASSED] - delay(5): Delayed 5 second(s)

2019-09-17 12:19:09 - [MESSAGE][PASSED] - Delayed 5 second(s)

2019-09-17 12:19:09 - [TEST_STEP][PASSED] - if (verifyElementPresent(findTestObject("Object Repository/virualShowRSVPOR/Page_Show microsite/complete_my_profile_later"), 0)): Object: 'Object Repository/virualShowRSVPOR/Page_Show microsite/div_Ill complete my profile later' is clicked on

2019-09-17 12:19:09 - [MESSAGE][WARNING] - Timeout '0' is invalid. Using default page load timeout: '30'

2019-09-17 12:19:09 - [MESSAGE][PASSED] - Object 'Object Repository/virualShowRSVPOR/Page_Show microsite/complete_my_profile_later' is present

2019-09-17 12:19:09 - [TEST_STEP][PASSED] - click(findTestObject("Object Repository/virualShowRSVPOR/Page_Show microsite/div_Ill complete my profile later")): Object: 'Object Repository/virualShowRSVPOR/Page_Show microsite/div_Ill complete my profile later' is clicked on

2019-09-17 12:19:19 - [MESSAGE][PASSED] - Object: 'Object Repository/virualShowRSVPOR/Page_Show microsite/div_Ill complete my profile later' is clicked on

2019-09-17 12:19:19 - [TEST_STEP][PASSED] - navigateToUrl(micrositeURL): Navigate to 'https://mirandakate.cabitest5.com/show-microsite/104734996/' successfully

2019-09-17 12:19:23 - [MESSAGE][PASSED] - Navigate to 'https://mirandakate.cabitest5.com/show-microsite/104734996/' successfully

2019-09-17 12:19:23 - [TEST_STEP][PASSED] - userLogin = findWebElements(findTestObject("Object Repository/virualShowRSVPOR/Page_Show microsite/i_user_login"), 5): null

2019-09-17 12:19:23 - [TEST_STEP][PASSED] - if (userLogin.size() == 0): null

2019-09-17 12:19:23 - [TEST_STEP][PASSED] - listElement1 = findWebElements(findTestObject("Object Repository/virualShowRSVPOR/Page_Show microsite/div_Update your RSVP"), 5): Unable to find the element located by 'By.xpath: //*[contains(text(), 'Update your RSVP')]'. Please recheck the objects properties to make sure the desired element is located. 

2019-09-17 12:19:29 - [MESSAGE][INFO] - Unable to find the element located by 'By.xpath: //*[contains(text(), 'Update your RSVP')]'. Please recheck the objects properties to make sure the desired element is located. 

2019-09-17 12:19:29 - [TEST_STEP][PASSED] - if (empty): Actual text and expected text of test object 'Object Repository/virualShowRSVPOR/Page_Show microsite/h2_We hope youll be able to attend.' are matched.

2019-09-17 12:19:29 - [TEST_STEP][PASSED] - println("RSVP is not updated"): null

2019-09-17 12:19:29 - [TEST_STEP][PASSED] - click(findTestObject("Object Repository/virualShowRSVPOR/Page_Show microsite/button_RSVP")): Object: 'Object Repository/virualShowRSVPOR/Page_Show microsite/button_RSVP' is clicked on

2019-09-17 12:19:29 - [MESSAGE][PASSED] - Object: 'Object Repository/virualShowRSVPOR/Page_Show microsite/button_RSVP' is clicked on

2019-09-17 12:19:29 - [TEST_STEP][PASSED] - click(findTestObject("Object Repository/virualShowRSVPOR/Page_Show microsite/select_rsvp_maybe")): Object: 'Object Repository/virualShowRSVPOR/Page_Show microsite/select_rsvp_maybe' is clicked on

2019-09-17 12:19:29 - [MESSAGE][PASSED] - Object: 'Object Repository/virualShowRSVPOR/Page_Show microsite/select_rsvp_maybe' is clicked on

2019-09-17 12:19:29 - [TEST_STEP][PASSED] - click(findTestObject("Object Repository/virualShowRSVPOR/Page_Show microsite/button_SEND")): Object: 'Object Repository/virualShowRSVPOR/Page_Show microsite/button_SEND' is clicked on

2019-09-17 12:19:29 - [MESSAGE][PASSED] - Object: 'Object Repository/virualShowRSVPOR/Page_Show microsite/button_SEND' is clicked on

2019-09-17 12:19:29 - [TEST_STEP][PASSED] - delay(4): Delayed 4 second(s)

2019-09-17 12:19:33 - [MESSAGE][PASSED] - Delayed 4 second(s)

2019-09-17 12:19:33 - [TEST_STEP][PASSED] - verifyElementText(findTestObject("Object Repository/virualShowRSVPOR/Page_Show microsite/h2_We hope youll be able to attend."), "We hope you'll be able to attend."): Actual text and expected text of test object 'Object Repository/virualShowRSVPOR/Page_Show microsite/h2_We hope youll be able to attend.' are matched.

2019-09-17 12:19:33 - [MESSAGE][PASSED] - Actual text and expected text of test object 'Object Repository/virualShowRSVPOR/Page_Show microsite/h2_We hope youll be able to attend.' are matched.

2019-09-17 12:19:33 - [TEST_STEP][PASSED] - maybeList.add(guest1Obj): null

2019-09-17 12:19:33 - [TEST_STEP][PASSED] - noreplyList.remove(guest1Obj): null

2019-09-17 12:19:33 - [TEST_STEP][PASSED] - switchToWindowIndex(currentTab + 1): Switched to window with index: '1'

2019-09-17 12:19:34 - [MESSAGE][PASSED] - Switched to window with index: '1'

2019-09-17 12:19:34 - [TEST_STEP][PASSED] - delay(2): Delayed 2 second(s)

2019-09-17 12:19:36 - [MESSAGE][PASSED] - Delayed 2 second(s)

2019-09-17 12:19:36 - [TEST_STEP][PASSED] - executor.executeScript("arguments[0].click();", findWebElement(findTestObject("Object Repository/virualShowRSVPOR/dashboard/a_close_mic_alert"), 5)): null

2019-09-17 12:19:36 - [TEST_STEP][PASSED] - UtilityMethods.validateGuestsListDashboard(yesList, noList, maybeList, noreplyList, presentList, allList): Delayed 2 second(s)

2019-09-17 12:19:37 - [MESSAGE][INFO] - Unable to find the element located by 'By.xpath: //div[@class='table-body']/div[@class='table-row']/div/div[@class='table-row-status']/i[position()=1]'. Please recheck the objects properties to make sure the desired element is located. 

2019-09-17 12:19:38 - [MESSAGE][INFO] - Unable to find the element located by 'By.xpath: //div[@class='table-body']/div[@class='table-row']/div/div[@class='table-row-status']/i[position()='2']'. Please recheck the objects properties to make sure the desired element is located. 

2019-09-17 12:19:39 - [MESSAGE][INFO] - Unable to find the element located by 'By.xpath: //div[@class='table-body']/div[@class='table-row']/div/div[@class='table-row-name']/a/i'. Please recheck the objects properties to make sure the desired element is located. 

2019-09-17 12:19:40 - [MESSAGE][INFO] - Unable to find the element located by 'By.xpath: //div[@class='table-body']/div[@class='table-row']/div/div[@class='table-row-name']/a/span[last()]'. Please recheck the objects properties to make sure the desired element is located. 

2019-09-17 12:19:41 - [MESSAGE][INFO] - Unable to find the element located by 'By.xpath: //div[@class='table-body']/div[@class='table-row']/div/div[@class='table-row-favorites']'. Please recheck the objects properties to make sure the desired element is located. 

2019-09-17 12:19:42 - [MESSAGE][INFO] - Unable to find the element located by 'By.xpath: //div[@class='table-body']/div[@class='table-row']/div/div[@class='table-row-ordered']'. Please recheck the objects properties to make sure the desired element is located. 

2019-09-17 12:19:44 - [MESSAGE][PASSED] - Delayed 2 second(s)

2019-09-17 12:19:46 - [MESSAGE][PASSED] - Delayed 2 second(s)

2019-09-17 12:19:49 - [MESSAGE][PASSED] - Delayed 2 second(s)

2019-09-17 12:19:51 - [MESSAGE][PASSED] - Delayed 2 second(s)

2019-09-17 12:19:52 - [MESSAGE][INFO] - Unable to find the element located by 'By.xpath: //div[@class='table-body']/div[@class='table-row']/div/div[@class='table-row-status']/i[position()=1]'. Please recheck the objects properties to make sure the desired element is located. 

2019-09-17 12:19:53 - [MESSAGE][INFO] - Unable to find the element located by 'By.xpath: //div[@class='table-body']/div[@class='table-row']/div/div[@class='table-row-status']/i[position()='2']'. Please recheck the objects properties to make sure the desired element is located. 

2019-09-17 12:19:54 - [MESSAGE][INFO] - Unable to find the element located by 'By.xpath: //div[@class='table-body']/div[@class='table-row']/div/div[@class='table-row-name']/a/i'. Please recheck the objects properties to make sure the desired element is located. 

2019-09-17 12:19:55 - [MESSAGE][INFO] - Unable to find the element located by 'By.xpath: //div[@class='table-body']/div[@class='table-row']/div/div[@class='table-row-name']/a/span[last()]'. Please recheck the objects properties to make sure the desired element is located. 

2019-09-17 12:19:56 - [MESSAGE][INFO] - Unable to find the element located by 'By.xpath: //div[@class='table-body']/div[@class='table-row']/div/div[@class='table-row-favorites']'. Please recheck the objects properties to make sure the desired element is located. 

2019-09-17 12:19:57 - [MESSAGE][INFO] - Unable to find the element located by 'By.xpath: //div[@class='table-body']/div[@class='table-row']/div/div[@class='table-row-ordered']'. Please recheck the objects properties to make sure the desired element is located. 

2019-09-17 12:19:59 - [MESSAGE][PASSED] - Delayed 2 second(s)

2019-09-17 12:20:02 - [MESSAGE][PASSED] - Delayed 2 second(s)

2019-09-17 12:20:02 - [TEST_STEP][PASSED] - switchToWindowIndex(currentTab + 2): Switched to window with index: '2'

2019-09-17 12:20:02 - [MESSAGE][PASSED] - Switched to window with index: '2'

2019-09-17 12:20:02 - [TEST_STEP][PASSED] - delay(2): Delayed 2 second(s)

2019-09-17 12:20:04 - [MESSAGE][PASSED] - Delayed 2 second(s)

2019-09-17 12:20:04 - [TEST_STEP][PASSED] - click(findTestObject("Object Repository/virualShowRSVPOR/Page_Show microsite/div_Update your RSVP")): Object: 'Object Repository/virualShowRSVPOR/Page_Show microsite/div_Update your RSVP' is clicked on

2019-09-17 12:20:04 - [MESSAGE][PASSED] - Object: 'Object Repository/virualShowRSVPOR/Page_Show microsite/div_Update your RSVP' is clicked on

2019-09-17 12:20:04 - [TEST_STEP][PASSED] - click(findTestObject("Object Repository/virualShowRSVPOR/Page_Show microsite/select_rsvp_no")): Object: 'Object Repository/virualShowRSVPOR/Page_Show microsite/select_rsvp_no' is clicked on

2019-09-17 12:20:04 - [MESSAGE][PASSED] - Object: 'Object Repository/virualShowRSVPOR/Page_Show microsite/select_rsvp_no' is clicked on

2019-09-17 12:20:04 - [TEST_STEP][PASSED] - click(findTestObject("Object Repository/virualShowRSVPOR/Page_Show microsite/button_SEND")): Object: 'Object Repository/virualShowRSVPOR/Page_Show microsite/button_SEND' is clicked on

2019-09-17 12:20:04 - [MESSAGE][PASSED] - Object: 'Object Repository/virualShowRSVPOR/Page_Show microsite/button_SEND' is clicked on

2019-09-17 12:20:04 - [TEST_STEP][PASSED] - delay(4): Delayed 4 second(s)

2019-09-17 12:20:08 - [MESSAGE][PASSED] - Delayed 4 second(s)

2019-09-17 12:20:08 - [TEST_STEP][PASSED] - verifyElementText(findTestObject("Object Repository/virualShowRSVPOR/Page_Show microsite/h2_Sorry you cant make it."), "Sorry you can't make it."): Actual text and expected text of test object 'Object Repository/virualShowRSVPOR/Page_Show microsite/h2_Sorry you cant make it.' are matched.

2019-09-17 12:20:08 - [MESSAGE][PASSED] - Actual text and expected text of test object 'Object Repository/virualShowRSVPOR/Page_Show microsite/h2_Sorry you cant make it.' are matched.

2019-09-17 12:20:08 - [TEST_STEP][PASSED] - noList.add(guest1Obj): null

2019-09-17 12:20:08 - [TEST_STEP][PASSED] - maybeList.remove(guest1Obj): null

2019-09-17 12:20:08 - [TEST_STEP][PASSED] - switchToWindowIndex(currentTab + 1): Switched to window with index: '1'

2019-09-17 12:20:08 - [MESSAGE][PASSED] - Switched to window with index: '1'

2019-09-17 12:20:08 - [TEST_STEP][PASSED] - UtilityMethods.validateGuestsListDashboard(yesList, noList, maybeList, noreplyList, presentList, allList): Delayed 2 second(s)

2019-09-17 12:20:09 - [MESSAGE][INFO] - Unable to find the element located by 'By.xpath: //div[@class='table-body']/div[@class='table-row']/div/div[@class='table-row-status']/i[position()=1]'. Please recheck the objects properties to make sure the desired element is located. 

2019-09-17 12:20:10 - [MESSAGE][INFO] - Unable to find the element located by 'By.xpath: //div[@class='table-body']/div[@class='table-row']/div/div[@class='table-row-status']/i[position()='2']'. Please recheck the objects properties to make sure the desired element is located. 

2019-09-17 12:20:12 - [MESSAGE][INFO] - Unable to find the element located by 'By.xpath: //div[@class='table-body']/div[@class='table-row']/div/div[@class='table-row-name']/a/i'. Please recheck the objects properties to make sure the desired element is located. 

2019-09-17 12:20:13 - [MESSAGE][INFO] - Unable to find the element located by 'By.xpath: //div[@class='table-body']/div[@class='table-row']/div/div[@class='table-row-name']/a/span[last()]'. Please recheck the objects properties to make sure the desired element is located. 

2019-09-17 12:20:14 - [MESSAGE][INFO] - Unable to find the element located by 'By.xpath: //div[@class='table-body']/div[@class='table-row']/div/div[@class='table-row-favorites']'. Please recheck the objects properties to make sure the desired element is located. 

2019-09-17 12:20:15 - [MESSAGE][INFO] - Unable to find the element located by 'By.xpath: //div[@class='table-body']/div[@class='table-row']/div/div[@class='table-row-ordered']'. Please recheck the objects properties to make sure the desired element is located. 

2019-09-17 12:20:17 - [MESSAGE][PASSED] - Delayed 2 second(s)

2019-09-17 12:20:19 - [MESSAGE][PASSED] - Delayed 2 second(s)

2019-09-17 12:20:21 - [MESSAGE][PASSED] - Delayed 2 second(s)

2019-09-17 12:20:24 - [MESSAGE][PASSED] - Delayed 2 second(s)

2019-09-17 12:20:26 - [MESSAGE][PASSED] - Delayed 2 second(s)

2019-09-17 12:20:27 - [MESSAGE][INFO] - Unable to find the element located by 'By.xpath: //div[@class='table-body']/div[@class='table-row']/div/div[@class='table-row-status']/i[position()=1]'. Please recheck the objects properties to make sure the desired element is located. 

2019-09-17 12:20:28 - [MESSAGE][INFO] - Unable to find the element located by 'By.xpath: //div[@class='table-body']/div[@class='table-row']/div/div[@class='table-row-status']/i[position()='2']'. Please recheck the objects properties to make sure the desired element is located. 

2019-09-17 12:20:29 - [MESSAGE][INFO] - Unable to find the element located by 'By.xpath: //div[@class='table-body']/div[@class='table-row']/div/div[@class='table-row-name']/a/i'. Please recheck the objects properties to make sure the desired element is located. 

2019-09-17 12:20:30 - [MESSAGE][INFO] - Unable to find the element located by 'By.xpath: //div[@class='table-body']/div[@class='table-row']/div/div[@class='table-row-name']/a/span[last()]'. Please recheck the objects properties to make sure the desired element is located. 

2019-09-17 12:20:31 - [MESSAGE][INFO] - Unable to find the element located by 'By.xpath: //div[@class='table-body']/div[@class='table-row']/div/div[@class='table-row-favorites']'. Please recheck the objects properties to make sure the desired element is located. 

2019-09-17 12:20:32 - [MESSAGE][INFO] - Unable to find the element located by 'By.xpath: //div[@class='table-body']/div[@class='table-row']/div/div[@class='table-row-ordered']'. Please recheck the objects properties to make sure the desired element is located. 

2019-09-17 12:20:34 - [MESSAGE][PASSED] - Delayed 2 second(s)

2019-09-17 12:20:34 - [TEST_STEP][PASSED] - switchToWindowIndex(currentTab + 2): Switched to window with index: '2'

2019-09-17 12:20:34 - [MESSAGE][PASSED] - Switched to window with index: '2'

2019-09-17 12:20:34 - [TEST_STEP][PASSED] - delay(2): Delayed 2 second(s)

2019-09-17 12:20:36 - [MESSAGE][PASSED] - Delayed 2 second(s)

2019-09-17 12:20:36 - [TEST_STEP][PASSED] - click(findTestObject("Object Repository/virualShowRSVPOR/Page_Show microsite/div_Update your RSVP")): Object: 'Object Repository/virualShowRSVPOR/Page_Show microsite/div_Update your RSVP' is clicked on

2019-09-17 12:20:37 - [MESSAGE][PASSED] - Object: 'Object Repository/virualShowRSVPOR/Page_Show microsite/div_Update your RSVP' is clicked on

2019-09-17 12:20:37 - [TEST_STEP][PASSED] - click(findTestObject("Object Repository/virualShowRSVPOR/Page_Show microsite/select_rsvp_yes")): Object: 'Object Repository/virualShowRSVPOR/Page_Show microsite/select_rsvp_yes' is clicked on

2019-09-17 12:20:37 - [MESSAGE][PASSED] - Object: 'Object Repository/virualShowRSVPOR/Page_Show microsite/select_rsvp_yes' is clicked on

2019-09-17 12:20:37 - [TEST_STEP][PASSED] - click(findTestObject("Object Repository/virualShowRSVPOR/Page_Show microsite/button_SEND")): Object: 'Object Repository/virualShowRSVPOR/Page_Show microsite/button_SEND' is clicked on

2019-09-17 12:20:37 - [MESSAGE][PASSED] - Object: 'Object Repository/virualShowRSVPOR/Page_Show microsite/button_SEND' is clicked on

2019-09-17 12:20:37 - [TEST_STEP][PASSED] - delay(4): Delayed 4 second(s)

2019-09-17 12:20:41 - [MESSAGE][PASSED] - Delayed 4 second(s)

2019-09-17 12:20:41 - [TEST_STEP][PASSED] - verifyElementText(findTestObject("Object Repository/virualShowRSVPOR/Page_Show microsite/h2_Were so glad you can make it."), "We're so glad you can make it."): Actual text and expected text of test object 'Object Repository/virualShowRSVPOR/Page_Show microsite/h2_Were so glad you can make it.' are matched.

2019-09-17 12:20:41 - [MESSAGE][PASSED] - Actual text and expected text of test object 'Object Repository/virualShowRSVPOR/Page_Show microsite/h2_Were so glad you can make it.' are matched.

2019-09-17 12:20:41 - [TEST_STEP][PASSED] - delay(4): Delayed 4 second(s)

2019-09-17 12:20:45 - [MESSAGE][PASSED] - Delayed 4 second(s)

2019-09-17 12:20:45 - [TEST_STEP][PASSED] - click(findTestObject("Object Repository/showMicrosite/button_join_the_show")): Object: 'Object Repository/showMicrosite/button_join_the_show' is clicked on

2019-09-17 12:20:45 - [MESSAGE][PASSED] - Object: 'Object Repository/showMicrosite/button_join_the_show' is clicked on

2019-09-17 12:20:45 - [TEST_STEP][PASSED] - delay(3): Delayed 3 second(s)

2019-09-17 12:20:48 - [MESSAGE][PASSED] - Delayed 3 second(s)

2019-09-17 12:20:48 - [TEST_STEP][PASSED] - executor.executeScript("arguments[0].click();", findWebElement(findTestObject("Object Repository/virualShowRSVPOR/dashboard/a_close_mic_alert"), 5)): null

2019-09-17 12:20:48 - [TEST_STEP][PASSED] - active = true: null

2019-09-17 12:20:48 - [TEST_STEP][PASSED] - micStatus = 2: null

2019-09-17 12:20:48 - [TEST_STEP][PASSED] - webcamStatus = 2: null

2019-09-17 12:20:48 - [TEST_STEP][PASSED] - presentList.add(guest1Obj): null

2019-09-17 12:20:48 - [TEST_STEP][PASSED] - yesList.add(guest1Obj): null

2019-09-17 12:20:48 - [TEST_STEP][PASSED] - noList.remove(guest1Obj): null

2019-09-17 12:20:48 - [TEST_STEP][PASSED] - switchToWindowIndex(currentTab + 1): Switched to window with index: '1'

2019-09-17 12:20:48 - [MESSAGE][PASSED] - Switched to window with index: '1'

2019-09-17 12:20:48 - [TEST_STEP][PASSED] - UtilityMethods.validateGuestsListDashboard(yesList, noList, maybeList, noreplyList, presentList, allList): Delayed 2 second(s)

2019-09-17 12:20:51 - [MESSAGE][PASSED] - Delayed 2 second(s)

2019-09-17 12:20:53 - [MESSAGE][PASSED] - Delayed 2 second(s)

2019-09-17 12:20:56 - [MESSAGE][PASSED] - Delayed 2 second(s)

2019-09-17 12:20:58 - [MESSAGE][PASSED] - Delayed 2 second(s)

2019-09-17 12:20:59 - [MESSAGE][INFO] - Unable to find the element located by 'By.xpath: //div[@class='table-body']/div[@class='table-row']/div/div[@class='table-row-status']/i[position()=1]'. Please recheck the objects properties to make sure the desired element is located. 

2019-09-17 12:21:00 - [MESSAGE][INFO] - Unable to find the element located by 'By.xpath: //div[@class='table-body']/div[@class='table-row']/div/div[@class='table-row-status']/i[position()='2']'. Please recheck the objects properties to make sure the desired element is located. 

2019-09-17 12:21:01 - [MESSAGE][INFO] - Unable to find the element located by 'By.xpath: //div[@class='table-body']/div[@class='table-row']/div/div[@class='table-row-name']/a/i'. Please recheck the objects properties to make sure the desired element is located. 

2019-09-17 12:21:02 - [MESSAGE][INFO] - Unable to find the element located by 'By.xpath: //div[@class='table-body']/div[@class='table-row']/div/div[@class='table-row-name']/a/span[last()]'. Please recheck the objects properties to make sure the desired element is located. 

2019-09-17 12:21:03 - [MESSAGE][INFO] - Unable to find the element located by 'By.xpath: //div[@class='table-body']/div[@class='table-row']/div/div[@class='table-row-favorites']'. Please recheck the objects properties to make sure the desired element is located. 

2019-09-17 12:21:04 - [MESSAGE][INFO] - Unable to find the element located by 'By.xpath: //div[@class='table-body']/div[@class='table-row']/div/div[@class='table-row-ordered']'. Please recheck the objects properties to make sure the desired element is located. 

2019-09-17 12:21:06 - [MESSAGE][PASSED] - Delayed 2 second(s)

2019-09-17 12:21:07 - [MESSAGE][INFO] - Unable to find the element located by 'By.xpath: //div[@class='table-body']/div[@class='table-row']/div/div[@class='table-row-status']/i[position()=1]'. Please recheck the objects properties to make sure the desired element is located. 

2019-09-17 12:21:08 - [MESSAGE][INFO] - Unable to find the element located by 'By.xpath: //div[@class='table-body']/div[@class='table-row']/div/div[@class='table-row-status']/i[position()='2']'. Please recheck the objects properties to make sure the desired element is located. 

2019-09-17 12:21:09 - [MESSAGE][INFO] - Unable to find the element located by 'By.xpath: //div[@class='table-body']/div[@class='table-row']/div/div[@class='table-row-name']/a/i'. Please recheck the objects properties to make sure the desired element is located. 

2019-09-17 12:21:11 - [MESSAGE][INFO] - Unable to find the element located by 'By.xpath: //div[@class='table-body']/div[@class='table-row']/div/div[@class='table-row-name']/a/span[last()]'. Please recheck the objects properties to make sure the desired element is located. 

2019-09-17 12:21:12 - [MESSAGE][INFO] - Unable to find the element located by 'By.xpath: //div[@class='table-body']/div[@class='table-row']/div/div[@class='table-row-favorites']'. Please recheck the objects properties to make sure the desired element is located. 

2019-09-17 12:21:13 - [MESSAGE][INFO] - Unable to find the element located by 'By.xpath: //div[@class='table-body']/div[@class='table-row']/div/div[@class='table-row-ordered']'. Please recheck the objects properties to make sure the desired element is located. 

2019-09-17 12:21:15 - [MESSAGE][PASSED] - Delayed 2 second(s)

2019-09-17 12:21:15 - [TEST_STEP][PASSED] - delay(2): Delayed 2 second(s)

2019-09-17 12:21:17 - [MESSAGE][PASSED] - Delayed 2 second(s)

2019-09-17 12:21:17 - [TEST_STEP][PASSED] - executor.executeScript("arguments[0].click();", findWebElement(findTestObject("Object Repository/virualShowRSVPOR/dashboard/i_start_webcam"), 5)): null

2019-09-17 12:21:17 - [TEST_STEP][PASSED] - delay(5): Delayed 5 second(s)

2019-09-17 12:21:22 - [MESSAGE][PASSED] - Delayed 5 second(s)

2019-09-17 12:21:22 - [TEST_STEP][PASSED] - UtilityMethods.takeWebElementScreenshot(findTestObject("Object Repository/virualShowRSVPOR/dashboard/div_infocus_both_images"), "infocus"): null

2019-09-17 12:21:24 - [TEST_STEP][PASSED] - switchToWindowIndex(currentTab + 2): Switched to window with index: '2'

2019-09-17 12:21:24 - [MESSAGE][PASSED] - Switched to window with index: '2'

2019-09-17 12:21:24 - [TEST_STEP][PASSED] - delay(5): Delayed 5 second(s)

2019-09-17 12:21:29 - [MESSAGE][PASSED] - Delayed 5 second(s)

2019-09-17 12:21:29 - [TEST_STEP][PASSED] - UtilityMethods.takeWebElementScreenshot(findTestObject("Object Repository/virualShowRSVPOR/Page_Show microsite/div_infocus_both_images_microsite"), "infocus"): null

2019-09-17 12:21:30 - [TEST_STEP][PASSED] - delay(2): Delayed 2 second(s)

2019-09-17 12:21:32 - [MESSAGE][PASSED] - Delayed 2 second(s)

2019-09-17 12:21:32 - [TEST_STEP][PASSED] - switchToWindowIndex(currentTab + 1): Switched to window with index: '1'

2019-09-17 12:21:32 - [MESSAGE][PASSED] - Switched to window with index: '1'

2019-09-17 12:21:32 - [TEST_STEP][PASSED] - delay(2): Delayed 2 second(s)

2019-09-17 12:21:34 - [MESSAGE][PASSED] - Delayed 2 second(s)

2019-09-17 12:21:34 - [TEST_STEP][PASSED] - try: null

2019-09-17 12:21:34 - [TEST_STEP][PASSED] - assert VSGuest.validateGuests(findTestObject("Object Repository/virualShowRSVPOR/dashboard/select_present"), presentList): null

2019-09-17 12:21:35 - [TEST_STEP][PASSED] - delay(2): Delayed 2 second(s)

2019-09-17 12:21:37 - [MESSAGE][PASSED] - Delayed 2 second(s)

2019-09-17 12:21:37 - [TEST_STEP][PASSED] - executor.executeScript("arguments[0].click();", findWebElement(findTestObject("Object Repository/virualShowRSVPOR/dashboard/guest_micStatuss"), 5)): null

2019-09-17 12:21:37 - [TEST_STEP][PASSED] - micStatus = 1: null

2019-09-17 12:21:37 - [TEST_STEP][PASSED] - switchToWindowIndex(currentTab + 2): Switched to window with index: '2'

2019-09-17 12:21:37 - [MESSAGE][PASSED] - Switched to window with index: '2'

2019-09-17 12:21:37 - [TEST_STEP][PASSED] - delay(2): Delayed 2 second(s)

2019-09-17 12:21:39 - [MESSAGE][PASSED] - Delayed 2 second(s)

2019-09-17 12:21:39 - [TEST_STEP][PASSED] - guestMicBB = findWebElements(findTestObject("Object Repository/virualShowRSVPOR/Page_Show microsite/guest_mic_brady_bunch"), 5): Unable to find the element located by 'By.xpath: //div[@class='video-icon-holder']/i[@class='icon-microphone-slash video-icon']'. Please recheck the objects properties to make sure the desired element is located. 

2019-09-17 12:21:44 - [MESSAGE][INFO] - Unable to find the element located by 'By.xpath: //div[@class='video-icon-holder']/i[@class='icon-microphone-slash video-icon']'. Please recheck the objects properties to make sure the desired element is located. 

2019-09-17 12:21:44 - [TEST_STEP][PASSED] - assert guestMicBB.size() == 0: null

2019-09-17 12:21:44 - [TEST_STEP][PASSED] - switchToWindowIndex(currentTab + 1): Switched to window with index: '1'

2019-09-17 12:21:44 - [MESSAGE][PASSED] - Switched to window with index: '1'

2019-09-17 12:21:44 - [TEST_STEP][PASSED] - delay(2): Delayed 2 second(s)

2019-09-17 12:21:46 - [MESSAGE][PASSED] - Delayed 2 second(s)

2019-09-17 12:21:46 - [TEST_STEP][PASSED] - executor.executeScript("arguments[0].click();", findWebElement(findTestObject("Object Repository/virualShowRSVPOR/dashboard/guest_webcamStatuss_disable"), 5)): null

2019-09-17 12:21:46 - [TEST_STEP][PASSED] - webcamStatus = 1: null

2019-09-17 12:21:46 - [TEST_STEP][PASSED] - switchToWindowIndex(currentTab + 2): Switched to window with index: '2'

2019-09-17 12:21:46 - [MESSAGE][PASSED] - Switched to window with index: '2'

2019-09-17 12:21:46 - [TEST_STEP][PASSED] - delay(2): Delayed 2 second(s)

2019-09-17 12:21:48 - [MESSAGE][PASSED] - Delayed 2 second(s)

2019-09-17 12:21:48 - [TEST_STEP][PASSED] - guestWebcamBB = findWebElements(findTestObject("Object Repository/virualShowRSVPOR/Page_Show microsite/guest_webcam_brady_bunch"), 5): Unable to find the element located by 'By.xpath: //div[@class='video-icon-holder']/i[@class='icon-video-slash video-icon']'. Please recheck the objects properties to make sure the desired element is located. 

2019-09-17 12:21:54 - [MESSAGE][INFO] - Unable to find the element located by 'By.xpath: //div[@class='video-icon-holder']/i[@class='icon-video-slash video-icon']'. Please recheck the objects properties to make sure the desired element is located. 

2019-09-17 12:21:54 - [TEST_STEP][PASSED] - assert guestWebcamBB.size() == 0: null

2019-09-17 12:21:54 - [TEST_STEP][PASSED] - switchToWindowIndex(currentTab + 1): Switched to window with index: '1'

2019-09-17 12:21:54 - [MESSAGE][PASSED] - Switched to window with index: '1'

2019-09-17 12:21:54 - [TEST_STEP][PASSED] - delay(4): Delayed 4 second(s)

2019-09-17 12:21:58 - [MESSAGE][PASSED] - Delayed 4 second(s)

2019-09-17 12:21:58 - [TEST_STEP][PASSED] - iMStylist = "Hi I am stylistA": null

2019-09-17 12:21:58 - [TEST_STEP][PASSED] - iMGuest1 = "Hi I am guest 1A": null

2019-09-17 12:21:58 - [TEST_STEP][PASSED] - iMGuest2 = "Hi I am guest 2": null

2019-09-17 12:21:58 - [TEST_STEP][PASSED] - expectedMessage = <not implemented yet for class: org.codehaus.groovy.ast.expr.EmptyExpression>: null

2019-09-17 12:21:58 - [TEST_STEP][PASSED] - actualMessage = <not implemented yet for class: org.codehaus.groovy.ast.expr.EmptyExpression>: null

2019-09-17 12:21:58 - [TEST_STEP][PASSED] - stylstName = getText(findTestObject("Object Repository/virualShowRSVPOR/chatboard/my_sender_name")): Text of object 'Object Repository/virualShowRSVPOR/chatboard/my_sender_name' is: 'Test'

2019-09-17 12:21:58 - [MESSAGE][PASSED] - Text of object 'Object Repository/virualShowRSVPOR/chatboard/my_sender_name' is: 'Test'

2019-09-17 12:21:58 - [TEST_STEP][PASSED] - g1 = UtilityMethods.splitPersonName(guest1)[0]: null

2019-09-17 12:21:58 - [TEST_STEP][PASSED] - setText(findTestObject("Object Repository/virualShowRSVPOR/chatboard/input_text"), iMStylist): Text 'Hi I am stylistA' is set on object 'Object Repository/virualShowRSVPOR/chatboard/input_text'

2019-09-17 12:21:59 - [MESSAGE][PASSED] - Text 'Hi I am stylistA' is set on object 'Object Repository/virualShowRSVPOR/chatboard/input_text'

2019-09-17 12:21:59 - [TEST_STEP][PASSED] - click(findTestObject("Object Repository/virualShowRSVPOR/chatboard/send_text")): Object: 'Object Repository/virualShowRSVPOR/chatboard/send_text' is clicked on

2019-09-17 12:21:59 - [MESSAGE][PASSED] - Object: 'Object Repository/virualShowRSVPOR/chatboard/send_text' is clicked on

2019-09-17 12:21:59 - [TEST_STEP][PASSED] - expectedMessage = new commonUtility.ChatMessage(stylstName, iMStylist): null

2019-09-17 12:21:59 - [TEST_STEP][PASSED] - switchToWindowIndex(currentTab + 2): Switched to window with index: '2'

2019-09-17 12:21:59 - [MESSAGE][PASSED] - Switched to window with index: '2'

2019-09-17 12:21:59 - [TEST_STEP][PASSED] - delay(3): Delayed 3 second(s)

2019-09-17 12:22:02 - [MESSAGE][PASSED] - Delayed 3 second(s)

2019-09-17 12:22:02 - [TEST_STEP][PASSED] - actualMessage = new commonUtility.ChatMessage(com.kms.katalon.core.webui.keyword.WebUiBuiltInKeywords.getText(com.kms.katalon.core.testobject.ObjectRepository.findTestObject(Object Repository/virualShowRSVPOR/chatboard/last_sender)), com.kms.katalon.core.webui.keyword.WebUiBuiltInKeywords.getText(com.kms.katalon.core.testobject.ObjectRepository.findTestObject(Object Repository/virualShowRSVPOR/chatboard/last_message))): Text of object 'Object Repository/virualShowRSVPOR/chatboard/last_message' is: 'Hi I am stylistA'

2019-09-17 12:22:02 - [MESSAGE][PASSED] - Text of object 'Object Repository/virualShowRSVPOR/chatboard/last_sender' is: 'Test'

2019-09-17 12:22:02 - [MESSAGE][PASSED] - Text of object 'Object Repository/virualShowRSVPOR/chatboard/last_message' is: 'Hi I am stylistA'

2019-09-17 12:22:02 - [TEST_STEP][PASSED] - assert actualMessage.equals(expectedMessage): null

2019-09-17 12:22:02 - [TEST_STEP][PASSED] - delay(2): Delayed 2 second(s)

2019-09-17 12:22:04 - [MESSAGE][PASSED] - Delayed 2 second(s)

2019-09-17 12:22:04 - [TEST_STEP][PASSED] - setText(findTestObject("Object Repository/virualShowRSVPOR/chatboard/input_text"), iMGuest1): Text 'Hi I am guest 1A' is set on object 'Object Repository/virualShowRSVPOR/chatboard/input_text'

2019-09-17 12:22:05 - [MESSAGE][PASSED] - Text 'Hi I am guest 1A' is set on object 'Object Repository/virualShowRSVPOR/chatboard/input_text'

2019-09-17 12:22:05 - [TEST_STEP][PASSED] - click(findTestObject("Object Repository/virualShowRSVPOR/chatboard/send_text")): Object: 'Object Repository/virualShowRSVPOR/chatboard/send_text' is clicked on

2019-09-17 12:22:05 - [MESSAGE][PASSED] - Object: 'Object Repository/virualShowRSVPOR/chatboard/send_text' is clicked on

2019-09-17 12:22:05 - [TEST_STEP][PASSED] - expectedMessage = new commonUtility.ChatMessage(g1, iMGuest1): null

2019-09-17 12:22:05 - [TEST_STEP][PASSED] - switchToWindowIndex(currentTab + 1): Switched to window with index: '1'

2019-09-17 12:22:05 - [MESSAGE][PASSED] - Switched to window with index: '1'

2019-09-17 12:22:05 - [TEST_STEP][PASSED] - delay(3): Delayed 3 second(s)

2019-09-17 12:22:08 - [MESSAGE][PASSED] - Delayed 3 second(s)

2019-09-17 12:22:08 - [TEST_STEP][PASSED] - actualMessage = new commonUtility.ChatMessage(com.kms.katalon.core.webui.keyword.WebUiBuiltInKeywords.getText(com.kms.katalon.core.testobject.ObjectRepository.findTestObject(Object Repository/virualShowRSVPOR/chatboard/last_sender_stylist)), com.kms.katalon.core.webui.keyword.WebUiBuiltInKeywords.getText(com.kms.katalon.core.testobject.ObjectRepository.findTestObject(Object Repository/virualShowRSVPOR/chatboard/last_message_stylist))): Text of object 'Object Repository/virualShowRSVPOR/chatboard/last_message_stylist' is: 'Hi I am guest 1A'

2019-09-17 12:22:09 - [MESSAGE][PASSED] - Text of object 'Object Repository/virualShowRSVPOR/chatboard/last_sender_stylist' is: 'guest1-test'

2019-09-17 12:22:09 - [MESSAGE][PASSED] - Text of object 'Object Repository/virualShowRSVPOR/chatboard/last_message_stylist' is: 'Hi I am guest 1A'

2019-09-17 12:22:09 - [TEST_STEP][PASSED] - assert actualMessage.equals(expectedMessage): null

2019-09-17 12:22:09 - [TEST_STEP][PASSED] - click(findTestObject("virualShowRSVPOR/dashboard/playVideosButton")): Object: 'Object Repository/virualShowRSVPOR/dashboard/playVideosButton' is clicked on

2019-09-17 12:22:09 - [MESSAGE][PASSED] - Object: 'Object Repository/virualShowRSVPOR/dashboard/playVideosButton' is clicked on

2019-09-17 12:22:09 - [TEST_STEP][PASSED] - delay(3): Delayed 3 second(s)

2019-09-17 12:22:12 - [MESSAGE][PASSED] - Delayed 3 second(s)

2019-09-17 12:22:12 - [TEST_STEP][PASSED] - click(findTestObject("virualShowRSVPOR/dashboard/playButton")): Object: 'Object Repository/virualShowRSVPOR/dashboard/playButton' is clicked on

2019-09-17 12:22:12 - [MESSAGE][PASSED] - Object: 'Object Repository/virualShowRSVPOR/dashboard/playButton' is clicked on

2019-09-17 12:22:12 - [TEST_STEP][PASSED] - delay(5): Delayed 5 second(s)

2019-09-17 12:22:17 - [MESSAGE][PASSED] - Delayed 5 second(s)

2019-09-17 12:22:17 - [TEST_STEP][PASSED] - UtilityMethods.takeWebElementScreenshot(findTestObject("Object Repository/virualShowRSVPOR/dashboard/div_infocus_both_images"), "video1"): null

2019-09-17 12:22:18 - [TEST_STEP][PASSED] - switchToWindowIndex(currentTab + 2): Switched to window with index: '2'

2019-09-17 12:22:18 - [MESSAGE][PASSED] - Switched to window with index: '2'

2019-09-17 12:22:18 - [TEST_STEP][PASSED] - delay(5): Delayed 5 second(s)

2019-09-17 12:22:23 - [MESSAGE][PASSED] - Delayed 5 second(s)

2019-09-17 12:22:23 - [TEST_STEP][PASSED] - UtilityMethods.takeWebElementScreenshot(findTestObject("Object Repository/virualShowRSVPOR/Page_Show microsite/div_infocus_both_images_microsite"), "video2"): null

2019-09-17 12:22:23 - [TEST_STEP][NOT_RUN] - delay(5): NOT_RUN: delay(5)

2019-09-17 12:22:23 - [MESSAGE][NOT_RUN] - NOT_RUN: delay(5)

2019-09-17 12:22:23 - [TEST_STEP][PASSED] - waitForElementClickable(findTestObject("virualShowRSVPOR/carouselTestObjects/carouselSaveOutfit"), 5): Object 'Object Repository/virualShowRSVPOR/carouselTestObjects/carouselSaveOutfit' is clickable

2019-09-17 12:22:27 - [MESSAGE][PASSED] - Object 'Object Repository/virualShowRSVPOR/carouselTestObjects/carouselSaveOutfit' is clickable

2019-09-17 12:22:27 - [TEST_STEP][PASSED] - click(findTestObject("virualShowRSVPOR/carouselTestObjects/carouselSaveOutfit")): Object: 'Object Repository/virualShowRSVPOR/carouselTestObjects/carouselSaveOutfit' is clicked on

2019-09-17 12:22:27 - [MESSAGE][PASSED] - Object: 'Object Repository/virualShowRSVPOR/carouselTestObjects/carouselSaveOutfit' is clicked on

2019-09-17 12:22:27 - [TEST_STEP][PASSED] - favorites = favorites + 3: null

2019-09-17 12:22:27 - [TEST_STEP][PASSED] - switchToWindowIndex(currentTab + 1): Switched to window with index: '1'

2019-09-17 12:22:27 - [MESSAGE][PASSED] - Switched to window with index: '1'

2019-09-17 12:22:27 - [TEST_STEP][PASSED] - delay(15): Delayed 15 second(s)

2019-09-17 12:22:42 - [MESSAGE][PASSED] - Delayed 15 second(s)

2019-09-17 12:22:42 - [TEST_STEP][PASSED] - try: null

2019-09-17 12:22:42 - [TEST_STEP][PASSED] - assert VSGuest.validateGuests(findTestObject("Object Repository/virualShowRSVPOR/dashboard/select_present"), presentList): null

2019-09-17 12:22:43 - [TEST_STEP][PASSED] - delay(2): Delayed 2 second(s)

2019-09-17 12:22:45 - [MESSAGE][PASSED] - Delayed 2 second(s)

2019-09-17 12:22:45 - [TEST_STEP][PASSED] - click(findTestObject("Object Repository/virualShowRSVPOR/dashboard/button_shopping")): Object: 'Object Repository/virualShowRSVPOR/dashboard/button_shopping' is clicked on

2019-09-17 12:22:45 - [MESSAGE][PASSED] - Object: 'Object Repository/virualShowRSVPOR/dashboard/button_shopping' is clicked on

2019-09-17 12:22:45 - [TEST_STEP][PASSED] - webcamStatus = 2: null

2019-09-17 12:22:45 - [TEST_STEP][PASSED] - micStatus = 2: null

2019-09-17 12:22:45 - [TEST_STEP][PASSED] - switchToWindowIndex(currentTab + 2): Switched to window with index: '2'

2019-09-17 12:22:45 - [MESSAGE][PASSED] - Switched to window with index: '2'

2019-09-17 12:22:45 - [TEST_STEP][PASSED] - delay(3): Delayed 3 second(s)

2019-09-17 12:22:48 - [MESSAGE][PASSED] - Delayed 3 second(s)

2019-09-17 12:22:48 - [TEST_STEP][PASSED] - click(findTestObject("Object Repository/virualShowRSVPOR/Page_Show microsite/button_view_my_fav")): Object: 'Object Repository/virualShowRSVPOR/Page_Show microsite/button_view_my_fav' is clicked on

2019-09-17 12:22:48 - [MESSAGE][PASSED] - Object: 'Object Repository/virualShowRSVPOR/Page_Show microsite/button_view_my_fav' is clicked on

2019-09-17 12:22:48 - [TEST_STEP][PASSED] - delay(3): Delayed 3 second(s)

2019-09-17 12:22:51 - [MESSAGE][PASSED] - Delayed 3 second(s)

2019-09-17 12:22:51 - [TEST_STEP][PASSED] - click(findTestObject("virualShowRSVPOR/Page_Show microsite/div_chat_opened")): Object: 'Object Repository/virualShowRSVPOR/Page_Show microsite/div_chat_opened' is clicked on

2019-09-17 12:22:51 - [MESSAGE][PASSED] - Object: 'Object Repository/virualShowRSVPOR/Page_Show microsite/div_chat_opened' is clicked on

2019-09-17 12:22:51 - [TEST_STEP][PASSED] - delay(3): Delayed 3 second(s)

2019-09-17 12:22:54 - [MESSAGE][PASSED] - Delayed 3 second(s)

2019-09-17 12:22:54 - [TEST_STEP][PASSED] - click(findTestObject("Object Repository/virualShowRSVPOR/Page_Show microsite/div_chat_closed")): Object: 'Object Repository/virualShowRSVPOR/Page_Show microsite/div_chat_closed' is clicked on

2019-09-17 12:22:54 - [MESSAGE][PASSED] - Object: 'Object Repository/virualShowRSVPOR/Page_Show microsite/div_chat_closed' is clicked on

2019-09-17 12:22:54 - [TEST_STEP][PASSED] - delay(3): Delayed 3 second(s)

2019-09-17 12:22:57 - [MESSAGE][PASSED] - Delayed 3 second(s)

2019-09-17 12:22:57 - [TEST_STEP][PASSED] - delay(3): Delayed 3 second(s)

2019-09-17 12:23:00 - [MESSAGE][PASSED] - Delayed 3 second(s)

2019-09-17 12:23:00 - [TEST_STEP][PASSED] - click(findTestObject("Object Repository/virualShowRSVPOR/Page_Show microsite/button_add_to_bag_from_fav")): Object: 'Object Repository/virualShowRSVPOR/Page_Show microsite/button_add_to_bag_from_fav' is clicked on

2019-09-17 12:23:01 - [MESSAGE][PASSED] - Object: 'Object Repository/virualShowRSVPOR/Page_Show microsite/button_add_to_bag_from_fav' is clicked on

2019-09-17 12:23:01 - [TEST_STEP][PASSED] - delay(3): Delayed 3 second(s)

2019-09-17 12:23:04 - [MESSAGE][PASSED] - Delayed 3 second(s)

2019-09-17 12:23:04 - [TEST_STEP][PASSED] - noOfOptions = findWebElements(findTestObject("Object Repository/virualShowRSVPOR/Page_Show microsite/div_no_of_options_for_add_to_bag_item"), 5): null

2019-09-17 12:23:04 - [TEST_STEP][PASSED] - for ([i = 1, i <= noOfOptions.size(), (i++)]): Delayed 3 second(s)

2019-09-17 12:23:04 - [TEST_STEP][PASSED] - delay(3): Delayed 3 second(s)

2019-09-17 12:23:07 - [MESSAGE][PASSED] - Delayed 3 second(s)

2019-09-17 12:23:07 - [TEST_STEP][PASSED] - dropDown = UtilityMethods.createTestObject("div_drop_down", "(//div[@class='dropdown-toggle']/div[@class='dropdown-button']/div[@class='drop-caret'])[", Integer.toString(i), "]"): null

2019-09-17 12:23:07 - [TEST_STEP][PASSED] - click(dropDown): Object: 'div_drop_down' is clicked on

2019-09-17 12:23:07 - [MESSAGE][PASSED] - Object: 'div_drop_down' is clicked on

2019-09-17 12:23:07 - [TEST_STEP][PASSED] - delay(3): Delayed 3 second(s)

2019-09-17 12:23:10 - [MESSAGE][PASSED] - Delayed 3 second(s)

2019-09-17 12:23:10 - [TEST_STEP][PASSED] - selectSecondOption = UtilityMethods.createTestObject("div_select_second_option", "(//div/div[@class='item-options bootstrap']/app-dropdown)[", Integer.toString(i), "]/div/div/div/div/div/div/div[@class='dropdown-item' and position()='2']"): null

2019-09-17 12:23:10 - [TEST_STEP][PASSED] - click(selectSecondOption): Object: 'div_select_second_option' is clicked on

2019-09-17 12:23:10 - [MESSAGE][PASSED] - Object: 'div_select_second_option' is clicked on

2019-09-17 12:23:10 - [TEST_STEP][PASSED] - delay(3): Delayed 3 second(s)

2019-09-17 12:23:13 - [MESSAGE][PASSED] - Delayed 3 second(s)

2019-09-17 12:23:13 - [TEST_STEP][PASSED] - delay(3): Delayed 3 second(s)

2019-09-17 12:23:16 - [MESSAGE][PASSED] - Delayed 3 second(s)

2019-09-17 12:23:16 - [TEST_STEP][PASSED] - dropDown = UtilityMethods.createTestObject("div_drop_down", "(//div[@class='dropdown-toggle']/div[@class='dropdown-button']/div[@class='drop-caret'])[", Integer.toString(i), "]"): null

2019-09-17 12:23:16 - [TEST_STEP][PASSED] - click(dropDown): Object: 'div_drop_down' is clicked on

2019-09-17 12:23:16 - [MESSAGE][PASSED] - Object: 'div_drop_down' is clicked on

2019-09-17 12:23:16 - [TEST_STEP][PASSED] - delay(3): Delayed 3 second(s)

2019-09-17 12:23:19 - [MESSAGE][PASSED] - Delayed 3 second(s)

2019-09-17 12:23:19 - [TEST_STEP][PASSED] - selectSecondOption = UtilityMethods.createTestObject("div_select_second_option", "(//div/div[@class='item-options bootstrap']/app-dropdown)[", Integer.toString(i), "]/div/div/div/div/div/div/div[@class='dropdown-item' and position()='2']"): null

2019-09-17 12:23:19 - [TEST_STEP][PASSED] - click(selectSecondOption): Object: 'div_select_second_option' is clicked on

2019-09-17 12:23:19 - [MESSAGE][PASSED] - Object: 'div_select_second_option' is clicked on

2019-09-17 12:23:19 - [TEST_STEP][PASSED] - delay(3): Delayed 3 second(s)

2019-09-17 12:23:22 - [MESSAGE][PASSED] - Delayed 3 second(s)

2019-09-17 12:23:22 - [TEST_STEP][PASSED] - click(findTestObject("Object Repository/virualShowRSVPOR/Page_Show microsite/button_add_to_bag_from_fav_option_selected")): Object: 'Object Repository/virualShowRSVPOR/Page_Show microsite/button_add_to_bag_from_fav_option_selected' is clicked on

2019-09-17 12:23:22 - [MESSAGE][PASSED] - Object: 'Object Repository/virualShowRSVPOR/Page_Show microsite/button_add_to_bag_from_fav_option_selected' is clicked on

2019-09-17 12:23:22 - [TEST_STEP][PASSED] - favorites = favorites - 1: null

2019-09-17 12:23:22 - [TEST_STEP][PASSED] - delay(5): Delayed 5 second(s)

2019-09-17 12:23:27 - [MESSAGE][PASSED] - Delayed 5 second(s)

2019-09-17 12:23:27 - [TEST_STEP][PASSED] - switchToDefaultContent(): null

2019-09-17 12:23:27 - [TEST_STEP][PASSED] - switchToWindowIndex(currentTab + 1): Switched to window with index: '1'

2019-09-17 12:23:28 - [MESSAGE][PASSED] - Switched to window with index: '1'

2019-09-17 12:23:28 - [TEST_STEP][PASSED] - delay(15): Delayed 15 second(s)

2019-09-17 12:23:43 - [MESSAGE][PASSED] - Delayed 15 second(s)

2019-09-17 12:23:43 - [TEST_STEP][PASSED] - try: null

2019-09-17 12:23:43 - [TEST_STEP][PASSED] - assert VSGuest.validateGuests(findTestObject("Object Repository/virualShowRSVPOR/dashboard/select_present"), presentList): null

2019-09-17 12:23:43 - [TEST_STEP][PASSED] - delay(2): Delayed 2 second(s)

2019-09-17 12:23:45 - [MESSAGE][PASSED] - Delayed 2 second(s)

2019-09-17 12:23:45 - [TEST_STEP][PASSED] - switchToWindowIndex(currentTab + 2): Switched to window with index: '2'

2019-09-17 12:23:45 - [MESSAGE][PASSED] - Switched to window with index: '2'

2019-09-17 12:23:45 - [TEST_STEP][PASSED] - click(findTestObject("virualShowRSVPOR/Page_Show microsite/button_looks")): Object: 'Object Repository/virualShowRSVPOR/Page_Show microsite/button_looks' is clicked on

2019-09-17 12:23:45 - [MESSAGE][PASSED] - Object: 'Object Repository/virualShowRSVPOR/Page_Show microsite/button_looks' is clicked on

2019-09-17 12:23:45 - [TEST_STEP][PASSED] - delay(5): Delayed 5 second(s)

2019-09-17 12:23:50 - [MESSAGE][PASSED] - Delayed 5 second(s)

2019-09-17 12:23:50 - [TEST_STEP][PASSED] - click(findTestObject("Object Repository/virualShowRSVPOR/Page_Show microsite/div_first_look")): Object: 'Object Repository/virualShowRSVPOR/Page_Show microsite/div_first_look' is clicked on

2019-09-17 12:23:50 - [MESSAGE][PASSED] - Object: 'Object Repository/virualShowRSVPOR/Page_Show microsite/div_first_look' is clicked on

2019-09-17 12:23:50 - [TEST_STEP][PASSED] - delay(5): Delayed 5 second(s)

2019-09-17 12:23:55 - [MESSAGE][PASSED] - Delayed 5 second(s)

2019-09-17 12:23:55 - [TEST_STEP][PASSED] - click(findTestObject("Object Repository/virualShowRSVPOR/Page_Show microsite/div_first_look_img")): Object: 'Object Repository/virualShowRSVPOR/Page_Show microsite/div_first_look_img' is clicked on

2019-09-17 12:23:56 - [MESSAGE][PASSED] - Object: 'Object Repository/virualShowRSVPOR/Page_Show microsite/div_first_look_img' is clicked on

2019-09-17 12:23:56 - [TEST_STEP][PASSED] - delay(5): Delayed 5 second(s)

2019-09-17 12:24:01 - [MESSAGE][PASSED] - Delayed 5 second(s)

2019-09-17 12:24:01 - [TEST_STEP][PASSED] - click(findTestObject("Object Repository/virualShowRSVPOR/Page_Show microsite/div_first_look_item")): Object: 'Object Repository/virualShowRSVPOR/Page_Show microsite/div_first_look_item' is clicked on

2019-09-17 12:24:01 - [MESSAGE][PASSED] - Object: 'Object Repository/virualShowRSVPOR/Page_Show microsite/div_first_look_item' is clicked on

2019-09-17 12:24:01 - [TEST_STEP][PASSED] - delay(5): Delayed 5 second(s)

2019-09-17 12:24:06 - [MESSAGE][PASSED] - Delayed 5 second(s)

2019-09-17 12:24:06 - [TEST_STEP][PASSED] - click(findTestObject("Object Repository/virualShowRSVPOR/Page_Show microsite/button_look_save_to_fav")): Object: 'Object Repository/virualShowRSVPOR/Page_Show microsite/button_look_save_to_fav' is clicked on

2019-09-17 12:24:06 - [MESSAGE][PASSED] - Object: 'Object Repository/virualShowRSVPOR/Page_Show microsite/button_look_save_to_fav' is clicked on

2019-09-17 12:24:06 - [TEST_STEP][PASSED] - favorites = favorites + 1: null

2019-09-17 12:24:06 - [TEST_STEP][PASSED] - switchToWindowIndex(currentTab + 1): Switched to window with index: '1'

2019-09-17 12:24:06 - [MESSAGE][PASSED] - Switched to window with index: '1'

2019-09-17 12:24:06 - [TEST_STEP][PASSED] - delay(15): Delayed 15 second(s)

2019-09-17 12:24:21 - [MESSAGE][PASSED] - Delayed 15 second(s)

2019-09-17 12:24:21 - [TEST_STEP][PASSED] - try: null

2019-09-17 12:24:21 - [TEST_STEP][PASSED] - assert VSGuest.validateGuests(findTestObject("Object Repository/virualShowRSVPOR/dashboard/select_present"), presentList): null

2019-09-17 12:24:21 - [TEST_STEP][PASSED] - delay(2): Delayed 2 second(s)

2019-09-17 12:24:23 - [MESSAGE][PASSED] - Delayed 2 second(s)

2019-09-17 12:24:23 - [TEST_STEP][PASSED] - switchToWindowIndex(currentTab + 2): Switched to window with index: '2'

2019-09-17 12:24:23 - [MESSAGE][PASSED] - Switched to window with index: '2'

2019-09-17 12:24:23 - [TEST_STEP][PASSED] - delay(2): Delayed 2 second(s)

2019-09-17 12:24:25 - [MESSAGE][PASSED] - Delayed 2 second(s)

2019-09-17 12:24:25 - [TEST_STEP][PASSED] - click(findTestObject("Object Repository/virualShowRSVPOR/Page_Show microsite/div_collection")): Object: 'Object Repository/virualShowRSVPOR/Page_Show microsite/div_collection' is clicked on

2019-09-17 12:24:50 - [MESSAGE][PASSED] - Object: 'Object Repository/virualShowRSVPOR/Page_Show microsite/div_collection' is clicked on

2019-09-17 12:24:50 - [TEST_STEP][PASSED] - delay(3): Delayed 3 second(s)

2019-09-17 12:24:53 - [MESSAGE][PASSED] - Delayed 3 second(s)

2019-09-17 12:24:53 - [TEST_STEP][PASSED] - switchToFrame(findTestObject("Object Repository/virualShowRSVPOR/Page_Show microsite/frame_collection_rs"), 60): null

2019-09-17 12:24:53 - [TEST_STEP][PASSED] - wait2 = new org.openqa.selenium.support.ui.WebDriverWait(driver, 10): null

2019-09-17 12:24:53 - [TEST_STEP][PASSED] - click(findTestObject("Object Repository/virualShowRSVPOR/Page_Show microsite/button_collection_save_to_fav")): Object: 'Object Repository/virualShowRSVPOR/Page_Show microsite/button_collection_save_to_fav' is clicked on

2019-09-17 12:24:53 - [MESSAGE][PASSED] - Object: 'Object Repository/virualShowRSVPOR/Page_Show microsite/button_collection_save_to_fav' is clicked on

2019-09-17 12:24:53 - [TEST_STEP][PASSED] - delay(3): Delayed 3 second(s)

2019-09-17 12:24:56 - [MESSAGE][PASSED] - Delayed 3 second(s)

2019-09-17 12:24:56 - [TEST_STEP][PASSED] - favorites = favorites + 1: null

2019-09-17 12:24:56 - [TEST_STEP][PASSED] - switchToWindowIndex(currentTab + 1): Switched to window with index: '1'

2019-09-17 12:24:56 - [MESSAGE][PASSED] - Switched to window with index: '1'

2019-09-17 12:24:56 - [TEST_STEP][PASSED] - delay(15): Delayed 15 second(s)

2019-09-17 12:25:11 - [MESSAGE][PASSED] - Delayed 15 second(s)

2019-09-17 12:25:11 - [TEST_STEP][PASSED] - try: null

2019-09-17 12:25:11 - [TEST_STEP][PASSED] - assert VSGuest.validateGuests(findTestObject("Object Repository/virualShowRSVPOR/dashboard/select_present"), presentList): null

2019-09-17 12:25:11 - [TEST_STEP][PASSED] - delay(2): Delayed 2 second(s)

2019-09-17 12:25:13 - [MESSAGE][PASSED] - Delayed 2 second(s)

2019-09-17 12:25:13 - [TEST_STEP][PASSED] - switchToWindowIndex(currentTab + 2): Switched to window with index: '2'

2019-09-17 12:25:13 - [MESSAGE][PASSED] - Switched to window with index: '2'

2019-09-17 12:25:13 - [TEST_STEP][PASSED] - delay(3): Delayed 3 second(s)

2019-09-17 12:25:16 - [MESSAGE][PASSED] - Delayed 3 second(s)

2019-09-17 12:25:16 - [TEST_STEP][PASSED] - switchToFrame(findTestObject("Object Repository/virualShowRSVPOR/Page_Show microsite/frame_collection_rs"), 60): null

2019-09-17 12:25:16 - [TEST_STEP][PASSED] - delay(3): Delayed 3 second(s)

2019-09-17 12:25:19 - [MESSAGE][PASSED] - Delayed 3 second(s)

2019-09-17 12:25:19 - [TEST_STEP][PASSED] - click(findTestObject("Object Repository/ReplicatedSite/div_first_item_to_buy_from_vs")): Object: 'Object Repository/ReplicatedSite/div_first_item_to_buy_from_vs' is clicked on

2019-09-17 12:25:41 - [MESSAGE][PASSED] - Object: 'Object Repository/ReplicatedSite/div_first_item_to_buy_from_vs' is clicked on

2019-09-17 12:25:41 - [TEST_STEP][PASSED] - delay(3): Delayed 3 second(s)

2019-09-17 12:25:44 - [MESSAGE][PASSED] - Delayed 3 second(s)

2019-09-17 12:25:44 - [TEST_STEP][PASSED] - noOfOptions = findWebElements(findTestObject("Object Repository/virualShowRSVPOR/Page_Show microsite/div_no_of_options_for_checkout"), 5): null

2019-09-17 12:25:44 - [TEST_STEP][PASSED] - for ([i = 1, i <= noOfOptions.size(), (i++)]): Delayed 3 second(s)

2019-09-17 12:25:44 - [TEST_STEP][PASSED] - dropDown = UtilityMethods.createTestObject("div_drop_down", "(//div[@class='add-to-cart-form']/div[@class='attribute ng-scope']/div[@class='input-select ng-scope']/select)[", String.valueOf(i), "]"): null

2019-09-17 12:25:44 - [TEST_STEP][PASSED] - click(dropDown): Object: 'div_drop_down' is clicked on

2019-09-17 12:25:44 - [MESSAGE][PASSED] - Object: 'div_drop_down' is clicked on

2019-09-17 12:25:44 - [TEST_STEP][PASSED] - selectLastOption = UtilityMethods.createTestObject("div_select_last_option", "(//div[@class='add-to-cart-form']/div[@class='attribute ng-scope']/div[@class='input-select ng-scope']/select)[", String.valueOf(i), "]/option[last()]"): null

2019-09-17 12:25:44 - [TEST_STEP][PASSED] - click(selectLastOption): Object: 'div_select_last_option' is clicked on

2019-09-17 12:25:44 - [MESSAGE][PASSED] - Object: 'div_select_last_option' is clicked on

2019-09-17 12:25:44 - [TEST_STEP][PASSED] - delay(3): Delayed 3 second(s)

2019-09-17 12:25:47 - [MESSAGE][PASSED] - Delayed 3 second(s)

2019-09-17 12:25:47 - [TEST_STEP][PASSED] - delay(3): Delayed 3 second(s)

2019-09-17 12:25:50 - [MESSAGE][PASSED] - Delayed 3 second(s)

2019-09-17 12:25:50 - [TEST_STEP][PASSED] - executor.executeScript("arguments[0].click();", findWebElement(findTestObject("Object Repository/ReplicatedSite/button_add_item_to_bag"), 5)): null

2019-09-17 12:25:50 - [TEST_STEP][PASSED] - delay(3): Delayed 3 second(s)

2019-09-17 12:25:53 - [MESSAGE][PASSED] - Delayed 3 second(s)

2019-09-17 12:25:53 - [TEST_STEP][PASSED] - switchToDefaultContent(): null

2019-09-17 12:25:54 - [TEST_STEP][PASSED] - click(findTestObject("Object Repository/ReplicatedSite/div_checkout")): Object: 'Object Repository/ReplicatedSite/div_checkout' is clicked on

2019-09-17 12:25:54 - [MESSAGE][PASSED] - Object: 'Object Repository/ReplicatedSite/div_checkout' is clicked on

2019-09-17 12:25:54 - [TEST_STEP][PASSED] - delay(3): Delayed 3 second(s)

2019-09-17 12:25:57 - [MESSAGE][PASSED] - Delayed 3 second(s)

2019-09-17 12:25:57 - [TEST_STEP][PASSED] - switchToFrame(findTestObject("Object Repository/virualShowRSVPOR/Page_Show microsite/frame_collection_rs"), 60): null

2019-09-17 12:25:58 - [TEST_STEP][PASSED] - okGotIt = findWebElements(findTestObject("Object Repository/virualShowRSVPOR/Page_Show microsite/button_got_it"), 5): Unable to find the element located by 'By.xpath: //div[@class='align-center']/button[contains(text(), 'got it')]'. Please recheck the objects properties to make sure the desired element is located. 

2019-09-17 12:26:03 - [MESSAGE][INFO] - Unable to find the element located by 'By.xpath: //div[@class='align-center']/button[contains(text(), 'got it')]'. Please recheck the objects properties to make sure the desired element is located. 

2019-09-17 12:26:03 - [TEST_STEP][PASSED] - if (okGotIt.size() > 0): null

2019-09-17 12:26:03 - [TEST_STEP][PASSED] - delay(3): Delayed 3 second(s)

2019-09-17 12:26:06 - [MESSAGE][PASSED] - Delayed 3 second(s)

2019-09-17 12:26:06 - [TEST_STEP][PASSED] - click(findTestObject("Object Repository/ReplicatedSite/a_edit_first_individual_product")): Object: 'Object Repository/ReplicatedSite/a_edit_first_individual_product' is clicked on

2019-09-17 12:26:06 - [MESSAGE][PASSED] - Object: 'Object Repository/ReplicatedSite/a_edit_first_individual_product' is clicked on

2019-09-17 12:26:06 - [TEST_STEP][PASSED] - delay(5): Delayed 5 second(s)

2019-09-17 12:26:11 - [MESSAGE][PASSED] - Delayed 5 second(s)

2019-09-17 12:26:11 - [TEST_STEP][PASSED] - click(findTestObject("Object Repository/ReplicatedSite/select_new_size")): Object: 'Object Repository/ReplicatedSite/select_new_size' is clicked on

2019-09-17 12:26:11 - [MESSAGE][PASSED] - Object: 'Object Repository/ReplicatedSite/select_new_size' is clicked on

2019-09-17 12:26:11 - [TEST_STEP][PASSED] - delay(5): Delayed 5 second(s)

2019-09-17 12:26:16 - [MESSAGE][PASSED] - Delayed 5 second(s)

2019-09-17 12:26:16 - [TEST_STEP][PASSED] - setText(findTestObject("Object Repository/ReplicatedSite/input_new_qty"), "3"): Text '3' is set on object 'Object Repository/ReplicatedSite/input_new_qty'

2019-09-17 12:26:17 - [MESSAGE][PASSED] - Text '3' is set on object 'Object Repository/ReplicatedSite/input_new_qty'

2019-09-17 12:26:17 - [TEST_STEP][PASSED] - delay(3): Delayed 3 second(s)

2019-09-17 12:26:20 - [MESSAGE][PASSED] - Delayed 3 second(s)

2019-09-17 12:26:20 - [TEST_STEP][PASSED] - click(findTestObject("Object Repository/ReplicatedSite/button_update_individual_item")): Object: 'Object Repository/ReplicatedSite/button_update_individual_item' is clicked on

2019-09-17 12:26:20 - [MESSAGE][PASSED] - Object: 'Object Repository/ReplicatedSite/button_update_individual_item' is clicked on

2019-09-17 12:26:20 - [TEST_STEP][PASSED] - delay(3): Delayed 3 second(s)

2019-09-17 12:26:23 - [MESSAGE][PASSED] - Delayed 3 second(s)

2019-09-17 12:26:23 - [TEST_STEP][PASSED] - executor.executeScript("arguments[0].click();", findWebElement(findTestObject("Object Repository/ReplicatedSite/a_checkout_and_add_to_show"), 5)): null

2019-09-17 12:26:23 - [TEST_STEP][PASSED] - chkOut = findWebElements(findTestObject("Object Repository/ReplicatedSite/a_checkout_and_add_to_show"), 15): null

2019-09-17 12:26:23 - [TEST_STEP][PASSED] - if (chkOut.size() > 0): null

2019-09-17 12:26:23 - [TEST_STEP][PASSED] - executor.executeScript("arguments[0].click();", findWebElement(findTestObject("Object Repository/ReplicatedSite/a_checkout_and_add_to_show"), 5)): null

2019-09-17 12:26:23 - [TEST_STEP][PASSED] - delay(10): Delayed 10 second(s)

2019-09-17 12:26:33 - [MESSAGE][PASSED] - Delayed 10 second(s)

2019-09-17 12:26:33 - [TEST_STEP][PASSED] - click(findTestObject("Object Repository/ReplicatedSite/input_other_address")): Object: 'Object Repository/ReplicatedSite/input_other_address' is clicked on

2019-09-17 12:26:33 - [MESSAGE][PASSED] - Object: 'Object Repository/ReplicatedSite/input_other_address' is clicked on

2019-09-17 12:26:33 - [TEST_STEP][PASSED] - click(findTestObject("Object Repository/ReplicatedSite/input_my_address")): Object: 'Object Repository/ReplicatedSite/input_my_address' is clicked on

2019-09-17 12:26:33 - [MESSAGE][PASSED] - Object: 'Object Repository/ReplicatedSite/input_my_address' is clicked on

2019-09-17 12:26:33 - [TEST_STEP][PASSED] - waitForElementClickable(findTestObject("ReplicatedSite/button_save_and_continue"), 60): Object 'Object Repository/ReplicatedSite/button_save_and_continue' is clickable

2019-09-17 12:26:34 - [MESSAGE][PASSED] - Object 'Object Repository/ReplicatedSite/button_save_and_continue' is clickable

2019-09-17 12:26:34 - [TEST_STEP][PASSED] - driver = getWebDriver(): null

2019-09-17 12:26:34 - [TEST_STEP][PASSED] - element = driver.findElement(By.xpath("(//button/span[contains(text(), 'Save and Continue')])[1]")): null

2019-09-17 12:26:34 - [TEST_STEP][PASSED] - executor.executeScript("arguments[0].click();", element): null

2019-09-17 12:26:34 - [TEST_STEP][PASSED] - delay(3): Delayed 3 second(s)

2019-09-17 12:26:37 - [MESSAGE][PASSED] - Delayed 3 second(s)

2019-09-17 12:26:37 - [TEST_STEP][PASSED] - executor.executeScript("arguments[0].click();", findWebElement(findTestObject("Object Repository/ReplicatedSite/input_pay_with_credit"), 5)): null

2019-09-17 12:26:37 - [TEST_STEP][ERROR] - executor.executeScript("arguments[0].click();", findWebElement(findTestObject("Object Repository/ReplicatedSite/button_add_another_card"), 5)): executor.executeScript("arguments[0].click();", findWebElement(findTestObject("Object Repository/ReplicatedSite/button_add_another_card"), 5)) FAILED.
Reason:
com.kms.katalon.core.webui.exception.WebElementNotFoundException: Web element with id: 'Object Repository/ReplicatedSite/button_add_another_card' located by 'By.xpath: //button[contains(text(), 'Add another Card')]' not found
	at com.kms.katalon.core.webui.common.WebUiCommonHelper.findWebElement(WebUiCommonHelper.java:1097)
	at com.kms.katalon.core.webui.common.WebUiCommonHelper$findWebElement$0.call(Unknown Source)
	at VS_Automation.run(VS_Automation:741)
	at com.kms.katalon.core.main.ScriptEngine.run(ScriptEngine.java:194)
	at com.kms.katalon.core.main.ScriptEngine.runScriptAsRawText(ScriptEngine.java:119)
	at com.kms.katalon.core.main.TestCaseExecutor.runScript(TestCaseExecutor.java:342)
	at com.kms.katalon.core.main.TestCaseExecutor.doExecute(TestCaseExecutor.java:333)
	at com.kms.katalon.core.main.TestCaseExecutor.processExecutionPhase(TestCaseExecutor.java:312)
	at com.kms.katalon.core.main.TestCaseExecutor.accessMainPhase(TestCaseExecutor.java:304)
	at com.kms.katalon.core.main.TestCaseExecutor.execute(TestCaseExecutor.java:238)
	at com.kms.katalon.core.main.TestSuiteExecutor.accessTestCaseMainPhase(TestSuiteExecutor.java:129)
	at com.kms.katalon.core.main.TestSuiteExecutor.accessTestSuiteMainPhase(TestSuiteExecutor.java:112)
	at com.kms.katalon.core.main.TestSuiteExecutor.execute(TestSuiteExecutor.java:81)
	at com.kms.katalon.core.main.TestCaseMain.startTestSuite(TestCaseMain.java:157)
	at com.kms.katalon.core.main.TestCaseMain$startTestSuite$0.call(Unknown Source)
	at TempTestSuite1568702750974.run(TempTestSuite1568702750974.groovy:35)


2019-09-17 12:26:42 - [MESSAGE][INFO] - Unable to find the element located by 'By.xpath: //button[contains(text(), 'Add another Card')]'. Please recheck the objects properties to make sure the desired element is located. 

2019-09-17 12:26:42 - [MESSAGE][ERROR] - executor.executeScript("arguments[0].click();", findWebElement(findTestObject("Object Repository/ReplicatedSite/button_add_another_card"), 5)) FAILED.
Reason:
com.kms.katalon.core.webui.exception.WebElementNotFoundException: Web element with id: 'Object Repository/ReplicatedSite/button_add_another_card' located by 'By.xpath: //button[contains(text(), 'Add another Card')]' not found
	at com.kms.katalon.core.webui.common.WebUiCommonHelper.findWebElement(WebUiCommonHelper.java:1097)
	at com.kms.katalon.core.webui.common.WebUiCommonHelper$findWebElement$0.call(Unknown Source)
	at VS_Automation.run(VS_Automation:741)
	at com.kms.katalon.core.main.ScriptEngine.run(ScriptEngine.java:194)
	at com.kms.katalon.core.main.ScriptEngine.runScriptAsRawText(ScriptEngine.java:119)
	at com.kms.katalon.core.main.TestCaseExecutor.runScript(TestCaseExecutor.java:342)
	at com.kms.katalon.core.main.TestCaseExecutor.doExecute(TestCaseExecutor.java:333)
	at com.kms.katalon.core.main.TestCaseExecutor.processExecutionPhase(TestCaseExecutor.java:312)
	at com.kms.katalon.core.main.TestCaseExecutor.accessMainPhase(TestCaseExecutor.java:304)
	at com.kms.katalon.core.main.TestCaseExecutor.execute(TestCaseExecutor.java:238)
	at com.kms.katalon.core.main.TestSuiteExecutor.accessTestCaseMainPhase(TestSuiteExecutor.java:129)
	at com.kms.katalon.core.main.TestSuiteExecutor.accessTestSuiteMainPhase(TestSuiteExecutor.java:112)
	at com.kms.katalon.core.main.TestSuiteExecutor.execute(TestSuiteExecutor.java:81)
	at com.kms.katalon.core.main.TestCaseMain.startTestSuite(TestCaseMain.java:157)
	at com.kms.katalon.core.main.TestCaseMain$startTestSuite$0.call(Unknown Source)
	at TempTestSuite1568702750974.run(TempTestSuite1568702750974.groovy:35)]]></system-out>
         <system-err><![CDATA[2019-09-17 12:16:04 - [TEST_CASE][ERROR] - Test Cases/VirtualShow/VS_Automation: Test Cases/VirtualShow/VS_Automation FAILED.
Reason:
com.kms.katalon.core.webui.exception.WebElementNotFoundException: Web element with id: 'Object Repository/ReplicatedSite/button_add_another_card' located by 'By.xpath: //button[contains(text(), 'Add another Card')]' not found
	at com.kms.katalon.core.webui.common.WebUiCommonHelper.findWebElement(WebUiCommonHelper.java:1097)
	at com.kms.katalon.core.webui.common.WebUiCommonHelper$findWebElement$0.call(Unknown Source)
	at VS_Automation.run(VS_Automation:741)
	at com.kms.katalon.core.main.ScriptEngine.run(ScriptEngine.java:194)
	at com.kms.katalon.core.main.ScriptEngine.runScriptAsRawText(ScriptEngine.java:119)
	at com.kms.katalon.core.main.TestCaseExecutor.runScript(TestCaseExecutor.java:342)
	at com.kms.katalon.core.main.TestCaseExecutor.doExecute(TestCaseExecutor.java:333)
	at com.kms.katalon.core.main.TestCaseExecutor.processExecutionPhase(TestCaseExecutor.java:312)
	at com.kms.katalon.core.main.TestCaseExecutor.accessMainPhase(TestCaseExecutor.java:304)
	at com.kms.katalon.core.main.TestCaseExecutor.execute(TestCaseExecutor.java:238)
	at com.kms.katalon.core.main.TestSuiteExecutor.accessTestCaseMainPhase(TestSuiteExecutor.java:129)
	at com.kms.katalon.core.main.TestSuiteExecutor.accessTestSuiteMainPhase(TestSuiteExecutor.java:112)
	at com.kms.katalon.core.main.TestSuiteExecutor.execute(TestSuiteExecutor.java:81)
	at com.kms.katalon.core.main.TestCaseMain.startTestSuite(TestCaseMain.java:157)
	at com.kms.katalon.core.main.TestCaseMain$startTestSuite$0.call(Unknown Source)
	at TempTestSuite1568702750974.run(TempTestSuite1568702750974.groovy:35)]]></system-err>
      </testcase>
      <system-out><![CDATA[2019-09-17 12:16:03 - [TEST_SUITE][ERROR] - DashboardSuite: Test Cases/VirtualShow/VS_Automation FAILED.
Reason:
com.kms.katalon.core.webui.exception.WebElementNotFoundException: Web element with id: 'Object Repository/ReplicatedSite/button_add_another_card' located by 'By.xpath: //button[contains(text(), 'Add another Card')]' not found
	at com.kms.katalon.core.webui.common.WebUiCommonHelper.findWebElement(WebUiCommonHelper.java:1097)
	at com.kms.katalon.core.webui.common.WebUiCommonHelper$findWebElement$0.call(Unknown Source)
	at VS_Automation.run(VS_Automation:741)
	at com.kms.katalon.core.main.ScriptEngine.run(ScriptEngine.java:194)
	at com.kms.katalon.core.main.ScriptEngine.runScriptAsRawText(ScriptEngine.java:119)
	at com.kms.katalon.core.main.TestCaseExecutor.runScript(TestCaseExecutor.java:342)
	at com.kms.katalon.core.main.TestCaseExecutor.doExecute(TestCaseExecutor.java:333)
	at com.kms.katalon.core.main.TestCaseExecutor.processExecutionPhase(TestCaseExecutor.java:312)
	at com.kms.katalon.core.main.TestCaseExecutor.accessMainPhase(TestCaseExecutor.java:304)
	at com.kms.katalon.core.main.TestCaseExecutor.execute(TestCaseExecutor.java:238)
	at com.kms.katalon.core.main.TestSuiteExecutor.accessTestCaseMainPhase(TestSuiteExecutor.java:129)
	at com.kms.katalon.core.main.TestSuiteExecutor.accessTestSuiteMainPhase(TestSuiteExecutor.java:112)
	at com.kms.katalon.core.main.TestSuiteExecutor.execute(TestSuiteExecutor.java:81)
	at com.kms.katalon.core.main.TestCaseMain.startTestSuite(TestCaseMain.java:157)
	at com.kms.katalon.core.main.TestCaseMain$startTestSuite$0.call(Unknown Source)
	at TempTestSuite1568702750974.run(TempTestSuite1568702750974.groovy:35)]]></system-out>
      <system-err><![CDATA[2019-09-17 12:16:03 - [TEST_SUITE][ERROR] - DashboardSuite: Test Cases/VirtualShow/VS_Automation FAILED.
Reason:
com.kms.katalon.core.webui.exception.WebElementNotFoundException: Web element with id: 'Object Repository/ReplicatedSite/button_add_another_card' located by 'By.xpath: //button[contains(text(), 'Add another Card')]' not found
	at com.kms.katalon.core.webui.common.WebUiCommonHelper.findWebElement(WebUiCommonHelper.java:1097)
	at com.kms.katalon.core.webui.common.WebUiCommonHelper$findWebElement$0.call(Unknown Source)
	at VS_Automation.run(VS_Automation:741)
	at com.kms.katalon.core.main.ScriptEngine.run(ScriptEngine.java:194)
	at com.kms.katalon.core.main.ScriptEngine.runScriptAsRawText(ScriptEngine.java:119)
	at com.kms.katalon.core.main.TestCaseExecutor.runScript(TestCaseExecutor.java:342)
	at com.kms.katalon.core.main.TestCaseExecutor.doExecute(TestCaseExecutor.java:333)
	at com.kms.katalon.core.main.TestCaseExecutor.processExecutionPhase(TestCaseExecutor.java:312)
	at com.kms.katalon.core.main.TestCaseExecutor.accessMainPhase(TestCaseExecutor.java:304)
	at com.kms.katalon.core.main.TestCaseExecutor.execute(TestCaseExecutor.java:238)
	at com.kms.katalon.core.main.TestSuiteExecutor.accessTestCaseMainPhase(TestSuiteExecutor.java:129)
	at com.kms.katalon.core.main.TestSuiteExecutor.accessTestSuiteMainPhase(TestSuiteExecutor.java:112)
	at com.kms.katalon.core.main.TestSuiteExecutor.execute(TestSuiteExecutor.java:81)
	at com.kms.katalon.core.main.TestCaseMain.startTestSuite(TestCaseMain.java:157)
	at com.kms.katalon.core.main.TestCaseMain$startTestSuite$0.call(Unknown Source)
	at TempTestSuite1568702750974.run(TempTestSuite1568702750974.groovy:35)]]></system-err>
   </testsuite>
</testsuites>
