<?xml version="1.0" encoding="UTF-8"?>
<testsuites name="TestSuiteFor_NewArrival" time="14" tests="2" failures="0" errors="0">
   <testsuite name="TestSuiteFor_NewArrival" tests="2" failures="0" errors="0" time="14" timestamp="2019-04-23 19:55:06" hostname="user - 10.0.102.159" id="Test Suites/TestSuiteFor_NewArrival">
      <properties>
         <property name="deviceName" value=""/>
         <property name="devicePlatform" value=""/>
         <property name="logFolder" value="F:\\my katalon bkp\\CabiClio\\Reports\\TestSuiteFor_NewArrival\\20190423_195503"/>
         <property name="logFiles" value="F:\\my katalon bkp\\CabiClio\\Reports\\TestSuiteFor_NewArrival\\20190423_195503\\execution0.log"/>
         <property name="attachments" value=""/>
         <property name="hostName" value="user - 10.0.102.159"/>
         <property name="os" value="Windows 8.1 64bit"/>
         <property name="katalonVersion" value="6.1.1.1"/>
         <property name="browser" value="Chrome 73.0.3683.103"/>
         <property name="hostAddress" value="10.0.102.159"/>
         <property name="sessionId" value="4caed2f5f6a46b2ac33b2d6d470bed3e"/>
         <property name="seleniumVersion" value="3.7.1"/>
         <property name="proxyInformation" value="ProxyInformation{proxyOption=NO_PROXY, proxyServerType=HTTP, password=, proxyServerAddress=, proxyServerPort=0}"/>
         <property name="platform" value="Windows 8.1"/>
      </properties>
      <testcase name="Test Cases/populateGlobalVars" classname="Test Cases/populateGlobalVars" status="PASSED">
         <system-out><![CDATA[2019-04-23 19:55:06 - [TEST_CASE][PASSED] - Test Cases/populateGlobalVars: Test Cases/populateGlobalVars

2019-04-23 19:55:06 - [TEST_STEP][PASSED] - Start listener action : sampleBeforeTestCase: null

2019-04-23 19:55:06 - [TEST_STEP][PASSED] - println(testCaseContext.getTestCaseId()): null

2019-04-23 19:55:06 - [TEST_STEP][PASSED] - println(testCaseContext.getTestCaseVariables()): null

2019-04-23 19:55:07 - [TEST_STEP][PASSED] - CabiUrl = UtilityMethods.getTestData("LoginCredentials", "CabiURL", 1): null]]></system-out>
         <system-err><![CDATA[]]></system-err>
      </testcase>
      <testcase name="Test Cases/New Test Case" classname="Test Cases/New Test Case" status="PASSED">
         <system-out><![CDATA[2019-04-23 19:55:07 - [TEST_CASE][PASSED] - Test Cases/New Test Case: Test Cases/New Test Case

2019-04-23 19:55:07 - [TEST_STEP][PASSED] - Start listener action : sampleBeforeTestCase: null

2019-04-23 19:55:07 - [TEST_STEP][PASSED] - println(testCaseContext.getTestCaseId()): null

2019-04-23 19:55:07 - [TEST_STEP][PASSED] - println(testCaseContext.getTestCaseVariables()): null

2019-04-23 19:55:08 - [TEST_STEP][PASSED] - openBrowser(""): Browser is opened with url: ''

2019-04-23 19:55:08 - [MESSAGE][INFO] - Starting 'Chrome' driver

2019-04-23 19:55:08 - [MESSAGE][INFO] - Action delay is set to 0 seconds

2019-04-23 19:55:11 - [MESSAGE][PASSED] - Browser is opened with url: ''

2019-04-23 19:55:11 - [TEST_STEP][PASSED] - navigateToUrl(CabiUrl): Navigate to 'https://test14.cliotest.com/backoffice/control/main' successfully

2019-04-23 19:55:18 - [MESSAGE][PASSED] - Navigate to 'https://test14.cliotest.com/backoffice/control/main' successfully

2019-04-23 19:55:18 - [TEST_STEP][PASSED] - maximizeWindow(): Current window maximized

2019-04-23 19:55:19 - [MESSAGE][PASSED] - Current window maximized

2019-04-23 19:55:19 - [TEST_STEP][PASSED] - setText(findTestObject("Page_cabi/input_Welcome to_USERNAME"), "abc"): Text 'abc' is set on object 'Object Repository/Page_cabi/input_Welcome to_USERNAME'

2019-04-23 19:55:20 - [MESSAGE][PASSED] - Text 'abc' is set on object 'Object Repository/Page_cabi/input_Welcome to_USERNAME'

2019-04-23 19:55:20 - [TEST_STEP][PASSED] - setText(findTestObject("Object Repository/Page_cabi/input_Welcome to_PASSWORD"), "def"): Text 'def' is set on object 'Object Repository/Page_cabi/input_Welcome to_PASSWORD'

2019-04-23 19:55:20 - [MESSAGE][PASSED] - Text 'def' is set on object 'Object Repository/Page_cabi/input_Welcome to_PASSWORD']]></system-out>
         <system-err><![CDATA[]]></system-err>
      </testcase>
      <system-out><![CDATA[2019-04-23 19:55:06 - [TEST_SUITE][PASSED] - TestSuiteFor_NewArrival: Test Cases/New Test Case]]></system-out>
      <system-err><![CDATA[]]></system-err>
   </testsuite>
</testsuites>
