<?xml version="1.0" encoding="UTF-8"?>
<testsuites name="EditOrderSuite" time="304" tests="1" failures="0" errors="0">
   <testsuite name="EditOrderSuite" tests="1" failures="0" errors="0" time="304" timestamp="2019-11-05 17:58:07" hostname="user - 10.0.102.44" id="Test Suites/EditOrderSuites/EditOrderSuite">
      <properties>
         <property name="deviceName" value=""/>
         <property name="devicePlatform" value=""/>
         <property name="logFolder" value="C:\\Users\\user\\Documents\\testautomation\\KatalonProjects\\Reports\\EditOrderSuites\\EditOrderSuite\\20191105_175802"/>
         <property name="logFiles" value="C:\\Users\\user\\Documents\\testautomation\\KatalonProjects\\Reports\\EditOrderSuites\\EditOrderSuite\\20191105_175802\\execution0.log"/>
         <property name="attachments" value=""/>
         <property name="hostName" value="user - 10.0.102.44"/>
         <property name="os" value="Windows 8.1 64bit"/>
         <property name="katalonVersion" value="6.1.1.1"/>
         <property name="browser" value="Chrome 78.0.3904.70"/>
         <property name="hostAddress" value="10.0.102.44"/>
         <property name="sessionId" value="4a00200760762d2345f24fd565b7bb8e"/>
         <property name="seleniumVersion" value="3.7.1"/>
         <property name="proxyInformation" value="ProxyInformation{proxyOption=NO_PROXY, proxyServerType=HTTP, password=, proxyServerAddress=, proxyServerPort=0}"/>
         <property name="platform" value="Windows 8.1"/>
      </properties>
      <testcase name="Test Cases/EditOrder-V/rsEditOrderPartialShip" classname="Test Cases/EditOrder-V/rsEditOrderPartialShip" status="PASSED">
         <system-out><![CDATA[2019-11-05 17:58:07 - [TEST_CASE][PASSED] - Test Cases/EditOrder-V/rsEditOrderPartialShip: Test Cases/EditOrder-V/rsEditOrderPartialShip

2019-11-05 17:58:08 - [TEST_STEP][PASSED] - Start listener action : sampleBeforeTestCase: null

2019-11-05 17:58:08 - [TEST_STEP][PASSED] - println(testCaseContext.getTestCaseId()): null

2019-11-05 17:58:08 - [TEST_STEP][PASSED] - println(testCaseContext.getTestCaseVariables()): null

2019-11-05 17:58:09 - [TEST_STEP][PASSED] - callTestCase(findTestCase("EditOrder/retailOrderBO"), ["editScenarioNumber":5], STOP_ON_FAILURE): Call Test Case 'Test Cases/EditOrder/retailOrderBO' successfully

2019-11-05 17:58:09 - [TEST_CASE][PASSED] - Test Cases/EditOrder/retailOrderBO: Test Cases/EditOrder/retailOrderBO

2019-11-05 17:58:10 - [TEST_STEP][PASSED] - openBrowser(""): Browser is opened with url: ''

2019-11-05 17:58:10 - [MESSAGE][INFO] - Starting 'Chrome' driver

2019-11-05 17:58:10 - [MESSAGE][INFO] - User set preference: ['args', '[--use-fake-ui-for-media-stream, --start-maximized]']

2019-11-05 17:58:10 - [MESSAGE][INFO] - Action delay is set to 0 seconds

2019-11-05 17:58:14 - [MESSAGE][PASSED] - Browser is opened with url: ''

2019-11-05 17:58:14 - [TEST_STEP][PASSED] - callTestCase(findTestCase("TestCaseUtilities/backOfficeLogin"), ["BOURL":"", "BOuser":"", "BOpass":""], STOP_ON_FAILURE): Call Test Case 'Test Cases/TestCaseUtilities/backOfficeLogin' successfully

2019-11-05 17:58:14 - [TEST_CASE][PASSED] - Test Cases/TestCaseUtilities/backOfficeLogin: Test Cases/TestCaseUtilities/backOfficeLogin

2019-11-05 17:58:15 - [TEST_STEP][PASSED] - BOURL = findTestData("envtData").getValue("BOURL", 1): null

2019-11-05 17:58:16 - [TEST_STEP][PASSED] - BOuser = findTestData("credData").getValue("BOuser", 1): null

2019-11-05 17:58:16 - [TEST_STEP][PASSED] - BOpass = findTestData("credData").getValue("BOpass", 1): null

2019-11-05 17:58:16 - [TEST_STEP][PASSED] - openBrowser(""): Browser is opened with url: ''

2019-11-05 17:58:16 - [MESSAGE][WARNING] - A browser is already opened. Closing browser and opening a new one

2019-11-05 17:58:17 - [MESSAGE][INFO] - Starting 'Chrome' driver

2019-11-05 17:58:17 - [MESSAGE][INFO] - User set preference: ['args', '[--use-fake-ui-for-media-stream, --start-maximized]']

2019-11-05 17:58:19 - [MESSAGE][PASSED] - Browser is opened with url: ''

2019-11-05 17:58:19 - [TEST_STEP][PASSED] - navigateToUrl(BOURL): Navigate to 'https://test18.cliotest.com/backoffice/control/main' successfully

2019-11-05 17:58:27 - [MESSAGE][PASSED] - Navigate to 'https://test18.cliotest.com/backoffice/control/main' successfully

2019-11-05 17:58:27 - [TEST_STEP][PASSED] - logOut = findWebElements(findTestObject("Object Repository/Page_cabi Home/log_out"), 1): Unable to find the element located by 'By.xpath: //a[contains(text(),'Log Out')]'. Please recheck the objects properties to make sure the desired element is located. 

2019-11-05 17:58:28 - [MESSAGE][INFO] - Unable to find the element located by 'By.xpath: //a[contains(text(),'Log Out')]'. Please recheck the objects properties to make sure the desired element is located. 

2019-11-05 17:58:28 - [TEST_STEP][PASSED] - if (logOut.size() == 0): Object: 'Object Repository/Page_cabi/input_Welcome to_consultantLogin' is clicked on

2019-11-05 17:58:28 - [TEST_STEP][PASSED] - setText(findTestObject("Page_cabi/input_Welcome to_USERNAME"), BOuser): Text '400000002' is set on object 'Object Repository/Page_cabi/input_Welcome to_USERNAME'

2019-11-05 17:58:28 - [MESSAGE][PASSED] - Text '400000002' is set on object 'Object Repository/Page_cabi/input_Welcome to_USERNAME'

2019-11-05 17:58:28 - [TEST_STEP][PASSED] - setText(findTestObject("Object Repository/Page_cabi/input_Welcome to_PASSWORD"), BOpass): Text 'blackdress19' is set on object 'Object Repository/Page_cabi/input_Welcome to_PASSWORD'

2019-11-05 17:58:28 - [MESSAGE][PASSED] - Text 'blackdress19' is set on object 'Object Repository/Page_cabi/input_Welcome to_PASSWORD'

2019-11-05 17:58:28 - [TEST_STEP][PASSED] - click(findTestObject("Object Repository/Page_cabi/input_Welcome to_consultantLogin")): Object: 'Object Repository/Page_cabi/input_Welcome to_consultantLogin' is clicked on

2019-11-05 17:58:46 - [MESSAGE][PASSED] - Object: 'Object Repository/Page_cabi/input_Welcome to_consultantLogin' is clicked on

2019-11-05 17:58:46 - [TEST_STEP][PASSED] - delay(3): Delayed 3 second(s)

2019-11-05 17:58:49 - [MESSAGE][PASSED] - Delayed 3 second(s)

2019-11-05 17:58:49 - [MESSAGE][PASSED] - Call Test Case 'Test Cases/TestCaseUtilities/backOfficeLogin' successfully

2019-11-05 17:58:49 - [TEST_STEP][PASSED] - click(findTestObject("Object Repository/Page_cabi Home/a_Shows  Orders")): Object: 'Object Repository/Page_cabi Home/a_Shows  Orders' is clicked on

2019-11-05 17:58:49 - [MESSAGE][PASSED] - Object: 'Object Repository/Page_cabi Home/a_Shows  Orders' is clicked on

2019-11-05 17:58:49 - [TEST_STEP][PASSED] - delay(1): Delayed 1 second(s)

2019-11-05 17:58:50 - [MESSAGE][PASSED] - Delayed 1 second(s)

2019-11-05 17:58:50 - [TEST_STEP][PASSED] - click(findTestObject("Page_cabi Home/a_Shows  Orders")): Object: 'Object Repository/Page_cabi Home/a_Shows  Orders' is clicked on

2019-11-05 17:58:50 - [MESSAGE][PASSED] - Object: 'Object Repository/Page_cabi Home/a_Shows  Orders' is clicked on

2019-11-05 17:58:50 - [TEST_STEP][PASSED] - click(findTestObject("Page_cabi Home/a_retail_purchases")): Object: 'Object Repository/Page_cabi Home/a_retail_purchases' is clicked on

2019-11-05 17:58:53 - [MESSAGE][PASSED] - Object: 'Object Repository/Page_cabi Home/a_retail_purchases' is clicked on

2019-11-05 17:58:53 - [TEST_STEP][PASSED] - delay(3): Delayed 3 second(s)

2019-11-05 17:58:56 - [MESSAGE][PASSED] - Delayed 3 second(s)

2019-11-05 17:58:56 - [TEST_STEP][PASSED] - click(findTestObject("Object Repository/Page_cabi Home/existingCustomer")): Object: 'Object Repository/Page_cabi Home/existingCustomer' is clicked on

2019-11-05 17:58:56 - [MESSAGE][PASSED] - Object: 'Object Repository/Page_cabi Home/existingCustomer' is clicked on

2019-11-05 17:58:56 - [TEST_STEP][PASSED] - contactNumber = 3: null

2019-11-05 17:58:56 - [TEST_STEP][PASSED] - firstName = findTestData("contactData").getValue("firstName", contactNumber): null

2019-11-05 17:58:56 - [TEST_STEP][PASSED] - lastName = findTestData("contactData").getValue("lastName", contactNumber): null

2019-11-05 17:58:56 - [TEST_STEP][PASSED] - email = findTestData("contactData").getValue("email", contactNumber): null

2019-11-05 17:58:56 - [TEST_STEP][PASSED] - address1 = findTestData("contactData").getValue("address1", contactNumber): null

2019-11-05 17:58:56 - [TEST_STEP][PASSED] - city = findTestData("contactData").getValue("city", contactNumber): null

2019-11-05 17:58:56 - [TEST_STEP][PASSED] - state = findTestData("contactData").getValue("state", contactNumber): null

2019-11-05 17:58:56 - [TEST_STEP][PASSED] - zip = findTestData("contactData").getValue("zip", contactNumber): null

2019-11-05 17:58:56 - [TEST_STEP][PASSED] - existingCustFName = firstName: null

2019-11-05 17:58:56 - [TEST_STEP][PASSED] - existingCustLName = lastName: null

2019-11-05 17:58:56 - [TEST_STEP][PASSED] - space = " ": null

2019-11-05 17:58:56 - [TEST_STEP][PASSED] - existingCust = $existingCustFName$space$existingCustLName: null

2019-11-05 17:58:56 - [TEST_STEP][PASSED] - setText(findTestObject("Object Repository/Page_cabi Home/input_existing_guest"), existingCust): Text 'guest1-test abc' is set on object 'Object Repository/Page_cabi Home/input_existing_guest'

2019-11-05 17:58:57 - [MESSAGE][PASSED] - Text 'guest1-test abc' is set on object 'Object Repository/Page_cabi Home/input_existing_guest'

2019-11-05 17:58:57 - [TEST_STEP][PASSED] - delay(2): Delayed 2 second(s)

2019-11-05 17:58:59 - [MESSAGE][PASSED] - Delayed 2 second(s)

2019-11-05 17:58:59 - [TEST_STEP][PASSED] - sendKeys(findTestObject("Object Repository/Page_cabi Home/input_existing_guest"), Keys.chord(ARROW_DOWN)): Keys 'DOWN + ' sent to object: 'Object Repository/Page_cabi Home/input_existing_guest'

2019-11-05 17:58:59 - [MESSAGE][PASSED] - Keys 'DOWN + ' sent to object: 'Object Repository/Page_cabi Home/input_existing_guest'

2019-11-05 17:58:59 - [TEST_STEP][PASSED] - sendKeys(findTestObject("Object Repository/Page_cabi Home/input_existing_guest"), Keys.chord(ENTER)): Keys 'ENTER + ' sent to object: 'Object Repository/Page_cabi Home/input_existing_guest'

2019-11-05 17:59:00 - [MESSAGE][PASSED] - Keys 'ENTER + ' sent to object: 'Object Repository/Page_cabi Home/input_existing_guest'

2019-11-05 17:59:00 - [TEST_STEP][PASSED] - setText(findTestObject("Object Repository/Page_cabi Retail Store/input_email"), email): Text 'guest1-test@test.com' is set on object 'Object Repository/Page_cabi Retail Store/input_email'

2019-11-05 17:59:00 - [MESSAGE][PASSED] - Text 'guest1-test@test.com' is set on object 'Object Repository/Page_cabi Retail Store/input_email'

2019-11-05 17:59:00 - [TEST_STEP][PASSED] - setText(findTestObject("Object Repository/Page_cabi Edit Customer Profile/input_Address1_address1"), address1): Text '974 BRAHMS CT' is set on object 'Object Repository/Page_cabi Edit Customer Profile/input_Address1_address1'

2019-11-05 17:59:01 - [MESSAGE][PASSED] - Text '974 BRAHMS CT' is set on object 'Object Repository/Page_cabi Edit Customer Profile/input_Address1_address1'

2019-11-05 17:59:01 - [TEST_STEP][PASSED] - setText(findTestObject("Object Repository/Page_cabi Edit Customer Profile/input_Address2_address2"), ""): Text '' is set on object 'Object Repository/Page_cabi Edit Customer Profile/input_Address2_address2'

2019-11-05 17:59:01 - [MESSAGE][PASSED] - Text '' is set on object 'Object Repository/Page_cabi Edit Customer Profile/input_Address2_address2'

2019-11-05 17:59:01 - [TEST_STEP][PASSED] - setText(findTestObject("Object Repository/Page_cabi Edit Customer Profile/input_City_city"), city): Text 'TROY' is set on object 'Object Repository/Page_cabi Edit Customer Profile/input_City_city'

2019-11-05 17:59:01 - [MESSAGE][PASSED] - Text 'TROY' is set on object 'Object Repository/Page_cabi Edit Customer Profile/input_City_city'

2019-11-05 17:59:01 - [TEST_STEP][PASSED] - click(findTestObject("Page_cabi Edit Customer Profile/span_select_a_state")): Object: 'Object Repository/Page_cabi Edit Customer Profile/span_select_a_state' is clicked on

2019-11-05 17:59:01 - [MESSAGE][PASSED] - Object: 'Object Repository/Page_cabi Edit Customer Profile/span_select_a_state' is clicked on

2019-11-05 17:59:01 - [TEST_STEP][PASSED] - delay(1): Delayed 1 second(s)

2019-11-05 17:59:02 - [MESSAGE][PASSED] - Delayed 1 second(s)

2019-11-05 17:59:02 - [TEST_STEP][PASSED] - setText(findTestObject("Page_cabi Edit Customer Profile/input_state_postalCode"), zip): Text '48085' is set on object 'Object Repository/Page_cabi Edit Customer Profile/input_state_postalCode'

2019-11-05 17:59:03 - [MESSAGE][PASSED] - Text '48085' is set on object 'Object Repository/Page_cabi Edit Customer Profile/input_state_postalCode'

2019-11-05 17:59:03 - [TEST_STEP][PASSED] - delay(5): Delayed 5 second(s)

2019-11-05 17:59:08 - [MESSAGE][PASSED] - Delayed 5 second(s)

2019-11-05 17:59:08 - [TEST_STEP][PASSED] - check(findTestObject("Object Repository/Page_cabi Home/a_same_shipping_address")): Object 'Object Repository/Page_cabi Home/a_same_shipping_address' is checked

2019-11-05 17:59:08 - [MESSAGE][PASSED] - Object 'Object Repository/Page_cabi Home/a_same_shipping_address' is checked

2019-11-05 17:59:08 - [TEST_STEP][PASSED] - delay(5): Delayed 5 second(s)

2019-11-05 17:59:13 - [MESSAGE][PASSED] - Delayed 5 second(s)

2019-11-05 17:59:13 - [TEST_STEP][PASSED] - check(findTestObject("Object Repository/Page_cabi Home/a_same_shipping_address")): Object 'Object Repository/Page_cabi Home/a_same_shipping_address' is checked

2019-11-05 17:59:13 - [MESSAGE][PASSED] - Object 'Object Repository/Page_cabi Home/a_same_shipping_address' is checked

2019-11-05 17:59:13 - [TEST_STEP][PASSED] - delay(5): Delayed 5 second(s)

2019-11-05 17:59:18 - [MESSAGE][PASSED] - Delayed 5 second(s)

2019-11-05 17:59:18 - [TEST_STEP][PASSED] - driver = getWebDriver(): null

2019-11-05 17:59:18 - [TEST_STEP][PASSED] - executor = driver: null

2019-11-05 17:59:18 - [TEST_STEP][PASSED] - executor.executeScript("arguments[0].click();", findWebElement(findTestObject("Object Repository/Page_cabi Home/a_order_items"), 5)): null

2019-11-05 17:59:18 - [TEST_STEP][PASSED] - delay(3): Delayed 3 second(s)

2019-11-05 17:59:21 - [MESSAGE][PASSED] - Delayed 3 second(s)

2019-11-05 17:59:21 - [TEST_STEP][PASSED] - click(findTestObject("Object Repository/Page_cabi Retail Store/span_quick_entry")): Object: 'Object Repository/Page_cabi Retail Store/span_quick_entry' is clicked on

2019-11-05 17:59:25 - [MESSAGE][PASSED] - Object: 'Object Repository/Page_cabi Retail Store/span_quick_entry' is clicked on

2019-11-05 17:59:25 - [TEST_STEP][PASSED] - delay(3): Delayed 3 second(s)

2019-11-05 17:59:28 - [MESSAGE][PASSED] - Delayed 3 second(s)

2019-11-05 17:59:28 - [TEST_STEP][PASSED] - emptyCart = findWebElements(findTestObject("Object Repository/Page_cabi Personal Store/removeFromCart"), 5): Unable to find the element located by 'By.xpath: //*[@id="removeFromCart_0"]/span'. Please recheck the objects properties to make sure the desired element is located. 

2019-11-05 17:59:33 - [MESSAGE][INFO] - Unable to find the element located by 'By.xpath: //*[@id="removeFromCart_0"]/span'. Please recheck the objects properties to make sure the desired element is located. 

2019-11-05 17:59:33 - [TEST_STEP][PASSED] - if (emptyCart.size() > 0): null

2019-11-05 17:59:33 - [TEST_STEP][PASSED] - addOnStyle = findTestData("miscData").getValue("addOnStyle", 1): null

2019-11-05 17:59:33 - [TEST_STEP][PASSED] - addOnStyle2 = findTestData("miscData").getValue("addOnStyle", 2): null

2019-11-05 17:59:34 - [TEST_STEP][PASSED] - setText(findTestObject("Object Repository/Page_cabi Create Order/input_Manual Discount_stylelookup_0"), addOnStyle): Text '3701' is set on object 'Object Repository/Page_cabi Create Order/input_Manual Discount_stylelookup_0'

2019-11-05 17:59:34 - [MESSAGE][PASSED] - Text '3701' is set on object 'Object Repository/Page_cabi Create Order/input_Manual Discount_stylelookup_0'

2019-11-05 17:59:34 - [TEST_STEP][PASSED] - delay(2): Delayed 2 second(s)

2019-11-05 17:59:36 - [MESSAGE][PASSED] - Delayed 2 second(s)

2019-11-05 17:59:36 - [TEST_STEP][PASSED] - sendKeys(findTestObject("Object Repository/Page_cabi Create Order/input_Manual Discount_stylelookup_0"), Keys.chord(ARROW_DOWN)): Keys 'DOWN + ' sent to object: 'Object Repository/Page_cabi Create Order/input_Manual Discount_stylelookup_0'

2019-11-05 17:59:36 - [MESSAGE][PASSED] - Keys 'DOWN + ' sent to object: 'Object Repository/Page_cabi Create Order/input_Manual Discount_stylelookup_0'

2019-11-05 17:59:36 - [TEST_STEP][PASSED] - delay(2): Delayed 2 second(s)

2019-11-05 17:59:38 - [MESSAGE][PASSED] - Delayed 2 second(s)

2019-11-05 17:59:38 - [TEST_STEP][PASSED] - sendKeys(findTestObject("Object Repository/Page_cabi Create Order/input_Manual Discount_stylelookup_0"), Keys.chord(ARROW_DOWN)): Keys 'DOWN + ' sent to object: 'Object Repository/Page_cabi Create Order/input_Manual Discount_stylelookup_0'

2019-11-05 17:59:38 - [MESSAGE][PASSED] - Keys 'DOWN + ' sent to object: 'Object Repository/Page_cabi Create Order/input_Manual Discount_stylelookup_0'

2019-11-05 17:59:38 - [TEST_STEP][PASSED] - sendKeys(findTestObject("Object Repository/Page_cabi Create Order/input_Manual Discount_stylelookup_0"), Keys.chord(ENTER)): Keys 'ENTER + ' sent to object: 'Object Repository/Page_cabi Create Order/input_Manual Discount_stylelookup_0'

2019-11-05 17:59:38 - [MESSAGE][PASSED] - Keys 'ENTER + ' sent to object: 'Object Repository/Page_cabi Create Order/input_Manual Discount_stylelookup_0'

2019-11-05 17:59:38 - [TEST_STEP][PASSED] - delay(5): Delayed 5 second(s)

2019-11-05 17:59:43 - [MESSAGE][PASSED] - Delayed 5 second(s)

2019-11-05 17:59:43 - [TEST_STEP][PASSED] - click(findTestObject("Object Repository/Page_cabi Order Items/selectSize")): Object: 'Object Repository/Page_cabi Order Items/selectSize' is clicked on

2019-11-05 17:59:43 - [MESSAGE][PASSED] - Object: 'Object Repository/Page_cabi Order Items/selectSize' is clicked on

2019-11-05 17:59:43 - [TEST_STEP][PASSED] - delay(3): Delayed 3 second(s)

2019-11-05 17:59:46 - [MESSAGE][PASSED] - Delayed 3 second(s)

2019-11-05 17:59:46 - [TEST_STEP][PASSED] - click(findTestObject("Object Repository/Page_cabi Order Items/span_Add to Cart")): Object: 'Object Repository/Page_cabi Order Items/span_Add to Cart' is clicked on

2019-11-05 17:59:46 - [MESSAGE][PASSED] - Object: 'Object Repository/Page_cabi Order Items/span_Add to Cart' is clicked on

2019-11-05 17:59:46 - [TEST_STEP][PASSED] - delay(5): Delayed 5 second(s)

2019-11-05 17:59:51 - [MESSAGE][PASSED] - Delayed 5 second(s)

2019-11-05 17:59:51 - [TEST_STEP][PASSED] - click(findTestObject("Object Repository/Page_cabi Create Order/inputStyleLookup1")): Object: 'Object Repository/Page_cabi Create Order/inputStyleLookup1' is clicked on

2019-11-05 17:59:51 - [MESSAGE][PASSED] - Object: 'Object Repository/Page_cabi Create Order/inputStyleLookup1' is clicked on

2019-11-05 17:59:51 - [TEST_STEP][PASSED] - setText(findTestObject("Object Repository/Page_cabi Create Order/inputStyleLookup1"), addOnStyle2): Text '3703' is set on object 'Object Repository/Page_cabi Create Order/inputStyleLookup1'

2019-11-05 17:59:52 - [MESSAGE][PASSED] - Text '3703' is set on object 'Object Repository/Page_cabi Create Order/inputStyleLookup1'

2019-11-05 17:59:52 - [TEST_STEP][PASSED] - delay(3): Delayed 3 second(s)

2019-11-05 17:59:55 - [MESSAGE][PASSED] - Delayed 3 second(s)

2019-11-05 17:59:55 - [TEST_STEP][PASSED] - prod_message2 = getText(findTestObject("Page_cabi Create Order/first_option")): Text of object 'Object Repository/Page_cabi Create Order/first_option' is: '3703 Turn Back Cardigan'

2019-11-05 17:59:55 - [MESSAGE][PASSED] - Text of object 'Object Repository/Page_cabi Create Order/first_option' is: '3703 Turn Back Cardigan'

2019-11-05 17:59:55 - [TEST_STEP][PASSED] - click(findTestObject("Page_cabi Create Order/first_option")): Object: 'Object Repository/Page_cabi Create Order/first_option' is clicked on

2019-11-05 17:59:55 - [MESSAGE][PASSED] - Object: 'Object Repository/Page_cabi Create Order/first_option' is clicked on

2019-11-05 17:59:55 - [TEST_STEP][PASSED] - delay(5): Delayed 5 second(s)

2019-11-05 18:00:00 - [MESSAGE][PASSED] - Delayed 5 second(s)

2019-11-05 18:00:00 - [TEST_STEP][PASSED] - click(findTestObject("Object Repository/Page_cabi Order Items/selectSize2")): Object: 'Object Repository/Page_cabi Order Items/selectSize2' is clicked on

2019-11-05 18:00:00 - [MESSAGE][PASSED] - Object: 'Object Repository/Page_cabi Order Items/selectSize2' is clicked on

2019-11-05 18:00:00 - [TEST_STEP][PASSED] - delay(3): Delayed 3 second(s)

2019-11-05 18:00:03 - [MESSAGE][PASSED] - Delayed 3 second(s)

2019-11-05 18:00:03 - [TEST_STEP][PASSED] - click(findTestObject("Object Repository/Page_cabi Order Items/addToCart2")): Object: 'Object Repository/Page_cabi Order Items/addToCart2' is clicked on

2019-11-05 18:00:03 - [MESSAGE][PASSED] - Object: 'Object Repository/Page_cabi Order Items/addToCart2' is clicked on

2019-11-05 18:00:03 - [TEST_STEP][PASSED] - delay(5): Delayed 5 second(s)

2019-11-05 18:00:08 - [MESSAGE][PASSED] - Delayed 5 second(s)

2019-11-05 18:00:08 - [TEST_STEP][PASSED] - if (editScenarioNumber == 1): null

2019-11-05 18:00:08 - [TEST_STEP][PASSED] - else if (editScenarioNumber == 2): null

2019-11-05 18:00:08 - [TEST_STEP][PASSED] - else if (editScenarioNumber == 3): null

2019-11-05 18:00:08 - [TEST_STEP][PASSED] - else if (editScenarioNumber == 4): null

2019-11-05 18:00:08 - [TEST_STEP][PASSED] - else if (editScenarioNumber == 5): null

2019-11-05 18:00:08 - [TEST_STEP][PASSED] - click(findTestObject("Object Repository/Page_cabi Order Items/a_checkout")): Object: 'Object Repository/Page_cabi Order Items/a_checkout' is clicked on

2019-11-05 18:00:09 - [MESSAGE][PASSED] - Object: 'Object Repository/Page_cabi Order Items/a_checkout' is clicked on

2019-11-05 18:00:09 - [TEST_STEP][PASSED] - delay(3): Delayed 3 second(s)

2019-11-05 18:00:12 - [MESSAGE][PASSED] - Delayed 3 second(s)

2019-11-05 18:00:12 - [TEST_STEP][PASSED] - click(findTestObject("Page_cabi Personal Store/nextButtonShipping")): Object: 'Object Repository/Page_cabi Personal Store/nextButtonShipping' is clicked on

2019-11-05 18:00:12 - [MESSAGE][PASSED] - Object: 'Object Repository/Page_cabi Personal Store/nextButtonShipping' is clicked on

2019-11-05 18:00:12 - [TEST_STEP][PASSED] - delay(3): Delayed 3 second(s)

2019-11-05 18:00:15 - [MESSAGE][PASSED] - Delayed 3 second(s)

2019-11-05 18:00:15 - [TEST_STEP][PASSED] - click(findTestObject("Page_cabi Personal Store/makeFirstPayment")): Object: 'Object Repository/Page_cabi Personal Store/makeFirstPayment' is clicked on

2019-11-05 18:00:15 - [MESSAGE][PASSED] - Object: 'Object Repository/Page_cabi Personal Store/makeFirstPayment' is clicked on

2019-11-05 18:00:15 - [TEST_STEP][PASSED] - click(findTestObject("Object Repository/Page_cabi Personal Store/select_cash")): Object: 'Object Repository/Page_cabi Personal Store/select_cash' is clicked on

2019-11-05 18:00:16 - [MESSAGE][PASSED] - Object: 'Object Repository/Page_cabi Personal Store/select_cash' is clicked on

2019-11-05 18:00:16 - [TEST_STEP][PASSED] - click(findTestObject("Page_cabi Personal Store/submitPayment")): Object: 'Object Repository/Page_cabi Personal Store/submitPayment' is clicked on

2019-11-05 18:00:16 - [MESSAGE][PASSED] - Object: 'Object Repository/Page_cabi Personal Store/submitPayment' is clicked on

2019-11-05 18:00:16 - [TEST_STEP][PASSED] - click(findTestObject("Page_cabi Personal Store/submitOrderId")): Object: 'Object Repository/Page_cabi Personal Store/submitOrderId' is clicked on

2019-11-05 18:00:18 - [MESSAGE][PASSED] - Object: 'Object Repository/Page_cabi Personal Store/submitOrderId' is clicked on

2019-11-05 18:00:18 - [TEST_STEP][PASSED] - successMsg = "": null

2019-11-05 18:00:18 - [TEST_STEP][PASSED] - orderSuccess = false: null

2019-11-05 18:00:18 - [TEST_STEP][PASSED] - successMsgs = findWebElements(findTestObject("Object Repository/Page_cabi Personal Store/p_success_msg"), 5): null

2019-11-05 18:00:18 - [TEST_STEP][PASSED] - if (successMsgs.size() > 0): Text of object 'Object Repository/Page_cabi Personal Store/p_order_id' is: 'RT708481314'

2019-11-05 18:00:18 - [TEST_STEP][PASSED] - successMsg = getText(findTestObject("Object Repository/Page_cabi Personal Store/p_success_msg")): Text of object 'Object Repository/Page_cabi Personal Store/p_success_msg' is: 'Order Created Successfully!!
Order #:  RT708481314

CONTINUE SHOPPING'

2019-11-05 18:00:18 - [MESSAGE][PASSED] - Text of object 'Object Repository/Page_cabi Personal Store/p_success_msg' is: 'Order Created Successfully!!
Order #:  RT708481314

CONTINUE SHOPPING'

2019-11-05 18:00:18 - [TEST_STEP][PASSED] - orderSuccess = true: null

2019-11-05 18:00:18 - [TEST_STEP][PASSED] - retailOrderID = getText(findTestObject("Object Repository/Page_cabi Personal Store/p_order_id")): Text of object 'Object Repository/Page_cabi Personal Store/p_order_id' is: 'RT708481314'

2019-11-05 18:00:18 - [MESSAGE][PASSED] - Text of object 'Object Repository/Page_cabi Personal Store/p_order_id' is: 'RT708481314'

2019-11-05 18:00:19 - [TEST_STEP][PASSED] - assert orderSuccess == true: null

2019-11-05 18:00:19 - [TEST_STEP][NOT_RUN] - closeBrowser(): NOT_RUN: closeBrowser()

2019-11-05 18:00:19 - [MESSAGE][NOT_RUN] - NOT_RUN: closeBrowser()

2019-11-05 18:00:19 - [MESSAGE][PASSED] - Call Test Case 'Test Cases/EditOrder/retailOrderBO' successfully

2019-11-05 18:00:19 - [TEST_STEP][PASSED] - delay(10): Delayed 10 second(s)

2019-11-05 18:00:29 - [MESSAGE][PASSED] - Delayed 10 second(s)

2019-11-05 18:00:29 - [TEST_STEP][PASSED] - callTestCase(findTestCase("NewArrival/warehouseShipping"), ["orderId":retailOrderID], STOP_ON_FAILURE): Call Test Case 'Test Cases/NewArrival/warehouseShipping' successfully

2019-11-05 18:00:29 - [TEST_CASE][PASSED] - Test Cases/NewArrival/warehouseShipping: Test Cases/NewArrival/warehouseShipping

2019-11-05 18:00:29 - [TEST_STEP][PASSED] - println(orderId): null

2019-11-05 18:00:29 - [TEST_STEP][PASSED] - callTestCase(findTestCase("TestCaseUtilities/cabiWarehouseLogin"), ["CWURL":"", "CWuser":"", "CWpass":""], CONTINUE_ON_FAILURE): Call Test Case 'Test Cases/TestCaseUtilities/cabiWarehouseLogin' successfully

2019-11-05 18:00:30 - [TEST_CASE][PASSED] - Test Cases/TestCaseUtilities/cabiWarehouseLogin: Test Cases/TestCaseUtilities/cabiWarehouseLogin

2019-11-05 18:00:30 - [TEST_STEP][PASSED] - CWURL = findTestData("envtData").getValue("CWURL", 1): null

2019-11-05 18:00:30 - [TEST_STEP][PASSED] - CWuser = findTestData("credData").getValue("CWuser", 1): null

2019-11-05 18:00:30 - [TEST_STEP][PASSED] - CWpass = findTestData("credData").getValue("CWpass", 1): null

2019-11-05 18:00:30 - [TEST_STEP][PASSED] - openBrowser(""): Browser is opened with url: ''

2019-11-05 18:00:30 - [MESSAGE][WARNING] - A browser is already opened. Closing browser and opening a new one

2019-11-05 18:00:31 - [MESSAGE][INFO] - Starting 'Chrome' driver

2019-11-05 18:00:31 - [MESSAGE][INFO] - User set preference: ['args', '[--use-fake-ui-for-media-stream, --start-maximized]']

2019-11-05 18:00:33 - [MESSAGE][PASSED] - Browser is opened with url: ''

2019-11-05 18:00:33 - [TEST_STEP][PASSED] - navigateToUrl(CWURL): Navigate to 'https://test18.cliotest.com/warehouse/control/main' successfully

2019-11-05 18:00:40 - [MESSAGE][PASSED] - Navigate to 'https://test18.cliotest.com/warehouse/control/main' successfully

2019-11-05 18:00:40 - [TEST_STEP][PASSED] - logOut = findWebElements(findTestObject("Object Repository/Cabi warehouse/Page_cabi_home/log_out"), 1): Unable to find the element located by 'By.xpath: //li/a[contains(text(), 'Log Out »')]'. Please recheck the objects properties to make sure the desired element is located. 

2019-11-05 18:00:41 - [MESSAGE][INFO] - Unable to find the element located by 'By.xpath: //li/a[contains(text(), 'Log Out »')]'. Please recheck the objects properties to make sure the desired element is located. 

2019-11-05 18:00:41 - [TEST_STEP][PASSED] - if (logOut.size() == 0): Object: 'Object Repository/Cabi warehouse/Page_cabi/input_Password_section-btn btn-stl-pk rFloat' is clicked on

2019-11-05 18:00:41 - [TEST_STEP][PASSED] - setText(findTestObject("Object Repository/Cabi warehouse/Page_cabi/input_Username_USERNAME"), CWuser): Text 'rsuarez' is set on object 'Object Repository/Cabi warehouse/Page_cabi/input_Username_USERNAME'

2019-11-05 18:00:41 - [MESSAGE][PASSED] - Text 'rsuarez' is set on object 'Object Repository/Cabi warehouse/Page_cabi/input_Username_USERNAME'

2019-11-05 18:00:41 - [TEST_STEP][PASSED] - setText(findTestObject("Object Repository/Cabi warehouse/Page_cabi/input_Password_PASSWORD"), CWpass): Text 'blackdress19' is set on object 'Object Repository/Cabi warehouse/Page_cabi/input_Password_PASSWORD'

2019-11-05 18:00:41 - [MESSAGE][PASSED] - Text 'blackdress19' is set on object 'Object Repository/Cabi warehouse/Page_cabi/input_Password_PASSWORD'

2019-11-05 18:00:41 - [TEST_STEP][PASSED] - click(findTestObject("Object Repository/Cabi warehouse/Page_cabi/input_Password_section-btn btn-stl-pk rFloat")): Object: 'Object Repository/Cabi warehouse/Page_cabi/input_Password_section-btn btn-stl-pk rFloat' is clicked on

2019-11-05 18:00:44 - [MESSAGE][PASSED] - Object: 'Object Repository/Cabi warehouse/Page_cabi/input_Password_section-btn btn-stl-pk rFloat' is clicked on

2019-11-05 18:00:44 - [TEST_STEP][PASSED] - delay(3): Delayed 3 second(s)

2019-11-05 18:00:47 - [MESSAGE][PASSED] - Delayed 3 second(s)

2019-11-05 18:00:47 - [MESSAGE][PASSED] - Call Test Case 'Test Cases/TestCaseUtilities/cabiWarehouseLogin' successfully

2019-11-05 18:00:47 - [TEST_STEP][PASSED] - click(findTestObject("Page_cabi Manage PickLists/a_Create PickLists")): Object: 'Object Repository/Page_cabi Manage PickLists/a_Create PickLists' is clicked on

2019-11-05 18:00:48 - [MESSAGE][PASSED] - Object: 'Object Repository/Page_cabi Manage PickLists/a_Create PickLists' is clicked on

2019-11-05 18:00:48 - [TEST_STEP][PASSED] - delay(2): Delayed 2 second(s)

2019-11-05 18:00:50 - [MESSAGE][PASSED] - Delayed 2 second(s)

2019-11-05 18:00:50 - [TEST_STEP][PASSED] - click(findTestObject("findOrders/Page_cabi Find Orders/Page_cabi SampleLine Shipment Screen/a_single_order")): Object: 'Object Repository/findOrders/Page_cabi Find Orders/Page_cabi SampleLine Shipment Screen/a_single_order' is clicked on

2019-11-05 18:00:51 - [MESSAGE][PASSED] - Object: 'Object Repository/findOrders/Page_cabi Find Orders/Page_cabi SampleLine Shipment Screen/a_single_order' is clicked on

2019-11-05 18:00:51 - [TEST_STEP][PASSED] - setText(findTestObject("Page_cabi Create Single Order PickList/input_Order Id_orderId"), orderId): Text 'RT708481314' is set on object 'Object Repository/Page_cabi Create Single Order PickList/input_Order Id_orderId'

2019-11-05 18:00:51 - [MESSAGE][PASSED] - Text 'RT708481314' is set on object 'Object Repository/Page_cabi Create Single Order PickList/input_Order Id_orderId'

2019-11-05 18:00:51 - [TEST_STEP][PASSED] - click(findTestObject("Page_cabi Create Single Order PickList/input_Create even if fully backordered_submitButton")): Object: 'Object Repository/Page_cabi Create Single Order PickList/input_Create even if fully backordered_submitButton' is clicked on

2019-11-05 18:00:52 - [MESSAGE][PASSED] - Object: 'Object Repository/Page_cabi Create Single Order PickList/input_Create even if fully backordered_submitButton' is clicked on

2019-11-05 18:00:52 - [TEST_STEP][PASSED] - delay(2): Delayed 2 second(s)

2019-11-05 18:00:54 - [MESSAGE][PASSED] - Delayed 2 second(s)

2019-11-05 18:00:54 - [TEST_STEP][PASSED] - pickListCreated = findWebElements(findTestObject("Cabi warehouse/picklistCreatedMessage"), 5): null

2019-11-05 18:00:54 - [TEST_STEP][PASSED] - if (pickListCreated.size() == 0): null

2019-11-05 18:00:54 - [TEST_STEP][PASSED] - picklistCreatedMessage = UtilityMethods.concat("Picklist for order: [", orderId, "] has been created successfully."): null

2019-11-05 18:00:54 - [TEST_STEP][PASSED] - println(picklistCreatedMessage): null

2019-11-05 18:00:54 - [TEST_STEP][PASSED] - verifyElementText(findTestObject("Cabi warehouse/picklistCreatedMessage"), picklistCreatedMessage): Actual text and expected text of test object 'Object Repository/Cabi warehouse/picklistCreatedMessage' are matched.

2019-11-05 18:00:54 - [MESSAGE][PASSED] - Actual text and expected text of test object 'Object Repository/Cabi warehouse/picklistCreatedMessage' are matched.

2019-11-05 18:00:54 - [TEST_STEP][PASSED] - click(findTestObject("Page_cabi Create Single Order PickList/a_Manage PickLists")): Object: 'Object Repository/Page_cabi Create Single Order PickList/a_Manage PickLists' is clicked on

2019-11-05 18:00:55 - [MESSAGE][PASSED] - Object: 'Object Repository/Page_cabi Create Single Order PickList/a_Manage PickLists' is clicked on

2019-11-05 18:00:55 - [TEST_STEP][PASSED] - delay(2): Delayed 2 second(s)

2019-11-05 18:00:57 - [MESSAGE][PASSED] - Delayed 2 second(s)

2019-11-05 18:00:57 - [TEST_STEP][PASSED] - setText(findTestObject("Page_cabi Manage PickLists/input_Order _orderId"), orderId): Text 'RT708481314' is set on object 'Object Repository/Page_cabi Manage PickLists/input_Order _orderId'

2019-11-05 18:00:58 - [MESSAGE][PASSED] - Text 'RT708481314' is set on object 'Object Repository/Page_cabi Manage PickLists/input_Order _orderId'

2019-11-05 18:00:58 - [TEST_STEP][PASSED] - click(findTestObject("Page_cabi Manage PickLists/input")): Object: 'Object Repository/Page_cabi Manage PickLists/input' is clicked on

2019-11-05 18:00:58 - [MESSAGE][PASSED] - Object: 'Object Repository/Page_cabi Manage PickLists/input' is clicked on

2019-11-05 18:00:58 - [TEST_STEP][PASSED] - delay(3): Delayed 3 second(s)

2019-11-05 18:01:01 - [MESSAGE][PASSED] - Delayed 3 second(s)

2019-11-05 18:01:01 - [TEST_STEP][PASSED] - click(findTestObject("Page_cabi Manage PickLists/td_104238610")): Object: 'Object Repository/Page_cabi Manage PickLists/td_104238610' is clicked on

2019-11-05 18:01:02 - [MESSAGE][PASSED] - Object: 'Object Repository/Page_cabi Manage PickLists/td_104238610' is clicked on

2019-11-05 18:01:02 - [TEST_STEP][PASSED] - delay(2): Delayed 2 second(s)

2019-11-05 18:01:04 - [MESSAGE][PASSED] - Delayed 2 second(s)

2019-11-05 18:01:04 - [TEST_STEP][PASSED] - picklistId = getText(findTestObject("Page_cabi Manage PickLists/td_104238610")): Text of object 'Object Repository/Page_cabi Manage PickLists/td_104238610' is: '104489912'

2019-11-05 18:01:04 - [MESSAGE][PASSED] - Text of object 'Object Repository/Page_cabi Manage PickLists/td_104238610' is: '104489912'

2019-11-05 18:01:04 - [TEST_STEP][PASSED] - click(findTestObject("Page_cabi Manage PickLists/a_Packing")): Object: 'Object Repository/Page_cabi Manage PickLists/a_Packing' is clicked on

2019-11-05 18:01:05 - [MESSAGE][PASSED] - Object: 'Object Repository/Page_cabi Manage PickLists/a_Packing' is clicked on

2019-11-05 18:01:05 - [TEST_STEP][PASSED] - setText(findTestObject("Page_cabi Pack Init/input_Pack Station_packStationId"), "30"): Text '30' is set on object 'Object Repository/Page_cabi Pack Init/input_Pack Station_packStationId'

2019-11-05 18:01:05 - [MESSAGE][PASSED] - Text '30' is set on object 'Object Repository/Page_cabi Pack Init/input_Pack Station_packStationId'

2019-11-05 18:01:05 - [TEST_STEP][PASSED] - click(findTestObject("Page_cabi Pack Init/input_Pack Station_submitButton")): Object: 'Object Repository/Page_cabi Pack Init/input_Pack Station_submitButton' is clicked on

2019-11-05 18:01:06 - [MESSAGE][PASSED] - Object: 'Object Repository/Page_cabi Pack Init/input_Pack Station_submitButton' is clicked on

2019-11-05 18:01:06 - [TEST_STEP][PASSED] - delay(2): Delayed 2 second(s)

2019-11-05 18:01:08 - [MESSAGE][PASSED] - Delayed 2 second(s)

2019-11-05 18:01:08 - [TEST_STEP][PASSED] - setText(findTestObject("Page_cabi Pack Init/input_Picklist ID_pickId"), picklistId): Text '104489912' is set on object 'Object Repository/Page_cabi Pack Init/input_Picklist ID_pickId'

2019-11-05 18:01:08 - [MESSAGE][PASSED] - Text '104489912' is set on object 'Object Repository/Page_cabi Pack Init/input_Picklist ID_pickId'

2019-11-05 18:01:08 - [TEST_STEP][PASSED] - click(findTestObject("Page_cabi Pack Init/input_Picklist ID_submitButton")): Object: 'Object Repository/Page_cabi Pack Init/input_Picklist ID_submitButton' is clicked on

2019-11-05 18:01:09 - [MESSAGE][PASSED] - Object: 'Object Repository/Page_cabi Pack Init/input_Picklist ID_submitButton' is clicked on

2019-11-05 18:01:09 - [TEST_STEP][PASSED] - delay(2): Delayed 2 second(s)

2019-11-05 18:01:11 - [MESSAGE][PASSED] - Delayed 2 second(s)

2019-11-05 18:01:11 - [TEST_STEP][PASSED] - click(findTestObject("Page_cabi General Pack/input_Cream Of Wheat_button addItemForVerification")): Object: 'Object Repository/Page_cabi General Pack/input_Cream Of Wheat_button addItemForVerification' is clicked on

2019-11-05 18:01:12 - [MESSAGE][PASSED] - Object: 'Object Repository/Page_cabi General Pack/input_Cream Of Wheat_button addItemForVerification' is clicked on

2019-11-05 18:01:12 - [TEST_STEP][PASSED] - delay(2): Delayed 2 second(s)

2019-11-05 18:01:14 - [MESSAGE][PASSED] - Delayed 2 second(s)

2019-11-05 18:01:14 - [TEST_STEP][PASSED] - click(findTestObject("Page_cabi General Pack/input_Pack Station  30_shipConfirmBtn")): Object: 'Object Repository/Page_cabi General Pack/input_Pack Station  30_shipConfirmBtn' is clicked on

2019-11-05 18:01:18 - [MESSAGE][PASSED] - Object: 'Object Repository/Page_cabi General Pack/input_Pack Station  30_shipConfirmBtn' is clicked on

2019-11-05 18:01:18 - [TEST_STEP][PASSED] - delay(3): Delayed 3 second(s)

2019-11-05 18:01:21 - [MESSAGE][PASSED] - Delayed 3 second(s)

2019-11-05 18:01:21 - [TEST_STEP][PASSED] - itemsNotpacked = findWebElements(findTestObject("Cabi warehouse/itemsNotPacked"), 5): Unable to find the element located by 'By.xpath: //*[@id="content-messages"]/p[1]'. Please recheck the objects properties to make sure the desired element is located. 

2019-11-05 18:01:26 - [MESSAGE][INFO] - Unable to find the element located by 'By.xpath: //*[@id="content-messages"]/p[1]'. Please recheck the objects properties to make sure the desired element is located. 

2019-11-05 18:01:26 - [TEST_STEP][PASSED] - if (itemsNotpacked.size() > 0): null

2019-11-05 18:01:26 - [MESSAGE][PASSED] - Call Test Case 'Test Cases/NewArrival/warehouseShipping' successfully

2019-11-05 18:01:26 - [TEST_STEP][PASSED] - callTestCase(findTestCase("TestCaseUtilities/setVHost"), [:], STOP_ON_FAILURE): Call Test Case 'Test Cases/TestCaseUtilities/setVHost' successfully

2019-11-05 18:01:26 - [TEST_CASE][PASSED] - Test Cases/TestCaseUtilities/setVHost: Test Cases/TestCaseUtilities/setVHost

2019-11-05 18:01:27 - [TEST_STEP][PASSED] - ofbizURL = findTestData("envtData").getValue("ofbizURL", 1): null

2019-11-05 18:01:27 - [TEST_STEP][PASSED] - ofbizUser = findTestData("credData").getValue("ofbizuser", 1): null

2019-11-05 18:01:27 - [TEST_STEP][PASSED] - ofbizPass = findTestData("credData").getValue("ofbizpass", 1): null

2019-11-05 18:01:27 - [TEST_STEP][PASSED] - vhostTarget = findTestData("envtData").getValue("vhostTarget", 1): null

2019-11-05 18:01:27 - [TEST_STEP][PASSED] - navigateToUrl(ofbizURL): Navigate to 'https://pushofbiz.cliotest.com/login.php' successfully

2019-11-05 18:01:29 - [MESSAGE][PASSED] - Navigate to 'https://pushofbiz.cliotest.com/login.php' successfully

2019-11-05 18:01:29 - [TEST_STEP][PASSED] - setText(findTestObject("Object Repository/virualShowRSVPOR/Page_/input_Username_username"), ofbizUser): Text 'automation' is set on object 'Object Repository/virualShowRSVPOR/Page_/input_Username_username'

2019-11-05 18:01:29 - [MESSAGE][PASSED] - Text 'automation' is set on object 'Object Repository/virualShowRSVPOR/Page_/input_Username_username'

2019-11-05 18:01:29 - [TEST_STEP][PASSED] - setText(findTestObject("Object Repository/virualShowRSVPOR/Page_/input_Password_password"), ofbizPass): Text 'cabiautomation' is set on object 'Object Repository/virualShowRSVPOR/Page_/input_Password_password'

2019-11-05 18:01:29 - [MESSAGE][PASSED] - Text 'cabiautomation' is set on object 'Object Repository/virualShowRSVPOR/Page_/input_Password_password'

2019-11-05 18:01:29 - [TEST_STEP][PASSED] - click(findTestObject("Object Repository/virualShowRSVPOR/Page_/input_Password_Submit")): Object: 'Object Repository/virualShowRSVPOR/Page_/input_Password_Submit' is clicked on

2019-11-05 18:01:33 - [MESSAGE][PASSED] - Object: 'Object Repository/virualShowRSVPOR/Page_/input_Password_Submit' is clicked on

2019-11-05 18:01:33 - [TEST_STEP][PASSED] - click(findTestObject("Object Repository/virualShowRSVPOR/Page_/a_Set Vhost")): Object: 'Object Repository/virualShowRSVPOR/Page_/a_Set Vhost' is clicked on

2019-11-05 18:01:33 - [MESSAGE][PASSED] - Object: 'Object Repository/virualShowRSVPOR/Page_/a_Set Vhost' is clicked on

2019-11-05 18:01:33 - [TEST_STEP][PASSED] - click(UtilityMethods.createTestObject("select_target", "//select[@name='Target']/option[contains(text(), '", vhostTarget, "')]")): Object: 'select_target' is clicked on

2019-11-05 18:01:34 - [MESSAGE][PASSED] - Object: 'select_target' is clicked on

2019-11-05 18:01:34 - [TEST_STEP][PASSED] - click(findTestObject("Object Repository/virualShowRSVPOR/Page_/input")): Object: 'Object Repository/virualShowRSVPOR/Page_/input' is clicked on

2019-11-05 18:01:37 - [MESSAGE][PASSED] - Object: 'Object Repository/virualShowRSVPOR/Page_/input' is clicked on

2019-11-05 18:01:37 - [MESSAGE][PASSED] - Call Test Case 'Test Cases/TestCaseUtilities/setVHost' successfully

2019-11-05 18:01:37 - [TEST_STEP][PASSED] - callTestCase(findTestCase("TestCaseUtilities/rsLogin"), ["RSURL":"", "RSuser":"", "RSpass":""], STOP_ON_FAILURE): Call Test Case 'Test Cases/TestCaseUtilities/rsLogin' successfully

2019-11-05 18:01:37 - [TEST_CASE][PASSED] - Test Cases/TestCaseUtilities/rsLogin: Test Cases/TestCaseUtilities/rsLogin

2019-11-05 18:01:37 - [TEST_STEP][PASSED] - dataFile = "micrositeData": null

2019-11-05 18:01:37 - [TEST_STEP][PASSED] - guest1Mail = findTestData(dataFile).getValue("guest1Mail", 1): null

2019-11-05 18:01:37 - [TEST_STEP][PASSED] - guest1Pass = findTestData(dataFile).getValue("guest1Pass", 1): null

2019-11-05 18:01:37 - [TEST_STEP][PASSED] - RSTestEnvt = findTestData("envtData").getValue("RSTestEnvt", 1): null

2019-11-05 18:01:37 - [TEST_STEP][PASSED] - openBrowser(""): Browser is opened with url: ''

2019-11-05 18:01:37 - [MESSAGE][WARNING] - A browser is already opened. Closing browser and opening a new one

2019-11-05 18:01:38 - [MESSAGE][INFO] - Starting 'Chrome' driver

2019-11-05 18:01:38 - [MESSAGE][INFO] - User set preference: ['args', '[--use-fake-ui-for-media-stream, --start-maximized]']

2019-11-05 18:01:40 - [MESSAGE][PASSED] - Browser is opened with url: ''

2019-11-05 18:01:40 - [TEST_STEP][PASSED] - callTestCase(findTestCase("TestCaseUtilities/setVHost"), [:], STOP_ON_FAILURE): Call Test Case 'Test Cases/TestCaseUtilities/setVHost' successfully

2019-11-05 18:01:40 - [TEST_CASE][PASSED] - Test Cases/TestCaseUtilities/setVHost: Test Cases/TestCaseUtilities/setVHost

2019-11-05 18:01:41 - [TEST_STEP][PASSED] - ofbizURL = findTestData("envtData").getValue("ofbizURL", 1): null

2019-11-05 18:01:41 - [TEST_STEP][PASSED] - ofbizUser = findTestData("credData").getValue("ofbizuser", 1): null

2019-11-05 18:01:41 - [TEST_STEP][PASSED] - ofbizPass = findTestData("credData").getValue("ofbizpass", 1): null

2019-11-05 18:01:41 - [TEST_STEP][PASSED] - vhostTarget = findTestData("envtData").getValue("vhostTarget", 1): null

2019-11-05 18:01:41 - [TEST_STEP][PASSED] - navigateToUrl(ofbizURL): Navigate to 'https://pushofbiz.cliotest.com/login.php' successfully

2019-11-05 18:01:43 - [MESSAGE][PASSED] - Navigate to 'https://pushofbiz.cliotest.com/login.php' successfully

2019-11-05 18:01:43 - [TEST_STEP][PASSED] - setText(findTestObject("Object Repository/virualShowRSVPOR/Page_/input_Username_username"), ofbizUser): Text 'automation' is set on object 'Object Repository/virualShowRSVPOR/Page_/input_Username_username'

2019-11-05 18:01:43 - [MESSAGE][PASSED] - Text 'automation' is set on object 'Object Repository/virualShowRSVPOR/Page_/input_Username_username'

2019-11-05 18:01:43 - [TEST_STEP][PASSED] - setText(findTestObject("Object Repository/virualShowRSVPOR/Page_/input_Password_password"), ofbizPass): Text 'cabiautomation' is set on object 'Object Repository/virualShowRSVPOR/Page_/input_Password_password'

2019-11-05 18:01:43 - [MESSAGE][PASSED] - Text 'cabiautomation' is set on object 'Object Repository/virualShowRSVPOR/Page_/input_Password_password'

2019-11-05 18:01:43 - [TEST_STEP][PASSED] - click(findTestObject("Object Repository/virualShowRSVPOR/Page_/input_Password_Submit")): Object: 'Object Repository/virualShowRSVPOR/Page_/input_Password_Submit' is clicked on

2019-11-05 18:01:47 - [MESSAGE][PASSED] - Object: 'Object Repository/virualShowRSVPOR/Page_/input_Password_Submit' is clicked on

2019-11-05 18:01:47 - [TEST_STEP][PASSED] - click(findTestObject("Object Repository/virualShowRSVPOR/Page_/a_Set Vhost")): Object: 'Object Repository/virualShowRSVPOR/Page_/a_Set Vhost' is clicked on

2019-11-05 18:01:48 - [MESSAGE][PASSED] - Object: 'Object Repository/virualShowRSVPOR/Page_/a_Set Vhost' is clicked on

2019-11-05 18:01:48 - [TEST_STEP][PASSED] - click(UtilityMethods.createTestObject("select_target", "//select[@name='Target']/option[contains(text(), '", vhostTarget, "')]")): Object: 'select_target' is clicked on

2019-11-05 18:01:48 - [MESSAGE][PASSED] - Object: 'select_target' is clicked on

2019-11-05 18:01:48 - [TEST_STEP][PASSED] - click(findTestObject("Object Repository/virualShowRSVPOR/Page_/input")): Object: 'Object Repository/virualShowRSVPOR/Page_/input' is clicked on

2019-11-05 18:01:50 - [MESSAGE][PASSED] - Object: 'Object Repository/virualShowRSVPOR/Page_/input' is clicked on

2019-11-05 18:01:50 - [MESSAGE][PASSED] - Call Test Case 'Test Cases/TestCaseUtilities/setVHost' successfully

2019-11-05 18:01:50 - [TEST_STEP][PASSED] - loginURL = UtilityMethods.concat("https://mirandakate.", RSTestEnvt, ".com/?component=account.login-gateway"): null

2019-11-05 18:01:50 - [TEST_STEP][PASSED] - navigateToUrl(loginURL): Navigate to 'https://mirandakate.cabitest5.com/?component=account.login-gateway' successfully

2019-11-05 18:02:24 - [MESSAGE][PASSED] - Navigate to 'https://mirandakate.cabitest5.com/?component=account.login-gateway' successfully

2019-11-05 18:02:24 - [TEST_STEP][PASSED] - delay(3): Delayed 3 second(s)

2019-11-05 18:02:27 - [MESSAGE][PASSED] - Delayed 3 second(s)

2019-11-05 18:02:27 - [TEST_STEP][PASSED] - setText(findTestObject("Object Repository/virualShowRSVPOR/Page_Show microsite/input_Sign in  Create account_email"), guest1Mail): Text 'guest1-test@test.com' is set on object 'Object Repository/virualShowRSVPOR/Page_Show microsite/input_Sign in  Create account_email'

2019-11-05 18:02:28 - [MESSAGE][PASSED] - Text 'guest1-test@test.com' is set on object 'Object Repository/virualShowRSVPOR/Page_Show microsite/input_Sign in  Create account_email'

2019-11-05 18:02:28 - [TEST_STEP][PASSED] - executeJavaScript("arguments[0].click()", Arrays.asList(findWebElement(findTestObject("Object Repository/virualShowRSVPOR/Page_Show microsite/button_Continue"), 30))): Execute JavaScript 'arguments[0].click()' successfully

2019-11-05 18:02:28 - [MESSAGE][PASSED] - Execute JavaScript 'arguments[0].click()' successfully

2019-11-05 18:02:28 - [TEST_STEP][PASSED] - setText(findTestObject("Object Repository/virualShowRSVPOR/Page_Show microsite/input_Welcome_password"), guest1Pass): Text 'blackdress19' is set on object 'Object Repository/virualShowRSVPOR/Page_Show microsite/input_Welcome_password'

2019-11-05 18:02:29 - [MESSAGE][PASSED] - Text 'blackdress19' is set on object 'Object Repository/virualShowRSVPOR/Page_Show microsite/input_Welcome_password'

2019-11-05 18:02:29 - [TEST_STEP][PASSED] - executeJavaScript("arguments[0].click()", Arrays.asList(findWebElement(findTestObject("Object Repository/virualShowRSVPOR/Page_Show microsite/button_Continue_pass"), 30))): Execute JavaScript 'arguments[0].click()' successfully

2019-11-05 18:02:29 - [MESSAGE][PASSED] - Execute JavaScript 'arguments[0].click()' successfully

2019-11-05 18:02:29 - [TEST_STEP][PASSED] - delay(5): Delayed 5 second(s)

2019-11-05 18:02:34 - [MESSAGE][PASSED] - Delayed 5 second(s)

2019-11-05 18:02:34 - [TEST_STEP][PASSED] - if (verifyElementPresent(findTestObject("Object Repository/virualShowRSVPOR/Page_Show microsite/complete_my_profile_later"), 0)): Execute JavaScript 'arguments[0].click()' successfully

2019-11-05 18:02:34 - [MESSAGE][WARNING] - Timeout '0' is invalid. Using default page load timeout: '30'

2019-11-05 18:02:34 - [MESSAGE][PASSED] - Object 'Object Repository/virualShowRSVPOR/Page_Show microsite/complete_my_profile_later' is present

2019-11-05 18:02:34 - [TEST_STEP][PASSED] - executeJavaScript("arguments[0].click()", Arrays.asList(findWebElement(findTestObject("Object Repository/virualShowRSVPOR/Page_Show microsite/div_Ill complete my profile later"), 30))): Execute JavaScript 'arguments[0].click()' successfully

2019-11-05 18:02:39 - [MESSAGE][PASSED] - Execute JavaScript 'arguments[0].click()' successfully

2019-11-05 18:02:39 - [MESSAGE][PASSED] - Call Test Case 'Test Cases/TestCaseUtilities/rsLogin' successfully

2019-11-05 18:02:39 - [TEST_STEP][PASSED] - callTestCase(findTestCase("EditOrder/rsOrderHistoryConfirm"), ["orderID":"", "editScenarioNumber":5], STOP_ON_FAILURE): Call Test Case 'Test Cases/EditOrder/rsOrderHistoryConfirm' successfully

2019-11-05 18:02:39 - [TEST_CASE][PASSED] - Test Cases/EditOrder/rsOrderHistoryConfirm: Test Cases/EditOrder/rsOrderHistoryConfirm

2019-11-05 18:02:40 - [TEST_STEP][PASSED] - driver = getWebDriver(): null

2019-11-05 18:02:40 - [TEST_STEP][PASSED] - executor = driver: null

2019-11-05 18:02:40 - [TEST_STEP][PASSED] - orderID = retailOrderID: null

2019-11-05 18:02:40 - [TEST_STEP][PASSED] - println(orderID): null

2019-11-05 18:02:40 - [TEST_STEP][PASSED] - xpath = UtilityMethods.concat("//span[contains(text(), '", orderID, "')]/parent::div/parent::div/div[@class='table-row-edit-order']//a"): null

2019-11-05 18:02:40 - [TEST_STEP][PASSED] - to = new com.kms.katalon.core.testobject.TestObject(a_link_dynamic): null

2019-11-05 18:02:40 - [TEST_STEP][PASSED] - to.addProperty("xpath", EQUALS, xpath): null

2019-11-05 18:02:40 - [TEST_STEP][PASSED] - click(findTestObject("ReplicatedSite/rs_Page_Trendy/i_Michigan_fa fa-caret-down")): Object: 'Object Repository/ReplicatedSite/rs_Page_Trendy/i_Michigan_fa fa-caret-down' is clicked on

2019-11-05 18:02:40 - [MESSAGE][PASSED] - Object: 'Object Repository/ReplicatedSite/rs_Page_Trendy/i_Michigan_fa fa-caret-down' is clicked on

2019-11-05 18:02:40 - [TEST_STEP][PASSED] - click(findTestObject("ReplicatedSite/rs_Page_Trendy/a_My Profile")): Object: 'Object Repository/ReplicatedSite/rs_Page_Trendy/a_My Profile' is clicked on

2019-11-05 18:02:45 - [MESSAGE][PASSED] - Object: 'Object Repository/ReplicatedSite/rs_Page_Trendy/a_My Profile' is clicked on

2019-11-05 18:02:45 - [TEST_STEP][PASSED] - click(findTestObject("Object Repository/ReplicatedSite/Page_Profile - Cabi Fall 2018 Collection/span_Order History")): Object: 'Object Repository/ReplicatedSite/Page_Profile - Cabi Fall 2018 Collection/span_Order History' is clicked on

2019-11-05 18:02:45 - [MESSAGE][PASSED] - Object: 'Object Repository/ReplicatedSite/Page_Profile - Cabi Fall 2018 Collection/span_Order History' is clicked on

2019-11-05 18:02:45 - [TEST_STEP][PASSED] - delay(5): Delayed 5 second(s)

2019-11-05 18:02:50 - [MESSAGE][PASSED] - Delayed 5 second(s)

2019-11-05 18:02:50 - [TEST_STEP][PASSED] - editButton = findWebElements(to, 1): null

2019-11-05 18:02:50 - [TEST_STEP][PASSED] - assert editButton.size() > 0: null

2019-11-05 18:02:50 - [TEST_STEP][PASSED] - if (editButton.size() > 0): null

2019-11-05 18:02:50 - [TEST_STEP][PASSED] - click(to): Object: 'a_link_dynamic' is clicked on

2019-11-05 18:02:50 - [MESSAGE][PASSED] - Object: 'a_link_dynamic' is clicked on

2019-11-05 18:02:50 - [TEST_STEP][PASSED] - delay(10): Delayed 10 second(s)

2019-11-05 18:03:00 - [MESSAGE][PASSED] - Delayed 10 second(s)

2019-11-05 18:03:00 - [TEST_STEP][PASSED] - if (editScenarioNumber == 1): null

2019-11-05 18:03:00 - [TEST_STEP][PASSED] - else if (editScenarioNumber == 3): null

2019-11-05 18:03:00 - [TEST_STEP][PASSED] - else if (editScenarioNumber == 4): null

2019-11-05 18:03:00 - [TEST_STEP][PASSED] - else if (editScenarioNumber == 5): null

2019-11-05 18:03:00 - [TEST_STEP][PASSED] - println("scen = 5"): null

2019-11-05 18:03:00 - [TEST_STEP][PASSED] - delay(5): Delayed 5 second(s)

2019-11-05 18:03:05 - [MESSAGE][PASSED] - Delayed 5 second(s)

2019-11-05 18:03:05 - [TEST_STEP][PASSED] - expectedMessage = "Item Shipped": null

2019-11-05 18:03:05 - [TEST_STEP][PASSED] - actualMessage = getText(findTestObject("Object Repository/ReplicatedSite/itemShipped")): Text of object 'Object Repository/ReplicatedSite/itemShipped' is: 'Item Shipped'

2019-11-05 18:03:05 - [MESSAGE][PASSED] - Text of object 'Object Repository/ReplicatedSite/itemShipped' is: 'Item Shipped'

2019-11-05 18:03:05 - [TEST_STEP][PASSED] - assert actualMessage.equalsIgnoreCase(expectedMessage): null

2019-11-05 18:03:05 - [TEST_STEP][PASSED] - itemRemove = findWebElements(findTestObject("Object Repository/ReplicatedSite/itemRemove"), 5): Unable to find the element located by 'By.xpath: //span[contains(text(), 'Item #5447')]/parent::div/parent::div/div[@class='shop-td options']/p/a[contains(text(), ' Remove')]'. Please recheck the objects properties to make sure the desired element is located. 

2019-11-05 18:03:10 - [MESSAGE][INFO] - Unable to find the element located by 'By.xpath: //span[contains(text(), 'Item #5447')]/parent::div/parent::div/div[@class='shop-td options']/p/a[contains(text(), ' Remove')]'. Please recheck the objects properties to make sure the desired element is located. 

2019-11-05 18:03:10 - [TEST_STEP][PASSED] - assert itemRemove.size() == 0: null

2019-11-05 18:03:10 - [MESSAGE][PASSED] - Call Test Case 'Test Cases/EditOrder/rsOrderHistoryConfirm' successfully]]></system-out>
         <system-err><![CDATA[]]></system-err>
      </testcase>
      <system-out><![CDATA[2019-11-05 17:58:07 - [TEST_SUITE][PASSED] - EditOrderSuite: Test Cases/EditOrder-V/rsEditOrderPartialShip]]></system-out>
      <system-err><![CDATA[]]></system-err>
   </testsuite>
</testsuites>
