<?xml version="1.0" encoding="UTF-8"?>
<testsuites name="NASuit1_addOnOrderPersonal" time="998" tests="1" failures="0" errors="0">
   <testsuite name="NASuit1_addOnOrderPersonal" tests="1" failures="0" errors="0" time="998" timestamp="2019-05-24 18:54:57" hostname="user - 10.0.102.159" id="Test Suites/NASuit1_addOnOrderPersonal">
      <properties>
         <property name="deviceName" value=""/>
         <property name="devicePlatform" value=""/>
         <property name="logFolder" value="C:\\Users\\user\\Documents\\testautomation\\NewArrivals\\Reports\\NASuit1_addOnOrderPersonal\\20190524_185451"/>
         <property name="logFiles" value="C:\\Users\\user\\Documents\\testautomation\\NewArrivals\\Reports\\NASuit1_addOnOrderPersonal\\20190524_185451\\execution0.log"/>
         <property name="attachments" value=""/>
         <property name="hostName" value="user - 10.0.102.159"/>
         <property name="os" value="Windows 8.1 64bit"/>
         <property name="katalonVersion" value="6.1.1.1"/>
         <property name="browser" value="Chrome 74.0.3729.169"/>
         <property name="hostAddress" value="10.0.102.159"/>
         <property name="sessionId" value="0f46fe923c27a8b85cd55df23357e4da"/>
         <property name="seleniumVersion" value="3.7.1"/>
         <property name="proxyInformation" value="ProxyInformation{proxyOption=NO_PROXY, proxyServerType=HTTP, password=, proxyServerAddress=, proxyServerPort=0}"/>
         <property name="platform" value="Windows 8.1"/>
      </properties>
      <testcase name="Test Cases/addOnOrderPersonal" classname="Test Cases/addOnOrderPersonal" status="PASSED">
         <system-out><![CDATA[2019-05-24 18:54:57 - [TEST_CASE][PASSED] - Test Cases/addOnOrderPersonal: Test Cases/addOnOrderPersonal

2019-05-24 18:54:58 - [TEST_STEP][PASSED] - Start listener action : sampleBeforeTestCase: null

2019-05-24 18:54:58 - [TEST_STEP][PASSED] - println(testCaseContext.getTestCaseId()): null

2019-05-24 18:54:58 - [TEST_STEP][PASSED] - println(testCaseContext.getTestCaseVariables()): null

2019-05-24 18:54:59 - [TEST_STEP][PASSED] - openBrowser(""): Browser is opened with url: ''

2019-05-24 18:55:00 - [MESSAGE][INFO] - Starting 'Chrome' driver

2019-05-24 18:55:00 - [MESSAGE][INFO] - Action delay is set to 0 seconds

2019-05-24 18:55:04 - [MESSAGE][PASSED] - Browser is opened with url: ''

2019-05-24 18:55:04 - [TEST_STEP][PASSED] - i = 1: null

2019-05-24 18:55:04 - [TEST_STEP][PASSED] - for ([timeRow = 1, timeRow <= findTestData("timezoneData").getRowNumbers(), (timeRow++)]): null

2019-05-24 18:55:05 - [TEST_STEP][PASSED] - if (timeRow > i): null

2019-05-24 18:55:05 - [TEST_STEP][PASSED] - callTestCase(findTestCase("populateTimeGlobalVars"), ["row":timeRow], STOP_ON_FAILURE): Call Test Case 'Test Cases/populateTimeGlobalVars' successfully

2019-05-24 18:55:06 - [TEST_CASE][PASSED] - Test Cases/populateTimeGlobalVars: Test Cases/populateTimeGlobalVars

2019-05-24 18:55:06 - [TEST_STEP][PASSED] - dataFile = "timezoneData": null

2019-05-24 18:55:06 - [TEST_STEP][PASSED] - serverTarget = UtilityMethods.getTestData(dataFile, "serverTarget", row): null

2019-05-24 18:55:07 - [TEST_STEP][PASSED] - orderType = UtilityMethods.getTestData(dataFile, "orderType", row): null

2019-05-24 18:55:07 - [TEST_STEP][PASSED] - timeZone = UtilityMethods.getTestData(dataFile, "timeZone", row): null

2019-05-24 18:55:07 - [TEST_STEP][PASSED] - BOPersonal = UtilityMethods.getTestData(dataFile, "BOPersonal", row): null

2019-05-24 18:55:07 - [TEST_STEP][PASSED] - BOAddonPersonal = UtilityMethods.getTestData(dataFile, "BOAddonPersonal", row): null

2019-05-24 18:55:07 - [TEST_STEP][PASSED] - BOAddonRetail = UtilityMethods.getTestData(dataFile, "BOAddonRetail", row): null

2019-05-24 18:55:07 - [TEST_STEP][PASSED] - BORetail = UtilityMethods.getTestData(dataFile, "BORetail", row): null

2019-05-24 18:55:08 - [TEST_STEP][PASSED] - BOShow = UtilityMethods.getTestData(dataFile, "BOShow", row): null

2019-05-24 18:55:08 - [TEST_STEP][PASSED] - BOOnlineoutlet = UtilityMethods.getTestData(dataFile, "BOOnlineoutlet", row): null

2019-05-24 18:55:08 - [TEST_STEP][PASSED] - BOEmployee = UtilityMethods.getTestData(dataFile, "BOEmployee", row): null

2019-05-24 18:55:08 - [TEST_STEP][PASSED] - CCPersonal = UtilityMethods.getTestData(dataFile, "CCPersonal", row): null

2019-05-24 18:55:08 - [TEST_STEP][PASSED] - CCRetail = UtilityMethods.getTestData(dataFile, "CCRetail", row): null

2019-05-24 18:55:08 - [TEST_STEP][PASSED] - CCShow = UtilityMethods.getTestData(dataFile, "CCShow", row): null

2019-05-24 18:55:08 - [TEST_STEP][PASSED] - BOEblast = UtilityMethods.getTestData(dataFile, "BOEblast", row): null

2019-05-24 18:55:08 - [MESSAGE][PASSED] - Call Test Case 'Test Cases/populateTimeGlobalVars' successfully

2019-05-24 18:55:08 - [TEST_STEP][PASSED] - callTestCase(findTestCase("newArrivalsSetTimezone"), ["ofbizURL":"", "ofbizuser":"", "ofbizpass":"", "orderType":orderType, "timeZone":timeZone, "serverTarget":serverTarget], STOP_ON_FAILURE): Call Test Case 'Test Cases/newArrivalsSetTimezone' successfully

2019-05-24 18:55:08 - [TEST_CASE][PASSED] - Test Cases/newArrivalsSetTimezone: Test Cases/newArrivalsSetTimezone

2019-05-24 18:55:09 - [TEST_STEP][NOT_RUN] - openBrowser(""): NOT_RUN: openBrowser("")

2019-05-24 18:55:09 - [MESSAGE][NOT_RUN] - NOT_RUN: openBrowser("")

2019-05-24 18:55:09 - [TEST_STEP][NOT_RUN] - maximizeWindow(): NOT_RUN: maximizeWindow()

2019-05-24 18:55:09 - [MESSAGE][NOT_RUN] - NOT_RUN: maximizeWindow()

2019-05-24 18:55:09 - [TEST_STEP][PASSED] - ofbizURL = findTestData("credData").getValue("ofbizURL", 1): null

2019-05-24 18:55:09 - [TEST_STEP][PASSED] - ofbizuser = findTestData("credData").getValue("ofbizuser", 1): null

2019-05-24 18:55:09 - [TEST_STEP][PASSED] - ofbizpass = findTestData("credData").getValue("ofbizpass", 1): null

2019-05-24 18:55:09 - [TEST_STEP][PASSED] - navigateToUrl(ofbizURL): Navigate to 'https://pushofbiz.cliotest.com/login.php' successfully

2019-05-24 18:55:11 - [MESSAGE][PASSED] - Navigate to 'https://pushofbiz.cliotest.com/login.php' successfully

2019-05-24 18:55:11 - [TEST_STEP][PASSED] - setText(findTestObject("Page_/input_Username_username"), ofbizuser): Text 'sshinde' is set on object 'Object Repository/Page_/input_Username_username'

2019-05-24 18:55:11 - [MESSAGE][PASSED] - Text 'sshinde' is set on object 'Object Repository/Page_/input_Username_username'

2019-05-24 18:55:11 - [TEST_STEP][PASSED] - setText(findTestObject("Page_/input_Password_password"), ofbizpass): Text 'C@bi$ush5' is set on object 'Object Repository/Page_/input_Password_password'

2019-05-24 18:55:12 - [MESSAGE][PASSED] - Text 'C@bi$ush5' is set on object 'Object Repository/Page_/input_Password_password'

2019-05-24 18:55:12 - [TEST_STEP][PASSED] - click(findTestObject("Page_/input_Password_Submit")): Object: 'Object Repository/Page_/input_Password_Submit' is clicked on

2019-05-24 18:55:15 - [MESSAGE][PASSED] - Object: 'Object Repository/Page_/input_Password_Submit' is clicked on

2019-05-24 18:55:15 - [TEST_STEP][PASSED] - click(findTestObject("Object Repository/Page_/a_Clock set")): Object: 'Object Repository/Page_/a_Clock set' is clicked on

2019-05-24 18:55:15 - [MESSAGE][PASSED] - Object: 'Object Repository/Page_/a_Clock set' is clicked on

2019-05-24 18:55:15 - [TEST_STEP][PASSED] - selectOptionByLabel(findTestObject("Object Repository/Page_/serverTarget"), serverTarget, true): All options with label 'test14' are selected in object 'Object Repository/Page_/serverTarget'  using regular expression

2019-05-24 18:55:17 - [MESSAGE][PASSED] - All options with label 'test14' are selected in object 'Object Repository/Page_/serverTarget'  using regular expression

2019-05-24 18:55:17 - [TEST_STEP][PASSED] - click(findTestObject("Page_/thisDateAndTime")): Object: 'Object Repository/Page_/thisDateAndTime' is clicked on

2019-05-24 18:55:17 - [MESSAGE][PASSED] - Object: 'Object Repository/Page_/thisDateAndTime' is clicked on

2019-05-24 18:55:17 - [TEST_STEP][PASSED] - setText(findTestObject("Object Repository/Page_/setTargetTime"), timeZone): Text ' 04/17/2019 7:00' is set on object 'Object Repository/Page_/setTargetTime'

2019-05-24 18:55:17 - [MESSAGE][PASSED] - Text ' 04/17/2019 7:00' is set on object 'Object Repository/Page_/setTargetTime'

2019-05-24 18:55:17 - [TEST_STEP][PASSED] - click(findTestObject("Object Repository/Page_/input")): Object: 'Object Repository/Page_/input' is clicked on

2019-05-24 18:55:18 - [MESSAGE][PASSED] - Object: 'Object Repository/Page_/input' is clicked on

2019-05-24 18:55:18 - [TEST_STEP][PASSED] - delay(10): Delayed 10 second(s)

2019-05-24 18:55:28 - [MESSAGE][PASSED] - Delayed 10 second(s)

2019-05-24 18:55:28 - [TEST_STEP][NOT_RUN] - closeBrowser(): NOT_RUN: closeBrowser()

2019-05-24 18:55:28 - [MESSAGE][NOT_RUN] - NOT_RUN: closeBrowser()

2019-05-24 18:55:28 - [MESSAGE][PASSED] - Call Test Case 'Test Cases/newArrivalsSetTimezone' successfully

2019-05-24 18:55:28 - [TEST_STEP][PASSED] - callTestCase(findTestCase("backOfficeLogin"), ["BOURL":"", "BOuser":"", "BOpass":""], STOP_ON_FAILURE): Call Test Case 'Test Cases/backOfficeLogin' successfully

2019-05-24 18:55:28 - [TEST_CASE][PASSED] - Test Cases/backOfficeLogin: Test Cases/backOfficeLogin

2019-05-24 18:55:28 - [TEST_STEP][PASSED] - BOURL = findTestData("credData").getValue("BOURL", 1): null

2019-05-24 18:55:29 - [TEST_STEP][PASSED] - BOuser = findTestData("credData").getValue("BOuser", 1): null

2019-05-24 18:55:29 - [TEST_STEP][PASSED] - BOpass = findTestData("credData").getValue("BOpass", 1): null

2019-05-24 18:55:29 - [TEST_STEP][PASSED] - openBrowser(""): Browser is opened with url: ''

2019-05-24 18:55:29 - [MESSAGE][WARNING] - A browser is already opened. Closing browser and opening a new one

2019-05-24 18:55:29 - [MESSAGE][INFO] - Starting 'Chrome' driver

2019-05-24 18:55:32 - [MESSAGE][PASSED] - Browser is opened with url: ''

2019-05-24 18:55:32 - [TEST_STEP][PASSED] - navigateToUrl(BOURL): Navigate to 'https://test14.cliotest.com/backoffice/control/main' successfully

2019-05-24 18:55:41 - [MESSAGE][PASSED] - Navigate to 'https://test14.cliotest.com/backoffice/control/main' successfully

2019-05-24 18:55:41 - [TEST_STEP][PASSED] - logOut = findWebElements(findTestObject("Object Repository/Page_cabi Home/log_out"), 1): Unable to find the element located by 'By.xpath: //a[contains(text(),'Log Out')]'. Please recheck the objects properties to make sure the desired element is located. 

2019-05-24 18:55:42 - [MESSAGE][INFO] - Unable to find the element located by 'By.xpath: //a[contains(text(),'Log Out')]'. Please recheck the objects properties to make sure the desired element is located. 

2019-05-24 18:55:42 - [TEST_STEP][PASSED] - if (logOut.size() == 0): Object: 'Object Repository/Page_cabi/input_Welcome to_consultantLogin' is clicked on

2019-05-24 18:55:42 - [TEST_STEP][PASSED] - setText(findTestObject("Page_cabi/input_Welcome to_USERNAME"), BOuser): Text '400000002' is set on object 'Object Repository/Page_cabi/input_Welcome to_USERNAME'

2019-05-24 18:55:42 - [MESSAGE][PASSED] - Text '400000002' is set on object 'Object Repository/Page_cabi/input_Welcome to_USERNAME'

2019-05-24 18:55:42 - [TEST_STEP][PASSED] - setText(findTestObject("Object Repository/Page_cabi/input_Welcome to_PASSWORD"), BOpass): Text 'blackdress19' is set on object 'Object Repository/Page_cabi/input_Welcome to_PASSWORD'

2019-05-24 18:55:42 - [MESSAGE][PASSED] - Text 'blackdress19' is set on object 'Object Repository/Page_cabi/input_Welcome to_PASSWORD'

2019-05-24 18:55:42 - [TEST_STEP][PASSED] - click(findTestObject("Object Repository/Page_cabi/input_Welcome to_consultantLogin")): Object: 'Object Repository/Page_cabi/input_Welcome to_consultantLogin' is clicked on

2019-05-24 18:55:52 - [MESSAGE][PASSED] - Object: 'Object Repository/Page_cabi/input_Welcome to_consultantLogin' is clicked on

2019-05-24 18:55:52 - [TEST_STEP][PASSED] - delay(3): Delayed 3 second(s)

2019-05-24 18:55:55 - [MESSAGE][PASSED] - Delayed 3 second(s)

2019-05-24 18:55:55 - [MESSAGE][PASSED] - Call Test Case 'Test Cases/backOfficeLogin' successfully

2019-05-24 18:55:55 - [TEST_STEP][PASSED] - click(findTestObject("Page_cabi Home/a_Shows  Orders")): Object: 'Object Repository/Page_cabi Home/a_Shows  Orders' is clicked on

2019-05-24 18:55:56 - [MESSAGE][PASSED] - Object: 'Object Repository/Page_cabi Home/a_Shows  Orders' is clicked on

2019-05-24 18:55:56 - [TEST_STEP][PASSED] - delay(1): Delayed 1 second(s)

2019-05-24 18:55:57 - [MESSAGE][PASSED] - Delayed 1 second(s)

2019-05-24 18:55:57 - [TEST_STEP][PASSED] - click(findTestObject("Page_cabi Home/a_personal_purchases")): Object: 'Object Repository/Page_cabi Home/a_personal_purchases' is clicked on

2019-05-24 18:55:59 - [MESSAGE][PASSED] - Object: 'Object Repository/Page_cabi Home/a_personal_purchases' is clicked on

2019-05-24 18:55:59 - [TEST_STEP][PASSED] - click(findTestObject("Page_cabi Personal Store/span_Continue to Order")): Object: 'Object Repository/Page_cabi Personal Store/span_Continue to Order' is clicked on

2019-05-24 18:55:59 - [MESSAGE][PASSED] - Object: 'Object Repository/Page_cabi Personal Store/span_Continue to Order' is clicked on

2019-05-24 18:55:59 - [TEST_STEP][PASSED] - delay(5): Delayed 5 second(s)

2019-05-24 18:56:04 - [MESSAGE][PASSED] - Delayed 5 second(s)

2019-05-24 18:56:04 - [TEST_STEP][PASSED] - emptyCart = findWebElements(findTestObject("Object Repository/Page_cabi Personal Store/removeFromCart"), 5): Unable to find the element located by 'By.xpath: //*[@id="removeFromCart_0"]/span'. Please recheck the objects properties to make sure the desired element is located. 

2019-05-24 18:56:10 - [MESSAGE][INFO] - Unable to find the element located by 'By.xpath: //*[@id="removeFromCart_0"]/span'. Please recheck the objects properties to make sure the desired element is located. 

2019-05-24 18:56:10 - [TEST_STEP][PASSED] - if (emptyCart.size() > 0): null

2019-05-24 18:56:10 - [TEST_STEP][PASSED] - addOnStyle = findTestData("miscData").getValue("addOnStyle", 1): null

2019-05-24 18:56:10 - [TEST_STEP][PASSED] - click(findTestObject("Object Repository/Page_cabi Create Order/input_Manual Discount_stylelookup_0")): Object: 'Object Repository/Page_cabi Create Order/input_Manual Discount_stylelookup_0' is clicked on

2019-05-24 18:56:10 - [MESSAGE][PASSED] - Object: 'Object Repository/Page_cabi Create Order/input_Manual Discount_stylelookup_0' is clicked on

2019-05-24 18:56:10 - [TEST_STEP][PASSED] - setText(findTestObject("Object Repository/Page_cabi Create Order/input_Manual Discount_stylelookup_0"), addOnStyle): Text '5447' is set on object 'Object Repository/Page_cabi Create Order/input_Manual Discount_stylelookup_0'

2019-05-24 18:56:10 - [MESSAGE][PASSED] - Text '5447' is set on object 'Object Repository/Page_cabi Create Order/input_Manual Discount_stylelookup_0'

2019-05-24 18:56:10 - [TEST_STEP][PASSED] - delay(3): Delayed 3 second(s)

2019-05-24 18:56:13 - [MESSAGE][PASSED] - Delayed 3 second(s)

2019-05-24 18:56:13 - [TEST_STEP][PASSED] - prod_message = getText(findTestObject("Page_cabi Create Order/first_option")): Text of object 'Object Repository/Page_cabi Create Order/first_option' is: '5447 Bishop Cardigan'

2019-05-24 18:56:13 - [MESSAGE][PASSED] - Text of object 'Object Repository/Page_cabi Create Order/first_option' is: '5447 Bishop Cardigan'

2019-05-24 18:56:13 - [TEST_STEP][PASSED] - click(findTestObject("Page_cabi Create Order/first_option")): Object: 'Object Repository/Page_cabi Create Order/first_option' is clicked on

2019-05-24 18:56:13 - [MESSAGE][PASSED] - Object: 'Object Repository/Page_cabi Create Order/first_option' is clicked on

2019-05-24 18:56:13 - [TEST_STEP][PASSED] - delay(5): Delayed 5 second(s)

2019-05-24 18:56:18 - [MESSAGE][PASSED] - Delayed 5 second(s)

2019-05-24 18:56:18 - [TEST_STEP][PASSED] - click(findTestObject("Object Repository/Page_cabi Order Items/selectSize")): Object: 'Object Repository/Page_cabi Order Items/selectSize' is clicked on

2019-05-24 18:56:18 - [MESSAGE][PASSED] - Object: 'Object Repository/Page_cabi Order Items/selectSize' is clicked on

2019-05-24 18:56:18 - [TEST_STEP][PASSED] - click(findTestObject("Object Repository/Page_cabi Order Items/span_Add to Cart")): Object: 'Object Repository/Page_cabi Order Items/span_Add to Cart' is clicked on

2019-05-24 18:56:18 - [MESSAGE][PASSED] - Object: 'Object Repository/Page_cabi Order Items/span_Add to Cart' is clicked on

2019-05-24 18:56:18 - [TEST_STEP][PASSED] - delay(3): Delayed 3 second(s)

2019-05-24 18:56:21 - [MESSAGE][PASSED] - Delayed 3 second(s)

2019-05-24 18:56:21 - [TEST_STEP][PASSED] - click(findTestObject("Object Repository/Page_cabi Order Items/span_Continue to Shipping")): Object: 'Object Repository/Page_cabi Order Items/span_Continue to Shipping' is clicked on

2019-05-24 18:56:22 - [MESSAGE][PASSED] - Object: 'Object Repository/Page_cabi Order Items/span_Continue to Shipping' is clicked on

2019-05-24 18:56:22 - [TEST_STEP][PASSED] - click(findTestObject("Page_cabi Personal Store/nextButtonShipping")): Object: 'Object Repository/Page_cabi Personal Store/nextButtonShipping' is clicked on

2019-05-24 18:56:22 - [MESSAGE][PASSED] - Object: 'Object Repository/Page_cabi Personal Store/nextButtonShipping' is clicked on

2019-05-24 18:56:22 - [TEST_STEP][PASSED] - delay(3): Delayed 3 second(s)

2019-05-24 18:56:25 - [MESSAGE][PASSED] - Delayed 3 second(s)

2019-05-24 18:56:25 - [TEST_STEP][PASSED] - click(findTestObject("Page_cabi Personal Store/makeFirstPayment")): Object: 'Object Repository/Page_cabi Personal Store/makeFirstPayment' is clicked on

2019-05-24 18:56:26 - [MESSAGE][PASSED] - Object: 'Object Repository/Page_cabi Personal Store/makeFirstPayment' is clicked on

2019-05-24 18:56:26 - [TEST_STEP][PASSED] - click(findTestObject("Page_cabi Personal Store/submitPayment")): Object: 'Object Repository/Page_cabi Personal Store/submitPayment' is clicked on

2019-05-24 18:56:26 - [MESSAGE][PASSED] - Object: 'Object Repository/Page_cabi Personal Store/submitPayment' is clicked on

2019-05-24 18:56:26 - [TEST_STEP][PASSED] - click(findTestObject("Page_cabi Personal Store/submitOrderId")): Object: 'Object Repository/Page_cabi Personal Store/submitOrderId' is clicked on

2019-05-24 18:56:28 - [MESSAGE][PASSED] - Object: 'Object Repository/Page_cabi Personal Store/submitOrderId' is clicked on

2019-05-24 18:56:28 - [TEST_STEP][PASSED] - successMsg = "": null

2019-05-24 18:56:28 - [TEST_STEP][PASSED] - orderSuccess = false: null

2019-05-24 18:56:28 - [TEST_STEP][PASSED] - successMsgs = findWebElements(findTestObject("Object Repository/Page_cabi Personal Store/p_success_msg"), 5): null

2019-05-24 18:56:28 - [TEST_STEP][PASSED] - if (successMsgs.size() > 0): Text of object 'Object Repository/Page_cabi Personal Store/p_order_id' is: 'PR707969529'

2019-05-24 18:56:28 - [TEST_STEP][PASSED] - successMsg = getText(findTestObject("Object Repository/Page_cabi Personal Store/p_success_msg")): Text of object 'Object Repository/Page_cabi Personal Store/p_success_msg' is: 'Order Created Successfully!!
Order #:  PR707969529

CONTINUE SHOPPING'

2019-05-24 18:56:28 - [MESSAGE][PASSED] - Text of object 'Object Repository/Page_cabi Personal Store/p_success_msg' is: 'Order Created Successfully!!
Order #:  PR707969529

CONTINUE SHOPPING'

2019-05-24 18:56:28 - [TEST_STEP][PASSED] - orderSuccess = true: null

2019-05-24 18:56:28 - [TEST_STEP][PASSED] - addOnOrderId = getText(findTestObject("Object Repository/Page_cabi Personal Store/p_order_id")): Text of object 'Object Repository/Page_cabi Personal Store/p_order_id' is: 'PR707969529'

2019-05-24 18:56:29 - [MESSAGE][PASSED] - Text of object 'Object Repository/Page_cabi Personal Store/p_order_id' is: 'PR707969529'

2019-05-24 18:56:29 - [TEST_STEP][PASSED] - assert orderSuccess == true: null

2019-05-24 18:56:29 - [TEST_STEP][PASSED] - callTestCase(findTestCase("warehouseShipping"), ["orderId":addOnOrderId], STOP_ON_FAILURE): Call Test Case 'Test Cases/warehouseShipping' successfully

2019-05-24 18:56:29 - [TEST_CASE][PASSED] - Test Cases/warehouseShipping: Test Cases/warehouseShipping

2019-05-24 18:56:29 - [TEST_STEP][PASSED] - callTestCase(findTestCase("cabiWarehouseLogin"), ["CWURL":"", "CWuser":"", "CWpass":""], STOP_ON_FAILURE): Call Test Case 'Test Cases/cabiWarehouseLogin' successfully

2019-05-24 18:56:29 - [TEST_CASE][PASSED] - Test Cases/cabiWarehouseLogin: Test Cases/cabiWarehouseLogin

2019-05-24 18:56:29 - [TEST_STEP][PASSED] - CWURL = findTestData("credData").getValue("CWURL", 1): null

2019-05-24 18:56:29 - [TEST_STEP][PASSED] - CWuser = findTestData("credData").getValue("CWuser", 1): null

2019-05-24 18:56:29 - [TEST_STEP][PASSED] - CWpass = findTestData("credData").getValue("CWpass", 1): null

2019-05-24 18:56:29 - [TEST_STEP][PASSED] - openBrowser(""): Browser is opened with url: ''

2019-05-24 18:56:29 - [MESSAGE][WARNING] - A browser is already opened. Closing browser and opening a new one

2019-05-24 18:56:30 - [MESSAGE][INFO] - Starting 'Chrome' driver

2019-05-24 18:56:32 - [MESSAGE][PASSED] - Browser is opened with url: ''

2019-05-24 18:56:32 - [TEST_STEP][PASSED] - navigateToUrl(CWURL): Navigate to 'https://test14.cliotest.com/warehouse/control/main' successfully

2019-05-24 18:56:38 - [MESSAGE][PASSED] - Navigate to 'https://test14.cliotest.com/warehouse/control/main' successfully

2019-05-24 18:56:38 - [TEST_STEP][PASSED] - logOut = findWebElements(findTestObject("Object Repository/Cabi warehouse/Page_cabi_home/log_out"), 1): Unable to find the element located by 'By.xpath: //li/a[contains(text(), 'Log Out »')]'. Please recheck the objects properties to make sure the desired element is located. 

2019-05-24 18:56:39 - [MESSAGE][INFO] - Unable to find the element located by 'By.xpath: //li/a[contains(text(), 'Log Out »')]'. Please recheck the objects properties to make sure the desired element is located. 

2019-05-24 18:56:39 - [TEST_STEP][PASSED] - if (logOut.size() == 0): Object: 'Object Repository/Cabi warehouse/Page_cabi/input_Password_section-btn btn-stl-pk rFloat' is clicked on

2019-05-24 18:56:39 - [TEST_STEP][PASSED] - setText(findTestObject("Object Repository/Cabi warehouse/Page_cabi/input_Username_USERNAME"), CWuser): Text 'rsuarez' is set on object 'Object Repository/Cabi warehouse/Page_cabi/input_Username_USERNAME'

2019-05-24 18:56:39 - [MESSAGE][PASSED] - Text 'rsuarez' is set on object 'Object Repository/Cabi warehouse/Page_cabi/input_Username_USERNAME'

2019-05-24 18:56:39 - [TEST_STEP][PASSED] - setText(findTestObject("Object Repository/Cabi warehouse/Page_cabi/input_Password_PASSWORD"), CWpass): Text 'blackdress19' is set on object 'Object Repository/Cabi warehouse/Page_cabi/input_Password_PASSWORD'

2019-05-24 18:56:39 - [MESSAGE][PASSED] - Text 'blackdress19' is set on object 'Object Repository/Cabi warehouse/Page_cabi/input_Password_PASSWORD'

2019-05-24 18:56:39 - [TEST_STEP][PASSED] - click(findTestObject("Object Repository/Cabi warehouse/Page_cabi/input_Password_section-btn btn-stl-pk rFloat")): Object: 'Object Repository/Cabi warehouse/Page_cabi/input_Password_section-btn btn-stl-pk rFloat' is clicked on

2019-05-24 18:56:41 - [MESSAGE][PASSED] - Object: 'Object Repository/Cabi warehouse/Page_cabi/input_Password_section-btn btn-stl-pk rFloat' is clicked on

2019-05-24 18:56:41 - [TEST_STEP][PASSED] - delay(3): Delayed 3 second(s)

2019-05-24 18:56:44 - [MESSAGE][PASSED] - Delayed 3 second(s)

2019-05-24 18:56:44 - [MESSAGE][PASSED] - Call Test Case 'Test Cases/cabiWarehouseLogin' successfully

2019-05-24 18:56:44 - [TEST_STEP][PASSED] - click(findTestObject("Page_cabi Manage PickLists/a_Create PickLists")): Object: 'Object Repository/Page_cabi Manage PickLists/a_Create PickLists' is clicked on

2019-05-24 18:56:45 - [MESSAGE][PASSED] - Object: 'Object Repository/Page_cabi Manage PickLists/a_Create PickLists' is clicked on

2019-05-24 18:56:45 - [TEST_STEP][PASSED] - click(findTestObject("Object Repository/findOrders/Page_cabi Find Orders/Page_cabi SampleLine Shipment Screen/a_Single Order")): Object: 'Object Repository/findOrders/Page_cabi Find Orders/Page_cabi SampleLine Shipment Screen/a_Single Order' is clicked on

2019-05-24 18:56:45 - [MESSAGE][PASSED] - Object: 'Object Repository/findOrders/Page_cabi Find Orders/Page_cabi SampleLine Shipment Screen/a_Single Order' is clicked on

2019-05-24 18:56:45 - [TEST_STEP][PASSED] - setText(findTestObject("Page_cabi Create Single Order PickList/input_Order Id_orderId"), orderId): Text 'PR707969529' is set on object 'Object Repository/Page_cabi Create Single Order PickList/input_Order Id_orderId'

2019-05-24 18:56:46 - [MESSAGE][PASSED] - Text 'PR707969529' is set on object 'Object Repository/Page_cabi Create Single Order PickList/input_Order Id_orderId'

2019-05-24 18:56:46 - [TEST_STEP][PASSED] - click(findTestObject("Page_cabi Create Single Order PickList/input_Create even if fully backordered_submitButton")): Object: 'Object Repository/Page_cabi Create Single Order PickList/input_Create even if fully backordered_submitButton' is clicked on

2019-05-24 18:56:47 - [MESSAGE][PASSED] - Object: 'Object Repository/Page_cabi Create Single Order PickList/input_Create even if fully backordered_submitButton' is clicked on

2019-05-24 18:56:47 - [TEST_STEP][PASSED] - pickListCreated = findWebElements(findTestObject("Cabi warehouse/picklistCreatedMessage"), 5): null

2019-05-24 18:56:47 - [TEST_STEP][PASSED] - if (pickListCreated.size() == 0): null

2019-05-24 18:56:47 - [TEST_STEP][PASSED] - pickListCreated = findWebElements(findTestObject("Cabi warehouse/picklistCreatedMessage"), 5): null

2019-05-24 18:56:47 - [TEST_STEP][PASSED] - if (pickListCreated.size() == 0): null

2019-05-24 18:56:47 - [TEST_STEP][PASSED] - picklistCreatedMessage = UtilityMethods.concat("Picklist for order: [", orderId, "] has been created successfully."): null

2019-05-24 18:56:47 - [TEST_STEP][PASSED] - verifyElementText(findTestObject("Cabi warehouse/picklistCreatedMessage"), picklistCreatedMessage): Actual text and expected text of test object 'Object Repository/Cabi warehouse/picklistCreatedMessage' are matched.

2019-05-24 18:56:47 - [MESSAGE][PASSED] - Actual text and expected text of test object 'Object Repository/Cabi warehouse/picklistCreatedMessage' are matched.

2019-05-24 18:56:47 - [TEST_STEP][PASSED] - click(findTestObject("Page_cabi Create Single Order PickList/a_Manage PickLists")): Object: 'Object Repository/Page_cabi Create Single Order PickList/a_Manage PickLists' is clicked on

2019-05-24 18:56:47 - [MESSAGE][PASSED] - Object: 'Object Repository/Page_cabi Create Single Order PickList/a_Manage PickLists' is clicked on

2019-05-24 18:56:47 - [TEST_STEP][PASSED] - setText(findTestObject("Page_cabi Manage PickLists/input_Order _orderId"), orderId): Text 'PR707969529' is set on object 'Object Repository/Page_cabi Manage PickLists/input_Order _orderId'

2019-05-24 18:56:48 - [MESSAGE][PASSED] - Text 'PR707969529' is set on object 'Object Repository/Page_cabi Manage PickLists/input_Order _orderId'

2019-05-24 18:56:48 - [TEST_STEP][PASSED] - click(findTestObject("Page_cabi Manage PickLists/input")): Object: 'Object Repository/Page_cabi Manage PickLists/input' is clicked on

2019-05-24 18:56:48 - [MESSAGE][PASSED] - Object: 'Object Repository/Page_cabi Manage PickLists/input' is clicked on

2019-05-24 18:56:48 - [TEST_STEP][PASSED] - delay(3): Delayed 3 second(s)

2019-05-24 18:56:51 - [MESSAGE][PASSED] - Delayed 3 second(s)

2019-05-24 18:56:51 - [TEST_STEP][PASSED] - click(findTestObject("Page_cabi Manage PickLists/td_104238610")): Object: 'Object Repository/Page_cabi Manage PickLists/td_104238610' is clicked on

2019-05-24 18:56:51 - [MESSAGE][PASSED] - Object: 'Object Repository/Page_cabi Manage PickLists/td_104238610' is clicked on

2019-05-24 18:56:51 - [TEST_STEP][PASSED] - picklistId = getText(findTestObject("Page_cabi Manage PickLists/td_104238610")): Text of object 'Object Repository/Page_cabi Manage PickLists/td_104238610' is: '104259829'

2019-05-24 18:56:51 - [MESSAGE][PASSED] - Text of object 'Object Repository/Page_cabi Manage PickLists/td_104238610' is: '104259829'

2019-05-24 18:56:51 - [TEST_STEP][PASSED] - click(findTestObject("Page_cabi Manage PickLists/a_Packing")): Object: 'Object Repository/Page_cabi Manage PickLists/a_Packing' is clicked on

2019-05-24 18:56:53 - [MESSAGE][PASSED] - Object: 'Object Repository/Page_cabi Manage PickLists/a_Packing' is clicked on

2019-05-24 18:56:53 - [TEST_STEP][PASSED] - setText(findTestObject("Page_cabi Pack Init/input_Pack Station_packStationId"), "30"): Text '30' is set on object 'Object Repository/Page_cabi Pack Init/input_Pack Station_packStationId'

2019-05-24 18:56:53 - [MESSAGE][PASSED] - Text '30' is set on object 'Object Repository/Page_cabi Pack Init/input_Pack Station_packStationId'

2019-05-24 18:56:53 - [TEST_STEP][PASSED] - click(findTestObject("Page_cabi Pack Init/input_Pack Station_submitButton")): Object: 'Object Repository/Page_cabi Pack Init/input_Pack Station_submitButton' is clicked on

2019-05-24 18:56:53 - [MESSAGE][PASSED] - Object: 'Object Repository/Page_cabi Pack Init/input_Pack Station_submitButton' is clicked on

2019-05-24 18:56:53 - [TEST_STEP][PASSED] - setText(findTestObject("Page_cabi Pack Init/input_Picklist ID_pickId"), picklistId): Text '104259829' is set on object 'Object Repository/Page_cabi Pack Init/input_Picklist ID_pickId'

2019-05-24 18:56:54 - [MESSAGE][PASSED] - Text '104259829' is set on object 'Object Repository/Page_cabi Pack Init/input_Picklist ID_pickId'

2019-05-24 18:56:54 - [TEST_STEP][PASSED] - click(findTestObject("Page_cabi Pack Init/input_Picklist ID_submitButton")): Object: 'Object Repository/Page_cabi Pack Init/input_Picklist ID_submitButton' is clicked on

2019-05-24 18:56:55 - [MESSAGE][PASSED] - Object: 'Object Repository/Page_cabi Pack Init/input_Picklist ID_submitButton' is clicked on

2019-05-24 18:56:55 - [TEST_STEP][PASSED] - click(findTestObject("Page_cabi General Pack/input_Cream Of Wheat_button addItemForVerification")): Object: 'Object Repository/Page_cabi General Pack/input_Cream Of Wheat_button addItemForVerification' is clicked on

2019-05-24 18:56:55 - [MESSAGE][PASSED] - Object: 'Object Repository/Page_cabi General Pack/input_Cream Of Wheat_button addItemForVerification' is clicked on

2019-05-24 18:56:55 - [TEST_STEP][PASSED] - click(findTestObject("Page_cabi General Pack/input_Pack Station  30_shipConfirmBtn")): Object: 'Object Repository/Page_cabi General Pack/input_Pack Station  30_shipConfirmBtn' is clicked on

2019-05-24 18:56:58 - [MESSAGE][PASSED] - Object: 'Object Repository/Page_cabi General Pack/input_Pack Station  30_shipConfirmBtn' is clicked on

2019-05-24 18:56:58 - [TEST_STEP][PASSED] - click(findTestObject("Cabi warehouse/warehouseLogout")): Object: 'Object Repository/Cabi warehouse/warehouseLogout' is clicked on

2019-05-24 18:56:59 - [MESSAGE][PASSED] - Object: 'Object Repository/Cabi warehouse/warehouseLogout' is clicked on

2019-05-24 18:56:59 - [MESSAGE][PASSED] - Call Test Case 'Test Cases/warehouseShipping' successfully

2019-05-24 18:56:59 - [TEST_STEP][PASSED] - callTestCase(findTestCase("backOfficeLogin"), ["BOURL":"", "BOuser":"", "BOpass":""], STOP_ON_FAILURE): Call Test Case 'Test Cases/backOfficeLogin' successfully

2019-05-24 18:56:59 - [TEST_CASE][PASSED] - Test Cases/backOfficeLogin: Test Cases/backOfficeLogin

2019-05-24 18:56:59 - [TEST_STEP][PASSED] - BOURL = findTestData("credData").getValue("BOURL", 1): null

2019-05-24 18:56:59 - [TEST_STEP][PASSED] - BOuser = findTestData("credData").getValue("BOuser", 1): null

2019-05-24 18:56:59 - [TEST_STEP][PASSED] - BOpass = findTestData("credData").getValue("BOpass", 1): null

2019-05-24 18:56:59 - [TEST_STEP][PASSED] - openBrowser(""): Browser is opened with url: ''

2019-05-24 18:56:59 - [MESSAGE][WARNING] - A browser is already opened. Closing browser and opening a new one

2019-05-24 18:57:00 - [MESSAGE][INFO] - Starting 'Chrome' driver

2019-05-24 18:57:02 - [MESSAGE][PASSED] - Browser is opened with url: ''

2019-05-24 18:57:02 - [TEST_STEP][PASSED] - navigateToUrl(BOURL): Navigate to 'https://test14.cliotest.com/backoffice/control/main' successfully

2019-05-24 18:57:10 - [MESSAGE][PASSED] - Navigate to 'https://test14.cliotest.com/backoffice/control/main' successfully

2019-05-24 18:57:10 - [TEST_STEP][PASSED] - logOut = findWebElements(findTestObject("Object Repository/Page_cabi Home/log_out"), 1): Unable to find the element located by 'By.xpath: //a[contains(text(),'Log Out')]'. Please recheck the objects properties to make sure the desired element is located. 

2019-05-24 18:57:11 - [MESSAGE][INFO] - Unable to find the element located by 'By.xpath: //a[contains(text(),'Log Out')]'. Please recheck the objects properties to make sure the desired element is located. 

2019-05-24 18:57:11 - [TEST_STEP][PASSED] - if (logOut.size() == 0): Object: 'Object Repository/Page_cabi/input_Welcome to_consultantLogin' is clicked on

2019-05-24 18:57:11 - [TEST_STEP][PASSED] - setText(findTestObject("Page_cabi/input_Welcome to_USERNAME"), BOuser): Text '400000002' is set on object 'Object Repository/Page_cabi/input_Welcome to_USERNAME'

2019-05-24 18:57:12 - [MESSAGE][PASSED] - Text '400000002' is set on object 'Object Repository/Page_cabi/input_Welcome to_USERNAME'

2019-05-24 18:57:12 - [TEST_STEP][PASSED] - setText(findTestObject("Object Repository/Page_cabi/input_Welcome to_PASSWORD"), BOpass): Text 'blackdress19' is set on object 'Object Repository/Page_cabi/input_Welcome to_PASSWORD'

2019-05-24 18:57:12 - [MESSAGE][PASSED] - Text 'blackdress19' is set on object 'Object Repository/Page_cabi/input_Welcome to_PASSWORD'

2019-05-24 18:57:12 - [TEST_STEP][PASSED] - click(findTestObject("Object Repository/Page_cabi/input_Welcome to_consultantLogin")): Object: 'Object Repository/Page_cabi/input_Welcome to_consultantLogin' is clicked on

2019-05-24 18:57:20 - [MESSAGE][PASSED] - Object: 'Object Repository/Page_cabi/input_Welcome to_consultantLogin' is clicked on

2019-05-24 18:57:20 - [TEST_STEP][PASSED] - delay(3): Delayed 3 second(s)

2019-05-24 18:57:23 - [MESSAGE][PASSED] - Delayed 3 second(s)

2019-05-24 18:57:23 - [MESSAGE][PASSED] - Call Test Case 'Test Cases/backOfficeLogin' successfully

2019-05-24 18:57:23 - [TEST_STEP][PASSED] - click(findTestObject("Object Repository/findOrders/Page_cabi Find Orders/Page_cabi Home/a_Shows  Orders")): Object: 'Object Repository/findOrders/Page_cabi Find Orders/Page_cabi Home/a_Shows  Orders' is clicked on

2019-05-24 18:57:24 - [MESSAGE][PASSED] - Object: 'Object Repository/findOrders/Page_cabi Find Orders/Page_cabi Home/a_Shows  Orders' is clicked on

2019-05-24 18:57:24 - [TEST_STEP][PASSED] - click(findTestObject("Object Repository/findOrders/Page_cabi Find Orders/Page_cabi Home/a_Orders")): Object: 'Object Repository/findOrders/Page_cabi Find Orders/Page_cabi Home/a_Orders' is clicked on

2019-05-24 18:57:25 - [MESSAGE][PASSED] - Object: 'Object Repository/findOrders/Page_cabi Find Orders/Page_cabi Home/a_Orders' is clicked on

2019-05-24 18:57:25 - [TEST_STEP][PASSED] - click(findTestObject("Object Repository/findOrders/Page_cabi Find Orders/Page_cabi Find Orders/b")): Object: 'Object Repository/findOrders/Page_cabi Find Orders/Page_cabi Find Orders/b' is clicked on

2019-05-24 18:57:26 - [MESSAGE][PASSED] - Object: 'Object Repository/findOrders/Page_cabi Find Orders/Page_cabi Find Orders/b' is clicked on

2019-05-24 18:57:26 - [TEST_STEP][PASSED] - delay(3): Delayed 3 second(s)

2019-05-24 18:57:29 - [MESSAGE][PASSED] - Delayed 3 second(s)

2019-05-24 18:57:29 - [TEST_STEP][PASSED] - click(findTestObject("findOrders/Page_cabi Find Orders/orderNo")): Object: 'Object Repository/findOrders/Page_cabi Find Orders/orderNo' is clicked on

2019-05-24 18:57:29 - [MESSAGE][PASSED] - Object: 'Object Repository/findOrders/Page_cabi Find Orders/orderNo' is clicked on

2019-05-24 18:57:29 - [TEST_STEP][PASSED] - delay(3): Delayed 3 second(s)

2019-05-24 18:57:32 - [MESSAGE][PASSED] - Delayed 3 second(s)

2019-05-24 18:57:32 - [TEST_STEP][PASSED] - click(findTestObject("Object Repository/findOrders/Page_cabi Find Orders/Page_cabi Find Orders/pendingShipment")): Object: 'Object Repository/findOrders/Page_cabi Find Orders/Page_cabi Find Orders/pendingShipment' is clicked on

2019-05-24 18:57:32 - [MESSAGE][PASSED] - Object: 'Object Repository/findOrders/Page_cabi Find Orders/Page_cabi Find Orders/pendingShipment' is clicked on

2019-05-24 18:57:32 - [TEST_STEP][PASSED] - click(findTestObject("Object Repository/findOrders/Page_cabi Find Orders/Page_cabi Find Orders/inputShipped")): Object: 'Object Repository/findOrders/Page_cabi Find Orders/Page_cabi Find Orders/inputShipped' is clicked on

2019-05-24 18:57:32 - [MESSAGE][PASSED] - Object: 'Object Repository/findOrders/Page_cabi Find Orders/Page_cabi Find Orders/inputShipped' is clicked on

2019-05-24 18:57:32 - [TEST_STEP][PASSED] - setText(findTestObject("Object Repository/findOrders/Page_cabi Find Orders/Page_cabi Find Orders/inputOrderId"), addOnOrderId): Text 'PR707969529' is set on object 'Object Repository/findOrders/Page_cabi Find Orders/Page_cabi Find Orders/inputOrderId'

2019-05-24 18:57:32 - [MESSAGE][PASSED] - Text 'PR707969529' is set on object 'Object Repository/findOrders/Page_cabi Find Orders/Page_cabi Find Orders/inputOrderId'

2019-05-24 18:57:32 - [TEST_STEP][PASSED] - click(findTestObject("Object Repository/findOrders/Page_cabi Find Orders/Page_cabi Find Orders/findOrders")): Object: 'Object Repository/findOrders/Page_cabi Find Orders/Page_cabi Find Orders/findOrders' is clicked on

2019-05-24 18:57:32 - [MESSAGE][PASSED] - Object: 'Object Repository/findOrders/Page_cabi Find Orders/Page_cabi Find Orders/findOrders' is clicked on

2019-05-24 18:57:32 - [TEST_STEP][PASSED] - click(findTestObject("findOrders/Page_cabi Find Orders/orderView")): Object: 'Object Repository/findOrders/Page_cabi Find Orders/orderView' is clicked on

2019-05-24 18:57:36 - [MESSAGE][PASSED] - Object: 'Object Repository/findOrders/Page_cabi Find Orders/orderView' is clicked on

2019-05-24 18:57:36 - [TEST_STEP][PASSED] - delay(3): Delayed 3 second(s)

2019-05-24 18:57:39 - [MESSAGE][PASSED] - Delayed 3 second(s)

2019-05-24 18:57:39 - [TEST_STEP][PASSED] - refresh(): Refresh successfully

2019-05-24 18:57:39 - [MESSAGE][PASSED] - Refresh successfully

2019-05-24 18:57:39 - [TEST_STEP][PASSED] - delay(3): Delayed 3 second(s)

2019-05-24 18:57:42 - [MESSAGE][PASSED] - Delayed 3 second(s)

2019-05-24 18:57:42 - [TEST_STEP][PASSED] - refresh(): Refresh successfully

2019-05-24 18:57:43 - [MESSAGE][PASSED] - Refresh successfully

2019-05-24 18:57:43 - [TEST_STEP][PASSED] - delay(10): Delayed 10 second(s)

2019-05-24 18:57:53 - [MESSAGE][PASSED] - Delayed 10 second(s)

2019-05-24 18:57:53 - [TEST_STEP][PASSED] - refresh(): Refresh successfully

2019-05-24 18:57:56 - [MESSAGE][PASSED] - Refresh successfully

2019-05-24 18:57:56 - [TEST_STEP][PASSED] - delay(3): Delayed 3 second(s)

2019-05-24 18:57:59 - [MESSAGE][PASSED] - Delayed 3 second(s)

2019-05-24 18:57:59 - [TEST_STEP][PASSED] - click(findTestObject("Object Repository/findOrders/Page_cabi Find Orders/Page_cabi Order View/a_(Return Order)")): Object: 'Object Repository/findOrders/Page_cabi Find Orders/Page_cabi Order View/a_(Return Order)' is clicked on

2019-05-24 18:58:03 - [MESSAGE][PASSED] - Object: 'Object Repository/findOrders/Page_cabi Find Orders/Page_cabi Order View/a_(Return Order)' is clicked on

2019-05-24 18:58:03 - [TEST_STEP][PASSED] - delay(3): Delayed 3 second(s)

2019-05-24 18:58:06 - [MESSAGE][PASSED] - Delayed 3 second(s)

2019-05-24 18:58:06 - [TEST_STEP][PASSED] - selectOptionByValue(findTestObject("Object Repository/findOrders/Page_cabi Find Orders/Page_cabi Stylist Create RMA/selectReason1"), "CABI_c", true): All options with value 'CABI_c' are selected in object 'Object Repository/findOrders/Page_cabi Find Orders/Page_cabi Stylist Create RMA/selectReason1'  using regular expression

2019-05-24 18:58:06 - [MESSAGE][PASSED] - All options with value 'CABI_c' are selected in object 'Object Repository/findOrders/Page_cabi Find Orders/Page_cabi Stylist Create RMA/selectReason1'  using regular expression

2019-05-24 18:58:06 - [TEST_STEP][PASSED] - selectOptionByValue(findTestObject("Object Repository/findOrders/Page_cabi Find Orders/Page_cabi Stylist Create RMA/selectReason2"), "CABI_c_a", true): All options with value 'CABI_c_a' are selected in object 'Object Repository/findOrders/Page_cabi Find Orders/Page_cabi Stylist Create RMA/selectReason2'  using regular expression

2019-05-24 18:58:06 - [MESSAGE][PASSED] - All options with value 'CABI_c_a' are selected in object 'Object Repository/findOrders/Page_cabi Find Orders/Page_cabi Stylist Create RMA/selectReason2'  using regular expression

2019-05-24 18:58:06 - [TEST_STEP][PASSED] - click(findTestObject("Object Repository/findOrders/Page_cabi Find Orders/Page_cabi Stylist Create RMA/inputRefund")): Object: 'Object Repository/findOrders/Page_cabi Find Orders/Page_cabi Stylist Create RMA/inputRefund' is clicked on

2019-05-24 18:58:06 - [MESSAGE][PASSED] - Object: 'Object Repository/findOrders/Page_cabi Find Orders/Page_cabi Stylist Create RMA/inputRefund' is clicked on

2019-05-24 18:58:06 - [TEST_STEP][PASSED] - click(findTestObject("Object Repository/findOrders/Page_cabi Find Orders/Page_cabi Stylist Create RMA/a_Next")): Object: 'Object Repository/findOrders/Page_cabi Find Orders/Page_cabi Stylist Create RMA/a_Next' is clicked on

2019-05-24 18:58:08 - [MESSAGE][PASSED] - Object: 'Object Repository/findOrders/Page_cabi Find Orders/Page_cabi Stylist Create RMA/a_Next' is clicked on

2019-05-24 18:58:08 - [TEST_STEP][PASSED] - click(findTestObject("Object Repository/findOrders/Page_cabi Find Orders/Page_cabi Stylist Create RMA/inputPostalService")): Object: 'Object Repository/findOrders/Page_cabi Find Orders/Page_cabi Stylist Create RMA/inputPostalService' is clicked on

2019-05-24 18:58:08 - [MESSAGE][PASSED] - Object: 'Object Repository/findOrders/Page_cabi Find Orders/Page_cabi Stylist Create RMA/inputPostalService' is clicked on

2019-05-24 18:58:08 - [TEST_STEP][PASSED] - click(findTestObject("Object Repository/findOrders/Page_cabi Find Orders/Page_cabi Stylist Create RMA/inputConfirmAdderess")): Object: 'Object Repository/findOrders/Page_cabi Find Orders/Page_cabi Stylist Create RMA/inputConfirmAdderess' is clicked on

2019-05-24 18:58:08 - [MESSAGE][PASSED] - Object: 'Object Repository/findOrders/Page_cabi Find Orders/Page_cabi Stylist Create RMA/inputConfirmAdderess' is clicked on

2019-05-24 18:58:08 - [TEST_STEP][PASSED] - click(findTestObject("Object Repository/findOrders/Page_cabi Find Orders/Page_cabi Stylist Create RMA/a_Next_1")): Object: 'Object Repository/findOrders/Page_cabi Find Orders/Page_cabi Stylist Create RMA/a_Next_1' is clicked on

2019-05-24 18:58:08 - [MESSAGE][PASSED] - Object: 'Object Repository/findOrders/Page_cabi Find Orders/Page_cabi Stylist Create RMA/a_Next_1' is clicked on

2019-05-24 18:58:08 - [TEST_STEP][PASSED] - click(findTestObject("Object Repository/findOrders/Page_cabi Find Orders/Page_cabi Stylist Create RMA/a_Submit RMA")): Object: 'Object Repository/findOrders/Page_cabi Find Orders/Page_cabi Stylist Create RMA/a_Submit RMA' is clicked on

2019-05-24 18:58:10 - [MESSAGE][PASSED] - Object: 'Object Repository/findOrders/Page_cabi Find Orders/Page_cabi Stylist Create RMA/a_Submit RMA' is clicked on

2019-05-24 18:58:10 - [TEST_STEP][PASSED] - click(findTestObject("Object Repository/findOrders/Page_cabi Find Orders/Page_cabi Stylist Create RMA/addonOrder")): Object: 'Object Repository/findOrders/Page_cabi Find Orders/Page_cabi Stylist Create RMA/addonOrder' is clicked on

2019-05-24 18:58:14 - [MESSAGE][PASSED] - Object: 'Object Repository/findOrders/Page_cabi Find Orders/Page_cabi Stylist Create RMA/addonOrder' is clicked on

2019-05-24 18:58:14 - [TEST_STEP][PASSED] - delay(3): Delayed 3 second(s)

2019-05-24 18:58:17 - [MESSAGE][PASSED] - Delayed 3 second(s)

2019-05-24 18:58:17 - [TEST_STEP][PASSED] - click(findTestObject("Object Repository/Page_cabi_addOn_order/a_continue_to_order")): Object: 'Object Repository/Page_cabi_addOn_order/a_continue_to_order' is clicked on

2019-05-24 18:58:17 - [MESSAGE][PASSED] - Object: 'Object Repository/Page_cabi_addOn_order/a_continue_to_order' is clicked on

2019-05-24 18:58:17 - [TEST_STEP][PASSED] - delay(2): Delayed 2 second(s)

2019-05-24 18:58:19 - [MESSAGE][PASSED] - Delayed 2 second(s)

2019-05-24 18:58:19 - [TEST_STEP][PASSED] - callTestCase(findTestCase("productVerifyShort"), ["available":BOAddonPersonal], STOP_ON_FAILURE): Call Test Case 'Test Cases/productVerifyShort' successfully

2019-05-24 18:58:19 - [TEST_CASE][PASSED] - Test Cases/productVerifyShort: Test Cases/productVerifyShort

2019-05-24 18:58:19 - [TEST_STEP][PASSED] - for ([row = 1, row <= findTestData("productData").getRowNumbers(), (row++)]): Delayed 3 second(s)

2019-05-24 18:58:19 - [TEST_STEP][PASSED] - delay(2): Delayed 2 second(s)

2019-05-24 18:58:21 - [MESSAGE][PASSED] - Delayed 2 second(s)

2019-05-24 18:58:21 - [TEST_STEP][PASSED] - setText(findTestObject("Object Repository/Page_cabi Create Order/input_Manual Discount_stylelookup_0"), findTestData("productData").getValue("Style", row)): Text '5618' is set on object 'Object Repository/Page_cabi Create Order/input_Manual Discount_stylelookup_0'

2019-05-24 18:58:21 - [MESSAGE][PASSED] - Text '5618' is set on object 'Object Repository/Page_cabi Create Order/input_Manual Discount_stylelookup_0'

2019-05-24 18:58:21 - [TEST_STEP][PASSED] - delay(2): Delayed 2 second(s)

2019-05-24 18:58:23 - [MESSAGE][PASSED] - Delayed 2 second(s)

2019-05-24 18:58:23 - [TEST_STEP][PASSED] - prod_message = getText(findTestObject("Page_cabi Create Order/first_option")): Text of object 'Object Repository/Page_cabi Create Order/first_option' is: '5618 Breeze Dress (Spring '19)'

2019-05-24 18:58:23 - [MESSAGE][PASSED] - Text of object 'Object Repository/Page_cabi Create Order/first_option' is: '5618 Breeze Dress (Spring '19)'

2019-05-24 18:58:23 - [TEST_STEP][PASSED] - delay(1): Delayed 1 second(s)

2019-05-24 18:58:24 - [MESSAGE][PASSED] - Delayed 1 second(s)

2019-05-24 18:58:24 - [TEST_STEP][PASSED] - click(findTestObject("Page_cabi Create Order/first_option")): Object: 'Object Repository/Page_cabi Create Order/first_option' is clicked on

2019-05-24 18:58:24 - [MESSAGE][PASSED] - Object: 'Object Repository/Page_cabi Create Order/first_option' is clicked on

2019-05-24 18:58:24 - [TEST_STEP][PASSED] - if (toString().equalsIgnoreCase("no")): null

2019-05-24 18:58:24 - [TEST_STEP][PASSED] - else: Delayed 3 second(s)

2019-05-24 18:58:24 - [TEST_STEP][PASSED] - delay(3): Delayed 3 second(s)

2019-05-24 18:58:27 - [MESSAGE][PASSED] - Delayed 3 second(s)

2019-05-24 18:58:27 - [TEST_STEP][PASSED] - s1 = getValue("Style", row).toString(): null

2019-05-24 18:58:27 - [TEST_STEP][PASSED] - s2 = " ": null

2019-05-24 18:58:27 - [TEST_STEP][PASSED] - s3 = getValue("Description", row).toString(): null

2019-05-24 18:58:28 - [TEST_STEP][PASSED] - expectedStyleDescription = $s1$s2$s3: null

2019-05-24 18:58:28 - [TEST_STEP][PASSED] - prod_message = UtilityMethods.splitStyle(prod_message): null

2019-05-24 18:58:28 - [TEST_STEP][PASSED] - println(prod_message): null

2019-05-24 18:58:28 - [TEST_STEP][PASSED] - assert prod_message.equalsIgnoreCase(expectedStyleDescription): null

2019-05-24 18:58:28 - [TEST_STEP][PASSED] - delay(3): Delayed 3 second(s)

2019-05-24 18:58:31 - [MESSAGE][PASSED] - Delayed 3 second(s)

2019-05-24 18:58:31 - [TEST_STEP][PASSED] - colorOptions = findWebElements(findTestObject("Page_cabi Order Items/GetAttribute_Color"), 5): null

2019-05-24 18:58:31 - [TEST_STEP][PASSED] - println(colorOptions.size()): null

2019-05-24 18:58:31 - [TEST_STEP][PASSED] - expectedColour = findTestData("productData").getValue("Color", row): null

2019-05-24 18:58:31 - [TEST_STEP][PASSED] - println("expected colour is"): null

2019-05-24 18:58:31 - [TEST_STEP][PASSED] - println(expectedColour): null

2019-05-24 18:58:31 - [TEST_STEP][PASSED] - colourVerified = false: null

2019-05-24 18:58:31 - [TEST_STEP][PASSED] - for (org.openqa.selenium.WebElement op : colorOptions): null

2019-05-24 18:58:31 - [TEST_STEP][PASSED] - println(op.getText()): null

2019-05-24 18:58:31 - [TEST_STEP][PASSED] - if (expectedColour.equalsIgnoreCase(op.getText())): null

2019-05-24 18:58:31 - [TEST_STEP][PASSED] - colourVerified = true: null

2019-05-24 18:58:31 - [TEST_STEP][PASSED] - break: null

2019-05-24 18:58:31 - [TEST_STEP][PASSED] - assert colourVerified == true: null

2019-05-24 18:58:31 - [TEST_STEP][PASSED] - getPrice = getText(findTestObject("Page_cabi Create Order/retail_price")): Text of object 'Object Repository/Page_cabi Create Order/retail_price' is: '$119.00'

2019-05-24 18:58:31 - [MESSAGE][PASSED] - Text of object 'Object Repository/Page_cabi Create Order/retail_price' is: '$119.00'

2019-05-24 18:58:31 - [TEST_STEP][PASSED] - Split_Data = UtilityMethods.SplitData(getPrice): null

2019-05-24 18:58:31 - [TEST_STEP][PASSED] - verifyMatch(Split_Data, findTestData("productData").getValue("Retail", row), true): Actual text '119' and expected text '119' are matched  using regular expression

2019-05-24 18:58:31 - [MESSAGE][PASSED] - Actual text '119' and expected text '119' are matched  using regular expression

2019-05-24 18:58:31 - [TEST_STEP][PASSED] - sizeRange1 = ["XXS", "XS", "S", "M", "L", "XL"]: null

2019-05-24 18:58:31 - [TEST_STEP][PASSED] - sizeRange2 = ["00", "0", "2", "4", "6", "8", "10", "12", "14", "16"]: null

2019-05-24 18:58:31 - [TEST_STEP][PASSED] - sizeRange3 = ["Long", "Regular", "Short"]: null

2019-05-24 18:58:31 - [TEST_STEP][PASSED] - sizeRange4 = ["5", "6", "6.5", "7", "7.5", "8", "8.5", "9", "9.5", "10", "11"]: null

2019-05-24 18:58:31 - [TEST_STEP][PASSED] - sizeRangeSplit = UtilityMethods.SplitSizes(findTestData("productData").getValue("SzRange", row)): null

2019-05-24 18:58:31 - [TEST_STEP][PASSED] - sizeType = getText(findTestObject("Object Repository/Page_cabi Order Items/Size")): Text of object 'Object Repository/Page_cabi Order Items/Size' is: 'Select'

2019-05-24 18:58:31 - [MESSAGE][PASSED] - Text of object 'Object Repository/Page_cabi Order Items/Size' is: 'Select'

2019-05-24 18:58:31 - [TEST_STEP][PASSED] - sizeOptions = findWebElements(findTestObject("Object Repository/Page_cabi Order Items/Size"), 5): null

2019-05-24 18:58:31 - [TEST_STEP][PASSED] - actualRange = new java.util.ArrayList(): null

2019-05-24 18:58:31 - [TEST_STEP][PASSED] - expectedRange = <not implemented yet for class: org.codehaus.groovy.ast.expr.EmptyExpression>: null

2019-05-24 18:58:31 - [TEST_STEP][PASSED] - if (sizeType.equalsIgnoreCase("Select")): null

2019-05-24 18:58:31 - [TEST_STEP][PASSED] - for ([i = 1, i < sizeOptions.size(), (i++)]): null

2019-05-24 18:58:31 - [TEST_STEP][PASSED] - actualRange.add(get(i).getText()): null

2019-05-24 18:58:31 - [TEST_STEP][PASSED] - actualRange.add(get(i).getText()): null

2019-05-24 18:58:31 - [TEST_STEP][PASSED] - actualRange.add(get(i).getText()): null

2019-05-24 18:58:31 - [TEST_STEP][PASSED] - actualRange.add(get(i).getText()): null

2019-05-24 18:58:31 - [TEST_STEP][PASSED] - actualRange.add(get(i).getText()): null

2019-05-24 18:58:31 - [TEST_STEP][PASSED] - if (toString().equalsIgnoreCase("XS") || toString().equalsIgnoreCase("XXS")): null

2019-05-24 18:58:31 - [TEST_STEP][PASSED] - expectedRange = UtilityMethods.getExpectedRange(sizeRange1, sizeRangeSplit): null

2019-05-24 18:58:31 - [TEST_STEP][PASSED] - println("XS"): null

2019-05-24 18:58:31 - [TEST_STEP][PASSED] - println(expectedRange.toString()): null

2019-05-24 18:58:31 - [TEST_STEP][PASSED] - assert UtilityMethods.listEquals(expectedRange, actualRange) == true: null

2019-05-24 18:58:31 - [TEST_STEP][PASSED] - delay(3): Delayed 3 second(s)

2019-05-24 18:58:34 - [MESSAGE][PASSED] - Delayed 3 second(s)

2019-05-24 18:58:34 - [MESSAGE][PASSED] - Call Test Case 'Test Cases/productVerifyShort' successfully

2019-05-24 18:58:34 - [TEST_STEP][PASSED] - controlParallelism = controlParallelism + 1: null

2019-05-24 18:58:34 - [TEST_STEP][PASSED] - if (controlParallelism == parallelTC): null

2019-05-24 18:58:34 - [TEST_STEP][PASSED] - (i++): null

2019-05-24 18:58:34 - [TEST_STEP][PASSED] - if (timeRow > i): null

2019-05-24 18:58:34 - [TEST_STEP][PASSED] - callTestCase(findTestCase("populateTimeGlobalVars"), ["row":timeRow], STOP_ON_FAILURE): Call Test Case 'Test Cases/populateTimeGlobalVars' successfully

2019-05-24 18:58:34 - [TEST_CASE][PASSED] - Test Cases/populateTimeGlobalVars: Test Cases/populateTimeGlobalVars

2019-05-24 18:58:34 - [TEST_STEP][PASSED] - dataFile = "timezoneData": null

2019-05-24 18:58:34 - [TEST_STEP][PASSED] - serverTarget = UtilityMethods.getTestData(dataFile, "serverTarget", row): null

2019-05-24 18:58:34 - [TEST_STEP][PASSED] - orderType = UtilityMethods.getTestData(dataFile, "orderType", row): null

2019-05-24 18:58:34 - [TEST_STEP][PASSED] - timeZone = UtilityMethods.getTestData(dataFile, "timeZone", row): null

2019-05-24 18:58:34 - [TEST_STEP][PASSED] - BOPersonal = UtilityMethods.getTestData(dataFile, "BOPersonal", row): null

2019-05-24 18:58:34 - [TEST_STEP][PASSED] - BOAddonPersonal = UtilityMethods.getTestData(dataFile, "BOAddonPersonal", row): null

2019-05-24 18:58:34 - [TEST_STEP][PASSED] - BOAddonRetail = UtilityMethods.getTestData(dataFile, "BOAddonRetail", row): null

2019-05-24 18:58:34 - [TEST_STEP][PASSED] - BORetail = UtilityMethods.getTestData(dataFile, "BORetail", row): null

2019-05-24 18:58:34 - [TEST_STEP][PASSED] - BOShow = UtilityMethods.getTestData(dataFile, "BOShow", row): null

2019-05-24 18:58:34 - [TEST_STEP][PASSED] - BOOnlineoutlet = UtilityMethods.getTestData(dataFile, "BOOnlineoutlet", row): null

2019-05-24 18:58:34 - [TEST_STEP][PASSED] - BOEmployee = UtilityMethods.getTestData(dataFile, "BOEmployee", row): null

2019-05-24 18:58:34 - [TEST_STEP][PASSED] - CCPersonal = UtilityMethods.getTestData(dataFile, "CCPersonal", row): null

2019-05-24 18:58:34 - [TEST_STEP][PASSED] - CCRetail = UtilityMethods.getTestData(dataFile, "CCRetail", row): null

2019-05-24 18:58:34 - [TEST_STEP][PASSED] - CCShow = UtilityMethods.getTestData(dataFile, "CCShow", row): null

2019-05-24 18:58:34 - [TEST_STEP][PASSED] - BOEblast = UtilityMethods.getTestData(dataFile, "BOEblast", row): null

2019-05-24 18:58:34 - [MESSAGE][PASSED] - Call Test Case 'Test Cases/populateTimeGlobalVars' successfully

2019-05-24 18:58:34 - [TEST_STEP][PASSED] - callTestCase(findTestCase("newArrivalsSetTimezone"), ["ofbizURL":"", "ofbizuser":"", "ofbizpass":"", "orderType":orderType, "timeZone":timeZone, "serverTarget":serverTarget], STOP_ON_FAILURE): Call Test Case 'Test Cases/newArrivalsSetTimezone' successfully

2019-05-24 18:58:35 - [TEST_CASE][PASSED] - Test Cases/newArrivalsSetTimezone: Test Cases/newArrivalsSetTimezone

2019-05-24 18:58:35 - [TEST_STEP][NOT_RUN] - openBrowser(""): NOT_RUN: openBrowser("")

2019-05-24 18:58:35 - [MESSAGE][NOT_RUN] - NOT_RUN: openBrowser("")

2019-05-24 18:58:35 - [TEST_STEP][NOT_RUN] - maximizeWindow(): NOT_RUN: maximizeWindow()

2019-05-24 18:58:35 - [MESSAGE][NOT_RUN] - NOT_RUN: maximizeWindow()

2019-05-24 18:58:35 - [TEST_STEP][PASSED] - ofbizURL = findTestData("credData").getValue("ofbizURL", 1): null

2019-05-24 18:58:35 - [TEST_STEP][PASSED] - ofbizuser = findTestData("credData").getValue("ofbizuser", 1): null

2019-05-24 18:58:35 - [TEST_STEP][PASSED] - ofbizpass = findTestData("credData").getValue("ofbizpass", 1): null

2019-05-24 18:58:35 - [TEST_STEP][PASSED] - navigateToUrl(ofbizURL): Navigate to 'https://pushofbiz.cliotest.com/login.php' successfully

2019-05-24 18:58:36 - [MESSAGE][PASSED] - Navigate to 'https://pushofbiz.cliotest.com/login.php' successfully

2019-05-24 18:58:36 - [TEST_STEP][PASSED] - setText(findTestObject("Page_/input_Username_username"), ofbizuser): Text 'sshinde' is set on object 'Object Repository/Page_/input_Username_username'

2019-05-24 18:58:36 - [MESSAGE][PASSED] - Text 'sshinde' is set on object 'Object Repository/Page_/input_Username_username'

2019-05-24 18:58:36 - [TEST_STEP][PASSED] - setText(findTestObject("Page_/input_Password_password"), ofbizpass): Text 'C@bi$ush5' is set on object 'Object Repository/Page_/input_Password_password'

2019-05-24 18:58:36 - [MESSAGE][PASSED] - Text 'C@bi$ush5' is set on object 'Object Repository/Page_/input_Password_password'

2019-05-24 18:58:36 - [TEST_STEP][PASSED] - click(findTestObject("Page_/input_Password_Submit")): Object: 'Object Repository/Page_/input_Password_Submit' is clicked on

2019-05-24 18:58:39 - [MESSAGE][PASSED] - Object: 'Object Repository/Page_/input_Password_Submit' is clicked on

2019-05-24 18:58:39 - [TEST_STEP][PASSED] - click(findTestObject("Object Repository/Page_/a_Clock set")): Object: 'Object Repository/Page_/a_Clock set' is clicked on

2019-05-24 18:58:40 - [MESSAGE][PASSED] - Object: 'Object Repository/Page_/a_Clock set' is clicked on

2019-05-24 18:58:40 - [TEST_STEP][PASSED] - selectOptionByLabel(findTestObject("Object Repository/Page_/serverTarget"), serverTarget, true): All options with label 'test14' are selected in object 'Object Repository/Page_/serverTarget'  using regular expression

2019-05-24 18:58:41 - [MESSAGE][PASSED] - All options with label 'test14' are selected in object 'Object Repository/Page_/serverTarget'  using regular expression

2019-05-24 18:58:41 - [TEST_STEP][PASSED] - click(findTestObject("Page_/thisDateAndTime")): Object: 'Object Repository/Page_/thisDateAndTime' is clicked on

2019-05-24 18:58:41 - [MESSAGE][PASSED] - Object: 'Object Repository/Page_/thisDateAndTime' is clicked on

2019-05-24 18:58:41 - [TEST_STEP][PASSED] - setText(findTestObject("Object Repository/Page_/setTargetTime"), timeZone): Text '4/25/19 12:00' is set on object 'Object Repository/Page_/setTargetTime'

2019-05-24 18:58:41 - [MESSAGE][PASSED] - Text '4/25/19 12:00' is set on object 'Object Repository/Page_/setTargetTime'

2019-05-24 18:58:41 - [TEST_STEP][PASSED] - click(findTestObject("Object Repository/Page_/input")): Object: 'Object Repository/Page_/input' is clicked on

2019-05-24 18:58:42 - [MESSAGE][PASSED] - Object: 'Object Repository/Page_/input' is clicked on

2019-05-24 18:58:42 - [TEST_STEP][PASSED] - delay(10): Delayed 10 second(s)

2019-05-24 18:58:52 - [MESSAGE][PASSED] - Delayed 10 second(s)

2019-05-24 18:58:52 - [TEST_STEP][NOT_RUN] - closeBrowser(): NOT_RUN: closeBrowser()

2019-05-24 18:58:52 - [MESSAGE][NOT_RUN] - NOT_RUN: closeBrowser()

2019-05-24 18:58:52 - [MESSAGE][PASSED] - Call Test Case 'Test Cases/newArrivalsSetTimezone' successfully

2019-05-24 18:58:52 - [TEST_STEP][PASSED] - callTestCase(findTestCase("backOfficeLogin"), ["BOURL":"", "BOuser":"", "BOpass":""], STOP_ON_FAILURE): Call Test Case 'Test Cases/backOfficeLogin' successfully

2019-05-24 18:58:52 - [TEST_CASE][PASSED] - Test Cases/backOfficeLogin: Test Cases/backOfficeLogin

2019-05-24 18:58:52 - [TEST_STEP][PASSED] - BOURL = findTestData("credData").getValue("BOURL", 1): null

2019-05-24 18:58:52 - [TEST_STEP][PASSED] - BOuser = findTestData("credData").getValue("BOuser", 1): null

2019-05-24 18:58:52 - [TEST_STEP][PASSED] - BOpass = findTestData("credData").getValue("BOpass", 1): null

2019-05-24 18:58:52 - [TEST_STEP][PASSED] - openBrowser(""): Browser is opened with url: ''

2019-05-24 18:58:52 - [MESSAGE][WARNING] - A browser is already opened. Closing browser and opening a new one

2019-05-24 18:58:53 - [MESSAGE][INFO] - Starting 'Chrome' driver

2019-05-24 18:58:55 - [MESSAGE][PASSED] - Browser is opened with url: ''

2019-05-24 18:58:55 - [TEST_STEP][PASSED] - navigateToUrl(BOURL): Navigate to 'https://test14.cliotest.com/backoffice/control/main' successfully

2019-05-24 18:59:04 - [MESSAGE][PASSED] - Navigate to 'https://test14.cliotest.com/backoffice/control/main' successfully

2019-05-24 18:59:04 - [TEST_STEP][PASSED] - logOut = findWebElements(findTestObject("Object Repository/Page_cabi Home/log_out"), 1): Unable to find the element located by 'By.xpath: //a[contains(text(),'Log Out')]'. Please recheck the objects properties to make sure the desired element is located. 

2019-05-24 18:59:05 - [MESSAGE][INFO] - Unable to find the element located by 'By.xpath: //a[contains(text(),'Log Out')]'. Please recheck the objects properties to make sure the desired element is located. 

2019-05-24 18:59:05 - [TEST_STEP][PASSED] - if (logOut.size() == 0): Object: 'Object Repository/Page_cabi/input_Welcome to_consultantLogin' is clicked on

2019-05-24 18:59:05 - [TEST_STEP][PASSED] - setText(findTestObject("Page_cabi/input_Welcome to_USERNAME"), BOuser): Text '400000002' is set on object 'Object Repository/Page_cabi/input_Welcome to_USERNAME'

2019-05-24 18:59:05 - [MESSAGE][PASSED] - Text '400000002' is set on object 'Object Repository/Page_cabi/input_Welcome to_USERNAME'

2019-05-24 18:59:05 - [TEST_STEP][PASSED] - setText(findTestObject("Object Repository/Page_cabi/input_Welcome to_PASSWORD"), BOpass): Text 'blackdress19' is set on object 'Object Repository/Page_cabi/input_Welcome to_PASSWORD'

2019-05-24 18:59:06 - [MESSAGE][PASSED] - Text 'blackdress19' is set on object 'Object Repository/Page_cabi/input_Welcome to_PASSWORD'

2019-05-24 18:59:06 - [TEST_STEP][PASSED] - click(findTestObject("Object Repository/Page_cabi/input_Welcome to_consultantLogin")): Object: 'Object Repository/Page_cabi/input_Welcome to_consultantLogin' is clicked on

2019-05-24 18:59:14 - [MESSAGE][PASSED] - Object: 'Object Repository/Page_cabi/input_Welcome to_consultantLogin' is clicked on

2019-05-24 18:59:14 - [TEST_STEP][PASSED] - delay(3): Delayed 3 second(s)

2019-05-24 18:59:17 - [MESSAGE][PASSED] - Delayed 3 second(s)

2019-05-24 18:59:17 - [MESSAGE][PASSED] - Call Test Case 'Test Cases/backOfficeLogin' successfully

2019-05-24 18:59:17 - [TEST_STEP][PASSED] - click(findTestObject("Page_cabi Home/a_Shows  Orders")): Object: 'Object Repository/Page_cabi Home/a_Shows  Orders' is clicked on

2019-05-24 18:59:17 - [MESSAGE][PASSED] - Object: 'Object Repository/Page_cabi Home/a_Shows  Orders' is clicked on

2019-05-24 18:59:17 - [TEST_STEP][PASSED] - delay(1): Delayed 1 second(s)

2019-05-24 18:59:18 - [MESSAGE][PASSED] - Delayed 1 second(s)

2019-05-24 18:59:18 - [TEST_STEP][PASSED] - click(findTestObject("Page_cabi Home/a_personal_purchases")): Object: 'Object Repository/Page_cabi Home/a_personal_purchases' is clicked on

2019-05-24 18:59:20 - [MESSAGE][PASSED] - Object: 'Object Repository/Page_cabi Home/a_personal_purchases' is clicked on

2019-05-24 18:59:20 - [TEST_STEP][PASSED] - click(findTestObject("Page_cabi Personal Store/span_Continue to Order")): Object: 'Object Repository/Page_cabi Personal Store/span_Continue to Order' is clicked on

2019-05-24 18:59:20 - [MESSAGE][PASSED] - Object: 'Object Repository/Page_cabi Personal Store/span_Continue to Order' is clicked on

2019-05-24 18:59:20 - [TEST_STEP][PASSED] - delay(5): Delayed 5 second(s)

2019-05-24 18:59:25 - [MESSAGE][PASSED] - Delayed 5 second(s)

2019-05-24 18:59:25 - [TEST_STEP][PASSED] - emptyCart = findWebElements(findTestObject("Object Repository/Page_cabi Personal Store/removeFromCart"), 5): Unable to find the element located by 'By.xpath: //*[@id="removeFromCart_0"]/span'. Please recheck the objects properties to make sure the desired element is located. 

2019-05-24 18:59:31 - [MESSAGE][INFO] - Unable to find the element located by 'By.xpath: //*[@id="removeFromCart_0"]/span'. Please recheck the objects properties to make sure the desired element is located. 

2019-05-24 18:59:31 - [TEST_STEP][PASSED] - if (emptyCart.size() > 0): null

2019-05-24 18:59:31 - [TEST_STEP][PASSED] - addOnStyle = findTestData("miscData").getValue("addOnStyle", 1): null

2019-05-24 18:59:31 - [TEST_STEP][PASSED] - click(findTestObject("Object Repository/Page_cabi Create Order/input_Manual Discount_stylelookup_0")): Object: 'Object Repository/Page_cabi Create Order/input_Manual Discount_stylelookup_0' is clicked on

2019-05-24 18:59:31 - [MESSAGE][PASSED] - Object: 'Object Repository/Page_cabi Create Order/input_Manual Discount_stylelookup_0' is clicked on

2019-05-24 18:59:31 - [TEST_STEP][PASSED] - setText(findTestObject("Object Repository/Page_cabi Create Order/input_Manual Discount_stylelookup_0"), addOnStyle): Text '5447' is set on object 'Object Repository/Page_cabi Create Order/input_Manual Discount_stylelookup_0'

2019-05-24 18:59:31 - [MESSAGE][PASSED] - Text '5447' is set on object 'Object Repository/Page_cabi Create Order/input_Manual Discount_stylelookup_0'

2019-05-24 18:59:31 - [TEST_STEP][PASSED] - delay(3): Delayed 3 second(s)

2019-05-24 18:59:34 - [MESSAGE][PASSED] - Delayed 3 second(s)

2019-05-24 18:59:34 - [TEST_STEP][PASSED] - prod_message = getText(findTestObject("Page_cabi Create Order/first_option")): Text of object 'Object Repository/Page_cabi Create Order/first_option' is: '5447 Bishop Cardigan'

2019-05-24 18:59:34 - [MESSAGE][PASSED] - Text of object 'Object Repository/Page_cabi Create Order/first_option' is: '5447 Bishop Cardigan'

2019-05-24 18:59:34 - [TEST_STEP][PASSED] - click(findTestObject("Page_cabi Create Order/first_option")): Object: 'Object Repository/Page_cabi Create Order/first_option' is clicked on

2019-05-24 18:59:34 - [MESSAGE][PASSED] - Object: 'Object Repository/Page_cabi Create Order/first_option' is clicked on

2019-05-24 18:59:34 - [TEST_STEP][PASSED] - delay(5): Delayed 5 second(s)

2019-05-24 18:59:39 - [MESSAGE][PASSED] - Delayed 5 second(s)

2019-05-24 18:59:39 - [TEST_STEP][PASSED] - click(findTestObject("Object Repository/Page_cabi Order Items/selectSize")): Object: 'Object Repository/Page_cabi Order Items/selectSize' is clicked on

2019-05-24 18:59:39 - [MESSAGE][PASSED] - Object: 'Object Repository/Page_cabi Order Items/selectSize' is clicked on

2019-05-24 18:59:39 - [TEST_STEP][PASSED] - click(findTestObject("Object Repository/Page_cabi Order Items/span_Add to Cart")): Object: 'Object Repository/Page_cabi Order Items/span_Add to Cart' is clicked on

2019-05-24 18:59:39 - [MESSAGE][PASSED] - Object: 'Object Repository/Page_cabi Order Items/span_Add to Cart' is clicked on

2019-05-24 18:59:39 - [TEST_STEP][PASSED] - delay(3): Delayed 3 second(s)

2019-05-24 18:59:42 - [MESSAGE][PASSED] - Delayed 3 second(s)

2019-05-24 18:59:42 - [TEST_STEP][PASSED] - click(findTestObject("Object Repository/Page_cabi Order Items/span_Continue to Shipping")): Object: 'Object Repository/Page_cabi Order Items/span_Continue to Shipping' is clicked on

2019-05-24 18:59:43 - [MESSAGE][PASSED] - Object: 'Object Repository/Page_cabi Order Items/span_Continue to Shipping' is clicked on

2019-05-24 18:59:43 - [TEST_STEP][PASSED] - click(findTestObject("Page_cabi Personal Store/nextButtonShipping")): Object: 'Object Repository/Page_cabi Personal Store/nextButtonShipping' is clicked on

2019-05-24 18:59:43 - [MESSAGE][PASSED] - Object: 'Object Repository/Page_cabi Personal Store/nextButtonShipping' is clicked on

2019-05-24 18:59:43 - [TEST_STEP][PASSED] - delay(3): Delayed 3 second(s)

2019-05-24 18:59:46 - [MESSAGE][PASSED] - Delayed 3 second(s)

2019-05-24 18:59:46 - [TEST_STEP][PASSED] - click(findTestObject("Page_cabi Personal Store/makeFirstPayment")): Object: 'Object Repository/Page_cabi Personal Store/makeFirstPayment' is clicked on

2019-05-24 18:59:46 - [MESSAGE][PASSED] - Object: 'Object Repository/Page_cabi Personal Store/makeFirstPayment' is clicked on

2019-05-24 18:59:46 - [TEST_STEP][PASSED] - click(findTestObject("Page_cabi Personal Store/submitPayment")): Object: 'Object Repository/Page_cabi Personal Store/submitPayment' is clicked on

2019-05-24 18:59:46 - [MESSAGE][PASSED] - Object: 'Object Repository/Page_cabi Personal Store/submitPayment' is clicked on

2019-05-24 18:59:46 - [TEST_STEP][PASSED] - click(findTestObject("Page_cabi Personal Store/submitOrderId")): Object: 'Object Repository/Page_cabi Personal Store/submitOrderId' is clicked on

2019-05-24 18:59:49 - [MESSAGE][PASSED] - Object: 'Object Repository/Page_cabi Personal Store/submitOrderId' is clicked on

2019-05-24 18:59:49 - [TEST_STEP][PASSED] - successMsg = "": null

2019-05-24 18:59:49 - [TEST_STEP][PASSED] - orderSuccess = false: null

2019-05-24 18:59:49 - [TEST_STEP][PASSED] - successMsgs = findWebElements(findTestObject("Object Repository/Page_cabi Personal Store/p_success_msg"), 5): null

2019-05-24 18:59:49 - [TEST_STEP][PASSED] - if (successMsgs.size() > 0): Text of object 'Object Repository/Page_cabi Personal Store/p_order_id' is: 'PR707969531'

2019-05-24 18:59:49 - [TEST_STEP][PASSED] - successMsg = getText(findTestObject("Object Repository/Page_cabi Personal Store/p_success_msg")): Text of object 'Object Repository/Page_cabi Personal Store/p_success_msg' is: 'Order Created Successfully!!
Order #:  PR707969531

CONTINUE SHOPPING'

2019-05-24 18:59:49 - [MESSAGE][PASSED] - Text of object 'Object Repository/Page_cabi Personal Store/p_success_msg' is: 'Order Created Successfully!!
Order #:  PR707969531

CONTINUE SHOPPING'

2019-05-24 18:59:49 - [TEST_STEP][PASSED] - orderSuccess = true: null

2019-05-24 18:59:49 - [TEST_STEP][PASSED] - addOnOrderId = getText(findTestObject("Object Repository/Page_cabi Personal Store/p_order_id")): Text of object 'Object Repository/Page_cabi Personal Store/p_order_id' is: 'PR707969531'

2019-05-24 18:59:49 - [MESSAGE][PASSED] - Text of object 'Object Repository/Page_cabi Personal Store/p_order_id' is: 'PR707969531'

2019-05-24 18:59:49 - [TEST_STEP][PASSED] - assert orderSuccess == true: null

2019-05-24 18:59:49 - [TEST_STEP][PASSED] - callTestCase(findTestCase("warehouseShipping"), ["orderId":addOnOrderId], STOP_ON_FAILURE): Call Test Case 'Test Cases/warehouseShipping' successfully

2019-05-24 18:59:49 - [TEST_CASE][PASSED] - Test Cases/warehouseShipping: Test Cases/warehouseShipping

2019-05-24 18:59:49 - [TEST_STEP][PASSED] - callTestCase(findTestCase("cabiWarehouseLogin"), ["CWURL":"", "CWuser":"", "CWpass":""], STOP_ON_FAILURE): Call Test Case 'Test Cases/cabiWarehouseLogin' successfully

2019-05-24 18:59:49 - [TEST_CASE][PASSED] - Test Cases/cabiWarehouseLogin: Test Cases/cabiWarehouseLogin

2019-05-24 18:59:49 - [TEST_STEP][PASSED] - CWURL = findTestData("credData").getValue("CWURL", 1): null

2019-05-24 18:59:49 - [TEST_STEP][PASSED] - CWuser = findTestData("credData").getValue("CWuser", 1): null

2019-05-24 18:59:49 - [TEST_STEP][PASSED] - CWpass = findTestData("credData").getValue("CWpass", 1): null

2019-05-24 18:59:49 - [TEST_STEP][PASSED] - openBrowser(""): Browser is opened with url: ''

2019-05-24 18:59:49 - [MESSAGE][WARNING] - A browser is already opened. Closing browser and opening a new one

2019-05-24 18:59:50 - [MESSAGE][INFO] - Starting 'Chrome' driver

2019-05-24 18:59:52 - [MESSAGE][PASSED] - Browser is opened with url: ''

2019-05-24 18:59:52 - [TEST_STEP][PASSED] - navigateToUrl(CWURL): Navigate to 'https://test14.cliotest.com/warehouse/control/main' successfully

2019-05-24 18:59:58 - [MESSAGE][PASSED] - Navigate to 'https://test14.cliotest.com/warehouse/control/main' successfully

2019-05-24 18:59:58 - [TEST_STEP][PASSED] - logOut = findWebElements(findTestObject("Object Repository/Cabi warehouse/Page_cabi_home/log_out"), 1): Unable to find the element located by 'By.xpath: //li/a[contains(text(), 'Log Out »')]'. Please recheck the objects properties to make sure the desired element is located. 

2019-05-24 18:59:59 - [MESSAGE][INFO] - Unable to find the element located by 'By.xpath: //li/a[contains(text(), 'Log Out »')]'. Please recheck the objects properties to make sure the desired element is located. 

2019-05-24 18:59:59 - [TEST_STEP][PASSED] - if (logOut.size() == 0): Object: 'Object Repository/Cabi warehouse/Page_cabi/input_Password_section-btn btn-stl-pk rFloat' is clicked on

2019-05-24 18:59:59 - [TEST_STEP][PASSED] - setText(findTestObject("Object Repository/Cabi warehouse/Page_cabi/input_Username_USERNAME"), CWuser): Text 'rsuarez' is set on object 'Object Repository/Cabi warehouse/Page_cabi/input_Username_USERNAME'

2019-05-24 18:59:59 - [MESSAGE][PASSED] - Text 'rsuarez' is set on object 'Object Repository/Cabi warehouse/Page_cabi/input_Username_USERNAME'

2019-05-24 18:59:59 - [TEST_STEP][PASSED] - setText(findTestObject("Object Repository/Cabi warehouse/Page_cabi/input_Password_PASSWORD"), CWpass): Text 'blackdress19' is set on object 'Object Repository/Cabi warehouse/Page_cabi/input_Password_PASSWORD'

2019-05-24 18:59:59 - [MESSAGE][PASSED] - Text 'blackdress19' is set on object 'Object Repository/Cabi warehouse/Page_cabi/input_Password_PASSWORD'

2019-05-24 18:59:59 - [TEST_STEP][PASSED] - click(findTestObject("Object Repository/Cabi warehouse/Page_cabi/input_Password_section-btn btn-stl-pk rFloat")): Object: 'Object Repository/Cabi warehouse/Page_cabi/input_Password_section-btn btn-stl-pk rFloat' is clicked on

2019-05-24 19:00:01 - [MESSAGE][PASSED] - Object: 'Object Repository/Cabi warehouse/Page_cabi/input_Password_section-btn btn-stl-pk rFloat' is clicked on

2019-05-24 19:00:01 - [TEST_STEP][PASSED] - delay(3): Delayed 3 second(s)

2019-05-24 19:00:04 - [MESSAGE][PASSED] - Delayed 3 second(s)

2019-05-24 19:00:04 - [MESSAGE][PASSED] - Call Test Case 'Test Cases/cabiWarehouseLogin' successfully

2019-05-24 19:00:04 - [TEST_STEP][PASSED] - click(findTestObject("Page_cabi Manage PickLists/a_Create PickLists")): Object: 'Object Repository/Page_cabi Manage PickLists/a_Create PickLists' is clicked on

2019-05-24 19:00:05 - [MESSAGE][PASSED] - Object: 'Object Repository/Page_cabi Manage PickLists/a_Create PickLists' is clicked on

2019-05-24 19:00:05 - [TEST_STEP][PASSED] - click(findTestObject("Object Repository/findOrders/Page_cabi Find Orders/Page_cabi SampleLine Shipment Screen/a_Single Order")): Object: 'Object Repository/findOrders/Page_cabi Find Orders/Page_cabi SampleLine Shipment Screen/a_Single Order' is clicked on

2019-05-24 19:00:06 - [MESSAGE][PASSED] - Object: 'Object Repository/findOrders/Page_cabi Find Orders/Page_cabi SampleLine Shipment Screen/a_Single Order' is clicked on

2019-05-24 19:00:06 - [TEST_STEP][PASSED] - setText(findTestObject("Page_cabi Create Single Order PickList/input_Order Id_orderId"), orderId): Text 'PR707969531' is set on object 'Object Repository/Page_cabi Create Single Order PickList/input_Order Id_orderId'

2019-05-24 19:00:06 - [MESSAGE][PASSED] - Text 'PR707969531' is set on object 'Object Repository/Page_cabi Create Single Order PickList/input_Order Id_orderId'

2019-05-24 19:00:06 - [TEST_STEP][PASSED] - click(findTestObject("Page_cabi Create Single Order PickList/input_Create even if fully backordered_submitButton")): Object: 'Object Repository/Page_cabi Create Single Order PickList/input_Create even if fully backordered_submitButton' is clicked on

2019-05-24 19:00:07 - [MESSAGE][PASSED] - Object: 'Object Repository/Page_cabi Create Single Order PickList/input_Create even if fully backordered_submitButton' is clicked on

2019-05-24 19:00:07 - [TEST_STEP][PASSED] - pickListCreated = findWebElements(findTestObject("Cabi warehouse/picklistCreatedMessage"), 5): null

2019-05-24 19:00:07 - [TEST_STEP][PASSED] - if (pickListCreated.size() == 0): null

2019-05-24 19:00:07 - [TEST_STEP][PASSED] - pickListCreated = findWebElements(findTestObject("Cabi warehouse/picklistCreatedMessage"), 5): null

2019-05-24 19:00:07 - [TEST_STEP][PASSED] - if (pickListCreated.size() == 0): null

2019-05-24 19:00:07 - [TEST_STEP][PASSED] - picklistCreatedMessage = UtilityMethods.concat("Picklist for order: [", orderId, "] has been created successfully."): null

2019-05-24 19:00:07 - [TEST_STEP][PASSED] - verifyElementText(findTestObject("Cabi warehouse/picklistCreatedMessage"), picklistCreatedMessage): Actual text and expected text of test object 'Object Repository/Cabi warehouse/picklistCreatedMessage' are matched.

2019-05-24 19:00:07 - [MESSAGE][PASSED] - Actual text and expected text of test object 'Object Repository/Cabi warehouse/picklistCreatedMessage' are matched.

2019-05-24 19:00:07 - [TEST_STEP][PASSED] - click(findTestObject("Page_cabi Create Single Order PickList/a_Manage PickLists")): Object: 'Object Repository/Page_cabi Create Single Order PickList/a_Manage PickLists' is clicked on

2019-05-24 19:00:08 - [MESSAGE][PASSED] - Object: 'Object Repository/Page_cabi Create Single Order PickList/a_Manage PickLists' is clicked on

2019-05-24 19:00:08 - [TEST_STEP][PASSED] - setText(findTestObject("Page_cabi Manage PickLists/input_Order _orderId"), orderId): Text 'PR707969531' is set on object 'Object Repository/Page_cabi Manage PickLists/input_Order _orderId'

2019-05-24 19:00:08 - [MESSAGE][PASSED] - Text 'PR707969531' is set on object 'Object Repository/Page_cabi Manage PickLists/input_Order _orderId'

2019-05-24 19:00:08 - [TEST_STEP][PASSED] - click(findTestObject("Page_cabi Manage PickLists/input")): Object: 'Object Repository/Page_cabi Manage PickLists/input' is clicked on

2019-05-24 19:00:09 - [MESSAGE][PASSED] - Object: 'Object Repository/Page_cabi Manage PickLists/input' is clicked on

2019-05-24 19:00:09 - [TEST_STEP][PASSED] - delay(3): Delayed 3 second(s)

2019-05-24 19:00:12 - [MESSAGE][PASSED] - Delayed 3 second(s)

2019-05-24 19:00:12 - [TEST_STEP][PASSED] - click(findTestObject("Page_cabi Manage PickLists/td_104238610")): Object: 'Object Repository/Page_cabi Manage PickLists/td_104238610' is clicked on

2019-05-24 19:00:12 - [MESSAGE][PASSED] - Object: 'Object Repository/Page_cabi Manage PickLists/td_104238610' is clicked on

2019-05-24 19:00:12 - [TEST_STEP][PASSED] - picklistId = getText(findTestObject("Page_cabi Manage PickLists/td_104238610")): Text of object 'Object Repository/Page_cabi Manage PickLists/td_104238610' is: '104259831'

2019-05-24 19:00:12 - [MESSAGE][PASSED] - Text of object 'Object Repository/Page_cabi Manage PickLists/td_104238610' is: '104259831'

2019-05-24 19:00:12 - [TEST_STEP][PASSED] - click(findTestObject("Page_cabi Manage PickLists/a_Packing")): Object: 'Object Repository/Page_cabi Manage PickLists/a_Packing' is clicked on

2019-05-24 19:00:12 - [MESSAGE][PASSED] - Object: 'Object Repository/Page_cabi Manage PickLists/a_Packing' is clicked on

2019-05-24 19:00:12 - [TEST_STEP][PASSED] - setText(findTestObject("Page_cabi Pack Init/input_Pack Station_packStationId"), "30"): Text '30' is set on object 'Object Repository/Page_cabi Pack Init/input_Pack Station_packStationId'

2019-05-24 19:00:13 - [MESSAGE][PASSED] - Text '30' is set on object 'Object Repository/Page_cabi Pack Init/input_Pack Station_packStationId'

2019-05-24 19:00:13 - [TEST_STEP][PASSED] - click(findTestObject("Page_cabi Pack Init/input_Pack Station_submitButton")): Object: 'Object Repository/Page_cabi Pack Init/input_Pack Station_submitButton' is clicked on

2019-05-24 19:00:13 - [MESSAGE][PASSED] - Object: 'Object Repository/Page_cabi Pack Init/input_Pack Station_submitButton' is clicked on

2019-05-24 19:00:13 - [TEST_STEP][PASSED] - setText(findTestObject("Page_cabi Pack Init/input_Picklist ID_pickId"), picklistId): Text '104259831' is set on object 'Object Repository/Page_cabi Pack Init/input_Picklist ID_pickId'

2019-05-24 19:00:13 - [MESSAGE][PASSED] - Text '104259831' is set on object 'Object Repository/Page_cabi Pack Init/input_Picklist ID_pickId'

2019-05-24 19:00:13 - [TEST_STEP][PASSED] - click(findTestObject("Page_cabi Pack Init/input_Picklist ID_submitButton")): Object: 'Object Repository/Page_cabi Pack Init/input_Picklist ID_submitButton' is clicked on

2019-05-24 19:00:14 - [MESSAGE][PASSED] - Object: 'Object Repository/Page_cabi Pack Init/input_Picklist ID_submitButton' is clicked on

2019-05-24 19:00:14 - [TEST_STEP][PASSED] - click(findTestObject("Page_cabi General Pack/input_Cream Of Wheat_button addItemForVerification")): Object: 'Object Repository/Page_cabi General Pack/input_Cream Of Wheat_button addItemForVerification' is clicked on

2019-05-24 19:00:14 - [MESSAGE][PASSED] - Object: 'Object Repository/Page_cabi General Pack/input_Cream Of Wheat_button addItemForVerification' is clicked on

2019-05-24 19:00:14 - [TEST_STEP][PASSED] - click(findTestObject("Page_cabi General Pack/input_Pack Station  30_shipConfirmBtn")): Object: 'Object Repository/Page_cabi General Pack/input_Pack Station  30_shipConfirmBtn' is clicked on

2019-05-24 19:00:17 - [MESSAGE][PASSED] - Object: 'Object Repository/Page_cabi General Pack/input_Pack Station  30_shipConfirmBtn' is clicked on

2019-05-24 19:00:17 - [TEST_STEP][PASSED] - click(findTestObject("Cabi warehouse/warehouseLogout")): Object: 'Object Repository/Cabi warehouse/warehouseLogout' is clicked on

2019-05-24 19:00:19 - [MESSAGE][PASSED] - Object: 'Object Repository/Cabi warehouse/warehouseLogout' is clicked on

2019-05-24 19:00:19 - [MESSAGE][PASSED] - Call Test Case 'Test Cases/warehouseShipping' successfully

2019-05-24 19:00:19 - [TEST_STEP][PASSED] - callTestCase(findTestCase("backOfficeLogin"), ["BOURL":"", "BOuser":"", "BOpass":""], STOP_ON_FAILURE): Call Test Case 'Test Cases/backOfficeLogin' successfully

2019-05-24 19:00:19 - [TEST_CASE][PASSED] - Test Cases/backOfficeLogin: Test Cases/backOfficeLogin

2019-05-24 19:00:19 - [TEST_STEP][PASSED] - BOURL = findTestData("credData").getValue("BOURL", 1): null

2019-05-24 19:00:19 - [TEST_STEP][PASSED] - BOuser = findTestData("credData").getValue("BOuser", 1): null

2019-05-24 19:00:19 - [TEST_STEP][PASSED] - BOpass = findTestData("credData").getValue("BOpass", 1): null

2019-05-24 19:00:19 - [TEST_STEP][PASSED] - openBrowser(""): Browser is opened with url: ''

2019-05-24 19:00:19 - [MESSAGE][WARNING] - A browser is already opened. Closing browser and opening a new one

2019-05-24 19:00:19 - [MESSAGE][INFO] - Starting 'Chrome' driver

2019-05-24 19:00:22 - [MESSAGE][PASSED] - Browser is opened with url: ''

2019-05-24 19:00:22 - [TEST_STEP][PASSED] - navigateToUrl(BOURL): Navigate to 'https://test14.cliotest.com/backoffice/control/main' successfully

2019-05-24 19:00:31 - [MESSAGE][PASSED] - Navigate to 'https://test14.cliotest.com/backoffice/control/main' successfully

2019-05-24 19:00:31 - [TEST_STEP][PASSED] - logOut = findWebElements(findTestObject("Object Repository/Page_cabi Home/log_out"), 1): Unable to find the element located by 'By.xpath: //a[contains(text(),'Log Out')]'. Please recheck the objects properties to make sure the desired element is located. 

2019-05-24 19:00:32 - [MESSAGE][INFO] - Unable to find the element located by 'By.xpath: //a[contains(text(),'Log Out')]'. Please recheck the objects properties to make sure the desired element is located. 

2019-05-24 19:00:32 - [TEST_STEP][PASSED] - if (logOut.size() == 0): Object: 'Object Repository/Page_cabi/input_Welcome to_consultantLogin' is clicked on

2019-05-24 19:00:32 - [TEST_STEP][PASSED] - setText(findTestObject("Page_cabi/input_Welcome to_USERNAME"), BOuser): Text '400000002' is set on object 'Object Repository/Page_cabi/input_Welcome to_USERNAME'

2019-05-24 19:00:32 - [MESSAGE][PASSED] - Text '400000002' is set on object 'Object Repository/Page_cabi/input_Welcome to_USERNAME'

2019-05-24 19:00:32 - [TEST_STEP][PASSED] - setText(findTestObject("Object Repository/Page_cabi/input_Welcome to_PASSWORD"), BOpass): Text 'blackdress19' is set on object 'Object Repository/Page_cabi/input_Welcome to_PASSWORD'

2019-05-24 19:00:32 - [MESSAGE][PASSED] - Text 'blackdress19' is set on object 'Object Repository/Page_cabi/input_Welcome to_PASSWORD'

2019-05-24 19:00:32 - [TEST_STEP][PASSED] - click(findTestObject("Object Repository/Page_cabi/input_Welcome to_consultantLogin")): Object: 'Object Repository/Page_cabi/input_Welcome to_consultantLogin' is clicked on

2019-05-24 19:00:39 - [MESSAGE][PASSED] - Object: 'Object Repository/Page_cabi/input_Welcome to_consultantLogin' is clicked on

2019-05-24 19:00:39 - [TEST_STEP][PASSED] - delay(3): Delayed 3 second(s)

2019-05-24 19:00:42 - [MESSAGE][PASSED] - Delayed 3 second(s)

2019-05-24 19:00:42 - [MESSAGE][PASSED] - Call Test Case 'Test Cases/backOfficeLogin' successfully

2019-05-24 19:00:42 - [TEST_STEP][PASSED] - click(findTestObject("Object Repository/findOrders/Page_cabi Find Orders/Page_cabi Home/a_Shows  Orders")): Object: 'Object Repository/findOrders/Page_cabi Find Orders/Page_cabi Home/a_Shows  Orders' is clicked on

2019-05-24 19:00:42 - [MESSAGE][PASSED] - Object: 'Object Repository/findOrders/Page_cabi Find Orders/Page_cabi Home/a_Shows  Orders' is clicked on

2019-05-24 19:00:42 - [TEST_STEP][PASSED] - click(findTestObject("Object Repository/findOrders/Page_cabi Find Orders/Page_cabi Home/a_Orders")): Object: 'Object Repository/findOrders/Page_cabi Find Orders/Page_cabi Home/a_Orders' is clicked on

2019-05-24 19:00:44 - [MESSAGE][PASSED] - Object: 'Object Repository/findOrders/Page_cabi Find Orders/Page_cabi Home/a_Orders' is clicked on

2019-05-24 19:00:44 - [TEST_STEP][PASSED] - click(findTestObject("Object Repository/findOrders/Page_cabi Find Orders/Page_cabi Find Orders/b")): Object: 'Object Repository/findOrders/Page_cabi Find Orders/Page_cabi Find Orders/b' is clicked on

2019-05-24 19:00:44 - [MESSAGE][PASSED] - Object: 'Object Repository/findOrders/Page_cabi Find Orders/Page_cabi Find Orders/b' is clicked on

2019-05-24 19:00:44 - [TEST_STEP][PASSED] - delay(3): Delayed 3 second(s)

2019-05-24 19:00:47 - [MESSAGE][PASSED] - Delayed 3 second(s)

2019-05-24 19:00:47 - [TEST_STEP][PASSED] - click(findTestObject("findOrders/Page_cabi Find Orders/orderNo")): Object: 'Object Repository/findOrders/Page_cabi Find Orders/orderNo' is clicked on

2019-05-24 19:00:47 - [MESSAGE][PASSED] - Object: 'Object Repository/findOrders/Page_cabi Find Orders/orderNo' is clicked on

2019-05-24 19:00:47 - [TEST_STEP][PASSED] - delay(3): Delayed 3 second(s)

2019-05-24 19:00:50 - [MESSAGE][PASSED] - Delayed 3 second(s)

2019-05-24 19:00:50 - [TEST_STEP][PASSED] - click(findTestObject("Object Repository/findOrders/Page_cabi Find Orders/Page_cabi Find Orders/pendingShipment")): Object: 'Object Repository/findOrders/Page_cabi Find Orders/Page_cabi Find Orders/pendingShipment' is clicked on

2019-05-24 19:00:50 - [MESSAGE][PASSED] - Object: 'Object Repository/findOrders/Page_cabi Find Orders/Page_cabi Find Orders/pendingShipment' is clicked on

2019-05-24 19:00:50 - [TEST_STEP][PASSED] - click(findTestObject("Object Repository/findOrders/Page_cabi Find Orders/Page_cabi Find Orders/inputShipped")): Object: 'Object Repository/findOrders/Page_cabi Find Orders/Page_cabi Find Orders/inputShipped' is clicked on

2019-05-24 19:00:51 - [MESSAGE][PASSED] - Object: 'Object Repository/findOrders/Page_cabi Find Orders/Page_cabi Find Orders/inputShipped' is clicked on

2019-05-24 19:00:51 - [TEST_STEP][PASSED] - setText(findTestObject("Object Repository/findOrders/Page_cabi Find Orders/Page_cabi Find Orders/inputOrderId"), addOnOrderId): Text 'PR707969531' is set on object 'Object Repository/findOrders/Page_cabi Find Orders/Page_cabi Find Orders/inputOrderId'

2019-05-24 19:00:51 - [MESSAGE][PASSED] - Text 'PR707969531' is set on object 'Object Repository/findOrders/Page_cabi Find Orders/Page_cabi Find Orders/inputOrderId'

2019-05-24 19:00:51 - [TEST_STEP][PASSED] - click(findTestObject("Object Repository/findOrders/Page_cabi Find Orders/Page_cabi Find Orders/findOrders")): Object: 'Object Repository/findOrders/Page_cabi Find Orders/Page_cabi Find Orders/findOrders' is clicked on

2019-05-24 19:00:51 - [MESSAGE][PASSED] - Object: 'Object Repository/findOrders/Page_cabi Find Orders/Page_cabi Find Orders/findOrders' is clicked on

2019-05-24 19:00:51 - [TEST_STEP][PASSED] - click(findTestObject("findOrders/Page_cabi Find Orders/orderView")): Object: 'Object Repository/findOrders/Page_cabi Find Orders/orderView' is clicked on

2019-05-24 19:00:56 - [MESSAGE][PASSED] - Object: 'Object Repository/findOrders/Page_cabi Find Orders/orderView' is clicked on

2019-05-24 19:00:56 - [TEST_STEP][PASSED] - delay(3): Delayed 3 second(s)

2019-05-24 19:00:59 - [MESSAGE][PASSED] - Delayed 3 second(s)

2019-05-24 19:00:59 - [TEST_STEP][PASSED] - refresh(): Refresh successfully

2019-05-24 19:00:59 - [MESSAGE][PASSED] - Refresh successfully

2019-05-24 19:00:59 - [TEST_STEP][PASSED] - delay(3): Delayed 3 second(s)

2019-05-24 19:01:02 - [MESSAGE][PASSED] - Delayed 3 second(s)

2019-05-24 19:01:02 - [TEST_STEP][PASSED] - refresh(): Refresh successfully

2019-05-24 19:01:04 - [MESSAGE][PASSED] - Refresh successfully

2019-05-24 19:01:04 - [TEST_STEP][PASSED] - delay(10): Delayed 10 second(s)

2019-05-24 19:01:14 - [MESSAGE][PASSED] - Delayed 10 second(s)

2019-05-24 19:01:14 - [TEST_STEP][PASSED] - refresh(): Refresh successfully

2019-05-24 19:01:14 - [MESSAGE][PASSED] - Refresh successfully

2019-05-24 19:01:14 - [TEST_STEP][PASSED] - delay(3): Delayed 3 second(s)

2019-05-24 19:01:17 - [MESSAGE][PASSED] - Delayed 3 second(s)

2019-05-24 19:01:17 - [TEST_STEP][PASSED] - click(findTestObject("Object Repository/findOrders/Page_cabi Find Orders/Page_cabi Order View/a_(Return Order)")): Object: 'Object Repository/findOrders/Page_cabi Find Orders/Page_cabi Order View/a_(Return Order)' is clicked on

2019-05-24 19:01:21 - [MESSAGE][PASSED] - Object: 'Object Repository/findOrders/Page_cabi Find Orders/Page_cabi Order View/a_(Return Order)' is clicked on

2019-05-24 19:01:21 - [TEST_STEP][PASSED] - delay(3): Delayed 3 second(s)

2019-05-24 19:01:24 - [MESSAGE][PASSED] - Delayed 3 second(s)

2019-05-24 19:01:24 - [TEST_STEP][PASSED] - selectOptionByValue(findTestObject("Object Repository/findOrders/Page_cabi Find Orders/Page_cabi Stylist Create RMA/selectReason1"), "CABI_c", true): All options with value 'CABI_c' are selected in object 'Object Repository/findOrders/Page_cabi Find Orders/Page_cabi Stylist Create RMA/selectReason1'  using regular expression

2019-05-24 19:01:24 - [MESSAGE][PASSED] - All options with value 'CABI_c' are selected in object 'Object Repository/findOrders/Page_cabi Find Orders/Page_cabi Stylist Create RMA/selectReason1'  using regular expression

2019-05-24 19:01:24 - [TEST_STEP][PASSED] - selectOptionByValue(findTestObject("Object Repository/findOrders/Page_cabi Find Orders/Page_cabi Stylist Create RMA/selectReason2"), "CABI_c_a", true): All options with value 'CABI_c_a' are selected in object 'Object Repository/findOrders/Page_cabi Find Orders/Page_cabi Stylist Create RMA/selectReason2'  using regular expression

2019-05-24 19:01:24 - [MESSAGE][PASSED] - All options with value 'CABI_c_a' are selected in object 'Object Repository/findOrders/Page_cabi Find Orders/Page_cabi Stylist Create RMA/selectReason2'  using regular expression

2019-05-24 19:01:24 - [TEST_STEP][PASSED] - click(findTestObject("Object Repository/findOrders/Page_cabi Find Orders/Page_cabi Stylist Create RMA/inputRefund")): Object: 'Object Repository/findOrders/Page_cabi Find Orders/Page_cabi Stylist Create RMA/inputRefund' is clicked on

2019-05-24 19:01:24 - [MESSAGE][PASSED] - Object: 'Object Repository/findOrders/Page_cabi Find Orders/Page_cabi Stylist Create RMA/inputRefund' is clicked on

2019-05-24 19:01:24 - [TEST_STEP][PASSED] - click(findTestObject("Object Repository/findOrders/Page_cabi Find Orders/Page_cabi Stylist Create RMA/a_Next")): Object: 'Object Repository/findOrders/Page_cabi Find Orders/Page_cabi Stylist Create RMA/a_Next' is clicked on

2019-05-24 19:01:26 - [MESSAGE][PASSED] - Object: 'Object Repository/findOrders/Page_cabi Find Orders/Page_cabi Stylist Create RMA/a_Next' is clicked on

2019-05-24 19:01:26 - [TEST_STEP][PASSED] - click(findTestObject("Object Repository/findOrders/Page_cabi Find Orders/Page_cabi Stylist Create RMA/inputPostalService")): Object: 'Object Repository/findOrders/Page_cabi Find Orders/Page_cabi Stylist Create RMA/inputPostalService' is clicked on

2019-05-24 19:01:26 - [MESSAGE][PASSED] - Object: 'Object Repository/findOrders/Page_cabi Find Orders/Page_cabi Stylist Create RMA/inputPostalService' is clicked on

2019-05-24 19:01:26 - [TEST_STEP][PASSED] - click(findTestObject("Object Repository/findOrders/Page_cabi Find Orders/Page_cabi Stylist Create RMA/inputConfirmAdderess")): Object: 'Object Repository/findOrders/Page_cabi Find Orders/Page_cabi Stylist Create RMA/inputConfirmAdderess' is clicked on

2019-05-24 19:01:26 - [MESSAGE][PASSED] - Object: 'Object Repository/findOrders/Page_cabi Find Orders/Page_cabi Stylist Create RMA/inputConfirmAdderess' is clicked on

2019-05-24 19:01:26 - [TEST_STEP][PASSED] - click(findTestObject("Object Repository/findOrders/Page_cabi Find Orders/Page_cabi Stylist Create RMA/a_Next_1")): Object: 'Object Repository/findOrders/Page_cabi Find Orders/Page_cabi Stylist Create RMA/a_Next_1' is clicked on

2019-05-24 19:01:26 - [MESSAGE][PASSED] - Object: 'Object Repository/findOrders/Page_cabi Find Orders/Page_cabi Stylist Create RMA/a_Next_1' is clicked on

2019-05-24 19:01:26 - [TEST_STEP][PASSED] - click(findTestObject("Object Repository/findOrders/Page_cabi Find Orders/Page_cabi Stylist Create RMA/a_Submit RMA")): Object: 'Object Repository/findOrders/Page_cabi Find Orders/Page_cabi Stylist Create RMA/a_Submit RMA' is clicked on

2019-05-24 19:01:28 - [MESSAGE][PASSED] - Object: 'Object Repository/findOrders/Page_cabi Find Orders/Page_cabi Stylist Create RMA/a_Submit RMA' is clicked on

2019-05-24 19:01:28 - [TEST_STEP][PASSED] - click(findTestObject("Object Repository/findOrders/Page_cabi Find Orders/Page_cabi Stylist Create RMA/addonOrder")): Object: 'Object Repository/findOrders/Page_cabi Find Orders/Page_cabi Stylist Create RMA/addonOrder' is clicked on

2019-05-24 19:01:32 - [MESSAGE][PASSED] - Object: 'Object Repository/findOrders/Page_cabi Find Orders/Page_cabi Stylist Create RMA/addonOrder' is clicked on

2019-05-24 19:01:32 - [TEST_STEP][PASSED] - delay(3): Delayed 3 second(s)

2019-05-24 19:01:35 - [MESSAGE][PASSED] - Delayed 3 second(s)

2019-05-24 19:01:35 - [TEST_STEP][PASSED] - click(findTestObject("Object Repository/Page_cabi_addOn_order/a_continue_to_order")): Object: 'Object Repository/Page_cabi_addOn_order/a_continue_to_order' is clicked on

2019-05-24 19:01:35 - [MESSAGE][PASSED] - Object: 'Object Repository/Page_cabi_addOn_order/a_continue_to_order' is clicked on

2019-05-24 19:01:35 - [TEST_STEP][PASSED] - delay(2): Delayed 2 second(s)

2019-05-24 19:01:37 - [MESSAGE][PASSED] - Delayed 2 second(s)

2019-05-24 19:01:37 - [TEST_STEP][PASSED] - callTestCase(findTestCase("productVerifyShort"), ["available":BOAddonPersonal], STOP_ON_FAILURE): Call Test Case 'Test Cases/productVerifyShort' successfully

2019-05-24 19:01:37 - [TEST_CASE][PASSED] - Test Cases/productVerifyShort: Test Cases/productVerifyShort

2019-05-24 19:01:37 - [TEST_STEP][PASSED] - for ([row = 1, row <= findTestData("productData").getRowNumbers(), (row++)]): null

2019-05-24 19:01:37 - [TEST_STEP][PASSED] - delay(2): Delayed 2 second(s)

2019-05-24 19:01:39 - [MESSAGE][PASSED] - Delayed 2 second(s)

2019-05-24 19:01:39 - [TEST_STEP][PASSED] - setText(findTestObject("Object Repository/Page_cabi Create Order/input_Manual Discount_stylelookup_0"), findTestData("productData").getValue("Style", row)): Text '5618' is set on object 'Object Repository/Page_cabi Create Order/input_Manual Discount_stylelookup_0'

2019-05-24 19:01:39 - [MESSAGE][PASSED] - Text '5618' is set on object 'Object Repository/Page_cabi Create Order/input_Manual Discount_stylelookup_0'

2019-05-24 19:01:39 - [TEST_STEP][PASSED] - delay(2): Delayed 2 second(s)

2019-05-24 19:01:41 - [MESSAGE][PASSED] - Delayed 2 second(s)

2019-05-24 19:01:41 - [TEST_STEP][PASSED] - prod_message = getText(findTestObject("Page_cabi Create Order/first_option")): Text of object 'Object Repository/Page_cabi Create Order/first_option' is: 'No matching result found'

2019-05-24 19:01:41 - [MESSAGE][PASSED] - Text of object 'Object Repository/Page_cabi Create Order/first_option' is: 'No matching result found'

2019-05-24 19:01:41 - [TEST_STEP][PASSED] - delay(1): Delayed 1 second(s)

2019-05-24 19:01:42 - [MESSAGE][PASSED] - Delayed 1 second(s)

2019-05-24 19:01:42 - [TEST_STEP][PASSED] - click(findTestObject("Page_cabi Create Order/first_option")): Object: 'Object Repository/Page_cabi Create Order/first_option' is clicked on

2019-05-24 19:01:42 - [MESSAGE][PASSED] - Object: 'Object Repository/Page_cabi Create Order/first_option' is clicked on

2019-05-24 19:01:42 - [TEST_STEP][PASSED] - if (toString().equalsIgnoreCase("no")): null

2019-05-24 19:01:42 - [TEST_STEP][PASSED] - assert prod_message.equalsIgnoreCase("No matching result found"): null

2019-05-24 19:01:42 - [MESSAGE][PASSED] - Call Test Case 'Test Cases/productVerifyShort' successfully

2019-05-24 19:01:42 - [TEST_STEP][PASSED] - controlParallelism = controlParallelism + 1: null

2019-05-24 19:01:42 - [TEST_STEP][PASSED] - if (controlParallelism == parallelTC): null

2019-05-24 19:01:42 - [TEST_STEP][PASSED] - if (timeRow > i): null

2019-05-24 19:01:42 - [TEST_STEP][PASSED] - while (controlParallelism < parallelTC): null

2019-05-24 19:01:42 - [TEST_STEP][PASSED] - callTestCase(findTestCase("populateTimeGlobalVars"), ["row":timeRow], STOP_ON_FAILURE): Call Test Case 'Test Cases/populateTimeGlobalVars' successfully

2019-05-24 19:01:42 - [TEST_CASE][PASSED] - Test Cases/populateTimeGlobalVars: Test Cases/populateTimeGlobalVars

2019-05-24 19:01:42 - [TEST_STEP][PASSED] - dataFile = "timezoneData": null

2019-05-24 19:01:42 - [TEST_STEP][PASSED] - serverTarget = UtilityMethods.getTestData(dataFile, "serverTarget", row): null

2019-05-24 19:01:42 - [TEST_STEP][PASSED] - orderType = UtilityMethods.getTestData(dataFile, "orderType", row): null

2019-05-24 19:01:42 - [TEST_STEP][PASSED] - timeZone = UtilityMethods.getTestData(dataFile, "timeZone", row): null

2019-05-24 19:01:42 - [TEST_STEP][PASSED] - BOPersonal = UtilityMethods.getTestData(dataFile, "BOPersonal", row): null

2019-05-24 19:01:42 - [TEST_STEP][PASSED] - BOAddonPersonal = UtilityMethods.getTestData(dataFile, "BOAddonPersonal", row): null

2019-05-24 19:01:42 - [TEST_STEP][PASSED] - BOAddonRetail = UtilityMethods.getTestData(dataFile, "BOAddonRetail", row): null

2019-05-24 19:01:42 - [TEST_STEP][PASSED] - BORetail = UtilityMethods.getTestData(dataFile, "BORetail", row): null

2019-05-24 19:01:42 - [TEST_STEP][PASSED] - BOShow = UtilityMethods.getTestData(dataFile, "BOShow", row): null

2019-05-24 19:01:42 - [TEST_STEP][PASSED] - BOOnlineoutlet = UtilityMethods.getTestData(dataFile, "BOOnlineoutlet", row): null

2019-05-24 19:01:42 - [TEST_STEP][PASSED] - BOEmployee = UtilityMethods.getTestData(dataFile, "BOEmployee", row): null

2019-05-24 19:01:43 - [TEST_STEP][PASSED] - CCPersonal = UtilityMethods.getTestData(dataFile, "CCPersonal", row): null

2019-05-24 19:01:43 - [TEST_STEP][PASSED] - CCRetail = UtilityMethods.getTestData(dataFile, "CCRetail", row): null

2019-05-24 19:01:43 - [TEST_STEP][PASSED] - CCShow = UtilityMethods.getTestData(dataFile, "CCShow", row): null

2019-05-24 19:01:43 - [TEST_STEP][PASSED] - BOEblast = UtilityMethods.getTestData(dataFile, "BOEblast", row): null

2019-05-24 19:01:43 - [MESSAGE][PASSED] - Call Test Case 'Test Cases/populateTimeGlobalVars' successfully

2019-05-24 19:01:43 - [TEST_STEP][PASSED] - callTestCase(findTestCase("newArrivalsSetTimezone"), ["ofbizURL":"", "ofbizuser":"", "ofbizpass":"", "orderType":orderType, "timeZone":timeZone, "serverTarget":serverTarget], STOP_ON_FAILURE): Call Test Case 'Test Cases/newArrivalsSetTimezone' successfully

2019-05-24 19:01:43 - [TEST_CASE][PASSED] - Test Cases/newArrivalsSetTimezone: Test Cases/newArrivalsSetTimezone

2019-05-24 19:01:43 - [TEST_STEP][NOT_RUN] - openBrowser(""): NOT_RUN: openBrowser("")

2019-05-24 19:01:43 - [MESSAGE][NOT_RUN] - NOT_RUN: openBrowser("")

2019-05-24 19:01:43 - [TEST_STEP][NOT_RUN] - maximizeWindow(): NOT_RUN: maximizeWindow()

2019-05-24 19:01:43 - [MESSAGE][NOT_RUN] - NOT_RUN: maximizeWindow()

2019-05-24 19:01:43 - [TEST_STEP][PASSED] - ofbizURL = findTestData("credData").getValue("ofbizURL", 1): null

2019-05-24 19:01:43 - [TEST_STEP][PASSED] - ofbizuser = findTestData("credData").getValue("ofbizuser", 1): null

2019-05-24 19:01:43 - [TEST_STEP][PASSED] - ofbizpass = findTestData("credData").getValue("ofbizpass", 1): null

2019-05-24 19:01:43 - [TEST_STEP][PASSED] - navigateToUrl(ofbizURL): Navigate to 'https://pushofbiz.cliotest.com/login.php' successfully

2019-05-24 19:01:44 - [MESSAGE][PASSED] - Navigate to 'https://pushofbiz.cliotest.com/login.php' successfully

2019-05-24 19:01:44 - [TEST_STEP][PASSED] - setText(findTestObject("Page_/input_Username_username"), ofbizuser): Text 'sshinde' is set on object 'Object Repository/Page_/input_Username_username'

2019-05-24 19:01:44 - [MESSAGE][PASSED] - Text 'sshinde' is set on object 'Object Repository/Page_/input_Username_username'

2019-05-24 19:01:44 - [TEST_STEP][PASSED] - setText(findTestObject("Page_/input_Password_password"), ofbizpass): Text 'C@bi$ush5' is set on object 'Object Repository/Page_/input_Password_password'

2019-05-24 19:01:45 - [MESSAGE][PASSED] - Text 'C@bi$ush5' is set on object 'Object Repository/Page_/input_Password_password'

2019-05-24 19:01:45 - [TEST_STEP][PASSED] - click(findTestObject("Page_/input_Password_Submit")): Object: 'Object Repository/Page_/input_Password_Submit' is clicked on

2019-05-24 19:01:47 - [MESSAGE][PASSED] - Object: 'Object Repository/Page_/input_Password_Submit' is clicked on

2019-05-24 19:01:47 - [TEST_STEP][PASSED] - click(findTestObject("Object Repository/Page_/a_Clock set")): Object: 'Object Repository/Page_/a_Clock set' is clicked on

2019-05-24 19:01:48 - [MESSAGE][PASSED] - Object: 'Object Repository/Page_/a_Clock set' is clicked on

2019-05-24 19:01:48 - [TEST_STEP][PASSED] - selectOptionByLabel(findTestObject("Object Repository/Page_/serverTarget"), serverTarget, true): All options with label 'test14' are selected in object 'Object Repository/Page_/serverTarget'  using regular expression

2019-05-24 19:01:49 - [MESSAGE][PASSED] - All options with label 'test14' are selected in object 'Object Repository/Page_/serverTarget'  using regular expression

2019-05-24 19:01:49 - [TEST_STEP][PASSED] - click(findTestObject("Page_/thisDateAndTime")): Object: 'Object Repository/Page_/thisDateAndTime' is clicked on

2019-05-24 19:01:49 - [MESSAGE][PASSED] - Object: 'Object Repository/Page_/thisDateAndTime' is clicked on

2019-05-24 19:01:49 - [TEST_STEP][PASSED] - setText(findTestObject("Object Repository/Page_/setTargetTime"), timeZone): Text ' 05/03/2019 12:00' is set on object 'Object Repository/Page_/setTargetTime'

2019-05-24 19:01:49 - [MESSAGE][PASSED] - Text ' 05/03/2019 12:00' is set on object 'Object Repository/Page_/setTargetTime'

2019-05-24 19:01:49 - [TEST_STEP][PASSED] - click(findTestObject("Object Repository/Page_/input")): Object: 'Object Repository/Page_/input' is clicked on

2019-05-24 19:01:50 - [MESSAGE][PASSED] - Object: 'Object Repository/Page_/input' is clicked on

2019-05-24 19:01:50 - [TEST_STEP][PASSED] - delay(10): Delayed 10 second(s)

2019-05-24 19:02:00 - [MESSAGE][PASSED] - Delayed 10 second(s)

2019-05-24 19:02:00 - [TEST_STEP][NOT_RUN] - closeBrowser(): NOT_RUN: closeBrowser()

2019-05-24 19:02:00 - [MESSAGE][NOT_RUN] - NOT_RUN: closeBrowser()

2019-05-24 19:02:00 - [MESSAGE][PASSED] - Call Test Case 'Test Cases/newArrivalsSetTimezone' successfully

2019-05-24 19:02:00 - [TEST_STEP][PASSED] - callTestCase(findTestCase("backOfficeLogin"), ["BOURL":"", "BOuser":"", "BOpass":""], STOP_ON_FAILURE): Call Test Case 'Test Cases/backOfficeLogin' successfully

2019-05-24 19:02:00 - [TEST_CASE][PASSED] - Test Cases/backOfficeLogin: Test Cases/backOfficeLogin

2019-05-24 19:02:00 - [TEST_STEP][PASSED] - BOURL = findTestData("credData").getValue("BOURL", 1): null

2019-05-24 19:02:00 - [TEST_STEP][PASSED] - BOuser = findTestData("credData").getValue("BOuser", 1): null

2019-05-24 19:02:00 - [TEST_STEP][PASSED] - BOpass = findTestData("credData").getValue("BOpass", 1): null

2019-05-24 19:02:00 - [TEST_STEP][PASSED] - openBrowser(""): Browser is opened with url: ''

2019-05-24 19:02:00 - [MESSAGE][WARNING] - A browser is already opened. Closing browser and opening a new one

2019-05-24 19:02:01 - [MESSAGE][INFO] - Starting 'Chrome' driver

2019-05-24 19:02:03 - [MESSAGE][PASSED] - Browser is opened with url: ''

2019-05-24 19:02:03 - [TEST_STEP][PASSED] - navigateToUrl(BOURL): Navigate to 'https://test14.cliotest.com/backoffice/control/main' successfully

2019-05-24 19:02:16 - [MESSAGE][PASSED] - Navigate to 'https://test14.cliotest.com/backoffice/control/main' successfully

2019-05-24 19:02:16 - [TEST_STEP][PASSED] - logOut = findWebElements(findTestObject("Object Repository/Page_cabi Home/log_out"), 1): Unable to find the element located by 'By.xpath: //a[contains(text(),'Log Out')]'. Please recheck the objects properties to make sure the desired element is located. 

2019-05-24 19:02:17 - [MESSAGE][INFO] - Unable to find the element located by 'By.xpath: //a[contains(text(),'Log Out')]'. Please recheck the objects properties to make sure the desired element is located. 

2019-05-24 19:02:17 - [TEST_STEP][PASSED] - if (logOut.size() == 0): Object: 'Object Repository/Page_cabi/input_Welcome to_consultantLogin' is clicked on

2019-05-24 19:02:17 - [TEST_STEP][PASSED] - setText(findTestObject("Page_cabi/input_Welcome to_USERNAME"), BOuser): Text '400000002' is set on object 'Object Repository/Page_cabi/input_Welcome to_USERNAME'

2019-05-24 19:02:17 - [MESSAGE][PASSED] - Text '400000002' is set on object 'Object Repository/Page_cabi/input_Welcome to_USERNAME'

2019-05-24 19:02:17 - [TEST_STEP][PASSED] - setText(findTestObject("Object Repository/Page_cabi/input_Welcome to_PASSWORD"), BOpass): Text 'blackdress19' is set on object 'Object Repository/Page_cabi/input_Welcome to_PASSWORD'

2019-05-24 19:02:17 - [MESSAGE][PASSED] - Text 'blackdress19' is set on object 'Object Repository/Page_cabi/input_Welcome to_PASSWORD'

2019-05-24 19:02:17 - [TEST_STEP][PASSED] - click(findTestObject("Object Repository/Page_cabi/input_Welcome to_consultantLogin")): Object: 'Object Repository/Page_cabi/input_Welcome to_consultantLogin' is clicked on

2019-05-24 19:02:25 - [MESSAGE][PASSED] - Object: 'Object Repository/Page_cabi/input_Welcome to_consultantLogin' is clicked on

2019-05-24 19:02:25 - [TEST_STEP][PASSED] - delay(3): Delayed 3 second(s)

2019-05-24 19:02:28 - [MESSAGE][PASSED] - Delayed 3 second(s)

2019-05-24 19:02:28 - [MESSAGE][PASSED] - Call Test Case 'Test Cases/backOfficeLogin' successfully

2019-05-24 19:02:28 - [TEST_STEP][PASSED] - click(findTestObject("Page_cabi Home/a_Shows  Orders")): Object: 'Object Repository/Page_cabi Home/a_Shows  Orders' is clicked on

2019-05-24 19:02:28 - [MESSAGE][PASSED] - Object: 'Object Repository/Page_cabi Home/a_Shows  Orders' is clicked on

2019-05-24 19:02:28 - [TEST_STEP][PASSED] - delay(1): Delayed 1 second(s)

2019-05-24 19:02:29 - [MESSAGE][PASSED] - Delayed 1 second(s)

2019-05-24 19:02:29 - [TEST_STEP][PASSED] - click(findTestObject("Page_cabi Home/a_personal_purchases")): Object: 'Object Repository/Page_cabi Home/a_personal_purchases' is clicked on

2019-05-24 19:02:31 - [MESSAGE][PASSED] - Object: 'Object Repository/Page_cabi Home/a_personal_purchases' is clicked on

2019-05-24 19:02:31 - [TEST_STEP][PASSED] - click(findTestObject("Page_cabi Personal Store/span_Continue to Order")): Object: 'Object Repository/Page_cabi Personal Store/span_Continue to Order' is clicked on

2019-05-24 19:02:32 - [MESSAGE][PASSED] - Object: 'Object Repository/Page_cabi Personal Store/span_Continue to Order' is clicked on

2019-05-24 19:02:32 - [TEST_STEP][PASSED] - delay(5): Delayed 5 second(s)

2019-05-24 19:02:37 - [MESSAGE][PASSED] - Delayed 5 second(s)

2019-05-24 19:02:37 - [TEST_STEP][PASSED] - emptyCart = findWebElements(findTestObject("Object Repository/Page_cabi Personal Store/removeFromCart"), 5): Unable to find the element located by 'By.xpath: //*[@id="removeFromCart_0"]/span'. Please recheck the objects properties to make sure the desired element is located. 

2019-05-24 19:02:42 - [MESSAGE][INFO] - Unable to find the element located by 'By.xpath: //*[@id="removeFromCart_0"]/span'. Please recheck the objects properties to make sure the desired element is located. 

2019-05-24 19:02:42 - [TEST_STEP][PASSED] - if (emptyCart.size() > 0): null

2019-05-24 19:02:42 - [TEST_STEP][PASSED] - addOnStyle = findTestData("miscData").getValue("addOnStyle", 1): null

2019-05-24 19:02:42 - [TEST_STEP][PASSED] - click(findTestObject("Object Repository/Page_cabi Create Order/input_Manual Discount_stylelookup_0")): Object: 'Object Repository/Page_cabi Create Order/input_Manual Discount_stylelookup_0' is clicked on

2019-05-24 19:02:42 - [MESSAGE][PASSED] - Object: 'Object Repository/Page_cabi Create Order/input_Manual Discount_stylelookup_0' is clicked on

2019-05-24 19:02:42 - [TEST_STEP][PASSED] - setText(findTestObject("Object Repository/Page_cabi Create Order/input_Manual Discount_stylelookup_0"), addOnStyle): Text '5447' is set on object 'Object Repository/Page_cabi Create Order/input_Manual Discount_stylelookup_0'

2019-05-24 19:02:42 - [MESSAGE][PASSED] - Text '5447' is set on object 'Object Repository/Page_cabi Create Order/input_Manual Discount_stylelookup_0'

2019-05-24 19:02:42 - [TEST_STEP][PASSED] - delay(3): Delayed 3 second(s)

2019-05-24 19:02:45 - [MESSAGE][PASSED] - Delayed 3 second(s)

2019-05-24 19:02:45 - [TEST_STEP][PASSED] - prod_message = getText(findTestObject("Page_cabi Create Order/first_option")): Text of object 'Object Repository/Page_cabi Create Order/first_option' is: '5447 Bishop Cardigan'

2019-05-24 19:02:45 - [MESSAGE][PASSED] - Text of object 'Object Repository/Page_cabi Create Order/first_option' is: '5447 Bishop Cardigan'

2019-05-24 19:02:45 - [TEST_STEP][PASSED] - click(findTestObject("Page_cabi Create Order/first_option")): Object: 'Object Repository/Page_cabi Create Order/first_option' is clicked on

2019-05-24 19:02:45 - [MESSAGE][PASSED] - Object: 'Object Repository/Page_cabi Create Order/first_option' is clicked on

2019-05-24 19:02:45 - [TEST_STEP][PASSED] - delay(5): Delayed 5 second(s)

2019-05-24 19:02:50 - [MESSAGE][PASSED] - Delayed 5 second(s)

2019-05-24 19:02:50 - [TEST_STEP][PASSED] - click(findTestObject("Object Repository/Page_cabi Order Items/selectSize")): Object: 'Object Repository/Page_cabi Order Items/selectSize' is clicked on

2019-05-24 19:02:50 - [MESSAGE][PASSED] - Object: 'Object Repository/Page_cabi Order Items/selectSize' is clicked on

2019-05-24 19:02:50 - [TEST_STEP][PASSED] - click(findTestObject("Object Repository/Page_cabi Order Items/span_Add to Cart")): Object: 'Object Repository/Page_cabi Order Items/span_Add to Cart' is clicked on

2019-05-24 19:02:50 - [MESSAGE][PASSED] - Object: 'Object Repository/Page_cabi Order Items/span_Add to Cart' is clicked on

2019-05-24 19:02:50 - [TEST_STEP][PASSED] - delay(3): Delayed 3 second(s)

2019-05-24 19:02:53 - [MESSAGE][PASSED] - Delayed 3 second(s)

2019-05-24 19:02:53 - [TEST_STEP][PASSED] - click(findTestObject("Object Repository/Page_cabi Order Items/span_Continue to Shipping")): Object: 'Object Repository/Page_cabi Order Items/span_Continue to Shipping' is clicked on

2019-05-24 19:02:54 - [MESSAGE][PASSED] - Object: 'Object Repository/Page_cabi Order Items/span_Continue to Shipping' is clicked on

2019-05-24 19:02:54 - [TEST_STEP][PASSED] - click(findTestObject("Page_cabi Personal Store/nextButtonShipping")): Object: 'Object Repository/Page_cabi Personal Store/nextButtonShipping' is clicked on

2019-05-24 19:02:54 - [MESSAGE][PASSED] - Object: 'Object Repository/Page_cabi Personal Store/nextButtonShipping' is clicked on

2019-05-24 19:02:54 - [TEST_STEP][PASSED] - delay(3): Delayed 3 second(s)

2019-05-24 19:02:57 - [MESSAGE][PASSED] - Delayed 3 second(s)

2019-05-24 19:02:57 - [TEST_STEP][PASSED] - click(findTestObject("Page_cabi Personal Store/makeFirstPayment")): Object: 'Object Repository/Page_cabi Personal Store/makeFirstPayment' is clicked on

2019-05-24 19:02:57 - [MESSAGE][PASSED] - Object: 'Object Repository/Page_cabi Personal Store/makeFirstPayment' is clicked on

2019-05-24 19:02:57 - [TEST_STEP][PASSED] - click(findTestObject("Page_cabi Personal Store/submitPayment")): Object: 'Object Repository/Page_cabi Personal Store/submitPayment' is clicked on

2019-05-24 19:02:58 - [MESSAGE][PASSED] - Object: 'Object Repository/Page_cabi Personal Store/submitPayment' is clicked on

2019-05-24 19:02:58 - [TEST_STEP][PASSED] - click(findTestObject("Page_cabi Personal Store/submitOrderId")): Object: 'Object Repository/Page_cabi Personal Store/submitOrderId' is clicked on

2019-05-24 19:03:00 - [MESSAGE][PASSED] - Object: 'Object Repository/Page_cabi Personal Store/submitOrderId' is clicked on

2019-05-24 19:03:00 - [TEST_STEP][PASSED] - successMsg = "": null

2019-05-24 19:03:00 - [TEST_STEP][PASSED] - orderSuccess = false: null

2019-05-24 19:03:00 - [TEST_STEP][PASSED] - successMsgs = findWebElements(findTestObject("Object Repository/Page_cabi Personal Store/p_success_msg"), 5): null

2019-05-24 19:03:00 - [TEST_STEP][PASSED] - if (successMsgs.size() > 0): Text of object 'Object Repository/Page_cabi Personal Store/p_order_id' is: 'PR707969532'

2019-05-24 19:03:00 - [TEST_STEP][PASSED] - successMsg = getText(findTestObject("Object Repository/Page_cabi Personal Store/p_success_msg")): Text of object 'Object Repository/Page_cabi Personal Store/p_success_msg' is: 'Order Created Successfully!!
Order #:  PR707969532

CONTINUE SHOPPING'

2019-05-24 19:03:00 - [MESSAGE][PASSED] - Text of object 'Object Repository/Page_cabi Personal Store/p_success_msg' is: 'Order Created Successfully!!
Order #:  PR707969532

CONTINUE SHOPPING'

2019-05-24 19:03:00 - [TEST_STEP][PASSED] - orderSuccess = true: null

2019-05-24 19:03:00 - [TEST_STEP][PASSED] - addOnOrderId = getText(findTestObject("Object Repository/Page_cabi Personal Store/p_order_id")): Text of object 'Object Repository/Page_cabi Personal Store/p_order_id' is: 'PR707969532'

2019-05-24 19:03:00 - [MESSAGE][PASSED] - Text of object 'Object Repository/Page_cabi Personal Store/p_order_id' is: 'PR707969532'

2019-05-24 19:03:00 - [TEST_STEP][PASSED] - assert orderSuccess == true: null

2019-05-24 19:03:00 - [TEST_STEP][PASSED] - callTestCase(findTestCase("warehouseShipping"), ["orderId":addOnOrderId], STOP_ON_FAILURE): Call Test Case 'Test Cases/warehouseShipping' successfully

2019-05-24 19:03:00 - [TEST_CASE][PASSED] - Test Cases/warehouseShipping: Test Cases/warehouseShipping

2019-05-24 19:03:00 - [TEST_STEP][PASSED] - callTestCase(findTestCase("cabiWarehouseLogin"), ["CWURL":"", "CWuser":"", "CWpass":""], STOP_ON_FAILURE): Call Test Case 'Test Cases/cabiWarehouseLogin' successfully

2019-05-24 19:03:01 - [TEST_CASE][PASSED] - Test Cases/cabiWarehouseLogin: Test Cases/cabiWarehouseLogin

2019-05-24 19:03:01 - [TEST_STEP][PASSED] - CWURL = findTestData("credData").getValue("CWURL", 1): null

2019-05-24 19:03:01 - [TEST_STEP][PASSED] - CWuser = findTestData("credData").getValue("CWuser", 1): null

2019-05-24 19:03:01 - [TEST_STEP][PASSED] - CWpass = findTestData("credData").getValue("CWpass", 1): null

2019-05-24 19:03:01 - [TEST_STEP][PASSED] - openBrowser(""): Browser is opened with url: ''

2019-05-24 19:03:01 - [MESSAGE][WARNING] - A browser is already opened. Closing browser and opening a new one

2019-05-24 19:03:01 - [MESSAGE][INFO] - Starting 'Chrome' driver

2019-05-24 19:03:04 - [MESSAGE][PASSED] - Browser is opened with url: ''

2019-05-24 19:03:04 - [TEST_STEP][PASSED] - navigateToUrl(CWURL): Navigate to 'https://test14.cliotest.com/warehouse/control/main' successfully

2019-05-24 19:03:09 - [MESSAGE][PASSED] - Navigate to 'https://test14.cliotest.com/warehouse/control/main' successfully

2019-05-24 19:03:09 - [TEST_STEP][PASSED] - logOut = findWebElements(findTestObject("Object Repository/Cabi warehouse/Page_cabi_home/log_out"), 1): Unable to find the element located by 'By.xpath: //li/a[contains(text(), 'Log Out »')]'. Please recheck the objects properties to make sure the desired element is located. 

2019-05-24 19:03:11 - [MESSAGE][INFO] - Unable to find the element located by 'By.xpath: //li/a[contains(text(), 'Log Out »')]'. Please recheck the objects properties to make sure the desired element is located. 

2019-05-24 19:03:11 - [TEST_STEP][PASSED] - if (logOut.size() == 0): Object: 'Object Repository/Cabi warehouse/Page_cabi/input_Password_section-btn btn-stl-pk rFloat' is clicked on

2019-05-24 19:03:11 - [TEST_STEP][PASSED] - setText(findTestObject("Object Repository/Cabi warehouse/Page_cabi/input_Username_USERNAME"), CWuser): Text 'rsuarez' is set on object 'Object Repository/Cabi warehouse/Page_cabi/input_Username_USERNAME'

2019-05-24 19:03:11 - [MESSAGE][PASSED] - Text 'rsuarez' is set on object 'Object Repository/Cabi warehouse/Page_cabi/input_Username_USERNAME'

2019-05-24 19:03:11 - [TEST_STEP][PASSED] - setText(findTestObject("Object Repository/Cabi warehouse/Page_cabi/input_Password_PASSWORD"), CWpass): Text 'blackdress19' is set on object 'Object Repository/Cabi warehouse/Page_cabi/input_Password_PASSWORD'

2019-05-24 19:03:11 - [MESSAGE][PASSED] - Text 'blackdress19' is set on object 'Object Repository/Cabi warehouse/Page_cabi/input_Password_PASSWORD'

2019-05-24 19:03:11 - [TEST_STEP][PASSED] - click(findTestObject("Object Repository/Cabi warehouse/Page_cabi/input_Password_section-btn btn-stl-pk rFloat")): Object: 'Object Repository/Cabi warehouse/Page_cabi/input_Password_section-btn btn-stl-pk rFloat' is clicked on

2019-05-24 19:03:13 - [MESSAGE][PASSED] - Object: 'Object Repository/Cabi warehouse/Page_cabi/input_Password_section-btn btn-stl-pk rFloat' is clicked on

2019-05-24 19:03:13 - [TEST_STEP][PASSED] - delay(3): Delayed 3 second(s)

2019-05-24 19:03:16 - [MESSAGE][PASSED] - Delayed 3 second(s)

2019-05-24 19:03:16 - [MESSAGE][PASSED] - Call Test Case 'Test Cases/cabiWarehouseLogin' successfully

2019-05-24 19:03:16 - [TEST_STEP][PASSED] - click(findTestObject("Page_cabi Manage PickLists/a_Create PickLists")): Object: 'Object Repository/Page_cabi Manage PickLists/a_Create PickLists' is clicked on

2019-05-24 19:03:17 - [MESSAGE][PASSED] - Object: 'Object Repository/Page_cabi Manage PickLists/a_Create PickLists' is clicked on

2019-05-24 19:03:17 - [TEST_STEP][PASSED] - click(findTestObject("Object Repository/findOrders/Page_cabi Find Orders/Page_cabi SampleLine Shipment Screen/a_Single Order")): Object: 'Object Repository/findOrders/Page_cabi Find Orders/Page_cabi SampleLine Shipment Screen/a_Single Order' is clicked on

2019-05-24 19:03:18 - [MESSAGE][PASSED] - Object: 'Object Repository/findOrders/Page_cabi Find Orders/Page_cabi SampleLine Shipment Screen/a_Single Order' is clicked on

2019-05-24 19:03:18 - [TEST_STEP][PASSED] - setText(findTestObject("Page_cabi Create Single Order PickList/input_Order Id_orderId"), orderId): Text 'PR707969532' is set on object 'Object Repository/Page_cabi Create Single Order PickList/input_Order Id_orderId'

2019-05-24 19:03:18 - [MESSAGE][PASSED] - Text 'PR707969532' is set on object 'Object Repository/Page_cabi Create Single Order PickList/input_Order Id_orderId'

2019-05-24 19:03:18 - [TEST_STEP][PASSED] - click(findTestObject("Page_cabi Create Single Order PickList/input_Create even if fully backordered_submitButton")): Object: 'Object Repository/Page_cabi Create Single Order PickList/input_Create even if fully backordered_submitButton' is clicked on

2019-05-24 19:03:19 - [MESSAGE][PASSED] - Object: 'Object Repository/Page_cabi Create Single Order PickList/input_Create even if fully backordered_submitButton' is clicked on

2019-05-24 19:03:19 - [TEST_STEP][PASSED] - pickListCreated = findWebElements(findTestObject("Cabi warehouse/picklistCreatedMessage"), 5): null

2019-05-24 19:03:19 - [TEST_STEP][PASSED] - if (pickListCreated.size() == 0): null

2019-05-24 19:03:19 - [TEST_STEP][PASSED] - pickListCreated = findWebElements(findTestObject("Cabi warehouse/picklistCreatedMessage"), 5): null

2019-05-24 19:03:19 - [TEST_STEP][PASSED] - if (pickListCreated.size() == 0): null

2019-05-24 19:03:19 - [TEST_STEP][PASSED] - picklistCreatedMessage = UtilityMethods.concat("Picklist for order: [", orderId, "] has been created successfully."): null

2019-05-24 19:03:19 - [TEST_STEP][PASSED] - verifyElementText(findTestObject("Cabi warehouse/picklistCreatedMessage"), picklistCreatedMessage): Actual text and expected text of test object 'Object Repository/Cabi warehouse/picklistCreatedMessage' are matched.

2019-05-24 19:03:19 - [MESSAGE][PASSED] - Actual text and expected text of test object 'Object Repository/Cabi warehouse/picklistCreatedMessage' are matched.

2019-05-24 19:03:19 - [TEST_STEP][PASSED] - click(findTestObject("Page_cabi Create Single Order PickList/a_Manage PickLists")): Object: 'Object Repository/Page_cabi Create Single Order PickList/a_Manage PickLists' is clicked on

2019-05-24 19:03:20 - [MESSAGE][PASSED] - Object: 'Object Repository/Page_cabi Create Single Order PickList/a_Manage PickLists' is clicked on

2019-05-24 19:03:20 - [TEST_STEP][PASSED] - setText(findTestObject("Page_cabi Manage PickLists/input_Order _orderId"), orderId): Text 'PR707969532' is set on object 'Object Repository/Page_cabi Manage PickLists/input_Order _orderId'

2019-05-24 19:03:20 - [MESSAGE][PASSED] - Text 'PR707969532' is set on object 'Object Repository/Page_cabi Manage PickLists/input_Order _orderId'

2019-05-24 19:03:20 - [TEST_STEP][PASSED] - click(findTestObject("Page_cabi Manage PickLists/input")): Object: 'Object Repository/Page_cabi Manage PickLists/input' is clicked on

2019-05-24 19:03:21 - [MESSAGE][PASSED] - Object: 'Object Repository/Page_cabi Manage PickLists/input' is clicked on

2019-05-24 19:03:21 - [TEST_STEP][PASSED] - delay(3): Delayed 3 second(s)

2019-05-24 19:03:24 - [MESSAGE][PASSED] - Delayed 3 second(s)

2019-05-24 19:03:24 - [TEST_STEP][PASSED] - click(findTestObject("Page_cabi Manage PickLists/td_104238610")): Object: 'Object Repository/Page_cabi Manage PickLists/td_104238610' is clicked on

2019-05-24 19:03:24 - [MESSAGE][PASSED] - Object: 'Object Repository/Page_cabi Manage PickLists/td_104238610' is clicked on

2019-05-24 19:03:24 - [TEST_STEP][PASSED] - picklistId = getText(findTestObject("Page_cabi Manage PickLists/td_104238610")): Text of object 'Object Repository/Page_cabi Manage PickLists/td_104238610' is: '104259832'

2019-05-24 19:03:24 - [MESSAGE][PASSED] - Text of object 'Object Repository/Page_cabi Manage PickLists/td_104238610' is: '104259832'

2019-05-24 19:03:24 - [TEST_STEP][PASSED] - click(findTestObject("Page_cabi Manage PickLists/a_Packing")): Object: 'Object Repository/Page_cabi Manage PickLists/a_Packing' is clicked on

2019-05-24 19:03:25 - [MESSAGE][PASSED] - Object: 'Object Repository/Page_cabi Manage PickLists/a_Packing' is clicked on

2019-05-24 19:03:25 - [TEST_STEP][PASSED] - setText(findTestObject("Page_cabi Pack Init/input_Pack Station_packStationId"), "30"): Text '30' is set on object 'Object Repository/Page_cabi Pack Init/input_Pack Station_packStationId'

2019-05-24 19:03:25 - [MESSAGE][PASSED] - Text '30' is set on object 'Object Repository/Page_cabi Pack Init/input_Pack Station_packStationId'

2019-05-24 19:03:25 - [TEST_STEP][PASSED] - click(findTestObject("Page_cabi Pack Init/input_Pack Station_submitButton")): Object: 'Object Repository/Page_cabi Pack Init/input_Pack Station_submitButton' is clicked on

2019-05-24 19:03:25 - [MESSAGE][PASSED] - Object: 'Object Repository/Page_cabi Pack Init/input_Pack Station_submitButton' is clicked on

2019-05-24 19:03:25 - [TEST_STEP][PASSED] - setText(findTestObject("Page_cabi Pack Init/input_Picklist ID_pickId"), picklistId): Text '104259832' is set on object 'Object Repository/Page_cabi Pack Init/input_Picklist ID_pickId'

2019-05-24 19:03:25 - [MESSAGE][PASSED] - Text '104259832' is set on object 'Object Repository/Page_cabi Pack Init/input_Picklist ID_pickId'

2019-05-24 19:03:25 - [TEST_STEP][PASSED] - click(findTestObject("Page_cabi Pack Init/input_Picklist ID_submitButton")): Object: 'Object Repository/Page_cabi Pack Init/input_Picklist ID_submitButton' is clicked on

2019-05-24 19:03:27 - [MESSAGE][PASSED] - Object: 'Object Repository/Page_cabi Pack Init/input_Picklist ID_submitButton' is clicked on

2019-05-24 19:03:27 - [TEST_STEP][PASSED] - click(findTestObject("Page_cabi General Pack/input_Cream Of Wheat_button addItemForVerification")): Object: 'Object Repository/Page_cabi General Pack/input_Cream Of Wheat_button addItemForVerification' is clicked on

2019-05-24 19:03:27 - [MESSAGE][PASSED] - Object: 'Object Repository/Page_cabi General Pack/input_Cream Of Wheat_button addItemForVerification' is clicked on

2019-05-24 19:03:27 - [TEST_STEP][PASSED] - click(findTestObject("Page_cabi General Pack/input_Pack Station  30_shipConfirmBtn")): Object: 'Object Repository/Page_cabi General Pack/input_Pack Station  30_shipConfirmBtn' is clicked on

2019-05-24 19:03:30 - [MESSAGE][PASSED] - Object: 'Object Repository/Page_cabi General Pack/input_Pack Station  30_shipConfirmBtn' is clicked on

2019-05-24 19:03:30 - [TEST_STEP][PASSED] - click(findTestObject("Cabi warehouse/warehouseLogout")): Object: 'Object Repository/Cabi warehouse/warehouseLogout' is clicked on

2019-05-24 19:03:31 - [MESSAGE][PASSED] - Object: 'Object Repository/Cabi warehouse/warehouseLogout' is clicked on

2019-05-24 19:03:31 - [MESSAGE][PASSED] - Call Test Case 'Test Cases/warehouseShipping' successfully

2019-05-24 19:03:31 - [TEST_STEP][PASSED] - callTestCase(findTestCase("backOfficeLogin"), ["BOURL":"", "BOuser":"", "BOpass":""], STOP_ON_FAILURE): Call Test Case 'Test Cases/backOfficeLogin' successfully

2019-05-24 19:03:31 - [TEST_CASE][PASSED] - Test Cases/backOfficeLogin: Test Cases/backOfficeLogin

2019-05-24 19:03:31 - [TEST_STEP][PASSED] - BOURL = findTestData("credData").getValue("BOURL", 1): null

2019-05-24 19:03:31 - [TEST_STEP][PASSED] - BOuser = findTestData("credData").getValue("BOuser", 1): null

2019-05-24 19:03:31 - [TEST_STEP][PASSED] - BOpass = findTestData("credData").getValue("BOpass", 1): null

2019-05-24 19:03:31 - [TEST_STEP][PASSED] - openBrowser(""): Browser is opened with url: ''

2019-05-24 19:03:31 - [MESSAGE][WARNING] - A browser is already opened. Closing browser and opening a new one

2019-05-24 19:03:32 - [MESSAGE][INFO] - Starting 'Chrome' driver

2019-05-24 19:03:34 - [MESSAGE][PASSED] - Browser is opened with url: ''

2019-05-24 19:03:34 - [TEST_STEP][PASSED] - navigateToUrl(BOURL): Navigate to 'https://test14.cliotest.com/backoffice/control/main' successfully

2019-05-24 19:03:42 - [MESSAGE][PASSED] - Navigate to 'https://test14.cliotest.com/backoffice/control/main' successfully

2019-05-24 19:03:42 - [TEST_STEP][PASSED] - logOut = findWebElements(findTestObject("Object Repository/Page_cabi Home/log_out"), 1): Unable to find the element located by 'By.xpath: //a[contains(text(),'Log Out')]'. Please recheck the objects properties to make sure the desired element is located. 

2019-05-24 19:03:43 - [MESSAGE][INFO] - Unable to find the element located by 'By.xpath: //a[contains(text(),'Log Out')]'. Please recheck the objects properties to make sure the desired element is located. 

2019-05-24 19:03:43 - [TEST_STEP][PASSED] - if (logOut.size() == 0): Object: 'Object Repository/Page_cabi/input_Welcome to_consultantLogin' is clicked on

2019-05-24 19:03:43 - [TEST_STEP][PASSED] - setText(findTestObject("Page_cabi/input_Welcome to_USERNAME"), BOuser): Text '400000002' is set on object 'Object Repository/Page_cabi/input_Welcome to_USERNAME'

2019-05-24 19:03:43 - [MESSAGE][PASSED] - Text '400000002' is set on object 'Object Repository/Page_cabi/input_Welcome to_USERNAME'

2019-05-24 19:03:43 - [TEST_STEP][PASSED] - setText(findTestObject("Object Repository/Page_cabi/input_Welcome to_PASSWORD"), BOpass): Text 'blackdress19' is set on object 'Object Repository/Page_cabi/input_Welcome to_PASSWORD'

2019-05-24 19:03:43 - [MESSAGE][PASSED] - Text 'blackdress19' is set on object 'Object Repository/Page_cabi/input_Welcome to_PASSWORD'

2019-05-24 19:03:43 - [TEST_STEP][PASSED] - click(findTestObject("Object Repository/Page_cabi/input_Welcome to_consultantLogin")): Object: 'Object Repository/Page_cabi/input_Welcome to_consultantLogin' is clicked on

2019-05-24 19:03:50 - [MESSAGE][PASSED] - Object: 'Object Repository/Page_cabi/input_Welcome to_consultantLogin' is clicked on

2019-05-24 19:03:50 - [TEST_STEP][PASSED] - delay(3): Delayed 3 second(s)

2019-05-24 19:03:53 - [MESSAGE][PASSED] - Delayed 3 second(s)

2019-05-24 19:03:53 - [MESSAGE][PASSED] - Call Test Case 'Test Cases/backOfficeLogin' successfully

2019-05-24 19:03:53 - [TEST_STEP][PASSED] - click(findTestObject("Object Repository/findOrders/Page_cabi Find Orders/Page_cabi Home/a_Shows  Orders")): Object: 'Object Repository/findOrders/Page_cabi Find Orders/Page_cabi Home/a_Shows  Orders' is clicked on

2019-05-24 19:03:53 - [MESSAGE][PASSED] - Object: 'Object Repository/findOrders/Page_cabi Find Orders/Page_cabi Home/a_Shows  Orders' is clicked on

2019-05-24 19:03:53 - [TEST_STEP][PASSED] - click(findTestObject("Object Repository/findOrders/Page_cabi Find Orders/Page_cabi Home/a_Orders")): Object: 'Object Repository/findOrders/Page_cabi Find Orders/Page_cabi Home/a_Orders' is clicked on

2019-05-24 19:03:55 - [MESSAGE][PASSED] - Object: 'Object Repository/findOrders/Page_cabi Find Orders/Page_cabi Home/a_Orders' is clicked on

2019-05-24 19:03:55 - [TEST_STEP][PASSED] - click(findTestObject("Object Repository/findOrders/Page_cabi Find Orders/Page_cabi Find Orders/b")): Object: 'Object Repository/findOrders/Page_cabi Find Orders/Page_cabi Find Orders/b' is clicked on

2019-05-24 19:03:55 - [MESSAGE][PASSED] - Object: 'Object Repository/findOrders/Page_cabi Find Orders/Page_cabi Find Orders/b' is clicked on

2019-05-24 19:03:55 - [TEST_STEP][PASSED] - delay(3): Delayed 3 second(s)

2019-05-24 19:03:58 - [MESSAGE][PASSED] - Delayed 3 second(s)

2019-05-24 19:03:58 - [TEST_STEP][PASSED] - click(findTestObject("findOrders/Page_cabi Find Orders/orderNo")): Object: 'Object Repository/findOrders/Page_cabi Find Orders/orderNo' is clicked on

2019-05-24 19:03:58 - [MESSAGE][PASSED] - Object: 'Object Repository/findOrders/Page_cabi Find Orders/orderNo' is clicked on

2019-05-24 19:03:58 - [TEST_STEP][PASSED] - delay(3): Delayed 3 second(s)

2019-05-24 19:04:01 - [MESSAGE][PASSED] - Delayed 3 second(s)

2019-05-24 19:04:01 - [TEST_STEP][PASSED] - click(findTestObject("Object Repository/findOrders/Page_cabi Find Orders/Page_cabi Find Orders/pendingShipment")): Object: 'Object Repository/findOrders/Page_cabi Find Orders/Page_cabi Find Orders/pendingShipment' is clicked on

2019-05-24 19:04:01 - [MESSAGE][PASSED] - Object: 'Object Repository/findOrders/Page_cabi Find Orders/Page_cabi Find Orders/pendingShipment' is clicked on

2019-05-24 19:04:01 - [TEST_STEP][PASSED] - click(findTestObject("Object Repository/findOrders/Page_cabi Find Orders/Page_cabi Find Orders/inputShipped")): Object: 'Object Repository/findOrders/Page_cabi Find Orders/Page_cabi Find Orders/inputShipped' is clicked on

2019-05-24 19:04:02 - [MESSAGE][PASSED] - Object: 'Object Repository/findOrders/Page_cabi Find Orders/Page_cabi Find Orders/inputShipped' is clicked on

2019-05-24 19:04:02 - [TEST_STEP][PASSED] - setText(findTestObject("Object Repository/findOrders/Page_cabi Find Orders/Page_cabi Find Orders/inputOrderId"), addOnOrderId): Text 'PR707969532' is set on object 'Object Repository/findOrders/Page_cabi Find Orders/Page_cabi Find Orders/inputOrderId'

2019-05-24 19:04:02 - [MESSAGE][PASSED] - Text 'PR707969532' is set on object 'Object Repository/findOrders/Page_cabi Find Orders/Page_cabi Find Orders/inputOrderId'

2019-05-24 19:04:02 - [TEST_STEP][PASSED] - click(findTestObject("Object Repository/findOrders/Page_cabi Find Orders/Page_cabi Find Orders/findOrders")): Object: 'Object Repository/findOrders/Page_cabi Find Orders/Page_cabi Find Orders/findOrders' is clicked on

2019-05-24 19:04:02 - [MESSAGE][PASSED] - Object: 'Object Repository/findOrders/Page_cabi Find Orders/Page_cabi Find Orders/findOrders' is clicked on

2019-05-24 19:04:02 - [TEST_STEP][PASSED] - click(findTestObject("findOrders/Page_cabi Find Orders/orderView")): Object: 'Object Repository/findOrders/Page_cabi Find Orders/orderView' is clicked on

2019-05-24 19:04:05 - [MESSAGE][PASSED] - Object: 'Object Repository/findOrders/Page_cabi Find Orders/orderView' is clicked on

2019-05-24 19:04:05 - [TEST_STEP][PASSED] - delay(3): Delayed 3 second(s)

2019-05-24 19:04:08 - [MESSAGE][PASSED] - Delayed 3 second(s)

2019-05-24 19:04:08 - [TEST_STEP][PASSED] - refresh(): Refresh successfully

2019-05-24 19:04:08 - [MESSAGE][PASSED] - Refresh successfully

2019-05-24 19:04:08 - [TEST_STEP][PASSED] - delay(3): Delayed 3 second(s)

2019-05-24 19:04:11 - [MESSAGE][PASSED] - Delayed 3 second(s)

2019-05-24 19:04:11 - [TEST_STEP][PASSED] - refresh(): Refresh successfully

2019-05-24 19:04:11 - [MESSAGE][PASSED] - Refresh successfully

2019-05-24 19:04:11 - [TEST_STEP][PASSED] - delay(10): Delayed 10 second(s)

2019-05-24 19:04:21 - [MESSAGE][PASSED] - Delayed 10 second(s)

2019-05-24 19:04:21 - [TEST_STEP][PASSED] - refresh(): Refresh successfully

2019-05-24 19:04:21 - [MESSAGE][PASSED] - Refresh successfully

2019-05-24 19:04:21 - [TEST_STEP][PASSED] - delay(3): Delayed 3 second(s)

2019-05-24 19:04:24 - [MESSAGE][PASSED] - Delayed 3 second(s)

2019-05-24 19:04:24 - [TEST_STEP][PASSED] - click(findTestObject("Object Repository/findOrders/Page_cabi Find Orders/Page_cabi Order View/a_(Return Order)")): Object: 'Object Repository/findOrders/Page_cabi Find Orders/Page_cabi Order View/a_(Return Order)' is clicked on

2019-05-24 19:04:27 - [MESSAGE][PASSED] - Object: 'Object Repository/findOrders/Page_cabi Find Orders/Page_cabi Order View/a_(Return Order)' is clicked on

2019-05-24 19:04:27 - [TEST_STEP][PASSED] - delay(3): Delayed 3 second(s)

2019-05-24 19:04:30 - [MESSAGE][PASSED] - Delayed 3 second(s)

2019-05-24 19:04:30 - [TEST_STEP][PASSED] - selectOptionByValue(findTestObject("Object Repository/findOrders/Page_cabi Find Orders/Page_cabi Stylist Create RMA/selectReason1"), "CABI_c", true): All options with value 'CABI_c' are selected in object 'Object Repository/findOrders/Page_cabi Find Orders/Page_cabi Stylist Create RMA/selectReason1'  using regular expression

2019-05-24 19:04:31 - [MESSAGE][PASSED] - All options with value 'CABI_c' are selected in object 'Object Repository/findOrders/Page_cabi Find Orders/Page_cabi Stylist Create RMA/selectReason1'  using regular expression

2019-05-24 19:04:31 - [TEST_STEP][PASSED] - selectOptionByValue(findTestObject("Object Repository/findOrders/Page_cabi Find Orders/Page_cabi Stylist Create RMA/selectReason2"), "CABI_c_a", true): All options with value 'CABI_c_a' are selected in object 'Object Repository/findOrders/Page_cabi Find Orders/Page_cabi Stylist Create RMA/selectReason2'  using regular expression

2019-05-24 19:04:31 - [MESSAGE][PASSED] - All options with value 'CABI_c_a' are selected in object 'Object Repository/findOrders/Page_cabi Find Orders/Page_cabi Stylist Create RMA/selectReason2'  using regular expression

2019-05-24 19:04:31 - [TEST_STEP][PASSED] - click(findTestObject("Object Repository/findOrders/Page_cabi Find Orders/Page_cabi Stylist Create RMA/inputRefund")): Object: 'Object Repository/findOrders/Page_cabi Find Orders/Page_cabi Stylist Create RMA/inputRefund' is clicked on

2019-05-24 19:04:31 - [MESSAGE][PASSED] - Object: 'Object Repository/findOrders/Page_cabi Find Orders/Page_cabi Stylist Create RMA/inputRefund' is clicked on

2019-05-24 19:04:31 - [TEST_STEP][PASSED] - click(findTestObject("Object Repository/findOrders/Page_cabi Find Orders/Page_cabi Stylist Create RMA/a_Next")): Object: 'Object Repository/findOrders/Page_cabi Find Orders/Page_cabi Stylist Create RMA/a_Next' is clicked on

2019-05-24 19:04:32 - [MESSAGE][PASSED] - Object: 'Object Repository/findOrders/Page_cabi Find Orders/Page_cabi Stylist Create RMA/a_Next' is clicked on

2019-05-24 19:04:32 - [TEST_STEP][PASSED] - click(findTestObject("Object Repository/findOrders/Page_cabi Find Orders/Page_cabi Stylist Create RMA/inputPostalService")): Object: 'Object Repository/findOrders/Page_cabi Find Orders/Page_cabi Stylist Create RMA/inputPostalService' is clicked on

2019-05-24 19:04:33 - [MESSAGE][PASSED] - Object: 'Object Repository/findOrders/Page_cabi Find Orders/Page_cabi Stylist Create RMA/inputPostalService' is clicked on

2019-05-24 19:04:33 - [TEST_STEP][PASSED] - click(findTestObject("Object Repository/findOrders/Page_cabi Find Orders/Page_cabi Stylist Create RMA/inputConfirmAdderess")): Object: 'Object Repository/findOrders/Page_cabi Find Orders/Page_cabi Stylist Create RMA/inputConfirmAdderess' is clicked on

2019-05-24 19:04:33 - [MESSAGE][PASSED] - Object: 'Object Repository/findOrders/Page_cabi Find Orders/Page_cabi Stylist Create RMA/inputConfirmAdderess' is clicked on

2019-05-24 19:04:33 - [TEST_STEP][PASSED] - click(findTestObject("Object Repository/findOrders/Page_cabi Find Orders/Page_cabi Stylist Create RMA/a_Next_1")): Object: 'Object Repository/findOrders/Page_cabi Find Orders/Page_cabi Stylist Create RMA/a_Next_1' is clicked on

2019-05-24 19:04:33 - [MESSAGE][PASSED] - Object: 'Object Repository/findOrders/Page_cabi Find Orders/Page_cabi Stylist Create RMA/a_Next_1' is clicked on

2019-05-24 19:04:33 - [TEST_STEP][PASSED] - click(findTestObject("Object Repository/findOrders/Page_cabi Find Orders/Page_cabi Stylist Create RMA/a_Submit RMA")): Object: 'Object Repository/findOrders/Page_cabi Find Orders/Page_cabi Stylist Create RMA/a_Submit RMA' is clicked on

2019-05-24 19:04:34 - [MESSAGE][PASSED] - Object: 'Object Repository/findOrders/Page_cabi Find Orders/Page_cabi Stylist Create RMA/a_Submit RMA' is clicked on

2019-05-24 19:04:34 - [TEST_STEP][PASSED] - click(findTestObject("Object Repository/findOrders/Page_cabi Find Orders/Page_cabi Stylist Create RMA/addonOrder")): Object: 'Object Repository/findOrders/Page_cabi Find Orders/Page_cabi Stylist Create RMA/addonOrder' is clicked on

2019-05-24 19:04:38 - [MESSAGE][PASSED] - Object: 'Object Repository/findOrders/Page_cabi Find Orders/Page_cabi Stylist Create RMA/addonOrder' is clicked on

2019-05-24 19:04:38 - [TEST_STEP][PASSED] - delay(3): Delayed 3 second(s)

2019-05-24 19:04:41 - [MESSAGE][PASSED] - Delayed 3 second(s)

2019-05-24 19:04:41 - [TEST_STEP][PASSED] - click(findTestObject("Object Repository/Page_cabi_addOn_order/a_continue_to_order")): Object: 'Object Repository/Page_cabi_addOn_order/a_continue_to_order' is clicked on

2019-05-24 19:04:41 - [MESSAGE][PASSED] - Object: 'Object Repository/Page_cabi_addOn_order/a_continue_to_order' is clicked on

2019-05-24 19:04:41 - [TEST_STEP][PASSED] - delay(2): Delayed 2 second(s)

2019-05-24 19:04:43 - [MESSAGE][PASSED] - Delayed 2 second(s)

2019-05-24 19:04:43 - [TEST_STEP][PASSED] - callTestCase(findTestCase("productVerifyShort"), ["available":BOAddonPersonal], STOP_ON_FAILURE): Call Test Case 'Test Cases/productVerifyShort' successfully

2019-05-24 19:04:43 - [TEST_CASE][PASSED] - Test Cases/productVerifyShort: Test Cases/productVerifyShort

2019-05-24 19:04:43 - [TEST_STEP][PASSED] - for ([row = 1, row <= findTestData("productData").getRowNumbers(), (row++)]): Delayed 3 second(s)

2019-05-24 19:04:43 - [TEST_STEP][PASSED] - delay(2): Delayed 2 second(s)

2019-05-24 19:04:45 - [MESSAGE][PASSED] - Delayed 2 second(s)

2019-05-24 19:04:45 - [TEST_STEP][PASSED] - setText(findTestObject("Object Repository/Page_cabi Create Order/input_Manual Discount_stylelookup_0"), findTestData("productData").getValue("Style", row)): Text '5618' is set on object 'Object Repository/Page_cabi Create Order/input_Manual Discount_stylelookup_0'

2019-05-24 19:04:45 - [MESSAGE][PASSED] - Text '5618' is set on object 'Object Repository/Page_cabi Create Order/input_Manual Discount_stylelookup_0'

2019-05-24 19:04:45 - [TEST_STEP][PASSED] - delay(2): Delayed 2 second(s)

2019-05-24 19:04:47 - [MESSAGE][PASSED] - Delayed 2 second(s)

2019-05-24 19:04:47 - [TEST_STEP][PASSED] - prod_message = getText(findTestObject("Page_cabi Create Order/first_option")): Text of object 'Object Repository/Page_cabi Create Order/first_option' is: '5618 Breeze Dress (Spring '19)'

2019-05-24 19:04:47 - [MESSAGE][PASSED] - Text of object 'Object Repository/Page_cabi Create Order/first_option' is: '5618 Breeze Dress (Spring '19)'

2019-05-24 19:04:47 - [TEST_STEP][PASSED] - delay(1): Delayed 1 second(s)

2019-05-24 19:04:48 - [MESSAGE][PASSED] - Delayed 1 second(s)

2019-05-24 19:04:48 - [TEST_STEP][PASSED] - click(findTestObject("Page_cabi Create Order/first_option")): Object: 'Object Repository/Page_cabi Create Order/first_option' is clicked on

2019-05-24 19:04:49 - [MESSAGE][PASSED] - Object: 'Object Repository/Page_cabi Create Order/first_option' is clicked on

2019-05-24 19:04:49 - [TEST_STEP][PASSED] - if (toString().equalsIgnoreCase("no")): null

2019-05-24 19:04:49 - [TEST_STEP][PASSED] - else: Delayed 3 second(s)

2019-05-24 19:04:49 - [TEST_STEP][PASSED] - delay(3): Delayed 3 second(s)

2019-05-24 19:04:52 - [MESSAGE][PASSED] - Delayed 3 second(s)

2019-05-24 19:04:52 - [TEST_STEP][PASSED] - s1 = getValue("Style", row).toString(): null

2019-05-24 19:04:52 - [TEST_STEP][PASSED] - s2 = " ": null

2019-05-24 19:04:52 - [TEST_STEP][PASSED] - s3 = getValue("Description", row).toString(): null

2019-05-24 19:04:52 - [TEST_STEP][PASSED] - expectedStyleDescription = $s1$s2$s3: null

2019-05-24 19:04:52 - [TEST_STEP][PASSED] - prod_message = UtilityMethods.splitStyle(prod_message): null

2019-05-24 19:04:52 - [TEST_STEP][PASSED] - println(prod_message): null

2019-05-24 19:04:52 - [TEST_STEP][PASSED] - assert prod_message.equalsIgnoreCase(expectedStyleDescription): null

2019-05-24 19:04:52 - [TEST_STEP][PASSED] - delay(3): Delayed 3 second(s)

2019-05-24 19:04:55 - [MESSAGE][PASSED] - Delayed 3 second(s)

2019-05-24 19:04:55 - [TEST_STEP][PASSED] - colorOptions = findWebElements(findTestObject("Page_cabi Order Items/GetAttribute_Color"), 5): null

2019-05-24 19:04:55 - [TEST_STEP][PASSED] - println(colorOptions.size()): null

2019-05-24 19:04:55 - [TEST_STEP][PASSED] - expectedColour = findTestData("productData").getValue("Color", row): null

2019-05-24 19:04:55 - [TEST_STEP][PASSED] - println("expected colour is"): null

2019-05-24 19:04:55 - [TEST_STEP][PASSED] - println(expectedColour): null

2019-05-24 19:04:55 - [TEST_STEP][PASSED] - colourVerified = false: null

2019-05-24 19:04:55 - [TEST_STEP][PASSED] - for (org.openqa.selenium.WebElement op : colorOptions): null

2019-05-24 19:04:55 - [TEST_STEP][PASSED] - println(op.getText()): null

2019-05-24 19:04:55 - [TEST_STEP][PASSED] - if (expectedColour.equalsIgnoreCase(op.getText())): null

2019-05-24 19:04:55 - [TEST_STEP][PASSED] - colourVerified = true: null

2019-05-24 19:04:55 - [TEST_STEP][PASSED] - break: null

2019-05-24 19:04:55 - [TEST_STEP][PASSED] - assert colourVerified == true: null

2019-05-24 19:04:55 - [TEST_STEP][PASSED] - getPrice = getText(findTestObject("Page_cabi Create Order/retail_price")): Text of object 'Object Repository/Page_cabi Create Order/retail_price' is: '$119.00'

2019-05-24 19:04:55 - [MESSAGE][PASSED] - Text of object 'Object Repository/Page_cabi Create Order/retail_price' is: '$119.00'

2019-05-24 19:04:55 - [TEST_STEP][PASSED] - Split_Data = UtilityMethods.SplitData(getPrice): null

2019-05-24 19:04:55 - [TEST_STEP][PASSED] - verifyMatch(Split_Data, findTestData("productData").getValue("Retail", row), true): Actual text '119' and expected text '119' are matched  using regular expression

2019-05-24 19:04:55 - [MESSAGE][PASSED] - Actual text '119' and expected text '119' are matched  using regular expression

2019-05-24 19:04:55 - [TEST_STEP][PASSED] - sizeRange1 = ["XXS", "XS", "S", "M", "L", "XL"]: null

2019-05-24 19:04:55 - [TEST_STEP][PASSED] - sizeRange2 = ["00", "0", "2", "4", "6", "8", "10", "12", "14", "16"]: null

2019-05-24 19:04:55 - [TEST_STEP][PASSED] - sizeRange3 = ["Long", "Regular", "Short"]: null

2019-05-24 19:04:55 - [TEST_STEP][PASSED] - sizeRange4 = ["5", "6", "6.5", "7", "7.5", "8", "8.5", "9", "9.5", "10", "11"]: null

2019-05-24 19:04:55 - [TEST_STEP][PASSED] - sizeRangeSplit = UtilityMethods.SplitSizes(findTestData("productData").getValue("SzRange", row)): null

2019-05-24 19:04:55 - [TEST_STEP][PASSED] - sizeType = getText(findTestObject("Object Repository/Page_cabi Order Items/Size")): Text of object 'Object Repository/Page_cabi Order Items/Size' is: 'Select'

2019-05-24 19:04:55 - [MESSAGE][PASSED] - Text of object 'Object Repository/Page_cabi Order Items/Size' is: 'Select'

2019-05-24 19:04:55 - [TEST_STEP][PASSED] - sizeOptions = findWebElements(findTestObject("Object Repository/Page_cabi Order Items/Size"), 5): null

2019-05-24 19:04:55 - [TEST_STEP][PASSED] - actualRange = new java.util.ArrayList(): null

2019-05-24 19:04:55 - [TEST_STEP][PASSED] - expectedRange = <not implemented yet for class: org.codehaus.groovy.ast.expr.EmptyExpression>: null

2019-05-24 19:04:55 - [TEST_STEP][PASSED] - if (sizeType.equalsIgnoreCase("Select")): null

2019-05-24 19:04:55 - [TEST_STEP][PASSED] - for ([i = 1, i < sizeOptions.size(), (i++)]): null

2019-05-24 19:04:55 - [TEST_STEP][PASSED] - actualRange.add(get(i).getText()): null

2019-05-24 19:04:55 - [TEST_STEP][PASSED] - actualRange.add(get(i).getText()): null

2019-05-24 19:04:55 - [TEST_STEP][PASSED] - actualRange.add(get(i).getText()): null

2019-05-24 19:04:55 - [TEST_STEP][PASSED] - actualRange.add(get(i).getText()): null

2019-05-24 19:04:55 - [TEST_STEP][PASSED] - actualRange.add(get(i).getText()): null

2019-05-24 19:04:55 - [TEST_STEP][PASSED] - if (toString().equalsIgnoreCase("XS") || toString().equalsIgnoreCase("XXS")): null

2019-05-24 19:04:55 - [TEST_STEP][PASSED] - expectedRange = UtilityMethods.getExpectedRange(sizeRange1, sizeRangeSplit): null

2019-05-24 19:04:55 - [TEST_STEP][PASSED] - println("XS"): null

2019-05-24 19:04:55 - [TEST_STEP][PASSED] - println(expectedRange.toString()): null

2019-05-24 19:04:55 - [TEST_STEP][PASSED] - assert UtilityMethods.listEquals(expectedRange, actualRange) == true: null

2019-05-24 19:04:55 - [TEST_STEP][PASSED] - delay(3): Delayed 3 second(s)

2019-05-24 19:04:58 - [MESSAGE][PASSED] - Delayed 3 second(s)

2019-05-24 19:04:58 - [MESSAGE][PASSED] - Call Test Case 'Test Cases/productVerifyShort' successfully

2019-05-24 19:04:58 - [TEST_STEP][PASSED] - controlParallelism = controlParallelism + 1: null

2019-05-24 19:04:58 - [TEST_STEP][PASSED] - if (controlParallelism == parallelTC): null

2019-05-24 19:04:58 - [TEST_STEP][PASSED] - if (timeRow > i): null

2019-05-24 19:04:58 - [TEST_STEP][PASSED] - while (controlParallelism < parallelTC): null

2019-05-24 19:04:58 - [TEST_STEP][PASSED] - callTestCase(findTestCase("populateTimeGlobalVars"), ["row":timeRow], STOP_ON_FAILURE): Call Test Case 'Test Cases/populateTimeGlobalVars' successfully

2019-05-24 19:04:58 - [TEST_CASE][PASSED] - Test Cases/populateTimeGlobalVars: Test Cases/populateTimeGlobalVars

2019-05-24 19:04:58 - [TEST_STEP][PASSED] - dataFile = "timezoneData": null

2019-05-24 19:04:58 - [TEST_STEP][PASSED] - serverTarget = UtilityMethods.getTestData(dataFile, "serverTarget", row): null

2019-05-24 19:04:58 - [TEST_STEP][PASSED] - orderType = UtilityMethods.getTestData(dataFile, "orderType", row): null

2019-05-24 19:04:58 - [TEST_STEP][PASSED] - timeZone = UtilityMethods.getTestData(dataFile, "timeZone", row): null

2019-05-24 19:04:58 - [TEST_STEP][PASSED] - BOPersonal = UtilityMethods.getTestData(dataFile, "BOPersonal", row): null

2019-05-24 19:04:58 - [TEST_STEP][PASSED] - BOAddonPersonal = UtilityMethods.getTestData(dataFile, "BOAddonPersonal", row): null

2019-05-24 19:04:58 - [TEST_STEP][PASSED] - BOAddonRetail = UtilityMethods.getTestData(dataFile, "BOAddonRetail", row): null

2019-05-24 19:04:58 - [TEST_STEP][PASSED] - BORetail = UtilityMethods.getTestData(dataFile, "BORetail", row): null

2019-05-24 19:04:58 - [TEST_STEP][PASSED] - BOShow = UtilityMethods.getTestData(dataFile, "BOShow", row): null

2019-05-24 19:04:58 - [TEST_STEP][PASSED] - BOOnlineoutlet = UtilityMethods.getTestData(dataFile, "BOOnlineoutlet", row): null

2019-05-24 19:04:58 - [TEST_STEP][PASSED] - BOEmployee = UtilityMethods.getTestData(dataFile, "BOEmployee", row): null

2019-05-24 19:04:58 - [TEST_STEP][PASSED] - CCPersonal = UtilityMethods.getTestData(dataFile, "CCPersonal", row): null

2019-05-24 19:04:58 - [TEST_STEP][PASSED] - CCRetail = UtilityMethods.getTestData(dataFile, "CCRetail", row): null

2019-05-24 19:04:58 - [TEST_STEP][PASSED] - CCShow = UtilityMethods.getTestData(dataFile, "CCShow", row): null

2019-05-24 19:04:58 - [TEST_STEP][PASSED] - BOEblast = UtilityMethods.getTestData(dataFile, "BOEblast", row): null

2019-05-24 19:04:58 - [MESSAGE][PASSED] - Call Test Case 'Test Cases/populateTimeGlobalVars' successfully

2019-05-24 19:04:58 - [TEST_STEP][PASSED] - callTestCase(findTestCase("newArrivalsSetTimezone"), ["ofbizURL":"", "ofbizuser":"", "ofbizpass":"", "orderType":orderType, "timeZone":timeZone, "serverTarget":serverTarget], STOP_ON_FAILURE): Call Test Case 'Test Cases/newArrivalsSetTimezone' successfully

2019-05-24 19:04:58 - [TEST_CASE][PASSED] - Test Cases/newArrivalsSetTimezone: Test Cases/newArrivalsSetTimezone

2019-05-24 19:04:58 - [TEST_STEP][NOT_RUN] - openBrowser(""): NOT_RUN: openBrowser("")

2019-05-24 19:04:58 - [MESSAGE][NOT_RUN] - NOT_RUN: openBrowser("")

2019-05-24 19:04:58 - [TEST_STEP][NOT_RUN] - maximizeWindow(): NOT_RUN: maximizeWindow()

2019-05-24 19:04:58 - [MESSAGE][NOT_RUN] - NOT_RUN: maximizeWindow()

2019-05-24 19:04:58 - [TEST_STEP][PASSED] - ofbizURL = findTestData("credData").getValue("ofbizURL", 1): null

2019-05-24 19:04:58 - [TEST_STEP][PASSED] - ofbizuser = findTestData("credData").getValue("ofbizuser", 1): null

2019-05-24 19:04:58 - [TEST_STEP][PASSED] - ofbizpass = findTestData("credData").getValue("ofbizpass", 1): null

2019-05-24 19:04:58 - [TEST_STEP][PASSED] - navigateToUrl(ofbizURL): Navigate to 'https://pushofbiz.cliotest.com/login.php' successfully

2019-05-24 19:05:00 - [MESSAGE][PASSED] - Navigate to 'https://pushofbiz.cliotest.com/login.php' successfully

2019-05-24 19:05:00 - [TEST_STEP][PASSED] - setText(findTestObject("Page_/input_Username_username"), ofbizuser): Text 'sshinde' is set on object 'Object Repository/Page_/input_Username_username'

2019-05-24 19:05:00 - [MESSAGE][PASSED] - Text 'sshinde' is set on object 'Object Repository/Page_/input_Username_username'

2019-05-24 19:05:00 - [TEST_STEP][PASSED] - setText(findTestObject("Page_/input_Password_password"), ofbizpass): Text 'C@bi$ush5' is set on object 'Object Repository/Page_/input_Password_password'

2019-05-24 19:05:00 - [MESSAGE][PASSED] - Text 'C@bi$ush5' is set on object 'Object Repository/Page_/input_Password_password'

2019-05-24 19:05:00 - [TEST_STEP][PASSED] - click(findTestObject("Page_/input_Password_Submit")): Object: 'Object Repository/Page_/input_Password_Submit' is clicked on

2019-05-24 19:05:03 - [MESSAGE][PASSED] - Object: 'Object Repository/Page_/input_Password_Submit' is clicked on

2019-05-24 19:05:03 - [TEST_STEP][PASSED] - click(findTestObject("Object Repository/Page_/a_Clock set")): Object: 'Object Repository/Page_/a_Clock set' is clicked on

2019-05-24 19:05:03 - [MESSAGE][PASSED] - Object: 'Object Repository/Page_/a_Clock set' is clicked on

2019-05-24 19:05:03 - [TEST_STEP][PASSED] - selectOptionByLabel(findTestObject("Object Repository/Page_/serverTarget"), serverTarget, true): All options with label 'test14' are selected in object 'Object Repository/Page_/serverTarget'  using regular expression

2019-05-24 19:05:05 - [MESSAGE][PASSED] - All options with label 'test14' are selected in object 'Object Repository/Page_/serverTarget'  using regular expression

2019-05-24 19:05:05 - [TEST_STEP][PASSED] - click(findTestObject("Page_/thisDateAndTime")): Object: 'Object Repository/Page_/thisDateAndTime' is clicked on

2019-05-24 19:05:05 - [MESSAGE][PASSED] - Object: 'Object Repository/Page_/thisDateAndTime' is clicked on

2019-05-24 19:05:05 - [TEST_STEP][PASSED] - setText(findTestObject("Object Repository/Page_/setTargetTime"), timeZone): Text ' 05/08/2019 7:00' is set on object 'Object Repository/Page_/setTargetTime'

2019-05-24 19:05:05 - [MESSAGE][PASSED] - Text ' 05/08/2019 7:00' is set on object 'Object Repository/Page_/setTargetTime'

2019-05-24 19:05:05 - [TEST_STEP][PASSED] - click(findTestObject("Object Repository/Page_/input")): Object: 'Object Repository/Page_/input' is clicked on

2019-05-24 19:05:05 - [MESSAGE][PASSED] - Object: 'Object Repository/Page_/input' is clicked on

2019-05-24 19:05:05 - [TEST_STEP][PASSED] - delay(10): Delayed 10 second(s)

2019-05-24 19:05:15 - [MESSAGE][PASSED] - Delayed 10 second(s)

2019-05-24 19:05:15 - [TEST_STEP][NOT_RUN] - closeBrowser(): NOT_RUN: closeBrowser()

2019-05-24 19:05:15 - [MESSAGE][NOT_RUN] - NOT_RUN: closeBrowser()

2019-05-24 19:05:15 - [MESSAGE][PASSED] - Call Test Case 'Test Cases/newArrivalsSetTimezone' successfully

2019-05-24 19:05:15 - [TEST_STEP][PASSED] - callTestCase(findTestCase("backOfficeLogin"), ["BOURL":"", "BOuser":"", "BOpass":""], STOP_ON_FAILURE): Call Test Case 'Test Cases/backOfficeLogin' successfully

2019-05-24 19:05:16 - [TEST_CASE][PASSED] - Test Cases/backOfficeLogin: Test Cases/backOfficeLogin

2019-05-24 19:05:16 - [TEST_STEP][PASSED] - BOURL = findTestData("credData").getValue("BOURL", 1): null

2019-05-24 19:05:16 - [TEST_STEP][PASSED] - BOuser = findTestData("credData").getValue("BOuser", 1): null

2019-05-24 19:05:16 - [TEST_STEP][PASSED] - BOpass = findTestData("credData").getValue("BOpass", 1): null

2019-05-24 19:05:16 - [TEST_STEP][PASSED] - openBrowser(""): Browser is opened with url: ''

2019-05-24 19:05:16 - [MESSAGE][WARNING] - A browser is already opened. Closing browser and opening a new one

2019-05-24 19:05:16 - [MESSAGE][INFO] - Starting 'Chrome' driver

2019-05-24 19:05:19 - [MESSAGE][PASSED] - Browser is opened with url: ''

2019-05-24 19:05:19 - [TEST_STEP][PASSED] - navigateToUrl(BOURL): Navigate to 'https://test14.cliotest.com/backoffice/control/main' successfully

2019-05-24 19:05:26 - [MESSAGE][PASSED] - Navigate to 'https://test14.cliotest.com/backoffice/control/main' successfully

2019-05-24 19:05:26 - [TEST_STEP][PASSED] - logOut = findWebElements(findTestObject("Object Repository/Page_cabi Home/log_out"), 1): Unable to find the element located by 'By.xpath: //a[contains(text(),'Log Out')]'. Please recheck the objects properties to make sure the desired element is located. 

2019-05-24 19:05:27 - [MESSAGE][INFO] - Unable to find the element located by 'By.xpath: //a[contains(text(),'Log Out')]'. Please recheck the objects properties to make sure the desired element is located. 

2019-05-24 19:05:27 - [TEST_STEP][PASSED] - if (logOut.size() == 0): Object: 'Object Repository/Page_cabi/input_Welcome to_consultantLogin' is clicked on

2019-05-24 19:05:27 - [TEST_STEP][PASSED] - setText(findTestObject("Page_cabi/input_Welcome to_USERNAME"), BOuser): Text '400000002' is set on object 'Object Repository/Page_cabi/input_Welcome to_USERNAME'

2019-05-24 19:05:27 - [MESSAGE][PASSED] - Text '400000002' is set on object 'Object Repository/Page_cabi/input_Welcome to_USERNAME'

2019-05-24 19:05:27 - [TEST_STEP][PASSED] - setText(findTestObject("Object Repository/Page_cabi/input_Welcome to_PASSWORD"), BOpass): Text 'blackdress19' is set on object 'Object Repository/Page_cabi/input_Welcome to_PASSWORD'

2019-05-24 19:05:27 - [MESSAGE][PASSED] - Text 'blackdress19' is set on object 'Object Repository/Page_cabi/input_Welcome to_PASSWORD'

2019-05-24 19:05:27 - [TEST_STEP][PASSED] - click(findTestObject("Object Repository/Page_cabi/input_Welcome to_consultantLogin")): Object: 'Object Repository/Page_cabi/input_Welcome to_consultantLogin' is clicked on

2019-05-24 19:05:34 - [MESSAGE][PASSED] - Object: 'Object Repository/Page_cabi/input_Welcome to_consultantLogin' is clicked on

2019-05-24 19:05:34 - [TEST_STEP][PASSED] - delay(3): Delayed 3 second(s)

2019-05-24 19:05:37 - [MESSAGE][PASSED] - Delayed 3 second(s)

2019-05-24 19:05:37 - [MESSAGE][PASSED] - Call Test Case 'Test Cases/backOfficeLogin' successfully

2019-05-24 19:05:37 - [TEST_STEP][PASSED] - click(findTestObject("Page_cabi Home/a_Shows  Orders")): Object: 'Object Repository/Page_cabi Home/a_Shows  Orders' is clicked on

2019-05-24 19:05:37 - [MESSAGE][PASSED] - Object: 'Object Repository/Page_cabi Home/a_Shows  Orders' is clicked on

2019-05-24 19:05:37 - [TEST_STEP][PASSED] - delay(1): Delayed 1 second(s)

2019-05-24 19:05:38 - [MESSAGE][PASSED] - Delayed 1 second(s)

2019-05-24 19:05:38 - [TEST_STEP][PASSED] - click(findTestObject("Page_cabi Home/a_personal_purchases")): Object: 'Object Repository/Page_cabi Home/a_personal_purchases' is clicked on

2019-05-24 19:05:41 - [MESSAGE][PASSED] - Object: 'Object Repository/Page_cabi Home/a_personal_purchases' is clicked on

2019-05-24 19:05:41 - [TEST_STEP][PASSED] - click(findTestObject("Page_cabi Personal Store/span_Continue to Order")): Object: 'Object Repository/Page_cabi Personal Store/span_Continue to Order' is clicked on

2019-05-24 19:05:41 - [MESSAGE][PASSED] - Object: 'Object Repository/Page_cabi Personal Store/span_Continue to Order' is clicked on

2019-05-24 19:05:41 - [TEST_STEP][PASSED] - delay(5): Delayed 5 second(s)

2019-05-24 19:05:46 - [MESSAGE][PASSED] - Delayed 5 second(s)

2019-05-24 19:05:46 - [TEST_STEP][PASSED] - emptyCart = findWebElements(findTestObject("Object Repository/Page_cabi Personal Store/removeFromCart"), 5): Unable to find the element located by 'By.xpath: //*[@id="removeFromCart_0"]/span'. Please recheck the objects properties to make sure the desired element is located. 

2019-05-24 19:05:51 - [MESSAGE][INFO] - Unable to find the element located by 'By.xpath: //*[@id="removeFromCart_0"]/span'. Please recheck the objects properties to make sure the desired element is located. 

2019-05-24 19:05:51 - [TEST_STEP][PASSED] - if (emptyCart.size() > 0): null

2019-05-24 19:05:51 - [TEST_STEP][PASSED] - addOnStyle = findTestData("miscData").getValue("addOnStyle", 1): null

2019-05-24 19:05:51 - [TEST_STEP][PASSED] - click(findTestObject("Object Repository/Page_cabi Create Order/input_Manual Discount_stylelookup_0")): Object: 'Object Repository/Page_cabi Create Order/input_Manual Discount_stylelookup_0' is clicked on

2019-05-24 19:05:51 - [MESSAGE][PASSED] - Object: 'Object Repository/Page_cabi Create Order/input_Manual Discount_stylelookup_0' is clicked on

2019-05-24 19:05:51 - [TEST_STEP][PASSED] - setText(findTestObject("Object Repository/Page_cabi Create Order/input_Manual Discount_stylelookup_0"), addOnStyle): Text '5447' is set on object 'Object Repository/Page_cabi Create Order/input_Manual Discount_stylelookup_0'

2019-05-24 19:05:51 - [MESSAGE][PASSED] - Text '5447' is set on object 'Object Repository/Page_cabi Create Order/input_Manual Discount_stylelookup_0'

2019-05-24 19:05:51 - [TEST_STEP][PASSED] - delay(3): Delayed 3 second(s)

2019-05-24 19:05:54 - [MESSAGE][PASSED] - Delayed 3 second(s)

2019-05-24 19:05:54 - [TEST_STEP][PASSED] - prod_message = getText(findTestObject("Page_cabi Create Order/first_option")): Text of object 'Object Repository/Page_cabi Create Order/first_option' is: '5447 Bishop Cardigan'

2019-05-24 19:05:54 - [MESSAGE][PASSED] - Text of object 'Object Repository/Page_cabi Create Order/first_option' is: '5447 Bishop Cardigan'

2019-05-24 19:05:54 - [TEST_STEP][PASSED] - click(findTestObject("Page_cabi Create Order/first_option")): Object: 'Object Repository/Page_cabi Create Order/first_option' is clicked on

2019-05-24 19:05:54 - [MESSAGE][PASSED] - Object: 'Object Repository/Page_cabi Create Order/first_option' is clicked on

2019-05-24 19:05:54 - [TEST_STEP][PASSED] - delay(5): Delayed 5 second(s)

2019-05-24 19:05:59 - [MESSAGE][PASSED] - Delayed 5 second(s)

2019-05-24 19:05:59 - [TEST_STEP][PASSED] - click(findTestObject("Object Repository/Page_cabi Order Items/selectSize")): Object: 'Object Repository/Page_cabi Order Items/selectSize' is clicked on

2019-05-24 19:06:00 - [MESSAGE][PASSED] - Object: 'Object Repository/Page_cabi Order Items/selectSize' is clicked on

2019-05-24 19:06:00 - [TEST_STEP][PASSED] - click(findTestObject("Object Repository/Page_cabi Order Items/span_Add to Cart")): Object: 'Object Repository/Page_cabi Order Items/span_Add to Cart' is clicked on

2019-05-24 19:06:00 - [MESSAGE][PASSED] - Object: 'Object Repository/Page_cabi Order Items/span_Add to Cart' is clicked on

2019-05-24 19:06:00 - [TEST_STEP][PASSED] - delay(3): Delayed 3 second(s)

2019-05-24 19:06:03 - [MESSAGE][PASSED] - Delayed 3 second(s)

2019-05-24 19:06:03 - [TEST_STEP][PASSED] - click(findTestObject("Object Repository/Page_cabi Order Items/span_Continue to Shipping")): Object: 'Object Repository/Page_cabi Order Items/span_Continue to Shipping' is clicked on

2019-05-24 19:06:04 - [MESSAGE][PASSED] - Object: 'Object Repository/Page_cabi Order Items/span_Continue to Shipping' is clicked on

2019-05-24 19:06:04 - [TEST_STEP][PASSED] - click(findTestObject("Page_cabi Personal Store/nextButtonShipping")): Object: 'Object Repository/Page_cabi Personal Store/nextButtonShipping' is clicked on

2019-05-24 19:06:04 - [MESSAGE][PASSED] - Object: 'Object Repository/Page_cabi Personal Store/nextButtonShipping' is clicked on

2019-05-24 19:06:04 - [TEST_STEP][PASSED] - delay(3): Delayed 3 second(s)

2019-05-24 19:06:07 - [MESSAGE][PASSED] - Delayed 3 second(s)

2019-05-24 19:06:07 - [TEST_STEP][PASSED] - click(findTestObject("Page_cabi Personal Store/makeFirstPayment")): Object: 'Object Repository/Page_cabi Personal Store/makeFirstPayment' is clicked on

2019-05-24 19:06:07 - [MESSAGE][PASSED] - Object: 'Object Repository/Page_cabi Personal Store/makeFirstPayment' is clicked on

2019-05-24 19:06:07 - [TEST_STEP][PASSED] - click(findTestObject("Page_cabi Personal Store/submitPayment")): Object: 'Object Repository/Page_cabi Personal Store/submitPayment' is clicked on

2019-05-24 19:06:07 - [MESSAGE][PASSED] - Object: 'Object Repository/Page_cabi Personal Store/submitPayment' is clicked on

2019-05-24 19:06:07 - [TEST_STEP][PASSED] - click(findTestObject("Page_cabi Personal Store/submitOrderId")): Object: 'Object Repository/Page_cabi Personal Store/submitOrderId' is clicked on

2019-05-24 19:06:10 - [MESSAGE][PASSED] - Object: 'Object Repository/Page_cabi Personal Store/submitOrderId' is clicked on

2019-05-24 19:06:10 - [TEST_STEP][PASSED] - successMsg = "": null

2019-05-24 19:06:10 - [TEST_STEP][PASSED] - orderSuccess = false: null

2019-05-24 19:06:10 - [TEST_STEP][PASSED] - successMsgs = findWebElements(findTestObject("Object Repository/Page_cabi Personal Store/p_success_msg"), 5): null

2019-05-24 19:06:10 - [TEST_STEP][PASSED] - if (successMsgs.size() > 0): Text of object 'Object Repository/Page_cabi Personal Store/p_order_id' is: 'PR707969533'

2019-05-24 19:06:10 - [TEST_STEP][PASSED] - successMsg = getText(findTestObject("Object Repository/Page_cabi Personal Store/p_success_msg")): Text of object 'Object Repository/Page_cabi Personal Store/p_success_msg' is: 'Order Created Successfully!!
Order #:  PR707969533

CONTINUE SHOPPING'

2019-05-24 19:06:10 - [MESSAGE][PASSED] - Text of object 'Object Repository/Page_cabi Personal Store/p_success_msg' is: 'Order Created Successfully!!
Order #:  PR707969533

CONTINUE SHOPPING'

2019-05-24 19:06:10 - [TEST_STEP][PASSED] - orderSuccess = true: null

2019-05-24 19:06:10 - [TEST_STEP][PASSED] - addOnOrderId = getText(findTestObject("Object Repository/Page_cabi Personal Store/p_order_id")): Text of object 'Object Repository/Page_cabi Personal Store/p_order_id' is: 'PR707969533'

2019-05-24 19:06:10 - [MESSAGE][PASSED] - Text of object 'Object Repository/Page_cabi Personal Store/p_order_id' is: 'PR707969533'

2019-05-24 19:06:10 - [TEST_STEP][PASSED] - assert orderSuccess == true: null

2019-05-24 19:06:10 - [TEST_STEP][PASSED] - callTestCase(findTestCase("warehouseShipping"), ["orderId":addOnOrderId], STOP_ON_FAILURE): Call Test Case 'Test Cases/warehouseShipping' successfully

2019-05-24 19:06:10 - [TEST_CASE][PASSED] - Test Cases/warehouseShipping: Test Cases/warehouseShipping

2019-05-24 19:06:10 - [TEST_STEP][PASSED] - callTestCase(findTestCase("cabiWarehouseLogin"), ["CWURL":"", "CWuser":"", "CWpass":""], STOP_ON_FAILURE): Call Test Case 'Test Cases/cabiWarehouseLogin' successfully

2019-05-24 19:06:10 - [TEST_CASE][PASSED] - Test Cases/cabiWarehouseLogin: Test Cases/cabiWarehouseLogin

2019-05-24 19:06:10 - [TEST_STEP][PASSED] - CWURL = findTestData("credData").getValue("CWURL", 1): null

2019-05-24 19:06:10 - [TEST_STEP][PASSED] - CWuser = findTestData("credData").getValue("CWuser", 1): null

2019-05-24 19:06:10 - [TEST_STEP][PASSED] - CWpass = findTestData("credData").getValue("CWpass", 1): null

2019-05-24 19:06:10 - [TEST_STEP][PASSED] - openBrowser(""): Browser is opened with url: ''

2019-05-24 19:06:10 - [MESSAGE][WARNING] - A browser is already opened. Closing browser and opening a new one

2019-05-24 19:06:11 - [MESSAGE][INFO] - Starting 'Chrome' driver

2019-05-24 19:06:14 - [MESSAGE][PASSED] - Browser is opened with url: ''

2019-05-24 19:06:14 - [TEST_STEP][PASSED] - navigateToUrl(CWURL): Navigate to 'https://test14.cliotest.com/warehouse/control/main' successfully

2019-05-24 19:06:19 - [MESSAGE][PASSED] - Navigate to 'https://test14.cliotest.com/warehouse/control/main' successfully

2019-05-24 19:06:19 - [TEST_STEP][PASSED] - logOut = findWebElements(findTestObject("Object Repository/Cabi warehouse/Page_cabi_home/log_out"), 1): Unable to find the element located by 'By.xpath: //li/a[contains(text(), 'Log Out »')]'. Please recheck the objects properties to make sure the desired element is located. 

2019-05-24 19:06:20 - [MESSAGE][INFO] - Unable to find the element located by 'By.xpath: //li/a[contains(text(), 'Log Out »')]'. Please recheck the objects properties to make sure the desired element is located. 

2019-05-24 19:06:20 - [TEST_STEP][PASSED] - if (logOut.size() == 0): Object: 'Object Repository/Cabi warehouse/Page_cabi/input_Password_section-btn btn-stl-pk rFloat' is clicked on

2019-05-24 19:06:20 - [TEST_STEP][PASSED] - setText(findTestObject("Object Repository/Cabi warehouse/Page_cabi/input_Username_USERNAME"), CWuser): Text 'rsuarez' is set on object 'Object Repository/Cabi warehouse/Page_cabi/input_Username_USERNAME'

2019-05-24 19:06:21 - [MESSAGE][PASSED] - Text 'rsuarez' is set on object 'Object Repository/Cabi warehouse/Page_cabi/input_Username_USERNAME'

2019-05-24 19:06:21 - [TEST_STEP][PASSED] - setText(findTestObject("Object Repository/Cabi warehouse/Page_cabi/input_Password_PASSWORD"), CWpass): Text 'blackdress19' is set on object 'Object Repository/Cabi warehouse/Page_cabi/input_Password_PASSWORD'

2019-05-24 19:06:21 - [MESSAGE][PASSED] - Text 'blackdress19' is set on object 'Object Repository/Cabi warehouse/Page_cabi/input_Password_PASSWORD'

2019-05-24 19:06:21 - [TEST_STEP][PASSED] - click(findTestObject("Object Repository/Cabi warehouse/Page_cabi/input_Password_section-btn btn-stl-pk rFloat")): Object: 'Object Repository/Cabi warehouse/Page_cabi/input_Password_section-btn btn-stl-pk rFloat' is clicked on

2019-05-24 19:06:22 - [MESSAGE][PASSED] - Object: 'Object Repository/Cabi warehouse/Page_cabi/input_Password_section-btn btn-stl-pk rFloat' is clicked on

2019-05-24 19:06:22 - [TEST_STEP][PASSED] - delay(3): Delayed 3 second(s)

2019-05-24 19:06:25 - [MESSAGE][PASSED] - Delayed 3 second(s)

2019-05-24 19:06:25 - [MESSAGE][PASSED] - Call Test Case 'Test Cases/cabiWarehouseLogin' successfully

2019-05-24 19:06:25 - [TEST_STEP][PASSED] - click(findTestObject("Page_cabi Manage PickLists/a_Create PickLists")): Object: 'Object Repository/Page_cabi Manage PickLists/a_Create PickLists' is clicked on

2019-05-24 19:06:26 - [MESSAGE][PASSED] - Object: 'Object Repository/Page_cabi Manage PickLists/a_Create PickLists' is clicked on

2019-05-24 19:06:26 - [TEST_STEP][PASSED] - click(findTestObject("Object Repository/findOrders/Page_cabi Find Orders/Page_cabi SampleLine Shipment Screen/a_Single Order")): Object: 'Object Repository/findOrders/Page_cabi Find Orders/Page_cabi SampleLine Shipment Screen/a_Single Order' is clicked on

2019-05-24 19:06:27 - [MESSAGE][PASSED] - Object: 'Object Repository/findOrders/Page_cabi Find Orders/Page_cabi SampleLine Shipment Screen/a_Single Order' is clicked on

2019-05-24 19:06:27 - [TEST_STEP][PASSED] - setText(findTestObject("Page_cabi Create Single Order PickList/input_Order Id_orderId"), orderId): Text 'PR707969533' is set on object 'Object Repository/Page_cabi Create Single Order PickList/input_Order Id_orderId'

2019-05-24 19:06:27 - [MESSAGE][PASSED] - Text 'PR707969533' is set on object 'Object Repository/Page_cabi Create Single Order PickList/input_Order Id_orderId'

2019-05-24 19:06:27 - [TEST_STEP][PASSED] - click(findTestObject("Page_cabi Create Single Order PickList/input_Create even if fully backordered_submitButton")): Object: 'Object Repository/Page_cabi Create Single Order PickList/input_Create even if fully backordered_submitButton' is clicked on

2019-05-24 19:06:28 - [MESSAGE][PASSED] - Object: 'Object Repository/Page_cabi Create Single Order PickList/input_Create even if fully backordered_submitButton' is clicked on

2019-05-24 19:06:28 - [TEST_STEP][PASSED] - pickListCreated = findWebElements(findTestObject("Cabi warehouse/picklistCreatedMessage"), 5): null

2019-05-24 19:06:28 - [TEST_STEP][PASSED] - if (pickListCreated.size() == 0): null

2019-05-24 19:06:28 - [TEST_STEP][PASSED] - pickListCreated = findWebElements(findTestObject("Cabi warehouse/picklistCreatedMessage"), 5): null

2019-05-24 19:06:28 - [TEST_STEP][PASSED] - if (pickListCreated.size() == 0): null

2019-05-24 19:06:28 - [TEST_STEP][PASSED] - picklistCreatedMessage = UtilityMethods.concat("Picklist for order: [", orderId, "] has been created successfully."): null

2019-05-24 19:06:28 - [TEST_STEP][PASSED] - verifyElementText(findTestObject("Cabi warehouse/picklistCreatedMessage"), picklistCreatedMessage): Actual text and expected text of test object 'Object Repository/Cabi warehouse/picklistCreatedMessage' are matched.

2019-05-24 19:06:28 - [MESSAGE][PASSED] - Actual text and expected text of test object 'Object Repository/Cabi warehouse/picklistCreatedMessage' are matched.

2019-05-24 19:06:28 - [TEST_STEP][PASSED] - click(findTestObject("Page_cabi Create Single Order PickList/a_Manage PickLists")): Object: 'Object Repository/Page_cabi Create Single Order PickList/a_Manage PickLists' is clicked on

2019-05-24 19:06:29 - [MESSAGE][PASSED] - Object: 'Object Repository/Page_cabi Create Single Order PickList/a_Manage PickLists' is clicked on

2019-05-24 19:06:29 - [TEST_STEP][PASSED] - setText(findTestObject("Page_cabi Manage PickLists/input_Order _orderId"), orderId): Text 'PR707969533' is set on object 'Object Repository/Page_cabi Manage PickLists/input_Order _orderId'

2019-05-24 19:06:29 - [MESSAGE][PASSED] - Text 'PR707969533' is set on object 'Object Repository/Page_cabi Manage PickLists/input_Order _orderId'

2019-05-24 19:06:29 - [TEST_STEP][PASSED] - click(findTestObject("Page_cabi Manage PickLists/input")): Object: 'Object Repository/Page_cabi Manage PickLists/input' is clicked on

2019-05-24 19:06:30 - [MESSAGE][PASSED] - Object: 'Object Repository/Page_cabi Manage PickLists/input' is clicked on

2019-05-24 19:06:30 - [TEST_STEP][PASSED] - delay(3): Delayed 3 second(s)

2019-05-24 19:06:33 - [MESSAGE][PASSED] - Delayed 3 second(s)

2019-05-24 19:06:33 - [TEST_STEP][PASSED] - click(findTestObject("Page_cabi Manage PickLists/td_104238610")): Object: 'Object Repository/Page_cabi Manage PickLists/td_104238610' is clicked on

2019-05-24 19:06:33 - [MESSAGE][PASSED] - Object: 'Object Repository/Page_cabi Manage PickLists/td_104238610' is clicked on

2019-05-24 19:06:33 - [TEST_STEP][PASSED] - picklistId = getText(findTestObject("Page_cabi Manage PickLists/td_104238610")): Text of object 'Object Repository/Page_cabi Manage PickLists/td_104238610' is: '104259833'

2019-05-24 19:06:34 - [MESSAGE][PASSED] - Text of object 'Object Repository/Page_cabi Manage PickLists/td_104238610' is: '104259833'

2019-05-24 19:06:34 - [TEST_STEP][PASSED] - click(findTestObject("Page_cabi Manage PickLists/a_Packing")): Object: 'Object Repository/Page_cabi Manage PickLists/a_Packing' is clicked on

2019-05-24 19:06:34 - [MESSAGE][PASSED] - Object: 'Object Repository/Page_cabi Manage PickLists/a_Packing' is clicked on

2019-05-24 19:06:34 - [TEST_STEP][PASSED] - setText(findTestObject("Page_cabi Pack Init/input_Pack Station_packStationId"), "30"): Text '30' is set on object 'Object Repository/Page_cabi Pack Init/input_Pack Station_packStationId'

2019-05-24 19:06:34 - [MESSAGE][PASSED] - Text '30' is set on object 'Object Repository/Page_cabi Pack Init/input_Pack Station_packStationId'

2019-05-24 19:06:34 - [TEST_STEP][PASSED] - click(findTestObject("Page_cabi Pack Init/input_Pack Station_submitButton")): Object: 'Object Repository/Page_cabi Pack Init/input_Pack Station_submitButton' is clicked on

2019-05-24 19:06:35 - [MESSAGE][PASSED] - Object: 'Object Repository/Page_cabi Pack Init/input_Pack Station_submitButton' is clicked on

2019-05-24 19:06:35 - [TEST_STEP][PASSED] - setText(findTestObject("Page_cabi Pack Init/input_Picklist ID_pickId"), picklistId): Text '104259833' is set on object 'Object Repository/Page_cabi Pack Init/input_Picklist ID_pickId'

2019-05-24 19:06:35 - [MESSAGE][PASSED] - Text '104259833' is set on object 'Object Repository/Page_cabi Pack Init/input_Picklist ID_pickId'

2019-05-24 19:06:35 - [TEST_STEP][PASSED] - click(findTestObject("Page_cabi Pack Init/input_Picklist ID_submitButton")): Object: 'Object Repository/Page_cabi Pack Init/input_Picklist ID_submitButton' is clicked on

2019-05-24 19:06:37 - [MESSAGE][PASSED] - Object: 'Object Repository/Page_cabi Pack Init/input_Picklist ID_submitButton' is clicked on

2019-05-24 19:06:37 - [TEST_STEP][PASSED] - click(findTestObject("Page_cabi General Pack/input_Cream Of Wheat_button addItemForVerification")): Object: 'Object Repository/Page_cabi General Pack/input_Cream Of Wheat_button addItemForVerification' is clicked on

2019-05-24 19:06:37 - [MESSAGE][PASSED] - Object: 'Object Repository/Page_cabi General Pack/input_Cream Of Wheat_button addItemForVerification' is clicked on

2019-05-24 19:06:37 - [TEST_STEP][PASSED] - click(findTestObject("Page_cabi General Pack/input_Pack Station  30_shipConfirmBtn")): Object: 'Object Repository/Page_cabi General Pack/input_Pack Station  30_shipConfirmBtn' is clicked on

2019-05-24 19:06:41 - [MESSAGE][PASSED] - Object: 'Object Repository/Page_cabi General Pack/input_Pack Station  30_shipConfirmBtn' is clicked on

2019-05-24 19:06:41 - [TEST_STEP][PASSED] - click(findTestObject("Cabi warehouse/warehouseLogout")): Object: 'Object Repository/Cabi warehouse/warehouseLogout' is clicked on

2019-05-24 19:06:42 - [MESSAGE][PASSED] - Object: 'Object Repository/Cabi warehouse/warehouseLogout' is clicked on

2019-05-24 19:06:42 - [MESSAGE][PASSED] - Call Test Case 'Test Cases/warehouseShipping' successfully

2019-05-24 19:06:42 - [TEST_STEP][PASSED] - callTestCase(findTestCase("backOfficeLogin"), ["BOURL":"", "BOuser":"", "BOpass":""], STOP_ON_FAILURE): Call Test Case 'Test Cases/backOfficeLogin' successfully

2019-05-24 19:06:42 - [TEST_CASE][PASSED] - Test Cases/backOfficeLogin: Test Cases/backOfficeLogin

2019-05-24 19:06:42 - [TEST_STEP][PASSED] - BOURL = findTestData("credData").getValue("BOURL", 1): null

2019-05-24 19:06:42 - [TEST_STEP][PASSED] - BOuser = findTestData("credData").getValue("BOuser", 1): null

2019-05-24 19:06:42 - [TEST_STEP][PASSED] - BOpass = findTestData("credData").getValue("BOpass", 1): null

2019-05-24 19:06:42 - [TEST_STEP][PASSED] - openBrowser(""): Browser is opened with url: ''

2019-05-24 19:06:42 - [MESSAGE][WARNING] - A browser is already opened. Closing browser and opening a new one

2019-05-24 19:06:43 - [MESSAGE][INFO] - Starting 'Chrome' driver

2019-05-24 19:06:45 - [MESSAGE][PASSED] - Browser is opened with url: ''

2019-05-24 19:06:45 - [TEST_STEP][PASSED] - navigateToUrl(BOURL): Navigate to 'https://test14.cliotest.com/backoffice/control/main' successfully

2019-05-24 19:06:55 - [MESSAGE][PASSED] - Navigate to 'https://test14.cliotest.com/backoffice/control/main' successfully

2019-05-24 19:06:55 - [TEST_STEP][PASSED] - logOut = findWebElements(findTestObject("Object Repository/Page_cabi Home/log_out"), 1): Unable to find the element located by 'By.xpath: //a[contains(text(),'Log Out')]'. Please recheck the objects properties to make sure the desired element is located. 

2019-05-24 19:06:56 - [MESSAGE][INFO] - Unable to find the element located by 'By.xpath: //a[contains(text(),'Log Out')]'. Please recheck the objects properties to make sure the desired element is located. 

2019-05-24 19:06:56 - [TEST_STEP][PASSED] - if (logOut.size() == 0): Object: 'Object Repository/Page_cabi/input_Welcome to_consultantLogin' is clicked on

2019-05-24 19:06:56 - [TEST_STEP][PASSED] - setText(findTestObject("Page_cabi/input_Welcome to_USERNAME"), BOuser): Text '400000002' is set on object 'Object Repository/Page_cabi/input_Welcome to_USERNAME'

2019-05-24 19:06:56 - [MESSAGE][PASSED] - Text '400000002' is set on object 'Object Repository/Page_cabi/input_Welcome to_USERNAME'

2019-05-24 19:06:56 - [TEST_STEP][PASSED] - setText(findTestObject("Object Repository/Page_cabi/input_Welcome to_PASSWORD"), BOpass): Text 'blackdress19' is set on object 'Object Repository/Page_cabi/input_Welcome to_PASSWORD'

2019-05-24 19:06:56 - [MESSAGE][PASSED] - Text 'blackdress19' is set on object 'Object Repository/Page_cabi/input_Welcome to_PASSWORD'

2019-05-24 19:06:56 - [TEST_STEP][PASSED] - click(findTestObject("Object Repository/Page_cabi/input_Welcome to_consultantLogin")): Object: 'Object Repository/Page_cabi/input_Welcome to_consultantLogin' is clicked on

2019-05-24 19:07:04 - [MESSAGE][PASSED] - Object: 'Object Repository/Page_cabi/input_Welcome to_consultantLogin' is clicked on

2019-05-24 19:07:04 - [TEST_STEP][PASSED] - delay(3): Delayed 3 second(s)

2019-05-24 19:07:07 - [MESSAGE][PASSED] - Delayed 3 second(s)

2019-05-24 19:07:07 - [MESSAGE][PASSED] - Call Test Case 'Test Cases/backOfficeLogin' successfully

2019-05-24 19:07:07 - [TEST_STEP][PASSED] - click(findTestObject("Object Repository/findOrders/Page_cabi Find Orders/Page_cabi Home/a_Shows  Orders")): Object: 'Object Repository/findOrders/Page_cabi Find Orders/Page_cabi Home/a_Shows  Orders' is clicked on

2019-05-24 19:07:07 - [MESSAGE][PASSED] - Object: 'Object Repository/findOrders/Page_cabi Find Orders/Page_cabi Home/a_Shows  Orders' is clicked on

2019-05-24 19:07:07 - [TEST_STEP][PASSED] - click(findTestObject("Object Repository/findOrders/Page_cabi Find Orders/Page_cabi Home/a_Orders")): Object: 'Object Repository/findOrders/Page_cabi Find Orders/Page_cabi Home/a_Orders' is clicked on

2019-05-24 19:07:09 - [MESSAGE][PASSED] - Object: 'Object Repository/findOrders/Page_cabi Find Orders/Page_cabi Home/a_Orders' is clicked on

2019-05-24 19:07:09 - [TEST_STEP][PASSED] - click(findTestObject("Object Repository/findOrders/Page_cabi Find Orders/Page_cabi Find Orders/b")): Object: 'Object Repository/findOrders/Page_cabi Find Orders/Page_cabi Find Orders/b' is clicked on

2019-05-24 19:07:09 - [MESSAGE][PASSED] - Object: 'Object Repository/findOrders/Page_cabi Find Orders/Page_cabi Find Orders/b' is clicked on

2019-05-24 19:07:09 - [TEST_STEP][PASSED] - delay(3): Delayed 3 second(s)

2019-05-24 19:07:12 - [MESSAGE][PASSED] - Delayed 3 second(s)

2019-05-24 19:07:12 - [TEST_STEP][PASSED] - click(findTestObject("findOrders/Page_cabi Find Orders/orderNo")): Object: 'Object Repository/findOrders/Page_cabi Find Orders/orderNo' is clicked on

2019-05-24 19:07:13 - [MESSAGE][PASSED] - Object: 'Object Repository/findOrders/Page_cabi Find Orders/orderNo' is clicked on

2019-05-24 19:07:13 - [TEST_STEP][PASSED] - delay(3): Delayed 3 second(s)

2019-05-24 19:07:16 - [MESSAGE][PASSED] - Delayed 3 second(s)

2019-05-24 19:07:16 - [TEST_STEP][PASSED] - click(findTestObject("Object Repository/findOrders/Page_cabi Find Orders/Page_cabi Find Orders/pendingShipment")): Object: 'Object Repository/findOrders/Page_cabi Find Orders/Page_cabi Find Orders/pendingShipment' is clicked on

2019-05-24 19:07:16 - [MESSAGE][PASSED] - Object: 'Object Repository/findOrders/Page_cabi Find Orders/Page_cabi Find Orders/pendingShipment' is clicked on

2019-05-24 19:07:16 - [TEST_STEP][PASSED] - click(findTestObject("Object Repository/findOrders/Page_cabi Find Orders/Page_cabi Find Orders/inputShipped")): Object: 'Object Repository/findOrders/Page_cabi Find Orders/Page_cabi Find Orders/inputShipped' is clicked on

2019-05-24 19:07:16 - [MESSAGE][PASSED] - Object: 'Object Repository/findOrders/Page_cabi Find Orders/Page_cabi Find Orders/inputShipped' is clicked on

2019-05-24 19:07:16 - [TEST_STEP][PASSED] - setText(findTestObject("Object Repository/findOrders/Page_cabi Find Orders/Page_cabi Find Orders/inputOrderId"), addOnOrderId): Text 'PR707969533' is set on object 'Object Repository/findOrders/Page_cabi Find Orders/Page_cabi Find Orders/inputOrderId'

2019-05-24 19:07:16 - [MESSAGE][PASSED] - Text 'PR707969533' is set on object 'Object Repository/findOrders/Page_cabi Find Orders/Page_cabi Find Orders/inputOrderId'

2019-05-24 19:07:16 - [TEST_STEP][PASSED] - click(findTestObject("Object Repository/findOrders/Page_cabi Find Orders/Page_cabi Find Orders/findOrders")): Object: 'Object Repository/findOrders/Page_cabi Find Orders/Page_cabi Find Orders/findOrders' is clicked on

2019-05-24 19:07:17 - [MESSAGE][PASSED] - Object: 'Object Repository/findOrders/Page_cabi Find Orders/Page_cabi Find Orders/findOrders' is clicked on

2019-05-24 19:07:17 - [TEST_STEP][PASSED] - click(findTestObject("findOrders/Page_cabi Find Orders/orderView")): Object: 'Object Repository/findOrders/Page_cabi Find Orders/orderView' is clicked on

2019-05-24 19:07:20 - [MESSAGE][PASSED] - Object: 'Object Repository/findOrders/Page_cabi Find Orders/orderView' is clicked on

2019-05-24 19:07:20 - [TEST_STEP][PASSED] - delay(3): Delayed 3 second(s)

2019-05-24 19:07:23 - [MESSAGE][PASSED] - Delayed 3 second(s)

2019-05-24 19:07:23 - [TEST_STEP][PASSED] - refresh(): Refresh successfully

2019-05-24 19:07:23 - [MESSAGE][PASSED] - Refresh successfully

2019-05-24 19:07:23 - [TEST_STEP][PASSED] - delay(3): Delayed 3 second(s)

2019-05-24 19:07:26 - [MESSAGE][PASSED] - Delayed 3 second(s)

2019-05-24 19:07:26 - [TEST_STEP][PASSED] - refresh(): Refresh successfully

2019-05-24 19:07:26 - [MESSAGE][PASSED] - Refresh successfully

2019-05-24 19:07:26 - [TEST_STEP][PASSED] - delay(10): Delayed 10 second(s)

2019-05-24 19:07:36 - [MESSAGE][PASSED] - Delayed 10 second(s)

2019-05-24 19:07:36 - [TEST_STEP][PASSED] - refresh(): Refresh successfully

2019-05-24 19:07:36 - [MESSAGE][PASSED] - Refresh successfully

2019-05-24 19:07:36 - [TEST_STEP][PASSED] - delay(3): Delayed 3 second(s)

2019-05-24 19:07:39 - [MESSAGE][PASSED] - Delayed 3 second(s)

2019-05-24 19:07:39 - [TEST_STEP][PASSED] - click(findTestObject("Object Repository/findOrders/Page_cabi Find Orders/Page_cabi Order View/a_(Return Order)")): Object: 'Object Repository/findOrders/Page_cabi Find Orders/Page_cabi Order View/a_(Return Order)' is clicked on

2019-05-24 19:07:42 - [MESSAGE][PASSED] - Object: 'Object Repository/findOrders/Page_cabi Find Orders/Page_cabi Order View/a_(Return Order)' is clicked on

2019-05-24 19:07:42 - [TEST_STEP][PASSED] - delay(3): Delayed 3 second(s)

2019-05-24 19:07:45 - [MESSAGE][PASSED] - Delayed 3 second(s)

2019-05-24 19:07:45 - [TEST_STEP][PASSED] - selectOptionByValue(findTestObject("Object Repository/findOrders/Page_cabi Find Orders/Page_cabi Stylist Create RMA/selectReason1"), "CABI_c", true): All options with value 'CABI_c' are selected in object 'Object Repository/findOrders/Page_cabi Find Orders/Page_cabi Stylist Create RMA/selectReason1'  using regular expression

2019-05-24 19:07:46 - [MESSAGE][PASSED] - All options with value 'CABI_c' are selected in object 'Object Repository/findOrders/Page_cabi Find Orders/Page_cabi Stylist Create RMA/selectReason1'  using regular expression

2019-05-24 19:07:46 - [TEST_STEP][PASSED] - selectOptionByValue(findTestObject("Object Repository/findOrders/Page_cabi Find Orders/Page_cabi Stylist Create RMA/selectReason2"), "CABI_c_a", true): All options with value 'CABI_c_a' are selected in object 'Object Repository/findOrders/Page_cabi Find Orders/Page_cabi Stylist Create RMA/selectReason2'  using regular expression

2019-05-24 19:07:46 - [MESSAGE][PASSED] - All options with value 'CABI_c_a' are selected in object 'Object Repository/findOrders/Page_cabi Find Orders/Page_cabi Stylist Create RMA/selectReason2'  using regular expression

2019-05-24 19:07:46 - [TEST_STEP][PASSED] - click(findTestObject("Object Repository/findOrders/Page_cabi Find Orders/Page_cabi Stylist Create RMA/inputRefund")): Object: 'Object Repository/findOrders/Page_cabi Find Orders/Page_cabi Stylist Create RMA/inputRefund' is clicked on

2019-05-24 19:07:46 - [MESSAGE][PASSED] - Object: 'Object Repository/findOrders/Page_cabi Find Orders/Page_cabi Stylist Create RMA/inputRefund' is clicked on

2019-05-24 19:07:46 - [TEST_STEP][PASSED] - click(findTestObject("Object Repository/findOrders/Page_cabi Find Orders/Page_cabi Stylist Create RMA/a_Next")): Object: 'Object Repository/findOrders/Page_cabi Find Orders/Page_cabi Stylist Create RMA/a_Next' is clicked on

2019-05-24 19:07:46 - [MESSAGE][PASSED] - Object: 'Object Repository/findOrders/Page_cabi Find Orders/Page_cabi Stylist Create RMA/a_Next' is clicked on

2019-05-24 19:07:46 - [TEST_STEP][PASSED] - click(findTestObject("Object Repository/findOrders/Page_cabi Find Orders/Page_cabi Stylist Create RMA/inputPostalService")): Object: 'Object Repository/findOrders/Page_cabi Find Orders/Page_cabi Stylist Create RMA/inputPostalService' is clicked on

2019-05-24 19:07:48 - [MESSAGE][PASSED] - Object: 'Object Repository/findOrders/Page_cabi Find Orders/Page_cabi Stylist Create RMA/inputPostalService' is clicked on

2019-05-24 19:07:48 - [TEST_STEP][PASSED] - click(findTestObject("Object Repository/findOrders/Page_cabi Find Orders/Page_cabi Stylist Create RMA/inputConfirmAdderess")): Object: 'Object Repository/findOrders/Page_cabi Find Orders/Page_cabi Stylist Create RMA/inputConfirmAdderess' is clicked on

2019-05-24 19:07:48 - [MESSAGE][PASSED] - Object: 'Object Repository/findOrders/Page_cabi Find Orders/Page_cabi Stylist Create RMA/inputConfirmAdderess' is clicked on

2019-05-24 19:07:48 - [TEST_STEP][PASSED] - click(findTestObject("Object Repository/findOrders/Page_cabi Find Orders/Page_cabi Stylist Create RMA/a_Next_1")): Object: 'Object Repository/findOrders/Page_cabi Find Orders/Page_cabi Stylist Create RMA/a_Next_1' is clicked on

2019-05-24 19:07:48 - [MESSAGE][PASSED] - Object: 'Object Repository/findOrders/Page_cabi Find Orders/Page_cabi Stylist Create RMA/a_Next_1' is clicked on

2019-05-24 19:07:48 - [TEST_STEP][PASSED] - click(findTestObject("Object Repository/findOrders/Page_cabi Find Orders/Page_cabi Stylist Create RMA/a_Submit RMA")): Object: 'Object Repository/findOrders/Page_cabi Find Orders/Page_cabi Stylist Create RMA/a_Submit RMA' is clicked on

2019-05-24 19:07:50 - [MESSAGE][PASSED] - Object: 'Object Repository/findOrders/Page_cabi Find Orders/Page_cabi Stylist Create RMA/a_Submit RMA' is clicked on

2019-05-24 19:07:50 - [TEST_STEP][PASSED] - click(findTestObject("Object Repository/findOrders/Page_cabi Find Orders/Page_cabi Stylist Create RMA/addonOrder")): Object: 'Object Repository/findOrders/Page_cabi Find Orders/Page_cabi Stylist Create RMA/addonOrder' is clicked on

2019-05-24 19:07:54 - [MESSAGE][PASSED] - Object: 'Object Repository/findOrders/Page_cabi Find Orders/Page_cabi Stylist Create RMA/addonOrder' is clicked on

2019-05-24 19:07:54 - [TEST_STEP][PASSED] - delay(3): Delayed 3 second(s)

2019-05-24 19:07:57 - [MESSAGE][PASSED] - Delayed 3 second(s)

2019-05-24 19:07:57 - [TEST_STEP][PASSED] - click(findTestObject("Object Repository/Page_cabi_addOn_order/a_continue_to_order")): Object: 'Object Repository/Page_cabi_addOn_order/a_continue_to_order' is clicked on

2019-05-24 19:07:57 - [MESSAGE][PASSED] - Object: 'Object Repository/Page_cabi_addOn_order/a_continue_to_order' is clicked on

2019-05-24 19:07:57 - [TEST_STEP][PASSED] - delay(2): Delayed 2 second(s)

2019-05-24 19:07:59 - [MESSAGE][PASSED] - Delayed 2 second(s)

2019-05-24 19:07:59 - [TEST_STEP][PASSED] - callTestCase(findTestCase("productVerifyShort"), ["available":BOAddonPersonal], STOP_ON_FAILURE): Call Test Case 'Test Cases/productVerifyShort' successfully

2019-05-24 19:07:59 - [TEST_CASE][PASSED] - Test Cases/productVerifyShort: Test Cases/productVerifyShort

2019-05-24 19:07:59 - [TEST_STEP][PASSED] - for ([row = 1, row <= findTestData("productData").getRowNumbers(), (row++)]): Delayed 3 second(s)

2019-05-24 19:07:59 - [TEST_STEP][PASSED] - delay(2): Delayed 2 second(s)

2019-05-24 19:08:01 - [MESSAGE][PASSED] - Delayed 2 second(s)

2019-05-24 19:08:01 - [TEST_STEP][PASSED] - setText(findTestObject("Object Repository/Page_cabi Create Order/input_Manual Discount_stylelookup_0"), findTestData("productData").getValue("Style", row)): Text '5618' is set on object 'Object Repository/Page_cabi Create Order/input_Manual Discount_stylelookup_0'

2019-05-24 19:08:02 - [MESSAGE][PASSED] - Text '5618' is set on object 'Object Repository/Page_cabi Create Order/input_Manual Discount_stylelookup_0'

2019-05-24 19:08:02 - [TEST_STEP][PASSED] - delay(2): Delayed 2 second(s)

2019-05-24 19:08:04 - [MESSAGE][PASSED] - Delayed 2 second(s)

2019-05-24 19:08:04 - [TEST_STEP][PASSED] - prod_message = getText(findTestObject("Page_cabi Create Order/first_option")): Text of object 'Object Repository/Page_cabi Create Order/first_option' is: '5618 Breeze Dress (Spring '19)'

2019-05-24 19:08:04 - [MESSAGE][PASSED] - Text of object 'Object Repository/Page_cabi Create Order/first_option' is: '5618 Breeze Dress (Spring '19)'

2019-05-24 19:08:04 - [TEST_STEP][PASSED] - delay(1): Delayed 1 second(s)

2019-05-24 19:08:05 - [MESSAGE][PASSED] - Delayed 1 second(s)

2019-05-24 19:08:05 - [TEST_STEP][PASSED] - click(findTestObject("Page_cabi Create Order/first_option")): Object: 'Object Repository/Page_cabi Create Order/first_option' is clicked on

2019-05-24 19:08:05 - [MESSAGE][PASSED] - Object: 'Object Repository/Page_cabi Create Order/first_option' is clicked on

2019-05-24 19:08:05 - [TEST_STEP][PASSED] - if (toString().equalsIgnoreCase("no")): null

2019-05-24 19:08:05 - [TEST_STEP][PASSED] - else: Delayed 3 second(s)

2019-05-24 19:08:05 - [TEST_STEP][PASSED] - delay(3): Delayed 3 second(s)

2019-05-24 19:08:08 - [MESSAGE][PASSED] - Delayed 3 second(s)

2019-05-24 19:08:08 - [TEST_STEP][PASSED] - s1 = getValue("Style", row).toString(): null

2019-05-24 19:08:08 - [TEST_STEP][PASSED] - s2 = " ": null

2019-05-24 19:08:08 - [TEST_STEP][PASSED] - s3 = getValue("Description", row).toString(): null

2019-05-24 19:08:08 - [TEST_STEP][PASSED] - expectedStyleDescription = $s1$s2$s3: null

2019-05-24 19:08:08 - [TEST_STEP][PASSED] - prod_message = UtilityMethods.splitStyle(prod_message): null

2019-05-24 19:08:08 - [TEST_STEP][PASSED] - println(prod_message): null

2019-05-24 19:08:08 - [TEST_STEP][PASSED] - assert prod_message.equalsIgnoreCase(expectedStyleDescription): null

2019-05-24 19:08:08 - [TEST_STEP][PASSED] - delay(3): Delayed 3 second(s)

2019-05-24 19:08:11 - [MESSAGE][PASSED] - Delayed 3 second(s)

2019-05-24 19:08:11 - [TEST_STEP][PASSED] - colorOptions = findWebElements(findTestObject("Page_cabi Order Items/GetAttribute_Color"), 5): null

2019-05-24 19:08:11 - [TEST_STEP][PASSED] - println(colorOptions.size()): null

2019-05-24 19:08:11 - [TEST_STEP][PASSED] - expectedColour = findTestData("productData").getValue("Color", row): null

2019-05-24 19:08:11 - [TEST_STEP][PASSED] - println("expected colour is"): null

2019-05-24 19:08:11 - [TEST_STEP][PASSED] - println(expectedColour): null

2019-05-24 19:08:11 - [TEST_STEP][PASSED] - colourVerified = false: null

2019-05-24 19:08:11 - [TEST_STEP][PASSED] - for (org.openqa.selenium.WebElement op : colorOptions): null

2019-05-24 19:08:11 - [TEST_STEP][PASSED] - println(op.getText()): null

2019-05-24 19:08:11 - [TEST_STEP][PASSED] - if (expectedColour.equalsIgnoreCase(op.getText())): null

2019-05-24 19:08:11 - [TEST_STEP][PASSED] - colourVerified = true: null

2019-05-24 19:08:11 - [TEST_STEP][PASSED] - break: null

2019-05-24 19:08:11 - [TEST_STEP][PASSED] - assert colourVerified == true: null

2019-05-24 19:08:11 - [TEST_STEP][PASSED] - getPrice = getText(findTestObject("Page_cabi Create Order/retail_price")): Text of object 'Object Repository/Page_cabi Create Order/retail_price' is: '$119.00'

2019-05-24 19:08:11 - [MESSAGE][PASSED] - Text of object 'Object Repository/Page_cabi Create Order/retail_price' is: '$119.00'

2019-05-24 19:08:11 - [TEST_STEP][PASSED] - Split_Data = UtilityMethods.SplitData(getPrice): null

2019-05-24 19:08:11 - [TEST_STEP][PASSED] - verifyMatch(Split_Data, findTestData("productData").getValue("Retail", row), true): Actual text '119' and expected text '119' are matched  using regular expression

2019-05-24 19:08:11 - [MESSAGE][PASSED] - Actual text '119' and expected text '119' are matched  using regular expression

2019-05-24 19:08:11 - [TEST_STEP][PASSED] - sizeRange1 = ["XXS", "XS", "S", "M", "L", "XL"]: null

2019-05-24 19:08:11 - [TEST_STEP][PASSED] - sizeRange2 = ["00", "0", "2", "4", "6", "8", "10", "12", "14", "16"]: null

2019-05-24 19:08:11 - [TEST_STEP][PASSED] - sizeRange3 = ["Long", "Regular", "Short"]: null

2019-05-24 19:08:11 - [TEST_STEP][PASSED] - sizeRange4 = ["5", "6", "6.5", "7", "7.5", "8", "8.5", "9", "9.5", "10", "11"]: null

2019-05-24 19:08:11 - [TEST_STEP][PASSED] - sizeRangeSplit = UtilityMethods.SplitSizes(findTestData("productData").getValue("SzRange", row)): null

2019-05-24 19:08:11 - [TEST_STEP][PASSED] - sizeType = getText(findTestObject("Object Repository/Page_cabi Order Items/Size")): Text of object 'Object Repository/Page_cabi Order Items/Size' is: 'Select'

2019-05-24 19:08:11 - [MESSAGE][PASSED] - Text of object 'Object Repository/Page_cabi Order Items/Size' is: 'Select'

2019-05-24 19:08:11 - [TEST_STEP][PASSED] - sizeOptions = findWebElements(findTestObject("Object Repository/Page_cabi Order Items/Size"), 5): null

2019-05-24 19:08:11 - [TEST_STEP][PASSED] - actualRange = new java.util.ArrayList(): null

2019-05-24 19:08:11 - [TEST_STEP][PASSED] - expectedRange = <not implemented yet for class: org.codehaus.groovy.ast.expr.EmptyExpression>: null

2019-05-24 19:08:11 - [TEST_STEP][PASSED] - if (sizeType.equalsIgnoreCase("Select")): null

2019-05-24 19:08:11 - [TEST_STEP][PASSED] - for ([i = 1, i < sizeOptions.size(), (i++)]): null

2019-05-24 19:08:11 - [TEST_STEP][PASSED] - actualRange.add(get(i).getText()): null

2019-05-24 19:08:11 - [TEST_STEP][PASSED] - actualRange.add(get(i).getText()): null

2019-05-24 19:08:11 - [TEST_STEP][PASSED] - actualRange.add(get(i).getText()): null

2019-05-24 19:08:11 - [TEST_STEP][PASSED] - actualRange.add(get(i).getText()): null

2019-05-24 19:08:11 - [TEST_STEP][PASSED] - actualRange.add(get(i).getText()): null

2019-05-24 19:08:11 - [TEST_STEP][PASSED] - if (toString().equalsIgnoreCase("XS") || toString().equalsIgnoreCase("XXS")): null

2019-05-24 19:08:11 - [TEST_STEP][PASSED] - expectedRange = UtilityMethods.getExpectedRange(sizeRange1, sizeRangeSplit): null

2019-05-24 19:08:11 - [TEST_STEP][PASSED] - println("XS"): null

2019-05-24 19:08:11 - [TEST_STEP][PASSED] - println(expectedRange.toString()): null

2019-05-24 19:08:11 - [TEST_STEP][PASSED] - assert UtilityMethods.listEquals(expectedRange, actualRange) == true: null

2019-05-24 19:08:11 - [TEST_STEP][PASSED] - delay(3): Delayed 3 second(s)

2019-05-24 19:08:14 - [MESSAGE][PASSED] - Delayed 3 second(s)

2019-05-24 19:08:14 - [MESSAGE][PASSED] - Call Test Case 'Test Cases/productVerifyShort' successfully

2019-05-24 19:08:14 - [TEST_STEP][PASSED] - controlParallelism = controlParallelism + 1: null

2019-05-24 19:08:14 - [TEST_STEP][PASSED] - if (controlParallelism == parallelTC): null

2019-05-24 19:08:14 - [TEST_STEP][PASSED] - if (timeRow > i): null

2019-05-24 19:08:14 - [TEST_STEP][PASSED] - while (controlParallelism < parallelTC): null

2019-05-24 19:08:14 - [TEST_STEP][PASSED] - callTestCase(findTestCase("populateTimeGlobalVars"), ["row":timeRow], STOP_ON_FAILURE): Call Test Case 'Test Cases/populateTimeGlobalVars' successfully

2019-05-24 19:08:15 - [TEST_CASE][PASSED] - Test Cases/populateTimeGlobalVars: Test Cases/populateTimeGlobalVars

2019-05-24 19:08:15 - [TEST_STEP][PASSED] - dataFile = "timezoneData": null

2019-05-24 19:08:15 - [TEST_STEP][PASSED] - serverTarget = UtilityMethods.getTestData(dataFile, "serverTarget", row): null

2019-05-24 19:08:15 - [TEST_STEP][PASSED] - orderType = UtilityMethods.getTestData(dataFile, "orderType", row): null

2019-05-24 19:08:15 - [TEST_STEP][PASSED] - timeZone = UtilityMethods.getTestData(dataFile, "timeZone", row): null

2019-05-24 19:08:15 - [TEST_STEP][PASSED] - BOPersonal = UtilityMethods.getTestData(dataFile, "BOPersonal", row): null

2019-05-24 19:08:15 - [TEST_STEP][PASSED] - BOAddonPersonal = UtilityMethods.getTestData(dataFile, "BOAddonPersonal", row): null

2019-05-24 19:08:15 - [TEST_STEP][PASSED] - BOAddonRetail = UtilityMethods.getTestData(dataFile, "BOAddonRetail", row): null

2019-05-24 19:08:15 - [TEST_STEP][PASSED] - BORetail = UtilityMethods.getTestData(dataFile, "BORetail", row): null

2019-05-24 19:08:15 - [TEST_STEP][PASSED] - BOShow = UtilityMethods.getTestData(dataFile, "BOShow", row): null

2019-05-24 19:08:15 - [TEST_STEP][PASSED] - BOOnlineoutlet = UtilityMethods.getTestData(dataFile, "BOOnlineoutlet", row): null

2019-05-24 19:08:15 - [TEST_STEP][PASSED] - BOEmployee = UtilityMethods.getTestData(dataFile, "BOEmployee", row): null

2019-05-24 19:08:15 - [TEST_STEP][PASSED] - CCPersonal = UtilityMethods.getTestData(dataFile, "CCPersonal", row): null

2019-05-24 19:08:15 - [TEST_STEP][PASSED] - CCRetail = UtilityMethods.getTestData(dataFile, "CCRetail", row): null

2019-05-24 19:08:15 - [TEST_STEP][PASSED] - CCShow = UtilityMethods.getTestData(dataFile, "CCShow", row): null

2019-05-24 19:08:15 - [TEST_STEP][PASSED] - BOEblast = UtilityMethods.getTestData(dataFile, "BOEblast", row): null

2019-05-24 19:08:15 - [MESSAGE][PASSED] - Call Test Case 'Test Cases/populateTimeGlobalVars' successfully

2019-05-24 19:08:15 - [TEST_STEP][PASSED] - callTestCase(findTestCase("newArrivalsSetTimezone"), ["ofbizURL":"", "ofbizuser":"", "ofbizpass":"", "orderType":orderType, "timeZone":timeZone, "serverTarget":serverTarget], STOP_ON_FAILURE): Call Test Case 'Test Cases/newArrivalsSetTimezone' successfully

2019-05-24 19:08:15 - [TEST_CASE][PASSED] - Test Cases/newArrivalsSetTimezone: Test Cases/newArrivalsSetTimezone

2019-05-24 19:08:15 - [TEST_STEP][NOT_RUN] - openBrowser(""): NOT_RUN: openBrowser("")

2019-05-24 19:08:15 - [MESSAGE][NOT_RUN] - NOT_RUN: openBrowser("")

2019-05-24 19:08:15 - [TEST_STEP][NOT_RUN] - maximizeWindow(): NOT_RUN: maximizeWindow()

2019-05-24 19:08:15 - [MESSAGE][NOT_RUN] - NOT_RUN: maximizeWindow()

2019-05-24 19:08:15 - [TEST_STEP][PASSED] - ofbizURL = findTestData("credData").getValue("ofbizURL", 1): null

2019-05-24 19:08:15 - [TEST_STEP][PASSED] - ofbizuser = findTestData("credData").getValue("ofbizuser", 1): null

2019-05-24 19:08:15 - [TEST_STEP][PASSED] - ofbizpass = findTestData("credData").getValue("ofbizpass", 1): null

2019-05-24 19:08:15 - [TEST_STEP][PASSED] - navigateToUrl(ofbizURL): Navigate to 'https://pushofbiz.cliotest.com/login.php' successfully

2019-05-24 19:08:17 - [MESSAGE][PASSED] - Navigate to 'https://pushofbiz.cliotest.com/login.php' successfully

2019-05-24 19:08:17 - [TEST_STEP][PASSED] - setText(findTestObject("Page_/input_Username_username"), ofbizuser): Text 'sshinde' is set on object 'Object Repository/Page_/input_Username_username'

2019-05-24 19:08:17 - [MESSAGE][PASSED] - Text 'sshinde' is set on object 'Object Repository/Page_/input_Username_username'

2019-05-24 19:08:17 - [TEST_STEP][PASSED] - setText(findTestObject("Page_/input_Password_password"), ofbizpass): Text 'C@bi$ush5' is set on object 'Object Repository/Page_/input_Password_password'

2019-05-24 19:08:17 - [MESSAGE][PASSED] - Text 'C@bi$ush5' is set on object 'Object Repository/Page_/input_Password_password'

2019-05-24 19:08:17 - [TEST_STEP][PASSED] - click(findTestObject("Page_/input_Password_Submit")): Object: 'Object Repository/Page_/input_Password_Submit' is clicked on

2019-05-24 19:08:20 - [MESSAGE][PASSED] - Object: 'Object Repository/Page_/input_Password_Submit' is clicked on

2019-05-24 19:08:20 - [TEST_STEP][PASSED] - click(findTestObject("Object Repository/Page_/a_Clock set")): Object: 'Object Repository/Page_/a_Clock set' is clicked on

2019-05-24 19:08:21 - [MESSAGE][PASSED] - Object: 'Object Repository/Page_/a_Clock set' is clicked on

2019-05-24 19:08:21 - [TEST_STEP][PASSED] - selectOptionByLabel(findTestObject("Object Repository/Page_/serverTarget"), serverTarget, true): All options with label 'test14' are selected in object 'Object Repository/Page_/serverTarget'  using regular expression

2019-05-24 19:08:23 - [MESSAGE][PASSED] - All options with label 'test14' are selected in object 'Object Repository/Page_/serverTarget'  using regular expression

2019-05-24 19:08:23 - [TEST_STEP][PASSED] - click(findTestObject("Page_/thisDateAndTime")): Object: 'Object Repository/Page_/thisDateAndTime' is clicked on

2019-05-24 19:08:23 - [MESSAGE][PASSED] - Object: 'Object Repository/Page_/thisDateAndTime' is clicked on

2019-05-24 19:08:23 - [TEST_STEP][PASSED] - setText(findTestObject("Object Repository/Page_/setTargetTime"), timeZone): Text ' 05/22/2019 00:00' is set on object 'Object Repository/Page_/setTargetTime'

2019-05-24 19:08:23 - [MESSAGE][PASSED] - Text ' 05/22/2019 00:00' is set on object 'Object Repository/Page_/setTargetTime'

2019-05-24 19:08:23 - [TEST_STEP][PASSED] - click(findTestObject("Object Repository/Page_/input")): Object: 'Object Repository/Page_/input' is clicked on

2019-05-24 19:08:24 - [MESSAGE][PASSED] - Object: 'Object Repository/Page_/input' is clicked on

2019-05-24 19:08:24 - [TEST_STEP][PASSED] - delay(10): Delayed 10 second(s)

2019-05-24 19:08:34 - [MESSAGE][PASSED] - Delayed 10 second(s)

2019-05-24 19:08:34 - [TEST_STEP][NOT_RUN] - closeBrowser(): NOT_RUN: closeBrowser()

2019-05-24 19:08:34 - [MESSAGE][NOT_RUN] - NOT_RUN: closeBrowser()

2019-05-24 19:08:34 - [MESSAGE][PASSED] - Call Test Case 'Test Cases/newArrivalsSetTimezone' successfully

2019-05-24 19:08:34 - [TEST_STEP][PASSED] - callTestCase(findTestCase("backOfficeLogin"), ["BOURL":"", "BOuser":"", "BOpass":""], STOP_ON_FAILURE): Call Test Case 'Test Cases/backOfficeLogin' successfully

2019-05-24 19:08:34 - [TEST_CASE][PASSED] - Test Cases/backOfficeLogin: Test Cases/backOfficeLogin

2019-05-24 19:08:34 - [TEST_STEP][PASSED] - BOURL = findTestData("credData").getValue("BOURL", 1): null

2019-05-24 19:08:34 - [TEST_STEP][PASSED] - BOuser = findTestData("credData").getValue("BOuser", 1): null

2019-05-24 19:08:34 - [TEST_STEP][PASSED] - BOpass = findTestData("credData").getValue("BOpass", 1): null

2019-05-24 19:08:34 - [TEST_STEP][PASSED] - openBrowser(""): Browser is opened with url: ''

2019-05-24 19:08:34 - [MESSAGE][WARNING] - A browser is already opened. Closing browser and opening a new one

2019-05-24 19:08:35 - [MESSAGE][INFO] - Starting 'Chrome' driver

2019-05-24 19:08:38 - [MESSAGE][PASSED] - Browser is opened with url: ''

2019-05-24 19:08:38 - [TEST_STEP][PASSED] - navigateToUrl(BOURL): Navigate to 'https://test14.cliotest.com/backoffice/control/main' successfully

2019-05-24 19:08:45 - [MESSAGE][PASSED] - Navigate to 'https://test14.cliotest.com/backoffice/control/main' successfully

2019-05-24 19:08:45 - [TEST_STEP][PASSED] - logOut = findWebElements(findTestObject("Object Repository/Page_cabi Home/log_out"), 1): Unable to find the element located by 'By.xpath: //a[contains(text(),'Log Out')]'. Please recheck the objects properties to make sure the desired element is located. 

2019-05-24 19:08:46 - [MESSAGE][INFO] - Unable to find the element located by 'By.xpath: //a[contains(text(),'Log Out')]'. Please recheck the objects properties to make sure the desired element is located. 

2019-05-24 19:08:46 - [TEST_STEP][PASSED] - if (logOut.size() == 0): Object: 'Object Repository/Page_cabi/input_Welcome to_consultantLogin' is clicked on

2019-05-24 19:08:46 - [TEST_STEP][PASSED] - setText(findTestObject("Page_cabi/input_Welcome to_USERNAME"), BOuser): Text '400000002' is set on object 'Object Repository/Page_cabi/input_Welcome to_USERNAME'

2019-05-24 19:08:46 - [MESSAGE][PASSED] - Text '400000002' is set on object 'Object Repository/Page_cabi/input_Welcome to_USERNAME'

2019-05-24 19:08:46 - [TEST_STEP][PASSED] - setText(findTestObject("Object Repository/Page_cabi/input_Welcome to_PASSWORD"), BOpass): Text 'blackdress19' is set on object 'Object Repository/Page_cabi/input_Welcome to_PASSWORD'

2019-05-24 19:08:47 - [MESSAGE][PASSED] - Text 'blackdress19' is set on object 'Object Repository/Page_cabi/input_Welcome to_PASSWORD'

2019-05-24 19:08:47 - [TEST_STEP][PASSED] - click(findTestObject("Object Repository/Page_cabi/input_Welcome to_consultantLogin")): Object: 'Object Repository/Page_cabi/input_Welcome to_consultantLogin' is clicked on

2019-05-24 19:08:54 - [MESSAGE][PASSED] - Object: 'Object Repository/Page_cabi/input_Welcome to_consultantLogin' is clicked on

2019-05-24 19:08:54 - [TEST_STEP][PASSED] - delay(3): Delayed 3 second(s)

2019-05-24 19:08:57 - [MESSAGE][PASSED] - Delayed 3 second(s)

2019-05-24 19:08:57 - [MESSAGE][PASSED] - Call Test Case 'Test Cases/backOfficeLogin' successfully

2019-05-24 19:08:57 - [TEST_STEP][PASSED] - click(findTestObject("Page_cabi Home/a_Shows  Orders")): Object: 'Object Repository/Page_cabi Home/a_Shows  Orders' is clicked on

2019-05-24 19:08:57 - [MESSAGE][PASSED] - Object: 'Object Repository/Page_cabi Home/a_Shows  Orders' is clicked on

2019-05-24 19:08:57 - [TEST_STEP][PASSED] - delay(1): Delayed 1 second(s)

2019-05-24 19:08:58 - [MESSAGE][PASSED] - Delayed 1 second(s)

2019-05-24 19:08:58 - [TEST_STEP][PASSED] - click(findTestObject("Page_cabi Home/a_personal_purchases")): Object: 'Object Repository/Page_cabi Home/a_personal_purchases' is clicked on

2019-05-24 19:09:00 - [MESSAGE][PASSED] - Object: 'Object Repository/Page_cabi Home/a_personal_purchases' is clicked on

2019-05-24 19:09:00 - [TEST_STEP][PASSED] - click(findTestObject("Page_cabi Personal Store/span_Continue to Order")): Object: 'Object Repository/Page_cabi Personal Store/span_Continue to Order' is clicked on

2019-05-24 19:09:01 - [MESSAGE][PASSED] - Object: 'Object Repository/Page_cabi Personal Store/span_Continue to Order' is clicked on

2019-05-24 19:09:01 - [TEST_STEP][PASSED] - delay(5): Delayed 5 second(s)

2019-05-24 19:09:06 - [MESSAGE][PASSED] - Delayed 5 second(s)

2019-05-24 19:09:06 - [TEST_STEP][PASSED] - emptyCart = findWebElements(findTestObject("Object Repository/Page_cabi Personal Store/removeFromCart"), 5): Unable to find the element located by 'By.xpath: //*[@id="removeFromCart_0"]/span'. Please recheck the objects properties to make sure the desired element is located. 

2019-05-24 19:09:11 - [MESSAGE][INFO] - Unable to find the element located by 'By.xpath: //*[@id="removeFromCart_0"]/span'. Please recheck the objects properties to make sure the desired element is located. 

2019-05-24 19:09:11 - [TEST_STEP][PASSED] - if (emptyCart.size() > 0): null

2019-05-24 19:09:11 - [TEST_STEP][PASSED] - addOnStyle = findTestData("miscData").getValue("addOnStyle", 1): null

2019-05-24 19:09:11 - [TEST_STEP][PASSED] - click(findTestObject("Object Repository/Page_cabi Create Order/input_Manual Discount_stylelookup_0")): Object: 'Object Repository/Page_cabi Create Order/input_Manual Discount_stylelookup_0' is clicked on

2019-05-24 19:09:11 - [MESSAGE][PASSED] - Object: 'Object Repository/Page_cabi Create Order/input_Manual Discount_stylelookup_0' is clicked on

2019-05-24 19:09:11 - [TEST_STEP][PASSED] - setText(findTestObject("Object Repository/Page_cabi Create Order/input_Manual Discount_stylelookup_0"), addOnStyle): Text '5447' is set on object 'Object Repository/Page_cabi Create Order/input_Manual Discount_stylelookup_0'

2019-05-24 19:09:11 - [MESSAGE][PASSED] - Text '5447' is set on object 'Object Repository/Page_cabi Create Order/input_Manual Discount_stylelookup_0'

2019-05-24 19:09:11 - [TEST_STEP][PASSED] - delay(3): Delayed 3 second(s)

2019-05-24 19:09:14 - [MESSAGE][PASSED] - Delayed 3 second(s)

2019-05-24 19:09:14 - [TEST_STEP][PASSED] - prod_message = getText(findTestObject("Page_cabi Create Order/first_option")): Text of object 'Object Repository/Page_cabi Create Order/first_option' is: '5447 Bishop Cardigan'

2019-05-24 19:09:14 - [MESSAGE][PASSED] - Text of object 'Object Repository/Page_cabi Create Order/first_option' is: '5447 Bishop Cardigan'

2019-05-24 19:09:14 - [TEST_STEP][PASSED] - click(findTestObject("Page_cabi Create Order/first_option")): Object: 'Object Repository/Page_cabi Create Order/first_option' is clicked on

2019-05-24 19:09:14 - [MESSAGE][PASSED] - Object: 'Object Repository/Page_cabi Create Order/first_option' is clicked on

2019-05-24 19:09:14 - [TEST_STEP][PASSED] - delay(5): Delayed 5 second(s)

2019-05-24 19:09:19 - [MESSAGE][PASSED] - Delayed 5 second(s)

2019-05-24 19:09:19 - [TEST_STEP][PASSED] - click(findTestObject("Object Repository/Page_cabi Order Items/selectSize")): Object: 'Object Repository/Page_cabi Order Items/selectSize' is clicked on

2019-05-24 19:09:19 - [MESSAGE][PASSED] - Object: 'Object Repository/Page_cabi Order Items/selectSize' is clicked on

2019-05-24 19:09:19 - [TEST_STEP][PASSED] - click(findTestObject("Object Repository/Page_cabi Order Items/span_Add to Cart")): Object: 'Object Repository/Page_cabi Order Items/span_Add to Cart' is clicked on

2019-05-24 19:09:19 - [MESSAGE][PASSED] - Object: 'Object Repository/Page_cabi Order Items/span_Add to Cart' is clicked on

2019-05-24 19:09:19 - [TEST_STEP][PASSED] - delay(3): Delayed 3 second(s)

2019-05-24 19:09:22 - [MESSAGE][PASSED] - Delayed 3 second(s)

2019-05-24 19:09:23 - [TEST_STEP][PASSED] - click(findTestObject("Object Repository/Page_cabi Order Items/span_Continue to Shipping")): Object: 'Object Repository/Page_cabi Order Items/span_Continue to Shipping' is clicked on

2019-05-24 19:09:23 - [MESSAGE][PASSED] - Object: 'Object Repository/Page_cabi Order Items/span_Continue to Shipping' is clicked on

2019-05-24 19:09:23 - [TEST_STEP][PASSED] - click(findTestObject("Page_cabi Personal Store/nextButtonShipping")): Object: 'Object Repository/Page_cabi Personal Store/nextButtonShipping' is clicked on

2019-05-24 19:09:24 - [MESSAGE][PASSED] - Object: 'Object Repository/Page_cabi Personal Store/nextButtonShipping' is clicked on

2019-05-24 19:09:24 - [TEST_STEP][PASSED] - delay(3): Delayed 3 second(s)

2019-05-24 19:09:27 - [MESSAGE][PASSED] - Delayed 3 second(s)

2019-05-24 19:09:27 - [TEST_STEP][PASSED] - click(findTestObject("Page_cabi Personal Store/makeFirstPayment")): Object: 'Object Repository/Page_cabi Personal Store/makeFirstPayment' is clicked on

2019-05-24 19:09:27 - [MESSAGE][PASSED] - Object: 'Object Repository/Page_cabi Personal Store/makeFirstPayment' is clicked on

2019-05-24 19:09:27 - [TEST_STEP][PASSED] - click(findTestObject("Page_cabi Personal Store/submitPayment")): Object: 'Object Repository/Page_cabi Personal Store/submitPayment' is clicked on

2019-05-24 19:09:27 - [MESSAGE][PASSED] - Object: 'Object Repository/Page_cabi Personal Store/submitPayment' is clicked on

2019-05-24 19:09:27 - [TEST_STEP][PASSED] - click(findTestObject("Page_cabi Personal Store/submitOrderId")): Object: 'Object Repository/Page_cabi Personal Store/submitOrderId' is clicked on

2019-05-24 19:09:30 - [MESSAGE][PASSED] - Object: 'Object Repository/Page_cabi Personal Store/submitOrderId' is clicked on

2019-05-24 19:09:30 - [TEST_STEP][PASSED] - successMsg = "": null

2019-05-24 19:09:30 - [TEST_STEP][PASSED] - orderSuccess = false: null

2019-05-24 19:09:30 - [TEST_STEP][PASSED] - successMsgs = findWebElements(findTestObject("Object Repository/Page_cabi Personal Store/p_success_msg"), 5): null

2019-05-24 19:09:30 - [TEST_STEP][PASSED] - if (successMsgs.size() > 0): Text of object 'Object Repository/Page_cabi Personal Store/p_order_id' is: 'PR707969534'

2019-05-24 19:09:30 - [TEST_STEP][PASSED] - successMsg = getText(findTestObject("Object Repository/Page_cabi Personal Store/p_success_msg")): Text of object 'Object Repository/Page_cabi Personal Store/p_success_msg' is: 'Order Created Successfully!!
Order #:  PR707969534

CONTINUE SHOPPING'

2019-05-24 19:09:30 - [MESSAGE][PASSED] - Text of object 'Object Repository/Page_cabi Personal Store/p_success_msg' is: 'Order Created Successfully!!
Order #:  PR707969534

CONTINUE SHOPPING'

2019-05-24 19:09:30 - [TEST_STEP][PASSED] - orderSuccess = true: null

2019-05-24 19:09:30 - [TEST_STEP][PASSED] - addOnOrderId = getText(findTestObject("Object Repository/Page_cabi Personal Store/p_order_id")): Text of object 'Object Repository/Page_cabi Personal Store/p_order_id' is: 'PR707969534'

2019-05-24 19:09:30 - [MESSAGE][PASSED] - Text of object 'Object Repository/Page_cabi Personal Store/p_order_id' is: 'PR707969534'

2019-05-24 19:09:30 - [TEST_STEP][PASSED] - assert orderSuccess == true: null

2019-05-24 19:09:30 - [TEST_STEP][PASSED] - callTestCase(findTestCase("warehouseShipping"), ["orderId":addOnOrderId], STOP_ON_FAILURE): Call Test Case 'Test Cases/warehouseShipping' successfully

2019-05-24 19:09:30 - [TEST_CASE][PASSED] - Test Cases/warehouseShipping: Test Cases/warehouseShipping

2019-05-24 19:09:30 - [TEST_STEP][PASSED] - callTestCase(findTestCase("cabiWarehouseLogin"), ["CWURL":"", "CWuser":"", "CWpass":""], STOP_ON_FAILURE): Call Test Case 'Test Cases/cabiWarehouseLogin' successfully

2019-05-24 19:09:30 - [TEST_CASE][PASSED] - Test Cases/cabiWarehouseLogin: Test Cases/cabiWarehouseLogin

2019-05-24 19:09:30 - [TEST_STEP][PASSED] - CWURL = findTestData("credData").getValue("CWURL", 1): null

2019-05-24 19:09:30 - [TEST_STEP][PASSED] - CWuser = findTestData("credData").getValue("CWuser", 1): null

2019-05-24 19:09:30 - [TEST_STEP][PASSED] - CWpass = findTestData("credData").getValue("CWpass", 1): null

2019-05-24 19:09:30 - [TEST_STEP][PASSED] - openBrowser(""): Browser is opened with url: ''

2019-05-24 19:09:30 - [MESSAGE][WARNING] - A browser is already opened. Closing browser and opening a new one

2019-05-24 19:09:31 - [MESSAGE][INFO] - Starting 'Chrome' driver

2019-05-24 19:09:33 - [MESSAGE][PASSED] - Browser is opened with url: ''

2019-05-24 19:09:33 - [TEST_STEP][PASSED] - navigateToUrl(CWURL): Navigate to 'https://test14.cliotest.com/warehouse/control/main' successfully

2019-05-24 19:09:41 - [MESSAGE][PASSED] - Navigate to 'https://test14.cliotest.com/warehouse/control/main' successfully

2019-05-24 19:09:41 - [TEST_STEP][PASSED] - logOut = findWebElements(findTestObject("Object Repository/Cabi warehouse/Page_cabi_home/log_out"), 1): Unable to find the element located by 'By.xpath: //li/a[contains(text(), 'Log Out »')]'. Please recheck the objects properties to make sure the desired element is located. 

2019-05-24 19:09:42 - [MESSAGE][INFO] - Unable to find the element located by 'By.xpath: //li/a[contains(text(), 'Log Out »')]'. Please recheck the objects properties to make sure the desired element is located. 

2019-05-24 19:09:42 - [TEST_STEP][PASSED] - if (logOut.size() == 0): Object: 'Object Repository/Cabi warehouse/Page_cabi/input_Password_section-btn btn-stl-pk rFloat' is clicked on

2019-05-24 19:09:42 - [TEST_STEP][PASSED] - setText(findTestObject("Object Repository/Cabi warehouse/Page_cabi/input_Username_USERNAME"), CWuser): Text 'rsuarez' is set on object 'Object Repository/Cabi warehouse/Page_cabi/input_Username_USERNAME'

2019-05-24 19:09:42 - [MESSAGE][PASSED] - Text 'rsuarez' is set on object 'Object Repository/Cabi warehouse/Page_cabi/input_Username_USERNAME'

2019-05-24 19:09:42 - [TEST_STEP][PASSED] - setText(findTestObject("Object Repository/Cabi warehouse/Page_cabi/input_Password_PASSWORD"), CWpass): Text 'blackdress19' is set on object 'Object Repository/Cabi warehouse/Page_cabi/input_Password_PASSWORD'

2019-05-24 19:09:42 - [MESSAGE][PASSED] - Text 'blackdress19' is set on object 'Object Repository/Cabi warehouse/Page_cabi/input_Password_PASSWORD'

2019-05-24 19:09:42 - [TEST_STEP][PASSED] - click(findTestObject("Object Repository/Cabi warehouse/Page_cabi/input_Password_section-btn btn-stl-pk rFloat")): Object: 'Object Repository/Cabi warehouse/Page_cabi/input_Password_section-btn btn-stl-pk rFloat' is clicked on

2019-05-24 19:09:44 - [MESSAGE][PASSED] - Object: 'Object Repository/Cabi warehouse/Page_cabi/input_Password_section-btn btn-stl-pk rFloat' is clicked on

2019-05-24 19:09:44 - [TEST_STEP][PASSED] - delay(3): Delayed 3 second(s)

2019-05-24 19:09:47 - [MESSAGE][PASSED] - Delayed 3 second(s)

2019-05-24 19:09:47 - [MESSAGE][PASSED] - Call Test Case 'Test Cases/cabiWarehouseLogin' successfully

2019-05-24 19:09:47 - [TEST_STEP][PASSED] - click(findTestObject("Page_cabi Manage PickLists/a_Create PickLists")): Object: 'Object Repository/Page_cabi Manage PickLists/a_Create PickLists' is clicked on

2019-05-24 19:09:48 - [MESSAGE][PASSED] - Object: 'Object Repository/Page_cabi Manage PickLists/a_Create PickLists' is clicked on

2019-05-24 19:09:48 - [TEST_STEP][PASSED] - click(findTestObject("Object Repository/findOrders/Page_cabi Find Orders/Page_cabi SampleLine Shipment Screen/a_Single Order")): Object: 'Object Repository/findOrders/Page_cabi Find Orders/Page_cabi SampleLine Shipment Screen/a_Single Order' is clicked on

2019-05-24 19:09:49 - [MESSAGE][PASSED] - Object: 'Object Repository/findOrders/Page_cabi Find Orders/Page_cabi SampleLine Shipment Screen/a_Single Order' is clicked on

2019-05-24 19:09:49 - [TEST_STEP][PASSED] - setText(findTestObject("Page_cabi Create Single Order PickList/input_Order Id_orderId"), orderId): Text 'PR707969534' is set on object 'Object Repository/Page_cabi Create Single Order PickList/input_Order Id_orderId'

2019-05-24 19:09:50 - [MESSAGE][PASSED] - Text 'PR707969534' is set on object 'Object Repository/Page_cabi Create Single Order PickList/input_Order Id_orderId'

2019-05-24 19:09:50 - [TEST_STEP][PASSED] - click(findTestObject("Page_cabi Create Single Order PickList/input_Create even if fully backordered_submitButton")): Object: 'Object Repository/Page_cabi Create Single Order PickList/input_Create even if fully backordered_submitButton' is clicked on

2019-05-24 19:09:51 - [MESSAGE][PASSED] - Object: 'Object Repository/Page_cabi Create Single Order PickList/input_Create even if fully backordered_submitButton' is clicked on

2019-05-24 19:09:51 - [TEST_STEP][PASSED] - pickListCreated = findWebElements(findTestObject("Cabi warehouse/picklistCreatedMessage"), 5): null

2019-05-24 19:09:51 - [TEST_STEP][PASSED] - if (pickListCreated.size() == 0): null

2019-05-24 19:09:51 - [TEST_STEP][PASSED] - pickListCreated = findWebElements(findTestObject("Cabi warehouse/picklistCreatedMessage"), 5): null

2019-05-24 19:09:51 - [TEST_STEP][PASSED] - if (pickListCreated.size() == 0): null

2019-05-24 19:09:51 - [TEST_STEP][PASSED] - picklistCreatedMessage = UtilityMethods.concat("Picklist for order: [", orderId, "] has been created successfully."): null

2019-05-24 19:09:51 - [TEST_STEP][PASSED] - verifyElementText(findTestObject("Cabi warehouse/picklistCreatedMessage"), picklistCreatedMessage): Actual text and expected text of test object 'Object Repository/Cabi warehouse/picklistCreatedMessage' are matched.

2019-05-24 19:09:51 - [MESSAGE][PASSED] - Actual text and expected text of test object 'Object Repository/Cabi warehouse/picklistCreatedMessage' are matched.

2019-05-24 19:09:51 - [TEST_STEP][PASSED] - click(findTestObject("Page_cabi Create Single Order PickList/a_Manage PickLists")): Object: 'Object Repository/Page_cabi Create Single Order PickList/a_Manage PickLists' is clicked on

2019-05-24 19:09:52 - [MESSAGE][PASSED] - Object: 'Object Repository/Page_cabi Create Single Order PickList/a_Manage PickLists' is clicked on

2019-05-24 19:09:52 - [TEST_STEP][PASSED] - setText(findTestObject("Page_cabi Manage PickLists/input_Order _orderId"), orderId): Text 'PR707969534' is set on object 'Object Repository/Page_cabi Manage PickLists/input_Order _orderId'

2019-05-24 19:09:52 - [MESSAGE][PASSED] - Text 'PR707969534' is set on object 'Object Repository/Page_cabi Manage PickLists/input_Order _orderId'

2019-05-24 19:09:52 - [TEST_STEP][PASSED] - click(findTestObject("Page_cabi Manage PickLists/input")): Object: 'Object Repository/Page_cabi Manage PickLists/input' is clicked on

2019-05-24 19:09:53 - [MESSAGE][PASSED] - Object: 'Object Repository/Page_cabi Manage PickLists/input' is clicked on

2019-05-24 19:09:53 - [TEST_STEP][PASSED] - delay(3): Delayed 3 second(s)

2019-05-24 19:09:56 - [MESSAGE][PASSED] - Delayed 3 second(s)

2019-05-24 19:09:56 - [TEST_STEP][PASSED] - click(findTestObject("Page_cabi Manage PickLists/td_104238610")): Object: 'Object Repository/Page_cabi Manage PickLists/td_104238610' is clicked on

2019-05-24 19:09:56 - [MESSAGE][PASSED] - Object: 'Object Repository/Page_cabi Manage PickLists/td_104238610' is clicked on

2019-05-24 19:09:56 - [TEST_STEP][PASSED] - picklistId = getText(findTestObject("Page_cabi Manage PickLists/td_104238610")): Text of object 'Object Repository/Page_cabi Manage PickLists/td_104238610' is: '104259834'

2019-05-24 19:09:56 - [MESSAGE][PASSED] - Text of object 'Object Repository/Page_cabi Manage PickLists/td_104238610' is: '104259834'

2019-05-24 19:09:56 - [TEST_STEP][PASSED] - click(findTestObject("Page_cabi Manage PickLists/a_Packing")): Object: 'Object Repository/Page_cabi Manage PickLists/a_Packing' is clicked on

2019-05-24 19:09:57 - [MESSAGE][PASSED] - Object: 'Object Repository/Page_cabi Manage PickLists/a_Packing' is clicked on

2019-05-24 19:09:57 - [TEST_STEP][PASSED] - setText(findTestObject("Page_cabi Pack Init/input_Pack Station_packStationId"), "30"): Text '30' is set on object 'Object Repository/Page_cabi Pack Init/input_Pack Station_packStationId'

2019-05-24 19:09:57 - [MESSAGE][PASSED] - Text '30' is set on object 'Object Repository/Page_cabi Pack Init/input_Pack Station_packStationId'

2019-05-24 19:09:57 - [TEST_STEP][PASSED] - click(findTestObject("Page_cabi Pack Init/input_Pack Station_submitButton")): Object: 'Object Repository/Page_cabi Pack Init/input_Pack Station_submitButton' is clicked on

2019-05-24 19:09:58 - [MESSAGE][PASSED] - Object: 'Object Repository/Page_cabi Pack Init/input_Pack Station_submitButton' is clicked on

2019-05-24 19:09:58 - [TEST_STEP][PASSED] - setText(findTestObject("Page_cabi Pack Init/input_Picklist ID_pickId"), picklistId): Text '104259834' is set on object 'Object Repository/Page_cabi Pack Init/input_Picklist ID_pickId'

2019-05-24 19:09:58 - [MESSAGE][PASSED] - Text '104259834' is set on object 'Object Repository/Page_cabi Pack Init/input_Picklist ID_pickId'

2019-05-24 19:09:58 - [TEST_STEP][PASSED] - click(findTestObject("Page_cabi Pack Init/input_Picklist ID_submitButton")): Object: 'Object Repository/Page_cabi Pack Init/input_Picklist ID_submitButton' is clicked on

2019-05-24 19:09:59 - [MESSAGE][PASSED] - Object: 'Object Repository/Page_cabi Pack Init/input_Picklist ID_submitButton' is clicked on

2019-05-24 19:09:59 - [TEST_STEP][PASSED] - click(findTestObject("Page_cabi General Pack/input_Cream Of Wheat_button addItemForVerification")): Object: 'Object Repository/Page_cabi General Pack/input_Cream Of Wheat_button addItemForVerification' is clicked on

2019-05-24 19:09:59 - [MESSAGE][PASSED] - Object: 'Object Repository/Page_cabi General Pack/input_Cream Of Wheat_button addItemForVerification' is clicked on

2019-05-24 19:09:59 - [TEST_STEP][PASSED] - click(findTestObject("Page_cabi General Pack/input_Pack Station  30_shipConfirmBtn")): Object: 'Object Repository/Page_cabi General Pack/input_Pack Station  30_shipConfirmBtn' is clicked on

2019-05-24 19:10:02 - [MESSAGE][PASSED] - Object: 'Object Repository/Page_cabi General Pack/input_Pack Station  30_shipConfirmBtn' is clicked on

2019-05-24 19:10:02 - [TEST_STEP][PASSED] - click(findTestObject("Cabi warehouse/warehouseLogout")): Object: 'Object Repository/Cabi warehouse/warehouseLogout' is clicked on

2019-05-24 19:10:03 - [MESSAGE][PASSED] - Object: 'Object Repository/Cabi warehouse/warehouseLogout' is clicked on

2019-05-24 19:10:03 - [MESSAGE][PASSED] - Call Test Case 'Test Cases/warehouseShipping' successfully

2019-05-24 19:10:03 - [TEST_STEP][PASSED] - callTestCase(findTestCase("backOfficeLogin"), ["BOURL":"", "BOuser":"", "BOpass":""], STOP_ON_FAILURE): Call Test Case 'Test Cases/backOfficeLogin' successfully

2019-05-24 19:10:03 - [TEST_CASE][PASSED] - Test Cases/backOfficeLogin: Test Cases/backOfficeLogin

2019-05-24 19:10:03 - [TEST_STEP][PASSED] - BOURL = findTestData("credData").getValue("BOURL", 1): null

2019-05-24 19:10:03 - [TEST_STEP][PASSED] - BOuser = findTestData("credData").getValue("BOuser", 1): null

2019-05-24 19:10:03 - [TEST_STEP][PASSED] - BOpass = findTestData("credData").getValue("BOpass", 1): null

2019-05-24 19:10:03 - [TEST_STEP][PASSED] - openBrowser(""): Browser is opened with url: ''

2019-05-24 19:10:03 - [MESSAGE][WARNING] - A browser is already opened. Closing browser and opening a new one

2019-05-24 19:10:04 - [MESSAGE][INFO] - Starting 'Chrome' driver

2019-05-24 19:10:06 - [MESSAGE][PASSED] - Browser is opened with url: ''

2019-05-24 19:10:06 - [TEST_STEP][PASSED] - navigateToUrl(BOURL): Navigate to 'https://test14.cliotest.com/backoffice/control/main' successfully

2019-05-24 19:10:14 - [MESSAGE][PASSED] - Navigate to 'https://test14.cliotest.com/backoffice/control/main' successfully

2019-05-24 19:10:14 - [TEST_STEP][PASSED] - logOut = findWebElements(findTestObject("Object Repository/Page_cabi Home/log_out"), 1): Unable to find the element located by 'By.xpath: //a[contains(text(),'Log Out')]'. Please recheck the objects properties to make sure the desired element is located. 

2019-05-24 19:10:16 - [MESSAGE][INFO] - Unable to find the element located by 'By.xpath: //a[contains(text(),'Log Out')]'. Please recheck the objects properties to make sure the desired element is located. 

2019-05-24 19:10:16 - [TEST_STEP][PASSED] - if (logOut.size() == 0): Object: 'Object Repository/Page_cabi/input_Welcome to_consultantLogin' is clicked on

2019-05-24 19:10:16 - [TEST_STEP][PASSED] - setText(findTestObject("Page_cabi/input_Welcome to_USERNAME"), BOuser): Text '400000002' is set on object 'Object Repository/Page_cabi/input_Welcome to_USERNAME'

2019-05-24 19:10:16 - [MESSAGE][PASSED] - Text '400000002' is set on object 'Object Repository/Page_cabi/input_Welcome to_USERNAME'

2019-05-24 19:10:16 - [TEST_STEP][PASSED] - setText(findTestObject("Object Repository/Page_cabi/input_Welcome to_PASSWORD"), BOpass): Text 'blackdress19' is set on object 'Object Repository/Page_cabi/input_Welcome to_PASSWORD'

2019-05-24 19:10:16 - [MESSAGE][PASSED] - Text 'blackdress19' is set on object 'Object Repository/Page_cabi/input_Welcome to_PASSWORD'

2019-05-24 19:10:16 - [TEST_STEP][PASSED] - click(findTestObject("Object Repository/Page_cabi/input_Welcome to_consultantLogin")): Object: 'Object Repository/Page_cabi/input_Welcome to_consultantLogin' is clicked on

2019-05-24 19:10:23 - [MESSAGE][PASSED] - Object: 'Object Repository/Page_cabi/input_Welcome to_consultantLogin' is clicked on

2019-05-24 19:10:23 - [TEST_STEP][PASSED] - delay(3): Delayed 3 second(s)

2019-05-24 19:10:26 - [MESSAGE][PASSED] - Delayed 3 second(s)

2019-05-24 19:10:26 - [MESSAGE][PASSED] - Call Test Case 'Test Cases/backOfficeLogin' successfully

2019-05-24 19:10:26 - [TEST_STEP][PASSED] - click(findTestObject("Object Repository/findOrders/Page_cabi Find Orders/Page_cabi Home/a_Shows  Orders")): Object: 'Object Repository/findOrders/Page_cabi Find Orders/Page_cabi Home/a_Shows  Orders' is clicked on

2019-05-24 19:10:26 - [MESSAGE][PASSED] - Object: 'Object Repository/findOrders/Page_cabi Find Orders/Page_cabi Home/a_Shows  Orders' is clicked on

2019-05-24 19:10:26 - [TEST_STEP][PASSED] - click(findTestObject("Object Repository/findOrders/Page_cabi Find Orders/Page_cabi Home/a_Orders")): Object: 'Object Repository/findOrders/Page_cabi Find Orders/Page_cabi Home/a_Orders' is clicked on

2019-05-24 19:10:28 - [MESSAGE][PASSED] - Object: 'Object Repository/findOrders/Page_cabi Find Orders/Page_cabi Home/a_Orders' is clicked on

2019-05-24 19:10:28 - [TEST_STEP][PASSED] - click(findTestObject("Object Repository/findOrders/Page_cabi Find Orders/Page_cabi Find Orders/b")): Object: 'Object Repository/findOrders/Page_cabi Find Orders/Page_cabi Find Orders/b' is clicked on

2019-05-24 19:10:28 - [MESSAGE][PASSED] - Object: 'Object Repository/findOrders/Page_cabi Find Orders/Page_cabi Find Orders/b' is clicked on

2019-05-24 19:10:28 - [TEST_STEP][PASSED] - delay(3): Delayed 3 second(s)

2019-05-24 19:10:31 - [MESSAGE][PASSED] - Delayed 3 second(s)

2019-05-24 19:10:31 - [TEST_STEP][PASSED] - click(findTestObject("findOrders/Page_cabi Find Orders/orderNo")): Object: 'Object Repository/findOrders/Page_cabi Find Orders/orderNo' is clicked on

2019-05-24 19:10:31 - [MESSAGE][PASSED] - Object: 'Object Repository/findOrders/Page_cabi Find Orders/orderNo' is clicked on

2019-05-24 19:10:31 - [TEST_STEP][PASSED] - delay(3): Delayed 3 second(s)

2019-05-24 19:10:34 - [MESSAGE][PASSED] - Delayed 3 second(s)

2019-05-24 19:10:34 - [TEST_STEP][PASSED] - click(findTestObject("Object Repository/findOrders/Page_cabi Find Orders/Page_cabi Find Orders/pendingShipment")): Object: 'Object Repository/findOrders/Page_cabi Find Orders/Page_cabi Find Orders/pendingShipment' is clicked on

2019-05-24 19:10:34 - [MESSAGE][PASSED] - Object: 'Object Repository/findOrders/Page_cabi Find Orders/Page_cabi Find Orders/pendingShipment' is clicked on

2019-05-24 19:10:34 - [TEST_STEP][PASSED] - click(findTestObject("Object Repository/findOrders/Page_cabi Find Orders/Page_cabi Find Orders/inputShipped")): Object: 'Object Repository/findOrders/Page_cabi Find Orders/Page_cabi Find Orders/inputShipped' is clicked on

2019-05-24 19:10:35 - [MESSAGE][PASSED] - Object: 'Object Repository/findOrders/Page_cabi Find Orders/Page_cabi Find Orders/inputShipped' is clicked on

2019-05-24 19:10:35 - [TEST_STEP][PASSED] - setText(findTestObject("Object Repository/findOrders/Page_cabi Find Orders/Page_cabi Find Orders/inputOrderId"), addOnOrderId): Text 'PR707969534' is set on object 'Object Repository/findOrders/Page_cabi Find Orders/Page_cabi Find Orders/inputOrderId'

2019-05-24 19:10:35 - [MESSAGE][PASSED] - Text 'PR707969534' is set on object 'Object Repository/findOrders/Page_cabi Find Orders/Page_cabi Find Orders/inputOrderId'

2019-05-24 19:10:35 - [TEST_STEP][PASSED] - click(findTestObject("Object Repository/findOrders/Page_cabi Find Orders/Page_cabi Find Orders/findOrders")): Object: 'Object Repository/findOrders/Page_cabi Find Orders/Page_cabi Find Orders/findOrders' is clicked on

2019-05-24 19:10:35 - [MESSAGE][PASSED] - Object: 'Object Repository/findOrders/Page_cabi Find Orders/Page_cabi Find Orders/findOrders' is clicked on

2019-05-24 19:10:35 - [TEST_STEP][PASSED] - click(findTestObject("findOrders/Page_cabi Find Orders/orderView")): Object: 'Object Repository/findOrders/Page_cabi Find Orders/orderView' is clicked on

2019-05-24 19:10:38 - [MESSAGE][PASSED] - Object: 'Object Repository/findOrders/Page_cabi Find Orders/orderView' is clicked on

2019-05-24 19:10:38 - [TEST_STEP][PASSED] - delay(3): Delayed 3 second(s)

2019-05-24 19:10:41 - [MESSAGE][PASSED] - Delayed 3 second(s)

2019-05-24 19:10:41 - [TEST_STEP][PASSED] - refresh(): Refresh successfully

2019-05-24 19:10:41 - [MESSAGE][PASSED] - Refresh successfully

2019-05-24 19:10:41 - [TEST_STEP][PASSED] - delay(3): Delayed 3 second(s)

2019-05-24 19:10:44 - [MESSAGE][PASSED] - Delayed 3 second(s)

2019-05-24 19:10:44 - [TEST_STEP][PASSED] - refresh(): Refresh successfully

2019-05-24 19:10:46 - [MESSAGE][PASSED] - Refresh successfully

2019-05-24 19:10:46 - [TEST_STEP][PASSED] - delay(10): Delayed 10 second(s)

2019-05-24 19:10:56 - [MESSAGE][PASSED] - Delayed 10 second(s)

2019-05-24 19:10:56 - [TEST_STEP][PASSED] - refresh(): Refresh successfully

2019-05-24 19:10:56 - [MESSAGE][PASSED] - Refresh successfully

2019-05-24 19:10:56 - [TEST_STEP][PASSED] - delay(3): Delayed 3 second(s)

2019-05-24 19:10:59 - [MESSAGE][PASSED] - Delayed 3 second(s)

2019-05-24 19:10:59 - [TEST_STEP][PASSED] - click(findTestObject("Object Repository/findOrders/Page_cabi Find Orders/Page_cabi Order View/a_(Return Order)")): Object: 'Object Repository/findOrders/Page_cabi Find Orders/Page_cabi Order View/a_(Return Order)' is clicked on

2019-05-24 19:11:03 - [MESSAGE][PASSED] - Object: 'Object Repository/findOrders/Page_cabi Find Orders/Page_cabi Order View/a_(Return Order)' is clicked on

2019-05-24 19:11:03 - [TEST_STEP][PASSED] - delay(3): Delayed 3 second(s)

2019-05-24 19:11:06 - [MESSAGE][PASSED] - Delayed 3 second(s)

2019-05-24 19:11:06 - [TEST_STEP][PASSED] - selectOptionByValue(findTestObject("Object Repository/findOrders/Page_cabi Find Orders/Page_cabi Stylist Create RMA/selectReason1"), "CABI_c", true): All options with value 'CABI_c' are selected in object 'Object Repository/findOrders/Page_cabi Find Orders/Page_cabi Stylist Create RMA/selectReason1'  using regular expression

2019-05-24 19:11:06 - [MESSAGE][PASSED] - All options with value 'CABI_c' are selected in object 'Object Repository/findOrders/Page_cabi Find Orders/Page_cabi Stylist Create RMA/selectReason1'  using regular expression

2019-05-24 19:11:06 - [TEST_STEP][PASSED] - selectOptionByValue(findTestObject("Object Repository/findOrders/Page_cabi Find Orders/Page_cabi Stylist Create RMA/selectReason2"), "CABI_c_a", true): All options with value 'CABI_c_a' are selected in object 'Object Repository/findOrders/Page_cabi Find Orders/Page_cabi Stylist Create RMA/selectReason2'  using regular expression

2019-05-24 19:11:06 - [MESSAGE][PASSED] - All options with value 'CABI_c_a' are selected in object 'Object Repository/findOrders/Page_cabi Find Orders/Page_cabi Stylist Create RMA/selectReason2'  using regular expression

2019-05-24 19:11:06 - [TEST_STEP][PASSED] - click(findTestObject("Object Repository/findOrders/Page_cabi Find Orders/Page_cabi Stylist Create RMA/inputRefund")): Object: 'Object Repository/findOrders/Page_cabi Find Orders/Page_cabi Stylist Create RMA/inputRefund' is clicked on

2019-05-24 19:11:06 - [MESSAGE][PASSED] - Object: 'Object Repository/findOrders/Page_cabi Find Orders/Page_cabi Stylist Create RMA/inputRefund' is clicked on

2019-05-24 19:11:06 - [TEST_STEP][PASSED] - click(findTestObject("Object Repository/findOrders/Page_cabi Find Orders/Page_cabi Stylist Create RMA/a_Next")): Object: 'Object Repository/findOrders/Page_cabi Find Orders/Page_cabi Stylist Create RMA/a_Next' is clicked on

2019-05-24 19:11:07 - [MESSAGE][PASSED] - Object: 'Object Repository/findOrders/Page_cabi Find Orders/Page_cabi Stylist Create RMA/a_Next' is clicked on

2019-05-24 19:11:07 - [TEST_STEP][PASSED] - click(findTestObject("Object Repository/findOrders/Page_cabi Find Orders/Page_cabi Stylist Create RMA/inputPostalService")): Object: 'Object Repository/findOrders/Page_cabi Find Orders/Page_cabi Stylist Create RMA/inputPostalService' is clicked on

2019-05-24 19:11:08 - [MESSAGE][PASSED] - Object: 'Object Repository/findOrders/Page_cabi Find Orders/Page_cabi Stylist Create RMA/inputPostalService' is clicked on

2019-05-24 19:11:08 - [TEST_STEP][PASSED] - click(findTestObject("Object Repository/findOrders/Page_cabi Find Orders/Page_cabi Stylist Create RMA/inputConfirmAdderess")): Object: 'Object Repository/findOrders/Page_cabi Find Orders/Page_cabi Stylist Create RMA/inputConfirmAdderess' is clicked on

2019-05-24 19:11:08 - [MESSAGE][PASSED] - Object: 'Object Repository/findOrders/Page_cabi Find Orders/Page_cabi Stylist Create RMA/inputConfirmAdderess' is clicked on

2019-05-24 19:11:08 - [TEST_STEP][PASSED] - click(findTestObject("Object Repository/findOrders/Page_cabi Find Orders/Page_cabi Stylist Create RMA/a_Next_1")): Object: 'Object Repository/findOrders/Page_cabi Find Orders/Page_cabi Stylist Create RMA/a_Next_1' is clicked on

2019-05-24 19:11:09 - [MESSAGE][PASSED] - Object: 'Object Repository/findOrders/Page_cabi Find Orders/Page_cabi Stylist Create RMA/a_Next_1' is clicked on

2019-05-24 19:11:09 - [TEST_STEP][PASSED] - click(findTestObject("Object Repository/findOrders/Page_cabi Find Orders/Page_cabi Stylist Create RMA/a_Submit RMA")): Object: 'Object Repository/findOrders/Page_cabi Find Orders/Page_cabi Stylist Create RMA/a_Submit RMA' is clicked on

2019-05-24 19:11:10 - [MESSAGE][PASSED] - Object: 'Object Repository/findOrders/Page_cabi Find Orders/Page_cabi Stylist Create RMA/a_Submit RMA' is clicked on

2019-05-24 19:11:10 - [TEST_STEP][PASSED] - click(findTestObject("Object Repository/findOrders/Page_cabi Find Orders/Page_cabi Stylist Create RMA/addonOrder")): Object: 'Object Repository/findOrders/Page_cabi Find Orders/Page_cabi Stylist Create RMA/addonOrder' is clicked on

2019-05-24 19:11:14 - [MESSAGE][PASSED] - Object: 'Object Repository/findOrders/Page_cabi Find Orders/Page_cabi Stylist Create RMA/addonOrder' is clicked on

2019-05-24 19:11:14 - [TEST_STEP][PASSED] - delay(3): Delayed 3 second(s)

2019-05-24 19:11:17 - [MESSAGE][PASSED] - Delayed 3 second(s)

2019-05-24 19:11:17 - [TEST_STEP][PASSED] - click(findTestObject("Object Repository/Page_cabi_addOn_order/a_continue_to_order")): Object: 'Object Repository/Page_cabi_addOn_order/a_continue_to_order' is clicked on

2019-05-24 19:11:17 - [MESSAGE][PASSED] - Object: 'Object Repository/Page_cabi_addOn_order/a_continue_to_order' is clicked on

2019-05-24 19:11:17 - [TEST_STEP][PASSED] - delay(2): Delayed 2 second(s)

2019-05-24 19:11:19 - [MESSAGE][PASSED] - Delayed 2 second(s)

2019-05-24 19:11:19 - [TEST_STEP][PASSED] - callTestCase(findTestCase("productVerifyShort"), ["available":BOAddonPersonal], STOP_ON_FAILURE): Call Test Case 'Test Cases/productVerifyShort' successfully

2019-05-24 19:11:19 - [TEST_CASE][PASSED] - Test Cases/productVerifyShort: Test Cases/productVerifyShort

2019-05-24 19:11:19 - [TEST_STEP][PASSED] - for ([row = 1, row <= findTestData("productData").getRowNumbers(), (row++)]): Delayed 3 second(s)

2019-05-24 19:11:19 - [TEST_STEP][PASSED] - delay(2): Delayed 2 second(s)

2019-05-24 19:11:21 - [MESSAGE][PASSED] - Delayed 2 second(s)

2019-05-24 19:11:21 - [TEST_STEP][PASSED] - setText(findTestObject("Object Repository/Page_cabi Create Order/input_Manual Discount_stylelookup_0"), findTestData("productData").getValue("Style", row)): Text '5618' is set on object 'Object Repository/Page_cabi Create Order/input_Manual Discount_stylelookup_0'

2019-05-24 19:11:22 - [MESSAGE][PASSED] - Text '5618' is set on object 'Object Repository/Page_cabi Create Order/input_Manual Discount_stylelookup_0'

2019-05-24 19:11:22 - [TEST_STEP][PASSED] - delay(2): Delayed 2 second(s)

2019-05-24 19:11:24 - [MESSAGE][PASSED] - Delayed 2 second(s)

2019-05-24 19:11:24 - [TEST_STEP][PASSED] - prod_message = getText(findTestObject("Page_cabi Create Order/first_option")): Text of object 'Object Repository/Page_cabi Create Order/first_option' is: '5618 Breeze Dress (Spring '19)'

2019-05-24 19:11:24 - [MESSAGE][PASSED] - Text of object 'Object Repository/Page_cabi Create Order/first_option' is: '5618 Breeze Dress (Spring '19)'

2019-05-24 19:11:24 - [TEST_STEP][PASSED] - delay(1): Delayed 1 second(s)

2019-05-24 19:11:25 - [MESSAGE][PASSED] - Delayed 1 second(s)

2019-05-24 19:11:25 - [TEST_STEP][PASSED] - click(findTestObject("Page_cabi Create Order/first_option")): Object: 'Object Repository/Page_cabi Create Order/first_option' is clicked on

2019-05-24 19:11:25 - [MESSAGE][PASSED] - Object: 'Object Repository/Page_cabi Create Order/first_option' is clicked on

2019-05-24 19:11:25 - [TEST_STEP][PASSED] - if (toString().equalsIgnoreCase("no")): null

2019-05-24 19:11:25 - [TEST_STEP][PASSED] - else: Delayed 3 second(s)

2019-05-24 19:11:25 - [TEST_STEP][PASSED] - delay(3): Delayed 3 second(s)

2019-05-24 19:11:28 - [MESSAGE][PASSED] - Delayed 3 second(s)

2019-05-24 19:11:28 - [TEST_STEP][PASSED] - s1 = getValue("Style", row).toString(): null

2019-05-24 19:11:28 - [TEST_STEP][PASSED] - s2 = " ": null

2019-05-24 19:11:28 - [TEST_STEP][PASSED] - s3 = getValue("Description", row).toString(): null

2019-05-24 19:11:28 - [TEST_STEP][PASSED] - expectedStyleDescription = $s1$s2$s3: null

2019-05-24 19:11:28 - [TEST_STEP][PASSED] - prod_message = UtilityMethods.splitStyle(prod_message): null

2019-05-24 19:11:28 - [TEST_STEP][PASSED] - println(prod_message): null

2019-05-24 19:11:28 - [TEST_STEP][PASSED] - assert prod_message.equalsIgnoreCase(expectedStyleDescription): null

2019-05-24 19:11:28 - [TEST_STEP][PASSED] - delay(3): Delayed 3 second(s)

2019-05-24 19:11:31 - [MESSAGE][PASSED] - Delayed 3 second(s)

2019-05-24 19:11:31 - [TEST_STEP][PASSED] - colorOptions = findWebElements(findTestObject("Page_cabi Order Items/GetAttribute_Color"), 5): null

2019-05-24 19:11:31 - [TEST_STEP][PASSED] - println(colorOptions.size()): null

2019-05-24 19:11:31 - [TEST_STEP][PASSED] - expectedColour = findTestData("productData").getValue("Color", row): null

2019-05-24 19:11:31 - [TEST_STEP][PASSED] - println("expected colour is"): null

2019-05-24 19:11:31 - [TEST_STEP][PASSED] - println(expectedColour): null

2019-05-24 19:11:31 - [TEST_STEP][PASSED] - colourVerified = false: null

2019-05-24 19:11:31 - [TEST_STEP][PASSED] - for (org.openqa.selenium.WebElement op : colorOptions): null

2019-05-24 19:11:31 - [TEST_STEP][PASSED] - println(op.getText()): null

2019-05-24 19:11:31 - [TEST_STEP][PASSED] - if (expectedColour.equalsIgnoreCase(op.getText())): null

2019-05-24 19:11:31 - [TEST_STEP][PASSED] - colourVerified = true: null

2019-05-24 19:11:31 - [TEST_STEP][PASSED] - break: null

2019-05-24 19:11:31 - [TEST_STEP][PASSED] - assert colourVerified == true: null

2019-05-24 19:11:31 - [TEST_STEP][PASSED] - getPrice = getText(findTestObject("Page_cabi Create Order/retail_price")): Text of object 'Object Repository/Page_cabi Create Order/retail_price' is: '$119.00'

2019-05-24 19:11:31 - [MESSAGE][PASSED] - Text of object 'Object Repository/Page_cabi Create Order/retail_price' is: '$119.00'

2019-05-24 19:11:31 - [TEST_STEP][PASSED] - Split_Data = UtilityMethods.SplitData(getPrice): null

2019-05-24 19:11:31 - [TEST_STEP][PASSED] - verifyMatch(Split_Data, findTestData("productData").getValue("Retail", row), true): Actual text '119' and expected text '119' are matched  using regular expression

2019-05-24 19:11:31 - [MESSAGE][PASSED] - Actual text '119' and expected text '119' are matched  using regular expression

2019-05-24 19:11:31 - [TEST_STEP][PASSED] - sizeRange1 = ["XXS", "XS", "S", "M", "L", "XL"]: null

2019-05-24 19:11:31 - [TEST_STEP][PASSED] - sizeRange2 = ["00", "0", "2", "4", "6", "8", "10", "12", "14", "16"]: null

2019-05-24 19:11:31 - [TEST_STEP][PASSED] - sizeRange3 = ["Long", "Regular", "Short"]: null

2019-05-24 19:11:31 - [TEST_STEP][PASSED] - sizeRange4 = ["5", "6", "6.5", "7", "7.5", "8", "8.5", "9", "9.5", "10", "11"]: null

2019-05-24 19:11:31 - [TEST_STEP][PASSED] - sizeRangeSplit = UtilityMethods.SplitSizes(findTestData("productData").getValue("SzRange", row)): null

2019-05-24 19:11:31 - [TEST_STEP][PASSED] - sizeType = getText(findTestObject("Object Repository/Page_cabi Order Items/Size")): Text of object 'Object Repository/Page_cabi Order Items/Size' is: 'Select'

2019-05-24 19:11:31 - [MESSAGE][PASSED] - Text of object 'Object Repository/Page_cabi Order Items/Size' is: 'Select'

2019-05-24 19:11:31 - [TEST_STEP][PASSED] - sizeOptions = findWebElements(findTestObject("Object Repository/Page_cabi Order Items/Size"), 5): null

2019-05-24 19:11:31 - [TEST_STEP][PASSED] - actualRange = new java.util.ArrayList(): null

2019-05-24 19:11:31 - [TEST_STEP][PASSED] - expectedRange = <not implemented yet for class: org.codehaus.groovy.ast.expr.EmptyExpression>: null

2019-05-24 19:11:31 - [TEST_STEP][PASSED] - if (sizeType.equalsIgnoreCase("Select")): null

2019-05-24 19:11:31 - [TEST_STEP][PASSED] - for ([i = 1, i < sizeOptions.size(), (i++)]): null

2019-05-24 19:11:31 - [TEST_STEP][PASSED] - actualRange.add(get(i).getText()): null

2019-05-24 19:11:31 - [TEST_STEP][PASSED] - actualRange.add(get(i).getText()): null

2019-05-24 19:11:31 - [TEST_STEP][PASSED] - actualRange.add(get(i).getText()): null

2019-05-24 19:11:31 - [TEST_STEP][PASSED] - actualRange.add(get(i).getText()): null

2019-05-24 19:11:31 - [TEST_STEP][PASSED] - actualRange.add(get(i).getText()): null

2019-05-24 19:11:31 - [TEST_STEP][PASSED] - if (toString().equalsIgnoreCase("XS") || toString().equalsIgnoreCase("XXS")): null

2019-05-24 19:11:31 - [TEST_STEP][PASSED] - expectedRange = UtilityMethods.getExpectedRange(sizeRange1, sizeRangeSplit): null

2019-05-24 19:11:31 - [TEST_STEP][PASSED] - println("XS"): null

2019-05-24 19:11:31 - [TEST_STEP][PASSED] - println(expectedRange.toString()): null

2019-05-24 19:11:31 - [TEST_STEP][PASSED] - assert UtilityMethods.listEquals(expectedRange, actualRange) == true: null

2019-05-24 19:11:31 - [TEST_STEP][PASSED] - delay(3): Delayed 3 second(s)

2019-05-24 19:11:34 - [MESSAGE][PASSED] - Delayed 3 second(s)

2019-05-24 19:11:34 - [MESSAGE][PASSED] - Call Test Case 'Test Cases/productVerifyShort' successfully

2019-05-24 19:11:34 - [TEST_STEP][PASSED] - controlParallelism = controlParallelism + 1: null

2019-05-24 19:11:34 - [TEST_STEP][PASSED] - if (controlParallelism == parallelTC): null]]></system-out>
         <system-err><![CDATA[]]></system-err>
      </testcase>
      <system-out><![CDATA[2019-05-24 18:54:57 - [TEST_SUITE][PASSED] - NASuit1_addOnOrderPersonal: Test Cases/addOnOrderPersonal]]></system-out>
      <system-err><![CDATA[]]></system-err>
   </testsuite>
</testsuites>
