<?xml version="1.0" encoding="UTF-8"?>
<testsuites name="DTYSuite" time="1137" tests="3" failures="0" errors="1">
   <testsuite name="DTYSuite" tests="3" failures="0" errors="1" time="1137" timestamp="2019-11-15 13:35:45" hostname="user - 10.0.102.44" id="Test Suites/VirtualShowSuites/DTYSuite">
      <properties>
         <property name="deviceName" value=""/>
         <property name="devicePlatform" value=""/>
         <property name="logFolder" value="C:\\Users\\user\\Documents\\testautomation\\KatalonProjects\\Reports\\VirtualShowSuites\\DTYSuite\\20191115_133542"/>
         <property name="logFiles" value="C:\\Users\\user\\Documents\\testautomation\\KatalonProjects\\Reports\\VirtualShowSuites\\DTYSuite\\20191115_133542\\execution0.log"/>
         <property name="attachments" value=""/>
         <property name="hostName" value="user - 10.0.102.44"/>
         <property name="os" value="Windows 8.1 64bit"/>
         <property name="katalonVersion" value="6.1.1.1"/>
         <property name="browser" value="Chrome 78.0.3904.97"/>
         <property name="hostAddress" value="10.0.102.44"/>
         <property name="sessionId" value="03e45e64241e971c5bba64cf0d2697b2"/>
         <property name="seleniumVersion" value="3.7.1"/>
         <property name="proxyInformation" value="ProxyInformation{proxyOption=NO_PROXY, proxyServerType=HTTP, password=, proxyServerAddress=, proxyServerPort=0}"/>
         <property name="platform" value="Windows 8.1"/>
      </properties>
      <testcase name="Test Cases/VirtualShow/BODTY/DTY" classname="Test Cases/VirtualShow/BODTY/DTY" status="PASSED">
         <system-out><![CDATA[2019-11-15 13:35:45 - [TEST_CASE][PASSED] - Test Cases/VirtualShow/BODTY/DTY: Test Cases/VirtualShow/BODTY/DTY

2019-11-15 13:35:46 - [TEST_STEP][PASSED] - Start listener action : sampleBeforeTestCase: null

2019-11-15 13:35:46 - [TEST_STEP][PASSED] - println(testCaseContext.getTestCaseId()): null

2019-11-15 13:35:46 - [TEST_STEP][PASSED] - println(testCaseContext.getTestCaseVariables()): null

2019-11-15 13:35:47 - [TEST_STEP][PASSED] - dataFile = "virtualShowData": null

2019-11-15 13:35:47 - [TEST_STEP][PASSED] - guest1 = findTestData(dataFile).getValue("guest1", 1): null

2019-11-15 13:35:48 - [TEST_STEP][PASSED] - guest2 = findTestData(dataFile).getValue("guest2", 1): null

2019-11-15 13:35:48 - [TEST_STEP][PASSED] - hostess = findTestData(dataFile).getValue("hostess", 1): null

2019-11-15 13:35:48 - [TEST_STEP][PASSED] - cohostess = findTestData(dataFile).getValue("cohostess", 1): null

2019-11-15 13:35:48 - [TEST_STEP][PASSED] - dfMM = new java.text.SimpleDateFormat(MM): null

2019-11-15 13:35:48 - [TEST_STEP][PASSED] - dfDD = new java.text.SimpleDateFormat(dd): null

2019-11-15 13:35:48 - [TEST_STEP][PASSED] - dfYYYY = new java.text.SimpleDateFormat(yyyy): null

2019-11-15 13:35:48 - [TEST_STEP][PASSED] - today = getInstance().getTime(): null

2019-11-15 13:35:48 - [TEST_STEP][PASSED] - c = Calendar.getInstance(): null

2019-11-15 13:35:48 - [TEST_STEP][PASSED] - c.setTime(today): null

2019-11-15 13:35:48 - [TEST_STEP][PASSED] - c.add(DATE, 2): null

2019-11-15 13:35:48 - [TEST_STEP][PASSED] - newShowDate = c.getTime(): null

2019-11-15 13:35:48 - [TEST_STEP][PASSED] - vsyear = dfYYYY.format(newShowDate): null

2019-11-15 13:35:48 - [TEST_STEP][PASSED] - vsmonth = dfMM.format(newShowDate): null

2019-11-15 13:35:48 - [TEST_STEP][PASSED] - vsday = dfDD.format(newShowDate): null

2019-11-15 13:35:48 - [TEST_STEP][PASSED] - println(UtilityMethods.concat("from DTY: ", vsday, " ", vsmonth, " ", vsyear)): null

2019-11-15 13:35:48 - [TEST_STEP][PASSED] - callTestCase(findTestCase("VirtualShow/createAPhysicalShow"), ["BOURL":"", "BOuser":"", "BOpass":"", "hostess":"", "cohostess":"", "vsday":vsday, "vsmonth":vsmonth, "vsyear":vsyear], STOP_ON_FAILURE): Call Test Case 'Test Cases/VirtualShow/createAPhysicalShow' successfully

2019-11-15 13:35:49 - [TEST_CASE][PASSED] - Test Cases/VirtualShow/createAPhysicalShow: Test Cases/VirtualShow/createAPhysicalShow

2019-11-15 13:35:49 - [TEST_STEP][PASSED] - dataFile = "virtualShowData": null

2019-11-15 13:35:49 - [TEST_STEP][PASSED] - stylist = findTestData(dataFile).getValue("stylist", 1): null

2019-11-15 13:35:49 - [TEST_STEP][PASSED] - hostess = findTestData(dataFile).getValue("hostess", 1): null

2019-11-15 13:35:50 - [TEST_STEP][PASSED] - cohostess = findTestData(dataFile).getValue("cohostess", 1): null

2019-11-15 13:35:50 - [TEST_STEP][PASSED] - guest1 = findTestData(dataFile).getValue("guest1", 1): null

2019-11-15 13:35:50 - [TEST_STEP][PASSED] - guest2 = findTestData(dataFile).getValue("guest2", 1): null

2019-11-15 13:35:50 - [TEST_STEP][PASSED] - verifyGuestCount = findTestData(dataFile).getValue("verifyGuestCount", 1): null

2019-11-15 13:35:50 - [TEST_STEP][PASSED] - RSTestEnvt = findTestData("envtData").getValue("RSTestEnvt", 1): null

2019-11-15 13:35:50 - [TEST_STEP][PASSED] - openBrowser(""): Browser is opened with url: ''

2019-11-15 13:35:50 - [MESSAGE][INFO] - Starting 'Chrome' driver

2019-11-15 13:35:50 - [MESSAGE][INFO] - User set preference: ['args', '[--use-fake-ui-for-media-stream, --start-maximized]']

2019-11-15 13:35:50 - [MESSAGE][INFO] - Action delay is set to 0 seconds

2019-11-15 13:35:53 - [MESSAGE][PASSED] - Browser is opened with url: ''

2019-11-15 13:35:53 - [TEST_STEP][PASSED] - callTestCase(findTestCase("TestCaseUtilities/backOfficeLogin"), ["BOURL":"", "BOuser":"", "BOpass":""], CONTINUE_ON_FAILURE): Call Test Case 'Test Cases/TestCaseUtilities/backOfficeLogin' successfully

2019-11-15 13:35:53 - [TEST_CASE][PASSED] - Test Cases/TestCaseUtilities/backOfficeLogin: Test Cases/TestCaseUtilities/backOfficeLogin

2019-11-15 13:35:54 - [TEST_STEP][PASSED] - BOURL = findTestData("envtData").getValue("BOURL", 1): null

2019-11-15 13:35:54 - [TEST_STEP][PASSED] - BOuser = findTestData("credData").getValue("BOuser", 1): null

2019-11-15 13:35:54 - [TEST_STEP][PASSED] - BOpass = findTestData("credData").getValue("BOpass", 1): null

2019-11-15 13:35:54 - [TEST_STEP][PASSED] - openBrowser(""): Browser is opened with url: ''

2019-11-15 13:35:54 - [MESSAGE][WARNING] - A browser is already opened. Closing browser and opening a new one

2019-11-15 13:35:54 - [MESSAGE][INFO] - Starting 'Chrome' driver

2019-11-15 13:35:54 - [MESSAGE][INFO] - User set preference: ['args', '[--use-fake-ui-for-media-stream, --start-maximized]']

2019-11-15 13:35:57 - [MESSAGE][PASSED] - Browser is opened with url: ''

2019-11-15 13:35:57 - [TEST_STEP][PASSED] - navigateToUrl(BOURL): Navigate to 'https://test18.cliotest.com/backoffice/control/main' successfully

2019-11-15 13:36:04 - [MESSAGE][PASSED] - Navigate to 'https://test18.cliotest.com/backoffice/control/main' successfully

2019-11-15 13:36:04 - [TEST_STEP][PASSED] - logOut = findWebElements(findTestObject("Object Repository/Page_cabi Home/log_out"), 1): Unable to find the element located by 'By.xpath: //a[contains(text(),'Log Out')]'. Please recheck the objects properties to make sure the desired element is located. 

2019-11-15 13:36:05 - [MESSAGE][INFO] - Unable to find the element located by 'By.xpath: //a[contains(text(),'Log Out')]'. Please recheck the objects properties to make sure the desired element is located. 

2019-11-15 13:36:05 - [TEST_STEP][PASSED] - if (logOut.size() == 0): Object: 'Object Repository/Page_cabi/input_Welcome to_consultantLogin' is clicked on

2019-11-15 13:36:05 - [TEST_STEP][PASSED] - setText(findTestObject("Page_cabi/input_Welcome to_USERNAME"), BOuser): Text '400000002' is set on object 'Object Repository/Page_cabi/input_Welcome to_USERNAME'

2019-11-15 13:36:05 - [MESSAGE][PASSED] - Text '400000002' is set on object 'Object Repository/Page_cabi/input_Welcome to_USERNAME'

2019-11-15 13:36:05 - [TEST_STEP][PASSED] - setText(findTestObject("Object Repository/Page_cabi/input_Welcome to_PASSWORD"), BOpass): Text 'blackdress19' is set on object 'Object Repository/Page_cabi/input_Welcome to_PASSWORD'

2019-11-15 13:36:05 - [MESSAGE][PASSED] - Text 'blackdress19' is set on object 'Object Repository/Page_cabi/input_Welcome to_PASSWORD'

2019-11-15 13:36:05 - [TEST_STEP][PASSED] - click(findTestObject("Object Repository/Page_cabi/input_Welcome to_consultantLogin")): Object: 'Object Repository/Page_cabi/input_Welcome to_consultantLogin' is clicked on

2019-11-15 13:36:17 - [MESSAGE][PASSED] - Object: 'Object Repository/Page_cabi/input_Welcome to_consultantLogin' is clicked on

2019-11-15 13:36:17 - [TEST_STEP][PASSED] - delay(3): Delayed 3 second(s)

2019-11-15 13:36:20 - [MESSAGE][PASSED] - Delayed 3 second(s)

2019-11-15 13:36:20 - [MESSAGE][PASSED] - Call Test Case 'Test Cases/TestCaseUtilities/backOfficeLogin' successfully

2019-11-15 13:36:20 - [TEST_STEP][PASSED] - verifyElementText(findTestObject("Object Repository/virualShowRSVPOR/Page_cabi/span_username"), stylist): Actual text and expected text of test object 'Object Repository/virualShowRSVPOR/Page_cabi/span_username' are matched.

2019-11-15 13:36:20 - [MESSAGE][PASSED] - Actual text and expected text of test object 'Object Repository/virualShowRSVPOR/Page_cabi/span_username' are matched.

2019-11-15 13:36:20 - [TEST_STEP][PASSED] - click(findTestObject("Object Repository/virualShowRSVPOR/Page_cabi Home/a_shows _orders")): Object: 'Object Repository/virualShowRSVPOR/Page_cabi Home/a_shows _orders' is clicked on

2019-11-15 13:36:21 - [MESSAGE][PASSED] - Object: 'Object Repository/virualShowRSVPOR/Page_cabi Home/a_shows _orders' is clicked on

2019-11-15 13:36:21 - [TEST_STEP][PASSED] - click(findTestObject("Object Repository/virualShowRSVPOR/Page_cabi Home/a_Create_A_Show")): Object: 'Object Repository/virualShowRSVPOR/Page_cabi Home/a_Create_A_Show' is clicked on

2019-11-15 13:36:23 - [MESSAGE][PASSED] - Object: 'Object Repository/virualShowRSVPOR/Page_cabi Home/a_Create_A_Show' is clicked on

2019-11-15 13:36:23 - [TEST_STEP][PASSED] - setText(findTestObject("Object Repository/virualShowRSVPOR/Page_cabi Create Show - Set Hostess/input_Hostess"), hostess): Text 'ahostess-test abc' is set on object 'Object Repository/virualShowRSVPOR/Page_cabi Create Show - Set Hostess/input_Hostess'

2019-11-15 13:36:24 - [MESSAGE][PASSED] - Text 'ahostess-test abc' is set on object 'Object Repository/virualShowRSVPOR/Page_cabi Create Show - Set Hostess/input_Hostess'

2019-11-15 13:36:24 - [TEST_STEP][PASSED] - delay(2): Delayed 2 second(s)

2019-11-15 13:36:26 - [MESSAGE][PASSED] - Delayed 2 second(s)

2019-11-15 13:36:26 - [TEST_STEP][PASSED] - sendKeys(findTestObject("Object Repository/virualShowRSVPOR/Page_cabi Create Show - Set Hostess/input_Hostess"), Keys.chord(ARROW_DOWN)): Keys 'DOWN + ' sent to object: 'Object Repository/virualShowRSVPOR/Page_cabi Create Show - Set Hostess/input_Hostess'

2019-11-15 13:36:26 - [MESSAGE][PASSED] - Keys 'DOWN + ' sent to object: 'Object Repository/virualShowRSVPOR/Page_cabi Create Show - Set Hostess/input_Hostess'

2019-11-15 13:36:26 - [TEST_STEP][PASSED] - sendKeys(findTestObject("Object Repository/virualShowRSVPOR/Page_cabi Create Show - Set Hostess/input_Hostess"), Keys.chord(ENTER)): Keys 'ENTER + ' sent to object: 'Object Repository/virualShowRSVPOR/Page_cabi Create Show - Set Hostess/input_Hostess'

2019-11-15 13:36:26 - [MESSAGE][PASSED] - Keys 'ENTER + ' sent to object: 'Object Repository/virualShowRSVPOR/Page_cabi Create Show - Set Hostess/input_Hostess'

2019-11-15 13:36:26 - [TEST_STEP][PASSED] - delay(2): Delayed 2 second(s)

2019-11-15 13:36:28 - [MESSAGE][PASSED] - Delayed 2 second(s)

2019-11-15 13:36:28 - [TEST_STEP][PASSED] - validateHostessAddressMsg = findWebElements(findTestObject("Object Repository/virualShowRSVPOR/Page_cabi Create Show - Set Hostess/validate_address_msg"), 5): null

2019-11-15 13:36:28 - [TEST_STEP][PASSED] - println(validateHostessAddressMsg.size()): null

2019-11-15 13:36:28 - [TEST_STEP][PASSED] - if (validateHostessAddressMsg.isEmpty()): null

2019-11-15 13:36:28 - [TEST_STEP][PASSED] - selectOptionByValue(findTestObject("Object Repository/virualShowRSVPOR/Page_cabi Create Show - Set Hostess/select_Choose_From_Contacts_Co-Hostess"), "3", true): All options with value '3' are selected in object 'Object Repository/virualShowRSVPOR/Page_cabi Create Show - Set Hostess/select_Choose_From_Contacts_Co-Hostess'  using regular expression

2019-11-15 13:36:28 - [MESSAGE][PASSED] - All options with value '3' are selected in object 'Object Repository/virualShowRSVPOR/Page_cabi Create Show - Set Hostess/select_Choose_From_Contacts_Co-Hostess'  using regular expression

2019-11-15 13:36:28 - [TEST_STEP][PASSED] - setText(findTestObject("Object Repository/virualShowRSVPOR/Page_cabi Create Show - Set Hostess/input_Cohostess"), cohostess): Text 'bcohost-test abc' is set on object 'Object Repository/virualShowRSVPOR/Page_cabi Create Show - Set Hostess/input_Cohostess'

2019-11-15 13:36:28 - [MESSAGE][PASSED] - Text 'bcohost-test abc' is set on object 'Object Repository/virualShowRSVPOR/Page_cabi Create Show - Set Hostess/input_Cohostess'

2019-11-15 13:36:28 - [TEST_STEP][PASSED] - delay(2): Delayed 2 second(s)

2019-11-15 13:36:30 - [MESSAGE][PASSED] - Delayed 2 second(s)

2019-11-15 13:36:30 - [TEST_STEP][PASSED] - sendKeys(findTestObject("Object Repository/virualShowRSVPOR/Page_cabi Create Show - Set Hostess/input_Cohostess"), Keys.chord(ARROW_DOWN)): Keys 'DOWN + ' sent to object: 'Object Repository/virualShowRSVPOR/Page_cabi Create Show - Set Hostess/input_Cohostess'

2019-11-15 13:36:30 - [MESSAGE][PASSED] - Keys 'DOWN + ' sent to object: 'Object Repository/virualShowRSVPOR/Page_cabi Create Show - Set Hostess/input_Cohostess'

2019-11-15 13:36:30 - [TEST_STEP][PASSED] - sendKeys(findTestObject("Object Repository/virualShowRSVPOR/Page_cabi Create Show - Set Hostess/input_Cohostess"), Keys.chord(ENTER)): Keys 'ENTER + ' sent to object: 'Object Repository/virualShowRSVPOR/Page_cabi Create Show - Set Hostess/input_Cohostess'

2019-11-15 13:36:31 - [MESSAGE][PASSED] - Keys 'ENTER + ' sent to object: 'Object Repository/virualShowRSVPOR/Page_cabi Create Show - Set Hostess/input_Cohostess'

2019-11-15 13:36:31 - [TEST_STEP][PASSED] - delay(3): Delayed 3 second(s)

2019-11-15 13:36:34 - [MESSAGE][PASSED] - Delayed 3 second(s)

2019-11-15 13:36:34 - [TEST_STEP][PASSED] - validateHostessAddressMsg = findWebElements(findTestObject("Object Repository/virualShowRSVPOR/Page_cabi Create Show - Set Hostess/validate_address_msg"), 5): null

2019-11-15 13:36:34 - [TEST_STEP][PASSED] - if (validateHostessAddressMsg.size() != 4): null

2019-11-15 13:36:34 - [TEST_STEP][PASSED] - click(findTestObject("Object Repository/virualShowRSVPOR/Page_cabi Create Show - Set Hostess/input_next")): Object: 'Object Repository/virualShowRSVPOR/Page_cabi Create Show - Set Hostess/input_next' is clicked on

2019-11-15 13:36:36 - [MESSAGE][PASSED] - Object: 'Object Repository/virualShowRSVPOR/Page_cabi Create Show - Set Hostess/input_next' is clicked on

2019-11-15 13:36:36 - [TEST_STEP][PASSED] - click(findTestObject("Object Repository/virualShowRSVPOR/Page_cabi Create Show - Time and Place/check_Physical_Show")): Object: 'Object Repository/virualShowRSVPOR/Page_cabi Create Show - Time and Place/check_Physical_Show' is clicked on

2019-11-15 13:36:36 - [MESSAGE][PASSED] - Object: 'Object Repository/virualShowRSVPOR/Page_cabi Create Show - Time and Place/check_Physical_Show' is clicked on

2019-11-15 13:36:36 - [TEST_STEP][PASSED] - click(findTestObject("Object Repository/virualShowRSVPOR/Page_cabi Create Show - Time and Place/input_Show_Date_Time")): Object: 'Object Repository/virualShowRSVPOR/Page_cabi Create Show - Time and Place/input_Show_Date_Time' is clicked on

2019-11-15 13:36:36 - [MESSAGE][PASSED] - Object: 'Object Repository/virualShowRSVPOR/Page_cabi Create Show - Time and Place/input_Show_Date_Time' is clicked on

2019-11-15 13:36:36 - [TEST_STEP][PASSED] - println(UtilityMethods.concat(" ", vsday, " ", vsmonth, " ", vsyear)): null

2019-11-15 13:36:36 - [TEST_STEP][PASSED] - year = vsyear: null

2019-11-15 13:36:36 - [TEST_STEP][PASSED] - month = vsmonth: null

2019-11-15 13:36:36 - [TEST_STEP][PASSED] - day = vsday: null

2019-11-15 13:36:36 - [TEST_STEP][PASSED] - pastdate = findTestData("virtualShowData").getValue("pastdate", 1): null

2019-11-15 13:36:36 - [TEST_STEP][PASSED] - xpath = UtilityMethods.concat("//td[@data-month='" + month - 1 + "' and @data-year='" + year + "']/a[contains(text(), '" + day + "')]"): null

2019-11-15 13:36:36 - [TEST_STEP][PASSED] - dateObj = new com.kms.katalon.core.testobject.TestObject(td_month_year_day): null

2019-11-15 13:36:36 - [TEST_STEP][PASSED] - dateObj.addProperty("xpath", EQUALS, xpath): null

2019-11-15 13:36:36 - [TEST_STEP][PASSED] - monthBound = 12: null

2019-11-15 13:36:36 - [TEST_STEP][PASSED] - dateObjList = findWebElements(dateObj, 5): null

2019-11-15 13:36:36 - [TEST_STEP][PASSED] - while (dateObjList.size() == 0 && monthBound > 0): null

2019-11-15 13:36:36 - [TEST_STEP][PASSED] - click(dateObj): Object: 'td_month_year_day' is clicked on

2019-11-15 13:36:36 - [MESSAGE][PASSED] - Object: 'td_month_year_day' is clicked on

2019-11-15 13:36:36 - [TEST_STEP][PASSED] - click(findTestObject("Object Repository/virualShowRSVPOR/Page_cabi Create Show - Time and Place/a_select_End_Time")): Object: 'Object Repository/virualShowRSVPOR/Page_cabi Create Show - Time and Place/a_select_End_Time' is clicked on

2019-11-15 13:36:36 - [MESSAGE][PASSED] - Object: 'Object Repository/virualShowRSVPOR/Page_cabi Create Show - Time and Place/a_select_End_Time' is clicked on

2019-11-15 13:36:36 - [TEST_STEP][PASSED] - delay(2): Delayed 2 second(s)

2019-11-15 13:36:38 - [MESSAGE][PASSED] - Delayed 2 second(s)

2019-11-15 13:36:38 - [TEST_STEP][PASSED] - click(findTestObject("virualShowRSVPOR/Page_cabi Create Show - Time and Place/check_show_address_same_as_hostess")): Object: 'Object Repository/virualShowRSVPOR/Page_cabi Create Show - Time and Place/check_show_address_same_as_hostess' is clicked on

2019-11-15 13:36:39 - [MESSAGE][PASSED] - Object: 'Object Repository/virualShowRSVPOR/Page_cabi Create Show - Time and Place/check_show_address_same_as_hostess' is clicked on

2019-11-15 13:36:39 - [TEST_STEP][PASSED] - delay(2): Delayed 2 second(s)

2019-11-15 13:36:41 - [MESSAGE][PASSED] - Delayed 2 second(s)

2019-11-15 13:36:41 - [TEST_STEP][PASSED] - click(findTestObject("Object Repository/virualShowRSVPOR/Page_cabi Create Show - Time and Place/check_shipping_address_same_as_location")): Object: 'Object Repository/virualShowRSVPOR/Page_cabi Create Show - Time and Place/check_shipping_address_same_as_location' is clicked on

2019-11-15 13:36:41 - [MESSAGE][PASSED] - Object: 'Object Repository/virualShowRSVPOR/Page_cabi Create Show - Time and Place/check_shipping_address_same_as_location' is clicked on

2019-11-15 13:36:41 - [TEST_STEP][PASSED] - delay(2): Delayed 2 second(s)

2019-11-15 13:36:43 - [MESSAGE][PASSED] - Delayed 2 second(s)

2019-11-15 13:36:43 - [TEST_STEP][PASSED] - click(findTestObject("Object Repository/virualShowRSVPOR/Page_cabi Create Show - Time and Place/input_next")): Object: 'Object Repository/virualShowRSVPOR/Page_cabi Create Show - Time and Place/input_next' is clicked on

2019-11-15 13:36:43 - [MESSAGE][PASSED] - Object: 'Object Repository/virualShowRSVPOR/Page_cabi Create Show - Time and Place/input_next' is clicked on

2019-11-15 13:36:43 - [TEST_STEP][PASSED] - delay(5): Delayed 5 second(s)

2019-11-15 13:36:48 - [MESSAGE][PASSED] - Delayed 5 second(s)

2019-11-15 13:36:48 - [TEST_STEP][PASSED] - click(findTestObject("Object Repository/virualShowRSVPOR/Page_cabi Create Show - Invite Hostess/input_Skip_Invite")): Object: 'Object Repository/virualShowRSVPOR/Page_cabi Create Show - Invite Hostess/input_Skip_Invite' is clicked on

2019-11-15 13:36:51 - [MESSAGE][PASSED] - Object: 'Object Repository/virualShowRSVPOR/Page_cabi Create Show - Invite Hostess/input_Skip_Invite' is clicked on

2019-11-15 13:36:51 - [TEST_STEP][PASSED] - setText(findTestObject("Object Repository/virualShowRSVPOR/Page_cabi Edit Show - Add Guests/contact_search_box"), guest1): Text 'guest1-test abc' is set on object 'Object Repository/virualShowRSVPOR/Page_cabi Edit Show - Add Guests/contact_search_box'

2019-11-15 13:36:51 - [MESSAGE][PASSED] - Text 'guest1-test abc' is set on object 'Object Repository/virualShowRSVPOR/Page_cabi Edit Show - Add Guests/contact_search_box'

2019-11-15 13:36:51 - [TEST_STEP][PASSED] - delay(2): Delayed 2 second(s)

2019-11-15 13:36:53 - [MESSAGE][PASSED] - Delayed 2 second(s)

2019-11-15 13:36:53 - [TEST_STEP][PASSED] - sendKeys(findTestObject("Object Repository/virualShowRSVPOR/Page_cabi Edit Show - Add Guests/contact_search_box"), Keys.chord(ARROW_DOWN)): Keys 'DOWN + ' sent to object: 'Object Repository/virualShowRSVPOR/Page_cabi Edit Show - Add Guests/contact_search_box'

2019-11-15 13:36:53 - [MESSAGE][PASSED] - Keys 'DOWN + ' sent to object: 'Object Repository/virualShowRSVPOR/Page_cabi Edit Show - Add Guests/contact_search_box'

2019-11-15 13:36:53 - [TEST_STEP][PASSED] - sendKeys(findTestObject("Object Repository/virualShowRSVPOR/Page_cabi Edit Show - Add Guests/contact_search_box"), Keys.chord(ENTER)): Keys 'ENTER + ' sent to object: 'Object Repository/virualShowRSVPOR/Page_cabi Edit Show - Add Guests/contact_search_box'

2019-11-15 13:36:53 - [MESSAGE][PASSED] - Keys 'ENTER + ' sent to object: 'Object Repository/virualShowRSVPOR/Page_cabi Edit Show - Add Guests/contact_search_box'

2019-11-15 13:36:53 - [TEST_STEP][PASSED] - delay(2): Delayed 2 second(s)

2019-11-15 13:36:55 - [MESSAGE][PASSED] - Delayed 2 second(s)

2019-11-15 13:36:55 - [TEST_STEP][PASSED] - click(findTestObject("Object Repository/virualShowRSVPOR/Page_cabi Edit Show - Add Guests/a_add_guest")): Object: 'Object Repository/virualShowRSVPOR/Page_cabi Edit Show - Add Guests/a_add_guest' is clicked on

2019-11-15 13:36:56 - [MESSAGE][PASSED] - Object: 'Object Repository/virualShowRSVPOR/Page_cabi Edit Show - Add Guests/a_add_guest' is clicked on

2019-11-15 13:36:56 - [TEST_STEP][PASSED] - delay(5): Delayed 5 second(s)

2019-11-15 13:37:01 - [MESSAGE][PASSED] - Delayed 5 second(s)

2019-11-15 13:37:01 - [TEST_STEP][PASSED] - setText(findTestObject("Object Repository/virualShowRSVPOR/Page_cabi Edit Show - Add Guests/contact_search_box"), guest2): Text 'guest2-test abc' is set on object 'Object Repository/virualShowRSVPOR/Page_cabi Edit Show - Add Guests/contact_search_box'

2019-11-15 13:37:01 - [MESSAGE][PASSED] - Text 'guest2-test abc' is set on object 'Object Repository/virualShowRSVPOR/Page_cabi Edit Show - Add Guests/contact_search_box'

2019-11-15 13:37:01 - [TEST_STEP][PASSED] - delay(2): Delayed 2 second(s)

2019-11-15 13:37:03 - [MESSAGE][PASSED] - Delayed 2 second(s)

2019-11-15 13:37:03 - [TEST_STEP][PASSED] - sendKeys(findTestObject("Object Repository/virualShowRSVPOR/Page_cabi Edit Show - Add Guests/contact_search_box"), Keys.chord(ARROW_DOWN)): Keys 'DOWN + ' sent to object: 'Object Repository/virualShowRSVPOR/Page_cabi Edit Show - Add Guests/contact_search_box'

2019-11-15 13:37:03 - [MESSAGE][PASSED] - Keys 'DOWN + ' sent to object: 'Object Repository/virualShowRSVPOR/Page_cabi Edit Show - Add Guests/contact_search_box'

2019-11-15 13:37:03 - [TEST_STEP][PASSED] - sendKeys(findTestObject("Object Repository/virualShowRSVPOR/Page_cabi Edit Show - Add Guests/contact_search_box"), Keys.chord(ENTER)): Keys 'ENTER + ' sent to object: 'Object Repository/virualShowRSVPOR/Page_cabi Edit Show - Add Guests/contact_search_box'

2019-11-15 13:37:03 - [MESSAGE][PASSED] - Keys 'ENTER + ' sent to object: 'Object Repository/virualShowRSVPOR/Page_cabi Edit Show - Add Guests/contact_search_box'

2019-11-15 13:37:03 - [TEST_STEP][PASSED] - delay(2): Delayed 2 second(s)

2019-11-15 13:37:05 - [MESSAGE][PASSED] - Delayed 2 second(s)

2019-11-15 13:37:05 - [TEST_STEP][PASSED] - click(findTestObject("Object Repository/virualShowRSVPOR/Page_cabi Edit Show - Add Guests/a_add_guest")): Object: 'Object Repository/virualShowRSVPOR/Page_cabi Edit Show - Add Guests/a_add_guest' is clicked on

2019-11-15 13:37:06 - [MESSAGE][PASSED] - Object: 'Object Repository/virualShowRSVPOR/Page_cabi Edit Show - Add Guests/a_add_guest' is clicked on

2019-11-15 13:37:06 - [TEST_STEP][PASSED] - delay(2): Delayed 2 second(s)

2019-11-15 13:37:08 - [MESSAGE][PASSED] - Delayed 2 second(s)

2019-11-15 13:37:08 - [TEST_STEP][PASSED] - verifyHostess = UtilityMethods.splitPersonName(hostess): null

2019-11-15 13:37:08 - [TEST_STEP][PASSED] - verifyCohostess = UtilityMethods.splitPersonName(cohostess): null

2019-11-15 13:37:08 - [TEST_STEP][PASSED] - verifyGuest1 = UtilityMethods.splitPersonName(guest1): null

2019-11-15 13:37:08 - [TEST_STEP][PASSED] - verifyGuest2 = UtilityMethods.splitPersonName(guest2): null

2019-11-15 13:37:08 - [TEST_STEP][PASSED] - verifyElementText(findTestObject("Object Repository/virualShowRSVPOR/Page_cabi Edit Show - Add Guests/span_hostess_name"), UtilityMethods.concat(verifyHostess[1], ", ", verifyHostess[0])): Actual text and expected text of test object 'Object Repository/virualShowRSVPOR/Page_cabi Edit Show - Add Guests/span_hostess_name' are matched.

2019-11-15 13:37:08 - [MESSAGE][PASSED] - Actual text and expected text of test object 'Object Repository/virualShowRSVPOR/Page_cabi Edit Show - Add Guests/span_hostess_name' are matched.

2019-11-15 13:37:08 - [TEST_STEP][PASSED] - verifyElementText(findTestObject("Object Repository/virualShowRSVPOR/Page_cabi Edit Show - Add Guests/span_cohostess_name"), UtilityMethods.concat(verifyCohostess[1], ", ", verifyCohostess[0])): Actual text and expected text of test object 'Object Repository/virualShowRSVPOR/Page_cabi Edit Show - Add Guests/span_cohostess_name' are matched.

2019-11-15 13:37:08 - [MESSAGE][PASSED] - Actual text and expected text of test object 'Object Repository/virualShowRSVPOR/Page_cabi Edit Show - Add Guests/span_cohostess_name' are matched.

2019-11-15 13:37:08 - [TEST_STEP][PASSED] - listElement = findWebElements(findTestObject("Object Repository/virualShowRSVPOR/Page_cabi Edit Show - Add Guests/span_guest_name_list"), 5): null

2019-11-15 13:37:08 - [TEST_STEP][PASSED] - guestCount = Integer.parseInt(verifyGuestCount): null

2019-11-15 13:37:08 - [TEST_STEP][PASSED] - flag = false: null

2019-11-15 13:37:08 - [TEST_STEP][PASSED] - for ([i = 0, i < guestCount, (i++)]): null

2019-11-15 13:37:08 - [TEST_STEP][PASSED] - flag = false: null

2019-11-15 13:37:08 - [TEST_STEP][PASSED] - if (getText().equals(UtilityMethods.concat(verifyGuest1[1], ", ", verifyGuest1[0]))): null

2019-11-15 13:37:08 - [TEST_STEP][PASSED] - flag = true: null

2019-11-15 13:37:08 - [TEST_STEP][PASSED] - if (getText().equals(UtilityMethods.concat(verifyGuest2[1], ", ", verifyGuest2[0]))): null

2019-11-15 13:37:08 - [TEST_STEP][PASSED] - flag = false: null

2019-11-15 13:37:08 - [TEST_STEP][PASSED] - if (getText().equals(UtilityMethods.concat(verifyGuest1[1], ", ", verifyGuest1[0]))): null

2019-11-15 13:37:08 - [TEST_STEP][PASSED] - if (getText().equals(UtilityMethods.concat(verifyGuest2[1], ", ", verifyGuest2[0]))): null

2019-11-15 13:37:08 - [TEST_STEP][PASSED] - flag = true: null

2019-11-15 13:37:08 - [TEST_STEP][PASSED] - click(findTestObject("Object Repository/virualShowRSVPOR/Page_cabi Edit Show - Add Guests/input_Next")): Object: 'Object Repository/virualShowRSVPOR/Page_cabi Edit Show - Add Guests/input_Next' is clicked on

2019-11-15 13:37:10 - [MESSAGE][PASSED] - Object: 'Object Repository/virualShowRSVPOR/Page_cabi Edit Show - Add Guests/input_Next' is clicked on

2019-11-15 13:37:10 - [TEST_STEP][PASSED] - delay(3): Delayed 3 second(s)

2019-11-15 13:37:13 - [MESSAGE][PASSED] - Delayed 3 second(s)

2019-11-15 13:37:13 - [TEST_STEP][PASSED] - click(findTestObject("Object Repository/virualShowRSVPOR/Page_cabi Edit Show - Send Invitations/input_Overview")): Object: 'Object Repository/virualShowRSVPOR/Page_cabi Edit Show - Send Invitations/input_Overview' is clicked on

2019-11-15 13:37:16 - [MESSAGE][PASSED] - Object: 'Object Repository/virualShowRSVPOR/Page_cabi Edit Show - Send Invitations/input_Overview' is clicked on

2019-11-15 13:37:16 - [TEST_STEP][PASSED] - showID = getText(findTestObject("Object Repository/virualShowRSVPOR/Page_cabi Orders/li_Show_ID_Text")): Text of object 'Object Repository/virualShowRSVPOR/Page_cabi Orders/li_Show_ID_Text' is: 'Show #: 104831401'

2019-11-15 13:37:16 - [MESSAGE][PASSED] - Text of object 'Object Repository/virualShowRSVPOR/Page_cabi Orders/li_Show_ID_Text' is: 'Show #: 104831401'

2019-11-15 13:37:16 - [TEST_STEP][PASSED] - delay(2): Delayed 2 second(s)

2019-11-15 13:37:18 - [MESSAGE][PASSED] - Delayed 2 second(s)

2019-11-15 13:37:18 - [TEST_STEP][PASSED] - driver = getWebDriver(): null

2019-11-15 13:37:18 - [TEST_STEP][PASSED] - executor = driver: null

2019-11-15 13:37:18 - [TEST_STEP][PASSED] - executor.executeScript("arguments[0].click();", findWebElement(findTestObject("Object Repository/virualShowRSVPOR/Page_cabi Orders/a_My Profile"), 5)): null

2019-11-15 13:37:20 - [TEST_STEP][PASSED] - rsName = getText(findTestObject("Object Repository/virualShowRSVPOR/Page_cabi My Profile/span_rsName")): Text of object 'Object Repository/virualShowRSVPOR/Page_cabi My Profile/span_rsName' is: 'MirandaKate'

2019-11-15 13:37:20 - [MESSAGE][PASSED] - Text of object 'Object Repository/virualShowRSVPOR/Page_cabi My Profile/span_rsName' is: 'MirandaKate'

2019-11-15 13:37:20 - [TEST_STEP][PASSED] - micrositeURL = UtilityMethods.createURL(rsName, RSTestEnvt, showID): null

2019-11-15 13:37:20 - [TEST_STEP][PASSED] - println(micrositeURL): null

2019-11-15 13:37:20 - [TEST_STEP][PASSED] - back(): Navigate back successfully

2019-11-15 13:37:21 - [MESSAGE][PASSED] - Navigate back successfully

2019-11-15 13:37:21 - [MESSAGE][PASSED] - Call Test Case 'Test Cases/VirtualShow/createAPhysicalShow' successfully

2019-11-15 13:37:21 - [TEST_STEP][PASSED] - driver = getWebDriver(): null

2019-11-15 13:37:21 - [TEST_STEP][PASSED] - executor = driver: null

2019-11-15 13:37:21 - [TEST_STEP][PASSED] - click(findTestObject("Object Repository/virualShowRSVPOR/Page_cabi Edit Show - Send Invitations/a_orders")): Object: 'Object Repository/virualShowRSVPOR/Page_cabi Edit Show - Send Invitations/a_orders' is clicked on

2019-11-15 13:37:23 - [MESSAGE][PASSED] - Object: 'Object Repository/virualShowRSVPOR/Page_cabi Edit Show - Send Invitations/a_orders' is clicked on

2019-11-15 13:37:23 - [TEST_STEP][PASSED] - g1Vars = UtilityMethods.splitPersonName(guest1): null

2019-11-15 13:37:23 - [TEST_STEP][PASSED] - g1Var = UtilityMethods.concat(g1Vars[1], ", ", g1Vars[0]): null

2019-11-15 13:37:23 - [TEST_STEP][PASSED] - buttonPlaceOrder = UtilityMethods.createTestObject("buttoPlaceOrder", "//table[@class='show-order-table']/tbody/tr/td/span[contains(text(), '", g1Var, "')]/parent::td/following-sibling::td[1]/button"): null

2019-11-15 13:37:23 - [TEST_STEP][PASSED] - click(buttonPlaceOrder): Object: 'buttoPlaceOrder' is clicked on

2019-11-15 13:37:26 - [MESSAGE][PASSED] - Object: 'buttoPlaceOrder' is clicked on

2019-11-15 13:37:26 - [TEST_STEP][PASSED] - delay(3): Delayed 3 second(s)

2019-11-15 13:37:29 - [MESSAGE][PASSED] - Delayed 3 second(s)

2019-11-15 13:37:29 - [TEST_STEP][PASSED] - DTYMsg = "Hooray! This order is eligible for "Direct to You" shipping.": null

2019-11-15 13:37:29 - [TEST_STEP][PASSED] - println(getText(findTestObject("Object Repository/virualShowRSVPOR/DTY/label_DtyEligibility"))): Text of object 'Object Repository/virualShowRSVPOR/DTY/label_DtyEligibility' is: 'Hooray! This order is eligible for "Direct to You" shipping.'

2019-11-15 13:37:29 - [MESSAGE][PASSED] - Text of object 'Object Repository/virualShowRSVPOR/DTY/label_DtyEligibility' is: 'Hooray! This order is eligible for "Direct to You" shipping.'

2019-11-15 13:37:29 - [TEST_STEP][PASSED] - verifyElementText(findTestObject("Object Repository/virualShowRSVPOR/DTY/label_DtyEligibility"), DTYMsg, CONTINUE_ON_FAILURE): Actual text and expected text of test object 'Object Repository/virualShowRSVPOR/DTY/label_DtyEligibility' are matched.

2019-11-15 13:37:29 - [MESSAGE][PASSED] - Actual text and expected text of test object 'Object Repository/virualShowRSVPOR/DTY/label_DtyEligibility' are matched.

2019-11-15 13:37:29 - [TEST_STEP][PASSED] - executor.executeScript("arguments[0].click();", findWebElement(findTestObject("Object Repository/Page_cabi Home/a_same_shipping_address"), 10)): null

2019-11-15 13:37:29 - [TEST_STEP][PASSED] - delay(3): Delayed 3 second(s)

2019-11-15 13:37:32 - [MESSAGE][PASSED] - Delayed 3 second(s)

2019-11-15 13:37:32 - [TEST_STEP][PASSED] - check(findTestObject("Object Repository/Page_cabi Home/a_same_shipping_address")): Object 'Object Repository/Page_cabi Home/a_same_shipping_address' is checked

2019-11-15 13:37:32 - [MESSAGE][PASSED] - Object 'Object Repository/Page_cabi Home/a_same_shipping_address' is checked

2019-11-15 13:37:32 - [TEST_STEP][PASSED] - delay(3): Delayed 3 second(s)

2019-11-15 13:37:35 - [MESSAGE][PASSED] - Delayed 3 second(s)

2019-11-15 13:37:35 - [TEST_STEP][PASSED] - executor.executeScript("arguments[0].click();", findWebElement(findTestObject("Object Repository/Page_cabi Home/a_order_items"), 5)): null

2019-11-15 13:37:35 - [TEST_STEP][PASSED] - click(findTestObject("Object Repository/Page_cabi Retail Store/span_quick_entry")): Object: 'Object Repository/Page_cabi Retail Store/span_quick_entry' is clicked on

2019-11-15 13:37:39 - [MESSAGE][PASSED] - Object: 'Object Repository/Page_cabi Retail Store/span_quick_entry' is clicked on

2019-11-15 13:37:39 - [TEST_STEP][PASSED] - delay(3): Delayed 3 second(s)

2019-11-15 13:37:42 - [MESSAGE][PASSED] - Delayed 3 second(s)

2019-11-15 13:37:42 - [TEST_STEP][PASSED] - emptyCart = findWebElements(findTestObject("Object Repository/Page_cabi Personal Store/removeFromCart"), 5): Unable to find the element located by 'By.xpath: //*[@id="removeFromCart_0"]/span'. Please recheck the objects properties to make sure the desired element is located. 

2019-11-15 13:37:47 - [MESSAGE][INFO] - Unable to find the element located by 'By.xpath: //*[@id="removeFromCart_0"]/span'. Please recheck the objects properties to make sure the desired element is located. 

2019-11-15 13:37:47 - [TEST_STEP][PASSED] - if (emptyCart.size() > 0): null

2019-11-15 13:37:47 - [TEST_STEP][PASSED] - addOnStyle = findTestData("miscData").getValue("addOnStyle", 1): null

2019-11-15 13:37:47 - [TEST_STEP][PASSED] - addOnStyle2 = findTestData("miscData").getValue("addOnStyle", 2): null

2019-11-15 13:37:47 - [TEST_STEP][PASSED] - setText(findTestObject("Object Repository/Page_cabi Create Order/input_Manual Discount_stylelookup_0"), addOnStyle): Text '3701' is set on object 'Object Repository/Page_cabi Create Order/input_Manual Discount_stylelookup_0'

2019-11-15 13:37:47 - [MESSAGE][PASSED] - Text '3701' is set on object 'Object Repository/Page_cabi Create Order/input_Manual Discount_stylelookup_0'

2019-11-15 13:37:47 - [TEST_STEP][PASSED] - delay(2): Delayed 2 second(s)

2019-11-15 13:37:49 - [MESSAGE][PASSED] - Delayed 2 second(s)

2019-11-15 13:37:49 - [TEST_STEP][PASSED] - sendKeys(findTestObject("Object Repository/Page_cabi Create Order/input_Manual Discount_stylelookup_0"), Keys.chord(ARROW_DOWN)): Keys 'DOWN + ' sent to object: 'Object Repository/Page_cabi Create Order/input_Manual Discount_stylelookup_0'

2019-11-15 13:37:49 - [MESSAGE][PASSED] - Keys 'DOWN + ' sent to object: 'Object Repository/Page_cabi Create Order/input_Manual Discount_stylelookup_0'

2019-11-15 13:37:49 - [TEST_STEP][PASSED] - delay(2): Delayed 2 second(s)

2019-11-15 13:37:51 - [MESSAGE][PASSED] - Delayed 2 second(s)

2019-11-15 13:37:51 - [TEST_STEP][PASSED] - sendKeys(findTestObject("Object Repository/Page_cabi Create Order/input_Manual Discount_stylelookup_0"), Keys.chord(ARROW_DOWN)): Keys 'DOWN + ' sent to object: 'Object Repository/Page_cabi Create Order/input_Manual Discount_stylelookup_0'

2019-11-15 13:37:52 - [MESSAGE][PASSED] - Keys 'DOWN + ' sent to object: 'Object Repository/Page_cabi Create Order/input_Manual Discount_stylelookup_0'

2019-11-15 13:37:52 - [TEST_STEP][PASSED] - sendKeys(findTestObject("Object Repository/Page_cabi Create Order/input_Manual Discount_stylelookup_0"), Keys.chord(ENTER)): Keys 'ENTER + ' sent to object: 'Object Repository/Page_cabi Create Order/input_Manual Discount_stylelookup_0'

2019-11-15 13:37:52 - [MESSAGE][PASSED] - Keys 'ENTER + ' sent to object: 'Object Repository/Page_cabi Create Order/input_Manual Discount_stylelookup_0'

2019-11-15 13:37:52 - [TEST_STEP][PASSED] - delay(5): Delayed 5 second(s)

2019-11-15 13:37:57 - [MESSAGE][PASSED] - Delayed 5 second(s)

2019-11-15 13:37:57 - [TEST_STEP][PASSED] - click(findTestObject("Object Repository/Page_cabi Order Items/selectSize")): Object: 'Object Repository/Page_cabi Order Items/selectSize' is clicked on

2019-11-15 13:37:57 - [MESSAGE][PASSED] - Object: 'Object Repository/Page_cabi Order Items/selectSize' is clicked on

2019-11-15 13:37:57 - [TEST_STEP][PASSED] - delay(3): Delayed 3 second(s)

2019-11-15 13:38:00 - [MESSAGE][PASSED] - Delayed 3 second(s)

2019-11-15 13:38:00 - [TEST_STEP][PASSED] - click(findTestObject("Object Repository/Page_cabi Order Items/span_Add to Cart")): Object: 'Object Repository/Page_cabi Order Items/span_Add to Cart' is clicked on

2019-11-15 13:38:00 - [MESSAGE][PASSED] - Object: 'Object Repository/Page_cabi Order Items/span_Add to Cart' is clicked on

2019-11-15 13:38:00 - [TEST_STEP][PASSED] - delay(5): Delayed 5 second(s)

2019-11-15 13:38:05 - [MESSAGE][PASSED] - Delayed 5 second(s)

2019-11-15 13:38:05 - [TEST_STEP][PASSED] - click(findTestObject("Object Repository/Page_cabi Order Items/a_next")): Object: 'Object Repository/Page_cabi Order Items/a_next' is clicked on

2019-11-15 13:38:05 - [MESSAGE][PASSED] - Object: 'Object Repository/Page_cabi Order Items/a_next' is clicked on

2019-11-15 13:38:05 - [TEST_STEP][PASSED] - delay(3): Delayed 3 second(s)

2019-11-15 13:38:08 - [MESSAGE][PASSED] - Delayed 3 second(s)

2019-11-15 13:38:08 - [TEST_STEP][PASSED] - verifyElementText(findTestObject("Object Repository/Page_cabi Shipping/label_DTYMsg1"), "This order is eligible for "Direct to You" shipping.", CONTINUE_ON_FAILURE): Actual text and expected text of test object 'Object Repository/Page_cabi Shipping/label_DTYMsg1' are matched.

2019-11-15 13:38:09 - [MESSAGE][PASSED] - Actual text and expected text of test object 'Object Repository/Page_cabi Shipping/label_DTYMsg1' are matched.

2019-11-15 13:38:09 - [TEST_STEP][PASSED] - delay(1): Delayed 1 second(s)

2019-11-15 13:38:10 - [MESSAGE][PASSED] - Delayed 1 second(s)

2019-11-15 13:38:10 - [TEST_STEP][PASSED] - verifyElementText(findTestObject("Object Repository/Page_cabi Shipping/label_DTYMsg2"), ""Direct to You" order must be paid by credit card or cabi Gift Card.", CONTINUE_ON_FAILURE): Actual text and expected text of test object 'Object Repository/Page_cabi Shipping/label_DTYMsg2' are matched.

2019-11-15 13:38:10 - [MESSAGE][PASSED] - Actual text and expected text of test object 'Object Repository/Page_cabi Shipping/label_DTYMsg2' are matched.

2019-11-15 13:38:10 - [TEST_STEP][PASSED] - delay(1): Delayed 1 second(s)

2019-11-15 13:38:11 - [MESSAGE][PASSED] - Delayed 1 second(s)

2019-11-15 13:38:11 - [TEST_STEP][PASSED] - verifyElementText(findTestObject("Object Repository/Page_cabi Shipping/label_DTYMsg3"), ""Direct to You" order can start being placed 2 days before the show date.", CONTINUE_ON_FAILURE): Actual text and expected text of test object 'Object Repository/Page_cabi Shipping/label_DTYMsg3' are matched.

2019-11-15 13:38:11 - [MESSAGE][PASSED] - Actual text and expected text of test object 'Object Repository/Page_cabi Shipping/label_DTYMsg3' are matched.

2019-11-15 13:38:11 - [TEST_STEP][PASSED] - delay(1): Delayed 1 second(s)

2019-11-15 13:38:12 - [MESSAGE][PASSED] - Delayed 1 second(s)

2019-11-15 13:38:12 - [TEST_STEP][PASSED] - verifyElementNotHasAttribute(findTestObject("Object Repository/Page_cabi Shipping/select_ship_to_show_loc"), "disabled", 20, CONTINUE_ON_FAILURE): Object 'Object Repository/Page_cabi Shipping/select_ship_to_show_loc' does not have attribute 'disabled'

2019-11-15 13:38:12 - [MESSAGE][PASSED] - Object 'Object Repository/Page_cabi Shipping/select_ship_to_show_loc' does not have attribute 'disabled'

2019-11-15 13:38:12 - [TEST_STEP][PASSED] - println(findWebElement(findTestObject("Object Repository/Page_cabi Shipping/select_ship_to_show_loc"), 5).getAttribute("disabled")): null

2019-11-15 13:38:12 - [TEST_STEP][PASSED] - executor.executeScript("arguments[0].click();", findWebElement(findTestObject("Object Repository/Page_cabi Shipping/check_as_dty_order"), 5)): null

2019-11-15 13:38:13 - [TEST_STEP][PASSED] - delay(5): Delayed 5 second(s)

2019-11-15 13:38:18 - [MESSAGE][PASSED] - Delayed 5 second(s)

2019-11-15 13:38:18 - [TEST_STEP][PASSED] - verifyElementAttributeValue(findTestObject("Object Repository/Page_cabi Shipping/select_ship_to_show_loc"), "disabled", "true", 20): Object 'Object Repository/Page_cabi Shipping/select_ship_to_show_loc' has attribute 'disabled' with value 'true'

2019-11-15 13:38:18 - [MESSAGE][PASSED] - Object 'Object Repository/Page_cabi Shipping/select_ship_to_show_loc' has attribute 'disabled' with value 'true'

2019-11-15 13:38:18 - [TEST_STEP][PASSED] - println(findWebElement(findTestObject("Object Repository/Page_cabi Shipping/select_ship_to_show_loc"), 5).getAttribute("disabled")): null

2019-11-15 13:38:18 - [TEST_STEP][PASSED] - verifyElementAttributeValue(findTestObject("Object Repository/Page_cabi Shipping/select_ship_to_show_loc_label"), "style", "color: rgb(211, 211, 211);", 20): Object 'Object Repository/Page_cabi Shipping/select_ship_to_show_loc_label' has attribute 'style' with value 'color: rgb(211, 211, 211);'

2019-11-15 13:38:18 - [MESSAGE][PASSED] - Object 'Object Repository/Page_cabi Shipping/select_ship_to_show_loc_label' has attribute 'style' with value 'color: rgb(211, 211, 211);'

2019-11-15 13:38:18 - [TEST_STEP][PASSED] - delay(1): Delayed 1 second(s)

2019-11-15 13:38:19 - [MESSAGE][PASSED] - Delayed 1 second(s)

2019-11-15 13:38:19 - [TEST_STEP][PASSED] - executor.executeScript("arguments[0].click();", findWebElement(findTestObject("Object Repository/Page_cabi Shipping/check_as_dty_order"), 5)): null

2019-11-15 13:38:22 - [TEST_STEP][PASSED] - delay(5): Delayed 5 second(s)

2019-11-15 13:38:27 - [MESSAGE][PASSED] - Delayed 5 second(s)

2019-11-15 13:38:27 - [TEST_STEP][PASSED] - click(findTestObject("Object Repository/Page_cabi Shipping/a_show_order_checkout_next")): Object: 'Object Repository/Page_cabi Shipping/a_show_order_checkout_next' is clicked on

2019-11-15 13:38:27 - [MESSAGE][PASSED] - Object: 'Object Repository/Page_cabi Shipping/a_show_order_checkout_next' is clicked on

2019-11-15 13:38:27 - [TEST_STEP][PASSED] - delay(1): Delayed 1 second(s)

2019-11-15 13:38:28 - [MESSAGE][PASSED] - Delayed 1 second(s)

2019-11-15 13:38:28 - [TEST_STEP][PASSED] - println(getText(findTestObject("Object Repository/Page_cabi Shipping/div_DTY-warning_popup"))): Text of object 'Object Repository/Page_cabi Shipping/div_DTY-warning_popup' is: 'This order is eligible for "Direct to You" shipping.
Do you want to change this order to "Direct to You" and ship immediately?'

2019-11-15 13:38:28 - [MESSAGE][PASSED] - Text of object 'Object Repository/Page_cabi Shipping/div_DTY-warning_popup' is: 'This order is eligible for "Direct to You" shipping.
Do you want to change this order to "Direct to You" and ship immediately?'

2019-11-15 13:38:28 - [TEST_STEP][PASSED] - verifyElementText(findTestObject("Object Repository/Page_cabi Shipping/div_DTY-warning_popup"), "This order is eligible for "Direct to You" shipping.
Do you want to change this order to "Direct to You" and ship immediately?"): Actual text and expected text of test object 'Object Repository/Page_cabi Shipping/div_DTY-warning_popup' are matched.

2019-11-15 13:38:28 - [MESSAGE][PASSED] - Actual text and expected text of test object 'Object Repository/Page_cabi Shipping/div_DTY-warning_popup' are matched.

2019-11-15 13:38:28 - [TEST_STEP][PASSED] - delay(1): Delayed 1 second(s)

2019-11-15 13:38:29 - [MESSAGE][PASSED] - Delayed 1 second(s)

2019-11-15 13:38:29 - [TEST_STEP][PASSED] - click(findTestObject("Object Repository/Page_cabi Shipping/button_DTY_warning_popup_ship_DTY")): Object: 'Object Repository/Page_cabi Shipping/button_DTY_warning_popup_ship_DTY' is clicked on

2019-11-15 13:38:31 - [MESSAGE][PASSED] - Object: 'Object Repository/Page_cabi Shipping/button_DTY_warning_popup_ship_DTY' is clicked on

2019-11-15 13:38:31 - [TEST_STEP][PASSED] - delay(1): Delayed 1 second(s)

2019-11-15 13:38:32 - [MESSAGE][PASSED] - Delayed 1 second(s)

2019-11-15 13:38:32 - [TEST_STEP][PASSED] - click(findTestObject("Object Repository/Page_cabi Shipping/a_make_first_payment")): Object: 'Object Repository/Page_cabi Shipping/a_make_first_payment' is clicked on

2019-11-15 13:38:32 - [MESSAGE][PASSED] - Object: 'Object Repository/Page_cabi Shipping/a_make_first_payment' is clicked on

2019-11-15 13:38:32 - [TEST_STEP][PASSED] - delay(3): Delayed 3 second(s)

2019-11-15 13:38:35 - [MESSAGE][PASSED] - Delayed 3 second(s)

2019-11-15 13:38:35 - [TEST_STEP][PASSED] - paymentOptions = findWebElements(findTestObject("Page_cabi Shipping/select_payment_options"), 20): null

2019-11-15 13:38:35 - [TEST_STEP][PASSED] - get(0).getAttribute(addOnStyle): null

2019-11-15 13:38:35 - [TEST_STEP][PASSED] - validPayOption = true: null

2019-11-15 13:38:35 - [TEST_STEP][PASSED] - for (org.openqa.selenium.WebElement we : paymentOptions): null

2019-11-15 13:38:35 - [TEST_STEP][PASSED] - option = we.getText(): null

2019-11-15 13:38:35 - [TEST_STEP][PASSED] - if (!(option.matches(".*[^\d]\d{4}$") || option.equalsIgnoreCase("Gift Card") || option.equalsIgnoreCase("Add New Credit Card"))): null

2019-11-15 13:38:35 - [TEST_STEP][PASSED] - option = we.getText(): null

2019-11-15 13:38:35 - [TEST_STEP][PASSED] - if (!(option.matches(".*[^\d]\d{4}$") || option.equalsIgnoreCase("Gift Card") || option.equalsIgnoreCase("Add New Credit Card"))): null

2019-11-15 13:38:35 - [TEST_STEP][PASSED] - option = we.getText(): null

2019-11-15 13:38:35 - [TEST_STEP][PASSED] - if (!(option.matches(".*[^\d]\d{4}$") || option.equalsIgnoreCase("Gift Card") || option.equalsIgnoreCase("Add New Credit Card"))): null

2019-11-15 13:38:35 - [TEST_STEP][PASSED] - sa = new org.testng.asserts.SoftAssert(): null

2019-11-15 13:38:35 - [TEST_STEP][PASSED] - sa.assertTrue(validPayOption): null

2019-11-15 13:38:35 - [TEST_STEP][PASSED] - verifyElementText(findTestObject("Object Repository/Page_cabi Shipping/li_DTY_payment_info"), ""Direct to You" orders require payment via credit card or cabi Gift Card.", CONTINUE_ON_FAILURE): Actual text and expected text of test object 'Object Repository/Page_cabi Shipping/li_DTY_payment_info' are matched.

2019-11-15 13:38:35 - [MESSAGE][PASSED] - Actual text and expected text of test object 'Object Repository/Page_cabi Shipping/li_DTY_payment_info' are matched.

2019-11-15 13:38:35 - [TEST_STEP][PASSED] - delay(3): Delayed 3 second(s)

2019-11-15 13:38:38 - [MESSAGE][PASSED] - Delayed 3 second(s)

2019-11-15 13:38:38 - [TEST_STEP][PASSED] - callTestCase(findTestCase("TestCaseUtilities/showOrderPaeymentCC"), [:], STOP_ON_FAILURE): Call Test Case 'Test Cases/TestCaseUtilities/showOrderPaeymentCC' successfully

2019-11-15 13:38:39 - [TEST_CASE][PASSED] - Test Cases/TestCaseUtilities/showOrderPaeymentCC: Test Cases/TestCaseUtilities/showOrderPaeymentCC

2019-11-15 13:38:39 - [TEST_STEP][PASSED] - driver = getWebDriver(): null

2019-11-15 13:38:39 - [TEST_STEP][PASSED] - executor = driver: null

2019-11-15 13:38:39 - [TEST_STEP][PASSED] - click(findTestObject("Object Repository/Page_cabi Shipping/select_payment_options_select")): Object: 'Object Repository/Page_cabi Shipping/select_payment_options_select' is clicked on

2019-11-15 13:38:39 - [MESSAGE][PASSED] - Object: 'Object Repository/Page_cabi Shipping/select_payment_options_select' is clicked on

2019-11-15 13:38:39 - [TEST_STEP][PASSED] - click(findTestObject("Object Repository/Page_cabi Shipping/select_payment_options_new_cc")): Object: 'Object Repository/Page_cabi Shipping/select_payment_options_new_cc' is clicked on

2019-11-15 13:38:39 - [MESSAGE][PASSED] - Object: 'Object Repository/Page_cabi Shipping/select_payment_options_new_cc' is clicked on

2019-11-15 13:38:39 - [TEST_STEP][PASSED] - delay(3): Delayed 3 second(s)

2019-11-15 13:38:42 - [MESSAGE][PASSED] - Delayed 3 second(s)

2019-11-15 13:38:42 - [TEST_STEP][PASSED] - executor.executeScript("arguments[0].click();", findWebElement(findTestObject("Object Repository/Page_cabi Shipping/select_payment_visa"), 10)): null

2019-11-15 13:38:42 - [TEST_STEP][PASSED] - setText(findTestObject("Object Repository/Page_cabi Shipping/select_payment_fname"), "abcd"): Text 'abcd' is set on object 'Object Repository/Page_cabi Shipping/select_payment_fname'

2019-11-15 13:38:43 - [MESSAGE][PASSED] - Text 'abcd' is set on object 'Object Repository/Page_cabi Shipping/select_payment_fname'

2019-11-15 13:38:43 - [TEST_STEP][PASSED] - setText(findTestObject("Object Repository/Page_cabi Shipping/select_payment_lname"), "fghi"): Text 'fghi' is set on object 'Object Repository/Page_cabi Shipping/select_payment_lname'

2019-11-15 13:38:43 - [MESSAGE][PASSED] - Text 'fghi' is set on object 'Object Repository/Page_cabi Shipping/select_payment_lname'

2019-11-15 13:38:43 - [TEST_STEP][PASSED] - setText(findTestObject("Object Repository/Page_cabi Shipping/select_payment_card_number"), "4111111111111111"): Text '4111111111111111' is set on object 'Object Repository/Page_cabi Shipping/select_payment_card_number'

2019-11-15 13:38:43 - [MESSAGE][PASSED] - Text '4111111111111111' is set on object 'Object Repository/Page_cabi Shipping/select_payment_card_number'

2019-11-15 13:38:43 - [TEST_STEP][PASSED] - click(findTestObject("Object Repository/Page_cabi Shipping/select_payment_exp_date_month")): Object: 'Object Repository/Page_cabi Shipping/select_payment_exp_date_month' is clicked on

2019-11-15 13:38:43 - [MESSAGE][PASSED] - Object: 'Object Repository/Page_cabi Shipping/select_payment_exp_date_month' is clicked on

2019-11-15 13:38:43 - [TEST_STEP][PASSED] - click(findTestObject("Object Repository/Page_cabi Shipping/select_payment_exp_date_year")): Object: 'Object Repository/Page_cabi Shipping/select_payment_exp_date_year' is clicked on

2019-11-15 13:38:43 - [MESSAGE][PASSED] - Object: 'Object Repository/Page_cabi Shipping/select_payment_exp_date_year' is clicked on

2019-11-15 13:38:43 - [TEST_STEP][PASSED] - executor.executeScript("arguments[0].click();", findWebElement(findTestObject("Object Repository/Page_cabi Shipping/input_select_billing_add_same_as_mailing_add"), 10)): null

2019-11-15 13:38:43 - [TEST_STEP][PASSED] - delay(3): Delayed 3 second(s)

2019-11-15 13:38:46 - [MESSAGE][PASSED] - Delayed 3 second(s)

2019-11-15 13:38:46 - [TEST_STEP][PASSED] - executor.executeScript("arguments[0].click();", findWebElement(findTestObject("Object Repository/Page_cabi Shipping/a_save_shipping_info"), 10)): null

2019-11-15 13:38:48 - [TEST_STEP][PASSED] - delay(2): Delayed 2 second(s)

2019-11-15 13:38:50 - [MESSAGE][PASSED] - Delayed 2 second(s)

2019-11-15 13:38:50 - [TEST_STEP][PASSED] - executor.executeScript("arguments[0].click();", findWebElement(findTestObject("Object Repository/Page_cabi Shipping/a_review_order"), 10)): null

2019-11-15 13:38:50 - [TEST_STEP][PASSED] - delay(2): Delayed 2 second(s)

2019-11-15 13:38:52 - [MESSAGE][PASSED] - Delayed 2 second(s)

2019-11-15 13:38:52 - [MESSAGE][PASSED] - Call Test Case 'Test Cases/TestCaseUtilities/showOrderPaeymentCC' successfully

2019-11-15 13:38:52 - [TEST_STEP][PASSED] - executor.executeScript("arguments[0].click();", findWebElement(findTestObject("Object Repository/Page_cabi Shipping/a_submit_order"), 10)): null

2019-11-15 13:38:53 - [TEST_STEP][PASSED] - click(findTestObject("Object Repository/Page_cabi Shipping/a_order_view")): Object: 'Object Repository/Page_cabi Shipping/a_order_view' is clicked on

2019-11-15 13:38:56 - [MESSAGE][PASSED] - Object: 'Object Repository/Page_cabi Shipping/a_order_view' is clicked on

2019-11-15 13:38:56 - [TEST_STEP][PASSED] - actualOrderStatus = getText(findTestObject("Object Repository/Page_cabi Shipping/span_order_status")): Text of object 'Object Repository/Page_cabi Shipping/span_order_status' is: 'ORDER STATUS : PENDING SHIPMENT 
ORDER # SH708512302  '

2019-11-15 13:38:56 - [MESSAGE][PASSED] - Text of object 'Object Repository/Page_cabi Shipping/span_order_status' is: 'ORDER STATUS : PENDING SHIPMENT 
ORDER # SH708512302  '

2019-11-15 13:38:56 - [TEST_STEP][PASSED] - expectedOrderStatus = "PENDING SHIPMENT": null

2019-11-15 13:38:56 - [TEST_STEP][PASSED] - sa.assertTrue(actualOrderStatus.contains(expectedOrderStatus)): null

2019-11-15 13:38:56 - [TEST_STEP][PASSED] - println(actualOrderStatus): null

2019-11-15 13:38:56 - [TEST_STEP][PASSED] - click(findTestObject("Object Repository/Page_cabi Shipping/a_back_to_orders")): Object: 'Object Repository/Page_cabi Shipping/a_back_to_orders' is clicked on

2019-11-15 13:38:58 - [MESSAGE][PASSED] - Object: 'Object Repository/Page_cabi Shipping/a_back_to_orders' is clicked on

2019-11-15 13:38:58 - [TEST_STEP][PASSED] - delay(2): Delayed 2 second(s)

2019-11-15 13:39:00 - [MESSAGE][PASSED] - Delayed 2 second(s)

2019-11-15 13:39:00 - [TEST_STEP][PASSED] - g2Vars = UtilityMethods.splitPersonName(guest2): null

2019-11-15 13:39:00 - [TEST_STEP][PASSED] - g2Var = UtilityMethods.concat(g2Vars[1], ", ", g2Vars[0]): null

2019-11-15 13:39:00 - [TEST_STEP][PASSED] - buttonPlaceOrder = UtilityMethods.createTestObject("buttoPlaceOrder", "//table[@class='show-order-table']/tbody/tr/td/span[contains(text(), '", g2Var, "')]/parent::td/following-sibling::td[1]/button"): null

2019-11-15 13:39:00 - [TEST_STEP][PASSED] - click(buttonPlaceOrder): Object: 'buttoPlaceOrder' is clicked on

2019-11-15 13:39:02 - [MESSAGE][PASSED] - Object: 'buttoPlaceOrder' is clicked on

2019-11-15 13:39:02 - [TEST_STEP][PASSED] - delay(3): Delayed 3 second(s)

2019-11-15 13:39:05 - [MESSAGE][PASSED] - Delayed 3 second(s)

2019-11-15 13:39:05 - [TEST_STEP][PASSED] - DTYMsg = "Hooray! This order is eligible for "Direct to You" shipping.": null

2019-11-15 13:39:05 - [TEST_STEP][PASSED] - println(getText(findTestObject("Object Repository/virualShowRSVPOR/DTY/label_DtyEligibility"))): Text of object 'Object Repository/virualShowRSVPOR/DTY/label_DtyEligibility' is: 'Hooray! This order is eligible for "Direct to You" shipping.'

2019-11-15 13:39:05 - [MESSAGE][PASSED] - Text of object 'Object Repository/virualShowRSVPOR/DTY/label_DtyEligibility' is: 'Hooray! This order is eligible for "Direct to You" shipping.'

2019-11-15 13:39:05 - [TEST_STEP][PASSED] - verifyElementText(findTestObject("Object Repository/virualShowRSVPOR/DTY/label_DtyEligibility"), DTYMsg, CONTINUE_ON_FAILURE): Actual text and expected text of test object 'Object Repository/virualShowRSVPOR/DTY/label_DtyEligibility' are matched.

2019-11-15 13:39:05 - [MESSAGE][PASSED] - Actual text and expected text of test object 'Object Repository/virualShowRSVPOR/DTY/label_DtyEligibility' are matched.

2019-11-15 13:39:05 - [TEST_STEP][PASSED] - executor.executeScript("arguments[0].click();", findWebElement(findTestObject("Object Repository/Page_cabi Home/a_same_shipping_address"), 10)): null

2019-11-15 13:39:05 - [TEST_STEP][PASSED] - delay(3): Delayed 3 second(s)

2019-11-15 13:39:08 - [MESSAGE][PASSED] - Delayed 3 second(s)

2019-11-15 13:39:08 - [TEST_STEP][PASSED] - check(findTestObject("Object Repository/Page_cabi Home/a_same_shipping_address")): Object 'Object Repository/Page_cabi Home/a_same_shipping_address' is checked

2019-11-15 13:39:09 - [MESSAGE][PASSED] - Object 'Object Repository/Page_cabi Home/a_same_shipping_address' is checked

2019-11-15 13:39:09 - [TEST_STEP][PASSED] - delay(3): Delayed 3 second(s)

2019-11-15 13:39:12 - [MESSAGE][PASSED] - Delayed 3 second(s)

2019-11-15 13:39:12 - [TEST_STEP][PASSED] - driver = getWebDriver(): null

2019-11-15 13:39:12 - [TEST_STEP][PASSED] - executor = driver: null

2019-11-15 13:39:12 - [TEST_STEP][PASSED] - executor.executeScript("arguments[0].click();", findWebElement(findTestObject("Object Repository/Page_cabi Home/a_order_items"), 5)): null

2019-11-15 13:39:12 - [TEST_STEP][PASSED] - click(findTestObject("Object Repository/Page_cabi Retail Store/span_quick_entry")): Object: 'Object Repository/Page_cabi Retail Store/span_quick_entry' is clicked on

2019-11-15 13:39:15 - [MESSAGE][PASSED] - Object: 'Object Repository/Page_cabi Retail Store/span_quick_entry' is clicked on

2019-11-15 13:39:15 - [TEST_STEP][PASSED] - delay(3): Delayed 3 second(s)

2019-11-15 13:39:18 - [MESSAGE][PASSED] - Delayed 3 second(s)

2019-11-15 13:39:18 - [TEST_STEP][PASSED] - emptyCart = findWebElements(findTestObject("Object Repository/Page_cabi Personal Store/removeFromCart"), 5): Unable to find the element located by 'By.xpath: //*[@id="removeFromCart_0"]/span'. Please recheck the objects properties to make sure the desired element is located. 

2019-11-15 13:39:23 - [MESSAGE][INFO] - Unable to find the element located by 'By.xpath: //*[@id="removeFromCart_0"]/span'. Please recheck the objects properties to make sure the desired element is located. 

2019-11-15 13:39:23 - [TEST_STEP][PASSED] - if (emptyCart.size() > 0): null

2019-11-15 13:39:23 - [TEST_STEP][PASSED] - addOnStyle = findTestData("miscData").getValue("addOnStyle", 1): null

2019-11-15 13:39:24 - [TEST_STEP][PASSED] - setText(findTestObject("Object Repository/Page_cabi Create Order/input_Manual Discount_stylelookup_0"), addOnStyle): Text '3701' is set on object 'Object Repository/Page_cabi Create Order/input_Manual Discount_stylelookup_0'

2019-11-15 13:39:24 - [MESSAGE][PASSED] - Text '3701' is set on object 'Object Repository/Page_cabi Create Order/input_Manual Discount_stylelookup_0'

2019-11-15 13:39:24 - [TEST_STEP][PASSED] - delay(2): Delayed 2 second(s)

2019-11-15 13:39:26 - [MESSAGE][PASSED] - Delayed 2 second(s)

2019-11-15 13:39:26 - [TEST_STEP][PASSED] - sendKeys(findTestObject("Object Repository/Page_cabi Create Order/input_Manual Discount_stylelookup_0"), Keys.chord(ARROW_DOWN)): Keys 'DOWN + ' sent to object: 'Object Repository/Page_cabi Create Order/input_Manual Discount_stylelookup_0'

2019-11-15 13:39:26 - [MESSAGE][PASSED] - Keys 'DOWN + ' sent to object: 'Object Repository/Page_cabi Create Order/input_Manual Discount_stylelookup_0'

2019-11-15 13:39:26 - [TEST_STEP][PASSED] - delay(2): Delayed 2 second(s)

2019-11-15 13:39:28 - [MESSAGE][PASSED] - Delayed 2 second(s)

2019-11-15 13:39:28 - [TEST_STEP][PASSED] - sendKeys(findTestObject("Object Repository/Page_cabi Create Order/input_Manual Discount_stylelookup_0"), Keys.chord(ARROW_DOWN)): Keys 'DOWN + ' sent to object: 'Object Repository/Page_cabi Create Order/input_Manual Discount_stylelookup_0'

2019-11-15 13:39:28 - [MESSAGE][PASSED] - Keys 'DOWN + ' sent to object: 'Object Repository/Page_cabi Create Order/input_Manual Discount_stylelookup_0'

2019-11-15 13:39:28 - [TEST_STEP][PASSED] - sendKeys(findTestObject("Object Repository/Page_cabi Create Order/input_Manual Discount_stylelookup_0"), Keys.chord(ENTER)): Keys 'ENTER + ' sent to object: 'Object Repository/Page_cabi Create Order/input_Manual Discount_stylelookup_0'

2019-11-15 13:39:28 - [MESSAGE][PASSED] - Keys 'ENTER + ' sent to object: 'Object Repository/Page_cabi Create Order/input_Manual Discount_stylelookup_0'

2019-11-15 13:39:28 - [TEST_STEP][PASSED] - delay(5): Delayed 5 second(s)

2019-11-15 13:39:33 - [MESSAGE][PASSED] - Delayed 5 second(s)

2019-11-15 13:39:33 - [TEST_STEP][PASSED] - click(findTestObject("Object Repository/Page_cabi Order Items/selectSize")): Object: 'Object Repository/Page_cabi Order Items/selectSize' is clicked on

2019-11-15 13:39:33 - [MESSAGE][PASSED] - Object: 'Object Repository/Page_cabi Order Items/selectSize' is clicked on

2019-11-15 13:39:33 - [TEST_STEP][PASSED] - delay(3): Delayed 3 second(s)

2019-11-15 13:39:36 - [MESSAGE][PASSED] - Delayed 3 second(s)

2019-11-15 13:39:36 - [TEST_STEP][PASSED] - click(findTestObject("Object Repository/Page_cabi Order Items/span_Add to Cart")): Object: 'Object Repository/Page_cabi Order Items/span_Add to Cart' is clicked on

2019-11-15 13:39:36 - [MESSAGE][PASSED] - Object: 'Object Repository/Page_cabi Order Items/span_Add to Cart' is clicked on

2019-11-15 13:39:36 - [TEST_STEP][PASSED] - delay(5): Delayed 5 second(s)

2019-11-15 13:39:41 - [MESSAGE][PASSED] - Delayed 5 second(s)

2019-11-15 13:39:41 - [TEST_STEP][PASSED] - click(findTestObject("Object Repository/Page_cabi Order Items/a_next")): Object: 'Object Repository/Page_cabi Order Items/a_next' is clicked on

2019-11-15 13:39:41 - [MESSAGE][PASSED] - Object: 'Object Repository/Page_cabi Order Items/a_next' is clicked on

2019-11-15 13:39:41 - [TEST_STEP][PASSED] - delay(3): Delayed 3 second(s)

2019-11-15 13:39:44 - [MESSAGE][PASSED] - Delayed 3 second(s)

2019-11-15 13:39:44 - [TEST_STEP][PASSED] - verifyElementText(findTestObject("Object Repository/Page_cabi Shipping/label_DTYMsg1"), "This order is eligible for "Direct to You" shipping.", CONTINUE_ON_FAILURE): Actual text and expected text of test object 'Object Repository/Page_cabi Shipping/label_DTYMsg1' are matched.

2019-11-15 13:39:44 - [MESSAGE][PASSED] - Actual text and expected text of test object 'Object Repository/Page_cabi Shipping/label_DTYMsg1' are matched.

2019-11-15 13:39:44 - [TEST_STEP][PASSED] - delay(1): Delayed 1 second(s)

2019-11-15 13:39:45 - [MESSAGE][PASSED] - Delayed 1 second(s)

2019-11-15 13:39:45 - [TEST_STEP][PASSED] - verifyElementText(findTestObject("Object Repository/Page_cabi Shipping/label_DTYMsg2"), ""Direct to You" order must be paid by credit card or cabi Gift Card.", CONTINUE_ON_FAILURE): Actual text and expected text of test object 'Object Repository/Page_cabi Shipping/label_DTYMsg2' are matched.

2019-11-15 13:39:45 - [MESSAGE][PASSED] - Actual text and expected text of test object 'Object Repository/Page_cabi Shipping/label_DTYMsg2' are matched.

2019-11-15 13:39:45 - [TEST_STEP][PASSED] - delay(1): Delayed 1 second(s)

2019-11-15 13:39:46 - [MESSAGE][PASSED] - Delayed 1 second(s)

2019-11-15 13:39:46 - [TEST_STEP][PASSED] - verifyElementText(findTestObject("Object Repository/Page_cabi Shipping/label_DTYMsg3"), ""Direct to You" order can start being placed 2 days before the show date.", CONTINUE_ON_FAILURE): Actual text and expected text of test object 'Object Repository/Page_cabi Shipping/label_DTYMsg3' are matched.

2019-11-15 13:39:46 - [MESSAGE][PASSED] - Actual text and expected text of test object 'Object Repository/Page_cabi Shipping/label_DTYMsg3' are matched.

2019-11-15 13:39:46 - [TEST_STEP][PASSED] - delay(1): Delayed 1 second(s)

2019-11-15 13:39:47 - [MESSAGE][PASSED] - Delayed 1 second(s)

2019-11-15 13:39:47 - [TEST_STEP][PASSED] - verifyElementNotHasAttribute(findTestObject("Object Repository/Page_cabi Shipping/select_ship_to_show_loc"), "disabled", 20, CONTINUE_ON_FAILURE): Object 'Object Repository/Page_cabi Shipping/select_ship_to_show_loc' does not have attribute 'disabled'

2019-11-15 13:39:47 - [MESSAGE][PASSED] - Object 'Object Repository/Page_cabi Shipping/select_ship_to_show_loc' does not have attribute 'disabled'

2019-11-15 13:39:47 - [TEST_STEP][PASSED] - click(findTestObject("Object Repository/Page_cabi Shipping/select_ship_to_guest_add")): Object: 'Object Repository/Page_cabi Shipping/select_ship_to_guest_add' is clicked on

2019-11-15 13:39:48 - [MESSAGE][PASSED] - Object: 'Object Repository/Page_cabi Shipping/select_ship_to_guest_add' is clicked on

2019-11-15 13:39:48 - [TEST_STEP][PASSED] - delay(5): Delayed 5 second(s)

2019-11-15 13:39:53 - [MESSAGE][PASSED] - Delayed 5 second(s)

2019-11-15 13:39:53 - [TEST_STEP][PASSED] - click(findTestObject("Object Repository/Page_cabi Shipping/a_show_order_checkout_next")): Object: 'Object Repository/Page_cabi Shipping/a_show_order_checkout_next' is clicked on

2019-11-15 13:39:53 - [MESSAGE][PASSED] - Object: 'Object Repository/Page_cabi Shipping/a_show_order_checkout_next' is clicked on

2019-11-15 13:39:53 - [TEST_STEP][PASSED] - delay(1): Delayed 1 second(s)

2019-11-15 13:39:54 - [MESSAGE][PASSED] - Delayed 1 second(s)

2019-11-15 13:39:54 - [TEST_STEP][PASSED] - println(getText(findTestObject("Object Repository/Page_cabi Shipping/div_DTY-warning_popup"))): Text of object 'Object Repository/Page_cabi Shipping/div_DTY-warning_popup' is: 'This order is eligible for "Direct to You" shipping.
Do you want to change this order to "Direct to You" and ship immediately?'

2019-11-15 13:39:54 - [MESSAGE][PASSED] - Text of object 'Object Repository/Page_cabi Shipping/div_DTY-warning_popup' is: 'This order is eligible for "Direct to You" shipping.
Do you want to change this order to "Direct to You" and ship immediately?'

2019-11-15 13:39:54 - [TEST_STEP][PASSED] - verifyElementText(findTestObject("Object Repository/Page_cabi Shipping/div_DTY-warning_popup"), "This order is eligible for "Direct to You" shipping.
Do you want to change this order to "Direct to You" and ship immediately?"): Actual text and expected text of test object 'Object Repository/Page_cabi Shipping/div_DTY-warning_popup' are matched.

2019-11-15 13:39:54 - [MESSAGE][PASSED] - Actual text and expected text of test object 'Object Repository/Page_cabi Shipping/div_DTY-warning_popup' are matched.

2019-11-15 13:39:54 - [TEST_STEP][PASSED] - delay(1): Delayed 1 second(s)

2019-11-15 13:39:55 - [MESSAGE][PASSED] - Delayed 1 second(s)

2019-11-15 13:39:55 - [TEST_STEP][PASSED] - click(findTestObject("Object Repository/Page_cabi Shipping/button_DTY_warning_popup_no_ship_DTY")): Object: 'Object Repository/Page_cabi Shipping/button_DTY_warning_popup_no_ship_DTY' is clicked on

2019-11-15 13:39:55 - [MESSAGE][PASSED] - Object: 'Object Repository/Page_cabi Shipping/button_DTY_warning_popup_no_ship_DTY' is clicked on

2019-11-15 13:39:55 - [TEST_STEP][PASSED] - delay(1): Delayed 1 second(s)

2019-11-15 13:39:56 - [MESSAGE][PASSED] - Delayed 1 second(s)

2019-11-15 13:39:56 - [TEST_STEP][PASSED] - click(findTestObject("Object Repository/Page_cabi Shipping/a_make_first_payment")): Object: 'Object Repository/Page_cabi Shipping/a_make_first_payment' is clicked on

2019-11-15 13:39:58 - [MESSAGE][PASSED] - Object: 'Object Repository/Page_cabi Shipping/a_make_first_payment' is clicked on

2019-11-15 13:39:58 - [TEST_STEP][PASSED] - delay(3): Delayed 3 second(s)

2019-11-15 13:40:01 - [MESSAGE][PASSED] - Delayed 3 second(s)

2019-11-15 13:40:01 - [TEST_STEP][PASSED] - DTYMsgs = findWebElements(findTestObject("Object Repository/Page_cabi Shipping/li_DTY_payment_info"), 5): null

2019-11-15 13:40:01 - [TEST_STEP][PASSED] - if (DTYMsgs.size() > 0): null

2019-11-15 13:40:01 - [TEST_STEP][PASSED] - sa.assertTrue(false): null

2019-11-15 13:40:01 - [TEST_STEP][PASSED] - click(findTestObject("Object Repository/Page_cabi Shipping/select_payment_options_select")): Object: 'Object Repository/Page_cabi Shipping/select_payment_options_select' is clicked on

2019-11-15 13:40:01 - [MESSAGE][PASSED] - Object: 'Object Repository/Page_cabi Shipping/select_payment_options_select' is clicked on

2019-11-15 13:40:01 - [TEST_STEP][PASSED] - click(findTestObject("Object Repository/Page_cabi Shipping/select_payment_options_cash")): Object: 'Object Repository/Page_cabi Shipping/select_payment_options_cash' is clicked on

2019-11-15 13:40:01 - [MESSAGE][PASSED] - Object: 'Object Repository/Page_cabi Shipping/select_payment_options_cash' is clicked on

2019-11-15 13:40:01 - [TEST_STEP][PASSED] - delay(1): Delayed 1 second(s)

2019-11-15 13:40:02 - [MESSAGE][PASSED] - Delayed 1 second(s)

2019-11-15 13:40:02 - [TEST_STEP][PASSED] - executor.executeScript("arguments[0].click();", findWebElement(findTestObject("Object Repository/Page_cabi Shipping/a_review_order"), 10)): null

2019-11-15 13:40:02 - [TEST_STEP][PASSED] - delay(2): Delayed 2 second(s)

2019-11-15 13:40:04 - [MESSAGE][PASSED] - Delayed 2 second(s)

2019-11-15 13:40:04 - [TEST_STEP][PASSED] - executor.executeScript("arguments[0].click();", findWebElement(findTestObject("Object Repository/Page_cabi Shipping/a_submit_order"), 10)): null

2019-11-15 13:40:05 - [TEST_STEP][PASSED] - click(findTestObject("Object Repository/Page_cabi Shipping/a_order_view")): Object: 'Object Repository/Page_cabi Shipping/a_order_view' is clicked on

2019-11-15 13:40:07 - [MESSAGE][PASSED] - Object: 'Object Repository/Page_cabi Shipping/a_order_view' is clicked on

2019-11-15 13:40:07 - [TEST_STEP][PASSED] - actualOrderStatus = getText(findTestObject("Object Repository/Page_cabi Shipping/span_order_status")): Text of object 'Object Repository/Page_cabi Shipping/span_order_status' is: 'ORDER STATUS : OPEN 
ORDER # SH708512303  '

2019-11-15 13:40:07 - [MESSAGE][PASSED] - Text of object 'Object Repository/Page_cabi Shipping/span_order_status' is: 'ORDER STATUS : OPEN 
ORDER # SH708512303  '

2019-11-15 13:40:07 - [TEST_STEP][PASSED] - expectedOrderStatus = "OPEN": null

2019-11-15 13:40:07 - [TEST_STEP][PASSED] - sa.assertTrue(actualOrderStatus.contains(expectedOrderStatus)): null

2019-11-15 13:40:07 - [TEST_STEP][PASSED] - println(actualOrderStatus): null

2019-11-15 13:40:07 - [TEST_STEP][PASSED] - click(findTestObject("Object Repository/Page_cabi Shipping/a_back_to_orders")): Object: 'Object Repository/Page_cabi Shipping/a_back_to_orders' is clicked on

2019-11-15 13:40:09 - [MESSAGE][PASSED] - Object: 'Object Repository/Page_cabi Shipping/a_back_to_orders' is clicked on

2019-11-15 13:40:09 - [TEST_STEP][PASSED] - delay(2): Delayed 2 second(s)

2019-11-15 13:40:11 - [MESSAGE][PASSED] - Delayed 2 second(s)

2019-11-15 13:40:11 - [TEST_STEP][PASSED] - ActualDTYOptedOrderStatus = getText(UtilityMethods.createTestObject("DTYOptedOrderStatus", "//table[@class='show-order-table']/tbody/tr/td/span[contains(text(), '", g1Var, "')]/parent::td/following-sibling::td[@class='order-status']")): Text of object 'DTYOptedOrderStatus' is: 'Completed
Nov 15 12:08 AM'

2019-11-15 13:40:11 - [MESSAGE][PASSED] - Text of object 'DTYOptedOrderStatus' is: 'Completed
Nov 15 12:08 AM'

2019-11-15 13:40:11 - [TEST_STEP][PASSED] - ActualDTYNonOptedOrderStatus = getText(UtilityMethods.createTestObject("DTYOptedOrderStatus", "//table[@class='show-order-table']/tbody/tr/td/span[contains(text(), '", g2Var, "')]/parent::td/following-sibling::td[@class='order-status']")): Text of object 'DTYOptedOrderStatus' is: 'Completed
Nov 15 12:09 AM'

2019-11-15 13:40:11 - [MESSAGE][PASSED] - Text of object 'DTYOptedOrderStatus' is: 'Completed
Nov 15 12:09 AM'

2019-11-15 13:40:11 - [TEST_STEP][PASSED] - sa.assertEquals(ActualDTYOptedOrderStatus, "PENDING SHIPMENT"): null

2019-11-15 13:40:11 - [TEST_STEP][PASSED] - sa.assertEquals(ActualDTYNonOptedOrderStatus, "Completed"): null

2019-11-15 13:40:11 - [TEST_STEP][PASSED] - buttonEditDTYOptedOrder = UtilityMethods.createTestObject("buttonEditDTYOptedOrder", "//table[@class='show-order-table']/tbody/tr/td/span[contains(text(), '", g1Var, "')]/parent::td/following-sibling::td[@class='column-order']/a"): null

2019-11-15 13:40:11 - [TEST_STEP][PASSED] - click(buttonEditDTYOptedOrder): Object: 'buttonEditDTYOptedOrder' is clicked on

2019-11-15 13:40:14 - [MESSAGE][PASSED] - Object: 'buttonEditDTYOptedOrder' is clicked on

2019-11-15 13:40:14 - [TEST_STEP][PASSED] - click(findTestObject("Object Repository/Page_cabi Shipping/a_edit_order")): Object: 'Object Repository/Page_cabi Shipping/a_edit_order' is clicked on

2019-11-15 13:40:18 - [MESSAGE][PASSED] - Object: 'Object Repository/Page_cabi Shipping/a_edit_order' is clicked on

2019-11-15 13:40:18 - [TEST_STEP][PASSED] - click(findTestObject("Object Repository/Page_cabi Shipping/a_edit_order_shipping")): Object: 'Object Repository/Page_cabi Shipping/a_edit_order_shipping' is clicked on

2019-11-15 13:40:19 - [MESSAGE][PASSED] - Object: 'Object Repository/Page_cabi Shipping/a_edit_order_shipping' is clicked on

2019-11-15 13:40:19 - [TEST_STEP][PASSED] - checkDisabled = verifyElementHasAttribute(findTestObject("Object Repository/Page_cabi Shipping/check_as_dty_order"), "disabled", 20, CONTINUE_ON_FAILURE): Object 'Object Repository/Page_cabi Shipping/check_as_dty_order' has attribute 'disabled'

2019-11-15 13:40:20 - [MESSAGE][PASSED] - Object 'Object Repository/Page_cabi Shipping/check_as_dty_order' has attribute 'disabled'

2019-11-15 13:40:20 - [TEST_STEP][PASSED] - checkChecked = verifyElementHasAttribute(findTestObject("Object Repository/Page_cabi Shipping/check_as_dty_order"), "checked", 20, CONTINUE_ON_FAILURE): Object 'Object Repository/Page_cabi Shipping/check_as_dty_order' has attribute 'checked'

2019-11-15 13:40:20 - [MESSAGE][PASSED] - Object 'Object Repository/Page_cabi Shipping/check_as_dty_order' has attribute 'checked'

2019-11-15 13:40:20 - [TEST_STEP][PASSED] - if (checkDisabled && checkChecked): Object 'Object Repository/Page_cabi Shipping/check_as_dty_order' has attribute 'checked' with value 'true'

2019-11-15 13:40:20 - [TEST_STEP][PASSED] - verifyElementAttributeValue(findTestObject("Object Repository/Page_cabi Shipping/check_as_dty_order"), "disabled", "true", 20): Object 'Object Repository/Page_cabi Shipping/check_as_dty_order' has attribute 'disabled' with value 'true'

2019-11-15 13:40:20 - [MESSAGE][PASSED] - Object 'Object Repository/Page_cabi Shipping/check_as_dty_order' has attribute 'disabled' with value 'true'

2019-11-15 13:40:20 - [TEST_STEP][PASSED] - verifyElementAttributeValue(findTestObject("Object Repository/Page_cabi Shipping/check_as_dty_order"), "checked", "true", 20): Object 'Object Repository/Page_cabi Shipping/check_as_dty_order' has attribute 'checked' with value 'true'

2019-11-15 13:40:20 - [MESSAGE][PASSED] - Object 'Object Repository/Page_cabi Shipping/check_as_dty_order' has attribute 'checked' with value 'true'

2019-11-15 13:40:20 - [TEST_STEP][PASSED] - delay(2): Delayed 2 second(s)

2019-11-15 13:40:22 - [MESSAGE][PASSED] - Delayed 2 second(s)

2019-11-15 13:40:22 - [TEST_STEP][PASSED] - click(findTestObject("Object Repository/Page_cabi Shipping/a_edit_order_cancel")): Object: 'Object Repository/Page_cabi Shipping/a_edit_order_cancel' is clicked on

2019-11-15 13:40:24 - [MESSAGE][PASSED] - Object: 'Object Repository/Page_cabi Shipping/a_edit_order_cancel' is clicked on

2019-11-15 13:40:24 - [TEST_STEP][PASSED] - delay(1): Delayed 1 second(s)

2019-11-15 13:40:25 - [MESSAGE][PASSED] - Delayed 1 second(s)

2019-11-15 13:40:25 - [TEST_STEP][PASSED] - click(findTestObject("Object Repository/Page_cabi Shipping/a_invitaions")): Object: 'Object Repository/Page_cabi Shipping/a_invitaions' is clicked on

2019-11-15 13:40:28 - [MESSAGE][PASSED] - Object: 'Object Repository/Page_cabi Shipping/a_invitaions' is clicked on

2019-11-15 13:40:28 - [TEST_STEP][PASSED] - guest3 = findTestData(dataFile).getValue("guest3", 1): null

2019-11-15 13:40:28 - [TEST_STEP][PASSED] - executor.executeScript("arguments[0].click();", findWebElement(findTestObject("Object Repository/virualShowRSVPOR/Page_cabi Edit Show - Add Guests/a_add_guests"), 10)): null

2019-11-15 13:40:30 - [TEST_STEP][PASSED] - setText(findTestObject("Object Repository/virualShowRSVPOR/Page_cabi Edit Show - Add Guests/contact_search_box"), guest3): Text 'guest3-test abc' is set on object 'Object Repository/virualShowRSVPOR/Page_cabi Edit Show - Add Guests/contact_search_box'

2019-11-15 13:40:30 - [MESSAGE][PASSED] - Text 'guest3-test abc' is set on object 'Object Repository/virualShowRSVPOR/Page_cabi Edit Show - Add Guests/contact_search_box'

2019-11-15 13:40:30 - [TEST_STEP][PASSED] - delay(2): Delayed 2 second(s)

2019-11-15 13:40:32 - [MESSAGE][PASSED] - Delayed 2 second(s)

2019-11-15 13:40:32 - [TEST_STEP][PASSED] - sendKeys(findTestObject("Object Repository/virualShowRSVPOR/Page_cabi Edit Show - Add Guests/contact_search_box"), Keys.chord(ARROW_DOWN)): Keys 'DOWN + ' sent to object: 'Object Repository/virualShowRSVPOR/Page_cabi Edit Show - Add Guests/contact_search_box'

2019-11-15 13:40:32 - [MESSAGE][PASSED] - Keys 'DOWN + ' sent to object: 'Object Repository/virualShowRSVPOR/Page_cabi Edit Show - Add Guests/contact_search_box'

2019-11-15 13:40:32 - [TEST_STEP][PASSED] - sendKeys(findTestObject("Object Repository/virualShowRSVPOR/Page_cabi Edit Show - Add Guests/contact_search_box"), Keys.chord(ENTER)): Keys 'ENTER + ' sent to object: 'Object Repository/virualShowRSVPOR/Page_cabi Edit Show - Add Guests/contact_search_box'

2019-11-15 13:40:32 - [MESSAGE][PASSED] - Keys 'ENTER + ' sent to object: 'Object Repository/virualShowRSVPOR/Page_cabi Edit Show - Add Guests/contact_search_box'

2019-11-15 13:40:32 - [TEST_STEP][PASSED] - delay(2): Delayed 2 second(s)

2019-11-15 13:40:34 - [MESSAGE][PASSED] - Delayed 2 second(s)

2019-11-15 13:40:34 - [TEST_STEP][PASSED] - click(findTestObject("Object Repository/virualShowRSVPOR/Page_cabi Edit Show - Add Guests/a_add_guest")): Object: 'Object Repository/virualShowRSVPOR/Page_cabi Edit Show - Add Guests/a_add_guest' is clicked on

2019-11-15 13:40:35 - [MESSAGE][PASSED] - Object: 'Object Repository/virualShowRSVPOR/Page_cabi Edit Show - Add Guests/a_add_guest' is clicked on

2019-11-15 13:40:35 - [TEST_STEP][PASSED] - delay(2): Delayed 2 second(s)

2019-11-15 13:40:37 - [MESSAGE][PASSED] - Delayed 2 second(s)

2019-11-15 13:40:37 - [TEST_STEP][PASSED] - click(findTestObject("Object Repository/virualShowRSVPOR/Page_cabi Edit Show - Add Guests/input_Next")): Object: 'Object Repository/virualShowRSVPOR/Page_cabi Edit Show - Add Guests/input_Next' is clicked on

2019-11-15 13:40:38 - [MESSAGE][PASSED] - Object: 'Object Repository/virualShowRSVPOR/Page_cabi Edit Show - Add Guests/input_Next' is clicked on

2019-11-15 13:40:38 - [TEST_STEP][PASSED] - click(findTestObject("Object Repository/virualShowRSVPOR/Page_cabi Edit Show - Send Invitations/input_Overview")): Object: 'Object Repository/virualShowRSVPOR/Page_cabi Edit Show - Send Invitations/input_Overview' is clicked on

2019-11-15 13:40:40 - [MESSAGE][PASSED] - Object: 'Object Repository/virualShowRSVPOR/Page_cabi Edit Show - Send Invitations/input_Overview' is clicked on

2019-11-15 13:40:40 - [TEST_STEP][PASSED] - click(findTestObject("Object Repository/virualShowRSVPOR/Page_cabi Edit Show - Send Invitations/a_orders")): Object: 'Object Repository/virualShowRSVPOR/Page_cabi Edit Show - Send Invitations/a_orders' is clicked on

2019-11-15 13:40:42 - [MESSAGE][PASSED] - Object: 'Object Repository/virualShowRSVPOR/Page_cabi Edit Show - Send Invitations/a_orders' is clicked on

2019-11-15 13:40:42 - [TEST_STEP][PASSED] - buttonEditDTYNonOptedOrder = UtilityMethods.createTestObject("buttonEditDTYNonOptedOrder", "//table[@class='show-order-table']/tbody/tr/td/span[contains(text(), '", g2Var, "')]/parent::td/following-sibling::td[@class='column-order']/a"): null

2019-11-15 13:40:42 - [TEST_STEP][PASSED] - click(buttonEditDTYNonOptedOrder): Object: 'buttonEditDTYNonOptedOrder' is clicked on

2019-11-15 13:40:45 - [MESSAGE][PASSED] - Object: 'buttonEditDTYNonOptedOrder' is clicked on

2019-11-15 13:40:45 - [TEST_STEP][PASSED] - click(findTestObject("Object Repository/Page_cabi Shipping/a_edit_order")): Object: 'Object Repository/Page_cabi Shipping/a_edit_order' is clicked on

2019-11-15 13:40:49 - [MESSAGE][PASSED] - Object: 'Object Repository/Page_cabi Shipping/a_edit_order' is clicked on

2019-11-15 13:40:49 - [TEST_STEP][PASSED] - click(findTestObject("Object Repository/Page_cabi Shipping/a_edit_order_shipping")): Object: 'Object Repository/Page_cabi Shipping/a_edit_order_shipping' is clicked on

2019-11-15 13:40:49 - [MESSAGE][PASSED] - Object: 'Object Repository/Page_cabi Shipping/a_edit_order_shipping' is clicked on

2019-11-15 13:40:49 - [TEST_STEP][PASSED] - verifyElementNotHasAttribute(findTestObject("Object Repository/Page_cabi Shipping/check_as_dty_order"), "disabled", 20, CONTINUE_ON_FAILURE): Object 'Object Repository/Page_cabi Shipping/check_as_dty_order' does not have attribute 'disabled'

2019-11-15 13:40:50 - [MESSAGE][PASSED] - Object 'Object Repository/Page_cabi Shipping/check_as_dty_order' does not have attribute 'disabled'

2019-11-15 13:40:50 - [TEST_STEP][PASSED] - delay(2): Delayed 2 second(s)

2019-11-15 13:40:52 - [MESSAGE][PASSED] - Delayed 2 second(s)

2019-11-15 13:40:52 - [TEST_STEP][PASSED] - click(findTestObject("Object Repository/Page_cabi Shipping/a_edit_order_payments")): Object: 'Object Repository/Page_cabi Shipping/a_edit_order_payments' is clicked on

2019-11-15 13:40:52 - [MESSAGE][PASSED] - Object: 'Object Repository/Page_cabi Shipping/a_edit_order_payments' is clicked on

2019-11-15 13:40:53 - [TEST_STEP][PASSED] - delay(3): Delayed 3 second(s)

2019-11-15 13:40:56 - [MESSAGE][PASSED] - Delayed 3 second(s)

2019-11-15 13:40:56 - [TEST_STEP][PASSED] - callTestCase(findTestCase("TestCaseUtilities/showOrderPaeymentCC"), [:], STOP_ON_FAILURE): Call Test Case 'Test Cases/TestCaseUtilities/showOrderPaeymentCC' successfully

2019-11-15 13:40:56 - [TEST_CASE][PASSED] - Test Cases/TestCaseUtilities/showOrderPaeymentCC: Test Cases/TestCaseUtilities/showOrderPaeymentCC

2019-11-15 13:40:56 - [TEST_STEP][PASSED] - driver = getWebDriver(): null

2019-11-15 13:40:56 - [TEST_STEP][PASSED] - executor = driver: null

2019-11-15 13:40:56 - [TEST_STEP][PASSED] - click(findTestObject("Object Repository/Page_cabi Shipping/select_payment_options_select")): Object: 'Object Repository/Page_cabi Shipping/select_payment_options_select' is clicked on

2019-11-15 13:40:56 - [MESSAGE][PASSED] - Object: 'Object Repository/Page_cabi Shipping/select_payment_options_select' is clicked on

2019-11-15 13:40:56 - [TEST_STEP][PASSED] - click(findTestObject("Object Repository/Page_cabi Shipping/select_payment_options_new_cc")): Object: 'Object Repository/Page_cabi Shipping/select_payment_options_new_cc' is clicked on

2019-11-15 13:40:56 - [MESSAGE][PASSED] - Object: 'Object Repository/Page_cabi Shipping/select_payment_options_new_cc' is clicked on

2019-11-15 13:40:56 - [TEST_STEP][PASSED] - delay(3): Delayed 3 second(s)

2019-11-15 13:40:59 - [MESSAGE][PASSED] - Delayed 3 second(s)

2019-11-15 13:40:59 - [TEST_STEP][PASSED] - executor.executeScript("arguments[0].click();", findWebElement(findTestObject("Object Repository/Page_cabi Shipping/select_payment_visa"), 10)): null

2019-11-15 13:40:59 - [TEST_STEP][PASSED] - setText(findTestObject("Object Repository/Page_cabi Shipping/select_payment_fname"), "abcd"): Text 'abcd' is set on object 'Object Repository/Page_cabi Shipping/select_payment_fname'

2019-11-15 13:40:59 - [MESSAGE][PASSED] - Text 'abcd' is set on object 'Object Repository/Page_cabi Shipping/select_payment_fname'

2019-11-15 13:40:59 - [TEST_STEP][PASSED] - setText(findTestObject("Object Repository/Page_cabi Shipping/select_payment_lname"), "fghi"): Text 'fghi' is set on object 'Object Repository/Page_cabi Shipping/select_payment_lname'

2019-11-15 13:40:59 - [MESSAGE][PASSED] - Text 'fghi' is set on object 'Object Repository/Page_cabi Shipping/select_payment_lname'

2019-11-15 13:40:59 - [TEST_STEP][PASSED] - setText(findTestObject("Object Repository/Page_cabi Shipping/select_payment_card_number"), "4111111111111111"): Text '4111111111111111' is set on object 'Object Repository/Page_cabi Shipping/select_payment_card_number'

2019-11-15 13:40:59 - [MESSAGE][PASSED] - Text '4111111111111111' is set on object 'Object Repository/Page_cabi Shipping/select_payment_card_number'

2019-11-15 13:40:59 - [TEST_STEP][PASSED] - click(findTestObject("Object Repository/Page_cabi Shipping/select_payment_exp_date_month")): Object: 'Object Repository/Page_cabi Shipping/select_payment_exp_date_month' is clicked on

2019-11-15 13:40:59 - [MESSAGE][PASSED] - Object: 'Object Repository/Page_cabi Shipping/select_payment_exp_date_month' is clicked on

2019-11-15 13:40:59 - [TEST_STEP][PASSED] - click(findTestObject("Object Repository/Page_cabi Shipping/select_payment_exp_date_year")): Object: 'Object Repository/Page_cabi Shipping/select_payment_exp_date_year' is clicked on

2019-11-15 13:40:59 - [MESSAGE][PASSED] - Object: 'Object Repository/Page_cabi Shipping/select_payment_exp_date_year' is clicked on

2019-11-15 13:40:59 - [TEST_STEP][PASSED] - executor.executeScript("arguments[0].click();", findWebElement(findTestObject("Object Repository/Page_cabi Shipping/input_select_billing_add_same_as_mailing_add"), 10)): null

2019-11-15 13:40:59 - [TEST_STEP][PASSED] - delay(3): Delayed 3 second(s)

2019-11-15 13:41:02 - [MESSAGE][PASSED] - Delayed 3 second(s)

2019-11-15 13:41:02 - [TEST_STEP][PASSED] - executor.executeScript("arguments[0].click();", findWebElement(findTestObject("Object Repository/Page_cabi Shipping/a_save_shipping_info"), 10)): null

2019-11-15 13:41:06 - [TEST_STEP][PASSED] - delay(2): Delayed 2 second(s)

2019-11-15 13:41:08 - [MESSAGE][PASSED] - Delayed 2 second(s)

2019-11-15 13:41:08 - [TEST_STEP][PASSED] - executor.executeScript("arguments[0].click();", findWebElement(findTestObject("Object Repository/Page_cabi Shipping/a_review_order"), 10)): null

2019-11-15 13:41:08 - [TEST_STEP][PASSED] - delay(2): Delayed 2 second(s)

2019-11-15 13:41:10 - [MESSAGE][PASSED] - Delayed 2 second(s)

2019-11-15 13:41:10 - [MESSAGE][PASSED] - Call Test Case 'Test Cases/TestCaseUtilities/showOrderPaeymentCC' successfully

2019-11-15 13:41:10 - [TEST_STEP][PASSED] - executor.executeScript("arguments[0].click();", findWebElement(findTestObject("Object Repository/Page_cabi Shipping/a_edit_order_save_changes"), 10)): null

2019-11-15 13:41:10 - [TEST_STEP][PASSED] - click(findTestObject("Object Repository/Page_cabi Shipping/a_edit_order")): Object: 'Object Repository/Page_cabi Shipping/a_edit_order' is clicked on

2019-11-15 13:41:18 - [MESSAGE][PASSED] - Object: 'Object Repository/Page_cabi Shipping/a_edit_order' is clicked on

2019-11-15 13:41:18 - [TEST_STEP][PASSED] - click(findTestObject("Object Repository/Page_cabi Shipping/a_edit_order_shipping")): Object: 'Object Repository/Page_cabi Shipping/a_edit_order_shipping' is clicked on

2019-11-15 13:41:18 - [MESSAGE][PASSED] - Object: 'Object Repository/Page_cabi Shipping/a_edit_order_shipping' is clicked on

2019-11-15 13:41:18 - [TEST_STEP][PASSED] - verifyElementNotHasAttribute(findTestObject("Object Repository/Page_cabi Shipping/check_as_dty_order"), "disabled", 20, CONTINUE_ON_FAILURE): Object 'Object Repository/Page_cabi Shipping/check_as_dty_order' does not have attribute 'disabled'

2019-11-15 13:41:19 - [MESSAGE][PASSED] - Object 'Object Repository/Page_cabi Shipping/check_as_dty_order' does not have attribute 'disabled'

2019-11-15 13:41:19 - [TEST_STEP][PASSED] - executor.executeScript("arguments[0].click();", findWebElement(findTestObject("Object Repository/Page_cabi Shipping/check_as_dty_order"), 5)): null

2019-11-15 13:41:20 - [TEST_STEP][PASSED] - delay(5): Delayed 5 second(s)

2019-11-15 13:41:25 - [MESSAGE][PASSED] - Delayed 5 second(s)

2019-11-15 13:41:25 - [TEST_STEP][PASSED] - click(findTestObject("Object Repository/Page_cabi Shipping/a_show_order_checkout_next")): Object: 'Object Repository/Page_cabi Shipping/a_show_order_checkout_next' is clicked on

2019-11-15 13:41:25 - [MESSAGE][PASSED] - Object: 'Object Repository/Page_cabi Shipping/a_show_order_checkout_next' is clicked on

2019-11-15 13:41:25 - [TEST_STEP][PASSED] - delay(1): Delayed 1 second(s)

2019-11-15 13:41:26 - [MESSAGE][PASSED] - Delayed 1 second(s)

2019-11-15 13:41:26 - [TEST_STEP][PASSED] - executor.executeScript("arguments[0].click();", findWebElement(findTestObject("Object Repository/Page_cabi Shipping/a_review_order"), 10)): null

2019-11-15 13:41:26 - [TEST_STEP][PASSED] - executor.executeScript("arguments[0].click();", findWebElement(findTestObject("Object Repository/Page_cabi Shipping/a_edit_order_save_changes"), 10)): null

2019-11-15 13:41:29 - [TEST_STEP][PASSED] - click(findTestObject("Object Repository/Page_cabi Shipping/a_back_to_orders")): Object: 'Object Repository/Page_cabi Shipping/a_back_to_orders' is clicked on

2019-11-15 13:41:32 - [MESSAGE][PASSED] - Object: 'Object Repository/Page_cabi Shipping/a_back_to_orders' is clicked on

2019-11-15 13:41:32 - [TEST_STEP][PASSED] - delay(2): Delayed 2 second(s)

2019-11-15 13:41:34 - [MESSAGE][PASSED] - Delayed 2 second(s)

2019-11-15 13:41:34 - [TEST_STEP][PASSED] - g3Vars = UtilityMethods.splitPersonName(guest3): null

2019-11-15 13:41:34 - [TEST_STEP][PASSED] - g3Var = UtilityMethods.concat(g3Vars[1], ", ", g3Vars[0]): null

2019-11-15 13:41:34 - [TEST_STEP][PASSED] - buttonPlaceOrder = UtilityMethods.createTestObject("buttoPlaceOrder", "//table[@class='show-order-table']/tbody/tr/td/span[contains(text(), '", g3Var, "')]/parent::td/following-sibling::td[1]/button"): null

2019-11-15 13:41:34 - [TEST_STEP][PASSED] - click(buttonPlaceOrder): Object: 'buttoPlaceOrder' is clicked on

2019-11-15 13:41:37 - [MESSAGE][PASSED] - Object: 'buttoPlaceOrder' is clicked on

2019-11-15 13:41:37 - [TEST_STEP][PASSED] - delay(3): Delayed 3 second(s)

2019-11-15 13:41:40 - [MESSAGE][PASSED] - Delayed 3 second(s)

2019-11-15 13:41:40 - [TEST_STEP][PASSED] - DTYMsg = "Hooray! This order is eligible for "Direct to You" shipping.": null

2019-11-15 13:41:40 - [TEST_STEP][PASSED] - println(getText(findTestObject("Object Repository/virualShowRSVPOR/DTY/label_DtyEligibility"))): Text of object 'Object Repository/virualShowRSVPOR/DTY/label_DtyEligibility' is: 'Hooray! This order is eligible for "Direct to You" shipping.'

2019-11-15 13:41:40 - [MESSAGE][PASSED] - Text of object 'Object Repository/virualShowRSVPOR/DTY/label_DtyEligibility' is: 'Hooray! This order is eligible for "Direct to You" shipping.'

2019-11-15 13:41:40 - [TEST_STEP][PASSED] - verifyElementText(findTestObject("Object Repository/virualShowRSVPOR/DTY/label_DtyEligibility"), DTYMsg, CONTINUE_ON_FAILURE): Actual text and expected text of test object 'Object Repository/virualShowRSVPOR/DTY/label_DtyEligibility' are matched.

2019-11-15 13:41:40 - [MESSAGE][PASSED] - Actual text and expected text of test object 'Object Repository/virualShowRSVPOR/DTY/label_DtyEligibility' are matched.

2019-11-15 13:41:40 - [TEST_STEP][PASSED] - executor.executeScript("arguments[0].click();", findWebElement(findTestObject("Object Repository/Page_cabi Home/a_same_shipping_address"), 10)): null

2019-11-15 13:41:40 - [TEST_STEP][PASSED] - delay(3): Delayed 3 second(s)

2019-11-15 13:41:43 - [MESSAGE][PASSED] - Delayed 3 second(s)

2019-11-15 13:41:43 - [TEST_STEP][PASSED] - check(findTestObject("Object Repository/Page_cabi Home/a_same_shipping_address")): Object 'Object Repository/Page_cabi Home/a_same_shipping_address' is checked

2019-11-15 13:41:43 - [MESSAGE][PASSED] - Object 'Object Repository/Page_cabi Home/a_same_shipping_address' is checked

2019-11-15 13:41:43 - [TEST_STEP][PASSED] - delay(3): Delayed 3 second(s)

2019-11-15 13:41:46 - [MESSAGE][PASSED] - Delayed 3 second(s)

2019-11-15 13:41:46 - [TEST_STEP][PASSED] - driver = getWebDriver(): null

2019-11-15 13:41:46 - [TEST_STEP][PASSED] - executor = driver: null

2019-11-15 13:41:46 - [TEST_STEP][PASSED] - executor.executeScript("arguments[0].click();", findWebElement(findTestObject("Object Repository/Page_cabi Home/a_order_items"), 5)): null

2019-11-15 13:41:46 - [TEST_STEP][PASSED] - click(findTestObject("Object Repository/Page_cabi Retail Store/span_quick_entry")): Object: 'Object Repository/Page_cabi Retail Store/span_quick_entry' is clicked on

2019-11-15 13:41:50 - [MESSAGE][PASSED] - Object: 'Object Repository/Page_cabi Retail Store/span_quick_entry' is clicked on

2019-11-15 13:41:50 - [TEST_STEP][PASSED] - delay(3): Delayed 3 second(s)

2019-11-15 13:41:53 - [MESSAGE][PASSED] - Delayed 3 second(s)

2019-11-15 13:41:53 - [TEST_STEP][PASSED] - emptyCart = findWebElements(findTestObject("Object Repository/Page_cabi Personal Store/removeFromCart"), 5): Unable to find the element located by 'By.xpath: //*[@id="removeFromCart_0"]/span'. Please recheck the objects properties to make sure the desired element is located. 

2019-11-15 13:41:58 - [MESSAGE][INFO] - Unable to find the element located by 'By.xpath: //*[@id="removeFromCart_0"]/span'. Please recheck the objects properties to make sure the desired element is located. 

2019-11-15 13:41:58 - [TEST_STEP][PASSED] - if (emptyCart.size() > 0): null

2019-11-15 13:41:58 - [TEST_STEP][PASSED] - addOnStyle = findTestData("miscData").getValue("addOnStyle", 1): null

2019-11-15 13:41:58 - [TEST_STEP][PASSED] - setText(findTestObject("Object Repository/Page_cabi Create Order/input_Manual Discount_stylelookup_0"), addOnStyle): Text '3701' is set on object 'Object Repository/Page_cabi Create Order/input_Manual Discount_stylelookup_0'

2019-11-15 13:41:58 - [MESSAGE][PASSED] - Text '3701' is set on object 'Object Repository/Page_cabi Create Order/input_Manual Discount_stylelookup_0'

2019-11-15 13:41:58 - [TEST_STEP][PASSED] - delay(2): Delayed 2 second(s)

2019-11-15 13:42:00 - [MESSAGE][PASSED] - Delayed 2 second(s)

2019-11-15 13:42:00 - [TEST_STEP][PASSED] - sendKeys(findTestObject("Object Repository/Page_cabi Create Order/input_Manual Discount_stylelookup_0"), Keys.chord(ARROW_DOWN)): Keys 'DOWN + ' sent to object: 'Object Repository/Page_cabi Create Order/input_Manual Discount_stylelookup_0'

2019-11-15 13:42:00 - [MESSAGE][PASSED] - Keys 'DOWN + ' sent to object: 'Object Repository/Page_cabi Create Order/input_Manual Discount_stylelookup_0'

2019-11-15 13:42:00 - [TEST_STEP][PASSED] - delay(2): Delayed 2 second(s)

2019-11-15 13:42:02 - [MESSAGE][PASSED] - Delayed 2 second(s)

2019-11-15 13:42:02 - [TEST_STEP][PASSED] - sendKeys(findTestObject("Object Repository/Page_cabi Create Order/input_Manual Discount_stylelookup_0"), Keys.chord(ARROW_DOWN)): Keys 'DOWN + ' sent to object: 'Object Repository/Page_cabi Create Order/input_Manual Discount_stylelookup_0'

2019-11-15 13:42:02 - [MESSAGE][PASSED] - Keys 'DOWN + ' sent to object: 'Object Repository/Page_cabi Create Order/input_Manual Discount_stylelookup_0'

2019-11-15 13:42:02 - [TEST_STEP][PASSED] - sendKeys(findTestObject("Object Repository/Page_cabi Create Order/input_Manual Discount_stylelookup_0"), Keys.chord(ENTER)): Keys 'ENTER + ' sent to object: 'Object Repository/Page_cabi Create Order/input_Manual Discount_stylelookup_0'

2019-11-15 13:42:02 - [MESSAGE][PASSED] - Keys 'ENTER + ' sent to object: 'Object Repository/Page_cabi Create Order/input_Manual Discount_stylelookup_0'

2019-11-15 13:42:02 - [TEST_STEP][PASSED] - delay(5): Delayed 5 second(s)

2019-11-15 13:42:07 - [MESSAGE][PASSED] - Delayed 5 second(s)

2019-11-15 13:42:07 - [TEST_STEP][PASSED] - click(findTestObject("Object Repository/Page_cabi Order Items/selectSize")): Object: 'Object Repository/Page_cabi Order Items/selectSize' is clicked on

2019-11-15 13:42:07 - [MESSAGE][PASSED] - Object: 'Object Repository/Page_cabi Order Items/selectSize' is clicked on

2019-11-15 13:42:07 - [TEST_STEP][PASSED] - delay(3): Delayed 3 second(s)

2019-11-15 13:42:10 - [MESSAGE][PASSED] - Delayed 3 second(s)

2019-11-15 13:42:10 - [TEST_STEP][PASSED] - click(findTestObject("Object Repository/Page_cabi Order Items/span_Add to Cart")): Object: 'Object Repository/Page_cabi Order Items/span_Add to Cart' is clicked on

2019-11-15 13:42:11 - [MESSAGE][PASSED] - Object: 'Object Repository/Page_cabi Order Items/span_Add to Cart' is clicked on

2019-11-15 13:42:11 - [TEST_STEP][PASSED] - delay(5): Delayed 5 second(s)

2019-11-15 13:42:16 - [MESSAGE][PASSED] - Delayed 5 second(s)

2019-11-15 13:42:16 - [TEST_STEP][PASSED] - click(findTestObject("Object Repository/Page_cabi Order Items/a_next")): Object: 'Object Repository/Page_cabi Order Items/a_next' is clicked on

2019-11-15 13:42:16 - [MESSAGE][PASSED] - Object: 'Object Repository/Page_cabi Order Items/a_next' is clicked on

2019-11-15 13:42:16 - [TEST_STEP][PASSED] - delay(3): Delayed 3 second(s)

2019-11-15 13:42:19 - [MESSAGE][PASSED] - Delayed 3 second(s)

2019-11-15 13:42:19 - [TEST_STEP][PASSED] - verifyElementText(findTestObject("Object Repository/Page_cabi Shipping/label_DTYMsg1"), "This order is eligible for "Direct to You" shipping.", CONTINUE_ON_FAILURE): Actual text and expected text of test object 'Object Repository/Page_cabi Shipping/label_DTYMsg1' are matched.

2019-11-15 13:42:19 - [MESSAGE][PASSED] - Actual text and expected text of test object 'Object Repository/Page_cabi Shipping/label_DTYMsg1' are matched.

2019-11-15 13:42:19 - [TEST_STEP][PASSED] - delay(1): Delayed 1 second(s)

2019-11-15 13:42:20 - [MESSAGE][PASSED] - Delayed 1 second(s)

2019-11-15 13:42:20 - [TEST_STEP][PASSED] - verifyElementText(findTestObject("Object Repository/Page_cabi Shipping/label_DTYMsg2"), ""Direct to You" order must be paid by credit card or cabi Gift Card.", CONTINUE_ON_FAILURE): Actual text and expected text of test object 'Object Repository/Page_cabi Shipping/label_DTYMsg2' are matched.

2019-11-15 13:42:20 - [MESSAGE][PASSED] - Actual text and expected text of test object 'Object Repository/Page_cabi Shipping/label_DTYMsg2' are matched.

2019-11-15 13:42:20 - [TEST_STEP][PASSED] - delay(1): Delayed 1 second(s)

2019-11-15 13:42:21 - [MESSAGE][PASSED] - Delayed 1 second(s)

2019-11-15 13:42:21 - [TEST_STEP][PASSED] - verifyElementText(findTestObject("Object Repository/Page_cabi Shipping/label_DTYMsg3"), ""Direct to You" order can start being placed 2 days before the show date.", CONTINUE_ON_FAILURE): Actual text and expected text of test object 'Object Repository/Page_cabi Shipping/label_DTYMsg3' are matched.

2019-11-15 13:42:21 - [MESSAGE][PASSED] - Actual text and expected text of test object 'Object Repository/Page_cabi Shipping/label_DTYMsg3' are matched.

2019-11-15 13:42:21 - [TEST_STEP][PASSED] - delay(1): Delayed 1 second(s)

2019-11-15 13:42:22 - [MESSAGE][PASSED] - Delayed 1 second(s)

2019-11-15 13:42:22 - [TEST_STEP][PASSED] - verifyElementNotHasAttribute(findTestObject("Object Repository/Page_cabi Shipping/select_ship_to_show_loc"), "disabled", 20, CONTINUE_ON_FAILURE): Object 'Object Repository/Page_cabi Shipping/select_ship_to_show_loc' does not have attribute 'disabled'

2019-11-15 13:42:22 - [MESSAGE][PASSED] - Object 'Object Repository/Page_cabi Shipping/select_ship_to_show_loc' does not have attribute 'disabled'

2019-11-15 13:42:22 - [TEST_STEP][PASSED] - click(findTestObject("Object Repository/Page_cabi Shipping/select_ship_to_guest_add")): Object: 'Object Repository/Page_cabi Shipping/select_ship_to_guest_add' is clicked on

2019-11-15 13:42:22 - [MESSAGE][PASSED] - Object: 'Object Repository/Page_cabi Shipping/select_ship_to_guest_add' is clicked on

2019-11-15 13:42:22 - [TEST_STEP][PASSED] - delay(5): Delayed 5 second(s)

2019-11-15 13:42:27 - [MESSAGE][PASSED] - Delayed 5 second(s)

2019-11-15 13:42:27 - [TEST_STEP][PASSED] - click(findTestObject("Object Repository/Page_cabi Shipping/a_show_order_checkout_next")): Object: 'Object Repository/Page_cabi Shipping/a_show_order_checkout_next' is clicked on

2019-11-15 13:42:27 - [MESSAGE][PASSED] - Object: 'Object Repository/Page_cabi Shipping/a_show_order_checkout_next' is clicked on

2019-11-15 13:42:27 - [TEST_STEP][PASSED] - delay(1): Delayed 1 second(s)

2019-11-15 13:42:28 - [MESSAGE][PASSED] - Delayed 1 second(s)

2019-11-15 13:42:28 - [TEST_STEP][PASSED] - println(getText(findTestObject("Object Repository/Page_cabi Shipping/div_DTY-warning_popup"))): Text of object 'Object Repository/Page_cabi Shipping/div_DTY-warning_popup' is: 'This order is eligible for "Direct to You" shipping.
Do you want to change this order to "Direct to You" and ship immediately?'

2019-11-15 13:42:28 - [MESSAGE][PASSED] - Text of object 'Object Repository/Page_cabi Shipping/div_DTY-warning_popup' is: 'This order is eligible for "Direct to You" shipping.
Do you want to change this order to "Direct to You" and ship immediately?'

2019-11-15 13:42:28 - [TEST_STEP][PASSED] - verifyElementText(findTestObject("Object Repository/Page_cabi Shipping/div_DTY-warning_popup"), "This order is eligible for "Direct to You" shipping.
Do you want to change this order to "Direct to You" and ship immediately?"): Actual text and expected text of test object 'Object Repository/Page_cabi Shipping/div_DTY-warning_popup' are matched.

2019-11-15 13:42:28 - [MESSAGE][PASSED] - Actual text and expected text of test object 'Object Repository/Page_cabi Shipping/div_DTY-warning_popup' are matched.

2019-11-15 13:42:28 - [TEST_STEP][PASSED] - delay(1): Delayed 1 second(s)

2019-11-15 13:42:29 - [MESSAGE][PASSED] - Delayed 1 second(s)

2019-11-15 13:42:29 - [TEST_STEP][PASSED] - click(findTestObject("Object Repository/Page_cabi Shipping/button_DTY_warning_popup_no_ship_DTY")): Object: 'Object Repository/Page_cabi Shipping/button_DTY_warning_popup_no_ship_DTY' is clicked on

2019-11-15 13:42:29 - [MESSAGE][PASSED] - Object: 'Object Repository/Page_cabi Shipping/button_DTY_warning_popup_no_ship_DTY' is clicked on

2019-11-15 13:42:29 - [TEST_STEP][PASSED] - delay(1): Delayed 1 second(s)

2019-11-15 13:42:30 - [MESSAGE][PASSED] - Delayed 1 second(s)

2019-11-15 13:42:30 - [TEST_STEP][PASSED] - click(findTestObject("Object Repository/Page_cabi Shipping/a_make_first_payment")): Object: 'Object Repository/Page_cabi Shipping/a_make_first_payment' is clicked on

2019-11-15 13:42:31 - [MESSAGE][PASSED] - Object: 'Object Repository/Page_cabi Shipping/a_make_first_payment' is clicked on

2019-11-15 13:42:31 - [TEST_STEP][PASSED] - delay(3): Delayed 3 second(s)

2019-11-15 13:42:34 - [MESSAGE][PASSED] - Delayed 3 second(s)

2019-11-15 13:42:34 - [TEST_STEP][PASSED] - DTYMsgs = findWebElements(findTestObject("Object Repository/Page_cabi Shipping/li_DTY_payment_info"), 5): null

2019-11-15 13:42:34 - [TEST_STEP][PASSED] - if (DTYMsgs.size() > 0): null

2019-11-15 13:42:34 - [TEST_STEP][PASSED] - sa.assertTrue(false): null

2019-11-15 13:42:34 - [TEST_STEP][PASSED] - callTestCase(findTestCase("TestCaseUtilities/showOrderPaeymentCC"), [:], STOP_ON_FAILURE): Call Test Case 'Test Cases/TestCaseUtilities/showOrderPaeymentCC' successfully

2019-11-15 13:42:34 - [TEST_CASE][PASSED] - Test Cases/TestCaseUtilities/showOrderPaeymentCC: Test Cases/TestCaseUtilities/showOrderPaeymentCC

2019-11-15 13:42:34 - [TEST_STEP][PASSED] - driver = getWebDriver(): null

2019-11-15 13:42:34 - [TEST_STEP][PASSED] - executor = driver: null

2019-11-15 13:42:34 - [TEST_STEP][PASSED] - click(findTestObject("Object Repository/Page_cabi Shipping/select_payment_options_select")): Object: 'Object Repository/Page_cabi Shipping/select_payment_options_select' is clicked on

2019-11-15 13:42:34 - [MESSAGE][PASSED] - Object: 'Object Repository/Page_cabi Shipping/select_payment_options_select' is clicked on

2019-11-15 13:42:34 - [TEST_STEP][PASSED] - click(findTestObject("Object Repository/Page_cabi Shipping/select_payment_options_new_cc")): Object: 'Object Repository/Page_cabi Shipping/select_payment_options_new_cc' is clicked on

2019-11-15 13:42:34 - [MESSAGE][PASSED] - Object: 'Object Repository/Page_cabi Shipping/select_payment_options_new_cc' is clicked on

2019-11-15 13:42:34 - [TEST_STEP][PASSED] - delay(3): Delayed 3 second(s)

2019-11-15 13:42:37 - [MESSAGE][PASSED] - Delayed 3 second(s)

2019-11-15 13:42:37 - [TEST_STEP][PASSED] - executor.executeScript("arguments[0].click();", findWebElement(findTestObject("Object Repository/Page_cabi Shipping/select_payment_visa"), 10)): null

2019-11-15 13:42:37 - [TEST_STEP][PASSED] - setText(findTestObject("Object Repository/Page_cabi Shipping/select_payment_fname"), "abcd"): Text 'abcd' is set on object 'Object Repository/Page_cabi Shipping/select_payment_fname'

2019-11-15 13:42:37 - [MESSAGE][PASSED] - Text 'abcd' is set on object 'Object Repository/Page_cabi Shipping/select_payment_fname'

2019-11-15 13:42:37 - [TEST_STEP][PASSED] - setText(findTestObject("Object Repository/Page_cabi Shipping/select_payment_lname"), "fghi"): Text 'fghi' is set on object 'Object Repository/Page_cabi Shipping/select_payment_lname'

2019-11-15 13:42:38 - [MESSAGE][PASSED] - Text 'fghi' is set on object 'Object Repository/Page_cabi Shipping/select_payment_lname'

2019-11-15 13:42:38 - [TEST_STEP][PASSED] - setText(findTestObject("Object Repository/Page_cabi Shipping/select_payment_card_number"), "4111111111111111"): Text '4111111111111111' is set on object 'Object Repository/Page_cabi Shipping/select_payment_card_number'

2019-11-15 13:42:38 - [MESSAGE][PASSED] - Text '4111111111111111' is set on object 'Object Repository/Page_cabi Shipping/select_payment_card_number'

2019-11-15 13:42:38 - [TEST_STEP][PASSED] - click(findTestObject("Object Repository/Page_cabi Shipping/select_payment_exp_date_month")): Object: 'Object Repository/Page_cabi Shipping/select_payment_exp_date_month' is clicked on

2019-11-15 13:42:38 - [MESSAGE][PASSED] - Object: 'Object Repository/Page_cabi Shipping/select_payment_exp_date_month' is clicked on

2019-11-15 13:42:38 - [TEST_STEP][PASSED] - click(findTestObject("Object Repository/Page_cabi Shipping/select_payment_exp_date_year")): Object: 'Object Repository/Page_cabi Shipping/select_payment_exp_date_year' is clicked on

2019-11-15 13:42:38 - [MESSAGE][PASSED] - Object: 'Object Repository/Page_cabi Shipping/select_payment_exp_date_year' is clicked on

2019-11-15 13:42:38 - [TEST_STEP][PASSED] - executor.executeScript("arguments[0].click();", findWebElement(findTestObject("Object Repository/Page_cabi Shipping/input_select_billing_add_same_as_mailing_add"), 10)): null

2019-11-15 13:42:38 - [TEST_STEP][PASSED] - delay(3): Delayed 3 second(s)

2019-11-15 13:42:41 - [MESSAGE][PASSED] - Delayed 3 second(s)

2019-11-15 13:42:41 - [TEST_STEP][PASSED] - executor.executeScript("arguments[0].click();", findWebElement(findTestObject("Object Repository/Page_cabi Shipping/a_save_shipping_info"), 10)): null

2019-11-15 13:42:45 - [TEST_STEP][PASSED] - delay(2): Delayed 2 second(s)

2019-11-15 13:42:47 - [MESSAGE][PASSED] - Delayed 2 second(s)

2019-11-15 13:42:47 - [TEST_STEP][PASSED] - executor.executeScript("arguments[0].click();", findWebElement(findTestObject("Object Repository/Page_cabi Shipping/a_review_order"), 10)): null

2019-11-15 13:42:47 - [TEST_STEP][PASSED] - delay(2): Delayed 2 second(s)

2019-11-15 13:42:49 - [MESSAGE][PASSED] - Delayed 2 second(s)

2019-11-15 13:42:49 - [MESSAGE][PASSED] - Call Test Case 'Test Cases/TestCaseUtilities/showOrderPaeymentCC' successfully

2019-11-15 13:42:49 - [TEST_STEP][PASSED] - delay(2): Delayed 2 second(s)

2019-11-15 13:42:51 - [MESSAGE][PASSED] - Delayed 2 second(s)

2019-11-15 13:42:51 - [TEST_STEP][PASSED] - executor.executeScript("arguments[0].click();", findWebElement(findTestObject("Object Repository/Page_cabi Shipping/a_submit_order"), 10)): null

2019-11-15 13:42:51 - [TEST_STEP][PASSED] - click(findTestObject("Object Repository/Page_cabi Shipping/a_order_view")): Object: 'Object Repository/Page_cabi Shipping/a_order_view' is clicked on

2019-11-15 13:42:54 - [MESSAGE][PASSED] - Object: 'Object Repository/Page_cabi Shipping/a_order_view' is clicked on

2019-11-15 13:42:54 - [TEST_STEP][PASSED] - actualOrderStatus = getText(findTestObject("Object Repository/Page_cabi Shipping/span_order_status")): Text of object 'Object Repository/Page_cabi Shipping/span_order_status' is: 'ORDER STATUS : OPEN 
ORDER # SH708512304  '

2019-11-15 13:42:54 - [MESSAGE][PASSED] - Text of object 'Object Repository/Page_cabi Shipping/span_order_status' is: 'ORDER STATUS : OPEN 
ORDER # SH708512304  '

2019-11-15 13:42:54 - [TEST_STEP][PASSED] - expectedOrderStatus = "OPEN": null

2019-11-15 13:42:54 - [TEST_STEP][PASSED] - sa.assertTrue(actualOrderStatus.contains(expectedOrderStatus)): null

2019-11-15 13:42:54 - [TEST_STEP][PASSED] - println(actualOrderStatus): null

2019-11-15 13:42:54 - [TEST_STEP][PASSED] - click(findTestObject("Object Repository/Page_cabi Shipping/a_back_to_orders")): Object: 'Object Repository/Page_cabi Shipping/a_back_to_orders' is clicked on

2019-11-15 13:42:55 - [MESSAGE][PASSED] - Object: 'Object Repository/Page_cabi Shipping/a_back_to_orders' is clicked on

2019-11-15 13:42:55 - [TEST_STEP][PASSED] - delay(2): Delayed 2 second(s)

2019-11-15 13:42:57 - [MESSAGE][PASSED] - Delayed 2 second(s)

2019-11-15 13:42:57 - [TEST_STEP][PASSED] - buttonEditDTYNonOptedOrderCC = UtilityMethods.createTestObject("buttonEditDTYNonOptedOrderCC", "//table[@class='show-order-table']/tbody/tr/td/span[contains(text(), '", g3Var, "')]/parent::td/following-sibling::td[@class='column-order']/a"): null

2019-11-15 13:42:57 - [TEST_STEP][PASSED] - click(buttonEditDTYNonOptedOrderCC): Object: 'buttonEditDTYNonOptedOrderCC' is clicked on

2019-11-15 13:42:59 - [MESSAGE][PASSED] - Object: 'buttonEditDTYNonOptedOrderCC' is clicked on

2019-11-15 13:42:59 - [TEST_STEP][PASSED] - click(findTestObject("Object Repository/Page_cabi Shipping/a_edit_order")): Object: 'Object Repository/Page_cabi Shipping/a_edit_order' is clicked on

2019-11-15 13:43:03 - [MESSAGE][PASSED] - Object: 'Object Repository/Page_cabi Shipping/a_edit_order' is clicked on

2019-11-15 13:43:03 - [TEST_STEP][PASSED] - click(findTestObject("Object Repository/Page_cabi Shipping/a_edit_order_shipping")): Object: 'Object Repository/Page_cabi Shipping/a_edit_order_shipping' is clicked on

2019-11-15 13:43:03 - [MESSAGE][PASSED] - Object: 'Object Repository/Page_cabi Shipping/a_edit_order_shipping' is clicked on

2019-11-15 13:43:03 - [TEST_STEP][PASSED] - verifyElementNotHasAttribute(findTestObject("Object Repository/Page_cabi Shipping/check_as_dty_order"), "disabled", 20, CONTINUE_ON_FAILURE): Object 'Object Repository/Page_cabi Shipping/check_as_dty_order' does not have attribute 'disabled'

2019-11-15 13:43:04 - [MESSAGE][PASSED] - Object 'Object Repository/Page_cabi Shipping/check_as_dty_order' does not have attribute 'disabled'

2019-11-15 13:43:04 - [TEST_STEP][PASSED] - executor.executeScript("arguments[0].click();", findWebElement(findTestObject("Object Repository/Page_cabi Shipping/check_as_dty_order"), 10)): null

2019-11-15 13:43:05 - [TEST_STEP][PASSED] - delay(2): Delayed 2 second(s)

2019-11-15 13:43:07 - [MESSAGE][PASSED] - Delayed 2 second(s)

2019-11-15 13:43:07 - [TEST_STEP][PASSED] - click(findTestObject("Object Repository/Page_cabi Shipping/a_edit_order_payments")): Object: 'Object Repository/Page_cabi Shipping/a_edit_order_payments' is clicked on

2019-11-15 13:43:07 - [MESSAGE][PASSED] - Object: 'Object Repository/Page_cabi Shipping/a_edit_order_payments' is clicked on

2019-11-15 13:43:07 - [TEST_STEP][PASSED] - delay(3): Delayed 3 second(s)

2019-11-15 13:43:10 - [MESSAGE][PASSED] - Delayed 3 second(s)

2019-11-15 13:43:10 - [TEST_STEP][PASSED] - executor.executeScript("arguments[0].click();", findWebElement(findTestObject("Object Repository/Page_cabi Shipping/a_review_order"), 10)): null

2019-11-15 13:43:10 - [TEST_STEP][PASSED] - executor.executeScript("arguments[0].click();", findWebElement(findTestObject("Object Repository/Page_cabi Shipping/a_edit_order_save_changes"), 10)): null

2019-11-15 13:43:13 - [TEST_STEP][PASSED] - delay(2): Delayed 2 second(s)

2019-11-15 13:43:15 - [MESSAGE][PASSED] - Delayed 2 second(s)

2019-11-15 13:43:15 - [TEST_STEP][PASSED] - actualOrderStatus = getText(findTestObject("Object Repository/Page_cabi Shipping/span_order_status")): Text of object 'Object Repository/Page_cabi Shipping/span_order_status' is: 'ORDER STATUS : PENDING SHIPMENT 
ORDER # SH708512304  '

2019-11-15 13:43:15 - [MESSAGE][PASSED] - Text of object 'Object Repository/Page_cabi Shipping/span_order_status' is: 'ORDER STATUS : PENDING SHIPMENT 
ORDER # SH708512304  '

2019-11-15 13:43:15 - [TEST_STEP][PASSED] - expectedOrderStatus = "PENDING SHIPMENT": null

2019-11-15 13:43:15 - [TEST_STEP][PASSED] - sa.assertTrue(actualOrderStatus.contains(expectedOrderStatus)): null

2019-11-15 13:43:15 - [TEST_STEP][PASSED] - println(actualOrderStatus): null

2019-11-15 13:43:15 - [TEST_STEP][PASSED] - click(findTestObject("Object Repository/Page_cabi Shipping/a_back_to_orders")): Object: 'Object Repository/Page_cabi Shipping/a_back_to_orders' is clicked on

2019-11-15 13:43:16 - [MESSAGE][PASSED] - Object: 'Object Repository/Page_cabi Shipping/a_back_to_orders' is clicked on

2019-11-15 13:43:16 - [TEST_STEP][PASSED] - delay(2): Delayed 2 second(s)

2019-11-15 13:43:18 - [MESSAGE][PASSED] - Delayed 2 second(s)

2019-11-15 13:43:18 - [TEST_STEP][PASSED] - hVars = UtilityMethods.splitPersonName(hostess): null

2019-11-15 13:43:18 - [TEST_STEP][PASSED] - hVar = UtilityMethods.concat(hVars[1], ", ", hVars[0]): null

2019-11-15 13:43:18 - [TEST_STEP][PASSED] - buttonPlaceOrder = UtilityMethods.createTestObject("buttoPlaceOrder", "//table[@class='show-order-table']/tbody/tr/td/span[contains(text(), '", hVar, "')]/parent::td/following-sibling::td[1]/button"): null

2019-11-15 13:43:18 - [TEST_STEP][PASSED] - click(buttonPlaceOrder): Object: 'buttoPlaceOrder' is clicked on

2019-11-15 13:43:21 - [MESSAGE][PASSED] - Object: 'buttoPlaceOrder' is clicked on

2019-11-15 13:43:21 - [TEST_STEP][PASSED] - delay(3): Delayed 3 second(s)

2019-11-15 13:43:24 - [MESSAGE][PASSED] - Delayed 3 second(s)

2019-11-15 13:43:24 - [TEST_STEP][PASSED] - noDTYMsg = findWebElements(findTestObject("Object Repository/virualShowRSVPOR/DTY/label_DtyEligibility"), 5): Unable to find the element located by 'By.xpath: //form[@name='guest_form']/div/label'. Please recheck the objects properties to make sure the desired element is located. 

2019-11-15 13:43:29 - [MESSAGE][INFO] - Unable to find the element located by 'By.xpath: //form[@name='guest_form']/div/label'. Please recheck the objects properties to make sure the desired element is located. 

2019-11-15 13:43:29 - [TEST_STEP][PASSED] - if (noDTYMsg.size() > 0): null

2019-11-15 13:43:29 - [TEST_STEP][PASSED] - executor.executeScript("arguments[0].click();", findWebElement(findTestObject("Object Repository/Page_cabi Home/a_same_shipping_address"), 10)): null

2019-11-15 13:43:29 - [TEST_STEP][PASSED] - delay(3): Delayed 3 second(s)

2019-11-15 13:43:32 - [MESSAGE][PASSED] - Delayed 3 second(s)

2019-11-15 13:43:32 - [TEST_STEP][PASSED] - check(findTestObject("Object Repository/Page_cabi Home/a_same_shipping_address")): Object 'Object Repository/Page_cabi Home/a_same_shipping_address' is checked

2019-11-15 13:43:33 - [MESSAGE][PASSED] - Object 'Object Repository/Page_cabi Home/a_same_shipping_address' is checked

2019-11-15 13:43:33 - [TEST_STEP][PASSED] - delay(3): Delayed 3 second(s)

2019-11-15 13:43:36 - [MESSAGE][PASSED] - Delayed 3 second(s)

2019-11-15 13:43:36 - [TEST_STEP][PASSED] - executor.executeScript("arguments[0].click();", findWebElement(findTestObject("Object Repository/Page_cabi Home/a_order_items"), 5)): null

2019-11-15 13:43:36 - [TEST_STEP][PASSED] - click(findTestObject("Object Repository/Page_cabi Retail Store/span_quick_entry")): Object: 'Object Repository/Page_cabi Retail Store/span_quick_entry' is clicked on

2019-11-15 13:43:39 - [MESSAGE][PASSED] - Object: 'Object Repository/Page_cabi Retail Store/span_quick_entry' is clicked on

2019-11-15 13:43:39 - [TEST_STEP][PASSED] - delay(3): Delayed 3 second(s)

2019-11-15 13:43:42 - [MESSAGE][PASSED] - Delayed 3 second(s)

2019-11-15 13:43:42 - [TEST_STEP][PASSED] - emptyCart = findWebElements(findTestObject("Object Repository/Page_cabi Personal Store/removeFromCart"), 5): Unable to find the element located by 'By.xpath: //*[@id="removeFromCart_0"]/span'. Please recheck the objects properties to make sure the desired element is located. 

2019-11-15 13:43:48 - [MESSAGE][INFO] - Unable to find the element located by 'By.xpath: //*[@id="removeFromCart_0"]/span'. Please recheck the objects properties to make sure the desired element is located. 

2019-11-15 13:43:48 - [TEST_STEP][PASSED] - if (emptyCart.size() > 0): null

2019-11-15 13:43:48 - [TEST_STEP][PASSED] - addOnStyle = findTestData("miscData").getValue("addOnStyle", 1): null

2019-11-15 13:43:48 - [TEST_STEP][PASSED] - addOnStyle2 = findTestData("miscData").getValue("addOnStyle", 2): null

2019-11-15 13:43:48 - [TEST_STEP][PASSED] - setText(findTestObject("Object Repository/Page_cabi Create Order/input_Manual Discount_stylelookup_0"), addOnStyle): Text '3701' is set on object 'Object Repository/Page_cabi Create Order/input_Manual Discount_stylelookup_0'

2019-11-15 13:43:48 - [MESSAGE][PASSED] - Text '3701' is set on object 'Object Repository/Page_cabi Create Order/input_Manual Discount_stylelookup_0'

2019-11-15 13:43:48 - [TEST_STEP][PASSED] - delay(2): Delayed 2 second(s)

2019-11-15 13:43:50 - [MESSAGE][PASSED] - Delayed 2 second(s)

2019-11-15 13:43:50 - [TEST_STEP][PASSED] - sendKeys(findTestObject("Object Repository/Page_cabi Create Order/input_Manual Discount_stylelookup_0"), Keys.chord(ARROW_DOWN)): Keys 'DOWN + ' sent to object: 'Object Repository/Page_cabi Create Order/input_Manual Discount_stylelookup_0'

2019-11-15 13:43:50 - [MESSAGE][PASSED] - Keys 'DOWN + ' sent to object: 'Object Repository/Page_cabi Create Order/input_Manual Discount_stylelookup_0'

2019-11-15 13:43:50 - [TEST_STEP][PASSED] - delay(2): Delayed 2 second(s)

2019-11-15 13:43:52 - [MESSAGE][PASSED] - Delayed 2 second(s)

2019-11-15 13:43:52 - [TEST_STEP][PASSED] - sendKeys(findTestObject("Object Repository/Page_cabi Create Order/input_Manual Discount_stylelookup_0"), Keys.chord(ARROW_DOWN)): Keys 'DOWN + ' sent to object: 'Object Repository/Page_cabi Create Order/input_Manual Discount_stylelookup_0'

2019-11-15 13:43:52 - [MESSAGE][PASSED] - Keys 'DOWN + ' sent to object: 'Object Repository/Page_cabi Create Order/input_Manual Discount_stylelookup_0'

2019-11-15 13:43:52 - [TEST_STEP][PASSED] - sendKeys(findTestObject("Object Repository/Page_cabi Create Order/input_Manual Discount_stylelookup_0"), Keys.chord(ENTER)): Keys 'ENTER + ' sent to object: 'Object Repository/Page_cabi Create Order/input_Manual Discount_stylelookup_0'

2019-11-15 13:43:52 - [MESSAGE][PASSED] - Keys 'ENTER + ' sent to object: 'Object Repository/Page_cabi Create Order/input_Manual Discount_stylelookup_0'

2019-11-15 13:43:52 - [TEST_STEP][PASSED] - delay(5): Delayed 5 second(s)

2019-11-15 13:43:57 - [MESSAGE][PASSED] - Delayed 5 second(s)

2019-11-15 13:43:57 - [TEST_STEP][PASSED] - click(findTestObject("Object Repository/Page_cabi Order Items/selectSize")): Object: 'Object Repository/Page_cabi Order Items/selectSize' is clicked on

2019-11-15 13:43:57 - [MESSAGE][PASSED] - Object: 'Object Repository/Page_cabi Order Items/selectSize' is clicked on

2019-11-15 13:43:57 - [TEST_STEP][PASSED] - delay(3): Delayed 3 second(s)

2019-11-15 13:44:00 - [MESSAGE][PASSED] - Delayed 3 second(s)

2019-11-15 13:44:00 - [TEST_STEP][PASSED] - click(findTestObject("Object Repository/Page_cabi Order Items/span_Add to Cart")): Object: 'Object Repository/Page_cabi Order Items/span_Add to Cart' is clicked on

2019-11-15 13:44:00 - [MESSAGE][PASSED] - Object: 'Object Repository/Page_cabi Order Items/span_Add to Cart' is clicked on

2019-11-15 13:44:00 - [TEST_STEP][PASSED] - delay(5): Delayed 5 second(s)

2019-11-15 13:44:05 - [MESSAGE][PASSED] - Delayed 5 second(s)

2019-11-15 13:44:05 - [TEST_STEP][PASSED] - click(findTestObject("Object Repository/Page_cabi Order Items/a_next")): Object: 'Object Repository/Page_cabi Order Items/a_next' is clicked on

2019-11-15 13:44:05 - [MESSAGE][PASSED] - Object: 'Object Repository/Page_cabi Order Items/a_next' is clicked on

2019-11-15 13:44:05 - [TEST_STEP][PASSED] - delay(3): Delayed 3 second(s)

2019-11-15 13:44:08 - [MESSAGE][PASSED] - Delayed 3 second(s)

2019-11-15 13:44:08 - [TEST_STEP][PASSED] - noDTYMsg = findWebElements(findTestObject("Object Repository/Page_cabi Shipping/label_DTYMsg1"), 5): Unable to find the element located by 'By.xpath: //div[@id='shipping-info-section']/div/label[1]'. Please recheck the objects properties to make sure the desired element is located. 

2019-11-15 13:44:14 - [MESSAGE][INFO] - Unable to find the element located by 'By.xpath: //div[@id='shipping-info-section']/div/label[1]'. Please recheck the objects properties to make sure the desired element is located. 

2019-11-15 13:44:14 - [TEST_STEP][PASSED] - if (noDTYMsg.size() > 0): null

2019-11-15 13:44:14 - [TEST_STEP][PASSED] - noDTYCheck = findWebElements(findTestObject("Object Repository/Page_cabi Shipping/check_as_dty_order"), 5): Unable to find the element located by 'By.xpath: //div[@id='shipping-info-section']/div/label/input[@id='toggleShipNow']'. Please recheck the objects properties to make sure the desired element is located. 

2019-11-15 13:44:19 - [MESSAGE][INFO] - Unable to find the element located by 'By.xpath: //div[@id='shipping-info-section']/div/label/input[@id='toggleShipNow']'. Please recheck the objects properties to make sure the desired element is located. 

2019-11-15 13:44:19 - [TEST_STEP][PASSED] - if (noDTYCheck.size() > 0): null

2019-11-15 13:44:19 - [TEST_STEP][PASSED] - delay(5): Delayed 5 second(s)

2019-11-15 13:44:24 - [MESSAGE][PASSED] - Delayed 5 second(s)

2019-11-15 13:44:24 - [TEST_STEP][PASSED] - click(findTestObject("Object Repository/Page_cabi Shipping/a_show_order_checkout_next")): Object: 'Object Repository/Page_cabi Shipping/a_show_order_checkout_next' is clicked on

2019-11-15 13:44:24 - [MESSAGE][PASSED] - Object: 'Object Repository/Page_cabi Shipping/a_show_order_checkout_next' is clicked on

2019-11-15 13:44:24 - [TEST_STEP][PASSED] - delay(1): Delayed 1 second(s)

2019-11-15 13:44:25 - [MESSAGE][PASSED] - Delayed 1 second(s)

2019-11-15 13:44:25 - [TEST_STEP][PASSED] - click(findTestObject("Object Repository/Page_cabi Shipping/a_make_first_payment")): Object: 'Object Repository/Page_cabi Shipping/a_make_first_payment' is clicked on

2019-11-15 13:44:27 - [MESSAGE][PASSED] - Object: 'Object Repository/Page_cabi Shipping/a_make_first_payment' is clicked on

2019-11-15 13:44:27 - [TEST_STEP][PASSED] - delay(3): Delayed 3 second(s)

2019-11-15 13:44:30 - [MESSAGE][PASSED] - Delayed 3 second(s)

2019-11-15 13:44:30 - [TEST_STEP][PASSED] - DTYMsgs = findWebElements(findTestObject("Object Repository/Page_cabi Shipping/li_DTY_payment_info"), 5): null

2019-11-15 13:44:30 - [TEST_STEP][PASSED] - if (DTYMsgs.size() > 0): null

2019-11-15 13:44:30 - [TEST_STEP][PASSED] - sa.assertTrue(false): null

2019-11-15 13:44:30 - [TEST_STEP][PASSED] - callTestCase(findTestCase("TestCaseUtilities/showOrderPaeymentCC"), [:], STOP_ON_FAILURE): Call Test Case 'Test Cases/TestCaseUtilities/showOrderPaeymentCC' successfully

2019-11-15 13:44:30 - [TEST_CASE][PASSED] - Test Cases/TestCaseUtilities/showOrderPaeymentCC: Test Cases/TestCaseUtilities/showOrderPaeymentCC

2019-11-15 13:44:30 - [TEST_STEP][PASSED] - driver = getWebDriver(): null

2019-11-15 13:44:30 - [TEST_STEP][PASSED] - executor = driver: null

2019-11-15 13:44:30 - [TEST_STEP][PASSED] - click(findTestObject("Object Repository/Page_cabi Shipping/select_payment_options_select")): Object: 'Object Repository/Page_cabi Shipping/select_payment_options_select' is clicked on

2019-11-15 13:44:30 - [MESSAGE][PASSED] - Object: 'Object Repository/Page_cabi Shipping/select_payment_options_select' is clicked on

2019-11-15 13:44:30 - [TEST_STEP][PASSED] - click(findTestObject("Object Repository/Page_cabi Shipping/select_payment_options_new_cc")): Object: 'Object Repository/Page_cabi Shipping/select_payment_options_new_cc' is clicked on

2019-11-15 13:44:30 - [MESSAGE][PASSED] - Object: 'Object Repository/Page_cabi Shipping/select_payment_options_new_cc' is clicked on

2019-11-15 13:44:30 - [TEST_STEP][PASSED] - delay(3): Delayed 3 second(s)

2019-11-15 13:44:33 - [MESSAGE][PASSED] - Delayed 3 second(s)

2019-11-15 13:44:33 - [TEST_STEP][PASSED] - executor.executeScript("arguments[0].click();", findWebElement(findTestObject("Object Repository/Page_cabi Shipping/select_payment_visa"), 10)): null

2019-11-15 13:44:33 - [TEST_STEP][PASSED] - setText(findTestObject("Object Repository/Page_cabi Shipping/select_payment_fname"), "abcd"): Text 'abcd' is set on object 'Object Repository/Page_cabi Shipping/select_payment_fname'

2019-11-15 13:44:33 - [MESSAGE][PASSED] - Text 'abcd' is set on object 'Object Repository/Page_cabi Shipping/select_payment_fname'

2019-11-15 13:44:33 - [TEST_STEP][PASSED] - setText(findTestObject("Object Repository/Page_cabi Shipping/select_payment_lname"), "fghi"): Text 'fghi' is set on object 'Object Repository/Page_cabi Shipping/select_payment_lname'

2019-11-15 13:44:33 - [MESSAGE][PASSED] - Text 'fghi' is set on object 'Object Repository/Page_cabi Shipping/select_payment_lname'

2019-11-15 13:44:33 - [TEST_STEP][PASSED] - setText(findTestObject("Object Repository/Page_cabi Shipping/select_payment_card_number"), "4111111111111111"): Text '4111111111111111' is set on object 'Object Repository/Page_cabi Shipping/select_payment_card_number'

2019-11-15 13:44:34 - [MESSAGE][PASSED] - Text '4111111111111111' is set on object 'Object Repository/Page_cabi Shipping/select_payment_card_number'

2019-11-15 13:44:34 - [TEST_STEP][PASSED] - click(findTestObject("Object Repository/Page_cabi Shipping/select_payment_exp_date_month")): Object: 'Object Repository/Page_cabi Shipping/select_payment_exp_date_month' is clicked on

2019-11-15 13:44:34 - [MESSAGE][PASSED] - Object: 'Object Repository/Page_cabi Shipping/select_payment_exp_date_month' is clicked on

2019-11-15 13:44:34 - [TEST_STEP][PASSED] - click(findTestObject("Object Repository/Page_cabi Shipping/select_payment_exp_date_year")): Object: 'Object Repository/Page_cabi Shipping/select_payment_exp_date_year' is clicked on

2019-11-15 13:44:34 - [MESSAGE][PASSED] - Object: 'Object Repository/Page_cabi Shipping/select_payment_exp_date_year' is clicked on

2019-11-15 13:44:34 - [TEST_STEP][PASSED] - executor.executeScript("arguments[0].click();", findWebElement(findTestObject("Object Repository/Page_cabi Shipping/input_select_billing_add_same_as_mailing_add"), 10)): null

2019-11-15 13:44:34 - [TEST_STEP][PASSED] - delay(3): Delayed 3 second(s)

2019-11-15 13:44:37 - [MESSAGE][PASSED] - Delayed 3 second(s)

2019-11-15 13:44:37 - [TEST_STEP][PASSED] - executor.executeScript("arguments[0].click();", findWebElement(findTestObject("Object Repository/Page_cabi Shipping/a_save_shipping_info"), 10)): null

2019-11-15 13:44:40 - [TEST_STEP][PASSED] - delay(2): Delayed 2 second(s)

2019-11-15 13:44:42 - [MESSAGE][PASSED] - Delayed 2 second(s)

2019-11-15 13:44:42 - [TEST_STEP][PASSED] - executor.executeScript("arguments[0].click();", findWebElement(findTestObject("Object Repository/Page_cabi Shipping/a_review_order"), 10)): null

2019-11-15 13:44:42 - [TEST_STEP][PASSED] - delay(2): Delayed 2 second(s)

2019-11-15 13:44:44 - [MESSAGE][PASSED] - Delayed 2 second(s)

2019-11-15 13:44:44 - [MESSAGE][PASSED] - Call Test Case 'Test Cases/TestCaseUtilities/showOrderPaeymentCC' successfully

2019-11-15 13:44:44 - [TEST_STEP][PASSED] - delay(2): Delayed 2 second(s)

2019-11-15 13:44:46 - [MESSAGE][PASSED] - Delayed 2 second(s)

2019-11-15 13:44:46 - [TEST_STEP][PASSED] - executor.executeScript("arguments[0].click();", findWebElement(findTestObject("Object Repository/Page_cabi Shipping/a_submit_order"), 10)): null

2019-11-15 13:44:46 - [TEST_STEP][PASSED] - click(findTestObject("Object Repository/Page_cabi Shipping/a_order_view")): Object: 'Object Repository/Page_cabi Shipping/a_order_view' is clicked on

2019-11-15 13:44:50 - [MESSAGE][PASSED] - Object: 'Object Repository/Page_cabi Shipping/a_order_view' is clicked on

2019-11-15 13:44:50 - [TEST_STEP][PASSED] - actualOrderStatus = getText(findTestObject("Object Repository/Page_cabi Shipping/span_order_status")): Text of object 'Object Repository/Page_cabi Shipping/span_order_status' is: 'ORDER STATUS : OPEN 
ORDER # SH708512305  '

2019-11-15 13:44:50 - [MESSAGE][PASSED] - Text of object 'Object Repository/Page_cabi Shipping/span_order_status' is: 'ORDER STATUS : OPEN 
ORDER # SH708512305  '

2019-11-15 13:44:50 - [TEST_STEP][PASSED] - expectedOrderStatus = "OPEN": null

2019-11-15 13:44:50 - [TEST_STEP][PASSED] - sa.assertTrue(actualOrderStatus.contains(expectedOrderStatus)): null

2019-11-15 13:44:50 - [TEST_STEP][PASSED] - println(actualOrderStatus): null

2019-11-15 13:44:50 - [TEST_STEP][PASSED] - click(findTestObject("Object Repository/Page_cabi Shipping/a_back_to_orders")): Object: 'Object Repository/Page_cabi Shipping/a_back_to_orders' is clicked on

2019-11-15 13:44:52 - [MESSAGE][PASSED] - Object: 'Object Repository/Page_cabi Shipping/a_back_to_orders' is clicked on

2019-11-15 13:44:52 - [TEST_STEP][PASSED] - delay(2): Delayed 2 second(s)

2019-11-15 13:44:54 - [MESSAGE][PASSED] - Delayed 2 second(s)

2019-11-15 13:44:54 - [TEST_STEP][PASSED] - chVars = UtilityMethods.splitPersonName(cohostess): null

2019-11-15 13:44:54 - [TEST_STEP][PASSED] - chVar = UtilityMethods.concat(chVars[1], ", ", chVars[0]): null

2019-11-15 13:44:54 - [TEST_STEP][PASSED] - buttonPlaceOrder = UtilityMethods.createTestObject("buttoPlaceOrder", "//table[@class='show-order-table']/tbody/tr/td/span[contains(text(), '", chVar, "')]/parent::td/following-sibling::td[1]/button"): null

2019-11-15 13:44:54 - [TEST_STEP][PASSED] - click(buttonPlaceOrder): Object: 'buttoPlaceOrder' is clicked on

2019-11-15 13:44:57 - [MESSAGE][PASSED] - Object: 'buttoPlaceOrder' is clicked on

2019-11-15 13:44:57 - [TEST_STEP][PASSED] - delay(3): Delayed 3 second(s)

2019-11-15 13:45:00 - [MESSAGE][PASSED] - Delayed 3 second(s)

2019-11-15 13:45:00 - [TEST_STEP][PASSED] - noDTYMsg = findWebElements(findTestObject("Object Repository/virualShowRSVPOR/DTY/label_DtyEligibility"), 5): Unable to find the element located by 'By.xpath: //form[@name='guest_form']/div/label'. Please recheck the objects properties to make sure the desired element is located. 

2019-11-15 13:45:05 - [MESSAGE][INFO] - Unable to find the element located by 'By.xpath: //form[@name='guest_form']/div/label'. Please recheck the objects properties to make sure the desired element is located. 

2019-11-15 13:45:05 - [TEST_STEP][PASSED] - if (noDTYMsg.size() > 0): null

2019-11-15 13:45:05 - [TEST_STEP][PASSED] - executor.executeScript("arguments[0].click();", findWebElement(findTestObject("Object Repository/Page_cabi Home/a_same_shipping_address"), 10)): null

2019-11-15 13:45:05 - [TEST_STEP][PASSED] - delay(3): Delayed 3 second(s)

2019-11-15 13:45:08 - [MESSAGE][PASSED] - Delayed 3 second(s)

2019-11-15 13:45:08 - [TEST_STEP][PASSED] - check(findTestObject("Object Repository/Page_cabi Home/a_same_shipping_address")): Object 'Object Repository/Page_cabi Home/a_same_shipping_address' is checked

2019-11-15 13:45:08 - [MESSAGE][PASSED] - Object 'Object Repository/Page_cabi Home/a_same_shipping_address' is checked

2019-11-15 13:45:08 - [TEST_STEP][PASSED] - delay(3): Delayed 3 second(s)

2019-11-15 13:45:11 - [MESSAGE][PASSED] - Delayed 3 second(s)

2019-11-15 13:45:11 - [TEST_STEP][PASSED] - executor.executeScript("arguments[0].click();", findWebElement(findTestObject("Object Repository/Page_cabi Home/a_order_items"), 5)): null

2019-11-15 13:45:11 - [TEST_STEP][PASSED] - click(findTestObject("Object Repository/Page_cabi Retail Store/span_quick_entry")): Object: 'Object Repository/Page_cabi Retail Store/span_quick_entry' is clicked on

2019-11-15 13:45:14 - [MESSAGE][PASSED] - Object: 'Object Repository/Page_cabi Retail Store/span_quick_entry' is clicked on

2019-11-15 13:45:14 - [TEST_STEP][PASSED] - delay(3): Delayed 3 second(s)

2019-11-15 13:45:17 - [MESSAGE][PASSED] - Delayed 3 second(s)

2019-11-15 13:45:17 - [TEST_STEP][PASSED] - emptyCart = findWebElements(findTestObject("Object Repository/Page_cabi Personal Store/removeFromCart"), 5): Unable to find the element located by 'By.xpath: //*[@id="removeFromCart_0"]/span'. Please recheck the objects properties to make sure the desired element is located. 

2019-11-15 13:45:23 - [MESSAGE][INFO] - Unable to find the element located by 'By.xpath: //*[@id="removeFromCart_0"]/span'. Please recheck the objects properties to make sure the desired element is located. 

2019-11-15 13:45:23 - [TEST_STEP][PASSED] - if (emptyCart.size() > 0): null

2019-11-15 13:45:23 - [TEST_STEP][PASSED] - addOnStyle = findTestData("miscData").getValue("addOnStyle", 1): null

2019-11-15 13:45:23 - [TEST_STEP][PASSED] - addOnStyle2 = findTestData("miscData").getValue("addOnStyle", 2): null

2019-11-15 13:45:23 - [TEST_STEP][PASSED] - setText(findTestObject("Object Repository/Page_cabi Create Order/input_Manual Discount_stylelookup_0"), addOnStyle): Text '3701' is set on object 'Object Repository/Page_cabi Create Order/input_Manual Discount_stylelookup_0'

2019-11-15 13:45:23 - [MESSAGE][PASSED] - Text '3701' is set on object 'Object Repository/Page_cabi Create Order/input_Manual Discount_stylelookup_0'

2019-11-15 13:45:23 - [TEST_STEP][PASSED] - delay(2): Delayed 2 second(s)

2019-11-15 13:45:25 - [MESSAGE][PASSED] - Delayed 2 second(s)

2019-11-15 13:45:25 - [TEST_STEP][PASSED] - sendKeys(findTestObject("Object Repository/Page_cabi Create Order/input_Manual Discount_stylelookup_0"), Keys.chord(ARROW_DOWN)): Keys 'DOWN + ' sent to object: 'Object Repository/Page_cabi Create Order/input_Manual Discount_stylelookup_0'

2019-11-15 13:45:25 - [MESSAGE][PASSED] - Keys 'DOWN + ' sent to object: 'Object Repository/Page_cabi Create Order/input_Manual Discount_stylelookup_0'

2019-11-15 13:45:25 - [TEST_STEP][PASSED] - delay(2): Delayed 2 second(s)

2019-11-15 13:45:27 - [MESSAGE][PASSED] - Delayed 2 second(s)

2019-11-15 13:45:27 - [TEST_STEP][PASSED] - sendKeys(findTestObject("Object Repository/Page_cabi Create Order/input_Manual Discount_stylelookup_0"), Keys.chord(ARROW_DOWN)): Keys 'DOWN + ' sent to object: 'Object Repository/Page_cabi Create Order/input_Manual Discount_stylelookup_0'

2019-11-15 13:45:27 - [MESSAGE][PASSED] - Keys 'DOWN + ' sent to object: 'Object Repository/Page_cabi Create Order/input_Manual Discount_stylelookup_0'

2019-11-15 13:45:27 - [TEST_STEP][PASSED] - sendKeys(findTestObject("Object Repository/Page_cabi Create Order/input_Manual Discount_stylelookup_0"), Keys.chord(ENTER)): Keys 'ENTER + ' sent to object: 'Object Repository/Page_cabi Create Order/input_Manual Discount_stylelookup_0'

2019-11-15 13:45:27 - [MESSAGE][PASSED] - Keys 'ENTER + ' sent to object: 'Object Repository/Page_cabi Create Order/input_Manual Discount_stylelookup_0'

2019-11-15 13:45:27 - [TEST_STEP][PASSED] - delay(5): Delayed 5 second(s)

2019-11-15 13:45:32 - [MESSAGE][PASSED] - Delayed 5 second(s)

2019-11-15 13:45:32 - [TEST_STEP][PASSED] - click(findTestObject("Object Repository/Page_cabi Order Items/selectSize")): Object: 'Object Repository/Page_cabi Order Items/selectSize' is clicked on

2019-11-15 13:45:32 - [MESSAGE][PASSED] - Object: 'Object Repository/Page_cabi Order Items/selectSize' is clicked on

2019-11-15 13:45:32 - [TEST_STEP][PASSED] - delay(3): Delayed 3 second(s)

2019-11-15 13:45:35 - [MESSAGE][PASSED] - Delayed 3 second(s)

2019-11-15 13:45:35 - [TEST_STEP][PASSED] - click(findTestObject("Object Repository/Page_cabi Order Items/span_Add to Cart")): Object: 'Object Repository/Page_cabi Order Items/span_Add to Cart' is clicked on

2019-11-15 13:45:35 - [MESSAGE][PASSED] - Object: 'Object Repository/Page_cabi Order Items/span_Add to Cart' is clicked on

2019-11-15 13:45:35 - [TEST_STEP][PASSED] - delay(5): Delayed 5 second(s)

2019-11-15 13:45:40 - [MESSAGE][PASSED] - Delayed 5 second(s)

2019-11-15 13:45:40 - [TEST_STEP][PASSED] - click(findTestObject("Object Repository/Page_cabi Order Items/a_next")): Object: 'Object Repository/Page_cabi Order Items/a_next' is clicked on

2019-11-15 13:45:40 - [MESSAGE][PASSED] - Object: 'Object Repository/Page_cabi Order Items/a_next' is clicked on

2019-11-15 13:45:40 - [TEST_STEP][PASSED] - delay(3): Delayed 3 second(s)

2019-11-15 13:45:43 - [MESSAGE][PASSED] - Delayed 3 second(s)

2019-11-15 13:45:43 - [TEST_STEP][PASSED] - noDTYMsg = findWebElements(findTestObject("Object Repository/Page_cabi Shipping/label_DTYMsg1"), 5): Unable to find the element located by 'By.xpath: //div[@id='shipping-info-section']/div/label[1]'. Please recheck the objects properties to make sure the desired element is located. 

2019-11-15 13:45:49 - [MESSAGE][INFO] - Unable to find the element located by 'By.xpath: //div[@id='shipping-info-section']/div/label[1]'. Please recheck the objects properties to make sure the desired element is located. 

2019-11-15 13:45:49 - [TEST_STEP][PASSED] - if (noDTYMsg.size() > 0): null

2019-11-15 13:45:49 - [TEST_STEP][PASSED] - noDTYCheck = findWebElements(findTestObject("Object Repository/Page_cabi Shipping/check_as_dty_order"), 5): Unable to find the element located by 'By.xpath: //div[@id='shipping-info-section']/div/label/input[@id='toggleShipNow']'. Please recheck the objects properties to make sure the desired element is located. 

2019-11-15 13:45:54 - [MESSAGE][INFO] - Unable to find the element located by 'By.xpath: //div[@id='shipping-info-section']/div/label/input[@id='toggleShipNow']'. Please recheck the objects properties to make sure the desired element is located. 

2019-11-15 13:45:54 - [TEST_STEP][PASSED] - if (noDTYCheck.size() > 0): null

2019-11-15 13:45:54 - [TEST_STEP][PASSED] - delay(5): Delayed 5 second(s)

2019-11-15 13:45:59 - [MESSAGE][PASSED] - Delayed 5 second(s)

2019-11-15 13:45:59 - [TEST_STEP][PASSED] - click(findTestObject("Object Repository/Page_cabi Shipping/a_show_order_checkout_next")): Object: 'Object Repository/Page_cabi Shipping/a_show_order_checkout_next' is clicked on

2019-11-15 13:45:59 - [MESSAGE][PASSED] - Object: 'Object Repository/Page_cabi Shipping/a_show_order_checkout_next' is clicked on

2019-11-15 13:45:59 - [TEST_STEP][PASSED] - delay(1): Delayed 1 second(s)

2019-11-15 13:46:00 - [MESSAGE][PASSED] - Delayed 1 second(s)

2019-11-15 13:46:00 - [TEST_STEP][PASSED] - click(findTestObject("Object Repository/Page_cabi Shipping/a_make_first_payment")): Object: 'Object Repository/Page_cabi Shipping/a_make_first_payment' is clicked on

2019-11-15 13:46:02 - [MESSAGE][PASSED] - Object: 'Object Repository/Page_cabi Shipping/a_make_first_payment' is clicked on

2019-11-15 13:46:02 - [TEST_STEP][PASSED] - delay(3): Delayed 3 second(s)

2019-11-15 13:46:05 - [MESSAGE][PASSED] - Delayed 3 second(s)

2019-11-15 13:46:05 - [TEST_STEP][PASSED] - DTYMsgs = findWebElements(findTestObject("Object Repository/Page_cabi Shipping/li_DTY_payment_info"), 5): null

2019-11-15 13:46:05 - [TEST_STEP][PASSED] - if (DTYMsgs.size() > 0): null

2019-11-15 13:46:05 - [TEST_STEP][PASSED] - sa.assertTrue(false): null

2019-11-15 13:46:05 - [TEST_STEP][PASSED] - callTestCase(findTestCase("TestCaseUtilities/showOrderPaeymentCC"), [:], STOP_ON_FAILURE): Call Test Case 'Test Cases/TestCaseUtilities/showOrderPaeymentCC' successfully

2019-11-15 13:46:05 - [TEST_CASE][PASSED] - Test Cases/TestCaseUtilities/showOrderPaeymentCC: Test Cases/TestCaseUtilities/showOrderPaeymentCC

2019-11-15 13:46:05 - [TEST_STEP][PASSED] - driver = getWebDriver(): null

2019-11-15 13:46:05 - [TEST_STEP][PASSED] - executor = driver: null

2019-11-15 13:46:05 - [TEST_STEP][PASSED] - click(findTestObject("Object Repository/Page_cabi Shipping/select_payment_options_select")): Object: 'Object Repository/Page_cabi Shipping/select_payment_options_select' is clicked on

2019-11-15 13:46:05 - [MESSAGE][PASSED] - Object: 'Object Repository/Page_cabi Shipping/select_payment_options_select' is clicked on

2019-11-15 13:46:05 - [TEST_STEP][PASSED] - click(findTestObject("Object Repository/Page_cabi Shipping/select_payment_options_new_cc")): Object: 'Object Repository/Page_cabi Shipping/select_payment_options_new_cc' is clicked on

2019-11-15 13:46:05 - [MESSAGE][PASSED] - Object: 'Object Repository/Page_cabi Shipping/select_payment_options_new_cc' is clicked on

2019-11-15 13:46:05 - [TEST_STEP][PASSED] - delay(3): Delayed 3 second(s)

2019-11-15 13:46:08 - [MESSAGE][PASSED] - Delayed 3 second(s)

2019-11-15 13:46:08 - [TEST_STEP][PASSED] - executor.executeScript("arguments[0].click();", findWebElement(findTestObject("Object Repository/Page_cabi Shipping/select_payment_visa"), 10)): null

2019-11-15 13:46:08 - [TEST_STEP][PASSED] - setText(findTestObject("Object Repository/Page_cabi Shipping/select_payment_fname"), "abcd"): Text 'abcd' is set on object 'Object Repository/Page_cabi Shipping/select_payment_fname'

2019-11-15 13:46:08 - [MESSAGE][PASSED] - Text 'abcd' is set on object 'Object Repository/Page_cabi Shipping/select_payment_fname'

2019-11-15 13:46:08 - [TEST_STEP][PASSED] - setText(findTestObject("Object Repository/Page_cabi Shipping/select_payment_lname"), "fghi"): Text 'fghi' is set on object 'Object Repository/Page_cabi Shipping/select_payment_lname'

2019-11-15 13:46:08 - [MESSAGE][PASSED] - Text 'fghi' is set on object 'Object Repository/Page_cabi Shipping/select_payment_lname'

2019-11-15 13:46:08 - [TEST_STEP][PASSED] - setText(findTestObject("Object Repository/Page_cabi Shipping/select_payment_card_number"), "4111111111111111"): Text '4111111111111111' is set on object 'Object Repository/Page_cabi Shipping/select_payment_card_number'

2019-11-15 13:46:08 - [MESSAGE][PASSED] - Text '4111111111111111' is set on object 'Object Repository/Page_cabi Shipping/select_payment_card_number'

2019-11-15 13:46:08 - [TEST_STEP][PASSED] - click(findTestObject("Object Repository/Page_cabi Shipping/select_payment_exp_date_month")): Object: 'Object Repository/Page_cabi Shipping/select_payment_exp_date_month' is clicked on

2019-11-15 13:46:09 - [MESSAGE][PASSED] - Object: 'Object Repository/Page_cabi Shipping/select_payment_exp_date_month' is clicked on

2019-11-15 13:46:09 - [TEST_STEP][PASSED] - click(findTestObject("Object Repository/Page_cabi Shipping/select_payment_exp_date_year")): Object: 'Object Repository/Page_cabi Shipping/select_payment_exp_date_year' is clicked on

2019-11-15 13:46:09 - [MESSAGE][PASSED] - Object: 'Object Repository/Page_cabi Shipping/select_payment_exp_date_year' is clicked on

2019-11-15 13:46:09 - [TEST_STEP][PASSED] - executor.executeScript("arguments[0].click();", findWebElement(findTestObject("Object Repository/Page_cabi Shipping/input_select_billing_add_same_as_mailing_add"), 10)): null

2019-11-15 13:46:09 - [TEST_STEP][PASSED] - delay(3): Delayed 3 second(s)

2019-11-15 13:46:12 - [MESSAGE][PASSED] - Delayed 3 second(s)

2019-11-15 13:46:12 - [TEST_STEP][PASSED] - executor.executeScript("arguments[0].click();", findWebElement(findTestObject("Object Repository/Page_cabi Shipping/a_save_shipping_info"), 10)): null

2019-11-15 13:46:15 - [TEST_STEP][PASSED] - delay(2): Delayed 2 second(s)

2019-11-15 13:46:17 - [MESSAGE][PASSED] - Delayed 2 second(s)

2019-11-15 13:46:17 - [TEST_STEP][PASSED] - executor.executeScript("arguments[0].click();", findWebElement(findTestObject("Object Repository/Page_cabi Shipping/a_review_order"), 10)): null

2019-11-15 13:46:17 - [TEST_STEP][PASSED] - delay(2): Delayed 2 second(s)

2019-11-15 13:46:19 - [MESSAGE][PASSED] - Delayed 2 second(s)

2019-11-15 13:46:19 - [MESSAGE][PASSED] - Call Test Case 'Test Cases/TestCaseUtilities/showOrderPaeymentCC' successfully

2019-11-15 13:46:19 - [TEST_STEP][PASSED] - executor.executeScript("arguments[0].click();", findWebElement(findTestObject("Object Repository/Page_cabi Shipping/a_submit_order"), 10)): null

2019-11-15 13:46:20 - [TEST_STEP][PASSED] - click(findTestObject("Object Repository/Page_cabi Shipping/a_order_view")): Object: 'Object Repository/Page_cabi Shipping/a_order_view' is clicked on

2019-11-15 13:46:22 - [MESSAGE][PASSED] - Object: 'Object Repository/Page_cabi Shipping/a_order_view' is clicked on

2019-11-15 13:46:22 - [TEST_STEP][PASSED] - actualOrderStatus = getText(findTestObject("Object Repository/Page_cabi Shipping/span_order_status")): Text of object 'Object Repository/Page_cabi Shipping/span_order_status' is: 'ORDER STATUS : OPEN 
ORDER # SH708512306  '

2019-11-15 13:46:22 - [MESSAGE][PASSED] - Text of object 'Object Repository/Page_cabi Shipping/span_order_status' is: 'ORDER STATUS : OPEN 
ORDER # SH708512306  '

2019-11-15 13:46:22 - [TEST_STEP][PASSED] - expectedOrderStatus = "OPEN": null

2019-11-15 13:46:22 - [TEST_STEP][PASSED] - sa.assertTrue(actualOrderStatus.contains(expectedOrderStatus)): null

2019-11-15 13:46:22 - [TEST_STEP][PASSED] - println(actualOrderStatus): null

2019-11-15 13:46:22 - [TEST_STEP][PASSED] - click(findTestObject("Object Repository/Page_cabi Shipping/a_back_to_orders")): Object: 'Object Repository/Page_cabi Shipping/a_back_to_orders' is clicked on

2019-11-15 13:46:24 - [MESSAGE][PASSED] - Object: 'Object Repository/Page_cabi Shipping/a_back_to_orders' is clicked on

2019-11-15 13:46:24 - [TEST_STEP][PASSED] - delay(2): Delayed 2 second(s)

2019-11-15 13:46:26 - [MESSAGE][PASSED] - Delayed 2 second(s)

2019-11-15 13:46:26 - [TEST_STEP][PASSED] - buttonEditDTYOptedOrder = UtilityMethods.createTestObject("buttonEditDTYOptedOrder", "//table[@class='show-order-table']/tbody/tr/td/span[contains(text(), '", g1Var, "')]/parent::td/following-sibling::td[@class='column-order']/a"): null

2019-11-15 13:46:26 - [TEST_STEP][PASSED] - DTYOrderID = getText(buttonEditDTYOptedOrder): Text of object 'buttonEditDTYOptedOrder' is: 'SH708512302'

2019-11-15 13:46:26 - [MESSAGE][PASSED] - Text of object 'buttonEditDTYOptedOrder' is: 'SH708512302'

2019-11-15 13:46:26 - [TEST_STEP][PASSED] - println(DTYOrderID): null

2019-11-15 13:46:26 - [TEST_STEP][PASSED] - println(getText(buttonEditDTYOptedOrder)): Text of object 'buttonEditDTYOptedOrder' is: 'SH708512302'

2019-11-15 13:46:26 - [MESSAGE][PASSED] - Text of object 'buttonEditDTYOptedOrder' is: 'SH708512302'

2019-11-15 13:46:26 - [TEST_STEP][PASSED] - currentTab = getWindowIndex(): Current window's index is: 0

2019-11-15 13:46:26 - [MESSAGE][PASSED] - Current window's index is: 0

2019-11-15 13:46:26 - [TEST_STEP][PASSED] - executor.executeScript("window.open();"): null

2019-11-15 13:46:26 - [TEST_STEP][PASSED] - switchToWindowIndex(currentTab + 1): Switched to window with index: '1'

2019-11-15 13:46:26 - [MESSAGE][PASSED] - Switched to window with index: '1'

2019-11-15 13:46:26 - [TEST_STEP][PASSED] - callTestCase(findTestCase("NewArrival/warehouseShipping"), ["orderId":DTYOrderID], STOP_ON_FAILURE): Call Test Case 'Test Cases/NewArrival/warehouseShipping' successfully

2019-11-15 13:46:26 - [TEST_CASE][PASSED] - Test Cases/NewArrival/warehouseShipping: Test Cases/NewArrival/warehouseShipping

2019-11-15 13:46:27 - [TEST_STEP][PASSED] - println(orderId): null

2019-11-15 13:46:27 - [TEST_STEP][PASSED] - callTestCase(findTestCase("TestCaseUtilities/cabiWarehouseLogin"), ["CWURL":"", "CWuser":"", "CWpass":""], CONTINUE_ON_FAILURE): Call Test Case 'Test Cases/TestCaseUtilities/cabiWarehouseLogin' successfully

2019-11-15 13:46:27 - [TEST_CASE][PASSED] - Test Cases/TestCaseUtilities/cabiWarehouseLogin: Test Cases/TestCaseUtilities/cabiWarehouseLogin

2019-11-15 13:46:27 - [TEST_STEP][PASSED] - CWURL = findTestData("envtData").getValue("CWURL", 1): null

2019-11-15 13:46:27 - [TEST_STEP][PASSED] - CWuser = findTestData("credData").getValue("CWuser", 1): null

2019-11-15 13:46:27 - [TEST_STEP][PASSED] - CWpass = findTestData("credData").getValue("CWpass", 1): null

2019-11-15 13:46:27 - [TEST_STEP][PASSED] - openBrowser(""): Browser is opened with url: ''

2019-11-15 13:46:27 - [MESSAGE][WARNING] - A browser is already opened. Closing browser and opening a new one

2019-11-15 13:46:28 - [MESSAGE][INFO] - Starting 'Chrome' driver

2019-11-15 13:46:28 - [MESSAGE][INFO] - User set preference: ['args', '[--use-fake-ui-for-media-stream, --start-maximized]']

2019-11-15 13:46:30 - [MESSAGE][PASSED] - Browser is opened with url: ''

2019-11-15 13:46:30 - [TEST_STEP][PASSED] - navigateToUrl(CWURL): Navigate to 'https://test18.cliotest.com/warehouse/control/main' successfully

2019-11-15 13:46:37 - [MESSAGE][PASSED] - Navigate to 'https://test18.cliotest.com/warehouse/control/main' successfully

2019-11-15 13:46:37 - [TEST_STEP][PASSED] - logOut = findWebElements(findTestObject("Object Repository/Cabi warehouse/Page_cabi_home/log_out"), 1): Unable to find the element located by 'By.xpath: //li/a[contains(text(), 'Log Out »')]'. Please recheck the objects properties to make sure the desired element is located. 

2019-11-15 13:46:38 - [MESSAGE][INFO] - Unable to find the element located by 'By.xpath: //li/a[contains(text(), 'Log Out »')]'. Please recheck the objects properties to make sure the desired element is located. 

2019-11-15 13:46:38 - [TEST_STEP][PASSED] - if (logOut.size() == 0): Object: 'Object Repository/Cabi warehouse/Page_cabi/input_Password_section-btn btn-stl-pk rFloat' is clicked on

2019-11-15 13:46:38 - [TEST_STEP][PASSED] - setText(findTestObject("Object Repository/Cabi warehouse/Page_cabi/input_Username_USERNAME"), CWuser): Text 'rsuarez' is set on object 'Object Repository/Cabi warehouse/Page_cabi/input_Username_USERNAME'

2019-11-15 13:46:38 - [MESSAGE][PASSED] - Text 'rsuarez' is set on object 'Object Repository/Cabi warehouse/Page_cabi/input_Username_USERNAME'

2019-11-15 13:46:38 - [TEST_STEP][PASSED] - setText(findTestObject("Object Repository/Cabi warehouse/Page_cabi/input_Password_PASSWORD"), CWpass): Text 'blackdress19' is set on object 'Object Repository/Cabi warehouse/Page_cabi/input_Password_PASSWORD'

2019-11-15 13:46:39 - [MESSAGE][PASSED] - Text 'blackdress19' is set on object 'Object Repository/Cabi warehouse/Page_cabi/input_Password_PASSWORD'

2019-11-15 13:46:39 - [TEST_STEP][PASSED] - click(findTestObject("Object Repository/Cabi warehouse/Page_cabi/input_Password_section-btn btn-stl-pk rFloat")): Object: 'Object Repository/Cabi warehouse/Page_cabi/input_Password_section-btn btn-stl-pk rFloat' is clicked on

2019-11-15 13:46:42 - [MESSAGE][PASSED] - Object: 'Object Repository/Cabi warehouse/Page_cabi/input_Password_section-btn btn-stl-pk rFloat' is clicked on

2019-11-15 13:46:42 - [TEST_STEP][PASSED] - delay(3): Delayed 3 second(s)

2019-11-15 13:46:45 - [MESSAGE][PASSED] - Delayed 3 second(s)

2019-11-15 13:46:45 - [MESSAGE][PASSED] - Call Test Case 'Test Cases/TestCaseUtilities/cabiWarehouseLogin' successfully

2019-11-15 13:46:45 - [TEST_STEP][PASSED] - click(findTestObject("Page_cabi Manage PickLists/a_Create PickLists")): Object: 'Object Repository/Page_cabi Manage PickLists/a_Create PickLists' is clicked on

2019-11-15 13:46:46 - [MESSAGE][PASSED] - Object: 'Object Repository/Page_cabi Manage PickLists/a_Create PickLists' is clicked on

2019-11-15 13:46:46 - [TEST_STEP][PASSED] - delay(2): Delayed 2 second(s)

2019-11-15 13:46:48 - [MESSAGE][PASSED] - Delayed 2 second(s)

2019-11-15 13:46:48 - [TEST_STEP][PASSED] - click(findTestObject("findOrders/Page_cabi Find Orders/Page_cabi SampleLine Shipment Screen/a_single_order")): Object: 'Object Repository/findOrders/Page_cabi Find Orders/Page_cabi SampleLine Shipment Screen/a_single_order' is clicked on

2019-11-15 13:46:49 - [MESSAGE][PASSED] - Object: 'Object Repository/findOrders/Page_cabi Find Orders/Page_cabi SampleLine Shipment Screen/a_single_order' is clicked on

2019-11-15 13:46:49 - [TEST_STEP][PASSED] - setText(findTestObject("Page_cabi Create Single Order PickList/input_Order Id_orderId"), orderId): Text 'SH708512302' is set on object 'Object Repository/Page_cabi Create Single Order PickList/input_Order Id_orderId'

2019-11-15 13:46:50 - [MESSAGE][PASSED] - Text 'SH708512302' is set on object 'Object Repository/Page_cabi Create Single Order PickList/input_Order Id_orderId'

2019-11-15 13:46:50 - [TEST_STEP][PASSED] - click(findTestObject("Page_cabi Create Single Order PickList/input_Create even if fully backordered_submitButton")): Object: 'Object Repository/Page_cabi Create Single Order PickList/input_Create even if fully backordered_submitButton' is clicked on

2019-11-15 13:46:51 - [MESSAGE][PASSED] - Object: 'Object Repository/Page_cabi Create Single Order PickList/input_Create even if fully backordered_submitButton' is clicked on

2019-11-15 13:46:51 - [TEST_STEP][PASSED] - delay(2): Delayed 2 second(s)

2019-11-15 13:46:53 - [MESSAGE][PASSED] - Delayed 2 second(s)

2019-11-15 13:46:53 - [TEST_STEP][PASSED] - pickListCreated = findWebElements(findTestObject("Cabi warehouse/picklistCreatedMessage"), 5): null

2019-11-15 13:46:53 - [TEST_STEP][PASSED] - if (pickListCreated.size() == 0): null

2019-11-15 13:46:53 - [TEST_STEP][PASSED] - picklistCreatedMessage = UtilityMethods.concat("Picklist for order: [", orderId, "] has been created successfully."): null

2019-11-15 13:46:53 - [TEST_STEP][PASSED] - println(picklistCreatedMessage): null

2019-11-15 13:46:53 - [TEST_STEP][PASSED] - verifyElementText(findTestObject("Cabi warehouse/picklistCreatedMessage"), picklistCreatedMessage): Actual text and expected text of test object 'Object Repository/Cabi warehouse/picklistCreatedMessage' are matched.

2019-11-15 13:46:53 - [MESSAGE][PASSED] - Actual text and expected text of test object 'Object Repository/Cabi warehouse/picklistCreatedMessage' are matched.

2019-11-15 13:46:53 - [TEST_STEP][PASSED] - click(findTestObject("Page_cabi Create Single Order PickList/a_Manage PickLists")): Object: 'Object Repository/Page_cabi Create Single Order PickList/a_Manage PickLists' is clicked on

2019-11-15 13:46:54 - [MESSAGE][PASSED] - Object: 'Object Repository/Page_cabi Create Single Order PickList/a_Manage PickLists' is clicked on

2019-11-15 13:46:54 - [TEST_STEP][PASSED] - delay(2): Delayed 2 second(s)

2019-11-15 13:46:56 - [MESSAGE][PASSED] - Delayed 2 second(s)

2019-11-15 13:46:56 - [TEST_STEP][PASSED] - setText(findTestObject("Page_cabi Manage PickLists/input_Order _orderId"), orderId): Text 'SH708512302' is set on object 'Object Repository/Page_cabi Manage PickLists/input_Order _orderId'

2019-11-15 13:46:56 - [MESSAGE][PASSED] - Text 'SH708512302' is set on object 'Object Repository/Page_cabi Manage PickLists/input_Order _orderId'

2019-11-15 13:46:56 - [TEST_STEP][PASSED] - click(findTestObject("Page_cabi Manage PickLists/input")): Object: 'Object Repository/Page_cabi Manage PickLists/input' is clicked on

2019-11-15 13:46:58 - [MESSAGE][PASSED] - Object: 'Object Repository/Page_cabi Manage PickLists/input' is clicked on

2019-11-15 13:46:58 - [TEST_STEP][PASSED] - delay(3): Delayed 3 second(s)

2019-11-15 13:47:01 - [MESSAGE][PASSED] - Delayed 3 second(s)

2019-11-15 13:47:01 - [TEST_STEP][PASSED] - click(findTestObject("Page_cabi Manage PickLists/td_104238610")): Object: 'Object Repository/Page_cabi Manage PickLists/td_104238610' is clicked on

2019-11-15 13:47:01 - [MESSAGE][PASSED] - Object: 'Object Repository/Page_cabi Manage PickLists/td_104238610' is clicked on

2019-11-15 13:47:01 - [TEST_STEP][PASSED] - delay(2): Delayed 2 second(s)

2019-11-15 13:47:03 - [MESSAGE][PASSED] - Delayed 2 second(s)

2019-11-15 13:47:03 - [TEST_STEP][PASSED] - picklistId = getText(findTestObject("Page_cabi Manage PickLists/td_104238610")): Text of object 'Object Repository/Page_cabi Manage PickLists/td_104238610' is: '104544510'

2019-11-15 13:47:03 - [MESSAGE][PASSED] - Text of object 'Object Repository/Page_cabi Manage PickLists/td_104238610' is: '104544510'

2019-11-15 13:47:03 - [TEST_STEP][PASSED] - click(findTestObject("Page_cabi Manage PickLists/a_Packing")): Object: 'Object Repository/Page_cabi Manage PickLists/a_Packing' is clicked on

2019-11-15 13:47:04 - [MESSAGE][PASSED] - Object: 'Object Repository/Page_cabi Manage PickLists/a_Packing' is clicked on

2019-11-15 13:47:04 - [TEST_STEP][PASSED] - setText(findTestObject("Page_cabi Pack Init/input_Pack Station_packStationId"), "30"): Text '30' is set on object 'Object Repository/Page_cabi Pack Init/input_Pack Station_packStationId'

2019-11-15 13:47:04 - [MESSAGE][PASSED] - Text '30' is set on object 'Object Repository/Page_cabi Pack Init/input_Pack Station_packStationId'

2019-11-15 13:47:04 - [TEST_STEP][PASSED] - click(findTestObject("Page_cabi Pack Init/input_Pack Station_submitButton")): Object: 'Object Repository/Page_cabi Pack Init/input_Pack Station_submitButton' is clicked on

2019-11-15 13:47:05 - [MESSAGE][PASSED] - Object: 'Object Repository/Page_cabi Pack Init/input_Pack Station_submitButton' is clicked on

2019-11-15 13:47:05 - [TEST_STEP][PASSED] - delay(2): Delayed 2 second(s)

2019-11-15 13:47:07 - [MESSAGE][PASSED] - Delayed 2 second(s)

2019-11-15 13:47:07 - [TEST_STEP][PASSED] - setText(findTestObject("Page_cabi Pack Init/input_Picklist ID_pickId"), picklistId): Text '104544510' is set on object 'Object Repository/Page_cabi Pack Init/input_Picklist ID_pickId'

2019-11-15 13:47:07 - [MESSAGE][PASSED] - Text '104544510' is set on object 'Object Repository/Page_cabi Pack Init/input_Picklist ID_pickId'

2019-11-15 13:47:07 - [TEST_STEP][PASSED] - click(findTestObject("Page_cabi Pack Init/input_Picklist ID_submitButton")): Object: 'Object Repository/Page_cabi Pack Init/input_Picklist ID_submitButton' is clicked on

2019-11-15 13:47:09 - [MESSAGE][PASSED] - Object: 'Object Repository/Page_cabi Pack Init/input_Picklist ID_submitButton' is clicked on

2019-11-15 13:47:09 - [TEST_STEP][PASSED] - delay(2): Delayed 2 second(s)

2019-11-15 13:47:11 - [MESSAGE][PASSED] - Delayed 2 second(s)

2019-11-15 13:47:11 - [TEST_STEP][PASSED] - click(findTestObject("Page_cabi General Pack/input_Cream Of Wheat_button addItemForVerification")): Object: 'Object Repository/Page_cabi General Pack/input_Cream Of Wheat_button addItemForVerification' is clicked on

2019-11-15 13:47:11 - [MESSAGE][PASSED] - Object: 'Object Repository/Page_cabi General Pack/input_Cream Of Wheat_button addItemForVerification' is clicked on

2019-11-15 13:47:11 - [TEST_STEP][PASSED] - delay(2): Delayed 2 second(s)

2019-11-15 13:47:13 - [MESSAGE][PASSED] - Delayed 2 second(s)

2019-11-15 13:47:13 - [TEST_STEP][PASSED] - click(findTestObject("Page_cabi General Pack/input_Pack Station  30_shipConfirmBtn")): Object: 'Object Repository/Page_cabi General Pack/input_Pack Station  30_shipConfirmBtn' is clicked on

2019-11-15 13:47:19 - [MESSAGE][PASSED] - Object: 'Object Repository/Page_cabi General Pack/input_Pack Station  30_shipConfirmBtn' is clicked on

2019-11-15 13:47:19 - [TEST_STEP][PASSED] - delay(3): Delayed 3 second(s)

2019-11-15 13:47:22 - [MESSAGE][PASSED] - Delayed 3 second(s)

2019-11-15 13:47:22 - [TEST_STEP][PASSED] - itemsNotpacked = findWebElements(findTestObject("Cabi warehouse/itemsNotPacked"), 5): Unable to find the element located by 'By.xpath: //*[@id="content-messages"]/p[1]'. Please recheck the objects properties to make sure the desired element is located. 

2019-11-15 13:47:27 - [MESSAGE][INFO] - Unable to find the element located by 'By.xpath: //*[@id="content-messages"]/p[1]'. Please recheck the objects properties to make sure the desired element is located. 

2019-11-15 13:47:27 - [TEST_STEP][PASSED] - if (itemsNotpacked.size() > 0): null

2019-11-15 13:47:27 - [MESSAGE][PASSED] - Call Test Case 'Test Cases/NewArrival/warehouseShipping' successfully]]></system-out>
         <system-err><![CDATA[]]></system-err>
      </testcase>
      <testcase name="Test Cases/VirtualShow/BODTY/DTYNotEligible" classname="Test Cases/VirtualShow/BODTY/DTYNotEligible" status="PASSED">
         <system-out><![CDATA[2019-11-15 13:47:27 - [TEST_CASE][PASSED] - Test Cases/VirtualShow/BODTY/DTYNotEligible: Test Cases/VirtualShow/BODTY/DTYNotEligible

2019-11-15 13:47:27 - [TEST_STEP][PASSED] - Start listener action : sampleBeforeTestCase: null

2019-11-15 13:47:27 - [TEST_STEP][PASSED] - println(testCaseContext.getTestCaseId()): null

2019-11-15 13:47:27 - [TEST_STEP][PASSED] - println(testCaseContext.getTestCaseVariables()): null

2019-11-15 13:47:28 - [TEST_STEP][PASSED] - sa = new org.testng.asserts.SoftAssert(): null

2019-11-15 13:47:28 - [TEST_STEP][PASSED] - dataFile = "virtualShowData": null

2019-11-15 13:47:28 - [TEST_STEP][PASSED] - guest1 = findTestData(dataFile).getValue("guest1", 1): null

2019-11-15 13:47:28 - [TEST_STEP][PASSED] - guest2 = findTestData(dataFile).getValue("guest2", 1): null

2019-11-15 13:47:28 - [TEST_STEP][PASSED] - hostess = findTestData(dataFile).getValue("hostess", 1): null

2019-11-15 13:47:28 - [TEST_STEP][PASSED] - cohostess = findTestData(dataFile).getValue("cohostess", 1): null

2019-11-15 13:47:28 - [TEST_STEP][PASSED] - dfMM = new java.text.SimpleDateFormat(MM): null

2019-11-15 13:47:28 - [TEST_STEP][PASSED] - dfDD = new java.text.SimpleDateFormat(dd): null

2019-11-15 13:47:28 - [TEST_STEP][PASSED] - dfYYYY = new java.text.SimpleDateFormat(yyyy): null

2019-11-15 13:47:28 - [TEST_STEP][PASSED] - today = getInstance().getTime(): null

2019-11-15 13:47:28 - [TEST_STEP][PASSED] - c = Calendar.getInstance(): null

2019-11-15 13:47:28 - [TEST_STEP][PASSED] - c.setTime(today): null

2019-11-15 13:47:28 - [TEST_STEP][PASSED] - c.add(DATE, 3): null

2019-11-15 13:47:28 - [TEST_STEP][PASSED] - newShowDate = c.getTime(): null

2019-11-15 13:47:28 - [TEST_STEP][PASSED] - vsyear = dfYYYY.format(newShowDate): null

2019-11-15 13:47:28 - [TEST_STEP][PASSED] - vsmonth = dfMM.format(newShowDate): null

2019-11-15 13:47:28 - [TEST_STEP][PASSED] - vsday = dfDD.format(newShowDate): null

2019-11-15 13:47:28 - [TEST_STEP][PASSED] - c.add(DATE, -2): null

2019-11-15 13:47:28 - [TEST_STEP][PASSED] - showEligDate = c.getTime(): null

2019-11-15 13:47:28 - [TEST_STEP][PASSED] - vsyearElig = dfYYYY.format(showEligDate): null

2019-11-15 13:47:28 - [TEST_STEP][PASSED] - vsmonthElig = dfMM.format(showEligDate): null

2019-11-15 13:47:28 - [TEST_STEP][PASSED] - vsdayElig = dfDD.format(showEligDate): null

2019-11-15 13:47:28 - [TEST_STEP][PASSED] - println(UtilityMethods.concat("from DTY: ", vsday, " ", vsmonth, " ", vsyear)): null

2019-11-15 13:47:28 - [TEST_STEP][PASSED] - callTestCase(findTestCase("VirtualShow/createAPhysicalShow"), ["BOURL":"", "BOuser":"", "BOpass":"", "hostess":"", "cohostess":"", "vsday":vsday, "vsmonth":vsmonth, "vsyear":vsyear], STOP_ON_FAILURE): Call Test Case 'Test Cases/VirtualShow/createAPhysicalShow' successfully

2019-11-15 13:47:28 - [TEST_CASE][PASSED] - Test Cases/VirtualShow/createAPhysicalShow: Test Cases/VirtualShow/createAPhysicalShow

2019-11-15 13:47:28 - [TEST_STEP][PASSED] - dataFile = "virtualShowData": null

2019-11-15 13:47:28 - [TEST_STEP][PASSED] - stylist = findTestData(dataFile).getValue("stylist", 1): null

2019-11-15 13:47:28 - [TEST_STEP][PASSED] - hostess = findTestData(dataFile).getValue("hostess", 1): null

2019-11-15 13:47:28 - [TEST_STEP][PASSED] - cohostess = findTestData(dataFile).getValue("cohostess", 1): null

2019-11-15 13:47:28 - [TEST_STEP][PASSED] - guest1 = findTestData(dataFile).getValue("guest1", 1): null

2019-11-15 13:47:28 - [TEST_STEP][PASSED] - guest2 = findTestData(dataFile).getValue("guest2", 1): null

2019-11-15 13:47:28 - [TEST_STEP][PASSED] - verifyGuestCount = findTestData(dataFile).getValue("verifyGuestCount", 1): null

2019-11-15 13:47:28 - [TEST_STEP][PASSED] - RSTestEnvt = findTestData("envtData").getValue("RSTestEnvt", 1): null

2019-11-15 13:47:28 - [TEST_STEP][PASSED] - openBrowser(""): Browser is opened with url: ''

2019-11-15 13:47:28 - [MESSAGE][WARNING] - A browser is already opened. Closing browser and opening a new one

2019-11-15 13:47:29 - [MESSAGE][INFO] - Starting 'Chrome' driver

2019-11-15 13:47:29 - [MESSAGE][INFO] - User set preference: ['args', '[--use-fake-ui-for-media-stream, --start-maximized]']

2019-11-15 13:47:31 - [MESSAGE][PASSED] - Browser is opened with url: ''

2019-11-15 13:47:31 - [TEST_STEP][PASSED] - callTestCase(findTestCase("TestCaseUtilities/backOfficeLogin"), ["BOURL":"", "BOuser":"", "BOpass":""], CONTINUE_ON_FAILURE): Call Test Case 'Test Cases/TestCaseUtilities/backOfficeLogin' successfully

2019-11-15 13:47:31 - [TEST_CASE][PASSED] - Test Cases/TestCaseUtilities/backOfficeLogin: Test Cases/TestCaseUtilities/backOfficeLogin

2019-11-15 13:47:31 - [TEST_STEP][PASSED] - BOURL = findTestData("envtData").getValue("BOURL", 1): null

2019-11-15 13:47:31 - [TEST_STEP][PASSED] - BOuser = findTestData("credData").getValue("BOuser", 1): null

2019-11-15 13:47:31 - [TEST_STEP][PASSED] - BOpass = findTestData("credData").getValue("BOpass", 1): null

2019-11-15 13:47:31 - [TEST_STEP][PASSED] - openBrowser(""): Browser is opened with url: ''

2019-11-15 13:47:31 - [MESSAGE][WARNING] - A browser is already opened. Closing browser and opening a new one

2019-11-15 13:47:32 - [MESSAGE][INFO] - Starting 'Chrome' driver

2019-11-15 13:47:32 - [MESSAGE][INFO] - User set preference: ['args', '[--use-fake-ui-for-media-stream, --start-maximized]']

2019-11-15 13:47:34 - [MESSAGE][PASSED] - Browser is opened with url: ''

2019-11-15 13:47:34 - [TEST_STEP][PASSED] - navigateToUrl(BOURL): Navigate to 'https://test18.cliotest.com/backoffice/control/main' successfully

2019-11-15 13:47:43 - [MESSAGE][PASSED] - Navigate to 'https://test18.cliotest.com/backoffice/control/main' successfully

2019-11-15 13:47:43 - [TEST_STEP][PASSED] - logOut = findWebElements(findTestObject("Object Repository/Page_cabi Home/log_out"), 1): Unable to find the element located by 'By.xpath: //a[contains(text(),'Log Out')]'. Please recheck the objects properties to make sure the desired element is located. 

2019-11-15 13:47:44 - [MESSAGE][INFO] - Unable to find the element located by 'By.xpath: //a[contains(text(),'Log Out')]'. Please recheck the objects properties to make sure the desired element is located. 

2019-11-15 13:47:44 - [TEST_STEP][PASSED] - if (logOut.size() == 0): Object: 'Object Repository/Page_cabi/input_Welcome to_consultantLogin' is clicked on

2019-11-15 13:47:44 - [TEST_STEP][PASSED] - setText(findTestObject("Page_cabi/input_Welcome to_USERNAME"), BOuser): Text '400000002' is set on object 'Object Repository/Page_cabi/input_Welcome to_USERNAME'

2019-11-15 13:47:44 - [MESSAGE][PASSED] - Text '400000002' is set on object 'Object Repository/Page_cabi/input_Welcome to_USERNAME'

2019-11-15 13:47:44 - [TEST_STEP][PASSED] - setText(findTestObject("Object Repository/Page_cabi/input_Welcome to_PASSWORD"), BOpass): Text 'blackdress19' is set on object 'Object Repository/Page_cabi/input_Welcome to_PASSWORD'

2019-11-15 13:47:44 - [MESSAGE][PASSED] - Text 'blackdress19' is set on object 'Object Repository/Page_cabi/input_Welcome to_PASSWORD'

2019-11-15 13:47:44 - [TEST_STEP][PASSED] - click(findTestObject("Object Repository/Page_cabi/input_Welcome to_consultantLogin")): Object: 'Object Repository/Page_cabi/input_Welcome to_consultantLogin' is clicked on

2019-11-15 13:48:02 - [MESSAGE][PASSED] - Object: 'Object Repository/Page_cabi/input_Welcome to_consultantLogin' is clicked on

2019-11-15 13:48:02 - [TEST_STEP][PASSED] - delay(3): Delayed 3 second(s)

2019-11-15 13:48:05 - [MESSAGE][PASSED] - Delayed 3 second(s)

2019-11-15 13:48:05 - [MESSAGE][PASSED] - Call Test Case 'Test Cases/TestCaseUtilities/backOfficeLogin' successfully

2019-11-15 13:48:05 - [TEST_STEP][PASSED] - verifyElementText(findTestObject("Object Repository/virualShowRSVPOR/Page_cabi/span_username"), stylist): Actual text and expected text of test object 'Object Repository/virualShowRSVPOR/Page_cabi/span_username' are matched.

2019-11-15 13:48:05 - [MESSAGE][PASSED] - Actual text and expected text of test object 'Object Repository/virualShowRSVPOR/Page_cabi/span_username' are matched.

2019-11-15 13:48:05 - [TEST_STEP][PASSED] - click(findTestObject("Object Repository/virualShowRSVPOR/Page_cabi Home/a_shows _orders")): Object: 'Object Repository/virualShowRSVPOR/Page_cabi Home/a_shows _orders' is clicked on

2019-11-15 13:48:06 - [MESSAGE][PASSED] - Object: 'Object Repository/virualShowRSVPOR/Page_cabi Home/a_shows _orders' is clicked on

2019-11-15 13:48:06 - [TEST_STEP][PASSED] - click(findTestObject("Object Repository/virualShowRSVPOR/Page_cabi Home/a_Create_A_Show")): Object: 'Object Repository/virualShowRSVPOR/Page_cabi Home/a_Create_A_Show' is clicked on

2019-11-15 13:48:07 - [MESSAGE][PASSED] - Object: 'Object Repository/virualShowRSVPOR/Page_cabi Home/a_Create_A_Show' is clicked on

2019-11-15 13:48:07 - [TEST_STEP][PASSED] - setText(findTestObject("Object Repository/virualShowRSVPOR/Page_cabi Create Show - Set Hostess/input_Hostess"), hostess): Text 'ahostess-test abc' is set on object 'Object Repository/virualShowRSVPOR/Page_cabi Create Show - Set Hostess/input_Hostess'

2019-11-15 13:48:08 - [MESSAGE][PASSED] - Text 'ahostess-test abc' is set on object 'Object Repository/virualShowRSVPOR/Page_cabi Create Show - Set Hostess/input_Hostess'

2019-11-15 13:48:08 - [TEST_STEP][PASSED] - delay(2): Delayed 2 second(s)

2019-11-15 13:48:10 - [MESSAGE][PASSED] - Delayed 2 second(s)

2019-11-15 13:48:10 - [TEST_STEP][PASSED] - sendKeys(findTestObject("Object Repository/virualShowRSVPOR/Page_cabi Create Show - Set Hostess/input_Hostess"), Keys.chord(ARROW_DOWN)): Keys 'DOWN + ' sent to object: 'Object Repository/virualShowRSVPOR/Page_cabi Create Show - Set Hostess/input_Hostess'

2019-11-15 13:48:10 - [MESSAGE][PASSED] - Keys 'DOWN + ' sent to object: 'Object Repository/virualShowRSVPOR/Page_cabi Create Show - Set Hostess/input_Hostess'

2019-11-15 13:48:10 - [TEST_STEP][PASSED] - sendKeys(findTestObject("Object Repository/virualShowRSVPOR/Page_cabi Create Show - Set Hostess/input_Hostess"), Keys.chord(ENTER)): Keys 'ENTER + ' sent to object: 'Object Repository/virualShowRSVPOR/Page_cabi Create Show - Set Hostess/input_Hostess'

2019-11-15 13:48:10 - [MESSAGE][PASSED] - Keys 'ENTER + ' sent to object: 'Object Repository/virualShowRSVPOR/Page_cabi Create Show - Set Hostess/input_Hostess'

2019-11-15 13:48:10 - [TEST_STEP][PASSED] - delay(2): Delayed 2 second(s)

2019-11-15 13:48:12 - [MESSAGE][PASSED] - Delayed 2 second(s)

2019-11-15 13:48:12 - [TEST_STEP][PASSED] - validateHostessAddressMsg = findWebElements(findTestObject("Object Repository/virualShowRSVPOR/Page_cabi Create Show - Set Hostess/validate_address_msg"), 5): null

2019-11-15 13:48:12 - [TEST_STEP][PASSED] - println(validateHostessAddressMsg.size()): null

2019-11-15 13:48:12 - [TEST_STEP][PASSED] - if (validateHostessAddressMsg.isEmpty()): null

2019-11-15 13:48:12 - [TEST_STEP][PASSED] - selectOptionByValue(findTestObject("Object Repository/virualShowRSVPOR/Page_cabi Create Show - Set Hostess/select_Choose_From_Contacts_Co-Hostess"), "3", true): All options with value '3' are selected in object 'Object Repository/virualShowRSVPOR/Page_cabi Create Show - Set Hostess/select_Choose_From_Contacts_Co-Hostess'  using regular expression

2019-11-15 13:48:12 - [MESSAGE][PASSED] - All options with value '3' are selected in object 'Object Repository/virualShowRSVPOR/Page_cabi Create Show - Set Hostess/select_Choose_From_Contacts_Co-Hostess'  using regular expression

2019-11-15 13:48:12 - [TEST_STEP][PASSED] - setText(findTestObject("Object Repository/virualShowRSVPOR/Page_cabi Create Show - Set Hostess/input_Cohostess"), cohostess): Text 'bcohost-test abc' is set on object 'Object Repository/virualShowRSVPOR/Page_cabi Create Show - Set Hostess/input_Cohostess'

2019-11-15 13:48:12 - [MESSAGE][PASSED] - Text 'bcohost-test abc' is set on object 'Object Repository/virualShowRSVPOR/Page_cabi Create Show - Set Hostess/input_Cohostess'

2019-11-15 13:48:12 - [TEST_STEP][PASSED] - delay(2): Delayed 2 second(s)

2019-11-15 13:48:14 - [MESSAGE][PASSED] - Delayed 2 second(s)

2019-11-15 13:48:14 - [TEST_STEP][PASSED] - sendKeys(findTestObject("Object Repository/virualShowRSVPOR/Page_cabi Create Show - Set Hostess/input_Cohostess"), Keys.chord(ARROW_DOWN)): Keys 'DOWN + ' sent to object: 'Object Repository/virualShowRSVPOR/Page_cabi Create Show - Set Hostess/input_Cohostess'

2019-11-15 13:48:15 - [MESSAGE][PASSED] - Keys 'DOWN + ' sent to object: 'Object Repository/virualShowRSVPOR/Page_cabi Create Show - Set Hostess/input_Cohostess'

2019-11-15 13:48:15 - [TEST_STEP][PASSED] - sendKeys(findTestObject("Object Repository/virualShowRSVPOR/Page_cabi Create Show - Set Hostess/input_Cohostess"), Keys.chord(ENTER)): Keys 'ENTER + ' sent to object: 'Object Repository/virualShowRSVPOR/Page_cabi Create Show - Set Hostess/input_Cohostess'

2019-11-15 13:48:15 - [MESSAGE][PASSED] - Keys 'ENTER + ' sent to object: 'Object Repository/virualShowRSVPOR/Page_cabi Create Show - Set Hostess/input_Cohostess'

2019-11-15 13:48:15 - [TEST_STEP][PASSED] - delay(3): Delayed 3 second(s)

2019-11-15 13:48:18 - [MESSAGE][PASSED] - Delayed 3 second(s)

2019-11-15 13:48:18 - [TEST_STEP][PASSED] - validateHostessAddressMsg = findWebElements(findTestObject("Object Repository/virualShowRSVPOR/Page_cabi Create Show - Set Hostess/validate_address_msg"), 5): null

2019-11-15 13:48:18 - [TEST_STEP][PASSED] - if (validateHostessAddressMsg.size() != 4): null

2019-11-15 13:48:18 - [TEST_STEP][PASSED] - click(findTestObject("Object Repository/virualShowRSVPOR/Page_cabi Create Show - Set Hostess/input_next")): Object: 'Object Repository/virualShowRSVPOR/Page_cabi Create Show - Set Hostess/input_next' is clicked on

2019-11-15 13:48:20 - [MESSAGE][PASSED] - Object: 'Object Repository/virualShowRSVPOR/Page_cabi Create Show - Set Hostess/input_next' is clicked on

2019-11-15 13:48:20 - [TEST_STEP][PASSED] - click(findTestObject("Object Repository/virualShowRSVPOR/Page_cabi Create Show - Time and Place/check_Physical_Show")): Object: 'Object Repository/virualShowRSVPOR/Page_cabi Create Show - Time and Place/check_Physical_Show' is clicked on

2019-11-15 13:48:20 - [MESSAGE][PASSED] - Object: 'Object Repository/virualShowRSVPOR/Page_cabi Create Show - Time and Place/check_Physical_Show' is clicked on

2019-11-15 13:48:20 - [TEST_STEP][PASSED] - click(findTestObject("Object Repository/virualShowRSVPOR/Page_cabi Create Show - Time and Place/input_Show_Date_Time")): Object: 'Object Repository/virualShowRSVPOR/Page_cabi Create Show - Time and Place/input_Show_Date_Time' is clicked on

2019-11-15 13:48:20 - [MESSAGE][PASSED] - Object: 'Object Repository/virualShowRSVPOR/Page_cabi Create Show - Time and Place/input_Show_Date_Time' is clicked on

2019-11-15 13:48:20 - [TEST_STEP][PASSED] - println(UtilityMethods.concat(" ", vsday, " ", vsmonth, " ", vsyear)): null

2019-11-15 13:48:20 - [TEST_STEP][PASSED] - year = vsyear: null

2019-11-15 13:48:20 - [TEST_STEP][PASSED] - month = vsmonth: null

2019-11-15 13:48:20 - [TEST_STEP][PASSED] - day = vsday: null

2019-11-15 13:48:20 - [TEST_STEP][PASSED] - pastdate = findTestData("virtualShowData").getValue("pastdate", 1): null

2019-11-15 13:48:20 - [TEST_STEP][PASSED] - xpath = UtilityMethods.concat("//td[@data-month='" + month - 1 + "' and @data-year='" + year + "']/a[contains(text(), '" + day + "')]"): null

2019-11-15 13:48:20 - [TEST_STEP][PASSED] - dateObj = new com.kms.katalon.core.testobject.TestObject(td_month_year_day): null

2019-11-15 13:48:20 - [TEST_STEP][PASSED] - dateObj.addProperty("xpath", EQUALS, xpath): null

2019-11-15 13:48:20 - [TEST_STEP][PASSED] - monthBound = 12: null

2019-11-15 13:48:20 - [TEST_STEP][PASSED] - dateObjList = findWebElements(dateObj, 5): null

2019-11-15 13:48:20 - [TEST_STEP][PASSED] - while (dateObjList.size() == 0 && monthBound > 0): null

2019-11-15 13:48:20 - [TEST_STEP][PASSED] - click(dateObj): Object: 'td_month_year_day' is clicked on

2019-11-15 13:48:20 - [MESSAGE][PASSED] - Object: 'td_month_year_day' is clicked on

2019-11-15 13:48:20 - [TEST_STEP][PASSED] - click(findTestObject("Object Repository/virualShowRSVPOR/Page_cabi Create Show - Time and Place/a_select_End_Time")): Object: 'Object Repository/virualShowRSVPOR/Page_cabi Create Show - Time and Place/a_select_End_Time' is clicked on

2019-11-15 13:48:20 - [MESSAGE][PASSED] - Object: 'Object Repository/virualShowRSVPOR/Page_cabi Create Show - Time and Place/a_select_End_Time' is clicked on

2019-11-15 13:48:20 - [TEST_STEP][PASSED] - delay(2): Delayed 2 second(s)

2019-11-15 13:48:22 - [MESSAGE][PASSED] - Delayed 2 second(s)

2019-11-15 13:48:22 - [TEST_STEP][PASSED] - click(findTestObject("virualShowRSVPOR/Page_cabi Create Show - Time and Place/check_show_address_same_as_hostess")): Object: 'Object Repository/virualShowRSVPOR/Page_cabi Create Show - Time and Place/check_show_address_same_as_hostess' is clicked on

2019-11-15 13:48:23 - [MESSAGE][PASSED] - Object: 'Object Repository/virualShowRSVPOR/Page_cabi Create Show - Time and Place/check_show_address_same_as_hostess' is clicked on

2019-11-15 13:48:23 - [TEST_STEP][PASSED] - delay(2): Delayed 2 second(s)

2019-11-15 13:48:25 - [MESSAGE][PASSED] - Delayed 2 second(s)

2019-11-15 13:48:25 - [TEST_STEP][PASSED] - click(findTestObject("Object Repository/virualShowRSVPOR/Page_cabi Create Show - Time and Place/check_shipping_address_same_as_location")): Object: 'Object Repository/virualShowRSVPOR/Page_cabi Create Show - Time and Place/check_shipping_address_same_as_location' is clicked on

2019-11-15 13:48:25 - [MESSAGE][PASSED] - Object: 'Object Repository/virualShowRSVPOR/Page_cabi Create Show - Time and Place/check_shipping_address_same_as_location' is clicked on

2019-11-15 13:48:25 - [TEST_STEP][PASSED] - delay(2): Delayed 2 second(s)

2019-11-15 13:48:27 - [MESSAGE][PASSED] - Delayed 2 second(s)

2019-11-15 13:48:27 - [TEST_STEP][PASSED] - click(findTestObject("Object Repository/virualShowRSVPOR/Page_cabi Create Show - Time and Place/input_next")): Object: 'Object Repository/virualShowRSVPOR/Page_cabi Create Show - Time and Place/input_next' is clicked on

2019-11-15 13:48:27 - [MESSAGE][PASSED] - Object: 'Object Repository/virualShowRSVPOR/Page_cabi Create Show - Time and Place/input_next' is clicked on

2019-11-15 13:48:27 - [TEST_STEP][PASSED] - delay(5): Delayed 5 second(s)

2019-11-15 13:48:32 - [MESSAGE][PASSED] - Delayed 5 second(s)

2019-11-15 13:48:32 - [TEST_STEP][PASSED] - click(findTestObject("Object Repository/virualShowRSVPOR/Page_cabi Create Show - Invite Hostess/input_Skip_Invite")): Object: 'Object Repository/virualShowRSVPOR/Page_cabi Create Show - Invite Hostess/input_Skip_Invite' is clicked on

2019-11-15 13:48:35 - [MESSAGE][PASSED] - Object: 'Object Repository/virualShowRSVPOR/Page_cabi Create Show - Invite Hostess/input_Skip_Invite' is clicked on

2019-11-15 13:48:35 - [TEST_STEP][PASSED] - setText(findTestObject("Object Repository/virualShowRSVPOR/Page_cabi Edit Show - Add Guests/contact_search_box"), guest1): Text 'guest1-test abc' is set on object 'Object Repository/virualShowRSVPOR/Page_cabi Edit Show - Add Guests/contact_search_box'

2019-11-15 13:48:36 - [MESSAGE][PASSED] - Text 'guest1-test abc' is set on object 'Object Repository/virualShowRSVPOR/Page_cabi Edit Show - Add Guests/contact_search_box'

2019-11-15 13:48:36 - [TEST_STEP][PASSED] - delay(2): Delayed 2 second(s)

2019-11-15 13:48:38 - [MESSAGE][PASSED] - Delayed 2 second(s)

2019-11-15 13:48:38 - [TEST_STEP][PASSED] - sendKeys(findTestObject("Object Repository/virualShowRSVPOR/Page_cabi Edit Show - Add Guests/contact_search_box"), Keys.chord(ARROW_DOWN)): Keys 'DOWN + ' sent to object: 'Object Repository/virualShowRSVPOR/Page_cabi Edit Show - Add Guests/contact_search_box'

2019-11-15 13:48:38 - [MESSAGE][PASSED] - Keys 'DOWN + ' sent to object: 'Object Repository/virualShowRSVPOR/Page_cabi Edit Show - Add Guests/contact_search_box'

2019-11-15 13:48:38 - [TEST_STEP][PASSED] - sendKeys(findTestObject("Object Repository/virualShowRSVPOR/Page_cabi Edit Show - Add Guests/contact_search_box"), Keys.chord(ENTER)): Keys 'ENTER + ' sent to object: 'Object Repository/virualShowRSVPOR/Page_cabi Edit Show - Add Guests/contact_search_box'

2019-11-15 13:48:38 - [MESSAGE][PASSED] - Keys 'ENTER + ' sent to object: 'Object Repository/virualShowRSVPOR/Page_cabi Edit Show - Add Guests/contact_search_box'

2019-11-15 13:48:38 - [TEST_STEP][PASSED] - delay(2): Delayed 2 second(s)

2019-11-15 13:48:40 - [MESSAGE][PASSED] - Delayed 2 second(s)

2019-11-15 13:48:40 - [TEST_STEP][PASSED] - click(findTestObject("Object Repository/virualShowRSVPOR/Page_cabi Edit Show - Add Guests/a_add_guest")): Object: 'Object Repository/virualShowRSVPOR/Page_cabi Edit Show - Add Guests/a_add_guest' is clicked on

2019-11-15 13:48:41 - [MESSAGE][PASSED] - Object: 'Object Repository/virualShowRSVPOR/Page_cabi Edit Show - Add Guests/a_add_guest' is clicked on

2019-11-15 13:48:41 - [TEST_STEP][PASSED] - delay(5): Delayed 5 second(s)

2019-11-15 13:48:46 - [MESSAGE][PASSED] - Delayed 5 second(s)

2019-11-15 13:48:46 - [TEST_STEP][PASSED] - setText(findTestObject("Object Repository/virualShowRSVPOR/Page_cabi Edit Show - Add Guests/contact_search_box"), guest2): Text 'guest2-test abc' is set on object 'Object Repository/virualShowRSVPOR/Page_cabi Edit Show - Add Guests/contact_search_box'

2019-11-15 13:48:46 - [MESSAGE][PASSED] - Text 'guest2-test abc' is set on object 'Object Repository/virualShowRSVPOR/Page_cabi Edit Show - Add Guests/contact_search_box'

2019-11-15 13:48:46 - [TEST_STEP][PASSED] - delay(2): Delayed 2 second(s)

2019-11-15 13:48:48 - [MESSAGE][PASSED] - Delayed 2 second(s)

2019-11-15 13:48:48 - [TEST_STEP][PASSED] - sendKeys(findTestObject("Object Repository/virualShowRSVPOR/Page_cabi Edit Show - Add Guests/contact_search_box"), Keys.chord(ARROW_DOWN)): Keys 'DOWN + ' sent to object: 'Object Repository/virualShowRSVPOR/Page_cabi Edit Show - Add Guests/contact_search_box'

2019-11-15 13:48:48 - [MESSAGE][PASSED] - Keys 'DOWN + ' sent to object: 'Object Repository/virualShowRSVPOR/Page_cabi Edit Show - Add Guests/contact_search_box'

2019-11-15 13:48:48 - [TEST_STEP][PASSED] - sendKeys(findTestObject("Object Repository/virualShowRSVPOR/Page_cabi Edit Show - Add Guests/contact_search_box"), Keys.chord(ENTER)): Keys 'ENTER + ' sent to object: 'Object Repository/virualShowRSVPOR/Page_cabi Edit Show - Add Guests/contact_search_box'

2019-11-15 13:48:48 - [MESSAGE][PASSED] - Keys 'ENTER + ' sent to object: 'Object Repository/virualShowRSVPOR/Page_cabi Edit Show - Add Guests/contact_search_box'

2019-11-15 13:48:48 - [TEST_STEP][PASSED] - delay(2): Delayed 2 second(s)

2019-11-15 13:48:50 - [MESSAGE][PASSED] - Delayed 2 second(s)

2019-11-15 13:48:50 - [TEST_STEP][PASSED] - click(findTestObject("Object Repository/virualShowRSVPOR/Page_cabi Edit Show - Add Guests/a_add_guest")): Object: 'Object Repository/virualShowRSVPOR/Page_cabi Edit Show - Add Guests/a_add_guest' is clicked on

2019-11-15 13:48:51 - [MESSAGE][PASSED] - Object: 'Object Repository/virualShowRSVPOR/Page_cabi Edit Show - Add Guests/a_add_guest' is clicked on

2019-11-15 13:48:51 - [TEST_STEP][PASSED] - delay(2): Delayed 2 second(s)

2019-11-15 13:48:53 - [MESSAGE][PASSED] - Delayed 2 second(s)

2019-11-15 13:48:53 - [TEST_STEP][PASSED] - verifyHostess = UtilityMethods.splitPersonName(hostess): null

2019-11-15 13:48:53 - [TEST_STEP][PASSED] - verifyCohostess = UtilityMethods.splitPersonName(cohostess): null

2019-11-15 13:48:53 - [TEST_STEP][PASSED] - verifyGuest1 = UtilityMethods.splitPersonName(guest1): null

2019-11-15 13:48:53 - [TEST_STEP][PASSED] - verifyGuest2 = UtilityMethods.splitPersonName(guest2): null

2019-11-15 13:48:53 - [TEST_STEP][PASSED] - verifyElementText(findTestObject("Object Repository/virualShowRSVPOR/Page_cabi Edit Show - Add Guests/span_hostess_name"), UtilityMethods.concat(verifyHostess[1], ", ", verifyHostess[0])): Actual text and expected text of test object 'Object Repository/virualShowRSVPOR/Page_cabi Edit Show - Add Guests/span_hostess_name' are matched.

2019-11-15 13:48:53 - [MESSAGE][PASSED] - Actual text and expected text of test object 'Object Repository/virualShowRSVPOR/Page_cabi Edit Show - Add Guests/span_hostess_name' are matched.

2019-11-15 13:48:53 - [TEST_STEP][PASSED] - verifyElementText(findTestObject("Object Repository/virualShowRSVPOR/Page_cabi Edit Show - Add Guests/span_cohostess_name"), UtilityMethods.concat(verifyCohostess[1], ", ", verifyCohostess[0])): Actual text and expected text of test object 'Object Repository/virualShowRSVPOR/Page_cabi Edit Show - Add Guests/span_cohostess_name' are matched.

2019-11-15 13:48:53 - [MESSAGE][PASSED] - Actual text and expected text of test object 'Object Repository/virualShowRSVPOR/Page_cabi Edit Show - Add Guests/span_cohostess_name' are matched.

2019-11-15 13:48:53 - [TEST_STEP][PASSED] - listElement = findWebElements(findTestObject("Object Repository/virualShowRSVPOR/Page_cabi Edit Show - Add Guests/span_guest_name_list"), 5): null

2019-11-15 13:48:53 - [TEST_STEP][PASSED] - guestCount = Integer.parseInt(verifyGuestCount): null

2019-11-15 13:48:53 - [TEST_STEP][PASSED] - flag = false: null

2019-11-15 13:48:53 - [TEST_STEP][PASSED] - for ([i = 0, i < guestCount, (i++)]): null

2019-11-15 13:48:53 - [TEST_STEP][PASSED] - flag = false: null

2019-11-15 13:48:53 - [TEST_STEP][PASSED] - if (getText().equals(UtilityMethods.concat(verifyGuest1[1], ", ", verifyGuest1[0]))): null

2019-11-15 13:48:53 - [TEST_STEP][PASSED] - flag = true: null

2019-11-15 13:48:53 - [TEST_STEP][PASSED] - if (getText().equals(UtilityMethods.concat(verifyGuest2[1], ", ", verifyGuest2[0]))): null

2019-11-15 13:48:53 - [TEST_STEP][PASSED] - flag = false: null

2019-11-15 13:48:53 - [TEST_STEP][PASSED] - if (getText().equals(UtilityMethods.concat(verifyGuest1[1], ", ", verifyGuest1[0]))): null

2019-11-15 13:48:53 - [TEST_STEP][PASSED] - if (getText().equals(UtilityMethods.concat(verifyGuest2[1], ", ", verifyGuest2[0]))): null

2019-11-15 13:48:53 - [TEST_STEP][PASSED] - flag = true: null

2019-11-15 13:48:53 - [TEST_STEP][PASSED] - click(findTestObject("Object Repository/virualShowRSVPOR/Page_cabi Edit Show - Add Guests/input_Next")): Object: 'Object Repository/virualShowRSVPOR/Page_cabi Edit Show - Add Guests/input_Next' is clicked on

2019-11-15 13:48:56 - [MESSAGE][PASSED] - Object: 'Object Repository/virualShowRSVPOR/Page_cabi Edit Show - Add Guests/input_Next' is clicked on

2019-11-15 13:48:56 - [TEST_STEP][PASSED] - delay(3): Delayed 3 second(s)

2019-11-15 13:48:59 - [MESSAGE][PASSED] - Delayed 3 second(s)

2019-11-15 13:48:59 - [TEST_STEP][PASSED] - click(findTestObject("Object Repository/virualShowRSVPOR/Page_cabi Edit Show - Send Invitations/input_Overview")): Object: 'Object Repository/virualShowRSVPOR/Page_cabi Edit Show - Send Invitations/input_Overview' is clicked on

2019-11-15 13:49:01 - [MESSAGE][PASSED] - Object: 'Object Repository/virualShowRSVPOR/Page_cabi Edit Show - Send Invitations/input_Overview' is clicked on

2019-11-15 13:49:01 - [TEST_STEP][PASSED] - showID = getText(findTestObject("Object Repository/virualShowRSVPOR/Page_cabi Orders/li_Show_ID_Text")): Text of object 'Object Repository/virualShowRSVPOR/Page_cabi Orders/li_Show_ID_Text' is: 'Show #: 104831403'

2019-11-15 13:49:01 - [MESSAGE][PASSED] - Text of object 'Object Repository/virualShowRSVPOR/Page_cabi Orders/li_Show_ID_Text' is: 'Show #: 104831403'

2019-11-15 13:49:01 - [TEST_STEP][PASSED] - delay(2): Delayed 2 second(s)

2019-11-15 13:49:03 - [MESSAGE][PASSED] - Delayed 2 second(s)

2019-11-15 13:49:03 - [TEST_STEP][PASSED] - driver = getWebDriver(): null

2019-11-15 13:49:03 - [TEST_STEP][PASSED] - executor = driver: null

2019-11-15 13:49:03 - [TEST_STEP][PASSED] - executor.executeScript("arguments[0].click();", findWebElement(findTestObject("Object Repository/virualShowRSVPOR/Page_cabi Orders/a_My Profile"), 5)): null

2019-11-15 13:49:05 - [TEST_STEP][PASSED] - rsName = getText(findTestObject("Object Repository/virualShowRSVPOR/Page_cabi My Profile/span_rsName")): Text of object 'Object Repository/virualShowRSVPOR/Page_cabi My Profile/span_rsName' is: 'MirandaKate'

2019-11-15 13:49:05 - [MESSAGE][PASSED] - Text of object 'Object Repository/virualShowRSVPOR/Page_cabi My Profile/span_rsName' is: 'MirandaKate'

2019-11-15 13:49:05 - [TEST_STEP][PASSED] - micrositeURL = UtilityMethods.createURL(rsName, RSTestEnvt, showID): null

2019-11-15 13:49:05 - [TEST_STEP][PASSED] - println(micrositeURL): null

2019-11-15 13:49:05 - [TEST_STEP][PASSED] - back(): Navigate back successfully

2019-11-15 13:49:05 - [MESSAGE][PASSED] - Navigate back successfully

2019-11-15 13:49:05 - [MESSAGE][PASSED] - Call Test Case 'Test Cases/VirtualShow/createAPhysicalShow' successfully

2019-11-15 13:49:05 - [TEST_STEP][PASSED] - click(findTestObject("Object Repository/virualShowRSVPOR/Page_cabi Edit Show - Send Invitations/a_orders")): Object: 'Object Repository/virualShowRSVPOR/Page_cabi Edit Show - Send Invitations/a_orders' is clicked on

2019-11-15 13:49:07 - [MESSAGE][PASSED] - Object: 'Object Repository/virualShowRSVPOR/Page_cabi Edit Show - Send Invitations/a_orders' is clicked on

2019-11-15 13:49:07 - [TEST_STEP][PASSED] - g1Vars = UtilityMethods.splitPersonName(guest1): null

2019-11-15 13:49:07 - [TEST_STEP][PASSED] - g1Var = UtilityMethods.concat(g1Vars[1], ", ", g1Vars[0]): null

2019-11-15 13:49:07 - [TEST_STEP][PASSED] - buttonPlaceOrder = UtilityMethods.createTestObject("buttoPlaceOrder", "//table[@class='show-order-table']/tbody/tr/td/span[contains(text(), '", g1Var, "')]/parent::td/following-sibling::td[1]/button"): null

2019-11-15 13:49:07 - [TEST_STEP][PASSED] - click(buttonPlaceOrder): Object: 'buttoPlaceOrder' is clicked on

2019-11-15 13:49:10 - [MESSAGE][PASSED] - Object: 'buttoPlaceOrder' is clicked on

2019-11-15 13:49:10 - [TEST_STEP][PASSED] - delay(3): Delayed 3 second(s)

2019-11-15 13:49:13 - [MESSAGE][PASSED] - Delayed 3 second(s)

2019-11-15 13:49:13 - [TEST_STEP][PASSED] - DTYMsg = UtilityMethods.concat("This order will become eligible for "Direct to You" shipping after ", vsmonthElig, "/", vsdayElig, "."): null

2019-11-15 13:49:13 - [TEST_STEP][PASSED] - println(getText(findTestObject("Object Repository/virualShowRSVPOR/DTY/label_DtyEligibility"))): Text of object 'Object Repository/virualShowRSVPOR/DTY/label_DtyEligibility' is: 'This order will become eligible for "Direct to You" shipping after 11/16.'

2019-11-15 13:49:13 - [MESSAGE][PASSED] - Text of object 'Object Repository/virualShowRSVPOR/DTY/label_DtyEligibility' is: 'This order will become eligible for "Direct to You" shipping after 11/16.'

2019-11-15 13:49:13 - [TEST_STEP][PASSED] - verifyElementText(findTestObject("Object Repository/virualShowRSVPOR/DTY/label_DtyEligibility"), DTYMsg, CONTINUE_ON_FAILURE): Actual text and expected text of test object 'Object Repository/virualShowRSVPOR/DTY/label_DtyEligibility' are matched.

2019-11-15 13:49:13 - [MESSAGE][PASSED] - Actual text and expected text of test object 'Object Repository/virualShowRSVPOR/DTY/label_DtyEligibility' are matched.

2019-11-15 13:49:13 - [TEST_STEP][PASSED] - driver = getWebDriver(): null

2019-11-15 13:49:13 - [TEST_STEP][PASSED] - executor = driver: null

2019-11-15 13:49:13 - [TEST_STEP][PASSED] - executor.executeScript("arguments[0].checked=true;", findWebElement(findTestObject("Object Repository/Page_cabi Home/a_same_shipping_address"), 10)): null

2019-11-15 13:49:13 - [TEST_STEP][PASSED] - delay(3): Delayed 3 second(s)

2019-11-15 13:49:16 - [MESSAGE][PASSED] - Delayed 3 second(s)

2019-11-15 13:49:16 - [TEST_STEP][PASSED] - check(findTestObject("Object Repository/Page_cabi Home/a_same_shipping_address")): Object 'Object Repository/Page_cabi Home/a_same_shipping_address' is checked

2019-11-15 13:49:16 - [MESSAGE][PASSED] - Object 'Object Repository/Page_cabi Home/a_same_shipping_address' is checked

2019-11-15 13:49:16 - [TEST_STEP][PASSED] - delay(3): Delayed 3 second(s)

2019-11-15 13:49:19 - [MESSAGE][PASSED] - Delayed 3 second(s)

2019-11-15 13:49:19 - [TEST_STEP][PASSED] - executor.executeScript("arguments[0].click();", findWebElement(findTestObject("Object Repository/Page_cabi Home/a_order_items"), 5)): null

2019-11-15 13:49:19 - [TEST_STEP][PASSED] - click(findTestObject("Object Repository/Page_cabi Retail Store/span_quick_entry")): Object: 'Object Repository/Page_cabi Retail Store/span_quick_entry' is clicked on

2019-11-15 13:49:23 - [MESSAGE][PASSED] - Object: 'Object Repository/Page_cabi Retail Store/span_quick_entry' is clicked on

2019-11-15 13:49:23 - [TEST_STEP][PASSED] - delay(3): Delayed 3 second(s)

2019-11-15 13:49:26 - [MESSAGE][PASSED] - Delayed 3 second(s)

2019-11-15 13:49:26 - [TEST_STEP][PASSED] - emptyCart = findWebElements(findTestObject("Object Repository/Page_cabi Personal Store/removeFromCart"), 5): Unable to find the element located by 'By.xpath: //*[@id="removeFromCart_0"]/span'. Please recheck the objects properties to make sure the desired element is located. 

2019-11-15 13:49:31 - [MESSAGE][INFO] - Unable to find the element located by 'By.xpath: //*[@id="removeFromCart_0"]/span'. Please recheck the objects properties to make sure the desired element is located. 

2019-11-15 13:49:31 - [TEST_STEP][PASSED] - if (emptyCart.size() > 0): null

2019-11-15 13:49:31 - [TEST_STEP][PASSED] - addOnStyle = findTestData("miscData").getValue("addOnStyle", 1): null

2019-11-15 13:49:31 - [TEST_STEP][PASSED] - addOnStyle2 = findTestData("miscData").getValue("addOnStyle", 2): null

2019-11-15 13:49:31 - [TEST_STEP][PASSED] - setText(findTestObject("Object Repository/Page_cabi Create Order/input_Manual Discount_stylelookup_0"), addOnStyle): Text '3701' is set on object 'Object Repository/Page_cabi Create Order/input_Manual Discount_stylelookup_0'

2019-11-15 13:49:32 - [MESSAGE][PASSED] - Text '3701' is set on object 'Object Repository/Page_cabi Create Order/input_Manual Discount_stylelookup_0'

2019-11-15 13:49:32 - [TEST_STEP][PASSED] - delay(2): Delayed 2 second(s)

2019-11-15 13:49:34 - [MESSAGE][PASSED] - Delayed 2 second(s)

2019-11-15 13:49:34 - [TEST_STEP][PASSED] - sendKeys(findTestObject("Object Repository/Page_cabi Create Order/input_Manual Discount_stylelookup_0"), Keys.chord(ARROW_DOWN)): Keys 'DOWN + ' sent to object: 'Object Repository/Page_cabi Create Order/input_Manual Discount_stylelookup_0'

2019-11-15 13:49:34 - [MESSAGE][PASSED] - Keys 'DOWN + ' sent to object: 'Object Repository/Page_cabi Create Order/input_Manual Discount_stylelookup_0'

2019-11-15 13:49:34 - [TEST_STEP][PASSED] - delay(2): Delayed 2 second(s)

2019-11-15 13:49:36 - [MESSAGE][PASSED] - Delayed 2 second(s)

2019-11-15 13:49:36 - [TEST_STEP][PASSED] - sendKeys(findTestObject("Object Repository/Page_cabi Create Order/input_Manual Discount_stylelookup_0"), Keys.chord(ARROW_DOWN)): Keys 'DOWN + ' sent to object: 'Object Repository/Page_cabi Create Order/input_Manual Discount_stylelookup_0'

2019-11-15 13:49:36 - [MESSAGE][PASSED] - Keys 'DOWN + ' sent to object: 'Object Repository/Page_cabi Create Order/input_Manual Discount_stylelookup_0'

2019-11-15 13:49:36 - [TEST_STEP][PASSED] - sendKeys(findTestObject("Object Repository/Page_cabi Create Order/input_Manual Discount_stylelookup_0"), Keys.chord(ENTER)): Keys 'ENTER + ' sent to object: 'Object Repository/Page_cabi Create Order/input_Manual Discount_stylelookup_0'

2019-11-15 13:49:36 - [MESSAGE][PASSED] - Keys 'ENTER + ' sent to object: 'Object Repository/Page_cabi Create Order/input_Manual Discount_stylelookup_0'

2019-11-15 13:49:36 - [TEST_STEP][PASSED] - delay(5): Delayed 5 second(s)

2019-11-15 13:49:41 - [MESSAGE][PASSED] - Delayed 5 second(s)

2019-11-15 13:49:41 - [TEST_STEP][PASSED] - click(findTestObject("Object Repository/Page_cabi Order Items/selectSize")): Object: 'Object Repository/Page_cabi Order Items/selectSize' is clicked on

2019-11-15 13:49:41 - [MESSAGE][PASSED] - Object: 'Object Repository/Page_cabi Order Items/selectSize' is clicked on

2019-11-15 13:49:41 - [TEST_STEP][PASSED] - delay(3): Delayed 3 second(s)

2019-11-15 13:49:44 - [MESSAGE][PASSED] - Delayed 3 second(s)

2019-11-15 13:49:44 - [TEST_STEP][PASSED] - click(findTestObject("Object Repository/Page_cabi Order Items/span_Add to Cart")): Object: 'Object Repository/Page_cabi Order Items/span_Add to Cart' is clicked on

2019-11-15 13:49:44 - [MESSAGE][PASSED] - Object: 'Object Repository/Page_cabi Order Items/span_Add to Cart' is clicked on

2019-11-15 13:49:44 - [TEST_STEP][PASSED] - delay(5): Delayed 5 second(s)

2019-11-15 13:49:49 - [MESSAGE][PASSED] - Delayed 5 second(s)

2019-11-15 13:49:49 - [TEST_STEP][PASSED] - click(findTestObject("Object Repository/Page_cabi Order Items/a_next")): Object: 'Object Repository/Page_cabi Order Items/a_next' is clicked on

2019-11-15 13:49:49 - [MESSAGE][PASSED] - Object: 'Object Repository/Page_cabi Order Items/a_next' is clicked on

2019-11-15 13:49:49 - [TEST_STEP][PASSED] - delay(3): Delayed 3 second(s)

2019-11-15 13:49:52 - [MESSAGE][PASSED] - Delayed 3 second(s)

2019-11-15 13:49:52 - [TEST_STEP][PASSED] - verifyElementText(findTestObject("Object Repository/Page_cabi Shipping/label_DTYMsg1"), "This order is not yet eligible for "Direct to You" shipping.", CONTINUE_ON_FAILURE): Actual text and expected text of test object 'Object Repository/Page_cabi Shipping/label_DTYMsg1' are matched.

2019-11-15 13:49:52 - [MESSAGE][PASSED] - Actual text and expected text of test object 'Object Repository/Page_cabi Shipping/label_DTYMsg1' are matched.

2019-11-15 13:49:52 - [TEST_STEP][PASSED] - delay(1): Delayed 1 second(s)

2019-11-15 13:49:53 - [MESSAGE][PASSED] - Delayed 1 second(s)

2019-11-15 13:49:53 - [TEST_STEP][PASSED] - verifyElementText(findTestObject("Object Repository/Page_cabi Shipping/label_DTYMsg2"), ""Direct to You" order must be paid by credit card or cabi Gift Card.", CONTINUE_ON_FAILURE): Actual text and expected text of test object 'Object Repository/Page_cabi Shipping/label_DTYMsg2' are matched.

2019-11-15 13:49:53 - [MESSAGE][PASSED] - Actual text and expected text of test object 'Object Repository/Page_cabi Shipping/label_DTYMsg2' are matched.

2019-11-15 13:49:53 - [TEST_STEP][PASSED] - delay(1): Delayed 1 second(s)

2019-11-15 13:49:54 - [MESSAGE][PASSED] - Delayed 1 second(s)

2019-11-15 13:49:54 - [TEST_STEP][PASSED] - verifyElementText(findTestObject("Object Repository/Page_cabi Shipping/label_DTYMsg3"), ""Direct to You" order can start being placed 2 days before the show date.", CONTINUE_ON_FAILURE): Actual text and expected text of test object 'Object Repository/Page_cabi Shipping/label_DTYMsg3' are matched.

2019-11-15 13:49:54 - [MESSAGE][PASSED] - Actual text and expected text of test object 'Object Repository/Page_cabi Shipping/label_DTYMsg3' are matched.

2019-11-15 13:49:54 - [TEST_STEP][PASSED] - delay(1): Delayed 1 second(s)

2019-11-15 13:49:55 - [MESSAGE][PASSED] - Delayed 1 second(s)

2019-11-15 13:49:55 - [TEST_STEP][PASSED] - hasAtributeDisabled = verifyElementHasAttribute(findTestObject("Object Repository/Page_cabi Shipping/check_as_dty_order"), "disabled", 20, CONTINUE_ON_FAILURE): Object 'Object Repository/Page_cabi Shipping/check_as_dty_order' has attribute 'disabled'

2019-11-15 13:49:55 - [MESSAGE][PASSED] - Object 'Object Repository/Page_cabi Shipping/check_as_dty_order' has attribute 'disabled'

2019-11-15 13:49:55 - [TEST_STEP][PASSED] - if (hasAtributeDisabled): Object 'Object Repository/Page_cabi Shipping/check_as_dty_order' has attribute 'disabled' with value 'true'

2019-11-15 13:49:55 - [TEST_STEP][PASSED] - verifyElementAttributeValue(findTestObject("Object Repository/Page_cabi Shipping/check_as_dty_order"), "disabled", "true", 20): Object 'Object Repository/Page_cabi Shipping/check_as_dty_order' has attribute 'disabled' with value 'true'

2019-11-15 13:49:55 - [MESSAGE][PASSED] - Object 'Object Repository/Page_cabi Shipping/check_as_dty_order' has attribute 'disabled' with value 'true'

2019-11-15 13:49:55 - [TEST_STEP][PASSED] - span_place_dty_order_greys = findWebElements(findTestObject("Object Repository/Page_cabi Shipping/span_place_dty_order_grey"), 20): null

2019-11-15 13:49:55 - [TEST_STEP][PASSED] - if (span_place_dty_order_greys.size() != 1): null

2019-11-15 13:49:55 - [TEST_STEP][PASSED] - verifyElementHasAttribute(findTestObject("Page_cabi Shipping/span_dty_checkmark_grey"), "style", 20, CONTINUE_ON_FAILURE): Object 'Object Repository/Page_cabi Shipping/span_dty_checkmark_grey' has attribute 'style'

2019-11-15 13:49:55 - [MESSAGE][PASSED] - Object 'Object Repository/Page_cabi Shipping/span_dty_checkmark_grey' has attribute 'style'

2019-11-15 13:49:55 - [TEST_STEP][PASSED] - verifyElementAttributeValue(findTestObject("Object Repository/Page_cabi Shipping/span_dty_checkmark_grey"), "style", "background-color: rgb(211, 211, 211); cursor: default;", 20): Object 'Object Repository/Page_cabi Shipping/span_dty_checkmark_grey' has attribute 'style' with value 'background-color: rgb(211, 211, 211); cursor: default;'

2019-11-15 13:49:55 - [MESSAGE][PASSED] - Object 'Object Repository/Page_cabi Shipping/span_dty_checkmark_grey' has attribute 'style' with value 'background-color: rgb(211, 211, 211); cursor: default;'

2019-11-15 13:49:55 - [TEST_STEP][PASSED] - delay(1): Delayed 1 second(s)

2019-11-15 13:49:56 - [MESSAGE][PASSED] - Delayed 1 second(s)

2019-11-15 13:49:56 - [TEST_STEP][PASSED] - click(findTestObject("Object Repository/Page_cabi Shipping/a_show_order_checkout_next")): Object: 'Object Repository/Page_cabi Shipping/a_show_order_checkout_next' is clicked on

2019-11-15 13:49:57 - [MESSAGE][PASSED] - Object: 'Object Repository/Page_cabi Shipping/a_show_order_checkout_next' is clicked on

2019-11-15 13:49:57 - [TEST_STEP][PASSED] - delay(1): Delayed 1 second(s)

2019-11-15 13:49:58 - [MESSAGE][PASSED] - Delayed 1 second(s)

2019-11-15 13:49:58 - [TEST_STEP][PASSED] - click(findTestObject("Object Repository/Page_cabi Shipping/a_make_first_payment")): Object: 'Object Repository/Page_cabi Shipping/a_make_first_payment' is clicked on

2019-11-15 13:49:59 - [MESSAGE][PASSED] - Object: 'Object Repository/Page_cabi Shipping/a_make_first_payment' is clicked on

2019-11-15 13:49:59 - [TEST_STEP][PASSED] - delay(3): Delayed 3 second(s)

2019-11-15 13:50:02 - [MESSAGE][PASSED] - Delayed 3 second(s)

2019-11-15 13:50:02 - [TEST_STEP][PASSED] - paymentOptions = findWebElements(findTestObject("Page_cabi Shipping/select_payment_options"), 20): null

2019-11-15 13:50:02 - [TEST_STEP][PASSED] - get(0).getAttribute(addOnStyle): null

2019-11-15 13:50:02 - [TEST_STEP][PASSED] - validPayOption = true: null

2019-11-15 13:50:02 - [TEST_STEP][PASSED] - for (org.openqa.selenium.WebElement we : paymentOptions): null

2019-11-15 13:50:02 - [TEST_STEP][PASSED] - option = we.getText(): null

2019-11-15 13:50:02 - [TEST_STEP][PASSED] - validPayOption = false: null

2019-11-15 13:50:02 - [TEST_STEP][PASSED] - if (option.matches(".*[^\d]\d{4}$") || option.equalsIgnoreCase("Gift Card") || option.equalsIgnoreCase("Add New Credit Card") || option.equalsIgnoreCase("Cash") || option.equalsIgnoreCase("Check")): null

2019-11-15 13:50:02 - [TEST_STEP][PASSED] - validPayOption = true: null

2019-11-15 13:50:02 - [TEST_STEP][PASSED] - option = we.getText(): null

2019-11-15 13:50:02 - [TEST_STEP][PASSED] - validPayOption = false: null

2019-11-15 13:50:02 - [TEST_STEP][PASSED] - if (option.matches(".*[^\d]\d{4}$") || option.equalsIgnoreCase("Gift Card") || option.equalsIgnoreCase("Add New Credit Card") || option.equalsIgnoreCase("Cash") || option.equalsIgnoreCase("Check")): null

2019-11-15 13:50:02 - [TEST_STEP][PASSED] - validPayOption = true: null

2019-11-15 13:50:02 - [TEST_STEP][PASSED] - option = we.getText(): null

2019-11-15 13:50:02 - [TEST_STEP][PASSED] - validPayOption = false: null

2019-11-15 13:50:02 - [TEST_STEP][PASSED] - if (option.matches(".*[^\d]\d{4}$") || option.equalsIgnoreCase("Gift Card") || option.equalsIgnoreCase("Add New Credit Card") || option.equalsIgnoreCase("Cash") || option.equalsIgnoreCase("Check")): null

2019-11-15 13:50:02 - [TEST_STEP][PASSED] - validPayOption = true: null

2019-11-15 13:50:02 - [TEST_STEP][PASSED] - option = we.getText(): null

2019-11-15 13:50:02 - [TEST_STEP][PASSED] - validPayOption = false: null

2019-11-15 13:50:02 - [TEST_STEP][PASSED] - if (option.matches(".*[^\d]\d{4}$") || option.equalsIgnoreCase("Gift Card") || option.equalsIgnoreCase("Add New Credit Card") || option.equalsIgnoreCase("Cash") || option.equalsIgnoreCase("Check")): null

2019-11-15 13:50:02 - [TEST_STEP][PASSED] - validPayOption = true: null

2019-11-15 13:50:02 - [TEST_STEP][PASSED] - option = we.getText(): null

2019-11-15 13:50:02 - [TEST_STEP][PASSED] - validPayOption = false: null

2019-11-15 13:50:02 - [TEST_STEP][PASSED] - if (option.matches(".*[^\d]\d{4}$") || option.equalsIgnoreCase("Gift Card") || option.equalsIgnoreCase("Add New Credit Card") || option.equalsIgnoreCase("Cash") || option.equalsIgnoreCase("Check")): null

2019-11-15 13:50:02 - [TEST_STEP][PASSED] - validPayOption = true: null

2019-11-15 13:50:02 - [TEST_STEP][PASSED] - option = we.getText(): null

2019-11-15 13:50:02 - [TEST_STEP][PASSED] - validPayOption = false: null

2019-11-15 13:50:02 - [TEST_STEP][PASSED] - if (option.matches(".*[^\d]\d{4}$") || option.equalsIgnoreCase("Gift Card") || option.equalsIgnoreCase("Add New Credit Card") || option.equalsIgnoreCase("Cash") || option.equalsIgnoreCase("Check")): null

2019-11-15 13:50:02 - [TEST_STEP][PASSED] - validPayOption = true: null

2019-11-15 13:50:02 - [TEST_STEP][PASSED] - sa.assertTrue(validPayOption): null

2019-11-15 13:50:02 - [TEST_STEP][PASSED] - delay(3): Delayed 3 second(s)

2019-11-15 13:50:05 - [MESSAGE][PASSED] - Delayed 3 second(s)

2019-11-15 13:50:05 - [TEST_STEP][PASSED] - DTYMsgs = findWebElements(findTestObject("Object Repository/Page_cabi Shipping/li_DTY_payment_info"), 5): null

2019-11-15 13:50:05 - [TEST_STEP][PASSED] - if (DTYMsgs.size() > 0): null

2019-11-15 13:50:05 - [TEST_STEP][PASSED] - sa.assertTrue(false): null

2019-11-15 13:50:05 - [TEST_STEP][PASSED] - click(findTestObject("Object Repository/Page_cabi Shipping/select_payment_options_select")): Object: 'Object Repository/Page_cabi Shipping/select_payment_options_select' is clicked on

2019-11-15 13:50:05 - [MESSAGE][PASSED] - Object: 'Object Repository/Page_cabi Shipping/select_payment_options_select' is clicked on

2019-11-15 13:50:05 - [TEST_STEP][PASSED] - click(findTestObject("Object Repository/Page_cabi Shipping/select_payment_options_cash")): Object: 'Object Repository/Page_cabi Shipping/select_payment_options_cash' is clicked on

2019-11-15 13:50:05 - [MESSAGE][PASSED] - Object: 'Object Repository/Page_cabi Shipping/select_payment_options_cash' is clicked on

2019-11-15 13:50:05 - [TEST_STEP][PASSED] - delay(1): Delayed 1 second(s)

2019-11-15 13:50:06 - [MESSAGE][PASSED] - Delayed 1 second(s)

2019-11-15 13:50:06 - [TEST_STEP][PASSED] - executor.executeScript("arguments[0].click();", findWebElement(findTestObject("Object Repository/Page_cabi Shipping/a_review_order"), 10)): null

2019-11-15 13:50:06 - [TEST_STEP][PASSED] - delay(2): Delayed 2 second(s)

2019-11-15 13:50:08 - [MESSAGE][PASSED] - Delayed 2 second(s)

2019-11-15 13:50:08 - [TEST_STEP][PASSED] - executor.executeScript("arguments[0].click();", findWebElement(findTestObject("Object Repository/Page_cabi Shipping/a_submit_order"), 10)): null

2019-11-15 13:50:10 - [TEST_STEP][PASSED] - click(findTestObject("Object Repository/Page_cabi Shipping/a_order_view")): Object: 'Object Repository/Page_cabi Shipping/a_order_view' is clicked on

2019-11-15 13:50:13 - [MESSAGE][PASSED] - Object: 'Object Repository/Page_cabi Shipping/a_order_view' is clicked on

2019-11-15 13:50:13 - [TEST_STEP][PASSED] - actualOrderStatus = getText(findTestObject("Object Repository/Page_cabi Shipping/span_order_status")): Text of object 'Object Repository/Page_cabi Shipping/span_order_status' is: 'ORDER STATUS : OPEN 
ORDER # SH708512307  '

2019-11-15 13:50:13 - [MESSAGE][PASSED] - Text of object 'Object Repository/Page_cabi Shipping/span_order_status' is: 'ORDER STATUS : OPEN 
ORDER # SH708512307  '

2019-11-15 13:50:13 - [TEST_STEP][PASSED] - expectedOrderStatus = "OPEN": null

2019-11-15 13:50:13 - [TEST_STEP][PASSED] - sa.assertTrue(actualOrderStatus.contains(expectedOrderStatus)): null

2019-11-15 13:50:13 - [TEST_STEP][PASSED] - println(actualOrderStatus): null

2019-11-15 13:50:13 - [TEST_STEP][PASSED] - click(findTestObject("Object Repository/Page_cabi Shipping/a_back_to_orders")): Object: 'Object Repository/Page_cabi Shipping/a_back_to_orders' is clicked on

2019-11-15 13:50:15 - [MESSAGE][PASSED] - Object: 'Object Repository/Page_cabi Shipping/a_back_to_orders' is clicked on

2019-11-15 13:50:15 - [TEST_STEP][PASSED] - delay(2): Delayed 2 second(s)

2019-11-15 13:50:17 - [MESSAGE][PASSED] - Delayed 2 second(s)

2019-11-15 13:50:17 - [TEST_STEP][PASSED] - ActualDTYNonOptedOrderStatus = getText(UtilityMethods.createTestObject("DTYOptedOrderStatus", "//table[@class='show-order-table']/tbody/tr/td/span[contains(text(), '", g1Var, "')]/parent::td/following-sibling::td[@class='order-status']")): Text of object 'DTYOptedOrderStatus' is: 'Completed
Nov 15 12:20 AM'

2019-11-15 13:50:17 - [MESSAGE][PASSED] - Text of object 'DTYOptedOrderStatus' is: 'Completed
Nov 15 12:20 AM'

2019-11-15 13:50:17 - [TEST_STEP][PASSED] - sa.assertEquals(ActualDTYNonOptedOrderStatus, "Completed"): null

2019-11-15 13:50:17 - [TEST_STEP][PASSED] - buttonEditDTYOptedOrder = UtilityMethods.createTestObject("buttonEditDTYOptedOrder", "//table[@class='show-order-table']/tbody/tr/td/span[contains(text(), '", g1Var, "')]/parent::td/following-sibling::td[@class='column-order']/a"): null

2019-11-15 13:50:17 - [TEST_STEP][PASSED] - click(buttonEditDTYOptedOrder): Object: 'buttonEditDTYOptedOrder' is clicked on

2019-11-15 13:50:20 - [MESSAGE][PASSED] - Object: 'buttonEditDTYOptedOrder' is clicked on

2019-11-15 13:50:20 - [TEST_STEP][PASSED] - click(findTestObject("Object Repository/Page_cabi Shipping/a_edit_order")): Object: 'Object Repository/Page_cabi Shipping/a_edit_order' is clicked on

2019-11-15 13:50:25 - [MESSAGE][PASSED] - Object: 'Object Repository/Page_cabi Shipping/a_edit_order' is clicked on

2019-11-15 13:50:25 - [TEST_STEP][PASSED] - click(findTestObject("Object Repository/Page_cabi Shipping/a_edit_order_shipping")): Object: 'Object Repository/Page_cabi Shipping/a_edit_order_shipping' is clicked on

2019-11-15 13:50:25 - [MESSAGE][PASSED] - Object: 'Object Repository/Page_cabi Shipping/a_edit_order_shipping' is clicked on

2019-11-15 13:50:25 - [TEST_STEP][PASSED] - verifyElementText(findTestObject("Object Repository/Page_cabi Shipping/label_DTYMsg1"), "This order is not yet eligible for "Direct to You" shipping.", CONTINUE_ON_FAILURE): Actual text and expected text of test object 'Object Repository/Page_cabi Shipping/label_DTYMsg1' are matched.

2019-11-15 13:50:26 - [MESSAGE][PASSED] - Actual text and expected text of test object 'Object Repository/Page_cabi Shipping/label_DTYMsg1' are matched.

2019-11-15 13:50:26 - [TEST_STEP][PASSED] - delay(1): Delayed 1 second(s)

2019-11-15 13:50:27 - [MESSAGE][PASSED] - Delayed 1 second(s)

2019-11-15 13:50:27 - [TEST_STEP][PASSED] - verifyElementText(findTestObject("Object Repository/Page_cabi Shipping/label_DTYMsg2"), ""Direct to You" order must be paid by credit card or cabi Gift Card.", CONTINUE_ON_FAILURE): Actual text and expected text of test object 'Object Repository/Page_cabi Shipping/label_DTYMsg2' are matched.

2019-11-15 13:50:27 - [MESSAGE][PASSED] - Actual text and expected text of test object 'Object Repository/Page_cabi Shipping/label_DTYMsg2' are matched.

2019-11-15 13:50:27 - [TEST_STEP][PASSED] - delay(1): Delayed 1 second(s)

2019-11-15 13:50:28 - [MESSAGE][PASSED] - Delayed 1 second(s)

2019-11-15 13:50:28 - [TEST_STEP][PASSED] - verifyElementText(findTestObject("Object Repository/Page_cabi Shipping/label_DTYMsg3"), ""Direct to You" order can start being placed 2 days before the show date.", CONTINUE_ON_FAILURE): Actual text and expected text of test object 'Object Repository/Page_cabi Shipping/label_DTYMsg3' are matched.

2019-11-15 13:50:28 - [MESSAGE][PASSED] - Actual text and expected text of test object 'Object Repository/Page_cabi Shipping/label_DTYMsg3' are matched.

2019-11-15 13:50:28 - [TEST_STEP][PASSED] - delay(1): Delayed 1 second(s)

2019-11-15 13:50:29 - [MESSAGE][PASSED] - Delayed 1 second(s)

2019-11-15 13:50:29 - [TEST_STEP][PASSED] - hasAtributeDisabled = verifyElementHasAttribute(findTestObject("Object Repository/Page_cabi Shipping/check_as_dty_order"), "disabled", 20, CONTINUE_ON_FAILURE): Object 'Object Repository/Page_cabi Shipping/check_as_dty_order' has attribute 'disabled'

2019-11-15 13:50:29 - [MESSAGE][PASSED] - Object 'Object Repository/Page_cabi Shipping/check_as_dty_order' has attribute 'disabled'

2019-11-15 13:50:29 - [TEST_STEP][PASSED] - if (hasAtributeDisabled): Object 'Object Repository/Page_cabi Shipping/check_as_dty_order' has attribute 'disabled' with value 'true'

2019-11-15 13:50:29 - [TEST_STEP][PASSED] - verifyElementAttributeValue(findTestObject("Object Repository/Page_cabi Shipping/check_as_dty_order"), "disabled", "true", 20): Object 'Object Repository/Page_cabi Shipping/check_as_dty_order' has attribute 'disabled' with value 'true'

2019-11-15 13:50:29 - [MESSAGE][PASSED] - Object 'Object Repository/Page_cabi Shipping/check_as_dty_order' has attribute 'disabled' with value 'true'

2019-11-15 13:50:29 - [TEST_STEP][PASSED] - span_place_dty_order_greys = findWebElements(findTestObject("Object Repository/Page_cabi Shipping/span_place_dty_order_grey"), 20): null

2019-11-15 13:50:29 - [TEST_STEP][PASSED] - if (span_place_dty_order_greys.size() != 1): null

2019-11-15 13:50:29 - [TEST_STEP][PASSED] - verifyElementHasAttribute(findTestObject("Page_cabi Shipping/span_dty_checkmark_grey"), "style", 20, CONTINUE_ON_FAILURE): Object 'Object Repository/Page_cabi Shipping/span_dty_checkmark_grey' has attribute 'style'

2019-11-15 13:50:29 - [MESSAGE][PASSED] - Object 'Object Repository/Page_cabi Shipping/span_dty_checkmark_grey' has attribute 'style'

2019-11-15 13:50:29 - [TEST_STEP][PASSED] - verifyElementAttributeValue(findTestObject("Object Repository/Page_cabi Shipping/span_dty_checkmark_grey"), "style", "background-color: rgb(211, 211, 211); cursor: default;", 20): Object 'Object Repository/Page_cabi Shipping/span_dty_checkmark_grey' has attribute 'style' with value 'background-color: rgb(211, 211, 211); cursor: default;'

2019-11-15 13:50:29 - [MESSAGE][PASSED] - Object 'Object Repository/Page_cabi Shipping/span_dty_checkmark_grey' has attribute 'style' with value 'background-color: rgb(211, 211, 211); cursor: default;'

2019-11-15 13:50:29 - [TEST_STEP][PASSED] - delay(2): Delayed 2 second(s)

2019-11-15 13:50:31 - [MESSAGE][PASSED] - Delayed 2 second(s)

2019-11-15 13:50:31 - [TEST_STEP][PASSED] - click(findTestObject("Object Repository/Page_cabi Shipping/a_edit_order_cancel")): Object: 'Object Repository/Page_cabi Shipping/a_edit_order_cancel' is clicked on

2019-11-15 13:50:33 - [MESSAGE][PASSED] - Object: 'Object Repository/Page_cabi Shipping/a_edit_order_cancel' is clicked on

2019-11-15 13:50:33 - [TEST_STEP][PASSED] - delay(1): Delayed 1 second(s)

2019-11-15 13:50:34 - [MESSAGE][PASSED] - Delayed 1 second(s)]]></system-out>
         <system-err><![CDATA[]]></system-err>
      </testcase>
      <testcase name="Test Cases/VirtualShow/BODTY/DTYVS" classname="Test Cases/VirtualShow/BODTY/DTYVS" status="ERROR">
         <error type="ERROR" message="Test Cases/VirtualShow/BODTY/DTYVS FAILED.
Reason:
groovy.lang.MissingPropertyException: No such property: executor for class: Script1568892165581
	at DTYVS.run(DTYVS:92)
	at com.kms.katalon.core.main.ScriptEngine.run(ScriptEngine.java:194)
	at com.kms.katalon.core.main.ScriptEngine.runScriptAsRawText(ScriptEngine.java:119)
	at com.kms.katalon.core.main.TestCaseExecutor.runScript(TestCaseExecutor.java:342)
	at com.kms.katalon.core.main.TestCaseExecutor.doExecute(TestCaseExecutor.java:333)
	at com.kms.katalon.core.main.TestCaseExecutor.processExecutionPhase(TestCaseExecutor.java:312)
	at com.kms.katalon.core.main.TestCaseExecutor.accessMainPhase(TestCaseExecutor.java:304)
	at com.kms.katalon.core.main.TestCaseExecutor.execute(TestCaseExecutor.java:238)
	at com.kms.katalon.core.main.TestSuiteExecutor.accessTestCaseMainPhase(TestSuiteExecutor.java:129)
	at com.kms.katalon.core.main.TestSuiteExecutor.accessTestSuiteMainPhase(TestSuiteExecutor.java:112)
	at com.kms.katalon.core.main.TestSuiteExecutor.execute(TestSuiteExecutor.java:81)
	at com.kms.katalon.core.main.TestCaseMain.startTestSuite(TestCaseMain.java:157)
	at com.kms.katalon.core.main.TestCaseMain$startTestSuite$0.call(Unknown Source)
	at TempTestSuite1573805142121.run(TempTestSuite1573805142121.groovy:35)
"/>
         <system-out><![CDATA[2019-11-15 13:50:34 - [TEST_CASE][ERROR] - Test Cases/VirtualShow/BODTY/DTYVS: Test Cases/VirtualShow/BODTY/DTYVS FAILED.
Reason:
groovy.lang.MissingPropertyException: No such property: executor for class: Script1568892165581
	at DTYVS.run(DTYVS:92)
	at com.kms.katalon.core.main.ScriptEngine.run(ScriptEngine.java:194)
	at com.kms.katalon.core.main.ScriptEngine.runScriptAsRawText(ScriptEngine.java:119)
	at com.kms.katalon.core.main.TestCaseExecutor.runScript(TestCaseExecutor.java:342)
	at com.kms.katalon.core.main.TestCaseExecutor.doExecute(TestCaseExecutor.java:333)
	at com.kms.katalon.core.main.TestCaseExecutor.processExecutionPhase(TestCaseExecutor.java:312)
	at com.kms.katalon.core.main.TestCaseExecutor.accessMainPhase(TestCaseExecutor.java:304)
	at com.kms.katalon.core.main.TestCaseExecutor.execute(TestCaseExecutor.java:238)
	at com.kms.katalon.core.main.TestSuiteExecutor.accessTestCaseMainPhase(TestSuiteExecutor.java:129)
	at com.kms.katalon.core.main.TestSuiteExecutor.accessTestSuiteMainPhase(TestSuiteExecutor.java:112)
	at com.kms.katalon.core.main.TestSuiteExecutor.execute(TestSuiteExecutor.java:81)
	at com.kms.katalon.core.main.TestCaseMain.startTestSuite(TestCaseMain.java:157)
	at com.kms.katalon.core.main.TestCaseMain$startTestSuite$0.call(Unknown Source)
	at TempTestSuite1573805142121.run(TempTestSuite1573805142121.groovy:35)


2019-11-15 13:50:34 - [TEST_STEP][PASSED] - Start listener action : sampleBeforeTestCase: null

2019-11-15 13:50:34 - [TEST_STEP][PASSED] - println(testCaseContext.getTestCaseId()): null

2019-11-15 13:50:34 - [TEST_STEP][PASSED] - println(testCaseContext.getTestCaseVariables()): null

2019-11-15 13:50:35 - [TEST_STEP][PASSED] - dataFile = "virtualShowData": null

2019-11-15 13:50:35 - [TEST_STEP][PASSED] - guest1 = findTestData(dataFile).getValue("guest1", 1): null

2019-11-15 13:50:35 - [TEST_STEP][PASSED] - guest2 = findTestData(dataFile).getValue("guest2", 1): null

2019-11-15 13:50:35 - [TEST_STEP][PASSED] - hostess = findTestData(dataFile).getValue("hostess", 1): null

2019-11-15 13:50:35 - [TEST_STEP][PASSED] - cohostess = findTestData(dataFile).getValue("cohostess", 1): null

2019-11-15 13:50:35 - [TEST_STEP][PASSED] - dfMM = new java.text.SimpleDateFormat(MM): null

2019-11-15 13:50:35 - [TEST_STEP][PASSED] - dfDD = new java.text.SimpleDateFormat(dd): null

2019-11-15 13:50:35 - [TEST_STEP][PASSED] - dfYYYY = new java.text.SimpleDateFormat(yyyy): null

2019-11-15 13:50:35 - [TEST_STEP][PASSED] - today = getInstance().getTime(): null

2019-11-15 13:50:35 - [TEST_STEP][PASSED] - c = Calendar.getInstance(): null

2019-11-15 13:50:35 - [TEST_STEP][PASSED] - c.setTime(today): null

2019-11-15 13:50:35 - [TEST_STEP][PASSED] - c.add(DATE, 2): null

2019-11-15 13:50:35 - [TEST_STEP][PASSED] - newShowDate = c.getTime(): null

2019-11-15 13:50:35 - [TEST_STEP][PASSED] - vsyear = dfYYYY.format(newShowDate): null

2019-11-15 13:50:35 - [TEST_STEP][PASSED] - vsmonth = dfMM.format(newShowDate): null

2019-11-15 13:50:35 - [TEST_STEP][PASSED] - vsday = dfDD.format(newShowDate): null

2019-11-15 13:50:35 - [TEST_STEP][PASSED] - println(UtilityMethods.concat("from DTY: ", vsday, " ", vsmonth, " ", vsyear)): null

2019-11-15 13:50:35 - [TEST_STEP][PASSED] - callTestCase(findTestCase("VirtualShow/createShow"), ["testEnvt":"", "username":"", "password":"", "stylist":"", "hostess":"", "cohostess":"", "guest1":"", "guest2":"", "verifyHostess":"", ... ], CONTINUE_ON_FAILURE): Call Test Case 'Test Cases/VirtualShow/createShow' successfully

2019-11-15 13:50:35 - [TEST_CASE][PASSED] - Test Cases/VirtualShow/createShow: Test Cases/VirtualShow/createShow

2019-11-15 13:50:36 - [TEST_STEP][PASSED] - dataFile = "virtualShowData": null

2019-11-15 13:50:36 - [TEST_STEP][PASSED] - stylist = findTestData(dataFile).getValue("stylist", 1): null

2019-11-15 13:50:36 - [TEST_STEP][PASSED] - hostess = findTestData(dataFile).getValue("hostess", 1): null

2019-11-15 13:50:36 - [TEST_STEP][PASSED] - cohostess = findTestData(dataFile).getValue("cohostess", 1): null

2019-11-15 13:50:36 - [TEST_STEP][PASSED] - guest1 = findTestData(dataFile).getValue("guest1", 1): null

2019-11-15 13:50:36 - [TEST_STEP][PASSED] - guest2 = findTestData(dataFile).getValue("guest2", 1): null

2019-11-15 13:50:36 - [TEST_STEP][PASSED] - verifyGuestCount = findTestData(dataFile).getValue("verifyGuestCount", 1): null

2019-11-15 13:50:36 - [TEST_STEP][PASSED] - RSTestEnvt = findTestData("envtData").getValue("RSTestEnvt", 1): null

2019-11-15 13:50:36 - [TEST_STEP][PASSED] - openBrowser(""): Browser is opened with url: ''

2019-11-15 13:50:36 - [MESSAGE][WARNING] - A browser is already opened. Closing browser and opening a new one

2019-11-15 13:50:37 - [MESSAGE][INFO] - Starting 'Chrome' driver

2019-11-15 13:50:37 - [MESSAGE][INFO] - User set preference: ['args', '[--use-fake-ui-for-media-stream, --start-maximized]']

2019-11-15 13:50:39 - [MESSAGE][PASSED] - Browser is opened with url: ''

2019-11-15 13:50:39 - [TEST_STEP][PASSED] - maximizeWindow(): Current window maximized

2019-11-15 13:50:40 - [MESSAGE][PASSED] - Current window maximized

2019-11-15 13:50:40 - [TEST_STEP][PASSED] - callTestCase(findTestCase("TestCaseUtilities/backOfficeLogin"), ["BOURL":"", "BOuser":"", "BOpass":""], CONTINUE_ON_FAILURE): Call Test Case 'Test Cases/TestCaseUtilities/backOfficeLogin' successfully

2019-11-15 13:50:40 - [TEST_CASE][PASSED] - Test Cases/TestCaseUtilities/backOfficeLogin: Test Cases/TestCaseUtilities/backOfficeLogin

2019-11-15 13:50:40 - [TEST_STEP][PASSED] - BOURL = findTestData("envtData").getValue("BOURL", 1): null

2019-11-15 13:50:40 - [TEST_STEP][PASSED] - BOuser = findTestData("credData").getValue("BOuser", 1): null

2019-11-15 13:50:40 - [TEST_STEP][PASSED] - BOpass = findTestData("credData").getValue("BOpass", 1): null

2019-11-15 13:50:40 - [TEST_STEP][PASSED] - openBrowser(""): Browser is opened with url: ''

2019-11-15 13:50:40 - [MESSAGE][WARNING] - A browser is already opened. Closing browser and opening a new one

2019-11-15 13:50:41 - [MESSAGE][INFO] - Starting 'Chrome' driver

2019-11-15 13:50:41 - [MESSAGE][INFO] - User set preference: ['args', '[--use-fake-ui-for-media-stream, --start-maximized]']

2019-11-15 13:50:43 - [MESSAGE][PASSED] - Browser is opened with url: ''

2019-11-15 13:50:43 - [TEST_STEP][PASSED] - navigateToUrl(BOURL): Navigate to 'https://test18.cliotest.com/backoffice/control/main' successfully

2019-11-15 13:50:50 - [MESSAGE][PASSED] - Navigate to 'https://test18.cliotest.com/backoffice/control/main' successfully

2019-11-15 13:50:50 - [TEST_STEP][PASSED] - logOut = findWebElements(findTestObject("Object Repository/Page_cabi Home/log_out"), 1): Unable to find the element located by 'By.xpath: //a[contains(text(),'Log Out')]'. Please recheck the objects properties to make sure the desired element is located. 

2019-11-15 13:50:51 - [MESSAGE][INFO] - Unable to find the element located by 'By.xpath: //a[contains(text(),'Log Out')]'. Please recheck the objects properties to make sure the desired element is located. 

2019-11-15 13:50:51 - [TEST_STEP][PASSED] - if (logOut.size() == 0): Object: 'Object Repository/Page_cabi/input_Welcome to_consultantLogin' is clicked on

2019-11-15 13:50:51 - [TEST_STEP][PASSED] - setText(findTestObject("Page_cabi/input_Welcome to_USERNAME"), BOuser): Text '400000002' is set on object 'Object Repository/Page_cabi/input_Welcome to_USERNAME'

2019-11-15 13:50:51 - [MESSAGE][PASSED] - Text '400000002' is set on object 'Object Repository/Page_cabi/input_Welcome to_USERNAME'

2019-11-15 13:50:51 - [TEST_STEP][PASSED] - setText(findTestObject("Object Repository/Page_cabi/input_Welcome to_PASSWORD"), BOpass): Text 'blackdress19' is set on object 'Object Repository/Page_cabi/input_Welcome to_PASSWORD'

2019-11-15 13:50:51 - [MESSAGE][PASSED] - Text 'blackdress19' is set on object 'Object Repository/Page_cabi/input_Welcome to_PASSWORD'

2019-11-15 13:50:51 - [TEST_STEP][PASSED] - click(findTestObject("Object Repository/Page_cabi/input_Welcome to_consultantLogin")): Object: 'Object Repository/Page_cabi/input_Welcome to_consultantLogin' is clicked on

2019-11-15 13:51:01 - [MESSAGE][PASSED] - Object: 'Object Repository/Page_cabi/input_Welcome to_consultantLogin' is clicked on

2019-11-15 13:51:01 - [TEST_STEP][PASSED] - delay(3): Delayed 3 second(s)

2019-11-15 13:51:04 - [MESSAGE][PASSED] - Delayed 3 second(s)

2019-11-15 13:51:04 - [MESSAGE][PASSED] - Call Test Case 'Test Cases/TestCaseUtilities/backOfficeLogin' successfully

2019-11-15 13:51:04 - [TEST_STEP][PASSED] - verifyElementText(findTestObject("Object Repository/virualShowRSVPOR/Page_cabi/span_username"), stylist): Actual text and expected text of test object 'Object Repository/virualShowRSVPOR/Page_cabi/span_username' are matched.

2019-11-15 13:51:05 - [MESSAGE][PASSED] - Actual text and expected text of test object 'Object Repository/virualShowRSVPOR/Page_cabi/span_username' are matched.

2019-11-15 13:51:05 - [TEST_STEP][PASSED] - click(findTestObject("Object Repository/virualShowRSVPOR/Page_cabi Home/a_shows _orders")): Object: 'Object Repository/virualShowRSVPOR/Page_cabi Home/a_shows _orders' is clicked on

2019-11-15 13:51:05 - [MESSAGE][PASSED] - Object: 'Object Repository/virualShowRSVPOR/Page_cabi Home/a_shows _orders' is clicked on

2019-11-15 13:51:05 - [TEST_STEP][PASSED] - click(findTestObject("Object Repository/virualShowRSVPOR/Page_cabi Home/a_Create_A_Show")): Object: 'Object Repository/virualShowRSVPOR/Page_cabi Home/a_Create_A_Show' is clicked on

2019-11-15 13:51:07 - [MESSAGE][PASSED] - Object: 'Object Repository/virualShowRSVPOR/Page_cabi Home/a_Create_A_Show' is clicked on

2019-11-15 13:51:07 - [TEST_STEP][PASSED] - setText(findTestObject("Object Repository/virualShowRSVPOR/Page_cabi Create Show - Set Hostess/input_Hostess"), hostess): Text 'ahostess-test abc' is set on object 'Object Repository/virualShowRSVPOR/Page_cabi Create Show - Set Hostess/input_Hostess'

2019-11-15 13:51:07 - [MESSAGE][PASSED] - Text 'ahostess-test abc' is set on object 'Object Repository/virualShowRSVPOR/Page_cabi Create Show - Set Hostess/input_Hostess'

2019-11-15 13:51:07 - [TEST_STEP][PASSED] - delay(2): Delayed 2 second(s)

2019-11-15 13:51:09 - [MESSAGE][PASSED] - Delayed 2 second(s)

2019-11-15 13:51:09 - [TEST_STEP][PASSED] - sendKeys(findTestObject("Object Repository/virualShowRSVPOR/Page_cabi Create Show - Set Hostess/input_Hostess"), Keys.chord(ARROW_DOWN)): Keys 'DOWN + ' sent to object: 'Object Repository/virualShowRSVPOR/Page_cabi Create Show - Set Hostess/input_Hostess'

2019-11-15 13:51:09 - [MESSAGE][PASSED] - Keys 'DOWN + ' sent to object: 'Object Repository/virualShowRSVPOR/Page_cabi Create Show - Set Hostess/input_Hostess'

2019-11-15 13:51:09 - [TEST_STEP][PASSED] - sendKeys(findTestObject("Object Repository/virualShowRSVPOR/Page_cabi Create Show - Set Hostess/input_Hostess"), Keys.chord(ENTER)): Keys 'ENTER + ' sent to object: 'Object Repository/virualShowRSVPOR/Page_cabi Create Show - Set Hostess/input_Hostess'

2019-11-15 13:51:09 - [MESSAGE][PASSED] - Keys 'ENTER + ' sent to object: 'Object Repository/virualShowRSVPOR/Page_cabi Create Show - Set Hostess/input_Hostess'

2019-11-15 13:51:09 - [TEST_STEP][PASSED] - delay(2): Delayed 2 second(s)

2019-11-15 13:51:11 - [MESSAGE][PASSED] - Delayed 2 second(s)

2019-11-15 13:51:11 - [TEST_STEP][PASSED] - validateHostessAddressMsg = findWebElements(findTestObject("Object Repository/virualShowRSVPOR/Page_cabi Create Show - Set Hostess/validate_address_msg"), 5): null

2019-11-15 13:51:11 - [TEST_STEP][PASSED] - println(validateHostessAddressMsg.size()): null

2019-11-15 13:51:11 - [TEST_STEP][PASSED] - if (validateHostessAddressMsg.isEmpty()): null

2019-11-15 13:51:11 - [TEST_STEP][PASSED] - selectOptionByValue(findTestObject("Object Repository/virualShowRSVPOR/Page_cabi Create Show - Set Hostess/select_Choose_From_Contacts_Co-Hostess"), "3", true): All options with value '3' are selected in object 'Object Repository/virualShowRSVPOR/Page_cabi Create Show - Set Hostess/select_Choose_From_Contacts_Co-Hostess'  using regular expression

2019-11-15 13:51:11 - [MESSAGE][PASSED] - All options with value '3' are selected in object 'Object Repository/virualShowRSVPOR/Page_cabi Create Show - Set Hostess/select_Choose_From_Contacts_Co-Hostess'  using regular expression

2019-11-15 13:51:11 - [TEST_STEP][PASSED] - setText(findTestObject("Object Repository/virualShowRSVPOR/Page_cabi Create Show - Set Hostess/input_Cohostess"), cohostess): Text 'bcohost-test abc' is set on object 'Object Repository/virualShowRSVPOR/Page_cabi Create Show - Set Hostess/input_Cohostess'

2019-11-15 13:51:11 - [MESSAGE][PASSED] - Text 'bcohost-test abc' is set on object 'Object Repository/virualShowRSVPOR/Page_cabi Create Show - Set Hostess/input_Cohostess'

2019-11-15 13:51:11 - [TEST_STEP][PASSED] - delay(2): Delayed 2 second(s)

2019-11-15 13:51:13 - [MESSAGE][PASSED] - Delayed 2 second(s)

2019-11-15 13:51:13 - [TEST_STEP][PASSED] - sendKeys(findTestObject("Object Repository/virualShowRSVPOR/Page_cabi Create Show - Set Hostess/input_Cohostess"), Keys.chord(ARROW_DOWN)): Keys 'DOWN + ' sent to object: 'Object Repository/virualShowRSVPOR/Page_cabi Create Show - Set Hostess/input_Cohostess'

2019-11-15 13:51:13 - [MESSAGE][PASSED] - Keys 'DOWN + ' sent to object: 'Object Repository/virualShowRSVPOR/Page_cabi Create Show - Set Hostess/input_Cohostess'

2019-11-15 13:51:13 - [TEST_STEP][PASSED] - sendKeys(findTestObject("Object Repository/virualShowRSVPOR/Page_cabi Create Show - Set Hostess/input_Cohostess"), Keys.chord(ENTER)): Keys 'ENTER + ' sent to object: 'Object Repository/virualShowRSVPOR/Page_cabi Create Show - Set Hostess/input_Cohostess'

2019-11-15 13:51:14 - [MESSAGE][PASSED] - Keys 'ENTER + ' sent to object: 'Object Repository/virualShowRSVPOR/Page_cabi Create Show - Set Hostess/input_Cohostess'

2019-11-15 13:51:14 - [TEST_STEP][PASSED] - delay(3): Delayed 3 second(s)

2019-11-15 13:51:17 - [MESSAGE][PASSED] - Delayed 3 second(s)

2019-11-15 13:51:17 - [TEST_STEP][PASSED] - validateHostessAddressMsg = findWebElements(findTestObject("Object Repository/virualShowRSVPOR/Page_cabi Create Show - Set Hostess/validate_address_msg"), 5): null

2019-11-15 13:51:17 - [TEST_STEP][PASSED] - if (validateHostessAddressMsg.size() != 4): null

2019-11-15 13:51:17 - [TEST_STEP][PASSED] - click(findTestObject("Object Repository/virualShowRSVPOR/Page_cabi Create Show - Set Hostess/input_next")): Object: 'Object Repository/virualShowRSVPOR/Page_cabi Create Show - Set Hostess/input_next' is clicked on

2019-11-15 13:51:18 - [MESSAGE][PASSED] - Object: 'Object Repository/virualShowRSVPOR/Page_cabi Create Show - Set Hostess/input_next' is clicked on

2019-11-15 13:51:18 - [TEST_STEP][PASSED] - click(findTestObject("Object Repository/virualShowRSVPOR/Page_cabi Create Show - Time and Place/check_Virtual_Show")): Object: 'Object Repository/virualShowRSVPOR/Page_cabi Create Show - Time and Place/check_Virtual_Show' is clicked on

2019-11-15 13:51:19 - [MESSAGE][PASSED] - Object: 'Object Repository/virualShowRSVPOR/Page_cabi Create Show - Time and Place/check_Virtual_Show' is clicked on

2019-11-15 13:51:19 - [TEST_STEP][PASSED] - click(findTestObject("Object Repository/virualShowRSVPOR/Page_cabi Create Show - Time and Place/input_Show_Date_Time")): Object: 'Object Repository/virualShowRSVPOR/Page_cabi Create Show - Time and Place/input_Show_Date_Time' is clicked on

2019-11-15 13:51:19 - [MESSAGE][PASSED] - Object: 'Object Repository/virualShowRSVPOR/Page_cabi Create Show - Time and Place/input_Show_Date_Time' is clicked on

2019-11-15 13:51:19 - [TEST_STEP][PASSED] - println(UtilityMethods.concat(" ", vsday, " ", vsmonth, " ", vsyear)): null

2019-11-15 13:51:19 - [TEST_STEP][PASSED] - year = vsyear: null

2019-11-15 13:51:19 - [TEST_STEP][PASSED] - month = vsmonth: null

2019-11-15 13:51:19 - [TEST_STEP][PASSED] - day = vsday: null

2019-11-15 13:51:19 - [TEST_STEP][PASSED] - pastdate = findTestData("virtualShowData").getValue("pastdate", 1): null

2019-11-15 13:51:19 - [TEST_STEP][PASSED] - xpath = UtilityMethods.concat("//td[@data-month='" + month - 1 + "' and @data-year='" + year + "']/a[contains(text(), '" + day + "')]"): null

2019-11-15 13:51:19 - [TEST_STEP][PASSED] - dateObj = new com.kms.katalon.core.testobject.TestObject(td_month_year_day): null

2019-11-15 13:51:19 - [TEST_STEP][PASSED] - dateObj.addProperty("xpath", EQUALS, xpath): null

2019-11-15 13:51:19 - [TEST_STEP][PASSED] - monthBound = 12: null

2019-11-15 13:51:19 - [TEST_STEP][PASSED] - dateObjList = findWebElements(dateObj, 5): null

2019-11-15 13:51:19 - [TEST_STEP][PASSED] - while (dateObjList.size() == 0 && monthBound > 0): null

2019-11-15 13:51:19 - [TEST_STEP][PASSED] - click(dateObj): Object: 'td_month_year_day' is clicked on

2019-11-15 13:51:19 - [MESSAGE][PASSED] - Object: 'td_month_year_day' is clicked on

2019-11-15 13:51:19 - [TEST_STEP][PASSED] - click(findTestObject("Object Repository/virualShowRSVPOR/Page_cabi Create Show - Time and Place/a_select_End_Time")): Object: 'Object Repository/virualShowRSVPOR/Page_cabi Create Show - Time and Place/a_select_End_Time' is clicked on

2019-11-15 13:51:19 - [MESSAGE][PASSED] - Object: 'Object Repository/virualShowRSVPOR/Page_cabi Create Show - Time and Place/a_select_End_Time' is clicked on

2019-11-15 13:51:19 - [TEST_STEP][PASSED] - click(findTestObject("Object Repository/virualShowRSVPOR/Page_cabi Create Show - Time and Place/input_next")): Object: 'Object Repository/virualShowRSVPOR/Page_cabi Create Show - Time and Place/input_next' is clicked on

2019-11-15 13:51:19 - [MESSAGE][PASSED] - Object: 'Object Repository/virualShowRSVPOR/Page_cabi Create Show - Time and Place/input_next' is clicked on

2019-11-15 13:51:19 - [TEST_STEP][PASSED] - delay(5): Delayed 5 second(s)

2019-11-15 13:51:24 - [MESSAGE][PASSED] - Delayed 5 second(s)

2019-11-15 13:51:24 - [TEST_STEP][PASSED] - click(findTestObject("Object Repository/virualShowRSVPOR/Page_cabi Create Show - Invite Hostess/input_Skip_Invite")): Object: 'Object Repository/virualShowRSVPOR/Page_cabi Create Show - Invite Hostess/input_Skip_Invite' is clicked on

2019-11-15 13:51:26 - [MESSAGE][PASSED] - Object: 'Object Repository/virualShowRSVPOR/Page_cabi Create Show - Invite Hostess/input_Skip_Invite' is clicked on

2019-11-15 13:51:26 - [TEST_STEP][PASSED] - setText(findTestObject("Object Repository/virualShowRSVPOR/Page_cabi Edit Show - Add Guests/contact_search_box"), guest1): Text 'guest1-test abc' is set on object 'Object Repository/virualShowRSVPOR/Page_cabi Edit Show - Add Guests/contact_search_box'

2019-11-15 13:51:26 - [MESSAGE][PASSED] - Text 'guest1-test abc' is set on object 'Object Repository/virualShowRSVPOR/Page_cabi Edit Show - Add Guests/contact_search_box'

2019-11-15 13:51:26 - [TEST_STEP][PASSED] - delay(2): Delayed 2 second(s)

2019-11-15 13:51:28 - [MESSAGE][PASSED] - Delayed 2 second(s)

2019-11-15 13:51:28 - [TEST_STEP][PASSED] - sendKeys(findTestObject("Object Repository/virualShowRSVPOR/Page_cabi Edit Show - Add Guests/contact_search_box"), Keys.chord(ARROW_DOWN)): Keys 'DOWN + ' sent to object: 'Object Repository/virualShowRSVPOR/Page_cabi Edit Show - Add Guests/contact_search_box'

2019-11-15 13:51:28 - [MESSAGE][PASSED] - Keys 'DOWN + ' sent to object: 'Object Repository/virualShowRSVPOR/Page_cabi Edit Show - Add Guests/contact_search_box'

2019-11-15 13:51:28 - [TEST_STEP][PASSED] - sendKeys(findTestObject("Object Repository/virualShowRSVPOR/Page_cabi Edit Show - Add Guests/contact_search_box"), Keys.chord(ENTER)): Keys 'ENTER + ' sent to object: 'Object Repository/virualShowRSVPOR/Page_cabi Edit Show - Add Guests/contact_search_box'

2019-11-15 13:51:28 - [MESSAGE][PASSED] - Keys 'ENTER + ' sent to object: 'Object Repository/virualShowRSVPOR/Page_cabi Edit Show - Add Guests/contact_search_box'

2019-11-15 13:51:28 - [TEST_STEP][PASSED] - delay(2): Delayed 2 second(s)

2019-11-15 13:51:30 - [MESSAGE][PASSED] - Delayed 2 second(s)

2019-11-15 13:51:30 - [TEST_STEP][PASSED] - click(findTestObject("Object Repository/virualShowRSVPOR/Page_cabi Edit Show - Add Guests/a_add_guest")): Object: 'Object Repository/virualShowRSVPOR/Page_cabi Edit Show - Add Guests/a_add_guest' is clicked on

2019-11-15 13:51:31 - [MESSAGE][PASSED] - Object: 'Object Repository/virualShowRSVPOR/Page_cabi Edit Show - Add Guests/a_add_guest' is clicked on

2019-11-15 13:51:31 - [TEST_STEP][PASSED] - delay(5): Delayed 5 second(s)

2019-11-15 13:51:36 - [MESSAGE][PASSED] - Delayed 5 second(s)

2019-11-15 13:51:36 - [TEST_STEP][PASSED] - setText(findTestObject("Object Repository/virualShowRSVPOR/Page_cabi Edit Show - Add Guests/contact_search_box"), guest2): Text 'guest2-test abc' is set on object 'Object Repository/virualShowRSVPOR/Page_cabi Edit Show - Add Guests/contact_search_box'

2019-11-15 13:51:36 - [MESSAGE][PASSED] - Text 'guest2-test abc' is set on object 'Object Repository/virualShowRSVPOR/Page_cabi Edit Show - Add Guests/contact_search_box'

2019-11-15 13:51:36 - [TEST_STEP][PASSED] - delay(2): Delayed 2 second(s)

2019-11-15 13:51:38 - [MESSAGE][PASSED] - Delayed 2 second(s)

2019-11-15 13:51:38 - [TEST_STEP][PASSED] - sendKeys(findTestObject("Object Repository/virualShowRSVPOR/Page_cabi Edit Show - Add Guests/contact_search_box"), Keys.chord(ARROW_DOWN)): Keys 'DOWN + ' sent to object: 'Object Repository/virualShowRSVPOR/Page_cabi Edit Show - Add Guests/contact_search_box'

2019-11-15 13:51:38 - [MESSAGE][PASSED] - Keys 'DOWN + ' sent to object: 'Object Repository/virualShowRSVPOR/Page_cabi Edit Show - Add Guests/contact_search_box'

2019-11-15 13:51:38 - [TEST_STEP][PASSED] - sendKeys(findTestObject("Object Repository/virualShowRSVPOR/Page_cabi Edit Show - Add Guests/contact_search_box"), Keys.chord(ENTER)): Keys 'ENTER + ' sent to object: 'Object Repository/virualShowRSVPOR/Page_cabi Edit Show - Add Guests/contact_search_box'

2019-11-15 13:51:38 - [MESSAGE][PASSED] - Keys 'ENTER + ' sent to object: 'Object Repository/virualShowRSVPOR/Page_cabi Edit Show - Add Guests/contact_search_box'

2019-11-15 13:51:38 - [TEST_STEP][PASSED] - delay(2): Delayed 2 second(s)

2019-11-15 13:51:40 - [MESSAGE][PASSED] - Delayed 2 second(s)

2019-11-15 13:51:40 - [TEST_STEP][PASSED] - click(findTestObject("Object Repository/virualShowRSVPOR/Page_cabi Edit Show - Add Guests/a_add_guest")): Object: 'Object Repository/virualShowRSVPOR/Page_cabi Edit Show - Add Guests/a_add_guest' is clicked on

2019-11-15 13:51:41 - [MESSAGE][PASSED] - Object: 'Object Repository/virualShowRSVPOR/Page_cabi Edit Show - Add Guests/a_add_guest' is clicked on

2019-11-15 13:51:41 - [TEST_STEP][PASSED] - delay(2): Delayed 2 second(s)

2019-11-15 13:51:43 - [MESSAGE][PASSED] - Delayed 2 second(s)

2019-11-15 13:51:43 - [TEST_STEP][PASSED] - verifyHostess = UtilityMethods.splitPersonName(hostess): null

2019-11-15 13:51:43 - [TEST_STEP][PASSED] - verifyCohostess = UtilityMethods.splitPersonName(cohostess): null

2019-11-15 13:51:43 - [TEST_STEP][PASSED] - verifyGuest1 = UtilityMethods.splitPersonName(guest1): null

2019-11-15 13:51:43 - [TEST_STEP][PASSED] - verifyGuest2 = UtilityMethods.splitPersonName(guest2): null

2019-11-15 13:51:43 - [TEST_STEP][PASSED] - verifyElementText(findTestObject("Object Repository/virualShowRSVPOR/Page_cabi Edit Show - Add Guests/span_hostess_name"), UtilityMethods.concat(verifyHostess[1], ", ", verifyHostess[0])): Actual text and expected text of test object 'Object Repository/virualShowRSVPOR/Page_cabi Edit Show - Add Guests/span_hostess_name' are matched.

2019-11-15 13:51:43 - [MESSAGE][PASSED] - Actual text and expected text of test object 'Object Repository/virualShowRSVPOR/Page_cabi Edit Show - Add Guests/span_hostess_name' are matched.

2019-11-15 13:51:43 - [TEST_STEP][PASSED] - verifyElementText(findTestObject("Object Repository/virualShowRSVPOR/Page_cabi Edit Show - Add Guests/span_cohostess_name"), UtilityMethods.concat(verifyCohostess[1], ", ", verifyCohostess[0])): Actual text and expected text of test object 'Object Repository/virualShowRSVPOR/Page_cabi Edit Show - Add Guests/span_cohostess_name' are matched.

2019-11-15 13:51:43 - [MESSAGE][PASSED] - Actual text and expected text of test object 'Object Repository/virualShowRSVPOR/Page_cabi Edit Show - Add Guests/span_cohostess_name' are matched.

2019-11-15 13:51:43 - [TEST_STEP][PASSED] - listElement = findWebElements(findTestObject("Object Repository/virualShowRSVPOR/Page_cabi Edit Show - Add Guests/span_guest_name_list"), 5): null

2019-11-15 13:51:43 - [TEST_STEP][PASSED] - guestCount = Integer.parseInt(verifyGuestCount): null

2019-11-15 13:51:43 - [TEST_STEP][PASSED] - assert listElement.size() == guestCount: null

2019-11-15 13:51:43 - [TEST_STEP][PASSED] - flag = false: null

2019-11-15 13:51:43 - [TEST_STEP][PASSED] - for ([i = 0, i < guestCount, (i++)]): null

2019-11-15 13:51:43 - [TEST_STEP][PASSED] - flag = false: null

2019-11-15 13:51:43 - [TEST_STEP][PASSED] - if (getText().equals(UtilityMethods.concat(verifyGuest1[1], ", ", verifyGuest1[0]))): null

2019-11-15 13:51:43 - [TEST_STEP][PASSED] - flag = true: null

2019-11-15 13:51:43 - [TEST_STEP][PASSED] - if (getText().equals(UtilityMethods.concat(verifyGuest2[1], ", ", verifyGuest2[0]))): null

2019-11-15 13:51:43 - [TEST_STEP][PASSED] - flag = false: null

2019-11-15 13:51:43 - [TEST_STEP][PASSED] - if (getText().equals(UtilityMethods.concat(verifyGuest1[1], ", ", verifyGuest1[0]))): null

2019-11-15 13:51:43 - [TEST_STEP][PASSED] - if (getText().equals(UtilityMethods.concat(verifyGuest2[1], ", ", verifyGuest2[0]))): null

2019-11-15 13:51:43 - [TEST_STEP][PASSED] - flag = true: null

2019-11-15 13:51:43 - [TEST_STEP][PASSED] - assert flag == true: null

2019-11-15 13:51:43 - [TEST_STEP][PASSED] - click(findTestObject("Object Repository/virualShowRSVPOR/Page_cabi Edit Show - Add Guests/input_Next")): Object: 'Object Repository/virualShowRSVPOR/Page_cabi Edit Show - Add Guests/input_Next' is clicked on

2019-11-15 13:51:45 - [MESSAGE][PASSED] - Object: 'Object Repository/virualShowRSVPOR/Page_cabi Edit Show - Add Guests/input_Next' is clicked on

2019-11-15 13:51:45 - [TEST_STEP][PASSED] - delay(5): Delayed 5 second(s)

2019-11-15 13:51:50 - [MESSAGE][PASSED] - Delayed 5 second(s)

2019-11-15 13:51:50 - [TEST_STEP][PASSED] - click(findTestObject("Object Repository/virualShowRSVPOR/Page_cabi Edit Show - Send Invitations/input_Overview")): Object: 'Object Repository/virualShowRSVPOR/Page_cabi Edit Show - Send Invitations/input_Overview' is clicked on

2019-11-15 13:51:52 - [MESSAGE][PASSED] - Object: 'Object Repository/virualShowRSVPOR/Page_cabi Edit Show - Send Invitations/input_Overview' is clicked on

2019-11-15 13:51:52 - [TEST_STEP][PASSED] - showID = getText(findTestObject("Object Repository/virualShowRSVPOR/Page_cabi Orders/li_Show_ID_Text")): Text of object 'Object Repository/virualShowRSVPOR/Page_cabi Orders/li_Show_ID_Text' is: 'Show #: 104831405'

2019-11-15 13:51:52 - [MESSAGE][PASSED] - Text of object 'Object Repository/virualShowRSVPOR/Page_cabi Orders/li_Show_ID_Text' is: 'Show #: 104831405'

2019-11-15 13:51:52 - [TEST_STEP][PASSED] - rightClick(findTestObject("Object Repository/virualShowRSVPOR/Page_cabi Orders/a_Account")): Object: 'Object Repository/virualShowRSVPOR/Page_cabi Orders/a_Account' is right clicked on

2019-11-15 13:51:52 - [MESSAGE][PASSED] - Object: 'Object Repository/virualShowRSVPOR/Page_cabi Orders/a_Account' is right clicked on

2019-11-15 13:51:52 - [TEST_STEP][PASSED] - click(findTestObject("Object Repository/virualShowRSVPOR/Page_cabi Orders/a_My Profile")): Object: 'Object Repository/virualShowRSVPOR/Page_cabi Orders/a_My Profile' is clicked on

2019-11-15 13:51:54 - [MESSAGE][PASSED] - Object: 'Object Repository/virualShowRSVPOR/Page_cabi Orders/a_My Profile' is clicked on

2019-11-15 13:51:54 - [TEST_STEP][PASSED] - rsName = getText(findTestObject("Object Repository/virualShowRSVPOR/Page_cabi My Profile/span_rsName")): Text of object 'Object Repository/virualShowRSVPOR/Page_cabi My Profile/span_rsName' is: 'MirandaKate'

2019-11-15 13:51:54 - [MESSAGE][PASSED] - Text of object 'Object Repository/virualShowRSVPOR/Page_cabi My Profile/span_rsName' is: 'MirandaKate'

2019-11-15 13:51:54 - [TEST_STEP][PASSED] - micrositeURL = UtilityMethods.createURL(rsName, RSTestEnvt, showID): null

2019-11-15 13:51:54 - [TEST_STEP][PASSED] - println(micrositeURL): null

2019-11-15 13:51:54 - [TEST_STEP][PASSED] - back(): Navigate back successfully

2019-11-15 13:51:54 - [MESSAGE][PASSED] - Navigate back successfully

2019-11-15 13:51:54 - [MESSAGE][PASSED] - Call Test Case 'Test Cases/VirtualShow/createShow' successfully

2019-11-15 13:51:54 - [TEST_STEP][PASSED] - click(findTestObject("Object Repository/virualShowRSVPOR/Page_cabi Edit Show - Send Invitations/a_orders")): Object: 'Object Repository/virualShowRSVPOR/Page_cabi Edit Show - Send Invitations/a_orders' is clicked on

2019-11-15 13:51:56 - [MESSAGE][PASSED] - Object: 'Object Repository/virualShowRSVPOR/Page_cabi Edit Show - Send Invitations/a_orders' is clicked on

2019-11-15 13:51:56 - [TEST_STEP][PASSED] - g1Vars = UtilityMethods.splitPersonName(guest1): null

2019-11-15 13:51:56 - [TEST_STEP][PASSED] - g1Var = UtilityMethods.concat(g1Vars[1], ", ", g1Vars[0]): null

2019-11-15 13:51:56 - [TEST_STEP][PASSED] - buttonPlaceOrder = UtilityMethods.createTestObject("buttoPlaceOrder", "//table[@class='show-order-table']/tbody/tr/td/span[contains(text(), '", g1Var, "')]/parent::td/following-sibling::td[1]/button"): null

2019-11-15 13:51:56 - [TEST_STEP][PASSED] - click(buttonPlaceOrder): Object: 'buttoPlaceOrder' is clicked on

2019-11-15 13:51:58 - [MESSAGE][PASSED] - Object: 'buttoPlaceOrder' is clicked on

2019-11-15 13:51:58 - [TEST_STEP][PASSED] - delay(3): Delayed 3 second(s)

2019-11-15 13:52:01 - [MESSAGE][PASSED] - Delayed 3 second(s)

2019-11-15 13:52:01 - [TEST_STEP][PASSED] - DTYMsg = "Hooray! This order is eligible for "Direct to You" shipping.": null

2019-11-15 13:52:01 - [TEST_STEP][PASSED] - println(getText(findTestObject("Object Repository/virualShowRSVPOR/DTY/label_DtyEligibility"))): Text of object 'Object Repository/virualShowRSVPOR/DTY/label_DtyEligibility' is: 'Hooray! This order is eligible for "Direct to You" shipping.'

2019-11-15 13:52:01 - [MESSAGE][PASSED] - Text of object 'Object Repository/virualShowRSVPOR/DTY/label_DtyEligibility' is: 'Hooray! This order is eligible for "Direct to You" shipping.'

2019-11-15 13:52:01 - [TEST_STEP][PASSED] - verifyElementText(findTestObject("Object Repository/virualShowRSVPOR/DTY/label_DtyEligibility"), DTYMsg, CONTINUE_ON_FAILURE): Actual text and expected text of test object 'Object Repository/virualShowRSVPOR/DTY/label_DtyEligibility' are matched.

2019-11-15 13:52:02 - [MESSAGE][PASSED] - Actual text and expected text of test object 'Object Repository/virualShowRSVPOR/DTY/label_DtyEligibility' are matched.

2019-11-15 13:52:02 - [TEST_STEP][ERROR] - executor.executeScript("arguments[0].checked=true;", findWebElement(findTestObject("Object Repository/Page_cabi Home/a_same_shipping_address"), 10)): executor.executeScript("arguments[0].checked=true;", findWebElement(findTestObject("Object Repository/Page_cabi Home/a_same_shipping_address"), 10)) FAILED.
Reason:
groovy.lang.MissingPropertyException: No such property: executor for class: Script1568892165581
	at DTYVS.run(DTYVS:92)
	at com.kms.katalon.core.main.ScriptEngine.run(ScriptEngine.java:194)
	at com.kms.katalon.core.main.ScriptEngine.runScriptAsRawText(ScriptEngine.java:119)
	at com.kms.katalon.core.main.TestCaseExecutor.runScript(TestCaseExecutor.java:342)
	at com.kms.katalon.core.main.TestCaseExecutor.doExecute(TestCaseExecutor.java:333)
	at com.kms.katalon.core.main.TestCaseExecutor.processExecutionPhase(TestCaseExecutor.java:312)
	at com.kms.katalon.core.main.TestCaseExecutor.accessMainPhase(TestCaseExecutor.java:304)
	at com.kms.katalon.core.main.TestCaseExecutor.execute(TestCaseExecutor.java:238)
	at com.kms.katalon.core.main.TestSuiteExecutor.accessTestCaseMainPhase(TestSuiteExecutor.java:129)
	at com.kms.katalon.core.main.TestSuiteExecutor.accessTestSuiteMainPhase(TestSuiteExecutor.java:112)
	at com.kms.katalon.core.main.TestSuiteExecutor.execute(TestSuiteExecutor.java:81)
	at com.kms.katalon.core.main.TestCaseMain.startTestSuite(TestCaseMain.java:157)
	at com.kms.katalon.core.main.TestCaseMain$startTestSuite$0.call(Unknown Source)
	at TempTestSuite1573805142121.run(TempTestSuite1573805142121.groovy:35)


2019-11-15 13:52:02 - [MESSAGE][ERROR] - executor.executeScript("arguments[0].checked=true;", findWebElement(findTestObject("Object Repository/Page_cabi Home/a_same_shipping_address"), 10)) FAILED.
Reason:
groovy.lang.MissingPropertyException: No such property: executor for class: Script1568892165581
	at DTYVS.run(DTYVS:92)
	at com.kms.katalon.core.main.ScriptEngine.run(ScriptEngine.java:194)
	at com.kms.katalon.core.main.ScriptEngine.runScriptAsRawText(ScriptEngine.java:119)
	at com.kms.katalon.core.main.TestCaseExecutor.runScript(TestCaseExecutor.java:342)
	at com.kms.katalon.core.main.TestCaseExecutor.doExecute(TestCaseExecutor.java:333)
	at com.kms.katalon.core.main.TestCaseExecutor.processExecutionPhase(TestCaseExecutor.java:312)
	at com.kms.katalon.core.main.TestCaseExecutor.accessMainPhase(TestCaseExecutor.java:304)
	at com.kms.katalon.core.main.TestCaseExecutor.execute(TestCaseExecutor.java:238)
	at com.kms.katalon.core.main.TestSuiteExecutor.accessTestCaseMainPhase(TestSuiteExecutor.java:129)
	at com.kms.katalon.core.main.TestSuiteExecutor.accessTestSuiteMainPhase(TestSuiteExecutor.java:112)
	at com.kms.katalon.core.main.TestSuiteExecutor.execute(TestSuiteExecutor.java:81)
	at com.kms.katalon.core.main.TestCaseMain.startTestSuite(TestCaseMain.java:157)
	at com.kms.katalon.core.main.TestCaseMain$startTestSuite$0.call(Unknown Source)
	at TempTestSuite1573805142121.run(TempTestSuite1573805142121.groovy:35)]]></system-out>
         <system-err><![CDATA[2019-11-15 13:50:34 - [TEST_CASE][ERROR] - Test Cases/VirtualShow/BODTY/DTYVS: Test Cases/VirtualShow/BODTY/DTYVS FAILED.
Reason:
groovy.lang.MissingPropertyException: No such property: executor for class: Script1568892165581
	at DTYVS.run(DTYVS:92)
	at com.kms.katalon.core.main.ScriptEngine.run(ScriptEngine.java:194)
	at com.kms.katalon.core.main.ScriptEngine.runScriptAsRawText(ScriptEngine.java:119)
	at com.kms.katalon.core.main.TestCaseExecutor.runScript(TestCaseExecutor.java:342)
	at com.kms.katalon.core.main.TestCaseExecutor.doExecute(TestCaseExecutor.java:333)
	at com.kms.katalon.core.main.TestCaseExecutor.processExecutionPhase(TestCaseExecutor.java:312)
	at com.kms.katalon.core.main.TestCaseExecutor.accessMainPhase(TestCaseExecutor.java:304)
	at com.kms.katalon.core.main.TestCaseExecutor.execute(TestCaseExecutor.java:238)
	at com.kms.katalon.core.main.TestSuiteExecutor.accessTestCaseMainPhase(TestSuiteExecutor.java:129)
	at com.kms.katalon.core.main.TestSuiteExecutor.accessTestSuiteMainPhase(TestSuiteExecutor.java:112)
	at com.kms.katalon.core.main.TestSuiteExecutor.execute(TestSuiteExecutor.java:81)
	at com.kms.katalon.core.main.TestCaseMain.startTestSuite(TestCaseMain.java:157)
	at com.kms.katalon.core.main.TestCaseMain$startTestSuite$0.call(Unknown Source)
	at TempTestSuite1573805142121.run(TempTestSuite1573805142121.groovy:35)]]></system-err>
      </testcase>
      <testcase name="Test Cases/VirtualShow/BODTY/DTYVSNotEligible" classname="Test Cases/VirtualShow/BODTY/DTYVSNotEligible" status="PASSED">
         <system-out><![CDATA[2019-11-15 13:52:02 - [TEST_CASE][PASSED] - Test Cases/VirtualShow/BODTY/DTYVSNotEligible: Test Cases/VirtualShow/BODTY/DTYVSNotEligible

2019-11-15 13:52:02 - [TEST_STEP][PASSED] - Start listener action : sampleBeforeTestCase: null

2019-11-15 13:52:02 - [TEST_STEP][PASSED] - println(testCaseContext.getTestCaseId()): null

2019-11-15 13:52:02 - [TEST_STEP][PASSED] - println(testCaseContext.getTestCaseVariables()): null

2019-11-15 13:52:02 - [TEST_STEP][PASSED] - sa = new org.testng.asserts.SoftAssert(): null

2019-11-15 13:52:02 - [TEST_STEP][PASSED] - dataFile = "virtualShowData": null

2019-11-15 13:52:02 - [TEST_STEP][PASSED] - guest1 = findTestData(dataFile).getValue("guest1", 1): null

2019-11-15 13:52:02 - [TEST_STEP][PASSED] - guest2 = findTestData(dataFile).getValue("guest2", 1): null

2019-11-15 13:52:02 - [TEST_STEP][PASSED] - hostess = findTestData(dataFile).getValue("hostess", 1): null

2019-11-15 13:52:02 - [TEST_STEP][PASSED] - cohostess = findTestData(dataFile).getValue("cohostess", 1): null

2019-11-15 13:52:02 - [TEST_STEP][PASSED] - dfMM = new java.text.SimpleDateFormat(MM): null

2019-11-15 13:52:02 - [TEST_STEP][PASSED] - dfDD = new java.text.SimpleDateFormat(dd): null

2019-11-15 13:52:02 - [TEST_STEP][PASSED] - dfYYYY = new java.text.SimpleDateFormat(yyyy): null

2019-11-15 13:52:02 - [TEST_STEP][PASSED] - today = getInstance().getTime(): null

2019-11-15 13:52:02 - [TEST_STEP][PASSED] - c = Calendar.getInstance(): null

2019-11-15 13:52:02 - [TEST_STEP][PASSED] - c.setTime(today): null

2019-11-15 13:52:02 - [TEST_STEP][PASSED] - c.add(DATE, 3): null

2019-11-15 13:52:02 - [TEST_STEP][PASSED] - newShowDate = c.getTime(): null

2019-11-15 13:52:02 - [TEST_STEP][PASSED] - vsyear = dfYYYY.format(newShowDate): null

2019-11-15 13:52:02 - [TEST_STEP][PASSED] - vsmonth = dfMM.format(newShowDate): null

2019-11-15 13:52:02 - [TEST_STEP][PASSED] - vsday = dfDD.format(newShowDate): null

2019-11-15 13:52:02 - [TEST_STEP][PASSED] - c.add(DATE, -2): null

2019-11-15 13:52:02 - [TEST_STEP][PASSED] - showEligDate = c.getTime(): null

2019-11-15 13:52:02 - [TEST_STEP][PASSED] - vsyearElig = dfYYYY.format(showEligDate): null

2019-11-15 13:52:02 - [TEST_STEP][PASSED] - vsmonthElig = dfMM.format(showEligDate): null

2019-11-15 13:52:02 - [TEST_STEP][PASSED] - vsdayElig = dfDD.format(showEligDate): null

2019-11-15 13:52:02 - [TEST_STEP][PASSED] - println(UtilityMethods.concat("from DTY: ", vsday, " ", vsmonth, " ", vsyear)): null

2019-11-15 13:52:02 - [TEST_STEP][PASSED] - callTestCase(findTestCase("VirtualShow/createShow"), ["testEnvt":"", "username":"", "password":"", "stylist":"", "hostess":"", "cohostess":"", "guest1":"", "guest2":"", "verifyHostess":"", ... ], CONTINUE_ON_FAILURE): Call Test Case 'Test Cases/VirtualShow/createShow' successfully

2019-11-15 13:52:02 - [TEST_CASE][PASSED] - Test Cases/VirtualShow/createShow: Test Cases/VirtualShow/createShow

2019-11-15 13:52:02 - [TEST_STEP][PASSED] - dataFile = "virtualShowData": null

2019-11-15 13:52:02 - [TEST_STEP][PASSED] - stylist = findTestData(dataFile).getValue("stylist", 1): null

2019-11-15 13:52:02 - [TEST_STEP][PASSED] - hostess = findTestData(dataFile).getValue("hostess", 1): null

2019-11-15 13:52:02 - [TEST_STEP][PASSED] - cohostess = findTestData(dataFile).getValue("cohostess", 1): null

2019-11-15 13:52:02 - [TEST_STEP][PASSED] - guest1 = findTestData(dataFile).getValue("guest1", 1): null

2019-11-15 13:52:02 - [TEST_STEP][PASSED] - guest2 = findTestData(dataFile).getValue("guest2", 1): null

2019-11-15 13:52:02 - [TEST_STEP][PASSED] - verifyGuestCount = findTestData(dataFile).getValue("verifyGuestCount", 1): null

2019-11-15 13:52:03 - [TEST_STEP][PASSED] - RSTestEnvt = findTestData("envtData").getValue("RSTestEnvt", 1): null

2019-11-15 13:52:03 - [TEST_STEP][PASSED] - openBrowser(""): Browser is opened with url: ''

2019-11-15 13:52:03 - [MESSAGE][WARNING] - A browser is already opened. Closing browser and opening a new one

2019-11-15 13:52:03 - [MESSAGE][INFO] - Starting 'Chrome' driver

2019-11-15 13:52:03 - [MESSAGE][INFO] - User set preference: ['args', '[--use-fake-ui-for-media-stream, --start-maximized]']

2019-11-15 13:52:05 - [MESSAGE][PASSED] - Browser is opened with url: ''

2019-11-15 13:52:05 - [TEST_STEP][PASSED] - maximizeWindow(): Current window maximized

2019-11-15 13:52:06 - [MESSAGE][PASSED] - Current window maximized

2019-11-15 13:52:06 - [TEST_STEP][PASSED] - callTestCase(findTestCase("TestCaseUtilities/backOfficeLogin"), ["BOURL":"", "BOuser":"", "BOpass":""], CONTINUE_ON_FAILURE): Call Test Case 'Test Cases/TestCaseUtilities/backOfficeLogin' successfully

2019-11-15 13:52:06 - [TEST_CASE][PASSED] - Test Cases/TestCaseUtilities/backOfficeLogin: Test Cases/TestCaseUtilities/backOfficeLogin

2019-11-15 13:52:06 - [TEST_STEP][PASSED] - BOURL = findTestData("envtData").getValue("BOURL", 1): null

2019-11-15 13:52:06 - [TEST_STEP][PASSED] - BOuser = findTestData("credData").getValue("BOuser", 1): null

2019-11-15 13:52:06 - [TEST_STEP][PASSED] - BOpass = findTestData("credData").getValue("BOpass", 1): null

2019-11-15 13:52:07 - [TEST_STEP][PASSED] - openBrowser(""): Browser is opened with url: ''

2019-11-15 13:52:07 - [MESSAGE][WARNING] - A browser is already opened. Closing browser and opening a new one

2019-11-15 13:52:07 - [MESSAGE][INFO] - Starting 'Chrome' driver

2019-11-15 13:52:07 - [MESSAGE][INFO] - User set preference: ['args', '[--use-fake-ui-for-media-stream, --start-maximized]']

2019-11-15 13:52:09 - [MESSAGE][PASSED] - Browser is opened with url: ''

2019-11-15 13:52:09 - [TEST_STEP][PASSED] - navigateToUrl(BOURL): Navigate to 'https://test18.cliotest.com/backoffice/control/main' successfully

2019-11-15 13:52:16 - [MESSAGE][PASSED] - Navigate to 'https://test18.cliotest.com/backoffice/control/main' successfully

2019-11-15 13:52:16 - [TEST_STEP][PASSED] - logOut = findWebElements(findTestObject("Object Repository/Page_cabi Home/log_out"), 1): Unable to find the element located by 'By.xpath: //a[contains(text(),'Log Out')]'. Please recheck the objects properties to make sure the desired element is located. 

2019-11-15 13:52:17 - [MESSAGE][INFO] - Unable to find the element located by 'By.xpath: //a[contains(text(),'Log Out')]'. Please recheck the objects properties to make sure the desired element is located. 

2019-11-15 13:52:17 - [TEST_STEP][PASSED] - if (logOut.size() == 0): Object: 'Object Repository/Page_cabi/input_Welcome to_consultantLogin' is clicked on

2019-11-15 13:52:17 - [TEST_STEP][PASSED] - setText(findTestObject("Page_cabi/input_Welcome to_USERNAME"), BOuser): Text '400000002' is set on object 'Object Repository/Page_cabi/input_Welcome to_USERNAME'

2019-11-15 13:52:17 - [MESSAGE][PASSED] - Text '400000002' is set on object 'Object Repository/Page_cabi/input_Welcome to_USERNAME'

2019-11-15 13:52:17 - [TEST_STEP][PASSED] - setText(findTestObject("Object Repository/Page_cabi/input_Welcome to_PASSWORD"), BOpass): Text 'blackdress19' is set on object 'Object Repository/Page_cabi/input_Welcome to_PASSWORD'

2019-11-15 13:52:17 - [MESSAGE][PASSED] - Text 'blackdress19' is set on object 'Object Repository/Page_cabi/input_Welcome to_PASSWORD'

2019-11-15 13:52:17 - [TEST_STEP][PASSED] - click(findTestObject("Object Repository/Page_cabi/input_Welcome to_consultantLogin")): Object: 'Object Repository/Page_cabi/input_Welcome to_consultantLogin' is clicked on

2019-11-15 13:52:25 - [MESSAGE][PASSED] - Object: 'Object Repository/Page_cabi/input_Welcome to_consultantLogin' is clicked on

2019-11-15 13:52:25 - [TEST_STEP][PASSED] - delay(3): Delayed 3 second(s)

2019-11-15 13:52:28 - [MESSAGE][PASSED] - Delayed 3 second(s)

2019-11-15 13:52:28 - [MESSAGE][PASSED] - Call Test Case 'Test Cases/TestCaseUtilities/backOfficeLogin' successfully

2019-11-15 13:52:28 - [TEST_STEP][PASSED] - verifyElementText(findTestObject("Object Repository/virualShowRSVPOR/Page_cabi/span_username"), stylist): Actual text and expected text of test object 'Object Repository/virualShowRSVPOR/Page_cabi/span_username' are matched.

2019-11-15 13:52:28 - [MESSAGE][PASSED] - Actual text and expected text of test object 'Object Repository/virualShowRSVPOR/Page_cabi/span_username' are matched.

2019-11-15 13:52:28 - [TEST_STEP][PASSED] - click(findTestObject("Object Repository/virualShowRSVPOR/Page_cabi Home/a_shows _orders")): Object: 'Object Repository/virualShowRSVPOR/Page_cabi Home/a_shows _orders' is clicked on

2019-11-15 13:52:28 - [MESSAGE][PASSED] - Object: 'Object Repository/virualShowRSVPOR/Page_cabi Home/a_shows _orders' is clicked on

2019-11-15 13:52:28 - [TEST_STEP][PASSED] - click(findTestObject("Object Repository/virualShowRSVPOR/Page_cabi Home/a_Create_A_Show")): Object: 'Object Repository/virualShowRSVPOR/Page_cabi Home/a_Create_A_Show' is clicked on

2019-11-15 13:52:30 - [MESSAGE][PASSED] - Object: 'Object Repository/virualShowRSVPOR/Page_cabi Home/a_Create_A_Show' is clicked on

2019-11-15 13:52:30 - [TEST_STEP][PASSED] - setText(findTestObject("Object Repository/virualShowRSVPOR/Page_cabi Create Show - Set Hostess/input_Hostess"), hostess): Text 'ahostess-test abc' is set on object 'Object Repository/virualShowRSVPOR/Page_cabi Create Show - Set Hostess/input_Hostess'

2019-11-15 13:52:30 - [MESSAGE][PASSED] - Text 'ahostess-test abc' is set on object 'Object Repository/virualShowRSVPOR/Page_cabi Create Show - Set Hostess/input_Hostess'

2019-11-15 13:52:30 - [TEST_STEP][PASSED] - delay(2): Delayed 2 second(s)

2019-11-15 13:52:32 - [MESSAGE][PASSED] - Delayed 2 second(s)

2019-11-15 13:52:32 - [TEST_STEP][PASSED] - sendKeys(findTestObject("Object Repository/virualShowRSVPOR/Page_cabi Create Show - Set Hostess/input_Hostess"), Keys.chord(ARROW_DOWN)): Keys 'DOWN + ' sent to object: 'Object Repository/virualShowRSVPOR/Page_cabi Create Show - Set Hostess/input_Hostess'

2019-11-15 13:52:32 - [MESSAGE][PASSED] - Keys 'DOWN + ' sent to object: 'Object Repository/virualShowRSVPOR/Page_cabi Create Show - Set Hostess/input_Hostess'

2019-11-15 13:52:32 - [TEST_STEP][PASSED] - sendKeys(findTestObject("Object Repository/virualShowRSVPOR/Page_cabi Create Show - Set Hostess/input_Hostess"), Keys.chord(ENTER)): Keys 'ENTER + ' sent to object: 'Object Repository/virualShowRSVPOR/Page_cabi Create Show - Set Hostess/input_Hostess'

2019-11-15 13:52:32 - [MESSAGE][PASSED] - Keys 'ENTER + ' sent to object: 'Object Repository/virualShowRSVPOR/Page_cabi Create Show - Set Hostess/input_Hostess'

2019-11-15 13:52:32 - [TEST_STEP][PASSED] - delay(2): Delayed 2 second(s)

2019-11-15 13:52:34 - [MESSAGE][PASSED] - Delayed 2 second(s)

2019-11-15 13:52:34 - [TEST_STEP][PASSED] - validateHostessAddressMsg = findWebElements(findTestObject("Object Repository/virualShowRSVPOR/Page_cabi Create Show - Set Hostess/validate_address_msg"), 5): null

2019-11-15 13:52:34 - [TEST_STEP][PASSED] - println(validateHostessAddressMsg.size()): null

2019-11-15 13:52:34 - [TEST_STEP][PASSED] - if (validateHostessAddressMsg.isEmpty()): null

2019-11-15 13:52:34 - [TEST_STEP][PASSED] - selectOptionByValue(findTestObject("Object Repository/virualShowRSVPOR/Page_cabi Create Show - Set Hostess/select_Choose_From_Contacts_Co-Hostess"), "3", true): All options with value '3' are selected in object 'Object Repository/virualShowRSVPOR/Page_cabi Create Show - Set Hostess/select_Choose_From_Contacts_Co-Hostess'  using regular expression

2019-11-15 13:52:35 - [MESSAGE][PASSED] - All options with value '3' are selected in object 'Object Repository/virualShowRSVPOR/Page_cabi Create Show - Set Hostess/select_Choose_From_Contacts_Co-Hostess'  using regular expression

2019-11-15 13:52:35 - [TEST_STEP][PASSED] - setText(findTestObject("Object Repository/virualShowRSVPOR/Page_cabi Create Show - Set Hostess/input_Cohostess"), cohostess): Text 'bcohost-test abc' is set on object 'Object Repository/virualShowRSVPOR/Page_cabi Create Show - Set Hostess/input_Cohostess'

2019-11-15 13:52:35 - [MESSAGE][PASSED] - Text 'bcohost-test abc' is set on object 'Object Repository/virualShowRSVPOR/Page_cabi Create Show - Set Hostess/input_Cohostess'

2019-11-15 13:52:35 - [TEST_STEP][PASSED] - delay(2): Delayed 2 second(s)

2019-11-15 13:52:37 - [MESSAGE][PASSED] - Delayed 2 second(s)

2019-11-15 13:52:37 - [TEST_STEP][PASSED] - sendKeys(findTestObject("Object Repository/virualShowRSVPOR/Page_cabi Create Show - Set Hostess/input_Cohostess"), Keys.chord(ARROW_DOWN)): Keys 'DOWN + ' sent to object: 'Object Repository/virualShowRSVPOR/Page_cabi Create Show - Set Hostess/input_Cohostess'

2019-11-15 13:52:37 - [MESSAGE][PASSED] - Keys 'DOWN + ' sent to object: 'Object Repository/virualShowRSVPOR/Page_cabi Create Show - Set Hostess/input_Cohostess'

2019-11-15 13:52:37 - [TEST_STEP][PASSED] - sendKeys(findTestObject("Object Repository/virualShowRSVPOR/Page_cabi Create Show - Set Hostess/input_Cohostess"), Keys.chord(ENTER)): Keys 'ENTER + ' sent to object: 'Object Repository/virualShowRSVPOR/Page_cabi Create Show - Set Hostess/input_Cohostess'

2019-11-15 13:52:37 - [MESSAGE][PASSED] - Keys 'ENTER + ' sent to object: 'Object Repository/virualShowRSVPOR/Page_cabi Create Show - Set Hostess/input_Cohostess'

2019-11-15 13:52:37 - [TEST_STEP][PASSED] - delay(3): Delayed 3 second(s)

2019-11-15 13:52:40 - [MESSAGE][PASSED] - Delayed 3 second(s)

2019-11-15 13:52:40 - [TEST_STEP][PASSED] - validateHostessAddressMsg = findWebElements(findTestObject("Object Repository/virualShowRSVPOR/Page_cabi Create Show - Set Hostess/validate_address_msg"), 5): null

2019-11-15 13:52:40 - [TEST_STEP][PASSED] - if (validateHostessAddressMsg.size() != 4): null

2019-11-15 13:52:40 - [TEST_STEP][PASSED] - click(findTestObject("Object Repository/virualShowRSVPOR/Page_cabi Create Show - Set Hostess/input_next")): Object: 'Object Repository/virualShowRSVPOR/Page_cabi Create Show - Set Hostess/input_next' is clicked on

2019-11-15 13:52:42 - [MESSAGE][PASSED] - Object: 'Object Repository/virualShowRSVPOR/Page_cabi Create Show - Set Hostess/input_next' is clicked on

2019-11-15 13:52:42 - [TEST_STEP][PASSED] - click(findTestObject("Object Repository/virualShowRSVPOR/Page_cabi Create Show - Time and Place/check_Virtual_Show")): Object: 'Object Repository/virualShowRSVPOR/Page_cabi Create Show - Time and Place/check_Virtual_Show' is clicked on

2019-11-15 13:52:42 - [MESSAGE][PASSED] - Object: 'Object Repository/virualShowRSVPOR/Page_cabi Create Show - Time and Place/check_Virtual_Show' is clicked on

2019-11-15 13:52:42 - [TEST_STEP][PASSED] - click(findTestObject("Object Repository/virualShowRSVPOR/Page_cabi Create Show - Time and Place/input_Show_Date_Time")): Object: 'Object Repository/virualShowRSVPOR/Page_cabi Create Show - Time and Place/input_Show_Date_Time' is clicked on

2019-11-15 13:52:42 - [MESSAGE][PASSED] - Object: 'Object Repository/virualShowRSVPOR/Page_cabi Create Show - Time and Place/input_Show_Date_Time' is clicked on

2019-11-15 13:52:42 - [TEST_STEP][PASSED] - println(UtilityMethods.concat(" ", vsday, " ", vsmonth, " ", vsyear)): null

2019-11-15 13:52:42 - [TEST_STEP][PASSED] - year = vsyear: null

2019-11-15 13:52:42 - [TEST_STEP][PASSED] - month = vsmonth: null

2019-11-15 13:52:42 - [TEST_STEP][PASSED] - day = vsday: null

2019-11-15 13:52:42 - [TEST_STEP][PASSED] - pastdate = findTestData("virtualShowData").getValue("pastdate", 1): null

2019-11-15 13:52:42 - [TEST_STEP][PASSED] - xpath = UtilityMethods.concat("//td[@data-month='" + month - 1 + "' and @data-year='" + year + "']/a[contains(text(), '" + day + "')]"): null

2019-11-15 13:52:42 - [TEST_STEP][PASSED] - dateObj = new com.kms.katalon.core.testobject.TestObject(td_month_year_day): null

2019-11-15 13:52:42 - [TEST_STEP][PASSED] - dateObj.addProperty("xpath", EQUALS, xpath): null

2019-11-15 13:52:42 - [TEST_STEP][PASSED] - monthBound = 12: null

2019-11-15 13:52:42 - [TEST_STEP][PASSED] - dateObjList = findWebElements(dateObj, 5): null

2019-11-15 13:52:42 - [TEST_STEP][PASSED] - while (dateObjList.size() == 0 && monthBound > 0): null

2019-11-15 13:52:42 - [TEST_STEP][PASSED] - click(dateObj): Object: 'td_month_year_day' is clicked on

2019-11-15 13:52:42 - [MESSAGE][PASSED] - Object: 'td_month_year_day' is clicked on

2019-11-15 13:52:42 - [TEST_STEP][PASSED] - click(findTestObject("Object Repository/virualShowRSVPOR/Page_cabi Create Show - Time and Place/a_select_End_Time")): Object: 'Object Repository/virualShowRSVPOR/Page_cabi Create Show - Time and Place/a_select_End_Time' is clicked on

2019-11-15 13:52:42 - [MESSAGE][PASSED] - Object: 'Object Repository/virualShowRSVPOR/Page_cabi Create Show - Time and Place/a_select_End_Time' is clicked on

2019-11-15 13:52:42 - [TEST_STEP][PASSED] - click(findTestObject("Object Repository/virualShowRSVPOR/Page_cabi Create Show - Time and Place/input_next")): Object: 'Object Repository/virualShowRSVPOR/Page_cabi Create Show - Time and Place/input_next' is clicked on

2019-11-15 13:52:43 - [MESSAGE][PASSED] - Object: 'Object Repository/virualShowRSVPOR/Page_cabi Create Show - Time and Place/input_next' is clicked on

2019-11-15 13:52:43 - [TEST_STEP][PASSED] - delay(5): Delayed 5 second(s)

2019-11-15 13:52:48 - [MESSAGE][PASSED] - Delayed 5 second(s)

2019-11-15 13:52:48 - [TEST_STEP][PASSED] - click(findTestObject("Object Repository/virualShowRSVPOR/Page_cabi Create Show - Invite Hostess/input_Skip_Invite")): Object: 'Object Repository/virualShowRSVPOR/Page_cabi Create Show - Invite Hostess/input_Skip_Invite' is clicked on

2019-11-15 13:52:49 - [MESSAGE][PASSED] - Object: 'Object Repository/virualShowRSVPOR/Page_cabi Create Show - Invite Hostess/input_Skip_Invite' is clicked on

2019-11-15 13:52:49 - [TEST_STEP][PASSED] - setText(findTestObject("Object Repository/virualShowRSVPOR/Page_cabi Edit Show - Add Guests/contact_search_box"), guest1): Text 'guest1-test abc' is set on object 'Object Repository/virualShowRSVPOR/Page_cabi Edit Show - Add Guests/contact_search_box'

2019-11-15 13:52:50 - [MESSAGE][PASSED] - Text 'guest1-test abc' is set on object 'Object Repository/virualShowRSVPOR/Page_cabi Edit Show - Add Guests/contact_search_box'

2019-11-15 13:52:50 - [TEST_STEP][PASSED] - delay(2): Delayed 2 second(s)

2019-11-15 13:52:52 - [MESSAGE][PASSED] - Delayed 2 second(s)

2019-11-15 13:52:52 - [TEST_STEP][PASSED] - sendKeys(findTestObject("Object Repository/virualShowRSVPOR/Page_cabi Edit Show - Add Guests/contact_search_box"), Keys.chord(ARROW_DOWN)): Keys 'DOWN + ' sent to object: 'Object Repository/virualShowRSVPOR/Page_cabi Edit Show - Add Guests/contact_search_box'

2019-11-15 13:52:52 - [MESSAGE][PASSED] - Keys 'DOWN + ' sent to object: 'Object Repository/virualShowRSVPOR/Page_cabi Edit Show - Add Guests/contact_search_box'

2019-11-15 13:52:52 - [TEST_STEP][PASSED] - sendKeys(findTestObject("Object Repository/virualShowRSVPOR/Page_cabi Edit Show - Add Guests/contact_search_box"), Keys.chord(ENTER)): Keys 'ENTER + ' sent to object: 'Object Repository/virualShowRSVPOR/Page_cabi Edit Show - Add Guests/contact_search_box'

2019-11-15 13:52:52 - [MESSAGE][PASSED] - Keys 'ENTER + ' sent to object: 'Object Repository/virualShowRSVPOR/Page_cabi Edit Show - Add Guests/contact_search_box'

2019-11-15 13:52:52 - [TEST_STEP][PASSED] - delay(2): Delayed 2 second(s)

2019-11-15 13:52:54 - [MESSAGE][PASSED] - Delayed 2 second(s)

2019-11-15 13:52:54 - [TEST_STEP][PASSED] - click(findTestObject("Object Repository/virualShowRSVPOR/Page_cabi Edit Show - Add Guests/a_add_guest")): Object: 'Object Repository/virualShowRSVPOR/Page_cabi Edit Show - Add Guests/a_add_guest' is clicked on

2019-11-15 13:52:55 - [MESSAGE][PASSED] - Object: 'Object Repository/virualShowRSVPOR/Page_cabi Edit Show - Add Guests/a_add_guest' is clicked on

2019-11-15 13:52:55 - [TEST_STEP][PASSED] - delay(5): Delayed 5 second(s)

2019-11-15 13:53:00 - [MESSAGE][PASSED] - Delayed 5 second(s)

2019-11-15 13:53:00 - [TEST_STEP][PASSED] - setText(findTestObject("Object Repository/virualShowRSVPOR/Page_cabi Edit Show - Add Guests/contact_search_box"), guest2): Text 'guest2-test abc' is set on object 'Object Repository/virualShowRSVPOR/Page_cabi Edit Show - Add Guests/contact_search_box'

2019-11-15 13:53:00 - [MESSAGE][PASSED] - Text 'guest2-test abc' is set on object 'Object Repository/virualShowRSVPOR/Page_cabi Edit Show - Add Guests/contact_search_box'

2019-11-15 13:53:00 - [TEST_STEP][PASSED] - delay(2): Delayed 2 second(s)

2019-11-15 13:53:02 - [MESSAGE][PASSED] - Delayed 2 second(s)

2019-11-15 13:53:02 - [TEST_STEP][PASSED] - sendKeys(findTestObject("Object Repository/virualShowRSVPOR/Page_cabi Edit Show - Add Guests/contact_search_box"), Keys.chord(ARROW_DOWN)): Keys 'DOWN + ' sent to object: 'Object Repository/virualShowRSVPOR/Page_cabi Edit Show - Add Guests/contact_search_box'

2019-11-15 13:53:02 - [MESSAGE][PASSED] - Keys 'DOWN + ' sent to object: 'Object Repository/virualShowRSVPOR/Page_cabi Edit Show - Add Guests/contact_search_box'

2019-11-15 13:53:02 - [TEST_STEP][PASSED] - sendKeys(findTestObject("Object Repository/virualShowRSVPOR/Page_cabi Edit Show - Add Guests/contact_search_box"), Keys.chord(ENTER)): Keys 'ENTER + ' sent to object: 'Object Repository/virualShowRSVPOR/Page_cabi Edit Show - Add Guests/contact_search_box'

2019-11-15 13:53:02 - [MESSAGE][PASSED] - Keys 'ENTER + ' sent to object: 'Object Repository/virualShowRSVPOR/Page_cabi Edit Show - Add Guests/contact_search_box'

2019-11-15 13:53:02 - [TEST_STEP][PASSED] - delay(2): Delayed 2 second(s)

2019-11-15 13:53:04 - [MESSAGE][PASSED] - Delayed 2 second(s)

2019-11-15 13:53:04 - [TEST_STEP][PASSED] - click(findTestObject("Object Repository/virualShowRSVPOR/Page_cabi Edit Show - Add Guests/a_add_guest")): Object: 'Object Repository/virualShowRSVPOR/Page_cabi Edit Show - Add Guests/a_add_guest' is clicked on

2019-11-15 13:53:05 - [MESSAGE][PASSED] - Object: 'Object Repository/virualShowRSVPOR/Page_cabi Edit Show - Add Guests/a_add_guest' is clicked on

2019-11-15 13:53:05 - [TEST_STEP][PASSED] - delay(2): Delayed 2 second(s)

2019-11-15 13:53:07 - [MESSAGE][PASSED] - Delayed 2 second(s)

2019-11-15 13:53:07 - [TEST_STEP][PASSED] - verifyHostess = UtilityMethods.splitPersonName(hostess): null

2019-11-15 13:53:07 - [TEST_STEP][PASSED] - verifyCohostess = UtilityMethods.splitPersonName(cohostess): null

2019-11-15 13:53:07 - [TEST_STEP][PASSED] - verifyGuest1 = UtilityMethods.splitPersonName(guest1): null

2019-11-15 13:53:07 - [TEST_STEP][PASSED] - verifyGuest2 = UtilityMethods.splitPersonName(guest2): null

2019-11-15 13:53:07 - [TEST_STEP][PASSED] - verifyElementText(findTestObject("Object Repository/virualShowRSVPOR/Page_cabi Edit Show - Add Guests/span_hostess_name"), UtilityMethods.concat(verifyHostess[1], ", ", verifyHostess[0])): Actual text and expected text of test object 'Object Repository/virualShowRSVPOR/Page_cabi Edit Show - Add Guests/span_hostess_name' are matched.

2019-11-15 13:53:07 - [MESSAGE][PASSED] - Actual text and expected text of test object 'Object Repository/virualShowRSVPOR/Page_cabi Edit Show - Add Guests/span_hostess_name' are matched.

2019-11-15 13:53:07 - [TEST_STEP][PASSED] - verifyElementText(findTestObject("Object Repository/virualShowRSVPOR/Page_cabi Edit Show - Add Guests/span_cohostess_name"), UtilityMethods.concat(verifyCohostess[1], ", ", verifyCohostess[0])): Actual text and expected text of test object 'Object Repository/virualShowRSVPOR/Page_cabi Edit Show - Add Guests/span_cohostess_name' are matched.

2019-11-15 13:53:07 - [MESSAGE][PASSED] - Actual text and expected text of test object 'Object Repository/virualShowRSVPOR/Page_cabi Edit Show - Add Guests/span_cohostess_name' are matched.

2019-11-15 13:53:07 - [TEST_STEP][PASSED] - listElement = findWebElements(findTestObject("Object Repository/virualShowRSVPOR/Page_cabi Edit Show - Add Guests/span_guest_name_list"), 5): null

2019-11-15 13:53:07 - [TEST_STEP][PASSED] - guestCount = Integer.parseInt(verifyGuestCount): null

2019-11-15 13:53:07 - [TEST_STEP][PASSED] - assert listElement.size() == guestCount: null

2019-11-15 13:53:07 - [TEST_STEP][PASSED] - flag = false: null

2019-11-15 13:53:07 - [TEST_STEP][PASSED] - for ([i = 0, i < guestCount, (i++)]): null

2019-11-15 13:53:07 - [TEST_STEP][PASSED] - flag = false: null

2019-11-15 13:53:07 - [TEST_STEP][PASSED] - if (getText().equals(UtilityMethods.concat(verifyGuest1[1], ", ", verifyGuest1[0]))): null

2019-11-15 13:53:07 - [TEST_STEP][PASSED] - flag = true: null

2019-11-15 13:53:07 - [TEST_STEP][PASSED] - if (getText().equals(UtilityMethods.concat(verifyGuest2[1], ", ", verifyGuest2[0]))): null

2019-11-15 13:53:07 - [TEST_STEP][PASSED] - flag = false: null

2019-11-15 13:53:07 - [TEST_STEP][PASSED] - if (getText().equals(UtilityMethods.concat(verifyGuest1[1], ", ", verifyGuest1[0]))): null

2019-11-15 13:53:07 - [TEST_STEP][PASSED] - if (getText().equals(UtilityMethods.concat(verifyGuest2[1], ", ", verifyGuest2[0]))): null

2019-11-15 13:53:07 - [TEST_STEP][PASSED] - flag = true: null

2019-11-15 13:53:07 - [TEST_STEP][PASSED] - assert flag == true: null

2019-11-15 13:53:07 - [TEST_STEP][PASSED] - click(findTestObject("Object Repository/virualShowRSVPOR/Page_cabi Edit Show - Add Guests/input_Next")): Object: 'Object Repository/virualShowRSVPOR/Page_cabi Edit Show - Add Guests/input_Next' is clicked on

2019-11-15 13:53:09 - [MESSAGE][PASSED] - Object: 'Object Repository/virualShowRSVPOR/Page_cabi Edit Show - Add Guests/input_Next' is clicked on

2019-11-15 13:53:09 - [TEST_STEP][PASSED] - delay(5): Delayed 5 second(s)

2019-11-15 13:53:14 - [MESSAGE][PASSED] - Delayed 5 second(s)

2019-11-15 13:53:14 - [TEST_STEP][PASSED] - click(findTestObject("Object Repository/virualShowRSVPOR/Page_cabi Edit Show - Send Invitations/input_Overview")): Object: 'Object Repository/virualShowRSVPOR/Page_cabi Edit Show - Send Invitations/input_Overview' is clicked on

2019-11-15 13:53:16 - [MESSAGE][PASSED] - Object: 'Object Repository/virualShowRSVPOR/Page_cabi Edit Show - Send Invitations/input_Overview' is clicked on

2019-11-15 13:53:16 - [TEST_STEP][PASSED] - showID = getText(findTestObject("Object Repository/virualShowRSVPOR/Page_cabi Orders/li_Show_ID_Text")): Text of object 'Object Repository/virualShowRSVPOR/Page_cabi Orders/li_Show_ID_Text' is: 'Show #: 104831407'

2019-11-15 13:53:16 - [MESSAGE][PASSED] - Text of object 'Object Repository/virualShowRSVPOR/Page_cabi Orders/li_Show_ID_Text' is: 'Show #: 104831407'

2019-11-15 13:53:16 - [TEST_STEP][PASSED] - rightClick(findTestObject("Object Repository/virualShowRSVPOR/Page_cabi Orders/a_Account")): Object: 'Object Repository/virualShowRSVPOR/Page_cabi Orders/a_Account' is right clicked on

2019-11-15 13:53:16 - [MESSAGE][PASSED] - Object: 'Object Repository/virualShowRSVPOR/Page_cabi Orders/a_Account' is right clicked on

2019-11-15 13:53:16 - [TEST_STEP][PASSED] - click(findTestObject("Object Repository/virualShowRSVPOR/Page_cabi Orders/a_My Profile")): Object: 'Object Repository/virualShowRSVPOR/Page_cabi Orders/a_My Profile' is clicked on

2019-11-15 13:53:18 - [MESSAGE][PASSED] - Object: 'Object Repository/virualShowRSVPOR/Page_cabi Orders/a_My Profile' is clicked on

2019-11-15 13:53:18 - [TEST_STEP][PASSED] - rsName = getText(findTestObject("Object Repository/virualShowRSVPOR/Page_cabi My Profile/span_rsName")): Text of object 'Object Repository/virualShowRSVPOR/Page_cabi My Profile/span_rsName' is: 'MirandaKate'

2019-11-15 13:53:18 - [MESSAGE][PASSED] - Text of object 'Object Repository/virualShowRSVPOR/Page_cabi My Profile/span_rsName' is: 'MirandaKate'

2019-11-15 13:53:18 - [TEST_STEP][PASSED] - micrositeURL = UtilityMethods.createURL(rsName, RSTestEnvt, showID): null

2019-11-15 13:53:18 - [TEST_STEP][PASSED] - println(micrositeURL): null

2019-11-15 13:53:18 - [TEST_STEP][PASSED] - back(): Navigate back successfully

2019-11-15 13:53:19 - [MESSAGE][PASSED] - Navigate back successfully

2019-11-15 13:53:19 - [MESSAGE][PASSED] - Call Test Case 'Test Cases/VirtualShow/createShow' successfully

2019-11-15 13:53:19 - [TEST_STEP][PASSED] - click(findTestObject("Object Repository/virualShowRSVPOR/Page_cabi Edit Show - Send Invitations/a_orders")): Object: 'Object Repository/virualShowRSVPOR/Page_cabi Edit Show - Send Invitations/a_orders' is clicked on

2019-11-15 13:53:20 - [MESSAGE][PASSED] - Object: 'Object Repository/virualShowRSVPOR/Page_cabi Edit Show - Send Invitations/a_orders' is clicked on

2019-11-15 13:53:20 - [TEST_STEP][PASSED] - g1Vars = UtilityMethods.splitPersonName(guest1): null

2019-11-15 13:53:20 - [TEST_STEP][PASSED] - g1Var = UtilityMethods.concat(g1Vars[1], ", ", g1Vars[0]): null

2019-11-15 13:53:20 - [TEST_STEP][PASSED] - buttonPlaceOrder = UtilityMethods.createTestObject("buttoPlaceOrder", "//table[@class='show-order-table']/tbody/tr/td/span[contains(text(), '", g1Var, "')]/parent::td/following-sibling::td[1]/button"): null

2019-11-15 13:53:20 - [TEST_STEP][PASSED] - click(buttonPlaceOrder): Object: 'buttoPlaceOrder' is clicked on

2019-11-15 13:53:23 - [MESSAGE][PASSED] - Object: 'buttoPlaceOrder' is clicked on

2019-11-15 13:53:23 - [TEST_STEP][PASSED] - delay(3): Delayed 3 second(s)

2019-11-15 13:53:26 - [MESSAGE][PASSED] - Delayed 3 second(s)

2019-11-15 13:53:26 - [TEST_STEP][PASSED] - DTYMsg = UtilityMethods.concat("This order will become eligible for "Direct to You" shipping after ", vsmonthElig, "/", vsdayElig, "."): null

2019-11-15 13:53:26 - [TEST_STEP][PASSED] - println(getText(findTestObject("Object Repository/virualShowRSVPOR/DTY/label_DtyEligibility"))): Text of object 'Object Repository/virualShowRSVPOR/DTY/label_DtyEligibility' is: 'This order will become eligible for "Direct to You" shipping after 11/16.'

2019-11-15 13:53:26 - [MESSAGE][PASSED] - Text of object 'Object Repository/virualShowRSVPOR/DTY/label_DtyEligibility' is: 'This order will become eligible for "Direct to You" shipping after 11/16.'

2019-11-15 13:53:26 - [TEST_STEP][PASSED] - verifyElementText(findTestObject("Object Repository/virualShowRSVPOR/DTY/label_DtyEligibility"), DTYMsg, CONTINUE_ON_FAILURE): Actual text and expected text of test object 'Object Repository/virualShowRSVPOR/DTY/label_DtyEligibility' are matched.

2019-11-15 13:53:26 - [MESSAGE][PASSED] - Actual text and expected text of test object 'Object Repository/virualShowRSVPOR/DTY/label_DtyEligibility' are matched.

2019-11-15 13:53:26 - [TEST_STEP][PASSED] - check(findTestObject("Object Repository/Page_cabi Home/a_same_shipping_address")): Object 'Object Repository/Page_cabi Home/a_same_shipping_address' is checked

2019-11-15 13:53:26 - [MESSAGE][PASSED] - Object 'Object Repository/Page_cabi Home/a_same_shipping_address' is checked

2019-11-15 13:53:26 - [TEST_STEP][PASSED] - delay(3): Delayed 3 second(s)

2019-11-15 13:53:29 - [MESSAGE][PASSED] - Delayed 3 second(s)

2019-11-15 13:53:29 - [TEST_STEP][PASSED] - driver = getWebDriver(): null

2019-11-15 13:53:29 - [TEST_STEP][PASSED] - executor = driver: null

2019-11-15 13:53:29 - [TEST_STEP][PASSED] - executor.executeScript("arguments[0].click();", findWebElement(findTestObject("Object Repository/Page_cabi Home/a_order_items"), 5)): null

2019-11-15 13:53:29 - [TEST_STEP][PASSED] - click(findTestObject("Object Repository/Page_cabi Retail Store/span_quick_entry")): Object: 'Object Repository/Page_cabi Retail Store/span_quick_entry' is clicked on

2019-11-15 13:53:33 - [MESSAGE][PASSED] - Object: 'Object Repository/Page_cabi Retail Store/span_quick_entry' is clicked on

2019-11-15 13:53:33 - [TEST_STEP][PASSED] - delay(3): Delayed 3 second(s)

2019-11-15 13:53:36 - [MESSAGE][PASSED] - Delayed 3 second(s)

2019-11-15 13:53:36 - [TEST_STEP][PASSED] - emptyCart = findWebElements(findTestObject("Object Repository/Page_cabi Personal Store/removeFromCart"), 5): Unable to find the element located by 'By.xpath: //*[@id="removeFromCart_0"]/span'. Please recheck the objects properties to make sure the desired element is located. 

2019-11-15 13:53:41 - [MESSAGE][INFO] - Unable to find the element located by 'By.xpath: //*[@id="removeFromCart_0"]/span'. Please recheck the objects properties to make sure the desired element is located. 

2019-11-15 13:53:41 - [TEST_STEP][PASSED] - if (emptyCart.size() > 0): null

2019-11-15 13:53:41 - [TEST_STEP][PASSED] - addOnStyle = findTestData("miscData").getValue("addOnStyle", 1): null

2019-11-15 13:53:41 - [TEST_STEP][PASSED] - addOnStyle2 = findTestData("miscData").getValue("addOnStyle", 2): null

2019-11-15 13:53:41 - [TEST_STEP][PASSED] - setText(findTestObject("Object Repository/Page_cabi Create Order/input_Manual Discount_stylelookup_0"), addOnStyle): Text '3701' is set on object 'Object Repository/Page_cabi Create Order/input_Manual Discount_stylelookup_0'

2019-11-15 13:53:41 - [MESSAGE][PASSED] - Text '3701' is set on object 'Object Repository/Page_cabi Create Order/input_Manual Discount_stylelookup_0'

2019-11-15 13:53:41 - [TEST_STEP][PASSED] - delay(2): Delayed 2 second(s)

2019-11-15 13:53:43 - [MESSAGE][PASSED] - Delayed 2 second(s)

2019-11-15 13:53:43 - [TEST_STEP][PASSED] - sendKeys(findTestObject("Object Repository/Page_cabi Create Order/input_Manual Discount_stylelookup_0"), Keys.chord(ARROW_DOWN)): Keys 'DOWN + ' sent to object: 'Object Repository/Page_cabi Create Order/input_Manual Discount_stylelookup_0'

2019-11-15 13:53:43 - [MESSAGE][PASSED] - Keys 'DOWN + ' sent to object: 'Object Repository/Page_cabi Create Order/input_Manual Discount_stylelookup_0'

2019-11-15 13:53:43 - [TEST_STEP][PASSED] - delay(2): Delayed 2 second(s)

2019-11-15 13:53:45 - [MESSAGE][PASSED] - Delayed 2 second(s)

2019-11-15 13:53:45 - [TEST_STEP][PASSED] - sendKeys(findTestObject("Object Repository/Page_cabi Create Order/input_Manual Discount_stylelookup_0"), Keys.chord(ARROW_DOWN)): Keys 'DOWN + ' sent to object: 'Object Repository/Page_cabi Create Order/input_Manual Discount_stylelookup_0'

2019-11-15 13:53:45 - [MESSAGE][PASSED] - Keys 'DOWN + ' sent to object: 'Object Repository/Page_cabi Create Order/input_Manual Discount_stylelookup_0'

2019-11-15 13:53:45 - [TEST_STEP][PASSED] - sendKeys(findTestObject("Object Repository/Page_cabi Create Order/input_Manual Discount_stylelookup_0"), Keys.chord(ENTER)): Keys 'ENTER + ' sent to object: 'Object Repository/Page_cabi Create Order/input_Manual Discount_stylelookup_0'

2019-11-15 13:53:45 - [MESSAGE][PASSED] - Keys 'ENTER + ' sent to object: 'Object Repository/Page_cabi Create Order/input_Manual Discount_stylelookup_0'

2019-11-15 13:53:45 - [TEST_STEP][PASSED] - delay(5): Delayed 5 second(s)

2019-11-15 13:53:50 - [MESSAGE][PASSED] - Delayed 5 second(s)

2019-11-15 13:53:50 - [TEST_STEP][PASSED] - click(findTestObject("Object Repository/Page_cabi Order Items/selectSize")): Object: 'Object Repository/Page_cabi Order Items/selectSize' is clicked on

2019-11-15 13:53:50 - [MESSAGE][PASSED] - Object: 'Object Repository/Page_cabi Order Items/selectSize' is clicked on

2019-11-15 13:53:50 - [TEST_STEP][PASSED] - delay(3): Delayed 3 second(s)

2019-11-15 13:53:53 - [MESSAGE][PASSED] - Delayed 3 second(s)

2019-11-15 13:53:53 - [TEST_STEP][PASSED] - click(findTestObject("Object Repository/Page_cabi Order Items/span_Add to Cart")): Object: 'Object Repository/Page_cabi Order Items/span_Add to Cart' is clicked on

2019-11-15 13:53:54 - [MESSAGE][PASSED] - Object: 'Object Repository/Page_cabi Order Items/span_Add to Cart' is clicked on

2019-11-15 13:53:54 - [TEST_STEP][PASSED] - delay(5): Delayed 5 second(s)

2019-11-15 13:53:59 - [MESSAGE][PASSED] - Delayed 5 second(s)

2019-11-15 13:53:59 - [TEST_STEP][PASSED] - click(findTestObject("Object Repository/Page_cabi Order Items/a_next")): Object: 'Object Repository/Page_cabi Order Items/a_next' is clicked on

2019-11-15 13:53:59 - [MESSAGE][PASSED] - Object: 'Object Repository/Page_cabi Order Items/a_next' is clicked on

2019-11-15 13:53:59 - [TEST_STEP][PASSED] - delay(3): Delayed 3 second(s)

2019-11-15 13:54:02 - [MESSAGE][PASSED] - Delayed 3 second(s)

2019-11-15 13:54:02 - [TEST_STEP][PASSED] - verifyElementText(findTestObject("Object Repository/Page_cabi Shipping/label_DTYMsg1"), "This order is not yet eligible for "Direct to You" shipping.", CONTINUE_ON_FAILURE): Actual text and expected text of test object 'Object Repository/Page_cabi Shipping/label_DTYMsg1' are matched.

2019-11-15 13:54:02 - [MESSAGE][PASSED] - Actual text and expected text of test object 'Object Repository/Page_cabi Shipping/label_DTYMsg1' are matched.

2019-11-15 13:54:02 - [TEST_STEP][PASSED] - delay(1): Delayed 1 second(s)

2019-11-15 13:54:03 - [MESSAGE][PASSED] - Delayed 1 second(s)

2019-11-15 13:54:03 - [TEST_STEP][PASSED] - verifyElementText(findTestObject("Object Repository/Page_cabi Shipping/label_DTYMsg2"), ""Direct to You" order must be paid by credit card or cabi Gift Card.", CONTINUE_ON_FAILURE): Actual text and expected text of test object 'Object Repository/Page_cabi Shipping/label_DTYMsg2' are matched.

2019-11-15 13:54:03 - [MESSAGE][PASSED] - Actual text and expected text of test object 'Object Repository/Page_cabi Shipping/label_DTYMsg2' are matched.

2019-11-15 13:54:03 - [TEST_STEP][PASSED] - delay(1): Delayed 1 second(s)

2019-11-15 13:54:04 - [MESSAGE][PASSED] - Delayed 1 second(s)

2019-11-15 13:54:04 - [TEST_STEP][PASSED] - verifyElementText(findTestObject("Object Repository/Page_cabi Shipping/label_DTYMsg3"), ""Direct to You" order can start being placed 2 days before the show date.", CONTINUE_ON_FAILURE): Actual text and expected text of test object 'Object Repository/Page_cabi Shipping/label_DTYMsg3' are matched.

2019-11-15 13:54:04 - [MESSAGE][PASSED] - Actual text and expected text of test object 'Object Repository/Page_cabi Shipping/label_DTYMsg3' are matched.

2019-11-15 13:54:04 - [TEST_STEP][PASSED] - delay(1): Delayed 1 second(s)

2019-11-15 13:54:05 - [MESSAGE][PASSED] - Delayed 1 second(s)

2019-11-15 13:54:05 - [TEST_STEP][PASSED] - hasAtributeDisabled = verifyElementHasAttribute(findTestObject("Object Repository/Page_cabi Shipping/check_as_dty_order"), "disabled", 20, CONTINUE_ON_FAILURE): Object 'Object Repository/Page_cabi Shipping/check_as_dty_order' has attribute 'disabled'

2019-11-15 13:54:05 - [MESSAGE][PASSED] - Object 'Object Repository/Page_cabi Shipping/check_as_dty_order' has attribute 'disabled'

2019-11-15 13:54:05 - [TEST_STEP][PASSED] - if (hasAtributeDisabled): Object 'Object Repository/Page_cabi Shipping/check_as_dty_order' has attribute 'disabled' with value 'true'

2019-11-15 13:54:05 - [TEST_STEP][PASSED] - verifyElementAttributeValue(findTestObject("Object Repository/Page_cabi Shipping/check_as_dty_order"), "disabled", "true", 20): Object 'Object Repository/Page_cabi Shipping/check_as_dty_order' has attribute 'disabled' with value 'true'

2019-11-15 13:54:05 - [MESSAGE][PASSED] - Object 'Object Repository/Page_cabi Shipping/check_as_dty_order' has attribute 'disabled' with value 'true'

2019-11-15 13:54:05 - [TEST_STEP][PASSED] - span_place_dty_order_greys = findWebElements(findTestObject("Object Repository/Page_cabi Shipping/span_place_dty_order_grey"), 20): null

2019-11-15 13:54:05 - [TEST_STEP][PASSED] - if (span_place_dty_order_greys.size() != 1): null

2019-11-15 13:54:05 - [TEST_STEP][PASSED] - verifyElementHasAttribute(findTestObject("Page_cabi Shipping/span_dty_checkmark_grey"), "style", 20, CONTINUE_ON_FAILURE): Object 'Object Repository/Page_cabi Shipping/span_dty_checkmark_grey' has attribute 'style'

2019-11-15 13:54:05 - [MESSAGE][PASSED] - Object 'Object Repository/Page_cabi Shipping/span_dty_checkmark_grey' has attribute 'style'

2019-11-15 13:54:05 - [TEST_STEP][PASSED] - verifyElementAttributeValue(findTestObject("Object Repository/Page_cabi Shipping/span_dty_checkmark_grey"), "style", "background-color: rgb(211, 211, 211); cursor: default;", 20): Object 'Object Repository/Page_cabi Shipping/span_dty_checkmark_grey' has attribute 'style' with value 'background-color: rgb(211, 211, 211); cursor: default;'

2019-11-15 13:54:05 - [MESSAGE][PASSED] - Object 'Object Repository/Page_cabi Shipping/span_dty_checkmark_grey' has attribute 'style' with value 'background-color: rgb(211, 211, 211); cursor: default;'

2019-11-15 13:54:05 - [TEST_STEP][PASSED] - delay(1): Delayed 1 second(s)

2019-11-15 13:54:06 - [MESSAGE][PASSED] - Delayed 1 second(s)

2019-11-15 13:54:06 - [TEST_STEP][PASSED] - click(findTestObject("Object Repository/Page_cabi Shipping/a_show_order_checkout_next")): Object: 'Object Repository/Page_cabi Shipping/a_show_order_checkout_next' is clicked on

2019-11-15 13:54:06 - [MESSAGE][PASSED] - Object: 'Object Repository/Page_cabi Shipping/a_show_order_checkout_next' is clicked on

2019-11-15 13:54:06 - [TEST_STEP][PASSED] - delay(1): Delayed 1 second(s)

2019-11-15 13:54:07 - [MESSAGE][PASSED] - Delayed 1 second(s)

2019-11-15 13:54:07 - [TEST_STEP][PASSED] - click(findTestObject("Object Repository/Page_cabi Shipping/a_make_first_payment")): Object: 'Object Repository/Page_cabi Shipping/a_make_first_payment' is clicked on

2019-11-15 13:54:08 - [MESSAGE][PASSED] - Object: 'Object Repository/Page_cabi Shipping/a_make_first_payment' is clicked on

2019-11-15 13:54:08 - [TEST_STEP][PASSED] - delay(3): Delayed 3 second(s)

2019-11-15 13:54:11 - [MESSAGE][PASSED] - Delayed 3 second(s)

2019-11-15 13:54:11 - [TEST_STEP][PASSED] - paymentOptions = findWebElements(findTestObject("Page_cabi Shipping/select_payment_options"), 20): null

2019-11-15 13:54:11 - [TEST_STEP][PASSED] - get(0).getAttribute(addOnStyle): null

2019-11-15 13:54:11 - [TEST_STEP][PASSED] - validPayOption = true: null

2019-11-15 13:54:11 - [TEST_STEP][PASSED] - for (org.openqa.selenium.WebElement we : paymentOptions): null

2019-11-15 13:54:11 - [TEST_STEP][PASSED] - option = we.getText(): null

2019-11-15 13:54:11 - [TEST_STEP][PASSED] - validPayOption = false: null

2019-11-15 13:54:11 - [TEST_STEP][PASSED] - if (option.matches(".*[^\d]\d{4}$") || option.equalsIgnoreCase("Gift Card") || option.equalsIgnoreCase("Add New Credit Card") || option.equalsIgnoreCase("Cash") || option.equalsIgnoreCase("Check")): null

2019-11-15 13:54:11 - [TEST_STEP][PASSED] - validPayOption = true: null

2019-11-15 13:54:11 - [TEST_STEP][PASSED] - option = we.getText(): null

2019-11-15 13:54:11 - [TEST_STEP][PASSED] - validPayOption = false: null

2019-11-15 13:54:11 - [TEST_STEP][PASSED] - if (option.matches(".*[^\d]\d{4}$") || option.equalsIgnoreCase("Gift Card") || option.equalsIgnoreCase("Add New Credit Card") || option.equalsIgnoreCase("Cash") || option.equalsIgnoreCase("Check")): null

2019-11-15 13:54:11 - [TEST_STEP][PASSED] - validPayOption = true: null

2019-11-15 13:54:11 - [TEST_STEP][PASSED] - option = we.getText(): null

2019-11-15 13:54:11 - [TEST_STEP][PASSED] - validPayOption = false: null

2019-11-15 13:54:11 - [TEST_STEP][PASSED] - if (option.matches(".*[^\d]\d{4}$") || option.equalsIgnoreCase("Gift Card") || option.equalsIgnoreCase("Add New Credit Card") || option.equalsIgnoreCase("Cash") || option.equalsIgnoreCase("Check")): null

2019-11-15 13:54:11 - [TEST_STEP][PASSED] - validPayOption = true: null

2019-11-15 13:54:11 - [TEST_STEP][PASSED] - option = we.getText(): null

2019-11-15 13:54:11 - [TEST_STEP][PASSED] - validPayOption = false: null

2019-11-15 13:54:11 - [TEST_STEP][PASSED] - if (option.matches(".*[^\d]\d{4}$") || option.equalsIgnoreCase("Gift Card") || option.equalsIgnoreCase("Add New Credit Card") || option.equalsIgnoreCase("Cash") || option.equalsIgnoreCase("Check")): null

2019-11-15 13:54:11 - [TEST_STEP][PASSED] - validPayOption = true: null

2019-11-15 13:54:11 - [TEST_STEP][PASSED] - option = we.getText(): null

2019-11-15 13:54:11 - [TEST_STEP][PASSED] - validPayOption = false: null

2019-11-15 13:54:11 - [TEST_STEP][PASSED] - if (option.matches(".*[^\d]\d{4}$") || option.equalsIgnoreCase("Gift Card") || option.equalsIgnoreCase("Add New Credit Card") || option.equalsIgnoreCase("Cash") || option.equalsIgnoreCase("Check")): null

2019-11-15 13:54:11 - [TEST_STEP][PASSED] - validPayOption = true: null

2019-11-15 13:54:11 - [TEST_STEP][PASSED] - option = we.getText(): null

2019-11-15 13:54:11 - [TEST_STEP][PASSED] - validPayOption = false: null

2019-11-15 13:54:11 - [TEST_STEP][PASSED] - if (option.matches(".*[^\d]\d{4}$") || option.equalsIgnoreCase("Gift Card") || option.equalsIgnoreCase("Add New Credit Card") || option.equalsIgnoreCase("Cash") || option.equalsIgnoreCase("Check")): null

2019-11-15 13:54:11 - [TEST_STEP][PASSED] - validPayOption = true: null

2019-11-15 13:54:11 - [TEST_STEP][PASSED] - sa.assertTrue(validPayOption): null

2019-11-15 13:54:11 - [TEST_STEP][PASSED] - delay(3): Delayed 3 second(s)

2019-11-15 13:54:14 - [MESSAGE][PASSED] - Delayed 3 second(s)

2019-11-15 13:54:14 - [TEST_STEP][PASSED] - DTYMsgs = findWebElements(findTestObject("Object Repository/Page_cabi Shipping/li_DTY_payment_info"), 5): null

2019-11-15 13:54:14 - [TEST_STEP][PASSED] - if (DTYMsgs.size() > 0): null

2019-11-15 13:54:14 - [TEST_STEP][PASSED] - sa.assertTrue(false): null

2019-11-15 13:54:14 - [TEST_STEP][PASSED] - click(findTestObject("Object Repository/Page_cabi Shipping/select_payment_options_select")): Object: 'Object Repository/Page_cabi Shipping/select_payment_options_select' is clicked on

2019-11-15 13:54:14 - [MESSAGE][PASSED] - Object: 'Object Repository/Page_cabi Shipping/select_payment_options_select' is clicked on

2019-11-15 13:54:14 - [TEST_STEP][PASSED] - click(findTestObject("Object Repository/Page_cabi Shipping/select_payment_options_cash")): Object: 'Object Repository/Page_cabi Shipping/select_payment_options_cash' is clicked on

2019-11-15 13:54:14 - [MESSAGE][PASSED] - Object: 'Object Repository/Page_cabi Shipping/select_payment_options_cash' is clicked on

2019-11-15 13:54:14 - [TEST_STEP][PASSED] - delay(1): Delayed 1 second(s)

2019-11-15 13:54:15 - [MESSAGE][PASSED] - Delayed 1 second(s)

2019-11-15 13:54:15 - [TEST_STEP][PASSED] - executor.executeScript("arguments[0].click();", findWebElement(findTestObject("Object Repository/Page_cabi Shipping/a_review_order"), 10)): null

2019-11-15 13:54:16 - [TEST_STEP][PASSED] - delay(2): Delayed 2 second(s)

2019-11-15 13:54:18 - [MESSAGE][PASSED] - Delayed 2 second(s)

2019-11-15 13:54:18 - [TEST_STEP][PASSED] - executor.executeScript("arguments[0].click();", findWebElement(findTestObject("Object Repository/Page_cabi Shipping/a_submit_order"), 10)): null

2019-11-15 13:54:20 - [TEST_STEP][PASSED] - click(findTestObject("Object Repository/Page_cabi Shipping/a_order_view")): Object: 'Object Repository/Page_cabi Shipping/a_order_view' is clicked on

2019-11-15 13:54:22 - [MESSAGE][PASSED] - Object: 'Object Repository/Page_cabi Shipping/a_order_view' is clicked on

2019-11-15 13:54:22 - [TEST_STEP][PASSED] - actualOrderStatus = getText(findTestObject("Object Repository/Page_cabi Shipping/span_order_status")): Text of object 'Object Repository/Page_cabi Shipping/span_order_status' is: 'ORDER STATUS : OPEN 
ORDER # SH708512308  '

2019-11-15 13:54:22 - [MESSAGE][PASSED] - Text of object 'Object Repository/Page_cabi Shipping/span_order_status' is: 'ORDER STATUS : OPEN 
ORDER # SH708512308  '

2019-11-15 13:54:22 - [TEST_STEP][PASSED] - expectedOrderStatus = "OPEN": null

2019-11-15 13:54:22 - [TEST_STEP][PASSED] - sa.assertTrue(actualOrderStatus.contains(expectedOrderStatus)): null

2019-11-15 13:54:22 - [TEST_STEP][PASSED] - println(actualOrderStatus): null

2019-11-15 13:54:22 - [TEST_STEP][PASSED] - click(findTestObject("Object Repository/Page_cabi Shipping/a_back_to_orders")): Object: 'Object Repository/Page_cabi Shipping/a_back_to_orders' is clicked on

2019-11-15 13:54:24 - [MESSAGE][PASSED] - Object: 'Object Repository/Page_cabi Shipping/a_back_to_orders' is clicked on

2019-11-15 13:54:24 - [TEST_STEP][PASSED] - delay(2): Delayed 2 second(s)

2019-11-15 13:54:26 - [MESSAGE][PASSED] - Delayed 2 second(s)

2019-11-15 13:54:26 - [TEST_STEP][PASSED] - ActualDTYNonOptedOrderStatus = getText(UtilityMethods.createTestObject("DTYOptedOrderStatus", "//table[@class='show-order-table']/tbody/tr/td/span[contains(text(), '", g1Var, "')]/parent::td/following-sibling::td[@class='order-status']")): Text of object 'DTYOptedOrderStatus' is: 'Completed
Nov 15 12:24 AM'

2019-11-15 13:54:26 - [MESSAGE][PASSED] - Text of object 'DTYOptedOrderStatus' is: 'Completed
Nov 15 12:24 AM'

2019-11-15 13:54:26 - [TEST_STEP][PASSED] - sa.assertEquals(ActualDTYNonOptedOrderStatus, "Completed"): null

2019-11-15 13:54:26 - [TEST_STEP][PASSED] - buttonEditDTYOptedOrder = UtilityMethods.createTestObject("buttonEditDTYOptedOrder", "//table[@class='show-order-table']/tbody/tr/td/span[contains(text(), '", g1Var, "')]/parent::td/following-sibling::td[@class='column-order']/a"): null

2019-11-15 13:54:26 - [TEST_STEP][PASSED] - click(buttonEditDTYOptedOrder): Object: 'buttonEditDTYOptedOrder' is clicked on

2019-11-15 13:54:29 - [MESSAGE][PASSED] - Object: 'buttonEditDTYOptedOrder' is clicked on

2019-11-15 13:54:29 - [TEST_STEP][PASSED] - click(findTestObject("Object Repository/Page_cabi Shipping/a_edit_order")): Object: 'Object Repository/Page_cabi Shipping/a_edit_order' is clicked on

2019-11-15 13:54:33 - [MESSAGE][PASSED] - Object: 'Object Repository/Page_cabi Shipping/a_edit_order' is clicked on

2019-11-15 13:54:33 - [TEST_STEP][PASSED] - click(findTestObject("Object Repository/Page_cabi Shipping/a_edit_order_shipping")): Object: 'Object Repository/Page_cabi Shipping/a_edit_order_shipping' is clicked on

2019-11-15 13:54:33 - [MESSAGE][PASSED] - Object: 'Object Repository/Page_cabi Shipping/a_edit_order_shipping' is clicked on

2019-11-15 13:54:33 - [TEST_STEP][PASSED] - verifyElementText(findTestObject("Object Repository/Page_cabi Shipping/label_DTYMsg1"), "This order is not yet eligible for "Direct to You" shipping.", CONTINUE_ON_FAILURE): Actual text and expected text of test object 'Object Repository/Page_cabi Shipping/label_DTYMsg1' are matched.

2019-11-15 13:54:34 - [MESSAGE][PASSED] - Actual text and expected text of test object 'Object Repository/Page_cabi Shipping/label_DTYMsg1' are matched.

2019-11-15 13:54:34 - [TEST_STEP][PASSED] - delay(1): Delayed 1 second(s)

2019-11-15 13:54:35 - [MESSAGE][PASSED] - Delayed 1 second(s)

2019-11-15 13:54:35 - [TEST_STEP][PASSED] - verifyElementText(findTestObject("Object Repository/Page_cabi Shipping/label_DTYMsg2"), ""Direct to You" order must be paid by credit card or cabi Gift Card.", CONTINUE_ON_FAILURE): Actual text and expected text of test object 'Object Repository/Page_cabi Shipping/label_DTYMsg2' are matched.

2019-11-15 13:54:35 - [MESSAGE][PASSED] - Actual text and expected text of test object 'Object Repository/Page_cabi Shipping/label_DTYMsg2' are matched.

2019-11-15 13:54:35 - [TEST_STEP][PASSED] - delay(1): Delayed 1 second(s)

2019-11-15 13:54:36 - [MESSAGE][PASSED] - Delayed 1 second(s)

2019-11-15 13:54:36 - [TEST_STEP][PASSED] - verifyElementText(findTestObject("Object Repository/Page_cabi Shipping/label_DTYMsg3"), ""Direct to You" order can start being placed 2 days before the show date.", CONTINUE_ON_FAILURE): Actual text and expected text of test object 'Object Repository/Page_cabi Shipping/label_DTYMsg3' are matched.

2019-11-15 13:54:36 - [MESSAGE][PASSED] - Actual text and expected text of test object 'Object Repository/Page_cabi Shipping/label_DTYMsg3' are matched.

2019-11-15 13:54:36 - [TEST_STEP][PASSED] - delay(1): Delayed 1 second(s)

2019-11-15 13:54:37 - [MESSAGE][PASSED] - Delayed 1 second(s)

2019-11-15 13:54:37 - [TEST_STEP][PASSED] - hasAtributeDisabled = verifyElementHasAttribute(findTestObject("Object Repository/Page_cabi Shipping/check_as_dty_order"), "disabled", 20, CONTINUE_ON_FAILURE): Object 'Object Repository/Page_cabi Shipping/check_as_dty_order' has attribute 'disabled'

2019-11-15 13:54:37 - [MESSAGE][PASSED] - Object 'Object Repository/Page_cabi Shipping/check_as_dty_order' has attribute 'disabled'

2019-11-15 13:54:37 - [TEST_STEP][PASSED] - if (hasAtributeDisabled): Object 'Object Repository/Page_cabi Shipping/check_as_dty_order' has attribute 'disabled' with value 'true'

2019-11-15 13:54:37 - [TEST_STEP][PASSED] - verifyElementAttributeValue(findTestObject("Object Repository/Page_cabi Shipping/check_as_dty_order"), "disabled", "true", 20): Object 'Object Repository/Page_cabi Shipping/check_as_dty_order' has attribute 'disabled' with value 'true'

2019-11-15 13:54:37 - [MESSAGE][PASSED] - Object 'Object Repository/Page_cabi Shipping/check_as_dty_order' has attribute 'disabled' with value 'true'

2019-11-15 13:54:37 - [TEST_STEP][PASSED] - span_place_dty_order_greys = findWebElements(findTestObject("Object Repository/Page_cabi Shipping/span_place_dty_order_grey"), 20): null

2019-11-15 13:54:37 - [TEST_STEP][PASSED] - if (span_place_dty_order_greys.size() != 1): null

2019-11-15 13:54:37 - [TEST_STEP][PASSED] - verifyElementHasAttribute(findTestObject("Page_cabi Shipping/span_dty_checkmark_grey"), "style", 20, CONTINUE_ON_FAILURE): Object 'Object Repository/Page_cabi Shipping/span_dty_checkmark_grey' has attribute 'style'

2019-11-15 13:54:37 - [MESSAGE][PASSED] - Object 'Object Repository/Page_cabi Shipping/span_dty_checkmark_grey' has attribute 'style'

2019-11-15 13:54:37 - [TEST_STEP][PASSED] - verifyElementAttributeValue(findTestObject("Object Repository/Page_cabi Shipping/span_dty_checkmark_grey"), "style", "background-color: rgb(211, 211, 211); cursor: default;", 20): Object 'Object Repository/Page_cabi Shipping/span_dty_checkmark_grey' has attribute 'style' with value 'background-color: rgb(211, 211, 211); cursor: default;'

2019-11-15 13:54:37 - [MESSAGE][PASSED] - Object 'Object Repository/Page_cabi Shipping/span_dty_checkmark_grey' has attribute 'style' with value 'background-color: rgb(211, 211, 211); cursor: default;'

2019-11-15 13:54:37 - [TEST_STEP][PASSED] - delay(2): Delayed 2 second(s)

2019-11-15 13:54:39 - [MESSAGE][PASSED] - Delayed 2 second(s)

2019-11-15 13:54:39 - [TEST_STEP][PASSED] - click(findTestObject("Object Repository/Page_cabi Shipping/a_edit_order_cancel")): Object: 'Object Repository/Page_cabi Shipping/a_edit_order_cancel' is clicked on

2019-11-15 13:54:41 - [MESSAGE][PASSED] - Object: 'Object Repository/Page_cabi Shipping/a_edit_order_cancel' is clicked on

2019-11-15 13:54:41 - [TEST_STEP][PASSED] - delay(1): Delayed 1 second(s)

2019-11-15 13:54:42 - [MESSAGE][PASSED] - Delayed 1 second(s)]]></system-out>
         <system-err><![CDATA[]]></system-err>
      </testcase>
      <system-out><![CDATA[2019-11-15 13:35:45 - [TEST_SUITE][ERROR] - DTYSuite: Test Cases/VirtualShow/BODTY/DTYVS FAILED.
Reason:
groovy.lang.MissingPropertyException: No such property: executor for class: Script1568892165581
	at DTYVS.run(DTYVS:92)
	at com.kms.katalon.core.main.ScriptEngine.run(ScriptEngine.java:194)
	at com.kms.katalon.core.main.ScriptEngine.runScriptAsRawText(ScriptEngine.java:119)
	at com.kms.katalon.core.main.TestCaseExecutor.runScript(TestCaseExecutor.java:342)
	at com.kms.katalon.core.main.TestCaseExecutor.doExecute(TestCaseExecutor.java:333)
	at com.kms.katalon.core.main.TestCaseExecutor.processExecutionPhase(TestCaseExecutor.java:312)
	at com.kms.katalon.core.main.TestCaseExecutor.accessMainPhase(TestCaseExecutor.java:304)
	at com.kms.katalon.core.main.TestCaseExecutor.execute(TestCaseExecutor.java:238)
	at com.kms.katalon.core.main.TestSuiteExecutor.accessTestCaseMainPhase(TestSuiteExecutor.java:129)
	at com.kms.katalon.core.main.TestSuiteExecutor.accessTestSuiteMainPhase(TestSuiteExecutor.java:112)
	at com.kms.katalon.core.main.TestSuiteExecutor.execute(TestSuiteExecutor.java:81)
	at com.kms.katalon.core.main.TestCaseMain.startTestSuite(TestCaseMain.java:157)
	at com.kms.katalon.core.main.TestCaseMain$startTestSuite$0.call(Unknown Source)
	at TempTestSuite1573805142121.run(TempTestSuite1573805142121.groovy:35)]]></system-out>
      <system-err><![CDATA[2019-11-15 13:35:45 - [TEST_SUITE][ERROR] - DTYSuite: Test Cases/VirtualShow/BODTY/DTYVS FAILED.
Reason:
groovy.lang.MissingPropertyException: No such property: executor for class: Script1568892165581
	at DTYVS.run(DTYVS:92)
	at com.kms.katalon.core.main.ScriptEngine.run(ScriptEngine.java:194)
	at com.kms.katalon.core.main.ScriptEngine.runScriptAsRawText(ScriptEngine.java:119)
	at com.kms.katalon.core.main.TestCaseExecutor.runScript(TestCaseExecutor.java:342)
	at com.kms.katalon.core.main.TestCaseExecutor.doExecute(TestCaseExecutor.java:333)
	at com.kms.katalon.core.main.TestCaseExecutor.processExecutionPhase(TestCaseExecutor.java:312)
	at com.kms.katalon.core.main.TestCaseExecutor.accessMainPhase(TestCaseExecutor.java:304)
	at com.kms.katalon.core.main.TestCaseExecutor.execute(TestCaseExecutor.java:238)
	at com.kms.katalon.core.main.TestSuiteExecutor.accessTestCaseMainPhase(TestSuiteExecutor.java:129)
	at com.kms.katalon.core.main.TestSuiteExecutor.accessTestSuiteMainPhase(TestSuiteExecutor.java:112)
	at com.kms.katalon.core.main.TestSuiteExecutor.execute(TestSuiteExecutor.java:81)
	at com.kms.katalon.core.main.TestCaseMain.startTestSuite(TestCaseMain.java:157)
	at com.kms.katalon.core.main.TestCaseMain$startTestSuite$0.call(Unknown Source)
	at TempTestSuite1573805142121.run(TempTestSuite1573805142121.groovy:35)]]></system-err>
   </testsuite>
</testsuites>
