<?xml version="1.0" encoding="UTF-8"?>
<testsuites name="NewArrivalsSuite" time="430" tests="1" failures="0" errors="0">
   <testsuite name="NewArrivalsSuite" tests="1" failures="0" errors="0" time="430" timestamp="2019-09-27 14:51:37" hostname="user - 10.0.102.244" id="Test Suites/NewArrivalsSuites/NewArrivalsSuite">
      <properties>
         <property name="deviceName" value=""/>
         <property name="devicePlatform" value=""/>
         <property name="logFolder" value="C:\\Users\\user\\Documents\\testautomation\\KatalonProjects\\Reports\\NewArrivalsSuites\\NewArrivalsSuite\\20190927_145133"/>
         <property name="logFiles" value="C:\\Users\\user\\Documents\\testautomation\\KatalonProjects\\Reports\\NewArrivalsSuites\\NewArrivalsSuite\\20190927_145133\\execution0.log"/>
         <property name="attachments" value="C:\\Users\\user\\Documents\\testautomation\\KatalonProjects\\productImages\\BOPersonal_3875 image.png, C:\\Users\\user\\Documents\\testautomation\\KatalonProjects\\productImages\\BOPersonal_3875 image.png, C:\\Users\\user\\Documents\\testautomation\\KatalonProjects\\productImages\\BOPersonal_3875 image.png, C:\\Users\\user\\Documents\\testautomation\\KatalonProjects\\productImages\\BOPersonal_3875 image.png"/>
         <property name="hostName" value="user - 10.0.102.244"/>
         <property name="os" value="Windows 8.1 64bit"/>
         <property name="katalonVersion" value="6.1.1.1"/>
         <property name="browser" value="Chrome 77.0.3865.90"/>
         <property name="hostAddress" value="10.0.102.244"/>
         <property name="sessionId" value="39d302be52343914ce474563fb4cb673"/>
         <property name="seleniumVersion" value="3.7.1"/>
         <property name="proxyInformation" value="ProxyInformation{proxyOption=NO_PROXY, proxyServerType=HTTP, password=, proxyServerAddress=, proxyServerPort=0}"/>
         <property name="platform" value="Windows 8.1"/>
      </properties>
      <testcase name="Test Cases/NewArrival/BOPersonal" classname="Test Cases/NewArrival/BOPersonal" status="PASSED">
         <system-out><![CDATA[2019-09-27 14:51:37 - [TEST_CASE][PASSED] - Test Cases/NewArrival/BOPersonal: Test Cases/NewArrival/BOPersonal

2019-09-27 14:51:37 - [TEST_STEP][PASSED] - Start listener action : sampleBeforeTestCase: null

2019-09-27 14:51:37 - [TEST_STEP][PASSED] - println(testCaseContext.getTestCaseId()): null

2019-09-27 14:51:37 - [TEST_STEP][PASSED] - println(testCaseContext.getTestCaseVariables()): null

2019-09-27 14:51:38 - [TEST_STEP][PASSED] - openBrowser(""): Browser is opened with url: ''

2019-09-27 14:51:38 - [MESSAGE][INFO] - Starting 'Chrome' driver

2019-09-27 14:51:38 - [MESSAGE][INFO] - User set preference: ['args', '[--use-fake-ui-for-media-stream, --start-maximized]']

2019-09-27 14:51:38 - [MESSAGE][INFO] - Action delay is set to 0 seconds

2019-09-27 14:51:42 - [MESSAGE][PASSED] - Browser is opened with url: ''

2019-09-27 14:51:42 - [TEST_STEP][PASSED] - for ([timeRow = 1, timeRow <= findTestData("timezoneData").getRowNumbers(), (timeRow++)]): Call Test Case 'Test Cases/NewArrival/productVerify' successfully

2019-09-27 14:51:43 - [TEST_STEP][PASSED] - callTestCase(findTestCase("NewArrival/populateTimeGlobalVars"), ["row":timeRow], CONTINUE_ON_FAILURE): Call Test Case 'Test Cases/NewArrival/populateTimeGlobalVars' successfully

2019-09-27 14:51:43 - [TEST_CASE][PASSED] - Test Cases/NewArrival/populateTimeGlobalVars: Test Cases/NewArrival/populateTimeGlobalVars

2019-09-27 14:51:44 - [TEST_STEP][PASSED] - dataFile = "timezoneData": null

2019-09-27 14:51:44 - [TEST_STEP][PASSED] - clockServerTarget = UtilityMethods.getTestData("envtData", "clockServerTarget", 1): null

2019-09-27 14:51:45 - [TEST_STEP][PASSED] - println(clockServerTarget): null

2019-09-27 14:51:45 - [TEST_STEP][PASSED] - orderType = UtilityMethods.getTestData(dataFile, "orderType", row): null

2019-09-27 14:51:45 - [TEST_STEP][PASSED] - timeZone = UtilityMethods.getTestData(dataFile, "timeZone", row): null

2019-09-27 14:51:45 - [TEST_STEP][PASSED] - BOPersonal = UtilityMethods.getTestData(dataFile, "BOPersonal", row): null

2019-09-27 14:51:45 - [TEST_STEP][PASSED] - BOAddonPersonal = UtilityMethods.getTestData(dataFile, "BOAddonPersonal", row): null

2019-09-27 14:51:45 - [TEST_STEP][PASSED] - BOAddonRetail = UtilityMethods.getTestData(dataFile, "BOAddonRetail", row): null

2019-09-27 14:51:45 - [TEST_STEP][PASSED] - BORetail = UtilityMethods.getTestData(dataFile, "BORetail", row): null

2019-09-27 14:51:45 - [TEST_STEP][PASSED] - BOShow = UtilityMethods.getTestData(dataFile, "BOShow", row): null

2019-09-27 14:51:45 - [TEST_STEP][PASSED] - BOOnlineoutlet = UtilityMethods.getTestData(dataFile, "BOOnlineoutlet", row): null

2019-09-27 14:51:45 - [TEST_STEP][PASSED] - BOEmployee = UtilityMethods.getTestData(dataFile, "BOEmployee", row): null

2019-09-27 14:51:45 - [TEST_STEP][PASSED] - CCPersonal = UtilityMethods.getTestData(dataFile, "CCPersonal", row): null

2019-09-27 14:51:45 - [TEST_STEP][PASSED] - CCRetail = UtilityMethods.getTestData(dataFile, "CCRetail", row): null

2019-09-27 14:51:45 - [TEST_STEP][PASSED] - CCShow = UtilityMethods.getTestData(dataFile, "CCShow", row): null

2019-09-27 14:51:45 - [TEST_STEP][PASSED] - BOEblast = UtilityMethods.getTestData(dataFile, "BOEblast", row): null

2019-09-27 14:51:45 - [TEST_STEP][PASSED] - println(row): null

2019-09-27 14:51:45 - [TEST_STEP][PASSED] - println(BOPersonal): null

2019-09-27 14:51:45 - [MESSAGE][PASSED] - Call Test Case 'Test Cases/NewArrival/populateTimeGlobalVars' successfully

2019-09-27 14:51:45 - [TEST_STEP][PASSED] - callTestCase(findTestCase("NewArrival/setTimezone"), ["ofbizURL":"", "ofbizuser":"", "ofbizpass":"", "orderType":orderType, "timeZone":timeZone, "serverTarget":serverTarget, "clockServerTarget":clockServerTarget], CONTINUE_ON_FAILURE): Call Test Case 'Test Cases/NewArrival/setTimezone' successfully

2019-09-27 14:51:46 - [TEST_CASE][PASSED] - Test Cases/NewArrival/setTimezone: Test Cases/NewArrival/setTimezone

2019-09-27 14:51:46 - [TEST_STEP][PASSED] - openBrowser(""): Browser is opened with url: ''

2019-09-27 14:51:46 - [MESSAGE][WARNING] - A browser is already opened. Closing browser and opening a new one

2019-09-27 14:51:46 - [MESSAGE][INFO] - Starting 'Chrome' driver

2019-09-27 14:51:46 - [MESSAGE][INFO] - User set preference: ['args', '[--use-fake-ui-for-media-stream, --start-maximized]']

2019-09-27 14:51:49 - [MESSAGE][PASSED] - Browser is opened with url: ''

2019-09-27 14:51:49 - [TEST_STEP][NOT_RUN] - maximizeWindow(): NOT_RUN: maximizeWindow()

2019-09-27 14:51:49 - [MESSAGE][NOT_RUN] - NOT_RUN: maximizeWindow()

2019-09-27 14:51:49 - [TEST_STEP][PASSED] - ofbizURL = findTestData("envtData").getValue("ofbizURL", 1): null

2019-09-27 14:51:49 - [TEST_STEP][PASSED] - ofbizuser = findTestData("credData").getValue("ofbizuser", 1): null

2019-09-27 14:51:49 - [TEST_STEP][PASSED] - ofbizpass = findTestData("credData").getValue("ofbizpass", 1): null

2019-09-27 14:51:49 - [TEST_STEP][PASSED] - navigateToUrl(ofbizURL): Navigate to 'https://pushofbiz.cliotest.com/login.php' successfully

2019-09-27 14:51:51 - [MESSAGE][PASSED] - Navigate to 'https://pushofbiz.cliotest.com/login.php' successfully

2019-09-27 14:51:51 - [TEST_STEP][PASSED] - setText(findTestObject("Page_/input_Username_username"), ofbizuser): Text 'automation' is set on object 'Object Repository/Page_/input_Username_username'

2019-09-27 14:51:51 - [MESSAGE][PASSED] - Text 'automation' is set on object 'Object Repository/Page_/input_Username_username'

2019-09-27 14:51:51 - [TEST_STEP][PASSED] - setText(findTestObject("Page_/input_Password_password"), ofbizpass): Text 'cabiautomation' is set on object 'Object Repository/Page_/input_Password_password'

2019-09-27 14:51:51 - [MESSAGE][PASSED] - Text 'cabiautomation' is set on object 'Object Repository/Page_/input_Password_password'

2019-09-27 14:51:51 - [TEST_STEP][PASSED] - click(findTestObject("Page_/input_Password_Submit")): Object: 'Object Repository/Page_/input_Password_Submit' is clicked on

2019-09-27 14:51:55 - [MESSAGE][PASSED] - Object: 'Object Repository/Page_/input_Password_Submit' is clicked on

2019-09-27 14:51:55 - [TEST_STEP][PASSED] - click(findTestObject("Object Repository/Page_/a_Clock set")): Object: 'Object Repository/Page_/a_Clock set' is clicked on

2019-09-27 14:51:55 - [MESSAGE][PASSED] - Object: 'Object Repository/Page_/a_Clock set' is clicked on

2019-09-27 14:51:55 - [TEST_STEP][PASSED] - cst = UtilityMethods.createTestObject("select_target", "//select[@name='Target']/option[contains(text(), '", clockServerTarget, "')]"): null

2019-09-27 14:51:55 - [TEST_STEP][PASSED] - println(clockServerTarget): null

2019-09-27 14:51:55 - [TEST_STEP][PASSED] - click(cst): Object: 'select_target' is clicked on

2019-09-27 14:51:55 - [MESSAGE][PASSED] - Object: 'select_target' is clicked on

2019-09-27 14:51:55 - [TEST_STEP][PASSED] - click(findTestObject("Page_/thisDateAndTime")): Object: 'Object Repository/Page_/thisDateAndTime' is clicked on

2019-09-27 14:51:56 - [MESSAGE][PASSED] - Object: 'Object Repository/Page_/thisDateAndTime' is clicked on

2019-09-27 14:51:56 - [TEST_STEP][PASSED] - setText(findTestObject("Object Repository/Page_/setTargetTime"), timeZone): Text ' 10/16/2019 7:00' is set on object 'Object Repository/Page_/setTargetTime'

2019-09-27 14:51:56 - [MESSAGE][PASSED] - Text ' 10/16/2019 7:00' is set on object 'Object Repository/Page_/setTargetTime'

2019-09-27 14:51:56 - [TEST_STEP][PASSED] - click(findTestObject("Object Repository/Page_/input")): Object: 'Object Repository/Page_/input' is clicked on

2019-09-27 14:51:56 - [MESSAGE][PASSED] - Object: 'Object Repository/Page_/input' is clicked on

2019-09-27 14:51:56 - [TEST_STEP][PASSED] - delay(10): Delayed 10 second(s)

2019-09-27 14:52:06 - [MESSAGE][PASSED] - Delayed 10 second(s)

2019-09-27 14:52:06 - [TEST_STEP][NOT_RUN] - closeBrowser(): NOT_RUN: closeBrowser()

2019-09-27 14:52:06 - [MESSAGE][NOT_RUN] - NOT_RUN: closeBrowser()

2019-09-27 14:52:06 - [MESSAGE][PASSED] - Call Test Case 'Test Cases/NewArrival/setTimezone' successfully

2019-09-27 14:52:06 - [TEST_STEP][PASSED] - callTestCase(findTestCase("TestCaseUtilities/backOfficeLogin"), ["BOURL":"", "BOuser":"", "BOpass":""], CONTINUE_ON_FAILURE): Call Test Case 'Test Cases/TestCaseUtilities/backOfficeLogin' successfully

2019-09-27 14:52:06 - [TEST_CASE][PASSED] - Test Cases/TestCaseUtilities/backOfficeLogin: Test Cases/TestCaseUtilities/backOfficeLogin

2019-09-27 14:52:07 - [TEST_STEP][PASSED] - BOURL = findTestData("envtData").getValue("BOURL", 1): null

2019-09-27 14:52:07 - [TEST_STEP][PASSED] - BOuser = findTestData("credData").getValue("BOuser", 1): null

2019-09-27 14:52:07 - [TEST_STEP][PASSED] - BOpass = findTestData("credData").getValue("BOpass", 1): null

2019-09-27 14:52:07 - [TEST_STEP][PASSED] - openBrowser(""): Browser is opened with url: ''

2019-09-27 14:52:07 - [MESSAGE][WARNING] - A browser is already opened. Closing browser and opening a new one

2019-09-27 14:52:08 - [MESSAGE][INFO] - Starting 'Chrome' driver

2019-09-27 14:52:08 - [MESSAGE][INFO] - User set preference: ['args', '[--use-fake-ui-for-media-stream, --start-maximized]']

2019-09-27 14:52:10 - [MESSAGE][PASSED] - Browser is opened with url: ''

2019-09-27 14:52:10 - [TEST_STEP][PASSED] - navigateToUrl(BOURL): Navigate to 'https://test4.cliotest.com/backoffice/control/main' successfully

2019-09-27 14:52:17 - [MESSAGE][PASSED] - Navigate to 'https://test4.cliotest.com/backoffice/control/main' successfully

2019-09-27 14:52:17 - [TEST_STEP][PASSED] - logOut = findWebElements(findTestObject("Object Repository/Page_cabi Home/log_out"), 1): Unable to find the element located by 'By.xpath: //a[contains(text(),'Log Out')]'. Please recheck the objects properties to make sure the desired element is located. 

2019-09-27 14:52:18 - [MESSAGE][INFO] - Unable to find the element located by 'By.xpath: //a[contains(text(),'Log Out')]'. Please recheck the objects properties to make sure the desired element is located. 

2019-09-27 14:52:18 - [TEST_STEP][PASSED] - if (logOut.size() == 0): Object: 'Object Repository/Page_cabi/input_Welcome to_consultantLogin' is clicked on

2019-09-27 14:52:18 - [TEST_STEP][PASSED] - setText(findTestObject("Page_cabi/input_Welcome to_USERNAME"), BOuser): Text '400000002' is set on object 'Object Repository/Page_cabi/input_Welcome to_USERNAME'

2019-09-27 14:52:19 - [MESSAGE][PASSED] - Text '400000002' is set on object 'Object Repository/Page_cabi/input_Welcome to_USERNAME'

2019-09-27 14:52:19 - [TEST_STEP][PASSED] - setText(findTestObject("Object Repository/Page_cabi/input_Welcome to_PASSWORD"), BOpass): Text 'blackdress19' is set on object 'Object Repository/Page_cabi/input_Welcome to_PASSWORD'

2019-09-27 14:52:19 - [MESSAGE][PASSED] - Text 'blackdress19' is set on object 'Object Repository/Page_cabi/input_Welcome to_PASSWORD'

2019-09-27 14:52:19 - [TEST_STEP][PASSED] - click(findTestObject("Object Repository/Page_cabi/input_Welcome to_consultantLogin")): Object: 'Object Repository/Page_cabi/input_Welcome to_consultantLogin' is clicked on

2019-09-27 14:52:55 - [MESSAGE][PASSED] - Object: 'Object Repository/Page_cabi/input_Welcome to_consultantLogin' is clicked on

2019-09-27 14:52:55 - [TEST_STEP][PASSED] - delay(3): Delayed 3 second(s)

2019-09-27 14:52:58 - [MESSAGE][PASSED] - Delayed 3 second(s)

2019-09-27 14:52:58 - [MESSAGE][PASSED] - Call Test Case 'Test Cases/TestCaseUtilities/backOfficeLogin' successfully

2019-09-27 14:52:58 - [TEST_STEP][PASSED] - click(findTestObject("Object Repository/Page_cabi Home/a_Shows  Orders")): Object: 'Object Repository/Page_cabi Home/a_Shows  Orders' is clicked on

2019-09-27 14:52:58 - [MESSAGE][PASSED] - Object: 'Object Repository/Page_cabi Home/a_Shows  Orders' is clicked on

2019-09-27 14:52:58 - [TEST_STEP][PASSED] - click(findTestObject("Page_cabi Home/a_personal_purchases")): Object: 'Object Repository/Page_cabi Home/a_personal_purchases' is clicked on

2019-09-27 14:53:02 - [MESSAGE][PASSED] - Object: 'Object Repository/Page_cabi Home/a_personal_purchases' is clicked on

2019-09-27 14:53:02 - [TEST_STEP][PASSED] - click(findTestObject("Object Repository/Page_cabi Personal Store/span_Continue to Order")): Object: 'Object Repository/Page_cabi Personal Store/span_Continue to Order' is clicked on

2019-09-27 14:53:02 - [MESSAGE][PASSED] - Object: 'Object Repository/Page_cabi Personal Store/span_Continue to Order' is clicked on

2019-09-27 14:53:02 - [TEST_STEP][PASSED] - println(BOPersonal): null

2019-09-27 14:53:02 - [TEST_STEP][PASSED] - callTestCase(findTestCase("NewArrival/productVerify"), ["available":BOPersonal, "storeType":"BOPersonal"], CONTINUE_ON_FAILURE): Call Test Case 'Test Cases/NewArrival/productVerify' successfully

2019-09-27 14:53:02 - [TEST_CASE][PASSED] - Test Cases/NewArrival/productVerify: Test Cases/NewArrival/productVerify

2019-09-27 14:53:03 - [TEST_STEP][PASSED] - for ([row = 1, row <= findTestData("productData").getRowNumbers(), (row++)]): null

2019-09-27 14:53:03 - [TEST_STEP][PASSED] - setText(findTestObject("Object Repository/Page_cabi Order Items/input_New Arrivals - Blooming Blush_style"), findTestData("productData").getValue("Style", row)): Text '3875' is set on object 'Object Repository/Page_cabi Order Items/input_New Arrivals - Blooming Blush_style'

2019-09-27 14:53:03 - [MESSAGE][PASSED] - Text '3875' is set on object 'Object Repository/Page_cabi Order Items/input_New Arrivals - Blooming Blush_style'

2019-09-27 14:53:03 - [TEST_STEP][PASSED] - sendKeys(findTestObject("Object Repository/Page_cabi Order Items/input_New Arrivals - Blooming Blush_style"), Keys.chord(ENTER)): Keys 'ENTER + ' sent to object: 'Object Repository/Page_cabi Order Items/input_New Arrivals - Blooming Blush_style'

2019-09-27 14:53:04 - [MESSAGE][PASSED] - Keys 'ENTER + ' sent to object: 'Object Repository/Page_cabi Order Items/input_New Arrivals - Blooming Blush_style'

2019-09-27 14:53:04 - [TEST_STEP][PASSED] - delay(5): Delayed 5 second(s)

2019-09-27 14:53:09 - [MESSAGE][PASSED] - Delayed 5 second(s)

2019-09-27 14:53:09 - [TEST_STEP][PASSED] - if (toString().equalsIgnoreCase("no")): null

2019-09-27 14:53:09 - [TEST_STEP][PASSED] - else: null

2019-09-27 14:53:09 - [TEST_STEP][PASSED] - click(findTestObject("Page_cabi Order Items/li_order_item")): Object: 'Object Repository/Page_cabi Order Items/li_order_item' is clicked on

2019-09-27 14:53:09 - [MESSAGE][PASSED] - Object: 'Object Repository/Page_cabi Order Items/li_order_item' is clicked on

2019-09-27 14:53:09 - [TEST_STEP][PASSED] - delay(5): Delayed 5 second(s)

2019-09-27 14:53:14 - [MESSAGE][PASSED] - Delayed 5 second(s)

2019-09-27 14:53:14 - [TEST_STEP][PASSED] - imgString1 = getValue("Style", row).toString(): null

2019-09-27 14:53:14 - [TEST_STEP][PASSED] - imagePath = UtilityMethods.createScreenshotImagePath(storeType, imgString1): null

2019-09-27 14:53:14 - [TEST_STEP][PASSED] - println(imagePath): null

2019-09-27 14:53:14 - [TEST_STEP][PASSED] - takeScreenshot(imagePath): Taking screenshot successfully

2019-09-27 14:53:14 - [MESSAGE][PASSED] - Taking screenshot successfully
[[ATTACHMENT|C:\\Users\\user\\Documents\\testautomation\\KatalonProjects\\productImages\\BOPersonal_3875 image.png]]

2019-09-27 14:53:14 - [TEST_STEP][PASSED] - verifyElementText(findTestObject("Page_cabi Order Items/GetAttribute_getID"), findTestData("productData").getValue("Style", row), CONTINUE_ON_FAILURE): Actual text and expected text of test object 'Object Repository/Page_cabi Order Items/GetAttribute_getID' are matched.

2019-09-27 14:53:14 - [MESSAGE][PASSED] - Actual text and expected text of test object 'Object Repository/Page_cabi Order Items/GetAttribute_getID' are matched.

2019-09-27 14:53:14 - [TEST_STEP][PASSED] - colorOptions = findWebElements(findTestObject("Page_cabi Order Items/GetAttribute_Color"), 5): null

2019-09-27 14:53:14 - [TEST_STEP][PASSED] - println(colorOptions.size()): null

2019-09-27 14:53:14 - [TEST_STEP][PASSED] - expectedColour = findTestData("productData").getValue("Color", row): null

2019-09-27 14:53:14 - [TEST_STEP][PASSED] - println("expected colour is"): null

2019-09-27 14:53:14 - [TEST_STEP][PASSED] - println(expectedColour): null

2019-09-27 14:53:14 - [TEST_STEP][PASSED] - colourVerified = false: null

2019-09-27 14:53:14 - [TEST_STEP][PASSED] - for (org.openqa.selenium.WebElement op : colorOptions): null

2019-09-27 14:53:14 - [TEST_STEP][PASSED] - println(op.getText()): null

2019-09-27 14:53:14 - [TEST_STEP][PASSED] - if (expectedColour.equalsIgnoreCase(op.getText())): null

2019-09-27 14:53:14 - [TEST_STEP][PASSED] - colourVerified = true: null

2019-09-27 14:53:14 - [TEST_STEP][PASSED] - break: null

2019-09-27 14:53:14 - [TEST_STEP][PASSED] - assert colourVerified == true: null

2019-09-27 14:53:14 - [TEST_STEP][PASSED] - getPrice = getText(findTestObject("Page_cabi Order Items/GetAttribute_Price")): Text of object 'Object Repository/Page_cabi Order Items/GetAttribute_Price' is: 'Price : $159.00'

2019-09-27 14:53:14 - [MESSAGE][PASSED] - Text of object 'Object Repository/Page_cabi Order Items/GetAttribute_Price' is: 'Price : $159.00'

2019-09-27 14:53:14 - [TEST_STEP][PASSED] - Split_Data = UtilityMethods.SplitData(getPrice): null

2019-09-27 14:53:14 - [TEST_STEP][PASSED] - verifyMatch(Split_Data, findTestData("productData").getValue("Retail", row), true, CONTINUE_ON_FAILURE): Actual text '159' and expected text '159' are matched  using regular expression

2019-09-27 14:53:14 - [MESSAGE][PASSED] - Actual text '159' and expected text '159' are matched  using regular expression

2019-09-27 14:53:14 - [TEST_STEP][PASSED] - sizeRange1 = ["XXS", "XS", "S", "M", "L", "XL"]: null

2019-09-27 14:53:14 - [TEST_STEP][PASSED] - sizeRange2 = ["00", "0", "2", "4", "6", "8", "10", "12", "14", "16"]: null

2019-09-27 14:53:14 - [TEST_STEP][PASSED] - sizeRange3 = ["Long", "Regular", "Short"]: null

2019-09-27 14:53:14 - [TEST_STEP][PASSED] - sizeRange4 = ["5", "6", "6.5", "7", "7.5", "8", "8.5", "9", "9.5", "10", "11"]: null

2019-09-27 14:53:14 - [TEST_STEP][PASSED] - sizeRangeSplit = UtilityMethods.SplitSizes(findTestData("productData").getValue("SzRange", row)): null

2019-09-27 14:53:15 - [TEST_STEP][PASSED] - sizeType = getText(findTestObject("Object Repository/Page_cabi Order Items/Size")): Text of object 'Object Repository/Page_cabi Order Items/Size' is: 'Select'

2019-09-27 14:53:15 - [MESSAGE][PASSED] - Text of object 'Object Repository/Page_cabi Order Items/Size' is: 'Select'

2019-09-27 14:53:15 - [TEST_STEP][PASSED] - sizeOptions = findWebElements(findTestObject("Object Repository/Page_cabi Order Items/Size"), 5): null

2019-09-27 14:53:15 - [TEST_STEP][PASSED] - actualRange = new java.util.ArrayList(): null

2019-09-27 14:53:15 - [TEST_STEP][PASSED] - expectedRange = <not implemented yet for class: org.codehaus.groovy.ast.expr.EmptyExpression>: null

2019-09-27 14:53:15 - [TEST_STEP][PASSED] - if (sizeType.equalsIgnoreCase("Select")): null

2019-09-27 14:53:15 - [TEST_STEP][PASSED] - for ([i = 1, i < sizeOptions.size(), (i++)]): null

2019-09-27 14:53:15 - [TEST_STEP][PASSED] - actualRange.add(getAttribute("value").toString()): null

2019-09-27 14:53:15 - [TEST_STEP][PASSED] - actualRange.add(getAttribute("value").toString()): null

2019-09-27 14:53:15 - [TEST_STEP][PASSED] - actualRange.add(getAttribute("value").toString()): null

2019-09-27 14:53:15 - [TEST_STEP][PASSED] - actualRange.add(getAttribute("value").toString()): null

2019-09-27 14:53:15 - [TEST_STEP][PASSED] - actualRange.add(getAttribute("value").toString()): null

2019-09-27 14:53:15 - [TEST_STEP][PASSED] - if (toString().equalsIgnoreCase("XS") || toString().equalsIgnoreCase("XXS")): null

2019-09-27 14:53:15 - [TEST_STEP][PASSED] - expectedRange = UtilityMethods.getExpectedRange(sizeRange1, sizeRangeSplit): null

2019-09-27 14:53:15 - [TEST_STEP][PASSED] - println("XS"): null

2019-09-27 14:53:15 - [TEST_STEP][PASSED] - println(expectedRange.toString()): null

2019-09-27 14:53:15 - [TEST_STEP][PASSED] - assert UtilityMethods.listEquals(expectedRange, actualRange) == true: null

2019-09-27 14:53:15 - [TEST_STEP][PASSED] - delay(2): Delayed 2 second(s)

2019-09-27 14:53:17 - [MESSAGE][PASSED] - Delayed 2 second(s)

2019-09-27 14:53:17 - [TEST_STEP][PASSED] - verifyElementText(findTestObject("Page_cabi Order Items/product_title"), findTestData("productData").getValue("Description", row), CONTINUE_ON_FAILURE): Actual text and expected text of test object 'Object Repository/Page_cabi Order Items/product_title' are matched.

2019-09-27 14:53:17 - [MESSAGE][PASSED] - Actual text and expected text of test object 'Object Repository/Page_cabi Order Items/product_title' are matched.

2019-09-27 14:53:17 - [TEST_STEP][PASSED] - verifyElementText(findTestObject("Page_cabi Order Items/product_fabric"), findTestData("productData").getValue("FinalContent", row), CONTINUE_ON_FAILURE): Actual text and expected text of test object 'Object Repository/Page_cabi Order Items/product_fabric' are matched.

2019-09-27 14:53:17 - [MESSAGE][PASSED] - Actual text and expected text of test object 'Object Repository/Page_cabi Order Items/product_fabric' are matched.

2019-09-27 14:53:17 - [TEST_STEP][PASSED] - actualCasreIntrn = "<div>" + getText(findTestObject("Page_cabi Order Items/care_instruction")) + "</div>": Text of object 'Object Repository/Page_cabi Order Items/care_instruction' is: 'Turn garment inside out and place in a mesh bag. Machine wash separately in cold water on the delicate cycle. Only non-chlorine bleach if needed. Do not twist or wring. Lay flat to dry. Steam iron only if needed. Do not press with flat iron. Can be dry cleaned.'

2019-09-27 14:53:17 - [MESSAGE][PASSED] - Text of object 'Object Repository/Page_cabi Order Items/care_instruction' is: 'Turn garment inside out and place in a mesh bag. Machine wash separately in cold water on the delicate cycle. Only non-chlorine bleach if needed. Do not twist or wring. Lay flat to dry. Steam iron only if needed. Do not press with flat iron. Can be dry cleaned.'

2019-09-27 14:53:17 - [TEST_STEP][PASSED] - assert actualCasreIntrn.equals(findTestData("productData").getValue("CareInstr", row)): null

2019-09-27 14:53:17 - [MESSAGE][PASSED] - Call Test Case 'Test Cases/NewArrival/productVerify' successfully

2019-09-27 14:53:17 - [TEST_STEP][PASSED] - callTestCase(findTestCase("NewArrival/populateTimeGlobalVars"), ["row":timeRow], CONTINUE_ON_FAILURE): Call Test Case 'Test Cases/NewArrival/populateTimeGlobalVars' successfully

2019-09-27 14:53:17 - [TEST_CASE][PASSED] - Test Cases/NewArrival/populateTimeGlobalVars: Test Cases/NewArrival/populateTimeGlobalVars

2019-09-27 14:53:17 - [TEST_STEP][PASSED] - dataFile = "timezoneData": null

2019-09-27 14:53:17 - [TEST_STEP][PASSED] - clockServerTarget = UtilityMethods.getTestData("envtData", "clockServerTarget", 1): null

2019-09-27 14:53:17 - [TEST_STEP][PASSED] - println(clockServerTarget): null

2019-09-27 14:53:17 - [TEST_STEP][PASSED] - orderType = UtilityMethods.getTestData(dataFile, "orderType", row): null

2019-09-27 14:53:17 - [TEST_STEP][PASSED] - timeZone = UtilityMethods.getTestData(dataFile, "timeZone", row): null

2019-09-27 14:53:17 - [TEST_STEP][PASSED] - BOPersonal = UtilityMethods.getTestData(dataFile, "BOPersonal", row): null

2019-09-27 14:53:17 - [TEST_STEP][PASSED] - BOAddonPersonal = UtilityMethods.getTestData(dataFile, "BOAddonPersonal", row): null

2019-09-27 14:53:17 - [TEST_STEP][PASSED] - BOAddonRetail = UtilityMethods.getTestData(dataFile, "BOAddonRetail", row): null

2019-09-27 14:53:17 - [TEST_STEP][PASSED] - BORetail = UtilityMethods.getTestData(dataFile, "BORetail", row): null

2019-09-27 14:53:17 - [TEST_STEP][PASSED] - BOShow = UtilityMethods.getTestData(dataFile, "BOShow", row): null

2019-09-27 14:53:17 - [TEST_STEP][PASSED] - BOOnlineoutlet = UtilityMethods.getTestData(dataFile, "BOOnlineoutlet", row): null

2019-09-27 14:53:18 - [TEST_STEP][PASSED] - BOEmployee = UtilityMethods.getTestData(dataFile, "BOEmployee", row): null

2019-09-27 14:53:18 - [TEST_STEP][PASSED] - CCPersonal = UtilityMethods.getTestData(dataFile, "CCPersonal", row): null

2019-09-27 14:53:18 - [TEST_STEP][PASSED] - CCRetail = UtilityMethods.getTestData(dataFile, "CCRetail", row): null

2019-09-27 14:53:18 - [TEST_STEP][PASSED] - CCShow = UtilityMethods.getTestData(dataFile, "CCShow", row): null

2019-09-27 14:53:18 - [TEST_STEP][PASSED] - BOEblast = UtilityMethods.getTestData(dataFile, "BOEblast", row): null

2019-09-27 14:53:18 - [TEST_STEP][PASSED] - println(row): null

2019-09-27 14:53:18 - [TEST_STEP][PASSED] - println(BOPersonal): null

2019-09-27 14:53:18 - [MESSAGE][PASSED] - Call Test Case 'Test Cases/NewArrival/populateTimeGlobalVars' successfully

2019-09-27 14:53:18 - [TEST_STEP][PASSED] - callTestCase(findTestCase("NewArrival/setTimezone"), ["ofbizURL":"", "ofbizuser":"", "ofbizpass":"", "orderType":orderType, "timeZone":timeZone, "serverTarget":serverTarget, "clockServerTarget":clockServerTarget], CONTINUE_ON_FAILURE): Call Test Case 'Test Cases/NewArrival/setTimezone' successfully

2019-09-27 14:53:18 - [TEST_CASE][PASSED] - Test Cases/NewArrival/setTimezone: Test Cases/NewArrival/setTimezone

2019-09-27 14:53:18 - [TEST_STEP][PASSED] - openBrowser(""): Browser is opened with url: ''

2019-09-27 14:53:18 - [MESSAGE][WARNING] - A browser is already opened. Closing browser and opening a new one

2019-09-27 14:53:19 - [MESSAGE][INFO] - Starting 'Chrome' driver

2019-09-27 14:53:19 - [MESSAGE][INFO] - User set preference: ['args', '[--use-fake-ui-for-media-stream, --start-maximized]']

2019-09-27 14:53:21 - [MESSAGE][PASSED] - Browser is opened with url: ''

2019-09-27 14:53:21 - [TEST_STEP][NOT_RUN] - maximizeWindow(): NOT_RUN: maximizeWindow()

2019-09-27 14:53:21 - [MESSAGE][NOT_RUN] - NOT_RUN: maximizeWindow()

2019-09-27 14:53:21 - [TEST_STEP][PASSED] - ofbizURL = findTestData("envtData").getValue("ofbizURL", 1): null

2019-09-27 14:53:21 - [TEST_STEP][PASSED] - ofbizuser = findTestData("credData").getValue("ofbizuser", 1): null

2019-09-27 14:53:21 - [TEST_STEP][PASSED] - ofbizpass = findTestData("credData").getValue("ofbizpass", 1): null

2019-09-27 14:53:21 - [TEST_STEP][PASSED] - navigateToUrl(ofbizURL): Navigate to 'https://pushofbiz.cliotest.com/login.php' successfully

2019-09-27 14:53:23 - [MESSAGE][PASSED] - Navigate to 'https://pushofbiz.cliotest.com/login.php' successfully

2019-09-27 14:53:23 - [TEST_STEP][PASSED] - setText(findTestObject("Page_/input_Username_username"), ofbizuser): Text 'automation' is set on object 'Object Repository/Page_/input_Username_username'

2019-09-27 14:53:23 - [MESSAGE][PASSED] - Text 'automation' is set on object 'Object Repository/Page_/input_Username_username'

2019-09-27 14:53:23 - [TEST_STEP][PASSED] - setText(findTestObject("Page_/input_Password_password"), ofbizpass): Text 'cabiautomation' is set on object 'Object Repository/Page_/input_Password_password'

2019-09-27 14:53:23 - [MESSAGE][PASSED] - Text 'cabiautomation' is set on object 'Object Repository/Page_/input_Password_password'

2019-09-27 14:53:23 - [TEST_STEP][PASSED] - click(findTestObject("Page_/input_Password_Submit")): Object: 'Object Repository/Page_/input_Password_Submit' is clicked on

2019-09-27 14:53:27 - [MESSAGE][PASSED] - Object: 'Object Repository/Page_/input_Password_Submit' is clicked on

2019-09-27 14:53:27 - [TEST_STEP][PASSED] - click(findTestObject("Object Repository/Page_/a_Clock set")): Object: 'Object Repository/Page_/a_Clock set' is clicked on

2019-09-27 14:53:27 - [MESSAGE][PASSED] - Object: 'Object Repository/Page_/a_Clock set' is clicked on

2019-09-27 14:53:27 - [TEST_STEP][PASSED] - cst = UtilityMethods.createTestObject("select_target", "//select[@name='Target']/option[contains(text(), '", clockServerTarget, "')]"): null

2019-09-27 14:53:27 - [TEST_STEP][PASSED] - println(clockServerTarget): null

2019-09-27 14:53:27 - [TEST_STEP][PASSED] - click(cst): Object: 'select_target' is clicked on

2019-09-27 14:53:27 - [MESSAGE][PASSED] - Object: 'select_target' is clicked on

2019-09-27 14:53:27 - [TEST_STEP][PASSED] - click(findTestObject("Page_/thisDateAndTime")): Object: 'Object Repository/Page_/thisDateAndTime' is clicked on

2019-09-27 14:53:27 - [MESSAGE][PASSED] - Object: 'Object Repository/Page_/thisDateAndTime' is clicked on

2019-09-27 14:53:27 - [TEST_STEP][PASSED] - setText(findTestObject("Object Repository/Page_/setTargetTime"), timeZone): Text ' 10/24/2019 00:00' is set on object 'Object Repository/Page_/setTargetTime'

2019-09-27 14:53:28 - [MESSAGE][PASSED] - Text ' 10/24/2019 00:00' is set on object 'Object Repository/Page_/setTargetTime'

2019-09-27 14:53:28 - [TEST_STEP][PASSED] - click(findTestObject("Object Repository/Page_/input")): Object: 'Object Repository/Page_/input' is clicked on

2019-09-27 14:53:28 - [MESSAGE][PASSED] - Object: 'Object Repository/Page_/input' is clicked on

2019-09-27 14:53:28 - [TEST_STEP][PASSED] - delay(10): Delayed 10 second(s)

2019-09-27 14:53:38 - [MESSAGE][PASSED] - Delayed 10 second(s)

2019-09-27 14:53:38 - [TEST_STEP][NOT_RUN] - closeBrowser(): NOT_RUN: closeBrowser()

2019-09-27 14:53:38 - [MESSAGE][NOT_RUN] - NOT_RUN: closeBrowser()

2019-09-27 14:53:38 - [MESSAGE][PASSED] - Call Test Case 'Test Cases/NewArrival/setTimezone' successfully

2019-09-27 14:53:38 - [TEST_STEP][PASSED] - callTestCase(findTestCase("TestCaseUtilities/backOfficeLogin"), ["BOURL":"", "BOuser":"", "BOpass":""], CONTINUE_ON_FAILURE): Call Test Case 'Test Cases/TestCaseUtilities/backOfficeLogin' successfully

2019-09-27 14:53:38 - [TEST_CASE][PASSED] - Test Cases/TestCaseUtilities/backOfficeLogin: Test Cases/TestCaseUtilities/backOfficeLogin

2019-09-27 14:53:38 - [TEST_STEP][PASSED] - BOURL = findTestData("envtData").getValue("BOURL", 1): null

2019-09-27 14:53:38 - [TEST_STEP][PASSED] - BOuser = findTestData("credData").getValue("BOuser", 1): null

2019-09-27 14:53:38 - [TEST_STEP][PASSED] - BOpass = findTestData("credData").getValue("BOpass", 1): null

2019-09-27 14:53:38 - [TEST_STEP][PASSED] - openBrowser(""): Browser is opened with url: ''

2019-09-27 14:53:38 - [MESSAGE][WARNING] - A browser is already opened. Closing browser and opening a new one

2019-09-27 14:53:39 - [MESSAGE][INFO] - Starting 'Chrome' driver

2019-09-27 14:53:39 - [MESSAGE][INFO] - User set preference: ['args', '[--use-fake-ui-for-media-stream, --start-maximized]']

2019-09-27 14:53:41 - [MESSAGE][PASSED] - Browser is opened with url: ''

2019-09-27 14:53:41 - [TEST_STEP][PASSED] - navigateToUrl(BOURL): Navigate to 'https://test4.cliotest.com/backoffice/control/main' successfully

2019-09-27 14:53:49 - [MESSAGE][PASSED] - Navigate to 'https://test4.cliotest.com/backoffice/control/main' successfully

2019-09-27 14:53:49 - [TEST_STEP][PASSED] - logOut = findWebElements(findTestObject("Object Repository/Page_cabi Home/log_out"), 1): Unable to find the element located by 'By.xpath: //a[contains(text(),'Log Out')]'. Please recheck the objects properties to make sure the desired element is located. 

2019-09-27 14:53:50 - [MESSAGE][INFO] - Unable to find the element located by 'By.xpath: //a[contains(text(),'Log Out')]'. Please recheck the objects properties to make sure the desired element is located. 

2019-09-27 14:53:50 - [TEST_STEP][PASSED] - if (logOut.size() == 0): Object: 'Object Repository/Page_cabi/input_Welcome to_consultantLogin' is clicked on

2019-09-27 14:53:50 - [TEST_STEP][PASSED] - setText(findTestObject("Page_cabi/input_Welcome to_USERNAME"), BOuser): Text '400000002' is set on object 'Object Repository/Page_cabi/input_Welcome to_USERNAME'

2019-09-27 14:53:50 - [MESSAGE][PASSED] - Text '400000002' is set on object 'Object Repository/Page_cabi/input_Welcome to_USERNAME'

2019-09-27 14:53:50 - [TEST_STEP][PASSED] - setText(findTestObject("Object Repository/Page_cabi/input_Welcome to_PASSWORD"), BOpass): Text 'blackdress19' is set on object 'Object Repository/Page_cabi/input_Welcome to_PASSWORD'

2019-09-27 14:53:50 - [MESSAGE][PASSED] - Text 'blackdress19' is set on object 'Object Repository/Page_cabi/input_Welcome to_PASSWORD'

2019-09-27 14:53:50 - [TEST_STEP][PASSED] - click(findTestObject("Object Repository/Page_cabi/input_Welcome to_consultantLogin")): Object: 'Object Repository/Page_cabi/input_Welcome to_consultantLogin' is clicked on

2019-09-27 14:54:14 - [MESSAGE][PASSED] - Object: 'Object Repository/Page_cabi/input_Welcome to_consultantLogin' is clicked on

2019-09-27 14:54:14 - [TEST_STEP][PASSED] - delay(3): Delayed 3 second(s)

2019-09-27 14:54:17 - [MESSAGE][PASSED] - Delayed 3 second(s)

2019-09-27 14:54:17 - [MESSAGE][PASSED] - Call Test Case 'Test Cases/TestCaseUtilities/backOfficeLogin' successfully

2019-09-27 14:54:17 - [TEST_STEP][PASSED] - click(findTestObject("Object Repository/Page_cabi Home/a_Shows  Orders")): Object: 'Object Repository/Page_cabi Home/a_Shows  Orders' is clicked on

2019-09-27 14:54:18 - [MESSAGE][PASSED] - Object: 'Object Repository/Page_cabi Home/a_Shows  Orders' is clicked on

2019-09-27 14:54:18 - [TEST_STEP][PASSED] - click(findTestObject("Page_cabi Home/a_personal_purchases")): Object: 'Object Repository/Page_cabi Home/a_personal_purchases' is clicked on

2019-09-27 14:54:20 - [MESSAGE][PASSED] - Object: 'Object Repository/Page_cabi Home/a_personal_purchases' is clicked on

2019-09-27 14:54:20 - [TEST_STEP][PASSED] - click(findTestObject("Object Repository/Page_cabi Personal Store/span_Continue to Order")): Object: 'Object Repository/Page_cabi Personal Store/span_Continue to Order' is clicked on

2019-09-27 14:54:20 - [MESSAGE][PASSED] - Object: 'Object Repository/Page_cabi Personal Store/span_Continue to Order' is clicked on

2019-09-27 14:54:20 - [TEST_STEP][PASSED] - println(BOPersonal): null

2019-09-27 14:54:20 - [TEST_STEP][PASSED] - callTestCase(findTestCase("NewArrival/productVerify"), ["available":BOPersonal, "storeType":"BOPersonal"], CONTINUE_ON_FAILURE): Call Test Case 'Test Cases/NewArrival/productVerify' successfully

2019-09-27 14:54:20 - [TEST_CASE][PASSED] - Test Cases/NewArrival/productVerify: Test Cases/NewArrival/productVerify

2019-09-27 14:54:20 - [TEST_STEP][PASSED] - for ([row = 1, row <= findTestData("productData").getRowNumbers(), (row++)]): Actual text and expected text of test object 'Object Repository/Page_cabi Order Items/no_result_found' are matched.

2019-09-27 14:54:20 - [TEST_STEP][PASSED] - setText(findTestObject("Object Repository/Page_cabi Order Items/input_New Arrivals - Blooming Blush_style"), findTestData("productData").getValue("Style", row)): Text '3875' is set on object 'Object Repository/Page_cabi Order Items/input_New Arrivals - Blooming Blush_style'

2019-09-27 14:54:21 - [MESSAGE][PASSED] - Text '3875' is set on object 'Object Repository/Page_cabi Order Items/input_New Arrivals - Blooming Blush_style'

2019-09-27 14:54:21 - [TEST_STEP][PASSED] - sendKeys(findTestObject("Object Repository/Page_cabi Order Items/input_New Arrivals - Blooming Blush_style"), Keys.chord(ENTER)): Keys 'ENTER + ' sent to object: 'Object Repository/Page_cabi Order Items/input_New Arrivals - Blooming Blush_style'

2019-09-27 14:54:21 - [MESSAGE][PASSED] - Keys 'ENTER + ' sent to object: 'Object Repository/Page_cabi Order Items/input_New Arrivals - Blooming Blush_style'

2019-09-27 14:54:21 - [TEST_STEP][PASSED] - delay(5): Delayed 5 second(s)

2019-09-27 14:54:26 - [MESSAGE][PASSED] - Delayed 5 second(s)

2019-09-27 14:54:26 - [TEST_STEP][PASSED] - if (toString().equalsIgnoreCase("no")): Actual text and expected text of test object 'Object Repository/Page_cabi Order Items/no_result_found' are matched.

2019-09-27 14:54:26 - [TEST_STEP][PASSED] - delay(2): Delayed 2 second(s)

2019-09-27 14:54:28 - [MESSAGE][PASSED] - Delayed 2 second(s)

2019-09-27 14:54:28 - [TEST_STEP][PASSED] - noResultMessages = findWebElements(findTestObject("Page_cabi Order Items/no_result_found"), 5): null

2019-09-27 14:54:28 - [TEST_STEP][PASSED] - println(noResultMessages.size()): null

2019-09-27 14:54:28 - [TEST_STEP][PASSED] - assert noResultMessages.size() > 0: null

2019-09-27 14:54:28 - [TEST_STEP][PASSED] - verifyElementText(findTestObject("Page_cabi Order Items/no_result_found"), "No Results Found!", CONTINUE_ON_FAILURE): Actual text and expected text of test object 'Object Repository/Page_cabi Order Items/no_result_found' are matched.

2019-09-27 14:54:28 - [MESSAGE][PASSED] - Actual text and expected text of test object 'Object Repository/Page_cabi Order Items/no_result_found' are matched.

2019-09-27 14:54:28 - [MESSAGE][PASSED] - Call Test Case 'Test Cases/NewArrival/productVerify' successfully

2019-09-27 14:54:28 - [TEST_STEP][PASSED] - callTestCase(findTestCase("NewArrival/populateTimeGlobalVars"), ["row":timeRow], CONTINUE_ON_FAILURE): Call Test Case 'Test Cases/NewArrival/populateTimeGlobalVars' successfully

2019-09-27 14:54:28 - [TEST_CASE][PASSED] - Test Cases/NewArrival/populateTimeGlobalVars: Test Cases/NewArrival/populateTimeGlobalVars

2019-09-27 14:54:28 - [TEST_STEP][PASSED] - dataFile = "timezoneData": null

2019-09-27 14:54:28 - [TEST_STEP][PASSED] - clockServerTarget = UtilityMethods.getTestData("envtData", "clockServerTarget", 1): null

2019-09-27 14:54:28 - [TEST_STEP][PASSED] - println(clockServerTarget): null

2019-09-27 14:54:28 - [TEST_STEP][PASSED] - orderType = UtilityMethods.getTestData(dataFile, "orderType", row): null

2019-09-27 14:54:28 - [TEST_STEP][PASSED] - timeZone = UtilityMethods.getTestData(dataFile, "timeZone", row): null

2019-09-27 14:54:28 - [TEST_STEP][PASSED] - BOPersonal = UtilityMethods.getTestData(dataFile, "BOPersonal", row): null

2019-09-27 14:54:29 - [TEST_STEP][PASSED] - BOAddonPersonal = UtilityMethods.getTestData(dataFile, "BOAddonPersonal", row): null

2019-09-27 14:54:29 - [TEST_STEP][PASSED] - BOAddonRetail = UtilityMethods.getTestData(dataFile, "BOAddonRetail", row): null

2019-09-27 14:54:29 - [TEST_STEP][PASSED] - BORetail = UtilityMethods.getTestData(dataFile, "BORetail", row): null

2019-09-27 14:54:29 - [TEST_STEP][PASSED] - BOShow = UtilityMethods.getTestData(dataFile, "BOShow", row): null

2019-09-27 14:54:29 - [TEST_STEP][PASSED] - BOOnlineoutlet = UtilityMethods.getTestData(dataFile, "BOOnlineoutlet", row): null

2019-09-27 14:54:29 - [TEST_STEP][PASSED] - BOEmployee = UtilityMethods.getTestData(dataFile, "BOEmployee", row): null

2019-09-27 14:54:29 - [TEST_STEP][PASSED] - CCPersonal = UtilityMethods.getTestData(dataFile, "CCPersonal", row): null

2019-09-27 14:54:29 - [TEST_STEP][PASSED] - CCRetail = UtilityMethods.getTestData(dataFile, "CCRetail", row): null

2019-09-27 14:54:29 - [TEST_STEP][PASSED] - CCShow = UtilityMethods.getTestData(dataFile, "CCShow", row): null

2019-09-27 14:54:29 - [TEST_STEP][PASSED] - BOEblast = UtilityMethods.getTestData(dataFile, "BOEblast", row): null

2019-09-27 14:54:29 - [TEST_STEP][PASSED] - println(row): null

2019-09-27 14:54:29 - [TEST_STEP][PASSED] - println(BOPersonal): null

2019-09-27 14:54:29 - [MESSAGE][PASSED] - Call Test Case 'Test Cases/NewArrival/populateTimeGlobalVars' successfully

2019-09-27 14:54:29 - [TEST_STEP][PASSED] - callTestCase(findTestCase("NewArrival/setTimezone"), ["ofbizURL":"", "ofbizuser":"", "ofbizpass":"", "orderType":orderType, "timeZone":timeZone, "serverTarget":serverTarget, "clockServerTarget":clockServerTarget], CONTINUE_ON_FAILURE): Call Test Case 'Test Cases/NewArrival/setTimezone' successfully

2019-09-27 14:54:29 - [TEST_CASE][PASSED] - Test Cases/NewArrival/setTimezone: Test Cases/NewArrival/setTimezone

2019-09-27 14:54:29 - [TEST_STEP][PASSED] - openBrowser(""): Browser is opened with url: ''

2019-09-27 14:54:29 - [MESSAGE][WARNING] - A browser is already opened. Closing browser and opening a new one

2019-09-27 14:54:30 - [MESSAGE][INFO] - Starting 'Chrome' driver

2019-09-27 14:54:30 - [MESSAGE][INFO] - User set preference: ['args', '[--use-fake-ui-for-media-stream, --start-maximized]']

2019-09-27 14:54:32 - [MESSAGE][PASSED] - Browser is opened with url: ''

2019-09-27 14:54:32 - [TEST_STEP][NOT_RUN] - maximizeWindow(): NOT_RUN: maximizeWindow()

2019-09-27 14:54:32 - [MESSAGE][NOT_RUN] - NOT_RUN: maximizeWindow()

2019-09-27 14:54:32 - [TEST_STEP][PASSED] - ofbizURL = findTestData("envtData").getValue("ofbizURL", 1): null

2019-09-27 14:54:32 - [TEST_STEP][PASSED] - ofbizuser = findTestData("credData").getValue("ofbizuser", 1): null

2019-09-27 14:54:32 - [TEST_STEP][PASSED] - ofbizpass = findTestData("credData").getValue("ofbizpass", 1): null

2019-09-27 14:54:32 - [TEST_STEP][PASSED] - navigateToUrl(ofbizURL): Navigate to 'https://pushofbiz.cliotest.com/login.php' successfully

2019-09-27 14:54:34 - [MESSAGE][PASSED] - Navigate to 'https://pushofbiz.cliotest.com/login.php' successfully

2019-09-27 14:54:34 - [TEST_STEP][PASSED] - setText(findTestObject("Page_/input_Username_username"), ofbizuser): Text 'automation' is set on object 'Object Repository/Page_/input_Username_username'

2019-09-27 14:54:34 - [MESSAGE][PASSED] - Text 'automation' is set on object 'Object Repository/Page_/input_Username_username'

2019-09-27 14:54:34 - [TEST_STEP][PASSED] - setText(findTestObject("Page_/input_Password_password"), ofbizpass): Text 'cabiautomation' is set on object 'Object Repository/Page_/input_Password_password'

2019-09-27 14:54:35 - [MESSAGE][PASSED] - Text 'cabiautomation' is set on object 'Object Repository/Page_/input_Password_password'

2019-09-27 14:54:35 - [TEST_STEP][PASSED] - click(findTestObject("Page_/input_Password_Submit")): Object: 'Object Repository/Page_/input_Password_Submit' is clicked on

2019-09-27 14:54:38 - [MESSAGE][PASSED] - Object: 'Object Repository/Page_/input_Password_Submit' is clicked on

2019-09-27 14:54:38 - [TEST_STEP][PASSED] - click(findTestObject("Object Repository/Page_/a_Clock set")): Object: 'Object Repository/Page_/a_Clock set' is clicked on

2019-09-27 14:54:39 - [MESSAGE][PASSED] - Object: 'Object Repository/Page_/a_Clock set' is clicked on

2019-09-27 14:54:39 - [TEST_STEP][PASSED] - cst = UtilityMethods.createTestObject("select_target", "//select[@name='Target']/option[contains(text(), '", clockServerTarget, "')]"): null

2019-09-27 14:54:39 - [TEST_STEP][PASSED] - println(clockServerTarget): null

2019-09-27 14:54:39 - [TEST_STEP][PASSED] - click(cst): Object: 'select_target' is clicked on

2019-09-27 14:54:39 - [MESSAGE][PASSED] - Object: 'select_target' is clicked on

2019-09-27 14:54:39 - [TEST_STEP][PASSED] - click(findTestObject("Page_/thisDateAndTime")): Object: 'Object Repository/Page_/thisDateAndTime' is clicked on

2019-09-27 14:54:39 - [MESSAGE][PASSED] - Object: 'Object Repository/Page_/thisDateAndTime' is clicked on

2019-09-27 14:54:39 - [TEST_STEP][PASSED] - setText(findTestObject("Object Repository/Page_/setTargetTime"), timeZone): Text ' 11/01/2019 12:00' is set on object 'Object Repository/Page_/setTargetTime'

2019-09-27 14:54:39 - [MESSAGE][PASSED] - Text ' 11/01/2019 12:00' is set on object 'Object Repository/Page_/setTargetTime'

2019-09-27 14:54:39 - [TEST_STEP][PASSED] - click(findTestObject("Object Repository/Page_/input")): Object: 'Object Repository/Page_/input' is clicked on

2019-09-27 14:54:40 - [MESSAGE][PASSED] - Object: 'Object Repository/Page_/input' is clicked on

2019-09-27 14:54:40 - [TEST_STEP][PASSED] - delay(10): Delayed 10 second(s)

2019-09-27 14:54:50 - [MESSAGE][PASSED] - Delayed 10 second(s)

2019-09-27 14:54:50 - [TEST_STEP][NOT_RUN] - closeBrowser(): NOT_RUN: closeBrowser()

2019-09-27 14:54:50 - [MESSAGE][NOT_RUN] - NOT_RUN: closeBrowser()

2019-09-27 14:54:50 - [MESSAGE][PASSED] - Call Test Case 'Test Cases/NewArrival/setTimezone' successfully

2019-09-27 14:54:50 - [TEST_STEP][PASSED] - callTestCase(findTestCase("TestCaseUtilities/backOfficeLogin"), ["BOURL":"", "BOuser":"", "BOpass":""], CONTINUE_ON_FAILURE): Call Test Case 'Test Cases/TestCaseUtilities/backOfficeLogin' successfully

2019-09-27 14:54:50 - [TEST_CASE][PASSED] - Test Cases/TestCaseUtilities/backOfficeLogin: Test Cases/TestCaseUtilities/backOfficeLogin

2019-09-27 14:54:50 - [TEST_STEP][PASSED] - BOURL = findTestData("envtData").getValue("BOURL", 1): null

2019-09-27 14:54:50 - [TEST_STEP][PASSED] - BOuser = findTestData("credData").getValue("BOuser", 1): null

2019-09-27 14:54:50 - [TEST_STEP][PASSED] - BOpass = findTestData("credData").getValue("BOpass", 1): null

2019-09-27 14:54:50 - [TEST_STEP][PASSED] - openBrowser(""): Browser is opened with url: ''

2019-09-27 14:54:50 - [MESSAGE][WARNING] - A browser is already opened. Closing browser and opening a new one

2019-09-27 14:54:51 - [MESSAGE][INFO] - Starting 'Chrome' driver

2019-09-27 14:54:51 - [MESSAGE][INFO] - User set preference: ['args', '[--use-fake-ui-for-media-stream, --start-maximized]']

2019-09-27 14:54:53 - [MESSAGE][PASSED] - Browser is opened with url: ''

2019-09-27 14:54:53 - [TEST_STEP][PASSED] - navigateToUrl(BOURL): Navigate to 'https://test4.cliotest.com/backoffice/control/main' successfully

2019-09-27 14:55:00 - [MESSAGE][PASSED] - Navigate to 'https://test4.cliotest.com/backoffice/control/main' successfully

2019-09-27 14:55:00 - [TEST_STEP][PASSED] - logOut = findWebElements(findTestObject("Object Repository/Page_cabi Home/log_out"), 1): Unable to find the element located by 'By.xpath: //a[contains(text(),'Log Out')]'. Please recheck the objects properties to make sure the desired element is located. 

2019-09-27 14:55:01 - [MESSAGE][INFO] - Unable to find the element located by 'By.xpath: //a[contains(text(),'Log Out')]'. Please recheck the objects properties to make sure the desired element is located. 

2019-09-27 14:55:01 - [TEST_STEP][PASSED] - if (logOut.size() == 0): Object: 'Object Repository/Page_cabi/input_Welcome to_consultantLogin' is clicked on

2019-09-27 14:55:01 - [TEST_STEP][PASSED] - setText(findTestObject("Page_cabi/input_Welcome to_USERNAME"), BOuser): Text '400000002' is set on object 'Object Repository/Page_cabi/input_Welcome to_USERNAME'

2019-09-27 14:55:01 - [MESSAGE][PASSED] - Text '400000002' is set on object 'Object Repository/Page_cabi/input_Welcome to_USERNAME'

2019-09-27 14:55:01 - [TEST_STEP][PASSED] - setText(findTestObject("Object Repository/Page_cabi/input_Welcome to_PASSWORD"), BOpass): Text 'blackdress19' is set on object 'Object Repository/Page_cabi/input_Welcome to_PASSWORD'

2019-09-27 14:55:01 - [MESSAGE][PASSED] - Text 'blackdress19' is set on object 'Object Repository/Page_cabi/input_Welcome to_PASSWORD'

2019-09-27 14:55:01 - [TEST_STEP][PASSED] - click(findTestObject("Object Repository/Page_cabi/input_Welcome to_consultantLogin")): Object: 'Object Repository/Page_cabi/input_Welcome to_consultantLogin' is clicked on

2019-09-27 14:55:10 - [MESSAGE][PASSED] - Object: 'Object Repository/Page_cabi/input_Welcome to_consultantLogin' is clicked on

2019-09-27 14:55:10 - [TEST_STEP][PASSED] - delay(3): Delayed 3 second(s)

2019-09-27 14:55:13 - [MESSAGE][PASSED] - Delayed 3 second(s)

2019-09-27 14:55:13 - [MESSAGE][PASSED] - Call Test Case 'Test Cases/TestCaseUtilities/backOfficeLogin' successfully

2019-09-27 14:55:13 - [TEST_STEP][PASSED] - click(findTestObject("Object Repository/Page_cabi Home/a_Shows  Orders")): Object: 'Object Repository/Page_cabi Home/a_Shows  Orders' is clicked on

2019-09-27 14:55:13 - [MESSAGE][PASSED] - Object: 'Object Repository/Page_cabi Home/a_Shows  Orders' is clicked on

2019-09-27 14:55:13 - [TEST_STEP][PASSED] - click(findTestObject("Page_cabi Home/a_personal_purchases")): Object: 'Object Repository/Page_cabi Home/a_personal_purchases' is clicked on

2019-09-27 14:55:15 - [MESSAGE][PASSED] - Object: 'Object Repository/Page_cabi Home/a_personal_purchases' is clicked on

2019-09-27 14:55:15 - [TEST_STEP][PASSED] - click(findTestObject("Object Repository/Page_cabi Personal Store/span_Continue to Order")): Object: 'Object Repository/Page_cabi Personal Store/span_Continue to Order' is clicked on

2019-09-27 14:55:16 - [MESSAGE][PASSED] - Object: 'Object Repository/Page_cabi Personal Store/span_Continue to Order' is clicked on

2019-09-27 14:55:16 - [TEST_STEP][PASSED] - println(BOPersonal): null

2019-09-27 14:55:16 - [TEST_STEP][PASSED] - callTestCase(findTestCase("NewArrival/productVerify"), ["available":BOPersonal, "storeType":"BOPersonal"], CONTINUE_ON_FAILURE): Call Test Case 'Test Cases/NewArrival/productVerify' successfully

2019-09-27 14:55:16 - [TEST_CASE][PASSED] - Test Cases/NewArrival/productVerify: Test Cases/NewArrival/productVerify

2019-09-27 14:55:16 - [TEST_STEP][PASSED] - for ([row = 1, row <= findTestData("productData").getRowNumbers(), (row++)]): null

2019-09-27 14:55:16 - [TEST_STEP][PASSED] - setText(findTestObject("Object Repository/Page_cabi Order Items/input_New Arrivals - Blooming Blush_style"), findTestData("productData").getValue("Style", row)): Text '3875' is set on object 'Object Repository/Page_cabi Order Items/input_New Arrivals - Blooming Blush_style'

2019-09-27 14:55:17 - [MESSAGE][PASSED] - Text '3875' is set on object 'Object Repository/Page_cabi Order Items/input_New Arrivals - Blooming Blush_style'

2019-09-27 14:55:17 - [TEST_STEP][PASSED] - sendKeys(findTestObject("Object Repository/Page_cabi Order Items/input_New Arrivals - Blooming Blush_style"), Keys.chord(ENTER)): Keys 'ENTER + ' sent to object: 'Object Repository/Page_cabi Order Items/input_New Arrivals - Blooming Blush_style'

2019-09-27 14:55:17 - [MESSAGE][PASSED] - Keys 'ENTER + ' sent to object: 'Object Repository/Page_cabi Order Items/input_New Arrivals - Blooming Blush_style'

2019-09-27 14:55:17 - [TEST_STEP][PASSED] - delay(5): Delayed 5 second(s)

2019-09-27 14:55:22 - [MESSAGE][PASSED] - Delayed 5 second(s)

2019-09-27 14:55:22 - [TEST_STEP][PASSED] - if (toString().equalsIgnoreCase("no")): null

2019-09-27 14:55:22 - [TEST_STEP][PASSED] - else: null

2019-09-27 14:55:22 - [TEST_STEP][PASSED] - click(findTestObject("Page_cabi Order Items/li_order_item")): Object: 'Object Repository/Page_cabi Order Items/li_order_item' is clicked on

2019-09-27 14:55:22 - [MESSAGE][PASSED] - Object: 'Object Repository/Page_cabi Order Items/li_order_item' is clicked on

2019-09-27 14:55:22 - [TEST_STEP][PASSED] - delay(5): Delayed 5 second(s)

2019-09-27 14:55:27 - [MESSAGE][PASSED] - Delayed 5 second(s)

2019-09-27 14:55:27 - [TEST_STEP][PASSED] - imgString1 = getValue("Style", row).toString(): null

2019-09-27 14:55:27 - [TEST_STEP][PASSED] - imagePath = UtilityMethods.createScreenshotImagePath(storeType, imgString1): null

2019-09-27 14:55:27 - [TEST_STEP][PASSED] - println(imagePath): null

2019-09-27 14:55:27 - [TEST_STEP][PASSED] - takeScreenshot(imagePath): Taking screenshot successfully

2019-09-27 14:55:27 - [MESSAGE][PASSED] - Taking screenshot successfully
[[ATTACHMENT|C:\\Users\\user\\Documents\\testautomation\\KatalonProjects\\productImages\\BOPersonal_3875 image.png]]

2019-09-27 14:55:27 - [TEST_STEP][PASSED] - verifyElementText(findTestObject("Page_cabi Order Items/GetAttribute_getID"), findTestData("productData").getValue("Style", row), CONTINUE_ON_FAILURE): Actual text and expected text of test object 'Object Repository/Page_cabi Order Items/GetAttribute_getID' are matched.

2019-09-27 14:55:27 - [MESSAGE][PASSED] - Actual text and expected text of test object 'Object Repository/Page_cabi Order Items/GetAttribute_getID' are matched.

2019-09-27 14:55:27 - [TEST_STEP][PASSED] - colorOptions = findWebElements(findTestObject("Page_cabi Order Items/GetAttribute_Color"), 5): null

2019-09-27 14:55:27 - [TEST_STEP][PASSED] - println(colorOptions.size()): null

2019-09-27 14:55:27 - [TEST_STEP][PASSED] - expectedColour = findTestData("productData").getValue("Color", row): null

2019-09-27 14:55:27 - [TEST_STEP][PASSED] - println("expected colour is"): null

2019-09-27 14:55:27 - [TEST_STEP][PASSED] - println(expectedColour): null

2019-09-27 14:55:27 - [TEST_STEP][PASSED] - colourVerified = false: null

2019-09-27 14:55:27 - [TEST_STEP][PASSED] - for (org.openqa.selenium.WebElement op : colorOptions): null

2019-09-27 14:55:27 - [TEST_STEP][PASSED] - println(op.getText()): null

2019-09-27 14:55:27 - [TEST_STEP][PASSED] - if (expectedColour.equalsIgnoreCase(op.getText())): null

2019-09-27 14:55:27 - [TEST_STEP][PASSED] - colourVerified = true: null

2019-09-27 14:55:27 - [TEST_STEP][PASSED] - break: null

2019-09-27 14:55:27 - [TEST_STEP][PASSED] - assert colourVerified == true: null

2019-09-27 14:55:27 - [TEST_STEP][PASSED] - getPrice = getText(findTestObject("Page_cabi Order Items/GetAttribute_Price")): Text of object 'Object Repository/Page_cabi Order Items/GetAttribute_Price' is: 'Price : $159.00'

2019-09-27 14:55:27 - [MESSAGE][PASSED] - Text of object 'Object Repository/Page_cabi Order Items/GetAttribute_Price' is: 'Price : $159.00'

2019-09-27 14:55:27 - [TEST_STEP][PASSED] - Split_Data = UtilityMethods.SplitData(getPrice): null

2019-09-27 14:55:27 - [TEST_STEP][PASSED] - verifyMatch(Split_Data, findTestData("productData").getValue("Retail", row), true, CONTINUE_ON_FAILURE): Actual text '159' and expected text '159' are matched  using regular expression

2019-09-27 14:55:27 - [MESSAGE][PASSED] - Actual text '159' and expected text '159' are matched  using regular expression

2019-09-27 14:55:27 - [TEST_STEP][PASSED] - sizeRange1 = ["XXS", "XS", "S", "M", "L", "XL"]: null

2019-09-27 14:55:27 - [TEST_STEP][PASSED] - sizeRange2 = ["00", "0", "2", "4", "6", "8", "10", "12", "14", "16"]: null

2019-09-27 14:55:27 - [TEST_STEP][PASSED] - sizeRange3 = ["Long", "Regular", "Short"]: null

2019-09-27 14:55:27 - [TEST_STEP][PASSED] - sizeRange4 = ["5", "6", "6.5", "7", "7.5", "8", "8.5", "9", "9.5", "10", "11"]: null

2019-09-27 14:55:27 - [TEST_STEP][PASSED] - sizeRangeSplit = UtilityMethods.SplitSizes(findTestData("productData").getValue("SzRange", row)): null

2019-09-27 14:55:27 - [TEST_STEP][PASSED] - sizeType = getText(findTestObject("Object Repository/Page_cabi Order Items/Size")): Text of object 'Object Repository/Page_cabi Order Items/Size' is: 'Select'

2019-09-27 14:55:27 - [MESSAGE][PASSED] - Text of object 'Object Repository/Page_cabi Order Items/Size' is: 'Select'

2019-09-27 14:55:27 - [TEST_STEP][PASSED] - sizeOptions = findWebElements(findTestObject("Object Repository/Page_cabi Order Items/Size"), 5): null

2019-09-27 14:55:27 - [TEST_STEP][PASSED] - actualRange = new java.util.ArrayList(): null

2019-09-27 14:55:27 - [TEST_STEP][PASSED] - expectedRange = <not implemented yet for class: org.codehaus.groovy.ast.expr.EmptyExpression>: null

2019-09-27 14:55:27 - [TEST_STEP][PASSED] - if (sizeType.equalsIgnoreCase("Select")): null

2019-09-27 14:55:27 - [TEST_STEP][PASSED] - for ([i = 1, i < sizeOptions.size(), (i++)]): null

2019-09-27 14:55:27 - [TEST_STEP][PASSED] - actualRange.add(getAttribute("value").toString()): null

2019-09-27 14:55:27 - [TEST_STEP][PASSED] - actualRange.add(getAttribute("value").toString()): null

2019-09-27 14:55:27 - [TEST_STEP][PASSED] - actualRange.add(getAttribute("value").toString()): null

2019-09-27 14:55:27 - [TEST_STEP][PASSED] - actualRange.add(getAttribute("value").toString()): null

2019-09-27 14:55:27 - [TEST_STEP][PASSED] - actualRange.add(getAttribute("value").toString()): null

2019-09-27 14:55:28 - [TEST_STEP][PASSED] - if (toString().equalsIgnoreCase("XS") || toString().equalsIgnoreCase("XXS")): null

2019-09-27 14:55:28 - [TEST_STEP][PASSED] - expectedRange = UtilityMethods.getExpectedRange(sizeRange1, sizeRangeSplit): null

2019-09-27 14:55:28 - [TEST_STEP][PASSED] - println("XS"): null

2019-09-27 14:55:28 - [TEST_STEP][PASSED] - println(expectedRange.toString()): null

2019-09-27 14:55:28 - [TEST_STEP][PASSED] - assert UtilityMethods.listEquals(expectedRange, actualRange) == true: null

2019-09-27 14:55:28 - [TEST_STEP][PASSED] - delay(2): Delayed 2 second(s)

2019-09-27 14:55:30 - [MESSAGE][PASSED] - Delayed 2 second(s)

2019-09-27 14:55:30 - [TEST_STEP][PASSED] - verifyElementText(findTestObject("Page_cabi Order Items/product_title"), findTestData("productData").getValue("Description", row), CONTINUE_ON_FAILURE): Actual text and expected text of test object 'Object Repository/Page_cabi Order Items/product_title' are matched.

2019-09-27 14:55:30 - [MESSAGE][PASSED] - Actual text and expected text of test object 'Object Repository/Page_cabi Order Items/product_title' are matched.

2019-09-27 14:55:30 - [TEST_STEP][PASSED] - verifyElementText(findTestObject("Page_cabi Order Items/product_fabric"), findTestData("productData").getValue("FinalContent", row), CONTINUE_ON_FAILURE): Actual text and expected text of test object 'Object Repository/Page_cabi Order Items/product_fabric' are matched.

2019-09-27 14:55:30 - [MESSAGE][PASSED] - Actual text and expected text of test object 'Object Repository/Page_cabi Order Items/product_fabric' are matched.

2019-09-27 14:55:30 - [TEST_STEP][PASSED] - actualCasreIntrn = "<div>" + getText(findTestObject("Page_cabi Order Items/care_instruction")) + "</div>": Text of object 'Object Repository/Page_cabi Order Items/care_instruction' is: 'Turn garment inside out and place in a mesh bag. Machine wash separately in cold water on the delicate cycle. Only non-chlorine bleach if needed. Do not twist or wring. Lay flat to dry. Steam iron only if needed. Do not press with flat iron. Can be dry cleaned.'

2019-09-27 14:55:30 - [MESSAGE][PASSED] - Text of object 'Object Repository/Page_cabi Order Items/care_instruction' is: 'Turn garment inside out and place in a mesh bag. Machine wash separately in cold water on the delicate cycle. Only non-chlorine bleach if needed. Do not twist or wring. Lay flat to dry. Steam iron only if needed. Do not press with flat iron. Can be dry cleaned.'

2019-09-27 14:55:30 - [TEST_STEP][PASSED] - assert actualCasreIntrn.equals(findTestData("productData").getValue("CareInstr", row)): null

2019-09-27 14:55:30 - [MESSAGE][PASSED] - Call Test Case 'Test Cases/NewArrival/productVerify' successfully

2019-09-27 14:55:30 - [TEST_STEP][PASSED] - callTestCase(findTestCase("NewArrival/populateTimeGlobalVars"), ["row":timeRow], CONTINUE_ON_FAILURE): Call Test Case 'Test Cases/NewArrival/populateTimeGlobalVars' successfully

2019-09-27 14:55:30 - [TEST_CASE][PASSED] - Test Cases/NewArrival/populateTimeGlobalVars: Test Cases/NewArrival/populateTimeGlobalVars

2019-09-27 14:55:30 - [TEST_STEP][PASSED] - dataFile = "timezoneData": null

2019-09-27 14:55:30 - [TEST_STEP][PASSED] - clockServerTarget = UtilityMethods.getTestData("envtData", "clockServerTarget", 1): null

2019-09-27 14:55:30 - [TEST_STEP][PASSED] - println(clockServerTarget): null

2019-09-27 14:55:30 - [TEST_STEP][PASSED] - orderType = UtilityMethods.getTestData(dataFile, "orderType", row): null

2019-09-27 14:55:30 - [TEST_STEP][PASSED] - timeZone = UtilityMethods.getTestData(dataFile, "timeZone", row): null

2019-09-27 14:55:30 - [TEST_STEP][PASSED] - BOPersonal = UtilityMethods.getTestData(dataFile, "BOPersonal", row): null

2019-09-27 14:55:30 - [TEST_STEP][PASSED] - BOAddonPersonal = UtilityMethods.getTestData(dataFile, "BOAddonPersonal", row): null

2019-09-27 14:55:30 - [TEST_STEP][PASSED] - BOAddonRetail = UtilityMethods.getTestData(dataFile, "BOAddonRetail", row): null

2019-09-27 14:55:30 - [TEST_STEP][PASSED] - BORetail = UtilityMethods.getTestData(dataFile, "BORetail", row): null

2019-09-27 14:55:30 - [TEST_STEP][PASSED] - BOShow = UtilityMethods.getTestData(dataFile, "BOShow", row): null

2019-09-27 14:55:30 - [TEST_STEP][PASSED] - BOOnlineoutlet = UtilityMethods.getTestData(dataFile, "BOOnlineoutlet", row): null

2019-09-27 14:55:30 - [TEST_STEP][PASSED] - BOEmployee = UtilityMethods.getTestData(dataFile, "BOEmployee", row): null

2019-09-27 14:55:30 - [TEST_STEP][PASSED] - CCPersonal = UtilityMethods.getTestData(dataFile, "CCPersonal", row): null

2019-09-27 14:55:30 - [TEST_STEP][PASSED] - CCRetail = UtilityMethods.getTestData(dataFile, "CCRetail", row): null

2019-09-27 14:55:30 - [TEST_STEP][PASSED] - CCShow = UtilityMethods.getTestData(dataFile, "CCShow", row): null

2019-09-27 14:55:30 - [TEST_STEP][PASSED] - BOEblast = UtilityMethods.getTestData(dataFile, "BOEblast", row): null

2019-09-27 14:55:30 - [TEST_STEP][PASSED] - println(row): null

2019-09-27 14:55:30 - [TEST_STEP][PASSED] - println(BOPersonal): null

2019-09-27 14:55:30 - [MESSAGE][PASSED] - Call Test Case 'Test Cases/NewArrival/populateTimeGlobalVars' successfully

2019-09-27 14:55:30 - [TEST_STEP][PASSED] - callTestCase(findTestCase("NewArrival/setTimezone"), ["ofbizURL":"", "ofbizuser":"", "ofbizpass":"", "orderType":orderType, "timeZone":timeZone, "serverTarget":serverTarget, "clockServerTarget":clockServerTarget], CONTINUE_ON_FAILURE): Call Test Case 'Test Cases/NewArrival/setTimezone' successfully

2019-09-27 14:55:30 - [TEST_CASE][PASSED] - Test Cases/NewArrival/setTimezone: Test Cases/NewArrival/setTimezone

2019-09-27 14:55:30 - [TEST_STEP][PASSED] - openBrowser(""): Browser is opened with url: ''

2019-09-27 14:55:30 - [MESSAGE][WARNING] - A browser is already opened. Closing browser and opening a new one

2019-09-27 14:55:31 - [MESSAGE][INFO] - Starting 'Chrome' driver

2019-09-27 14:55:31 - [MESSAGE][INFO] - User set preference: ['args', '[--use-fake-ui-for-media-stream, --start-maximized]']

2019-09-27 14:55:34 - [MESSAGE][PASSED] - Browser is opened with url: ''

2019-09-27 14:55:34 - [TEST_STEP][NOT_RUN] - maximizeWindow(): NOT_RUN: maximizeWindow()

2019-09-27 14:55:34 - [MESSAGE][NOT_RUN] - NOT_RUN: maximizeWindow()

2019-09-27 14:55:34 - [TEST_STEP][PASSED] - ofbizURL = findTestData("envtData").getValue("ofbizURL", 1): null

2019-09-27 14:55:34 - [TEST_STEP][PASSED] - ofbizuser = findTestData("credData").getValue("ofbizuser", 1): null

2019-09-27 14:55:34 - [TEST_STEP][PASSED] - ofbizpass = findTestData("credData").getValue("ofbizpass", 1): null

2019-09-27 14:55:34 - [TEST_STEP][PASSED] - navigateToUrl(ofbizURL): Navigate to 'https://pushofbiz.cliotest.com/login.php' successfully

2019-09-27 14:55:36 - [MESSAGE][PASSED] - Navigate to 'https://pushofbiz.cliotest.com/login.php' successfully

2019-09-27 14:55:36 - [TEST_STEP][PASSED] - setText(findTestObject("Page_/input_Username_username"), ofbizuser): Text 'automation' is set on object 'Object Repository/Page_/input_Username_username'

2019-09-27 14:55:36 - [MESSAGE][PASSED] - Text 'automation' is set on object 'Object Repository/Page_/input_Username_username'

2019-09-27 14:55:36 - [TEST_STEP][PASSED] - setText(findTestObject("Page_/input_Password_password"), ofbizpass): Text 'cabiautomation' is set on object 'Object Repository/Page_/input_Password_password'

2019-09-27 14:55:36 - [MESSAGE][PASSED] - Text 'cabiautomation' is set on object 'Object Repository/Page_/input_Password_password'

2019-09-27 14:55:36 - [TEST_STEP][PASSED] - click(findTestObject("Page_/input_Password_Submit")): Object: 'Object Repository/Page_/input_Password_Submit' is clicked on

2019-09-27 14:55:41 - [MESSAGE][PASSED] - Object: 'Object Repository/Page_/input_Password_Submit' is clicked on

2019-09-27 14:55:41 - [TEST_STEP][PASSED] - click(findTestObject("Object Repository/Page_/a_Clock set")): Object: 'Object Repository/Page_/a_Clock set' is clicked on

2019-09-27 14:55:41 - [MESSAGE][PASSED] - Object: 'Object Repository/Page_/a_Clock set' is clicked on

2019-09-27 14:55:41 - [TEST_STEP][PASSED] - cst = UtilityMethods.createTestObject("select_target", "//select[@name='Target']/option[contains(text(), '", clockServerTarget, "')]"): null

2019-09-27 14:55:41 - [TEST_STEP][PASSED] - println(clockServerTarget): null

2019-09-27 14:55:41 - [TEST_STEP][PASSED] - click(cst): Object: 'select_target' is clicked on

2019-09-27 14:55:41 - [MESSAGE][PASSED] - Object: 'select_target' is clicked on

2019-09-27 14:55:41 - [TEST_STEP][PASSED] - click(findTestObject("Page_/thisDateAndTime")): Object: 'Object Repository/Page_/thisDateAndTime' is clicked on

2019-09-27 14:55:41 - [MESSAGE][PASSED] - Object: 'Object Repository/Page_/thisDateAndTime' is clicked on

2019-09-27 14:55:41 - [TEST_STEP][PASSED] - setText(findTestObject("Object Repository/Page_/setTargetTime"), timeZone): Text ' 11/05/2019 00:00' is set on object 'Object Repository/Page_/setTargetTime'

2019-09-27 14:55:41 - [MESSAGE][PASSED] - Text ' 11/05/2019 00:00' is set on object 'Object Repository/Page_/setTargetTime'

2019-09-27 14:55:41 - [TEST_STEP][PASSED] - click(findTestObject("Object Repository/Page_/input")): Object: 'Object Repository/Page_/input' is clicked on

2019-09-27 14:55:42 - [MESSAGE][PASSED] - Object: 'Object Repository/Page_/input' is clicked on

2019-09-27 14:55:42 - [TEST_STEP][PASSED] - delay(10): Delayed 10 second(s)

2019-09-27 14:55:52 - [MESSAGE][PASSED] - Delayed 10 second(s)

2019-09-27 14:55:52 - [TEST_STEP][NOT_RUN] - closeBrowser(): NOT_RUN: closeBrowser()

2019-09-27 14:55:52 - [MESSAGE][NOT_RUN] - NOT_RUN: closeBrowser()

2019-09-27 14:55:52 - [MESSAGE][PASSED] - Call Test Case 'Test Cases/NewArrival/setTimezone' successfully

2019-09-27 14:55:52 - [TEST_STEP][PASSED] - callTestCase(findTestCase("TestCaseUtilities/backOfficeLogin"), ["BOURL":"", "BOuser":"", "BOpass":""], CONTINUE_ON_FAILURE): Call Test Case 'Test Cases/TestCaseUtilities/backOfficeLogin' successfully

2019-09-27 14:55:52 - [TEST_CASE][PASSED] - Test Cases/TestCaseUtilities/backOfficeLogin: Test Cases/TestCaseUtilities/backOfficeLogin

2019-09-27 14:55:52 - [TEST_STEP][PASSED] - BOURL = findTestData("envtData").getValue("BOURL", 1): null

2019-09-27 14:55:52 - [TEST_STEP][PASSED] - BOuser = findTestData("credData").getValue("BOuser", 1): null

2019-09-27 14:55:52 - [TEST_STEP][PASSED] - BOpass = findTestData("credData").getValue("BOpass", 1): null

2019-09-27 14:55:52 - [TEST_STEP][PASSED] - openBrowser(""): Browser is opened with url: ''

2019-09-27 14:55:52 - [MESSAGE][WARNING] - A browser is already opened. Closing browser and opening a new one

2019-09-27 14:55:53 - [MESSAGE][INFO] - Starting 'Chrome' driver

2019-09-27 14:55:53 - [MESSAGE][INFO] - User set preference: ['args', '[--use-fake-ui-for-media-stream, --start-maximized]']

2019-09-27 14:55:55 - [MESSAGE][PASSED] - Browser is opened with url: ''

2019-09-27 14:55:55 - [TEST_STEP][PASSED] - navigateToUrl(BOURL): Navigate to 'https://test4.cliotest.com/backoffice/control/main' successfully

2019-09-27 14:56:03 - [MESSAGE][PASSED] - Navigate to 'https://test4.cliotest.com/backoffice/control/main' successfully

2019-09-27 14:56:03 - [TEST_STEP][PASSED] - logOut = findWebElements(findTestObject("Object Repository/Page_cabi Home/log_out"), 1): Unable to find the element located by 'By.xpath: //a[contains(text(),'Log Out')]'. Please recheck the objects properties to make sure the desired element is located. 

2019-09-27 14:56:04 - [MESSAGE][INFO] - Unable to find the element located by 'By.xpath: //a[contains(text(),'Log Out')]'. Please recheck the objects properties to make sure the desired element is located. 

2019-09-27 14:56:04 - [TEST_STEP][PASSED] - if (logOut.size() == 0): Object: 'Object Repository/Page_cabi/input_Welcome to_consultantLogin' is clicked on

2019-09-27 14:56:04 - [TEST_STEP][PASSED] - setText(findTestObject("Page_cabi/input_Welcome to_USERNAME"), BOuser): Text '400000002' is set on object 'Object Repository/Page_cabi/input_Welcome to_USERNAME'

2019-09-27 14:56:04 - [MESSAGE][PASSED] - Text '400000002' is set on object 'Object Repository/Page_cabi/input_Welcome to_USERNAME'

2019-09-27 14:56:04 - [TEST_STEP][PASSED] - setText(findTestObject("Object Repository/Page_cabi/input_Welcome to_PASSWORD"), BOpass): Text 'blackdress19' is set on object 'Object Repository/Page_cabi/input_Welcome to_PASSWORD'

2019-09-27 14:56:04 - [MESSAGE][PASSED] - Text 'blackdress19' is set on object 'Object Repository/Page_cabi/input_Welcome to_PASSWORD'

2019-09-27 14:56:04 - [TEST_STEP][PASSED] - click(findTestObject("Object Repository/Page_cabi/input_Welcome to_consultantLogin")): Object: 'Object Repository/Page_cabi/input_Welcome to_consultantLogin' is clicked on

2019-09-27 14:56:12 - [MESSAGE][PASSED] - Object: 'Object Repository/Page_cabi/input_Welcome to_consultantLogin' is clicked on

2019-09-27 14:56:12 - [TEST_STEP][PASSED] - delay(3): Delayed 3 second(s)

2019-09-27 14:56:15 - [MESSAGE][PASSED] - Delayed 3 second(s)

2019-09-27 14:56:15 - [MESSAGE][PASSED] - Call Test Case 'Test Cases/TestCaseUtilities/backOfficeLogin' successfully

2019-09-27 14:56:15 - [TEST_STEP][PASSED] - click(findTestObject("Object Repository/Page_cabi Home/a_Shows  Orders")): Object: 'Object Repository/Page_cabi Home/a_Shows  Orders' is clicked on

2019-09-27 14:56:16 - [MESSAGE][PASSED] - Object: 'Object Repository/Page_cabi Home/a_Shows  Orders' is clicked on

2019-09-27 14:56:16 - [TEST_STEP][PASSED] - click(findTestObject("Page_cabi Home/a_personal_purchases")): Object: 'Object Repository/Page_cabi Home/a_personal_purchases' is clicked on

2019-09-27 14:56:19 - [MESSAGE][PASSED] - Object: 'Object Repository/Page_cabi Home/a_personal_purchases' is clicked on

2019-09-27 14:56:19 - [TEST_STEP][PASSED] - click(findTestObject("Object Repository/Page_cabi Personal Store/span_Continue to Order")): Object: 'Object Repository/Page_cabi Personal Store/span_Continue to Order' is clicked on

2019-09-27 14:56:20 - [MESSAGE][PASSED] - Object: 'Object Repository/Page_cabi Personal Store/span_Continue to Order' is clicked on

2019-09-27 14:56:20 - [TEST_STEP][PASSED] - println(BOPersonal): null

2019-09-27 14:56:20 - [TEST_STEP][PASSED] - callTestCase(findTestCase("NewArrival/productVerify"), ["available":BOPersonal, "storeType":"BOPersonal"], CONTINUE_ON_FAILURE): Call Test Case 'Test Cases/NewArrival/productVerify' successfully

2019-09-27 14:56:20 - [TEST_CASE][PASSED] - Test Cases/NewArrival/productVerify: Test Cases/NewArrival/productVerify

2019-09-27 14:56:20 - [TEST_STEP][PASSED] - for ([row = 1, row <= findTestData("productData").getRowNumbers(), (row++)]): Actual text and expected text of test object 'Object Repository/Page_cabi Order Items/no_result_found' are matched.

2019-09-27 14:56:20 - [TEST_STEP][PASSED] - setText(findTestObject("Object Repository/Page_cabi Order Items/input_New Arrivals - Blooming Blush_style"), findTestData("productData").getValue("Style", row)): Text '3875' is set on object 'Object Repository/Page_cabi Order Items/input_New Arrivals - Blooming Blush_style'

2019-09-27 14:56:20 - [MESSAGE][PASSED] - Text '3875' is set on object 'Object Repository/Page_cabi Order Items/input_New Arrivals - Blooming Blush_style'

2019-09-27 14:56:21 - [TEST_STEP][PASSED] - sendKeys(findTestObject("Object Repository/Page_cabi Order Items/input_New Arrivals - Blooming Blush_style"), Keys.chord(ENTER)): Keys 'ENTER + ' sent to object: 'Object Repository/Page_cabi Order Items/input_New Arrivals - Blooming Blush_style'

2019-09-27 14:56:21 - [MESSAGE][PASSED] - Keys 'ENTER + ' sent to object: 'Object Repository/Page_cabi Order Items/input_New Arrivals - Blooming Blush_style'

2019-09-27 14:56:21 - [TEST_STEP][PASSED] - delay(5): Delayed 5 second(s)

2019-09-27 14:56:26 - [MESSAGE][PASSED] - Delayed 5 second(s)

2019-09-27 14:56:26 - [TEST_STEP][PASSED] - if (toString().equalsIgnoreCase("no")): Actual text and expected text of test object 'Object Repository/Page_cabi Order Items/no_result_found' are matched.

2019-09-27 14:56:26 - [TEST_STEP][PASSED] - delay(2): Delayed 2 second(s)

2019-09-27 14:56:28 - [MESSAGE][PASSED] - Delayed 2 second(s)

2019-09-27 14:56:28 - [TEST_STEP][PASSED] - noResultMessages = findWebElements(findTestObject("Page_cabi Order Items/no_result_found"), 5): null

2019-09-27 14:56:28 - [TEST_STEP][PASSED] - println(noResultMessages.size()): null

2019-09-27 14:56:28 - [TEST_STEP][PASSED] - assert noResultMessages.size() > 0: null

2019-09-27 14:56:28 - [TEST_STEP][PASSED] - verifyElementText(findTestObject("Page_cabi Order Items/no_result_found"), "No Results Found!", CONTINUE_ON_FAILURE): Actual text and expected text of test object 'Object Repository/Page_cabi Order Items/no_result_found' are matched.

2019-09-27 14:56:28 - [MESSAGE][PASSED] - Actual text and expected text of test object 'Object Repository/Page_cabi Order Items/no_result_found' are matched.

2019-09-27 14:56:28 - [MESSAGE][PASSED] - Call Test Case 'Test Cases/NewArrival/productVerify' successfully

2019-09-27 14:56:28 - [TEST_STEP][PASSED] - callTestCase(findTestCase("NewArrival/populateTimeGlobalVars"), ["row":timeRow], CONTINUE_ON_FAILURE): Call Test Case 'Test Cases/NewArrival/populateTimeGlobalVars' successfully

2019-09-27 14:56:28 - [TEST_CASE][PASSED] - Test Cases/NewArrival/populateTimeGlobalVars: Test Cases/NewArrival/populateTimeGlobalVars

2019-09-27 14:56:28 - [TEST_STEP][PASSED] - dataFile = "timezoneData": null

2019-09-27 14:56:28 - [TEST_STEP][PASSED] - clockServerTarget = UtilityMethods.getTestData("envtData", "clockServerTarget", 1): null

2019-09-27 14:56:28 - [TEST_STEP][PASSED] - println(clockServerTarget): null

2019-09-27 14:56:28 - [TEST_STEP][PASSED] - orderType = UtilityMethods.getTestData(dataFile, "orderType", row): null

2019-09-27 14:56:28 - [TEST_STEP][PASSED] - timeZone = UtilityMethods.getTestData(dataFile, "timeZone", row): null

2019-09-27 14:56:28 - [TEST_STEP][PASSED] - BOPersonal = UtilityMethods.getTestData(dataFile, "BOPersonal", row): null

2019-09-27 14:56:28 - [TEST_STEP][PASSED] - BOAddonPersonal = UtilityMethods.getTestData(dataFile, "BOAddonPersonal", row): null

2019-09-27 14:56:28 - [TEST_STEP][PASSED] - BOAddonRetail = UtilityMethods.getTestData(dataFile, "BOAddonRetail", row): null

2019-09-27 14:56:28 - [TEST_STEP][PASSED] - BORetail = UtilityMethods.getTestData(dataFile, "BORetail", row): null

2019-09-27 14:56:28 - [TEST_STEP][PASSED] - BOShow = UtilityMethods.getTestData(dataFile, "BOShow", row): null

2019-09-27 14:56:28 - [TEST_STEP][PASSED] - BOOnlineoutlet = UtilityMethods.getTestData(dataFile, "BOOnlineoutlet", row): null

2019-09-27 14:56:28 - [TEST_STEP][PASSED] - BOEmployee = UtilityMethods.getTestData(dataFile, "BOEmployee", row): null

2019-09-27 14:56:28 - [TEST_STEP][PASSED] - CCPersonal = UtilityMethods.getTestData(dataFile, "CCPersonal", row): null

2019-09-27 14:56:28 - [TEST_STEP][PASSED] - CCRetail = UtilityMethods.getTestData(dataFile, "CCRetail", row): null

2019-09-27 14:56:28 - [TEST_STEP][PASSED] - CCShow = UtilityMethods.getTestData(dataFile, "CCShow", row): null

2019-09-27 14:56:28 - [TEST_STEP][PASSED] - BOEblast = UtilityMethods.getTestData(dataFile, "BOEblast", row): null

2019-09-27 14:56:28 - [TEST_STEP][PASSED] - println(row): null

2019-09-27 14:56:28 - [TEST_STEP][PASSED] - println(BOPersonal): null

2019-09-27 14:56:28 - [MESSAGE][PASSED] - Call Test Case 'Test Cases/NewArrival/populateTimeGlobalVars' successfully

2019-09-27 14:56:28 - [TEST_STEP][PASSED] - callTestCase(findTestCase("NewArrival/setTimezone"), ["ofbizURL":"", "ofbizuser":"", "ofbizpass":"", "orderType":orderType, "timeZone":timeZone, "serverTarget":serverTarget, "clockServerTarget":clockServerTarget], CONTINUE_ON_FAILURE): Call Test Case 'Test Cases/NewArrival/setTimezone' successfully

2019-09-27 14:56:28 - [TEST_CASE][PASSED] - Test Cases/NewArrival/setTimezone: Test Cases/NewArrival/setTimezone

2019-09-27 14:56:28 - [TEST_STEP][PASSED] - openBrowser(""): Browser is opened with url: ''

2019-09-27 14:56:28 - [MESSAGE][WARNING] - A browser is already opened. Closing browser and opening a new one

2019-09-27 14:56:29 - [MESSAGE][INFO] - Starting 'Chrome' driver

2019-09-27 14:56:29 - [MESSAGE][INFO] - User set preference: ['args', '[--use-fake-ui-for-media-stream, --start-maximized]']

2019-09-27 14:56:32 - [MESSAGE][PASSED] - Browser is opened with url: ''

2019-09-27 14:56:32 - [TEST_STEP][NOT_RUN] - maximizeWindow(): NOT_RUN: maximizeWindow()

2019-09-27 14:56:32 - [MESSAGE][NOT_RUN] - NOT_RUN: maximizeWindow()

2019-09-27 14:56:32 - [TEST_STEP][PASSED] - ofbizURL = findTestData("envtData").getValue("ofbizURL", 1): null

2019-09-27 14:56:32 - [TEST_STEP][PASSED] - ofbizuser = findTestData("credData").getValue("ofbizuser", 1): null

2019-09-27 14:56:32 - [TEST_STEP][PASSED] - ofbizpass = findTestData("credData").getValue("ofbizpass", 1): null

2019-09-27 14:56:32 - [TEST_STEP][PASSED] - navigateToUrl(ofbizURL): Navigate to 'https://pushofbiz.cliotest.com/login.php' successfully

2019-09-27 14:56:34 - [MESSAGE][PASSED] - Navigate to 'https://pushofbiz.cliotest.com/login.php' successfully

2019-09-27 14:56:34 - [TEST_STEP][PASSED] - setText(findTestObject("Page_/input_Username_username"), ofbizuser): Text 'automation' is set on object 'Object Repository/Page_/input_Username_username'

2019-09-27 14:56:34 - [MESSAGE][PASSED] - Text 'automation' is set on object 'Object Repository/Page_/input_Username_username'

2019-09-27 14:56:34 - [TEST_STEP][PASSED] - setText(findTestObject("Page_/input_Password_password"), ofbizpass): Text 'cabiautomation' is set on object 'Object Repository/Page_/input_Password_password'

2019-09-27 14:56:34 - [MESSAGE][PASSED] - Text 'cabiautomation' is set on object 'Object Repository/Page_/input_Password_password'

2019-09-27 14:56:34 - [TEST_STEP][PASSED] - click(findTestObject("Page_/input_Password_Submit")): Object: 'Object Repository/Page_/input_Password_Submit' is clicked on

2019-09-27 14:56:38 - [MESSAGE][PASSED] - Object: 'Object Repository/Page_/input_Password_Submit' is clicked on

2019-09-27 14:56:38 - [TEST_STEP][PASSED] - click(findTestObject("Object Repository/Page_/a_Clock set")): Object: 'Object Repository/Page_/a_Clock set' is clicked on

2019-09-27 14:56:39 - [MESSAGE][PASSED] - Object: 'Object Repository/Page_/a_Clock set' is clicked on

2019-09-27 14:56:39 - [TEST_STEP][PASSED] - cst = UtilityMethods.createTestObject("select_target", "//select[@name='Target']/option[contains(text(), '", clockServerTarget, "')]"): null

2019-09-27 14:56:39 - [TEST_STEP][PASSED] - println(clockServerTarget): null

2019-09-27 14:56:39 - [TEST_STEP][PASSED] - click(cst): Object: 'select_target' is clicked on

2019-09-27 14:56:39 - [MESSAGE][PASSED] - Object: 'select_target' is clicked on

2019-09-27 14:56:39 - [TEST_STEP][PASSED] - click(findTestObject("Page_/thisDateAndTime")): Object: 'Object Repository/Page_/thisDateAndTime' is clicked on

2019-09-27 14:56:39 - [MESSAGE][PASSED] - Object: 'Object Repository/Page_/thisDateAndTime' is clicked on

2019-09-27 14:56:39 - [TEST_STEP][PASSED] - setText(findTestObject("Object Repository/Page_/setTargetTime"), timeZone): Text ' 11/06/2019 7:00' is set on object 'Object Repository/Page_/setTargetTime'

2019-09-27 14:56:39 - [MESSAGE][PASSED] - Text ' 11/06/2019 7:00' is set on object 'Object Repository/Page_/setTargetTime'

2019-09-27 14:56:39 - [TEST_STEP][PASSED] - click(findTestObject("Object Repository/Page_/input")): Object: 'Object Repository/Page_/input' is clicked on

2019-09-27 14:56:40 - [MESSAGE][PASSED] - Object: 'Object Repository/Page_/input' is clicked on

2019-09-27 14:56:40 - [TEST_STEP][PASSED] - delay(10): Delayed 10 second(s)

2019-09-27 14:56:50 - [MESSAGE][PASSED] - Delayed 10 second(s)

2019-09-27 14:56:50 - [TEST_STEP][NOT_RUN] - closeBrowser(): NOT_RUN: closeBrowser()

2019-09-27 14:56:50 - [MESSAGE][NOT_RUN] - NOT_RUN: closeBrowser()

2019-09-27 14:56:50 - [MESSAGE][PASSED] - Call Test Case 'Test Cases/NewArrival/setTimezone' successfully

2019-09-27 14:56:50 - [TEST_STEP][PASSED] - callTestCase(findTestCase("TestCaseUtilities/backOfficeLogin"), ["BOURL":"", "BOuser":"", "BOpass":""], CONTINUE_ON_FAILURE): Call Test Case 'Test Cases/TestCaseUtilities/backOfficeLogin' successfully

2019-09-27 14:56:50 - [TEST_CASE][PASSED] - Test Cases/TestCaseUtilities/backOfficeLogin: Test Cases/TestCaseUtilities/backOfficeLogin

2019-09-27 14:56:50 - [TEST_STEP][PASSED] - BOURL = findTestData("envtData").getValue("BOURL", 1): null

2019-09-27 14:56:50 - [TEST_STEP][PASSED] - BOuser = findTestData("credData").getValue("BOuser", 1): null

2019-09-27 14:56:50 - [TEST_STEP][PASSED] - BOpass = findTestData("credData").getValue("BOpass", 1): null

2019-09-27 14:56:50 - [TEST_STEP][PASSED] - openBrowser(""): Browser is opened with url: ''

2019-09-27 14:56:50 - [MESSAGE][WARNING] - A browser is already opened. Closing browser and opening a new one

2019-09-27 14:56:51 - [MESSAGE][INFO] - Starting 'Chrome' driver

2019-09-27 14:56:51 - [MESSAGE][INFO] - User set preference: ['args', '[--use-fake-ui-for-media-stream, --start-maximized]']

2019-09-27 14:56:53 - [MESSAGE][PASSED] - Browser is opened with url: ''

2019-09-27 14:56:53 - [TEST_STEP][PASSED] - navigateToUrl(BOURL): Navigate to 'https://test4.cliotest.com/backoffice/control/main' successfully

2019-09-27 14:57:00 - [MESSAGE][PASSED] - Navigate to 'https://test4.cliotest.com/backoffice/control/main' successfully

2019-09-27 14:57:00 - [TEST_STEP][PASSED] - logOut = findWebElements(findTestObject("Object Repository/Page_cabi Home/log_out"), 1): Unable to find the element located by 'By.xpath: //a[contains(text(),'Log Out')]'. Please recheck the objects properties to make sure the desired element is located. 

2019-09-27 14:57:01 - [MESSAGE][INFO] - Unable to find the element located by 'By.xpath: //a[contains(text(),'Log Out')]'. Please recheck the objects properties to make sure the desired element is located. 

2019-09-27 14:57:01 - [TEST_STEP][PASSED] - if (logOut.size() == 0): Object: 'Object Repository/Page_cabi/input_Welcome to_consultantLogin' is clicked on

2019-09-27 14:57:01 - [TEST_STEP][PASSED] - setText(findTestObject("Page_cabi/input_Welcome to_USERNAME"), BOuser): Text '400000002' is set on object 'Object Repository/Page_cabi/input_Welcome to_USERNAME'

2019-09-27 14:57:01 - [MESSAGE][PASSED] - Text '400000002' is set on object 'Object Repository/Page_cabi/input_Welcome to_USERNAME'

2019-09-27 14:57:01 - [TEST_STEP][PASSED] - setText(findTestObject("Object Repository/Page_cabi/input_Welcome to_PASSWORD"), BOpass): Text 'blackdress19' is set on object 'Object Repository/Page_cabi/input_Welcome to_PASSWORD'

2019-09-27 14:57:02 - [MESSAGE][PASSED] - Text 'blackdress19' is set on object 'Object Repository/Page_cabi/input_Welcome to_PASSWORD'

2019-09-27 14:57:02 - [TEST_STEP][PASSED] - click(findTestObject("Object Repository/Page_cabi/input_Welcome to_consultantLogin")): Object: 'Object Repository/Page_cabi/input_Welcome to_consultantLogin' is clicked on

2019-09-27 14:57:10 - [MESSAGE][PASSED] - Object: 'Object Repository/Page_cabi/input_Welcome to_consultantLogin' is clicked on

2019-09-27 14:57:10 - [TEST_STEP][PASSED] - delay(3): Delayed 3 second(s)

2019-09-27 14:57:13 - [MESSAGE][PASSED] - Delayed 3 second(s)

2019-09-27 14:57:13 - [MESSAGE][PASSED] - Call Test Case 'Test Cases/TestCaseUtilities/backOfficeLogin' successfully

2019-09-27 14:57:13 - [TEST_STEP][PASSED] - click(findTestObject("Object Repository/Page_cabi Home/a_Shows  Orders")): Object: 'Object Repository/Page_cabi Home/a_Shows  Orders' is clicked on

2019-09-27 14:57:13 - [MESSAGE][PASSED] - Object: 'Object Repository/Page_cabi Home/a_Shows  Orders' is clicked on

2019-09-27 14:57:13 - [TEST_STEP][PASSED] - click(findTestObject("Page_cabi Home/a_personal_purchases")): Object: 'Object Repository/Page_cabi Home/a_personal_purchases' is clicked on

2019-09-27 14:57:16 - [MESSAGE][PASSED] - Object: 'Object Repository/Page_cabi Home/a_personal_purchases' is clicked on

2019-09-27 14:57:16 - [TEST_STEP][PASSED] - click(findTestObject("Object Repository/Page_cabi Personal Store/span_Continue to Order")): Object: 'Object Repository/Page_cabi Personal Store/span_Continue to Order' is clicked on

2019-09-27 14:57:16 - [MESSAGE][PASSED] - Object: 'Object Repository/Page_cabi Personal Store/span_Continue to Order' is clicked on

2019-09-27 14:57:16 - [TEST_STEP][PASSED] - println(BOPersonal): null

2019-09-27 14:57:16 - [TEST_STEP][PASSED] - callTestCase(findTestCase("NewArrival/productVerify"), ["available":BOPersonal, "storeType":"BOPersonal"], CONTINUE_ON_FAILURE): Call Test Case 'Test Cases/NewArrival/productVerify' successfully

2019-09-27 14:57:16 - [TEST_CASE][PASSED] - Test Cases/NewArrival/productVerify: Test Cases/NewArrival/productVerify

2019-09-27 14:57:16 - [TEST_STEP][PASSED] - for ([row = 1, row <= findTestData("productData").getRowNumbers(), (row++)]): null

2019-09-27 14:57:16 - [TEST_STEP][PASSED] - setText(findTestObject("Object Repository/Page_cabi Order Items/input_New Arrivals - Blooming Blush_style"), findTestData("productData").getValue("Style", row)): Text '3875' is set on object 'Object Repository/Page_cabi Order Items/input_New Arrivals - Blooming Blush_style'

2019-09-27 14:57:17 - [MESSAGE][PASSED] - Text '3875' is set on object 'Object Repository/Page_cabi Order Items/input_New Arrivals - Blooming Blush_style'

2019-09-27 14:57:17 - [TEST_STEP][PASSED] - sendKeys(findTestObject("Object Repository/Page_cabi Order Items/input_New Arrivals - Blooming Blush_style"), Keys.chord(ENTER)): Keys 'ENTER + ' sent to object: 'Object Repository/Page_cabi Order Items/input_New Arrivals - Blooming Blush_style'

2019-09-27 14:57:17 - [MESSAGE][PASSED] - Keys 'ENTER + ' sent to object: 'Object Repository/Page_cabi Order Items/input_New Arrivals - Blooming Blush_style'

2019-09-27 14:57:17 - [TEST_STEP][PASSED] - delay(5): Delayed 5 second(s)

2019-09-27 14:57:22 - [MESSAGE][PASSED] - Delayed 5 second(s)

2019-09-27 14:57:22 - [TEST_STEP][PASSED] - if (toString().equalsIgnoreCase("no")): null

2019-09-27 14:57:22 - [TEST_STEP][PASSED] - else: null

2019-09-27 14:57:22 - [TEST_STEP][PASSED] - click(findTestObject("Page_cabi Order Items/li_order_item")): Object: 'Object Repository/Page_cabi Order Items/li_order_item' is clicked on

2019-09-27 14:57:22 - [MESSAGE][PASSED] - Object: 'Object Repository/Page_cabi Order Items/li_order_item' is clicked on

2019-09-27 14:57:22 - [TEST_STEP][PASSED] - delay(5): Delayed 5 second(s)

2019-09-27 14:57:27 - [MESSAGE][PASSED] - Delayed 5 second(s)

2019-09-27 14:57:27 - [TEST_STEP][PASSED] - imgString1 = getValue("Style", row).toString(): null

2019-09-27 14:57:27 - [TEST_STEP][PASSED] - imagePath = UtilityMethods.createScreenshotImagePath(storeType, imgString1): null

2019-09-27 14:57:27 - [TEST_STEP][PASSED] - println(imagePath): null

2019-09-27 14:57:27 - [TEST_STEP][PASSED] - takeScreenshot(imagePath): Taking screenshot successfully

2019-09-27 14:57:27 - [MESSAGE][PASSED] - Taking screenshot successfully
[[ATTACHMENT|C:\\Users\\user\\Documents\\testautomation\\KatalonProjects\\productImages\\BOPersonal_3875 image.png]]

2019-09-27 14:57:27 - [TEST_STEP][PASSED] - verifyElementText(findTestObject("Page_cabi Order Items/GetAttribute_getID"), findTestData("productData").getValue("Style", row), CONTINUE_ON_FAILURE): Actual text and expected text of test object 'Object Repository/Page_cabi Order Items/GetAttribute_getID' are matched.

2019-09-27 14:57:27 - [MESSAGE][PASSED] - Actual text and expected text of test object 'Object Repository/Page_cabi Order Items/GetAttribute_getID' are matched.

2019-09-27 14:57:27 - [TEST_STEP][PASSED] - colorOptions = findWebElements(findTestObject("Page_cabi Order Items/GetAttribute_Color"), 5): null

2019-09-27 14:57:27 - [TEST_STEP][PASSED] - println(colorOptions.size()): null

2019-09-27 14:57:27 - [TEST_STEP][PASSED] - expectedColour = findTestData("productData").getValue("Color", row): null

2019-09-27 14:57:27 - [TEST_STEP][PASSED] - println("expected colour is"): null

2019-09-27 14:57:27 - [TEST_STEP][PASSED] - println(expectedColour): null

2019-09-27 14:57:27 - [TEST_STEP][PASSED] - colourVerified = false: null

2019-09-27 14:57:27 - [TEST_STEP][PASSED] - for (org.openqa.selenium.WebElement op : colorOptions): null

2019-09-27 14:57:27 - [TEST_STEP][PASSED] - println(op.getText()): null

2019-09-27 14:57:27 - [TEST_STEP][PASSED] - if (expectedColour.equalsIgnoreCase(op.getText())): null

2019-09-27 14:57:28 - [TEST_STEP][PASSED] - colourVerified = true: null

2019-09-27 14:57:28 - [TEST_STEP][PASSED] - break: null

2019-09-27 14:57:28 - [TEST_STEP][PASSED] - assert colourVerified == true: null

2019-09-27 14:57:28 - [TEST_STEP][PASSED] - getPrice = getText(findTestObject("Page_cabi Order Items/GetAttribute_Price")): Text of object 'Object Repository/Page_cabi Order Items/GetAttribute_Price' is: 'Price : $159.00'

2019-09-27 14:57:28 - [MESSAGE][PASSED] - Text of object 'Object Repository/Page_cabi Order Items/GetAttribute_Price' is: 'Price : $159.00'

2019-09-27 14:57:28 - [TEST_STEP][PASSED] - Split_Data = UtilityMethods.SplitData(getPrice): null

2019-09-27 14:57:28 - [TEST_STEP][PASSED] - verifyMatch(Split_Data, findTestData("productData").getValue("Retail", row), true, CONTINUE_ON_FAILURE): Actual text '159' and expected text '159' are matched  using regular expression

2019-09-27 14:57:28 - [MESSAGE][PASSED] - Actual text '159' and expected text '159' are matched  using regular expression

2019-09-27 14:57:28 - [TEST_STEP][PASSED] - sizeRange1 = ["XXS", "XS", "S", "M", "L", "XL"]: null

2019-09-27 14:57:28 - [TEST_STEP][PASSED] - sizeRange2 = ["00", "0", "2", "4", "6", "8", "10", "12", "14", "16"]: null

2019-09-27 14:57:28 - [TEST_STEP][PASSED] - sizeRange3 = ["Long", "Regular", "Short"]: null

2019-09-27 14:57:28 - [TEST_STEP][PASSED] - sizeRange4 = ["5", "6", "6.5", "7", "7.5", "8", "8.5", "9", "9.5", "10", "11"]: null

2019-09-27 14:57:28 - [TEST_STEP][PASSED] - sizeRangeSplit = UtilityMethods.SplitSizes(findTestData("productData").getValue("SzRange", row)): null

2019-09-27 14:57:28 - [TEST_STEP][PASSED] - sizeType = getText(findTestObject("Object Repository/Page_cabi Order Items/Size")): Text of object 'Object Repository/Page_cabi Order Items/Size' is: 'Select'

2019-09-27 14:57:28 - [MESSAGE][PASSED] - Text of object 'Object Repository/Page_cabi Order Items/Size' is: 'Select'

2019-09-27 14:57:28 - [TEST_STEP][PASSED] - sizeOptions = findWebElements(findTestObject("Object Repository/Page_cabi Order Items/Size"), 5): null

2019-09-27 14:57:28 - [TEST_STEP][PASSED] - actualRange = new java.util.ArrayList(): null

2019-09-27 14:57:28 - [TEST_STEP][PASSED] - expectedRange = <not implemented yet for class: org.codehaus.groovy.ast.expr.EmptyExpression>: null

2019-09-27 14:57:28 - [TEST_STEP][PASSED] - if (sizeType.equalsIgnoreCase("Select")): null

2019-09-27 14:57:28 - [TEST_STEP][PASSED] - for ([i = 1, i < sizeOptions.size(), (i++)]): null

2019-09-27 14:57:28 - [TEST_STEP][PASSED] - actualRange.add(getAttribute("value").toString()): null

2019-09-27 14:57:28 - [TEST_STEP][PASSED] - actualRange.add(getAttribute("value").toString()): null

2019-09-27 14:57:28 - [TEST_STEP][PASSED] - actualRange.add(getAttribute("value").toString()): null

2019-09-27 14:57:28 - [TEST_STEP][PASSED] - actualRange.add(getAttribute("value").toString()): null

2019-09-27 14:57:28 - [TEST_STEP][PASSED] - actualRange.add(getAttribute("value").toString()): null

2019-09-27 14:57:28 - [TEST_STEP][PASSED] - if (toString().equalsIgnoreCase("XS") || toString().equalsIgnoreCase("XXS")): null

2019-09-27 14:57:28 - [TEST_STEP][PASSED] - expectedRange = UtilityMethods.getExpectedRange(sizeRange1, sizeRangeSplit): null

2019-09-27 14:57:28 - [TEST_STEP][PASSED] - println("XS"): null

2019-09-27 14:57:28 - [TEST_STEP][PASSED] - println(expectedRange.toString()): null

2019-09-27 14:57:28 - [TEST_STEP][PASSED] - assert UtilityMethods.listEquals(expectedRange, actualRange) == true: null

2019-09-27 14:57:28 - [TEST_STEP][PASSED] - delay(2): Delayed 2 second(s)

2019-09-27 14:57:30 - [MESSAGE][PASSED] - Delayed 2 second(s)

2019-09-27 14:57:30 - [TEST_STEP][PASSED] - verifyElementText(findTestObject("Page_cabi Order Items/product_title"), findTestData("productData").getValue("Description", row), CONTINUE_ON_FAILURE): Actual text and expected text of test object 'Object Repository/Page_cabi Order Items/product_title' are matched.

2019-09-27 14:57:30 - [MESSAGE][PASSED] - Actual text and expected text of test object 'Object Repository/Page_cabi Order Items/product_title' are matched.

2019-09-27 14:57:30 - [TEST_STEP][PASSED] - verifyElementText(findTestObject("Page_cabi Order Items/product_fabric"), findTestData("productData").getValue("FinalContent", row), CONTINUE_ON_FAILURE): Actual text and expected text of test object 'Object Repository/Page_cabi Order Items/product_fabric' are matched.

2019-09-27 14:57:30 - [MESSAGE][PASSED] - Actual text and expected text of test object 'Object Repository/Page_cabi Order Items/product_fabric' are matched.

2019-09-27 14:57:30 - [TEST_STEP][PASSED] - actualCasreIntrn = "<div>" + getText(findTestObject("Page_cabi Order Items/care_instruction")) + "</div>": Text of object 'Object Repository/Page_cabi Order Items/care_instruction' is: 'Turn garment inside out and place in a mesh bag. Machine wash separately in cold water on the delicate cycle. Only non-chlorine bleach if needed. Do not twist or wring. Lay flat to dry. Steam iron only if needed. Do not press with flat iron. Can be dry cleaned.'

2019-09-27 14:57:30 - [MESSAGE][PASSED] - Text of object 'Object Repository/Page_cabi Order Items/care_instruction' is: 'Turn garment inside out and place in a mesh bag. Machine wash separately in cold water on the delicate cycle. Only non-chlorine bleach if needed. Do not twist or wring. Lay flat to dry. Steam iron only if needed. Do not press with flat iron. Can be dry cleaned.'

2019-09-27 14:57:30 - [TEST_STEP][PASSED] - assert actualCasreIntrn.equals(findTestData("productData").getValue("CareInstr", row)): null

2019-09-27 14:57:30 - [MESSAGE][PASSED] - Call Test Case 'Test Cases/NewArrival/productVerify' successfully

2019-09-27 14:57:30 - [TEST_STEP][PASSED] - callTestCase(findTestCase("NewArrival/populateTimeGlobalVars"), ["row":timeRow], CONTINUE_ON_FAILURE): Call Test Case 'Test Cases/NewArrival/populateTimeGlobalVars' successfully

2019-09-27 14:57:30 - [TEST_CASE][PASSED] - Test Cases/NewArrival/populateTimeGlobalVars: Test Cases/NewArrival/populateTimeGlobalVars

2019-09-27 14:57:30 - [TEST_STEP][PASSED] - dataFile = "timezoneData": null

2019-09-27 14:57:30 - [TEST_STEP][PASSED] - clockServerTarget = UtilityMethods.getTestData("envtData", "clockServerTarget", 1): null

2019-09-27 14:57:30 - [TEST_STEP][PASSED] - println(clockServerTarget): null

2019-09-27 14:57:30 - [TEST_STEP][PASSED] - orderType = UtilityMethods.getTestData(dataFile, "orderType", row): null

2019-09-27 14:57:30 - [TEST_STEP][PASSED] - timeZone = UtilityMethods.getTestData(dataFile, "timeZone", row): null

2019-09-27 14:57:30 - [TEST_STEP][PASSED] - BOPersonal = UtilityMethods.getTestData(dataFile, "BOPersonal", row): null

2019-09-27 14:57:30 - [TEST_STEP][PASSED] - BOAddonPersonal = UtilityMethods.getTestData(dataFile, "BOAddonPersonal", row): null

2019-09-27 14:57:30 - [TEST_STEP][PASSED] - BOAddonRetail = UtilityMethods.getTestData(dataFile, "BOAddonRetail", row): null

2019-09-27 14:57:30 - [TEST_STEP][PASSED] - BORetail = UtilityMethods.getTestData(dataFile, "BORetail", row): null

2019-09-27 14:57:31 - [TEST_STEP][PASSED] - BOShow = UtilityMethods.getTestData(dataFile, "BOShow", row): null

2019-09-27 14:57:31 - [TEST_STEP][PASSED] - BOOnlineoutlet = UtilityMethods.getTestData(dataFile, "BOOnlineoutlet", row): null

2019-09-27 14:57:31 - [TEST_STEP][PASSED] - BOEmployee = UtilityMethods.getTestData(dataFile, "BOEmployee", row): null

2019-09-27 14:57:31 - [TEST_STEP][PASSED] - CCPersonal = UtilityMethods.getTestData(dataFile, "CCPersonal", row): null

2019-09-27 14:57:31 - [TEST_STEP][PASSED] - CCRetail = UtilityMethods.getTestData(dataFile, "CCRetail", row): null

2019-09-27 14:57:31 - [TEST_STEP][PASSED] - CCShow = UtilityMethods.getTestData(dataFile, "CCShow", row): null

2019-09-27 14:57:31 - [TEST_STEP][PASSED] - BOEblast = UtilityMethods.getTestData(dataFile, "BOEblast", row): null

2019-09-27 14:57:31 - [TEST_STEP][PASSED] - println(row): null

2019-09-27 14:57:31 - [TEST_STEP][PASSED] - println(BOPersonal): null

2019-09-27 14:57:31 - [MESSAGE][PASSED] - Call Test Case 'Test Cases/NewArrival/populateTimeGlobalVars' successfully

2019-09-27 14:57:31 - [TEST_STEP][PASSED] - callTestCase(findTestCase("NewArrival/setTimezone"), ["ofbizURL":"", "ofbizuser":"", "ofbizpass":"", "orderType":orderType, "timeZone":timeZone, "serverTarget":serverTarget, "clockServerTarget":clockServerTarget], CONTINUE_ON_FAILURE): Call Test Case 'Test Cases/NewArrival/setTimezone' successfully

2019-09-27 14:57:31 - [TEST_CASE][PASSED] - Test Cases/NewArrival/setTimezone: Test Cases/NewArrival/setTimezone

2019-09-27 14:57:31 - [TEST_STEP][PASSED] - openBrowser(""): Browser is opened with url: ''

2019-09-27 14:57:31 - [MESSAGE][WARNING] - A browser is already opened. Closing browser and opening a new one

2019-09-27 14:57:32 - [MESSAGE][INFO] - Starting 'Chrome' driver

2019-09-27 14:57:32 - [MESSAGE][INFO] - User set preference: ['args', '[--use-fake-ui-for-media-stream, --start-maximized]']

2019-09-27 14:57:34 - [MESSAGE][PASSED] - Browser is opened with url: ''

2019-09-27 14:57:34 - [TEST_STEP][NOT_RUN] - maximizeWindow(): NOT_RUN: maximizeWindow()

2019-09-27 14:57:34 - [MESSAGE][NOT_RUN] - NOT_RUN: maximizeWindow()

2019-09-27 14:57:34 - [TEST_STEP][PASSED] - ofbizURL = findTestData("envtData").getValue("ofbizURL", 1): null

2019-09-27 14:57:34 - [TEST_STEP][PASSED] - ofbizuser = findTestData("credData").getValue("ofbizuser", 1): null

2019-09-27 14:57:34 - [TEST_STEP][PASSED] - ofbizpass = findTestData("credData").getValue("ofbizpass", 1): null

2019-09-27 14:57:34 - [TEST_STEP][PASSED] - navigateToUrl(ofbizURL): Navigate to 'https://pushofbiz.cliotest.com/login.php' successfully

2019-09-27 14:57:36 - [MESSAGE][PASSED] - Navigate to 'https://pushofbiz.cliotest.com/login.php' successfully

2019-09-27 14:57:36 - [TEST_STEP][PASSED] - setText(findTestObject("Page_/input_Username_username"), ofbizuser): Text 'automation' is set on object 'Object Repository/Page_/input_Username_username'

2019-09-27 14:57:36 - [MESSAGE][PASSED] - Text 'automation' is set on object 'Object Repository/Page_/input_Username_username'

2019-09-27 14:57:36 - [TEST_STEP][PASSED] - setText(findTestObject("Page_/input_Password_password"), ofbizpass): Text 'cabiautomation' is set on object 'Object Repository/Page_/input_Password_password'

2019-09-27 14:57:36 - [MESSAGE][PASSED] - Text 'cabiautomation' is set on object 'Object Repository/Page_/input_Password_password'

2019-09-27 14:57:36 - [TEST_STEP][PASSED] - click(findTestObject("Page_/input_Password_Submit")): Object: 'Object Repository/Page_/input_Password_Submit' is clicked on

2019-09-27 14:57:40 - [MESSAGE][PASSED] - Object: 'Object Repository/Page_/input_Password_Submit' is clicked on

2019-09-27 14:57:40 - [TEST_STEP][PASSED] - click(findTestObject("Object Repository/Page_/a_Clock set")): Object: 'Object Repository/Page_/a_Clock set' is clicked on

2019-09-27 14:57:40 - [MESSAGE][PASSED] - Object: 'Object Repository/Page_/a_Clock set' is clicked on

2019-09-27 14:57:40 - [TEST_STEP][PASSED] - cst = UtilityMethods.createTestObject("select_target", "//select[@name='Target']/option[contains(text(), '", clockServerTarget, "')]"): null

2019-09-27 14:57:40 - [TEST_STEP][PASSED] - println(clockServerTarget): null

2019-09-27 14:57:40 - [TEST_STEP][PASSED] - click(cst): Object: 'select_target' is clicked on

2019-09-27 14:57:40 - [MESSAGE][PASSED] - Object: 'select_target' is clicked on

2019-09-27 14:57:40 - [TEST_STEP][PASSED] - click(findTestObject("Page_/thisDateAndTime")): Object: 'Object Repository/Page_/thisDateAndTime' is clicked on

2019-09-27 14:57:40 - [MESSAGE][PASSED] - Object: 'Object Repository/Page_/thisDateAndTime' is clicked on

2019-09-27 14:57:40 - [TEST_STEP][PASSED] - setText(findTestObject("Object Repository/Page_/setTargetTime"), timeZone): Text ' 11/20/2019 00:00' is set on object 'Object Repository/Page_/setTargetTime'

2019-09-27 14:57:40 - [MESSAGE][PASSED] - Text ' 11/20/2019 00:00' is set on object 'Object Repository/Page_/setTargetTime'

2019-09-27 14:57:40 - [TEST_STEP][PASSED] - click(findTestObject("Object Repository/Page_/input")): Object: 'Object Repository/Page_/input' is clicked on

2019-09-27 14:57:41 - [MESSAGE][PASSED] - Object: 'Object Repository/Page_/input' is clicked on

2019-09-27 14:57:41 - [TEST_STEP][PASSED] - delay(10): Delayed 10 second(s)

2019-09-27 14:57:51 - [MESSAGE][PASSED] - Delayed 10 second(s)

2019-09-27 14:57:51 - [TEST_STEP][NOT_RUN] - closeBrowser(): NOT_RUN: closeBrowser()

2019-09-27 14:57:51 - [MESSAGE][NOT_RUN] - NOT_RUN: closeBrowser()

2019-09-27 14:57:51 - [MESSAGE][PASSED] - Call Test Case 'Test Cases/NewArrival/setTimezone' successfully

2019-09-27 14:57:51 - [TEST_STEP][PASSED] - callTestCase(findTestCase("TestCaseUtilities/backOfficeLogin"), ["BOURL":"", "BOuser":"", "BOpass":""], CONTINUE_ON_FAILURE): Call Test Case 'Test Cases/TestCaseUtilities/backOfficeLogin' successfully

2019-09-27 14:57:51 - [TEST_CASE][PASSED] - Test Cases/TestCaseUtilities/backOfficeLogin: Test Cases/TestCaseUtilities/backOfficeLogin

2019-09-27 14:57:51 - [TEST_STEP][PASSED] - BOURL = findTestData("envtData").getValue("BOURL", 1): null

2019-09-27 14:57:51 - [TEST_STEP][PASSED] - BOuser = findTestData("credData").getValue("BOuser", 1): null

2019-09-27 14:57:51 - [TEST_STEP][PASSED] - BOpass = findTestData("credData").getValue("BOpass", 1): null

2019-09-27 14:57:51 - [TEST_STEP][PASSED] - openBrowser(""): Browser is opened with url: ''

2019-09-27 14:57:51 - [MESSAGE][WARNING] - A browser is already opened. Closing browser and opening a new one

2019-09-27 14:57:52 - [MESSAGE][INFO] - Starting 'Chrome' driver

2019-09-27 14:57:52 - [MESSAGE][INFO] - User set preference: ['args', '[--use-fake-ui-for-media-stream, --start-maximized]']

2019-09-27 14:57:54 - [MESSAGE][PASSED] - Browser is opened with url: ''

2019-09-27 14:57:54 - [TEST_STEP][PASSED] - navigateToUrl(BOURL): Navigate to 'https://test4.cliotest.com/backoffice/control/main' successfully

2019-09-27 14:58:01 - [MESSAGE][PASSED] - Navigate to 'https://test4.cliotest.com/backoffice/control/main' successfully

2019-09-27 14:58:01 - [TEST_STEP][PASSED] - logOut = findWebElements(findTestObject("Object Repository/Page_cabi Home/log_out"), 1): Unable to find the element located by 'By.xpath: //a[contains(text(),'Log Out')]'. Please recheck the objects properties to make sure the desired element is located. 

2019-09-27 14:58:02 - [MESSAGE][INFO] - Unable to find the element located by 'By.xpath: //a[contains(text(),'Log Out')]'. Please recheck the objects properties to make sure the desired element is located. 

2019-09-27 14:58:02 - [TEST_STEP][PASSED] - if (logOut.size() == 0): Object: 'Object Repository/Page_cabi/input_Welcome to_consultantLogin' is clicked on

2019-09-27 14:58:02 - [TEST_STEP][PASSED] - setText(findTestObject("Page_cabi/input_Welcome to_USERNAME"), BOuser): Text '400000002' is set on object 'Object Repository/Page_cabi/input_Welcome to_USERNAME'

2019-09-27 14:58:03 - [MESSAGE][PASSED] - Text '400000002' is set on object 'Object Repository/Page_cabi/input_Welcome to_USERNAME'

2019-09-27 14:58:03 - [TEST_STEP][PASSED] - setText(findTestObject("Object Repository/Page_cabi/input_Welcome to_PASSWORD"), BOpass): Text 'blackdress19' is set on object 'Object Repository/Page_cabi/input_Welcome to_PASSWORD'

2019-09-27 14:58:03 - [MESSAGE][PASSED] - Text 'blackdress19' is set on object 'Object Repository/Page_cabi/input_Welcome to_PASSWORD'

2019-09-27 14:58:03 - [TEST_STEP][PASSED] - click(findTestObject("Object Repository/Page_cabi/input_Welcome to_consultantLogin")): Object: 'Object Repository/Page_cabi/input_Welcome to_consultantLogin' is clicked on

2019-09-27 14:58:27 - [MESSAGE][PASSED] - Object: 'Object Repository/Page_cabi/input_Welcome to_consultantLogin' is clicked on

2019-09-27 14:58:27 - [TEST_STEP][PASSED] - delay(3): Delayed 3 second(s)

2019-09-27 14:58:30 - [MESSAGE][PASSED] - Delayed 3 second(s)

2019-09-27 14:58:30 - [MESSAGE][PASSED] - Call Test Case 'Test Cases/TestCaseUtilities/backOfficeLogin' successfully

2019-09-27 14:58:30 - [TEST_STEP][PASSED] - click(findTestObject("Object Repository/Page_cabi Home/a_Shows  Orders")): Object: 'Object Repository/Page_cabi Home/a_Shows  Orders' is clicked on

2019-09-27 14:58:30 - [MESSAGE][PASSED] - Object: 'Object Repository/Page_cabi Home/a_Shows  Orders' is clicked on

2019-09-27 14:58:30 - [TEST_STEP][PASSED] - click(findTestObject("Page_cabi Home/a_personal_purchases")): Object: 'Object Repository/Page_cabi Home/a_personal_purchases' is clicked on

2019-09-27 14:58:32 - [MESSAGE][PASSED] - Object: 'Object Repository/Page_cabi Home/a_personal_purchases' is clicked on

2019-09-27 14:58:32 - [TEST_STEP][PASSED] - click(findTestObject("Object Repository/Page_cabi Personal Store/span_Continue to Order")): Object: 'Object Repository/Page_cabi Personal Store/span_Continue to Order' is clicked on

2019-09-27 14:58:32 - [MESSAGE][PASSED] - Object: 'Object Repository/Page_cabi Personal Store/span_Continue to Order' is clicked on

2019-09-27 14:58:32 - [TEST_STEP][PASSED] - println(BOPersonal): null

2019-09-27 14:58:32 - [TEST_STEP][PASSED] - callTestCase(findTestCase("NewArrival/productVerify"), ["available":BOPersonal, "storeType":"BOPersonal"], CONTINUE_ON_FAILURE): Call Test Case 'Test Cases/NewArrival/productVerify' successfully

2019-09-27 14:58:32 - [TEST_CASE][PASSED] - Test Cases/NewArrival/productVerify: Test Cases/NewArrival/productVerify

2019-09-27 14:58:32 - [TEST_STEP][PASSED] - for ([row = 1, row <= findTestData("productData").getRowNumbers(), (row++)]): null

2019-09-27 14:58:32 - [TEST_STEP][PASSED] - setText(findTestObject("Object Repository/Page_cabi Order Items/input_New Arrivals - Blooming Blush_style"), findTestData("productData").getValue("Style", row)): Text '3875' is set on object 'Object Repository/Page_cabi Order Items/input_New Arrivals - Blooming Blush_style'

2019-09-27 14:58:33 - [MESSAGE][PASSED] - Text '3875' is set on object 'Object Repository/Page_cabi Order Items/input_New Arrivals - Blooming Blush_style'

2019-09-27 14:58:33 - [TEST_STEP][PASSED] - sendKeys(findTestObject("Object Repository/Page_cabi Order Items/input_New Arrivals - Blooming Blush_style"), Keys.chord(ENTER)): Keys 'ENTER + ' sent to object: 'Object Repository/Page_cabi Order Items/input_New Arrivals - Blooming Blush_style'

2019-09-27 14:58:33 - [MESSAGE][PASSED] - Keys 'ENTER + ' sent to object: 'Object Repository/Page_cabi Order Items/input_New Arrivals - Blooming Blush_style'

2019-09-27 14:58:33 - [TEST_STEP][PASSED] - delay(5): Delayed 5 second(s)

2019-09-27 14:58:38 - [MESSAGE][PASSED] - Delayed 5 second(s)

2019-09-27 14:58:38 - [TEST_STEP][PASSED] - if (toString().equalsIgnoreCase("no")): null

2019-09-27 14:58:38 - [TEST_STEP][PASSED] - else: null

2019-09-27 14:58:38 - [TEST_STEP][PASSED] - click(findTestObject("Page_cabi Order Items/li_order_item")): Object: 'Object Repository/Page_cabi Order Items/li_order_item' is clicked on

2019-09-27 14:58:38 - [MESSAGE][PASSED] - Object: 'Object Repository/Page_cabi Order Items/li_order_item' is clicked on

2019-09-27 14:58:38 - [TEST_STEP][PASSED] - delay(5): Delayed 5 second(s)

2019-09-27 14:58:43 - [MESSAGE][PASSED] - Delayed 5 second(s)

2019-09-27 14:58:43 - [TEST_STEP][PASSED] - imgString1 = getValue("Style", row).toString(): null

2019-09-27 14:58:43 - [TEST_STEP][PASSED] - imagePath = UtilityMethods.createScreenshotImagePath(storeType, imgString1): null

2019-09-27 14:58:43 - [TEST_STEP][PASSED] - println(imagePath): null

2019-09-27 14:58:43 - [TEST_STEP][PASSED] - takeScreenshot(imagePath): Taking screenshot successfully

2019-09-27 14:58:44 - [MESSAGE][PASSED] - Taking screenshot successfully
[[ATTACHMENT|C:\\Users\\user\\Documents\\testautomation\\KatalonProjects\\productImages\\BOPersonal_3875 image.png]]

2019-09-27 14:58:44 - [TEST_STEP][PASSED] - verifyElementText(findTestObject("Page_cabi Order Items/GetAttribute_getID"), findTestData("productData").getValue("Style", row), CONTINUE_ON_FAILURE): Actual text and expected text of test object 'Object Repository/Page_cabi Order Items/GetAttribute_getID' are matched.

2019-09-27 14:58:44 - [MESSAGE][PASSED] - Actual text and expected text of test object 'Object Repository/Page_cabi Order Items/GetAttribute_getID' are matched.

2019-09-27 14:58:44 - [TEST_STEP][PASSED] - colorOptions = findWebElements(findTestObject("Page_cabi Order Items/GetAttribute_Color"), 5): null

2019-09-27 14:58:44 - [TEST_STEP][PASSED] - println(colorOptions.size()): null

2019-09-27 14:58:44 - [TEST_STEP][PASSED] - expectedColour = findTestData("productData").getValue("Color", row): null

2019-09-27 14:58:44 - [TEST_STEP][PASSED] - println("expected colour is"): null

2019-09-27 14:58:44 - [TEST_STEP][PASSED] - println(expectedColour): null

2019-09-27 14:58:44 - [TEST_STEP][PASSED] - colourVerified = false: null

2019-09-27 14:58:44 - [TEST_STEP][PASSED] - for (org.openqa.selenium.WebElement op : colorOptions): null

2019-09-27 14:58:44 - [TEST_STEP][PASSED] - println(op.getText()): null

2019-09-27 14:58:44 - [TEST_STEP][PASSED] - if (expectedColour.equalsIgnoreCase(op.getText())): null

2019-09-27 14:58:44 - [TEST_STEP][PASSED] - colourVerified = true: null

2019-09-27 14:58:44 - [TEST_STEP][PASSED] - break: null

2019-09-27 14:58:44 - [TEST_STEP][PASSED] - assert colourVerified == true: null

2019-09-27 14:58:44 - [TEST_STEP][PASSED] - getPrice = getText(findTestObject("Page_cabi Order Items/GetAttribute_Price")): Text of object 'Object Repository/Page_cabi Order Items/GetAttribute_Price' is: 'Price : $159.00'

2019-09-27 14:58:44 - [MESSAGE][PASSED] - Text of object 'Object Repository/Page_cabi Order Items/GetAttribute_Price' is: 'Price : $159.00'

2019-09-27 14:58:44 - [TEST_STEP][PASSED] - Split_Data = UtilityMethods.SplitData(getPrice): null

2019-09-27 14:58:44 - [TEST_STEP][PASSED] - verifyMatch(Split_Data, findTestData("productData").getValue("Retail", row), true, CONTINUE_ON_FAILURE): Actual text '159' and expected text '159' are matched  using regular expression

2019-09-27 14:58:44 - [MESSAGE][PASSED] - Actual text '159' and expected text '159' are matched  using regular expression

2019-09-27 14:58:44 - [TEST_STEP][PASSED] - sizeRange1 = ["XXS", "XS", "S", "M", "L", "XL"]: null

2019-09-27 14:58:44 - [TEST_STEP][PASSED] - sizeRange2 = ["00", "0", "2", "4", "6", "8", "10", "12", "14", "16"]: null

2019-09-27 14:58:44 - [TEST_STEP][PASSED] - sizeRange3 = ["Long", "Regular", "Short"]: null

2019-09-27 14:58:44 - [TEST_STEP][PASSED] - sizeRange4 = ["5", "6", "6.5", "7", "7.5", "8", "8.5", "9", "9.5", "10", "11"]: null

2019-09-27 14:58:44 - [TEST_STEP][PASSED] - sizeRangeSplit = UtilityMethods.SplitSizes(findTestData("productData").getValue("SzRange", row)): null

2019-09-27 14:58:44 - [TEST_STEP][PASSED] - sizeType = getText(findTestObject("Object Repository/Page_cabi Order Items/Size")): Text of object 'Object Repository/Page_cabi Order Items/Size' is: 'Select'

2019-09-27 14:58:44 - [MESSAGE][PASSED] - Text of object 'Object Repository/Page_cabi Order Items/Size' is: 'Select'

2019-09-27 14:58:44 - [TEST_STEP][PASSED] - sizeOptions = findWebElements(findTestObject("Object Repository/Page_cabi Order Items/Size"), 5): null

2019-09-27 14:58:44 - [TEST_STEP][PASSED] - actualRange = new java.util.ArrayList(): null

2019-09-27 14:58:44 - [TEST_STEP][PASSED] - expectedRange = <not implemented yet for class: org.codehaus.groovy.ast.expr.EmptyExpression>: null

2019-09-27 14:58:44 - [TEST_STEP][PASSED] - if (sizeType.equalsIgnoreCase("Select")): null

2019-09-27 14:58:44 - [TEST_STEP][PASSED] - for ([i = 1, i < sizeOptions.size(), (i++)]): null

2019-09-27 14:58:44 - [TEST_STEP][PASSED] - actualRange.add(getAttribute("value").toString()): null

2019-09-27 14:58:44 - [TEST_STEP][PASSED] - actualRange.add(getAttribute("value").toString()): null

2019-09-27 14:58:44 - [TEST_STEP][PASSED] - actualRange.add(getAttribute("value").toString()): null

2019-09-27 14:58:44 - [TEST_STEP][PASSED] - actualRange.add(getAttribute("value").toString()): null

2019-09-27 14:58:44 - [TEST_STEP][PASSED] - actualRange.add(getAttribute("value").toString()): null

2019-09-27 14:58:44 - [TEST_STEP][PASSED] - if (toString().equalsIgnoreCase("XS") || toString().equalsIgnoreCase("XXS")): null

2019-09-27 14:58:44 - [TEST_STEP][PASSED] - expectedRange = UtilityMethods.getExpectedRange(sizeRange1, sizeRangeSplit): null

2019-09-27 14:58:44 - [TEST_STEP][PASSED] - println("XS"): null

2019-09-27 14:58:44 - [TEST_STEP][PASSED] - println(expectedRange.toString()): null

2019-09-27 14:58:44 - [TEST_STEP][PASSED] - assert UtilityMethods.listEquals(expectedRange, actualRange) == true: null

2019-09-27 14:58:44 - [TEST_STEP][PASSED] - delay(2): Delayed 2 second(s)

2019-09-27 14:58:46 - [MESSAGE][PASSED] - Delayed 2 second(s)

2019-09-27 14:58:46 - [TEST_STEP][PASSED] - verifyElementText(findTestObject("Page_cabi Order Items/product_title"), findTestData("productData").getValue("Description", row), CONTINUE_ON_FAILURE): Actual text and expected text of test object 'Object Repository/Page_cabi Order Items/product_title' are matched.

2019-09-27 14:58:46 - [MESSAGE][PASSED] - Actual text and expected text of test object 'Object Repository/Page_cabi Order Items/product_title' are matched.

2019-09-27 14:58:46 - [TEST_STEP][PASSED] - verifyElementText(findTestObject("Page_cabi Order Items/product_fabric"), findTestData("productData").getValue("FinalContent", row), CONTINUE_ON_FAILURE): Actual text and expected text of test object 'Object Repository/Page_cabi Order Items/product_fabric' are matched.

2019-09-27 14:58:46 - [MESSAGE][PASSED] - Actual text and expected text of test object 'Object Repository/Page_cabi Order Items/product_fabric' are matched.

2019-09-27 14:58:46 - [TEST_STEP][PASSED] - actualCasreIntrn = "<div>" + getText(findTestObject("Page_cabi Order Items/care_instruction")) + "</div>": Text of object 'Object Repository/Page_cabi Order Items/care_instruction' is: 'Turn garment inside out and place in a mesh bag. Machine wash separately in cold water on the delicate cycle. Only non-chlorine bleach if needed. Do not twist or wring. Lay flat to dry. Steam iron only if needed. Do not press with flat iron. Can be dry cleaned.'

2019-09-27 14:58:46 - [MESSAGE][PASSED] - Text of object 'Object Repository/Page_cabi Order Items/care_instruction' is: 'Turn garment inside out and place in a mesh bag. Machine wash separately in cold water on the delicate cycle. Only non-chlorine bleach if needed. Do not twist or wring. Lay flat to dry. Steam iron only if needed. Do not press with flat iron. Can be dry cleaned.'

2019-09-27 14:58:46 - [TEST_STEP][PASSED] - assert actualCasreIntrn.equals(findTestData("productData").getValue("CareInstr", row)): null

2019-09-27 14:58:46 - [MESSAGE][PASSED] - Call Test Case 'Test Cases/NewArrival/productVerify' successfully]]></system-out>
         <system-err><![CDATA[]]></system-err>
      </testcase>
      <system-out><![CDATA[2019-09-27 14:51:37 - [TEST_SUITE][PASSED] - NewArrivalsSuite: Test Cases/NewArrival/BOPersonal]]></system-out>
      <system-err><![CDATA[]]></system-err>
   </testsuite>
</testsuites>
