<?xml version="1.0" encoding="UTF-8"?>
<testsuites name="DashboardSuite" time="314" tests="0" failures="1" errors="0">
   <testsuite name="DashboardSuite" tests="0" failures="1" errors="0" time="314" timestamp="2019-07-29 18:04:19" hostname="user - 10.0.102.200" id="Test Suites/VirtualShowRSVPSuites/DashboardSuite">
      <properties>
         <property name="deviceName" value=""/>
         <property name="devicePlatform" value=""/>
         <property name="logFolder" value="C:\\Users\\user\\Documents\\testautomation\\KatalonProjects\\Reports\\VirtualShowRSVPSuites\\DashboardSuite\\20190729_180416"/>
         <property name="logFiles" value="C:\\Users\\user\\Documents\\testautomation\\KatalonProjects\\Reports\\VirtualShowRSVPSuites\\DashboardSuite\\20190729_180416\\execution0.log"/>
         <property name="attachments" value="C:\\Users\\user\\Documents\\testautomation\\KatalonProjects\\Reports\\VirtualShowRSVPSuites\\DashboardSuite\\20190729_180416\\1564403972943.png"/>
         <property name="hostName" value="user - 10.0.102.200"/>
         <property name="os" value="Windows 8.1 64bit"/>
         <property name="katalonVersion" value="6.1.1.1"/>
         <property name="browser" value="Chrome 75.0.3770.142"/>
         <property name="hostAddress" value="10.0.102.200"/>
         <property name="sessionId" value="702517078986833ed5322021e131ef4e"/>
         <property name="seleniumVersion" value="3.7.1"/>
         <property name="proxyInformation" value="ProxyInformation{proxyOption=NO_PROXY, proxyServerType=HTTP, password=, proxyServerAddress=, proxyServerPort=0}"/>
         <property name="platform" value="Windows 8.1"/>
      </properties>
      <testcase name="Test Cases/virtualShowRSVP/New Test Case_sushant" classname="Test Cases/virtualShowRSVP/New Test Case_sushant" status="FAILED">
         <failure type="FAILED" message="Test Cases/virtualShowRSVP/New Test Case_sushant FAILED.
Reason:
com.kms.katalon.core.exception.StepFailedException: Unable to click on object 'Object Repository/showMicrosite/button_join_the_show'
	at com.kms.katalon.core.webui.keyword.internal.WebUIKeywordMain.stepFailed(WebUIKeywordMain.groovy:64)
	at com.kms.katalon.core.webui.keyword.internal.WebUIKeywordMain.runKeyword(WebUIKeywordMain.groovy:26)
	at com.kms.katalon.core.webui.keyword.builtin.ClickKeyword.click(ClickKeyword.groovy:86)
	at com.kms.katalon.core.webui.keyword.builtin.ClickKeyword.execute(ClickKeyword.groovy:67)
	at com.kms.katalon.core.keyword.internal.KeywordExecutor.executeKeywordForPlatform(KeywordExecutor.groovy:56)
	at com.kms.katalon.core.webui.keyword.WebUiBuiltInKeywords.click(WebUiBuiltInKeywords.groovy:616)
	at com.kms.katalon.core.webui.keyword.WebUiBuiltInKeywords$click$3.call(Unknown Source)
	at New Test Case_sushant.run(New Test Case_sushant:351)
	at com.kms.katalon.core.main.ScriptEngine.run(ScriptEngine.java:194)
	at com.kms.katalon.core.main.ScriptEngine.runScriptAsRawText(ScriptEngine.java:119)
	at com.kms.katalon.core.main.TestCaseExecutor.runScript(TestCaseExecutor.java:342)
	at com.kms.katalon.core.main.TestCaseExecutor.doExecute(TestCaseExecutor.java:333)
	at com.kms.katalon.core.main.TestCaseExecutor.processExecutionPhase(TestCaseExecutor.java:312)
	at com.kms.katalon.core.main.TestCaseExecutor.accessMainPhase(TestCaseExecutor.java:304)
	at com.kms.katalon.core.main.TestCaseExecutor.execute(TestCaseExecutor.java:238)
	at com.kms.katalon.core.main.TestSuiteExecutor.accessTestCaseMainPhase(TestSuiteExecutor.java:129)
	at com.kms.katalon.core.main.TestSuiteExecutor.accessTestSuiteMainPhase(TestSuiteExecutor.java:112)
	at com.kms.katalon.core.main.TestSuiteExecutor.execute(TestSuiteExecutor.java:81)
	at com.kms.katalon.core.main.TestCaseMain.startTestSuite(TestCaseMain.java:157)
	at com.kms.katalon.core.main.TestCaseMain$startTestSuite$0.call(Unknown Source)
	at TempTestSuite1564403656210.run(TempTestSuite1564403656210.groovy:35)
Caused by: org.openqa.selenium.ElementClickInterceptedException: element click intercepted: Element &lt;button _ngcontent-ttj-c10=&quot;&quot; class=&quot;btn show-microsite-btn&quot; type=&quot;button&quot;>...&lt;/button> is not clickable at point (673, 464). Other element would receive the click: &lt;div _ngcontent-ttj-c33=&quot;&quot; class=&quot;loader-fullscreen&quot;>...&lt;/div>
  (Session info: chrome=75.0.3770.142)
  (Driver info: chromedriver=74.0.3729.6 (255758eccf3d244491b8a1317aa76e1ce10d57e9-refs/branch-heads/3729@{#29}),platform=Windows NT 6.3.9600 x86_64) (WARNING: The server did not provide any stacktrace information)
Command duration or timeout: 0 milliseconds
Build info: version: '3.7.1', revision: '8a0099a', time: '2017-11-06T21:07:36.161Z'
System info: host: 'NIVEDITA', ip: '10.0.102.200', os.name: 'Windows 8.1', os.arch: 'amd64', os.version: '6.3', java.version: '1.8.0_181'
Driver info: com.kms.katalon.selenium.driver.CChromeDriver
Capabilities {acceptInsecureCerts: false, acceptSslCerts: false, applicationCacheEnabled: false, browserConnectionEnabled: false, browserName: chrome, chrome: {chromedriverVersion: 74.0.3729.6 (255758eccf3d24..., userDataDir: C:\Users\user\AppData\Local...}, cssSelectorsEnabled: true, databaseEnabled: false, goog:chromeOptions: {debuggerAddress: localhost:64822}, handlesAlerts: true, hasTouchScreen: false, javascriptEnabled: true, locationContextEnabled: true, mobileEmulationEnabled: false, nativeEvents: true, networkConnectionEnabled: false, pageLoadStrategy: normal, platform: XP, platformName: XP, proxy: Proxy(direct), rotatable: false, setWindowRect: true, strictFileInteractability: false, takesHeapSnapshot: true, takesScreenshot: true, timeouts: {implicit: 0, pageLoad: 300000, script: 30000}, unexpectedAlertBehaviour: ignore, unhandledPromptBehavior: ignore, version: 75.0.3770.142, webStorageEnabled: true}
Session ID: 702517078986833ed5322021e131ef4e
	at org.openqa.selenium.remote.ErrorHandler.createThrowable(ErrorHandler.java:214)
	at org.openqa.selenium.remote.ErrorHandler.throwIfResponseFailed(ErrorHandler.java:166)
	at org.openqa.selenium.remote.http.JsonHttpResponseCodec.reconstructValue(JsonHttpResponseCodec.java:40)
	at org.openqa.selenium.remote.http.AbstractHttpResponseCodec.decode(AbstractHttpResponseCodec.java:80)
	at org.openqa.selenium.remote.http.AbstractHttpResponseCodec.decode(AbstractHttpResponseCodec.java:44)
	at org.openqa.selenium.remote.HttpCommandExecutor.execute(HttpCommandExecutor.java:164)
	at org.openqa.selenium.remote.service.DriverCommandExecutor.execute(DriverCommandExecutor.java:83)
	at org.openqa.selenium.remote.RemoteWebDriver.execute(RemoteWebDriver.java:600)
	at com.kms.katalon.selenium.driver.CChromeDriver.execute(CChromeDriver.java:20)
	at org.openqa.selenium.remote.RemoteWebElement.execute(RemoteWebElement.java:279)
	at org.openqa.selenium.remote.RemoteWebElement.click(RemoteWebElement.java:83)
	at com.kms.katalon.core.webui.keyword.builtin.ClickKeyword$_click_closure1.doCall(ClickKeyword.groovy:79)
	at com.kms.katalon.core.webui.keyword.builtin.ClickKeyword$_click_closure1.call(ClickKeyword.groovy)
	at com.kms.katalon.core.webui.keyword.internal.WebUIKeywordMain.runKeyword(WebUIKeywordMain.groovy:20)
	at com.kms.katalon.core.webui.keyword.builtin.ClickKeyword.click(ClickKeyword.groovy:86)
	at com.kms.katalon.core.webui.keyword.builtin.ClickKeyword.execute(ClickKeyword.groovy:67)
	at com.kms.katalon.core.keyword.internal.KeywordExecutor.executeKeywordForPlatform(KeywordExecutor.groovy:56)
	at com.kms.katalon.core.webui.keyword.WebUiBuiltInKeywords.click(WebUiBuiltInKeywords.groovy:616)
	at com.kms.katalon.core.webui.keyword.WebUiBuiltInKeywords$click$3.call(Unknown Source)
	at Script1560248070231.run(Script1560248070231.groovy:351)
	... 13 more
"/>
         <system-out><![CDATA[2019-07-29 18:04:19 - [TEST_CASE][FAILED] - Test Cases/virtualShowRSVP/New Test Case_sushant: Test Cases/virtualShowRSVP/New Test Case_sushant FAILED.
Reason:
com.kms.katalon.core.exception.StepFailedException: Unable to click on object 'Object Repository/showMicrosite/button_join_the_show'
	at com.kms.katalon.core.webui.keyword.internal.WebUIKeywordMain.stepFailed(WebUIKeywordMain.groovy:64)
	at com.kms.katalon.core.webui.keyword.internal.WebUIKeywordMain.runKeyword(WebUIKeywordMain.groovy:26)
	at com.kms.katalon.core.webui.keyword.builtin.ClickKeyword.click(ClickKeyword.groovy:86)
	at com.kms.katalon.core.webui.keyword.builtin.ClickKeyword.execute(ClickKeyword.groovy:67)
	at com.kms.katalon.core.keyword.internal.KeywordExecutor.executeKeywordForPlatform(KeywordExecutor.groovy:56)
	at com.kms.katalon.core.webui.keyword.WebUiBuiltInKeywords.click(WebUiBuiltInKeywords.groovy:616)
	at com.kms.katalon.core.webui.keyword.WebUiBuiltInKeywords$click$3.call(Unknown Source)
	at New Test Case_sushant.run(New Test Case_sushant:351)
	at com.kms.katalon.core.main.ScriptEngine.run(ScriptEngine.java:194)
	at com.kms.katalon.core.main.ScriptEngine.runScriptAsRawText(ScriptEngine.java:119)
	at com.kms.katalon.core.main.TestCaseExecutor.runScript(TestCaseExecutor.java:342)
	at com.kms.katalon.core.main.TestCaseExecutor.doExecute(TestCaseExecutor.java:333)
	at com.kms.katalon.core.main.TestCaseExecutor.processExecutionPhase(TestCaseExecutor.java:312)
	at com.kms.katalon.core.main.TestCaseExecutor.accessMainPhase(TestCaseExecutor.java:304)
	at com.kms.katalon.core.main.TestCaseExecutor.execute(TestCaseExecutor.java:238)
	at com.kms.katalon.core.main.TestSuiteExecutor.accessTestCaseMainPhase(TestSuiteExecutor.java:129)
	at com.kms.katalon.core.main.TestSuiteExecutor.accessTestSuiteMainPhase(TestSuiteExecutor.java:112)
	at com.kms.katalon.core.main.TestSuiteExecutor.execute(TestSuiteExecutor.java:81)
	at com.kms.katalon.core.main.TestCaseMain.startTestSuite(TestCaseMain.java:157)
	at com.kms.katalon.core.main.TestCaseMain$startTestSuite$0.call(Unknown Source)
	at TempTestSuite1564403656210.run(TempTestSuite1564403656210.groovy:35)
Caused by: org.openqa.selenium.ElementClickInterceptedException: element click intercepted: Element <button _ngcontent-ttj-c10="" class="btn show-microsite-btn" type="button">...</button> is not clickable at point (673, 464). Other element would receive the click: <div _ngcontent-ttj-c33="" class="loader-fullscreen">...</div>
  (Session info: chrome=75.0.3770.142)
  (Driver info: chromedriver=74.0.3729.6 (255758eccf3d244491b8a1317aa76e1ce10d57e9-refs/branch-heads/3729@{#29}),platform=Windows NT 6.3.9600 x86_64) (WARNING: The server did not provide any stacktrace information)
Command duration or timeout: 0 milliseconds
Build info: version: '3.7.1', revision: '8a0099a', time: '2017-11-06T21:07:36.161Z'
System info: host: 'NIVEDITA', ip: '10.0.102.200', os.name: 'Windows 8.1', os.arch: 'amd64', os.version: '6.3', java.version: '1.8.0_181'
Driver info: com.kms.katalon.selenium.driver.CChromeDriver
Capabilities {acceptInsecureCerts: false, acceptSslCerts: false, applicationCacheEnabled: false, browserConnectionEnabled: false, browserName: chrome, chrome: {chromedriverVersion: 74.0.3729.6 (255758eccf3d24..., userDataDir: C:\Users\user\AppData\Local...}, cssSelectorsEnabled: true, databaseEnabled: false, goog:chromeOptions: {debuggerAddress: localhost:64822}, handlesAlerts: true, hasTouchScreen: false, javascriptEnabled: true, locationContextEnabled: true, mobileEmulationEnabled: false, nativeEvents: true, networkConnectionEnabled: false, pageLoadStrategy: normal, platform: XP, platformName: XP, proxy: Proxy(direct), rotatable: false, setWindowRect: true, strictFileInteractability: false, takesHeapSnapshot: true, takesScreenshot: true, timeouts: {implicit: 0, pageLoad: 300000, script: 30000}, unexpectedAlertBehaviour: ignore, unhandledPromptBehavior: ignore, version: 75.0.3770.142, webStorageEnabled: true}
Session ID: 702517078986833ed5322021e131ef4e
	at org.openqa.selenium.remote.ErrorHandler.createThrowable(ErrorHandler.java:214)
	at org.openqa.selenium.remote.ErrorHandler.throwIfResponseFailed(ErrorHandler.java:166)
	at org.openqa.selenium.remote.http.JsonHttpResponseCodec.reconstructValue(JsonHttpResponseCodec.java:40)
	at org.openqa.selenium.remote.http.AbstractHttpResponseCodec.decode(AbstractHttpResponseCodec.java:80)
	at org.openqa.selenium.remote.http.AbstractHttpResponseCodec.decode(AbstractHttpResponseCodec.java:44)
	at org.openqa.selenium.remote.HttpCommandExecutor.execute(HttpCommandExecutor.java:164)
	at org.openqa.selenium.remote.service.DriverCommandExecutor.execute(DriverCommandExecutor.java:83)
	at org.openqa.selenium.remote.RemoteWebDriver.execute(RemoteWebDriver.java:600)
	at com.kms.katalon.selenium.driver.CChromeDriver.execute(CChromeDriver.java:20)
	at org.openqa.selenium.remote.RemoteWebElement.execute(RemoteWebElement.java:279)
	at org.openqa.selenium.remote.RemoteWebElement.click(RemoteWebElement.java:83)
	at com.kms.katalon.core.webui.keyword.builtin.ClickKeyword$_click_closure1.doCall(ClickKeyword.groovy:79)
	at com.kms.katalon.core.webui.keyword.builtin.ClickKeyword$_click_closure1.call(ClickKeyword.groovy)
	at com.kms.katalon.core.webui.keyword.internal.WebUIKeywordMain.runKeyword(WebUIKeywordMain.groovy:20)
	at com.kms.katalon.core.webui.keyword.builtin.ClickKeyword.click(ClickKeyword.groovy:86)
	at com.kms.katalon.core.webui.keyword.builtin.ClickKeyword.execute(ClickKeyword.groovy:67)
	at com.kms.katalon.core.keyword.internal.KeywordExecutor.executeKeywordForPlatform(KeywordExecutor.groovy:56)
	at com.kms.katalon.core.webui.keyword.WebUiBuiltInKeywords.click(WebUiBuiltInKeywords.groovy:616)
	at com.kms.katalon.core.webui.keyword.WebUiBuiltInKeywords$click$3.call(Unknown Source)
	at Script1560248070231.run(Script1560248070231.groovy:351)
	... 13 more


2019-07-29 18:04:20 - [TEST_STEP][PASSED] - Start listener action : sampleBeforeTestCase: null

2019-07-29 18:04:20 - [TEST_STEP][PASSED] - println(testCaseContext.getTestCaseId()): null

2019-07-29 18:04:20 - [TEST_STEP][PASSED] - println(testCaseContext.getTestCaseVariables()): null

2019-07-29 18:04:21 - [TEST_STEP][PASSED] - dataFile = "micrositeData": null

2019-07-29 18:04:21 - [TEST_STEP][PASSED] - guest1Mail = findTestData(dataFile).getValue("guest1Mail", 1): null

2019-07-29 18:04:22 - [TEST_STEP][PASSED] - guest1Pass = findTestData(dataFile).getValue("guest1Pass", 1): null

2019-07-29 18:04:22 - [TEST_STEP][PASSED] - dataFile = "virtualShowData": null

2019-07-29 18:04:22 - [TEST_STEP][PASSED] - hostess = findTestData(dataFile).getValue("hostess", 1): null

2019-07-29 18:04:22 - [TEST_STEP][PASSED] - cohostess = findTestData(dataFile).getValue("cohostess", 1): null

2019-07-29 18:04:22 - [TEST_STEP][PASSED] - guest1 = findTestData(dataFile).getValue("guest1", 1): null

2019-07-29 18:04:22 - [TEST_STEP][PASSED] - guest2 = findTestData(dataFile).getValue("guest2", 1): null

2019-07-29 18:04:22 - [TEST_STEP][PASSED] - RSTestEnvt = findTestData("envtData").getValue("RSTestEnvt", 1): null

2019-07-29 18:04:23 - [TEST_STEP][PASSED] - BOURL = findTestData("envtData").getValue("BOURL", 1): null

2019-07-29 18:04:23 - [TEST_STEP][PASSED] - actualGuestList = new java.util.ArrayList(): null

2019-07-29 18:04:23 - [TEST_STEP][PASSED] - yesList = new java.util.ArrayList(): null

2019-07-29 18:04:23 - [TEST_STEP][PASSED] - noList = new java.util.ArrayList(): null

2019-07-29 18:04:23 - [TEST_STEP][PASSED] - maybeList = new java.util.ArrayList(): null

2019-07-29 18:04:23 - [TEST_STEP][PASSED] - noreplyList = new java.util.ArrayList(): null

2019-07-29 18:04:23 - [TEST_STEP][PASSED] - presentList = new java.util.ArrayList(): null

2019-07-29 18:04:23 - [TEST_STEP][PASSED] - allList = new java.util.ArrayList(): null

2019-07-29 18:04:23 - [TEST_STEP][PASSED] - callTestCase(findTestCase("virtualShowRSVP/createShow"), ["testEnvt":"", "username":"", "password":"", "stylist":"", "hostess":"", "cohostess":"", "guest1":"", "guest2":"", "verifyHostess":"", ... ], STOP_ON_FAILURE): Call Test Case 'Test Cases/virtualShowRSVP/createShow' successfully

2019-07-29 18:04:23 - [TEST_CASE][PASSED] - Test Cases/virtualShowRSVP/createShow: Test Cases/virtualShowRSVP/createShow

2019-07-29 18:04:23 - [TEST_STEP][PASSED] - dataFile = "virtualShowData": null

2019-07-29 18:04:23 - [TEST_STEP][PASSED] - stylist = findTestData(dataFile).getValue("stylist", 1): null

2019-07-29 18:04:24 - [TEST_STEP][PASSED] - hostess = findTestData(dataFile).getValue("hostess", 1): null

2019-07-29 18:04:24 - [TEST_STEP][PASSED] - cohostess = findTestData(dataFile).getValue("cohostess", 1): null

2019-07-29 18:04:24 - [TEST_STEP][PASSED] - guest1 = findTestData(dataFile).getValue("guest1", 1): null

2019-07-29 18:04:24 - [TEST_STEP][PASSED] - guest2 = findTestData(dataFile).getValue("guest2", 1): null

2019-07-29 18:04:24 - [TEST_STEP][PASSED] - verifyGuestCount = findTestData(dataFile).getValue("verifyGuestCount", 1): null

2019-07-29 18:04:24 - [TEST_STEP][PASSED] - RSTestEnvt = findTestData("envtData").getValue("RSTestEnvt", 1): null

2019-07-29 18:04:24 - [TEST_STEP][PASSED] - openBrowser(""): Browser is opened with url: ''

2019-07-29 18:04:24 - [MESSAGE][INFO] - Starting 'Chrome' driver

2019-07-29 18:04:24 - [MESSAGE][INFO] - User set preference: ['args', '[--use-fake-ui-for-media-stream, --start-maximized]']

2019-07-29 18:04:24 - [MESSAGE][INFO] - Action delay is set to 0 seconds

2019-07-29 18:04:28 - [MESSAGE][PASSED] - Browser is opened with url: ''

2019-07-29 18:04:28 - [TEST_STEP][PASSED] - maximizeWindow(): Current window maximized

2019-07-29 18:04:29 - [MESSAGE][PASSED] - Current window maximized

2019-07-29 18:04:29 - [TEST_STEP][PASSED] - callTestCase(findTestCase("TestCaseUtilities/backOfficeLogin"), ["BOURL":"", "BOuser":"", "BOpass":""], STOP_ON_FAILURE): Call Test Case 'Test Cases/TestCaseUtilities/backOfficeLogin' successfully

2019-07-29 18:04:29 - [TEST_CASE][PASSED] - Test Cases/TestCaseUtilities/backOfficeLogin: Test Cases/TestCaseUtilities/backOfficeLogin

2019-07-29 18:04:29 - [TEST_STEP][PASSED] - BOURL = findTestData("envtData").getValue("BOURL", 1): null

2019-07-29 18:04:29 - [TEST_STEP][PASSED] - BOuser = findTestData("credData").getValue("BOuser", 1): null

2019-07-29 18:04:29 - [TEST_STEP][PASSED] - BOpass = findTestData("credData").getValue("BOpass", 1): null

2019-07-29 18:04:29 - [TEST_STEP][PASSED] - navigateToUrl(BOURL): Navigate to 'https://test21.cliotest.com/backoffice/control/main' successfully

2019-07-29 18:04:40 - [MESSAGE][PASSED] - Navigate to 'https://test21.cliotest.com/backoffice/control/main' successfully

2019-07-29 18:04:40 - [TEST_STEP][PASSED] - logOut = findWebElements(findTestObject("Object Repository/Page_cabi Home/log_out"), 1): Unable to find the element located by 'By.xpath: //a[contains(text(),'Log Out')]'. Please recheck the objects properties to make sure the desired element is located. 

2019-07-29 18:04:41 - [MESSAGE][INFO] - Unable to find the element located by 'By.xpath: //a[contains(text(),'Log Out')]'. Please recheck the objects properties to make sure the desired element is located. 

2019-07-29 18:04:41 - [TEST_STEP][PASSED] - if (logOut.size() == 0): Object: 'Object Repository/Page_cabi/input_Welcome to_consultantLogin' is clicked on

2019-07-29 18:04:41 - [TEST_STEP][PASSED] - setText(findTestObject("Page_cabi/input_Welcome to_USERNAME"), BOuser): Text '400000002' is set on object 'Object Repository/Page_cabi/input_Welcome to_USERNAME'

2019-07-29 18:04:41 - [MESSAGE][PASSED] - Text '400000002' is set on object 'Object Repository/Page_cabi/input_Welcome to_USERNAME'

2019-07-29 18:04:41 - [TEST_STEP][PASSED] - setText(findTestObject("Object Repository/Page_cabi/input_Welcome to_PASSWORD"), BOpass): Text 'blackdress19' is set on object 'Object Repository/Page_cabi/input_Welcome to_PASSWORD'

2019-07-29 18:04:41 - [MESSAGE][PASSED] - Text 'blackdress19' is set on object 'Object Repository/Page_cabi/input_Welcome to_PASSWORD'

2019-07-29 18:04:41 - [TEST_STEP][PASSED] - click(findTestObject("Object Repository/Page_cabi/input_Welcome to_consultantLogin")): Object: 'Object Repository/Page_cabi/input_Welcome to_consultantLogin' is clicked on

2019-07-29 18:04:54 - [MESSAGE][PASSED] - Object: 'Object Repository/Page_cabi/input_Welcome to_consultantLogin' is clicked on

2019-07-29 18:04:54 - [TEST_STEP][PASSED] - delay(3): Delayed 3 second(s)

2019-07-29 18:04:57 - [MESSAGE][PASSED] - Delayed 3 second(s)

2019-07-29 18:04:57 - [MESSAGE][PASSED] - Call Test Case 'Test Cases/TestCaseUtilities/backOfficeLogin' successfully

2019-07-29 18:04:57 - [TEST_STEP][PASSED] - verifyElementText(findTestObject("Object Repository/virualShowRSVPOR/Page_cabi/span_username"), stylist): Actual text and expected text of test object 'Object Repository/virualShowRSVPOR/Page_cabi/span_username' are matched.

2019-07-29 18:04:57 - [MESSAGE][PASSED] - Actual text and expected text of test object 'Object Repository/virualShowRSVPOR/Page_cabi/span_username' are matched.

2019-07-29 18:04:57 - [TEST_STEP][PASSED] - click(findTestObject("Object Repository/virualShowRSVPOR/Page_cabi Home/a_shows _orders")): Object: 'Object Repository/virualShowRSVPOR/Page_cabi Home/a_shows _orders' is clicked on

2019-07-29 18:04:57 - [MESSAGE][PASSED] - Object: 'Object Repository/virualShowRSVPOR/Page_cabi Home/a_shows _orders' is clicked on

2019-07-29 18:04:57 - [TEST_STEP][PASSED] - click(findTestObject("Object Repository/virualShowRSVPOR/Page_cabi Home/a_Create_A_Show")): Object: 'Object Repository/virualShowRSVPOR/Page_cabi Home/a_Create_A_Show' is clicked on

2019-07-29 18:04:59 - [MESSAGE][PASSED] - Object: 'Object Repository/virualShowRSVPOR/Page_cabi Home/a_Create_A_Show' is clicked on

2019-07-29 18:04:59 - [TEST_STEP][PASSED] - setText(findTestObject("Object Repository/virualShowRSVPOR/Page_cabi Create Show - Set Hostess/input_Hostess"), hostess): Text 'sushanthost abc' is set on object 'Object Repository/virualShowRSVPOR/Page_cabi Create Show - Set Hostess/input_Hostess'

2019-07-29 18:05:00 - [MESSAGE][PASSED] - Text 'sushanthost abc' is set on object 'Object Repository/virualShowRSVPOR/Page_cabi Create Show - Set Hostess/input_Hostess'

2019-07-29 18:05:00 - [TEST_STEP][PASSED] - delay(2): Delayed 2 second(s)

2019-07-29 18:05:02 - [MESSAGE][PASSED] - Delayed 2 second(s)

2019-07-29 18:05:02 - [TEST_STEP][PASSED] - sendKeys(findTestObject("Object Repository/virualShowRSVPOR/Page_cabi Create Show - Set Hostess/input_Hostess"), Keys.chord(ARROW_DOWN)): Keys 'DOWN + ' sent to object: 'Object Repository/virualShowRSVPOR/Page_cabi Create Show - Set Hostess/input_Hostess'

2019-07-29 18:05:02 - [MESSAGE][PASSED] - Keys 'DOWN + ' sent to object: 'Object Repository/virualShowRSVPOR/Page_cabi Create Show - Set Hostess/input_Hostess'

2019-07-29 18:05:02 - [TEST_STEP][PASSED] - sendKeys(findTestObject("Object Repository/virualShowRSVPOR/Page_cabi Create Show - Set Hostess/input_Hostess"), Keys.chord(ENTER)): Keys 'ENTER + ' sent to object: 'Object Repository/virualShowRSVPOR/Page_cabi Create Show - Set Hostess/input_Hostess'

2019-07-29 18:05:02 - [MESSAGE][PASSED] - Keys 'ENTER + ' sent to object: 'Object Repository/virualShowRSVPOR/Page_cabi Create Show - Set Hostess/input_Hostess'

2019-07-29 18:05:02 - [TEST_STEP][PASSED] - delay(2): Delayed 2 second(s)

2019-07-29 18:05:04 - [MESSAGE][PASSED] - Delayed 2 second(s)

2019-07-29 18:05:04 - [TEST_STEP][PASSED] - validateHostessAddressMsg = findWebElements(findTestObject("Object Repository/virualShowRSVPOR/Page_cabi Create Show - Set Hostess/validate_address_msg"), 5): null

2019-07-29 18:05:04 - [TEST_STEP][PASSED] - println(validateHostessAddressMsg.size()): null

2019-07-29 18:05:04 - [TEST_STEP][PASSED] - if (validateHostessAddressMsg.isEmpty()): null

2019-07-29 18:05:04 - [TEST_STEP][PASSED] - selectOptionByValue(findTestObject("Object Repository/virualShowRSVPOR/Page_cabi Create Show - Set Hostess/select_Choose_From_Contacts_Co-Hostess"), "3", true): All options with value '3' are selected in object 'Object Repository/virualShowRSVPOR/Page_cabi Create Show - Set Hostess/select_Choose_From_Contacts_Co-Hostess'  using regular expression

2019-07-29 18:05:04 - [MESSAGE][PASSED] - All options with value '3' are selected in object 'Object Repository/virualShowRSVPOR/Page_cabi Create Show - Set Hostess/select_Choose_From_Contacts_Co-Hostess'  using regular expression

2019-07-29 18:05:04 - [TEST_STEP][PASSED] - setText(findTestObject("Object Repository/virualShowRSVPOR/Page_cabi Create Show - Set Hostess/input_Cohostess"), cohostess): Text 'sushantcohost abc' is set on object 'Object Repository/virualShowRSVPOR/Page_cabi Create Show - Set Hostess/input_Cohostess'

2019-07-29 18:05:04 - [MESSAGE][PASSED] - Text 'sushantcohost abc' is set on object 'Object Repository/virualShowRSVPOR/Page_cabi Create Show - Set Hostess/input_Cohostess'

2019-07-29 18:05:04 - [TEST_STEP][PASSED] - delay(2): Delayed 2 second(s)

2019-07-29 18:05:06 - [MESSAGE][PASSED] - Delayed 2 second(s)

2019-07-29 18:05:06 - [TEST_STEP][PASSED] - sendKeys(findTestObject("Object Repository/virualShowRSVPOR/Page_cabi Create Show - Set Hostess/input_Cohostess"), Keys.chord(ARROW_DOWN)): Keys 'DOWN + ' sent to object: 'Object Repository/virualShowRSVPOR/Page_cabi Create Show - Set Hostess/input_Cohostess'

2019-07-29 18:05:06 - [MESSAGE][PASSED] - Keys 'DOWN + ' sent to object: 'Object Repository/virualShowRSVPOR/Page_cabi Create Show - Set Hostess/input_Cohostess'

2019-07-29 18:05:06 - [TEST_STEP][PASSED] - sendKeys(findTestObject("Object Repository/virualShowRSVPOR/Page_cabi Create Show - Set Hostess/input_Cohostess"), Keys.chord(ENTER)): Keys 'ENTER + ' sent to object: 'Object Repository/virualShowRSVPOR/Page_cabi Create Show - Set Hostess/input_Cohostess'

2019-07-29 18:05:07 - [MESSAGE][PASSED] - Keys 'ENTER + ' sent to object: 'Object Repository/virualShowRSVPOR/Page_cabi Create Show - Set Hostess/input_Cohostess'

2019-07-29 18:05:07 - [TEST_STEP][PASSED] - delay(3): Delayed 3 second(s)

2019-07-29 18:05:10 - [MESSAGE][PASSED] - Delayed 3 second(s)

2019-07-29 18:05:10 - [TEST_STEP][PASSED] - validateHostessAddressMsg = findWebElements(findTestObject("Object Repository/virualShowRSVPOR/Page_cabi Create Show - Set Hostess/validate_address_msg"), 5): null

2019-07-29 18:05:10 - [TEST_STEP][PASSED] - if (validateHostessAddressMsg.size() != 4): null

2019-07-29 18:05:10 - [TEST_STEP][PASSED] - click(findTestObject("Object Repository/virualShowRSVPOR/Page_cabi Create Show - Set Hostess/input_next")): Object: 'Object Repository/virualShowRSVPOR/Page_cabi Create Show - Set Hostess/input_next' is clicked on

2019-07-29 18:05:12 - [MESSAGE][PASSED] - Object: 'Object Repository/virualShowRSVPOR/Page_cabi Create Show - Set Hostess/input_next' is clicked on

2019-07-29 18:05:12 - [TEST_STEP][PASSED] - click(findTestObject("Object Repository/virualShowRSVPOR/Page_cabi Create Show - Time and Place/check_Virtual_Show")): Object: 'Object Repository/virualShowRSVPOR/Page_cabi Create Show - Time and Place/check_Virtual_Show' is clicked on

2019-07-29 18:05:12 - [MESSAGE][PASSED] - Object: 'Object Repository/virualShowRSVPOR/Page_cabi Create Show - Time and Place/check_Virtual_Show' is clicked on

2019-07-29 18:05:12 - [TEST_STEP][PASSED] - click(findTestObject("Object Repository/virualShowRSVPOR/Page_cabi Create Show - Time and Place/input_Show_Date_Time")): Object: 'Object Repository/virualShowRSVPOR/Page_cabi Create Show - Time and Place/input_Show_Date_Time' is clicked on

2019-07-29 18:05:12 - [MESSAGE][PASSED] - Object: 'Object Repository/virualShowRSVPOR/Page_cabi Create Show - Time and Place/input_Show_Date_Time' is clicked on

2019-07-29 18:05:12 - [TEST_STEP][PASSED] - year = findTestData("virtualShowData").getValue("vsyear", 1): null

2019-07-29 18:05:12 - [TEST_STEP][PASSED] - month = findTestData("virtualShowData").getValue("vsmonth", 1): null

2019-07-29 18:05:12 - [TEST_STEP][PASSED] - day = findTestData("virtualShowData").getValue("vsday", 1): null

2019-07-29 18:05:12 - [TEST_STEP][PASSED] - xpath = UtilityMethods.concat("//td[@data-month='" + month - 1 + "' and @data-year='" + year + "']/a[contains(text(), '" + day + "')]"): null

2019-07-29 18:05:12 - [TEST_STEP][PASSED] - dateObj = new com.kms.katalon.core.testobject.TestObject(td_month_year_day): null

2019-07-29 18:05:12 - [TEST_STEP][PASSED] - dateObj.addProperty("xpath", EQUALS, xpath): null

2019-07-29 18:05:12 - [TEST_STEP][PASSED] - monthBound = 12: null

2019-07-29 18:05:12 - [TEST_STEP][PASSED] - dateObjList = findWebElements(dateObj, 5): null

2019-07-29 18:05:12 - [TEST_STEP][PASSED] - while (dateObjList.size() == 0 && monthBound > 0): null

2019-07-29 18:05:12 - [TEST_STEP][PASSED] - click(dateObj): Object: 'td_month_year_day' is clicked on

2019-07-29 18:05:12 - [MESSAGE][PASSED] - Object: 'td_month_year_day' is clicked on

2019-07-29 18:05:12 - [TEST_STEP][PASSED] - click(findTestObject("Object Repository/virualShowRSVPOR/Page_cabi Create Show - Time and Place/a_select_End_Time")): Object: 'Object Repository/virualShowRSVPOR/Page_cabi Create Show - Time and Place/a_select_End_Time' is clicked on

2019-07-29 18:05:13 - [MESSAGE][PASSED] - Object: 'Object Repository/virualShowRSVPOR/Page_cabi Create Show - Time and Place/a_select_End_Time' is clicked on

2019-07-29 18:05:13 - [TEST_STEP][PASSED] - click(findTestObject("Object Repository/virualShowRSVPOR/Page_cabi Create Show - Time and Place/input_next")): Object: 'Object Repository/virualShowRSVPOR/Page_cabi Create Show - Time and Place/input_next' is clicked on

2019-07-29 18:05:13 - [MESSAGE][PASSED] - Object: 'Object Repository/virualShowRSVPOR/Page_cabi Create Show - Time and Place/input_next' is clicked on

2019-07-29 18:05:13 - [TEST_STEP][PASSED] - delay(5): Delayed 5 second(s)

2019-07-29 18:05:18 - [MESSAGE][PASSED] - Delayed 5 second(s)

2019-07-29 18:05:18 - [TEST_STEP][PASSED] - click(findTestObject("Object Repository/virualShowRSVPOR/Page_cabi Create Show - Invite Hostess/input_Skip_Invite")): Object: 'Object Repository/virualShowRSVPOR/Page_cabi Create Show - Invite Hostess/input_Skip_Invite' is clicked on

2019-07-29 18:05:21 - [MESSAGE][PASSED] - Object: 'Object Repository/virualShowRSVPOR/Page_cabi Create Show - Invite Hostess/input_Skip_Invite' is clicked on

2019-07-29 18:05:21 - [TEST_STEP][PASSED] - setText(findTestObject("Object Repository/virualShowRSVPOR/Page_cabi Edit Show - Add Guests/contact_search_box"), guest1): Text 'sushantguest1 abc' is set on object 'Object Repository/virualShowRSVPOR/Page_cabi Edit Show - Add Guests/contact_search_box'

2019-07-29 18:05:21 - [MESSAGE][PASSED] - Text 'sushantguest1 abc' is set on object 'Object Repository/virualShowRSVPOR/Page_cabi Edit Show - Add Guests/contact_search_box'

2019-07-29 18:05:21 - [TEST_STEP][PASSED] - delay(2): Delayed 2 second(s)

2019-07-29 18:05:23 - [MESSAGE][PASSED] - Delayed 2 second(s)

2019-07-29 18:05:23 - [TEST_STEP][PASSED] - sendKeys(findTestObject("Object Repository/virualShowRSVPOR/Page_cabi Edit Show - Add Guests/contact_search_box"), Keys.chord(ARROW_DOWN)): Keys 'DOWN + ' sent to object: 'Object Repository/virualShowRSVPOR/Page_cabi Edit Show - Add Guests/contact_search_box'

2019-07-29 18:05:23 - [MESSAGE][PASSED] - Keys 'DOWN + ' sent to object: 'Object Repository/virualShowRSVPOR/Page_cabi Edit Show - Add Guests/contact_search_box'

2019-07-29 18:05:23 - [TEST_STEP][PASSED] - sendKeys(findTestObject("Object Repository/virualShowRSVPOR/Page_cabi Edit Show - Add Guests/contact_search_box"), Keys.chord(ENTER)): Keys 'ENTER + ' sent to object: 'Object Repository/virualShowRSVPOR/Page_cabi Edit Show - Add Guests/contact_search_box'

2019-07-29 18:05:23 - [MESSAGE][PASSED] - Keys 'ENTER + ' sent to object: 'Object Repository/virualShowRSVPOR/Page_cabi Edit Show - Add Guests/contact_search_box'

2019-07-29 18:05:23 - [TEST_STEP][PASSED] - delay(2): Delayed 2 second(s)

2019-07-29 18:05:25 - [MESSAGE][PASSED] - Delayed 2 second(s)

2019-07-29 18:05:25 - [TEST_STEP][PASSED] - click(findTestObject("Object Repository/virualShowRSVPOR/Page_cabi Edit Show - Add Guests/a_add_guest")): Object: 'Object Repository/virualShowRSVPOR/Page_cabi Edit Show - Add Guests/a_add_guest' is clicked on

2019-07-29 18:05:26 - [MESSAGE][PASSED] - Object: 'Object Repository/virualShowRSVPOR/Page_cabi Edit Show - Add Guests/a_add_guest' is clicked on

2019-07-29 18:05:26 - [TEST_STEP][PASSED] - delay(5): Delayed 5 second(s)

2019-07-29 18:05:31 - [MESSAGE][PASSED] - Delayed 5 second(s)

2019-07-29 18:05:31 - [TEST_STEP][PASSED] - setText(findTestObject("Object Repository/virualShowRSVPOR/Page_cabi Edit Show - Add Guests/contact_search_box"), guest2): Text 'sushantguest2 abc' is set on object 'Object Repository/virualShowRSVPOR/Page_cabi Edit Show - Add Guests/contact_search_box'

2019-07-29 18:05:31 - [MESSAGE][PASSED] - Text 'sushantguest2 abc' is set on object 'Object Repository/virualShowRSVPOR/Page_cabi Edit Show - Add Guests/contact_search_box'

2019-07-29 18:05:31 - [TEST_STEP][PASSED] - delay(2): Delayed 2 second(s)

2019-07-29 18:05:33 - [MESSAGE][PASSED] - Delayed 2 second(s)

2019-07-29 18:05:33 - [TEST_STEP][PASSED] - sendKeys(findTestObject("Object Repository/virualShowRSVPOR/Page_cabi Edit Show - Add Guests/contact_search_box"), Keys.chord(ARROW_DOWN)): Keys 'DOWN + ' sent to object: 'Object Repository/virualShowRSVPOR/Page_cabi Edit Show - Add Guests/contact_search_box'

2019-07-29 18:05:33 - [MESSAGE][PASSED] - Keys 'DOWN + ' sent to object: 'Object Repository/virualShowRSVPOR/Page_cabi Edit Show - Add Guests/contact_search_box'

2019-07-29 18:05:33 - [TEST_STEP][PASSED] - sendKeys(findTestObject("Object Repository/virualShowRSVPOR/Page_cabi Edit Show - Add Guests/contact_search_box"), Keys.chord(ENTER)): Keys 'ENTER + ' sent to object: 'Object Repository/virualShowRSVPOR/Page_cabi Edit Show - Add Guests/contact_search_box'

2019-07-29 18:05:33 - [MESSAGE][PASSED] - Keys 'ENTER + ' sent to object: 'Object Repository/virualShowRSVPOR/Page_cabi Edit Show - Add Guests/contact_search_box'

2019-07-29 18:05:33 - [TEST_STEP][PASSED] - delay(2): Delayed 2 second(s)

2019-07-29 18:05:35 - [MESSAGE][PASSED] - Delayed 2 second(s)

2019-07-29 18:05:35 - [TEST_STEP][PASSED] - click(findTestObject("Object Repository/virualShowRSVPOR/Page_cabi Edit Show - Add Guests/a_add_guest")): Object: 'Object Repository/virualShowRSVPOR/Page_cabi Edit Show - Add Guests/a_add_guest' is clicked on

2019-07-29 18:05:36 - [MESSAGE][PASSED] - Object: 'Object Repository/virualShowRSVPOR/Page_cabi Edit Show - Add Guests/a_add_guest' is clicked on

2019-07-29 18:05:36 - [TEST_STEP][PASSED] - delay(2): Delayed 2 second(s)

2019-07-29 18:05:38 - [MESSAGE][PASSED] - Delayed 2 second(s)

2019-07-29 18:05:38 - [TEST_STEP][PASSED] - verifyHostess = UtilityMethods.splitPersonName(hostess): null

2019-07-29 18:05:38 - [TEST_STEP][PASSED] - verifyCohostess = UtilityMethods.splitPersonName(cohostess): null

2019-07-29 18:05:38 - [TEST_STEP][PASSED] - verifyGuest1 = UtilityMethods.splitPersonName(guest1): null

2019-07-29 18:05:38 - [TEST_STEP][PASSED] - verifyGuest2 = UtilityMethods.splitPersonName(guest2): null

2019-07-29 18:05:38 - [TEST_STEP][PASSED] - verifyElementText(findTestObject("Object Repository/virualShowRSVPOR/Page_cabi Edit Show - Add Guests/span_hostess_name"), UtilityMethods.concat(verifyHostess[1], ", ", verifyHostess[0])): Actual text and expected text of test object 'Object Repository/virualShowRSVPOR/Page_cabi Edit Show - Add Guests/span_hostess_name' are matched.

2019-07-29 18:05:38 - [MESSAGE][PASSED] - Actual text and expected text of test object 'Object Repository/virualShowRSVPOR/Page_cabi Edit Show - Add Guests/span_hostess_name' are matched.

2019-07-29 18:05:38 - [TEST_STEP][PASSED] - verifyElementText(findTestObject("Object Repository/virualShowRSVPOR/Page_cabi Edit Show - Add Guests/span_cohostess_name"), UtilityMethods.concat(verifyCohostess[1], ", ", verifyCohostess[0])): Actual text and expected text of test object 'Object Repository/virualShowRSVPOR/Page_cabi Edit Show - Add Guests/span_cohostess_name' are matched.

2019-07-29 18:05:38 - [MESSAGE][PASSED] - Actual text and expected text of test object 'Object Repository/virualShowRSVPOR/Page_cabi Edit Show - Add Guests/span_cohostess_name' are matched.

2019-07-29 18:05:38 - [TEST_STEP][PASSED] - listElement = findWebElements(findTestObject("Object Repository/virualShowRSVPOR/Page_cabi Edit Show - Add Guests/span_guest_name_list"), 5): null

2019-07-29 18:05:38 - [TEST_STEP][PASSED] - guestCount = Integer.parseInt(verifyGuestCount): null

2019-07-29 18:05:38 - [TEST_STEP][PASSED] - assert listElement.size() == guestCount: null

2019-07-29 18:05:38 - [TEST_STEP][PASSED] - flag = false: null

2019-07-29 18:05:38 - [TEST_STEP][PASSED] - for ([i = 0, i < guestCount, (i++)]): null

2019-07-29 18:05:38 - [TEST_STEP][PASSED] - flag = false: null

2019-07-29 18:05:38 - [TEST_STEP][PASSED] - if (getText().equals(UtilityMethods.concat(verifyGuest1[1], ", ", verifyGuest1[0]))): null

2019-07-29 18:05:38 - [TEST_STEP][PASSED] - flag = true: null

2019-07-29 18:05:38 - [TEST_STEP][PASSED] - if (getText().equals(UtilityMethods.concat(verifyGuest2[1], ", ", verifyGuest2[0]))): null

2019-07-29 18:05:38 - [TEST_STEP][PASSED] - flag = false: null

2019-07-29 18:05:38 - [TEST_STEP][PASSED] - if (getText().equals(UtilityMethods.concat(verifyGuest1[1], ", ", verifyGuest1[0]))): null

2019-07-29 18:05:38 - [TEST_STEP][PASSED] - if (getText().equals(UtilityMethods.concat(verifyGuest2[1], ", ", verifyGuest2[0]))): null

2019-07-29 18:05:38 - [TEST_STEP][PASSED] - flag = true: null

2019-07-29 18:05:38 - [TEST_STEP][PASSED] - assert flag == true: null

2019-07-29 18:05:38 - [TEST_STEP][PASSED] - click(findTestObject("Object Repository/virualShowRSVPOR/Page_cabi Edit Show - Add Guests/input_Next")): Object: 'Object Repository/virualShowRSVPOR/Page_cabi Edit Show - Add Guests/input_Next' is clicked on

2019-07-29 18:05:40 - [MESSAGE][PASSED] - Object: 'Object Repository/virualShowRSVPOR/Page_cabi Edit Show - Add Guests/input_Next' is clicked on

2019-07-29 18:05:40 - [TEST_STEP][PASSED] - delay(5): Delayed 5 second(s)

2019-07-29 18:05:45 - [MESSAGE][PASSED] - Delayed 5 second(s)

2019-07-29 18:05:45 - [TEST_STEP][PASSED] - click(findTestObject("Object Repository/virualShowRSVPOR/Page_cabi Edit Show - Send Invitations/input_Overview")): Object: 'Object Repository/virualShowRSVPOR/Page_cabi Edit Show - Send Invitations/input_Overview' is clicked on

2019-07-29 18:05:48 - [MESSAGE][PASSED] - Object: 'Object Repository/virualShowRSVPOR/Page_cabi Edit Show - Send Invitations/input_Overview' is clicked on

2019-07-29 18:05:48 - [TEST_STEP][PASSED] - showID = getText(findTestObject("Object Repository/virualShowRSVPOR/Page_cabi Orders/li_Show_ID_Text")): Text of object 'Object Repository/virualShowRSVPOR/Page_cabi Orders/li_Show_ID_Text' is: 'Show #: 104659214'

2019-07-29 18:05:48 - [MESSAGE][PASSED] - Text of object 'Object Repository/virualShowRSVPOR/Page_cabi Orders/li_Show_ID_Text' is: 'Show #: 104659214'

2019-07-29 18:05:48 - [TEST_STEP][PASSED] - rightClick(findTestObject("Object Repository/virualShowRSVPOR/Page_cabi Orders/a_Account")): Object: 'Object Repository/virualShowRSVPOR/Page_cabi Orders/a_Account' is right clicked on

2019-07-29 18:05:48 - [MESSAGE][PASSED] - Object: 'Object Repository/virualShowRSVPOR/Page_cabi Orders/a_Account' is right clicked on

2019-07-29 18:05:48 - [TEST_STEP][PASSED] - click(findTestObject("Object Repository/virualShowRSVPOR/Page_cabi Orders/a_My Profile")): Object: 'Object Repository/virualShowRSVPOR/Page_cabi Orders/a_My Profile' is clicked on

2019-07-29 18:05:50 - [MESSAGE][PASSED] - Object: 'Object Repository/virualShowRSVPOR/Page_cabi Orders/a_My Profile' is clicked on

2019-07-29 18:05:50 - [TEST_STEP][PASSED] - rsName = getText(findTestObject("Object Repository/virualShowRSVPOR/Page_cabi My Profile/span_rsName")): Text of object 'Object Repository/virualShowRSVPOR/Page_cabi My Profile/span_rsName' is: 'MirandaKate'

2019-07-29 18:05:50 - [MESSAGE][PASSED] - Text of object 'Object Repository/virualShowRSVPOR/Page_cabi My Profile/span_rsName' is: 'MirandaKate'

2019-07-29 18:05:50 - [TEST_STEP][PASSED] - micrositeURL = UtilityMethods.createURL(rsName, RSTestEnvt, showID): null

2019-07-29 18:05:50 - [TEST_STEP][PASSED] - println(micrositeURL): null

2019-07-29 18:05:50 - [TEST_STEP][PASSED] - back(): Navigate back successfully

2019-07-29 18:05:51 - [MESSAGE][PASSED] - Navigate back successfully

2019-07-29 18:05:51 - [MESSAGE][PASSED] - Call Test Case 'Test Cases/virtualShowRSVP/createShow' successfully

2019-07-29 18:05:51 - [TEST_STEP][PASSED] - hostessObj = new commonUtility.VSGuest(hostess): null

2019-07-29 18:05:51 - [TEST_STEP][PASSED] - cohostessObj = new commonUtility.VSGuest(cohostess): null

2019-07-29 18:05:51 - [TEST_STEP][PASSED] - guest1Obj = new commonUtility.VSGuest(guest1): null

2019-07-29 18:05:51 - [TEST_STEP][PASSED] - guest2Obj = new commonUtility.VSGuest(guest2): null

2019-07-29 18:05:51 - [TEST_STEP][PASSED] - driver = getWebDriver(): null

2019-07-29 18:05:51 - [TEST_STEP][PASSED] - executor = driver: null

2019-07-29 18:05:51 - [TEST_STEP][PASSED] - currentPage = getUrl(): Current window's url is: 'https://test21.cliotest.com/backoffice/control/ShowOrders?showId=104659214&consultantPartyId=100000042&fromCAM='

2019-07-29 18:05:51 - [MESSAGE][PASSED] - Current window's url is: 'https://test21.cliotest.com/backoffice/control/ShowOrders?showId=104659214&consultantPartyId=100000042&fromCAM='

2019-07-29 18:05:51 - [TEST_STEP][PASSED] - currentTab = getWindowIndex(): Current window's index is: 0

2019-07-29 18:05:51 - [MESSAGE][PASSED] - Current window's index is: 0

2019-07-29 18:05:51 - [TEST_STEP][PASSED] - driver = getWebDriver(): null

2019-07-29 18:05:51 - [TEST_STEP][PASSED] - favorites = 0: null

2019-07-29 18:05:51 - [TEST_STEP][PASSED] - favorites = 0: null

2019-07-29 18:05:51 - [TEST_STEP][PASSED] - favorites = 2: null

2019-07-29 18:05:51 - [TEST_STEP][PASSED] - favorites = 0: null

2019-07-29 18:05:51 - [TEST_STEP][PASSED] - allList.add(hostessObj): null

2019-07-29 18:05:51 - [TEST_STEP][PASSED] - allList.add(cohostessObj): null

2019-07-29 18:05:51 - [TEST_STEP][PASSED] - allList.add(guest1Obj): null

2019-07-29 18:05:51 - [TEST_STEP][PASSED] - allList.add(guest2Obj): null

2019-07-29 18:05:51 - [TEST_STEP][PASSED] - yesList.add(hostessObj): null

2019-07-29 18:05:51 - [TEST_STEP][PASSED] - yesList.add(cohostessObj): null

2019-07-29 18:05:51 - [TEST_STEP][PASSED] - noreplyList.add(guest1Obj): null

2019-07-29 18:05:51 - [TEST_STEP][PASSED] - noreplyList.add(guest2Obj): null

2019-07-29 18:05:51 - [TEST_STEP][PASSED] - click(findTestObject("Object Repository/virualShowRSVPOR/Page_cabi Edit Show - Send Invitations/a_dashboard")): Object: 'Object Repository/virualShowRSVPOR/Page_cabi Edit Show - Send Invitations/a_dashboard' is clicked on

2019-07-29 18:06:00 - [MESSAGE][PASSED] - Object: 'Object Repository/virualShowRSVPOR/Page_cabi Edit Show - Send Invitations/a_dashboard' is clicked on

2019-07-29 18:06:00 - [TEST_STEP][PASSED] - delay(5): Delayed 5 second(s)

2019-07-29 18:06:05 - [MESSAGE][PASSED] - Delayed 5 second(s)

2019-07-29 18:06:05 - [TEST_STEP][PASSED] - switchToFrame(findTestObject("virualShowRSVPOR/dashboard/frame_start_pre_show"), 60): null

2019-07-29 18:06:05 - [TEST_STEP][PASSED] - isShowNotStarted = findWebElements(findTestObject("virualShowRSVPOR/dashboard/button_start_pre_show"), 5): null

2019-07-29 18:06:05 - [TEST_STEP][PASSED] - if (isShowNotStarted.size() > 0): null

2019-07-29 18:06:05 - [TEST_STEP][PASSED] - button_start_pre_show = driver.findElement(By.xpath("//button[contains(text(), 'Start pre-show')]")): null

2019-07-29 18:06:05 - [TEST_STEP][PASSED] - executor.executeScript("arguments[0].click();", button_start_pre_show): null

2019-07-29 18:06:05 - [TEST_STEP][PASSED] - delay(3): Delayed 3 second(s)

2019-07-29 18:06:08 - [MESSAGE][PASSED] - Delayed 3 second(s)

2019-07-29 18:06:08 - [TEST_STEP][PASSED] - button_pre_show_sure = driver.findElement(By.xpath("//button[contains(text(), ' sure')]")): null

2019-07-29 18:06:09 - [TEST_STEP][PASSED] - executor.executeScript("arguments[0].click();", button_pre_show_sure): null

2019-07-29 18:06:09 - [TEST_STEP][PASSED] - delay(5): Delayed 5 second(s)

2019-07-29 18:06:14 - [MESSAGE][PASSED] - Delayed 5 second(s)

2019-07-29 18:06:14 - [TEST_STEP][PASSED] - switchToWindowIndex(currentTab + 1): Switched to window with index: '1'

2019-07-29 18:06:14 - [MESSAGE][PASSED] - Switched to window with index: '1'

2019-07-29 18:06:14 - [TEST_STEP][PASSED] - try: Unable to find the element located by 'By.xpath: //div[@class='table-body']/div[@class='table-row']/div[@class='table-row-inner enabled-comm']/div[@class='table-row-ordered']/span'. Please recheck the objects properties to make sure the desired element is located. 

2019-07-29 18:06:14 - [TEST_STEP][PASSED] - VSGuest.validateGuests(findTestObject("Object Repository/virualShowRSVPOR/dashboard/select_present"), presentList): Unable to find the element located by 'By.xpath: //div[@class='table-body']/div[@class='table-row']/div[@class='table-row-inner enabled-comm']/div[@class='table-row-ordered']/span'. Please recheck the objects properties to make sure the desired element is located. 

2019-07-29 18:06:16 - [MESSAGE][INFO] - Unable to find the element located by 'By.xpath: //div[@class='table-body']/div[@class='table-row']/div[@class='table-row-inner enabled-comm']/div[@class='table-row-status']/i[position()=1]'. Please recheck the objects properties to make sure the desired element is located. 

2019-07-29 18:06:17 - [MESSAGE][INFO] - Unable to find the element located by 'By.xpath: //div[@class='table-body']/div[@class='table-row']/div[@class='table-row-inner enabled-comm']/div[@class='table-row-status']/i[position()='2']'. Please recheck the objects properties to make sure the desired element is located. 

2019-07-29 18:06:18 - [MESSAGE][INFO] - Unable to find the element located by 'By.xpath: //div[@class='table-body']/div[@class='table-row']/div[@class='table-row-inner enabled-comm']/div[@class='table-row-name']/a/i'. Please recheck the objects properties to make sure the desired element is located. 

2019-07-29 18:06:19 - [MESSAGE][INFO] - Unable to find the element located by 'By.xpath: //div[@class='table-body']/div[@class='table-row']/div[@class='table-row-inner enabled-comm']/div[@class='table-row-name']/a/span[last()]'. Please recheck the objects properties to make sure the desired element is located. 

2019-07-29 18:06:20 - [MESSAGE][INFO] - Unable to find the element located by 'By.xpath: //div[@class='table-body']/div[@class='table-row']/div[@class='table-row-inner enabled-comm']/div[@class='table-row-favorites']'. Please recheck the objects properties to make sure the desired element is located. 

2019-07-29 18:06:21 - [MESSAGE][INFO] - Unable to find the element located by 'By.xpath: //div[@class='table-body']/div[@class='table-row']/div[@class='table-row-inner enabled-comm']/div[@class='table-row-ordered']/span'. Please recheck the objects properties to make sure the desired element is located. 

2019-07-29 18:06:21 - [TEST_STEP][PASSED] - delay(2): Delayed 2 second(s)

2019-07-29 18:06:23 - [MESSAGE][PASSED] - Delayed 2 second(s)

2019-07-29 18:06:23 - [TEST_STEP][PASSED] - executor.executeScript("arguments[0].click();", findWebElement(findTestObject("Object Repository/virualShowRSVPOR/dashboard/select_rsvp_blankreply_1"), 5)): null

2019-07-29 18:06:23 - [TEST_STEP][PASSED] - delay(2): Delayed 2 second(s)

2019-07-29 18:06:25 - [MESSAGE][PASSED] - Delayed 2 second(s)

2019-07-29 18:06:25 - [TEST_STEP][PASSED] - try: null

2019-07-29 18:06:25 - [TEST_STEP][PASSED] - VSGuest.validateGuests(findTestObject("Object Repository/virualShowRSVPOR/dashboard/select_rsvp_blankreply"), allList): null

2019-07-29 18:06:26 - [TEST_STEP][PASSED] - delay(2): Delayed 2 second(s)

2019-07-29 18:06:28 - [MESSAGE][PASSED] - Delayed 2 second(s)

2019-07-29 18:06:28 - [TEST_STEP][PASSED] - try: null

2019-07-29 18:06:28 - [TEST_STEP][PASSED] - VSGuest.validateGuests(findTestObject("Object Repository/virualShowRSVPOR/dashboard/select_rsvp_yes"), yesList): null

2019-07-29 18:06:28 - [TEST_STEP][PASSED] - delay(2): Delayed 2 second(s)

2019-07-29 18:06:30 - [MESSAGE][PASSED] - Delayed 2 second(s)

2019-07-29 18:06:30 - [TEST_STEP][PASSED] - try: Unable to find the element located by 'By.xpath: //div[@class='table-body']/div[@class='table-row']/div[@class='table-row-inner enabled-comm']/div[@class='table-row-ordered']/span'. Please recheck the objects properties to make sure the desired element is located. 

2019-07-29 18:06:30 - [TEST_STEP][PASSED] - VSGuest.validateGuests(findTestObject("Object Repository/virualShowRSVPOR/dashboard/select_rsvp_no"), noList): Unable to find the element located by 'By.xpath: //div[@class='table-body']/div[@class='table-row']/div[@class='table-row-inner enabled-comm']/div[@class='table-row-ordered']/span'. Please recheck the objects properties to make sure the desired element is located. 

2019-07-29 18:06:31 - [MESSAGE][INFO] - Unable to find the element located by 'By.xpath: //div[@class='table-body']/div[@class='table-row']/div[@class='table-row-inner enabled-comm']/div[@class='table-row-status']/i[position()=1]'. Please recheck the objects properties to make sure the desired element is located. 

2019-07-29 18:06:32 - [MESSAGE][INFO] - Unable to find the element located by 'By.xpath: //div[@class='table-body']/div[@class='table-row']/div[@class='table-row-inner enabled-comm']/div[@class='table-row-status']/i[position()='2']'. Please recheck the objects properties to make sure the desired element is located. 

2019-07-29 18:06:33 - [MESSAGE][INFO] - Unable to find the element located by 'By.xpath: //div[@class='table-body']/div[@class='table-row']/div[@class='table-row-inner enabled-comm']/div[@class='table-row-name']/a/i'. Please recheck the objects properties to make sure the desired element is located. 

2019-07-29 18:06:34 - [MESSAGE][INFO] - Unable to find the element located by 'By.xpath: //div[@class='table-body']/div[@class='table-row']/div[@class='table-row-inner enabled-comm']/div[@class='table-row-name']/a/span[last()]'. Please recheck the objects properties to make sure the desired element is located. 

2019-07-29 18:06:35 - [MESSAGE][INFO] - Unable to find the element located by 'By.xpath: //div[@class='table-body']/div[@class='table-row']/div[@class='table-row-inner enabled-comm']/div[@class='table-row-favorites']'. Please recheck the objects properties to make sure the desired element is located. 

2019-07-29 18:06:36 - [MESSAGE][INFO] - Unable to find the element located by 'By.xpath: //div[@class='table-body']/div[@class='table-row']/div[@class='table-row-inner enabled-comm']/div[@class='table-row-ordered']/span'. Please recheck the objects properties to make sure the desired element is located. 

2019-07-29 18:06:36 - [TEST_STEP][PASSED] - delay(2): Delayed 2 second(s)

2019-07-29 18:06:38 - [MESSAGE][PASSED] - Delayed 2 second(s)

2019-07-29 18:06:38 - [TEST_STEP][PASSED] - try: Unable to find the element located by 'By.xpath: //div[@class='table-body']/div[@class='table-row']/div[@class='table-row-inner enabled-comm']/div[@class='table-row-ordered']/span'. Please recheck the objects properties to make sure the desired element is located. 

2019-07-29 18:06:38 - [TEST_STEP][PASSED] - VSGuest.validateGuests(findTestObject("Object Repository/virualShowRSVPOR/dashboard/select_rsvp_maybe"), maybeList): Unable to find the element located by 'By.xpath: //div[@class='table-body']/div[@class='table-row']/div[@class='table-row-inner enabled-comm']/div[@class='table-row-ordered']/span'. Please recheck the objects properties to make sure the desired element is located. 

2019-07-29 18:06:39 - [MESSAGE][INFO] - Unable to find the element located by 'By.xpath: //div[@class='table-body']/div[@class='table-row']/div[@class='table-row-inner enabled-comm']/div[@class='table-row-status']/i[position()=1]'. Please recheck the objects properties to make sure the desired element is located. 

2019-07-29 18:06:40 - [MESSAGE][INFO] - Unable to find the element located by 'By.xpath: //div[@class='table-body']/div[@class='table-row']/div[@class='table-row-inner enabled-comm']/div[@class='table-row-status']/i[position()='2']'. Please recheck the objects properties to make sure the desired element is located. 

2019-07-29 18:06:41 - [MESSAGE][INFO] - Unable to find the element located by 'By.xpath: //div[@class='table-body']/div[@class='table-row']/div[@class='table-row-inner enabled-comm']/div[@class='table-row-name']/a/i'. Please recheck the objects properties to make sure the desired element is located. 

2019-07-29 18:06:42 - [MESSAGE][INFO] - Unable to find the element located by 'By.xpath: //div[@class='table-body']/div[@class='table-row']/div[@class='table-row-inner enabled-comm']/div[@class='table-row-name']/a/span[last()]'. Please recheck the objects properties to make sure the desired element is located. 

2019-07-29 18:06:43 - [MESSAGE][INFO] - Unable to find the element located by 'By.xpath: //div[@class='table-body']/div[@class='table-row']/div[@class='table-row-inner enabled-comm']/div[@class='table-row-favorites']'. Please recheck the objects properties to make sure the desired element is located. 

2019-07-29 18:06:45 - [MESSAGE][INFO] - Unable to find the element located by 'By.xpath: //div[@class='table-body']/div[@class='table-row']/div[@class='table-row-inner enabled-comm']/div[@class='table-row-ordered']/span'. Please recheck the objects properties to make sure the desired element is located. 

2019-07-29 18:06:45 - [TEST_STEP][PASSED] - delay(2): Delayed 2 second(s)

2019-07-29 18:06:47 - [MESSAGE][PASSED] - Delayed 2 second(s)

2019-07-29 18:06:47 - [TEST_STEP][PASSED] - try: null

2019-07-29 18:06:47 - [TEST_STEP][PASSED] - VSGuest.validateGuests(findTestObject("Object Repository/virualShowRSVPOR/dashboard/select_rsvp_notreply"), noreplyList): null

2019-07-29 18:06:47 - [TEST_STEP][PASSED] - println(getWindowIndex()): Current window's index is: 1

2019-07-29 18:06:47 - [MESSAGE][PASSED] - Current window's index is: 1

2019-07-29 18:06:47 - [TEST_STEP][PASSED] - executor.executeScript("window.open();"): null

2019-07-29 18:06:47 - [TEST_STEP][PASSED] - switchToWindowIndex(currentTab + 2): Switched to window with index: '2'

2019-07-29 18:06:47 - [MESSAGE][PASSED] - Switched to window with index: '2'

2019-07-29 18:06:47 - [TEST_STEP][PASSED] - println(getWindowIndex()): Current window's index is: 2

2019-07-29 18:06:48 - [MESSAGE][PASSED] - Current window's index is: 2

2019-07-29 18:06:48 - [TEST_STEP][PASSED] - callTestCase(findTestCase("TestCaseUtilities/setVHost"), [:], STOP_ON_FAILURE): Call Test Case 'Test Cases/TestCaseUtilities/setVHost' successfully

2019-07-29 18:06:48 - [TEST_CASE][PASSED] - Test Cases/TestCaseUtilities/setVHost: Test Cases/TestCaseUtilities/setVHost

2019-07-29 18:06:48 - [TEST_STEP][PASSED] - ofbizURL = findTestData("envtData").getValue("ofbizURL", 1): null

2019-07-29 18:06:49 - [TEST_STEP][PASSED] - ofbizUser = findTestData("credData").getValue("ofbizuser", 1): null

2019-07-29 18:06:49 - [TEST_STEP][PASSED] - ofbizPass = findTestData("credData").getValue("ofbizpass", 1): null

2019-07-29 18:06:49 - [TEST_STEP][PASSED] - vhostTarget = findTestData("envtData").getValue("vhostTarget", 1): null

2019-07-29 18:06:49 - [TEST_STEP][PASSED] - navigateToUrl(ofbizURL): Navigate to 'https://pushofbiz.cliotest.com/login.php' successfully

2019-07-29 18:06:51 - [MESSAGE][PASSED] - Navigate to 'https://pushofbiz.cliotest.com/login.php' successfully

2019-07-29 18:06:51 - [TEST_STEP][PASSED] - setText(findTestObject("Object Repository/virualShowRSVPOR/Page_/input_Username_username"), ofbizUser): Text 'automation' is set on object 'Object Repository/virualShowRSVPOR/Page_/input_Username_username'

2019-07-29 18:06:51 - [MESSAGE][PASSED] - Text 'automation' is set on object 'Object Repository/virualShowRSVPOR/Page_/input_Username_username'

2019-07-29 18:06:51 - [TEST_STEP][PASSED] - setText(findTestObject("Object Repository/virualShowRSVPOR/Page_/input_Password_password"), ofbizPass): Text 'cabiautomation' is set on object 'Object Repository/virualShowRSVPOR/Page_/input_Password_password'

2019-07-29 18:06:51 - [MESSAGE][PASSED] - Text 'cabiautomation' is set on object 'Object Repository/virualShowRSVPOR/Page_/input_Password_password'

2019-07-29 18:06:51 - [TEST_STEP][PASSED] - click(findTestObject("Object Repository/virualShowRSVPOR/Page_/input_Password_Submit")): Object: 'Object Repository/virualShowRSVPOR/Page_/input_Password_Submit' is clicked on

2019-07-29 18:06:55 - [MESSAGE][PASSED] - Object: 'Object Repository/virualShowRSVPOR/Page_/input_Password_Submit' is clicked on

2019-07-29 18:06:55 - [TEST_STEP][PASSED] - click(findTestObject("Object Repository/virualShowRSVPOR/Page_/a_Set Vhost")): Object: 'Object Repository/virualShowRSVPOR/Page_/a_Set Vhost' is clicked on

2019-07-29 18:06:55 - [MESSAGE][PASSED] - Object: 'Object Repository/virualShowRSVPOR/Page_/a_Set Vhost' is clicked on

2019-07-29 18:06:55 - [TEST_STEP][PASSED] - click(UtilityMethods.createTestObject("select_target", "//select[@name='Target']/option[contains(text(), '", vhostTarget, "')]")): Object: 'select_target' is clicked on

2019-07-29 18:06:55 - [MESSAGE][PASSED] - Object: 'select_target' is clicked on

2019-07-29 18:06:55 - [TEST_STEP][PASSED] - click(findTestObject("Object Repository/virualShowRSVPOR/Page_/input")): Object: 'Object Repository/virualShowRSVPOR/Page_/input' is clicked on

2019-07-29 18:06:58 - [MESSAGE][PASSED] - Object: 'Object Repository/virualShowRSVPOR/Page_/input' is clicked on

2019-07-29 18:06:58 - [MESSAGE][PASSED] - Call Test Case 'Test Cases/TestCaseUtilities/setVHost' successfully

2019-07-29 18:06:58 - [TEST_STEP][PASSED] - loginURL = UtilityMethods.concat("https://mirandakate.", RSTestEnvt, ".com/?component=account.login-gateway"): null

2019-07-29 18:06:58 - [TEST_STEP][PASSED] - navigateToUrl(loginURL): Navigate to 'https://mirandakate.cabitest5.com/?component=account.login-gateway' successfully

2019-07-29 18:07:52 - [MESSAGE][PASSED] - Navigate to 'https://mirandakate.cabitest5.com/?component=account.login-gateway' successfully

2019-07-29 18:07:52 - [TEST_STEP][PASSED] - "Login with the invited guest": null

2019-07-29 18:07:52 - [TEST_STEP][PASSED] - enterMail = driver.findElement(By.xpath("//div[@class='form-field']/custom-input/div/input[@name='email']")): null

2019-07-29 18:07:52 - [TEST_STEP][PASSED] - executor.executeScript("arguments[0].click();", enterMail): null

2019-07-29 18:07:52 - [TEST_STEP][PASSED] - setText(findTestObject("Object Repository/virualShowRSVPOR/Page_Show microsite/input_Sign in  Create account_email"), "sushantguest1@test.com"): Text 'sushantguest1@test.com' is set on object 'Object Repository/virualShowRSVPOR/Page_Show microsite/input_Sign in  Create account_email'

2019-07-29 18:07:52 - [MESSAGE][PASSED] - Text 'sushantguest1@test.com' is set on object 'Object Repository/virualShowRSVPOR/Page_Show microsite/input_Sign in  Create account_email'

2019-07-29 18:07:52 - [TEST_STEP][PASSED] - click(findTestObject("Object Repository/virualShowRSVPOR/Page_Show microsite/button_Continue")): Object: 'Object Repository/virualShowRSVPOR/Page_Show microsite/button_Continue' is clicked on

2019-07-29 18:07:52 - [MESSAGE][PASSED] - Object: 'Object Repository/virualShowRSVPOR/Page_Show microsite/button_Continue' is clicked on

2019-07-29 18:07:52 - [TEST_STEP][PASSED] - setText(findTestObject("Object Repository/virualShowRSVPOR/Page_Show microsite/input_Welcome_password"), guest1Pass): Text 'blackdress19' is set on object 'Object Repository/virualShowRSVPOR/Page_Show microsite/input_Welcome_password'

2019-07-29 18:07:54 - [MESSAGE][PASSED] - Text 'blackdress19' is set on object 'Object Repository/virualShowRSVPOR/Page_Show microsite/input_Welcome_password'

2019-07-29 18:07:54 - [TEST_STEP][PASSED] - click(findTestObject("Object Repository/virualShowRSVPOR/Page_Show microsite/button_Continue_pass")): Object: 'Object Repository/virualShowRSVPOR/Page_Show microsite/button_Continue_pass' is clicked on

2019-07-29 18:07:54 - [MESSAGE][PASSED] - Object: 'Object Repository/virualShowRSVPOR/Page_Show microsite/button_Continue_pass' is clicked on

2019-07-29 18:07:54 - [TEST_STEP][PASSED] - delay(5): Delayed 5 second(s)

2019-07-29 18:07:59 - [MESSAGE][PASSED] - Delayed 5 second(s)

2019-07-29 18:07:59 - [TEST_STEP][PASSED] - if (verifyElementPresent(findTestObject("Object Repository/virualShowRSVPOR/Page_Show microsite/complete_my_profile_later"), 0)): Object: 'Object Repository/virualShowRSVPOR/Page_Show microsite/div_Ill complete my profile later' is clicked on

2019-07-29 18:07:59 - [MESSAGE][WARNING] - Timeout '0' is invalid. Using default page load timeout: '30'

2019-07-29 18:07:59 - [MESSAGE][PASSED] - Object 'Object Repository/virualShowRSVPOR/Page_Show microsite/complete_my_profile_later' is present

2019-07-29 18:07:59 - [TEST_STEP][PASSED] - click(findTestObject("Object Repository/virualShowRSVPOR/Page_Show microsite/div_Ill complete my profile later")): Object: 'Object Repository/virualShowRSVPOR/Page_Show microsite/div_Ill complete my profile later' is clicked on

2019-07-29 18:08:08 - [MESSAGE][PASSED] - Object: 'Object Repository/virualShowRSVPOR/Page_Show microsite/div_Ill complete my profile later' is clicked on

2019-07-29 18:08:08 - [TEST_STEP][PASSED] - navigateToUrl(micrositeURL): Navigate to 'https://mirandakate.cabitest5.com/show-microsite/104659214/' successfully

2019-07-29 18:08:14 - [MESSAGE][PASSED] - Navigate to 'https://mirandakate.cabitest5.com/show-microsite/104659214/' successfully

2019-07-29 18:08:14 - [TEST_STEP][PASSED] - userLogin = findWebElements(findTestObject("Object Repository/virualShowRSVPOR/Page_Show microsite/i_user_login"), 5): null

2019-07-29 18:08:15 - [TEST_STEP][PASSED] - if (userLogin.size() == 0): null

2019-07-29 18:08:15 - [TEST_STEP][PASSED] - listElement1 = findWebElements(findTestObject("Object Repository/virualShowRSVPOR/Page_Show microsite/div_Update your RSVP"), 5): Unable to find the element located by 'By.xpath: //*[contains(text(), 'Update your RSVP')]'. Please recheck the objects properties to make sure the desired element is located. 

2019-07-29 18:08:20 - [MESSAGE][INFO] - Unable to find the element located by 'By.xpath: //*[contains(text(), 'Update your RSVP')]'. Please recheck the objects properties to make sure the desired element is located. 

2019-07-29 18:08:20 - [TEST_STEP][PASSED] - if (empty): Actual text and expected text of test object 'Object Repository/virualShowRSVPOR/Page_Show microsite/h2_We hope youll be able to attend.' are matched.

2019-07-29 18:08:20 - [TEST_STEP][PASSED] - println("RSVP is not updated"): null

2019-07-29 18:08:20 - [TEST_STEP][PASSED] - click(findTestObject("Object Repository/virualShowRSVPOR/Page_Show microsite/button_RSVP")): Object: 'Object Repository/virualShowRSVPOR/Page_Show microsite/button_RSVP' is clicked on

2019-07-29 18:08:20 - [MESSAGE][PASSED] - Object: 'Object Repository/virualShowRSVPOR/Page_Show microsite/button_RSVP' is clicked on

2019-07-29 18:08:20 - [TEST_STEP][PASSED] - click(findTestObject("Object Repository/virualShowRSVPOR/Page_Show microsite/select_rsvp_maybe")): Object: 'Object Repository/virualShowRSVPOR/Page_Show microsite/select_rsvp_maybe' is clicked on

2019-07-29 18:08:21 - [MESSAGE][PASSED] - Object: 'Object Repository/virualShowRSVPOR/Page_Show microsite/select_rsvp_maybe' is clicked on

2019-07-29 18:08:21 - [TEST_STEP][PASSED] - click(findTestObject("Object Repository/virualShowRSVPOR/Page_Show microsite/button_SEND")): Object: 'Object Repository/virualShowRSVPOR/Page_Show microsite/button_SEND' is clicked on

2019-07-29 18:08:21 - [MESSAGE][PASSED] - Object: 'Object Repository/virualShowRSVPOR/Page_Show microsite/button_SEND' is clicked on

2019-07-29 18:08:21 - [TEST_STEP][PASSED] - delay(4): Delayed 4 second(s)

2019-07-29 18:08:25 - [MESSAGE][PASSED] - Delayed 4 second(s)

2019-07-29 18:08:25 - [TEST_STEP][PASSED] - verifyElementText(findTestObject("Object Repository/virualShowRSVPOR/Page_Show microsite/h2_We hope youll be able to attend."), "We hope you'll be able to attend."): Actual text and expected text of test object 'Object Repository/virualShowRSVPOR/Page_Show microsite/h2_We hope youll be able to attend.' are matched.

2019-07-29 18:08:25 - [MESSAGE][PASSED] - Actual text and expected text of test object 'Object Repository/virualShowRSVPOR/Page_Show microsite/h2_We hope youll be able to attend.' are matched.

2019-07-29 18:08:25 - [TEST_STEP][PASSED] - maybeList.add(guest1Obj): null

2019-07-29 18:08:25 - [TEST_STEP][PASSED] - noreplyList.remove(guest1Obj): null

2019-07-29 18:08:25 - [TEST_STEP][PASSED] - switchToWindowIndex(currentTab + 1): Switched to window with index: '1'

2019-07-29 18:08:25 - [MESSAGE][PASSED] - Switched to window with index: '1'

2019-07-29 18:08:25 - [TEST_STEP][PASSED] - click(findTestObject("Object Repository/virualShowRSVPOR/dashboard/a_close_mic_alert")): Object: 'Object Repository/virualShowRSVPOR/dashboard/a_close_mic_alert' is clicked on

2019-07-29 18:08:25 - [MESSAGE][PASSED] - Object: 'Object Repository/virualShowRSVPOR/dashboard/a_close_mic_alert' is clicked on

2019-07-29 18:08:25 - [TEST_STEP][PASSED] - try: Unable to find the element located by 'By.xpath: //div[@class='table-body']/div[@class='table-row']/div[@class='table-row-inner enabled-comm']/div[@class='table-row-ordered']/span'. Please recheck the objects properties to make sure the desired element is located. 

2019-07-29 18:08:25 - [TEST_STEP][PASSED] - VSGuest.validateGuests(findTestObject("Object Repository/virualShowRSVPOR/dashboard/select_present"), presentList): Unable to find the element located by 'By.xpath: //div[@class='table-body']/div[@class='table-row']/div[@class='table-row-inner enabled-comm']/div[@class='table-row-ordered']/span'. Please recheck the objects properties to make sure the desired element is located. 

2019-07-29 18:08:26 - [MESSAGE][INFO] - Unable to find the element located by 'By.xpath: //div[@class='table-body']/div[@class='table-row']/div[@class='table-row-inner enabled-comm']/div[@class='table-row-status']/i[position()=1]'. Please recheck the objects properties to make sure the desired element is located. 

2019-07-29 18:08:27 - [MESSAGE][INFO] - Unable to find the element located by 'By.xpath: //div[@class='table-body']/div[@class='table-row']/div[@class='table-row-inner enabled-comm']/div[@class='table-row-status']/i[position()='2']'. Please recheck the objects properties to make sure the desired element is located. 

2019-07-29 18:08:28 - [MESSAGE][INFO] - Unable to find the element located by 'By.xpath: //div[@class='table-body']/div[@class='table-row']/div[@class='table-row-inner enabled-comm']/div[@class='table-row-name']/a/i'. Please recheck the objects properties to make sure the desired element is located. 

2019-07-29 18:08:29 - [MESSAGE][INFO] - Unable to find the element located by 'By.xpath: //div[@class='table-body']/div[@class='table-row']/div[@class='table-row-inner enabled-comm']/div[@class='table-row-name']/a/span[last()]'. Please recheck the objects properties to make sure the desired element is located. 

2019-07-29 18:08:30 - [MESSAGE][INFO] - Unable to find the element located by 'By.xpath: //div[@class='table-body']/div[@class='table-row']/div[@class='table-row-inner enabled-comm']/div[@class='table-row-favorites']'. Please recheck the objects properties to make sure the desired element is located. 

2019-07-29 18:08:31 - [MESSAGE][INFO] - Unable to find the element located by 'By.xpath: //div[@class='table-body']/div[@class='table-row']/div[@class='table-row-inner enabled-comm']/div[@class='table-row-ordered']/span'. Please recheck the objects properties to make sure the desired element is located. 

2019-07-29 18:08:31 - [TEST_STEP][PASSED] - delay(2): Delayed 2 second(s)

2019-07-29 18:08:33 - [MESSAGE][PASSED] - Delayed 2 second(s)

2019-07-29 18:08:33 - [TEST_STEP][PASSED] - executor.executeScript("arguments[0].click();", findWebElement(findTestObject("Object Repository/virualShowRSVPOR/dashboard/select_rsvp_blankreply_1"), 5)): null

2019-07-29 18:08:34 - [TEST_STEP][PASSED] - delay(2): Delayed 2 second(s)

2019-07-29 18:08:36 - [MESSAGE][PASSED] - Delayed 2 second(s)

2019-07-29 18:08:36 - [TEST_STEP][PASSED] - try: null

2019-07-29 18:08:36 - [TEST_STEP][PASSED] - VSGuest.validateGuests(findTestObject("Object Repository/virualShowRSVPOR/dashboard/select_rsvp_blankreply"), allList): null

2019-07-29 18:08:36 - [TEST_STEP][PASSED] - delay(2): Delayed 2 second(s)

2019-07-29 18:08:38 - [MESSAGE][PASSED] - Delayed 2 second(s)

2019-07-29 18:08:38 - [TEST_STEP][PASSED] - try: null

2019-07-29 18:08:38 - [TEST_STEP][PASSED] - VSGuest.validateGuests(findTestObject("Object Repository/virualShowRSVPOR/dashboard/select_rsvp_yes"), yesList): null

2019-07-29 18:08:38 - [TEST_STEP][PASSED] - delay(2): Delayed 2 second(s)

2019-07-29 18:08:40 - [MESSAGE][PASSED] - Delayed 2 second(s)

2019-07-29 18:08:40 - [TEST_STEP][PASSED] - try: Unable to find the element located by 'By.xpath: //div[@class='table-body']/div[@class='table-row']/div[@class='table-row-inner enabled-comm']/div[@class='table-row-ordered']/span'. Please recheck the objects properties to make sure the desired element is located. 

2019-07-29 18:08:40 - [TEST_STEP][PASSED] - VSGuest.validateGuests(findTestObject("Object Repository/virualShowRSVPOR/dashboard/select_rsvp_no"), noList): Unable to find the element located by 'By.xpath: //div[@class='table-body']/div[@class='table-row']/div[@class='table-row-inner enabled-comm']/div[@class='table-row-ordered']/span'. Please recheck the objects properties to make sure the desired element is located. 

2019-07-29 18:08:41 - [MESSAGE][INFO] - Unable to find the element located by 'By.xpath: //div[@class='table-body']/div[@class='table-row']/div[@class='table-row-inner enabled-comm']/div[@class='table-row-status']/i[position()=1]'. Please recheck the objects properties to make sure the desired element is located. 

2019-07-29 18:08:42 - [MESSAGE][INFO] - Unable to find the element located by 'By.xpath: //div[@class='table-body']/div[@class='table-row']/div[@class='table-row-inner enabled-comm']/div[@class='table-row-status']/i[position()='2']'. Please recheck the objects properties to make sure the desired element is located. 

2019-07-29 18:08:43 - [MESSAGE][INFO] - Unable to find the element located by 'By.xpath: //div[@class='table-body']/div[@class='table-row']/div[@class='table-row-inner enabled-comm']/div[@class='table-row-name']/a/i'. Please recheck the objects properties to make sure the desired element is located. 

2019-07-29 18:08:45 - [MESSAGE][INFO] - Unable to find the element located by 'By.xpath: //div[@class='table-body']/div[@class='table-row']/div[@class='table-row-inner enabled-comm']/div[@class='table-row-name']/a/span[last()]'. Please recheck the objects properties to make sure the desired element is located. 

2019-07-29 18:08:46 - [MESSAGE][INFO] - Unable to find the element located by 'By.xpath: //div[@class='table-body']/div[@class='table-row']/div[@class='table-row-inner enabled-comm']/div[@class='table-row-favorites']'. Please recheck the objects properties to make sure the desired element is located. 

2019-07-29 18:08:47 - [MESSAGE][INFO] - Unable to find the element located by 'By.xpath: //div[@class='table-body']/div[@class='table-row']/div[@class='table-row-inner enabled-comm']/div[@class='table-row-ordered']/span'. Please recheck the objects properties to make sure the desired element is located. 

2019-07-29 18:08:47 - [TEST_STEP][PASSED] - delay(2): Delayed 2 second(s)

2019-07-29 18:08:49 - [MESSAGE][PASSED] - Delayed 2 second(s)

2019-07-29 18:08:49 - [TEST_STEP][PASSED] - try: null

2019-07-29 18:08:49 - [TEST_STEP][PASSED] - VSGuest.validateGuests(findTestObject("Object Repository/virualShowRSVPOR/dashboard/select_rsvp_maybe"), maybeList): null

2019-07-29 18:08:49 - [TEST_STEP][PASSED] - delay(2): Delayed 2 second(s)

2019-07-29 18:08:51 - [MESSAGE][PASSED] - Delayed 2 second(s)

2019-07-29 18:08:51 - [TEST_STEP][PASSED] - try: null

2019-07-29 18:08:51 - [TEST_STEP][PASSED] - VSGuest.validateGuests(findTestObject("Object Repository/virualShowRSVPOR/dashboard/select_rsvp_notreply"), noreplyList): null

2019-07-29 18:08:51 - [TEST_STEP][PASSED] - switchToWindowIndex(currentTab + 2): Switched to window with index: '2'

2019-07-29 18:08:51 - [MESSAGE][PASSED] - Switched to window with index: '2'

2019-07-29 18:08:51 - [TEST_STEP][PASSED] - delay(2): Delayed 2 second(s)

2019-07-29 18:08:53 - [MESSAGE][PASSED] - Delayed 2 second(s)

2019-07-29 18:08:53 - [TEST_STEP][PASSED] - click(findTestObject("Object Repository/virualShowRSVPOR/Page_Show microsite/div_Update your RSVP")): Object: 'Object Repository/virualShowRSVPOR/Page_Show microsite/div_Update your RSVP' is clicked on

2019-07-29 18:08:53 - [MESSAGE][PASSED] - Object: 'Object Repository/virualShowRSVPOR/Page_Show microsite/div_Update your RSVP' is clicked on

2019-07-29 18:08:53 - [TEST_STEP][PASSED] - click(findTestObject("Object Repository/virualShowRSVPOR/Page_Show microsite/select_rsvp_no")): Object: 'Object Repository/virualShowRSVPOR/Page_Show microsite/select_rsvp_no' is clicked on

2019-07-29 18:08:53 - [MESSAGE][PASSED] - Object: 'Object Repository/virualShowRSVPOR/Page_Show microsite/select_rsvp_no' is clicked on

2019-07-29 18:08:53 - [TEST_STEP][PASSED] - click(findTestObject("Object Repository/virualShowRSVPOR/Page_Show microsite/button_SEND")): Object: 'Object Repository/virualShowRSVPOR/Page_Show microsite/button_SEND' is clicked on

2019-07-29 18:08:54 - [MESSAGE][PASSED] - Object: 'Object Repository/virualShowRSVPOR/Page_Show microsite/button_SEND' is clicked on

2019-07-29 18:08:54 - [TEST_STEP][PASSED] - delay(4): Delayed 4 second(s)

2019-07-29 18:08:58 - [MESSAGE][PASSED] - Delayed 4 second(s)

2019-07-29 18:08:58 - [TEST_STEP][PASSED] - verifyElementText(findTestObject("Object Repository/virualShowRSVPOR/Page_Show microsite/h2_Sorry you cant make it."), "Sorry you can't make it."): Actual text and expected text of test object 'Object Repository/virualShowRSVPOR/Page_Show microsite/h2_Sorry you cant make it.' are matched.

2019-07-29 18:08:58 - [MESSAGE][PASSED] - Actual text and expected text of test object 'Object Repository/virualShowRSVPOR/Page_Show microsite/h2_Sorry you cant make it.' are matched.

2019-07-29 18:08:58 - [TEST_STEP][PASSED] - noList.add(guest1Obj): null

2019-07-29 18:08:58 - [TEST_STEP][PASSED] - maybeList.remove(guest1Obj): null

2019-07-29 18:08:58 - [TEST_STEP][PASSED] - switchToWindowIndex(currentTab + 1): Switched to window with index: '1'

2019-07-29 18:08:58 - [MESSAGE][PASSED] - Switched to window with index: '1'

2019-07-29 18:08:58 - [TEST_STEP][PASSED] - try: Unable to find the element located by 'By.xpath: //div[@class='table-body']/div[@class='table-row']/div[@class='table-row-inner enabled-comm']/div[@class='table-row-ordered']/span'. Please recheck the objects properties to make sure the desired element is located. 

2019-07-29 18:08:58 - [TEST_STEP][PASSED] - VSGuest.validateGuests(findTestObject("Object Repository/virualShowRSVPOR/dashboard/select_present"), presentList): Unable to find the element located by 'By.xpath: //div[@class='table-body']/div[@class='table-row']/div[@class='table-row-inner enabled-comm']/div[@class='table-row-ordered']/span'. Please recheck the objects properties to make sure the desired element is located. 

2019-07-29 18:08:59 - [MESSAGE][INFO] - Unable to find the element located by 'By.xpath: //div[@class='table-body']/div[@class='table-row']/div[@class='table-row-inner enabled-comm']/div[@class='table-row-status']/i[position()=1]'. Please recheck the objects properties to make sure the desired element is located. 

2019-07-29 18:09:00 - [MESSAGE][INFO] - Unable to find the element located by 'By.xpath: //div[@class='table-body']/div[@class='table-row']/div[@class='table-row-inner enabled-comm']/div[@class='table-row-status']/i[position()='2']'. Please recheck the objects properties to make sure the desired element is located. 

2019-07-29 18:09:01 - [MESSAGE][INFO] - Unable to find the element located by 'By.xpath: //div[@class='table-body']/div[@class='table-row']/div[@class='table-row-inner enabled-comm']/div[@class='table-row-name']/a/i'. Please recheck the objects properties to make sure the desired element is located. 

2019-07-29 18:09:02 - [MESSAGE][INFO] - Unable to find the element located by 'By.xpath: //div[@class='table-body']/div[@class='table-row']/div[@class='table-row-inner enabled-comm']/div[@class='table-row-name']/a/span[last()]'. Please recheck the objects properties to make sure the desired element is located. 

2019-07-29 18:09:03 - [MESSAGE][INFO] - Unable to find the element located by 'By.xpath: //div[@class='table-body']/div[@class='table-row']/div[@class='table-row-inner enabled-comm']/div[@class='table-row-favorites']'. Please recheck the objects properties to make sure the desired element is located. 

2019-07-29 18:09:04 - [MESSAGE][INFO] - Unable to find the element located by 'By.xpath: //div[@class='table-body']/div[@class='table-row']/div[@class='table-row-inner enabled-comm']/div[@class='table-row-ordered']/span'. Please recheck the objects properties to make sure the desired element is located. 

2019-07-29 18:09:04 - [TEST_STEP][PASSED] - delay(2): Delayed 2 second(s)

2019-07-29 18:09:06 - [MESSAGE][PASSED] - Delayed 2 second(s)

2019-07-29 18:09:06 - [TEST_STEP][PASSED] - executor.executeScript("arguments[0].click();", findWebElement(findTestObject("Object Repository/virualShowRSVPOR/dashboard/select_rsvp_blankreply_1"), 5)): null

2019-07-29 18:09:06 - [TEST_STEP][PASSED] - delay(2): Delayed 2 second(s)

2019-07-29 18:09:08 - [MESSAGE][PASSED] - Delayed 2 second(s)

2019-07-29 18:09:08 - [TEST_STEP][PASSED] - try: null

2019-07-29 18:09:08 - [TEST_STEP][PASSED] - VSGuest.validateGuests(findTestObject("Object Repository/virualShowRSVPOR/dashboard/select_rsvp_blankreply"), allList): null

2019-07-29 18:09:09 - [TEST_STEP][PASSED] - delay(2): Delayed 2 second(s)

2019-07-29 18:09:11 - [MESSAGE][PASSED] - Delayed 2 second(s)

2019-07-29 18:09:11 - [TEST_STEP][PASSED] - try: null

2019-07-29 18:09:11 - [TEST_STEP][PASSED] - VSGuest.validateGuests(findTestObject("Object Repository/virualShowRSVPOR/dashboard/select_rsvp_yes"), yesList): null

2019-07-29 18:09:11 - [TEST_STEP][PASSED] - delay(2): Delayed 2 second(s)

2019-07-29 18:09:13 - [MESSAGE][PASSED] - Delayed 2 second(s)

2019-07-29 18:09:13 - [TEST_STEP][PASSED] - try: null

2019-07-29 18:09:13 - [TEST_STEP][PASSED] - VSGuest.validateGuests(findTestObject("Object Repository/virualShowRSVPOR/dashboard/select_rsvp_no"), noList): null

2019-07-29 18:09:13 - [TEST_STEP][PASSED] - delay(2): Delayed 2 second(s)

2019-07-29 18:09:15 - [MESSAGE][PASSED] - Delayed 2 second(s)

2019-07-29 18:09:15 - [TEST_STEP][PASSED] - try: Unable to find the element located by 'By.xpath: //div[@class='table-body']/div[@class='table-row']/div[@class='table-row-inner enabled-comm']/div[@class='table-row-ordered']/span'. Please recheck the objects properties to make sure the desired element is located. 

2019-07-29 18:09:15 - [TEST_STEP][PASSED] - VSGuest.validateGuests(findTestObject("Object Repository/virualShowRSVPOR/dashboard/select_rsvp_maybe"), maybeList): Unable to find the element located by 'By.xpath: //div[@class='table-body']/div[@class='table-row']/div[@class='table-row-inner enabled-comm']/div[@class='table-row-ordered']/span'. Please recheck the objects properties to make sure the desired element is located. 

2019-07-29 18:09:16 - [MESSAGE][INFO] - Unable to find the element located by 'By.xpath: //div[@class='table-body']/div[@class='table-row']/div[@class='table-row-inner enabled-comm']/div[@class='table-row-status']/i[position()=1]'. Please recheck the objects properties to make sure the desired element is located. 

2019-07-29 18:09:17 - [MESSAGE][INFO] - Unable to find the element located by 'By.xpath: //div[@class='table-body']/div[@class='table-row']/div[@class='table-row-inner enabled-comm']/div[@class='table-row-status']/i[position()='2']'. Please recheck the objects properties to make sure the desired element is located. 

2019-07-29 18:09:18 - [MESSAGE][INFO] - Unable to find the element located by 'By.xpath: //div[@class='table-body']/div[@class='table-row']/div[@class='table-row-inner enabled-comm']/div[@class='table-row-name']/a/i'. Please recheck the objects properties to make sure the desired element is located. 

2019-07-29 18:09:19 - [MESSAGE][INFO] - Unable to find the element located by 'By.xpath: //div[@class='table-body']/div[@class='table-row']/div[@class='table-row-inner enabled-comm']/div[@class='table-row-name']/a/span[last()]'. Please recheck the objects properties to make sure the desired element is located. 

2019-07-29 18:09:20 - [MESSAGE][INFO] - Unable to find the element located by 'By.xpath: //div[@class='table-body']/div[@class='table-row']/div[@class='table-row-inner enabled-comm']/div[@class='table-row-favorites']'. Please recheck the objects properties to make sure the desired element is located. 

2019-07-29 18:09:21 - [MESSAGE][INFO] - Unable to find the element located by 'By.xpath: //div[@class='table-body']/div[@class='table-row']/div[@class='table-row-inner enabled-comm']/div[@class='table-row-ordered']/span'. Please recheck the objects properties to make sure the desired element is located. 

2019-07-29 18:09:21 - [TEST_STEP][PASSED] - delay(2): Delayed 2 second(s)

2019-07-29 18:09:23 - [MESSAGE][PASSED] - Delayed 2 second(s)

2019-07-29 18:09:23 - [TEST_STEP][PASSED] - try: null

2019-07-29 18:09:23 - [TEST_STEP][PASSED] - VSGuest.validateGuests(findTestObject("Object Repository/virualShowRSVPOR/dashboard/select_rsvp_notreply"), noreplyList): null

2019-07-29 18:09:24 - [TEST_STEP][PASSED] - catch (org.openqa.selenium.StaleElementReferenceException ex): null

2019-07-29 18:09:24 - [TEST_STEP][PASSED] - VSGuest.validateGuests(findTestObject("Object Repository/virualShowRSVPOR/dashboard/select_rsvp_notreply"), noreplyList): null

2019-07-29 18:09:24 - [TEST_STEP][PASSED] - switchToWindowIndex(currentTab + 2): Switched to window with index: '2'

2019-07-29 18:09:24 - [MESSAGE][PASSED] - Switched to window with index: '2'

2019-07-29 18:09:24 - [TEST_STEP][PASSED] - delay(2): Delayed 2 second(s)

2019-07-29 18:09:26 - [MESSAGE][PASSED] - Delayed 2 second(s)

2019-07-29 18:09:26 - [TEST_STEP][PASSED] - click(findTestObject("Object Repository/virualShowRSVPOR/Page_Show microsite/div_Update your RSVP")): Object: 'Object Repository/virualShowRSVPOR/Page_Show microsite/div_Update your RSVP' is clicked on

2019-07-29 18:09:26 - [MESSAGE][PASSED] - Object: 'Object Repository/virualShowRSVPOR/Page_Show microsite/div_Update your RSVP' is clicked on

2019-07-29 18:09:26 - [TEST_STEP][PASSED] - click(findTestObject("Object Repository/virualShowRSVPOR/Page_Show microsite/select_rsvp_yes")): Object: 'Object Repository/virualShowRSVPOR/Page_Show microsite/select_rsvp_yes' is clicked on

2019-07-29 18:09:26 - [MESSAGE][PASSED] - Object: 'Object Repository/virualShowRSVPOR/Page_Show microsite/select_rsvp_yes' is clicked on

2019-07-29 18:09:26 - [TEST_STEP][PASSED] - click(findTestObject("Object Repository/virualShowRSVPOR/Page_Show microsite/button_SEND")): Object: 'Object Repository/virualShowRSVPOR/Page_Show microsite/button_SEND' is clicked on

2019-07-29 18:09:26 - [MESSAGE][PASSED] - Object: 'Object Repository/virualShowRSVPOR/Page_Show microsite/button_SEND' is clicked on

2019-07-29 18:09:26 - [TEST_STEP][PASSED] - delay(4): Delayed 4 second(s)

2019-07-29 18:09:30 - [MESSAGE][PASSED] - Delayed 4 second(s)

2019-07-29 18:09:30 - [TEST_STEP][PASSED] - verifyElementText(findTestObject("Object Repository/virualShowRSVPOR/Page_Show microsite/h2_Were so glad you can make it."), "We're so glad you can make it."): Actual text and expected text of test object 'Object Repository/virualShowRSVPOR/Page_Show microsite/h2_Were so glad you can make it.' are matched.

2019-07-29 18:09:30 - [MESSAGE][PASSED] - Actual text and expected text of test object 'Object Repository/virualShowRSVPOR/Page_Show microsite/h2_Were so glad you can make it.' are matched.

2019-07-29 18:09:30 - [TEST_STEP][PASSED] - delay(2): Delayed 2 second(s)

2019-07-29 18:09:32 - [MESSAGE][PASSED] - Delayed 2 second(s)

2019-07-29 18:09:32 - [TEST_STEP][FAILED] - click(findTestObject("Object Repository/showMicrosite/button_join_the_show")): click(findTestObject("Object Repository/showMicrosite/button_join_the_show")) FAILED.
Reason:
com.kms.katalon.core.exception.StepFailedException: Unable to click on object 'Object Repository/showMicrosite/button_join_the_show'
	at com.kms.katalon.core.webui.keyword.internal.WebUIKeywordMain.stepFailed(WebUIKeywordMain.groovy:64)
	at com.kms.katalon.core.webui.keyword.internal.WebUIKeywordMain.runKeyword(WebUIKeywordMain.groovy:26)
	at com.kms.katalon.core.webui.keyword.builtin.ClickKeyword.click(ClickKeyword.groovy:86)
	at com.kms.katalon.core.webui.keyword.builtin.ClickKeyword.execute(ClickKeyword.groovy:67)
	at com.kms.katalon.core.keyword.internal.KeywordExecutor.executeKeywordForPlatform(KeywordExecutor.groovy:56)
	at com.kms.katalon.core.webui.keyword.WebUiBuiltInKeywords.click(WebUiBuiltInKeywords.groovy:616)
	at com.kms.katalon.core.webui.keyword.WebUiBuiltInKeywords$click$3.call(Unknown Source)
	at New Test Case_sushant.run(New Test Case_sushant:351)
	at com.kms.katalon.core.main.ScriptEngine.run(ScriptEngine.java:194)
	at com.kms.katalon.core.main.ScriptEngine.runScriptAsRawText(ScriptEngine.java:119)
	at com.kms.katalon.core.main.TestCaseExecutor.runScript(TestCaseExecutor.java:342)
	at com.kms.katalon.core.main.TestCaseExecutor.doExecute(TestCaseExecutor.java:333)
	at com.kms.katalon.core.main.TestCaseExecutor.processExecutionPhase(TestCaseExecutor.java:312)
	at com.kms.katalon.core.main.TestCaseExecutor.accessMainPhase(TestCaseExecutor.java:304)
	at com.kms.katalon.core.main.TestCaseExecutor.execute(TestCaseExecutor.java:238)
	at com.kms.katalon.core.main.TestSuiteExecutor.accessTestCaseMainPhase(TestSuiteExecutor.java:129)
	at com.kms.katalon.core.main.TestSuiteExecutor.accessTestSuiteMainPhase(TestSuiteExecutor.java:112)
	at com.kms.katalon.core.main.TestSuiteExecutor.execute(TestSuiteExecutor.java:81)
	at com.kms.katalon.core.main.TestCaseMain.startTestSuite(TestCaseMain.java:157)
	at com.kms.katalon.core.main.TestCaseMain$startTestSuite$0.call(Unknown Source)
	at TempTestSuite1564403656210.run(TempTestSuite1564403656210.groovy:35)
Caused by: org.openqa.selenium.ElementClickInterceptedException: element click intercepted: Element <button _ngcontent-ttj-c10="" class="btn show-microsite-btn" type="button">...</button> is not clickable at point (673, 464). Other element would receive the click: <div _ngcontent-ttj-c33="" class="loader-fullscreen">...</div>
  (Session info: chrome=75.0.3770.142)
  (Driver info: chromedriver=74.0.3729.6 (255758eccf3d244491b8a1317aa76e1ce10d57e9-refs/branch-heads/3729@{#29}),platform=Windows NT 6.3.9600 x86_64) (WARNING: The server did not provide any stacktrace information)
Command duration or timeout: 0 milliseconds
Build info: version: '3.7.1', revision: '8a0099a', time: '2017-11-06T21:07:36.161Z'
System info: host: 'NIVEDITA', ip: '10.0.102.200', os.name: 'Windows 8.1', os.arch: 'amd64', os.version: '6.3', java.version: '1.8.0_181'
Driver info: com.kms.katalon.selenium.driver.CChromeDriver
Capabilities {acceptInsecureCerts: false, acceptSslCerts: false, applicationCacheEnabled: false, browserConnectionEnabled: false, browserName: chrome, chrome: {chromedriverVersion: 74.0.3729.6 (255758eccf3d24..., userDataDir: C:\Users\user\AppData\Local...}, cssSelectorsEnabled: true, databaseEnabled: false, goog:chromeOptions: {debuggerAddress: localhost:64822}, handlesAlerts: true, hasTouchScreen: false, javascriptEnabled: true, locationContextEnabled: true, mobileEmulationEnabled: false, nativeEvents: true, networkConnectionEnabled: false, pageLoadStrategy: normal, platform: XP, platformName: XP, proxy: Proxy(direct), rotatable: false, setWindowRect: true, strictFileInteractability: false, takesHeapSnapshot: true, takesScreenshot: true, timeouts: {implicit: 0, pageLoad: 300000, script: 30000}, unexpectedAlertBehaviour: ignore, unhandledPromptBehavior: ignore, version: 75.0.3770.142, webStorageEnabled: true}
Session ID: 702517078986833ed5322021e131ef4e
	at org.openqa.selenium.remote.ErrorHandler.createThrowable(ErrorHandler.java:214)
	at org.openqa.selenium.remote.ErrorHandler.throwIfResponseFailed(ErrorHandler.java:166)
	at org.openqa.selenium.remote.http.JsonHttpResponseCodec.reconstructValue(JsonHttpResponseCodec.java:40)
	at org.openqa.selenium.remote.http.AbstractHttpResponseCodec.decode(AbstractHttpResponseCodec.java:80)
	at org.openqa.selenium.remote.http.AbstractHttpResponseCodec.decode(AbstractHttpResponseCodec.java:44)
	at org.openqa.selenium.remote.HttpCommandExecutor.execute(HttpCommandExecutor.java:164)
	at org.openqa.selenium.remote.service.DriverCommandExecutor.execute(DriverCommandExecutor.java:83)
	at org.openqa.selenium.remote.RemoteWebDriver.execute(RemoteWebDriver.java:600)
	at com.kms.katalon.selenium.driver.CChromeDriver.execute(CChromeDriver.java:20)
	at org.openqa.selenium.remote.RemoteWebElement.execute(RemoteWebElement.java:279)
	at org.openqa.selenium.remote.RemoteWebElement.click(RemoteWebElement.java:83)
	at com.kms.katalon.core.webui.keyword.builtin.ClickKeyword$_click_closure1.doCall(ClickKeyword.groovy:79)
	at com.kms.katalon.core.webui.keyword.builtin.ClickKeyword$_click_closure1.call(ClickKeyword.groovy)
	at com.kms.katalon.core.webui.keyword.internal.WebUIKeywordMain.runKeyword(WebUIKeywordMain.groovy:20)
	at com.kms.katalon.core.webui.keyword.builtin.ClickKeyword.click(ClickKeyword.groovy:86)
	at com.kms.katalon.core.webui.keyword.builtin.ClickKeyword.execute(ClickKeyword.groovy:67)
	at com.kms.katalon.core.keyword.internal.KeywordExecutor.executeKeywordForPlatform(KeywordExecutor.groovy:56)
	at com.kms.katalon.core.webui.keyword.WebUiBuiltInKeywords.click(WebUiBuiltInKeywords.groovy:616)
	at com.kms.katalon.core.webui.keyword.WebUiBuiltInKeywords$click$3.call(Unknown Source)
	at Script1560248070231.run(Script1560248070231.groovy:351)
	... 13 more


2019-07-29 18:09:33 - [MESSAGE][FAILED] - Unable to click on object 'Object Repository/showMicrosite/button_join_the_show' (Root cause: com.kms.katalon.core.exception.StepFailedException: Unable to click on object 'Object Repository/showMicrosite/button_join_the_show'
	at com.kms.katalon.core.webui.keyword.internal.WebUIKeywordMain.stepFailed(WebUIKeywordMain.groovy:64)
	at com.kms.katalon.core.webui.keyword.internal.WebUIKeywordMain.runKeyword(WebUIKeywordMain.groovy:26)
	at com.kms.katalon.core.webui.keyword.builtin.ClickKeyword.click(ClickKeyword.groovy:86)
	at com.kms.katalon.core.webui.keyword.builtin.ClickKeyword.execute(ClickKeyword.groovy:67)
	at com.kms.katalon.core.keyword.internal.KeywordExecutor.executeKeywordForPlatform(KeywordExecutor.groovy:56)
	at com.kms.katalon.core.webui.keyword.WebUiBuiltInKeywords.click(WebUiBuiltInKeywords.groovy:616)
	at com.kms.katalon.core.webui.keyword.WebUiBuiltInKeywords$click$3.call(Unknown Source)
	at New Test Case_sushant.run(New Test Case_sushant:351)
	at com.kms.katalon.core.main.ScriptEngine.run(ScriptEngine.java:194)
	at com.kms.katalon.core.main.ScriptEngine.runScriptAsRawText(ScriptEngine.java:119)
	at com.kms.katalon.core.main.TestCaseExecutor.runScript(TestCaseExecutor.java:342)
	at com.kms.katalon.core.main.TestCaseExecutor.doExecute(TestCaseExecutor.java:333)
	at com.kms.katalon.core.main.TestCaseExecutor.processExecutionPhase(TestCaseExecutor.java:312)
	at com.kms.katalon.core.main.TestCaseExecutor.accessMainPhase(TestCaseExecutor.java:304)
	at com.kms.katalon.core.main.TestCaseExecutor.execute(TestCaseExecutor.java:238)
	at com.kms.katalon.core.main.TestSuiteExecutor.accessTestCaseMainPhase(TestSuiteExecutor.java:129)
	at com.kms.katalon.core.main.TestSuiteExecutor.accessTestSuiteMainPhase(TestSuiteExecutor.java:112)
	at com.kms.katalon.core.main.TestSuiteExecutor.execute(TestSuiteExecutor.java:81)
	at com.kms.katalon.core.main.TestCaseMain.startTestSuite(TestCaseMain.java:157)
	at com.kms.katalon.core.main.TestCaseMain$startTestSuite$0.call(Unknown Source)
	at TempTestSuite1564403656210.run(TempTestSuite1564403656210.groovy:35)
Caused by: org.openqa.selenium.ElementClickInterceptedException: element click intercepted: Element <button _ngcontent-ttj-c10="" class="btn show-microsite-btn" type="button">...</button> is not clickable at point (673, 464). Other element would receive the click: <div _ngcontent-ttj-c33="" class="loader-fullscreen">...</div>
  (Session info: chrome=75.0.3770.142)
  (Driver info: chromedriver=74.0.3729.6 (255758eccf3d244491b8a1317aa76e1ce10d57e9-refs/branch-heads/3729@{#29}),platform=Windows NT 6.3.9600 x86_64) (WARNING: The server did not provide any stacktrace information)
Command duration or timeout: 0 milliseconds
Build info: version: '3.7.1', revision: '8a0099a', time: '2017-11-06T21:07:36.161Z'
System info: host: 'NIVEDITA', ip: '10.0.102.200', os.name: 'Windows 8.1', os.arch: 'amd64', os.version: '6.3', java.version: '1.8.0_181'
Driver info: com.kms.katalon.selenium.driver.CChromeDriver
Capabilities {acceptInsecureCerts: false, acceptSslCerts: false, applicationCacheEnabled: false, browserConnectionEnabled: false, browserName: chrome, chrome: {chromedriverVersion: 74.0.3729.6 (255758eccf3d24..., userDataDir: C:\Users\user\AppData\Local...}, cssSelectorsEnabled: true, databaseEnabled: false, goog:chromeOptions: {debuggerAddress: localhost:64822}, handlesAlerts: true, hasTouchScreen: false, javascriptEnabled: true, locationContextEnabled: true, mobileEmulationEnabled: false, nativeEvents: true, networkConnectionEnabled: false, pageLoadStrategy: normal, platform: XP, platformName: XP, proxy: Proxy(direct), rotatable: false, setWindowRect: true, strictFileInteractability: false, takesHeapSnapshot: true, takesScreenshot: true, timeouts: {implicit: 0, pageLoad: 300000, script: 30000}, unexpectedAlertBehaviour: ignore, unhandledPromptBehavior: ignore, version: 75.0.3770.142, webStorageEnabled: true}
Session ID: 702517078986833ed5322021e131ef4e
	at org.openqa.selenium.remote.ErrorHandler.createThrowable(ErrorHandler.java:214)
	at org.openqa.selenium.remote.ErrorHandler.throwIfResponseFailed(ErrorHandler.java:166)
	at org.openqa.selenium.remote.http.JsonHttpResponseCodec.reconstructValue(JsonHttpResponseCodec.java:40)
	at org.openqa.selenium.remote.http.AbstractHttpResponseCodec.decode(AbstractHttpResponseCodec.java:80)
	at org.openqa.selenium.remote.http.AbstractHttpResponseCodec.decode(AbstractHttpResponseCodec.java:44)
	at org.openqa.selenium.remote.HttpCommandExecutor.execute(HttpCommandExecutor.java:164)
	at org.openqa.selenium.remote.service.DriverCommandExecutor.execute(DriverCommandExecutor.java:83)
	at org.openqa.selenium.remote.RemoteWebDriver.execute(RemoteWebDriver.java:600)
	at com.kms.katalon.selenium.driver.CChromeDriver.execute(CChromeDriver.java:20)
	at org.openqa.selenium.remote.RemoteWebElement.execute(RemoteWebElement.java:279)
	at org.openqa.selenium.remote.RemoteWebElement.click(RemoteWebElement.java:83)
	at com.kms.katalon.core.webui.keyword.builtin.ClickKeyword$_click_closure1.doCall(ClickKeyword.groovy:79)
	at com.kms.katalon.core.webui.keyword.builtin.ClickKeyword$_click_closure1.call(ClickKeyword.groovy)
	at com.kms.katalon.core.webui.keyword.internal.WebUIKeywordMain.runKeyword(WebUIKeywordMain.groovy:20)
	at com.kms.katalon.core.webui.keyword.builtin.ClickKeyword.click(ClickKeyword.groovy:86)
	at com.kms.katalon.core.webui.keyword.builtin.ClickKeyword.execute(ClickKeyword.groovy:67)
	at com.kms.katalon.core.keyword.internal.KeywordExecutor.executeKeywordForPlatform(KeywordExecutor.groovy:56)
	at com.kms.katalon.core.webui.keyword.WebUiBuiltInKeywords.click(WebUiBuiltInKeywords.groovy:616)
	at com.kms.katalon.core.webui.keyword.WebUiBuiltInKeywords$click$3.call(Unknown Source)
	at Script1560248070231.run(Script1560248070231.groovy:351)
	... 13 more
)
[[ATTACHMENT|C:\\Users\\user\\Documents\\testautomation\\KatalonProjects\\Reports\\VirtualShowRSVPSuites\\DashboardSuite\\20190729_180416\\1564403972943.png]]

2019-07-29 18:09:33 - [MESSAGE][FAILED] - click(findTestObject("Object Repository/showMicrosite/button_join_the_show")) FAILED.
Reason:
com.kms.katalon.core.exception.StepFailedException: Unable to click on object 'Object Repository/showMicrosite/button_join_the_show'
	at com.kms.katalon.core.webui.keyword.internal.WebUIKeywordMain.stepFailed(WebUIKeywordMain.groovy:64)
	at com.kms.katalon.core.webui.keyword.internal.WebUIKeywordMain.runKeyword(WebUIKeywordMain.groovy:26)
	at com.kms.katalon.core.webui.keyword.builtin.ClickKeyword.click(ClickKeyword.groovy:86)
	at com.kms.katalon.core.webui.keyword.builtin.ClickKeyword.execute(ClickKeyword.groovy:67)
	at com.kms.katalon.core.keyword.internal.KeywordExecutor.executeKeywordForPlatform(KeywordExecutor.groovy:56)
	at com.kms.katalon.core.webui.keyword.WebUiBuiltInKeywords.click(WebUiBuiltInKeywords.groovy:616)
	at com.kms.katalon.core.webui.keyword.WebUiBuiltInKeywords$click$3.call(Unknown Source)
	at New Test Case_sushant.run(New Test Case_sushant:351)
	at com.kms.katalon.core.main.ScriptEngine.run(ScriptEngine.java:194)
	at com.kms.katalon.core.main.ScriptEngine.runScriptAsRawText(ScriptEngine.java:119)
	at com.kms.katalon.core.main.TestCaseExecutor.runScript(TestCaseExecutor.java:342)
	at com.kms.katalon.core.main.TestCaseExecutor.doExecute(TestCaseExecutor.java:333)
	at com.kms.katalon.core.main.TestCaseExecutor.processExecutionPhase(TestCaseExecutor.java:312)
	at com.kms.katalon.core.main.TestCaseExecutor.accessMainPhase(TestCaseExecutor.java:304)
	at com.kms.katalon.core.main.TestCaseExecutor.execute(TestCaseExecutor.java:238)
	at com.kms.katalon.core.main.TestSuiteExecutor.accessTestCaseMainPhase(TestSuiteExecutor.java:129)
	at com.kms.katalon.core.main.TestSuiteExecutor.accessTestSuiteMainPhase(TestSuiteExecutor.java:112)
	at com.kms.katalon.core.main.TestSuiteExecutor.execute(TestSuiteExecutor.java:81)
	at com.kms.katalon.core.main.TestCaseMain.startTestSuite(TestCaseMain.java:157)
	at com.kms.katalon.core.main.TestCaseMain$startTestSuite$0.call(Unknown Source)
	at TempTestSuite1564403656210.run(TempTestSuite1564403656210.groovy:35)
Caused by: org.openqa.selenium.ElementClickInterceptedException: element click intercepted: Element <button _ngcontent-ttj-c10="" class="btn show-microsite-btn" type="button">...</button> is not clickable at point (673, 464). Other element would receive the click: <div _ngcontent-ttj-c33="" class="loader-fullscreen">...</div>
  (Session info: chrome=75.0.3770.142)
  (Driver info: chromedriver=74.0.3729.6 (255758eccf3d244491b8a1317aa76e1ce10d57e9-refs/branch-heads/3729@{#29}),platform=Windows NT 6.3.9600 x86_64) (WARNING: The server did not provide any stacktrace information)
Command duration or timeout: 0 milliseconds
Build info: version: '3.7.1', revision: '8a0099a', time: '2017-11-06T21:07:36.161Z'
System info: host: 'NIVEDITA', ip: '10.0.102.200', os.name: 'Windows 8.1', os.arch: 'amd64', os.version: '6.3', java.version: '1.8.0_181'
Driver info: com.kms.katalon.selenium.driver.CChromeDriver
Capabilities {acceptInsecureCerts: false, acceptSslCerts: false, applicationCacheEnabled: false, browserConnectionEnabled: false, browserName: chrome, chrome: {chromedriverVersion: 74.0.3729.6 (255758eccf3d24..., userDataDir: C:\Users\user\AppData\Local...}, cssSelectorsEnabled: true, databaseEnabled: false, goog:chromeOptions: {debuggerAddress: localhost:64822}, handlesAlerts: true, hasTouchScreen: false, javascriptEnabled: true, locationContextEnabled: true, mobileEmulationEnabled: false, nativeEvents: true, networkConnectionEnabled: false, pageLoadStrategy: normal, platform: XP, platformName: XP, proxy: Proxy(direct), rotatable: false, setWindowRect: true, strictFileInteractability: false, takesHeapSnapshot: true, takesScreenshot: true, timeouts: {implicit: 0, pageLoad: 300000, script: 30000}, unexpectedAlertBehaviour: ignore, unhandledPromptBehavior: ignore, version: 75.0.3770.142, webStorageEnabled: true}
Session ID: 702517078986833ed5322021e131ef4e
	at org.openqa.selenium.remote.ErrorHandler.createThrowable(ErrorHandler.java:214)
	at org.openqa.selenium.remote.ErrorHandler.throwIfResponseFailed(ErrorHandler.java:166)
	at org.openqa.selenium.remote.http.JsonHttpResponseCodec.reconstructValue(JsonHttpResponseCodec.java:40)
	at org.openqa.selenium.remote.http.AbstractHttpResponseCodec.decode(AbstractHttpResponseCodec.java:80)
	at org.openqa.selenium.remote.http.AbstractHttpResponseCodec.decode(AbstractHttpResponseCodec.java:44)
	at org.openqa.selenium.remote.HttpCommandExecutor.execute(HttpCommandExecutor.java:164)
	at org.openqa.selenium.remote.service.DriverCommandExecutor.execute(DriverCommandExecutor.java:83)
	at org.openqa.selenium.remote.RemoteWebDriver.execute(RemoteWebDriver.java:600)
	at com.kms.katalon.selenium.driver.CChromeDriver.execute(CChromeDriver.java:20)
	at org.openqa.selenium.remote.RemoteWebElement.execute(RemoteWebElement.java:279)
	at org.openqa.selenium.remote.RemoteWebElement.click(RemoteWebElement.java:83)
	at com.kms.katalon.core.webui.keyword.builtin.ClickKeyword$_click_closure1.doCall(ClickKeyword.groovy:79)
	at com.kms.katalon.core.webui.keyword.builtin.ClickKeyword$_click_closure1.call(ClickKeyword.groovy)
	at com.kms.katalon.core.webui.keyword.internal.WebUIKeywordMain.runKeyword(WebUIKeywordMain.groovy:20)
	at com.kms.katalon.core.webui.keyword.builtin.ClickKeyword.click(ClickKeyword.groovy:86)
	at com.kms.katalon.core.webui.keyword.builtin.ClickKeyword.execute(ClickKeyword.groovy:67)
	at com.kms.katalon.core.keyword.internal.KeywordExecutor.executeKeywordForPlatform(KeywordExecutor.groovy:56)
	at com.kms.katalon.core.webui.keyword.WebUiBuiltInKeywords.click(WebUiBuiltInKeywords.groovy:616)
	at com.kms.katalon.core.webui.keyword.WebUiBuiltInKeywords$click$3.call(Unknown Source)
	at Script1560248070231.run(Script1560248070231.groovy:351)
	... 13 more]]></system-out>
         <system-err><![CDATA[2019-07-29 18:04:19 - [TEST_CASE][FAILED] - Test Cases/virtualShowRSVP/New Test Case_sushant: Test Cases/virtualShowRSVP/New Test Case_sushant FAILED.
Reason:
com.kms.katalon.core.exception.StepFailedException: Unable to click on object 'Object Repository/showMicrosite/button_join_the_show'
	at com.kms.katalon.core.webui.keyword.internal.WebUIKeywordMain.stepFailed(WebUIKeywordMain.groovy:64)
	at com.kms.katalon.core.webui.keyword.internal.WebUIKeywordMain.runKeyword(WebUIKeywordMain.groovy:26)
	at com.kms.katalon.core.webui.keyword.builtin.ClickKeyword.click(ClickKeyword.groovy:86)
	at com.kms.katalon.core.webui.keyword.builtin.ClickKeyword.execute(ClickKeyword.groovy:67)
	at com.kms.katalon.core.keyword.internal.KeywordExecutor.executeKeywordForPlatform(KeywordExecutor.groovy:56)
	at com.kms.katalon.core.webui.keyword.WebUiBuiltInKeywords.click(WebUiBuiltInKeywords.groovy:616)
	at com.kms.katalon.core.webui.keyword.WebUiBuiltInKeywords$click$3.call(Unknown Source)
	at New Test Case_sushant.run(New Test Case_sushant:351)
	at com.kms.katalon.core.main.ScriptEngine.run(ScriptEngine.java:194)
	at com.kms.katalon.core.main.ScriptEngine.runScriptAsRawText(ScriptEngine.java:119)
	at com.kms.katalon.core.main.TestCaseExecutor.runScript(TestCaseExecutor.java:342)
	at com.kms.katalon.core.main.TestCaseExecutor.doExecute(TestCaseExecutor.java:333)
	at com.kms.katalon.core.main.TestCaseExecutor.processExecutionPhase(TestCaseExecutor.java:312)
	at com.kms.katalon.core.main.TestCaseExecutor.accessMainPhase(TestCaseExecutor.java:304)
	at com.kms.katalon.core.main.TestCaseExecutor.execute(TestCaseExecutor.java:238)
	at com.kms.katalon.core.main.TestSuiteExecutor.accessTestCaseMainPhase(TestSuiteExecutor.java:129)
	at com.kms.katalon.core.main.TestSuiteExecutor.accessTestSuiteMainPhase(TestSuiteExecutor.java:112)
	at com.kms.katalon.core.main.TestSuiteExecutor.execute(TestSuiteExecutor.java:81)
	at com.kms.katalon.core.main.TestCaseMain.startTestSuite(TestCaseMain.java:157)
	at com.kms.katalon.core.main.TestCaseMain$startTestSuite$0.call(Unknown Source)
	at TempTestSuite1564403656210.run(TempTestSuite1564403656210.groovy:35)
Caused by: org.openqa.selenium.ElementClickInterceptedException: element click intercepted: Element <button _ngcontent-ttj-c10="" class="btn show-microsite-btn" type="button">...</button> is not clickable at point (673, 464). Other element would receive the click: <div _ngcontent-ttj-c33="" class="loader-fullscreen">...</div>
  (Session info: chrome=75.0.3770.142)
  (Driver info: chromedriver=74.0.3729.6 (255758eccf3d244491b8a1317aa76e1ce10d57e9-refs/branch-heads/3729@{#29}),platform=Windows NT 6.3.9600 x86_64) (WARNING: The server did not provide any stacktrace information)
Command duration or timeout: 0 milliseconds
Build info: version: '3.7.1', revision: '8a0099a', time: '2017-11-06T21:07:36.161Z'
System info: host: 'NIVEDITA', ip: '10.0.102.200', os.name: 'Windows 8.1', os.arch: 'amd64', os.version: '6.3', java.version: '1.8.0_181'
Driver info: com.kms.katalon.selenium.driver.CChromeDriver
Capabilities {acceptInsecureCerts: false, acceptSslCerts: false, applicationCacheEnabled: false, browserConnectionEnabled: false, browserName: chrome, chrome: {chromedriverVersion: 74.0.3729.6 (255758eccf3d24..., userDataDir: C:\Users\user\AppData\Local...}, cssSelectorsEnabled: true, databaseEnabled: false, goog:chromeOptions: {debuggerAddress: localhost:64822}, handlesAlerts: true, hasTouchScreen: false, javascriptEnabled: true, locationContextEnabled: true, mobileEmulationEnabled: false, nativeEvents: true, networkConnectionEnabled: false, pageLoadStrategy: normal, platform: XP, platformName: XP, proxy: Proxy(direct), rotatable: false, setWindowRect: true, strictFileInteractability: false, takesHeapSnapshot: true, takesScreenshot: true, timeouts: {implicit: 0, pageLoad: 300000, script: 30000}, unexpectedAlertBehaviour: ignore, unhandledPromptBehavior: ignore, version: 75.0.3770.142, webStorageEnabled: true}
Session ID: 702517078986833ed5322021e131ef4e
	at org.openqa.selenium.remote.ErrorHandler.createThrowable(ErrorHandler.java:214)
	at org.openqa.selenium.remote.ErrorHandler.throwIfResponseFailed(ErrorHandler.java:166)
	at org.openqa.selenium.remote.http.JsonHttpResponseCodec.reconstructValue(JsonHttpResponseCodec.java:40)
	at org.openqa.selenium.remote.http.AbstractHttpResponseCodec.decode(AbstractHttpResponseCodec.java:80)
	at org.openqa.selenium.remote.http.AbstractHttpResponseCodec.decode(AbstractHttpResponseCodec.java:44)
	at org.openqa.selenium.remote.HttpCommandExecutor.execute(HttpCommandExecutor.java:164)
	at org.openqa.selenium.remote.service.DriverCommandExecutor.execute(DriverCommandExecutor.java:83)
	at org.openqa.selenium.remote.RemoteWebDriver.execute(RemoteWebDriver.java:600)
	at com.kms.katalon.selenium.driver.CChromeDriver.execute(CChromeDriver.java:20)
	at org.openqa.selenium.remote.RemoteWebElement.execute(RemoteWebElement.java:279)
	at org.openqa.selenium.remote.RemoteWebElement.click(RemoteWebElement.java:83)
	at com.kms.katalon.core.webui.keyword.builtin.ClickKeyword$_click_closure1.doCall(ClickKeyword.groovy:79)
	at com.kms.katalon.core.webui.keyword.builtin.ClickKeyword$_click_closure1.call(ClickKeyword.groovy)
	at com.kms.katalon.core.webui.keyword.internal.WebUIKeywordMain.runKeyword(WebUIKeywordMain.groovy:20)
	at com.kms.katalon.core.webui.keyword.builtin.ClickKeyword.click(ClickKeyword.groovy:86)
	at com.kms.katalon.core.webui.keyword.builtin.ClickKeyword.execute(ClickKeyword.groovy:67)
	at com.kms.katalon.core.keyword.internal.KeywordExecutor.executeKeywordForPlatform(KeywordExecutor.groovy:56)
	at com.kms.katalon.core.webui.keyword.WebUiBuiltInKeywords.click(WebUiBuiltInKeywords.groovy:616)
	at com.kms.katalon.core.webui.keyword.WebUiBuiltInKeywords$click$3.call(Unknown Source)
	at Script1560248070231.run(Script1560248070231.groovy:351)
	... 13 more]]></system-err>
      </testcase>
      <system-out><![CDATA[2019-07-29 18:04:19 - [TEST_SUITE][FAILED] - DashboardSuite: Test Cases/virtualShowRSVP/New Test Case_sushant FAILED.
Reason:
com.kms.katalon.core.exception.StepFailedException: Unable to click on object 'Object Repository/showMicrosite/button_join_the_show'
	at com.kms.katalon.core.webui.keyword.internal.WebUIKeywordMain.stepFailed(WebUIKeywordMain.groovy:64)
	at com.kms.katalon.core.webui.keyword.internal.WebUIKeywordMain.runKeyword(WebUIKeywordMain.groovy:26)
	at com.kms.katalon.core.webui.keyword.builtin.ClickKeyword.click(ClickKeyword.groovy:86)
	at com.kms.katalon.core.webui.keyword.builtin.ClickKeyword.execute(ClickKeyword.groovy:67)
	at com.kms.katalon.core.keyword.internal.KeywordExecutor.executeKeywordForPlatform(KeywordExecutor.groovy:56)
	at com.kms.katalon.core.webui.keyword.WebUiBuiltInKeywords.click(WebUiBuiltInKeywords.groovy:616)
	at com.kms.katalon.core.webui.keyword.WebUiBuiltInKeywords$click$3.call(Unknown Source)
	at New Test Case_sushant.run(New Test Case_sushant:351)
	at com.kms.katalon.core.main.ScriptEngine.run(ScriptEngine.java:194)
	at com.kms.katalon.core.main.ScriptEngine.runScriptAsRawText(ScriptEngine.java:119)
	at com.kms.katalon.core.main.TestCaseExecutor.runScript(TestCaseExecutor.java:342)
	at com.kms.katalon.core.main.TestCaseExecutor.doExecute(TestCaseExecutor.java:333)
	at com.kms.katalon.core.main.TestCaseExecutor.processExecutionPhase(TestCaseExecutor.java:312)
	at com.kms.katalon.core.main.TestCaseExecutor.accessMainPhase(TestCaseExecutor.java:304)
	at com.kms.katalon.core.main.TestCaseExecutor.execute(TestCaseExecutor.java:238)
	at com.kms.katalon.core.main.TestSuiteExecutor.accessTestCaseMainPhase(TestSuiteExecutor.java:129)
	at com.kms.katalon.core.main.TestSuiteExecutor.accessTestSuiteMainPhase(TestSuiteExecutor.java:112)
	at com.kms.katalon.core.main.TestSuiteExecutor.execute(TestSuiteExecutor.java:81)
	at com.kms.katalon.core.main.TestCaseMain.startTestSuite(TestCaseMain.java:157)
	at com.kms.katalon.core.main.TestCaseMain$startTestSuite$0.call(Unknown Source)
	at TempTestSuite1564403656210.run(TempTestSuite1564403656210.groovy:35)
Caused by: org.openqa.selenium.ElementClickInterceptedException: element click intercepted: Element <button _ngcontent-ttj-c10="" class="btn show-microsite-btn" type="button">...</button> is not clickable at point (673, 464). Other element would receive the click: <div _ngcontent-ttj-c33="" class="loader-fullscreen">...</div>
  (Session info: chrome=75.0.3770.142)
  (Driver info: chromedriver=74.0.3729.6 (255758eccf3d244491b8a1317aa76e1ce10d57e9-refs/branch-heads/3729@{#29}),platform=Windows NT 6.3.9600 x86_64) (WARNING: The server did not provide any stacktrace information)
Command duration or timeout: 0 milliseconds
Build info: version: '3.7.1', revision: '8a0099a', time: '2017-11-06T21:07:36.161Z'
System info: host: 'NIVEDITA', ip: '10.0.102.200', os.name: 'Windows 8.1', os.arch: 'amd64', os.version: '6.3', java.version: '1.8.0_181'
Driver info: com.kms.katalon.selenium.driver.CChromeDriver
Capabilities {acceptInsecureCerts: false, acceptSslCerts: false, applicationCacheEnabled: false, browserConnectionEnabled: false, browserName: chrome, chrome: {chromedriverVersion: 74.0.3729.6 (255758eccf3d24..., userDataDir: C:\Users\user\AppData\Local...}, cssSelectorsEnabled: true, databaseEnabled: false, goog:chromeOptions: {debuggerAddress: localhost:64822}, handlesAlerts: true, hasTouchScreen: false, javascriptEnabled: true, locationContextEnabled: true, mobileEmulationEnabled: false, nativeEvents: true, networkConnectionEnabled: false, pageLoadStrategy: normal, platform: XP, platformName: XP, proxy: Proxy(direct), rotatable: false, setWindowRect: true, strictFileInteractability: false, takesHeapSnapshot: true, takesScreenshot: true, timeouts: {implicit: 0, pageLoad: 300000, script: 30000}, unexpectedAlertBehaviour: ignore, unhandledPromptBehavior: ignore, version: 75.0.3770.142, webStorageEnabled: true}
Session ID: 702517078986833ed5322021e131ef4e
	at org.openqa.selenium.remote.ErrorHandler.createThrowable(ErrorHandler.java:214)
	at org.openqa.selenium.remote.ErrorHandler.throwIfResponseFailed(ErrorHandler.java:166)
	at org.openqa.selenium.remote.http.JsonHttpResponseCodec.reconstructValue(JsonHttpResponseCodec.java:40)
	at org.openqa.selenium.remote.http.AbstractHttpResponseCodec.decode(AbstractHttpResponseCodec.java:80)
	at org.openqa.selenium.remote.http.AbstractHttpResponseCodec.decode(AbstractHttpResponseCodec.java:44)
	at org.openqa.selenium.remote.HttpCommandExecutor.execute(HttpCommandExecutor.java:164)
	at org.openqa.selenium.remote.service.DriverCommandExecutor.execute(DriverCommandExecutor.java:83)
	at org.openqa.selenium.remote.RemoteWebDriver.execute(RemoteWebDriver.java:600)
	at com.kms.katalon.selenium.driver.CChromeDriver.execute(CChromeDriver.java:20)
	at org.openqa.selenium.remote.RemoteWebElement.execute(RemoteWebElement.java:279)
	at org.openqa.selenium.remote.RemoteWebElement.click(RemoteWebElement.java:83)
	at com.kms.katalon.core.webui.keyword.builtin.ClickKeyword$_click_closure1.doCall(ClickKeyword.groovy:79)
	at com.kms.katalon.core.webui.keyword.builtin.ClickKeyword$_click_closure1.call(ClickKeyword.groovy)
	at com.kms.katalon.core.webui.keyword.internal.WebUIKeywordMain.runKeyword(WebUIKeywordMain.groovy:20)
	at com.kms.katalon.core.webui.keyword.builtin.ClickKeyword.click(ClickKeyword.groovy:86)
	at com.kms.katalon.core.webui.keyword.builtin.ClickKeyword.execute(ClickKeyword.groovy:67)
	at com.kms.katalon.core.keyword.internal.KeywordExecutor.executeKeywordForPlatform(KeywordExecutor.groovy:56)
	at com.kms.katalon.core.webui.keyword.WebUiBuiltInKeywords.click(WebUiBuiltInKeywords.groovy:616)
	at com.kms.katalon.core.webui.keyword.WebUiBuiltInKeywords$click$3.call(Unknown Source)
	at Script1560248070231.run(Script1560248070231.groovy:351)
	... 13 more]]></system-out>
      <system-err><![CDATA[2019-07-29 18:04:19 - [TEST_SUITE][FAILED] - DashboardSuite: Test Cases/virtualShowRSVP/New Test Case_sushant FAILED.
Reason:
com.kms.katalon.core.exception.StepFailedException: Unable to click on object 'Object Repository/showMicrosite/button_join_the_show'
	at com.kms.katalon.core.webui.keyword.internal.WebUIKeywordMain.stepFailed(WebUIKeywordMain.groovy:64)
	at com.kms.katalon.core.webui.keyword.internal.WebUIKeywordMain.runKeyword(WebUIKeywordMain.groovy:26)
	at com.kms.katalon.core.webui.keyword.builtin.ClickKeyword.click(ClickKeyword.groovy:86)
	at com.kms.katalon.core.webui.keyword.builtin.ClickKeyword.execute(ClickKeyword.groovy:67)
	at com.kms.katalon.core.keyword.internal.KeywordExecutor.executeKeywordForPlatform(KeywordExecutor.groovy:56)
	at com.kms.katalon.core.webui.keyword.WebUiBuiltInKeywords.click(WebUiBuiltInKeywords.groovy:616)
	at com.kms.katalon.core.webui.keyword.WebUiBuiltInKeywords$click$3.call(Unknown Source)
	at New Test Case_sushant.run(New Test Case_sushant:351)
	at com.kms.katalon.core.main.ScriptEngine.run(ScriptEngine.java:194)
	at com.kms.katalon.core.main.ScriptEngine.runScriptAsRawText(ScriptEngine.java:119)
	at com.kms.katalon.core.main.TestCaseExecutor.runScript(TestCaseExecutor.java:342)
	at com.kms.katalon.core.main.TestCaseExecutor.doExecute(TestCaseExecutor.java:333)
	at com.kms.katalon.core.main.TestCaseExecutor.processExecutionPhase(TestCaseExecutor.java:312)
	at com.kms.katalon.core.main.TestCaseExecutor.accessMainPhase(TestCaseExecutor.java:304)
	at com.kms.katalon.core.main.TestCaseExecutor.execute(TestCaseExecutor.java:238)
	at com.kms.katalon.core.main.TestSuiteExecutor.accessTestCaseMainPhase(TestSuiteExecutor.java:129)
	at com.kms.katalon.core.main.TestSuiteExecutor.accessTestSuiteMainPhase(TestSuiteExecutor.java:112)
	at com.kms.katalon.core.main.TestSuiteExecutor.execute(TestSuiteExecutor.java:81)
	at com.kms.katalon.core.main.TestCaseMain.startTestSuite(TestCaseMain.java:157)
	at com.kms.katalon.core.main.TestCaseMain$startTestSuite$0.call(Unknown Source)
	at TempTestSuite1564403656210.run(TempTestSuite1564403656210.groovy:35)
Caused by: org.openqa.selenium.ElementClickInterceptedException: element click intercepted: Element <button _ngcontent-ttj-c10="" class="btn show-microsite-btn" type="button">...</button> is not clickable at point (673, 464). Other element would receive the click: <div _ngcontent-ttj-c33="" class="loader-fullscreen">...</div>
  (Session info: chrome=75.0.3770.142)
  (Driver info: chromedriver=74.0.3729.6 (255758eccf3d244491b8a1317aa76e1ce10d57e9-refs/branch-heads/3729@{#29}),platform=Windows NT 6.3.9600 x86_64) (WARNING: The server did not provide any stacktrace information)
Command duration or timeout: 0 milliseconds
Build info: version: '3.7.1', revision: '8a0099a', time: '2017-11-06T21:07:36.161Z'
System info: host: 'NIVEDITA', ip: '10.0.102.200', os.name: 'Windows 8.1', os.arch: 'amd64', os.version: '6.3', java.version: '1.8.0_181'
Driver info: com.kms.katalon.selenium.driver.CChromeDriver
Capabilities {acceptInsecureCerts: false, acceptSslCerts: false, applicationCacheEnabled: false, browserConnectionEnabled: false, browserName: chrome, chrome: {chromedriverVersion: 74.0.3729.6 (255758eccf3d24..., userDataDir: C:\Users\user\AppData\Local...}, cssSelectorsEnabled: true, databaseEnabled: false, goog:chromeOptions: {debuggerAddress: localhost:64822}, handlesAlerts: true, hasTouchScreen: false, javascriptEnabled: true, locationContextEnabled: true, mobileEmulationEnabled: false, nativeEvents: true, networkConnectionEnabled: false, pageLoadStrategy: normal, platform: XP, platformName: XP, proxy: Proxy(direct), rotatable: false, setWindowRect: true, strictFileInteractability: false, takesHeapSnapshot: true, takesScreenshot: true, timeouts: {implicit: 0, pageLoad: 300000, script: 30000}, unexpectedAlertBehaviour: ignore, unhandledPromptBehavior: ignore, version: 75.0.3770.142, webStorageEnabled: true}
Session ID: 702517078986833ed5322021e131ef4e
	at org.openqa.selenium.remote.ErrorHandler.createThrowable(ErrorHandler.java:214)
	at org.openqa.selenium.remote.ErrorHandler.throwIfResponseFailed(ErrorHandler.java:166)
	at org.openqa.selenium.remote.http.JsonHttpResponseCodec.reconstructValue(JsonHttpResponseCodec.java:40)
	at org.openqa.selenium.remote.http.AbstractHttpResponseCodec.decode(AbstractHttpResponseCodec.java:80)
	at org.openqa.selenium.remote.http.AbstractHttpResponseCodec.decode(AbstractHttpResponseCodec.java:44)
	at org.openqa.selenium.remote.HttpCommandExecutor.execute(HttpCommandExecutor.java:164)
	at org.openqa.selenium.remote.service.DriverCommandExecutor.execute(DriverCommandExecutor.java:83)
	at org.openqa.selenium.remote.RemoteWebDriver.execute(RemoteWebDriver.java:600)
	at com.kms.katalon.selenium.driver.CChromeDriver.execute(CChromeDriver.java:20)
	at org.openqa.selenium.remote.RemoteWebElement.execute(RemoteWebElement.java:279)
	at org.openqa.selenium.remote.RemoteWebElement.click(RemoteWebElement.java:83)
	at com.kms.katalon.core.webui.keyword.builtin.ClickKeyword$_click_closure1.doCall(ClickKeyword.groovy:79)
	at com.kms.katalon.core.webui.keyword.builtin.ClickKeyword$_click_closure1.call(ClickKeyword.groovy)
	at com.kms.katalon.core.webui.keyword.internal.WebUIKeywordMain.runKeyword(WebUIKeywordMain.groovy:20)
	at com.kms.katalon.core.webui.keyword.builtin.ClickKeyword.click(ClickKeyword.groovy:86)
	at com.kms.katalon.core.webui.keyword.builtin.ClickKeyword.execute(ClickKeyword.groovy:67)
	at com.kms.katalon.core.keyword.internal.KeywordExecutor.executeKeywordForPlatform(KeywordExecutor.groovy:56)
	at com.kms.katalon.core.webui.keyword.WebUiBuiltInKeywords.click(WebUiBuiltInKeywords.groovy:616)
	at com.kms.katalon.core.webui.keyword.WebUiBuiltInKeywords$click$3.call(Unknown Source)
	at Script1560248070231.run(Script1560248070231.groovy:351)
	... 13 more]]></system-err>
   </testsuite>
</testsuites>
