<?xml version="1.0" encoding="UTF-8"?>
<testsuites name="DTYSuite" time="802" tests="2" failures="0" errors="0">
   <testsuite name="DTYSuite" tests="2" failures="0" errors="0" time="802" timestamp="2019-09-19 19:37:16" hostname="user - 10.0.102.168" id="Test Suites/VirtualShowSuites/DTYSuite">
      <properties>
         <property name="deviceName" value=""/>
         <property name="devicePlatform" value=""/>
         <property name="logFolder" value="C:\\Users\\user\\Documents\\testautomation\\KatalonProjects\\Reports\\VirtualShowSuites\\DTYSuite\\20190919_193711"/>
         <property name="logFiles" value="C:\\Users\\user\\Documents\\testautomation\\KatalonProjects\\Reports\\VirtualShowSuites\\DTYSuite\\20190919_193711\\execution0.log"/>
         <property name="attachments" value=""/>
         <property name="hostName" value="user - 10.0.102.168"/>
         <property name="os" value="Windows 8.1 64bit"/>
         <property name="katalonVersion" value="6.1.1.1"/>
         <property name="browser" value="Chrome 76.0.3809.132"/>
         <property name="hostAddress" value="10.0.102.168"/>
         <property name="sessionId" value="70ed55d72669a975fcaf0b90c4dfaede"/>
         <property name="seleniumVersion" value="3.7.1"/>
         <property name="proxyInformation" value="ProxyInformation{proxyOption=NO_PROXY, proxyServerType=HTTP, password=, proxyServerAddress=, proxyServerPort=0}"/>
         <property name="platform" value="Windows 8.1"/>
      </properties>
      <testcase name="Test Cases/VirtualShow/BODTY/DTY" classname="Test Cases/VirtualShow/BODTY/DTY" status="PASSED">
         <system-out><![CDATA[2019-09-19 19:37:16 - [TEST_CASE][PASSED] - Test Cases/VirtualShow/BODTY/DTY: Test Cases/VirtualShow/BODTY/DTY

2019-09-19 19:37:17 - [TEST_STEP][PASSED] - Start listener action : sampleBeforeTestCase: null

2019-09-19 19:37:17 - [TEST_STEP][PASSED] - println(testCaseContext.getTestCaseId()): null

2019-09-19 19:37:17 - [TEST_STEP][PASSED] - println(testCaseContext.getTestCaseVariables()): null

2019-09-19 19:37:18 - [TEST_STEP][PASSED] - dataFile = "virtualShowData": null

2019-09-19 19:37:18 - [TEST_STEP][PASSED] - guest1 = findTestData(dataFile).getValue("guest1", 1): null

2019-09-19 19:37:20 - [TEST_STEP][PASSED] - guest2 = findTestData(dataFile).getValue("guest2", 1): null

2019-09-19 19:37:20 - [TEST_STEP][PASSED] - hostess = findTestData(dataFile).getValue("hostess", 1): null

2019-09-19 19:37:20 - [TEST_STEP][PASSED] - cohostess = findTestData(dataFile).getValue("cohostess", 1): null

2019-09-19 19:37:20 - [TEST_STEP][PASSED] - dfMM = new java.text.SimpleDateFormat(MM): null

2019-09-19 19:37:20 - [TEST_STEP][PASSED] - dfDD = new java.text.SimpleDateFormat(dd): null

2019-09-19 19:37:20 - [TEST_STEP][PASSED] - dfYYYY = new java.text.SimpleDateFormat(yyyy): null

2019-09-19 19:37:20 - [TEST_STEP][PASSED] - today = getInstance().getTime(): null

2019-09-19 19:37:20 - [TEST_STEP][PASSED] - c = Calendar.getInstance(): null

2019-09-19 19:37:20 - [TEST_STEP][PASSED] - c.setTime(today): null

2019-09-19 19:37:20 - [TEST_STEP][PASSED] - c.add(DATE, 2): null

2019-09-19 19:37:20 - [TEST_STEP][PASSED] - newShowDate = c.getTime(): null

2019-09-19 19:37:20 - [TEST_STEP][PASSED] - vsyear = dfYYYY.format(newShowDate): null

2019-09-19 19:37:20 - [TEST_STEP][PASSED] - vsmonth = dfMM.format(newShowDate): null

2019-09-19 19:37:20 - [TEST_STEP][PASSED] - vsday = dfDD.format(newShowDate): null

2019-09-19 19:37:20 - [TEST_STEP][PASSED] - println(UtilityMethods.concat("from DTY: ", vsday, " ", vsmonth, " ", vsyear)): null

2019-09-19 19:37:21 - [TEST_STEP][PASSED] - callTestCase(findTestCase("VirtualShow/createAPhysicalShow"), ["BOURL":"", "BOuser":"", "BOpass":"", "hostess":"", "cohostess":"", "vsday":vsday, "vsmonth":vsmonth, "vsyear":vsyear], STOP_ON_FAILURE): Call Test Case 'Test Cases/VirtualShow/createAPhysicalShow' successfully

2019-09-19 19:37:21 - [TEST_CASE][PASSED] - Test Cases/VirtualShow/createAPhysicalShow: Test Cases/VirtualShow/createAPhysicalShow

2019-09-19 19:37:22 - [TEST_STEP][PASSED] - dataFile = "virtualShowData": null

2019-09-19 19:37:22 - [TEST_STEP][PASSED] - stylist = findTestData(dataFile).getValue("stylist", 1): null

2019-09-19 19:37:22 - [TEST_STEP][PASSED] - hostess = findTestData(dataFile).getValue("hostess", 1): null

2019-09-19 19:37:22 - [TEST_STEP][PASSED] - cohostess = findTestData(dataFile).getValue("cohostess", 1): null

2019-09-19 19:37:22 - [TEST_STEP][PASSED] - guest1 = findTestData(dataFile).getValue("guest1", 1): null

2019-09-19 19:37:22 - [TEST_STEP][PASSED] - guest2 = findTestData(dataFile).getValue("guest2", 1): null

2019-09-19 19:37:22 - [TEST_STEP][PASSED] - verifyGuestCount = findTestData(dataFile).getValue("verifyGuestCount", 1): null

2019-09-19 19:37:22 - [TEST_STEP][PASSED] - RSTestEnvt = findTestData("envtData").getValue("RSTestEnvt", 1): null

2019-09-19 19:37:22 - [TEST_STEP][PASSED] - openBrowser(""): Browser is opened with url: ''

2019-09-19 19:37:23 - [MESSAGE][INFO] - Starting 'Chrome' driver

2019-09-19 19:37:23 - [MESSAGE][INFO] - User set preference: ['args', '[--use-fake-ui-for-media-stream, --start-maximized]']

2019-09-19 19:37:23 - [MESSAGE][INFO] - Action delay is set to 0 seconds

2019-09-19 19:37:26 - [MESSAGE][PASSED] - Browser is opened with url: ''

2019-09-19 19:37:26 - [TEST_STEP][PASSED] - callTestCase(findTestCase("TestCaseUtilities/backOfficeLogin"), ["BOURL":"", "BOuser":"", "BOpass":""], CONTINUE_ON_FAILURE): Call Test Case 'Test Cases/TestCaseUtilities/backOfficeLogin' successfully

2019-09-19 19:37:26 - [TEST_CASE][PASSED] - Test Cases/TestCaseUtilities/backOfficeLogin: Test Cases/TestCaseUtilities/backOfficeLogin

2019-09-19 19:37:26 - [TEST_STEP][PASSED] - BOURL = findTestData("envtData").getValue("BOURL", 1): null

2019-09-19 19:37:26 - [TEST_STEP][PASSED] - BOuser = findTestData("credData").getValue("BOuser", 1): null

2019-09-19 19:37:27 - [TEST_STEP][PASSED] - BOpass = findTestData("credData").getValue("BOpass", 1): null

2019-09-19 19:37:27 - [TEST_STEP][PASSED] - openBrowser(""): Browser is opened with url: ''

2019-09-19 19:37:27 - [MESSAGE][WARNING] - A browser is already opened. Closing browser and opening a new one

2019-09-19 19:37:28 - [MESSAGE][INFO] - Starting 'Chrome' driver

2019-09-19 19:37:28 - [MESSAGE][INFO] - User set preference: ['args', '[--use-fake-ui-for-media-stream, --start-maximized]']

2019-09-19 19:37:30 - [MESSAGE][PASSED] - Browser is opened with url: ''

2019-09-19 19:37:30 - [TEST_STEP][PASSED] - navigateToUrl(BOURL): Navigate to 'https://test21.cliotest.com/backoffice/control/main' successfully

2019-09-19 19:37:38 - [MESSAGE][PASSED] - Navigate to 'https://test21.cliotest.com/backoffice/control/main' successfully

2019-09-19 19:37:38 - [TEST_STEP][PASSED] - logOut = findWebElements(findTestObject("Object Repository/Page_cabi Home/log_out"), 1): Unable to find the element located by 'By.xpath: //a[contains(text(),'Log Out')]'. Please recheck the objects properties to make sure the desired element is located. 

2019-09-19 19:37:39 - [MESSAGE][INFO] - Unable to find the element located by 'By.xpath: //a[contains(text(),'Log Out')]'. Please recheck the objects properties to make sure the desired element is located. 

2019-09-19 19:37:39 - [TEST_STEP][PASSED] - if (logOut.size() == 0): Object: 'Object Repository/Page_cabi/input_Welcome to_consultantLogin' is clicked on

2019-09-19 19:37:39 - [TEST_STEP][PASSED] - setText(findTestObject("Page_cabi/input_Welcome to_USERNAME"), BOuser): Text '400000002' is set on object 'Object Repository/Page_cabi/input_Welcome to_USERNAME'

2019-09-19 19:37:39 - [MESSAGE][PASSED] - Text '400000002' is set on object 'Object Repository/Page_cabi/input_Welcome to_USERNAME'

2019-09-19 19:37:39 - [TEST_STEP][PASSED] - setText(findTestObject("Object Repository/Page_cabi/input_Welcome to_PASSWORD"), BOpass): Text 'blackdress19' is set on object 'Object Repository/Page_cabi/input_Welcome to_PASSWORD'

2019-09-19 19:37:39 - [MESSAGE][PASSED] - Text 'blackdress19' is set on object 'Object Repository/Page_cabi/input_Welcome to_PASSWORD'

2019-09-19 19:37:39 - [TEST_STEP][PASSED] - click(findTestObject("Object Repository/Page_cabi/input_Welcome to_consultantLogin")): Object: 'Object Repository/Page_cabi/input_Welcome to_consultantLogin' is clicked on

2019-09-19 19:37:47 - [MESSAGE][PASSED] - Object: 'Object Repository/Page_cabi/input_Welcome to_consultantLogin' is clicked on

2019-09-19 19:37:47 - [TEST_STEP][PASSED] - delay(3): Delayed 3 second(s)

2019-09-19 19:37:50 - [MESSAGE][PASSED] - Delayed 3 second(s)

2019-09-19 19:37:50 - [MESSAGE][PASSED] - Call Test Case 'Test Cases/TestCaseUtilities/backOfficeLogin' successfully

2019-09-19 19:37:50 - [TEST_STEP][PASSED] - verifyElementText(findTestObject("Object Repository/virualShowRSVPOR/Page_cabi/span_username"), stylist): Actual text and expected text of test object 'Object Repository/virualShowRSVPOR/Page_cabi/span_username' are matched.

2019-09-19 19:37:50 - [MESSAGE][PASSED] - Actual text and expected text of test object 'Object Repository/virualShowRSVPOR/Page_cabi/span_username' are matched.

2019-09-19 19:37:50 - [TEST_STEP][PASSED] - click(findTestObject("Object Repository/virualShowRSVPOR/Page_cabi Home/a_shows _orders")): Object: 'Object Repository/virualShowRSVPOR/Page_cabi Home/a_shows _orders' is clicked on

2019-09-19 19:37:51 - [MESSAGE][PASSED] - Object: 'Object Repository/virualShowRSVPOR/Page_cabi Home/a_shows _orders' is clicked on

2019-09-19 19:37:51 - [TEST_STEP][PASSED] - click(findTestObject("Object Repository/virualShowRSVPOR/Page_cabi Home/a_Create_A_Show")): Object: 'Object Repository/virualShowRSVPOR/Page_cabi Home/a_Create_A_Show' is clicked on

2019-09-19 19:37:54 - [MESSAGE][PASSED] - Object: 'Object Repository/virualShowRSVPOR/Page_cabi Home/a_Create_A_Show' is clicked on

2019-09-19 19:37:54 - [TEST_STEP][PASSED] - setText(findTestObject("Object Repository/virualShowRSVPOR/Page_cabi Create Show - Set Hostess/input_Hostess"), hostess): Text 'ahostess-test abc' is set on object 'Object Repository/virualShowRSVPOR/Page_cabi Create Show - Set Hostess/input_Hostess'

2019-09-19 19:37:54 - [MESSAGE][PASSED] - Text 'ahostess-test abc' is set on object 'Object Repository/virualShowRSVPOR/Page_cabi Create Show - Set Hostess/input_Hostess'

2019-09-19 19:37:54 - [TEST_STEP][PASSED] - delay(2): Delayed 2 second(s)

2019-09-19 19:37:56 - [MESSAGE][PASSED] - Delayed 2 second(s)

2019-09-19 19:37:56 - [TEST_STEP][PASSED] - sendKeys(findTestObject("Object Repository/virualShowRSVPOR/Page_cabi Create Show - Set Hostess/input_Hostess"), Keys.chord(ARROW_DOWN)): Keys 'DOWN + ' sent to object: 'Object Repository/virualShowRSVPOR/Page_cabi Create Show - Set Hostess/input_Hostess'

2019-09-19 19:37:56 - [MESSAGE][PASSED] - Keys 'DOWN + ' sent to object: 'Object Repository/virualShowRSVPOR/Page_cabi Create Show - Set Hostess/input_Hostess'

2019-09-19 19:37:56 - [TEST_STEP][PASSED] - sendKeys(findTestObject("Object Repository/virualShowRSVPOR/Page_cabi Create Show - Set Hostess/input_Hostess"), Keys.chord(ENTER)): Keys 'ENTER + ' sent to object: 'Object Repository/virualShowRSVPOR/Page_cabi Create Show - Set Hostess/input_Hostess'

2019-09-19 19:37:56 - [MESSAGE][PASSED] - Keys 'ENTER + ' sent to object: 'Object Repository/virualShowRSVPOR/Page_cabi Create Show - Set Hostess/input_Hostess'

2019-09-19 19:37:56 - [TEST_STEP][PASSED] - delay(2): Delayed 2 second(s)

2019-09-19 19:37:58 - [MESSAGE][PASSED] - Delayed 2 second(s)

2019-09-19 19:37:58 - [TEST_STEP][PASSED] - validateHostessAddressMsg = findWebElements(findTestObject("Object Repository/virualShowRSVPOR/Page_cabi Create Show - Set Hostess/validate_address_msg"), 5): null

2019-09-19 19:37:58 - [TEST_STEP][PASSED] - println(validateHostessAddressMsg.size()): null

2019-09-19 19:37:58 - [TEST_STEP][PASSED] - if (validateHostessAddressMsg.isEmpty()): null

2019-09-19 19:37:58 - [TEST_STEP][PASSED] - selectOptionByValue(findTestObject("Object Repository/virualShowRSVPOR/Page_cabi Create Show - Set Hostess/select_Choose_From_Contacts_Co-Hostess"), "3", true): All options with value '3' are selected in object 'Object Repository/virualShowRSVPOR/Page_cabi Create Show - Set Hostess/select_Choose_From_Contacts_Co-Hostess'  using regular expression

2019-09-19 19:37:59 - [MESSAGE][PASSED] - All options with value '3' are selected in object 'Object Repository/virualShowRSVPOR/Page_cabi Create Show - Set Hostess/select_Choose_From_Contacts_Co-Hostess'  using regular expression

2019-09-19 19:37:59 - [TEST_STEP][PASSED] - setText(findTestObject("Object Repository/virualShowRSVPOR/Page_cabi Create Show - Set Hostess/input_Cohostess"), cohostess): Text 'bcohost-test abc' is set on object 'Object Repository/virualShowRSVPOR/Page_cabi Create Show - Set Hostess/input_Cohostess'

2019-09-19 19:37:59 - [MESSAGE][PASSED] - Text 'bcohost-test abc' is set on object 'Object Repository/virualShowRSVPOR/Page_cabi Create Show - Set Hostess/input_Cohostess'

2019-09-19 19:37:59 - [TEST_STEP][PASSED] - delay(2): Delayed 2 second(s)

2019-09-19 19:38:01 - [MESSAGE][PASSED] - Delayed 2 second(s)

2019-09-19 19:38:01 - [TEST_STEP][PASSED] - sendKeys(findTestObject("Object Repository/virualShowRSVPOR/Page_cabi Create Show - Set Hostess/input_Cohostess"), Keys.chord(ARROW_DOWN)): Keys 'DOWN + ' sent to object: 'Object Repository/virualShowRSVPOR/Page_cabi Create Show - Set Hostess/input_Cohostess'

2019-09-19 19:38:01 - [MESSAGE][PASSED] - Keys 'DOWN + ' sent to object: 'Object Repository/virualShowRSVPOR/Page_cabi Create Show - Set Hostess/input_Cohostess'

2019-09-19 19:38:01 - [TEST_STEP][PASSED] - sendKeys(findTestObject("Object Repository/virualShowRSVPOR/Page_cabi Create Show - Set Hostess/input_Cohostess"), Keys.chord(ENTER)): Keys 'ENTER + ' sent to object: 'Object Repository/virualShowRSVPOR/Page_cabi Create Show - Set Hostess/input_Cohostess'

2019-09-19 19:38:01 - [MESSAGE][PASSED] - Keys 'ENTER + ' sent to object: 'Object Repository/virualShowRSVPOR/Page_cabi Create Show - Set Hostess/input_Cohostess'

2019-09-19 19:38:01 - [TEST_STEP][PASSED] - delay(3): Delayed 3 second(s)

2019-09-19 19:38:04 - [MESSAGE][PASSED] - Delayed 3 second(s)

2019-09-19 19:38:04 - [TEST_STEP][PASSED] - validateHostessAddressMsg = findWebElements(findTestObject("Object Repository/virualShowRSVPOR/Page_cabi Create Show - Set Hostess/validate_address_msg"), 5): null

2019-09-19 19:38:04 - [TEST_STEP][PASSED] - if (validateHostessAddressMsg.size() != 4): null

2019-09-19 19:38:04 - [TEST_STEP][PASSED] - click(findTestObject("Object Repository/virualShowRSVPOR/Page_cabi Create Show - Set Hostess/input_next")): Object: 'Object Repository/virualShowRSVPOR/Page_cabi Create Show - Set Hostess/input_next' is clicked on

2019-09-19 19:38:06 - [MESSAGE][PASSED] - Object: 'Object Repository/virualShowRSVPOR/Page_cabi Create Show - Set Hostess/input_next' is clicked on

2019-09-19 19:38:06 - [TEST_STEP][PASSED] - click(findTestObject("Object Repository/virualShowRSVPOR/Page_cabi Create Show - Time and Place/check_Physical_Show")): Object: 'Object Repository/virualShowRSVPOR/Page_cabi Create Show - Time and Place/check_Physical_Show' is clicked on

2019-09-19 19:38:07 - [MESSAGE][PASSED] - Object: 'Object Repository/virualShowRSVPOR/Page_cabi Create Show - Time and Place/check_Physical_Show' is clicked on

2019-09-19 19:38:07 - [TEST_STEP][PASSED] - click(findTestObject("Object Repository/virualShowRSVPOR/Page_cabi Create Show - Time and Place/input_Show_Date_Time")): Object: 'Object Repository/virualShowRSVPOR/Page_cabi Create Show - Time and Place/input_Show_Date_Time' is clicked on

2019-09-19 19:38:07 - [MESSAGE][PASSED] - Object: 'Object Repository/virualShowRSVPOR/Page_cabi Create Show - Time and Place/input_Show_Date_Time' is clicked on

2019-09-19 19:38:07 - [TEST_STEP][PASSED] - println(UtilityMethods.concat(" ", vsday, " ", vsmonth, " ", vsyear)): null

2019-09-19 19:38:07 - [TEST_STEP][PASSED] - year = vsyear: null

2019-09-19 19:38:07 - [TEST_STEP][PASSED] - month = vsmonth: null

2019-09-19 19:38:07 - [TEST_STEP][PASSED] - day = vsday: null

2019-09-19 19:38:07 - [TEST_STEP][PASSED] - pastdate = findTestData("virtualShowData").getValue("pastdate", 1): null

2019-09-19 19:38:07 - [TEST_STEP][PASSED] - xpath = UtilityMethods.concat("//td[@data-month='" + month - 1 + "' and @data-year='" + year + "']/a[contains(text(), '" + day + "')]"): null

2019-09-19 19:38:07 - [TEST_STEP][PASSED] - dateObj = new com.kms.katalon.core.testobject.TestObject(td_month_year_day): null

2019-09-19 19:38:07 - [TEST_STEP][PASSED] - dateObj.addProperty("xpath", EQUALS, xpath): null

2019-09-19 19:38:07 - [TEST_STEP][PASSED] - monthBound = 12: null

2019-09-19 19:38:07 - [TEST_STEP][PASSED] - dateObjList = findWebElements(dateObj, 5): null

2019-09-19 19:38:07 - [TEST_STEP][PASSED] - while (dateObjList.size() == 0 && monthBound > 0): null

2019-09-19 19:38:07 - [TEST_STEP][PASSED] - click(dateObj): Object: 'td_month_year_day' is clicked on

2019-09-19 19:38:07 - [MESSAGE][PASSED] - Object: 'td_month_year_day' is clicked on

2019-09-19 19:38:07 - [TEST_STEP][PASSED] - click(findTestObject("Object Repository/virualShowRSVPOR/Page_cabi Create Show - Time and Place/a_select_End_Time")): Object: 'Object Repository/virualShowRSVPOR/Page_cabi Create Show - Time and Place/a_select_End_Time' is clicked on

2019-09-19 19:38:07 - [MESSAGE][PASSED] - Object: 'Object Repository/virualShowRSVPOR/Page_cabi Create Show - Time and Place/a_select_End_Time' is clicked on

2019-09-19 19:38:07 - [TEST_STEP][PASSED] - delay(2): Delayed 2 second(s)

2019-09-19 19:38:09 - [MESSAGE][PASSED] - Delayed 2 second(s)

2019-09-19 19:38:09 - [TEST_STEP][PASSED] - click(findTestObject("virualShowRSVPOR/Page_cabi Create Show - Time and Place/check_show_address_same_as_hostess")): Object: 'Object Repository/virualShowRSVPOR/Page_cabi Create Show - Time and Place/check_show_address_same_as_hostess' is clicked on

2019-09-19 19:38:10 - [MESSAGE][PASSED] - Object: 'Object Repository/virualShowRSVPOR/Page_cabi Create Show - Time and Place/check_show_address_same_as_hostess' is clicked on

2019-09-19 19:38:10 - [TEST_STEP][PASSED] - delay(2): Delayed 2 second(s)

2019-09-19 19:38:12 - [MESSAGE][PASSED] - Delayed 2 second(s)

2019-09-19 19:38:12 - [TEST_STEP][PASSED] - click(findTestObject("Object Repository/virualShowRSVPOR/Page_cabi Create Show - Time and Place/check_shipping_address_same_as_location")): Object: 'Object Repository/virualShowRSVPOR/Page_cabi Create Show - Time and Place/check_shipping_address_same_as_location' is clicked on

2019-09-19 19:38:12 - [MESSAGE][PASSED] - Object: 'Object Repository/virualShowRSVPOR/Page_cabi Create Show - Time and Place/check_shipping_address_same_as_location' is clicked on

2019-09-19 19:38:12 - [TEST_STEP][PASSED] - delay(2): Delayed 2 second(s)

2019-09-19 19:38:14 - [MESSAGE][PASSED] - Delayed 2 second(s)

2019-09-19 19:38:14 - [TEST_STEP][PASSED] - click(findTestObject("Object Repository/virualShowRSVPOR/Page_cabi Create Show - Time and Place/input_next")): Object: 'Object Repository/virualShowRSVPOR/Page_cabi Create Show - Time and Place/input_next' is clicked on

2019-09-19 19:38:14 - [MESSAGE][PASSED] - Object: 'Object Repository/virualShowRSVPOR/Page_cabi Create Show - Time and Place/input_next' is clicked on

2019-09-19 19:38:14 - [TEST_STEP][PASSED] - delay(5): Delayed 5 second(s)

2019-09-19 19:38:19 - [MESSAGE][PASSED] - Delayed 5 second(s)

2019-09-19 19:38:19 - [TEST_STEP][PASSED] - click(findTestObject("Object Repository/virualShowRSVPOR/Page_cabi Create Show - Invite Hostess/input_Skip_Invite")): Object: 'Object Repository/virualShowRSVPOR/Page_cabi Create Show - Invite Hostess/input_Skip_Invite' is clicked on

2019-09-19 19:38:22 - [MESSAGE][PASSED] - Object: 'Object Repository/virualShowRSVPOR/Page_cabi Create Show - Invite Hostess/input_Skip_Invite' is clicked on

2019-09-19 19:38:22 - [TEST_STEP][PASSED] - setText(findTestObject("Object Repository/virualShowRSVPOR/Page_cabi Edit Show - Add Guests/contact_search_box"), guest1): Text 'guest1-test abc' is set on object 'Object Repository/virualShowRSVPOR/Page_cabi Edit Show - Add Guests/contact_search_box'

2019-09-19 19:38:23 - [MESSAGE][PASSED] - Text 'guest1-test abc' is set on object 'Object Repository/virualShowRSVPOR/Page_cabi Edit Show - Add Guests/contact_search_box'

2019-09-19 19:38:23 - [TEST_STEP][PASSED] - delay(2): Delayed 2 second(s)

2019-09-19 19:38:25 - [MESSAGE][PASSED] - Delayed 2 second(s)

2019-09-19 19:38:25 - [TEST_STEP][PASSED] - sendKeys(findTestObject("Object Repository/virualShowRSVPOR/Page_cabi Edit Show - Add Guests/contact_search_box"), Keys.chord(ARROW_DOWN)): Keys 'DOWN + ' sent to object: 'Object Repository/virualShowRSVPOR/Page_cabi Edit Show - Add Guests/contact_search_box'

2019-09-19 19:38:25 - [MESSAGE][PASSED] - Keys 'DOWN + ' sent to object: 'Object Repository/virualShowRSVPOR/Page_cabi Edit Show - Add Guests/contact_search_box'

2019-09-19 19:38:25 - [TEST_STEP][PASSED] - sendKeys(findTestObject("Object Repository/virualShowRSVPOR/Page_cabi Edit Show - Add Guests/contact_search_box"), Keys.chord(ENTER)): Keys 'ENTER + ' sent to object: 'Object Repository/virualShowRSVPOR/Page_cabi Edit Show - Add Guests/contact_search_box'

2019-09-19 19:38:25 - [MESSAGE][PASSED] - Keys 'ENTER + ' sent to object: 'Object Repository/virualShowRSVPOR/Page_cabi Edit Show - Add Guests/contact_search_box'

2019-09-19 19:38:25 - [TEST_STEP][PASSED] - delay(2): Delayed 2 second(s)

2019-09-19 19:38:27 - [MESSAGE][PASSED] - Delayed 2 second(s)

2019-09-19 19:38:27 - [TEST_STEP][PASSED] - click(findTestObject("Object Repository/virualShowRSVPOR/Page_cabi Edit Show - Add Guests/a_add_guest")): Object: 'Object Repository/virualShowRSVPOR/Page_cabi Edit Show - Add Guests/a_add_guest' is clicked on

2019-09-19 19:38:27 - [MESSAGE][PASSED] - Object: 'Object Repository/virualShowRSVPOR/Page_cabi Edit Show - Add Guests/a_add_guest' is clicked on

2019-09-19 19:38:27 - [TEST_STEP][PASSED] - delay(5): Delayed 5 second(s)

2019-09-19 19:38:32 - [MESSAGE][PASSED] - Delayed 5 second(s)

2019-09-19 19:38:32 - [TEST_STEP][PASSED] - setText(findTestObject("Object Repository/virualShowRSVPOR/Page_cabi Edit Show - Add Guests/contact_search_box"), guest2): Text 'guest2-test abc' is set on object 'Object Repository/virualShowRSVPOR/Page_cabi Edit Show - Add Guests/contact_search_box'

2019-09-19 19:38:33 - [MESSAGE][PASSED] - Text 'guest2-test abc' is set on object 'Object Repository/virualShowRSVPOR/Page_cabi Edit Show - Add Guests/contact_search_box'

2019-09-19 19:38:33 - [TEST_STEP][PASSED] - delay(2): Delayed 2 second(s)

2019-09-19 19:38:35 - [MESSAGE][PASSED] - Delayed 2 second(s)

2019-09-19 19:38:35 - [TEST_STEP][PASSED] - sendKeys(findTestObject("Object Repository/virualShowRSVPOR/Page_cabi Edit Show - Add Guests/contact_search_box"), Keys.chord(ARROW_DOWN)): Keys 'DOWN + ' sent to object: 'Object Repository/virualShowRSVPOR/Page_cabi Edit Show - Add Guests/contact_search_box'

2019-09-19 19:38:35 - [MESSAGE][PASSED] - Keys 'DOWN + ' sent to object: 'Object Repository/virualShowRSVPOR/Page_cabi Edit Show - Add Guests/contact_search_box'

2019-09-19 19:38:35 - [TEST_STEP][PASSED] - sendKeys(findTestObject("Object Repository/virualShowRSVPOR/Page_cabi Edit Show - Add Guests/contact_search_box"), Keys.chord(ENTER)): Keys 'ENTER + ' sent to object: 'Object Repository/virualShowRSVPOR/Page_cabi Edit Show - Add Guests/contact_search_box'

2019-09-19 19:38:35 - [MESSAGE][PASSED] - Keys 'ENTER + ' sent to object: 'Object Repository/virualShowRSVPOR/Page_cabi Edit Show - Add Guests/contact_search_box'

2019-09-19 19:38:35 - [TEST_STEP][PASSED] - delay(2): Delayed 2 second(s)

2019-09-19 19:38:37 - [MESSAGE][PASSED] - Delayed 2 second(s)

2019-09-19 19:38:37 - [TEST_STEP][PASSED] - click(findTestObject("Object Repository/virualShowRSVPOR/Page_cabi Edit Show - Add Guests/a_add_guest")): Object: 'Object Repository/virualShowRSVPOR/Page_cabi Edit Show - Add Guests/a_add_guest' is clicked on

2019-09-19 19:38:37 - [MESSAGE][PASSED] - Object: 'Object Repository/virualShowRSVPOR/Page_cabi Edit Show - Add Guests/a_add_guest' is clicked on

2019-09-19 19:38:37 - [TEST_STEP][PASSED] - delay(2): Delayed 2 second(s)

2019-09-19 19:38:39 - [MESSAGE][PASSED] - Delayed 2 second(s)

2019-09-19 19:38:39 - [TEST_STEP][PASSED] - verifyHostess = UtilityMethods.splitPersonName(hostess): null

2019-09-19 19:38:39 - [TEST_STEP][PASSED] - verifyCohostess = UtilityMethods.splitPersonName(cohostess): null

2019-09-19 19:38:39 - [TEST_STEP][PASSED] - verifyGuest1 = UtilityMethods.splitPersonName(guest1): null

2019-09-19 19:38:39 - [TEST_STEP][PASSED] - verifyGuest2 = UtilityMethods.splitPersonName(guest2): null

2019-09-19 19:38:39 - [TEST_STEP][PASSED] - verifyElementText(findTestObject("Object Repository/virualShowRSVPOR/Page_cabi Edit Show - Add Guests/span_hostess_name"), UtilityMethods.concat(verifyHostess[1], ", ", verifyHostess[0])): Actual text and expected text of test object 'Object Repository/virualShowRSVPOR/Page_cabi Edit Show - Add Guests/span_hostess_name' are matched.

2019-09-19 19:38:39 - [MESSAGE][PASSED] - Actual text and expected text of test object 'Object Repository/virualShowRSVPOR/Page_cabi Edit Show - Add Guests/span_hostess_name' are matched.

2019-09-19 19:38:39 - [TEST_STEP][PASSED] - verifyElementText(findTestObject("Object Repository/virualShowRSVPOR/Page_cabi Edit Show - Add Guests/span_cohostess_name"), UtilityMethods.concat(verifyCohostess[1], ", ", verifyCohostess[0])): Actual text and expected text of test object 'Object Repository/virualShowRSVPOR/Page_cabi Edit Show - Add Guests/span_cohostess_name' are matched.

2019-09-19 19:38:40 - [MESSAGE][PASSED] - Actual text and expected text of test object 'Object Repository/virualShowRSVPOR/Page_cabi Edit Show - Add Guests/span_cohostess_name' are matched.

2019-09-19 19:38:40 - [TEST_STEP][PASSED] - listElement = findWebElements(findTestObject("Object Repository/virualShowRSVPOR/Page_cabi Edit Show - Add Guests/span_guest_name_list"), 5): null

2019-09-19 19:38:40 - [TEST_STEP][PASSED] - guestCount = Integer.parseInt(verifyGuestCount): null

2019-09-19 19:38:40 - [TEST_STEP][PASSED] - assert listElement.size() == guestCount: null

2019-09-19 19:38:40 - [TEST_STEP][PASSED] - flag = false: null

2019-09-19 19:38:40 - [TEST_STEP][PASSED] - for ([i = 0, i < guestCount, (i++)]): null

2019-09-19 19:38:40 - [TEST_STEP][PASSED] - flag = false: null

2019-09-19 19:38:40 - [TEST_STEP][PASSED] - if (getText().equals(UtilityMethods.concat(verifyGuest1[1], ", ", verifyGuest1[0]))): null

2019-09-19 19:38:40 - [TEST_STEP][PASSED] - flag = true: null

2019-09-19 19:38:40 - [TEST_STEP][PASSED] - if (getText().equals(UtilityMethods.concat(verifyGuest2[1], ", ", verifyGuest2[0]))): null

2019-09-19 19:38:40 - [TEST_STEP][PASSED] - flag = false: null

2019-09-19 19:38:40 - [TEST_STEP][PASSED] - if (getText().equals(UtilityMethods.concat(verifyGuest1[1], ", ", verifyGuest1[0]))): null

2019-09-19 19:38:40 - [TEST_STEP][PASSED] - if (getText().equals(UtilityMethods.concat(verifyGuest2[1], ", ", verifyGuest2[0]))): null

2019-09-19 19:38:40 - [TEST_STEP][PASSED] - flag = true: null

2019-09-19 19:38:40 - [TEST_STEP][PASSED] - assert flag == true: null

2019-09-19 19:38:40 - [TEST_STEP][PASSED] - click(findTestObject("Object Repository/virualShowRSVPOR/Page_cabi Edit Show - Add Guests/input_Next")): Object: 'Object Repository/virualShowRSVPOR/Page_cabi Edit Show - Add Guests/input_Next' is clicked on

2019-09-19 19:38:43 - [MESSAGE][PASSED] - Object: 'Object Repository/virualShowRSVPOR/Page_cabi Edit Show - Add Guests/input_Next' is clicked on

2019-09-19 19:38:43 - [TEST_STEP][PASSED] - delay(3): Delayed 3 second(s)

2019-09-19 19:38:46 - [MESSAGE][PASSED] - Delayed 3 second(s)

2019-09-19 19:38:46 - [TEST_STEP][PASSED] - click(findTestObject("Object Repository/virualShowRSVPOR/Page_cabi Edit Show - Send Invitations/input_Overview")): Object: 'Object Repository/virualShowRSVPOR/Page_cabi Edit Show - Send Invitations/input_Overview' is clicked on

2019-09-19 19:38:48 - [MESSAGE][PASSED] - Object: 'Object Repository/virualShowRSVPOR/Page_cabi Edit Show - Send Invitations/input_Overview' is clicked on

2019-09-19 19:38:48 - [TEST_STEP][PASSED] - showID = getText(findTestObject("Object Repository/virualShowRSVPOR/Page_cabi Orders/li_Show_ID_Text")): Text of object 'Object Repository/virualShowRSVPOR/Page_cabi Orders/li_Show_ID_Text' is: 'Show #: 104739745'

2019-09-19 19:38:48 - [MESSAGE][PASSED] - Text of object 'Object Repository/virualShowRSVPOR/Page_cabi Orders/li_Show_ID_Text' is: 'Show #: 104739745'

2019-09-19 19:38:48 - [TEST_STEP][PASSED] - delay(2): Delayed 2 second(s)

2019-09-19 19:38:50 - [MESSAGE][PASSED] - Delayed 2 second(s)

2019-09-19 19:38:50 - [TEST_STEP][PASSED] - driver = getWebDriver(): null

2019-09-19 19:38:50 - [TEST_STEP][PASSED] - executor = driver: null

2019-09-19 19:38:50 - [TEST_STEP][PASSED] - executor.executeScript("arguments[0].click();", findWebElement(findTestObject("Object Repository/virualShowRSVPOR/Page_cabi Orders/a_My Profile"), 5)): null

2019-09-19 19:38:52 - [TEST_STEP][PASSED] - rsName = getText(findTestObject("Object Repository/virualShowRSVPOR/Page_cabi My Profile/span_rsName")): Text of object 'Object Repository/virualShowRSVPOR/Page_cabi My Profile/span_rsName' is: 'MirandaKate'

2019-09-19 19:38:52 - [MESSAGE][PASSED] - Text of object 'Object Repository/virualShowRSVPOR/Page_cabi My Profile/span_rsName' is: 'MirandaKate'

2019-09-19 19:38:52 - [TEST_STEP][PASSED] - micrositeURL = UtilityMethods.createURL(rsName, RSTestEnvt, showID): null

2019-09-19 19:38:53 - [TEST_STEP][PASSED] - println(micrositeURL): null

2019-09-19 19:38:53 - [TEST_STEP][PASSED] - back(): Navigate back successfully

2019-09-19 19:38:54 - [MESSAGE][PASSED] - Navigate back successfully

2019-09-19 19:38:54 - [MESSAGE][PASSED] - Call Test Case 'Test Cases/VirtualShow/createAPhysicalShow' successfully

2019-09-19 19:38:54 - [TEST_STEP][PASSED] - click(findTestObject("Object Repository/virualShowRSVPOR/Page_cabi Edit Show - Send Invitations/a_orders")): Object: 'Object Repository/virualShowRSVPOR/Page_cabi Edit Show - Send Invitations/a_orders' is clicked on

2019-09-19 19:38:55 - [MESSAGE][PASSED] - Object: 'Object Repository/virualShowRSVPOR/Page_cabi Edit Show - Send Invitations/a_orders' is clicked on

2019-09-19 19:38:55 - [TEST_STEP][PASSED] - g1Vars = UtilityMethods.splitPersonName(guest1): null

2019-09-19 19:38:55 - [TEST_STEP][PASSED] - g1Var = UtilityMethods.concat(g1Vars[1], ", ", g1Vars[0]): null

2019-09-19 19:38:55 - [TEST_STEP][PASSED] - buttonPlaceOrder = UtilityMethods.createTestObject("buttoPlaceOrder", "//table[@class='show-order-table']/tbody/tr/td/span[contains(text(), '", g1Var, "')]/parent::td/following-sibling::td[1]/button"): null

2019-09-19 19:38:55 - [TEST_STEP][PASSED] - click(buttonPlaceOrder): Object: 'buttoPlaceOrder' is clicked on

2019-09-19 19:38:58 - [MESSAGE][PASSED] - Object: 'buttoPlaceOrder' is clicked on

2019-09-19 19:38:58 - [TEST_STEP][PASSED] - delay(3): Delayed 3 second(s)

2019-09-19 19:39:01 - [MESSAGE][PASSED] - Delayed 3 second(s)

2019-09-19 19:39:01 - [TEST_STEP][PASSED] - DTYMsg = "Hooray! This order is eligible for "Direct to You" shipping.": null

2019-09-19 19:39:01 - [TEST_STEP][PASSED] - println(getText(findTestObject("Object Repository/virualShowRSVPOR/DTY/label_DtyEligibility"))): Text of object 'Object Repository/virualShowRSVPOR/DTY/label_DtyEligibility' is: 'Hooray! This order is eligible for "Direct to You" shipping.'

2019-09-19 19:39:01 - [MESSAGE][PASSED] - Text of object 'Object Repository/virualShowRSVPOR/DTY/label_DtyEligibility' is: 'Hooray! This order is eligible for "Direct to You" shipping.'

2019-09-19 19:39:01 - [TEST_STEP][PASSED] - verifyElementText(findTestObject("Object Repository/virualShowRSVPOR/DTY/label_DtyEligibility"), DTYMsg, CONTINUE_ON_FAILURE): Actual text and expected text of test object 'Object Repository/virualShowRSVPOR/DTY/label_DtyEligibility' are matched.

2019-09-19 19:39:01 - [MESSAGE][PASSED] - Actual text and expected text of test object 'Object Repository/virualShowRSVPOR/DTY/label_DtyEligibility' are matched.

2019-09-19 19:39:01 - [TEST_STEP][PASSED] - check(findTestObject("Object Repository/Page_cabi Home/a_same_shipping_address")): Object 'Object Repository/Page_cabi Home/a_same_shipping_address' is checked

2019-09-19 19:39:01 - [MESSAGE][PASSED] - Object 'Object Repository/Page_cabi Home/a_same_shipping_address' is checked

2019-09-19 19:39:01 - [TEST_STEP][PASSED] - delay(3): Delayed 3 second(s)

2019-09-19 19:39:04 - [MESSAGE][PASSED] - Delayed 3 second(s)

2019-09-19 19:39:04 - [TEST_STEP][PASSED] - driver = getWebDriver(): null

2019-09-19 19:39:04 - [TEST_STEP][PASSED] - executor = driver: null

2019-09-19 19:39:04 - [TEST_STEP][PASSED] - executor.executeScript("arguments[0].click();", findWebElement(findTestObject("Object Repository/Page_cabi Home/a_order_items"), 5)): null

2019-09-19 19:39:04 - [TEST_STEP][PASSED] - click(findTestObject("Object Repository/Page_cabi Retail Store/span_quick_entry")): Object: 'Object Repository/Page_cabi Retail Store/span_quick_entry' is clicked on

2019-09-19 19:39:08 - [MESSAGE][PASSED] - Object: 'Object Repository/Page_cabi Retail Store/span_quick_entry' is clicked on

2019-09-19 19:39:08 - [TEST_STEP][PASSED] - delay(3): Delayed 3 second(s)

2019-09-19 19:39:11 - [MESSAGE][PASSED] - Delayed 3 second(s)

2019-09-19 19:39:11 - [TEST_STEP][PASSED] - emptyCart = findWebElements(findTestObject("Object Repository/Page_cabi Personal Store/removeFromCart"), 5): Unable to find the element located by 'By.xpath: //*[@id="removeFromCart_0"]/span'. Please recheck the objects properties to make sure the desired element is located. 

2019-09-19 19:39:16 - [MESSAGE][INFO] - Unable to find the element located by 'By.xpath: //*[@id="removeFromCart_0"]/span'. Please recheck the objects properties to make sure the desired element is located. 

2019-09-19 19:39:16 - [TEST_STEP][PASSED] - if (emptyCart.size() > 0): null

2019-09-19 19:39:16 - [TEST_STEP][PASSED] - addOnStyle = findTestData("miscData").getValue("addOnStyle", 1): null

2019-09-19 19:39:16 - [TEST_STEP][PASSED] - addOnStyle2 = findTestData("miscData").getValue("addOnStyle", 2): null

2019-09-19 19:39:16 - [TEST_STEP][PASSED] - setText(findTestObject("Object Repository/Page_cabi Create Order/input_Manual Discount_stylelookup_0"), addOnStyle): Text '3701' is set on object 'Object Repository/Page_cabi Create Order/input_Manual Discount_stylelookup_0'

2019-09-19 19:39:17 - [MESSAGE][PASSED] - Text '3701' is set on object 'Object Repository/Page_cabi Create Order/input_Manual Discount_stylelookup_0'

2019-09-19 19:39:17 - [TEST_STEP][PASSED] - delay(2): Delayed 2 second(s)

2019-09-19 19:39:19 - [MESSAGE][PASSED] - Delayed 2 second(s)

2019-09-19 19:39:19 - [TEST_STEP][PASSED] - sendKeys(findTestObject("Object Repository/Page_cabi Create Order/input_Manual Discount_stylelookup_0"), Keys.chord(ARROW_DOWN)): Keys 'DOWN + ' sent to object: 'Object Repository/Page_cabi Create Order/input_Manual Discount_stylelookup_0'

2019-09-19 19:39:19 - [MESSAGE][PASSED] - Keys 'DOWN + ' sent to object: 'Object Repository/Page_cabi Create Order/input_Manual Discount_stylelookup_0'

2019-09-19 19:39:19 - [TEST_STEP][PASSED] - delay(2): Delayed 2 second(s)

2019-09-19 19:39:21 - [MESSAGE][PASSED] - Delayed 2 second(s)

2019-09-19 19:39:21 - [TEST_STEP][PASSED] - sendKeys(findTestObject("Object Repository/Page_cabi Create Order/input_Manual Discount_stylelookup_0"), Keys.chord(ARROW_DOWN)): Keys 'DOWN + ' sent to object: 'Object Repository/Page_cabi Create Order/input_Manual Discount_stylelookup_0'

2019-09-19 19:39:21 - [MESSAGE][PASSED] - Keys 'DOWN + ' sent to object: 'Object Repository/Page_cabi Create Order/input_Manual Discount_stylelookup_0'

2019-09-19 19:39:21 - [TEST_STEP][PASSED] - sendKeys(findTestObject("Object Repository/Page_cabi Create Order/input_Manual Discount_stylelookup_0"), Keys.chord(ENTER)): Keys 'ENTER + ' sent to object: 'Object Repository/Page_cabi Create Order/input_Manual Discount_stylelookup_0'

2019-09-19 19:39:21 - [MESSAGE][PASSED] - Keys 'ENTER + ' sent to object: 'Object Repository/Page_cabi Create Order/input_Manual Discount_stylelookup_0'

2019-09-19 19:39:21 - [TEST_STEP][PASSED] - delay(5): Delayed 5 second(s)

2019-09-19 19:39:26 - [MESSAGE][PASSED] - Delayed 5 second(s)

2019-09-19 19:39:26 - [TEST_STEP][PASSED] - click(findTestObject("Object Repository/Page_cabi Order Items/selectSize")): Object: 'Object Repository/Page_cabi Order Items/selectSize' is clicked on

2019-09-19 19:39:26 - [MESSAGE][PASSED] - Object: 'Object Repository/Page_cabi Order Items/selectSize' is clicked on

2019-09-19 19:39:26 - [TEST_STEP][PASSED] - delay(3): Delayed 3 second(s)

2019-09-19 19:39:29 - [MESSAGE][PASSED] - Delayed 3 second(s)

2019-09-19 19:39:29 - [TEST_STEP][PASSED] - click(findTestObject("Object Repository/Page_cabi Order Items/span_Add to Cart")): Object: 'Object Repository/Page_cabi Order Items/span_Add to Cart' is clicked on

2019-09-19 19:39:29 - [MESSAGE][PASSED] - Object: 'Object Repository/Page_cabi Order Items/span_Add to Cart' is clicked on

2019-09-19 19:39:29 - [TEST_STEP][PASSED] - delay(5): Delayed 5 second(s)

2019-09-19 19:39:34 - [MESSAGE][PASSED] - Delayed 5 second(s)

2019-09-19 19:39:34 - [TEST_STEP][PASSED] - click(findTestObject("Object Repository/Page_cabi Order Items/a_next")): Object: 'Object Repository/Page_cabi Order Items/a_next' is clicked on

2019-09-19 19:39:34 - [MESSAGE][PASSED] - Object: 'Object Repository/Page_cabi Order Items/a_next' is clicked on

2019-09-19 19:39:34 - [TEST_STEP][PASSED] - delay(3): Delayed 3 second(s)

2019-09-19 19:39:37 - [MESSAGE][PASSED] - Delayed 3 second(s)

2019-09-19 19:39:37 - [TEST_STEP][PASSED] - verifyElementText(findTestObject("Object Repository/Page_cabi Shipping/label_DTYMsg1"), "This order is eligible for "Direct to You" shipping.", CONTINUE_ON_FAILURE): Actual text and expected text of test object 'Object Repository/Page_cabi Shipping/label_DTYMsg1' are matched.

2019-09-19 19:39:37 - [MESSAGE][PASSED] - Actual text and expected text of test object 'Object Repository/Page_cabi Shipping/label_DTYMsg1' are matched.

2019-09-19 19:39:37 - [TEST_STEP][PASSED] - delay(1): Delayed 1 second(s)

2019-09-19 19:39:38 - [MESSAGE][PASSED] - Delayed 1 second(s)

2019-09-19 19:39:38 - [TEST_STEP][PASSED] - verifyElementText(findTestObject("Object Repository/Page_cabi Shipping/label_DTYMsg2"), ""Direct to You" order must be paid by credit card or cabi Gift Card.", CONTINUE_ON_FAILURE): Actual text and expected text of test object 'Object Repository/Page_cabi Shipping/label_DTYMsg2' are matched.

2019-09-19 19:39:38 - [MESSAGE][PASSED] - Actual text and expected text of test object 'Object Repository/Page_cabi Shipping/label_DTYMsg2' are matched.

2019-09-19 19:39:38 - [TEST_STEP][PASSED] - delay(1): Delayed 1 second(s)

2019-09-19 19:39:39 - [MESSAGE][PASSED] - Delayed 1 second(s)

2019-09-19 19:39:39 - [TEST_STEP][PASSED] - verifyElementText(findTestObject("Object Repository/Page_cabi Shipping/label_DTYMsg3"), ""Direct to You" order can start being placed 2 days before the show date.", CONTINUE_ON_FAILURE): Actual text and expected text of test object 'Object Repository/Page_cabi Shipping/label_DTYMsg3' are matched.

2019-09-19 19:39:39 - [MESSAGE][PASSED] - Actual text and expected text of test object 'Object Repository/Page_cabi Shipping/label_DTYMsg3' are matched.

2019-09-19 19:39:39 - [TEST_STEP][PASSED] - delay(1): Delayed 1 second(s)

2019-09-19 19:39:40 - [MESSAGE][PASSED] - Delayed 1 second(s)

2019-09-19 19:39:40 - [TEST_STEP][PASSED] - verifyElementNotHasAttribute(findTestObject("Object Repository/Page_cabi Shipping/select_ship_to_show_loc"), "disabled", 20, CONTINUE_ON_FAILURE): Object 'Object Repository/Page_cabi Shipping/select_ship_to_show_loc' does not have attribute 'disabled'

2019-09-19 19:39:41 - [MESSAGE][PASSED] - Object 'Object Repository/Page_cabi Shipping/select_ship_to_show_loc' does not have attribute 'disabled'

2019-09-19 19:39:41 - [TEST_STEP][PASSED] - println(findWebElement(findTestObject("Object Repository/Page_cabi Shipping/select_ship_to_show_loc"), 5).getAttribute("disabled")): null

2019-09-19 19:39:41 - [TEST_STEP][PASSED] - executor.executeScript("arguments[0].click();", findWebElement(findTestObject("Object Repository/Page_cabi Shipping/check_as_dty_order"), 5)): null

2019-09-19 19:39:41 - [TEST_STEP][PASSED] - delay(5): Delayed 5 second(s)

2019-09-19 19:39:46 - [MESSAGE][PASSED] - Delayed 5 second(s)

2019-09-19 19:39:46 - [TEST_STEP][PASSED] - verifyElementAttributeValue(findTestObject("Object Repository/Page_cabi Shipping/select_ship_to_show_loc"), "disabled", "true", 20): Object 'Object Repository/Page_cabi Shipping/select_ship_to_show_loc' has attribute 'disabled' with value 'true'

2019-09-19 19:39:47 - [MESSAGE][PASSED] - Object 'Object Repository/Page_cabi Shipping/select_ship_to_show_loc' has attribute 'disabled' with value 'true'

2019-09-19 19:39:47 - [TEST_STEP][PASSED] - println(findWebElement(findTestObject("Object Repository/Page_cabi Shipping/select_ship_to_show_loc"), 5).getAttribute("disabled")): null

2019-09-19 19:39:47 - [TEST_STEP][PASSED] - verifyElementAttributeValue(findTestObject("Object Repository/Page_cabi Shipping/select_ship_to_show_loc_label"), "style", "color: rgb(211, 211, 211);", 20): Object 'Object Repository/Page_cabi Shipping/select_ship_to_show_loc_label' has attribute 'style' with value 'color: rgb(211, 211, 211);'

2019-09-19 19:39:47 - [MESSAGE][PASSED] - Object 'Object Repository/Page_cabi Shipping/select_ship_to_show_loc_label' has attribute 'style' with value 'color: rgb(211, 211, 211);'

2019-09-19 19:39:47 - [TEST_STEP][PASSED] - delay(1): Delayed 1 second(s)

2019-09-19 19:39:48 - [MESSAGE][PASSED] - Delayed 1 second(s)

2019-09-19 19:39:48 - [TEST_STEP][PASSED] - executor.executeScript("arguments[0].click();", findWebElement(findTestObject("Object Repository/Page_cabi Shipping/check_as_dty_order"), 5)): null

2019-09-19 19:39:50 - [TEST_STEP][PASSED] - delay(5): Delayed 5 second(s)

2019-09-19 19:39:55 - [MESSAGE][PASSED] - Delayed 5 second(s)

2019-09-19 19:39:55 - [TEST_STEP][PASSED] - click(findTestObject("Object Repository/Page_cabi Shipping/a_show_order_checkout_next")): Object: 'Object Repository/Page_cabi Shipping/a_show_order_checkout_next' is clicked on

2019-09-19 19:39:55 - [MESSAGE][PASSED] - Object: 'Object Repository/Page_cabi Shipping/a_show_order_checkout_next' is clicked on

2019-09-19 19:39:55 - [TEST_STEP][PASSED] - delay(1): Delayed 1 second(s)

2019-09-19 19:39:56 - [MESSAGE][PASSED] - Delayed 1 second(s)

2019-09-19 19:39:56 - [TEST_STEP][PASSED] - println(getText(findTestObject("Object Repository/Page_cabi Shipping/div_DTY-warning_popup"))): Text of object 'Object Repository/Page_cabi Shipping/div_DTY-warning_popup' is: 'This order is eligible for "Direct to You" shipping.
Do you want to change this order to "Direct to You" and ship immediately?'

2019-09-19 19:39:57 - [MESSAGE][PASSED] - Text of object 'Object Repository/Page_cabi Shipping/div_DTY-warning_popup' is: 'This order is eligible for "Direct to You" shipping.
Do you want to change this order to "Direct to You" and ship immediately?'

2019-09-19 19:39:57 - [TEST_STEP][PASSED] - verifyElementText(findTestObject("Object Repository/Page_cabi Shipping/div_DTY-warning_popup"), "This order is eligible for "Direct to You" shipping.
Do you want to change this order to "Direct to You" and ship immediately?"): Actual text and expected text of test object 'Object Repository/Page_cabi Shipping/div_DTY-warning_popup' are matched.

2019-09-19 19:39:57 - [MESSAGE][PASSED] - Actual text and expected text of test object 'Object Repository/Page_cabi Shipping/div_DTY-warning_popup' are matched.

2019-09-19 19:39:57 - [TEST_STEP][PASSED] - delay(1): Delayed 1 second(s)

2019-09-19 19:39:58 - [MESSAGE][PASSED] - Delayed 1 second(s)

2019-09-19 19:39:58 - [TEST_STEP][PASSED] - click(findTestObject("Object Repository/Page_cabi Shipping/button_DTY_warning_popup_ship_DTY")): Object: 'Object Repository/Page_cabi Shipping/button_DTY_warning_popup_ship_DTY' is clicked on

2019-09-19 19:39:58 - [MESSAGE][PASSED] - Object: 'Object Repository/Page_cabi Shipping/button_DTY_warning_popup_ship_DTY' is clicked on

2019-09-19 19:39:58 - [TEST_STEP][PASSED] - delay(1): Delayed 1 second(s)

2019-09-19 19:39:59 - [MESSAGE][PASSED] - Delayed 1 second(s)

2019-09-19 19:39:59 - [TEST_STEP][PASSED] - click(findTestObject("Object Repository/Page_cabi Shipping/a_make_first_payment")): Object: 'Object Repository/Page_cabi Shipping/a_make_first_payment' is clicked on

2019-09-19 19:40:00 - [MESSAGE][PASSED] - Object: 'Object Repository/Page_cabi Shipping/a_make_first_payment' is clicked on

2019-09-19 19:40:00 - [TEST_STEP][PASSED] - delay(3): Delayed 3 second(s)

2019-09-19 19:40:03 - [MESSAGE][PASSED] - Delayed 3 second(s)

2019-09-19 19:40:03 - [TEST_STEP][PASSED] - paymentOptions = findWebElements(findTestObject("Page_cabi Shipping/select_payment_options"), 20): null

2019-09-19 19:40:03 - [TEST_STEP][PASSED] - get(0).getAttribute(addOnStyle): null

2019-09-19 19:40:03 - [TEST_STEP][PASSED] - validPayOption = true: null

2019-09-19 19:40:03 - [TEST_STEP][PASSED] - for (org.openqa.selenium.WebElement we : paymentOptions): null

2019-09-19 19:40:03 - [TEST_STEP][PASSED] - option = we.getText(): null

2019-09-19 19:40:03 - [TEST_STEP][PASSED] - if (!(option.matches(".*[^\d]\d{4}$") || option.equalsIgnoreCase("Gift Card") || option.equalsIgnoreCase("Add New Credit Card"))): null

2019-09-19 19:40:03 - [TEST_STEP][PASSED] - option = we.getText(): null

2019-09-19 19:40:03 - [TEST_STEP][PASSED] - if (!(option.matches(".*[^\d]\d{4}$") || option.equalsIgnoreCase("Gift Card") || option.equalsIgnoreCase("Add New Credit Card"))): null

2019-09-19 19:40:03 - [TEST_STEP][PASSED] - option = we.getText(): null

2019-09-19 19:40:03 - [TEST_STEP][PASSED] - if (!(option.matches(".*[^\d]\d{4}$") || option.equalsIgnoreCase("Gift Card") || option.equalsIgnoreCase("Add New Credit Card"))): null

2019-09-19 19:40:03 - [TEST_STEP][PASSED] - option = we.getText(): null

2019-09-19 19:40:03 - [TEST_STEP][PASSED] - if (!(option.matches(".*[^\d]\d{4}$") || option.equalsIgnoreCase("Gift Card") || option.equalsIgnoreCase("Add New Credit Card"))): null

2019-09-19 19:40:03 - [TEST_STEP][PASSED] - option = we.getText(): null

2019-09-19 19:40:03 - [TEST_STEP][PASSED] - if (!(option.matches(".*[^\d]\d{4}$") || option.equalsIgnoreCase("Gift Card") || option.equalsIgnoreCase("Add New Credit Card"))): null

2019-09-19 19:40:03 - [TEST_STEP][PASSED] - option = we.getText(): null

2019-09-19 19:40:03 - [TEST_STEP][PASSED] - if (!(option.matches(".*[^\d]\d{4}$") || option.equalsIgnoreCase("Gift Card") || option.equalsIgnoreCase("Add New Credit Card"))): null

2019-09-19 19:40:03 - [TEST_STEP][PASSED] - option = we.getText(): null

2019-09-19 19:40:03 - [TEST_STEP][PASSED] - if (!(option.matches(".*[^\d]\d{4}$") || option.equalsIgnoreCase("Gift Card") || option.equalsIgnoreCase("Add New Credit Card"))): null

2019-09-19 19:40:04 - [TEST_STEP][PASSED] - option = we.getText(): null

2019-09-19 19:40:04 - [TEST_STEP][PASSED] - if (!(option.matches(".*[^\d]\d{4}$") || option.equalsIgnoreCase("Gift Card") || option.equalsIgnoreCase("Add New Credit Card"))): null

2019-09-19 19:40:04 - [TEST_STEP][PASSED] - option = we.getText(): null

2019-09-19 19:40:04 - [TEST_STEP][PASSED] - if (!(option.matches(".*[^\d]\d{4}$") || option.equalsIgnoreCase("Gift Card") || option.equalsIgnoreCase("Add New Credit Card"))): null

2019-09-19 19:40:04 - [TEST_STEP][PASSED] - option = we.getText(): null

2019-09-19 19:40:04 - [TEST_STEP][PASSED] - if (!(option.matches(".*[^\d]\d{4}$") || option.equalsIgnoreCase("Gift Card") || option.equalsIgnoreCase("Add New Credit Card"))): null

2019-09-19 19:40:04 - [TEST_STEP][PASSED] - option = we.getText(): null

2019-09-19 19:40:04 - [TEST_STEP][PASSED] - if (!(option.matches(".*[^\d]\d{4}$") || option.equalsIgnoreCase("Gift Card") || option.equalsIgnoreCase("Add New Credit Card"))): null

2019-09-19 19:40:04 - [TEST_STEP][PASSED] - sa = new org.testng.asserts.SoftAssert(): null

2019-09-19 19:40:04 - [TEST_STEP][PASSED] - sa.assertTrue(validPayOption): null

2019-09-19 19:40:04 - [TEST_STEP][PASSED] - verifyElementText(findTestObject("Object Repository/Page_cabi Shipping/li_DTY_payment_info"), ""Direct to You" orders require payment via credit card or cabi Gift Card.", CONTINUE_ON_FAILURE): Actual text and expected text of test object 'Object Repository/Page_cabi Shipping/li_DTY_payment_info' are matched.

2019-09-19 19:40:04 - [MESSAGE][PASSED] - Actual text and expected text of test object 'Object Repository/Page_cabi Shipping/li_DTY_payment_info' are matched.

2019-09-19 19:40:04 - [TEST_STEP][PASSED] - delay(3): Delayed 3 second(s)

2019-09-19 19:40:07 - [MESSAGE][PASSED] - Delayed 3 second(s)

2019-09-19 19:40:07 - [TEST_STEP][PASSED] - callTestCase(findTestCase("TestCaseUtilities/showOrderPaeymentCC"), [:], STOP_ON_FAILURE): Call Test Case 'Test Cases/TestCaseUtilities/showOrderPaeymentCC' successfully

2019-09-19 19:40:07 - [TEST_CASE][PASSED] - Test Cases/TestCaseUtilities/showOrderPaeymentCC: Test Cases/TestCaseUtilities/showOrderPaeymentCC

2019-09-19 19:40:07 - [TEST_STEP][PASSED] - driver = getWebDriver(): null

2019-09-19 19:40:07 - [TEST_STEP][PASSED] - executor = driver: null

2019-09-19 19:40:07 - [TEST_STEP][PASSED] - click(findTestObject("Object Repository/Page_cabi Shipping/select_payment_options_select")): Object: 'Object Repository/Page_cabi Shipping/select_payment_options_select' is clicked on

2019-09-19 19:40:07 - [MESSAGE][PASSED] - Object: 'Object Repository/Page_cabi Shipping/select_payment_options_select' is clicked on

2019-09-19 19:40:07 - [TEST_STEP][PASSED] - click(findTestObject("Object Repository/Page_cabi Shipping/select_payment_options_new_cc")): Object: 'Object Repository/Page_cabi Shipping/select_payment_options_new_cc' is clicked on

2019-09-19 19:40:07 - [MESSAGE][PASSED] - Object: 'Object Repository/Page_cabi Shipping/select_payment_options_new_cc' is clicked on

2019-09-19 19:40:07 - [TEST_STEP][PASSED] - delay(3): Delayed 3 second(s)

2019-09-19 19:40:10 - [MESSAGE][PASSED] - Delayed 3 second(s)

2019-09-19 19:40:10 - [TEST_STEP][PASSED] - executor.executeScript("arguments[0].click();", findWebElement(findTestObject("Object Repository/Page_cabi Shipping/select_payment_visa"), 10)): null

2019-09-19 19:40:10 - [TEST_STEP][PASSED] - setText(findTestObject("Object Repository/Page_cabi Shipping/select_payment_fname"), "abcd"): Text 'abcd' is set on object 'Object Repository/Page_cabi Shipping/select_payment_fname'

2019-09-19 19:40:10 - [MESSAGE][PASSED] - Text 'abcd' is set on object 'Object Repository/Page_cabi Shipping/select_payment_fname'

2019-09-19 19:40:10 - [TEST_STEP][PASSED] - setText(findTestObject("Object Repository/Page_cabi Shipping/select_payment_lname"), "fghi"): Text 'fghi' is set on object 'Object Repository/Page_cabi Shipping/select_payment_lname'

2019-09-19 19:40:11 - [MESSAGE][PASSED] - Text 'fghi' is set on object 'Object Repository/Page_cabi Shipping/select_payment_lname'

2019-09-19 19:40:11 - [TEST_STEP][PASSED] - setText(findTestObject("Object Repository/Page_cabi Shipping/select_payment_card_number"), "4111111111111111"): Text '4111111111111111' is set on object 'Object Repository/Page_cabi Shipping/select_payment_card_number'

2019-09-19 19:40:11 - [MESSAGE][PASSED] - Text '4111111111111111' is set on object 'Object Repository/Page_cabi Shipping/select_payment_card_number'

2019-09-19 19:40:11 - [TEST_STEP][PASSED] - click(findTestObject("Object Repository/Page_cabi Shipping/select_payment_exp_date_month")): Object: 'Object Repository/Page_cabi Shipping/select_payment_exp_date_month' is clicked on

2019-09-19 19:40:11 - [MESSAGE][PASSED] - Object: 'Object Repository/Page_cabi Shipping/select_payment_exp_date_month' is clicked on

2019-09-19 19:40:11 - [TEST_STEP][PASSED] - click(findTestObject("Object Repository/Page_cabi Shipping/select_payment_exp_date_year")): Object: 'Object Repository/Page_cabi Shipping/select_payment_exp_date_year' is clicked on

2019-09-19 19:40:11 - [MESSAGE][PASSED] - Object: 'Object Repository/Page_cabi Shipping/select_payment_exp_date_year' is clicked on

2019-09-19 19:40:11 - [TEST_STEP][PASSED] - executor.executeScript("arguments[0].click();", findWebElement(findTestObject("Object Repository/Page_cabi Shipping/input_select_billing_add_same_as_mailing_add"), 10)): null

2019-09-19 19:40:11 - [TEST_STEP][PASSED] - delay(3): Delayed 3 second(s)

2019-09-19 19:40:14 - [MESSAGE][PASSED] - Delayed 3 second(s)

2019-09-19 19:40:14 - [TEST_STEP][PASSED] - executor.executeScript("arguments[0].click();", findWebElement(findTestObject("Object Repository/Page_cabi Shipping/a_save_shipping_info"), 10)): null

2019-09-19 19:40:17 - [TEST_STEP][PASSED] - delay(2): Delayed 2 second(s)

2019-09-19 19:40:19 - [MESSAGE][PASSED] - Delayed 2 second(s)

2019-09-19 19:40:19 - [TEST_STEP][PASSED] - executor.executeScript("arguments[0].click();", findWebElement(findTestObject("Object Repository/Page_cabi Shipping/a_review_order"), 10)): null

2019-09-19 19:40:19 - [TEST_STEP][PASSED] - delay(2): Delayed 2 second(s)

2019-09-19 19:40:21 - [MESSAGE][PASSED] - Delayed 2 second(s)

2019-09-19 19:40:21 - [MESSAGE][PASSED] - Call Test Case 'Test Cases/TestCaseUtilities/showOrderPaeymentCC' successfully

2019-09-19 19:40:21 - [TEST_STEP][PASSED] - executor.executeScript("arguments[0].click();", findWebElement(findTestObject("Object Repository/Page_cabi Shipping/a_submit_order"), 10)): null

2019-09-19 19:40:22 - [TEST_STEP][PASSED] - click(findTestObject("Object Repository/Page_cabi Shipping/a_order_view")): Object: 'Object Repository/Page_cabi Shipping/a_order_view' is clicked on

2019-09-19 19:40:24 - [MESSAGE][PASSED] - Object: 'Object Repository/Page_cabi Shipping/a_order_view' is clicked on

2019-09-19 19:40:24 - [TEST_STEP][PASSED] - actualOrderStatus = getText(findTestObject("Object Repository/Page_cabi Shipping/span_order_status")): Text of object 'Object Repository/Page_cabi Shipping/span_order_status' is: 'ORDER STATUS : PENDING SHIPMENT 
ORDER # SH708243629  '

2019-09-19 19:40:24 - [MESSAGE][PASSED] - Text of object 'Object Repository/Page_cabi Shipping/span_order_status' is: 'ORDER STATUS : PENDING SHIPMENT 
ORDER # SH708243629  '

2019-09-19 19:40:24 - [TEST_STEP][PASSED] - expectedOrderStatus = "PENDING SHIPMENT": null

2019-09-19 19:40:24 - [TEST_STEP][PASSED] - sa.assertTrue(actualOrderStatus.contains(expectedOrderStatus)): null

2019-09-19 19:40:24 - [TEST_STEP][PASSED] - println(actualOrderStatus): null

2019-09-19 19:40:24 - [TEST_STEP][PASSED] - click(findTestObject("Object Repository/Page_cabi Shipping/a_back_to_orders")): Object: 'Object Repository/Page_cabi Shipping/a_back_to_orders' is clicked on

2019-09-19 19:40:26 - [MESSAGE][PASSED] - Object: 'Object Repository/Page_cabi Shipping/a_back_to_orders' is clicked on

2019-09-19 19:40:26 - [TEST_STEP][PASSED] - delay(2): Delayed 2 second(s)

2019-09-19 19:40:28 - [MESSAGE][PASSED] - Delayed 2 second(s)

2019-09-19 19:40:28 - [TEST_STEP][PASSED] - g2Vars = UtilityMethods.splitPersonName(guest2): null

2019-09-19 19:40:28 - [TEST_STEP][PASSED] - g2Var = UtilityMethods.concat(g2Vars[1], ", ", g2Vars[0]): null

2019-09-19 19:40:28 - [TEST_STEP][PASSED] - buttonPlaceOrder = UtilityMethods.createTestObject("buttoPlaceOrder", "//table[@class='show-order-table']/tbody/tr/td/span[contains(text(), '", g2Var, "')]/parent::td/following-sibling::td[1]/button"): null

2019-09-19 19:40:28 - [TEST_STEP][PASSED] - click(buttonPlaceOrder): Object: 'buttoPlaceOrder' is clicked on

2019-09-19 19:40:30 - [MESSAGE][PASSED] - Object: 'buttoPlaceOrder' is clicked on

2019-09-19 19:40:30 - [TEST_STEP][PASSED] - delay(3): Delayed 3 second(s)

2019-09-19 19:40:33 - [MESSAGE][PASSED] - Delayed 3 second(s)

2019-09-19 19:40:33 - [TEST_STEP][PASSED] - DTYMsg = "Hooray! This order is eligible for "Direct to You" shipping.": null

2019-09-19 19:40:33 - [TEST_STEP][PASSED] - println(getText(findTestObject("Object Repository/virualShowRSVPOR/DTY/label_DtyEligibility"))): Text of object 'Object Repository/virualShowRSVPOR/DTY/label_DtyEligibility' is: 'Hooray! This order is eligible for "Direct to You" shipping.'

2019-09-19 19:40:33 - [MESSAGE][PASSED] - Text of object 'Object Repository/virualShowRSVPOR/DTY/label_DtyEligibility' is: 'Hooray! This order is eligible for "Direct to You" shipping.'

2019-09-19 19:40:33 - [TEST_STEP][PASSED] - verifyElementText(findTestObject("Object Repository/virualShowRSVPOR/DTY/label_DtyEligibility"), DTYMsg, CONTINUE_ON_FAILURE): Actual text and expected text of test object 'Object Repository/virualShowRSVPOR/DTY/label_DtyEligibility' are matched.

2019-09-19 19:40:33 - [MESSAGE][PASSED] - Actual text and expected text of test object 'Object Repository/virualShowRSVPOR/DTY/label_DtyEligibility' are matched.

2019-09-19 19:40:33 - [TEST_STEP][PASSED] - check(findTestObject("Object Repository/Page_cabi Home/a_same_shipping_address")): Object 'Object Repository/Page_cabi Home/a_same_shipping_address' is checked

2019-09-19 19:40:33 - [MESSAGE][PASSED] - Object 'Object Repository/Page_cabi Home/a_same_shipping_address' is checked

2019-09-19 19:40:33 - [TEST_STEP][PASSED] - delay(3): Delayed 3 second(s)

2019-09-19 19:40:36 - [MESSAGE][PASSED] - Delayed 3 second(s)

2019-09-19 19:40:36 - [TEST_STEP][PASSED] - driver = getWebDriver(): null

2019-09-19 19:40:36 - [TEST_STEP][PASSED] - executor = driver: null

2019-09-19 19:40:36 - [TEST_STEP][PASSED] - executor.executeScript("arguments[0].click();", findWebElement(findTestObject("Object Repository/Page_cabi Home/a_order_items"), 5)): null

2019-09-19 19:40:36 - [TEST_STEP][PASSED] - click(findTestObject("Object Repository/Page_cabi Retail Store/span_quick_entry")): Object: 'Object Repository/Page_cabi Retail Store/span_quick_entry' is clicked on

2019-09-19 19:40:40 - [MESSAGE][PASSED] - Object: 'Object Repository/Page_cabi Retail Store/span_quick_entry' is clicked on

2019-09-19 19:40:40 - [TEST_STEP][PASSED] - delay(3): Delayed 3 second(s)

2019-09-19 19:40:43 - [MESSAGE][PASSED] - Delayed 3 second(s)

2019-09-19 19:40:43 - [TEST_STEP][PASSED] - emptyCart = findWebElements(findTestObject("Object Repository/Page_cabi Personal Store/removeFromCart"), 5): Unable to find the element located by 'By.xpath: //*[@id="removeFromCart_0"]/span'. Please recheck the objects properties to make sure the desired element is located. 

2019-09-19 19:40:48 - [MESSAGE][INFO] - Unable to find the element located by 'By.xpath: //*[@id="removeFromCart_0"]/span'. Please recheck the objects properties to make sure the desired element is located. 

2019-09-19 19:40:48 - [TEST_STEP][PASSED] - if (emptyCart.size() > 0): null

2019-09-19 19:40:48 - [TEST_STEP][PASSED] - addOnStyle = findTestData("miscData").getValue("addOnStyle", 1): null

2019-09-19 19:40:48 - [TEST_STEP][PASSED] - setText(findTestObject("Object Repository/Page_cabi Create Order/input_Manual Discount_stylelookup_0"), addOnStyle): Text '3701' is set on object 'Object Repository/Page_cabi Create Order/input_Manual Discount_stylelookup_0'

2019-09-19 19:40:48 - [MESSAGE][PASSED] - Text '3701' is set on object 'Object Repository/Page_cabi Create Order/input_Manual Discount_stylelookup_0'

2019-09-19 19:40:48 - [TEST_STEP][PASSED] - delay(2): Delayed 2 second(s)

2019-09-19 19:40:50 - [MESSAGE][PASSED] - Delayed 2 second(s)

2019-09-19 19:40:50 - [TEST_STEP][PASSED] - sendKeys(findTestObject("Object Repository/Page_cabi Create Order/input_Manual Discount_stylelookup_0"), Keys.chord(ARROW_DOWN)): Keys 'DOWN + ' sent to object: 'Object Repository/Page_cabi Create Order/input_Manual Discount_stylelookup_0'

2019-09-19 19:40:50 - [MESSAGE][PASSED] - Keys 'DOWN + ' sent to object: 'Object Repository/Page_cabi Create Order/input_Manual Discount_stylelookup_0'

2019-09-19 19:40:50 - [TEST_STEP][PASSED] - delay(2): Delayed 2 second(s)

2019-09-19 19:40:52 - [MESSAGE][PASSED] - Delayed 2 second(s)

2019-09-19 19:40:52 - [TEST_STEP][PASSED] - sendKeys(findTestObject("Object Repository/Page_cabi Create Order/input_Manual Discount_stylelookup_0"), Keys.chord(ARROW_DOWN)): Keys 'DOWN + ' sent to object: 'Object Repository/Page_cabi Create Order/input_Manual Discount_stylelookup_0'

2019-09-19 19:40:52 - [MESSAGE][PASSED] - Keys 'DOWN + ' sent to object: 'Object Repository/Page_cabi Create Order/input_Manual Discount_stylelookup_0'

2019-09-19 19:40:52 - [TEST_STEP][PASSED] - sendKeys(findTestObject("Object Repository/Page_cabi Create Order/input_Manual Discount_stylelookup_0"), Keys.chord(ENTER)): Keys 'ENTER + ' sent to object: 'Object Repository/Page_cabi Create Order/input_Manual Discount_stylelookup_0'

2019-09-19 19:40:52 - [MESSAGE][PASSED] - Keys 'ENTER + ' sent to object: 'Object Repository/Page_cabi Create Order/input_Manual Discount_stylelookup_0'

2019-09-19 19:40:52 - [TEST_STEP][PASSED] - delay(5): Delayed 5 second(s)

2019-09-19 19:40:57 - [MESSAGE][PASSED] - Delayed 5 second(s)

2019-09-19 19:40:57 - [TEST_STEP][PASSED] - click(findTestObject("Object Repository/Page_cabi Order Items/selectSize")): Object: 'Object Repository/Page_cabi Order Items/selectSize' is clicked on

2019-09-19 19:40:57 - [MESSAGE][PASSED] - Object: 'Object Repository/Page_cabi Order Items/selectSize' is clicked on

2019-09-19 19:40:57 - [TEST_STEP][PASSED] - delay(3): Delayed 3 second(s)

2019-09-19 19:41:00 - [MESSAGE][PASSED] - Delayed 3 second(s)

2019-09-19 19:41:00 - [TEST_STEP][PASSED] - click(findTestObject("Object Repository/Page_cabi Order Items/span_Add to Cart")): Object: 'Object Repository/Page_cabi Order Items/span_Add to Cart' is clicked on

2019-09-19 19:41:00 - [MESSAGE][PASSED] - Object: 'Object Repository/Page_cabi Order Items/span_Add to Cart' is clicked on

2019-09-19 19:41:00 - [TEST_STEP][PASSED] - delay(5): Delayed 5 second(s)

2019-09-19 19:41:05 - [MESSAGE][PASSED] - Delayed 5 second(s)

2019-09-19 19:41:05 - [TEST_STEP][PASSED] - click(findTestObject("Object Repository/Page_cabi Order Items/a_next")): Object: 'Object Repository/Page_cabi Order Items/a_next' is clicked on

2019-09-19 19:41:06 - [MESSAGE][PASSED] - Object: 'Object Repository/Page_cabi Order Items/a_next' is clicked on

2019-09-19 19:41:06 - [TEST_STEP][PASSED] - delay(3): Delayed 3 second(s)

2019-09-19 19:41:09 - [MESSAGE][PASSED] - Delayed 3 second(s)

2019-09-19 19:41:09 - [TEST_STEP][PASSED] - verifyElementText(findTestObject("Object Repository/Page_cabi Shipping/label_DTYMsg1"), "This order is eligible for "Direct to You" shipping.", CONTINUE_ON_FAILURE): Actual text and expected text of test object 'Object Repository/Page_cabi Shipping/label_DTYMsg1' are matched.

2019-09-19 19:41:09 - [MESSAGE][PASSED] - Actual text and expected text of test object 'Object Repository/Page_cabi Shipping/label_DTYMsg1' are matched.

2019-09-19 19:41:09 - [TEST_STEP][PASSED] - delay(1): Delayed 1 second(s)

2019-09-19 19:41:10 - [MESSAGE][PASSED] - Delayed 1 second(s)

2019-09-19 19:41:10 - [TEST_STEP][PASSED] - verifyElementText(findTestObject("Object Repository/Page_cabi Shipping/label_DTYMsg2"), ""Direct to You" order must be paid by credit card or cabi Gift Card.", CONTINUE_ON_FAILURE): Actual text and expected text of test object 'Object Repository/Page_cabi Shipping/label_DTYMsg2' are matched.

2019-09-19 19:41:10 - [MESSAGE][PASSED] - Actual text and expected text of test object 'Object Repository/Page_cabi Shipping/label_DTYMsg2' are matched.

2019-09-19 19:41:10 - [TEST_STEP][PASSED] - delay(1): Delayed 1 second(s)

2019-09-19 19:41:11 - [MESSAGE][PASSED] - Delayed 1 second(s)

2019-09-19 19:41:11 - [TEST_STEP][PASSED] - verifyElementText(findTestObject("Object Repository/Page_cabi Shipping/label_DTYMsg3"), ""Direct to You" order can start being placed 2 days before the show date.", CONTINUE_ON_FAILURE): Actual text and expected text of test object 'Object Repository/Page_cabi Shipping/label_DTYMsg3' are matched.

2019-09-19 19:41:11 - [MESSAGE][PASSED] - Actual text and expected text of test object 'Object Repository/Page_cabi Shipping/label_DTYMsg3' are matched.

2019-09-19 19:41:11 - [TEST_STEP][PASSED] - delay(1): Delayed 1 second(s)

2019-09-19 19:41:12 - [MESSAGE][PASSED] - Delayed 1 second(s)

2019-09-19 19:41:12 - [TEST_STEP][PASSED] - verifyElementNotHasAttribute(findTestObject("Object Repository/Page_cabi Shipping/select_ship_to_show_loc"), "disabled", 20, CONTINUE_ON_FAILURE): Object 'Object Repository/Page_cabi Shipping/select_ship_to_show_loc' does not have attribute 'disabled'

2019-09-19 19:41:12 - [MESSAGE][PASSED] - Object 'Object Repository/Page_cabi Shipping/select_ship_to_show_loc' does not have attribute 'disabled'

2019-09-19 19:41:12 - [TEST_STEP][PASSED] - click(findTestObject("Object Repository/Page_cabi Shipping/select_ship_to_guest_add")): Object: 'Object Repository/Page_cabi Shipping/select_ship_to_guest_add' is clicked on

2019-09-19 19:41:12 - [MESSAGE][PASSED] - Object: 'Object Repository/Page_cabi Shipping/select_ship_to_guest_add' is clicked on

2019-09-19 19:41:12 - [TEST_STEP][PASSED] - delay(5): Delayed 5 second(s)

2019-09-19 19:41:17 - [MESSAGE][PASSED] - Delayed 5 second(s)

2019-09-19 19:41:17 - [TEST_STEP][PASSED] - click(findTestObject("Object Repository/Page_cabi Shipping/a_show_order_checkout_next")): Object: 'Object Repository/Page_cabi Shipping/a_show_order_checkout_next' is clicked on

2019-09-19 19:41:17 - [MESSAGE][PASSED] - Object: 'Object Repository/Page_cabi Shipping/a_show_order_checkout_next' is clicked on

2019-09-19 19:41:17 - [TEST_STEP][PASSED] - delay(1): Delayed 1 second(s)

2019-09-19 19:41:18 - [MESSAGE][PASSED] - Delayed 1 second(s)

2019-09-19 19:41:18 - [TEST_STEP][PASSED] - println(getText(findTestObject("Object Repository/Page_cabi Shipping/div_DTY-warning_popup"))): Text of object 'Object Repository/Page_cabi Shipping/div_DTY-warning_popup' is: 'This order is eligible for "Direct to You" shipping.
Do you want to change this order to "Direct to You" and ship immediately?'

2019-09-19 19:41:18 - [MESSAGE][PASSED] - Text of object 'Object Repository/Page_cabi Shipping/div_DTY-warning_popup' is: 'This order is eligible for "Direct to You" shipping.
Do you want to change this order to "Direct to You" and ship immediately?'

2019-09-19 19:41:18 - [TEST_STEP][PASSED] - verifyElementText(findTestObject("Object Repository/Page_cabi Shipping/div_DTY-warning_popup"), "This order is eligible for "Direct to You" shipping.
Do you want to change this order to "Direct to You" and ship immediately?"): Actual text and expected text of test object 'Object Repository/Page_cabi Shipping/div_DTY-warning_popup' are matched.

2019-09-19 19:41:18 - [MESSAGE][PASSED] - Actual text and expected text of test object 'Object Repository/Page_cabi Shipping/div_DTY-warning_popup' are matched.

2019-09-19 19:41:18 - [TEST_STEP][PASSED] - delay(1): Delayed 1 second(s)

2019-09-19 19:41:19 - [MESSAGE][PASSED] - Delayed 1 second(s)

2019-09-19 19:41:19 - [TEST_STEP][PASSED] - click(findTestObject("Object Repository/Page_cabi Shipping/button_DTY_warning_popup_no_ship_DTY")): Object: 'Object Repository/Page_cabi Shipping/button_DTY_warning_popup_no_ship_DTY' is clicked on

2019-09-19 19:41:19 - [MESSAGE][PASSED] - Object: 'Object Repository/Page_cabi Shipping/button_DTY_warning_popup_no_ship_DTY' is clicked on

2019-09-19 19:41:19 - [TEST_STEP][PASSED] - delay(1): Delayed 1 second(s)

2019-09-19 19:41:20 - [MESSAGE][PASSED] - Delayed 1 second(s)

2019-09-19 19:41:20 - [TEST_STEP][PASSED] - click(findTestObject("Object Repository/Page_cabi Shipping/a_make_first_payment")): Object: 'Object Repository/Page_cabi Shipping/a_make_first_payment' is clicked on

2019-09-19 19:41:21 - [MESSAGE][PASSED] - Object: 'Object Repository/Page_cabi Shipping/a_make_first_payment' is clicked on

2019-09-19 19:41:21 - [TEST_STEP][PASSED] - delay(3): Delayed 3 second(s)

2019-09-19 19:41:24 - [MESSAGE][PASSED] - Delayed 3 second(s)

2019-09-19 19:41:24 - [TEST_STEP][PASSED] - DTYMsgs = findWebElements(findTestObject("Object Repository/Page_cabi Shipping/li_DTY_payment_info"), 5): null

2019-09-19 19:41:24 - [TEST_STEP][PASSED] - if (DTYMsgs.size() > 0): null

2019-09-19 19:41:24 - [TEST_STEP][PASSED] - sa.assertTrue(false): null

2019-09-19 19:41:24 - [TEST_STEP][PASSED] - click(findTestObject("Object Repository/Page_cabi Shipping/select_payment_options_select")): Object: 'Object Repository/Page_cabi Shipping/select_payment_options_select' is clicked on

2019-09-19 19:41:24 - [MESSAGE][PASSED] - Object: 'Object Repository/Page_cabi Shipping/select_payment_options_select' is clicked on

2019-09-19 19:41:24 - [TEST_STEP][PASSED] - click(findTestObject("Object Repository/Page_cabi Shipping/select_payment_options_cash")): Object: 'Object Repository/Page_cabi Shipping/select_payment_options_cash' is clicked on

2019-09-19 19:41:24 - [MESSAGE][PASSED] - Object: 'Object Repository/Page_cabi Shipping/select_payment_options_cash' is clicked on

2019-09-19 19:41:24 - [TEST_STEP][PASSED] - delay(1): Delayed 1 second(s)

2019-09-19 19:41:25 - [MESSAGE][PASSED] - Delayed 1 second(s)

2019-09-19 19:41:25 - [TEST_STEP][PASSED] - executor.executeScript("arguments[0].click();", findWebElement(findTestObject("Object Repository/Page_cabi Shipping/a_review_order"), 10)): null

2019-09-19 19:41:25 - [TEST_STEP][PASSED] - delay(2): Delayed 2 second(s)

2019-09-19 19:41:27 - [MESSAGE][PASSED] - Delayed 2 second(s)

2019-09-19 19:41:27 - [TEST_STEP][PASSED] - executor.executeScript("arguments[0].click();", findWebElement(findTestObject("Object Repository/Page_cabi Shipping/a_submit_order"), 10)): null

2019-09-19 19:41:28 - [TEST_STEP][PASSED] - click(findTestObject("Object Repository/Page_cabi Shipping/a_order_view")): Object: 'Object Repository/Page_cabi Shipping/a_order_view' is clicked on

2019-09-19 19:41:29 - [MESSAGE][PASSED] - Object: 'Object Repository/Page_cabi Shipping/a_order_view' is clicked on

2019-09-19 19:41:29 - [TEST_STEP][PASSED] - actualOrderStatus = getText(findTestObject("Object Repository/Page_cabi Shipping/span_order_status")): Text of object 'Object Repository/Page_cabi Shipping/span_order_status' is: 'ORDER STATUS : OPEN 
ORDER # SH708243630  '

2019-09-19 19:41:29 - [MESSAGE][PASSED] - Text of object 'Object Repository/Page_cabi Shipping/span_order_status' is: 'ORDER STATUS : OPEN 
ORDER # SH708243630  '

2019-09-19 19:41:29 - [TEST_STEP][PASSED] - expectedOrderStatus = "OPEN": null

2019-09-19 19:41:29 - [TEST_STEP][PASSED] - sa.assertTrue(actualOrderStatus.contains(expectedOrderStatus)): null

2019-09-19 19:41:29 - [TEST_STEP][PASSED] - println(actualOrderStatus): null

2019-09-19 19:41:29 - [TEST_STEP][PASSED] - click(findTestObject("Object Repository/Page_cabi Shipping/a_back_to_orders")): Object: 'Object Repository/Page_cabi Shipping/a_back_to_orders' is clicked on

2019-09-19 19:41:31 - [MESSAGE][PASSED] - Object: 'Object Repository/Page_cabi Shipping/a_back_to_orders' is clicked on

2019-09-19 19:41:31 - [TEST_STEP][PASSED] - delay(2): Delayed 2 second(s)

2019-09-19 19:41:33 - [MESSAGE][PASSED] - Delayed 2 second(s)

2019-09-19 19:41:33 - [TEST_STEP][PASSED] - ActualDTYOptedOrderStatus = getText(UtilityMethods.createTestObject("DTYOptedOrderStatus", "//table[@class='show-order-table']/tbody/tr/td/span[contains(text(), '", g1Var, "')]/parent::td/following-sibling::td[@class='order-status']")): Text of object 'DTYOptedOrderStatus' is: 'Completed
Sep 19 7:10 AM'

2019-09-19 19:41:33 - [MESSAGE][PASSED] - Text of object 'DTYOptedOrderStatus' is: 'Completed
Sep 19 7:10 AM'

2019-09-19 19:41:33 - [TEST_STEP][PASSED] - ActualDTYNonOptedOrderStatus = getText(UtilityMethods.createTestObject("DTYOptedOrderStatus", "//table[@class='show-order-table']/tbody/tr/td/span[contains(text(), '", g2Var, "')]/parent::td/following-sibling::td[@class='order-status']")): Text of object 'DTYOptedOrderStatus' is: 'Completed
Sep 19 7:11 AM'

2019-09-19 19:41:33 - [MESSAGE][PASSED] - Text of object 'DTYOptedOrderStatus' is: 'Completed
Sep 19 7:11 AM'

2019-09-19 19:41:33 - [TEST_STEP][PASSED] - sa.assertEquals(ActualDTYOptedOrderStatus, "PENDING SHIPMENT"): null

2019-09-19 19:41:33 - [TEST_STEP][PASSED] - sa.assertEquals(ActualDTYNonOptedOrderStatus, "Completed"): null

2019-09-19 19:41:33 - [TEST_STEP][PASSED] - buttonEditDTYOptedOrder = UtilityMethods.createTestObject("buttonEditDTYOptedOrder", "//table[@class='show-order-table']/tbody/tr/td/span[contains(text(), '", g1Var, "')]/parent::td/following-sibling::td[@class='column-order']/a"): null

2019-09-19 19:41:33 - [TEST_STEP][PASSED] - click(buttonEditDTYOptedOrder): Object: 'buttonEditDTYOptedOrder' is clicked on

2019-09-19 19:41:36 - [MESSAGE][PASSED] - Object: 'buttonEditDTYOptedOrder' is clicked on

2019-09-19 19:41:36 - [TEST_STEP][PASSED] - click(findTestObject("Object Repository/Page_cabi Shipping/a_edit_order")): Object: 'Object Repository/Page_cabi Shipping/a_edit_order' is clicked on

2019-09-19 19:41:40 - [MESSAGE][PASSED] - Object: 'Object Repository/Page_cabi Shipping/a_edit_order' is clicked on

2019-09-19 19:41:40 - [TEST_STEP][PASSED] - click(findTestObject("Object Repository/Page_cabi Shipping/a_edit_order_shipping")): Object: 'Object Repository/Page_cabi Shipping/a_edit_order_shipping' is clicked on

2019-09-19 19:41:41 - [MESSAGE][PASSED] - Object: 'Object Repository/Page_cabi Shipping/a_edit_order_shipping' is clicked on

2019-09-19 19:41:41 - [TEST_STEP][PASSED] - checkDisabled = verifyElementHasAttribute(findTestObject("Object Repository/Page_cabi Shipping/check_as_dty_order"), "disabled", 20, CONTINUE_ON_FAILURE): Object 'Object Repository/Page_cabi Shipping/check_as_dty_order' has attribute 'disabled'

2019-09-19 19:41:42 - [MESSAGE][PASSED] - Object 'Object Repository/Page_cabi Shipping/check_as_dty_order' has attribute 'disabled'

2019-09-19 19:41:42 - [TEST_STEP][PASSED] - checkChecked = verifyElementHasAttribute(findTestObject("Object Repository/Page_cabi Shipping/check_as_dty_order"), "checked", 20, CONTINUE_ON_FAILURE): Object 'Object Repository/Page_cabi Shipping/check_as_dty_order' has attribute 'checked'

2019-09-19 19:41:42 - [MESSAGE][PASSED] - Object 'Object Repository/Page_cabi Shipping/check_as_dty_order' has attribute 'checked'

2019-09-19 19:41:42 - [TEST_STEP][PASSED] - if (checkDisabled && checkChecked): Object 'Object Repository/Page_cabi Shipping/check_as_dty_order' has attribute 'checked' with value 'true'

2019-09-19 19:41:42 - [TEST_STEP][PASSED] - verifyElementAttributeValue(findTestObject("Object Repository/Page_cabi Shipping/check_as_dty_order"), "disabled", "true", 20): Object 'Object Repository/Page_cabi Shipping/check_as_dty_order' has attribute 'disabled' with value 'true'

2019-09-19 19:41:42 - [MESSAGE][PASSED] - Object 'Object Repository/Page_cabi Shipping/check_as_dty_order' has attribute 'disabled' with value 'true'

2019-09-19 19:41:42 - [TEST_STEP][PASSED] - verifyElementAttributeValue(findTestObject("Object Repository/Page_cabi Shipping/check_as_dty_order"), "checked", "true", 20): Object 'Object Repository/Page_cabi Shipping/check_as_dty_order' has attribute 'checked' with value 'true'

2019-09-19 19:41:42 - [MESSAGE][PASSED] - Object 'Object Repository/Page_cabi Shipping/check_as_dty_order' has attribute 'checked' with value 'true'

2019-09-19 19:41:42 - [TEST_STEP][PASSED] - delay(2): Delayed 2 second(s)

2019-09-19 19:41:44 - [MESSAGE][PASSED] - Delayed 2 second(s)

2019-09-19 19:41:44 - [TEST_STEP][PASSED] - click(findTestObject("Object Repository/Page_cabi Shipping/a_edit_order_cancel")): Object: 'Object Repository/Page_cabi Shipping/a_edit_order_cancel' is clicked on

2019-09-19 19:41:46 - [MESSAGE][PASSED] - Object: 'Object Repository/Page_cabi Shipping/a_edit_order_cancel' is clicked on

2019-09-19 19:41:46 - [TEST_STEP][PASSED] - delay(1): Delayed 1 second(s)

2019-09-19 19:41:47 - [MESSAGE][PASSED] - Delayed 1 second(s)

2019-09-19 19:41:47 - [TEST_STEP][PASSED] - click(findTestObject("Object Repository/Page_cabi Shipping/a_invitaions")): Object: 'Object Repository/Page_cabi Shipping/a_invitaions' is clicked on

2019-09-19 19:41:50 - [MESSAGE][PASSED] - Object: 'Object Repository/Page_cabi Shipping/a_invitaions' is clicked on

2019-09-19 19:41:50 - [TEST_STEP][PASSED] - guest3 = findTestData(dataFile).getValue("guest3", 1): null

2019-09-19 19:41:50 - [TEST_STEP][PASSED] - executor.executeScript("arguments[0].click();", findWebElement(findTestObject("Object Repository/virualShowRSVPOR/Page_cabi Edit Show - Add Guests/a_add_guests"), 10)): null

2019-09-19 19:41:52 - [TEST_STEP][PASSED] - setText(findTestObject("Object Repository/virualShowRSVPOR/Page_cabi Edit Show - Add Guests/contact_search_box"), guest3): Text 'guest3-test abc' is set on object 'Object Repository/virualShowRSVPOR/Page_cabi Edit Show - Add Guests/contact_search_box'

2019-09-19 19:41:52 - [MESSAGE][PASSED] - Text 'guest3-test abc' is set on object 'Object Repository/virualShowRSVPOR/Page_cabi Edit Show - Add Guests/contact_search_box'

2019-09-19 19:41:52 - [TEST_STEP][PASSED] - delay(2): Delayed 2 second(s)

2019-09-19 19:41:54 - [MESSAGE][PASSED] - Delayed 2 second(s)

2019-09-19 19:41:54 - [TEST_STEP][PASSED] - sendKeys(findTestObject("Object Repository/virualShowRSVPOR/Page_cabi Edit Show - Add Guests/contact_search_box"), Keys.chord(ARROW_DOWN)): Keys 'DOWN + ' sent to object: 'Object Repository/virualShowRSVPOR/Page_cabi Edit Show - Add Guests/contact_search_box'

2019-09-19 19:41:54 - [MESSAGE][PASSED] - Keys 'DOWN + ' sent to object: 'Object Repository/virualShowRSVPOR/Page_cabi Edit Show - Add Guests/contact_search_box'

2019-09-19 19:41:54 - [TEST_STEP][PASSED] - sendKeys(findTestObject("Object Repository/virualShowRSVPOR/Page_cabi Edit Show - Add Guests/contact_search_box"), Keys.chord(ENTER)): Keys 'ENTER + ' sent to object: 'Object Repository/virualShowRSVPOR/Page_cabi Edit Show - Add Guests/contact_search_box'

2019-09-19 19:41:54 - [MESSAGE][PASSED] - Keys 'ENTER + ' sent to object: 'Object Repository/virualShowRSVPOR/Page_cabi Edit Show - Add Guests/contact_search_box'

2019-09-19 19:41:54 - [TEST_STEP][PASSED] - delay(2): Delayed 2 second(s)

2019-09-19 19:41:56 - [MESSAGE][PASSED] - Delayed 2 second(s)

2019-09-19 19:41:56 - [TEST_STEP][PASSED] - click(findTestObject("Object Repository/virualShowRSVPOR/Page_cabi Edit Show - Add Guests/a_add_guest")): Object: 'Object Repository/virualShowRSVPOR/Page_cabi Edit Show - Add Guests/a_add_guest' is clicked on

2019-09-19 19:41:57 - [MESSAGE][PASSED] - Object: 'Object Repository/virualShowRSVPOR/Page_cabi Edit Show - Add Guests/a_add_guest' is clicked on

2019-09-19 19:41:57 - [TEST_STEP][PASSED] - delay(2): Delayed 2 second(s)

2019-09-19 19:41:59 - [MESSAGE][PASSED] - Delayed 2 second(s)

2019-09-19 19:41:59 - [TEST_STEP][PASSED] - click(findTestObject("Object Repository/virualShowRSVPOR/Page_cabi Edit Show - Add Guests/input_Next")): Object: 'Object Repository/virualShowRSVPOR/Page_cabi Edit Show - Add Guests/input_Next' is clicked on

2019-09-19 19:42:00 - [MESSAGE][PASSED] - Object: 'Object Repository/virualShowRSVPOR/Page_cabi Edit Show - Add Guests/input_Next' is clicked on

2019-09-19 19:42:00 - [TEST_STEP][PASSED] - click(findTestObject("Object Repository/virualShowRSVPOR/Page_cabi Edit Show - Send Invitations/input_Overview")): Object: 'Object Repository/virualShowRSVPOR/Page_cabi Edit Show - Send Invitations/input_Overview' is clicked on

2019-09-19 19:42:02 - [MESSAGE][PASSED] - Object: 'Object Repository/virualShowRSVPOR/Page_cabi Edit Show - Send Invitations/input_Overview' is clicked on

2019-09-19 19:42:02 - [TEST_STEP][PASSED] - click(findTestObject("Object Repository/virualShowRSVPOR/Page_cabi Edit Show - Send Invitations/a_orders")): Object: 'Object Repository/virualShowRSVPOR/Page_cabi Edit Show - Send Invitations/a_orders' is clicked on

2019-09-19 19:42:04 - [MESSAGE][PASSED] - Object: 'Object Repository/virualShowRSVPOR/Page_cabi Edit Show - Send Invitations/a_orders' is clicked on

2019-09-19 19:42:04 - [TEST_STEP][PASSED] - buttonEditDTYNonOptedOrder = UtilityMethods.createTestObject("buttonEditDTYNonOptedOrder", "//table[@class='show-order-table']/tbody/tr/td/span[contains(text(), '", g2Var, "')]/parent::td/following-sibling::td[@class='column-order']/a"): null

2019-09-19 19:42:04 - [TEST_STEP][PASSED] - click(buttonEditDTYNonOptedOrder): Object: 'buttonEditDTYNonOptedOrder' is clicked on

2019-09-19 19:42:06 - [MESSAGE][PASSED] - Object: 'buttonEditDTYNonOptedOrder' is clicked on

2019-09-19 19:42:06 - [TEST_STEP][PASSED] - click(findTestObject("Object Repository/Page_cabi Shipping/a_edit_order")): Object: 'Object Repository/Page_cabi Shipping/a_edit_order' is clicked on

2019-09-19 19:42:11 - [MESSAGE][PASSED] - Object: 'Object Repository/Page_cabi Shipping/a_edit_order' is clicked on

2019-09-19 19:42:11 - [TEST_STEP][PASSED] - click(findTestObject("Object Repository/Page_cabi Shipping/a_edit_order_shipping")): Object: 'Object Repository/Page_cabi Shipping/a_edit_order_shipping' is clicked on

2019-09-19 19:42:11 - [MESSAGE][PASSED] - Object: 'Object Repository/Page_cabi Shipping/a_edit_order_shipping' is clicked on

2019-09-19 19:42:11 - [TEST_STEP][PASSED] - verifyElementNotHasAttribute(findTestObject("Object Repository/Page_cabi Shipping/check_as_dty_order"), "disabled", 20, CONTINUE_ON_FAILURE): Object 'Object Repository/Page_cabi Shipping/check_as_dty_order' does not have attribute 'disabled'

2019-09-19 19:42:12 - [MESSAGE][PASSED] - Object 'Object Repository/Page_cabi Shipping/check_as_dty_order' does not have attribute 'disabled'

2019-09-19 19:42:12 - [TEST_STEP][PASSED] - delay(2): Delayed 2 second(s)

2019-09-19 19:42:14 - [MESSAGE][PASSED] - Delayed 2 second(s)

2019-09-19 19:42:14 - [TEST_STEP][PASSED] - click(findTestObject("Object Repository/Page_cabi Shipping/a_edit_order_payments")): Object: 'Object Repository/Page_cabi Shipping/a_edit_order_payments' is clicked on

2019-09-19 19:42:14 - [MESSAGE][PASSED] - Object: 'Object Repository/Page_cabi Shipping/a_edit_order_payments' is clicked on

2019-09-19 19:42:14 - [TEST_STEP][PASSED] - delay(3): Delayed 3 second(s)

2019-09-19 19:42:17 - [MESSAGE][PASSED] - Delayed 3 second(s)

2019-09-19 19:42:17 - [TEST_STEP][PASSED] - callTestCase(findTestCase("TestCaseUtilities/showOrderPaeymentCC"), [:], STOP_ON_FAILURE): Call Test Case 'Test Cases/TestCaseUtilities/showOrderPaeymentCC' successfully

2019-09-19 19:42:17 - [TEST_CASE][PASSED] - Test Cases/TestCaseUtilities/showOrderPaeymentCC: Test Cases/TestCaseUtilities/showOrderPaeymentCC

2019-09-19 19:42:17 - [TEST_STEP][PASSED] - driver = getWebDriver(): null

2019-09-19 19:42:17 - [TEST_STEP][PASSED] - executor = driver: null

2019-09-19 19:42:17 - [TEST_STEP][PASSED] - click(findTestObject("Object Repository/Page_cabi Shipping/select_payment_options_select")): Object: 'Object Repository/Page_cabi Shipping/select_payment_options_select' is clicked on

2019-09-19 19:42:17 - [MESSAGE][PASSED] - Object: 'Object Repository/Page_cabi Shipping/select_payment_options_select' is clicked on

2019-09-19 19:42:17 - [TEST_STEP][PASSED] - click(findTestObject("Object Repository/Page_cabi Shipping/select_payment_options_new_cc")): Object: 'Object Repository/Page_cabi Shipping/select_payment_options_new_cc' is clicked on

2019-09-19 19:42:18 - [MESSAGE][PASSED] - Object: 'Object Repository/Page_cabi Shipping/select_payment_options_new_cc' is clicked on

2019-09-19 19:42:18 - [TEST_STEP][PASSED] - delay(3): Delayed 3 second(s)

2019-09-19 19:42:21 - [MESSAGE][PASSED] - Delayed 3 second(s)

2019-09-19 19:42:21 - [TEST_STEP][PASSED] - executor.executeScript("arguments[0].click();", findWebElement(findTestObject("Object Repository/Page_cabi Shipping/select_payment_visa"), 10)): null

2019-09-19 19:42:21 - [TEST_STEP][PASSED] - setText(findTestObject("Object Repository/Page_cabi Shipping/select_payment_fname"), "abcd"): Text 'abcd' is set on object 'Object Repository/Page_cabi Shipping/select_payment_fname'

2019-09-19 19:42:21 - [MESSAGE][PASSED] - Text 'abcd' is set on object 'Object Repository/Page_cabi Shipping/select_payment_fname'

2019-09-19 19:42:21 - [TEST_STEP][PASSED] - setText(findTestObject("Object Repository/Page_cabi Shipping/select_payment_lname"), "fghi"): Text 'fghi' is set on object 'Object Repository/Page_cabi Shipping/select_payment_lname'

2019-09-19 19:42:21 - [MESSAGE][PASSED] - Text 'fghi' is set on object 'Object Repository/Page_cabi Shipping/select_payment_lname'

2019-09-19 19:42:21 - [TEST_STEP][PASSED] - setText(findTestObject("Object Repository/Page_cabi Shipping/select_payment_card_number"), "4111111111111111"): Text '4111111111111111' is set on object 'Object Repository/Page_cabi Shipping/select_payment_card_number'

2019-09-19 19:42:21 - [MESSAGE][PASSED] - Text '4111111111111111' is set on object 'Object Repository/Page_cabi Shipping/select_payment_card_number'

2019-09-19 19:42:21 - [TEST_STEP][PASSED] - click(findTestObject("Object Repository/Page_cabi Shipping/select_payment_exp_date_month")): Object: 'Object Repository/Page_cabi Shipping/select_payment_exp_date_month' is clicked on

2019-09-19 19:42:21 - [MESSAGE][PASSED] - Object: 'Object Repository/Page_cabi Shipping/select_payment_exp_date_month' is clicked on

2019-09-19 19:42:21 - [TEST_STEP][PASSED] - click(findTestObject("Object Repository/Page_cabi Shipping/select_payment_exp_date_year")): Object: 'Object Repository/Page_cabi Shipping/select_payment_exp_date_year' is clicked on

2019-09-19 19:42:21 - [MESSAGE][PASSED] - Object: 'Object Repository/Page_cabi Shipping/select_payment_exp_date_year' is clicked on

2019-09-19 19:42:21 - [TEST_STEP][PASSED] - executor.executeScript("arguments[0].click();", findWebElement(findTestObject("Object Repository/Page_cabi Shipping/input_select_billing_add_same_as_mailing_add"), 10)): null

2019-09-19 19:42:21 - [TEST_STEP][PASSED] - delay(3): Delayed 3 second(s)

2019-09-19 19:42:24 - [MESSAGE][PASSED] - Delayed 3 second(s)

2019-09-19 19:42:24 - [TEST_STEP][PASSED] - executor.executeScript("arguments[0].click();", findWebElement(findTestObject("Object Repository/Page_cabi Shipping/a_save_shipping_info"), 10)): null

2019-09-19 19:42:28 - [TEST_STEP][PASSED] - delay(2): Delayed 2 second(s)

2019-09-19 19:42:30 - [MESSAGE][PASSED] - Delayed 2 second(s)

2019-09-19 19:42:30 - [TEST_STEP][PASSED] - executor.executeScript("arguments[0].click();", findWebElement(findTestObject("Object Repository/Page_cabi Shipping/a_review_order"), 10)): null

2019-09-19 19:42:30 - [TEST_STEP][PASSED] - delay(2): Delayed 2 second(s)

2019-09-19 19:42:32 - [MESSAGE][PASSED] - Delayed 2 second(s)

2019-09-19 19:42:32 - [MESSAGE][PASSED] - Call Test Case 'Test Cases/TestCaseUtilities/showOrderPaeymentCC' successfully

2019-09-19 19:42:32 - [TEST_STEP][PASSED] - executor.executeScript("arguments[0].click();", findWebElement(findTestObject("Object Repository/Page_cabi Shipping/a_edit_order_save_changes"), 10)): null

2019-09-19 19:42:32 - [TEST_STEP][PASSED] - click(findTestObject("Object Repository/Page_cabi Shipping/a_edit_order")): Object: 'Object Repository/Page_cabi Shipping/a_edit_order' is clicked on

2019-09-19 19:42:39 - [MESSAGE][PASSED] - Object: 'Object Repository/Page_cabi Shipping/a_edit_order' is clicked on

2019-09-19 19:42:39 - [TEST_STEP][PASSED] - click(findTestObject("Object Repository/Page_cabi Shipping/a_edit_order_shipping")): Object: 'Object Repository/Page_cabi Shipping/a_edit_order_shipping' is clicked on

2019-09-19 19:42:40 - [MESSAGE][PASSED] - Object: 'Object Repository/Page_cabi Shipping/a_edit_order_shipping' is clicked on

2019-09-19 19:42:40 - [TEST_STEP][PASSED] - verifyElementNotHasAttribute(findTestObject("Object Repository/Page_cabi Shipping/check_as_dty_order"), "disabled", 20, CONTINUE_ON_FAILURE): Object 'Object Repository/Page_cabi Shipping/check_as_dty_order' does not have attribute 'disabled'

2019-09-19 19:42:41 - [MESSAGE][PASSED] - Object 'Object Repository/Page_cabi Shipping/check_as_dty_order' does not have attribute 'disabled'

2019-09-19 19:42:41 - [TEST_STEP][PASSED] - executor.executeScript("arguments[0].click();", findWebElement(findTestObject("Object Repository/Page_cabi Shipping/check_as_dty_order"), 5)): null

2019-09-19 19:42:42 - [TEST_STEP][PASSED] - delay(5): Delayed 5 second(s)

2019-09-19 19:42:47 - [MESSAGE][PASSED] - Delayed 5 second(s)

2019-09-19 19:42:47 - [TEST_STEP][PASSED] - click(findTestObject("Object Repository/Page_cabi Shipping/a_show_order_checkout_next")): Object: 'Object Repository/Page_cabi Shipping/a_show_order_checkout_next' is clicked on

2019-09-19 19:42:47 - [MESSAGE][PASSED] - Object: 'Object Repository/Page_cabi Shipping/a_show_order_checkout_next' is clicked on

2019-09-19 19:42:47 - [TEST_STEP][PASSED] - delay(1): Delayed 1 second(s)

2019-09-19 19:42:48 - [MESSAGE][PASSED] - Delayed 1 second(s)

2019-09-19 19:42:48 - [TEST_STEP][PASSED] - executor.executeScript("arguments[0].click();", findWebElement(findTestObject("Object Repository/Page_cabi Shipping/a_review_order"), 10)): null

2019-09-19 19:42:48 - [TEST_STEP][PASSED] - executor.executeScript("arguments[0].click();", findWebElement(findTestObject("Object Repository/Page_cabi Shipping/a_edit_order_save_changes"), 10)): null

2019-09-19 19:42:51 - [TEST_STEP][PASSED] - click(findTestObject("Object Repository/Page_cabi Shipping/a_back_to_orders")): Object: 'Object Repository/Page_cabi Shipping/a_back_to_orders' is clicked on

2019-09-19 19:42:54 - [MESSAGE][PASSED] - Object: 'Object Repository/Page_cabi Shipping/a_back_to_orders' is clicked on

2019-09-19 19:42:54 - [TEST_STEP][PASSED] - delay(2): Delayed 2 second(s)

2019-09-19 19:42:56 - [MESSAGE][PASSED] - Delayed 2 second(s)

2019-09-19 19:42:56 - [TEST_STEP][PASSED] - g3Vars = UtilityMethods.splitPersonName(guest3): null

2019-09-19 19:42:56 - [TEST_STEP][PASSED] - g3Var = UtilityMethods.concat(g3Vars[1], ", ", g3Vars[0]): null

2019-09-19 19:42:56 - [TEST_STEP][PASSED] - buttonPlaceOrder = UtilityMethods.createTestObject("buttoPlaceOrder", "//table[@class='show-order-table']/tbody/tr/td/span[contains(text(), '", g3Var, "')]/parent::td/following-sibling::td[1]/button"): null

2019-09-19 19:42:56 - [TEST_STEP][PASSED] - click(buttonPlaceOrder): Object: 'buttoPlaceOrder' is clicked on

2019-09-19 19:42:58 - [MESSAGE][PASSED] - Object: 'buttoPlaceOrder' is clicked on

2019-09-19 19:42:58 - [TEST_STEP][PASSED] - delay(3): Delayed 3 second(s)

2019-09-19 19:43:01 - [MESSAGE][PASSED] - Delayed 3 second(s)

2019-09-19 19:43:01 - [TEST_STEP][PASSED] - DTYMsg = "Hooray! This order is eligible for "Direct to You" shipping.": null

2019-09-19 19:43:01 - [TEST_STEP][PASSED] - println(getText(findTestObject("Object Repository/virualShowRSVPOR/DTY/label_DtyEligibility"))): Text of object 'Object Repository/virualShowRSVPOR/DTY/label_DtyEligibility' is: 'Hooray! This order is eligible for "Direct to You" shipping.'

2019-09-19 19:43:01 - [MESSAGE][PASSED] - Text of object 'Object Repository/virualShowRSVPOR/DTY/label_DtyEligibility' is: 'Hooray! This order is eligible for "Direct to You" shipping.'

2019-09-19 19:43:01 - [TEST_STEP][PASSED] - verifyElementText(findTestObject("Object Repository/virualShowRSVPOR/DTY/label_DtyEligibility"), DTYMsg, CONTINUE_ON_FAILURE): Actual text and expected text of test object 'Object Repository/virualShowRSVPOR/DTY/label_DtyEligibility' are matched.

2019-09-19 19:43:01 - [MESSAGE][PASSED] - Actual text and expected text of test object 'Object Repository/virualShowRSVPOR/DTY/label_DtyEligibility' are matched.

2019-09-19 19:43:01 - [TEST_STEP][PASSED] - check(findTestObject("Object Repository/Page_cabi Home/a_same_shipping_address")): Object 'Object Repository/Page_cabi Home/a_same_shipping_address' is checked

2019-09-19 19:43:01 - [MESSAGE][PASSED] - Object 'Object Repository/Page_cabi Home/a_same_shipping_address' is checked

2019-09-19 19:43:01 - [TEST_STEP][PASSED] - delay(3): Delayed 3 second(s)

2019-09-19 19:43:04 - [MESSAGE][PASSED] - Delayed 3 second(s)

2019-09-19 19:43:04 - [TEST_STEP][PASSED] - driver = getWebDriver(): null

2019-09-19 19:43:04 - [TEST_STEP][PASSED] - executor = driver: null

2019-09-19 19:43:04 - [TEST_STEP][PASSED] - executor.executeScript("arguments[0].click();", findWebElement(findTestObject("Object Repository/Page_cabi Home/a_order_items"), 5)): null

2019-09-19 19:43:04 - [TEST_STEP][PASSED] - click(findTestObject("Object Repository/Page_cabi Retail Store/span_quick_entry")): Object: 'Object Repository/Page_cabi Retail Store/span_quick_entry' is clicked on

2019-09-19 19:43:08 - [MESSAGE][PASSED] - Object: 'Object Repository/Page_cabi Retail Store/span_quick_entry' is clicked on

2019-09-19 19:43:08 - [TEST_STEP][PASSED] - delay(3): Delayed 3 second(s)

2019-09-19 19:43:11 - [MESSAGE][PASSED] - Delayed 3 second(s)

2019-09-19 19:43:11 - [TEST_STEP][PASSED] - emptyCart = findWebElements(findTestObject("Object Repository/Page_cabi Personal Store/removeFromCart"), 5): Unable to find the element located by 'By.xpath: //*[@id="removeFromCart_0"]/span'. Please recheck the objects properties to make sure the desired element is located. 

2019-09-19 19:43:16 - [MESSAGE][INFO] - Unable to find the element located by 'By.xpath: //*[@id="removeFromCart_0"]/span'. Please recheck the objects properties to make sure the desired element is located. 

2019-09-19 19:43:16 - [TEST_STEP][PASSED] - if (emptyCart.size() > 0): null

2019-09-19 19:43:16 - [TEST_STEP][PASSED] - addOnStyle = findTestData("miscData").getValue("addOnStyle", 1): null

2019-09-19 19:43:16 - [TEST_STEP][PASSED] - setText(findTestObject("Object Repository/Page_cabi Create Order/input_Manual Discount_stylelookup_0"), addOnStyle): Text '3701' is set on object 'Object Repository/Page_cabi Create Order/input_Manual Discount_stylelookup_0'

2019-09-19 19:43:16 - [MESSAGE][PASSED] - Text '3701' is set on object 'Object Repository/Page_cabi Create Order/input_Manual Discount_stylelookup_0'

2019-09-19 19:43:16 - [TEST_STEP][PASSED] - delay(2): Delayed 2 second(s)

2019-09-19 19:43:18 - [MESSAGE][PASSED] - Delayed 2 second(s)

2019-09-19 19:43:18 - [TEST_STEP][PASSED] - sendKeys(findTestObject("Object Repository/Page_cabi Create Order/input_Manual Discount_stylelookup_0"), Keys.chord(ARROW_DOWN)): Keys 'DOWN + ' sent to object: 'Object Repository/Page_cabi Create Order/input_Manual Discount_stylelookup_0'

2019-09-19 19:43:18 - [MESSAGE][PASSED] - Keys 'DOWN + ' sent to object: 'Object Repository/Page_cabi Create Order/input_Manual Discount_stylelookup_0'

2019-09-19 19:43:18 - [TEST_STEP][PASSED] - delay(2): Delayed 2 second(s)

2019-09-19 19:43:20 - [MESSAGE][PASSED] - Delayed 2 second(s)

2019-09-19 19:43:20 - [TEST_STEP][PASSED] - sendKeys(findTestObject("Object Repository/Page_cabi Create Order/input_Manual Discount_stylelookup_0"), Keys.chord(ARROW_DOWN)): Keys 'DOWN + ' sent to object: 'Object Repository/Page_cabi Create Order/input_Manual Discount_stylelookup_0'

2019-09-19 19:43:20 - [MESSAGE][PASSED] - Keys 'DOWN + ' sent to object: 'Object Repository/Page_cabi Create Order/input_Manual Discount_stylelookup_0'

2019-09-19 19:43:20 - [TEST_STEP][PASSED] - sendKeys(findTestObject("Object Repository/Page_cabi Create Order/input_Manual Discount_stylelookup_0"), Keys.chord(ENTER)): Keys 'ENTER + ' sent to object: 'Object Repository/Page_cabi Create Order/input_Manual Discount_stylelookup_0'

2019-09-19 19:43:20 - [MESSAGE][PASSED] - Keys 'ENTER + ' sent to object: 'Object Repository/Page_cabi Create Order/input_Manual Discount_stylelookup_0'

2019-09-19 19:43:20 - [TEST_STEP][PASSED] - delay(5): Delayed 5 second(s)

2019-09-19 19:43:25 - [MESSAGE][PASSED] - Delayed 5 second(s)

2019-09-19 19:43:25 - [TEST_STEP][PASSED] - click(findTestObject("Object Repository/Page_cabi Order Items/selectSize")): Object: 'Object Repository/Page_cabi Order Items/selectSize' is clicked on

2019-09-19 19:43:25 - [MESSAGE][PASSED] - Object: 'Object Repository/Page_cabi Order Items/selectSize' is clicked on

2019-09-19 19:43:25 - [TEST_STEP][PASSED] - delay(3): Delayed 3 second(s)

2019-09-19 19:43:28 - [MESSAGE][PASSED] - Delayed 3 second(s)

2019-09-19 19:43:28 - [TEST_STEP][PASSED] - click(findTestObject("Object Repository/Page_cabi Order Items/span_Add to Cart")): Object: 'Object Repository/Page_cabi Order Items/span_Add to Cart' is clicked on

2019-09-19 19:43:28 - [MESSAGE][PASSED] - Object: 'Object Repository/Page_cabi Order Items/span_Add to Cart' is clicked on

2019-09-19 19:43:28 - [TEST_STEP][PASSED] - delay(5): Delayed 5 second(s)

2019-09-19 19:43:33 - [MESSAGE][PASSED] - Delayed 5 second(s)

2019-09-19 19:43:33 - [TEST_STEP][PASSED] - click(findTestObject("Object Repository/Page_cabi Order Items/a_next")): Object: 'Object Repository/Page_cabi Order Items/a_next' is clicked on

2019-09-19 19:43:34 - [MESSAGE][PASSED] - Object: 'Object Repository/Page_cabi Order Items/a_next' is clicked on

2019-09-19 19:43:34 - [TEST_STEP][PASSED] - delay(3): Delayed 3 second(s)

2019-09-19 19:43:37 - [MESSAGE][PASSED] - Delayed 3 second(s)

2019-09-19 19:43:37 - [TEST_STEP][PASSED] - verifyElementText(findTestObject("Object Repository/Page_cabi Shipping/label_DTYMsg1"), "This order is eligible for "Direct to You" shipping.", CONTINUE_ON_FAILURE): Actual text and expected text of test object 'Object Repository/Page_cabi Shipping/label_DTYMsg1' are matched.

2019-09-19 19:43:37 - [MESSAGE][PASSED] - Actual text and expected text of test object 'Object Repository/Page_cabi Shipping/label_DTYMsg1' are matched.

2019-09-19 19:43:37 - [TEST_STEP][PASSED] - delay(1): Delayed 1 second(s)

2019-09-19 19:43:38 - [MESSAGE][PASSED] - Delayed 1 second(s)

2019-09-19 19:43:38 - [TEST_STEP][PASSED] - verifyElementText(findTestObject("Object Repository/Page_cabi Shipping/label_DTYMsg2"), ""Direct to You" order must be paid by credit card or cabi Gift Card.", CONTINUE_ON_FAILURE): Actual text and expected text of test object 'Object Repository/Page_cabi Shipping/label_DTYMsg2' are matched.

2019-09-19 19:43:38 - [MESSAGE][PASSED] - Actual text and expected text of test object 'Object Repository/Page_cabi Shipping/label_DTYMsg2' are matched.

2019-09-19 19:43:38 - [TEST_STEP][PASSED] - delay(1): Delayed 1 second(s)

2019-09-19 19:43:39 - [MESSAGE][PASSED] - Delayed 1 second(s)

2019-09-19 19:43:39 - [TEST_STEP][PASSED] - verifyElementText(findTestObject("Object Repository/Page_cabi Shipping/label_DTYMsg3"), ""Direct to You" order can start being placed 2 days before the show date.", CONTINUE_ON_FAILURE): Actual text and expected text of test object 'Object Repository/Page_cabi Shipping/label_DTYMsg3' are matched.

2019-09-19 19:43:39 - [MESSAGE][PASSED] - Actual text and expected text of test object 'Object Repository/Page_cabi Shipping/label_DTYMsg3' are matched.

2019-09-19 19:43:39 - [TEST_STEP][PASSED] - delay(1): Delayed 1 second(s)

2019-09-19 19:43:40 - [MESSAGE][PASSED] - Delayed 1 second(s)

2019-09-19 19:43:40 - [TEST_STEP][PASSED] - verifyElementNotHasAttribute(findTestObject("Object Repository/Page_cabi Shipping/select_ship_to_show_loc"), "disabled", 20, CONTINUE_ON_FAILURE): Object 'Object Repository/Page_cabi Shipping/select_ship_to_show_loc' does not have attribute 'disabled'

2019-09-19 19:43:40 - [MESSAGE][PASSED] - Object 'Object Repository/Page_cabi Shipping/select_ship_to_show_loc' does not have attribute 'disabled'

2019-09-19 19:43:40 - [TEST_STEP][PASSED] - click(findTestObject("Object Repository/Page_cabi Shipping/select_ship_to_guest_add")): Object: 'Object Repository/Page_cabi Shipping/select_ship_to_guest_add' is clicked on

2019-09-19 19:43:40 - [MESSAGE][PASSED] - Object: 'Object Repository/Page_cabi Shipping/select_ship_to_guest_add' is clicked on

2019-09-19 19:43:40 - [TEST_STEP][PASSED] - delay(5): Delayed 5 second(s)

2019-09-19 19:43:45 - [MESSAGE][PASSED] - Delayed 5 second(s)

2019-09-19 19:43:45 - [TEST_STEP][PASSED] - click(findTestObject("Object Repository/Page_cabi Shipping/a_show_order_checkout_next")): Object: 'Object Repository/Page_cabi Shipping/a_show_order_checkout_next' is clicked on

2019-09-19 19:43:45 - [MESSAGE][PASSED] - Object: 'Object Repository/Page_cabi Shipping/a_show_order_checkout_next' is clicked on

2019-09-19 19:43:45 - [TEST_STEP][PASSED] - delay(1): Delayed 1 second(s)

2019-09-19 19:43:46 - [MESSAGE][PASSED] - Delayed 1 second(s)

2019-09-19 19:43:46 - [TEST_STEP][PASSED] - println(getText(findTestObject("Object Repository/Page_cabi Shipping/div_DTY-warning_popup"))): Text of object 'Object Repository/Page_cabi Shipping/div_DTY-warning_popup' is: 'This order is eligible for "Direct to You" shipping.
Do you want to change this order to "Direct to You" and ship immediately?'

2019-09-19 19:43:46 - [MESSAGE][PASSED] - Text of object 'Object Repository/Page_cabi Shipping/div_DTY-warning_popup' is: 'This order is eligible for "Direct to You" shipping.
Do you want to change this order to "Direct to You" and ship immediately?'

2019-09-19 19:43:46 - [TEST_STEP][PASSED] - verifyElementText(findTestObject("Object Repository/Page_cabi Shipping/div_DTY-warning_popup"), "This order is eligible for "Direct to You" shipping.
Do you want to change this order to "Direct to You" and ship immediately?"): Actual text and expected text of test object 'Object Repository/Page_cabi Shipping/div_DTY-warning_popup' are matched.

2019-09-19 19:43:46 - [MESSAGE][PASSED] - Actual text and expected text of test object 'Object Repository/Page_cabi Shipping/div_DTY-warning_popup' are matched.

2019-09-19 19:43:46 - [TEST_STEP][PASSED] - delay(1): Delayed 1 second(s)

2019-09-19 19:43:47 - [MESSAGE][PASSED] - Delayed 1 second(s)

2019-09-19 19:43:47 - [TEST_STEP][PASSED] - click(findTestObject("Object Repository/Page_cabi Shipping/button_DTY_warning_popup_no_ship_DTY")): Object: 'Object Repository/Page_cabi Shipping/button_DTY_warning_popup_no_ship_DTY' is clicked on

2019-09-19 19:43:48 - [MESSAGE][PASSED] - Object: 'Object Repository/Page_cabi Shipping/button_DTY_warning_popup_no_ship_DTY' is clicked on

2019-09-19 19:43:48 - [TEST_STEP][PASSED] - delay(1): Delayed 1 second(s)

2019-09-19 19:43:49 - [MESSAGE][PASSED] - Delayed 1 second(s)

2019-09-19 19:43:49 - [TEST_STEP][PASSED] - click(findTestObject("Object Repository/Page_cabi Shipping/a_make_first_payment")): Object: 'Object Repository/Page_cabi Shipping/a_make_first_payment' is clicked on

2019-09-19 19:43:49 - [MESSAGE][PASSED] - Object: 'Object Repository/Page_cabi Shipping/a_make_first_payment' is clicked on

2019-09-19 19:43:49 - [TEST_STEP][PASSED] - delay(3): Delayed 3 second(s)

2019-09-19 19:43:52 - [MESSAGE][PASSED] - Delayed 3 second(s)

2019-09-19 19:43:52 - [TEST_STEP][PASSED] - DTYMsgs = findWebElements(findTestObject("Object Repository/Page_cabi Shipping/li_DTY_payment_info"), 5): null

2019-09-19 19:43:52 - [TEST_STEP][PASSED] - if (DTYMsgs.size() > 0): null

2019-09-19 19:43:52 - [TEST_STEP][PASSED] - sa.assertTrue(false): null

2019-09-19 19:43:52 - [TEST_STEP][PASSED] - callTestCase(findTestCase("TestCaseUtilities/showOrderPaeymentCC"), [:], STOP_ON_FAILURE): Call Test Case 'Test Cases/TestCaseUtilities/showOrderPaeymentCC' successfully

2019-09-19 19:43:52 - [TEST_CASE][PASSED] - Test Cases/TestCaseUtilities/showOrderPaeymentCC: Test Cases/TestCaseUtilities/showOrderPaeymentCC

2019-09-19 19:43:52 - [TEST_STEP][PASSED] - driver = getWebDriver(): null

2019-09-19 19:43:52 - [TEST_STEP][PASSED] - executor = driver: null

2019-09-19 19:43:52 - [TEST_STEP][PASSED] - click(findTestObject("Object Repository/Page_cabi Shipping/select_payment_options_select")): Object: 'Object Repository/Page_cabi Shipping/select_payment_options_select' is clicked on

2019-09-19 19:43:52 - [MESSAGE][PASSED] - Object: 'Object Repository/Page_cabi Shipping/select_payment_options_select' is clicked on

2019-09-19 19:43:52 - [TEST_STEP][PASSED] - click(findTestObject("Object Repository/Page_cabi Shipping/select_payment_options_new_cc")): Object: 'Object Repository/Page_cabi Shipping/select_payment_options_new_cc' is clicked on

2019-09-19 19:43:52 - [MESSAGE][PASSED] - Object: 'Object Repository/Page_cabi Shipping/select_payment_options_new_cc' is clicked on

2019-09-19 19:43:52 - [TEST_STEP][PASSED] - delay(3): Delayed 3 second(s)

2019-09-19 19:43:55 - [MESSAGE][PASSED] - Delayed 3 second(s)

2019-09-19 19:43:55 - [TEST_STEP][PASSED] - executor.executeScript("arguments[0].click();", findWebElement(findTestObject("Object Repository/Page_cabi Shipping/select_payment_visa"), 10)): null

2019-09-19 19:43:55 - [TEST_STEP][PASSED] - setText(findTestObject("Object Repository/Page_cabi Shipping/select_payment_fname"), "abcd"): Text 'abcd' is set on object 'Object Repository/Page_cabi Shipping/select_payment_fname'

2019-09-19 19:43:56 - [MESSAGE][PASSED] - Text 'abcd' is set on object 'Object Repository/Page_cabi Shipping/select_payment_fname'

2019-09-19 19:43:56 - [TEST_STEP][PASSED] - setText(findTestObject("Object Repository/Page_cabi Shipping/select_payment_lname"), "fghi"): Text 'fghi' is set on object 'Object Repository/Page_cabi Shipping/select_payment_lname'

2019-09-19 19:43:56 - [MESSAGE][PASSED] - Text 'fghi' is set on object 'Object Repository/Page_cabi Shipping/select_payment_lname'

2019-09-19 19:43:56 - [TEST_STEP][PASSED] - setText(findTestObject("Object Repository/Page_cabi Shipping/select_payment_card_number"), "4111111111111111"): Text '4111111111111111' is set on object 'Object Repository/Page_cabi Shipping/select_payment_card_number'

2019-09-19 19:43:56 - [MESSAGE][PASSED] - Text '4111111111111111' is set on object 'Object Repository/Page_cabi Shipping/select_payment_card_number'

2019-09-19 19:43:56 - [TEST_STEP][PASSED] - click(findTestObject("Object Repository/Page_cabi Shipping/select_payment_exp_date_month")): Object: 'Object Repository/Page_cabi Shipping/select_payment_exp_date_month' is clicked on

2019-09-19 19:43:56 - [MESSAGE][PASSED] - Object: 'Object Repository/Page_cabi Shipping/select_payment_exp_date_month' is clicked on

2019-09-19 19:43:56 - [TEST_STEP][PASSED] - click(findTestObject("Object Repository/Page_cabi Shipping/select_payment_exp_date_year")): Object: 'Object Repository/Page_cabi Shipping/select_payment_exp_date_year' is clicked on

2019-09-19 19:43:56 - [MESSAGE][PASSED] - Object: 'Object Repository/Page_cabi Shipping/select_payment_exp_date_year' is clicked on

2019-09-19 19:43:56 - [TEST_STEP][PASSED] - executor.executeScript("arguments[0].click();", findWebElement(findTestObject("Object Repository/Page_cabi Shipping/input_select_billing_add_same_as_mailing_add"), 10)): null

2019-09-19 19:43:56 - [TEST_STEP][PASSED] - delay(3): Delayed 3 second(s)

2019-09-19 19:43:59 - [MESSAGE][PASSED] - Delayed 3 second(s)

2019-09-19 19:43:59 - [TEST_STEP][PASSED] - executor.executeScript("arguments[0].click();", findWebElement(findTestObject("Object Repository/Page_cabi Shipping/a_save_shipping_info"), 10)): null

2019-09-19 19:44:03 - [TEST_STEP][PASSED] - delay(2): Delayed 2 second(s)

2019-09-19 19:44:05 - [MESSAGE][PASSED] - Delayed 2 second(s)

2019-09-19 19:44:05 - [TEST_STEP][PASSED] - executor.executeScript("arguments[0].click();", findWebElement(findTestObject("Object Repository/Page_cabi Shipping/a_review_order"), 10)): null

2019-09-19 19:44:05 - [TEST_STEP][PASSED] - delay(2): Delayed 2 second(s)

2019-09-19 19:44:07 - [MESSAGE][PASSED] - Delayed 2 second(s)

2019-09-19 19:44:07 - [MESSAGE][PASSED] - Call Test Case 'Test Cases/TestCaseUtilities/showOrderPaeymentCC' successfully

2019-09-19 19:44:07 - [TEST_STEP][PASSED] - delay(2): Delayed 2 second(s)

2019-09-19 19:44:09 - [MESSAGE][PASSED] - Delayed 2 second(s)

2019-09-19 19:44:09 - [TEST_STEP][PASSED] - executor.executeScript("arguments[0].click();", findWebElement(findTestObject("Object Repository/Page_cabi Shipping/a_submit_order"), 10)): null

2019-09-19 19:44:09 - [TEST_STEP][PASSED] - click(findTestObject("Object Repository/Page_cabi Shipping/a_order_view")): Object: 'Object Repository/Page_cabi Shipping/a_order_view' is clicked on

2019-09-19 19:44:12 - [MESSAGE][PASSED] - Object: 'Object Repository/Page_cabi Shipping/a_order_view' is clicked on

2019-09-19 19:44:12 - [TEST_STEP][PASSED] - actualOrderStatus = getText(findTestObject("Object Repository/Page_cabi Shipping/span_order_status")): Text of object 'Object Repository/Page_cabi Shipping/span_order_status' is: 'ORDER STATUS : OPEN 
ORDER # SH708243631  '

2019-09-19 19:44:12 - [MESSAGE][PASSED] - Text of object 'Object Repository/Page_cabi Shipping/span_order_status' is: 'ORDER STATUS : OPEN 
ORDER # SH708243631  '

2019-09-19 19:44:12 - [TEST_STEP][PASSED] - expectedOrderStatus = "OPEN": null

2019-09-19 19:44:12 - [TEST_STEP][PASSED] - sa.assertTrue(actualOrderStatus.contains(expectedOrderStatus)): null

2019-09-19 19:44:12 - [TEST_STEP][PASSED] - println(actualOrderStatus): null

2019-09-19 19:44:12 - [TEST_STEP][PASSED] - click(findTestObject("Object Repository/Page_cabi Shipping/a_back_to_orders")): Object: 'Object Repository/Page_cabi Shipping/a_back_to_orders' is clicked on

2019-09-19 19:44:14 - [MESSAGE][PASSED] - Object: 'Object Repository/Page_cabi Shipping/a_back_to_orders' is clicked on

2019-09-19 19:44:14 - [TEST_STEP][PASSED] - delay(2): Delayed 2 second(s)

2019-09-19 19:44:16 - [MESSAGE][PASSED] - Delayed 2 second(s)

2019-09-19 19:44:16 - [TEST_STEP][PASSED] - buttonEditDTYNonOptedOrderCC = UtilityMethods.createTestObject("buttonEditDTYNonOptedOrderCC", "//table[@class='show-order-table']/tbody/tr/td/span[contains(text(), '", g3Var, "')]/parent::td/following-sibling::td[@class='column-order']/a"): null

2019-09-19 19:44:16 - [TEST_STEP][PASSED] - click(buttonEditDTYNonOptedOrderCC): Object: 'buttonEditDTYNonOptedOrderCC' is clicked on

2019-09-19 19:44:19 - [MESSAGE][PASSED] - Object: 'buttonEditDTYNonOptedOrderCC' is clicked on

2019-09-19 19:44:19 - [TEST_STEP][PASSED] - click(findTestObject("Object Repository/Page_cabi Shipping/a_edit_order")): Object: 'Object Repository/Page_cabi Shipping/a_edit_order' is clicked on

2019-09-19 19:44:24 - [MESSAGE][PASSED] - Object: 'Object Repository/Page_cabi Shipping/a_edit_order' is clicked on

2019-09-19 19:44:24 - [TEST_STEP][PASSED] - click(findTestObject("Object Repository/Page_cabi Shipping/a_edit_order_shipping")): Object: 'Object Repository/Page_cabi Shipping/a_edit_order_shipping' is clicked on

2019-09-19 19:44:24 - [MESSAGE][PASSED] - Object: 'Object Repository/Page_cabi Shipping/a_edit_order_shipping' is clicked on

2019-09-19 19:44:24 - [TEST_STEP][PASSED] - verifyElementNotHasAttribute(findTestObject("Object Repository/Page_cabi Shipping/check_as_dty_order"), "disabled", 20, CONTINUE_ON_FAILURE): Object 'Object Repository/Page_cabi Shipping/check_as_dty_order' does not have attribute 'disabled'

2019-09-19 19:44:25 - [MESSAGE][PASSED] - Object 'Object Repository/Page_cabi Shipping/check_as_dty_order' does not have attribute 'disabled'

2019-09-19 19:44:25 - [TEST_STEP][PASSED] - executor.executeScript("arguments[0].click();", findWebElement(findTestObject("Object Repository/Page_cabi Shipping/check_as_dty_order"), 10)): null

2019-09-19 19:44:26 - [TEST_STEP][PASSED] - delay(2): Delayed 2 second(s)

2019-09-19 19:44:28 - [MESSAGE][PASSED] - Delayed 2 second(s)

2019-09-19 19:44:28 - [TEST_STEP][PASSED] - click(findTestObject("Object Repository/Page_cabi Shipping/a_edit_order_payments")): Object: 'Object Repository/Page_cabi Shipping/a_edit_order_payments' is clicked on

2019-09-19 19:44:28 - [MESSAGE][PASSED] - Object: 'Object Repository/Page_cabi Shipping/a_edit_order_payments' is clicked on

2019-09-19 19:44:28 - [TEST_STEP][PASSED] - delay(3): Delayed 3 second(s)

2019-09-19 19:44:31 - [MESSAGE][PASSED] - Delayed 3 second(s)

2019-09-19 19:44:31 - [TEST_STEP][PASSED] - executor.executeScript("arguments[0].click();", findWebElement(findTestObject("Object Repository/Page_cabi Shipping/a_review_order"), 10)): null

2019-09-19 19:44:31 - [TEST_STEP][PASSED] - executor.executeScript("arguments[0].click();", findWebElement(findTestObject("Object Repository/Page_cabi Shipping/a_edit_order_save_changes"), 10)): null

2019-09-19 19:44:33 - [TEST_STEP][PASSED] - delay(2): Delayed 2 second(s)

2019-09-19 19:44:35 - [MESSAGE][PASSED] - Delayed 2 second(s)

2019-09-19 19:44:35 - [TEST_STEP][PASSED] - actualOrderStatus = getText(findTestObject("Object Repository/Page_cabi Shipping/span_order_status")): Text of object 'Object Repository/Page_cabi Shipping/span_order_status' is: 'ORDER STATUS : PENDING SHIPMENT 
ORDER # SH708243631  '

2019-09-19 19:44:35 - [MESSAGE][PASSED] - Text of object 'Object Repository/Page_cabi Shipping/span_order_status' is: 'ORDER STATUS : PENDING SHIPMENT 
ORDER # SH708243631  '

2019-09-19 19:44:35 - [TEST_STEP][PASSED] - expectedOrderStatus = "PENDING SHIPMENT": null

2019-09-19 19:44:35 - [TEST_STEP][PASSED] - sa.assertTrue(actualOrderStatus.contains(expectedOrderStatus)): null

2019-09-19 19:44:35 - [TEST_STEP][PASSED] - println(actualOrderStatus): null

2019-09-19 19:44:36 - [TEST_STEP][PASSED] - click(findTestObject("Object Repository/Page_cabi Shipping/a_back_to_orders")): Object: 'Object Repository/Page_cabi Shipping/a_back_to_orders' is clicked on

2019-09-19 19:44:37 - [MESSAGE][PASSED] - Object: 'Object Repository/Page_cabi Shipping/a_back_to_orders' is clicked on

2019-09-19 19:44:37 - [TEST_STEP][PASSED] - delay(2): Delayed 2 second(s)

2019-09-19 19:44:39 - [MESSAGE][PASSED] - Delayed 2 second(s)

2019-09-19 19:44:39 - [TEST_STEP][PASSED] - hVars = UtilityMethods.splitPersonName(hostess): null

2019-09-19 19:44:39 - [TEST_STEP][PASSED] - hVar = UtilityMethods.concat(hVars[1], ", ", hVars[0]): null

2019-09-19 19:44:39 - [TEST_STEP][PASSED] - buttonPlaceOrder = UtilityMethods.createTestObject("buttoPlaceOrder", "//table[@class='show-order-table']/tbody/tr/td/span[contains(text(), '", hVar, "')]/parent::td/following-sibling::td[1]/button"): null

2019-09-19 19:44:39 - [TEST_STEP][PASSED] - click(buttonPlaceOrder): Object: 'buttoPlaceOrder' is clicked on

2019-09-19 19:44:42 - [MESSAGE][PASSED] - Object: 'buttoPlaceOrder' is clicked on

2019-09-19 19:44:42 - [TEST_STEP][PASSED] - delay(3): Delayed 3 second(s)

2019-09-19 19:44:45 - [MESSAGE][PASSED] - Delayed 3 second(s)

2019-09-19 19:44:45 - [TEST_STEP][PASSED] - noDTYMsg = findWebElements(findTestObject("Object Repository/virualShowRSVPOR/DTY/label_DtyEligibility"), 5): Unable to find the element located by 'By.xpath: //form[@name='guest_form']/div/label'. Please recheck the objects properties to make sure the desired element is located. 

2019-09-19 19:44:50 - [MESSAGE][INFO] - Unable to find the element located by 'By.xpath: //form[@name='guest_form']/div/label'. Please recheck the objects properties to make sure the desired element is located. 

2019-09-19 19:44:50 - [TEST_STEP][PASSED] - if (noDTYMsg.size() > 0): null

2019-09-19 19:44:50 - [TEST_STEP][PASSED] - check(findTestObject("Object Repository/Page_cabi Home/a_same_shipping_address")): Object 'Object Repository/Page_cabi Home/a_same_shipping_address' is checked

2019-09-19 19:44:50 - [MESSAGE][PASSED] - Object 'Object Repository/Page_cabi Home/a_same_shipping_address' is checked

2019-09-19 19:44:50 - [TEST_STEP][PASSED] - delay(3): Delayed 3 second(s)

2019-09-19 19:44:53 - [MESSAGE][PASSED] - Delayed 3 second(s)

2019-09-19 19:44:53 - [TEST_STEP][PASSED] - executor.executeScript("arguments[0].click();", findWebElement(findTestObject("Object Repository/Page_cabi Home/a_order_items"), 5)): null

2019-09-19 19:44:53 - [TEST_STEP][PASSED] - click(findTestObject("Object Repository/Page_cabi Retail Store/span_quick_entry")): Object: 'Object Repository/Page_cabi Retail Store/span_quick_entry' is clicked on

2019-09-19 19:44:56 - [MESSAGE][PASSED] - Object: 'Object Repository/Page_cabi Retail Store/span_quick_entry' is clicked on

2019-09-19 19:44:56 - [TEST_STEP][PASSED] - delay(3): Delayed 3 second(s)

2019-09-19 19:44:59 - [MESSAGE][PASSED] - Delayed 3 second(s)

2019-09-19 19:44:59 - [TEST_STEP][PASSED] - emptyCart = findWebElements(findTestObject("Object Repository/Page_cabi Personal Store/removeFromCart"), 5): Unable to find the element located by 'By.xpath: //*[@id="removeFromCart_0"]/span'. Please recheck the objects properties to make sure the desired element is located. 

2019-09-19 19:45:05 - [MESSAGE][INFO] - Unable to find the element located by 'By.xpath: //*[@id="removeFromCart_0"]/span'. Please recheck the objects properties to make sure the desired element is located. 

2019-09-19 19:45:05 - [TEST_STEP][PASSED] - if (emptyCart.size() > 0): null

2019-09-19 19:45:05 - [TEST_STEP][PASSED] - addOnStyle = findTestData("miscData").getValue("addOnStyle", 1): null

2019-09-19 19:45:05 - [TEST_STEP][PASSED] - addOnStyle2 = findTestData("miscData").getValue("addOnStyle", 2): null

2019-09-19 19:45:05 - [TEST_STEP][PASSED] - setText(findTestObject("Object Repository/Page_cabi Create Order/input_Manual Discount_stylelookup_0"), addOnStyle): Text '3701' is set on object 'Object Repository/Page_cabi Create Order/input_Manual Discount_stylelookup_0'

2019-09-19 19:45:05 - [MESSAGE][PASSED] - Text '3701' is set on object 'Object Repository/Page_cabi Create Order/input_Manual Discount_stylelookup_0'

2019-09-19 19:45:05 - [TEST_STEP][PASSED] - delay(2): Delayed 2 second(s)

2019-09-19 19:45:07 - [MESSAGE][PASSED] - Delayed 2 second(s)

2019-09-19 19:45:07 - [TEST_STEP][PASSED] - sendKeys(findTestObject("Object Repository/Page_cabi Create Order/input_Manual Discount_stylelookup_0"), Keys.chord(ARROW_DOWN)): Keys 'DOWN + ' sent to object: 'Object Repository/Page_cabi Create Order/input_Manual Discount_stylelookup_0'

2019-09-19 19:45:07 - [MESSAGE][PASSED] - Keys 'DOWN + ' sent to object: 'Object Repository/Page_cabi Create Order/input_Manual Discount_stylelookup_0'

2019-09-19 19:45:07 - [TEST_STEP][PASSED] - delay(2): Delayed 2 second(s)

2019-09-19 19:45:09 - [MESSAGE][PASSED] - Delayed 2 second(s)

2019-09-19 19:45:09 - [TEST_STEP][PASSED] - sendKeys(findTestObject("Object Repository/Page_cabi Create Order/input_Manual Discount_stylelookup_0"), Keys.chord(ARROW_DOWN)): Keys 'DOWN + ' sent to object: 'Object Repository/Page_cabi Create Order/input_Manual Discount_stylelookup_0'

2019-09-19 19:45:09 - [MESSAGE][PASSED] - Keys 'DOWN + ' sent to object: 'Object Repository/Page_cabi Create Order/input_Manual Discount_stylelookup_0'

2019-09-19 19:45:09 - [TEST_STEP][PASSED] - sendKeys(findTestObject("Object Repository/Page_cabi Create Order/input_Manual Discount_stylelookup_0"), Keys.chord(ENTER)): Keys 'ENTER + ' sent to object: 'Object Repository/Page_cabi Create Order/input_Manual Discount_stylelookup_0'

2019-09-19 19:45:09 - [MESSAGE][PASSED] - Keys 'ENTER + ' sent to object: 'Object Repository/Page_cabi Create Order/input_Manual Discount_stylelookup_0'

2019-09-19 19:45:09 - [TEST_STEP][PASSED] - delay(5): Delayed 5 second(s)

2019-09-19 19:45:14 - [MESSAGE][PASSED] - Delayed 5 second(s)

2019-09-19 19:45:14 - [TEST_STEP][PASSED] - click(findTestObject("Object Repository/Page_cabi Order Items/selectSize")): Object: 'Object Repository/Page_cabi Order Items/selectSize' is clicked on

2019-09-19 19:45:14 - [MESSAGE][PASSED] - Object: 'Object Repository/Page_cabi Order Items/selectSize' is clicked on

2019-09-19 19:45:14 - [TEST_STEP][PASSED] - delay(3): Delayed 3 second(s)

2019-09-19 19:45:17 - [MESSAGE][PASSED] - Delayed 3 second(s)

2019-09-19 19:45:17 - [TEST_STEP][PASSED] - click(findTestObject("Object Repository/Page_cabi Order Items/span_Add to Cart")): Object: 'Object Repository/Page_cabi Order Items/span_Add to Cart' is clicked on

2019-09-19 19:45:17 - [MESSAGE][PASSED] - Object: 'Object Repository/Page_cabi Order Items/span_Add to Cart' is clicked on

2019-09-19 19:45:17 - [TEST_STEP][PASSED] - delay(5): Delayed 5 second(s)

2019-09-19 19:45:22 - [MESSAGE][PASSED] - Delayed 5 second(s)

2019-09-19 19:45:22 - [TEST_STEP][PASSED] - click(findTestObject("Object Repository/Page_cabi Order Items/a_next")): Object: 'Object Repository/Page_cabi Order Items/a_next' is clicked on

2019-09-19 19:45:22 - [MESSAGE][PASSED] - Object: 'Object Repository/Page_cabi Order Items/a_next' is clicked on

2019-09-19 19:45:22 - [TEST_STEP][PASSED] - delay(3): Delayed 3 second(s)

2019-09-19 19:45:25 - [MESSAGE][PASSED] - Delayed 3 second(s)

2019-09-19 19:45:25 - [TEST_STEP][PASSED] - noDTYMsg = findWebElements(findTestObject("Object Repository/Page_cabi Shipping/label_DTYMsg1"), 5): Unable to find the element located by 'By.xpath: //div[@id='shipping-info-section']/div/label[1]'. Please recheck the objects properties to make sure the desired element is located. 

2019-09-19 19:45:31 - [MESSAGE][INFO] - Unable to find the element located by 'By.xpath: //div[@id='shipping-info-section']/div/label[1]'. Please recheck the objects properties to make sure the desired element is located. 

2019-09-19 19:45:31 - [TEST_STEP][PASSED] - if (noDTYMsg.size() > 0): null

2019-09-19 19:45:31 - [TEST_STEP][PASSED] - noDTYCheck = findWebElements(findTestObject("Object Repository/Page_cabi Shipping/check_as_dty_order"), 5): Unable to find the element located by 'By.xpath: //div[@id='shipping-info-section']/div/label/input[@id='toggleShipNow']'. Please recheck the objects properties to make sure the desired element is located. 

2019-09-19 19:45:36 - [MESSAGE][INFO] - Unable to find the element located by 'By.xpath: //div[@id='shipping-info-section']/div/label/input[@id='toggleShipNow']'. Please recheck the objects properties to make sure the desired element is located. 

2019-09-19 19:45:36 - [TEST_STEP][PASSED] - if (noDTYCheck.size() > 0): null

2019-09-19 19:45:36 - [TEST_STEP][PASSED] - delay(5): Delayed 5 second(s)

2019-09-19 19:45:41 - [MESSAGE][PASSED] - Delayed 5 second(s)

2019-09-19 19:45:41 - [TEST_STEP][PASSED] - click(findTestObject("Object Repository/Page_cabi Shipping/a_show_order_checkout_next")): Object: 'Object Repository/Page_cabi Shipping/a_show_order_checkout_next' is clicked on

2019-09-19 19:45:41 - [MESSAGE][PASSED] - Object: 'Object Repository/Page_cabi Shipping/a_show_order_checkout_next' is clicked on

2019-09-19 19:45:41 - [TEST_STEP][PASSED] - delay(1): Delayed 1 second(s)

2019-09-19 19:45:42 - [MESSAGE][PASSED] - Delayed 1 second(s)

2019-09-19 19:45:42 - [TEST_STEP][PASSED] - click(findTestObject("Object Repository/Page_cabi Shipping/a_make_first_payment")): Object: 'Object Repository/Page_cabi Shipping/a_make_first_payment' is clicked on

2019-09-19 19:45:44 - [MESSAGE][PASSED] - Object: 'Object Repository/Page_cabi Shipping/a_make_first_payment' is clicked on

2019-09-19 19:45:44 - [TEST_STEP][PASSED] - delay(3): Delayed 3 second(s)

2019-09-19 19:45:47 - [MESSAGE][PASSED] - Delayed 3 second(s)

2019-09-19 19:45:47 - [TEST_STEP][PASSED] - DTYMsgs = findWebElements(findTestObject("Object Repository/Page_cabi Shipping/li_DTY_payment_info"), 5): null

2019-09-19 19:45:47 - [TEST_STEP][PASSED] - if (DTYMsgs.size() > 0): null

2019-09-19 19:45:47 - [TEST_STEP][PASSED] - sa.assertTrue(false): null

2019-09-19 19:45:47 - [TEST_STEP][PASSED] - callTestCase(findTestCase("TestCaseUtilities/showOrderPaeymentCC"), [:], STOP_ON_FAILURE): Call Test Case 'Test Cases/TestCaseUtilities/showOrderPaeymentCC' successfully

2019-09-19 19:45:47 - [TEST_CASE][PASSED] - Test Cases/TestCaseUtilities/showOrderPaeymentCC: Test Cases/TestCaseUtilities/showOrderPaeymentCC

2019-09-19 19:45:47 - [TEST_STEP][PASSED] - driver = getWebDriver(): null

2019-09-19 19:45:47 - [TEST_STEP][PASSED] - executor = driver: null

2019-09-19 19:45:47 - [TEST_STEP][PASSED] - click(findTestObject("Object Repository/Page_cabi Shipping/select_payment_options_select")): Object: 'Object Repository/Page_cabi Shipping/select_payment_options_select' is clicked on

2019-09-19 19:45:47 - [MESSAGE][PASSED] - Object: 'Object Repository/Page_cabi Shipping/select_payment_options_select' is clicked on

2019-09-19 19:45:47 - [TEST_STEP][PASSED] - click(findTestObject("Object Repository/Page_cabi Shipping/select_payment_options_new_cc")): Object: 'Object Repository/Page_cabi Shipping/select_payment_options_new_cc' is clicked on

2019-09-19 19:45:47 - [MESSAGE][PASSED] - Object: 'Object Repository/Page_cabi Shipping/select_payment_options_new_cc' is clicked on

2019-09-19 19:45:47 - [TEST_STEP][PASSED] - delay(3): Delayed 3 second(s)

2019-09-19 19:45:50 - [MESSAGE][PASSED] - Delayed 3 second(s)

2019-09-19 19:45:50 - [TEST_STEP][PASSED] - executor.executeScript("arguments[0].click();", findWebElement(findTestObject("Object Repository/Page_cabi Shipping/select_payment_visa"), 10)): null

2019-09-19 19:45:50 - [TEST_STEP][PASSED] - setText(findTestObject("Object Repository/Page_cabi Shipping/select_payment_fname"), "abcd"): Text 'abcd' is set on object 'Object Repository/Page_cabi Shipping/select_payment_fname'

2019-09-19 19:45:50 - [MESSAGE][PASSED] - Text 'abcd' is set on object 'Object Repository/Page_cabi Shipping/select_payment_fname'

2019-09-19 19:45:50 - [TEST_STEP][PASSED] - setText(findTestObject("Object Repository/Page_cabi Shipping/select_payment_lname"), "fghi"): Text 'fghi' is set on object 'Object Repository/Page_cabi Shipping/select_payment_lname'

2019-09-19 19:45:51 - [MESSAGE][PASSED] - Text 'fghi' is set on object 'Object Repository/Page_cabi Shipping/select_payment_lname'

2019-09-19 19:45:51 - [TEST_STEP][PASSED] - setText(findTestObject("Object Repository/Page_cabi Shipping/select_payment_card_number"), "4111111111111111"): Text '4111111111111111' is set on object 'Object Repository/Page_cabi Shipping/select_payment_card_number'

2019-09-19 19:45:51 - [MESSAGE][PASSED] - Text '4111111111111111' is set on object 'Object Repository/Page_cabi Shipping/select_payment_card_number'

2019-09-19 19:45:51 - [TEST_STEP][PASSED] - click(findTestObject("Object Repository/Page_cabi Shipping/select_payment_exp_date_month")): Object: 'Object Repository/Page_cabi Shipping/select_payment_exp_date_month' is clicked on

2019-09-19 19:45:51 - [MESSAGE][PASSED] - Object: 'Object Repository/Page_cabi Shipping/select_payment_exp_date_month' is clicked on

2019-09-19 19:45:51 - [TEST_STEP][PASSED] - click(findTestObject("Object Repository/Page_cabi Shipping/select_payment_exp_date_year")): Object: 'Object Repository/Page_cabi Shipping/select_payment_exp_date_year' is clicked on

2019-09-19 19:45:51 - [MESSAGE][PASSED] - Object: 'Object Repository/Page_cabi Shipping/select_payment_exp_date_year' is clicked on

2019-09-19 19:45:51 - [TEST_STEP][PASSED] - executor.executeScript("arguments[0].click();", findWebElement(findTestObject("Object Repository/Page_cabi Shipping/input_select_billing_add_same_as_mailing_add"), 10)): null

2019-09-19 19:45:51 - [TEST_STEP][PASSED] - delay(3): Delayed 3 second(s)

2019-09-19 19:45:54 - [MESSAGE][PASSED] - Delayed 3 second(s)

2019-09-19 19:45:54 - [TEST_STEP][PASSED] - executor.executeScript("arguments[0].click();", findWebElement(findTestObject("Object Repository/Page_cabi Shipping/a_save_shipping_info"), 10)): null

2019-09-19 19:45:58 - [TEST_STEP][PASSED] - delay(2): Delayed 2 second(s)

2019-09-19 19:46:00 - [MESSAGE][PASSED] - Delayed 2 second(s)

2019-09-19 19:46:00 - [TEST_STEP][PASSED] - executor.executeScript("arguments[0].click();", findWebElement(findTestObject("Object Repository/Page_cabi Shipping/a_review_order"), 10)): null

2019-09-19 19:46:00 - [TEST_STEP][PASSED] - delay(2): Delayed 2 second(s)

2019-09-19 19:46:02 - [MESSAGE][PASSED] - Delayed 2 second(s)

2019-09-19 19:46:02 - [MESSAGE][PASSED] - Call Test Case 'Test Cases/TestCaseUtilities/showOrderPaeymentCC' successfully

2019-09-19 19:46:02 - [TEST_STEP][PASSED] - delay(2): Delayed 2 second(s)

2019-09-19 19:46:04 - [MESSAGE][PASSED] - Delayed 2 second(s)

2019-09-19 19:46:04 - [TEST_STEP][PASSED] - executor.executeScript("arguments[0].click();", findWebElement(findTestObject("Object Repository/Page_cabi Shipping/a_submit_order"), 10)): null

2019-09-19 19:46:04 - [TEST_STEP][PASSED] - click(findTestObject("Object Repository/Page_cabi Shipping/a_order_view")): Object: 'Object Repository/Page_cabi Shipping/a_order_view' is clicked on

2019-09-19 19:46:07 - [MESSAGE][PASSED] - Object: 'Object Repository/Page_cabi Shipping/a_order_view' is clicked on

2019-09-19 19:46:07 - [TEST_STEP][PASSED] - actualOrderStatus = getText(findTestObject("Object Repository/Page_cabi Shipping/span_order_status")): Text of object 'Object Repository/Page_cabi Shipping/span_order_status' is: 'ORDER STATUS : OPEN 
ORDER # SH708243632  '

2019-09-19 19:46:07 - [MESSAGE][PASSED] - Text of object 'Object Repository/Page_cabi Shipping/span_order_status' is: 'ORDER STATUS : OPEN 
ORDER # SH708243632  '

2019-09-19 19:46:07 - [TEST_STEP][PASSED] - expectedOrderStatus = "OPEN": null

2019-09-19 19:46:07 - [TEST_STEP][PASSED] - sa.assertTrue(actualOrderStatus.contains(expectedOrderStatus)): null

2019-09-19 19:46:07 - [TEST_STEP][PASSED] - println(actualOrderStatus): null

2019-09-19 19:46:07 - [TEST_STEP][PASSED] - click(findTestObject("Object Repository/Page_cabi Shipping/a_back_to_orders")): Object: 'Object Repository/Page_cabi Shipping/a_back_to_orders' is clicked on

2019-09-19 19:46:09 - [MESSAGE][PASSED] - Object: 'Object Repository/Page_cabi Shipping/a_back_to_orders' is clicked on

2019-09-19 19:46:09 - [TEST_STEP][PASSED] - delay(2): Delayed 2 second(s)

2019-09-19 19:46:11 - [MESSAGE][PASSED] - Delayed 2 second(s)

2019-09-19 19:46:11 - [TEST_STEP][PASSED] - chVars = UtilityMethods.splitPersonName(cohostess): null

2019-09-19 19:46:11 - [TEST_STEP][PASSED] - chVar = UtilityMethods.concat(chVars[1], ", ", chVars[0]): null

2019-09-19 19:46:11 - [TEST_STEP][PASSED] - buttonPlaceOrder = UtilityMethods.createTestObject("buttoPlaceOrder", "//table[@class='show-order-table']/tbody/tr/td/span[contains(text(), '", chVar, "')]/parent::td/following-sibling::td[1]/button"): null

2019-09-19 19:46:11 - [TEST_STEP][PASSED] - click(buttonPlaceOrder): Object: 'buttoPlaceOrder' is clicked on

2019-09-19 19:46:13 - [MESSAGE][PASSED] - Object: 'buttoPlaceOrder' is clicked on

2019-09-19 19:46:13 - [TEST_STEP][PASSED] - delay(3): Delayed 3 second(s)

2019-09-19 19:46:16 - [MESSAGE][PASSED] - Delayed 3 second(s)

2019-09-19 19:46:16 - [TEST_STEP][PASSED] - noDTYMsg = findWebElements(findTestObject("Object Repository/virualShowRSVPOR/DTY/label_DtyEligibility"), 5): Unable to find the element located by 'By.xpath: //form[@name='guest_form']/div/label'. Please recheck the objects properties to make sure the desired element is located. 

2019-09-19 19:46:21 - [MESSAGE][INFO] - Unable to find the element located by 'By.xpath: //form[@name='guest_form']/div/label'. Please recheck the objects properties to make sure the desired element is located. 

2019-09-19 19:46:21 - [TEST_STEP][PASSED] - if (noDTYMsg.size() > 0): null

2019-09-19 19:46:21 - [TEST_STEP][PASSED] - check(findTestObject("Object Repository/Page_cabi Home/a_same_shipping_address")): Object 'Object Repository/Page_cabi Home/a_same_shipping_address' is checked

2019-09-19 19:46:21 - [MESSAGE][PASSED] - Object 'Object Repository/Page_cabi Home/a_same_shipping_address' is checked

2019-09-19 19:46:21 - [TEST_STEP][PASSED] - delay(3): Delayed 3 second(s)

2019-09-19 19:46:24 - [MESSAGE][PASSED] - Delayed 3 second(s)

2019-09-19 19:46:24 - [TEST_STEP][PASSED] - executor.executeScript("arguments[0].click();", findWebElement(findTestObject("Object Repository/Page_cabi Home/a_order_items"), 5)): null

2019-09-19 19:46:25 - [TEST_STEP][PASSED] - click(findTestObject("Object Repository/Page_cabi Retail Store/span_quick_entry")): Object: 'Object Repository/Page_cabi Retail Store/span_quick_entry' is clicked on

2019-09-19 19:46:28 - [MESSAGE][PASSED] - Object: 'Object Repository/Page_cabi Retail Store/span_quick_entry' is clicked on

2019-09-19 19:46:28 - [TEST_STEP][PASSED] - delay(3): Delayed 3 second(s)

2019-09-19 19:46:31 - [MESSAGE][PASSED] - Delayed 3 second(s)

2019-09-19 19:46:31 - [TEST_STEP][PASSED] - emptyCart = findWebElements(findTestObject("Object Repository/Page_cabi Personal Store/removeFromCart"), 5): Unable to find the element located by 'By.xpath: //*[@id="removeFromCart_0"]/span'. Please recheck the objects properties to make sure the desired element is located. 

2019-09-19 19:46:36 - [MESSAGE][INFO] - Unable to find the element located by 'By.xpath: //*[@id="removeFromCart_0"]/span'. Please recheck the objects properties to make sure the desired element is located. 

2019-09-19 19:46:36 - [TEST_STEP][PASSED] - if (emptyCart.size() > 0): null

2019-09-19 19:46:36 - [TEST_STEP][PASSED] - addOnStyle = findTestData("miscData").getValue("addOnStyle", 1): null

2019-09-19 19:46:36 - [TEST_STEP][PASSED] - addOnStyle2 = findTestData("miscData").getValue("addOnStyle", 2): null

2019-09-19 19:46:36 - [TEST_STEP][PASSED] - setText(findTestObject("Object Repository/Page_cabi Create Order/input_Manual Discount_stylelookup_0"), addOnStyle): Text '3701' is set on object 'Object Repository/Page_cabi Create Order/input_Manual Discount_stylelookup_0'

2019-09-19 19:46:36 - [MESSAGE][PASSED] - Text '3701' is set on object 'Object Repository/Page_cabi Create Order/input_Manual Discount_stylelookup_0'

2019-09-19 19:46:36 - [TEST_STEP][PASSED] - delay(2): Delayed 2 second(s)

2019-09-19 19:46:38 - [MESSAGE][PASSED] - Delayed 2 second(s)

2019-09-19 19:46:38 - [TEST_STEP][PASSED] - sendKeys(findTestObject("Object Repository/Page_cabi Create Order/input_Manual Discount_stylelookup_0"), Keys.chord(ARROW_DOWN)): Keys 'DOWN + ' sent to object: 'Object Repository/Page_cabi Create Order/input_Manual Discount_stylelookup_0'

2019-09-19 19:46:38 - [MESSAGE][PASSED] - Keys 'DOWN + ' sent to object: 'Object Repository/Page_cabi Create Order/input_Manual Discount_stylelookup_0'

2019-09-19 19:46:38 - [TEST_STEP][PASSED] - delay(2): Delayed 2 second(s)

2019-09-19 19:46:40 - [MESSAGE][PASSED] - Delayed 2 second(s)

2019-09-19 19:46:40 - [TEST_STEP][PASSED] - sendKeys(findTestObject("Object Repository/Page_cabi Create Order/input_Manual Discount_stylelookup_0"), Keys.chord(ARROW_DOWN)): Keys 'DOWN + ' sent to object: 'Object Repository/Page_cabi Create Order/input_Manual Discount_stylelookup_0'

2019-09-19 19:46:41 - [MESSAGE][PASSED] - Keys 'DOWN + ' sent to object: 'Object Repository/Page_cabi Create Order/input_Manual Discount_stylelookup_0'

2019-09-19 19:46:41 - [TEST_STEP][PASSED] - sendKeys(findTestObject("Object Repository/Page_cabi Create Order/input_Manual Discount_stylelookup_0"), Keys.chord(ENTER)): Keys 'ENTER + ' sent to object: 'Object Repository/Page_cabi Create Order/input_Manual Discount_stylelookup_0'

2019-09-19 19:46:41 - [MESSAGE][PASSED] - Keys 'ENTER + ' sent to object: 'Object Repository/Page_cabi Create Order/input_Manual Discount_stylelookup_0'

2019-09-19 19:46:41 - [TEST_STEP][PASSED] - delay(5): Delayed 5 second(s)

2019-09-19 19:46:46 - [MESSAGE][PASSED] - Delayed 5 second(s)

2019-09-19 19:46:46 - [TEST_STEP][PASSED] - click(findTestObject("Object Repository/Page_cabi Order Items/selectSize")): Object: 'Object Repository/Page_cabi Order Items/selectSize' is clicked on

2019-09-19 19:46:46 - [MESSAGE][PASSED] - Object: 'Object Repository/Page_cabi Order Items/selectSize' is clicked on

2019-09-19 19:46:46 - [TEST_STEP][PASSED] - delay(3): Delayed 3 second(s)

2019-09-19 19:46:49 - [MESSAGE][PASSED] - Delayed 3 second(s)

2019-09-19 19:46:49 - [TEST_STEP][PASSED] - click(findTestObject("Object Repository/Page_cabi Order Items/span_Add to Cart")): Object: 'Object Repository/Page_cabi Order Items/span_Add to Cart' is clicked on

2019-09-19 19:46:49 - [MESSAGE][PASSED] - Object: 'Object Repository/Page_cabi Order Items/span_Add to Cart' is clicked on

2019-09-19 19:46:49 - [TEST_STEP][PASSED] - delay(5): Delayed 5 second(s)

2019-09-19 19:46:54 - [MESSAGE][PASSED] - Delayed 5 second(s)

2019-09-19 19:46:54 - [TEST_STEP][PASSED] - click(findTestObject("Object Repository/Page_cabi Order Items/a_next")): Object: 'Object Repository/Page_cabi Order Items/a_next' is clicked on

2019-09-19 19:46:54 - [MESSAGE][PASSED] - Object: 'Object Repository/Page_cabi Order Items/a_next' is clicked on

2019-09-19 19:46:54 - [TEST_STEP][PASSED] - delay(3): Delayed 3 second(s)

2019-09-19 19:46:57 - [MESSAGE][PASSED] - Delayed 3 second(s)

2019-09-19 19:46:57 - [TEST_STEP][PASSED] - noDTYMsg = findWebElements(findTestObject("Object Repository/Page_cabi Shipping/label_DTYMsg1"), 5): Unable to find the element located by 'By.xpath: //div[@id='shipping-info-section']/div/label[1]'. Please recheck the objects properties to make sure the desired element is located. 

2019-09-19 19:47:02 - [MESSAGE][INFO] - Unable to find the element located by 'By.xpath: //div[@id='shipping-info-section']/div/label[1]'. Please recheck the objects properties to make sure the desired element is located. 

2019-09-19 19:47:02 - [TEST_STEP][PASSED] - if (noDTYMsg.size() > 0): null

2019-09-19 19:47:02 - [TEST_STEP][PASSED] - noDTYCheck = findWebElements(findTestObject("Object Repository/Page_cabi Shipping/check_as_dty_order"), 5): Unable to find the element located by 'By.xpath: //div[@id='shipping-info-section']/div/label/input[@id='toggleShipNow']'. Please recheck the objects properties to make sure the desired element is located. 

2019-09-19 19:47:07 - [MESSAGE][INFO] - Unable to find the element located by 'By.xpath: //div[@id='shipping-info-section']/div/label/input[@id='toggleShipNow']'. Please recheck the objects properties to make sure the desired element is located. 

2019-09-19 19:47:07 - [TEST_STEP][PASSED] - if (noDTYCheck.size() > 0): null

2019-09-19 19:47:07 - [TEST_STEP][PASSED] - delay(5): Delayed 5 second(s)

2019-09-19 19:47:12 - [MESSAGE][PASSED] - Delayed 5 second(s)

2019-09-19 19:47:12 - [TEST_STEP][PASSED] - click(findTestObject("Object Repository/Page_cabi Shipping/a_show_order_checkout_next")): Object: 'Object Repository/Page_cabi Shipping/a_show_order_checkout_next' is clicked on

2019-09-19 19:47:12 - [MESSAGE][PASSED] - Object: 'Object Repository/Page_cabi Shipping/a_show_order_checkout_next' is clicked on

2019-09-19 19:47:12 - [TEST_STEP][PASSED] - delay(1): Delayed 1 second(s)

2019-09-19 19:47:13 - [MESSAGE][PASSED] - Delayed 1 second(s)

2019-09-19 19:47:13 - [TEST_STEP][PASSED] - click(findTestObject("Object Repository/Page_cabi Shipping/a_make_first_payment")): Object: 'Object Repository/Page_cabi Shipping/a_make_first_payment' is clicked on

2019-09-19 19:47:15 - [MESSAGE][PASSED] - Object: 'Object Repository/Page_cabi Shipping/a_make_first_payment' is clicked on

2019-09-19 19:47:15 - [TEST_STEP][PASSED] - delay(3): Delayed 3 second(s)

2019-09-19 19:47:18 - [MESSAGE][PASSED] - Delayed 3 second(s)

2019-09-19 19:47:18 - [TEST_STEP][PASSED] - DTYMsgs = findWebElements(findTestObject("Object Repository/Page_cabi Shipping/li_DTY_payment_info"), 5): null

2019-09-19 19:47:18 - [TEST_STEP][PASSED] - if (DTYMsgs.size() > 0): null

2019-09-19 19:47:18 - [TEST_STEP][PASSED] - sa.assertTrue(false): null

2019-09-19 19:47:18 - [TEST_STEP][PASSED] - callTestCase(findTestCase("TestCaseUtilities/showOrderPaeymentCC"), [:], STOP_ON_FAILURE): Call Test Case 'Test Cases/TestCaseUtilities/showOrderPaeymentCC' successfully

2019-09-19 19:47:18 - [TEST_CASE][PASSED] - Test Cases/TestCaseUtilities/showOrderPaeymentCC: Test Cases/TestCaseUtilities/showOrderPaeymentCC

2019-09-19 19:47:18 - [TEST_STEP][PASSED] - driver = getWebDriver(): null

2019-09-19 19:47:18 - [TEST_STEP][PASSED] - executor = driver: null

2019-09-19 19:47:18 - [TEST_STEP][PASSED] - click(findTestObject("Object Repository/Page_cabi Shipping/select_payment_options_select")): Object: 'Object Repository/Page_cabi Shipping/select_payment_options_select' is clicked on

2019-09-19 19:47:18 - [MESSAGE][PASSED] - Object: 'Object Repository/Page_cabi Shipping/select_payment_options_select' is clicked on

2019-09-19 19:47:18 - [TEST_STEP][PASSED] - click(findTestObject("Object Repository/Page_cabi Shipping/select_payment_options_new_cc")): Object: 'Object Repository/Page_cabi Shipping/select_payment_options_new_cc' is clicked on

2019-09-19 19:47:19 - [MESSAGE][PASSED] - Object: 'Object Repository/Page_cabi Shipping/select_payment_options_new_cc' is clicked on

2019-09-19 19:47:19 - [TEST_STEP][PASSED] - delay(3): Delayed 3 second(s)

2019-09-19 19:47:22 - [MESSAGE][PASSED] - Delayed 3 second(s)

2019-09-19 19:47:22 - [TEST_STEP][PASSED] - executor.executeScript("arguments[0].click();", findWebElement(findTestObject("Object Repository/Page_cabi Shipping/select_payment_visa"), 10)): null

2019-09-19 19:47:22 - [TEST_STEP][PASSED] - setText(findTestObject("Object Repository/Page_cabi Shipping/select_payment_fname"), "abcd"): Text 'abcd' is set on object 'Object Repository/Page_cabi Shipping/select_payment_fname'

2019-09-19 19:47:22 - [MESSAGE][PASSED] - Text 'abcd' is set on object 'Object Repository/Page_cabi Shipping/select_payment_fname'

2019-09-19 19:47:22 - [TEST_STEP][PASSED] - setText(findTestObject("Object Repository/Page_cabi Shipping/select_payment_lname"), "fghi"): Text 'fghi' is set on object 'Object Repository/Page_cabi Shipping/select_payment_lname'

2019-09-19 19:47:22 - [MESSAGE][PASSED] - Text 'fghi' is set on object 'Object Repository/Page_cabi Shipping/select_payment_lname'

2019-09-19 19:47:22 - [TEST_STEP][PASSED] - setText(findTestObject("Object Repository/Page_cabi Shipping/select_payment_card_number"), "4111111111111111"): Text '4111111111111111' is set on object 'Object Repository/Page_cabi Shipping/select_payment_card_number'

2019-09-19 19:47:22 - [MESSAGE][PASSED] - Text '4111111111111111' is set on object 'Object Repository/Page_cabi Shipping/select_payment_card_number'

2019-09-19 19:47:22 - [TEST_STEP][PASSED] - click(findTestObject("Object Repository/Page_cabi Shipping/select_payment_exp_date_month")): Object: 'Object Repository/Page_cabi Shipping/select_payment_exp_date_month' is clicked on

2019-09-19 19:47:23 - [MESSAGE][PASSED] - Object: 'Object Repository/Page_cabi Shipping/select_payment_exp_date_month' is clicked on

2019-09-19 19:47:23 - [TEST_STEP][PASSED] - click(findTestObject("Object Repository/Page_cabi Shipping/select_payment_exp_date_year")): Object: 'Object Repository/Page_cabi Shipping/select_payment_exp_date_year' is clicked on

2019-09-19 19:47:23 - [MESSAGE][PASSED] - Object: 'Object Repository/Page_cabi Shipping/select_payment_exp_date_year' is clicked on

2019-09-19 19:47:23 - [TEST_STEP][PASSED] - executor.executeScript("arguments[0].click();", findWebElement(findTestObject("Object Repository/Page_cabi Shipping/input_select_billing_add_same_as_mailing_add"), 10)): null

2019-09-19 19:47:23 - [TEST_STEP][PASSED] - delay(3): Delayed 3 second(s)

2019-09-19 19:47:26 - [MESSAGE][PASSED] - Delayed 3 second(s)

2019-09-19 19:47:26 - [TEST_STEP][PASSED] - executor.executeScript("arguments[0].click();", findWebElement(findTestObject("Object Repository/Page_cabi Shipping/a_save_shipping_info"), 10)): null

2019-09-19 19:47:29 - [TEST_STEP][PASSED] - delay(2): Delayed 2 second(s)

2019-09-19 19:47:31 - [MESSAGE][PASSED] - Delayed 2 second(s)

2019-09-19 19:47:31 - [TEST_STEP][PASSED] - executor.executeScript("arguments[0].click();", findWebElement(findTestObject("Object Repository/Page_cabi Shipping/a_review_order"), 10)): null

2019-09-19 19:47:32 - [TEST_STEP][PASSED] - delay(2): Delayed 2 second(s)

2019-09-19 19:47:34 - [MESSAGE][PASSED] - Delayed 2 second(s)

2019-09-19 19:47:34 - [MESSAGE][PASSED] - Call Test Case 'Test Cases/TestCaseUtilities/showOrderPaeymentCC' successfully

2019-09-19 19:47:34 - [TEST_STEP][PASSED] - executor.executeScript("arguments[0].click();", findWebElement(findTestObject("Object Repository/Page_cabi Shipping/a_submit_order"), 10)): null

2019-09-19 19:47:34 - [TEST_STEP][PASSED] - click(findTestObject("Object Repository/Page_cabi Shipping/a_order_view")): Object: 'Object Repository/Page_cabi Shipping/a_order_view' is clicked on

2019-09-19 19:47:37 - [MESSAGE][PASSED] - Object: 'Object Repository/Page_cabi Shipping/a_order_view' is clicked on

2019-09-19 19:47:37 - [TEST_STEP][PASSED] - actualOrderStatus = getText(findTestObject("Object Repository/Page_cabi Shipping/span_order_status")): Text of object 'Object Repository/Page_cabi Shipping/span_order_status' is: 'ORDER STATUS : OPEN 
ORDER # SH708243633  '

2019-09-19 19:47:37 - [MESSAGE][PASSED] - Text of object 'Object Repository/Page_cabi Shipping/span_order_status' is: 'ORDER STATUS : OPEN 
ORDER # SH708243633  '

2019-09-19 19:47:37 - [TEST_STEP][PASSED] - expectedOrderStatus = "OPEN": null

2019-09-19 19:47:37 - [TEST_STEP][PASSED] - sa.assertTrue(actualOrderStatus.contains(expectedOrderStatus)): null

2019-09-19 19:47:37 - [TEST_STEP][PASSED] - println(actualOrderStatus): null

2019-09-19 19:47:37 - [TEST_STEP][PASSED] - click(findTestObject("Object Repository/Page_cabi Shipping/a_back_to_orders")): Object: 'Object Repository/Page_cabi Shipping/a_back_to_orders' is clicked on

2019-09-19 19:47:38 - [MESSAGE][PASSED] - Object: 'Object Repository/Page_cabi Shipping/a_back_to_orders' is clicked on

2019-09-19 19:47:38 - [TEST_STEP][PASSED] - delay(2): Delayed 2 second(s)

2019-09-19 19:47:40 - [MESSAGE][PASSED] - Delayed 2 second(s)]]></system-out>
         <system-err><![CDATA[]]></system-err>
      </testcase>
      <testcase name="Test Cases/VirtualShow/BODTY/DTYNotEligible" classname="Test Cases/VirtualShow/BODTY/DTYNotEligible" status="PASSED">
         <system-out><![CDATA[2019-09-19 19:47:40 - [TEST_CASE][PASSED] - Test Cases/VirtualShow/BODTY/DTYNotEligible: Test Cases/VirtualShow/BODTY/DTYNotEligible

2019-09-19 19:47:40 - [TEST_STEP][PASSED] - Start listener action : sampleBeforeTestCase: null

2019-09-19 19:47:40 - [TEST_STEP][PASSED] - println(testCaseContext.getTestCaseId()): null

2019-09-19 19:47:40 - [TEST_STEP][PASSED] - println(testCaseContext.getTestCaseVariables()): null

2019-09-19 19:47:41 - [TEST_STEP][PASSED] - sa = new org.testng.asserts.SoftAssert(): null

2019-09-19 19:47:41 - [TEST_STEP][PASSED] - dataFile = "virtualShowData": null

2019-09-19 19:47:41 - [TEST_STEP][PASSED] - guest1 = findTestData(dataFile).getValue("guest1", 1): null

2019-09-19 19:47:41 - [TEST_STEP][PASSED] - guest2 = findTestData(dataFile).getValue("guest2", 1): null

2019-09-19 19:47:41 - [TEST_STEP][PASSED] - hostess = findTestData(dataFile).getValue("hostess", 1): null

2019-09-19 19:47:41 - [TEST_STEP][PASSED] - cohostess = findTestData(dataFile).getValue("cohostess", 1): null

2019-09-19 19:47:41 - [TEST_STEP][PASSED] - dfMM = new java.text.SimpleDateFormat(MM): null

2019-09-19 19:47:41 - [TEST_STEP][PASSED] - dfDD = new java.text.SimpleDateFormat(dd): null

2019-09-19 19:47:41 - [TEST_STEP][PASSED] - dfYYYY = new java.text.SimpleDateFormat(yyyy): null

2019-09-19 19:47:41 - [TEST_STEP][PASSED] - today = getInstance().getTime(): null

2019-09-19 19:47:41 - [TEST_STEP][PASSED] - c = Calendar.getInstance(): null

2019-09-19 19:47:41 - [TEST_STEP][PASSED] - c.setTime(today): null

2019-09-19 19:47:41 - [TEST_STEP][PASSED] - c.add(DATE, 3): null

2019-09-19 19:47:41 - [TEST_STEP][PASSED] - newShowDate = c.getTime(): null

2019-09-19 19:47:41 - [TEST_STEP][PASSED] - vsyear = dfYYYY.format(newShowDate): null

2019-09-19 19:47:41 - [TEST_STEP][PASSED] - vsmonth = dfMM.format(newShowDate): null

2019-09-19 19:47:41 - [TEST_STEP][PASSED] - vsday = dfDD.format(newShowDate): null

2019-09-19 19:47:41 - [TEST_STEP][PASSED] - c.add(DATE, -2): null

2019-09-19 19:47:41 - [TEST_STEP][PASSED] - showEligDate = c.getTime(): null

2019-09-19 19:47:41 - [TEST_STEP][PASSED] - vsyearElig = dfYYYY.format(showEligDate): null

2019-09-19 19:47:41 - [TEST_STEP][PASSED] - vsmonthElig = dfMM.format(showEligDate): null

2019-09-19 19:47:41 - [TEST_STEP][PASSED] - vsdayElig = dfDD.format(showEligDate): null

2019-09-19 19:47:41 - [TEST_STEP][PASSED] - println(UtilityMethods.concat("from DTY: ", vsday, " ", vsmonth, " ", vsyear)): null

2019-09-19 19:47:41 - [TEST_STEP][PASSED] - callTestCase(findTestCase("VirtualShow/createAPhysicalShow"), ["BOURL":"", "BOuser":"", "BOpass":"", "hostess":"", "cohostess":"", "vsday":vsday, "vsmonth":vsmonth, "vsyear":vsyear], STOP_ON_FAILURE): Call Test Case 'Test Cases/VirtualShow/createAPhysicalShow' successfully

2019-09-19 19:47:41 - [TEST_CASE][PASSED] - Test Cases/VirtualShow/createAPhysicalShow: Test Cases/VirtualShow/createAPhysicalShow

2019-09-19 19:47:41 - [TEST_STEP][PASSED] - dataFile = "virtualShowData": null

2019-09-19 19:47:41 - [TEST_STEP][PASSED] - stylist = findTestData(dataFile).getValue("stylist", 1): null

2019-09-19 19:47:41 - [TEST_STEP][PASSED] - hostess = findTestData(dataFile).getValue("hostess", 1): null

2019-09-19 19:47:42 - [TEST_STEP][PASSED] - cohostess = findTestData(dataFile).getValue("cohostess", 1): null

2019-09-19 19:47:42 - [TEST_STEP][PASSED] - guest1 = findTestData(dataFile).getValue("guest1", 1): null

2019-09-19 19:47:42 - [TEST_STEP][PASSED] - guest2 = findTestData(dataFile).getValue("guest2", 1): null

2019-09-19 19:47:42 - [TEST_STEP][PASSED] - verifyGuestCount = findTestData(dataFile).getValue("verifyGuestCount", 1): null

2019-09-19 19:47:42 - [TEST_STEP][PASSED] - RSTestEnvt = findTestData("envtData").getValue("RSTestEnvt", 1): null

2019-09-19 19:47:42 - [TEST_STEP][PASSED] - openBrowser(""): Browser is opened with url: ''

2019-09-19 19:47:42 - [MESSAGE][WARNING] - A browser is already opened. Closing browser and opening a new one

2019-09-19 19:47:43 - [MESSAGE][INFO] - Starting 'Chrome' driver

2019-09-19 19:47:43 - [MESSAGE][INFO] - User set preference: ['args', '[--use-fake-ui-for-media-stream, --start-maximized]']

2019-09-19 19:47:45 - [MESSAGE][PASSED] - Browser is opened with url: ''

2019-09-19 19:47:45 - [TEST_STEP][PASSED] - callTestCase(findTestCase("TestCaseUtilities/backOfficeLogin"), ["BOURL":"", "BOuser":"", "BOpass":""], CONTINUE_ON_FAILURE): Call Test Case 'Test Cases/TestCaseUtilities/backOfficeLogin' successfully

2019-09-19 19:47:45 - [TEST_CASE][PASSED] - Test Cases/TestCaseUtilities/backOfficeLogin: Test Cases/TestCaseUtilities/backOfficeLogin

2019-09-19 19:47:45 - [TEST_STEP][PASSED] - BOURL = findTestData("envtData").getValue("BOURL", 1): null

2019-09-19 19:47:45 - [TEST_STEP][PASSED] - BOuser = findTestData("credData").getValue("BOuser", 1): null

2019-09-19 19:47:45 - [TEST_STEP][PASSED] - BOpass = findTestData("credData").getValue("BOpass", 1): null

2019-09-19 19:47:45 - [TEST_STEP][PASSED] - openBrowser(""): Browser is opened with url: ''

2019-09-19 19:47:45 - [MESSAGE][WARNING] - A browser is already opened. Closing browser and opening a new one

2019-09-19 19:47:46 - [MESSAGE][INFO] - Starting 'Chrome' driver

2019-09-19 19:47:46 - [MESSAGE][INFO] - User set preference: ['args', '[--use-fake-ui-for-media-stream, --start-maximized]']

2019-09-19 19:47:48 - [MESSAGE][PASSED] - Browser is opened with url: ''

2019-09-19 19:47:48 - [TEST_STEP][PASSED] - navigateToUrl(BOURL): Navigate to 'https://test21.cliotest.com/backoffice/control/main' successfully

2019-09-19 19:47:56 - [MESSAGE][PASSED] - Navigate to 'https://test21.cliotest.com/backoffice/control/main' successfully

2019-09-19 19:47:56 - [TEST_STEP][PASSED] - logOut = findWebElements(findTestObject("Object Repository/Page_cabi Home/log_out"), 1): Unable to find the element located by 'By.xpath: //a[contains(text(),'Log Out')]'. Please recheck the objects properties to make sure the desired element is located. 

2019-09-19 19:47:57 - [MESSAGE][INFO] - Unable to find the element located by 'By.xpath: //a[contains(text(),'Log Out')]'. Please recheck the objects properties to make sure the desired element is located. 

2019-09-19 19:47:57 - [TEST_STEP][PASSED] - if (logOut.size() == 0): Object: 'Object Repository/Page_cabi/input_Welcome to_consultantLogin' is clicked on

2019-09-19 19:47:57 - [TEST_STEP][PASSED] - setText(findTestObject("Page_cabi/input_Welcome to_USERNAME"), BOuser): Text '400000002' is set on object 'Object Repository/Page_cabi/input_Welcome to_USERNAME'

2019-09-19 19:47:57 - [MESSAGE][PASSED] - Text '400000002' is set on object 'Object Repository/Page_cabi/input_Welcome to_USERNAME'

2019-09-19 19:47:57 - [TEST_STEP][PASSED] - setText(findTestObject("Object Repository/Page_cabi/input_Welcome to_PASSWORD"), BOpass): Text 'blackdress19' is set on object 'Object Repository/Page_cabi/input_Welcome to_PASSWORD'

2019-09-19 19:47:58 - [MESSAGE][PASSED] - Text 'blackdress19' is set on object 'Object Repository/Page_cabi/input_Welcome to_PASSWORD'

2019-09-19 19:47:58 - [TEST_STEP][PASSED] - click(findTestObject("Object Repository/Page_cabi/input_Welcome to_consultantLogin")): Object: 'Object Repository/Page_cabi/input_Welcome to_consultantLogin' is clicked on

2019-09-19 19:48:06 - [MESSAGE][PASSED] - Object: 'Object Repository/Page_cabi/input_Welcome to_consultantLogin' is clicked on

2019-09-19 19:48:06 - [TEST_STEP][PASSED] - delay(3): Delayed 3 second(s)

2019-09-19 19:48:09 - [MESSAGE][PASSED] - Delayed 3 second(s)

2019-09-19 19:48:09 - [MESSAGE][PASSED] - Call Test Case 'Test Cases/TestCaseUtilities/backOfficeLogin' successfully

2019-09-19 19:48:09 - [TEST_STEP][PASSED] - verifyElementText(findTestObject("Object Repository/virualShowRSVPOR/Page_cabi/span_username"), stylist): Actual text and expected text of test object 'Object Repository/virualShowRSVPOR/Page_cabi/span_username' are matched.

2019-09-19 19:48:09 - [MESSAGE][PASSED] - Actual text and expected text of test object 'Object Repository/virualShowRSVPOR/Page_cabi/span_username' are matched.

2019-09-19 19:48:09 - [TEST_STEP][PASSED] - click(findTestObject("Object Repository/virualShowRSVPOR/Page_cabi Home/a_shows _orders")): Object: 'Object Repository/virualShowRSVPOR/Page_cabi Home/a_shows _orders' is clicked on

2019-09-19 19:48:10 - [MESSAGE][PASSED] - Object: 'Object Repository/virualShowRSVPOR/Page_cabi Home/a_shows _orders' is clicked on

2019-09-19 19:48:10 - [TEST_STEP][PASSED] - click(findTestObject("Object Repository/virualShowRSVPOR/Page_cabi Home/a_Create_A_Show")): Object: 'Object Repository/virualShowRSVPOR/Page_cabi Home/a_Create_A_Show' is clicked on

2019-09-19 19:48:12 - [MESSAGE][PASSED] - Object: 'Object Repository/virualShowRSVPOR/Page_cabi Home/a_Create_A_Show' is clicked on

2019-09-19 19:48:12 - [TEST_STEP][PASSED] - setText(findTestObject("Object Repository/virualShowRSVPOR/Page_cabi Create Show - Set Hostess/input_Hostess"), hostess): Text 'ahostess-test abc' is set on object 'Object Repository/virualShowRSVPOR/Page_cabi Create Show - Set Hostess/input_Hostess'

2019-09-19 19:48:13 - [MESSAGE][PASSED] - Text 'ahostess-test abc' is set on object 'Object Repository/virualShowRSVPOR/Page_cabi Create Show - Set Hostess/input_Hostess'

2019-09-19 19:48:13 - [TEST_STEP][PASSED] - delay(2): Delayed 2 second(s)

2019-09-19 19:48:15 - [MESSAGE][PASSED] - Delayed 2 second(s)

2019-09-19 19:48:15 - [TEST_STEP][PASSED] - sendKeys(findTestObject("Object Repository/virualShowRSVPOR/Page_cabi Create Show - Set Hostess/input_Hostess"), Keys.chord(ARROW_DOWN)): Keys 'DOWN + ' sent to object: 'Object Repository/virualShowRSVPOR/Page_cabi Create Show - Set Hostess/input_Hostess'

2019-09-19 19:48:15 - [MESSAGE][PASSED] - Keys 'DOWN + ' sent to object: 'Object Repository/virualShowRSVPOR/Page_cabi Create Show - Set Hostess/input_Hostess'

2019-09-19 19:48:15 - [TEST_STEP][PASSED] - sendKeys(findTestObject("Object Repository/virualShowRSVPOR/Page_cabi Create Show - Set Hostess/input_Hostess"), Keys.chord(ENTER)): Keys 'ENTER + ' sent to object: 'Object Repository/virualShowRSVPOR/Page_cabi Create Show - Set Hostess/input_Hostess'

2019-09-19 19:48:15 - [MESSAGE][PASSED] - Keys 'ENTER + ' sent to object: 'Object Repository/virualShowRSVPOR/Page_cabi Create Show - Set Hostess/input_Hostess'

2019-09-19 19:48:15 - [TEST_STEP][PASSED] - delay(2): Delayed 2 second(s)

2019-09-19 19:48:17 - [MESSAGE][PASSED] - Delayed 2 second(s)

2019-09-19 19:48:17 - [TEST_STEP][PASSED] - validateHostessAddressMsg = findWebElements(findTestObject("Object Repository/virualShowRSVPOR/Page_cabi Create Show - Set Hostess/validate_address_msg"), 5): null

2019-09-19 19:48:17 - [TEST_STEP][PASSED] - println(validateHostessAddressMsg.size()): null

2019-09-19 19:48:17 - [TEST_STEP][PASSED] - if (validateHostessAddressMsg.isEmpty()): null

2019-09-19 19:48:17 - [TEST_STEP][PASSED] - selectOptionByValue(findTestObject("Object Repository/virualShowRSVPOR/Page_cabi Create Show - Set Hostess/select_Choose_From_Contacts_Co-Hostess"), "3", true): All options with value '3' are selected in object 'Object Repository/virualShowRSVPOR/Page_cabi Create Show - Set Hostess/select_Choose_From_Contacts_Co-Hostess'  using regular expression

2019-09-19 19:48:17 - [MESSAGE][PASSED] - All options with value '3' are selected in object 'Object Repository/virualShowRSVPOR/Page_cabi Create Show - Set Hostess/select_Choose_From_Contacts_Co-Hostess'  using regular expression

2019-09-19 19:48:17 - [TEST_STEP][PASSED] - setText(findTestObject("Object Repository/virualShowRSVPOR/Page_cabi Create Show - Set Hostess/input_Cohostess"), cohostess): Text 'bcohost-test abc' is set on object 'Object Repository/virualShowRSVPOR/Page_cabi Create Show - Set Hostess/input_Cohostess'

2019-09-19 19:48:18 - [MESSAGE][PASSED] - Text 'bcohost-test abc' is set on object 'Object Repository/virualShowRSVPOR/Page_cabi Create Show - Set Hostess/input_Cohostess'

2019-09-19 19:48:18 - [TEST_STEP][PASSED] - delay(2): Delayed 2 second(s)

2019-09-19 19:48:20 - [MESSAGE][PASSED] - Delayed 2 second(s)

2019-09-19 19:48:20 - [TEST_STEP][PASSED] - sendKeys(findTestObject("Object Repository/virualShowRSVPOR/Page_cabi Create Show - Set Hostess/input_Cohostess"), Keys.chord(ARROW_DOWN)): Keys 'DOWN + ' sent to object: 'Object Repository/virualShowRSVPOR/Page_cabi Create Show - Set Hostess/input_Cohostess'

2019-09-19 19:48:20 - [MESSAGE][PASSED] - Keys 'DOWN + ' sent to object: 'Object Repository/virualShowRSVPOR/Page_cabi Create Show - Set Hostess/input_Cohostess'

2019-09-19 19:48:20 - [TEST_STEP][PASSED] - sendKeys(findTestObject("Object Repository/virualShowRSVPOR/Page_cabi Create Show - Set Hostess/input_Cohostess"), Keys.chord(ENTER)): Keys 'ENTER + ' sent to object: 'Object Repository/virualShowRSVPOR/Page_cabi Create Show - Set Hostess/input_Cohostess'

2019-09-19 19:48:20 - [MESSAGE][PASSED] - Keys 'ENTER + ' sent to object: 'Object Repository/virualShowRSVPOR/Page_cabi Create Show - Set Hostess/input_Cohostess'

2019-09-19 19:48:20 - [TEST_STEP][PASSED] - delay(3): Delayed 3 second(s)

2019-09-19 19:48:23 - [MESSAGE][PASSED] - Delayed 3 second(s)

2019-09-19 19:48:23 - [TEST_STEP][PASSED] - validateHostessAddressMsg = findWebElements(findTestObject("Object Repository/virualShowRSVPOR/Page_cabi Create Show - Set Hostess/validate_address_msg"), 5): null

2019-09-19 19:48:23 - [TEST_STEP][PASSED] - if (validateHostessAddressMsg.size() != 4): null

2019-09-19 19:48:23 - [TEST_STEP][PASSED] - click(findTestObject("Object Repository/virualShowRSVPOR/Page_cabi Create Show - Set Hostess/input_next")): Object: 'Object Repository/virualShowRSVPOR/Page_cabi Create Show - Set Hostess/input_next' is clicked on

2019-09-19 19:48:25 - [MESSAGE][PASSED] - Object: 'Object Repository/virualShowRSVPOR/Page_cabi Create Show - Set Hostess/input_next' is clicked on

2019-09-19 19:48:25 - [TEST_STEP][PASSED] - click(findTestObject("Object Repository/virualShowRSVPOR/Page_cabi Create Show - Time and Place/check_Physical_Show")): Object: 'Object Repository/virualShowRSVPOR/Page_cabi Create Show - Time and Place/check_Physical_Show' is clicked on

2019-09-19 19:48:25 - [MESSAGE][PASSED] - Object: 'Object Repository/virualShowRSVPOR/Page_cabi Create Show - Time and Place/check_Physical_Show' is clicked on

2019-09-19 19:48:25 - [TEST_STEP][PASSED] - click(findTestObject("Object Repository/virualShowRSVPOR/Page_cabi Create Show - Time and Place/input_Show_Date_Time")): Object: 'Object Repository/virualShowRSVPOR/Page_cabi Create Show - Time and Place/input_Show_Date_Time' is clicked on

2019-09-19 19:48:25 - [MESSAGE][PASSED] - Object: 'Object Repository/virualShowRSVPOR/Page_cabi Create Show - Time and Place/input_Show_Date_Time' is clicked on

2019-09-19 19:48:25 - [TEST_STEP][PASSED] - println(UtilityMethods.concat(" ", vsday, " ", vsmonth, " ", vsyear)): null

2019-09-19 19:48:25 - [TEST_STEP][PASSED] - year = vsyear: null

2019-09-19 19:48:25 - [TEST_STEP][PASSED] - month = vsmonth: null

2019-09-19 19:48:25 - [TEST_STEP][PASSED] - day = vsday: null

2019-09-19 19:48:25 - [TEST_STEP][PASSED] - pastdate = findTestData("virtualShowData").getValue("pastdate", 1): null

2019-09-19 19:48:25 - [TEST_STEP][PASSED] - xpath = UtilityMethods.concat("//td[@data-month='" + month - 1 + "' and @data-year='" + year + "']/a[contains(text(), '" + day + "')]"): null

2019-09-19 19:48:25 - [TEST_STEP][PASSED] - dateObj = new com.kms.katalon.core.testobject.TestObject(td_month_year_day): null

2019-09-19 19:48:25 - [TEST_STEP][PASSED] - dateObj.addProperty("xpath", EQUALS, xpath): null

2019-09-19 19:48:25 - [TEST_STEP][PASSED] - monthBound = 12: null

2019-09-19 19:48:25 - [TEST_STEP][PASSED] - dateObjList = findWebElements(dateObj, 5): null

2019-09-19 19:48:25 - [TEST_STEP][PASSED] - while (dateObjList.size() == 0 && monthBound > 0): null

2019-09-19 19:48:25 - [TEST_STEP][PASSED] - click(dateObj): Object: 'td_month_year_day' is clicked on

2019-09-19 19:48:25 - [MESSAGE][PASSED] - Object: 'td_month_year_day' is clicked on

2019-09-19 19:48:25 - [TEST_STEP][PASSED] - click(findTestObject("Object Repository/virualShowRSVPOR/Page_cabi Create Show - Time and Place/a_select_End_Time")): Object: 'Object Repository/virualShowRSVPOR/Page_cabi Create Show - Time and Place/a_select_End_Time' is clicked on

2019-09-19 19:48:26 - [MESSAGE][PASSED] - Object: 'Object Repository/virualShowRSVPOR/Page_cabi Create Show - Time and Place/a_select_End_Time' is clicked on

2019-09-19 19:48:26 - [TEST_STEP][PASSED] - delay(2): Delayed 2 second(s)

2019-09-19 19:48:28 - [MESSAGE][PASSED] - Delayed 2 second(s)

2019-09-19 19:48:28 - [TEST_STEP][PASSED] - click(findTestObject("virualShowRSVPOR/Page_cabi Create Show - Time and Place/check_show_address_same_as_hostess")): Object: 'Object Repository/virualShowRSVPOR/Page_cabi Create Show - Time and Place/check_show_address_same_as_hostess' is clicked on

2019-09-19 19:48:28 - [MESSAGE][PASSED] - Object: 'Object Repository/virualShowRSVPOR/Page_cabi Create Show - Time and Place/check_show_address_same_as_hostess' is clicked on

2019-09-19 19:48:28 - [TEST_STEP][PASSED] - delay(2): Delayed 2 second(s)

2019-09-19 19:48:30 - [MESSAGE][PASSED] - Delayed 2 second(s)

2019-09-19 19:48:30 - [TEST_STEP][PASSED] - click(findTestObject("Object Repository/virualShowRSVPOR/Page_cabi Create Show - Time and Place/check_shipping_address_same_as_location")): Object: 'Object Repository/virualShowRSVPOR/Page_cabi Create Show - Time and Place/check_shipping_address_same_as_location' is clicked on

2019-09-19 19:48:30 - [MESSAGE][PASSED] - Object: 'Object Repository/virualShowRSVPOR/Page_cabi Create Show - Time and Place/check_shipping_address_same_as_location' is clicked on

2019-09-19 19:48:30 - [TEST_STEP][PASSED] - delay(2): Delayed 2 second(s)

2019-09-19 19:48:32 - [MESSAGE][PASSED] - Delayed 2 second(s)

2019-09-19 19:48:32 - [TEST_STEP][PASSED] - click(findTestObject("Object Repository/virualShowRSVPOR/Page_cabi Create Show - Time and Place/input_next")): Object: 'Object Repository/virualShowRSVPOR/Page_cabi Create Show - Time and Place/input_next' is clicked on

2019-09-19 19:48:32 - [MESSAGE][PASSED] - Object: 'Object Repository/virualShowRSVPOR/Page_cabi Create Show - Time and Place/input_next' is clicked on

2019-09-19 19:48:32 - [TEST_STEP][PASSED] - delay(5): Delayed 5 second(s)

2019-09-19 19:48:37 - [MESSAGE][PASSED] - Delayed 5 second(s)

2019-09-19 19:48:37 - [TEST_STEP][PASSED] - click(findTestObject("Object Repository/virualShowRSVPOR/Page_cabi Create Show - Invite Hostess/input_Skip_Invite")): Object: 'Object Repository/virualShowRSVPOR/Page_cabi Create Show - Invite Hostess/input_Skip_Invite' is clicked on

2019-09-19 19:48:40 - [MESSAGE][PASSED] - Object: 'Object Repository/virualShowRSVPOR/Page_cabi Create Show - Invite Hostess/input_Skip_Invite' is clicked on

2019-09-19 19:48:40 - [TEST_STEP][PASSED] - setText(findTestObject("Object Repository/virualShowRSVPOR/Page_cabi Edit Show - Add Guests/contact_search_box"), guest1): Text 'guest1-test abc' is set on object 'Object Repository/virualShowRSVPOR/Page_cabi Edit Show - Add Guests/contact_search_box'

2019-09-19 19:48:41 - [MESSAGE][PASSED] - Text 'guest1-test abc' is set on object 'Object Repository/virualShowRSVPOR/Page_cabi Edit Show - Add Guests/contact_search_box'

2019-09-19 19:48:41 - [TEST_STEP][PASSED] - delay(2): Delayed 2 second(s)

2019-09-19 19:48:43 - [MESSAGE][PASSED] - Delayed 2 second(s)

2019-09-19 19:48:43 - [TEST_STEP][PASSED] - sendKeys(findTestObject("Object Repository/virualShowRSVPOR/Page_cabi Edit Show - Add Guests/contact_search_box"), Keys.chord(ARROW_DOWN)): Keys 'DOWN + ' sent to object: 'Object Repository/virualShowRSVPOR/Page_cabi Edit Show - Add Guests/contact_search_box'

2019-09-19 19:48:43 - [MESSAGE][PASSED] - Keys 'DOWN + ' sent to object: 'Object Repository/virualShowRSVPOR/Page_cabi Edit Show - Add Guests/contact_search_box'

2019-09-19 19:48:43 - [TEST_STEP][PASSED] - sendKeys(findTestObject("Object Repository/virualShowRSVPOR/Page_cabi Edit Show - Add Guests/contact_search_box"), Keys.chord(ENTER)): Keys 'ENTER + ' sent to object: 'Object Repository/virualShowRSVPOR/Page_cabi Edit Show - Add Guests/contact_search_box'

2019-09-19 19:48:43 - [MESSAGE][PASSED] - Keys 'ENTER + ' sent to object: 'Object Repository/virualShowRSVPOR/Page_cabi Edit Show - Add Guests/contact_search_box'

2019-09-19 19:48:43 - [TEST_STEP][PASSED] - delay(2): Delayed 2 second(s)

2019-09-19 19:48:45 - [MESSAGE][PASSED] - Delayed 2 second(s)

2019-09-19 19:48:45 - [TEST_STEP][PASSED] - click(findTestObject("Object Repository/virualShowRSVPOR/Page_cabi Edit Show - Add Guests/a_add_guest")): Object: 'Object Repository/virualShowRSVPOR/Page_cabi Edit Show - Add Guests/a_add_guest' is clicked on

2019-09-19 19:48:45 - [MESSAGE][PASSED] - Object: 'Object Repository/virualShowRSVPOR/Page_cabi Edit Show - Add Guests/a_add_guest' is clicked on

2019-09-19 19:48:45 - [TEST_STEP][PASSED] - delay(5): Delayed 5 second(s)

2019-09-19 19:48:50 - [MESSAGE][PASSED] - Delayed 5 second(s)

2019-09-19 19:48:50 - [TEST_STEP][PASSED] - setText(findTestObject("Object Repository/virualShowRSVPOR/Page_cabi Edit Show - Add Guests/contact_search_box"), guest2): Text 'guest2-test abc' is set on object 'Object Repository/virualShowRSVPOR/Page_cabi Edit Show - Add Guests/contact_search_box'

2019-09-19 19:48:51 - [MESSAGE][PASSED] - Text 'guest2-test abc' is set on object 'Object Repository/virualShowRSVPOR/Page_cabi Edit Show - Add Guests/contact_search_box'

2019-09-19 19:48:51 - [TEST_STEP][PASSED] - delay(2): Delayed 2 second(s)

2019-09-19 19:48:53 - [MESSAGE][PASSED] - Delayed 2 second(s)

2019-09-19 19:48:53 - [TEST_STEP][PASSED] - sendKeys(findTestObject("Object Repository/virualShowRSVPOR/Page_cabi Edit Show - Add Guests/contact_search_box"), Keys.chord(ARROW_DOWN)): Keys 'DOWN + ' sent to object: 'Object Repository/virualShowRSVPOR/Page_cabi Edit Show - Add Guests/contact_search_box'

2019-09-19 19:48:53 - [MESSAGE][PASSED] - Keys 'DOWN + ' sent to object: 'Object Repository/virualShowRSVPOR/Page_cabi Edit Show - Add Guests/contact_search_box'

2019-09-19 19:48:53 - [TEST_STEP][PASSED] - sendKeys(findTestObject("Object Repository/virualShowRSVPOR/Page_cabi Edit Show - Add Guests/contact_search_box"), Keys.chord(ENTER)): Keys 'ENTER + ' sent to object: 'Object Repository/virualShowRSVPOR/Page_cabi Edit Show - Add Guests/contact_search_box'

2019-09-19 19:48:53 - [MESSAGE][PASSED] - Keys 'ENTER + ' sent to object: 'Object Repository/virualShowRSVPOR/Page_cabi Edit Show - Add Guests/contact_search_box'

2019-09-19 19:48:53 - [TEST_STEP][PASSED] - delay(2): Delayed 2 second(s)

2019-09-19 19:48:55 - [MESSAGE][PASSED] - Delayed 2 second(s)

2019-09-19 19:48:55 - [TEST_STEP][PASSED] - click(findTestObject("Object Repository/virualShowRSVPOR/Page_cabi Edit Show - Add Guests/a_add_guest")): Object: 'Object Repository/virualShowRSVPOR/Page_cabi Edit Show - Add Guests/a_add_guest' is clicked on

2019-09-19 19:48:55 - [MESSAGE][PASSED] - Object: 'Object Repository/virualShowRSVPOR/Page_cabi Edit Show - Add Guests/a_add_guest' is clicked on

2019-09-19 19:48:55 - [TEST_STEP][PASSED] - delay(2): Delayed 2 second(s)

2019-09-19 19:48:57 - [MESSAGE][PASSED] - Delayed 2 second(s)

2019-09-19 19:48:57 - [TEST_STEP][PASSED] - verifyHostess = UtilityMethods.splitPersonName(hostess): null

2019-09-19 19:48:57 - [TEST_STEP][PASSED] - verifyCohostess = UtilityMethods.splitPersonName(cohostess): null

2019-09-19 19:48:57 - [TEST_STEP][PASSED] - verifyGuest1 = UtilityMethods.splitPersonName(guest1): null

2019-09-19 19:48:57 - [TEST_STEP][PASSED] - verifyGuest2 = UtilityMethods.splitPersonName(guest2): null

2019-09-19 19:48:57 - [TEST_STEP][PASSED] - verifyElementText(findTestObject("Object Repository/virualShowRSVPOR/Page_cabi Edit Show - Add Guests/span_hostess_name"), UtilityMethods.concat(verifyHostess[1], ", ", verifyHostess[0])): Actual text and expected text of test object 'Object Repository/virualShowRSVPOR/Page_cabi Edit Show - Add Guests/span_hostess_name' are matched.

2019-09-19 19:48:57 - [MESSAGE][PASSED] - Actual text and expected text of test object 'Object Repository/virualShowRSVPOR/Page_cabi Edit Show - Add Guests/span_hostess_name' are matched.

2019-09-19 19:48:57 - [TEST_STEP][PASSED] - verifyElementText(findTestObject("Object Repository/virualShowRSVPOR/Page_cabi Edit Show - Add Guests/span_cohostess_name"), UtilityMethods.concat(verifyCohostess[1], ", ", verifyCohostess[0])): Actual text and expected text of test object 'Object Repository/virualShowRSVPOR/Page_cabi Edit Show - Add Guests/span_cohostess_name' are matched.

2019-09-19 19:48:57 - [MESSAGE][PASSED] - Actual text and expected text of test object 'Object Repository/virualShowRSVPOR/Page_cabi Edit Show - Add Guests/span_cohostess_name' are matched.

2019-09-19 19:48:57 - [TEST_STEP][PASSED] - listElement = findWebElements(findTestObject("Object Repository/virualShowRSVPOR/Page_cabi Edit Show - Add Guests/span_guest_name_list"), 5): null

2019-09-19 19:48:58 - [TEST_STEP][PASSED] - guestCount = Integer.parseInt(verifyGuestCount): null

2019-09-19 19:48:58 - [TEST_STEP][PASSED] - assert listElement.size() == guestCount: null

2019-09-19 19:48:58 - [TEST_STEP][PASSED] - flag = false: null

2019-09-19 19:48:58 - [TEST_STEP][PASSED] - for ([i = 0, i < guestCount, (i++)]): null

2019-09-19 19:48:58 - [TEST_STEP][PASSED] - flag = false: null

2019-09-19 19:48:58 - [TEST_STEP][PASSED] - if (getText().equals(UtilityMethods.concat(verifyGuest1[1], ", ", verifyGuest1[0]))): null

2019-09-19 19:48:58 - [TEST_STEP][PASSED] - flag = true: null

2019-09-19 19:48:58 - [TEST_STEP][PASSED] - if (getText().equals(UtilityMethods.concat(verifyGuest2[1], ", ", verifyGuest2[0]))): null

2019-09-19 19:48:58 - [TEST_STEP][PASSED] - flag = false: null

2019-09-19 19:48:58 - [TEST_STEP][PASSED] - if (getText().equals(UtilityMethods.concat(verifyGuest1[1], ", ", verifyGuest1[0]))): null

2019-09-19 19:48:58 - [TEST_STEP][PASSED] - if (getText().equals(UtilityMethods.concat(verifyGuest2[1], ", ", verifyGuest2[0]))): null

2019-09-19 19:48:58 - [TEST_STEP][PASSED] - flag = true: null

2019-09-19 19:48:58 - [TEST_STEP][PASSED] - assert flag == true: null

2019-09-19 19:48:58 - [TEST_STEP][PASSED] - click(findTestObject("Object Repository/virualShowRSVPOR/Page_cabi Edit Show - Add Guests/input_Next")): Object: 'Object Repository/virualShowRSVPOR/Page_cabi Edit Show - Add Guests/input_Next' is clicked on

2019-09-19 19:49:01 - [MESSAGE][PASSED] - Object: 'Object Repository/virualShowRSVPOR/Page_cabi Edit Show - Add Guests/input_Next' is clicked on

2019-09-19 19:49:01 - [TEST_STEP][PASSED] - delay(3): Delayed 3 second(s)

2019-09-19 19:49:04 - [MESSAGE][PASSED] - Delayed 3 second(s)

2019-09-19 19:49:04 - [TEST_STEP][PASSED] - click(findTestObject("Object Repository/virualShowRSVPOR/Page_cabi Edit Show - Send Invitations/input_Overview")): Object: 'Object Repository/virualShowRSVPOR/Page_cabi Edit Show - Send Invitations/input_Overview' is clicked on

2019-09-19 19:49:06 - [MESSAGE][PASSED] - Object: 'Object Repository/virualShowRSVPOR/Page_cabi Edit Show - Send Invitations/input_Overview' is clicked on

2019-09-19 19:49:06 - [TEST_STEP][PASSED] - showID = getText(findTestObject("Object Repository/virualShowRSVPOR/Page_cabi Orders/li_Show_ID_Text")): Text of object 'Object Repository/virualShowRSVPOR/Page_cabi Orders/li_Show_ID_Text' is: 'Show #: 104739747'

2019-09-19 19:49:06 - [MESSAGE][PASSED] - Text of object 'Object Repository/virualShowRSVPOR/Page_cabi Orders/li_Show_ID_Text' is: 'Show #: 104739747'

2019-09-19 19:49:06 - [TEST_STEP][PASSED] - delay(2): Delayed 2 second(s)

2019-09-19 19:49:08 - [MESSAGE][PASSED] - Delayed 2 second(s)

2019-09-19 19:49:08 - [TEST_STEP][PASSED] - driver = getWebDriver(): null

2019-09-19 19:49:08 - [TEST_STEP][PASSED] - executor = driver: null

2019-09-19 19:49:08 - [TEST_STEP][PASSED] - executor.executeScript("arguments[0].click();", findWebElement(findTestObject("Object Repository/virualShowRSVPOR/Page_cabi Orders/a_My Profile"), 5)): null

2019-09-19 19:49:10 - [TEST_STEP][PASSED] - rsName = getText(findTestObject("Object Repository/virualShowRSVPOR/Page_cabi My Profile/span_rsName")): Text of object 'Object Repository/virualShowRSVPOR/Page_cabi My Profile/span_rsName' is: 'MirandaKate'

2019-09-19 19:49:10 - [MESSAGE][PASSED] - Text of object 'Object Repository/virualShowRSVPOR/Page_cabi My Profile/span_rsName' is: 'MirandaKate'

2019-09-19 19:49:10 - [TEST_STEP][PASSED] - micrositeURL = UtilityMethods.createURL(rsName, RSTestEnvt, showID): null

2019-09-19 19:49:10 - [TEST_STEP][PASSED] - println(micrositeURL): null

2019-09-19 19:49:10 - [TEST_STEP][PASSED] - back(): Navigate back successfully

2019-09-19 19:49:11 - [MESSAGE][PASSED] - Navigate back successfully

2019-09-19 19:49:11 - [MESSAGE][PASSED] - Call Test Case 'Test Cases/VirtualShow/createAPhysicalShow' successfully

2019-09-19 19:49:11 - [TEST_STEP][PASSED] - click(findTestObject("Object Repository/virualShowRSVPOR/Page_cabi Edit Show - Send Invitations/a_orders")): Object: 'Object Repository/virualShowRSVPOR/Page_cabi Edit Show - Send Invitations/a_orders' is clicked on

2019-09-19 19:49:12 - [MESSAGE][PASSED] - Object: 'Object Repository/virualShowRSVPOR/Page_cabi Edit Show - Send Invitations/a_orders' is clicked on

2019-09-19 19:49:12 - [TEST_STEP][PASSED] - g1Vars = UtilityMethods.splitPersonName(guest1): null

2019-09-19 19:49:12 - [TEST_STEP][PASSED] - g1Var = UtilityMethods.concat(g1Vars[1], ", ", g1Vars[0]): null

2019-09-19 19:49:12 - [TEST_STEP][PASSED] - buttonPlaceOrder = UtilityMethods.createTestObject("buttoPlaceOrder", "//table[@class='show-order-table']/tbody/tr/td/span[contains(text(), '", g1Var, "')]/parent::td/following-sibling::td[1]/button"): null

2019-09-19 19:49:12 - [TEST_STEP][PASSED] - click(buttonPlaceOrder): Object: 'buttoPlaceOrder' is clicked on

2019-09-19 19:49:15 - [MESSAGE][PASSED] - Object: 'buttoPlaceOrder' is clicked on

2019-09-19 19:49:15 - [TEST_STEP][PASSED] - delay(3): Delayed 3 second(s)

2019-09-19 19:49:18 - [MESSAGE][PASSED] - Delayed 3 second(s)

2019-09-19 19:49:18 - [TEST_STEP][PASSED] - DTYMsg = UtilityMethods.concat("This order will become eligible for "Direct to You" shipping after ", vsmonthElig, "/", vsdayElig, "."): null

2019-09-19 19:49:18 - [TEST_STEP][PASSED] - println(getText(findTestObject("Object Repository/virualShowRSVPOR/DTY/label_DtyEligibility"))): Text of object 'Object Repository/virualShowRSVPOR/DTY/label_DtyEligibility' is: 'This order will become eligible for "Direct to You" shipping after 09/20.'

2019-09-19 19:49:18 - [MESSAGE][PASSED] - Text of object 'Object Repository/virualShowRSVPOR/DTY/label_DtyEligibility' is: 'This order will become eligible for "Direct to You" shipping after 09/20.'

2019-09-19 19:49:18 - [TEST_STEP][PASSED] - verifyElementText(findTestObject("Object Repository/virualShowRSVPOR/DTY/label_DtyEligibility"), DTYMsg, CONTINUE_ON_FAILURE): Actual text and expected text of test object 'Object Repository/virualShowRSVPOR/DTY/label_DtyEligibility' are matched.

2019-09-19 19:49:18 - [MESSAGE][PASSED] - Actual text and expected text of test object 'Object Repository/virualShowRSVPOR/DTY/label_DtyEligibility' are matched.

2019-09-19 19:49:18 - [TEST_STEP][PASSED] - check(findTestObject("Object Repository/Page_cabi Home/a_same_shipping_address")): Object 'Object Repository/Page_cabi Home/a_same_shipping_address' is checked

2019-09-19 19:49:18 - [MESSAGE][PASSED] - Object 'Object Repository/Page_cabi Home/a_same_shipping_address' is checked

2019-09-19 19:49:18 - [TEST_STEP][PASSED] - delay(3): Delayed 3 second(s)

2019-09-19 19:49:21 - [MESSAGE][PASSED] - Delayed 3 second(s)

2019-09-19 19:49:21 - [TEST_STEP][PASSED] - driver = getWebDriver(): null

2019-09-19 19:49:21 - [TEST_STEP][PASSED] - executor = driver: null

2019-09-19 19:49:21 - [TEST_STEP][PASSED] - executor.executeScript("arguments[0].click();", findWebElement(findTestObject("Object Repository/Page_cabi Home/a_order_items"), 5)): null

2019-09-19 19:49:21 - [TEST_STEP][PASSED] - click(findTestObject("Object Repository/Page_cabi Retail Store/span_quick_entry")): Object: 'Object Repository/Page_cabi Retail Store/span_quick_entry' is clicked on

2019-09-19 19:49:25 - [MESSAGE][PASSED] - Object: 'Object Repository/Page_cabi Retail Store/span_quick_entry' is clicked on

2019-09-19 19:49:25 - [TEST_STEP][PASSED] - delay(3): Delayed 3 second(s)

2019-09-19 19:49:28 - [MESSAGE][PASSED] - Delayed 3 second(s)

2019-09-19 19:49:28 - [TEST_STEP][PASSED] - emptyCart = findWebElements(findTestObject("Object Repository/Page_cabi Personal Store/removeFromCart"), 5): Unable to find the element located by 'By.xpath: //*[@id="removeFromCart_0"]/span'. Please recheck the objects properties to make sure the desired element is located. 

2019-09-19 19:49:33 - [MESSAGE][INFO] - Unable to find the element located by 'By.xpath: //*[@id="removeFromCart_0"]/span'. Please recheck the objects properties to make sure the desired element is located. 

2019-09-19 19:49:33 - [TEST_STEP][PASSED] - if (emptyCart.size() > 0): null

2019-09-19 19:49:33 - [TEST_STEP][PASSED] - addOnStyle = findTestData("miscData").getValue("addOnStyle", 1): null

2019-09-19 19:49:33 - [TEST_STEP][PASSED] - addOnStyle2 = findTestData("miscData").getValue("addOnStyle", 2): null

2019-09-19 19:49:33 - [TEST_STEP][PASSED] - setText(findTestObject("Object Repository/Page_cabi Create Order/input_Manual Discount_stylelookup_0"), addOnStyle): Text '3701' is set on object 'Object Repository/Page_cabi Create Order/input_Manual Discount_stylelookup_0'

2019-09-19 19:49:33 - [MESSAGE][PASSED] - Text '3701' is set on object 'Object Repository/Page_cabi Create Order/input_Manual Discount_stylelookup_0'

2019-09-19 19:49:33 - [TEST_STEP][PASSED] - delay(2): Delayed 2 second(s)

2019-09-19 19:49:35 - [MESSAGE][PASSED] - Delayed 2 second(s)

2019-09-19 19:49:35 - [TEST_STEP][PASSED] - sendKeys(findTestObject("Object Repository/Page_cabi Create Order/input_Manual Discount_stylelookup_0"), Keys.chord(ARROW_DOWN)): Keys 'DOWN + ' sent to object: 'Object Repository/Page_cabi Create Order/input_Manual Discount_stylelookup_0'

2019-09-19 19:49:35 - [MESSAGE][PASSED] - Keys 'DOWN + ' sent to object: 'Object Repository/Page_cabi Create Order/input_Manual Discount_stylelookup_0'

2019-09-19 19:49:35 - [TEST_STEP][PASSED] - delay(2): Delayed 2 second(s)

2019-09-19 19:49:37 - [MESSAGE][PASSED] - Delayed 2 second(s)

2019-09-19 19:49:37 - [TEST_STEP][PASSED] - sendKeys(findTestObject("Object Repository/Page_cabi Create Order/input_Manual Discount_stylelookup_0"), Keys.chord(ARROW_DOWN)): Keys 'DOWN + ' sent to object: 'Object Repository/Page_cabi Create Order/input_Manual Discount_stylelookup_0'

2019-09-19 19:49:37 - [MESSAGE][PASSED] - Keys 'DOWN + ' sent to object: 'Object Repository/Page_cabi Create Order/input_Manual Discount_stylelookup_0'

2019-09-19 19:49:37 - [TEST_STEP][PASSED] - sendKeys(findTestObject("Object Repository/Page_cabi Create Order/input_Manual Discount_stylelookup_0"), Keys.chord(ENTER)): Keys 'ENTER + ' sent to object: 'Object Repository/Page_cabi Create Order/input_Manual Discount_stylelookup_0'

2019-09-19 19:49:38 - [MESSAGE][PASSED] - Keys 'ENTER + ' sent to object: 'Object Repository/Page_cabi Create Order/input_Manual Discount_stylelookup_0'

2019-09-19 19:49:38 - [TEST_STEP][PASSED] - delay(5): Delayed 5 second(s)

2019-09-19 19:49:43 - [MESSAGE][PASSED] - Delayed 5 second(s)

2019-09-19 19:49:43 - [TEST_STEP][PASSED] - click(findTestObject("Object Repository/Page_cabi Order Items/selectSize")): Object: 'Object Repository/Page_cabi Order Items/selectSize' is clicked on

2019-09-19 19:49:43 - [MESSAGE][PASSED] - Object: 'Object Repository/Page_cabi Order Items/selectSize' is clicked on

2019-09-19 19:49:43 - [TEST_STEP][PASSED] - delay(3): Delayed 3 second(s)

2019-09-19 19:49:46 - [MESSAGE][PASSED] - Delayed 3 second(s)

2019-09-19 19:49:46 - [TEST_STEP][PASSED] - click(findTestObject("Object Repository/Page_cabi Order Items/span_Add to Cart")): Object: 'Object Repository/Page_cabi Order Items/span_Add to Cart' is clicked on

2019-09-19 19:49:46 - [MESSAGE][PASSED] - Object: 'Object Repository/Page_cabi Order Items/span_Add to Cart' is clicked on

2019-09-19 19:49:46 - [TEST_STEP][PASSED] - delay(5): Delayed 5 second(s)

2019-09-19 19:49:51 - [MESSAGE][PASSED] - Delayed 5 second(s)

2019-09-19 19:49:51 - [TEST_STEP][PASSED] - click(findTestObject("Object Repository/Page_cabi Order Items/a_next")): Object: 'Object Repository/Page_cabi Order Items/a_next' is clicked on

2019-09-19 19:49:51 - [MESSAGE][PASSED] - Object: 'Object Repository/Page_cabi Order Items/a_next' is clicked on

2019-09-19 19:49:51 - [TEST_STEP][PASSED] - delay(3): Delayed 3 second(s)

2019-09-19 19:49:54 - [MESSAGE][PASSED] - Delayed 3 second(s)

2019-09-19 19:49:54 - [TEST_STEP][PASSED] - verifyElementText(findTestObject("Object Repository/Page_cabi Shipping/label_DTYMsg1"), "This order is not yet eligible for "Direct to You" shipping.", CONTINUE_ON_FAILURE): Actual text and expected text of test object 'Object Repository/Page_cabi Shipping/label_DTYMsg1' are matched.

2019-09-19 19:49:54 - [MESSAGE][PASSED] - Actual text and expected text of test object 'Object Repository/Page_cabi Shipping/label_DTYMsg1' are matched.

2019-09-19 19:49:54 - [TEST_STEP][PASSED] - delay(1): Delayed 1 second(s)

2019-09-19 19:49:55 - [MESSAGE][PASSED] - Delayed 1 second(s)

2019-09-19 19:49:55 - [TEST_STEP][PASSED] - verifyElementText(findTestObject("Object Repository/Page_cabi Shipping/label_DTYMsg2"), ""Direct to You" order must be paid by credit card or cabi Gift Card.", CONTINUE_ON_FAILURE): Actual text and expected text of test object 'Object Repository/Page_cabi Shipping/label_DTYMsg2' are matched.

2019-09-19 19:49:55 - [MESSAGE][PASSED] - Actual text and expected text of test object 'Object Repository/Page_cabi Shipping/label_DTYMsg2' are matched.

2019-09-19 19:49:55 - [TEST_STEP][PASSED] - delay(1): Delayed 1 second(s)

2019-09-19 19:49:56 - [MESSAGE][PASSED] - Delayed 1 second(s)

2019-09-19 19:49:56 - [TEST_STEP][PASSED] - verifyElementText(findTestObject("Object Repository/Page_cabi Shipping/label_DTYMsg3"), ""Direct to You" order can start being placed 2 days before the show date.", CONTINUE_ON_FAILURE): Actual text and expected text of test object 'Object Repository/Page_cabi Shipping/label_DTYMsg3' are matched.

2019-09-19 19:49:56 - [MESSAGE][PASSED] - Actual text and expected text of test object 'Object Repository/Page_cabi Shipping/label_DTYMsg3' are matched.

2019-09-19 19:49:56 - [TEST_STEP][PASSED] - delay(1): Delayed 1 second(s)

2019-09-19 19:49:57 - [MESSAGE][PASSED] - Delayed 1 second(s)

2019-09-19 19:49:57 - [TEST_STEP][PASSED] - hasAtributeDisabled = verifyElementHasAttribute(findTestObject("Object Repository/Page_cabi Shipping/check_as_dty_order"), "disabled", 20, CONTINUE_ON_FAILURE): Object 'Object Repository/Page_cabi Shipping/check_as_dty_order' has attribute 'disabled'

2019-09-19 19:49:57 - [MESSAGE][PASSED] - Object 'Object Repository/Page_cabi Shipping/check_as_dty_order' has attribute 'disabled'

2019-09-19 19:49:57 - [TEST_STEP][PASSED] - if (hasAtributeDisabled): Object 'Object Repository/Page_cabi Shipping/check_as_dty_order' has attribute 'disabled' with value 'true'

2019-09-19 19:49:57 - [TEST_STEP][PASSED] - verifyElementAttributeValue(findTestObject("Object Repository/Page_cabi Shipping/check_as_dty_order"), "disabled", "true", 20): Object 'Object Repository/Page_cabi Shipping/check_as_dty_order' has attribute 'disabled' with value 'true'

2019-09-19 19:49:57 - [MESSAGE][PASSED] - Object 'Object Repository/Page_cabi Shipping/check_as_dty_order' has attribute 'disabled' with value 'true'

2019-09-19 19:49:57 - [TEST_STEP][PASSED] - span_place_dty_order_greys = findWebElements(findTestObject("Object Repository/Page_cabi Shipping/span_place_dty_order_grey"), 20): null

2019-09-19 19:49:57 - [TEST_STEP][PASSED] - if (span_place_dty_order_greys.size() != 1): null

2019-09-19 19:49:57 - [TEST_STEP][PASSED] - verifyElementHasAttribute(findTestObject("Page_cabi Shipping/span_dty_checkmark_grey"), "style", 20, CONTINUE_ON_FAILURE): Object 'Object Repository/Page_cabi Shipping/span_dty_checkmark_grey' has attribute 'style'

2019-09-19 19:49:57 - [MESSAGE][PASSED] - Object 'Object Repository/Page_cabi Shipping/span_dty_checkmark_grey' has attribute 'style'

2019-09-19 19:49:57 - [TEST_STEP][PASSED] - verifyElementAttributeValue(findTestObject("Object Repository/Page_cabi Shipping/span_dty_checkmark_grey"), "style", "background-color: rgb(211, 211, 211); cursor: default;", 20): Object 'Object Repository/Page_cabi Shipping/span_dty_checkmark_grey' has attribute 'style' with value 'background-color: rgb(211, 211, 211); cursor: default;'

2019-09-19 19:49:57 - [MESSAGE][PASSED] - Object 'Object Repository/Page_cabi Shipping/span_dty_checkmark_grey' has attribute 'style' with value 'background-color: rgb(211, 211, 211); cursor: default;'

2019-09-19 19:49:57 - [TEST_STEP][PASSED] - delay(1): Delayed 1 second(s)

2019-09-19 19:49:58 - [MESSAGE][PASSED] - Delayed 1 second(s)

2019-09-19 19:49:58 - [TEST_STEP][PASSED] - click(findTestObject("Object Repository/Page_cabi Shipping/a_show_order_checkout_next")): Object: 'Object Repository/Page_cabi Shipping/a_show_order_checkout_next' is clicked on

2019-09-19 19:49:58 - [MESSAGE][PASSED] - Object: 'Object Repository/Page_cabi Shipping/a_show_order_checkout_next' is clicked on

2019-09-19 19:49:58 - [TEST_STEP][PASSED] - delay(1): Delayed 1 second(s)

2019-09-19 19:49:59 - [MESSAGE][PASSED] - Delayed 1 second(s)

2019-09-19 19:49:59 - [TEST_STEP][PASSED] - click(findTestObject("Object Repository/Page_cabi Shipping/a_make_first_payment")): Object: 'Object Repository/Page_cabi Shipping/a_make_first_payment' is clicked on

2019-09-19 19:50:02 - [MESSAGE][PASSED] - Object: 'Object Repository/Page_cabi Shipping/a_make_first_payment' is clicked on

2019-09-19 19:50:02 - [TEST_STEP][PASSED] - delay(3): Delayed 3 second(s)

2019-09-19 19:50:05 - [MESSAGE][PASSED] - Delayed 3 second(s)

2019-09-19 19:50:05 - [TEST_STEP][PASSED] - paymentOptions = findWebElements(findTestObject("Page_cabi Shipping/select_payment_options"), 20): null

2019-09-19 19:50:05 - [TEST_STEP][PASSED] - get(0).getAttribute(addOnStyle): null

2019-09-19 19:50:05 - [TEST_STEP][PASSED] - validPayOption = true: null

2019-09-19 19:50:05 - [TEST_STEP][PASSED] - for (org.openqa.selenium.WebElement we : paymentOptions): null

2019-09-19 19:50:05 - [TEST_STEP][PASSED] - option = we.getText(): null

2019-09-19 19:50:05 - [TEST_STEP][PASSED] - validPayOption = false: null

2019-09-19 19:50:05 - [TEST_STEP][PASSED] - if (option.matches(".*[^\d]\d{4}$") || option.equalsIgnoreCase("Gift Card") || option.equalsIgnoreCase("Add New Credit Card") || option.equalsIgnoreCase("Cash") || option.equalsIgnoreCase("Check")): null

2019-09-19 19:50:05 - [TEST_STEP][PASSED] - validPayOption = true: null

2019-09-19 19:50:05 - [TEST_STEP][PASSED] - option = we.getText(): null

2019-09-19 19:50:05 - [TEST_STEP][PASSED] - validPayOption = false: null

2019-09-19 19:50:05 - [TEST_STEP][PASSED] - if (option.matches(".*[^\d]\d{4}$") || option.equalsIgnoreCase("Gift Card") || option.equalsIgnoreCase("Add New Credit Card") || option.equalsIgnoreCase("Cash") || option.equalsIgnoreCase("Check")): null

2019-09-19 19:50:05 - [TEST_STEP][PASSED] - validPayOption = true: null

2019-09-19 19:50:05 - [TEST_STEP][PASSED] - option = we.getText(): null

2019-09-19 19:50:05 - [TEST_STEP][PASSED] - validPayOption = false: null

2019-09-19 19:50:05 - [TEST_STEP][PASSED] - if (option.matches(".*[^\d]\d{4}$") || option.equalsIgnoreCase("Gift Card") || option.equalsIgnoreCase("Add New Credit Card") || option.equalsIgnoreCase("Cash") || option.equalsIgnoreCase("Check")): null

2019-09-19 19:50:05 - [TEST_STEP][PASSED] - validPayOption = true: null

2019-09-19 19:50:05 - [TEST_STEP][PASSED] - option = we.getText(): null

2019-09-19 19:50:05 - [TEST_STEP][PASSED] - validPayOption = false: null

2019-09-19 19:50:05 - [TEST_STEP][PASSED] - if (option.matches(".*[^\d]\d{4}$") || option.equalsIgnoreCase("Gift Card") || option.equalsIgnoreCase("Add New Credit Card") || option.equalsIgnoreCase("Cash") || option.equalsIgnoreCase("Check")): null

2019-09-19 19:50:05 - [TEST_STEP][PASSED] - validPayOption = true: null

2019-09-19 19:50:05 - [TEST_STEP][PASSED] - option = we.getText(): null

2019-09-19 19:50:05 - [TEST_STEP][PASSED] - validPayOption = false: null

2019-09-19 19:50:05 - [TEST_STEP][PASSED] - if (option.matches(".*[^\d]\d{4}$") || option.equalsIgnoreCase("Gift Card") || option.equalsIgnoreCase("Add New Credit Card") || option.equalsIgnoreCase("Cash") || option.equalsIgnoreCase("Check")): null

2019-09-19 19:50:05 - [TEST_STEP][PASSED] - validPayOption = true: null

2019-09-19 19:50:05 - [TEST_STEP][PASSED] - option = we.getText(): null

2019-09-19 19:50:05 - [TEST_STEP][PASSED] - validPayOption = false: null

2019-09-19 19:50:05 - [TEST_STEP][PASSED] - if (option.matches(".*[^\d]\d{4}$") || option.equalsIgnoreCase("Gift Card") || option.equalsIgnoreCase("Add New Credit Card") || option.equalsIgnoreCase("Cash") || option.equalsIgnoreCase("Check")): null

2019-09-19 19:50:05 - [TEST_STEP][PASSED] - validPayOption = true: null

2019-09-19 19:50:05 - [TEST_STEP][PASSED] - option = we.getText(): null

2019-09-19 19:50:05 - [TEST_STEP][PASSED] - validPayOption = false: null

2019-09-19 19:50:05 - [TEST_STEP][PASSED] - if (option.matches(".*[^\d]\d{4}$") || option.equalsIgnoreCase("Gift Card") || option.equalsIgnoreCase("Add New Credit Card") || option.equalsIgnoreCase("Cash") || option.equalsIgnoreCase("Check")): null

2019-09-19 19:50:05 - [TEST_STEP][PASSED] - validPayOption = true: null

2019-09-19 19:50:05 - [TEST_STEP][PASSED] - option = we.getText(): null

2019-09-19 19:50:05 - [TEST_STEP][PASSED] - validPayOption = false: null

2019-09-19 19:50:05 - [TEST_STEP][PASSED] - if (option.matches(".*[^\d]\d{4}$") || option.equalsIgnoreCase("Gift Card") || option.equalsIgnoreCase("Add New Credit Card") || option.equalsIgnoreCase("Cash") || option.equalsIgnoreCase("Check")): null

2019-09-19 19:50:05 - [TEST_STEP][PASSED] - validPayOption = true: null

2019-09-19 19:50:05 - [TEST_STEP][PASSED] - option = we.getText(): null

2019-09-19 19:50:05 - [TEST_STEP][PASSED] - validPayOption = false: null

2019-09-19 19:50:05 - [TEST_STEP][PASSED] - if (option.matches(".*[^\d]\d{4}$") || option.equalsIgnoreCase("Gift Card") || option.equalsIgnoreCase("Add New Credit Card") || option.equalsIgnoreCase("Cash") || option.equalsIgnoreCase("Check")): null

2019-09-19 19:50:05 - [TEST_STEP][PASSED] - validPayOption = true: null

2019-09-19 19:50:05 - [TEST_STEP][PASSED] - option = we.getText(): null

2019-09-19 19:50:05 - [TEST_STEP][PASSED] - validPayOption = false: null

2019-09-19 19:50:05 - [TEST_STEP][PASSED] - if (option.matches(".*[^\d]\d{4}$") || option.equalsIgnoreCase("Gift Card") || option.equalsIgnoreCase("Add New Credit Card") || option.equalsIgnoreCase("Cash") || option.equalsIgnoreCase("Check")): null

2019-09-19 19:50:05 - [TEST_STEP][PASSED] - validPayOption = true: null

2019-09-19 19:50:05 - [TEST_STEP][PASSED] - option = we.getText(): null

2019-09-19 19:50:05 - [TEST_STEP][PASSED] - validPayOption = false: null

2019-09-19 19:50:05 - [TEST_STEP][PASSED] - if (option.matches(".*[^\d]\d{4}$") || option.equalsIgnoreCase("Gift Card") || option.equalsIgnoreCase("Add New Credit Card") || option.equalsIgnoreCase("Cash") || option.equalsIgnoreCase("Check")): null

2019-09-19 19:50:05 - [TEST_STEP][PASSED] - validPayOption = true: null

2019-09-19 19:50:05 - [TEST_STEP][PASSED] - option = we.getText(): null

2019-09-19 19:50:05 - [TEST_STEP][PASSED] - validPayOption = false: null

2019-09-19 19:50:05 - [TEST_STEP][PASSED] - if (option.matches(".*[^\d]\d{4}$") || option.equalsIgnoreCase("Gift Card") || option.equalsIgnoreCase("Add New Credit Card") || option.equalsIgnoreCase("Cash") || option.equalsIgnoreCase("Check")): null

2019-09-19 19:50:05 - [TEST_STEP][PASSED] - validPayOption = true: null

2019-09-19 19:50:05 - [TEST_STEP][PASSED] - option = we.getText(): null

2019-09-19 19:50:05 - [TEST_STEP][PASSED] - validPayOption = false: null

2019-09-19 19:50:05 - [TEST_STEP][PASSED] - if (option.matches(".*[^\d]\d{4}$") || option.equalsIgnoreCase("Gift Card") || option.equalsIgnoreCase("Add New Credit Card") || option.equalsIgnoreCase("Cash") || option.equalsIgnoreCase("Check")): null

2019-09-19 19:50:05 - [TEST_STEP][PASSED] - validPayOption = true: null

2019-09-19 19:50:05 - [TEST_STEP][PASSED] - option = we.getText(): null

2019-09-19 19:50:05 - [TEST_STEP][PASSED] - validPayOption = false: null

2019-09-19 19:50:05 - [TEST_STEP][PASSED] - if (option.matches(".*[^\d]\d{4}$") || option.equalsIgnoreCase("Gift Card") || option.equalsIgnoreCase("Add New Credit Card") || option.equalsIgnoreCase("Cash") || option.equalsIgnoreCase("Check")): null

2019-09-19 19:50:05 - [TEST_STEP][PASSED] - validPayOption = true: null

2019-09-19 19:50:05 - [TEST_STEP][PASSED] - sa.assertTrue(validPayOption): null

2019-09-19 19:50:05 - [TEST_STEP][PASSED] - delay(3): Delayed 3 second(s)

2019-09-19 19:50:08 - [MESSAGE][PASSED] - Delayed 3 second(s)

2019-09-19 19:50:08 - [TEST_STEP][PASSED] - DTYMsgs = findWebElements(findTestObject("Object Repository/Page_cabi Shipping/li_DTY_payment_info"), 5): null

2019-09-19 19:50:08 - [TEST_STEP][PASSED] - if (DTYMsgs.size() > 0): null

2019-09-19 19:50:08 - [TEST_STEP][PASSED] - sa.assertTrue(false): null

2019-09-19 19:50:08 - [TEST_STEP][PASSED] - click(findTestObject("Object Repository/Page_cabi Shipping/select_payment_options_select")): Object: 'Object Repository/Page_cabi Shipping/select_payment_options_select' is clicked on

2019-09-19 19:50:08 - [MESSAGE][PASSED] - Object: 'Object Repository/Page_cabi Shipping/select_payment_options_select' is clicked on

2019-09-19 19:50:08 - [TEST_STEP][PASSED] - click(findTestObject("Object Repository/Page_cabi Shipping/select_payment_options_cash")): Object: 'Object Repository/Page_cabi Shipping/select_payment_options_cash' is clicked on

2019-09-19 19:50:09 - [MESSAGE][PASSED] - Object: 'Object Repository/Page_cabi Shipping/select_payment_options_cash' is clicked on

2019-09-19 19:50:09 - [TEST_STEP][PASSED] - delay(1): Delayed 1 second(s)

2019-09-19 19:50:10 - [MESSAGE][PASSED] - Delayed 1 second(s)

2019-09-19 19:50:10 - [TEST_STEP][PASSED] - executor.executeScript("arguments[0].click();", findWebElement(findTestObject("Object Repository/Page_cabi Shipping/a_review_order"), 10)): null

2019-09-19 19:50:10 - [TEST_STEP][PASSED] - delay(2): Delayed 2 second(s)

2019-09-19 19:50:12 - [MESSAGE][PASSED] - Delayed 2 second(s)

2019-09-19 19:50:12 - [TEST_STEP][PASSED] - executor.executeScript("arguments[0].click();", findWebElement(findTestObject("Object Repository/Page_cabi Shipping/a_submit_order"), 10)): null

2019-09-19 19:50:14 - [TEST_STEP][PASSED] - click(findTestObject("Object Repository/Page_cabi Shipping/a_order_view")): Object: 'Object Repository/Page_cabi Shipping/a_order_view' is clicked on

2019-09-19 19:50:16 - [MESSAGE][PASSED] - Object: 'Object Repository/Page_cabi Shipping/a_order_view' is clicked on

2019-09-19 19:50:16 - [TEST_STEP][PASSED] - actualOrderStatus = getText(findTestObject("Object Repository/Page_cabi Shipping/span_order_status")): Text of object 'Object Repository/Page_cabi Shipping/span_order_status' is: 'ORDER STATUS : OPEN 
ORDER # SH708243634  '

2019-09-19 19:50:16 - [MESSAGE][PASSED] - Text of object 'Object Repository/Page_cabi Shipping/span_order_status' is: 'ORDER STATUS : OPEN 
ORDER # SH708243634  '

2019-09-19 19:50:16 - [TEST_STEP][PASSED] - expectedOrderStatus = "OPEN": null

2019-09-19 19:50:16 - [TEST_STEP][PASSED] - sa.assertTrue(actualOrderStatus.contains(expectedOrderStatus)): null

2019-09-19 19:50:16 - [TEST_STEP][PASSED] - println(actualOrderStatus): null

2019-09-19 19:50:16 - [TEST_STEP][PASSED] - click(findTestObject("Object Repository/Page_cabi Shipping/a_back_to_orders")): Object: 'Object Repository/Page_cabi Shipping/a_back_to_orders' is clicked on

2019-09-19 19:50:17 - [MESSAGE][PASSED] - Object: 'Object Repository/Page_cabi Shipping/a_back_to_orders' is clicked on

2019-09-19 19:50:17 - [TEST_STEP][PASSED] - delay(2): Delayed 2 second(s)

2019-09-19 19:50:19 - [MESSAGE][PASSED] - Delayed 2 second(s)

2019-09-19 19:50:19 - [TEST_STEP][PASSED] - ActualDTYNonOptedOrderStatus = getText(UtilityMethods.createTestObject("DTYOptedOrderStatus", "//table[@class='show-order-table']/tbody/tr/td/span[contains(text(), '", g1Var, "')]/parent::td/following-sibling::td[@class='order-status']")): Text of object 'DTYOptedOrderStatus' is: 'Completed
Sep 19 7:20 AM'

2019-09-19 19:50:20 - [MESSAGE][PASSED] - Text of object 'DTYOptedOrderStatus' is: 'Completed
Sep 19 7:20 AM'

2019-09-19 19:50:20 - [TEST_STEP][PASSED] - sa.assertEquals(ActualDTYNonOptedOrderStatus, "Completed"): null

2019-09-19 19:50:20 - [TEST_STEP][PASSED] - buttonEditDTYOptedOrder = UtilityMethods.createTestObject("buttonEditDTYOptedOrder", "//table[@class='show-order-table']/tbody/tr/td/span[contains(text(), '", g1Var, "')]/parent::td/following-sibling::td[@class='column-order']/a"): null

2019-09-19 19:50:20 - [TEST_STEP][PASSED] - click(buttonEditDTYOptedOrder): Object: 'buttonEditDTYOptedOrder' is clicked on

2019-09-19 19:50:22 - [MESSAGE][PASSED] - Object: 'buttonEditDTYOptedOrder' is clicked on

2019-09-19 19:50:22 - [TEST_STEP][PASSED] - click(findTestObject("Object Repository/Page_cabi Shipping/a_edit_order")): Object: 'Object Repository/Page_cabi Shipping/a_edit_order' is clicked on

2019-09-19 19:50:26 - [MESSAGE][PASSED] - Object: 'Object Repository/Page_cabi Shipping/a_edit_order' is clicked on

2019-09-19 19:50:26 - [TEST_STEP][PASSED] - click(findTestObject("Object Repository/Page_cabi Shipping/a_edit_order_shipping")): Object: 'Object Repository/Page_cabi Shipping/a_edit_order_shipping' is clicked on

2019-09-19 19:50:27 - [MESSAGE][PASSED] - Object: 'Object Repository/Page_cabi Shipping/a_edit_order_shipping' is clicked on

2019-09-19 19:50:27 - [TEST_STEP][PASSED] - verifyElementText(findTestObject("Object Repository/Page_cabi Shipping/label_DTYMsg1"), "This order is not yet eligible for "Direct to You" shipping.", CONTINUE_ON_FAILURE): Actual text and expected text of test object 'Object Repository/Page_cabi Shipping/label_DTYMsg1' are matched.

2019-09-19 19:50:28 - [MESSAGE][PASSED] - Actual text and expected text of test object 'Object Repository/Page_cabi Shipping/label_DTYMsg1' are matched.

2019-09-19 19:50:28 - [TEST_STEP][PASSED] - delay(1): Delayed 1 second(s)

2019-09-19 19:50:29 - [MESSAGE][PASSED] - Delayed 1 second(s)

2019-09-19 19:50:29 - [TEST_STEP][PASSED] - verifyElementText(findTestObject("Object Repository/Page_cabi Shipping/label_DTYMsg2"), ""Direct to You" order must be paid by credit card or cabi Gift Card.", CONTINUE_ON_FAILURE): Actual text and expected text of test object 'Object Repository/Page_cabi Shipping/label_DTYMsg2' are matched.

2019-09-19 19:50:29 - [MESSAGE][PASSED] - Actual text and expected text of test object 'Object Repository/Page_cabi Shipping/label_DTYMsg2' are matched.

2019-09-19 19:50:29 - [TEST_STEP][PASSED] - delay(1): Delayed 1 second(s)

2019-09-19 19:50:30 - [MESSAGE][PASSED] - Delayed 1 second(s)

2019-09-19 19:50:30 - [TEST_STEP][PASSED] - verifyElementText(findTestObject("Object Repository/Page_cabi Shipping/label_DTYMsg3"), ""Direct to You" order can start being placed 2 days before the show date.", CONTINUE_ON_FAILURE): Actual text and expected text of test object 'Object Repository/Page_cabi Shipping/label_DTYMsg3' are matched.

2019-09-19 19:50:30 - [MESSAGE][PASSED] - Actual text and expected text of test object 'Object Repository/Page_cabi Shipping/label_DTYMsg3' are matched.

2019-09-19 19:50:30 - [TEST_STEP][PASSED] - delay(1): Delayed 1 second(s)

2019-09-19 19:50:31 - [MESSAGE][PASSED] - Delayed 1 second(s)

2019-09-19 19:50:31 - [TEST_STEP][PASSED] - hasAtributeDisabled = verifyElementHasAttribute(findTestObject("Object Repository/Page_cabi Shipping/check_as_dty_order"), "disabled", 20, CONTINUE_ON_FAILURE): Object 'Object Repository/Page_cabi Shipping/check_as_dty_order' has attribute 'disabled'

2019-09-19 19:50:31 - [MESSAGE][PASSED] - Object 'Object Repository/Page_cabi Shipping/check_as_dty_order' has attribute 'disabled'

2019-09-19 19:50:31 - [TEST_STEP][PASSED] - if (hasAtributeDisabled): Object 'Object Repository/Page_cabi Shipping/check_as_dty_order' has attribute 'disabled' with value 'true'

2019-09-19 19:50:31 - [TEST_STEP][PASSED] - verifyElementAttributeValue(findTestObject("Object Repository/Page_cabi Shipping/check_as_dty_order"), "disabled", "true", 20): Object 'Object Repository/Page_cabi Shipping/check_as_dty_order' has attribute 'disabled' with value 'true'

2019-09-19 19:50:31 - [MESSAGE][PASSED] - Object 'Object Repository/Page_cabi Shipping/check_as_dty_order' has attribute 'disabled' with value 'true'

2019-09-19 19:50:31 - [TEST_STEP][PASSED] - span_place_dty_order_greys = findWebElements(findTestObject("Object Repository/Page_cabi Shipping/span_place_dty_order_grey"), 20): null

2019-09-19 19:50:31 - [TEST_STEP][PASSED] - if (span_place_dty_order_greys.size() != 1): null

2019-09-19 19:50:31 - [TEST_STEP][PASSED] - verifyElementHasAttribute(findTestObject("Page_cabi Shipping/span_dty_checkmark_grey"), "style", 20, CONTINUE_ON_FAILURE): Object 'Object Repository/Page_cabi Shipping/span_dty_checkmark_grey' has attribute 'style'

2019-09-19 19:50:31 - [MESSAGE][PASSED] - Object 'Object Repository/Page_cabi Shipping/span_dty_checkmark_grey' has attribute 'style'

2019-09-19 19:50:31 - [TEST_STEP][PASSED] - verifyElementAttributeValue(findTestObject("Object Repository/Page_cabi Shipping/span_dty_checkmark_grey"), "style", "background-color: rgb(211, 211, 211); cursor: default;", 20): Object 'Object Repository/Page_cabi Shipping/span_dty_checkmark_grey' has attribute 'style' with value 'background-color: rgb(211, 211, 211); cursor: default;'

2019-09-19 19:50:31 - [MESSAGE][PASSED] - Object 'Object Repository/Page_cabi Shipping/span_dty_checkmark_grey' has attribute 'style' with value 'background-color: rgb(211, 211, 211); cursor: default;'

2019-09-19 19:50:31 - [TEST_STEP][PASSED] - delay(2): Delayed 2 second(s)

2019-09-19 19:50:33 - [MESSAGE][PASSED] - Delayed 2 second(s)

2019-09-19 19:50:33 - [TEST_STEP][PASSED] - click(findTestObject("Object Repository/Page_cabi Shipping/a_edit_order_cancel")): Object: 'Object Repository/Page_cabi Shipping/a_edit_order_cancel' is clicked on

2019-09-19 19:50:36 - [MESSAGE][PASSED] - Object: 'Object Repository/Page_cabi Shipping/a_edit_order_cancel' is clicked on

2019-09-19 19:50:36 - [TEST_STEP][PASSED] - delay(1): Delayed 1 second(s)

2019-09-19 19:50:37 - [MESSAGE][PASSED] - Delayed 1 second(s)]]></system-out>
         <system-err><![CDATA[]]></system-err>
      </testcase>
      <system-out><![CDATA[2019-09-19 19:37:16 - [TEST_SUITE][PASSED] - DTYSuite: Test Cases/VirtualShow/BODTY/DTYNotEligible]]></system-out>
      <system-err><![CDATA[]]></system-err>
   </testsuite>
</testsuites>
