<?xml version="1.0" encoding="UTF-8"?>
<testsuites name="DTYSuite" time="1463" tests="3" failures="1" errors="0">
   <testsuite name="DTYSuite" tests="3" failures="1" errors="0" time="1463" timestamp="2019-09-19 17:12:39" hostname="user - 10.0.102.168" id="Test Suites/VirtualShowSuites/DTYSuite">
      <properties>
         <property name="deviceName" value=""/>
         <property name="devicePlatform" value=""/>
         <property name="logFolder" value="C:\\Users\\user\\Documents\\testautomation\\KatalonProjects\\Reports\\VirtualShowSuites\\DTYSuite\\20190919_171236"/>
         <property name="logFiles" value="C:\\Users\\user\\Documents\\testautomation\\KatalonProjects\\Reports\\VirtualShowSuites\\DTYSuite\\20190919_171236\\execution0.log"/>
         <property name="attachments" value="C:\\Users\\user\\Documents\\testautomation\\KatalonProjects\\Reports\\VirtualShowSuites\\DTYSuite\\20190919_171236\\1568894655273.png"/>
         <property name="hostName" value="user - 10.0.102.168"/>
         <property name="os" value="Windows 8.1 64bit"/>
         <property name="katalonVersion" value="6.1.1.1"/>
         <property name="browser" value="Chrome 76.0.3809.132"/>
         <property name="hostAddress" value="10.0.102.168"/>
         <property name="sessionId" value="d89b62dd937b8bc588afdb180c614744"/>
         <property name="seleniumVersion" value="3.7.1"/>
         <property name="proxyInformation" value="ProxyInformation{proxyOption=NO_PROXY, proxyServerType=HTTP, password=, proxyServerAddress=, proxyServerPort=0}"/>
         <property name="platform" value="Windows 8.1"/>
      </properties>
      <testcase name="Test Cases/VirtualShow/BODTY/DTY" classname="Test Cases/VirtualShow/BODTY/DTY" status="PASSED">
         <system-out><![CDATA[2019-09-19 17:12:40 - [TEST_CASE][PASSED] - Test Cases/VirtualShow/BODTY/DTY: Test Cases/VirtualShow/BODTY/DTY

2019-09-19 17:12:40 - [TEST_STEP][PASSED] - Start listener action : sampleBeforeTestCase: null

2019-09-19 17:12:40 - [TEST_STEP][PASSED] - println(testCaseContext.getTestCaseId()): null

2019-09-19 17:12:40 - [TEST_STEP][PASSED] - println(testCaseContext.getTestCaseVariables()): null

2019-09-19 17:12:41 - [TEST_STEP][PASSED] - dataFile = "virtualShowData": null

2019-09-19 17:12:41 - [TEST_STEP][PASSED] - guest1 = findTestData(dataFile).getValue("guest1", 1): null

2019-09-19 17:12:42 - [TEST_STEP][PASSED] - guest2 = findTestData(dataFile).getValue("guest2", 1): null

2019-09-19 17:12:42 - [TEST_STEP][PASSED] - hostess = findTestData(dataFile).getValue("hostess", 1): null

2019-09-19 17:12:42 - [TEST_STEP][PASSED] - cohostess = findTestData(dataFile).getValue("cohostess", 1): null

2019-09-19 17:12:43 - [TEST_STEP][PASSED] - dfMM = new java.text.SimpleDateFormat(MM): null

2019-09-19 17:12:43 - [TEST_STEP][PASSED] - dfDD = new java.text.SimpleDateFormat(dd): null

2019-09-19 17:12:43 - [TEST_STEP][PASSED] - dfYYYY = new java.text.SimpleDateFormat(yyyy): null

2019-09-19 17:12:43 - [TEST_STEP][PASSED] - today = getInstance().getTime(): null

2019-09-19 17:12:43 - [TEST_STEP][PASSED] - c = Calendar.getInstance(): null

2019-09-19 17:12:43 - [TEST_STEP][PASSED] - c.setTime(today): null

2019-09-19 17:12:43 - [TEST_STEP][PASSED] - c.add(DATE, 2): null

2019-09-19 17:12:43 - [TEST_STEP][PASSED] - newShowDate = c.getTime(): null

2019-09-19 17:12:43 - [TEST_STEP][PASSED] - vsyear = dfYYYY.format(newShowDate): null

2019-09-19 17:12:43 - [TEST_STEP][PASSED] - vsmonth = dfMM.format(newShowDate): null

2019-09-19 17:12:43 - [TEST_STEP][PASSED] - vsday = dfDD.format(newShowDate): null

2019-09-19 17:12:43 - [TEST_STEP][PASSED] - println(UtilityMethods.concat("from DTY: ", vsday, " ", vsmonth, " ", vsyear)): null

2019-09-19 17:12:43 - [TEST_STEP][PASSED] - callTestCase(findTestCase("VirtualShow/createAPhysicalShow"), ["BOURL":"", "BOuser":"", "BOpass":"", "hostess":"", "cohostess":"", "vsday":vsday, "vsmonth":vsmonth, "vsyear":vsyear], STOP_ON_FAILURE): Call Test Case 'Test Cases/VirtualShow/createAPhysicalShow' successfully

2019-09-19 17:12:43 - [TEST_CASE][PASSED] - Test Cases/VirtualShow/createAPhysicalShow: Test Cases/VirtualShow/createAPhysicalShow

2019-09-19 17:12:44 - [TEST_STEP][PASSED] - dataFile = "virtualShowData": null

2019-09-19 17:12:44 - [TEST_STEP][PASSED] - stylist = findTestData(dataFile).getValue("stylist", 1): null

2019-09-19 17:12:44 - [TEST_STEP][PASSED] - hostess = findTestData(dataFile).getValue("hostess", 1): null

2019-09-19 17:12:44 - [TEST_STEP][PASSED] - cohostess = findTestData(dataFile).getValue("cohostess", 1): null

2019-09-19 17:12:44 - [TEST_STEP][PASSED] - guest1 = findTestData(dataFile).getValue("guest1", 1): null

2019-09-19 17:12:44 - [TEST_STEP][PASSED] - guest2 = findTestData(dataFile).getValue("guest2", 1): null

2019-09-19 17:12:44 - [TEST_STEP][PASSED] - verifyGuestCount = findTestData(dataFile).getValue("verifyGuestCount", 1): null

2019-09-19 17:12:44 - [TEST_STEP][PASSED] - RSTestEnvt = findTestData("envtData").getValue("RSTestEnvt", 1): null

2019-09-19 17:12:44 - [TEST_STEP][PASSED] - openBrowser(""): Browser is opened with url: ''

2019-09-19 17:12:45 - [MESSAGE][INFO] - Starting 'Chrome' driver

2019-09-19 17:12:45 - [MESSAGE][INFO] - User set preference: ['args', '[--use-fake-ui-for-media-stream, --start-maximized]']

2019-09-19 17:12:45 - [MESSAGE][INFO] - Action delay is set to 0 seconds

2019-09-19 17:12:48 - [MESSAGE][PASSED] - Browser is opened with url: ''

2019-09-19 17:12:48 - [TEST_STEP][PASSED] - callTestCase(findTestCase("TestCaseUtilities/backOfficeLogin"), ["BOURL":"", "BOuser":"", "BOpass":""], CONTINUE_ON_FAILURE): Call Test Case 'Test Cases/TestCaseUtilities/backOfficeLogin' successfully

2019-09-19 17:12:48 - [TEST_CASE][PASSED] - Test Cases/TestCaseUtilities/backOfficeLogin: Test Cases/TestCaseUtilities/backOfficeLogin

2019-09-19 17:12:48 - [TEST_STEP][PASSED] - BOURL = findTestData("envtData").getValue("BOURL", 1): null

2019-09-19 17:12:48 - [TEST_STEP][PASSED] - BOuser = findTestData("credData").getValue("BOuser", 1): null

2019-09-19 17:12:48 - [TEST_STEP][PASSED] - BOpass = findTestData("credData").getValue("BOpass", 1): null

2019-09-19 17:12:48 - [TEST_STEP][PASSED] - openBrowser(""): Browser is opened with url: ''

2019-09-19 17:12:49 - [MESSAGE][WARNING] - A browser is already opened. Closing browser and opening a new one

2019-09-19 17:12:49 - [MESSAGE][INFO] - Starting 'Chrome' driver

2019-09-19 17:12:49 - [MESSAGE][INFO] - User set preference: ['args', '[--use-fake-ui-for-media-stream, --start-maximized]']

2019-09-19 17:12:52 - [MESSAGE][PASSED] - Browser is opened with url: ''

2019-09-19 17:12:52 - [TEST_STEP][PASSED] - navigateToUrl(BOURL): Navigate to 'https://test21.cliotest.com/backoffice/control/main' successfully

2019-09-19 17:12:59 - [MESSAGE][PASSED] - Navigate to 'https://test21.cliotest.com/backoffice/control/main' successfully

2019-09-19 17:12:59 - [TEST_STEP][PASSED] - logOut = findWebElements(findTestObject("Object Repository/Page_cabi Home/log_out"), 1): Unable to find the element located by 'By.xpath: //a[contains(text(),'Log Out')]'. Please recheck the objects properties to make sure the desired element is located. 

2019-09-19 17:13:00 - [MESSAGE][INFO] - Unable to find the element located by 'By.xpath: //a[contains(text(),'Log Out')]'. Please recheck the objects properties to make sure the desired element is located. 

2019-09-19 17:13:00 - [TEST_STEP][PASSED] - if (logOut.size() == 0): Object: 'Object Repository/Page_cabi/input_Welcome to_consultantLogin' is clicked on

2019-09-19 17:13:00 - [TEST_STEP][PASSED] - setText(findTestObject("Page_cabi/input_Welcome to_USERNAME"), BOuser): Text '400000002' is set on object 'Object Repository/Page_cabi/input_Welcome to_USERNAME'

2019-09-19 17:13:01 - [MESSAGE][PASSED] - Text '400000002' is set on object 'Object Repository/Page_cabi/input_Welcome to_USERNAME'

2019-09-19 17:13:01 - [TEST_STEP][PASSED] - setText(findTestObject("Object Repository/Page_cabi/input_Welcome to_PASSWORD"), BOpass): Text 'blackdress19' is set on object 'Object Repository/Page_cabi/input_Welcome to_PASSWORD'

2019-09-19 17:13:01 - [MESSAGE][PASSED] - Text 'blackdress19' is set on object 'Object Repository/Page_cabi/input_Welcome to_PASSWORD'

2019-09-19 17:13:01 - [TEST_STEP][PASSED] - click(findTestObject("Object Repository/Page_cabi/input_Welcome to_consultantLogin")): Object: 'Object Repository/Page_cabi/input_Welcome to_consultantLogin' is clicked on

2019-09-19 17:13:10 - [MESSAGE][PASSED] - Object: 'Object Repository/Page_cabi/input_Welcome to_consultantLogin' is clicked on

2019-09-19 17:13:10 - [TEST_STEP][PASSED] - delay(3): Delayed 3 second(s)

2019-09-19 17:13:13 - [MESSAGE][PASSED] - Delayed 3 second(s)

2019-09-19 17:13:13 - [MESSAGE][PASSED] - Call Test Case 'Test Cases/TestCaseUtilities/backOfficeLogin' successfully

2019-09-19 17:13:13 - [TEST_STEP][PASSED] - verifyElementText(findTestObject("Object Repository/virualShowRSVPOR/Page_cabi/span_username"), stylist): Actual text and expected text of test object 'Object Repository/virualShowRSVPOR/Page_cabi/span_username' are matched.

2019-09-19 17:13:13 - [MESSAGE][PASSED] - Actual text and expected text of test object 'Object Repository/virualShowRSVPOR/Page_cabi/span_username' are matched.

2019-09-19 17:13:13 - [TEST_STEP][PASSED] - click(findTestObject("Object Repository/virualShowRSVPOR/Page_cabi Home/a_shows _orders")): Object: 'Object Repository/virualShowRSVPOR/Page_cabi Home/a_shows _orders' is clicked on

2019-09-19 17:13:13 - [MESSAGE][PASSED] - Object: 'Object Repository/virualShowRSVPOR/Page_cabi Home/a_shows _orders' is clicked on

2019-09-19 17:13:13 - [TEST_STEP][PASSED] - click(findTestObject("Object Repository/virualShowRSVPOR/Page_cabi Home/a_Create_A_Show")): Object: 'Object Repository/virualShowRSVPOR/Page_cabi Home/a_Create_A_Show' is clicked on

2019-09-19 17:13:17 - [MESSAGE][PASSED] - Object: 'Object Repository/virualShowRSVPOR/Page_cabi Home/a_Create_A_Show' is clicked on

2019-09-19 17:13:17 - [TEST_STEP][PASSED] - setText(findTestObject("Object Repository/virualShowRSVPOR/Page_cabi Create Show - Set Hostess/input_Hostess"), hostess): Text 'ahostess-test abc' is set on object 'Object Repository/virualShowRSVPOR/Page_cabi Create Show - Set Hostess/input_Hostess'

2019-09-19 17:13:17 - [MESSAGE][PASSED] - Text 'ahostess-test abc' is set on object 'Object Repository/virualShowRSVPOR/Page_cabi Create Show - Set Hostess/input_Hostess'

2019-09-19 17:13:17 - [TEST_STEP][PASSED] - delay(2): Delayed 2 second(s)

2019-09-19 17:13:19 - [MESSAGE][PASSED] - Delayed 2 second(s)

2019-09-19 17:13:19 - [TEST_STEP][PASSED] - sendKeys(findTestObject("Object Repository/virualShowRSVPOR/Page_cabi Create Show - Set Hostess/input_Hostess"), Keys.chord(ARROW_DOWN)): Keys 'DOWN + ' sent to object: 'Object Repository/virualShowRSVPOR/Page_cabi Create Show - Set Hostess/input_Hostess'

2019-09-19 17:13:19 - [MESSAGE][PASSED] - Keys 'DOWN + ' sent to object: 'Object Repository/virualShowRSVPOR/Page_cabi Create Show - Set Hostess/input_Hostess'

2019-09-19 17:13:19 - [TEST_STEP][PASSED] - sendKeys(findTestObject("Object Repository/virualShowRSVPOR/Page_cabi Create Show - Set Hostess/input_Hostess"), Keys.chord(ENTER)): Keys 'ENTER + ' sent to object: 'Object Repository/virualShowRSVPOR/Page_cabi Create Show - Set Hostess/input_Hostess'

2019-09-19 17:13:20 - [MESSAGE][PASSED] - Keys 'ENTER + ' sent to object: 'Object Repository/virualShowRSVPOR/Page_cabi Create Show - Set Hostess/input_Hostess'

2019-09-19 17:13:20 - [TEST_STEP][PASSED] - delay(2): Delayed 2 second(s)

2019-09-19 17:13:22 - [MESSAGE][PASSED] - Delayed 2 second(s)

2019-09-19 17:13:22 - [TEST_STEP][PASSED] - validateHostessAddressMsg = findWebElements(findTestObject("Object Repository/virualShowRSVPOR/Page_cabi Create Show - Set Hostess/validate_address_msg"), 5): null

2019-09-19 17:13:22 - [TEST_STEP][PASSED] - println(validateHostessAddressMsg.size()): null

2019-09-19 17:13:22 - [TEST_STEP][PASSED] - if (validateHostessAddressMsg.isEmpty()): null

2019-09-19 17:13:22 - [TEST_STEP][PASSED] - selectOptionByValue(findTestObject("Object Repository/virualShowRSVPOR/Page_cabi Create Show - Set Hostess/select_Choose_From_Contacts_Co-Hostess"), "3", true): All options with value '3' are selected in object 'Object Repository/virualShowRSVPOR/Page_cabi Create Show - Set Hostess/select_Choose_From_Contacts_Co-Hostess'  using regular expression

2019-09-19 17:13:22 - [MESSAGE][PASSED] - All options with value '3' are selected in object 'Object Repository/virualShowRSVPOR/Page_cabi Create Show - Set Hostess/select_Choose_From_Contacts_Co-Hostess'  using regular expression

2019-09-19 17:13:22 - [TEST_STEP][PASSED] - setText(findTestObject("Object Repository/virualShowRSVPOR/Page_cabi Create Show - Set Hostess/input_Cohostess"), cohostess): Text 'bcohost-test abc' is set on object 'Object Repository/virualShowRSVPOR/Page_cabi Create Show - Set Hostess/input_Cohostess'

2019-09-19 17:13:22 - [MESSAGE][PASSED] - Text 'bcohost-test abc' is set on object 'Object Repository/virualShowRSVPOR/Page_cabi Create Show - Set Hostess/input_Cohostess'

2019-09-19 17:13:22 - [TEST_STEP][PASSED] - delay(2): Delayed 2 second(s)

2019-09-19 17:13:24 - [MESSAGE][PASSED] - Delayed 2 second(s)

2019-09-19 17:13:24 - [TEST_STEP][PASSED] - sendKeys(findTestObject("Object Repository/virualShowRSVPOR/Page_cabi Create Show - Set Hostess/input_Cohostess"), Keys.chord(ARROW_DOWN)): Keys 'DOWN + ' sent to object: 'Object Repository/virualShowRSVPOR/Page_cabi Create Show - Set Hostess/input_Cohostess'

2019-09-19 17:13:24 - [MESSAGE][PASSED] - Keys 'DOWN + ' sent to object: 'Object Repository/virualShowRSVPOR/Page_cabi Create Show - Set Hostess/input_Cohostess'

2019-09-19 17:13:24 - [TEST_STEP][PASSED] - sendKeys(findTestObject("Object Repository/virualShowRSVPOR/Page_cabi Create Show - Set Hostess/input_Cohostess"), Keys.chord(ENTER)): Keys 'ENTER + ' sent to object: 'Object Repository/virualShowRSVPOR/Page_cabi Create Show - Set Hostess/input_Cohostess'

2019-09-19 17:13:24 - [MESSAGE][PASSED] - Keys 'ENTER + ' sent to object: 'Object Repository/virualShowRSVPOR/Page_cabi Create Show - Set Hostess/input_Cohostess'

2019-09-19 17:13:24 - [TEST_STEP][PASSED] - delay(3): Delayed 3 second(s)

2019-09-19 17:13:27 - [MESSAGE][PASSED] - Delayed 3 second(s)

2019-09-19 17:13:27 - [TEST_STEP][PASSED] - validateHostessAddressMsg = findWebElements(findTestObject("Object Repository/virualShowRSVPOR/Page_cabi Create Show - Set Hostess/validate_address_msg"), 5): null

2019-09-19 17:13:28 - [TEST_STEP][PASSED] - if (validateHostessAddressMsg.size() != 4): null

2019-09-19 17:13:28 - [TEST_STEP][PASSED] - click(findTestObject("Object Repository/virualShowRSVPOR/Page_cabi Create Show - Set Hostess/input_next")): Object: 'Object Repository/virualShowRSVPOR/Page_cabi Create Show - Set Hostess/input_next' is clicked on

2019-09-19 17:13:29 - [MESSAGE][PASSED] - Object: 'Object Repository/virualShowRSVPOR/Page_cabi Create Show - Set Hostess/input_next' is clicked on

2019-09-19 17:13:29 - [TEST_STEP][PASSED] - click(findTestObject("Object Repository/virualShowRSVPOR/Page_cabi Create Show - Time and Place/check_Physical_Show")): Object: 'Object Repository/virualShowRSVPOR/Page_cabi Create Show - Time and Place/check_Physical_Show' is clicked on

2019-09-19 17:13:29 - [MESSAGE][PASSED] - Object: 'Object Repository/virualShowRSVPOR/Page_cabi Create Show - Time and Place/check_Physical_Show' is clicked on

2019-09-19 17:13:29 - [TEST_STEP][PASSED] - click(findTestObject("Object Repository/virualShowRSVPOR/Page_cabi Create Show - Time and Place/input_Show_Date_Time")): Object: 'Object Repository/virualShowRSVPOR/Page_cabi Create Show - Time and Place/input_Show_Date_Time' is clicked on

2019-09-19 17:13:30 - [MESSAGE][PASSED] - Object: 'Object Repository/virualShowRSVPOR/Page_cabi Create Show - Time and Place/input_Show_Date_Time' is clicked on

2019-09-19 17:13:30 - [TEST_STEP][PASSED] - println(UtilityMethods.concat(" ", vsday, " ", vsmonth, " ", vsyear)): null

2019-09-19 17:13:30 - [TEST_STEP][PASSED] - year = vsyear: null

2019-09-19 17:13:30 - [TEST_STEP][PASSED] - month = vsmonth: null

2019-09-19 17:13:30 - [TEST_STEP][PASSED] - day = vsday: null

2019-09-19 17:13:30 - [TEST_STEP][PASSED] - pastdate = findTestData("virtualShowData").getValue("pastdate", 1): null

2019-09-19 17:13:30 - [TEST_STEP][PASSED] - xpath = UtilityMethods.concat("//td[@data-month='" + month - 1 + "' and @data-year='" + year + "']/a[contains(text(), '" + day + "')]"): null

2019-09-19 17:13:30 - [TEST_STEP][PASSED] - dateObj = new com.kms.katalon.core.testobject.TestObject(td_month_year_day): null

2019-09-19 17:13:30 - [TEST_STEP][PASSED] - dateObj.addProperty("xpath", EQUALS, xpath): null

2019-09-19 17:13:30 - [TEST_STEP][PASSED] - monthBound = 12: null

2019-09-19 17:13:30 - [TEST_STEP][PASSED] - dateObjList = findWebElements(dateObj, 5): null

2019-09-19 17:13:30 - [TEST_STEP][PASSED] - while (dateObjList.size() == 0 && monthBound > 0): null

2019-09-19 17:13:30 - [TEST_STEP][PASSED] - click(dateObj): Object: 'td_month_year_day' is clicked on

2019-09-19 17:13:30 - [MESSAGE][PASSED] - Object: 'td_month_year_day' is clicked on

2019-09-19 17:13:30 - [TEST_STEP][PASSED] - click(findTestObject("Object Repository/virualShowRSVPOR/Page_cabi Create Show - Time and Place/a_select_End_Time")): Object: 'Object Repository/virualShowRSVPOR/Page_cabi Create Show - Time and Place/a_select_End_Time' is clicked on

2019-09-19 17:13:30 - [MESSAGE][PASSED] - Object: 'Object Repository/virualShowRSVPOR/Page_cabi Create Show - Time and Place/a_select_End_Time' is clicked on

2019-09-19 17:13:30 - [TEST_STEP][PASSED] - delay(2): Delayed 2 second(s)

2019-09-19 17:13:32 - [MESSAGE][PASSED] - Delayed 2 second(s)

2019-09-19 17:13:32 - [TEST_STEP][PASSED] - click(findTestObject("virualShowRSVPOR/Page_cabi Create Show - Time and Place/check_show_address_same_as_hostess")): Object: 'Object Repository/virualShowRSVPOR/Page_cabi Create Show - Time and Place/check_show_address_same_as_hostess' is clicked on

2019-09-19 17:13:32 - [MESSAGE][PASSED] - Object: 'Object Repository/virualShowRSVPOR/Page_cabi Create Show - Time and Place/check_show_address_same_as_hostess' is clicked on

2019-09-19 17:13:32 - [TEST_STEP][PASSED] - delay(2): Delayed 2 second(s)

2019-09-19 17:13:34 - [MESSAGE][PASSED] - Delayed 2 second(s)

2019-09-19 17:13:34 - [TEST_STEP][PASSED] - click(findTestObject("Object Repository/virualShowRSVPOR/Page_cabi Create Show - Time and Place/check_shipping_address_same_as_location")): Object: 'Object Repository/virualShowRSVPOR/Page_cabi Create Show - Time and Place/check_shipping_address_same_as_location' is clicked on

2019-09-19 17:13:35 - [MESSAGE][PASSED] - Object: 'Object Repository/virualShowRSVPOR/Page_cabi Create Show - Time and Place/check_shipping_address_same_as_location' is clicked on

2019-09-19 17:13:35 - [TEST_STEP][PASSED] - delay(2): Delayed 2 second(s)

2019-09-19 17:13:37 - [MESSAGE][PASSED] - Delayed 2 second(s)

2019-09-19 17:13:37 - [TEST_STEP][PASSED] - click(findTestObject("Object Repository/virualShowRSVPOR/Page_cabi Create Show - Time and Place/input_next")): Object: 'Object Repository/virualShowRSVPOR/Page_cabi Create Show - Time and Place/input_next' is clicked on

2019-09-19 17:13:37 - [MESSAGE][PASSED] - Object: 'Object Repository/virualShowRSVPOR/Page_cabi Create Show - Time and Place/input_next' is clicked on

2019-09-19 17:13:37 - [TEST_STEP][PASSED] - delay(5): Delayed 5 second(s)

2019-09-19 17:13:42 - [MESSAGE][PASSED] - Delayed 5 second(s)

2019-09-19 17:13:42 - [TEST_STEP][PASSED] - click(findTestObject("Object Repository/virualShowRSVPOR/Page_cabi Create Show - Invite Hostess/input_Skip_Invite")): Object: 'Object Repository/virualShowRSVPOR/Page_cabi Create Show - Invite Hostess/input_Skip_Invite' is clicked on

2019-09-19 17:13:45 - [MESSAGE][PASSED] - Object: 'Object Repository/virualShowRSVPOR/Page_cabi Create Show - Invite Hostess/input_Skip_Invite' is clicked on

2019-09-19 17:13:45 - [TEST_STEP][PASSED] - setText(findTestObject("Object Repository/virualShowRSVPOR/Page_cabi Edit Show - Add Guests/contact_search_box"), guest1): Text 'guest1-test abc' is set on object 'Object Repository/virualShowRSVPOR/Page_cabi Edit Show - Add Guests/contact_search_box'

2019-09-19 17:13:45 - [MESSAGE][PASSED] - Text 'guest1-test abc' is set on object 'Object Repository/virualShowRSVPOR/Page_cabi Edit Show - Add Guests/contact_search_box'

2019-09-19 17:13:45 - [TEST_STEP][PASSED] - delay(2): Delayed 2 second(s)

2019-09-19 17:13:47 - [MESSAGE][PASSED] - Delayed 2 second(s)

2019-09-19 17:13:47 - [TEST_STEP][PASSED] - sendKeys(findTestObject("Object Repository/virualShowRSVPOR/Page_cabi Edit Show - Add Guests/contact_search_box"), Keys.chord(ARROW_DOWN)): Keys 'DOWN + ' sent to object: 'Object Repository/virualShowRSVPOR/Page_cabi Edit Show - Add Guests/contact_search_box'

2019-09-19 17:13:47 - [MESSAGE][PASSED] - Keys 'DOWN + ' sent to object: 'Object Repository/virualShowRSVPOR/Page_cabi Edit Show - Add Guests/contact_search_box'

2019-09-19 17:13:47 - [TEST_STEP][PASSED] - sendKeys(findTestObject("Object Repository/virualShowRSVPOR/Page_cabi Edit Show - Add Guests/contact_search_box"), Keys.chord(ENTER)): Keys 'ENTER + ' sent to object: 'Object Repository/virualShowRSVPOR/Page_cabi Edit Show - Add Guests/contact_search_box'

2019-09-19 17:13:47 - [MESSAGE][PASSED] - Keys 'ENTER + ' sent to object: 'Object Repository/virualShowRSVPOR/Page_cabi Edit Show - Add Guests/contact_search_box'

2019-09-19 17:13:47 - [TEST_STEP][PASSED] - delay(2): Delayed 2 second(s)

2019-09-19 17:13:49 - [MESSAGE][PASSED] - Delayed 2 second(s)

2019-09-19 17:13:49 - [TEST_STEP][PASSED] - click(findTestObject("Object Repository/virualShowRSVPOR/Page_cabi Edit Show - Add Guests/a_add_guest")): Object: 'Object Repository/virualShowRSVPOR/Page_cabi Edit Show - Add Guests/a_add_guest' is clicked on

2019-09-19 17:13:50 - [MESSAGE][PASSED] - Object: 'Object Repository/virualShowRSVPOR/Page_cabi Edit Show - Add Guests/a_add_guest' is clicked on

2019-09-19 17:13:50 - [TEST_STEP][PASSED] - delay(5): Delayed 5 second(s)

2019-09-19 17:13:55 - [MESSAGE][PASSED] - Delayed 5 second(s)

2019-09-19 17:13:55 - [TEST_STEP][PASSED] - setText(findTestObject("Object Repository/virualShowRSVPOR/Page_cabi Edit Show - Add Guests/contact_search_box"), guest2): Text 'guest2-test abc' is set on object 'Object Repository/virualShowRSVPOR/Page_cabi Edit Show - Add Guests/contact_search_box'

2019-09-19 17:13:55 - [MESSAGE][PASSED] - Text 'guest2-test abc' is set on object 'Object Repository/virualShowRSVPOR/Page_cabi Edit Show - Add Guests/contact_search_box'

2019-09-19 17:13:55 - [TEST_STEP][PASSED] - delay(2): Delayed 2 second(s)

2019-09-19 17:13:57 - [MESSAGE][PASSED] - Delayed 2 second(s)

2019-09-19 17:13:57 - [TEST_STEP][PASSED] - sendKeys(findTestObject("Object Repository/virualShowRSVPOR/Page_cabi Edit Show - Add Guests/contact_search_box"), Keys.chord(ARROW_DOWN)): Keys 'DOWN + ' sent to object: 'Object Repository/virualShowRSVPOR/Page_cabi Edit Show - Add Guests/contact_search_box'

2019-09-19 17:13:57 - [MESSAGE][PASSED] - Keys 'DOWN + ' sent to object: 'Object Repository/virualShowRSVPOR/Page_cabi Edit Show - Add Guests/contact_search_box'

2019-09-19 17:13:57 - [TEST_STEP][PASSED] - sendKeys(findTestObject("Object Repository/virualShowRSVPOR/Page_cabi Edit Show - Add Guests/contact_search_box"), Keys.chord(ENTER)): Keys 'ENTER + ' sent to object: 'Object Repository/virualShowRSVPOR/Page_cabi Edit Show - Add Guests/contact_search_box'

2019-09-19 17:13:57 - [MESSAGE][PASSED] - Keys 'ENTER + ' sent to object: 'Object Repository/virualShowRSVPOR/Page_cabi Edit Show - Add Guests/contact_search_box'

2019-09-19 17:13:57 - [TEST_STEP][PASSED] - delay(2): Delayed 2 second(s)

2019-09-19 17:13:59 - [MESSAGE][PASSED] - Delayed 2 second(s)

2019-09-19 17:13:59 - [TEST_STEP][PASSED] - click(findTestObject("Object Repository/virualShowRSVPOR/Page_cabi Edit Show - Add Guests/a_add_guest")): Object: 'Object Repository/virualShowRSVPOR/Page_cabi Edit Show - Add Guests/a_add_guest' is clicked on

2019-09-19 17:14:00 - [MESSAGE][PASSED] - Object: 'Object Repository/virualShowRSVPOR/Page_cabi Edit Show - Add Guests/a_add_guest' is clicked on

2019-09-19 17:14:00 - [TEST_STEP][PASSED] - delay(2): Delayed 2 second(s)

2019-09-19 17:14:02 - [MESSAGE][PASSED] - Delayed 2 second(s)

2019-09-19 17:14:02 - [TEST_STEP][PASSED] - verifyHostess = UtilityMethods.splitPersonName(hostess): null

2019-09-19 17:14:02 - [TEST_STEP][PASSED] - verifyCohostess = UtilityMethods.splitPersonName(cohostess): null

2019-09-19 17:14:02 - [TEST_STEP][PASSED] - verifyGuest1 = UtilityMethods.splitPersonName(guest1): null

2019-09-19 17:14:02 - [TEST_STEP][PASSED] - verifyGuest2 = UtilityMethods.splitPersonName(guest2): null

2019-09-19 17:14:02 - [TEST_STEP][PASSED] - verifyElementText(findTestObject("Object Repository/virualShowRSVPOR/Page_cabi Edit Show - Add Guests/span_hostess_name"), UtilityMethods.concat(verifyHostess[1], ", ", verifyHostess[0])): Actual text and expected text of test object 'Object Repository/virualShowRSVPOR/Page_cabi Edit Show - Add Guests/span_hostess_name' are matched.

2019-09-19 17:14:02 - [MESSAGE][PASSED] - Actual text and expected text of test object 'Object Repository/virualShowRSVPOR/Page_cabi Edit Show - Add Guests/span_hostess_name' are matched.

2019-09-19 17:14:02 - [TEST_STEP][PASSED] - verifyElementText(findTestObject("Object Repository/virualShowRSVPOR/Page_cabi Edit Show - Add Guests/span_cohostess_name"), UtilityMethods.concat(verifyCohostess[1], ", ", verifyCohostess[0])): Actual text and expected text of test object 'Object Repository/virualShowRSVPOR/Page_cabi Edit Show - Add Guests/span_cohostess_name' are matched.

2019-09-19 17:14:02 - [MESSAGE][PASSED] - Actual text and expected text of test object 'Object Repository/virualShowRSVPOR/Page_cabi Edit Show - Add Guests/span_cohostess_name' are matched.

2019-09-19 17:14:02 - [TEST_STEP][PASSED] - listElement = findWebElements(findTestObject("Object Repository/virualShowRSVPOR/Page_cabi Edit Show - Add Guests/span_guest_name_list"), 5): null

2019-09-19 17:14:02 - [TEST_STEP][PASSED] - guestCount = Integer.parseInt(verifyGuestCount): null

2019-09-19 17:14:02 - [TEST_STEP][PASSED] - assert listElement.size() == guestCount: null

2019-09-19 17:14:02 - [TEST_STEP][PASSED] - flag = false: null

2019-09-19 17:14:02 - [TEST_STEP][PASSED] - for ([i = 0, i < guestCount, (i++)]): null

2019-09-19 17:14:02 - [TEST_STEP][PASSED] - flag = false: null

2019-09-19 17:14:02 - [TEST_STEP][PASSED] - if (getText().equals(UtilityMethods.concat(verifyGuest1[1], ", ", verifyGuest1[0]))): null

2019-09-19 17:14:02 - [TEST_STEP][PASSED] - flag = true: null

2019-09-19 17:14:02 - [TEST_STEP][PASSED] - if (getText().equals(UtilityMethods.concat(verifyGuest2[1], ", ", verifyGuest2[0]))): null

2019-09-19 17:14:02 - [TEST_STEP][PASSED] - flag = false: null

2019-09-19 17:14:02 - [TEST_STEP][PASSED] - if (getText().equals(UtilityMethods.concat(verifyGuest1[1], ", ", verifyGuest1[0]))): null

2019-09-19 17:14:02 - [TEST_STEP][PASSED] - if (getText().equals(UtilityMethods.concat(verifyGuest2[1], ", ", verifyGuest2[0]))): null

2019-09-19 17:14:02 - [TEST_STEP][PASSED] - flag = true: null

2019-09-19 17:14:02 - [TEST_STEP][PASSED] - assert flag == true: null

2019-09-19 17:14:02 - [TEST_STEP][PASSED] - click(findTestObject("Object Repository/virualShowRSVPOR/Page_cabi Edit Show - Add Guests/input_Next")): Object: 'Object Repository/virualShowRSVPOR/Page_cabi Edit Show - Add Guests/input_Next' is clicked on

2019-09-19 17:14:05 - [MESSAGE][PASSED] - Object: 'Object Repository/virualShowRSVPOR/Page_cabi Edit Show - Add Guests/input_Next' is clicked on

2019-09-19 17:14:05 - [TEST_STEP][PASSED] - delay(3): Delayed 3 second(s)

2019-09-19 17:14:08 - [MESSAGE][PASSED] - Delayed 3 second(s)

2019-09-19 17:14:08 - [TEST_STEP][PASSED] - click(findTestObject("Object Repository/virualShowRSVPOR/Page_cabi Edit Show - Send Invitations/input_Overview")): Object: 'Object Repository/virualShowRSVPOR/Page_cabi Edit Show - Send Invitations/input_Overview' is clicked on

2019-09-19 17:14:10 - [MESSAGE][PASSED] - Object: 'Object Repository/virualShowRSVPOR/Page_cabi Edit Show - Send Invitations/input_Overview' is clicked on

2019-09-19 17:14:10 - [TEST_STEP][PASSED] - showID = getText(findTestObject("Object Repository/virualShowRSVPOR/Page_cabi Orders/li_Show_ID_Text")): Text of object 'Object Repository/virualShowRSVPOR/Page_cabi Orders/li_Show_ID_Text' is: 'Show #: 104739733'

2019-09-19 17:14:10 - [MESSAGE][PASSED] - Text of object 'Object Repository/virualShowRSVPOR/Page_cabi Orders/li_Show_ID_Text' is: 'Show #: 104739733'

2019-09-19 17:14:10 - [TEST_STEP][PASSED] - delay(2): Delayed 2 second(s)

2019-09-19 17:14:12 - [MESSAGE][PASSED] - Delayed 2 second(s)

2019-09-19 17:14:12 - [TEST_STEP][PASSED] - driver = getWebDriver(): null

2019-09-19 17:14:12 - [TEST_STEP][PASSED] - executor = driver: null

2019-09-19 17:14:12 - [TEST_STEP][PASSED] - executor.executeScript("arguments[0].click();", findWebElement(findTestObject("Object Repository/virualShowRSVPOR/Page_cabi Orders/a_My Profile"), 5)): null

2019-09-19 17:14:13 - [TEST_STEP][PASSED] - rsName = getText(findTestObject("Object Repository/virualShowRSVPOR/Page_cabi My Profile/span_rsName")): Text of object 'Object Repository/virualShowRSVPOR/Page_cabi My Profile/span_rsName' is: 'MirandaKate'

2019-09-19 17:14:13 - [MESSAGE][PASSED] - Text of object 'Object Repository/virualShowRSVPOR/Page_cabi My Profile/span_rsName' is: 'MirandaKate'

2019-09-19 17:14:13 - [TEST_STEP][PASSED] - micrositeURL = UtilityMethods.createURL(rsName, RSTestEnvt, showID): null

2019-09-19 17:14:14 - [TEST_STEP][PASSED] - println(micrositeURL): null

2019-09-19 17:14:14 - [TEST_STEP][PASSED] - back(): Navigate back successfully

2019-09-19 17:14:14 - [MESSAGE][PASSED] - Navigate back successfully

2019-09-19 17:14:14 - [MESSAGE][PASSED] - Call Test Case 'Test Cases/VirtualShow/createAPhysicalShow' successfully

2019-09-19 17:14:15 - [TEST_STEP][PASSED] - click(findTestObject("Object Repository/virualShowRSVPOR/Page_cabi Edit Show - Send Invitations/a_orders")): Object: 'Object Repository/virualShowRSVPOR/Page_cabi Edit Show - Send Invitations/a_orders' is clicked on

2019-09-19 17:14:16 - [MESSAGE][PASSED] - Object: 'Object Repository/virualShowRSVPOR/Page_cabi Edit Show - Send Invitations/a_orders' is clicked on

2019-09-19 17:14:16 - [TEST_STEP][PASSED] - g1Vars = UtilityMethods.splitPersonName(guest1): null

2019-09-19 17:14:16 - [TEST_STEP][PASSED] - g1Var = UtilityMethods.concat(g1Vars[1], ", ", g1Vars[0]): null

2019-09-19 17:14:16 - [TEST_STEP][PASSED] - buttonPlaceOrder = UtilityMethods.createTestObject("buttoPlaceOrder", "//table[@class='show-order-table']/tbody/tr/td/span[contains(text(), '", g1Var, "')]/parent::td/following-sibling::td[1]/button"): null

2019-09-19 17:14:16 - [TEST_STEP][PASSED] - click(buttonPlaceOrder): Object: 'buttoPlaceOrder' is clicked on

2019-09-19 17:14:18 - [MESSAGE][PASSED] - Object: 'buttoPlaceOrder' is clicked on

2019-09-19 17:14:18 - [TEST_STEP][PASSED] - delay(3): Delayed 3 second(s)

2019-09-19 17:14:21 - [MESSAGE][PASSED] - Delayed 3 second(s)

2019-09-19 17:14:21 - [TEST_STEP][PASSED] - DTYMsg = "Hooray! This order is eligible for "Direct to You" shipping.": null

2019-09-19 17:14:21 - [TEST_STEP][PASSED] - println(getText(findTestObject("Object Repository/virualShowRSVPOR/DTY/label_DtyEligibility"))): Text of object 'Object Repository/virualShowRSVPOR/DTY/label_DtyEligibility' is: 'Hooray! This order is eligible for "Direct to You" shipping.'

2019-09-19 17:14:21 - [MESSAGE][PASSED] - Text of object 'Object Repository/virualShowRSVPOR/DTY/label_DtyEligibility' is: 'Hooray! This order is eligible for "Direct to You" shipping.'

2019-09-19 17:14:21 - [TEST_STEP][PASSED] - verifyElementText(findTestObject("Object Repository/virualShowRSVPOR/DTY/label_DtyEligibility"), DTYMsg, CONTINUE_ON_FAILURE): Actual text and expected text of test object 'Object Repository/virualShowRSVPOR/DTY/label_DtyEligibility' are matched.

2019-09-19 17:14:21 - [MESSAGE][PASSED] - Actual text and expected text of test object 'Object Repository/virualShowRSVPOR/DTY/label_DtyEligibility' are matched.

2019-09-19 17:14:21 - [TEST_STEP][PASSED] - check(findTestObject("Object Repository/Page_cabi Home/a_same_shipping_address")): Object 'Object Repository/Page_cabi Home/a_same_shipping_address' is checked

2019-09-19 17:14:22 - [MESSAGE][PASSED] - Object 'Object Repository/Page_cabi Home/a_same_shipping_address' is checked

2019-09-19 17:14:22 - [TEST_STEP][PASSED] - delay(3): Delayed 3 second(s)

2019-09-19 17:14:25 - [MESSAGE][PASSED] - Delayed 3 second(s)

2019-09-19 17:14:25 - [TEST_STEP][PASSED] - driver = getWebDriver(): null

2019-09-19 17:14:25 - [TEST_STEP][PASSED] - executor = driver: null

2019-09-19 17:14:25 - [TEST_STEP][PASSED] - executor.executeScript("arguments[0].click();", findWebElement(findTestObject("Object Repository/Page_cabi Home/a_order_items"), 5)): null

2019-09-19 17:14:25 - [TEST_STEP][PASSED] - click(findTestObject("Object Repository/Page_cabi Retail Store/span_quick_entry")): Object: 'Object Repository/Page_cabi Retail Store/span_quick_entry' is clicked on

2019-09-19 17:14:28 - [MESSAGE][PASSED] - Object: 'Object Repository/Page_cabi Retail Store/span_quick_entry' is clicked on

2019-09-19 17:14:28 - [TEST_STEP][PASSED] - delay(3): Delayed 3 second(s)

2019-09-19 17:14:31 - [MESSAGE][PASSED] - Delayed 3 second(s)

2019-09-19 17:14:31 - [TEST_STEP][PASSED] - emptyCart = findWebElements(findTestObject("Object Repository/Page_cabi Personal Store/removeFromCart"), 5): Unable to find the element located by 'By.xpath: //*[@id="removeFromCart_0"]/span'. Please recheck the objects properties to make sure the desired element is located. 

2019-09-19 17:14:36 - [MESSAGE][INFO] - Unable to find the element located by 'By.xpath: //*[@id="removeFromCart_0"]/span'. Please recheck the objects properties to make sure the desired element is located. 

2019-09-19 17:14:36 - [TEST_STEP][PASSED] - if (emptyCart.size() > 0): null

2019-09-19 17:14:36 - [TEST_STEP][PASSED] - addOnStyle = findTestData("miscData").getValue("addOnStyle", 1): null

2019-09-19 17:14:37 - [TEST_STEP][PASSED] - addOnStyle2 = findTestData("miscData").getValue("addOnStyle", 2): null

2019-09-19 17:14:37 - [TEST_STEP][PASSED] - setText(findTestObject("Object Repository/Page_cabi Create Order/input_Manual Discount_stylelookup_0"), addOnStyle): Text '3701' is set on object 'Object Repository/Page_cabi Create Order/input_Manual Discount_stylelookup_0'

2019-09-19 17:14:37 - [MESSAGE][PASSED] - Text '3701' is set on object 'Object Repository/Page_cabi Create Order/input_Manual Discount_stylelookup_0'

2019-09-19 17:14:37 - [TEST_STEP][PASSED] - delay(2): Delayed 2 second(s)

2019-09-19 17:14:39 - [MESSAGE][PASSED] - Delayed 2 second(s)

2019-09-19 17:14:39 - [TEST_STEP][PASSED] - sendKeys(findTestObject("Object Repository/Page_cabi Create Order/input_Manual Discount_stylelookup_0"), Keys.chord(ARROW_DOWN)): Keys 'DOWN + ' sent to object: 'Object Repository/Page_cabi Create Order/input_Manual Discount_stylelookup_0'

2019-09-19 17:14:39 - [MESSAGE][PASSED] - Keys 'DOWN + ' sent to object: 'Object Repository/Page_cabi Create Order/input_Manual Discount_stylelookup_0'

2019-09-19 17:14:39 - [TEST_STEP][PASSED] - delay(2): Delayed 2 second(s)

2019-09-19 17:14:41 - [MESSAGE][PASSED] - Delayed 2 second(s)

2019-09-19 17:14:41 - [TEST_STEP][PASSED] - sendKeys(findTestObject("Object Repository/Page_cabi Create Order/input_Manual Discount_stylelookup_0"), Keys.chord(ARROW_DOWN)): Keys 'DOWN + ' sent to object: 'Object Repository/Page_cabi Create Order/input_Manual Discount_stylelookup_0'

2019-09-19 17:14:41 - [MESSAGE][PASSED] - Keys 'DOWN + ' sent to object: 'Object Repository/Page_cabi Create Order/input_Manual Discount_stylelookup_0'

2019-09-19 17:14:41 - [TEST_STEP][PASSED] - sendKeys(findTestObject("Object Repository/Page_cabi Create Order/input_Manual Discount_stylelookup_0"), Keys.chord(ENTER)): Keys 'ENTER + ' sent to object: 'Object Repository/Page_cabi Create Order/input_Manual Discount_stylelookup_0'

2019-09-19 17:14:41 - [MESSAGE][PASSED] - Keys 'ENTER + ' sent to object: 'Object Repository/Page_cabi Create Order/input_Manual Discount_stylelookup_0'

2019-09-19 17:14:41 - [TEST_STEP][PASSED] - delay(5): Delayed 5 second(s)

2019-09-19 17:14:46 - [MESSAGE][PASSED] - Delayed 5 second(s)

2019-09-19 17:14:46 - [TEST_STEP][PASSED] - click(findTestObject("Object Repository/Page_cabi Order Items/selectSize")): Object: 'Object Repository/Page_cabi Order Items/selectSize' is clicked on

2019-09-19 17:14:46 - [MESSAGE][PASSED] - Object: 'Object Repository/Page_cabi Order Items/selectSize' is clicked on

2019-09-19 17:14:46 - [TEST_STEP][PASSED] - delay(3): Delayed 3 second(s)

2019-09-19 17:14:49 - [MESSAGE][PASSED] - Delayed 3 second(s)

2019-09-19 17:14:49 - [TEST_STEP][PASSED] - click(findTestObject("Object Repository/Page_cabi Order Items/span_Add to Cart")): Object: 'Object Repository/Page_cabi Order Items/span_Add to Cart' is clicked on

2019-09-19 17:14:49 - [MESSAGE][PASSED] - Object: 'Object Repository/Page_cabi Order Items/span_Add to Cart' is clicked on

2019-09-19 17:14:49 - [TEST_STEP][PASSED] - delay(5): Delayed 5 second(s)

2019-09-19 17:14:54 - [MESSAGE][PASSED] - Delayed 5 second(s)

2019-09-19 17:14:54 - [TEST_STEP][PASSED] - click(findTestObject("Object Repository/Page_cabi Order Items/a_next")): Object: 'Object Repository/Page_cabi Order Items/a_next' is clicked on

2019-09-19 17:14:54 - [MESSAGE][PASSED] - Object: 'Object Repository/Page_cabi Order Items/a_next' is clicked on

2019-09-19 17:14:54 - [TEST_STEP][PASSED] - delay(3): Delayed 3 second(s)

2019-09-19 17:14:57 - [MESSAGE][PASSED] - Delayed 3 second(s)

2019-09-19 17:14:57 - [TEST_STEP][PASSED] - verifyElementText(findTestObject("Object Repository/Page_cabi Shipping/label_DTYMsg1"), "This order is eligible for "Direct to You" shipping.", CONTINUE_ON_FAILURE): Actual text and expected text of test object 'Object Repository/Page_cabi Shipping/label_DTYMsg1' are matched.

2019-09-19 17:14:57 - [MESSAGE][PASSED] - Actual text and expected text of test object 'Object Repository/Page_cabi Shipping/label_DTYMsg1' are matched.

2019-09-19 17:14:57 - [TEST_STEP][PASSED] - delay(1): Delayed 1 second(s)

2019-09-19 17:14:58 - [MESSAGE][PASSED] - Delayed 1 second(s)

2019-09-19 17:14:58 - [TEST_STEP][PASSED] - verifyElementText(findTestObject("Object Repository/Page_cabi Shipping/label_DTYMsg2"), ""Direct to You" order must be paid by credit card or cabi Gift Card.", CONTINUE_ON_FAILURE): Actual text and expected text of test object 'Object Repository/Page_cabi Shipping/label_DTYMsg2' are matched.

2019-09-19 17:14:58 - [MESSAGE][PASSED] - Actual text and expected text of test object 'Object Repository/Page_cabi Shipping/label_DTYMsg2' are matched.

2019-09-19 17:14:58 - [TEST_STEP][PASSED] - delay(1): Delayed 1 second(s)

2019-09-19 17:14:59 - [MESSAGE][PASSED] - Delayed 1 second(s)

2019-09-19 17:14:59 - [TEST_STEP][PASSED] - verifyElementText(findTestObject("Object Repository/Page_cabi Shipping/label_DTYMsg3"), ""Direct to You" order can start being placed 2 days before the show date.", CONTINUE_ON_FAILURE): Actual text and expected text of test object 'Object Repository/Page_cabi Shipping/label_DTYMsg3' are matched.

2019-09-19 17:14:59 - [MESSAGE][PASSED] - Actual text and expected text of test object 'Object Repository/Page_cabi Shipping/label_DTYMsg3' are matched.

2019-09-19 17:14:59 - [TEST_STEP][PASSED] - delay(1): Delayed 1 second(s)

2019-09-19 17:15:00 - [MESSAGE][PASSED] - Delayed 1 second(s)

2019-09-19 17:15:00 - [TEST_STEP][PASSED] - verifyElementNotHasAttribute(findTestObject("Object Repository/Page_cabi Shipping/select_ship_to_show_loc"), "disabled", 20, CONTINUE_ON_FAILURE): Object 'Object Repository/Page_cabi Shipping/select_ship_to_show_loc' does not have attribute 'disabled'

2019-09-19 17:15:00 - [MESSAGE][PASSED] - Object 'Object Repository/Page_cabi Shipping/select_ship_to_show_loc' does not have attribute 'disabled'

2019-09-19 17:15:00 - [TEST_STEP][PASSED] - println(findWebElement(findTestObject("Object Repository/Page_cabi Shipping/select_ship_to_show_loc"), 5).getAttribute("disabled")): null

2019-09-19 17:15:00 - [TEST_STEP][PASSED] - executor.executeScript("arguments[0].click();", findWebElement(findTestObject("Object Repository/Page_cabi Shipping/check_as_dty_order"), 5)): null

2019-09-19 17:15:01 - [TEST_STEP][PASSED] - delay(5): Delayed 5 second(s)

2019-09-19 17:15:06 - [MESSAGE][PASSED] - Delayed 5 second(s)

2019-09-19 17:15:06 - [TEST_STEP][PASSED] - verifyElementAttributeValue(findTestObject("Object Repository/Page_cabi Shipping/select_ship_to_show_loc"), "disabled", "true", 20): Object 'Object Repository/Page_cabi Shipping/select_ship_to_show_loc' has attribute 'disabled' with value 'true'

2019-09-19 17:15:06 - [MESSAGE][PASSED] - Object 'Object Repository/Page_cabi Shipping/select_ship_to_show_loc' has attribute 'disabled' with value 'true'

2019-09-19 17:15:06 - [TEST_STEP][PASSED] - println(findWebElement(findTestObject("Object Repository/Page_cabi Shipping/select_ship_to_show_loc"), 5).getAttribute("disabled")): null

2019-09-19 17:15:06 - [TEST_STEP][PASSED] - verifyElementAttributeValue(findTestObject("Object Repository/Page_cabi Shipping/select_ship_to_show_loc_label"), "style", "color: rgb(211, 211, 211);", 20): Object 'Object Repository/Page_cabi Shipping/select_ship_to_show_loc_label' has attribute 'style' with value 'color: rgb(211, 211, 211);'

2019-09-19 17:15:06 - [MESSAGE][PASSED] - Object 'Object Repository/Page_cabi Shipping/select_ship_to_show_loc_label' has attribute 'style' with value 'color: rgb(211, 211, 211);'

2019-09-19 17:15:06 - [TEST_STEP][PASSED] - delay(1): Delayed 1 second(s)

2019-09-19 17:15:07 - [MESSAGE][PASSED] - Delayed 1 second(s)

2019-09-19 17:15:07 - [TEST_STEP][PASSED] - executor.executeScript("arguments[0].click();", findWebElement(findTestObject("Object Repository/Page_cabi Shipping/check_as_dty_order"), 5)): null

2019-09-19 17:15:10 - [TEST_STEP][PASSED] - delay(5): Delayed 5 second(s)

2019-09-19 17:15:15 - [MESSAGE][PASSED] - Delayed 5 second(s)

2019-09-19 17:15:15 - [TEST_STEP][PASSED] - click(findTestObject("Object Repository/Page_cabi Shipping/a_show_order_checkout_next")): Object: 'Object Repository/Page_cabi Shipping/a_show_order_checkout_next' is clicked on

2019-09-19 17:15:15 - [MESSAGE][PASSED] - Object: 'Object Repository/Page_cabi Shipping/a_show_order_checkout_next' is clicked on

2019-09-19 17:15:15 - [TEST_STEP][PASSED] - delay(1): Delayed 1 second(s)

2019-09-19 17:15:16 - [MESSAGE][PASSED] - Delayed 1 second(s)

2019-09-19 17:15:16 - [TEST_STEP][PASSED] - println(getText(findTestObject("Object Repository/Page_cabi Shipping/div_DTY-warning_popup"))): Text of object 'Object Repository/Page_cabi Shipping/div_DTY-warning_popup' is: 'This order is eligible for "Direct to You" shipping.
Do you want to change this order to "Direct to You" and ship immediately?'

2019-09-19 17:15:16 - [MESSAGE][PASSED] - Text of object 'Object Repository/Page_cabi Shipping/div_DTY-warning_popup' is: 'This order is eligible for "Direct to You" shipping.
Do you want to change this order to "Direct to You" and ship immediately?'

2019-09-19 17:15:16 - [TEST_STEP][PASSED] - verifyElementText(findTestObject("Object Repository/Page_cabi Shipping/div_DTY-warning_popup"), "This order is eligible for "Direct to You" shipping.
Do you want to change this order to "Direct to You" and ship immediately?"): Actual text and expected text of test object 'Object Repository/Page_cabi Shipping/div_DTY-warning_popup' are matched.

2019-09-19 17:15:16 - [MESSAGE][PASSED] - Actual text and expected text of test object 'Object Repository/Page_cabi Shipping/div_DTY-warning_popup' are matched.

2019-09-19 17:15:16 - [TEST_STEP][PASSED] - delay(1): Delayed 1 second(s)

2019-09-19 17:15:17 - [MESSAGE][PASSED] - Delayed 1 second(s)

2019-09-19 17:15:18 - [TEST_STEP][PASSED] - click(findTestObject("Object Repository/Page_cabi Shipping/button_DTY_warning_popup_ship_DTY")): Object: 'Object Repository/Page_cabi Shipping/button_DTY_warning_popup_ship_DTY' is clicked on

2019-09-19 17:15:18 - [MESSAGE][PASSED] - Object: 'Object Repository/Page_cabi Shipping/button_DTY_warning_popup_ship_DTY' is clicked on

2019-09-19 17:15:18 - [TEST_STEP][PASSED] - delay(1): Delayed 1 second(s)

2019-09-19 17:15:19 - [MESSAGE][PASSED] - Delayed 1 second(s)

2019-09-19 17:15:19 - [TEST_STEP][PASSED] - click(findTestObject("Object Repository/Page_cabi Shipping/a_make_first_payment")): Object: 'Object Repository/Page_cabi Shipping/a_make_first_payment' is clicked on

2019-09-19 17:15:20 - [MESSAGE][PASSED] - Object: 'Object Repository/Page_cabi Shipping/a_make_first_payment' is clicked on

2019-09-19 17:15:20 - [TEST_STEP][PASSED] - delay(3): Delayed 3 second(s)

2019-09-19 17:15:23 - [MESSAGE][PASSED] - Delayed 3 second(s)

2019-09-19 17:15:23 - [TEST_STEP][PASSED] - paymentOptions = findWebElements(findTestObject("Page_cabi Shipping/select_payment_options"), 20): null

2019-09-19 17:15:23 - [TEST_STEP][PASSED] - get(0).getAttribute(addOnStyle): null

2019-09-19 17:15:23 - [TEST_STEP][PASSED] - validPayOption = true: null

2019-09-19 17:15:23 - [TEST_STEP][PASSED] - for (org.openqa.selenium.WebElement we : paymentOptions): null

2019-09-19 17:15:23 - [TEST_STEP][PASSED] - option = we.getText(): null

2019-09-19 17:15:23 - [TEST_STEP][PASSED] - if (!(option.matches(".*[^\d]\d{4}$") || option.equalsIgnoreCase("Gift Card") || option.equalsIgnoreCase("Add New Credit Card"))): null

2019-09-19 17:15:23 - [TEST_STEP][PASSED] - option = we.getText(): null

2019-09-19 17:15:23 - [TEST_STEP][PASSED] - if (!(option.matches(".*[^\d]\d{4}$") || option.equalsIgnoreCase("Gift Card") || option.equalsIgnoreCase("Add New Credit Card"))): null

2019-09-19 17:15:23 - [TEST_STEP][PASSED] - option = we.getText(): null

2019-09-19 17:15:23 - [TEST_STEP][PASSED] - if (!(option.matches(".*[^\d]\d{4}$") || option.equalsIgnoreCase("Gift Card") || option.equalsIgnoreCase("Add New Credit Card"))): null

2019-09-19 17:15:23 - [TEST_STEP][PASSED] - option = we.getText(): null

2019-09-19 17:15:23 - [TEST_STEP][PASSED] - if (!(option.matches(".*[^\d]\d{4}$") || option.equalsIgnoreCase("Gift Card") || option.equalsIgnoreCase("Add New Credit Card"))): null

2019-09-19 17:15:23 - [TEST_STEP][PASSED] - option = we.getText(): null

2019-09-19 17:15:23 - [TEST_STEP][PASSED] - if (!(option.matches(".*[^\d]\d{4}$") || option.equalsIgnoreCase("Gift Card") || option.equalsIgnoreCase("Add New Credit Card"))): null

2019-09-19 17:15:23 - [TEST_STEP][PASSED] - option = we.getText(): null

2019-09-19 17:15:23 - [TEST_STEP][PASSED] - if (!(option.matches(".*[^\d]\d{4}$") || option.equalsIgnoreCase("Gift Card") || option.equalsIgnoreCase("Add New Credit Card"))): null

2019-09-19 17:15:23 - [TEST_STEP][PASSED] - option = we.getText(): null

2019-09-19 17:15:23 - [TEST_STEP][PASSED] - if (!(option.matches(".*[^\d]\d{4}$") || option.equalsIgnoreCase("Gift Card") || option.equalsIgnoreCase("Add New Credit Card"))): null

2019-09-19 17:15:23 - [TEST_STEP][PASSED] - option = we.getText(): null

2019-09-19 17:15:23 - [TEST_STEP][PASSED] - if (!(option.matches(".*[^\d]\d{4}$") || option.equalsIgnoreCase("Gift Card") || option.equalsIgnoreCase("Add New Credit Card"))): null

2019-09-19 17:15:23 - [TEST_STEP][PASSED] - sa = new org.testng.asserts.SoftAssert(): null

2019-09-19 17:15:23 - [TEST_STEP][PASSED] - sa.assertTrue(validPayOption): null

2019-09-19 17:15:23 - [TEST_STEP][PASSED] - verifyElementText(findTestObject("Object Repository/Page_cabi Shipping/li_DTY_payment_info"), ""Direct to You" orders require payment via credit card or cabi Gift Card.", CONTINUE_ON_FAILURE): Actual text and expected text of test object 'Object Repository/Page_cabi Shipping/li_DTY_payment_info' are matched.

2019-09-19 17:15:23 - [MESSAGE][PASSED] - Actual text and expected text of test object 'Object Repository/Page_cabi Shipping/li_DTY_payment_info' are matched.

2019-09-19 17:15:23 - [TEST_STEP][PASSED] - delay(3): Delayed 3 second(s)

2019-09-19 17:15:26 - [MESSAGE][PASSED] - Delayed 3 second(s)

2019-09-19 17:15:26 - [TEST_STEP][PASSED] - callTestCase(findTestCase("TestCaseUtilities/showOrderPaeymentCC"), [:], STOP_ON_FAILURE): Call Test Case 'Test Cases/TestCaseUtilities/showOrderPaeymentCC' successfully

2019-09-19 17:15:27 - [TEST_CASE][PASSED] - Test Cases/TestCaseUtilities/showOrderPaeymentCC: Test Cases/TestCaseUtilities/showOrderPaeymentCC

2019-09-19 17:15:27 - [TEST_STEP][PASSED] - driver = getWebDriver(): null

2019-09-19 17:15:27 - [TEST_STEP][PASSED] - executor = driver: null

2019-09-19 17:15:27 - [TEST_STEP][PASSED] - click(findTestObject("Object Repository/Page_cabi Shipping/select_payment_options_select")): Object: 'Object Repository/Page_cabi Shipping/select_payment_options_select' is clicked on

2019-09-19 17:15:27 - [MESSAGE][PASSED] - Object: 'Object Repository/Page_cabi Shipping/select_payment_options_select' is clicked on

2019-09-19 17:15:27 - [TEST_STEP][PASSED] - click(findTestObject("Object Repository/Page_cabi Shipping/select_payment_options_new_cc")): Object: 'Object Repository/Page_cabi Shipping/select_payment_options_new_cc' is clicked on

2019-09-19 17:15:27 - [MESSAGE][PASSED] - Object: 'Object Repository/Page_cabi Shipping/select_payment_options_new_cc' is clicked on

2019-09-19 17:15:27 - [TEST_STEP][PASSED] - delay(3): Delayed 3 second(s)

2019-09-19 17:15:30 - [MESSAGE][PASSED] - Delayed 3 second(s)

2019-09-19 17:15:30 - [TEST_STEP][PASSED] - executor.executeScript("arguments[0].click();", findWebElement(findTestObject("Object Repository/Page_cabi Shipping/select_payment_visa"), 10)): null

2019-09-19 17:15:30 - [TEST_STEP][PASSED] - setText(findTestObject("Object Repository/Page_cabi Shipping/select_payment_fname"), "abcd"): Text 'abcd' is set on object 'Object Repository/Page_cabi Shipping/select_payment_fname'

2019-09-19 17:15:30 - [MESSAGE][PASSED] - Text 'abcd' is set on object 'Object Repository/Page_cabi Shipping/select_payment_fname'

2019-09-19 17:15:30 - [TEST_STEP][PASSED] - setText(findTestObject("Object Repository/Page_cabi Shipping/select_payment_lname"), "fghi"): Text 'fghi' is set on object 'Object Repository/Page_cabi Shipping/select_payment_lname'

2019-09-19 17:15:30 - [MESSAGE][PASSED] - Text 'fghi' is set on object 'Object Repository/Page_cabi Shipping/select_payment_lname'

2019-09-19 17:15:30 - [TEST_STEP][PASSED] - setText(findTestObject("Object Repository/Page_cabi Shipping/select_payment_card_number"), "4111111111111111"): Text '4111111111111111' is set on object 'Object Repository/Page_cabi Shipping/select_payment_card_number'

2019-09-19 17:15:30 - [MESSAGE][PASSED] - Text '4111111111111111' is set on object 'Object Repository/Page_cabi Shipping/select_payment_card_number'

2019-09-19 17:15:30 - [TEST_STEP][PASSED] - click(findTestObject("Object Repository/Page_cabi Shipping/select_payment_exp_date_month")): Object: 'Object Repository/Page_cabi Shipping/select_payment_exp_date_month' is clicked on

2019-09-19 17:15:30 - [MESSAGE][PASSED] - Object: 'Object Repository/Page_cabi Shipping/select_payment_exp_date_month' is clicked on

2019-09-19 17:15:30 - [TEST_STEP][PASSED] - click(findTestObject("Object Repository/Page_cabi Shipping/select_payment_exp_date_year")): Object: 'Object Repository/Page_cabi Shipping/select_payment_exp_date_year' is clicked on

2019-09-19 17:15:31 - [MESSAGE][PASSED] - Object: 'Object Repository/Page_cabi Shipping/select_payment_exp_date_year' is clicked on

2019-09-19 17:15:31 - [TEST_STEP][PASSED] - executor.executeScript("arguments[0].click();", findWebElement(findTestObject("Object Repository/Page_cabi Shipping/input_select_billing_add_same_as_mailing_add"), 10)): null

2019-09-19 17:15:31 - [TEST_STEP][PASSED] - delay(3): Delayed 3 second(s)

2019-09-19 17:15:34 - [MESSAGE][PASSED] - Delayed 3 second(s)

2019-09-19 17:15:34 - [TEST_STEP][PASSED] - executor.executeScript("arguments[0].click();", findWebElement(findTestObject("Object Repository/Page_cabi Shipping/a_save_shipping_info"), 10)): null

2019-09-19 17:15:36 - [TEST_STEP][PASSED] - delay(2): Delayed 2 second(s)

2019-09-19 17:15:38 - [MESSAGE][PASSED] - Delayed 2 second(s)

2019-09-19 17:15:38 - [TEST_STEP][PASSED] - executor.executeScript("arguments[0].click();", findWebElement(findTestObject("Object Repository/Page_cabi Shipping/a_review_order"), 10)): null

2019-09-19 17:15:38 - [TEST_STEP][PASSED] - delay(2): Delayed 2 second(s)

2019-09-19 17:15:40 - [MESSAGE][PASSED] - Delayed 2 second(s)

2019-09-19 17:15:40 - [MESSAGE][PASSED] - Call Test Case 'Test Cases/TestCaseUtilities/showOrderPaeymentCC' successfully

2019-09-19 17:15:40 - [TEST_STEP][PASSED] - executor.executeScript("arguments[0].click();", findWebElement(findTestObject("Object Repository/Page_cabi Shipping/a_submit_order"), 10)): null

2019-09-19 17:15:40 - [TEST_STEP][PASSED] - click(findTestObject("Object Repository/Page_cabi Shipping/a_order_view")): Object: 'Object Repository/Page_cabi Shipping/a_order_view' is clicked on

2019-09-19 17:15:43 - [MESSAGE][PASSED] - Object: 'Object Repository/Page_cabi Shipping/a_order_view' is clicked on

2019-09-19 17:15:43 - [TEST_STEP][PASSED] - actualOrderStatus = getText(findTestObject("Object Repository/Page_cabi Shipping/span_order_status")): Text of object 'Object Repository/Page_cabi Shipping/span_order_status' is: 'ORDER STATUS : PENDING SHIPMENT 
ORDER # SH708243618  '

2019-09-19 17:15:43 - [MESSAGE][PASSED] - Text of object 'Object Repository/Page_cabi Shipping/span_order_status' is: 'ORDER STATUS : PENDING SHIPMENT 
ORDER # SH708243618  '

2019-09-19 17:15:43 - [TEST_STEP][PASSED] - expectedOrderStatus = "PENDING SHIPMENT": null

2019-09-19 17:15:43 - [TEST_STEP][PASSED] - sa.assertTrue(actualOrderStatus.contains(expectedOrderStatus)): null

2019-09-19 17:15:43 - [TEST_STEP][PASSED] - println(actualOrderStatus): null

2019-09-19 17:15:43 - [TEST_STEP][PASSED] - click(findTestObject("Object Repository/Page_cabi Shipping/a_back_to_orders")): Object: 'Object Repository/Page_cabi Shipping/a_back_to_orders' is clicked on

2019-09-19 17:15:45 - [MESSAGE][PASSED] - Object: 'Object Repository/Page_cabi Shipping/a_back_to_orders' is clicked on

2019-09-19 17:15:45 - [TEST_STEP][PASSED] - delay(2): Delayed 2 second(s)

2019-09-19 17:15:47 - [MESSAGE][PASSED] - Delayed 2 second(s)

2019-09-19 17:15:47 - [TEST_STEP][PASSED] - g2Vars = UtilityMethods.splitPersonName(guest2): null

2019-09-19 17:15:47 - [TEST_STEP][PASSED] - g2Var = UtilityMethods.concat(g2Vars[1], ", ", g2Vars[0]): null

2019-09-19 17:15:47 - [TEST_STEP][PASSED] - buttonPlaceOrder = UtilityMethods.createTestObject("buttoPlaceOrder", "//table[@class='show-order-table']/tbody/tr/td/span[contains(text(), '", g2Var, "')]/parent::td/following-sibling::td[1]/button"): null

2019-09-19 17:15:47 - [TEST_STEP][PASSED] - click(buttonPlaceOrder): Object: 'buttoPlaceOrder' is clicked on

2019-09-19 17:15:49 - [MESSAGE][PASSED] - Object: 'buttoPlaceOrder' is clicked on

2019-09-19 17:15:49 - [TEST_STEP][PASSED] - delay(3): Delayed 3 second(s)

2019-09-19 17:15:52 - [MESSAGE][PASSED] - Delayed 3 second(s)

2019-09-19 17:15:52 - [TEST_STEP][PASSED] - DTYMsg = "Hooray! This order is eligible for "Direct to You" shipping.": null

2019-09-19 17:15:52 - [TEST_STEP][PASSED] - println(getText(findTestObject("Object Repository/virualShowRSVPOR/DTY/label_DtyEligibility"))): Text of object 'Object Repository/virualShowRSVPOR/DTY/label_DtyEligibility' is: 'Hooray! This order is eligible for "Direct to You" shipping.'

2019-09-19 17:15:52 - [MESSAGE][PASSED] - Text of object 'Object Repository/virualShowRSVPOR/DTY/label_DtyEligibility' is: 'Hooray! This order is eligible for "Direct to You" shipping.'

2019-09-19 17:15:52 - [TEST_STEP][PASSED] - verifyElementText(findTestObject("Object Repository/virualShowRSVPOR/DTY/label_DtyEligibility"), DTYMsg, CONTINUE_ON_FAILURE): Actual text and expected text of test object 'Object Repository/virualShowRSVPOR/DTY/label_DtyEligibility' are matched.

2019-09-19 17:15:52 - [MESSAGE][PASSED] - Actual text and expected text of test object 'Object Repository/virualShowRSVPOR/DTY/label_DtyEligibility' are matched.

2019-09-19 17:15:52 - [TEST_STEP][PASSED] - check(findTestObject("Object Repository/Page_cabi Home/a_same_shipping_address")): Object 'Object Repository/Page_cabi Home/a_same_shipping_address' is checked

2019-09-19 17:15:53 - [MESSAGE][PASSED] - Object 'Object Repository/Page_cabi Home/a_same_shipping_address' is checked

2019-09-19 17:15:53 - [TEST_STEP][PASSED] - delay(3): Delayed 3 second(s)

2019-09-19 17:15:56 - [MESSAGE][PASSED] - Delayed 3 second(s)

2019-09-19 17:15:56 - [TEST_STEP][PASSED] - driver = getWebDriver(): null

2019-09-19 17:15:56 - [TEST_STEP][PASSED] - executor = driver: null

2019-09-19 17:15:56 - [TEST_STEP][PASSED] - executor.executeScript("arguments[0].click();", findWebElement(findTestObject("Object Repository/Page_cabi Home/a_order_items"), 5)): null

2019-09-19 17:15:56 - [TEST_STEP][PASSED] - click(findTestObject("Object Repository/Page_cabi Retail Store/span_quick_entry")): Object: 'Object Repository/Page_cabi Retail Store/span_quick_entry' is clicked on

2019-09-19 17:15:59 - [MESSAGE][PASSED] - Object: 'Object Repository/Page_cabi Retail Store/span_quick_entry' is clicked on

2019-09-19 17:15:59 - [TEST_STEP][PASSED] - delay(3): Delayed 3 second(s)

2019-09-19 17:16:02 - [MESSAGE][PASSED] - Delayed 3 second(s)

2019-09-19 17:16:02 - [TEST_STEP][PASSED] - emptyCart = findWebElements(findTestObject("Object Repository/Page_cabi Personal Store/removeFromCart"), 5): Unable to find the element located by 'By.xpath: //*[@id="removeFromCart_0"]/span'. Please recheck the objects properties to make sure the desired element is located. 

2019-09-19 17:16:07 - [MESSAGE][INFO] - Unable to find the element located by 'By.xpath: //*[@id="removeFromCart_0"]/span'. Please recheck the objects properties to make sure the desired element is located. 

2019-09-19 17:16:07 - [TEST_STEP][PASSED] - if (emptyCart.size() > 0): null

2019-09-19 17:16:07 - [TEST_STEP][PASSED] - addOnStyle = findTestData("miscData").getValue("addOnStyle", 1): null

2019-09-19 17:16:07 - [TEST_STEP][PASSED] - setText(findTestObject("Object Repository/Page_cabi Create Order/input_Manual Discount_stylelookup_0"), addOnStyle): Text '3701' is set on object 'Object Repository/Page_cabi Create Order/input_Manual Discount_stylelookup_0'

2019-09-19 17:16:08 - [MESSAGE][PASSED] - Text '3701' is set on object 'Object Repository/Page_cabi Create Order/input_Manual Discount_stylelookup_0'

2019-09-19 17:16:08 - [TEST_STEP][PASSED] - delay(2): Delayed 2 second(s)

2019-09-19 17:16:10 - [MESSAGE][PASSED] - Delayed 2 second(s)

2019-09-19 17:16:10 - [TEST_STEP][PASSED] - sendKeys(findTestObject("Object Repository/Page_cabi Create Order/input_Manual Discount_stylelookup_0"), Keys.chord(ARROW_DOWN)): Keys 'DOWN + ' sent to object: 'Object Repository/Page_cabi Create Order/input_Manual Discount_stylelookup_0'

2019-09-19 17:16:10 - [MESSAGE][PASSED] - Keys 'DOWN + ' sent to object: 'Object Repository/Page_cabi Create Order/input_Manual Discount_stylelookup_0'

2019-09-19 17:16:10 - [TEST_STEP][PASSED] - delay(2): Delayed 2 second(s)

2019-09-19 17:16:12 - [MESSAGE][PASSED] - Delayed 2 second(s)

2019-09-19 17:16:12 - [TEST_STEP][PASSED] - sendKeys(findTestObject("Object Repository/Page_cabi Create Order/input_Manual Discount_stylelookup_0"), Keys.chord(ARROW_DOWN)): Keys 'DOWN + ' sent to object: 'Object Repository/Page_cabi Create Order/input_Manual Discount_stylelookup_0'

2019-09-19 17:16:12 - [MESSAGE][PASSED] - Keys 'DOWN + ' sent to object: 'Object Repository/Page_cabi Create Order/input_Manual Discount_stylelookup_0'

2019-09-19 17:16:12 - [TEST_STEP][PASSED] - sendKeys(findTestObject("Object Repository/Page_cabi Create Order/input_Manual Discount_stylelookup_0"), Keys.chord(ENTER)): Keys 'ENTER + ' sent to object: 'Object Repository/Page_cabi Create Order/input_Manual Discount_stylelookup_0'

2019-09-19 17:16:12 - [MESSAGE][PASSED] - Keys 'ENTER + ' sent to object: 'Object Repository/Page_cabi Create Order/input_Manual Discount_stylelookup_0'

2019-09-19 17:16:12 - [TEST_STEP][PASSED] - delay(5): Delayed 5 second(s)

2019-09-19 17:16:17 - [MESSAGE][PASSED] - Delayed 5 second(s)

2019-09-19 17:16:17 - [TEST_STEP][PASSED] - click(findTestObject("Object Repository/Page_cabi Order Items/selectSize")): Object: 'Object Repository/Page_cabi Order Items/selectSize' is clicked on

2019-09-19 17:16:17 - [MESSAGE][PASSED] - Object: 'Object Repository/Page_cabi Order Items/selectSize' is clicked on

2019-09-19 17:16:17 - [TEST_STEP][PASSED] - delay(3): Delayed 3 second(s)

2019-09-19 17:16:20 - [MESSAGE][PASSED] - Delayed 3 second(s)

2019-09-19 17:16:20 - [TEST_STEP][PASSED] - click(findTestObject("Object Repository/Page_cabi Order Items/span_Add to Cart")): Object: 'Object Repository/Page_cabi Order Items/span_Add to Cart' is clicked on

2019-09-19 17:16:20 - [MESSAGE][PASSED] - Object: 'Object Repository/Page_cabi Order Items/span_Add to Cart' is clicked on

2019-09-19 17:16:20 - [TEST_STEP][PASSED] - delay(5): Delayed 5 second(s)

2019-09-19 17:16:25 - [MESSAGE][PASSED] - Delayed 5 second(s)

2019-09-19 17:16:25 - [TEST_STEP][PASSED] - click(findTestObject("Object Repository/Page_cabi Order Items/a_next")): Object: 'Object Repository/Page_cabi Order Items/a_next' is clicked on

2019-09-19 17:16:25 - [MESSAGE][PASSED] - Object: 'Object Repository/Page_cabi Order Items/a_next' is clicked on

2019-09-19 17:16:25 - [TEST_STEP][PASSED] - delay(3): Delayed 3 second(s)

2019-09-19 17:16:28 - [MESSAGE][PASSED] - Delayed 3 second(s)

2019-09-19 17:16:28 - [TEST_STEP][PASSED] - verifyElementText(findTestObject("Object Repository/Page_cabi Shipping/label_DTYMsg1"), "This order is eligible for "Direct to You" shipping.", CONTINUE_ON_FAILURE): Actual text and expected text of test object 'Object Repository/Page_cabi Shipping/label_DTYMsg1' are matched.

2019-09-19 17:16:28 - [MESSAGE][PASSED] - Actual text and expected text of test object 'Object Repository/Page_cabi Shipping/label_DTYMsg1' are matched.

2019-09-19 17:16:28 - [TEST_STEP][PASSED] - delay(1): Delayed 1 second(s)

2019-09-19 17:16:29 - [MESSAGE][PASSED] - Delayed 1 second(s)

2019-09-19 17:16:29 - [TEST_STEP][PASSED] - verifyElementText(findTestObject("Object Repository/Page_cabi Shipping/label_DTYMsg2"), ""Direct to You" order must be paid by credit card or cabi Gift Card.", CONTINUE_ON_FAILURE): Actual text and expected text of test object 'Object Repository/Page_cabi Shipping/label_DTYMsg2' are matched.

2019-09-19 17:16:29 - [MESSAGE][PASSED] - Actual text and expected text of test object 'Object Repository/Page_cabi Shipping/label_DTYMsg2' are matched.

2019-09-19 17:16:29 - [TEST_STEP][PASSED] - delay(1): Delayed 1 second(s)

2019-09-19 17:16:30 - [MESSAGE][PASSED] - Delayed 1 second(s)

2019-09-19 17:16:30 - [TEST_STEP][PASSED] - verifyElementText(findTestObject("Object Repository/Page_cabi Shipping/label_DTYMsg3"), ""Direct to You" order can start being placed 2 days before the show date.", CONTINUE_ON_FAILURE): Actual text and expected text of test object 'Object Repository/Page_cabi Shipping/label_DTYMsg3' are matched.

2019-09-19 17:16:30 - [MESSAGE][PASSED] - Actual text and expected text of test object 'Object Repository/Page_cabi Shipping/label_DTYMsg3' are matched.

2019-09-19 17:16:30 - [TEST_STEP][PASSED] - delay(1): Delayed 1 second(s)

2019-09-19 17:16:31 - [MESSAGE][PASSED] - Delayed 1 second(s)

2019-09-19 17:16:31 - [TEST_STEP][PASSED] - verifyElementNotHasAttribute(findTestObject("Object Repository/Page_cabi Shipping/select_ship_to_show_loc"), "disabled", 20, CONTINUE_ON_FAILURE): Object 'Object Repository/Page_cabi Shipping/select_ship_to_show_loc' does not have attribute 'disabled'

2019-09-19 17:16:31 - [MESSAGE][PASSED] - Object 'Object Repository/Page_cabi Shipping/select_ship_to_show_loc' does not have attribute 'disabled'

2019-09-19 17:16:31 - [TEST_STEP][PASSED] - click(findTestObject("Object Repository/Page_cabi Shipping/select_ship_to_guest_add")): Object: 'Object Repository/Page_cabi Shipping/select_ship_to_guest_add' is clicked on

2019-09-19 17:16:31 - [MESSAGE][PASSED] - Object: 'Object Repository/Page_cabi Shipping/select_ship_to_guest_add' is clicked on

2019-09-19 17:16:31 - [TEST_STEP][PASSED] - delay(5): Delayed 5 second(s)

2019-09-19 17:16:36 - [MESSAGE][PASSED] - Delayed 5 second(s)

2019-09-19 17:16:36 - [TEST_STEP][PASSED] - click(findTestObject("Object Repository/Page_cabi Shipping/a_show_order_checkout_next")): Object: 'Object Repository/Page_cabi Shipping/a_show_order_checkout_next' is clicked on

2019-09-19 17:16:36 - [MESSAGE][PASSED] - Object: 'Object Repository/Page_cabi Shipping/a_show_order_checkout_next' is clicked on

2019-09-19 17:16:36 - [TEST_STEP][PASSED] - delay(1): Delayed 1 second(s)

2019-09-19 17:16:37 - [MESSAGE][PASSED] - Delayed 1 second(s)

2019-09-19 17:16:37 - [TEST_STEP][PASSED] - println(getText(findTestObject("Object Repository/Page_cabi Shipping/div_DTY-warning_popup"))): Text of object 'Object Repository/Page_cabi Shipping/div_DTY-warning_popup' is: 'This order is eligible for "Direct to You" shipping.
Do you want to change this order to "Direct to You" and ship immediately?'

2019-09-19 17:16:38 - [MESSAGE][PASSED] - Text of object 'Object Repository/Page_cabi Shipping/div_DTY-warning_popup' is: 'This order is eligible for "Direct to You" shipping.
Do you want to change this order to "Direct to You" and ship immediately?'

2019-09-19 17:16:38 - [TEST_STEP][PASSED] - verifyElementText(findTestObject("Object Repository/Page_cabi Shipping/div_DTY-warning_popup"), "This order is eligible for "Direct to You" shipping.
Do you want to change this order to "Direct to You" and ship immediately?"): Actual text and expected text of test object 'Object Repository/Page_cabi Shipping/div_DTY-warning_popup' are matched.

2019-09-19 17:16:38 - [MESSAGE][PASSED] - Actual text and expected text of test object 'Object Repository/Page_cabi Shipping/div_DTY-warning_popup' are matched.

2019-09-19 17:16:38 - [TEST_STEP][PASSED] - delay(1): Delayed 1 second(s)

2019-09-19 17:16:39 - [MESSAGE][PASSED] - Delayed 1 second(s)

2019-09-19 17:16:39 - [TEST_STEP][PASSED] - click(findTestObject("Object Repository/Page_cabi Shipping/button_DTY_warning_popup_no_ship_DTY")): Object: 'Object Repository/Page_cabi Shipping/button_DTY_warning_popup_no_ship_DTY' is clicked on

2019-09-19 17:16:39 - [MESSAGE][PASSED] - Object: 'Object Repository/Page_cabi Shipping/button_DTY_warning_popup_no_ship_DTY' is clicked on

2019-09-19 17:16:39 - [TEST_STEP][PASSED] - delay(1): Delayed 1 second(s)

2019-09-19 17:16:40 - [MESSAGE][PASSED] - Delayed 1 second(s)

2019-09-19 17:16:40 - [TEST_STEP][PASSED] - click(findTestObject("Object Repository/Page_cabi Shipping/a_make_first_payment")): Object: 'Object Repository/Page_cabi Shipping/a_make_first_payment' is clicked on

2019-09-19 17:16:42 - [MESSAGE][PASSED] - Object: 'Object Repository/Page_cabi Shipping/a_make_first_payment' is clicked on

2019-09-19 17:16:42 - [TEST_STEP][PASSED] - delay(3): Delayed 3 second(s)

2019-09-19 17:16:45 - [MESSAGE][PASSED] - Delayed 3 second(s)

2019-09-19 17:16:45 - [TEST_STEP][PASSED] - DTYMsgs = findWebElements(findTestObject("Object Repository/Page_cabi Shipping/li_DTY_payment_info"), 5): null

2019-09-19 17:16:45 - [TEST_STEP][PASSED] - if (DTYMsgs.size() > 0): null

2019-09-19 17:16:45 - [TEST_STEP][PASSED] - sa.assertTrue(false): null

2019-09-19 17:16:45 - [TEST_STEP][PASSED] - click(findTestObject("Object Repository/Page_cabi Shipping/select_payment_options_select")): Object: 'Object Repository/Page_cabi Shipping/select_payment_options_select' is clicked on

2019-09-19 17:16:45 - [MESSAGE][PASSED] - Object: 'Object Repository/Page_cabi Shipping/select_payment_options_select' is clicked on

2019-09-19 17:16:45 - [TEST_STEP][PASSED] - click(findTestObject("Object Repository/Page_cabi Shipping/select_payment_options_cash")): Object: 'Object Repository/Page_cabi Shipping/select_payment_options_cash' is clicked on

2019-09-19 17:16:45 - [MESSAGE][PASSED] - Object: 'Object Repository/Page_cabi Shipping/select_payment_options_cash' is clicked on

2019-09-19 17:16:45 - [TEST_STEP][PASSED] - delay(1): Delayed 1 second(s)

2019-09-19 17:16:46 - [MESSAGE][PASSED] - Delayed 1 second(s)

2019-09-19 17:16:46 - [TEST_STEP][PASSED] - executor.executeScript("arguments[0].click();", findWebElement(findTestObject("Object Repository/Page_cabi Shipping/a_review_order"), 10)): null

2019-09-19 17:16:46 - [TEST_STEP][PASSED] - delay(2): Delayed 2 second(s)

2019-09-19 17:16:48 - [MESSAGE][PASSED] - Delayed 2 second(s)

2019-09-19 17:16:48 - [TEST_STEP][PASSED] - executor.executeScript("arguments[0].click();", findWebElement(findTestObject("Object Repository/Page_cabi Shipping/a_submit_order"), 10)): null

2019-09-19 17:16:49 - [TEST_STEP][PASSED] - click(findTestObject("Object Repository/Page_cabi Shipping/a_order_view")): Object: 'Object Repository/Page_cabi Shipping/a_order_view' is clicked on

2019-09-19 17:16:51 - [MESSAGE][PASSED] - Object: 'Object Repository/Page_cabi Shipping/a_order_view' is clicked on

2019-09-19 17:16:51 - [TEST_STEP][PASSED] - actualOrderStatus = getText(findTestObject("Object Repository/Page_cabi Shipping/span_order_status")): Text of object 'Object Repository/Page_cabi Shipping/span_order_status' is: 'ORDER STATUS : OPEN 
ORDER # SH708243619  '

2019-09-19 17:16:51 - [MESSAGE][PASSED] - Text of object 'Object Repository/Page_cabi Shipping/span_order_status' is: 'ORDER STATUS : OPEN 
ORDER # SH708243619  '

2019-09-19 17:16:51 - [TEST_STEP][PASSED] - expectedOrderStatus = "OPEN": null

2019-09-19 17:16:51 - [TEST_STEP][PASSED] - sa.assertTrue(actualOrderStatus.contains(expectedOrderStatus)): null

2019-09-19 17:16:51 - [TEST_STEP][PASSED] - println(actualOrderStatus): null

2019-09-19 17:16:51 - [TEST_STEP][PASSED] - click(findTestObject("Object Repository/Page_cabi Shipping/a_back_to_orders")): Object: 'Object Repository/Page_cabi Shipping/a_back_to_orders' is clicked on

2019-09-19 17:16:53 - [MESSAGE][PASSED] - Object: 'Object Repository/Page_cabi Shipping/a_back_to_orders' is clicked on

2019-09-19 17:16:53 - [TEST_STEP][PASSED] - delay(2): Delayed 2 second(s)

2019-09-19 17:16:55 - [MESSAGE][PASSED] - Delayed 2 second(s)

2019-09-19 17:16:55 - [TEST_STEP][PASSED] - ActualDTYOptedOrderStatus = getText(UtilityMethods.createTestObject("DTYOptedOrderStatus", "//table[@class='show-order-table']/tbody/tr/td/span[contains(text(), '", g1Var, "')]/parent::td/following-sibling::td[@class='order-status']")): Text of object 'DTYOptedOrderStatus' is: 'Completed
Sep 19 4:45 AM'

2019-09-19 17:16:55 - [MESSAGE][PASSED] - Text of object 'DTYOptedOrderStatus' is: 'Completed
Sep 19 4:45 AM'

2019-09-19 17:16:55 - [TEST_STEP][PASSED] - ActualDTYNonOptedOrderStatus = getText(UtilityMethods.createTestObject("DTYOptedOrderStatus", "//table[@class='show-order-table']/tbody/tr/td/span[contains(text(), '", g2Var, "')]/parent::td/following-sibling::td[@class='order-status']")): Text of object 'DTYOptedOrderStatus' is: 'Completed
Sep 19 4:46 AM'

2019-09-19 17:16:55 - [MESSAGE][PASSED] - Text of object 'DTYOptedOrderStatus' is: 'Completed
Sep 19 4:46 AM'

2019-09-19 17:16:55 - [TEST_STEP][PASSED] - sa.assertEquals(ActualDTYOptedOrderStatus, "PENDING SHIPMENT"): null

2019-09-19 17:16:55 - [TEST_STEP][PASSED] - sa.assertEquals(ActualDTYNonOptedOrderStatus, "Completed"): null

2019-09-19 17:16:55 - [TEST_STEP][PASSED] - buttonEditDTYOptedOrder = UtilityMethods.createTestObject("buttonEditDTYOptedOrder", "//table[@class='show-order-table']/tbody/tr/td/span[contains(text(), '", g1Var, "')]/parent::td/following-sibling::td[@class='column-order']/a"): null

2019-09-19 17:16:55 - [TEST_STEP][PASSED] - click(buttonEditDTYOptedOrder): Object: 'buttonEditDTYOptedOrder' is clicked on

2019-09-19 17:16:58 - [MESSAGE][PASSED] - Object: 'buttonEditDTYOptedOrder' is clicked on

2019-09-19 17:16:58 - [TEST_STEP][PASSED] - click(findTestObject("Object Repository/Page_cabi Shipping/a_edit_order")): Object: 'Object Repository/Page_cabi Shipping/a_edit_order' is clicked on

2019-09-19 17:17:03 - [MESSAGE][PASSED] - Object: 'Object Repository/Page_cabi Shipping/a_edit_order' is clicked on

2019-09-19 17:17:03 - [TEST_STEP][PASSED] - click(findTestObject("Object Repository/Page_cabi Shipping/a_edit_order_shipping")): Object: 'Object Repository/Page_cabi Shipping/a_edit_order_shipping' is clicked on

2019-09-19 17:17:03 - [MESSAGE][PASSED] - Object: 'Object Repository/Page_cabi Shipping/a_edit_order_shipping' is clicked on

2019-09-19 17:17:03 - [TEST_STEP][PASSED] - checkDisabled = verifyElementHasAttribute(findTestObject("Object Repository/Page_cabi Shipping/check_as_dty_order"), "disabled", 20, CONTINUE_ON_FAILURE): Object 'Object Repository/Page_cabi Shipping/check_as_dty_order' has attribute 'disabled'

2019-09-19 17:17:04 - [MESSAGE][PASSED] - Object 'Object Repository/Page_cabi Shipping/check_as_dty_order' has attribute 'disabled'

2019-09-19 17:17:04 - [TEST_STEP][PASSED] - checkChecked = verifyElementHasAttribute(findTestObject("Object Repository/Page_cabi Shipping/check_as_dty_order"), "checked", 20, CONTINUE_ON_FAILURE): Object 'Object Repository/Page_cabi Shipping/check_as_dty_order' has attribute 'checked'

2019-09-19 17:17:04 - [MESSAGE][PASSED] - Object 'Object Repository/Page_cabi Shipping/check_as_dty_order' has attribute 'checked'

2019-09-19 17:17:04 - [TEST_STEP][PASSED] - if (checkDisabled && checkChecked): Object 'Object Repository/Page_cabi Shipping/check_as_dty_order' has attribute 'checked' with value 'true'

2019-09-19 17:17:04 - [TEST_STEP][PASSED] - verifyElementAttributeValue(findTestObject("Object Repository/Page_cabi Shipping/check_as_dty_order"), "disabled", "true", 20): Object 'Object Repository/Page_cabi Shipping/check_as_dty_order' has attribute 'disabled' with value 'true'

2019-09-19 17:17:04 - [MESSAGE][PASSED] - Object 'Object Repository/Page_cabi Shipping/check_as_dty_order' has attribute 'disabled' with value 'true'

2019-09-19 17:17:04 - [TEST_STEP][PASSED] - verifyElementAttributeValue(findTestObject("Object Repository/Page_cabi Shipping/check_as_dty_order"), "checked", "true", 20): Object 'Object Repository/Page_cabi Shipping/check_as_dty_order' has attribute 'checked' with value 'true'

2019-09-19 17:17:04 - [MESSAGE][PASSED] - Object 'Object Repository/Page_cabi Shipping/check_as_dty_order' has attribute 'checked' with value 'true'

2019-09-19 17:17:04 - [TEST_STEP][PASSED] - delay(2): Delayed 2 second(s)

2019-09-19 17:17:06 - [MESSAGE][PASSED] - Delayed 2 second(s)

2019-09-19 17:17:06 - [TEST_STEP][PASSED] - click(findTestObject("Object Repository/Page_cabi Shipping/a_edit_order_cancel")): Object: 'Object Repository/Page_cabi Shipping/a_edit_order_cancel' is clicked on

2019-09-19 17:17:08 - [MESSAGE][PASSED] - Object: 'Object Repository/Page_cabi Shipping/a_edit_order_cancel' is clicked on

2019-09-19 17:17:08 - [TEST_STEP][PASSED] - delay(1): Delayed 1 second(s)

2019-09-19 17:17:09 - [MESSAGE][PASSED] - Delayed 1 second(s)

2019-09-19 17:17:09 - [TEST_STEP][PASSED] - click(findTestObject("Object Repository/Page_cabi Shipping/a_invitaions")): Object: 'Object Repository/Page_cabi Shipping/a_invitaions' is clicked on

2019-09-19 17:17:13 - [MESSAGE][PASSED] - Object: 'Object Repository/Page_cabi Shipping/a_invitaions' is clicked on

2019-09-19 17:17:13 - [TEST_STEP][PASSED] - guest3 = findTestData(dataFile).getValue("guest3", 1): null

2019-09-19 17:17:13 - [TEST_STEP][PASSED] - executor.executeScript("arguments[0].click();", findWebElement(findTestObject("Object Repository/virualShowRSVPOR/Page_cabi Edit Show - Add Guests/a_add_guests"), 10)): null

2019-09-19 17:17:14 - [TEST_STEP][PASSED] - setText(findTestObject("Object Repository/virualShowRSVPOR/Page_cabi Edit Show - Add Guests/contact_search_box"), guest3): Text 'guest3-test abc' is set on object 'Object Repository/virualShowRSVPOR/Page_cabi Edit Show - Add Guests/contact_search_box'

2019-09-19 17:17:15 - [MESSAGE][PASSED] - Text 'guest3-test abc' is set on object 'Object Repository/virualShowRSVPOR/Page_cabi Edit Show - Add Guests/contact_search_box'

2019-09-19 17:17:15 - [TEST_STEP][PASSED] - delay(2): Delayed 2 second(s)

2019-09-19 17:17:17 - [MESSAGE][PASSED] - Delayed 2 second(s)

2019-09-19 17:17:17 - [TEST_STEP][PASSED] - sendKeys(findTestObject("Object Repository/virualShowRSVPOR/Page_cabi Edit Show - Add Guests/contact_search_box"), Keys.chord(ARROW_DOWN)): Keys 'DOWN + ' sent to object: 'Object Repository/virualShowRSVPOR/Page_cabi Edit Show - Add Guests/contact_search_box'

2019-09-19 17:17:17 - [MESSAGE][PASSED] - Keys 'DOWN + ' sent to object: 'Object Repository/virualShowRSVPOR/Page_cabi Edit Show - Add Guests/contact_search_box'

2019-09-19 17:17:17 - [TEST_STEP][PASSED] - sendKeys(findTestObject("Object Repository/virualShowRSVPOR/Page_cabi Edit Show - Add Guests/contact_search_box"), Keys.chord(ENTER)): Keys 'ENTER + ' sent to object: 'Object Repository/virualShowRSVPOR/Page_cabi Edit Show - Add Guests/contact_search_box'

2019-09-19 17:17:17 - [MESSAGE][PASSED] - Keys 'ENTER + ' sent to object: 'Object Repository/virualShowRSVPOR/Page_cabi Edit Show - Add Guests/contact_search_box'

2019-09-19 17:17:17 - [TEST_STEP][PASSED] - delay(2): Delayed 2 second(s)

2019-09-19 17:17:19 - [MESSAGE][PASSED] - Delayed 2 second(s)

2019-09-19 17:17:19 - [TEST_STEP][PASSED] - click(findTestObject("Object Repository/virualShowRSVPOR/Page_cabi Edit Show - Add Guests/a_add_guest")): Object: 'Object Repository/virualShowRSVPOR/Page_cabi Edit Show - Add Guests/a_add_guest' is clicked on

2019-09-19 17:17:19 - [MESSAGE][PASSED] - Object: 'Object Repository/virualShowRSVPOR/Page_cabi Edit Show - Add Guests/a_add_guest' is clicked on

2019-09-19 17:17:19 - [TEST_STEP][PASSED] - delay(2): Delayed 2 second(s)

2019-09-19 17:17:21 - [MESSAGE][PASSED] - Delayed 2 second(s)

2019-09-19 17:17:21 - [TEST_STEP][PASSED] - click(findTestObject("Object Repository/virualShowRSVPOR/Page_cabi Edit Show - Add Guests/input_Next")): Object: 'Object Repository/virualShowRSVPOR/Page_cabi Edit Show - Add Guests/input_Next' is clicked on

2019-09-19 17:17:23 - [MESSAGE][PASSED] - Object: 'Object Repository/virualShowRSVPOR/Page_cabi Edit Show - Add Guests/input_Next' is clicked on

2019-09-19 17:17:23 - [TEST_STEP][PASSED] - click(findTestObject("Object Repository/virualShowRSVPOR/Page_cabi Edit Show - Send Invitations/input_Overview")): Object: 'Object Repository/virualShowRSVPOR/Page_cabi Edit Show - Send Invitations/input_Overview' is clicked on

2019-09-19 17:17:24 - [MESSAGE][PASSED] - Object: 'Object Repository/virualShowRSVPOR/Page_cabi Edit Show - Send Invitations/input_Overview' is clicked on

2019-09-19 17:17:24 - [TEST_STEP][PASSED] - click(findTestObject("Object Repository/virualShowRSVPOR/Page_cabi Edit Show - Send Invitations/a_orders")): Object: 'Object Repository/virualShowRSVPOR/Page_cabi Edit Show - Send Invitations/a_orders' is clicked on

2019-09-19 17:17:25 - [MESSAGE][PASSED] - Object: 'Object Repository/virualShowRSVPOR/Page_cabi Edit Show - Send Invitations/a_orders' is clicked on

2019-09-19 17:17:25 - [TEST_STEP][PASSED] - buttonEditDTYNonOptedOrder = UtilityMethods.createTestObject("buttonEditDTYNonOptedOrder", "//table[@class='show-order-table']/tbody/tr/td/span[contains(text(), '", g2Var, "')]/parent::td/following-sibling::td[@class='column-order']/a"): null

2019-09-19 17:17:25 - [TEST_STEP][PASSED] - click(buttonEditDTYNonOptedOrder): Object: 'buttonEditDTYNonOptedOrder' is clicked on

2019-09-19 17:17:28 - [MESSAGE][PASSED] - Object: 'buttonEditDTYNonOptedOrder' is clicked on

2019-09-19 17:17:28 - [TEST_STEP][PASSED] - click(findTestObject("Object Repository/Page_cabi Shipping/a_edit_order")): Object: 'Object Repository/Page_cabi Shipping/a_edit_order' is clicked on

2019-09-19 17:17:33 - [MESSAGE][PASSED] - Object: 'Object Repository/Page_cabi Shipping/a_edit_order' is clicked on

2019-09-19 17:17:33 - [TEST_STEP][PASSED] - click(findTestObject("Object Repository/Page_cabi Shipping/a_edit_order_shipping")): Object: 'Object Repository/Page_cabi Shipping/a_edit_order_shipping' is clicked on

2019-09-19 17:17:33 - [MESSAGE][PASSED] - Object: 'Object Repository/Page_cabi Shipping/a_edit_order_shipping' is clicked on

2019-09-19 17:17:33 - [TEST_STEP][PASSED] - verifyElementNotHasAttribute(findTestObject("Object Repository/Page_cabi Shipping/check_as_dty_order"), "disabled", 20, CONTINUE_ON_FAILURE): Object 'Object Repository/Page_cabi Shipping/check_as_dty_order' does not have attribute 'disabled'

2019-09-19 17:17:34 - [MESSAGE][PASSED] - Object 'Object Repository/Page_cabi Shipping/check_as_dty_order' does not have attribute 'disabled'

2019-09-19 17:17:34 - [TEST_STEP][PASSED] - delay(2): Delayed 2 second(s)

2019-09-19 17:17:36 - [MESSAGE][PASSED] - Delayed 2 second(s)

2019-09-19 17:17:36 - [TEST_STEP][PASSED] - click(findTestObject("Object Repository/Page_cabi Shipping/a_edit_order_payments")): Object: 'Object Repository/Page_cabi Shipping/a_edit_order_payments' is clicked on

2019-09-19 17:17:36 - [MESSAGE][PASSED] - Object: 'Object Repository/Page_cabi Shipping/a_edit_order_payments' is clicked on

2019-09-19 17:17:36 - [TEST_STEP][PASSED] - delay(3): Delayed 3 second(s)

2019-09-19 17:17:39 - [MESSAGE][PASSED] - Delayed 3 second(s)

2019-09-19 17:17:39 - [TEST_STEP][PASSED] - callTestCase(findTestCase("TestCaseUtilities/showOrderPaeymentCC"), [:], STOP_ON_FAILURE): Call Test Case 'Test Cases/TestCaseUtilities/showOrderPaeymentCC' successfully

2019-09-19 17:17:39 - [TEST_CASE][PASSED] - Test Cases/TestCaseUtilities/showOrderPaeymentCC: Test Cases/TestCaseUtilities/showOrderPaeymentCC

2019-09-19 17:17:39 - [TEST_STEP][PASSED] - driver = getWebDriver(): null

2019-09-19 17:17:39 - [TEST_STEP][PASSED] - executor = driver: null

2019-09-19 17:17:39 - [TEST_STEP][PASSED] - click(findTestObject("Object Repository/Page_cabi Shipping/select_payment_options_select")): Object: 'Object Repository/Page_cabi Shipping/select_payment_options_select' is clicked on

2019-09-19 17:17:39 - [MESSAGE][PASSED] - Object: 'Object Repository/Page_cabi Shipping/select_payment_options_select' is clicked on

2019-09-19 17:17:39 - [TEST_STEP][PASSED] - click(findTestObject("Object Repository/Page_cabi Shipping/select_payment_options_new_cc")): Object: 'Object Repository/Page_cabi Shipping/select_payment_options_new_cc' is clicked on

2019-09-19 17:17:39 - [MESSAGE][PASSED] - Object: 'Object Repository/Page_cabi Shipping/select_payment_options_new_cc' is clicked on

2019-09-19 17:17:39 - [TEST_STEP][PASSED] - delay(3): Delayed 3 second(s)

2019-09-19 17:17:42 - [MESSAGE][PASSED] - Delayed 3 second(s)

2019-09-19 17:17:42 - [TEST_STEP][PASSED] - executor.executeScript("arguments[0].click();", findWebElement(findTestObject("Object Repository/Page_cabi Shipping/select_payment_visa"), 10)): null

2019-09-19 17:17:42 - [TEST_STEP][PASSED] - setText(findTestObject("Object Repository/Page_cabi Shipping/select_payment_fname"), "abcd"): Text 'abcd' is set on object 'Object Repository/Page_cabi Shipping/select_payment_fname'

2019-09-19 17:17:42 - [MESSAGE][PASSED] - Text 'abcd' is set on object 'Object Repository/Page_cabi Shipping/select_payment_fname'

2019-09-19 17:17:42 - [TEST_STEP][PASSED] - setText(findTestObject("Object Repository/Page_cabi Shipping/select_payment_lname"), "fghi"): Text 'fghi' is set on object 'Object Repository/Page_cabi Shipping/select_payment_lname'

2019-09-19 17:17:43 - [MESSAGE][PASSED] - Text 'fghi' is set on object 'Object Repository/Page_cabi Shipping/select_payment_lname'

2019-09-19 17:17:43 - [TEST_STEP][PASSED] - setText(findTestObject("Object Repository/Page_cabi Shipping/select_payment_card_number"), "4111111111111111"): Text '4111111111111111' is set on object 'Object Repository/Page_cabi Shipping/select_payment_card_number'

2019-09-19 17:17:43 - [MESSAGE][PASSED] - Text '4111111111111111' is set on object 'Object Repository/Page_cabi Shipping/select_payment_card_number'

2019-09-19 17:17:43 - [TEST_STEP][PASSED] - click(findTestObject("Object Repository/Page_cabi Shipping/select_payment_exp_date_month")): Object: 'Object Repository/Page_cabi Shipping/select_payment_exp_date_month' is clicked on

2019-09-19 17:17:43 - [MESSAGE][PASSED] - Object: 'Object Repository/Page_cabi Shipping/select_payment_exp_date_month' is clicked on

2019-09-19 17:17:43 - [TEST_STEP][PASSED] - click(findTestObject("Object Repository/Page_cabi Shipping/select_payment_exp_date_year")): Object: 'Object Repository/Page_cabi Shipping/select_payment_exp_date_year' is clicked on

2019-09-19 17:17:43 - [MESSAGE][PASSED] - Object: 'Object Repository/Page_cabi Shipping/select_payment_exp_date_year' is clicked on

2019-09-19 17:17:43 - [TEST_STEP][PASSED] - executor.executeScript("arguments[0].click();", findWebElement(findTestObject("Object Repository/Page_cabi Shipping/input_select_billing_add_same_as_mailing_add"), 10)): null

2019-09-19 17:17:43 - [TEST_STEP][PASSED] - delay(3): Delayed 3 second(s)

2019-09-19 17:17:46 - [MESSAGE][PASSED] - Delayed 3 second(s)

2019-09-19 17:17:46 - [TEST_STEP][PASSED] - executor.executeScript("arguments[0].click();", findWebElement(findTestObject("Object Repository/Page_cabi Shipping/a_save_shipping_info"), 10)): null

2019-09-19 17:17:49 - [TEST_STEP][PASSED] - delay(2): Delayed 2 second(s)

2019-09-19 17:17:51 - [MESSAGE][PASSED] - Delayed 2 second(s)

2019-09-19 17:17:51 - [TEST_STEP][PASSED] - executor.executeScript("arguments[0].click();", findWebElement(findTestObject("Object Repository/Page_cabi Shipping/a_review_order"), 10)): null

2019-09-19 17:17:51 - [TEST_STEP][PASSED] - delay(2): Delayed 2 second(s)

2019-09-19 17:17:53 - [MESSAGE][PASSED] - Delayed 2 second(s)

2019-09-19 17:17:53 - [MESSAGE][PASSED] - Call Test Case 'Test Cases/TestCaseUtilities/showOrderPaeymentCC' successfully

2019-09-19 17:17:53 - [TEST_STEP][PASSED] - executor.executeScript("arguments[0].click();", findWebElement(findTestObject("Object Repository/Page_cabi Shipping/a_edit_order_save_changes"), 10)): null

2019-09-19 17:17:54 - [TEST_STEP][PASSED] - click(findTestObject("Object Repository/Page_cabi Shipping/a_edit_order")): Object: 'Object Repository/Page_cabi Shipping/a_edit_order' is clicked on

2019-09-19 17:18:01 - [MESSAGE][PASSED] - Object: 'Object Repository/Page_cabi Shipping/a_edit_order' is clicked on

2019-09-19 17:18:01 - [TEST_STEP][PASSED] - click(findTestObject("Object Repository/Page_cabi Shipping/a_edit_order_shipping")): Object: 'Object Repository/Page_cabi Shipping/a_edit_order_shipping' is clicked on

2019-09-19 17:18:01 - [MESSAGE][PASSED] - Object: 'Object Repository/Page_cabi Shipping/a_edit_order_shipping' is clicked on

2019-09-19 17:18:01 - [TEST_STEP][PASSED] - verifyElementNotHasAttribute(findTestObject("Object Repository/Page_cabi Shipping/check_as_dty_order"), "disabled", 20, CONTINUE_ON_FAILURE): Object 'Object Repository/Page_cabi Shipping/check_as_dty_order' does not have attribute 'disabled'

2019-09-19 17:18:02 - [MESSAGE][PASSED] - Object 'Object Repository/Page_cabi Shipping/check_as_dty_order' does not have attribute 'disabled'

2019-09-19 17:18:02 - [TEST_STEP][PASSED] - executor.executeScript("arguments[0].click();", findWebElement(findTestObject("Object Repository/Page_cabi Shipping/check_as_dty_order"), 5)): null

2019-09-19 17:18:02 - [TEST_STEP][PASSED] - delay(5): Delayed 5 second(s)

2019-09-19 17:18:07 - [MESSAGE][PASSED] - Delayed 5 second(s)

2019-09-19 17:18:07 - [TEST_STEP][PASSED] - click(findTestObject("Object Repository/Page_cabi Shipping/a_show_order_checkout_next")): Object: 'Object Repository/Page_cabi Shipping/a_show_order_checkout_next' is clicked on

2019-09-19 17:18:08 - [MESSAGE][PASSED] - Object: 'Object Repository/Page_cabi Shipping/a_show_order_checkout_next' is clicked on

2019-09-19 17:18:08 - [TEST_STEP][PASSED] - delay(1): Delayed 1 second(s)

2019-09-19 17:18:09 - [MESSAGE][PASSED] - Delayed 1 second(s)

2019-09-19 17:18:09 - [TEST_STEP][PASSED] - executor.executeScript("arguments[0].click();", findWebElement(findTestObject("Object Repository/Page_cabi Shipping/a_review_order"), 10)): null

2019-09-19 17:18:09 - [TEST_STEP][PASSED] - executor.executeScript("arguments[0].click();", findWebElement(findTestObject("Object Repository/Page_cabi Shipping/a_edit_order_save_changes"), 10)): null

2019-09-19 17:18:11 - [TEST_STEP][PASSED] - click(findTestObject("Object Repository/Page_cabi Shipping/a_back_to_orders")): Object: 'Object Repository/Page_cabi Shipping/a_back_to_orders' is clicked on

2019-09-19 17:18:15 - [MESSAGE][PASSED] - Object: 'Object Repository/Page_cabi Shipping/a_back_to_orders' is clicked on

2019-09-19 17:18:15 - [TEST_STEP][PASSED] - delay(2): Delayed 2 second(s)

2019-09-19 17:18:17 - [MESSAGE][PASSED] - Delayed 2 second(s)

2019-09-19 17:18:17 - [TEST_STEP][PASSED] - g3Vars = UtilityMethods.splitPersonName(guest3): null

2019-09-19 17:18:17 - [TEST_STEP][PASSED] - g3Var = UtilityMethods.concat(g3Vars[1], ", ", g3Vars[0]): null

2019-09-19 17:18:17 - [TEST_STEP][PASSED] - buttonPlaceOrder = UtilityMethods.createTestObject("buttoPlaceOrder", "//table[@class='show-order-table']/tbody/tr/td/span[contains(text(), '", g3Var, "')]/parent::td/following-sibling::td[1]/button"): null

2019-09-19 17:18:17 - [TEST_STEP][PASSED] - click(buttonPlaceOrder): Object: 'buttoPlaceOrder' is clicked on

2019-09-19 17:18:19 - [MESSAGE][PASSED] - Object: 'buttoPlaceOrder' is clicked on

2019-09-19 17:18:19 - [TEST_STEP][PASSED] - delay(3): Delayed 3 second(s)

2019-09-19 17:18:22 - [MESSAGE][PASSED] - Delayed 3 second(s)

2019-09-19 17:18:22 - [TEST_STEP][PASSED] - DTYMsg = "Hooray! This order is eligible for "Direct to You" shipping.": null

2019-09-19 17:18:22 - [TEST_STEP][PASSED] - println(getText(findTestObject("Object Repository/virualShowRSVPOR/DTY/label_DtyEligibility"))): Text of object 'Object Repository/virualShowRSVPOR/DTY/label_DtyEligibility' is: 'Hooray! This order is eligible for "Direct to You" shipping.'

2019-09-19 17:18:22 - [MESSAGE][PASSED] - Text of object 'Object Repository/virualShowRSVPOR/DTY/label_DtyEligibility' is: 'Hooray! This order is eligible for "Direct to You" shipping.'

2019-09-19 17:18:22 - [TEST_STEP][PASSED] - verifyElementText(findTestObject("Object Repository/virualShowRSVPOR/DTY/label_DtyEligibility"), DTYMsg, CONTINUE_ON_FAILURE): Actual text and expected text of test object 'Object Repository/virualShowRSVPOR/DTY/label_DtyEligibility' are matched.

2019-09-19 17:18:22 - [MESSAGE][PASSED] - Actual text and expected text of test object 'Object Repository/virualShowRSVPOR/DTY/label_DtyEligibility' are matched.

2019-09-19 17:18:22 - [TEST_STEP][PASSED] - check(findTestObject("Object Repository/Page_cabi Home/a_same_shipping_address")): Object 'Object Repository/Page_cabi Home/a_same_shipping_address' is checked

2019-09-19 17:18:22 - [MESSAGE][PASSED] - Object 'Object Repository/Page_cabi Home/a_same_shipping_address' is checked

2019-09-19 17:18:22 - [TEST_STEP][PASSED] - delay(3): Delayed 3 second(s)

2019-09-19 17:18:25 - [MESSAGE][PASSED] - Delayed 3 second(s)

2019-09-19 17:18:25 - [TEST_STEP][PASSED] - driver = getWebDriver(): null

2019-09-19 17:18:25 - [TEST_STEP][PASSED] - executor = driver: null

2019-09-19 17:18:25 - [TEST_STEP][PASSED] - executor.executeScript("arguments[0].click();", findWebElement(findTestObject("Object Repository/Page_cabi Home/a_order_items"), 5)): null

2019-09-19 17:18:25 - [TEST_STEP][PASSED] - click(findTestObject("Object Repository/Page_cabi Retail Store/span_quick_entry")): Object: 'Object Repository/Page_cabi Retail Store/span_quick_entry' is clicked on

2019-09-19 17:18:28 - [MESSAGE][PASSED] - Object: 'Object Repository/Page_cabi Retail Store/span_quick_entry' is clicked on

2019-09-19 17:18:28 - [TEST_STEP][PASSED] - delay(3): Delayed 3 second(s)

2019-09-19 17:18:31 - [MESSAGE][PASSED] - Delayed 3 second(s)

2019-09-19 17:18:31 - [TEST_STEP][PASSED] - emptyCart = findWebElements(findTestObject("Object Repository/Page_cabi Personal Store/removeFromCart"), 5): Unable to find the element located by 'By.xpath: //*[@id="removeFromCart_0"]/span'. Please recheck the objects properties to make sure the desired element is located. 

2019-09-19 17:18:37 - [MESSAGE][INFO] - Unable to find the element located by 'By.xpath: //*[@id="removeFromCart_0"]/span'. Please recheck the objects properties to make sure the desired element is located. 

2019-09-19 17:18:37 - [TEST_STEP][PASSED] - if (emptyCart.size() > 0): null

2019-09-19 17:18:37 - [TEST_STEP][PASSED] - addOnStyle = findTestData("miscData").getValue("addOnStyle", 1): null

2019-09-19 17:18:37 - [TEST_STEP][PASSED] - setText(findTestObject("Object Repository/Page_cabi Create Order/input_Manual Discount_stylelookup_0"), addOnStyle): Text '3701' is set on object 'Object Repository/Page_cabi Create Order/input_Manual Discount_stylelookup_0'

2019-09-19 17:18:37 - [MESSAGE][PASSED] - Text '3701' is set on object 'Object Repository/Page_cabi Create Order/input_Manual Discount_stylelookup_0'

2019-09-19 17:18:37 - [TEST_STEP][PASSED] - delay(2): Delayed 2 second(s)

2019-09-19 17:18:39 - [MESSAGE][PASSED] - Delayed 2 second(s)

2019-09-19 17:18:39 - [TEST_STEP][PASSED] - sendKeys(findTestObject("Object Repository/Page_cabi Create Order/input_Manual Discount_stylelookup_0"), Keys.chord(ARROW_DOWN)): Keys 'DOWN + ' sent to object: 'Object Repository/Page_cabi Create Order/input_Manual Discount_stylelookup_0'

2019-09-19 17:18:39 - [MESSAGE][PASSED] - Keys 'DOWN + ' sent to object: 'Object Repository/Page_cabi Create Order/input_Manual Discount_stylelookup_0'

2019-09-19 17:18:39 - [TEST_STEP][PASSED] - delay(2): Delayed 2 second(s)

2019-09-19 17:18:41 - [MESSAGE][PASSED] - Delayed 2 second(s)

2019-09-19 17:18:41 - [TEST_STEP][PASSED] - sendKeys(findTestObject("Object Repository/Page_cabi Create Order/input_Manual Discount_stylelookup_0"), Keys.chord(ARROW_DOWN)): Keys 'DOWN + ' sent to object: 'Object Repository/Page_cabi Create Order/input_Manual Discount_stylelookup_0'

2019-09-19 17:18:41 - [MESSAGE][PASSED] - Keys 'DOWN + ' sent to object: 'Object Repository/Page_cabi Create Order/input_Manual Discount_stylelookup_0'

2019-09-19 17:18:41 - [TEST_STEP][PASSED] - sendKeys(findTestObject("Object Repository/Page_cabi Create Order/input_Manual Discount_stylelookup_0"), Keys.chord(ENTER)): Keys 'ENTER + ' sent to object: 'Object Repository/Page_cabi Create Order/input_Manual Discount_stylelookup_0'

2019-09-19 17:18:41 - [MESSAGE][PASSED] - Keys 'ENTER + ' sent to object: 'Object Repository/Page_cabi Create Order/input_Manual Discount_stylelookup_0'

2019-09-19 17:18:41 - [TEST_STEP][PASSED] - delay(5): Delayed 5 second(s)

2019-09-19 17:18:46 - [MESSAGE][PASSED] - Delayed 5 second(s)

2019-09-19 17:18:46 - [TEST_STEP][PASSED] - click(findTestObject("Object Repository/Page_cabi Order Items/selectSize")): Object: 'Object Repository/Page_cabi Order Items/selectSize' is clicked on

2019-09-19 17:18:46 - [MESSAGE][PASSED] - Object: 'Object Repository/Page_cabi Order Items/selectSize' is clicked on

2019-09-19 17:18:46 - [TEST_STEP][PASSED] - delay(3): Delayed 3 second(s)

2019-09-19 17:18:49 - [MESSAGE][PASSED] - Delayed 3 second(s)

2019-09-19 17:18:49 - [TEST_STEP][PASSED] - click(findTestObject("Object Repository/Page_cabi Order Items/span_Add to Cart")): Object: 'Object Repository/Page_cabi Order Items/span_Add to Cart' is clicked on

2019-09-19 17:18:49 - [MESSAGE][PASSED] - Object: 'Object Repository/Page_cabi Order Items/span_Add to Cart' is clicked on

2019-09-19 17:18:49 - [TEST_STEP][PASSED] - delay(5): Delayed 5 second(s)

2019-09-19 17:18:54 - [MESSAGE][PASSED] - Delayed 5 second(s)

2019-09-19 17:18:54 - [TEST_STEP][PASSED] - click(findTestObject("Object Repository/Page_cabi Order Items/a_next")): Object: 'Object Repository/Page_cabi Order Items/a_next' is clicked on

2019-09-19 17:18:54 - [MESSAGE][PASSED] - Object: 'Object Repository/Page_cabi Order Items/a_next' is clicked on

2019-09-19 17:18:54 - [TEST_STEP][PASSED] - delay(3): Delayed 3 second(s)

2019-09-19 17:18:57 - [MESSAGE][PASSED] - Delayed 3 second(s)

2019-09-19 17:18:57 - [TEST_STEP][PASSED] - verifyElementText(findTestObject("Object Repository/Page_cabi Shipping/label_DTYMsg1"), "This order is eligible for "Direct to You" shipping.", CONTINUE_ON_FAILURE): Actual text and expected text of test object 'Object Repository/Page_cabi Shipping/label_DTYMsg1' are matched.

2019-09-19 17:18:57 - [MESSAGE][PASSED] - Actual text and expected text of test object 'Object Repository/Page_cabi Shipping/label_DTYMsg1' are matched.

2019-09-19 17:18:57 - [TEST_STEP][PASSED] - delay(1): Delayed 1 second(s)

2019-09-19 17:18:58 - [MESSAGE][PASSED] - Delayed 1 second(s)

2019-09-19 17:18:58 - [TEST_STEP][PASSED] - verifyElementText(findTestObject("Object Repository/Page_cabi Shipping/label_DTYMsg2"), ""Direct to You" order must be paid by credit card or cabi Gift Card.", CONTINUE_ON_FAILURE): Actual text and expected text of test object 'Object Repository/Page_cabi Shipping/label_DTYMsg2' are matched.

2019-09-19 17:18:58 - [MESSAGE][PASSED] - Actual text and expected text of test object 'Object Repository/Page_cabi Shipping/label_DTYMsg2' are matched.

2019-09-19 17:18:58 - [TEST_STEP][PASSED] - delay(1): Delayed 1 second(s)

2019-09-19 17:18:59 - [MESSAGE][PASSED] - Delayed 1 second(s)

2019-09-19 17:18:59 - [TEST_STEP][PASSED] - verifyElementText(findTestObject("Object Repository/Page_cabi Shipping/label_DTYMsg3"), ""Direct to You" order can start being placed 2 days before the show date.", CONTINUE_ON_FAILURE): Actual text and expected text of test object 'Object Repository/Page_cabi Shipping/label_DTYMsg3' are matched.

2019-09-19 17:18:59 - [MESSAGE][PASSED] - Actual text and expected text of test object 'Object Repository/Page_cabi Shipping/label_DTYMsg3' are matched.

2019-09-19 17:18:59 - [TEST_STEP][PASSED] - delay(1): Delayed 1 second(s)

2019-09-19 17:19:00 - [MESSAGE][PASSED] - Delayed 1 second(s)

2019-09-19 17:19:00 - [TEST_STEP][PASSED] - verifyElementNotHasAttribute(findTestObject("Object Repository/Page_cabi Shipping/select_ship_to_show_loc"), "disabled", 20, CONTINUE_ON_FAILURE): Object 'Object Repository/Page_cabi Shipping/select_ship_to_show_loc' does not have attribute 'disabled'

2019-09-19 17:19:00 - [MESSAGE][PASSED] - Object 'Object Repository/Page_cabi Shipping/select_ship_to_show_loc' does not have attribute 'disabled'

2019-09-19 17:19:00 - [TEST_STEP][PASSED] - click(findTestObject("Object Repository/Page_cabi Shipping/select_ship_to_guest_add")): Object: 'Object Repository/Page_cabi Shipping/select_ship_to_guest_add' is clicked on

2019-09-19 17:19:00 - [MESSAGE][PASSED] - Object: 'Object Repository/Page_cabi Shipping/select_ship_to_guest_add' is clicked on

2019-09-19 17:19:00 - [TEST_STEP][PASSED] - delay(5): Delayed 5 second(s)

2019-09-19 17:19:05 - [MESSAGE][PASSED] - Delayed 5 second(s)

2019-09-19 17:19:05 - [TEST_STEP][PASSED] - click(findTestObject("Object Repository/Page_cabi Shipping/a_show_order_checkout_next")): Object: 'Object Repository/Page_cabi Shipping/a_show_order_checkout_next' is clicked on

2019-09-19 17:19:06 - [MESSAGE][PASSED] - Object: 'Object Repository/Page_cabi Shipping/a_show_order_checkout_next' is clicked on

2019-09-19 17:19:06 - [TEST_STEP][PASSED] - delay(1): Delayed 1 second(s)

2019-09-19 17:19:07 - [MESSAGE][PASSED] - Delayed 1 second(s)

2019-09-19 17:19:07 - [TEST_STEP][PASSED] - println(getText(findTestObject("Object Repository/Page_cabi Shipping/div_DTY-warning_popup"))): Text of object 'Object Repository/Page_cabi Shipping/div_DTY-warning_popup' is: 'This order is eligible for "Direct to You" shipping.
Do you want to change this order to "Direct to You" and ship immediately?'

2019-09-19 17:19:07 - [MESSAGE][PASSED] - Text of object 'Object Repository/Page_cabi Shipping/div_DTY-warning_popup' is: 'This order is eligible for "Direct to You" shipping.
Do you want to change this order to "Direct to You" and ship immediately?'

2019-09-19 17:19:07 - [TEST_STEP][PASSED] - verifyElementText(findTestObject("Object Repository/Page_cabi Shipping/div_DTY-warning_popup"), "This order is eligible for "Direct to You" shipping.
Do you want to change this order to "Direct to You" and ship immediately?"): Actual text and expected text of test object 'Object Repository/Page_cabi Shipping/div_DTY-warning_popup' are matched.

2019-09-19 17:19:07 - [MESSAGE][PASSED] - Actual text and expected text of test object 'Object Repository/Page_cabi Shipping/div_DTY-warning_popup' are matched.

2019-09-19 17:19:07 - [TEST_STEP][PASSED] - delay(1): Delayed 1 second(s)

2019-09-19 17:19:08 - [MESSAGE][PASSED] - Delayed 1 second(s)

2019-09-19 17:19:08 - [TEST_STEP][PASSED] - click(findTestObject("Object Repository/Page_cabi Shipping/button_DTY_warning_popup_no_ship_DTY")): Object: 'Object Repository/Page_cabi Shipping/button_DTY_warning_popup_no_ship_DTY' is clicked on

2019-09-19 17:19:08 - [MESSAGE][PASSED] - Object: 'Object Repository/Page_cabi Shipping/button_DTY_warning_popup_no_ship_DTY' is clicked on

2019-09-19 17:19:08 - [TEST_STEP][PASSED] - delay(1): Delayed 1 second(s)

2019-09-19 17:19:09 - [MESSAGE][PASSED] - Delayed 1 second(s)

2019-09-19 17:19:09 - [TEST_STEP][PASSED] - click(findTestObject("Object Repository/Page_cabi Shipping/a_make_first_payment")): Object: 'Object Repository/Page_cabi Shipping/a_make_first_payment' is clicked on

2019-09-19 17:19:09 - [MESSAGE][PASSED] - Object: 'Object Repository/Page_cabi Shipping/a_make_first_payment' is clicked on

2019-09-19 17:19:09 - [TEST_STEP][PASSED] - delay(3): Delayed 3 second(s)

2019-09-19 17:19:12 - [MESSAGE][PASSED] - Delayed 3 second(s)

2019-09-19 17:19:12 - [TEST_STEP][PASSED] - DTYMsgs = findWebElements(findTestObject("Object Repository/Page_cabi Shipping/li_DTY_payment_info"), 5): null

2019-09-19 17:19:12 - [TEST_STEP][PASSED] - if (DTYMsgs.size() > 0): null

2019-09-19 17:19:12 - [TEST_STEP][PASSED] - sa.assertTrue(false): null

2019-09-19 17:19:12 - [TEST_STEP][PASSED] - callTestCase(findTestCase("TestCaseUtilities/showOrderPaeymentCC"), [:], STOP_ON_FAILURE): Call Test Case 'Test Cases/TestCaseUtilities/showOrderPaeymentCC' successfully

2019-09-19 17:19:12 - [TEST_CASE][PASSED] - Test Cases/TestCaseUtilities/showOrderPaeymentCC: Test Cases/TestCaseUtilities/showOrderPaeymentCC

2019-09-19 17:19:12 - [TEST_STEP][PASSED] - driver = getWebDriver(): null

2019-09-19 17:19:12 - [TEST_STEP][PASSED] - executor = driver: null

2019-09-19 17:19:12 - [TEST_STEP][PASSED] - click(findTestObject("Object Repository/Page_cabi Shipping/select_payment_options_select")): Object: 'Object Repository/Page_cabi Shipping/select_payment_options_select' is clicked on

2019-09-19 17:19:12 - [MESSAGE][PASSED] - Object: 'Object Repository/Page_cabi Shipping/select_payment_options_select' is clicked on

2019-09-19 17:19:12 - [TEST_STEP][PASSED] - click(findTestObject("Object Repository/Page_cabi Shipping/select_payment_options_new_cc")): Object: 'Object Repository/Page_cabi Shipping/select_payment_options_new_cc' is clicked on

2019-09-19 17:19:13 - [MESSAGE][PASSED] - Object: 'Object Repository/Page_cabi Shipping/select_payment_options_new_cc' is clicked on

2019-09-19 17:19:13 - [TEST_STEP][PASSED] - delay(3): Delayed 3 second(s)

2019-09-19 17:19:16 - [MESSAGE][PASSED] - Delayed 3 second(s)

2019-09-19 17:19:16 - [TEST_STEP][PASSED] - executor.executeScript("arguments[0].click();", findWebElement(findTestObject("Object Repository/Page_cabi Shipping/select_payment_visa"), 10)): null

2019-09-19 17:19:16 - [TEST_STEP][PASSED] - setText(findTestObject("Object Repository/Page_cabi Shipping/select_payment_fname"), "abcd"): Text 'abcd' is set on object 'Object Repository/Page_cabi Shipping/select_payment_fname'

2019-09-19 17:19:16 - [MESSAGE][PASSED] - Text 'abcd' is set on object 'Object Repository/Page_cabi Shipping/select_payment_fname'

2019-09-19 17:19:16 - [TEST_STEP][PASSED] - setText(findTestObject("Object Repository/Page_cabi Shipping/select_payment_lname"), "fghi"): Text 'fghi' is set on object 'Object Repository/Page_cabi Shipping/select_payment_lname'

2019-09-19 17:19:16 - [MESSAGE][PASSED] - Text 'fghi' is set on object 'Object Repository/Page_cabi Shipping/select_payment_lname'

2019-09-19 17:19:16 - [TEST_STEP][PASSED] - setText(findTestObject("Object Repository/Page_cabi Shipping/select_payment_card_number"), "4111111111111111"): Text '4111111111111111' is set on object 'Object Repository/Page_cabi Shipping/select_payment_card_number'

2019-09-19 17:19:16 - [MESSAGE][PASSED] - Text '4111111111111111' is set on object 'Object Repository/Page_cabi Shipping/select_payment_card_number'

2019-09-19 17:19:16 - [TEST_STEP][PASSED] - click(findTestObject("Object Repository/Page_cabi Shipping/select_payment_exp_date_month")): Object: 'Object Repository/Page_cabi Shipping/select_payment_exp_date_month' is clicked on

2019-09-19 17:19:16 - [MESSAGE][PASSED] - Object: 'Object Repository/Page_cabi Shipping/select_payment_exp_date_month' is clicked on

2019-09-19 17:19:16 - [TEST_STEP][PASSED] - click(findTestObject("Object Repository/Page_cabi Shipping/select_payment_exp_date_year")): Object: 'Object Repository/Page_cabi Shipping/select_payment_exp_date_year' is clicked on

2019-09-19 17:19:16 - [MESSAGE][PASSED] - Object: 'Object Repository/Page_cabi Shipping/select_payment_exp_date_year' is clicked on

2019-09-19 17:19:16 - [TEST_STEP][PASSED] - executor.executeScript("arguments[0].click();", findWebElement(findTestObject("Object Repository/Page_cabi Shipping/input_select_billing_add_same_as_mailing_add"), 10)): null

2019-09-19 17:19:16 - [TEST_STEP][PASSED] - delay(3): Delayed 3 second(s)

2019-09-19 17:19:19 - [MESSAGE][PASSED] - Delayed 3 second(s)

2019-09-19 17:19:19 - [TEST_STEP][PASSED] - executor.executeScript("arguments[0].click();", findWebElement(findTestObject("Object Repository/Page_cabi Shipping/a_save_shipping_info"), 10)): null

2019-09-19 17:19:23 - [TEST_STEP][PASSED] - delay(2): Delayed 2 second(s)

2019-09-19 17:19:25 - [MESSAGE][PASSED] - Delayed 2 second(s)

2019-09-19 17:19:25 - [TEST_STEP][PASSED] - executor.executeScript("arguments[0].click();", findWebElement(findTestObject("Object Repository/Page_cabi Shipping/a_review_order"), 10)): null

2019-09-19 17:19:25 - [TEST_STEP][PASSED] - delay(2): Delayed 2 second(s)

2019-09-19 17:19:27 - [MESSAGE][PASSED] - Delayed 2 second(s)

2019-09-19 17:19:27 - [MESSAGE][PASSED] - Call Test Case 'Test Cases/TestCaseUtilities/showOrderPaeymentCC' successfully

2019-09-19 17:19:27 - [TEST_STEP][PASSED] - delay(2): Delayed 2 second(s)

2019-09-19 17:19:29 - [MESSAGE][PASSED] - Delayed 2 second(s)

2019-09-19 17:19:29 - [TEST_STEP][PASSED] - executor.executeScript("arguments[0].click();", findWebElement(findTestObject("Object Repository/Page_cabi Shipping/a_submit_order"), 10)): null

2019-09-19 17:19:29 - [TEST_STEP][PASSED] - click(findTestObject("Object Repository/Page_cabi Shipping/a_order_view")): Object: 'Object Repository/Page_cabi Shipping/a_order_view' is clicked on

2019-09-19 17:19:32 - [MESSAGE][PASSED] - Object: 'Object Repository/Page_cabi Shipping/a_order_view' is clicked on

2019-09-19 17:19:32 - [TEST_STEP][PASSED] - actualOrderStatus = getText(findTestObject("Object Repository/Page_cabi Shipping/span_order_status")): Text of object 'Object Repository/Page_cabi Shipping/span_order_status' is: 'ORDER STATUS : OPEN 
ORDER # SH708243620  '

2019-09-19 17:19:32 - [MESSAGE][PASSED] - Text of object 'Object Repository/Page_cabi Shipping/span_order_status' is: 'ORDER STATUS : OPEN 
ORDER # SH708243620  '

2019-09-19 17:19:32 - [TEST_STEP][PASSED] - expectedOrderStatus = "OPEN": null

2019-09-19 17:19:32 - [TEST_STEP][PASSED] - sa.assertTrue(actualOrderStatus.contains(expectedOrderStatus)): null

2019-09-19 17:19:32 - [TEST_STEP][PASSED] - println(actualOrderStatus): null

2019-09-19 17:19:32 - [TEST_STEP][PASSED] - click(findTestObject("Object Repository/Page_cabi Shipping/a_back_to_orders")): Object: 'Object Repository/Page_cabi Shipping/a_back_to_orders' is clicked on

2019-09-19 17:19:33 - [MESSAGE][PASSED] - Object: 'Object Repository/Page_cabi Shipping/a_back_to_orders' is clicked on

2019-09-19 17:19:33 - [TEST_STEP][PASSED] - delay(2): Delayed 2 second(s)

2019-09-19 17:19:35 - [MESSAGE][PASSED] - Delayed 2 second(s)

2019-09-19 17:19:35 - [TEST_STEP][PASSED] - buttonEditDTYNonOptedOrderCC = UtilityMethods.createTestObject("buttonEditDTYNonOptedOrderCC", "//table[@class='show-order-table']/tbody/tr/td/span[contains(text(), '", g3Var, "')]/parent::td/following-sibling::td[@class='column-order']/a"): null

2019-09-19 17:19:35 - [TEST_STEP][PASSED] - click(buttonEditDTYNonOptedOrderCC): Object: 'buttonEditDTYNonOptedOrderCC' is clicked on

2019-09-19 17:19:38 - [MESSAGE][PASSED] - Object: 'buttonEditDTYNonOptedOrderCC' is clicked on

2019-09-19 17:19:38 - [TEST_STEP][PASSED] - click(findTestObject("Object Repository/Page_cabi Shipping/a_edit_order")): Object: 'Object Repository/Page_cabi Shipping/a_edit_order' is clicked on

2019-09-19 17:19:43 - [MESSAGE][PASSED] - Object: 'Object Repository/Page_cabi Shipping/a_edit_order' is clicked on

2019-09-19 17:19:43 - [TEST_STEP][PASSED] - click(findTestObject("Object Repository/Page_cabi Shipping/a_edit_order_shipping")): Object: 'Object Repository/Page_cabi Shipping/a_edit_order_shipping' is clicked on

2019-09-19 17:19:43 - [MESSAGE][PASSED] - Object: 'Object Repository/Page_cabi Shipping/a_edit_order_shipping' is clicked on

2019-09-19 17:19:43 - [TEST_STEP][PASSED] - verifyElementNotHasAttribute(findTestObject("Object Repository/Page_cabi Shipping/check_as_dty_order"), "disabled", 20, CONTINUE_ON_FAILURE): Object 'Object Repository/Page_cabi Shipping/check_as_dty_order' does not have attribute 'disabled'

2019-09-19 17:19:44 - [MESSAGE][PASSED] - Object 'Object Repository/Page_cabi Shipping/check_as_dty_order' does not have attribute 'disabled'

2019-09-19 17:19:44 - [TEST_STEP][PASSED] - executor.executeScript("arguments[0].click();", findWebElement(findTestObject("Object Repository/Page_cabi Shipping/check_as_dty_order"), 10)): null

2019-09-19 17:19:45 - [TEST_STEP][PASSED] - delay(2): Delayed 2 second(s)

2019-09-19 17:19:47 - [MESSAGE][PASSED] - Delayed 2 second(s)

2019-09-19 17:19:47 - [TEST_STEP][PASSED] - click(findTestObject("Object Repository/Page_cabi Shipping/a_edit_order_payments")): Object: 'Object Repository/Page_cabi Shipping/a_edit_order_payments' is clicked on

2019-09-19 17:19:47 - [MESSAGE][PASSED] - Object: 'Object Repository/Page_cabi Shipping/a_edit_order_payments' is clicked on

2019-09-19 17:19:47 - [TEST_STEP][PASSED] - delay(3): Delayed 3 second(s)

2019-09-19 17:19:50 - [MESSAGE][PASSED] - Delayed 3 second(s)

2019-09-19 17:19:50 - [TEST_STEP][PASSED] - executor.executeScript("arguments[0].click();", findWebElement(findTestObject("Object Repository/Page_cabi Shipping/a_review_order"), 10)): null

2019-09-19 17:19:50 - [TEST_STEP][PASSED] - executor.executeScript("arguments[0].click();", findWebElement(findTestObject("Object Repository/Page_cabi Shipping/a_edit_order_save_changes"), 10)): null

2019-09-19 17:19:55 - [TEST_STEP][PASSED] - delay(2): Delayed 2 second(s)

2019-09-19 17:19:57 - [MESSAGE][PASSED] - Delayed 2 second(s)

2019-09-19 17:19:57 - [TEST_STEP][PASSED] - actualOrderStatus = getText(findTestObject("Object Repository/Page_cabi Shipping/span_order_status")): Text of object 'Object Repository/Page_cabi Shipping/span_order_status' is: 'ORDER STATUS : PENDING SHIPMENT 
ORDER # SH708243620  '

2019-09-19 17:19:57 - [MESSAGE][PASSED] - Text of object 'Object Repository/Page_cabi Shipping/span_order_status' is: 'ORDER STATUS : PENDING SHIPMENT 
ORDER # SH708243620  '

2019-09-19 17:19:57 - [TEST_STEP][PASSED] - expectedOrderStatus = "PENDING SHIPMENT": null

2019-09-19 17:19:57 - [TEST_STEP][PASSED] - sa.assertTrue(actualOrderStatus.contains(expectedOrderStatus)): null

2019-09-19 17:19:57 - [TEST_STEP][PASSED] - println(actualOrderStatus): null

2019-09-19 17:19:57 - [TEST_STEP][PASSED] - click(findTestObject("Object Repository/Page_cabi Shipping/a_back_to_orders")): Object: 'Object Repository/Page_cabi Shipping/a_back_to_orders' is clicked on

2019-09-19 17:19:58 - [MESSAGE][PASSED] - Object: 'Object Repository/Page_cabi Shipping/a_back_to_orders' is clicked on

2019-09-19 17:19:58 - [TEST_STEP][PASSED] - delay(2): Delayed 2 second(s)

2019-09-19 17:20:00 - [MESSAGE][PASSED] - Delayed 2 second(s)

2019-09-19 17:20:00 - [TEST_STEP][PASSED] - hVars = UtilityMethods.splitPersonName(hostess): null

2019-09-19 17:20:00 - [TEST_STEP][PASSED] - hVar = UtilityMethods.concat(hVars[1], ", ", hVars[0]): null

2019-09-19 17:20:00 - [TEST_STEP][PASSED] - buttonPlaceOrder = UtilityMethods.createTestObject("buttoPlaceOrder", "//table[@class='show-order-table']/tbody/tr/td/span[contains(text(), '", hVar, "')]/parent::td/following-sibling::td[1]/button"): null

2019-09-19 17:20:00 - [TEST_STEP][PASSED] - click(buttonPlaceOrder): Object: 'buttoPlaceOrder' is clicked on

2019-09-19 17:20:03 - [MESSAGE][PASSED] - Object: 'buttoPlaceOrder' is clicked on

2019-09-19 17:20:03 - [TEST_STEP][PASSED] - delay(3): Delayed 3 second(s)

2019-09-19 17:20:06 - [MESSAGE][PASSED] - Delayed 3 second(s)

2019-09-19 17:20:06 - [TEST_STEP][PASSED] - noDTYMsg = findWebElements(findTestObject("Object Repository/virualShowRSVPOR/DTY/label_DtyEligibility"), 5): Unable to find the element located by 'By.xpath: //form[@name='guest_form']/div/label'. Please recheck the objects properties to make sure the desired element is located. 

2019-09-19 17:20:11 - [MESSAGE][INFO] - Unable to find the element located by 'By.xpath: //form[@name='guest_form']/div/label'. Please recheck the objects properties to make sure the desired element is located. 

2019-09-19 17:20:11 - [TEST_STEP][PASSED] - if (noDTYMsg.size() > 0): null

2019-09-19 17:20:11 - [TEST_STEP][PASSED] - check(findTestObject("Object Repository/Page_cabi Home/a_same_shipping_address")): Object 'Object Repository/Page_cabi Home/a_same_shipping_address' is checked

2019-09-19 17:20:11 - [MESSAGE][PASSED] - Object 'Object Repository/Page_cabi Home/a_same_shipping_address' is checked

2019-09-19 17:20:11 - [TEST_STEP][PASSED] - delay(3): Delayed 3 second(s)

2019-09-19 17:20:14 - [MESSAGE][PASSED] - Delayed 3 second(s)

2019-09-19 17:20:14 - [TEST_STEP][PASSED] - executor.executeScript("arguments[0].click();", findWebElement(findTestObject("Object Repository/Page_cabi Home/a_order_items"), 5)): null

2019-09-19 17:20:14 - [TEST_STEP][PASSED] - click(findTestObject("Object Repository/Page_cabi Retail Store/span_quick_entry")): Object: 'Object Repository/Page_cabi Retail Store/span_quick_entry' is clicked on

2019-09-19 17:20:18 - [MESSAGE][PASSED] - Object: 'Object Repository/Page_cabi Retail Store/span_quick_entry' is clicked on

2019-09-19 17:20:18 - [TEST_STEP][PASSED] - delay(3): Delayed 3 second(s)

2019-09-19 17:20:21 - [MESSAGE][PASSED] - Delayed 3 second(s)

2019-09-19 17:20:21 - [TEST_STEP][PASSED] - emptyCart = findWebElements(findTestObject("Object Repository/Page_cabi Personal Store/removeFromCart"), 5): Unable to find the element located by 'By.xpath: //*[@id="removeFromCart_0"]/span'. Please recheck the objects properties to make sure the desired element is located. 

2019-09-19 17:20:26 - [MESSAGE][INFO] - Unable to find the element located by 'By.xpath: //*[@id="removeFromCart_0"]/span'. Please recheck the objects properties to make sure the desired element is located. 

2019-09-19 17:20:26 - [TEST_STEP][PASSED] - if (emptyCart.size() > 0): null

2019-09-19 17:20:26 - [TEST_STEP][PASSED] - addOnStyle = findTestData("miscData").getValue("addOnStyle", 1): null

2019-09-19 17:20:26 - [TEST_STEP][PASSED] - addOnStyle2 = findTestData("miscData").getValue("addOnStyle", 2): null

2019-09-19 17:20:26 - [TEST_STEP][PASSED] - setText(findTestObject("Object Repository/Page_cabi Create Order/input_Manual Discount_stylelookup_0"), addOnStyle): Text '3701' is set on object 'Object Repository/Page_cabi Create Order/input_Manual Discount_stylelookup_0'

2019-09-19 17:20:26 - [MESSAGE][PASSED] - Text '3701' is set on object 'Object Repository/Page_cabi Create Order/input_Manual Discount_stylelookup_0'

2019-09-19 17:20:26 - [TEST_STEP][PASSED] - delay(2): Delayed 2 second(s)

2019-09-19 17:20:28 - [MESSAGE][PASSED] - Delayed 2 second(s)

2019-09-19 17:20:28 - [TEST_STEP][PASSED] - sendKeys(findTestObject("Object Repository/Page_cabi Create Order/input_Manual Discount_stylelookup_0"), Keys.chord(ARROW_DOWN)): Keys 'DOWN + ' sent to object: 'Object Repository/Page_cabi Create Order/input_Manual Discount_stylelookup_0'

2019-09-19 17:20:28 - [MESSAGE][PASSED] - Keys 'DOWN + ' sent to object: 'Object Repository/Page_cabi Create Order/input_Manual Discount_stylelookup_0'

2019-09-19 17:20:28 - [TEST_STEP][PASSED] - delay(2): Delayed 2 second(s)

2019-09-19 17:20:30 - [MESSAGE][PASSED] - Delayed 2 second(s)

2019-09-19 17:20:30 - [TEST_STEP][PASSED] - sendKeys(findTestObject("Object Repository/Page_cabi Create Order/input_Manual Discount_stylelookup_0"), Keys.chord(ARROW_DOWN)): Keys 'DOWN + ' sent to object: 'Object Repository/Page_cabi Create Order/input_Manual Discount_stylelookup_0'

2019-09-19 17:20:30 - [MESSAGE][PASSED] - Keys 'DOWN + ' sent to object: 'Object Repository/Page_cabi Create Order/input_Manual Discount_stylelookup_0'

2019-09-19 17:20:30 - [TEST_STEP][PASSED] - sendKeys(findTestObject("Object Repository/Page_cabi Create Order/input_Manual Discount_stylelookup_0"), Keys.chord(ENTER)): Keys 'ENTER + ' sent to object: 'Object Repository/Page_cabi Create Order/input_Manual Discount_stylelookup_0'

2019-09-19 17:20:30 - [MESSAGE][PASSED] - Keys 'ENTER + ' sent to object: 'Object Repository/Page_cabi Create Order/input_Manual Discount_stylelookup_0'

2019-09-19 17:20:30 - [TEST_STEP][PASSED] - delay(5): Delayed 5 second(s)

2019-09-19 17:20:35 - [MESSAGE][PASSED] - Delayed 5 second(s)

2019-09-19 17:20:35 - [TEST_STEP][PASSED] - click(findTestObject("Object Repository/Page_cabi Order Items/selectSize")): Object: 'Object Repository/Page_cabi Order Items/selectSize' is clicked on

2019-09-19 17:20:35 - [MESSAGE][PASSED] - Object: 'Object Repository/Page_cabi Order Items/selectSize' is clicked on

2019-09-19 17:20:35 - [TEST_STEP][PASSED] - delay(3): Delayed 3 second(s)

2019-09-19 17:20:38 - [MESSAGE][PASSED] - Delayed 3 second(s)

2019-09-19 17:20:38 - [TEST_STEP][PASSED] - click(findTestObject("Object Repository/Page_cabi Order Items/span_Add to Cart")): Object: 'Object Repository/Page_cabi Order Items/span_Add to Cart' is clicked on

2019-09-19 17:20:38 - [MESSAGE][PASSED] - Object: 'Object Repository/Page_cabi Order Items/span_Add to Cart' is clicked on

2019-09-19 17:20:38 - [TEST_STEP][PASSED] - delay(5): Delayed 5 second(s)

2019-09-19 17:20:43 - [MESSAGE][PASSED] - Delayed 5 second(s)

2019-09-19 17:20:43 - [TEST_STEP][PASSED] - click(findTestObject("Object Repository/Page_cabi Order Items/a_next")): Object: 'Object Repository/Page_cabi Order Items/a_next' is clicked on

2019-09-19 17:20:43 - [MESSAGE][PASSED] - Object: 'Object Repository/Page_cabi Order Items/a_next' is clicked on

2019-09-19 17:20:43 - [TEST_STEP][PASSED] - delay(3): Delayed 3 second(s)

2019-09-19 17:20:46 - [MESSAGE][PASSED] - Delayed 3 second(s)

2019-09-19 17:20:46 - [TEST_STEP][PASSED] - noDTYMsg = findWebElements(findTestObject("Object Repository/Page_cabi Shipping/label_DTYMsg1"), 5): Unable to find the element located by 'By.xpath: //div[@id='shipping-info-section']/div/label[1]'. Please recheck the objects properties to make sure the desired element is located. 

2019-09-19 17:20:52 - [MESSAGE][INFO] - Unable to find the element located by 'By.xpath: //div[@id='shipping-info-section']/div/label[1]'. Please recheck the objects properties to make sure the desired element is located. 

2019-09-19 17:20:52 - [TEST_STEP][PASSED] - if (noDTYMsg.size() > 0): null

2019-09-19 17:20:52 - [TEST_STEP][PASSED] - noDTYCheck = findWebElements(findTestObject("Object Repository/Page_cabi Shipping/check_as_dty_order"), 5): Unable to find the element located by 'By.xpath: //div[@id='shipping-info-section']/div/label/input[@id='toggleShipNow']'. Please recheck the objects properties to make sure the desired element is located. 

2019-09-19 17:20:57 - [MESSAGE][INFO] - Unable to find the element located by 'By.xpath: //div[@id='shipping-info-section']/div/label/input[@id='toggleShipNow']'. Please recheck the objects properties to make sure the desired element is located. 

2019-09-19 17:20:57 - [TEST_STEP][PASSED] - if (noDTYCheck.size() > 0): null

2019-09-19 17:20:57 - [TEST_STEP][PASSED] - delay(5): Delayed 5 second(s)

2019-09-19 17:21:02 - [MESSAGE][PASSED] - Delayed 5 second(s)

2019-09-19 17:21:02 - [TEST_STEP][PASSED] - click(findTestObject("Object Repository/Page_cabi Shipping/a_show_order_checkout_next")): Object: 'Object Repository/Page_cabi Shipping/a_show_order_checkout_next' is clicked on

2019-09-19 17:21:02 - [MESSAGE][PASSED] - Object: 'Object Repository/Page_cabi Shipping/a_show_order_checkout_next' is clicked on

2019-09-19 17:21:02 - [TEST_STEP][PASSED] - delay(1): Delayed 1 second(s)

2019-09-19 17:21:03 - [MESSAGE][PASSED] - Delayed 1 second(s)

2019-09-19 17:21:03 - [TEST_STEP][PASSED] - click(findTestObject("Object Repository/Page_cabi Shipping/a_make_first_payment")): Object: 'Object Repository/Page_cabi Shipping/a_make_first_payment' is clicked on

2019-09-19 17:21:05 - [MESSAGE][PASSED] - Object: 'Object Repository/Page_cabi Shipping/a_make_first_payment' is clicked on

2019-09-19 17:21:05 - [TEST_STEP][PASSED] - delay(3): Delayed 3 second(s)

2019-09-19 17:21:08 - [MESSAGE][PASSED] - Delayed 3 second(s)

2019-09-19 17:21:08 - [TEST_STEP][PASSED] - DTYMsgs = findWebElements(findTestObject("Object Repository/Page_cabi Shipping/li_DTY_payment_info"), 5): null

2019-09-19 17:21:08 - [TEST_STEP][PASSED] - if (DTYMsgs.size() > 0): null

2019-09-19 17:21:08 - [TEST_STEP][PASSED] - sa.assertTrue(false): null

2019-09-19 17:21:08 - [TEST_STEP][PASSED] - callTestCase(findTestCase("TestCaseUtilities/showOrderPaeymentCC"), [:], STOP_ON_FAILURE): Call Test Case 'Test Cases/TestCaseUtilities/showOrderPaeymentCC' successfully

2019-09-19 17:21:08 - [TEST_CASE][PASSED] - Test Cases/TestCaseUtilities/showOrderPaeymentCC: Test Cases/TestCaseUtilities/showOrderPaeymentCC

2019-09-19 17:21:08 - [TEST_STEP][PASSED] - driver = getWebDriver(): null

2019-09-19 17:21:08 - [TEST_STEP][PASSED] - executor = driver: null

2019-09-19 17:21:08 - [TEST_STEP][PASSED] - click(findTestObject("Object Repository/Page_cabi Shipping/select_payment_options_select")): Object: 'Object Repository/Page_cabi Shipping/select_payment_options_select' is clicked on

2019-09-19 17:21:08 - [MESSAGE][PASSED] - Object: 'Object Repository/Page_cabi Shipping/select_payment_options_select' is clicked on

2019-09-19 17:21:08 - [TEST_STEP][PASSED] - click(findTestObject("Object Repository/Page_cabi Shipping/select_payment_options_new_cc")): Object: 'Object Repository/Page_cabi Shipping/select_payment_options_new_cc' is clicked on

2019-09-19 17:21:08 - [MESSAGE][PASSED] - Object: 'Object Repository/Page_cabi Shipping/select_payment_options_new_cc' is clicked on

2019-09-19 17:21:08 - [TEST_STEP][PASSED] - delay(3): Delayed 3 second(s)

2019-09-19 17:21:11 - [MESSAGE][PASSED] - Delayed 3 second(s)

2019-09-19 17:21:11 - [TEST_STEP][PASSED] - executor.executeScript("arguments[0].click();", findWebElement(findTestObject("Object Repository/Page_cabi Shipping/select_payment_visa"), 10)): null

2019-09-19 17:21:11 - [TEST_STEP][PASSED] - setText(findTestObject("Object Repository/Page_cabi Shipping/select_payment_fname"), "abcd"): Text 'abcd' is set on object 'Object Repository/Page_cabi Shipping/select_payment_fname'

2019-09-19 17:21:11 - [MESSAGE][PASSED] - Text 'abcd' is set on object 'Object Repository/Page_cabi Shipping/select_payment_fname'

2019-09-19 17:21:11 - [TEST_STEP][PASSED] - setText(findTestObject("Object Repository/Page_cabi Shipping/select_payment_lname"), "fghi"): Text 'fghi' is set on object 'Object Repository/Page_cabi Shipping/select_payment_lname'

2019-09-19 17:21:11 - [MESSAGE][PASSED] - Text 'fghi' is set on object 'Object Repository/Page_cabi Shipping/select_payment_lname'

2019-09-19 17:21:11 - [TEST_STEP][PASSED] - setText(findTestObject("Object Repository/Page_cabi Shipping/select_payment_card_number"), "4111111111111111"): Text '4111111111111111' is set on object 'Object Repository/Page_cabi Shipping/select_payment_card_number'

2019-09-19 17:21:11 - [MESSAGE][PASSED] - Text '4111111111111111' is set on object 'Object Repository/Page_cabi Shipping/select_payment_card_number'

2019-09-19 17:21:11 - [TEST_STEP][PASSED] - click(findTestObject("Object Repository/Page_cabi Shipping/select_payment_exp_date_month")): Object: 'Object Repository/Page_cabi Shipping/select_payment_exp_date_month' is clicked on

2019-09-19 17:21:11 - [MESSAGE][PASSED] - Object: 'Object Repository/Page_cabi Shipping/select_payment_exp_date_month' is clicked on

2019-09-19 17:21:11 - [TEST_STEP][PASSED] - click(findTestObject("Object Repository/Page_cabi Shipping/select_payment_exp_date_year")): Object: 'Object Repository/Page_cabi Shipping/select_payment_exp_date_year' is clicked on

2019-09-19 17:21:12 - [MESSAGE][PASSED] - Object: 'Object Repository/Page_cabi Shipping/select_payment_exp_date_year' is clicked on

2019-09-19 17:21:12 - [TEST_STEP][PASSED] - executor.executeScript("arguments[0].click();", findWebElement(findTestObject("Object Repository/Page_cabi Shipping/input_select_billing_add_same_as_mailing_add"), 10)): null

2019-09-19 17:21:12 - [TEST_STEP][PASSED] - delay(3): Delayed 3 second(s)

2019-09-19 17:21:15 - [MESSAGE][PASSED] - Delayed 3 second(s)

2019-09-19 17:21:15 - [TEST_STEP][PASSED] - executor.executeScript("arguments[0].click();", findWebElement(findTestObject("Object Repository/Page_cabi Shipping/a_save_shipping_info"), 10)): null

2019-09-19 17:21:18 - [TEST_STEP][PASSED] - delay(2): Delayed 2 second(s)

2019-09-19 17:21:20 - [MESSAGE][PASSED] - Delayed 2 second(s)

2019-09-19 17:21:20 - [TEST_STEP][PASSED] - executor.executeScript("arguments[0].click();", findWebElement(findTestObject("Object Repository/Page_cabi Shipping/a_review_order"), 10)): null

2019-09-19 17:21:20 - [TEST_STEP][PASSED] - delay(2): Delayed 2 second(s)

2019-09-19 17:21:22 - [MESSAGE][PASSED] - Delayed 2 second(s)

2019-09-19 17:21:22 - [MESSAGE][PASSED] - Call Test Case 'Test Cases/TestCaseUtilities/showOrderPaeymentCC' successfully

2019-09-19 17:21:22 - [TEST_STEP][PASSED] - delay(2): Delayed 2 second(s)

2019-09-19 17:21:24 - [MESSAGE][PASSED] - Delayed 2 second(s)

2019-09-19 17:21:24 - [TEST_STEP][PASSED] - executor.executeScript("arguments[0].click();", findWebElement(findTestObject("Object Repository/Page_cabi Shipping/a_submit_order"), 10)): null

2019-09-19 17:21:24 - [TEST_STEP][PASSED] - click(findTestObject("Object Repository/Page_cabi Shipping/a_order_view")): Object: 'Object Repository/Page_cabi Shipping/a_order_view' is clicked on

2019-09-19 17:21:27 - [MESSAGE][PASSED] - Object: 'Object Repository/Page_cabi Shipping/a_order_view' is clicked on

2019-09-19 17:21:27 - [TEST_STEP][PASSED] - actualOrderStatus = getText(findTestObject("Object Repository/Page_cabi Shipping/span_order_status")): Text of object 'Object Repository/Page_cabi Shipping/span_order_status' is: 'ORDER STATUS : OPEN 
ORDER # SH708243621  '

2019-09-19 17:21:27 - [MESSAGE][PASSED] - Text of object 'Object Repository/Page_cabi Shipping/span_order_status' is: 'ORDER STATUS : OPEN 
ORDER # SH708243621  '

2019-09-19 17:21:27 - [TEST_STEP][PASSED] - expectedOrderStatus = "OPEN": null

2019-09-19 17:21:27 - [TEST_STEP][PASSED] - sa.assertTrue(actualOrderStatus.contains(expectedOrderStatus)): null

2019-09-19 17:21:27 - [TEST_STEP][PASSED] - println(actualOrderStatus): null

2019-09-19 17:21:27 - [TEST_STEP][PASSED] - click(findTestObject("Object Repository/Page_cabi Shipping/a_back_to_orders")): Object: 'Object Repository/Page_cabi Shipping/a_back_to_orders' is clicked on

2019-09-19 17:21:28 - [MESSAGE][PASSED] - Object: 'Object Repository/Page_cabi Shipping/a_back_to_orders' is clicked on

2019-09-19 17:21:28 - [TEST_STEP][PASSED] - delay(2): Delayed 2 second(s)

2019-09-19 17:21:30 - [MESSAGE][PASSED] - Delayed 2 second(s)

2019-09-19 17:21:30 - [TEST_STEP][PASSED] - chVars = UtilityMethods.splitPersonName(cohostess): null

2019-09-19 17:21:30 - [TEST_STEP][PASSED] - chVar = UtilityMethods.concat(chVars[1], ", ", chVars[0]): null

2019-09-19 17:21:30 - [TEST_STEP][PASSED] - buttonPlaceOrder = UtilityMethods.createTestObject("buttoPlaceOrder", "//table[@class='show-order-table']/tbody/tr/td/span[contains(text(), '", chVar, "')]/parent::td/following-sibling::td[1]/button"): null

2019-09-19 17:21:30 - [TEST_STEP][PASSED] - click(buttonPlaceOrder): Object: 'buttoPlaceOrder' is clicked on

2019-09-19 17:21:33 - [MESSAGE][PASSED] - Object: 'buttoPlaceOrder' is clicked on

2019-09-19 17:21:33 - [TEST_STEP][PASSED] - delay(3): Delayed 3 second(s)

2019-09-19 17:21:36 - [MESSAGE][PASSED] - Delayed 3 second(s)

2019-09-19 17:21:36 - [TEST_STEP][PASSED] - noDTYMsg = findWebElements(findTestObject("Object Repository/virualShowRSVPOR/DTY/label_DtyEligibility"), 5): Unable to find the element located by 'By.xpath: //form[@name='guest_form']/div/label'. Please recheck the objects properties to make sure the desired element is located. 

2019-09-19 17:21:41 - [MESSAGE][INFO] - Unable to find the element located by 'By.xpath: //form[@name='guest_form']/div/label'. Please recheck the objects properties to make sure the desired element is located. 

2019-09-19 17:21:41 - [TEST_STEP][PASSED] - if (noDTYMsg.size() > 0): null

2019-09-19 17:21:41 - [TEST_STEP][PASSED] - check(findTestObject("Object Repository/Page_cabi Home/a_same_shipping_address")): Object 'Object Repository/Page_cabi Home/a_same_shipping_address' is checked

2019-09-19 17:21:41 - [MESSAGE][PASSED] - Object 'Object Repository/Page_cabi Home/a_same_shipping_address' is checked

2019-09-19 17:21:41 - [TEST_STEP][PASSED] - delay(3): Delayed 3 second(s)

2019-09-19 17:21:44 - [MESSAGE][PASSED] - Delayed 3 second(s)

2019-09-19 17:21:44 - [TEST_STEP][PASSED] - executor.executeScript("arguments[0].click();", findWebElement(findTestObject("Object Repository/Page_cabi Home/a_order_items"), 5)): null

2019-09-19 17:21:44 - [TEST_STEP][PASSED] - click(findTestObject("Object Repository/Page_cabi Retail Store/span_quick_entry")): Object: 'Object Repository/Page_cabi Retail Store/span_quick_entry' is clicked on

2019-09-19 17:21:48 - [MESSAGE][PASSED] - Object: 'Object Repository/Page_cabi Retail Store/span_quick_entry' is clicked on

2019-09-19 17:21:48 - [TEST_STEP][PASSED] - delay(3): Delayed 3 second(s)

2019-09-19 17:21:51 - [MESSAGE][PASSED] - Delayed 3 second(s)

2019-09-19 17:21:51 - [TEST_STEP][PASSED] - emptyCart = findWebElements(findTestObject("Object Repository/Page_cabi Personal Store/removeFromCart"), 5): Unable to find the element located by 'By.xpath: //*[@id="removeFromCart_0"]/span'. Please recheck the objects properties to make sure the desired element is located. 

2019-09-19 17:21:56 - [MESSAGE][INFO] - Unable to find the element located by 'By.xpath: //*[@id="removeFromCart_0"]/span'. Please recheck the objects properties to make sure the desired element is located. 

2019-09-19 17:21:56 - [TEST_STEP][PASSED] - if (emptyCart.size() > 0): null

2019-09-19 17:21:56 - [TEST_STEP][PASSED] - addOnStyle = findTestData("miscData").getValue("addOnStyle", 1): null

2019-09-19 17:21:56 - [TEST_STEP][PASSED] - addOnStyle2 = findTestData("miscData").getValue("addOnStyle", 2): null

2019-09-19 17:21:56 - [TEST_STEP][PASSED] - setText(findTestObject("Object Repository/Page_cabi Create Order/input_Manual Discount_stylelookup_0"), addOnStyle): Text '3701' is set on object 'Object Repository/Page_cabi Create Order/input_Manual Discount_stylelookup_0'

2019-09-19 17:21:56 - [MESSAGE][PASSED] - Text '3701' is set on object 'Object Repository/Page_cabi Create Order/input_Manual Discount_stylelookup_0'

2019-09-19 17:21:56 - [TEST_STEP][PASSED] - delay(2): Delayed 2 second(s)

2019-09-19 17:21:58 - [MESSAGE][PASSED] - Delayed 2 second(s)

2019-09-19 17:21:58 - [TEST_STEP][PASSED] - sendKeys(findTestObject("Object Repository/Page_cabi Create Order/input_Manual Discount_stylelookup_0"), Keys.chord(ARROW_DOWN)): Keys 'DOWN + ' sent to object: 'Object Repository/Page_cabi Create Order/input_Manual Discount_stylelookup_0'

2019-09-19 17:21:58 - [MESSAGE][PASSED] - Keys 'DOWN + ' sent to object: 'Object Repository/Page_cabi Create Order/input_Manual Discount_stylelookup_0'

2019-09-19 17:21:58 - [TEST_STEP][PASSED] - delay(2): Delayed 2 second(s)

2019-09-19 17:22:00 - [MESSAGE][PASSED] - Delayed 2 second(s)

2019-09-19 17:22:00 - [TEST_STEP][PASSED] - sendKeys(findTestObject("Object Repository/Page_cabi Create Order/input_Manual Discount_stylelookup_0"), Keys.chord(ARROW_DOWN)): Keys 'DOWN + ' sent to object: 'Object Repository/Page_cabi Create Order/input_Manual Discount_stylelookup_0'

2019-09-19 17:22:00 - [MESSAGE][PASSED] - Keys 'DOWN + ' sent to object: 'Object Repository/Page_cabi Create Order/input_Manual Discount_stylelookup_0'

2019-09-19 17:22:00 - [TEST_STEP][PASSED] - sendKeys(findTestObject("Object Repository/Page_cabi Create Order/input_Manual Discount_stylelookup_0"), Keys.chord(ENTER)): Keys 'ENTER + ' sent to object: 'Object Repository/Page_cabi Create Order/input_Manual Discount_stylelookup_0'

2019-09-19 17:22:00 - [MESSAGE][PASSED] - Keys 'ENTER + ' sent to object: 'Object Repository/Page_cabi Create Order/input_Manual Discount_stylelookup_0'

2019-09-19 17:22:00 - [TEST_STEP][PASSED] - delay(5): Delayed 5 second(s)

2019-09-19 17:22:05 - [MESSAGE][PASSED] - Delayed 5 second(s)

2019-09-19 17:22:05 - [TEST_STEP][PASSED] - click(findTestObject("Object Repository/Page_cabi Order Items/selectSize")): Object: 'Object Repository/Page_cabi Order Items/selectSize' is clicked on

2019-09-19 17:22:05 - [MESSAGE][PASSED] - Object: 'Object Repository/Page_cabi Order Items/selectSize' is clicked on

2019-09-19 17:22:05 - [TEST_STEP][PASSED] - delay(3): Delayed 3 second(s)

2019-09-19 17:22:08 - [MESSAGE][PASSED] - Delayed 3 second(s)

2019-09-19 17:22:08 - [TEST_STEP][PASSED] - click(findTestObject("Object Repository/Page_cabi Order Items/span_Add to Cart")): Object: 'Object Repository/Page_cabi Order Items/span_Add to Cart' is clicked on

2019-09-19 17:22:08 - [MESSAGE][PASSED] - Object: 'Object Repository/Page_cabi Order Items/span_Add to Cart' is clicked on

2019-09-19 17:22:08 - [TEST_STEP][PASSED] - delay(5): Delayed 5 second(s)

2019-09-19 17:22:13 - [MESSAGE][PASSED] - Delayed 5 second(s)

2019-09-19 17:22:13 - [TEST_STEP][PASSED] - click(findTestObject("Object Repository/Page_cabi Order Items/a_next")): Object: 'Object Repository/Page_cabi Order Items/a_next' is clicked on

2019-09-19 17:22:13 - [MESSAGE][PASSED] - Object: 'Object Repository/Page_cabi Order Items/a_next' is clicked on

2019-09-19 17:22:13 - [TEST_STEP][PASSED] - delay(3): Delayed 3 second(s)

2019-09-19 17:22:16 - [MESSAGE][PASSED] - Delayed 3 second(s)

2019-09-19 17:22:16 - [TEST_STEP][PASSED] - noDTYMsg = findWebElements(findTestObject("Object Repository/Page_cabi Shipping/label_DTYMsg1"), 5): Unable to find the element located by 'By.xpath: //div[@id='shipping-info-section']/div/label[1]'. Please recheck the objects properties to make sure the desired element is located. 

2019-09-19 17:22:21 - [MESSAGE][INFO] - Unable to find the element located by 'By.xpath: //div[@id='shipping-info-section']/div/label[1]'. Please recheck the objects properties to make sure the desired element is located. 

2019-09-19 17:22:21 - [TEST_STEP][PASSED] - if (noDTYMsg.size() > 0): null

2019-09-19 17:22:21 - [TEST_STEP][PASSED] - noDTYCheck = findWebElements(findTestObject("Object Repository/Page_cabi Shipping/check_as_dty_order"), 5): Unable to find the element located by 'By.xpath: //div[@id='shipping-info-section']/div/label/input[@id='toggleShipNow']'. Please recheck the objects properties to make sure the desired element is located. 

2019-09-19 17:22:26 - [MESSAGE][INFO] - Unable to find the element located by 'By.xpath: //div[@id='shipping-info-section']/div/label/input[@id='toggleShipNow']'. Please recheck the objects properties to make sure the desired element is located. 

2019-09-19 17:22:26 - [TEST_STEP][PASSED] - if (noDTYCheck.size() > 0): null

2019-09-19 17:22:26 - [TEST_STEP][PASSED] - delay(5): Delayed 5 second(s)

2019-09-19 17:22:31 - [MESSAGE][PASSED] - Delayed 5 second(s)

2019-09-19 17:22:31 - [TEST_STEP][PASSED] - click(findTestObject("Object Repository/Page_cabi Shipping/a_show_order_checkout_next")): Object: 'Object Repository/Page_cabi Shipping/a_show_order_checkout_next' is clicked on

2019-09-19 17:22:32 - [MESSAGE][PASSED] - Object: 'Object Repository/Page_cabi Shipping/a_show_order_checkout_next' is clicked on

2019-09-19 17:22:32 - [TEST_STEP][PASSED] - delay(1): Delayed 1 second(s)

2019-09-19 17:22:33 - [MESSAGE][PASSED] - Delayed 1 second(s)

2019-09-19 17:22:33 - [TEST_STEP][PASSED] - click(findTestObject("Object Repository/Page_cabi Shipping/a_make_first_payment")): Object: 'Object Repository/Page_cabi Shipping/a_make_first_payment' is clicked on

2019-09-19 17:22:34 - [MESSAGE][PASSED] - Object: 'Object Repository/Page_cabi Shipping/a_make_first_payment' is clicked on

2019-09-19 17:22:34 - [TEST_STEP][PASSED] - delay(3): Delayed 3 second(s)

2019-09-19 17:22:37 - [MESSAGE][PASSED] - Delayed 3 second(s)

2019-09-19 17:22:37 - [TEST_STEP][PASSED] - DTYMsgs = findWebElements(findTestObject("Object Repository/Page_cabi Shipping/li_DTY_payment_info"), 5): null

2019-09-19 17:22:37 - [TEST_STEP][PASSED] - if (DTYMsgs.size() > 0): null

2019-09-19 17:22:37 - [TEST_STEP][PASSED] - sa.assertTrue(false): null

2019-09-19 17:22:37 - [TEST_STEP][PASSED] - callTestCase(findTestCase("TestCaseUtilities/showOrderPaeymentCC"), [:], STOP_ON_FAILURE): Call Test Case 'Test Cases/TestCaseUtilities/showOrderPaeymentCC' successfully

2019-09-19 17:22:37 - [TEST_CASE][PASSED] - Test Cases/TestCaseUtilities/showOrderPaeymentCC: Test Cases/TestCaseUtilities/showOrderPaeymentCC

2019-09-19 17:22:37 - [TEST_STEP][PASSED] - driver = getWebDriver(): null

2019-09-19 17:22:37 - [TEST_STEP][PASSED] - executor = driver: null

2019-09-19 17:22:37 - [TEST_STEP][PASSED] - click(findTestObject("Object Repository/Page_cabi Shipping/select_payment_options_select")): Object: 'Object Repository/Page_cabi Shipping/select_payment_options_select' is clicked on

2019-09-19 17:22:37 - [MESSAGE][PASSED] - Object: 'Object Repository/Page_cabi Shipping/select_payment_options_select' is clicked on

2019-09-19 17:22:37 - [TEST_STEP][PASSED] - click(findTestObject("Object Repository/Page_cabi Shipping/select_payment_options_new_cc")): Object: 'Object Repository/Page_cabi Shipping/select_payment_options_new_cc' is clicked on

2019-09-19 17:22:38 - [MESSAGE][PASSED] - Object: 'Object Repository/Page_cabi Shipping/select_payment_options_new_cc' is clicked on

2019-09-19 17:22:38 - [TEST_STEP][PASSED] - delay(3): Delayed 3 second(s)

2019-09-19 17:22:41 - [MESSAGE][PASSED] - Delayed 3 second(s)

2019-09-19 17:22:41 - [TEST_STEP][PASSED] - executor.executeScript("arguments[0].click();", findWebElement(findTestObject("Object Repository/Page_cabi Shipping/select_payment_visa"), 10)): null

2019-09-19 17:22:41 - [TEST_STEP][PASSED] - setText(findTestObject("Object Repository/Page_cabi Shipping/select_payment_fname"), "abcd"): Text 'abcd' is set on object 'Object Repository/Page_cabi Shipping/select_payment_fname'

2019-09-19 17:22:41 - [MESSAGE][PASSED] - Text 'abcd' is set on object 'Object Repository/Page_cabi Shipping/select_payment_fname'

2019-09-19 17:22:41 - [TEST_STEP][PASSED] - setText(findTestObject("Object Repository/Page_cabi Shipping/select_payment_lname"), "fghi"): Text 'fghi' is set on object 'Object Repository/Page_cabi Shipping/select_payment_lname'

2019-09-19 17:22:41 - [MESSAGE][PASSED] - Text 'fghi' is set on object 'Object Repository/Page_cabi Shipping/select_payment_lname'

2019-09-19 17:22:41 - [TEST_STEP][PASSED] - setText(findTestObject("Object Repository/Page_cabi Shipping/select_payment_card_number"), "4111111111111111"): Text '4111111111111111' is set on object 'Object Repository/Page_cabi Shipping/select_payment_card_number'

2019-09-19 17:22:41 - [MESSAGE][PASSED] - Text '4111111111111111' is set on object 'Object Repository/Page_cabi Shipping/select_payment_card_number'

2019-09-19 17:22:41 - [TEST_STEP][PASSED] - click(findTestObject("Object Repository/Page_cabi Shipping/select_payment_exp_date_month")): Object: 'Object Repository/Page_cabi Shipping/select_payment_exp_date_month' is clicked on

2019-09-19 17:22:41 - [MESSAGE][PASSED] - Object: 'Object Repository/Page_cabi Shipping/select_payment_exp_date_month' is clicked on

2019-09-19 17:22:41 - [TEST_STEP][PASSED] - click(findTestObject("Object Repository/Page_cabi Shipping/select_payment_exp_date_year")): Object: 'Object Repository/Page_cabi Shipping/select_payment_exp_date_year' is clicked on

2019-09-19 17:22:41 - [MESSAGE][PASSED] - Object: 'Object Repository/Page_cabi Shipping/select_payment_exp_date_year' is clicked on

2019-09-19 17:22:41 - [TEST_STEP][PASSED] - executor.executeScript("arguments[0].click();", findWebElement(findTestObject("Object Repository/Page_cabi Shipping/input_select_billing_add_same_as_mailing_add"), 10)): null

2019-09-19 17:22:41 - [TEST_STEP][PASSED] - delay(3): Delayed 3 second(s)

2019-09-19 17:22:44 - [MESSAGE][PASSED] - Delayed 3 second(s)

2019-09-19 17:22:44 - [TEST_STEP][PASSED] - executor.executeScript("arguments[0].click();", findWebElement(findTestObject("Object Repository/Page_cabi Shipping/a_save_shipping_info"), 10)): null

2019-09-19 17:22:48 - [TEST_STEP][PASSED] - delay(2): Delayed 2 second(s)

2019-09-19 17:22:50 - [MESSAGE][PASSED] - Delayed 2 second(s)

2019-09-19 17:22:50 - [TEST_STEP][PASSED] - executor.executeScript("arguments[0].click();", findWebElement(findTestObject("Object Repository/Page_cabi Shipping/a_review_order"), 10)): null

2019-09-19 17:22:50 - [TEST_STEP][PASSED] - delay(2): Delayed 2 second(s)

2019-09-19 17:22:52 - [MESSAGE][PASSED] - Delayed 2 second(s)

2019-09-19 17:22:52 - [MESSAGE][PASSED] - Call Test Case 'Test Cases/TestCaseUtilities/showOrderPaeymentCC' successfully

2019-09-19 17:22:52 - [TEST_STEP][PASSED] - executor.executeScript("arguments[0].click();", findWebElement(findTestObject("Object Repository/Page_cabi Shipping/a_submit_order"), 10)): null

2019-09-19 17:22:53 - [TEST_STEP][PASSED] - click(findTestObject("Object Repository/Page_cabi Shipping/a_order_view")): Object: 'Object Repository/Page_cabi Shipping/a_order_view' is clicked on

2019-09-19 17:22:56 - [MESSAGE][PASSED] - Object: 'Object Repository/Page_cabi Shipping/a_order_view' is clicked on

2019-09-19 17:22:56 - [TEST_STEP][PASSED] - actualOrderStatus = getText(findTestObject("Object Repository/Page_cabi Shipping/span_order_status")): Text of object 'Object Repository/Page_cabi Shipping/span_order_status' is: 'ORDER STATUS : OPEN 
ORDER # SH708243622  '

2019-09-19 17:22:56 - [MESSAGE][PASSED] - Text of object 'Object Repository/Page_cabi Shipping/span_order_status' is: 'ORDER STATUS : OPEN 
ORDER # SH708243622  '

2019-09-19 17:22:56 - [TEST_STEP][PASSED] - expectedOrderStatus = "OPEN": null

2019-09-19 17:22:56 - [TEST_STEP][PASSED] - sa.assertTrue(actualOrderStatus.contains(expectedOrderStatus)): null

2019-09-19 17:22:56 - [TEST_STEP][PASSED] - println(actualOrderStatus): null

2019-09-19 17:22:56 - [TEST_STEP][PASSED] - click(findTestObject("Object Repository/Page_cabi Shipping/a_back_to_orders")): Object: 'Object Repository/Page_cabi Shipping/a_back_to_orders' is clicked on

2019-09-19 17:22:57 - [MESSAGE][PASSED] - Object: 'Object Repository/Page_cabi Shipping/a_back_to_orders' is clicked on

2019-09-19 17:22:57 - [TEST_STEP][PASSED] - delay(2): Delayed 2 second(s)

2019-09-19 17:22:59 - [MESSAGE][PASSED] - Delayed 2 second(s)]]></system-out>
         <system-err><![CDATA[]]></system-err>
      </testcase>
      <testcase name="Test Cases/VirtualShow/BODTY/DTYNotEligible" classname="Test Cases/VirtualShow/BODTY/DTYNotEligible" status="PASSED">
         <system-out><![CDATA[2019-09-19 17:22:59 - [TEST_CASE][PASSED] - Test Cases/VirtualShow/BODTY/DTYNotEligible: Test Cases/VirtualShow/BODTY/DTYNotEligible

2019-09-19 17:23:00 - [TEST_STEP][PASSED] - Start listener action : sampleBeforeTestCase: null

2019-09-19 17:23:00 - [TEST_STEP][PASSED] - println(testCaseContext.getTestCaseId()): null

2019-09-19 17:23:00 - [TEST_STEP][PASSED] - println(testCaseContext.getTestCaseVariables()): null

2019-09-19 17:23:00 - [TEST_STEP][PASSED] - sa = new org.testng.asserts.SoftAssert(): null

2019-09-19 17:23:00 - [TEST_STEP][PASSED] - dataFile = "virtualShowData": null

2019-09-19 17:23:00 - [TEST_STEP][PASSED] - guest1 = findTestData(dataFile).getValue("guest1", 1): null

2019-09-19 17:23:00 - [TEST_STEP][PASSED] - guest2 = findTestData(dataFile).getValue("guest2", 1): null

2019-09-19 17:23:00 - [TEST_STEP][PASSED] - hostess = findTestData(dataFile).getValue("hostess", 1): null

2019-09-19 17:23:00 - [TEST_STEP][PASSED] - cohostess = findTestData(dataFile).getValue("cohostess", 1): null

2019-09-19 17:23:00 - [TEST_STEP][PASSED] - dfMM = new java.text.SimpleDateFormat(MM): null

2019-09-19 17:23:00 - [TEST_STEP][PASSED] - dfDD = new java.text.SimpleDateFormat(dd): null

2019-09-19 17:23:00 - [TEST_STEP][PASSED] - dfYYYY = new java.text.SimpleDateFormat(yyyy): null

2019-09-19 17:23:00 - [TEST_STEP][PASSED] - today = getInstance().getTime(): null

2019-09-19 17:23:00 - [TEST_STEP][PASSED] - c = Calendar.getInstance(): null

2019-09-19 17:23:00 - [TEST_STEP][PASSED] - c.setTime(today): null

2019-09-19 17:23:00 - [TEST_STEP][PASSED] - c.add(DATE, 3): null

2019-09-19 17:23:00 - [TEST_STEP][PASSED] - newShowDate = c.getTime(): null

2019-09-19 17:23:00 - [TEST_STEP][PASSED] - vsyear = dfYYYY.format(newShowDate): null

2019-09-19 17:23:00 - [TEST_STEP][PASSED] - vsmonth = dfMM.format(newShowDate): null

2019-09-19 17:23:00 - [TEST_STEP][PASSED] - vsday = dfDD.format(newShowDate): null

2019-09-19 17:23:00 - [TEST_STEP][PASSED] - c.add(DATE, -2): null

2019-09-19 17:23:00 - [TEST_STEP][PASSED] - showEligDate = c.getTime(): null

2019-09-19 17:23:00 - [TEST_STEP][PASSED] - vsyearElig = dfYYYY.format(showEligDate): null

2019-09-19 17:23:00 - [TEST_STEP][PASSED] - vsmonthElig = dfMM.format(showEligDate): null

2019-09-19 17:23:00 - [TEST_STEP][PASSED] - vsdayElig = dfDD.format(showEligDate): null

2019-09-19 17:23:00 - [TEST_STEP][PASSED] - println(UtilityMethods.concat("from DTY: ", vsday, " ", vsmonth, " ", vsyear)): null

2019-09-19 17:23:00 - [TEST_STEP][PASSED] - callTestCase(findTestCase("VirtualShow/createAPhysicalShow"), ["BOURL":"", "BOuser":"", "BOpass":"", "hostess":"", "cohostess":"", "vsday":vsday, "vsmonth":vsmonth, "vsyear":vsyear], STOP_ON_FAILURE): Call Test Case 'Test Cases/VirtualShow/createAPhysicalShow' successfully

2019-09-19 17:23:00 - [TEST_CASE][PASSED] - Test Cases/VirtualShow/createAPhysicalShow: Test Cases/VirtualShow/createAPhysicalShow

2019-09-19 17:23:00 - [TEST_STEP][PASSED] - dataFile = "virtualShowData": null

2019-09-19 17:23:00 - [TEST_STEP][PASSED] - stylist = findTestData(dataFile).getValue("stylist", 1): null

2019-09-19 17:23:00 - [TEST_STEP][PASSED] - hostess = findTestData(dataFile).getValue("hostess", 1): null

2019-09-19 17:23:01 - [TEST_STEP][PASSED] - cohostess = findTestData(dataFile).getValue("cohostess", 1): null

2019-09-19 17:23:01 - [TEST_STEP][PASSED] - guest1 = findTestData(dataFile).getValue("guest1", 1): null

2019-09-19 17:23:01 - [TEST_STEP][PASSED] - guest2 = findTestData(dataFile).getValue("guest2", 1): null

2019-09-19 17:23:01 - [TEST_STEP][PASSED] - verifyGuestCount = findTestData(dataFile).getValue("verifyGuestCount", 1): null

2019-09-19 17:23:01 - [TEST_STEP][PASSED] - RSTestEnvt = findTestData("envtData").getValue("RSTestEnvt", 1): null

2019-09-19 17:23:01 - [TEST_STEP][PASSED] - openBrowser(""): Browser is opened with url: ''

2019-09-19 17:23:01 - [MESSAGE][WARNING] - A browser is already opened. Closing browser and opening a new one

2019-09-19 17:23:02 - [MESSAGE][INFO] - Starting 'Chrome' driver

2019-09-19 17:23:02 - [MESSAGE][INFO] - User set preference: ['args', '[--use-fake-ui-for-media-stream, --start-maximized]']

2019-09-19 17:23:04 - [MESSAGE][PASSED] - Browser is opened with url: ''

2019-09-19 17:23:04 - [TEST_STEP][PASSED] - callTestCase(findTestCase("TestCaseUtilities/backOfficeLogin"), ["BOURL":"", "BOuser":"", "BOpass":""], CONTINUE_ON_FAILURE): Call Test Case 'Test Cases/TestCaseUtilities/backOfficeLogin' successfully

2019-09-19 17:23:04 - [TEST_CASE][PASSED] - Test Cases/TestCaseUtilities/backOfficeLogin: Test Cases/TestCaseUtilities/backOfficeLogin

2019-09-19 17:23:04 - [TEST_STEP][PASSED] - BOURL = findTestData("envtData").getValue("BOURL", 1): null

2019-09-19 17:23:04 - [TEST_STEP][PASSED] - BOuser = findTestData("credData").getValue("BOuser", 1): null

2019-09-19 17:23:04 - [TEST_STEP][PASSED] - BOpass = findTestData("credData").getValue("BOpass", 1): null

2019-09-19 17:23:04 - [TEST_STEP][PASSED] - openBrowser(""): Browser is opened with url: ''

2019-09-19 17:23:04 - [MESSAGE][WARNING] - A browser is already opened. Closing browser and opening a new one

2019-09-19 17:23:05 - [MESSAGE][INFO] - Starting 'Chrome' driver

2019-09-19 17:23:05 - [MESSAGE][INFO] - User set preference: ['args', '[--use-fake-ui-for-media-stream, --start-maximized]']

2019-09-19 17:23:07 - [MESSAGE][PASSED] - Browser is opened with url: ''

2019-09-19 17:23:07 - [TEST_STEP][PASSED] - navigateToUrl(BOURL): Navigate to 'https://test21.cliotest.com/backoffice/control/main' successfully

2019-09-19 17:23:17 - [MESSAGE][PASSED] - Navigate to 'https://test21.cliotest.com/backoffice/control/main' successfully

2019-09-19 17:23:17 - [TEST_STEP][PASSED] - logOut = findWebElements(findTestObject("Object Repository/Page_cabi Home/log_out"), 1): Unable to find the element located by 'By.xpath: //a[contains(text(),'Log Out')]'. Please recheck the objects properties to make sure the desired element is located. 

2019-09-19 17:23:18 - [MESSAGE][INFO] - Unable to find the element located by 'By.xpath: //a[contains(text(),'Log Out')]'. Please recheck the objects properties to make sure the desired element is located. 

2019-09-19 17:23:18 - [TEST_STEP][PASSED] - if (logOut.size() == 0): Object: 'Object Repository/Page_cabi/input_Welcome to_consultantLogin' is clicked on

2019-09-19 17:23:18 - [TEST_STEP][PASSED] - setText(findTestObject("Page_cabi/input_Welcome to_USERNAME"), BOuser): Text '400000002' is set on object 'Object Repository/Page_cabi/input_Welcome to_USERNAME'

2019-09-19 17:23:18 - [MESSAGE][PASSED] - Text '400000002' is set on object 'Object Repository/Page_cabi/input_Welcome to_USERNAME'

2019-09-19 17:23:18 - [TEST_STEP][PASSED] - setText(findTestObject("Object Repository/Page_cabi/input_Welcome to_PASSWORD"), BOpass): Text 'blackdress19' is set on object 'Object Repository/Page_cabi/input_Welcome to_PASSWORD'

2019-09-19 17:23:18 - [MESSAGE][PASSED] - Text 'blackdress19' is set on object 'Object Repository/Page_cabi/input_Welcome to_PASSWORD'

2019-09-19 17:23:18 - [TEST_STEP][PASSED] - click(findTestObject("Object Repository/Page_cabi/input_Welcome to_consultantLogin")): Object: 'Object Repository/Page_cabi/input_Welcome to_consultantLogin' is clicked on

2019-09-19 17:23:28 - [MESSAGE][PASSED] - Object: 'Object Repository/Page_cabi/input_Welcome to_consultantLogin' is clicked on

2019-09-19 17:23:28 - [TEST_STEP][PASSED] - delay(3): Delayed 3 second(s)

2019-09-19 17:23:31 - [MESSAGE][PASSED] - Delayed 3 second(s)

2019-09-19 17:23:31 - [MESSAGE][PASSED] - Call Test Case 'Test Cases/TestCaseUtilities/backOfficeLogin' successfully

2019-09-19 17:23:31 - [TEST_STEP][PASSED] - verifyElementText(findTestObject("Object Repository/virualShowRSVPOR/Page_cabi/span_username"), stylist): Actual text and expected text of test object 'Object Repository/virualShowRSVPOR/Page_cabi/span_username' are matched.

2019-09-19 17:23:31 - [MESSAGE][PASSED] - Actual text and expected text of test object 'Object Repository/virualShowRSVPOR/Page_cabi/span_username' are matched.

2019-09-19 17:23:31 - [TEST_STEP][PASSED] - click(findTestObject("Object Repository/virualShowRSVPOR/Page_cabi Home/a_shows _orders")): Object: 'Object Repository/virualShowRSVPOR/Page_cabi Home/a_shows _orders' is clicked on

2019-09-19 17:23:31 - [MESSAGE][PASSED] - Object: 'Object Repository/virualShowRSVPOR/Page_cabi Home/a_shows _orders' is clicked on

2019-09-19 17:23:31 - [TEST_STEP][PASSED] - click(findTestObject("Object Repository/virualShowRSVPOR/Page_cabi Home/a_Create_A_Show")): Object: 'Object Repository/virualShowRSVPOR/Page_cabi Home/a_Create_A_Show' is clicked on

2019-09-19 17:23:34 - [MESSAGE][PASSED] - Object: 'Object Repository/virualShowRSVPOR/Page_cabi Home/a_Create_A_Show' is clicked on

2019-09-19 17:23:34 - [TEST_STEP][PASSED] - setText(findTestObject("Object Repository/virualShowRSVPOR/Page_cabi Create Show - Set Hostess/input_Hostess"), hostess): Text 'ahostess-test abc' is set on object 'Object Repository/virualShowRSVPOR/Page_cabi Create Show - Set Hostess/input_Hostess'

2019-09-19 17:23:34 - [MESSAGE][PASSED] - Text 'ahostess-test abc' is set on object 'Object Repository/virualShowRSVPOR/Page_cabi Create Show - Set Hostess/input_Hostess'

2019-09-19 17:23:34 - [TEST_STEP][PASSED] - delay(2): Delayed 2 second(s)

2019-09-19 17:23:36 - [MESSAGE][PASSED] - Delayed 2 second(s)

2019-09-19 17:23:36 - [TEST_STEP][PASSED] - sendKeys(findTestObject("Object Repository/virualShowRSVPOR/Page_cabi Create Show - Set Hostess/input_Hostess"), Keys.chord(ARROW_DOWN)): Keys 'DOWN + ' sent to object: 'Object Repository/virualShowRSVPOR/Page_cabi Create Show - Set Hostess/input_Hostess'

2019-09-19 17:23:36 - [MESSAGE][PASSED] - Keys 'DOWN + ' sent to object: 'Object Repository/virualShowRSVPOR/Page_cabi Create Show - Set Hostess/input_Hostess'

2019-09-19 17:23:36 - [TEST_STEP][PASSED] - sendKeys(findTestObject("Object Repository/virualShowRSVPOR/Page_cabi Create Show - Set Hostess/input_Hostess"), Keys.chord(ENTER)): Keys 'ENTER + ' sent to object: 'Object Repository/virualShowRSVPOR/Page_cabi Create Show - Set Hostess/input_Hostess'

2019-09-19 17:23:36 - [MESSAGE][PASSED] - Keys 'ENTER + ' sent to object: 'Object Repository/virualShowRSVPOR/Page_cabi Create Show - Set Hostess/input_Hostess'

2019-09-19 17:23:36 - [TEST_STEP][PASSED] - delay(2): Delayed 2 second(s)

2019-09-19 17:23:38 - [MESSAGE][PASSED] - Delayed 2 second(s)

2019-09-19 17:23:38 - [TEST_STEP][PASSED] - validateHostessAddressMsg = findWebElements(findTestObject("Object Repository/virualShowRSVPOR/Page_cabi Create Show - Set Hostess/validate_address_msg"), 5): null

2019-09-19 17:23:38 - [TEST_STEP][PASSED] - println(validateHostessAddressMsg.size()): null

2019-09-19 17:23:38 - [TEST_STEP][PASSED] - if (validateHostessAddressMsg.isEmpty()): null

2019-09-19 17:23:38 - [TEST_STEP][PASSED] - selectOptionByValue(findTestObject("Object Repository/virualShowRSVPOR/Page_cabi Create Show - Set Hostess/select_Choose_From_Contacts_Co-Hostess"), "3", true): All options with value '3' are selected in object 'Object Repository/virualShowRSVPOR/Page_cabi Create Show - Set Hostess/select_Choose_From_Contacts_Co-Hostess'  using regular expression

2019-09-19 17:23:39 - [MESSAGE][PASSED] - All options with value '3' are selected in object 'Object Repository/virualShowRSVPOR/Page_cabi Create Show - Set Hostess/select_Choose_From_Contacts_Co-Hostess'  using regular expression

2019-09-19 17:23:39 - [TEST_STEP][PASSED] - setText(findTestObject("Object Repository/virualShowRSVPOR/Page_cabi Create Show - Set Hostess/input_Cohostess"), cohostess): Text 'bcohost-test abc' is set on object 'Object Repository/virualShowRSVPOR/Page_cabi Create Show - Set Hostess/input_Cohostess'

2019-09-19 17:23:39 - [MESSAGE][PASSED] - Text 'bcohost-test abc' is set on object 'Object Repository/virualShowRSVPOR/Page_cabi Create Show - Set Hostess/input_Cohostess'

2019-09-19 17:23:39 - [TEST_STEP][PASSED] - delay(2): Delayed 2 second(s)

2019-09-19 17:23:41 - [MESSAGE][PASSED] - Delayed 2 second(s)

2019-09-19 17:23:41 - [TEST_STEP][PASSED] - sendKeys(findTestObject("Object Repository/virualShowRSVPOR/Page_cabi Create Show - Set Hostess/input_Cohostess"), Keys.chord(ARROW_DOWN)): Keys 'DOWN + ' sent to object: 'Object Repository/virualShowRSVPOR/Page_cabi Create Show - Set Hostess/input_Cohostess'

2019-09-19 17:23:41 - [MESSAGE][PASSED] - Keys 'DOWN + ' sent to object: 'Object Repository/virualShowRSVPOR/Page_cabi Create Show - Set Hostess/input_Cohostess'

2019-09-19 17:23:41 - [TEST_STEP][PASSED] - sendKeys(findTestObject("Object Repository/virualShowRSVPOR/Page_cabi Create Show - Set Hostess/input_Cohostess"), Keys.chord(ENTER)): Keys 'ENTER + ' sent to object: 'Object Repository/virualShowRSVPOR/Page_cabi Create Show - Set Hostess/input_Cohostess'

2019-09-19 17:23:41 - [MESSAGE][PASSED] - Keys 'ENTER + ' sent to object: 'Object Repository/virualShowRSVPOR/Page_cabi Create Show - Set Hostess/input_Cohostess'

2019-09-19 17:23:41 - [TEST_STEP][PASSED] - delay(3): Delayed 3 second(s)

2019-09-19 17:23:44 - [MESSAGE][PASSED] - Delayed 3 second(s)

2019-09-19 17:23:44 - [TEST_STEP][PASSED] - validateHostessAddressMsg = findWebElements(findTestObject("Object Repository/virualShowRSVPOR/Page_cabi Create Show - Set Hostess/validate_address_msg"), 5): null

2019-09-19 17:23:44 - [TEST_STEP][PASSED] - if (validateHostessAddressMsg.size() != 4): null

2019-09-19 17:23:44 - [TEST_STEP][PASSED] - click(findTestObject("Object Repository/virualShowRSVPOR/Page_cabi Create Show - Set Hostess/input_next")): Object: 'Object Repository/virualShowRSVPOR/Page_cabi Create Show - Set Hostess/input_next' is clicked on

2019-09-19 17:23:47 - [MESSAGE][PASSED] - Object: 'Object Repository/virualShowRSVPOR/Page_cabi Create Show - Set Hostess/input_next' is clicked on

2019-09-19 17:23:47 - [TEST_STEP][PASSED] - click(findTestObject("Object Repository/virualShowRSVPOR/Page_cabi Create Show - Time and Place/check_Physical_Show")): Object: 'Object Repository/virualShowRSVPOR/Page_cabi Create Show - Time and Place/check_Physical_Show' is clicked on

2019-09-19 17:23:47 - [MESSAGE][PASSED] - Object: 'Object Repository/virualShowRSVPOR/Page_cabi Create Show - Time and Place/check_Physical_Show' is clicked on

2019-09-19 17:23:47 - [TEST_STEP][PASSED] - click(findTestObject("Object Repository/virualShowRSVPOR/Page_cabi Create Show - Time and Place/input_Show_Date_Time")): Object: 'Object Repository/virualShowRSVPOR/Page_cabi Create Show - Time and Place/input_Show_Date_Time' is clicked on

2019-09-19 17:23:47 - [MESSAGE][PASSED] - Object: 'Object Repository/virualShowRSVPOR/Page_cabi Create Show - Time and Place/input_Show_Date_Time' is clicked on

2019-09-19 17:23:47 - [TEST_STEP][PASSED] - println(UtilityMethods.concat(" ", vsday, " ", vsmonth, " ", vsyear)): null

2019-09-19 17:23:47 - [TEST_STEP][PASSED] - year = vsyear: null

2019-09-19 17:23:47 - [TEST_STEP][PASSED] - month = vsmonth: null

2019-09-19 17:23:47 - [TEST_STEP][PASSED] - day = vsday: null

2019-09-19 17:23:47 - [TEST_STEP][PASSED] - pastdate = findTestData("virtualShowData").getValue("pastdate", 1): null

2019-09-19 17:23:47 - [TEST_STEP][PASSED] - xpath = UtilityMethods.concat("//td[@data-month='" + month - 1 + "' and @data-year='" + year + "']/a[contains(text(), '" + day + "')]"): null

2019-09-19 17:23:47 - [TEST_STEP][PASSED] - dateObj = new com.kms.katalon.core.testobject.TestObject(td_month_year_day): null

2019-09-19 17:23:47 - [TEST_STEP][PASSED] - dateObj.addProperty("xpath", EQUALS, xpath): null

2019-09-19 17:23:47 - [TEST_STEP][PASSED] - monthBound = 12: null

2019-09-19 17:23:47 - [TEST_STEP][PASSED] - dateObjList = findWebElements(dateObj, 5): null

2019-09-19 17:23:47 - [TEST_STEP][PASSED] - while (dateObjList.size() == 0 && monthBound > 0): null

2019-09-19 17:23:47 - [TEST_STEP][PASSED] - click(dateObj): Object: 'td_month_year_day' is clicked on

2019-09-19 17:23:47 - [MESSAGE][PASSED] - Object: 'td_month_year_day' is clicked on

2019-09-19 17:23:47 - [TEST_STEP][PASSED] - click(findTestObject("Object Repository/virualShowRSVPOR/Page_cabi Create Show - Time and Place/a_select_End_Time")): Object: 'Object Repository/virualShowRSVPOR/Page_cabi Create Show - Time and Place/a_select_End_Time' is clicked on

2019-09-19 17:23:48 - [MESSAGE][PASSED] - Object: 'Object Repository/virualShowRSVPOR/Page_cabi Create Show - Time and Place/a_select_End_Time' is clicked on

2019-09-19 17:23:48 - [TEST_STEP][PASSED] - delay(2): Delayed 2 second(s)

2019-09-19 17:23:50 - [MESSAGE][PASSED] - Delayed 2 second(s)

2019-09-19 17:23:50 - [TEST_STEP][PASSED] - click(findTestObject("virualShowRSVPOR/Page_cabi Create Show - Time and Place/check_show_address_same_as_hostess")): Object: 'Object Repository/virualShowRSVPOR/Page_cabi Create Show - Time and Place/check_show_address_same_as_hostess' is clicked on

2019-09-19 17:23:50 - [MESSAGE][PASSED] - Object: 'Object Repository/virualShowRSVPOR/Page_cabi Create Show - Time and Place/check_show_address_same_as_hostess' is clicked on

2019-09-19 17:23:50 - [TEST_STEP][PASSED] - delay(2): Delayed 2 second(s)

2019-09-19 17:23:52 - [MESSAGE][PASSED] - Delayed 2 second(s)

2019-09-19 17:23:52 - [TEST_STEP][PASSED] - click(findTestObject("Object Repository/virualShowRSVPOR/Page_cabi Create Show - Time and Place/check_shipping_address_same_as_location")): Object: 'Object Repository/virualShowRSVPOR/Page_cabi Create Show - Time and Place/check_shipping_address_same_as_location' is clicked on

2019-09-19 17:23:52 - [MESSAGE][PASSED] - Object: 'Object Repository/virualShowRSVPOR/Page_cabi Create Show - Time and Place/check_shipping_address_same_as_location' is clicked on

2019-09-19 17:23:52 - [TEST_STEP][PASSED] - delay(2): Delayed 2 second(s)

2019-09-19 17:23:54 - [MESSAGE][PASSED] - Delayed 2 second(s)

2019-09-19 17:23:54 - [TEST_STEP][PASSED] - click(findTestObject("Object Repository/virualShowRSVPOR/Page_cabi Create Show - Time and Place/input_next")): Object: 'Object Repository/virualShowRSVPOR/Page_cabi Create Show - Time and Place/input_next' is clicked on

2019-09-19 17:23:54 - [MESSAGE][PASSED] - Object: 'Object Repository/virualShowRSVPOR/Page_cabi Create Show - Time and Place/input_next' is clicked on

2019-09-19 17:23:54 - [TEST_STEP][PASSED] - delay(5): Delayed 5 second(s)

2019-09-19 17:23:59 - [MESSAGE][PASSED] - Delayed 5 second(s)

2019-09-19 17:23:59 - [TEST_STEP][PASSED] - click(findTestObject("Object Repository/virualShowRSVPOR/Page_cabi Create Show - Invite Hostess/input_Skip_Invite")): Object: 'Object Repository/virualShowRSVPOR/Page_cabi Create Show - Invite Hostess/input_Skip_Invite' is clicked on

2019-09-19 17:24:01 - [MESSAGE][PASSED] - Object: 'Object Repository/virualShowRSVPOR/Page_cabi Create Show - Invite Hostess/input_Skip_Invite' is clicked on

2019-09-19 17:24:01 - [TEST_STEP][PASSED] - setText(findTestObject("Object Repository/virualShowRSVPOR/Page_cabi Edit Show - Add Guests/contact_search_box"), guest1): Text 'guest1-test abc' is set on object 'Object Repository/virualShowRSVPOR/Page_cabi Edit Show - Add Guests/contact_search_box'

2019-09-19 17:24:01 - [MESSAGE][PASSED] - Text 'guest1-test abc' is set on object 'Object Repository/virualShowRSVPOR/Page_cabi Edit Show - Add Guests/contact_search_box'

2019-09-19 17:24:01 - [TEST_STEP][PASSED] - delay(2): Delayed 2 second(s)

2019-09-19 17:24:03 - [MESSAGE][PASSED] - Delayed 2 second(s)

2019-09-19 17:24:03 - [TEST_STEP][PASSED] - sendKeys(findTestObject("Object Repository/virualShowRSVPOR/Page_cabi Edit Show - Add Guests/contact_search_box"), Keys.chord(ARROW_DOWN)): Keys 'DOWN + ' sent to object: 'Object Repository/virualShowRSVPOR/Page_cabi Edit Show - Add Guests/contact_search_box'

2019-09-19 17:24:03 - [MESSAGE][PASSED] - Keys 'DOWN + ' sent to object: 'Object Repository/virualShowRSVPOR/Page_cabi Edit Show - Add Guests/contact_search_box'

2019-09-19 17:24:03 - [TEST_STEP][PASSED] - sendKeys(findTestObject("Object Repository/virualShowRSVPOR/Page_cabi Edit Show - Add Guests/contact_search_box"), Keys.chord(ENTER)): Keys 'ENTER + ' sent to object: 'Object Repository/virualShowRSVPOR/Page_cabi Edit Show - Add Guests/contact_search_box'

2019-09-19 17:24:03 - [MESSAGE][PASSED] - Keys 'ENTER + ' sent to object: 'Object Repository/virualShowRSVPOR/Page_cabi Edit Show - Add Guests/contact_search_box'

2019-09-19 17:24:03 - [TEST_STEP][PASSED] - delay(2): Delayed 2 second(s)

2019-09-19 17:24:05 - [MESSAGE][PASSED] - Delayed 2 second(s)

2019-09-19 17:24:05 - [TEST_STEP][PASSED] - click(findTestObject("Object Repository/virualShowRSVPOR/Page_cabi Edit Show - Add Guests/a_add_guest")): Object: 'Object Repository/virualShowRSVPOR/Page_cabi Edit Show - Add Guests/a_add_guest' is clicked on

2019-09-19 17:24:06 - [MESSAGE][PASSED] - Object: 'Object Repository/virualShowRSVPOR/Page_cabi Edit Show - Add Guests/a_add_guest' is clicked on

2019-09-19 17:24:06 - [TEST_STEP][PASSED] - delay(5): Delayed 5 second(s)

2019-09-19 17:24:11 - [MESSAGE][PASSED] - Delayed 5 second(s)

2019-09-19 17:24:11 - [TEST_STEP][PASSED] - setText(findTestObject("Object Repository/virualShowRSVPOR/Page_cabi Edit Show - Add Guests/contact_search_box"), guest2): Text 'guest2-test abc' is set on object 'Object Repository/virualShowRSVPOR/Page_cabi Edit Show - Add Guests/contact_search_box'

2019-09-19 17:24:11 - [MESSAGE][PASSED] - Text 'guest2-test abc' is set on object 'Object Repository/virualShowRSVPOR/Page_cabi Edit Show - Add Guests/contact_search_box'

2019-09-19 17:24:11 - [TEST_STEP][PASSED] - delay(2): Delayed 2 second(s)

2019-09-19 17:24:13 - [MESSAGE][PASSED] - Delayed 2 second(s)

2019-09-19 17:24:13 - [TEST_STEP][PASSED] - sendKeys(findTestObject("Object Repository/virualShowRSVPOR/Page_cabi Edit Show - Add Guests/contact_search_box"), Keys.chord(ARROW_DOWN)): Keys 'DOWN + ' sent to object: 'Object Repository/virualShowRSVPOR/Page_cabi Edit Show - Add Guests/contact_search_box'

2019-09-19 17:24:13 - [MESSAGE][PASSED] - Keys 'DOWN + ' sent to object: 'Object Repository/virualShowRSVPOR/Page_cabi Edit Show - Add Guests/contact_search_box'

2019-09-19 17:24:13 - [TEST_STEP][PASSED] - sendKeys(findTestObject("Object Repository/virualShowRSVPOR/Page_cabi Edit Show - Add Guests/contact_search_box"), Keys.chord(ENTER)): Keys 'ENTER + ' sent to object: 'Object Repository/virualShowRSVPOR/Page_cabi Edit Show - Add Guests/contact_search_box'

2019-09-19 17:24:13 - [MESSAGE][PASSED] - Keys 'ENTER + ' sent to object: 'Object Repository/virualShowRSVPOR/Page_cabi Edit Show - Add Guests/contact_search_box'

2019-09-19 17:24:13 - [TEST_STEP][PASSED] - delay(2): Delayed 2 second(s)

2019-09-19 17:24:15 - [MESSAGE][PASSED] - Delayed 2 second(s)

2019-09-19 17:24:15 - [TEST_STEP][PASSED] - click(findTestObject("Object Repository/virualShowRSVPOR/Page_cabi Edit Show - Add Guests/a_add_guest")): Object: 'Object Repository/virualShowRSVPOR/Page_cabi Edit Show - Add Guests/a_add_guest' is clicked on

2019-09-19 17:24:16 - [MESSAGE][PASSED] - Object: 'Object Repository/virualShowRSVPOR/Page_cabi Edit Show - Add Guests/a_add_guest' is clicked on

2019-09-19 17:24:16 - [TEST_STEP][PASSED] - delay(2): Delayed 2 second(s)

2019-09-19 17:24:18 - [MESSAGE][PASSED] - Delayed 2 second(s)

2019-09-19 17:24:18 - [TEST_STEP][PASSED] - verifyHostess = UtilityMethods.splitPersonName(hostess): null

2019-09-19 17:24:18 - [TEST_STEP][PASSED] - verifyCohostess = UtilityMethods.splitPersonName(cohostess): null

2019-09-19 17:24:18 - [TEST_STEP][PASSED] - verifyGuest1 = UtilityMethods.splitPersonName(guest1): null

2019-09-19 17:24:18 - [TEST_STEP][PASSED] - verifyGuest2 = UtilityMethods.splitPersonName(guest2): null

2019-09-19 17:24:18 - [TEST_STEP][PASSED] - verifyElementText(findTestObject("Object Repository/virualShowRSVPOR/Page_cabi Edit Show - Add Guests/span_hostess_name"), UtilityMethods.concat(verifyHostess[1], ", ", verifyHostess[0])): Actual text and expected text of test object 'Object Repository/virualShowRSVPOR/Page_cabi Edit Show - Add Guests/span_hostess_name' are matched.

2019-09-19 17:24:18 - [MESSAGE][PASSED] - Actual text and expected text of test object 'Object Repository/virualShowRSVPOR/Page_cabi Edit Show - Add Guests/span_hostess_name' are matched.

2019-09-19 17:24:18 - [TEST_STEP][PASSED] - verifyElementText(findTestObject("Object Repository/virualShowRSVPOR/Page_cabi Edit Show - Add Guests/span_cohostess_name"), UtilityMethods.concat(verifyCohostess[1], ", ", verifyCohostess[0])): Actual text and expected text of test object 'Object Repository/virualShowRSVPOR/Page_cabi Edit Show - Add Guests/span_cohostess_name' are matched.

2019-09-19 17:24:18 - [MESSAGE][PASSED] - Actual text and expected text of test object 'Object Repository/virualShowRSVPOR/Page_cabi Edit Show - Add Guests/span_cohostess_name' are matched.

2019-09-19 17:24:18 - [TEST_STEP][PASSED] - listElement = findWebElements(findTestObject("Object Repository/virualShowRSVPOR/Page_cabi Edit Show - Add Guests/span_guest_name_list"), 5): null

2019-09-19 17:24:18 - [TEST_STEP][PASSED] - guestCount = Integer.parseInt(verifyGuestCount): null

2019-09-19 17:24:18 - [TEST_STEP][PASSED] - assert listElement.size() == guestCount: null

2019-09-19 17:24:18 - [TEST_STEP][PASSED] - flag = false: null

2019-09-19 17:24:18 - [TEST_STEP][PASSED] - for ([i = 0, i < guestCount, (i++)]): null

2019-09-19 17:24:18 - [TEST_STEP][PASSED] - flag = false: null

2019-09-19 17:24:18 - [TEST_STEP][PASSED] - if (getText().equals(UtilityMethods.concat(verifyGuest1[1], ", ", verifyGuest1[0]))): null

2019-09-19 17:24:18 - [TEST_STEP][PASSED] - flag = true: null

2019-09-19 17:24:18 - [TEST_STEP][PASSED] - if (getText().equals(UtilityMethods.concat(verifyGuest2[1], ", ", verifyGuest2[0]))): null

2019-09-19 17:24:18 - [TEST_STEP][PASSED] - flag = false: null

2019-09-19 17:24:18 - [TEST_STEP][PASSED] - if (getText().equals(UtilityMethods.concat(verifyGuest1[1], ", ", verifyGuest1[0]))): null

2019-09-19 17:24:18 - [TEST_STEP][PASSED] - if (getText().equals(UtilityMethods.concat(verifyGuest2[1], ", ", verifyGuest2[0]))): null

2019-09-19 17:24:18 - [TEST_STEP][PASSED] - flag = true: null

2019-09-19 17:24:18 - [TEST_STEP][PASSED] - assert flag == true: null

2019-09-19 17:24:18 - [TEST_STEP][PASSED] - click(findTestObject("Object Repository/virualShowRSVPOR/Page_cabi Edit Show - Add Guests/input_Next")): Object: 'Object Repository/virualShowRSVPOR/Page_cabi Edit Show - Add Guests/input_Next' is clicked on

2019-09-19 17:24:21 - [MESSAGE][PASSED] - Object: 'Object Repository/virualShowRSVPOR/Page_cabi Edit Show - Add Guests/input_Next' is clicked on

2019-09-19 17:24:21 - [TEST_STEP][PASSED] - delay(3): Delayed 3 second(s)

2019-09-19 17:24:24 - [MESSAGE][PASSED] - Delayed 3 second(s)

2019-09-19 17:24:24 - [TEST_STEP][PASSED] - click(findTestObject("Object Repository/virualShowRSVPOR/Page_cabi Edit Show - Send Invitations/input_Overview")): Object: 'Object Repository/virualShowRSVPOR/Page_cabi Edit Show - Send Invitations/input_Overview' is clicked on

2019-09-19 17:24:26 - [MESSAGE][PASSED] - Object: 'Object Repository/virualShowRSVPOR/Page_cabi Edit Show - Send Invitations/input_Overview' is clicked on

2019-09-19 17:24:26 - [TEST_STEP][PASSED] - showID = getText(findTestObject("Object Repository/virualShowRSVPOR/Page_cabi Orders/li_Show_ID_Text")): Text of object 'Object Repository/virualShowRSVPOR/Page_cabi Orders/li_Show_ID_Text' is: 'Show #: 104739735'

2019-09-19 17:24:26 - [MESSAGE][PASSED] - Text of object 'Object Repository/virualShowRSVPOR/Page_cabi Orders/li_Show_ID_Text' is: 'Show #: 104739735'

2019-09-19 17:24:26 - [TEST_STEP][PASSED] - delay(2): Delayed 2 second(s)

2019-09-19 17:24:28 - [MESSAGE][PASSED] - Delayed 2 second(s)

2019-09-19 17:24:28 - [TEST_STEP][PASSED] - driver = getWebDriver(): null

2019-09-19 17:24:28 - [TEST_STEP][PASSED] - executor = driver: null

2019-09-19 17:24:28 - [TEST_STEP][PASSED] - executor.executeScript("arguments[0].click();", findWebElement(findTestObject("Object Repository/virualShowRSVPOR/Page_cabi Orders/a_My Profile"), 5)): null

2019-09-19 17:24:29 - [TEST_STEP][PASSED] - rsName = getText(findTestObject("Object Repository/virualShowRSVPOR/Page_cabi My Profile/span_rsName")): Text of object 'Object Repository/virualShowRSVPOR/Page_cabi My Profile/span_rsName' is: 'MirandaKate'

2019-09-19 17:24:29 - [MESSAGE][PASSED] - Text of object 'Object Repository/virualShowRSVPOR/Page_cabi My Profile/span_rsName' is: 'MirandaKate'

2019-09-19 17:24:29 - [TEST_STEP][PASSED] - micrositeURL = UtilityMethods.createURL(rsName, RSTestEnvt, showID): null

2019-09-19 17:24:29 - [TEST_STEP][PASSED] - println(micrositeURL): null

2019-09-19 17:24:29 - [TEST_STEP][PASSED] - back(): Navigate back successfully

2019-09-19 17:24:30 - [MESSAGE][PASSED] - Navigate back successfully

2019-09-19 17:24:30 - [MESSAGE][PASSED] - Call Test Case 'Test Cases/VirtualShow/createAPhysicalShow' successfully

2019-09-19 17:24:30 - [TEST_STEP][PASSED] - click(findTestObject("Object Repository/virualShowRSVPOR/Page_cabi Edit Show - Send Invitations/a_orders")): Object: 'Object Repository/virualShowRSVPOR/Page_cabi Edit Show - Send Invitations/a_orders' is clicked on

2019-09-19 17:24:31 - [MESSAGE][PASSED] - Object: 'Object Repository/virualShowRSVPOR/Page_cabi Edit Show - Send Invitations/a_orders' is clicked on

2019-09-19 17:24:31 - [TEST_STEP][PASSED] - g1Vars = UtilityMethods.splitPersonName(guest1): null

2019-09-19 17:24:31 - [TEST_STEP][PASSED] - g1Var = UtilityMethods.concat(g1Vars[1], ", ", g1Vars[0]): null

2019-09-19 17:24:31 - [TEST_STEP][PASSED] - buttonPlaceOrder = UtilityMethods.createTestObject("buttoPlaceOrder", "//table[@class='show-order-table']/tbody/tr/td/span[contains(text(), '", g1Var, "')]/parent::td/following-sibling::td[1]/button"): null

2019-09-19 17:24:31 - [TEST_STEP][PASSED] - click(buttonPlaceOrder): Object: 'buttoPlaceOrder' is clicked on

2019-09-19 17:24:34 - [MESSAGE][PASSED] - Object: 'buttoPlaceOrder' is clicked on

2019-09-19 17:24:34 - [TEST_STEP][PASSED] - delay(3): Delayed 3 second(s)

2019-09-19 17:24:37 - [MESSAGE][PASSED] - Delayed 3 second(s)

2019-09-19 17:24:37 - [TEST_STEP][PASSED] - DTYMsg = UtilityMethods.concat("This order will become eligible for "Direct to You" shipping after ", vsmonthElig, "/", vsdayElig, "."): null

2019-09-19 17:24:37 - [TEST_STEP][PASSED] - println(getText(findTestObject("Object Repository/virualShowRSVPOR/DTY/label_DtyEligibility"))): Text of object 'Object Repository/virualShowRSVPOR/DTY/label_DtyEligibility' is: 'This order will become eligible for "Direct to You" shipping after 09/20.'

2019-09-19 17:24:37 - [MESSAGE][PASSED] - Text of object 'Object Repository/virualShowRSVPOR/DTY/label_DtyEligibility' is: 'This order will become eligible for "Direct to You" shipping after 09/20.'

2019-09-19 17:24:37 - [TEST_STEP][PASSED] - verifyElementText(findTestObject("Object Repository/virualShowRSVPOR/DTY/label_DtyEligibility"), DTYMsg, CONTINUE_ON_FAILURE): Actual text and expected text of test object 'Object Repository/virualShowRSVPOR/DTY/label_DtyEligibility' are matched.

2019-09-19 17:24:37 - [MESSAGE][PASSED] - Actual text and expected text of test object 'Object Repository/virualShowRSVPOR/DTY/label_DtyEligibility' are matched.

2019-09-19 17:24:37 - [TEST_STEP][PASSED] - check(findTestObject("Object Repository/Page_cabi Home/a_same_shipping_address")): Object 'Object Repository/Page_cabi Home/a_same_shipping_address' is checked

2019-09-19 17:24:37 - [MESSAGE][PASSED] - Object 'Object Repository/Page_cabi Home/a_same_shipping_address' is checked

2019-09-19 17:24:37 - [TEST_STEP][PASSED] - delay(3): Delayed 3 second(s)

2019-09-19 17:24:40 - [MESSAGE][PASSED] - Delayed 3 second(s)

2019-09-19 17:24:40 - [TEST_STEP][PASSED] - driver = getWebDriver(): null

2019-09-19 17:24:40 - [TEST_STEP][PASSED] - executor = driver: null

2019-09-19 17:24:40 - [TEST_STEP][PASSED] - executor.executeScript("arguments[0].click();", findWebElement(findTestObject("Object Repository/Page_cabi Home/a_order_items"), 5)): null

2019-09-19 17:24:40 - [TEST_STEP][PASSED] - click(findTestObject("Object Repository/Page_cabi Retail Store/span_quick_entry")): Object: 'Object Repository/Page_cabi Retail Store/span_quick_entry' is clicked on

2019-09-19 17:24:44 - [MESSAGE][PASSED] - Object: 'Object Repository/Page_cabi Retail Store/span_quick_entry' is clicked on

2019-09-19 17:24:44 - [TEST_STEP][PASSED] - delay(3): Delayed 3 second(s)

2019-09-19 17:24:47 - [MESSAGE][PASSED] - Delayed 3 second(s)

2019-09-19 17:24:47 - [TEST_STEP][PASSED] - emptyCart = findWebElements(findTestObject("Object Repository/Page_cabi Personal Store/removeFromCart"), 5): Unable to find the element located by 'By.xpath: //*[@id="removeFromCart_0"]/span'. Please recheck the objects properties to make sure the desired element is located. 

2019-09-19 17:24:52 - [MESSAGE][INFO] - Unable to find the element located by 'By.xpath: //*[@id="removeFromCart_0"]/span'. Please recheck the objects properties to make sure the desired element is located. 

2019-09-19 17:24:52 - [TEST_STEP][PASSED] - if (emptyCart.size() > 0): null

2019-09-19 17:24:52 - [TEST_STEP][PASSED] - addOnStyle = findTestData("miscData").getValue("addOnStyle", 1): null

2019-09-19 17:24:52 - [TEST_STEP][PASSED] - addOnStyle2 = findTestData("miscData").getValue("addOnStyle", 2): null

2019-09-19 17:24:52 - [TEST_STEP][PASSED] - setText(findTestObject("Object Repository/Page_cabi Create Order/input_Manual Discount_stylelookup_0"), addOnStyle): Text '3701' is set on object 'Object Repository/Page_cabi Create Order/input_Manual Discount_stylelookup_0'

2019-09-19 17:24:52 - [MESSAGE][PASSED] - Text '3701' is set on object 'Object Repository/Page_cabi Create Order/input_Manual Discount_stylelookup_0'

2019-09-19 17:24:52 - [TEST_STEP][PASSED] - delay(2): Delayed 2 second(s)

2019-09-19 17:24:54 - [MESSAGE][PASSED] - Delayed 2 second(s)

2019-09-19 17:24:54 - [TEST_STEP][PASSED] - sendKeys(findTestObject("Object Repository/Page_cabi Create Order/input_Manual Discount_stylelookup_0"), Keys.chord(ARROW_DOWN)): Keys 'DOWN + ' sent to object: 'Object Repository/Page_cabi Create Order/input_Manual Discount_stylelookup_0'

2019-09-19 17:24:54 - [MESSAGE][PASSED] - Keys 'DOWN + ' sent to object: 'Object Repository/Page_cabi Create Order/input_Manual Discount_stylelookup_0'

2019-09-19 17:24:54 - [TEST_STEP][PASSED] - delay(2): Delayed 2 second(s)

2019-09-19 17:24:56 - [MESSAGE][PASSED] - Delayed 2 second(s)

2019-09-19 17:24:56 - [TEST_STEP][PASSED] - sendKeys(findTestObject("Object Repository/Page_cabi Create Order/input_Manual Discount_stylelookup_0"), Keys.chord(ARROW_DOWN)): Keys 'DOWN + ' sent to object: 'Object Repository/Page_cabi Create Order/input_Manual Discount_stylelookup_0'

2019-09-19 17:24:56 - [MESSAGE][PASSED] - Keys 'DOWN + ' sent to object: 'Object Repository/Page_cabi Create Order/input_Manual Discount_stylelookup_0'

2019-09-19 17:24:56 - [TEST_STEP][PASSED] - sendKeys(findTestObject("Object Repository/Page_cabi Create Order/input_Manual Discount_stylelookup_0"), Keys.chord(ENTER)): Keys 'ENTER + ' sent to object: 'Object Repository/Page_cabi Create Order/input_Manual Discount_stylelookup_0'

2019-09-19 17:24:57 - [MESSAGE][PASSED] - Keys 'ENTER + ' sent to object: 'Object Repository/Page_cabi Create Order/input_Manual Discount_stylelookup_0'

2019-09-19 17:24:57 - [TEST_STEP][PASSED] - delay(5): Delayed 5 second(s)

2019-09-19 17:25:02 - [MESSAGE][PASSED] - Delayed 5 second(s)

2019-09-19 17:25:02 - [TEST_STEP][PASSED] - click(findTestObject("Object Repository/Page_cabi Order Items/selectSize")): Object: 'Object Repository/Page_cabi Order Items/selectSize' is clicked on

2019-09-19 17:25:02 - [MESSAGE][PASSED] - Object: 'Object Repository/Page_cabi Order Items/selectSize' is clicked on

2019-09-19 17:25:02 - [TEST_STEP][PASSED] - delay(3): Delayed 3 second(s)

2019-09-19 17:25:05 - [MESSAGE][PASSED] - Delayed 3 second(s)

2019-09-19 17:25:05 - [TEST_STEP][PASSED] - click(findTestObject("Object Repository/Page_cabi Order Items/span_Add to Cart")): Object: 'Object Repository/Page_cabi Order Items/span_Add to Cart' is clicked on

2019-09-19 17:25:05 - [MESSAGE][PASSED] - Object: 'Object Repository/Page_cabi Order Items/span_Add to Cart' is clicked on

2019-09-19 17:25:05 - [TEST_STEP][PASSED] - delay(5): Delayed 5 second(s)

2019-09-19 17:25:10 - [MESSAGE][PASSED] - Delayed 5 second(s)

2019-09-19 17:25:10 - [TEST_STEP][PASSED] - click(findTestObject("Object Repository/Page_cabi Order Items/a_next")): Object: 'Object Repository/Page_cabi Order Items/a_next' is clicked on

2019-09-19 17:25:10 - [MESSAGE][PASSED] - Object: 'Object Repository/Page_cabi Order Items/a_next' is clicked on

2019-09-19 17:25:10 - [TEST_STEP][PASSED] - delay(3): Delayed 3 second(s)

2019-09-19 17:25:13 - [MESSAGE][PASSED] - Delayed 3 second(s)

2019-09-19 17:25:13 - [TEST_STEP][PASSED] - verifyElementText(findTestObject("Object Repository/Page_cabi Shipping/label_DTYMsg1"), "This order is not yet eligible for "Direct to You" shipping.", CONTINUE_ON_FAILURE): Actual text and expected text of test object 'Object Repository/Page_cabi Shipping/label_DTYMsg1' are matched.

2019-09-19 17:25:13 - [MESSAGE][PASSED] - Actual text and expected text of test object 'Object Repository/Page_cabi Shipping/label_DTYMsg1' are matched.

2019-09-19 17:25:13 - [TEST_STEP][PASSED] - delay(1): Delayed 1 second(s)

2019-09-19 17:25:14 - [MESSAGE][PASSED] - Delayed 1 second(s)

2019-09-19 17:25:14 - [TEST_STEP][PASSED] - verifyElementText(findTestObject("Object Repository/Page_cabi Shipping/label_DTYMsg2"), ""Direct to You" order must be paid by credit card or cabi Gift Card.", CONTINUE_ON_FAILURE): Actual text and expected text of test object 'Object Repository/Page_cabi Shipping/label_DTYMsg2' are matched.

2019-09-19 17:25:14 - [MESSAGE][PASSED] - Actual text and expected text of test object 'Object Repository/Page_cabi Shipping/label_DTYMsg2' are matched.

2019-09-19 17:25:14 - [TEST_STEP][PASSED] - delay(1): Delayed 1 second(s)

2019-09-19 17:25:15 - [MESSAGE][PASSED] - Delayed 1 second(s)

2019-09-19 17:25:15 - [TEST_STEP][PASSED] - verifyElementText(findTestObject("Object Repository/Page_cabi Shipping/label_DTYMsg3"), ""Direct to You" order can start being placed 2 days before the show date.", CONTINUE_ON_FAILURE): Actual text and expected text of test object 'Object Repository/Page_cabi Shipping/label_DTYMsg3' are matched.

2019-09-19 17:25:15 - [MESSAGE][PASSED] - Actual text and expected text of test object 'Object Repository/Page_cabi Shipping/label_DTYMsg3' are matched.

2019-09-19 17:25:15 - [TEST_STEP][PASSED] - delay(1): Delayed 1 second(s)

2019-09-19 17:25:16 - [MESSAGE][PASSED] - Delayed 1 second(s)

2019-09-19 17:25:16 - [TEST_STEP][PASSED] - hasAtributeDisabled = verifyElementHasAttribute(findTestObject("Object Repository/Page_cabi Shipping/check_as_dty_order"), "disabled", 20, CONTINUE_ON_FAILURE): Object 'Object Repository/Page_cabi Shipping/check_as_dty_order' has attribute 'disabled'

2019-09-19 17:25:16 - [MESSAGE][PASSED] - Object 'Object Repository/Page_cabi Shipping/check_as_dty_order' has attribute 'disabled'

2019-09-19 17:25:16 - [TEST_STEP][PASSED] - if (hasAtributeDisabled): Object 'Object Repository/Page_cabi Shipping/check_as_dty_order' has attribute 'disabled' with value 'true'

2019-09-19 17:25:16 - [TEST_STEP][PASSED] - verifyElementAttributeValue(findTestObject("Object Repository/Page_cabi Shipping/check_as_dty_order"), "disabled", "true", 20): Object 'Object Repository/Page_cabi Shipping/check_as_dty_order' has attribute 'disabled' with value 'true'

2019-09-19 17:25:16 - [MESSAGE][PASSED] - Object 'Object Repository/Page_cabi Shipping/check_as_dty_order' has attribute 'disabled' with value 'true'

2019-09-19 17:25:16 - [TEST_STEP][PASSED] - span_place_dty_order_greys = findWebElements(findTestObject("Object Repository/Page_cabi Shipping/span_place_dty_order_grey"), 20): null

2019-09-19 17:25:16 - [TEST_STEP][PASSED] - if (span_place_dty_order_greys.size() != 1): null

2019-09-19 17:25:16 - [TEST_STEP][PASSED] - verifyElementHasAttribute(findTestObject("Page_cabi Shipping/span_dty_checkmark_grey"), "style", 20, CONTINUE_ON_FAILURE): Object 'Object Repository/Page_cabi Shipping/span_dty_checkmark_grey' has attribute 'style'

2019-09-19 17:25:16 - [MESSAGE][PASSED] - Object 'Object Repository/Page_cabi Shipping/span_dty_checkmark_grey' has attribute 'style'

2019-09-19 17:25:16 - [TEST_STEP][PASSED] - verifyElementAttributeValue(findTestObject("Object Repository/Page_cabi Shipping/span_dty_checkmark_grey"), "style", "background-color: rgb(211, 211, 211); cursor: default;", 20): Object 'Object Repository/Page_cabi Shipping/span_dty_checkmark_grey' has attribute 'style' with value 'background-color: rgb(211, 211, 211); cursor: default;'

2019-09-19 17:25:16 - [MESSAGE][PASSED] - Object 'Object Repository/Page_cabi Shipping/span_dty_checkmark_grey' has attribute 'style' with value 'background-color: rgb(211, 211, 211); cursor: default;'

2019-09-19 17:25:16 - [TEST_STEP][PASSED] - delay(1): Delayed 1 second(s)

2019-09-19 17:25:17 - [MESSAGE][PASSED] - Delayed 1 second(s)

2019-09-19 17:25:17 - [TEST_STEP][PASSED] - click(findTestObject("Object Repository/Page_cabi Shipping/a_show_order_checkout_next")): Object: 'Object Repository/Page_cabi Shipping/a_show_order_checkout_next' is clicked on

2019-09-19 17:25:17 - [MESSAGE][PASSED] - Object: 'Object Repository/Page_cabi Shipping/a_show_order_checkout_next' is clicked on

2019-09-19 17:25:17 - [TEST_STEP][PASSED] - delay(1): Delayed 1 second(s)

2019-09-19 17:25:18 - [MESSAGE][PASSED] - Delayed 1 second(s)

2019-09-19 17:25:18 - [TEST_STEP][PASSED] - click(findTestObject("Object Repository/Page_cabi Shipping/a_make_first_payment")): Object: 'Object Repository/Page_cabi Shipping/a_make_first_payment' is clicked on

2019-09-19 17:25:20 - [MESSAGE][PASSED] - Object: 'Object Repository/Page_cabi Shipping/a_make_first_payment' is clicked on

2019-09-19 17:25:20 - [TEST_STEP][PASSED] - delay(3): Delayed 3 second(s)

2019-09-19 17:25:23 - [MESSAGE][PASSED] - Delayed 3 second(s)

2019-09-19 17:25:23 - [TEST_STEP][PASSED] - paymentOptions = findWebElements(findTestObject("Page_cabi Shipping/select_payment_options"), 20): null

2019-09-19 17:25:23 - [TEST_STEP][PASSED] - get(0).getAttribute(addOnStyle): null

2019-09-19 17:25:23 - [TEST_STEP][PASSED] - validPayOption = true: null

2019-09-19 17:25:23 - [TEST_STEP][PASSED] - for (org.openqa.selenium.WebElement we : paymentOptions): null

2019-09-19 17:25:23 - [TEST_STEP][PASSED] - option = we.getText(): null

2019-09-19 17:25:23 - [TEST_STEP][PASSED] - validPayOption = false: null

2019-09-19 17:25:23 - [TEST_STEP][PASSED] - if (option.matches(".*[^\d]\d{4}$") || option.equalsIgnoreCase("Gift Card") || option.equalsIgnoreCase("Add New Credit Card") || option.equalsIgnoreCase("Cash") || option.equalsIgnoreCase("Check")): null

2019-09-19 17:25:23 - [TEST_STEP][PASSED] - validPayOption = true: null

2019-09-19 17:25:23 - [TEST_STEP][PASSED] - option = we.getText(): null

2019-09-19 17:25:23 - [TEST_STEP][PASSED] - validPayOption = false: null

2019-09-19 17:25:23 - [TEST_STEP][PASSED] - if (option.matches(".*[^\d]\d{4}$") || option.equalsIgnoreCase("Gift Card") || option.equalsIgnoreCase("Add New Credit Card") || option.equalsIgnoreCase("Cash") || option.equalsIgnoreCase("Check")): null

2019-09-19 17:25:23 - [TEST_STEP][PASSED] - validPayOption = true: null

2019-09-19 17:25:23 - [TEST_STEP][PASSED] - option = we.getText(): null

2019-09-19 17:25:23 - [TEST_STEP][PASSED] - validPayOption = false: null

2019-09-19 17:25:23 - [TEST_STEP][PASSED] - if (option.matches(".*[^\d]\d{4}$") || option.equalsIgnoreCase("Gift Card") || option.equalsIgnoreCase("Add New Credit Card") || option.equalsIgnoreCase("Cash") || option.equalsIgnoreCase("Check")): null

2019-09-19 17:25:23 - [TEST_STEP][PASSED] - validPayOption = true: null

2019-09-19 17:25:23 - [TEST_STEP][PASSED] - option = we.getText(): null

2019-09-19 17:25:23 - [TEST_STEP][PASSED] - validPayOption = false: null

2019-09-19 17:25:23 - [TEST_STEP][PASSED] - if (option.matches(".*[^\d]\d{4}$") || option.equalsIgnoreCase("Gift Card") || option.equalsIgnoreCase("Add New Credit Card") || option.equalsIgnoreCase("Cash") || option.equalsIgnoreCase("Check")): null

2019-09-19 17:25:23 - [TEST_STEP][PASSED] - validPayOption = true: null

2019-09-19 17:25:23 - [TEST_STEP][PASSED] - option = we.getText(): null

2019-09-19 17:25:23 - [TEST_STEP][PASSED] - validPayOption = false: null

2019-09-19 17:25:23 - [TEST_STEP][PASSED] - if (option.matches(".*[^\d]\d{4}$") || option.equalsIgnoreCase("Gift Card") || option.equalsIgnoreCase("Add New Credit Card") || option.equalsIgnoreCase("Cash") || option.equalsIgnoreCase("Check")): null

2019-09-19 17:25:23 - [TEST_STEP][PASSED] - validPayOption = true: null

2019-09-19 17:25:23 - [TEST_STEP][PASSED] - option = we.getText(): null

2019-09-19 17:25:23 - [TEST_STEP][PASSED] - validPayOption = false: null

2019-09-19 17:25:23 - [TEST_STEP][PASSED] - if (option.matches(".*[^\d]\d{4}$") || option.equalsIgnoreCase("Gift Card") || option.equalsIgnoreCase("Add New Credit Card") || option.equalsIgnoreCase("Cash") || option.equalsIgnoreCase("Check")): null

2019-09-19 17:25:23 - [TEST_STEP][PASSED] - validPayOption = true: null

2019-09-19 17:25:23 - [TEST_STEP][PASSED] - option = we.getText(): null

2019-09-19 17:25:23 - [TEST_STEP][PASSED] - validPayOption = false: null

2019-09-19 17:25:23 - [TEST_STEP][PASSED] - if (option.matches(".*[^\d]\d{4}$") || option.equalsIgnoreCase("Gift Card") || option.equalsIgnoreCase("Add New Credit Card") || option.equalsIgnoreCase("Cash") || option.equalsIgnoreCase("Check")): null

2019-09-19 17:25:23 - [TEST_STEP][PASSED] - validPayOption = true: null

2019-09-19 17:25:23 - [TEST_STEP][PASSED] - option = we.getText(): null

2019-09-19 17:25:23 - [TEST_STEP][PASSED] - validPayOption = false: null

2019-09-19 17:25:23 - [TEST_STEP][PASSED] - if (option.matches(".*[^\d]\d{4}$") || option.equalsIgnoreCase("Gift Card") || option.equalsIgnoreCase("Add New Credit Card") || option.equalsIgnoreCase("Cash") || option.equalsIgnoreCase("Check")): null

2019-09-19 17:25:23 - [TEST_STEP][PASSED] - validPayOption = true: null

2019-09-19 17:25:23 - [TEST_STEP][PASSED] - option = we.getText(): null

2019-09-19 17:25:23 - [TEST_STEP][PASSED] - validPayOption = false: null

2019-09-19 17:25:23 - [TEST_STEP][PASSED] - if (option.matches(".*[^\d]\d{4}$") || option.equalsIgnoreCase("Gift Card") || option.equalsIgnoreCase("Add New Credit Card") || option.equalsIgnoreCase("Cash") || option.equalsIgnoreCase("Check")): null

2019-09-19 17:25:23 - [TEST_STEP][PASSED] - validPayOption = true: null

2019-09-19 17:25:23 - [TEST_STEP][PASSED] - option = we.getText(): null

2019-09-19 17:25:23 - [TEST_STEP][PASSED] - validPayOption = false: null

2019-09-19 17:25:23 - [TEST_STEP][PASSED] - if (option.matches(".*[^\d]\d{4}$") || option.equalsIgnoreCase("Gift Card") || option.equalsIgnoreCase("Add New Credit Card") || option.equalsIgnoreCase("Cash") || option.equalsIgnoreCase("Check")): null

2019-09-19 17:25:23 - [TEST_STEP][PASSED] - validPayOption = true: null

2019-09-19 17:25:23 - [TEST_STEP][PASSED] - option = we.getText(): null

2019-09-19 17:25:23 - [TEST_STEP][PASSED] - validPayOption = false: null

2019-09-19 17:25:23 - [TEST_STEP][PASSED] - if (option.matches(".*[^\d]\d{4}$") || option.equalsIgnoreCase("Gift Card") || option.equalsIgnoreCase("Add New Credit Card") || option.equalsIgnoreCase("Cash") || option.equalsIgnoreCase("Check")): null

2019-09-19 17:25:23 - [TEST_STEP][PASSED] - validPayOption = true: null

2019-09-19 17:25:23 - [TEST_STEP][PASSED] - sa.assertTrue(validPayOption): null

2019-09-19 17:25:23 - [TEST_STEP][PASSED] - delay(3): Delayed 3 second(s)

2019-09-19 17:25:26 - [MESSAGE][PASSED] - Delayed 3 second(s)

2019-09-19 17:25:26 - [TEST_STEP][PASSED] - DTYMsgs = findWebElements(findTestObject("Object Repository/Page_cabi Shipping/li_DTY_payment_info"), 5): null

2019-09-19 17:25:26 - [TEST_STEP][PASSED] - if (DTYMsgs.size() > 0): null

2019-09-19 17:25:26 - [TEST_STEP][PASSED] - sa.assertTrue(false): null

2019-09-19 17:25:26 - [TEST_STEP][PASSED] - click(findTestObject("Object Repository/Page_cabi Shipping/select_payment_options_select")): Object: 'Object Repository/Page_cabi Shipping/select_payment_options_select' is clicked on

2019-09-19 17:25:26 - [MESSAGE][PASSED] - Object: 'Object Repository/Page_cabi Shipping/select_payment_options_select' is clicked on

2019-09-19 17:25:26 - [TEST_STEP][PASSED] - click(findTestObject("Object Repository/Page_cabi Shipping/select_payment_options_cash")): Object: 'Object Repository/Page_cabi Shipping/select_payment_options_cash' is clicked on

2019-09-19 17:25:26 - [MESSAGE][PASSED] - Object: 'Object Repository/Page_cabi Shipping/select_payment_options_cash' is clicked on

2019-09-19 17:25:26 - [TEST_STEP][PASSED] - delay(1): Delayed 1 second(s)

2019-09-19 17:25:27 - [MESSAGE][PASSED] - Delayed 1 second(s)

2019-09-19 17:25:27 - [TEST_STEP][PASSED] - executor.executeScript("arguments[0].click();", findWebElement(findTestObject("Object Repository/Page_cabi Shipping/a_review_order"), 10)): null

2019-09-19 17:25:27 - [TEST_STEP][PASSED] - delay(2): Delayed 2 second(s)

2019-09-19 17:25:29 - [MESSAGE][PASSED] - Delayed 2 second(s)

2019-09-19 17:25:29 - [TEST_STEP][PASSED] - executor.executeScript("arguments[0].click();", findWebElement(findTestObject("Object Repository/Page_cabi Shipping/a_submit_order"), 10)): null

2019-09-19 17:25:32 - [TEST_STEP][PASSED] - click(findTestObject("Object Repository/Page_cabi Shipping/a_order_view")): Object: 'Object Repository/Page_cabi Shipping/a_order_view' is clicked on

2019-09-19 17:25:33 - [MESSAGE][PASSED] - Object: 'Object Repository/Page_cabi Shipping/a_order_view' is clicked on

2019-09-19 17:25:33 - [TEST_STEP][PASSED] - actualOrderStatus = getText(findTestObject("Object Repository/Page_cabi Shipping/span_order_status")): Text of object 'Object Repository/Page_cabi Shipping/span_order_status' is: 'ORDER STATUS : OPEN 
ORDER # SH708243623  '

2019-09-19 17:25:33 - [MESSAGE][PASSED] - Text of object 'Object Repository/Page_cabi Shipping/span_order_status' is: 'ORDER STATUS : OPEN 
ORDER # SH708243623  '

2019-09-19 17:25:33 - [TEST_STEP][PASSED] - expectedOrderStatus = "OPEN": null

2019-09-19 17:25:33 - [TEST_STEP][PASSED] - sa.assertTrue(actualOrderStatus.contains(expectedOrderStatus)): null

2019-09-19 17:25:33 - [TEST_STEP][PASSED] - println(actualOrderStatus): null

2019-09-19 17:25:33 - [TEST_STEP][PASSED] - click(findTestObject("Object Repository/Page_cabi Shipping/a_back_to_orders")): Object: 'Object Repository/Page_cabi Shipping/a_back_to_orders' is clicked on

2019-09-19 17:25:35 - [MESSAGE][PASSED] - Object: 'Object Repository/Page_cabi Shipping/a_back_to_orders' is clicked on

2019-09-19 17:25:35 - [TEST_STEP][PASSED] - delay(2): Delayed 2 second(s)

2019-09-19 17:25:37 - [MESSAGE][PASSED] - Delayed 2 second(s)

2019-09-19 17:25:37 - [TEST_STEP][PASSED] - ActualDTYNonOptedOrderStatus = getText(UtilityMethods.createTestObject("DTYOptedOrderStatus", "//table[@class='show-order-table']/tbody/tr/td/span[contains(text(), '", g1Var, "')]/parent::td/following-sibling::td[@class='order-status']")): Text of object 'DTYOptedOrderStatus' is: 'Completed
Sep 19 4:55 AM'

2019-09-19 17:25:37 - [MESSAGE][PASSED] - Text of object 'DTYOptedOrderStatus' is: 'Completed
Sep 19 4:55 AM'

2019-09-19 17:25:37 - [TEST_STEP][PASSED] - sa.assertEquals(ActualDTYNonOptedOrderStatus, "Completed"): null

2019-09-19 17:25:37 - [TEST_STEP][PASSED] - buttonEditDTYOptedOrder = UtilityMethods.createTestObject("buttonEditDTYOptedOrder", "//table[@class='show-order-table']/tbody/tr/td/span[contains(text(), '", g1Var, "')]/parent::td/following-sibling::td[@class='column-order']/a"): null

2019-09-19 17:25:37 - [TEST_STEP][PASSED] - click(buttonEditDTYOptedOrder): Object: 'buttonEditDTYOptedOrder' is clicked on

2019-09-19 17:25:40 - [MESSAGE][PASSED] - Object: 'buttonEditDTYOptedOrder' is clicked on

2019-09-19 17:25:40 - [TEST_STEP][PASSED] - click(findTestObject("Object Repository/Page_cabi Shipping/a_edit_order")): Object: 'Object Repository/Page_cabi Shipping/a_edit_order' is clicked on

2019-09-19 17:25:44 - [MESSAGE][PASSED] - Object: 'Object Repository/Page_cabi Shipping/a_edit_order' is clicked on

2019-09-19 17:25:44 - [TEST_STEP][PASSED] - click(findTestObject("Object Repository/Page_cabi Shipping/a_edit_order_shipping")): Object: 'Object Repository/Page_cabi Shipping/a_edit_order_shipping' is clicked on

2019-09-19 17:25:44 - [MESSAGE][PASSED] - Object: 'Object Repository/Page_cabi Shipping/a_edit_order_shipping' is clicked on

2019-09-19 17:25:44 - [TEST_STEP][PASSED] - verifyElementText(findTestObject("Object Repository/Page_cabi Shipping/label_DTYMsg1"), "This order is not yet eligible for "Direct to You" shipping.", CONTINUE_ON_FAILURE): Actual text and expected text of test object 'Object Repository/Page_cabi Shipping/label_DTYMsg1' are matched.

2019-09-19 17:25:45 - [MESSAGE][PASSED] - Actual text and expected text of test object 'Object Repository/Page_cabi Shipping/label_DTYMsg1' are matched.

2019-09-19 17:25:45 - [TEST_STEP][PASSED] - delay(1): Delayed 1 second(s)

2019-09-19 17:25:46 - [MESSAGE][PASSED] - Delayed 1 second(s)

2019-09-19 17:25:46 - [TEST_STEP][PASSED] - verifyElementText(findTestObject("Object Repository/Page_cabi Shipping/label_DTYMsg2"), ""Direct to You" order must be paid by credit card or cabi Gift Card.", CONTINUE_ON_FAILURE): Actual text and expected text of test object 'Object Repository/Page_cabi Shipping/label_DTYMsg2' are matched.

2019-09-19 17:25:46 - [MESSAGE][PASSED] - Actual text and expected text of test object 'Object Repository/Page_cabi Shipping/label_DTYMsg2' are matched.

2019-09-19 17:25:46 - [TEST_STEP][PASSED] - delay(1): Delayed 1 second(s)

2019-09-19 17:25:47 - [MESSAGE][PASSED] - Delayed 1 second(s)

2019-09-19 17:25:47 - [TEST_STEP][PASSED] - verifyElementText(findTestObject("Object Repository/Page_cabi Shipping/label_DTYMsg3"), ""Direct to You" order can start being placed 2 days before the show date.", CONTINUE_ON_FAILURE): Actual text and expected text of test object 'Object Repository/Page_cabi Shipping/label_DTYMsg3' are matched.

2019-09-19 17:25:48 - [MESSAGE][PASSED] - Actual text and expected text of test object 'Object Repository/Page_cabi Shipping/label_DTYMsg3' are matched.

2019-09-19 17:25:48 - [TEST_STEP][PASSED] - delay(1): Delayed 1 second(s)

2019-09-19 17:25:49 - [MESSAGE][PASSED] - Delayed 1 second(s)

2019-09-19 17:25:49 - [TEST_STEP][PASSED] - hasAtributeDisabled = verifyElementHasAttribute(findTestObject("Object Repository/Page_cabi Shipping/check_as_dty_order"), "disabled", 20, CONTINUE_ON_FAILURE): Object 'Object Repository/Page_cabi Shipping/check_as_dty_order' has attribute 'disabled'

2019-09-19 17:25:49 - [MESSAGE][PASSED] - Object 'Object Repository/Page_cabi Shipping/check_as_dty_order' has attribute 'disabled'

2019-09-19 17:25:49 - [TEST_STEP][PASSED] - if (hasAtributeDisabled): Object 'Object Repository/Page_cabi Shipping/check_as_dty_order' has attribute 'disabled' with value 'true'

2019-09-19 17:25:49 - [TEST_STEP][PASSED] - verifyElementAttributeValue(findTestObject("Object Repository/Page_cabi Shipping/check_as_dty_order"), "disabled", "true", 20): Object 'Object Repository/Page_cabi Shipping/check_as_dty_order' has attribute 'disabled' with value 'true'

2019-09-19 17:25:49 - [MESSAGE][PASSED] - Object 'Object Repository/Page_cabi Shipping/check_as_dty_order' has attribute 'disabled' with value 'true'

2019-09-19 17:25:49 - [TEST_STEP][PASSED] - span_place_dty_order_greys = findWebElements(findTestObject("Object Repository/Page_cabi Shipping/span_place_dty_order_grey"), 20): null

2019-09-19 17:25:49 - [TEST_STEP][PASSED] - if (span_place_dty_order_greys.size() != 1): null

2019-09-19 17:25:49 - [TEST_STEP][PASSED] - verifyElementHasAttribute(findTestObject("Page_cabi Shipping/span_dty_checkmark_grey"), "style", 20, CONTINUE_ON_FAILURE): Object 'Object Repository/Page_cabi Shipping/span_dty_checkmark_grey' has attribute 'style'

2019-09-19 17:25:49 - [MESSAGE][PASSED] - Object 'Object Repository/Page_cabi Shipping/span_dty_checkmark_grey' has attribute 'style'

2019-09-19 17:25:49 - [TEST_STEP][PASSED] - verifyElementAttributeValue(findTestObject("Object Repository/Page_cabi Shipping/span_dty_checkmark_grey"), "style", "background-color: rgb(211, 211, 211); cursor: default;", 20): Object 'Object Repository/Page_cabi Shipping/span_dty_checkmark_grey' has attribute 'style' with value 'background-color: rgb(211, 211, 211); cursor: default;'

2019-09-19 17:25:49 - [MESSAGE][PASSED] - Object 'Object Repository/Page_cabi Shipping/span_dty_checkmark_grey' has attribute 'style' with value 'background-color: rgb(211, 211, 211); cursor: default;'

2019-09-19 17:25:49 - [TEST_STEP][PASSED] - delay(2): Delayed 2 second(s)

2019-09-19 17:25:51 - [MESSAGE][PASSED] - Delayed 2 second(s)

2019-09-19 17:25:51 - [TEST_STEP][PASSED] - click(findTestObject("Object Repository/Page_cabi Shipping/a_edit_order_cancel")): Object: 'Object Repository/Page_cabi Shipping/a_edit_order_cancel' is clicked on

2019-09-19 17:25:54 - [MESSAGE][PASSED] - Object: 'Object Repository/Page_cabi Shipping/a_edit_order_cancel' is clicked on

2019-09-19 17:25:54 - [TEST_STEP][PASSED] - delay(1): Delayed 1 second(s)

2019-09-19 17:25:55 - [MESSAGE][PASSED] - Delayed 1 second(s)]]></system-out>
         <system-err><![CDATA[]]></system-err>
      </testcase>
      <testcase name="Test Cases/VirtualShow/BODTY/DTYVS" classname="Test Cases/VirtualShow/BODTY/DTYVS" status="FAILED">
         <failure type="FAILED" message="Test Cases/VirtualShow/BODTY/DTYVS FAILED.
Reason:
com.kms.katalon.core.exception.StepFailedException: Unable to click on object 'Object Repository/Page_cabi Order Items/selectSize'
	at com.kms.katalon.core.webui.keyword.internal.WebUIKeywordMain.stepFailed(WebUIKeywordMain.groovy:64)
	at com.kms.katalon.core.webui.keyword.internal.WebUIKeywordMain.runKeyword(WebUIKeywordMain.groovy:26)
	at com.kms.katalon.core.webui.keyword.builtin.ClickKeyword.click(ClickKeyword.groovy:86)
	at com.kms.katalon.core.webui.keyword.builtin.ClickKeyword.execute(ClickKeyword.groovy:67)
	at com.kms.katalon.core.keyword.internal.KeywordExecutor.executeKeywordForPlatform(KeywordExecutor.groovy:56)
	at com.kms.katalon.core.webui.keyword.WebUiBuiltInKeywords.click(WebUiBuiltInKeywords.groovy:616)
	at com.kms.katalon.core.webui.keyword.WebUiBuiltInKeywords$click$2.call(Unknown Source)
	at DTYVS.run(DTYVS:768)
	at com.kms.katalon.core.main.ScriptEngine.run(ScriptEngine.java:194)
	at com.kms.katalon.core.main.ScriptEngine.runScriptAsRawText(ScriptEngine.java:119)
	at com.kms.katalon.core.main.TestCaseExecutor.runScript(TestCaseExecutor.java:342)
	at com.kms.katalon.core.main.TestCaseExecutor.doExecute(TestCaseExecutor.java:333)
	at com.kms.katalon.core.main.TestCaseExecutor.processExecutionPhase(TestCaseExecutor.java:312)
	at com.kms.katalon.core.main.TestCaseExecutor.accessMainPhase(TestCaseExecutor.java:304)
	at com.kms.katalon.core.main.TestCaseExecutor.execute(TestCaseExecutor.java:238)
	at com.kms.katalon.core.main.TestSuiteExecutor.accessTestCaseMainPhase(TestSuiteExecutor.java:129)
	at com.kms.katalon.core.main.TestSuiteExecutor.accessTestSuiteMainPhase(TestSuiteExecutor.java:112)
	at com.kms.katalon.core.main.TestSuiteExecutor.execute(TestSuiteExecutor.java:81)
	at com.kms.katalon.core.main.TestCaseMain.startTestSuite(TestCaseMain.java:157)
	at com.kms.katalon.core.main.TestCaseMain$startTestSuite$0.call(Unknown Source)
	at TempTestSuite1568893356561.run(TempTestSuite1568893356561.groovy:35)
Caused by: com.kms.katalon.core.webui.exception.WebElementNotFoundException: Web element with id: 'Object Repository/Page_cabi Order Items/selectSize' located by 'By.xpath: //select[@name='sizeSelect']/option[@value='L']' not found
	at com.kms.katalon.core.webui.common.WebUiCommonHelper.findWebElement(WebUiCommonHelper.java:1097)
	at com.kms.katalon.core.webui.keyword.internal.WebUIAbstractKeyword.findWebElement(WebUIAbstractKeyword.groovy:27)
	at com.kms.katalon.core.webui.keyword.internal.WebUIAbstractKeyword.findWebElement(WebUIAbstractKeyword.groovy:26)
	at com.kms.katalon.core.webui.keyword.builtin.ClickKeyword$_click_closure1.doCall(ClickKeyword.groovy:77)
	at com.kms.katalon.core.webui.keyword.builtin.ClickKeyword$_click_closure1.call(ClickKeyword.groovy)
	at com.kms.katalon.core.webui.keyword.internal.WebUIKeywordMain.runKeyword(WebUIKeywordMain.groovy:20)
	at com.kms.katalon.core.webui.keyword.builtin.ClickKeyword.click(ClickKeyword.groovy:86)
	at com.kms.katalon.core.webui.keyword.builtin.ClickKeyword.execute(ClickKeyword.groovy:67)
	at com.kms.katalon.core.keyword.internal.KeywordExecutor.executeKeywordForPlatform(KeywordExecutor.groovy:56)
	at com.kms.katalon.core.webui.keyword.WebUiBuiltInKeywords.click(WebUiBuiltInKeywords.groovy:616)
	at com.kms.katalon.core.webui.keyword.WebUiBuiltInKeywords$click$2.call(Unknown Source)
	at Script1568892165581.run(Script1568892165581.groovy:768)
	... 13 more
"/>
         <system-out><![CDATA[2019-09-19 17:25:55 - [TEST_CASE][FAILED] - Test Cases/VirtualShow/BODTY/DTYVS: Test Cases/VirtualShow/BODTY/DTYVS FAILED.
Reason:
com.kms.katalon.core.exception.StepFailedException: Unable to click on object 'Object Repository/Page_cabi Order Items/selectSize'
	at com.kms.katalon.core.webui.keyword.internal.WebUIKeywordMain.stepFailed(WebUIKeywordMain.groovy:64)
	at com.kms.katalon.core.webui.keyword.internal.WebUIKeywordMain.runKeyword(WebUIKeywordMain.groovy:26)
	at com.kms.katalon.core.webui.keyword.builtin.ClickKeyword.click(ClickKeyword.groovy:86)
	at com.kms.katalon.core.webui.keyword.builtin.ClickKeyword.execute(ClickKeyword.groovy:67)
	at com.kms.katalon.core.keyword.internal.KeywordExecutor.executeKeywordForPlatform(KeywordExecutor.groovy:56)
	at com.kms.katalon.core.webui.keyword.WebUiBuiltInKeywords.click(WebUiBuiltInKeywords.groovy:616)
	at com.kms.katalon.core.webui.keyword.WebUiBuiltInKeywords$click$2.call(Unknown Source)
	at DTYVS.run(DTYVS:768)
	at com.kms.katalon.core.main.ScriptEngine.run(ScriptEngine.java:194)
	at com.kms.katalon.core.main.ScriptEngine.runScriptAsRawText(ScriptEngine.java:119)
	at com.kms.katalon.core.main.TestCaseExecutor.runScript(TestCaseExecutor.java:342)
	at com.kms.katalon.core.main.TestCaseExecutor.doExecute(TestCaseExecutor.java:333)
	at com.kms.katalon.core.main.TestCaseExecutor.processExecutionPhase(TestCaseExecutor.java:312)
	at com.kms.katalon.core.main.TestCaseExecutor.accessMainPhase(TestCaseExecutor.java:304)
	at com.kms.katalon.core.main.TestCaseExecutor.execute(TestCaseExecutor.java:238)
	at com.kms.katalon.core.main.TestSuiteExecutor.accessTestCaseMainPhase(TestSuiteExecutor.java:129)
	at com.kms.katalon.core.main.TestSuiteExecutor.accessTestSuiteMainPhase(TestSuiteExecutor.java:112)
	at com.kms.katalon.core.main.TestSuiteExecutor.execute(TestSuiteExecutor.java:81)
	at com.kms.katalon.core.main.TestCaseMain.startTestSuite(TestCaseMain.java:157)
	at com.kms.katalon.core.main.TestCaseMain$startTestSuite$0.call(Unknown Source)
	at TempTestSuite1568893356561.run(TempTestSuite1568893356561.groovy:35)
Caused by: com.kms.katalon.core.webui.exception.WebElementNotFoundException: Web element with id: 'Object Repository/Page_cabi Order Items/selectSize' located by 'By.xpath: //select[@name='sizeSelect']/option[@value='L']' not found
	at com.kms.katalon.core.webui.common.WebUiCommonHelper.findWebElement(WebUiCommonHelper.java:1097)
	at com.kms.katalon.core.webui.keyword.internal.WebUIAbstractKeyword.findWebElement(WebUIAbstractKeyword.groovy:27)
	at com.kms.katalon.core.webui.keyword.internal.WebUIAbstractKeyword.findWebElement(WebUIAbstractKeyword.groovy:26)
	at com.kms.katalon.core.webui.keyword.builtin.ClickKeyword$_click_closure1.doCall(ClickKeyword.groovy:77)
	at com.kms.katalon.core.webui.keyword.builtin.ClickKeyword$_click_closure1.call(ClickKeyword.groovy)
	at com.kms.katalon.core.webui.keyword.internal.WebUIKeywordMain.runKeyword(WebUIKeywordMain.groovy:20)
	at com.kms.katalon.core.webui.keyword.builtin.ClickKeyword.click(ClickKeyword.groovy:86)
	at com.kms.katalon.core.webui.keyword.builtin.ClickKeyword.execute(ClickKeyword.groovy:67)
	at com.kms.katalon.core.keyword.internal.KeywordExecutor.executeKeywordForPlatform(KeywordExecutor.groovy:56)
	at com.kms.katalon.core.webui.keyword.WebUiBuiltInKeywords.click(WebUiBuiltInKeywords.groovy:616)
	at com.kms.katalon.core.webui.keyword.WebUiBuiltInKeywords$click$2.call(Unknown Source)
	at Script1568892165581.run(Script1568892165581.groovy:768)
	... 13 more


2019-09-19 17:25:55 - [TEST_STEP][PASSED] - Start listener action : sampleBeforeTestCase: null

2019-09-19 17:25:55 - [TEST_STEP][PASSED] - println(testCaseContext.getTestCaseId()): null

2019-09-19 17:25:55 - [TEST_STEP][PASSED] - println(testCaseContext.getTestCaseVariables()): null

2019-09-19 17:25:56 - [TEST_STEP][PASSED] - dataFile = "virtualShowData": null

2019-09-19 17:25:56 - [TEST_STEP][PASSED] - guest1 = findTestData(dataFile).getValue("guest1", 1): null

2019-09-19 17:25:56 - [TEST_STEP][PASSED] - guest2 = findTestData(dataFile).getValue("guest2", 1): null

2019-09-19 17:25:56 - [TEST_STEP][PASSED] - hostess = findTestData(dataFile).getValue("hostess", 1): null

2019-09-19 17:25:56 - [TEST_STEP][PASSED] - cohostess = findTestData(dataFile).getValue("cohostess", 1): null

2019-09-19 17:25:56 - [TEST_STEP][PASSED] - dfMM = new java.text.SimpleDateFormat(MM): null

2019-09-19 17:25:56 - [TEST_STEP][PASSED] - dfDD = new java.text.SimpleDateFormat(dd): null

2019-09-19 17:25:56 - [TEST_STEP][PASSED] - dfYYYY = new java.text.SimpleDateFormat(yyyy): null

2019-09-19 17:25:56 - [TEST_STEP][PASSED] - today = getInstance().getTime(): null

2019-09-19 17:25:56 - [TEST_STEP][PASSED] - c = Calendar.getInstance(): null

2019-09-19 17:25:56 - [TEST_STEP][PASSED] - c.setTime(today): null

2019-09-19 17:25:56 - [TEST_STEP][PASSED] - c.add(DATE, 2): null

2019-09-19 17:25:56 - [TEST_STEP][PASSED] - newShowDate = c.getTime(): null

2019-09-19 17:25:56 - [TEST_STEP][PASSED] - vsyear = dfYYYY.format(newShowDate): null

2019-09-19 17:25:56 - [TEST_STEP][PASSED] - vsmonth = dfMM.format(newShowDate): null

2019-09-19 17:25:56 - [TEST_STEP][PASSED] - vsday = dfDD.format(newShowDate): null

2019-09-19 17:25:56 - [TEST_STEP][PASSED] - println(UtilityMethods.concat("from DTY: ", vsday, " ", vsmonth, " ", vsyear)): null

2019-09-19 17:25:56 - [TEST_STEP][PASSED] - callTestCase(findTestCase("VirtualShow/createShow"), ["testEnvt":"", "username":"", "password":"", "stylist":"", "hostess":"", "cohostess":"", "guest1":"", "guest2":"", "verifyHostess":"", ... ], CONTINUE_ON_FAILURE): Call Test Case 'Test Cases/VirtualShow/createShow' successfully

2019-09-19 17:25:56 - [TEST_CASE][PASSED] - Test Cases/VirtualShow/createShow: Test Cases/VirtualShow/createShow

2019-09-19 17:25:57 - [TEST_STEP][PASSED] - dataFile = "virtualShowData": null

2019-09-19 17:25:57 - [TEST_STEP][PASSED] - stylist = findTestData(dataFile).getValue("stylist", 1): null

2019-09-19 17:25:57 - [TEST_STEP][PASSED] - hostess = findTestData(dataFile).getValue("hostess", 1): null

2019-09-19 17:25:57 - [TEST_STEP][PASSED] - cohostess = findTestData(dataFile).getValue("cohostess", 1): null

2019-09-19 17:25:57 - [TEST_STEP][PASSED] - guest1 = findTestData(dataFile).getValue("guest1", 1): null

2019-09-19 17:25:57 - [TEST_STEP][PASSED] - guest2 = findTestData(dataFile).getValue("guest2", 1): null

2019-09-19 17:25:57 - [TEST_STEP][PASSED] - verifyGuestCount = findTestData(dataFile).getValue("verifyGuestCount", 1): null

2019-09-19 17:25:57 - [TEST_STEP][PASSED] - RSTestEnvt = findTestData("envtData").getValue("RSTestEnvt", 1): null

2019-09-19 17:25:57 - [TEST_STEP][PASSED] - openBrowser(""): Browser is opened with url: ''

2019-09-19 17:25:57 - [MESSAGE][WARNING] - A browser is already opened. Closing browser and opening a new one

2019-09-19 17:25:58 - [MESSAGE][INFO] - Starting 'Chrome' driver

2019-09-19 17:25:58 - [MESSAGE][INFO] - User set preference: ['args', '[--use-fake-ui-for-media-stream, --start-maximized]']

2019-09-19 17:26:00 - [MESSAGE][PASSED] - Browser is opened with url: ''

2019-09-19 17:26:00 - [TEST_STEP][PASSED] - maximizeWindow(): Current window maximized

2019-09-19 17:26:01 - [MESSAGE][PASSED] - Current window maximized

2019-09-19 17:26:01 - [TEST_STEP][PASSED] - callTestCase(findTestCase("TestCaseUtilities/backOfficeLogin"), ["BOURL":"", "BOuser":"", "BOpass":""], CONTINUE_ON_FAILURE): Call Test Case 'Test Cases/TestCaseUtilities/backOfficeLogin' successfully

2019-09-19 17:26:01 - [TEST_CASE][PASSED] - Test Cases/TestCaseUtilities/backOfficeLogin: Test Cases/TestCaseUtilities/backOfficeLogin

2019-09-19 17:26:01 - [TEST_STEP][PASSED] - BOURL = findTestData("envtData").getValue("BOURL", 1): null

2019-09-19 17:26:01 - [TEST_STEP][PASSED] - BOuser = findTestData("credData").getValue("BOuser", 1): null

2019-09-19 17:26:01 - [TEST_STEP][PASSED] - BOpass = findTestData("credData").getValue("BOpass", 1): null

2019-09-19 17:26:01 - [TEST_STEP][PASSED] - openBrowser(""): Browser is opened with url: ''

2019-09-19 17:26:01 - [MESSAGE][WARNING] - A browser is already opened. Closing browser and opening a new one

2019-09-19 17:26:02 - [MESSAGE][INFO] - Starting 'Chrome' driver

2019-09-19 17:26:02 - [MESSAGE][INFO] - User set preference: ['args', '[--use-fake-ui-for-media-stream, --start-maximized]']

2019-09-19 17:26:04 - [MESSAGE][PASSED] - Browser is opened with url: ''

2019-09-19 17:26:04 - [TEST_STEP][PASSED] - navigateToUrl(BOURL): Navigate to 'https://test21.cliotest.com/backoffice/control/main' successfully

2019-09-19 17:26:14 - [MESSAGE][PASSED] - Navigate to 'https://test21.cliotest.com/backoffice/control/main' successfully

2019-09-19 17:26:14 - [TEST_STEP][PASSED] - logOut = findWebElements(findTestObject("Object Repository/Page_cabi Home/log_out"), 1): Unable to find the element located by 'By.xpath: //a[contains(text(),'Log Out')]'. Please recheck the objects properties to make sure the desired element is located. 

2019-09-19 17:26:16 - [MESSAGE][INFO] - Unable to find the element located by 'By.xpath: //a[contains(text(),'Log Out')]'. Please recheck the objects properties to make sure the desired element is located. 

2019-09-19 17:26:16 - [TEST_STEP][PASSED] - if (logOut.size() == 0): Object: 'Object Repository/Page_cabi/input_Welcome to_consultantLogin' is clicked on

2019-09-19 17:26:16 - [TEST_STEP][PASSED] - setText(findTestObject("Page_cabi/input_Welcome to_USERNAME"), BOuser): Text '400000002' is set on object 'Object Repository/Page_cabi/input_Welcome to_USERNAME'

2019-09-19 17:26:16 - [MESSAGE][PASSED] - Text '400000002' is set on object 'Object Repository/Page_cabi/input_Welcome to_USERNAME'

2019-09-19 17:26:16 - [TEST_STEP][PASSED] - setText(findTestObject("Object Repository/Page_cabi/input_Welcome to_PASSWORD"), BOpass): Text 'blackdress19' is set on object 'Object Repository/Page_cabi/input_Welcome to_PASSWORD'

2019-09-19 17:26:16 - [MESSAGE][PASSED] - Text 'blackdress19' is set on object 'Object Repository/Page_cabi/input_Welcome to_PASSWORD'

2019-09-19 17:26:16 - [TEST_STEP][PASSED] - click(findTestObject("Object Repository/Page_cabi/input_Welcome to_consultantLogin")): Object: 'Object Repository/Page_cabi/input_Welcome to_consultantLogin' is clicked on

2019-09-19 17:26:28 - [MESSAGE][PASSED] - Object: 'Object Repository/Page_cabi/input_Welcome to_consultantLogin' is clicked on

2019-09-19 17:26:28 - [TEST_STEP][PASSED] - delay(3): Delayed 3 second(s)

2019-09-19 17:26:31 - [MESSAGE][PASSED] - Delayed 3 second(s)

2019-09-19 17:26:31 - [MESSAGE][PASSED] - Call Test Case 'Test Cases/TestCaseUtilities/backOfficeLogin' successfully

2019-09-19 17:26:31 - [TEST_STEP][PASSED] - verifyElementText(findTestObject("Object Repository/virualShowRSVPOR/Page_cabi/span_username"), stylist): Actual text and expected text of test object 'Object Repository/virualShowRSVPOR/Page_cabi/span_username' are matched.

2019-09-19 17:26:31 - [MESSAGE][PASSED] - Actual text and expected text of test object 'Object Repository/virualShowRSVPOR/Page_cabi/span_username' are matched.

2019-09-19 17:26:31 - [TEST_STEP][PASSED] - click(findTestObject("Object Repository/virualShowRSVPOR/Page_cabi Home/a_shows _orders")): Object: 'Object Repository/virualShowRSVPOR/Page_cabi Home/a_shows _orders' is clicked on

2019-09-19 17:26:31 - [MESSAGE][PASSED] - Object: 'Object Repository/virualShowRSVPOR/Page_cabi Home/a_shows _orders' is clicked on

2019-09-19 17:26:31 - [TEST_STEP][PASSED] - click(findTestObject("Object Repository/virualShowRSVPOR/Page_cabi Home/a_Create_A_Show")): Object: 'Object Repository/virualShowRSVPOR/Page_cabi Home/a_Create_A_Show' is clicked on

2019-09-19 17:26:36 - [MESSAGE][PASSED] - Object: 'Object Repository/virualShowRSVPOR/Page_cabi Home/a_Create_A_Show' is clicked on

2019-09-19 17:26:36 - [TEST_STEP][PASSED] - setText(findTestObject("Object Repository/virualShowRSVPOR/Page_cabi Create Show - Set Hostess/input_Hostess"), hostess): Text 'ahostess-test abc' is set on object 'Object Repository/virualShowRSVPOR/Page_cabi Create Show - Set Hostess/input_Hostess'

2019-09-19 17:26:36 - [MESSAGE][PASSED] - Text 'ahostess-test abc' is set on object 'Object Repository/virualShowRSVPOR/Page_cabi Create Show - Set Hostess/input_Hostess'

2019-09-19 17:26:36 - [TEST_STEP][PASSED] - delay(2): Delayed 2 second(s)

2019-09-19 17:26:38 - [MESSAGE][PASSED] - Delayed 2 second(s)

2019-09-19 17:26:38 - [TEST_STEP][PASSED] - sendKeys(findTestObject("Object Repository/virualShowRSVPOR/Page_cabi Create Show - Set Hostess/input_Hostess"), Keys.chord(ARROW_DOWN)): Keys 'DOWN + ' sent to object: 'Object Repository/virualShowRSVPOR/Page_cabi Create Show - Set Hostess/input_Hostess'

2019-09-19 17:26:38 - [MESSAGE][PASSED] - Keys 'DOWN + ' sent to object: 'Object Repository/virualShowRSVPOR/Page_cabi Create Show - Set Hostess/input_Hostess'

2019-09-19 17:26:38 - [TEST_STEP][PASSED] - sendKeys(findTestObject("Object Repository/virualShowRSVPOR/Page_cabi Create Show - Set Hostess/input_Hostess"), Keys.chord(ENTER)): Keys 'ENTER + ' sent to object: 'Object Repository/virualShowRSVPOR/Page_cabi Create Show - Set Hostess/input_Hostess'

2019-09-19 17:26:38 - [MESSAGE][PASSED] - Keys 'ENTER + ' sent to object: 'Object Repository/virualShowRSVPOR/Page_cabi Create Show - Set Hostess/input_Hostess'

2019-09-19 17:26:38 - [TEST_STEP][PASSED] - delay(2): Delayed 2 second(s)

2019-09-19 17:26:40 - [MESSAGE][PASSED] - Delayed 2 second(s)

2019-09-19 17:26:40 - [TEST_STEP][PASSED] - validateHostessAddressMsg = findWebElements(findTestObject("Object Repository/virualShowRSVPOR/Page_cabi Create Show - Set Hostess/validate_address_msg"), 5): null

2019-09-19 17:26:40 - [TEST_STEP][PASSED] - println(validateHostessAddressMsg.size()): null

2019-09-19 17:26:40 - [TEST_STEP][PASSED] - if (validateHostessAddressMsg.isEmpty()): null

2019-09-19 17:26:40 - [TEST_STEP][PASSED] - selectOptionByValue(findTestObject("Object Repository/virualShowRSVPOR/Page_cabi Create Show - Set Hostess/select_Choose_From_Contacts_Co-Hostess"), "3", true): All options with value '3' are selected in object 'Object Repository/virualShowRSVPOR/Page_cabi Create Show - Set Hostess/select_Choose_From_Contacts_Co-Hostess'  using regular expression

2019-09-19 17:26:41 - [MESSAGE][PASSED] - All options with value '3' are selected in object 'Object Repository/virualShowRSVPOR/Page_cabi Create Show - Set Hostess/select_Choose_From_Contacts_Co-Hostess'  using regular expression

2019-09-19 17:26:41 - [TEST_STEP][PASSED] - setText(findTestObject("Object Repository/virualShowRSVPOR/Page_cabi Create Show - Set Hostess/input_Cohostess"), cohostess): Text 'bcohost-test abc' is set on object 'Object Repository/virualShowRSVPOR/Page_cabi Create Show - Set Hostess/input_Cohostess'

2019-09-19 17:26:41 - [MESSAGE][PASSED] - Text 'bcohost-test abc' is set on object 'Object Repository/virualShowRSVPOR/Page_cabi Create Show - Set Hostess/input_Cohostess'

2019-09-19 17:26:41 - [TEST_STEP][PASSED] - delay(2): Delayed 2 second(s)

2019-09-19 17:26:43 - [MESSAGE][PASSED] - Delayed 2 second(s)

2019-09-19 17:26:43 - [TEST_STEP][PASSED] - sendKeys(findTestObject("Object Repository/virualShowRSVPOR/Page_cabi Create Show - Set Hostess/input_Cohostess"), Keys.chord(ARROW_DOWN)): Keys 'DOWN + ' sent to object: 'Object Repository/virualShowRSVPOR/Page_cabi Create Show - Set Hostess/input_Cohostess'

2019-09-19 17:26:43 - [MESSAGE][PASSED] - Keys 'DOWN + ' sent to object: 'Object Repository/virualShowRSVPOR/Page_cabi Create Show - Set Hostess/input_Cohostess'

2019-09-19 17:26:43 - [TEST_STEP][PASSED] - sendKeys(findTestObject("Object Repository/virualShowRSVPOR/Page_cabi Create Show - Set Hostess/input_Cohostess"), Keys.chord(ENTER)): Keys 'ENTER + ' sent to object: 'Object Repository/virualShowRSVPOR/Page_cabi Create Show - Set Hostess/input_Cohostess'

2019-09-19 17:26:43 - [MESSAGE][PASSED] - Keys 'ENTER + ' sent to object: 'Object Repository/virualShowRSVPOR/Page_cabi Create Show - Set Hostess/input_Cohostess'

2019-09-19 17:26:43 - [TEST_STEP][PASSED] - delay(3): Delayed 3 second(s)

2019-09-19 17:26:46 - [MESSAGE][PASSED] - Delayed 3 second(s)

2019-09-19 17:26:46 - [TEST_STEP][PASSED] - validateHostessAddressMsg = findWebElements(findTestObject("Object Repository/virualShowRSVPOR/Page_cabi Create Show - Set Hostess/validate_address_msg"), 5): null

2019-09-19 17:26:46 - [TEST_STEP][PASSED] - if (validateHostessAddressMsg.size() != 4): null

2019-09-19 17:26:46 - [TEST_STEP][PASSED] - click(findTestObject("Object Repository/virualShowRSVPOR/Page_cabi Create Show - Set Hostess/input_next")): Object: 'Object Repository/virualShowRSVPOR/Page_cabi Create Show - Set Hostess/input_next' is clicked on

2019-09-19 17:26:48 - [MESSAGE][PASSED] - Object: 'Object Repository/virualShowRSVPOR/Page_cabi Create Show - Set Hostess/input_next' is clicked on

2019-09-19 17:26:48 - [TEST_STEP][PASSED] - click(findTestObject("Object Repository/virualShowRSVPOR/Page_cabi Create Show - Time and Place/check_Virtual_Show")): Object: 'Object Repository/virualShowRSVPOR/Page_cabi Create Show - Time and Place/check_Virtual_Show' is clicked on

2019-09-19 17:26:48 - [MESSAGE][PASSED] - Object: 'Object Repository/virualShowRSVPOR/Page_cabi Create Show - Time and Place/check_Virtual_Show' is clicked on

2019-09-19 17:26:48 - [TEST_STEP][PASSED] - click(findTestObject("Object Repository/virualShowRSVPOR/Page_cabi Create Show - Time and Place/input_Show_Date_Time")): Object: 'Object Repository/virualShowRSVPOR/Page_cabi Create Show - Time and Place/input_Show_Date_Time' is clicked on

2019-09-19 17:26:48 - [MESSAGE][PASSED] - Object: 'Object Repository/virualShowRSVPOR/Page_cabi Create Show - Time and Place/input_Show_Date_Time' is clicked on

2019-09-19 17:26:48 - [TEST_STEP][PASSED] - println(UtilityMethods.concat(" ", vsday, " ", vsmonth, " ", vsyear)): null

2019-09-19 17:26:48 - [TEST_STEP][PASSED] - year = vsyear: null

2019-09-19 17:26:48 - [TEST_STEP][PASSED] - month = vsmonth: null

2019-09-19 17:26:48 - [TEST_STEP][PASSED] - day = vsday: null

2019-09-19 17:26:48 - [TEST_STEP][PASSED] - pastdate = findTestData("virtualShowData").getValue("pastdate", 1): null

2019-09-19 17:26:48 - [TEST_STEP][PASSED] - xpath = UtilityMethods.concat("//td[@data-month='" + month - 1 + "' and @data-year='" + year + "']/a[contains(text(), '" + day + "')]"): null

2019-09-19 17:26:48 - [TEST_STEP][PASSED] - dateObj = new com.kms.katalon.core.testobject.TestObject(td_month_year_day): null

2019-09-19 17:26:48 - [TEST_STEP][PASSED] - dateObj.addProperty("xpath", EQUALS, xpath): null

2019-09-19 17:26:48 - [TEST_STEP][PASSED] - monthBound = 12: null

2019-09-19 17:26:48 - [TEST_STEP][PASSED] - dateObjList = findWebElements(dateObj, 5): null

2019-09-19 17:26:48 - [TEST_STEP][PASSED] - while (dateObjList.size() == 0 && monthBound > 0): null

2019-09-19 17:26:48 - [TEST_STEP][PASSED] - click(dateObj): Object: 'td_month_year_day' is clicked on

2019-09-19 17:26:48 - [MESSAGE][PASSED] - Object: 'td_month_year_day' is clicked on

2019-09-19 17:26:48 - [TEST_STEP][PASSED] - click(findTestObject("Object Repository/virualShowRSVPOR/Page_cabi Create Show - Time and Place/a_select_End_Time")): Object: 'Object Repository/virualShowRSVPOR/Page_cabi Create Show - Time and Place/a_select_End_Time' is clicked on

2019-09-19 17:26:48 - [MESSAGE][PASSED] - Object: 'Object Repository/virualShowRSVPOR/Page_cabi Create Show - Time and Place/a_select_End_Time' is clicked on

2019-09-19 17:26:48 - [TEST_STEP][PASSED] - click(findTestObject("Object Repository/virualShowRSVPOR/Page_cabi Create Show - Time and Place/input_next")): Object: 'Object Repository/virualShowRSVPOR/Page_cabi Create Show - Time and Place/input_next' is clicked on

2019-09-19 17:26:49 - [MESSAGE][PASSED] - Object: 'Object Repository/virualShowRSVPOR/Page_cabi Create Show - Time and Place/input_next' is clicked on

2019-09-19 17:26:49 - [TEST_STEP][PASSED] - delay(5): Delayed 5 second(s)

2019-09-19 17:26:54 - [MESSAGE][PASSED] - Delayed 5 second(s)

2019-09-19 17:26:54 - [TEST_STEP][PASSED] - click(findTestObject("Object Repository/virualShowRSVPOR/Page_cabi Create Show - Invite Hostess/input_Skip_Invite")): Object: 'Object Repository/virualShowRSVPOR/Page_cabi Create Show - Invite Hostess/input_Skip_Invite' is clicked on

2019-09-19 17:26:58 - [MESSAGE][PASSED] - Object: 'Object Repository/virualShowRSVPOR/Page_cabi Create Show - Invite Hostess/input_Skip_Invite' is clicked on

2019-09-19 17:26:58 - [TEST_STEP][PASSED] - setText(findTestObject("Object Repository/virualShowRSVPOR/Page_cabi Edit Show - Add Guests/contact_search_box"), guest1): Text 'guest1-test abc' is set on object 'Object Repository/virualShowRSVPOR/Page_cabi Edit Show - Add Guests/contact_search_box'

2019-09-19 17:26:58 - [MESSAGE][PASSED] - Text 'guest1-test abc' is set on object 'Object Repository/virualShowRSVPOR/Page_cabi Edit Show - Add Guests/contact_search_box'

2019-09-19 17:26:58 - [TEST_STEP][PASSED] - delay(2): Delayed 2 second(s)

2019-09-19 17:27:00 - [MESSAGE][PASSED] - Delayed 2 second(s)

2019-09-19 17:27:00 - [TEST_STEP][PASSED] - sendKeys(findTestObject("Object Repository/virualShowRSVPOR/Page_cabi Edit Show - Add Guests/contact_search_box"), Keys.chord(ARROW_DOWN)): Keys 'DOWN + ' sent to object: 'Object Repository/virualShowRSVPOR/Page_cabi Edit Show - Add Guests/contact_search_box'

2019-09-19 17:27:00 - [MESSAGE][PASSED] - Keys 'DOWN + ' sent to object: 'Object Repository/virualShowRSVPOR/Page_cabi Edit Show - Add Guests/contact_search_box'

2019-09-19 17:27:00 - [TEST_STEP][PASSED] - sendKeys(findTestObject("Object Repository/virualShowRSVPOR/Page_cabi Edit Show - Add Guests/contact_search_box"), Keys.chord(ENTER)): Keys 'ENTER + ' sent to object: 'Object Repository/virualShowRSVPOR/Page_cabi Edit Show - Add Guests/contact_search_box'

2019-09-19 17:27:00 - [MESSAGE][PASSED] - Keys 'ENTER + ' sent to object: 'Object Repository/virualShowRSVPOR/Page_cabi Edit Show - Add Guests/contact_search_box'

2019-09-19 17:27:00 - [TEST_STEP][PASSED] - delay(2): Delayed 2 second(s)

2019-09-19 17:27:02 - [MESSAGE][PASSED] - Delayed 2 second(s)

2019-09-19 17:27:02 - [TEST_STEP][PASSED] - click(findTestObject("Object Repository/virualShowRSVPOR/Page_cabi Edit Show - Add Guests/a_add_guest")): Object: 'Object Repository/virualShowRSVPOR/Page_cabi Edit Show - Add Guests/a_add_guest' is clicked on

2019-09-19 17:27:03 - [MESSAGE][PASSED] - Object: 'Object Repository/virualShowRSVPOR/Page_cabi Edit Show - Add Guests/a_add_guest' is clicked on

2019-09-19 17:27:03 - [TEST_STEP][PASSED] - delay(5): Delayed 5 second(s)

2019-09-19 17:27:08 - [MESSAGE][PASSED] - Delayed 5 second(s)

2019-09-19 17:27:08 - [TEST_STEP][PASSED] - setText(findTestObject("Object Repository/virualShowRSVPOR/Page_cabi Edit Show - Add Guests/contact_search_box"), guest2): Text 'guest2-test abc' is set on object 'Object Repository/virualShowRSVPOR/Page_cabi Edit Show - Add Guests/contact_search_box'

2019-09-19 17:27:08 - [MESSAGE][PASSED] - Text 'guest2-test abc' is set on object 'Object Repository/virualShowRSVPOR/Page_cabi Edit Show - Add Guests/contact_search_box'

2019-09-19 17:27:08 - [TEST_STEP][PASSED] - delay(2): Delayed 2 second(s)

2019-09-19 17:27:10 - [MESSAGE][PASSED] - Delayed 2 second(s)

2019-09-19 17:27:10 - [TEST_STEP][PASSED] - sendKeys(findTestObject("Object Repository/virualShowRSVPOR/Page_cabi Edit Show - Add Guests/contact_search_box"), Keys.chord(ARROW_DOWN)): Keys 'DOWN + ' sent to object: 'Object Repository/virualShowRSVPOR/Page_cabi Edit Show - Add Guests/contact_search_box'

2019-09-19 17:27:10 - [MESSAGE][PASSED] - Keys 'DOWN + ' sent to object: 'Object Repository/virualShowRSVPOR/Page_cabi Edit Show - Add Guests/contact_search_box'

2019-09-19 17:27:10 - [TEST_STEP][PASSED] - sendKeys(findTestObject("Object Repository/virualShowRSVPOR/Page_cabi Edit Show - Add Guests/contact_search_box"), Keys.chord(ENTER)): Keys 'ENTER + ' sent to object: 'Object Repository/virualShowRSVPOR/Page_cabi Edit Show - Add Guests/contact_search_box'

2019-09-19 17:27:10 - [MESSAGE][PASSED] - Keys 'ENTER + ' sent to object: 'Object Repository/virualShowRSVPOR/Page_cabi Edit Show - Add Guests/contact_search_box'

2019-09-19 17:27:10 - [TEST_STEP][PASSED] - delay(2): Delayed 2 second(s)

2019-09-19 17:27:12 - [MESSAGE][PASSED] - Delayed 2 second(s)

2019-09-19 17:27:12 - [TEST_STEP][PASSED] - click(findTestObject("Object Repository/virualShowRSVPOR/Page_cabi Edit Show - Add Guests/a_add_guest")): Object: 'Object Repository/virualShowRSVPOR/Page_cabi Edit Show - Add Guests/a_add_guest' is clicked on

2019-09-19 17:27:13 - [MESSAGE][PASSED] - Object: 'Object Repository/virualShowRSVPOR/Page_cabi Edit Show - Add Guests/a_add_guest' is clicked on

2019-09-19 17:27:13 - [TEST_STEP][PASSED] - delay(2): Delayed 2 second(s)

2019-09-19 17:27:15 - [MESSAGE][PASSED] - Delayed 2 second(s)

2019-09-19 17:27:15 - [TEST_STEP][PASSED] - verifyHostess = UtilityMethods.splitPersonName(hostess): null

2019-09-19 17:27:15 - [TEST_STEP][PASSED] - verifyCohostess = UtilityMethods.splitPersonName(cohostess): null

2019-09-19 17:27:15 - [TEST_STEP][PASSED] - verifyGuest1 = UtilityMethods.splitPersonName(guest1): null

2019-09-19 17:27:15 - [TEST_STEP][PASSED] - verifyGuest2 = UtilityMethods.splitPersonName(guest2): null

2019-09-19 17:27:15 - [TEST_STEP][PASSED] - verifyElementText(findTestObject("Object Repository/virualShowRSVPOR/Page_cabi Edit Show - Add Guests/span_hostess_name"), UtilityMethods.concat(verifyHostess[1], ", ", verifyHostess[0])): Actual text and expected text of test object 'Object Repository/virualShowRSVPOR/Page_cabi Edit Show - Add Guests/span_hostess_name' are matched.

2019-09-19 17:27:15 - [MESSAGE][PASSED] - Actual text and expected text of test object 'Object Repository/virualShowRSVPOR/Page_cabi Edit Show - Add Guests/span_hostess_name' are matched.

2019-09-19 17:27:15 - [TEST_STEP][PASSED] - verifyElementText(findTestObject("Object Repository/virualShowRSVPOR/Page_cabi Edit Show - Add Guests/span_cohostess_name"), UtilityMethods.concat(verifyCohostess[1], ", ", verifyCohostess[0])): Actual text and expected text of test object 'Object Repository/virualShowRSVPOR/Page_cabi Edit Show - Add Guests/span_cohostess_name' are matched.

2019-09-19 17:27:15 - [MESSAGE][PASSED] - Actual text and expected text of test object 'Object Repository/virualShowRSVPOR/Page_cabi Edit Show - Add Guests/span_cohostess_name' are matched.

2019-09-19 17:27:15 - [TEST_STEP][PASSED] - listElement = findWebElements(findTestObject("Object Repository/virualShowRSVPOR/Page_cabi Edit Show - Add Guests/span_guest_name_list"), 5): null

2019-09-19 17:27:15 - [TEST_STEP][PASSED] - guestCount = Integer.parseInt(verifyGuestCount): null

2019-09-19 17:27:15 - [TEST_STEP][PASSED] - assert listElement.size() == guestCount: null

2019-09-19 17:27:15 - [TEST_STEP][PASSED] - flag = false: null

2019-09-19 17:27:15 - [TEST_STEP][PASSED] - for ([i = 0, i < guestCount, (i++)]): null

2019-09-19 17:27:15 - [TEST_STEP][PASSED] - flag = false: null

2019-09-19 17:27:15 - [TEST_STEP][PASSED] - if (getText().equals(UtilityMethods.concat(verifyGuest1[1], ", ", verifyGuest1[0]))): null

2019-09-19 17:27:15 - [TEST_STEP][PASSED] - flag = true: null

2019-09-19 17:27:15 - [TEST_STEP][PASSED] - if (getText().equals(UtilityMethods.concat(verifyGuest2[1], ", ", verifyGuest2[0]))): null

2019-09-19 17:27:15 - [TEST_STEP][PASSED] - flag = false: null

2019-09-19 17:27:15 - [TEST_STEP][PASSED] - if (getText().equals(UtilityMethods.concat(verifyGuest1[1], ", ", verifyGuest1[0]))): null

2019-09-19 17:27:15 - [TEST_STEP][PASSED] - if (getText().equals(UtilityMethods.concat(verifyGuest2[1], ", ", verifyGuest2[0]))): null

2019-09-19 17:27:15 - [TEST_STEP][PASSED] - flag = true: null

2019-09-19 17:27:15 - [TEST_STEP][PASSED] - assert flag == true: null

2019-09-19 17:27:15 - [TEST_STEP][PASSED] - click(findTestObject("Object Repository/virualShowRSVPOR/Page_cabi Edit Show - Add Guests/input_Next")): Object: 'Object Repository/virualShowRSVPOR/Page_cabi Edit Show - Add Guests/input_Next' is clicked on

2019-09-19 17:27:17 - [MESSAGE][PASSED] - Object: 'Object Repository/virualShowRSVPOR/Page_cabi Edit Show - Add Guests/input_Next' is clicked on

2019-09-19 17:27:17 - [TEST_STEP][PASSED] - delay(5): Delayed 5 second(s)

2019-09-19 17:27:22 - [MESSAGE][PASSED] - Delayed 5 second(s)

2019-09-19 17:27:22 - [TEST_STEP][PASSED] - click(findTestObject("Object Repository/virualShowRSVPOR/Page_cabi Edit Show - Send Invitations/input_Overview")): Object: 'Object Repository/virualShowRSVPOR/Page_cabi Edit Show - Send Invitations/input_Overview' is clicked on

2019-09-19 17:27:24 - [MESSAGE][PASSED] - Object: 'Object Repository/virualShowRSVPOR/Page_cabi Edit Show - Send Invitations/input_Overview' is clicked on

2019-09-19 17:27:24 - [TEST_STEP][PASSED] - showID = getText(findTestObject("Object Repository/virualShowRSVPOR/Page_cabi Orders/li_Show_ID_Text")): Text of object 'Object Repository/virualShowRSVPOR/Page_cabi Orders/li_Show_ID_Text' is: 'Show #: 104739737'

2019-09-19 17:27:24 - [MESSAGE][PASSED] - Text of object 'Object Repository/virualShowRSVPOR/Page_cabi Orders/li_Show_ID_Text' is: 'Show #: 104739737'

2019-09-19 17:27:24 - [TEST_STEP][PASSED] - rightClick(findTestObject("Object Repository/virualShowRSVPOR/Page_cabi Orders/a_Account")): Object: 'Object Repository/virualShowRSVPOR/Page_cabi Orders/a_Account' is right clicked on

2019-09-19 17:27:24 - [MESSAGE][PASSED] - Object: 'Object Repository/virualShowRSVPOR/Page_cabi Orders/a_Account' is right clicked on

2019-09-19 17:27:24 - [TEST_STEP][PASSED] - click(findTestObject("Object Repository/virualShowRSVPOR/Page_cabi Orders/a_My Profile")): Object: 'Object Repository/virualShowRSVPOR/Page_cabi Orders/a_My Profile' is clicked on

2019-09-19 17:27:26 - [MESSAGE][PASSED] - Object: 'Object Repository/virualShowRSVPOR/Page_cabi Orders/a_My Profile' is clicked on

2019-09-19 17:27:26 - [TEST_STEP][PASSED] - rsName = getText(findTestObject("Object Repository/virualShowRSVPOR/Page_cabi My Profile/span_rsName")): Text of object 'Object Repository/virualShowRSVPOR/Page_cabi My Profile/span_rsName' is: 'MirandaKate'

2019-09-19 17:27:26 - [MESSAGE][PASSED] - Text of object 'Object Repository/virualShowRSVPOR/Page_cabi My Profile/span_rsName' is: 'MirandaKate'

2019-09-19 17:27:26 - [TEST_STEP][PASSED] - micrositeURL = UtilityMethods.createURL(rsName, RSTestEnvt, showID): null

2019-09-19 17:27:26 - [TEST_STEP][PASSED] - println(micrositeURL): null

2019-09-19 17:27:26 - [TEST_STEP][PASSED] - back(): Navigate back successfully

2019-09-19 17:27:27 - [MESSAGE][PASSED] - Navigate back successfully

2019-09-19 17:27:27 - [MESSAGE][PASSED] - Call Test Case 'Test Cases/VirtualShow/createShow' successfully

2019-09-19 17:27:27 - [TEST_STEP][PASSED] - click(findTestObject("Object Repository/virualShowRSVPOR/Page_cabi Edit Show - Send Invitations/a_orders")): Object: 'Object Repository/virualShowRSVPOR/Page_cabi Edit Show - Send Invitations/a_orders' is clicked on

2019-09-19 17:27:28 - [MESSAGE][PASSED] - Object: 'Object Repository/virualShowRSVPOR/Page_cabi Edit Show - Send Invitations/a_orders' is clicked on

2019-09-19 17:27:28 - [TEST_STEP][PASSED] - g1Vars = UtilityMethods.splitPersonName(guest1): null

2019-09-19 17:27:28 - [TEST_STEP][PASSED] - g1Var = UtilityMethods.concat(g1Vars[1], ", ", g1Vars[0]): null

2019-09-19 17:27:28 - [TEST_STEP][PASSED] - buttonPlaceOrder = UtilityMethods.createTestObject("buttoPlaceOrder", "//table[@class='show-order-table']/tbody/tr/td/span[contains(text(), '", g1Var, "')]/parent::td/following-sibling::td[1]/button"): null

2019-09-19 17:27:28 - [TEST_STEP][PASSED] - click(buttonPlaceOrder): Object: 'buttoPlaceOrder' is clicked on

2019-09-19 17:27:31 - [MESSAGE][PASSED] - Object: 'buttoPlaceOrder' is clicked on

2019-09-19 17:27:31 - [TEST_STEP][PASSED] - delay(3): Delayed 3 second(s)

2019-09-19 17:27:34 - [MESSAGE][PASSED] - Delayed 3 second(s)

2019-09-19 17:27:34 - [TEST_STEP][PASSED] - DTYMsg = "Hooray! This order is eligible for "Direct to You" shipping.": null

2019-09-19 17:27:34 - [TEST_STEP][PASSED] - println(getText(findTestObject("Object Repository/virualShowRSVPOR/DTY/label_DtyEligibility"))): Text of object 'Object Repository/virualShowRSVPOR/DTY/label_DtyEligibility' is: 'Hooray! This order is eligible for "Direct to You" shipping.'

2019-09-19 17:27:34 - [MESSAGE][PASSED] - Text of object 'Object Repository/virualShowRSVPOR/DTY/label_DtyEligibility' is: 'Hooray! This order is eligible for "Direct to You" shipping.'

2019-09-19 17:27:34 - [TEST_STEP][PASSED] - verifyElementText(findTestObject("Object Repository/virualShowRSVPOR/DTY/label_DtyEligibility"), DTYMsg, CONTINUE_ON_FAILURE): Actual text and expected text of test object 'Object Repository/virualShowRSVPOR/DTY/label_DtyEligibility' are matched.

2019-09-19 17:27:34 - [MESSAGE][PASSED] - Actual text and expected text of test object 'Object Repository/virualShowRSVPOR/DTY/label_DtyEligibility' are matched.

2019-09-19 17:27:34 - [TEST_STEP][PASSED] - check(findTestObject("Object Repository/Page_cabi Home/a_same_shipping_address")): Object 'Object Repository/Page_cabi Home/a_same_shipping_address' is checked

2019-09-19 17:27:34 - [MESSAGE][PASSED] - Object 'Object Repository/Page_cabi Home/a_same_shipping_address' is checked

2019-09-19 17:27:34 - [TEST_STEP][PASSED] - delay(3): Delayed 3 second(s)

2019-09-19 17:27:37 - [MESSAGE][PASSED] - Delayed 3 second(s)

2019-09-19 17:27:37 - [TEST_STEP][PASSED] - driver = getWebDriver(): null

2019-09-19 17:27:37 - [TEST_STEP][PASSED] - executor = driver: null

2019-09-19 17:27:37 - [TEST_STEP][PASSED] - executor.executeScript("arguments[0].click();", findWebElement(findTestObject("Object Repository/Page_cabi Home/a_order_items"), 5)): null

2019-09-19 17:27:37 - [TEST_STEP][PASSED] - click(findTestObject("Object Repository/Page_cabi Retail Store/span_quick_entry")): Object: 'Object Repository/Page_cabi Retail Store/span_quick_entry' is clicked on

2019-09-19 17:27:41 - [MESSAGE][PASSED] - Object: 'Object Repository/Page_cabi Retail Store/span_quick_entry' is clicked on

2019-09-19 17:27:41 - [TEST_STEP][PASSED] - delay(3): Delayed 3 second(s)

2019-09-19 17:27:44 - [MESSAGE][PASSED] - Delayed 3 second(s)

2019-09-19 17:27:44 - [TEST_STEP][PASSED] - emptyCart = findWebElements(findTestObject("Object Repository/Page_cabi Personal Store/removeFromCart"), 5): Unable to find the element located by 'By.xpath: //*[@id="removeFromCart_0"]/span'. Please recheck the objects properties to make sure the desired element is located. 

2019-09-19 17:27:49 - [MESSAGE][INFO] - Unable to find the element located by 'By.xpath: //*[@id="removeFromCart_0"]/span'. Please recheck the objects properties to make sure the desired element is located. 

2019-09-19 17:27:49 - [TEST_STEP][PASSED] - if (emptyCart.size() > 0): null

2019-09-19 17:27:49 - [TEST_STEP][PASSED] - addOnStyle = findTestData("miscData").getValue("addOnStyle", 1): null

2019-09-19 17:27:49 - [TEST_STEP][PASSED] - addOnStyle2 = findTestData("miscData").getValue("addOnStyle", 2): null

2019-09-19 17:27:49 - [TEST_STEP][PASSED] - setText(findTestObject("Object Repository/Page_cabi Create Order/input_Manual Discount_stylelookup_0"), addOnStyle): Text '3701' is set on object 'Object Repository/Page_cabi Create Order/input_Manual Discount_stylelookup_0'

2019-09-19 17:27:49 - [MESSAGE][PASSED] - Text '3701' is set on object 'Object Repository/Page_cabi Create Order/input_Manual Discount_stylelookup_0'

2019-09-19 17:27:49 - [TEST_STEP][PASSED] - delay(2): Delayed 2 second(s)

2019-09-19 17:27:51 - [MESSAGE][PASSED] - Delayed 2 second(s)

2019-09-19 17:27:51 - [TEST_STEP][PASSED] - sendKeys(findTestObject("Object Repository/Page_cabi Create Order/input_Manual Discount_stylelookup_0"), Keys.chord(ARROW_DOWN)): Keys 'DOWN + ' sent to object: 'Object Repository/Page_cabi Create Order/input_Manual Discount_stylelookup_0'

2019-09-19 17:27:51 - [MESSAGE][PASSED] - Keys 'DOWN + ' sent to object: 'Object Repository/Page_cabi Create Order/input_Manual Discount_stylelookup_0'

2019-09-19 17:27:51 - [TEST_STEP][PASSED] - delay(2): Delayed 2 second(s)

2019-09-19 17:27:53 - [MESSAGE][PASSED] - Delayed 2 second(s)

2019-09-19 17:27:53 - [TEST_STEP][PASSED] - sendKeys(findTestObject("Object Repository/Page_cabi Create Order/input_Manual Discount_stylelookup_0"), Keys.chord(ARROW_DOWN)): Keys 'DOWN + ' sent to object: 'Object Repository/Page_cabi Create Order/input_Manual Discount_stylelookup_0'

2019-09-19 17:27:53 - [MESSAGE][PASSED] - Keys 'DOWN + ' sent to object: 'Object Repository/Page_cabi Create Order/input_Manual Discount_stylelookup_0'

2019-09-19 17:27:53 - [TEST_STEP][PASSED] - sendKeys(findTestObject("Object Repository/Page_cabi Create Order/input_Manual Discount_stylelookup_0"), Keys.chord(ENTER)): Keys 'ENTER + ' sent to object: 'Object Repository/Page_cabi Create Order/input_Manual Discount_stylelookup_0'

2019-09-19 17:27:53 - [MESSAGE][PASSED] - Keys 'ENTER + ' sent to object: 'Object Repository/Page_cabi Create Order/input_Manual Discount_stylelookup_0'

2019-09-19 17:27:53 - [TEST_STEP][PASSED] - delay(5): Delayed 5 second(s)

2019-09-19 17:27:58 - [MESSAGE][PASSED] - Delayed 5 second(s)

2019-09-19 17:27:58 - [TEST_STEP][PASSED] - click(findTestObject("Object Repository/Page_cabi Order Items/selectSize")): Object: 'Object Repository/Page_cabi Order Items/selectSize' is clicked on

2019-09-19 17:27:58 - [MESSAGE][PASSED] - Object: 'Object Repository/Page_cabi Order Items/selectSize' is clicked on

2019-09-19 17:27:58 - [TEST_STEP][PASSED] - delay(3): Delayed 3 second(s)

2019-09-19 17:28:01 - [MESSAGE][PASSED] - Delayed 3 second(s)

2019-09-19 17:28:01 - [TEST_STEP][PASSED] - click(findTestObject("Object Repository/Page_cabi Order Items/span_Add to Cart")): Object: 'Object Repository/Page_cabi Order Items/span_Add to Cart' is clicked on

2019-09-19 17:28:01 - [MESSAGE][PASSED] - Object: 'Object Repository/Page_cabi Order Items/span_Add to Cart' is clicked on

2019-09-19 17:28:01 - [TEST_STEP][PASSED] - delay(5): Delayed 5 second(s)

2019-09-19 17:28:06 - [MESSAGE][PASSED] - Delayed 5 second(s)

2019-09-19 17:28:06 - [TEST_STEP][PASSED] - click(findTestObject("Object Repository/Page_cabi Order Items/a_next")): Object: 'Object Repository/Page_cabi Order Items/a_next' is clicked on

2019-09-19 17:28:06 - [MESSAGE][PASSED] - Object: 'Object Repository/Page_cabi Order Items/a_next' is clicked on

2019-09-19 17:28:06 - [TEST_STEP][PASSED] - delay(3): Delayed 3 second(s)

2019-09-19 17:28:09 - [MESSAGE][PASSED] - Delayed 3 second(s)

2019-09-19 17:28:09 - [TEST_STEP][PASSED] - verifyElementText(findTestObject("Object Repository/Page_cabi Shipping/label_DTYMsg1"), "This order is eligible for "Direct to You" shipping.", CONTINUE_ON_FAILURE): Actual text and expected text of test object 'Object Repository/Page_cabi Shipping/label_DTYMsg1' are matched.

2019-09-19 17:28:09 - [MESSAGE][PASSED] - Actual text and expected text of test object 'Object Repository/Page_cabi Shipping/label_DTYMsg1' are matched.

2019-09-19 17:28:09 - [TEST_STEP][PASSED] - delay(1): Delayed 1 second(s)

2019-09-19 17:28:10 - [MESSAGE][PASSED] - Delayed 1 second(s)

2019-09-19 17:28:10 - [TEST_STEP][PASSED] - verifyElementText(findTestObject("Object Repository/Page_cabi Shipping/label_DTYMsg2"), ""Direct to You" order must be paid by credit card or cabi Gift Card.", CONTINUE_ON_FAILURE): Actual text and expected text of test object 'Object Repository/Page_cabi Shipping/label_DTYMsg2' are matched.

2019-09-19 17:28:11 - [MESSAGE][PASSED] - Actual text and expected text of test object 'Object Repository/Page_cabi Shipping/label_DTYMsg2' are matched.

2019-09-19 17:28:11 - [TEST_STEP][PASSED] - delay(1): Delayed 1 second(s)

2019-09-19 17:28:12 - [MESSAGE][PASSED] - Delayed 1 second(s)

2019-09-19 17:28:12 - [TEST_STEP][PASSED] - verifyElementText(findTestObject("Object Repository/Page_cabi Shipping/label_DTYMsg3"), ""Direct to You" order can start being placed 2 days before the show date.", CONTINUE_ON_FAILURE): Actual text and expected text of test object 'Object Repository/Page_cabi Shipping/label_DTYMsg3' are matched.

2019-09-19 17:28:12 - [MESSAGE][PASSED] - Actual text and expected text of test object 'Object Repository/Page_cabi Shipping/label_DTYMsg3' are matched.

2019-09-19 17:28:12 - [TEST_STEP][PASSED] - delay(1): Delayed 1 second(s)

2019-09-19 17:28:13 - [MESSAGE][PASSED] - Delayed 1 second(s)

2019-09-19 17:28:13 - [TEST_STEP][PASSED] - click(findTestObject("Object Repository/Page_cabi Shipping/a_show_order_checkout_next")): Object: 'Object Repository/Page_cabi Shipping/a_show_order_checkout_next' is clicked on

2019-09-19 17:28:13 - [MESSAGE][PASSED] - Object: 'Object Repository/Page_cabi Shipping/a_show_order_checkout_next' is clicked on

2019-09-19 17:28:13 - [TEST_STEP][PASSED] - delay(1): Delayed 1 second(s)

2019-09-19 17:28:14 - [MESSAGE][PASSED] - Delayed 1 second(s)

2019-09-19 17:28:14 - [TEST_STEP][PASSED] - println(getText(findTestObject("Object Repository/Page_cabi Shipping/div_DTY-warning_popup"))): Text of object 'Object Repository/Page_cabi Shipping/div_DTY-warning_popup' is: 'This order is eligible for "Direct to You" shipping.
Do you want to change this order to "Direct to You" and ship immediately?'

2019-09-19 17:28:14 - [MESSAGE][PASSED] - Text of object 'Object Repository/Page_cabi Shipping/div_DTY-warning_popup' is: 'This order is eligible for "Direct to You" shipping.
Do you want to change this order to "Direct to You" and ship immediately?'

2019-09-19 17:28:14 - [TEST_STEP][PASSED] - verifyElementText(findTestObject("Object Repository/Page_cabi Shipping/div_DTY-warning_popup"), "This order is eligible for "Direct to You" shipping.
Do you want to change this order to "Direct to You" and ship immediately?"): Actual text and expected text of test object 'Object Repository/Page_cabi Shipping/div_DTY-warning_popup' are matched.

2019-09-19 17:28:14 - [MESSAGE][PASSED] - Actual text and expected text of test object 'Object Repository/Page_cabi Shipping/div_DTY-warning_popup' are matched.

2019-09-19 17:28:14 - [TEST_STEP][PASSED] - delay(1): Delayed 1 second(s)

2019-09-19 17:28:15 - [MESSAGE][PASSED] - Delayed 1 second(s)

2019-09-19 17:28:15 - [TEST_STEP][PASSED] - click(findTestObject("Object Repository/Page_cabi Shipping/button_DTY_warning_popup_ship_DTY")): Object: 'Object Repository/Page_cabi Shipping/button_DTY_warning_popup_ship_DTY' is clicked on

2019-09-19 17:28:15 - [MESSAGE][PASSED] - Object: 'Object Repository/Page_cabi Shipping/button_DTY_warning_popup_ship_DTY' is clicked on

2019-09-19 17:28:15 - [TEST_STEP][PASSED] - delay(1): Delayed 1 second(s)

2019-09-19 17:28:16 - [MESSAGE][PASSED] - Delayed 1 second(s)

2019-09-19 17:28:16 - [TEST_STEP][PASSED] - click(findTestObject("Object Repository/Page_cabi Shipping/a_make_first_payment")): Object: 'Object Repository/Page_cabi Shipping/a_make_first_payment' is clicked on

2019-09-19 17:28:17 - [MESSAGE][PASSED] - Object: 'Object Repository/Page_cabi Shipping/a_make_first_payment' is clicked on

2019-09-19 17:28:17 - [TEST_STEP][PASSED] - delay(3): Delayed 3 second(s)

2019-09-19 17:28:20 - [MESSAGE][PASSED] - Delayed 3 second(s)

2019-09-19 17:28:20 - [TEST_STEP][PASSED] - paymentOptions = findWebElements(findTestObject("Page_cabi Shipping/select_payment_options"), 20): null

2019-09-19 17:28:20 - [TEST_STEP][PASSED] - get(0).getAttribute(addOnStyle): null

2019-09-19 17:28:20 - [TEST_STEP][PASSED] - validPayOption = true: null

2019-09-19 17:28:20 - [TEST_STEP][PASSED] - for (org.openqa.selenium.WebElement we : paymentOptions): null

2019-09-19 17:28:20 - [TEST_STEP][PASSED] - option = we.getText(): null

2019-09-19 17:28:20 - [TEST_STEP][PASSED] - if (!(option.matches(".*[^\d]\d{4}$") || option.equalsIgnoreCase("Gift Card") || option.equalsIgnoreCase("Add New Credit Card"))): null

2019-09-19 17:28:20 - [TEST_STEP][PASSED] - option = we.getText(): null

2019-09-19 17:28:20 - [TEST_STEP][PASSED] - if (!(option.matches(".*[^\d]\d{4}$") || option.equalsIgnoreCase("Gift Card") || option.equalsIgnoreCase("Add New Credit Card"))): null

2019-09-19 17:28:20 - [TEST_STEP][PASSED] - option = we.getText(): null

2019-09-19 17:28:20 - [TEST_STEP][PASSED] - if (!(option.matches(".*[^\d]\d{4}$") || option.equalsIgnoreCase("Gift Card") || option.equalsIgnoreCase("Add New Credit Card"))): null

2019-09-19 17:28:20 - [TEST_STEP][PASSED] - option = we.getText(): null

2019-09-19 17:28:20 - [TEST_STEP][PASSED] - if (!(option.matches(".*[^\d]\d{4}$") || option.equalsIgnoreCase("Gift Card") || option.equalsIgnoreCase("Add New Credit Card"))): null

2019-09-19 17:28:20 - [TEST_STEP][PASSED] - option = we.getText(): null

2019-09-19 17:28:20 - [TEST_STEP][PASSED] - if (!(option.matches(".*[^\d]\d{4}$") || option.equalsIgnoreCase("Gift Card") || option.equalsIgnoreCase("Add New Credit Card"))): null

2019-09-19 17:28:20 - [TEST_STEP][PASSED] - option = we.getText(): null

2019-09-19 17:28:20 - [TEST_STEP][PASSED] - if (!(option.matches(".*[^\d]\d{4}$") || option.equalsIgnoreCase("Gift Card") || option.equalsIgnoreCase("Add New Credit Card"))): null

2019-09-19 17:28:20 - [TEST_STEP][PASSED] - option = we.getText(): null

2019-09-19 17:28:20 - [TEST_STEP][PASSED] - if (!(option.matches(".*[^\d]\d{4}$") || option.equalsIgnoreCase("Gift Card") || option.equalsIgnoreCase("Add New Credit Card"))): null

2019-09-19 17:28:20 - [TEST_STEP][PASSED] - option = we.getText(): null

2019-09-19 17:28:20 - [TEST_STEP][PASSED] - if (!(option.matches(".*[^\d]\d{4}$") || option.equalsIgnoreCase("Gift Card") || option.equalsIgnoreCase("Add New Credit Card"))): null

2019-09-19 17:28:20 - [TEST_STEP][PASSED] - option = we.getText(): null

2019-09-19 17:28:20 - [TEST_STEP][PASSED] - if (!(option.matches(".*[^\d]\d{4}$") || option.equalsIgnoreCase("Gift Card") || option.equalsIgnoreCase("Add New Credit Card"))): null

2019-09-19 17:28:20 - [TEST_STEP][PASSED] - sa = new org.testng.asserts.SoftAssert(): null

2019-09-19 17:28:20 - [TEST_STEP][PASSED] - sa.assertTrue(validPayOption): null

2019-09-19 17:28:20 - [TEST_STEP][PASSED] - verifyElementText(findTestObject("Object Repository/Page_cabi Shipping/li_DTY_payment_info"), ""Direct to You" orders require payment via credit card or cabi Gift Card.", CONTINUE_ON_FAILURE): Actual text and expected text of test object 'Object Repository/Page_cabi Shipping/li_DTY_payment_info' are matched.

2019-09-19 17:28:20 - [MESSAGE][PASSED] - Actual text and expected text of test object 'Object Repository/Page_cabi Shipping/li_DTY_payment_info' are matched.

2019-09-19 17:28:20 - [TEST_STEP][PASSED] - delay(3): Delayed 3 second(s)

2019-09-19 17:28:23 - [MESSAGE][PASSED] - Delayed 3 second(s)

2019-09-19 17:28:23 - [TEST_STEP][PASSED] - callTestCase(findTestCase("TestCaseUtilities/showOrderPaeymentCC"), [:], STOP_ON_FAILURE): Call Test Case 'Test Cases/TestCaseUtilities/showOrderPaeymentCC' successfully

2019-09-19 17:28:24 - [TEST_CASE][PASSED] - Test Cases/TestCaseUtilities/showOrderPaeymentCC: Test Cases/TestCaseUtilities/showOrderPaeymentCC

2019-09-19 17:28:24 - [TEST_STEP][PASSED] - driver = getWebDriver(): null

2019-09-19 17:28:24 - [TEST_STEP][PASSED] - executor = driver: null

2019-09-19 17:28:24 - [TEST_STEP][PASSED] - click(findTestObject("Object Repository/Page_cabi Shipping/select_payment_options_select")): Object: 'Object Repository/Page_cabi Shipping/select_payment_options_select' is clicked on

2019-09-19 17:28:24 - [MESSAGE][PASSED] - Object: 'Object Repository/Page_cabi Shipping/select_payment_options_select' is clicked on

2019-09-19 17:28:24 - [TEST_STEP][PASSED] - click(findTestObject("Object Repository/Page_cabi Shipping/select_payment_options_new_cc")): Object: 'Object Repository/Page_cabi Shipping/select_payment_options_new_cc' is clicked on

2019-09-19 17:28:24 - [MESSAGE][PASSED] - Object: 'Object Repository/Page_cabi Shipping/select_payment_options_new_cc' is clicked on

2019-09-19 17:28:24 - [TEST_STEP][PASSED] - delay(3): Delayed 3 second(s)

2019-09-19 17:28:27 - [MESSAGE][PASSED] - Delayed 3 second(s)

2019-09-19 17:28:27 - [TEST_STEP][PASSED] - executor.executeScript("arguments[0].click();", findWebElement(findTestObject("Object Repository/Page_cabi Shipping/select_payment_visa"), 10)): null

2019-09-19 17:28:27 - [TEST_STEP][PASSED] - setText(findTestObject("Object Repository/Page_cabi Shipping/select_payment_fname"), "abcd"): Text 'abcd' is set on object 'Object Repository/Page_cabi Shipping/select_payment_fname'

2019-09-19 17:28:27 - [MESSAGE][PASSED] - Text 'abcd' is set on object 'Object Repository/Page_cabi Shipping/select_payment_fname'

2019-09-19 17:28:27 - [TEST_STEP][PASSED] - setText(findTestObject("Object Repository/Page_cabi Shipping/select_payment_lname"), "fghi"): Text 'fghi' is set on object 'Object Repository/Page_cabi Shipping/select_payment_lname'

2019-09-19 17:28:27 - [MESSAGE][PASSED] - Text 'fghi' is set on object 'Object Repository/Page_cabi Shipping/select_payment_lname'

2019-09-19 17:28:27 - [TEST_STEP][PASSED] - setText(findTestObject("Object Repository/Page_cabi Shipping/select_payment_card_number"), "4111111111111111"): Text '4111111111111111' is set on object 'Object Repository/Page_cabi Shipping/select_payment_card_number'

2019-09-19 17:28:27 - [MESSAGE][PASSED] - Text '4111111111111111' is set on object 'Object Repository/Page_cabi Shipping/select_payment_card_number'

2019-09-19 17:28:27 - [TEST_STEP][PASSED] - click(findTestObject("Object Repository/Page_cabi Shipping/select_payment_exp_date_month")): Object: 'Object Repository/Page_cabi Shipping/select_payment_exp_date_month' is clicked on

2019-09-19 17:28:27 - [MESSAGE][PASSED] - Object: 'Object Repository/Page_cabi Shipping/select_payment_exp_date_month' is clicked on

2019-09-19 17:28:27 - [TEST_STEP][PASSED] - click(findTestObject("Object Repository/Page_cabi Shipping/select_payment_exp_date_year")): Object: 'Object Repository/Page_cabi Shipping/select_payment_exp_date_year' is clicked on

2019-09-19 17:28:27 - [MESSAGE][PASSED] - Object: 'Object Repository/Page_cabi Shipping/select_payment_exp_date_year' is clicked on

2019-09-19 17:28:27 - [TEST_STEP][PASSED] - executor.executeScript("arguments[0].click();", findWebElement(findTestObject("Object Repository/Page_cabi Shipping/input_select_billing_add_same_as_mailing_add"), 10)): null

2019-09-19 17:28:27 - [TEST_STEP][PASSED] - delay(3): Delayed 3 second(s)

2019-09-19 17:28:30 - [MESSAGE][PASSED] - Delayed 3 second(s)

2019-09-19 17:28:30 - [TEST_STEP][PASSED] - executor.executeScript("arguments[0].click();", findWebElement(findTestObject("Object Repository/Page_cabi Shipping/a_save_shipping_info"), 10)): null

2019-09-19 17:28:33 - [TEST_STEP][PASSED] - delay(2): Delayed 2 second(s)

2019-09-19 17:28:35 - [MESSAGE][PASSED] - Delayed 2 second(s)

2019-09-19 17:28:35 - [TEST_STEP][PASSED] - executor.executeScript("arguments[0].click();", findWebElement(findTestObject("Object Repository/Page_cabi Shipping/a_review_order"), 10)): null

2019-09-19 17:28:35 - [TEST_STEP][PASSED] - delay(2): Delayed 2 second(s)

2019-09-19 17:28:37 - [MESSAGE][PASSED] - Delayed 2 second(s)

2019-09-19 17:28:37 - [MESSAGE][PASSED] - Call Test Case 'Test Cases/TestCaseUtilities/showOrderPaeymentCC' successfully

2019-09-19 17:28:37 - [TEST_STEP][PASSED] - executor.executeScript("arguments[0].click();", findWebElement(findTestObject("Object Repository/Page_cabi Shipping/a_submit_order"), 10)): null

2019-09-19 17:28:38 - [TEST_STEP][PASSED] - click(findTestObject("Object Repository/Page_cabi Shipping/a_order_view")): Object: 'Object Repository/Page_cabi Shipping/a_order_view' is clicked on

2019-09-19 17:28:41 - [MESSAGE][PASSED] - Object: 'Object Repository/Page_cabi Shipping/a_order_view' is clicked on

2019-09-19 17:28:41 - [TEST_STEP][PASSED] - actualOrderStatus = getText(findTestObject("Object Repository/Page_cabi Shipping/span_order_status")): Text of object 'Object Repository/Page_cabi Shipping/span_order_status' is: 'ORDER STATUS : PENDING SHIPMENT 
ORDER # SH708243624  '

2019-09-19 17:28:41 - [MESSAGE][PASSED] - Text of object 'Object Repository/Page_cabi Shipping/span_order_status' is: 'ORDER STATUS : PENDING SHIPMENT 
ORDER # SH708243624  '

2019-09-19 17:28:41 - [TEST_STEP][PASSED] - expectedOrderStatus = "PENDING SHIPMENT": null

2019-09-19 17:28:41 - [TEST_STEP][PASSED] - sa.assertTrue(actualOrderStatus.contains(expectedOrderStatus)): null

2019-09-19 17:28:41 - [TEST_STEP][PASSED] - println(actualOrderStatus): null

2019-09-19 17:28:41 - [TEST_STEP][PASSED] - click(findTestObject("Object Repository/Page_cabi Shipping/a_back_to_orders")): Object: 'Object Repository/Page_cabi Shipping/a_back_to_orders' is clicked on

2019-09-19 17:28:43 - [MESSAGE][PASSED] - Object: 'Object Repository/Page_cabi Shipping/a_back_to_orders' is clicked on

2019-09-19 17:28:43 - [TEST_STEP][PASSED] - delay(2): Delayed 2 second(s)

2019-09-19 17:28:45 - [MESSAGE][PASSED] - Delayed 2 second(s)

2019-09-19 17:28:45 - [TEST_STEP][PASSED] - g2Vars = UtilityMethods.splitPersonName(guest2): null

2019-09-19 17:28:45 - [TEST_STEP][PASSED] - g2Var = UtilityMethods.concat(g2Vars[1], ", ", g2Vars[0]): null

2019-09-19 17:28:45 - [TEST_STEP][PASSED] - buttonPlaceOrder = UtilityMethods.createTestObject("buttoPlaceOrder", "//table[@class='show-order-table']/tbody/tr/td/span[contains(text(), '", g2Var, "')]/parent::td/following-sibling::td[1]/button"): null

2019-09-19 17:28:45 - [TEST_STEP][PASSED] - click(buttonPlaceOrder): Object: 'buttoPlaceOrder' is clicked on

2019-09-19 17:28:47 - [MESSAGE][PASSED] - Object: 'buttoPlaceOrder' is clicked on

2019-09-19 17:28:47 - [TEST_STEP][PASSED] - delay(3): Delayed 3 second(s)

2019-09-19 17:28:50 - [MESSAGE][PASSED] - Delayed 3 second(s)

2019-09-19 17:28:50 - [TEST_STEP][PASSED] - DTYMsg = "Hooray! This order is eligible for "Direct to You" shipping.": null

2019-09-19 17:28:50 - [TEST_STEP][PASSED] - println(getText(findTestObject("Object Repository/virualShowRSVPOR/DTY/label_DtyEligibility"))): Text of object 'Object Repository/virualShowRSVPOR/DTY/label_DtyEligibility' is: 'Hooray! This order is eligible for "Direct to You" shipping.'

2019-09-19 17:28:50 - [MESSAGE][PASSED] - Text of object 'Object Repository/virualShowRSVPOR/DTY/label_DtyEligibility' is: 'Hooray! This order is eligible for "Direct to You" shipping.'

2019-09-19 17:28:50 - [TEST_STEP][PASSED] - verifyElementText(findTestObject("Object Repository/virualShowRSVPOR/DTY/label_DtyEligibility"), DTYMsg, CONTINUE_ON_FAILURE): Actual text and expected text of test object 'Object Repository/virualShowRSVPOR/DTY/label_DtyEligibility' are matched.

2019-09-19 17:28:50 - [MESSAGE][PASSED] - Actual text and expected text of test object 'Object Repository/virualShowRSVPOR/DTY/label_DtyEligibility' are matched.

2019-09-19 17:28:50 - [TEST_STEP][PASSED] - check(findTestObject("Object Repository/Page_cabi Home/a_same_shipping_address")): Object 'Object Repository/Page_cabi Home/a_same_shipping_address' is checked

2019-09-19 17:28:50 - [MESSAGE][PASSED] - Object 'Object Repository/Page_cabi Home/a_same_shipping_address' is checked

2019-09-19 17:28:50 - [TEST_STEP][PASSED] - delay(3): Delayed 3 second(s)

2019-09-19 17:28:53 - [MESSAGE][PASSED] - Delayed 3 second(s)

2019-09-19 17:28:53 - [TEST_STEP][PASSED] - driver = getWebDriver(): null

2019-09-19 17:28:53 - [TEST_STEP][PASSED] - executor = driver: null

2019-09-19 17:28:53 - [TEST_STEP][PASSED] - executor.executeScript("arguments[0].click();", findWebElement(findTestObject("Object Repository/Page_cabi Home/a_order_items"), 5)): null

2019-09-19 17:28:53 - [TEST_STEP][PASSED] - click(findTestObject("Object Repository/Page_cabi Retail Store/span_quick_entry")): Object: 'Object Repository/Page_cabi Retail Store/span_quick_entry' is clicked on

2019-09-19 17:28:56 - [MESSAGE][PASSED] - Object: 'Object Repository/Page_cabi Retail Store/span_quick_entry' is clicked on

2019-09-19 17:28:56 - [TEST_STEP][PASSED] - delay(3): Delayed 3 second(s)

2019-09-19 17:28:59 - [MESSAGE][PASSED] - Delayed 3 second(s)

2019-09-19 17:28:59 - [TEST_STEP][PASSED] - emptyCart = findWebElements(findTestObject("Object Repository/Page_cabi Personal Store/removeFromCart"), 5): Unable to find the element located by 'By.xpath: //*[@id="removeFromCart_0"]/span'. Please recheck the objects properties to make sure the desired element is located. 

2019-09-19 17:29:04 - [MESSAGE][INFO] - Unable to find the element located by 'By.xpath: //*[@id="removeFromCart_0"]/span'. Please recheck the objects properties to make sure the desired element is located. 

2019-09-19 17:29:04 - [TEST_STEP][PASSED] - if (emptyCart.size() > 0): null

2019-09-19 17:29:04 - [TEST_STEP][PASSED] - addOnStyle = findTestData("miscData").getValue("addOnStyle", 1): null

2019-09-19 17:29:04 - [TEST_STEP][PASSED] - setText(findTestObject("Object Repository/Page_cabi Create Order/input_Manual Discount_stylelookup_0"), addOnStyle): Text '3701' is set on object 'Object Repository/Page_cabi Create Order/input_Manual Discount_stylelookup_0'

2019-09-19 17:29:04 - [MESSAGE][PASSED] - Text '3701' is set on object 'Object Repository/Page_cabi Create Order/input_Manual Discount_stylelookup_0'

2019-09-19 17:29:04 - [TEST_STEP][PASSED] - delay(2): Delayed 2 second(s)

2019-09-19 17:29:06 - [MESSAGE][PASSED] - Delayed 2 second(s)

2019-09-19 17:29:06 - [TEST_STEP][PASSED] - sendKeys(findTestObject("Object Repository/Page_cabi Create Order/input_Manual Discount_stylelookup_0"), Keys.chord(ARROW_DOWN)): Keys 'DOWN + ' sent to object: 'Object Repository/Page_cabi Create Order/input_Manual Discount_stylelookup_0'

2019-09-19 17:29:07 - [MESSAGE][PASSED] - Keys 'DOWN + ' sent to object: 'Object Repository/Page_cabi Create Order/input_Manual Discount_stylelookup_0'

2019-09-19 17:29:07 - [TEST_STEP][PASSED] - delay(2): Delayed 2 second(s)

2019-09-19 17:29:09 - [MESSAGE][PASSED] - Delayed 2 second(s)

2019-09-19 17:29:09 - [TEST_STEP][PASSED] - sendKeys(findTestObject("Object Repository/Page_cabi Create Order/input_Manual Discount_stylelookup_0"), Keys.chord(ARROW_DOWN)): Keys 'DOWN + ' sent to object: 'Object Repository/Page_cabi Create Order/input_Manual Discount_stylelookup_0'

2019-09-19 17:29:09 - [MESSAGE][PASSED] - Keys 'DOWN + ' sent to object: 'Object Repository/Page_cabi Create Order/input_Manual Discount_stylelookup_0'

2019-09-19 17:29:09 - [TEST_STEP][PASSED] - sendKeys(findTestObject("Object Repository/Page_cabi Create Order/input_Manual Discount_stylelookup_0"), Keys.chord(ENTER)): Keys 'ENTER + ' sent to object: 'Object Repository/Page_cabi Create Order/input_Manual Discount_stylelookup_0'

2019-09-19 17:29:09 - [MESSAGE][PASSED] - Keys 'ENTER + ' sent to object: 'Object Repository/Page_cabi Create Order/input_Manual Discount_stylelookup_0'

2019-09-19 17:29:09 - [TEST_STEP][PASSED] - delay(5): Delayed 5 second(s)

2019-09-19 17:29:14 - [MESSAGE][PASSED] - Delayed 5 second(s)

2019-09-19 17:29:14 - [TEST_STEP][PASSED] - click(findTestObject("Object Repository/Page_cabi Order Items/selectSize")): Object: 'Object Repository/Page_cabi Order Items/selectSize' is clicked on

2019-09-19 17:29:14 - [MESSAGE][PASSED] - Object: 'Object Repository/Page_cabi Order Items/selectSize' is clicked on

2019-09-19 17:29:14 - [TEST_STEP][PASSED] - delay(3): Delayed 3 second(s)

2019-09-19 17:29:17 - [MESSAGE][PASSED] - Delayed 3 second(s)

2019-09-19 17:29:17 - [TEST_STEP][PASSED] - click(findTestObject("Object Repository/Page_cabi Order Items/span_Add to Cart")): Object: 'Object Repository/Page_cabi Order Items/span_Add to Cart' is clicked on

2019-09-19 17:29:17 - [MESSAGE][PASSED] - Object: 'Object Repository/Page_cabi Order Items/span_Add to Cart' is clicked on

2019-09-19 17:29:17 - [TEST_STEP][PASSED] - delay(5): Delayed 5 second(s)

2019-09-19 17:29:22 - [MESSAGE][PASSED] - Delayed 5 second(s)

2019-09-19 17:29:22 - [TEST_STEP][PASSED] - click(findTestObject("Object Repository/Page_cabi Order Items/a_next")): Object: 'Object Repository/Page_cabi Order Items/a_next' is clicked on

2019-09-19 17:29:22 - [MESSAGE][PASSED] - Object: 'Object Repository/Page_cabi Order Items/a_next' is clicked on

2019-09-19 17:29:22 - [TEST_STEP][PASSED] - delay(3): Delayed 3 second(s)

2019-09-19 17:29:25 - [MESSAGE][PASSED] - Delayed 3 second(s)

2019-09-19 17:29:25 - [TEST_STEP][PASSED] - verifyElementText(findTestObject("Object Repository/Page_cabi Shipping/label_DTYMsg1"), "This order is eligible for "Direct to You" shipping.", CONTINUE_ON_FAILURE): Actual text and expected text of test object 'Object Repository/Page_cabi Shipping/label_DTYMsg1' are matched.

2019-09-19 17:29:25 - [MESSAGE][PASSED] - Actual text and expected text of test object 'Object Repository/Page_cabi Shipping/label_DTYMsg1' are matched.

2019-09-19 17:29:25 - [TEST_STEP][PASSED] - delay(1): Delayed 1 second(s)

2019-09-19 17:29:26 - [MESSAGE][PASSED] - Delayed 1 second(s)

2019-09-19 17:29:26 - [TEST_STEP][PASSED] - verifyElementText(findTestObject("Object Repository/Page_cabi Shipping/label_DTYMsg2"), ""Direct to You" order must be paid by credit card or cabi Gift Card.", CONTINUE_ON_FAILURE): Actual text and expected text of test object 'Object Repository/Page_cabi Shipping/label_DTYMsg2' are matched.

2019-09-19 17:29:26 - [MESSAGE][PASSED] - Actual text and expected text of test object 'Object Repository/Page_cabi Shipping/label_DTYMsg2' are matched.

2019-09-19 17:29:26 - [TEST_STEP][PASSED] - delay(1): Delayed 1 second(s)

2019-09-19 17:29:27 - [MESSAGE][PASSED] - Delayed 1 second(s)

2019-09-19 17:29:27 - [TEST_STEP][PASSED] - verifyElementText(findTestObject("Object Repository/Page_cabi Shipping/label_DTYMsg3"), ""Direct to You" order can start being placed 2 days before the show date.", CONTINUE_ON_FAILURE): Actual text and expected text of test object 'Object Repository/Page_cabi Shipping/label_DTYMsg3' are matched.

2019-09-19 17:29:27 - [MESSAGE][PASSED] - Actual text and expected text of test object 'Object Repository/Page_cabi Shipping/label_DTYMsg3' are matched.

2019-09-19 17:29:27 - [TEST_STEP][PASSED] - delay(1): Delayed 1 second(s)

2019-09-19 17:29:28 - [MESSAGE][PASSED] - Delayed 1 second(s)

2019-09-19 17:29:28 - [TEST_STEP][PASSED] - click(findTestObject("Object Repository/Page_cabi Shipping/select_ship_to_guest_add")): Object: 'Object Repository/Page_cabi Shipping/select_ship_to_guest_add' is clicked on

2019-09-19 17:29:28 - [MESSAGE][PASSED] - Object: 'Object Repository/Page_cabi Shipping/select_ship_to_guest_add' is clicked on

2019-09-19 17:29:28 - [TEST_STEP][PASSED] - delay(5): Delayed 5 second(s)

2019-09-19 17:29:33 - [MESSAGE][PASSED] - Delayed 5 second(s)

2019-09-19 17:29:33 - [TEST_STEP][PASSED] - click(findTestObject("Object Repository/Page_cabi Shipping/a_show_order_checkout_next")): Object: 'Object Repository/Page_cabi Shipping/a_show_order_checkout_next' is clicked on

2019-09-19 17:29:33 - [MESSAGE][PASSED] - Object: 'Object Repository/Page_cabi Shipping/a_show_order_checkout_next' is clicked on

2019-09-19 17:29:33 - [TEST_STEP][PASSED] - delay(1): Delayed 1 second(s)

2019-09-19 17:29:34 - [MESSAGE][PASSED] - Delayed 1 second(s)

2019-09-19 17:29:34 - [TEST_STEP][PASSED] - println(getText(findTestObject("Object Repository/Page_cabi Shipping/div_DTY-warning_popup"))): Text of object 'Object Repository/Page_cabi Shipping/div_DTY-warning_popup' is: 'This order is eligible for "Direct to You" shipping.
Do you want to change this order to "Direct to You" and ship immediately?'

2019-09-19 17:29:34 - [MESSAGE][PASSED] - Text of object 'Object Repository/Page_cabi Shipping/div_DTY-warning_popup' is: 'This order is eligible for "Direct to You" shipping.
Do you want to change this order to "Direct to You" and ship immediately?'

2019-09-19 17:29:34 - [TEST_STEP][PASSED] - verifyElementText(findTestObject("Object Repository/Page_cabi Shipping/div_DTY-warning_popup"), "This order is eligible for "Direct to You" shipping.
Do you want to change this order to "Direct to You" and ship immediately?"): Actual text and expected text of test object 'Object Repository/Page_cabi Shipping/div_DTY-warning_popup' are matched.

2019-09-19 17:29:34 - [MESSAGE][PASSED] - Actual text and expected text of test object 'Object Repository/Page_cabi Shipping/div_DTY-warning_popup' are matched.

2019-09-19 17:29:34 - [TEST_STEP][PASSED] - delay(1): Delayed 1 second(s)

2019-09-19 17:29:35 - [MESSAGE][PASSED] - Delayed 1 second(s)

2019-09-19 17:29:35 - [TEST_STEP][PASSED] - click(findTestObject("Object Repository/Page_cabi Shipping/button_DTY_warning_popup_no_ship_DTY")): Object: 'Object Repository/Page_cabi Shipping/button_DTY_warning_popup_no_ship_DTY' is clicked on

2019-09-19 17:29:35 - [MESSAGE][PASSED] - Object: 'Object Repository/Page_cabi Shipping/button_DTY_warning_popup_no_ship_DTY' is clicked on

2019-09-19 17:29:35 - [TEST_STEP][PASSED] - delay(1): Delayed 1 second(s)

2019-09-19 17:29:36 - [MESSAGE][PASSED] - Delayed 1 second(s)

2019-09-19 17:29:36 - [TEST_STEP][PASSED] - click(findTestObject("Object Repository/Page_cabi Shipping/a_make_first_payment")): Object: 'Object Repository/Page_cabi Shipping/a_make_first_payment' is clicked on

2019-09-19 17:29:38 - [MESSAGE][PASSED] - Object: 'Object Repository/Page_cabi Shipping/a_make_first_payment' is clicked on

2019-09-19 17:29:38 - [TEST_STEP][PASSED] - delay(3): Delayed 3 second(s)

2019-09-19 17:29:41 - [MESSAGE][PASSED] - Delayed 3 second(s)

2019-09-19 17:29:41 - [TEST_STEP][PASSED] - DTYMsgs = findWebElements(findTestObject("Object Repository/Page_cabi Shipping/li_DTY_payment_info"), 5): null

2019-09-19 17:29:41 - [TEST_STEP][PASSED] - if (DTYMsgs.size() > 0): null

2019-09-19 17:29:41 - [TEST_STEP][PASSED] - sa.assertTrue(false): null

2019-09-19 17:29:41 - [TEST_STEP][PASSED] - click(findTestObject("Object Repository/Page_cabi Shipping/select_payment_options_select")): Object: 'Object Repository/Page_cabi Shipping/select_payment_options_select' is clicked on

2019-09-19 17:29:41 - [MESSAGE][PASSED] - Object: 'Object Repository/Page_cabi Shipping/select_payment_options_select' is clicked on

2019-09-19 17:29:41 - [TEST_STEP][PASSED] - click(findTestObject("Object Repository/Page_cabi Shipping/select_payment_options_cash")): Object: 'Object Repository/Page_cabi Shipping/select_payment_options_cash' is clicked on

2019-09-19 17:29:41 - [MESSAGE][PASSED] - Object: 'Object Repository/Page_cabi Shipping/select_payment_options_cash' is clicked on

2019-09-19 17:29:41 - [TEST_STEP][PASSED] - delay(1): Delayed 1 second(s)

2019-09-19 17:29:42 - [MESSAGE][PASSED] - Delayed 1 second(s)

2019-09-19 17:29:42 - [TEST_STEP][PASSED] - executor.executeScript("arguments[0].click();", findWebElement(findTestObject("Object Repository/Page_cabi Shipping/a_review_order"), 10)): null

2019-09-19 17:29:42 - [TEST_STEP][PASSED] - delay(2): Delayed 2 second(s)

2019-09-19 17:29:44 - [MESSAGE][PASSED] - Delayed 2 second(s)

2019-09-19 17:29:44 - [TEST_STEP][PASSED] - executor.executeScript("arguments[0].click();", findWebElement(findTestObject("Object Repository/Page_cabi Shipping/a_submit_order"), 10)): null

2019-09-19 17:29:45 - [TEST_STEP][PASSED] - click(findTestObject("Object Repository/Page_cabi Shipping/a_order_view")): Object: 'Object Repository/Page_cabi Shipping/a_order_view' is clicked on

2019-09-19 17:29:47 - [MESSAGE][PASSED] - Object: 'Object Repository/Page_cabi Shipping/a_order_view' is clicked on

2019-09-19 17:29:47 - [TEST_STEP][PASSED] - actualOrderStatus = getText(findTestObject("Object Repository/Page_cabi Shipping/span_order_status")): Text of object 'Object Repository/Page_cabi Shipping/span_order_status' is: 'ORDER STATUS : OPEN 
ORDER # SH708243625  '

2019-09-19 17:29:47 - [MESSAGE][PASSED] - Text of object 'Object Repository/Page_cabi Shipping/span_order_status' is: 'ORDER STATUS : OPEN 
ORDER # SH708243625  '

2019-09-19 17:29:47 - [TEST_STEP][PASSED] - expectedOrderStatus = "OPEN": null

2019-09-19 17:29:47 - [TEST_STEP][PASSED] - sa.assertTrue(actualOrderStatus.contains(expectedOrderStatus)): null

2019-09-19 17:29:47 - [TEST_STEP][PASSED] - println(actualOrderStatus): null

2019-09-19 17:29:47 - [TEST_STEP][PASSED] - click(findTestObject("Object Repository/Page_cabi Shipping/a_back_to_orders")): Object: 'Object Repository/Page_cabi Shipping/a_back_to_orders' is clicked on

2019-09-19 17:29:48 - [MESSAGE][PASSED] - Object: 'Object Repository/Page_cabi Shipping/a_back_to_orders' is clicked on

2019-09-19 17:29:48 - [TEST_STEP][PASSED] - delay(2): Delayed 2 second(s)

2019-09-19 17:29:50 - [MESSAGE][PASSED] - Delayed 2 second(s)

2019-09-19 17:29:50 - [TEST_STEP][PASSED] - ActualDTYOptedOrderStatus = getText(UtilityMethods.createTestObject("DTYOptedOrderStatus", "//table[@class='show-order-table']/tbody/tr/td/span[contains(text(), '", g1Var, "')]/parent::td/following-sibling::td[@class='order-status']")): Text of object 'DTYOptedOrderStatus' is: 'Completed
Sep 19 4:58 AM'

2019-09-19 17:29:50 - [MESSAGE][PASSED] - Text of object 'DTYOptedOrderStatus' is: 'Completed
Sep 19 4:58 AM'

2019-09-19 17:29:50 - [TEST_STEP][PASSED] - ActualDTYNonOptedOrderStatus = getText(UtilityMethods.createTestObject("DTYOptedOrderStatus", "//table[@class='show-order-table']/tbody/tr/td/span[contains(text(), '", g2Var, "')]/parent::td/following-sibling::td[@class='order-status']")): Text of object 'DTYOptedOrderStatus' is: 'Completed
Sep 19 4:59 AM'

2019-09-19 17:29:50 - [MESSAGE][PASSED] - Text of object 'DTYOptedOrderStatus' is: 'Completed
Sep 19 4:59 AM'

2019-09-19 17:29:50 - [TEST_STEP][PASSED] - sa.assertEquals(ActualDTYOptedOrderStatus, "PENDING SHIPMENT"): null

2019-09-19 17:29:50 - [TEST_STEP][PASSED] - sa.assertEquals(ActualDTYNonOptedOrderStatus, "Completed"): null

2019-09-19 17:29:50 - [TEST_STEP][PASSED] - buttonEditDTYOptedOrder = UtilityMethods.createTestObject("buttonEditDTYOptedOrder", "//table[@class='show-order-table']/tbody/tr/td/span[contains(text(), '", g1Var, "')]/parent::td/following-sibling::td[@class='column-order']/a"): null

2019-09-19 17:29:50 - [TEST_STEP][PASSED] - click(buttonEditDTYOptedOrder): Object: 'buttonEditDTYOptedOrder' is clicked on

2019-09-19 17:29:51 - [MESSAGE][PASSED] - Object: 'buttonEditDTYOptedOrder' is clicked on

2019-09-19 17:29:51 - [TEST_STEP][PASSED] - click(findTestObject("Object Repository/Page_cabi Shipping/a_edit_order")): Object: 'Object Repository/Page_cabi Shipping/a_edit_order' is clicked on

2019-09-19 17:29:56 - [MESSAGE][PASSED] - Object: 'Object Repository/Page_cabi Shipping/a_edit_order' is clicked on

2019-09-19 17:29:56 - [TEST_STEP][PASSED] - click(findTestObject("Object Repository/Page_cabi Shipping/a_edit_order_shipping")): Object: 'Object Repository/Page_cabi Shipping/a_edit_order_shipping' is clicked on

2019-09-19 17:29:56 - [MESSAGE][PASSED] - Object: 'Object Repository/Page_cabi Shipping/a_edit_order_shipping' is clicked on

2019-09-19 17:29:56 - [TEST_STEP][PASSED] - checkDisabled = verifyElementHasAttribute(findTestObject("Object Repository/Page_cabi Shipping/check_as_dty_order"), "disabled", 20, CONTINUE_ON_FAILURE): Object 'Object Repository/Page_cabi Shipping/check_as_dty_order' has attribute 'disabled'

2019-09-19 17:29:57 - [MESSAGE][PASSED] - Object 'Object Repository/Page_cabi Shipping/check_as_dty_order' has attribute 'disabled'

2019-09-19 17:29:57 - [TEST_STEP][PASSED] - checkChecked = verifyElementHasAttribute(findTestObject("Object Repository/Page_cabi Shipping/check_as_dty_order"), "checked", 20, CONTINUE_ON_FAILURE): Object 'Object Repository/Page_cabi Shipping/check_as_dty_order' has attribute 'checked'

2019-09-19 17:29:57 - [MESSAGE][PASSED] - Object 'Object Repository/Page_cabi Shipping/check_as_dty_order' has attribute 'checked'

2019-09-19 17:29:57 - [TEST_STEP][PASSED] - if (checkDisabled && checkChecked): Object 'Object Repository/Page_cabi Shipping/check_as_dty_order' has attribute 'checked' with value 'true'

2019-09-19 17:29:57 - [TEST_STEP][PASSED] - verifyElementAttributeValue(findTestObject("Object Repository/Page_cabi Shipping/check_as_dty_order"), "disabled", "true", 20): Object 'Object Repository/Page_cabi Shipping/check_as_dty_order' has attribute 'disabled' with value 'true'

2019-09-19 17:29:57 - [MESSAGE][PASSED] - Object 'Object Repository/Page_cabi Shipping/check_as_dty_order' has attribute 'disabled' with value 'true'

2019-09-19 17:29:57 - [TEST_STEP][PASSED] - verifyElementAttributeValue(findTestObject("Object Repository/Page_cabi Shipping/check_as_dty_order"), "checked", "true", 20): Object 'Object Repository/Page_cabi Shipping/check_as_dty_order' has attribute 'checked' with value 'true'

2019-09-19 17:29:57 - [MESSAGE][PASSED] - Object 'Object Repository/Page_cabi Shipping/check_as_dty_order' has attribute 'checked' with value 'true'

2019-09-19 17:29:57 - [TEST_STEP][PASSED] - delay(2): Delayed 2 second(s)

2019-09-19 17:29:59 - [MESSAGE][PASSED] - Delayed 2 second(s)

2019-09-19 17:29:59 - [TEST_STEP][PASSED] - click(findTestObject("Object Repository/Page_cabi Shipping/a_edit_order_cancel")): Object: 'Object Repository/Page_cabi Shipping/a_edit_order_cancel' is clicked on

2019-09-19 17:30:01 - [MESSAGE][PASSED] - Object: 'Object Repository/Page_cabi Shipping/a_edit_order_cancel' is clicked on

2019-09-19 17:30:01 - [TEST_STEP][PASSED] - delay(1): Delayed 1 second(s)

2019-09-19 17:30:02 - [MESSAGE][PASSED] - Delayed 1 second(s)

2019-09-19 17:30:02 - [TEST_STEP][PASSED] - click(findTestObject("Object Repository/Page_cabi Shipping/a_invitaions")): Object: 'Object Repository/Page_cabi Shipping/a_invitaions' is clicked on

2019-09-19 17:30:05 - [MESSAGE][PASSED] - Object: 'Object Repository/Page_cabi Shipping/a_invitaions' is clicked on

2019-09-19 17:30:05 - [TEST_STEP][PASSED] - guest3 = findTestData(dataFile).getValue("guest3", 1): null

2019-09-19 17:30:05 - [TEST_STEP][PASSED] - executor.executeScript("arguments[0].click();", findWebElement(findTestObject("Object Repository/virualShowRSVPOR/Page_cabi Edit Show - Add Guests/a_add_guests"), 10)): null

2019-09-19 17:30:07 - [TEST_STEP][PASSED] - setText(findTestObject("Object Repository/virualShowRSVPOR/Page_cabi Edit Show - Add Guests/contact_search_box"), guest3): Text 'guest3-test abc' is set on object 'Object Repository/virualShowRSVPOR/Page_cabi Edit Show - Add Guests/contact_search_box'

2019-09-19 17:30:07 - [MESSAGE][PASSED] - Text 'guest3-test abc' is set on object 'Object Repository/virualShowRSVPOR/Page_cabi Edit Show - Add Guests/contact_search_box'

2019-09-19 17:30:07 - [TEST_STEP][PASSED] - delay(2): Delayed 2 second(s)

2019-09-19 17:30:09 - [MESSAGE][PASSED] - Delayed 2 second(s)

2019-09-19 17:30:09 - [TEST_STEP][PASSED] - sendKeys(findTestObject("Object Repository/virualShowRSVPOR/Page_cabi Edit Show - Add Guests/contact_search_box"), Keys.chord(ARROW_DOWN)): Keys 'DOWN + ' sent to object: 'Object Repository/virualShowRSVPOR/Page_cabi Edit Show - Add Guests/contact_search_box'

2019-09-19 17:30:10 - [MESSAGE][PASSED] - Keys 'DOWN + ' sent to object: 'Object Repository/virualShowRSVPOR/Page_cabi Edit Show - Add Guests/contact_search_box'

2019-09-19 17:30:10 - [TEST_STEP][PASSED] - sendKeys(findTestObject("Object Repository/virualShowRSVPOR/Page_cabi Edit Show - Add Guests/contact_search_box"), Keys.chord(ENTER)): Keys 'ENTER + ' sent to object: 'Object Repository/virualShowRSVPOR/Page_cabi Edit Show - Add Guests/contact_search_box'

2019-09-19 17:30:10 - [MESSAGE][PASSED] - Keys 'ENTER + ' sent to object: 'Object Repository/virualShowRSVPOR/Page_cabi Edit Show - Add Guests/contact_search_box'

2019-09-19 17:30:10 - [TEST_STEP][PASSED] - delay(2): Delayed 2 second(s)

2019-09-19 17:30:12 - [MESSAGE][PASSED] - Delayed 2 second(s)

2019-09-19 17:30:12 - [TEST_STEP][PASSED] - click(findTestObject("Object Repository/virualShowRSVPOR/Page_cabi Edit Show - Add Guests/a_add_guest")): Object: 'Object Repository/virualShowRSVPOR/Page_cabi Edit Show - Add Guests/a_add_guest' is clicked on

2019-09-19 17:30:12 - [MESSAGE][PASSED] - Object: 'Object Repository/virualShowRSVPOR/Page_cabi Edit Show - Add Guests/a_add_guest' is clicked on

2019-09-19 17:30:12 - [TEST_STEP][PASSED] - delay(2): Delayed 2 second(s)

2019-09-19 17:30:14 - [MESSAGE][PASSED] - Delayed 2 second(s)

2019-09-19 17:30:14 - [TEST_STEP][PASSED] - click(findTestObject("Object Repository/virualShowRSVPOR/Page_cabi Edit Show - Add Guests/input_Next")): Object: 'Object Repository/virualShowRSVPOR/Page_cabi Edit Show - Add Guests/input_Next' is clicked on

2019-09-19 17:30:15 - [MESSAGE][PASSED] - Object: 'Object Repository/virualShowRSVPOR/Page_cabi Edit Show - Add Guests/input_Next' is clicked on

2019-09-19 17:30:15 - [TEST_STEP][PASSED] - click(findTestObject("Object Repository/virualShowRSVPOR/Page_cabi Edit Show - Send Invitations/input_Overview")): Object: 'Object Repository/virualShowRSVPOR/Page_cabi Edit Show - Send Invitations/input_Overview' is clicked on

2019-09-19 17:30:17 - [MESSAGE][PASSED] - Object: 'Object Repository/virualShowRSVPOR/Page_cabi Edit Show - Send Invitations/input_Overview' is clicked on

2019-09-19 17:30:17 - [TEST_STEP][PASSED] - click(findTestObject("Object Repository/virualShowRSVPOR/Page_cabi Edit Show - Send Invitations/a_orders")): Object: 'Object Repository/virualShowRSVPOR/Page_cabi Edit Show - Send Invitations/a_orders' is clicked on

2019-09-19 17:30:18 - [MESSAGE][PASSED] - Object: 'Object Repository/virualShowRSVPOR/Page_cabi Edit Show - Send Invitations/a_orders' is clicked on

2019-09-19 17:30:18 - [TEST_STEP][PASSED] - buttonEditDTYNonOptedOrder = UtilityMethods.createTestObject("buttonEditDTYNonOptedOrder", "//table[@class='show-order-table']/tbody/tr/td/span[contains(text(), '", g2Var, "')]/parent::td/following-sibling::td[@class='column-order']/a"): null

2019-09-19 17:30:18 - [TEST_STEP][PASSED] - click(buttonEditDTYNonOptedOrder): Object: 'buttonEditDTYNonOptedOrder' is clicked on

2019-09-19 17:30:20 - [MESSAGE][PASSED] - Object: 'buttonEditDTYNonOptedOrder' is clicked on

2019-09-19 17:30:20 - [TEST_STEP][PASSED] - click(findTestObject("Object Repository/Page_cabi Shipping/a_edit_order")): Object: 'Object Repository/Page_cabi Shipping/a_edit_order' is clicked on

2019-09-19 17:30:25 - [MESSAGE][PASSED] - Object: 'Object Repository/Page_cabi Shipping/a_edit_order' is clicked on

2019-09-19 17:30:25 - [TEST_STEP][PASSED] - click(findTestObject("Object Repository/Page_cabi Shipping/a_edit_order_shipping")): Object: 'Object Repository/Page_cabi Shipping/a_edit_order_shipping' is clicked on

2019-09-19 17:30:25 - [MESSAGE][PASSED] - Object: 'Object Repository/Page_cabi Shipping/a_edit_order_shipping' is clicked on

2019-09-19 17:30:25 - [TEST_STEP][PASSED] - verifyElementNotHasAttribute(findTestObject("Object Repository/Page_cabi Shipping/check_as_dty_order"), "disabled", 20, CONTINUE_ON_FAILURE): Object 'Object Repository/Page_cabi Shipping/check_as_dty_order' does not have attribute 'disabled'

2019-09-19 17:30:26 - [MESSAGE][PASSED] - Object 'Object Repository/Page_cabi Shipping/check_as_dty_order' does not have attribute 'disabled'

2019-09-19 17:30:26 - [TEST_STEP][PASSED] - delay(2): Delayed 2 second(s)

2019-09-19 17:30:28 - [MESSAGE][PASSED] - Delayed 2 second(s)

2019-09-19 17:30:28 - [TEST_STEP][PASSED] - click(findTestObject("Object Repository/Page_cabi Shipping/a_edit_order_payments")): Object: 'Object Repository/Page_cabi Shipping/a_edit_order_payments' is clicked on

2019-09-19 17:30:28 - [MESSAGE][PASSED] - Object: 'Object Repository/Page_cabi Shipping/a_edit_order_payments' is clicked on

2019-09-19 17:30:28 - [TEST_STEP][PASSED] - delay(3): Delayed 3 second(s)

2019-09-19 17:30:31 - [MESSAGE][PASSED] - Delayed 3 second(s)

2019-09-19 17:30:31 - [TEST_STEP][PASSED] - callTestCase(findTestCase("TestCaseUtilities/showOrderPaeymentCC"), [:], STOP_ON_FAILURE): Call Test Case 'Test Cases/TestCaseUtilities/showOrderPaeymentCC' successfully

2019-09-19 17:30:31 - [TEST_CASE][PASSED] - Test Cases/TestCaseUtilities/showOrderPaeymentCC: Test Cases/TestCaseUtilities/showOrderPaeymentCC

2019-09-19 17:30:31 - [TEST_STEP][PASSED] - driver = getWebDriver(): null

2019-09-19 17:30:31 - [TEST_STEP][PASSED] - executor = driver: null

2019-09-19 17:30:31 - [TEST_STEP][PASSED] - click(findTestObject("Object Repository/Page_cabi Shipping/select_payment_options_select")): Object: 'Object Repository/Page_cabi Shipping/select_payment_options_select' is clicked on

2019-09-19 17:30:31 - [MESSAGE][PASSED] - Object: 'Object Repository/Page_cabi Shipping/select_payment_options_select' is clicked on

2019-09-19 17:30:31 - [TEST_STEP][PASSED] - click(findTestObject("Object Repository/Page_cabi Shipping/select_payment_options_new_cc")): Object: 'Object Repository/Page_cabi Shipping/select_payment_options_new_cc' is clicked on

2019-09-19 17:30:32 - [MESSAGE][PASSED] - Object: 'Object Repository/Page_cabi Shipping/select_payment_options_new_cc' is clicked on

2019-09-19 17:30:32 - [TEST_STEP][PASSED] - delay(3): Delayed 3 second(s)

2019-09-19 17:30:35 - [MESSAGE][PASSED] - Delayed 3 second(s)

2019-09-19 17:30:35 - [TEST_STEP][PASSED] - executor.executeScript("arguments[0].click();", findWebElement(findTestObject("Object Repository/Page_cabi Shipping/select_payment_visa"), 10)): null

2019-09-19 17:30:35 - [TEST_STEP][PASSED] - setText(findTestObject("Object Repository/Page_cabi Shipping/select_payment_fname"), "abcd"): Text 'abcd' is set on object 'Object Repository/Page_cabi Shipping/select_payment_fname'

2019-09-19 17:30:35 - [MESSAGE][PASSED] - Text 'abcd' is set on object 'Object Repository/Page_cabi Shipping/select_payment_fname'

2019-09-19 17:30:35 - [TEST_STEP][PASSED] - setText(findTestObject("Object Repository/Page_cabi Shipping/select_payment_lname"), "fghi"): Text 'fghi' is set on object 'Object Repository/Page_cabi Shipping/select_payment_lname'

2019-09-19 17:30:35 - [MESSAGE][PASSED] - Text 'fghi' is set on object 'Object Repository/Page_cabi Shipping/select_payment_lname'

2019-09-19 17:30:35 - [TEST_STEP][PASSED] - setText(findTestObject("Object Repository/Page_cabi Shipping/select_payment_card_number"), "4111111111111111"): Text '4111111111111111' is set on object 'Object Repository/Page_cabi Shipping/select_payment_card_number'

2019-09-19 17:30:35 - [MESSAGE][PASSED] - Text '4111111111111111' is set on object 'Object Repository/Page_cabi Shipping/select_payment_card_number'

2019-09-19 17:30:35 - [TEST_STEP][PASSED] - click(findTestObject("Object Repository/Page_cabi Shipping/select_payment_exp_date_month")): Object: 'Object Repository/Page_cabi Shipping/select_payment_exp_date_month' is clicked on

2019-09-19 17:30:35 - [MESSAGE][PASSED] - Object: 'Object Repository/Page_cabi Shipping/select_payment_exp_date_month' is clicked on

2019-09-19 17:30:35 - [TEST_STEP][PASSED] - click(findTestObject("Object Repository/Page_cabi Shipping/select_payment_exp_date_year")): Object: 'Object Repository/Page_cabi Shipping/select_payment_exp_date_year' is clicked on

2019-09-19 17:30:35 - [MESSAGE][PASSED] - Object: 'Object Repository/Page_cabi Shipping/select_payment_exp_date_year' is clicked on

2019-09-19 17:30:35 - [TEST_STEP][PASSED] - executor.executeScript("arguments[0].click();", findWebElement(findTestObject("Object Repository/Page_cabi Shipping/input_select_billing_add_same_as_mailing_add"), 10)): null

2019-09-19 17:30:35 - [TEST_STEP][PASSED] - delay(3): Delayed 3 second(s)

2019-09-19 17:30:38 - [MESSAGE][PASSED] - Delayed 3 second(s)

2019-09-19 17:30:38 - [TEST_STEP][PASSED] - executor.executeScript("arguments[0].click();", findWebElement(findTestObject("Object Repository/Page_cabi Shipping/a_save_shipping_info"), 10)): null

2019-09-19 17:30:42 - [TEST_STEP][PASSED] - delay(2): Delayed 2 second(s)

2019-09-19 17:30:44 - [MESSAGE][PASSED] - Delayed 2 second(s)

2019-09-19 17:30:44 - [TEST_STEP][PASSED] - executor.executeScript("arguments[0].click();", findWebElement(findTestObject("Object Repository/Page_cabi Shipping/a_review_order"), 10)): null

2019-09-19 17:30:44 - [TEST_STEP][PASSED] - delay(2): Delayed 2 second(s)

2019-09-19 17:30:46 - [MESSAGE][PASSED] - Delayed 2 second(s)

2019-09-19 17:30:46 - [MESSAGE][PASSED] - Call Test Case 'Test Cases/TestCaseUtilities/showOrderPaeymentCC' successfully

2019-09-19 17:30:46 - [TEST_STEP][PASSED] - executor.executeScript("arguments[0].click();", findWebElement(findTestObject("Object Repository/Page_cabi Shipping/a_edit_order_save_changes"), 10)): null

2019-09-19 17:30:46 - [TEST_STEP][PASSED] - click(findTestObject("Object Repository/Page_cabi Shipping/a_edit_order")): Object: 'Object Repository/Page_cabi Shipping/a_edit_order' is clicked on

2019-09-19 17:30:53 - [MESSAGE][PASSED] - Object: 'Object Repository/Page_cabi Shipping/a_edit_order' is clicked on

2019-09-19 17:30:53 - [TEST_STEP][PASSED] - click(findTestObject("Object Repository/Page_cabi Shipping/a_edit_order_shipping")): Object: 'Object Repository/Page_cabi Shipping/a_edit_order_shipping' is clicked on

2019-09-19 17:30:53 - [MESSAGE][PASSED] - Object: 'Object Repository/Page_cabi Shipping/a_edit_order_shipping' is clicked on

2019-09-19 17:30:53 - [TEST_STEP][PASSED] - verifyElementNotHasAttribute(findTestObject("Object Repository/Page_cabi Shipping/check_as_dty_order"), "disabled", 20, CONTINUE_ON_FAILURE): Object 'Object Repository/Page_cabi Shipping/check_as_dty_order' does not have attribute 'disabled'

2019-09-19 17:30:54 - [MESSAGE][PASSED] - Object 'Object Repository/Page_cabi Shipping/check_as_dty_order' does not have attribute 'disabled'

2019-09-19 17:30:54 - [TEST_STEP][PASSED] - executor.executeScript("arguments[0].click();", findWebElement(findTestObject("Object Repository/Page_cabi Shipping/check_as_dty_order"), 5)): null

2019-09-19 17:30:54 - [TEST_STEP][PASSED] - delay(5): Delayed 5 second(s)

2019-09-19 17:30:59 - [MESSAGE][PASSED] - Delayed 5 second(s)

2019-09-19 17:30:59 - [TEST_STEP][PASSED] - click(findTestObject("Object Repository/Page_cabi Shipping/a_show_order_checkout_next")): Object: 'Object Repository/Page_cabi Shipping/a_show_order_checkout_next' is clicked on

2019-09-19 17:31:00 - [MESSAGE][PASSED] - Object: 'Object Repository/Page_cabi Shipping/a_show_order_checkout_next' is clicked on

2019-09-19 17:31:00 - [TEST_STEP][PASSED] - delay(1): Delayed 1 second(s)

2019-09-19 17:31:01 - [MESSAGE][PASSED] - Delayed 1 second(s)

2019-09-19 17:31:01 - [TEST_STEP][PASSED] - executor.executeScript("arguments[0].click();", findWebElement(findTestObject("Object Repository/Page_cabi Shipping/a_review_order"), 10)): null

2019-09-19 17:31:01 - [TEST_STEP][PASSED] - executor.executeScript("arguments[0].click();", findWebElement(findTestObject("Object Repository/Page_cabi Shipping/a_edit_order_save_changes"), 10)): null

2019-09-19 17:31:03 - [TEST_STEP][PASSED] - click(findTestObject("Object Repository/Page_cabi Shipping/a_back_to_orders")): Object: 'Object Repository/Page_cabi Shipping/a_back_to_orders' is clicked on

2019-09-19 17:31:06 - [MESSAGE][PASSED] - Object: 'Object Repository/Page_cabi Shipping/a_back_to_orders' is clicked on

2019-09-19 17:31:06 - [TEST_STEP][PASSED] - delay(2): Delayed 2 second(s)

2019-09-19 17:31:08 - [MESSAGE][PASSED] - Delayed 2 second(s)

2019-09-19 17:31:08 - [TEST_STEP][PASSED] - g3Vars = UtilityMethods.splitPersonName(guest3): null

2019-09-19 17:31:08 - [TEST_STEP][PASSED] - g3Var = UtilityMethods.concat(g3Vars[1], ", ", g3Vars[0]): null

2019-09-19 17:31:08 - [TEST_STEP][PASSED] - buttonPlaceOrder = UtilityMethods.createTestObject("buttoPlaceOrder", "//table[@class='show-order-table']/tbody/tr/td/span[contains(text(), '", g3Var, "')]/parent::td/following-sibling::td[1]/button"): null

2019-09-19 17:31:08 - [TEST_STEP][PASSED] - click(buttonPlaceOrder): Object: 'buttoPlaceOrder' is clicked on

2019-09-19 17:31:10 - [MESSAGE][PASSED] - Object: 'buttoPlaceOrder' is clicked on

2019-09-19 17:31:10 - [TEST_STEP][PASSED] - delay(3): Delayed 3 second(s)

2019-09-19 17:31:13 - [MESSAGE][PASSED] - Delayed 3 second(s)

2019-09-19 17:31:13 - [TEST_STEP][PASSED] - DTYMsg = "Hooray! This order is eligible for "Direct to You" shipping.": null

2019-09-19 17:31:13 - [TEST_STEP][PASSED] - println(getText(findTestObject("Object Repository/virualShowRSVPOR/DTY/label_DtyEligibility"))): Text of object 'Object Repository/virualShowRSVPOR/DTY/label_DtyEligibility' is: 'Hooray! This order is eligible for "Direct to You" shipping.'

2019-09-19 17:31:13 - [MESSAGE][PASSED] - Text of object 'Object Repository/virualShowRSVPOR/DTY/label_DtyEligibility' is: 'Hooray! This order is eligible for "Direct to You" shipping.'

2019-09-19 17:31:13 - [TEST_STEP][PASSED] - verifyElementText(findTestObject("Object Repository/virualShowRSVPOR/DTY/label_DtyEligibility"), DTYMsg, CONTINUE_ON_FAILURE): Actual text and expected text of test object 'Object Repository/virualShowRSVPOR/DTY/label_DtyEligibility' are matched.

2019-09-19 17:31:13 - [MESSAGE][PASSED] - Actual text and expected text of test object 'Object Repository/virualShowRSVPOR/DTY/label_DtyEligibility' are matched.

2019-09-19 17:31:13 - [TEST_STEP][PASSED] - check(findTestObject("Object Repository/Page_cabi Home/a_same_shipping_address")): Object 'Object Repository/Page_cabi Home/a_same_shipping_address' is checked

2019-09-19 17:31:13 - [MESSAGE][PASSED] - Object 'Object Repository/Page_cabi Home/a_same_shipping_address' is checked

2019-09-19 17:31:13 - [TEST_STEP][PASSED] - delay(3): Delayed 3 second(s)

2019-09-19 17:31:16 - [MESSAGE][PASSED] - Delayed 3 second(s)

2019-09-19 17:31:16 - [TEST_STEP][PASSED] - driver = getWebDriver(): null

2019-09-19 17:31:16 - [TEST_STEP][PASSED] - executor = driver: null

2019-09-19 17:31:16 - [TEST_STEP][PASSED] - executor.executeScript("arguments[0].click();", findWebElement(findTestObject("Object Repository/Page_cabi Home/a_order_items"), 5)): null

2019-09-19 17:31:17 - [TEST_STEP][PASSED] - click(findTestObject("Object Repository/Page_cabi Retail Store/span_quick_entry")): Object: 'Object Repository/Page_cabi Retail Store/span_quick_entry' is clicked on

2019-09-19 17:31:20 - [MESSAGE][PASSED] - Object: 'Object Repository/Page_cabi Retail Store/span_quick_entry' is clicked on

2019-09-19 17:31:20 - [TEST_STEP][PASSED] - delay(3): Delayed 3 second(s)

2019-09-19 17:31:23 - [MESSAGE][PASSED] - Delayed 3 second(s)

2019-09-19 17:31:23 - [TEST_STEP][PASSED] - emptyCart = findWebElements(findTestObject("Object Repository/Page_cabi Personal Store/removeFromCart"), 5): Unable to find the element located by 'By.xpath: //*[@id="removeFromCart_0"]/span'. Please recheck the objects properties to make sure the desired element is located. 

2019-09-19 17:31:28 - [MESSAGE][INFO] - Unable to find the element located by 'By.xpath: //*[@id="removeFromCart_0"]/span'. Please recheck the objects properties to make sure the desired element is located. 

2019-09-19 17:31:28 - [TEST_STEP][PASSED] - if (emptyCart.size() > 0): null

2019-09-19 17:31:28 - [TEST_STEP][PASSED] - addOnStyle = findTestData("miscData").getValue("addOnStyle", 1): null

2019-09-19 17:31:28 - [TEST_STEP][PASSED] - setText(findTestObject("Object Repository/Page_cabi Create Order/input_Manual Discount_stylelookup_0"), addOnStyle): Text '3701' is set on object 'Object Repository/Page_cabi Create Order/input_Manual Discount_stylelookup_0'

2019-09-19 17:31:28 - [MESSAGE][PASSED] - Text '3701' is set on object 'Object Repository/Page_cabi Create Order/input_Manual Discount_stylelookup_0'

2019-09-19 17:31:28 - [TEST_STEP][PASSED] - delay(2): Delayed 2 second(s)

2019-09-19 17:31:30 - [MESSAGE][PASSED] - Delayed 2 second(s)

2019-09-19 17:31:30 - [TEST_STEP][PASSED] - sendKeys(findTestObject("Object Repository/Page_cabi Create Order/input_Manual Discount_stylelookup_0"), Keys.chord(ARROW_DOWN)): Keys 'DOWN + ' sent to object: 'Object Repository/Page_cabi Create Order/input_Manual Discount_stylelookup_0'

2019-09-19 17:31:30 - [MESSAGE][PASSED] - Keys 'DOWN + ' sent to object: 'Object Repository/Page_cabi Create Order/input_Manual Discount_stylelookup_0'

2019-09-19 17:31:30 - [TEST_STEP][PASSED] - delay(2): Delayed 2 second(s)

2019-09-19 17:31:32 - [MESSAGE][PASSED] - Delayed 2 second(s)

2019-09-19 17:31:32 - [TEST_STEP][PASSED] - sendKeys(findTestObject("Object Repository/Page_cabi Create Order/input_Manual Discount_stylelookup_0"), Keys.chord(ARROW_DOWN)): Keys 'DOWN + ' sent to object: 'Object Repository/Page_cabi Create Order/input_Manual Discount_stylelookup_0'

2019-09-19 17:31:32 - [MESSAGE][PASSED] - Keys 'DOWN + ' sent to object: 'Object Repository/Page_cabi Create Order/input_Manual Discount_stylelookup_0'

2019-09-19 17:31:32 - [TEST_STEP][PASSED] - sendKeys(findTestObject("Object Repository/Page_cabi Create Order/input_Manual Discount_stylelookup_0"), Keys.chord(ENTER)): Keys 'ENTER + ' sent to object: 'Object Repository/Page_cabi Create Order/input_Manual Discount_stylelookup_0'

2019-09-19 17:31:32 - [MESSAGE][PASSED] - Keys 'ENTER + ' sent to object: 'Object Repository/Page_cabi Create Order/input_Manual Discount_stylelookup_0'

2019-09-19 17:31:32 - [TEST_STEP][PASSED] - delay(5): Delayed 5 second(s)

2019-09-19 17:31:37 - [MESSAGE][PASSED] - Delayed 5 second(s)

2019-09-19 17:31:37 - [TEST_STEP][PASSED] - click(findTestObject("Object Repository/Page_cabi Order Items/selectSize")): Object: 'Object Repository/Page_cabi Order Items/selectSize' is clicked on

2019-09-19 17:31:37 - [MESSAGE][PASSED] - Object: 'Object Repository/Page_cabi Order Items/selectSize' is clicked on

2019-09-19 17:31:37 - [TEST_STEP][PASSED] - delay(3): Delayed 3 second(s)

2019-09-19 17:31:40 - [MESSAGE][PASSED] - Delayed 3 second(s)

2019-09-19 17:31:40 - [TEST_STEP][PASSED] - click(findTestObject("Object Repository/Page_cabi Order Items/span_Add to Cart")): Object: 'Object Repository/Page_cabi Order Items/span_Add to Cart' is clicked on

2019-09-19 17:31:41 - [MESSAGE][PASSED] - Object: 'Object Repository/Page_cabi Order Items/span_Add to Cart' is clicked on

2019-09-19 17:31:41 - [TEST_STEP][PASSED] - delay(5): Delayed 5 second(s)

2019-09-19 17:31:46 - [MESSAGE][PASSED] - Delayed 5 second(s)

2019-09-19 17:31:46 - [TEST_STEP][PASSED] - click(findTestObject("Object Repository/Page_cabi Order Items/a_next")): Object: 'Object Repository/Page_cabi Order Items/a_next' is clicked on

2019-09-19 17:31:46 - [MESSAGE][PASSED] - Object: 'Object Repository/Page_cabi Order Items/a_next' is clicked on

2019-09-19 17:31:46 - [TEST_STEP][PASSED] - delay(3): Delayed 3 second(s)

2019-09-19 17:31:49 - [MESSAGE][PASSED] - Delayed 3 second(s)

2019-09-19 17:31:49 - [TEST_STEP][PASSED] - verifyElementText(findTestObject("Object Repository/Page_cabi Shipping/label_DTYMsg1"), "This order is eligible for "Direct to You" shipping.", CONTINUE_ON_FAILURE): Actual text and expected text of test object 'Object Repository/Page_cabi Shipping/label_DTYMsg1' are matched.

2019-09-19 17:31:49 - [MESSAGE][PASSED] - Actual text and expected text of test object 'Object Repository/Page_cabi Shipping/label_DTYMsg1' are matched.

2019-09-19 17:31:49 - [TEST_STEP][PASSED] - delay(1): Delayed 1 second(s)

2019-09-19 17:31:50 - [MESSAGE][PASSED] - Delayed 1 second(s)

2019-09-19 17:31:50 - [TEST_STEP][PASSED] - verifyElementText(findTestObject("Object Repository/Page_cabi Shipping/label_DTYMsg2"), ""Direct to You" order must be paid by credit card or cabi Gift Card.", CONTINUE_ON_FAILURE): Actual text and expected text of test object 'Object Repository/Page_cabi Shipping/label_DTYMsg2' are matched.

2019-09-19 17:31:50 - [MESSAGE][PASSED] - Actual text and expected text of test object 'Object Repository/Page_cabi Shipping/label_DTYMsg2' are matched.

2019-09-19 17:31:50 - [TEST_STEP][PASSED] - delay(1): Delayed 1 second(s)

2019-09-19 17:31:51 - [MESSAGE][PASSED] - Delayed 1 second(s)

2019-09-19 17:31:51 - [TEST_STEP][PASSED] - verifyElementText(findTestObject("Object Repository/Page_cabi Shipping/label_DTYMsg3"), ""Direct to You" order can start being placed 2 days before the show date.", CONTINUE_ON_FAILURE): Actual text and expected text of test object 'Object Repository/Page_cabi Shipping/label_DTYMsg3' are matched.

2019-09-19 17:31:51 - [MESSAGE][PASSED] - Actual text and expected text of test object 'Object Repository/Page_cabi Shipping/label_DTYMsg3' are matched.

2019-09-19 17:31:51 - [TEST_STEP][PASSED] - delay(1): Delayed 1 second(s)

2019-09-19 17:31:52 - [MESSAGE][PASSED] - Delayed 1 second(s)

2019-09-19 17:31:52 - [TEST_STEP][PASSED] - verifyElementNotHasAttribute(findTestObject("Object Repository/Page_cabi Shipping/select_ship_to_show_loc"), "disabled", 20, CONTINUE_ON_FAILURE): Object 'Object Repository/Page_cabi Shipping/select_ship_to_show_loc' is not present

2019-09-19 17:32:12 - [MESSAGE][INFO] - Unable to find the element located by 'By.xpath: //form[@name='changeshippinglocation']/li/input[@name='satype' and @value='shloc']'. Please recheck the objects properties to make sure the desired element is located. 

2019-09-19 17:32:12 - [MESSAGE][WARNING] - Object 'Object Repository/Page_cabi Shipping/select_ship_to_show_loc' is not present

2019-09-19 17:32:12 - [TEST_STEP][PASSED] - click(findTestObject("Object Repository/Page_cabi Shipping/select_ship_to_guest_add")): Object: 'Object Repository/Page_cabi Shipping/select_ship_to_guest_add' is clicked on

2019-09-19 17:32:12 - [MESSAGE][PASSED] - Object: 'Object Repository/Page_cabi Shipping/select_ship_to_guest_add' is clicked on

2019-09-19 17:32:12 - [TEST_STEP][PASSED] - delay(5): Delayed 5 second(s)

2019-09-19 17:32:17 - [MESSAGE][PASSED] - Delayed 5 second(s)

2019-09-19 17:32:17 - [TEST_STEP][PASSED] - click(findTestObject("Object Repository/Page_cabi Shipping/a_show_order_checkout_next")): Object: 'Object Repository/Page_cabi Shipping/a_show_order_checkout_next' is clicked on

2019-09-19 17:32:17 - [MESSAGE][PASSED] - Object: 'Object Repository/Page_cabi Shipping/a_show_order_checkout_next' is clicked on

2019-09-19 17:32:17 - [TEST_STEP][PASSED] - delay(1): Delayed 1 second(s)

2019-09-19 17:32:18 - [MESSAGE][PASSED] - Delayed 1 second(s)

2019-09-19 17:32:18 - [TEST_STEP][PASSED] - println(getText(findTestObject("Object Repository/Page_cabi Shipping/div_DTY-warning_popup"))): Text of object 'Object Repository/Page_cabi Shipping/div_DTY-warning_popup' is: 'This order is eligible for "Direct to You" shipping.
Do you want to change this order to "Direct to You" and ship immediately?'

2019-09-19 17:32:19 - [MESSAGE][PASSED] - Text of object 'Object Repository/Page_cabi Shipping/div_DTY-warning_popup' is: 'This order is eligible for "Direct to You" shipping.
Do you want to change this order to "Direct to You" and ship immediately?'

2019-09-19 17:32:19 - [TEST_STEP][PASSED] - verifyElementText(findTestObject("Object Repository/Page_cabi Shipping/div_DTY-warning_popup"), "This order is eligible for "Direct to You" shipping.
Do you want to change this order to "Direct to You" and ship immediately?"): Actual text and expected text of test object 'Object Repository/Page_cabi Shipping/div_DTY-warning_popup' are matched.

2019-09-19 17:32:19 - [MESSAGE][PASSED] - Actual text and expected text of test object 'Object Repository/Page_cabi Shipping/div_DTY-warning_popup' are matched.

2019-09-19 17:32:19 - [TEST_STEP][PASSED] - delay(1): Delayed 1 second(s)

2019-09-19 17:32:20 - [MESSAGE][PASSED] - Delayed 1 second(s)

2019-09-19 17:32:20 - [TEST_STEP][PASSED] - click(findTestObject("Object Repository/Page_cabi Shipping/button_DTY_warning_popup_no_ship_DTY")): Object: 'Object Repository/Page_cabi Shipping/button_DTY_warning_popup_no_ship_DTY' is clicked on

2019-09-19 17:32:20 - [MESSAGE][PASSED] - Object: 'Object Repository/Page_cabi Shipping/button_DTY_warning_popup_no_ship_DTY' is clicked on

2019-09-19 17:32:20 - [TEST_STEP][PASSED] - delay(1): Delayed 1 second(s)

2019-09-19 17:32:21 - [MESSAGE][PASSED] - Delayed 1 second(s)

2019-09-19 17:32:21 - [TEST_STEP][PASSED] - click(findTestObject("Object Repository/Page_cabi Shipping/a_make_first_payment")): Object: 'Object Repository/Page_cabi Shipping/a_make_first_payment' is clicked on

2019-09-19 17:32:23 - [MESSAGE][PASSED] - Object: 'Object Repository/Page_cabi Shipping/a_make_first_payment' is clicked on

2019-09-19 17:32:23 - [TEST_STEP][PASSED] - delay(3): Delayed 3 second(s)

2019-09-19 17:32:26 - [MESSAGE][PASSED] - Delayed 3 second(s)

2019-09-19 17:32:26 - [TEST_STEP][PASSED] - DTYMsgs = findWebElements(findTestObject("Object Repository/Page_cabi Shipping/li_DTY_payment_info"), 5): null

2019-09-19 17:32:26 - [TEST_STEP][PASSED] - if (DTYMsgs.size() > 0): null

2019-09-19 17:32:26 - [TEST_STEP][PASSED] - sa.assertTrue(false): null

2019-09-19 17:32:26 - [TEST_STEP][PASSED] - callTestCase(findTestCase("TestCaseUtilities/showOrderPaeymentCC"), [:], STOP_ON_FAILURE): Call Test Case 'Test Cases/TestCaseUtilities/showOrderPaeymentCC' successfully

2019-09-19 17:32:26 - [TEST_CASE][PASSED] - Test Cases/TestCaseUtilities/showOrderPaeymentCC: Test Cases/TestCaseUtilities/showOrderPaeymentCC

2019-09-19 17:32:26 - [TEST_STEP][PASSED] - driver = getWebDriver(): null

2019-09-19 17:32:26 - [TEST_STEP][PASSED] - executor = driver: null

2019-09-19 17:32:26 - [TEST_STEP][PASSED] - click(findTestObject("Object Repository/Page_cabi Shipping/select_payment_options_select")): Object: 'Object Repository/Page_cabi Shipping/select_payment_options_select' is clicked on

2019-09-19 17:32:26 - [MESSAGE][PASSED] - Object: 'Object Repository/Page_cabi Shipping/select_payment_options_select' is clicked on

2019-09-19 17:32:26 - [TEST_STEP][PASSED] - click(findTestObject("Object Repository/Page_cabi Shipping/select_payment_options_new_cc")): Object: 'Object Repository/Page_cabi Shipping/select_payment_options_new_cc' is clicked on

2019-09-19 17:32:26 - [MESSAGE][PASSED] - Object: 'Object Repository/Page_cabi Shipping/select_payment_options_new_cc' is clicked on

2019-09-19 17:32:26 - [TEST_STEP][PASSED] - delay(3): Delayed 3 second(s)

2019-09-19 17:32:29 - [MESSAGE][PASSED] - Delayed 3 second(s)

2019-09-19 17:32:29 - [TEST_STEP][PASSED] - executor.executeScript("arguments[0].click();", findWebElement(findTestObject("Object Repository/Page_cabi Shipping/select_payment_visa"), 10)): null

2019-09-19 17:32:29 - [TEST_STEP][PASSED] - setText(findTestObject("Object Repository/Page_cabi Shipping/select_payment_fname"), "abcd"): Text 'abcd' is set on object 'Object Repository/Page_cabi Shipping/select_payment_fname'

2019-09-19 17:32:29 - [MESSAGE][PASSED] - Text 'abcd' is set on object 'Object Repository/Page_cabi Shipping/select_payment_fname'

2019-09-19 17:32:29 - [TEST_STEP][PASSED] - setText(findTestObject("Object Repository/Page_cabi Shipping/select_payment_lname"), "fghi"): Text 'fghi' is set on object 'Object Repository/Page_cabi Shipping/select_payment_lname'

2019-09-19 17:32:29 - [MESSAGE][PASSED] - Text 'fghi' is set on object 'Object Repository/Page_cabi Shipping/select_payment_lname'

2019-09-19 17:32:29 - [TEST_STEP][PASSED] - setText(findTestObject("Object Repository/Page_cabi Shipping/select_payment_card_number"), "4111111111111111"): Text '4111111111111111' is set on object 'Object Repository/Page_cabi Shipping/select_payment_card_number'

2019-09-19 17:32:30 - [MESSAGE][PASSED] - Text '4111111111111111' is set on object 'Object Repository/Page_cabi Shipping/select_payment_card_number'

2019-09-19 17:32:30 - [TEST_STEP][PASSED] - click(findTestObject("Object Repository/Page_cabi Shipping/select_payment_exp_date_month")): Object: 'Object Repository/Page_cabi Shipping/select_payment_exp_date_month' is clicked on

2019-09-19 17:32:30 - [MESSAGE][PASSED] - Object: 'Object Repository/Page_cabi Shipping/select_payment_exp_date_month' is clicked on

2019-09-19 17:32:30 - [TEST_STEP][PASSED] - click(findTestObject("Object Repository/Page_cabi Shipping/select_payment_exp_date_year")): Object: 'Object Repository/Page_cabi Shipping/select_payment_exp_date_year' is clicked on

2019-09-19 17:32:30 - [MESSAGE][PASSED] - Object: 'Object Repository/Page_cabi Shipping/select_payment_exp_date_year' is clicked on

2019-09-19 17:32:30 - [TEST_STEP][PASSED] - executor.executeScript("arguments[0].click();", findWebElement(findTestObject("Object Repository/Page_cabi Shipping/input_select_billing_add_same_as_mailing_add"), 10)): null

2019-09-19 17:32:30 - [TEST_STEP][PASSED] - delay(3): Delayed 3 second(s)

2019-09-19 17:32:33 - [MESSAGE][PASSED] - Delayed 3 second(s)

2019-09-19 17:32:33 - [TEST_STEP][PASSED] - executor.executeScript("arguments[0].click();", findWebElement(findTestObject("Object Repository/Page_cabi Shipping/a_save_shipping_info"), 10)): null

2019-09-19 17:32:37 - [TEST_STEP][PASSED] - delay(2): Delayed 2 second(s)

2019-09-19 17:32:39 - [MESSAGE][PASSED] - Delayed 2 second(s)

2019-09-19 17:32:39 - [TEST_STEP][PASSED] - executor.executeScript("arguments[0].click();", findWebElement(findTestObject("Object Repository/Page_cabi Shipping/a_review_order"), 10)): null

2019-09-19 17:32:39 - [TEST_STEP][PASSED] - delay(2): Delayed 2 second(s)

2019-09-19 17:32:41 - [MESSAGE][PASSED] - Delayed 2 second(s)

2019-09-19 17:32:41 - [MESSAGE][PASSED] - Call Test Case 'Test Cases/TestCaseUtilities/showOrderPaeymentCC' successfully

2019-09-19 17:32:41 - [TEST_STEP][PASSED] - delay(2): Delayed 2 second(s)

2019-09-19 17:32:43 - [MESSAGE][PASSED] - Delayed 2 second(s)

2019-09-19 17:32:43 - [TEST_STEP][PASSED] - executor.executeScript("arguments[0].click();", findWebElement(findTestObject("Object Repository/Page_cabi Shipping/a_submit_order"), 10)): null

2019-09-19 17:32:43 - [TEST_STEP][PASSED] - click(findTestObject("Object Repository/Page_cabi Shipping/a_order_view")): Object: 'Object Repository/Page_cabi Shipping/a_order_view' is clicked on

2019-09-19 17:32:46 - [MESSAGE][PASSED] - Object: 'Object Repository/Page_cabi Shipping/a_order_view' is clicked on

2019-09-19 17:32:46 - [TEST_STEP][PASSED] - actualOrderStatus = getText(findTestObject("Object Repository/Page_cabi Shipping/span_order_status")): Text of object 'Object Repository/Page_cabi Shipping/span_order_status' is: 'ORDER STATUS : OPEN 
ORDER # SH708243626  '

2019-09-19 17:32:46 - [MESSAGE][PASSED] - Text of object 'Object Repository/Page_cabi Shipping/span_order_status' is: 'ORDER STATUS : OPEN 
ORDER # SH708243626  '

2019-09-19 17:32:46 - [TEST_STEP][PASSED] - expectedOrderStatus = "OPEN": null

2019-09-19 17:32:46 - [TEST_STEP][PASSED] - sa.assertTrue(actualOrderStatus.contains(expectedOrderStatus)): null

2019-09-19 17:32:46 - [TEST_STEP][PASSED] - println(actualOrderStatus): null

2019-09-19 17:32:46 - [TEST_STEP][PASSED] - click(findTestObject("Object Repository/Page_cabi Shipping/a_back_to_orders")): Object: 'Object Repository/Page_cabi Shipping/a_back_to_orders' is clicked on

2019-09-19 17:32:47 - [MESSAGE][PASSED] - Object: 'Object Repository/Page_cabi Shipping/a_back_to_orders' is clicked on

2019-09-19 17:32:47 - [TEST_STEP][PASSED] - delay(2): Delayed 2 second(s)

2019-09-19 17:32:49 - [MESSAGE][PASSED] - Delayed 2 second(s)

2019-09-19 17:32:49 - [TEST_STEP][PASSED] - buttonEditDTYNonOptedOrderCC = UtilityMethods.createTestObject("buttonEditDTYNonOptedOrderCC", "//table[@class='show-order-table']/tbody/tr/td/span[contains(text(), '", g3Var, "')]/parent::td/following-sibling::td[@class='column-order']/a"): null

2019-09-19 17:32:49 - [TEST_STEP][PASSED] - click(buttonEditDTYNonOptedOrderCC): Object: 'buttonEditDTYNonOptedOrderCC' is clicked on

2019-09-19 17:32:50 - [MESSAGE][PASSED] - Object: 'buttonEditDTYNonOptedOrderCC' is clicked on

2019-09-19 17:32:50 - [TEST_STEP][PASSED] - click(findTestObject("Object Repository/Page_cabi Shipping/a_edit_order")): Object: 'Object Repository/Page_cabi Shipping/a_edit_order' is clicked on

2019-09-19 17:32:55 - [MESSAGE][PASSED] - Object: 'Object Repository/Page_cabi Shipping/a_edit_order' is clicked on

2019-09-19 17:32:55 - [TEST_STEP][PASSED] - click(findTestObject("Object Repository/Page_cabi Shipping/a_edit_order_shipping")): Object: 'Object Repository/Page_cabi Shipping/a_edit_order_shipping' is clicked on

2019-09-19 17:32:55 - [MESSAGE][PASSED] - Object: 'Object Repository/Page_cabi Shipping/a_edit_order_shipping' is clicked on

2019-09-19 17:32:55 - [TEST_STEP][PASSED] - verifyElementNotHasAttribute(findTestObject("Object Repository/Page_cabi Shipping/check_as_dty_order"), "disabled", 20, CONTINUE_ON_FAILURE): Object 'Object Repository/Page_cabi Shipping/check_as_dty_order' does not have attribute 'disabled'

2019-09-19 17:32:56 - [MESSAGE][PASSED] - Object 'Object Repository/Page_cabi Shipping/check_as_dty_order' does not have attribute 'disabled'

2019-09-19 17:32:56 - [TEST_STEP][PASSED] - executor.executeScript("arguments[0].click();", findWebElement(findTestObject("Object Repository/Page_cabi Shipping/check_as_dty_order"), 10)): null

2019-09-19 17:32:56 - [TEST_STEP][PASSED] - delay(2): Delayed 2 second(s)

2019-09-19 17:32:58 - [MESSAGE][PASSED] - Delayed 2 second(s)

2019-09-19 17:32:58 - [TEST_STEP][PASSED] - click(findTestObject("Object Repository/Page_cabi Shipping/a_edit_order_payments")): Object: 'Object Repository/Page_cabi Shipping/a_edit_order_payments' is clicked on

2019-09-19 17:32:58 - [MESSAGE][PASSED] - Object: 'Object Repository/Page_cabi Shipping/a_edit_order_payments' is clicked on

2019-09-19 17:32:58 - [TEST_STEP][PASSED] - delay(3): Delayed 3 second(s)

2019-09-19 17:33:01 - [MESSAGE][PASSED] - Delayed 3 second(s)

2019-09-19 17:33:01 - [TEST_STEP][PASSED] - executor.executeScript("arguments[0].click();", findWebElement(findTestObject("Object Repository/Page_cabi Shipping/a_review_order"), 10)): null

2019-09-19 17:33:01 - [TEST_STEP][PASSED] - executor.executeScript("arguments[0].click();", findWebElement(findTestObject("Object Repository/Page_cabi Shipping/a_edit_order_save_changes"), 10)): null

2019-09-19 17:33:04 - [TEST_STEP][PASSED] - delay(2): Delayed 2 second(s)

2019-09-19 17:33:06 - [MESSAGE][PASSED] - Delayed 2 second(s)

2019-09-19 17:33:06 - [TEST_STEP][PASSED] - actualOrderStatus = getText(findTestObject("Object Repository/Page_cabi Shipping/span_order_status")): Text of object 'Object Repository/Page_cabi Shipping/span_order_status' is: 'ORDER STATUS : PENDING SHIPMENT 
ORDER # SH708243626  '

2019-09-19 17:33:06 - [MESSAGE][PASSED] - Text of object 'Object Repository/Page_cabi Shipping/span_order_status' is: 'ORDER STATUS : PENDING SHIPMENT 
ORDER # SH708243626  '

2019-09-19 17:33:06 - [TEST_STEP][PASSED] - expectedOrderStatus = "PENDING SHIPMENT": null

2019-09-19 17:33:06 - [TEST_STEP][PASSED] - sa.assertTrue(actualOrderStatus.contains(expectedOrderStatus)): null

2019-09-19 17:33:06 - [TEST_STEP][PASSED] - println(actualOrderStatus): null

2019-09-19 17:33:06 - [TEST_STEP][PASSED] - click(findTestObject("Object Repository/Page_cabi Shipping/a_back_to_orders")): Object: 'Object Repository/Page_cabi Shipping/a_back_to_orders' is clicked on

2019-09-19 17:33:07 - [MESSAGE][PASSED] - Object: 'Object Repository/Page_cabi Shipping/a_back_to_orders' is clicked on

2019-09-19 17:33:07 - [TEST_STEP][PASSED] - delay(2): Delayed 2 second(s)

2019-09-19 17:33:09 - [MESSAGE][PASSED] - Delayed 2 second(s)

2019-09-19 17:33:09 - [TEST_STEP][PASSED] - hVars = UtilityMethods.splitPersonName(hostess): null

2019-09-19 17:33:09 - [TEST_STEP][PASSED] - hVar = UtilityMethods.concat(hVars[1], ", ", hVars[0]): null

2019-09-19 17:33:09 - [TEST_STEP][PASSED] - buttonPlaceOrder = UtilityMethods.createTestObject("buttoPlaceOrder", "//table[@class='show-order-table']/tbody/tr/td/span[contains(text(), '", hVar, "')]/parent::td/following-sibling::td[1]/button"): null

2019-09-19 17:33:09 - [TEST_STEP][PASSED] - click(buttonPlaceOrder): Object: 'buttoPlaceOrder' is clicked on

2019-09-19 17:33:12 - [MESSAGE][PASSED] - Object: 'buttoPlaceOrder' is clicked on

2019-09-19 17:33:12 - [TEST_STEP][PASSED] - delay(3): Delayed 3 second(s)

2019-09-19 17:33:15 - [MESSAGE][PASSED] - Delayed 3 second(s)

2019-09-19 17:33:15 - [TEST_STEP][PASSED] - noDTYMsg = findWebElements(findTestObject("Object Repository/virualShowRSVPOR/DTY/label_DtyEligibility"), 5): Unable to find the element located by 'By.xpath: //form[@name='guest_form']/div/label'. Please recheck the objects properties to make sure the desired element is located. 

2019-09-19 17:33:20 - [MESSAGE][INFO] - Unable to find the element located by 'By.xpath: //form[@name='guest_form']/div/label'. Please recheck the objects properties to make sure the desired element is located. 

2019-09-19 17:33:20 - [TEST_STEP][PASSED] - if (noDTYMsg.size() > 0): null

2019-09-19 17:33:20 - [TEST_STEP][PASSED] - check(findTestObject("Object Repository/Page_cabi Home/a_same_shipping_address")): Object 'Object Repository/Page_cabi Home/a_same_shipping_address' is checked

2019-09-19 17:33:20 - [MESSAGE][PASSED] - Object 'Object Repository/Page_cabi Home/a_same_shipping_address' is checked

2019-09-19 17:33:20 - [TEST_STEP][PASSED] - delay(3): Delayed 3 second(s)

2019-09-19 17:33:23 - [MESSAGE][PASSED] - Delayed 3 second(s)

2019-09-19 17:33:23 - [TEST_STEP][PASSED] - executor.executeScript("arguments[0].click();", findWebElement(findTestObject("Object Repository/Page_cabi Home/a_order_items"), 5)): null

2019-09-19 17:33:23 - [TEST_STEP][PASSED] - click(findTestObject("Object Repository/Page_cabi Retail Store/span_quick_entry")): Object: 'Object Repository/Page_cabi Retail Store/span_quick_entry' is clicked on

2019-09-19 17:33:27 - [MESSAGE][PASSED] - Object: 'Object Repository/Page_cabi Retail Store/span_quick_entry' is clicked on

2019-09-19 17:33:27 - [TEST_STEP][PASSED] - delay(3): Delayed 3 second(s)

2019-09-19 17:33:30 - [MESSAGE][PASSED] - Delayed 3 second(s)

2019-09-19 17:33:30 - [TEST_STEP][PASSED] - emptyCart = findWebElements(findTestObject("Object Repository/Page_cabi Personal Store/removeFromCart"), 5): Unable to find the element located by 'By.xpath: //*[@id="removeFromCart_0"]/span'. Please recheck the objects properties to make sure the desired element is located. 

2019-09-19 17:33:35 - [MESSAGE][INFO] - Unable to find the element located by 'By.xpath: //*[@id="removeFromCart_0"]/span'. Please recheck the objects properties to make sure the desired element is located. 

2019-09-19 17:33:35 - [TEST_STEP][PASSED] - if (emptyCart.size() > 0): null

2019-09-19 17:33:35 - [TEST_STEP][PASSED] - addOnStyle = findTestData("miscData").getValue("addOnStyle", 1): null

2019-09-19 17:33:35 - [TEST_STEP][PASSED] - addOnStyle2 = findTestData("miscData").getValue("addOnStyle", 2): null

2019-09-19 17:33:35 - [TEST_STEP][PASSED] - setText(findTestObject("Object Repository/Page_cabi Create Order/input_Manual Discount_stylelookup_0"), addOnStyle): Text '3701' is set on object 'Object Repository/Page_cabi Create Order/input_Manual Discount_stylelookup_0'

2019-09-19 17:33:35 - [MESSAGE][PASSED] - Text '3701' is set on object 'Object Repository/Page_cabi Create Order/input_Manual Discount_stylelookup_0'

2019-09-19 17:33:35 - [TEST_STEP][PASSED] - delay(2): Delayed 2 second(s)

2019-09-19 17:33:37 - [MESSAGE][PASSED] - Delayed 2 second(s)

2019-09-19 17:33:37 - [TEST_STEP][PASSED] - sendKeys(findTestObject("Object Repository/Page_cabi Create Order/input_Manual Discount_stylelookup_0"), Keys.chord(ARROW_DOWN)): Keys 'DOWN + ' sent to object: 'Object Repository/Page_cabi Create Order/input_Manual Discount_stylelookup_0'

2019-09-19 17:33:37 - [MESSAGE][PASSED] - Keys 'DOWN + ' sent to object: 'Object Repository/Page_cabi Create Order/input_Manual Discount_stylelookup_0'

2019-09-19 17:33:37 - [TEST_STEP][PASSED] - delay(2): Delayed 2 second(s)

2019-09-19 17:33:39 - [MESSAGE][PASSED] - Delayed 2 second(s)

2019-09-19 17:33:39 - [TEST_STEP][PASSED] - sendKeys(findTestObject("Object Repository/Page_cabi Create Order/input_Manual Discount_stylelookup_0"), Keys.chord(ARROW_DOWN)): Keys 'DOWN + ' sent to object: 'Object Repository/Page_cabi Create Order/input_Manual Discount_stylelookup_0'

2019-09-19 17:33:39 - [MESSAGE][PASSED] - Keys 'DOWN + ' sent to object: 'Object Repository/Page_cabi Create Order/input_Manual Discount_stylelookup_0'

2019-09-19 17:33:39 - [TEST_STEP][PASSED] - sendKeys(findTestObject("Object Repository/Page_cabi Create Order/input_Manual Discount_stylelookup_0"), Keys.chord(ENTER)): Keys 'ENTER + ' sent to object: 'Object Repository/Page_cabi Create Order/input_Manual Discount_stylelookup_0'

2019-09-19 17:33:39 - [MESSAGE][PASSED] - Keys 'ENTER + ' sent to object: 'Object Repository/Page_cabi Create Order/input_Manual Discount_stylelookup_0'

2019-09-19 17:33:39 - [TEST_STEP][PASSED] - delay(5): Delayed 5 second(s)

2019-09-19 17:33:44 - [MESSAGE][PASSED] - Delayed 5 second(s)

2019-09-19 17:33:44 - [TEST_STEP][FAILED] - click(findTestObject("Object Repository/Page_cabi Order Items/selectSize")): click(findTestObject("Object Repository/Page_cabi Order Items/selectSize")) FAILED.
Reason:
com.kms.katalon.core.exception.StepFailedException: Unable to click on object 'Object Repository/Page_cabi Order Items/selectSize'
	at com.kms.katalon.core.webui.keyword.internal.WebUIKeywordMain.stepFailed(WebUIKeywordMain.groovy:64)
	at com.kms.katalon.core.webui.keyword.internal.WebUIKeywordMain.runKeyword(WebUIKeywordMain.groovy:26)
	at com.kms.katalon.core.webui.keyword.builtin.ClickKeyword.click(ClickKeyword.groovy:86)
	at com.kms.katalon.core.webui.keyword.builtin.ClickKeyword.execute(ClickKeyword.groovy:67)
	at com.kms.katalon.core.keyword.internal.KeywordExecutor.executeKeywordForPlatform(KeywordExecutor.groovy:56)
	at com.kms.katalon.core.webui.keyword.WebUiBuiltInKeywords.click(WebUiBuiltInKeywords.groovy:616)
	at com.kms.katalon.core.webui.keyword.WebUiBuiltInKeywords$click$2.call(Unknown Source)
	at DTYVS.run(DTYVS:768)
	at com.kms.katalon.core.main.ScriptEngine.run(ScriptEngine.java:194)
	at com.kms.katalon.core.main.ScriptEngine.runScriptAsRawText(ScriptEngine.java:119)
	at com.kms.katalon.core.main.TestCaseExecutor.runScript(TestCaseExecutor.java:342)
	at com.kms.katalon.core.main.TestCaseExecutor.doExecute(TestCaseExecutor.java:333)
	at com.kms.katalon.core.main.TestCaseExecutor.processExecutionPhase(TestCaseExecutor.java:312)
	at com.kms.katalon.core.main.TestCaseExecutor.accessMainPhase(TestCaseExecutor.java:304)
	at com.kms.katalon.core.main.TestCaseExecutor.execute(TestCaseExecutor.java:238)
	at com.kms.katalon.core.main.TestSuiteExecutor.accessTestCaseMainPhase(TestSuiteExecutor.java:129)
	at com.kms.katalon.core.main.TestSuiteExecutor.accessTestSuiteMainPhase(TestSuiteExecutor.java:112)
	at com.kms.katalon.core.main.TestSuiteExecutor.execute(TestSuiteExecutor.java:81)
	at com.kms.katalon.core.main.TestCaseMain.startTestSuite(TestCaseMain.java:157)
	at com.kms.katalon.core.main.TestCaseMain$startTestSuite$0.call(Unknown Source)
	at TempTestSuite1568893356561.run(TempTestSuite1568893356561.groovy:35)
Caused by: com.kms.katalon.core.webui.exception.WebElementNotFoundException: Web element with id: 'Object Repository/Page_cabi Order Items/selectSize' located by 'By.xpath: //select[@name='sizeSelect']/option[@value='L']' not found
	at com.kms.katalon.core.webui.common.WebUiCommonHelper.findWebElement(WebUiCommonHelper.java:1097)
	at com.kms.katalon.core.webui.keyword.internal.WebUIAbstractKeyword.findWebElement(WebUIAbstractKeyword.groovy:27)
	at com.kms.katalon.core.webui.keyword.internal.WebUIAbstractKeyword.findWebElement(WebUIAbstractKeyword.groovy:26)
	at com.kms.katalon.core.webui.keyword.builtin.ClickKeyword$_click_closure1.doCall(ClickKeyword.groovy:77)
	at com.kms.katalon.core.webui.keyword.builtin.ClickKeyword$_click_closure1.call(ClickKeyword.groovy)
	at com.kms.katalon.core.webui.keyword.internal.WebUIKeywordMain.runKeyword(WebUIKeywordMain.groovy:20)
	at com.kms.katalon.core.webui.keyword.builtin.ClickKeyword.click(ClickKeyword.groovy:86)
	at com.kms.katalon.core.webui.keyword.builtin.ClickKeyword.execute(ClickKeyword.groovy:67)
	at com.kms.katalon.core.keyword.internal.KeywordExecutor.executeKeywordForPlatform(KeywordExecutor.groovy:56)
	at com.kms.katalon.core.webui.keyword.WebUiBuiltInKeywords.click(WebUiBuiltInKeywords.groovy:616)
	at com.kms.katalon.core.webui.keyword.WebUiBuiltInKeywords$click$2.call(Unknown Source)
	at Script1568892165581.run(Script1568892165581.groovy:768)
	... 13 more


2019-09-19 17:34:15 - [MESSAGE][INFO] - Unable to find the element located by 'By.xpath: //select[@name='sizeSelect']/option[@value='L']'. Please recheck the objects properties to make sure the desired element is located. 

2019-09-19 17:34:15 - [MESSAGE][FAILED] - Unable to click on object 'Object Repository/Page_cabi Order Items/selectSize' (Root cause: com.kms.katalon.core.exception.StepFailedException: Unable to click on object 'Object Repository/Page_cabi Order Items/selectSize'
	at com.kms.katalon.core.webui.keyword.internal.WebUIKeywordMain.stepFailed(WebUIKeywordMain.groovy:64)
	at com.kms.katalon.core.webui.keyword.internal.WebUIKeywordMain.runKeyword(WebUIKeywordMain.groovy:26)
	at com.kms.katalon.core.webui.keyword.builtin.ClickKeyword.click(ClickKeyword.groovy:86)
	at com.kms.katalon.core.webui.keyword.builtin.ClickKeyword.execute(ClickKeyword.groovy:67)
	at com.kms.katalon.core.keyword.internal.KeywordExecutor.executeKeywordForPlatform(KeywordExecutor.groovy:56)
	at com.kms.katalon.core.webui.keyword.WebUiBuiltInKeywords.click(WebUiBuiltInKeywords.groovy:616)
	at com.kms.katalon.core.webui.keyword.WebUiBuiltInKeywords$click$2.call(Unknown Source)
	at DTYVS.run(DTYVS:768)
	at com.kms.katalon.core.main.ScriptEngine.run(ScriptEngine.java:194)
	at com.kms.katalon.core.main.ScriptEngine.runScriptAsRawText(ScriptEngine.java:119)
	at com.kms.katalon.core.main.TestCaseExecutor.runScript(TestCaseExecutor.java:342)
	at com.kms.katalon.core.main.TestCaseExecutor.doExecute(TestCaseExecutor.java:333)
	at com.kms.katalon.core.main.TestCaseExecutor.processExecutionPhase(TestCaseExecutor.java:312)
	at com.kms.katalon.core.main.TestCaseExecutor.accessMainPhase(TestCaseExecutor.java:304)
	at com.kms.katalon.core.main.TestCaseExecutor.execute(TestCaseExecutor.java:238)
	at com.kms.katalon.core.main.TestSuiteExecutor.accessTestCaseMainPhase(TestSuiteExecutor.java:129)
	at com.kms.katalon.core.main.TestSuiteExecutor.accessTestSuiteMainPhase(TestSuiteExecutor.java:112)
	at com.kms.katalon.core.main.TestSuiteExecutor.execute(TestSuiteExecutor.java:81)
	at com.kms.katalon.core.main.TestCaseMain.startTestSuite(TestCaseMain.java:157)
	at com.kms.katalon.core.main.TestCaseMain$startTestSuite$0.call(Unknown Source)
	at TempTestSuite1568893356561.run(TempTestSuite1568893356561.groovy:35)
Caused by: com.kms.katalon.core.webui.exception.WebElementNotFoundException: Web element with id: 'Object Repository/Page_cabi Order Items/selectSize' located by 'By.xpath: //select[@name='sizeSelect']/option[@value='L']' not found
	at com.kms.katalon.core.webui.common.WebUiCommonHelper.findWebElement(WebUiCommonHelper.java:1097)
	at com.kms.katalon.core.webui.keyword.internal.WebUIAbstractKeyword.findWebElement(WebUIAbstractKeyword.groovy:27)
	at com.kms.katalon.core.webui.keyword.internal.WebUIAbstractKeyword.findWebElement(WebUIAbstractKeyword.groovy:26)
	at com.kms.katalon.core.webui.keyword.builtin.ClickKeyword$_click_closure1.doCall(ClickKeyword.groovy:77)
	at com.kms.katalon.core.webui.keyword.builtin.ClickKeyword$_click_closure1.call(ClickKeyword.groovy)
	at com.kms.katalon.core.webui.keyword.internal.WebUIKeywordMain.runKeyword(WebUIKeywordMain.groovy:20)
	at com.kms.katalon.core.webui.keyword.builtin.ClickKeyword.click(ClickKeyword.groovy:86)
	at com.kms.katalon.core.webui.keyword.builtin.ClickKeyword.execute(ClickKeyword.groovy:67)
	at com.kms.katalon.core.keyword.internal.KeywordExecutor.executeKeywordForPlatform(KeywordExecutor.groovy:56)
	at com.kms.katalon.core.webui.keyword.WebUiBuiltInKeywords.click(WebUiBuiltInKeywords.groovy:616)
	at com.kms.katalon.core.webui.keyword.WebUiBuiltInKeywords$click$2.call(Unknown Source)
	at Script1568892165581.run(Script1568892165581.groovy:768)
	... 13 more
)
[[ATTACHMENT|C:\\Users\\user\\Documents\\testautomation\\KatalonProjects\\Reports\\VirtualShowSuites\\DTYSuite\\20190919_171236\\1568894655273.png]]

2019-09-19 17:34:15 - [MESSAGE][FAILED] - click(findTestObject("Object Repository/Page_cabi Order Items/selectSize")) FAILED.
Reason:
com.kms.katalon.core.exception.StepFailedException: Unable to click on object 'Object Repository/Page_cabi Order Items/selectSize'
	at com.kms.katalon.core.webui.keyword.internal.WebUIKeywordMain.stepFailed(WebUIKeywordMain.groovy:64)
	at com.kms.katalon.core.webui.keyword.internal.WebUIKeywordMain.runKeyword(WebUIKeywordMain.groovy:26)
	at com.kms.katalon.core.webui.keyword.builtin.ClickKeyword.click(ClickKeyword.groovy:86)
	at com.kms.katalon.core.webui.keyword.builtin.ClickKeyword.execute(ClickKeyword.groovy:67)
	at com.kms.katalon.core.keyword.internal.KeywordExecutor.executeKeywordForPlatform(KeywordExecutor.groovy:56)
	at com.kms.katalon.core.webui.keyword.WebUiBuiltInKeywords.click(WebUiBuiltInKeywords.groovy:616)
	at com.kms.katalon.core.webui.keyword.WebUiBuiltInKeywords$click$2.call(Unknown Source)
	at DTYVS.run(DTYVS:768)
	at com.kms.katalon.core.main.ScriptEngine.run(ScriptEngine.java:194)
	at com.kms.katalon.core.main.ScriptEngine.runScriptAsRawText(ScriptEngine.java:119)
	at com.kms.katalon.core.main.TestCaseExecutor.runScript(TestCaseExecutor.java:342)
	at com.kms.katalon.core.main.TestCaseExecutor.doExecute(TestCaseExecutor.java:333)
	at com.kms.katalon.core.main.TestCaseExecutor.processExecutionPhase(TestCaseExecutor.java:312)
	at com.kms.katalon.core.main.TestCaseExecutor.accessMainPhase(TestCaseExecutor.java:304)
	at com.kms.katalon.core.main.TestCaseExecutor.execute(TestCaseExecutor.java:238)
	at com.kms.katalon.core.main.TestSuiteExecutor.accessTestCaseMainPhase(TestSuiteExecutor.java:129)
	at com.kms.katalon.core.main.TestSuiteExecutor.accessTestSuiteMainPhase(TestSuiteExecutor.java:112)
	at com.kms.katalon.core.main.TestSuiteExecutor.execute(TestSuiteExecutor.java:81)
	at com.kms.katalon.core.main.TestCaseMain.startTestSuite(TestCaseMain.java:157)
	at com.kms.katalon.core.main.TestCaseMain$startTestSuite$0.call(Unknown Source)
	at TempTestSuite1568893356561.run(TempTestSuite1568893356561.groovy:35)
Caused by: com.kms.katalon.core.webui.exception.WebElementNotFoundException: Web element with id: 'Object Repository/Page_cabi Order Items/selectSize' located by 'By.xpath: //select[@name='sizeSelect']/option[@value='L']' not found
	at com.kms.katalon.core.webui.common.WebUiCommonHelper.findWebElement(WebUiCommonHelper.java:1097)
	at com.kms.katalon.core.webui.keyword.internal.WebUIAbstractKeyword.findWebElement(WebUIAbstractKeyword.groovy:27)
	at com.kms.katalon.core.webui.keyword.internal.WebUIAbstractKeyword.findWebElement(WebUIAbstractKeyword.groovy:26)
	at com.kms.katalon.core.webui.keyword.builtin.ClickKeyword$_click_closure1.doCall(ClickKeyword.groovy:77)
	at com.kms.katalon.core.webui.keyword.builtin.ClickKeyword$_click_closure1.call(ClickKeyword.groovy)
	at com.kms.katalon.core.webui.keyword.internal.WebUIKeywordMain.runKeyword(WebUIKeywordMain.groovy:20)
	at com.kms.katalon.core.webui.keyword.builtin.ClickKeyword.click(ClickKeyword.groovy:86)
	at com.kms.katalon.core.webui.keyword.builtin.ClickKeyword.execute(ClickKeyword.groovy:67)
	at com.kms.katalon.core.keyword.internal.KeywordExecutor.executeKeywordForPlatform(KeywordExecutor.groovy:56)
	at com.kms.katalon.core.webui.keyword.WebUiBuiltInKeywords.click(WebUiBuiltInKeywords.groovy:616)
	at com.kms.katalon.core.webui.keyword.WebUiBuiltInKeywords$click$2.call(Unknown Source)
	at Script1568892165581.run(Script1568892165581.groovy:768)
	... 13 more]]></system-out>
         <system-err><![CDATA[2019-09-19 17:25:55 - [TEST_CASE][FAILED] - Test Cases/VirtualShow/BODTY/DTYVS: Test Cases/VirtualShow/BODTY/DTYVS FAILED.
Reason:
com.kms.katalon.core.exception.StepFailedException: Unable to click on object 'Object Repository/Page_cabi Order Items/selectSize'
	at com.kms.katalon.core.webui.keyword.internal.WebUIKeywordMain.stepFailed(WebUIKeywordMain.groovy:64)
	at com.kms.katalon.core.webui.keyword.internal.WebUIKeywordMain.runKeyword(WebUIKeywordMain.groovy:26)
	at com.kms.katalon.core.webui.keyword.builtin.ClickKeyword.click(ClickKeyword.groovy:86)
	at com.kms.katalon.core.webui.keyword.builtin.ClickKeyword.execute(ClickKeyword.groovy:67)
	at com.kms.katalon.core.keyword.internal.KeywordExecutor.executeKeywordForPlatform(KeywordExecutor.groovy:56)
	at com.kms.katalon.core.webui.keyword.WebUiBuiltInKeywords.click(WebUiBuiltInKeywords.groovy:616)
	at com.kms.katalon.core.webui.keyword.WebUiBuiltInKeywords$click$2.call(Unknown Source)
	at DTYVS.run(DTYVS:768)
	at com.kms.katalon.core.main.ScriptEngine.run(ScriptEngine.java:194)
	at com.kms.katalon.core.main.ScriptEngine.runScriptAsRawText(ScriptEngine.java:119)
	at com.kms.katalon.core.main.TestCaseExecutor.runScript(TestCaseExecutor.java:342)
	at com.kms.katalon.core.main.TestCaseExecutor.doExecute(TestCaseExecutor.java:333)
	at com.kms.katalon.core.main.TestCaseExecutor.processExecutionPhase(TestCaseExecutor.java:312)
	at com.kms.katalon.core.main.TestCaseExecutor.accessMainPhase(TestCaseExecutor.java:304)
	at com.kms.katalon.core.main.TestCaseExecutor.execute(TestCaseExecutor.java:238)
	at com.kms.katalon.core.main.TestSuiteExecutor.accessTestCaseMainPhase(TestSuiteExecutor.java:129)
	at com.kms.katalon.core.main.TestSuiteExecutor.accessTestSuiteMainPhase(TestSuiteExecutor.java:112)
	at com.kms.katalon.core.main.TestSuiteExecutor.execute(TestSuiteExecutor.java:81)
	at com.kms.katalon.core.main.TestCaseMain.startTestSuite(TestCaseMain.java:157)
	at com.kms.katalon.core.main.TestCaseMain$startTestSuite$0.call(Unknown Source)
	at TempTestSuite1568893356561.run(TempTestSuite1568893356561.groovy:35)
Caused by: com.kms.katalon.core.webui.exception.WebElementNotFoundException: Web element with id: 'Object Repository/Page_cabi Order Items/selectSize' located by 'By.xpath: //select[@name='sizeSelect']/option[@value='L']' not found
	at com.kms.katalon.core.webui.common.WebUiCommonHelper.findWebElement(WebUiCommonHelper.java:1097)
	at com.kms.katalon.core.webui.keyword.internal.WebUIAbstractKeyword.findWebElement(WebUIAbstractKeyword.groovy:27)
	at com.kms.katalon.core.webui.keyword.internal.WebUIAbstractKeyword.findWebElement(WebUIAbstractKeyword.groovy:26)
	at com.kms.katalon.core.webui.keyword.builtin.ClickKeyword$_click_closure1.doCall(ClickKeyword.groovy:77)
	at com.kms.katalon.core.webui.keyword.builtin.ClickKeyword$_click_closure1.call(ClickKeyword.groovy)
	at com.kms.katalon.core.webui.keyword.internal.WebUIKeywordMain.runKeyword(WebUIKeywordMain.groovy:20)
	at com.kms.katalon.core.webui.keyword.builtin.ClickKeyword.click(ClickKeyword.groovy:86)
	at com.kms.katalon.core.webui.keyword.builtin.ClickKeyword.execute(ClickKeyword.groovy:67)
	at com.kms.katalon.core.keyword.internal.KeywordExecutor.executeKeywordForPlatform(KeywordExecutor.groovy:56)
	at com.kms.katalon.core.webui.keyword.WebUiBuiltInKeywords.click(WebUiBuiltInKeywords.groovy:616)
	at com.kms.katalon.core.webui.keyword.WebUiBuiltInKeywords$click$2.call(Unknown Source)
	at Script1568892165581.run(Script1568892165581.groovy:768)
	... 13 more]]></system-err>
      </testcase>
      <testcase name="Test Cases/VirtualShow/BODTY/DTYVSNotEligible" classname="Test Cases/VirtualShow/BODTY/DTYVSNotEligible" status="PASSED">
         <system-out><![CDATA[2019-09-19 17:34:15 - [TEST_CASE][PASSED] - Test Cases/VirtualShow/BODTY/DTYVSNotEligible: Test Cases/VirtualShow/BODTY/DTYVSNotEligible

2019-09-19 17:34:15 - [TEST_STEP][PASSED] - Start listener action : sampleBeforeTestCase: null

2019-09-19 17:34:15 - [TEST_STEP][PASSED] - println(testCaseContext.getTestCaseId()): null

2019-09-19 17:34:15 - [TEST_STEP][PASSED] - println(testCaseContext.getTestCaseVariables()): null

2019-09-19 17:34:16 - [TEST_STEP][PASSED] - sa = new org.testng.asserts.SoftAssert(): null

2019-09-19 17:34:16 - [TEST_STEP][PASSED] - dataFile = "virtualShowData": null

2019-09-19 17:34:16 - [TEST_STEP][PASSED] - guest1 = findTestData(dataFile).getValue("guest1", 1): null

2019-09-19 17:34:16 - [TEST_STEP][PASSED] - guest2 = findTestData(dataFile).getValue("guest2", 1): null

2019-09-19 17:34:16 - [TEST_STEP][PASSED] - hostess = findTestData(dataFile).getValue("hostess", 1): null

2019-09-19 17:34:16 - [TEST_STEP][PASSED] - cohostess = findTestData(dataFile).getValue("cohostess", 1): null

2019-09-19 17:34:16 - [TEST_STEP][PASSED] - dfMM = new java.text.SimpleDateFormat(MM): null

2019-09-19 17:34:16 - [TEST_STEP][PASSED] - dfDD = new java.text.SimpleDateFormat(dd): null

2019-09-19 17:34:16 - [TEST_STEP][PASSED] - dfYYYY = new java.text.SimpleDateFormat(yyyy): null

2019-09-19 17:34:16 - [TEST_STEP][PASSED] - today = getInstance().getTime(): null

2019-09-19 17:34:16 - [TEST_STEP][PASSED] - c = Calendar.getInstance(): null

2019-09-19 17:34:16 - [TEST_STEP][PASSED] - c.setTime(today): null

2019-09-19 17:34:16 - [TEST_STEP][PASSED] - c.add(DATE, 3): null

2019-09-19 17:34:16 - [TEST_STEP][PASSED] - newShowDate = c.getTime(): null

2019-09-19 17:34:16 - [TEST_STEP][PASSED] - vsyear = dfYYYY.format(newShowDate): null

2019-09-19 17:34:16 - [TEST_STEP][PASSED] - vsmonth = dfMM.format(newShowDate): null

2019-09-19 17:34:16 - [TEST_STEP][PASSED] - vsday = dfDD.format(newShowDate): null

2019-09-19 17:34:16 - [TEST_STEP][PASSED] - c.add(DATE, -2): null

2019-09-19 17:34:16 - [TEST_STEP][PASSED] - showEligDate = c.getTime(): null

2019-09-19 17:34:16 - [TEST_STEP][PASSED] - vsyearElig = dfYYYY.format(showEligDate): null

2019-09-19 17:34:16 - [TEST_STEP][PASSED] - vsmonthElig = dfMM.format(showEligDate): null

2019-09-19 17:34:16 - [TEST_STEP][PASSED] - vsdayElig = dfDD.format(showEligDate): null

2019-09-19 17:34:16 - [TEST_STEP][PASSED] - println(UtilityMethods.concat("from DTY: ", vsday, " ", vsmonth, " ", vsyear)): null

2019-09-19 17:34:16 - [TEST_STEP][PASSED] - callTestCase(findTestCase("VirtualShow/createShow"), ["testEnvt":"", "username":"", "password":"", "stylist":"", "hostess":"", "cohostess":"", "guest1":"", "guest2":"", "verifyHostess":"", ... ], CONTINUE_ON_FAILURE): Call Test Case 'Test Cases/VirtualShow/createShow' successfully

2019-09-19 17:34:16 - [TEST_CASE][PASSED] - Test Cases/VirtualShow/createShow: Test Cases/VirtualShow/createShow

2019-09-19 17:34:16 - [TEST_STEP][PASSED] - dataFile = "virtualShowData": null

2019-09-19 17:34:16 - [TEST_STEP][PASSED] - stylist = findTestData(dataFile).getValue("stylist", 1): null

2019-09-19 17:34:16 - [TEST_STEP][PASSED] - hostess = findTestData(dataFile).getValue("hostess", 1): null

2019-09-19 17:34:16 - [TEST_STEP][PASSED] - cohostess = findTestData(dataFile).getValue("cohostess", 1): null

2019-09-19 17:34:16 - [TEST_STEP][PASSED] - guest1 = findTestData(dataFile).getValue("guest1", 1): null

2019-09-19 17:34:16 - [TEST_STEP][PASSED] - guest2 = findTestData(dataFile).getValue("guest2", 1): null

2019-09-19 17:34:16 - [TEST_STEP][PASSED] - verifyGuestCount = findTestData(dataFile).getValue("verifyGuestCount", 1): null

2019-09-19 17:34:16 - [TEST_STEP][PASSED] - RSTestEnvt = findTestData("envtData").getValue("RSTestEnvt", 1): null

2019-09-19 17:34:16 - [TEST_STEP][PASSED] - openBrowser(""): Browser is opened with url: ''

2019-09-19 17:34:16 - [MESSAGE][WARNING] - A browser is already opened. Closing browser and opening a new one

2019-09-19 17:34:17 - [MESSAGE][INFO] - Starting 'Chrome' driver

2019-09-19 17:34:17 - [MESSAGE][INFO] - User set preference: ['args', '[--use-fake-ui-for-media-stream, --start-maximized]']

2019-09-19 17:34:20 - [MESSAGE][PASSED] - Browser is opened with url: ''

2019-09-19 17:34:20 - [TEST_STEP][PASSED] - maximizeWindow(): Current window maximized

2019-09-19 17:34:21 - [MESSAGE][PASSED] - Current window maximized

2019-09-19 17:34:21 - [TEST_STEP][PASSED] - callTestCase(findTestCase("TestCaseUtilities/backOfficeLogin"), ["BOURL":"", "BOuser":"", "BOpass":""], CONTINUE_ON_FAILURE): Call Test Case 'Test Cases/TestCaseUtilities/backOfficeLogin' successfully

2019-09-19 17:34:21 - [TEST_CASE][PASSED] - Test Cases/TestCaseUtilities/backOfficeLogin: Test Cases/TestCaseUtilities/backOfficeLogin

2019-09-19 17:34:21 - [TEST_STEP][PASSED] - BOURL = findTestData("envtData").getValue("BOURL", 1): null

2019-09-19 17:34:21 - [TEST_STEP][PASSED] - BOuser = findTestData("credData").getValue("BOuser", 1): null

2019-09-19 17:34:21 - [TEST_STEP][PASSED] - BOpass = findTestData("credData").getValue("BOpass", 1): null

2019-09-19 17:34:21 - [TEST_STEP][PASSED] - openBrowser(""): Browser is opened with url: ''

2019-09-19 17:34:21 - [MESSAGE][WARNING] - A browser is already opened. Closing browser and opening a new one

2019-09-19 17:34:22 - [MESSAGE][INFO] - Starting 'Chrome' driver

2019-09-19 17:34:22 - [MESSAGE][INFO] - User set preference: ['args', '[--use-fake-ui-for-media-stream, --start-maximized]']

2019-09-19 17:34:24 - [MESSAGE][PASSED] - Browser is opened with url: ''

2019-09-19 17:34:24 - [TEST_STEP][PASSED] - navigateToUrl(BOURL): Navigate to 'https://test21.cliotest.com/backoffice/control/main' successfully

2019-09-19 17:34:32 - [MESSAGE][PASSED] - Navigate to 'https://test21.cliotest.com/backoffice/control/main' successfully

2019-09-19 17:34:32 - [TEST_STEP][PASSED] - logOut = findWebElements(findTestObject("Object Repository/Page_cabi Home/log_out"), 1): Unable to find the element located by 'By.xpath: //a[contains(text(),'Log Out')]'. Please recheck the objects properties to make sure the desired element is located. 

2019-09-19 17:34:33 - [MESSAGE][INFO] - Unable to find the element located by 'By.xpath: //a[contains(text(),'Log Out')]'. Please recheck the objects properties to make sure the desired element is located. 

2019-09-19 17:34:33 - [TEST_STEP][PASSED] - if (logOut.size() == 0): Object: 'Object Repository/Page_cabi/input_Welcome to_consultantLogin' is clicked on

2019-09-19 17:34:33 - [TEST_STEP][PASSED] - setText(findTestObject("Page_cabi/input_Welcome to_USERNAME"), BOuser): Text '400000002' is set on object 'Object Repository/Page_cabi/input_Welcome to_USERNAME'

2019-09-19 17:34:33 - [MESSAGE][PASSED] - Text '400000002' is set on object 'Object Repository/Page_cabi/input_Welcome to_USERNAME'

2019-09-19 17:34:33 - [TEST_STEP][PASSED] - setText(findTestObject("Object Repository/Page_cabi/input_Welcome to_PASSWORD"), BOpass): Text 'blackdress19' is set on object 'Object Repository/Page_cabi/input_Welcome to_PASSWORD'

2019-09-19 17:34:33 - [MESSAGE][PASSED] - Text 'blackdress19' is set on object 'Object Repository/Page_cabi/input_Welcome to_PASSWORD'

2019-09-19 17:34:33 - [TEST_STEP][PASSED] - click(findTestObject("Object Repository/Page_cabi/input_Welcome to_consultantLogin")): Object: 'Object Repository/Page_cabi/input_Welcome to_consultantLogin' is clicked on

2019-09-19 17:34:43 - [MESSAGE][PASSED] - Object: 'Object Repository/Page_cabi/input_Welcome to_consultantLogin' is clicked on

2019-09-19 17:34:43 - [TEST_STEP][PASSED] - delay(3): Delayed 3 second(s)

2019-09-19 17:34:46 - [MESSAGE][PASSED] - Delayed 3 second(s)

2019-09-19 17:34:46 - [MESSAGE][PASSED] - Call Test Case 'Test Cases/TestCaseUtilities/backOfficeLogin' successfully

2019-09-19 17:34:46 - [TEST_STEP][PASSED] - verifyElementText(findTestObject("Object Repository/virualShowRSVPOR/Page_cabi/span_username"), stylist): Actual text and expected text of test object 'Object Repository/virualShowRSVPOR/Page_cabi/span_username' are matched.

2019-09-19 17:34:46 - [MESSAGE][PASSED] - Actual text and expected text of test object 'Object Repository/virualShowRSVPOR/Page_cabi/span_username' are matched.

2019-09-19 17:34:46 - [TEST_STEP][PASSED] - click(findTestObject("Object Repository/virualShowRSVPOR/Page_cabi Home/a_shows _orders")): Object: 'Object Repository/virualShowRSVPOR/Page_cabi Home/a_shows _orders' is clicked on

2019-09-19 17:34:46 - [MESSAGE][PASSED] - Object: 'Object Repository/virualShowRSVPOR/Page_cabi Home/a_shows _orders' is clicked on

2019-09-19 17:34:46 - [TEST_STEP][PASSED] - click(findTestObject("Object Repository/virualShowRSVPOR/Page_cabi Home/a_Create_A_Show")): Object: 'Object Repository/virualShowRSVPOR/Page_cabi Home/a_Create_A_Show' is clicked on

2019-09-19 17:34:49 - [MESSAGE][PASSED] - Object: 'Object Repository/virualShowRSVPOR/Page_cabi Home/a_Create_A_Show' is clicked on

2019-09-19 17:34:49 - [TEST_STEP][PASSED] - setText(findTestObject("Object Repository/virualShowRSVPOR/Page_cabi Create Show - Set Hostess/input_Hostess"), hostess): Text 'ahostess-test abc' is set on object 'Object Repository/virualShowRSVPOR/Page_cabi Create Show - Set Hostess/input_Hostess'

2019-09-19 17:34:49 - [MESSAGE][PASSED] - Text 'ahostess-test abc' is set on object 'Object Repository/virualShowRSVPOR/Page_cabi Create Show - Set Hostess/input_Hostess'

2019-09-19 17:34:49 - [TEST_STEP][PASSED] - delay(2): Delayed 2 second(s)

2019-09-19 17:34:51 - [MESSAGE][PASSED] - Delayed 2 second(s)

2019-09-19 17:34:51 - [TEST_STEP][PASSED] - sendKeys(findTestObject("Object Repository/virualShowRSVPOR/Page_cabi Create Show - Set Hostess/input_Hostess"), Keys.chord(ARROW_DOWN)): Keys 'DOWN + ' sent to object: 'Object Repository/virualShowRSVPOR/Page_cabi Create Show - Set Hostess/input_Hostess'

2019-09-19 17:34:51 - [MESSAGE][PASSED] - Keys 'DOWN + ' sent to object: 'Object Repository/virualShowRSVPOR/Page_cabi Create Show - Set Hostess/input_Hostess'

2019-09-19 17:34:51 - [TEST_STEP][PASSED] - sendKeys(findTestObject("Object Repository/virualShowRSVPOR/Page_cabi Create Show - Set Hostess/input_Hostess"), Keys.chord(ENTER)): Keys 'ENTER + ' sent to object: 'Object Repository/virualShowRSVPOR/Page_cabi Create Show - Set Hostess/input_Hostess'

2019-09-19 17:34:51 - [MESSAGE][PASSED] - Keys 'ENTER + ' sent to object: 'Object Repository/virualShowRSVPOR/Page_cabi Create Show - Set Hostess/input_Hostess'

2019-09-19 17:34:51 - [TEST_STEP][PASSED] - delay(2): Delayed 2 second(s)

2019-09-19 17:34:53 - [MESSAGE][PASSED] - Delayed 2 second(s)

2019-09-19 17:34:53 - [TEST_STEP][PASSED] - validateHostessAddressMsg = findWebElements(findTestObject("Object Repository/virualShowRSVPOR/Page_cabi Create Show - Set Hostess/validate_address_msg"), 5): null

2019-09-19 17:34:53 - [TEST_STEP][PASSED] - println(validateHostessAddressMsg.size()): null

2019-09-19 17:34:53 - [TEST_STEP][PASSED] - if (validateHostessAddressMsg.isEmpty()): null

2019-09-19 17:34:53 - [TEST_STEP][PASSED] - selectOptionByValue(findTestObject("Object Repository/virualShowRSVPOR/Page_cabi Create Show - Set Hostess/select_Choose_From_Contacts_Co-Hostess"), "3", true): All options with value '3' are selected in object 'Object Repository/virualShowRSVPOR/Page_cabi Create Show - Set Hostess/select_Choose_From_Contacts_Co-Hostess'  using regular expression

2019-09-19 17:34:53 - [MESSAGE][PASSED] - All options with value '3' are selected in object 'Object Repository/virualShowRSVPOR/Page_cabi Create Show - Set Hostess/select_Choose_From_Contacts_Co-Hostess'  using regular expression

2019-09-19 17:34:53 - [TEST_STEP][PASSED] - setText(findTestObject("Object Repository/virualShowRSVPOR/Page_cabi Create Show - Set Hostess/input_Cohostess"), cohostess): Text 'bcohost-test abc' is set on object 'Object Repository/virualShowRSVPOR/Page_cabi Create Show - Set Hostess/input_Cohostess'

2019-09-19 17:34:54 - [MESSAGE][PASSED] - Text 'bcohost-test abc' is set on object 'Object Repository/virualShowRSVPOR/Page_cabi Create Show - Set Hostess/input_Cohostess'

2019-09-19 17:34:54 - [TEST_STEP][PASSED] - delay(2): Delayed 2 second(s)

2019-09-19 17:34:56 - [MESSAGE][PASSED] - Delayed 2 second(s)

2019-09-19 17:34:56 - [TEST_STEP][PASSED] - sendKeys(findTestObject("Object Repository/virualShowRSVPOR/Page_cabi Create Show - Set Hostess/input_Cohostess"), Keys.chord(ARROW_DOWN)): Keys 'DOWN + ' sent to object: 'Object Repository/virualShowRSVPOR/Page_cabi Create Show - Set Hostess/input_Cohostess'

2019-09-19 17:34:56 - [MESSAGE][PASSED] - Keys 'DOWN + ' sent to object: 'Object Repository/virualShowRSVPOR/Page_cabi Create Show - Set Hostess/input_Cohostess'

2019-09-19 17:34:56 - [TEST_STEP][PASSED] - sendKeys(findTestObject("Object Repository/virualShowRSVPOR/Page_cabi Create Show - Set Hostess/input_Cohostess"), Keys.chord(ENTER)): Keys 'ENTER + ' sent to object: 'Object Repository/virualShowRSVPOR/Page_cabi Create Show - Set Hostess/input_Cohostess'

2019-09-19 17:34:56 - [MESSAGE][PASSED] - Keys 'ENTER + ' sent to object: 'Object Repository/virualShowRSVPOR/Page_cabi Create Show - Set Hostess/input_Cohostess'

2019-09-19 17:34:56 - [TEST_STEP][PASSED] - delay(3): Delayed 3 second(s)

2019-09-19 17:34:59 - [MESSAGE][PASSED] - Delayed 3 second(s)

2019-09-19 17:34:59 - [TEST_STEP][PASSED] - validateHostessAddressMsg = findWebElements(findTestObject("Object Repository/virualShowRSVPOR/Page_cabi Create Show - Set Hostess/validate_address_msg"), 5): null

2019-09-19 17:34:59 - [TEST_STEP][PASSED] - if (validateHostessAddressMsg.size() != 4): null

2019-09-19 17:34:59 - [TEST_STEP][PASSED] - click(findTestObject("Object Repository/virualShowRSVPOR/Page_cabi Create Show - Set Hostess/input_next")): Object: 'Object Repository/virualShowRSVPOR/Page_cabi Create Show - Set Hostess/input_next' is clicked on

2019-09-19 17:35:01 - [MESSAGE][PASSED] - Object: 'Object Repository/virualShowRSVPOR/Page_cabi Create Show - Set Hostess/input_next' is clicked on

2019-09-19 17:35:01 - [TEST_STEP][PASSED] - click(findTestObject("Object Repository/virualShowRSVPOR/Page_cabi Create Show - Time and Place/check_Virtual_Show")): Object: 'Object Repository/virualShowRSVPOR/Page_cabi Create Show - Time and Place/check_Virtual_Show' is clicked on

2019-09-19 17:35:01 - [MESSAGE][PASSED] - Object: 'Object Repository/virualShowRSVPOR/Page_cabi Create Show - Time and Place/check_Virtual_Show' is clicked on

2019-09-19 17:35:01 - [TEST_STEP][PASSED] - click(findTestObject("Object Repository/virualShowRSVPOR/Page_cabi Create Show - Time and Place/input_Show_Date_Time")): Object: 'Object Repository/virualShowRSVPOR/Page_cabi Create Show - Time and Place/input_Show_Date_Time' is clicked on

2019-09-19 17:35:01 - [MESSAGE][PASSED] - Object: 'Object Repository/virualShowRSVPOR/Page_cabi Create Show - Time and Place/input_Show_Date_Time' is clicked on

2019-09-19 17:35:01 - [TEST_STEP][PASSED] - println(UtilityMethods.concat(" ", vsday, " ", vsmonth, " ", vsyear)): null

2019-09-19 17:35:01 - [TEST_STEP][PASSED] - year = vsyear: null

2019-09-19 17:35:01 - [TEST_STEP][PASSED] - month = vsmonth: null

2019-09-19 17:35:01 - [TEST_STEP][PASSED] - day = vsday: null

2019-09-19 17:35:01 - [TEST_STEP][PASSED] - pastdate = findTestData("virtualShowData").getValue("pastdate", 1): null

2019-09-19 17:35:01 - [TEST_STEP][PASSED] - xpath = UtilityMethods.concat("//td[@data-month='" + month - 1 + "' and @data-year='" + year + "']/a[contains(text(), '" + day + "')]"): null

2019-09-19 17:35:01 - [TEST_STEP][PASSED] - dateObj = new com.kms.katalon.core.testobject.TestObject(td_month_year_day): null

2019-09-19 17:35:01 - [TEST_STEP][PASSED] - dateObj.addProperty("xpath", EQUALS, xpath): null

2019-09-19 17:35:01 - [TEST_STEP][PASSED] - monthBound = 12: null

2019-09-19 17:35:01 - [TEST_STEP][PASSED] - dateObjList = findWebElements(dateObj, 5): null

2019-09-19 17:35:01 - [TEST_STEP][PASSED] - while (dateObjList.size() == 0 && monthBound > 0): null

2019-09-19 17:35:01 - [TEST_STEP][PASSED] - click(dateObj): Object: 'td_month_year_day' is clicked on

2019-09-19 17:35:01 - [MESSAGE][PASSED] - Object: 'td_month_year_day' is clicked on

2019-09-19 17:35:01 - [TEST_STEP][PASSED] - click(findTestObject("Object Repository/virualShowRSVPOR/Page_cabi Create Show - Time and Place/a_select_End_Time")): Object: 'Object Repository/virualShowRSVPOR/Page_cabi Create Show - Time and Place/a_select_End_Time' is clicked on

2019-09-19 17:35:01 - [MESSAGE][PASSED] - Object: 'Object Repository/virualShowRSVPOR/Page_cabi Create Show - Time and Place/a_select_End_Time' is clicked on

2019-09-19 17:35:01 - [TEST_STEP][PASSED] - click(findTestObject("Object Repository/virualShowRSVPOR/Page_cabi Create Show - Time and Place/input_next")): Object: 'Object Repository/virualShowRSVPOR/Page_cabi Create Show - Time and Place/input_next' is clicked on

2019-09-19 17:35:02 - [MESSAGE][PASSED] - Object: 'Object Repository/virualShowRSVPOR/Page_cabi Create Show - Time and Place/input_next' is clicked on

2019-09-19 17:35:02 - [TEST_STEP][PASSED] - delay(5): Delayed 5 second(s)

2019-09-19 17:35:07 - [MESSAGE][PASSED] - Delayed 5 second(s)

2019-09-19 17:35:07 - [TEST_STEP][PASSED] - click(findTestObject("Object Repository/virualShowRSVPOR/Page_cabi Create Show - Invite Hostess/input_Skip_Invite")): Object: 'Object Repository/virualShowRSVPOR/Page_cabi Create Show - Invite Hostess/input_Skip_Invite' is clicked on

2019-09-19 17:35:09 - [MESSAGE][PASSED] - Object: 'Object Repository/virualShowRSVPOR/Page_cabi Create Show - Invite Hostess/input_Skip_Invite' is clicked on

2019-09-19 17:35:09 - [TEST_STEP][PASSED] - setText(findTestObject("Object Repository/virualShowRSVPOR/Page_cabi Edit Show - Add Guests/contact_search_box"), guest1): Text 'guest1-test abc' is set on object 'Object Repository/virualShowRSVPOR/Page_cabi Edit Show - Add Guests/contact_search_box'

2019-09-19 17:35:10 - [MESSAGE][PASSED] - Text 'guest1-test abc' is set on object 'Object Repository/virualShowRSVPOR/Page_cabi Edit Show - Add Guests/contact_search_box'

2019-09-19 17:35:10 - [TEST_STEP][PASSED] - delay(2): Delayed 2 second(s)

2019-09-19 17:35:12 - [MESSAGE][PASSED] - Delayed 2 second(s)

2019-09-19 17:35:12 - [TEST_STEP][PASSED] - sendKeys(findTestObject("Object Repository/virualShowRSVPOR/Page_cabi Edit Show - Add Guests/contact_search_box"), Keys.chord(ARROW_DOWN)): Keys 'DOWN + ' sent to object: 'Object Repository/virualShowRSVPOR/Page_cabi Edit Show - Add Guests/contact_search_box'

2019-09-19 17:35:12 - [MESSAGE][PASSED] - Keys 'DOWN + ' sent to object: 'Object Repository/virualShowRSVPOR/Page_cabi Edit Show - Add Guests/contact_search_box'

2019-09-19 17:35:12 - [TEST_STEP][PASSED] - sendKeys(findTestObject("Object Repository/virualShowRSVPOR/Page_cabi Edit Show - Add Guests/contact_search_box"), Keys.chord(ENTER)): Keys 'ENTER + ' sent to object: 'Object Repository/virualShowRSVPOR/Page_cabi Edit Show - Add Guests/contact_search_box'

2019-09-19 17:35:12 - [MESSAGE][PASSED] - Keys 'ENTER + ' sent to object: 'Object Repository/virualShowRSVPOR/Page_cabi Edit Show - Add Guests/contact_search_box'

2019-09-19 17:35:12 - [TEST_STEP][PASSED] - delay(2): Delayed 2 second(s)

2019-09-19 17:35:14 - [MESSAGE][PASSED] - Delayed 2 second(s)

2019-09-19 17:35:14 - [TEST_STEP][PASSED] - click(findTestObject("Object Repository/virualShowRSVPOR/Page_cabi Edit Show - Add Guests/a_add_guest")): Object: 'Object Repository/virualShowRSVPOR/Page_cabi Edit Show - Add Guests/a_add_guest' is clicked on

2019-09-19 17:35:14 - [MESSAGE][PASSED] - Object: 'Object Repository/virualShowRSVPOR/Page_cabi Edit Show - Add Guests/a_add_guest' is clicked on

2019-09-19 17:35:14 - [TEST_STEP][PASSED] - delay(5): Delayed 5 second(s)

2019-09-19 17:35:19 - [MESSAGE][PASSED] - Delayed 5 second(s)

2019-09-19 17:35:19 - [TEST_STEP][PASSED] - setText(findTestObject("Object Repository/virualShowRSVPOR/Page_cabi Edit Show - Add Guests/contact_search_box"), guest2): Text 'guest2-test abc' is set on object 'Object Repository/virualShowRSVPOR/Page_cabi Edit Show - Add Guests/contact_search_box'

2019-09-19 17:35:20 - [MESSAGE][PASSED] - Text 'guest2-test abc' is set on object 'Object Repository/virualShowRSVPOR/Page_cabi Edit Show - Add Guests/contact_search_box'

2019-09-19 17:35:20 - [TEST_STEP][PASSED] - delay(2): Delayed 2 second(s)

2019-09-19 17:35:22 - [MESSAGE][PASSED] - Delayed 2 second(s)

2019-09-19 17:35:22 - [TEST_STEP][PASSED] - sendKeys(findTestObject("Object Repository/virualShowRSVPOR/Page_cabi Edit Show - Add Guests/contact_search_box"), Keys.chord(ARROW_DOWN)): Keys 'DOWN + ' sent to object: 'Object Repository/virualShowRSVPOR/Page_cabi Edit Show - Add Guests/contact_search_box'

2019-09-19 17:35:22 - [MESSAGE][PASSED] - Keys 'DOWN + ' sent to object: 'Object Repository/virualShowRSVPOR/Page_cabi Edit Show - Add Guests/contact_search_box'

2019-09-19 17:35:22 - [TEST_STEP][PASSED] - sendKeys(findTestObject("Object Repository/virualShowRSVPOR/Page_cabi Edit Show - Add Guests/contact_search_box"), Keys.chord(ENTER)): Keys 'ENTER + ' sent to object: 'Object Repository/virualShowRSVPOR/Page_cabi Edit Show - Add Guests/contact_search_box'

2019-09-19 17:35:22 - [MESSAGE][PASSED] - Keys 'ENTER + ' sent to object: 'Object Repository/virualShowRSVPOR/Page_cabi Edit Show - Add Guests/contact_search_box'

2019-09-19 17:35:22 - [TEST_STEP][PASSED] - delay(2): Delayed 2 second(s)

2019-09-19 17:35:24 - [MESSAGE][PASSED] - Delayed 2 second(s)

2019-09-19 17:35:24 - [TEST_STEP][PASSED] - click(findTestObject("Object Repository/virualShowRSVPOR/Page_cabi Edit Show - Add Guests/a_add_guest")): Object: 'Object Repository/virualShowRSVPOR/Page_cabi Edit Show - Add Guests/a_add_guest' is clicked on

2019-09-19 17:35:24 - [MESSAGE][PASSED] - Object: 'Object Repository/virualShowRSVPOR/Page_cabi Edit Show - Add Guests/a_add_guest' is clicked on

2019-09-19 17:35:24 - [TEST_STEP][PASSED] - delay(2): Delayed 2 second(s)

2019-09-19 17:35:26 - [MESSAGE][PASSED] - Delayed 2 second(s)

2019-09-19 17:35:26 - [TEST_STEP][PASSED] - verifyHostess = UtilityMethods.splitPersonName(hostess): null

2019-09-19 17:35:26 - [TEST_STEP][PASSED] - verifyCohostess = UtilityMethods.splitPersonName(cohostess): null

2019-09-19 17:35:26 - [TEST_STEP][PASSED] - verifyGuest1 = UtilityMethods.splitPersonName(guest1): null

2019-09-19 17:35:26 - [TEST_STEP][PASSED] - verifyGuest2 = UtilityMethods.splitPersonName(guest2): null

2019-09-19 17:35:26 - [TEST_STEP][PASSED] - verifyElementText(findTestObject("Object Repository/virualShowRSVPOR/Page_cabi Edit Show - Add Guests/span_hostess_name"), UtilityMethods.concat(verifyHostess[1], ", ", verifyHostess[0])): Actual text and expected text of test object 'Object Repository/virualShowRSVPOR/Page_cabi Edit Show - Add Guests/span_hostess_name' are matched.

2019-09-19 17:35:26 - [MESSAGE][PASSED] - Actual text and expected text of test object 'Object Repository/virualShowRSVPOR/Page_cabi Edit Show - Add Guests/span_hostess_name' are matched.

2019-09-19 17:35:26 - [TEST_STEP][PASSED] - verifyElementText(findTestObject("Object Repository/virualShowRSVPOR/Page_cabi Edit Show - Add Guests/span_cohostess_name"), UtilityMethods.concat(verifyCohostess[1], ", ", verifyCohostess[0])): Actual text and expected text of test object 'Object Repository/virualShowRSVPOR/Page_cabi Edit Show - Add Guests/span_cohostess_name' are matched.

2019-09-19 17:35:26 - [MESSAGE][PASSED] - Actual text and expected text of test object 'Object Repository/virualShowRSVPOR/Page_cabi Edit Show - Add Guests/span_cohostess_name' are matched.

2019-09-19 17:35:26 - [TEST_STEP][PASSED] - listElement = findWebElements(findTestObject("Object Repository/virualShowRSVPOR/Page_cabi Edit Show - Add Guests/span_guest_name_list"), 5): null

2019-09-19 17:35:26 - [TEST_STEP][PASSED] - guestCount = Integer.parseInt(verifyGuestCount): null

2019-09-19 17:35:26 - [TEST_STEP][PASSED] - assert listElement.size() == guestCount: null

2019-09-19 17:35:26 - [TEST_STEP][PASSED] - flag = false: null

2019-09-19 17:35:26 - [TEST_STEP][PASSED] - for ([i = 0, i < guestCount, (i++)]): null

2019-09-19 17:35:26 - [TEST_STEP][PASSED] - flag = false: null

2019-09-19 17:35:26 - [TEST_STEP][PASSED] - if (getText().equals(UtilityMethods.concat(verifyGuest1[1], ", ", verifyGuest1[0]))): null

2019-09-19 17:35:26 - [TEST_STEP][PASSED] - flag = true: null

2019-09-19 17:35:26 - [TEST_STEP][PASSED] - if (getText().equals(UtilityMethods.concat(verifyGuest2[1], ", ", verifyGuest2[0]))): null

2019-09-19 17:35:26 - [TEST_STEP][PASSED] - flag = false: null

2019-09-19 17:35:26 - [TEST_STEP][PASSED] - if (getText().equals(UtilityMethods.concat(verifyGuest1[1], ", ", verifyGuest1[0]))): null

2019-09-19 17:35:26 - [TEST_STEP][PASSED] - if (getText().equals(UtilityMethods.concat(verifyGuest2[1], ", ", verifyGuest2[0]))): null

2019-09-19 17:35:26 - [TEST_STEP][PASSED] - flag = true: null

2019-09-19 17:35:26 - [TEST_STEP][PASSED] - assert flag == true: null

2019-09-19 17:35:26 - [TEST_STEP][PASSED] - click(findTestObject("Object Repository/virualShowRSVPOR/Page_cabi Edit Show - Add Guests/input_Next")): Object: 'Object Repository/virualShowRSVPOR/Page_cabi Edit Show - Add Guests/input_Next' is clicked on

2019-09-19 17:35:28 - [MESSAGE][PASSED] - Object: 'Object Repository/virualShowRSVPOR/Page_cabi Edit Show - Add Guests/input_Next' is clicked on

2019-09-19 17:35:28 - [TEST_STEP][PASSED] - delay(5): Delayed 5 second(s)

2019-09-19 17:35:33 - [MESSAGE][PASSED] - Delayed 5 second(s)

2019-09-19 17:35:33 - [TEST_STEP][PASSED] - click(findTestObject("Object Repository/virualShowRSVPOR/Page_cabi Edit Show - Send Invitations/input_Overview")): Object: 'Object Repository/virualShowRSVPOR/Page_cabi Edit Show - Send Invitations/input_Overview' is clicked on

2019-09-19 17:35:35 - [MESSAGE][PASSED] - Object: 'Object Repository/virualShowRSVPOR/Page_cabi Edit Show - Send Invitations/input_Overview' is clicked on

2019-09-19 17:35:35 - [TEST_STEP][PASSED] - showID = getText(findTestObject("Object Repository/virualShowRSVPOR/Page_cabi Orders/li_Show_ID_Text")): Text of object 'Object Repository/virualShowRSVPOR/Page_cabi Orders/li_Show_ID_Text' is: 'Show #: 104739739'

2019-09-19 17:35:35 - [MESSAGE][PASSED] - Text of object 'Object Repository/virualShowRSVPOR/Page_cabi Orders/li_Show_ID_Text' is: 'Show #: 104739739'

2019-09-19 17:35:35 - [TEST_STEP][PASSED] - rightClick(findTestObject("Object Repository/virualShowRSVPOR/Page_cabi Orders/a_Account")): Object: 'Object Repository/virualShowRSVPOR/Page_cabi Orders/a_Account' is right clicked on

2019-09-19 17:35:35 - [MESSAGE][PASSED] - Object: 'Object Repository/virualShowRSVPOR/Page_cabi Orders/a_Account' is right clicked on

2019-09-19 17:35:35 - [TEST_STEP][PASSED] - click(findTestObject("Object Repository/virualShowRSVPOR/Page_cabi Orders/a_My Profile")): Object: 'Object Repository/virualShowRSVPOR/Page_cabi Orders/a_My Profile' is clicked on

2019-09-19 17:35:37 - [MESSAGE][PASSED] - Object: 'Object Repository/virualShowRSVPOR/Page_cabi Orders/a_My Profile' is clicked on

2019-09-19 17:35:37 - [TEST_STEP][PASSED] - rsName = getText(findTestObject("Object Repository/virualShowRSVPOR/Page_cabi My Profile/span_rsName")): Text of object 'Object Repository/virualShowRSVPOR/Page_cabi My Profile/span_rsName' is: 'MirandaKate'

2019-09-19 17:35:37 - [MESSAGE][PASSED] - Text of object 'Object Repository/virualShowRSVPOR/Page_cabi My Profile/span_rsName' is: 'MirandaKate'

2019-09-19 17:35:37 - [TEST_STEP][PASSED] - micrositeURL = UtilityMethods.createURL(rsName, RSTestEnvt, showID): null

2019-09-19 17:35:37 - [TEST_STEP][PASSED] - println(micrositeURL): null

2019-09-19 17:35:37 - [TEST_STEP][PASSED] - back(): Navigate back successfully

2019-09-19 17:35:37 - [MESSAGE][PASSED] - Navigate back successfully

2019-09-19 17:35:37 - [MESSAGE][PASSED] - Call Test Case 'Test Cases/VirtualShow/createShow' successfully

2019-09-19 17:35:37 - [TEST_STEP][PASSED] - click(findTestObject("Object Repository/virualShowRSVPOR/Page_cabi Edit Show - Send Invitations/a_orders")): Object: 'Object Repository/virualShowRSVPOR/Page_cabi Edit Show - Send Invitations/a_orders' is clicked on

2019-09-19 17:35:39 - [MESSAGE][PASSED] - Object: 'Object Repository/virualShowRSVPOR/Page_cabi Edit Show - Send Invitations/a_orders' is clicked on

2019-09-19 17:35:39 - [TEST_STEP][PASSED] - g1Vars = UtilityMethods.splitPersonName(guest1): null

2019-09-19 17:35:39 - [TEST_STEP][PASSED] - g1Var = UtilityMethods.concat(g1Vars[1], ", ", g1Vars[0]): null

2019-09-19 17:35:39 - [TEST_STEP][PASSED] - buttonPlaceOrder = UtilityMethods.createTestObject("buttoPlaceOrder", "//table[@class='show-order-table']/tbody/tr/td/span[contains(text(), '", g1Var, "')]/parent::td/following-sibling::td[1]/button"): null

2019-09-19 17:35:39 - [TEST_STEP][PASSED] - click(buttonPlaceOrder): Object: 'buttoPlaceOrder' is clicked on

2019-09-19 17:35:41 - [MESSAGE][PASSED] - Object: 'buttoPlaceOrder' is clicked on

2019-09-19 17:35:41 - [TEST_STEP][PASSED] - delay(3): Delayed 3 second(s)

2019-09-19 17:35:44 - [MESSAGE][PASSED] - Delayed 3 second(s)

2019-09-19 17:35:44 - [TEST_STEP][PASSED] - DTYMsg = UtilityMethods.concat("This order will become eligible for "Direct to You" shipping after ", vsmonthElig, "/", vsdayElig, "."): null

2019-09-19 17:35:44 - [TEST_STEP][PASSED] - println(getText(findTestObject("Object Repository/virualShowRSVPOR/DTY/label_DtyEligibility"))): Text of object 'Object Repository/virualShowRSVPOR/DTY/label_DtyEligibility' is: 'This order will become eligible for "Direct to You" shipping after 09/20.'

2019-09-19 17:35:44 - [MESSAGE][PASSED] - Text of object 'Object Repository/virualShowRSVPOR/DTY/label_DtyEligibility' is: 'This order will become eligible for "Direct to You" shipping after 09/20.'

2019-09-19 17:35:44 - [TEST_STEP][PASSED] - verifyElementText(findTestObject("Object Repository/virualShowRSVPOR/DTY/label_DtyEligibility"), DTYMsg, CONTINUE_ON_FAILURE): Actual text and expected text of test object 'Object Repository/virualShowRSVPOR/DTY/label_DtyEligibility' are matched.

2019-09-19 17:35:44 - [MESSAGE][PASSED] - Actual text and expected text of test object 'Object Repository/virualShowRSVPOR/DTY/label_DtyEligibility' are matched.

2019-09-19 17:35:44 - [TEST_STEP][PASSED] - check(findTestObject("Object Repository/Page_cabi Home/a_same_shipping_address")): Object 'Object Repository/Page_cabi Home/a_same_shipping_address' is checked

2019-09-19 17:35:44 - [MESSAGE][PASSED] - Object 'Object Repository/Page_cabi Home/a_same_shipping_address' is checked

2019-09-19 17:35:44 - [TEST_STEP][PASSED] - delay(3): Delayed 3 second(s)

2019-09-19 17:35:47 - [MESSAGE][PASSED] - Delayed 3 second(s)

2019-09-19 17:35:47 - [TEST_STEP][PASSED] - driver = getWebDriver(): null

2019-09-19 17:35:47 - [TEST_STEP][PASSED] - executor = driver: null

2019-09-19 17:35:47 - [TEST_STEP][PASSED] - executor.executeScript("arguments[0].click();", findWebElement(findTestObject("Object Repository/Page_cabi Home/a_order_items"), 5)): null

2019-09-19 17:35:47 - [TEST_STEP][PASSED] - click(findTestObject("Object Repository/Page_cabi Retail Store/span_quick_entry")): Object: 'Object Repository/Page_cabi Retail Store/span_quick_entry' is clicked on

2019-09-19 17:35:51 - [MESSAGE][PASSED] - Object: 'Object Repository/Page_cabi Retail Store/span_quick_entry' is clicked on

2019-09-19 17:35:51 - [TEST_STEP][PASSED] - delay(3): Delayed 3 second(s)

2019-09-19 17:35:54 - [MESSAGE][PASSED] - Delayed 3 second(s)

2019-09-19 17:35:54 - [TEST_STEP][PASSED] - emptyCart = findWebElements(findTestObject("Object Repository/Page_cabi Personal Store/removeFromCart"), 5): Unable to find the element located by 'By.xpath: //*[@id="removeFromCart_0"]/span'. Please recheck the objects properties to make sure the desired element is located. 

2019-09-19 17:35:59 - [MESSAGE][INFO] - Unable to find the element located by 'By.xpath: //*[@id="removeFromCart_0"]/span'. Please recheck the objects properties to make sure the desired element is located. 

2019-09-19 17:35:59 - [TEST_STEP][PASSED] - if (emptyCart.size() > 0): null

2019-09-19 17:35:59 - [TEST_STEP][PASSED] - addOnStyle = findTestData("miscData").getValue("addOnStyle", 1): null

2019-09-19 17:35:59 - [TEST_STEP][PASSED] - addOnStyle2 = findTestData("miscData").getValue("addOnStyle", 2): null

2019-09-19 17:35:59 - [TEST_STEP][PASSED] - setText(findTestObject("Object Repository/Page_cabi Create Order/input_Manual Discount_stylelookup_0"), addOnStyle): Text '3701' is set on object 'Object Repository/Page_cabi Create Order/input_Manual Discount_stylelookup_0'

2019-09-19 17:35:59 - [MESSAGE][PASSED] - Text '3701' is set on object 'Object Repository/Page_cabi Create Order/input_Manual Discount_stylelookup_0'

2019-09-19 17:35:59 - [TEST_STEP][PASSED] - delay(2): Delayed 2 second(s)

2019-09-19 17:36:01 - [MESSAGE][PASSED] - Delayed 2 second(s)

2019-09-19 17:36:01 - [TEST_STEP][PASSED] - sendKeys(findTestObject("Object Repository/Page_cabi Create Order/input_Manual Discount_stylelookup_0"), Keys.chord(ARROW_DOWN)): Keys 'DOWN + ' sent to object: 'Object Repository/Page_cabi Create Order/input_Manual Discount_stylelookup_0'

2019-09-19 17:36:01 - [MESSAGE][PASSED] - Keys 'DOWN + ' sent to object: 'Object Repository/Page_cabi Create Order/input_Manual Discount_stylelookup_0'

2019-09-19 17:36:01 - [TEST_STEP][PASSED] - delay(2): Delayed 2 second(s)

2019-09-19 17:36:03 - [MESSAGE][PASSED] - Delayed 2 second(s)

2019-09-19 17:36:03 - [TEST_STEP][PASSED] - sendKeys(findTestObject("Object Repository/Page_cabi Create Order/input_Manual Discount_stylelookup_0"), Keys.chord(ARROW_DOWN)): Keys 'DOWN + ' sent to object: 'Object Repository/Page_cabi Create Order/input_Manual Discount_stylelookup_0'

2019-09-19 17:36:03 - [MESSAGE][PASSED] - Keys 'DOWN + ' sent to object: 'Object Repository/Page_cabi Create Order/input_Manual Discount_stylelookup_0'

2019-09-19 17:36:03 - [TEST_STEP][PASSED] - sendKeys(findTestObject("Object Repository/Page_cabi Create Order/input_Manual Discount_stylelookup_0"), Keys.chord(ENTER)): Keys 'ENTER + ' sent to object: 'Object Repository/Page_cabi Create Order/input_Manual Discount_stylelookup_0'

2019-09-19 17:36:03 - [MESSAGE][PASSED] - Keys 'ENTER + ' sent to object: 'Object Repository/Page_cabi Create Order/input_Manual Discount_stylelookup_0'

2019-09-19 17:36:03 - [TEST_STEP][PASSED] - delay(5): Delayed 5 second(s)

2019-09-19 17:36:08 - [MESSAGE][PASSED] - Delayed 5 second(s)

2019-09-19 17:36:08 - [TEST_STEP][PASSED] - click(findTestObject("Object Repository/Page_cabi Order Items/selectSize")): Object: 'Object Repository/Page_cabi Order Items/selectSize' is clicked on

2019-09-19 17:36:08 - [MESSAGE][PASSED] - Object: 'Object Repository/Page_cabi Order Items/selectSize' is clicked on

2019-09-19 17:36:08 - [TEST_STEP][PASSED] - delay(3): Delayed 3 second(s)

2019-09-19 17:36:11 - [MESSAGE][PASSED] - Delayed 3 second(s)

2019-09-19 17:36:11 - [TEST_STEP][PASSED] - click(findTestObject("Object Repository/Page_cabi Order Items/span_Add to Cart")): Object: 'Object Repository/Page_cabi Order Items/span_Add to Cart' is clicked on

2019-09-19 17:36:11 - [MESSAGE][PASSED] - Object: 'Object Repository/Page_cabi Order Items/span_Add to Cart' is clicked on

2019-09-19 17:36:11 - [TEST_STEP][PASSED] - delay(5): Delayed 5 second(s)

2019-09-19 17:36:16 - [MESSAGE][PASSED] - Delayed 5 second(s)

2019-09-19 17:36:16 - [TEST_STEP][PASSED] - click(findTestObject("Object Repository/Page_cabi Order Items/a_next")): Object: 'Object Repository/Page_cabi Order Items/a_next' is clicked on

2019-09-19 17:36:17 - [MESSAGE][PASSED] - Object: 'Object Repository/Page_cabi Order Items/a_next' is clicked on

2019-09-19 17:36:17 - [TEST_STEP][PASSED] - delay(3): Delayed 3 second(s)

2019-09-19 17:36:20 - [MESSAGE][PASSED] - Delayed 3 second(s)

2019-09-19 17:36:20 - [TEST_STEP][PASSED] - verifyElementText(findTestObject("Object Repository/Page_cabi Shipping/label_DTYMsg1"), "This order is not yet eligible for "Direct to You" shipping.", CONTINUE_ON_FAILURE): Actual text and expected text of test object 'Object Repository/Page_cabi Shipping/label_DTYMsg1' are matched.

2019-09-19 17:36:20 - [MESSAGE][PASSED] - Actual text and expected text of test object 'Object Repository/Page_cabi Shipping/label_DTYMsg1' are matched.

2019-09-19 17:36:20 - [TEST_STEP][PASSED] - delay(1): Delayed 1 second(s)

2019-09-19 17:36:21 - [MESSAGE][PASSED] - Delayed 1 second(s)

2019-09-19 17:36:21 - [TEST_STEP][PASSED] - verifyElementText(findTestObject("Object Repository/Page_cabi Shipping/label_DTYMsg2"), ""Direct to You" order must be paid by credit card or cabi Gift Card.", CONTINUE_ON_FAILURE): Actual text and expected text of test object 'Object Repository/Page_cabi Shipping/label_DTYMsg2' are matched.

2019-09-19 17:36:21 - [MESSAGE][PASSED] - Actual text and expected text of test object 'Object Repository/Page_cabi Shipping/label_DTYMsg2' are matched.

2019-09-19 17:36:21 - [TEST_STEP][PASSED] - delay(1): Delayed 1 second(s)

2019-09-19 17:36:22 - [MESSAGE][PASSED] - Delayed 1 second(s)

2019-09-19 17:36:22 - [TEST_STEP][PASSED] - verifyElementText(findTestObject("Object Repository/Page_cabi Shipping/label_DTYMsg3"), ""Direct to You" order can start being placed 2 days before the show date.", CONTINUE_ON_FAILURE): Actual text and expected text of test object 'Object Repository/Page_cabi Shipping/label_DTYMsg3' are matched.

2019-09-19 17:36:22 - [MESSAGE][PASSED] - Actual text and expected text of test object 'Object Repository/Page_cabi Shipping/label_DTYMsg3' are matched.

2019-09-19 17:36:22 - [TEST_STEP][PASSED] - delay(1): Delayed 1 second(s)

2019-09-19 17:36:23 - [MESSAGE][PASSED] - Delayed 1 second(s)

2019-09-19 17:36:23 - [TEST_STEP][PASSED] - hasAtributeDisabled = verifyElementHasAttribute(findTestObject("Object Repository/Page_cabi Shipping/check_as_dty_order"), "disabled", 20, CONTINUE_ON_FAILURE): Object 'Object Repository/Page_cabi Shipping/check_as_dty_order' has attribute 'disabled'

2019-09-19 17:36:23 - [MESSAGE][PASSED] - Object 'Object Repository/Page_cabi Shipping/check_as_dty_order' has attribute 'disabled'

2019-09-19 17:36:23 - [TEST_STEP][PASSED] - if (hasAtributeDisabled): Object 'Object Repository/Page_cabi Shipping/check_as_dty_order' has attribute 'disabled' with value 'true'

2019-09-19 17:36:23 - [TEST_STEP][PASSED] - verifyElementAttributeValue(findTestObject("Object Repository/Page_cabi Shipping/check_as_dty_order"), "disabled", "true", 20): Object 'Object Repository/Page_cabi Shipping/check_as_dty_order' has attribute 'disabled' with value 'true'

2019-09-19 17:36:23 - [MESSAGE][PASSED] - Object 'Object Repository/Page_cabi Shipping/check_as_dty_order' has attribute 'disabled' with value 'true'

2019-09-19 17:36:23 - [TEST_STEP][PASSED] - span_place_dty_order_greys = findWebElements(findTestObject("Object Repository/Page_cabi Shipping/span_place_dty_order_grey"), 20): null

2019-09-19 17:36:23 - [TEST_STEP][PASSED] - if (span_place_dty_order_greys.size() != 1): null

2019-09-19 17:36:23 - [TEST_STEP][PASSED] - verifyElementHasAttribute(findTestObject("Page_cabi Shipping/span_dty_checkmark_grey"), "style", 20, CONTINUE_ON_FAILURE): Object 'Object Repository/Page_cabi Shipping/span_dty_checkmark_grey' has attribute 'style'

2019-09-19 17:36:23 - [MESSAGE][PASSED] - Object 'Object Repository/Page_cabi Shipping/span_dty_checkmark_grey' has attribute 'style'

2019-09-19 17:36:23 - [TEST_STEP][PASSED] - verifyElementAttributeValue(findTestObject("Object Repository/Page_cabi Shipping/span_dty_checkmark_grey"), "style", "background-color: rgb(211, 211, 211); cursor: default;", 20): Object 'Object Repository/Page_cabi Shipping/span_dty_checkmark_grey' has attribute 'style' with value 'background-color: rgb(211, 211, 211); cursor: default;'

2019-09-19 17:36:23 - [MESSAGE][PASSED] - Object 'Object Repository/Page_cabi Shipping/span_dty_checkmark_grey' has attribute 'style' with value 'background-color: rgb(211, 211, 211); cursor: default;'

2019-09-19 17:36:23 - [TEST_STEP][PASSED] - delay(1): Delayed 1 second(s)

2019-09-19 17:36:24 - [MESSAGE][PASSED] - Delayed 1 second(s)

2019-09-19 17:36:24 - [TEST_STEP][PASSED] - click(findTestObject("Object Repository/Page_cabi Shipping/a_show_order_checkout_next")): Object: 'Object Repository/Page_cabi Shipping/a_show_order_checkout_next' is clicked on

2019-09-19 17:36:24 - [MESSAGE][PASSED] - Object: 'Object Repository/Page_cabi Shipping/a_show_order_checkout_next' is clicked on

2019-09-19 17:36:24 - [TEST_STEP][PASSED] - delay(1): Delayed 1 second(s)

2019-09-19 17:36:25 - [MESSAGE][PASSED] - Delayed 1 second(s)

2019-09-19 17:36:25 - [TEST_STEP][PASSED] - click(findTestObject("Object Repository/Page_cabi Shipping/a_make_first_payment")): Object: 'Object Repository/Page_cabi Shipping/a_make_first_payment' is clicked on

2019-09-19 17:36:27 - [MESSAGE][PASSED] - Object: 'Object Repository/Page_cabi Shipping/a_make_first_payment' is clicked on

2019-09-19 17:36:27 - [TEST_STEP][PASSED] - delay(3): Delayed 3 second(s)

2019-09-19 17:36:30 - [MESSAGE][PASSED] - Delayed 3 second(s)

2019-09-19 17:36:30 - [TEST_STEP][PASSED] - paymentOptions = findWebElements(findTestObject("Page_cabi Shipping/select_payment_options"), 20): null

2019-09-19 17:36:30 - [TEST_STEP][PASSED] - get(0).getAttribute(addOnStyle): null

2019-09-19 17:36:30 - [TEST_STEP][PASSED] - validPayOption = true: null

2019-09-19 17:36:30 - [TEST_STEP][PASSED] - for (org.openqa.selenium.WebElement we : paymentOptions): null

2019-09-19 17:36:30 - [TEST_STEP][PASSED] - option = we.getText(): null

2019-09-19 17:36:30 - [TEST_STEP][PASSED] - validPayOption = false: null

2019-09-19 17:36:30 - [TEST_STEP][PASSED] - if (option.matches(".*[^\d]\d{4}$") || option.equalsIgnoreCase("Gift Card") || option.equalsIgnoreCase("Add New Credit Card") || option.equalsIgnoreCase("Cash") || option.equalsIgnoreCase("Check")): null

2019-09-19 17:36:30 - [TEST_STEP][PASSED] - validPayOption = true: null

2019-09-19 17:36:30 - [TEST_STEP][PASSED] - option = we.getText(): null

2019-09-19 17:36:30 - [TEST_STEP][PASSED] - validPayOption = false: null

2019-09-19 17:36:30 - [TEST_STEP][PASSED] - if (option.matches(".*[^\d]\d{4}$") || option.equalsIgnoreCase("Gift Card") || option.equalsIgnoreCase("Add New Credit Card") || option.equalsIgnoreCase("Cash") || option.equalsIgnoreCase("Check")): null

2019-09-19 17:36:30 - [TEST_STEP][PASSED] - validPayOption = true: null

2019-09-19 17:36:30 - [TEST_STEP][PASSED] - option = we.getText(): null

2019-09-19 17:36:30 - [TEST_STEP][PASSED] - validPayOption = false: null

2019-09-19 17:36:30 - [TEST_STEP][PASSED] - if (option.matches(".*[^\d]\d{4}$") || option.equalsIgnoreCase("Gift Card") || option.equalsIgnoreCase("Add New Credit Card") || option.equalsIgnoreCase("Cash") || option.equalsIgnoreCase("Check")): null

2019-09-19 17:36:30 - [TEST_STEP][PASSED] - validPayOption = true: null

2019-09-19 17:36:30 - [TEST_STEP][PASSED] - option = we.getText(): null

2019-09-19 17:36:30 - [TEST_STEP][PASSED] - validPayOption = false: null

2019-09-19 17:36:30 - [TEST_STEP][PASSED] - if (option.matches(".*[^\d]\d{4}$") || option.equalsIgnoreCase("Gift Card") || option.equalsIgnoreCase("Add New Credit Card") || option.equalsIgnoreCase("Cash") || option.equalsIgnoreCase("Check")): null

2019-09-19 17:36:30 - [TEST_STEP][PASSED] - validPayOption = true: null

2019-09-19 17:36:30 - [TEST_STEP][PASSED] - option = we.getText(): null

2019-09-19 17:36:30 - [TEST_STEP][PASSED] - validPayOption = false: null

2019-09-19 17:36:30 - [TEST_STEP][PASSED] - if (option.matches(".*[^\d]\d{4}$") || option.equalsIgnoreCase("Gift Card") || option.equalsIgnoreCase("Add New Credit Card") || option.equalsIgnoreCase("Cash") || option.equalsIgnoreCase("Check")): null

2019-09-19 17:36:30 - [TEST_STEP][PASSED] - validPayOption = true: null

2019-09-19 17:36:30 - [TEST_STEP][PASSED] - option = we.getText(): null

2019-09-19 17:36:30 - [TEST_STEP][PASSED] - validPayOption = false: null

2019-09-19 17:36:30 - [TEST_STEP][PASSED] - if (option.matches(".*[^\d]\d{4}$") || option.equalsIgnoreCase("Gift Card") || option.equalsIgnoreCase("Add New Credit Card") || option.equalsIgnoreCase("Cash") || option.equalsIgnoreCase("Check")): null

2019-09-19 17:36:30 - [TEST_STEP][PASSED] - validPayOption = true: null

2019-09-19 17:36:30 - [TEST_STEP][PASSED] - option = we.getText(): null

2019-09-19 17:36:30 - [TEST_STEP][PASSED] - validPayOption = false: null

2019-09-19 17:36:30 - [TEST_STEP][PASSED] - if (option.matches(".*[^\d]\d{4}$") || option.equalsIgnoreCase("Gift Card") || option.equalsIgnoreCase("Add New Credit Card") || option.equalsIgnoreCase("Cash") || option.equalsIgnoreCase("Check")): null

2019-09-19 17:36:30 - [TEST_STEP][PASSED] - validPayOption = true: null

2019-09-19 17:36:30 - [TEST_STEP][PASSED] - option = we.getText(): null

2019-09-19 17:36:30 - [TEST_STEP][PASSED] - validPayOption = false: null

2019-09-19 17:36:30 - [TEST_STEP][PASSED] - if (option.matches(".*[^\d]\d{4}$") || option.equalsIgnoreCase("Gift Card") || option.equalsIgnoreCase("Add New Credit Card") || option.equalsIgnoreCase("Cash") || option.equalsIgnoreCase("Check")): null

2019-09-19 17:36:30 - [TEST_STEP][PASSED] - validPayOption = true: null

2019-09-19 17:36:30 - [TEST_STEP][PASSED] - option = we.getText(): null

2019-09-19 17:36:30 - [TEST_STEP][PASSED] - validPayOption = false: null

2019-09-19 17:36:30 - [TEST_STEP][PASSED] - if (option.matches(".*[^\d]\d{4}$") || option.equalsIgnoreCase("Gift Card") || option.equalsIgnoreCase("Add New Credit Card") || option.equalsIgnoreCase("Cash") || option.equalsIgnoreCase("Check")): null

2019-09-19 17:36:30 - [TEST_STEP][PASSED] - validPayOption = true: null

2019-09-19 17:36:30 - [TEST_STEP][PASSED] - option = we.getText(): null

2019-09-19 17:36:31 - [TEST_STEP][PASSED] - validPayOption = false: null

2019-09-19 17:36:31 - [TEST_STEP][PASSED] - if (option.matches(".*[^\d]\d{4}$") || option.equalsIgnoreCase("Gift Card") || option.equalsIgnoreCase("Add New Credit Card") || option.equalsIgnoreCase("Cash") || option.equalsIgnoreCase("Check")): null

2019-09-19 17:36:31 - [TEST_STEP][PASSED] - validPayOption = true: null

2019-09-19 17:36:31 - [TEST_STEP][PASSED] - option = we.getText(): null

2019-09-19 17:36:31 - [TEST_STEP][PASSED] - validPayOption = false: null

2019-09-19 17:36:31 - [TEST_STEP][PASSED] - if (option.matches(".*[^\d]\d{4}$") || option.equalsIgnoreCase("Gift Card") || option.equalsIgnoreCase("Add New Credit Card") || option.equalsIgnoreCase("Cash") || option.equalsIgnoreCase("Check")): null

2019-09-19 17:36:31 - [TEST_STEP][PASSED] - validPayOption = true: null

2019-09-19 17:36:31 - [TEST_STEP][PASSED] - option = we.getText(): null

2019-09-19 17:36:31 - [TEST_STEP][PASSED] - validPayOption = false: null

2019-09-19 17:36:31 - [TEST_STEP][PASSED] - if (option.matches(".*[^\d]\d{4}$") || option.equalsIgnoreCase("Gift Card") || option.equalsIgnoreCase("Add New Credit Card") || option.equalsIgnoreCase("Cash") || option.equalsIgnoreCase("Check")): null

2019-09-19 17:36:31 - [TEST_STEP][PASSED] - validPayOption = true: null

2019-09-19 17:36:31 - [TEST_STEP][PASSED] - sa.assertTrue(validPayOption): null

2019-09-19 17:36:31 - [TEST_STEP][PASSED] - delay(3): Delayed 3 second(s)

2019-09-19 17:36:34 - [MESSAGE][PASSED] - Delayed 3 second(s)

2019-09-19 17:36:34 - [TEST_STEP][PASSED] - DTYMsgs = findWebElements(findTestObject("Object Repository/Page_cabi Shipping/li_DTY_payment_info"), 5): null

2019-09-19 17:36:34 - [TEST_STEP][PASSED] - if (DTYMsgs.size() > 0): null

2019-09-19 17:36:34 - [TEST_STEP][PASSED] - sa.assertTrue(false): null

2019-09-19 17:36:34 - [TEST_STEP][PASSED] - click(findTestObject("Object Repository/Page_cabi Shipping/select_payment_options_select")): Object: 'Object Repository/Page_cabi Shipping/select_payment_options_select' is clicked on

2019-09-19 17:36:34 - [MESSAGE][PASSED] - Object: 'Object Repository/Page_cabi Shipping/select_payment_options_select' is clicked on

2019-09-19 17:36:34 - [TEST_STEP][PASSED] - click(findTestObject("Object Repository/Page_cabi Shipping/select_payment_options_cash")): Object: 'Object Repository/Page_cabi Shipping/select_payment_options_cash' is clicked on

2019-09-19 17:36:34 - [MESSAGE][PASSED] - Object: 'Object Repository/Page_cabi Shipping/select_payment_options_cash' is clicked on

2019-09-19 17:36:34 - [TEST_STEP][PASSED] - delay(1): Delayed 1 second(s)

2019-09-19 17:36:35 - [MESSAGE][PASSED] - Delayed 1 second(s)

2019-09-19 17:36:35 - [TEST_STEP][PASSED] - executor.executeScript("arguments[0].click();", findWebElement(findTestObject("Object Repository/Page_cabi Shipping/a_review_order"), 10)): null

2019-09-19 17:36:35 - [TEST_STEP][PASSED] - delay(2): Delayed 2 second(s)

2019-09-19 17:36:37 - [MESSAGE][PASSED] - Delayed 2 second(s)

2019-09-19 17:36:37 - [TEST_STEP][PASSED] - executor.executeScript("arguments[0].click();", findWebElement(findTestObject("Object Repository/Page_cabi Shipping/a_submit_order"), 10)): null

2019-09-19 17:36:39 - [TEST_STEP][PASSED] - click(findTestObject("Object Repository/Page_cabi Shipping/a_order_view")): Object: 'Object Repository/Page_cabi Shipping/a_order_view' is clicked on

2019-09-19 17:36:41 - [MESSAGE][PASSED] - Object: 'Object Repository/Page_cabi Shipping/a_order_view' is clicked on

2019-09-19 17:36:41 - [TEST_STEP][PASSED] - actualOrderStatus = getText(findTestObject("Object Repository/Page_cabi Shipping/span_order_status")): Text of object 'Object Repository/Page_cabi Shipping/span_order_status' is: 'ORDER STATUS : OPEN 
ORDER # SH708243627  '

2019-09-19 17:36:41 - [MESSAGE][PASSED] - Text of object 'Object Repository/Page_cabi Shipping/span_order_status' is: 'ORDER STATUS : OPEN 
ORDER # SH708243627  '

2019-09-19 17:36:41 - [TEST_STEP][PASSED] - expectedOrderStatus = "OPEN": null

2019-09-19 17:36:41 - [TEST_STEP][PASSED] - sa.assertTrue(actualOrderStatus.contains(expectedOrderStatus)): null

2019-09-19 17:36:41 - [TEST_STEP][PASSED] - println(actualOrderStatus): null

2019-09-19 17:36:41 - [TEST_STEP][PASSED] - click(findTestObject("Object Repository/Page_cabi Shipping/a_back_to_orders")): Object: 'Object Repository/Page_cabi Shipping/a_back_to_orders' is clicked on

2019-09-19 17:36:42 - [MESSAGE][PASSED] - Object: 'Object Repository/Page_cabi Shipping/a_back_to_orders' is clicked on

2019-09-19 17:36:42 - [TEST_STEP][PASSED] - delay(2): Delayed 2 second(s)

2019-09-19 17:36:44 - [MESSAGE][PASSED] - Delayed 2 second(s)

2019-09-19 17:36:44 - [TEST_STEP][PASSED] - ActualDTYNonOptedOrderStatus = getText(UtilityMethods.createTestObject("DTYOptedOrderStatus", "//table[@class='show-order-table']/tbody/tr/td/span[contains(text(), '", g1Var, "')]/parent::td/following-sibling::td[@class='order-status']")): Text of object 'DTYOptedOrderStatus' is: 'Completed
Sep 19 5:06 AM'

2019-09-19 17:36:44 - [MESSAGE][PASSED] - Text of object 'DTYOptedOrderStatus' is: 'Completed
Sep 19 5:06 AM'

2019-09-19 17:36:44 - [TEST_STEP][PASSED] - sa.assertEquals(ActualDTYNonOptedOrderStatus, "Completed"): null

2019-09-19 17:36:44 - [TEST_STEP][PASSED] - buttonEditDTYOptedOrder = UtilityMethods.createTestObject("buttonEditDTYOptedOrder", "//table[@class='show-order-table']/tbody/tr/td/span[contains(text(), '", g1Var, "')]/parent::td/following-sibling::td[@class='column-order']/a"): null

2019-09-19 17:36:44 - [TEST_STEP][PASSED] - click(buttonEditDTYOptedOrder): Object: 'buttonEditDTYOptedOrder' is clicked on

2019-09-19 17:36:47 - [MESSAGE][PASSED] - Object: 'buttonEditDTYOptedOrder' is clicked on

2019-09-19 17:36:47 - [TEST_STEP][PASSED] - click(findTestObject("Object Repository/Page_cabi Shipping/a_edit_order")): Object: 'Object Repository/Page_cabi Shipping/a_edit_order' is clicked on

2019-09-19 17:36:52 - [MESSAGE][PASSED] - Object: 'Object Repository/Page_cabi Shipping/a_edit_order' is clicked on

2019-09-19 17:36:52 - [TEST_STEP][PASSED] - click(findTestObject("Object Repository/Page_cabi Shipping/a_edit_order_shipping")): Object: 'Object Repository/Page_cabi Shipping/a_edit_order_shipping' is clicked on

2019-09-19 17:36:52 - [MESSAGE][PASSED] - Object: 'Object Repository/Page_cabi Shipping/a_edit_order_shipping' is clicked on

2019-09-19 17:36:52 - [TEST_STEP][PASSED] - verifyElementText(findTestObject("Object Repository/Page_cabi Shipping/label_DTYMsg1"), "This order is not yet eligible for "Direct to You" shipping.", CONTINUE_ON_FAILURE): Actual text and expected text of test object 'Object Repository/Page_cabi Shipping/label_DTYMsg1' are matched.

2019-09-19 17:36:53 - [MESSAGE][PASSED] - Actual text and expected text of test object 'Object Repository/Page_cabi Shipping/label_DTYMsg1' are matched.

2019-09-19 17:36:53 - [TEST_STEP][PASSED] - delay(1): Delayed 1 second(s)

2019-09-19 17:36:54 - [MESSAGE][PASSED] - Delayed 1 second(s)

2019-09-19 17:36:54 - [TEST_STEP][PASSED] - verifyElementText(findTestObject("Object Repository/Page_cabi Shipping/label_DTYMsg2"), ""Direct to You" order must be paid by credit card or cabi Gift Card.", CONTINUE_ON_FAILURE): Actual text and expected text of test object 'Object Repository/Page_cabi Shipping/label_DTYMsg2' are matched.

2019-09-19 17:36:54 - [MESSAGE][PASSED] - Actual text and expected text of test object 'Object Repository/Page_cabi Shipping/label_DTYMsg2' are matched.

2019-09-19 17:36:54 - [TEST_STEP][PASSED] - delay(1): Delayed 1 second(s)

2019-09-19 17:36:55 - [MESSAGE][PASSED] - Delayed 1 second(s)

2019-09-19 17:36:55 - [TEST_STEP][PASSED] - verifyElementText(findTestObject("Object Repository/Page_cabi Shipping/label_DTYMsg3"), ""Direct to You" order can start being placed 2 days before the show date.", CONTINUE_ON_FAILURE): Actual text and expected text of test object 'Object Repository/Page_cabi Shipping/label_DTYMsg3' are matched.

2019-09-19 17:36:55 - [MESSAGE][PASSED] - Actual text and expected text of test object 'Object Repository/Page_cabi Shipping/label_DTYMsg3' are matched.

2019-09-19 17:36:55 - [TEST_STEP][PASSED] - delay(1): Delayed 1 second(s)

2019-09-19 17:36:56 - [MESSAGE][PASSED] - Delayed 1 second(s)

2019-09-19 17:36:56 - [TEST_STEP][PASSED] - hasAtributeDisabled = verifyElementHasAttribute(findTestObject("Object Repository/Page_cabi Shipping/check_as_dty_order"), "disabled", 20, CONTINUE_ON_FAILURE): Object 'Object Repository/Page_cabi Shipping/check_as_dty_order' has attribute 'disabled'

2019-09-19 17:36:56 - [MESSAGE][PASSED] - Object 'Object Repository/Page_cabi Shipping/check_as_dty_order' has attribute 'disabled'

2019-09-19 17:36:56 - [TEST_STEP][PASSED] - if (hasAtributeDisabled): Object 'Object Repository/Page_cabi Shipping/check_as_dty_order' has attribute 'disabled' with value 'true'

2019-09-19 17:36:56 - [TEST_STEP][PASSED] - verifyElementAttributeValue(findTestObject("Object Repository/Page_cabi Shipping/check_as_dty_order"), "disabled", "true", 20): Object 'Object Repository/Page_cabi Shipping/check_as_dty_order' has attribute 'disabled' with value 'true'

2019-09-19 17:36:56 - [MESSAGE][PASSED] - Object 'Object Repository/Page_cabi Shipping/check_as_dty_order' has attribute 'disabled' with value 'true'

2019-09-19 17:36:56 - [TEST_STEP][PASSED] - span_place_dty_order_greys = findWebElements(findTestObject("Object Repository/Page_cabi Shipping/span_place_dty_order_grey"), 20): null

2019-09-19 17:36:56 - [TEST_STEP][PASSED] - if (span_place_dty_order_greys.size() != 1): null

2019-09-19 17:36:56 - [TEST_STEP][PASSED] - verifyElementHasAttribute(findTestObject("Page_cabi Shipping/span_dty_checkmark_grey"), "style", 20, CONTINUE_ON_FAILURE): Object 'Object Repository/Page_cabi Shipping/span_dty_checkmark_grey' has attribute 'style'

2019-09-19 17:36:56 - [MESSAGE][PASSED] - Object 'Object Repository/Page_cabi Shipping/span_dty_checkmark_grey' has attribute 'style'

2019-09-19 17:36:56 - [TEST_STEP][PASSED] - verifyElementAttributeValue(findTestObject("Object Repository/Page_cabi Shipping/span_dty_checkmark_grey"), "style", "background-color: rgb(211, 211, 211); cursor: default;", 20): Object 'Object Repository/Page_cabi Shipping/span_dty_checkmark_grey' has attribute 'style' with value 'background-color: rgb(211, 211, 211); cursor: default;'

2019-09-19 17:36:56 - [MESSAGE][PASSED] - Object 'Object Repository/Page_cabi Shipping/span_dty_checkmark_grey' has attribute 'style' with value 'background-color: rgb(211, 211, 211); cursor: default;'

2019-09-19 17:36:56 - [TEST_STEP][PASSED] - delay(2): Delayed 2 second(s)

2019-09-19 17:36:58 - [MESSAGE][PASSED] - Delayed 2 second(s)

2019-09-19 17:36:58 - [TEST_STEP][PASSED] - click(findTestObject("Object Repository/Page_cabi Shipping/a_edit_order_cancel")): Object: 'Object Repository/Page_cabi Shipping/a_edit_order_cancel' is clicked on

2019-09-19 17:37:01 - [MESSAGE][PASSED] - Object: 'Object Repository/Page_cabi Shipping/a_edit_order_cancel' is clicked on

2019-09-19 17:37:01 - [TEST_STEP][PASSED] - delay(1): Delayed 1 second(s)

2019-09-19 17:37:02 - [MESSAGE][PASSED] - Delayed 1 second(s)]]></system-out>
         <system-err><![CDATA[]]></system-err>
      </testcase>
      <system-out><![CDATA[2019-09-19 17:12:39 - [TEST_SUITE][FAILED] - DTYSuite: Test Cases/VirtualShow/BODTY/DTYVS FAILED.
Reason:
com.kms.katalon.core.exception.StepFailedException: Unable to click on object 'Object Repository/Page_cabi Order Items/selectSize'
	at com.kms.katalon.core.webui.keyword.internal.WebUIKeywordMain.stepFailed(WebUIKeywordMain.groovy:64)
	at com.kms.katalon.core.webui.keyword.internal.WebUIKeywordMain.runKeyword(WebUIKeywordMain.groovy:26)
	at com.kms.katalon.core.webui.keyword.builtin.ClickKeyword.click(ClickKeyword.groovy:86)
	at com.kms.katalon.core.webui.keyword.builtin.ClickKeyword.execute(ClickKeyword.groovy:67)
	at com.kms.katalon.core.keyword.internal.KeywordExecutor.executeKeywordForPlatform(KeywordExecutor.groovy:56)
	at com.kms.katalon.core.webui.keyword.WebUiBuiltInKeywords.click(WebUiBuiltInKeywords.groovy:616)
	at com.kms.katalon.core.webui.keyword.WebUiBuiltInKeywords$click$2.call(Unknown Source)
	at DTYVS.run(DTYVS:768)
	at com.kms.katalon.core.main.ScriptEngine.run(ScriptEngine.java:194)
	at com.kms.katalon.core.main.ScriptEngine.runScriptAsRawText(ScriptEngine.java:119)
	at com.kms.katalon.core.main.TestCaseExecutor.runScript(TestCaseExecutor.java:342)
	at com.kms.katalon.core.main.TestCaseExecutor.doExecute(TestCaseExecutor.java:333)
	at com.kms.katalon.core.main.TestCaseExecutor.processExecutionPhase(TestCaseExecutor.java:312)
	at com.kms.katalon.core.main.TestCaseExecutor.accessMainPhase(TestCaseExecutor.java:304)
	at com.kms.katalon.core.main.TestCaseExecutor.execute(TestCaseExecutor.java:238)
	at com.kms.katalon.core.main.TestSuiteExecutor.accessTestCaseMainPhase(TestSuiteExecutor.java:129)
	at com.kms.katalon.core.main.TestSuiteExecutor.accessTestSuiteMainPhase(TestSuiteExecutor.java:112)
	at com.kms.katalon.core.main.TestSuiteExecutor.execute(TestSuiteExecutor.java:81)
	at com.kms.katalon.core.main.TestCaseMain.startTestSuite(TestCaseMain.java:157)
	at com.kms.katalon.core.main.TestCaseMain$startTestSuite$0.call(Unknown Source)
	at TempTestSuite1568893356561.run(TempTestSuite1568893356561.groovy:35)
Caused by: com.kms.katalon.core.webui.exception.WebElementNotFoundException: Web element with id: 'Object Repository/Page_cabi Order Items/selectSize' located by 'By.xpath: //select[@name='sizeSelect']/option[@value='L']' not found
	at com.kms.katalon.core.webui.common.WebUiCommonHelper.findWebElement(WebUiCommonHelper.java:1097)
	at com.kms.katalon.core.webui.keyword.internal.WebUIAbstractKeyword.findWebElement(WebUIAbstractKeyword.groovy:27)
	at com.kms.katalon.core.webui.keyword.internal.WebUIAbstractKeyword.findWebElement(WebUIAbstractKeyword.groovy:26)
	at com.kms.katalon.core.webui.keyword.builtin.ClickKeyword$_click_closure1.doCall(ClickKeyword.groovy:77)
	at com.kms.katalon.core.webui.keyword.builtin.ClickKeyword$_click_closure1.call(ClickKeyword.groovy)
	at com.kms.katalon.core.webui.keyword.internal.WebUIKeywordMain.runKeyword(WebUIKeywordMain.groovy:20)
	at com.kms.katalon.core.webui.keyword.builtin.ClickKeyword.click(ClickKeyword.groovy:86)
	at com.kms.katalon.core.webui.keyword.builtin.ClickKeyword.execute(ClickKeyword.groovy:67)
	at com.kms.katalon.core.keyword.internal.KeywordExecutor.executeKeywordForPlatform(KeywordExecutor.groovy:56)
	at com.kms.katalon.core.webui.keyword.WebUiBuiltInKeywords.click(WebUiBuiltInKeywords.groovy:616)
	at com.kms.katalon.core.webui.keyword.WebUiBuiltInKeywords$click$2.call(Unknown Source)
	at Script1568892165581.run(Script1568892165581.groovy:768)
	... 13 more]]></system-out>
      <system-err><![CDATA[2019-09-19 17:12:39 - [TEST_SUITE][FAILED] - DTYSuite: Test Cases/VirtualShow/BODTY/DTYVS FAILED.
Reason:
com.kms.katalon.core.exception.StepFailedException: Unable to click on object 'Object Repository/Page_cabi Order Items/selectSize'
	at com.kms.katalon.core.webui.keyword.internal.WebUIKeywordMain.stepFailed(WebUIKeywordMain.groovy:64)
	at com.kms.katalon.core.webui.keyword.internal.WebUIKeywordMain.runKeyword(WebUIKeywordMain.groovy:26)
	at com.kms.katalon.core.webui.keyword.builtin.ClickKeyword.click(ClickKeyword.groovy:86)
	at com.kms.katalon.core.webui.keyword.builtin.ClickKeyword.execute(ClickKeyword.groovy:67)
	at com.kms.katalon.core.keyword.internal.KeywordExecutor.executeKeywordForPlatform(KeywordExecutor.groovy:56)
	at com.kms.katalon.core.webui.keyword.WebUiBuiltInKeywords.click(WebUiBuiltInKeywords.groovy:616)
	at com.kms.katalon.core.webui.keyword.WebUiBuiltInKeywords$click$2.call(Unknown Source)
	at DTYVS.run(DTYVS:768)
	at com.kms.katalon.core.main.ScriptEngine.run(ScriptEngine.java:194)
	at com.kms.katalon.core.main.ScriptEngine.runScriptAsRawText(ScriptEngine.java:119)
	at com.kms.katalon.core.main.TestCaseExecutor.runScript(TestCaseExecutor.java:342)
	at com.kms.katalon.core.main.TestCaseExecutor.doExecute(TestCaseExecutor.java:333)
	at com.kms.katalon.core.main.TestCaseExecutor.processExecutionPhase(TestCaseExecutor.java:312)
	at com.kms.katalon.core.main.TestCaseExecutor.accessMainPhase(TestCaseExecutor.java:304)
	at com.kms.katalon.core.main.TestCaseExecutor.execute(TestCaseExecutor.java:238)
	at com.kms.katalon.core.main.TestSuiteExecutor.accessTestCaseMainPhase(TestSuiteExecutor.java:129)
	at com.kms.katalon.core.main.TestSuiteExecutor.accessTestSuiteMainPhase(TestSuiteExecutor.java:112)
	at com.kms.katalon.core.main.TestSuiteExecutor.execute(TestSuiteExecutor.java:81)
	at com.kms.katalon.core.main.TestCaseMain.startTestSuite(TestCaseMain.java:157)
	at com.kms.katalon.core.main.TestCaseMain$startTestSuite$0.call(Unknown Source)
	at TempTestSuite1568893356561.run(TempTestSuite1568893356561.groovy:35)
Caused by: com.kms.katalon.core.webui.exception.WebElementNotFoundException: Web element with id: 'Object Repository/Page_cabi Order Items/selectSize' located by 'By.xpath: //select[@name='sizeSelect']/option[@value='L']' not found
	at com.kms.katalon.core.webui.common.WebUiCommonHelper.findWebElement(WebUiCommonHelper.java:1097)
	at com.kms.katalon.core.webui.keyword.internal.WebUIAbstractKeyword.findWebElement(WebUIAbstractKeyword.groovy:27)
	at com.kms.katalon.core.webui.keyword.internal.WebUIAbstractKeyword.findWebElement(WebUIAbstractKeyword.groovy:26)
	at com.kms.katalon.core.webui.keyword.builtin.ClickKeyword$_click_closure1.doCall(ClickKeyword.groovy:77)
	at com.kms.katalon.core.webui.keyword.builtin.ClickKeyword$_click_closure1.call(ClickKeyword.groovy)
	at com.kms.katalon.core.webui.keyword.internal.WebUIKeywordMain.runKeyword(WebUIKeywordMain.groovy:20)
	at com.kms.katalon.core.webui.keyword.builtin.ClickKeyword.click(ClickKeyword.groovy:86)
	at com.kms.katalon.core.webui.keyword.builtin.ClickKeyword.execute(ClickKeyword.groovy:67)
	at com.kms.katalon.core.keyword.internal.KeywordExecutor.executeKeywordForPlatform(KeywordExecutor.groovy:56)
	at com.kms.katalon.core.webui.keyword.WebUiBuiltInKeywords.click(WebUiBuiltInKeywords.groovy:616)
	at com.kms.katalon.core.webui.keyword.WebUiBuiltInKeywords$click$2.call(Unknown Source)
	at Script1568892165581.run(Script1568892165581.groovy:768)
	... 13 more]]></system-err>
   </testsuite>
</testsuites>
