<?xml version="1.0" encoding="UTF-8"?>
<testsuites name="TestSuiteFor_NewArrival" time="33" tests="0" failures="0" errors="1">
   <testsuite name="TestSuiteFor_NewArrival" tests="0" failures="0" errors="1" time="33" timestamp="2019-04-16 13:17:52" hostname="user - 10.0.102.96" id="Test Suites/TestSuiteFor_NewArrival">
      <properties>
         <property name="deviceName" value=""/>
         <property name="devicePlatform" value=""/>
         <property name="logFolder" value="D:\\Aishwarya\\KATALON PROJECTS\\CABI CLIO\\CabiClio\\Reports\\TestSuiteFor_NewArrival\\20190416_131749"/>
         <property name="logFiles" value="D:\\Aishwarya\\KATALON PROJECTS\\CABI CLIO\\CabiClio\\Reports\\TestSuiteFor_NewArrival\\20190416_131749\\execution0.log"/>
         <property name="attachments" value=""/>
         <property name="hostName" value="user - 10.0.102.96"/>
         <property name="os" value="Windows 10 64bit"/>
         <property name="katalonVersion" value="6.1.1.1"/>
         <property name="browser" value="Chrome 73.0.3683.103"/>
         <property name="hostAddress" value="10.0.102.96"/>
         <property name="sessionId" value="105c7ccf307cc6b27e18c4658f2f8a44"/>
         <property name="seleniumVersion" value="3.7.1"/>
         <property name="proxyInformation" value="ProxyInformation{proxyOption=NO_PROXY, proxyServerType=HTTP, password=, proxyServerAddress=, proxyServerPort=0}"/>
         <property name="platform" value="Windows 10"/>
      </properties>
      <testcase name="Test Cases/NewArrivals" classname="Test Cases/NewArrivals" status="ERROR">
         <error type="ERROR" message="Test Cases/NewArrivals FAILED.
Reason:
groovy.lang.MissingMethodException: No signature of method: static com.kms.katalon.core.webui.keyword.WebUiBuiltInKeywords.verifyElementText() is applicable for argument types: (java.lang.String, java.lang.String) values: [Price , 119]
Possible solutions: verifyElementText(com.kms.katalon.core.testobject.TestObject, java.lang.String), verifyElementText(com.kms.katalon.core.testobject.TestObject, java.lang.String, com.kms.katalon.core.model.FailureHandling)
	at NewArrivals.run(NewArrivals:59)
	at com.kms.katalon.core.main.ScriptEngine.run(ScriptEngine.java:194)
	at com.kms.katalon.core.main.ScriptEngine.runScriptAsRawText(ScriptEngine.java:119)
	at com.kms.katalon.core.main.TestCaseExecutor.runScript(TestCaseExecutor.java:342)
	at com.kms.katalon.core.main.TestCaseExecutor.doExecute(TestCaseExecutor.java:333)
	at com.kms.katalon.core.main.TestCaseExecutor.processExecutionPhase(TestCaseExecutor.java:312)
	at com.kms.katalon.core.main.TestCaseExecutor.accessMainPhase(TestCaseExecutor.java:304)
	at com.kms.katalon.core.main.TestCaseExecutor.execute(TestCaseExecutor.java:238)
	at com.kms.katalon.core.main.TestSuiteExecutor.accessTestCaseMainPhase(TestSuiteExecutor.java:129)
	at com.kms.katalon.core.main.TestSuiteExecutor.accessTestSuiteMainPhase(TestSuiteExecutor.java:112)
	at com.kms.katalon.core.main.TestSuiteExecutor.execute(TestSuiteExecutor.java:81)
	at com.kms.katalon.core.main.TestCaseMain.startTestSuite(TestCaseMain.java:157)
	at com.kms.katalon.core.main.TestCaseMain$startTestSuite$0.call(Unknown Source)
	at TempTestSuite1555400869329.run(TempTestSuite1555400869329.groovy:35)
"/>
         <system-out><![CDATA[2019-04-16 13:17:52 - [TEST_CASE][ERROR] - Test Cases/NewArrivals: Test Cases/NewArrivals FAILED.
Reason:
groovy.lang.MissingMethodException: No signature of method: static com.kms.katalon.core.webui.keyword.WebUiBuiltInKeywords.verifyElementText() is applicable for argument types: (java.lang.String, java.lang.String) values: [Price , 119]
Possible solutions: verifyElementText(com.kms.katalon.core.testobject.TestObject, java.lang.String), verifyElementText(com.kms.katalon.core.testobject.TestObject, java.lang.String, com.kms.katalon.core.model.FailureHandling)
	at NewArrivals.run(NewArrivals:59)
	at com.kms.katalon.core.main.ScriptEngine.run(ScriptEngine.java:194)
	at com.kms.katalon.core.main.ScriptEngine.runScriptAsRawText(ScriptEngine.java:119)
	at com.kms.katalon.core.main.TestCaseExecutor.runScript(TestCaseExecutor.java:342)
	at com.kms.katalon.core.main.TestCaseExecutor.doExecute(TestCaseExecutor.java:333)
	at com.kms.katalon.core.main.TestCaseExecutor.processExecutionPhase(TestCaseExecutor.java:312)
	at com.kms.katalon.core.main.TestCaseExecutor.accessMainPhase(TestCaseExecutor.java:304)
	at com.kms.katalon.core.main.TestCaseExecutor.execute(TestCaseExecutor.java:238)
	at com.kms.katalon.core.main.TestSuiteExecutor.accessTestCaseMainPhase(TestSuiteExecutor.java:129)
	at com.kms.katalon.core.main.TestSuiteExecutor.accessTestSuiteMainPhase(TestSuiteExecutor.java:112)
	at com.kms.katalon.core.main.TestSuiteExecutor.execute(TestSuiteExecutor.java:81)
	at com.kms.katalon.core.main.TestCaseMain.startTestSuite(TestCaseMain.java:157)
	at com.kms.katalon.core.main.TestCaseMain$startTestSuite$0.call(Unknown Source)
	at TempTestSuite1555400869329.run(TempTestSuite1555400869329.groovy:35)


2019-04-16 13:17:53 - [TEST_STEP][PASSED] - openBrowser(""): Browser is opened with url: ''

2019-04-16 13:17:54 - [MESSAGE][INFO] - Starting 'Chrome' driver

2019-04-16 13:17:54 - [MESSAGE][INFO] - Action delay is set to 0 seconds

2019-04-16 13:17:58 - [MESSAGE][PASSED] - Browser is opened with url: ''

2019-04-16 13:17:58 - [TEST_STEP][PASSED] - navigateToUrl(CabiUrl): Navigate to 'https://test14.cliotest.com/backoffice/control/main' successfully

2019-04-16 13:18:05 - [MESSAGE][PASSED] - Navigate to 'https://test14.cliotest.com/backoffice/control/main' successfully

2019-04-16 13:18:05 - [TEST_STEP][PASSED] - setText(findTestObject("Object Repository/Page_cabi/input_Welcome to_USERNAME"), Username): Text '400000002' is set on object 'Object Repository/Page_cabi/input_Welcome to_USERNAME'

2019-04-16 13:18:05 - [MESSAGE][PASSED] - Text '400000002' is set on object 'Object Repository/Page_cabi/input_Welcome to_USERNAME'

2019-04-16 13:18:05 - [TEST_STEP][PASSED] - setText(findTestObject("Object Repository/Page_cabi/input_Welcome to_PASSWORD"), Password): Text 'blackdress19' is set on object 'Object Repository/Page_cabi/input_Welcome to_PASSWORD'

2019-04-16 13:18:06 - [MESSAGE][PASSED] - Text 'blackdress19' is set on object 'Object Repository/Page_cabi/input_Welcome to_PASSWORD'

2019-04-16 13:18:06 - [TEST_STEP][PASSED] - maximizeWindow(): Current window maximized

2019-04-16 13:18:07 - [MESSAGE][PASSED] - Current window maximized

2019-04-16 13:18:07 - [TEST_STEP][PASSED] - click(findTestObject("Object Repository/Page_cabi/input_Welcome to_consultantLogin")): Object: 'Object Repository/Page_cabi/input_Welcome to_consultantLogin' is clicked on

2019-04-16 13:18:15 - [MESSAGE][PASSED] - Object: 'Object Repository/Page_cabi/input_Welcome to_consultantLogin' is clicked on

2019-04-16 13:18:15 - [TEST_STEP][PASSED] - click(findTestObject("Object Repository/Page_cabi Home/a_Shows  Orders")): Object: 'Object Repository/Page_cabi Home/a_Shows  Orders' is clicked on

2019-04-16 13:18:15 - [MESSAGE][PASSED] - Object: 'Object Repository/Page_cabi Home/a_Shows  Orders' is clicked on

2019-04-16 13:18:15 - [TEST_STEP][PASSED] - click(findTestObject("Object Repository/Page_cabi Home/a_Personal Purchases")): Object: 'Object Repository/Page_cabi Home/a_Personal Purchases' is clicked on

2019-04-16 13:18:18 - [MESSAGE][PASSED] - Object: 'Object Repository/Page_cabi Home/a_Personal Purchases' is clicked on

2019-04-16 13:18:18 - [TEST_STEP][PASSED] - click(findTestObject("Object Repository/Page_cabi Personal Store/span_Continue to Order")): Object: 'Object Repository/Page_cabi Personal Store/span_Continue to Order' is clicked on

2019-04-16 13:18:19 - [MESSAGE][PASSED] - Object: 'Object Repository/Page_cabi Personal Store/span_Continue to Order' is clicked on

2019-04-16 13:18:19 - [TEST_STEP][PASSED] - setText(findTestObject("Object Repository/Page_cabi Order Items/input_New Arrivals - Blooming Blush_style"), Style): Text '5618' is set on object 'Object Repository/Page_cabi Order Items/input_New Arrivals - Blooming Blush_style'

2019-04-16 13:18:20 - [MESSAGE][PASSED] - Text '5618' is set on object 'Object Repository/Page_cabi Order Items/input_New Arrivals - Blooming Blush_style'

2019-04-16 13:18:20 - [TEST_STEP][PASSED] - sendKeys(findTestObject("Object Repository/Page_cabi Order Items/input_New Arrivals - Blooming Blush_style"), Keys.chord(ENTER)): Keys 'ENTER + ' sent to object: 'Object Repository/Page_cabi Order Items/input_New Arrivals - Blooming Blush_style'

2019-04-16 13:18:20 - [MESSAGE][PASSED] - Keys 'ENTER + ' sent to object: 'Object Repository/Page_cabi Order Items/input_New Arrivals - Blooming Blush_style'

2019-04-16 13:18:20 - [TEST_STEP][PASSED] - click(findTestObject("Page_cabi Order Items/li_5618 Breeze Dress")): Object: 'Object Repository/Page_cabi Order Items/li_5618 Breeze Dress' is clicked on

2019-04-16 13:18:24 - [MESSAGE][PASSED] - Object: 'Object Repository/Page_cabi Order Items/li_5618 Breeze Dress' is clicked on

2019-04-16 13:18:24 - [TEST_STEP][PASSED] - verifyElementText(findTestObject("Page_cabi Order Items/GetAttribute_getID"), Style): Actual text and expected text of test object 'Object Repository/Page_cabi Order Items/GetAttribute_getID' are matched.

2019-04-16 13:18:24 - [MESSAGE][PASSED] - Actual text and expected text of test object 'Object Repository/Page_cabi Order Items/GetAttribute_getID' are matched.

2019-04-16 13:18:24 - [TEST_STEP][PASSED] - verifyElementText(findTestObject("Page_cabi Order Items/GetAttribute_Color"), Color): Actual text and expected text of test object 'Object Repository/Page_cabi Order Items/GetAttribute_Color' are matched.

2019-04-16 13:18:24 - [MESSAGE][PASSED] - Actual text and expected text of test object 'Object Repository/Page_cabi Order Items/GetAttribute_Color' are matched.

2019-04-16 13:18:24 - [TEST_STEP][PASSED] - getPrice = getText(findTestObject("Page_cabi Order Items/GetAttribute_Price")): Text of object 'Object Repository/Page_cabi Order Items/GetAttribute_Price' is: 'Price : $119.00'

2019-04-16 13:18:24 - [MESSAGE][PASSED] - Text of object 'Object Repository/Page_cabi Order Items/GetAttribute_Price' is: 'Price : $119.00'

2019-04-16 13:18:24 - [TEST_STEP][PASSED] - Split_Data = UtilityMethods.SplitData(getPrice): null

2019-04-16 13:18:24 - [TEST_STEP][ERROR] - verifyElementText(Split_Data, Retail): verifyElementText(Split_Data, Retail) FAILED.
Reason:
groovy.lang.MissingMethodException: No signature of method: static com.kms.katalon.core.webui.keyword.WebUiBuiltInKeywords.verifyElementText() is applicable for argument types: (java.lang.String, java.lang.String) values: [Price , 119]
Possible solutions: verifyElementText(com.kms.katalon.core.testobject.TestObject, java.lang.String), verifyElementText(com.kms.katalon.core.testobject.TestObject, java.lang.String, com.kms.katalon.core.model.FailureHandling)
	at NewArrivals.run(NewArrivals:59)
	at com.kms.katalon.core.main.ScriptEngine.run(ScriptEngine.java:194)
	at com.kms.katalon.core.main.ScriptEngine.runScriptAsRawText(ScriptEngine.java:119)
	at com.kms.katalon.core.main.TestCaseExecutor.runScript(TestCaseExecutor.java:342)
	at com.kms.katalon.core.main.TestCaseExecutor.doExecute(TestCaseExecutor.java:333)
	at com.kms.katalon.core.main.TestCaseExecutor.processExecutionPhase(TestCaseExecutor.java:312)
	at com.kms.katalon.core.main.TestCaseExecutor.accessMainPhase(TestCaseExecutor.java:304)
	at com.kms.katalon.core.main.TestCaseExecutor.execute(TestCaseExecutor.java:238)
	at com.kms.katalon.core.main.TestSuiteExecutor.accessTestCaseMainPhase(TestSuiteExecutor.java:129)
	at com.kms.katalon.core.main.TestSuiteExecutor.accessTestSuiteMainPhase(TestSuiteExecutor.java:112)
	at com.kms.katalon.core.main.TestSuiteExecutor.execute(TestSuiteExecutor.java:81)
	at com.kms.katalon.core.main.TestCaseMain.startTestSuite(TestCaseMain.java:157)
	at com.kms.katalon.core.main.TestCaseMain$startTestSuite$0.call(Unknown Source)
	at TempTestSuite1555400869329.run(TempTestSuite1555400869329.groovy:35)


2019-04-16 13:18:24 - [MESSAGE][ERROR] - verifyElementText(Split_Data, Retail) FAILED.
Reason:
groovy.lang.MissingMethodException: No signature of method: static com.kms.katalon.core.webui.keyword.WebUiBuiltInKeywords.verifyElementText() is applicable for argument types: (java.lang.String, java.lang.String) values: [Price , 119]
Possible solutions: verifyElementText(com.kms.katalon.core.testobject.TestObject, java.lang.String), verifyElementText(com.kms.katalon.core.testobject.TestObject, java.lang.String, com.kms.katalon.core.model.FailureHandling)
	at NewArrivals.run(NewArrivals:59)
	at com.kms.katalon.core.main.ScriptEngine.run(ScriptEngine.java:194)
	at com.kms.katalon.core.main.ScriptEngine.runScriptAsRawText(ScriptEngine.java:119)
	at com.kms.katalon.core.main.TestCaseExecutor.runScript(TestCaseExecutor.java:342)
	at com.kms.katalon.core.main.TestCaseExecutor.doExecute(TestCaseExecutor.java:333)
	at com.kms.katalon.core.main.TestCaseExecutor.processExecutionPhase(TestCaseExecutor.java:312)
	at com.kms.katalon.core.main.TestCaseExecutor.accessMainPhase(TestCaseExecutor.java:304)
	at com.kms.katalon.core.main.TestCaseExecutor.execute(TestCaseExecutor.java:238)
	at com.kms.katalon.core.main.TestSuiteExecutor.accessTestCaseMainPhase(TestSuiteExecutor.java:129)
	at com.kms.katalon.core.main.TestSuiteExecutor.accessTestSuiteMainPhase(TestSuiteExecutor.java:112)
	at com.kms.katalon.core.main.TestSuiteExecutor.execute(TestSuiteExecutor.java:81)
	at com.kms.katalon.core.main.TestCaseMain.startTestSuite(TestCaseMain.java:157)
	at com.kms.katalon.core.main.TestCaseMain$startTestSuite$0.call(Unknown Source)
	at TempTestSuite1555400869329.run(TempTestSuite1555400869329.groovy:35)]]></system-out>
         <system-err><![CDATA[2019-04-16 13:17:52 - [TEST_CASE][ERROR] - Test Cases/NewArrivals: Test Cases/NewArrivals FAILED.
Reason:
groovy.lang.MissingMethodException: No signature of method: static com.kms.katalon.core.webui.keyword.WebUiBuiltInKeywords.verifyElementText() is applicable for argument types: (java.lang.String, java.lang.String) values: [Price , 119]
Possible solutions: verifyElementText(com.kms.katalon.core.testobject.TestObject, java.lang.String), verifyElementText(com.kms.katalon.core.testobject.TestObject, java.lang.String, com.kms.katalon.core.model.FailureHandling)
	at NewArrivals.run(NewArrivals:59)
	at com.kms.katalon.core.main.ScriptEngine.run(ScriptEngine.java:194)
	at com.kms.katalon.core.main.ScriptEngine.runScriptAsRawText(ScriptEngine.java:119)
	at com.kms.katalon.core.main.TestCaseExecutor.runScript(TestCaseExecutor.java:342)
	at com.kms.katalon.core.main.TestCaseExecutor.doExecute(TestCaseExecutor.java:333)
	at com.kms.katalon.core.main.TestCaseExecutor.processExecutionPhase(TestCaseExecutor.java:312)
	at com.kms.katalon.core.main.TestCaseExecutor.accessMainPhase(TestCaseExecutor.java:304)
	at com.kms.katalon.core.main.TestCaseExecutor.execute(TestCaseExecutor.java:238)
	at com.kms.katalon.core.main.TestSuiteExecutor.accessTestCaseMainPhase(TestSuiteExecutor.java:129)
	at com.kms.katalon.core.main.TestSuiteExecutor.accessTestSuiteMainPhase(TestSuiteExecutor.java:112)
	at com.kms.katalon.core.main.TestSuiteExecutor.execute(TestSuiteExecutor.java:81)
	at com.kms.katalon.core.main.TestCaseMain.startTestSuite(TestCaseMain.java:157)
	at com.kms.katalon.core.main.TestCaseMain$startTestSuite$0.call(Unknown Source)
	at TempTestSuite1555400869329.run(TempTestSuite1555400869329.groovy:35)]]></system-err>
      </testcase>
      <system-out><![CDATA[2019-04-16 13:17:52 - [TEST_SUITE][ERROR] - TestSuiteFor_NewArrival: Test Cases/NewArrivals FAILED.
Reason:
groovy.lang.MissingMethodException: No signature of method: static com.kms.katalon.core.webui.keyword.WebUiBuiltInKeywords.verifyElementText() is applicable for argument types: (java.lang.String, java.lang.String) values: [Price , 119]
Possible solutions: verifyElementText(com.kms.katalon.core.testobject.TestObject, java.lang.String), verifyElementText(com.kms.katalon.core.testobject.TestObject, java.lang.String, com.kms.katalon.core.model.FailureHandling)
	at NewArrivals.run(NewArrivals:59)
	at com.kms.katalon.core.main.ScriptEngine.run(ScriptEngine.java:194)
	at com.kms.katalon.core.main.ScriptEngine.runScriptAsRawText(ScriptEngine.java:119)
	at com.kms.katalon.core.main.TestCaseExecutor.runScript(TestCaseExecutor.java:342)
	at com.kms.katalon.core.main.TestCaseExecutor.doExecute(TestCaseExecutor.java:333)
	at com.kms.katalon.core.main.TestCaseExecutor.processExecutionPhase(TestCaseExecutor.java:312)
	at com.kms.katalon.core.main.TestCaseExecutor.accessMainPhase(TestCaseExecutor.java:304)
	at com.kms.katalon.core.main.TestCaseExecutor.execute(TestCaseExecutor.java:238)
	at com.kms.katalon.core.main.TestSuiteExecutor.accessTestCaseMainPhase(TestSuiteExecutor.java:129)
	at com.kms.katalon.core.main.TestSuiteExecutor.accessTestSuiteMainPhase(TestSuiteExecutor.java:112)
	at com.kms.katalon.core.main.TestSuiteExecutor.execute(TestSuiteExecutor.java:81)
	at com.kms.katalon.core.main.TestCaseMain.startTestSuite(TestCaseMain.java:157)
	at com.kms.katalon.core.main.TestCaseMain$startTestSuite$0.call(Unknown Source)
	at TempTestSuite1555400869329.run(TempTestSuite1555400869329.groovy:35)]]></system-out>
      <system-err><![CDATA[2019-04-16 13:17:52 - [TEST_SUITE][ERROR] - TestSuiteFor_NewArrival: Test Cases/NewArrivals FAILED.
Reason:
groovy.lang.MissingMethodException: No signature of method: static com.kms.katalon.core.webui.keyword.WebUiBuiltInKeywords.verifyElementText() is applicable for argument types: (java.lang.String, java.lang.String) values: [Price , 119]
Possible solutions: verifyElementText(com.kms.katalon.core.testobject.TestObject, java.lang.String), verifyElementText(com.kms.katalon.core.testobject.TestObject, java.lang.String, com.kms.katalon.core.model.FailureHandling)
	at NewArrivals.run(NewArrivals:59)
	at com.kms.katalon.core.main.ScriptEngine.run(ScriptEngine.java:194)
	at com.kms.katalon.core.main.ScriptEngine.runScriptAsRawText(ScriptEngine.java:119)
	at com.kms.katalon.core.main.TestCaseExecutor.runScript(TestCaseExecutor.java:342)
	at com.kms.katalon.core.main.TestCaseExecutor.doExecute(TestCaseExecutor.java:333)
	at com.kms.katalon.core.main.TestCaseExecutor.processExecutionPhase(TestCaseExecutor.java:312)
	at com.kms.katalon.core.main.TestCaseExecutor.accessMainPhase(TestCaseExecutor.java:304)
	at com.kms.katalon.core.main.TestCaseExecutor.execute(TestCaseExecutor.java:238)
	at com.kms.katalon.core.main.TestSuiteExecutor.accessTestCaseMainPhase(TestSuiteExecutor.java:129)
	at com.kms.katalon.core.main.TestSuiteExecutor.accessTestSuiteMainPhase(TestSuiteExecutor.java:112)
	at com.kms.katalon.core.main.TestSuiteExecutor.execute(TestSuiteExecutor.java:81)
	at com.kms.katalon.core.main.TestCaseMain.startTestSuite(TestCaseMain.java:157)
	at com.kms.katalon.core.main.TestCaseMain$startTestSuite$0.call(Unknown Source)
	at TempTestSuite1555400869329.run(TempTestSuite1555400869329.groovy:35)]]></system-err>
   </testsuite>
</testsuites>
