<?xml version="1.0" encoding="UTF-8"?>
<testsuites name="EditOrderTestSuit" time="833" tests="2" failures="2" errors="0">
   <testsuite name="EditOrderTestSuit" tests="2" failures="2" errors="0" time="833" timestamp="2019-08-05 17:18:58" hostname="Sam - 169.254.36.236" id="Test Suites/EditOrderSuites/EditOrderTestSuit">
      <properties>
         <property name="deviceName" value=""/>
         <property name="devicePlatform" value=""/>
         <property name="logFolder" value="F:\\Office\\katalon\\KatalonProjects\\Reports\\EditOrderSuites\\EditOrderTestSuit\\20190805_171847"/>
         <property name="logFiles" value="F:\\Office\\katalon\\KatalonProjects\\Reports\\EditOrderSuites\\EditOrderTestSuit\\20190805_171847\\execution0.log"/>
         <property name="attachments" value="F:\\Office\\katalon\\KatalonProjects\\Reports\\EditOrderSuites\\EditOrderTestSuit\\20190805_171847\\1565005987486.png, F:\\Office\\katalon\\KatalonProjects\\Reports\\EditOrderSuites\\EditOrderTestSuit\\20190805_171847\\1565005987875.png, F:\\Office\\katalon\\KatalonProjects\\Reports\\EditOrderSuites\\EditOrderTestSuit\\20190805_171847\\1565006570780.png"/>
         <property name="hostName" value="Sam - 169.254.36.236"/>
         <property name="os" value="Windows 10 64bit"/>
         <property name="katalonVersion" value="6.1.1.1"/>
         <property name="browser" value="Chrome 75.0.3770.142"/>
         <property name="hostAddress" value="169.254.36.236"/>
         <property name="sessionId" value="6b7a285437dedb6ac1493869e85401fc"/>
         <property name="seleniumVersion" value="3.7.1"/>
         <property name="proxyInformation" value="ProxyInformation{proxyOption=NO_PROXY, proxyServerType=HTTP, password=, proxyServerAddress=, proxyServerPort=0}"/>
         <property name="platform" value="Windows 10"/>
      </properties>
      <testcase name="Test Cases/editOrder/rsEditOrderSimple" classname="Test Cases/editOrder/rsEditOrderSimple" status="FAILED">
         <failure type="FAILED" message="Test Cases/editOrder/rsEditOrderSimple FAILED.
Reason:
com.kms.katalon.core.exception.StepFailedException: Call Test Case 'Test Cases/editOrder/rsOrderHistoryConfirm' failed
	at com.kms.katalon.core.keyword.builtin.CallTestCaseKeyword$_callTestCase_closure1.doCall(CallTestCaseKeyword.groovy:63)
	at com.kms.katalon.core.keyword.builtin.CallTestCaseKeyword$_callTestCase_closure1.call(CallTestCaseKeyword.groovy)
	at com.kms.katalon.core.keyword.internal.KeywordMain.runKeyword(KeywordMain.groovy:66)
	at com.kms.katalon.core.keyword.builtin.CallTestCaseKeyword.callTestCase(CallTestCaseKeyword.groovy:81)
	at com.kms.katalon.core.keyword.builtin.CallTestCaseKeyword.execute(CallTestCaseKeyword.groovy:44)
	at com.kms.katalon.core.keyword.internal.KeywordExecutor.executeKeywordForPlatform(KeywordExecutor.groovy:56)
	at com.kms.katalon.core.keyword.BuiltinKeywords.callTestCase(BuiltinKeywords.groovy:334)
	at rsEditOrderSimple.run(rsEditOrderSimple:24)
	at com.kms.katalon.core.main.ScriptEngine.run(ScriptEngine.java:194)
	at com.kms.katalon.core.main.ScriptEngine.runScriptAsRawText(ScriptEngine.java:119)
	at com.kms.katalon.core.main.TestCaseExecutor.runScript(TestCaseExecutor.java:342)
	at com.kms.katalon.core.main.TestCaseExecutor.doExecute(TestCaseExecutor.java:333)
	at com.kms.katalon.core.main.TestCaseExecutor.processExecutionPhase(TestCaseExecutor.java:312)
	at com.kms.katalon.core.main.TestCaseExecutor.accessMainPhase(TestCaseExecutor.java:304)
	at com.kms.katalon.core.main.TestCaseExecutor.execute(TestCaseExecutor.java:238)
	at com.kms.katalon.core.main.TestSuiteExecutor.accessTestCaseMainPhase(TestSuiteExecutor.java:129)
	at com.kms.katalon.core.main.TestSuiteExecutor.accessTestSuiteMainPhase(TestSuiteExecutor.java:112)
	at com.kms.katalon.core.main.TestSuiteExecutor.execute(TestSuiteExecutor.java:81)
	at com.kms.katalon.core.main.TestCaseMain.startTestSuite(TestCaseMain.java:157)
	at com.kms.katalon.core.main.TestCaseMain$startTestSuite$0.call(Unknown Source)
	at TempTestSuite1565005736886.run(TempTestSuite1565005736886.groovy:35)
Caused by: com.kms.katalon.core.exception.StepFailedException: Verify element text of test object 'div_cancelled_order' FAILED.
	at com.kms.katalon.core.webui.keyword.internal.WebUIKeywordMain.stepFailed(WebUIKeywordMain.groovy:64)
	at com.kms.katalon.core.webui.keyword.internal.WebUIKeywordMain.runKeyword(WebUIKeywordMain.groovy:26)
	at com.kms.katalon.core.webui.keyword.builtin.VerifyElementTextKeyword.verifyElementText(VerifyElementTextKeyword.groovy:72)
	at com.kms.katalon.core.webui.keyword.builtin.VerifyElementTextKeyword.execute(VerifyElementTextKeyword.groovy:40)
	at com.kms.katalon.core.keyword.internal.KeywordExecutor.executeKeywordForPlatform(KeywordExecutor.groovy:56)
	at com.kms.katalon.core.webui.keyword.WebUiBuiltInKeywords.verifyElementText(WebUiBuiltInKeywords.groovy:3663)
	at com.kms.katalon.core.webui.keyword.WebUiBuiltInKeywords$verifyElementText$8.call(Unknown Source)
	at rsOrderHistoryConfirm.run(rsOrderHistoryConfirm:78)
	at com.kms.katalon.core.main.ScriptEngine.run(ScriptEngine.java:194)
	at com.kms.katalon.core.main.ScriptEngine.runScriptAsRawText(ScriptEngine.java:119)
	at com.kms.katalon.core.main.TestCaseExecutor.runScript(TestCaseExecutor.java:342)
	at com.kms.katalon.core.main.TestCaseExecutor.doExecute(TestCaseExecutor.java:333)
	at com.kms.katalon.core.main.TestCaseExecutor.processExecutionPhase(TestCaseExecutor.java:312)
	at com.kms.katalon.core.main.TestCaseExecutor.accessMainPhase(TestCaseExecutor.java:304)
	at com.kms.katalon.core.main.TestCaseExecutor.execute(TestCaseExecutor.java:238)
	at com.kms.katalon.core.main.TestCaseMain.runTestCase(TestCaseMain.java:114)
	at com.kms.katalon.core.keyword.builtin.CallTestCaseKeyword$_callTestCase_closure1.doCall(CallTestCaseKeyword.groovy:59)
	... 20 more
Caused by: com.kms.katalon.core.exception.StepFailedException: Actual text '' and expected text 'Cancelled' of test object 'div_cancelled_order' are NOT matched.
	at com.kms.katalon.core.webui.keyword.internal.WebUIKeywordMain.stepFailed(WebUIKeywordMain.groovy:64)
	at com.kms.katalon.core.webui.keyword.builtin.VerifyElementTextKeyword$_verifyElementText_closure1.doCall(VerifyElementTextKeyword.groovy:57)
	at com.kms.katalon.core.webui.keyword.builtin.VerifyElementTextKeyword$_verifyElementText_closure1.call(VerifyElementTextKeyword.groovy)
	at com.kms.katalon.core.webui.keyword.internal.WebUIKeywordMain.runKeyword(WebUIKeywordMain.groovy:20)
	... 35 more
"/>
         <system-out><![CDATA[2019-08-05 17:18:58 - [TEST_CASE][FAILED] - Test Cases/editOrder/rsEditOrderSimple: Test Cases/editOrder/rsEditOrderSimple FAILED.
Reason:
com.kms.katalon.core.exception.StepFailedException: Call Test Case 'Test Cases/editOrder/rsOrderHistoryConfirm' failed
	at com.kms.katalon.core.keyword.builtin.CallTestCaseKeyword$_callTestCase_closure1.doCall(CallTestCaseKeyword.groovy:63)
	at com.kms.katalon.core.keyword.builtin.CallTestCaseKeyword$_callTestCase_closure1.call(CallTestCaseKeyword.groovy)
	at com.kms.katalon.core.keyword.internal.KeywordMain.runKeyword(KeywordMain.groovy:66)
	at com.kms.katalon.core.keyword.builtin.CallTestCaseKeyword.callTestCase(CallTestCaseKeyword.groovy:81)
	at com.kms.katalon.core.keyword.builtin.CallTestCaseKeyword.execute(CallTestCaseKeyword.groovy:44)
	at com.kms.katalon.core.keyword.internal.KeywordExecutor.executeKeywordForPlatform(KeywordExecutor.groovy:56)
	at com.kms.katalon.core.keyword.BuiltinKeywords.callTestCase(BuiltinKeywords.groovy:334)
	at rsEditOrderSimple.run(rsEditOrderSimple:24)
	at com.kms.katalon.core.main.ScriptEngine.run(ScriptEngine.java:194)
	at com.kms.katalon.core.main.ScriptEngine.runScriptAsRawText(ScriptEngine.java:119)
	at com.kms.katalon.core.main.TestCaseExecutor.runScript(TestCaseExecutor.java:342)
	at com.kms.katalon.core.main.TestCaseExecutor.doExecute(TestCaseExecutor.java:333)
	at com.kms.katalon.core.main.TestCaseExecutor.processExecutionPhase(TestCaseExecutor.java:312)
	at com.kms.katalon.core.main.TestCaseExecutor.accessMainPhase(TestCaseExecutor.java:304)
	at com.kms.katalon.core.main.TestCaseExecutor.execute(TestCaseExecutor.java:238)
	at com.kms.katalon.core.main.TestSuiteExecutor.accessTestCaseMainPhase(TestSuiteExecutor.java:129)
	at com.kms.katalon.core.main.TestSuiteExecutor.accessTestSuiteMainPhase(TestSuiteExecutor.java:112)
	at com.kms.katalon.core.main.TestSuiteExecutor.execute(TestSuiteExecutor.java:81)
	at com.kms.katalon.core.main.TestCaseMain.startTestSuite(TestCaseMain.java:157)
	at com.kms.katalon.core.main.TestCaseMain$startTestSuite$0.call(Unknown Source)
	at TempTestSuite1565005736886.run(TempTestSuite1565005736886.groovy:35)
Caused by: com.kms.katalon.core.exception.StepFailedException: Verify element text of test object 'div_cancelled_order' FAILED.
	at com.kms.katalon.core.webui.keyword.internal.WebUIKeywordMain.stepFailed(WebUIKeywordMain.groovy:64)
	at com.kms.katalon.core.webui.keyword.internal.WebUIKeywordMain.runKeyword(WebUIKeywordMain.groovy:26)
	at com.kms.katalon.core.webui.keyword.builtin.VerifyElementTextKeyword.verifyElementText(VerifyElementTextKeyword.groovy:72)
	at com.kms.katalon.core.webui.keyword.builtin.VerifyElementTextKeyword.execute(VerifyElementTextKeyword.groovy:40)
	at com.kms.katalon.core.keyword.internal.KeywordExecutor.executeKeywordForPlatform(KeywordExecutor.groovy:56)
	at com.kms.katalon.core.webui.keyword.WebUiBuiltInKeywords.verifyElementText(WebUiBuiltInKeywords.groovy:3663)
	at com.kms.katalon.core.webui.keyword.WebUiBuiltInKeywords$verifyElementText$8.call(Unknown Source)
	at rsOrderHistoryConfirm.run(rsOrderHistoryConfirm:78)
	at com.kms.katalon.core.main.ScriptEngine.run(ScriptEngine.java:194)
	at com.kms.katalon.core.main.ScriptEngine.runScriptAsRawText(ScriptEngine.java:119)
	at com.kms.katalon.core.main.TestCaseExecutor.runScript(TestCaseExecutor.java:342)
	at com.kms.katalon.core.main.TestCaseExecutor.doExecute(TestCaseExecutor.java:333)
	at com.kms.katalon.core.main.TestCaseExecutor.processExecutionPhase(TestCaseExecutor.java:312)
	at com.kms.katalon.core.main.TestCaseExecutor.accessMainPhase(TestCaseExecutor.java:304)
	at com.kms.katalon.core.main.TestCaseExecutor.execute(TestCaseExecutor.java:238)
	at com.kms.katalon.core.main.TestCaseMain.runTestCase(TestCaseMain.java:114)
	at com.kms.katalon.core.keyword.builtin.CallTestCaseKeyword$_callTestCase_closure1.doCall(CallTestCaseKeyword.groovy:59)
	... 20 more
Caused by: com.kms.katalon.core.exception.StepFailedException: Actual text '' and expected text 'Cancelled' of test object 'div_cancelled_order' are NOT matched.
	at com.kms.katalon.core.webui.keyword.internal.WebUIKeywordMain.stepFailed(WebUIKeywordMain.groovy:64)
	at com.kms.katalon.core.webui.keyword.builtin.VerifyElementTextKeyword$_verifyElementText_closure1.doCall(VerifyElementTextKeyword.groovy:57)
	at com.kms.katalon.core.webui.keyword.builtin.VerifyElementTextKeyword$_verifyElementText_closure1.call(VerifyElementTextKeyword.groovy)
	at com.kms.katalon.core.webui.keyword.internal.WebUIKeywordMain.runKeyword(WebUIKeywordMain.groovy:20)
	... 35 more


2019-08-05 17:18:58 - [TEST_STEP][PASSED] - Start listener action : sampleBeforeTestCase: null

2019-08-05 17:18:58 - [TEST_STEP][PASSED] - println(testCaseContext.getTestCaseId()): null

2019-08-05 17:18:58 - [TEST_STEP][PASSED] - println(testCaseContext.getTestCaseVariables()): null

2019-08-05 17:18:59 - [TEST_STEP][PASSED] - callTestCase(findTestCase("editOrder/retailOrderBO"), ["editScenarioNumber":1], STOP_ON_FAILURE): Call Test Case 'Test Cases/editOrder/retailOrderBO' successfully

2019-08-05 17:18:59 - [TEST_CASE][PASSED] - Test Cases/editOrder/retailOrderBO: Test Cases/editOrder/retailOrderBO

2019-08-05 17:18:59 - [TEST_STEP][PASSED] - openBrowser(""): Browser is opened with url: ''

2019-08-05 17:18:59 - [MESSAGE][INFO] - Starting 'Chrome' driver

2019-08-05 17:18:59 - [MESSAGE][INFO] - User set preference: ['args', '[--use-fake-ui-for-media-stream, --start-maximized]']

2019-08-05 17:18:59 - [MESSAGE][INFO] - Action delay is set to 0 seconds

2019-08-05 17:19:01 - [MESSAGE][PASSED] - Browser is opened with url: ''

2019-08-05 17:19:01 - [TEST_STEP][PASSED] - driver = getWebDriver(): null

2019-08-05 17:19:01 - [TEST_STEP][PASSED] - executor = driver: null

2019-08-05 17:19:01 - [TEST_STEP][PASSED] - callTestCase(findTestCase("TestCaseUtilities/backOfficeLogin"), ["BOURL":"", "BOuser":"", "BOpass":""], STOP_ON_FAILURE): Call Test Case 'Test Cases/TestCaseUtilities/backOfficeLogin' successfully

2019-08-05 17:19:01 - [TEST_CASE][PASSED] - Test Cases/TestCaseUtilities/backOfficeLogin: Test Cases/TestCaseUtilities/backOfficeLogin

2019-08-05 17:19:01 - [TEST_STEP][PASSED] - BOURL = findTestData("envtData").getValue("BOURL", 1): null

2019-08-05 17:19:02 - [TEST_STEP][PASSED] - BOuser = findTestData("credData").getValue("BOuser", 1): null

2019-08-05 17:19:02 - [TEST_STEP][PASSED] - BOpass = findTestData("credData").getValue("BOpass", 1): null

2019-08-05 17:19:02 - [TEST_STEP][PASSED] - navigateToUrl(BOURL): Navigate to 'https://sandbox.cabiclio.com/backoffice/control/main' successfully

2019-08-05 17:19:12 - [MESSAGE][PASSED] - Navigate to 'https://sandbox.cabiclio.com/backoffice/control/main' successfully

2019-08-05 17:19:12 - [TEST_STEP][PASSED] - logOut = findWebElements(findTestObject("Object Repository/Page_cabi Home/log_out"), 1): Unable to find the element located by 'By.xpath: //a[contains(text(),'Log Out')]'. Please recheck the objects properties to make sure the desired element is located. 

2019-08-05 17:19:13 - [MESSAGE][INFO] - Unable to find the element located by 'By.xpath: //a[contains(text(),'Log Out')]'. Please recheck the objects properties to make sure the desired element is located. 

2019-08-05 17:19:13 - [TEST_STEP][PASSED] - if (logOut.size() == 0): Object: 'Object Repository/Page_cabi/input_Welcome to_consultantLogin' is clicked on

2019-08-05 17:19:13 - [TEST_STEP][PASSED] - setText(findTestObject("Page_cabi/input_Welcome to_USERNAME"), BOuser): Text '400000002' is set on object 'Object Repository/Page_cabi/input_Welcome to_USERNAME'

2019-08-05 17:19:14 - [MESSAGE][PASSED] - Text '400000002' is set on object 'Object Repository/Page_cabi/input_Welcome to_USERNAME'

2019-08-05 17:19:14 - [TEST_STEP][PASSED] - setText(findTestObject("Object Repository/Page_cabi/input_Welcome to_PASSWORD"), BOpass): Text 'blackdress19' is set on object 'Object Repository/Page_cabi/input_Welcome to_PASSWORD'

2019-08-05 17:19:14 - [MESSAGE][PASSED] - Text 'blackdress19' is set on object 'Object Repository/Page_cabi/input_Welcome to_PASSWORD'

2019-08-05 17:19:14 - [TEST_STEP][PASSED] - click(findTestObject("Object Repository/Page_cabi/input_Welcome to_consultantLogin")): Object: 'Object Repository/Page_cabi/input_Welcome to_consultantLogin' is clicked on

2019-08-05 17:19:24 - [MESSAGE][PASSED] - Object: 'Object Repository/Page_cabi/input_Welcome to_consultantLogin' is clicked on

2019-08-05 17:19:24 - [TEST_STEP][PASSED] - delay(3): Delayed 3 second(s)

2019-08-05 17:19:27 - [MESSAGE][PASSED] - Delayed 3 second(s)

2019-08-05 17:19:27 - [MESSAGE][PASSED] - Call Test Case 'Test Cases/TestCaseUtilities/backOfficeLogin' successfully

2019-08-05 17:19:27 - [TEST_STEP][PASSED] - click(findTestObject("Object Repository/Page_cabi Home/a_Shows  Orders")): Object: 'Object Repository/Page_cabi Home/a_Shows  Orders' is clicked on

2019-08-05 17:19:28 - [MESSAGE][PASSED] - Object: 'Object Repository/Page_cabi Home/a_Shows  Orders' is clicked on

2019-08-05 17:19:28 - [TEST_STEP][PASSED] - delay(1): Delayed 1 second(s)

2019-08-05 17:19:29 - [MESSAGE][PASSED] - Delayed 1 second(s)

2019-08-05 17:19:29 - [TEST_STEP][PASSED] - rightClick(findTestObject("Page_cabi Home/a_Shows  Orders")): Object: 'Object Repository/Page_cabi Home/a_Shows  Orders' is right clicked on

2019-08-05 17:19:29 - [MESSAGE][PASSED] - Object: 'Object Repository/Page_cabi Home/a_Shows  Orders' is right clicked on

2019-08-05 17:19:29 - [TEST_STEP][PASSED] - click(findTestObject("Page_cabi Home/a_retail_purchases")): Object: 'Object Repository/Page_cabi Home/a_retail_purchases' is clicked on

2019-08-05 17:19:32 - [MESSAGE][PASSED] - Object: 'Object Repository/Page_cabi Home/a_retail_purchases' is clicked on

2019-08-05 17:19:32 - [TEST_STEP][PASSED] - delay(3): Delayed 3 second(s)

2019-08-05 17:19:35 - [MESSAGE][PASSED] - Delayed 3 second(s)

2019-08-05 17:19:35 - [TEST_STEP][PASSED] - click(findTestObject("Object Repository/Page_cabi Home/existingCustomer")): Object: 'Object Repository/Page_cabi Home/existingCustomer' is clicked on

2019-08-05 17:19:35 - [MESSAGE][PASSED] - Object: 'Object Repository/Page_cabi Home/existingCustomer' is clicked on

2019-08-05 17:19:35 - [TEST_STEP][PASSED] - contactNumber = 14: null

2019-08-05 17:19:35 - [TEST_STEP][PASSED] - firstName = findTestData("contactData").getValue("firstName", contactNumber): null

2019-08-05 17:19:35 - [TEST_STEP][PASSED] - lastName = findTestData("contactData").getValue("lastName", contactNumber): null

2019-08-05 17:19:35 - [TEST_STEP][PASSED] - email = findTestData("contactData").getValue("email", contactNumber): null

2019-08-05 17:19:35 - [TEST_STEP][PASSED] - address1 = findTestData("contactData").getValue("address1", contactNumber): null

2019-08-05 17:19:35 - [TEST_STEP][PASSED] - city = findTestData("contactData").getValue("city", contactNumber): null

2019-08-05 17:19:35 - [TEST_STEP][PASSED] - state = findTestData("contactData").getValue("state", contactNumber): null

2019-08-05 17:19:35 - [TEST_STEP][PASSED] - zip = findTestData("contactData").getValue("zip", contactNumber): null

2019-08-05 17:19:36 - [TEST_STEP][PASSED] - existingCustFName = firstName: null

2019-08-05 17:19:36 - [TEST_STEP][PASSED] - existingCustLName = lastName: null

2019-08-05 17:19:36 - [TEST_STEP][PASSED] - space = " ": null

2019-08-05 17:19:36 - [TEST_STEP][PASSED] - existingCust = $existingCustFName$space$existingCustLName: null

2019-08-05 17:19:36 - [TEST_STEP][PASSED] - setText(findTestObject("Object Repository/Page_cabi Home/input_existing_guest"), existingCust): Text 'vishalguest1 abc' is set on object 'Object Repository/Page_cabi Home/input_existing_guest'

2019-08-05 17:19:36 - [MESSAGE][PASSED] - Text 'vishalguest1 abc' is set on object 'Object Repository/Page_cabi Home/input_existing_guest'

2019-08-05 17:19:36 - [TEST_STEP][PASSED] - delay(3): Delayed 3 second(s)

2019-08-05 17:19:39 - [MESSAGE][PASSED] - Delayed 3 second(s)

2019-08-05 17:19:39 - [TEST_STEP][PASSED] - rightClick(findTestObject("Object Repository/Page_cabi Home/input_existing_guest")): Object: 'Object Repository/Page_cabi Home/input_existing_guest' is right clicked on

2019-08-05 17:19:39 - [MESSAGE][PASSED] - Object: 'Object Repository/Page_cabi Home/input_existing_guest' is right clicked on

2019-08-05 17:19:39 - [TEST_STEP][PASSED] - rightClick(findTestObject("Object Repository/Page_cabi Home/input_existing_guest")): Object: 'Object Repository/Page_cabi Home/input_existing_guest' is right clicked on

2019-08-05 17:19:39 - [MESSAGE][PASSED] - Object: 'Object Repository/Page_cabi Home/input_existing_guest' is right clicked on

2019-08-05 17:19:39 - [TEST_STEP][PASSED] - click(findTestObject("Object Repository/Page_cabi Create Show - Set Hostess/a_select_customer")): Object: 'Object Repository/Page_cabi Create Show - Set Hostess/a_select_customer' is clicked on

2019-08-05 17:19:40 - [MESSAGE][PASSED] - Object: 'Object Repository/Page_cabi Create Show - Set Hostess/a_select_customer' is clicked on

2019-08-05 17:19:40 - [TEST_STEP][PASSED] - setText(findTestObject("Object Repository/Page_cabi Home/input_existing_guest"), existingCust): Text 'vishalguest1 abc' is set on object 'Object Repository/Page_cabi Home/input_existing_guest'

2019-08-05 17:19:40 - [MESSAGE][PASSED] - Text 'vishalguest1 abc' is set on object 'Object Repository/Page_cabi Home/input_existing_guest'

2019-08-05 17:19:40 - [TEST_STEP][PASSED] - setText(findTestObject("Object Repository/Page_cabi Retail Store/input_email"), email): Text 'vishalguest1@test.com' is set on object 'Object Repository/Page_cabi Retail Store/input_email'

2019-08-05 17:19:40 - [MESSAGE][PASSED] - Text 'vishalguest1@test.com' is set on object 'Object Repository/Page_cabi Retail Store/input_email'

2019-08-05 17:19:40 - [TEST_STEP][PASSED] - setText(findTestObject("Object Repository/Page_cabi Edit Customer Profile/input_Address1_address1"), address1): Text '972 BRAHMS CT' is set on object 'Object Repository/Page_cabi Edit Customer Profile/input_Address1_address1'

2019-08-05 17:19:40 - [MESSAGE][PASSED] - Text '972 BRAHMS CT' is set on object 'Object Repository/Page_cabi Edit Customer Profile/input_Address1_address1'

2019-08-05 17:19:40 - [TEST_STEP][PASSED] - setText(findTestObject("Object Repository/Page_cabi Edit Customer Profile/input_Address2_address2"), ""): Text '' is set on object 'Object Repository/Page_cabi Edit Customer Profile/input_Address2_address2'

2019-08-05 17:19:40 - [MESSAGE][PASSED] - Text '' is set on object 'Object Repository/Page_cabi Edit Customer Profile/input_Address2_address2'

2019-08-05 17:19:40 - [TEST_STEP][PASSED] - setText(findTestObject("Object Repository/Page_cabi Edit Customer Profile/input_City_city"), city): Text 'TROY' is set on object 'Object Repository/Page_cabi Edit Customer Profile/input_City_city'

2019-08-05 17:19:40 - [MESSAGE][PASSED] - Text 'TROY' is set on object 'Object Repository/Page_cabi Edit Customer Profile/input_City_city'

2019-08-05 17:19:40 - [TEST_STEP][PASSED] - click(findTestObject("Page_cabi Edit Customer Profile/span_select_a_state")): Object: 'Object Repository/Page_cabi Edit Customer Profile/span_select_a_state' is clicked on

2019-08-05 17:19:41 - [MESSAGE][PASSED] - Object: 'Object Repository/Page_cabi Edit Customer Profile/span_select_a_state' is clicked on

2019-08-05 17:19:41 - [TEST_STEP][PASSED] - delay(1): Delayed 1 second(s)

2019-08-05 17:19:42 - [MESSAGE][PASSED] - Delayed 1 second(s)

2019-08-05 17:19:42 - [TEST_STEP][PASSED] - setText(findTestObject("Object Repository/Page_cabi Edit Customer Profile/input_state_1"), state): Text 'Michigan' is set on object 'Object Repository/Page_cabi Edit Customer Profile/input_state_1'

2019-08-05 17:19:42 - [MESSAGE][PASSED] - Text 'Michigan' is set on object 'Object Repository/Page_cabi Edit Customer Profile/input_state_1'

2019-08-05 17:19:42 - [TEST_STEP][PASSED] - delay(2): Delayed 2 second(s)

2019-08-05 17:19:44 - [MESSAGE][PASSED] - Delayed 2 second(s)

2019-08-05 17:19:44 - [TEST_STEP][PASSED] - click(findTestObject("Page_cabi Edit Customer Profile/span_state")): Object: 'Object Repository/Page_cabi Edit Customer Profile/span_state' is clicked on

2019-08-05 17:19:44 - [MESSAGE][PASSED] - Object: 'Object Repository/Page_cabi Edit Customer Profile/span_state' is clicked on

2019-08-05 17:19:44 - [TEST_STEP][PASSED] - setText(findTestObject("Page_cabi Edit Customer Profile/input_state_postalCode"), zip): Text '48085' is set on object 'Object Repository/Page_cabi Edit Customer Profile/input_state_postalCode'

2019-08-05 17:19:44 - [MESSAGE][PASSED] - Text '48085' is set on object 'Object Repository/Page_cabi Edit Customer Profile/input_state_postalCode'

2019-08-05 17:19:44 - [TEST_STEP][PASSED] - delay(5): Delayed 5 second(s)

2019-08-05 17:19:49 - [MESSAGE][PASSED] - Delayed 5 second(s)

2019-08-05 17:19:49 - [TEST_STEP][PASSED] - check(findTestObject("Object Repository/Page_cabi Home/a_same_shipping_address")): Object 'Object Repository/Page_cabi Home/a_same_shipping_address' is checked

2019-08-05 17:19:49 - [MESSAGE][PASSED] - Object 'Object Repository/Page_cabi Home/a_same_shipping_address' is checked

2019-08-05 17:19:49 - [TEST_STEP][PASSED] - delay(5): Delayed 5 second(s)

2019-08-05 17:19:54 - [MESSAGE][PASSED] - Delayed 5 second(s)

2019-08-05 17:19:54 - [TEST_STEP][PASSED] - check(findTestObject("Object Repository/Page_cabi Home/a_same_shipping_address")): Object 'Object Repository/Page_cabi Home/a_same_shipping_address' is checked

2019-08-05 17:19:54 - [MESSAGE][PASSED] - Object 'Object Repository/Page_cabi Home/a_same_shipping_address' is checked

2019-08-05 17:19:54 - [TEST_STEP][PASSED] - delay(5): Delayed 5 second(s)

2019-08-05 17:19:59 - [MESSAGE][PASSED] - Delayed 5 second(s)

2019-08-05 17:19:59 - [TEST_STEP][PASSED] - nextButton = driver.findElement(By.xpath("//li/a/span[@id='returnToActionLabel']")): null

2019-08-05 17:19:59 - [TEST_STEP][PASSED] - executor.executeScript("arguments[0].click();", nextButton): null

2019-08-05 17:19:59 - [TEST_STEP][PASSED] - delay(3): Delayed 3 second(s)

2019-08-05 17:20:02 - [MESSAGE][PASSED] - Delayed 3 second(s)

2019-08-05 17:20:02 - [TEST_STEP][PASSED] - click(findTestObject("Object Repository/Page_cabi Retail Store/span_quick_entry")): Object: 'Object Repository/Page_cabi Retail Store/span_quick_entry' is clicked on

2019-08-05 17:20:05 - [MESSAGE][PASSED] - Object: 'Object Repository/Page_cabi Retail Store/span_quick_entry' is clicked on

2019-08-05 17:20:05 - [TEST_STEP][PASSED] - delay(3): Delayed 3 second(s)

2019-08-05 17:20:08 - [MESSAGE][PASSED] - Delayed 3 second(s)

2019-08-05 17:20:08 - [TEST_STEP][PASSED] - emptyCart = findWebElements(findTestObject("Object Repository/Page_cabi Personal Store/removeFromCart"), 5): Unable to find the element located by 'By.xpath: //*[@id="removeFromCart_0"]/span'. Please recheck the objects properties to make sure the desired element is located. 

2019-08-05 17:20:13 - [MESSAGE][INFO] - Unable to find the element located by 'By.xpath: //*[@id="removeFromCart_0"]/span'. Please recheck the objects properties to make sure the desired element is located. 

2019-08-05 17:20:13 - [TEST_STEP][PASSED] - if (emptyCart.size() > 0): null

2019-08-05 17:20:13 - [TEST_STEP][PASSED] - addOnStyle = findTestData("miscData").getValue("addOnStyle", 1): null

2019-08-05 17:20:13 - [TEST_STEP][PASSED] - addOnStyle2 = findTestData("miscData").getValue("addOnStyle", 2): null

2019-08-05 17:20:13 - [TEST_STEP][PASSED] - click(findTestObject("Object Repository/Page_cabi Create Order/input_Manual Discount_stylelookup_0")): Object: 'Object Repository/Page_cabi Create Order/input_Manual Discount_stylelookup_0' is clicked on

2019-08-05 17:20:13 - [MESSAGE][PASSED] - Object: 'Object Repository/Page_cabi Create Order/input_Manual Discount_stylelookup_0' is clicked on

2019-08-05 17:20:13 - [TEST_STEP][PASSED] - setText(findTestObject("Object Repository/Page_cabi Create Order/input_Manual Discount_stylelookup_0"), addOnStyle): Text '5448' is set on object 'Object Repository/Page_cabi Create Order/input_Manual Discount_stylelookup_0'

2019-08-05 17:20:13 - [MESSAGE][PASSED] - Text '5448' is set on object 'Object Repository/Page_cabi Create Order/input_Manual Discount_stylelookup_0'

2019-08-05 17:20:13 - [TEST_STEP][PASSED] - delay(3): Delayed 3 second(s)

2019-08-05 17:20:16 - [MESSAGE][PASSED] - Delayed 3 second(s)

2019-08-05 17:20:16 - [TEST_STEP][PASSED] - prod_message = getText(findTestObject("Page_cabi Create Order/first_option")): Text of object 'Object Repository/Page_cabi Create Order/first_option' is: '5448 Sailor Pullover'

2019-08-05 17:20:16 - [MESSAGE][PASSED] - Text of object 'Object Repository/Page_cabi Create Order/first_option' is: '5448 Sailor Pullover'

2019-08-05 17:20:16 - [TEST_STEP][PASSED] - click(findTestObject("Page_cabi Create Order/first_option")): Object: 'Object Repository/Page_cabi Create Order/first_option' is clicked on

2019-08-05 17:20:16 - [MESSAGE][PASSED] - Object: 'Object Repository/Page_cabi Create Order/first_option' is clicked on

2019-08-05 17:20:16 - [TEST_STEP][PASSED] - delay(5): Delayed 5 second(s)

2019-08-05 17:20:21 - [MESSAGE][PASSED] - Delayed 5 second(s)

2019-08-05 17:20:21 - [TEST_STEP][PASSED] - click(findTestObject("Object Repository/Page_cabi Order Items/selectSize")): Object: 'Object Repository/Page_cabi Order Items/selectSize' is clicked on

2019-08-05 17:20:21 - [MESSAGE][PASSED] - Object: 'Object Repository/Page_cabi Order Items/selectSize' is clicked on

2019-08-05 17:20:21 - [TEST_STEP][PASSED] - click(findTestObject("Object Repository/Page_cabi Order Items/span_Add to Cart")): Object: 'Object Repository/Page_cabi Order Items/span_Add to Cart' is clicked on

2019-08-05 17:20:21 - [MESSAGE][PASSED] - Object: 'Object Repository/Page_cabi Order Items/span_Add to Cart' is clicked on

2019-08-05 17:20:21 - [TEST_STEP][PASSED] - delay(5): Delayed 5 second(s)

2019-08-05 17:20:26 - [MESSAGE][PASSED] - Delayed 5 second(s)

2019-08-05 17:20:26 - [TEST_STEP][PASSED] - click(findTestObject("Object Repository/Page_cabi Create Order/inputStyleLookup1")): Object: 'Object Repository/Page_cabi Create Order/inputStyleLookup1' is clicked on

2019-08-05 17:20:26 - [MESSAGE][PASSED] - Object: 'Object Repository/Page_cabi Create Order/inputStyleLookup1' is clicked on

2019-08-05 17:20:26 - [TEST_STEP][PASSED] - setText(findTestObject("Object Repository/Page_cabi Create Order/inputStyleLookup1"), addOnStyle2): Text '5449' is set on object 'Object Repository/Page_cabi Create Order/inputStyleLookup1'

2019-08-05 17:20:26 - [MESSAGE][PASSED] - Text '5449' is set on object 'Object Repository/Page_cabi Create Order/inputStyleLookup1'

2019-08-05 17:20:26 - [TEST_STEP][PASSED] - delay(3): Delayed 3 second(s)

2019-08-05 17:20:29 - [MESSAGE][PASSED] - Delayed 3 second(s)

2019-08-05 17:20:29 - [TEST_STEP][PASSED] - prod_message2 = getText(findTestObject("Page_cabi Create Order/first_option")): Text of object 'Object Repository/Page_cabi Create Order/first_option' is: '5449 Cable Cardigan'

2019-08-05 17:20:29 - [MESSAGE][PASSED] - Text of object 'Object Repository/Page_cabi Create Order/first_option' is: '5449 Cable Cardigan'

2019-08-05 17:20:29 - [TEST_STEP][PASSED] - click(findTestObject("Page_cabi Create Order/first_option")): Object: 'Object Repository/Page_cabi Create Order/first_option' is clicked on

2019-08-05 17:20:29 - [MESSAGE][PASSED] - Object: 'Object Repository/Page_cabi Create Order/first_option' is clicked on

2019-08-05 17:20:29 - [TEST_STEP][PASSED] - delay(5): Delayed 5 second(s)

2019-08-05 17:20:34 - [MESSAGE][PASSED] - Delayed 5 second(s)

2019-08-05 17:20:34 - [TEST_STEP][PASSED] - click(findTestObject("Object Repository/Page_cabi Order Items/selectSize2")): Object: 'Object Repository/Page_cabi Order Items/selectSize2' is clicked on

2019-08-05 17:20:35 - [MESSAGE][PASSED] - Object: 'Object Repository/Page_cabi Order Items/selectSize2' is clicked on

2019-08-05 17:20:35 - [TEST_STEP][PASSED] - click(findTestObject("Object Repository/Page_cabi Order Items/addToCart2")): Object: 'Object Repository/Page_cabi Order Items/addToCart2' is clicked on

2019-08-05 17:20:35 - [MESSAGE][PASSED] - Object: 'Object Repository/Page_cabi Order Items/addToCart2' is clicked on

2019-08-05 17:20:35 - [TEST_STEP][PASSED] - delay(5): Delayed 5 second(s)

2019-08-05 17:20:40 - [MESSAGE][PASSED] - Delayed 5 second(s)

2019-08-05 17:20:40 - [TEST_STEP][PASSED] - if (editScenarioNumber == 1): null

2019-08-05 17:20:40 - [TEST_STEP][PASSED] - click(findTestObject("Object Repository/Page_cabi Order Items/a_checkout")): Object: 'Object Repository/Page_cabi Order Items/a_checkout' is clicked on

2019-08-05 17:20:40 - [MESSAGE][PASSED] - Object: 'Object Repository/Page_cabi Order Items/a_checkout' is clicked on

2019-08-05 17:20:40 - [TEST_STEP][PASSED] - delay(3): Delayed 3 second(s)

2019-08-05 17:20:43 - [MESSAGE][PASSED] - Delayed 3 second(s)

2019-08-05 17:20:43 - [TEST_STEP][PASSED] - click(findTestObject("Page_cabi Personal Store/nextButtonShipping")): Object: 'Object Repository/Page_cabi Personal Store/nextButtonShipping' is clicked on

2019-08-05 17:20:43 - [MESSAGE][PASSED] - Object: 'Object Repository/Page_cabi Personal Store/nextButtonShipping' is clicked on

2019-08-05 17:20:43 - [TEST_STEP][PASSED] - delay(3): Delayed 3 second(s)

2019-08-05 17:20:46 - [MESSAGE][PASSED] - Delayed 3 second(s)

2019-08-05 17:20:46 - [TEST_STEP][PASSED] - click(findTestObject("Page_cabi Personal Store/makeFirstPayment")): Object: 'Object Repository/Page_cabi Personal Store/makeFirstPayment' is clicked on

2019-08-05 17:20:46 - [MESSAGE][PASSED] - Object: 'Object Repository/Page_cabi Personal Store/makeFirstPayment' is clicked on

2019-08-05 17:20:46 - [TEST_STEP][PASSED] - click(findTestObject("Object Repository/Page_cabi Personal Store/select_cash")): Object: 'Object Repository/Page_cabi Personal Store/select_cash' is clicked on

2019-08-05 17:20:46 - [MESSAGE][PASSED] - Object: 'Object Repository/Page_cabi Personal Store/select_cash' is clicked on

2019-08-05 17:20:46 - [TEST_STEP][PASSED] - click(findTestObject("Page_cabi Personal Store/submitPayment")): Object: 'Object Repository/Page_cabi Personal Store/submitPayment' is clicked on

2019-08-05 17:20:46 - [MESSAGE][PASSED] - Object: 'Object Repository/Page_cabi Personal Store/submitPayment' is clicked on

2019-08-05 17:20:46 - [TEST_STEP][PASSED] - click(findTestObject("Page_cabi Personal Store/submitOrderId")): Object: 'Object Repository/Page_cabi Personal Store/submitOrderId' is clicked on

2019-08-05 17:20:48 - [MESSAGE][PASSED] - Object: 'Object Repository/Page_cabi Personal Store/submitOrderId' is clicked on

2019-08-05 17:20:48 - [TEST_STEP][PASSED] - successMsg = "": null

2019-08-05 17:20:48 - [TEST_STEP][PASSED] - orderSuccess = false: null

2019-08-05 17:20:48 - [TEST_STEP][PASSED] - successMsgs = findWebElements(findTestObject("Object Repository/Page_cabi Personal Store/p_success_msg"), 5): null

2019-08-05 17:20:48 - [TEST_STEP][PASSED] - if (successMsgs.size() > 0): Text of object 'Object Repository/Page_cabi Personal Store/p_order_id' is: 'RT708104608'

2019-08-05 17:20:48 - [TEST_STEP][PASSED] - successMsg = getText(findTestObject("Object Repository/Page_cabi Personal Store/p_success_msg")): Text of object 'Object Repository/Page_cabi Personal Store/p_success_msg' is: 'Order Created Successfully!!
Order #:  RT708104608

CONTINUE SHOPPING'

2019-08-05 17:20:48 - [MESSAGE][PASSED] - Text of object 'Object Repository/Page_cabi Personal Store/p_success_msg' is: 'Order Created Successfully!!
Order #:  RT708104608

CONTINUE SHOPPING'

2019-08-05 17:20:48 - [TEST_STEP][PASSED] - orderSuccess = true: null

2019-08-05 17:20:48 - [TEST_STEP][PASSED] - retailOrderID = getText(findTestObject("Object Repository/Page_cabi Personal Store/p_order_id")): Text of object 'Object Repository/Page_cabi Personal Store/p_order_id' is: 'RT708104608'

2019-08-05 17:20:48 - [MESSAGE][PASSED] - Text of object 'Object Repository/Page_cabi Personal Store/p_order_id' is: 'RT708104608'

2019-08-05 17:20:49 - [TEST_STEP][PASSED] - assert orderSuccess == true: null

2019-08-05 17:20:49 - [TEST_STEP][NOT_RUN] - closeBrowser(): NOT_RUN: closeBrowser()

2019-08-05 17:20:49 - [MESSAGE][NOT_RUN] - NOT_RUN: closeBrowser()

2019-08-05 17:20:49 - [MESSAGE][PASSED] - Call Test Case 'Test Cases/editOrder/retailOrderBO' successfully

2019-08-05 17:20:49 - [TEST_STEP][PASSED] - delay(10): Delayed 10 second(s)

2019-08-05 17:20:59 - [MESSAGE][PASSED] - Delayed 10 second(s)

2019-08-05 17:20:59 - [TEST_STEP][PASSED] - callTestCase(findTestCase("TestCaseUtilities/rsLogin"), ["RSURL":"", "RSuser":"", "RSpass":""], STOP_ON_FAILURE): Call Test Case 'Test Cases/TestCaseUtilities/rsLogin' successfully

2019-08-05 17:20:59 - [TEST_CASE][PASSED] - Test Cases/TestCaseUtilities/rsLogin: Test Cases/TestCaseUtilities/rsLogin

2019-08-05 17:20:59 - [TEST_STEP][PASSED] - dataFile = "micrositeData": null

2019-08-05 17:20:59 - [TEST_STEP][PASSED] - guest1Mail = findTestData(dataFile).getValue("guest1Mail", 1): null

2019-08-05 17:20:59 - [TEST_STEP][PASSED] - guest1Pass = findTestData(dataFile).getValue("guest1Pass", 1): null

2019-08-05 17:20:59 - [TEST_STEP][PASSED] - RSTestEnvt = findTestData("envtData").getValue("RSTestEnvt", 1): null

2019-08-05 17:20:59 - [TEST_STEP][PASSED] - openBrowser(""): Browser is opened with url: ''

2019-08-05 17:20:59 - [MESSAGE][WARNING] - A browser is already opened. Closing browser and opening a new one

2019-08-05 17:21:00 - [MESSAGE][INFO] - Starting 'Chrome' driver

2019-08-05 17:21:00 - [MESSAGE][INFO] - User set preference: ['args', '[--use-fake-ui-for-media-stream, --start-maximized]']

2019-08-05 17:21:01 - [MESSAGE][PASSED] - Browser is opened with url: ''

2019-08-05 17:21:01 - [TEST_STEP][PASSED] - callTestCase(findTestCase("TestCaseUtilities/setVHost"), [:], STOP_ON_FAILURE): Call Test Case 'Test Cases/TestCaseUtilities/setVHost' successfully

2019-08-05 17:21:01 - [TEST_CASE][PASSED] - Test Cases/TestCaseUtilities/setVHost: Test Cases/TestCaseUtilities/setVHost

2019-08-05 17:21:01 - [TEST_STEP][PASSED] - ofbizURL = findTestData("envtData").getValue("ofbizURL", 1): null

2019-08-05 17:21:01 - [TEST_STEP][PASSED] - ofbizUser = findTestData("credData").getValue("ofbizuser", 1): null

2019-08-05 17:21:01 - [TEST_STEP][PASSED] - ofbizPass = findTestData("credData").getValue("ofbizpass", 1): null

2019-08-05 17:21:01 - [TEST_STEP][PASSED] - vhostTarget = findTestData("envtData").getValue("vhostTarget", 1): null

2019-08-05 17:21:01 - [TEST_STEP][PASSED] - navigateToUrl(ofbizURL): Navigate to 'https://pushofbiz.cliotest.com/login.php' successfully

2019-08-05 17:21:02 - [MESSAGE][PASSED] - Navigate to 'https://pushofbiz.cliotest.com/login.php' successfully

2019-08-05 17:21:02 - [TEST_STEP][PASSED] - setText(findTestObject("Object Repository/virualShowRSVPOR/Page_/input_Username_username"), ofbizUser): Text 'automation' is set on object 'Object Repository/virualShowRSVPOR/Page_/input_Username_username'

2019-08-05 17:21:02 - [MESSAGE][PASSED] - Text 'automation' is set on object 'Object Repository/virualShowRSVPOR/Page_/input_Username_username'

2019-08-05 17:21:02 - [TEST_STEP][PASSED] - setText(findTestObject("Object Repository/virualShowRSVPOR/Page_/input_Password_password"), ofbizPass): Text 'cabiautomation' is set on object 'Object Repository/virualShowRSVPOR/Page_/input_Password_password'

2019-08-05 17:21:02 - [MESSAGE][PASSED] - Text 'cabiautomation' is set on object 'Object Repository/virualShowRSVPOR/Page_/input_Password_password'

2019-08-05 17:21:02 - [TEST_STEP][PASSED] - click(findTestObject("Object Repository/virualShowRSVPOR/Page_/input_Password_Submit")): Object: 'Object Repository/virualShowRSVPOR/Page_/input_Password_Submit' is clicked on

2019-08-05 17:21:06 - [MESSAGE][PASSED] - Object: 'Object Repository/virualShowRSVPOR/Page_/input_Password_Submit' is clicked on

2019-08-05 17:21:06 - [TEST_STEP][PASSED] - click(findTestObject("Object Repository/virualShowRSVPOR/Page_/a_Set Vhost")): Object: 'Object Repository/virualShowRSVPOR/Page_/a_Set Vhost' is clicked on

2019-08-05 17:21:06 - [MESSAGE][PASSED] - Object: 'Object Repository/virualShowRSVPOR/Page_/a_Set Vhost' is clicked on

2019-08-05 17:21:06 - [TEST_STEP][PASSED] - click(UtilityMethods.createTestObject("select_target", "//select[@name='Target']/option[contains(text(), '", vhostTarget, "')]")): Object: 'select_target' is clicked on

2019-08-05 17:21:06 - [MESSAGE][PASSED] - Object: 'select_target' is clicked on

2019-08-05 17:21:06 - [TEST_STEP][PASSED] - click(findTestObject("Object Repository/virualShowRSVPOR/Page_/input")): Object: 'Object Repository/virualShowRSVPOR/Page_/input' is clicked on

2019-08-05 17:21:07 - [MESSAGE][PASSED] - Object: 'Object Repository/virualShowRSVPOR/Page_/input' is clicked on

2019-08-05 17:21:07 - [MESSAGE][PASSED] - Call Test Case 'Test Cases/TestCaseUtilities/setVHost' successfully

2019-08-05 17:21:07 - [TEST_STEP][PASSED] - loginURL = UtilityMethods.concat("https://mirandakate.", RSTestEnvt, ".com/?component=account.login-gateway"): null

2019-08-05 17:21:07 - [TEST_STEP][PASSED] - navigateToUrl(loginURL): Navigate to 'https://mirandakate.cabisandbox.com/?component=account.login-gateway' successfully

2019-08-05 17:21:41 - [MESSAGE][PASSED] - Navigate to 'https://mirandakate.cabisandbox.com/?component=account.login-gateway' successfully

2019-08-05 17:21:41 - [TEST_STEP][PASSED] - "Login with the invited guest": null

2019-08-05 17:21:41 - [TEST_STEP][PASSED] - delay(3): Delayed 3 second(s)

2019-08-05 17:21:44 - [MESSAGE][PASSED] - Delayed 3 second(s)

2019-08-05 17:21:44 - [TEST_STEP][PASSED] - setText(findTestObject("Object Repository/virualShowRSVPOR/Page_Show microsite/input_Sign in  Create account_email"), guest1Mail): Text 'vishalguest1@test.com' is set on object 'Object Repository/virualShowRSVPOR/Page_Show microsite/input_Sign in  Create account_email'

2019-08-05 17:21:44 - [MESSAGE][PASSED] - Text 'vishalguest1@test.com' is set on object 'Object Repository/virualShowRSVPOR/Page_Show microsite/input_Sign in  Create account_email'

2019-08-05 17:21:44 - [TEST_STEP][PASSED] - click(findTestObject("Object Repository/virualShowRSVPOR/Page_Show microsite/button_Continue")): Object: 'Object Repository/virualShowRSVPOR/Page_Show microsite/button_Continue' is clicked on

2019-08-05 17:21:44 - [MESSAGE][PASSED] - Object: 'Object Repository/virualShowRSVPOR/Page_Show microsite/button_Continue' is clicked on

2019-08-05 17:21:44 - [TEST_STEP][PASSED] - setText(findTestObject("Object Repository/virualShowRSVPOR/Page_Show microsite/input_Welcome_password"), guest1Pass): Text 'blackdress19' is set on object 'Object Repository/virualShowRSVPOR/Page_Show microsite/input_Welcome_password'

2019-08-05 17:21:45 - [MESSAGE][PASSED] - Text 'blackdress19' is set on object 'Object Repository/virualShowRSVPOR/Page_Show microsite/input_Welcome_password'

2019-08-05 17:21:45 - [TEST_STEP][PASSED] - click(findTestObject("Object Repository/virualShowRSVPOR/Page_Show microsite/button_Continue_pass")): Object: 'Object Repository/virualShowRSVPOR/Page_Show microsite/button_Continue_pass' is clicked on

2019-08-05 17:21:45 - [MESSAGE][PASSED] - Object: 'Object Repository/virualShowRSVPOR/Page_Show microsite/button_Continue_pass' is clicked on

2019-08-05 17:21:45 - [TEST_STEP][PASSED] - delay(5): Delayed 5 second(s)

2019-08-05 17:21:50 - [MESSAGE][PASSED] - Delayed 5 second(s)

2019-08-05 17:21:50 - [TEST_STEP][PASSED] - if (verifyElementPresent(findTestObject("Object Repository/virualShowRSVPOR/Page_Show microsite/complete_my_profile_later"), 0)): Object: 'Object Repository/virualShowRSVPOR/Page_Show microsite/div_Ill complete my profile later' is clicked on

2019-08-05 17:21:50 - [MESSAGE][WARNING] - Timeout '0' is invalid. Using default page load timeout: '30'

2019-08-05 17:21:50 - [MESSAGE][PASSED] - Object 'Object Repository/virualShowRSVPOR/Page_Show microsite/complete_my_profile_later' is present

2019-08-05 17:21:50 - [TEST_STEP][PASSED] - click(findTestObject("Object Repository/virualShowRSVPOR/Page_Show microsite/div_Ill complete my profile later")): Object: 'Object Repository/virualShowRSVPOR/Page_Show microsite/div_Ill complete my profile later' is clicked on

2019-08-05 17:21:58 - [MESSAGE][PASSED] - Object: 'Object Repository/virualShowRSVPOR/Page_Show microsite/div_Ill complete my profile later' is clicked on

2019-08-05 17:21:58 - [MESSAGE][PASSED] - Call Test Case 'Test Cases/TestCaseUtilities/rsLogin' successfully

2019-08-05 17:21:58 - [TEST_STEP][FAILED] - callTestCase(findTestCase("editOrder/rsOrderHistoryConfirm"), ["orderID":"", "editScenarioNumber":1], STOP_ON_FAILURE): callTestCase(findTestCase("editOrder/rsOrderHistoryConfirm"), ["orderID":"", "editScenarioNumber":1], STOP_ON_FAILURE) FAILED.
Reason:
com.kms.katalon.core.exception.StepFailedException: Call Test Case 'Test Cases/editOrder/rsOrderHistoryConfirm' failed
	at com.kms.katalon.core.keyword.builtin.CallTestCaseKeyword$_callTestCase_closure1.doCall(CallTestCaseKeyword.groovy:63)
	at com.kms.katalon.core.keyword.builtin.CallTestCaseKeyword$_callTestCase_closure1.call(CallTestCaseKeyword.groovy)
	at com.kms.katalon.core.keyword.internal.KeywordMain.runKeyword(KeywordMain.groovy:66)
	at com.kms.katalon.core.keyword.builtin.CallTestCaseKeyword.callTestCase(CallTestCaseKeyword.groovy:81)
	at com.kms.katalon.core.keyword.builtin.CallTestCaseKeyword.execute(CallTestCaseKeyword.groovy:44)
	at com.kms.katalon.core.keyword.internal.KeywordExecutor.executeKeywordForPlatform(KeywordExecutor.groovy:56)
	at com.kms.katalon.core.keyword.BuiltinKeywords.callTestCase(BuiltinKeywords.groovy:334)
	at rsEditOrderSimple.run(rsEditOrderSimple:24)
	at com.kms.katalon.core.main.ScriptEngine.run(ScriptEngine.java:194)
	at com.kms.katalon.core.main.ScriptEngine.runScriptAsRawText(ScriptEngine.java:119)
	at com.kms.katalon.core.main.TestCaseExecutor.runScript(TestCaseExecutor.java:342)
	at com.kms.katalon.core.main.TestCaseExecutor.doExecute(TestCaseExecutor.java:333)
	at com.kms.katalon.core.main.TestCaseExecutor.processExecutionPhase(TestCaseExecutor.java:312)
	at com.kms.katalon.core.main.TestCaseExecutor.accessMainPhase(TestCaseExecutor.java:304)
	at com.kms.katalon.core.main.TestCaseExecutor.execute(TestCaseExecutor.java:238)
	at com.kms.katalon.core.main.TestSuiteExecutor.accessTestCaseMainPhase(TestSuiteExecutor.java:129)
	at com.kms.katalon.core.main.TestSuiteExecutor.accessTestSuiteMainPhase(TestSuiteExecutor.java:112)
	at com.kms.katalon.core.main.TestSuiteExecutor.execute(TestSuiteExecutor.java:81)
	at com.kms.katalon.core.main.TestCaseMain.startTestSuite(TestCaseMain.java:157)
	at com.kms.katalon.core.main.TestCaseMain$startTestSuite$0.call(Unknown Source)
	at TempTestSuite1565005736886.run(TempTestSuite1565005736886.groovy:35)
Caused by: com.kms.katalon.core.exception.StepFailedException: Verify element text of test object 'div_cancelled_order' FAILED.
	at com.kms.katalon.core.webui.keyword.internal.WebUIKeywordMain.stepFailed(WebUIKeywordMain.groovy:64)
	at com.kms.katalon.core.webui.keyword.internal.WebUIKeywordMain.runKeyword(WebUIKeywordMain.groovy:26)
	at com.kms.katalon.core.webui.keyword.builtin.VerifyElementTextKeyword.verifyElementText(VerifyElementTextKeyword.groovy:72)
	at com.kms.katalon.core.webui.keyword.builtin.VerifyElementTextKeyword.execute(VerifyElementTextKeyword.groovy:40)
	at com.kms.katalon.core.keyword.internal.KeywordExecutor.executeKeywordForPlatform(KeywordExecutor.groovy:56)
	at com.kms.katalon.core.webui.keyword.WebUiBuiltInKeywords.verifyElementText(WebUiBuiltInKeywords.groovy:3663)
	at com.kms.katalon.core.webui.keyword.WebUiBuiltInKeywords$verifyElementText$8.call(Unknown Source)
	at rsOrderHistoryConfirm.run(rsOrderHistoryConfirm:78)
	at com.kms.katalon.core.main.ScriptEngine.run(ScriptEngine.java:194)
	at com.kms.katalon.core.main.ScriptEngine.runScriptAsRawText(ScriptEngine.java:119)
	at com.kms.katalon.core.main.TestCaseExecutor.runScript(TestCaseExecutor.java:342)
	at com.kms.katalon.core.main.TestCaseExecutor.doExecute(TestCaseExecutor.java:333)
	at com.kms.katalon.core.main.TestCaseExecutor.processExecutionPhase(TestCaseExecutor.java:312)
	at com.kms.katalon.core.main.TestCaseExecutor.accessMainPhase(TestCaseExecutor.java:304)
	at com.kms.katalon.core.main.TestCaseExecutor.execute(TestCaseExecutor.java:238)
	at com.kms.katalon.core.main.TestCaseMain.runTestCase(TestCaseMain.java:114)
	at com.kms.katalon.core.keyword.builtin.CallTestCaseKeyword$_callTestCase_closure1.doCall(CallTestCaseKeyword.groovy:59)
	... 20 more
Caused by: com.kms.katalon.core.exception.StepFailedException: Actual text '' and expected text 'Cancelled' of test object 'div_cancelled_order' are NOT matched.
	at com.kms.katalon.core.webui.keyword.internal.WebUIKeywordMain.stepFailed(WebUIKeywordMain.groovy:64)
	at com.kms.katalon.core.webui.keyword.builtin.VerifyElementTextKeyword$_verifyElementText_closure1.doCall(VerifyElementTextKeyword.groovy:57)
	at com.kms.katalon.core.webui.keyword.builtin.VerifyElementTextKeyword$_verifyElementText_closure1.call(VerifyElementTextKeyword.groovy)
	at com.kms.katalon.core.webui.keyword.internal.WebUIKeywordMain.runKeyword(WebUIKeywordMain.groovy:20)
	... 35 more


2019-08-05 17:21:58 - [TEST_CASE][FAILED] - Test Cases/editOrder/rsOrderHistoryConfirm: Test Cases/editOrder/rsOrderHistoryConfirm FAILED.
Reason:
com.kms.katalon.core.exception.StepFailedException: Verify element text of test object 'div_cancelled_order' FAILED.
	at com.kms.katalon.core.webui.keyword.internal.WebUIKeywordMain.stepFailed(WebUIKeywordMain.groovy:64)
	at com.kms.katalon.core.webui.keyword.internal.WebUIKeywordMain.runKeyword(WebUIKeywordMain.groovy:26)
	at com.kms.katalon.core.webui.keyword.builtin.VerifyElementTextKeyword.verifyElementText(VerifyElementTextKeyword.groovy:72)
	at com.kms.katalon.core.webui.keyword.builtin.VerifyElementTextKeyword.execute(VerifyElementTextKeyword.groovy:40)
	at com.kms.katalon.core.keyword.internal.KeywordExecutor.executeKeywordForPlatform(KeywordExecutor.groovy:56)
	at com.kms.katalon.core.webui.keyword.WebUiBuiltInKeywords.verifyElementText(WebUiBuiltInKeywords.groovy:3663)
	at com.kms.katalon.core.webui.keyword.WebUiBuiltInKeywords$verifyElementText$8.call(Unknown Source)
	at rsOrderHistoryConfirm.run(rsOrderHistoryConfirm:78)
	at com.kms.katalon.core.main.ScriptEngine.run(ScriptEngine.java:194)
	at com.kms.katalon.core.main.ScriptEngine.runScriptAsRawText(ScriptEngine.java:119)
	at com.kms.katalon.core.main.TestCaseExecutor.runScript(TestCaseExecutor.java:342)
	at com.kms.katalon.core.main.TestCaseExecutor.doExecute(TestCaseExecutor.java:333)
	at com.kms.katalon.core.main.TestCaseExecutor.processExecutionPhase(TestCaseExecutor.java:312)
	at com.kms.katalon.core.main.TestCaseExecutor.accessMainPhase(TestCaseExecutor.java:304)
	at com.kms.katalon.core.main.TestCaseExecutor.execute(TestCaseExecutor.java:238)
	at com.kms.katalon.core.main.TestCaseMain.runTestCase(TestCaseMain.java:114)
	at com.kms.katalon.core.keyword.builtin.CallTestCaseKeyword$_callTestCase_closure1.doCall(CallTestCaseKeyword.groovy:59)
	at com.kms.katalon.core.keyword.builtin.CallTestCaseKeyword$_callTestCase_closure1.call(CallTestCaseKeyword.groovy)
	at com.kms.katalon.core.keyword.internal.KeywordMain.runKeyword(KeywordMain.groovy:66)
	at com.kms.katalon.core.keyword.builtin.CallTestCaseKeyword.callTestCase(CallTestCaseKeyword.groovy:81)
	at com.kms.katalon.core.keyword.builtin.CallTestCaseKeyword.execute(CallTestCaseKeyword.groovy:44)
	at com.kms.katalon.core.keyword.internal.KeywordExecutor.executeKeywordForPlatform(KeywordExecutor.groovy:56)
	at com.kms.katalon.core.keyword.BuiltinKeywords.callTestCase(BuiltinKeywords.groovy:334)
	at rsEditOrderSimple.run(rsEditOrderSimple:24)
	at com.kms.katalon.core.main.ScriptEngine.run(ScriptEngine.java:194)
	at com.kms.katalon.core.main.ScriptEngine.runScriptAsRawText(ScriptEngine.java:119)
	at com.kms.katalon.core.main.TestCaseExecutor.runScript(TestCaseExecutor.java:342)
	at com.kms.katalon.core.main.TestCaseExecutor.doExecute(TestCaseExecutor.java:333)
	at com.kms.katalon.core.main.TestCaseExecutor.processExecutionPhase(TestCaseExecutor.java:312)
	at com.kms.katalon.core.main.TestCaseExecutor.accessMainPhase(TestCaseExecutor.java:304)
	at com.kms.katalon.core.main.TestCaseExecutor.execute(TestCaseExecutor.java:238)
	at com.kms.katalon.core.main.TestSuiteExecutor.accessTestCaseMainPhase(TestSuiteExecutor.java:129)
	at com.kms.katalon.core.main.TestSuiteExecutor.accessTestSuiteMainPhase(TestSuiteExecutor.java:112)
	at com.kms.katalon.core.main.TestSuiteExecutor.execute(TestSuiteExecutor.java:81)
	at com.kms.katalon.core.main.TestCaseMain.startTestSuite(TestCaseMain.java:157)
	at com.kms.katalon.core.main.TestCaseMain$startTestSuite$0.call(Unknown Source)
	at TempTestSuite1565005736886.run(TempTestSuite1565005736886.groovy:35)
Caused by: com.kms.katalon.core.exception.StepFailedException: Actual text '' and expected text 'Cancelled' of test object 'div_cancelled_order' are NOT matched.
	at com.kms.katalon.core.webui.keyword.internal.WebUIKeywordMain.stepFailed(WebUIKeywordMain.groovy:64)
	at com.kms.katalon.core.webui.keyword.builtin.VerifyElementTextKeyword$_verifyElementText_closure1.doCall(VerifyElementTextKeyword.groovy:57)
	at com.kms.katalon.core.webui.keyword.builtin.VerifyElementTextKeyword$_verifyElementText_closure1.call(VerifyElementTextKeyword.groovy)
	at com.kms.katalon.core.webui.keyword.internal.WebUIKeywordMain.runKeyword(WebUIKeywordMain.groovy:20)
	... 35 more


2019-08-05 17:21:58 - [TEST_STEP][PASSED] - orderID = retailOrderID: null

2019-08-05 17:21:58 - [TEST_STEP][PASSED] - println(orderID): null

2019-08-05 17:21:58 - [TEST_STEP][PASSED] - xpath = UtilityMethods.concat("//span[contains(text(), '", orderID, "')]/parent::div/parent::div/div[@class='table-row-edit-order']//a"): null

2019-08-05 17:21:58 - [TEST_STEP][PASSED] - to = new com.kms.katalon.core.testobject.TestObject(a_link_dynamic): null

2019-08-05 17:21:58 - [TEST_STEP][PASSED] - to.addProperty("xpath", EQUALS, xpath): null

2019-08-05 17:21:58 - [TEST_STEP][PASSED] - click(findTestObject("ReplicatedSite/rs_Page_Trendy/i_Michigan_fa fa-caret-down")): Object: 'Object Repository/ReplicatedSite/rs_Page_Trendy/i_Michigan_fa fa-caret-down' is clicked on

2019-08-05 17:21:58 - [MESSAGE][PASSED] - Object: 'Object Repository/ReplicatedSite/rs_Page_Trendy/i_Michigan_fa fa-caret-down' is clicked on

2019-08-05 17:21:58 - [TEST_STEP][PASSED] - click(findTestObject("ReplicatedSite/rs_Page_Trendy/a_My Profile")): Object: 'Object Repository/ReplicatedSite/rs_Page_Trendy/a_My Profile' is clicked on

2019-08-05 17:22:03 - [MESSAGE][PASSED] - Object: 'Object Repository/ReplicatedSite/rs_Page_Trendy/a_My Profile' is clicked on

2019-08-05 17:22:03 - [TEST_STEP][PASSED] - click(findTestObject("Object Repository/ReplicatedSite/Page_Profile - Cabi Fall 2018 Collection/span_Order History")): Object: 'Object Repository/ReplicatedSite/Page_Profile - Cabi Fall 2018 Collection/span_Order History' is clicked on

2019-08-05 17:22:03 - [MESSAGE][PASSED] - Object: 'Object Repository/ReplicatedSite/Page_Profile - Cabi Fall 2018 Collection/span_Order History' is clicked on

2019-08-05 17:22:03 - [TEST_STEP][PASSED] - delay(5): Delayed 5 second(s)

2019-08-05 17:22:08 - [MESSAGE][PASSED] - Delayed 5 second(s)

2019-08-05 17:22:08 - [TEST_STEP][PASSED] - editButton = findWebElements(to, 1): null

2019-08-05 17:22:08 - [TEST_STEP][PASSED] - assert editButton.size() > 0: null

2019-08-05 17:22:08 - [TEST_STEP][FAILED] - if (editButton.size() > 0): if (editButton.size() > 0) FAILED.
Reason:
com.kms.katalon.core.exception.StepFailedException: Verify element text of test object 'div_cancelled_order' FAILED.
	at com.kms.katalon.core.webui.keyword.internal.WebUIKeywordMain.stepFailed(WebUIKeywordMain.groovy:64)
	at com.kms.katalon.core.webui.keyword.internal.WebUIKeywordMain.runKeyword(WebUIKeywordMain.groovy:26)
	at com.kms.katalon.core.webui.keyword.builtin.VerifyElementTextKeyword.verifyElementText(VerifyElementTextKeyword.groovy:72)
	at com.kms.katalon.core.webui.keyword.builtin.VerifyElementTextKeyword.execute(VerifyElementTextKeyword.groovy:40)
	at com.kms.katalon.core.keyword.internal.KeywordExecutor.executeKeywordForPlatform(KeywordExecutor.groovy:56)
	at com.kms.katalon.core.webui.keyword.WebUiBuiltInKeywords.verifyElementText(WebUiBuiltInKeywords.groovy:3663)
	at com.kms.katalon.core.webui.keyword.WebUiBuiltInKeywords$verifyElementText$8.call(Unknown Source)
	at rsOrderHistoryConfirm.run(rsOrderHistoryConfirm:78)
	at com.kms.katalon.core.main.ScriptEngine.run(ScriptEngine.java:194)
	at com.kms.katalon.core.main.ScriptEngine.runScriptAsRawText(ScriptEngine.java:119)
	at com.kms.katalon.core.main.TestCaseExecutor.runScript(TestCaseExecutor.java:342)
	at com.kms.katalon.core.main.TestCaseExecutor.doExecute(TestCaseExecutor.java:333)
	at com.kms.katalon.core.main.TestCaseExecutor.processExecutionPhase(TestCaseExecutor.java:312)
	at com.kms.katalon.core.main.TestCaseExecutor.accessMainPhase(TestCaseExecutor.java:304)
	at com.kms.katalon.core.main.TestCaseExecutor.execute(TestCaseExecutor.java:238)
	at com.kms.katalon.core.main.TestCaseMain.runTestCase(TestCaseMain.java:114)
	at com.kms.katalon.core.keyword.builtin.CallTestCaseKeyword$_callTestCase_closure1.doCall(CallTestCaseKeyword.groovy:59)
	at com.kms.katalon.core.keyword.builtin.CallTestCaseKeyword$_callTestCase_closure1.call(CallTestCaseKeyword.groovy)
	at com.kms.katalon.core.keyword.internal.KeywordMain.runKeyword(KeywordMain.groovy:66)
	at com.kms.katalon.core.keyword.builtin.CallTestCaseKeyword.callTestCase(CallTestCaseKeyword.groovy:81)
	at com.kms.katalon.core.keyword.builtin.CallTestCaseKeyword.execute(CallTestCaseKeyword.groovy:44)
	at com.kms.katalon.core.keyword.internal.KeywordExecutor.executeKeywordForPlatform(KeywordExecutor.groovy:56)
	at com.kms.katalon.core.keyword.BuiltinKeywords.callTestCase(BuiltinKeywords.groovy:334)
	at rsEditOrderSimple.run(rsEditOrderSimple:24)
	at com.kms.katalon.core.main.ScriptEngine.run(ScriptEngine.java:194)
	at com.kms.katalon.core.main.ScriptEngine.runScriptAsRawText(ScriptEngine.java:119)
	at com.kms.katalon.core.main.TestCaseExecutor.runScript(TestCaseExecutor.java:342)
	at com.kms.katalon.core.main.TestCaseExecutor.doExecute(TestCaseExecutor.java:333)
	at com.kms.katalon.core.main.TestCaseExecutor.processExecutionPhase(TestCaseExecutor.java:312)
	at com.kms.katalon.core.main.TestCaseExecutor.accessMainPhase(TestCaseExecutor.java:304)
	at com.kms.katalon.core.main.TestCaseExecutor.execute(TestCaseExecutor.java:238)
	at com.kms.katalon.core.main.TestSuiteExecutor.accessTestCaseMainPhase(TestSuiteExecutor.java:129)
	at com.kms.katalon.core.main.TestSuiteExecutor.accessTestSuiteMainPhase(TestSuiteExecutor.java:112)
	at com.kms.katalon.core.main.TestSuiteExecutor.execute(TestSuiteExecutor.java:81)
	at com.kms.katalon.core.main.TestCaseMain.startTestSuite(TestCaseMain.java:157)
	at com.kms.katalon.core.main.TestCaseMain$startTestSuite$0.call(Unknown Source)
	at TempTestSuite1565005736886.run(TempTestSuite1565005736886.groovy:35)
Caused by: com.kms.katalon.core.exception.StepFailedException: Actual text '' and expected text 'Cancelled' of test object 'div_cancelled_order' are NOT matched.
	at com.kms.katalon.core.webui.keyword.internal.WebUIKeywordMain.stepFailed(WebUIKeywordMain.groovy:64)
	at com.kms.katalon.core.webui.keyword.builtin.VerifyElementTextKeyword$_verifyElementText_closure1.doCall(VerifyElementTextKeyword.groovy:57)
	at com.kms.katalon.core.webui.keyword.builtin.VerifyElementTextKeyword$_verifyElementText_closure1.call(VerifyElementTextKeyword.groovy)
	at com.kms.katalon.core.webui.keyword.internal.WebUIKeywordMain.runKeyword(WebUIKeywordMain.groovy:20)
	... 35 more


2019-08-05 17:22:08 - [TEST_STEP][PASSED] - click(to): Object: 'a_link_dynamic' is clicked on

2019-08-05 17:22:08 - [MESSAGE][PASSED] - Object: 'a_link_dynamic' is clicked on

2019-08-05 17:22:08 - [TEST_STEP][PASSED] - delay(10): Delayed 10 second(s)

2019-08-05 17:22:18 - [MESSAGE][PASSED] - Delayed 10 second(s)

2019-08-05 17:22:18 - [TEST_STEP][FAILED] - if (editScenarioNumber == 1): if (editButton.size() > 0) FAILED.
Reason:
com.kms.katalon.core.exception.StepFailedException: Verify element text of test object 'div_cancelled_order' FAILED.
	at com.kms.katalon.core.webui.keyword.internal.WebUIKeywordMain.stepFailed(WebUIKeywordMain.groovy:64)
	at com.kms.katalon.core.webui.keyword.internal.WebUIKeywordMain.runKeyword(WebUIKeywordMain.groovy:26)
	at com.kms.katalon.core.webui.keyword.builtin.VerifyElementTextKeyword.verifyElementText(VerifyElementTextKeyword.groovy:72)
	at com.kms.katalon.core.webui.keyword.builtin.VerifyElementTextKeyword.execute(VerifyElementTextKeyword.groovy:40)
	at com.kms.katalon.core.keyword.internal.KeywordExecutor.executeKeywordForPlatform(KeywordExecutor.groovy:56)
	at com.kms.katalon.core.webui.keyword.WebUiBuiltInKeywords.verifyElementText(WebUiBuiltInKeywords.groovy:3663)
	at com.kms.katalon.core.webui.keyword.WebUiBuiltInKeywords$verifyElementText$8.call(Unknown Source)
	at rsOrderHistoryConfirm.run(rsOrderHistoryConfirm:78)
	at com.kms.katalon.core.main.ScriptEngine.run(ScriptEngine.java:194)
	at com.kms.katalon.core.main.ScriptEngine.runScriptAsRawText(ScriptEngine.java:119)
	at com.kms.katalon.core.main.TestCaseExecutor.runScript(TestCaseExecutor.java:342)
	at com.kms.katalon.core.main.TestCaseExecutor.doExecute(TestCaseExecutor.java:333)
	at com.kms.katalon.core.main.TestCaseExecutor.processExecutionPhase(TestCaseExecutor.java:312)
	at com.kms.katalon.core.main.TestCaseExecutor.accessMainPhase(TestCaseExecutor.java:304)
	at com.kms.katalon.core.main.TestCaseExecutor.execute(TestCaseExecutor.java:238)
	at com.kms.katalon.core.main.TestCaseMain.runTestCase(TestCaseMain.java:114)
	at com.kms.katalon.core.keyword.builtin.CallTestCaseKeyword$_callTestCase_closure1.doCall(CallTestCaseKeyword.groovy:59)
	at com.kms.katalon.core.keyword.builtin.CallTestCaseKeyword$_callTestCase_closure1.call(CallTestCaseKeyword.groovy)
	at com.kms.katalon.core.keyword.internal.KeywordMain.runKeyword(KeywordMain.groovy:66)
	at com.kms.katalon.core.keyword.builtin.CallTestCaseKeyword.callTestCase(CallTestCaseKeyword.groovy:81)
	at com.kms.katalon.core.keyword.builtin.CallTestCaseKeyword.execute(CallTestCaseKeyword.groovy:44)
	at com.kms.katalon.core.keyword.internal.KeywordExecutor.executeKeywordForPlatform(KeywordExecutor.groovy:56)
	at com.kms.katalon.core.keyword.BuiltinKeywords.callTestCase(BuiltinKeywords.groovy:334)
	at rsEditOrderSimple.run(rsEditOrderSimple:24)
	at com.kms.katalon.core.main.ScriptEngine.run(ScriptEngine.java:194)
	at com.kms.katalon.core.main.ScriptEngine.runScriptAsRawText(ScriptEngine.java:119)
	at com.kms.katalon.core.main.TestCaseExecutor.runScript(TestCaseExecutor.java:342)
	at com.kms.katalon.core.main.TestCaseExecutor.doExecute(TestCaseExecutor.java:333)
	at com.kms.katalon.core.main.TestCaseExecutor.processExecutionPhase(TestCaseExecutor.java:312)
	at com.kms.katalon.core.main.TestCaseExecutor.accessMainPhase(TestCaseExecutor.java:304)
	at com.kms.katalon.core.main.TestCaseExecutor.execute(TestCaseExecutor.java:238)
	at com.kms.katalon.core.main.TestSuiteExecutor.accessTestCaseMainPhase(TestSuiteExecutor.java:129)
	at com.kms.katalon.core.main.TestSuiteExecutor.accessTestSuiteMainPhase(TestSuiteExecutor.java:112)
	at com.kms.katalon.core.main.TestSuiteExecutor.execute(TestSuiteExecutor.java:81)
	at com.kms.katalon.core.main.TestCaseMain.startTestSuite(TestCaseMain.java:157)
	at com.kms.katalon.core.main.TestCaseMain$startTestSuite$0.call(Unknown Source)
	at TempTestSuite1565005736886.run(TempTestSuite1565005736886.groovy:35)
Caused by: com.kms.katalon.core.exception.StepFailedException: Actual text '' and expected text 'Cancelled' of test object 'div_cancelled_order' are NOT matched.
	at com.kms.katalon.core.webui.keyword.internal.WebUIKeywordMain.stepFailed(WebUIKeywordMain.groovy:64)
	at com.kms.katalon.core.webui.keyword.builtin.VerifyElementTextKeyword$_verifyElementText_closure1.doCall(VerifyElementTextKeyword.groovy:57)
	at com.kms.katalon.core.webui.keyword.builtin.VerifyElementTextKeyword$_verifyElementText_closure1.call(VerifyElementTextKeyword.groovy)
	at com.kms.katalon.core.webui.keyword.internal.WebUIKeywordMain.runKeyword(WebUIKeywordMain.groovy:20)
	... 35 more


2019-08-05 17:22:18 - [TEST_STEP][PASSED] - println("scen = 1"): null

2019-08-05 17:22:18 - [TEST_STEP][PASSED] - click(findTestObject("Object Repository/ReplicatedSite/a_update_order")): Object: 'Object Repository/ReplicatedSite/a_update_order' is clicked on

2019-08-05 17:22:18 - [MESSAGE][PASSED] - Object: 'Object Repository/ReplicatedSite/a_update_order' is clicked on

2019-08-05 17:22:18 - [TEST_STEP][PASSED] - delay(5): Delayed 5 second(s)

2019-08-05 17:22:23 - [MESSAGE][PASSED] - Delayed 5 second(s)

2019-08-05 17:22:23 - [TEST_STEP][PASSED] - callTestCase(findTestCase("editOrder/rsUpdateOrder"), [:], STOP_ON_FAILURE): Call Test Case 'Test Cases/editOrder/rsUpdateOrder' successfully

2019-08-05 17:22:23 - [TEST_CASE][PASSED] - Test Cases/editOrder/rsUpdateOrder: Test Cases/editOrder/rsUpdateOrder

2019-08-05 17:22:23 - [TEST_STEP][PASSED] - driver = getWebDriver(): null

2019-08-05 17:22:23 - [TEST_STEP][PASSED] - executor = driver: null

2019-08-05 17:22:23 - [TEST_STEP][PASSED] - element = <not implemented yet for class: org.codehaus.groovy.ast.expr.EmptyExpression>: null

2019-08-05 17:22:23 - [TEST_STEP][PASSED] - actions = <not implemented yet for class: org.codehaus.groovy.ast.expr.EmptyExpression>: null

2019-08-05 17:22:23 - [TEST_STEP][PASSED] - click(findTestObject("Object Repository/ReplicatedSite/input_other_address")): Object: 'Object Repository/ReplicatedSite/input_other_address' is clicked on

2019-08-05 17:22:24 - [MESSAGE][PASSED] - Object: 'Object Repository/ReplicatedSite/input_other_address' is clicked on

2019-08-05 17:22:24 - [TEST_STEP][PASSED] - contactNumber = 4: null

2019-08-05 17:22:24 - [TEST_STEP][PASSED] - address1 = findTestData("contactData").getValue("address1", contactNumber): null

2019-08-05 17:22:24 - [TEST_STEP][PASSED] - city = findTestData("contactData").getValue("city", contactNumber): null

2019-08-05 17:22:24 - [TEST_STEP][PASSED] - state = findTestData("contactData").getValue("state", contactNumber): null

2019-08-05 17:22:24 - [TEST_STEP][PASSED] - zip = findTestData("contactData").getValue("zip", contactNumber): null

2019-08-05 17:22:24 - [TEST_STEP][PASSED] - setText(findTestObject("Object Repository/ReplicatedSite/input_address1_update"), address1): Text '3218 S MACDILL AVE' is set on object 'Object Repository/ReplicatedSite/input_address1_update'

2019-08-05 17:22:24 - [MESSAGE][PASSED] - Text '3218 S MACDILL AVE' is set on object 'Object Repository/ReplicatedSite/input_address1_update'

2019-08-05 17:22:24 - [TEST_STEP][PASSED] - setText(findTestObject("Object Repository/ReplicatedSite/input_city_update"), city): Text 'TAMPA' is set on object 'Object Repository/ReplicatedSite/input_city_update'

2019-08-05 17:22:24 - [MESSAGE][PASSED] - Text 'TAMPA' is set on object 'Object Repository/ReplicatedSite/input_city_update'

2019-08-05 17:22:24 - [TEST_STEP][PASSED] - xpath = UtilityMethods.concat("//select[@id='stateProvince']/option[@label='", state, "']"): null

2019-08-05 17:22:24 - [TEST_STEP][PASSED] - addressState = new com.kms.katalon.core.testobject.TestObject(select_state_dynamic): null

2019-08-05 17:22:24 - [TEST_STEP][PASSED] - addressState.addProperty("xpath", EQUALS, xpath): null

2019-08-05 17:22:24 - [TEST_STEP][PASSED] - click(addressState): Object: 'select_state_dynamic' is clicked on

2019-08-05 17:22:25 - [MESSAGE][PASSED] - Object: 'select_state_dynamic' is clicked on

2019-08-05 17:22:25 - [TEST_STEP][PASSED] - setText(findTestObject("Object Repository/ReplicatedSite/input_postal_code_update"), zip): Text '33629' is set on object 'Object Repository/ReplicatedSite/input_postal_code_update'

2019-08-05 17:22:25 - [MESSAGE][PASSED] - Text '33629' is set on object 'Object Repository/ReplicatedSite/input_postal_code_update'

2019-08-05 17:22:25 - [TEST_STEP][PASSED] - delay(4): Delayed 4 second(s)

2019-08-05 17:22:29 - [MESSAGE][PASSED] - Delayed 4 second(s)

2019-08-05 17:22:29 - [TEST_STEP][PASSED] - driver = getWebDriver(): null

2019-08-05 17:22:29 - [TEST_STEP][PASSED] - element = driver.findElement(By.xpath("//button[@type='submit']/span[contains(text(), 'Save')]")): null

2019-08-05 17:22:29 - [TEST_STEP][PASSED] - actions = new org.openqa.selenium.interactions.Actions(driver): null

2019-08-05 17:22:29 - [TEST_STEP][PASSED] - build().perform(): null

2019-08-05 17:22:29 - [TEST_STEP][PASSED] - waitForElementClickable(findTestObject("Object Repository/ReplicatedSite/button_save_and_continue"), 30): Object 'Object Repository/ReplicatedSite/button_save_and_continue' is clickable

2019-08-05 17:22:29 - [MESSAGE][PASSED] - Object 'Object Repository/ReplicatedSite/button_save_and_continue' is clickable

2019-08-05 17:22:29 - [TEST_STEP][PASSED] - element = driver.findElement(By.xpath("(//button[@class='btn pull-right'])[1]")): null

2019-08-05 17:22:29 - [TEST_STEP][PASSED] - executor = driver: null

2019-08-05 17:22:29 - [TEST_STEP][PASSED] - executor.executeScript("arguments[0].click();", element): null

2019-08-05 17:22:29 - [TEST_STEP][PASSED] - delay(3): Delayed 3 second(s)

2019-08-05 17:22:32 - [MESSAGE][PASSED] - Delayed 3 second(s)

2019-08-05 17:22:32 - [TEST_STEP][PASSED] - click(findTestObject("Object Repository/ReplicatedSite/input_make_donation")): Object: 'Object Repository/ReplicatedSite/input_make_donation' is clicked on

2019-08-05 17:22:32 - [MESSAGE][PASSED] - Object: 'Object Repository/ReplicatedSite/input_make_donation' is clicked on

2019-08-05 17:22:32 - [TEST_STEP][PASSED] - delay(2): Delayed 2 second(s)

2019-08-05 17:22:34 - [MESSAGE][PASSED] - Delayed 2 second(s)

2019-08-05 17:22:34 - [TEST_STEP][PASSED] - click(findTestObject("Object Repository/ReplicatedSite/input_make_donation")): Object: 'Object Repository/ReplicatedSite/input_make_donation' is clicked on

2019-08-05 17:22:34 - [MESSAGE][PASSED] - Object: 'Object Repository/ReplicatedSite/input_make_donation' is clicked on

2019-08-05 17:22:34 - [TEST_STEP][PASSED] - click(findTestObject("Object Repository/ReplicatedSite/input_pay_with_gc")): Object: 'Object Repository/ReplicatedSite/input_pay_with_gc' is clicked on

2019-08-05 17:22:34 - [MESSAGE][PASSED] - Object: 'Object Repository/ReplicatedSite/input_pay_with_gc' is clicked on

2019-08-05 17:22:34 - [TEST_STEP][PASSED] - delay(2): Delayed 2 second(s)

2019-08-05 17:22:36 - [MESSAGE][PASSED] - Delayed 2 second(s)

2019-08-05 17:22:36 - [TEST_STEP][PASSED] - click(findTestObject("Object Repository/ReplicatedSite/input_pay_with_gc")): Object: 'Object Repository/ReplicatedSite/input_pay_with_gc' is clicked on

2019-08-05 17:22:36 - [MESSAGE][PASSED] - Object: 'Object Repository/ReplicatedSite/input_pay_with_gc' is clicked on

2019-08-05 17:22:36 - [TEST_STEP][PASSED] - click(findTestObject("Object Repository/ReplicatedSite/input_pay_with_credit")): Object: 'Object Repository/ReplicatedSite/input_pay_with_credit' is clicked on

2019-08-05 17:22:36 - [MESSAGE][PASSED] - Object: 'Object Repository/ReplicatedSite/input_pay_with_credit' is clicked on

2019-08-05 17:22:36 - [TEST_STEP][PASSED] - delay(2): Delayed 2 second(s)

2019-08-05 17:22:38 - [MESSAGE][PASSED] - Delayed 2 second(s)

2019-08-05 17:22:38 - [TEST_STEP][PASSED] - click(findTestObject("Object Repository/ReplicatedSite/input_pay_with_credit")): Object: 'Object Repository/ReplicatedSite/input_pay_with_credit' is clicked on

2019-08-05 17:22:38 - [MESSAGE][PASSED] - Object: 'Object Repository/ReplicatedSite/input_pay_with_credit' is clicked on

2019-08-05 17:22:38 - [TEST_STEP][PASSED] - delay(2): Delayed 2 second(s)

2019-08-05 17:22:40 - [MESSAGE][PASSED] - Delayed 2 second(s)

2019-08-05 17:22:40 - [TEST_STEP][PASSED] - RSURL = findTestData("envtData").getValue("RSURL", 1): null

2019-08-05 17:22:40 - [TEST_STEP][PASSED] - cartURL = UtilityMethods.concat(RSURL, "/cart/"): null

2019-08-05 17:22:40 - [TEST_STEP][PASSED] - navigateToUrl(cartURL): Navigate to 'https://mirandakate.cabisandbox.com//cart/' successfully

2019-08-05 17:22:45 - [MESSAGE][PASSED] - Navigate to 'https://mirandakate.cabisandbox.com//cart/' successfully

2019-08-05 17:22:45 - [MESSAGE][PASSED] - Call Test Case 'Test Cases/editOrder/rsUpdateOrder' successfully

2019-08-05 17:22:45 - [TEST_STEP][PASSED] - delay(3): Delayed 3 second(s)

2019-08-05 17:22:48 - [MESSAGE][PASSED] - Delayed 3 second(s)

2019-08-05 17:22:48 - [TEST_STEP][PASSED] - click(findTestObject("Object Repository/ReplicatedSite/a_cancel_edit")): Object: 'Object Repository/ReplicatedSite/a_cancel_edit' is clicked on

2019-08-05 17:22:48 - [MESSAGE][PASSED] - Object: 'Object Repository/ReplicatedSite/a_cancel_edit' is clicked on

2019-08-05 17:22:48 - [TEST_STEP][PASSED] - cancelEditButton = findWebElements(findTestObject("Object Repository/ReplicatedSite/h2_sure_to_cancel_edit"), 1): null

2019-08-05 17:22:48 - [TEST_STEP][PASSED] - assert cancelEditButton.size() > 0: null

2019-08-05 17:22:48 - [TEST_STEP][PASSED] - click(findTestObject("ReplicatedSite/button_yes_cancel_edit")): Object: 'Object Repository/ReplicatedSite/button_yes_cancel_edit' is clicked on

2019-08-05 17:22:49 - [MESSAGE][PASSED] - Object: 'Object Repository/ReplicatedSite/button_yes_cancel_edit' is clicked on

2019-08-05 17:22:49 - [TEST_STEP][PASSED] - delay(5): Delayed 5 second(s)

2019-08-05 17:22:54 - [MESSAGE][PASSED] - Delayed 5 second(s)

2019-08-05 17:22:54 - [TEST_STEP][PASSED] - click(to): Object: 'a_link_dynamic' is clicked on

2019-08-05 17:22:55 - [MESSAGE][PASSED] - Object: 'a_link_dynamic' is clicked on

2019-08-05 17:22:55 - [TEST_STEP][PASSED] - delay(5): Delayed 5 second(s)

2019-08-05 17:23:00 - [MESSAGE][PASSED] - Delayed 5 second(s)

2019-08-05 17:23:00 - [TEST_STEP][PASSED] - click(findTestObject("Object Repository/ReplicatedSite/a_cancel_order")): Object: 'Object Repository/ReplicatedSite/a_cancel_order' is clicked on

2019-08-05 17:23:01 - [MESSAGE][PASSED] - Object: 'Object Repository/ReplicatedSite/a_cancel_order' is clicked on

2019-08-05 17:23:01 - [TEST_STEP][PASSED] - cancelOrderButton = findWebElements(findTestObject("Object Repository/ReplicatedSite/h2_sure_to_cancel_order"), 1): null

2019-08-05 17:23:01 - [TEST_STEP][PASSED] - assert cancelOrderButton.size() > 0: null

2019-08-05 17:23:01 - [TEST_STEP][PASSED] - click(findTestObject("Object Repository/ReplicatedSite/button_yes_cancel_order")): Object: 'Object Repository/ReplicatedSite/button_yes_cancel_order' is clicked on

2019-08-05 17:23:01 - [MESSAGE][PASSED] - Object: 'Object Repository/ReplicatedSite/button_yes_cancel_order' is clicked on

2019-08-05 17:23:01 - [TEST_STEP][PASSED] - delay(5): Delayed 5 second(s)

2019-08-05 17:23:06 - [MESSAGE][PASSED] - Delayed 5 second(s)

2019-08-05 17:23:06 - [TEST_STEP][PASSED] - div_cancelled_order = UtilityMethods.createTestObject("div_cancelled_order", "//span[contains(text(), '", orderID, "')]/parent::div/parent::div/div[@class='table-row-status']/span"): null

2019-08-05 17:23:06 - [TEST_STEP][PASSED] - println(getText(div_cancelled_order)): Text of object 'div_cancelled_order' is: ''

2019-08-05 17:23:07 - [MESSAGE][PASSED] - Text of object 'div_cancelled_order' is: ''

2019-08-05 17:23:07 - [TEST_STEP][FAILED] - verifyElementText(div_cancelled_order, "Cancelled"): if (editButton.size() > 0) FAILED.
Reason:
com.kms.katalon.core.exception.StepFailedException: Verify element text of test object 'div_cancelled_order' FAILED.
	at com.kms.katalon.core.webui.keyword.internal.WebUIKeywordMain.stepFailed(WebUIKeywordMain.groovy:64)
	at com.kms.katalon.core.webui.keyword.internal.WebUIKeywordMain.runKeyword(WebUIKeywordMain.groovy:26)
	at com.kms.katalon.core.webui.keyword.builtin.VerifyElementTextKeyword.verifyElementText(VerifyElementTextKeyword.groovy:72)
	at com.kms.katalon.core.webui.keyword.builtin.VerifyElementTextKeyword.execute(VerifyElementTextKeyword.groovy:40)
	at com.kms.katalon.core.keyword.internal.KeywordExecutor.executeKeywordForPlatform(KeywordExecutor.groovy:56)
	at com.kms.katalon.core.webui.keyword.WebUiBuiltInKeywords.verifyElementText(WebUiBuiltInKeywords.groovy:3663)
	at com.kms.katalon.core.webui.keyword.WebUiBuiltInKeywords$verifyElementText$8.call(Unknown Source)
	at rsOrderHistoryConfirm.run(rsOrderHistoryConfirm:78)
	at com.kms.katalon.core.main.ScriptEngine.run(ScriptEngine.java:194)
	at com.kms.katalon.core.main.ScriptEngine.runScriptAsRawText(ScriptEngine.java:119)
	at com.kms.katalon.core.main.TestCaseExecutor.runScript(TestCaseExecutor.java:342)
	at com.kms.katalon.core.main.TestCaseExecutor.doExecute(TestCaseExecutor.java:333)
	at com.kms.katalon.core.main.TestCaseExecutor.processExecutionPhase(TestCaseExecutor.java:312)
	at com.kms.katalon.core.main.TestCaseExecutor.accessMainPhase(TestCaseExecutor.java:304)
	at com.kms.katalon.core.main.TestCaseExecutor.execute(TestCaseExecutor.java:238)
	at com.kms.katalon.core.main.TestCaseMain.runTestCase(TestCaseMain.java:114)
	at com.kms.katalon.core.keyword.builtin.CallTestCaseKeyword$_callTestCase_closure1.doCall(CallTestCaseKeyword.groovy:59)
	at com.kms.katalon.core.keyword.builtin.CallTestCaseKeyword$_callTestCase_closure1.call(CallTestCaseKeyword.groovy)
	at com.kms.katalon.core.keyword.internal.KeywordMain.runKeyword(KeywordMain.groovy:66)
	at com.kms.katalon.core.keyword.builtin.CallTestCaseKeyword.callTestCase(CallTestCaseKeyword.groovy:81)
	at com.kms.katalon.core.keyword.builtin.CallTestCaseKeyword.execute(CallTestCaseKeyword.groovy:44)
	at com.kms.katalon.core.keyword.internal.KeywordExecutor.executeKeywordForPlatform(KeywordExecutor.groovy:56)
	at com.kms.katalon.core.keyword.BuiltinKeywords.callTestCase(BuiltinKeywords.groovy:334)
	at rsEditOrderSimple.run(rsEditOrderSimple:24)
	at com.kms.katalon.core.main.ScriptEngine.run(ScriptEngine.java:194)
	at com.kms.katalon.core.main.ScriptEngine.runScriptAsRawText(ScriptEngine.java:119)
	at com.kms.katalon.core.main.TestCaseExecutor.runScript(TestCaseExecutor.java:342)
	at com.kms.katalon.core.main.TestCaseExecutor.doExecute(TestCaseExecutor.java:333)
	at com.kms.katalon.core.main.TestCaseExecutor.processExecutionPhase(TestCaseExecutor.java:312)
	at com.kms.katalon.core.main.TestCaseExecutor.accessMainPhase(TestCaseExecutor.java:304)
	at com.kms.katalon.core.main.TestCaseExecutor.execute(TestCaseExecutor.java:238)
	at com.kms.katalon.core.main.TestSuiteExecutor.accessTestCaseMainPhase(TestSuiteExecutor.java:129)
	at com.kms.katalon.core.main.TestSuiteExecutor.accessTestSuiteMainPhase(TestSuiteExecutor.java:112)
	at com.kms.katalon.core.main.TestSuiteExecutor.execute(TestSuiteExecutor.java:81)
	at com.kms.katalon.core.main.TestCaseMain.startTestSuite(TestCaseMain.java:157)
	at com.kms.katalon.core.main.TestCaseMain$startTestSuite$0.call(Unknown Source)
	at TempTestSuite1565005736886.run(TempTestSuite1565005736886.groovy:35)
Caused by: com.kms.katalon.core.exception.StepFailedException: Actual text '' and expected text 'Cancelled' of test object 'div_cancelled_order' are NOT matched.
	at com.kms.katalon.core.webui.keyword.internal.WebUIKeywordMain.stepFailed(WebUIKeywordMain.groovy:64)
	at com.kms.katalon.core.webui.keyword.builtin.VerifyElementTextKeyword$_verifyElementText_closure1.doCall(VerifyElementTextKeyword.groovy:57)
	at com.kms.katalon.core.webui.keyword.builtin.VerifyElementTextKeyword$_verifyElementText_closure1.call(VerifyElementTextKeyword.groovy)
	at com.kms.katalon.core.webui.keyword.internal.WebUIKeywordMain.runKeyword(WebUIKeywordMain.groovy:20)
	... 35 more


2019-08-05 17:23:07 - [MESSAGE][FAILED] - Actual text '' and expected text 'Cancelled' of test object 'div_cancelled_order' are NOT matched. (Root cause: com.kms.katalon.core.exception.StepFailedException: Actual text '' and expected text 'Cancelled' of test object 'div_cancelled_order' are NOT matched.
	at com.kms.katalon.core.webui.keyword.internal.WebUIKeywordMain.stepFailed(WebUIKeywordMain.groovy:64)
	at com.kms.katalon.core.webui.keyword.builtin.VerifyElementTextKeyword$_verifyElementText_closure1.doCall(VerifyElementTextKeyword.groovy:57)
	at com.kms.katalon.core.webui.keyword.builtin.VerifyElementTextKeyword$_verifyElementText_closure1.call(VerifyElementTextKeyword.groovy)
	at com.kms.katalon.core.webui.keyword.internal.WebUIKeywordMain.runKeyword(WebUIKeywordMain.groovy:20)
	at com.kms.katalon.core.webui.keyword.builtin.VerifyElementTextKeyword.verifyElementText(VerifyElementTextKeyword.groovy:72)
	at com.kms.katalon.core.webui.keyword.builtin.VerifyElementTextKeyword.execute(VerifyElementTextKeyword.groovy:40)
	at com.kms.katalon.core.keyword.internal.KeywordExecutor.executeKeywordForPlatform(KeywordExecutor.groovy:56)
	at com.kms.katalon.core.webui.keyword.WebUiBuiltInKeywords.verifyElementText(WebUiBuiltInKeywords.groovy:3663)
	at com.kms.katalon.core.webui.keyword.WebUiBuiltInKeywords$verifyElementText$8.call(Unknown Source)
	at rsOrderHistoryConfirm.run(rsOrderHistoryConfirm:78)
	at com.kms.katalon.core.main.ScriptEngine.run(ScriptEngine.java:194)
	at com.kms.katalon.core.main.ScriptEngine.runScriptAsRawText(ScriptEngine.java:119)
	at com.kms.katalon.core.main.TestCaseExecutor.runScript(TestCaseExecutor.java:342)
	at com.kms.katalon.core.main.TestCaseExecutor.doExecute(TestCaseExecutor.java:333)
	at com.kms.katalon.core.main.TestCaseExecutor.processExecutionPhase(TestCaseExecutor.java:312)
	at com.kms.katalon.core.main.TestCaseExecutor.accessMainPhase(TestCaseExecutor.java:304)
	at com.kms.katalon.core.main.TestCaseExecutor.execute(TestCaseExecutor.java:238)
	at com.kms.katalon.core.main.TestCaseMain.runTestCase(TestCaseMain.java:114)
	at com.kms.katalon.core.keyword.builtin.CallTestCaseKeyword$_callTestCase_closure1.doCall(CallTestCaseKeyword.groovy:59)
	at com.kms.katalon.core.keyword.builtin.CallTestCaseKeyword$_callTestCase_closure1.call(CallTestCaseKeyword.groovy)
	at com.kms.katalon.core.keyword.internal.KeywordMain.runKeyword(KeywordMain.groovy:66)
	at com.kms.katalon.core.keyword.builtin.CallTestCaseKeyword.callTestCase(CallTestCaseKeyword.groovy:81)
	at com.kms.katalon.core.keyword.builtin.CallTestCaseKeyword.execute(CallTestCaseKeyword.groovy:44)
	at com.kms.katalon.core.keyword.internal.KeywordExecutor.executeKeywordForPlatform(KeywordExecutor.groovy:56)
	at com.kms.katalon.core.keyword.BuiltinKeywords.callTestCase(BuiltinKeywords.groovy:334)
	at rsEditOrderSimple.run(rsEditOrderSimple:24)
	at com.kms.katalon.core.main.ScriptEngine.run(ScriptEngine.java:194)
	at com.kms.katalon.core.main.ScriptEngine.runScriptAsRawText(ScriptEngine.java:119)
	at com.kms.katalon.core.main.TestCaseExecutor.runScript(TestCaseExecutor.java:342)
	at com.kms.katalon.core.main.TestCaseExecutor.doExecute(TestCaseExecutor.java:333)
	at com.kms.katalon.core.main.TestCaseExecutor.processExecutionPhase(TestCaseExecutor.java:312)
	at com.kms.katalon.core.main.TestCaseExecutor.accessMainPhase(TestCaseExecutor.java:304)
	at com.kms.katalon.core.main.TestCaseExecutor.execute(TestCaseExecutor.java:238)
	at com.kms.katalon.core.main.TestSuiteExecutor.accessTestCaseMainPhase(TestSuiteExecutor.java:129)
	at com.kms.katalon.core.main.TestSuiteExecutor.accessTestSuiteMainPhase(TestSuiteExecutor.java:112)
	at com.kms.katalon.core.main.TestSuiteExecutor.execute(TestSuiteExecutor.java:81)
	at com.kms.katalon.core.main.TestCaseMain.startTestSuite(TestCaseMain.java:157)
	at com.kms.katalon.core.main.TestCaseMain$startTestSuite$0.call(Unknown Source)
	at TempTestSuite1565005736886.run(TempTestSuite1565005736886.groovy:35)
)
[[ATTACHMENT|F:\\Office\\katalon\\KatalonProjects\\Reports\\EditOrderSuites\\EditOrderTestSuit\\20190805_171847\\1565005987486.png]]

2019-08-05 17:23:08 - [MESSAGE][FAILED] - Verify element text of test object 'div_cancelled_order' FAILED. (Root cause: com.kms.katalon.core.exception.StepFailedException: Verify element text of test object 'div_cancelled_order' FAILED.
	at com.kms.katalon.core.webui.keyword.internal.WebUIKeywordMain.stepFailed(WebUIKeywordMain.groovy:64)
	at com.kms.katalon.core.webui.keyword.internal.WebUIKeywordMain.runKeyword(WebUIKeywordMain.groovy:26)
	at com.kms.katalon.core.webui.keyword.builtin.VerifyElementTextKeyword.verifyElementText(VerifyElementTextKeyword.groovy:72)
	at com.kms.katalon.core.webui.keyword.builtin.VerifyElementTextKeyword.execute(VerifyElementTextKeyword.groovy:40)
	at com.kms.katalon.core.keyword.internal.KeywordExecutor.executeKeywordForPlatform(KeywordExecutor.groovy:56)
	at com.kms.katalon.core.webui.keyword.WebUiBuiltInKeywords.verifyElementText(WebUiBuiltInKeywords.groovy:3663)
	at com.kms.katalon.core.webui.keyword.WebUiBuiltInKeywords$verifyElementText$8.call(Unknown Source)
	at rsOrderHistoryConfirm.run(rsOrderHistoryConfirm:78)
	at com.kms.katalon.core.main.ScriptEngine.run(ScriptEngine.java:194)
	at com.kms.katalon.core.main.ScriptEngine.runScriptAsRawText(ScriptEngine.java:119)
	at com.kms.katalon.core.main.TestCaseExecutor.runScript(TestCaseExecutor.java:342)
	at com.kms.katalon.core.main.TestCaseExecutor.doExecute(TestCaseExecutor.java:333)
	at com.kms.katalon.core.main.TestCaseExecutor.processExecutionPhase(TestCaseExecutor.java:312)
	at com.kms.katalon.core.main.TestCaseExecutor.accessMainPhase(TestCaseExecutor.java:304)
	at com.kms.katalon.core.main.TestCaseExecutor.execute(TestCaseExecutor.java:238)
	at com.kms.katalon.core.main.TestCaseMain.runTestCase(TestCaseMain.java:114)
	at com.kms.katalon.core.keyword.builtin.CallTestCaseKeyword$_callTestCase_closure1.doCall(CallTestCaseKeyword.groovy:59)
	at com.kms.katalon.core.keyword.builtin.CallTestCaseKeyword$_callTestCase_closure1.call(CallTestCaseKeyword.groovy)
	at com.kms.katalon.core.keyword.internal.KeywordMain.runKeyword(KeywordMain.groovy:66)
	at com.kms.katalon.core.keyword.builtin.CallTestCaseKeyword.callTestCase(CallTestCaseKeyword.groovy:81)
	at com.kms.katalon.core.keyword.builtin.CallTestCaseKeyword.execute(CallTestCaseKeyword.groovy:44)
	at com.kms.katalon.core.keyword.internal.KeywordExecutor.executeKeywordForPlatform(KeywordExecutor.groovy:56)
	at com.kms.katalon.core.keyword.BuiltinKeywords.callTestCase(BuiltinKeywords.groovy:334)
	at rsEditOrderSimple.run(rsEditOrderSimple:24)
	at com.kms.katalon.core.main.ScriptEngine.run(ScriptEngine.java:194)
	at com.kms.katalon.core.main.ScriptEngine.runScriptAsRawText(ScriptEngine.java:119)
	at com.kms.katalon.core.main.TestCaseExecutor.runScript(TestCaseExecutor.java:342)
	at com.kms.katalon.core.main.TestCaseExecutor.doExecute(TestCaseExecutor.java:333)
	at com.kms.katalon.core.main.TestCaseExecutor.processExecutionPhase(TestCaseExecutor.java:312)
	at com.kms.katalon.core.main.TestCaseExecutor.accessMainPhase(TestCaseExecutor.java:304)
	at com.kms.katalon.core.main.TestCaseExecutor.execute(TestCaseExecutor.java:238)
	at com.kms.katalon.core.main.TestSuiteExecutor.accessTestCaseMainPhase(TestSuiteExecutor.java:129)
	at com.kms.katalon.core.main.TestSuiteExecutor.accessTestSuiteMainPhase(TestSuiteExecutor.java:112)
	at com.kms.katalon.core.main.TestSuiteExecutor.execute(TestSuiteExecutor.java:81)
	at com.kms.katalon.core.main.TestCaseMain.startTestSuite(TestCaseMain.java:157)
	at com.kms.katalon.core.main.TestCaseMain$startTestSuite$0.call(Unknown Source)
	at TempTestSuite1565005736886.run(TempTestSuite1565005736886.groovy:35)
Caused by: com.kms.katalon.core.exception.StepFailedException: Actual text '' and expected text 'Cancelled' of test object 'div_cancelled_order' are NOT matched.
	at com.kms.katalon.core.webui.keyword.internal.WebUIKeywordMain.stepFailed(WebUIKeywordMain.groovy:64)
	at com.kms.katalon.core.webui.keyword.builtin.VerifyElementTextKeyword$_verifyElementText_closure1.doCall(VerifyElementTextKeyword.groovy:57)
	at com.kms.katalon.core.webui.keyword.builtin.VerifyElementTextKeyword$_verifyElementText_closure1.call(VerifyElementTextKeyword.groovy)
	at com.kms.katalon.core.webui.keyword.internal.WebUIKeywordMain.runKeyword(WebUIKeywordMain.groovy:20)
	... 35 more
)
[[ATTACHMENT|F:\\Office\\katalon\\KatalonProjects\\Reports\\EditOrderSuites\\EditOrderTestSuit\\20190805_171847\\1565005987875.png]]

2019-08-05 17:23:08 - [MESSAGE][FAILED] - if (editButton.size() > 0) FAILED.
Reason:
com.kms.katalon.core.exception.StepFailedException: Verify element text of test object 'div_cancelled_order' FAILED.
	at com.kms.katalon.core.webui.keyword.internal.WebUIKeywordMain.stepFailed(WebUIKeywordMain.groovy:64)
	at com.kms.katalon.core.webui.keyword.internal.WebUIKeywordMain.runKeyword(WebUIKeywordMain.groovy:26)
	at com.kms.katalon.core.webui.keyword.builtin.VerifyElementTextKeyword.verifyElementText(VerifyElementTextKeyword.groovy:72)
	at com.kms.katalon.core.webui.keyword.builtin.VerifyElementTextKeyword.execute(VerifyElementTextKeyword.groovy:40)
	at com.kms.katalon.core.keyword.internal.KeywordExecutor.executeKeywordForPlatform(KeywordExecutor.groovy:56)
	at com.kms.katalon.core.webui.keyword.WebUiBuiltInKeywords.verifyElementText(WebUiBuiltInKeywords.groovy:3663)
	at com.kms.katalon.core.webui.keyword.WebUiBuiltInKeywords$verifyElementText$8.call(Unknown Source)
	at rsOrderHistoryConfirm.run(rsOrderHistoryConfirm:78)
	at com.kms.katalon.core.main.ScriptEngine.run(ScriptEngine.java:194)
	at com.kms.katalon.core.main.ScriptEngine.runScriptAsRawText(ScriptEngine.java:119)
	at com.kms.katalon.core.main.TestCaseExecutor.runScript(TestCaseExecutor.java:342)
	at com.kms.katalon.core.main.TestCaseExecutor.doExecute(TestCaseExecutor.java:333)
	at com.kms.katalon.core.main.TestCaseExecutor.processExecutionPhase(TestCaseExecutor.java:312)
	at com.kms.katalon.core.main.TestCaseExecutor.accessMainPhase(TestCaseExecutor.java:304)
	at com.kms.katalon.core.main.TestCaseExecutor.execute(TestCaseExecutor.java:238)
	at com.kms.katalon.core.main.TestCaseMain.runTestCase(TestCaseMain.java:114)
	at com.kms.katalon.core.keyword.builtin.CallTestCaseKeyword$_callTestCase_closure1.doCall(CallTestCaseKeyword.groovy:59)
	at com.kms.katalon.core.keyword.builtin.CallTestCaseKeyword$_callTestCase_closure1.call(CallTestCaseKeyword.groovy)
	at com.kms.katalon.core.keyword.internal.KeywordMain.runKeyword(KeywordMain.groovy:66)
	at com.kms.katalon.core.keyword.builtin.CallTestCaseKeyword.callTestCase(CallTestCaseKeyword.groovy:81)
	at com.kms.katalon.core.keyword.builtin.CallTestCaseKeyword.execute(CallTestCaseKeyword.groovy:44)
	at com.kms.katalon.core.keyword.internal.KeywordExecutor.executeKeywordForPlatform(KeywordExecutor.groovy:56)
	at com.kms.katalon.core.keyword.BuiltinKeywords.callTestCase(BuiltinKeywords.groovy:334)
	at rsEditOrderSimple.run(rsEditOrderSimple:24)
	at com.kms.katalon.core.main.ScriptEngine.run(ScriptEngine.java:194)
	at com.kms.katalon.core.main.ScriptEngine.runScriptAsRawText(ScriptEngine.java:119)
	at com.kms.katalon.core.main.TestCaseExecutor.runScript(TestCaseExecutor.java:342)
	at com.kms.katalon.core.main.TestCaseExecutor.doExecute(TestCaseExecutor.java:333)
	at com.kms.katalon.core.main.TestCaseExecutor.processExecutionPhase(TestCaseExecutor.java:312)
	at com.kms.katalon.core.main.TestCaseExecutor.accessMainPhase(TestCaseExecutor.java:304)
	at com.kms.katalon.core.main.TestCaseExecutor.execute(TestCaseExecutor.java:238)
	at com.kms.katalon.core.main.TestSuiteExecutor.accessTestCaseMainPhase(TestSuiteExecutor.java:129)
	at com.kms.katalon.core.main.TestSuiteExecutor.accessTestSuiteMainPhase(TestSuiteExecutor.java:112)
	at com.kms.katalon.core.main.TestSuiteExecutor.execute(TestSuiteExecutor.java:81)
	at com.kms.katalon.core.main.TestCaseMain.startTestSuite(TestCaseMain.java:157)
	at com.kms.katalon.core.main.TestCaseMain$startTestSuite$0.call(Unknown Source)
	at TempTestSuite1565005736886.run(TempTestSuite1565005736886.groovy:35)
Caused by: com.kms.katalon.core.exception.StepFailedException: Actual text '' and expected text 'Cancelled' of test object 'div_cancelled_order' are NOT matched.
	at com.kms.katalon.core.webui.keyword.internal.WebUIKeywordMain.stepFailed(WebUIKeywordMain.groovy:64)
	at com.kms.katalon.core.webui.keyword.builtin.VerifyElementTextKeyword$_verifyElementText_closure1.doCall(VerifyElementTextKeyword.groovy:57)
	at com.kms.katalon.core.webui.keyword.builtin.VerifyElementTextKeyword$_verifyElementText_closure1.call(VerifyElementTextKeyword.groovy)
	at com.kms.katalon.core.webui.keyword.internal.WebUIKeywordMain.runKeyword(WebUIKeywordMain.groovy:20)
	... 35 more


2019-08-05 17:23:08 - [MESSAGE][FAILED] - Unable to call Test Case 'Test Cases/editOrder/rsOrderHistoryConfirm' (Root cause: com.kms.katalon.core.exception.StepFailedException: Call Test Case 'Test Cases/editOrder/rsOrderHistoryConfirm' failed
	at com.kms.katalon.core.keyword.builtin.CallTestCaseKeyword$_callTestCase_closure1.doCall(CallTestCaseKeyword.groovy:63)
	at com.kms.katalon.core.keyword.builtin.CallTestCaseKeyword$_callTestCase_closure1.call(CallTestCaseKeyword.groovy)
	at com.kms.katalon.core.keyword.internal.KeywordMain.runKeyword(KeywordMain.groovy:66)
	at com.kms.katalon.core.keyword.builtin.CallTestCaseKeyword.callTestCase(CallTestCaseKeyword.groovy:81)
	at com.kms.katalon.core.keyword.builtin.CallTestCaseKeyword.execute(CallTestCaseKeyword.groovy:44)
	at com.kms.katalon.core.keyword.internal.KeywordExecutor.executeKeywordForPlatform(KeywordExecutor.groovy:56)
	at com.kms.katalon.core.keyword.BuiltinKeywords.callTestCase(BuiltinKeywords.groovy:334)
	at rsEditOrderSimple.run(rsEditOrderSimple:24)
	at com.kms.katalon.core.main.ScriptEngine.run(ScriptEngine.java:194)
	at com.kms.katalon.core.main.ScriptEngine.runScriptAsRawText(ScriptEngine.java:119)
	at com.kms.katalon.core.main.TestCaseExecutor.runScript(TestCaseExecutor.java:342)
	at com.kms.katalon.core.main.TestCaseExecutor.doExecute(TestCaseExecutor.java:333)
	at com.kms.katalon.core.main.TestCaseExecutor.processExecutionPhase(TestCaseExecutor.java:312)
	at com.kms.katalon.core.main.TestCaseExecutor.accessMainPhase(TestCaseExecutor.java:304)
	at com.kms.katalon.core.main.TestCaseExecutor.execute(TestCaseExecutor.java:238)
	at com.kms.katalon.core.main.TestSuiteExecutor.accessTestCaseMainPhase(TestSuiteExecutor.java:129)
	at com.kms.katalon.core.main.TestSuiteExecutor.accessTestSuiteMainPhase(TestSuiteExecutor.java:112)
	at com.kms.katalon.core.main.TestSuiteExecutor.execute(TestSuiteExecutor.java:81)
	at com.kms.katalon.core.main.TestCaseMain.startTestSuite(TestCaseMain.java:157)
	at com.kms.katalon.core.main.TestCaseMain$startTestSuite$0.call(Unknown Source)
	at TempTestSuite1565005736886.run(TempTestSuite1565005736886.groovy:35)
Caused by: com.kms.katalon.core.exception.StepFailedException: Verify element text of test object 'div_cancelled_order' FAILED.
	at com.kms.katalon.core.webui.keyword.internal.WebUIKeywordMain.stepFailed(WebUIKeywordMain.groovy:64)
	at com.kms.katalon.core.webui.keyword.internal.WebUIKeywordMain.runKeyword(WebUIKeywordMain.groovy:26)
	at com.kms.katalon.core.webui.keyword.builtin.VerifyElementTextKeyword.verifyElementText(VerifyElementTextKeyword.groovy:72)
	at com.kms.katalon.core.webui.keyword.builtin.VerifyElementTextKeyword.execute(VerifyElementTextKeyword.groovy:40)
	at com.kms.katalon.core.keyword.internal.KeywordExecutor.executeKeywordForPlatform(KeywordExecutor.groovy:56)
	at com.kms.katalon.core.webui.keyword.WebUiBuiltInKeywords.verifyElementText(WebUiBuiltInKeywords.groovy:3663)
	at com.kms.katalon.core.webui.keyword.WebUiBuiltInKeywords$verifyElementText$8.call(Unknown Source)
	at rsOrderHistoryConfirm.run(rsOrderHistoryConfirm:78)
	at com.kms.katalon.core.main.ScriptEngine.run(ScriptEngine.java:194)
	at com.kms.katalon.core.main.ScriptEngine.runScriptAsRawText(ScriptEngine.java:119)
	at com.kms.katalon.core.main.TestCaseExecutor.runScript(TestCaseExecutor.java:342)
	at com.kms.katalon.core.main.TestCaseExecutor.doExecute(TestCaseExecutor.java:333)
	at com.kms.katalon.core.main.TestCaseExecutor.processExecutionPhase(TestCaseExecutor.java:312)
	at com.kms.katalon.core.main.TestCaseExecutor.accessMainPhase(TestCaseExecutor.java:304)
	at com.kms.katalon.core.main.TestCaseExecutor.execute(TestCaseExecutor.java:238)
	at com.kms.katalon.core.main.TestCaseMain.runTestCase(TestCaseMain.java:114)
	at com.kms.katalon.core.keyword.builtin.CallTestCaseKeyword$_callTestCase_closure1.doCall(CallTestCaseKeyword.groovy:59)
	... 20 more
Caused by: com.kms.katalon.core.exception.StepFailedException: Actual text '' and expected text 'Cancelled' of test object 'div_cancelled_order' are NOT matched.
	at com.kms.katalon.core.webui.keyword.internal.WebUIKeywordMain.stepFailed(WebUIKeywordMain.groovy:64)
	at com.kms.katalon.core.webui.keyword.builtin.VerifyElementTextKeyword$_verifyElementText_closure1.doCall(VerifyElementTextKeyword.groovy:57)
	at com.kms.katalon.core.webui.keyword.builtin.VerifyElementTextKeyword$_verifyElementText_closure1.call(VerifyElementTextKeyword.groovy)
	at com.kms.katalon.core.webui.keyword.internal.WebUIKeywordMain.runKeyword(WebUIKeywordMain.groovy:20)
	... 35 more
)

2019-08-05 17:23:08 - [MESSAGE][FAILED] - callTestCase(findTestCase("editOrder/rsOrderHistoryConfirm"), ["orderID":"", "editScenarioNumber":1], STOP_ON_FAILURE) FAILED.
Reason:
com.kms.katalon.core.exception.StepFailedException: Call Test Case 'Test Cases/editOrder/rsOrderHistoryConfirm' failed
	at com.kms.katalon.core.keyword.builtin.CallTestCaseKeyword$_callTestCase_closure1.doCall(CallTestCaseKeyword.groovy:63)
	at com.kms.katalon.core.keyword.builtin.CallTestCaseKeyword$_callTestCase_closure1.call(CallTestCaseKeyword.groovy)
	at com.kms.katalon.core.keyword.internal.KeywordMain.runKeyword(KeywordMain.groovy:66)
	at com.kms.katalon.core.keyword.builtin.CallTestCaseKeyword.callTestCase(CallTestCaseKeyword.groovy:81)
	at com.kms.katalon.core.keyword.builtin.CallTestCaseKeyword.execute(CallTestCaseKeyword.groovy:44)
	at com.kms.katalon.core.keyword.internal.KeywordExecutor.executeKeywordForPlatform(KeywordExecutor.groovy:56)
	at com.kms.katalon.core.keyword.BuiltinKeywords.callTestCase(BuiltinKeywords.groovy:334)
	at rsEditOrderSimple.run(rsEditOrderSimple:24)
	at com.kms.katalon.core.main.ScriptEngine.run(ScriptEngine.java:194)
	at com.kms.katalon.core.main.ScriptEngine.runScriptAsRawText(ScriptEngine.java:119)
	at com.kms.katalon.core.main.TestCaseExecutor.runScript(TestCaseExecutor.java:342)
	at com.kms.katalon.core.main.TestCaseExecutor.doExecute(TestCaseExecutor.java:333)
	at com.kms.katalon.core.main.TestCaseExecutor.processExecutionPhase(TestCaseExecutor.java:312)
	at com.kms.katalon.core.main.TestCaseExecutor.accessMainPhase(TestCaseExecutor.java:304)
	at com.kms.katalon.core.main.TestCaseExecutor.execute(TestCaseExecutor.java:238)
	at com.kms.katalon.core.main.TestSuiteExecutor.accessTestCaseMainPhase(TestSuiteExecutor.java:129)
	at com.kms.katalon.core.main.TestSuiteExecutor.accessTestSuiteMainPhase(TestSuiteExecutor.java:112)
	at com.kms.katalon.core.main.TestSuiteExecutor.execute(TestSuiteExecutor.java:81)
	at com.kms.katalon.core.main.TestCaseMain.startTestSuite(TestCaseMain.java:157)
	at com.kms.katalon.core.main.TestCaseMain$startTestSuite$0.call(Unknown Source)
	at TempTestSuite1565005736886.run(TempTestSuite1565005736886.groovy:35)
Caused by: com.kms.katalon.core.exception.StepFailedException: Verify element text of test object 'div_cancelled_order' FAILED.
	at com.kms.katalon.core.webui.keyword.internal.WebUIKeywordMain.stepFailed(WebUIKeywordMain.groovy:64)
	at com.kms.katalon.core.webui.keyword.internal.WebUIKeywordMain.runKeyword(WebUIKeywordMain.groovy:26)
	at com.kms.katalon.core.webui.keyword.builtin.VerifyElementTextKeyword.verifyElementText(VerifyElementTextKeyword.groovy:72)
	at com.kms.katalon.core.webui.keyword.builtin.VerifyElementTextKeyword.execute(VerifyElementTextKeyword.groovy:40)
	at com.kms.katalon.core.keyword.internal.KeywordExecutor.executeKeywordForPlatform(KeywordExecutor.groovy:56)
	at com.kms.katalon.core.webui.keyword.WebUiBuiltInKeywords.verifyElementText(WebUiBuiltInKeywords.groovy:3663)
	at com.kms.katalon.core.webui.keyword.WebUiBuiltInKeywords$verifyElementText$8.call(Unknown Source)
	at rsOrderHistoryConfirm.run(rsOrderHistoryConfirm:78)
	at com.kms.katalon.core.main.ScriptEngine.run(ScriptEngine.java:194)
	at com.kms.katalon.core.main.ScriptEngine.runScriptAsRawText(ScriptEngine.java:119)
	at com.kms.katalon.core.main.TestCaseExecutor.runScript(TestCaseExecutor.java:342)
	at com.kms.katalon.core.main.TestCaseExecutor.doExecute(TestCaseExecutor.java:333)
	at com.kms.katalon.core.main.TestCaseExecutor.processExecutionPhase(TestCaseExecutor.java:312)
	at com.kms.katalon.core.main.TestCaseExecutor.accessMainPhase(TestCaseExecutor.java:304)
	at com.kms.katalon.core.main.TestCaseExecutor.execute(TestCaseExecutor.java:238)
	at com.kms.katalon.core.main.TestCaseMain.runTestCase(TestCaseMain.java:114)
	at com.kms.katalon.core.keyword.builtin.CallTestCaseKeyword$_callTestCase_closure1.doCall(CallTestCaseKeyword.groovy:59)
	... 20 more
Caused by: com.kms.katalon.core.exception.StepFailedException: Actual text '' and expected text 'Cancelled' of test object 'div_cancelled_order' are NOT matched.
	at com.kms.katalon.core.webui.keyword.internal.WebUIKeywordMain.stepFailed(WebUIKeywordMain.groovy:64)
	at com.kms.katalon.core.webui.keyword.builtin.VerifyElementTextKeyword$_verifyElementText_closure1.doCall(VerifyElementTextKeyword.groovy:57)
	at com.kms.katalon.core.webui.keyword.builtin.VerifyElementTextKeyword$_verifyElementText_closure1.call(VerifyElementTextKeyword.groovy)
	at com.kms.katalon.core.webui.keyword.internal.WebUIKeywordMain.runKeyword(WebUIKeywordMain.groovy:20)
	... 35 more]]></system-out>
         <system-err><![CDATA[2019-08-05 17:18:58 - [TEST_CASE][FAILED] - Test Cases/editOrder/rsEditOrderSimple: Test Cases/editOrder/rsEditOrderSimple FAILED.
Reason:
com.kms.katalon.core.exception.StepFailedException: Call Test Case 'Test Cases/editOrder/rsOrderHistoryConfirm' failed
	at com.kms.katalon.core.keyword.builtin.CallTestCaseKeyword$_callTestCase_closure1.doCall(CallTestCaseKeyword.groovy:63)
	at com.kms.katalon.core.keyword.builtin.CallTestCaseKeyword$_callTestCase_closure1.call(CallTestCaseKeyword.groovy)
	at com.kms.katalon.core.keyword.internal.KeywordMain.runKeyword(KeywordMain.groovy:66)
	at com.kms.katalon.core.keyword.builtin.CallTestCaseKeyword.callTestCase(CallTestCaseKeyword.groovy:81)
	at com.kms.katalon.core.keyword.builtin.CallTestCaseKeyword.execute(CallTestCaseKeyword.groovy:44)
	at com.kms.katalon.core.keyword.internal.KeywordExecutor.executeKeywordForPlatform(KeywordExecutor.groovy:56)
	at com.kms.katalon.core.keyword.BuiltinKeywords.callTestCase(BuiltinKeywords.groovy:334)
	at rsEditOrderSimple.run(rsEditOrderSimple:24)
	at com.kms.katalon.core.main.ScriptEngine.run(ScriptEngine.java:194)
	at com.kms.katalon.core.main.ScriptEngine.runScriptAsRawText(ScriptEngine.java:119)
	at com.kms.katalon.core.main.TestCaseExecutor.runScript(TestCaseExecutor.java:342)
	at com.kms.katalon.core.main.TestCaseExecutor.doExecute(TestCaseExecutor.java:333)
	at com.kms.katalon.core.main.TestCaseExecutor.processExecutionPhase(TestCaseExecutor.java:312)
	at com.kms.katalon.core.main.TestCaseExecutor.accessMainPhase(TestCaseExecutor.java:304)
	at com.kms.katalon.core.main.TestCaseExecutor.execute(TestCaseExecutor.java:238)
	at com.kms.katalon.core.main.TestSuiteExecutor.accessTestCaseMainPhase(TestSuiteExecutor.java:129)
	at com.kms.katalon.core.main.TestSuiteExecutor.accessTestSuiteMainPhase(TestSuiteExecutor.java:112)
	at com.kms.katalon.core.main.TestSuiteExecutor.execute(TestSuiteExecutor.java:81)
	at com.kms.katalon.core.main.TestCaseMain.startTestSuite(TestCaseMain.java:157)
	at com.kms.katalon.core.main.TestCaseMain$startTestSuite$0.call(Unknown Source)
	at TempTestSuite1565005736886.run(TempTestSuite1565005736886.groovy:35)
Caused by: com.kms.katalon.core.exception.StepFailedException: Verify element text of test object 'div_cancelled_order' FAILED.
	at com.kms.katalon.core.webui.keyword.internal.WebUIKeywordMain.stepFailed(WebUIKeywordMain.groovy:64)
	at com.kms.katalon.core.webui.keyword.internal.WebUIKeywordMain.runKeyword(WebUIKeywordMain.groovy:26)
	at com.kms.katalon.core.webui.keyword.builtin.VerifyElementTextKeyword.verifyElementText(VerifyElementTextKeyword.groovy:72)
	at com.kms.katalon.core.webui.keyword.builtin.VerifyElementTextKeyword.execute(VerifyElementTextKeyword.groovy:40)
	at com.kms.katalon.core.keyword.internal.KeywordExecutor.executeKeywordForPlatform(KeywordExecutor.groovy:56)
	at com.kms.katalon.core.webui.keyword.WebUiBuiltInKeywords.verifyElementText(WebUiBuiltInKeywords.groovy:3663)
	at com.kms.katalon.core.webui.keyword.WebUiBuiltInKeywords$verifyElementText$8.call(Unknown Source)
	at rsOrderHistoryConfirm.run(rsOrderHistoryConfirm:78)
	at com.kms.katalon.core.main.ScriptEngine.run(ScriptEngine.java:194)
	at com.kms.katalon.core.main.ScriptEngine.runScriptAsRawText(ScriptEngine.java:119)
	at com.kms.katalon.core.main.TestCaseExecutor.runScript(TestCaseExecutor.java:342)
	at com.kms.katalon.core.main.TestCaseExecutor.doExecute(TestCaseExecutor.java:333)
	at com.kms.katalon.core.main.TestCaseExecutor.processExecutionPhase(TestCaseExecutor.java:312)
	at com.kms.katalon.core.main.TestCaseExecutor.accessMainPhase(TestCaseExecutor.java:304)
	at com.kms.katalon.core.main.TestCaseExecutor.execute(TestCaseExecutor.java:238)
	at com.kms.katalon.core.main.TestCaseMain.runTestCase(TestCaseMain.java:114)
	at com.kms.katalon.core.keyword.builtin.CallTestCaseKeyword$_callTestCase_closure1.doCall(CallTestCaseKeyword.groovy:59)
	... 20 more
Caused by: com.kms.katalon.core.exception.StepFailedException: Actual text '' and expected text 'Cancelled' of test object 'div_cancelled_order' are NOT matched.
	at com.kms.katalon.core.webui.keyword.internal.WebUIKeywordMain.stepFailed(WebUIKeywordMain.groovy:64)
	at com.kms.katalon.core.webui.keyword.builtin.VerifyElementTextKeyword$_verifyElementText_closure1.doCall(VerifyElementTextKeyword.groovy:57)
	at com.kms.katalon.core.webui.keyword.builtin.VerifyElementTextKeyword$_verifyElementText_closure1.call(VerifyElementTextKeyword.groovy)
	at com.kms.katalon.core.webui.keyword.internal.WebUIKeywordMain.runKeyword(WebUIKeywordMain.groovy:20)
	... 35 more]]></system-err>
      </testcase>
      <testcase name="Test Cases/editOrder/rsEditOrderDonation" classname="Test Cases/editOrder/rsEditOrderDonation" status="PASSED">
         <system-out><![CDATA[2019-08-05 17:23:08 - [TEST_CASE][PASSED] - Test Cases/editOrder/rsEditOrderDonation: Test Cases/editOrder/rsEditOrderDonation

2019-08-05 17:23:08 - [TEST_STEP][PASSED] - Start listener action : sampleBeforeTestCase: null

2019-08-05 17:23:08 - [TEST_STEP][PASSED] - println(testCaseContext.getTestCaseId()): null

2019-08-05 17:23:08 - [TEST_STEP][PASSED] - println(testCaseContext.getTestCaseVariables()): null

2019-08-05 17:23:08 - [TEST_STEP][PASSED] - callTestCase(findTestCase("editOrder/retailOrderBO"), ["editScenarioNumber":4], STOP_ON_FAILURE): Call Test Case 'Test Cases/editOrder/retailOrderBO' successfully

2019-08-05 17:23:08 - [TEST_CASE][PASSED] - Test Cases/editOrder/retailOrderBO: Test Cases/editOrder/retailOrderBO

2019-08-05 17:23:08 - [TEST_STEP][PASSED] - openBrowser(""): Browser is opened with url: ''

2019-08-05 17:23:08 - [MESSAGE][WARNING] - A browser is already opened. Closing browser and opening a new one

2019-08-05 17:23:09 - [MESSAGE][INFO] - Starting 'Chrome' driver

2019-08-05 17:23:09 - [MESSAGE][INFO] - User set preference: ['args', '[--use-fake-ui-for-media-stream, --start-maximized]']

2019-08-05 17:23:10 - [MESSAGE][PASSED] - Browser is opened with url: ''

2019-08-05 17:23:10 - [TEST_STEP][PASSED] - driver = getWebDriver(): null

2019-08-05 17:23:10 - [TEST_STEP][PASSED] - executor = driver: null

2019-08-05 17:23:10 - [TEST_STEP][PASSED] - callTestCase(findTestCase("TestCaseUtilities/backOfficeLogin"), ["BOURL":"", "BOuser":"", "BOpass":""], STOP_ON_FAILURE): Call Test Case 'Test Cases/TestCaseUtilities/backOfficeLogin' successfully

2019-08-05 17:23:10 - [TEST_CASE][PASSED] - Test Cases/TestCaseUtilities/backOfficeLogin: Test Cases/TestCaseUtilities/backOfficeLogin

2019-08-05 17:23:10 - [TEST_STEP][PASSED] - BOURL = findTestData("envtData").getValue("BOURL", 1): null

2019-08-05 17:23:10 - [TEST_STEP][PASSED] - BOuser = findTestData("credData").getValue("BOuser", 1): null

2019-08-05 17:23:10 - [TEST_STEP][PASSED] - BOpass = findTestData("credData").getValue("BOpass", 1): null

2019-08-05 17:23:10 - [TEST_STEP][PASSED] - navigateToUrl(BOURL): Navigate to 'https://sandbox.cabiclio.com/backoffice/control/main' successfully

2019-08-05 17:23:21 - [MESSAGE][PASSED] - Navigate to 'https://sandbox.cabiclio.com/backoffice/control/main' successfully

2019-08-05 17:23:21 - [TEST_STEP][PASSED] - logOut = findWebElements(findTestObject("Object Repository/Page_cabi Home/log_out"), 1): Unable to find the element located by 'By.xpath: //a[contains(text(),'Log Out')]'. Please recheck the objects properties to make sure the desired element is located. 

2019-08-05 17:23:22 - [MESSAGE][INFO] - Unable to find the element located by 'By.xpath: //a[contains(text(),'Log Out')]'. Please recheck the objects properties to make sure the desired element is located. 

2019-08-05 17:23:22 - [TEST_STEP][PASSED] - if (logOut.size() == 0): Object: 'Object Repository/Page_cabi/input_Welcome to_consultantLogin' is clicked on

2019-08-05 17:23:22 - [TEST_STEP][PASSED] - setText(findTestObject("Page_cabi/input_Welcome to_USERNAME"), BOuser): Text '400000002' is set on object 'Object Repository/Page_cabi/input_Welcome to_USERNAME'

2019-08-05 17:23:22 - [MESSAGE][PASSED] - Text '400000002' is set on object 'Object Repository/Page_cabi/input_Welcome to_USERNAME'

2019-08-05 17:23:22 - [TEST_STEP][PASSED] - setText(findTestObject("Object Repository/Page_cabi/input_Welcome to_PASSWORD"), BOpass): Text 'blackdress19' is set on object 'Object Repository/Page_cabi/input_Welcome to_PASSWORD'

2019-08-05 17:23:22 - [MESSAGE][PASSED] - Text 'blackdress19' is set on object 'Object Repository/Page_cabi/input_Welcome to_PASSWORD'

2019-08-05 17:23:22 - [TEST_STEP][PASSED] - click(findTestObject("Object Repository/Page_cabi/input_Welcome to_consultantLogin")): Object: 'Object Repository/Page_cabi/input_Welcome to_consultantLogin' is clicked on

2019-08-05 17:23:32 - [MESSAGE][PASSED] - Object: 'Object Repository/Page_cabi/input_Welcome to_consultantLogin' is clicked on

2019-08-05 17:23:32 - [TEST_STEP][PASSED] - delay(3): Delayed 3 second(s)

2019-08-05 17:23:35 - [MESSAGE][PASSED] - Delayed 3 second(s)

2019-08-05 17:23:35 - [MESSAGE][PASSED] - Call Test Case 'Test Cases/TestCaseUtilities/backOfficeLogin' successfully

2019-08-05 17:23:35 - [TEST_STEP][PASSED] - click(findTestObject("Object Repository/Page_cabi Home/a_Shows  Orders")): Object: 'Object Repository/Page_cabi Home/a_Shows  Orders' is clicked on

2019-08-05 17:23:35 - [MESSAGE][PASSED] - Object: 'Object Repository/Page_cabi Home/a_Shows  Orders' is clicked on

2019-08-05 17:23:35 - [TEST_STEP][PASSED] - delay(1): Delayed 1 second(s)

2019-08-05 17:23:36 - [MESSAGE][PASSED] - Delayed 1 second(s)

2019-08-05 17:23:36 - [TEST_STEP][PASSED] - rightClick(findTestObject("Page_cabi Home/a_Shows  Orders")): Object: 'Object Repository/Page_cabi Home/a_Shows  Orders' is right clicked on

2019-08-05 17:23:36 - [MESSAGE][PASSED] - Object: 'Object Repository/Page_cabi Home/a_Shows  Orders' is right clicked on

2019-08-05 17:23:36 - [TEST_STEP][PASSED] - click(findTestObject("Page_cabi Home/a_retail_purchases")): Object: 'Object Repository/Page_cabi Home/a_retail_purchases' is clicked on

2019-08-05 17:23:41 - [MESSAGE][PASSED] - Object: 'Object Repository/Page_cabi Home/a_retail_purchases' is clicked on

2019-08-05 17:23:41 - [TEST_STEP][PASSED] - delay(3): Delayed 3 second(s)

2019-08-05 17:23:44 - [MESSAGE][PASSED] - Delayed 3 second(s)

2019-08-05 17:23:44 - [TEST_STEP][PASSED] - click(findTestObject("Object Repository/Page_cabi Home/existingCustomer")): Object: 'Object Repository/Page_cabi Home/existingCustomer' is clicked on

2019-08-05 17:23:44 - [MESSAGE][PASSED] - Object: 'Object Repository/Page_cabi Home/existingCustomer' is clicked on

2019-08-05 17:23:44 - [TEST_STEP][PASSED] - contactNumber = 14: null

2019-08-05 17:23:44 - [TEST_STEP][PASSED] - firstName = findTestData("contactData").getValue("firstName", contactNumber): null

2019-08-05 17:23:44 - [TEST_STEP][PASSED] - lastName = findTestData("contactData").getValue("lastName", contactNumber): null

2019-08-05 17:23:44 - [TEST_STEP][PASSED] - email = findTestData("contactData").getValue("email", contactNumber): null

2019-08-05 17:23:44 - [TEST_STEP][PASSED] - address1 = findTestData("contactData").getValue("address1", contactNumber): null

2019-08-05 17:23:44 - [TEST_STEP][PASSED] - city = findTestData("contactData").getValue("city", contactNumber): null

2019-08-05 17:23:44 - [TEST_STEP][PASSED] - state = findTestData("contactData").getValue("state", contactNumber): null

2019-08-05 17:23:44 - [TEST_STEP][PASSED] - zip = findTestData("contactData").getValue("zip", contactNumber): null

2019-08-05 17:23:44 - [TEST_STEP][PASSED] - existingCustFName = firstName: null

2019-08-05 17:23:44 - [TEST_STEP][PASSED] - existingCustLName = lastName: null

2019-08-05 17:23:44 - [TEST_STEP][PASSED] - space = " ": null

2019-08-05 17:23:44 - [TEST_STEP][PASSED] - existingCust = $existingCustFName$space$existingCustLName: null

2019-08-05 17:23:44 - [TEST_STEP][PASSED] - setText(findTestObject("Object Repository/Page_cabi Home/input_existing_guest"), existingCust): Text 'vishalguest1 abc' is set on object 'Object Repository/Page_cabi Home/input_existing_guest'

2019-08-05 17:23:44 - [MESSAGE][PASSED] - Text 'vishalguest1 abc' is set on object 'Object Repository/Page_cabi Home/input_existing_guest'

2019-08-05 17:23:44 - [TEST_STEP][PASSED] - delay(3): Delayed 3 second(s)

2019-08-05 17:23:47 - [MESSAGE][PASSED] - Delayed 3 second(s)

2019-08-05 17:23:47 - [TEST_STEP][PASSED] - rightClick(findTestObject("Object Repository/Page_cabi Home/input_existing_guest")): Object: 'Object Repository/Page_cabi Home/input_existing_guest' is right clicked on

2019-08-05 17:23:47 - [MESSAGE][PASSED] - Object: 'Object Repository/Page_cabi Home/input_existing_guest' is right clicked on

2019-08-05 17:23:47 - [TEST_STEP][PASSED] - rightClick(findTestObject("Object Repository/Page_cabi Home/input_existing_guest")): Object: 'Object Repository/Page_cabi Home/input_existing_guest' is right clicked on

2019-08-05 17:23:47 - [MESSAGE][PASSED] - Object: 'Object Repository/Page_cabi Home/input_existing_guest' is right clicked on

2019-08-05 17:23:47 - [TEST_STEP][PASSED] - click(findTestObject("Object Repository/Page_cabi Create Show - Set Hostess/a_select_customer")): Object: 'Object Repository/Page_cabi Create Show - Set Hostess/a_select_customer' is clicked on

2019-08-05 17:23:48 - [MESSAGE][PASSED] - Object: 'Object Repository/Page_cabi Create Show - Set Hostess/a_select_customer' is clicked on

2019-08-05 17:23:48 - [TEST_STEP][PASSED] - setText(findTestObject("Object Repository/Page_cabi Home/input_existing_guest"), existingCust): Text 'vishalguest1 abc' is set on object 'Object Repository/Page_cabi Home/input_existing_guest'

2019-08-05 17:23:48 - [MESSAGE][PASSED] - Text 'vishalguest1 abc' is set on object 'Object Repository/Page_cabi Home/input_existing_guest'

2019-08-05 17:23:48 - [TEST_STEP][PASSED] - setText(findTestObject("Object Repository/Page_cabi Retail Store/input_email"), email): Text 'vishalguest1@test.com' is set on object 'Object Repository/Page_cabi Retail Store/input_email'

2019-08-05 17:23:48 - [MESSAGE][PASSED] - Text 'vishalguest1@test.com' is set on object 'Object Repository/Page_cabi Retail Store/input_email'

2019-08-05 17:23:48 - [TEST_STEP][PASSED] - setText(findTestObject("Object Repository/Page_cabi Edit Customer Profile/input_Address1_address1"), address1): Text '972 BRAHMS CT' is set on object 'Object Repository/Page_cabi Edit Customer Profile/input_Address1_address1'

2019-08-05 17:23:49 - [MESSAGE][PASSED] - Text '972 BRAHMS CT' is set on object 'Object Repository/Page_cabi Edit Customer Profile/input_Address1_address1'

2019-08-05 17:23:49 - [TEST_STEP][PASSED] - setText(findTestObject("Object Repository/Page_cabi Edit Customer Profile/input_Address2_address2"), ""): Text '' is set on object 'Object Repository/Page_cabi Edit Customer Profile/input_Address2_address2'

2019-08-05 17:23:49 - [MESSAGE][PASSED] - Text '' is set on object 'Object Repository/Page_cabi Edit Customer Profile/input_Address2_address2'

2019-08-05 17:23:49 - [TEST_STEP][PASSED] - setText(findTestObject("Object Repository/Page_cabi Edit Customer Profile/input_City_city"), city): Text 'TROY' is set on object 'Object Repository/Page_cabi Edit Customer Profile/input_City_city'

2019-08-05 17:23:49 - [MESSAGE][PASSED] - Text 'TROY' is set on object 'Object Repository/Page_cabi Edit Customer Profile/input_City_city'

2019-08-05 17:23:49 - [TEST_STEP][PASSED] - click(findTestObject("Page_cabi Edit Customer Profile/span_select_a_state")): Object: 'Object Repository/Page_cabi Edit Customer Profile/span_select_a_state' is clicked on

2019-08-05 17:23:49 - [MESSAGE][PASSED] - Object: 'Object Repository/Page_cabi Edit Customer Profile/span_select_a_state' is clicked on

2019-08-05 17:23:49 - [TEST_STEP][PASSED] - delay(1): Delayed 1 second(s)

2019-08-05 17:23:50 - [MESSAGE][PASSED] - Delayed 1 second(s)

2019-08-05 17:23:50 - [TEST_STEP][PASSED] - setText(findTestObject("Object Repository/Page_cabi Edit Customer Profile/input_state_1"), state): Text 'Michigan' is set on object 'Object Repository/Page_cabi Edit Customer Profile/input_state_1'

2019-08-05 17:23:50 - [MESSAGE][PASSED] - Text 'Michigan' is set on object 'Object Repository/Page_cabi Edit Customer Profile/input_state_1'

2019-08-05 17:23:50 - [TEST_STEP][PASSED] - delay(2): Delayed 2 second(s)

2019-08-05 17:23:52 - [MESSAGE][PASSED] - Delayed 2 second(s)

2019-08-05 17:23:52 - [TEST_STEP][PASSED] - click(findTestObject("Page_cabi Edit Customer Profile/span_state")): Object: 'Object Repository/Page_cabi Edit Customer Profile/span_state' is clicked on

2019-08-05 17:23:52 - [MESSAGE][PASSED] - Object: 'Object Repository/Page_cabi Edit Customer Profile/span_state' is clicked on

2019-08-05 17:23:52 - [TEST_STEP][PASSED] - setText(findTestObject("Page_cabi Edit Customer Profile/input_state_postalCode"), zip): Text '48085' is set on object 'Object Repository/Page_cabi Edit Customer Profile/input_state_postalCode'

2019-08-05 17:23:52 - [MESSAGE][PASSED] - Text '48085' is set on object 'Object Repository/Page_cabi Edit Customer Profile/input_state_postalCode'

2019-08-05 17:23:52 - [TEST_STEP][PASSED] - delay(5): Delayed 5 second(s)

2019-08-05 17:23:57 - [MESSAGE][PASSED] - Delayed 5 second(s)

2019-08-05 17:23:57 - [TEST_STEP][PASSED] - check(findTestObject("Object Repository/Page_cabi Home/a_same_shipping_address")): Object 'Object Repository/Page_cabi Home/a_same_shipping_address' is checked

2019-08-05 17:23:57 - [MESSAGE][PASSED] - Object 'Object Repository/Page_cabi Home/a_same_shipping_address' is checked

2019-08-05 17:23:57 - [TEST_STEP][PASSED] - delay(5): Delayed 5 second(s)

2019-08-05 17:24:02 - [MESSAGE][PASSED] - Delayed 5 second(s)

2019-08-05 17:24:02 - [TEST_STEP][PASSED] - check(findTestObject("Object Repository/Page_cabi Home/a_same_shipping_address")): Object 'Object Repository/Page_cabi Home/a_same_shipping_address' is checked

2019-08-05 17:24:02 - [MESSAGE][PASSED] - Object 'Object Repository/Page_cabi Home/a_same_shipping_address' is checked

2019-08-05 17:24:02 - [TEST_STEP][PASSED] - delay(5): Delayed 5 second(s)

2019-08-05 17:24:07 - [MESSAGE][PASSED] - Delayed 5 second(s)

2019-08-05 17:24:07 - [TEST_STEP][PASSED] - nextButton = driver.findElement(By.xpath("//li/a/span[@id='returnToActionLabel']")): null

2019-08-05 17:24:07 - [TEST_STEP][PASSED] - executor.executeScript("arguments[0].click();", nextButton): null

2019-08-05 17:24:08 - [TEST_STEP][PASSED] - delay(3): Delayed 3 second(s)

2019-08-05 17:24:11 - [MESSAGE][PASSED] - Delayed 3 second(s)

2019-08-05 17:24:11 - [TEST_STEP][PASSED] - click(findTestObject("Object Repository/Page_cabi Retail Store/span_quick_entry")): Object: 'Object Repository/Page_cabi Retail Store/span_quick_entry' is clicked on

2019-08-05 17:24:13 - [MESSAGE][PASSED] - Object: 'Object Repository/Page_cabi Retail Store/span_quick_entry' is clicked on

2019-08-05 17:24:13 - [TEST_STEP][PASSED] - delay(3): Delayed 3 second(s)

2019-08-05 17:24:16 - [MESSAGE][PASSED] - Delayed 3 second(s)

2019-08-05 17:24:16 - [TEST_STEP][PASSED] - emptyCart = findWebElements(findTestObject("Object Repository/Page_cabi Personal Store/removeFromCart"), 5): Unable to find the element located by 'By.xpath: //*[@id="removeFromCart_0"]/span'. Please recheck the objects properties to make sure the desired element is located. 

2019-08-05 17:24:21 - [MESSAGE][INFO] - Unable to find the element located by 'By.xpath: //*[@id="removeFromCart_0"]/span'. Please recheck the objects properties to make sure the desired element is located. 

2019-08-05 17:24:21 - [TEST_STEP][PASSED] - if (emptyCart.size() > 0): null

2019-08-05 17:24:21 - [TEST_STEP][PASSED] - addOnStyle = findTestData("miscData").getValue("addOnStyle", 1): null

2019-08-05 17:24:21 - [TEST_STEP][PASSED] - addOnStyle2 = findTestData("miscData").getValue("addOnStyle", 2): null

2019-08-05 17:24:21 - [TEST_STEP][PASSED] - click(findTestObject("Object Repository/Page_cabi Create Order/input_Manual Discount_stylelookup_0")): Object: 'Object Repository/Page_cabi Create Order/input_Manual Discount_stylelookup_0' is clicked on

2019-08-05 17:24:21 - [MESSAGE][PASSED] - Object: 'Object Repository/Page_cabi Create Order/input_Manual Discount_stylelookup_0' is clicked on

2019-08-05 17:24:21 - [TEST_STEP][PASSED] - setText(findTestObject("Object Repository/Page_cabi Create Order/input_Manual Discount_stylelookup_0"), addOnStyle): Text '5448' is set on object 'Object Repository/Page_cabi Create Order/input_Manual Discount_stylelookup_0'

2019-08-05 17:24:22 - [MESSAGE][PASSED] - Text '5448' is set on object 'Object Repository/Page_cabi Create Order/input_Manual Discount_stylelookup_0'

2019-08-05 17:24:22 - [TEST_STEP][PASSED] - delay(3): Delayed 3 second(s)

2019-08-05 17:24:25 - [MESSAGE][PASSED] - Delayed 3 second(s)

2019-08-05 17:24:25 - [TEST_STEP][PASSED] - prod_message = getText(findTestObject("Page_cabi Create Order/first_option")): Text of object 'Object Repository/Page_cabi Create Order/first_option' is: '5448 Sailor Pullover'

2019-08-05 17:24:25 - [MESSAGE][PASSED] - Text of object 'Object Repository/Page_cabi Create Order/first_option' is: '5448 Sailor Pullover'

2019-08-05 17:24:25 - [TEST_STEP][PASSED] - click(findTestObject("Page_cabi Create Order/first_option")): Object: 'Object Repository/Page_cabi Create Order/first_option' is clicked on

2019-08-05 17:24:25 - [MESSAGE][PASSED] - Object: 'Object Repository/Page_cabi Create Order/first_option' is clicked on

2019-08-05 17:24:25 - [TEST_STEP][PASSED] - delay(5): Delayed 5 second(s)

2019-08-05 17:24:30 - [MESSAGE][PASSED] - Delayed 5 second(s)

2019-08-05 17:24:30 - [TEST_STEP][PASSED] - click(findTestObject("Object Repository/Page_cabi Order Items/selectSize")): Object: 'Object Repository/Page_cabi Order Items/selectSize' is clicked on

2019-08-05 17:24:30 - [MESSAGE][PASSED] - Object: 'Object Repository/Page_cabi Order Items/selectSize' is clicked on

2019-08-05 17:24:30 - [TEST_STEP][PASSED] - click(findTestObject("Object Repository/Page_cabi Order Items/span_Add to Cart")): Object: 'Object Repository/Page_cabi Order Items/span_Add to Cart' is clicked on

2019-08-05 17:24:30 - [MESSAGE][PASSED] - Object: 'Object Repository/Page_cabi Order Items/span_Add to Cart' is clicked on

2019-08-05 17:24:30 - [TEST_STEP][PASSED] - delay(5): Delayed 5 second(s)

2019-08-05 17:24:35 - [MESSAGE][PASSED] - Delayed 5 second(s)

2019-08-05 17:24:35 - [TEST_STEP][PASSED] - click(findTestObject("Object Repository/Page_cabi Create Order/inputStyleLookup1")): Object: 'Object Repository/Page_cabi Create Order/inputStyleLookup1' is clicked on

2019-08-05 17:24:35 - [MESSAGE][PASSED] - Object: 'Object Repository/Page_cabi Create Order/inputStyleLookup1' is clicked on

2019-08-05 17:24:35 - [TEST_STEP][PASSED] - setText(findTestObject("Object Repository/Page_cabi Create Order/inputStyleLookup1"), addOnStyle2): Text '5449' is set on object 'Object Repository/Page_cabi Create Order/inputStyleLookup1'

2019-08-05 17:24:35 - [MESSAGE][PASSED] - Text '5449' is set on object 'Object Repository/Page_cabi Create Order/inputStyleLookup1'

2019-08-05 17:24:35 - [TEST_STEP][PASSED] - delay(3): Delayed 3 second(s)

2019-08-05 17:24:38 - [MESSAGE][PASSED] - Delayed 3 second(s)

2019-08-05 17:24:38 - [TEST_STEP][PASSED] - prod_message2 = getText(findTestObject("Page_cabi Create Order/first_option")): Text of object 'Object Repository/Page_cabi Create Order/first_option' is: '5449 Cable Cardigan'

2019-08-05 17:24:38 - [MESSAGE][PASSED] - Text of object 'Object Repository/Page_cabi Create Order/first_option' is: '5449 Cable Cardigan'

2019-08-05 17:24:38 - [TEST_STEP][PASSED] - click(findTestObject("Page_cabi Create Order/first_option")): Object: 'Object Repository/Page_cabi Create Order/first_option' is clicked on

2019-08-05 17:24:38 - [MESSAGE][PASSED] - Object: 'Object Repository/Page_cabi Create Order/first_option' is clicked on

2019-08-05 17:24:38 - [TEST_STEP][PASSED] - delay(5): Delayed 5 second(s)

2019-08-05 17:24:43 - [MESSAGE][PASSED] - Delayed 5 second(s)

2019-08-05 17:24:43 - [TEST_STEP][PASSED] - click(findTestObject("Object Repository/Page_cabi Order Items/selectSize2")): Object: 'Object Repository/Page_cabi Order Items/selectSize2' is clicked on

2019-08-05 17:24:43 - [MESSAGE][PASSED] - Object: 'Object Repository/Page_cabi Order Items/selectSize2' is clicked on

2019-08-05 17:24:43 - [TEST_STEP][PASSED] - click(findTestObject("Object Repository/Page_cabi Order Items/addToCart2")): Object: 'Object Repository/Page_cabi Order Items/addToCart2' is clicked on

2019-08-05 17:24:43 - [MESSAGE][PASSED] - Object: 'Object Repository/Page_cabi Order Items/addToCart2' is clicked on

2019-08-05 17:24:43 - [TEST_STEP][PASSED] - delay(5): Delayed 5 second(s)

2019-08-05 17:24:48 - [MESSAGE][PASSED] - Delayed 5 second(s)

2019-08-05 17:24:48 - [TEST_STEP][PASSED] - if (editScenarioNumber == 1): null

2019-08-05 17:24:48 - [TEST_STEP][PASSED] - else if (editScenarioNumber == 2): null

2019-08-05 17:24:48 - [TEST_STEP][PASSED] - else if (editScenarioNumber == 3): null

2019-08-05 17:24:48 - [TEST_STEP][PASSED] - else if (editScenarioNumber == 4): Object: 'Object Repository/Page_cabi Order Items/span_add_to_cart' is clicked on

2019-08-05 17:24:48 - [TEST_STEP][PASSED] - println("scen = 4"): null

2019-08-05 17:24:48 - [TEST_STEP][PASSED] - click(findTestObject("Object Repository/Page_cabi Retail Store/span_donation")): Object: 'Object Repository/Page_cabi Retail Store/span_donation' is clicked on

2019-08-05 17:24:50 - [MESSAGE][PASSED] - Object: 'Object Repository/Page_cabi Retail Store/span_donation' is clicked on

2019-08-05 17:24:50 - [TEST_STEP][PASSED] - delay(5): Delayed 5 second(s)

2019-08-05 17:24:55 - [MESSAGE][PASSED] - Delayed 5 second(s)

2019-08-05 17:24:55 - [TEST_STEP][PASSED] - click(findTestObject("Object Repository/Page_cabi Order Items/select_donation_amount")): Object: 'Object Repository/Page_cabi Order Items/select_donation_amount' is clicked on

2019-08-05 17:24:55 - [MESSAGE][PASSED] - Object: 'Object Repository/Page_cabi Order Items/select_donation_amount' is clicked on

2019-08-05 17:24:55 - [TEST_STEP][PASSED] - click(findTestObject("Object Repository/Page_cabi Order Items/span_add_to_cart")): Object: 'Object Repository/Page_cabi Order Items/span_add_to_cart' is clicked on

2019-08-05 17:24:55 - [MESSAGE][PASSED] - Object: 'Object Repository/Page_cabi Order Items/span_add_to_cart' is clicked on

2019-08-05 17:24:55 - [TEST_STEP][PASSED] - click(findTestObject("Object Repository/Page_cabi Order Items/a_checkout")): Object: 'Object Repository/Page_cabi Order Items/a_checkout' is clicked on

2019-08-05 17:24:55 - [MESSAGE][PASSED] - Object: 'Object Repository/Page_cabi Order Items/a_checkout' is clicked on

2019-08-05 17:24:55 - [TEST_STEP][PASSED] - delay(3): Delayed 3 second(s)

2019-08-05 17:24:58 - [MESSAGE][PASSED] - Delayed 3 second(s)

2019-08-05 17:24:58 - [TEST_STEP][PASSED] - click(findTestObject("Page_cabi Personal Store/nextButtonShipping")): Object: 'Object Repository/Page_cabi Personal Store/nextButtonShipping' is clicked on

2019-08-05 17:24:58 - [MESSAGE][PASSED] - Object: 'Object Repository/Page_cabi Personal Store/nextButtonShipping' is clicked on

2019-08-05 17:24:58 - [TEST_STEP][PASSED] - delay(3): Delayed 3 second(s)

2019-08-05 17:25:01 - [MESSAGE][PASSED] - Delayed 3 second(s)

2019-08-05 17:25:01 - [TEST_STEP][PASSED] - click(findTestObject("Page_cabi Personal Store/makeFirstPayment")): Object: 'Object Repository/Page_cabi Personal Store/makeFirstPayment' is clicked on

2019-08-05 17:25:01 - [MESSAGE][PASSED] - Object: 'Object Repository/Page_cabi Personal Store/makeFirstPayment' is clicked on

2019-08-05 17:25:01 - [TEST_STEP][PASSED] - click(findTestObject("Object Repository/Page_cabi Personal Store/select_cash")): Object: 'Object Repository/Page_cabi Personal Store/select_cash' is clicked on

2019-08-05 17:25:01 - [MESSAGE][PASSED] - Object: 'Object Repository/Page_cabi Personal Store/select_cash' is clicked on

2019-08-05 17:25:01 - [TEST_STEP][PASSED] - click(findTestObject("Page_cabi Personal Store/submitPayment")): Object: 'Object Repository/Page_cabi Personal Store/submitPayment' is clicked on

2019-08-05 17:25:01 - [MESSAGE][PASSED] - Object: 'Object Repository/Page_cabi Personal Store/submitPayment' is clicked on

2019-08-05 17:25:01 - [TEST_STEP][PASSED] - click(findTestObject("Page_cabi Personal Store/submitOrderId")): Object: 'Object Repository/Page_cabi Personal Store/submitOrderId' is clicked on

2019-08-05 17:25:03 - [MESSAGE][PASSED] - Object: 'Object Repository/Page_cabi Personal Store/submitOrderId' is clicked on

2019-08-05 17:25:03 - [TEST_STEP][PASSED] - successMsg = "": null

2019-08-05 17:25:03 - [TEST_STEP][PASSED] - orderSuccess = false: null

2019-08-05 17:25:03 - [TEST_STEP][PASSED] - successMsgs = findWebElements(findTestObject("Object Repository/Page_cabi Personal Store/p_success_msg"), 5): null

2019-08-05 17:25:04 - [TEST_STEP][PASSED] - if (successMsgs.size() > 0): Text of object 'Object Repository/Page_cabi Personal Store/p_order_id' is: 'RT708104609'

2019-08-05 17:25:04 - [TEST_STEP][PASSED] - successMsg = getText(findTestObject("Object Repository/Page_cabi Personal Store/p_success_msg")): Text of object 'Object Repository/Page_cabi Personal Store/p_success_msg' is: 'Order Created Successfully!!
Order #:  RT708104609

CONTINUE SHOPPING'

2019-08-05 17:25:04 - [MESSAGE][PASSED] - Text of object 'Object Repository/Page_cabi Personal Store/p_success_msg' is: 'Order Created Successfully!!
Order #:  RT708104609

CONTINUE SHOPPING'

2019-08-05 17:25:04 - [TEST_STEP][PASSED] - orderSuccess = true: null

2019-08-05 17:25:04 - [TEST_STEP][PASSED] - retailOrderID = getText(findTestObject("Object Repository/Page_cabi Personal Store/p_order_id")): Text of object 'Object Repository/Page_cabi Personal Store/p_order_id' is: 'RT708104609'

2019-08-05 17:25:04 - [MESSAGE][PASSED] - Text of object 'Object Repository/Page_cabi Personal Store/p_order_id' is: 'RT708104609'

2019-08-05 17:25:04 - [TEST_STEP][PASSED] - assert orderSuccess == true: null

2019-08-05 17:25:04 - [TEST_STEP][NOT_RUN] - closeBrowser(): NOT_RUN: closeBrowser()

2019-08-05 17:25:04 - [MESSAGE][NOT_RUN] - NOT_RUN: closeBrowser()

2019-08-05 17:25:04 - [MESSAGE][PASSED] - Call Test Case 'Test Cases/editOrder/retailOrderBO' successfully

2019-08-05 17:25:04 - [TEST_STEP][PASSED] - delay(10): Delayed 10 second(s)

2019-08-05 17:25:14 - [MESSAGE][PASSED] - Delayed 10 second(s)

2019-08-05 17:25:14 - [TEST_STEP][PASSED] - callTestCase(findTestCase("TestCaseUtilities/setVHost"), [:], STOP_ON_FAILURE): Call Test Case 'Test Cases/TestCaseUtilities/setVHost' successfully

2019-08-05 17:25:14 - [TEST_CASE][PASSED] - Test Cases/TestCaseUtilities/setVHost: Test Cases/TestCaseUtilities/setVHost

2019-08-05 17:25:14 - [TEST_STEP][PASSED] - ofbizURL = findTestData("envtData").getValue("ofbizURL", 1): null

2019-08-05 17:25:14 - [TEST_STEP][PASSED] - ofbizUser = findTestData("credData").getValue("ofbizuser", 1): null

2019-08-05 17:25:14 - [TEST_STEP][PASSED] - ofbizPass = findTestData("credData").getValue("ofbizpass", 1): null

2019-08-05 17:25:14 - [TEST_STEP][PASSED] - vhostTarget = findTestData("envtData").getValue("vhostTarget", 1): null

2019-08-05 17:25:14 - [TEST_STEP][PASSED] - navigateToUrl(ofbizURL): Navigate to 'https://pushofbiz.cliotest.com/login.php' successfully

2019-08-05 17:25:15 - [MESSAGE][PASSED] - Navigate to 'https://pushofbiz.cliotest.com/login.php' successfully

2019-08-05 17:25:15 - [TEST_STEP][PASSED] - setText(findTestObject("Object Repository/virualShowRSVPOR/Page_/input_Username_username"), ofbizUser): Text 'automation' is set on object 'Object Repository/virualShowRSVPOR/Page_/input_Username_username'

2019-08-05 17:25:15 - [MESSAGE][PASSED] - Text 'automation' is set on object 'Object Repository/virualShowRSVPOR/Page_/input_Username_username'

2019-08-05 17:25:15 - [TEST_STEP][PASSED] - setText(findTestObject("Object Repository/virualShowRSVPOR/Page_/input_Password_password"), ofbizPass): Text 'cabiautomation' is set on object 'Object Repository/virualShowRSVPOR/Page_/input_Password_password'

2019-08-05 17:25:15 - [MESSAGE][PASSED] - Text 'cabiautomation' is set on object 'Object Repository/virualShowRSVPOR/Page_/input_Password_password'

2019-08-05 17:25:15 - [TEST_STEP][PASSED] - click(findTestObject("Object Repository/virualShowRSVPOR/Page_/input_Password_Submit")): Object: 'Object Repository/virualShowRSVPOR/Page_/input_Password_Submit' is clicked on

2019-08-05 17:25:20 - [MESSAGE][PASSED] - Object: 'Object Repository/virualShowRSVPOR/Page_/input_Password_Submit' is clicked on

2019-08-05 17:25:20 - [TEST_STEP][PASSED] - click(findTestObject("Object Repository/virualShowRSVPOR/Page_/a_Set Vhost")): Object: 'Object Repository/virualShowRSVPOR/Page_/a_Set Vhost' is clicked on

2019-08-05 17:25:20 - [MESSAGE][PASSED] - Object: 'Object Repository/virualShowRSVPOR/Page_/a_Set Vhost' is clicked on

2019-08-05 17:25:20 - [TEST_STEP][PASSED] - click(UtilityMethods.createTestObject("select_target", "//select[@name='Target']/option[contains(text(), '", vhostTarget, "')]")): Object: 'select_target' is clicked on

2019-08-05 17:25:20 - [MESSAGE][PASSED] - Object: 'select_target' is clicked on

2019-08-05 17:25:20 - [TEST_STEP][PASSED] - click(findTestObject("Object Repository/virualShowRSVPOR/Page_/input")): Object: 'Object Repository/virualShowRSVPOR/Page_/input' is clicked on

2019-08-05 17:25:22 - [MESSAGE][PASSED] - Object: 'Object Repository/virualShowRSVPOR/Page_/input' is clicked on

2019-08-05 17:25:22 - [MESSAGE][PASSED] - Call Test Case 'Test Cases/TestCaseUtilities/setVHost' successfully

2019-08-05 17:25:22 - [TEST_STEP][PASSED] - callTestCase(findTestCase("TestCaseUtilities/rsLogin"), ["RSURL":"", "RSuser":"", "RSpass":""], STOP_ON_FAILURE): Call Test Case 'Test Cases/TestCaseUtilities/rsLogin' successfully

2019-08-05 17:25:22 - [TEST_CASE][PASSED] - Test Cases/TestCaseUtilities/rsLogin: Test Cases/TestCaseUtilities/rsLogin

2019-08-05 17:25:22 - [TEST_STEP][PASSED] - dataFile = "micrositeData": null

2019-08-05 17:25:22 - [TEST_STEP][PASSED] - guest1Mail = findTestData(dataFile).getValue("guest1Mail", 1): null

2019-08-05 17:25:22 - [TEST_STEP][PASSED] - guest1Pass = findTestData(dataFile).getValue("guest1Pass", 1): null

2019-08-05 17:25:22 - [TEST_STEP][PASSED] - RSTestEnvt = findTestData("envtData").getValue("RSTestEnvt", 1): null

2019-08-05 17:25:22 - [TEST_STEP][PASSED] - openBrowser(""): Browser is opened with url: ''

2019-08-05 17:25:22 - [MESSAGE][WARNING] - A browser is already opened. Closing browser and opening a new one

2019-08-05 17:25:23 - [MESSAGE][INFO] - Starting 'Chrome' driver

2019-08-05 17:25:23 - [MESSAGE][INFO] - User set preference: ['args', '[--use-fake-ui-for-media-stream, --start-maximized]']

2019-08-05 17:25:24 - [MESSAGE][PASSED] - Browser is opened with url: ''

2019-08-05 17:25:24 - [TEST_STEP][PASSED] - callTestCase(findTestCase("TestCaseUtilities/setVHost"), [:], STOP_ON_FAILURE): Call Test Case 'Test Cases/TestCaseUtilities/setVHost' successfully

2019-08-05 17:25:24 - [TEST_CASE][PASSED] - Test Cases/TestCaseUtilities/setVHost: Test Cases/TestCaseUtilities/setVHost

2019-08-05 17:25:24 - [TEST_STEP][PASSED] - ofbizURL = findTestData("envtData").getValue("ofbizURL", 1): null

2019-08-05 17:25:24 - [TEST_STEP][PASSED] - ofbizUser = findTestData("credData").getValue("ofbizuser", 1): null

2019-08-05 17:25:24 - [TEST_STEP][PASSED] - ofbizPass = findTestData("credData").getValue("ofbizpass", 1): null

2019-08-05 17:25:24 - [TEST_STEP][PASSED] - vhostTarget = findTestData("envtData").getValue("vhostTarget", 1): null

2019-08-05 17:25:24 - [TEST_STEP][PASSED] - navigateToUrl(ofbizURL): Navigate to 'https://pushofbiz.cliotest.com/login.php' successfully

2019-08-05 17:25:25 - [MESSAGE][PASSED] - Navigate to 'https://pushofbiz.cliotest.com/login.php' successfully

2019-08-05 17:25:25 - [TEST_STEP][PASSED] - setText(findTestObject("Object Repository/virualShowRSVPOR/Page_/input_Username_username"), ofbizUser): Text 'automation' is set on object 'Object Repository/virualShowRSVPOR/Page_/input_Username_username'

2019-08-05 17:25:25 - [MESSAGE][PASSED] - Text 'automation' is set on object 'Object Repository/virualShowRSVPOR/Page_/input_Username_username'

2019-08-05 17:25:25 - [TEST_STEP][PASSED] - setText(findTestObject("Object Repository/virualShowRSVPOR/Page_/input_Password_password"), ofbizPass): Text 'cabiautomation' is set on object 'Object Repository/virualShowRSVPOR/Page_/input_Password_password'

2019-08-05 17:25:25 - [MESSAGE][PASSED] - Text 'cabiautomation' is set on object 'Object Repository/virualShowRSVPOR/Page_/input_Password_password'

2019-08-05 17:25:26 - [TEST_STEP][PASSED] - click(findTestObject("Object Repository/virualShowRSVPOR/Page_/input_Password_Submit")): Object: 'Object Repository/virualShowRSVPOR/Page_/input_Password_Submit' is clicked on

2019-08-05 17:25:31 - [MESSAGE][PASSED] - Object: 'Object Repository/virualShowRSVPOR/Page_/input_Password_Submit' is clicked on

2019-08-05 17:25:31 - [TEST_STEP][PASSED] - click(findTestObject("Object Repository/virualShowRSVPOR/Page_/a_Set Vhost")): Object: 'Object Repository/virualShowRSVPOR/Page_/a_Set Vhost' is clicked on

2019-08-05 17:25:31 - [MESSAGE][PASSED] - Object: 'Object Repository/virualShowRSVPOR/Page_/a_Set Vhost' is clicked on

2019-08-05 17:25:31 - [TEST_STEP][PASSED] - click(UtilityMethods.createTestObject("select_target", "//select[@name='Target']/option[contains(text(), '", vhostTarget, "')]")): Object: 'select_target' is clicked on

2019-08-05 17:25:31 - [MESSAGE][PASSED] - Object: 'select_target' is clicked on

2019-08-05 17:25:31 - [TEST_STEP][PASSED] - click(findTestObject("Object Repository/virualShowRSVPOR/Page_/input")): Object: 'Object Repository/virualShowRSVPOR/Page_/input' is clicked on

2019-08-05 17:25:33 - [MESSAGE][PASSED] - Object: 'Object Repository/virualShowRSVPOR/Page_/input' is clicked on

2019-08-05 17:25:33 - [MESSAGE][PASSED] - Call Test Case 'Test Cases/TestCaseUtilities/setVHost' successfully

2019-08-05 17:25:33 - [TEST_STEP][PASSED] - loginURL = UtilityMethods.concat("https://mirandakate.", RSTestEnvt, ".com/?component=account.login-gateway"): null

2019-08-05 17:25:33 - [TEST_STEP][PASSED] - navigateToUrl(loginURL): Navigate to 'https://mirandakate.cabisandbox.com/?component=account.login-gateway' successfully

2019-08-05 17:25:59 - [MESSAGE][PASSED] - Navigate to 'https://mirandakate.cabisandbox.com/?component=account.login-gateway' successfully

2019-08-05 17:25:59 - [TEST_STEP][PASSED] - "Login with the invited guest": null

2019-08-05 17:25:59 - [TEST_STEP][PASSED] - delay(3): Delayed 3 second(s)

2019-08-05 17:26:02 - [MESSAGE][PASSED] - Delayed 3 second(s)

2019-08-05 17:26:02 - [TEST_STEP][PASSED] - setText(findTestObject("Object Repository/virualShowRSVPOR/Page_Show microsite/input_Sign in  Create account_email"), guest1Mail): Text 'vishalguest1@test.com' is set on object 'Object Repository/virualShowRSVPOR/Page_Show microsite/input_Sign in  Create account_email'

2019-08-05 17:26:02 - [MESSAGE][PASSED] - Text 'vishalguest1@test.com' is set on object 'Object Repository/virualShowRSVPOR/Page_Show microsite/input_Sign in  Create account_email'

2019-08-05 17:26:02 - [TEST_STEP][PASSED] - click(findTestObject("Object Repository/virualShowRSVPOR/Page_Show microsite/button_Continue")): Object: 'Object Repository/virualShowRSVPOR/Page_Show microsite/button_Continue' is clicked on

2019-08-05 17:26:02 - [MESSAGE][PASSED] - Object: 'Object Repository/virualShowRSVPOR/Page_Show microsite/button_Continue' is clicked on

2019-08-05 17:26:02 - [TEST_STEP][PASSED] - setText(findTestObject("Object Repository/virualShowRSVPOR/Page_Show microsite/input_Welcome_password"), guest1Pass): Text 'blackdress19' is set on object 'Object Repository/virualShowRSVPOR/Page_Show microsite/input_Welcome_password'

2019-08-05 17:26:03 - [MESSAGE][PASSED] - Text 'blackdress19' is set on object 'Object Repository/virualShowRSVPOR/Page_Show microsite/input_Welcome_password'

2019-08-05 17:26:03 - [TEST_STEP][PASSED] - click(findTestObject("Object Repository/virualShowRSVPOR/Page_Show microsite/button_Continue_pass")): Object: 'Object Repository/virualShowRSVPOR/Page_Show microsite/button_Continue_pass' is clicked on

2019-08-05 17:26:03 - [MESSAGE][PASSED] - Object: 'Object Repository/virualShowRSVPOR/Page_Show microsite/button_Continue_pass' is clicked on

2019-08-05 17:26:03 - [TEST_STEP][PASSED] - delay(5): Delayed 5 second(s)

2019-08-05 17:26:08 - [MESSAGE][PASSED] - Delayed 5 second(s)

2019-08-05 17:26:08 - [TEST_STEP][PASSED] - if (verifyElementPresent(findTestObject("Object Repository/virualShowRSVPOR/Page_Show microsite/complete_my_profile_later"), 0)): Object: 'Object Repository/virualShowRSVPOR/Page_Show microsite/div_Ill complete my profile later' is clicked on

2019-08-05 17:26:08 - [MESSAGE][WARNING] - Timeout '0' is invalid. Using default page load timeout: '30'

2019-08-05 17:26:08 - [MESSAGE][PASSED] - Object 'Object Repository/virualShowRSVPOR/Page_Show microsite/complete_my_profile_later' is present

2019-08-05 17:26:08 - [TEST_STEP][PASSED] - click(findTestObject("Object Repository/virualShowRSVPOR/Page_Show microsite/div_Ill complete my profile later")): Object: 'Object Repository/virualShowRSVPOR/Page_Show microsite/div_Ill complete my profile later' is clicked on

2019-08-05 17:26:16 - [MESSAGE][PASSED] - Object: 'Object Repository/virualShowRSVPOR/Page_Show microsite/div_Ill complete my profile later' is clicked on

2019-08-05 17:26:16 - [MESSAGE][PASSED] - Call Test Case 'Test Cases/TestCaseUtilities/rsLogin' successfully

2019-08-05 17:26:16 - [TEST_STEP][PASSED] - callTestCase(findTestCase("editOrder/rsOrderHistoryConfirm"), ["orderID":"", "editScenarioNumber":4], STOP_ON_FAILURE): Call Test Case 'Test Cases/editOrder/rsOrderHistoryConfirm' successfully

2019-08-05 17:26:16 - [TEST_CASE][PASSED] - Test Cases/editOrder/rsOrderHistoryConfirm: Test Cases/editOrder/rsOrderHistoryConfirm

2019-08-05 17:26:16 - [TEST_STEP][PASSED] - orderID = retailOrderID: null

2019-08-05 17:26:16 - [TEST_STEP][PASSED] - println(orderID): null

2019-08-05 17:26:16 - [TEST_STEP][PASSED] - xpath = UtilityMethods.concat("//span[contains(text(), '", orderID, "')]/parent::div/parent::div/div[@class='table-row-edit-order']//a"): null

2019-08-05 17:26:16 - [TEST_STEP][PASSED] - to = new com.kms.katalon.core.testobject.TestObject(a_link_dynamic): null

2019-08-05 17:26:16 - [TEST_STEP][PASSED] - to.addProperty("xpath", EQUALS, xpath): null

2019-08-05 17:26:16 - [TEST_STEP][PASSED] - click(findTestObject("ReplicatedSite/rs_Page_Trendy/i_Michigan_fa fa-caret-down")): Object: 'Object Repository/ReplicatedSite/rs_Page_Trendy/i_Michigan_fa fa-caret-down' is clicked on

2019-08-05 17:26:16 - [MESSAGE][PASSED] - Object: 'Object Repository/ReplicatedSite/rs_Page_Trendy/i_Michigan_fa fa-caret-down' is clicked on

2019-08-05 17:26:16 - [TEST_STEP][PASSED] - click(findTestObject("ReplicatedSite/rs_Page_Trendy/a_My Profile")): Object: 'Object Repository/ReplicatedSite/rs_Page_Trendy/a_My Profile' is clicked on

2019-08-05 17:26:21 - [MESSAGE][PASSED] - Object: 'Object Repository/ReplicatedSite/rs_Page_Trendy/a_My Profile' is clicked on

2019-08-05 17:26:21 - [TEST_STEP][PASSED] - click(findTestObject("Object Repository/ReplicatedSite/Page_Profile - Cabi Fall 2018 Collection/span_Order History")): Object: 'Object Repository/ReplicatedSite/Page_Profile - Cabi Fall 2018 Collection/span_Order History' is clicked on

2019-08-05 17:26:21 - [MESSAGE][PASSED] - Object: 'Object Repository/ReplicatedSite/Page_Profile - Cabi Fall 2018 Collection/span_Order History' is clicked on

2019-08-05 17:26:21 - [TEST_STEP][PASSED] - delay(5): Delayed 5 second(s)

2019-08-05 17:26:26 - [MESSAGE][PASSED] - Delayed 5 second(s)

2019-08-05 17:26:26 - [TEST_STEP][PASSED] - editButton = findWebElements(to, 1): null

2019-08-05 17:26:26 - [TEST_STEP][PASSED] - assert editButton.size() > 0: null

2019-08-05 17:26:26 - [TEST_STEP][PASSED] - if (editButton.size() > 0): null

2019-08-05 17:26:26 - [TEST_STEP][PASSED] - click(to): Object: 'a_link_dynamic' is clicked on

2019-08-05 17:26:26 - [MESSAGE][PASSED] - Object: 'a_link_dynamic' is clicked on

2019-08-05 17:26:26 - [TEST_STEP][PASSED] - delay(10): Delayed 10 second(s)

2019-08-05 17:26:36 - [MESSAGE][PASSED] - Delayed 10 second(s)

2019-08-05 17:26:36 - [TEST_STEP][PASSED] - if (editScenarioNumber == 1): null

2019-08-05 17:26:36 - [TEST_STEP][PASSED] - else if (editScenarioNumber == 3): null

2019-08-05 17:26:36 - [TEST_STEP][PASSED] - else if (editScenarioNumber == 4): null

2019-08-05 17:26:36 - [TEST_STEP][PASSED] - println("scen = 4"): null

2019-08-05 17:26:36 - [TEST_STEP][PASSED] - donationRemoveButton = findWebElements(findTestObject("Object Repository/ReplicatedSite/a_donation_cannot_remove"), 5): Unable to find the element located by 'By.xpath: //p[contains(text(), 'Heart of cabi Foundation')]/parent::div/parent::div/div[@class='shop-td options']/p/a[contains(text(), ' Remove')]'. Please recheck the objects properties to make sure the desired element is located. 

2019-08-05 17:26:41 - [MESSAGE][INFO] - Unable to find the element located by 'By.xpath: //p[contains(text(), 'Heart of cabi Foundation')]/parent::div/parent::div/div[@class='shop-td options']/p/a[contains(text(), ' Remove')]'. Please recheck the objects properties to make sure the desired element is located. 

2019-08-05 17:26:41 - [TEST_STEP][PASSED] - assert donationRemoveButton.size() == 0: null

2019-08-05 17:26:41 - [MESSAGE][PASSED] - Call Test Case 'Test Cases/editOrder/rsOrderHistoryConfirm' successfully]]></system-out>
         <system-err><![CDATA[]]></system-err>
      </testcase>
      <testcase name="Test Cases/editOrder/rsEditOrderGiftCard" classname="Test Cases/editOrder/rsEditOrderGiftCard" status="PASSED">
         <system-out><![CDATA[2019-08-05 17:26:41 - [TEST_CASE][PASSED] - Test Cases/editOrder/rsEditOrderGiftCard: Test Cases/editOrder/rsEditOrderGiftCard

2019-08-05 17:26:41 - [TEST_STEP][PASSED] - Start listener action : sampleBeforeTestCase: null

2019-08-05 17:26:41 - [TEST_STEP][PASSED] - println(testCaseContext.getTestCaseId()): null

2019-08-05 17:26:41 - [TEST_STEP][PASSED] - println(testCaseContext.getTestCaseVariables()): null

2019-08-05 17:26:41 - [TEST_STEP][PASSED] - callTestCase(findTestCase("editOrder/retailOrderBO"), ["editScenarioNumber":3], STOP_ON_FAILURE): Call Test Case 'Test Cases/editOrder/retailOrderBO' successfully

2019-08-05 17:26:41 - [TEST_CASE][PASSED] - Test Cases/editOrder/retailOrderBO: Test Cases/editOrder/retailOrderBO

2019-08-05 17:26:41 - [TEST_STEP][PASSED] - openBrowser(""): Browser is opened with url: ''

2019-08-05 17:26:41 - [MESSAGE][WARNING] - A browser is already opened. Closing browser and opening a new one

2019-08-05 17:26:42 - [MESSAGE][INFO] - Starting 'Chrome' driver

2019-08-05 17:26:42 - [MESSAGE][INFO] - User set preference: ['args', '[--use-fake-ui-for-media-stream, --start-maximized]']

2019-08-05 17:26:43 - [MESSAGE][PASSED] - Browser is opened with url: ''

2019-08-05 17:26:43 - [TEST_STEP][PASSED] - driver = getWebDriver(): null

2019-08-05 17:26:43 - [TEST_STEP][PASSED] - executor = driver: null

2019-08-05 17:26:43 - [TEST_STEP][PASSED] - callTestCase(findTestCase("TestCaseUtilities/backOfficeLogin"), ["BOURL":"", "BOuser":"", "BOpass":""], STOP_ON_FAILURE): Call Test Case 'Test Cases/TestCaseUtilities/backOfficeLogin' successfully

2019-08-05 17:26:43 - [TEST_CASE][PASSED] - Test Cases/TestCaseUtilities/backOfficeLogin: Test Cases/TestCaseUtilities/backOfficeLogin

2019-08-05 17:26:43 - [TEST_STEP][PASSED] - BOURL = findTestData("envtData").getValue("BOURL", 1): null

2019-08-05 17:26:43 - [TEST_STEP][PASSED] - BOuser = findTestData("credData").getValue("BOuser", 1): null

2019-08-05 17:26:43 - [TEST_STEP][PASSED] - BOpass = findTestData("credData").getValue("BOpass", 1): null

2019-08-05 17:26:43 - [TEST_STEP][PASSED] - navigateToUrl(BOURL): Navigate to 'https://sandbox.cabiclio.com/backoffice/control/main' successfully

2019-08-05 17:26:51 - [MESSAGE][PASSED] - Navigate to 'https://sandbox.cabiclio.com/backoffice/control/main' successfully

2019-08-05 17:26:51 - [TEST_STEP][PASSED] - logOut = findWebElements(findTestObject("Object Repository/Page_cabi Home/log_out"), 1): Unable to find the element located by 'By.xpath: //a[contains(text(),'Log Out')]'. Please recheck the objects properties to make sure the desired element is located. 

2019-08-05 17:26:52 - [MESSAGE][INFO] - Unable to find the element located by 'By.xpath: //a[contains(text(),'Log Out')]'. Please recheck the objects properties to make sure the desired element is located. 

2019-08-05 17:26:52 - [TEST_STEP][PASSED] - if (logOut.size() == 0): Object: 'Object Repository/Page_cabi/input_Welcome to_consultantLogin' is clicked on

2019-08-05 17:26:52 - [TEST_STEP][PASSED] - setText(findTestObject("Page_cabi/input_Welcome to_USERNAME"), BOuser): Text '400000002' is set on object 'Object Repository/Page_cabi/input_Welcome to_USERNAME'

2019-08-05 17:26:52 - [MESSAGE][PASSED] - Text '400000002' is set on object 'Object Repository/Page_cabi/input_Welcome to_USERNAME'

2019-08-05 17:26:52 - [TEST_STEP][PASSED] - setText(findTestObject("Object Repository/Page_cabi/input_Welcome to_PASSWORD"), BOpass): Text 'blackdress19' is set on object 'Object Repository/Page_cabi/input_Welcome to_PASSWORD'

2019-08-05 17:26:53 - [MESSAGE][PASSED] - Text 'blackdress19' is set on object 'Object Repository/Page_cabi/input_Welcome to_PASSWORD'

2019-08-05 17:26:53 - [TEST_STEP][PASSED] - click(findTestObject("Object Repository/Page_cabi/input_Welcome to_consultantLogin")): Object: 'Object Repository/Page_cabi/input_Welcome to_consultantLogin' is clicked on

2019-08-05 17:27:02 - [MESSAGE][PASSED] - Object: 'Object Repository/Page_cabi/input_Welcome to_consultantLogin' is clicked on

2019-08-05 17:27:02 - [TEST_STEP][PASSED] - delay(3): Delayed 3 second(s)

2019-08-05 17:27:05 - [MESSAGE][PASSED] - Delayed 3 second(s)

2019-08-05 17:27:05 - [MESSAGE][PASSED] - Call Test Case 'Test Cases/TestCaseUtilities/backOfficeLogin' successfully

2019-08-05 17:27:05 - [TEST_STEP][PASSED] - click(findTestObject("Object Repository/Page_cabi Home/a_Shows  Orders")): Object: 'Object Repository/Page_cabi Home/a_Shows  Orders' is clicked on

2019-08-05 17:27:05 - [MESSAGE][PASSED] - Object: 'Object Repository/Page_cabi Home/a_Shows  Orders' is clicked on

2019-08-05 17:27:05 - [TEST_STEP][PASSED] - delay(1): Delayed 1 second(s)

2019-08-05 17:27:06 - [MESSAGE][PASSED] - Delayed 1 second(s)

2019-08-05 17:27:06 - [TEST_STEP][PASSED] - rightClick(findTestObject("Page_cabi Home/a_Shows  Orders")): Object: 'Object Repository/Page_cabi Home/a_Shows  Orders' is right clicked on

2019-08-05 17:27:06 - [MESSAGE][PASSED] - Object: 'Object Repository/Page_cabi Home/a_Shows  Orders' is right clicked on

2019-08-05 17:27:06 - [TEST_STEP][PASSED] - click(findTestObject("Page_cabi Home/a_retail_purchases")): Object: 'Object Repository/Page_cabi Home/a_retail_purchases' is clicked on

2019-08-05 17:27:10 - [MESSAGE][PASSED] - Object: 'Object Repository/Page_cabi Home/a_retail_purchases' is clicked on

2019-08-05 17:27:10 - [TEST_STEP][PASSED] - delay(3): Delayed 3 second(s)

2019-08-05 17:27:13 - [MESSAGE][PASSED] - Delayed 3 second(s)

2019-08-05 17:27:13 - [TEST_STEP][PASSED] - click(findTestObject("Object Repository/Page_cabi Home/existingCustomer")): Object: 'Object Repository/Page_cabi Home/existingCustomer' is clicked on

2019-08-05 17:27:13 - [MESSAGE][PASSED] - Object: 'Object Repository/Page_cabi Home/existingCustomer' is clicked on

2019-08-05 17:27:13 - [TEST_STEP][PASSED] - contactNumber = 14: null

2019-08-05 17:27:13 - [TEST_STEP][PASSED] - firstName = findTestData("contactData").getValue("firstName", contactNumber): null

2019-08-05 17:27:13 - [TEST_STEP][PASSED] - lastName = findTestData("contactData").getValue("lastName", contactNumber): null

2019-08-05 17:27:13 - [TEST_STEP][PASSED] - email = findTestData("contactData").getValue("email", contactNumber): null

2019-08-05 17:27:13 - [TEST_STEP][PASSED] - address1 = findTestData("contactData").getValue("address1", contactNumber): null

2019-08-05 17:27:13 - [TEST_STEP][PASSED] - city = findTestData("contactData").getValue("city", contactNumber): null

2019-08-05 17:27:13 - [TEST_STEP][PASSED] - state = findTestData("contactData").getValue("state", contactNumber): null

2019-08-05 17:27:13 - [TEST_STEP][PASSED] - zip = findTestData("contactData").getValue("zip", contactNumber): null

2019-08-05 17:27:13 - [TEST_STEP][PASSED] - existingCustFName = firstName: null

2019-08-05 17:27:13 - [TEST_STEP][PASSED] - existingCustLName = lastName: null

2019-08-05 17:27:13 - [TEST_STEP][PASSED] - space = " ": null

2019-08-05 17:27:13 - [TEST_STEP][PASSED] - existingCust = $existingCustFName$space$existingCustLName: null

2019-08-05 17:27:13 - [TEST_STEP][PASSED] - setText(findTestObject("Object Repository/Page_cabi Home/input_existing_guest"), existingCust): Text 'vishalguest1 abc' is set on object 'Object Repository/Page_cabi Home/input_existing_guest'

2019-08-05 17:27:13 - [MESSAGE][PASSED] - Text 'vishalguest1 abc' is set on object 'Object Repository/Page_cabi Home/input_existing_guest'

2019-08-05 17:27:13 - [TEST_STEP][PASSED] - delay(3): Delayed 3 second(s)

2019-08-05 17:27:16 - [MESSAGE][PASSED] - Delayed 3 second(s)

2019-08-05 17:27:16 - [TEST_STEP][PASSED] - rightClick(findTestObject("Object Repository/Page_cabi Home/input_existing_guest")): Object: 'Object Repository/Page_cabi Home/input_existing_guest' is right clicked on

2019-08-05 17:27:17 - [MESSAGE][PASSED] - Object: 'Object Repository/Page_cabi Home/input_existing_guest' is right clicked on

2019-08-05 17:27:17 - [TEST_STEP][PASSED] - rightClick(findTestObject("Object Repository/Page_cabi Home/input_existing_guest")): Object: 'Object Repository/Page_cabi Home/input_existing_guest' is right clicked on

2019-08-05 17:27:17 - [MESSAGE][PASSED] - Object: 'Object Repository/Page_cabi Home/input_existing_guest' is right clicked on

2019-08-05 17:27:17 - [TEST_STEP][PASSED] - click(findTestObject("Object Repository/Page_cabi Create Show - Set Hostess/a_select_customer")): Object: 'Object Repository/Page_cabi Create Show - Set Hostess/a_select_customer' is clicked on

2019-08-05 17:27:17 - [MESSAGE][PASSED] - Object: 'Object Repository/Page_cabi Create Show - Set Hostess/a_select_customer' is clicked on

2019-08-05 17:27:17 - [TEST_STEP][PASSED] - setText(findTestObject("Object Repository/Page_cabi Home/input_existing_guest"), existingCust): Text 'vishalguest1 abc' is set on object 'Object Repository/Page_cabi Home/input_existing_guest'

2019-08-05 17:27:18 - [MESSAGE][PASSED] - Text 'vishalguest1 abc' is set on object 'Object Repository/Page_cabi Home/input_existing_guest'

2019-08-05 17:27:18 - [TEST_STEP][PASSED] - setText(findTestObject("Object Repository/Page_cabi Retail Store/input_email"), email): Text 'vishalguest1@test.com' is set on object 'Object Repository/Page_cabi Retail Store/input_email'

2019-08-05 17:27:18 - [MESSAGE][PASSED] - Text 'vishalguest1@test.com' is set on object 'Object Repository/Page_cabi Retail Store/input_email'

2019-08-05 17:27:18 - [TEST_STEP][PASSED] - setText(findTestObject("Object Repository/Page_cabi Edit Customer Profile/input_Address1_address1"), address1): Text '972 BRAHMS CT' is set on object 'Object Repository/Page_cabi Edit Customer Profile/input_Address1_address1'

2019-08-05 17:27:18 - [MESSAGE][PASSED] - Text '972 BRAHMS CT' is set on object 'Object Repository/Page_cabi Edit Customer Profile/input_Address1_address1'

2019-08-05 17:27:18 - [TEST_STEP][PASSED] - setText(findTestObject("Object Repository/Page_cabi Edit Customer Profile/input_Address2_address2"), ""): Text '' is set on object 'Object Repository/Page_cabi Edit Customer Profile/input_Address2_address2'

2019-08-05 17:27:18 - [MESSAGE][PASSED] - Text '' is set on object 'Object Repository/Page_cabi Edit Customer Profile/input_Address2_address2'

2019-08-05 17:27:18 - [TEST_STEP][PASSED] - setText(findTestObject("Object Repository/Page_cabi Edit Customer Profile/input_City_city"), city): Text 'TROY' is set on object 'Object Repository/Page_cabi Edit Customer Profile/input_City_city'

2019-08-05 17:27:18 - [MESSAGE][PASSED] - Text 'TROY' is set on object 'Object Repository/Page_cabi Edit Customer Profile/input_City_city'

2019-08-05 17:27:18 - [TEST_STEP][PASSED] - click(findTestObject("Page_cabi Edit Customer Profile/span_select_a_state")): Object: 'Object Repository/Page_cabi Edit Customer Profile/span_select_a_state' is clicked on

2019-08-05 17:27:18 - [MESSAGE][PASSED] - Object: 'Object Repository/Page_cabi Edit Customer Profile/span_select_a_state' is clicked on

2019-08-05 17:27:18 - [TEST_STEP][PASSED] - delay(1): Delayed 1 second(s)

2019-08-05 17:27:19 - [MESSAGE][PASSED] - Delayed 1 second(s)

2019-08-05 17:27:19 - [TEST_STEP][PASSED] - setText(findTestObject("Object Repository/Page_cabi Edit Customer Profile/input_state_1"), state): Text 'Michigan' is set on object 'Object Repository/Page_cabi Edit Customer Profile/input_state_1'

2019-08-05 17:27:19 - [MESSAGE][PASSED] - Text 'Michigan' is set on object 'Object Repository/Page_cabi Edit Customer Profile/input_state_1'

2019-08-05 17:27:19 - [TEST_STEP][PASSED] - delay(2): Delayed 2 second(s)

2019-08-05 17:27:21 - [MESSAGE][PASSED] - Delayed 2 second(s)

2019-08-05 17:27:21 - [TEST_STEP][PASSED] - click(findTestObject("Page_cabi Edit Customer Profile/span_state")): Object: 'Object Repository/Page_cabi Edit Customer Profile/span_state' is clicked on

2019-08-05 17:27:21 - [MESSAGE][PASSED] - Object: 'Object Repository/Page_cabi Edit Customer Profile/span_state' is clicked on

2019-08-05 17:27:21 - [TEST_STEP][PASSED] - setText(findTestObject("Page_cabi Edit Customer Profile/input_state_postalCode"), zip): Text '48085' is set on object 'Object Repository/Page_cabi Edit Customer Profile/input_state_postalCode'

2019-08-05 17:27:22 - [MESSAGE][PASSED] - Text '48085' is set on object 'Object Repository/Page_cabi Edit Customer Profile/input_state_postalCode'

2019-08-05 17:27:22 - [TEST_STEP][PASSED] - delay(5): Delayed 5 second(s)

2019-08-05 17:27:27 - [MESSAGE][PASSED] - Delayed 5 second(s)

2019-08-05 17:27:27 - [TEST_STEP][PASSED] - check(findTestObject("Object Repository/Page_cabi Home/a_same_shipping_address")): Object 'Object Repository/Page_cabi Home/a_same_shipping_address' is checked

2019-08-05 17:27:27 - [MESSAGE][PASSED] - Object 'Object Repository/Page_cabi Home/a_same_shipping_address' is checked

2019-08-05 17:27:27 - [TEST_STEP][PASSED] - delay(5): Delayed 5 second(s)

2019-08-05 17:27:32 - [MESSAGE][PASSED] - Delayed 5 second(s)

2019-08-05 17:27:32 - [TEST_STEP][PASSED] - check(findTestObject("Object Repository/Page_cabi Home/a_same_shipping_address")): Object 'Object Repository/Page_cabi Home/a_same_shipping_address' is checked

2019-08-05 17:27:32 - [MESSAGE][PASSED] - Object 'Object Repository/Page_cabi Home/a_same_shipping_address' is checked

2019-08-05 17:27:32 - [TEST_STEP][PASSED] - delay(5): Delayed 5 second(s)

2019-08-05 17:27:37 - [MESSAGE][PASSED] - Delayed 5 second(s)

2019-08-05 17:27:37 - [TEST_STEP][PASSED] - nextButton = driver.findElement(By.xpath("//li/a/span[@id='returnToActionLabel']")): null

2019-08-05 17:27:37 - [TEST_STEP][PASSED] - executor.executeScript("arguments[0].click();", nextButton): null

2019-08-05 17:27:37 - [TEST_STEP][PASSED] - delay(3): Delayed 3 second(s)

2019-08-05 17:27:40 - [MESSAGE][PASSED] - Delayed 3 second(s)

2019-08-05 17:27:40 - [TEST_STEP][PASSED] - click(findTestObject("Object Repository/Page_cabi Retail Store/span_quick_entry")): Object: 'Object Repository/Page_cabi Retail Store/span_quick_entry' is clicked on

2019-08-05 17:27:44 - [MESSAGE][PASSED] - Object: 'Object Repository/Page_cabi Retail Store/span_quick_entry' is clicked on

2019-08-05 17:27:44 - [TEST_STEP][PASSED] - delay(3): Delayed 3 second(s)

2019-08-05 17:27:47 - [MESSAGE][PASSED] - Delayed 3 second(s)

2019-08-05 17:27:47 - [TEST_STEP][PASSED] - emptyCart = findWebElements(findTestObject("Object Repository/Page_cabi Personal Store/removeFromCart"), 5): Unable to find the element located by 'By.xpath: //*[@id="removeFromCart_0"]/span'. Please recheck the objects properties to make sure the desired element is located. 

2019-08-05 17:27:52 - [MESSAGE][INFO] - Unable to find the element located by 'By.xpath: //*[@id="removeFromCart_0"]/span'. Please recheck the objects properties to make sure the desired element is located. 

2019-08-05 17:27:52 - [TEST_STEP][PASSED] - if (emptyCart.size() > 0): null

2019-08-05 17:27:52 - [TEST_STEP][PASSED] - addOnStyle = findTestData("miscData").getValue("addOnStyle", 1): null

2019-08-05 17:27:52 - [TEST_STEP][PASSED] - addOnStyle2 = findTestData("miscData").getValue("addOnStyle", 2): null

2019-08-05 17:27:52 - [TEST_STEP][PASSED] - click(findTestObject("Object Repository/Page_cabi Create Order/input_Manual Discount_stylelookup_0")): Object: 'Object Repository/Page_cabi Create Order/input_Manual Discount_stylelookup_0' is clicked on

2019-08-05 17:27:52 - [MESSAGE][PASSED] - Object: 'Object Repository/Page_cabi Create Order/input_Manual Discount_stylelookup_0' is clicked on

2019-08-05 17:27:52 - [TEST_STEP][PASSED] - setText(findTestObject("Object Repository/Page_cabi Create Order/input_Manual Discount_stylelookup_0"), addOnStyle): Text '5448' is set on object 'Object Repository/Page_cabi Create Order/input_Manual Discount_stylelookup_0'

2019-08-05 17:27:52 - [MESSAGE][PASSED] - Text '5448' is set on object 'Object Repository/Page_cabi Create Order/input_Manual Discount_stylelookup_0'

2019-08-05 17:27:52 - [TEST_STEP][PASSED] - delay(3): Delayed 3 second(s)

2019-08-05 17:27:55 - [MESSAGE][PASSED] - Delayed 3 second(s)

2019-08-05 17:27:55 - [TEST_STEP][PASSED] - prod_message = getText(findTestObject("Page_cabi Create Order/first_option")): Text of object 'Object Repository/Page_cabi Create Order/first_option' is: '5448 Sailor Pullover'

2019-08-05 17:27:55 - [MESSAGE][PASSED] - Text of object 'Object Repository/Page_cabi Create Order/first_option' is: '5448 Sailor Pullover'

2019-08-05 17:27:55 - [TEST_STEP][PASSED] - click(findTestObject("Page_cabi Create Order/first_option")): Object: 'Object Repository/Page_cabi Create Order/first_option' is clicked on

2019-08-05 17:27:55 - [MESSAGE][PASSED] - Object: 'Object Repository/Page_cabi Create Order/first_option' is clicked on

2019-08-05 17:27:55 - [TEST_STEP][PASSED] - delay(5): Delayed 5 second(s)

2019-08-05 17:28:00 - [MESSAGE][PASSED] - Delayed 5 second(s)

2019-08-05 17:28:00 - [TEST_STEP][PASSED] - click(findTestObject("Object Repository/Page_cabi Order Items/selectSize")): Object: 'Object Repository/Page_cabi Order Items/selectSize' is clicked on

2019-08-05 17:28:00 - [MESSAGE][PASSED] - Object: 'Object Repository/Page_cabi Order Items/selectSize' is clicked on

2019-08-05 17:28:00 - [TEST_STEP][PASSED] - click(findTestObject("Object Repository/Page_cabi Order Items/span_Add to Cart")): Object: 'Object Repository/Page_cabi Order Items/span_Add to Cart' is clicked on

2019-08-05 17:28:00 - [MESSAGE][PASSED] - Object: 'Object Repository/Page_cabi Order Items/span_Add to Cart' is clicked on

2019-08-05 17:28:00 - [TEST_STEP][PASSED] - delay(5): Delayed 5 second(s)

2019-08-05 17:28:05 - [MESSAGE][PASSED] - Delayed 5 second(s)

2019-08-05 17:28:05 - [TEST_STEP][PASSED] - click(findTestObject("Object Repository/Page_cabi Create Order/inputStyleLookup1")): Object: 'Object Repository/Page_cabi Create Order/inputStyleLookup1' is clicked on

2019-08-05 17:28:05 - [MESSAGE][PASSED] - Object: 'Object Repository/Page_cabi Create Order/inputStyleLookup1' is clicked on

2019-08-05 17:28:05 - [TEST_STEP][PASSED] - setText(findTestObject("Object Repository/Page_cabi Create Order/inputStyleLookup1"), addOnStyle2): Text '5449' is set on object 'Object Repository/Page_cabi Create Order/inputStyleLookup1'

2019-08-05 17:28:05 - [MESSAGE][PASSED] - Text '5449' is set on object 'Object Repository/Page_cabi Create Order/inputStyleLookup1'

2019-08-05 17:28:05 - [TEST_STEP][PASSED] - delay(3): Delayed 3 second(s)

2019-08-05 17:28:08 - [MESSAGE][PASSED] - Delayed 3 second(s)

2019-08-05 17:28:08 - [TEST_STEP][PASSED] - prod_message2 = getText(findTestObject("Page_cabi Create Order/first_option")): Text of object 'Object Repository/Page_cabi Create Order/first_option' is: '5449 Cable Cardigan'

2019-08-05 17:28:08 - [MESSAGE][PASSED] - Text of object 'Object Repository/Page_cabi Create Order/first_option' is: '5449 Cable Cardigan'

2019-08-05 17:28:08 - [TEST_STEP][PASSED] - click(findTestObject("Page_cabi Create Order/first_option")): Object: 'Object Repository/Page_cabi Create Order/first_option' is clicked on

2019-08-05 17:28:08 - [MESSAGE][PASSED] - Object: 'Object Repository/Page_cabi Create Order/first_option' is clicked on

2019-08-05 17:28:08 - [TEST_STEP][PASSED] - delay(5): Delayed 5 second(s)

2019-08-05 17:28:13 - [MESSAGE][PASSED] - Delayed 5 second(s)

2019-08-05 17:28:13 - [TEST_STEP][PASSED] - click(findTestObject("Object Repository/Page_cabi Order Items/selectSize2")): Object: 'Object Repository/Page_cabi Order Items/selectSize2' is clicked on

2019-08-05 17:28:14 - [MESSAGE][PASSED] - Object: 'Object Repository/Page_cabi Order Items/selectSize2' is clicked on

2019-08-05 17:28:14 - [TEST_STEP][PASSED] - click(findTestObject("Object Repository/Page_cabi Order Items/addToCart2")): Object: 'Object Repository/Page_cabi Order Items/addToCart2' is clicked on

2019-08-05 17:28:14 - [MESSAGE][PASSED] - Object: 'Object Repository/Page_cabi Order Items/addToCart2' is clicked on

2019-08-05 17:28:14 - [TEST_STEP][PASSED] - delay(5): Delayed 5 second(s)

2019-08-05 17:28:19 - [MESSAGE][PASSED] - Delayed 5 second(s)

2019-08-05 17:28:19 - [TEST_STEP][PASSED] - if (editScenarioNumber == 1): null

2019-08-05 17:28:19 - [TEST_STEP][PASSED] - else if (editScenarioNumber == 2): null

2019-08-05 17:28:19 - [TEST_STEP][PASSED] - else if (editScenarioNumber == 3): Object: 'Object Repository/Page_cabi Order Items/a_submit' is clicked on

2019-08-05 17:28:19 - [TEST_STEP][PASSED] - click(findTestObject("Object Repository/Page_cabi Retail Store/span_gift_card")): Object: 'Object Repository/Page_cabi Retail Store/span_gift_card' is clicked on

2019-08-05 17:28:19 - [MESSAGE][PASSED] - Object: 'Object Repository/Page_cabi Retail Store/span_gift_card' is clicked on

2019-08-05 17:28:19 - [TEST_STEP][PASSED] - delay(5): Delayed 5 second(s)

2019-08-05 17:28:24 - [MESSAGE][PASSED] - Delayed 5 second(s)

2019-08-05 17:28:24 - [TEST_STEP][PASSED] - click(findTestObject("Page_cabi Order Items/select_gc_amount")): Object: 'Object Repository/Page_cabi Order Items/select_gc_amount' is clicked on

2019-08-05 17:28:25 - [MESSAGE][PASSED] - Object: 'Object Repository/Page_cabi Order Items/select_gc_amount' is clicked on

2019-08-05 17:28:25 - [TEST_STEP][PASSED] - click(findTestObject("Object Repository/Page_cabi Order Items/select_delivery_method")): Object: 'Object Repository/Page_cabi Order Items/select_delivery_method' is clicked on

2019-08-05 17:28:25 - [MESSAGE][PASSED] - Object: 'Object Repository/Page_cabi Order Items/select_delivery_method' is clicked on

2019-08-05 17:28:25 - [TEST_STEP][PASSED] - click(findTestObject("Object Repository/Page_cabi Order Items/input_gc_type")): Object: 'Object Repository/Page_cabi Order Items/input_gc_type' is clicked on

2019-08-05 17:28:25 - [MESSAGE][PASSED] - Object: 'Object Repository/Page_cabi Order Items/input_gc_type' is clicked on

2019-08-05 17:28:25 - [TEST_STEP][PASSED] - recContactNumber = 3: null

2019-08-05 17:28:25 - [TEST_STEP][PASSED] - recFName = findTestData("contactData").getValue("firstName", recContactNumber): null

2019-08-05 17:28:25 - [TEST_STEP][PASSED] - recLName = findTestData("contactData").getValue("lastName", recContactNumber): null

2019-08-05 17:28:25 - [TEST_STEP][PASSED] - recEmail = findTestData("contactData").getValue("email", recContactNumber): null

2019-08-05 17:28:25 - [TEST_STEP][PASSED] - setText(findTestObject("Object Repository/Page_cabi Order Items/input_gc_rec_fname"), recFName): Text 'neocohost1' is set on object 'Object Repository/Page_cabi Order Items/input_gc_rec_fname'

2019-08-05 17:28:25 - [MESSAGE][PASSED] - Text 'neocohost1' is set on object 'Object Repository/Page_cabi Order Items/input_gc_rec_fname'

2019-08-05 17:28:25 - [TEST_STEP][PASSED] - setText(findTestObject("Object Repository/Page_cabi Order Items/input_gc_rec_lname"), recLName): Text 'abc' is set on object 'Object Repository/Page_cabi Order Items/input_gc_rec_lname'

2019-08-05 17:28:25 - [MESSAGE][PASSED] - Text 'abc' is set on object 'Object Repository/Page_cabi Order Items/input_gc_rec_lname'

2019-08-05 17:28:25 - [TEST_STEP][PASSED] - setText(findTestObject("Object Repository/Page_cabi Order Items/input_gc_rec_email"), recEmail): Text 'neocohost1a@test.com' is set on object 'Object Repository/Page_cabi Order Items/input_gc_rec_email'

2019-08-05 17:28:25 - [MESSAGE][PASSED] - Text 'neocohost1a@test.com' is set on object 'Object Repository/Page_cabi Order Items/input_gc_rec_email'

2019-08-05 17:28:25 - [TEST_STEP][PASSED] - setText(findTestObject("Object Repository/Page_cabi Order Items/input_gc_send_fname"), firstName): Text 'vishalguest1' is set on object 'Object Repository/Page_cabi Order Items/input_gc_send_fname'

2019-08-05 17:28:25 - [MESSAGE][PASSED] - Text 'vishalguest1' is set on object 'Object Repository/Page_cabi Order Items/input_gc_send_fname'

2019-08-05 17:28:25 - [TEST_STEP][PASSED] - setText(findTestObject("Object Repository/Page_cabi Order Items/input_gc_send_lname"), lastName): Text 'abc' is set on object 'Object Repository/Page_cabi Order Items/input_gc_send_lname'

2019-08-05 17:28:25 - [MESSAGE][PASSED] - Text 'abc' is set on object 'Object Repository/Page_cabi Order Items/input_gc_send_lname'

2019-08-05 17:28:25 - [TEST_STEP][PASSED] - setText(findTestObject("Object Repository/Page_cabi Order Items/input_gc_send_email"), email): Text 'vishalguest1@test.com' is set on object 'Object Repository/Page_cabi Order Items/input_gc_send_email'

2019-08-05 17:28:26 - [MESSAGE][PASSED] - Text 'vishalguest1@test.com' is set on object 'Object Repository/Page_cabi Order Items/input_gc_send_email'

2019-08-05 17:28:26 - [TEST_STEP][PASSED] - click(findTestObject("Object Repository/Page_cabi Order Items/a_submit")): Object: 'Object Repository/Page_cabi Order Items/a_submit' is clicked on

2019-08-05 17:28:26 - [MESSAGE][PASSED] - Object: 'Object Repository/Page_cabi Order Items/a_submit' is clicked on

2019-08-05 17:28:26 - [TEST_STEP][PASSED] - click(findTestObject("Object Repository/Page_cabi Order Items/a_checkout")): Object: 'Object Repository/Page_cabi Order Items/a_checkout' is clicked on

2019-08-05 17:28:27 - [MESSAGE][PASSED] - Object: 'Object Repository/Page_cabi Order Items/a_checkout' is clicked on

2019-08-05 17:28:27 - [TEST_STEP][PASSED] - delay(3): Delayed 3 second(s)

2019-08-05 17:28:30 - [MESSAGE][PASSED] - Delayed 3 second(s)

2019-08-05 17:28:30 - [TEST_STEP][PASSED] - click(findTestObject("Page_cabi Personal Store/nextButtonShipping")): Object: 'Object Repository/Page_cabi Personal Store/nextButtonShipping' is clicked on

2019-08-05 17:28:30 - [MESSAGE][PASSED] - Object: 'Object Repository/Page_cabi Personal Store/nextButtonShipping' is clicked on

2019-08-05 17:28:30 - [TEST_STEP][PASSED] - delay(3): Delayed 3 second(s)

2019-08-05 17:28:33 - [MESSAGE][PASSED] - Delayed 3 second(s)

2019-08-05 17:28:33 - [TEST_STEP][PASSED] - click(findTestObject("Page_cabi Personal Store/makeFirstPayment")): Object: 'Object Repository/Page_cabi Personal Store/makeFirstPayment' is clicked on

2019-08-05 17:28:33 - [MESSAGE][PASSED] - Object: 'Object Repository/Page_cabi Personal Store/makeFirstPayment' is clicked on

2019-08-05 17:28:33 - [TEST_STEP][PASSED] - click(findTestObject("Object Repository/Page_cabi Personal Store/select_cash")): Object: 'Object Repository/Page_cabi Personal Store/select_cash' is clicked on

2019-08-05 17:28:33 - [MESSAGE][PASSED] - Object: 'Object Repository/Page_cabi Personal Store/select_cash' is clicked on

2019-08-05 17:28:33 - [TEST_STEP][PASSED] - click(findTestObject("Page_cabi Personal Store/submitPayment")): Object: 'Object Repository/Page_cabi Personal Store/submitPayment' is clicked on

2019-08-05 17:28:33 - [MESSAGE][PASSED] - Object: 'Object Repository/Page_cabi Personal Store/submitPayment' is clicked on

2019-08-05 17:28:33 - [TEST_STEP][PASSED] - click(findTestObject("Page_cabi Personal Store/submitOrderId")): Object: 'Object Repository/Page_cabi Personal Store/submitOrderId' is clicked on

2019-08-05 17:28:35 - [MESSAGE][PASSED] - Object: 'Object Repository/Page_cabi Personal Store/submitOrderId' is clicked on

2019-08-05 17:28:35 - [TEST_STEP][PASSED] - successMsg = "": null

2019-08-05 17:28:35 - [TEST_STEP][PASSED] - orderSuccess = false: null

2019-08-05 17:28:35 - [TEST_STEP][PASSED] - successMsgs = findWebElements(findTestObject("Object Repository/Page_cabi Personal Store/p_success_msg"), 5): null

2019-08-05 17:28:36 - [TEST_STEP][PASSED] - if (successMsgs.size() > 0): Text of object 'Object Repository/Page_cabi Personal Store/p_order_id' is: 'RT708104610'

2019-08-05 17:28:36 - [TEST_STEP][PASSED] - successMsg = getText(findTestObject("Object Repository/Page_cabi Personal Store/p_success_msg")): Text of object 'Object Repository/Page_cabi Personal Store/p_success_msg' is: 'Order Created Successfully!!
Order #:  RT708104610

CONTINUE SHOPPING'

2019-08-05 17:28:36 - [MESSAGE][PASSED] - Text of object 'Object Repository/Page_cabi Personal Store/p_success_msg' is: 'Order Created Successfully!!
Order #:  RT708104610

CONTINUE SHOPPING'

2019-08-05 17:28:36 - [TEST_STEP][PASSED] - orderSuccess = true: null

2019-08-05 17:28:36 - [TEST_STEP][PASSED] - retailOrderID = getText(findTestObject("Object Repository/Page_cabi Personal Store/p_order_id")): Text of object 'Object Repository/Page_cabi Personal Store/p_order_id' is: 'RT708104610'

2019-08-05 17:28:36 - [MESSAGE][PASSED] - Text of object 'Object Repository/Page_cabi Personal Store/p_order_id' is: 'RT708104610'

2019-08-05 17:28:36 - [TEST_STEP][PASSED] - assert orderSuccess == true: null

2019-08-05 17:28:36 - [TEST_STEP][NOT_RUN] - closeBrowser(): NOT_RUN: closeBrowser()

2019-08-05 17:28:36 - [MESSAGE][NOT_RUN] - NOT_RUN: closeBrowser()

2019-08-05 17:28:36 - [MESSAGE][PASSED] - Call Test Case 'Test Cases/editOrder/retailOrderBO' successfully

2019-08-05 17:28:36 - [TEST_STEP][PASSED] - delay(10): Delayed 10 second(s)

2019-08-05 17:28:46 - [MESSAGE][PASSED] - Delayed 10 second(s)

2019-08-05 17:28:46 - [TEST_STEP][PASSED] - callTestCase(findTestCase("TestCaseUtilities/setVHost"), [:], STOP_ON_FAILURE): Call Test Case 'Test Cases/TestCaseUtilities/setVHost' successfully

2019-08-05 17:28:46 - [TEST_CASE][PASSED] - Test Cases/TestCaseUtilities/setVHost: Test Cases/TestCaseUtilities/setVHost

2019-08-05 17:28:46 - [TEST_STEP][PASSED] - ofbizURL = findTestData("envtData").getValue("ofbizURL", 1): null

2019-08-05 17:28:46 - [TEST_STEP][PASSED] - ofbizUser = findTestData("credData").getValue("ofbizuser", 1): null

2019-08-05 17:28:46 - [TEST_STEP][PASSED] - ofbizPass = findTestData("credData").getValue("ofbizpass", 1): null

2019-08-05 17:28:46 - [TEST_STEP][PASSED] - vhostTarget = findTestData("envtData").getValue("vhostTarget", 1): null

2019-08-05 17:28:46 - [TEST_STEP][PASSED] - navigateToUrl(ofbizURL): Navigate to 'https://pushofbiz.cliotest.com/login.php' successfully

2019-08-05 17:28:47 - [MESSAGE][PASSED] - Navigate to 'https://pushofbiz.cliotest.com/login.php' successfully

2019-08-05 17:28:47 - [TEST_STEP][PASSED] - setText(findTestObject("Object Repository/virualShowRSVPOR/Page_/input_Username_username"), ofbizUser): Text 'automation' is set on object 'Object Repository/virualShowRSVPOR/Page_/input_Username_username'

2019-08-05 17:28:47 - [MESSAGE][PASSED] - Text 'automation' is set on object 'Object Repository/virualShowRSVPOR/Page_/input_Username_username'

2019-08-05 17:28:47 - [TEST_STEP][PASSED] - setText(findTestObject("Object Repository/virualShowRSVPOR/Page_/input_Password_password"), ofbizPass): Text 'cabiautomation' is set on object 'Object Repository/virualShowRSVPOR/Page_/input_Password_password'

2019-08-05 17:28:47 - [MESSAGE][PASSED] - Text 'cabiautomation' is set on object 'Object Repository/virualShowRSVPOR/Page_/input_Password_password'

2019-08-05 17:28:47 - [TEST_STEP][PASSED] - click(findTestObject("Object Repository/virualShowRSVPOR/Page_/input_Password_Submit")): Object: 'Object Repository/virualShowRSVPOR/Page_/input_Password_Submit' is clicked on

2019-08-05 17:28:52 - [MESSAGE][PASSED] - Object: 'Object Repository/virualShowRSVPOR/Page_/input_Password_Submit' is clicked on

2019-08-05 17:28:52 - [TEST_STEP][PASSED] - click(findTestObject("Object Repository/virualShowRSVPOR/Page_/a_Set Vhost")): Object: 'Object Repository/virualShowRSVPOR/Page_/a_Set Vhost' is clicked on

2019-08-05 17:28:52 - [MESSAGE][PASSED] - Object: 'Object Repository/virualShowRSVPOR/Page_/a_Set Vhost' is clicked on

2019-08-05 17:28:52 - [TEST_STEP][PASSED] - click(UtilityMethods.createTestObject("select_target", "//select[@name='Target']/option[contains(text(), '", vhostTarget, "')]")): Object: 'select_target' is clicked on

2019-08-05 17:28:52 - [MESSAGE][PASSED] - Object: 'select_target' is clicked on

2019-08-05 17:28:52 - [TEST_STEP][PASSED] - click(findTestObject("Object Repository/virualShowRSVPOR/Page_/input")): Object: 'Object Repository/virualShowRSVPOR/Page_/input' is clicked on

2019-08-05 17:28:54 - [MESSAGE][PASSED] - Object: 'Object Repository/virualShowRSVPOR/Page_/input' is clicked on

2019-08-05 17:28:54 - [MESSAGE][PASSED] - Call Test Case 'Test Cases/TestCaseUtilities/setVHost' successfully

2019-08-05 17:28:54 - [TEST_STEP][PASSED] - callTestCase(findTestCase("TestCaseUtilities/rsLogin"), ["RSURL":"", "RSuser":"", "RSpass":""], STOP_ON_FAILURE): Call Test Case 'Test Cases/TestCaseUtilities/rsLogin' successfully

2019-08-05 17:28:54 - [TEST_CASE][PASSED] - Test Cases/TestCaseUtilities/rsLogin: Test Cases/TestCaseUtilities/rsLogin

2019-08-05 17:28:54 - [TEST_STEP][PASSED] - dataFile = "micrositeData": null

2019-08-05 17:28:54 - [TEST_STEP][PASSED] - guest1Mail = findTestData(dataFile).getValue("guest1Mail", 1): null

2019-08-05 17:28:54 - [TEST_STEP][PASSED] - guest1Pass = findTestData(dataFile).getValue("guest1Pass", 1): null

2019-08-05 17:28:54 - [TEST_STEP][PASSED] - RSTestEnvt = findTestData("envtData").getValue("RSTestEnvt", 1): null

2019-08-05 17:28:54 - [TEST_STEP][PASSED] - openBrowser(""): Browser is opened with url: ''

2019-08-05 17:28:54 - [MESSAGE][WARNING] - A browser is already opened. Closing browser and opening a new one

2019-08-05 17:28:55 - [MESSAGE][INFO] - Starting 'Chrome' driver

2019-08-05 17:28:55 - [MESSAGE][INFO] - User set preference: ['args', '[--use-fake-ui-for-media-stream, --start-maximized]']

2019-08-05 17:28:56 - [MESSAGE][PASSED] - Browser is opened with url: ''

2019-08-05 17:28:56 - [TEST_STEP][PASSED] - callTestCase(findTestCase("TestCaseUtilities/setVHost"), [:], STOP_ON_FAILURE): Call Test Case 'Test Cases/TestCaseUtilities/setVHost' successfully

2019-08-05 17:28:56 - [TEST_CASE][PASSED] - Test Cases/TestCaseUtilities/setVHost: Test Cases/TestCaseUtilities/setVHost

2019-08-05 17:28:56 - [TEST_STEP][PASSED] - ofbizURL = findTestData("envtData").getValue("ofbizURL", 1): null

2019-08-05 17:28:56 - [TEST_STEP][PASSED] - ofbizUser = findTestData("credData").getValue("ofbizuser", 1): null

2019-08-05 17:28:56 - [TEST_STEP][PASSED] - ofbizPass = findTestData("credData").getValue("ofbizpass", 1): null

2019-08-05 17:28:56 - [TEST_STEP][PASSED] - vhostTarget = findTestData("envtData").getValue("vhostTarget", 1): null

2019-08-05 17:28:56 - [TEST_STEP][PASSED] - navigateToUrl(ofbizURL): Navigate to 'https://pushofbiz.cliotest.com/login.php' successfully

2019-08-05 17:28:57 - [MESSAGE][PASSED] - Navigate to 'https://pushofbiz.cliotest.com/login.php' successfully

2019-08-05 17:28:57 - [TEST_STEP][PASSED] - setText(findTestObject("Object Repository/virualShowRSVPOR/Page_/input_Username_username"), ofbizUser): Text 'automation' is set on object 'Object Repository/virualShowRSVPOR/Page_/input_Username_username'

2019-08-05 17:28:57 - [MESSAGE][PASSED] - Text 'automation' is set on object 'Object Repository/virualShowRSVPOR/Page_/input_Username_username'

2019-08-05 17:28:57 - [TEST_STEP][PASSED] - setText(findTestObject("Object Repository/virualShowRSVPOR/Page_/input_Password_password"), ofbizPass): Text 'cabiautomation' is set on object 'Object Repository/virualShowRSVPOR/Page_/input_Password_password'

2019-08-05 17:28:57 - [MESSAGE][PASSED] - Text 'cabiautomation' is set on object 'Object Repository/virualShowRSVPOR/Page_/input_Password_password'

2019-08-05 17:28:57 - [TEST_STEP][PASSED] - click(findTestObject("Object Repository/virualShowRSVPOR/Page_/input_Password_Submit")): Object: 'Object Repository/virualShowRSVPOR/Page_/input_Password_Submit' is clicked on

2019-08-05 17:29:02 - [MESSAGE][PASSED] - Object: 'Object Repository/virualShowRSVPOR/Page_/input_Password_Submit' is clicked on

2019-08-05 17:29:02 - [TEST_STEP][PASSED] - click(findTestObject("Object Repository/virualShowRSVPOR/Page_/a_Set Vhost")): Object: 'Object Repository/virualShowRSVPOR/Page_/a_Set Vhost' is clicked on

2019-08-05 17:29:02 - [MESSAGE][PASSED] - Object: 'Object Repository/virualShowRSVPOR/Page_/a_Set Vhost' is clicked on

2019-08-05 17:29:02 - [TEST_STEP][PASSED] - click(UtilityMethods.createTestObject("select_target", "//select[@name='Target']/option[contains(text(), '", vhostTarget, "')]")): Object: 'select_target' is clicked on

2019-08-05 17:29:02 - [MESSAGE][PASSED] - Object: 'select_target' is clicked on

2019-08-05 17:29:02 - [TEST_STEP][PASSED] - click(findTestObject("Object Repository/virualShowRSVPOR/Page_/input")): Object: 'Object Repository/virualShowRSVPOR/Page_/input' is clicked on

2019-08-05 17:29:04 - [MESSAGE][PASSED] - Object: 'Object Repository/virualShowRSVPOR/Page_/input' is clicked on

2019-08-05 17:29:04 - [MESSAGE][PASSED] - Call Test Case 'Test Cases/TestCaseUtilities/setVHost' successfully

2019-08-05 17:29:04 - [TEST_STEP][PASSED] - loginURL = UtilityMethods.concat("https://mirandakate.", RSTestEnvt, ".com/?component=account.login-gateway"): null

2019-08-05 17:29:04 - [TEST_STEP][PASSED] - navigateToUrl(loginURL): Navigate to 'https://mirandakate.cabisandbox.com/?component=account.login-gateway' successfully

2019-08-05 17:29:31 - [MESSAGE][PASSED] - Navigate to 'https://mirandakate.cabisandbox.com/?component=account.login-gateway' successfully

2019-08-05 17:29:31 - [TEST_STEP][PASSED] - "Login with the invited guest": null

2019-08-05 17:29:31 - [TEST_STEP][PASSED] - delay(3): Delayed 3 second(s)

2019-08-05 17:29:34 - [MESSAGE][PASSED] - Delayed 3 second(s)

2019-08-05 17:29:34 - [TEST_STEP][PASSED] - setText(findTestObject("Object Repository/virualShowRSVPOR/Page_Show microsite/input_Sign in  Create account_email"), guest1Mail): Text 'vishalguest1@test.com' is set on object 'Object Repository/virualShowRSVPOR/Page_Show microsite/input_Sign in  Create account_email'

2019-08-05 17:29:34 - [MESSAGE][PASSED] - Text 'vishalguest1@test.com' is set on object 'Object Repository/virualShowRSVPOR/Page_Show microsite/input_Sign in  Create account_email'

2019-08-05 17:29:34 - [TEST_STEP][PASSED] - click(findTestObject("Object Repository/virualShowRSVPOR/Page_Show microsite/button_Continue")): Object: 'Object Repository/virualShowRSVPOR/Page_Show microsite/button_Continue' is clicked on

2019-08-05 17:29:34 - [MESSAGE][PASSED] - Object: 'Object Repository/virualShowRSVPOR/Page_Show microsite/button_Continue' is clicked on

2019-08-05 17:29:34 - [TEST_STEP][PASSED] - setText(findTestObject("Object Repository/virualShowRSVPOR/Page_Show microsite/input_Welcome_password"), guest1Pass): Text 'blackdress19' is set on object 'Object Repository/virualShowRSVPOR/Page_Show microsite/input_Welcome_password'

2019-08-05 17:29:35 - [MESSAGE][PASSED] - Text 'blackdress19' is set on object 'Object Repository/virualShowRSVPOR/Page_Show microsite/input_Welcome_password'

2019-08-05 17:29:35 - [TEST_STEP][PASSED] - click(findTestObject("Object Repository/virualShowRSVPOR/Page_Show microsite/button_Continue_pass")): Object: 'Object Repository/virualShowRSVPOR/Page_Show microsite/button_Continue_pass' is clicked on

2019-08-05 17:29:35 - [MESSAGE][PASSED] - Object: 'Object Repository/virualShowRSVPOR/Page_Show microsite/button_Continue_pass' is clicked on

2019-08-05 17:29:35 - [TEST_STEP][PASSED] - delay(5): Delayed 5 second(s)

2019-08-05 17:29:40 - [MESSAGE][PASSED] - Delayed 5 second(s)

2019-08-05 17:29:40 - [TEST_STEP][PASSED] - if (verifyElementPresent(findTestObject("Object Repository/virualShowRSVPOR/Page_Show microsite/complete_my_profile_later"), 0)): Object: 'Object Repository/virualShowRSVPOR/Page_Show microsite/div_Ill complete my profile later' is clicked on

2019-08-05 17:29:40 - [MESSAGE][WARNING] - Timeout '0' is invalid. Using default page load timeout: '30'

2019-08-05 17:29:40 - [MESSAGE][PASSED] - Object 'Object Repository/virualShowRSVPOR/Page_Show microsite/complete_my_profile_later' is present

2019-08-05 17:29:40 - [TEST_STEP][PASSED] - click(findTestObject("Object Repository/virualShowRSVPOR/Page_Show microsite/div_Ill complete my profile later")): Object: 'Object Repository/virualShowRSVPOR/Page_Show microsite/div_Ill complete my profile later' is clicked on

2019-08-05 17:29:47 - [MESSAGE][PASSED] - Object: 'Object Repository/virualShowRSVPOR/Page_Show microsite/div_Ill complete my profile later' is clicked on

2019-08-05 17:29:47 - [MESSAGE][PASSED] - Call Test Case 'Test Cases/TestCaseUtilities/rsLogin' successfully

2019-08-05 17:29:47 - [TEST_STEP][PASSED] - callTestCase(findTestCase("editOrder/rsOrderHistoryConfirm"), ["orderID":"", "editScenarioNumber":3], STOP_ON_FAILURE): Call Test Case 'Test Cases/editOrder/rsOrderHistoryConfirm' successfully

2019-08-05 17:29:47 - [TEST_CASE][PASSED] - Test Cases/editOrder/rsOrderHistoryConfirm: Test Cases/editOrder/rsOrderHistoryConfirm

2019-08-05 17:29:47 - [TEST_STEP][PASSED] - orderID = retailOrderID: null

2019-08-05 17:29:47 - [TEST_STEP][PASSED] - println(orderID): null

2019-08-05 17:29:47 - [TEST_STEP][PASSED] - xpath = UtilityMethods.concat("//span[contains(text(), '", orderID, "')]/parent::div/parent::div/div[@class='table-row-edit-order']//a"): null

2019-08-05 17:29:47 - [TEST_STEP][PASSED] - to = new com.kms.katalon.core.testobject.TestObject(a_link_dynamic): null

2019-08-05 17:29:47 - [TEST_STEP][PASSED] - to.addProperty("xpath", EQUALS, xpath): null

2019-08-05 17:29:47 - [TEST_STEP][PASSED] - click(findTestObject("ReplicatedSite/rs_Page_Trendy/i_Michigan_fa fa-caret-down")): Object: 'Object Repository/ReplicatedSite/rs_Page_Trendy/i_Michigan_fa fa-caret-down' is clicked on

2019-08-05 17:29:47 - [MESSAGE][PASSED] - Object: 'Object Repository/ReplicatedSite/rs_Page_Trendy/i_Michigan_fa fa-caret-down' is clicked on

2019-08-05 17:29:47 - [TEST_STEP][PASSED] - click(findTestObject("ReplicatedSite/rs_Page_Trendy/a_My Profile")): Object: 'Object Repository/ReplicatedSite/rs_Page_Trendy/a_My Profile' is clicked on

2019-08-05 17:29:51 - [MESSAGE][PASSED] - Object: 'Object Repository/ReplicatedSite/rs_Page_Trendy/a_My Profile' is clicked on

2019-08-05 17:29:51 - [TEST_STEP][PASSED] - click(findTestObject("Object Repository/ReplicatedSite/Page_Profile - Cabi Fall 2018 Collection/span_Order History")): Object: 'Object Repository/ReplicatedSite/Page_Profile - Cabi Fall 2018 Collection/span_Order History' is clicked on

2019-08-05 17:29:51 - [MESSAGE][PASSED] - Object: 'Object Repository/ReplicatedSite/Page_Profile - Cabi Fall 2018 Collection/span_Order History' is clicked on

2019-08-05 17:29:51 - [TEST_STEP][PASSED] - delay(5): Delayed 5 second(s)

2019-08-05 17:29:56 - [MESSAGE][PASSED] - Delayed 5 second(s)

2019-08-05 17:29:56 - [TEST_STEP][PASSED] - editButton = findWebElements(to, 1): null

2019-08-05 17:29:56 - [TEST_STEP][PASSED] - assert editButton.size() > 0: null

2019-08-05 17:29:56 - [TEST_STEP][PASSED] - if (editButton.size() > 0): Object: 'Object Repository/ReplicatedSite/button_accept_msg' is clicked on

2019-08-05 17:29:56 - [TEST_STEP][PASSED] - click(to): Object: 'a_link_dynamic' is clicked on

2019-08-05 17:29:56 - [MESSAGE][PASSED] - Object: 'a_link_dynamic' is clicked on

2019-08-05 17:29:56 - [TEST_STEP][PASSED] - delay(10): Delayed 10 second(s)

2019-08-05 17:30:06 - [MESSAGE][PASSED] - Delayed 10 second(s)

2019-08-05 17:30:06 - [TEST_STEP][PASSED] - if (editScenarioNumber == 1): null

2019-08-05 17:30:06 - [TEST_STEP][PASSED] - else if (editScenarioNumber == 3): Object: 'Object Repository/ReplicatedSite/button_accept_msg' is clicked on

2019-08-05 17:30:06 - [TEST_STEP][PASSED] - println("scen = 3"): null

2019-08-05 17:30:06 - [TEST_STEP][PASSED] - expectedNoEditMsg1 = "We're Sorry.": null

2019-08-05 17:30:06 - [TEST_STEP][PASSED] - expectedNoEditMsg2 = "Your order has gift card items and cannot be edited.": null

2019-08-05 17:30:06 - [TEST_STEP][PASSED] - actualNoEditMsg1 = getText(findTestObject("Object Repository/ReplicatedSite/div_no_edit_msg1")): Text of object 'Object Repository/ReplicatedSite/div_no_edit_msg1' is: 'We're Sorry.'

2019-08-05 17:30:06 - [MESSAGE][PASSED] - Text of object 'Object Repository/ReplicatedSite/div_no_edit_msg1' is: 'We're Sorry.'

2019-08-05 17:30:06 - [TEST_STEP][PASSED] - actualNoEditMsg2 = getText(findTestObject("Object Repository/ReplicatedSite/div_no_edit_msg2")): Text of object 'Object Repository/ReplicatedSite/div_no_edit_msg2' is: 'Your order has gift card items and cannot be edited.'

2019-08-05 17:30:06 - [MESSAGE][PASSED] - Text of object 'Object Repository/ReplicatedSite/div_no_edit_msg2' is: 'Your order has gift card items and cannot be edited.'

2019-08-05 17:30:06 - [TEST_STEP][PASSED] - assert actualNoEditMsg1.equalsIgnoreCase(expectedNoEditMsg1): null

2019-08-05 17:30:06 - [TEST_STEP][PASSED] - assert actualNoEditMsg2.equalsIgnoreCase(expectedNoEditMsg2): null

2019-08-05 17:30:06 - [TEST_STEP][PASSED] - click(findTestObject("Object Repository/ReplicatedSite/button_accept_msg")): Object: 'Object Repository/ReplicatedSite/button_accept_msg' is clicked on

2019-08-05 17:30:06 - [MESSAGE][PASSED] - Object: 'Object Repository/ReplicatedSite/button_accept_msg' is clicked on

2019-08-05 17:30:06 - [MESSAGE][PASSED] - Call Test Case 'Test Cases/editOrder/rsOrderHistoryConfirm' successfully]]></system-out>
         <system-err><![CDATA[]]></system-err>
      </testcase>
      <testcase name="Test Cases/editOrder/rsEditOrderPartialShip" classname="Test Cases/editOrder/rsEditOrderPartialShip" status="FAILED">
         <failure type="FAILED" message="Test Cases/editOrder/rsEditOrderPartialShip FAILED.
Reason:
com.kms.katalon.core.exception.StepFailedException: Call Test Case 'Test Cases/NewArrival/warehouseShipping' failed
	at com.kms.katalon.core.keyword.builtin.CallTestCaseKeyword$_callTestCase_closure1.doCall(CallTestCaseKeyword.groovy:63)
	at com.kms.katalon.core.keyword.builtin.CallTestCaseKeyword$_callTestCase_closure1.call(CallTestCaseKeyword.groovy)
	at com.kms.katalon.core.keyword.internal.KeywordMain.runKeyword(KeywordMain.groovy:66)
	at com.kms.katalon.core.keyword.builtin.CallTestCaseKeyword.callTestCase(CallTestCaseKeyword.groovy:81)
	at com.kms.katalon.core.keyword.builtin.CallTestCaseKeyword.execute(CallTestCaseKeyword.groovy:44)
	at com.kms.katalon.core.keyword.internal.KeywordExecutor.executeKeywordForPlatform(KeywordExecutor.groovy:56)
	at com.kms.katalon.core.keyword.BuiltinKeywords.callTestCase(BuiltinKeywords.groovy:334)
	at rsEditOrderPartialShip.run(rsEditOrderPartialShip:21)
	at com.kms.katalon.core.main.ScriptEngine.run(ScriptEngine.java:194)
	at com.kms.katalon.core.main.ScriptEngine.runScriptAsRawText(ScriptEngine.java:119)
	at com.kms.katalon.core.main.TestCaseExecutor.runScript(TestCaseExecutor.java:342)
	at com.kms.katalon.core.main.TestCaseExecutor.doExecute(TestCaseExecutor.java:333)
	at com.kms.katalon.core.main.TestCaseExecutor.processExecutionPhase(TestCaseExecutor.java:312)
	at com.kms.katalon.core.main.TestCaseExecutor.accessMainPhase(TestCaseExecutor.java:304)
	at com.kms.katalon.core.main.TestCaseExecutor.execute(TestCaseExecutor.java:238)
	at com.kms.katalon.core.main.TestSuiteExecutor.accessTestCaseMainPhase(TestSuiteExecutor.java:129)
	at com.kms.katalon.core.main.TestSuiteExecutor.accessTestSuiteMainPhase(TestSuiteExecutor.java:112)
	at com.kms.katalon.core.main.TestSuiteExecutor.execute(TestSuiteExecutor.java:81)
	at com.kms.katalon.core.main.TestCaseMain.startTestSuite(TestCaseMain.java:157)
	at com.kms.katalon.core.main.TestCaseMain$startTestSuite$0.call(Unknown Source)
	at TempTestSuite1565005736886.run(TempTestSuite1565005736886.groovy:35)
Caused by: com.kms.katalon.core.exception.StepFailedException: Unable to click on object 'Object Repository/Page_cabi Manage PickLists/a_Create PickLists'
	at com.kms.katalon.core.webui.keyword.internal.WebUIKeywordMain.stepFailed(WebUIKeywordMain.groovy:64)
	at com.kms.katalon.core.webui.keyword.internal.WebUIKeywordMain.runKeyword(WebUIKeywordMain.groovy:26)
	at com.kms.katalon.core.webui.keyword.builtin.ClickKeyword.click(ClickKeyword.groovy:86)
	at com.kms.katalon.core.webui.keyword.builtin.ClickKeyword.execute(ClickKeyword.groovy:67)
	at com.kms.katalon.core.keyword.internal.KeywordExecutor.executeKeywordForPlatform(KeywordExecutor.groovy:56)
	at com.kms.katalon.core.webui.keyword.WebUiBuiltInKeywords.click(WebUiBuiltInKeywords.groovy:616)
	at com.kms.katalon.core.webui.keyword.WebUiBuiltInKeywords$click$2.call(Unknown Source)
	at warehouseShipping.run(warehouseShipping:13)
	at com.kms.katalon.core.main.ScriptEngine.run(ScriptEngine.java:194)
	at com.kms.katalon.core.main.ScriptEngine.runScriptAsRawText(ScriptEngine.java:119)
	at com.kms.katalon.core.main.TestCaseExecutor.runScript(TestCaseExecutor.java:342)
	at com.kms.katalon.core.main.TestCaseExecutor.doExecute(TestCaseExecutor.java:333)
	at com.kms.katalon.core.main.TestCaseExecutor.processExecutionPhase(TestCaseExecutor.java:312)
	at com.kms.katalon.core.main.TestCaseExecutor.accessMainPhase(TestCaseExecutor.java:304)
	at com.kms.katalon.core.main.TestCaseExecutor.execute(TestCaseExecutor.java:238)
	at com.kms.katalon.core.main.TestCaseMain.runTestCase(TestCaseMain.java:114)
	at com.kms.katalon.core.keyword.builtin.CallTestCaseKeyword$_callTestCase_closure1.doCall(CallTestCaseKeyword.groovy:59)
	... 20 more
Caused by: com.kms.katalon.core.webui.exception.WebElementNotFoundException: Web element with id: 'Object Repository/Page_cabi Manage PickLists/a_Create PickLists' located by 'By.xpath: //body[@id='column-container']/div/div[3]/ul/li/ul/li/a' not found
	at com.kms.katalon.core.webui.common.WebUiCommonHelper.findWebElement(WebUiCommonHelper.java:1097)
	at com.kms.katalon.core.webui.keyword.internal.WebUIAbstractKeyword.findWebElement(WebUIAbstractKeyword.groovy:27)
	at com.kms.katalon.core.webui.keyword.internal.WebUIAbstractKeyword.findWebElement(WebUIAbstractKeyword.groovy:26)
	at com.kms.katalon.core.webui.keyword.builtin.ClickKeyword$_click_closure1.doCall(ClickKeyword.groovy:77)
	at com.kms.katalon.core.webui.keyword.builtin.ClickKeyword$_click_closure1.call(ClickKeyword.groovy)
	at com.kms.katalon.core.webui.keyword.internal.WebUIKeywordMain.runKeyword(WebUIKeywordMain.groovy:20)
	at com.kms.katalon.core.webui.keyword.builtin.ClickKeyword.click(ClickKeyword.groovy:86)
	at com.kms.katalon.core.webui.keyword.builtin.ClickKeyword.execute(ClickKeyword.groovy:67)
	at com.kms.katalon.core.keyword.internal.KeywordExecutor.executeKeywordForPlatform(KeywordExecutor.groovy:56)
	at com.kms.katalon.core.webui.keyword.WebUiBuiltInKeywords.click(WebUiBuiltInKeywords.groovy:616)
	at com.kms.katalon.core.webui.keyword.WebUiBuiltInKeywords$click$2.call(Unknown Source)
	at Script1557465123910.run(Script1557465123910.groovy:13)
	at com.kms.katalon.core.main.ScriptEngine.run(ScriptEngine.java:194)
	at com.kms.katalon.core.main.ScriptEngine.runScriptAsRawText(ScriptEngine.java:119)
	at com.kms.katalon.core.main.TestCaseExecutor.runScript(TestCaseExecutor.java:342)
	at com.kms.katalon.core.main.TestCaseExecutor.doExecute(TestCaseExecutor.java:333)
	at com.kms.katalon.core.main.TestCaseExecutor.processExecutionPhase(TestCaseExecutor.java:312)
	at com.kms.katalon.core.main.TestCaseExecutor.accessMainPhase(TestCaseExecutor.java:304)
	at com.kms.katalon.core.main.TestCaseExecutor.execute(TestCaseExecutor.java:238)
	at com.kms.katalon.core.main.TestCaseMain.runTestCase(TestCaseMain.java:114)
	at com.kms.katalon.core.keyword.builtin.CallTestCaseKeyword$_callTestCase_closure1.doCall(CallTestCaseKeyword.groovy:59)
	at com.kms.katalon.core.keyword.builtin.CallTestCaseKeyword$_callTestCase_closure1.call(CallTestCaseKeyword.groovy)
	at com.kms.katalon.core.keyword.internal.KeywordMain.runKeyword(KeywordMain.groovy:66)
	at com.kms.katalon.core.keyword.builtin.CallTestCaseKeyword.callTestCase(CallTestCaseKeyword.groovy:81)
	at com.kms.katalon.core.keyword.builtin.CallTestCaseKeyword.execute(CallTestCaseKeyword.groovy:44)
	at com.kms.katalon.core.keyword.internal.KeywordExecutor.executeKeywordForPlatform(KeywordExecutor.groovy:56)
	at com.kms.katalon.core.keyword.BuiltinKeywords.callTestCase(BuiltinKeywords.groovy:334)
	at Script1560757656625.run(Script1560757656625.groovy:21)
	... 13 more
"/>
         <system-out><![CDATA[2019-08-05 17:30:06 - [TEST_CASE][FAILED] - Test Cases/editOrder/rsEditOrderPartialShip: Test Cases/editOrder/rsEditOrderPartialShip FAILED.
Reason:
com.kms.katalon.core.exception.StepFailedException: Call Test Case 'Test Cases/NewArrival/warehouseShipping' failed
	at com.kms.katalon.core.keyword.builtin.CallTestCaseKeyword$_callTestCase_closure1.doCall(CallTestCaseKeyword.groovy:63)
	at com.kms.katalon.core.keyword.builtin.CallTestCaseKeyword$_callTestCase_closure1.call(CallTestCaseKeyword.groovy)
	at com.kms.katalon.core.keyword.internal.KeywordMain.runKeyword(KeywordMain.groovy:66)
	at com.kms.katalon.core.keyword.builtin.CallTestCaseKeyword.callTestCase(CallTestCaseKeyword.groovy:81)
	at com.kms.katalon.core.keyword.builtin.CallTestCaseKeyword.execute(CallTestCaseKeyword.groovy:44)
	at com.kms.katalon.core.keyword.internal.KeywordExecutor.executeKeywordForPlatform(KeywordExecutor.groovy:56)
	at com.kms.katalon.core.keyword.BuiltinKeywords.callTestCase(BuiltinKeywords.groovy:334)
	at rsEditOrderPartialShip.run(rsEditOrderPartialShip:21)
	at com.kms.katalon.core.main.ScriptEngine.run(ScriptEngine.java:194)
	at com.kms.katalon.core.main.ScriptEngine.runScriptAsRawText(ScriptEngine.java:119)
	at com.kms.katalon.core.main.TestCaseExecutor.runScript(TestCaseExecutor.java:342)
	at com.kms.katalon.core.main.TestCaseExecutor.doExecute(TestCaseExecutor.java:333)
	at com.kms.katalon.core.main.TestCaseExecutor.processExecutionPhase(TestCaseExecutor.java:312)
	at com.kms.katalon.core.main.TestCaseExecutor.accessMainPhase(TestCaseExecutor.java:304)
	at com.kms.katalon.core.main.TestCaseExecutor.execute(TestCaseExecutor.java:238)
	at com.kms.katalon.core.main.TestSuiteExecutor.accessTestCaseMainPhase(TestSuiteExecutor.java:129)
	at com.kms.katalon.core.main.TestSuiteExecutor.accessTestSuiteMainPhase(TestSuiteExecutor.java:112)
	at com.kms.katalon.core.main.TestSuiteExecutor.execute(TestSuiteExecutor.java:81)
	at com.kms.katalon.core.main.TestCaseMain.startTestSuite(TestCaseMain.java:157)
	at com.kms.katalon.core.main.TestCaseMain$startTestSuite$0.call(Unknown Source)
	at TempTestSuite1565005736886.run(TempTestSuite1565005736886.groovy:35)
Caused by: com.kms.katalon.core.exception.StepFailedException: Unable to click on object 'Object Repository/Page_cabi Manage PickLists/a_Create PickLists'
	at com.kms.katalon.core.webui.keyword.internal.WebUIKeywordMain.stepFailed(WebUIKeywordMain.groovy:64)
	at com.kms.katalon.core.webui.keyword.internal.WebUIKeywordMain.runKeyword(WebUIKeywordMain.groovy:26)
	at com.kms.katalon.core.webui.keyword.builtin.ClickKeyword.click(ClickKeyword.groovy:86)
	at com.kms.katalon.core.webui.keyword.builtin.ClickKeyword.execute(ClickKeyword.groovy:67)
	at com.kms.katalon.core.keyword.internal.KeywordExecutor.executeKeywordForPlatform(KeywordExecutor.groovy:56)
	at com.kms.katalon.core.webui.keyword.WebUiBuiltInKeywords.click(WebUiBuiltInKeywords.groovy:616)
	at com.kms.katalon.core.webui.keyword.WebUiBuiltInKeywords$click$2.call(Unknown Source)
	at warehouseShipping.run(warehouseShipping:13)
	at com.kms.katalon.core.main.ScriptEngine.run(ScriptEngine.java:194)
	at com.kms.katalon.core.main.ScriptEngine.runScriptAsRawText(ScriptEngine.java:119)
	at com.kms.katalon.core.main.TestCaseExecutor.runScript(TestCaseExecutor.java:342)
	at com.kms.katalon.core.main.TestCaseExecutor.doExecute(TestCaseExecutor.java:333)
	at com.kms.katalon.core.main.TestCaseExecutor.processExecutionPhase(TestCaseExecutor.java:312)
	at com.kms.katalon.core.main.TestCaseExecutor.accessMainPhase(TestCaseExecutor.java:304)
	at com.kms.katalon.core.main.TestCaseExecutor.execute(TestCaseExecutor.java:238)
	at com.kms.katalon.core.main.TestCaseMain.runTestCase(TestCaseMain.java:114)
	at com.kms.katalon.core.keyword.builtin.CallTestCaseKeyword$_callTestCase_closure1.doCall(CallTestCaseKeyword.groovy:59)
	... 20 more
Caused by: com.kms.katalon.core.webui.exception.WebElementNotFoundException: Web element with id: 'Object Repository/Page_cabi Manage PickLists/a_Create PickLists' located by 'By.xpath: //body[@id='column-container']/div/div[3]/ul/li/ul/li/a' not found
	at com.kms.katalon.core.webui.common.WebUiCommonHelper.findWebElement(WebUiCommonHelper.java:1097)
	at com.kms.katalon.core.webui.keyword.internal.WebUIAbstractKeyword.findWebElement(WebUIAbstractKeyword.groovy:27)
	at com.kms.katalon.core.webui.keyword.internal.WebUIAbstractKeyword.findWebElement(WebUIAbstractKeyword.groovy:26)
	at com.kms.katalon.core.webui.keyword.builtin.ClickKeyword$_click_closure1.doCall(ClickKeyword.groovy:77)
	at com.kms.katalon.core.webui.keyword.builtin.ClickKeyword$_click_closure1.call(ClickKeyword.groovy)
	at com.kms.katalon.core.webui.keyword.internal.WebUIKeywordMain.runKeyword(WebUIKeywordMain.groovy:20)
	at com.kms.katalon.core.webui.keyword.builtin.ClickKeyword.click(ClickKeyword.groovy:86)
	at com.kms.katalon.core.webui.keyword.builtin.ClickKeyword.execute(ClickKeyword.groovy:67)
	at com.kms.katalon.core.keyword.internal.KeywordExecutor.executeKeywordForPlatform(KeywordExecutor.groovy:56)
	at com.kms.katalon.core.webui.keyword.WebUiBuiltInKeywords.click(WebUiBuiltInKeywords.groovy:616)
	at com.kms.katalon.core.webui.keyword.WebUiBuiltInKeywords$click$2.call(Unknown Source)
	at Script1557465123910.run(Script1557465123910.groovy:13)
	at com.kms.katalon.core.main.ScriptEngine.run(ScriptEngine.java:194)
	at com.kms.katalon.core.main.ScriptEngine.runScriptAsRawText(ScriptEngine.java:119)
	at com.kms.katalon.core.main.TestCaseExecutor.runScript(TestCaseExecutor.java:342)
	at com.kms.katalon.core.main.TestCaseExecutor.doExecute(TestCaseExecutor.java:333)
	at com.kms.katalon.core.main.TestCaseExecutor.processExecutionPhase(TestCaseExecutor.java:312)
	at com.kms.katalon.core.main.TestCaseExecutor.accessMainPhase(TestCaseExecutor.java:304)
	at com.kms.katalon.core.main.TestCaseExecutor.execute(TestCaseExecutor.java:238)
	at com.kms.katalon.core.main.TestCaseMain.runTestCase(TestCaseMain.java:114)
	at com.kms.katalon.core.keyword.builtin.CallTestCaseKeyword$_callTestCase_closure1.doCall(CallTestCaseKeyword.groovy:59)
	at com.kms.katalon.core.keyword.builtin.CallTestCaseKeyword$_callTestCase_closure1.call(CallTestCaseKeyword.groovy)
	at com.kms.katalon.core.keyword.internal.KeywordMain.runKeyword(KeywordMain.groovy:66)
	at com.kms.katalon.core.keyword.builtin.CallTestCaseKeyword.callTestCase(CallTestCaseKeyword.groovy:81)
	at com.kms.katalon.core.keyword.builtin.CallTestCaseKeyword.execute(CallTestCaseKeyword.groovy:44)
	at com.kms.katalon.core.keyword.internal.KeywordExecutor.executeKeywordForPlatform(KeywordExecutor.groovy:56)
	at com.kms.katalon.core.keyword.BuiltinKeywords.callTestCase(BuiltinKeywords.groovy:334)
	at Script1560757656625.run(Script1560757656625.groovy:21)
	... 13 more


2019-08-05 17:30:06 - [TEST_STEP][PASSED] - Start listener action : sampleBeforeTestCase: null

2019-08-05 17:30:06 - [TEST_STEP][PASSED] - println(testCaseContext.getTestCaseId()): null

2019-08-05 17:30:06 - [TEST_STEP][PASSED] - println(testCaseContext.getTestCaseVariables()): null

2019-08-05 17:30:07 - [TEST_STEP][PASSED] - callTestCase(findTestCase("editOrder/retailOrderBO"), ["editScenarioNumber":5], STOP_ON_FAILURE): Call Test Case 'Test Cases/editOrder/retailOrderBO' successfully

2019-08-05 17:30:07 - [TEST_CASE][PASSED] - Test Cases/editOrder/retailOrderBO: Test Cases/editOrder/retailOrderBO

2019-08-05 17:30:07 - [TEST_STEP][PASSED] - openBrowser(""): Browser is opened with url: ''

2019-08-05 17:30:07 - [MESSAGE][WARNING] - A browser is already opened. Closing browser and opening a new one

2019-08-05 17:30:07 - [MESSAGE][INFO] - Starting 'Chrome' driver

2019-08-05 17:30:07 - [MESSAGE][INFO] - User set preference: ['args', '[--use-fake-ui-for-media-stream, --start-maximized]']

2019-08-05 17:30:09 - [MESSAGE][PASSED] - Browser is opened with url: ''

2019-08-05 17:30:09 - [TEST_STEP][PASSED] - driver = getWebDriver(): null

2019-08-05 17:30:09 - [TEST_STEP][PASSED] - executor = driver: null

2019-08-05 17:30:09 - [TEST_STEP][PASSED] - callTestCase(findTestCase("TestCaseUtilities/backOfficeLogin"), ["BOURL":"", "BOuser":"", "BOpass":""], STOP_ON_FAILURE): Call Test Case 'Test Cases/TestCaseUtilities/backOfficeLogin' successfully

2019-08-05 17:30:09 - [TEST_CASE][PASSED] - Test Cases/TestCaseUtilities/backOfficeLogin: Test Cases/TestCaseUtilities/backOfficeLogin

2019-08-05 17:30:09 - [TEST_STEP][PASSED] - BOURL = findTestData("envtData").getValue("BOURL", 1): null

2019-08-05 17:30:09 - [TEST_STEP][PASSED] - BOuser = findTestData("credData").getValue("BOuser", 1): null

2019-08-05 17:30:09 - [TEST_STEP][PASSED] - BOpass = findTestData("credData").getValue("BOpass", 1): null

2019-08-05 17:30:09 - [TEST_STEP][PASSED] - navigateToUrl(BOURL): Navigate to 'https://sandbox.cabiclio.com/backoffice/control/main' successfully

2019-08-05 17:30:16 - [MESSAGE][PASSED] - Navigate to 'https://sandbox.cabiclio.com/backoffice/control/main' successfully

2019-08-05 17:30:16 - [TEST_STEP][PASSED] - logOut = findWebElements(findTestObject("Object Repository/Page_cabi Home/log_out"), 1): Unable to find the element located by 'By.xpath: //a[contains(text(),'Log Out')]'. Please recheck the objects properties to make sure the desired element is located. 

2019-08-05 17:30:17 - [MESSAGE][INFO] - Unable to find the element located by 'By.xpath: //a[contains(text(),'Log Out')]'. Please recheck the objects properties to make sure the desired element is located. 

2019-08-05 17:30:17 - [TEST_STEP][PASSED] - if (logOut.size() == 0): Object: 'Object Repository/Page_cabi/input_Welcome to_consultantLogin' is clicked on

2019-08-05 17:30:17 - [TEST_STEP][PASSED] - setText(findTestObject("Page_cabi/input_Welcome to_USERNAME"), BOuser): Text '400000002' is set on object 'Object Repository/Page_cabi/input_Welcome to_USERNAME'

2019-08-05 17:30:17 - [MESSAGE][PASSED] - Text '400000002' is set on object 'Object Repository/Page_cabi/input_Welcome to_USERNAME'

2019-08-05 17:30:17 - [TEST_STEP][PASSED] - setText(findTestObject("Object Repository/Page_cabi/input_Welcome to_PASSWORD"), BOpass): Text 'blackdress19' is set on object 'Object Repository/Page_cabi/input_Welcome to_PASSWORD'

2019-08-05 17:30:17 - [MESSAGE][PASSED] - Text 'blackdress19' is set on object 'Object Repository/Page_cabi/input_Welcome to_PASSWORD'

2019-08-05 17:30:17 - [TEST_STEP][PASSED] - click(findTestObject("Object Repository/Page_cabi/input_Welcome to_consultantLogin")): Object: 'Object Repository/Page_cabi/input_Welcome to_consultantLogin' is clicked on

2019-08-05 17:30:26 - [MESSAGE][PASSED] - Object: 'Object Repository/Page_cabi/input_Welcome to_consultantLogin' is clicked on

2019-08-05 17:30:26 - [TEST_STEP][PASSED] - delay(3): Delayed 3 second(s)

2019-08-05 17:30:29 - [MESSAGE][PASSED] - Delayed 3 second(s)

2019-08-05 17:30:29 - [MESSAGE][PASSED] - Call Test Case 'Test Cases/TestCaseUtilities/backOfficeLogin' successfully

2019-08-05 17:30:29 - [TEST_STEP][PASSED] - click(findTestObject("Object Repository/Page_cabi Home/a_Shows  Orders")): Object: 'Object Repository/Page_cabi Home/a_Shows  Orders' is clicked on

2019-08-05 17:30:29 - [MESSAGE][PASSED] - Object: 'Object Repository/Page_cabi Home/a_Shows  Orders' is clicked on

2019-08-05 17:30:29 - [TEST_STEP][PASSED] - delay(1): Delayed 1 second(s)

2019-08-05 17:30:30 - [MESSAGE][PASSED] - Delayed 1 second(s)

2019-08-05 17:30:30 - [TEST_STEP][PASSED] - rightClick(findTestObject("Page_cabi Home/a_Shows  Orders")): Object: 'Object Repository/Page_cabi Home/a_Shows  Orders' is right clicked on

2019-08-05 17:30:30 - [MESSAGE][PASSED] - Object: 'Object Repository/Page_cabi Home/a_Shows  Orders' is right clicked on

2019-08-05 17:30:30 - [TEST_STEP][PASSED] - click(findTestObject("Page_cabi Home/a_retail_purchases")): Object: 'Object Repository/Page_cabi Home/a_retail_purchases' is clicked on

2019-08-05 17:30:34 - [MESSAGE][PASSED] - Object: 'Object Repository/Page_cabi Home/a_retail_purchases' is clicked on

2019-08-05 17:30:34 - [TEST_STEP][PASSED] - delay(3): Delayed 3 second(s)

2019-08-05 17:30:37 - [MESSAGE][PASSED] - Delayed 3 second(s)

2019-08-05 17:30:37 - [TEST_STEP][PASSED] - click(findTestObject("Object Repository/Page_cabi Home/existingCustomer")): Object: 'Object Repository/Page_cabi Home/existingCustomer' is clicked on

2019-08-05 17:30:37 - [MESSAGE][PASSED] - Object: 'Object Repository/Page_cabi Home/existingCustomer' is clicked on

2019-08-05 17:30:37 - [TEST_STEP][PASSED] - contactNumber = 14: null

2019-08-05 17:30:37 - [TEST_STEP][PASSED] - firstName = findTestData("contactData").getValue("firstName", contactNumber): null

2019-08-05 17:30:37 - [TEST_STEP][PASSED] - lastName = findTestData("contactData").getValue("lastName", contactNumber): null

2019-08-05 17:30:37 - [TEST_STEP][PASSED] - email = findTestData("contactData").getValue("email", contactNumber): null

2019-08-05 17:30:37 - [TEST_STEP][PASSED] - address1 = findTestData("contactData").getValue("address1", contactNumber): null

2019-08-05 17:30:37 - [TEST_STEP][PASSED] - city = findTestData("contactData").getValue("city", contactNumber): null

2019-08-05 17:30:37 - [TEST_STEP][PASSED] - state = findTestData("contactData").getValue("state", contactNumber): null

2019-08-05 17:30:37 - [TEST_STEP][PASSED] - zip = findTestData("contactData").getValue("zip", contactNumber): null

2019-08-05 17:30:37 - [TEST_STEP][PASSED] - existingCustFName = firstName: null

2019-08-05 17:30:37 - [TEST_STEP][PASSED] - existingCustLName = lastName: null

2019-08-05 17:30:37 - [TEST_STEP][PASSED] - space = " ": null

2019-08-05 17:30:37 - [TEST_STEP][PASSED] - existingCust = $existingCustFName$space$existingCustLName: null

2019-08-05 17:30:37 - [TEST_STEP][PASSED] - setText(findTestObject("Object Repository/Page_cabi Home/input_existing_guest"), existingCust): Text 'vishalguest1 abc' is set on object 'Object Repository/Page_cabi Home/input_existing_guest'

2019-08-05 17:30:37 - [MESSAGE][PASSED] - Text 'vishalguest1 abc' is set on object 'Object Repository/Page_cabi Home/input_existing_guest'

2019-08-05 17:30:37 - [TEST_STEP][PASSED] - delay(3): Delayed 3 second(s)

2019-08-05 17:30:40 - [MESSAGE][PASSED] - Delayed 3 second(s)

2019-08-05 17:30:40 - [TEST_STEP][PASSED] - rightClick(findTestObject("Object Repository/Page_cabi Home/input_existing_guest")): Object: 'Object Repository/Page_cabi Home/input_existing_guest' is right clicked on

2019-08-05 17:30:40 - [MESSAGE][PASSED] - Object: 'Object Repository/Page_cabi Home/input_existing_guest' is right clicked on

2019-08-05 17:30:40 - [TEST_STEP][PASSED] - rightClick(findTestObject("Object Repository/Page_cabi Home/input_existing_guest")): Object: 'Object Repository/Page_cabi Home/input_existing_guest' is right clicked on

2019-08-05 17:30:41 - [MESSAGE][PASSED] - Object: 'Object Repository/Page_cabi Home/input_existing_guest' is right clicked on

2019-08-05 17:30:41 - [TEST_STEP][PASSED] - click(findTestObject("Object Repository/Page_cabi Create Show - Set Hostess/a_select_customer")): Object: 'Object Repository/Page_cabi Create Show - Set Hostess/a_select_customer' is clicked on

2019-08-05 17:30:41 - [MESSAGE][PASSED] - Object: 'Object Repository/Page_cabi Create Show - Set Hostess/a_select_customer' is clicked on

2019-08-05 17:30:41 - [TEST_STEP][PASSED] - setText(findTestObject("Object Repository/Page_cabi Home/input_existing_guest"), existingCust): Text 'vishalguest1 abc' is set on object 'Object Repository/Page_cabi Home/input_existing_guest'

2019-08-05 17:30:41 - [MESSAGE][PASSED] - Text 'vishalguest1 abc' is set on object 'Object Repository/Page_cabi Home/input_existing_guest'

2019-08-05 17:30:41 - [TEST_STEP][PASSED] - setText(findTestObject("Object Repository/Page_cabi Retail Store/input_email"), email): Text 'vishalguest1@test.com' is set on object 'Object Repository/Page_cabi Retail Store/input_email'

2019-08-05 17:30:42 - [MESSAGE][PASSED] - Text 'vishalguest1@test.com' is set on object 'Object Repository/Page_cabi Retail Store/input_email'

2019-08-05 17:30:42 - [TEST_STEP][PASSED] - setText(findTestObject("Object Repository/Page_cabi Edit Customer Profile/input_Address1_address1"), address1): Text '972 BRAHMS CT' is set on object 'Object Repository/Page_cabi Edit Customer Profile/input_Address1_address1'

2019-08-05 17:30:42 - [MESSAGE][PASSED] - Text '972 BRAHMS CT' is set on object 'Object Repository/Page_cabi Edit Customer Profile/input_Address1_address1'

2019-08-05 17:30:42 - [TEST_STEP][PASSED] - setText(findTestObject("Object Repository/Page_cabi Edit Customer Profile/input_Address2_address2"), ""): Text '' is set on object 'Object Repository/Page_cabi Edit Customer Profile/input_Address2_address2'

2019-08-05 17:30:42 - [MESSAGE][PASSED] - Text '' is set on object 'Object Repository/Page_cabi Edit Customer Profile/input_Address2_address2'

2019-08-05 17:30:42 - [TEST_STEP][PASSED] - setText(findTestObject("Object Repository/Page_cabi Edit Customer Profile/input_City_city"), city): Text 'TROY' is set on object 'Object Repository/Page_cabi Edit Customer Profile/input_City_city'

2019-08-05 17:30:42 - [MESSAGE][PASSED] - Text 'TROY' is set on object 'Object Repository/Page_cabi Edit Customer Profile/input_City_city'

2019-08-05 17:30:42 - [TEST_STEP][PASSED] - click(findTestObject("Page_cabi Edit Customer Profile/span_select_a_state")): Object: 'Object Repository/Page_cabi Edit Customer Profile/span_select_a_state' is clicked on

2019-08-05 17:30:42 - [MESSAGE][PASSED] - Object: 'Object Repository/Page_cabi Edit Customer Profile/span_select_a_state' is clicked on

2019-08-05 17:30:42 - [TEST_STEP][PASSED] - delay(1): Delayed 1 second(s)

2019-08-05 17:30:43 - [MESSAGE][PASSED] - Delayed 1 second(s)

2019-08-05 17:30:43 - [TEST_STEP][PASSED] - setText(findTestObject("Object Repository/Page_cabi Edit Customer Profile/input_state_1"), state): Text 'Michigan' is set on object 'Object Repository/Page_cabi Edit Customer Profile/input_state_1'

2019-08-05 17:30:43 - [MESSAGE][PASSED] - Text 'Michigan' is set on object 'Object Repository/Page_cabi Edit Customer Profile/input_state_1'

2019-08-05 17:30:43 - [TEST_STEP][PASSED] - delay(2): Delayed 2 second(s)

2019-08-05 17:30:45 - [MESSAGE][PASSED] - Delayed 2 second(s)

2019-08-05 17:30:45 - [TEST_STEP][PASSED] - click(findTestObject("Page_cabi Edit Customer Profile/span_state")): Object: 'Object Repository/Page_cabi Edit Customer Profile/span_state' is clicked on

2019-08-05 17:30:45 - [MESSAGE][PASSED] - Object: 'Object Repository/Page_cabi Edit Customer Profile/span_state' is clicked on

2019-08-05 17:30:45 - [TEST_STEP][PASSED] - setText(findTestObject("Page_cabi Edit Customer Profile/input_state_postalCode"), zip): Text '48085' is set on object 'Object Repository/Page_cabi Edit Customer Profile/input_state_postalCode'

2019-08-05 17:30:45 - [MESSAGE][PASSED] - Text '48085' is set on object 'Object Repository/Page_cabi Edit Customer Profile/input_state_postalCode'

2019-08-05 17:30:45 - [TEST_STEP][PASSED] - delay(5): Delayed 5 second(s)

2019-08-05 17:30:50 - [MESSAGE][PASSED] - Delayed 5 second(s)

2019-08-05 17:30:50 - [TEST_STEP][PASSED] - check(findTestObject("Object Repository/Page_cabi Home/a_same_shipping_address")): Object 'Object Repository/Page_cabi Home/a_same_shipping_address' is checked

2019-08-05 17:30:50 - [MESSAGE][PASSED] - Object 'Object Repository/Page_cabi Home/a_same_shipping_address' is checked

2019-08-05 17:30:50 - [TEST_STEP][PASSED] - delay(5): Delayed 5 second(s)

2019-08-05 17:30:55 - [MESSAGE][PASSED] - Delayed 5 second(s)

2019-08-05 17:30:55 - [TEST_STEP][PASSED] - check(findTestObject("Object Repository/Page_cabi Home/a_same_shipping_address")): Object 'Object Repository/Page_cabi Home/a_same_shipping_address' is checked

2019-08-05 17:30:55 - [MESSAGE][PASSED] - Object 'Object Repository/Page_cabi Home/a_same_shipping_address' is checked

2019-08-05 17:30:55 - [TEST_STEP][PASSED] - delay(5): Delayed 5 second(s)

2019-08-05 17:31:00 - [MESSAGE][PASSED] - Delayed 5 second(s)

2019-08-05 17:31:00 - [TEST_STEP][PASSED] - nextButton = driver.findElement(By.xpath("//li/a/span[@id='returnToActionLabel']")): null

2019-08-05 17:31:00 - [TEST_STEP][PASSED] - executor.executeScript("arguments[0].click();", nextButton): null

2019-08-05 17:31:01 - [TEST_STEP][PASSED] - delay(3): Delayed 3 second(s)

2019-08-05 17:31:04 - [MESSAGE][PASSED] - Delayed 3 second(s)

2019-08-05 17:31:04 - [TEST_STEP][PASSED] - click(findTestObject("Object Repository/Page_cabi Retail Store/span_quick_entry")): Object: 'Object Repository/Page_cabi Retail Store/span_quick_entry' is clicked on

2019-08-05 17:31:06 - [MESSAGE][PASSED] - Object: 'Object Repository/Page_cabi Retail Store/span_quick_entry' is clicked on

2019-08-05 17:31:06 - [TEST_STEP][PASSED] - delay(3): Delayed 3 second(s)

2019-08-05 17:31:09 - [MESSAGE][PASSED] - Delayed 3 second(s)

2019-08-05 17:31:09 - [TEST_STEP][PASSED] - emptyCart = findWebElements(findTestObject("Object Repository/Page_cabi Personal Store/removeFromCart"), 5): Unable to find the element located by 'By.xpath: //*[@id="removeFromCart_0"]/span'. Please recheck the objects properties to make sure the desired element is located. 

2019-08-05 17:31:14 - [MESSAGE][INFO] - Unable to find the element located by 'By.xpath: //*[@id="removeFromCart_0"]/span'. Please recheck the objects properties to make sure the desired element is located. 

2019-08-05 17:31:14 - [TEST_STEP][PASSED] - if (emptyCart.size() > 0): null

2019-08-05 17:31:14 - [TEST_STEP][PASSED] - addOnStyle = findTestData("miscData").getValue("addOnStyle", 1): null

2019-08-05 17:31:14 - [TEST_STEP][PASSED] - addOnStyle2 = findTestData("miscData").getValue("addOnStyle", 2): null

2019-08-05 17:31:14 - [TEST_STEP][PASSED] - click(findTestObject("Object Repository/Page_cabi Create Order/input_Manual Discount_stylelookup_0")): Object: 'Object Repository/Page_cabi Create Order/input_Manual Discount_stylelookup_0' is clicked on

2019-08-05 17:31:14 - [MESSAGE][PASSED] - Object: 'Object Repository/Page_cabi Create Order/input_Manual Discount_stylelookup_0' is clicked on

2019-08-05 17:31:14 - [TEST_STEP][PASSED] - setText(findTestObject("Object Repository/Page_cabi Create Order/input_Manual Discount_stylelookup_0"), addOnStyle): Text '5448' is set on object 'Object Repository/Page_cabi Create Order/input_Manual Discount_stylelookup_0'

2019-08-05 17:31:14 - [MESSAGE][PASSED] - Text '5448' is set on object 'Object Repository/Page_cabi Create Order/input_Manual Discount_stylelookup_0'

2019-08-05 17:31:14 - [TEST_STEP][PASSED] - delay(3): Delayed 3 second(s)

2019-08-05 17:31:17 - [MESSAGE][PASSED] - Delayed 3 second(s)

2019-08-05 17:31:17 - [TEST_STEP][PASSED] - prod_message = getText(findTestObject("Page_cabi Create Order/first_option")): Text of object 'Object Repository/Page_cabi Create Order/first_option' is: '5448 Sailor Pullover'

2019-08-05 17:31:17 - [MESSAGE][PASSED] - Text of object 'Object Repository/Page_cabi Create Order/first_option' is: '5448 Sailor Pullover'

2019-08-05 17:31:17 - [TEST_STEP][PASSED] - click(findTestObject("Page_cabi Create Order/first_option")): Object: 'Object Repository/Page_cabi Create Order/first_option' is clicked on

2019-08-05 17:31:18 - [MESSAGE][PASSED] - Object: 'Object Repository/Page_cabi Create Order/first_option' is clicked on

2019-08-05 17:31:18 - [TEST_STEP][PASSED] - delay(5): Delayed 5 second(s)

2019-08-05 17:31:23 - [MESSAGE][PASSED] - Delayed 5 second(s)

2019-08-05 17:31:23 - [TEST_STEP][PASSED] - click(findTestObject("Object Repository/Page_cabi Order Items/selectSize")): Object: 'Object Repository/Page_cabi Order Items/selectSize' is clicked on

2019-08-05 17:31:23 - [MESSAGE][PASSED] - Object: 'Object Repository/Page_cabi Order Items/selectSize' is clicked on

2019-08-05 17:31:23 - [TEST_STEP][PASSED] - click(findTestObject("Object Repository/Page_cabi Order Items/span_Add to Cart")): Object: 'Object Repository/Page_cabi Order Items/span_Add to Cart' is clicked on

2019-08-05 17:31:23 - [MESSAGE][PASSED] - Object: 'Object Repository/Page_cabi Order Items/span_Add to Cart' is clicked on

2019-08-05 17:31:23 - [TEST_STEP][PASSED] - delay(5): Delayed 5 second(s)

2019-08-05 17:31:28 - [MESSAGE][PASSED] - Delayed 5 second(s)

2019-08-05 17:31:28 - [TEST_STEP][PASSED] - click(findTestObject("Object Repository/Page_cabi Create Order/inputStyleLookup1")): Object: 'Object Repository/Page_cabi Create Order/inputStyleLookup1' is clicked on

2019-08-05 17:31:28 - [MESSAGE][PASSED] - Object: 'Object Repository/Page_cabi Create Order/inputStyleLookup1' is clicked on

2019-08-05 17:31:28 - [TEST_STEP][PASSED] - setText(findTestObject("Object Repository/Page_cabi Create Order/inputStyleLookup1"), addOnStyle2): Text '5449' is set on object 'Object Repository/Page_cabi Create Order/inputStyleLookup1'

2019-08-05 17:31:28 - [MESSAGE][PASSED] - Text '5449' is set on object 'Object Repository/Page_cabi Create Order/inputStyleLookup1'

2019-08-05 17:31:28 - [TEST_STEP][PASSED] - delay(3): Delayed 3 second(s)

2019-08-05 17:31:31 - [MESSAGE][PASSED] - Delayed 3 second(s)

2019-08-05 17:31:31 - [TEST_STEP][PASSED] - prod_message2 = getText(findTestObject("Page_cabi Create Order/first_option")): Text of object 'Object Repository/Page_cabi Create Order/first_option' is: '5449 Cable Cardigan'

2019-08-05 17:31:31 - [MESSAGE][PASSED] - Text of object 'Object Repository/Page_cabi Create Order/first_option' is: '5449 Cable Cardigan'

2019-08-05 17:31:31 - [TEST_STEP][PASSED] - click(findTestObject("Page_cabi Create Order/first_option")): Object: 'Object Repository/Page_cabi Create Order/first_option' is clicked on

2019-08-05 17:31:31 - [MESSAGE][PASSED] - Object: 'Object Repository/Page_cabi Create Order/first_option' is clicked on

2019-08-05 17:31:31 - [TEST_STEP][PASSED] - delay(5): Delayed 5 second(s)

2019-08-05 17:31:36 - [MESSAGE][PASSED] - Delayed 5 second(s)

2019-08-05 17:31:36 - [TEST_STEP][PASSED] - click(findTestObject("Object Repository/Page_cabi Order Items/selectSize2")): Object: 'Object Repository/Page_cabi Order Items/selectSize2' is clicked on

2019-08-05 17:31:36 - [MESSAGE][PASSED] - Object: 'Object Repository/Page_cabi Order Items/selectSize2' is clicked on

2019-08-05 17:31:36 - [TEST_STEP][PASSED] - click(findTestObject("Object Repository/Page_cabi Order Items/addToCart2")): Object: 'Object Repository/Page_cabi Order Items/addToCart2' is clicked on

2019-08-05 17:31:36 - [MESSAGE][PASSED] - Object: 'Object Repository/Page_cabi Order Items/addToCart2' is clicked on

2019-08-05 17:31:36 - [TEST_STEP][PASSED] - delay(5): Delayed 5 second(s)

2019-08-05 17:31:41 - [MESSAGE][PASSED] - Delayed 5 second(s)

2019-08-05 17:31:41 - [TEST_STEP][PASSED] - if (editScenarioNumber == 1): null

2019-08-05 17:31:41 - [TEST_STEP][PASSED] - else if (editScenarioNumber == 2): null

2019-08-05 17:31:41 - [TEST_STEP][PASSED] - else if (editScenarioNumber == 3): null

2019-08-05 17:31:41 - [TEST_STEP][PASSED] - else if (editScenarioNumber == 4): null

2019-08-05 17:31:41 - [TEST_STEP][PASSED] - else if (editScenarioNumber == 5): null

2019-08-05 17:31:41 - [TEST_STEP][PASSED] - click(findTestObject("Object Repository/Page_cabi Order Items/a_checkout")): Object: 'Object Repository/Page_cabi Order Items/a_checkout' is clicked on

2019-08-05 17:31:42 - [MESSAGE][PASSED] - Object: 'Object Repository/Page_cabi Order Items/a_checkout' is clicked on

2019-08-05 17:31:42 - [TEST_STEP][PASSED] - delay(3): Delayed 3 second(s)

2019-08-05 17:31:45 - [MESSAGE][PASSED] - Delayed 3 second(s)

2019-08-05 17:31:45 - [TEST_STEP][PASSED] - click(findTestObject("Page_cabi Personal Store/nextButtonShipping")): Object: 'Object Repository/Page_cabi Personal Store/nextButtonShipping' is clicked on

2019-08-05 17:31:45 - [MESSAGE][PASSED] - Object: 'Object Repository/Page_cabi Personal Store/nextButtonShipping' is clicked on

2019-08-05 17:31:45 - [TEST_STEP][PASSED] - delay(3): Delayed 3 second(s)

2019-08-05 17:31:48 - [MESSAGE][PASSED] - Delayed 3 second(s)

2019-08-05 17:31:48 - [TEST_STEP][PASSED] - click(findTestObject("Page_cabi Personal Store/makeFirstPayment")): Object: 'Object Repository/Page_cabi Personal Store/makeFirstPayment' is clicked on

2019-08-05 17:31:48 - [MESSAGE][PASSED] - Object: 'Object Repository/Page_cabi Personal Store/makeFirstPayment' is clicked on

2019-08-05 17:31:48 - [TEST_STEP][PASSED] - click(findTestObject("Object Repository/Page_cabi Personal Store/select_cash")): Object: 'Object Repository/Page_cabi Personal Store/select_cash' is clicked on

2019-08-05 17:31:48 - [MESSAGE][PASSED] - Object: 'Object Repository/Page_cabi Personal Store/select_cash' is clicked on

2019-08-05 17:31:48 - [TEST_STEP][PASSED] - click(findTestObject("Page_cabi Personal Store/submitPayment")): Object: 'Object Repository/Page_cabi Personal Store/submitPayment' is clicked on

2019-08-05 17:31:48 - [MESSAGE][PASSED] - Object: 'Object Repository/Page_cabi Personal Store/submitPayment' is clicked on

2019-08-05 17:31:48 - [TEST_STEP][PASSED] - click(findTestObject("Page_cabi Personal Store/submitOrderId")): Object: 'Object Repository/Page_cabi Personal Store/submitOrderId' is clicked on

2019-08-05 17:31:50 - [MESSAGE][PASSED] - Object: 'Object Repository/Page_cabi Personal Store/submitOrderId' is clicked on

2019-08-05 17:31:50 - [TEST_STEP][PASSED] - successMsg = "": null

2019-08-05 17:31:50 - [TEST_STEP][PASSED] - orderSuccess = false: null

2019-08-05 17:31:50 - [TEST_STEP][PASSED] - successMsgs = findWebElements(findTestObject("Object Repository/Page_cabi Personal Store/p_success_msg"), 5): null

2019-08-05 17:31:51 - [TEST_STEP][PASSED] - if (successMsgs.size() > 0): Text of object 'Object Repository/Page_cabi Personal Store/p_order_id' is: 'RT708104611'

2019-08-05 17:31:51 - [TEST_STEP][PASSED] - successMsg = getText(findTestObject("Object Repository/Page_cabi Personal Store/p_success_msg")): Text of object 'Object Repository/Page_cabi Personal Store/p_success_msg' is: 'Order Created Successfully!!
Order #:  RT708104611

CONTINUE SHOPPING'

2019-08-05 17:31:51 - [MESSAGE][PASSED] - Text of object 'Object Repository/Page_cabi Personal Store/p_success_msg' is: 'Order Created Successfully!!
Order #:  RT708104611

CONTINUE SHOPPING'

2019-08-05 17:31:51 - [TEST_STEP][PASSED] - orderSuccess = true: null

2019-08-05 17:31:51 - [TEST_STEP][PASSED] - retailOrderID = getText(findTestObject("Object Repository/Page_cabi Personal Store/p_order_id")): Text of object 'Object Repository/Page_cabi Personal Store/p_order_id' is: 'RT708104611'

2019-08-05 17:31:51 - [MESSAGE][PASSED] - Text of object 'Object Repository/Page_cabi Personal Store/p_order_id' is: 'RT708104611'

2019-08-05 17:31:51 - [TEST_STEP][PASSED] - assert orderSuccess == true: null

2019-08-05 17:31:51 - [TEST_STEP][NOT_RUN] - closeBrowser(): NOT_RUN: closeBrowser()

2019-08-05 17:31:51 - [MESSAGE][NOT_RUN] - NOT_RUN: closeBrowser()

2019-08-05 17:31:51 - [MESSAGE][PASSED] - Call Test Case 'Test Cases/editOrder/retailOrderBO' successfully

2019-08-05 17:31:51 - [TEST_STEP][PASSED] - delay(10): Delayed 10 second(s)

2019-08-05 17:32:01 - [MESSAGE][PASSED] - Delayed 10 second(s)

2019-08-05 17:32:01 - [TEST_STEP][FAILED] - callTestCase(findTestCase("NewArrival/warehouseShipping"), ["orderId":retailOrderID], STOP_ON_FAILURE): callTestCase(findTestCase("NewArrival/warehouseShipping"), ["orderId":retailOrderID], STOP_ON_FAILURE) FAILED.
Reason:
com.kms.katalon.core.exception.StepFailedException: Call Test Case 'Test Cases/NewArrival/warehouseShipping' failed
	at com.kms.katalon.core.keyword.builtin.CallTestCaseKeyword$_callTestCase_closure1.doCall(CallTestCaseKeyword.groovy:63)
	at com.kms.katalon.core.keyword.builtin.CallTestCaseKeyword$_callTestCase_closure1.call(CallTestCaseKeyword.groovy)
	at com.kms.katalon.core.keyword.internal.KeywordMain.runKeyword(KeywordMain.groovy:66)
	at com.kms.katalon.core.keyword.builtin.CallTestCaseKeyword.callTestCase(CallTestCaseKeyword.groovy:81)
	at com.kms.katalon.core.keyword.builtin.CallTestCaseKeyword.execute(CallTestCaseKeyword.groovy:44)
	at com.kms.katalon.core.keyword.internal.KeywordExecutor.executeKeywordForPlatform(KeywordExecutor.groovy:56)
	at com.kms.katalon.core.keyword.BuiltinKeywords.callTestCase(BuiltinKeywords.groovy:334)
	at rsEditOrderPartialShip.run(rsEditOrderPartialShip:21)
	at com.kms.katalon.core.main.ScriptEngine.run(ScriptEngine.java:194)
	at com.kms.katalon.core.main.ScriptEngine.runScriptAsRawText(ScriptEngine.java:119)
	at com.kms.katalon.core.main.TestCaseExecutor.runScript(TestCaseExecutor.java:342)
	at com.kms.katalon.core.main.TestCaseExecutor.doExecute(TestCaseExecutor.java:333)
	at com.kms.katalon.core.main.TestCaseExecutor.processExecutionPhase(TestCaseExecutor.java:312)
	at com.kms.katalon.core.main.TestCaseExecutor.accessMainPhase(TestCaseExecutor.java:304)
	at com.kms.katalon.core.main.TestCaseExecutor.execute(TestCaseExecutor.java:238)
	at com.kms.katalon.core.main.TestSuiteExecutor.accessTestCaseMainPhase(TestSuiteExecutor.java:129)
	at com.kms.katalon.core.main.TestSuiteExecutor.accessTestSuiteMainPhase(TestSuiteExecutor.java:112)
	at com.kms.katalon.core.main.TestSuiteExecutor.execute(TestSuiteExecutor.java:81)
	at com.kms.katalon.core.main.TestCaseMain.startTestSuite(TestCaseMain.java:157)
	at com.kms.katalon.core.main.TestCaseMain$startTestSuite$0.call(Unknown Source)
	at TempTestSuite1565005736886.run(TempTestSuite1565005736886.groovy:35)
Caused by: com.kms.katalon.core.exception.StepFailedException: Unable to click on object 'Object Repository/Page_cabi Manage PickLists/a_Create PickLists'
	at com.kms.katalon.core.webui.keyword.internal.WebUIKeywordMain.stepFailed(WebUIKeywordMain.groovy:64)
	at com.kms.katalon.core.webui.keyword.internal.WebUIKeywordMain.runKeyword(WebUIKeywordMain.groovy:26)
	at com.kms.katalon.core.webui.keyword.builtin.ClickKeyword.click(ClickKeyword.groovy:86)
	at com.kms.katalon.core.webui.keyword.builtin.ClickKeyword.execute(ClickKeyword.groovy:67)
	at com.kms.katalon.core.keyword.internal.KeywordExecutor.executeKeywordForPlatform(KeywordExecutor.groovy:56)
	at com.kms.katalon.core.webui.keyword.WebUiBuiltInKeywords.click(WebUiBuiltInKeywords.groovy:616)
	at com.kms.katalon.core.webui.keyword.WebUiBuiltInKeywords$click$2.call(Unknown Source)
	at warehouseShipping.run(warehouseShipping:13)
	at com.kms.katalon.core.main.ScriptEngine.run(ScriptEngine.java:194)
	at com.kms.katalon.core.main.ScriptEngine.runScriptAsRawText(ScriptEngine.java:119)
	at com.kms.katalon.core.main.TestCaseExecutor.runScript(TestCaseExecutor.java:342)
	at com.kms.katalon.core.main.TestCaseExecutor.doExecute(TestCaseExecutor.java:333)
	at com.kms.katalon.core.main.TestCaseExecutor.processExecutionPhase(TestCaseExecutor.java:312)
	at com.kms.katalon.core.main.TestCaseExecutor.accessMainPhase(TestCaseExecutor.java:304)
	at com.kms.katalon.core.main.TestCaseExecutor.execute(TestCaseExecutor.java:238)
	at com.kms.katalon.core.main.TestCaseMain.runTestCase(TestCaseMain.java:114)
	at com.kms.katalon.core.keyword.builtin.CallTestCaseKeyword$_callTestCase_closure1.doCall(CallTestCaseKeyword.groovy:59)
	... 20 more
Caused by: com.kms.katalon.core.webui.exception.WebElementNotFoundException: Web element with id: 'Object Repository/Page_cabi Manage PickLists/a_Create PickLists' located by 'By.xpath: //body[@id='column-container']/div/div[3]/ul/li/ul/li/a' not found
	at com.kms.katalon.core.webui.common.WebUiCommonHelper.findWebElement(WebUiCommonHelper.java:1097)
	at com.kms.katalon.core.webui.keyword.internal.WebUIAbstractKeyword.findWebElement(WebUIAbstractKeyword.groovy:27)
	at com.kms.katalon.core.webui.keyword.internal.WebUIAbstractKeyword.findWebElement(WebUIAbstractKeyword.groovy:26)
	at com.kms.katalon.core.webui.keyword.builtin.ClickKeyword$_click_closure1.doCall(ClickKeyword.groovy:77)
	at com.kms.katalon.core.webui.keyword.builtin.ClickKeyword$_click_closure1.call(ClickKeyword.groovy)
	at com.kms.katalon.core.webui.keyword.internal.WebUIKeywordMain.runKeyword(WebUIKeywordMain.groovy:20)
	at com.kms.katalon.core.webui.keyword.builtin.ClickKeyword.click(ClickKeyword.groovy:86)
	at com.kms.katalon.core.webui.keyword.builtin.ClickKeyword.execute(ClickKeyword.groovy:67)
	at com.kms.katalon.core.keyword.internal.KeywordExecutor.executeKeywordForPlatform(KeywordExecutor.groovy:56)
	at com.kms.katalon.core.webui.keyword.WebUiBuiltInKeywords.click(WebUiBuiltInKeywords.groovy:616)
	at com.kms.katalon.core.webui.keyword.WebUiBuiltInKeywords$click$2.call(Unknown Source)
	at Script1557465123910.run(Script1557465123910.groovy:13)
	at com.kms.katalon.core.main.ScriptEngine.run(ScriptEngine.java:194)
	at com.kms.katalon.core.main.ScriptEngine.runScriptAsRawText(ScriptEngine.java:119)
	at com.kms.katalon.core.main.TestCaseExecutor.runScript(TestCaseExecutor.java:342)
	at com.kms.katalon.core.main.TestCaseExecutor.doExecute(TestCaseExecutor.java:333)
	at com.kms.katalon.core.main.TestCaseExecutor.processExecutionPhase(TestCaseExecutor.java:312)
	at com.kms.katalon.core.main.TestCaseExecutor.accessMainPhase(TestCaseExecutor.java:304)
	at com.kms.katalon.core.main.TestCaseExecutor.execute(TestCaseExecutor.java:238)
	at com.kms.katalon.core.main.TestCaseMain.runTestCase(TestCaseMain.java:114)
	at com.kms.katalon.core.keyword.builtin.CallTestCaseKeyword$_callTestCase_closure1.doCall(CallTestCaseKeyword.groovy:59)
	at com.kms.katalon.core.keyword.builtin.CallTestCaseKeyword$_callTestCase_closure1.call(CallTestCaseKeyword.groovy)
	at com.kms.katalon.core.keyword.internal.KeywordMain.runKeyword(KeywordMain.groovy:66)
	at com.kms.katalon.core.keyword.builtin.CallTestCaseKeyword.callTestCase(CallTestCaseKeyword.groovy:81)
	at com.kms.katalon.core.keyword.builtin.CallTestCaseKeyword.execute(CallTestCaseKeyword.groovy:44)
	at com.kms.katalon.core.keyword.internal.KeywordExecutor.executeKeywordForPlatform(KeywordExecutor.groovy:56)
	at com.kms.katalon.core.keyword.BuiltinKeywords.callTestCase(BuiltinKeywords.groovy:334)
	at Script1560757656625.run(Script1560757656625.groovy:21)
	... 13 more


2019-08-05 17:32:01 - [TEST_CASE][FAILED] - Test Cases/NewArrival/warehouseShipping: Test Cases/NewArrival/warehouseShipping FAILED.
Reason:
com.kms.katalon.core.exception.StepFailedException: Unable to click on object 'Object Repository/Page_cabi Manage PickLists/a_Create PickLists'
	at com.kms.katalon.core.webui.keyword.internal.WebUIKeywordMain.stepFailed(WebUIKeywordMain.groovy:64)
	at com.kms.katalon.core.webui.keyword.internal.WebUIKeywordMain.runKeyword(WebUIKeywordMain.groovy:26)
	at com.kms.katalon.core.webui.keyword.builtin.ClickKeyword.click(ClickKeyword.groovy:86)
	at com.kms.katalon.core.webui.keyword.builtin.ClickKeyword.execute(ClickKeyword.groovy:67)
	at com.kms.katalon.core.keyword.internal.KeywordExecutor.executeKeywordForPlatform(KeywordExecutor.groovy:56)
	at com.kms.katalon.core.webui.keyword.WebUiBuiltInKeywords.click(WebUiBuiltInKeywords.groovy:616)
	at com.kms.katalon.core.webui.keyword.WebUiBuiltInKeywords$click$2.call(Unknown Source)
	at warehouseShipping.run(warehouseShipping:13)
	at com.kms.katalon.core.main.ScriptEngine.run(ScriptEngine.java:194)
	at com.kms.katalon.core.main.ScriptEngine.runScriptAsRawText(ScriptEngine.java:119)
	at com.kms.katalon.core.main.TestCaseExecutor.runScript(TestCaseExecutor.java:342)
	at com.kms.katalon.core.main.TestCaseExecutor.doExecute(TestCaseExecutor.java:333)
	at com.kms.katalon.core.main.TestCaseExecutor.processExecutionPhase(TestCaseExecutor.java:312)
	at com.kms.katalon.core.main.TestCaseExecutor.accessMainPhase(TestCaseExecutor.java:304)
	at com.kms.katalon.core.main.TestCaseExecutor.execute(TestCaseExecutor.java:238)
	at com.kms.katalon.core.main.TestCaseMain.runTestCase(TestCaseMain.java:114)
	at com.kms.katalon.core.keyword.builtin.CallTestCaseKeyword$_callTestCase_closure1.doCall(CallTestCaseKeyword.groovy:59)
	at com.kms.katalon.core.keyword.builtin.CallTestCaseKeyword$_callTestCase_closure1.call(CallTestCaseKeyword.groovy)
	at com.kms.katalon.core.keyword.internal.KeywordMain.runKeyword(KeywordMain.groovy:66)
	at com.kms.katalon.core.keyword.builtin.CallTestCaseKeyword.callTestCase(CallTestCaseKeyword.groovy:81)
	at com.kms.katalon.core.keyword.builtin.CallTestCaseKeyword.execute(CallTestCaseKeyword.groovy:44)
	at com.kms.katalon.core.keyword.internal.KeywordExecutor.executeKeywordForPlatform(KeywordExecutor.groovy:56)
	at com.kms.katalon.core.keyword.BuiltinKeywords.callTestCase(BuiltinKeywords.groovy:334)
	at rsEditOrderPartialShip.run(rsEditOrderPartialShip:21)
	at com.kms.katalon.core.main.ScriptEngine.run(ScriptEngine.java:194)
	at com.kms.katalon.core.main.ScriptEngine.runScriptAsRawText(ScriptEngine.java:119)
	at com.kms.katalon.core.main.TestCaseExecutor.runScript(TestCaseExecutor.java:342)
	at com.kms.katalon.core.main.TestCaseExecutor.doExecute(TestCaseExecutor.java:333)
	at com.kms.katalon.core.main.TestCaseExecutor.processExecutionPhase(TestCaseExecutor.java:312)
	at com.kms.katalon.core.main.TestCaseExecutor.accessMainPhase(TestCaseExecutor.java:304)
	at com.kms.katalon.core.main.TestCaseExecutor.execute(TestCaseExecutor.java:238)
	at com.kms.katalon.core.main.TestSuiteExecutor.accessTestCaseMainPhase(TestSuiteExecutor.java:129)
	at com.kms.katalon.core.main.TestSuiteExecutor.accessTestSuiteMainPhase(TestSuiteExecutor.java:112)
	at com.kms.katalon.core.main.TestSuiteExecutor.execute(TestSuiteExecutor.java:81)
	at com.kms.katalon.core.main.TestCaseMain.startTestSuite(TestCaseMain.java:157)
	at com.kms.katalon.core.main.TestCaseMain$startTestSuite$0.call(Unknown Source)
	at TempTestSuite1565005736886.run(TempTestSuite1565005736886.groovy:35)
Caused by: com.kms.katalon.core.webui.exception.WebElementNotFoundException: Web element with id: 'Object Repository/Page_cabi Manage PickLists/a_Create PickLists' located by 'By.xpath: //body[@id='column-container']/div/div[3]/ul/li/ul/li/a' not found
	at com.kms.katalon.core.webui.common.WebUiCommonHelper.findWebElement(WebUiCommonHelper.java:1097)
	at com.kms.katalon.core.webui.keyword.internal.WebUIAbstractKeyword.findWebElement(WebUIAbstractKeyword.groovy:27)
	at com.kms.katalon.core.webui.keyword.internal.WebUIAbstractKeyword.findWebElement(WebUIAbstractKeyword.groovy:26)
	at com.kms.katalon.core.webui.keyword.builtin.ClickKeyword$_click_closure1.doCall(ClickKeyword.groovy:77)
	at com.kms.katalon.core.webui.keyword.builtin.ClickKeyword$_click_closure1.call(ClickKeyword.groovy)
	at com.kms.katalon.core.webui.keyword.internal.WebUIKeywordMain.runKeyword(WebUIKeywordMain.groovy:20)
	at com.kms.katalon.core.webui.keyword.builtin.ClickKeyword.click(ClickKeyword.groovy:86)
	at com.kms.katalon.core.webui.keyword.builtin.ClickKeyword.execute(ClickKeyword.groovy:67)
	at com.kms.katalon.core.keyword.internal.KeywordExecutor.executeKeywordForPlatform(KeywordExecutor.groovy:56)
	at com.kms.katalon.core.webui.keyword.WebUiBuiltInKeywords.click(WebUiBuiltInKeywords.groovy:616)
	at com.kms.katalon.core.webui.keyword.WebUiBuiltInKeywords$click$2.call(Unknown Source)
	at Script1557465123910.run(Script1557465123910.groovy:13)
	at com.kms.katalon.core.main.ScriptEngine.run(ScriptEngine.java:194)
	at com.kms.katalon.core.main.ScriptEngine.runScriptAsRawText(ScriptEngine.java:119)
	at com.kms.katalon.core.main.TestCaseExecutor.runScript(TestCaseExecutor.java:342)
	at com.kms.katalon.core.main.TestCaseExecutor.doExecute(TestCaseExecutor.java:333)
	at com.kms.katalon.core.main.TestCaseExecutor.processExecutionPhase(TestCaseExecutor.java:312)
	at com.kms.katalon.core.main.TestCaseExecutor.accessMainPhase(TestCaseExecutor.java:304)
	at com.kms.katalon.core.main.TestCaseExecutor.execute(TestCaseExecutor.java:238)
	at com.kms.katalon.core.main.TestCaseMain.runTestCase(TestCaseMain.java:114)
	at com.kms.katalon.core.keyword.builtin.CallTestCaseKeyword$_callTestCase_closure1.doCall(CallTestCaseKeyword.groovy:59)
	at com.kms.katalon.core.keyword.builtin.CallTestCaseKeyword$_callTestCase_closure1.call(CallTestCaseKeyword.groovy)
	at com.kms.katalon.core.keyword.internal.KeywordMain.runKeyword(KeywordMain.groovy:66)
	at com.kms.katalon.core.keyword.builtin.CallTestCaseKeyword.callTestCase(CallTestCaseKeyword.groovy:81)
	at com.kms.katalon.core.keyword.builtin.CallTestCaseKeyword.execute(CallTestCaseKeyword.groovy:44)
	at com.kms.katalon.core.keyword.internal.KeywordExecutor.executeKeywordForPlatform(KeywordExecutor.groovy:56)
	at com.kms.katalon.core.keyword.BuiltinKeywords.callTestCase(BuiltinKeywords.groovy:334)
	at Script1560757656625.run(Script1560757656625.groovy:21)
	... 13 more


2019-08-05 17:32:01 - [TEST_STEP][PASSED] - callTestCase(findTestCase("TestCaseUtilities/cabiWarehouseLogin"), ["CWURL":"", "CWuser":"", "CWpass":""], STOP_ON_FAILURE): Call Test Case 'Test Cases/TestCaseUtilities/cabiWarehouseLogin' successfully

2019-08-05 17:32:01 - [TEST_CASE][PASSED] - Test Cases/TestCaseUtilities/cabiWarehouseLogin: Test Cases/TestCaseUtilities/cabiWarehouseLogin

2019-08-05 17:32:01 - [TEST_STEP][PASSED] - CWURL = findTestData("envtData").getValue("CWURL", 1): null

2019-08-05 17:32:01 - [TEST_STEP][PASSED] - CWuser = findTestData("credData").getValue("CWuser", 1): null

2019-08-05 17:32:01 - [TEST_STEP][PASSED] - CWpass = findTestData("credData").getValue("CWpass", 1): null

2019-08-05 17:32:01 - [TEST_STEP][PASSED] - openBrowser(""): Browser is opened with url: ''

2019-08-05 17:32:01 - [MESSAGE][WARNING] - A browser is already opened. Closing browser and opening a new one

2019-08-05 17:32:02 - [MESSAGE][INFO] - Starting 'Chrome' driver

2019-08-05 17:32:02 - [MESSAGE][INFO] - User set preference: ['args', '[--use-fake-ui-for-media-stream, --start-maximized]']

2019-08-05 17:32:03 - [MESSAGE][PASSED] - Browser is opened with url: ''

2019-08-05 17:32:03 - [TEST_STEP][PASSED] - navigateToUrl(CWURL): Navigate to 'https://sandbox.cabiclio.com/warehouse/control/main' successfully

2019-08-05 17:32:13 - [MESSAGE][PASSED] - Navigate to 'https://sandbox.cabiclio.com/warehouse/control/main' successfully

2019-08-05 17:32:13 - [TEST_STEP][PASSED] - logOut = findWebElements(findTestObject("Object Repository/Cabi warehouse/Page_cabi_home/log_out"), 1): Unable to find the element located by 'By.xpath: //li/a[contains(text(), 'Log Out »')]'. Please recheck the objects properties to make sure the desired element is located. 

2019-08-05 17:32:14 - [MESSAGE][INFO] - Unable to find the element located by 'By.xpath: //li/a[contains(text(), 'Log Out »')]'. Please recheck the objects properties to make sure the desired element is located. 

2019-08-05 17:32:14 - [TEST_STEP][PASSED] - if (logOut.size() == 0): Object: 'Object Repository/Cabi warehouse/Page_cabi/input_Password_section-btn btn-stl-pk rFloat' is clicked on

2019-08-05 17:32:14 - [TEST_STEP][PASSED] - setText(findTestObject("Object Repository/Cabi warehouse/Page_cabi/input_Username_USERNAME"), CWuser): Text 'rsuarez' is set on object 'Object Repository/Cabi warehouse/Page_cabi/input_Username_USERNAME'

2019-08-05 17:32:15 - [MESSAGE][PASSED] - Text 'rsuarez' is set on object 'Object Repository/Cabi warehouse/Page_cabi/input_Username_USERNAME'

2019-08-05 17:32:15 - [TEST_STEP][PASSED] - setText(findTestObject("Object Repository/Cabi warehouse/Page_cabi/input_Password_PASSWORD"), CWpass): Text 'blackdress19' is set on object 'Object Repository/Cabi warehouse/Page_cabi/input_Password_PASSWORD'

2019-08-05 17:32:15 - [MESSAGE][PASSED] - Text 'blackdress19' is set on object 'Object Repository/Cabi warehouse/Page_cabi/input_Password_PASSWORD'

2019-08-05 17:32:15 - [TEST_STEP][PASSED] - click(findTestObject("Object Repository/Cabi warehouse/Page_cabi/input_Password_section-btn btn-stl-pk rFloat")): Object: 'Object Repository/Cabi warehouse/Page_cabi/input_Password_section-btn btn-stl-pk rFloat' is clicked on

2019-08-05 17:32:16 - [MESSAGE][PASSED] - Object: 'Object Repository/Cabi warehouse/Page_cabi/input_Password_section-btn btn-stl-pk rFloat' is clicked on

2019-08-05 17:32:16 - [TEST_STEP][PASSED] - delay(3): Delayed 3 second(s)

2019-08-05 17:32:19 - [MESSAGE][PASSED] - Delayed 3 second(s)

2019-08-05 17:32:19 - [MESSAGE][PASSED] - Call Test Case 'Test Cases/TestCaseUtilities/cabiWarehouseLogin' successfully

2019-08-05 17:32:19 - [TEST_STEP][FAILED] - click(findTestObject("Page_cabi Manage PickLists/a_Create PickLists")): click(findTestObject("Page_cabi Manage PickLists/a_Create PickLists")) FAILED.
Reason:
com.kms.katalon.core.exception.StepFailedException: Unable to click on object 'Object Repository/Page_cabi Manage PickLists/a_Create PickLists'
	at com.kms.katalon.core.webui.keyword.internal.WebUIKeywordMain.stepFailed(WebUIKeywordMain.groovy:64)
	at com.kms.katalon.core.webui.keyword.internal.WebUIKeywordMain.runKeyword(WebUIKeywordMain.groovy:26)
	at com.kms.katalon.core.webui.keyword.builtin.ClickKeyword.click(ClickKeyword.groovy:86)
	at com.kms.katalon.core.webui.keyword.builtin.ClickKeyword.execute(ClickKeyword.groovy:67)
	at com.kms.katalon.core.keyword.internal.KeywordExecutor.executeKeywordForPlatform(KeywordExecutor.groovy:56)
	at com.kms.katalon.core.webui.keyword.WebUiBuiltInKeywords.click(WebUiBuiltInKeywords.groovy:616)
	at com.kms.katalon.core.webui.keyword.WebUiBuiltInKeywords$click$2.call(Unknown Source)
	at warehouseShipping.run(warehouseShipping:13)
	at com.kms.katalon.core.main.ScriptEngine.run(ScriptEngine.java:194)
	at com.kms.katalon.core.main.ScriptEngine.runScriptAsRawText(ScriptEngine.java:119)
	at com.kms.katalon.core.main.TestCaseExecutor.runScript(TestCaseExecutor.java:342)
	at com.kms.katalon.core.main.TestCaseExecutor.doExecute(TestCaseExecutor.java:333)
	at com.kms.katalon.core.main.TestCaseExecutor.processExecutionPhase(TestCaseExecutor.java:312)
	at com.kms.katalon.core.main.TestCaseExecutor.accessMainPhase(TestCaseExecutor.java:304)
	at com.kms.katalon.core.main.TestCaseExecutor.execute(TestCaseExecutor.java:238)
	at com.kms.katalon.core.main.TestCaseMain.runTestCase(TestCaseMain.java:114)
	at com.kms.katalon.core.keyword.builtin.CallTestCaseKeyword$_callTestCase_closure1.doCall(CallTestCaseKeyword.groovy:59)
	at com.kms.katalon.core.keyword.builtin.CallTestCaseKeyword$_callTestCase_closure1.call(CallTestCaseKeyword.groovy)
	at com.kms.katalon.core.keyword.internal.KeywordMain.runKeyword(KeywordMain.groovy:66)
	at com.kms.katalon.core.keyword.builtin.CallTestCaseKeyword.callTestCase(CallTestCaseKeyword.groovy:81)
	at com.kms.katalon.core.keyword.builtin.CallTestCaseKeyword.execute(CallTestCaseKeyword.groovy:44)
	at com.kms.katalon.core.keyword.internal.KeywordExecutor.executeKeywordForPlatform(KeywordExecutor.groovy:56)
	at com.kms.katalon.core.keyword.BuiltinKeywords.callTestCase(BuiltinKeywords.groovy:334)
	at rsEditOrderPartialShip.run(rsEditOrderPartialShip:21)
	at com.kms.katalon.core.main.ScriptEngine.run(ScriptEngine.java:194)
	at com.kms.katalon.core.main.ScriptEngine.runScriptAsRawText(ScriptEngine.java:119)
	at com.kms.katalon.core.main.TestCaseExecutor.runScript(TestCaseExecutor.java:342)
	at com.kms.katalon.core.main.TestCaseExecutor.doExecute(TestCaseExecutor.java:333)
	at com.kms.katalon.core.main.TestCaseExecutor.processExecutionPhase(TestCaseExecutor.java:312)
	at com.kms.katalon.core.main.TestCaseExecutor.accessMainPhase(TestCaseExecutor.java:304)
	at com.kms.katalon.core.main.TestCaseExecutor.execute(TestCaseExecutor.java:238)
	at com.kms.katalon.core.main.TestSuiteExecutor.accessTestCaseMainPhase(TestSuiteExecutor.java:129)
	at com.kms.katalon.core.main.TestSuiteExecutor.accessTestSuiteMainPhase(TestSuiteExecutor.java:112)
	at com.kms.katalon.core.main.TestSuiteExecutor.execute(TestSuiteExecutor.java:81)
	at com.kms.katalon.core.main.TestCaseMain.startTestSuite(TestCaseMain.java:157)
	at com.kms.katalon.core.main.TestCaseMain$startTestSuite$0.call(Unknown Source)
	at TempTestSuite1565005736886.run(TempTestSuite1565005736886.groovy:35)
Caused by: com.kms.katalon.core.webui.exception.WebElementNotFoundException: Web element with id: 'Object Repository/Page_cabi Manage PickLists/a_Create PickLists' located by 'By.xpath: //body[@id='column-container']/div/div[3]/ul/li/ul/li/a' not found
	at com.kms.katalon.core.webui.common.WebUiCommonHelper.findWebElement(WebUiCommonHelper.java:1097)
	at com.kms.katalon.core.webui.keyword.internal.WebUIAbstractKeyword.findWebElement(WebUIAbstractKeyword.groovy:27)
	at com.kms.katalon.core.webui.keyword.internal.WebUIAbstractKeyword.findWebElement(WebUIAbstractKeyword.groovy:26)
	at com.kms.katalon.core.webui.keyword.builtin.ClickKeyword$_click_closure1.doCall(ClickKeyword.groovy:77)
	at com.kms.katalon.core.webui.keyword.builtin.ClickKeyword$_click_closure1.call(ClickKeyword.groovy)
	at com.kms.katalon.core.webui.keyword.internal.WebUIKeywordMain.runKeyword(WebUIKeywordMain.groovy:20)
	at com.kms.katalon.core.webui.keyword.builtin.ClickKeyword.click(ClickKeyword.groovy:86)
	at com.kms.katalon.core.webui.keyword.builtin.ClickKeyword.execute(ClickKeyword.groovy:67)
	at com.kms.katalon.core.keyword.internal.KeywordExecutor.executeKeywordForPlatform(KeywordExecutor.groovy:56)
	at com.kms.katalon.core.webui.keyword.WebUiBuiltInKeywords.click(WebUiBuiltInKeywords.groovy:616)
	at com.kms.katalon.core.webui.keyword.WebUiBuiltInKeywords$click$2.call(Unknown Source)
	at Script1557465123910.run(Script1557465123910.groovy:13)
	at com.kms.katalon.core.main.ScriptEngine.run(ScriptEngine.java:194)
	at com.kms.katalon.core.main.ScriptEngine.runScriptAsRawText(ScriptEngine.java:119)
	at com.kms.katalon.core.main.TestCaseExecutor.runScript(TestCaseExecutor.java:342)
	at com.kms.katalon.core.main.TestCaseExecutor.doExecute(TestCaseExecutor.java:333)
	at com.kms.katalon.core.main.TestCaseExecutor.processExecutionPhase(TestCaseExecutor.java:312)
	at com.kms.katalon.core.main.TestCaseExecutor.accessMainPhase(TestCaseExecutor.java:304)
	at com.kms.katalon.core.main.TestCaseExecutor.execute(TestCaseExecutor.java:238)
	at com.kms.katalon.core.main.TestCaseMain.runTestCase(TestCaseMain.java:114)
	at com.kms.katalon.core.keyword.builtin.CallTestCaseKeyword$_callTestCase_closure1.doCall(CallTestCaseKeyword.groovy:59)
	at com.kms.katalon.core.keyword.builtin.CallTestCaseKeyword$_callTestCase_closure1.call(CallTestCaseKeyword.groovy)
	at com.kms.katalon.core.keyword.internal.KeywordMain.runKeyword(KeywordMain.groovy:66)
	at com.kms.katalon.core.keyword.builtin.CallTestCaseKeyword.callTestCase(CallTestCaseKeyword.groovy:81)
	at com.kms.katalon.core.keyword.builtin.CallTestCaseKeyword.execute(CallTestCaseKeyword.groovy:44)
	at com.kms.katalon.core.keyword.internal.KeywordExecutor.executeKeywordForPlatform(KeywordExecutor.groovy:56)
	at com.kms.katalon.core.keyword.BuiltinKeywords.callTestCase(BuiltinKeywords.groovy:334)
	at Script1560757656625.run(Script1560757656625.groovy:21)
	... 13 more


2019-08-05 17:32:50 - [MESSAGE][INFO] - Unable to find the element located by 'By.xpath: //body[@id='column-container']/div/div[3]/ul/li/ul/li/a'. Please recheck the objects properties to make sure the desired element is located. 

2019-08-05 17:32:51 - [MESSAGE][FAILED] - Unable to click on object 'Object Repository/Page_cabi Manage PickLists/a_Create PickLists' (Root cause: com.kms.katalon.core.exception.StepFailedException: Unable to click on object 'Object Repository/Page_cabi Manage PickLists/a_Create PickLists'
	at com.kms.katalon.core.webui.keyword.internal.WebUIKeywordMain.stepFailed(WebUIKeywordMain.groovy:64)
	at com.kms.katalon.core.webui.keyword.internal.WebUIKeywordMain.runKeyword(WebUIKeywordMain.groovy:26)
	at com.kms.katalon.core.webui.keyword.builtin.ClickKeyword.click(ClickKeyword.groovy:86)
	at com.kms.katalon.core.webui.keyword.builtin.ClickKeyword.execute(ClickKeyword.groovy:67)
	at com.kms.katalon.core.keyword.internal.KeywordExecutor.executeKeywordForPlatform(KeywordExecutor.groovy:56)
	at com.kms.katalon.core.webui.keyword.WebUiBuiltInKeywords.click(WebUiBuiltInKeywords.groovy:616)
	at com.kms.katalon.core.webui.keyword.WebUiBuiltInKeywords$click$2.call(Unknown Source)
	at warehouseShipping.run(warehouseShipping:13)
	at com.kms.katalon.core.main.ScriptEngine.run(ScriptEngine.java:194)
	at com.kms.katalon.core.main.ScriptEngine.runScriptAsRawText(ScriptEngine.java:119)
	at com.kms.katalon.core.main.TestCaseExecutor.runScript(TestCaseExecutor.java:342)
	at com.kms.katalon.core.main.TestCaseExecutor.doExecute(TestCaseExecutor.java:333)
	at com.kms.katalon.core.main.TestCaseExecutor.processExecutionPhase(TestCaseExecutor.java:312)
	at com.kms.katalon.core.main.TestCaseExecutor.accessMainPhase(TestCaseExecutor.java:304)
	at com.kms.katalon.core.main.TestCaseExecutor.execute(TestCaseExecutor.java:238)
	at com.kms.katalon.core.main.TestCaseMain.runTestCase(TestCaseMain.java:114)
	at com.kms.katalon.core.keyword.builtin.CallTestCaseKeyword$_callTestCase_closure1.doCall(CallTestCaseKeyword.groovy:59)
	at com.kms.katalon.core.keyword.builtin.CallTestCaseKeyword$_callTestCase_closure1.call(CallTestCaseKeyword.groovy)
	at com.kms.katalon.core.keyword.internal.KeywordMain.runKeyword(KeywordMain.groovy:66)
	at com.kms.katalon.core.keyword.builtin.CallTestCaseKeyword.callTestCase(CallTestCaseKeyword.groovy:81)
	at com.kms.katalon.core.keyword.builtin.CallTestCaseKeyword.execute(CallTestCaseKeyword.groovy:44)
	at com.kms.katalon.core.keyword.internal.KeywordExecutor.executeKeywordForPlatform(KeywordExecutor.groovy:56)
	at com.kms.katalon.core.keyword.BuiltinKeywords.callTestCase(BuiltinKeywords.groovy:334)
	at rsEditOrderPartialShip.run(rsEditOrderPartialShip:21)
	at com.kms.katalon.core.main.ScriptEngine.run(ScriptEngine.java:194)
	at com.kms.katalon.core.main.ScriptEngine.runScriptAsRawText(ScriptEngine.java:119)
	at com.kms.katalon.core.main.TestCaseExecutor.runScript(TestCaseExecutor.java:342)
	at com.kms.katalon.core.main.TestCaseExecutor.doExecute(TestCaseExecutor.java:333)
	at com.kms.katalon.core.main.TestCaseExecutor.processExecutionPhase(TestCaseExecutor.java:312)
	at com.kms.katalon.core.main.TestCaseExecutor.accessMainPhase(TestCaseExecutor.java:304)
	at com.kms.katalon.core.main.TestCaseExecutor.execute(TestCaseExecutor.java:238)
	at com.kms.katalon.core.main.TestSuiteExecutor.accessTestCaseMainPhase(TestSuiteExecutor.java:129)
	at com.kms.katalon.core.main.TestSuiteExecutor.accessTestSuiteMainPhase(TestSuiteExecutor.java:112)
	at com.kms.katalon.core.main.TestSuiteExecutor.execute(TestSuiteExecutor.java:81)
	at com.kms.katalon.core.main.TestCaseMain.startTestSuite(TestCaseMain.java:157)
	at com.kms.katalon.core.main.TestCaseMain$startTestSuite$0.call(Unknown Source)
	at TempTestSuite1565005736886.run(TempTestSuite1565005736886.groovy:35)
Caused by: com.kms.katalon.core.webui.exception.WebElementNotFoundException: Web element with id: 'Object Repository/Page_cabi Manage PickLists/a_Create PickLists' located by 'By.xpath: //body[@id='column-container']/div/div[3]/ul/li/ul/li/a' not found
	at com.kms.katalon.core.webui.common.WebUiCommonHelper.findWebElement(WebUiCommonHelper.java:1097)
	at com.kms.katalon.core.webui.keyword.internal.WebUIAbstractKeyword.findWebElement(WebUIAbstractKeyword.groovy:27)
	at com.kms.katalon.core.webui.keyword.internal.WebUIAbstractKeyword.findWebElement(WebUIAbstractKeyword.groovy:26)
	at com.kms.katalon.core.webui.keyword.builtin.ClickKeyword$_click_closure1.doCall(ClickKeyword.groovy:77)
	at com.kms.katalon.core.webui.keyword.builtin.ClickKeyword$_click_closure1.call(ClickKeyword.groovy)
	at com.kms.katalon.core.webui.keyword.internal.WebUIKeywordMain.runKeyword(WebUIKeywordMain.groovy:20)
	at com.kms.katalon.core.webui.keyword.builtin.ClickKeyword.click(ClickKeyword.groovy:86)
	at com.kms.katalon.core.webui.keyword.builtin.ClickKeyword.execute(ClickKeyword.groovy:67)
	at com.kms.katalon.core.keyword.internal.KeywordExecutor.executeKeywordForPlatform(KeywordExecutor.groovy:56)
	at com.kms.katalon.core.webui.keyword.WebUiBuiltInKeywords.click(WebUiBuiltInKeywords.groovy:616)
	at com.kms.katalon.core.webui.keyword.WebUiBuiltInKeywords$click$2.call(Unknown Source)
	at Script1557465123910.run(Script1557465123910.groovy:13)
	at com.kms.katalon.core.main.ScriptEngine.run(ScriptEngine.java:194)
	at com.kms.katalon.core.main.ScriptEngine.runScriptAsRawText(ScriptEngine.java:119)
	at com.kms.katalon.core.main.TestCaseExecutor.runScript(TestCaseExecutor.java:342)
	at com.kms.katalon.core.main.TestCaseExecutor.doExecute(TestCaseExecutor.java:333)
	at com.kms.katalon.core.main.TestCaseExecutor.processExecutionPhase(TestCaseExecutor.java:312)
	at com.kms.katalon.core.main.TestCaseExecutor.accessMainPhase(TestCaseExecutor.java:304)
	at com.kms.katalon.core.main.TestCaseExecutor.execute(TestCaseExecutor.java:238)
	at com.kms.katalon.core.main.TestCaseMain.runTestCase(TestCaseMain.java:114)
	at com.kms.katalon.core.keyword.builtin.CallTestCaseKeyword$_callTestCase_closure1.doCall(CallTestCaseKeyword.groovy:59)
	at com.kms.katalon.core.keyword.builtin.CallTestCaseKeyword$_callTestCase_closure1.call(CallTestCaseKeyword.groovy)
	at com.kms.katalon.core.keyword.internal.KeywordMain.runKeyword(KeywordMain.groovy:66)
	at com.kms.katalon.core.keyword.builtin.CallTestCaseKeyword.callTestCase(CallTestCaseKeyword.groovy:81)
	at com.kms.katalon.core.keyword.builtin.CallTestCaseKeyword.execute(CallTestCaseKeyword.groovy:44)
	at com.kms.katalon.core.keyword.internal.KeywordExecutor.executeKeywordForPlatform(KeywordExecutor.groovy:56)
	at com.kms.katalon.core.keyword.BuiltinKeywords.callTestCase(BuiltinKeywords.groovy:334)
	at Script1560757656625.run(Script1560757656625.groovy:21)
	... 13 more
)
[[ATTACHMENT|F:\\Office\\katalon\\KatalonProjects\\Reports\\EditOrderSuites\\EditOrderTestSuit\\20190805_171847\\1565006570780.png]]

2019-08-05 17:32:51 - [MESSAGE][FAILED] - click(findTestObject("Page_cabi Manage PickLists/a_Create PickLists")) FAILED.
Reason:
com.kms.katalon.core.exception.StepFailedException: Unable to click on object 'Object Repository/Page_cabi Manage PickLists/a_Create PickLists'
	at com.kms.katalon.core.webui.keyword.internal.WebUIKeywordMain.stepFailed(WebUIKeywordMain.groovy:64)
	at com.kms.katalon.core.webui.keyword.internal.WebUIKeywordMain.runKeyword(WebUIKeywordMain.groovy:26)
	at com.kms.katalon.core.webui.keyword.builtin.ClickKeyword.click(ClickKeyword.groovy:86)
	at com.kms.katalon.core.webui.keyword.builtin.ClickKeyword.execute(ClickKeyword.groovy:67)
	at com.kms.katalon.core.keyword.internal.KeywordExecutor.executeKeywordForPlatform(KeywordExecutor.groovy:56)
	at com.kms.katalon.core.webui.keyword.WebUiBuiltInKeywords.click(WebUiBuiltInKeywords.groovy:616)
	at com.kms.katalon.core.webui.keyword.WebUiBuiltInKeywords$click$2.call(Unknown Source)
	at warehouseShipping.run(warehouseShipping:13)
	at com.kms.katalon.core.main.ScriptEngine.run(ScriptEngine.java:194)
	at com.kms.katalon.core.main.ScriptEngine.runScriptAsRawText(ScriptEngine.java:119)
	at com.kms.katalon.core.main.TestCaseExecutor.runScript(TestCaseExecutor.java:342)
	at com.kms.katalon.core.main.TestCaseExecutor.doExecute(TestCaseExecutor.java:333)
	at com.kms.katalon.core.main.TestCaseExecutor.processExecutionPhase(TestCaseExecutor.java:312)
	at com.kms.katalon.core.main.TestCaseExecutor.accessMainPhase(TestCaseExecutor.java:304)
	at com.kms.katalon.core.main.TestCaseExecutor.execute(TestCaseExecutor.java:238)
	at com.kms.katalon.core.main.TestCaseMain.runTestCase(TestCaseMain.java:114)
	at com.kms.katalon.core.keyword.builtin.CallTestCaseKeyword$_callTestCase_closure1.doCall(CallTestCaseKeyword.groovy:59)
	at com.kms.katalon.core.keyword.builtin.CallTestCaseKeyword$_callTestCase_closure1.call(CallTestCaseKeyword.groovy)
	at com.kms.katalon.core.keyword.internal.KeywordMain.runKeyword(KeywordMain.groovy:66)
	at com.kms.katalon.core.keyword.builtin.CallTestCaseKeyword.callTestCase(CallTestCaseKeyword.groovy:81)
	at com.kms.katalon.core.keyword.builtin.CallTestCaseKeyword.execute(CallTestCaseKeyword.groovy:44)
	at com.kms.katalon.core.keyword.internal.KeywordExecutor.executeKeywordForPlatform(KeywordExecutor.groovy:56)
	at com.kms.katalon.core.keyword.BuiltinKeywords.callTestCase(BuiltinKeywords.groovy:334)
	at rsEditOrderPartialShip.run(rsEditOrderPartialShip:21)
	at com.kms.katalon.core.main.ScriptEngine.run(ScriptEngine.java:194)
	at com.kms.katalon.core.main.ScriptEngine.runScriptAsRawText(ScriptEngine.java:119)
	at com.kms.katalon.core.main.TestCaseExecutor.runScript(TestCaseExecutor.java:342)
	at com.kms.katalon.core.main.TestCaseExecutor.doExecute(TestCaseExecutor.java:333)
	at com.kms.katalon.core.main.TestCaseExecutor.processExecutionPhase(TestCaseExecutor.java:312)
	at com.kms.katalon.core.main.TestCaseExecutor.accessMainPhase(TestCaseExecutor.java:304)
	at com.kms.katalon.core.main.TestCaseExecutor.execute(TestCaseExecutor.java:238)
	at com.kms.katalon.core.main.TestSuiteExecutor.accessTestCaseMainPhase(TestSuiteExecutor.java:129)
	at com.kms.katalon.core.main.TestSuiteExecutor.accessTestSuiteMainPhase(TestSuiteExecutor.java:112)
	at com.kms.katalon.core.main.TestSuiteExecutor.execute(TestSuiteExecutor.java:81)
	at com.kms.katalon.core.main.TestCaseMain.startTestSuite(TestCaseMain.java:157)
	at com.kms.katalon.core.main.TestCaseMain$startTestSuite$0.call(Unknown Source)
	at TempTestSuite1565005736886.run(TempTestSuite1565005736886.groovy:35)
Caused by: com.kms.katalon.core.webui.exception.WebElementNotFoundException: Web element with id: 'Object Repository/Page_cabi Manage PickLists/a_Create PickLists' located by 'By.xpath: //body[@id='column-container']/div/div[3]/ul/li/ul/li/a' not found
	at com.kms.katalon.core.webui.common.WebUiCommonHelper.findWebElement(WebUiCommonHelper.java:1097)
	at com.kms.katalon.core.webui.keyword.internal.WebUIAbstractKeyword.findWebElement(WebUIAbstractKeyword.groovy:27)
	at com.kms.katalon.core.webui.keyword.internal.WebUIAbstractKeyword.findWebElement(WebUIAbstractKeyword.groovy:26)
	at com.kms.katalon.core.webui.keyword.builtin.ClickKeyword$_click_closure1.doCall(ClickKeyword.groovy:77)
	at com.kms.katalon.core.webui.keyword.builtin.ClickKeyword$_click_closure1.call(ClickKeyword.groovy)
	at com.kms.katalon.core.webui.keyword.internal.WebUIKeywordMain.runKeyword(WebUIKeywordMain.groovy:20)
	at com.kms.katalon.core.webui.keyword.builtin.ClickKeyword.click(ClickKeyword.groovy:86)
	at com.kms.katalon.core.webui.keyword.builtin.ClickKeyword.execute(ClickKeyword.groovy:67)
	at com.kms.katalon.core.keyword.internal.KeywordExecutor.executeKeywordForPlatform(KeywordExecutor.groovy:56)
	at com.kms.katalon.core.webui.keyword.WebUiBuiltInKeywords.click(WebUiBuiltInKeywords.groovy:616)
	at com.kms.katalon.core.webui.keyword.WebUiBuiltInKeywords$click$2.call(Unknown Source)
	at Script1557465123910.run(Script1557465123910.groovy:13)
	at com.kms.katalon.core.main.ScriptEngine.run(ScriptEngine.java:194)
	at com.kms.katalon.core.main.ScriptEngine.runScriptAsRawText(ScriptEngine.java:119)
	at com.kms.katalon.core.main.TestCaseExecutor.runScript(TestCaseExecutor.java:342)
	at com.kms.katalon.core.main.TestCaseExecutor.doExecute(TestCaseExecutor.java:333)
	at com.kms.katalon.core.main.TestCaseExecutor.processExecutionPhase(TestCaseExecutor.java:312)
	at com.kms.katalon.core.main.TestCaseExecutor.accessMainPhase(TestCaseExecutor.java:304)
	at com.kms.katalon.core.main.TestCaseExecutor.execute(TestCaseExecutor.java:238)
	at com.kms.katalon.core.main.TestCaseMain.runTestCase(TestCaseMain.java:114)
	at com.kms.katalon.core.keyword.builtin.CallTestCaseKeyword$_callTestCase_closure1.doCall(CallTestCaseKeyword.groovy:59)
	at com.kms.katalon.core.keyword.builtin.CallTestCaseKeyword$_callTestCase_closure1.call(CallTestCaseKeyword.groovy)
	at com.kms.katalon.core.keyword.internal.KeywordMain.runKeyword(KeywordMain.groovy:66)
	at com.kms.katalon.core.keyword.builtin.CallTestCaseKeyword.callTestCase(CallTestCaseKeyword.groovy:81)
	at com.kms.katalon.core.keyword.builtin.CallTestCaseKeyword.execute(CallTestCaseKeyword.groovy:44)
	at com.kms.katalon.core.keyword.internal.KeywordExecutor.executeKeywordForPlatform(KeywordExecutor.groovy:56)
	at com.kms.katalon.core.keyword.BuiltinKeywords.callTestCase(BuiltinKeywords.groovy:334)
	at Script1560757656625.run(Script1560757656625.groovy:21)
	... 13 more


2019-08-05 17:32:51 - [MESSAGE][FAILED] - Unable to call Test Case 'Test Cases/NewArrival/warehouseShipping' (Root cause: com.kms.katalon.core.exception.StepFailedException: Call Test Case 'Test Cases/NewArrival/warehouseShipping' failed
	at com.kms.katalon.core.keyword.builtin.CallTestCaseKeyword$_callTestCase_closure1.doCall(CallTestCaseKeyword.groovy:63)
	at com.kms.katalon.core.keyword.builtin.CallTestCaseKeyword$_callTestCase_closure1.call(CallTestCaseKeyword.groovy)
	at com.kms.katalon.core.keyword.internal.KeywordMain.runKeyword(KeywordMain.groovy:66)
	at com.kms.katalon.core.keyword.builtin.CallTestCaseKeyword.callTestCase(CallTestCaseKeyword.groovy:81)
	at com.kms.katalon.core.keyword.builtin.CallTestCaseKeyword.execute(CallTestCaseKeyword.groovy:44)
	at com.kms.katalon.core.keyword.internal.KeywordExecutor.executeKeywordForPlatform(KeywordExecutor.groovy:56)
	at com.kms.katalon.core.keyword.BuiltinKeywords.callTestCase(BuiltinKeywords.groovy:334)
	at rsEditOrderPartialShip.run(rsEditOrderPartialShip:21)
	at com.kms.katalon.core.main.ScriptEngine.run(ScriptEngine.java:194)
	at com.kms.katalon.core.main.ScriptEngine.runScriptAsRawText(ScriptEngine.java:119)
	at com.kms.katalon.core.main.TestCaseExecutor.runScript(TestCaseExecutor.java:342)
	at com.kms.katalon.core.main.TestCaseExecutor.doExecute(TestCaseExecutor.java:333)
	at com.kms.katalon.core.main.TestCaseExecutor.processExecutionPhase(TestCaseExecutor.java:312)
	at com.kms.katalon.core.main.TestCaseExecutor.accessMainPhase(TestCaseExecutor.java:304)
	at com.kms.katalon.core.main.TestCaseExecutor.execute(TestCaseExecutor.java:238)
	at com.kms.katalon.core.main.TestSuiteExecutor.accessTestCaseMainPhase(TestSuiteExecutor.java:129)
	at com.kms.katalon.core.main.TestSuiteExecutor.accessTestSuiteMainPhase(TestSuiteExecutor.java:112)
	at com.kms.katalon.core.main.TestSuiteExecutor.execute(TestSuiteExecutor.java:81)
	at com.kms.katalon.core.main.TestCaseMain.startTestSuite(TestCaseMain.java:157)
	at com.kms.katalon.core.main.TestCaseMain$startTestSuite$0.call(Unknown Source)
	at TempTestSuite1565005736886.run(TempTestSuite1565005736886.groovy:35)
Caused by: com.kms.katalon.core.exception.StepFailedException: Unable to click on object 'Object Repository/Page_cabi Manage PickLists/a_Create PickLists'
	at com.kms.katalon.core.webui.keyword.internal.WebUIKeywordMain.stepFailed(WebUIKeywordMain.groovy:64)
	at com.kms.katalon.core.webui.keyword.internal.WebUIKeywordMain.runKeyword(WebUIKeywordMain.groovy:26)
	at com.kms.katalon.core.webui.keyword.builtin.ClickKeyword.click(ClickKeyword.groovy:86)
	at com.kms.katalon.core.webui.keyword.builtin.ClickKeyword.execute(ClickKeyword.groovy:67)
	at com.kms.katalon.core.keyword.internal.KeywordExecutor.executeKeywordForPlatform(KeywordExecutor.groovy:56)
	at com.kms.katalon.core.webui.keyword.WebUiBuiltInKeywords.click(WebUiBuiltInKeywords.groovy:616)
	at com.kms.katalon.core.webui.keyword.WebUiBuiltInKeywords$click$2.call(Unknown Source)
	at warehouseShipping.run(warehouseShipping:13)
	at com.kms.katalon.core.main.ScriptEngine.run(ScriptEngine.java:194)
	at com.kms.katalon.core.main.ScriptEngine.runScriptAsRawText(ScriptEngine.java:119)
	at com.kms.katalon.core.main.TestCaseExecutor.runScript(TestCaseExecutor.java:342)
	at com.kms.katalon.core.main.TestCaseExecutor.doExecute(TestCaseExecutor.java:333)
	at com.kms.katalon.core.main.TestCaseExecutor.processExecutionPhase(TestCaseExecutor.java:312)
	at com.kms.katalon.core.main.TestCaseExecutor.accessMainPhase(TestCaseExecutor.java:304)
	at com.kms.katalon.core.main.TestCaseExecutor.execute(TestCaseExecutor.java:238)
	at com.kms.katalon.core.main.TestCaseMain.runTestCase(TestCaseMain.java:114)
	at com.kms.katalon.core.keyword.builtin.CallTestCaseKeyword$_callTestCase_closure1.doCall(CallTestCaseKeyword.groovy:59)
	... 20 more
Caused by: com.kms.katalon.core.webui.exception.WebElementNotFoundException: Web element with id: 'Object Repository/Page_cabi Manage PickLists/a_Create PickLists' located by 'By.xpath: //body[@id='column-container']/div/div[3]/ul/li/ul/li/a' not found
	at com.kms.katalon.core.webui.common.WebUiCommonHelper.findWebElement(WebUiCommonHelper.java:1097)
	at com.kms.katalon.core.webui.keyword.internal.WebUIAbstractKeyword.findWebElement(WebUIAbstractKeyword.groovy:27)
	at com.kms.katalon.core.webui.keyword.internal.WebUIAbstractKeyword.findWebElement(WebUIAbstractKeyword.groovy:26)
	at com.kms.katalon.core.webui.keyword.builtin.ClickKeyword$_click_closure1.doCall(ClickKeyword.groovy:77)
	at com.kms.katalon.core.webui.keyword.builtin.ClickKeyword$_click_closure1.call(ClickKeyword.groovy)
	at com.kms.katalon.core.webui.keyword.internal.WebUIKeywordMain.runKeyword(WebUIKeywordMain.groovy:20)
	at com.kms.katalon.core.webui.keyword.builtin.ClickKeyword.click(ClickKeyword.groovy:86)
	at com.kms.katalon.core.webui.keyword.builtin.ClickKeyword.execute(ClickKeyword.groovy:67)
	at com.kms.katalon.core.keyword.internal.KeywordExecutor.executeKeywordForPlatform(KeywordExecutor.groovy:56)
	at com.kms.katalon.core.webui.keyword.WebUiBuiltInKeywords.click(WebUiBuiltInKeywords.groovy:616)
	at com.kms.katalon.core.webui.keyword.WebUiBuiltInKeywords$click$2.call(Unknown Source)
	at Script1557465123910.run(Script1557465123910.groovy:13)
	at com.kms.katalon.core.main.ScriptEngine.run(ScriptEngine.java:194)
	at com.kms.katalon.core.main.ScriptEngine.runScriptAsRawText(ScriptEngine.java:119)
	at com.kms.katalon.core.main.TestCaseExecutor.runScript(TestCaseExecutor.java:342)
	at com.kms.katalon.core.main.TestCaseExecutor.doExecute(TestCaseExecutor.java:333)
	at com.kms.katalon.core.main.TestCaseExecutor.processExecutionPhase(TestCaseExecutor.java:312)
	at com.kms.katalon.core.main.TestCaseExecutor.accessMainPhase(TestCaseExecutor.java:304)
	at com.kms.katalon.core.main.TestCaseExecutor.execute(TestCaseExecutor.java:238)
	at com.kms.katalon.core.main.TestCaseMain.runTestCase(TestCaseMain.java:114)
	at com.kms.katalon.core.keyword.builtin.CallTestCaseKeyword$_callTestCase_closure1.doCall(CallTestCaseKeyword.groovy:59)
	at com.kms.katalon.core.keyword.builtin.CallTestCaseKeyword$_callTestCase_closure1.call(CallTestCaseKeyword.groovy)
	at com.kms.katalon.core.keyword.internal.KeywordMain.runKeyword(KeywordMain.groovy:66)
	at com.kms.katalon.core.keyword.builtin.CallTestCaseKeyword.callTestCase(CallTestCaseKeyword.groovy:81)
	at com.kms.katalon.core.keyword.builtin.CallTestCaseKeyword.execute(CallTestCaseKeyword.groovy:44)
	at com.kms.katalon.core.keyword.internal.KeywordExecutor.executeKeywordForPlatform(KeywordExecutor.groovy:56)
	at com.kms.katalon.core.keyword.BuiltinKeywords.callTestCase(BuiltinKeywords.groovy:334)
	at Script1560757656625.run(Script1560757656625.groovy:21)
	... 13 more
)

2019-08-05 17:32:51 - [MESSAGE][FAILED] - callTestCase(findTestCase("NewArrival/warehouseShipping"), ["orderId":retailOrderID], STOP_ON_FAILURE) FAILED.
Reason:
com.kms.katalon.core.exception.StepFailedException: Call Test Case 'Test Cases/NewArrival/warehouseShipping' failed
	at com.kms.katalon.core.keyword.builtin.CallTestCaseKeyword$_callTestCase_closure1.doCall(CallTestCaseKeyword.groovy:63)
	at com.kms.katalon.core.keyword.builtin.CallTestCaseKeyword$_callTestCase_closure1.call(CallTestCaseKeyword.groovy)
	at com.kms.katalon.core.keyword.internal.KeywordMain.runKeyword(KeywordMain.groovy:66)
	at com.kms.katalon.core.keyword.builtin.CallTestCaseKeyword.callTestCase(CallTestCaseKeyword.groovy:81)
	at com.kms.katalon.core.keyword.builtin.CallTestCaseKeyword.execute(CallTestCaseKeyword.groovy:44)
	at com.kms.katalon.core.keyword.internal.KeywordExecutor.executeKeywordForPlatform(KeywordExecutor.groovy:56)
	at com.kms.katalon.core.keyword.BuiltinKeywords.callTestCase(BuiltinKeywords.groovy:334)
	at rsEditOrderPartialShip.run(rsEditOrderPartialShip:21)
	at com.kms.katalon.core.main.ScriptEngine.run(ScriptEngine.java:194)
	at com.kms.katalon.core.main.ScriptEngine.runScriptAsRawText(ScriptEngine.java:119)
	at com.kms.katalon.core.main.TestCaseExecutor.runScript(TestCaseExecutor.java:342)
	at com.kms.katalon.core.main.TestCaseExecutor.doExecute(TestCaseExecutor.java:333)
	at com.kms.katalon.core.main.TestCaseExecutor.processExecutionPhase(TestCaseExecutor.java:312)
	at com.kms.katalon.core.main.TestCaseExecutor.accessMainPhase(TestCaseExecutor.java:304)
	at com.kms.katalon.core.main.TestCaseExecutor.execute(TestCaseExecutor.java:238)
	at com.kms.katalon.core.main.TestSuiteExecutor.accessTestCaseMainPhase(TestSuiteExecutor.java:129)
	at com.kms.katalon.core.main.TestSuiteExecutor.accessTestSuiteMainPhase(TestSuiteExecutor.java:112)
	at com.kms.katalon.core.main.TestSuiteExecutor.execute(TestSuiteExecutor.java:81)
	at com.kms.katalon.core.main.TestCaseMain.startTestSuite(TestCaseMain.java:157)
	at com.kms.katalon.core.main.TestCaseMain$startTestSuite$0.call(Unknown Source)
	at TempTestSuite1565005736886.run(TempTestSuite1565005736886.groovy:35)
Caused by: com.kms.katalon.core.exception.StepFailedException: Unable to click on object 'Object Repository/Page_cabi Manage PickLists/a_Create PickLists'
	at com.kms.katalon.core.webui.keyword.internal.WebUIKeywordMain.stepFailed(WebUIKeywordMain.groovy:64)
	at com.kms.katalon.core.webui.keyword.internal.WebUIKeywordMain.runKeyword(WebUIKeywordMain.groovy:26)
	at com.kms.katalon.core.webui.keyword.builtin.ClickKeyword.click(ClickKeyword.groovy:86)
	at com.kms.katalon.core.webui.keyword.builtin.ClickKeyword.execute(ClickKeyword.groovy:67)
	at com.kms.katalon.core.keyword.internal.KeywordExecutor.executeKeywordForPlatform(KeywordExecutor.groovy:56)
	at com.kms.katalon.core.webui.keyword.WebUiBuiltInKeywords.click(WebUiBuiltInKeywords.groovy:616)
	at com.kms.katalon.core.webui.keyword.WebUiBuiltInKeywords$click$2.call(Unknown Source)
	at warehouseShipping.run(warehouseShipping:13)
	at com.kms.katalon.core.main.ScriptEngine.run(ScriptEngine.java:194)
	at com.kms.katalon.core.main.ScriptEngine.runScriptAsRawText(ScriptEngine.java:119)
	at com.kms.katalon.core.main.TestCaseExecutor.runScript(TestCaseExecutor.java:342)
	at com.kms.katalon.core.main.TestCaseExecutor.doExecute(TestCaseExecutor.java:333)
	at com.kms.katalon.core.main.TestCaseExecutor.processExecutionPhase(TestCaseExecutor.java:312)
	at com.kms.katalon.core.main.TestCaseExecutor.accessMainPhase(TestCaseExecutor.java:304)
	at com.kms.katalon.core.main.TestCaseExecutor.execute(TestCaseExecutor.java:238)
	at com.kms.katalon.core.main.TestCaseMain.runTestCase(TestCaseMain.java:114)
	at com.kms.katalon.core.keyword.builtin.CallTestCaseKeyword$_callTestCase_closure1.doCall(CallTestCaseKeyword.groovy:59)
	... 20 more
Caused by: com.kms.katalon.core.webui.exception.WebElementNotFoundException: Web element with id: 'Object Repository/Page_cabi Manage PickLists/a_Create PickLists' located by 'By.xpath: //body[@id='column-container']/div/div[3]/ul/li/ul/li/a' not found
	at com.kms.katalon.core.webui.common.WebUiCommonHelper.findWebElement(WebUiCommonHelper.java:1097)
	at com.kms.katalon.core.webui.keyword.internal.WebUIAbstractKeyword.findWebElement(WebUIAbstractKeyword.groovy:27)
	at com.kms.katalon.core.webui.keyword.internal.WebUIAbstractKeyword.findWebElement(WebUIAbstractKeyword.groovy:26)
	at com.kms.katalon.core.webui.keyword.builtin.ClickKeyword$_click_closure1.doCall(ClickKeyword.groovy:77)
	at com.kms.katalon.core.webui.keyword.builtin.ClickKeyword$_click_closure1.call(ClickKeyword.groovy)
	at com.kms.katalon.core.webui.keyword.internal.WebUIKeywordMain.runKeyword(WebUIKeywordMain.groovy:20)
	at com.kms.katalon.core.webui.keyword.builtin.ClickKeyword.click(ClickKeyword.groovy:86)
	at com.kms.katalon.core.webui.keyword.builtin.ClickKeyword.execute(ClickKeyword.groovy:67)
	at com.kms.katalon.core.keyword.internal.KeywordExecutor.executeKeywordForPlatform(KeywordExecutor.groovy:56)
	at com.kms.katalon.core.webui.keyword.WebUiBuiltInKeywords.click(WebUiBuiltInKeywords.groovy:616)
	at com.kms.katalon.core.webui.keyword.WebUiBuiltInKeywords$click$2.call(Unknown Source)
	at Script1557465123910.run(Script1557465123910.groovy:13)
	at com.kms.katalon.core.main.ScriptEngine.run(ScriptEngine.java:194)
	at com.kms.katalon.core.main.ScriptEngine.runScriptAsRawText(ScriptEngine.java:119)
	at com.kms.katalon.core.main.TestCaseExecutor.runScript(TestCaseExecutor.java:342)
	at com.kms.katalon.core.main.TestCaseExecutor.doExecute(TestCaseExecutor.java:333)
	at com.kms.katalon.core.main.TestCaseExecutor.processExecutionPhase(TestCaseExecutor.java:312)
	at com.kms.katalon.core.main.TestCaseExecutor.accessMainPhase(TestCaseExecutor.java:304)
	at com.kms.katalon.core.main.TestCaseExecutor.execute(TestCaseExecutor.java:238)
	at com.kms.katalon.core.main.TestCaseMain.runTestCase(TestCaseMain.java:114)
	at com.kms.katalon.core.keyword.builtin.CallTestCaseKeyword$_callTestCase_closure1.doCall(CallTestCaseKeyword.groovy:59)
	at com.kms.katalon.core.keyword.builtin.CallTestCaseKeyword$_callTestCase_closure1.call(CallTestCaseKeyword.groovy)
	at com.kms.katalon.core.keyword.internal.KeywordMain.runKeyword(KeywordMain.groovy:66)
	at com.kms.katalon.core.keyword.builtin.CallTestCaseKeyword.callTestCase(CallTestCaseKeyword.groovy:81)
	at com.kms.katalon.core.keyword.builtin.CallTestCaseKeyword.execute(CallTestCaseKeyword.groovy:44)
	at com.kms.katalon.core.keyword.internal.KeywordExecutor.executeKeywordForPlatform(KeywordExecutor.groovy:56)
	at com.kms.katalon.core.keyword.BuiltinKeywords.callTestCase(BuiltinKeywords.groovy:334)
	at Script1560757656625.run(Script1560757656625.groovy:21)
	... 13 more]]></system-out>
         <system-err><![CDATA[2019-08-05 17:30:06 - [TEST_CASE][FAILED] - Test Cases/editOrder/rsEditOrderPartialShip: Test Cases/editOrder/rsEditOrderPartialShip FAILED.
Reason:
com.kms.katalon.core.exception.StepFailedException: Call Test Case 'Test Cases/NewArrival/warehouseShipping' failed
	at com.kms.katalon.core.keyword.builtin.CallTestCaseKeyword$_callTestCase_closure1.doCall(CallTestCaseKeyword.groovy:63)
	at com.kms.katalon.core.keyword.builtin.CallTestCaseKeyword$_callTestCase_closure1.call(CallTestCaseKeyword.groovy)
	at com.kms.katalon.core.keyword.internal.KeywordMain.runKeyword(KeywordMain.groovy:66)
	at com.kms.katalon.core.keyword.builtin.CallTestCaseKeyword.callTestCase(CallTestCaseKeyword.groovy:81)
	at com.kms.katalon.core.keyword.builtin.CallTestCaseKeyword.execute(CallTestCaseKeyword.groovy:44)
	at com.kms.katalon.core.keyword.internal.KeywordExecutor.executeKeywordForPlatform(KeywordExecutor.groovy:56)
	at com.kms.katalon.core.keyword.BuiltinKeywords.callTestCase(BuiltinKeywords.groovy:334)
	at rsEditOrderPartialShip.run(rsEditOrderPartialShip:21)
	at com.kms.katalon.core.main.ScriptEngine.run(ScriptEngine.java:194)
	at com.kms.katalon.core.main.ScriptEngine.runScriptAsRawText(ScriptEngine.java:119)
	at com.kms.katalon.core.main.TestCaseExecutor.runScript(TestCaseExecutor.java:342)
	at com.kms.katalon.core.main.TestCaseExecutor.doExecute(TestCaseExecutor.java:333)
	at com.kms.katalon.core.main.TestCaseExecutor.processExecutionPhase(TestCaseExecutor.java:312)
	at com.kms.katalon.core.main.TestCaseExecutor.accessMainPhase(TestCaseExecutor.java:304)
	at com.kms.katalon.core.main.TestCaseExecutor.execute(TestCaseExecutor.java:238)
	at com.kms.katalon.core.main.TestSuiteExecutor.accessTestCaseMainPhase(TestSuiteExecutor.java:129)
	at com.kms.katalon.core.main.TestSuiteExecutor.accessTestSuiteMainPhase(TestSuiteExecutor.java:112)
	at com.kms.katalon.core.main.TestSuiteExecutor.execute(TestSuiteExecutor.java:81)
	at com.kms.katalon.core.main.TestCaseMain.startTestSuite(TestCaseMain.java:157)
	at com.kms.katalon.core.main.TestCaseMain$startTestSuite$0.call(Unknown Source)
	at TempTestSuite1565005736886.run(TempTestSuite1565005736886.groovy:35)
Caused by: com.kms.katalon.core.exception.StepFailedException: Unable to click on object 'Object Repository/Page_cabi Manage PickLists/a_Create PickLists'
	at com.kms.katalon.core.webui.keyword.internal.WebUIKeywordMain.stepFailed(WebUIKeywordMain.groovy:64)
	at com.kms.katalon.core.webui.keyword.internal.WebUIKeywordMain.runKeyword(WebUIKeywordMain.groovy:26)
	at com.kms.katalon.core.webui.keyword.builtin.ClickKeyword.click(ClickKeyword.groovy:86)
	at com.kms.katalon.core.webui.keyword.builtin.ClickKeyword.execute(ClickKeyword.groovy:67)
	at com.kms.katalon.core.keyword.internal.KeywordExecutor.executeKeywordForPlatform(KeywordExecutor.groovy:56)
	at com.kms.katalon.core.webui.keyword.WebUiBuiltInKeywords.click(WebUiBuiltInKeywords.groovy:616)
	at com.kms.katalon.core.webui.keyword.WebUiBuiltInKeywords$click$2.call(Unknown Source)
	at warehouseShipping.run(warehouseShipping:13)
	at com.kms.katalon.core.main.ScriptEngine.run(ScriptEngine.java:194)
	at com.kms.katalon.core.main.ScriptEngine.runScriptAsRawText(ScriptEngine.java:119)
	at com.kms.katalon.core.main.TestCaseExecutor.runScript(TestCaseExecutor.java:342)
	at com.kms.katalon.core.main.TestCaseExecutor.doExecute(TestCaseExecutor.java:333)
	at com.kms.katalon.core.main.TestCaseExecutor.processExecutionPhase(TestCaseExecutor.java:312)
	at com.kms.katalon.core.main.TestCaseExecutor.accessMainPhase(TestCaseExecutor.java:304)
	at com.kms.katalon.core.main.TestCaseExecutor.execute(TestCaseExecutor.java:238)
	at com.kms.katalon.core.main.TestCaseMain.runTestCase(TestCaseMain.java:114)
	at com.kms.katalon.core.keyword.builtin.CallTestCaseKeyword$_callTestCase_closure1.doCall(CallTestCaseKeyword.groovy:59)
	... 20 more
Caused by: com.kms.katalon.core.webui.exception.WebElementNotFoundException: Web element with id: 'Object Repository/Page_cabi Manage PickLists/a_Create PickLists' located by 'By.xpath: //body[@id='column-container']/div/div[3]/ul/li/ul/li/a' not found
	at com.kms.katalon.core.webui.common.WebUiCommonHelper.findWebElement(WebUiCommonHelper.java:1097)
	at com.kms.katalon.core.webui.keyword.internal.WebUIAbstractKeyword.findWebElement(WebUIAbstractKeyword.groovy:27)
	at com.kms.katalon.core.webui.keyword.internal.WebUIAbstractKeyword.findWebElement(WebUIAbstractKeyword.groovy:26)
	at com.kms.katalon.core.webui.keyword.builtin.ClickKeyword$_click_closure1.doCall(ClickKeyword.groovy:77)
	at com.kms.katalon.core.webui.keyword.builtin.ClickKeyword$_click_closure1.call(ClickKeyword.groovy)
	at com.kms.katalon.core.webui.keyword.internal.WebUIKeywordMain.runKeyword(WebUIKeywordMain.groovy:20)
	at com.kms.katalon.core.webui.keyword.builtin.ClickKeyword.click(ClickKeyword.groovy:86)
	at com.kms.katalon.core.webui.keyword.builtin.ClickKeyword.execute(ClickKeyword.groovy:67)
	at com.kms.katalon.core.keyword.internal.KeywordExecutor.executeKeywordForPlatform(KeywordExecutor.groovy:56)
	at com.kms.katalon.core.webui.keyword.WebUiBuiltInKeywords.click(WebUiBuiltInKeywords.groovy:616)
	at com.kms.katalon.core.webui.keyword.WebUiBuiltInKeywords$click$2.call(Unknown Source)
	at Script1557465123910.run(Script1557465123910.groovy:13)
	at com.kms.katalon.core.main.ScriptEngine.run(ScriptEngine.java:194)
	at com.kms.katalon.core.main.ScriptEngine.runScriptAsRawText(ScriptEngine.java:119)
	at com.kms.katalon.core.main.TestCaseExecutor.runScript(TestCaseExecutor.java:342)
	at com.kms.katalon.core.main.TestCaseExecutor.doExecute(TestCaseExecutor.java:333)
	at com.kms.katalon.core.main.TestCaseExecutor.processExecutionPhase(TestCaseExecutor.java:312)
	at com.kms.katalon.core.main.TestCaseExecutor.accessMainPhase(TestCaseExecutor.java:304)
	at com.kms.katalon.core.main.TestCaseExecutor.execute(TestCaseExecutor.java:238)
	at com.kms.katalon.core.main.TestCaseMain.runTestCase(TestCaseMain.java:114)
	at com.kms.katalon.core.keyword.builtin.CallTestCaseKeyword$_callTestCase_closure1.doCall(CallTestCaseKeyword.groovy:59)
	at com.kms.katalon.core.keyword.builtin.CallTestCaseKeyword$_callTestCase_closure1.call(CallTestCaseKeyword.groovy)
	at com.kms.katalon.core.keyword.internal.KeywordMain.runKeyword(KeywordMain.groovy:66)
	at com.kms.katalon.core.keyword.builtin.CallTestCaseKeyword.callTestCase(CallTestCaseKeyword.groovy:81)
	at com.kms.katalon.core.keyword.builtin.CallTestCaseKeyword.execute(CallTestCaseKeyword.groovy:44)
	at com.kms.katalon.core.keyword.internal.KeywordExecutor.executeKeywordForPlatform(KeywordExecutor.groovy:56)
	at com.kms.katalon.core.keyword.BuiltinKeywords.callTestCase(BuiltinKeywords.groovy:334)
	at Script1560757656625.run(Script1560757656625.groovy:21)
	... 13 more]]></system-err>
      </testcase>
      <system-out><![CDATA[2019-08-05 17:18:58 - [TEST_SUITE][FAILED] - EditOrderTestSuit: Test Cases/editOrder/rsEditOrderSimple FAILED.
Reason:
com.kms.katalon.core.exception.StepFailedException: Call Test Case 'Test Cases/editOrder/rsOrderHistoryConfirm' failed
	at com.kms.katalon.core.keyword.builtin.CallTestCaseKeyword$_callTestCase_closure1.doCall(CallTestCaseKeyword.groovy:63)
	at com.kms.katalon.core.keyword.builtin.CallTestCaseKeyword$_callTestCase_closure1.call(CallTestCaseKeyword.groovy)
	at com.kms.katalon.core.keyword.internal.KeywordMain.runKeyword(KeywordMain.groovy:66)
	at com.kms.katalon.core.keyword.builtin.CallTestCaseKeyword.callTestCase(CallTestCaseKeyword.groovy:81)
	at com.kms.katalon.core.keyword.builtin.CallTestCaseKeyword.execute(CallTestCaseKeyword.groovy:44)
	at com.kms.katalon.core.keyword.internal.KeywordExecutor.executeKeywordForPlatform(KeywordExecutor.groovy:56)
	at com.kms.katalon.core.keyword.BuiltinKeywords.callTestCase(BuiltinKeywords.groovy:334)
	at rsEditOrderSimple.run(rsEditOrderSimple:24)
	at com.kms.katalon.core.main.ScriptEngine.run(ScriptEngine.java:194)
	at com.kms.katalon.core.main.ScriptEngine.runScriptAsRawText(ScriptEngine.java:119)
	at com.kms.katalon.core.main.TestCaseExecutor.runScript(TestCaseExecutor.java:342)
	at com.kms.katalon.core.main.TestCaseExecutor.doExecute(TestCaseExecutor.java:333)
	at com.kms.katalon.core.main.TestCaseExecutor.processExecutionPhase(TestCaseExecutor.java:312)
	at com.kms.katalon.core.main.TestCaseExecutor.accessMainPhase(TestCaseExecutor.java:304)
	at com.kms.katalon.core.main.TestCaseExecutor.execute(TestCaseExecutor.java:238)
	at com.kms.katalon.core.main.TestSuiteExecutor.accessTestCaseMainPhase(TestSuiteExecutor.java:129)
	at com.kms.katalon.core.main.TestSuiteExecutor.accessTestSuiteMainPhase(TestSuiteExecutor.java:112)
	at com.kms.katalon.core.main.TestSuiteExecutor.execute(TestSuiteExecutor.java:81)
	at com.kms.katalon.core.main.TestCaseMain.startTestSuite(TestCaseMain.java:157)
	at com.kms.katalon.core.main.TestCaseMain$startTestSuite$0.call(Unknown Source)
	at TempTestSuite1565005736886.run(TempTestSuite1565005736886.groovy:35)
Caused by: com.kms.katalon.core.exception.StepFailedException: Verify element text of test object 'div_cancelled_order' FAILED.
	at com.kms.katalon.core.webui.keyword.internal.WebUIKeywordMain.stepFailed(WebUIKeywordMain.groovy:64)
	at com.kms.katalon.core.webui.keyword.internal.WebUIKeywordMain.runKeyword(WebUIKeywordMain.groovy:26)
	at com.kms.katalon.core.webui.keyword.builtin.VerifyElementTextKeyword.verifyElementText(VerifyElementTextKeyword.groovy:72)
	at com.kms.katalon.core.webui.keyword.builtin.VerifyElementTextKeyword.execute(VerifyElementTextKeyword.groovy:40)
	at com.kms.katalon.core.keyword.internal.KeywordExecutor.executeKeywordForPlatform(KeywordExecutor.groovy:56)
	at com.kms.katalon.core.webui.keyword.WebUiBuiltInKeywords.verifyElementText(WebUiBuiltInKeywords.groovy:3663)
	at com.kms.katalon.core.webui.keyword.WebUiBuiltInKeywords$verifyElementText$8.call(Unknown Source)
	at rsOrderHistoryConfirm.run(rsOrderHistoryConfirm:78)
	at com.kms.katalon.core.main.ScriptEngine.run(ScriptEngine.java:194)
	at com.kms.katalon.core.main.ScriptEngine.runScriptAsRawText(ScriptEngine.java:119)
	at com.kms.katalon.core.main.TestCaseExecutor.runScript(TestCaseExecutor.java:342)
	at com.kms.katalon.core.main.TestCaseExecutor.doExecute(TestCaseExecutor.java:333)
	at com.kms.katalon.core.main.TestCaseExecutor.processExecutionPhase(TestCaseExecutor.java:312)
	at com.kms.katalon.core.main.TestCaseExecutor.accessMainPhase(TestCaseExecutor.java:304)
	at com.kms.katalon.core.main.TestCaseExecutor.execute(TestCaseExecutor.java:238)
	at com.kms.katalon.core.main.TestCaseMain.runTestCase(TestCaseMain.java:114)
	at com.kms.katalon.core.keyword.builtin.CallTestCaseKeyword$_callTestCase_closure1.doCall(CallTestCaseKeyword.groovy:59)
	... 20 more
Caused by: com.kms.katalon.core.exception.StepFailedException: Actual text '' and expected text 'Cancelled' of test object 'div_cancelled_order' are NOT matched.
	at com.kms.katalon.core.webui.keyword.internal.WebUIKeywordMain.stepFailed(WebUIKeywordMain.groovy:64)
	at com.kms.katalon.core.webui.keyword.builtin.VerifyElementTextKeyword$_verifyElementText_closure1.doCall(VerifyElementTextKeyword.groovy:57)
	at com.kms.katalon.core.webui.keyword.builtin.VerifyElementTextKeyword$_verifyElementText_closure1.call(VerifyElementTextKeyword.groovy)
	at com.kms.katalon.core.webui.keyword.internal.WebUIKeywordMain.runKeyword(WebUIKeywordMain.groovy:20)
	... 35 more]]></system-out>
      <system-err><![CDATA[2019-08-05 17:18:58 - [TEST_SUITE][FAILED] - EditOrderTestSuit: Test Cases/editOrder/rsEditOrderSimple FAILED.
Reason:
com.kms.katalon.core.exception.StepFailedException: Call Test Case 'Test Cases/editOrder/rsOrderHistoryConfirm' failed
	at com.kms.katalon.core.keyword.builtin.CallTestCaseKeyword$_callTestCase_closure1.doCall(CallTestCaseKeyword.groovy:63)
	at com.kms.katalon.core.keyword.builtin.CallTestCaseKeyword$_callTestCase_closure1.call(CallTestCaseKeyword.groovy)
	at com.kms.katalon.core.keyword.internal.KeywordMain.runKeyword(KeywordMain.groovy:66)
	at com.kms.katalon.core.keyword.builtin.CallTestCaseKeyword.callTestCase(CallTestCaseKeyword.groovy:81)
	at com.kms.katalon.core.keyword.builtin.CallTestCaseKeyword.execute(CallTestCaseKeyword.groovy:44)
	at com.kms.katalon.core.keyword.internal.KeywordExecutor.executeKeywordForPlatform(KeywordExecutor.groovy:56)
	at com.kms.katalon.core.keyword.BuiltinKeywords.callTestCase(BuiltinKeywords.groovy:334)
	at rsEditOrderSimple.run(rsEditOrderSimple:24)
	at com.kms.katalon.core.main.ScriptEngine.run(ScriptEngine.java:194)
	at com.kms.katalon.core.main.ScriptEngine.runScriptAsRawText(ScriptEngine.java:119)
	at com.kms.katalon.core.main.TestCaseExecutor.runScript(TestCaseExecutor.java:342)
	at com.kms.katalon.core.main.TestCaseExecutor.doExecute(TestCaseExecutor.java:333)
	at com.kms.katalon.core.main.TestCaseExecutor.processExecutionPhase(TestCaseExecutor.java:312)
	at com.kms.katalon.core.main.TestCaseExecutor.accessMainPhase(TestCaseExecutor.java:304)
	at com.kms.katalon.core.main.TestCaseExecutor.execute(TestCaseExecutor.java:238)
	at com.kms.katalon.core.main.TestSuiteExecutor.accessTestCaseMainPhase(TestSuiteExecutor.java:129)
	at com.kms.katalon.core.main.TestSuiteExecutor.accessTestSuiteMainPhase(TestSuiteExecutor.java:112)
	at com.kms.katalon.core.main.TestSuiteExecutor.execute(TestSuiteExecutor.java:81)
	at com.kms.katalon.core.main.TestCaseMain.startTestSuite(TestCaseMain.java:157)
	at com.kms.katalon.core.main.TestCaseMain$startTestSuite$0.call(Unknown Source)
	at TempTestSuite1565005736886.run(TempTestSuite1565005736886.groovy:35)
Caused by: com.kms.katalon.core.exception.StepFailedException: Verify element text of test object 'div_cancelled_order' FAILED.
	at com.kms.katalon.core.webui.keyword.internal.WebUIKeywordMain.stepFailed(WebUIKeywordMain.groovy:64)
	at com.kms.katalon.core.webui.keyword.internal.WebUIKeywordMain.runKeyword(WebUIKeywordMain.groovy:26)
	at com.kms.katalon.core.webui.keyword.builtin.VerifyElementTextKeyword.verifyElementText(VerifyElementTextKeyword.groovy:72)
	at com.kms.katalon.core.webui.keyword.builtin.VerifyElementTextKeyword.execute(VerifyElementTextKeyword.groovy:40)
	at com.kms.katalon.core.keyword.internal.KeywordExecutor.executeKeywordForPlatform(KeywordExecutor.groovy:56)
	at com.kms.katalon.core.webui.keyword.WebUiBuiltInKeywords.verifyElementText(WebUiBuiltInKeywords.groovy:3663)
	at com.kms.katalon.core.webui.keyword.WebUiBuiltInKeywords$verifyElementText$8.call(Unknown Source)
	at rsOrderHistoryConfirm.run(rsOrderHistoryConfirm:78)
	at com.kms.katalon.core.main.ScriptEngine.run(ScriptEngine.java:194)
	at com.kms.katalon.core.main.ScriptEngine.runScriptAsRawText(ScriptEngine.java:119)
	at com.kms.katalon.core.main.TestCaseExecutor.runScript(TestCaseExecutor.java:342)
	at com.kms.katalon.core.main.TestCaseExecutor.doExecute(TestCaseExecutor.java:333)
	at com.kms.katalon.core.main.TestCaseExecutor.processExecutionPhase(TestCaseExecutor.java:312)
	at com.kms.katalon.core.main.TestCaseExecutor.accessMainPhase(TestCaseExecutor.java:304)
	at com.kms.katalon.core.main.TestCaseExecutor.execute(TestCaseExecutor.java:238)
	at com.kms.katalon.core.main.TestCaseMain.runTestCase(TestCaseMain.java:114)
	at com.kms.katalon.core.keyword.builtin.CallTestCaseKeyword$_callTestCase_closure1.doCall(CallTestCaseKeyword.groovy:59)
	... 20 more
Caused by: com.kms.katalon.core.exception.StepFailedException: Actual text '' and expected text 'Cancelled' of test object 'div_cancelled_order' are NOT matched.
	at com.kms.katalon.core.webui.keyword.internal.WebUIKeywordMain.stepFailed(WebUIKeywordMain.groovy:64)
	at com.kms.katalon.core.webui.keyword.builtin.VerifyElementTextKeyword$_verifyElementText_closure1.doCall(VerifyElementTextKeyword.groovy:57)
	at com.kms.katalon.core.webui.keyword.builtin.VerifyElementTextKeyword$_verifyElementText_closure1.call(VerifyElementTextKeyword.groovy)
	at com.kms.katalon.core.webui.keyword.internal.WebUIKeywordMain.runKeyword(WebUIKeywordMain.groovy:20)
	... 35 more]]></system-err>
   </testsuite>
</testsuites>
