<?xml version="1.0" encoding="UTF-8"?>
<testsuites name="EditOrderTestSuit" time="953" tests="2" failures="3" errors="0">
   <testsuite name="EditOrderTestSuit" tests="2" failures="3" errors="0" time="953" timestamp="2019-06-20 15:33:55" hostname="user - 10.0.102.159" id="Test Suites/EditOrderTestSuit">
      <properties>
         <property name="deviceName" value=""/>
         <property name="devicePlatform" value=""/>
         <property name="logFolder" value="C:\\Users\\user\\Documents\\testautomation\\NewArrivals\\Reports\\EditOrderTestSuit\\20190620_153352"/>
         <property name="logFiles" value="C:\\Users\\user\\Documents\\testautomation\\NewArrivals\\Reports\\EditOrderTestSuit\\20190620_153352\\execution0.log"/>
         <property name="attachments" value="C:\\Users\\user\\Documents\\testautomation\\NewArrivals\\Reports\\EditOrderTestSuit\\20190620_153352\\1561025376376.png, C:\\Users\\user\\Documents\\testautomation\\NewArrivals\\Reports\\EditOrderTestSuit\\20190620_153352\\1561025505719.png, C:\\Users\\user\\Documents\\testautomation\\NewArrivals\\Reports\\EditOrderTestSuit\\20190620_153352\\1561025988177.png"/>
         <property name="hostName" value="user - 10.0.102.159"/>
         <property name="os" value="Windows 8.1 64bit"/>
         <property name="katalonVersion" value="6.1.1.1"/>
         <property name="browser" value="Chrome 75.0.3770.100"/>
         <property name="hostAddress" value="10.0.102.159"/>
         <property name="sessionId" value="1939d683ada72a36549412edad806719"/>
         <property name="seleniumVersion" value="3.7.1"/>
         <property name="proxyInformation" value="ProxyInformation{proxyOption=NO_PROXY, proxyServerType=HTTP, password=, proxyServerAddress=, proxyServerPort=0}"/>
         <property name="platform" value="Windows 8.1"/>
      </properties>
      <testcase name="Test Cases/editOrder/rsEditOrderDonation" classname="Test Cases/editOrder/rsEditOrderDonation" status="PASSED">
         <system-out><![CDATA[2019-06-20 15:33:56 - [TEST_CASE][PASSED] - Test Cases/editOrder/rsEditOrderDonation: Test Cases/editOrder/rsEditOrderDonation

2019-06-20 15:33:56 - [TEST_STEP][PASSED] - Start listener action : sampleBeforeTestCase: null

2019-06-20 15:33:56 - [TEST_STEP][PASSED] - println(testCaseContext.getTestCaseId()): null

2019-06-20 15:33:56 - [TEST_STEP][PASSED] - println(testCaseContext.getTestCaseVariables()): null

2019-06-20 15:33:56 - [TEST_STEP][PASSED] - callTestCase(findTestCase("editOrder/retailOrderBO"), ["editScenarioNumber":4], STOP_ON_FAILURE): Call Test Case 'Test Cases/editOrder/retailOrderBO' successfully

2019-06-20 15:33:56 - [TEST_CASE][PASSED] - Test Cases/editOrder/retailOrderBO: Test Cases/editOrder/retailOrderBO

2019-06-20 15:33:57 - [TEST_STEP][PASSED] - openBrowser(""): Browser is opened with url: ''

2019-06-20 15:33:57 - [MESSAGE][INFO] - Starting 'Chrome' driver

2019-06-20 15:33:57 - [MESSAGE][INFO] - User set preference: ['args', '[--start-maximized, --use-fake-device-for-media-stream]']

2019-06-20 15:33:58 - [MESSAGE][INFO] - Action delay is set to 0 seconds

2019-06-20 15:34:01 - [MESSAGE][PASSED] - Browser is opened with url: ''

2019-06-20 15:34:01 - [TEST_STEP][PASSED] - maximizeWindow(): Current window maximized

2019-06-20 15:34:02 - [MESSAGE][PASSED] - Current window maximized

2019-06-20 15:34:02 - [TEST_STEP][PASSED] - callTestCase(findTestCase("NewArrival/backOfficeLogin"), ["BOURL":"", "BOuser":"", "BOpass":""], STOP_ON_FAILURE): Call Test Case 'Test Cases/NewArrival/backOfficeLogin' successfully

2019-06-20 15:34:02 - [TEST_CASE][PASSED] - Test Cases/NewArrival/backOfficeLogin: Test Cases/NewArrival/backOfficeLogin

2019-06-20 15:34:02 - [TEST_STEP][PASSED] - BOURL = findTestData("credData").getValue("BOURL", 1): null

2019-06-20 15:34:03 - [TEST_STEP][PASSED] - BOuser = findTestData("credData").getValue("BOuser", 1): null

2019-06-20 15:34:03 - [TEST_STEP][PASSED] - BOpass = findTestData("credData").getValue("BOpass", 1): null

2019-06-20 15:34:03 - [TEST_STEP][PASSED] - navigateToUrl(BOURL): Navigate to 'https://test21.cliotest.com/backoffice/control/main' successfully

2019-06-20 15:34:10 - [MESSAGE][PASSED] - Navigate to 'https://test21.cliotest.com/backoffice/control/main' successfully

2019-06-20 15:34:10 - [TEST_STEP][PASSED] - logOut = findWebElements(findTestObject("Object Repository/Page_cabi Home/log_out"), 1): Unable to find the element located by 'By.xpath: //a[contains(text(),'Log Out')]'. Please recheck the objects properties to make sure the desired element is located. 

2019-06-20 15:34:11 - [MESSAGE][INFO] - Unable to find the element located by 'By.xpath: //a[contains(text(),'Log Out')]'. Please recheck the objects properties to make sure the desired element is located. 

2019-06-20 15:34:11 - [TEST_STEP][PASSED] - if (logOut.size() == 0): Object: 'Object Repository/Page_cabi/input_Welcome to_consultantLogin' is clicked on

2019-06-20 15:34:11 - [TEST_STEP][PASSED] - setText(findTestObject("Page_cabi/input_Welcome to_USERNAME"), BOuser): Text '400000002' is set on object 'Object Repository/Page_cabi/input_Welcome to_USERNAME'

2019-06-20 15:34:11 - [MESSAGE][PASSED] - Text '400000002' is set on object 'Object Repository/Page_cabi/input_Welcome to_USERNAME'

2019-06-20 15:34:11 - [TEST_STEP][PASSED] - setText(findTestObject("Object Repository/Page_cabi/input_Welcome to_PASSWORD"), BOpass): Text 'blackdress19' is set on object 'Object Repository/Page_cabi/input_Welcome to_PASSWORD'

2019-06-20 15:34:12 - [MESSAGE][PASSED] - Text 'blackdress19' is set on object 'Object Repository/Page_cabi/input_Welcome to_PASSWORD'

2019-06-20 15:34:12 - [TEST_STEP][PASSED] - click(findTestObject("Object Repository/Page_cabi/input_Welcome to_consultantLogin")): Object: 'Object Repository/Page_cabi/input_Welcome to_consultantLogin' is clicked on

2019-06-20 15:34:20 - [MESSAGE][PASSED] - Object: 'Object Repository/Page_cabi/input_Welcome to_consultantLogin' is clicked on

2019-06-20 15:34:20 - [TEST_STEP][PASSED] - delay(3): Delayed 3 second(s)

2019-06-20 15:34:23 - [MESSAGE][PASSED] - Delayed 3 second(s)

2019-06-20 15:34:23 - [MESSAGE][PASSED] - Call Test Case 'Test Cases/NewArrival/backOfficeLogin' successfully

2019-06-20 15:34:23 - [TEST_STEP][PASSED] - click(findTestObject("Object Repository/Page_cabi Home/a_Shows  Orders")): Object: 'Object Repository/Page_cabi Home/a_Shows  Orders' is clicked on

2019-06-20 15:34:23 - [MESSAGE][PASSED] - Object: 'Object Repository/Page_cabi Home/a_Shows  Orders' is clicked on

2019-06-20 15:34:23 - [TEST_STEP][PASSED] - delay(1): Delayed 1 second(s)

2019-06-20 15:34:24 - [MESSAGE][PASSED] - Delayed 1 second(s)

2019-06-20 15:34:24 - [TEST_STEP][PASSED] - rightClick(findTestObject("Page_cabi Home/a_Shows  Orders")): Object: 'Object Repository/Page_cabi Home/a_Shows  Orders' is right clicked on

2019-06-20 15:34:24 - [MESSAGE][PASSED] - Object: 'Object Repository/Page_cabi Home/a_Shows  Orders' is right clicked on

2019-06-20 15:34:24 - [TEST_STEP][PASSED] - click(findTestObject("Page_cabi Home/a_retail_purchases")): Object: 'Object Repository/Page_cabi Home/a_retail_purchases' is clicked on

2019-06-20 15:34:27 - [MESSAGE][PASSED] - Object: 'Object Repository/Page_cabi Home/a_retail_purchases' is clicked on

2019-06-20 15:34:27 - [TEST_STEP][PASSED] - delay(3): Delayed 3 second(s)

2019-06-20 15:34:30 - [MESSAGE][PASSED] - Delayed 3 second(s)

2019-06-20 15:34:30 - [TEST_STEP][PASSED] - click(findTestObject("Object Repository/Page_cabi Home/existingCustomer")): Object: 'Object Repository/Page_cabi Home/existingCustomer' is clicked on

2019-06-20 15:34:31 - [MESSAGE][PASSED] - Object: 'Object Repository/Page_cabi Home/existingCustomer' is clicked on

2019-06-20 15:34:31 - [TEST_STEP][PASSED] - contactNumber = 5: null

2019-06-20 15:34:31 - [TEST_STEP][PASSED] - firstName = findTestData("contactData").getValue("firstName", contactNumber): null

2019-06-20 15:34:31 - [TEST_STEP][PASSED] - lastName = findTestData("contactData").getValue("lastName", contactNumber): null

2019-06-20 15:34:31 - [TEST_STEP][PASSED] - email = findTestData("contactData").getValue("email", contactNumber): null

2019-06-20 15:34:31 - [TEST_STEP][PASSED] - address1 = findTestData("contactData").getValue("address1", contactNumber): null

2019-06-20 15:34:31 - [TEST_STEP][PASSED] - city = findTestData("contactData").getValue("city", contactNumber): null

2019-06-20 15:34:31 - [TEST_STEP][PASSED] - state = findTestData("contactData").getValue("state", contactNumber): null

2019-06-20 15:34:31 - [TEST_STEP][PASSED] - zip = findTestData("contactData").getValue("zip", contactNumber): null

2019-06-20 15:34:31 - [TEST_STEP][PASSED] - existingCustFName = firstName: null

2019-06-20 15:34:31 - [TEST_STEP][PASSED] - existingCustLName = lastName: null

2019-06-20 15:34:31 - [TEST_STEP][PASSED] - space = " ": null

2019-06-20 15:34:31 - [TEST_STEP][PASSED] - existingCust = $existingCustFName$space$existingCustLName: null

2019-06-20 15:34:31 - [TEST_STEP][PASSED] - setText(findTestObject("Object Repository/Page_cabi Home/input_existing_guest"), existingCust): Text 'Michigan Contact' is set on object 'Object Repository/Page_cabi Home/input_existing_guest'

2019-06-20 15:34:31 - [MESSAGE][PASSED] - Text 'Michigan Contact' is set on object 'Object Repository/Page_cabi Home/input_existing_guest'

2019-06-20 15:34:31 - [TEST_STEP][PASSED] - delay(3): Delayed 3 second(s)

2019-06-20 15:34:34 - [MESSAGE][PASSED] - Delayed 3 second(s)

2019-06-20 15:34:34 - [TEST_STEP][PASSED] - rightClick(findTestObject("Object Repository/Page_cabi Home/input_existing_guest")): Object: 'Object Repository/Page_cabi Home/input_existing_guest' is right clicked on

2019-06-20 15:34:34 - [MESSAGE][PASSED] - Object: 'Object Repository/Page_cabi Home/input_existing_guest' is right clicked on

2019-06-20 15:34:34 - [TEST_STEP][PASSED] - rightClick(findTestObject("Object Repository/Page_cabi Home/input_existing_guest")): Object: 'Object Repository/Page_cabi Home/input_existing_guest' is right clicked on

2019-06-20 15:34:35 - [MESSAGE][PASSED] - Object: 'Object Repository/Page_cabi Home/input_existing_guest' is right clicked on

2019-06-20 15:34:35 - [TEST_STEP][PASSED] - click(findTestObject("Object Repository/Page_cabi Create Show - Set Hostess/a_select_customer")): Object: 'Object Repository/Page_cabi Create Show - Set Hostess/a_select_customer' is clicked on

2019-06-20 15:34:35 - [MESSAGE][PASSED] - Object: 'Object Repository/Page_cabi Create Show - Set Hostess/a_select_customer' is clicked on

2019-06-20 15:34:35 - [TEST_STEP][PASSED] - setText(findTestObject("Object Repository/Page_cabi Home/input_existing_guest"), existingCust): Text 'Michigan Contact' is set on object 'Object Repository/Page_cabi Home/input_existing_guest'

2019-06-20 15:34:35 - [MESSAGE][PASSED] - Text 'Michigan Contact' is set on object 'Object Repository/Page_cabi Home/input_existing_guest'

2019-06-20 15:34:35 - [TEST_STEP][PASSED] - setText(findTestObject("Object Repository/Page_cabi Retail Store/input_email"), email): Text 'michigan@na.com' is set on object 'Object Repository/Page_cabi Retail Store/input_email'

2019-06-20 15:34:36 - [MESSAGE][PASSED] - Text 'michigan@na.com' is set on object 'Object Repository/Page_cabi Retail Store/input_email'

2019-06-20 15:34:36 - [TEST_STEP][PASSED] - setText(findTestObject("Object Repository/Page_cabi Edit Customer Profile/input_Address1_address1"), address1): Text '972 BRAHMS CT' is set on object 'Object Repository/Page_cabi Edit Customer Profile/input_Address1_address1'

2019-06-20 15:34:36 - [MESSAGE][PASSED] - Text '972 BRAHMS CT' is set on object 'Object Repository/Page_cabi Edit Customer Profile/input_Address1_address1'

2019-06-20 15:34:36 - [TEST_STEP][PASSED] - setText(findTestObject("Object Repository/Page_cabi Edit Customer Profile/input_Address2_address2"), ""): Text '' is set on object 'Object Repository/Page_cabi Edit Customer Profile/input_Address2_address2'

2019-06-20 15:34:36 - [MESSAGE][PASSED] - Text '' is set on object 'Object Repository/Page_cabi Edit Customer Profile/input_Address2_address2'

2019-06-20 15:34:36 - [TEST_STEP][PASSED] - setText(findTestObject("Object Repository/Page_cabi Edit Customer Profile/input_City_city"), city): Text 'TROY' is set on object 'Object Repository/Page_cabi Edit Customer Profile/input_City_city'

2019-06-20 15:34:36 - [MESSAGE][PASSED] - Text 'TROY' is set on object 'Object Repository/Page_cabi Edit Customer Profile/input_City_city'

2019-06-20 15:34:36 - [TEST_STEP][PASSED] - click(findTestObject("Page_cabi Edit Customer Profile/span_select_a_state")): Object: 'Object Repository/Page_cabi Edit Customer Profile/span_select_a_state' is clicked on

2019-06-20 15:34:36 - [MESSAGE][PASSED] - Object: 'Object Repository/Page_cabi Edit Customer Profile/span_select_a_state' is clicked on

2019-06-20 15:34:36 - [TEST_STEP][PASSED] - delay(1): Delayed 1 second(s)

2019-06-20 15:34:37 - [MESSAGE][PASSED] - Delayed 1 second(s)

2019-06-20 15:34:37 - [TEST_STEP][PASSED] - setText(findTestObject("Object Repository/Page_cabi Edit Customer Profile/input_state_1"), state): Text 'Michigan' is set on object 'Object Repository/Page_cabi Edit Customer Profile/input_state_1'

2019-06-20 15:34:38 - [MESSAGE][PASSED] - Text 'Michigan' is set on object 'Object Repository/Page_cabi Edit Customer Profile/input_state_1'

2019-06-20 15:34:38 - [TEST_STEP][PASSED] - delay(2): Delayed 2 second(s)

2019-06-20 15:34:40 - [MESSAGE][PASSED] - Delayed 2 second(s)

2019-06-20 15:34:40 - [TEST_STEP][PASSED] - click(findTestObject("Page_cabi Edit Customer Profile/span_state")): Object: 'Object Repository/Page_cabi Edit Customer Profile/span_state' is clicked on

2019-06-20 15:34:40 - [MESSAGE][PASSED] - Object: 'Object Repository/Page_cabi Edit Customer Profile/span_state' is clicked on

2019-06-20 15:34:40 - [TEST_STEP][PASSED] - setText(findTestObject("Page_cabi Edit Customer Profile/input_state_postalCode"), zip): Text '48085' is set on object 'Object Repository/Page_cabi Edit Customer Profile/input_state_postalCode'

2019-06-20 15:34:40 - [MESSAGE][PASSED] - Text '48085' is set on object 'Object Repository/Page_cabi Edit Customer Profile/input_state_postalCode'

2019-06-20 15:34:40 - [TEST_STEP][PASSED] - delay(5): Delayed 5 second(s)

2019-06-20 15:34:45 - [MESSAGE][PASSED] - Delayed 5 second(s)

2019-06-20 15:34:45 - [TEST_STEP][PASSED] - check(findTestObject("Object Repository/Page_cabi Home/a_same_shipping_address")): Object 'Object Repository/Page_cabi Home/a_same_shipping_address' is checked

2019-06-20 15:34:45 - [MESSAGE][PASSED] - Object 'Object Repository/Page_cabi Home/a_same_shipping_address' is checked

2019-06-20 15:34:45 - [TEST_STEP][PASSED] - delay(5): Delayed 5 second(s)

2019-06-20 15:34:50 - [MESSAGE][PASSED] - Delayed 5 second(s)

2019-06-20 15:34:50 - [TEST_STEP][PASSED] - check(findTestObject("Object Repository/Page_cabi Home/a_same_shipping_address")): Object 'Object Repository/Page_cabi Home/a_same_shipping_address' is checked

2019-06-20 15:34:50 - [MESSAGE][PASSED] - Object 'Object Repository/Page_cabi Home/a_same_shipping_address' is checked

2019-06-20 15:34:50 - [TEST_STEP][PASSED] - delay(10): Delayed 10 second(s)

2019-06-20 15:35:00 - [MESSAGE][PASSED] - Delayed 10 second(s)

2019-06-20 15:35:00 - [TEST_STEP][PASSED] - click(findTestObject("Page_cabi Retail Store/span_next_1")): Object: 'Object Repository/Page_cabi Retail Store/span_next_1' is clicked on

2019-06-20 15:35:01 - [MESSAGE][PASSED] - Object: 'Object Repository/Page_cabi Retail Store/span_next_1' is clicked on

2019-06-20 15:35:01 - [TEST_STEP][PASSED] - delay(3): Delayed 3 second(s)

2019-06-20 15:35:04 - [MESSAGE][PASSED] - Delayed 3 second(s)

2019-06-20 15:35:04 - [TEST_STEP][PASSED] - click(findTestObject("Object Repository/Page_cabi Retail Store/span_quick_entry")): Object: 'Object Repository/Page_cabi Retail Store/span_quick_entry' is clicked on

2019-06-20 15:35:07 - [MESSAGE][PASSED] - Object: 'Object Repository/Page_cabi Retail Store/span_quick_entry' is clicked on

2019-06-20 15:35:07 - [TEST_STEP][PASSED] - delay(3): Delayed 3 second(s)

2019-06-20 15:35:10 - [MESSAGE][PASSED] - Delayed 3 second(s)

2019-06-20 15:35:10 - [TEST_STEP][PASSED] - emptyCart = findWebElements(findTestObject("Object Repository/Page_cabi Personal Store/removeFromCart"), 5): Unable to find the element located by 'By.xpath: //*[@id="removeFromCart_0"]/span'. Please recheck the objects properties to make sure the desired element is located. 

2019-06-20 15:35:16 - [MESSAGE][INFO] - Unable to find the element located by 'By.xpath: //*[@id="removeFromCart_0"]/span'. Please recheck the objects properties to make sure the desired element is located. 

2019-06-20 15:35:16 - [TEST_STEP][PASSED] - if (emptyCart.size() > 0): null

2019-06-20 15:35:16 - [TEST_STEP][PASSED] - addOnStyle = findTestData("miscData").getValue("addOnStyle", 1): null

2019-06-20 15:35:16 - [TEST_STEP][PASSED] - addOnStyle2 = findTestData("miscData").getValue("addOnStyle", 2): null

2019-06-20 15:35:16 - [TEST_STEP][PASSED] - click(findTestObject("Object Repository/Page_cabi Create Order/input_Manual Discount_stylelookup_0")): Object: 'Object Repository/Page_cabi Create Order/input_Manual Discount_stylelookup_0' is clicked on

2019-06-20 15:35:16 - [MESSAGE][PASSED] - Object: 'Object Repository/Page_cabi Create Order/input_Manual Discount_stylelookup_0' is clicked on

2019-06-20 15:35:16 - [TEST_STEP][PASSED] - setText(findTestObject("Object Repository/Page_cabi Create Order/input_Manual Discount_stylelookup_0"), addOnStyle): Text '5447' is set on object 'Object Repository/Page_cabi Create Order/input_Manual Discount_stylelookup_0'

2019-06-20 15:35:16 - [MESSAGE][PASSED] - Text '5447' is set on object 'Object Repository/Page_cabi Create Order/input_Manual Discount_stylelookup_0'

2019-06-20 15:35:16 - [TEST_STEP][PASSED] - delay(3): Delayed 3 second(s)

2019-06-20 15:35:19 - [MESSAGE][PASSED] - Delayed 3 second(s)

2019-06-20 15:35:19 - [TEST_STEP][PASSED] - prod_message = getText(findTestObject("Page_cabi Create Order/first_option")): Text of object 'Object Repository/Page_cabi Create Order/first_option' is: '5447 Bishop Cardigan'

2019-06-20 15:35:19 - [MESSAGE][PASSED] - Text of object 'Object Repository/Page_cabi Create Order/first_option' is: '5447 Bishop Cardigan'

2019-06-20 15:35:19 - [TEST_STEP][PASSED] - click(findTestObject("Page_cabi Create Order/first_option")): Object: 'Object Repository/Page_cabi Create Order/first_option' is clicked on

2019-06-20 15:35:19 - [MESSAGE][PASSED] - Object: 'Object Repository/Page_cabi Create Order/first_option' is clicked on

2019-06-20 15:35:19 - [TEST_STEP][PASSED] - delay(5): Delayed 5 second(s)

2019-06-20 15:35:24 - [MESSAGE][PASSED] - Delayed 5 second(s)

2019-06-20 15:35:24 - [TEST_STEP][PASSED] - click(findTestObject("Object Repository/Page_cabi Order Items/selectSize")): Object: 'Object Repository/Page_cabi Order Items/selectSize' is clicked on

2019-06-20 15:35:24 - [MESSAGE][PASSED] - Object: 'Object Repository/Page_cabi Order Items/selectSize' is clicked on

2019-06-20 15:35:24 - [TEST_STEP][PASSED] - click(findTestObject("Object Repository/Page_cabi Order Items/span_Add to Cart")): Object: 'Object Repository/Page_cabi Order Items/span_Add to Cart' is clicked on

2019-06-20 15:35:24 - [MESSAGE][PASSED] - Object: 'Object Repository/Page_cabi Order Items/span_Add to Cart' is clicked on

2019-06-20 15:35:24 - [TEST_STEP][PASSED] - delay(5): Delayed 5 second(s)

2019-06-20 15:35:29 - [MESSAGE][PASSED] - Delayed 5 second(s)

2019-06-20 15:35:29 - [TEST_STEP][PASSED] - click(findTestObject("Object Repository/Page_cabi Create Order/inputStyleLookup1")): Object: 'Object Repository/Page_cabi Create Order/inputStyleLookup1' is clicked on

2019-06-20 15:35:29 - [MESSAGE][PASSED] - Object: 'Object Repository/Page_cabi Create Order/inputStyleLookup1' is clicked on

2019-06-20 15:35:29 - [TEST_STEP][PASSED] - setText(findTestObject("Object Repository/Page_cabi Create Order/inputStyleLookup1"), addOnStyle2): Text '5448' is set on object 'Object Repository/Page_cabi Create Order/inputStyleLookup1'

2019-06-20 15:35:30 - [MESSAGE][PASSED] - Text '5448' is set on object 'Object Repository/Page_cabi Create Order/inputStyleLookup1'

2019-06-20 15:35:30 - [TEST_STEP][PASSED] - delay(3): Delayed 3 second(s)

2019-06-20 15:35:33 - [MESSAGE][PASSED] - Delayed 3 second(s)

2019-06-20 15:35:33 - [TEST_STEP][PASSED] - prod_message2 = getText(findTestObject("Page_cabi Create Order/first_option")): Text of object 'Object Repository/Page_cabi Create Order/first_option' is: '5448 Sailor Pullover'

2019-06-20 15:35:33 - [MESSAGE][PASSED] - Text of object 'Object Repository/Page_cabi Create Order/first_option' is: '5448 Sailor Pullover'

2019-06-20 15:35:33 - [TEST_STEP][PASSED] - click(findTestObject("Page_cabi Create Order/first_option")): Object: 'Object Repository/Page_cabi Create Order/first_option' is clicked on

2019-06-20 15:35:33 - [MESSAGE][PASSED] - Object: 'Object Repository/Page_cabi Create Order/first_option' is clicked on

2019-06-20 15:35:33 - [TEST_STEP][PASSED] - delay(5): Delayed 5 second(s)

2019-06-20 15:35:38 - [MESSAGE][PASSED] - Delayed 5 second(s)

2019-06-20 15:35:38 - [TEST_STEP][PASSED] - click(findTestObject("Object Repository/Page_cabi Order Items/selectSize2")): Object: 'Object Repository/Page_cabi Order Items/selectSize2' is clicked on

2019-06-20 15:35:38 - [MESSAGE][PASSED] - Object: 'Object Repository/Page_cabi Order Items/selectSize2' is clicked on

2019-06-20 15:35:38 - [TEST_STEP][PASSED] - click(findTestObject("Object Repository/Page_cabi Order Items/addToCart2")): Object: 'Object Repository/Page_cabi Order Items/addToCart2' is clicked on

2019-06-20 15:35:38 - [MESSAGE][PASSED] - Object: 'Object Repository/Page_cabi Order Items/addToCart2' is clicked on

2019-06-20 15:35:38 - [TEST_STEP][PASSED] - delay(5): Delayed 5 second(s)

2019-06-20 15:35:43 - [MESSAGE][PASSED] - Delayed 5 second(s)

2019-06-20 15:35:43 - [TEST_STEP][PASSED] - if (editScenarioNumber == 1): null

2019-06-20 15:35:43 - [TEST_STEP][PASSED] - else if (editScenarioNumber == 2): null

2019-06-20 15:35:43 - [TEST_STEP][PASSED] - else if (editScenarioNumber == 3): null

2019-06-20 15:35:43 - [TEST_STEP][PASSED] - else if (editScenarioNumber == 4): Object: 'Object Repository/Page_cabi Order Items/span_add_to_cart' is clicked on

2019-06-20 15:35:43 - [TEST_STEP][PASSED] - println("scen = 4"): null

2019-06-20 15:35:43 - [TEST_STEP][PASSED] - click(findTestObject("Object Repository/Page_cabi Retail Store/span_donation")): Object: 'Object Repository/Page_cabi Retail Store/span_donation' is clicked on

2019-06-20 15:35:45 - [MESSAGE][PASSED] - Object: 'Object Repository/Page_cabi Retail Store/span_donation' is clicked on

2019-06-20 15:35:45 - [TEST_STEP][PASSED] - delay(5): Delayed 5 second(s)

2019-06-20 15:35:50 - [MESSAGE][PASSED] - Delayed 5 second(s)

2019-06-20 15:35:50 - [TEST_STEP][PASSED] - click(findTestObject("Object Repository/Page_cabi Order Items/select_donation_amount")): Object: 'Object Repository/Page_cabi Order Items/select_donation_amount' is clicked on

2019-06-20 15:35:50 - [MESSAGE][PASSED] - Object: 'Object Repository/Page_cabi Order Items/select_donation_amount' is clicked on

2019-06-20 15:35:50 - [TEST_STEP][PASSED] - click(findTestObject("Object Repository/Page_cabi Order Items/span_add_to_cart")): Object: 'Object Repository/Page_cabi Order Items/span_add_to_cart' is clicked on

2019-06-20 15:35:50 - [MESSAGE][PASSED] - Object: 'Object Repository/Page_cabi Order Items/span_add_to_cart' is clicked on

2019-06-20 15:35:50 - [TEST_STEP][PASSED] - click(findTestObject("Object Repository/Page_cabi Order Items/a_checkout")): Object: 'Object Repository/Page_cabi Order Items/a_checkout' is clicked on

2019-06-20 15:35:50 - [MESSAGE][PASSED] - Object: 'Object Repository/Page_cabi Order Items/a_checkout' is clicked on

2019-06-20 15:35:50 - [TEST_STEP][PASSED] - delay(3): Delayed 3 second(s)

2019-06-20 15:35:53 - [MESSAGE][PASSED] - Delayed 3 second(s)

2019-06-20 15:35:53 - [TEST_STEP][PASSED] - click(findTestObject("Page_cabi Personal Store/nextButtonShipping")): Object: 'Object Repository/Page_cabi Personal Store/nextButtonShipping' is clicked on

2019-06-20 15:35:53 - [MESSAGE][PASSED] - Object: 'Object Repository/Page_cabi Personal Store/nextButtonShipping' is clicked on

2019-06-20 15:35:53 - [TEST_STEP][PASSED] - delay(3): Delayed 3 second(s)

2019-06-20 15:35:56 - [MESSAGE][PASSED] - Delayed 3 second(s)

2019-06-20 15:35:56 - [TEST_STEP][PASSED] - click(findTestObject("Page_cabi Personal Store/makeFirstPayment")): Object: 'Object Repository/Page_cabi Personal Store/makeFirstPayment' is clicked on

2019-06-20 15:35:57 - [MESSAGE][PASSED] - Object: 'Object Repository/Page_cabi Personal Store/makeFirstPayment' is clicked on

2019-06-20 15:35:57 - [TEST_STEP][PASSED] - click(findTestObject("Object Repository/Page_cabi Personal Store/select_cash")): Object: 'Object Repository/Page_cabi Personal Store/select_cash' is clicked on

2019-06-20 15:35:57 - [MESSAGE][PASSED] - Object: 'Object Repository/Page_cabi Personal Store/select_cash' is clicked on

2019-06-20 15:35:57 - [TEST_STEP][PASSED] - click(findTestObject("Page_cabi Personal Store/submitPayment")): Object: 'Object Repository/Page_cabi Personal Store/submitPayment' is clicked on

2019-06-20 15:35:57 - [MESSAGE][PASSED] - Object: 'Object Repository/Page_cabi Personal Store/submitPayment' is clicked on

2019-06-20 15:35:57 - [TEST_STEP][PASSED] - click(findTestObject("Page_cabi Personal Store/submitOrderId")): Object: 'Object Repository/Page_cabi Personal Store/submitOrderId' is clicked on

2019-06-20 15:36:00 - [MESSAGE][PASSED] - Object: 'Object Repository/Page_cabi Personal Store/submitOrderId' is clicked on

2019-06-20 15:36:00 - [TEST_STEP][PASSED] - successMsg = "": null

2019-06-20 15:36:00 - [TEST_STEP][PASSED] - orderSuccess = false: null

2019-06-20 15:36:00 - [TEST_STEP][PASSED] - successMsgs = findWebElements(findTestObject("Object Repository/Page_cabi Personal Store/p_success_msg"), 5): null

2019-06-20 15:36:00 - [TEST_STEP][PASSED] - if (successMsgs.size() > 0): Text of object 'Object Repository/Page_cabi Personal Store/p_order_id' is: 'RT707986409'

2019-06-20 15:36:00 - [TEST_STEP][PASSED] - successMsg = getText(findTestObject("Object Repository/Page_cabi Personal Store/p_success_msg")): Text of object 'Object Repository/Page_cabi Personal Store/p_success_msg' is: 'Order Created Successfully!!
Order #:  RT707986409

CONTINUE SHOPPING'

2019-06-20 15:36:00 - [MESSAGE][PASSED] - Text of object 'Object Repository/Page_cabi Personal Store/p_success_msg' is: 'Order Created Successfully!!
Order #:  RT707986409

CONTINUE SHOPPING'

2019-06-20 15:36:00 - [TEST_STEP][PASSED] - orderSuccess = true: null

2019-06-20 15:36:00 - [TEST_STEP][PASSED] - retailOrderID = getText(findTestObject("Object Repository/Page_cabi Personal Store/p_order_id")): Text of object 'Object Repository/Page_cabi Personal Store/p_order_id' is: 'RT707986409'

2019-06-20 15:36:00 - [MESSAGE][PASSED] - Text of object 'Object Repository/Page_cabi Personal Store/p_order_id' is: 'RT707986409'

2019-06-20 15:36:00 - [TEST_STEP][PASSED] - assert orderSuccess == true: null

2019-06-20 15:36:00 - [TEST_STEP][NOT_RUN] - closeBrowser(): NOT_RUN: closeBrowser()

2019-06-20 15:36:00 - [MESSAGE][NOT_RUN] - NOT_RUN: closeBrowser()

2019-06-20 15:36:00 - [MESSAGE][PASSED] - Call Test Case 'Test Cases/editOrder/retailOrderBO' successfully

2019-06-20 15:36:00 - [TEST_STEP][PASSED] - delay(10): Delayed 10 second(s)

2019-06-20 15:36:10 - [MESSAGE][PASSED] - Delayed 10 second(s)

2019-06-20 15:36:10 - [TEST_STEP][PASSED] - callTestCase(findTestCase("virtualShowRSVP/setVHost"), [:], STOP_ON_FAILURE): Call Test Case 'Test Cases/virtualShowRSVP/setVHost' successfully

2019-06-20 15:36:10 - [TEST_CASE][PASSED] - Test Cases/virtualShowRSVP/setVHost: Test Cases/virtualShowRSVP/setVHost

2019-06-20 15:36:10 - [TEST_STEP][PASSED] - dataFile = "micrositeData": null

2019-06-20 15:36:10 - [TEST_STEP][PASSED] - ofbizURL = findTestData(dataFile).getValue("ofbizURL", 1): null

2019-06-20 15:36:10 - [TEST_STEP][PASSED] - ofbizUser = findTestData(dataFile).getValue("ofbizUser", 1): null

2019-06-20 15:36:10 - [TEST_STEP][PASSED] - ofbizPass = findTestData(dataFile).getValue("ofbizPass", 1): null

2019-06-20 15:36:10 - [TEST_STEP][PASSED] - vhostTarget = findTestData(dataFile).getValue("vhostTarget", 1): null

2019-06-20 15:36:10 - [TEST_STEP][PASSED] - navigateToUrl(ofbizURL): Navigate to 'https://pushofbiz.cliotest.com/login.php' successfully

2019-06-20 15:36:12 - [MESSAGE][PASSED] - Navigate to 'https://pushofbiz.cliotest.com/login.php' successfully

2019-06-20 15:36:12 - [TEST_STEP][PASSED] - setText(findTestObject("Object Repository/virualShowRSVPOR/Page_/input_Username_username"), ofbizUser): Text 'automation' is set on object 'Object Repository/virualShowRSVPOR/Page_/input_Username_username'

2019-06-20 15:36:12 - [MESSAGE][PASSED] - Text 'automation' is set on object 'Object Repository/virualShowRSVPOR/Page_/input_Username_username'

2019-06-20 15:36:12 - [TEST_STEP][PASSED] - setText(findTestObject("Object Repository/virualShowRSVPOR/Page_/input_Password_password"), ofbizPass): Text 'cabiautomation' is set on object 'Object Repository/virualShowRSVPOR/Page_/input_Password_password'

2019-06-20 15:36:13 - [MESSAGE][PASSED] - Text 'cabiautomation' is set on object 'Object Repository/virualShowRSVPOR/Page_/input_Password_password'

2019-06-20 15:36:13 - [TEST_STEP][PASSED] - click(findTestObject("Object Repository/virualShowRSVPOR/Page_/input_Password_Submit")): Object: 'Object Repository/virualShowRSVPOR/Page_/input_Password_Submit' is clicked on

2019-06-20 15:36:16 - [MESSAGE][PASSED] - Object: 'Object Repository/virualShowRSVPOR/Page_/input_Password_Submit' is clicked on

2019-06-20 15:36:16 - [TEST_STEP][PASSED] - click(findTestObject("Object Repository/virualShowRSVPOR/Page_/a_Set Vhost")): Object: 'Object Repository/virualShowRSVPOR/Page_/a_Set Vhost' is clicked on

2019-06-20 15:36:17 - [MESSAGE][PASSED] - Object: 'Object Repository/virualShowRSVPOR/Page_/a_Set Vhost' is clicked on

2019-06-20 15:36:17 - [TEST_STEP][PASSED] - click(UtilityMethods.createTestObject("select_target", "//select[@name='Target']/option[contains(text(), '", vhostTarget, "')]")): Object: 'select_target' is clicked on

2019-06-20 15:36:17 - [MESSAGE][PASSED] - Object: 'select_target' is clicked on

2019-06-20 15:36:17 - [TEST_STEP][PASSED] - click(findTestObject("Object Repository/virualShowRSVPOR/Page_/input")): Object: 'Object Repository/virualShowRSVPOR/Page_/input' is clicked on

2019-06-20 15:36:19 - [MESSAGE][PASSED] - Object: 'Object Repository/virualShowRSVPOR/Page_/input' is clicked on

2019-06-20 15:36:19 - [MESSAGE][PASSED] - Call Test Case 'Test Cases/virtualShowRSVP/setVHost' successfully

2019-06-20 15:36:19 - [TEST_STEP][PASSED] - callTestCase(findTestCase("editOrder/rsLogin"), ["RSURL":"", "RSuser":"", "RSpass":""], STOP_ON_FAILURE): Call Test Case 'Test Cases/editOrder/rsLogin' successfully

2019-06-20 15:36:19 - [TEST_CASE][PASSED] - Test Cases/editOrder/rsLogin: Test Cases/editOrder/rsLogin

2019-06-20 15:36:19 - [TEST_STEP][PASSED] - RSURL = findTestData("credData").getValue("RSURL", 1): null

2019-06-20 15:36:19 - [TEST_STEP][PASSED] - RSuser = findTestData("credData").getValue("RSuser", 1): null

2019-06-20 15:36:20 - [TEST_STEP][PASSED] - RSpass = findTestData("credData").getValue("RSpass", 1): null

2019-06-20 15:36:20 - [TEST_STEP][PASSED] - navigateToUrl(RSURL): Navigate to 'https://mirandakate.cabitest5.com' successfully

2019-06-20 15:36:45 - [MESSAGE][PASSED] - Navigate to 'https://mirandakate.cabitest5.com' successfully

2019-06-20 15:36:45 - [TEST_STEP][PASSED] - delay(10): Delayed 10 second(s)

2019-06-20 15:36:55 - [MESSAGE][PASSED] - Delayed 10 second(s)

2019-06-20 15:36:55 - [TEST_STEP][PASSED] - click(findTestObject("Object Repository/ReplicatedSite/Page_Trendy Womens Fashion and Outfits  Cabi Clothing/i_Not my stylist_fa fa-user")): Object: 'Object Repository/ReplicatedSite/Page_Trendy Womens Fashion and Outfits  Cabi Clothing/i_Not my stylist_fa fa-user' is clicked on

2019-06-20 15:36:56 - [MESSAGE][PASSED] - Object: 'Object Repository/ReplicatedSite/Page_Trendy Womens Fashion and Outfits  Cabi Clothing/i_Not my stylist_fa fa-user' is clicked on

2019-06-20 15:36:56 - [TEST_STEP][PASSED] - setText(findTestObject("Object Repository/ReplicatedSite/Page_Trendy Womens Fashion and Outfits  Cabi Clothing/input_Sign in  Create account_email"), RSuser): Text 'michigan@na.com' is set on object 'Object Repository/ReplicatedSite/Page_Trendy Womens Fashion and Outfits  Cabi Clothing/input_Sign in  Create account_email'

2019-06-20 15:36:59 - [MESSAGE][PASSED] - Text 'michigan@na.com' is set on object 'Object Repository/ReplicatedSite/Page_Trendy Womens Fashion and Outfits  Cabi Clothing/input_Sign in  Create account_email'

2019-06-20 15:36:59 - [TEST_STEP][PASSED] - click(findTestObject("Object Repository/ReplicatedSite/Page_Trendy Womens Fashion and Outfits  Cabi Clothing/button_Continue")): Object: 'Object Repository/ReplicatedSite/Page_Trendy Womens Fashion and Outfits  Cabi Clothing/button_Continue' is clicked on

2019-06-20 15:36:59 - [MESSAGE][PASSED] - Object: 'Object Repository/ReplicatedSite/Page_Trendy Womens Fashion and Outfits  Cabi Clothing/button_Continue' is clicked on

2019-06-20 15:36:59 - [TEST_STEP][PASSED] - setText(findTestObject("Object Repository/ReplicatedSite/Page_Trendy Womens Fashion and Outfits  Cabi Clothing/input_Welcome_password"), RSpass): Text 'blackdress19' is set on object 'Object Repository/ReplicatedSite/Page_Trendy Womens Fashion and Outfits  Cabi Clothing/input_Welcome_password'

2019-06-20 15:36:59 - [MESSAGE][PASSED] - Text 'blackdress19' is set on object 'Object Repository/ReplicatedSite/Page_Trendy Womens Fashion and Outfits  Cabi Clothing/input_Welcome_password'

2019-06-20 15:36:59 - [TEST_STEP][PASSED] - click(findTestObject("Object Repository/ReplicatedSite/Page_Trendy Womens Fashion and Outfits  Cabi Clothing/button_Continue")): Object: 'Object Repository/ReplicatedSite/Page_Trendy Womens Fashion and Outfits  Cabi Clothing/button_Continue' is clicked on

2019-06-20 15:37:00 - [MESSAGE][PASSED] - Object: 'Object Repository/ReplicatedSite/Page_Trendy Womens Fashion and Outfits  Cabi Clothing/button_Continue' is clicked on

2019-06-20 15:37:00 - [TEST_STEP][PASSED] - click(findTestObject("Object Repository/ReplicatedSite/Page_Trendy Womens Fashion and Outfits  Cabi Clothing/completeProfileLater")): Object: 'Object Repository/ReplicatedSite/Page_Trendy Womens Fashion and Outfits  Cabi Clothing/completeProfileLater' is clicked on

2019-06-20 15:37:10 - [MESSAGE][PASSED] - Object: 'Object Repository/ReplicatedSite/Page_Trendy Womens Fashion and Outfits  Cabi Clothing/completeProfileLater' is clicked on

2019-06-20 15:37:10 - [MESSAGE][PASSED] - Call Test Case 'Test Cases/editOrder/rsLogin' successfully

2019-06-20 15:37:10 - [TEST_STEP][PASSED] - callTestCase(findTestCase("editOrder/rsOrderHistoryConfirm"), ["orderID":"", "editScenarioNumber":4], STOP_ON_FAILURE): Call Test Case 'Test Cases/editOrder/rsOrderHistoryConfirm' successfully

2019-06-20 15:37:10 - [TEST_CASE][PASSED] - Test Cases/editOrder/rsOrderHistoryConfirm: Test Cases/editOrder/rsOrderHistoryConfirm

2019-06-20 15:37:11 - [TEST_STEP][PASSED] - orderID = retailOrderID: null

2019-06-20 15:37:11 - [TEST_STEP][PASSED] - println(orderID): null

2019-06-20 15:37:11 - [TEST_STEP][PASSED] - xpath = UtilityMethods.concat("//span[contains(text(), '", orderID, "')]/parent::div/parent::div/div[@class='table-row-edit-order']"): null

2019-06-20 15:37:11 - [TEST_STEP][PASSED] - to = new com.kms.katalon.core.testobject.TestObject(a_link_dynamic): null

2019-06-20 15:37:11 - [TEST_STEP][PASSED] - to.addProperty("xpath", EQUALS, xpath): null

2019-06-20 15:37:11 - [TEST_STEP][PASSED] - click(findTestObject("Object Repository/ReplicatedSite/Page_Trendy Womens Fashion and Outfits  Cabi Clothing/i_Michigan_fa fa-caret-down")): Object: 'Object Repository/ReplicatedSite/Page_Trendy Womens Fashion and Outfits  Cabi Clothing/i_Michigan_fa fa-caret-down' is clicked on

2019-06-20 15:37:11 - [MESSAGE][PASSED] - Object: 'Object Repository/ReplicatedSite/Page_Trendy Womens Fashion and Outfits  Cabi Clothing/i_Michigan_fa fa-caret-down' is clicked on

2019-06-20 15:37:11 - [TEST_STEP][PASSED] - click(findTestObject("Object Repository/ReplicatedSite/Page_Trendy Womens Fashion and Outfits  Cabi Clothing/a_My Profile")): Object: 'Object Repository/ReplicatedSite/Page_Trendy Womens Fashion and Outfits  Cabi Clothing/a_My Profile' is clicked on

2019-06-20 15:37:17 - [MESSAGE][PASSED] - Object: 'Object Repository/ReplicatedSite/Page_Trendy Womens Fashion and Outfits  Cabi Clothing/a_My Profile' is clicked on

2019-06-20 15:37:17 - [TEST_STEP][PASSED] - click(findTestObject("Object Repository/ReplicatedSite/Page_Profile - Cabi Fall 2018 Collection/span_Order History")): Object: 'Object Repository/ReplicatedSite/Page_Profile - Cabi Fall 2018 Collection/span_Order History' is clicked on

2019-06-20 15:37:17 - [MESSAGE][PASSED] - Object: 'Object Repository/ReplicatedSite/Page_Profile - Cabi Fall 2018 Collection/span_Order History' is clicked on

2019-06-20 15:37:17 - [TEST_STEP][PASSED] - delay(5): Delayed 5 second(s)

2019-06-20 15:37:22 - [MESSAGE][PASSED] - Delayed 5 second(s)

2019-06-20 15:37:22 - [TEST_STEP][PASSED] - editButton = findWebElements(to, 1): null

2019-06-20 15:37:22 - [TEST_STEP][PASSED] - assert editButton.size() > 0: null

2019-06-20 15:37:22 - [TEST_STEP][PASSED] - if (editButton.size() > 0): null

2019-06-20 15:37:22 - [TEST_STEP][PASSED] - click(to): Object: 'a_link_dynamic' is clicked on

2019-06-20 15:37:23 - [MESSAGE][PASSED] - Object: 'a_link_dynamic' is clicked on

2019-06-20 15:37:23 - [TEST_STEP][PASSED] - delay(10): Delayed 10 second(s)

2019-06-20 15:37:33 - [MESSAGE][PASSED] - Delayed 10 second(s)

2019-06-20 15:37:33 - [TEST_STEP][PASSED] - if (editScenarioNumber == 1 || editScenarioNumber == 2): null

2019-06-20 15:37:33 - [TEST_STEP][PASSED] - else if (editScenarioNumber == 3): null

2019-06-20 15:37:33 - [TEST_STEP][PASSED] - else if (editScenarioNumber == 4): null

2019-06-20 15:37:33 - [TEST_STEP][PASSED] - println("scen = 4"): null

2019-06-20 15:37:33 - [TEST_STEP][PASSED] - donationItemPresent = findWebElements(findTestObject("Object Repository/ReplicatedSite/div_donation_present"), 5): null

2019-06-20 15:37:33 - [TEST_STEP][PASSED] - assert donationItemPresent.size() > 0: null

2019-06-20 15:37:33 - [TEST_STEP][PASSED] - donationRemoveButton = findWebElements(findTestObject("Object Repository/ReplicatedSite/a_donation_cannot_remove"), 5): Unable to find the element located by 'By.xpath: //p[contains(text(), 'Heart of cabi Foundation')]/parent::div/parent::div/div[@class='shop-td options']/p/a[contains(text(), ' Remove')]'. Please recheck the objects properties to make sure the desired element is located. 

2019-06-20 15:37:38 - [MESSAGE][INFO] - Unable to find the element located by 'By.xpath: //p[contains(text(), 'Heart of cabi Foundation')]/parent::div/parent::div/div[@class='shop-td options']/p/a[contains(text(), ' Remove')]'. Please recheck the objects properties to make sure the desired element is located. 

2019-06-20 15:37:38 - [TEST_STEP][PASSED] - assert donationRemoveButton.size() == 0: null

2019-06-20 15:37:38 - [MESSAGE][PASSED] - Call Test Case 'Test Cases/editOrder/rsOrderHistoryConfirm' successfully]]></system-out>
         <system-err><![CDATA[]]></system-err>
      </testcase>
      <testcase name="Test Cases/editOrder/rsEditOrderGiftCard" classname="Test Cases/editOrder/rsEditOrderGiftCard" status="FAILED">
         <failure type="FAILED" message="Test Cases/editOrder/rsEditOrderGiftCard FAILED.
Reason:
com.kms.katalon.core.exception.StepFailedException: Call Test Case 'Test Cases/editOrder/retailOrderBO' failed
	at com.kms.katalon.core.keyword.builtin.CallTestCaseKeyword$_callTestCase_closure1.doCall(CallTestCaseKeyword.groovy:63)
	at com.kms.katalon.core.keyword.builtin.CallTestCaseKeyword$_callTestCase_closure1.call(CallTestCaseKeyword.groovy)
	at com.kms.katalon.core.keyword.internal.KeywordMain.runKeyword(KeywordMain.groovy:66)
	at com.kms.katalon.core.keyword.builtin.CallTestCaseKeyword.callTestCase(CallTestCaseKeyword.groovy:81)
	at com.kms.katalon.core.keyword.builtin.CallTestCaseKeyword.execute(CallTestCaseKeyword.groovy:44)
	at com.kms.katalon.core.keyword.internal.KeywordExecutor.executeKeywordForPlatform(KeywordExecutor.groovy:56)
	at com.kms.katalon.core.keyword.BuiltinKeywords.callTestCase(BuiltinKeywords.groovy:334)
	at rsEditOrderGiftCard.run(rsEditOrderGiftCard:16)
	at com.kms.katalon.core.main.ScriptEngine.run(ScriptEngine.java:194)
	at com.kms.katalon.core.main.ScriptEngine.runScriptAsRawText(ScriptEngine.java:119)
	at com.kms.katalon.core.main.TestCaseExecutor.runScript(TestCaseExecutor.java:342)
	at com.kms.katalon.core.main.TestCaseExecutor.doExecute(TestCaseExecutor.java:333)
	at com.kms.katalon.core.main.TestCaseExecutor.processExecutionPhase(TestCaseExecutor.java:312)
	at com.kms.katalon.core.main.TestCaseExecutor.accessMainPhase(TestCaseExecutor.java:304)
	at com.kms.katalon.core.main.TestCaseExecutor.execute(TestCaseExecutor.java:238)
	at com.kms.katalon.core.main.TestSuiteExecutor.accessTestCaseMainPhase(TestSuiteExecutor.java:129)
	at com.kms.katalon.core.main.TestSuiteExecutor.accessTestSuiteMainPhase(TestSuiteExecutor.java:112)
	at com.kms.katalon.core.main.TestSuiteExecutor.execute(TestSuiteExecutor.java:81)
	at com.kms.katalon.core.main.TestCaseMain.startTestSuite(TestCaseMain.java:157)
	at com.kms.katalon.core.main.TestCaseMain$startTestSuite$0.call(Unknown Source)
	at TempTestSuite1561025032524.run(TempTestSuite1561025032524.groovy:35)
Caused by: com.kms.katalon.core.exception.StepFailedException: Unable to click on object 'Object Repository/Page_cabi Order Items/a_checkout'
	at com.kms.katalon.core.webui.keyword.internal.WebUIKeywordMain.stepFailed(WebUIKeywordMain.groovy:64)
	at com.kms.katalon.core.webui.keyword.internal.WebUIKeywordMain.runKeyword(WebUIKeywordMain.groovy:26)
	at com.kms.katalon.core.webui.keyword.builtin.ClickKeyword.click(ClickKeyword.groovy:86)
	at com.kms.katalon.core.webui.keyword.builtin.ClickKeyword.execute(ClickKeyword.groovy:67)
	at com.kms.katalon.core.keyword.internal.KeywordExecutor.executeKeywordForPlatform(KeywordExecutor.groovy:56)
	at com.kms.katalon.core.webui.keyword.WebUiBuiltInKeywords.click(WebUiBuiltInKeywords.groovy:616)
	at com.kms.katalon.core.webui.keyword.WebUiBuiltInKeywords$click$3.call(Unknown Source)
	at retailOrderBO.run(retailOrderBO:232)
	at com.kms.katalon.core.main.ScriptEngine.run(ScriptEngine.java:194)
	at com.kms.katalon.core.main.ScriptEngine.runScriptAsRawText(ScriptEngine.java:119)
	at com.kms.katalon.core.main.TestCaseExecutor.runScript(TestCaseExecutor.java:342)
	at com.kms.katalon.core.main.TestCaseExecutor.doExecute(TestCaseExecutor.java:333)
	at com.kms.katalon.core.main.TestCaseExecutor.processExecutionPhase(TestCaseExecutor.java:312)
	at com.kms.katalon.core.main.TestCaseExecutor.accessMainPhase(TestCaseExecutor.java:304)
	at com.kms.katalon.core.main.TestCaseExecutor.execute(TestCaseExecutor.java:238)
	at com.kms.katalon.core.main.TestCaseMain.runTestCase(TestCaseMain.java:114)
	at com.kms.katalon.core.keyword.builtin.CallTestCaseKeyword$_callTestCase_closure1.doCall(CallTestCaseKeyword.groovy:59)
	... 20 more
Caused by: org.openqa.selenium.StaleElementReferenceException: stale element reference: element is not attached to the page document
  (Session info: chrome=75.0.3770.100)
  (Driver info: chromedriver=74.0.3729.6 (255758eccf3d244491b8a1317aa76e1ce10d57e9-refs/branch-heads/3729@{#29}),platform=Windows NT 6.3.9600 x86_64) (WARNING: The server did not provide any stacktrace information)
Command duration or timeout: 0 milliseconds
For documentation on this error, please visit: http://seleniumhq.org/exceptions/stale_element_reference.html
Build info: version: '3.7.1', revision: '8a0099a', time: '2017-11-06T21:07:36.161Z'
System info: host: 'NIVEDITA', ip: '10.0.102.159', os.name: 'Windows 8.1', os.arch: 'amd64', os.version: '6.3', java.version: '1.8.0_181'
Driver info: com.kms.katalon.selenium.driver.CChromeDriver
Capabilities {acceptInsecureCerts: false, acceptSslCerts: false, applicationCacheEnabled: false, browserConnectionEnabled: false, browserName: chrome, chrome: {chromedriverVersion: 74.0.3729.6 (255758eccf3d24..., userDataDir: C:\Users\user\AppData\Local...}, cssSelectorsEnabled: true, databaseEnabled: false, goog:chromeOptions: {debuggerAddress: localhost:59357}, handlesAlerts: true, hasTouchScreen: false, javascriptEnabled: true, locationContextEnabled: true, mobileEmulationEnabled: false, nativeEvents: true, networkConnectionEnabled: false, pageLoadStrategy: normal, platform: XP, platformName: XP, proxy: Proxy(direct), rotatable: false, setWindowRect: true, strictFileInteractability: false, takesHeapSnapshot: true, takesScreenshot: true, timeouts: {implicit: 0, pageLoad: 300000, script: 30000}, unexpectedAlertBehaviour: ignore, unhandledPromptBehavior: ignore, version: 75.0.3770.100, webStorageEnabled: true}
Session ID: 752961f18cf97fb4ffb87d57a00ca2c6
	at org.openqa.selenium.remote.ErrorHandler.createThrowable(ErrorHandler.java:214)
	at org.openqa.selenium.remote.ErrorHandler.throwIfResponseFailed(ErrorHandler.java:166)
	at org.openqa.selenium.remote.http.JsonHttpResponseCodec.reconstructValue(JsonHttpResponseCodec.java:40)
	at org.openqa.selenium.remote.http.AbstractHttpResponseCodec.decode(AbstractHttpResponseCodec.java:80)
	at org.openqa.selenium.remote.http.AbstractHttpResponseCodec.decode(AbstractHttpResponseCodec.java:44)
	at org.openqa.selenium.remote.HttpCommandExecutor.execute(HttpCommandExecutor.java:164)
	at org.openqa.selenium.remote.service.DriverCommandExecutor.execute(DriverCommandExecutor.java:83)
	at org.openqa.selenium.remote.RemoteWebDriver.execute(RemoteWebDriver.java:600)
	at com.kms.katalon.selenium.driver.CChromeDriver.execute(CChromeDriver.java:20)
	at org.openqa.selenium.remote.RemoteWebElement.execute(RemoteWebElement.java:279)
	at org.openqa.selenium.remote.RemoteWebElement.click(RemoteWebElement.java:83)
	at com.kms.katalon.core.webui.keyword.builtin.ClickKeyword$_click_closure1.doCall(ClickKeyword.groovy:79)
	at com.kms.katalon.core.webui.keyword.builtin.ClickKeyword$_click_closure1.call(ClickKeyword.groovy)
	at com.kms.katalon.core.webui.keyword.internal.WebUIKeywordMain.runKeyword(WebUIKeywordMain.groovy:20)
	at com.kms.katalon.core.webui.keyword.builtin.ClickKeyword.click(ClickKeyword.groovy:86)
	at com.kms.katalon.core.webui.keyword.builtin.ClickKeyword.execute(ClickKeyword.groovy:67)
	at com.kms.katalon.core.keyword.internal.KeywordExecutor.executeKeywordForPlatform(KeywordExecutor.groovy:56)
	at com.kms.katalon.core.webui.keyword.WebUiBuiltInKeywords.click(WebUiBuiltInKeywords.groovy:616)
	at com.kms.katalon.core.webui.keyword.WebUiBuiltInKeywords$click$3.call(Unknown Source)
	at Script1559826813809.run(Script1559826813809.groovy:232)
	at com.kms.katalon.core.main.ScriptEngine.run(ScriptEngine.java:194)
	at com.kms.katalon.core.main.ScriptEngine.runScriptAsRawText(ScriptEngine.java:119)
	at com.kms.katalon.core.main.TestCaseExecutor.runScript(TestCaseExecutor.java:342)
	at com.kms.katalon.core.main.TestCaseExecutor.doExecute(TestCaseExecutor.java:333)
	at com.kms.katalon.core.main.TestCaseExecutor.processExecutionPhase(TestCaseExecutor.java:312)
	at com.kms.katalon.core.main.TestCaseExecutor.accessMainPhase(TestCaseExecutor.java:304)
	at com.kms.katalon.core.main.TestCaseExecutor.execute(TestCaseExecutor.java:238)
	at com.kms.katalon.core.main.TestCaseMain.runTestCase(TestCaseMain.java:114)
	at com.kms.katalon.core.keyword.builtin.CallTestCaseKeyword$_callTestCase_closure1.doCall(CallTestCaseKeyword.groovy:59)
	at com.kms.katalon.core.keyword.builtin.CallTestCaseKeyword$_callTestCase_closure1.call(CallTestCaseKeyword.groovy)
	at com.kms.katalon.core.keyword.internal.KeywordMain.runKeyword(KeywordMain.groovy:66)
	at com.kms.katalon.core.keyword.builtin.CallTestCaseKeyword.callTestCase(CallTestCaseKeyword.groovy:81)
	at com.kms.katalon.core.keyword.builtin.CallTestCaseKeyword.execute(CallTestCaseKeyword.groovy:44)
	at com.kms.katalon.core.keyword.internal.KeywordExecutor.executeKeywordForPlatform(KeywordExecutor.groovy:56)
	at com.kms.katalon.core.keyword.BuiltinKeywords.callTestCase(BuiltinKeywords.groovy:334)
	at Script1559141186623.run(Script1559141186623.groovy:16)
	... 13 more
"/>
         <system-out><![CDATA[2019-06-20 15:37:38 - [TEST_CASE][FAILED] - Test Cases/editOrder/rsEditOrderGiftCard: Test Cases/editOrder/rsEditOrderGiftCard FAILED.
Reason:
com.kms.katalon.core.exception.StepFailedException: Call Test Case 'Test Cases/editOrder/retailOrderBO' failed
	at com.kms.katalon.core.keyword.builtin.CallTestCaseKeyword$_callTestCase_closure1.doCall(CallTestCaseKeyword.groovy:63)
	at com.kms.katalon.core.keyword.builtin.CallTestCaseKeyword$_callTestCase_closure1.call(CallTestCaseKeyword.groovy)
	at com.kms.katalon.core.keyword.internal.KeywordMain.runKeyword(KeywordMain.groovy:66)
	at com.kms.katalon.core.keyword.builtin.CallTestCaseKeyword.callTestCase(CallTestCaseKeyword.groovy:81)
	at com.kms.katalon.core.keyword.builtin.CallTestCaseKeyword.execute(CallTestCaseKeyword.groovy:44)
	at com.kms.katalon.core.keyword.internal.KeywordExecutor.executeKeywordForPlatform(KeywordExecutor.groovy:56)
	at com.kms.katalon.core.keyword.BuiltinKeywords.callTestCase(BuiltinKeywords.groovy:334)
	at rsEditOrderGiftCard.run(rsEditOrderGiftCard:16)
	at com.kms.katalon.core.main.ScriptEngine.run(ScriptEngine.java:194)
	at com.kms.katalon.core.main.ScriptEngine.runScriptAsRawText(ScriptEngine.java:119)
	at com.kms.katalon.core.main.TestCaseExecutor.runScript(TestCaseExecutor.java:342)
	at com.kms.katalon.core.main.TestCaseExecutor.doExecute(TestCaseExecutor.java:333)
	at com.kms.katalon.core.main.TestCaseExecutor.processExecutionPhase(TestCaseExecutor.java:312)
	at com.kms.katalon.core.main.TestCaseExecutor.accessMainPhase(TestCaseExecutor.java:304)
	at com.kms.katalon.core.main.TestCaseExecutor.execute(TestCaseExecutor.java:238)
	at com.kms.katalon.core.main.TestSuiteExecutor.accessTestCaseMainPhase(TestSuiteExecutor.java:129)
	at com.kms.katalon.core.main.TestSuiteExecutor.accessTestSuiteMainPhase(TestSuiteExecutor.java:112)
	at com.kms.katalon.core.main.TestSuiteExecutor.execute(TestSuiteExecutor.java:81)
	at com.kms.katalon.core.main.TestCaseMain.startTestSuite(TestCaseMain.java:157)
	at com.kms.katalon.core.main.TestCaseMain$startTestSuite$0.call(Unknown Source)
	at TempTestSuite1561025032524.run(TempTestSuite1561025032524.groovy:35)
Caused by: com.kms.katalon.core.exception.StepFailedException: Unable to click on object 'Object Repository/Page_cabi Order Items/a_checkout'
	at com.kms.katalon.core.webui.keyword.internal.WebUIKeywordMain.stepFailed(WebUIKeywordMain.groovy:64)
	at com.kms.katalon.core.webui.keyword.internal.WebUIKeywordMain.runKeyword(WebUIKeywordMain.groovy:26)
	at com.kms.katalon.core.webui.keyword.builtin.ClickKeyword.click(ClickKeyword.groovy:86)
	at com.kms.katalon.core.webui.keyword.builtin.ClickKeyword.execute(ClickKeyword.groovy:67)
	at com.kms.katalon.core.keyword.internal.KeywordExecutor.executeKeywordForPlatform(KeywordExecutor.groovy:56)
	at com.kms.katalon.core.webui.keyword.WebUiBuiltInKeywords.click(WebUiBuiltInKeywords.groovy:616)
	at com.kms.katalon.core.webui.keyword.WebUiBuiltInKeywords$click$3.call(Unknown Source)
	at retailOrderBO.run(retailOrderBO:232)
	at com.kms.katalon.core.main.ScriptEngine.run(ScriptEngine.java:194)
	at com.kms.katalon.core.main.ScriptEngine.runScriptAsRawText(ScriptEngine.java:119)
	at com.kms.katalon.core.main.TestCaseExecutor.runScript(TestCaseExecutor.java:342)
	at com.kms.katalon.core.main.TestCaseExecutor.doExecute(TestCaseExecutor.java:333)
	at com.kms.katalon.core.main.TestCaseExecutor.processExecutionPhase(TestCaseExecutor.java:312)
	at com.kms.katalon.core.main.TestCaseExecutor.accessMainPhase(TestCaseExecutor.java:304)
	at com.kms.katalon.core.main.TestCaseExecutor.execute(TestCaseExecutor.java:238)
	at com.kms.katalon.core.main.TestCaseMain.runTestCase(TestCaseMain.java:114)
	at com.kms.katalon.core.keyword.builtin.CallTestCaseKeyword$_callTestCase_closure1.doCall(CallTestCaseKeyword.groovy:59)
	... 20 more
Caused by: org.openqa.selenium.StaleElementReferenceException: stale element reference: element is not attached to the page document
  (Session info: chrome=75.0.3770.100)
  (Driver info: chromedriver=74.0.3729.6 (255758eccf3d244491b8a1317aa76e1ce10d57e9-refs/branch-heads/3729@{#29}),platform=Windows NT 6.3.9600 x86_64) (WARNING: The server did not provide any stacktrace information)
Command duration or timeout: 0 milliseconds
For documentation on this error, please visit: http://seleniumhq.org/exceptions/stale_element_reference.html
Build info: version: '3.7.1', revision: '8a0099a', time: '2017-11-06T21:07:36.161Z'
System info: host: 'NIVEDITA', ip: '10.0.102.159', os.name: 'Windows 8.1', os.arch: 'amd64', os.version: '6.3', java.version: '1.8.0_181'
Driver info: com.kms.katalon.selenium.driver.CChromeDriver
Capabilities {acceptInsecureCerts: false, acceptSslCerts: false, applicationCacheEnabled: false, browserConnectionEnabled: false, browserName: chrome, chrome: {chromedriverVersion: 74.0.3729.6 (255758eccf3d24..., userDataDir: C:\Users\user\AppData\Local...}, cssSelectorsEnabled: true, databaseEnabled: false, goog:chromeOptions: {debuggerAddress: localhost:59357}, handlesAlerts: true, hasTouchScreen: false, javascriptEnabled: true, locationContextEnabled: true, mobileEmulationEnabled: false, nativeEvents: true, networkConnectionEnabled: false, pageLoadStrategy: normal, platform: XP, platformName: XP, proxy: Proxy(direct), rotatable: false, setWindowRect: true, strictFileInteractability: false, takesHeapSnapshot: true, takesScreenshot: true, timeouts: {implicit: 0, pageLoad: 300000, script: 30000}, unexpectedAlertBehaviour: ignore, unhandledPromptBehavior: ignore, version: 75.0.3770.100, webStorageEnabled: true}
Session ID: 752961f18cf97fb4ffb87d57a00ca2c6
	at org.openqa.selenium.remote.ErrorHandler.createThrowable(ErrorHandler.java:214)
	at org.openqa.selenium.remote.ErrorHandler.throwIfResponseFailed(ErrorHandler.java:166)
	at org.openqa.selenium.remote.http.JsonHttpResponseCodec.reconstructValue(JsonHttpResponseCodec.java:40)
	at org.openqa.selenium.remote.http.AbstractHttpResponseCodec.decode(AbstractHttpResponseCodec.java:80)
	at org.openqa.selenium.remote.http.AbstractHttpResponseCodec.decode(AbstractHttpResponseCodec.java:44)
	at org.openqa.selenium.remote.HttpCommandExecutor.execute(HttpCommandExecutor.java:164)
	at org.openqa.selenium.remote.service.DriverCommandExecutor.execute(DriverCommandExecutor.java:83)
	at org.openqa.selenium.remote.RemoteWebDriver.execute(RemoteWebDriver.java:600)
	at com.kms.katalon.selenium.driver.CChromeDriver.execute(CChromeDriver.java:20)
	at org.openqa.selenium.remote.RemoteWebElement.execute(RemoteWebElement.java:279)
	at org.openqa.selenium.remote.RemoteWebElement.click(RemoteWebElement.java:83)
	at com.kms.katalon.core.webui.keyword.builtin.ClickKeyword$_click_closure1.doCall(ClickKeyword.groovy:79)
	at com.kms.katalon.core.webui.keyword.builtin.ClickKeyword$_click_closure1.call(ClickKeyword.groovy)
	at com.kms.katalon.core.webui.keyword.internal.WebUIKeywordMain.runKeyword(WebUIKeywordMain.groovy:20)
	at com.kms.katalon.core.webui.keyword.builtin.ClickKeyword.click(ClickKeyword.groovy:86)
	at com.kms.katalon.core.webui.keyword.builtin.ClickKeyword.execute(ClickKeyword.groovy:67)
	at com.kms.katalon.core.keyword.internal.KeywordExecutor.executeKeywordForPlatform(KeywordExecutor.groovy:56)
	at com.kms.katalon.core.webui.keyword.WebUiBuiltInKeywords.click(WebUiBuiltInKeywords.groovy:616)
	at com.kms.katalon.core.webui.keyword.WebUiBuiltInKeywords$click$3.call(Unknown Source)
	at Script1559826813809.run(Script1559826813809.groovy:232)
	at com.kms.katalon.core.main.ScriptEngine.run(ScriptEngine.java:194)
	at com.kms.katalon.core.main.ScriptEngine.runScriptAsRawText(ScriptEngine.java:119)
	at com.kms.katalon.core.main.TestCaseExecutor.runScript(TestCaseExecutor.java:342)
	at com.kms.katalon.core.main.TestCaseExecutor.doExecute(TestCaseExecutor.java:333)
	at com.kms.katalon.core.main.TestCaseExecutor.processExecutionPhase(TestCaseExecutor.java:312)
	at com.kms.katalon.core.main.TestCaseExecutor.accessMainPhase(TestCaseExecutor.java:304)
	at com.kms.katalon.core.main.TestCaseExecutor.execute(TestCaseExecutor.java:238)
	at com.kms.katalon.core.main.TestCaseMain.runTestCase(TestCaseMain.java:114)
	at com.kms.katalon.core.keyword.builtin.CallTestCaseKeyword$_callTestCase_closure1.doCall(CallTestCaseKeyword.groovy:59)
	at com.kms.katalon.core.keyword.builtin.CallTestCaseKeyword$_callTestCase_closure1.call(CallTestCaseKeyword.groovy)
	at com.kms.katalon.core.keyword.internal.KeywordMain.runKeyword(KeywordMain.groovy:66)
	at com.kms.katalon.core.keyword.builtin.CallTestCaseKeyword.callTestCase(CallTestCaseKeyword.groovy:81)
	at com.kms.katalon.core.keyword.builtin.CallTestCaseKeyword.execute(CallTestCaseKeyword.groovy:44)
	at com.kms.katalon.core.keyword.internal.KeywordExecutor.executeKeywordForPlatform(KeywordExecutor.groovy:56)
	at com.kms.katalon.core.keyword.BuiltinKeywords.callTestCase(BuiltinKeywords.groovy:334)
	at Script1559141186623.run(Script1559141186623.groovy:16)
	... 13 more


2019-06-20 15:37:38 - [TEST_STEP][PASSED] - Start listener action : sampleBeforeTestCase: null

2019-06-20 15:37:38 - [TEST_STEP][PASSED] - println(testCaseContext.getTestCaseId()): null

2019-06-20 15:37:38 - [TEST_STEP][PASSED] - println(testCaseContext.getTestCaseVariables()): null

2019-06-20 15:37:38 - [TEST_STEP][FAILED] - callTestCase(findTestCase("editOrder/retailOrderBO"), ["editScenarioNumber":3], STOP_ON_FAILURE): callTestCase(findTestCase("editOrder/retailOrderBO"), ["editScenarioNumber":3], STOP_ON_FAILURE) FAILED.
Reason:
com.kms.katalon.core.exception.StepFailedException: Call Test Case 'Test Cases/editOrder/retailOrderBO' failed
	at com.kms.katalon.core.keyword.builtin.CallTestCaseKeyword$_callTestCase_closure1.doCall(CallTestCaseKeyword.groovy:63)
	at com.kms.katalon.core.keyword.builtin.CallTestCaseKeyword$_callTestCase_closure1.call(CallTestCaseKeyword.groovy)
	at com.kms.katalon.core.keyword.internal.KeywordMain.runKeyword(KeywordMain.groovy:66)
	at com.kms.katalon.core.keyword.builtin.CallTestCaseKeyword.callTestCase(CallTestCaseKeyword.groovy:81)
	at com.kms.katalon.core.keyword.builtin.CallTestCaseKeyword.execute(CallTestCaseKeyword.groovy:44)
	at com.kms.katalon.core.keyword.internal.KeywordExecutor.executeKeywordForPlatform(KeywordExecutor.groovy:56)
	at com.kms.katalon.core.keyword.BuiltinKeywords.callTestCase(BuiltinKeywords.groovy:334)
	at rsEditOrderGiftCard.run(rsEditOrderGiftCard:16)
	at com.kms.katalon.core.main.ScriptEngine.run(ScriptEngine.java:194)
	at com.kms.katalon.core.main.ScriptEngine.runScriptAsRawText(ScriptEngine.java:119)
	at com.kms.katalon.core.main.TestCaseExecutor.runScript(TestCaseExecutor.java:342)
	at com.kms.katalon.core.main.TestCaseExecutor.doExecute(TestCaseExecutor.java:333)
	at com.kms.katalon.core.main.TestCaseExecutor.processExecutionPhase(TestCaseExecutor.java:312)
	at com.kms.katalon.core.main.TestCaseExecutor.accessMainPhase(TestCaseExecutor.java:304)
	at com.kms.katalon.core.main.TestCaseExecutor.execute(TestCaseExecutor.java:238)
	at com.kms.katalon.core.main.TestSuiteExecutor.accessTestCaseMainPhase(TestSuiteExecutor.java:129)
	at com.kms.katalon.core.main.TestSuiteExecutor.accessTestSuiteMainPhase(TestSuiteExecutor.java:112)
	at com.kms.katalon.core.main.TestSuiteExecutor.execute(TestSuiteExecutor.java:81)
	at com.kms.katalon.core.main.TestCaseMain.startTestSuite(TestCaseMain.java:157)
	at com.kms.katalon.core.main.TestCaseMain$startTestSuite$0.call(Unknown Source)
	at TempTestSuite1561025032524.run(TempTestSuite1561025032524.groovy:35)
Caused by: com.kms.katalon.core.exception.StepFailedException: Unable to click on object 'Object Repository/Page_cabi Order Items/a_checkout'
	at com.kms.katalon.core.webui.keyword.internal.WebUIKeywordMain.stepFailed(WebUIKeywordMain.groovy:64)
	at com.kms.katalon.core.webui.keyword.internal.WebUIKeywordMain.runKeyword(WebUIKeywordMain.groovy:26)
	at com.kms.katalon.core.webui.keyword.builtin.ClickKeyword.click(ClickKeyword.groovy:86)
	at com.kms.katalon.core.webui.keyword.builtin.ClickKeyword.execute(ClickKeyword.groovy:67)
	at com.kms.katalon.core.keyword.internal.KeywordExecutor.executeKeywordForPlatform(KeywordExecutor.groovy:56)
	at com.kms.katalon.core.webui.keyword.WebUiBuiltInKeywords.click(WebUiBuiltInKeywords.groovy:616)
	at com.kms.katalon.core.webui.keyword.WebUiBuiltInKeywords$click$3.call(Unknown Source)
	at retailOrderBO.run(retailOrderBO:232)
	at com.kms.katalon.core.main.ScriptEngine.run(ScriptEngine.java:194)
	at com.kms.katalon.core.main.ScriptEngine.runScriptAsRawText(ScriptEngine.java:119)
	at com.kms.katalon.core.main.TestCaseExecutor.runScript(TestCaseExecutor.java:342)
	at com.kms.katalon.core.main.TestCaseExecutor.doExecute(TestCaseExecutor.java:333)
	at com.kms.katalon.core.main.TestCaseExecutor.processExecutionPhase(TestCaseExecutor.java:312)
	at com.kms.katalon.core.main.TestCaseExecutor.accessMainPhase(TestCaseExecutor.java:304)
	at com.kms.katalon.core.main.TestCaseExecutor.execute(TestCaseExecutor.java:238)
	at com.kms.katalon.core.main.TestCaseMain.runTestCase(TestCaseMain.java:114)
	at com.kms.katalon.core.keyword.builtin.CallTestCaseKeyword$_callTestCase_closure1.doCall(CallTestCaseKeyword.groovy:59)
	... 20 more
Caused by: org.openqa.selenium.StaleElementReferenceException: stale element reference: element is not attached to the page document
  (Session info: chrome=75.0.3770.100)
  (Driver info: chromedriver=74.0.3729.6 (255758eccf3d244491b8a1317aa76e1ce10d57e9-refs/branch-heads/3729@{#29}),platform=Windows NT 6.3.9600 x86_64) (WARNING: The server did not provide any stacktrace information)
Command duration or timeout: 0 milliseconds
For documentation on this error, please visit: http://seleniumhq.org/exceptions/stale_element_reference.html
Build info: version: '3.7.1', revision: '8a0099a', time: '2017-11-06T21:07:36.161Z'
System info: host: 'NIVEDITA', ip: '10.0.102.159', os.name: 'Windows 8.1', os.arch: 'amd64', os.version: '6.3', java.version: '1.8.0_181'
Driver info: com.kms.katalon.selenium.driver.CChromeDriver
Capabilities {acceptInsecureCerts: false, acceptSslCerts: false, applicationCacheEnabled: false, browserConnectionEnabled: false, browserName: chrome, chrome: {chromedriverVersion: 74.0.3729.6 (255758eccf3d24..., userDataDir: C:\Users\user\AppData\Local...}, cssSelectorsEnabled: true, databaseEnabled: false, goog:chromeOptions: {debuggerAddress: localhost:59357}, handlesAlerts: true, hasTouchScreen: false, javascriptEnabled: true, locationContextEnabled: true, mobileEmulationEnabled: false, nativeEvents: true, networkConnectionEnabled: false, pageLoadStrategy: normal, platform: XP, platformName: XP, proxy: Proxy(direct), rotatable: false, setWindowRect: true, strictFileInteractability: false, takesHeapSnapshot: true, takesScreenshot: true, timeouts: {implicit: 0, pageLoad: 300000, script: 30000}, unexpectedAlertBehaviour: ignore, unhandledPromptBehavior: ignore, version: 75.0.3770.100, webStorageEnabled: true}
Session ID: 752961f18cf97fb4ffb87d57a00ca2c6
	at org.openqa.selenium.remote.ErrorHandler.createThrowable(ErrorHandler.java:214)
	at org.openqa.selenium.remote.ErrorHandler.throwIfResponseFailed(ErrorHandler.java:166)
	at org.openqa.selenium.remote.http.JsonHttpResponseCodec.reconstructValue(JsonHttpResponseCodec.java:40)
	at org.openqa.selenium.remote.http.AbstractHttpResponseCodec.decode(AbstractHttpResponseCodec.java:80)
	at org.openqa.selenium.remote.http.AbstractHttpResponseCodec.decode(AbstractHttpResponseCodec.java:44)
	at org.openqa.selenium.remote.HttpCommandExecutor.execute(HttpCommandExecutor.java:164)
	at org.openqa.selenium.remote.service.DriverCommandExecutor.execute(DriverCommandExecutor.java:83)
	at org.openqa.selenium.remote.RemoteWebDriver.execute(RemoteWebDriver.java:600)
	at com.kms.katalon.selenium.driver.CChromeDriver.execute(CChromeDriver.java:20)
	at org.openqa.selenium.remote.RemoteWebElement.execute(RemoteWebElement.java:279)
	at org.openqa.selenium.remote.RemoteWebElement.click(RemoteWebElement.java:83)
	at com.kms.katalon.core.webui.keyword.builtin.ClickKeyword$_click_closure1.doCall(ClickKeyword.groovy:79)
	at com.kms.katalon.core.webui.keyword.builtin.ClickKeyword$_click_closure1.call(ClickKeyword.groovy)
	at com.kms.katalon.core.webui.keyword.internal.WebUIKeywordMain.runKeyword(WebUIKeywordMain.groovy:20)
	at com.kms.katalon.core.webui.keyword.builtin.ClickKeyword.click(ClickKeyword.groovy:86)
	at com.kms.katalon.core.webui.keyword.builtin.ClickKeyword.execute(ClickKeyword.groovy:67)
	at com.kms.katalon.core.keyword.internal.KeywordExecutor.executeKeywordForPlatform(KeywordExecutor.groovy:56)
	at com.kms.katalon.core.webui.keyword.WebUiBuiltInKeywords.click(WebUiBuiltInKeywords.groovy:616)
	at com.kms.katalon.core.webui.keyword.WebUiBuiltInKeywords$click$3.call(Unknown Source)
	at Script1559826813809.run(Script1559826813809.groovy:232)
	at com.kms.katalon.core.main.ScriptEngine.run(ScriptEngine.java:194)
	at com.kms.katalon.core.main.ScriptEngine.runScriptAsRawText(ScriptEngine.java:119)
	at com.kms.katalon.core.main.TestCaseExecutor.runScript(TestCaseExecutor.java:342)
	at com.kms.katalon.core.main.TestCaseExecutor.doExecute(TestCaseExecutor.java:333)
	at com.kms.katalon.core.main.TestCaseExecutor.processExecutionPhase(TestCaseExecutor.java:312)
	at com.kms.katalon.core.main.TestCaseExecutor.accessMainPhase(TestCaseExecutor.java:304)
	at com.kms.katalon.core.main.TestCaseExecutor.execute(TestCaseExecutor.java:238)
	at com.kms.katalon.core.main.TestCaseMain.runTestCase(TestCaseMain.java:114)
	at com.kms.katalon.core.keyword.builtin.CallTestCaseKeyword$_callTestCase_closure1.doCall(CallTestCaseKeyword.groovy:59)
	at com.kms.katalon.core.keyword.builtin.CallTestCaseKeyword$_callTestCase_closure1.call(CallTestCaseKeyword.groovy)
	at com.kms.katalon.core.keyword.internal.KeywordMain.runKeyword(KeywordMain.groovy:66)
	at com.kms.katalon.core.keyword.builtin.CallTestCaseKeyword.callTestCase(CallTestCaseKeyword.groovy:81)
	at com.kms.katalon.core.keyword.builtin.CallTestCaseKeyword.execute(CallTestCaseKeyword.groovy:44)
	at com.kms.katalon.core.keyword.internal.KeywordExecutor.executeKeywordForPlatform(KeywordExecutor.groovy:56)
	at com.kms.katalon.core.keyword.BuiltinKeywords.callTestCase(BuiltinKeywords.groovy:334)
	at Script1559141186623.run(Script1559141186623.groovy:16)
	... 13 more


2019-06-20 15:37:38 - [TEST_CASE][FAILED] - Test Cases/editOrder/retailOrderBO: Test Cases/editOrder/retailOrderBO FAILED.
Reason:
com.kms.katalon.core.exception.StepFailedException: Unable to click on object 'Object Repository/Page_cabi Order Items/a_checkout'
	at com.kms.katalon.core.webui.keyword.internal.WebUIKeywordMain.stepFailed(WebUIKeywordMain.groovy:64)
	at com.kms.katalon.core.webui.keyword.internal.WebUIKeywordMain.runKeyword(WebUIKeywordMain.groovy:26)
	at com.kms.katalon.core.webui.keyword.builtin.ClickKeyword.click(ClickKeyword.groovy:86)
	at com.kms.katalon.core.webui.keyword.builtin.ClickKeyword.execute(ClickKeyword.groovy:67)
	at com.kms.katalon.core.keyword.internal.KeywordExecutor.executeKeywordForPlatform(KeywordExecutor.groovy:56)
	at com.kms.katalon.core.webui.keyword.WebUiBuiltInKeywords.click(WebUiBuiltInKeywords.groovy:616)
	at com.kms.katalon.core.webui.keyword.WebUiBuiltInKeywords$click$3.call(Unknown Source)
	at retailOrderBO.run(retailOrderBO:232)
	at com.kms.katalon.core.main.ScriptEngine.run(ScriptEngine.java:194)
	at com.kms.katalon.core.main.ScriptEngine.runScriptAsRawText(ScriptEngine.java:119)
	at com.kms.katalon.core.main.TestCaseExecutor.runScript(TestCaseExecutor.java:342)
	at com.kms.katalon.core.main.TestCaseExecutor.doExecute(TestCaseExecutor.java:333)
	at com.kms.katalon.core.main.TestCaseExecutor.processExecutionPhase(TestCaseExecutor.java:312)
	at com.kms.katalon.core.main.TestCaseExecutor.accessMainPhase(TestCaseExecutor.java:304)
	at com.kms.katalon.core.main.TestCaseExecutor.execute(TestCaseExecutor.java:238)
	at com.kms.katalon.core.main.TestCaseMain.runTestCase(TestCaseMain.java:114)
	at com.kms.katalon.core.keyword.builtin.CallTestCaseKeyword$_callTestCase_closure1.doCall(CallTestCaseKeyword.groovy:59)
	at com.kms.katalon.core.keyword.builtin.CallTestCaseKeyword$_callTestCase_closure1.call(CallTestCaseKeyword.groovy)
	at com.kms.katalon.core.keyword.internal.KeywordMain.runKeyword(KeywordMain.groovy:66)
	at com.kms.katalon.core.keyword.builtin.CallTestCaseKeyword.callTestCase(CallTestCaseKeyword.groovy:81)
	at com.kms.katalon.core.keyword.builtin.CallTestCaseKeyword.execute(CallTestCaseKeyword.groovy:44)
	at com.kms.katalon.core.keyword.internal.KeywordExecutor.executeKeywordForPlatform(KeywordExecutor.groovy:56)
	at com.kms.katalon.core.keyword.BuiltinKeywords.callTestCase(BuiltinKeywords.groovy:334)
	at rsEditOrderGiftCard.run(rsEditOrderGiftCard:16)
	at com.kms.katalon.core.main.ScriptEngine.run(ScriptEngine.java:194)
	at com.kms.katalon.core.main.ScriptEngine.runScriptAsRawText(ScriptEngine.java:119)
	at com.kms.katalon.core.main.TestCaseExecutor.runScript(TestCaseExecutor.java:342)
	at com.kms.katalon.core.main.TestCaseExecutor.doExecute(TestCaseExecutor.java:333)
	at com.kms.katalon.core.main.TestCaseExecutor.processExecutionPhase(TestCaseExecutor.java:312)
	at com.kms.katalon.core.main.TestCaseExecutor.accessMainPhase(TestCaseExecutor.java:304)
	at com.kms.katalon.core.main.TestCaseExecutor.execute(TestCaseExecutor.java:238)
	at com.kms.katalon.core.main.TestSuiteExecutor.accessTestCaseMainPhase(TestSuiteExecutor.java:129)
	at com.kms.katalon.core.main.TestSuiteExecutor.accessTestSuiteMainPhase(TestSuiteExecutor.java:112)
	at com.kms.katalon.core.main.TestSuiteExecutor.execute(TestSuiteExecutor.java:81)
	at com.kms.katalon.core.main.TestCaseMain.startTestSuite(TestCaseMain.java:157)
	at com.kms.katalon.core.main.TestCaseMain$startTestSuite$0.call(Unknown Source)
	at TempTestSuite1561025032524.run(TempTestSuite1561025032524.groovy:35)
Caused by: org.openqa.selenium.StaleElementReferenceException: stale element reference: element is not attached to the page document
  (Session info: chrome=75.0.3770.100)
  (Driver info: chromedriver=74.0.3729.6 (255758eccf3d244491b8a1317aa76e1ce10d57e9-refs/branch-heads/3729@{#29}),platform=Windows NT 6.3.9600 x86_64) (WARNING: The server did not provide any stacktrace information)
Command duration or timeout: 0 milliseconds
For documentation on this error, please visit: http://seleniumhq.org/exceptions/stale_element_reference.html
Build info: version: '3.7.1', revision: '8a0099a', time: '2017-11-06T21:07:36.161Z'
System info: host: 'NIVEDITA', ip: '10.0.102.159', os.name: 'Windows 8.1', os.arch: 'amd64', os.version: '6.3', java.version: '1.8.0_181'
Driver info: com.kms.katalon.selenium.driver.CChromeDriver
Capabilities {acceptInsecureCerts: false, acceptSslCerts: false, applicationCacheEnabled: false, browserConnectionEnabled: false, browserName: chrome, chrome: {chromedriverVersion: 74.0.3729.6 (255758eccf3d24..., userDataDir: C:\Users\user\AppData\Local...}, cssSelectorsEnabled: true, databaseEnabled: false, goog:chromeOptions: {debuggerAddress: localhost:59357}, handlesAlerts: true, hasTouchScreen: false, javascriptEnabled: true, locationContextEnabled: true, mobileEmulationEnabled: false, nativeEvents: true, networkConnectionEnabled: false, pageLoadStrategy: normal, platform: XP, platformName: XP, proxy: Proxy(direct), rotatable: false, setWindowRect: true, strictFileInteractability: false, takesHeapSnapshot: true, takesScreenshot: true, timeouts: {implicit: 0, pageLoad: 300000, script: 30000}, unexpectedAlertBehaviour: ignore, unhandledPromptBehavior: ignore, version: 75.0.3770.100, webStorageEnabled: true}
Session ID: 752961f18cf97fb4ffb87d57a00ca2c6
	at org.openqa.selenium.remote.ErrorHandler.createThrowable(ErrorHandler.java:214)
	at org.openqa.selenium.remote.ErrorHandler.throwIfResponseFailed(ErrorHandler.java:166)
	at org.openqa.selenium.remote.http.JsonHttpResponseCodec.reconstructValue(JsonHttpResponseCodec.java:40)
	at org.openqa.selenium.remote.http.AbstractHttpResponseCodec.decode(AbstractHttpResponseCodec.java:80)
	at org.openqa.selenium.remote.http.AbstractHttpResponseCodec.decode(AbstractHttpResponseCodec.java:44)
	at org.openqa.selenium.remote.HttpCommandExecutor.execute(HttpCommandExecutor.java:164)
	at org.openqa.selenium.remote.service.DriverCommandExecutor.execute(DriverCommandExecutor.java:83)
	at org.openqa.selenium.remote.RemoteWebDriver.execute(RemoteWebDriver.java:600)
	at com.kms.katalon.selenium.driver.CChromeDriver.execute(CChromeDriver.java:20)
	at org.openqa.selenium.remote.RemoteWebElement.execute(RemoteWebElement.java:279)
	at org.openqa.selenium.remote.RemoteWebElement.click(RemoteWebElement.java:83)
	at com.kms.katalon.core.webui.keyword.builtin.ClickKeyword$_click_closure1.doCall(ClickKeyword.groovy:79)
	at com.kms.katalon.core.webui.keyword.builtin.ClickKeyword$_click_closure1.call(ClickKeyword.groovy)
	at com.kms.katalon.core.webui.keyword.internal.WebUIKeywordMain.runKeyword(WebUIKeywordMain.groovy:20)
	at com.kms.katalon.core.webui.keyword.builtin.ClickKeyword.click(ClickKeyword.groovy:86)
	at com.kms.katalon.core.webui.keyword.builtin.ClickKeyword.execute(ClickKeyword.groovy:67)
	at com.kms.katalon.core.keyword.internal.KeywordExecutor.executeKeywordForPlatform(KeywordExecutor.groovy:56)
	at com.kms.katalon.core.webui.keyword.WebUiBuiltInKeywords.click(WebUiBuiltInKeywords.groovy:616)
	at com.kms.katalon.core.webui.keyword.WebUiBuiltInKeywords$click$3.call(Unknown Source)
	at Script1559826813809.run(Script1559826813809.groovy:232)
	at com.kms.katalon.core.main.ScriptEngine.run(ScriptEngine.java:194)
	at com.kms.katalon.core.main.ScriptEngine.runScriptAsRawText(ScriptEngine.java:119)
	at com.kms.katalon.core.main.TestCaseExecutor.runScript(TestCaseExecutor.java:342)
	at com.kms.katalon.core.main.TestCaseExecutor.doExecute(TestCaseExecutor.java:333)
	at com.kms.katalon.core.main.TestCaseExecutor.processExecutionPhase(TestCaseExecutor.java:312)
	at com.kms.katalon.core.main.TestCaseExecutor.accessMainPhase(TestCaseExecutor.java:304)
	at com.kms.katalon.core.main.TestCaseExecutor.execute(TestCaseExecutor.java:238)
	at com.kms.katalon.core.main.TestCaseMain.runTestCase(TestCaseMain.java:114)
	at com.kms.katalon.core.keyword.builtin.CallTestCaseKeyword$_callTestCase_closure1.doCall(CallTestCaseKeyword.groovy:59)
	at com.kms.katalon.core.keyword.builtin.CallTestCaseKeyword$_callTestCase_closure1.call(CallTestCaseKeyword.groovy)
	at com.kms.katalon.core.keyword.internal.KeywordMain.runKeyword(KeywordMain.groovy:66)
	at com.kms.katalon.core.keyword.builtin.CallTestCaseKeyword.callTestCase(CallTestCaseKeyword.groovy:81)
	at com.kms.katalon.core.keyword.builtin.CallTestCaseKeyword.execute(CallTestCaseKeyword.groovy:44)
	at com.kms.katalon.core.keyword.internal.KeywordExecutor.executeKeywordForPlatform(KeywordExecutor.groovy:56)
	at com.kms.katalon.core.keyword.BuiltinKeywords.callTestCase(BuiltinKeywords.groovy:334)
	at Script1559141186623.run(Script1559141186623.groovy:16)
	... 13 more


2019-06-20 15:37:38 - [TEST_STEP][PASSED] - openBrowser(""): Browser is opened with url: ''

2019-06-20 15:37:38 - [MESSAGE][WARNING] - A browser is already opened. Closing browser and opening a new one

2019-06-20 15:37:39 - [MESSAGE][INFO] - Starting 'Chrome' driver

2019-06-20 15:37:39 - [MESSAGE][INFO] - User set preference: ['args', '[--start-maximized, --use-fake-device-for-media-stream]']

2019-06-20 15:37:41 - [MESSAGE][PASSED] - Browser is opened with url: ''

2019-06-20 15:37:41 - [TEST_STEP][PASSED] - maximizeWindow(): Current window maximized

2019-06-20 15:37:42 - [MESSAGE][PASSED] - Current window maximized

2019-06-20 15:37:42 - [TEST_STEP][PASSED] - callTestCase(findTestCase("NewArrival/backOfficeLogin"), ["BOURL":"", "BOuser":"", "BOpass":""], STOP_ON_FAILURE): Call Test Case 'Test Cases/NewArrival/backOfficeLogin' successfully

2019-06-20 15:37:42 - [TEST_CASE][PASSED] - Test Cases/NewArrival/backOfficeLogin: Test Cases/NewArrival/backOfficeLogin

2019-06-20 15:37:42 - [TEST_STEP][PASSED] - BOURL = findTestData("credData").getValue("BOURL", 1): null

2019-06-20 15:37:42 - [TEST_STEP][PASSED] - BOuser = findTestData("credData").getValue("BOuser", 1): null

2019-06-20 15:37:42 - [TEST_STEP][PASSED] - BOpass = findTestData("credData").getValue("BOpass", 1): null

2019-06-20 15:37:43 - [TEST_STEP][PASSED] - navigateToUrl(BOURL): Navigate to 'https://test21.cliotest.com/backoffice/control/main' successfully

2019-06-20 15:37:52 - [MESSAGE][PASSED] - Navigate to 'https://test21.cliotest.com/backoffice/control/main' successfully

2019-06-20 15:37:52 - [TEST_STEP][PASSED] - logOut = findWebElements(findTestObject("Object Repository/Page_cabi Home/log_out"), 1): Unable to find the element located by 'By.xpath: //a[contains(text(),'Log Out')]'. Please recheck the objects properties to make sure the desired element is located. 

2019-06-20 15:37:53 - [MESSAGE][INFO] - Unable to find the element located by 'By.xpath: //a[contains(text(),'Log Out')]'. Please recheck the objects properties to make sure the desired element is located. 

2019-06-20 15:37:53 - [TEST_STEP][PASSED] - if (logOut.size() == 0): Object: 'Object Repository/Page_cabi/input_Welcome to_consultantLogin' is clicked on

2019-06-20 15:37:53 - [TEST_STEP][PASSED] - setText(findTestObject("Page_cabi/input_Welcome to_USERNAME"), BOuser): Text '400000002' is set on object 'Object Repository/Page_cabi/input_Welcome to_USERNAME'

2019-06-20 15:37:53 - [MESSAGE][PASSED] - Text '400000002' is set on object 'Object Repository/Page_cabi/input_Welcome to_USERNAME'

2019-06-20 15:37:53 - [TEST_STEP][PASSED] - setText(findTestObject("Object Repository/Page_cabi/input_Welcome to_PASSWORD"), BOpass): Text 'blackdress19' is set on object 'Object Repository/Page_cabi/input_Welcome to_PASSWORD'

2019-06-20 15:37:54 - [MESSAGE][PASSED] - Text 'blackdress19' is set on object 'Object Repository/Page_cabi/input_Welcome to_PASSWORD'

2019-06-20 15:37:54 - [TEST_STEP][PASSED] - click(findTestObject("Object Repository/Page_cabi/input_Welcome to_consultantLogin")): Object: 'Object Repository/Page_cabi/input_Welcome to_consultantLogin' is clicked on

2019-06-20 15:38:02 - [MESSAGE][PASSED] - Object: 'Object Repository/Page_cabi/input_Welcome to_consultantLogin' is clicked on

2019-06-20 15:38:02 - [TEST_STEP][PASSED] - delay(3): Delayed 3 second(s)

2019-06-20 15:38:05 - [MESSAGE][PASSED] - Delayed 3 second(s)

2019-06-20 15:38:05 - [MESSAGE][PASSED] - Call Test Case 'Test Cases/NewArrival/backOfficeLogin' successfully

2019-06-20 15:38:05 - [TEST_STEP][PASSED] - click(findTestObject("Object Repository/Page_cabi Home/a_Shows  Orders")): Object: 'Object Repository/Page_cabi Home/a_Shows  Orders' is clicked on

2019-06-20 15:38:05 - [MESSAGE][PASSED] - Object: 'Object Repository/Page_cabi Home/a_Shows  Orders' is clicked on

2019-06-20 15:38:05 - [TEST_STEP][PASSED] - delay(1): Delayed 1 second(s)

2019-06-20 15:38:06 - [MESSAGE][PASSED] - Delayed 1 second(s)

2019-06-20 15:38:06 - [TEST_STEP][PASSED] - rightClick(findTestObject("Page_cabi Home/a_Shows  Orders")): Object: 'Object Repository/Page_cabi Home/a_Shows  Orders' is right clicked on

2019-06-20 15:38:06 - [MESSAGE][PASSED] - Object: 'Object Repository/Page_cabi Home/a_Shows  Orders' is right clicked on

2019-06-20 15:38:06 - [TEST_STEP][PASSED] - click(findTestObject("Page_cabi Home/a_retail_purchases")): Object: 'Object Repository/Page_cabi Home/a_retail_purchases' is clicked on

2019-06-20 15:38:09 - [MESSAGE][PASSED] - Object: 'Object Repository/Page_cabi Home/a_retail_purchases' is clicked on

2019-06-20 15:38:09 - [TEST_STEP][PASSED] - delay(3): Delayed 3 second(s)

2019-06-20 15:38:12 - [MESSAGE][PASSED] - Delayed 3 second(s)

2019-06-20 15:38:12 - [TEST_STEP][PASSED] - click(findTestObject("Object Repository/Page_cabi Home/existingCustomer")): Object: 'Object Repository/Page_cabi Home/existingCustomer' is clicked on

2019-06-20 15:38:12 - [MESSAGE][PASSED] - Object: 'Object Repository/Page_cabi Home/existingCustomer' is clicked on

2019-06-20 15:38:12 - [TEST_STEP][PASSED] - contactNumber = 5: null

2019-06-20 15:38:12 - [TEST_STEP][PASSED] - firstName = findTestData("contactData").getValue("firstName", contactNumber): null

2019-06-20 15:38:12 - [TEST_STEP][PASSED] - lastName = findTestData("contactData").getValue("lastName", contactNumber): null

2019-06-20 15:38:12 - [TEST_STEP][PASSED] - email = findTestData("contactData").getValue("email", contactNumber): null

2019-06-20 15:38:12 - [TEST_STEP][PASSED] - address1 = findTestData("contactData").getValue("address1", contactNumber): null

2019-06-20 15:38:12 - [TEST_STEP][PASSED] - city = findTestData("contactData").getValue("city", contactNumber): null

2019-06-20 15:38:12 - [TEST_STEP][PASSED] - state = findTestData("contactData").getValue("state", contactNumber): null

2019-06-20 15:38:12 - [TEST_STEP][PASSED] - zip = findTestData("contactData").getValue("zip", contactNumber): null

2019-06-20 15:38:12 - [TEST_STEP][PASSED] - existingCustFName = firstName: null

2019-06-20 15:38:12 - [TEST_STEP][PASSED] - existingCustLName = lastName: null

2019-06-20 15:38:12 - [TEST_STEP][PASSED] - space = " ": null

2019-06-20 15:38:12 - [TEST_STEP][PASSED] - existingCust = $existingCustFName$space$existingCustLName: null

2019-06-20 15:38:12 - [TEST_STEP][PASSED] - setText(findTestObject("Object Repository/Page_cabi Home/input_existing_guest"), existingCust): Text 'Michigan Contact' is set on object 'Object Repository/Page_cabi Home/input_existing_guest'

2019-06-20 15:38:13 - [MESSAGE][PASSED] - Text 'Michigan Contact' is set on object 'Object Repository/Page_cabi Home/input_existing_guest'

2019-06-20 15:38:13 - [TEST_STEP][PASSED] - delay(3): Delayed 3 second(s)

2019-06-20 15:38:16 - [MESSAGE][PASSED] - Delayed 3 second(s)

2019-06-20 15:38:16 - [TEST_STEP][PASSED] - rightClick(findTestObject("Object Repository/Page_cabi Home/input_existing_guest")): Object: 'Object Repository/Page_cabi Home/input_existing_guest' is right clicked on

2019-06-20 15:38:16 - [MESSAGE][PASSED] - Object: 'Object Repository/Page_cabi Home/input_existing_guest' is right clicked on

2019-06-20 15:38:16 - [TEST_STEP][PASSED] - rightClick(findTestObject("Object Repository/Page_cabi Home/input_existing_guest")): Object: 'Object Repository/Page_cabi Home/input_existing_guest' is right clicked on

2019-06-20 15:38:16 - [MESSAGE][PASSED] - Object: 'Object Repository/Page_cabi Home/input_existing_guest' is right clicked on

2019-06-20 15:38:16 - [TEST_STEP][PASSED] - click(findTestObject("Object Repository/Page_cabi Create Show - Set Hostess/a_select_customer")): Object: 'Object Repository/Page_cabi Create Show - Set Hostess/a_select_customer' is clicked on

2019-06-20 15:38:16 - [MESSAGE][PASSED] - Object: 'Object Repository/Page_cabi Create Show - Set Hostess/a_select_customer' is clicked on

2019-06-20 15:38:16 - [TEST_STEP][PASSED] - setText(findTestObject("Object Repository/Page_cabi Home/input_existing_guest"), existingCust): Text 'Michigan Contact' is set on object 'Object Repository/Page_cabi Home/input_existing_guest'

2019-06-20 15:38:17 - [MESSAGE][PASSED] - Text 'Michigan Contact' is set on object 'Object Repository/Page_cabi Home/input_existing_guest'

2019-06-20 15:38:17 - [TEST_STEP][PASSED] - setText(findTestObject("Object Repository/Page_cabi Retail Store/input_email"), email): Text 'michigan@na.com' is set on object 'Object Repository/Page_cabi Retail Store/input_email'

2019-06-20 15:38:17 - [MESSAGE][PASSED] - Text 'michigan@na.com' is set on object 'Object Repository/Page_cabi Retail Store/input_email'

2019-06-20 15:38:17 - [TEST_STEP][PASSED] - setText(findTestObject("Object Repository/Page_cabi Edit Customer Profile/input_Address1_address1"), address1): Text '972 BRAHMS CT' is set on object 'Object Repository/Page_cabi Edit Customer Profile/input_Address1_address1'

2019-06-20 15:38:17 - [MESSAGE][PASSED] - Text '972 BRAHMS CT' is set on object 'Object Repository/Page_cabi Edit Customer Profile/input_Address1_address1'

2019-06-20 15:38:17 - [TEST_STEP][PASSED] - setText(findTestObject("Object Repository/Page_cabi Edit Customer Profile/input_Address2_address2"), ""): Text '' is set on object 'Object Repository/Page_cabi Edit Customer Profile/input_Address2_address2'

2019-06-20 15:38:17 - [MESSAGE][PASSED] - Text '' is set on object 'Object Repository/Page_cabi Edit Customer Profile/input_Address2_address2'

2019-06-20 15:38:17 - [TEST_STEP][PASSED] - setText(findTestObject("Object Repository/Page_cabi Edit Customer Profile/input_City_city"), city): Text 'TROY' is set on object 'Object Repository/Page_cabi Edit Customer Profile/input_City_city'

2019-06-20 15:38:17 - [MESSAGE][PASSED] - Text 'TROY' is set on object 'Object Repository/Page_cabi Edit Customer Profile/input_City_city'

2019-06-20 15:38:17 - [TEST_STEP][PASSED] - click(findTestObject("Page_cabi Edit Customer Profile/span_select_a_state")): Object: 'Object Repository/Page_cabi Edit Customer Profile/span_select_a_state' is clicked on

2019-06-20 15:38:17 - [MESSAGE][PASSED] - Object: 'Object Repository/Page_cabi Edit Customer Profile/span_select_a_state' is clicked on

2019-06-20 15:38:17 - [TEST_STEP][PASSED] - delay(1): Delayed 1 second(s)

2019-06-20 15:38:18 - [MESSAGE][PASSED] - Delayed 1 second(s)

2019-06-20 15:38:18 - [TEST_STEP][PASSED] - setText(findTestObject("Object Repository/Page_cabi Edit Customer Profile/input_state_1"), state): Text 'Michigan' is set on object 'Object Repository/Page_cabi Edit Customer Profile/input_state_1'

2019-06-20 15:38:19 - [MESSAGE][PASSED] - Text 'Michigan' is set on object 'Object Repository/Page_cabi Edit Customer Profile/input_state_1'

2019-06-20 15:38:19 - [TEST_STEP][PASSED] - delay(2): Delayed 2 second(s)

2019-06-20 15:38:21 - [MESSAGE][PASSED] - Delayed 2 second(s)

2019-06-20 15:38:21 - [TEST_STEP][PASSED] - click(findTestObject("Page_cabi Edit Customer Profile/span_state")): Object: 'Object Repository/Page_cabi Edit Customer Profile/span_state' is clicked on

2019-06-20 15:38:21 - [MESSAGE][PASSED] - Object: 'Object Repository/Page_cabi Edit Customer Profile/span_state' is clicked on

2019-06-20 15:38:21 - [TEST_STEP][PASSED] - setText(findTestObject("Page_cabi Edit Customer Profile/input_state_postalCode"), zip): Text '48085' is set on object 'Object Repository/Page_cabi Edit Customer Profile/input_state_postalCode'

2019-06-20 15:38:21 - [MESSAGE][PASSED] - Text '48085' is set on object 'Object Repository/Page_cabi Edit Customer Profile/input_state_postalCode'

2019-06-20 15:38:21 - [TEST_STEP][PASSED] - delay(5): Delayed 5 second(s)

2019-06-20 15:38:26 - [MESSAGE][PASSED] - Delayed 5 second(s)

2019-06-20 15:38:26 - [TEST_STEP][PASSED] - check(findTestObject("Object Repository/Page_cabi Home/a_same_shipping_address")): Object 'Object Repository/Page_cabi Home/a_same_shipping_address' is checked

2019-06-20 15:38:26 - [MESSAGE][PASSED] - Object 'Object Repository/Page_cabi Home/a_same_shipping_address' is checked

2019-06-20 15:38:26 - [TEST_STEP][PASSED] - delay(5): Delayed 5 second(s)

2019-06-20 15:38:31 - [MESSAGE][PASSED] - Delayed 5 second(s)

2019-06-20 15:38:31 - [TEST_STEP][PASSED] - check(findTestObject("Object Repository/Page_cabi Home/a_same_shipping_address")): Object 'Object Repository/Page_cabi Home/a_same_shipping_address' is checked

2019-06-20 15:38:31 - [MESSAGE][PASSED] - Object 'Object Repository/Page_cabi Home/a_same_shipping_address' is checked

2019-06-20 15:38:31 - [TEST_STEP][PASSED] - delay(10): Delayed 10 second(s)

2019-06-20 15:38:41 - [MESSAGE][PASSED] - Delayed 10 second(s)

2019-06-20 15:38:41 - [TEST_STEP][PASSED] - click(findTestObject("Page_cabi Retail Store/span_next_1")): Object: 'Object Repository/Page_cabi Retail Store/span_next_1' is clicked on

2019-06-20 15:38:42 - [MESSAGE][PASSED] - Object: 'Object Repository/Page_cabi Retail Store/span_next_1' is clicked on

2019-06-20 15:38:42 - [TEST_STEP][PASSED] - delay(3): Delayed 3 second(s)

2019-06-20 15:38:45 - [MESSAGE][PASSED] - Delayed 3 second(s)

2019-06-20 15:38:45 - [TEST_STEP][PASSED] - click(findTestObject("Object Repository/Page_cabi Retail Store/span_quick_entry")): Object: 'Object Repository/Page_cabi Retail Store/span_quick_entry' is clicked on

2019-06-20 15:38:49 - [MESSAGE][PASSED] - Object: 'Object Repository/Page_cabi Retail Store/span_quick_entry' is clicked on

2019-06-20 15:38:49 - [TEST_STEP][PASSED] - delay(3): Delayed 3 second(s)

2019-06-20 15:38:52 - [MESSAGE][PASSED] - Delayed 3 second(s)

2019-06-20 15:38:52 - [TEST_STEP][PASSED] - emptyCart = findWebElements(findTestObject("Object Repository/Page_cabi Personal Store/removeFromCart"), 5): Unable to find the element located by 'By.xpath: //*[@id="removeFromCart_0"]/span'. Please recheck the objects properties to make sure the desired element is located. 

2019-06-20 15:38:57 - [MESSAGE][INFO] - Unable to find the element located by 'By.xpath: //*[@id="removeFromCart_0"]/span'. Please recheck the objects properties to make sure the desired element is located. 

2019-06-20 15:38:57 - [TEST_STEP][PASSED] - if (emptyCart.size() > 0): null

2019-06-20 15:38:57 - [TEST_STEP][PASSED] - addOnStyle = findTestData("miscData").getValue("addOnStyle", 1): null

2019-06-20 15:38:57 - [TEST_STEP][PASSED] - addOnStyle2 = findTestData("miscData").getValue("addOnStyle", 2): null

2019-06-20 15:38:57 - [TEST_STEP][PASSED] - click(findTestObject("Object Repository/Page_cabi Create Order/input_Manual Discount_stylelookup_0")): Object: 'Object Repository/Page_cabi Create Order/input_Manual Discount_stylelookup_0' is clicked on

2019-06-20 15:38:57 - [MESSAGE][PASSED] - Object: 'Object Repository/Page_cabi Create Order/input_Manual Discount_stylelookup_0' is clicked on

2019-06-20 15:38:57 - [TEST_STEP][PASSED] - setText(findTestObject("Object Repository/Page_cabi Create Order/input_Manual Discount_stylelookup_0"), addOnStyle): Text '5447' is set on object 'Object Repository/Page_cabi Create Order/input_Manual Discount_stylelookup_0'

2019-06-20 15:38:57 - [MESSAGE][PASSED] - Text '5447' is set on object 'Object Repository/Page_cabi Create Order/input_Manual Discount_stylelookup_0'

2019-06-20 15:38:57 - [TEST_STEP][PASSED] - delay(3): Delayed 3 second(s)

2019-06-20 15:39:00 - [MESSAGE][PASSED] - Delayed 3 second(s)

2019-06-20 15:39:00 - [TEST_STEP][PASSED] - prod_message = getText(findTestObject("Page_cabi Create Order/first_option")): Text of object 'Object Repository/Page_cabi Create Order/first_option' is: '5447 Bishop Cardigan'

2019-06-20 15:39:00 - [MESSAGE][PASSED] - Text of object 'Object Repository/Page_cabi Create Order/first_option' is: '5447 Bishop Cardigan'

2019-06-20 15:39:00 - [TEST_STEP][PASSED] - click(findTestObject("Page_cabi Create Order/first_option")): Object: 'Object Repository/Page_cabi Create Order/first_option' is clicked on

2019-06-20 15:39:00 - [MESSAGE][PASSED] - Object: 'Object Repository/Page_cabi Create Order/first_option' is clicked on

2019-06-20 15:39:00 - [TEST_STEP][PASSED] - delay(5): Delayed 5 second(s)

2019-06-20 15:39:05 - [MESSAGE][PASSED] - Delayed 5 second(s)

2019-06-20 15:39:05 - [TEST_STEP][PASSED] - click(findTestObject("Object Repository/Page_cabi Order Items/selectSize")): Object: 'Object Repository/Page_cabi Order Items/selectSize' is clicked on

2019-06-20 15:39:05 - [MESSAGE][PASSED] - Object: 'Object Repository/Page_cabi Order Items/selectSize' is clicked on

2019-06-20 15:39:05 - [TEST_STEP][PASSED] - click(findTestObject("Object Repository/Page_cabi Order Items/span_Add to Cart")): Object: 'Object Repository/Page_cabi Order Items/span_Add to Cart' is clicked on

2019-06-20 15:39:06 - [MESSAGE][PASSED] - Object: 'Object Repository/Page_cabi Order Items/span_Add to Cart' is clicked on

2019-06-20 15:39:06 - [TEST_STEP][PASSED] - delay(5): Delayed 5 second(s)

2019-06-20 15:39:11 - [MESSAGE][PASSED] - Delayed 5 second(s)

2019-06-20 15:39:11 - [TEST_STEP][PASSED] - click(findTestObject("Object Repository/Page_cabi Create Order/inputStyleLookup1")): Object: 'Object Repository/Page_cabi Create Order/inputStyleLookup1' is clicked on

2019-06-20 15:39:11 - [MESSAGE][PASSED] - Object: 'Object Repository/Page_cabi Create Order/inputStyleLookup1' is clicked on

2019-06-20 15:39:11 - [TEST_STEP][PASSED] - setText(findTestObject("Object Repository/Page_cabi Create Order/inputStyleLookup1"), addOnStyle2): Text '5448' is set on object 'Object Repository/Page_cabi Create Order/inputStyleLookup1'

2019-06-20 15:39:11 - [MESSAGE][PASSED] - Text '5448' is set on object 'Object Repository/Page_cabi Create Order/inputStyleLookup1'

2019-06-20 15:39:11 - [TEST_STEP][PASSED] - delay(3): Delayed 3 second(s)

2019-06-20 15:39:14 - [MESSAGE][PASSED] - Delayed 3 second(s)

2019-06-20 15:39:14 - [TEST_STEP][PASSED] - prod_message2 = getText(findTestObject("Page_cabi Create Order/first_option")): Text of object 'Object Repository/Page_cabi Create Order/first_option' is: '5448 Sailor Pullover'

2019-06-20 15:39:14 - [MESSAGE][PASSED] - Text of object 'Object Repository/Page_cabi Create Order/first_option' is: '5448 Sailor Pullover'

2019-06-20 15:39:14 - [TEST_STEP][PASSED] - click(findTestObject("Page_cabi Create Order/first_option")): Object: 'Object Repository/Page_cabi Create Order/first_option' is clicked on

2019-06-20 15:39:14 - [MESSAGE][PASSED] - Object: 'Object Repository/Page_cabi Create Order/first_option' is clicked on

2019-06-20 15:39:14 - [TEST_STEP][PASSED] - delay(5): Delayed 5 second(s)

2019-06-20 15:39:19 - [MESSAGE][PASSED] - Delayed 5 second(s)

2019-06-20 15:39:19 - [TEST_STEP][PASSED] - click(findTestObject("Object Repository/Page_cabi Order Items/selectSize2")): Object: 'Object Repository/Page_cabi Order Items/selectSize2' is clicked on

2019-06-20 15:39:19 - [MESSAGE][PASSED] - Object: 'Object Repository/Page_cabi Order Items/selectSize2' is clicked on

2019-06-20 15:39:19 - [TEST_STEP][PASSED] - click(findTestObject("Object Repository/Page_cabi Order Items/addToCart2")): Object: 'Object Repository/Page_cabi Order Items/addToCart2' is clicked on

2019-06-20 15:39:19 - [MESSAGE][PASSED] - Object: 'Object Repository/Page_cabi Order Items/addToCart2' is clicked on

2019-06-20 15:39:19 - [TEST_STEP][PASSED] - delay(5): Delayed 5 second(s)

2019-06-20 15:39:24 - [MESSAGE][PASSED] - Delayed 5 second(s)

2019-06-20 15:39:24 - [TEST_STEP][PASSED] - if (editScenarioNumber == 1): null

2019-06-20 15:39:24 - [TEST_STEP][PASSED] - else if (editScenarioNumber == 2): null

2019-06-20 15:39:24 - [TEST_STEP][PASSED] - else if (editScenarioNumber == 3): Object: 'Object Repository/Page_cabi Order Items/a_submit' is clicked on

2019-06-20 15:39:24 - [TEST_STEP][PASSED] - click(findTestObject("Object Repository/Page_cabi Retail Store/span_gift_card")): Object: 'Object Repository/Page_cabi Retail Store/span_gift_card' is clicked on

2019-06-20 15:39:25 - [MESSAGE][PASSED] - Object: 'Object Repository/Page_cabi Retail Store/span_gift_card' is clicked on

2019-06-20 15:39:25 - [TEST_STEP][PASSED] - delay(5): Delayed 5 second(s)

2019-06-20 15:39:30 - [MESSAGE][PASSED] - Delayed 5 second(s)

2019-06-20 15:39:30 - [TEST_STEP][PASSED] - click(findTestObject("Page_cabi Order Items/select_gc_amount")): Object: 'Object Repository/Page_cabi Order Items/select_gc_amount' is clicked on

2019-06-20 15:39:30 - [MESSAGE][PASSED] - Object: 'Object Repository/Page_cabi Order Items/select_gc_amount' is clicked on

2019-06-20 15:39:30 - [TEST_STEP][PASSED] - click(findTestObject("Object Repository/Page_cabi Order Items/select_delivery_method")): Object: 'Object Repository/Page_cabi Order Items/select_delivery_method' is clicked on

2019-06-20 15:39:30 - [MESSAGE][PASSED] - Object: 'Object Repository/Page_cabi Order Items/select_delivery_method' is clicked on

2019-06-20 15:39:30 - [TEST_STEP][PASSED] - click(findTestObject("Object Repository/Page_cabi Order Items/input_gc_type")): Object: 'Object Repository/Page_cabi Order Items/input_gc_type' is clicked on

2019-06-20 15:39:30 - [MESSAGE][PASSED] - Object: 'Object Repository/Page_cabi Order Items/input_gc_type' is clicked on

2019-06-20 15:39:30 - [TEST_STEP][PASSED] - recContactNumber = 3: null

2019-06-20 15:39:30 - [TEST_STEP][PASSED] - recFName = findTestData("contactData").getValue("firstName", recContactNumber): null

2019-06-20 15:39:30 - [TEST_STEP][PASSED] - recLName = findTestData("contactData").getValue("lastName", recContactNumber): null

2019-06-20 15:39:30 - [TEST_STEP][PASSED] - recEmail = findTestData("contactData").getValue("email", recContactNumber): null

2019-06-20 15:39:30 - [TEST_STEP][PASSED] - setText(findTestObject("Object Repository/Page_cabi Order Items/input_gc_rec_fname"), recFName): Text 'neoguest1' is set on object 'Object Repository/Page_cabi Order Items/input_gc_rec_fname'

2019-06-20 15:39:31 - [MESSAGE][PASSED] - Text 'neoguest1' is set on object 'Object Repository/Page_cabi Order Items/input_gc_rec_fname'

2019-06-20 15:39:31 - [TEST_STEP][PASSED] - setText(findTestObject("Object Repository/Page_cabi Order Items/input_gc_rec_lname"), recLName): Text 'abc' is set on object 'Object Repository/Page_cabi Order Items/input_gc_rec_lname'

2019-06-20 15:39:31 - [MESSAGE][PASSED] - Text 'abc' is set on object 'Object Repository/Page_cabi Order Items/input_gc_rec_lname'

2019-06-20 15:39:31 - [TEST_STEP][PASSED] - setText(findTestObject("Object Repository/Page_cabi Order Items/input_gc_rec_email"), recEmail): Text 'neoguest1ab@test.com' is set on object 'Object Repository/Page_cabi Order Items/input_gc_rec_email'

2019-06-20 15:39:31 - [MESSAGE][PASSED] - Text 'neoguest1ab@test.com' is set on object 'Object Repository/Page_cabi Order Items/input_gc_rec_email'

2019-06-20 15:39:31 - [TEST_STEP][PASSED] - setText(findTestObject("Object Repository/Page_cabi Order Items/input_gc_send_fname"), firstName): Text 'Michigan' is set on object 'Object Repository/Page_cabi Order Items/input_gc_send_fname'

2019-06-20 15:39:31 - [MESSAGE][PASSED] - Text 'Michigan' is set on object 'Object Repository/Page_cabi Order Items/input_gc_send_fname'

2019-06-20 15:39:31 - [TEST_STEP][PASSED] - setText(findTestObject("Object Repository/Page_cabi Order Items/input_gc_send_lname"), lastName): Text 'Contact' is set on object 'Object Repository/Page_cabi Order Items/input_gc_send_lname'

2019-06-20 15:39:31 - [MESSAGE][PASSED] - Text 'Contact' is set on object 'Object Repository/Page_cabi Order Items/input_gc_send_lname'

2019-06-20 15:39:31 - [TEST_STEP][PASSED] - setText(findTestObject("Object Repository/Page_cabi Order Items/input_gc_send_email"), email): Text 'michigan@na.com' is set on object 'Object Repository/Page_cabi Order Items/input_gc_send_email'

2019-06-20 15:39:31 - [MESSAGE][PASSED] - Text 'michigan@na.com' is set on object 'Object Repository/Page_cabi Order Items/input_gc_send_email'

2019-06-20 15:39:31 - [TEST_STEP][PASSED] - click(findTestObject("Object Repository/Page_cabi Order Items/a_submit")): Object: 'Object Repository/Page_cabi Order Items/a_submit' is clicked on

2019-06-20 15:39:36 - [MESSAGE][PASSED] - Object: 'Object Repository/Page_cabi Order Items/a_submit' is clicked on

2019-06-20 15:39:36 - [TEST_STEP][FAILED] - click(findTestObject("Object Repository/Page_cabi Order Items/a_checkout")): click(findTestObject("Object Repository/Page_cabi Order Items/a_checkout")) FAILED.
Reason:
com.kms.katalon.core.exception.StepFailedException: Unable to click on object 'Object Repository/Page_cabi Order Items/a_checkout'
	at com.kms.katalon.core.webui.keyword.internal.WebUIKeywordMain.stepFailed(WebUIKeywordMain.groovy:64)
	at com.kms.katalon.core.webui.keyword.internal.WebUIKeywordMain.runKeyword(WebUIKeywordMain.groovy:26)
	at com.kms.katalon.core.webui.keyword.builtin.ClickKeyword.click(ClickKeyword.groovy:86)
	at com.kms.katalon.core.webui.keyword.builtin.ClickKeyword.execute(ClickKeyword.groovy:67)
	at com.kms.katalon.core.keyword.internal.KeywordExecutor.executeKeywordForPlatform(KeywordExecutor.groovy:56)
	at com.kms.katalon.core.webui.keyword.WebUiBuiltInKeywords.click(WebUiBuiltInKeywords.groovy:616)
	at com.kms.katalon.core.webui.keyword.WebUiBuiltInKeywords$click$3.call(Unknown Source)
	at retailOrderBO.run(retailOrderBO:232)
	at com.kms.katalon.core.main.ScriptEngine.run(ScriptEngine.java:194)
	at com.kms.katalon.core.main.ScriptEngine.runScriptAsRawText(ScriptEngine.java:119)
	at com.kms.katalon.core.main.TestCaseExecutor.runScript(TestCaseExecutor.java:342)
	at com.kms.katalon.core.main.TestCaseExecutor.doExecute(TestCaseExecutor.java:333)
	at com.kms.katalon.core.main.TestCaseExecutor.processExecutionPhase(TestCaseExecutor.java:312)
	at com.kms.katalon.core.main.TestCaseExecutor.accessMainPhase(TestCaseExecutor.java:304)
	at com.kms.katalon.core.main.TestCaseExecutor.execute(TestCaseExecutor.java:238)
	at com.kms.katalon.core.main.TestCaseMain.runTestCase(TestCaseMain.java:114)
	at com.kms.katalon.core.keyword.builtin.CallTestCaseKeyword$_callTestCase_closure1.doCall(CallTestCaseKeyword.groovy:59)
	at com.kms.katalon.core.keyword.builtin.CallTestCaseKeyword$_callTestCase_closure1.call(CallTestCaseKeyword.groovy)
	at com.kms.katalon.core.keyword.internal.KeywordMain.runKeyword(KeywordMain.groovy:66)
	at com.kms.katalon.core.keyword.builtin.CallTestCaseKeyword.callTestCase(CallTestCaseKeyword.groovy:81)
	at com.kms.katalon.core.keyword.builtin.CallTestCaseKeyword.execute(CallTestCaseKeyword.groovy:44)
	at com.kms.katalon.core.keyword.internal.KeywordExecutor.executeKeywordForPlatform(KeywordExecutor.groovy:56)
	at com.kms.katalon.core.keyword.BuiltinKeywords.callTestCase(BuiltinKeywords.groovy:334)
	at rsEditOrderGiftCard.run(rsEditOrderGiftCard:16)
	at com.kms.katalon.core.main.ScriptEngine.run(ScriptEngine.java:194)
	at com.kms.katalon.core.main.ScriptEngine.runScriptAsRawText(ScriptEngine.java:119)
	at com.kms.katalon.core.main.TestCaseExecutor.runScript(TestCaseExecutor.java:342)
	at com.kms.katalon.core.main.TestCaseExecutor.doExecute(TestCaseExecutor.java:333)
	at com.kms.katalon.core.main.TestCaseExecutor.processExecutionPhase(TestCaseExecutor.java:312)
	at com.kms.katalon.core.main.TestCaseExecutor.accessMainPhase(TestCaseExecutor.java:304)
	at com.kms.katalon.core.main.TestCaseExecutor.execute(TestCaseExecutor.java:238)
	at com.kms.katalon.core.main.TestSuiteExecutor.accessTestCaseMainPhase(TestSuiteExecutor.java:129)
	at com.kms.katalon.core.main.TestSuiteExecutor.accessTestSuiteMainPhase(TestSuiteExecutor.java:112)
	at com.kms.katalon.core.main.TestSuiteExecutor.execute(TestSuiteExecutor.java:81)
	at com.kms.katalon.core.main.TestCaseMain.startTestSuite(TestCaseMain.java:157)
	at com.kms.katalon.core.main.TestCaseMain$startTestSuite$0.call(Unknown Source)
	at TempTestSuite1561025032524.run(TempTestSuite1561025032524.groovy:35)
Caused by: org.openqa.selenium.StaleElementReferenceException: stale element reference: element is not attached to the page document
  (Session info: chrome=75.0.3770.100)
  (Driver info: chromedriver=74.0.3729.6 (255758eccf3d244491b8a1317aa76e1ce10d57e9-refs/branch-heads/3729@{#29}),platform=Windows NT 6.3.9600 x86_64) (WARNING: The server did not provide any stacktrace information)
Command duration or timeout: 0 milliseconds
For documentation on this error, please visit: http://seleniumhq.org/exceptions/stale_element_reference.html
Build info: version: '3.7.1', revision: '8a0099a', time: '2017-11-06T21:07:36.161Z'
System info: host: 'NIVEDITA', ip: '10.0.102.159', os.name: 'Windows 8.1', os.arch: 'amd64', os.version: '6.3', java.version: '1.8.0_181'
Driver info: com.kms.katalon.selenium.driver.CChromeDriver
Capabilities {acceptInsecureCerts: false, acceptSslCerts: false, applicationCacheEnabled: false, browserConnectionEnabled: false, browserName: chrome, chrome: {chromedriverVersion: 74.0.3729.6 (255758eccf3d24..., userDataDir: C:\Users\user\AppData\Local...}, cssSelectorsEnabled: true, databaseEnabled: false, goog:chromeOptions: {debuggerAddress: localhost:59357}, handlesAlerts: true, hasTouchScreen: false, javascriptEnabled: true, locationContextEnabled: true, mobileEmulationEnabled: false, nativeEvents: true, networkConnectionEnabled: false, pageLoadStrategy: normal, platform: XP, platformName: XP, proxy: Proxy(direct), rotatable: false, setWindowRect: true, strictFileInteractability: false, takesHeapSnapshot: true, takesScreenshot: true, timeouts: {implicit: 0, pageLoad: 300000, script: 30000}, unexpectedAlertBehaviour: ignore, unhandledPromptBehavior: ignore, version: 75.0.3770.100, webStorageEnabled: true}
Session ID: 752961f18cf97fb4ffb87d57a00ca2c6
	at org.openqa.selenium.remote.ErrorHandler.createThrowable(ErrorHandler.java:214)
	at org.openqa.selenium.remote.ErrorHandler.throwIfResponseFailed(ErrorHandler.java:166)
	at org.openqa.selenium.remote.http.JsonHttpResponseCodec.reconstructValue(JsonHttpResponseCodec.java:40)
	at org.openqa.selenium.remote.http.AbstractHttpResponseCodec.decode(AbstractHttpResponseCodec.java:80)
	at org.openqa.selenium.remote.http.AbstractHttpResponseCodec.decode(AbstractHttpResponseCodec.java:44)
	at org.openqa.selenium.remote.HttpCommandExecutor.execute(HttpCommandExecutor.java:164)
	at org.openqa.selenium.remote.service.DriverCommandExecutor.execute(DriverCommandExecutor.java:83)
	at org.openqa.selenium.remote.RemoteWebDriver.execute(RemoteWebDriver.java:600)
	at com.kms.katalon.selenium.driver.CChromeDriver.execute(CChromeDriver.java:20)
	at org.openqa.selenium.remote.RemoteWebElement.execute(RemoteWebElement.java:279)
	at org.openqa.selenium.remote.RemoteWebElement.click(RemoteWebElement.java:83)
	at com.kms.katalon.core.webui.keyword.builtin.ClickKeyword$_click_closure1.doCall(ClickKeyword.groovy:79)
	at com.kms.katalon.core.webui.keyword.builtin.ClickKeyword$_click_closure1.call(ClickKeyword.groovy)
	at com.kms.katalon.core.webui.keyword.internal.WebUIKeywordMain.runKeyword(WebUIKeywordMain.groovy:20)
	at com.kms.katalon.core.webui.keyword.builtin.ClickKeyword.click(ClickKeyword.groovy:86)
	at com.kms.katalon.core.webui.keyword.builtin.ClickKeyword.execute(ClickKeyword.groovy:67)
	at com.kms.katalon.core.keyword.internal.KeywordExecutor.executeKeywordForPlatform(KeywordExecutor.groovy:56)
	at com.kms.katalon.core.webui.keyword.WebUiBuiltInKeywords.click(WebUiBuiltInKeywords.groovy:616)
	at com.kms.katalon.core.webui.keyword.WebUiBuiltInKeywords$click$3.call(Unknown Source)
	at Script1559826813809.run(Script1559826813809.groovy:232)
	at com.kms.katalon.core.main.ScriptEngine.run(ScriptEngine.java:194)
	at com.kms.katalon.core.main.ScriptEngine.runScriptAsRawText(ScriptEngine.java:119)
	at com.kms.katalon.core.main.TestCaseExecutor.runScript(TestCaseExecutor.java:342)
	at com.kms.katalon.core.main.TestCaseExecutor.doExecute(TestCaseExecutor.java:333)
	at com.kms.katalon.core.main.TestCaseExecutor.processExecutionPhase(TestCaseExecutor.java:312)
	at com.kms.katalon.core.main.TestCaseExecutor.accessMainPhase(TestCaseExecutor.java:304)
	at com.kms.katalon.core.main.TestCaseExecutor.execute(TestCaseExecutor.java:238)
	at com.kms.katalon.core.main.TestCaseMain.runTestCase(TestCaseMain.java:114)
	at com.kms.katalon.core.keyword.builtin.CallTestCaseKeyword$_callTestCase_closure1.doCall(CallTestCaseKeyword.groovy:59)
	at com.kms.katalon.core.keyword.builtin.CallTestCaseKeyword$_callTestCase_closure1.call(CallTestCaseKeyword.groovy)
	at com.kms.katalon.core.keyword.internal.KeywordMain.runKeyword(KeywordMain.groovy:66)
	at com.kms.katalon.core.keyword.builtin.CallTestCaseKeyword.callTestCase(CallTestCaseKeyword.groovy:81)
	at com.kms.katalon.core.keyword.builtin.CallTestCaseKeyword.execute(CallTestCaseKeyword.groovy:44)
	at com.kms.katalon.core.keyword.internal.KeywordExecutor.executeKeywordForPlatform(KeywordExecutor.groovy:56)
	at com.kms.katalon.core.keyword.BuiltinKeywords.callTestCase(BuiltinKeywords.groovy:334)
	at Script1559141186623.run(Script1559141186623.groovy:16)
	... 13 more


2019-06-20 15:39:36 - [MESSAGE][FAILED] - Unable to click on object 'Object Repository/Page_cabi Order Items/a_checkout' (Root cause: com.kms.katalon.core.exception.StepFailedException: Unable to click on object 'Object Repository/Page_cabi Order Items/a_checkout'
	at com.kms.katalon.core.webui.keyword.internal.WebUIKeywordMain.stepFailed(WebUIKeywordMain.groovy:64)
	at com.kms.katalon.core.webui.keyword.internal.WebUIKeywordMain.runKeyword(WebUIKeywordMain.groovy:26)
	at com.kms.katalon.core.webui.keyword.builtin.ClickKeyword.click(ClickKeyword.groovy:86)
	at com.kms.katalon.core.webui.keyword.builtin.ClickKeyword.execute(ClickKeyword.groovy:67)
	at com.kms.katalon.core.keyword.internal.KeywordExecutor.executeKeywordForPlatform(KeywordExecutor.groovy:56)
	at com.kms.katalon.core.webui.keyword.WebUiBuiltInKeywords.click(WebUiBuiltInKeywords.groovy:616)
	at com.kms.katalon.core.webui.keyword.WebUiBuiltInKeywords$click$3.call(Unknown Source)
	at retailOrderBO.run(retailOrderBO:232)
	at com.kms.katalon.core.main.ScriptEngine.run(ScriptEngine.java:194)
	at com.kms.katalon.core.main.ScriptEngine.runScriptAsRawText(ScriptEngine.java:119)
	at com.kms.katalon.core.main.TestCaseExecutor.runScript(TestCaseExecutor.java:342)
	at com.kms.katalon.core.main.TestCaseExecutor.doExecute(TestCaseExecutor.java:333)
	at com.kms.katalon.core.main.TestCaseExecutor.processExecutionPhase(TestCaseExecutor.java:312)
	at com.kms.katalon.core.main.TestCaseExecutor.accessMainPhase(TestCaseExecutor.java:304)
	at com.kms.katalon.core.main.TestCaseExecutor.execute(TestCaseExecutor.java:238)
	at com.kms.katalon.core.main.TestCaseMain.runTestCase(TestCaseMain.java:114)
	at com.kms.katalon.core.keyword.builtin.CallTestCaseKeyword$_callTestCase_closure1.doCall(CallTestCaseKeyword.groovy:59)
	at com.kms.katalon.core.keyword.builtin.CallTestCaseKeyword$_callTestCase_closure1.call(CallTestCaseKeyword.groovy)
	at com.kms.katalon.core.keyword.internal.KeywordMain.runKeyword(KeywordMain.groovy:66)
	at com.kms.katalon.core.keyword.builtin.CallTestCaseKeyword.callTestCase(CallTestCaseKeyword.groovy:81)
	at com.kms.katalon.core.keyword.builtin.CallTestCaseKeyword.execute(CallTestCaseKeyword.groovy:44)
	at com.kms.katalon.core.keyword.internal.KeywordExecutor.executeKeywordForPlatform(KeywordExecutor.groovy:56)
	at com.kms.katalon.core.keyword.BuiltinKeywords.callTestCase(BuiltinKeywords.groovy:334)
	at rsEditOrderGiftCard.run(rsEditOrderGiftCard:16)
	at com.kms.katalon.core.main.ScriptEngine.run(ScriptEngine.java:194)
	at com.kms.katalon.core.main.ScriptEngine.runScriptAsRawText(ScriptEngine.java:119)
	at com.kms.katalon.core.main.TestCaseExecutor.runScript(TestCaseExecutor.java:342)
	at com.kms.katalon.core.main.TestCaseExecutor.doExecute(TestCaseExecutor.java:333)
	at com.kms.katalon.core.main.TestCaseExecutor.processExecutionPhase(TestCaseExecutor.java:312)
	at com.kms.katalon.core.main.TestCaseExecutor.accessMainPhase(TestCaseExecutor.java:304)
	at com.kms.katalon.core.main.TestCaseExecutor.execute(TestCaseExecutor.java:238)
	at com.kms.katalon.core.main.TestSuiteExecutor.accessTestCaseMainPhase(TestSuiteExecutor.java:129)
	at com.kms.katalon.core.main.TestSuiteExecutor.accessTestSuiteMainPhase(TestSuiteExecutor.java:112)
	at com.kms.katalon.core.main.TestSuiteExecutor.execute(TestSuiteExecutor.java:81)
	at com.kms.katalon.core.main.TestCaseMain.startTestSuite(TestCaseMain.java:157)
	at com.kms.katalon.core.main.TestCaseMain$startTestSuite$0.call(Unknown Source)
	at TempTestSuite1561025032524.run(TempTestSuite1561025032524.groovy:35)
Caused by: org.openqa.selenium.StaleElementReferenceException: stale element reference: element is not attached to the page document
  (Session info: chrome=75.0.3770.100)
  (Driver info: chromedriver=74.0.3729.6 (255758eccf3d244491b8a1317aa76e1ce10d57e9-refs/branch-heads/3729@{#29}),platform=Windows NT 6.3.9600 x86_64) (WARNING: The server did not provide any stacktrace information)
Command duration or timeout: 0 milliseconds
For documentation on this error, please visit: http://seleniumhq.org/exceptions/stale_element_reference.html
Build info: version: '3.7.1', revision: '8a0099a', time: '2017-11-06T21:07:36.161Z'
System info: host: 'NIVEDITA', ip: '10.0.102.159', os.name: 'Windows 8.1', os.arch: 'amd64', os.version: '6.3', java.version: '1.8.0_181'
Driver info: com.kms.katalon.selenium.driver.CChromeDriver
Capabilities {acceptInsecureCerts: false, acceptSslCerts: false, applicationCacheEnabled: false, browserConnectionEnabled: false, browserName: chrome, chrome: {chromedriverVersion: 74.0.3729.6 (255758eccf3d24..., userDataDir: C:\Users\user\AppData\Local...}, cssSelectorsEnabled: true, databaseEnabled: false, goog:chromeOptions: {debuggerAddress: localhost:59357}, handlesAlerts: true, hasTouchScreen: false, javascriptEnabled: true, locationContextEnabled: true, mobileEmulationEnabled: false, nativeEvents: true, networkConnectionEnabled: false, pageLoadStrategy: normal, platform: XP, platformName: XP, proxy: Proxy(direct), rotatable: false, setWindowRect: true, strictFileInteractability: false, takesHeapSnapshot: true, takesScreenshot: true, timeouts: {implicit: 0, pageLoad: 300000, script: 30000}, unexpectedAlertBehaviour: ignore, unhandledPromptBehavior: ignore, version: 75.0.3770.100, webStorageEnabled: true}
Session ID: 752961f18cf97fb4ffb87d57a00ca2c6
	at org.openqa.selenium.remote.ErrorHandler.createThrowable(ErrorHandler.java:214)
	at org.openqa.selenium.remote.ErrorHandler.throwIfResponseFailed(ErrorHandler.java:166)
	at org.openqa.selenium.remote.http.JsonHttpResponseCodec.reconstructValue(JsonHttpResponseCodec.java:40)
	at org.openqa.selenium.remote.http.AbstractHttpResponseCodec.decode(AbstractHttpResponseCodec.java:80)
	at org.openqa.selenium.remote.http.AbstractHttpResponseCodec.decode(AbstractHttpResponseCodec.java:44)
	at org.openqa.selenium.remote.HttpCommandExecutor.execute(HttpCommandExecutor.java:164)
	at org.openqa.selenium.remote.service.DriverCommandExecutor.execute(DriverCommandExecutor.java:83)
	at org.openqa.selenium.remote.RemoteWebDriver.execute(RemoteWebDriver.java:600)
	at com.kms.katalon.selenium.driver.CChromeDriver.execute(CChromeDriver.java:20)
	at org.openqa.selenium.remote.RemoteWebElement.execute(RemoteWebElement.java:279)
	at org.openqa.selenium.remote.RemoteWebElement.click(RemoteWebElement.java:83)
	at com.kms.katalon.core.webui.keyword.builtin.ClickKeyword$_click_closure1.doCall(ClickKeyword.groovy:79)
	at com.kms.katalon.core.webui.keyword.builtin.ClickKeyword$_click_closure1.call(ClickKeyword.groovy)
	at com.kms.katalon.core.webui.keyword.internal.WebUIKeywordMain.runKeyword(WebUIKeywordMain.groovy:20)
	at com.kms.katalon.core.webui.keyword.builtin.ClickKeyword.click(ClickKeyword.groovy:86)
	at com.kms.katalon.core.webui.keyword.builtin.ClickKeyword.execute(ClickKeyword.groovy:67)
	at com.kms.katalon.core.keyword.internal.KeywordExecutor.executeKeywordForPlatform(KeywordExecutor.groovy:56)
	at com.kms.katalon.core.webui.keyword.WebUiBuiltInKeywords.click(WebUiBuiltInKeywords.groovy:616)
	at com.kms.katalon.core.webui.keyword.WebUiBuiltInKeywords$click$3.call(Unknown Source)
	at Script1559826813809.run(Script1559826813809.groovy:232)
	at com.kms.katalon.core.main.ScriptEngine.run(ScriptEngine.java:194)
	at com.kms.katalon.core.main.ScriptEngine.runScriptAsRawText(ScriptEngine.java:119)
	at com.kms.katalon.core.main.TestCaseExecutor.runScript(TestCaseExecutor.java:342)
	at com.kms.katalon.core.main.TestCaseExecutor.doExecute(TestCaseExecutor.java:333)
	at com.kms.katalon.core.main.TestCaseExecutor.processExecutionPhase(TestCaseExecutor.java:312)
	at com.kms.katalon.core.main.TestCaseExecutor.accessMainPhase(TestCaseExecutor.java:304)
	at com.kms.katalon.core.main.TestCaseExecutor.execute(TestCaseExecutor.java:238)
	at com.kms.katalon.core.main.TestCaseMain.runTestCase(TestCaseMain.java:114)
	at com.kms.katalon.core.keyword.builtin.CallTestCaseKeyword$_callTestCase_closure1.doCall(CallTestCaseKeyword.groovy:59)
	at com.kms.katalon.core.keyword.builtin.CallTestCaseKeyword$_callTestCase_closure1.call(CallTestCaseKeyword.groovy)
	at com.kms.katalon.core.keyword.internal.KeywordMain.runKeyword(KeywordMain.groovy:66)
	at com.kms.katalon.core.keyword.builtin.CallTestCaseKeyword.callTestCase(CallTestCaseKeyword.groovy:81)
	at com.kms.katalon.core.keyword.builtin.CallTestCaseKeyword.execute(CallTestCaseKeyword.groovy:44)
	at com.kms.katalon.core.keyword.internal.KeywordExecutor.executeKeywordForPlatform(KeywordExecutor.groovy:56)
	at com.kms.katalon.core.keyword.BuiltinKeywords.callTestCase(BuiltinKeywords.groovy:334)
	at Script1559141186623.run(Script1559141186623.groovy:16)
	... 13 more
)
[[ATTACHMENT|C:\\Users\\user\\Documents\\testautomation\\NewArrivals\\Reports\\EditOrderTestSuit\\20190620_153352\\1561025376376.png]]

2019-06-20 15:39:36 - [MESSAGE][FAILED] - click(findTestObject("Object Repository/Page_cabi Order Items/a_checkout")) FAILED.
Reason:
com.kms.katalon.core.exception.StepFailedException: Unable to click on object 'Object Repository/Page_cabi Order Items/a_checkout'
	at com.kms.katalon.core.webui.keyword.internal.WebUIKeywordMain.stepFailed(WebUIKeywordMain.groovy:64)
	at com.kms.katalon.core.webui.keyword.internal.WebUIKeywordMain.runKeyword(WebUIKeywordMain.groovy:26)
	at com.kms.katalon.core.webui.keyword.builtin.ClickKeyword.click(ClickKeyword.groovy:86)
	at com.kms.katalon.core.webui.keyword.builtin.ClickKeyword.execute(ClickKeyword.groovy:67)
	at com.kms.katalon.core.keyword.internal.KeywordExecutor.executeKeywordForPlatform(KeywordExecutor.groovy:56)
	at com.kms.katalon.core.webui.keyword.WebUiBuiltInKeywords.click(WebUiBuiltInKeywords.groovy:616)
	at com.kms.katalon.core.webui.keyword.WebUiBuiltInKeywords$click$3.call(Unknown Source)
	at retailOrderBO.run(retailOrderBO:232)
	at com.kms.katalon.core.main.ScriptEngine.run(ScriptEngine.java:194)
	at com.kms.katalon.core.main.ScriptEngine.runScriptAsRawText(ScriptEngine.java:119)
	at com.kms.katalon.core.main.TestCaseExecutor.runScript(TestCaseExecutor.java:342)
	at com.kms.katalon.core.main.TestCaseExecutor.doExecute(TestCaseExecutor.java:333)
	at com.kms.katalon.core.main.TestCaseExecutor.processExecutionPhase(TestCaseExecutor.java:312)
	at com.kms.katalon.core.main.TestCaseExecutor.accessMainPhase(TestCaseExecutor.java:304)
	at com.kms.katalon.core.main.TestCaseExecutor.execute(TestCaseExecutor.java:238)
	at com.kms.katalon.core.main.TestCaseMain.runTestCase(TestCaseMain.java:114)
	at com.kms.katalon.core.keyword.builtin.CallTestCaseKeyword$_callTestCase_closure1.doCall(CallTestCaseKeyword.groovy:59)
	at com.kms.katalon.core.keyword.builtin.CallTestCaseKeyword$_callTestCase_closure1.call(CallTestCaseKeyword.groovy)
	at com.kms.katalon.core.keyword.internal.KeywordMain.runKeyword(KeywordMain.groovy:66)
	at com.kms.katalon.core.keyword.builtin.CallTestCaseKeyword.callTestCase(CallTestCaseKeyword.groovy:81)
	at com.kms.katalon.core.keyword.builtin.CallTestCaseKeyword.execute(CallTestCaseKeyword.groovy:44)
	at com.kms.katalon.core.keyword.internal.KeywordExecutor.executeKeywordForPlatform(KeywordExecutor.groovy:56)
	at com.kms.katalon.core.keyword.BuiltinKeywords.callTestCase(BuiltinKeywords.groovy:334)
	at rsEditOrderGiftCard.run(rsEditOrderGiftCard:16)
	at com.kms.katalon.core.main.ScriptEngine.run(ScriptEngine.java:194)
	at com.kms.katalon.core.main.ScriptEngine.runScriptAsRawText(ScriptEngine.java:119)
	at com.kms.katalon.core.main.TestCaseExecutor.runScript(TestCaseExecutor.java:342)
	at com.kms.katalon.core.main.TestCaseExecutor.doExecute(TestCaseExecutor.java:333)
	at com.kms.katalon.core.main.TestCaseExecutor.processExecutionPhase(TestCaseExecutor.java:312)
	at com.kms.katalon.core.main.TestCaseExecutor.accessMainPhase(TestCaseExecutor.java:304)
	at com.kms.katalon.core.main.TestCaseExecutor.execute(TestCaseExecutor.java:238)
	at com.kms.katalon.core.main.TestSuiteExecutor.accessTestCaseMainPhase(TestSuiteExecutor.java:129)
	at com.kms.katalon.core.main.TestSuiteExecutor.accessTestSuiteMainPhase(TestSuiteExecutor.java:112)
	at com.kms.katalon.core.main.TestSuiteExecutor.execute(TestSuiteExecutor.java:81)
	at com.kms.katalon.core.main.TestCaseMain.startTestSuite(TestCaseMain.java:157)
	at com.kms.katalon.core.main.TestCaseMain$startTestSuite$0.call(Unknown Source)
	at TempTestSuite1561025032524.run(TempTestSuite1561025032524.groovy:35)
Caused by: org.openqa.selenium.StaleElementReferenceException: stale element reference: element is not attached to the page document
  (Session info: chrome=75.0.3770.100)
  (Driver info: chromedriver=74.0.3729.6 (255758eccf3d244491b8a1317aa76e1ce10d57e9-refs/branch-heads/3729@{#29}),platform=Windows NT 6.3.9600 x86_64) (WARNING: The server did not provide any stacktrace information)
Command duration or timeout: 0 milliseconds
For documentation on this error, please visit: http://seleniumhq.org/exceptions/stale_element_reference.html
Build info: version: '3.7.1', revision: '8a0099a', time: '2017-11-06T21:07:36.161Z'
System info: host: 'NIVEDITA', ip: '10.0.102.159', os.name: 'Windows 8.1', os.arch: 'amd64', os.version: '6.3', java.version: '1.8.0_181'
Driver info: com.kms.katalon.selenium.driver.CChromeDriver
Capabilities {acceptInsecureCerts: false, acceptSslCerts: false, applicationCacheEnabled: false, browserConnectionEnabled: false, browserName: chrome, chrome: {chromedriverVersion: 74.0.3729.6 (255758eccf3d24..., userDataDir: C:\Users\user\AppData\Local...}, cssSelectorsEnabled: true, databaseEnabled: false, goog:chromeOptions: {debuggerAddress: localhost:59357}, handlesAlerts: true, hasTouchScreen: false, javascriptEnabled: true, locationContextEnabled: true, mobileEmulationEnabled: false, nativeEvents: true, networkConnectionEnabled: false, pageLoadStrategy: normal, platform: XP, platformName: XP, proxy: Proxy(direct), rotatable: false, setWindowRect: true, strictFileInteractability: false, takesHeapSnapshot: true, takesScreenshot: true, timeouts: {implicit: 0, pageLoad: 300000, script: 30000}, unexpectedAlertBehaviour: ignore, unhandledPromptBehavior: ignore, version: 75.0.3770.100, webStorageEnabled: true}
Session ID: 752961f18cf97fb4ffb87d57a00ca2c6
	at org.openqa.selenium.remote.ErrorHandler.createThrowable(ErrorHandler.java:214)
	at org.openqa.selenium.remote.ErrorHandler.throwIfResponseFailed(ErrorHandler.java:166)
	at org.openqa.selenium.remote.http.JsonHttpResponseCodec.reconstructValue(JsonHttpResponseCodec.java:40)
	at org.openqa.selenium.remote.http.AbstractHttpResponseCodec.decode(AbstractHttpResponseCodec.java:80)
	at org.openqa.selenium.remote.http.AbstractHttpResponseCodec.decode(AbstractHttpResponseCodec.java:44)
	at org.openqa.selenium.remote.HttpCommandExecutor.execute(HttpCommandExecutor.java:164)
	at org.openqa.selenium.remote.service.DriverCommandExecutor.execute(DriverCommandExecutor.java:83)
	at org.openqa.selenium.remote.RemoteWebDriver.execute(RemoteWebDriver.java:600)
	at com.kms.katalon.selenium.driver.CChromeDriver.execute(CChromeDriver.java:20)
	at org.openqa.selenium.remote.RemoteWebElement.execute(RemoteWebElement.java:279)
	at org.openqa.selenium.remote.RemoteWebElement.click(RemoteWebElement.java:83)
	at com.kms.katalon.core.webui.keyword.builtin.ClickKeyword$_click_closure1.doCall(ClickKeyword.groovy:79)
	at com.kms.katalon.core.webui.keyword.builtin.ClickKeyword$_click_closure1.call(ClickKeyword.groovy)
	at com.kms.katalon.core.webui.keyword.internal.WebUIKeywordMain.runKeyword(WebUIKeywordMain.groovy:20)
	at com.kms.katalon.core.webui.keyword.builtin.ClickKeyword.click(ClickKeyword.groovy:86)
	at com.kms.katalon.core.webui.keyword.builtin.ClickKeyword.execute(ClickKeyword.groovy:67)
	at com.kms.katalon.core.keyword.internal.KeywordExecutor.executeKeywordForPlatform(KeywordExecutor.groovy:56)
	at com.kms.katalon.core.webui.keyword.WebUiBuiltInKeywords.click(WebUiBuiltInKeywords.groovy:616)
	at com.kms.katalon.core.webui.keyword.WebUiBuiltInKeywords$click$3.call(Unknown Source)
	at Script1559826813809.run(Script1559826813809.groovy:232)
	at com.kms.katalon.core.main.ScriptEngine.run(ScriptEngine.java:194)
	at com.kms.katalon.core.main.ScriptEngine.runScriptAsRawText(ScriptEngine.java:119)
	at com.kms.katalon.core.main.TestCaseExecutor.runScript(TestCaseExecutor.java:342)
	at com.kms.katalon.core.main.TestCaseExecutor.doExecute(TestCaseExecutor.java:333)
	at com.kms.katalon.core.main.TestCaseExecutor.processExecutionPhase(TestCaseExecutor.java:312)
	at com.kms.katalon.core.main.TestCaseExecutor.accessMainPhase(TestCaseExecutor.java:304)
	at com.kms.katalon.core.main.TestCaseExecutor.execute(TestCaseExecutor.java:238)
	at com.kms.katalon.core.main.TestCaseMain.runTestCase(TestCaseMain.java:114)
	at com.kms.katalon.core.keyword.builtin.CallTestCaseKeyword$_callTestCase_closure1.doCall(CallTestCaseKeyword.groovy:59)
	at com.kms.katalon.core.keyword.builtin.CallTestCaseKeyword$_callTestCase_closure1.call(CallTestCaseKeyword.groovy)
	at com.kms.katalon.core.keyword.internal.KeywordMain.runKeyword(KeywordMain.groovy:66)
	at com.kms.katalon.core.keyword.builtin.CallTestCaseKeyword.callTestCase(CallTestCaseKeyword.groovy:81)
	at com.kms.katalon.core.keyword.builtin.CallTestCaseKeyword.execute(CallTestCaseKeyword.groovy:44)
	at com.kms.katalon.core.keyword.internal.KeywordExecutor.executeKeywordForPlatform(KeywordExecutor.groovy:56)
	at com.kms.katalon.core.keyword.BuiltinKeywords.callTestCase(BuiltinKeywords.groovy:334)
	at Script1559141186623.run(Script1559141186623.groovy:16)
	... 13 more


2019-06-20 15:39:36 - [MESSAGE][FAILED] - Unable to call Test Case 'Test Cases/editOrder/retailOrderBO' (Root cause: com.kms.katalon.core.exception.StepFailedException: Call Test Case 'Test Cases/editOrder/retailOrderBO' failed
	at com.kms.katalon.core.keyword.builtin.CallTestCaseKeyword$_callTestCase_closure1.doCall(CallTestCaseKeyword.groovy:63)
	at com.kms.katalon.core.keyword.builtin.CallTestCaseKeyword$_callTestCase_closure1.call(CallTestCaseKeyword.groovy)
	at com.kms.katalon.core.keyword.internal.KeywordMain.runKeyword(KeywordMain.groovy:66)
	at com.kms.katalon.core.keyword.builtin.CallTestCaseKeyword.callTestCase(CallTestCaseKeyword.groovy:81)
	at com.kms.katalon.core.keyword.builtin.CallTestCaseKeyword.execute(CallTestCaseKeyword.groovy:44)
	at com.kms.katalon.core.keyword.internal.KeywordExecutor.executeKeywordForPlatform(KeywordExecutor.groovy:56)
	at com.kms.katalon.core.keyword.BuiltinKeywords.callTestCase(BuiltinKeywords.groovy:334)
	at rsEditOrderGiftCard.run(rsEditOrderGiftCard:16)
	at com.kms.katalon.core.main.ScriptEngine.run(ScriptEngine.java:194)
	at com.kms.katalon.core.main.ScriptEngine.runScriptAsRawText(ScriptEngine.java:119)
	at com.kms.katalon.core.main.TestCaseExecutor.runScript(TestCaseExecutor.java:342)
	at com.kms.katalon.core.main.TestCaseExecutor.doExecute(TestCaseExecutor.java:333)
	at com.kms.katalon.core.main.TestCaseExecutor.processExecutionPhase(TestCaseExecutor.java:312)
	at com.kms.katalon.core.main.TestCaseExecutor.accessMainPhase(TestCaseExecutor.java:304)
	at com.kms.katalon.core.main.TestCaseExecutor.execute(TestCaseExecutor.java:238)
	at com.kms.katalon.core.main.TestSuiteExecutor.accessTestCaseMainPhase(TestSuiteExecutor.java:129)
	at com.kms.katalon.core.main.TestSuiteExecutor.accessTestSuiteMainPhase(TestSuiteExecutor.java:112)
	at com.kms.katalon.core.main.TestSuiteExecutor.execute(TestSuiteExecutor.java:81)
	at com.kms.katalon.core.main.TestCaseMain.startTestSuite(TestCaseMain.java:157)
	at com.kms.katalon.core.main.TestCaseMain$startTestSuite$0.call(Unknown Source)
	at TempTestSuite1561025032524.run(TempTestSuite1561025032524.groovy:35)
Caused by: com.kms.katalon.core.exception.StepFailedException: Unable to click on object 'Object Repository/Page_cabi Order Items/a_checkout'
	at com.kms.katalon.core.webui.keyword.internal.WebUIKeywordMain.stepFailed(WebUIKeywordMain.groovy:64)
	at com.kms.katalon.core.webui.keyword.internal.WebUIKeywordMain.runKeyword(WebUIKeywordMain.groovy:26)
	at com.kms.katalon.core.webui.keyword.builtin.ClickKeyword.click(ClickKeyword.groovy:86)
	at com.kms.katalon.core.webui.keyword.builtin.ClickKeyword.execute(ClickKeyword.groovy:67)
	at com.kms.katalon.core.keyword.internal.KeywordExecutor.executeKeywordForPlatform(KeywordExecutor.groovy:56)
	at com.kms.katalon.core.webui.keyword.WebUiBuiltInKeywords.click(WebUiBuiltInKeywords.groovy:616)
	at com.kms.katalon.core.webui.keyword.WebUiBuiltInKeywords$click$3.call(Unknown Source)
	at retailOrderBO.run(retailOrderBO:232)
	at com.kms.katalon.core.main.ScriptEngine.run(ScriptEngine.java:194)
	at com.kms.katalon.core.main.ScriptEngine.runScriptAsRawText(ScriptEngine.java:119)
	at com.kms.katalon.core.main.TestCaseExecutor.runScript(TestCaseExecutor.java:342)
	at com.kms.katalon.core.main.TestCaseExecutor.doExecute(TestCaseExecutor.java:333)
	at com.kms.katalon.core.main.TestCaseExecutor.processExecutionPhase(TestCaseExecutor.java:312)
	at com.kms.katalon.core.main.TestCaseExecutor.accessMainPhase(TestCaseExecutor.java:304)
	at com.kms.katalon.core.main.TestCaseExecutor.execute(TestCaseExecutor.java:238)
	at com.kms.katalon.core.main.TestCaseMain.runTestCase(TestCaseMain.java:114)
	at com.kms.katalon.core.keyword.builtin.CallTestCaseKeyword$_callTestCase_closure1.doCall(CallTestCaseKeyword.groovy:59)
	... 20 more
Caused by: org.openqa.selenium.StaleElementReferenceException: stale element reference: element is not attached to the page document
  (Session info: chrome=75.0.3770.100)
  (Driver info: chromedriver=74.0.3729.6 (255758eccf3d244491b8a1317aa76e1ce10d57e9-refs/branch-heads/3729@{#29}),platform=Windows NT 6.3.9600 x86_64) (WARNING: The server did not provide any stacktrace information)
Command duration or timeout: 0 milliseconds
For documentation on this error, please visit: http://seleniumhq.org/exceptions/stale_element_reference.html
Build info: version: '3.7.1', revision: '8a0099a', time: '2017-11-06T21:07:36.161Z'
System info: host: 'NIVEDITA', ip: '10.0.102.159', os.name: 'Windows 8.1', os.arch: 'amd64', os.version: '6.3', java.version: '1.8.0_181'
Driver info: com.kms.katalon.selenium.driver.CChromeDriver
Capabilities {acceptInsecureCerts: false, acceptSslCerts: false, applicationCacheEnabled: false, browserConnectionEnabled: false, browserName: chrome, chrome: {chromedriverVersion: 74.0.3729.6 (255758eccf3d24..., userDataDir: C:\Users\user\AppData\Local...}, cssSelectorsEnabled: true, databaseEnabled: false, goog:chromeOptions: {debuggerAddress: localhost:59357}, handlesAlerts: true, hasTouchScreen: false, javascriptEnabled: true, locationContextEnabled: true, mobileEmulationEnabled: false, nativeEvents: true, networkConnectionEnabled: false, pageLoadStrategy: normal, platform: XP, platformName: XP, proxy: Proxy(direct), rotatable: false, setWindowRect: true, strictFileInteractability: false, takesHeapSnapshot: true, takesScreenshot: true, timeouts: {implicit: 0, pageLoad: 300000, script: 30000}, unexpectedAlertBehaviour: ignore, unhandledPromptBehavior: ignore, version: 75.0.3770.100, webStorageEnabled: true}
Session ID: 752961f18cf97fb4ffb87d57a00ca2c6
	at org.openqa.selenium.remote.ErrorHandler.createThrowable(ErrorHandler.java:214)
	at org.openqa.selenium.remote.ErrorHandler.throwIfResponseFailed(ErrorHandler.java:166)
	at org.openqa.selenium.remote.http.JsonHttpResponseCodec.reconstructValue(JsonHttpResponseCodec.java:40)
	at org.openqa.selenium.remote.http.AbstractHttpResponseCodec.decode(AbstractHttpResponseCodec.java:80)
	at org.openqa.selenium.remote.http.AbstractHttpResponseCodec.decode(AbstractHttpResponseCodec.java:44)
	at org.openqa.selenium.remote.HttpCommandExecutor.execute(HttpCommandExecutor.java:164)
	at org.openqa.selenium.remote.service.DriverCommandExecutor.execute(DriverCommandExecutor.java:83)
	at org.openqa.selenium.remote.RemoteWebDriver.execute(RemoteWebDriver.java:600)
	at com.kms.katalon.selenium.driver.CChromeDriver.execute(CChromeDriver.java:20)
	at org.openqa.selenium.remote.RemoteWebElement.execute(RemoteWebElement.java:279)
	at org.openqa.selenium.remote.RemoteWebElement.click(RemoteWebElement.java:83)
	at com.kms.katalon.core.webui.keyword.builtin.ClickKeyword$_click_closure1.doCall(ClickKeyword.groovy:79)
	at com.kms.katalon.core.webui.keyword.builtin.ClickKeyword$_click_closure1.call(ClickKeyword.groovy)
	at com.kms.katalon.core.webui.keyword.internal.WebUIKeywordMain.runKeyword(WebUIKeywordMain.groovy:20)
	at com.kms.katalon.core.webui.keyword.builtin.ClickKeyword.click(ClickKeyword.groovy:86)
	at com.kms.katalon.core.webui.keyword.builtin.ClickKeyword.execute(ClickKeyword.groovy:67)
	at com.kms.katalon.core.keyword.internal.KeywordExecutor.executeKeywordForPlatform(KeywordExecutor.groovy:56)
	at com.kms.katalon.core.webui.keyword.WebUiBuiltInKeywords.click(WebUiBuiltInKeywords.groovy:616)
	at com.kms.katalon.core.webui.keyword.WebUiBuiltInKeywords$click$3.call(Unknown Source)
	at Script1559826813809.run(Script1559826813809.groovy:232)
	at com.kms.katalon.core.main.ScriptEngine.run(ScriptEngine.java:194)
	at com.kms.katalon.core.main.ScriptEngine.runScriptAsRawText(ScriptEngine.java:119)
	at com.kms.katalon.core.main.TestCaseExecutor.runScript(TestCaseExecutor.java:342)
	at com.kms.katalon.core.main.TestCaseExecutor.doExecute(TestCaseExecutor.java:333)
	at com.kms.katalon.core.main.TestCaseExecutor.processExecutionPhase(TestCaseExecutor.java:312)
	at com.kms.katalon.core.main.TestCaseExecutor.accessMainPhase(TestCaseExecutor.java:304)
	at com.kms.katalon.core.main.TestCaseExecutor.execute(TestCaseExecutor.java:238)
	at com.kms.katalon.core.main.TestCaseMain.runTestCase(TestCaseMain.java:114)
	at com.kms.katalon.core.keyword.builtin.CallTestCaseKeyword$_callTestCase_closure1.doCall(CallTestCaseKeyword.groovy:59)
	at com.kms.katalon.core.keyword.builtin.CallTestCaseKeyword$_callTestCase_closure1.call(CallTestCaseKeyword.groovy)
	at com.kms.katalon.core.keyword.internal.KeywordMain.runKeyword(KeywordMain.groovy:66)
	at com.kms.katalon.core.keyword.builtin.CallTestCaseKeyword.callTestCase(CallTestCaseKeyword.groovy:81)
	at com.kms.katalon.core.keyword.builtin.CallTestCaseKeyword.execute(CallTestCaseKeyword.groovy:44)
	at com.kms.katalon.core.keyword.internal.KeywordExecutor.executeKeywordForPlatform(KeywordExecutor.groovy:56)
	at com.kms.katalon.core.keyword.BuiltinKeywords.callTestCase(BuiltinKeywords.groovy:334)
	at Script1559141186623.run(Script1559141186623.groovy:16)
	... 13 more
)

2019-06-20 15:39:36 - [MESSAGE][FAILED] - callTestCase(findTestCase("editOrder/retailOrderBO"), ["editScenarioNumber":3], STOP_ON_FAILURE) FAILED.
Reason:
com.kms.katalon.core.exception.StepFailedException: Call Test Case 'Test Cases/editOrder/retailOrderBO' failed
	at com.kms.katalon.core.keyword.builtin.CallTestCaseKeyword$_callTestCase_closure1.doCall(CallTestCaseKeyword.groovy:63)
	at com.kms.katalon.core.keyword.builtin.CallTestCaseKeyword$_callTestCase_closure1.call(CallTestCaseKeyword.groovy)
	at com.kms.katalon.core.keyword.internal.KeywordMain.runKeyword(KeywordMain.groovy:66)
	at com.kms.katalon.core.keyword.builtin.CallTestCaseKeyword.callTestCase(CallTestCaseKeyword.groovy:81)
	at com.kms.katalon.core.keyword.builtin.CallTestCaseKeyword.execute(CallTestCaseKeyword.groovy:44)
	at com.kms.katalon.core.keyword.internal.KeywordExecutor.executeKeywordForPlatform(KeywordExecutor.groovy:56)
	at com.kms.katalon.core.keyword.BuiltinKeywords.callTestCase(BuiltinKeywords.groovy:334)
	at rsEditOrderGiftCard.run(rsEditOrderGiftCard:16)
	at com.kms.katalon.core.main.ScriptEngine.run(ScriptEngine.java:194)
	at com.kms.katalon.core.main.ScriptEngine.runScriptAsRawText(ScriptEngine.java:119)
	at com.kms.katalon.core.main.TestCaseExecutor.runScript(TestCaseExecutor.java:342)
	at com.kms.katalon.core.main.TestCaseExecutor.doExecute(TestCaseExecutor.java:333)
	at com.kms.katalon.core.main.TestCaseExecutor.processExecutionPhase(TestCaseExecutor.java:312)
	at com.kms.katalon.core.main.TestCaseExecutor.accessMainPhase(TestCaseExecutor.java:304)
	at com.kms.katalon.core.main.TestCaseExecutor.execute(TestCaseExecutor.java:238)
	at com.kms.katalon.core.main.TestSuiteExecutor.accessTestCaseMainPhase(TestSuiteExecutor.java:129)
	at com.kms.katalon.core.main.TestSuiteExecutor.accessTestSuiteMainPhase(TestSuiteExecutor.java:112)
	at com.kms.katalon.core.main.TestSuiteExecutor.execute(TestSuiteExecutor.java:81)
	at com.kms.katalon.core.main.TestCaseMain.startTestSuite(TestCaseMain.java:157)
	at com.kms.katalon.core.main.TestCaseMain$startTestSuite$0.call(Unknown Source)
	at TempTestSuite1561025032524.run(TempTestSuite1561025032524.groovy:35)
Caused by: com.kms.katalon.core.exception.StepFailedException: Unable to click on object 'Object Repository/Page_cabi Order Items/a_checkout'
	at com.kms.katalon.core.webui.keyword.internal.WebUIKeywordMain.stepFailed(WebUIKeywordMain.groovy:64)
	at com.kms.katalon.core.webui.keyword.internal.WebUIKeywordMain.runKeyword(WebUIKeywordMain.groovy:26)
	at com.kms.katalon.core.webui.keyword.builtin.ClickKeyword.click(ClickKeyword.groovy:86)
	at com.kms.katalon.core.webui.keyword.builtin.ClickKeyword.execute(ClickKeyword.groovy:67)
	at com.kms.katalon.core.keyword.internal.KeywordExecutor.executeKeywordForPlatform(KeywordExecutor.groovy:56)
	at com.kms.katalon.core.webui.keyword.WebUiBuiltInKeywords.click(WebUiBuiltInKeywords.groovy:616)
	at com.kms.katalon.core.webui.keyword.WebUiBuiltInKeywords$click$3.call(Unknown Source)
	at retailOrderBO.run(retailOrderBO:232)
	at com.kms.katalon.core.main.ScriptEngine.run(ScriptEngine.java:194)
	at com.kms.katalon.core.main.ScriptEngine.runScriptAsRawText(ScriptEngine.java:119)
	at com.kms.katalon.core.main.TestCaseExecutor.runScript(TestCaseExecutor.java:342)
	at com.kms.katalon.core.main.TestCaseExecutor.doExecute(TestCaseExecutor.java:333)
	at com.kms.katalon.core.main.TestCaseExecutor.processExecutionPhase(TestCaseExecutor.java:312)
	at com.kms.katalon.core.main.TestCaseExecutor.accessMainPhase(TestCaseExecutor.java:304)
	at com.kms.katalon.core.main.TestCaseExecutor.execute(TestCaseExecutor.java:238)
	at com.kms.katalon.core.main.TestCaseMain.runTestCase(TestCaseMain.java:114)
	at com.kms.katalon.core.keyword.builtin.CallTestCaseKeyword$_callTestCase_closure1.doCall(CallTestCaseKeyword.groovy:59)
	... 20 more
Caused by: org.openqa.selenium.StaleElementReferenceException: stale element reference: element is not attached to the page document
  (Session info: chrome=75.0.3770.100)
  (Driver info: chromedriver=74.0.3729.6 (255758eccf3d244491b8a1317aa76e1ce10d57e9-refs/branch-heads/3729@{#29}),platform=Windows NT 6.3.9600 x86_64) (WARNING: The server did not provide any stacktrace information)
Command duration or timeout: 0 milliseconds
For documentation on this error, please visit: http://seleniumhq.org/exceptions/stale_element_reference.html
Build info: version: '3.7.1', revision: '8a0099a', time: '2017-11-06T21:07:36.161Z'
System info: host: 'NIVEDITA', ip: '10.0.102.159', os.name: 'Windows 8.1', os.arch: 'amd64', os.version: '6.3', java.version: '1.8.0_181'
Driver info: com.kms.katalon.selenium.driver.CChromeDriver
Capabilities {acceptInsecureCerts: false, acceptSslCerts: false, applicationCacheEnabled: false, browserConnectionEnabled: false, browserName: chrome, chrome: {chromedriverVersion: 74.0.3729.6 (255758eccf3d24..., userDataDir: C:\Users\user\AppData\Local...}, cssSelectorsEnabled: true, databaseEnabled: false, goog:chromeOptions: {debuggerAddress: localhost:59357}, handlesAlerts: true, hasTouchScreen: false, javascriptEnabled: true, locationContextEnabled: true, mobileEmulationEnabled: false, nativeEvents: true, networkConnectionEnabled: false, pageLoadStrategy: normal, platform: XP, platformName: XP, proxy: Proxy(direct), rotatable: false, setWindowRect: true, strictFileInteractability: false, takesHeapSnapshot: true, takesScreenshot: true, timeouts: {implicit: 0, pageLoad: 300000, script: 30000}, unexpectedAlertBehaviour: ignore, unhandledPromptBehavior: ignore, version: 75.0.3770.100, webStorageEnabled: true}
Session ID: 752961f18cf97fb4ffb87d57a00ca2c6
	at org.openqa.selenium.remote.ErrorHandler.createThrowable(ErrorHandler.java:214)
	at org.openqa.selenium.remote.ErrorHandler.throwIfResponseFailed(ErrorHandler.java:166)
	at org.openqa.selenium.remote.http.JsonHttpResponseCodec.reconstructValue(JsonHttpResponseCodec.java:40)
	at org.openqa.selenium.remote.http.AbstractHttpResponseCodec.decode(AbstractHttpResponseCodec.java:80)
	at org.openqa.selenium.remote.http.AbstractHttpResponseCodec.decode(AbstractHttpResponseCodec.java:44)
	at org.openqa.selenium.remote.HttpCommandExecutor.execute(HttpCommandExecutor.java:164)
	at org.openqa.selenium.remote.service.DriverCommandExecutor.execute(DriverCommandExecutor.java:83)
	at org.openqa.selenium.remote.RemoteWebDriver.execute(RemoteWebDriver.java:600)
	at com.kms.katalon.selenium.driver.CChromeDriver.execute(CChromeDriver.java:20)
	at org.openqa.selenium.remote.RemoteWebElement.execute(RemoteWebElement.java:279)
	at org.openqa.selenium.remote.RemoteWebElement.click(RemoteWebElement.java:83)
	at com.kms.katalon.core.webui.keyword.builtin.ClickKeyword$_click_closure1.doCall(ClickKeyword.groovy:79)
	at com.kms.katalon.core.webui.keyword.builtin.ClickKeyword$_click_closure1.call(ClickKeyword.groovy)
	at com.kms.katalon.core.webui.keyword.internal.WebUIKeywordMain.runKeyword(WebUIKeywordMain.groovy:20)
	at com.kms.katalon.core.webui.keyword.builtin.ClickKeyword.click(ClickKeyword.groovy:86)
	at com.kms.katalon.core.webui.keyword.builtin.ClickKeyword.execute(ClickKeyword.groovy:67)
	at com.kms.katalon.core.keyword.internal.KeywordExecutor.executeKeywordForPlatform(KeywordExecutor.groovy:56)
	at com.kms.katalon.core.webui.keyword.WebUiBuiltInKeywords.click(WebUiBuiltInKeywords.groovy:616)
	at com.kms.katalon.core.webui.keyword.WebUiBuiltInKeywords$click$3.call(Unknown Source)
	at Script1559826813809.run(Script1559826813809.groovy:232)
	at com.kms.katalon.core.main.ScriptEngine.run(ScriptEngine.java:194)
	at com.kms.katalon.core.main.ScriptEngine.runScriptAsRawText(ScriptEngine.java:119)
	at com.kms.katalon.core.main.TestCaseExecutor.runScript(TestCaseExecutor.java:342)
	at com.kms.katalon.core.main.TestCaseExecutor.doExecute(TestCaseExecutor.java:333)
	at com.kms.katalon.core.main.TestCaseExecutor.processExecutionPhase(TestCaseExecutor.java:312)
	at com.kms.katalon.core.main.TestCaseExecutor.accessMainPhase(TestCaseExecutor.java:304)
	at com.kms.katalon.core.main.TestCaseExecutor.execute(TestCaseExecutor.java:238)
	at com.kms.katalon.core.main.TestCaseMain.runTestCase(TestCaseMain.java:114)
	at com.kms.katalon.core.keyword.builtin.CallTestCaseKeyword$_callTestCase_closure1.doCall(CallTestCaseKeyword.groovy:59)
	at com.kms.katalon.core.keyword.builtin.CallTestCaseKeyword$_callTestCase_closure1.call(CallTestCaseKeyword.groovy)
	at com.kms.katalon.core.keyword.internal.KeywordMain.runKeyword(KeywordMain.groovy:66)
	at com.kms.katalon.core.keyword.builtin.CallTestCaseKeyword.callTestCase(CallTestCaseKeyword.groovy:81)
	at com.kms.katalon.core.keyword.builtin.CallTestCaseKeyword.execute(CallTestCaseKeyword.groovy:44)
	at com.kms.katalon.core.keyword.internal.KeywordExecutor.executeKeywordForPlatform(KeywordExecutor.groovy:56)
	at com.kms.katalon.core.keyword.BuiltinKeywords.callTestCase(BuiltinKeywords.groovy:334)
	at Script1559141186623.run(Script1559141186623.groovy:16)
	... 13 more]]></system-out>
         <system-err><![CDATA[2019-06-20 15:37:38 - [TEST_CASE][FAILED] - Test Cases/editOrder/rsEditOrderGiftCard: Test Cases/editOrder/rsEditOrderGiftCard FAILED.
Reason:
com.kms.katalon.core.exception.StepFailedException: Call Test Case 'Test Cases/editOrder/retailOrderBO' failed
	at com.kms.katalon.core.keyword.builtin.CallTestCaseKeyword$_callTestCase_closure1.doCall(CallTestCaseKeyword.groovy:63)
	at com.kms.katalon.core.keyword.builtin.CallTestCaseKeyword$_callTestCase_closure1.call(CallTestCaseKeyword.groovy)
	at com.kms.katalon.core.keyword.internal.KeywordMain.runKeyword(KeywordMain.groovy:66)
	at com.kms.katalon.core.keyword.builtin.CallTestCaseKeyword.callTestCase(CallTestCaseKeyword.groovy:81)
	at com.kms.katalon.core.keyword.builtin.CallTestCaseKeyword.execute(CallTestCaseKeyword.groovy:44)
	at com.kms.katalon.core.keyword.internal.KeywordExecutor.executeKeywordForPlatform(KeywordExecutor.groovy:56)
	at com.kms.katalon.core.keyword.BuiltinKeywords.callTestCase(BuiltinKeywords.groovy:334)
	at rsEditOrderGiftCard.run(rsEditOrderGiftCard:16)
	at com.kms.katalon.core.main.ScriptEngine.run(ScriptEngine.java:194)
	at com.kms.katalon.core.main.ScriptEngine.runScriptAsRawText(ScriptEngine.java:119)
	at com.kms.katalon.core.main.TestCaseExecutor.runScript(TestCaseExecutor.java:342)
	at com.kms.katalon.core.main.TestCaseExecutor.doExecute(TestCaseExecutor.java:333)
	at com.kms.katalon.core.main.TestCaseExecutor.processExecutionPhase(TestCaseExecutor.java:312)
	at com.kms.katalon.core.main.TestCaseExecutor.accessMainPhase(TestCaseExecutor.java:304)
	at com.kms.katalon.core.main.TestCaseExecutor.execute(TestCaseExecutor.java:238)
	at com.kms.katalon.core.main.TestSuiteExecutor.accessTestCaseMainPhase(TestSuiteExecutor.java:129)
	at com.kms.katalon.core.main.TestSuiteExecutor.accessTestSuiteMainPhase(TestSuiteExecutor.java:112)
	at com.kms.katalon.core.main.TestSuiteExecutor.execute(TestSuiteExecutor.java:81)
	at com.kms.katalon.core.main.TestCaseMain.startTestSuite(TestCaseMain.java:157)
	at com.kms.katalon.core.main.TestCaseMain$startTestSuite$0.call(Unknown Source)
	at TempTestSuite1561025032524.run(TempTestSuite1561025032524.groovy:35)
Caused by: com.kms.katalon.core.exception.StepFailedException: Unable to click on object 'Object Repository/Page_cabi Order Items/a_checkout'
	at com.kms.katalon.core.webui.keyword.internal.WebUIKeywordMain.stepFailed(WebUIKeywordMain.groovy:64)
	at com.kms.katalon.core.webui.keyword.internal.WebUIKeywordMain.runKeyword(WebUIKeywordMain.groovy:26)
	at com.kms.katalon.core.webui.keyword.builtin.ClickKeyword.click(ClickKeyword.groovy:86)
	at com.kms.katalon.core.webui.keyword.builtin.ClickKeyword.execute(ClickKeyword.groovy:67)
	at com.kms.katalon.core.keyword.internal.KeywordExecutor.executeKeywordForPlatform(KeywordExecutor.groovy:56)
	at com.kms.katalon.core.webui.keyword.WebUiBuiltInKeywords.click(WebUiBuiltInKeywords.groovy:616)
	at com.kms.katalon.core.webui.keyword.WebUiBuiltInKeywords$click$3.call(Unknown Source)
	at retailOrderBO.run(retailOrderBO:232)
	at com.kms.katalon.core.main.ScriptEngine.run(ScriptEngine.java:194)
	at com.kms.katalon.core.main.ScriptEngine.runScriptAsRawText(ScriptEngine.java:119)
	at com.kms.katalon.core.main.TestCaseExecutor.runScript(TestCaseExecutor.java:342)
	at com.kms.katalon.core.main.TestCaseExecutor.doExecute(TestCaseExecutor.java:333)
	at com.kms.katalon.core.main.TestCaseExecutor.processExecutionPhase(TestCaseExecutor.java:312)
	at com.kms.katalon.core.main.TestCaseExecutor.accessMainPhase(TestCaseExecutor.java:304)
	at com.kms.katalon.core.main.TestCaseExecutor.execute(TestCaseExecutor.java:238)
	at com.kms.katalon.core.main.TestCaseMain.runTestCase(TestCaseMain.java:114)
	at com.kms.katalon.core.keyword.builtin.CallTestCaseKeyword$_callTestCase_closure1.doCall(CallTestCaseKeyword.groovy:59)
	... 20 more
Caused by: org.openqa.selenium.StaleElementReferenceException: stale element reference: element is not attached to the page document
  (Session info: chrome=75.0.3770.100)
  (Driver info: chromedriver=74.0.3729.6 (255758eccf3d244491b8a1317aa76e1ce10d57e9-refs/branch-heads/3729@{#29}),platform=Windows NT 6.3.9600 x86_64) (WARNING: The server did not provide any stacktrace information)
Command duration or timeout: 0 milliseconds
For documentation on this error, please visit: http://seleniumhq.org/exceptions/stale_element_reference.html
Build info: version: '3.7.1', revision: '8a0099a', time: '2017-11-06T21:07:36.161Z'
System info: host: 'NIVEDITA', ip: '10.0.102.159', os.name: 'Windows 8.1', os.arch: 'amd64', os.version: '6.3', java.version: '1.8.0_181'
Driver info: com.kms.katalon.selenium.driver.CChromeDriver
Capabilities {acceptInsecureCerts: false, acceptSslCerts: false, applicationCacheEnabled: false, browserConnectionEnabled: false, browserName: chrome, chrome: {chromedriverVersion: 74.0.3729.6 (255758eccf3d24..., userDataDir: C:\Users\user\AppData\Local...}, cssSelectorsEnabled: true, databaseEnabled: false, goog:chromeOptions: {debuggerAddress: localhost:59357}, handlesAlerts: true, hasTouchScreen: false, javascriptEnabled: true, locationContextEnabled: true, mobileEmulationEnabled: false, nativeEvents: true, networkConnectionEnabled: false, pageLoadStrategy: normal, platform: XP, platformName: XP, proxy: Proxy(direct), rotatable: false, setWindowRect: true, strictFileInteractability: false, takesHeapSnapshot: true, takesScreenshot: true, timeouts: {implicit: 0, pageLoad: 300000, script: 30000}, unexpectedAlertBehaviour: ignore, unhandledPromptBehavior: ignore, version: 75.0.3770.100, webStorageEnabled: true}
Session ID: 752961f18cf97fb4ffb87d57a00ca2c6
	at org.openqa.selenium.remote.ErrorHandler.createThrowable(ErrorHandler.java:214)
	at org.openqa.selenium.remote.ErrorHandler.throwIfResponseFailed(ErrorHandler.java:166)
	at org.openqa.selenium.remote.http.JsonHttpResponseCodec.reconstructValue(JsonHttpResponseCodec.java:40)
	at org.openqa.selenium.remote.http.AbstractHttpResponseCodec.decode(AbstractHttpResponseCodec.java:80)
	at org.openqa.selenium.remote.http.AbstractHttpResponseCodec.decode(AbstractHttpResponseCodec.java:44)
	at org.openqa.selenium.remote.HttpCommandExecutor.execute(HttpCommandExecutor.java:164)
	at org.openqa.selenium.remote.service.DriverCommandExecutor.execute(DriverCommandExecutor.java:83)
	at org.openqa.selenium.remote.RemoteWebDriver.execute(RemoteWebDriver.java:600)
	at com.kms.katalon.selenium.driver.CChromeDriver.execute(CChromeDriver.java:20)
	at org.openqa.selenium.remote.RemoteWebElement.execute(RemoteWebElement.java:279)
	at org.openqa.selenium.remote.RemoteWebElement.click(RemoteWebElement.java:83)
	at com.kms.katalon.core.webui.keyword.builtin.ClickKeyword$_click_closure1.doCall(ClickKeyword.groovy:79)
	at com.kms.katalon.core.webui.keyword.builtin.ClickKeyword$_click_closure1.call(ClickKeyword.groovy)
	at com.kms.katalon.core.webui.keyword.internal.WebUIKeywordMain.runKeyword(WebUIKeywordMain.groovy:20)
	at com.kms.katalon.core.webui.keyword.builtin.ClickKeyword.click(ClickKeyword.groovy:86)
	at com.kms.katalon.core.webui.keyword.builtin.ClickKeyword.execute(ClickKeyword.groovy:67)
	at com.kms.katalon.core.keyword.internal.KeywordExecutor.executeKeywordForPlatform(KeywordExecutor.groovy:56)
	at com.kms.katalon.core.webui.keyword.WebUiBuiltInKeywords.click(WebUiBuiltInKeywords.groovy:616)
	at com.kms.katalon.core.webui.keyword.WebUiBuiltInKeywords$click$3.call(Unknown Source)
	at Script1559826813809.run(Script1559826813809.groovy:232)
	at com.kms.katalon.core.main.ScriptEngine.run(ScriptEngine.java:194)
	at com.kms.katalon.core.main.ScriptEngine.runScriptAsRawText(ScriptEngine.java:119)
	at com.kms.katalon.core.main.TestCaseExecutor.runScript(TestCaseExecutor.java:342)
	at com.kms.katalon.core.main.TestCaseExecutor.doExecute(TestCaseExecutor.java:333)
	at com.kms.katalon.core.main.TestCaseExecutor.processExecutionPhase(TestCaseExecutor.java:312)
	at com.kms.katalon.core.main.TestCaseExecutor.accessMainPhase(TestCaseExecutor.java:304)
	at com.kms.katalon.core.main.TestCaseExecutor.execute(TestCaseExecutor.java:238)
	at com.kms.katalon.core.main.TestCaseMain.runTestCase(TestCaseMain.java:114)
	at com.kms.katalon.core.keyword.builtin.CallTestCaseKeyword$_callTestCase_closure1.doCall(CallTestCaseKeyword.groovy:59)
	at com.kms.katalon.core.keyword.builtin.CallTestCaseKeyword$_callTestCase_closure1.call(CallTestCaseKeyword.groovy)
	at com.kms.katalon.core.keyword.internal.KeywordMain.runKeyword(KeywordMain.groovy:66)
	at com.kms.katalon.core.keyword.builtin.CallTestCaseKeyword.callTestCase(CallTestCaseKeyword.groovy:81)
	at com.kms.katalon.core.keyword.builtin.CallTestCaseKeyword.execute(CallTestCaseKeyword.groovy:44)
	at com.kms.katalon.core.keyword.internal.KeywordExecutor.executeKeywordForPlatform(KeywordExecutor.groovy:56)
	at com.kms.katalon.core.keyword.BuiltinKeywords.callTestCase(BuiltinKeywords.groovy:334)
	at Script1559141186623.run(Script1559141186623.groovy:16)
	... 13 more]]></system-err>
      </testcase>
      <testcase name="Test Cases/editOrder/rsEditOrderPartialShip" classname="Test Cases/editOrder/rsEditOrderPartialShip" status="FAILED">
         <failure type="FAILED" message="Test Cases/editOrder/rsEditOrderPartialShip FAILED.
Reason:
com.kms.katalon.core.exception.StepFailedException: Call Test Case 'Test Cases/editOrder/retailOrderBO' failed
	at com.kms.katalon.core.keyword.builtin.CallTestCaseKeyword$_callTestCase_closure1.doCall(CallTestCaseKeyword.groovy:63)
	at com.kms.katalon.core.keyword.builtin.CallTestCaseKeyword$_callTestCase_closure1.call(CallTestCaseKeyword.groovy)
	at com.kms.katalon.core.keyword.internal.KeywordMain.runKeyword(KeywordMain.groovy:66)
	at com.kms.katalon.core.keyword.builtin.CallTestCaseKeyword.callTestCase(CallTestCaseKeyword.groovy:81)
	at com.kms.katalon.core.keyword.builtin.CallTestCaseKeyword.execute(CallTestCaseKeyword.groovy:44)
	at com.kms.katalon.core.keyword.internal.KeywordExecutor.executeKeywordForPlatform(KeywordExecutor.groovy:56)
	at com.kms.katalon.core.keyword.BuiltinKeywords.callTestCase(BuiltinKeywords.groovy:334)
	at rsEditOrderPartialShip.run(rsEditOrderPartialShip:19)
	at com.kms.katalon.core.main.ScriptEngine.run(ScriptEngine.java:194)
	at com.kms.katalon.core.main.ScriptEngine.runScriptAsRawText(ScriptEngine.java:119)
	at com.kms.katalon.core.main.TestCaseExecutor.runScript(TestCaseExecutor.java:342)
	at com.kms.katalon.core.main.TestCaseExecutor.doExecute(TestCaseExecutor.java:333)
	at com.kms.katalon.core.main.TestCaseExecutor.processExecutionPhase(TestCaseExecutor.java:312)
	at com.kms.katalon.core.main.TestCaseExecutor.accessMainPhase(TestCaseExecutor.java:304)
	at com.kms.katalon.core.main.TestCaseExecutor.execute(TestCaseExecutor.java:238)
	at com.kms.katalon.core.main.TestSuiteExecutor.accessTestCaseMainPhase(TestSuiteExecutor.java:129)
	at com.kms.katalon.core.main.TestSuiteExecutor.accessTestSuiteMainPhase(TestSuiteExecutor.java:112)
	at com.kms.katalon.core.main.TestSuiteExecutor.execute(TestSuiteExecutor.java:81)
	at com.kms.katalon.core.main.TestCaseMain.startTestSuite(TestCaseMain.java:157)
	at com.kms.katalon.core.main.TestCaseMain$startTestSuite$0.call(Unknown Source)
	at TempTestSuite1561025032524.run(TempTestSuite1561025032524.groovy:35)
Caused by: com.kms.katalon.core.exception.StepFailedException: Unable to click on object 'Object Repository/Page_cabi Order Items/span_Add to Cart'
	at com.kms.katalon.core.webui.keyword.internal.WebUIKeywordMain.stepFailed(WebUIKeywordMain.groovy:64)
	at com.kms.katalon.core.webui.keyword.internal.WebUIKeywordMain.runKeyword(WebUIKeywordMain.groovy:26)
	at com.kms.katalon.core.webui.keyword.builtin.ClickKeyword.click(ClickKeyword.groovy:86)
	at com.kms.katalon.core.webui.keyword.builtin.ClickKeyword.execute(ClickKeyword.groovy:67)
	at com.kms.katalon.core.keyword.internal.KeywordExecutor.executeKeywordForPlatform(KeywordExecutor.groovy:56)
	at com.kms.katalon.core.webui.keyword.WebUiBuiltInKeywords.click(WebUiBuiltInKeywords.groovy:616)
	at com.kms.katalon.core.webui.keyword.WebUiBuiltInKeywords$click$3.call(Unknown Source)
	at retailOrderBO.run(retailOrderBO:151)
	at com.kms.katalon.core.main.ScriptEngine.run(ScriptEngine.java:194)
	at com.kms.katalon.core.main.ScriptEngine.runScriptAsRawText(ScriptEngine.java:119)
	at com.kms.katalon.core.main.TestCaseExecutor.runScript(TestCaseExecutor.java:342)
	at com.kms.katalon.core.main.TestCaseExecutor.doExecute(TestCaseExecutor.java:333)
	at com.kms.katalon.core.main.TestCaseExecutor.processExecutionPhase(TestCaseExecutor.java:312)
	at com.kms.katalon.core.main.TestCaseExecutor.accessMainPhase(TestCaseExecutor.java:304)
	at com.kms.katalon.core.main.TestCaseExecutor.execute(TestCaseExecutor.java:238)
	at com.kms.katalon.core.main.TestCaseMain.runTestCase(TestCaseMain.java:114)
	at com.kms.katalon.core.keyword.builtin.CallTestCaseKeyword$_callTestCase_closure1.doCall(CallTestCaseKeyword.groovy:59)
	... 20 more
Caused by: com.kms.katalon.core.webui.exception.WebElementNotFoundException: Web element with id: 'Object Repository/Page_cabi Order Items/span_Add to Cart' located by 'By.xpath: //a[@id='addToCart_0']/span' not found
	at com.kms.katalon.core.webui.common.WebUiCommonHelper.findWebElement(WebUiCommonHelper.java:1097)
	at com.kms.katalon.core.webui.keyword.internal.WebUIAbstractKeyword.findWebElement(WebUIAbstractKeyword.groovy:27)
	at com.kms.katalon.core.webui.keyword.internal.WebUIAbstractKeyword.findWebElement(WebUIAbstractKeyword.groovy:26)
	at com.kms.katalon.core.webui.keyword.builtin.ClickKeyword$_click_closure1.doCall(ClickKeyword.groovy:77)
	at com.kms.katalon.core.webui.keyword.builtin.ClickKeyword$_click_closure1.call(ClickKeyword.groovy)
	at com.kms.katalon.core.webui.keyword.internal.WebUIKeywordMain.runKeyword(WebUIKeywordMain.groovy:20)
	at com.kms.katalon.core.webui.keyword.builtin.ClickKeyword.click(ClickKeyword.groovy:86)
	at com.kms.katalon.core.webui.keyword.builtin.ClickKeyword.execute(ClickKeyword.groovy:67)
	at com.kms.katalon.core.keyword.internal.KeywordExecutor.executeKeywordForPlatform(KeywordExecutor.groovy:56)
	at com.kms.katalon.core.webui.keyword.WebUiBuiltInKeywords.click(WebUiBuiltInKeywords.groovy:616)
	at com.kms.katalon.core.webui.keyword.WebUiBuiltInKeywords$click$3.call(Unknown Source)
	at Script1559826813809.run(Script1559826813809.groovy:151)
	at com.kms.katalon.core.main.ScriptEngine.run(ScriptEngine.java:194)
	at com.kms.katalon.core.main.ScriptEngine.runScriptAsRawText(ScriptEngine.java:119)
	at com.kms.katalon.core.main.TestCaseExecutor.runScript(TestCaseExecutor.java:342)
	at com.kms.katalon.core.main.TestCaseExecutor.doExecute(TestCaseExecutor.java:333)
	at com.kms.katalon.core.main.TestCaseExecutor.processExecutionPhase(TestCaseExecutor.java:312)
	at com.kms.katalon.core.main.TestCaseExecutor.accessMainPhase(TestCaseExecutor.java:304)
	at com.kms.katalon.core.main.TestCaseExecutor.execute(TestCaseExecutor.java:238)
	at com.kms.katalon.core.main.TestCaseMain.runTestCase(TestCaseMain.java:114)
	at com.kms.katalon.core.keyword.builtin.CallTestCaseKeyword$_callTestCase_closure1.doCall(CallTestCaseKeyword.groovy:59)
	at com.kms.katalon.core.keyword.builtin.CallTestCaseKeyword$_callTestCase_closure1.call(CallTestCaseKeyword.groovy)
	at com.kms.katalon.core.keyword.internal.KeywordMain.runKeyword(KeywordMain.groovy:66)
	at com.kms.katalon.core.keyword.builtin.CallTestCaseKeyword.callTestCase(CallTestCaseKeyword.groovy:81)
	at com.kms.katalon.core.keyword.builtin.CallTestCaseKeyword.execute(CallTestCaseKeyword.groovy:44)
	at com.kms.katalon.core.keyword.internal.KeywordExecutor.executeKeywordForPlatform(KeywordExecutor.groovy:56)
	at com.kms.katalon.core.keyword.BuiltinKeywords.callTestCase(BuiltinKeywords.groovy:334)
	at Script1560757656625.run(Script1560757656625.groovy:19)
	... 13 more
"/>
         <system-out><![CDATA[2019-06-20 15:39:36 - [TEST_CASE][FAILED] - Test Cases/editOrder/rsEditOrderPartialShip: Test Cases/editOrder/rsEditOrderPartialShip FAILED.
Reason:
com.kms.katalon.core.exception.StepFailedException: Call Test Case 'Test Cases/editOrder/retailOrderBO' failed
	at com.kms.katalon.core.keyword.builtin.CallTestCaseKeyword$_callTestCase_closure1.doCall(CallTestCaseKeyword.groovy:63)
	at com.kms.katalon.core.keyword.builtin.CallTestCaseKeyword$_callTestCase_closure1.call(CallTestCaseKeyword.groovy)
	at com.kms.katalon.core.keyword.internal.KeywordMain.runKeyword(KeywordMain.groovy:66)
	at com.kms.katalon.core.keyword.builtin.CallTestCaseKeyword.callTestCase(CallTestCaseKeyword.groovy:81)
	at com.kms.katalon.core.keyword.builtin.CallTestCaseKeyword.execute(CallTestCaseKeyword.groovy:44)
	at com.kms.katalon.core.keyword.internal.KeywordExecutor.executeKeywordForPlatform(KeywordExecutor.groovy:56)
	at com.kms.katalon.core.keyword.BuiltinKeywords.callTestCase(BuiltinKeywords.groovy:334)
	at rsEditOrderPartialShip.run(rsEditOrderPartialShip:19)
	at com.kms.katalon.core.main.ScriptEngine.run(ScriptEngine.java:194)
	at com.kms.katalon.core.main.ScriptEngine.runScriptAsRawText(ScriptEngine.java:119)
	at com.kms.katalon.core.main.TestCaseExecutor.runScript(TestCaseExecutor.java:342)
	at com.kms.katalon.core.main.TestCaseExecutor.doExecute(TestCaseExecutor.java:333)
	at com.kms.katalon.core.main.TestCaseExecutor.processExecutionPhase(TestCaseExecutor.java:312)
	at com.kms.katalon.core.main.TestCaseExecutor.accessMainPhase(TestCaseExecutor.java:304)
	at com.kms.katalon.core.main.TestCaseExecutor.execute(TestCaseExecutor.java:238)
	at com.kms.katalon.core.main.TestSuiteExecutor.accessTestCaseMainPhase(TestSuiteExecutor.java:129)
	at com.kms.katalon.core.main.TestSuiteExecutor.accessTestSuiteMainPhase(TestSuiteExecutor.java:112)
	at com.kms.katalon.core.main.TestSuiteExecutor.execute(TestSuiteExecutor.java:81)
	at com.kms.katalon.core.main.TestCaseMain.startTestSuite(TestCaseMain.java:157)
	at com.kms.katalon.core.main.TestCaseMain$startTestSuite$0.call(Unknown Source)
	at TempTestSuite1561025032524.run(TempTestSuite1561025032524.groovy:35)
Caused by: com.kms.katalon.core.exception.StepFailedException: Unable to click on object 'Object Repository/Page_cabi Order Items/span_Add to Cart'
	at com.kms.katalon.core.webui.keyword.internal.WebUIKeywordMain.stepFailed(WebUIKeywordMain.groovy:64)
	at com.kms.katalon.core.webui.keyword.internal.WebUIKeywordMain.runKeyword(WebUIKeywordMain.groovy:26)
	at com.kms.katalon.core.webui.keyword.builtin.ClickKeyword.click(ClickKeyword.groovy:86)
	at com.kms.katalon.core.webui.keyword.builtin.ClickKeyword.execute(ClickKeyword.groovy:67)
	at com.kms.katalon.core.keyword.internal.KeywordExecutor.executeKeywordForPlatform(KeywordExecutor.groovy:56)
	at com.kms.katalon.core.webui.keyword.WebUiBuiltInKeywords.click(WebUiBuiltInKeywords.groovy:616)
	at com.kms.katalon.core.webui.keyword.WebUiBuiltInKeywords$click$3.call(Unknown Source)
	at retailOrderBO.run(retailOrderBO:151)
	at com.kms.katalon.core.main.ScriptEngine.run(ScriptEngine.java:194)
	at com.kms.katalon.core.main.ScriptEngine.runScriptAsRawText(ScriptEngine.java:119)
	at com.kms.katalon.core.main.TestCaseExecutor.runScript(TestCaseExecutor.java:342)
	at com.kms.katalon.core.main.TestCaseExecutor.doExecute(TestCaseExecutor.java:333)
	at com.kms.katalon.core.main.TestCaseExecutor.processExecutionPhase(TestCaseExecutor.java:312)
	at com.kms.katalon.core.main.TestCaseExecutor.accessMainPhase(TestCaseExecutor.java:304)
	at com.kms.katalon.core.main.TestCaseExecutor.execute(TestCaseExecutor.java:238)
	at com.kms.katalon.core.main.TestCaseMain.runTestCase(TestCaseMain.java:114)
	at com.kms.katalon.core.keyword.builtin.CallTestCaseKeyword$_callTestCase_closure1.doCall(CallTestCaseKeyword.groovy:59)
	... 20 more
Caused by: com.kms.katalon.core.webui.exception.WebElementNotFoundException: Web element with id: 'Object Repository/Page_cabi Order Items/span_Add to Cart' located by 'By.xpath: //a[@id='addToCart_0']/span' not found
	at com.kms.katalon.core.webui.common.WebUiCommonHelper.findWebElement(WebUiCommonHelper.java:1097)
	at com.kms.katalon.core.webui.keyword.internal.WebUIAbstractKeyword.findWebElement(WebUIAbstractKeyword.groovy:27)
	at com.kms.katalon.core.webui.keyword.internal.WebUIAbstractKeyword.findWebElement(WebUIAbstractKeyword.groovy:26)
	at com.kms.katalon.core.webui.keyword.builtin.ClickKeyword$_click_closure1.doCall(ClickKeyword.groovy:77)
	at com.kms.katalon.core.webui.keyword.builtin.ClickKeyword$_click_closure1.call(ClickKeyword.groovy)
	at com.kms.katalon.core.webui.keyword.internal.WebUIKeywordMain.runKeyword(WebUIKeywordMain.groovy:20)
	at com.kms.katalon.core.webui.keyword.builtin.ClickKeyword.click(ClickKeyword.groovy:86)
	at com.kms.katalon.core.webui.keyword.builtin.ClickKeyword.execute(ClickKeyword.groovy:67)
	at com.kms.katalon.core.keyword.internal.KeywordExecutor.executeKeywordForPlatform(KeywordExecutor.groovy:56)
	at com.kms.katalon.core.webui.keyword.WebUiBuiltInKeywords.click(WebUiBuiltInKeywords.groovy:616)
	at com.kms.katalon.core.webui.keyword.WebUiBuiltInKeywords$click$3.call(Unknown Source)
	at Script1559826813809.run(Script1559826813809.groovy:151)
	at com.kms.katalon.core.main.ScriptEngine.run(ScriptEngine.java:194)
	at com.kms.katalon.core.main.ScriptEngine.runScriptAsRawText(ScriptEngine.java:119)
	at com.kms.katalon.core.main.TestCaseExecutor.runScript(TestCaseExecutor.java:342)
	at com.kms.katalon.core.main.TestCaseExecutor.doExecute(TestCaseExecutor.java:333)
	at com.kms.katalon.core.main.TestCaseExecutor.processExecutionPhase(TestCaseExecutor.java:312)
	at com.kms.katalon.core.main.TestCaseExecutor.accessMainPhase(TestCaseExecutor.java:304)
	at com.kms.katalon.core.main.TestCaseExecutor.execute(TestCaseExecutor.java:238)
	at com.kms.katalon.core.main.TestCaseMain.runTestCase(TestCaseMain.java:114)
	at com.kms.katalon.core.keyword.builtin.CallTestCaseKeyword$_callTestCase_closure1.doCall(CallTestCaseKeyword.groovy:59)
	at com.kms.katalon.core.keyword.builtin.CallTestCaseKeyword$_callTestCase_closure1.call(CallTestCaseKeyword.groovy)
	at com.kms.katalon.core.keyword.internal.KeywordMain.runKeyword(KeywordMain.groovy:66)
	at com.kms.katalon.core.keyword.builtin.CallTestCaseKeyword.callTestCase(CallTestCaseKeyword.groovy:81)
	at com.kms.katalon.core.keyword.builtin.CallTestCaseKeyword.execute(CallTestCaseKeyword.groovy:44)
	at com.kms.katalon.core.keyword.internal.KeywordExecutor.executeKeywordForPlatform(KeywordExecutor.groovy:56)
	at com.kms.katalon.core.keyword.BuiltinKeywords.callTestCase(BuiltinKeywords.groovy:334)
	at Script1560757656625.run(Script1560757656625.groovy:19)
	... 13 more


2019-06-20 15:39:36 - [TEST_STEP][PASSED] - Start listener action : sampleBeforeTestCase: null

2019-06-20 15:39:36 - [TEST_STEP][PASSED] - println(testCaseContext.getTestCaseId()): null

2019-06-20 15:39:36 - [TEST_STEP][PASSED] - println(testCaseContext.getTestCaseVariables()): null

2019-06-20 15:39:37 - [TEST_STEP][FAILED] - callTestCase(findTestCase("editOrder/retailOrderBO"), ["editScenarioNumber":5], STOP_ON_FAILURE): callTestCase(findTestCase("editOrder/retailOrderBO"), ["editScenarioNumber":5], STOP_ON_FAILURE) FAILED.
Reason:
com.kms.katalon.core.exception.StepFailedException: Call Test Case 'Test Cases/editOrder/retailOrderBO' failed
	at com.kms.katalon.core.keyword.builtin.CallTestCaseKeyword$_callTestCase_closure1.doCall(CallTestCaseKeyword.groovy:63)
	at com.kms.katalon.core.keyword.builtin.CallTestCaseKeyword$_callTestCase_closure1.call(CallTestCaseKeyword.groovy)
	at com.kms.katalon.core.keyword.internal.KeywordMain.runKeyword(KeywordMain.groovy:66)
	at com.kms.katalon.core.keyword.builtin.CallTestCaseKeyword.callTestCase(CallTestCaseKeyword.groovy:81)
	at com.kms.katalon.core.keyword.builtin.CallTestCaseKeyword.execute(CallTestCaseKeyword.groovy:44)
	at com.kms.katalon.core.keyword.internal.KeywordExecutor.executeKeywordForPlatform(KeywordExecutor.groovy:56)
	at com.kms.katalon.core.keyword.BuiltinKeywords.callTestCase(BuiltinKeywords.groovy:334)
	at rsEditOrderPartialShip.run(rsEditOrderPartialShip:19)
	at com.kms.katalon.core.main.ScriptEngine.run(ScriptEngine.java:194)
	at com.kms.katalon.core.main.ScriptEngine.runScriptAsRawText(ScriptEngine.java:119)
	at com.kms.katalon.core.main.TestCaseExecutor.runScript(TestCaseExecutor.java:342)
	at com.kms.katalon.core.main.TestCaseExecutor.doExecute(TestCaseExecutor.java:333)
	at com.kms.katalon.core.main.TestCaseExecutor.processExecutionPhase(TestCaseExecutor.java:312)
	at com.kms.katalon.core.main.TestCaseExecutor.accessMainPhase(TestCaseExecutor.java:304)
	at com.kms.katalon.core.main.TestCaseExecutor.execute(TestCaseExecutor.java:238)
	at com.kms.katalon.core.main.TestSuiteExecutor.accessTestCaseMainPhase(TestSuiteExecutor.java:129)
	at com.kms.katalon.core.main.TestSuiteExecutor.accessTestSuiteMainPhase(TestSuiteExecutor.java:112)
	at com.kms.katalon.core.main.TestSuiteExecutor.execute(TestSuiteExecutor.java:81)
	at com.kms.katalon.core.main.TestCaseMain.startTestSuite(TestCaseMain.java:157)
	at com.kms.katalon.core.main.TestCaseMain$startTestSuite$0.call(Unknown Source)
	at TempTestSuite1561025032524.run(TempTestSuite1561025032524.groovy:35)
Caused by: com.kms.katalon.core.exception.StepFailedException: Unable to click on object 'Object Repository/Page_cabi Order Items/span_Add to Cart'
	at com.kms.katalon.core.webui.keyword.internal.WebUIKeywordMain.stepFailed(WebUIKeywordMain.groovy:64)
	at com.kms.katalon.core.webui.keyword.internal.WebUIKeywordMain.runKeyword(WebUIKeywordMain.groovy:26)
	at com.kms.katalon.core.webui.keyword.builtin.ClickKeyword.click(ClickKeyword.groovy:86)
	at com.kms.katalon.core.webui.keyword.builtin.ClickKeyword.execute(ClickKeyword.groovy:67)
	at com.kms.katalon.core.keyword.internal.KeywordExecutor.executeKeywordForPlatform(KeywordExecutor.groovy:56)
	at com.kms.katalon.core.webui.keyword.WebUiBuiltInKeywords.click(WebUiBuiltInKeywords.groovy:616)
	at com.kms.katalon.core.webui.keyword.WebUiBuiltInKeywords$click$3.call(Unknown Source)
	at retailOrderBO.run(retailOrderBO:151)
	at com.kms.katalon.core.main.ScriptEngine.run(ScriptEngine.java:194)
	at com.kms.katalon.core.main.ScriptEngine.runScriptAsRawText(ScriptEngine.java:119)
	at com.kms.katalon.core.main.TestCaseExecutor.runScript(TestCaseExecutor.java:342)
	at com.kms.katalon.core.main.TestCaseExecutor.doExecute(TestCaseExecutor.java:333)
	at com.kms.katalon.core.main.TestCaseExecutor.processExecutionPhase(TestCaseExecutor.java:312)
	at com.kms.katalon.core.main.TestCaseExecutor.accessMainPhase(TestCaseExecutor.java:304)
	at com.kms.katalon.core.main.TestCaseExecutor.execute(TestCaseExecutor.java:238)
	at com.kms.katalon.core.main.TestCaseMain.runTestCase(TestCaseMain.java:114)
	at com.kms.katalon.core.keyword.builtin.CallTestCaseKeyword$_callTestCase_closure1.doCall(CallTestCaseKeyword.groovy:59)
	... 20 more
Caused by: com.kms.katalon.core.webui.exception.WebElementNotFoundException: Web element with id: 'Object Repository/Page_cabi Order Items/span_Add to Cart' located by 'By.xpath: //a[@id='addToCart_0']/span' not found
	at com.kms.katalon.core.webui.common.WebUiCommonHelper.findWebElement(WebUiCommonHelper.java:1097)
	at com.kms.katalon.core.webui.keyword.internal.WebUIAbstractKeyword.findWebElement(WebUIAbstractKeyword.groovy:27)
	at com.kms.katalon.core.webui.keyword.internal.WebUIAbstractKeyword.findWebElement(WebUIAbstractKeyword.groovy:26)
	at com.kms.katalon.core.webui.keyword.builtin.ClickKeyword$_click_closure1.doCall(ClickKeyword.groovy:77)
	at com.kms.katalon.core.webui.keyword.builtin.ClickKeyword$_click_closure1.call(ClickKeyword.groovy)
	at com.kms.katalon.core.webui.keyword.internal.WebUIKeywordMain.runKeyword(WebUIKeywordMain.groovy:20)
	at com.kms.katalon.core.webui.keyword.builtin.ClickKeyword.click(ClickKeyword.groovy:86)
	at com.kms.katalon.core.webui.keyword.builtin.ClickKeyword.execute(ClickKeyword.groovy:67)
	at com.kms.katalon.core.keyword.internal.KeywordExecutor.executeKeywordForPlatform(KeywordExecutor.groovy:56)
	at com.kms.katalon.core.webui.keyword.WebUiBuiltInKeywords.click(WebUiBuiltInKeywords.groovy:616)
	at com.kms.katalon.core.webui.keyword.WebUiBuiltInKeywords$click$3.call(Unknown Source)
	at Script1559826813809.run(Script1559826813809.groovy:151)
	at com.kms.katalon.core.main.ScriptEngine.run(ScriptEngine.java:194)
	at com.kms.katalon.core.main.ScriptEngine.runScriptAsRawText(ScriptEngine.java:119)
	at com.kms.katalon.core.main.TestCaseExecutor.runScript(TestCaseExecutor.java:342)
	at com.kms.katalon.core.main.TestCaseExecutor.doExecute(TestCaseExecutor.java:333)
	at com.kms.katalon.core.main.TestCaseExecutor.processExecutionPhase(TestCaseExecutor.java:312)
	at com.kms.katalon.core.main.TestCaseExecutor.accessMainPhase(TestCaseExecutor.java:304)
	at com.kms.katalon.core.main.TestCaseExecutor.execute(TestCaseExecutor.java:238)
	at com.kms.katalon.core.main.TestCaseMain.runTestCase(TestCaseMain.java:114)
	at com.kms.katalon.core.keyword.builtin.CallTestCaseKeyword$_callTestCase_closure1.doCall(CallTestCaseKeyword.groovy:59)
	at com.kms.katalon.core.keyword.builtin.CallTestCaseKeyword$_callTestCase_closure1.call(CallTestCaseKeyword.groovy)
	at com.kms.katalon.core.keyword.internal.KeywordMain.runKeyword(KeywordMain.groovy:66)
	at com.kms.katalon.core.keyword.builtin.CallTestCaseKeyword.callTestCase(CallTestCaseKeyword.groovy:81)
	at com.kms.katalon.core.keyword.builtin.CallTestCaseKeyword.execute(CallTestCaseKeyword.groovy:44)
	at com.kms.katalon.core.keyword.internal.KeywordExecutor.executeKeywordForPlatform(KeywordExecutor.groovy:56)
	at com.kms.katalon.core.keyword.BuiltinKeywords.callTestCase(BuiltinKeywords.groovy:334)
	at Script1560757656625.run(Script1560757656625.groovy:19)
	... 13 more


2019-06-20 15:39:37 - [TEST_CASE][FAILED] - Test Cases/editOrder/retailOrderBO: Test Cases/editOrder/retailOrderBO FAILED.
Reason:
com.kms.katalon.core.exception.StepFailedException: Unable to click on object 'Object Repository/Page_cabi Order Items/span_Add to Cart'
	at com.kms.katalon.core.webui.keyword.internal.WebUIKeywordMain.stepFailed(WebUIKeywordMain.groovy:64)
	at com.kms.katalon.core.webui.keyword.internal.WebUIKeywordMain.runKeyword(WebUIKeywordMain.groovy:26)
	at com.kms.katalon.core.webui.keyword.builtin.ClickKeyword.click(ClickKeyword.groovy:86)
	at com.kms.katalon.core.webui.keyword.builtin.ClickKeyword.execute(ClickKeyword.groovy:67)
	at com.kms.katalon.core.keyword.internal.KeywordExecutor.executeKeywordForPlatform(KeywordExecutor.groovy:56)
	at com.kms.katalon.core.webui.keyword.WebUiBuiltInKeywords.click(WebUiBuiltInKeywords.groovy:616)
	at com.kms.katalon.core.webui.keyword.WebUiBuiltInKeywords$click$3.call(Unknown Source)
	at retailOrderBO.run(retailOrderBO:151)
	at com.kms.katalon.core.main.ScriptEngine.run(ScriptEngine.java:194)
	at com.kms.katalon.core.main.ScriptEngine.runScriptAsRawText(ScriptEngine.java:119)
	at com.kms.katalon.core.main.TestCaseExecutor.runScript(TestCaseExecutor.java:342)
	at com.kms.katalon.core.main.TestCaseExecutor.doExecute(TestCaseExecutor.java:333)
	at com.kms.katalon.core.main.TestCaseExecutor.processExecutionPhase(TestCaseExecutor.java:312)
	at com.kms.katalon.core.main.TestCaseExecutor.accessMainPhase(TestCaseExecutor.java:304)
	at com.kms.katalon.core.main.TestCaseExecutor.execute(TestCaseExecutor.java:238)
	at com.kms.katalon.core.main.TestCaseMain.runTestCase(TestCaseMain.java:114)
	at com.kms.katalon.core.keyword.builtin.CallTestCaseKeyword$_callTestCase_closure1.doCall(CallTestCaseKeyword.groovy:59)
	at com.kms.katalon.core.keyword.builtin.CallTestCaseKeyword$_callTestCase_closure1.call(CallTestCaseKeyword.groovy)
	at com.kms.katalon.core.keyword.internal.KeywordMain.runKeyword(KeywordMain.groovy:66)
	at com.kms.katalon.core.keyword.builtin.CallTestCaseKeyword.callTestCase(CallTestCaseKeyword.groovy:81)
	at com.kms.katalon.core.keyword.builtin.CallTestCaseKeyword.execute(CallTestCaseKeyword.groovy:44)
	at com.kms.katalon.core.keyword.internal.KeywordExecutor.executeKeywordForPlatform(KeywordExecutor.groovy:56)
	at com.kms.katalon.core.keyword.BuiltinKeywords.callTestCase(BuiltinKeywords.groovy:334)
	at rsEditOrderPartialShip.run(rsEditOrderPartialShip:19)
	at com.kms.katalon.core.main.ScriptEngine.run(ScriptEngine.java:194)
	at com.kms.katalon.core.main.ScriptEngine.runScriptAsRawText(ScriptEngine.java:119)
	at com.kms.katalon.core.main.TestCaseExecutor.runScript(TestCaseExecutor.java:342)
	at com.kms.katalon.core.main.TestCaseExecutor.doExecute(TestCaseExecutor.java:333)
	at com.kms.katalon.core.main.TestCaseExecutor.processExecutionPhase(TestCaseExecutor.java:312)
	at com.kms.katalon.core.main.TestCaseExecutor.accessMainPhase(TestCaseExecutor.java:304)
	at com.kms.katalon.core.main.TestCaseExecutor.execute(TestCaseExecutor.java:238)
	at com.kms.katalon.core.main.TestSuiteExecutor.accessTestCaseMainPhase(TestSuiteExecutor.java:129)
	at com.kms.katalon.core.main.TestSuiteExecutor.accessTestSuiteMainPhase(TestSuiteExecutor.java:112)
	at com.kms.katalon.core.main.TestSuiteExecutor.execute(TestSuiteExecutor.java:81)
	at com.kms.katalon.core.main.TestCaseMain.startTestSuite(TestCaseMain.java:157)
	at com.kms.katalon.core.main.TestCaseMain$startTestSuite$0.call(Unknown Source)
	at TempTestSuite1561025032524.run(TempTestSuite1561025032524.groovy:35)
Caused by: com.kms.katalon.core.webui.exception.WebElementNotFoundException: Web element with id: 'Object Repository/Page_cabi Order Items/span_Add to Cart' located by 'By.xpath: //a[@id='addToCart_0']/span' not found
	at com.kms.katalon.core.webui.common.WebUiCommonHelper.findWebElement(WebUiCommonHelper.java:1097)
	at com.kms.katalon.core.webui.keyword.internal.WebUIAbstractKeyword.findWebElement(WebUIAbstractKeyword.groovy:27)
	at com.kms.katalon.core.webui.keyword.internal.WebUIAbstractKeyword.findWebElement(WebUIAbstractKeyword.groovy:26)
	at com.kms.katalon.core.webui.keyword.builtin.ClickKeyword$_click_closure1.doCall(ClickKeyword.groovy:77)
	at com.kms.katalon.core.webui.keyword.builtin.ClickKeyword$_click_closure1.call(ClickKeyword.groovy)
	at com.kms.katalon.core.webui.keyword.internal.WebUIKeywordMain.runKeyword(WebUIKeywordMain.groovy:20)
	at com.kms.katalon.core.webui.keyword.builtin.ClickKeyword.click(ClickKeyword.groovy:86)
	at com.kms.katalon.core.webui.keyword.builtin.ClickKeyword.execute(ClickKeyword.groovy:67)
	at com.kms.katalon.core.keyword.internal.KeywordExecutor.executeKeywordForPlatform(KeywordExecutor.groovy:56)
	at com.kms.katalon.core.webui.keyword.WebUiBuiltInKeywords.click(WebUiBuiltInKeywords.groovy:616)
	at com.kms.katalon.core.webui.keyword.WebUiBuiltInKeywords$click$3.call(Unknown Source)
	at Script1559826813809.run(Script1559826813809.groovy:151)
	at com.kms.katalon.core.main.ScriptEngine.run(ScriptEngine.java:194)
	at com.kms.katalon.core.main.ScriptEngine.runScriptAsRawText(ScriptEngine.java:119)
	at com.kms.katalon.core.main.TestCaseExecutor.runScript(TestCaseExecutor.java:342)
	at com.kms.katalon.core.main.TestCaseExecutor.doExecute(TestCaseExecutor.java:333)
	at com.kms.katalon.core.main.TestCaseExecutor.processExecutionPhase(TestCaseExecutor.java:312)
	at com.kms.katalon.core.main.TestCaseExecutor.accessMainPhase(TestCaseExecutor.java:304)
	at com.kms.katalon.core.main.TestCaseExecutor.execute(TestCaseExecutor.java:238)
	at com.kms.katalon.core.main.TestCaseMain.runTestCase(TestCaseMain.java:114)
	at com.kms.katalon.core.keyword.builtin.CallTestCaseKeyword$_callTestCase_closure1.doCall(CallTestCaseKeyword.groovy:59)
	at com.kms.katalon.core.keyword.builtin.CallTestCaseKeyword$_callTestCase_closure1.call(CallTestCaseKeyword.groovy)
	at com.kms.katalon.core.keyword.internal.KeywordMain.runKeyword(KeywordMain.groovy:66)
	at com.kms.katalon.core.keyword.builtin.CallTestCaseKeyword.callTestCase(CallTestCaseKeyword.groovy:81)
	at com.kms.katalon.core.keyword.builtin.CallTestCaseKeyword.execute(CallTestCaseKeyword.groovy:44)
	at com.kms.katalon.core.keyword.internal.KeywordExecutor.executeKeywordForPlatform(KeywordExecutor.groovy:56)
	at com.kms.katalon.core.keyword.BuiltinKeywords.callTestCase(BuiltinKeywords.groovy:334)
	at Script1560757656625.run(Script1560757656625.groovy:19)
	... 13 more


2019-06-20 15:39:37 - [TEST_STEP][PASSED] - openBrowser(""): Browser is opened with url: ''

2019-06-20 15:39:37 - [MESSAGE][WARNING] - A browser is already opened. Closing browser and opening a new one

2019-06-20 15:39:37 - [MESSAGE][INFO] - Starting 'Chrome' driver

2019-06-20 15:39:37 - [MESSAGE][INFO] - User set preference: ['args', '[--start-maximized, --use-fake-device-for-media-stream]']

2019-06-20 15:39:40 - [MESSAGE][PASSED] - Browser is opened with url: ''

2019-06-20 15:39:40 - [TEST_STEP][PASSED] - maximizeWindow(): Current window maximized

2019-06-20 15:39:41 - [MESSAGE][PASSED] - Current window maximized

2019-06-20 15:39:41 - [TEST_STEP][PASSED] - callTestCase(findTestCase("NewArrival/backOfficeLogin"), ["BOURL":"", "BOuser":"", "BOpass":""], STOP_ON_FAILURE): Call Test Case 'Test Cases/NewArrival/backOfficeLogin' successfully

2019-06-20 15:39:41 - [TEST_CASE][PASSED] - Test Cases/NewArrival/backOfficeLogin: Test Cases/NewArrival/backOfficeLogin

2019-06-20 15:39:41 - [TEST_STEP][PASSED] - BOURL = findTestData("credData").getValue("BOURL", 1): null

2019-06-20 15:39:41 - [TEST_STEP][PASSED] - BOuser = findTestData("credData").getValue("BOuser", 1): null

2019-06-20 15:39:41 - [TEST_STEP][PASSED] - BOpass = findTestData("credData").getValue("BOpass", 1): null

2019-06-20 15:39:41 - [TEST_STEP][PASSED] - navigateToUrl(BOURL): Navigate to 'https://test21.cliotest.com/backoffice/control/main' successfully

2019-06-20 15:39:55 - [MESSAGE][PASSED] - Navigate to 'https://test21.cliotest.com/backoffice/control/main' successfully

2019-06-20 15:39:55 - [TEST_STEP][PASSED] - logOut = findWebElements(findTestObject("Object Repository/Page_cabi Home/log_out"), 1): Unable to find the element located by 'By.xpath: //a[contains(text(),'Log Out')]'. Please recheck the objects properties to make sure the desired element is located. 

2019-06-20 15:39:57 - [MESSAGE][INFO] - Unable to find the element located by 'By.xpath: //a[contains(text(),'Log Out')]'. Please recheck the objects properties to make sure the desired element is located. 

2019-06-20 15:39:57 - [TEST_STEP][PASSED] - if (logOut.size() == 0): Object: 'Object Repository/Page_cabi/input_Welcome to_consultantLogin' is clicked on

2019-06-20 15:39:57 - [TEST_STEP][PASSED] - setText(findTestObject("Page_cabi/input_Welcome to_USERNAME"), BOuser): Text '400000002' is set on object 'Object Repository/Page_cabi/input_Welcome to_USERNAME'

2019-06-20 15:39:57 - [MESSAGE][PASSED] - Text '400000002' is set on object 'Object Repository/Page_cabi/input_Welcome to_USERNAME'

2019-06-20 15:39:57 - [TEST_STEP][PASSED] - setText(findTestObject("Object Repository/Page_cabi/input_Welcome to_PASSWORD"), BOpass): Text 'blackdress19' is set on object 'Object Repository/Page_cabi/input_Welcome to_PASSWORD'

2019-06-20 15:39:57 - [MESSAGE][PASSED] - Text 'blackdress19' is set on object 'Object Repository/Page_cabi/input_Welcome to_PASSWORD'

2019-06-20 15:39:57 - [TEST_STEP][PASSED] - click(findTestObject("Object Repository/Page_cabi/input_Welcome to_consultantLogin")): Object: 'Object Repository/Page_cabi/input_Welcome to_consultantLogin' is clicked on

2019-06-20 15:40:07 - [MESSAGE][PASSED] - Object: 'Object Repository/Page_cabi/input_Welcome to_consultantLogin' is clicked on

2019-06-20 15:40:07 - [TEST_STEP][PASSED] - delay(3): Delayed 3 second(s)

2019-06-20 15:40:10 - [MESSAGE][PASSED] - Delayed 3 second(s)

2019-06-20 15:40:10 - [MESSAGE][PASSED] - Call Test Case 'Test Cases/NewArrival/backOfficeLogin' successfully

2019-06-20 15:40:10 - [TEST_STEP][PASSED] - click(findTestObject("Object Repository/Page_cabi Home/a_Shows  Orders")): Object: 'Object Repository/Page_cabi Home/a_Shows  Orders' is clicked on

2019-06-20 15:40:10 - [MESSAGE][PASSED] - Object: 'Object Repository/Page_cabi Home/a_Shows  Orders' is clicked on

2019-06-20 15:40:10 - [TEST_STEP][PASSED] - delay(1): Delayed 1 second(s)

2019-06-20 15:40:11 - [MESSAGE][PASSED] - Delayed 1 second(s)

2019-06-20 15:40:11 - [TEST_STEP][PASSED] - rightClick(findTestObject("Page_cabi Home/a_Shows  Orders")): Object: 'Object Repository/Page_cabi Home/a_Shows  Orders' is right clicked on

2019-06-20 15:40:11 - [MESSAGE][PASSED] - Object: 'Object Repository/Page_cabi Home/a_Shows  Orders' is right clicked on

2019-06-20 15:40:11 - [TEST_STEP][PASSED] - click(findTestObject("Page_cabi Home/a_retail_purchases")): Object: 'Object Repository/Page_cabi Home/a_retail_purchases' is clicked on

2019-06-20 15:40:16 - [MESSAGE][PASSED] - Object: 'Object Repository/Page_cabi Home/a_retail_purchases' is clicked on

2019-06-20 15:40:16 - [TEST_STEP][PASSED] - delay(3): Delayed 3 second(s)

2019-06-20 15:40:19 - [MESSAGE][PASSED] - Delayed 3 second(s)

2019-06-20 15:40:19 - [TEST_STEP][PASSED] - click(findTestObject("Object Repository/Page_cabi Home/existingCustomer")): Object: 'Object Repository/Page_cabi Home/existingCustomer' is clicked on

2019-06-20 15:40:19 - [MESSAGE][PASSED] - Object: 'Object Repository/Page_cabi Home/existingCustomer' is clicked on

2019-06-20 15:40:19 - [TEST_STEP][PASSED] - contactNumber = 5: null

2019-06-20 15:40:19 - [TEST_STEP][PASSED] - firstName = findTestData("contactData").getValue("firstName", contactNumber): null

2019-06-20 15:40:19 - [TEST_STEP][PASSED] - lastName = findTestData("contactData").getValue("lastName", contactNumber): null

2019-06-20 15:40:19 - [TEST_STEP][PASSED] - email = findTestData("contactData").getValue("email", contactNumber): null

2019-06-20 15:40:19 - [TEST_STEP][PASSED] - address1 = findTestData("contactData").getValue("address1", contactNumber): null

2019-06-20 15:40:19 - [TEST_STEP][PASSED] - city = findTestData("contactData").getValue("city", contactNumber): null

2019-06-20 15:40:19 - [TEST_STEP][PASSED] - state = findTestData("contactData").getValue("state", contactNumber): null

2019-06-20 15:40:19 - [TEST_STEP][PASSED] - zip = findTestData("contactData").getValue("zip", contactNumber): null

2019-06-20 15:40:19 - [TEST_STEP][PASSED] - existingCustFName = firstName: null

2019-06-20 15:40:19 - [TEST_STEP][PASSED] - existingCustLName = lastName: null

2019-06-20 15:40:19 - [TEST_STEP][PASSED] - space = " ": null

2019-06-20 15:40:19 - [TEST_STEP][PASSED] - existingCust = $existingCustFName$space$existingCustLName: null

2019-06-20 15:40:19 - [TEST_STEP][PASSED] - setText(findTestObject("Object Repository/Page_cabi Home/input_existing_guest"), existingCust): Text 'Michigan Contact' is set on object 'Object Repository/Page_cabi Home/input_existing_guest'

2019-06-20 15:40:19 - [MESSAGE][PASSED] - Text 'Michigan Contact' is set on object 'Object Repository/Page_cabi Home/input_existing_guest'

2019-06-20 15:40:19 - [TEST_STEP][PASSED] - delay(3): Delayed 3 second(s)

2019-06-20 15:40:22 - [MESSAGE][PASSED] - Delayed 3 second(s)

2019-06-20 15:40:22 - [TEST_STEP][PASSED] - rightClick(findTestObject("Object Repository/Page_cabi Home/input_existing_guest")): Object: 'Object Repository/Page_cabi Home/input_existing_guest' is right clicked on

2019-06-20 15:40:22 - [MESSAGE][PASSED] - Object: 'Object Repository/Page_cabi Home/input_existing_guest' is right clicked on

2019-06-20 15:40:22 - [TEST_STEP][PASSED] - rightClick(findTestObject("Object Repository/Page_cabi Home/input_existing_guest")): Object: 'Object Repository/Page_cabi Home/input_existing_guest' is right clicked on

2019-06-20 15:40:23 - [MESSAGE][PASSED] - Object: 'Object Repository/Page_cabi Home/input_existing_guest' is right clicked on

2019-06-20 15:40:23 - [TEST_STEP][PASSED] - click(findTestObject("Object Repository/Page_cabi Create Show - Set Hostess/a_select_customer")): Object: 'Object Repository/Page_cabi Create Show - Set Hostess/a_select_customer' is clicked on

2019-06-20 15:40:23 - [MESSAGE][PASSED] - Object: 'Object Repository/Page_cabi Create Show - Set Hostess/a_select_customer' is clicked on

2019-06-20 15:40:23 - [TEST_STEP][PASSED] - setText(findTestObject("Object Repository/Page_cabi Home/input_existing_guest"), existingCust): Text 'Michigan Contact' is set on object 'Object Repository/Page_cabi Home/input_existing_guest'

2019-06-20 15:40:24 - [MESSAGE][PASSED] - Text 'Michigan Contact' is set on object 'Object Repository/Page_cabi Home/input_existing_guest'

2019-06-20 15:40:24 - [TEST_STEP][PASSED] - setText(findTestObject("Object Repository/Page_cabi Retail Store/input_email"), email): Text 'michigan@na.com' is set on object 'Object Repository/Page_cabi Retail Store/input_email'

2019-06-20 15:40:24 - [MESSAGE][PASSED] - Text 'michigan@na.com' is set on object 'Object Repository/Page_cabi Retail Store/input_email'

2019-06-20 15:40:24 - [TEST_STEP][PASSED] - setText(findTestObject("Object Repository/Page_cabi Edit Customer Profile/input_Address1_address1"), address1): Text '972 BRAHMS CT' is set on object 'Object Repository/Page_cabi Edit Customer Profile/input_Address1_address1'

2019-06-20 15:40:24 - [MESSAGE][PASSED] - Text '972 BRAHMS CT' is set on object 'Object Repository/Page_cabi Edit Customer Profile/input_Address1_address1'

2019-06-20 15:40:24 - [TEST_STEP][PASSED] - setText(findTestObject("Object Repository/Page_cabi Edit Customer Profile/input_Address2_address2"), ""): Text '' is set on object 'Object Repository/Page_cabi Edit Customer Profile/input_Address2_address2'

2019-06-20 15:40:24 - [MESSAGE][PASSED] - Text '' is set on object 'Object Repository/Page_cabi Edit Customer Profile/input_Address2_address2'

2019-06-20 15:40:24 - [TEST_STEP][PASSED] - setText(findTestObject("Object Repository/Page_cabi Edit Customer Profile/input_City_city"), city): Text 'TROY' is set on object 'Object Repository/Page_cabi Edit Customer Profile/input_City_city'

2019-06-20 15:40:24 - [MESSAGE][PASSED] - Text 'TROY' is set on object 'Object Repository/Page_cabi Edit Customer Profile/input_City_city'

2019-06-20 15:40:24 - [TEST_STEP][PASSED] - click(findTestObject("Page_cabi Edit Customer Profile/span_select_a_state")): Object: 'Object Repository/Page_cabi Edit Customer Profile/span_select_a_state' is clicked on

2019-06-20 15:40:25 - [MESSAGE][PASSED] - Object: 'Object Repository/Page_cabi Edit Customer Profile/span_select_a_state' is clicked on

2019-06-20 15:40:25 - [TEST_STEP][PASSED] - delay(1): Delayed 1 second(s)

2019-06-20 15:40:26 - [MESSAGE][PASSED] - Delayed 1 second(s)

2019-06-20 15:40:26 - [TEST_STEP][PASSED] - setText(findTestObject("Object Repository/Page_cabi Edit Customer Profile/input_state_1"), state): Text 'Michigan' is set on object 'Object Repository/Page_cabi Edit Customer Profile/input_state_1'

2019-06-20 15:40:26 - [MESSAGE][PASSED] - Text 'Michigan' is set on object 'Object Repository/Page_cabi Edit Customer Profile/input_state_1'

2019-06-20 15:40:26 - [TEST_STEP][PASSED] - delay(2): Delayed 2 second(s)

2019-06-20 15:40:28 - [MESSAGE][PASSED] - Delayed 2 second(s)

2019-06-20 15:40:28 - [TEST_STEP][PASSED] - click(findTestObject("Page_cabi Edit Customer Profile/span_state")): Object: 'Object Repository/Page_cabi Edit Customer Profile/span_state' is clicked on

2019-06-20 15:40:28 - [MESSAGE][PASSED] - Object: 'Object Repository/Page_cabi Edit Customer Profile/span_state' is clicked on

2019-06-20 15:40:28 - [TEST_STEP][PASSED] - setText(findTestObject("Page_cabi Edit Customer Profile/input_state_postalCode"), zip): Text '48085' is set on object 'Object Repository/Page_cabi Edit Customer Profile/input_state_postalCode'

2019-06-20 15:40:28 - [MESSAGE][PASSED] - Text '48085' is set on object 'Object Repository/Page_cabi Edit Customer Profile/input_state_postalCode'

2019-06-20 15:40:28 - [TEST_STEP][PASSED] - delay(5): Delayed 5 second(s)

2019-06-20 15:40:33 - [MESSAGE][PASSED] - Delayed 5 second(s)

2019-06-20 15:40:33 - [TEST_STEP][PASSED] - check(findTestObject("Object Repository/Page_cabi Home/a_same_shipping_address")): Object 'Object Repository/Page_cabi Home/a_same_shipping_address' is checked

2019-06-20 15:40:33 - [MESSAGE][PASSED] - Object 'Object Repository/Page_cabi Home/a_same_shipping_address' is checked

2019-06-20 15:40:33 - [TEST_STEP][PASSED] - delay(5): Delayed 5 second(s)

2019-06-20 15:40:38 - [MESSAGE][PASSED] - Delayed 5 second(s)

2019-06-20 15:40:38 - [TEST_STEP][PASSED] - check(findTestObject("Object Repository/Page_cabi Home/a_same_shipping_address")): Object 'Object Repository/Page_cabi Home/a_same_shipping_address' is checked

2019-06-20 15:40:38 - [MESSAGE][PASSED] - Object 'Object Repository/Page_cabi Home/a_same_shipping_address' is checked

2019-06-20 15:40:38 - [TEST_STEP][PASSED] - delay(10): Delayed 10 second(s)

2019-06-20 15:40:48 - [MESSAGE][PASSED] - Delayed 10 second(s)

2019-06-20 15:40:48 - [TEST_STEP][PASSED] - click(findTestObject("Page_cabi Retail Store/span_next_1")): Object: 'Object Repository/Page_cabi Retail Store/span_next_1' is clicked on

2019-06-20 15:40:49 - [MESSAGE][PASSED] - Object: 'Object Repository/Page_cabi Retail Store/span_next_1' is clicked on

2019-06-20 15:40:49 - [TEST_STEP][PASSED] - delay(3): Delayed 3 second(s)

2019-06-20 15:40:52 - [MESSAGE][PASSED] - Delayed 3 second(s)

2019-06-20 15:40:52 - [TEST_STEP][PASSED] - click(findTestObject("Object Repository/Page_cabi Retail Store/span_quick_entry")): Object: 'Object Repository/Page_cabi Retail Store/span_quick_entry' is clicked on

2019-06-20 15:40:57 - [MESSAGE][PASSED] - Object: 'Object Repository/Page_cabi Retail Store/span_quick_entry' is clicked on

2019-06-20 15:40:57 - [TEST_STEP][PASSED] - delay(3): Delayed 3 second(s)

2019-06-20 15:41:00 - [MESSAGE][PASSED] - Delayed 3 second(s)

2019-06-20 15:41:00 - [TEST_STEP][PASSED] - emptyCart = findWebElements(findTestObject("Object Repository/Page_cabi Personal Store/removeFromCart"), 5): null

2019-06-20 15:41:00 - [TEST_STEP][PASSED] - if (emptyCart.size() > 0): Delayed 5 second(s)

2019-06-20 15:41:00 - [TEST_STEP][PASSED] - click(findTestObject("Object Repository/Page_cabi Personal Store/removeFromCart")): Object: 'Object Repository/Page_cabi Personal Store/removeFromCart' is clicked on

2019-06-20 15:41:00 - [MESSAGE][PASSED] - Object: 'Object Repository/Page_cabi Personal Store/removeFromCart' is clicked on

2019-06-20 15:41:00 - [TEST_STEP][PASSED] - println("cart not empty"): null

2019-06-20 15:41:00 - [TEST_STEP][PASSED] - delay(5): Delayed 5 second(s)

2019-06-20 15:41:05 - [MESSAGE][PASSED] - Delayed 5 second(s)

2019-06-20 15:41:05 - [TEST_STEP][PASSED] - addOnStyle = findTestData("miscData").getValue("addOnStyle", 1): null

2019-06-20 15:41:05 - [TEST_STEP][PASSED] - addOnStyle2 = findTestData("miscData").getValue("addOnStyle", 2): null

2019-06-20 15:41:05 - [TEST_STEP][PASSED] - click(findTestObject("Object Repository/Page_cabi Create Order/input_Manual Discount_stylelookup_0")): Object: 'Object Repository/Page_cabi Create Order/input_Manual Discount_stylelookup_0' is clicked on

2019-06-20 15:41:06 - [MESSAGE][PASSED] - Object: 'Object Repository/Page_cabi Create Order/input_Manual Discount_stylelookup_0' is clicked on

2019-06-20 15:41:06 - [TEST_STEP][PASSED] - setText(findTestObject("Object Repository/Page_cabi Create Order/input_Manual Discount_stylelookup_0"), addOnStyle): Text '5447' is set on object 'Object Repository/Page_cabi Create Order/input_Manual Discount_stylelookup_0'

2019-06-20 15:41:06 - [MESSAGE][PASSED] - Text '5447' is set on object 'Object Repository/Page_cabi Create Order/input_Manual Discount_stylelookup_0'

2019-06-20 15:41:06 - [TEST_STEP][PASSED] - delay(3): Delayed 3 second(s)

2019-06-20 15:41:09 - [MESSAGE][PASSED] - Delayed 3 second(s)

2019-06-20 15:41:09 - [TEST_STEP][PASSED] - prod_message = getText(findTestObject("Page_cabi Create Order/first_option")): Text of object 'Object Repository/Page_cabi Create Order/first_option' is: '5447 Bishop Cardigan'

2019-06-20 15:41:09 - [MESSAGE][PASSED] - Text of object 'Object Repository/Page_cabi Create Order/first_option' is: '5447 Bishop Cardigan'

2019-06-20 15:41:09 - [TEST_STEP][PASSED] - click(findTestObject("Page_cabi Create Order/first_option")): Object: 'Object Repository/Page_cabi Create Order/first_option' is clicked on

2019-06-20 15:41:09 - [MESSAGE][PASSED] - Object: 'Object Repository/Page_cabi Create Order/first_option' is clicked on

2019-06-20 15:41:09 - [TEST_STEP][PASSED] - delay(5): Delayed 5 second(s)

2019-06-20 15:41:14 - [MESSAGE][PASSED] - Delayed 5 second(s)

2019-06-20 15:41:14 - [TEST_STEP][PASSED] - click(findTestObject("Object Repository/Page_cabi Order Items/selectSize")): Object: 'Object Repository/Page_cabi Order Items/selectSize' is clicked on

2019-06-20 15:41:14 - [MESSAGE][PASSED] - Object: 'Object Repository/Page_cabi Order Items/selectSize' is clicked on

2019-06-20 15:41:14 - [TEST_STEP][FAILED] - click(findTestObject("Object Repository/Page_cabi Order Items/span_Add to Cart")): click(findTestObject("Object Repository/Page_cabi Order Items/span_Add to Cart")) FAILED.
Reason:
com.kms.katalon.core.exception.StepFailedException: Unable to click on object 'Object Repository/Page_cabi Order Items/span_Add to Cart'
	at com.kms.katalon.core.webui.keyword.internal.WebUIKeywordMain.stepFailed(WebUIKeywordMain.groovy:64)
	at com.kms.katalon.core.webui.keyword.internal.WebUIKeywordMain.runKeyword(WebUIKeywordMain.groovy:26)
	at com.kms.katalon.core.webui.keyword.builtin.ClickKeyword.click(ClickKeyword.groovy:86)
	at com.kms.katalon.core.webui.keyword.builtin.ClickKeyword.execute(ClickKeyword.groovy:67)
	at com.kms.katalon.core.keyword.internal.KeywordExecutor.executeKeywordForPlatform(KeywordExecutor.groovy:56)
	at com.kms.katalon.core.webui.keyword.WebUiBuiltInKeywords.click(WebUiBuiltInKeywords.groovy:616)
	at com.kms.katalon.core.webui.keyword.WebUiBuiltInKeywords$click$3.call(Unknown Source)
	at retailOrderBO.run(retailOrderBO:151)
	at com.kms.katalon.core.main.ScriptEngine.run(ScriptEngine.java:194)
	at com.kms.katalon.core.main.ScriptEngine.runScriptAsRawText(ScriptEngine.java:119)
	at com.kms.katalon.core.main.TestCaseExecutor.runScript(TestCaseExecutor.java:342)
	at com.kms.katalon.core.main.TestCaseExecutor.doExecute(TestCaseExecutor.java:333)
	at com.kms.katalon.core.main.TestCaseExecutor.processExecutionPhase(TestCaseExecutor.java:312)
	at com.kms.katalon.core.main.TestCaseExecutor.accessMainPhase(TestCaseExecutor.java:304)
	at com.kms.katalon.core.main.TestCaseExecutor.execute(TestCaseExecutor.java:238)
	at com.kms.katalon.core.main.TestCaseMain.runTestCase(TestCaseMain.java:114)
	at com.kms.katalon.core.keyword.builtin.CallTestCaseKeyword$_callTestCase_closure1.doCall(CallTestCaseKeyword.groovy:59)
	at com.kms.katalon.core.keyword.builtin.CallTestCaseKeyword$_callTestCase_closure1.call(CallTestCaseKeyword.groovy)
	at com.kms.katalon.core.keyword.internal.KeywordMain.runKeyword(KeywordMain.groovy:66)
	at com.kms.katalon.core.keyword.builtin.CallTestCaseKeyword.callTestCase(CallTestCaseKeyword.groovy:81)
	at com.kms.katalon.core.keyword.builtin.CallTestCaseKeyword.execute(CallTestCaseKeyword.groovy:44)
	at com.kms.katalon.core.keyword.internal.KeywordExecutor.executeKeywordForPlatform(KeywordExecutor.groovy:56)
	at com.kms.katalon.core.keyword.BuiltinKeywords.callTestCase(BuiltinKeywords.groovy:334)
	at rsEditOrderPartialShip.run(rsEditOrderPartialShip:19)
	at com.kms.katalon.core.main.ScriptEngine.run(ScriptEngine.java:194)
	at com.kms.katalon.core.main.ScriptEngine.runScriptAsRawText(ScriptEngine.java:119)
	at com.kms.katalon.core.main.TestCaseExecutor.runScript(TestCaseExecutor.java:342)
	at com.kms.katalon.core.main.TestCaseExecutor.doExecute(TestCaseExecutor.java:333)
	at com.kms.katalon.core.main.TestCaseExecutor.processExecutionPhase(TestCaseExecutor.java:312)
	at com.kms.katalon.core.main.TestCaseExecutor.accessMainPhase(TestCaseExecutor.java:304)
	at com.kms.katalon.core.main.TestCaseExecutor.execute(TestCaseExecutor.java:238)
	at com.kms.katalon.core.main.TestSuiteExecutor.accessTestCaseMainPhase(TestSuiteExecutor.java:129)
	at com.kms.katalon.core.main.TestSuiteExecutor.accessTestSuiteMainPhase(TestSuiteExecutor.java:112)
	at com.kms.katalon.core.main.TestSuiteExecutor.execute(TestSuiteExecutor.java:81)
	at com.kms.katalon.core.main.TestCaseMain.startTestSuite(TestCaseMain.java:157)
	at com.kms.katalon.core.main.TestCaseMain$startTestSuite$0.call(Unknown Source)
	at TempTestSuite1561025032524.run(TempTestSuite1561025032524.groovy:35)
Caused by: com.kms.katalon.core.webui.exception.WebElementNotFoundException: Web element with id: 'Object Repository/Page_cabi Order Items/span_Add to Cart' located by 'By.xpath: //a[@id='addToCart_0']/span' not found
	at com.kms.katalon.core.webui.common.WebUiCommonHelper.findWebElement(WebUiCommonHelper.java:1097)
	at com.kms.katalon.core.webui.keyword.internal.WebUIAbstractKeyword.findWebElement(WebUIAbstractKeyword.groovy:27)
	at com.kms.katalon.core.webui.keyword.internal.WebUIAbstractKeyword.findWebElement(WebUIAbstractKeyword.groovy:26)
	at com.kms.katalon.core.webui.keyword.builtin.ClickKeyword$_click_closure1.doCall(ClickKeyword.groovy:77)
	at com.kms.katalon.core.webui.keyword.builtin.ClickKeyword$_click_closure1.call(ClickKeyword.groovy)
	at com.kms.katalon.core.webui.keyword.internal.WebUIKeywordMain.runKeyword(WebUIKeywordMain.groovy:20)
	at com.kms.katalon.core.webui.keyword.builtin.ClickKeyword.click(ClickKeyword.groovy:86)
	at com.kms.katalon.core.webui.keyword.builtin.ClickKeyword.execute(ClickKeyword.groovy:67)
	at com.kms.katalon.core.keyword.internal.KeywordExecutor.executeKeywordForPlatform(KeywordExecutor.groovy:56)
	at com.kms.katalon.core.webui.keyword.WebUiBuiltInKeywords.click(WebUiBuiltInKeywords.groovy:616)
	at com.kms.katalon.core.webui.keyword.WebUiBuiltInKeywords$click$3.call(Unknown Source)
	at Script1559826813809.run(Script1559826813809.groovy:151)
	at com.kms.katalon.core.main.ScriptEngine.run(ScriptEngine.java:194)
	at com.kms.katalon.core.main.ScriptEngine.runScriptAsRawText(ScriptEngine.java:119)
	at com.kms.katalon.core.main.TestCaseExecutor.runScript(TestCaseExecutor.java:342)
	at com.kms.katalon.core.main.TestCaseExecutor.doExecute(TestCaseExecutor.java:333)
	at com.kms.katalon.core.main.TestCaseExecutor.processExecutionPhase(TestCaseExecutor.java:312)
	at com.kms.katalon.core.main.TestCaseExecutor.accessMainPhase(TestCaseExecutor.java:304)
	at com.kms.katalon.core.main.TestCaseExecutor.execute(TestCaseExecutor.java:238)
	at com.kms.katalon.core.main.TestCaseMain.runTestCase(TestCaseMain.java:114)
	at com.kms.katalon.core.keyword.builtin.CallTestCaseKeyword$_callTestCase_closure1.doCall(CallTestCaseKeyword.groovy:59)
	at com.kms.katalon.core.keyword.builtin.CallTestCaseKeyword$_callTestCase_closure1.call(CallTestCaseKeyword.groovy)
	at com.kms.katalon.core.keyword.internal.KeywordMain.runKeyword(KeywordMain.groovy:66)
	at com.kms.katalon.core.keyword.builtin.CallTestCaseKeyword.callTestCase(CallTestCaseKeyword.groovy:81)
	at com.kms.katalon.core.keyword.builtin.CallTestCaseKeyword.execute(CallTestCaseKeyword.groovy:44)
	at com.kms.katalon.core.keyword.internal.KeywordExecutor.executeKeywordForPlatform(KeywordExecutor.groovy:56)
	at com.kms.katalon.core.keyword.BuiltinKeywords.callTestCase(BuiltinKeywords.groovy:334)
	at Script1560757656625.run(Script1560757656625.groovy:19)
	... 13 more


2019-06-20 15:41:45 - [MESSAGE][INFO] - Unable to find the element located by 'By.xpath: //a[@id='addToCart_0']/span'. Please recheck the objects properties to make sure the desired element is located. 

2019-06-20 15:41:46 - [MESSAGE][FAILED] - Unable to click on object 'Object Repository/Page_cabi Order Items/span_Add to Cart' (Root cause: com.kms.katalon.core.exception.StepFailedException: Unable to click on object 'Object Repository/Page_cabi Order Items/span_Add to Cart'
	at com.kms.katalon.core.webui.keyword.internal.WebUIKeywordMain.stepFailed(WebUIKeywordMain.groovy:64)
	at com.kms.katalon.core.webui.keyword.internal.WebUIKeywordMain.runKeyword(WebUIKeywordMain.groovy:26)
	at com.kms.katalon.core.webui.keyword.builtin.ClickKeyword.click(ClickKeyword.groovy:86)
	at com.kms.katalon.core.webui.keyword.builtin.ClickKeyword.execute(ClickKeyword.groovy:67)
	at com.kms.katalon.core.keyword.internal.KeywordExecutor.executeKeywordForPlatform(KeywordExecutor.groovy:56)
	at com.kms.katalon.core.webui.keyword.WebUiBuiltInKeywords.click(WebUiBuiltInKeywords.groovy:616)
	at com.kms.katalon.core.webui.keyword.WebUiBuiltInKeywords$click$3.call(Unknown Source)
	at retailOrderBO.run(retailOrderBO:151)
	at com.kms.katalon.core.main.ScriptEngine.run(ScriptEngine.java:194)
	at com.kms.katalon.core.main.ScriptEngine.runScriptAsRawText(ScriptEngine.java:119)
	at com.kms.katalon.core.main.TestCaseExecutor.runScript(TestCaseExecutor.java:342)
	at com.kms.katalon.core.main.TestCaseExecutor.doExecute(TestCaseExecutor.java:333)
	at com.kms.katalon.core.main.TestCaseExecutor.processExecutionPhase(TestCaseExecutor.java:312)
	at com.kms.katalon.core.main.TestCaseExecutor.accessMainPhase(TestCaseExecutor.java:304)
	at com.kms.katalon.core.main.TestCaseExecutor.execute(TestCaseExecutor.java:238)
	at com.kms.katalon.core.main.TestCaseMain.runTestCase(TestCaseMain.java:114)
	at com.kms.katalon.core.keyword.builtin.CallTestCaseKeyword$_callTestCase_closure1.doCall(CallTestCaseKeyword.groovy:59)
	at com.kms.katalon.core.keyword.builtin.CallTestCaseKeyword$_callTestCase_closure1.call(CallTestCaseKeyword.groovy)
	at com.kms.katalon.core.keyword.internal.KeywordMain.runKeyword(KeywordMain.groovy:66)
	at com.kms.katalon.core.keyword.builtin.CallTestCaseKeyword.callTestCase(CallTestCaseKeyword.groovy:81)
	at com.kms.katalon.core.keyword.builtin.CallTestCaseKeyword.execute(CallTestCaseKeyword.groovy:44)
	at com.kms.katalon.core.keyword.internal.KeywordExecutor.executeKeywordForPlatform(KeywordExecutor.groovy:56)
	at com.kms.katalon.core.keyword.BuiltinKeywords.callTestCase(BuiltinKeywords.groovy:334)
	at rsEditOrderPartialShip.run(rsEditOrderPartialShip:19)
	at com.kms.katalon.core.main.ScriptEngine.run(ScriptEngine.java:194)
	at com.kms.katalon.core.main.ScriptEngine.runScriptAsRawText(ScriptEngine.java:119)
	at com.kms.katalon.core.main.TestCaseExecutor.runScript(TestCaseExecutor.java:342)
	at com.kms.katalon.core.main.TestCaseExecutor.doExecute(TestCaseExecutor.java:333)
	at com.kms.katalon.core.main.TestCaseExecutor.processExecutionPhase(TestCaseExecutor.java:312)
	at com.kms.katalon.core.main.TestCaseExecutor.accessMainPhase(TestCaseExecutor.java:304)
	at com.kms.katalon.core.main.TestCaseExecutor.execute(TestCaseExecutor.java:238)
	at com.kms.katalon.core.main.TestSuiteExecutor.accessTestCaseMainPhase(TestSuiteExecutor.java:129)
	at com.kms.katalon.core.main.TestSuiteExecutor.accessTestSuiteMainPhase(TestSuiteExecutor.java:112)
	at com.kms.katalon.core.main.TestSuiteExecutor.execute(TestSuiteExecutor.java:81)
	at com.kms.katalon.core.main.TestCaseMain.startTestSuite(TestCaseMain.java:157)
	at com.kms.katalon.core.main.TestCaseMain$startTestSuite$0.call(Unknown Source)
	at TempTestSuite1561025032524.run(TempTestSuite1561025032524.groovy:35)
Caused by: com.kms.katalon.core.webui.exception.WebElementNotFoundException: Web element with id: 'Object Repository/Page_cabi Order Items/span_Add to Cart' located by 'By.xpath: //a[@id='addToCart_0']/span' not found
	at com.kms.katalon.core.webui.common.WebUiCommonHelper.findWebElement(WebUiCommonHelper.java:1097)
	at com.kms.katalon.core.webui.keyword.internal.WebUIAbstractKeyword.findWebElement(WebUIAbstractKeyword.groovy:27)
	at com.kms.katalon.core.webui.keyword.internal.WebUIAbstractKeyword.findWebElement(WebUIAbstractKeyword.groovy:26)
	at com.kms.katalon.core.webui.keyword.builtin.ClickKeyword$_click_closure1.doCall(ClickKeyword.groovy:77)
	at com.kms.katalon.core.webui.keyword.builtin.ClickKeyword$_click_closure1.call(ClickKeyword.groovy)
	at com.kms.katalon.core.webui.keyword.internal.WebUIKeywordMain.runKeyword(WebUIKeywordMain.groovy:20)
	at com.kms.katalon.core.webui.keyword.builtin.ClickKeyword.click(ClickKeyword.groovy:86)
	at com.kms.katalon.core.webui.keyword.builtin.ClickKeyword.execute(ClickKeyword.groovy:67)
	at com.kms.katalon.core.keyword.internal.KeywordExecutor.executeKeywordForPlatform(KeywordExecutor.groovy:56)
	at com.kms.katalon.core.webui.keyword.WebUiBuiltInKeywords.click(WebUiBuiltInKeywords.groovy:616)
	at com.kms.katalon.core.webui.keyword.WebUiBuiltInKeywords$click$3.call(Unknown Source)
	at Script1559826813809.run(Script1559826813809.groovy:151)
	at com.kms.katalon.core.main.ScriptEngine.run(ScriptEngine.java:194)
	at com.kms.katalon.core.main.ScriptEngine.runScriptAsRawText(ScriptEngine.java:119)
	at com.kms.katalon.core.main.TestCaseExecutor.runScript(TestCaseExecutor.java:342)
	at com.kms.katalon.core.main.TestCaseExecutor.doExecute(TestCaseExecutor.java:333)
	at com.kms.katalon.core.main.TestCaseExecutor.processExecutionPhase(TestCaseExecutor.java:312)
	at com.kms.katalon.core.main.TestCaseExecutor.accessMainPhase(TestCaseExecutor.java:304)
	at com.kms.katalon.core.main.TestCaseExecutor.execute(TestCaseExecutor.java:238)
	at com.kms.katalon.core.main.TestCaseMain.runTestCase(TestCaseMain.java:114)
	at com.kms.katalon.core.keyword.builtin.CallTestCaseKeyword$_callTestCase_closure1.doCall(CallTestCaseKeyword.groovy:59)
	at com.kms.katalon.core.keyword.builtin.CallTestCaseKeyword$_callTestCase_closure1.call(CallTestCaseKeyword.groovy)
	at com.kms.katalon.core.keyword.internal.KeywordMain.runKeyword(KeywordMain.groovy:66)
	at com.kms.katalon.core.keyword.builtin.CallTestCaseKeyword.callTestCase(CallTestCaseKeyword.groovy:81)
	at com.kms.katalon.core.keyword.builtin.CallTestCaseKeyword.execute(CallTestCaseKeyword.groovy:44)
	at com.kms.katalon.core.keyword.internal.KeywordExecutor.executeKeywordForPlatform(KeywordExecutor.groovy:56)
	at com.kms.katalon.core.keyword.BuiltinKeywords.callTestCase(BuiltinKeywords.groovy:334)
	at Script1560757656625.run(Script1560757656625.groovy:19)
	... 13 more
)
[[ATTACHMENT|C:\\Users\\user\\Documents\\testautomation\\NewArrivals\\Reports\\EditOrderTestSuit\\20190620_153352\\1561025505719.png]]

2019-06-20 15:41:46 - [MESSAGE][FAILED] - click(findTestObject("Object Repository/Page_cabi Order Items/span_Add to Cart")) FAILED.
Reason:
com.kms.katalon.core.exception.StepFailedException: Unable to click on object 'Object Repository/Page_cabi Order Items/span_Add to Cart'
	at com.kms.katalon.core.webui.keyword.internal.WebUIKeywordMain.stepFailed(WebUIKeywordMain.groovy:64)
	at com.kms.katalon.core.webui.keyword.internal.WebUIKeywordMain.runKeyword(WebUIKeywordMain.groovy:26)
	at com.kms.katalon.core.webui.keyword.builtin.ClickKeyword.click(ClickKeyword.groovy:86)
	at com.kms.katalon.core.webui.keyword.builtin.ClickKeyword.execute(ClickKeyword.groovy:67)
	at com.kms.katalon.core.keyword.internal.KeywordExecutor.executeKeywordForPlatform(KeywordExecutor.groovy:56)
	at com.kms.katalon.core.webui.keyword.WebUiBuiltInKeywords.click(WebUiBuiltInKeywords.groovy:616)
	at com.kms.katalon.core.webui.keyword.WebUiBuiltInKeywords$click$3.call(Unknown Source)
	at retailOrderBO.run(retailOrderBO:151)
	at com.kms.katalon.core.main.ScriptEngine.run(ScriptEngine.java:194)
	at com.kms.katalon.core.main.ScriptEngine.runScriptAsRawText(ScriptEngine.java:119)
	at com.kms.katalon.core.main.TestCaseExecutor.runScript(TestCaseExecutor.java:342)
	at com.kms.katalon.core.main.TestCaseExecutor.doExecute(TestCaseExecutor.java:333)
	at com.kms.katalon.core.main.TestCaseExecutor.processExecutionPhase(TestCaseExecutor.java:312)
	at com.kms.katalon.core.main.TestCaseExecutor.accessMainPhase(TestCaseExecutor.java:304)
	at com.kms.katalon.core.main.TestCaseExecutor.execute(TestCaseExecutor.java:238)
	at com.kms.katalon.core.main.TestCaseMain.runTestCase(TestCaseMain.java:114)
	at com.kms.katalon.core.keyword.builtin.CallTestCaseKeyword$_callTestCase_closure1.doCall(CallTestCaseKeyword.groovy:59)
	at com.kms.katalon.core.keyword.builtin.CallTestCaseKeyword$_callTestCase_closure1.call(CallTestCaseKeyword.groovy)
	at com.kms.katalon.core.keyword.internal.KeywordMain.runKeyword(KeywordMain.groovy:66)
	at com.kms.katalon.core.keyword.builtin.CallTestCaseKeyword.callTestCase(CallTestCaseKeyword.groovy:81)
	at com.kms.katalon.core.keyword.builtin.CallTestCaseKeyword.execute(CallTestCaseKeyword.groovy:44)
	at com.kms.katalon.core.keyword.internal.KeywordExecutor.executeKeywordForPlatform(KeywordExecutor.groovy:56)
	at com.kms.katalon.core.keyword.BuiltinKeywords.callTestCase(BuiltinKeywords.groovy:334)
	at rsEditOrderPartialShip.run(rsEditOrderPartialShip:19)
	at com.kms.katalon.core.main.ScriptEngine.run(ScriptEngine.java:194)
	at com.kms.katalon.core.main.ScriptEngine.runScriptAsRawText(ScriptEngine.java:119)
	at com.kms.katalon.core.main.TestCaseExecutor.runScript(TestCaseExecutor.java:342)
	at com.kms.katalon.core.main.TestCaseExecutor.doExecute(TestCaseExecutor.java:333)
	at com.kms.katalon.core.main.TestCaseExecutor.processExecutionPhase(TestCaseExecutor.java:312)
	at com.kms.katalon.core.main.TestCaseExecutor.accessMainPhase(TestCaseExecutor.java:304)
	at com.kms.katalon.core.main.TestCaseExecutor.execute(TestCaseExecutor.java:238)
	at com.kms.katalon.core.main.TestSuiteExecutor.accessTestCaseMainPhase(TestSuiteExecutor.java:129)
	at com.kms.katalon.core.main.TestSuiteExecutor.accessTestSuiteMainPhase(TestSuiteExecutor.java:112)
	at com.kms.katalon.core.main.TestSuiteExecutor.execute(TestSuiteExecutor.java:81)
	at com.kms.katalon.core.main.TestCaseMain.startTestSuite(TestCaseMain.java:157)
	at com.kms.katalon.core.main.TestCaseMain$startTestSuite$0.call(Unknown Source)
	at TempTestSuite1561025032524.run(TempTestSuite1561025032524.groovy:35)
Caused by: com.kms.katalon.core.webui.exception.WebElementNotFoundException: Web element with id: 'Object Repository/Page_cabi Order Items/span_Add to Cart' located by 'By.xpath: //a[@id='addToCart_0']/span' not found
	at com.kms.katalon.core.webui.common.WebUiCommonHelper.findWebElement(WebUiCommonHelper.java:1097)
	at com.kms.katalon.core.webui.keyword.internal.WebUIAbstractKeyword.findWebElement(WebUIAbstractKeyword.groovy:27)
	at com.kms.katalon.core.webui.keyword.internal.WebUIAbstractKeyword.findWebElement(WebUIAbstractKeyword.groovy:26)
	at com.kms.katalon.core.webui.keyword.builtin.ClickKeyword$_click_closure1.doCall(ClickKeyword.groovy:77)
	at com.kms.katalon.core.webui.keyword.builtin.ClickKeyword$_click_closure1.call(ClickKeyword.groovy)
	at com.kms.katalon.core.webui.keyword.internal.WebUIKeywordMain.runKeyword(WebUIKeywordMain.groovy:20)
	at com.kms.katalon.core.webui.keyword.builtin.ClickKeyword.click(ClickKeyword.groovy:86)
	at com.kms.katalon.core.webui.keyword.builtin.ClickKeyword.execute(ClickKeyword.groovy:67)
	at com.kms.katalon.core.keyword.internal.KeywordExecutor.executeKeywordForPlatform(KeywordExecutor.groovy:56)
	at com.kms.katalon.core.webui.keyword.WebUiBuiltInKeywords.click(WebUiBuiltInKeywords.groovy:616)
	at com.kms.katalon.core.webui.keyword.WebUiBuiltInKeywords$click$3.call(Unknown Source)
	at Script1559826813809.run(Script1559826813809.groovy:151)
	at com.kms.katalon.core.main.ScriptEngine.run(ScriptEngine.java:194)
	at com.kms.katalon.core.main.ScriptEngine.runScriptAsRawText(ScriptEngine.java:119)
	at com.kms.katalon.core.main.TestCaseExecutor.runScript(TestCaseExecutor.java:342)
	at com.kms.katalon.core.main.TestCaseExecutor.doExecute(TestCaseExecutor.java:333)
	at com.kms.katalon.core.main.TestCaseExecutor.processExecutionPhase(TestCaseExecutor.java:312)
	at com.kms.katalon.core.main.TestCaseExecutor.accessMainPhase(TestCaseExecutor.java:304)
	at com.kms.katalon.core.main.TestCaseExecutor.execute(TestCaseExecutor.java:238)
	at com.kms.katalon.core.main.TestCaseMain.runTestCase(TestCaseMain.java:114)
	at com.kms.katalon.core.keyword.builtin.CallTestCaseKeyword$_callTestCase_closure1.doCall(CallTestCaseKeyword.groovy:59)
	at com.kms.katalon.core.keyword.builtin.CallTestCaseKeyword$_callTestCase_closure1.call(CallTestCaseKeyword.groovy)
	at com.kms.katalon.core.keyword.internal.KeywordMain.runKeyword(KeywordMain.groovy:66)
	at com.kms.katalon.core.keyword.builtin.CallTestCaseKeyword.callTestCase(CallTestCaseKeyword.groovy:81)
	at com.kms.katalon.core.keyword.builtin.CallTestCaseKeyword.execute(CallTestCaseKeyword.groovy:44)
	at com.kms.katalon.core.keyword.internal.KeywordExecutor.executeKeywordForPlatform(KeywordExecutor.groovy:56)
	at com.kms.katalon.core.keyword.BuiltinKeywords.callTestCase(BuiltinKeywords.groovy:334)
	at Script1560757656625.run(Script1560757656625.groovy:19)
	... 13 more


2019-06-20 15:41:46 - [MESSAGE][FAILED] - Unable to call Test Case 'Test Cases/editOrder/retailOrderBO' (Root cause: com.kms.katalon.core.exception.StepFailedException: Call Test Case 'Test Cases/editOrder/retailOrderBO' failed
	at com.kms.katalon.core.keyword.builtin.CallTestCaseKeyword$_callTestCase_closure1.doCall(CallTestCaseKeyword.groovy:63)
	at com.kms.katalon.core.keyword.builtin.CallTestCaseKeyword$_callTestCase_closure1.call(CallTestCaseKeyword.groovy)
	at com.kms.katalon.core.keyword.internal.KeywordMain.runKeyword(KeywordMain.groovy:66)
	at com.kms.katalon.core.keyword.builtin.CallTestCaseKeyword.callTestCase(CallTestCaseKeyword.groovy:81)
	at com.kms.katalon.core.keyword.builtin.CallTestCaseKeyword.execute(CallTestCaseKeyword.groovy:44)
	at com.kms.katalon.core.keyword.internal.KeywordExecutor.executeKeywordForPlatform(KeywordExecutor.groovy:56)
	at com.kms.katalon.core.keyword.BuiltinKeywords.callTestCase(BuiltinKeywords.groovy:334)
	at rsEditOrderPartialShip.run(rsEditOrderPartialShip:19)
	at com.kms.katalon.core.main.ScriptEngine.run(ScriptEngine.java:194)
	at com.kms.katalon.core.main.ScriptEngine.runScriptAsRawText(ScriptEngine.java:119)
	at com.kms.katalon.core.main.TestCaseExecutor.runScript(TestCaseExecutor.java:342)
	at com.kms.katalon.core.main.TestCaseExecutor.doExecute(TestCaseExecutor.java:333)
	at com.kms.katalon.core.main.TestCaseExecutor.processExecutionPhase(TestCaseExecutor.java:312)
	at com.kms.katalon.core.main.TestCaseExecutor.accessMainPhase(TestCaseExecutor.java:304)
	at com.kms.katalon.core.main.TestCaseExecutor.execute(TestCaseExecutor.java:238)
	at com.kms.katalon.core.main.TestSuiteExecutor.accessTestCaseMainPhase(TestSuiteExecutor.java:129)
	at com.kms.katalon.core.main.TestSuiteExecutor.accessTestSuiteMainPhase(TestSuiteExecutor.java:112)
	at com.kms.katalon.core.main.TestSuiteExecutor.execute(TestSuiteExecutor.java:81)
	at com.kms.katalon.core.main.TestCaseMain.startTestSuite(TestCaseMain.java:157)
	at com.kms.katalon.core.main.TestCaseMain$startTestSuite$0.call(Unknown Source)
	at TempTestSuite1561025032524.run(TempTestSuite1561025032524.groovy:35)
Caused by: com.kms.katalon.core.exception.StepFailedException: Unable to click on object 'Object Repository/Page_cabi Order Items/span_Add to Cart'
	at com.kms.katalon.core.webui.keyword.internal.WebUIKeywordMain.stepFailed(WebUIKeywordMain.groovy:64)
	at com.kms.katalon.core.webui.keyword.internal.WebUIKeywordMain.runKeyword(WebUIKeywordMain.groovy:26)
	at com.kms.katalon.core.webui.keyword.builtin.ClickKeyword.click(ClickKeyword.groovy:86)
	at com.kms.katalon.core.webui.keyword.builtin.ClickKeyword.execute(ClickKeyword.groovy:67)
	at com.kms.katalon.core.keyword.internal.KeywordExecutor.executeKeywordForPlatform(KeywordExecutor.groovy:56)
	at com.kms.katalon.core.webui.keyword.WebUiBuiltInKeywords.click(WebUiBuiltInKeywords.groovy:616)
	at com.kms.katalon.core.webui.keyword.WebUiBuiltInKeywords$click$3.call(Unknown Source)
	at retailOrderBO.run(retailOrderBO:151)
	at com.kms.katalon.core.main.ScriptEngine.run(ScriptEngine.java:194)
	at com.kms.katalon.core.main.ScriptEngine.runScriptAsRawText(ScriptEngine.java:119)
	at com.kms.katalon.core.main.TestCaseExecutor.runScript(TestCaseExecutor.java:342)
	at com.kms.katalon.core.main.TestCaseExecutor.doExecute(TestCaseExecutor.java:333)
	at com.kms.katalon.core.main.TestCaseExecutor.processExecutionPhase(TestCaseExecutor.java:312)
	at com.kms.katalon.core.main.TestCaseExecutor.accessMainPhase(TestCaseExecutor.java:304)
	at com.kms.katalon.core.main.TestCaseExecutor.execute(TestCaseExecutor.java:238)
	at com.kms.katalon.core.main.TestCaseMain.runTestCase(TestCaseMain.java:114)
	at com.kms.katalon.core.keyword.builtin.CallTestCaseKeyword$_callTestCase_closure1.doCall(CallTestCaseKeyword.groovy:59)
	... 20 more
Caused by: com.kms.katalon.core.webui.exception.WebElementNotFoundException: Web element with id: 'Object Repository/Page_cabi Order Items/span_Add to Cart' located by 'By.xpath: //a[@id='addToCart_0']/span' not found
	at com.kms.katalon.core.webui.common.WebUiCommonHelper.findWebElement(WebUiCommonHelper.java:1097)
	at com.kms.katalon.core.webui.keyword.internal.WebUIAbstractKeyword.findWebElement(WebUIAbstractKeyword.groovy:27)
	at com.kms.katalon.core.webui.keyword.internal.WebUIAbstractKeyword.findWebElement(WebUIAbstractKeyword.groovy:26)
	at com.kms.katalon.core.webui.keyword.builtin.ClickKeyword$_click_closure1.doCall(ClickKeyword.groovy:77)
	at com.kms.katalon.core.webui.keyword.builtin.ClickKeyword$_click_closure1.call(ClickKeyword.groovy)
	at com.kms.katalon.core.webui.keyword.internal.WebUIKeywordMain.runKeyword(WebUIKeywordMain.groovy:20)
	at com.kms.katalon.core.webui.keyword.builtin.ClickKeyword.click(ClickKeyword.groovy:86)
	at com.kms.katalon.core.webui.keyword.builtin.ClickKeyword.execute(ClickKeyword.groovy:67)
	at com.kms.katalon.core.keyword.internal.KeywordExecutor.executeKeywordForPlatform(KeywordExecutor.groovy:56)
	at com.kms.katalon.core.webui.keyword.WebUiBuiltInKeywords.click(WebUiBuiltInKeywords.groovy:616)
	at com.kms.katalon.core.webui.keyword.WebUiBuiltInKeywords$click$3.call(Unknown Source)
	at Script1559826813809.run(Script1559826813809.groovy:151)
	at com.kms.katalon.core.main.ScriptEngine.run(ScriptEngine.java:194)
	at com.kms.katalon.core.main.ScriptEngine.runScriptAsRawText(ScriptEngine.java:119)
	at com.kms.katalon.core.main.TestCaseExecutor.runScript(TestCaseExecutor.java:342)
	at com.kms.katalon.core.main.TestCaseExecutor.doExecute(TestCaseExecutor.java:333)
	at com.kms.katalon.core.main.TestCaseExecutor.processExecutionPhase(TestCaseExecutor.java:312)
	at com.kms.katalon.core.main.TestCaseExecutor.accessMainPhase(TestCaseExecutor.java:304)
	at com.kms.katalon.core.main.TestCaseExecutor.execute(TestCaseExecutor.java:238)
	at com.kms.katalon.core.main.TestCaseMain.runTestCase(TestCaseMain.java:114)
	at com.kms.katalon.core.keyword.builtin.CallTestCaseKeyword$_callTestCase_closure1.doCall(CallTestCaseKeyword.groovy:59)
	at com.kms.katalon.core.keyword.builtin.CallTestCaseKeyword$_callTestCase_closure1.call(CallTestCaseKeyword.groovy)
	at com.kms.katalon.core.keyword.internal.KeywordMain.runKeyword(KeywordMain.groovy:66)
	at com.kms.katalon.core.keyword.builtin.CallTestCaseKeyword.callTestCase(CallTestCaseKeyword.groovy:81)
	at com.kms.katalon.core.keyword.builtin.CallTestCaseKeyword.execute(CallTestCaseKeyword.groovy:44)
	at com.kms.katalon.core.keyword.internal.KeywordExecutor.executeKeywordForPlatform(KeywordExecutor.groovy:56)
	at com.kms.katalon.core.keyword.BuiltinKeywords.callTestCase(BuiltinKeywords.groovy:334)
	at Script1560757656625.run(Script1560757656625.groovy:19)
	... 13 more
)

2019-06-20 15:41:46 - [MESSAGE][FAILED] - callTestCase(findTestCase("editOrder/retailOrderBO"), ["editScenarioNumber":5], STOP_ON_FAILURE) FAILED.
Reason:
com.kms.katalon.core.exception.StepFailedException: Call Test Case 'Test Cases/editOrder/retailOrderBO' failed
	at com.kms.katalon.core.keyword.builtin.CallTestCaseKeyword$_callTestCase_closure1.doCall(CallTestCaseKeyword.groovy:63)
	at com.kms.katalon.core.keyword.builtin.CallTestCaseKeyword$_callTestCase_closure1.call(CallTestCaseKeyword.groovy)
	at com.kms.katalon.core.keyword.internal.KeywordMain.runKeyword(KeywordMain.groovy:66)
	at com.kms.katalon.core.keyword.builtin.CallTestCaseKeyword.callTestCase(CallTestCaseKeyword.groovy:81)
	at com.kms.katalon.core.keyword.builtin.CallTestCaseKeyword.execute(CallTestCaseKeyword.groovy:44)
	at com.kms.katalon.core.keyword.internal.KeywordExecutor.executeKeywordForPlatform(KeywordExecutor.groovy:56)
	at com.kms.katalon.core.keyword.BuiltinKeywords.callTestCase(BuiltinKeywords.groovy:334)
	at rsEditOrderPartialShip.run(rsEditOrderPartialShip:19)
	at com.kms.katalon.core.main.ScriptEngine.run(ScriptEngine.java:194)
	at com.kms.katalon.core.main.ScriptEngine.runScriptAsRawText(ScriptEngine.java:119)
	at com.kms.katalon.core.main.TestCaseExecutor.runScript(TestCaseExecutor.java:342)
	at com.kms.katalon.core.main.TestCaseExecutor.doExecute(TestCaseExecutor.java:333)
	at com.kms.katalon.core.main.TestCaseExecutor.processExecutionPhase(TestCaseExecutor.java:312)
	at com.kms.katalon.core.main.TestCaseExecutor.accessMainPhase(TestCaseExecutor.java:304)
	at com.kms.katalon.core.main.TestCaseExecutor.execute(TestCaseExecutor.java:238)
	at com.kms.katalon.core.main.TestSuiteExecutor.accessTestCaseMainPhase(TestSuiteExecutor.java:129)
	at com.kms.katalon.core.main.TestSuiteExecutor.accessTestSuiteMainPhase(TestSuiteExecutor.java:112)
	at com.kms.katalon.core.main.TestSuiteExecutor.execute(TestSuiteExecutor.java:81)
	at com.kms.katalon.core.main.TestCaseMain.startTestSuite(TestCaseMain.java:157)
	at com.kms.katalon.core.main.TestCaseMain$startTestSuite$0.call(Unknown Source)
	at TempTestSuite1561025032524.run(TempTestSuite1561025032524.groovy:35)
Caused by: com.kms.katalon.core.exception.StepFailedException: Unable to click on object 'Object Repository/Page_cabi Order Items/span_Add to Cart'
	at com.kms.katalon.core.webui.keyword.internal.WebUIKeywordMain.stepFailed(WebUIKeywordMain.groovy:64)
	at com.kms.katalon.core.webui.keyword.internal.WebUIKeywordMain.runKeyword(WebUIKeywordMain.groovy:26)
	at com.kms.katalon.core.webui.keyword.builtin.ClickKeyword.click(ClickKeyword.groovy:86)
	at com.kms.katalon.core.webui.keyword.builtin.ClickKeyword.execute(ClickKeyword.groovy:67)
	at com.kms.katalon.core.keyword.internal.KeywordExecutor.executeKeywordForPlatform(KeywordExecutor.groovy:56)
	at com.kms.katalon.core.webui.keyword.WebUiBuiltInKeywords.click(WebUiBuiltInKeywords.groovy:616)
	at com.kms.katalon.core.webui.keyword.WebUiBuiltInKeywords$click$3.call(Unknown Source)
	at retailOrderBO.run(retailOrderBO:151)
	at com.kms.katalon.core.main.ScriptEngine.run(ScriptEngine.java:194)
	at com.kms.katalon.core.main.ScriptEngine.runScriptAsRawText(ScriptEngine.java:119)
	at com.kms.katalon.core.main.TestCaseExecutor.runScript(TestCaseExecutor.java:342)
	at com.kms.katalon.core.main.TestCaseExecutor.doExecute(TestCaseExecutor.java:333)
	at com.kms.katalon.core.main.TestCaseExecutor.processExecutionPhase(TestCaseExecutor.java:312)
	at com.kms.katalon.core.main.TestCaseExecutor.accessMainPhase(TestCaseExecutor.java:304)
	at com.kms.katalon.core.main.TestCaseExecutor.execute(TestCaseExecutor.java:238)
	at com.kms.katalon.core.main.TestCaseMain.runTestCase(TestCaseMain.java:114)
	at com.kms.katalon.core.keyword.builtin.CallTestCaseKeyword$_callTestCase_closure1.doCall(CallTestCaseKeyword.groovy:59)
	... 20 more
Caused by: com.kms.katalon.core.webui.exception.WebElementNotFoundException: Web element with id: 'Object Repository/Page_cabi Order Items/span_Add to Cart' located by 'By.xpath: //a[@id='addToCart_0']/span' not found
	at com.kms.katalon.core.webui.common.WebUiCommonHelper.findWebElement(WebUiCommonHelper.java:1097)
	at com.kms.katalon.core.webui.keyword.internal.WebUIAbstractKeyword.findWebElement(WebUIAbstractKeyword.groovy:27)
	at com.kms.katalon.core.webui.keyword.internal.WebUIAbstractKeyword.findWebElement(WebUIAbstractKeyword.groovy:26)
	at com.kms.katalon.core.webui.keyword.builtin.ClickKeyword$_click_closure1.doCall(ClickKeyword.groovy:77)
	at com.kms.katalon.core.webui.keyword.builtin.ClickKeyword$_click_closure1.call(ClickKeyword.groovy)
	at com.kms.katalon.core.webui.keyword.internal.WebUIKeywordMain.runKeyword(WebUIKeywordMain.groovy:20)
	at com.kms.katalon.core.webui.keyword.builtin.ClickKeyword.click(ClickKeyword.groovy:86)
	at com.kms.katalon.core.webui.keyword.builtin.ClickKeyword.execute(ClickKeyword.groovy:67)
	at com.kms.katalon.core.keyword.internal.KeywordExecutor.executeKeywordForPlatform(KeywordExecutor.groovy:56)
	at com.kms.katalon.core.webui.keyword.WebUiBuiltInKeywords.click(WebUiBuiltInKeywords.groovy:616)
	at com.kms.katalon.core.webui.keyword.WebUiBuiltInKeywords$click$3.call(Unknown Source)
	at Script1559826813809.run(Script1559826813809.groovy:151)
	at com.kms.katalon.core.main.ScriptEngine.run(ScriptEngine.java:194)
	at com.kms.katalon.core.main.ScriptEngine.runScriptAsRawText(ScriptEngine.java:119)
	at com.kms.katalon.core.main.TestCaseExecutor.runScript(TestCaseExecutor.java:342)
	at com.kms.katalon.core.main.TestCaseExecutor.doExecute(TestCaseExecutor.java:333)
	at com.kms.katalon.core.main.TestCaseExecutor.processExecutionPhase(TestCaseExecutor.java:312)
	at com.kms.katalon.core.main.TestCaseExecutor.accessMainPhase(TestCaseExecutor.java:304)
	at com.kms.katalon.core.main.TestCaseExecutor.execute(TestCaseExecutor.java:238)
	at com.kms.katalon.core.main.TestCaseMain.runTestCase(TestCaseMain.java:114)
	at com.kms.katalon.core.keyword.builtin.CallTestCaseKeyword$_callTestCase_closure1.doCall(CallTestCaseKeyword.groovy:59)
	at com.kms.katalon.core.keyword.builtin.CallTestCaseKeyword$_callTestCase_closure1.call(CallTestCaseKeyword.groovy)
	at com.kms.katalon.core.keyword.internal.KeywordMain.runKeyword(KeywordMain.groovy:66)
	at com.kms.katalon.core.keyword.builtin.CallTestCaseKeyword.callTestCase(CallTestCaseKeyword.groovy:81)
	at com.kms.katalon.core.keyword.builtin.CallTestCaseKeyword.execute(CallTestCaseKeyword.groovy:44)
	at com.kms.katalon.core.keyword.internal.KeywordExecutor.executeKeywordForPlatform(KeywordExecutor.groovy:56)
	at com.kms.katalon.core.keyword.BuiltinKeywords.callTestCase(BuiltinKeywords.groovy:334)
	at Script1560757656625.run(Script1560757656625.groovy:19)
	... 13 more]]></system-out>
         <system-err><![CDATA[2019-06-20 15:39:36 - [TEST_CASE][FAILED] - Test Cases/editOrder/rsEditOrderPartialShip: Test Cases/editOrder/rsEditOrderPartialShip FAILED.
Reason:
com.kms.katalon.core.exception.StepFailedException: Call Test Case 'Test Cases/editOrder/retailOrderBO' failed
	at com.kms.katalon.core.keyword.builtin.CallTestCaseKeyword$_callTestCase_closure1.doCall(CallTestCaseKeyword.groovy:63)
	at com.kms.katalon.core.keyword.builtin.CallTestCaseKeyword$_callTestCase_closure1.call(CallTestCaseKeyword.groovy)
	at com.kms.katalon.core.keyword.internal.KeywordMain.runKeyword(KeywordMain.groovy:66)
	at com.kms.katalon.core.keyword.builtin.CallTestCaseKeyword.callTestCase(CallTestCaseKeyword.groovy:81)
	at com.kms.katalon.core.keyword.builtin.CallTestCaseKeyword.execute(CallTestCaseKeyword.groovy:44)
	at com.kms.katalon.core.keyword.internal.KeywordExecutor.executeKeywordForPlatform(KeywordExecutor.groovy:56)
	at com.kms.katalon.core.keyword.BuiltinKeywords.callTestCase(BuiltinKeywords.groovy:334)
	at rsEditOrderPartialShip.run(rsEditOrderPartialShip:19)
	at com.kms.katalon.core.main.ScriptEngine.run(ScriptEngine.java:194)
	at com.kms.katalon.core.main.ScriptEngine.runScriptAsRawText(ScriptEngine.java:119)
	at com.kms.katalon.core.main.TestCaseExecutor.runScript(TestCaseExecutor.java:342)
	at com.kms.katalon.core.main.TestCaseExecutor.doExecute(TestCaseExecutor.java:333)
	at com.kms.katalon.core.main.TestCaseExecutor.processExecutionPhase(TestCaseExecutor.java:312)
	at com.kms.katalon.core.main.TestCaseExecutor.accessMainPhase(TestCaseExecutor.java:304)
	at com.kms.katalon.core.main.TestCaseExecutor.execute(TestCaseExecutor.java:238)
	at com.kms.katalon.core.main.TestSuiteExecutor.accessTestCaseMainPhase(TestSuiteExecutor.java:129)
	at com.kms.katalon.core.main.TestSuiteExecutor.accessTestSuiteMainPhase(TestSuiteExecutor.java:112)
	at com.kms.katalon.core.main.TestSuiteExecutor.execute(TestSuiteExecutor.java:81)
	at com.kms.katalon.core.main.TestCaseMain.startTestSuite(TestCaseMain.java:157)
	at com.kms.katalon.core.main.TestCaseMain$startTestSuite$0.call(Unknown Source)
	at TempTestSuite1561025032524.run(TempTestSuite1561025032524.groovy:35)
Caused by: com.kms.katalon.core.exception.StepFailedException: Unable to click on object 'Object Repository/Page_cabi Order Items/span_Add to Cart'
	at com.kms.katalon.core.webui.keyword.internal.WebUIKeywordMain.stepFailed(WebUIKeywordMain.groovy:64)
	at com.kms.katalon.core.webui.keyword.internal.WebUIKeywordMain.runKeyword(WebUIKeywordMain.groovy:26)
	at com.kms.katalon.core.webui.keyword.builtin.ClickKeyword.click(ClickKeyword.groovy:86)
	at com.kms.katalon.core.webui.keyword.builtin.ClickKeyword.execute(ClickKeyword.groovy:67)
	at com.kms.katalon.core.keyword.internal.KeywordExecutor.executeKeywordForPlatform(KeywordExecutor.groovy:56)
	at com.kms.katalon.core.webui.keyword.WebUiBuiltInKeywords.click(WebUiBuiltInKeywords.groovy:616)
	at com.kms.katalon.core.webui.keyword.WebUiBuiltInKeywords$click$3.call(Unknown Source)
	at retailOrderBO.run(retailOrderBO:151)
	at com.kms.katalon.core.main.ScriptEngine.run(ScriptEngine.java:194)
	at com.kms.katalon.core.main.ScriptEngine.runScriptAsRawText(ScriptEngine.java:119)
	at com.kms.katalon.core.main.TestCaseExecutor.runScript(TestCaseExecutor.java:342)
	at com.kms.katalon.core.main.TestCaseExecutor.doExecute(TestCaseExecutor.java:333)
	at com.kms.katalon.core.main.TestCaseExecutor.processExecutionPhase(TestCaseExecutor.java:312)
	at com.kms.katalon.core.main.TestCaseExecutor.accessMainPhase(TestCaseExecutor.java:304)
	at com.kms.katalon.core.main.TestCaseExecutor.execute(TestCaseExecutor.java:238)
	at com.kms.katalon.core.main.TestCaseMain.runTestCase(TestCaseMain.java:114)
	at com.kms.katalon.core.keyword.builtin.CallTestCaseKeyword$_callTestCase_closure1.doCall(CallTestCaseKeyword.groovy:59)
	... 20 more
Caused by: com.kms.katalon.core.webui.exception.WebElementNotFoundException: Web element with id: 'Object Repository/Page_cabi Order Items/span_Add to Cart' located by 'By.xpath: //a[@id='addToCart_0']/span' not found
	at com.kms.katalon.core.webui.common.WebUiCommonHelper.findWebElement(WebUiCommonHelper.java:1097)
	at com.kms.katalon.core.webui.keyword.internal.WebUIAbstractKeyword.findWebElement(WebUIAbstractKeyword.groovy:27)
	at com.kms.katalon.core.webui.keyword.internal.WebUIAbstractKeyword.findWebElement(WebUIAbstractKeyword.groovy:26)
	at com.kms.katalon.core.webui.keyword.builtin.ClickKeyword$_click_closure1.doCall(ClickKeyword.groovy:77)
	at com.kms.katalon.core.webui.keyword.builtin.ClickKeyword$_click_closure1.call(ClickKeyword.groovy)
	at com.kms.katalon.core.webui.keyword.internal.WebUIKeywordMain.runKeyword(WebUIKeywordMain.groovy:20)
	at com.kms.katalon.core.webui.keyword.builtin.ClickKeyword.click(ClickKeyword.groovy:86)
	at com.kms.katalon.core.webui.keyword.builtin.ClickKeyword.execute(ClickKeyword.groovy:67)
	at com.kms.katalon.core.keyword.internal.KeywordExecutor.executeKeywordForPlatform(KeywordExecutor.groovy:56)
	at com.kms.katalon.core.webui.keyword.WebUiBuiltInKeywords.click(WebUiBuiltInKeywords.groovy:616)
	at com.kms.katalon.core.webui.keyword.WebUiBuiltInKeywords$click$3.call(Unknown Source)
	at Script1559826813809.run(Script1559826813809.groovy:151)
	at com.kms.katalon.core.main.ScriptEngine.run(ScriptEngine.java:194)
	at com.kms.katalon.core.main.ScriptEngine.runScriptAsRawText(ScriptEngine.java:119)
	at com.kms.katalon.core.main.TestCaseExecutor.runScript(TestCaseExecutor.java:342)
	at com.kms.katalon.core.main.TestCaseExecutor.doExecute(TestCaseExecutor.java:333)
	at com.kms.katalon.core.main.TestCaseExecutor.processExecutionPhase(TestCaseExecutor.java:312)
	at com.kms.katalon.core.main.TestCaseExecutor.accessMainPhase(TestCaseExecutor.java:304)
	at com.kms.katalon.core.main.TestCaseExecutor.execute(TestCaseExecutor.java:238)
	at com.kms.katalon.core.main.TestCaseMain.runTestCase(TestCaseMain.java:114)
	at com.kms.katalon.core.keyword.builtin.CallTestCaseKeyword$_callTestCase_closure1.doCall(CallTestCaseKeyword.groovy:59)
	at com.kms.katalon.core.keyword.builtin.CallTestCaseKeyword$_callTestCase_closure1.call(CallTestCaseKeyword.groovy)
	at com.kms.katalon.core.keyword.internal.KeywordMain.runKeyword(KeywordMain.groovy:66)
	at com.kms.katalon.core.keyword.builtin.CallTestCaseKeyword.callTestCase(CallTestCaseKeyword.groovy:81)
	at com.kms.katalon.core.keyword.builtin.CallTestCaseKeyword.execute(CallTestCaseKeyword.groovy:44)
	at com.kms.katalon.core.keyword.internal.KeywordExecutor.executeKeywordForPlatform(KeywordExecutor.groovy:56)
	at com.kms.katalon.core.keyword.BuiltinKeywords.callTestCase(BuiltinKeywords.groovy:334)
	at Script1560757656625.run(Script1560757656625.groovy:19)
	... 13 more]]></system-err>
      </testcase>
      <testcase name="Test Cases/editOrder/rsEditOrderRS" classname="Test Cases/editOrder/rsEditOrderRS" status="PASSED">
         <system-out><![CDATA[2019-06-20 15:41:46 - [TEST_CASE][PASSED] - Test Cases/editOrder/rsEditOrderRS: Test Cases/editOrder/rsEditOrderRS

2019-06-20 15:41:46 - [TEST_STEP][PASSED] - Start listener action : sampleBeforeTestCase: null

2019-06-20 15:41:46 - [TEST_STEP][PASSED] - println(testCaseContext.getTestCaseId()): null

2019-06-20 15:41:46 - [TEST_STEP][PASSED] - println(testCaseContext.getTestCaseVariables()): null

2019-06-20 15:41:46 - [TEST_STEP][PASSED] - openBrowser(""): Browser is opened with url: ''

2019-06-20 15:41:46 - [MESSAGE][WARNING] - A browser is already opened. Closing browser and opening a new one

2019-06-20 15:41:47 - [MESSAGE][INFO] - Starting 'Chrome' driver

2019-06-20 15:41:47 - [MESSAGE][INFO] - User set preference: ['args', '[--start-maximized, --use-fake-device-for-media-stream]']

2019-06-20 15:41:49 - [MESSAGE][PASSED] - Browser is opened with url: ''

2019-06-20 15:41:49 - [TEST_STEP][PASSED] - callTestCase(findTestCase("virtualShowRSVP/setVHost"), [:], STOP_ON_FAILURE): Call Test Case 'Test Cases/virtualShowRSVP/setVHost' successfully

2019-06-20 15:41:49 - [TEST_CASE][PASSED] - Test Cases/virtualShowRSVP/setVHost: Test Cases/virtualShowRSVP/setVHost

2019-06-20 15:41:49 - [TEST_STEP][PASSED] - dataFile = "micrositeData": null

2019-06-20 15:41:49 - [TEST_STEP][PASSED] - ofbizURL = findTestData(dataFile).getValue("ofbizURL", 1): null

2019-06-20 15:41:49 - [TEST_STEP][PASSED] - ofbizUser = findTestData(dataFile).getValue("ofbizUser", 1): null

2019-06-20 15:41:49 - [TEST_STEP][PASSED] - ofbizPass = findTestData(dataFile).getValue("ofbizPass", 1): null

2019-06-20 15:41:49 - [TEST_STEP][PASSED] - vhostTarget = findTestData(dataFile).getValue("vhostTarget", 1): null

2019-06-20 15:41:49 - [TEST_STEP][PASSED] - navigateToUrl(ofbizURL): Navigate to 'https://pushofbiz.cliotest.com/login.php' successfully

2019-06-20 15:41:51 - [MESSAGE][PASSED] - Navigate to 'https://pushofbiz.cliotest.com/login.php' successfully

2019-06-20 15:41:51 - [TEST_STEP][PASSED] - setText(findTestObject("Object Repository/virualShowRSVPOR/Page_/input_Username_username"), ofbizUser): Text 'automation' is set on object 'Object Repository/virualShowRSVPOR/Page_/input_Username_username'

2019-06-20 15:41:51 - [MESSAGE][PASSED] - Text 'automation' is set on object 'Object Repository/virualShowRSVPOR/Page_/input_Username_username'

2019-06-20 15:41:51 - [TEST_STEP][PASSED] - setText(findTestObject("Object Repository/virualShowRSVPOR/Page_/input_Password_password"), ofbizPass): Text 'cabiautomation' is set on object 'Object Repository/virualShowRSVPOR/Page_/input_Password_password'

2019-06-20 15:41:52 - [MESSAGE][PASSED] - Text 'cabiautomation' is set on object 'Object Repository/virualShowRSVPOR/Page_/input_Password_password'

2019-06-20 15:41:52 - [TEST_STEP][PASSED] - click(findTestObject("Object Repository/virualShowRSVPOR/Page_/input_Password_Submit")): Object: 'Object Repository/virualShowRSVPOR/Page_/input_Password_Submit' is clicked on

2019-06-20 15:41:56 - [MESSAGE][PASSED] - Object: 'Object Repository/virualShowRSVPOR/Page_/input_Password_Submit' is clicked on

2019-06-20 15:41:56 - [TEST_STEP][PASSED] - click(findTestObject("Object Repository/virualShowRSVPOR/Page_/a_Set Vhost")): Object: 'Object Repository/virualShowRSVPOR/Page_/a_Set Vhost' is clicked on

2019-06-20 15:41:56 - [MESSAGE][PASSED] - Object: 'Object Repository/virualShowRSVPOR/Page_/a_Set Vhost' is clicked on

2019-06-20 15:41:56 - [TEST_STEP][PASSED] - click(UtilityMethods.createTestObject("select_target", "//select[@name='Target']/option[contains(text(), '", vhostTarget, "')]")): Object: 'select_target' is clicked on

2019-06-20 15:41:56 - [MESSAGE][PASSED] - Object: 'select_target' is clicked on

2019-06-20 15:41:56 - [TEST_STEP][PASSED] - click(findTestObject("Object Repository/virualShowRSVPOR/Page_/input")): Object: 'Object Repository/virualShowRSVPOR/Page_/input' is clicked on

2019-06-20 15:41:59 - [MESSAGE][PASSED] - Object: 'Object Repository/virualShowRSVPOR/Page_/input' is clicked on

2019-06-20 15:41:59 - [MESSAGE][PASSED] - Call Test Case 'Test Cases/virtualShowRSVP/setVHost' successfully

2019-06-20 15:41:59 - [TEST_STEP][PASSED] - callTestCase(findTestCase("editOrder/retailOrderRS"), ["addOnStyle":""], STOP_ON_FAILURE): Call Test Case 'Test Cases/editOrder/retailOrderRS' successfully

2019-06-20 15:41:59 - [TEST_CASE][PASSED] - Test Cases/editOrder/retailOrderRS: Test Cases/editOrder/retailOrderRS

2019-06-20 15:41:59 - [TEST_STEP][PASSED] - driver = getWebDriver(): null

2019-06-20 15:41:59 - [TEST_STEP][PASSED] - executor = driver: null

2019-06-20 15:41:59 - [TEST_STEP][PASSED] - actions = new org.openqa.selenium.interactions.Actions(driver): null

2019-06-20 15:41:59 - [TEST_STEP][PASSED] - callTestCase(findTestCase("editOrder/rsLogin"), ["RSURL":"", "RSuser":"", "RSpass":""], STOP_ON_FAILURE): Call Test Case 'Test Cases/editOrder/rsLogin' successfully

2019-06-20 15:41:59 - [TEST_CASE][PASSED] - Test Cases/editOrder/rsLogin: Test Cases/editOrder/rsLogin

2019-06-20 15:41:59 - [TEST_STEP][PASSED] - RSURL = findTestData("credData").getValue("RSURL", 1): null

2019-06-20 15:41:59 - [TEST_STEP][PASSED] - RSuser = findTestData("credData").getValue("RSuser", 1): null

2019-06-20 15:41:59 - [TEST_STEP][PASSED] - RSpass = findTestData("credData").getValue("RSpass", 1): null

2019-06-20 15:41:59 - [TEST_STEP][PASSED] - navigateToUrl(RSURL): Navigate to 'https://mirandakate.cabitest5.com' successfully

2019-06-20 15:42:21 - [MESSAGE][PASSED] - Navigate to 'https://mirandakate.cabitest5.com' successfully

2019-06-20 15:42:21 - [TEST_STEP][PASSED] - delay(10): Delayed 10 second(s)

2019-06-20 15:42:31 - [MESSAGE][PASSED] - Delayed 10 second(s)

2019-06-20 15:42:31 - [TEST_STEP][PASSED] - click(findTestObject("Object Repository/ReplicatedSite/Page_Trendy Womens Fashion and Outfits  Cabi Clothing/i_Not my stylist_fa fa-user")): Object: 'Object Repository/ReplicatedSite/Page_Trendy Womens Fashion and Outfits  Cabi Clothing/i_Not my stylist_fa fa-user' is clicked on

2019-06-20 15:42:32 - [MESSAGE][PASSED] - Object: 'Object Repository/ReplicatedSite/Page_Trendy Womens Fashion and Outfits  Cabi Clothing/i_Not my stylist_fa fa-user' is clicked on

2019-06-20 15:42:32 - [TEST_STEP][PASSED] - setText(findTestObject("Object Repository/ReplicatedSite/Page_Trendy Womens Fashion and Outfits  Cabi Clothing/input_Sign in  Create account_email"), RSuser): Text 'michigan@na.com' is set on object 'Object Repository/ReplicatedSite/Page_Trendy Womens Fashion and Outfits  Cabi Clothing/input_Sign in  Create account_email'

2019-06-20 15:42:35 - [MESSAGE][PASSED] - Text 'michigan@na.com' is set on object 'Object Repository/ReplicatedSite/Page_Trendy Womens Fashion and Outfits  Cabi Clothing/input_Sign in  Create account_email'

2019-06-20 15:42:35 - [TEST_STEP][PASSED] - click(findTestObject("Object Repository/ReplicatedSite/Page_Trendy Womens Fashion and Outfits  Cabi Clothing/button_Continue")): Object: 'Object Repository/ReplicatedSite/Page_Trendy Womens Fashion and Outfits  Cabi Clothing/button_Continue' is clicked on

2019-06-20 15:42:35 - [MESSAGE][PASSED] - Object: 'Object Repository/ReplicatedSite/Page_Trendy Womens Fashion and Outfits  Cabi Clothing/button_Continue' is clicked on

2019-06-20 15:42:35 - [TEST_STEP][PASSED] - setText(findTestObject("Object Repository/ReplicatedSite/Page_Trendy Womens Fashion and Outfits  Cabi Clothing/input_Welcome_password"), RSpass): Text 'blackdress19' is set on object 'Object Repository/ReplicatedSite/Page_Trendy Womens Fashion and Outfits  Cabi Clothing/input_Welcome_password'

2019-06-20 15:42:35 - [MESSAGE][PASSED] - Text 'blackdress19' is set on object 'Object Repository/ReplicatedSite/Page_Trendy Womens Fashion and Outfits  Cabi Clothing/input_Welcome_password'

2019-06-20 15:42:35 - [TEST_STEP][PASSED] - click(findTestObject("Object Repository/ReplicatedSite/Page_Trendy Womens Fashion and Outfits  Cabi Clothing/button_Continue")): Object: 'Object Repository/ReplicatedSite/Page_Trendy Womens Fashion and Outfits  Cabi Clothing/button_Continue' is clicked on

2019-06-20 15:42:36 - [MESSAGE][PASSED] - Object: 'Object Repository/ReplicatedSite/Page_Trendy Womens Fashion and Outfits  Cabi Clothing/button_Continue' is clicked on

2019-06-20 15:42:36 - [TEST_STEP][PASSED] - click(findTestObject("Object Repository/ReplicatedSite/Page_Trendy Womens Fashion and Outfits  Cabi Clothing/completeProfileLater")): Object: 'Object Repository/ReplicatedSite/Page_Trendy Womens Fashion and Outfits  Cabi Clothing/completeProfileLater' is clicked on

2019-06-20 15:42:47 - [MESSAGE][PASSED] - Object: 'Object Repository/ReplicatedSite/Page_Trendy Womens Fashion and Outfits  Cabi Clothing/completeProfileLater' is clicked on

2019-06-20 15:42:47 - [MESSAGE][PASSED] - Call Test Case 'Test Cases/editOrder/rsLogin' successfully

2019-06-20 15:42:47 - [TEST_STEP][PASSED] - click(findTestObject("Object Repository/ReplicatedSite/a_shop")): Object: 'Object Repository/ReplicatedSite/a_shop' is clicked on

2019-06-20 15:43:04 - [MESSAGE][PASSED] - Object: 'Object Repository/ReplicatedSite/a_shop' is clicked on

2019-06-20 15:43:04 - [TEST_STEP][PASSED] - delay(10): Delayed 10 second(s)

2019-06-20 15:43:14 - [MESSAGE][PASSED] - Delayed 10 second(s)

2019-06-20 15:43:14 - [TEST_STEP][PASSED] - firstItemToBuy = driver.findElement(By.xpath("(//div[@class='entry-content']/div[@class='item_photos']/div[@class='item_image_main'])[1]")): null

2019-06-20 15:43:14 - [TEST_STEP][PASSED] - build().perform(): null

2019-06-20 15:43:55 - [TEST_STEP][PASSED] - delay(5): Delayed 5 second(s)

2019-06-20 15:44:00 - [MESSAGE][PASSED] - Delayed 5 second(s)

2019-06-20 15:44:00 - [TEST_STEP][PASSED] - click(findTestObject("Object Repository/ReplicatedSite/button_add_item_to_bag")): Object: 'Object Repository/ReplicatedSite/button_add_item_to_bag' is clicked on

2019-06-20 15:44:00 - [MESSAGE][PASSED] - Object: 'Object Repository/ReplicatedSite/button_add_item_to_bag' is clicked on

2019-06-20 15:44:00 - [TEST_STEP][PASSED] - delay(5): Delayed 5 second(s)

2019-06-20 15:44:05 - [MESSAGE][PASSED] - Delayed 5 second(s)

2019-06-20 15:44:05 - [TEST_STEP][PASSED] - click(findTestObject("Object Repository/ReplicatedSite/a_cart_svg")): Object: 'Object Repository/ReplicatedSite/a_cart_svg' is clicked on

2019-06-20 15:44:14 - [MESSAGE][PASSED] - Object: 'Object Repository/ReplicatedSite/a_cart_svg' is clicked on

2019-06-20 15:44:14 - [TEST_STEP][PASSED] - click(findTestObject("Object Repository/ReplicatedSite/a_checkout")): Object: 'Object Repository/ReplicatedSite/a_checkout' is clicked on

2019-06-20 15:44:14 - [MESSAGE][PASSED] - Object: 'Object Repository/ReplicatedSite/a_checkout' is clicked on

2019-06-20 15:44:14 - [TEST_STEP][PASSED] - delay(10): Delayed 10 second(s)

2019-06-20 15:44:24 - [MESSAGE][PASSED] - Delayed 10 second(s)

2019-06-20 15:44:24 - [TEST_STEP][PASSED] - waitForElementClickable(findTestObject("ReplicatedSite/button_save_and_continue"), 30): Object 'Object Repository/ReplicatedSite/button_save_and_continue' is clickable

2019-06-20 15:44:24 - [MESSAGE][PASSED] - Object 'Object Repository/ReplicatedSite/button_save_and_continue' is clickable

2019-06-20 15:44:24 - [TEST_STEP][PASSED] - click(findTestObject("ReplicatedSite/button_save_and_continue")): Object: 'Object Repository/ReplicatedSite/button_save_and_continue' is clicked on

2019-06-20 15:44:24 - [MESSAGE][PASSED] - Object: 'Object Repository/ReplicatedSite/button_save_and_continue' is clicked on

2019-06-20 15:44:24 - [TEST_STEP][PASSED] - delay(3): Delayed 3 second(s)

2019-06-20 15:44:27 - [MESSAGE][PASSED] - Delayed 3 second(s)

2019-06-20 15:44:27 - [TEST_STEP][PASSED] - click(findTestObject("Object Repository/ReplicatedSite/input_pay_with_credit")): Object: 'Object Repository/ReplicatedSite/input_pay_with_credit' is clicked on

2019-06-20 15:44:28 - [MESSAGE][PASSED] - Object: 'Object Repository/ReplicatedSite/input_pay_with_credit' is clicked on

2019-06-20 15:44:28 - [TEST_STEP][PASSED] - click(findTestObject("Object Repository/ReplicatedSite/button_add_another_card")): Object: 'Object Repository/ReplicatedSite/button_add_another_card' is clicked on

2019-06-20 15:44:28 - [MESSAGE][PASSED] - Object: 'Object Repository/ReplicatedSite/button_add_another_card' is clicked on

2019-06-20 15:44:28 - [TEST_STEP][PASSED] - click(findTestObject("Object Repository/ReplicatedSite/select_credit_card_type")): Object: 'Object Repository/ReplicatedSite/select_credit_card_type' is clicked on

2019-06-20 15:44:28 - [MESSAGE][PASSED] - Object: 'Object Repository/ReplicatedSite/select_credit_card_type' is clicked on

2019-06-20 15:44:28 - [TEST_STEP][PASSED] - setText(findTestObject("Object Repository/ReplicatedSite/input_creditcard_first_name"), "abcd"): Text 'abcd' is set on object 'Object Repository/ReplicatedSite/input_creditcard_first_name'

2019-06-20 15:44:28 - [MESSAGE][PASSED] - Text 'abcd' is set on object 'Object Repository/ReplicatedSite/input_creditcard_first_name'

2019-06-20 15:44:28 - [TEST_STEP][PASSED] - setText(findTestObject("Object Repository/ReplicatedSite/input_creditcard_last_name"), "efgh"): Text 'efgh' is set on object 'Object Repository/ReplicatedSite/input_creditcard_last_name'

2019-06-20 15:44:29 - [MESSAGE][PASSED] - Text 'efgh' is set on object 'Object Repository/ReplicatedSite/input_creditcard_last_name'

2019-06-20 15:44:29 - [TEST_STEP][PASSED] - setText(findTestObject("Object Repository/ReplicatedSite/input_creditcard_card_number"), "4111111111111111"): Text '4111111111111111' is set on object 'Object Repository/ReplicatedSite/input_creditcard_card_number'

2019-06-20 15:44:29 - [MESSAGE][PASSED] - Text '4111111111111111' is set on object 'Object Repository/ReplicatedSite/input_creditcard_card_number'

2019-06-20 15:44:29 - [TEST_STEP][PASSED] - click(findTestObject("Object Repository/ReplicatedSite/input_creditcard_expiration_month")): Object: 'Object Repository/ReplicatedSite/input_creditcard_expiration_month' is clicked on

2019-06-20 15:44:29 - [MESSAGE][PASSED] - Object: 'Object Repository/ReplicatedSite/input_creditcard_expiration_month' is clicked on

2019-06-20 15:44:29 - [TEST_STEP][PASSED] - click(findTestObject("Object Repository/ReplicatedSite/input_creditcard_expiration_year")): Object: 'Object Repository/ReplicatedSite/input_creditcard_expiration_year' is clicked on

2019-06-20 15:44:29 - [MESSAGE][PASSED] - Object: 'Object Repository/ReplicatedSite/input_creditcard_expiration_year' is clicked on

2019-06-20 15:44:29 - [TEST_STEP][PASSED] - click(findTestObject("Object Repository/ReplicatedSite/input_billing_address")): Object: 'Object Repository/ReplicatedSite/input_billing_address' is clicked on

2019-06-20 15:44:29 - [MESSAGE][PASSED] - Object: 'Object Repository/ReplicatedSite/input_billing_address' is clicked on

2019-06-20 15:44:29 - [TEST_STEP][PASSED] - click(findTestObject("Object Repository/ReplicatedSite/input_billing_location_mailing")): Object: 'Object Repository/ReplicatedSite/input_billing_location_mailing' is clicked on

2019-06-20 15:44:29 - [MESSAGE][PASSED] - Object: 'Object Repository/ReplicatedSite/input_billing_location_mailing' is clicked on

2019-06-20 15:44:29 - [TEST_STEP][PASSED] - click(findTestObject("Object Repository/ReplicatedSite/input_billing_location_add_new")): Object: 'Object Repository/ReplicatedSite/input_billing_location_add_new' is clicked on

2019-06-20 15:44:29 - [MESSAGE][PASSED] - Object: 'Object Repository/ReplicatedSite/input_billing_location_add_new' is clicked on

2019-06-20 15:44:29 - [TEST_STEP][PASSED] - click(findTestObject("Object Repository/ReplicatedSite/input_billing_location_mailing")): Object: 'Object Repository/ReplicatedSite/input_billing_location_mailing' is clicked on

2019-06-20 15:44:30 - [MESSAGE][PASSED] - Object: 'Object Repository/ReplicatedSite/input_billing_location_mailing' is clicked on

2019-06-20 15:44:30 - [TEST_STEP][PASSED] - driver = getWebDriver(): null

2019-06-20 15:44:30 - [TEST_STEP][PASSED] - element = driver.findElement(By.xpath("(//button[@type='submit']/span[contains(text(), 'Save')])[2]")): null

2019-06-20 15:44:30 - [TEST_STEP][PASSED] - actions = new org.openqa.selenium.interactions.Actions(driver): null

2019-06-20 15:44:30 - [TEST_STEP][PASSED] - build().perform(): null

2019-06-20 15:44:30 - [TEST_STEP][PASSED] - delay(10): Delayed 10 second(s)

2019-06-20 15:44:40 - [MESSAGE][PASSED] - Delayed 10 second(s)

2019-06-20 15:44:40 - [TEST_STEP][PASSED] - waitForElementClickable(findTestObject("ReplicatedSite/button_save_and_continue_2"), 60): Object 'Object Repository/ReplicatedSite/button_save_and_continue_2' is clickable

2019-06-20 15:44:40 - [MESSAGE][PASSED] - Object 'Object Repository/ReplicatedSite/button_save_and_continue_2' is clickable

2019-06-20 15:44:40 - [TEST_STEP][PASSED] - driver = getWebDriver(): null

2019-06-20 15:44:40 - [TEST_STEP][PASSED] - element = driver.findElement(By.xpath("(//button/span[contains(text(), 'Save and Continue')])[2]")): null

2019-06-20 15:44:40 - [TEST_STEP][PASSED] - executor.executeScript("arguments[0].click();", element): null

2019-06-20 15:44:40 - [TEST_STEP][PASSED] - delay(5): Delayed 5 second(s)

2019-06-20 15:44:45 - [MESSAGE][PASSED] - Delayed 5 second(s)

2019-06-20 15:44:45 - [TEST_STEP][PASSED] - waitForElementClickable(findTestObject("Object Repository/ReplicatedSite/span_complete_order"), 30): Object 'Object Repository/ReplicatedSite/span_complete_order' is clickable

2019-06-20 15:44:45 - [MESSAGE][PASSED] - Object 'Object Repository/ReplicatedSite/span_complete_order' is clickable

2019-06-20 15:44:45 - [TEST_STEP][PASSED] - element = driver.findElement(By.xpath("//span[contains(text(), 'COMPLETE ORDER')]")): null

2019-06-20 15:44:45 - [TEST_STEP][PASSED] - executor.executeScript("arguments[0].click();", element): null

2019-06-20 15:44:45 - [TEST_STEP][PASSED] - delay(5): Delayed 5 second(s)

2019-06-20 15:44:50 - [MESSAGE][PASSED] - Delayed 5 second(s)

2019-06-20 15:44:50 - [MESSAGE][PASSED] - Call Test Case 'Test Cases/editOrder/retailOrderRS' successfully

2019-06-20 15:44:50 - [TEST_STEP][PASSED] - verifyElementText(findTestObject("Object Repository/ReplicatedSite/h1_thanks_msg"), "Thanks for placing your order!"): Actual text and expected text of test object 'Object Repository/ReplicatedSite/h1_thanks_msg' are matched.

2019-06-20 15:44:50 - [MESSAGE][PASSED] - Actual text and expected text of test object 'Object Repository/ReplicatedSite/h1_thanks_msg' are matched.

2019-06-20 15:44:50 - [TEST_STEP][PASSED] - editOrderButton = findWebElements(findTestObject("Object Repository/ReplicatedSite/div_edit_order_rs"), 5): null

2019-06-20 15:44:50 - [TEST_STEP][PASSED] - assert editOrderButton.size() > 0: null

2019-06-20 15:44:50 - [TEST_STEP][PASSED] - click(findTestObject("Object Repository/ReplicatedSite/div_edit_order_rs")): Object: 'Object Repository/ReplicatedSite/div_edit_order_rs' is clicked on

2019-06-20 15:44:50 - [MESSAGE][PASSED] - Object: 'Object Repository/ReplicatedSite/div_edit_order_rs' is clicked on

2019-06-20 15:44:50 - [TEST_STEP][PASSED] - delay(10): Delayed 10 second(s)

2019-06-20 15:45:00 - [MESSAGE][PASSED] - Delayed 10 second(s)

2019-06-20 15:45:00 - [TEST_STEP][PASSED] - updateButton = findWebElements(findTestObject("Object Repository/ReplicatedSite/a_update_order"), 1): null

2019-06-20 15:45:00 - [TEST_STEP][PASSED] - assert updateButton.size() > 0: null

2019-06-20 15:45:00 - [TEST_STEP][PASSED] - click(findTestObject("Object Repository/ReplicatedSite/a_update_order")): Object: 'Object Repository/ReplicatedSite/a_update_order' is clicked on

2019-06-20 15:45:00 - [MESSAGE][PASSED] - Object: 'Object Repository/ReplicatedSite/a_update_order' is clicked on

2019-06-20 15:45:00 - [TEST_STEP][PASSED] - delay(5): Delayed 5 second(s)

2019-06-20 15:45:05 - [MESSAGE][PASSED] - Delayed 5 second(s)

2019-06-20 15:45:05 - [TEST_STEP][PASSED] - callTestCase(findTestCase("editOrder/rsUpdateOrder"), [:], STOP_ON_FAILURE): Call Test Case 'Test Cases/editOrder/rsUpdateOrder' successfully

2019-06-20 15:45:05 - [TEST_CASE][PASSED] - Test Cases/editOrder/rsUpdateOrder: Test Cases/editOrder/rsUpdateOrder

2019-06-20 15:45:06 - [TEST_STEP][PASSED] - click(findTestObject("Object Repository/ReplicatedSite/span_shipping_info")): Object: 'Object Repository/ReplicatedSite/span_shipping_info' is clicked on

2019-06-20 15:45:08 - [MESSAGE][PASSED] - Object: 'Object Repository/ReplicatedSite/span_shipping_info' is clicked on

2019-06-20 15:45:08 - [TEST_STEP][PASSED] - click(findTestObject("Object Repository/ReplicatedSite/input_other_address")): Object: 'Object Repository/ReplicatedSite/input_other_address' is clicked on

2019-06-20 15:45:08 - [MESSAGE][PASSED] - Object: 'Object Repository/ReplicatedSite/input_other_address' is clicked on

2019-06-20 15:45:08 - [TEST_STEP][PASSED] - contactNumber = 4: null

2019-06-20 15:45:08 - [TEST_STEP][PASSED] - address1 = findTestData("contactData").getValue("address1", contactNumber): null

2019-06-20 15:45:08 - [TEST_STEP][PASSED] - city = findTestData("contactData").getValue("city", contactNumber): null

2019-06-20 15:45:08 - [TEST_STEP][PASSED] - state = findTestData("contactData").getValue("state", contactNumber): null

2019-06-20 15:45:08 - [TEST_STEP][PASSED] - zip = findTestData("contactData").getValue("zip", contactNumber): null

2019-06-20 15:45:08 - [TEST_STEP][PASSED] - setText(findTestObject("Object Repository/ReplicatedSite/input_address1_update"), address1): Text '1908 INDUSTRIAL PARK DR' is set on object 'Object Repository/ReplicatedSite/input_address1_update'

2019-06-20 15:45:09 - [MESSAGE][PASSED] - Text '1908 INDUSTRIAL PARK DR' is set on object 'Object Repository/ReplicatedSite/input_address1_update'

2019-06-20 15:45:09 - [TEST_STEP][PASSED] - setText(findTestObject("Object Repository/ReplicatedSite/input_city_update"), city): Text 'PLANT CITY' is set on object 'Object Repository/ReplicatedSite/input_city_update'

2019-06-20 15:45:09 - [MESSAGE][PASSED] - Text 'PLANT CITY' is set on object 'Object Repository/ReplicatedSite/input_city_update'

2019-06-20 15:45:09 - [TEST_STEP][PASSED] - xpath = UtilityMethods.concat("//select[@id='stateProvince']/option[@label='", state, "']"): null

2019-06-20 15:45:09 - [TEST_STEP][PASSED] - addressState = new com.kms.katalon.core.testobject.TestObject(select_state_dynamic): null

2019-06-20 15:45:09 - [TEST_STEP][PASSED] - addressState.addProperty("xpath", EQUALS, xpath): null

2019-06-20 15:45:09 - [TEST_STEP][PASSED] - click(addressState): Object: 'select_state_dynamic' is clicked on

2019-06-20 15:45:09 - [MESSAGE][PASSED] - Object: 'select_state_dynamic' is clicked on

2019-06-20 15:45:09 - [TEST_STEP][PASSED] - setText(findTestObject("Object Repository/ReplicatedSite/input_postal_code_update"), zip): Text '33566' is set on object 'Object Repository/ReplicatedSite/input_postal_code_update'

2019-06-20 15:45:09 - [MESSAGE][PASSED] - Text '33566' is set on object 'Object Repository/ReplicatedSite/input_postal_code_update'

2019-06-20 15:45:09 - [TEST_STEP][PASSED] - delay(4): Delayed 4 second(s)

2019-06-20 15:45:13 - [MESSAGE][PASSED] - Delayed 4 second(s)

2019-06-20 15:45:13 - [TEST_STEP][PASSED] - driver = getWebDriver(): null

2019-06-20 15:45:13 - [TEST_STEP][PASSED] - element = driver.findElement(By.xpath("//button[@type='submit']/span[contains(text(), 'Save')]")): null

2019-06-20 15:45:13 - [TEST_STEP][PASSED] - actions = new org.openqa.selenium.interactions.Actions(driver): null

2019-06-20 15:45:13 - [TEST_STEP][PASSED] - build().perform(): null

2019-06-20 15:45:14 - [TEST_STEP][PASSED] - waitForElementClickable(findTestObject("Object Repository/ReplicatedSite/button_save_and_continue"), 30): Object 'Object Repository/ReplicatedSite/button_save_and_continue' is clickable

2019-06-20 15:45:14 - [MESSAGE][PASSED] - Object 'Object Repository/ReplicatedSite/button_save_and_continue' is clickable

2019-06-20 15:45:14 - [TEST_STEP][PASSED] - element = driver.findElement(By.xpath("(//button[@class='btn pull-right'])[1]")): null

2019-06-20 15:45:14 - [TEST_STEP][PASSED] - executor = driver: null

2019-06-20 15:45:14 - [TEST_STEP][PASSED] - executor.executeScript("arguments[0].click();", element): null

2019-06-20 15:45:14 - [TEST_STEP][PASSED] - delay(3): Delayed 3 second(s)

2019-06-20 15:45:17 - [MESSAGE][PASSED] - Delayed 3 second(s)

2019-06-20 15:45:17 - [TEST_STEP][PASSED] - click(findTestObject("Object Repository/ReplicatedSite/input_make_donation")): Object: 'Object Repository/ReplicatedSite/input_make_donation' is clicked on

2019-06-20 15:45:17 - [MESSAGE][PASSED] - Object: 'Object Repository/ReplicatedSite/input_make_donation' is clicked on

2019-06-20 15:45:17 - [TEST_STEP][PASSED] - delay(2): Delayed 2 second(s)

2019-06-20 15:45:19 - [MESSAGE][PASSED] - Delayed 2 second(s)

2019-06-20 15:45:19 - [TEST_STEP][PASSED] - click(findTestObject("Object Repository/ReplicatedSite/input_make_donation")): Object: 'Object Repository/ReplicatedSite/input_make_donation' is clicked on

2019-06-20 15:45:19 - [MESSAGE][PASSED] - Object: 'Object Repository/ReplicatedSite/input_make_donation' is clicked on

2019-06-20 15:45:19 - [TEST_STEP][PASSED] - click(findTestObject("Object Repository/ReplicatedSite/input_pay_with_gc")): Object: 'Object Repository/ReplicatedSite/input_pay_with_gc' is clicked on

2019-06-20 15:45:19 - [MESSAGE][PASSED] - Object: 'Object Repository/ReplicatedSite/input_pay_with_gc' is clicked on

2019-06-20 15:45:19 - [TEST_STEP][PASSED] - delay(2): Delayed 2 second(s)

2019-06-20 15:45:21 - [MESSAGE][PASSED] - Delayed 2 second(s)

2019-06-20 15:45:21 - [TEST_STEP][PASSED] - click(findTestObject("Object Repository/ReplicatedSite/input_pay_with_gc")): Object: 'Object Repository/ReplicatedSite/input_pay_with_gc' is clicked on

2019-06-20 15:45:21 - [MESSAGE][PASSED] - Object: 'Object Repository/ReplicatedSite/input_pay_with_gc' is clicked on

2019-06-20 15:45:21 - [TEST_STEP][PASSED] - click(findTestObject("Object Repository/ReplicatedSite/input_pay_with_credit")): Object: 'Object Repository/ReplicatedSite/input_pay_with_credit' is clicked on

2019-06-20 15:45:21 - [MESSAGE][PASSED] - Object: 'Object Repository/ReplicatedSite/input_pay_with_credit' is clicked on

2019-06-20 15:45:21 - [TEST_STEP][PASSED] - delay(2): Delayed 2 second(s)

2019-06-20 15:45:23 - [MESSAGE][PASSED] - Delayed 2 second(s)

2019-06-20 15:45:23 - [TEST_STEP][PASSED] - click(findTestObject("Object Repository/ReplicatedSite/input_pay_with_credit")): Object: 'Object Repository/ReplicatedSite/input_pay_with_credit' is clicked on

2019-06-20 15:45:24 - [MESSAGE][PASSED] - Object: 'Object Repository/ReplicatedSite/input_pay_with_credit' is clicked on

2019-06-20 15:45:24 - [MESSAGE][PASSED] - Call Test Case 'Test Cases/editOrder/rsUpdateOrder' successfully]]></system-out>
         <system-err><![CDATA[]]></system-err>
      </testcase>
      <testcase name="Test Cases/editOrder/rsEditOrderSimple" classname="Test Cases/editOrder/rsEditOrderSimple" status="FAILED">
         <failure type="FAILED" message="Test Cases/editOrder/rsEditOrderSimple FAILED.
Reason:
com.kms.katalon.core.exception.StepFailedException: Call Test Case 'Test Cases/editOrder/rsOrderHistoryConfirm' failed
	at com.kms.katalon.core.keyword.builtin.CallTestCaseKeyword$_callTestCase_closure1.doCall(CallTestCaseKeyword.groovy:63)
	at com.kms.katalon.core.keyword.builtin.CallTestCaseKeyword$_callTestCase_closure1.call(CallTestCaseKeyword.groovy)
	at com.kms.katalon.core.keyword.internal.KeywordMain.runKeyword(KeywordMain.groovy:66)
	at com.kms.katalon.core.keyword.builtin.CallTestCaseKeyword.callTestCase(CallTestCaseKeyword.groovy:81)
	at com.kms.katalon.core.keyword.builtin.CallTestCaseKeyword.execute(CallTestCaseKeyword.groovy:44)
	at com.kms.katalon.core.keyword.internal.KeywordExecutor.executeKeywordForPlatform(KeywordExecutor.groovy:56)
	at com.kms.katalon.core.keyword.BuiltinKeywords.callTestCase(BuiltinKeywords.groovy:334)
	at rsEditOrderSimple.run(rsEditOrderSimple:24)
	at com.kms.katalon.core.main.ScriptEngine.run(ScriptEngine.java:194)
	at com.kms.katalon.core.main.ScriptEngine.runScriptAsRawText(ScriptEngine.java:119)
	at com.kms.katalon.core.main.TestCaseExecutor.runScript(TestCaseExecutor.java:342)
	at com.kms.katalon.core.main.TestCaseExecutor.doExecute(TestCaseExecutor.java:333)
	at com.kms.katalon.core.main.TestCaseExecutor.processExecutionPhase(TestCaseExecutor.java:312)
	at com.kms.katalon.core.main.TestCaseExecutor.accessMainPhase(TestCaseExecutor.java:304)
	at com.kms.katalon.core.main.TestCaseExecutor.execute(TestCaseExecutor.java:238)
	at com.kms.katalon.core.main.TestSuiteExecutor.accessTestCaseMainPhase(TestSuiteExecutor.java:129)
	at com.kms.katalon.core.main.TestSuiteExecutor.accessTestSuiteMainPhase(TestSuiteExecutor.java:112)
	at com.kms.katalon.core.main.TestSuiteExecutor.execute(TestSuiteExecutor.java:81)
	at com.kms.katalon.core.main.TestCaseMain.startTestSuite(TestCaseMain.java:157)
	at com.kms.katalon.core.main.TestCaseMain$startTestSuite$0.call(Unknown Source)
	at TempTestSuite1561025032524.run(TempTestSuite1561025032524.groovy:35)
Caused by: com.kms.katalon.core.exception.StepFailedException: Unable to click on object 'Object Repository/ReplicatedSite/a_cancel_edit'
	at com.kms.katalon.core.webui.keyword.internal.WebUIKeywordMain.stepFailed(WebUIKeywordMain.groovy:64)
	at com.kms.katalon.core.webui.keyword.internal.WebUIKeywordMain.runKeyword(WebUIKeywordMain.groovy:26)
	at com.kms.katalon.core.webui.keyword.builtin.ClickKeyword.click(ClickKeyword.groovy:86)
	at com.kms.katalon.core.webui.keyword.builtin.ClickKeyword.execute(ClickKeyword.groovy:67)
	at com.kms.katalon.core.keyword.internal.KeywordExecutor.executeKeywordForPlatform(KeywordExecutor.groovy:56)
	at com.kms.katalon.core.webui.keyword.WebUiBuiltInKeywords.click(WebUiBuiltInKeywords.groovy:616)
	at com.kms.katalon.core.webui.keyword.WebUiBuiltInKeywords$click$3.call(Unknown Source)
	at rsOrderHistoryConfirm.run(rsOrderHistoryConfirm:63)
	at com.kms.katalon.core.main.ScriptEngine.run(ScriptEngine.java:194)
	at com.kms.katalon.core.main.ScriptEngine.runScriptAsRawText(ScriptEngine.java:119)
	at com.kms.katalon.core.main.TestCaseExecutor.runScript(TestCaseExecutor.java:342)
	at com.kms.katalon.core.main.TestCaseExecutor.doExecute(TestCaseExecutor.java:333)
	at com.kms.katalon.core.main.TestCaseExecutor.processExecutionPhase(TestCaseExecutor.java:312)
	at com.kms.katalon.core.main.TestCaseExecutor.accessMainPhase(TestCaseExecutor.java:304)
	at com.kms.katalon.core.main.TestCaseExecutor.execute(TestCaseExecutor.java:238)
	at com.kms.katalon.core.main.TestCaseMain.runTestCase(TestCaseMain.java:114)
	at com.kms.katalon.core.keyword.builtin.CallTestCaseKeyword$_callTestCase_closure1.doCall(CallTestCaseKeyword.groovy:59)
	... 20 more
Caused by: com.kms.katalon.core.webui.exception.WebElementNotFoundException: Web element with id: 'Object Repository/ReplicatedSite/a_cancel_edit' located by 'By.xpath: (//a/span[contains(text(), 'Cancel Edit')])[2]' not found
	at com.kms.katalon.core.webui.common.WebUiCommonHelper.findWebElement(WebUiCommonHelper.java:1097)
	at com.kms.katalon.core.webui.keyword.internal.WebUIAbstractKeyword.findWebElement(WebUIAbstractKeyword.groovy:27)
	at com.kms.katalon.core.webui.keyword.internal.WebUIAbstractKeyword.findWebElement(WebUIAbstractKeyword.groovy:26)
	at com.kms.katalon.core.webui.keyword.builtin.ClickKeyword$_click_closure1.doCall(ClickKeyword.groovy:77)
	at com.kms.katalon.core.webui.keyword.builtin.ClickKeyword$_click_closure1.call(ClickKeyword.groovy)
	at com.kms.katalon.core.webui.keyword.internal.WebUIKeywordMain.runKeyword(WebUIKeywordMain.groovy:20)
	at com.kms.katalon.core.webui.keyword.builtin.ClickKeyword.click(ClickKeyword.groovy:86)
	at com.kms.katalon.core.webui.keyword.builtin.ClickKeyword.execute(ClickKeyword.groovy:67)
	at com.kms.katalon.core.keyword.internal.KeywordExecutor.executeKeywordForPlatform(KeywordExecutor.groovy:56)
	at com.kms.katalon.core.webui.keyword.WebUiBuiltInKeywords.click(WebUiBuiltInKeywords.groovy:616)
	at com.kms.katalon.core.webui.keyword.WebUiBuiltInKeywords$click$3.call(Unknown Source)
	at Script1559044226727.run(Script1559044226727.groovy:63)
	at com.kms.katalon.core.main.ScriptEngine.run(ScriptEngine.java:194)
	at com.kms.katalon.core.main.ScriptEngine.runScriptAsRawText(ScriptEngine.java:119)
	at com.kms.katalon.core.main.TestCaseExecutor.runScript(TestCaseExecutor.java:342)
	at com.kms.katalon.core.main.TestCaseExecutor.doExecute(TestCaseExecutor.java:333)
	at com.kms.katalon.core.main.TestCaseExecutor.processExecutionPhase(TestCaseExecutor.java:312)
	at com.kms.katalon.core.main.TestCaseExecutor.accessMainPhase(TestCaseExecutor.java:304)
	at com.kms.katalon.core.main.TestCaseExecutor.execute(TestCaseExecutor.java:238)
	at com.kms.katalon.core.main.TestCaseMain.runTestCase(TestCaseMain.java:114)
	at com.kms.katalon.core.keyword.builtin.CallTestCaseKeyword$_callTestCase_closure1.doCall(CallTestCaseKeyword.groovy:59)
	at com.kms.katalon.core.keyword.builtin.CallTestCaseKeyword$_callTestCase_closure1.call(CallTestCaseKeyword.groovy)
	at com.kms.katalon.core.keyword.internal.KeywordMain.runKeyword(KeywordMain.groovy:66)
	at com.kms.katalon.core.keyword.builtin.CallTestCaseKeyword.callTestCase(CallTestCaseKeyword.groovy:81)
	at com.kms.katalon.core.keyword.builtin.CallTestCaseKeyword.execute(CallTestCaseKeyword.groovy:44)
	at com.kms.katalon.core.keyword.internal.KeywordExecutor.executeKeywordForPlatform(KeywordExecutor.groovy:56)
	at com.kms.katalon.core.keyword.BuiltinKeywords.callTestCase(BuiltinKeywords.groovy:334)
	at Script1560768354780.run(Script1560768354780.groovy:24)
	... 13 more
"/>
         <system-out><![CDATA[2019-06-20 15:45:24 - [TEST_CASE][FAILED] - Test Cases/editOrder/rsEditOrderSimple: Test Cases/editOrder/rsEditOrderSimple FAILED.
Reason:
com.kms.katalon.core.exception.StepFailedException: Call Test Case 'Test Cases/editOrder/rsOrderHistoryConfirm' failed
	at com.kms.katalon.core.keyword.builtin.CallTestCaseKeyword$_callTestCase_closure1.doCall(CallTestCaseKeyword.groovy:63)
	at com.kms.katalon.core.keyword.builtin.CallTestCaseKeyword$_callTestCase_closure1.call(CallTestCaseKeyword.groovy)
	at com.kms.katalon.core.keyword.internal.KeywordMain.runKeyword(KeywordMain.groovy:66)
	at com.kms.katalon.core.keyword.builtin.CallTestCaseKeyword.callTestCase(CallTestCaseKeyword.groovy:81)
	at com.kms.katalon.core.keyword.builtin.CallTestCaseKeyword.execute(CallTestCaseKeyword.groovy:44)
	at com.kms.katalon.core.keyword.internal.KeywordExecutor.executeKeywordForPlatform(KeywordExecutor.groovy:56)
	at com.kms.katalon.core.keyword.BuiltinKeywords.callTestCase(BuiltinKeywords.groovy:334)
	at rsEditOrderSimple.run(rsEditOrderSimple:24)
	at com.kms.katalon.core.main.ScriptEngine.run(ScriptEngine.java:194)
	at com.kms.katalon.core.main.ScriptEngine.runScriptAsRawText(ScriptEngine.java:119)
	at com.kms.katalon.core.main.TestCaseExecutor.runScript(TestCaseExecutor.java:342)
	at com.kms.katalon.core.main.TestCaseExecutor.doExecute(TestCaseExecutor.java:333)
	at com.kms.katalon.core.main.TestCaseExecutor.processExecutionPhase(TestCaseExecutor.java:312)
	at com.kms.katalon.core.main.TestCaseExecutor.accessMainPhase(TestCaseExecutor.java:304)
	at com.kms.katalon.core.main.TestCaseExecutor.execute(TestCaseExecutor.java:238)
	at com.kms.katalon.core.main.TestSuiteExecutor.accessTestCaseMainPhase(TestSuiteExecutor.java:129)
	at com.kms.katalon.core.main.TestSuiteExecutor.accessTestSuiteMainPhase(TestSuiteExecutor.java:112)
	at com.kms.katalon.core.main.TestSuiteExecutor.execute(TestSuiteExecutor.java:81)
	at com.kms.katalon.core.main.TestCaseMain.startTestSuite(TestCaseMain.java:157)
	at com.kms.katalon.core.main.TestCaseMain$startTestSuite$0.call(Unknown Source)
	at TempTestSuite1561025032524.run(TempTestSuite1561025032524.groovy:35)
Caused by: com.kms.katalon.core.exception.StepFailedException: Unable to click on object 'Object Repository/ReplicatedSite/a_cancel_edit'
	at com.kms.katalon.core.webui.keyword.internal.WebUIKeywordMain.stepFailed(WebUIKeywordMain.groovy:64)
	at com.kms.katalon.core.webui.keyword.internal.WebUIKeywordMain.runKeyword(WebUIKeywordMain.groovy:26)
	at com.kms.katalon.core.webui.keyword.builtin.ClickKeyword.click(ClickKeyword.groovy:86)
	at com.kms.katalon.core.webui.keyword.builtin.ClickKeyword.execute(ClickKeyword.groovy:67)
	at com.kms.katalon.core.keyword.internal.KeywordExecutor.executeKeywordForPlatform(KeywordExecutor.groovy:56)
	at com.kms.katalon.core.webui.keyword.WebUiBuiltInKeywords.click(WebUiBuiltInKeywords.groovy:616)
	at com.kms.katalon.core.webui.keyword.WebUiBuiltInKeywords$click$3.call(Unknown Source)
	at rsOrderHistoryConfirm.run(rsOrderHistoryConfirm:63)
	at com.kms.katalon.core.main.ScriptEngine.run(ScriptEngine.java:194)
	at com.kms.katalon.core.main.ScriptEngine.runScriptAsRawText(ScriptEngine.java:119)
	at com.kms.katalon.core.main.TestCaseExecutor.runScript(TestCaseExecutor.java:342)
	at com.kms.katalon.core.main.TestCaseExecutor.doExecute(TestCaseExecutor.java:333)
	at com.kms.katalon.core.main.TestCaseExecutor.processExecutionPhase(TestCaseExecutor.java:312)
	at com.kms.katalon.core.main.TestCaseExecutor.accessMainPhase(TestCaseExecutor.java:304)
	at com.kms.katalon.core.main.TestCaseExecutor.execute(TestCaseExecutor.java:238)
	at com.kms.katalon.core.main.TestCaseMain.runTestCase(TestCaseMain.java:114)
	at com.kms.katalon.core.keyword.builtin.CallTestCaseKeyword$_callTestCase_closure1.doCall(CallTestCaseKeyword.groovy:59)
	... 20 more
Caused by: com.kms.katalon.core.webui.exception.WebElementNotFoundException: Web element with id: 'Object Repository/ReplicatedSite/a_cancel_edit' located by 'By.xpath: (//a/span[contains(text(), 'Cancel Edit')])[2]' not found
	at com.kms.katalon.core.webui.common.WebUiCommonHelper.findWebElement(WebUiCommonHelper.java:1097)
	at com.kms.katalon.core.webui.keyword.internal.WebUIAbstractKeyword.findWebElement(WebUIAbstractKeyword.groovy:27)
	at com.kms.katalon.core.webui.keyword.internal.WebUIAbstractKeyword.findWebElement(WebUIAbstractKeyword.groovy:26)
	at com.kms.katalon.core.webui.keyword.builtin.ClickKeyword$_click_closure1.doCall(ClickKeyword.groovy:77)
	at com.kms.katalon.core.webui.keyword.builtin.ClickKeyword$_click_closure1.call(ClickKeyword.groovy)
	at com.kms.katalon.core.webui.keyword.internal.WebUIKeywordMain.runKeyword(WebUIKeywordMain.groovy:20)
	at com.kms.katalon.core.webui.keyword.builtin.ClickKeyword.click(ClickKeyword.groovy:86)
	at com.kms.katalon.core.webui.keyword.builtin.ClickKeyword.execute(ClickKeyword.groovy:67)
	at com.kms.katalon.core.keyword.internal.KeywordExecutor.executeKeywordForPlatform(KeywordExecutor.groovy:56)
	at com.kms.katalon.core.webui.keyword.WebUiBuiltInKeywords.click(WebUiBuiltInKeywords.groovy:616)
	at com.kms.katalon.core.webui.keyword.WebUiBuiltInKeywords$click$3.call(Unknown Source)
	at Script1559044226727.run(Script1559044226727.groovy:63)
	at com.kms.katalon.core.main.ScriptEngine.run(ScriptEngine.java:194)
	at com.kms.katalon.core.main.ScriptEngine.runScriptAsRawText(ScriptEngine.java:119)
	at com.kms.katalon.core.main.TestCaseExecutor.runScript(TestCaseExecutor.java:342)
	at com.kms.katalon.core.main.TestCaseExecutor.doExecute(TestCaseExecutor.java:333)
	at com.kms.katalon.core.main.TestCaseExecutor.processExecutionPhase(TestCaseExecutor.java:312)
	at com.kms.katalon.core.main.TestCaseExecutor.accessMainPhase(TestCaseExecutor.java:304)
	at com.kms.katalon.core.main.TestCaseExecutor.execute(TestCaseExecutor.java:238)
	at com.kms.katalon.core.main.TestCaseMain.runTestCase(TestCaseMain.java:114)
	at com.kms.katalon.core.keyword.builtin.CallTestCaseKeyword$_callTestCase_closure1.doCall(CallTestCaseKeyword.groovy:59)
	at com.kms.katalon.core.keyword.builtin.CallTestCaseKeyword$_callTestCase_closure1.call(CallTestCaseKeyword.groovy)
	at com.kms.katalon.core.keyword.internal.KeywordMain.runKeyword(KeywordMain.groovy:66)
	at com.kms.katalon.core.keyword.builtin.CallTestCaseKeyword.callTestCase(CallTestCaseKeyword.groovy:81)
	at com.kms.katalon.core.keyword.builtin.CallTestCaseKeyword.execute(CallTestCaseKeyword.groovy:44)
	at com.kms.katalon.core.keyword.internal.KeywordExecutor.executeKeywordForPlatform(KeywordExecutor.groovy:56)
	at com.kms.katalon.core.keyword.BuiltinKeywords.callTestCase(BuiltinKeywords.groovy:334)
	at Script1560768354780.run(Script1560768354780.groovy:24)
	... 13 more


2019-06-20 15:45:24 - [TEST_STEP][PASSED] - Start listener action : sampleBeforeTestCase: null

2019-06-20 15:45:24 - [TEST_STEP][PASSED] - println(testCaseContext.getTestCaseId()): null

2019-06-20 15:45:24 - [TEST_STEP][PASSED] - println(testCaseContext.getTestCaseVariables()): null

2019-06-20 15:45:24 - [TEST_STEP][PASSED] - callTestCase(findTestCase("editOrder/retailOrderBO"), ["editScenarioNumber":1], STOP_ON_FAILURE): Call Test Case 'Test Cases/editOrder/retailOrderBO' successfully

2019-06-20 15:45:24 - [TEST_CASE][PASSED] - Test Cases/editOrder/retailOrderBO: Test Cases/editOrder/retailOrderBO

2019-06-20 15:45:24 - [TEST_STEP][PASSED] - openBrowser(""): Browser is opened with url: ''

2019-06-20 15:45:24 - [MESSAGE][WARNING] - A browser is already opened. Closing browser and opening a new one

2019-06-20 15:45:25 - [MESSAGE][INFO] - Starting 'Chrome' driver

2019-06-20 15:45:25 - [MESSAGE][INFO] - User set preference: ['args', '[--start-maximized, --use-fake-device-for-media-stream]']

2019-06-20 15:45:27 - [MESSAGE][PASSED] - Browser is opened with url: ''

2019-06-20 15:45:27 - [TEST_STEP][PASSED] - maximizeWindow(): Current window maximized

2019-06-20 15:45:28 - [MESSAGE][PASSED] - Current window maximized

2019-06-20 15:45:28 - [TEST_STEP][PASSED] - callTestCase(findTestCase("NewArrival/backOfficeLogin"), ["BOURL":"", "BOuser":"", "BOpass":""], STOP_ON_FAILURE): Call Test Case 'Test Cases/NewArrival/backOfficeLogin' successfully

2019-06-20 15:45:28 - [TEST_CASE][PASSED] - Test Cases/NewArrival/backOfficeLogin: Test Cases/NewArrival/backOfficeLogin

2019-06-20 15:45:28 - [TEST_STEP][PASSED] - BOURL = findTestData("credData").getValue("BOURL", 1): null

2019-06-20 15:45:28 - [TEST_STEP][PASSED] - BOuser = findTestData("credData").getValue("BOuser", 1): null

2019-06-20 15:45:28 - [TEST_STEP][PASSED] - BOpass = findTestData("credData").getValue("BOpass", 1): null

2019-06-20 15:45:28 - [TEST_STEP][PASSED] - navigateToUrl(BOURL): Navigate to 'https://test21.cliotest.com/backoffice/control/main' successfully

2019-06-20 15:45:37 - [MESSAGE][PASSED] - Navigate to 'https://test21.cliotest.com/backoffice/control/main' successfully

2019-06-20 15:45:37 - [TEST_STEP][PASSED] - logOut = findWebElements(findTestObject("Object Repository/Page_cabi Home/log_out"), 1): Unable to find the element located by 'By.xpath: //a[contains(text(),'Log Out')]'. Please recheck the objects properties to make sure the desired element is located. 

2019-06-20 15:45:38 - [MESSAGE][INFO] - Unable to find the element located by 'By.xpath: //a[contains(text(),'Log Out')]'. Please recheck the objects properties to make sure the desired element is located. 

2019-06-20 15:45:39 - [TEST_STEP][PASSED] - if (logOut.size() == 0): Object: 'Object Repository/Page_cabi/input_Welcome to_consultantLogin' is clicked on

2019-06-20 15:45:39 - [TEST_STEP][PASSED] - setText(findTestObject("Page_cabi/input_Welcome to_USERNAME"), BOuser): Text '400000002' is set on object 'Object Repository/Page_cabi/input_Welcome to_USERNAME'

2019-06-20 15:45:39 - [MESSAGE][PASSED] - Text '400000002' is set on object 'Object Repository/Page_cabi/input_Welcome to_USERNAME'

2019-06-20 15:45:39 - [TEST_STEP][PASSED] - setText(findTestObject("Object Repository/Page_cabi/input_Welcome to_PASSWORD"), BOpass): Text 'blackdress19' is set on object 'Object Repository/Page_cabi/input_Welcome to_PASSWORD'

2019-06-20 15:45:39 - [MESSAGE][PASSED] - Text 'blackdress19' is set on object 'Object Repository/Page_cabi/input_Welcome to_PASSWORD'

2019-06-20 15:45:39 - [TEST_STEP][PASSED] - click(findTestObject("Object Repository/Page_cabi/input_Welcome to_consultantLogin")): Object: 'Object Repository/Page_cabi/input_Welcome to_consultantLogin' is clicked on

2019-06-20 15:45:47 - [MESSAGE][PASSED] - Object: 'Object Repository/Page_cabi/input_Welcome to_consultantLogin' is clicked on

2019-06-20 15:45:47 - [TEST_STEP][PASSED] - delay(3): Delayed 3 second(s)

2019-06-20 15:45:50 - [MESSAGE][PASSED] - Delayed 3 second(s)

2019-06-20 15:45:50 - [MESSAGE][PASSED] - Call Test Case 'Test Cases/NewArrival/backOfficeLogin' successfully

2019-06-20 15:45:50 - [TEST_STEP][PASSED] - click(findTestObject("Object Repository/Page_cabi Home/a_Shows  Orders")): Object: 'Object Repository/Page_cabi Home/a_Shows  Orders' is clicked on

2019-06-20 15:45:50 - [MESSAGE][PASSED] - Object: 'Object Repository/Page_cabi Home/a_Shows  Orders' is clicked on

2019-06-20 15:45:50 - [TEST_STEP][PASSED] - delay(1): Delayed 1 second(s)

2019-06-20 15:45:51 - [MESSAGE][PASSED] - Delayed 1 second(s)

2019-06-20 15:45:51 - [TEST_STEP][PASSED] - rightClick(findTestObject("Page_cabi Home/a_Shows  Orders")): Object: 'Object Repository/Page_cabi Home/a_Shows  Orders' is right clicked on

2019-06-20 15:45:51 - [MESSAGE][PASSED] - Object: 'Object Repository/Page_cabi Home/a_Shows  Orders' is right clicked on

2019-06-20 15:45:51 - [TEST_STEP][PASSED] - click(findTestObject("Page_cabi Home/a_retail_purchases")): Object: 'Object Repository/Page_cabi Home/a_retail_purchases' is clicked on

2019-06-20 15:45:56 - [MESSAGE][PASSED] - Object: 'Object Repository/Page_cabi Home/a_retail_purchases' is clicked on

2019-06-20 15:45:56 - [TEST_STEP][PASSED] - delay(3): Delayed 3 second(s)

2019-06-20 15:45:59 - [MESSAGE][PASSED] - Delayed 3 second(s)

2019-06-20 15:45:59 - [TEST_STEP][PASSED] - click(findTestObject("Object Repository/Page_cabi Home/existingCustomer")): Object: 'Object Repository/Page_cabi Home/existingCustomer' is clicked on

2019-06-20 15:45:59 - [MESSAGE][PASSED] - Object: 'Object Repository/Page_cabi Home/existingCustomer' is clicked on

2019-06-20 15:45:59 - [TEST_STEP][PASSED] - contactNumber = 5: null

2019-06-20 15:45:59 - [TEST_STEP][PASSED] - firstName = findTestData("contactData").getValue("firstName", contactNumber): null

2019-06-20 15:45:59 - [TEST_STEP][PASSED] - lastName = findTestData("contactData").getValue("lastName", contactNumber): null

2019-06-20 15:45:59 - [TEST_STEP][PASSED] - email = findTestData("contactData").getValue("email", contactNumber): null

2019-06-20 15:45:59 - [TEST_STEP][PASSED] - address1 = findTestData("contactData").getValue("address1", contactNumber): null

2019-06-20 15:45:59 - [TEST_STEP][PASSED] - city = findTestData("contactData").getValue("city", contactNumber): null

2019-06-20 15:45:59 - [TEST_STEP][PASSED] - state = findTestData("contactData").getValue("state", contactNumber): null

2019-06-20 15:45:59 - [TEST_STEP][PASSED] - zip = findTestData("contactData").getValue("zip", contactNumber): null

2019-06-20 15:45:59 - [TEST_STEP][PASSED] - existingCustFName = firstName: null

2019-06-20 15:45:59 - [TEST_STEP][PASSED] - existingCustLName = lastName: null

2019-06-20 15:45:59 - [TEST_STEP][PASSED] - space = " ": null

2019-06-20 15:45:59 - [TEST_STEP][PASSED] - existingCust = $existingCustFName$space$existingCustLName: null

2019-06-20 15:45:59 - [TEST_STEP][PASSED] - setText(findTestObject("Object Repository/Page_cabi Home/input_existing_guest"), existingCust): Text 'Michigan Contact' is set on object 'Object Repository/Page_cabi Home/input_existing_guest'

2019-06-20 15:45:59 - [MESSAGE][PASSED] - Text 'Michigan Contact' is set on object 'Object Repository/Page_cabi Home/input_existing_guest'

2019-06-20 15:45:59 - [TEST_STEP][PASSED] - delay(3): Delayed 3 second(s)

2019-06-20 15:46:02 - [MESSAGE][PASSED] - Delayed 3 second(s)

2019-06-20 15:46:02 - [TEST_STEP][PASSED] - rightClick(findTestObject("Object Repository/Page_cabi Home/input_existing_guest")): Object: 'Object Repository/Page_cabi Home/input_existing_guest' is right clicked on

2019-06-20 15:46:02 - [MESSAGE][PASSED] - Object: 'Object Repository/Page_cabi Home/input_existing_guest' is right clicked on

2019-06-20 15:46:02 - [TEST_STEP][PASSED] - rightClick(findTestObject("Object Repository/Page_cabi Home/input_existing_guest")): Object: 'Object Repository/Page_cabi Home/input_existing_guest' is right clicked on

2019-06-20 15:46:02 - [MESSAGE][PASSED] - Object: 'Object Repository/Page_cabi Home/input_existing_guest' is right clicked on

2019-06-20 15:46:02 - [TEST_STEP][PASSED] - click(findTestObject("Object Repository/Page_cabi Create Show - Set Hostess/a_select_customer")): Object: 'Object Repository/Page_cabi Create Show - Set Hostess/a_select_customer' is clicked on

2019-06-20 15:46:03 - [MESSAGE][PASSED] - Object: 'Object Repository/Page_cabi Create Show - Set Hostess/a_select_customer' is clicked on

2019-06-20 15:46:03 - [TEST_STEP][PASSED] - setText(findTestObject("Object Repository/Page_cabi Home/input_existing_guest"), existingCust): Text 'Michigan Contact' is set on object 'Object Repository/Page_cabi Home/input_existing_guest'

2019-06-20 15:46:03 - [MESSAGE][PASSED] - Text 'Michigan Contact' is set on object 'Object Repository/Page_cabi Home/input_existing_guest'

2019-06-20 15:46:03 - [TEST_STEP][PASSED] - setText(findTestObject("Object Repository/Page_cabi Retail Store/input_email"), email): Text 'michigan@na.com' is set on object 'Object Repository/Page_cabi Retail Store/input_email'

2019-06-20 15:46:04 - [MESSAGE][PASSED] - Text 'michigan@na.com' is set on object 'Object Repository/Page_cabi Retail Store/input_email'

2019-06-20 15:46:04 - [TEST_STEP][PASSED] - setText(findTestObject("Object Repository/Page_cabi Edit Customer Profile/input_Address1_address1"), address1): Text '972 BRAHMS CT' is set on object 'Object Repository/Page_cabi Edit Customer Profile/input_Address1_address1'

2019-06-20 15:46:04 - [MESSAGE][PASSED] - Text '972 BRAHMS CT' is set on object 'Object Repository/Page_cabi Edit Customer Profile/input_Address1_address1'

2019-06-20 15:46:04 - [TEST_STEP][PASSED] - setText(findTestObject("Object Repository/Page_cabi Edit Customer Profile/input_Address2_address2"), ""): Text '' is set on object 'Object Repository/Page_cabi Edit Customer Profile/input_Address2_address2'

2019-06-20 15:46:04 - [MESSAGE][PASSED] - Text '' is set on object 'Object Repository/Page_cabi Edit Customer Profile/input_Address2_address2'

2019-06-20 15:46:04 - [TEST_STEP][PASSED] - setText(findTestObject("Object Repository/Page_cabi Edit Customer Profile/input_City_city"), city): Text 'TROY' is set on object 'Object Repository/Page_cabi Edit Customer Profile/input_City_city'

2019-06-20 15:46:04 - [MESSAGE][PASSED] - Text 'TROY' is set on object 'Object Repository/Page_cabi Edit Customer Profile/input_City_city'

2019-06-20 15:46:04 - [TEST_STEP][PASSED] - click(findTestObject("Page_cabi Edit Customer Profile/span_select_a_state")): Object: 'Object Repository/Page_cabi Edit Customer Profile/span_select_a_state' is clicked on

2019-06-20 15:46:04 - [MESSAGE][PASSED] - Object: 'Object Repository/Page_cabi Edit Customer Profile/span_select_a_state' is clicked on

2019-06-20 15:46:04 - [TEST_STEP][PASSED] - delay(1): Delayed 1 second(s)

2019-06-20 15:46:05 - [MESSAGE][PASSED] - Delayed 1 second(s)

2019-06-20 15:46:05 - [TEST_STEP][PASSED] - setText(findTestObject("Object Repository/Page_cabi Edit Customer Profile/input_state_1"), state): Text 'Michigan' is set on object 'Object Repository/Page_cabi Edit Customer Profile/input_state_1'

2019-06-20 15:46:05 - [MESSAGE][PASSED] - Text 'Michigan' is set on object 'Object Repository/Page_cabi Edit Customer Profile/input_state_1'

2019-06-20 15:46:05 - [TEST_STEP][PASSED] - delay(2): Delayed 2 second(s)

2019-06-20 15:46:07 - [MESSAGE][PASSED] - Delayed 2 second(s)

2019-06-20 15:46:07 - [TEST_STEP][PASSED] - click(findTestObject("Page_cabi Edit Customer Profile/span_state")): Object: 'Object Repository/Page_cabi Edit Customer Profile/span_state' is clicked on

2019-06-20 15:46:08 - [MESSAGE][PASSED] - Object: 'Object Repository/Page_cabi Edit Customer Profile/span_state' is clicked on

2019-06-20 15:46:08 - [TEST_STEP][PASSED] - setText(findTestObject("Page_cabi Edit Customer Profile/input_state_postalCode"), zip): Text '48085' is set on object 'Object Repository/Page_cabi Edit Customer Profile/input_state_postalCode'

2019-06-20 15:46:08 - [MESSAGE][PASSED] - Text '48085' is set on object 'Object Repository/Page_cabi Edit Customer Profile/input_state_postalCode'

2019-06-20 15:46:08 - [TEST_STEP][PASSED] - delay(5): Delayed 5 second(s)

2019-06-20 15:46:13 - [MESSAGE][PASSED] - Delayed 5 second(s)

2019-06-20 15:46:13 - [TEST_STEP][PASSED] - check(findTestObject("Object Repository/Page_cabi Home/a_same_shipping_address")): Object 'Object Repository/Page_cabi Home/a_same_shipping_address' is checked

2019-06-20 15:46:13 - [MESSAGE][PASSED] - Object 'Object Repository/Page_cabi Home/a_same_shipping_address' is checked

2019-06-20 15:46:13 - [TEST_STEP][PASSED] - delay(5): Delayed 5 second(s)

2019-06-20 15:46:18 - [MESSAGE][PASSED] - Delayed 5 second(s)

2019-06-20 15:46:18 - [TEST_STEP][PASSED] - check(findTestObject("Object Repository/Page_cabi Home/a_same_shipping_address")): Object 'Object Repository/Page_cabi Home/a_same_shipping_address' is checked

2019-06-20 15:46:18 - [MESSAGE][PASSED] - Object 'Object Repository/Page_cabi Home/a_same_shipping_address' is checked

2019-06-20 15:46:18 - [TEST_STEP][PASSED] - delay(10): Delayed 10 second(s)

2019-06-20 15:46:28 - [MESSAGE][PASSED] - Delayed 10 second(s)

2019-06-20 15:46:28 - [TEST_STEP][PASSED] - click(findTestObject("Page_cabi Retail Store/span_next_1")): Object: 'Object Repository/Page_cabi Retail Store/span_next_1' is clicked on

2019-06-20 15:46:28 - [MESSAGE][PASSED] - Object: 'Object Repository/Page_cabi Retail Store/span_next_1' is clicked on

2019-06-20 15:46:28 - [TEST_STEP][PASSED] - delay(3): Delayed 3 second(s)

2019-06-20 15:46:31 - [MESSAGE][PASSED] - Delayed 3 second(s)

2019-06-20 15:46:31 - [TEST_STEP][PASSED] - click(findTestObject("Object Repository/Page_cabi Retail Store/span_quick_entry")): Object: 'Object Repository/Page_cabi Retail Store/span_quick_entry' is clicked on

2019-06-20 15:46:36 - [MESSAGE][PASSED] - Object: 'Object Repository/Page_cabi Retail Store/span_quick_entry' is clicked on

2019-06-20 15:46:36 - [TEST_STEP][PASSED] - delay(3): Delayed 3 second(s)

2019-06-20 15:46:39 - [MESSAGE][PASSED] - Delayed 3 second(s)

2019-06-20 15:46:39 - [TEST_STEP][PASSED] - emptyCart = findWebElements(findTestObject("Object Repository/Page_cabi Personal Store/removeFromCart"), 5): null

2019-06-20 15:46:39 - [TEST_STEP][PASSED] - if (emptyCart.size() > 0): Delayed 5 second(s)

2019-06-20 15:46:39 - [TEST_STEP][PASSED] - click(findTestObject("Object Repository/Page_cabi Personal Store/removeFromCart")): Object: 'Object Repository/Page_cabi Personal Store/removeFromCart' is clicked on

2019-06-20 15:46:39 - [MESSAGE][PASSED] - Object: 'Object Repository/Page_cabi Personal Store/removeFromCart' is clicked on

2019-06-20 15:46:39 - [TEST_STEP][PASSED] - println("cart not empty"): null

2019-06-20 15:46:39 - [TEST_STEP][PASSED] - delay(5): Delayed 5 second(s)

2019-06-20 15:46:44 - [MESSAGE][PASSED] - Delayed 5 second(s)

2019-06-20 15:46:44 - [TEST_STEP][PASSED] - addOnStyle = findTestData("miscData").getValue("addOnStyle", 1): null

2019-06-20 15:46:44 - [TEST_STEP][PASSED] - addOnStyle2 = findTestData("miscData").getValue("addOnStyle", 2): null

2019-06-20 15:46:44 - [TEST_STEP][PASSED] - click(findTestObject("Object Repository/Page_cabi Create Order/input_Manual Discount_stylelookup_0")): Object: 'Object Repository/Page_cabi Create Order/input_Manual Discount_stylelookup_0' is clicked on

2019-06-20 15:46:44 - [MESSAGE][PASSED] - Object: 'Object Repository/Page_cabi Create Order/input_Manual Discount_stylelookup_0' is clicked on

2019-06-20 15:46:44 - [TEST_STEP][PASSED] - setText(findTestObject("Object Repository/Page_cabi Create Order/input_Manual Discount_stylelookup_0"), addOnStyle): Text '5447' is set on object 'Object Repository/Page_cabi Create Order/input_Manual Discount_stylelookup_0'

2019-06-20 15:46:45 - [MESSAGE][PASSED] - Text '5447' is set on object 'Object Repository/Page_cabi Create Order/input_Manual Discount_stylelookup_0'

2019-06-20 15:46:45 - [TEST_STEP][PASSED] - delay(3): Delayed 3 second(s)

2019-06-20 15:46:48 - [MESSAGE][PASSED] - Delayed 3 second(s)

2019-06-20 15:46:48 - [TEST_STEP][PASSED] - prod_message = getText(findTestObject("Page_cabi Create Order/first_option")): Text of object 'Object Repository/Page_cabi Create Order/first_option' is: '5447 Bishop Cardigan'

2019-06-20 15:46:48 - [MESSAGE][PASSED] - Text of object 'Object Repository/Page_cabi Create Order/first_option' is: '5447 Bishop Cardigan'

2019-06-20 15:46:48 - [TEST_STEP][PASSED] - click(findTestObject("Page_cabi Create Order/first_option")): Object: 'Object Repository/Page_cabi Create Order/first_option' is clicked on

2019-06-20 15:46:48 - [MESSAGE][PASSED] - Object: 'Object Repository/Page_cabi Create Order/first_option' is clicked on

2019-06-20 15:46:48 - [TEST_STEP][PASSED] - delay(5): Delayed 5 second(s)

2019-06-20 15:46:53 - [MESSAGE][PASSED] - Delayed 5 second(s)

2019-06-20 15:46:53 - [TEST_STEP][PASSED] - click(findTestObject("Object Repository/Page_cabi Order Items/selectSize")): Object: 'Object Repository/Page_cabi Order Items/selectSize' is clicked on

2019-06-20 15:46:53 - [MESSAGE][PASSED] - Object: 'Object Repository/Page_cabi Order Items/selectSize' is clicked on

2019-06-20 15:46:53 - [TEST_STEP][PASSED] - click(findTestObject("Object Repository/Page_cabi Order Items/span_Add to Cart")): Object: 'Object Repository/Page_cabi Order Items/span_Add to Cart' is clicked on

2019-06-20 15:46:53 - [MESSAGE][PASSED] - Object: 'Object Repository/Page_cabi Order Items/span_Add to Cart' is clicked on

2019-06-20 15:46:53 - [TEST_STEP][PASSED] - delay(5): Delayed 5 second(s)

2019-06-20 15:46:58 - [MESSAGE][PASSED] - Delayed 5 second(s)

2019-06-20 15:46:58 - [TEST_STEP][PASSED] - click(findTestObject("Object Repository/Page_cabi Create Order/inputStyleLookup1")): Object: 'Object Repository/Page_cabi Create Order/inputStyleLookup1' is clicked on

2019-06-20 15:46:58 - [MESSAGE][PASSED] - Object: 'Object Repository/Page_cabi Create Order/inputStyleLookup1' is clicked on

2019-06-20 15:46:58 - [TEST_STEP][PASSED] - setText(findTestObject("Object Repository/Page_cabi Create Order/inputStyleLookup1"), addOnStyle2): Text '5448' is set on object 'Object Repository/Page_cabi Create Order/inputStyleLookup1'

2019-06-20 15:46:58 - [MESSAGE][PASSED] - Text '5448' is set on object 'Object Repository/Page_cabi Create Order/inputStyleLookup1'

2019-06-20 15:46:58 - [TEST_STEP][PASSED] - delay(3): Delayed 3 second(s)

2019-06-20 15:47:01 - [MESSAGE][PASSED] - Delayed 3 second(s)

2019-06-20 15:47:01 - [TEST_STEP][PASSED] - prod_message2 = getText(findTestObject("Page_cabi Create Order/first_option")): Text of object 'Object Repository/Page_cabi Create Order/first_option' is: '5448 Sailor Pullover'

2019-06-20 15:47:01 - [MESSAGE][PASSED] - Text of object 'Object Repository/Page_cabi Create Order/first_option' is: '5448 Sailor Pullover'

2019-06-20 15:47:01 - [TEST_STEP][PASSED] - click(findTestObject("Page_cabi Create Order/first_option")): Object: 'Object Repository/Page_cabi Create Order/first_option' is clicked on

2019-06-20 15:47:01 - [MESSAGE][PASSED] - Object: 'Object Repository/Page_cabi Create Order/first_option' is clicked on

2019-06-20 15:47:01 - [TEST_STEP][PASSED] - delay(5): Delayed 5 second(s)

2019-06-20 15:47:06 - [MESSAGE][PASSED] - Delayed 5 second(s)

2019-06-20 15:47:06 - [TEST_STEP][PASSED] - click(findTestObject("Object Repository/Page_cabi Order Items/selectSize2")): Object: 'Object Repository/Page_cabi Order Items/selectSize2' is clicked on

2019-06-20 15:47:06 - [MESSAGE][PASSED] - Object: 'Object Repository/Page_cabi Order Items/selectSize2' is clicked on

2019-06-20 15:47:06 - [TEST_STEP][PASSED] - click(findTestObject("Object Repository/Page_cabi Order Items/addToCart2")): Object: 'Object Repository/Page_cabi Order Items/addToCart2' is clicked on

2019-06-20 15:47:07 - [MESSAGE][PASSED] - Object: 'Object Repository/Page_cabi Order Items/addToCart2' is clicked on

2019-06-20 15:47:07 - [TEST_STEP][PASSED] - delay(5): Delayed 5 second(s)

2019-06-20 15:47:12 - [MESSAGE][PASSED] - Delayed 5 second(s)

2019-06-20 15:47:12 - [TEST_STEP][PASSED] - if (editScenarioNumber == 1): null

2019-06-20 15:47:12 - [TEST_STEP][PASSED] - click(findTestObject("Object Repository/Page_cabi Order Items/a_checkout")): Object: 'Object Repository/Page_cabi Order Items/a_checkout' is clicked on

2019-06-20 15:47:12 - [MESSAGE][PASSED] - Object: 'Object Repository/Page_cabi Order Items/a_checkout' is clicked on

2019-06-20 15:47:12 - [TEST_STEP][PASSED] - delay(3): Delayed 3 second(s)

2019-06-20 15:47:15 - [MESSAGE][PASSED] - Delayed 3 second(s)

2019-06-20 15:47:15 - [TEST_STEP][PASSED] - click(findTestObject("Page_cabi Personal Store/nextButtonShipping")): Object: 'Object Repository/Page_cabi Personal Store/nextButtonShipping' is clicked on

2019-06-20 15:47:15 - [MESSAGE][PASSED] - Object: 'Object Repository/Page_cabi Personal Store/nextButtonShipping' is clicked on

2019-06-20 15:47:15 - [TEST_STEP][PASSED] - delay(3): Delayed 3 second(s)

2019-06-20 15:47:18 - [MESSAGE][PASSED] - Delayed 3 second(s)

2019-06-20 15:47:18 - [TEST_STEP][PASSED] - click(findTestObject("Page_cabi Personal Store/makeFirstPayment")): Object: 'Object Repository/Page_cabi Personal Store/makeFirstPayment' is clicked on

2019-06-20 15:47:18 - [MESSAGE][PASSED] - Object: 'Object Repository/Page_cabi Personal Store/makeFirstPayment' is clicked on

2019-06-20 15:47:18 - [TEST_STEP][PASSED] - click(findTestObject("Object Repository/Page_cabi Personal Store/select_cash")): Object: 'Object Repository/Page_cabi Personal Store/select_cash' is clicked on

2019-06-20 15:47:18 - [MESSAGE][PASSED] - Object: 'Object Repository/Page_cabi Personal Store/select_cash' is clicked on

2019-06-20 15:47:18 - [TEST_STEP][PASSED] - click(findTestObject("Page_cabi Personal Store/submitPayment")): Object: 'Object Repository/Page_cabi Personal Store/submitPayment' is clicked on

2019-06-20 15:47:18 - [MESSAGE][PASSED] - Object: 'Object Repository/Page_cabi Personal Store/submitPayment' is clicked on

2019-06-20 15:47:18 - [TEST_STEP][PASSED] - click(findTestObject("Page_cabi Personal Store/submitOrderId")): Object: 'Object Repository/Page_cabi Personal Store/submitOrderId' is clicked on

2019-06-20 15:47:21 - [MESSAGE][PASSED] - Object: 'Object Repository/Page_cabi Personal Store/submitOrderId' is clicked on

2019-06-20 15:47:21 - [TEST_STEP][PASSED] - successMsg = "": null

2019-06-20 15:47:21 - [TEST_STEP][PASSED] - orderSuccess = false: null

2019-06-20 15:47:21 - [TEST_STEP][PASSED] - successMsgs = findWebElements(findTestObject("Object Repository/Page_cabi Personal Store/p_success_msg"), 5): null

2019-06-20 15:47:21 - [TEST_STEP][PASSED] - if (successMsgs.size() > 0): Text of object 'Object Repository/Page_cabi Personal Store/p_order_id' is: 'RT707986411'

2019-06-20 15:47:21 - [TEST_STEP][PASSED] - successMsg = getText(findTestObject("Object Repository/Page_cabi Personal Store/p_success_msg")): Text of object 'Object Repository/Page_cabi Personal Store/p_success_msg' is: 'Order Created Successfully!!
Order #:  RT707986411

CONTINUE SHOPPING'

2019-06-20 15:47:21 - [MESSAGE][PASSED] - Text of object 'Object Repository/Page_cabi Personal Store/p_success_msg' is: 'Order Created Successfully!!
Order #:  RT707986411

CONTINUE SHOPPING'

2019-06-20 15:47:21 - [TEST_STEP][PASSED] - orderSuccess = true: null

2019-06-20 15:47:21 - [TEST_STEP][PASSED] - retailOrderID = getText(findTestObject("Object Repository/Page_cabi Personal Store/p_order_id")): Text of object 'Object Repository/Page_cabi Personal Store/p_order_id' is: 'RT707986411'

2019-06-20 15:47:21 - [MESSAGE][PASSED] - Text of object 'Object Repository/Page_cabi Personal Store/p_order_id' is: 'RT707986411'

2019-06-20 15:47:21 - [TEST_STEP][PASSED] - assert orderSuccess == true: null

2019-06-20 15:47:21 - [TEST_STEP][NOT_RUN] - closeBrowser(): NOT_RUN: closeBrowser()

2019-06-20 15:47:21 - [MESSAGE][NOT_RUN] - NOT_RUN: closeBrowser()

2019-06-20 15:47:21 - [MESSAGE][PASSED] - Call Test Case 'Test Cases/editOrder/retailOrderBO' successfully

2019-06-20 15:47:21 - [TEST_STEP][PASSED] - delay(10): Delayed 10 second(s)

2019-06-20 15:47:31 - [MESSAGE][PASSED] - Delayed 10 second(s)

2019-06-20 15:47:31 - [TEST_STEP][PASSED] - callTestCase(findTestCase("virtualShowRSVP/setVHost"), [:], STOP_ON_FAILURE): Call Test Case 'Test Cases/virtualShowRSVP/setVHost' successfully

2019-06-20 15:47:31 - [TEST_CASE][PASSED] - Test Cases/virtualShowRSVP/setVHost: Test Cases/virtualShowRSVP/setVHost

2019-06-20 15:47:31 - [TEST_STEP][PASSED] - dataFile = "micrositeData": null

2019-06-20 15:47:31 - [TEST_STEP][PASSED] - ofbizURL = findTestData(dataFile).getValue("ofbizURL", 1): null

2019-06-20 15:47:31 - [TEST_STEP][PASSED] - ofbizUser = findTestData(dataFile).getValue("ofbizUser", 1): null

2019-06-20 15:47:31 - [TEST_STEP][PASSED] - ofbizPass = findTestData(dataFile).getValue("ofbizPass", 1): null

2019-06-20 15:47:31 - [TEST_STEP][PASSED] - vhostTarget = findTestData(dataFile).getValue("vhostTarget", 1): null

2019-06-20 15:47:31 - [TEST_STEP][PASSED] - navigateToUrl(ofbizURL): Navigate to 'https://pushofbiz.cliotest.com/login.php' successfully

2019-06-20 15:47:33 - [MESSAGE][PASSED] - Navigate to 'https://pushofbiz.cliotest.com/login.php' successfully

2019-06-20 15:47:33 - [TEST_STEP][PASSED] - setText(findTestObject("Object Repository/virualShowRSVPOR/Page_/input_Username_username"), ofbizUser): Text 'automation' is set on object 'Object Repository/virualShowRSVPOR/Page_/input_Username_username'

2019-06-20 15:47:33 - [MESSAGE][PASSED] - Text 'automation' is set on object 'Object Repository/virualShowRSVPOR/Page_/input_Username_username'

2019-06-20 15:47:33 - [TEST_STEP][PASSED] - setText(findTestObject("Object Repository/virualShowRSVPOR/Page_/input_Password_password"), ofbizPass): Text 'cabiautomation' is set on object 'Object Repository/virualShowRSVPOR/Page_/input_Password_password'

2019-06-20 15:47:33 - [MESSAGE][PASSED] - Text 'cabiautomation' is set on object 'Object Repository/virualShowRSVPOR/Page_/input_Password_password'

2019-06-20 15:47:33 - [TEST_STEP][PASSED] - click(findTestObject("Object Repository/virualShowRSVPOR/Page_/input_Password_Submit")): Object: 'Object Repository/virualShowRSVPOR/Page_/input_Password_Submit' is clicked on

2019-06-20 15:47:37 - [MESSAGE][PASSED] - Object: 'Object Repository/virualShowRSVPOR/Page_/input_Password_Submit' is clicked on

2019-06-20 15:47:37 - [TEST_STEP][PASSED] - click(findTestObject("Object Repository/virualShowRSVPOR/Page_/a_Set Vhost")): Object: 'Object Repository/virualShowRSVPOR/Page_/a_Set Vhost' is clicked on

2019-06-20 15:47:38 - [MESSAGE][PASSED] - Object: 'Object Repository/virualShowRSVPOR/Page_/a_Set Vhost' is clicked on

2019-06-20 15:47:38 - [TEST_STEP][PASSED] - click(UtilityMethods.createTestObject("select_target", "//select[@name='Target']/option[contains(text(), '", vhostTarget, "')]")): Object: 'select_target' is clicked on

2019-06-20 15:47:38 - [MESSAGE][PASSED] - Object: 'select_target' is clicked on

2019-06-20 15:47:38 - [TEST_STEP][PASSED] - click(findTestObject("Object Repository/virualShowRSVPOR/Page_/input")): Object: 'Object Repository/virualShowRSVPOR/Page_/input' is clicked on

2019-06-20 15:47:40 - [MESSAGE][PASSED] - Object: 'Object Repository/virualShowRSVPOR/Page_/input' is clicked on

2019-06-20 15:47:40 - [MESSAGE][PASSED] - Call Test Case 'Test Cases/virtualShowRSVP/setVHost' successfully

2019-06-20 15:47:40 - [TEST_STEP][PASSED] - callTestCase(findTestCase("editOrder/rsLogin"), ["RSURL":"", "RSuser":"", "RSpass":""], STOP_ON_FAILURE): Call Test Case 'Test Cases/editOrder/rsLogin' successfully

2019-06-20 15:47:40 - [TEST_CASE][PASSED] - Test Cases/editOrder/rsLogin: Test Cases/editOrder/rsLogin

2019-06-20 15:47:40 - [TEST_STEP][PASSED] - RSURL = findTestData("credData").getValue("RSURL", 1): null

2019-06-20 15:47:40 - [TEST_STEP][PASSED] - RSuser = findTestData("credData").getValue("RSuser", 1): null

2019-06-20 15:47:40 - [TEST_STEP][PASSED] - RSpass = findTestData("credData").getValue("RSpass", 1): null

2019-06-20 15:47:40 - [TEST_STEP][PASSED] - navigateToUrl(RSURL): Navigate to 'https://mirandakate.cabitest5.com' successfully

2019-06-20 15:48:03 - [MESSAGE][PASSED] - Navigate to 'https://mirandakate.cabitest5.com' successfully

2019-06-20 15:48:03 - [TEST_STEP][PASSED] - delay(10): Delayed 10 second(s)

2019-06-20 15:48:13 - [MESSAGE][PASSED] - Delayed 10 second(s)

2019-06-20 15:48:13 - [TEST_STEP][PASSED] - click(findTestObject("Object Repository/ReplicatedSite/Page_Trendy Womens Fashion and Outfits  Cabi Clothing/i_Not my stylist_fa fa-user")): Object: 'Object Repository/ReplicatedSite/Page_Trendy Womens Fashion and Outfits  Cabi Clothing/i_Not my stylist_fa fa-user' is clicked on

2019-06-20 15:48:13 - [MESSAGE][PASSED] - Object: 'Object Repository/ReplicatedSite/Page_Trendy Womens Fashion and Outfits  Cabi Clothing/i_Not my stylist_fa fa-user' is clicked on

2019-06-20 15:48:13 - [TEST_STEP][PASSED] - setText(findTestObject("Object Repository/ReplicatedSite/Page_Trendy Womens Fashion and Outfits  Cabi Clothing/input_Sign in  Create account_email"), RSuser): Text 'michigan@na.com' is set on object 'Object Repository/ReplicatedSite/Page_Trendy Womens Fashion and Outfits  Cabi Clothing/input_Sign in  Create account_email'

2019-06-20 15:48:16 - [MESSAGE][PASSED] - Text 'michigan@na.com' is set on object 'Object Repository/ReplicatedSite/Page_Trendy Womens Fashion and Outfits  Cabi Clothing/input_Sign in  Create account_email'

2019-06-20 15:48:16 - [TEST_STEP][PASSED] - click(findTestObject("Object Repository/ReplicatedSite/Page_Trendy Womens Fashion and Outfits  Cabi Clothing/button_Continue")): Object: 'Object Repository/ReplicatedSite/Page_Trendy Womens Fashion and Outfits  Cabi Clothing/button_Continue' is clicked on

2019-06-20 15:48:16 - [MESSAGE][PASSED] - Object: 'Object Repository/ReplicatedSite/Page_Trendy Womens Fashion and Outfits  Cabi Clothing/button_Continue' is clicked on

2019-06-20 15:48:16 - [TEST_STEP][PASSED] - setText(findTestObject("Object Repository/ReplicatedSite/Page_Trendy Womens Fashion and Outfits  Cabi Clothing/input_Welcome_password"), RSpass): Text 'blackdress19' is set on object 'Object Repository/ReplicatedSite/Page_Trendy Womens Fashion and Outfits  Cabi Clothing/input_Welcome_password'

2019-06-20 15:48:17 - [MESSAGE][PASSED] - Text 'blackdress19' is set on object 'Object Repository/ReplicatedSite/Page_Trendy Womens Fashion and Outfits  Cabi Clothing/input_Welcome_password'

2019-06-20 15:48:17 - [TEST_STEP][PASSED] - click(findTestObject("Object Repository/ReplicatedSite/Page_Trendy Womens Fashion and Outfits  Cabi Clothing/button_Continue")): Object: 'Object Repository/ReplicatedSite/Page_Trendy Womens Fashion and Outfits  Cabi Clothing/button_Continue' is clicked on

2019-06-20 15:48:17 - [MESSAGE][PASSED] - Object: 'Object Repository/ReplicatedSite/Page_Trendy Womens Fashion and Outfits  Cabi Clothing/button_Continue' is clicked on

2019-06-20 15:48:17 - [TEST_STEP][PASSED] - click(findTestObject("Object Repository/ReplicatedSite/Page_Trendy Womens Fashion and Outfits  Cabi Clothing/completeProfileLater")): Object: 'Object Repository/ReplicatedSite/Page_Trendy Womens Fashion and Outfits  Cabi Clothing/completeProfileLater' is clicked on

2019-06-20 15:48:27 - [MESSAGE][PASSED] - Object: 'Object Repository/ReplicatedSite/Page_Trendy Womens Fashion and Outfits  Cabi Clothing/completeProfileLater' is clicked on

2019-06-20 15:48:27 - [MESSAGE][PASSED] - Call Test Case 'Test Cases/editOrder/rsLogin' successfully

2019-06-20 15:48:27 - [TEST_STEP][FAILED] - callTestCase(findTestCase("editOrder/rsOrderHistoryConfirm"), ["orderID":"", "editScenarioNumber":1], STOP_ON_FAILURE): callTestCase(findTestCase("editOrder/rsOrderHistoryConfirm"), ["orderID":"", "editScenarioNumber":1], STOP_ON_FAILURE) FAILED.
Reason:
com.kms.katalon.core.exception.StepFailedException: Call Test Case 'Test Cases/editOrder/rsOrderHistoryConfirm' failed
	at com.kms.katalon.core.keyword.builtin.CallTestCaseKeyword$_callTestCase_closure1.doCall(CallTestCaseKeyword.groovy:63)
	at com.kms.katalon.core.keyword.builtin.CallTestCaseKeyword$_callTestCase_closure1.call(CallTestCaseKeyword.groovy)
	at com.kms.katalon.core.keyword.internal.KeywordMain.runKeyword(KeywordMain.groovy:66)
	at com.kms.katalon.core.keyword.builtin.CallTestCaseKeyword.callTestCase(CallTestCaseKeyword.groovy:81)
	at com.kms.katalon.core.keyword.builtin.CallTestCaseKeyword.execute(CallTestCaseKeyword.groovy:44)
	at com.kms.katalon.core.keyword.internal.KeywordExecutor.executeKeywordForPlatform(KeywordExecutor.groovy:56)
	at com.kms.katalon.core.keyword.BuiltinKeywords.callTestCase(BuiltinKeywords.groovy:334)
	at rsEditOrderSimple.run(rsEditOrderSimple:24)
	at com.kms.katalon.core.main.ScriptEngine.run(ScriptEngine.java:194)
	at com.kms.katalon.core.main.ScriptEngine.runScriptAsRawText(ScriptEngine.java:119)
	at com.kms.katalon.core.main.TestCaseExecutor.runScript(TestCaseExecutor.java:342)
	at com.kms.katalon.core.main.TestCaseExecutor.doExecute(TestCaseExecutor.java:333)
	at com.kms.katalon.core.main.TestCaseExecutor.processExecutionPhase(TestCaseExecutor.java:312)
	at com.kms.katalon.core.main.TestCaseExecutor.accessMainPhase(TestCaseExecutor.java:304)
	at com.kms.katalon.core.main.TestCaseExecutor.execute(TestCaseExecutor.java:238)
	at com.kms.katalon.core.main.TestSuiteExecutor.accessTestCaseMainPhase(TestSuiteExecutor.java:129)
	at com.kms.katalon.core.main.TestSuiteExecutor.accessTestSuiteMainPhase(TestSuiteExecutor.java:112)
	at com.kms.katalon.core.main.TestSuiteExecutor.execute(TestSuiteExecutor.java:81)
	at com.kms.katalon.core.main.TestCaseMain.startTestSuite(TestCaseMain.java:157)
	at com.kms.katalon.core.main.TestCaseMain$startTestSuite$0.call(Unknown Source)
	at TempTestSuite1561025032524.run(TempTestSuite1561025032524.groovy:35)
Caused by: com.kms.katalon.core.exception.StepFailedException: Unable to click on object 'Object Repository/ReplicatedSite/a_cancel_edit'
	at com.kms.katalon.core.webui.keyword.internal.WebUIKeywordMain.stepFailed(WebUIKeywordMain.groovy:64)
	at com.kms.katalon.core.webui.keyword.internal.WebUIKeywordMain.runKeyword(WebUIKeywordMain.groovy:26)
	at com.kms.katalon.core.webui.keyword.builtin.ClickKeyword.click(ClickKeyword.groovy:86)
	at com.kms.katalon.core.webui.keyword.builtin.ClickKeyword.execute(ClickKeyword.groovy:67)
	at com.kms.katalon.core.keyword.internal.KeywordExecutor.executeKeywordForPlatform(KeywordExecutor.groovy:56)
	at com.kms.katalon.core.webui.keyword.WebUiBuiltInKeywords.click(WebUiBuiltInKeywords.groovy:616)
	at com.kms.katalon.core.webui.keyword.WebUiBuiltInKeywords$click$3.call(Unknown Source)
	at rsOrderHistoryConfirm.run(rsOrderHistoryConfirm:63)
	at com.kms.katalon.core.main.ScriptEngine.run(ScriptEngine.java:194)
	at com.kms.katalon.core.main.ScriptEngine.runScriptAsRawText(ScriptEngine.java:119)
	at com.kms.katalon.core.main.TestCaseExecutor.runScript(TestCaseExecutor.java:342)
	at com.kms.katalon.core.main.TestCaseExecutor.doExecute(TestCaseExecutor.java:333)
	at com.kms.katalon.core.main.TestCaseExecutor.processExecutionPhase(TestCaseExecutor.java:312)
	at com.kms.katalon.core.main.TestCaseExecutor.accessMainPhase(TestCaseExecutor.java:304)
	at com.kms.katalon.core.main.TestCaseExecutor.execute(TestCaseExecutor.java:238)
	at com.kms.katalon.core.main.TestCaseMain.runTestCase(TestCaseMain.java:114)
	at com.kms.katalon.core.keyword.builtin.CallTestCaseKeyword$_callTestCase_closure1.doCall(CallTestCaseKeyword.groovy:59)
	... 20 more
Caused by: com.kms.katalon.core.webui.exception.WebElementNotFoundException: Web element with id: 'Object Repository/ReplicatedSite/a_cancel_edit' located by 'By.xpath: (//a/span[contains(text(), 'Cancel Edit')])[2]' not found
	at com.kms.katalon.core.webui.common.WebUiCommonHelper.findWebElement(WebUiCommonHelper.java:1097)
	at com.kms.katalon.core.webui.keyword.internal.WebUIAbstractKeyword.findWebElement(WebUIAbstractKeyword.groovy:27)
	at com.kms.katalon.core.webui.keyword.internal.WebUIAbstractKeyword.findWebElement(WebUIAbstractKeyword.groovy:26)
	at com.kms.katalon.core.webui.keyword.builtin.ClickKeyword$_click_closure1.doCall(ClickKeyword.groovy:77)
	at com.kms.katalon.core.webui.keyword.builtin.ClickKeyword$_click_closure1.call(ClickKeyword.groovy)
	at com.kms.katalon.core.webui.keyword.internal.WebUIKeywordMain.runKeyword(WebUIKeywordMain.groovy:20)
	at com.kms.katalon.core.webui.keyword.builtin.ClickKeyword.click(ClickKeyword.groovy:86)
	at com.kms.katalon.core.webui.keyword.builtin.ClickKeyword.execute(ClickKeyword.groovy:67)
	at com.kms.katalon.core.keyword.internal.KeywordExecutor.executeKeywordForPlatform(KeywordExecutor.groovy:56)
	at com.kms.katalon.core.webui.keyword.WebUiBuiltInKeywords.click(WebUiBuiltInKeywords.groovy:616)
	at com.kms.katalon.core.webui.keyword.WebUiBuiltInKeywords$click$3.call(Unknown Source)
	at Script1559044226727.run(Script1559044226727.groovy:63)
	at com.kms.katalon.core.main.ScriptEngine.run(ScriptEngine.java:194)
	at com.kms.katalon.core.main.ScriptEngine.runScriptAsRawText(ScriptEngine.java:119)
	at com.kms.katalon.core.main.TestCaseExecutor.runScript(TestCaseExecutor.java:342)
	at com.kms.katalon.core.main.TestCaseExecutor.doExecute(TestCaseExecutor.java:333)
	at com.kms.katalon.core.main.TestCaseExecutor.processExecutionPhase(TestCaseExecutor.java:312)
	at com.kms.katalon.core.main.TestCaseExecutor.accessMainPhase(TestCaseExecutor.java:304)
	at com.kms.katalon.core.main.TestCaseExecutor.execute(TestCaseExecutor.java:238)
	at com.kms.katalon.core.main.TestCaseMain.runTestCase(TestCaseMain.java:114)
	at com.kms.katalon.core.keyword.builtin.CallTestCaseKeyword$_callTestCase_closure1.doCall(CallTestCaseKeyword.groovy:59)
	at com.kms.katalon.core.keyword.builtin.CallTestCaseKeyword$_callTestCase_closure1.call(CallTestCaseKeyword.groovy)
	at com.kms.katalon.core.keyword.internal.KeywordMain.runKeyword(KeywordMain.groovy:66)
	at com.kms.katalon.core.keyword.builtin.CallTestCaseKeyword.callTestCase(CallTestCaseKeyword.groovy:81)
	at com.kms.katalon.core.keyword.builtin.CallTestCaseKeyword.execute(CallTestCaseKeyword.groovy:44)
	at com.kms.katalon.core.keyword.internal.KeywordExecutor.executeKeywordForPlatform(KeywordExecutor.groovy:56)
	at com.kms.katalon.core.keyword.BuiltinKeywords.callTestCase(BuiltinKeywords.groovy:334)
	at Script1560768354780.run(Script1560768354780.groovy:24)
	... 13 more


2019-06-20 15:48:27 - [TEST_CASE][FAILED] - Test Cases/editOrder/rsOrderHistoryConfirm: Test Cases/editOrder/rsOrderHistoryConfirm FAILED.
Reason:
com.kms.katalon.core.exception.StepFailedException: Unable to click on object 'Object Repository/ReplicatedSite/a_cancel_edit'
	at com.kms.katalon.core.webui.keyword.internal.WebUIKeywordMain.stepFailed(WebUIKeywordMain.groovy:64)
	at com.kms.katalon.core.webui.keyword.internal.WebUIKeywordMain.runKeyword(WebUIKeywordMain.groovy:26)
	at com.kms.katalon.core.webui.keyword.builtin.ClickKeyword.click(ClickKeyword.groovy:86)
	at com.kms.katalon.core.webui.keyword.builtin.ClickKeyword.execute(ClickKeyword.groovy:67)
	at com.kms.katalon.core.keyword.internal.KeywordExecutor.executeKeywordForPlatform(KeywordExecutor.groovy:56)
	at com.kms.katalon.core.webui.keyword.WebUiBuiltInKeywords.click(WebUiBuiltInKeywords.groovy:616)
	at com.kms.katalon.core.webui.keyword.WebUiBuiltInKeywords$click$3.call(Unknown Source)
	at rsOrderHistoryConfirm.run(rsOrderHistoryConfirm:63)
	at com.kms.katalon.core.main.ScriptEngine.run(ScriptEngine.java:194)
	at com.kms.katalon.core.main.ScriptEngine.runScriptAsRawText(ScriptEngine.java:119)
	at com.kms.katalon.core.main.TestCaseExecutor.runScript(TestCaseExecutor.java:342)
	at com.kms.katalon.core.main.TestCaseExecutor.doExecute(TestCaseExecutor.java:333)
	at com.kms.katalon.core.main.TestCaseExecutor.processExecutionPhase(TestCaseExecutor.java:312)
	at com.kms.katalon.core.main.TestCaseExecutor.accessMainPhase(TestCaseExecutor.java:304)
	at com.kms.katalon.core.main.TestCaseExecutor.execute(TestCaseExecutor.java:238)
	at com.kms.katalon.core.main.TestCaseMain.runTestCase(TestCaseMain.java:114)
	at com.kms.katalon.core.keyword.builtin.CallTestCaseKeyword$_callTestCase_closure1.doCall(CallTestCaseKeyword.groovy:59)
	at com.kms.katalon.core.keyword.builtin.CallTestCaseKeyword$_callTestCase_closure1.call(CallTestCaseKeyword.groovy)
	at com.kms.katalon.core.keyword.internal.KeywordMain.runKeyword(KeywordMain.groovy:66)
	at com.kms.katalon.core.keyword.builtin.CallTestCaseKeyword.callTestCase(CallTestCaseKeyword.groovy:81)
	at com.kms.katalon.core.keyword.builtin.CallTestCaseKeyword.execute(CallTestCaseKeyword.groovy:44)
	at com.kms.katalon.core.keyword.internal.KeywordExecutor.executeKeywordForPlatform(KeywordExecutor.groovy:56)
	at com.kms.katalon.core.keyword.BuiltinKeywords.callTestCase(BuiltinKeywords.groovy:334)
	at rsEditOrderSimple.run(rsEditOrderSimple:24)
	at com.kms.katalon.core.main.ScriptEngine.run(ScriptEngine.java:194)
	at com.kms.katalon.core.main.ScriptEngine.runScriptAsRawText(ScriptEngine.java:119)
	at com.kms.katalon.core.main.TestCaseExecutor.runScript(TestCaseExecutor.java:342)
	at com.kms.katalon.core.main.TestCaseExecutor.doExecute(TestCaseExecutor.java:333)
	at com.kms.katalon.core.main.TestCaseExecutor.processExecutionPhase(TestCaseExecutor.java:312)
	at com.kms.katalon.core.main.TestCaseExecutor.accessMainPhase(TestCaseExecutor.java:304)
	at com.kms.katalon.core.main.TestCaseExecutor.execute(TestCaseExecutor.java:238)
	at com.kms.katalon.core.main.TestSuiteExecutor.accessTestCaseMainPhase(TestSuiteExecutor.java:129)
	at com.kms.katalon.core.main.TestSuiteExecutor.accessTestSuiteMainPhase(TestSuiteExecutor.java:112)
	at com.kms.katalon.core.main.TestSuiteExecutor.execute(TestSuiteExecutor.java:81)
	at com.kms.katalon.core.main.TestCaseMain.startTestSuite(TestCaseMain.java:157)
	at com.kms.katalon.core.main.TestCaseMain$startTestSuite$0.call(Unknown Source)
	at TempTestSuite1561025032524.run(TempTestSuite1561025032524.groovy:35)
Caused by: com.kms.katalon.core.webui.exception.WebElementNotFoundException: Web element with id: 'Object Repository/ReplicatedSite/a_cancel_edit' located by 'By.xpath: (//a/span[contains(text(), 'Cancel Edit')])[2]' not found
	at com.kms.katalon.core.webui.common.WebUiCommonHelper.findWebElement(WebUiCommonHelper.java:1097)
	at com.kms.katalon.core.webui.keyword.internal.WebUIAbstractKeyword.findWebElement(WebUIAbstractKeyword.groovy:27)
	at com.kms.katalon.core.webui.keyword.internal.WebUIAbstractKeyword.findWebElement(WebUIAbstractKeyword.groovy:26)
	at com.kms.katalon.core.webui.keyword.builtin.ClickKeyword$_click_closure1.doCall(ClickKeyword.groovy:77)
	at com.kms.katalon.core.webui.keyword.builtin.ClickKeyword$_click_closure1.call(ClickKeyword.groovy)
	at com.kms.katalon.core.webui.keyword.internal.WebUIKeywordMain.runKeyword(WebUIKeywordMain.groovy:20)
	at com.kms.katalon.core.webui.keyword.builtin.ClickKeyword.click(ClickKeyword.groovy:86)
	at com.kms.katalon.core.webui.keyword.builtin.ClickKeyword.execute(ClickKeyword.groovy:67)
	at com.kms.katalon.core.keyword.internal.KeywordExecutor.executeKeywordForPlatform(KeywordExecutor.groovy:56)
	at com.kms.katalon.core.webui.keyword.WebUiBuiltInKeywords.click(WebUiBuiltInKeywords.groovy:616)
	at com.kms.katalon.core.webui.keyword.WebUiBuiltInKeywords$click$3.call(Unknown Source)
	at Script1559044226727.run(Script1559044226727.groovy:63)
	at com.kms.katalon.core.main.ScriptEngine.run(ScriptEngine.java:194)
	at com.kms.katalon.core.main.ScriptEngine.runScriptAsRawText(ScriptEngine.java:119)
	at com.kms.katalon.core.main.TestCaseExecutor.runScript(TestCaseExecutor.java:342)
	at com.kms.katalon.core.main.TestCaseExecutor.doExecute(TestCaseExecutor.java:333)
	at com.kms.katalon.core.main.TestCaseExecutor.processExecutionPhase(TestCaseExecutor.java:312)
	at com.kms.katalon.core.main.TestCaseExecutor.accessMainPhase(TestCaseExecutor.java:304)
	at com.kms.katalon.core.main.TestCaseExecutor.execute(TestCaseExecutor.java:238)
	at com.kms.katalon.core.main.TestCaseMain.runTestCase(TestCaseMain.java:114)
	at com.kms.katalon.core.keyword.builtin.CallTestCaseKeyword$_callTestCase_closure1.doCall(CallTestCaseKeyword.groovy:59)
	at com.kms.katalon.core.keyword.builtin.CallTestCaseKeyword$_callTestCase_closure1.call(CallTestCaseKeyword.groovy)
	at com.kms.katalon.core.keyword.internal.KeywordMain.runKeyword(KeywordMain.groovy:66)
	at com.kms.katalon.core.keyword.builtin.CallTestCaseKeyword.callTestCase(CallTestCaseKeyword.groovy:81)
	at com.kms.katalon.core.keyword.builtin.CallTestCaseKeyword.execute(CallTestCaseKeyword.groovy:44)
	at com.kms.katalon.core.keyword.internal.KeywordExecutor.executeKeywordForPlatform(KeywordExecutor.groovy:56)
	at com.kms.katalon.core.keyword.BuiltinKeywords.callTestCase(BuiltinKeywords.groovy:334)
	at Script1560768354780.run(Script1560768354780.groovy:24)
	... 13 more


2019-06-20 15:48:27 - [TEST_STEP][PASSED] - orderID = retailOrderID: null

2019-06-20 15:48:27 - [TEST_STEP][PASSED] - println(orderID): null

2019-06-20 15:48:27 - [TEST_STEP][PASSED] - xpath = UtilityMethods.concat("//span[contains(text(), '", orderID, "')]/parent::div/parent::div/div[@class='table-row-edit-order']"): null

2019-06-20 15:48:27 - [TEST_STEP][PASSED] - to = new com.kms.katalon.core.testobject.TestObject(a_link_dynamic): null

2019-06-20 15:48:27 - [TEST_STEP][PASSED] - to.addProperty("xpath", EQUALS, xpath): null

2019-06-20 15:48:27 - [TEST_STEP][PASSED] - click(findTestObject("Object Repository/ReplicatedSite/Page_Trendy Womens Fashion and Outfits  Cabi Clothing/i_Michigan_fa fa-caret-down")): Object: 'Object Repository/ReplicatedSite/Page_Trendy Womens Fashion and Outfits  Cabi Clothing/i_Michigan_fa fa-caret-down' is clicked on

2019-06-20 15:48:28 - [MESSAGE][PASSED] - Object: 'Object Repository/ReplicatedSite/Page_Trendy Womens Fashion and Outfits  Cabi Clothing/i_Michigan_fa fa-caret-down' is clicked on

2019-06-20 15:48:28 - [TEST_STEP][PASSED] - click(findTestObject("Object Repository/ReplicatedSite/Page_Trendy Womens Fashion and Outfits  Cabi Clothing/a_My Profile")): Object: 'Object Repository/ReplicatedSite/Page_Trendy Womens Fashion and Outfits  Cabi Clothing/a_My Profile' is clicked on

2019-06-20 15:48:34 - [MESSAGE][PASSED] - Object: 'Object Repository/ReplicatedSite/Page_Trendy Womens Fashion and Outfits  Cabi Clothing/a_My Profile' is clicked on

2019-06-20 15:48:34 - [TEST_STEP][PASSED] - click(findTestObject("Object Repository/ReplicatedSite/Page_Profile - Cabi Fall 2018 Collection/span_Order History")): Object: 'Object Repository/ReplicatedSite/Page_Profile - Cabi Fall 2018 Collection/span_Order History' is clicked on

2019-06-20 15:48:34 - [MESSAGE][PASSED] - Object: 'Object Repository/ReplicatedSite/Page_Profile - Cabi Fall 2018 Collection/span_Order History' is clicked on

2019-06-20 15:48:34 - [TEST_STEP][PASSED] - delay(5): Delayed 5 second(s)

2019-06-20 15:48:39 - [MESSAGE][PASSED] - Delayed 5 second(s)

2019-06-20 15:48:39 - [TEST_STEP][PASSED] - editButton = findWebElements(to, 1): null

2019-06-20 15:48:39 - [TEST_STEP][PASSED] - assert editButton.size() > 0: null

2019-06-20 15:48:39 - [TEST_STEP][FAILED] - if (editButton.size() > 0): if (editButton.size() > 0) FAILED.
Reason:
com.kms.katalon.core.exception.StepFailedException: Unable to click on object 'Object Repository/ReplicatedSite/a_cancel_edit'
	at com.kms.katalon.core.webui.keyword.internal.WebUIKeywordMain.stepFailed(WebUIKeywordMain.groovy:64)
	at com.kms.katalon.core.webui.keyword.internal.WebUIKeywordMain.runKeyword(WebUIKeywordMain.groovy:26)
	at com.kms.katalon.core.webui.keyword.builtin.ClickKeyword.click(ClickKeyword.groovy:86)
	at com.kms.katalon.core.webui.keyword.builtin.ClickKeyword.execute(ClickKeyword.groovy:67)
	at com.kms.katalon.core.keyword.internal.KeywordExecutor.executeKeywordForPlatform(KeywordExecutor.groovy:56)
	at com.kms.katalon.core.webui.keyword.WebUiBuiltInKeywords.click(WebUiBuiltInKeywords.groovy:616)
	at com.kms.katalon.core.webui.keyword.WebUiBuiltInKeywords$click$3.call(Unknown Source)
	at rsOrderHistoryConfirm.run(rsOrderHistoryConfirm:63)
	at com.kms.katalon.core.main.ScriptEngine.run(ScriptEngine.java:194)
	at com.kms.katalon.core.main.ScriptEngine.runScriptAsRawText(ScriptEngine.java:119)
	at com.kms.katalon.core.main.TestCaseExecutor.runScript(TestCaseExecutor.java:342)
	at com.kms.katalon.core.main.TestCaseExecutor.doExecute(TestCaseExecutor.java:333)
	at com.kms.katalon.core.main.TestCaseExecutor.processExecutionPhase(TestCaseExecutor.java:312)
	at com.kms.katalon.core.main.TestCaseExecutor.accessMainPhase(TestCaseExecutor.java:304)
	at com.kms.katalon.core.main.TestCaseExecutor.execute(TestCaseExecutor.java:238)
	at com.kms.katalon.core.main.TestCaseMain.runTestCase(TestCaseMain.java:114)
	at com.kms.katalon.core.keyword.builtin.CallTestCaseKeyword$_callTestCase_closure1.doCall(CallTestCaseKeyword.groovy:59)
	at com.kms.katalon.core.keyword.builtin.CallTestCaseKeyword$_callTestCase_closure1.call(CallTestCaseKeyword.groovy)
	at com.kms.katalon.core.keyword.internal.KeywordMain.runKeyword(KeywordMain.groovy:66)
	at com.kms.katalon.core.keyword.builtin.CallTestCaseKeyword.callTestCase(CallTestCaseKeyword.groovy:81)
	at com.kms.katalon.core.keyword.builtin.CallTestCaseKeyword.execute(CallTestCaseKeyword.groovy:44)
	at com.kms.katalon.core.keyword.internal.KeywordExecutor.executeKeywordForPlatform(KeywordExecutor.groovy:56)
	at com.kms.katalon.core.keyword.BuiltinKeywords.callTestCase(BuiltinKeywords.groovy:334)
	at rsEditOrderSimple.run(rsEditOrderSimple:24)
	at com.kms.katalon.core.main.ScriptEngine.run(ScriptEngine.java:194)
	at com.kms.katalon.core.main.ScriptEngine.runScriptAsRawText(ScriptEngine.java:119)
	at com.kms.katalon.core.main.TestCaseExecutor.runScript(TestCaseExecutor.java:342)
	at com.kms.katalon.core.main.TestCaseExecutor.doExecute(TestCaseExecutor.java:333)
	at com.kms.katalon.core.main.TestCaseExecutor.processExecutionPhase(TestCaseExecutor.java:312)
	at com.kms.katalon.core.main.TestCaseExecutor.accessMainPhase(TestCaseExecutor.java:304)
	at com.kms.katalon.core.main.TestCaseExecutor.execute(TestCaseExecutor.java:238)
	at com.kms.katalon.core.main.TestSuiteExecutor.accessTestCaseMainPhase(TestSuiteExecutor.java:129)
	at com.kms.katalon.core.main.TestSuiteExecutor.accessTestSuiteMainPhase(TestSuiteExecutor.java:112)
	at com.kms.katalon.core.main.TestSuiteExecutor.execute(TestSuiteExecutor.java:81)
	at com.kms.katalon.core.main.TestCaseMain.startTestSuite(TestCaseMain.java:157)
	at com.kms.katalon.core.main.TestCaseMain$startTestSuite$0.call(Unknown Source)
	at TempTestSuite1561025032524.run(TempTestSuite1561025032524.groovy:35)
Caused by: com.kms.katalon.core.webui.exception.WebElementNotFoundException: Web element with id: 'Object Repository/ReplicatedSite/a_cancel_edit' located by 'By.xpath: (//a/span[contains(text(), 'Cancel Edit')])[2]' not found
	at com.kms.katalon.core.webui.common.WebUiCommonHelper.findWebElement(WebUiCommonHelper.java:1097)
	at com.kms.katalon.core.webui.keyword.internal.WebUIAbstractKeyword.findWebElement(WebUIAbstractKeyword.groovy:27)
	at com.kms.katalon.core.webui.keyword.internal.WebUIAbstractKeyword.findWebElement(WebUIAbstractKeyword.groovy:26)
	at com.kms.katalon.core.webui.keyword.builtin.ClickKeyword$_click_closure1.doCall(ClickKeyword.groovy:77)
	at com.kms.katalon.core.webui.keyword.builtin.ClickKeyword$_click_closure1.call(ClickKeyword.groovy)
	at com.kms.katalon.core.webui.keyword.internal.WebUIKeywordMain.runKeyword(WebUIKeywordMain.groovy:20)
	at com.kms.katalon.core.webui.keyword.builtin.ClickKeyword.click(ClickKeyword.groovy:86)
	at com.kms.katalon.core.webui.keyword.builtin.ClickKeyword.execute(ClickKeyword.groovy:67)
	at com.kms.katalon.core.keyword.internal.KeywordExecutor.executeKeywordForPlatform(KeywordExecutor.groovy:56)
	at com.kms.katalon.core.webui.keyword.WebUiBuiltInKeywords.click(WebUiBuiltInKeywords.groovy:616)
	at com.kms.katalon.core.webui.keyword.WebUiBuiltInKeywords$click$3.call(Unknown Source)
	at Script1559044226727.run(Script1559044226727.groovy:63)
	at com.kms.katalon.core.main.ScriptEngine.run(ScriptEngine.java:194)
	at com.kms.katalon.core.main.ScriptEngine.runScriptAsRawText(ScriptEngine.java:119)
	at com.kms.katalon.core.main.TestCaseExecutor.runScript(TestCaseExecutor.java:342)
	at com.kms.katalon.core.main.TestCaseExecutor.doExecute(TestCaseExecutor.java:333)
	at com.kms.katalon.core.main.TestCaseExecutor.processExecutionPhase(TestCaseExecutor.java:312)
	at com.kms.katalon.core.main.TestCaseExecutor.accessMainPhase(TestCaseExecutor.java:304)
	at com.kms.katalon.core.main.TestCaseExecutor.execute(TestCaseExecutor.java:238)
	at com.kms.katalon.core.main.TestCaseMain.runTestCase(TestCaseMain.java:114)
	at com.kms.katalon.core.keyword.builtin.CallTestCaseKeyword$_callTestCase_closure1.doCall(CallTestCaseKeyword.groovy:59)
	at com.kms.katalon.core.keyword.builtin.CallTestCaseKeyword$_callTestCase_closure1.call(CallTestCaseKeyword.groovy)
	at com.kms.katalon.core.keyword.internal.KeywordMain.runKeyword(KeywordMain.groovy:66)
	at com.kms.katalon.core.keyword.builtin.CallTestCaseKeyword.callTestCase(CallTestCaseKeyword.groovy:81)
	at com.kms.katalon.core.keyword.builtin.CallTestCaseKeyword.execute(CallTestCaseKeyword.groovy:44)
	at com.kms.katalon.core.keyword.internal.KeywordExecutor.executeKeywordForPlatform(KeywordExecutor.groovy:56)
	at com.kms.katalon.core.keyword.BuiltinKeywords.callTestCase(BuiltinKeywords.groovy:334)
	at Script1560768354780.run(Script1560768354780.groovy:24)
	... 13 more


2019-06-20 15:48:39 - [TEST_STEP][PASSED] - click(to): Object: 'a_link_dynamic' is clicked on

2019-06-20 15:48:39 - [MESSAGE][PASSED] - Object: 'a_link_dynamic' is clicked on

2019-06-20 15:48:39 - [TEST_STEP][PASSED] - delay(10): Delayed 10 second(s)

2019-06-20 15:48:49 - [MESSAGE][PASSED] - Delayed 10 second(s)

2019-06-20 15:48:49 - [TEST_STEP][FAILED] - if (editScenarioNumber == 1 || editScenarioNumber == 2): if (editButton.size() > 0) FAILED.
Reason:
com.kms.katalon.core.exception.StepFailedException: Unable to click on object 'Object Repository/ReplicatedSite/a_cancel_edit'
	at com.kms.katalon.core.webui.keyword.internal.WebUIKeywordMain.stepFailed(WebUIKeywordMain.groovy:64)
	at com.kms.katalon.core.webui.keyword.internal.WebUIKeywordMain.runKeyword(WebUIKeywordMain.groovy:26)
	at com.kms.katalon.core.webui.keyword.builtin.ClickKeyword.click(ClickKeyword.groovy:86)
	at com.kms.katalon.core.webui.keyword.builtin.ClickKeyword.execute(ClickKeyword.groovy:67)
	at com.kms.katalon.core.keyword.internal.KeywordExecutor.executeKeywordForPlatform(KeywordExecutor.groovy:56)
	at com.kms.katalon.core.webui.keyword.WebUiBuiltInKeywords.click(WebUiBuiltInKeywords.groovy:616)
	at com.kms.katalon.core.webui.keyword.WebUiBuiltInKeywords$click$3.call(Unknown Source)
	at rsOrderHistoryConfirm.run(rsOrderHistoryConfirm:63)
	at com.kms.katalon.core.main.ScriptEngine.run(ScriptEngine.java:194)
	at com.kms.katalon.core.main.ScriptEngine.runScriptAsRawText(ScriptEngine.java:119)
	at com.kms.katalon.core.main.TestCaseExecutor.runScript(TestCaseExecutor.java:342)
	at com.kms.katalon.core.main.TestCaseExecutor.doExecute(TestCaseExecutor.java:333)
	at com.kms.katalon.core.main.TestCaseExecutor.processExecutionPhase(TestCaseExecutor.java:312)
	at com.kms.katalon.core.main.TestCaseExecutor.accessMainPhase(TestCaseExecutor.java:304)
	at com.kms.katalon.core.main.TestCaseExecutor.execute(TestCaseExecutor.java:238)
	at com.kms.katalon.core.main.TestCaseMain.runTestCase(TestCaseMain.java:114)
	at com.kms.katalon.core.keyword.builtin.CallTestCaseKeyword$_callTestCase_closure1.doCall(CallTestCaseKeyword.groovy:59)
	at com.kms.katalon.core.keyword.builtin.CallTestCaseKeyword$_callTestCase_closure1.call(CallTestCaseKeyword.groovy)
	at com.kms.katalon.core.keyword.internal.KeywordMain.runKeyword(KeywordMain.groovy:66)
	at com.kms.katalon.core.keyword.builtin.CallTestCaseKeyword.callTestCase(CallTestCaseKeyword.groovy:81)
	at com.kms.katalon.core.keyword.builtin.CallTestCaseKeyword.execute(CallTestCaseKeyword.groovy:44)
	at com.kms.katalon.core.keyword.internal.KeywordExecutor.executeKeywordForPlatform(KeywordExecutor.groovy:56)
	at com.kms.katalon.core.keyword.BuiltinKeywords.callTestCase(BuiltinKeywords.groovy:334)
	at rsEditOrderSimple.run(rsEditOrderSimple:24)
	at com.kms.katalon.core.main.ScriptEngine.run(ScriptEngine.java:194)
	at com.kms.katalon.core.main.ScriptEngine.runScriptAsRawText(ScriptEngine.java:119)
	at com.kms.katalon.core.main.TestCaseExecutor.runScript(TestCaseExecutor.java:342)
	at com.kms.katalon.core.main.TestCaseExecutor.doExecute(TestCaseExecutor.java:333)
	at com.kms.katalon.core.main.TestCaseExecutor.processExecutionPhase(TestCaseExecutor.java:312)
	at com.kms.katalon.core.main.TestCaseExecutor.accessMainPhase(TestCaseExecutor.java:304)
	at com.kms.katalon.core.main.TestCaseExecutor.execute(TestCaseExecutor.java:238)
	at com.kms.katalon.core.main.TestSuiteExecutor.accessTestCaseMainPhase(TestSuiteExecutor.java:129)
	at com.kms.katalon.core.main.TestSuiteExecutor.accessTestSuiteMainPhase(TestSuiteExecutor.java:112)
	at com.kms.katalon.core.main.TestSuiteExecutor.execute(TestSuiteExecutor.java:81)
	at com.kms.katalon.core.main.TestCaseMain.startTestSuite(TestCaseMain.java:157)
	at com.kms.katalon.core.main.TestCaseMain$startTestSuite$0.call(Unknown Source)
	at TempTestSuite1561025032524.run(TempTestSuite1561025032524.groovy:35)
Caused by: com.kms.katalon.core.webui.exception.WebElementNotFoundException: Web element with id: 'Object Repository/ReplicatedSite/a_cancel_edit' located by 'By.xpath: (//a/span[contains(text(), 'Cancel Edit')])[2]' not found
	at com.kms.katalon.core.webui.common.WebUiCommonHelper.findWebElement(WebUiCommonHelper.java:1097)
	at com.kms.katalon.core.webui.keyword.internal.WebUIAbstractKeyword.findWebElement(WebUIAbstractKeyword.groovy:27)
	at com.kms.katalon.core.webui.keyword.internal.WebUIAbstractKeyword.findWebElement(WebUIAbstractKeyword.groovy:26)
	at com.kms.katalon.core.webui.keyword.builtin.ClickKeyword$_click_closure1.doCall(ClickKeyword.groovy:77)
	at com.kms.katalon.core.webui.keyword.builtin.ClickKeyword$_click_closure1.call(ClickKeyword.groovy)
	at com.kms.katalon.core.webui.keyword.internal.WebUIKeywordMain.runKeyword(WebUIKeywordMain.groovy:20)
	at com.kms.katalon.core.webui.keyword.builtin.ClickKeyword.click(ClickKeyword.groovy:86)
	at com.kms.katalon.core.webui.keyword.builtin.ClickKeyword.execute(ClickKeyword.groovy:67)
	at com.kms.katalon.core.keyword.internal.KeywordExecutor.executeKeywordForPlatform(KeywordExecutor.groovy:56)
	at com.kms.katalon.core.webui.keyword.WebUiBuiltInKeywords.click(WebUiBuiltInKeywords.groovy:616)
	at com.kms.katalon.core.webui.keyword.WebUiBuiltInKeywords$click$3.call(Unknown Source)
	at Script1559044226727.run(Script1559044226727.groovy:63)
	at com.kms.katalon.core.main.ScriptEngine.run(ScriptEngine.java:194)
	at com.kms.katalon.core.main.ScriptEngine.runScriptAsRawText(ScriptEngine.java:119)
	at com.kms.katalon.core.main.TestCaseExecutor.runScript(TestCaseExecutor.java:342)
	at com.kms.katalon.core.main.TestCaseExecutor.doExecute(TestCaseExecutor.java:333)
	at com.kms.katalon.core.main.TestCaseExecutor.processExecutionPhase(TestCaseExecutor.java:312)
	at com.kms.katalon.core.main.TestCaseExecutor.accessMainPhase(TestCaseExecutor.java:304)
	at com.kms.katalon.core.main.TestCaseExecutor.execute(TestCaseExecutor.java:238)
	at com.kms.katalon.core.main.TestCaseMain.runTestCase(TestCaseMain.java:114)
	at com.kms.katalon.core.keyword.builtin.CallTestCaseKeyword$_callTestCase_closure1.doCall(CallTestCaseKeyword.groovy:59)
	at com.kms.katalon.core.keyword.builtin.CallTestCaseKeyword$_callTestCase_closure1.call(CallTestCaseKeyword.groovy)
	at com.kms.katalon.core.keyword.internal.KeywordMain.runKeyword(KeywordMain.groovy:66)
	at com.kms.katalon.core.keyword.builtin.CallTestCaseKeyword.callTestCase(CallTestCaseKeyword.groovy:81)
	at com.kms.katalon.core.keyword.builtin.CallTestCaseKeyword.execute(CallTestCaseKeyword.groovy:44)
	at com.kms.katalon.core.keyword.internal.KeywordExecutor.executeKeywordForPlatform(KeywordExecutor.groovy:56)
	at com.kms.katalon.core.keyword.BuiltinKeywords.callTestCase(BuiltinKeywords.groovy:334)
	at Script1560768354780.run(Script1560768354780.groovy:24)
	... 13 more


2019-06-20 15:48:49 - [TEST_STEP][PASSED] - println("scen = 1 or 2"): null

2019-06-20 15:48:49 - [TEST_STEP][PASSED] - updateButton = findWebElements(findTestObject("Object Repository/ReplicatedSite/a_update_order"), 1): null

2019-06-20 15:48:49 - [TEST_STEP][PASSED] - assert updateButton.size() > 0: null

2019-06-20 15:48:49 - [TEST_STEP][PASSED] - click(findTestObject("Object Repository/ReplicatedSite/a_update_order")): Object: 'Object Repository/ReplicatedSite/a_update_order' is clicked on

2019-06-20 15:48:49 - [MESSAGE][PASSED] - Object: 'Object Repository/ReplicatedSite/a_update_order' is clicked on

2019-06-20 15:48:49 - [TEST_STEP][PASSED] - delay(5): Delayed 5 second(s)

2019-06-20 15:48:54 - [MESSAGE][PASSED] - Delayed 5 second(s)

2019-06-20 15:48:54 - [TEST_STEP][PASSED] - callTestCase(findTestCase("editOrder/rsUpdateOrder"), [:], STOP_ON_FAILURE): Call Test Case 'Test Cases/editOrder/rsUpdateOrder' successfully

2019-06-20 15:48:54 - [TEST_CASE][PASSED] - Test Cases/editOrder/rsUpdateOrder: Test Cases/editOrder/rsUpdateOrder

2019-06-20 15:48:54 - [TEST_STEP][PASSED] - click(findTestObject("Object Repository/ReplicatedSite/span_shipping_info")): Object: 'Object Repository/ReplicatedSite/span_shipping_info' is clicked on

2019-06-20 15:48:58 - [MESSAGE][PASSED] - Object: 'Object Repository/ReplicatedSite/span_shipping_info' is clicked on

2019-06-20 15:48:58 - [TEST_STEP][PASSED] - click(findTestObject("Object Repository/ReplicatedSite/input_other_address")): Object: 'Object Repository/ReplicatedSite/input_other_address' is clicked on

2019-06-20 15:48:58 - [MESSAGE][PASSED] - Object: 'Object Repository/ReplicatedSite/input_other_address' is clicked on

2019-06-20 15:48:58 - [TEST_STEP][PASSED] - contactNumber = 4: null

2019-06-20 15:48:58 - [TEST_STEP][PASSED] - address1 = findTestData("contactData").getValue("address1", contactNumber): null

2019-06-20 15:48:58 - [TEST_STEP][PASSED] - city = findTestData("contactData").getValue("city", contactNumber): null

2019-06-20 15:48:58 - [TEST_STEP][PASSED] - state = findTestData("contactData").getValue("state", contactNumber): null

2019-06-20 15:48:58 - [TEST_STEP][PASSED] - zip = findTestData("contactData").getValue("zip", contactNumber): null

2019-06-20 15:48:58 - [TEST_STEP][PASSED] - setText(findTestObject("Object Repository/ReplicatedSite/input_address1_update"), address1): Text '1908 INDUSTRIAL PARK DR' is set on object 'Object Repository/ReplicatedSite/input_address1_update'

2019-06-20 15:48:59 - [MESSAGE][PASSED] - Text '1908 INDUSTRIAL PARK DR' is set on object 'Object Repository/ReplicatedSite/input_address1_update'

2019-06-20 15:48:59 - [TEST_STEP][PASSED] - setText(findTestObject("Object Repository/ReplicatedSite/input_city_update"), city): Text 'PLANT CITY' is set on object 'Object Repository/ReplicatedSite/input_city_update'

2019-06-20 15:48:59 - [MESSAGE][PASSED] - Text 'PLANT CITY' is set on object 'Object Repository/ReplicatedSite/input_city_update'

2019-06-20 15:48:59 - [TEST_STEP][PASSED] - xpath = UtilityMethods.concat("//select[@id='stateProvince']/option[@label='", state, "']"): null

2019-06-20 15:48:59 - [TEST_STEP][PASSED] - addressState = new com.kms.katalon.core.testobject.TestObject(select_state_dynamic): null

2019-06-20 15:48:59 - [TEST_STEP][PASSED] - addressState.addProperty("xpath", EQUALS, xpath): null

2019-06-20 15:48:59 - [TEST_STEP][PASSED] - click(addressState): Object: 'select_state_dynamic' is clicked on

2019-06-20 15:48:59 - [MESSAGE][PASSED] - Object: 'select_state_dynamic' is clicked on

2019-06-20 15:48:59 - [TEST_STEP][PASSED] - setText(findTestObject("Object Repository/ReplicatedSite/input_postal_code_update"), zip): Text '33566' is set on object 'Object Repository/ReplicatedSite/input_postal_code_update'

2019-06-20 15:48:59 - [MESSAGE][PASSED] - Text '33566' is set on object 'Object Repository/ReplicatedSite/input_postal_code_update'

2019-06-20 15:48:59 - [TEST_STEP][PASSED] - delay(4): Delayed 4 second(s)

2019-06-20 15:49:03 - [MESSAGE][PASSED] - Delayed 4 second(s)

2019-06-20 15:49:03 - [TEST_STEP][PASSED] - driver = getWebDriver(): null

2019-06-20 15:49:03 - [TEST_STEP][PASSED] - element = driver.findElement(By.xpath("//button[@type='submit']/span[contains(text(), 'Save')]")): null

2019-06-20 15:49:03 - [TEST_STEP][PASSED] - actions = new org.openqa.selenium.interactions.Actions(driver): null

2019-06-20 15:49:03 - [TEST_STEP][PASSED] - build().perform(): null

2019-06-20 15:49:03 - [TEST_STEP][PASSED] - waitForElementClickable(findTestObject("Object Repository/ReplicatedSite/button_save_and_continue"), 30): Object 'Object Repository/ReplicatedSite/button_save_and_continue' is clickable

2019-06-20 15:49:04 - [MESSAGE][PASSED] - Object 'Object Repository/ReplicatedSite/button_save_and_continue' is clickable

2019-06-20 15:49:04 - [TEST_STEP][PASSED] - element = driver.findElement(By.xpath("(//button[@class='btn pull-right'])[1]")): null

2019-06-20 15:49:04 - [TEST_STEP][PASSED] - executor = driver: null

2019-06-20 15:49:04 - [TEST_STEP][PASSED] - executor.executeScript("arguments[0].click();", element): null

2019-06-20 15:49:04 - [TEST_STEP][PASSED] - delay(3): Delayed 3 second(s)

2019-06-20 15:49:07 - [MESSAGE][PASSED] - Delayed 3 second(s)

2019-06-20 15:49:07 - [TEST_STEP][PASSED] - click(findTestObject("Object Repository/ReplicatedSite/input_make_donation")): Object: 'Object Repository/ReplicatedSite/input_make_donation' is clicked on

2019-06-20 15:49:07 - [MESSAGE][PASSED] - Object: 'Object Repository/ReplicatedSite/input_make_donation' is clicked on

2019-06-20 15:49:07 - [TEST_STEP][PASSED] - delay(2): Delayed 2 second(s)

2019-06-20 15:49:09 - [MESSAGE][PASSED] - Delayed 2 second(s)

2019-06-20 15:49:09 - [TEST_STEP][PASSED] - click(findTestObject("Object Repository/ReplicatedSite/input_make_donation")): Object: 'Object Repository/ReplicatedSite/input_make_donation' is clicked on

2019-06-20 15:49:09 - [MESSAGE][PASSED] - Object: 'Object Repository/ReplicatedSite/input_make_donation' is clicked on

2019-06-20 15:49:09 - [TEST_STEP][PASSED] - click(findTestObject("Object Repository/ReplicatedSite/input_pay_with_gc")): Object: 'Object Repository/ReplicatedSite/input_pay_with_gc' is clicked on

2019-06-20 15:49:09 - [MESSAGE][PASSED] - Object: 'Object Repository/ReplicatedSite/input_pay_with_gc' is clicked on

2019-06-20 15:49:09 - [TEST_STEP][PASSED] - delay(2): Delayed 2 second(s)

2019-06-20 15:49:11 - [MESSAGE][PASSED] - Delayed 2 second(s)

2019-06-20 15:49:11 - [TEST_STEP][PASSED] - click(findTestObject("Object Repository/ReplicatedSite/input_pay_with_gc")): Object: 'Object Repository/ReplicatedSite/input_pay_with_gc' is clicked on

2019-06-20 15:49:11 - [MESSAGE][PASSED] - Object: 'Object Repository/ReplicatedSite/input_pay_with_gc' is clicked on

2019-06-20 15:49:11 - [TEST_STEP][PASSED] - click(findTestObject("Object Repository/ReplicatedSite/input_pay_with_credit")): Object: 'Object Repository/ReplicatedSite/input_pay_with_credit' is clicked on

2019-06-20 15:49:11 - [MESSAGE][PASSED] - Object: 'Object Repository/ReplicatedSite/input_pay_with_credit' is clicked on

2019-06-20 15:49:11 - [TEST_STEP][PASSED] - delay(2): Delayed 2 second(s)

2019-06-20 15:49:13 - [MESSAGE][PASSED] - Delayed 2 second(s)

2019-06-20 15:49:13 - [TEST_STEP][PASSED] - click(findTestObject("Object Repository/ReplicatedSite/input_pay_with_credit")): Object: 'Object Repository/ReplicatedSite/input_pay_with_credit' is clicked on

2019-06-20 15:49:13 - [MESSAGE][PASSED] - Object: 'Object Repository/ReplicatedSite/input_pay_with_credit' is clicked on

2019-06-20 15:49:13 - [MESSAGE][PASSED] - Call Test Case 'Test Cases/editOrder/rsUpdateOrder' successfully

2019-06-20 15:49:13 - [TEST_STEP][PASSED] - delay(3): Delayed 3 second(s)

2019-06-20 15:49:16 - [MESSAGE][PASSED] - Delayed 3 second(s)

2019-06-20 15:49:16 - [TEST_STEP][FAILED] - click(findTestObject("Object Repository/ReplicatedSite/a_cancel_edit")): if (editButton.size() > 0) FAILED.
Reason:
com.kms.katalon.core.exception.StepFailedException: Unable to click on object 'Object Repository/ReplicatedSite/a_cancel_edit'
	at com.kms.katalon.core.webui.keyword.internal.WebUIKeywordMain.stepFailed(WebUIKeywordMain.groovy:64)
	at com.kms.katalon.core.webui.keyword.internal.WebUIKeywordMain.runKeyword(WebUIKeywordMain.groovy:26)
	at com.kms.katalon.core.webui.keyword.builtin.ClickKeyword.click(ClickKeyword.groovy:86)
	at com.kms.katalon.core.webui.keyword.builtin.ClickKeyword.execute(ClickKeyword.groovy:67)
	at com.kms.katalon.core.keyword.internal.KeywordExecutor.executeKeywordForPlatform(KeywordExecutor.groovy:56)
	at com.kms.katalon.core.webui.keyword.WebUiBuiltInKeywords.click(WebUiBuiltInKeywords.groovy:616)
	at com.kms.katalon.core.webui.keyword.WebUiBuiltInKeywords$click$3.call(Unknown Source)
	at rsOrderHistoryConfirm.run(rsOrderHistoryConfirm:63)
	at com.kms.katalon.core.main.ScriptEngine.run(ScriptEngine.java:194)
	at com.kms.katalon.core.main.ScriptEngine.runScriptAsRawText(ScriptEngine.java:119)
	at com.kms.katalon.core.main.TestCaseExecutor.runScript(TestCaseExecutor.java:342)
	at com.kms.katalon.core.main.TestCaseExecutor.doExecute(TestCaseExecutor.java:333)
	at com.kms.katalon.core.main.TestCaseExecutor.processExecutionPhase(TestCaseExecutor.java:312)
	at com.kms.katalon.core.main.TestCaseExecutor.accessMainPhase(TestCaseExecutor.java:304)
	at com.kms.katalon.core.main.TestCaseExecutor.execute(TestCaseExecutor.java:238)
	at com.kms.katalon.core.main.TestCaseMain.runTestCase(TestCaseMain.java:114)
	at com.kms.katalon.core.keyword.builtin.CallTestCaseKeyword$_callTestCase_closure1.doCall(CallTestCaseKeyword.groovy:59)
	at com.kms.katalon.core.keyword.builtin.CallTestCaseKeyword$_callTestCase_closure1.call(CallTestCaseKeyword.groovy)
	at com.kms.katalon.core.keyword.internal.KeywordMain.runKeyword(KeywordMain.groovy:66)
	at com.kms.katalon.core.keyword.builtin.CallTestCaseKeyword.callTestCase(CallTestCaseKeyword.groovy:81)
	at com.kms.katalon.core.keyword.builtin.CallTestCaseKeyword.execute(CallTestCaseKeyword.groovy:44)
	at com.kms.katalon.core.keyword.internal.KeywordExecutor.executeKeywordForPlatform(KeywordExecutor.groovy:56)
	at com.kms.katalon.core.keyword.BuiltinKeywords.callTestCase(BuiltinKeywords.groovy:334)
	at rsEditOrderSimple.run(rsEditOrderSimple:24)
	at com.kms.katalon.core.main.ScriptEngine.run(ScriptEngine.java:194)
	at com.kms.katalon.core.main.ScriptEngine.runScriptAsRawText(ScriptEngine.java:119)
	at com.kms.katalon.core.main.TestCaseExecutor.runScript(TestCaseExecutor.java:342)
	at com.kms.katalon.core.main.TestCaseExecutor.doExecute(TestCaseExecutor.java:333)
	at com.kms.katalon.core.main.TestCaseExecutor.processExecutionPhase(TestCaseExecutor.java:312)
	at com.kms.katalon.core.main.TestCaseExecutor.accessMainPhase(TestCaseExecutor.java:304)
	at com.kms.katalon.core.main.TestCaseExecutor.execute(TestCaseExecutor.java:238)
	at com.kms.katalon.core.main.TestSuiteExecutor.accessTestCaseMainPhase(TestSuiteExecutor.java:129)
	at com.kms.katalon.core.main.TestSuiteExecutor.accessTestSuiteMainPhase(TestSuiteExecutor.java:112)
	at com.kms.katalon.core.main.TestSuiteExecutor.execute(TestSuiteExecutor.java:81)
	at com.kms.katalon.core.main.TestCaseMain.startTestSuite(TestCaseMain.java:157)
	at com.kms.katalon.core.main.TestCaseMain$startTestSuite$0.call(Unknown Source)
	at TempTestSuite1561025032524.run(TempTestSuite1561025032524.groovy:35)
Caused by: com.kms.katalon.core.webui.exception.WebElementNotFoundException: Web element with id: 'Object Repository/ReplicatedSite/a_cancel_edit' located by 'By.xpath: (//a/span[contains(text(), 'Cancel Edit')])[2]' not found
	at com.kms.katalon.core.webui.common.WebUiCommonHelper.findWebElement(WebUiCommonHelper.java:1097)
	at com.kms.katalon.core.webui.keyword.internal.WebUIAbstractKeyword.findWebElement(WebUIAbstractKeyword.groovy:27)
	at com.kms.katalon.core.webui.keyword.internal.WebUIAbstractKeyword.findWebElement(WebUIAbstractKeyword.groovy:26)
	at com.kms.katalon.core.webui.keyword.builtin.ClickKeyword$_click_closure1.doCall(ClickKeyword.groovy:77)
	at com.kms.katalon.core.webui.keyword.builtin.ClickKeyword$_click_closure1.call(ClickKeyword.groovy)
	at com.kms.katalon.core.webui.keyword.internal.WebUIKeywordMain.runKeyword(WebUIKeywordMain.groovy:20)
	at com.kms.katalon.core.webui.keyword.builtin.ClickKeyword.click(ClickKeyword.groovy:86)
	at com.kms.katalon.core.webui.keyword.builtin.ClickKeyword.execute(ClickKeyword.groovy:67)
	at com.kms.katalon.core.keyword.internal.KeywordExecutor.executeKeywordForPlatform(KeywordExecutor.groovy:56)
	at com.kms.katalon.core.webui.keyword.WebUiBuiltInKeywords.click(WebUiBuiltInKeywords.groovy:616)
	at com.kms.katalon.core.webui.keyword.WebUiBuiltInKeywords$click$3.call(Unknown Source)
	at Script1559044226727.run(Script1559044226727.groovy:63)
	at com.kms.katalon.core.main.ScriptEngine.run(ScriptEngine.java:194)
	at com.kms.katalon.core.main.ScriptEngine.runScriptAsRawText(ScriptEngine.java:119)
	at com.kms.katalon.core.main.TestCaseExecutor.runScript(TestCaseExecutor.java:342)
	at com.kms.katalon.core.main.TestCaseExecutor.doExecute(TestCaseExecutor.java:333)
	at com.kms.katalon.core.main.TestCaseExecutor.processExecutionPhase(TestCaseExecutor.java:312)
	at com.kms.katalon.core.main.TestCaseExecutor.accessMainPhase(TestCaseExecutor.java:304)
	at com.kms.katalon.core.main.TestCaseExecutor.execute(TestCaseExecutor.java:238)
	at com.kms.katalon.core.main.TestCaseMain.runTestCase(TestCaseMain.java:114)
	at com.kms.katalon.core.keyword.builtin.CallTestCaseKeyword$_callTestCase_closure1.doCall(CallTestCaseKeyword.groovy:59)
	at com.kms.katalon.core.keyword.builtin.CallTestCaseKeyword$_callTestCase_closure1.call(CallTestCaseKeyword.groovy)
	at com.kms.katalon.core.keyword.internal.KeywordMain.runKeyword(KeywordMain.groovy:66)
	at com.kms.katalon.core.keyword.builtin.CallTestCaseKeyword.callTestCase(CallTestCaseKeyword.groovy:81)
	at com.kms.katalon.core.keyword.builtin.CallTestCaseKeyword.execute(CallTestCaseKeyword.groovy:44)
	at com.kms.katalon.core.keyword.internal.KeywordExecutor.executeKeywordForPlatform(KeywordExecutor.groovy:56)
	at com.kms.katalon.core.keyword.BuiltinKeywords.callTestCase(BuiltinKeywords.groovy:334)
	at Script1560768354780.run(Script1560768354780.groovy:24)
	... 13 more


2019-06-20 15:49:48 - [MESSAGE][INFO] - Unable to find the element located by 'By.xpath: (//a/span[contains(text(), 'Cancel Edit')])[2]'. Please recheck the objects properties to make sure the desired element is located. 

2019-06-20 15:49:48 - [MESSAGE][FAILED] - Unable to click on object 'Object Repository/ReplicatedSite/a_cancel_edit' (Root cause: com.kms.katalon.core.exception.StepFailedException: Unable to click on object 'Object Repository/ReplicatedSite/a_cancel_edit'
	at com.kms.katalon.core.webui.keyword.internal.WebUIKeywordMain.stepFailed(WebUIKeywordMain.groovy:64)
	at com.kms.katalon.core.webui.keyword.internal.WebUIKeywordMain.runKeyword(WebUIKeywordMain.groovy:26)
	at com.kms.katalon.core.webui.keyword.builtin.ClickKeyword.click(ClickKeyword.groovy:86)
	at com.kms.katalon.core.webui.keyword.builtin.ClickKeyword.execute(ClickKeyword.groovy:67)
	at com.kms.katalon.core.keyword.internal.KeywordExecutor.executeKeywordForPlatform(KeywordExecutor.groovy:56)
	at com.kms.katalon.core.webui.keyword.WebUiBuiltInKeywords.click(WebUiBuiltInKeywords.groovy:616)
	at com.kms.katalon.core.webui.keyword.WebUiBuiltInKeywords$click$3.call(Unknown Source)
	at rsOrderHistoryConfirm.run(rsOrderHistoryConfirm:63)
	at com.kms.katalon.core.main.ScriptEngine.run(ScriptEngine.java:194)
	at com.kms.katalon.core.main.ScriptEngine.runScriptAsRawText(ScriptEngine.java:119)
	at com.kms.katalon.core.main.TestCaseExecutor.runScript(TestCaseExecutor.java:342)
	at com.kms.katalon.core.main.TestCaseExecutor.doExecute(TestCaseExecutor.java:333)
	at com.kms.katalon.core.main.TestCaseExecutor.processExecutionPhase(TestCaseExecutor.java:312)
	at com.kms.katalon.core.main.TestCaseExecutor.accessMainPhase(TestCaseExecutor.java:304)
	at com.kms.katalon.core.main.TestCaseExecutor.execute(TestCaseExecutor.java:238)
	at com.kms.katalon.core.main.TestCaseMain.runTestCase(TestCaseMain.java:114)
	at com.kms.katalon.core.keyword.builtin.CallTestCaseKeyword$_callTestCase_closure1.doCall(CallTestCaseKeyword.groovy:59)
	at com.kms.katalon.core.keyword.builtin.CallTestCaseKeyword$_callTestCase_closure1.call(CallTestCaseKeyword.groovy)
	at com.kms.katalon.core.keyword.internal.KeywordMain.runKeyword(KeywordMain.groovy:66)
	at com.kms.katalon.core.keyword.builtin.CallTestCaseKeyword.callTestCase(CallTestCaseKeyword.groovy:81)
	at com.kms.katalon.core.keyword.builtin.CallTestCaseKeyword.execute(CallTestCaseKeyword.groovy:44)
	at com.kms.katalon.core.keyword.internal.KeywordExecutor.executeKeywordForPlatform(KeywordExecutor.groovy:56)
	at com.kms.katalon.core.keyword.BuiltinKeywords.callTestCase(BuiltinKeywords.groovy:334)
	at rsEditOrderSimple.run(rsEditOrderSimple:24)
	at com.kms.katalon.core.main.ScriptEngine.run(ScriptEngine.java:194)
	at com.kms.katalon.core.main.ScriptEngine.runScriptAsRawText(ScriptEngine.java:119)
	at com.kms.katalon.core.main.TestCaseExecutor.runScript(TestCaseExecutor.java:342)
	at com.kms.katalon.core.main.TestCaseExecutor.doExecute(TestCaseExecutor.java:333)
	at com.kms.katalon.core.main.TestCaseExecutor.processExecutionPhase(TestCaseExecutor.java:312)
	at com.kms.katalon.core.main.TestCaseExecutor.accessMainPhase(TestCaseExecutor.java:304)
	at com.kms.katalon.core.main.TestCaseExecutor.execute(TestCaseExecutor.java:238)
	at com.kms.katalon.core.main.TestSuiteExecutor.accessTestCaseMainPhase(TestSuiteExecutor.java:129)
	at com.kms.katalon.core.main.TestSuiteExecutor.accessTestSuiteMainPhase(TestSuiteExecutor.java:112)
	at com.kms.katalon.core.main.TestSuiteExecutor.execute(TestSuiteExecutor.java:81)
	at com.kms.katalon.core.main.TestCaseMain.startTestSuite(TestCaseMain.java:157)
	at com.kms.katalon.core.main.TestCaseMain$startTestSuite$0.call(Unknown Source)
	at TempTestSuite1561025032524.run(TempTestSuite1561025032524.groovy:35)
Caused by: com.kms.katalon.core.webui.exception.WebElementNotFoundException: Web element with id: 'Object Repository/ReplicatedSite/a_cancel_edit' located by 'By.xpath: (//a/span[contains(text(), 'Cancel Edit')])[2]' not found
	at com.kms.katalon.core.webui.common.WebUiCommonHelper.findWebElement(WebUiCommonHelper.java:1097)
	at com.kms.katalon.core.webui.keyword.internal.WebUIAbstractKeyword.findWebElement(WebUIAbstractKeyword.groovy:27)
	at com.kms.katalon.core.webui.keyword.internal.WebUIAbstractKeyword.findWebElement(WebUIAbstractKeyword.groovy:26)
	at com.kms.katalon.core.webui.keyword.builtin.ClickKeyword$_click_closure1.doCall(ClickKeyword.groovy:77)
	at com.kms.katalon.core.webui.keyword.builtin.ClickKeyword$_click_closure1.call(ClickKeyword.groovy)
	at com.kms.katalon.core.webui.keyword.internal.WebUIKeywordMain.runKeyword(WebUIKeywordMain.groovy:20)
	at com.kms.katalon.core.webui.keyword.builtin.ClickKeyword.click(ClickKeyword.groovy:86)
	at com.kms.katalon.core.webui.keyword.builtin.ClickKeyword.execute(ClickKeyword.groovy:67)
	at com.kms.katalon.core.keyword.internal.KeywordExecutor.executeKeywordForPlatform(KeywordExecutor.groovy:56)
	at com.kms.katalon.core.webui.keyword.WebUiBuiltInKeywords.click(WebUiBuiltInKeywords.groovy:616)
	at com.kms.katalon.core.webui.keyword.WebUiBuiltInKeywords$click$3.call(Unknown Source)
	at Script1559044226727.run(Script1559044226727.groovy:63)
	at com.kms.katalon.core.main.ScriptEngine.run(ScriptEngine.java:194)
	at com.kms.katalon.core.main.ScriptEngine.runScriptAsRawText(ScriptEngine.java:119)
	at com.kms.katalon.core.main.TestCaseExecutor.runScript(TestCaseExecutor.java:342)
	at com.kms.katalon.core.main.TestCaseExecutor.doExecute(TestCaseExecutor.java:333)
	at com.kms.katalon.core.main.TestCaseExecutor.processExecutionPhase(TestCaseExecutor.java:312)
	at com.kms.katalon.core.main.TestCaseExecutor.accessMainPhase(TestCaseExecutor.java:304)
	at com.kms.katalon.core.main.TestCaseExecutor.execute(TestCaseExecutor.java:238)
	at com.kms.katalon.core.main.TestCaseMain.runTestCase(TestCaseMain.java:114)
	at com.kms.katalon.core.keyword.builtin.CallTestCaseKeyword$_callTestCase_closure1.doCall(CallTestCaseKeyword.groovy:59)
	at com.kms.katalon.core.keyword.builtin.CallTestCaseKeyword$_callTestCase_closure1.call(CallTestCaseKeyword.groovy)
	at com.kms.katalon.core.keyword.internal.KeywordMain.runKeyword(KeywordMain.groovy:66)
	at com.kms.katalon.core.keyword.builtin.CallTestCaseKeyword.callTestCase(CallTestCaseKeyword.groovy:81)
	at com.kms.katalon.core.keyword.builtin.CallTestCaseKeyword.execute(CallTestCaseKeyword.groovy:44)
	at com.kms.katalon.core.keyword.internal.KeywordExecutor.executeKeywordForPlatform(KeywordExecutor.groovy:56)
	at com.kms.katalon.core.keyword.BuiltinKeywords.callTestCase(BuiltinKeywords.groovy:334)
	at Script1560768354780.run(Script1560768354780.groovy:24)
	... 13 more
)
[[ATTACHMENT|C:\\Users\\user\\Documents\\testautomation\\NewArrivals\\Reports\\EditOrderTestSuit\\20190620_153352\\1561025988177.png]]

2019-06-20 15:49:48 - [MESSAGE][FAILED] - if (editButton.size() > 0) FAILED.
Reason:
com.kms.katalon.core.exception.StepFailedException: Unable to click on object 'Object Repository/ReplicatedSite/a_cancel_edit'
	at com.kms.katalon.core.webui.keyword.internal.WebUIKeywordMain.stepFailed(WebUIKeywordMain.groovy:64)
	at com.kms.katalon.core.webui.keyword.internal.WebUIKeywordMain.runKeyword(WebUIKeywordMain.groovy:26)
	at com.kms.katalon.core.webui.keyword.builtin.ClickKeyword.click(ClickKeyword.groovy:86)
	at com.kms.katalon.core.webui.keyword.builtin.ClickKeyword.execute(ClickKeyword.groovy:67)
	at com.kms.katalon.core.keyword.internal.KeywordExecutor.executeKeywordForPlatform(KeywordExecutor.groovy:56)
	at com.kms.katalon.core.webui.keyword.WebUiBuiltInKeywords.click(WebUiBuiltInKeywords.groovy:616)
	at com.kms.katalon.core.webui.keyword.WebUiBuiltInKeywords$click$3.call(Unknown Source)
	at rsOrderHistoryConfirm.run(rsOrderHistoryConfirm:63)
	at com.kms.katalon.core.main.ScriptEngine.run(ScriptEngine.java:194)
	at com.kms.katalon.core.main.ScriptEngine.runScriptAsRawText(ScriptEngine.java:119)
	at com.kms.katalon.core.main.TestCaseExecutor.runScript(TestCaseExecutor.java:342)
	at com.kms.katalon.core.main.TestCaseExecutor.doExecute(TestCaseExecutor.java:333)
	at com.kms.katalon.core.main.TestCaseExecutor.processExecutionPhase(TestCaseExecutor.java:312)
	at com.kms.katalon.core.main.TestCaseExecutor.accessMainPhase(TestCaseExecutor.java:304)
	at com.kms.katalon.core.main.TestCaseExecutor.execute(TestCaseExecutor.java:238)
	at com.kms.katalon.core.main.TestCaseMain.runTestCase(TestCaseMain.java:114)
	at com.kms.katalon.core.keyword.builtin.CallTestCaseKeyword$_callTestCase_closure1.doCall(CallTestCaseKeyword.groovy:59)
	at com.kms.katalon.core.keyword.builtin.CallTestCaseKeyword$_callTestCase_closure1.call(CallTestCaseKeyword.groovy)
	at com.kms.katalon.core.keyword.internal.KeywordMain.runKeyword(KeywordMain.groovy:66)
	at com.kms.katalon.core.keyword.builtin.CallTestCaseKeyword.callTestCase(CallTestCaseKeyword.groovy:81)
	at com.kms.katalon.core.keyword.builtin.CallTestCaseKeyword.execute(CallTestCaseKeyword.groovy:44)
	at com.kms.katalon.core.keyword.internal.KeywordExecutor.executeKeywordForPlatform(KeywordExecutor.groovy:56)
	at com.kms.katalon.core.keyword.BuiltinKeywords.callTestCase(BuiltinKeywords.groovy:334)
	at rsEditOrderSimple.run(rsEditOrderSimple:24)
	at com.kms.katalon.core.main.ScriptEngine.run(ScriptEngine.java:194)
	at com.kms.katalon.core.main.ScriptEngine.runScriptAsRawText(ScriptEngine.java:119)
	at com.kms.katalon.core.main.TestCaseExecutor.runScript(TestCaseExecutor.java:342)
	at com.kms.katalon.core.main.TestCaseExecutor.doExecute(TestCaseExecutor.java:333)
	at com.kms.katalon.core.main.TestCaseExecutor.processExecutionPhase(TestCaseExecutor.java:312)
	at com.kms.katalon.core.main.TestCaseExecutor.accessMainPhase(TestCaseExecutor.java:304)
	at com.kms.katalon.core.main.TestCaseExecutor.execute(TestCaseExecutor.java:238)
	at com.kms.katalon.core.main.TestSuiteExecutor.accessTestCaseMainPhase(TestSuiteExecutor.java:129)
	at com.kms.katalon.core.main.TestSuiteExecutor.accessTestSuiteMainPhase(TestSuiteExecutor.java:112)
	at com.kms.katalon.core.main.TestSuiteExecutor.execute(TestSuiteExecutor.java:81)
	at com.kms.katalon.core.main.TestCaseMain.startTestSuite(TestCaseMain.java:157)
	at com.kms.katalon.core.main.TestCaseMain$startTestSuite$0.call(Unknown Source)
	at TempTestSuite1561025032524.run(TempTestSuite1561025032524.groovy:35)
Caused by: com.kms.katalon.core.webui.exception.WebElementNotFoundException: Web element with id: 'Object Repository/ReplicatedSite/a_cancel_edit' located by 'By.xpath: (//a/span[contains(text(), 'Cancel Edit')])[2]' not found
	at com.kms.katalon.core.webui.common.WebUiCommonHelper.findWebElement(WebUiCommonHelper.java:1097)
	at com.kms.katalon.core.webui.keyword.internal.WebUIAbstractKeyword.findWebElement(WebUIAbstractKeyword.groovy:27)
	at com.kms.katalon.core.webui.keyword.internal.WebUIAbstractKeyword.findWebElement(WebUIAbstractKeyword.groovy:26)
	at com.kms.katalon.core.webui.keyword.builtin.ClickKeyword$_click_closure1.doCall(ClickKeyword.groovy:77)
	at com.kms.katalon.core.webui.keyword.builtin.ClickKeyword$_click_closure1.call(ClickKeyword.groovy)
	at com.kms.katalon.core.webui.keyword.internal.WebUIKeywordMain.runKeyword(WebUIKeywordMain.groovy:20)
	at com.kms.katalon.core.webui.keyword.builtin.ClickKeyword.click(ClickKeyword.groovy:86)
	at com.kms.katalon.core.webui.keyword.builtin.ClickKeyword.execute(ClickKeyword.groovy:67)
	at com.kms.katalon.core.keyword.internal.KeywordExecutor.executeKeywordForPlatform(KeywordExecutor.groovy:56)
	at com.kms.katalon.core.webui.keyword.WebUiBuiltInKeywords.click(WebUiBuiltInKeywords.groovy:616)
	at com.kms.katalon.core.webui.keyword.WebUiBuiltInKeywords$click$3.call(Unknown Source)
	at Script1559044226727.run(Script1559044226727.groovy:63)
	at com.kms.katalon.core.main.ScriptEngine.run(ScriptEngine.java:194)
	at com.kms.katalon.core.main.ScriptEngine.runScriptAsRawText(ScriptEngine.java:119)
	at com.kms.katalon.core.main.TestCaseExecutor.runScript(TestCaseExecutor.java:342)
	at com.kms.katalon.core.main.TestCaseExecutor.doExecute(TestCaseExecutor.java:333)
	at com.kms.katalon.core.main.TestCaseExecutor.processExecutionPhase(TestCaseExecutor.java:312)
	at com.kms.katalon.core.main.TestCaseExecutor.accessMainPhase(TestCaseExecutor.java:304)
	at com.kms.katalon.core.main.TestCaseExecutor.execute(TestCaseExecutor.java:238)
	at com.kms.katalon.core.main.TestCaseMain.runTestCase(TestCaseMain.java:114)
	at com.kms.katalon.core.keyword.builtin.CallTestCaseKeyword$_callTestCase_closure1.doCall(CallTestCaseKeyword.groovy:59)
	at com.kms.katalon.core.keyword.builtin.CallTestCaseKeyword$_callTestCase_closure1.call(CallTestCaseKeyword.groovy)
	at com.kms.katalon.core.keyword.internal.KeywordMain.runKeyword(KeywordMain.groovy:66)
	at com.kms.katalon.core.keyword.builtin.CallTestCaseKeyword.callTestCase(CallTestCaseKeyword.groovy:81)
	at com.kms.katalon.core.keyword.builtin.CallTestCaseKeyword.execute(CallTestCaseKeyword.groovy:44)
	at com.kms.katalon.core.keyword.internal.KeywordExecutor.executeKeywordForPlatform(KeywordExecutor.groovy:56)
	at com.kms.katalon.core.keyword.BuiltinKeywords.callTestCase(BuiltinKeywords.groovy:334)
	at Script1560768354780.run(Script1560768354780.groovy:24)
	... 13 more


2019-06-20 15:49:48 - [MESSAGE][FAILED] - Unable to call Test Case 'Test Cases/editOrder/rsOrderHistoryConfirm' (Root cause: com.kms.katalon.core.exception.StepFailedException: Call Test Case 'Test Cases/editOrder/rsOrderHistoryConfirm' failed
	at com.kms.katalon.core.keyword.builtin.CallTestCaseKeyword$_callTestCase_closure1.doCall(CallTestCaseKeyword.groovy:63)
	at com.kms.katalon.core.keyword.builtin.CallTestCaseKeyword$_callTestCase_closure1.call(CallTestCaseKeyword.groovy)
	at com.kms.katalon.core.keyword.internal.KeywordMain.runKeyword(KeywordMain.groovy:66)
	at com.kms.katalon.core.keyword.builtin.CallTestCaseKeyword.callTestCase(CallTestCaseKeyword.groovy:81)
	at com.kms.katalon.core.keyword.builtin.CallTestCaseKeyword.execute(CallTestCaseKeyword.groovy:44)
	at com.kms.katalon.core.keyword.internal.KeywordExecutor.executeKeywordForPlatform(KeywordExecutor.groovy:56)
	at com.kms.katalon.core.keyword.BuiltinKeywords.callTestCase(BuiltinKeywords.groovy:334)
	at rsEditOrderSimple.run(rsEditOrderSimple:24)
	at com.kms.katalon.core.main.ScriptEngine.run(ScriptEngine.java:194)
	at com.kms.katalon.core.main.ScriptEngine.runScriptAsRawText(ScriptEngine.java:119)
	at com.kms.katalon.core.main.TestCaseExecutor.runScript(TestCaseExecutor.java:342)
	at com.kms.katalon.core.main.TestCaseExecutor.doExecute(TestCaseExecutor.java:333)
	at com.kms.katalon.core.main.TestCaseExecutor.processExecutionPhase(TestCaseExecutor.java:312)
	at com.kms.katalon.core.main.TestCaseExecutor.accessMainPhase(TestCaseExecutor.java:304)
	at com.kms.katalon.core.main.TestCaseExecutor.execute(TestCaseExecutor.java:238)
	at com.kms.katalon.core.main.TestSuiteExecutor.accessTestCaseMainPhase(TestSuiteExecutor.java:129)
	at com.kms.katalon.core.main.TestSuiteExecutor.accessTestSuiteMainPhase(TestSuiteExecutor.java:112)
	at com.kms.katalon.core.main.TestSuiteExecutor.execute(TestSuiteExecutor.java:81)
	at com.kms.katalon.core.main.TestCaseMain.startTestSuite(TestCaseMain.java:157)
	at com.kms.katalon.core.main.TestCaseMain$startTestSuite$0.call(Unknown Source)
	at TempTestSuite1561025032524.run(TempTestSuite1561025032524.groovy:35)
Caused by: com.kms.katalon.core.exception.StepFailedException: Unable to click on object 'Object Repository/ReplicatedSite/a_cancel_edit'
	at com.kms.katalon.core.webui.keyword.internal.WebUIKeywordMain.stepFailed(WebUIKeywordMain.groovy:64)
	at com.kms.katalon.core.webui.keyword.internal.WebUIKeywordMain.runKeyword(WebUIKeywordMain.groovy:26)
	at com.kms.katalon.core.webui.keyword.builtin.ClickKeyword.click(ClickKeyword.groovy:86)
	at com.kms.katalon.core.webui.keyword.builtin.ClickKeyword.execute(ClickKeyword.groovy:67)
	at com.kms.katalon.core.keyword.internal.KeywordExecutor.executeKeywordForPlatform(KeywordExecutor.groovy:56)
	at com.kms.katalon.core.webui.keyword.WebUiBuiltInKeywords.click(WebUiBuiltInKeywords.groovy:616)
	at com.kms.katalon.core.webui.keyword.WebUiBuiltInKeywords$click$3.call(Unknown Source)
	at rsOrderHistoryConfirm.run(rsOrderHistoryConfirm:63)
	at com.kms.katalon.core.main.ScriptEngine.run(ScriptEngine.java:194)
	at com.kms.katalon.core.main.ScriptEngine.runScriptAsRawText(ScriptEngine.java:119)
	at com.kms.katalon.core.main.TestCaseExecutor.runScript(TestCaseExecutor.java:342)
	at com.kms.katalon.core.main.TestCaseExecutor.doExecute(TestCaseExecutor.java:333)
	at com.kms.katalon.core.main.TestCaseExecutor.processExecutionPhase(TestCaseExecutor.java:312)
	at com.kms.katalon.core.main.TestCaseExecutor.accessMainPhase(TestCaseExecutor.java:304)
	at com.kms.katalon.core.main.TestCaseExecutor.execute(TestCaseExecutor.java:238)
	at com.kms.katalon.core.main.TestCaseMain.runTestCase(TestCaseMain.java:114)
	at com.kms.katalon.core.keyword.builtin.CallTestCaseKeyword$_callTestCase_closure1.doCall(CallTestCaseKeyword.groovy:59)
	... 20 more
Caused by: com.kms.katalon.core.webui.exception.WebElementNotFoundException: Web element with id: 'Object Repository/ReplicatedSite/a_cancel_edit' located by 'By.xpath: (//a/span[contains(text(), 'Cancel Edit')])[2]' not found
	at com.kms.katalon.core.webui.common.WebUiCommonHelper.findWebElement(WebUiCommonHelper.java:1097)
	at com.kms.katalon.core.webui.keyword.internal.WebUIAbstractKeyword.findWebElement(WebUIAbstractKeyword.groovy:27)
	at com.kms.katalon.core.webui.keyword.internal.WebUIAbstractKeyword.findWebElement(WebUIAbstractKeyword.groovy:26)
	at com.kms.katalon.core.webui.keyword.builtin.ClickKeyword$_click_closure1.doCall(ClickKeyword.groovy:77)
	at com.kms.katalon.core.webui.keyword.builtin.ClickKeyword$_click_closure1.call(ClickKeyword.groovy)
	at com.kms.katalon.core.webui.keyword.internal.WebUIKeywordMain.runKeyword(WebUIKeywordMain.groovy:20)
	at com.kms.katalon.core.webui.keyword.builtin.ClickKeyword.click(ClickKeyword.groovy:86)
	at com.kms.katalon.core.webui.keyword.builtin.ClickKeyword.execute(ClickKeyword.groovy:67)
	at com.kms.katalon.core.keyword.internal.KeywordExecutor.executeKeywordForPlatform(KeywordExecutor.groovy:56)
	at com.kms.katalon.core.webui.keyword.WebUiBuiltInKeywords.click(WebUiBuiltInKeywords.groovy:616)
	at com.kms.katalon.core.webui.keyword.WebUiBuiltInKeywords$click$3.call(Unknown Source)
	at Script1559044226727.run(Script1559044226727.groovy:63)
	at com.kms.katalon.core.main.ScriptEngine.run(ScriptEngine.java:194)
	at com.kms.katalon.core.main.ScriptEngine.runScriptAsRawText(ScriptEngine.java:119)
	at com.kms.katalon.core.main.TestCaseExecutor.runScript(TestCaseExecutor.java:342)
	at com.kms.katalon.core.main.TestCaseExecutor.doExecute(TestCaseExecutor.java:333)
	at com.kms.katalon.core.main.TestCaseExecutor.processExecutionPhase(TestCaseExecutor.java:312)
	at com.kms.katalon.core.main.TestCaseExecutor.accessMainPhase(TestCaseExecutor.java:304)
	at com.kms.katalon.core.main.TestCaseExecutor.execute(TestCaseExecutor.java:238)
	at com.kms.katalon.core.main.TestCaseMain.runTestCase(TestCaseMain.java:114)
	at com.kms.katalon.core.keyword.builtin.CallTestCaseKeyword$_callTestCase_closure1.doCall(CallTestCaseKeyword.groovy:59)
	at com.kms.katalon.core.keyword.builtin.CallTestCaseKeyword$_callTestCase_closure1.call(CallTestCaseKeyword.groovy)
	at com.kms.katalon.core.keyword.internal.KeywordMain.runKeyword(KeywordMain.groovy:66)
	at com.kms.katalon.core.keyword.builtin.CallTestCaseKeyword.callTestCase(CallTestCaseKeyword.groovy:81)
	at com.kms.katalon.core.keyword.builtin.CallTestCaseKeyword.execute(CallTestCaseKeyword.groovy:44)
	at com.kms.katalon.core.keyword.internal.KeywordExecutor.executeKeywordForPlatform(KeywordExecutor.groovy:56)
	at com.kms.katalon.core.keyword.BuiltinKeywords.callTestCase(BuiltinKeywords.groovy:334)
	at Script1560768354780.run(Script1560768354780.groovy:24)
	... 13 more
)

2019-06-20 15:49:48 - [MESSAGE][FAILED] - callTestCase(findTestCase("editOrder/rsOrderHistoryConfirm"), ["orderID":"", "editScenarioNumber":1], STOP_ON_FAILURE) FAILED.
Reason:
com.kms.katalon.core.exception.StepFailedException: Call Test Case 'Test Cases/editOrder/rsOrderHistoryConfirm' failed
	at com.kms.katalon.core.keyword.builtin.CallTestCaseKeyword$_callTestCase_closure1.doCall(CallTestCaseKeyword.groovy:63)
	at com.kms.katalon.core.keyword.builtin.CallTestCaseKeyword$_callTestCase_closure1.call(CallTestCaseKeyword.groovy)
	at com.kms.katalon.core.keyword.internal.KeywordMain.runKeyword(KeywordMain.groovy:66)
	at com.kms.katalon.core.keyword.builtin.CallTestCaseKeyword.callTestCase(CallTestCaseKeyword.groovy:81)
	at com.kms.katalon.core.keyword.builtin.CallTestCaseKeyword.execute(CallTestCaseKeyword.groovy:44)
	at com.kms.katalon.core.keyword.internal.KeywordExecutor.executeKeywordForPlatform(KeywordExecutor.groovy:56)
	at com.kms.katalon.core.keyword.BuiltinKeywords.callTestCase(BuiltinKeywords.groovy:334)
	at rsEditOrderSimple.run(rsEditOrderSimple:24)
	at com.kms.katalon.core.main.ScriptEngine.run(ScriptEngine.java:194)
	at com.kms.katalon.core.main.ScriptEngine.runScriptAsRawText(ScriptEngine.java:119)
	at com.kms.katalon.core.main.TestCaseExecutor.runScript(TestCaseExecutor.java:342)
	at com.kms.katalon.core.main.TestCaseExecutor.doExecute(TestCaseExecutor.java:333)
	at com.kms.katalon.core.main.TestCaseExecutor.processExecutionPhase(TestCaseExecutor.java:312)
	at com.kms.katalon.core.main.TestCaseExecutor.accessMainPhase(TestCaseExecutor.java:304)
	at com.kms.katalon.core.main.TestCaseExecutor.execute(TestCaseExecutor.java:238)
	at com.kms.katalon.core.main.TestSuiteExecutor.accessTestCaseMainPhase(TestSuiteExecutor.java:129)
	at com.kms.katalon.core.main.TestSuiteExecutor.accessTestSuiteMainPhase(TestSuiteExecutor.java:112)
	at com.kms.katalon.core.main.TestSuiteExecutor.execute(TestSuiteExecutor.java:81)
	at com.kms.katalon.core.main.TestCaseMain.startTestSuite(TestCaseMain.java:157)
	at com.kms.katalon.core.main.TestCaseMain$startTestSuite$0.call(Unknown Source)
	at TempTestSuite1561025032524.run(TempTestSuite1561025032524.groovy:35)
Caused by: com.kms.katalon.core.exception.StepFailedException: Unable to click on object 'Object Repository/ReplicatedSite/a_cancel_edit'
	at com.kms.katalon.core.webui.keyword.internal.WebUIKeywordMain.stepFailed(WebUIKeywordMain.groovy:64)
	at com.kms.katalon.core.webui.keyword.internal.WebUIKeywordMain.runKeyword(WebUIKeywordMain.groovy:26)
	at com.kms.katalon.core.webui.keyword.builtin.ClickKeyword.click(ClickKeyword.groovy:86)
	at com.kms.katalon.core.webui.keyword.builtin.ClickKeyword.execute(ClickKeyword.groovy:67)
	at com.kms.katalon.core.keyword.internal.KeywordExecutor.executeKeywordForPlatform(KeywordExecutor.groovy:56)
	at com.kms.katalon.core.webui.keyword.WebUiBuiltInKeywords.click(WebUiBuiltInKeywords.groovy:616)
	at com.kms.katalon.core.webui.keyword.WebUiBuiltInKeywords$click$3.call(Unknown Source)
	at rsOrderHistoryConfirm.run(rsOrderHistoryConfirm:63)
	at com.kms.katalon.core.main.ScriptEngine.run(ScriptEngine.java:194)
	at com.kms.katalon.core.main.ScriptEngine.runScriptAsRawText(ScriptEngine.java:119)
	at com.kms.katalon.core.main.TestCaseExecutor.runScript(TestCaseExecutor.java:342)
	at com.kms.katalon.core.main.TestCaseExecutor.doExecute(TestCaseExecutor.java:333)
	at com.kms.katalon.core.main.TestCaseExecutor.processExecutionPhase(TestCaseExecutor.java:312)
	at com.kms.katalon.core.main.TestCaseExecutor.accessMainPhase(TestCaseExecutor.java:304)
	at com.kms.katalon.core.main.TestCaseExecutor.execute(TestCaseExecutor.java:238)
	at com.kms.katalon.core.main.TestCaseMain.runTestCase(TestCaseMain.java:114)
	at com.kms.katalon.core.keyword.builtin.CallTestCaseKeyword$_callTestCase_closure1.doCall(CallTestCaseKeyword.groovy:59)
	... 20 more
Caused by: com.kms.katalon.core.webui.exception.WebElementNotFoundException: Web element with id: 'Object Repository/ReplicatedSite/a_cancel_edit' located by 'By.xpath: (//a/span[contains(text(), 'Cancel Edit')])[2]' not found
	at com.kms.katalon.core.webui.common.WebUiCommonHelper.findWebElement(WebUiCommonHelper.java:1097)
	at com.kms.katalon.core.webui.keyword.internal.WebUIAbstractKeyword.findWebElement(WebUIAbstractKeyword.groovy:27)
	at com.kms.katalon.core.webui.keyword.internal.WebUIAbstractKeyword.findWebElement(WebUIAbstractKeyword.groovy:26)
	at com.kms.katalon.core.webui.keyword.builtin.ClickKeyword$_click_closure1.doCall(ClickKeyword.groovy:77)
	at com.kms.katalon.core.webui.keyword.builtin.ClickKeyword$_click_closure1.call(ClickKeyword.groovy)
	at com.kms.katalon.core.webui.keyword.internal.WebUIKeywordMain.runKeyword(WebUIKeywordMain.groovy:20)
	at com.kms.katalon.core.webui.keyword.builtin.ClickKeyword.click(ClickKeyword.groovy:86)
	at com.kms.katalon.core.webui.keyword.builtin.ClickKeyword.execute(ClickKeyword.groovy:67)
	at com.kms.katalon.core.keyword.internal.KeywordExecutor.executeKeywordForPlatform(KeywordExecutor.groovy:56)
	at com.kms.katalon.core.webui.keyword.WebUiBuiltInKeywords.click(WebUiBuiltInKeywords.groovy:616)
	at com.kms.katalon.core.webui.keyword.WebUiBuiltInKeywords$click$3.call(Unknown Source)
	at Script1559044226727.run(Script1559044226727.groovy:63)
	at com.kms.katalon.core.main.ScriptEngine.run(ScriptEngine.java:194)
	at com.kms.katalon.core.main.ScriptEngine.runScriptAsRawText(ScriptEngine.java:119)
	at com.kms.katalon.core.main.TestCaseExecutor.runScript(TestCaseExecutor.java:342)
	at com.kms.katalon.core.main.TestCaseExecutor.doExecute(TestCaseExecutor.java:333)
	at com.kms.katalon.core.main.TestCaseExecutor.processExecutionPhase(TestCaseExecutor.java:312)
	at com.kms.katalon.core.main.TestCaseExecutor.accessMainPhase(TestCaseExecutor.java:304)
	at com.kms.katalon.core.main.TestCaseExecutor.execute(TestCaseExecutor.java:238)
	at com.kms.katalon.core.main.TestCaseMain.runTestCase(TestCaseMain.java:114)
	at com.kms.katalon.core.keyword.builtin.CallTestCaseKeyword$_callTestCase_closure1.doCall(CallTestCaseKeyword.groovy:59)
	at com.kms.katalon.core.keyword.builtin.CallTestCaseKeyword$_callTestCase_closure1.call(CallTestCaseKeyword.groovy)
	at com.kms.katalon.core.keyword.internal.KeywordMain.runKeyword(KeywordMain.groovy:66)
	at com.kms.katalon.core.keyword.builtin.CallTestCaseKeyword.callTestCase(CallTestCaseKeyword.groovy:81)
	at com.kms.katalon.core.keyword.builtin.CallTestCaseKeyword.execute(CallTestCaseKeyword.groovy:44)
	at com.kms.katalon.core.keyword.internal.KeywordExecutor.executeKeywordForPlatform(KeywordExecutor.groovy:56)
	at com.kms.katalon.core.keyword.BuiltinKeywords.callTestCase(BuiltinKeywords.groovy:334)
	at Script1560768354780.run(Script1560768354780.groovy:24)
	... 13 more]]></system-out>
         <system-err><![CDATA[2019-06-20 15:45:24 - [TEST_CASE][FAILED] - Test Cases/editOrder/rsEditOrderSimple: Test Cases/editOrder/rsEditOrderSimple FAILED.
Reason:
com.kms.katalon.core.exception.StepFailedException: Call Test Case 'Test Cases/editOrder/rsOrderHistoryConfirm' failed
	at com.kms.katalon.core.keyword.builtin.CallTestCaseKeyword$_callTestCase_closure1.doCall(CallTestCaseKeyword.groovy:63)
	at com.kms.katalon.core.keyword.builtin.CallTestCaseKeyword$_callTestCase_closure1.call(CallTestCaseKeyword.groovy)
	at com.kms.katalon.core.keyword.internal.KeywordMain.runKeyword(KeywordMain.groovy:66)
	at com.kms.katalon.core.keyword.builtin.CallTestCaseKeyword.callTestCase(CallTestCaseKeyword.groovy:81)
	at com.kms.katalon.core.keyword.builtin.CallTestCaseKeyword.execute(CallTestCaseKeyword.groovy:44)
	at com.kms.katalon.core.keyword.internal.KeywordExecutor.executeKeywordForPlatform(KeywordExecutor.groovy:56)
	at com.kms.katalon.core.keyword.BuiltinKeywords.callTestCase(BuiltinKeywords.groovy:334)
	at rsEditOrderSimple.run(rsEditOrderSimple:24)
	at com.kms.katalon.core.main.ScriptEngine.run(ScriptEngine.java:194)
	at com.kms.katalon.core.main.ScriptEngine.runScriptAsRawText(ScriptEngine.java:119)
	at com.kms.katalon.core.main.TestCaseExecutor.runScript(TestCaseExecutor.java:342)
	at com.kms.katalon.core.main.TestCaseExecutor.doExecute(TestCaseExecutor.java:333)
	at com.kms.katalon.core.main.TestCaseExecutor.processExecutionPhase(TestCaseExecutor.java:312)
	at com.kms.katalon.core.main.TestCaseExecutor.accessMainPhase(TestCaseExecutor.java:304)
	at com.kms.katalon.core.main.TestCaseExecutor.execute(TestCaseExecutor.java:238)
	at com.kms.katalon.core.main.TestSuiteExecutor.accessTestCaseMainPhase(TestSuiteExecutor.java:129)
	at com.kms.katalon.core.main.TestSuiteExecutor.accessTestSuiteMainPhase(TestSuiteExecutor.java:112)
	at com.kms.katalon.core.main.TestSuiteExecutor.execute(TestSuiteExecutor.java:81)
	at com.kms.katalon.core.main.TestCaseMain.startTestSuite(TestCaseMain.java:157)
	at com.kms.katalon.core.main.TestCaseMain$startTestSuite$0.call(Unknown Source)
	at TempTestSuite1561025032524.run(TempTestSuite1561025032524.groovy:35)
Caused by: com.kms.katalon.core.exception.StepFailedException: Unable to click on object 'Object Repository/ReplicatedSite/a_cancel_edit'
	at com.kms.katalon.core.webui.keyword.internal.WebUIKeywordMain.stepFailed(WebUIKeywordMain.groovy:64)
	at com.kms.katalon.core.webui.keyword.internal.WebUIKeywordMain.runKeyword(WebUIKeywordMain.groovy:26)
	at com.kms.katalon.core.webui.keyword.builtin.ClickKeyword.click(ClickKeyword.groovy:86)
	at com.kms.katalon.core.webui.keyword.builtin.ClickKeyword.execute(ClickKeyword.groovy:67)
	at com.kms.katalon.core.keyword.internal.KeywordExecutor.executeKeywordForPlatform(KeywordExecutor.groovy:56)
	at com.kms.katalon.core.webui.keyword.WebUiBuiltInKeywords.click(WebUiBuiltInKeywords.groovy:616)
	at com.kms.katalon.core.webui.keyword.WebUiBuiltInKeywords$click$3.call(Unknown Source)
	at rsOrderHistoryConfirm.run(rsOrderHistoryConfirm:63)
	at com.kms.katalon.core.main.ScriptEngine.run(ScriptEngine.java:194)
	at com.kms.katalon.core.main.ScriptEngine.runScriptAsRawText(ScriptEngine.java:119)
	at com.kms.katalon.core.main.TestCaseExecutor.runScript(TestCaseExecutor.java:342)
	at com.kms.katalon.core.main.TestCaseExecutor.doExecute(TestCaseExecutor.java:333)
	at com.kms.katalon.core.main.TestCaseExecutor.processExecutionPhase(TestCaseExecutor.java:312)
	at com.kms.katalon.core.main.TestCaseExecutor.accessMainPhase(TestCaseExecutor.java:304)
	at com.kms.katalon.core.main.TestCaseExecutor.execute(TestCaseExecutor.java:238)
	at com.kms.katalon.core.main.TestCaseMain.runTestCase(TestCaseMain.java:114)
	at com.kms.katalon.core.keyword.builtin.CallTestCaseKeyword$_callTestCase_closure1.doCall(CallTestCaseKeyword.groovy:59)
	... 20 more
Caused by: com.kms.katalon.core.webui.exception.WebElementNotFoundException: Web element with id: 'Object Repository/ReplicatedSite/a_cancel_edit' located by 'By.xpath: (//a/span[contains(text(), 'Cancel Edit')])[2]' not found
	at com.kms.katalon.core.webui.common.WebUiCommonHelper.findWebElement(WebUiCommonHelper.java:1097)
	at com.kms.katalon.core.webui.keyword.internal.WebUIAbstractKeyword.findWebElement(WebUIAbstractKeyword.groovy:27)
	at com.kms.katalon.core.webui.keyword.internal.WebUIAbstractKeyword.findWebElement(WebUIAbstractKeyword.groovy:26)
	at com.kms.katalon.core.webui.keyword.builtin.ClickKeyword$_click_closure1.doCall(ClickKeyword.groovy:77)
	at com.kms.katalon.core.webui.keyword.builtin.ClickKeyword$_click_closure1.call(ClickKeyword.groovy)
	at com.kms.katalon.core.webui.keyword.internal.WebUIKeywordMain.runKeyword(WebUIKeywordMain.groovy:20)
	at com.kms.katalon.core.webui.keyword.builtin.ClickKeyword.click(ClickKeyword.groovy:86)
	at com.kms.katalon.core.webui.keyword.builtin.ClickKeyword.execute(ClickKeyword.groovy:67)
	at com.kms.katalon.core.keyword.internal.KeywordExecutor.executeKeywordForPlatform(KeywordExecutor.groovy:56)
	at com.kms.katalon.core.webui.keyword.WebUiBuiltInKeywords.click(WebUiBuiltInKeywords.groovy:616)
	at com.kms.katalon.core.webui.keyword.WebUiBuiltInKeywords$click$3.call(Unknown Source)
	at Script1559044226727.run(Script1559044226727.groovy:63)
	at com.kms.katalon.core.main.ScriptEngine.run(ScriptEngine.java:194)
	at com.kms.katalon.core.main.ScriptEngine.runScriptAsRawText(ScriptEngine.java:119)
	at com.kms.katalon.core.main.TestCaseExecutor.runScript(TestCaseExecutor.java:342)
	at com.kms.katalon.core.main.TestCaseExecutor.doExecute(TestCaseExecutor.java:333)
	at com.kms.katalon.core.main.TestCaseExecutor.processExecutionPhase(TestCaseExecutor.java:312)
	at com.kms.katalon.core.main.TestCaseExecutor.accessMainPhase(TestCaseExecutor.java:304)
	at com.kms.katalon.core.main.TestCaseExecutor.execute(TestCaseExecutor.java:238)
	at com.kms.katalon.core.main.TestCaseMain.runTestCase(TestCaseMain.java:114)
	at com.kms.katalon.core.keyword.builtin.CallTestCaseKeyword$_callTestCase_closure1.doCall(CallTestCaseKeyword.groovy:59)
	at com.kms.katalon.core.keyword.builtin.CallTestCaseKeyword$_callTestCase_closure1.call(CallTestCaseKeyword.groovy)
	at com.kms.katalon.core.keyword.internal.KeywordMain.runKeyword(KeywordMain.groovy:66)
	at com.kms.katalon.core.keyword.builtin.CallTestCaseKeyword.callTestCase(CallTestCaseKeyword.groovy:81)
	at com.kms.katalon.core.keyword.builtin.CallTestCaseKeyword.execute(CallTestCaseKeyword.groovy:44)
	at com.kms.katalon.core.keyword.internal.KeywordExecutor.executeKeywordForPlatform(KeywordExecutor.groovy:56)
	at com.kms.katalon.core.keyword.BuiltinKeywords.callTestCase(BuiltinKeywords.groovy:334)
	at Script1560768354780.run(Script1560768354780.groovy:24)
	... 13 more]]></system-err>
      </testcase>
      <system-out><![CDATA[2019-06-20 15:33:55 - [TEST_SUITE][FAILED] - EditOrderTestSuit: Test Cases/editOrder/rsEditOrderGiftCard FAILED.
Reason:
com.kms.katalon.core.exception.StepFailedException: Call Test Case 'Test Cases/editOrder/retailOrderBO' failed
	at com.kms.katalon.core.keyword.builtin.CallTestCaseKeyword$_callTestCase_closure1.doCall(CallTestCaseKeyword.groovy:63)
	at com.kms.katalon.core.keyword.builtin.CallTestCaseKeyword$_callTestCase_closure1.call(CallTestCaseKeyword.groovy)
	at com.kms.katalon.core.keyword.internal.KeywordMain.runKeyword(KeywordMain.groovy:66)
	at com.kms.katalon.core.keyword.builtin.CallTestCaseKeyword.callTestCase(CallTestCaseKeyword.groovy:81)
	at com.kms.katalon.core.keyword.builtin.CallTestCaseKeyword.execute(CallTestCaseKeyword.groovy:44)
	at com.kms.katalon.core.keyword.internal.KeywordExecutor.executeKeywordForPlatform(KeywordExecutor.groovy:56)
	at com.kms.katalon.core.keyword.BuiltinKeywords.callTestCase(BuiltinKeywords.groovy:334)
	at rsEditOrderGiftCard.run(rsEditOrderGiftCard:16)
	at com.kms.katalon.core.main.ScriptEngine.run(ScriptEngine.java:194)
	at com.kms.katalon.core.main.ScriptEngine.runScriptAsRawText(ScriptEngine.java:119)
	at com.kms.katalon.core.main.TestCaseExecutor.runScript(TestCaseExecutor.java:342)
	at com.kms.katalon.core.main.TestCaseExecutor.doExecute(TestCaseExecutor.java:333)
	at com.kms.katalon.core.main.TestCaseExecutor.processExecutionPhase(TestCaseExecutor.java:312)
	at com.kms.katalon.core.main.TestCaseExecutor.accessMainPhase(TestCaseExecutor.java:304)
	at com.kms.katalon.core.main.TestCaseExecutor.execute(TestCaseExecutor.java:238)
	at com.kms.katalon.core.main.TestSuiteExecutor.accessTestCaseMainPhase(TestSuiteExecutor.java:129)
	at com.kms.katalon.core.main.TestSuiteExecutor.accessTestSuiteMainPhase(TestSuiteExecutor.java:112)
	at com.kms.katalon.core.main.TestSuiteExecutor.execute(TestSuiteExecutor.java:81)
	at com.kms.katalon.core.main.TestCaseMain.startTestSuite(TestCaseMain.java:157)
	at com.kms.katalon.core.main.TestCaseMain$startTestSuite$0.call(Unknown Source)
	at TempTestSuite1561025032524.run(TempTestSuite1561025032524.groovy:35)
Caused by: com.kms.katalon.core.exception.StepFailedException: Unable to click on object 'Object Repository/Page_cabi Order Items/a_checkout'
	at com.kms.katalon.core.webui.keyword.internal.WebUIKeywordMain.stepFailed(WebUIKeywordMain.groovy:64)
	at com.kms.katalon.core.webui.keyword.internal.WebUIKeywordMain.runKeyword(WebUIKeywordMain.groovy:26)
	at com.kms.katalon.core.webui.keyword.builtin.ClickKeyword.click(ClickKeyword.groovy:86)
	at com.kms.katalon.core.webui.keyword.builtin.ClickKeyword.execute(ClickKeyword.groovy:67)
	at com.kms.katalon.core.keyword.internal.KeywordExecutor.executeKeywordForPlatform(KeywordExecutor.groovy:56)
	at com.kms.katalon.core.webui.keyword.WebUiBuiltInKeywords.click(WebUiBuiltInKeywords.groovy:616)
	at com.kms.katalon.core.webui.keyword.WebUiBuiltInKeywords$click$3.call(Unknown Source)
	at retailOrderBO.run(retailOrderBO:232)
	at com.kms.katalon.core.main.ScriptEngine.run(ScriptEngine.java:194)
	at com.kms.katalon.core.main.ScriptEngine.runScriptAsRawText(ScriptEngine.java:119)
	at com.kms.katalon.core.main.TestCaseExecutor.runScript(TestCaseExecutor.java:342)
	at com.kms.katalon.core.main.TestCaseExecutor.doExecute(TestCaseExecutor.java:333)
	at com.kms.katalon.core.main.TestCaseExecutor.processExecutionPhase(TestCaseExecutor.java:312)
	at com.kms.katalon.core.main.TestCaseExecutor.accessMainPhase(TestCaseExecutor.java:304)
	at com.kms.katalon.core.main.TestCaseExecutor.execute(TestCaseExecutor.java:238)
	at com.kms.katalon.core.main.TestCaseMain.runTestCase(TestCaseMain.java:114)
	at com.kms.katalon.core.keyword.builtin.CallTestCaseKeyword$_callTestCase_closure1.doCall(CallTestCaseKeyword.groovy:59)
	... 20 more
Caused by: org.openqa.selenium.StaleElementReferenceException: stale element reference: element is not attached to the page document
  (Session info: chrome=75.0.3770.100)
  (Driver info: chromedriver=74.0.3729.6 (255758eccf3d244491b8a1317aa76e1ce10d57e9-refs/branch-heads/3729@{#29}),platform=Windows NT 6.3.9600 x86_64) (WARNING: The server did not provide any stacktrace information)
Command duration or timeout: 0 milliseconds
For documentation on this error, please visit: http://seleniumhq.org/exceptions/stale_element_reference.html
Build info: version: '3.7.1', revision: '8a0099a', time: '2017-11-06T21:07:36.161Z'
System info: host: 'NIVEDITA', ip: '10.0.102.159', os.name: 'Windows 8.1', os.arch: 'amd64', os.version: '6.3', java.version: '1.8.0_181'
Driver info: com.kms.katalon.selenium.driver.CChromeDriver
Capabilities {acceptInsecureCerts: false, acceptSslCerts: false, applicationCacheEnabled: false, browserConnectionEnabled: false, browserName: chrome, chrome: {chromedriverVersion: 74.0.3729.6 (255758eccf3d24..., userDataDir: C:\Users\user\AppData\Local...}, cssSelectorsEnabled: true, databaseEnabled: false, goog:chromeOptions: {debuggerAddress: localhost:59357}, handlesAlerts: true, hasTouchScreen: false, javascriptEnabled: true, locationContextEnabled: true, mobileEmulationEnabled: false, nativeEvents: true, networkConnectionEnabled: false, pageLoadStrategy: normal, platform: XP, platformName: XP, proxy: Proxy(direct), rotatable: false, setWindowRect: true, strictFileInteractability: false, takesHeapSnapshot: true, takesScreenshot: true, timeouts: {implicit: 0, pageLoad: 300000, script: 30000}, unexpectedAlertBehaviour: ignore, unhandledPromptBehavior: ignore, version: 75.0.3770.100, webStorageEnabled: true}
Session ID: 752961f18cf97fb4ffb87d57a00ca2c6
	at org.openqa.selenium.remote.ErrorHandler.createThrowable(ErrorHandler.java:214)
	at org.openqa.selenium.remote.ErrorHandler.throwIfResponseFailed(ErrorHandler.java:166)
	at org.openqa.selenium.remote.http.JsonHttpResponseCodec.reconstructValue(JsonHttpResponseCodec.java:40)
	at org.openqa.selenium.remote.http.AbstractHttpResponseCodec.decode(AbstractHttpResponseCodec.java:80)
	at org.openqa.selenium.remote.http.AbstractHttpResponseCodec.decode(AbstractHttpResponseCodec.java:44)
	at org.openqa.selenium.remote.HttpCommandExecutor.execute(HttpCommandExecutor.java:164)
	at org.openqa.selenium.remote.service.DriverCommandExecutor.execute(DriverCommandExecutor.java:83)
	at org.openqa.selenium.remote.RemoteWebDriver.execute(RemoteWebDriver.java:600)
	at com.kms.katalon.selenium.driver.CChromeDriver.execute(CChromeDriver.java:20)
	at org.openqa.selenium.remote.RemoteWebElement.execute(RemoteWebElement.java:279)
	at org.openqa.selenium.remote.RemoteWebElement.click(RemoteWebElement.java:83)
	at com.kms.katalon.core.webui.keyword.builtin.ClickKeyword$_click_closure1.doCall(ClickKeyword.groovy:79)
	at com.kms.katalon.core.webui.keyword.builtin.ClickKeyword$_click_closure1.call(ClickKeyword.groovy)
	at com.kms.katalon.core.webui.keyword.internal.WebUIKeywordMain.runKeyword(WebUIKeywordMain.groovy:20)
	at com.kms.katalon.core.webui.keyword.builtin.ClickKeyword.click(ClickKeyword.groovy:86)
	at com.kms.katalon.core.webui.keyword.builtin.ClickKeyword.execute(ClickKeyword.groovy:67)
	at com.kms.katalon.core.keyword.internal.KeywordExecutor.executeKeywordForPlatform(KeywordExecutor.groovy:56)
	at com.kms.katalon.core.webui.keyword.WebUiBuiltInKeywords.click(WebUiBuiltInKeywords.groovy:616)
	at com.kms.katalon.core.webui.keyword.WebUiBuiltInKeywords$click$3.call(Unknown Source)
	at Script1559826813809.run(Script1559826813809.groovy:232)
	at com.kms.katalon.core.main.ScriptEngine.run(ScriptEngine.java:194)
	at com.kms.katalon.core.main.ScriptEngine.runScriptAsRawText(ScriptEngine.java:119)
	at com.kms.katalon.core.main.TestCaseExecutor.runScript(TestCaseExecutor.java:342)
	at com.kms.katalon.core.main.TestCaseExecutor.doExecute(TestCaseExecutor.java:333)
	at com.kms.katalon.core.main.TestCaseExecutor.processExecutionPhase(TestCaseExecutor.java:312)
	at com.kms.katalon.core.main.TestCaseExecutor.accessMainPhase(TestCaseExecutor.java:304)
	at com.kms.katalon.core.main.TestCaseExecutor.execute(TestCaseExecutor.java:238)
	at com.kms.katalon.core.main.TestCaseMain.runTestCase(TestCaseMain.java:114)
	at com.kms.katalon.core.keyword.builtin.CallTestCaseKeyword$_callTestCase_closure1.doCall(CallTestCaseKeyword.groovy:59)
	at com.kms.katalon.core.keyword.builtin.CallTestCaseKeyword$_callTestCase_closure1.call(CallTestCaseKeyword.groovy)
	at com.kms.katalon.core.keyword.internal.KeywordMain.runKeyword(KeywordMain.groovy:66)
	at com.kms.katalon.core.keyword.builtin.CallTestCaseKeyword.callTestCase(CallTestCaseKeyword.groovy:81)
	at com.kms.katalon.core.keyword.builtin.CallTestCaseKeyword.execute(CallTestCaseKeyword.groovy:44)
	at com.kms.katalon.core.keyword.internal.KeywordExecutor.executeKeywordForPlatform(KeywordExecutor.groovy:56)
	at com.kms.katalon.core.keyword.BuiltinKeywords.callTestCase(BuiltinKeywords.groovy:334)
	at Script1559141186623.run(Script1559141186623.groovy:16)
	... 13 more]]></system-out>
      <system-err><![CDATA[2019-06-20 15:33:55 - [TEST_SUITE][FAILED] - EditOrderTestSuit: Test Cases/editOrder/rsEditOrderGiftCard FAILED.
Reason:
com.kms.katalon.core.exception.StepFailedException: Call Test Case 'Test Cases/editOrder/retailOrderBO' failed
	at com.kms.katalon.core.keyword.builtin.CallTestCaseKeyword$_callTestCase_closure1.doCall(CallTestCaseKeyword.groovy:63)
	at com.kms.katalon.core.keyword.builtin.CallTestCaseKeyword$_callTestCase_closure1.call(CallTestCaseKeyword.groovy)
	at com.kms.katalon.core.keyword.internal.KeywordMain.runKeyword(KeywordMain.groovy:66)
	at com.kms.katalon.core.keyword.builtin.CallTestCaseKeyword.callTestCase(CallTestCaseKeyword.groovy:81)
	at com.kms.katalon.core.keyword.builtin.CallTestCaseKeyword.execute(CallTestCaseKeyword.groovy:44)
	at com.kms.katalon.core.keyword.internal.KeywordExecutor.executeKeywordForPlatform(KeywordExecutor.groovy:56)
	at com.kms.katalon.core.keyword.BuiltinKeywords.callTestCase(BuiltinKeywords.groovy:334)
	at rsEditOrderGiftCard.run(rsEditOrderGiftCard:16)
	at com.kms.katalon.core.main.ScriptEngine.run(ScriptEngine.java:194)
	at com.kms.katalon.core.main.ScriptEngine.runScriptAsRawText(ScriptEngine.java:119)
	at com.kms.katalon.core.main.TestCaseExecutor.runScript(TestCaseExecutor.java:342)
	at com.kms.katalon.core.main.TestCaseExecutor.doExecute(TestCaseExecutor.java:333)
	at com.kms.katalon.core.main.TestCaseExecutor.processExecutionPhase(TestCaseExecutor.java:312)
	at com.kms.katalon.core.main.TestCaseExecutor.accessMainPhase(TestCaseExecutor.java:304)
	at com.kms.katalon.core.main.TestCaseExecutor.execute(TestCaseExecutor.java:238)
	at com.kms.katalon.core.main.TestSuiteExecutor.accessTestCaseMainPhase(TestSuiteExecutor.java:129)
	at com.kms.katalon.core.main.TestSuiteExecutor.accessTestSuiteMainPhase(TestSuiteExecutor.java:112)
	at com.kms.katalon.core.main.TestSuiteExecutor.execute(TestSuiteExecutor.java:81)
	at com.kms.katalon.core.main.TestCaseMain.startTestSuite(TestCaseMain.java:157)
	at com.kms.katalon.core.main.TestCaseMain$startTestSuite$0.call(Unknown Source)
	at TempTestSuite1561025032524.run(TempTestSuite1561025032524.groovy:35)
Caused by: com.kms.katalon.core.exception.StepFailedException: Unable to click on object 'Object Repository/Page_cabi Order Items/a_checkout'
	at com.kms.katalon.core.webui.keyword.internal.WebUIKeywordMain.stepFailed(WebUIKeywordMain.groovy:64)
	at com.kms.katalon.core.webui.keyword.internal.WebUIKeywordMain.runKeyword(WebUIKeywordMain.groovy:26)
	at com.kms.katalon.core.webui.keyword.builtin.ClickKeyword.click(ClickKeyword.groovy:86)
	at com.kms.katalon.core.webui.keyword.builtin.ClickKeyword.execute(ClickKeyword.groovy:67)
	at com.kms.katalon.core.keyword.internal.KeywordExecutor.executeKeywordForPlatform(KeywordExecutor.groovy:56)
	at com.kms.katalon.core.webui.keyword.WebUiBuiltInKeywords.click(WebUiBuiltInKeywords.groovy:616)
	at com.kms.katalon.core.webui.keyword.WebUiBuiltInKeywords$click$3.call(Unknown Source)
	at retailOrderBO.run(retailOrderBO:232)
	at com.kms.katalon.core.main.ScriptEngine.run(ScriptEngine.java:194)
	at com.kms.katalon.core.main.ScriptEngine.runScriptAsRawText(ScriptEngine.java:119)
	at com.kms.katalon.core.main.TestCaseExecutor.runScript(TestCaseExecutor.java:342)
	at com.kms.katalon.core.main.TestCaseExecutor.doExecute(TestCaseExecutor.java:333)
	at com.kms.katalon.core.main.TestCaseExecutor.processExecutionPhase(TestCaseExecutor.java:312)
	at com.kms.katalon.core.main.TestCaseExecutor.accessMainPhase(TestCaseExecutor.java:304)
	at com.kms.katalon.core.main.TestCaseExecutor.execute(TestCaseExecutor.java:238)
	at com.kms.katalon.core.main.TestCaseMain.runTestCase(TestCaseMain.java:114)
	at com.kms.katalon.core.keyword.builtin.CallTestCaseKeyword$_callTestCase_closure1.doCall(CallTestCaseKeyword.groovy:59)
	... 20 more
Caused by: org.openqa.selenium.StaleElementReferenceException: stale element reference: element is not attached to the page document
  (Session info: chrome=75.0.3770.100)
  (Driver info: chromedriver=74.0.3729.6 (255758eccf3d244491b8a1317aa76e1ce10d57e9-refs/branch-heads/3729@{#29}),platform=Windows NT 6.3.9600 x86_64) (WARNING: The server did not provide any stacktrace information)
Command duration or timeout: 0 milliseconds
For documentation on this error, please visit: http://seleniumhq.org/exceptions/stale_element_reference.html
Build info: version: '3.7.1', revision: '8a0099a', time: '2017-11-06T21:07:36.161Z'
System info: host: 'NIVEDITA', ip: '10.0.102.159', os.name: 'Windows 8.1', os.arch: 'amd64', os.version: '6.3', java.version: '1.8.0_181'
Driver info: com.kms.katalon.selenium.driver.CChromeDriver
Capabilities {acceptInsecureCerts: false, acceptSslCerts: false, applicationCacheEnabled: false, browserConnectionEnabled: false, browserName: chrome, chrome: {chromedriverVersion: 74.0.3729.6 (255758eccf3d24..., userDataDir: C:\Users\user\AppData\Local...}, cssSelectorsEnabled: true, databaseEnabled: false, goog:chromeOptions: {debuggerAddress: localhost:59357}, handlesAlerts: true, hasTouchScreen: false, javascriptEnabled: true, locationContextEnabled: true, mobileEmulationEnabled: false, nativeEvents: true, networkConnectionEnabled: false, pageLoadStrategy: normal, platform: XP, platformName: XP, proxy: Proxy(direct), rotatable: false, setWindowRect: true, strictFileInteractability: false, takesHeapSnapshot: true, takesScreenshot: true, timeouts: {implicit: 0, pageLoad: 300000, script: 30000}, unexpectedAlertBehaviour: ignore, unhandledPromptBehavior: ignore, version: 75.0.3770.100, webStorageEnabled: true}
Session ID: 752961f18cf97fb4ffb87d57a00ca2c6
	at org.openqa.selenium.remote.ErrorHandler.createThrowable(ErrorHandler.java:214)
	at org.openqa.selenium.remote.ErrorHandler.throwIfResponseFailed(ErrorHandler.java:166)
	at org.openqa.selenium.remote.http.JsonHttpResponseCodec.reconstructValue(JsonHttpResponseCodec.java:40)
	at org.openqa.selenium.remote.http.AbstractHttpResponseCodec.decode(AbstractHttpResponseCodec.java:80)
	at org.openqa.selenium.remote.http.AbstractHttpResponseCodec.decode(AbstractHttpResponseCodec.java:44)
	at org.openqa.selenium.remote.HttpCommandExecutor.execute(HttpCommandExecutor.java:164)
	at org.openqa.selenium.remote.service.DriverCommandExecutor.execute(DriverCommandExecutor.java:83)
	at org.openqa.selenium.remote.RemoteWebDriver.execute(RemoteWebDriver.java:600)
	at com.kms.katalon.selenium.driver.CChromeDriver.execute(CChromeDriver.java:20)
	at org.openqa.selenium.remote.RemoteWebElement.execute(RemoteWebElement.java:279)
	at org.openqa.selenium.remote.RemoteWebElement.click(RemoteWebElement.java:83)
	at com.kms.katalon.core.webui.keyword.builtin.ClickKeyword$_click_closure1.doCall(ClickKeyword.groovy:79)
	at com.kms.katalon.core.webui.keyword.builtin.ClickKeyword$_click_closure1.call(ClickKeyword.groovy)
	at com.kms.katalon.core.webui.keyword.internal.WebUIKeywordMain.runKeyword(WebUIKeywordMain.groovy:20)
	at com.kms.katalon.core.webui.keyword.builtin.ClickKeyword.click(ClickKeyword.groovy:86)
	at com.kms.katalon.core.webui.keyword.builtin.ClickKeyword.execute(ClickKeyword.groovy:67)
	at com.kms.katalon.core.keyword.internal.KeywordExecutor.executeKeywordForPlatform(KeywordExecutor.groovy:56)
	at com.kms.katalon.core.webui.keyword.WebUiBuiltInKeywords.click(WebUiBuiltInKeywords.groovy:616)
	at com.kms.katalon.core.webui.keyword.WebUiBuiltInKeywords$click$3.call(Unknown Source)
	at Script1559826813809.run(Script1559826813809.groovy:232)
	at com.kms.katalon.core.main.ScriptEngine.run(ScriptEngine.java:194)
	at com.kms.katalon.core.main.ScriptEngine.runScriptAsRawText(ScriptEngine.java:119)
	at com.kms.katalon.core.main.TestCaseExecutor.runScript(TestCaseExecutor.java:342)
	at com.kms.katalon.core.main.TestCaseExecutor.doExecute(TestCaseExecutor.java:333)
	at com.kms.katalon.core.main.TestCaseExecutor.processExecutionPhase(TestCaseExecutor.java:312)
	at com.kms.katalon.core.main.TestCaseExecutor.accessMainPhase(TestCaseExecutor.java:304)
	at com.kms.katalon.core.main.TestCaseExecutor.execute(TestCaseExecutor.java:238)
	at com.kms.katalon.core.main.TestCaseMain.runTestCase(TestCaseMain.java:114)
	at com.kms.katalon.core.keyword.builtin.CallTestCaseKeyword$_callTestCase_closure1.doCall(CallTestCaseKeyword.groovy:59)
	at com.kms.katalon.core.keyword.builtin.CallTestCaseKeyword$_callTestCase_closure1.call(CallTestCaseKeyword.groovy)
	at com.kms.katalon.core.keyword.internal.KeywordMain.runKeyword(KeywordMain.groovy:66)
	at com.kms.katalon.core.keyword.builtin.CallTestCaseKeyword.callTestCase(CallTestCaseKeyword.groovy:81)
	at com.kms.katalon.core.keyword.builtin.CallTestCaseKeyword.execute(CallTestCaseKeyword.groovy:44)
	at com.kms.katalon.core.keyword.internal.KeywordExecutor.executeKeywordForPlatform(KeywordExecutor.groovy:56)
	at com.kms.katalon.core.keyword.BuiltinKeywords.callTestCase(BuiltinKeywords.groovy:334)
	at Script1559141186623.run(Script1559141186623.groovy:16)
	... 13 more]]></system-err>
   </testsuite>
</testsuites>
