<?xml version="1.0" encoding="UTF-8"?>
<testsuites name="EditOrderSuite" time="1605" tests="6" failures="0" errors="0">
   <testsuite name="EditOrderSuite" tests="6" failures="0" errors="0" time="1605" timestamp="2019-11-06 03:39:28" hostname="user - Nivedita" id="Test Suites/EditOrderSuites/EditOrderSuite">
      <properties>
         <property name="deviceName" value=""/>
         <property name="devicePlatform" value=""/>
         <property name="logFolder" value="C:\\Users\\user\\Documents\\testautomation\\KatalonProjects\\Reports\\EditOrderSuites\\EditOrderSuite\\20191106_033923"/>
         <property name="logFiles" value="C:\\Users\\user\\Documents\\testautomation\\KatalonProjects\\Reports\\EditOrderSuites\\EditOrderSuite\\20191106_033923\\execution0.log"/>
         <property name="attachments" value=""/>
         <property name="hostName" value="user - Nivedita"/>
         <property name="os" value="Windows 8.1 64bit"/>
         <property name="katalonVersion" value="6.1.1.1"/>
         <property name="browser" value="Chrome 78.0.3904.70"/>
         <property name="hostAddress" value="192.168.43.31"/>
         <property name="sessionId" value="d3e9d8379846b35b66ca823cd2b520ee"/>
         <property name="seleniumVersion" value="3.7.1"/>
         <property name="proxyInformation" value="ProxyInformation{proxyOption=NO_PROXY, proxyServerType=HTTP, password=, proxyServerAddress=, proxyServerPort=0}"/>
         <property name="platform" value="Windows 8.1"/>
      </properties>
      <testcase name="Test Cases/EditOrder-V/rsEditOrderSimple" classname="Test Cases/EditOrder-V/rsEditOrderSimple" status="PASSED">
         <system-out><![CDATA[2019-11-06 03:39:29 - [TEST_CASE][PASSED] - Test Cases/EditOrder-V/rsEditOrderSimple: Test Cases/EditOrder-V/rsEditOrderSimple

2019-11-06 03:39:29 - [TEST_STEP][PASSED] - Start listener action : sampleBeforeTestCase: null

2019-11-06 03:39:29 - [TEST_STEP][PASSED] - println(testCaseContext.getTestCaseId()): null

2019-11-06 03:39:29 - [TEST_STEP][PASSED] - println(testCaseContext.getTestCaseVariables()): null

2019-11-06 03:39:29 - [TEST_STEP][PASSED] - callTestCase(findTestCase("EditOrder/retailOrderBO"), ["editScenarioNumber":1], STOP_ON_FAILURE): Call Test Case 'Test Cases/EditOrder/retailOrderBO' successfully

2019-11-06 03:39:30 - [TEST_CASE][PASSED] - Test Cases/EditOrder/retailOrderBO: Test Cases/EditOrder/retailOrderBO

2019-11-06 03:39:30 - [TEST_STEP][PASSED] - openBrowser(""): Browser is opened with url: ''

2019-11-06 03:39:31 - [MESSAGE][INFO] - Starting 'Chrome' driver

2019-11-06 03:39:31 - [MESSAGE][INFO] - User set preference: ['args', '[--use-fake-ui-for-media-stream, --start-maximized]']

2019-11-06 03:39:31 - [MESSAGE][INFO] - Action delay is set to 0 seconds

2019-11-06 03:39:35 - [MESSAGE][PASSED] - Browser is opened with url: ''

2019-11-06 03:39:35 - [TEST_STEP][PASSED] - callTestCase(findTestCase("TestCaseUtilities/backOfficeLogin"), ["BOURL":"", "BOuser":"", "BOpass":""], STOP_ON_FAILURE): Call Test Case 'Test Cases/TestCaseUtilities/backOfficeLogin' successfully

2019-11-06 03:39:35 - [TEST_CASE][PASSED] - Test Cases/TestCaseUtilities/backOfficeLogin: Test Cases/TestCaseUtilities/backOfficeLogin

2019-11-06 03:39:35 - [TEST_STEP][PASSED] - BOURL = findTestData("envtData").getValue("BOURL", 1): null

2019-11-06 03:39:37 - [TEST_STEP][PASSED] - BOuser = findTestData("credData").getValue("BOuser", 1): null

2019-11-06 03:39:37 - [TEST_STEP][PASSED] - BOpass = findTestData("credData").getValue("BOpass", 1): null

2019-11-06 03:39:37 - [TEST_STEP][PASSED] - openBrowser(""): Browser is opened with url: ''

2019-11-06 03:39:37 - [MESSAGE][WARNING] - A browser is already opened. Closing browser and opening a new one

2019-11-06 03:39:37 - [MESSAGE][INFO] - Starting 'Chrome' driver

2019-11-06 03:39:37 - [MESSAGE][INFO] - User set preference: ['args', '[--use-fake-ui-for-media-stream, --start-maximized]']

2019-11-06 03:39:40 - [MESSAGE][PASSED] - Browser is opened with url: ''

2019-11-06 03:39:40 - [TEST_STEP][PASSED] - navigateToUrl(BOURL): Navigate to 'https://test18.cliotest.com/backoffice/control/main' successfully

2019-11-06 03:39:46 - [MESSAGE][PASSED] - Navigate to 'https://test18.cliotest.com/backoffice/control/main' successfully

2019-11-06 03:39:46 - [TEST_STEP][PASSED] - logOut = findWebElements(findTestObject("Object Repository/Page_cabi Home/log_out"), 1): Unable to find the element located by 'By.xpath: //a[contains(text(),'Log Out')]'. Please recheck the objects properties to make sure the desired element is located. 

2019-11-06 03:39:47 - [MESSAGE][INFO] - Unable to find the element located by 'By.xpath: //a[contains(text(),'Log Out')]'. Please recheck the objects properties to make sure the desired element is located. 

2019-11-06 03:39:47 - [TEST_STEP][PASSED] - if (logOut.size() == 0): Object: 'Object Repository/Page_cabi/input_Welcome to_consultantLogin' is clicked on

2019-11-06 03:39:47 - [TEST_STEP][PASSED] - setText(findTestObject("Page_cabi/input_Welcome to_USERNAME"), BOuser): Text '400000002' is set on object 'Object Repository/Page_cabi/input_Welcome to_USERNAME'

2019-11-06 03:39:47 - [MESSAGE][PASSED] - Text '400000002' is set on object 'Object Repository/Page_cabi/input_Welcome to_USERNAME'

2019-11-06 03:39:47 - [TEST_STEP][PASSED] - setText(findTestObject("Object Repository/Page_cabi/input_Welcome to_PASSWORD"), BOpass): Text 'blackdress19' is set on object 'Object Repository/Page_cabi/input_Welcome to_PASSWORD'

2019-11-06 03:39:48 - [MESSAGE][PASSED] - Text 'blackdress19' is set on object 'Object Repository/Page_cabi/input_Welcome to_PASSWORD'

2019-11-06 03:39:48 - [TEST_STEP][PASSED] - click(findTestObject("Object Repository/Page_cabi/input_Welcome to_consultantLogin")): Object: 'Object Repository/Page_cabi/input_Welcome to_consultantLogin' is clicked on

2019-11-06 03:39:56 - [MESSAGE][PASSED] - Object: 'Object Repository/Page_cabi/input_Welcome to_consultantLogin' is clicked on

2019-11-06 03:39:56 - [TEST_STEP][PASSED] - delay(3): Delayed 3 second(s)

2019-11-06 03:39:59 - [MESSAGE][PASSED] - Delayed 3 second(s)

2019-11-06 03:39:59 - [MESSAGE][PASSED] - Call Test Case 'Test Cases/TestCaseUtilities/backOfficeLogin' successfully

2019-11-06 03:39:59 - [TEST_STEP][PASSED] - click(findTestObject("Object Repository/Page_cabi Home/a_Shows  Orders")): Object: 'Object Repository/Page_cabi Home/a_Shows  Orders' is clicked on

2019-11-06 03:39:59 - [MESSAGE][PASSED] - Object: 'Object Repository/Page_cabi Home/a_Shows  Orders' is clicked on

2019-11-06 03:39:59 - [TEST_STEP][PASSED] - delay(1): Delayed 1 second(s)

2019-11-06 03:40:00 - [MESSAGE][PASSED] - Delayed 1 second(s)

2019-11-06 03:40:00 - [TEST_STEP][PASSED] - click(findTestObject("Page_cabi Home/a_Shows  Orders")): Object: 'Object Repository/Page_cabi Home/a_Shows  Orders' is clicked on

2019-11-06 03:40:01 - [MESSAGE][PASSED] - Object: 'Object Repository/Page_cabi Home/a_Shows  Orders' is clicked on

2019-11-06 03:40:01 - [TEST_STEP][PASSED] - click(findTestObject("Page_cabi Home/a_retail_purchases")): Object: 'Object Repository/Page_cabi Home/a_retail_purchases' is clicked on

2019-11-06 03:40:06 - [MESSAGE][PASSED] - Object: 'Object Repository/Page_cabi Home/a_retail_purchases' is clicked on

2019-11-06 03:40:06 - [TEST_STEP][PASSED] - delay(3): Delayed 3 second(s)

2019-11-06 03:40:09 - [MESSAGE][PASSED] - Delayed 3 second(s)

2019-11-06 03:40:09 - [TEST_STEP][PASSED] - click(findTestObject("Object Repository/Page_cabi Home/existingCustomer")): Object: 'Object Repository/Page_cabi Home/existingCustomer' is clicked on

2019-11-06 03:40:09 - [MESSAGE][PASSED] - Object: 'Object Repository/Page_cabi Home/existingCustomer' is clicked on

2019-11-06 03:40:09 - [TEST_STEP][PASSED] - contactNumber = 3: null

2019-11-06 03:40:09 - [TEST_STEP][PASSED] - firstName = findTestData("contactData").getValue("firstName", contactNumber): null

2019-11-06 03:40:09 - [TEST_STEP][PASSED] - lastName = findTestData("contactData").getValue("lastName", contactNumber): null

2019-11-06 03:40:09 - [TEST_STEP][PASSED] - email = findTestData("contactData").getValue("email", contactNumber): null

2019-11-06 03:40:09 - [TEST_STEP][PASSED] - address1 = findTestData("contactData").getValue("address1", contactNumber): null

2019-11-06 03:40:09 - [TEST_STEP][PASSED] - city = findTestData("contactData").getValue("city", contactNumber): null

2019-11-06 03:40:09 - [TEST_STEP][PASSED] - state = findTestData("contactData").getValue("state", contactNumber): null

2019-11-06 03:40:09 - [TEST_STEP][PASSED] - zip = findTestData("contactData").getValue("zip", contactNumber): null

2019-11-06 03:40:10 - [TEST_STEP][PASSED] - existingCustFName = firstName: null

2019-11-06 03:40:10 - [TEST_STEP][PASSED] - existingCustLName = lastName: null

2019-11-06 03:40:10 - [TEST_STEP][PASSED] - space = " ": null

2019-11-06 03:40:10 - [TEST_STEP][PASSED] - existingCust = $existingCustFName$space$existingCustLName: null

2019-11-06 03:40:10 - [TEST_STEP][PASSED] - setText(findTestObject("Object Repository/Page_cabi Home/input_existing_guest"), existingCust): Text 'guest1-test abc' is set on object 'Object Repository/Page_cabi Home/input_existing_guest'

2019-11-06 03:40:10 - [MESSAGE][PASSED] - Text 'guest1-test abc' is set on object 'Object Repository/Page_cabi Home/input_existing_guest'

2019-11-06 03:40:10 - [TEST_STEP][PASSED] - delay(2): Delayed 2 second(s)

2019-11-06 03:40:12 - [MESSAGE][PASSED] - Delayed 2 second(s)

2019-11-06 03:40:12 - [TEST_STEP][PASSED] - sendKeys(findTestObject("Object Repository/Page_cabi Home/input_existing_guest"), Keys.chord(ARROW_DOWN)): Keys 'DOWN + ' sent to object: 'Object Repository/Page_cabi Home/input_existing_guest'

2019-11-06 03:40:12 - [MESSAGE][PASSED] - Keys 'DOWN + ' sent to object: 'Object Repository/Page_cabi Home/input_existing_guest'

2019-11-06 03:40:12 - [TEST_STEP][PASSED] - sendKeys(findTestObject("Object Repository/Page_cabi Home/input_existing_guest"), Keys.chord(ENTER)): Keys 'ENTER + ' sent to object: 'Object Repository/Page_cabi Home/input_existing_guest'

2019-11-06 03:40:13 - [MESSAGE][PASSED] - Keys 'ENTER + ' sent to object: 'Object Repository/Page_cabi Home/input_existing_guest'

2019-11-06 03:40:13 - [TEST_STEP][PASSED] - setText(findTestObject("Object Repository/Page_cabi Retail Store/input_email"), email): Text 'guest1-test@test.com' is set on object 'Object Repository/Page_cabi Retail Store/input_email'

2019-11-06 03:40:14 - [MESSAGE][PASSED] - Text 'guest1-test@test.com' is set on object 'Object Repository/Page_cabi Retail Store/input_email'

2019-11-06 03:40:14 - [TEST_STEP][PASSED] - setText(findTestObject("Object Repository/Page_cabi Edit Customer Profile/input_Address1_address1"), address1): Text '974 BRAHMS CT' is set on object 'Object Repository/Page_cabi Edit Customer Profile/input_Address1_address1'

2019-11-06 03:40:14 - [MESSAGE][PASSED] - Text '974 BRAHMS CT' is set on object 'Object Repository/Page_cabi Edit Customer Profile/input_Address1_address1'

2019-11-06 03:40:14 - [TEST_STEP][PASSED] - setText(findTestObject("Object Repository/Page_cabi Edit Customer Profile/input_Address2_address2"), ""): Text '' is set on object 'Object Repository/Page_cabi Edit Customer Profile/input_Address2_address2'

2019-11-06 03:40:14 - [MESSAGE][PASSED] - Text '' is set on object 'Object Repository/Page_cabi Edit Customer Profile/input_Address2_address2'

2019-11-06 03:40:14 - [TEST_STEP][PASSED] - setText(findTestObject("Object Repository/Page_cabi Edit Customer Profile/input_City_city"), city): Text 'TROY' is set on object 'Object Repository/Page_cabi Edit Customer Profile/input_City_city'

2019-11-06 03:40:14 - [MESSAGE][PASSED] - Text 'TROY' is set on object 'Object Repository/Page_cabi Edit Customer Profile/input_City_city'

2019-11-06 03:40:14 - [TEST_STEP][PASSED] - click(findTestObject("Page_cabi Edit Customer Profile/span_select_a_state")): Object: 'Object Repository/Page_cabi Edit Customer Profile/span_select_a_state' is clicked on

2019-11-06 03:40:15 - [MESSAGE][PASSED] - Object: 'Object Repository/Page_cabi Edit Customer Profile/span_select_a_state' is clicked on

2019-11-06 03:40:15 - [TEST_STEP][PASSED] - delay(1): Delayed 1 second(s)

2019-11-06 03:40:16 - [MESSAGE][PASSED] - Delayed 1 second(s)

2019-11-06 03:40:16 - [TEST_STEP][PASSED] - setText(findTestObject("Page_cabi Edit Customer Profile/input_state_postalCode"), zip): Text '48085' is set on object 'Object Repository/Page_cabi Edit Customer Profile/input_state_postalCode'

2019-11-06 03:40:16 - [MESSAGE][PASSED] - Text '48085' is set on object 'Object Repository/Page_cabi Edit Customer Profile/input_state_postalCode'

2019-11-06 03:40:16 - [TEST_STEP][PASSED] - delay(5): Delayed 5 second(s)

2019-11-06 03:40:21 - [MESSAGE][PASSED] - Delayed 5 second(s)

2019-11-06 03:40:21 - [TEST_STEP][PASSED] - check(findTestObject("Object Repository/Page_cabi Home/a_same_shipping_address")): Object 'Object Repository/Page_cabi Home/a_same_shipping_address' is checked

2019-11-06 03:40:21 - [MESSAGE][PASSED] - Object 'Object Repository/Page_cabi Home/a_same_shipping_address' is checked

2019-11-06 03:40:21 - [TEST_STEP][PASSED] - delay(5): Delayed 5 second(s)

2019-11-06 03:40:26 - [MESSAGE][PASSED] - Delayed 5 second(s)

2019-11-06 03:40:26 - [TEST_STEP][PASSED] - check(findTestObject("Object Repository/Page_cabi Home/a_same_shipping_address")): Object 'Object Repository/Page_cabi Home/a_same_shipping_address' is checked

2019-11-06 03:40:26 - [MESSAGE][PASSED] - Object 'Object Repository/Page_cabi Home/a_same_shipping_address' is checked

2019-11-06 03:40:26 - [TEST_STEP][PASSED] - delay(5): Delayed 5 second(s)

2019-11-06 03:40:31 - [MESSAGE][PASSED] - Delayed 5 second(s)

2019-11-06 03:40:31 - [TEST_STEP][PASSED] - driver = getWebDriver(): null

2019-11-06 03:40:31 - [TEST_STEP][PASSED] - executor = driver: null

2019-11-06 03:40:31 - [TEST_STEP][PASSED] - executor.executeScript("arguments[0].click();", findWebElement(findTestObject("Object Repository/Page_cabi Home/a_order_items"), 5)): null

2019-11-06 03:40:31 - [TEST_STEP][PASSED] - delay(3): Delayed 3 second(s)

2019-11-06 03:40:34 - [MESSAGE][PASSED] - Delayed 3 second(s)

2019-11-06 03:40:34 - [TEST_STEP][PASSED] - click(findTestObject("Object Repository/Page_cabi Retail Store/span_quick_entry")): Object: 'Object Repository/Page_cabi Retail Store/span_quick_entry' is clicked on

2019-11-06 03:40:41 - [MESSAGE][PASSED] - Object: 'Object Repository/Page_cabi Retail Store/span_quick_entry' is clicked on

2019-11-06 03:40:41 - [TEST_STEP][PASSED] - delay(3): Delayed 3 second(s)

2019-11-06 03:40:44 - [MESSAGE][PASSED] - Delayed 3 second(s)

2019-11-06 03:40:44 - [TEST_STEP][PASSED] - emptyCart = findWebElements(findTestObject("Object Repository/Page_cabi Personal Store/removeFromCart"), 5): null

2019-11-06 03:40:44 - [TEST_STEP][PASSED] - if (emptyCart.size() > 0): Delayed 5 second(s)

2019-11-06 03:40:44 - [TEST_STEP][PASSED] - click(findTestObject("Object Repository/Page_cabi Personal Store/removeFromCart")): Object: 'Object Repository/Page_cabi Personal Store/removeFromCart' is clicked on

2019-11-06 03:40:44 - [MESSAGE][PASSED] - Object: 'Object Repository/Page_cabi Personal Store/removeFromCart' is clicked on

2019-11-06 03:40:44 - [TEST_STEP][PASSED] - println("cart not empty"): null

2019-11-06 03:40:44 - [TEST_STEP][PASSED] - delay(5): Delayed 5 second(s)

2019-11-06 03:40:49 - [MESSAGE][PASSED] - Delayed 5 second(s)

2019-11-06 03:40:49 - [TEST_STEP][PASSED] - addOnStyle = findTestData("miscData").getValue("addOnStyle", 1): null

2019-11-06 03:40:49 - [TEST_STEP][PASSED] - addOnStyle2 = findTestData("miscData").getValue("addOnStyle", 2): null

2019-11-06 03:40:49 - [TEST_STEP][PASSED] - setText(findTestObject("Object Repository/Page_cabi Create Order/input_Manual Discount_stylelookup_0"), addOnStyle): Text '3701' is set on object 'Object Repository/Page_cabi Create Order/input_Manual Discount_stylelookup_0'

2019-11-06 03:40:49 - [MESSAGE][PASSED] - Text '3701' is set on object 'Object Repository/Page_cabi Create Order/input_Manual Discount_stylelookup_0'

2019-11-06 03:40:49 - [TEST_STEP][PASSED] - delay(2): Delayed 2 second(s)

2019-11-06 03:40:51 - [MESSAGE][PASSED] - Delayed 2 second(s)

2019-11-06 03:40:51 - [TEST_STEP][PASSED] - sendKeys(findTestObject("Object Repository/Page_cabi Create Order/input_Manual Discount_stylelookup_0"), Keys.chord(ARROW_DOWN)): Keys 'DOWN + ' sent to object: 'Object Repository/Page_cabi Create Order/input_Manual Discount_stylelookup_0'

2019-11-06 03:40:51 - [MESSAGE][PASSED] - Keys 'DOWN + ' sent to object: 'Object Repository/Page_cabi Create Order/input_Manual Discount_stylelookup_0'

2019-11-06 03:40:51 - [TEST_STEP][PASSED] - delay(2): Delayed 2 second(s)

2019-11-06 03:40:53 - [MESSAGE][PASSED] - Delayed 2 second(s)

2019-11-06 03:40:53 - [TEST_STEP][PASSED] - sendKeys(findTestObject("Object Repository/Page_cabi Create Order/input_Manual Discount_stylelookup_0"), Keys.chord(ARROW_DOWN)): Keys 'DOWN + ' sent to object: 'Object Repository/Page_cabi Create Order/input_Manual Discount_stylelookup_0'

2019-11-06 03:40:53 - [MESSAGE][PASSED] - Keys 'DOWN + ' sent to object: 'Object Repository/Page_cabi Create Order/input_Manual Discount_stylelookup_0'

2019-11-06 03:40:53 - [TEST_STEP][PASSED] - sendKeys(findTestObject("Object Repository/Page_cabi Create Order/input_Manual Discount_stylelookup_0"), Keys.chord(ENTER)): Keys 'ENTER + ' sent to object: 'Object Repository/Page_cabi Create Order/input_Manual Discount_stylelookup_0'

2019-11-06 03:40:53 - [MESSAGE][PASSED] - Keys 'ENTER + ' sent to object: 'Object Repository/Page_cabi Create Order/input_Manual Discount_stylelookup_0'

2019-11-06 03:40:53 - [TEST_STEP][PASSED] - delay(5): Delayed 5 second(s)

2019-11-06 03:40:58 - [MESSAGE][PASSED] - Delayed 5 second(s)

2019-11-06 03:40:58 - [TEST_STEP][PASSED] - click(findTestObject("Object Repository/Page_cabi Order Items/selectSize")): Object: 'Object Repository/Page_cabi Order Items/selectSize' is clicked on

2019-11-06 03:40:59 - [MESSAGE][PASSED] - Object: 'Object Repository/Page_cabi Order Items/selectSize' is clicked on

2019-11-06 03:40:59 - [TEST_STEP][PASSED] - delay(3): Delayed 3 second(s)

2019-11-06 03:41:02 - [MESSAGE][PASSED] - Delayed 3 second(s)

2019-11-06 03:41:02 - [TEST_STEP][PASSED] - click(findTestObject("Object Repository/Page_cabi Order Items/span_Add to Cart")): Object: 'Object Repository/Page_cabi Order Items/span_Add to Cart' is clicked on

2019-11-06 03:41:02 - [MESSAGE][PASSED] - Object: 'Object Repository/Page_cabi Order Items/span_Add to Cart' is clicked on

2019-11-06 03:41:02 - [TEST_STEP][PASSED] - delay(5): Delayed 5 second(s)

2019-11-06 03:41:07 - [MESSAGE][PASSED] - Delayed 5 second(s)

2019-11-06 03:41:07 - [TEST_STEP][PASSED] - click(findTestObject("Object Repository/Page_cabi Create Order/inputStyleLookup1")): Object: 'Object Repository/Page_cabi Create Order/inputStyleLookup1' is clicked on

2019-11-06 03:41:07 - [MESSAGE][PASSED] - Object: 'Object Repository/Page_cabi Create Order/inputStyleLookup1' is clicked on

2019-11-06 03:41:07 - [TEST_STEP][PASSED] - setText(findTestObject("Object Repository/Page_cabi Create Order/inputStyleLookup1"), addOnStyle2): Text '3703' is set on object 'Object Repository/Page_cabi Create Order/inputStyleLookup1'

2019-11-06 03:41:07 - [MESSAGE][PASSED] - Text '3703' is set on object 'Object Repository/Page_cabi Create Order/inputStyleLookup1'

2019-11-06 03:41:07 - [TEST_STEP][PASSED] - delay(3): Delayed 3 second(s)

2019-11-06 03:41:10 - [MESSAGE][PASSED] - Delayed 3 second(s)

2019-11-06 03:41:10 - [TEST_STEP][PASSED] - prod_message2 = getText(findTestObject("Page_cabi Create Order/first_option")): Text of object 'Object Repository/Page_cabi Create Order/first_option' is: '3703 Turn Back Cardigan'

2019-11-06 03:41:10 - [MESSAGE][PASSED] - Text of object 'Object Repository/Page_cabi Create Order/first_option' is: '3703 Turn Back Cardigan'

2019-11-06 03:41:10 - [TEST_STEP][PASSED] - click(findTestObject("Page_cabi Create Order/first_option")): Object: 'Object Repository/Page_cabi Create Order/first_option' is clicked on

2019-11-06 03:41:10 - [MESSAGE][PASSED] - Object: 'Object Repository/Page_cabi Create Order/first_option' is clicked on

2019-11-06 03:41:10 - [TEST_STEP][PASSED] - delay(5): Delayed 5 second(s)

2019-11-06 03:41:15 - [MESSAGE][PASSED] - Delayed 5 second(s)

2019-11-06 03:41:15 - [TEST_STEP][PASSED] - click(findTestObject("Object Repository/Page_cabi Order Items/selectSize2")): Object: 'Object Repository/Page_cabi Order Items/selectSize2' is clicked on

2019-11-06 03:41:15 - [MESSAGE][PASSED] - Object: 'Object Repository/Page_cabi Order Items/selectSize2' is clicked on

2019-11-06 03:41:15 - [TEST_STEP][PASSED] - delay(3): Delayed 3 second(s)

2019-11-06 03:41:18 - [MESSAGE][PASSED] - Delayed 3 second(s)

2019-11-06 03:41:18 - [TEST_STEP][PASSED] - click(findTestObject("Object Repository/Page_cabi Order Items/addToCart2")): Object: 'Object Repository/Page_cabi Order Items/addToCart2' is clicked on

2019-11-06 03:41:19 - [MESSAGE][PASSED] - Object: 'Object Repository/Page_cabi Order Items/addToCart2' is clicked on

2019-11-06 03:41:19 - [TEST_STEP][PASSED] - delay(5): Delayed 5 second(s)

2019-11-06 03:41:24 - [MESSAGE][PASSED] - Delayed 5 second(s)

2019-11-06 03:41:24 - [TEST_STEP][PASSED] - if (editScenarioNumber == 1): null

2019-11-06 03:41:24 - [TEST_STEP][PASSED] - click(findTestObject("Object Repository/Page_cabi Order Items/a_checkout")): Object: 'Object Repository/Page_cabi Order Items/a_checkout' is clicked on

2019-11-06 03:41:24 - [MESSAGE][PASSED] - Object: 'Object Repository/Page_cabi Order Items/a_checkout' is clicked on

2019-11-06 03:41:24 - [TEST_STEP][PASSED] - delay(3): Delayed 3 second(s)

2019-11-06 03:41:27 - [MESSAGE][PASSED] - Delayed 3 second(s)

2019-11-06 03:41:27 - [TEST_STEP][PASSED] - click(findTestObject("Page_cabi Personal Store/nextButtonShipping")): Object: 'Object Repository/Page_cabi Personal Store/nextButtonShipping' is clicked on

2019-11-06 03:41:27 - [MESSAGE][PASSED] - Object: 'Object Repository/Page_cabi Personal Store/nextButtonShipping' is clicked on

2019-11-06 03:41:27 - [TEST_STEP][PASSED] - delay(3): Delayed 3 second(s)

2019-11-06 03:41:30 - [MESSAGE][PASSED] - Delayed 3 second(s)

2019-11-06 03:41:30 - [TEST_STEP][PASSED] - click(findTestObject("Page_cabi Personal Store/makeFirstPayment")): Object: 'Object Repository/Page_cabi Personal Store/makeFirstPayment' is clicked on

2019-11-06 03:41:30 - [MESSAGE][PASSED] - Object: 'Object Repository/Page_cabi Personal Store/makeFirstPayment' is clicked on

2019-11-06 03:41:30 - [TEST_STEP][PASSED] - click(findTestObject("Object Repository/Page_cabi Personal Store/select_cash")): Object: 'Object Repository/Page_cabi Personal Store/select_cash' is clicked on

2019-11-06 03:41:30 - [MESSAGE][PASSED] - Object: 'Object Repository/Page_cabi Personal Store/select_cash' is clicked on

2019-11-06 03:41:30 - [TEST_STEP][PASSED] - click(findTestObject("Page_cabi Personal Store/submitPayment")): Object: 'Object Repository/Page_cabi Personal Store/submitPayment' is clicked on

2019-11-06 03:41:30 - [MESSAGE][PASSED] - Object: 'Object Repository/Page_cabi Personal Store/submitPayment' is clicked on

2019-11-06 03:41:30 - [TEST_STEP][PASSED] - click(findTestObject("Page_cabi Personal Store/submitOrderId")): Object: 'Object Repository/Page_cabi Personal Store/submitOrderId' is clicked on

2019-11-06 03:41:32 - [MESSAGE][PASSED] - Object: 'Object Repository/Page_cabi Personal Store/submitOrderId' is clicked on

2019-11-06 03:41:32 - [TEST_STEP][PASSED] - successMsg = "": null

2019-11-06 03:41:32 - [TEST_STEP][PASSED] - orderSuccess = false: null

2019-11-06 03:41:32 - [TEST_STEP][PASSED] - successMsgs = findWebElements(findTestObject("Object Repository/Page_cabi Personal Store/p_success_msg"), 5): null

2019-11-06 03:41:33 - [TEST_STEP][PASSED] - if (successMsgs.size() > 0): Text of object 'Object Repository/Page_cabi Personal Store/p_order_id' is: 'RT708481324'

2019-11-06 03:41:33 - [TEST_STEP][PASSED] - successMsg = getText(findTestObject("Object Repository/Page_cabi Personal Store/p_success_msg")): Text of object 'Object Repository/Page_cabi Personal Store/p_success_msg' is: 'Order Created Successfully!!
Order #:  RT708481324

CONTINUE SHOPPING'

2019-11-06 03:41:33 - [MESSAGE][PASSED] - Text of object 'Object Repository/Page_cabi Personal Store/p_success_msg' is: 'Order Created Successfully!!
Order #:  RT708481324

CONTINUE SHOPPING'

2019-11-06 03:41:33 - [TEST_STEP][PASSED] - orderSuccess = true: null

2019-11-06 03:41:33 - [TEST_STEP][PASSED] - retailOrderID = getText(findTestObject("Object Repository/Page_cabi Personal Store/p_order_id")): Text of object 'Object Repository/Page_cabi Personal Store/p_order_id' is: 'RT708481324'

2019-11-06 03:41:33 - [MESSAGE][PASSED] - Text of object 'Object Repository/Page_cabi Personal Store/p_order_id' is: 'RT708481324'

2019-11-06 03:41:34 - [TEST_STEP][PASSED] - assert orderSuccess == true: null

2019-11-06 03:41:34 - [TEST_STEP][NOT_RUN] - closeBrowser(): NOT_RUN: closeBrowser()

2019-11-06 03:41:34 - [MESSAGE][NOT_RUN] - NOT_RUN: closeBrowser()

2019-11-06 03:41:34 - [MESSAGE][PASSED] - Call Test Case 'Test Cases/EditOrder/retailOrderBO' successfully

2019-11-06 03:41:34 - [TEST_STEP][PASSED] - delay(10): Delayed 10 second(s)

2019-11-06 03:41:44 - [MESSAGE][PASSED] - Delayed 10 second(s)

2019-11-06 03:41:44 - [TEST_STEP][PASSED] - callTestCase(findTestCase("TestCaseUtilities/setVHost"), [:], STOP_ON_FAILURE): Call Test Case 'Test Cases/TestCaseUtilities/setVHost' successfully

2019-11-06 03:41:44 - [TEST_CASE][PASSED] - Test Cases/TestCaseUtilities/setVHost: Test Cases/TestCaseUtilities/setVHost

2019-11-06 03:41:44 - [TEST_STEP][PASSED] - ofbizURL = findTestData("envtData").getValue("ofbizURL", 1): null

2019-11-06 03:41:44 - [TEST_STEP][PASSED] - ofbizUser = findTestData("credData").getValue("ofbizuser", 1): null

2019-11-06 03:41:44 - [TEST_STEP][PASSED] - ofbizPass = findTestData("credData").getValue("ofbizpass", 1): null

2019-11-06 03:41:44 - [TEST_STEP][PASSED] - vhostTarget = findTestData("envtData").getValue("vhostTarget", 1): null

2019-11-06 03:41:45 - [TEST_STEP][PASSED] - navigateToUrl(ofbizURL): Navigate to 'https://pushofbiz.cliotest.com/login.php' successfully

2019-11-06 03:41:46 - [MESSAGE][PASSED] - Navigate to 'https://pushofbiz.cliotest.com/login.php' successfully

2019-11-06 03:41:46 - [TEST_STEP][PASSED] - setText(findTestObject("Object Repository/virualShowRSVPOR/Page_/input_Username_username"), ofbizUser): Text 'automation' is set on object 'Object Repository/virualShowRSVPOR/Page_/input_Username_username'

2019-11-06 03:41:46 - [MESSAGE][PASSED] - Text 'automation' is set on object 'Object Repository/virualShowRSVPOR/Page_/input_Username_username'

2019-11-06 03:41:46 - [TEST_STEP][PASSED] - setText(findTestObject("Object Repository/virualShowRSVPOR/Page_/input_Password_password"), ofbizPass): Text 'cabiautomation' is set on object 'Object Repository/virualShowRSVPOR/Page_/input_Password_password'

2019-11-06 03:41:47 - [MESSAGE][PASSED] - Text 'cabiautomation' is set on object 'Object Repository/virualShowRSVPOR/Page_/input_Password_password'

2019-11-06 03:41:47 - [TEST_STEP][PASSED] - click(findTestObject("Object Repository/virualShowRSVPOR/Page_/input_Password_Submit")): Object: 'Object Repository/virualShowRSVPOR/Page_/input_Password_Submit' is clicked on

2019-11-06 03:41:51 - [MESSAGE][PASSED] - Object: 'Object Repository/virualShowRSVPOR/Page_/input_Password_Submit' is clicked on

2019-11-06 03:41:51 - [TEST_STEP][PASSED] - click(findTestObject("Object Repository/virualShowRSVPOR/Page_/a_Set Vhost")): Object: 'Object Repository/virualShowRSVPOR/Page_/a_Set Vhost' is clicked on

2019-11-06 03:41:51 - [MESSAGE][PASSED] - Object: 'Object Repository/virualShowRSVPOR/Page_/a_Set Vhost' is clicked on

2019-11-06 03:41:51 - [TEST_STEP][PASSED] - click(UtilityMethods.createTestObject("select_target", "//select[@name='Target']/option[contains(text(), '", vhostTarget, "')]")): Object: 'select_target' is clicked on

2019-11-06 03:41:51 - [MESSAGE][PASSED] - Object: 'select_target' is clicked on

2019-11-06 03:41:51 - [TEST_STEP][PASSED] - click(findTestObject("Object Repository/virualShowRSVPOR/Page_/input")): Object: 'Object Repository/virualShowRSVPOR/Page_/input' is clicked on

2019-11-06 03:41:54 - [MESSAGE][PASSED] - Object: 'Object Repository/virualShowRSVPOR/Page_/input' is clicked on

2019-11-06 03:41:54 - [MESSAGE][PASSED] - Call Test Case 'Test Cases/TestCaseUtilities/setVHost' successfully

2019-11-06 03:41:54 - [TEST_STEP][PASSED] - callTestCase(findTestCase("TestCaseUtilities/rsLogin"), ["RSURL":"", "RSuser":"", "RSpass":""], STOP_ON_FAILURE): Call Test Case 'Test Cases/TestCaseUtilities/rsLogin' successfully

2019-11-06 03:41:54 - [TEST_CASE][PASSED] - Test Cases/TestCaseUtilities/rsLogin: Test Cases/TestCaseUtilities/rsLogin

2019-11-06 03:41:54 - [TEST_STEP][PASSED] - dataFile = "micrositeData": null

2019-11-06 03:41:54 - [TEST_STEP][PASSED] - guest1Mail = findTestData(dataFile).getValue("guest1Mail", 1): null

2019-11-06 03:41:54 - [TEST_STEP][PASSED] - guest1Pass = findTestData(dataFile).getValue("guest1Pass", 1): null

2019-11-06 03:41:54 - [TEST_STEP][PASSED] - RSTestEnvt = findTestData("envtData").getValue("RSTestEnvt", 1): null

2019-11-06 03:41:54 - [TEST_STEP][PASSED] - openBrowser(""): Browser is opened with url: ''

2019-11-06 03:41:54 - [MESSAGE][WARNING] - A browser is already opened. Closing browser and opening a new one

2019-11-06 03:41:55 - [MESSAGE][INFO] - Starting 'Chrome' driver

2019-11-06 03:41:55 - [MESSAGE][INFO] - User set preference: ['args', '[--use-fake-ui-for-media-stream, --start-maximized]']

2019-11-06 03:41:57 - [MESSAGE][PASSED] - Browser is opened with url: ''

2019-11-06 03:41:57 - [TEST_STEP][PASSED] - callTestCase(findTestCase("TestCaseUtilities/setVHost"), [:], STOP_ON_FAILURE): Call Test Case 'Test Cases/TestCaseUtilities/setVHost' successfully

2019-11-06 03:41:57 - [TEST_CASE][PASSED] - Test Cases/TestCaseUtilities/setVHost: Test Cases/TestCaseUtilities/setVHost

2019-11-06 03:41:57 - [TEST_STEP][PASSED] - ofbizURL = findTestData("envtData").getValue("ofbizURL", 1): null

2019-11-06 03:41:57 - [TEST_STEP][PASSED] - ofbizUser = findTestData("credData").getValue("ofbizuser", 1): null

2019-11-06 03:41:57 - [TEST_STEP][PASSED] - ofbizPass = findTestData("credData").getValue("ofbizpass", 1): null

2019-11-06 03:41:58 - [TEST_STEP][PASSED] - vhostTarget = findTestData("envtData").getValue("vhostTarget", 1): null

2019-11-06 03:41:58 - [TEST_STEP][PASSED] - navigateToUrl(ofbizURL): Navigate to 'https://pushofbiz.cliotest.com/login.php' successfully

2019-11-06 03:41:59 - [MESSAGE][PASSED] - Navigate to 'https://pushofbiz.cliotest.com/login.php' successfully

2019-11-06 03:41:59 - [TEST_STEP][PASSED] - setText(findTestObject("Object Repository/virualShowRSVPOR/Page_/input_Username_username"), ofbizUser): Text 'automation' is set on object 'Object Repository/virualShowRSVPOR/Page_/input_Username_username'

2019-11-06 03:41:59 - [MESSAGE][PASSED] - Text 'automation' is set on object 'Object Repository/virualShowRSVPOR/Page_/input_Username_username'

2019-11-06 03:41:59 - [TEST_STEP][PASSED] - setText(findTestObject("Object Repository/virualShowRSVPOR/Page_/input_Password_password"), ofbizPass): Text 'cabiautomation' is set on object 'Object Repository/virualShowRSVPOR/Page_/input_Password_password'

2019-11-06 03:41:59 - [MESSAGE][PASSED] - Text 'cabiautomation' is set on object 'Object Repository/virualShowRSVPOR/Page_/input_Password_password'

2019-11-06 03:41:59 - [TEST_STEP][PASSED] - click(findTestObject("Object Repository/virualShowRSVPOR/Page_/input_Password_Submit")): Object: 'Object Repository/virualShowRSVPOR/Page_/input_Password_Submit' is clicked on

2019-11-06 03:42:03 - [MESSAGE][PASSED] - Object: 'Object Repository/virualShowRSVPOR/Page_/input_Password_Submit' is clicked on

2019-11-06 03:42:03 - [TEST_STEP][PASSED] - click(findTestObject("Object Repository/virualShowRSVPOR/Page_/a_Set Vhost")): Object: 'Object Repository/virualShowRSVPOR/Page_/a_Set Vhost' is clicked on

2019-11-06 03:42:04 - [MESSAGE][PASSED] - Object: 'Object Repository/virualShowRSVPOR/Page_/a_Set Vhost' is clicked on

2019-11-06 03:42:04 - [TEST_STEP][PASSED] - click(UtilityMethods.createTestObject("select_target", "//select[@name='Target']/option[contains(text(), '", vhostTarget, "')]")): Object: 'select_target' is clicked on

2019-11-06 03:42:04 - [MESSAGE][PASSED] - Object: 'select_target' is clicked on

2019-11-06 03:42:04 - [TEST_STEP][PASSED] - click(findTestObject("Object Repository/virualShowRSVPOR/Page_/input")): Object: 'Object Repository/virualShowRSVPOR/Page_/input' is clicked on

2019-11-06 03:42:06 - [MESSAGE][PASSED] - Object: 'Object Repository/virualShowRSVPOR/Page_/input' is clicked on

2019-11-06 03:42:06 - [MESSAGE][PASSED] - Call Test Case 'Test Cases/TestCaseUtilities/setVHost' successfully

2019-11-06 03:42:06 - [TEST_STEP][PASSED] - loginURL = UtilityMethods.concat("https://mirandakate.", RSTestEnvt, ".com/?component=account.login-gateway"): null

2019-11-06 03:42:06 - [TEST_STEP][PASSED] - navigateToUrl(loginURL): Navigate to 'https://mirandakate.cabitest5.com/?component=account.login-gateway' successfully

2019-11-06 03:42:22 - [MESSAGE][PASSED] - Navigate to 'https://mirandakate.cabitest5.com/?component=account.login-gateway' successfully

2019-11-06 03:42:22 - [TEST_STEP][PASSED] - delay(3): Delayed 3 second(s)

2019-11-06 03:42:25 - [MESSAGE][PASSED] - Delayed 3 second(s)

2019-11-06 03:42:25 - [TEST_STEP][PASSED] - setText(findTestObject("Object Repository/virualShowRSVPOR/Page_Show microsite/input_Sign in  Create account_email"), guest1Mail): Text 'guest1-test@test.com' is set on object 'Object Repository/virualShowRSVPOR/Page_Show microsite/input_Sign in  Create account_email'

2019-11-06 03:42:26 - [MESSAGE][PASSED] - Text 'guest1-test@test.com' is set on object 'Object Repository/virualShowRSVPOR/Page_Show microsite/input_Sign in  Create account_email'

2019-11-06 03:42:26 - [TEST_STEP][PASSED] - executeJavaScript("arguments[0].click()", Arrays.asList(findWebElement(findTestObject("Object Repository/virualShowRSVPOR/Page_Show microsite/button_Continue"), 30))): Execute JavaScript 'arguments[0].click()' successfully

2019-11-06 03:42:26 - [MESSAGE][PASSED] - Execute JavaScript 'arguments[0].click()' successfully

2019-11-06 03:42:26 - [TEST_STEP][PASSED] - setText(findTestObject("Object Repository/virualShowRSVPOR/Page_Show microsite/input_Welcome_password"), guest1Pass): Text 'blackdress19' is set on object 'Object Repository/virualShowRSVPOR/Page_Show microsite/input_Welcome_password'

2019-11-06 03:42:28 - [MESSAGE][PASSED] - Text 'blackdress19' is set on object 'Object Repository/virualShowRSVPOR/Page_Show microsite/input_Welcome_password'

2019-11-06 03:42:28 - [TEST_STEP][PASSED] - executeJavaScript("arguments[0].click()", Arrays.asList(findWebElement(findTestObject("Object Repository/virualShowRSVPOR/Page_Show microsite/button_Continue_pass"), 30))): Execute JavaScript 'arguments[0].click()' successfully

2019-11-06 03:42:28 - [MESSAGE][PASSED] - Execute JavaScript 'arguments[0].click()' successfully

2019-11-06 03:42:28 - [TEST_STEP][PASSED] - delay(5): Delayed 5 second(s)

2019-11-06 03:42:33 - [MESSAGE][PASSED] - Delayed 5 second(s)

2019-11-06 03:42:33 - [TEST_STEP][PASSED] - if (verifyElementPresent(findTestObject("Object Repository/virualShowRSVPOR/Page_Show microsite/complete_my_profile_later"), 0)): Execute JavaScript 'arguments[0].click()' successfully

2019-11-06 03:42:33 - [MESSAGE][WARNING] - Timeout '0' is invalid. Using default page load timeout: '30'

2019-11-06 03:42:33 - [MESSAGE][PASSED] - Object 'Object Repository/virualShowRSVPOR/Page_Show microsite/complete_my_profile_later' is present

2019-11-06 03:42:33 - [TEST_STEP][PASSED] - executeJavaScript("arguments[0].click()", Arrays.asList(findWebElement(findTestObject("Object Repository/virualShowRSVPOR/Page_Show microsite/div_Ill complete my profile later"), 30))): Execute JavaScript 'arguments[0].click()' successfully

2019-11-06 03:42:44 - [MESSAGE][PASSED] - Execute JavaScript 'arguments[0].click()' successfully

2019-11-06 03:42:44 - [MESSAGE][PASSED] - Call Test Case 'Test Cases/TestCaseUtilities/rsLogin' successfully

2019-11-06 03:42:44 - [TEST_STEP][PASSED] - callTestCase(findTestCase("EditOrder/rsOrderHistoryConfirm"), ["orderID":"", "editScenarioNumber":1], STOP_ON_FAILURE): Call Test Case 'Test Cases/EditOrder/rsOrderHistoryConfirm' successfully

2019-11-06 03:42:44 - [TEST_CASE][PASSED] - Test Cases/EditOrder/rsOrderHistoryConfirm: Test Cases/EditOrder/rsOrderHistoryConfirm

2019-11-06 03:42:45 - [TEST_STEP][PASSED] - driver = getWebDriver(): null

2019-11-06 03:42:45 - [TEST_STEP][PASSED] - executor = driver: null

2019-11-06 03:42:45 - [TEST_STEP][PASSED] - orderID = retailOrderID: null

2019-11-06 03:42:45 - [TEST_STEP][PASSED] - println(orderID): null

2019-11-06 03:42:45 - [TEST_STEP][PASSED] - xpath = UtilityMethods.concat("//span[contains(text(), '", orderID, "')]/parent::div/parent::div/div[@class='table-row-edit-order']//a"): null

2019-11-06 03:42:45 - [TEST_STEP][PASSED] - to = new com.kms.katalon.core.testobject.TestObject(a_link_dynamic): null

2019-11-06 03:42:45 - [TEST_STEP][PASSED] - to.addProperty("xpath", EQUALS, xpath): null

2019-11-06 03:42:45 - [TEST_STEP][PASSED] - click(findTestObject("ReplicatedSite/rs_Page_Trendy/i_Michigan_fa fa-caret-down")): Object: 'Object Repository/ReplicatedSite/rs_Page_Trendy/i_Michigan_fa fa-caret-down' is clicked on

2019-11-06 03:42:45 - [MESSAGE][PASSED] - Object: 'Object Repository/ReplicatedSite/rs_Page_Trendy/i_Michigan_fa fa-caret-down' is clicked on

2019-11-06 03:42:45 - [TEST_STEP][PASSED] - click(findTestObject("ReplicatedSite/rs_Page_Trendy/a_My Profile")): Object: 'Object Repository/ReplicatedSite/rs_Page_Trendy/a_My Profile' is clicked on

2019-11-06 03:42:54 - [MESSAGE][PASSED] - Object: 'Object Repository/ReplicatedSite/rs_Page_Trendy/a_My Profile' is clicked on

2019-11-06 03:42:54 - [TEST_STEP][PASSED] - click(findTestObject("Object Repository/ReplicatedSite/Page_Profile - Cabi Fall 2018 Collection/span_Order History")): Object: 'Object Repository/ReplicatedSite/Page_Profile - Cabi Fall 2018 Collection/span_Order History' is clicked on

2019-11-06 03:42:54 - [MESSAGE][PASSED] - Object: 'Object Repository/ReplicatedSite/Page_Profile - Cabi Fall 2018 Collection/span_Order History' is clicked on

2019-11-06 03:42:54 - [TEST_STEP][PASSED] - delay(5): Delayed 5 second(s)

2019-11-06 03:42:59 - [MESSAGE][PASSED] - Delayed 5 second(s)

2019-11-06 03:42:59 - [TEST_STEP][PASSED] - editButton = findWebElements(to, 1): null

2019-11-06 03:42:59 - [TEST_STEP][PASSED] - assert editButton.size() > 0: null

2019-11-06 03:42:59 - [TEST_STEP][PASSED] - if (editButton.size() > 0): Actual text and expected text of test object 'div_cancelled_order' are matched.

2019-11-06 03:42:59 - [TEST_STEP][PASSED] - click(to): Object: 'a_link_dynamic' is clicked on

2019-11-06 03:42:59 - [MESSAGE][PASSED] - Object: 'a_link_dynamic' is clicked on

2019-11-06 03:42:59 - [TEST_STEP][PASSED] - delay(10): Delayed 10 second(s)

2019-11-06 03:43:09 - [MESSAGE][PASSED] - Delayed 10 second(s)

2019-11-06 03:43:09 - [TEST_STEP][PASSED] - if (editScenarioNumber == 1): Actual text and expected text of test object 'div_cancelled_order' are matched.

2019-11-06 03:43:09 - [TEST_STEP][PASSED] - println("scen = 1"): null

2019-11-06 03:43:09 - [TEST_STEP][PASSED] - click(findTestObject("Object Repository/ReplicatedSite/a_update_order")): Object: 'Object Repository/ReplicatedSite/a_update_order' is clicked on

2019-11-06 03:43:10 - [MESSAGE][PASSED] - Object: 'Object Repository/ReplicatedSite/a_update_order' is clicked on

2019-11-06 03:43:10 - [TEST_STEP][PASSED] - delay(5): Delayed 5 second(s)

2019-11-06 03:43:15 - [MESSAGE][PASSED] - Delayed 5 second(s)

2019-11-06 03:43:15 - [TEST_STEP][PASSED] - callTestCase(findTestCase("EditOrder/rsUpdateOrder"), [:], STOP_ON_FAILURE): Call Test Case 'Test Cases/EditOrder/rsUpdateOrder' successfully

2019-11-06 03:43:15 - [TEST_CASE][PASSED] - Test Cases/EditOrder/rsUpdateOrder: Test Cases/EditOrder/rsUpdateOrder

2019-11-06 03:43:16 - [TEST_STEP][PASSED] - driver = getWebDriver(): null

2019-11-06 03:43:16 - [TEST_STEP][PASSED] - executor = driver: null

2019-11-06 03:43:16 - [TEST_STEP][PASSED] - element = <not implemented yet for class: org.codehaus.groovy.ast.expr.EmptyExpression>: null

2019-11-06 03:43:16 - [TEST_STEP][PASSED] - actions = <not implemented yet for class: org.codehaus.groovy.ast.expr.EmptyExpression>: null

2019-11-06 03:43:16 - [TEST_STEP][PASSED] - click(findTestObject("Object Repository/ReplicatedSite/input_other_address")): Object: 'Object Repository/ReplicatedSite/input_other_address' is clicked on

2019-11-06 03:43:18 - [MESSAGE][PASSED] - Object: 'Object Repository/ReplicatedSite/input_other_address' is clicked on

2019-11-06 03:43:18 - [TEST_STEP][PASSED] - contactNumber = 3: null

2019-11-06 03:43:18 - [TEST_STEP][PASSED] - address1 = findTestData("contactData").getValue("address1", contactNumber): null

2019-11-06 03:43:18 - [TEST_STEP][PASSED] - city = findTestData("contactData").getValue("city", contactNumber): null

2019-11-06 03:43:18 - [TEST_STEP][PASSED] - state = findTestData("contactData").getValue("state", contactNumber): null

2019-11-06 03:43:18 - [TEST_STEP][PASSED] - zip = findTestData("contactData").getValue("zip", contactNumber): null

2019-11-06 03:43:19 - [TEST_STEP][PASSED] - setText(findTestObject("Object Repository/ReplicatedSite/input_address1_update"), address1): Text '974 BRAHMS CT' is set on object 'Object Repository/ReplicatedSite/input_address1_update'

2019-11-06 03:43:19 - [MESSAGE][PASSED] - Text '974 BRAHMS CT' is set on object 'Object Repository/ReplicatedSite/input_address1_update'

2019-11-06 03:43:19 - [TEST_STEP][PASSED] - setText(findTestObject("Object Repository/ReplicatedSite/input_city_update"), city): Text 'TROY' is set on object 'Object Repository/ReplicatedSite/input_city_update'

2019-11-06 03:43:20 - [MESSAGE][PASSED] - Text 'TROY' is set on object 'Object Repository/ReplicatedSite/input_city_update'

2019-11-06 03:43:20 - [TEST_STEP][PASSED] - xpath = UtilityMethods.concat("//select[@id='stateProvince']/option[@label='", state, "']"): null

2019-11-06 03:43:20 - [TEST_STEP][PASSED] - addressState = new com.kms.katalon.core.testobject.TestObject(select_state_dynamic): null

2019-11-06 03:43:20 - [TEST_STEP][PASSED] - addressState.addProperty("xpath", EQUALS, xpath): null

2019-11-06 03:43:20 - [TEST_STEP][PASSED] - click(addressState): Object: 'select_state_dynamic' is clicked on

2019-11-06 03:43:20 - [MESSAGE][PASSED] - Object: 'select_state_dynamic' is clicked on

2019-11-06 03:43:20 - [TEST_STEP][PASSED] - setText(findTestObject("Object Repository/ReplicatedSite/input_postal_code_update"), zip): Text '48085' is set on object 'Object Repository/ReplicatedSite/input_postal_code_update'

2019-11-06 03:43:21 - [MESSAGE][PASSED] - Text '48085' is set on object 'Object Repository/ReplicatedSite/input_postal_code_update'

2019-11-06 03:43:21 - [TEST_STEP][PASSED] - delay(4): Delayed 4 second(s)

2019-11-06 03:43:25 - [MESSAGE][PASSED] - Delayed 4 second(s)

2019-11-06 03:43:25 - [TEST_STEP][PASSED] - driver = getWebDriver(): null

2019-11-06 03:43:25 - [TEST_STEP][PASSED] - element = driver.findElement(By.xpath("//button[@type='submit']/span[contains(text(), 'Save')]")): null

2019-11-06 03:43:25 - [TEST_STEP][PASSED] - actions = new org.openqa.selenium.interactions.Actions(driver): null

2019-11-06 03:43:25 - [TEST_STEP][PASSED] - build().perform(): null

2019-11-06 03:43:25 - [TEST_STEP][PASSED] - waitForElementClickable(findTestObject("Object Repository/ReplicatedSite/button_save_and_continue"), 30): Object 'Object Repository/ReplicatedSite/button_save_and_continue' is clickable

2019-11-06 03:43:25 - [MESSAGE][PASSED] - Object 'Object Repository/ReplicatedSite/button_save_and_continue' is clickable

2019-11-06 03:43:25 - [TEST_STEP][PASSED] - element = driver.findElement(By.xpath("(//button[@class='btn pull-right'])[1]")): null

2019-11-06 03:43:25 - [TEST_STEP][PASSED] - executor = driver: null

2019-11-06 03:43:25 - [TEST_STEP][PASSED] - executor.executeScript("arguments[0].click();", element): null

2019-11-06 03:43:25 - [TEST_STEP][PASSED] - delay(3): Delayed 3 second(s)

2019-11-06 03:43:28 - [MESSAGE][PASSED] - Delayed 3 second(s)

2019-11-06 03:43:28 - [TEST_STEP][PASSED] - executor.executeScript("arguments[0].click();", findWebElement(findTestObject("Object Repository/ReplicatedSite/input_make_donation"), 5)): null

2019-11-06 03:43:28 - [TEST_STEP][PASSED] - delay(2): Delayed 2 second(s)

2019-11-06 03:43:30 - [MESSAGE][PASSED] - Delayed 2 second(s)

2019-11-06 03:43:30 - [TEST_STEP][PASSED] - executor.executeScript("arguments[0].click();", findWebElement(findTestObject("Object Repository/ReplicatedSite/input_make_donation"), 5)): null

2019-11-06 03:43:31 - [TEST_STEP][PASSED] - executor.executeScript("arguments[0].click();", findWebElement(findTestObject("Object Repository/ReplicatedSite/input_pay_with_gc"), 5)): null

2019-11-06 03:43:31 - [TEST_STEP][PASSED] - delay(2): Delayed 2 second(s)

2019-11-06 03:43:33 - [MESSAGE][PASSED] - Delayed 2 second(s)

2019-11-06 03:43:33 - [TEST_STEP][PASSED] - executor.executeScript("arguments[0].click();", findWebElement(findTestObject("Object Repository/ReplicatedSite/input_pay_with_gc"), 5)): null

2019-11-06 03:43:33 - [TEST_STEP][PASSED] - executor.executeScript("arguments[0].click();", findWebElement(findTestObject("Object Repository/ReplicatedSite/input_pay_with_credit"), 5)): null

2019-11-06 03:43:33 - [TEST_STEP][PASSED] - delay(2): Delayed 2 second(s)

2019-11-06 03:43:35 - [MESSAGE][PASSED] - Delayed 2 second(s)

2019-11-06 03:43:35 - [TEST_STEP][PASSED] - executor.executeScript("arguments[0].click();", findWebElement(findTestObject("Object Repository/ReplicatedSite/input_pay_with_credit"), 5)): null

2019-11-06 03:43:36 - [TEST_STEP][PASSED] - delay(2): Delayed 2 second(s)

2019-11-06 03:43:38 - [MESSAGE][PASSED] - Delayed 2 second(s)

2019-11-06 03:43:38 - [TEST_STEP][PASSED] - RSURL = findTestData("envtData").getValue("RSURL", 1): null

2019-11-06 03:43:38 - [TEST_STEP][PASSED] - cartURL = UtilityMethods.concat(RSURL, "/cart/"): null

2019-11-06 03:43:38 - [TEST_STEP][PASSED] - navigateToUrl(cartURL): Navigate to 'https://mirandakate.cabitest5.com/cart/' successfully

2019-11-06 03:43:45 - [MESSAGE][PASSED] - Navigate to 'https://mirandakate.cabitest5.com/cart/' successfully

2019-11-06 03:43:45 - [MESSAGE][PASSED] - Call Test Case 'Test Cases/EditOrder/rsUpdateOrder' successfully

2019-11-06 03:43:45 - [TEST_STEP][PASSED] - delay(3): Delayed 3 second(s)

2019-11-06 03:43:48 - [MESSAGE][PASSED] - Delayed 3 second(s)

2019-11-06 03:43:48 - [TEST_STEP][PASSED] - click(findTestObject("Object Repository/ReplicatedSite/a_edit_first_individual_product")): Object: 'Object Repository/ReplicatedSite/a_edit_first_individual_product' is clicked on

2019-11-06 03:43:49 - [MESSAGE][PASSED] - Object: 'Object Repository/ReplicatedSite/a_edit_first_individual_product' is clicked on

2019-11-06 03:43:49 - [TEST_STEP][PASSED] - delay(5): Delayed 5 second(s)

2019-11-06 03:43:54 - [MESSAGE][PASSED] - Delayed 5 second(s)

2019-11-06 03:43:54 - [TEST_STEP][PASSED] - click(findTestObject("Object Repository/ReplicatedSite/select_new_size")): Object: 'Object Repository/ReplicatedSite/select_new_size' is clicked on

2019-11-06 03:43:54 - [MESSAGE][PASSED] - Object: 'Object Repository/ReplicatedSite/select_new_size' is clicked on

2019-11-06 03:43:54 - [TEST_STEP][PASSED] - delay(5): Delayed 5 second(s)

2019-11-06 03:43:59 - [MESSAGE][PASSED] - Delayed 5 second(s)

2019-11-06 03:43:59 - [TEST_STEP][PASSED] - setText(findTestObject("Object Repository/ReplicatedSite/input_new_qty"), "2"): Text '2' is set on object 'Object Repository/ReplicatedSite/input_new_qty'

2019-11-06 03:44:00 - [MESSAGE][PASSED] - Text '2' is set on object 'Object Repository/ReplicatedSite/input_new_qty'

2019-11-06 03:44:00 - [TEST_STEP][PASSED] - delay(3): Delayed 3 second(s)

2019-11-06 03:44:03 - [MESSAGE][PASSED] - Delayed 3 second(s)

2019-11-06 03:44:03 - [TEST_STEP][PASSED] - click(findTestObject("Object Repository/ReplicatedSite/button_update_individual_item")): Object: 'Object Repository/ReplicatedSite/button_update_individual_item' is clicked on

2019-11-06 03:44:03 - [MESSAGE][PASSED] - Object: 'Object Repository/ReplicatedSite/button_update_individual_item' is clicked on

2019-11-06 03:44:03 - [TEST_STEP][PASSED] - delay(3): Delayed 3 second(s)

2019-11-06 03:44:06 - [MESSAGE][PASSED] - Delayed 3 second(s)

2019-11-06 03:44:06 - [TEST_STEP][PASSED] - executor.executeScript("arguments[0].click();", findWebElement(findTestObject("Object Repository/ReplicatedSite/a_cancel_edit"), 10)): null

2019-11-06 03:44:07 - [TEST_STEP][PASSED] - cancelEditButton = findWebElements(findTestObject("Object Repository/ReplicatedSite/h2_sure_to_cancel_edit"), 1): null

2019-11-06 03:44:07 - [TEST_STEP][PASSED] - assert cancelEditButton.size() > 0: null

2019-11-06 03:44:07 - [TEST_STEP][PASSED] - executor.executeScript("arguments[0].click();", findWebElement(findTestObject("Object Repository/ReplicatedSite/button_yes_cancel_edit"), 10)): null

2019-11-06 03:44:07 - [TEST_STEP][PASSED] - delay(5): Delayed 5 second(s)

2019-11-06 03:44:12 - [MESSAGE][PASSED] - Delayed 5 second(s)

2019-11-06 03:44:12 - [TEST_STEP][PASSED] - click(to): Object: 'a_link_dynamic' is clicked on

2019-11-06 03:44:15 - [MESSAGE][PASSED] - Object: 'a_link_dynamic' is clicked on

2019-11-06 03:44:15 - [TEST_STEP][PASSED] - delay(5): Delayed 5 second(s)

2019-11-06 03:44:20 - [MESSAGE][PASSED] - Delayed 5 second(s)

2019-11-06 03:44:20 - [TEST_STEP][PASSED] - executor.executeScript("arguments[0].click();", findWebElement(findTestObject("Object Repository/ReplicatedSite/a_cancel_order"), 10)): null

2019-11-06 03:44:22 - [TEST_STEP][PASSED] - cancelOrderButton = findWebElements(findTestObject("Object Repository/ReplicatedSite/h2_sure_to_cancel_order"), 10): null

2019-11-06 03:44:22 - [TEST_STEP][PASSED] - assert cancelOrderButton.size() > 0: null

2019-11-06 03:44:22 - [TEST_STEP][PASSED] - executor.executeScript("arguments[0].click();", findWebElement(findTestObject("Object Repository/ReplicatedSite/button_yes_cancel_order"), 10)): null

2019-11-06 03:44:22 - [TEST_STEP][PASSED] - delay(3): Delayed 3 second(s)

2019-11-06 03:44:25 - [MESSAGE][PASSED] - Delayed 3 second(s)

2019-11-06 03:44:25 - [TEST_STEP][PASSED] - div_cancelled_order = UtilityMethods.createTestObject("div_cancelled_order", "//span[contains(text(), '", orderID, "')]/parent::div/parent::div/div[@class='table-row-status']/span"): null

2019-11-06 03:44:25 - [TEST_STEP][PASSED] - executor.executeScript("arguments[0].click();", findWebElement(div_cancelled_order, 10)): null

2019-11-06 03:44:28 - [TEST_STEP][PASSED] - delay(2): Delayed 2 second(s)

2019-11-06 03:44:30 - [MESSAGE][PASSED] - Delayed 2 second(s)

2019-11-06 03:44:30 - [TEST_STEP][PASSED] - println(getText(div_cancelled_order)): Text of object 'div_cancelled_order' is: 'Cancelled'

2019-11-06 03:44:30 - [MESSAGE][PASSED] - Text of object 'div_cancelled_order' is: 'Cancelled'

2019-11-06 03:44:30 - [TEST_STEP][PASSED] - verifyElementText(div_cancelled_order, "Cancelled"): Actual text and expected text of test object 'div_cancelled_order' are matched.

2019-11-06 03:44:30 - [MESSAGE][PASSED] - Actual text and expected text of test object 'div_cancelled_order' are matched.

2019-11-06 03:44:30 - [MESSAGE][PASSED] - Call Test Case 'Test Cases/EditOrder/rsOrderHistoryConfirm' successfully]]></system-out>
         <system-err><![CDATA[]]></system-err>
      </testcase>
      <testcase name="Test Cases/EditOrder-V/rsEditOrderDonation" classname="Test Cases/EditOrder-V/rsEditOrderDonation" status="PASSED">
         <system-out><![CDATA[2019-11-06 03:44:30 - [TEST_CASE][PASSED] - Test Cases/EditOrder-V/rsEditOrderDonation: Test Cases/EditOrder-V/rsEditOrderDonation

2019-11-06 03:44:30 - [TEST_STEP][PASSED] - Start listener action : sampleBeforeTestCase: null

2019-11-06 03:44:30 - [TEST_STEP][PASSED] - println(testCaseContext.getTestCaseId()): null

2019-11-06 03:44:30 - [TEST_STEP][PASSED] - println(testCaseContext.getTestCaseVariables()): null

2019-11-06 03:44:30 - [TEST_STEP][PASSED] - callTestCase(findTestCase("EditOrder/retailOrderBO"), ["editScenarioNumber":4], STOP_ON_FAILURE): Call Test Case 'Test Cases/EditOrder/retailOrderBO' successfully

2019-11-06 03:44:30 - [TEST_CASE][PASSED] - Test Cases/EditOrder/retailOrderBO: Test Cases/EditOrder/retailOrderBO

2019-11-06 03:44:30 - [TEST_STEP][PASSED] - openBrowser(""): Browser is opened with url: ''

2019-11-06 03:44:30 - [MESSAGE][WARNING] - A browser is already opened. Closing browser and opening a new one

2019-11-06 03:44:31 - [MESSAGE][INFO] - Starting 'Chrome' driver

2019-11-06 03:44:31 - [MESSAGE][INFO] - User set preference: ['args', '[--use-fake-ui-for-media-stream, --start-maximized]']

2019-11-06 03:44:34 - [MESSAGE][PASSED] - Browser is opened with url: ''

2019-11-06 03:44:34 - [TEST_STEP][PASSED] - callTestCase(findTestCase("TestCaseUtilities/backOfficeLogin"), ["BOURL":"", "BOuser":"", "BOpass":""], STOP_ON_FAILURE): Call Test Case 'Test Cases/TestCaseUtilities/backOfficeLogin' successfully

2019-11-06 03:44:34 - [TEST_CASE][PASSED] - Test Cases/TestCaseUtilities/backOfficeLogin: Test Cases/TestCaseUtilities/backOfficeLogin

2019-11-06 03:44:34 - [TEST_STEP][PASSED] - BOURL = findTestData("envtData").getValue("BOURL", 1): null

2019-11-06 03:44:34 - [TEST_STEP][PASSED] - BOuser = findTestData("credData").getValue("BOuser", 1): null

2019-11-06 03:44:34 - [TEST_STEP][PASSED] - BOpass = findTestData("credData").getValue("BOpass", 1): null

2019-11-06 03:44:34 - [TEST_STEP][PASSED] - openBrowser(""): Browser is opened with url: ''

2019-11-06 03:44:34 - [MESSAGE][WARNING] - A browser is already opened. Closing browser and opening a new one

2019-11-06 03:44:35 - [MESSAGE][INFO] - Starting 'Chrome' driver

2019-11-06 03:44:35 - [MESSAGE][INFO] - User set preference: ['args', '[--use-fake-ui-for-media-stream, --start-maximized]']

2019-11-06 03:44:37 - [MESSAGE][PASSED] - Browser is opened with url: ''

2019-11-06 03:44:37 - [TEST_STEP][PASSED] - navigateToUrl(BOURL): Navigate to 'https://test18.cliotest.com/backoffice/control/main' successfully

2019-11-06 03:44:43 - [MESSAGE][PASSED] - Navigate to 'https://test18.cliotest.com/backoffice/control/main' successfully

2019-11-06 03:44:43 - [TEST_STEP][PASSED] - logOut = findWebElements(findTestObject("Object Repository/Page_cabi Home/log_out"), 1): Unable to find the element located by 'By.xpath: //a[contains(text(),'Log Out')]'. Please recheck the objects properties to make sure the desired element is located. 

2019-11-06 03:44:44 - [MESSAGE][INFO] - Unable to find the element located by 'By.xpath: //a[contains(text(),'Log Out')]'. Please recheck the objects properties to make sure the desired element is located. 

2019-11-06 03:44:44 - [TEST_STEP][PASSED] - if (logOut.size() == 0): Object: 'Object Repository/Page_cabi/input_Welcome to_consultantLogin' is clicked on

2019-11-06 03:44:44 - [TEST_STEP][PASSED] - setText(findTestObject("Page_cabi/input_Welcome to_USERNAME"), BOuser): Text '400000002' is set on object 'Object Repository/Page_cabi/input_Welcome to_USERNAME'

2019-11-06 03:44:44 - [MESSAGE][PASSED] - Text '400000002' is set on object 'Object Repository/Page_cabi/input_Welcome to_USERNAME'

2019-11-06 03:44:44 - [TEST_STEP][PASSED] - setText(findTestObject("Object Repository/Page_cabi/input_Welcome to_PASSWORD"), BOpass): Text 'blackdress19' is set on object 'Object Repository/Page_cabi/input_Welcome to_PASSWORD'

2019-11-06 03:44:45 - [MESSAGE][PASSED] - Text 'blackdress19' is set on object 'Object Repository/Page_cabi/input_Welcome to_PASSWORD'

2019-11-06 03:44:45 - [TEST_STEP][PASSED] - click(findTestObject("Object Repository/Page_cabi/input_Welcome to_consultantLogin")): Object: 'Object Repository/Page_cabi/input_Welcome to_consultantLogin' is clicked on

2019-11-06 03:44:53 - [MESSAGE][PASSED] - Object: 'Object Repository/Page_cabi/input_Welcome to_consultantLogin' is clicked on

2019-11-06 03:44:53 - [TEST_STEP][PASSED] - delay(3): Delayed 3 second(s)

2019-11-06 03:44:56 - [MESSAGE][PASSED] - Delayed 3 second(s)

2019-11-06 03:44:56 - [MESSAGE][PASSED] - Call Test Case 'Test Cases/TestCaseUtilities/backOfficeLogin' successfully

2019-11-06 03:44:56 - [TEST_STEP][PASSED] - click(findTestObject("Object Repository/Page_cabi Home/a_Shows  Orders")): Object: 'Object Repository/Page_cabi Home/a_Shows  Orders' is clicked on

2019-11-06 03:44:56 - [MESSAGE][PASSED] - Object: 'Object Repository/Page_cabi Home/a_Shows  Orders' is clicked on

2019-11-06 03:44:56 - [TEST_STEP][PASSED] - delay(1): Delayed 1 second(s)

2019-11-06 03:44:57 - [MESSAGE][PASSED] - Delayed 1 second(s)

2019-11-06 03:44:57 - [TEST_STEP][PASSED] - click(findTestObject("Page_cabi Home/a_Shows  Orders")): Object: 'Object Repository/Page_cabi Home/a_Shows  Orders' is clicked on

2019-11-06 03:44:57 - [MESSAGE][PASSED] - Object: 'Object Repository/Page_cabi Home/a_Shows  Orders' is clicked on

2019-11-06 03:44:57 - [TEST_STEP][PASSED] - click(findTestObject("Page_cabi Home/a_retail_purchases")): Object: 'Object Repository/Page_cabi Home/a_retail_purchases' is clicked on

2019-11-06 03:45:01 - [MESSAGE][PASSED] - Object: 'Object Repository/Page_cabi Home/a_retail_purchases' is clicked on

2019-11-06 03:45:01 - [TEST_STEP][PASSED] - delay(3): Delayed 3 second(s)

2019-11-06 03:45:04 - [MESSAGE][PASSED] - Delayed 3 second(s)

2019-11-06 03:45:04 - [TEST_STEP][PASSED] - click(findTestObject("Object Repository/Page_cabi Home/existingCustomer")): Object: 'Object Repository/Page_cabi Home/existingCustomer' is clicked on

2019-11-06 03:45:04 - [MESSAGE][PASSED] - Object: 'Object Repository/Page_cabi Home/existingCustomer' is clicked on

2019-11-06 03:45:04 - [TEST_STEP][PASSED] - contactNumber = 3: null

2019-11-06 03:45:04 - [TEST_STEP][PASSED] - firstName = findTestData("contactData").getValue("firstName", contactNumber): null

2019-11-06 03:45:04 - [TEST_STEP][PASSED] - lastName = findTestData("contactData").getValue("lastName", contactNumber): null

2019-11-06 03:45:04 - [TEST_STEP][PASSED] - email = findTestData("contactData").getValue("email", contactNumber): null

2019-11-06 03:45:04 - [TEST_STEP][PASSED] - address1 = findTestData("contactData").getValue("address1", contactNumber): null

2019-11-06 03:45:04 - [TEST_STEP][PASSED] - city = findTestData("contactData").getValue("city", contactNumber): null

2019-11-06 03:45:04 - [TEST_STEP][PASSED] - state = findTestData("contactData").getValue("state", contactNumber): null

2019-11-06 03:45:04 - [TEST_STEP][PASSED] - zip = findTestData("contactData").getValue("zip", contactNumber): null

2019-11-06 03:45:04 - [TEST_STEP][PASSED] - existingCustFName = firstName: null

2019-11-06 03:45:04 - [TEST_STEP][PASSED] - existingCustLName = lastName: null

2019-11-06 03:45:04 - [TEST_STEP][PASSED] - space = " ": null

2019-11-06 03:45:04 - [TEST_STEP][PASSED] - existingCust = $existingCustFName$space$existingCustLName: null

2019-11-06 03:45:04 - [TEST_STEP][PASSED] - setText(findTestObject("Object Repository/Page_cabi Home/input_existing_guest"), existingCust): Text 'guest1-test abc' is set on object 'Object Repository/Page_cabi Home/input_existing_guest'

2019-11-06 03:45:04 - [MESSAGE][PASSED] - Text 'guest1-test abc' is set on object 'Object Repository/Page_cabi Home/input_existing_guest'

2019-11-06 03:45:04 - [TEST_STEP][PASSED] - delay(2): Delayed 2 second(s)

2019-11-06 03:45:06 - [MESSAGE][PASSED] - Delayed 2 second(s)

2019-11-06 03:45:06 - [TEST_STEP][PASSED] - sendKeys(findTestObject("Object Repository/Page_cabi Home/input_existing_guest"), Keys.chord(ARROW_DOWN)): Keys 'DOWN + ' sent to object: 'Object Repository/Page_cabi Home/input_existing_guest'

2019-11-06 03:45:07 - [MESSAGE][PASSED] - Keys 'DOWN + ' sent to object: 'Object Repository/Page_cabi Home/input_existing_guest'

2019-11-06 03:45:07 - [TEST_STEP][PASSED] - sendKeys(findTestObject("Object Repository/Page_cabi Home/input_existing_guest"), Keys.chord(ENTER)): Keys 'ENTER + ' sent to object: 'Object Repository/Page_cabi Home/input_existing_guest'

2019-11-06 03:45:07 - [MESSAGE][PASSED] - Keys 'ENTER + ' sent to object: 'Object Repository/Page_cabi Home/input_existing_guest'

2019-11-06 03:45:07 - [TEST_STEP][PASSED] - setText(findTestObject("Object Repository/Page_cabi Retail Store/input_email"), email): Text 'guest1-test@test.com' is set on object 'Object Repository/Page_cabi Retail Store/input_email'

2019-11-06 03:45:08 - [MESSAGE][PASSED] - Text 'guest1-test@test.com' is set on object 'Object Repository/Page_cabi Retail Store/input_email'

2019-11-06 03:45:08 - [TEST_STEP][PASSED] - setText(findTestObject("Object Repository/Page_cabi Edit Customer Profile/input_Address1_address1"), address1): Text '974 BRAHMS CT' is set on object 'Object Repository/Page_cabi Edit Customer Profile/input_Address1_address1'

2019-11-06 03:45:08 - [MESSAGE][PASSED] - Text '974 BRAHMS CT' is set on object 'Object Repository/Page_cabi Edit Customer Profile/input_Address1_address1'

2019-11-06 03:45:08 - [TEST_STEP][PASSED] - setText(findTestObject("Object Repository/Page_cabi Edit Customer Profile/input_Address2_address2"), ""): Text '' is set on object 'Object Repository/Page_cabi Edit Customer Profile/input_Address2_address2'

2019-11-06 03:45:08 - [MESSAGE][PASSED] - Text '' is set on object 'Object Repository/Page_cabi Edit Customer Profile/input_Address2_address2'

2019-11-06 03:45:08 - [TEST_STEP][PASSED] - setText(findTestObject("Object Repository/Page_cabi Edit Customer Profile/input_City_city"), city): Text 'TROY' is set on object 'Object Repository/Page_cabi Edit Customer Profile/input_City_city'

2019-11-06 03:45:09 - [MESSAGE][PASSED] - Text 'TROY' is set on object 'Object Repository/Page_cabi Edit Customer Profile/input_City_city'

2019-11-06 03:45:09 - [TEST_STEP][PASSED] - click(findTestObject("Page_cabi Edit Customer Profile/span_select_a_state")): Object: 'Object Repository/Page_cabi Edit Customer Profile/span_select_a_state' is clicked on

2019-11-06 03:45:09 - [MESSAGE][PASSED] - Object: 'Object Repository/Page_cabi Edit Customer Profile/span_select_a_state' is clicked on

2019-11-06 03:45:09 - [TEST_STEP][PASSED] - delay(1): Delayed 1 second(s)

2019-11-06 03:45:10 - [MESSAGE][PASSED] - Delayed 1 second(s)

2019-11-06 03:45:10 - [TEST_STEP][PASSED] - setText(findTestObject("Page_cabi Edit Customer Profile/input_state_postalCode"), zip): Text '48085' is set on object 'Object Repository/Page_cabi Edit Customer Profile/input_state_postalCode'

2019-11-06 03:45:10 - [MESSAGE][PASSED] - Text '48085' is set on object 'Object Repository/Page_cabi Edit Customer Profile/input_state_postalCode'

2019-11-06 03:45:10 - [TEST_STEP][PASSED] - delay(5): Delayed 5 second(s)

2019-11-06 03:45:15 - [MESSAGE][PASSED] - Delayed 5 second(s)

2019-11-06 03:45:15 - [TEST_STEP][PASSED] - check(findTestObject("Object Repository/Page_cabi Home/a_same_shipping_address")): Object 'Object Repository/Page_cabi Home/a_same_shipping_address' is checked

2019-11-06 03:45:15 - [MESSAGE][PASSED] - Object 'Object Repository/Page_cabi Home/a_same_shipping_address' is checked

2019-11-06 03:45:15 - [TEST_STEP][PASSED] - delay(5): Delayed 5 second(s)

2019-11-06 03:45:20 - [MESSAGE][PASSED] - Delayed 5 second(s)

2019-11-06 03:45:20 - [TEST_STEP][PASSED] - check(findTestObject("Object Repository/Page_cabi Home/a_same_shipping_address")): Object 'Object Repository/Page_cabi Home/a_same_shipping_address' is checked

2019-11-06 03:45:20 - [MESSAGE][PASSED] - Object 'Object Repository/Page_cabi Home/a_same_shipping_address' is checked

2019-11-06 03:45:20 - [TEST_STEP][PASSED] - delay(5): Delayed 5 second(s)

2019-11-06 03:45:25 - [MESSAGE][PASSED] - Delayed 5 second(s)

2019-11-06 03:45:25 - [TEST_STEP][PASSED] - driver = getWebDriver(): null

2019-11-06 03:45:25 - [TEST_STEP][PASSED] - executor = driver: null

2019-11-06 03:45:25 - [TEST_STEP][PASSED] - executor.executeScript("arguments[0].click();", findWebElement(findTestObject("Object Repository/Page_cabi Home/a_order_items"), 5)): null

2019-11-06 03:45:26 - [TEST_STEP][PASSED] - delay(3): Delayed 3 second(s)

2019-11-06 03:45:29 - [MESSAGE][PASSED] - Delayed 3 second(s)

2019-11-06 03:45:29 - [TEST_STEP][PASSED] - click(findTestObject("Object Repository/Page_cabi Retail Store/span_quick_entry")): Object: 'Object Repository/Page_cabi Retail Store/span_quick_entry' is clicked on

2019-11-06 03:45:31 - [MESSAGE][PASSED] - Object: 'Object Repository/Page_cabi Retail Store/span_quick_entry' is clicked on

2019-11-06 03:45:31 - [TEST_STEP][PASSED] - delay(3): Delayed 3 second(s)

2019-11-06 03:45:34 - [MESSAGE][PASSED] - Delayed 3 second(s)

2019-11-06 03:45:34 - [TEST_STEP][PASSED] - emptyCart = findWebElements(findTestObject("Object Repository/Page_cabi Personal Store/removeFromCart"), 5): Unable to find the element located by 'By.xpath: //*[@id="removeFromCart_0"]/span'. Please recheck the objects properties to make sure the desired element is located. 

2019-11-06 03:45:40 - [MESSAGE][INFO] - Unable to find the element located by 'By.xpath: //*[@id="removeFromCart_0"]/span'. Please recheck the objects properties to make sure the desired element is located. 

2019-11-06 03:45:40 - [TEST_STEP][PASSED] - if (emptyCart.size() > 0): null

2019-11-06 03:45:40 - [TEST_STEP][PASSED] - addOnStyle = findTestData("miscData").getValue("addOnStyle", 1): null

2019-11-06 03:45:40 - [TEST_STEP][PASSED] - addOnStyle2 = findTestData("miscData").getValue("addOnStyle", 2): null

2019-11-06 03:45:40 - [TEST_STEP][PASSED] - setText(findTestObject("Object Repository/Page_cabi Create Order/input_Manual Discount_stylelookup_0"), addOnStyle): Text '3701' is set on object 'Object Repository/Page_cabi Create Order/input_Manual Discount_stylelookup_0'

2019-11-06 03:45:40 - [MESSAGE][PASSED] - Text '3701' is set on object 'Object Repository/Page_cabi Create Order/input_Manual Discount_stylelookup_0'

2019-11-06 03:45:40 - [TEST_STEP][PASSED] - delay(2): Delayed 2 second(s)

2019-11-06 03:45:42 - [MESSAGE][PASSED] - Delayed 2 second(s)

2019-11-06 03:45:42 - [TEST_STEP][PASSED] - sendKeys(findTestObject("Object Repository/Page_cabi Create Order/input_Manual Discount_stylelookup_0"), Keys.chord(ARROW_DOWN)): Keys 'DOWN + ' sent to object: 'Object Repository/Page_cabi Create Order/input_Manual Discount_stylelookup_0'

2019-11-06 03:45:42 - [MESSAGE][PASSED] - Keys 'DOWN + ' sent to object: 'Object Repository/Page_cabi Create Order/input_Manual Discount_stylelookup_0'

2019-11-06 03:45:42 - [TEST_STEP][PASSED] - delay(2): Delayed 2 second(s)

2019-11-06 03:45:44 - [MESSAGE][PASSED] - Delayed 2 second(s)

2019-11-06 03:45:44 - [TEST_STEP][PASSED] - sendKeys(findTestObject("Object Repository/Page_cabi Create Order/input_Manual Discount_stylelookup_0"), Keys.chord(ARROW_DOWN)): Keys 'DOWN + ' sent to object: 'Object Repository/Page_cabi Create Order/input_Manual Discount_stylelookup_0'

2019-11-06 03:45:44 - [MESSAGE][PASSED] - Keys 'DOWN + ' sent to object: 'Object Repository/Page_cabi Create Order/input_Manual Discount_stylelookup_0'

2019-11-06 03:45:44 - [TEST_STEP][PASSED] - sendKeys(findTestObject("Object Repository/Page_cabi Create Order/input_Manual Discount_stylelookup_0"), Keys.chord(ENTER)): Keys 'ENTER + ' sent to object: 'Object Repository/Page_cabi Create Order/input_Manual Discount_stylelookup_0'

2019-11-06 03:45:44 - [MESSAGE][PASSED] - Keys 'ENTER + ' sent to object: 'Object Repository/Page_cabi Create Order/input_Manual Discount_stylelookup_0'

2019-11-06 03:45:44 - [TEST_STEP][PASSED] - delay(5): Delayed 5 second(s)

2019-11-06 03:45:49 - [MESSAGE][PASSED] - Delayed 5 second(s)

2019-11-06 03:45:49 - [TEST_STEP][PASSED] - click(findTestObject("Object Repository/Page_cabi Order Items/selectSize")): Object: 'Object Repository/Page_cabi Order Items/selectSize' is clicked on

2019-11-06 03:45:49 - [MESSAGE][PASSED] - Object: 'Object Repository/Page_cabi Order Items/selectSize' is clicked on

2019-11-06 03:45:49 - [TEST_STEP][PASSED] - delay(3): Delayed 3 second(s)

2019-11-06 03:45:52 - [MESSAGE][PASSED] - Delayed 3 second(s)

2019-11-06 03:45:52 - [TEST_STEP][PASSED] - click(findTestObject("Object Repository/Page_cabi Order Items/span_Add to Cart")): Object: 'Object Repository/Page_cabi Order Items/span_Add to Cart' is clicked on

2019-11-06 03:45:52 - [MESSAGE][PASSED] - Object: 'Object Repository/Page_cabi Order Items/span_Add to Cart' is clicked on

2019-11-06 03:45:52 - [TEST_STEP][PASSED] - delay(5): Delayed 5 second(s)

2019-11-06 03:45:57 - [MESSAGE][PASSED] - Delayed 5 second(s)

2019-11-06 03:45:57 - [TEST_STEP][PASSED] - click(findTestObject("Object Repository/Page_cabi Create Order/inputStyleLookup1")): Object: 'Object Repository/Page_cabi Create Order/inputStyleLookup1' is clicked on

2019-11-06 03:45:58 - [MESSAGE][PASSED] - Object: 'Object Repository/Page_cabi Create Order/inputStyleLookup1' is clicked on

2019-11-06 03:45:58 - [TEST_STEP][PASSED] - setText(findTestObject("Object Repository/Page_cabi Create Order/inputStyleLookup1"), addOnStyle2): Text '3703' is set on object 'Object Repository/Page_cabi Create Order/inputStyleLookup1'

2019-11-06 03:45:58 - [MESSAGE][PASSED] - Text '3703' is set on object 'Object Repository/Page_cabi Create Order/inputStyleLookup1'

2019-11-06 03:45:58 - [TEST_STEP][PASSED] - delay(3): Delayed 3 second(s)

2019-11-06 03:46:01 - [MESSAGE][PASSED] - Delayed 3 second(s)

2019-11-06 03:46:01 - [TEST_STEP][PASSED] - prod_message2 = getText(findTestObject("Page_cabi Create Order/first_option")): Text of object 'Object Repository/Page_cabi Create Order/first_option' is: '3703 Turn Back Cardigan'

2019-11-06 03:46:01 - [MESSAGE][PASSED] - Text of object 'Object Repository/Page_cabi Create Order/first_option' is: '3703 Turn Back Cardigan'

2019-11-06 03:46:01 - [TEST_STEP][PASSED] - click(findTestObject("Page_cabi Create Order/first_option")): Object: 'Object Repository/Page_cabi Create Order/first_option' is clicked on

2019-11-06 03:46:01 - [MESSAGE][PASSED] - Object: 'Object Repository/Page_cabi Create Order/first_option' is clicked on

2019-11-06 03:46:01 - [TEST_STEP][PASSED] - delay(5): Delayed 5 second(s)

2019-11-06 03:46:06 - [MESSAGE][PASSED] - Delayed 5 second(s)

2019-11-06 03:46:06 - [TEST_STEP][PASSED] - click(findTestObject("Object Repository/Page_cabi Order Items/selectSize2")): Object: 'Object Repository/Page_cabi Order Items/selectSize2' is clicked on

2019-11-06 03:46:06 - [MESSAGE][PASSED] - Object: 'Object Repository/Page_cabi Order Items/selectSize2' is clicked on

2019-11-06 03:46:06 - [TEST_STEP][PASSED] - delay(3): Delayed 3 second(s)

2019-11-06 03:46:09 - [MESSAGE][PASSED] - Delayed 3 second(s)

2019-11-06 03:46:09 - [TEST_STEP][PASSED] - click(findTestObject("Object Repository/Page_cabi Order Items/addToCart2")): Object: 'Object Repository/Page_cabi Order Items/addToCart2' is clicked on

2019-11-06 03:46:09 - [MESSAGE][PASSED] - Object: 'Object Repository/Page_cabi Order Items/addToCart2' is clicked on

2019-11-06 03:46:09 - [TEST_STEP][PASSED] - delay(5): Delayed 5 second(s)

2019-11-06 03:46:14 - [MESSAGE][PASSED] - Delayed 5 second(s)

2019-11-06 03:46:14 - [TEST_STEP][PASSED] - if (editScenarioNumber == 1): null

2019-11-06 03:46:14 - [TEST_STEP][PASSED] - else if (editScenarioNumber == 2): null

2019-11-06 03:46:14 - [TEST_STEP][PASSED] - else if (editScenarioNumber == 3): null

2019-11-06 03:46:14 - [TEST_STEP][PASSED] - else if (editScenarioNumber == 4): Object: 'Object Repository/Page_cabi Order Items/span_add_to_cart' is clicked on

2019-11-06 03:46:14 - [TEST_STEP][PASSED] - println("scen = 4"): null

2019-11-06 03:46:14 - [TEST_STEP][PASSED] - click(findTestObject("Object Repository/Page_cabi Retail Store/span_donation")): Object: 'Object Repository/Page_cabi Retail Store/span_donation' is clicked on

2019-11-06 03:46:15 - [MESSAGE][PASSED] - Object: 'Object Repository/Page_cabi Retail Store/span_donation' is clicked on

2019-11-06 03:46:15 - [TEST_STEP][PASSED] - delay(5): Delayed 5 second(s)

2019-11-06 03:46:20 - [MESSAGE][PASSED] - Delayed 5 second(s)

2019-11-06 03:46:20 - [TEST_STEP][PASSED] - click(findTestObject("Object Repository/Page_cabi Order Items/select_donation_amount")): Object: 'Object Repository/Page_cabi Order Items/select_donation_amount' is clicked on

2019-11-06 03:46:20 - [MESSAGE][PASSED] - Object: 'Object Repository/Page_cabi Order Items/select_donation_amount' is clicked on

2019-11-06 03:46:20 - [TEST_STEP][PASSED] - click(findTestObject("Object Repository/Page_cabi Order Items/span_add_to_cart")): Object: 'Object Repository/Page_cabi Order Items/span_add_to_cart' is clicked on

2019-11-06 03:46:20 - [MESSAGE][PASSED] - Object: 'Object Repository/Page_cabi Order Items/span_add_to_cart' is clicked on

2019-11-06 03:46:20 - [TEST_STEP][PASSED] - click(findTestObject("Object Repository/Page_cabi Order Items/a_checkout")): Object: 'Object Repository/Page_cabi Order Items/a_checkout' is clicked on

2019-11-06 03:46:20 - [MESSAGE][PASSED] - Object: 'Object Repository/Page_cabi Order Items/a_checkout' is clicked on

2019-11-06 03:46:20 - [TEST_STEP][PASSED] - delay(3): Delayed 3 second(s)

2019-11-06 03:46:23 - [MESSAGE][PASSED] - Delayed 3 second(s)

2019-11-06 03:46:23 - [TEST_STEP][PASSED] - click(findTestObject("Page_cabi Personal Store/nextButtonShipping")): Object: 'Object Repository/Page_cabi Personal Store/nextButtonShipping' is clicked on

2019-11-06 03:46:23 - [MESSAGE][PASSED] - Object: 'Object Repository/Page_cabi Personal Store/nextButtonShipping' is clicked on

2019-11-06 03:46:23 - [TEST_STEP][PASSED] - delay(3): Delayed 3 second(s)

2019-11-06 03:46:26 - [MESSAGE][PASSED] - Delayed 3 second(s)

2019-11-06 03:46:26 - [TEST_STEP][PASSED] - click(findTestObject("Page_cabi Personal Store/makeFirstPayment")): Object: 'Object Repository/Page_cabi Personal Store/makeFirstPayment' is clicked on

2019-11-06 03:46:26 - [MESSAGE][PASSED] - Object: 'Object Repository/Page_cabi Personal Store/makeFirstPayment' is clicked on

2019-11-06 03:46:26 - [TEST_STEP][PASSED] - click(findTestObject("Object Repository/Page_cabi Personal Store/select_cash")): Object: 'Object Repository/Page_cabi Personal Store/select_cash' is clicked on

2019-11-06 03:46:26 - [MESSAGE][PASSED] - Object: 'Object Repository/Page_cabi Personal Store/select_cash' is clicked on

2019-11-06 03:46:26 - [TEST_STEP][PASSED] - click(findTestObject("Page_cabi Personal Store/submitPayment")): Object: 'Object Repository/Page_cabi Personal Store/submitPayment' is clicked on

2019-11-06 03:46:27 - [MESSAGE][PASSED] - Object: 'Object Repository/Page_cabi Personal Store/submitPayment' is clicked on

2019-11-06 03:46:27 - [TEST_STEP][PASSED] - click(findTestObject("Page_cabi Personal Store/submitOrderId")): Object: 'Object Repository/Page_cabi Personal Store/submitOrderId' is clicked on

2019-11-06 03:46:29 - [MESSAGE][PASSED] - Object: 'Object Repository/Page_cabi Personal Store/submitOrderId' is clicked on

2019-11-06 03:46:29 - [TEST_STEP][PASSED] - successMsg = "": null

2019-11-06 03:46:29 - [TEST_STEP][PASSED] - orderSuccess = false: null

2019-11-06 03:46:29 - [TEST_STEP][PASSED] - successMsgs = findWebElements(findTestObject("Object Repository/Page_cabi Personal Store/p_success_msg"), 5): null

2019-11-06 03:46:29 - [TEST_STEP][PASSED] - if (successMsgs.size() > 0): Text of object 'Object Repository/Page_cabi Personal Store/p_order_id' is: 'RT708481325'

2019-11-06 03:46:29 - [TEST_STEP][PASSED] - successMsg = getText(findTestObject("Object Repository/Page_cabi Personal Store/p_success_msg")): Text of object 'Object Repository/Page_cabi Personal Store/p_success_msg' is: 'Order Created Successfully!!
Order #:  RT708481325

CONTINUE SHOPPING'

2019-11-06 03:46:29 - [MESSAGE][PASSED] - Text of object 'Object Repository/Page_cabi Personal Store/p_success_msg' is: 'Order Created Successfully!!
Order #:  RT708481325

CONTINUE SHOPPING'

2019-11-06 03:46:29 - [TEST_STEP][PASSED] - orderSuccess = true: null

2019-11-06 03:46:29 - [TEST_STEP][PASSED] - retailOrderID = getText(findTestObject("Object Repository/Page_cabi Personal Store/p_order_id")): Text of object 'Object Repository/Page_cabi Personal Store/p_order_id' is: 'RT708481325'

2019-11-06 03:46:29 - [MESSAGE][PASSED] - Text of object 'Object Repository/Page_cabi Personal Store/p_order_id' is: 'RT708481325'

2019-11-06 03:46:29 - [TEST_STEP][PASSED] - assert orderSuccess == true: null

2019-11-06 03:46:29 - [TEST_STEP][NOT_RUN] - closeBrowser(): NOT_RUN: closeBrowser()

2019-11-06 03:46:29 - [MESSAGE][NOT_RUN] - NOT_RUN: closeBrowser()

2019-11-06 03:46:29 - [MESSAGE][PASSED] - Call Test Case 'Test Cases/EditOrder/retailOrderBO' successfully

2019-11-06 03:46:29 - [TEST_STEP][PASSED] - delay(10): Delayed 10 second(s)

2019-11-06 03:46:39 - [MESSAGE][PASSED] - Delayed 10 second(s)

2019-11-06 03:46:39 - [TEST_STEP][PASSED] - callTestCase(findTestCase("TestCaseUtilities/rsLogin"), ["RSURL":"", "RSuser":"", "RSpass":""], STOP_ON_FAILURE): Call Test Case 'Test Cases/TestCaseUtilities/rsLogin' successfully

2019-11-06 03:46:39 - [TEST_CASE][PASSED] - Test Cases/TestCaseUtilities/rsLogin: Test Cases/TestCaseUtilities/rsLogin

2019-11-06 03:46:39 - [TEST_STEP][PASSED] - dataFile = "micrositeData": null

2019-11-06 03:46:39 - [TEST_STEP][PASSED] - guest1Mail = findTestData(dataFile).getValue("guest1Mail", 1): null

2019-11-06 03:46:39 - [TEST_STEP][PASSED] - guest1Pass = findTestData(dataFile).getValue("guest1Pass", 1): null

2019-11-06 03:46:39 - [TEST_STEP][PASSED] - RSTestEnvt = findTestData("envtData").getValue("RSTestEnvt", 1): null

2019-11-06 03:46:39 - [TEST_STEP][PASSED] - openBrowser(""): Browser is opened with url: ''

2019-11-06 03:46:39 - [MESSAGE][WARNING] - A browser is already opened. Closing browser and opening a new one

2019-11-06 03:46:40 - [MESSAGE][INFO] - Starting 'Chrome' driver

2019-11-06 03:46:40 - [MESSAGE][INFO] - User set preference: ['args', '[--use-fake-ui-for-media-stream, --start-maximized]']

2019-11-06 03:46:42 - [MESSAGE][PASSED] - Browser is opened with url: ''

2019-11-06 03:46:42 - [TEST_STEP][PASSED] - callTestCase(findTestCase("TestCaseUtilities/setVHost"), [:], STOP_ON_FAILURE): Call Test Case 'Test Cases/TestCaseUtilities/setVHost' successfully

2019-11-06 03:46:42 - [TEST_CASE][PASSED] - Test Cases/TestCaseUtilities/setVHost: Test Cases/TestCaseUtilities/setVHost

2019-11-06 03:46:43 - [TEST_STEP][PASSED] - ofbizURL = findTestData("envtData").getValue("ofbizURL", 1): null

2019-11-06 03:46:43 - [TEST_STEP][PASSED] - ofbizUser = findTestData("credData").getValue("ofbizuser", 1): null

2019-11-06 03:46:43 - [TEST_STEP][PASSED] - ofbizPass = findTestData("credData").getValue("ofbizpass", 1): null

2019-11-06 03:46:43 - [TEST_STEP][PASSED] - vhostTarget = findTestData("envtData").getValue("vhostTarget", 1): null

2019-11-06 03:46:43 - [TEST_STEP][PASSED] - navigateToUrl(ofbizURL): Navigate to 'https://pushofbiz.cliotest.com/login.php' successfully

2019-11-06 03:46:44 - [MESSAGE][PASSED] - Navigate to 'https://pushofbiz.cliotest.com/login.php' successfully

2019-11-06 03:46:44 - [TEST_STEP][PASSED] - setText(findTestObject("Object Repository/virualShowRSVPOR/Page_/input_Username_username"), ofbizUser): Text 'automation' is set on object 'Object Repository/virualShowRSVPOR/Page_/input_Username_username'

2019-11-06 03:46:44 - [MESSAGE][PASSED] - Text 'automation' is set on object 'Object Repository/virualShowRSVPOR/Page_/input_Username_username'

2019-11-06 03:46:44 - [TEST_STEP][PASSED] - setText(findTestObject("Object Repository/virualShowRSVPOR/Page_/input_Password_password"), ofbizPass): Text 'cabiautomation' is set on object 'Object Repository/virualShowRSVPOR/Page_/input_Password_password'

2019-11-06 03:46:45 - [MESSAGE][PASSED] - Text 'cabiautomation' is set on object 'Object Repository/virualShowRSVPOR/Page_/input_Password_password'

2019-11-06 03:46:45 - [TEST_STEP][PASSED] - click(findTestObject("Object Repository/virualShowRSVPOR/Page_/input_Password_Submit")): Object: 'Object Repository/virualShowRSVPOR/Page_/input_Password_Submit' is clicked on

2019-11-06 03:46:49 - [MESSAGE][PASSED] - Object: 'Object Repository/virualShowRSVPOR/Page_/input_Password_Submit' is clicked on

2019-11-06 03:46:49 - [TEST_STEP][PASSED] - click(findTestObject("Object Repository/virualShowRSVPOR/Page_/a_Set Vhost")): Object: 'Object Repository/virualShowRSVPOR/Page_/a_Set Vhost' is clicked on

2019-11-06 03:46:49 - [MESSAGE][PASSED] - Object: 'Object Repository/virualShowRSVPOR/Page_/a_Set Vhost' is clicked on

2019-11-06 03:46:49 - [TEST_STEP][PASSED] - click(UtilityMethods.createTestObject("select_target", "//select[@name='Target']/option[contains(text(), '", vhostTarget, "')]")): Object: 'select_target' is clicked on

2019-11-06 03:46:50 - [MESSAGE][PASSED] - Object: 'select_target' is clicked on

2019-11-06 03:46:50 - [TEST_STEP][PASSED] - click(findTestObject("Object Repository/virualShowRSVPOR/Page_/input")): Object: 'Object Repository/virualShowRSVPOR/Page_/input' is clicked on

2019-11-06 03:46:51 - [MESSAGE][PASSED] - Object: 'Object Repository/virualShowRSVPOR/Page_/input' is clicked on

2019-11-06 03:46:51 - [MESSAGE][PASSED] - Call Test Case 'Test Cases/TestCaseUtilities/setVHost' successfully

2019-11-06 03:46:51 - [TEST_STEP][PASSED] - loginURL = UtilityMethods.concat("https://mirandakate.", RSTestEnvt, ".com/?component=account.login-gateway"): null

2019-11-06 03:46:51 - [TEST_STEP][PASSED] - navigateToUrl(loginURL): Navigate to 'https://mirandakate.cabitest5.com/?component=account.login-gateway' successfully

2019-11-06 03:47:09 - [MESSAGE][PASSED] - Navigate to 'https://mirandakate.cabitest5.com/?component=account.login-gateway' successfully

2019-11-06 03:47:09 - [TEST_STEP][PASSED] - delay(3): Delayed 3 second(s)

2019-11-06 03:47:12 - [MESSAGE][PASSED] - Delayed 3 second(s)

2019-11-06 03:47:12 - [TEST_STEP][PASSED] - setText(findTestObject("Object Repository/virualShowRSVPOR/Page_Show microsite/input_Sign in  Create account_email"), guest1Mail): Text 'guest1-test@test.com' is set on object 'Object Repository/virualShowRSVPOR/Page_Show microsite/input_Sign in  Create account_email'

2019-11-06 03:47:14 - [MESSAGE][PASSED] - Text 'guest1-test@test.com' is set on object 'Object Repository/virualShowRSVPOR/Page_Show microsite/input_Sign in  Create account_email'

2019-11-06 03:47:14 - [TEST_STEP][PASSED] - executeJavaScript("arguments[0].click()", Arrays.asList(findWebElement(findTestObject("Object Repository/virualShowRSVPOR/Page_Show microsite/button_Continue"), 30))): Execute JavaScript 'arguments[0].click()' successfully

2019-11-06 03:47:14 - [MESSAGE][PASSED] - Execute JavaScript 'arguments[0].click()' successfully

2019-11-06 03:47:14 - [TEST_STEP][PASSED] - setText(findTestObject("Object Repository/virualShowRSVPOR/Page_Show microsite/input_Welcome_password"), guest1Pass): Text 'blackdress19' is set on object 'Object Repository/virualShowRSVPOR/Page_Show microsite/input_Welcome_password'

2019-11-06 03:47:15 - [MESSAGE][PASSED] - Text 'blackdress19' is set on object 'Object Repository/virualShowRSVPOR/Page_Show microsite/input_Welcome_password'

2019-11-06 03:47:15 - [TEST_STEP][PASSED] - executeJavaScript("arguments[0].click()", Arrays.asList(findWebElement(findTestObject("Object Repository/virualShowRSVPOR/Page_Show microsite/button_Continue_pass"), 30))): Execute JavaScript 'arguments[0].click()' successfully

2019-11-06 03:47:15 - [MESSAGE][PASSED] - Execute JavaScript 'arguments[0].click()' successfully

2019-11-06 03:47:15 - [TEST_STEP][PASSED] - delay(5): Delayed 5 second(s)

2019-11-06 03:47:20 - [MESSAGE][PASSED] - Delayed 5 second(s)

2019-11-06 03:47:20 - [TEST_STEP][PASSED] - if (verifyElementPresent(findTestObject("Object Repository/virualShowRSVPOR/Page_Show microsite/complete_my_profile_later"), 0)): Execute JavaScript 'arguments[0].click()' successfully

2019-11-06 03:47:20 - [MESSAGE][WARNING] - Timeout '0' is invalid. Using default page load timeout: '30'

2019-11-06 03:47:20 - [MESSAGE][PASSED] - Object 'Object Repository/virualShowRSVPOR/Page_Show microsite/complete_my_profile_later' is present

2019-11-06 03:47:20 - [TEST_STEP][PASSED] - executeJavaScript("arguments[0].click()", Arrays.asList(findWebElement(findTestObject("Object Repository/virualShowRSVPOR/Page_Show microsite/div_Ill complete my profile later"), 30))): Execute JavaScript 'arguments[0].click()' successfully

2019-11-06 03:47:28 - [MESSAGE][PASSED] - Execute JavaScript 'arguments[0].click()' successfully

2019-11-06 03:47:28 - [MESSAGE][PASSED] - Call Test Case 'Test Cases/TestCaseUtilities/rsLogin' successfully

2019-11-06 03:47:28 - [TEST_STEP][PASSED] - callTestCase(findTestCase("EditOrder/rsOrderHistoryConfirm"), ["orderID":"", "editScenarioNumber":4], STOP_ON_FAILURE): Call Test Case 'Test Cases/EditOrder/rsOrderHistoryConfirm' successfully

2019-11-06 03:47:28 - [TEST_CASE][PASSED] - Test Cases/EditOrder/rsOrderHistoryConfirm: Test Cases/EditOrder/rsOrderHistoryConfirm

2019-11-06 03:47:28 - [TEST_STEP][PASSED] - driver = getWebDriver(): null

2019-11-06 03:47:28 - [TEST_STEP][PASSED] - executor = driver: null

2019-11-06 03:47:28 - [TEST_STEP][PASSED] - orderID = retailOrderID: null

2019-11-06 03:47:28 - [TEST_STEP][PASSED] - println(orderID): null

2019-11-06 03:47:28 - [TEST_STEP][PASSED] - xpath = UtilityMethods.concat("//span[contains(text(), '", orderID, "')]/parent::div/parent::div/div[@class='table-row-edit-order']//a"): null

2019-11-06 03:47:28 - [TEST_STEP][PASSED] - to = new com.kms.katalon.core.testobject.TestObject(a_link_dynamic): null

2019-11-06 03:47:28 - [TEST_STEP][PASSED] - to.addProperty("xpath", EQUALS, xpath): null

2019-11-06 03:47:28 - [TEST_STEP][PASSED] - click(findTestObject("ReplicatedSite/rs_Page_Trendy/i_Michigan_fa fa-caret-down")): Object: 'Object Repository/ReplicatedSite/rs_Page_Trendy/i_Michigan_fa fa-caret-down' is clicked on

2019-11-06 03:47:28 - [MESSAGE][PASSED] - Object: 'Object Repository/ReplicatedSite/rs_Page_Trendy/i_Michigan_fa fa-caret-down' is clicked on

2019-11-06 03:47:28 - [TEST_STEP][PASSED] - click(findTestObject("ReplicatedSite/rs_Page_Trendy/a_My Profile")): Object: 'Object Repository/ReplicatedSite/rs_Page_Trendy/a_My Profile' is clicked on

2019-11-06 03:47:42 - [MESSAGE][PASSED] - Object: 'Object Repository/ReplicatedSite/rs_Page_Trendy/a_My Profile' is clicked on

2019-11-06 03:47:42 - [TEST_STEP][PASSED] - click(findTestObject("Object Repository/ReplicatedSite/Page_Profile - Cabi Fall 2018 Collection/span_Order History")): Object: 'Object Repository/ReplicatedSite/Page_Profile - Cabi Fall 2018 Collection/span_Order History' is clicked on

2019-11-06 03:47:42 - [MESSAGE][PASSED] - Object: 'Object Repository/ReplicatedSite/Page_Profile - Cabi Fall 2018 Collection/span_Order History' is clicked on

2019-11-06 03:47:42 - [TEST_STEP][PASSED] - delay(5): Delayed 5 second(s)

2019-11-06 03:47:47 - [MESSAGE][PASSED] - Delayed 5 second(s)

2019-11-06 03:47:47 - [TEST_STEP][PASSED] - editButton = findWebElements(to, 1): null

2019-11-06 03:47:47 - [TEST_STEP][PASSED] - assert editButton.size() > 0: null

2019-11-06 03:47:48 - [TEST_STEP][PASSED] - if (editButton.size() > 0): null

2019-11-06 03:47:48 - [TEST_STEP][PASSED] - click(to): Object: 'a_link_dynamic' is clicked on

2019-11-06 03:47:48 - [MESSAGE][PASSED] - Object: 'a_link_dynamic' is clicked on

2019-11-06 03:47:48 - [TEST_STEP][PASSED] - delay(10): Delayed 10 second(s)

2019-11-06 03:47:58 - [MESSAGE][PASSED] - Delayed 10 second(s)

2019-11-06 03:47:58 - [TEST_STEP][PASSED] - if (editScenarioNumber == 1): null

2019-11-06 03:47:58 - [TEST_STEP][PASSED] - else if (editScenarioNumber == 3): null

2019-11-06 03:47:58 - [TEST_STEP][PASSED] - else if (editScenarioNumber == 4): null

2019-11-06 03:47:58 - [TEST_STEP][PASSED] - println("scen = 4"): null

2019-11-06 03:47:58 - [TEST_STEP][PASSED] - donationRemoveButton = findWebElements(findTestObject("Object Repository/ReplicatedSite/a_donation_cannot_remove"), 5): Unable to find the element located by 'By.xpath: //p[contains(text(), 'Heart of cabi Foundation')]/parent::div/parent::div/div[@class='shop-td options']/p/a[contains(text(), ' Remove')]'. Please recheck the objects properties to make sure the desired element is located. 

2019-11-06 03:48:03 - [MESSAGE][INFO] - Unable to find the element located by 'By.xpath: //p[contains(text(), 'Heart of cabi Foundation')]/parent::div/parent::div/div[@class='shop-td options']/p/a[contains(text(), ' Remove')]'. Please recheck the objects properties to make sure the desired element is located. 

2019-11-06 03:48:03 - [TEST_STEP][PASSED] - assert donationRemoveButton.size() == 0: null

2019-11-06 03:48:03 - [MESSAGE][PASSED] - Call Test Case 'Test Cases/EditOrder/rsOrderHistoryConfirm' successfully]]></system-out>
         <system-err><![CDATA[]]></system-err>
      </testcase>
      <testcase name="Test Cases/EditOrder-V/rsEditOrderGiftCard" classname="Test Cases/EditOrder-V/rsEditOrderGiftCard" status="PASSED">
         <system-out><![CDATA[2019-11-06 03:48:03 - [TEST_CASE][PASSED] - Test Cases/EditOrder-V/rsEditOrderGiftCard: Test Cases/EditOrder-V/rsEditOrderGiftCard

2019-11-06 03:48:03 - [TEST_STEP][PASSED] - Start listener action : sampleBeforeTestCase: null

2019-11-06 03:48:03 - [TEST_STEP][PASSED] - println(testCaseContext.getTestCaseId()): null

2019-11-06 03:48:03 - [TEST_STEP][PASSED] - println(testCaseContext.getTestCaseVariables()): null

2019-11-06 03:48:04 - [TEST_STEP][PASSED] - callTestCase(findTestCase("EditOrder/retailOrderBO"), ["editScenarioNumber":3], STOP_ON_FAILURE): Call Test Case 'Test Cases/EditOrder/retailOrderBO' successfully

2019-11-06 03:48:04 - [TEST_CASE][PASSED] - Test Cases/EditOrder/retailOrderBO: Test Cases/EditOrder/retailOrderBO

2019-11-06 03:48:04 - [TEST_STEP][PASSED] - openBrowser(""): Browser is opened with url: ''

2019-11-06 03:48:04 - [MESSAGE][WARNING] - A browser is already opened. Closing browser and opening a new one

2019-11-06 03:48:04 - [MESSAGE][INFO] - Starting 'Chrome' driver

2019-11-06 03:48:04 - [MESSAGE][INFO] - User set preference: ['args', '[--use-fake-ui-for-media-stream, --start-maximized]']

2019-11-06 03:48:07 - [MESSAGE][PASSED] - Browser is opened with url: ''

2019-11-06 03:48:07 - [TEST_STEP][PASSED] - callTestCase(findTestCase("TestCaseUtilities/backOfficeLogin"), ["BOURL":"", "BOuser":"", "BOpass":""], STOP_ON_FAILURE): Call Test Case 'Test Cases/TestCaseUtilities/backOfficeLogin' successfully

2019-11-06 03:48:07 - [TEST_CASE][PASSED] - Test Cases/TestCaseUtilities/backOfficeLogin: Test Cases/TestCaseUtilities/backOfficeLogin

2019-11-06 03:48:07 - [TEST_STEP][PASSED] - BOURL = findTestData("envtData").getValue("BOURL", 1): null

2019-11-06 03:48:07 - [TEST_STEP][PASSED] - BOuser = findTestData("credData").getValue("BOuser", 1): null

2019-11-06 03:48:07 - [TEST_STEP][PASSED] - BOpass = findTestData("credData").getValue("BOpass", 1): null

2019-11-06 03:48:07 - [TEST_STEP][PASSED] - openBrowser(""): Browser is opened with url: ''

2019-11-06 03:48:07 - [MESSAGE][WARNING] - A browser is already opened. Closing browser and opening a new one

2019-11-06 03:48:07 - [MESSAGE][INFO] - Starting 'Chrome' driver

2019-11-06 03:48:07 - [MESSAGE][INFO] - User set preference: ['args', '[--use-fake-ui-for-media-stream, --start-maximized]']

2019-11-06 03:48:10 - [MESSAGE][PASSED] - Browser is opened with url: ''

2019-11-06 03:48:10 - [TEST_STEP][PASSED] - navigateToUrl(BOURL): Navigate to 'https://test18.cliotest.com/backoffice/control/main' successfully

2019-11-06 03:48:16 - [MESSAGE][PASSED] - Navigate to 'https://test18.cliotest.com/backoffice/control/main' successfully

2019-11-06 03:48:16 - [TEST_STEP][PASSED] - logOut = findWebElements(findTestObject("Object Repository/Page_cabi Home/log_out"), 1): Unable to find the element located by 'By.xpath: //a[contains(text(),'Log Out')]'. Please recheck the objects properties to make sure the desired element is located. 

2019-11-06 03:48:17 - [MESSAGE][INFO] - Unable to find the element located by 'By.xpath: //a[contains(text(),'Log Out')]'. Please recheck the objects properties to make sure the desired element is located. 

2019-11-06 03:48:17 - [TEST_STEP][PASSED] - if (logOut.size() == 0): Object: 'Object Repository/Page_cabi/input_Welcome to_consultantLogin' is clicked on

2019-11-06 03:48:17 - [TEST_STEP][PASSED] - setText(findTestObject("Page_cabi/input_Welcome to_USERNAME"), BOuser): Text '400000002' is set on object 'Object Repository/Page_cabi/input_Welcome to_USERNAME'

2019-11-06 03:48:17 - [MESSAGE][PASSED] - Text '400000002' is set on object 'Object Repository/Page_cabi/input_Welcome to_USERNAME'

2019-11-06 03:48:17 - [TEST_STEP][PASSED] - setText(findTestObject("Object Repository/Page_cabi/input_Welcome to_PASSWORD"), BOpass): Text 'blackdress19' is set on object 'Object Repository/Page_cabi/input_Welcome to_PASSWORD'

2019-11-06 03:48:17 - [MESSAGE][PASSED] - Text 'blackdress19' is set on object 'Object Repository/Page_cabi/input_Welcome to_PASSWORD'

2019-11-06 03:48:17 - [TEST_STEP][PASSED] - click(findTestObject("Object Repository/Page_cabi/input_Welcome to_consultantLogin")): Object: 'Object Repository/Page_cabi/input_Welcome to_consultantLogin' is clicked on

2019-11-06 03:48:26 - [MESSAGE][PASSED] - Object: 'Object Repository/Page_cabi/input_Welcome to_consultantLogin' is clicked on

2019-11-06 03:48:26 - [TEST_STEP][PASSED] - delay(3): Delayed 3 second(s)

2019-11-06 03:48:29 - [MESSAGE][PASSED] - Delayed 3 second(s)

2019-11-06 03:48:29 - [MESSAGE][PASSED] - Call Test Case 'Test Cases/TestCaseUtilities/backOfficeLogin' successfully

2019-11-06 03:48:29 - [TEST_STEP][PASSED] - click(findTestObject("Object Repository/Page_cabi Home/a_Shows  Orders")): Object: 'Object Repository/Page_cabi Home/a_Shows  Orders' is clicked on

2019-11-06 03:48:29 - [MESSAGE][PASSED] - Object: 'Object Repository/Page_cabi Home/a_Shows  Orders' is clicked on

2019-11-06 03:48:29 - [TEST_STEP][PASSED] - delay(1): Delayed 1 second(s)

2019-11-06 03:48:30 - [MESSAGE][PASSED] - Delayed 1 second(s)

2019-11-06 03:48:30 - [TEST_STEP][PASSED] - click(findTestObject("Page_cabi Home/a_Shows  Orders")): Object: 'Object Repository/Page_cabi Home/a_Shows  Orders' is clicked on

2019-11-06 03:48:30 - [MESSAGE][PASSED] - Object: 'Object Repository/Page_cabi Home/a_Shows  Orders' is clicked on

2019-11-06 03:48:30 - [TEST_STEP][PASSED] - click(findTestObject("Page_cabi Home/a_retail_purchases")): Object: 'Object Repository/Page_cabi Home/a_retail_purchases' is clicked on

2019-11-06 03:48:35 - [MESSAGE][PASSED] - Object: 'Object Repository/Page_cabi Home/a_retail_purchases' is clicked on

2019-11-06 03:48:35 - [TEST_STEP][PASSED] - delay(3): Delayed 3 second(s)

2019-11-06 03:48:38 - [MESSAGE][PASSED] - Delayed 3 second(s)

2019-11-06 03:48:38 - [TEST_STEP][PASSED] - click(findTestObject("Object Repository/Page_cabi Home/existingCustomer")): Object: 'Object Repository/Page_cabi Home/existingCustomer' is clicked on

2019-11-06 03:48:38 - [MESSAGE][PASSED] - Object: 'Object Repository/Page_cabi Home/existingCustomer' is clicked on

2019-11-06 03:48:38 - [TEST_STEP][PASSED] - contactNumber = 3: null

2019-11-06 03:48:38 - [TEST_STEP][PASSED] - firstName = findTestData("contactData").getValue("firstName", contactNumber): null

2019-11-06 03:48:38 - [TEST_STEP][PASSED] - lastName = findTestData("contactData").getValue("lastName", contactNumber): null

2019-11-06 03:48:38 - [TEST_STEP][PASSED] - email = findTestData("contactData").getValue("email", contactNumber): null

2019-11-06 03:48:38 - [TEST_STEP][PASSED] - address1 = findTestData("contactData").getValue("address1", contactNumber): null

2019-11-06 03:48:38 - [TEST_STEP][PASSED] - city = findTestData("contactData").getValue("city", contactNumber): null

2019-11-06 03:48:38 - [TEST_STEP][PASSED] - state = findTestData("contactData").getValue("state", contactNumber): null

2019-11-06 03:48:38 - [TEST_STEP][PASSED] - zip = findTestData("contactData").getValue("zip", contactNumber): null

2019-11-06 03:48:38 - [TEST_STEP][PASSED] - existingCustFName = firstName: null

2019-11-06 03:48:38 - [TEST_STEP][PASSED] - existingCustLName = lastName: null

2019-11-06 03:48:38 - [TEST_STEP][PASSED] - space = " ": null

2019-11-06 03:48:38 - [TEST_STEP][PASSED] - existingCust = $existingCustFName$space$existingCustLName: null

2019-11-06 03:48:38 - [TEST_STEP][PASSED] - setText(findTestObject("Object Repository/Page_cabi Home/input_existing_guest"), existingCust): Text 'guest1-test abc' is set on object 'Object Repository/Page_cabi Home/input_existing_guest'

2019-11-06 03:48:39 - [MESSAGE][PASSED] - Text 'guest1-test abc' is set on object 'Object Repository/Page_cabi Home/input_existing_guest'

2019-11-06 03:48:39 - [TEST_STEP][PASSED] - delay(2): Delayed 2 second(s)

2019-11-06 03:48:41 - [MESSAGE][PASSED] - Delayed 2 second(s)

2019-11-06 03:48:41 - [TEST_STEP][PASSED] - sendKeys(findTestObject("Object Repository/Page_cabi Home/input_existing_guest"), Keys.chord(ARROW_DOWN)): Keys 'DOWN + ' sent to object: 'Object Repository/Page_cabi Home/input_existing_guest'

2019-11-06 03:48:41 - [MESSAGE][PASSED] - Keys 'DOWN + ' sent to object: 'Object Repository/Page_cabi Home/input_existing_guest'

2019-11-06 03:48:41 - [TEST_STEP][PASSED] - sendKeys(findTestObject("Object Repository/Page_cabi Home/input_existing_guest"), Keys.chord(ENTER)): Keys 'ENTER + ' sent to object: 'Object Repository/Page_cabi Home/input_existing_guest'

2019-11-06 03:48:42 - [MESSAGE][PASSED] - Keys 'ENTER + ' sent to object: 'Object Repository/Page_cabi Home/input_existing_guest'

2019-11-06 03:48:42 - [TEST_STEP][PASSED] - setText(findTestObject("Object Repository/Page_cabi Retail Store/input_email"), email): Text 'guest1-test@test.com' is set on object 'Object Repository/Page_cabi Retail Store/input_email'

2019-11-06 03:48:42 - [MESSAGE][PASSED] - Text 'guest1-test@test.com' is set on object 'Object Repository/Page_cabi Retail Store/input_email'

2019-11-06 03:48:42 - [TEST_STEP][PASSED] - setText(findTestObject("Object Repository/Page_cabi Edit Customer Profile/input_Address1_address1"), address1): Text '974 BRAHMS CT' is set on object 'Object Repository/Page_cabi Edit Customer Profile/input_Address1_address1'

2019-11-06 03:48:43 - [MESSAGE][PASSED] - Text '974 BRAHMS CT' is set on object 'Object Repository/Page_cabi Edit Customer Profile/input_Address1_address1'

2019-11-06 03:48:43 - [TEST_STEP][PASSED] - setText(findTestObject("Object Repository/Page_cabi Edit Customer Profile/input_Address2_address2"), ""): Text '' is set on object 'Object Repository/Page_cabi Edit Customer Profile/input_Address2_address2'

2019-11-06 03:48:43 - [MESSAGE][PASSED] - Text '' is set on object 'Object Repository/Page_cabi Edit Customer Profile/input_Address2_address2'

2019-11-06 03:48:43 - [TEST_STEP][PASSED] - setText(findTestObject("Object Repository/Page_cabi Edit Customer Profile/input_City_city"), city): Text 'TROY' is set on object 'Object Repository/Page_cabi Edit Customer Profile/input_City_city'

2019-11-06 03:48:43 - [MESSAGE][PASSED] - Text 'TROY' is set on object 'Object Repository/Page_cabi Edit Customer Profile/input_City_city'

2019-11-06 03:48:43 - [TEST_STEP][PASSED] - click(findTestObject("Page_cabi Edit Customer Profile/span_select_a_state")): Object: 'Object Repository/Page_cabi Edit Customer Profile/span_select_a_state' is clicked on

2019-11-06 03:48:43 - [MESSAGE][PASSED] - Object: 'Object Repository/Page_cabi Edit Customer Profile/span_select_a_state' is clicked on

2019-11-06 03:48:43 - [TEST_STEP][PASSED] - delay(1): Delayed 1 second(s)

2019-11-06 03:48:44 - [MESSAGE][PASSED] - Delayed 1 second(s)

2019-11-06 03:48:44 - [TEST_STEP][PASSED] - setText(findTestObject("Page_cabi Edit Customer Profile/input_state_postalCode"), zip): Text '48085' is set on object 'Object Repository/Page_cabi Edit Customer Profile/input_state_postalCode'

2019-11-06 03:48:44 - [MESSAGE][PASSED] - Text '48085' is set on object 'Object Repository/Page_cabi Edit Customer Profile/input_state_postalCode'

2019-11-06 03:48:44 - [TEST_STEP][PASSED] - delay(5): Delayed 5 second(s)

2019-11-06 03:48:49 - [MESSAGE][PASSED] - Delayed 5 second(s)

2019-11-06 03:48:49 - [TEST_STEP][PASSED] - check(findTestObject("Object Repository/Page_cabi Home/a_same_shipping_address")): Object 'Object Repository/Page_cabi Home/a_same_shipping_address' is checked

2019-11-06 03:48:50 - [MESSAGE][PASSED] - Object 'Object Repository/Page_cabi Home/a_same_shipping_address' is checked

2019-11-06 03:48:50 - [TEST_STEP][PASSED] - delay(5): Delayed 5 second(s)

2019-11-06 03:48:55 - [MESSAGE][PASSED] - Delayed 5 second(s)

2019-11-06 03:48:55 - [TEST_STEP][PASSED] - check(findTestObject("Object Repository/Page_cabi Home/a_same_shipping_address")): Object 'Object Repository/Page_cabi Home/a_same_shipping_address' is checked

2019-11-06 03:48:55 - [MESSAGE][PASSED] - Object 'Object Repository/Page_cabi Home/a_same_shipping_address' is checked

2019-11-06 03:48:55 - [TEST_STEP][PASSED] - delay(5): Delayed 5 second(s)

2019-11-06 03:49:00 - [MESSAGE][PASSED] - Delayed 5 second(s)

2019-11-06 03:49:00 - [TEST_STEP][PASSED] - driver = getWebDriver(): null

2019-11-06 03:49:00 - [TEST_STEP][PASSED] - executor = driver: null

2019-11-06 03:49:00 - [TEST_STEP][PASSED] - executor.executeScript("arguments[0].click();", findWebElement(findTestObject("Object Repository/Page_cabi Home/a_order_items"), 5)): null

2019-11-06 03:49:00 - [TEST_STEP][PASSED] - delay(3): Delayed 3 second(s)

2019-11-06 03:49:03 - [MESSAGE][PASSED] - Delayed 3 second(s)

2019-11-06 03:49:03 - [TEST_STEP][PASSED] - click(findTestObject("Object Repository/Page_cabi Retail Store/span_quick_entry")): Object: 'Object Repository/Page_cabi Retail Store/span_quick_entry' is clicked on

2019-11-06 03:49:07 - [MESSAGE][PASSED] - Object: 'Object Repository/Page_cabi Retail Store/span_quick_entry' is clicked on

2019-11-06 03:49:07 - [TEST_STEP][PASSED] - delay(3): Delayed 3 second(s)

2019-11-06 03:49:10 - [MESSAGE][PASSED] - Delayed 3 second(s)

2019-11-06 03:49:10 - [TEST_STEP][PASSED] - emptyCart = findWebElements(findTestObject("Object Repository/Page_cabi Personal Store/removeFromCart"), 5): Unable to find the element located by 'By.xpath: //*[@id="removeFromCart_0"]/span'. Please recheck the objects properties to make sure the desired element is located. 

2019-11-06 03:49:15 - [MESSAGE][INFO] - Unable to find the element located by 'By.xpath: //*[@id="removeFromCart_0"]/span'. Please recheck the objects properties to make sure the desired element is located. 

2019-11-06 03:49:15 - [TEST_STEP][PASSED] - if (emptyCart.size() > 0): null

2019-11-06 03:49:15 - [TEST_STEP][PASSED] - addOnStyle = findTestData("miscData").getValue("addOnStyle", 1): null

2019-11-06 03:49:15 - [TEST_STEP][PASSED] - addOnStyle2 = findTestData("miscData").getValue("addOnStyle", 2): null

2019-11-06 03:49:15 - [TEST_STEP][PASSED] - setText(findTestObject("Object Repository/Page_cabi Create Order/input_Manual Discount_stylelookup_0"), addOnStyle): Text '3701' is set on object 'Object Repository/Page_cabi Create Order/input_Manual Discount_stylelookup_0'

2019-11-06 03:49:15 - [MESSAGE][PASSED] - Text '3701' is set on object 'Object Repository/Page_cabi Create Order/input_Manual Discount_stylelookup_0'

2019-11-06 03:49:15 - [TEST_STEP][PASSED] - delay(2): Delayed 2 second(s)

2019-11-06 03:49:17 - [MESSAGE][PASSED] - Delayed 2 second(s)

2019-11-06 03:49:17 - [TEST_STEP][PASSED] - sendKeys(findTestObject("Object Repository/Page_cabi Create Order/input_Manual Discount_stylelookup_0"), Keys.chord(ARROW_DOWN)): Keys 'DOWN + ' sent to object: 'Object Repository/Page_cabi Create Order/input_Manual Discount_stylelookup_0'

2019-11-06 03:49:17 - [MESSAGE][PASSED] - Keys 'DOWN + ' sent to object: 'Object Repository/Page_cabi Create Order/input_Manual Discount_stylelookup_0'

2019-11-06 03:49:17 - [TEST_STEP][PASSED] - delay(2): Delayed 2 second(s)

2019-11-06 03:49:19 - [MESSAGE][PASSED] - Delayed 2 second(s)

2019-11-06 03:49:19 - [TEST_STEP][PASSED] - sendKeys(findTestObject("Object Repository/Page_cabi Create Order/input_Manual Discount_stylelookup_0"), Keys.chord(ARROW_DOWN)): Keys 'DOWN + ' sent to object: 'Object Repository/Page_cabi Create Order/input_Manual Discount_stylelookup_0'

2019-11-06 03:49:19 - [MESSAGE][PASSED] - Keys 'DOWN + ' sent to object: 'Object Repository/Page_cabi Create Order/input_Manual Discount_stylelookup_0'

2019-11-06 03:49:19 - [TEST_STEP][PASSED] - sendKeys(findTestObject("Object Repository/Page_cabi Create Order/input_Manual Discount_stylelookup_0"), Keys.chord(ENTER)): Keys 'ENTER + ' sent to object: 'Object Repository/Page_cabi Create Order/input_Manual Discount_stylelookup_0'

2019-11-06 03:49:19 - [MESSAGE][PASSED] - Keys 'ENTER + ' sent to object: 'Object Repository/Page_cabi Create Order/input_Manual Discount_stylelookup_0'

2019-11-06 03:49:19 - [TEST_STEP][PASSED] - delay(5): Delayed 5 second(s)

2019-11-06 03:49:24 - [MESSAGE][PASSED] - Delayed 5 second(s)

2019-11-06 03:49:24 - [TEST_STEP][PASSED] - click(findTestObject("Object Repository/Page_cabi Order Items/selectSize")): Object: 'Object Repository/Page_cabi Order Items/selectSize' is clicked on

2019-11-06 03:49:24 - [MESSAGE][PASSED] - Object: 'Object Repository/Page_cabi Order Items/selectSize' is clicked on

2019-11-06 03:49:24 - [TEST_STEP][PASSED] - delay(3): Delayed 3 second(s)

2019-11-06 03:49:27 - [MESSAGE][PASSED] - Delayed 3 second(s)

2019-11-06 03:49:27 - [TEST_STEP][PASSED] - click(findTestObject("Object Repository/Page_cabi Order Items/span_Add to Cart")): Object: 'Object Repository/Page_cabi Order Items/span_Add to Cart' is clicked on

2019-11-06 03:49:28 - [MESSAGE][PASSED] - Object: 'Object Repository/Page_cabi Order Items/span_Add to Cart' is clicked on

2019-11-06 03:49:28 - [TEST_STEP][PASSED] - delay(5): Delayed 5 second(s)

2019-11-06 03:49:33 - [MESSAGE][PASSED] - Delayed 5 second(s)

2019-11-06 03:49:33 - [TEST_STEP][PASSED] - click(findTestObject("Object Repository/Page_cabi Create Order/inputStyleLookup1")): Object: 'Object Repository/Page_cabi Create Order/inputStyleLookup1' is clicked on

2019-11-06 03:49:33 - [MESSAGE][PASSED] - Object: 'Object Repository/Page_cabi Create Order/inputStyleLookup1' is clicked on

2019-11-06 03:49:33 - [TEST_STEP][PASSED] - setText(findTestObject("Object Repository/Page_cabi Create Order/inputStyleLookup1"), addOnStyle2): Text '3703' is set on object 'Object Repository/Page_cabi Create Order/inputStyleLookup1'

2019-11-06 03:49:33 - [MESSAGE][PASSED] - Text '3703' is set on object 'Object Repository/Page_cabi Create Order/inputStyleLookup1'

2019-11-06 03:49:33 - [TEST_STEP][PASSED] - delay(3): Delayed 3 second(s)

2019-11-06 03:49:36 - [MESSAGE][PASSED] - Delayed 3 second(s)

2019-11-06 03:49:36 - [TEST_STEP][PASSED] - prod_message2 = getText(findTestObject("Page_cabi Create Order/first_option")): Text of object 'Object Repository/Page_cabi Create Order/first_option' is: '3703 Turn Back Cardigan'

2019-11-06 03:49:36 - [MESSAGE][PASSED] - Text of object 'Object Repository/Page_cabi Create Order/first_option' is: '3703 Turn Back Cardigan'

2019-11-06 03:49:36 - [TEST_STEP][PASSED] - click(findTestObject("Page_cabi Create Order/first_option")): Object: 'Object Repository/Page_cabi Create Order/first_option' is clicked on

2019-11-06 03:49:36 - [MESSAGE][PASSED] - Object: 'Object Repository/Page_cabi Create Order/first_option' is clicked on

2019-11-06 03:49:36 - [TEST_STEP][PASSED] - delay(5): Delayed 5 second(s)

2019-11-06 03:49:41 - [MESSAGE][PASSED] - Delayed 5 second(s)

2019-11-06 03:49:41 - [TEST_STEP][PASSED] - click(findTestObject("Object Repository/Page_cabi Order Items/selectSize2")): Object: 'Object Repository/Page_cabi Order Items/selectSize2' is clicked on

2019-11-06 03:49:41 - [MESSAGE][PASSED] - Object: 'Object Repository/Page_cabi Order Items/selectSize2' is clicked on

2019-11-06 03:49:41 - [TEST_STEP][PASSED] - delay(3): Delayed 3 second(s)

2019-11-06 03:49:44 - [MESSAGE][PASSED] - Delayed 3 second(s)

2019-11-06 03:49:44 - [TEST_STEP][PASSED] - click(findTestObject("Object Repository/Page_cabi Order Items/addToCart2")): Object: 'Object Repository/Page_cabi Order Items/addToCart2' is clicked on

2019-11-06 03:49:44 - [MESSAGE][PASSED] - Object: 'Object Repository/Page_cabi Order Items/addToCart2' is clicked on

2019-11-06 03:49:44 - [TEST_STEP][PASSED] - delay(5): Delayed 5 second(s)

2019-11-06 03:49:49 - [MESSAGE][PASSED] - Delayed 5 second(s)

2019-11-06 03:49:49 - [TEST_STEP][PASSED] - if (editScenarioNumber == 1): null

2019-11-06 03:49:49 - [TEST_STEP][PASSED] - else if (editScenarioNumber == 2): null

2019-11-06 03:49:49 - [TEST_STEP][PASSED] - else if (editScenarioNumber == 3): Object: 'Object Repository/Page_cabi Order Items/a_submit' is clicked on

2019-11-06 03:49:49 - [TEST_STEP][PASSED] - click(findTestObject("Object Repository/Page_cabi Retail Store/span_gift_card")): Object: 'Object Repository/Page_cabi Retail Store/span_gift_card' is clicked on

2019-11-06 03:49:50 - [MESSAGE][PASSED] - Object: 'Object Repository/Page_cabi Retail Store/span_gift_card' is clicked on

2019-11-06 03:49:50 - [TEST_STEP][PASSED] - delay(5): Delayed 5 second(s)

2019-11-06 03:49:55 - [MESSAGE][PASSED] - Delayed 5 second(s)

2019-11-06 03:49:55 - [TEST_STEP][PASSED] - click(findTestObject("Page_cabi Order Items/select_gc_amount")): Object: 'Object Repository/Page_cabi Order Items/select_gc_amount' is clicked on

2019-11-06 03:49:56 - [MESSAGE][PASSED] - Object: 'Object Repository/Page_cabi Order Items/select_gc_amount' is clicked on

2019-11-06 03:49:56 - [TEST_STEP][PASSED] - click(findTestObject("Object Repository/Page_cabi Order Items/select_delivery_method")): Object: 'Object Repository/Page_cabi Order Items/select_delivery_method' is clicked on

2019-11-06 03:49:56 - [MESSAGE][PASSED] - Object: 'Object Repository/Page_cabi Order Items/select_delivery_method' is clicked on

2019-11-06 03:49:56 - [TEST_STEP][PASSED] - click(findTestObject("Object Repository/Page_cabi Order Items/input_gc_type")): Object: 'Object Repository/Page_cabi Order Items/input_gc_type' is clicked on

2019-11-06 03:49:57 - [MESSAGE][PASSED] - Object: 'Object Repository/Page_cabi Order Items/input_gc_type' is clicked on

2019-11-06 03:49:57 - [TEST_STEP][PASSED] - recContactNumber = 3: null

2019-11-06 03:49:57 - [TEST_STEP][PASSED] - recFName = findTestData("contactData").getValue("firstName", recContactNumber): null

2019-11-06 03:49:57 - [TEST_STEP][PASSED] - recLName = findTestData("contactData").getValue("lastName", recContactNumber): null

2019-11-06 03:49:57 - [TEST_STEP][PASSED] - recEmail = findTestData("contactData").getValue("email", recContactNumber): null

2019-11-06 03:49:57 - [TEST_STEP][PASSED] - setText(findTestObject("Object Repository/Page_cabi Order Items/input_gc_rec_fname"), recFName): Text 'guest1-test' is set on object 'Object Repository/Page_cabi Order Items/input_gc_rec_fname'

2019-11-06 03:49:57 - [MESSAGE][PASSED] - Text 'guest1-test' is set on object 'Object Repository/Page_cabi Order Items/input_gc_rec_fname'

2019-11-06 03:49:57 - [TEST_STEP][PASSED] - setText(findTestObject("Object Repository/Page_cabi Order Items/input_gc_rec_lname"), recLName): Text 'abc' is set on object 'Object Repository/Page_cabi Order Items/input_gc_rec_lname'

2019-11-06 03:49:57 - [MESSAGE][PASSED] - Text 'abc' is set on object 'Object Repository/Page_cabi Order Items/input_gc_rec_lname'

2019-11-06 03:49:57 - [TEST_STEP][PASSED] - setText(findTestObject("Object Repository/Page_cabi Order Items/input_gc_rec_email"), recEmail): Text 'guest1-test@test.com' is set on object 'Object Repository/Page_cabi Order Items/input_gc_rec_email'

2019-11-06 03:49:58 - [MESSAGE][PASSED] - Text 'guest1-test@test.com' is set on object 'Object Repository/Page_cabi Order Items/input_gc_rec_email'

2019-11-06 03:49:58 - [TEST_STEP][PASSED] - setText(findTestObject("Object Repository/Page_cabi Order Items/input_gc_send_fname"), firstName): Text 'guest1-test' is set on object 'Object Repository/Page_cabi Order Items/input_gc_send_fname'

2019-11-06 03:49:58 - [MESSAGE][PASSED] - Text 'guest1-test' is set on object 'Object Repository/Page_cabi Order Items/input_gc_send_fname'

2019-11-06 03:49:58 - [TEST_STEP][PASSED] - setText(findTestObject("Object Repository/Page_cabi Order Items/input_gc_send_lname"), lastName): Text 'abc' is set on object 'Object Repository/Page_cabi Order Items/input_gc_send_lname'

2019-11-06 03:49:58 - [MESSAGE][PASSED] - Text 'abc' is set on object 'Object Repository/Page_cabi Order Items/input_gc_send_lname'

2019-11-06 03:49:58 - [TEST_STEP][PASSED] - setText(findTestObject("Object Repository/Page_cabi Order Items/input_gc_send_email"), email): Text 'guest1-test@test.com' is set on object 'Object Repository/Page_cabi Order Items/input_gc_send_email'

2019-11-06 03:49:58 - [MESSAGE][PASSED] - Text 'guest1-test@test.com' is set on object 'Object Repository/Page_cabi Order Items/input_gc_send_email'

2019-11-06 03:49:58 - [TEST_STEP][PASSED] - click(findTestObject("Object Repository/Page_cabi Order Items/a_submit")): Object: 'Object Repository/Page_cabi Order Items/a_submit' is clicked on

2019-11-06 03:49:59 - [MESSAGE][PASSED] - Object: 'Object Repository/Page_cabi Order Items/a_submit' is clicked on

2019-11-06 03:49:59 - [TEST_STEP][PASSED] - click(findTestObject("Object Repository/Page_cabi Order Items/a_checkout")): Object: 'Object Repository/Page_cabi Order Items/a_checkout' is clicked on

2019-11-06 03:49:59 - [MESSAGE][PASSED] - Object: 'Object Repository/Page_cabi Order Items/a_checkout' is clicked on

2019-11-06 03:49:59 - [TEST_STEP][PASSED] - delay(3): Delayed 3 second(s)

2019-11-06 03:50:02 - [MESSAGE][PASSED] - Delayed 3 second(s)

2019-11-06 03:50:02 - [TEST_STEP][PASSED] - click(findTestObject("Page_cabi Personal Store/nextButtonShipping")): Object: 'Object Repository/Page_cabi Personal Store/nextButtonShipping' is clicked on

2019-11-06 03:50:02 - [MESSAGE][PASSED] - Object: 'Object Repository/Page_cabi Personal Store/nextButtonShipping' is clicked on

2019-11-06 03:50:02 - [TEST_STEP][PASSED] - delay(3): Delayed 3 second(s)

2019-11-06 03:50:05 - [MESSAGE][PASSED] - Delayed 3 second(s)

2019-11-06 03:50:05 - [TEST_STEP][PASSED] - click(findTestObject("Page_cabi Personal Store/makeFirstPayment")): Object: 'Object Repository/Page_cabi Personal Store/makeFirstPayment' is clicked on

2019-11-06 03:50:06 - [MESSAGE][PASSED] - Object: 'Object Repository/Page_cabi Personal Store/makeFirstPayment' is clicked on

2019-11-06 03:50:06 - [TEST_STEP][PASSED] - click(findTestObject("Object Repository/Page_cabi Personal Store/select_cash")): Object: 'Object Repository/Page_cabi Personal Store/select_cash' is clicked on

2019-11-06 03:50:06 - [MESSAGE][PASSED] - Object: 'Object Repository/Page_cabi Personal Store/select_cash' is clicked on

2019-11-06 03:50:06 - [TEST_STEP][PASSED] - click(findTestObject("Page_cabi Personal Store/submitPayment")): Object: 'Object Repository/Page_cabi Personal Store/submitPayment' is clicked on

2019-11-06 03:50:06 - [MESSAGE][PASSED] - Object: 'Object Repository/Page_cabi Personal Store/submitPayment' is clicked on

2019-11-06 03:50:06 - [TEST_STEP][PASSED] - click(findTestObject("Page_cabi Personal Store/submitOrderId")): Object: 'Object Repository/Page_cabi Personal Store/submitOrderId' is clicked on

2019-11-06 03:50:08 - [MESSAGE][PASSED] - Object: 'Object Repository/Page_cabi Personal Store/submitOrderId' is clicked on

2019-11-06 03:50:08 - [TEST_STEP][PASSED] - successMsg = "": null

2019-11-06 03:50:08 - [TEST_STEP][PASSED] - orderSuccess = false: null

2019-11-06 03:50:08 - [TEST_STEP][PASSED] - successMsgs = findWebElements(findTestObject("Object Repository/Page_cabi Personal Store/p_success_msg"), 5): null

2019-11-06 03:50:09 - [TEST_STEP][PASSED] - if (successMsgs.size() > 0): Text of object 'Object Repository/Page_cabi Personal Store/p_order_id' is: 'RT708481326'

2019-11-06 03:50:09 - [TEST_STEP][PASSED] - successMsg = getText(findTestObject("Object Repository/Page_cabi Personal Store/p_success_msg")): Text of object 'Object Repository/Page_cabi Personal Store/p_success_msg' is: 'Order Created Successfully!!
Order #:  RT708481326

CONTINUE SHOPPING'

2019-11-06 03:50:09 - [MESSAGE][PASSED] - Text of object 'Object Repository/Page_cabi Personal Store/p_success_msg' is: 'Order Created Successfully!!
Order #:  RT708481326

CONTINUE SHOPPING'

2019-11-06 03:50:09 - [TEST_STEP][PASSED] - orderSuccess = true: null

2019-11-06 03:50:09 - [TEST_STEP][PASSED] - retailOrderID = getText(findTestObject("Object Repository/Page_cabi Personal Store/p_order_id")): Text of object 'Object Repository/Page_cabi Personal Store/p_order_id' is: 'RT708481326'

2019-11-06 03:50:09 - [MESSAGE][PASSED] - Text of object 'Object Repository/Page_cabi Personal Store/p_order_id' is: 'RT708481326'

2019-11-06 03:50:09 - [TEST_STEP][PASSED] - assert orderSuccess == true: null

2019-11-06 03:50:09 - [TEST_STEP][NOT_RUN] - closeBrowser(): NOT_RUN: closeBrowser()

2019-11-06 03:50:09 - [MESSAGE][NOT_RUN] - NOT_RUN: closeBrowser()

2019-11-06 03:50:09 - [MESSAGE][PASSED] - Call Test Case 'Test Cases/EditOrder/retailOrderBO' successfully

2019-11-06 03:50:09 - [TEST_STEP][PASSED] - delay(10): Delayed 10 second(s)

2019-11-06 03:50:19 - [MESSAGE][PASSED] - Delayed 10 second(s)

2019-11-06 03:50:19 - [TEST_STEP][PASSED] - callTestCase(findTestCase("TestCaseUtilities/rsLogin"), ["RSURL":"", "RSuser":"", "RSpass":""], STOP_ON_FAILURE): Call Test Case 'Test Cases/TestCaseUtilities/rsLogin' successfully

2019-11-06 03:50:19 - [TEST_CASE][PASSED] - Test Cases/TestCaseUtilities/rsLogin: Test Cases/TestCaseUtilities/rsLogin

2019-11-06 03:50:19 - [TEST_STEP][PASSED] - dataFile = "micrositeData": null

2019-11-06 03:50:19 - [TEST_STEP][PASSED] - guest1Mail = findTestData(dataFile).getValue("guest1Mail", 1): null

2019-11-06 03:50:19 - [TEST_STEP][PASSED] - guest1Pass = findTestData(dataFile).getValue("guest1Pass", 1): null

2019-11-06 03:50:19 - [TEST_STEP][PASSED] - RSTestEnvt = findTestData("envtData").getValue("RSTestEnvt", 1): null

2019-11-06 03:50:19 - [TEST_STEP][PASSED] - openBrowser(""): Browser is opened with url: ''

2019-11-06 03:50:19 - [MESSAGE][WARNING] - A browser is already opened. Closing browser and opening a new one

2019-11-06 03:50:20 - [MESSAGE][INFO] - Starting 'Chrome' driver

2019-11-06 03:50:20 - [MESSAGE][INFO] - User set preference: ['args', '[--use-fake-ui-for-media-stream, --start-maximized]']

2019-11-06 03:50:22 - [MESSAGE][PASSED] - Browser is opened with url: ''

2019-11-06 03:50:22 - [TEST_STEP][PASSED] - callTestCase(findTestCase("TestCaseUtilities/setVHost"), [:], STOP_ON_FAILURE): Call Test Case 'Test Cases/TestCaseUtilities/setVHost' successfully

2019-11-06 03:50:22 - [TEST_CASE][PASSED] - Test Cases/TestCaseUtilities/setVHost: Test Cases/TestCaseUtilities/setVHost

2019-11-06 03:50:22 - [TEST_STEP][PASSED] - ofbizURL = findTestData("envtData").getValue("ofbizURL", 1): null

2019-11-06 03:50:22 - [TEST_STEP][PASSED] - ofbizUser = findTestData("credData").getValue("ofbizuser", 1): null

2019-11-06 03:50:22 - [TEST_STEP][PASSED] - ofbizPass = findTestData("credData").getValue("ofbizpass", 1): null

2019-11-06 03:50:22 - [TEST_STEP][PASSED] - vhostTarget = findTestData("envtData").getValue("vhostTarget", 1): null

2019-11-06 03:50:22 - [TEST_STEP][PASSED] - navigateToUrl(ofbizURL): Navigate to 'https://pushofbiz.cliotest.com/login.php' successfully

2019-11-06 03:50:24 - [MESSAGE][PASSED] - Navigate to 'https://pushofbiz.cliotest.com/login.php' successfully

2019-11-06 03:50:24 - [TEST_STEP][PASSED] - setText(findTestObject("Object Repository/virualShowRSVPOR/Page_/input_Username_username"), ofbizUser): Text 'automation' is set on object 'Object Repository/virualShowRSVPOR/Page_/input_Username_username'

2019-11-06 03:50:24 - [MESSAGE][PASSED] - Text 'automation' is set on object 'Object Repository/virualShowRSVPOR/Page_/input_Username_username'

2019-11-06 03:50:24 - [TEST_STEP][PASSED] - setText(findTestObject("Object Repository/virualShowRSVPOR/Page_/input_Password_password"), ofbizPass): Text 'cabiautomation' is set on object 'Object Repository/virualShowRSVPOR/Page_/input_Password_password'

2019-11-06 03:50:24 - [MESSAGE][PASSED] - Text 'cabiautomation' is set on object 'Object Repository/virualShowRSVPOR/Page_/input_Password_password'

2019-11-06 03:50:24 - [TEST_STEP][PASSED] - click(findTestObject("Object Repository/virualShowRSVPOR/Page_/input_Password_Submit")): Object: 'Object Repository/virualShowRSVPOR/Page_/input_Password_Submit' is clicked on

2019-11-06 03:50:29 - [MESSAGE][PASSED] - Object: 'Object Repository/virualShowRSVPOR/Page_/input_Password_Submit' is clicked on

2019-11-06 03:50:29 - [TEST_STEP][PASSED] - click(findTestObject("Object Repository/virualShowRSVPOR/Page_/a_Set Vhost")): Object: 'Object Repository/virualShowRSVPOR/Page_/a_Set Vhost' is clicked on

2019-11-06 03:50:30 - [MESSAGE][PASSED] - Object: 'Object Repository/virualShowRSVPOR/Page_/a_Set Vhost' is clicked on

2019-11-06 03:50:30 - [TEST_STEP][PASSED] - click(UtilityMethods.createTestObject("select_target", "//select[@name='Target']/option[contains(text(), '", vhostTarget, "')]")): Object: 'select_target' is clicked on

2019-11-06 03:50:30 - [MESSAGE][PASSED] - Object: 'select_target' is clicked on

2019-11-06 03:50:30 - [TEST_STEP][PASSED] - click(findTestObject("Object Repository/virualShowRSVPOR/Page_/input")): Object: 'Object Repository/virualShowRSVPOR/Page_/input' is clicked on

2019-11-06 03:50:32 - [MESSAGE][PASSED] - Object: 'Object Repository/virualShowRSVPOR/Page_/input' is clicked on

2019-11-06 03:50:32 - [MESSAGE][PASSED] - Call Test Case 'Test Cases/TestCaseUtilities/setVHost' successfully

2019-11-06 03:50:32 - [TEST_STEP][PASSED] - loginURL = UtilityMethods.concat("https://mirandakate.", RSTestEnvt, ".com/?component=account.login-gateway"): null

2019-11-06 03:50:32 - [TEST_STEP][PASSED] - navigateToUrl(loginURL): Navigate to 'https://mirandakate.cabitest5.com/?component=account.login-gateway' successfully

2019-11-06 03:50:47 - [MESSAGE][PASSED] - Navigate to 'https://mirandakate.cabitest5.com/?component=account.login-gateway' successfully

2019-11-06 03:50:47 - [TEST_STEP][PASSED] - delay(3): Delayed 3 second(s)

2019-11-06 03:50:50 - [MESSAGE][PASSED] - Delayed 3 second(s)

2019-11-06 03:50:50 - [TEST_STEP][PASSED] - setText(findTestObject("Object Repository/virualShowRSVPOR/Page_Show microsite/input_Sign in  Create account_email"), guest1Mail): Text 'guest1-test@test.com' is set on object 'Object Repository/virualShowRSVPOR/Page_Show microsite/input_Sign in  Create account_email'

2019-11-06 03:50:51 - [MESSAGE][PASSED] - Text 'guest1-test@test.com' is set on object 'Object Repository/virualShowRSVPOR/Page_Show microsite/input_Sign in  Create account_email'

2019-11-06 03:50:51 - [TEST_STEP][PASSED] - executeJavaScript("arguments[0].click()", Arrays.asList(findWebElement(findTestObject("Object Repository/virualShowRSVPOR/Page_Show microsite/button_Continue"), 30))): Execute JavaScript 'arguments[0].click()' successfully

2019-11-06 03:50:51 - [MESSAGE][PASSED] - Execute JavaScript 'arguments[0].click()' successfully

2019-11-06 03:50:51 - [TEST_STEP][PASSED] - setText(findTestObject("Object Repository/virualShowRSVPOR/Page_Show microsite/input_Welcome_password"), guest1Pass): Text 'blackdress19' is set on object 'Object Repository/virualShowRSVPOR/Page_Show microsite/input_Welcome_password'

2019-11-06 03:50:53 - [MESSAGE][PASSED] - Text 'blackdress19' is set on object 'Object Repository/virualShowRSVPOR/Page_Show microsite/input_Welcome_password'

2019-11-06 03:50:53 - [TEST_STEP][PASSED] - executeJavaScript("arguments[0].click()", Arrays.asList(findWebElement(findTestObject("Object Repository/virualShowRSVPOR/Page_Show microsite/button_Continue_pass"), 30))): Execute JavaScript 'arguments[0].click()' successfully

2019-11-06 03:50:53 - [MESSAGE][PASSED] - Execute JavaScript 'arguments[0].click()' successfully

2019-11-06 03:50:53 - [TEST_STEP][PASSED] - delay(5): Delayed 5 second(s)

2019-11-06 03:50:58 - [MESSAGE][PASSED] - Delayed 5 second(s)

2019-11-06 03:50:58 - [TEST_STEP][PASSED] - if (verifyElementPresent(findTestObject("Object Repository/virualShowRSVPOR/Page_Show microsite/complete_my_profile_later"), 0)): Execute JavaScript 'arguments[0].click()' successfully

2019-11-06 03:50:58 - [MESSAGE][WARNING] - Timeout '0' is invalid. Using default page load timeout: '30'

2019-11-06 03:50:58 - [MESSAGE][PASSED] - Object 'Object Repository/virualShowRSVPOR/Page_Show microsite/complete_my_profile_later' is present

2019-11-06 03:50:58 - [TEST_STEP][PASSED] - executeJavaScript("arguments[0].click()", Arrays.asList(findWebElement(findTestObject("Object Repository/virualShowRSVPOR/Page_Show microsite/div_Ill complete my profile later"), 30))): Execute JavaScript 'arguments[0].click()' successfully

2019-11-06 03:51:08 - [MESSAGE][PASSED] - Execute JavaScript 'arguments[0].click()' successfully

2019-11-06 03:51:08 - [MESSAGE][PASSED] - Call Test Case 'Test Cases/TestCaseUtilities/rsLogin' successfully

2019-11-06 03:51:08 - [TEST_STEP][PASSED] - callTestCase(findTestCase("EditOrder/rsOrderHistoryConfirm"), ["orderID":"", "editScenarioNumber":3], STOP_ON_FAILURE): Call Test Case 'Test Cases/EditOrder/rsOrderHistoryConfirm' successfully

2019-11-06 03:51:08 - [TEST_CASE][PASSED] - Test Cases/EditOrder/rsOrderHistoryConfirm: Test Cases/EditOrder/rsOrderHistoryConfirm

2019-11-06 03:51:08 - [TEST_STEP][PASSED] - driver = getWebDriver(): null

2019-11-06 03:51:08 - [TEST_STEP][PASSED] - executor = driver: null

2019-11-06 03:51:08 - [TEST_STEP][PASSED] - orderID = retailOrderID: null

2019-11-06 03:51:08 - [TEST_STEP][PASSED] - println(orderID): null

2019-11-06 03:51:08 - [TEST_STEP][PASSED] - xpath = UtilityMethods.concat("//span[contains(text(), '", orderID, "')]/parent::div/parent::div/div[@class='table-row-edit-order']//a"): null

2019-11-06 03:51:08 - [TEST_STEP][PASSED] - to = new com.kms.katalon.core.testobject.TestObject(a_link_dynamic): null

2019-11-06 03:51:08 - [TEST_STEP][PASSED] - to.addProperty("xpath", EQUALS, xpath): null

2019-11-06 03:51:08 - [TEST_STEP][PASSED] - click(findTestObject("ReplicatedSite/rs_Page_Trendy/i_Michigan_fa fa-caret-down")): Object: 'Object Repository/ReplicatedSite/rs_Page_Trendy/i_Michigan_fa fa-caret-down' is clicked on

2019-11-06 03:51:08 - [MESSAGE][PASSED] - Object: 'Object Repository/ReplicatedSite/rs_Page_Trendy/i_Michigan_fa fa-caret-down' is clicked on

2019-11-06 03:51:08 - [TEST_STEP][PASSED] - click(findTestObject("ReplicatedSite/rs_Page_Trendy/a_My Profile")): Object: 'Object Repository/ReplicatedSite/rs_Page_Trendy/a_My Profile' is clicked on

2019-11-06 03:51:13 - [MESSAGE][PASSED] - Object: 'Object Repository/ReplicatedSite/rs_Page_Trendy/a_My Profile' is clicked on

2019-11-06 03:51:13 - [TEST_STEP][PASSED] - click(findTestObject("Object Repository/ReplicatedSite/Page_Profile - Cabi Fall 2018 Collection/span_Order History")): Object: 'Object Repository/ReplicatedSite/Page_Profile - Cabi Fall 2018 Collection/span_Order History' is clicked on

2019-11-06 03:51:13 - [MESSAGE][PASSED] - Object: 'Object Repository/ReplicatedSite/Page_Profile - Cabi Fall 2018 Collection/span_Order History' is clicked on

2019-11-06 03:51:13 - [TEST_STEP][PASSED] - delay(5): Delayed 5 second(s)

2019-11-06 03:51:18 - [MESSAGE][PASSED] - Delayed 5 second(s)

2019-11-06 03:51:18 - [TEST_STEP][PASSED] - editButton = findWebElements(to, 1): null

2019-11-06 03:51:18 - [TEST_STEP][PASSED] - assert editButton.size() > 0: null

2019-11-06 03:51:18 - [TEST_STEP][PASSED] - if (editButton.size() > 0): Object: 'Object Repository/ReplicatedSite/button_accept_msg' is clicked on

2019-11-06 03:51:18 - [TEST_STEP][PASSED] - click(to): Object: 'a_link_dynamic' is clicked on

2019-11-06 03:51:19 - [MESSAGE][PASSED] - Object: 'a_link_dynamic' is clicked on

2019-11-06 03:51:19 - [TEST_STEP][PASSED] - delay(10): Delayed 10 second(s)

2019-11-06 03:51:29 - [MESSAGE][PASSED] - Delayed 10 second(s)

2019-11-06 03:51:29 - [TEST_STEP][PASSED] - if (editScenarioNumber == 1): null

2019-11-06 03:51:29 - [TEST_STEP][PASSED] - else if (editScenarioNumber == 3): Object: 'Object Repository/ReplicatedSite/button_accept_msg' is clicked on

2019-11-06 03:51:29 - [TEST_STEP][PASSED] - println("scen = 3"): null

2019-11-06 03:51:29 - [TEST_STEP][PASSED] - delay(2): Delayed 2 second(s)

2019-11-06 03:51:31 - [MESSAGE][PASSED] - Delayed 2 second(s)

2019-11-06 03:51:31 - [TEST_STEP][PASSED] - expectedNoEditMsg1 = "We're Sorry.": null

2019-11-06 03:51:31 - [TEST_STEP][PASSED] - expectedNoEditMsg2 = "Your order has gift card items and cannot be edited.": null

2019-11-06 03:51:31 - [TEST_STEP][PASSED] - actualNoEditMsg1 = getText(findTestObject("Object Repository/ReplicatedSite/div_no_edit_msg1")): Text of object 'Object Repository/ReplicatedSite/div_no_edit_msg1' is: 'We're Sorry.'

2019-11-06 03:51:31 - [MESSAGE][PASSED] - Text of object 'Object Repository/ReplicatedSite/div_no_edit_msg1' is: 'We're Sorry.'

2019-11-06 03:51:31 - [TEST_STEP][PASSED] - actualNoEditMsg2 = getText(findTestObject("Object Repository/ReplicatedSite/div_no_edit_msg2")): Text of object 'Object Repository/ReplicatedSite/div_no_edit_msg2' is: 'Your order has gift card items and cannot be edited.'

2019-11-06 03:51:31 - [MESSAGE][PASSED] - Text of object 'Object Repository/ReplicatedSite/div_no_edit_msg2' is: 'Your order has gift card items and cannot be edited.'

2019-11-06 03:51:31 - [TEST_STEP][PASSED] - assert actualNoEditMsg1.equalsIgnoreCase(expectedNoEditMsg1): null

2019-11-06 03:51:31 - [TEST_STEP][PASSED] - assert actualNoEditMsg2.equalsIgnoreCase(expectedNoEditMsg2): null

2019-11-06 03:51:31 - [TEST_STEP][PASSED] - click(findTestObject("Object Repository/ReplicatedSite/button_accept_msg")): Object: 'Object Repository/ReplicatedSite/button_accept_msg' is clicked on

2019-11-06 03:51:31 - [MESSAGE][PASSED] - Object: 'Object Repository/ReplicatedSite/button_accept_msg' is clicked on

2019-11-06 03:51:31 - [MESSAGE][PASSED] - Call Test Case 'Test Cases/EditOrder/rsOrderHistoryConfirm' successfully]]></system-out>
         <system-err><![CDATA[]]></system-err>
      </testcase>
      <testcase name="Test Cases/EditOrder-V/rsEditOrderPartialShip" classname="Test Cases/EditOrder-V/rsEditOrderPartialShip" status="PASSED">
         <system-out><![CDATA[2019-11-06 03:51:31 - [TEST_CASE][PASSED] - Test Cases/EditOrder-V/rsEditOrderPartialShip: Test Cases/EditOrder-V/rsEditOrderPartialShip

2019-11-06 03:51:31 - [TEST_STEP][PASSED] - Start listener action : sampleBeforeTestCase: null

2019-11-06 03:51:31 - [TEST_STEP][PASSED] - println(testCaseContext.getTestCaseId()): null

2019-11-06 03:51:31 - [TEST_STEP][PASSED] - println(testCaseContext.getTestCaseVariables()): null

2019-11-06 03:51:31 - [TEST_STEP][PASSED] - callTestCase(findTestCase("EditOrder/retailOrderBO"), ["editScenarioNumber":5], STOP_ON_FAILURE): Call Test Case 'Test Cases/EditOrder/retailOrderBO' successfully

2019-11-06 03:51:32 - [TEST_CASE][PASSED] - Test Cases/EditOrder/retailOrderBO: Test Cases/EditOrder/retailOrderBO

2019-11-06 03:51:32 - [TEST_STEP][PASSED] - openBrowser(""): Browser is opened with url: ''

2019-11-06 03:51:32 - [MESSAGE][WARNING] - A browser is already opened. Closing browser and opening a new one

2019-11-06 03:51:32 - [MESSAGE][INFO] - Starting 'Chrome' driver

2019-11-06 03:51:32 - [MESSAGE][INFO] - User set preference: ['args', '[--use-fake-ui-for-media-stream, --start-maximized]']

2019-11-06 03:51:34 - [MESSAGE][PASSED] - Browser is opened with url: ''

2019-11-06 03:51:34 - [TEST_STEP][PASSED] - callTestCase(findTestCase("TestCaseUtilities/backOfficeLogin"), ["BOURL":"", "BOuser":"", "BOpass":""], STOP_ON_FAILURE): Call Test Case 'Test Cases/TestCaseUtilities/backOfficeLogin' successfully

2019-11-06 03:51:34 - [TEST_CASE][PASSED] - Test Cases/TestCaseUtilities/backOfficeLogin: Test Cases/TestCaseUtilities/backOfficeLogin

2019-11-06 03:51:34 - [TEST_STEP][PASSED] - BOURL = findTestData("envtData").getValue("BOURL", 1): null

2019-11-06 03:51:35 - [TEST_STEP][PASSED] - BOuser = findTestData("credData").getValue("BOuser", 1): null

2019-11-06 03:51:35 - [TEST_STEP][PASSED] - BOpass = findTestData("credData").getValue("BOpass", 1): null

2019-11-06 03:51:35 - [TEST_STEP][PASSED] - openBrowser(""): Browser is opened with url: ''

2019-11-06 03:51:35 - [MESSAGE][WARNING] - A browser is already opened. Closing browser and opening a new one

2019-11-06 03:51:35 - [MESSAGE][INFO] - Starting 'Chrome' driver

2019-11-06 03:51:35 - [MESSAGE][INFO] - User set preference: ['args', '[--use-fake-ui-for-media-stream, --start-maximized]']

2019-11-06 03:51:37 - [MESSAGE][PASSED] - Browser is opened with url: ''

2019-11-06 03:51:37 - [TEST_STEP][PASSED] - navigateToUrl(BOURL): Navigate to 'https://test18.cliotest.com/backoffice/control/main' successfully

2019-11-06 03:51:44 - [MESSAGE][PASSED] - Navigate to 'https://test18.cliotest.com/backoffice/control/main' successfully

2019-11-06 03:51:44 - [TEST_STEP][PASSED] - logOut = findWebElements(findTestObject("Object Repository/Page_cabi Home/log_out"), 1): Unable to find the element located by 'By.xpath: //a[contains(text(),'Log Out')]'. Please recheck the objects properties to make sure the desired element is located. 

2019-11-06 03:51:45 - [MESSAGE][INFO] - Unable to find the element located by 'By.xpath: //a[contains(text(),'Log Out')]'. Please recheck the objects properties to make sure the desired element is located. 

2019-11-06 03:51:45 - [TEST_STEP][PASSED] - if (logOut.size() == 0): Object: 'Object Repository/Page_cabi/input_Welcome to_consultantLogin' is clicked on

2019-11-06 03:51:45 - [TEST_STEP][PASSED] - setText(findTestObject("Page_cabi/input_Welcome to_USERNAME"), BOuser): Text '400000002' is set on object 'Object Repository/Page_cabi/input_Welcome to_USERNAME'

2019-11-06 03:51:45 - [MESSAGE][PASSED] - Text '400000002' is set on object 'Object Repository/Page_cabi/input_Welcome to_USERNAME'

2019-11-06 03:51:45 - [TEST_STEP][PASSED] - setText(findTestObject("Object Repository/Page_cabi/input_Welcome to_PASSWORD"), BOpass): Text 'blackdress19' is set on object 'Object Repository/Page_cabi/input_Welcome to_PASSWORD'

2019-11-06 03:51:46 - [MESSAGE][PASSED] - Text 'blackdress19' is set on object 'Object Repository/Page_cabi/input_Welcome to_PASSWORD'

2019-11-06 03:51:46 - [TEST_STEP][PASSED] - click(findTestObject("Object Repository/Page_cabi/input_Welcome to_consultantLogin")): Object: 'Object Repository/Page_cabi/input_Welcome to_consultantLogin' is clicked on

2019-11-06 03:51:54 - [MESSAGE][PASSED] - Object: 'Object Repository/Page_cabi/input_Welcome to_consultantLogin' is clicked on

2019-11-06 03:51:54 - [TEST_STEP][PASSED] - delay(3): Delayed 3 second(s)

2019-11-06 03:51:57 - [MESSAGE][PASSED] - Delayed 3 second(s)

2019-11-06 03:51:57 - [MESSAGE][PASSED] - Call Test Case 'Test Cases/TestCaseUtilities/backOfficeLogin' successfully

2019-11-06 03:51:57 - [TEST_STEP][PASSED] - click(findTestObject("Object Repository/Page_cabi Home/a_Shows  Orders")): Object: 'Object Repository/Page_cabi Home/a_Shows  Orders' is clicked on

2019-11-06 03:51:57 - [MESSAGE][PASSED] - Object: 'Object Repository/Page_cabi Home/a_Shows  Orders' is clicked on

2019-11-06 03:51:57 - [TEST_STEP][PASSED] - delay(1): Delayed 1 second(s)

2019-11-06 03:51:58 - [MESSAGE][PASSED] - Delayed 1 second(s)

2019-11-06 03:51:58 - [TEST_STEP][PASSED] - click(findTestObject("Page_cabi Home/a_Shows  Orders")): Object: 'Object Repository/Page_cabi Home/a_Shows  Orders' is clicked on

2019-11-06 03:51:58 - [MESSAGE][PASSED] - Object: 'Object Repository/Page_cabi Home/a_Shows  Orders' is clicked on

2019-11-06 03:51:58 - [TEST_STEP][PASSED] - click(findTestObject("Page_cabi Home/a_retail_purchases")): Object: 'Object Repository/Page_cabi Home/a_retail_purchases' is clicked on

2019-11-06 03:52:02 - [MESSAGE][PASSED] - Object: 'Object Repository/Page_cabi Home/a_retail_purchases' is clicked on

2019-11-06 03:52:02 - [TEST_STEP][PASSED] - delay(3): Delayed 3 second(s)

2019-11-06 03:52:05 - [MESSAGE][PASSED] - Delayed 3 second(s)

2019-11-06 03:52:05 - [TEST_STEP][PASSED] - click(findTestObject("Object Repository/Page_cabi Home/existingCustomer")): Object: 'Object Repository/Page_cabi Home/existingCustomer' is clicked on

2019-11-06 03:52:05 - [MESSAGE][PASSED] - Object: 'Object Repository/Page_cabi Home/existingCustomer' is clicked on

2019-11-06 03:52:05 - [TEST_STEP][PASSED] - contactNumber = 3: null

2019-11-06 03:52:05 - [TEST_STEP][PASSED] - firstName = findTestData("contactData").getValue("firstName", contactNumber): null

2019-11-06 03:52:05 - [TEST_STEP][PASSED] - lastName = findTestData("contactData").getValue("lastName", contactNumber): null

2019-11-06 03:52:05 - [TEST_STEP][PASSED] - email = findTestData("contactData").getValue("email", contactNumber): null

2019-11-06 03:52:05 - [TEST_STEP][PASSED] - address1 = findTestData("contactData").getValue("address1", contactNumber): null

2019-11-06 03:52:05 - [TEST_STEP][PASSED] - city = findTestData("contactData").getValue("city", contactNumber): null

2019-11-06 03:52:05 - [TEST_STEP][PASSED] - state = findTestData("contactData").getValue("state", contactNumber): null

2019-11-06 03:52:05 - [TEST_STEP][PASSED] - zip = findTestData("contactData").getValue("zip", contactNumber): null

2019-11-06 03:52:05 - [TEST_STEP][PASSED] - existingCustFName = firstName: null

2019-11-06 03:52:05 - [TEST_STEP][PASSED] - existingCustLName = lastName: null

2019-11-06 03:52:05 - [TEST_STEP][PASSED] - space = " ": null

2019-11-06 03:52:05 - [TEST_STEP][PASSED] - existingCust = $existingCustFName$space$existingCustLName: null

2019-11-06 03:52:05 - [TEST_STEP][PASSED] - setText(findTestObject("Object Repository/Page_cabi Home/input_existing_guest"), existingCust): Text 'guest1-test abc' is set on object 'Object Repository/Page_cabi Home/input_existing_guest'

2019-11-06 03:52:05 - [MESSAGE][PASSED] - Text 'guest1-test abc' is set on object 'Object Repository/Page_cabi Home/input_existing_guest'

2019-11-06 03:52:05 - [TEST_STEP][PASSED] - delay(2): Delayed 2 second(s)

2019-11-06 03:52:07 - [MESSAGE][PASSED] - Delayed 2 second(s)

2019-11-06 03:52:07 - [TEST_STEP][PASSED] - sendKeys(findTestObject("Object Repository/Page_cabi Home/input_existing_guest"), Keys.chord(ARROW_DOWN)): Keys 'DOWN + ' sent to object: 'Object Repository/Page_cabi Home/input_existing_guest'

2019-11-06 03:52:08 - [MESSAGE][PASSED] - Keys 'DOWN + ' sent to object: 'Object Repository/Page_cabi Home/input_existing_guest'

2019-11-06 03:52:08 - [TEST_STEP][PASSED] - sendKeys(findTestObject("Object Repository/Page_cabi Home/input_existing_guest"), Keys.chord(ENTER)): Keys 'ENTER + ' sent to object: 'Object Repository/Page_cabi Home/input_existing_guest'

2019-11-06 03:52:09 - [MESSAGE][PASSED] - Keys 'ENTER + ' sent to object: 'Object Repository/Page_cabi Home/input_existing_guest'

2019-11-06 03:52:09 - [TEST_STEP][PASSED] - setText(findTestObject("Object Repository/Page_cabi Retail Store/input_email"), email): Text 'guest1-test@test.com' is set on object 'Object Repository/Page_cabi Retail Store/input_email'

2019-11-06 03:52:09 - [MESSAGE][PASSED] - Text 'guest1-test@test.com' is set on object 'Object Repository/Page_cabi Retail Store/input_email'

2019-11-06 03:52:09 - [TEST_STEP][PASSED] - setText(findTestObject("Object Repository/Page_cabi Edit Customer Profile/input_Address1_address1"), address1): Text '974 BRAHMS CT' is set on object 'Object Repository/Page_cabi Edit Customer Profile/input_Address1_address1'

2019-11-06 03:52:09 - [MESSAGE][PASSED] - Text '974 BRAHMS CT' is set on object 'Object Repository/Page_cabi Edit Customer Profile/input_Address1_address1'

2019-11-06 03:52:09 - [TEST_STEP][PASSED] - setText(findTestObject("Object Repository/Page_cabi Edit Customer Profile/input_Address2_address2"), ""): Text '' is set on object 'Object Repository/Page_cabi Edit Customer Profile/input_Address2_address2'

2019-11-06 03:52:10 - [MESSAGE][PASSED] - Text '' is set on object 'Object Repository/Page_cabi Edit Customer Profile/input_Address2_address2'

2019-11-06 03:52:10 - [TEST_STEP][PASSED] - setText(findTestObject("Object Repository/Page_cabi Edit Customer Profile/input_City_city"), city): Text 'TROY' is set on object 'Object Repository/Page_cabi Edit Customer Profile/input_City_city'

2019-11-06 03:52:10 - [MESSAGE][PASSED] - Text 'TROY' is set on object 'Object Repository/Page_cabi Edit Customer Profile/input_City_city'

2019-11-06 03:52:10 - [TEST_STEP][PASSED] - click(findTestObject("Page_cabi Edit Customer Profile/span_select_a_state")): Object: 'Object Repository/Page_cabi Edit Customer Profile/span_select_a_state' is clicked on

2019-11-06 03:52:10 - [MESSAGE][PASSED] - Object: 'Object Repository/Page_cabi Edit Customer Profile/span_select_a_state' is clicked on

2019-11-06 03:52:10 - [TEST_STEP][PASSED] - delay(1): Delayed 1 second(s)

2019-11-06 03:52:11 - [MESSAGE][PASSED] - Delayed 1 second(s)

2019-11-06 03:52:11 - [TEST_STEP][PASSED] - setText(findTestObject("Page_cabi Edit Customer Profile/input_state_postalCode"), zip): Text '48085' is set on object 'Object Repository/Page_cabi Edit Customer Profile/input_state_postalCode'

2019-11-06 03:52:11 - [MESSAGE][PASSED] - Text '48085' is set on object 'Object Repository/Page_cabi Edit Customer Profile/input_state_postalCode'

2019-11-06 03:52:11 - [TEST_STEP][PASSED] - delay(5): Delayed 5 second(s)

2019-11-06 03:52:16 - [MESSAGE][PASSED] - Delayed 5 second(s)

2019-11-06 03:52:16 - [TEST_STEP][PASSED] - check(findTestObject("Object Repository/Page_cabi Home/a_same_shipping_address")): Object 'Object Repository/Page_cabi Home/a_same_shipping_address' is checked

2019-11-06 03:52:16 - [MESSAGE][PASSED] - Object 'Object Repository/Page_cabi Home/a_same_shipping_address' is checked

2019-11-06 03:52:16 - [TEST_STEP][PASSED] - delay(5): Delayed 5 second(s)

2019-11-06 03:52:21 - [MESSAGE][PASSED] - Delayed 5 second(s)

2019-11-06 03:52:21 - [TEST_STEP][PASSED] - check(findTestObject("Object Repository/Page_cabi Home/a_same_shipping_address")): Object 'Object Repository/Page_cabi Home/a_same_shipping_address' is checked

2019-11-06 03:52:22 - [MESSAGE][PASSED] - Object 'Object Repository/Page_cabi Home/a_same_shipping_address' is checked

2019-11-06 03:52:22 - [TEST_STEP][PASSED] - delay(5): Delayed 5 second(s)

2019-11-06 03:52:27 - [MESSAGE][PASSED] - Delayed 5 second(s)

2019-11-06 03:52:27 - [TEST_STEP][PASSED] - driver = getWebDriver(): null

2019-11-06 03:52:27 - [TEST_STEP][PASSED] - executor = driver: null

2019-11-06 03:52:27 - [TEST_STEP][PASSED] - executor.executeScript("arguments[0].click();", findWebElement(findTestObject("Object Repository/Page_cabi Home/a_order_items"), 5)): null

2019-11-06 03:52:27 - [TEST_STEP][PASSED] - delay(3): Delayed 3 second(s)

2019-11-06 03:52:30 - [MESSAGE][PASSED] - Delayed 3 second(s)

2019-11-06 03:52:30 - [TEST_STEP][PASSED] - click(findTestObject("Object Repository/Page_cabi Retail Store/span_quick_entry")): Object: 'Object Repository/Page_cabi Retail Store/span_quick_entry' is clicked on

2019-11-06 03:52:33 - [MESSAGE][PASSED] - Object: 'Object Repository/Page_cabi Retail Store/span_quick_entry' is clicked on

2019-11-06 03:52:33 - [TEST_STEP][PASSED] - delay(3): Delayed 3 second(s)

2019-11-06 03:52:36 - [MESSAGE][PASSED] - Delayed 3 second(s)

2019-11-06 03:52:36 - [TEST_STEP][PASSED] - emptyCart = findWebElements(findTestObject("Object Repository/Page_cabi Personal Store/removeFromCart"), 5): Unable to find the element located by 'By.xpath: //*[@id="removeFromCart_0"]/span'. Please recheck the objects properties to make sure the desired element is located. 

2019-11-06 03:52:42 - [MESSAGE][INFO] - Unable to find the element located by 'By.xpath: //*[@id="removeFromCart_0"]/span'. Please recheck the objects properties to make sure the desired element is located. 

2019-11-06 03:52:42 - [TEST_STEP][PASSED] - if (emptyCart.size() > 0): null

2019-11-06 03:52:42 - [TEST_STEP][PASSED] - addOnStyle = findTestData("miscData").getValue("addOnStyle", 1): null

2019-11-06 03:52:42 - [TEST_STEP][PASSED] - addOnStyle2 = findTestData("miscData").getValue("addOnStyle", 2): null

2019-11-06 03:52:42 - [TEST_STEP][PASSED] - setText(findTestObject("Object Repository/Page_cabi Create Order/input_Manual Discount_stylelookup_0"), addOnStyle): Text '3701' is set on object 'Object Repository/Page_cabi Create Order/input_Manual Discount_stylelookup_0'

2019-11-06 03:52:42 - [MESSAGE][PASSED] - Text '3701' is set on object 'Object Repository/Page_cabi Create Order/input_Manual Discount_stylelookup_0'

2019-11-06 03:52:42 - [TEST_STEP][PASSED] - delay(2): Delayed 2 second(s)

2019-11-06 03:52:44 - [MESSAGE][PASSED] - Delayed 2 second(s)

2019-11-06 03:52:44 - [TEST_STEP][PASSED] - sendKeys(findTestObject("Object Repository/Page_cabi Create Order/input_Manual Discount_stylelookup_0"), Keys.chord(ARROW_DOWN)): Keys 'DOWN + ' sent to object: 'Object Repository/Page_cabi Create Order/input_Manual Discount_stylelookup_0'

2019-11-06 03:52:44 - [MESSAGE][PASSED] - Keys 'DOWN + ' sent to object: 'Object Repository/Page_cabi Create Order/input_Manual Discount_stylelookup_0'

2019-11-06 03:52:44 - [TEST_STEP][PASSED] - delay(2): Delayed 2 second(s)

2019-11-06 03:52:46 - [MESSAGE][PASSED] - Delayed 2 second(s)

2019-11-06 03:52:46 - [TEST_STEP][PASSED] - sendKeys(findTestObject("Object Repository/Page_cabi Create Order/input_Manual Discount_stylelookup_0"), Keys.chord(ARROW_DOWN)): Keys 'DOWN + ' sent to object: 'Object Repository/Page_cabi Create Order/input_Manual Discount_stylelookup_0'

2019-11-06 03:52:46 - [MESSAGE][PASSED] - Keys 'DOWN + ' sent to object: 'Object Repository/Page_cabi Create Order/input_Manual Discount_stylelookup_0'

2019-11-06 03:52:46 - [TEST_STEP][PASSED] - sendKeys(findTestObject("Object Repository/Page_cabi Create Order/input_Manual Discount_stylelookup_0"), Keys.chord(ENTER)): Keys 'ENTER + ' sent to object: 'Object Repository/Page_cabi Create Order/input_Manual Discount_stylelookup_0'

2019-11-06 03:52:46 - [MESSAGE][PASSED] - Keys 'ENTER + ' sent to object: 'Object Repository/Page_cabi Create Order/input_Manual Discount_stylelookup_0'

2019-11-06 03:52:46 - [TEST_STEP][PASSED] - delay(5): Delayed 5 second(s)

2019-11-06 03:52:51 - [MESSAGE][PASSED] - Delayed 5 second(s)

2019-11-06 03:52:51 - [TEST_STEP][PASSED] - click(findTestObject("Object Repository/Page_cabi Order Items/selectSize")): Object: 'Object Repository/Page_cabi Order Items/selectSize' is clicked on

2019-11-06 03:52:51 - [MESSAGE][PASSED] - Object: 'Object Repository/Page_cabi Order Items/selectSize' is clicked on

2019-11-06 03:52:51 - [TEST_STEP][PASSED] - delay(3): Delayed 3 second(s)

2019-11-06 03:52:54 - [MESSAGE][PASSED] - Delayed 3 second(s)

2019-11-06 03:52:54 - [TEST_STEP][PASSED] - click(findTestObject("Object Repository/Page_cabi Order Items/span_Add to Cart")): Object: 'Object Repository/Page_cabi Order Items/span_Add to Cart' is clicked on

2019-11-06 03:52:54 - [MESSAGE][PASSED] - Object: 'Object Repository/Page_cabi Order Items/span_Add to Cart' is clicked on

2019-11-06 03:52:54 - [TEST_STEP][PASSED] - delay(5): Delayed 5 second(s)

2019-11-06 03:52:59 - [MESSAGE][PASSED] - Delayed 5 second(s)

2019-11-06 03:52:59 - [TEST_STEP][PASSED] - click(findTestObject("Object Repository/Page_cabi Create Order/inputStyleLookup1")): Object: 'Object Repository/Page_cabi Create Order/inputStyleLookup1' is clicked on

2019-11-06 03:52:59 - [MESSAGE][PASSED] - Object: 'Object Repository/Page_cabi Create Order/inputStyleLookup1' is clicked on

2019-11-06 03:52:59 - [TEST_STEP][PASSED] - setText(findTestObject("Object Repository/Page_cabi Create Order/inputStyleLookup1"), addOnStyle2): Text '3703' is set on object 'Object Repository/Page_cabi Create Order/inputStyleLookup1'

2019-11-06 03:52:59 - [MESSAGE][PASSED] - Text '3703' is set on object 'Object Repository/Page_cabi Create Order/inputStyleLookup1'

2019-11-06 03:53:00 - [TEST_STEP][PASSED] - delay(3): Delayed 3 second(s)

2019-11-06 03:53:03 - [MESSAGE][PASSED] - Delayed 3 second(s)

2019-11-06 03:53:03 - [TEST_STEP][PASSED] - prod_message2 = getText(findTestObject("Page_cabi Create Order/first_option")): Text of object 'Object Repository/Page_cabi Create Order/first_option' is: '3703 Turn Back Cardigan'

2019-11-06 03:53:03 - [MESSAGE][PASSED] - Text of object 'Object Repository/Page_cabi Create Order/first_option' is: '3703 Turn Back Cardigan'

2019-11-06 03:53:03 - [TEST_STEP][PASSED] - click(findTestObject("Page_cabi Create Order/first_option")): Object: 'Object Repository/Page_cabi Create Order/first_option' is clicked on

2019-11-06 03:53:03 - [MESSAGE][PASSED] - Object: 'Object Repository/Page_cabi Create Order/first_option' is clicked on

2019-11-06 03:53:03 - [TEST_STEP][PASSED] - delay(5): Delayed 5 second(s)

2019-11-06 03:53:08 - [MESSAGE][PASSED] - Delayed 5 second(s)

2019-11-06 03:53:08 - [TEST_STEP][PASSED] - click(findTestObject("Object Repository/Page_cabi Order Items/selectSize2")): Object: 'Object Repository/Page_cabi Order Items/selectSize2' is clicked on

2019-11-06 03:53:08 - [MESSAGE][PASSED] - Object: 'Object Repository/Page_cabi Order Items/selectSize2' is clicked on

2019-11-06 03:53:08 - [TEST_STEP][PASSED] - delay(3): Delayed 3 second(s)

2019-11-06 03:53:11 - [MESSAGE][PASSED] - Delayed 3 second(s)

2019-11-06 03:53:11 - [TEST_STEP][PASSED] - click(findTestObject("Object Repository/Page_cabi Order Items/addToCart2")): Object: 'Object Repository/Page_cabi Order Items/addToCart2' is clicked on

2019-11-06 03:53:11 - [MESSAGE][PASSED] - Object: 'Object Repository/Page_cabi Order Items/addToCart2' is clicked on

2019-11-06 03:53:11 - [TEST_STEP][PASSED] - delay(5): Delayed 5 second(s)

2019-11-06 03:53:16 - [MESSAGE][PASSED] - Delayed 5 second(s)

2019-11-06 03:53:16 - [TEST_STEP][PASSED] - if (editScenarioNumber == 1): null

2019-11-06 03:53:16 - [TEST_STEP][PASSED] - else if (editScenarioNumber == 2): null

2019-11-06 03:53:16 - [TEST_STEP][PASSED] - else if (editScenarioNumber == 3): null

2019-11-06 03:53:16 - [TEST_STEP][PASSED] - else if (editScenarioNumber == 4): null

2019-11-06 03:53:16 - [TEST_STEP][PASSED] - else if (editScenarioNumber == 5): null

2019-11-06 03:53:16 - [TEST_STEP][PASSED] - click(findTestObject("Object Repository/Page_cabi Order Items/a_checkout")): Object: 'Object Repository/Page_cabi Order Items/a_checkout' is clicked on

2019-11-06 03:53:17 - [MESSAGE][PASSED] - Object: 'Object Repository/Page_cabi Order Items/a_checkout' is clicked on

2019-11-06 03:53:17 - [TEST_STEP][PASSED] - delay(3): Delayed 3 second(s)

2019-11-06 03:53:20 - [MESSAGE][PASSED] - Delayed 3 second(s)

2019-11-06 03:53:20 - [TEST_STEP][PASSED] - click(findTestObject("Page_cabi Personal Store/nextButtonShipping")): Object: 'Object Repository/Page_cabi Personal Store/nextButtonShipping' is clicked on

2019-11-06 03:53:20 - [MESSAGE][PASSED] - Object: 'Object Repository/Page_cabi Personal Store/nextButtonShipping' is clicked on

2019-11-06 03:53:20 - [TEST_STEP][PASSED] - delay(3): Delayed 3 second(s)

2019-11-06 03:53:23 - [MESSAGE][PASSED] - Delayed 3 second(s)

2019-11-06 03:53:23 - [TEST_STEP][PASSED] - click(findTestObject("Page_cabi Personal Store/makeFirstPayment")): Object: 'Object Repository/Page_cabi Personal Store/makeFirstPayment' is clicked on

2019-11-06 03:53:23 - [MESSAGE][PASSED] - Object: 'Object Repository/Page_cabi Personal Store/makeFirstPayment' is clicked on

2019-11-06 03:53:23 - [TEST_STEP][PASSED] - click(findTestObject("Object Repository/Page_cabi Personal Store/select_cash")): Object: 'Object Repository/Page_cabi Personal Store/select_cash' is clicked on

2019-11-06 03:53:23 - [MESSAGE][PASSED] - Object: 'Object Repository/Page_cabi Personal Store/select_cash' is clicked on

2019-11-06 03:53:23 - [TEST_STEP][PASSED] - click(findTestObject("Page_cabi Personal Store/submitPayment")): Object: 'Object Repository/Page_cabi Personal Store/submitPayment' is clicked on

2019-11-06 03:53:24 - [MESSAGE][PASSED] - Object: 'Object Repository/Page_cabi Personal Store/submitPayment' is clicked on

2019-11-06 03:53:24 - [TEST_STEP][PASSED] - click(findTestObject("Page_cabi Personal Store/submitOrderId")): Object: 'Object Repository/Page_cabi Personal Store/submitOrderId' is clicked on

2019-11-06 03:53:26 - [MESSAGE][PASSED] - Object: 'Object Repository/Page_cabi Personal Store/submitOrderId' is clicked on

2019-11-06 03:53:26 - [TEST_STEP][PASSED] - successMsg = "": null

2019-11-06 03:53:26 - [TEST_STEP][PASSED] - orderSuccess = false: null

2019-11-06 03:53:26 - [TEST_STEP][PASSED] - successMsgs = findWebElements(findTestObject("Object Repository/Page_cabi Personal Store/p_success_msg"), 5): null

2019-11-06 03:53:27 - [TEST_STEP][PASSED] - if (successMsgs.size() > 0): Text of object 'Object Repository/Page_cabi Personal Store/p_order_id' is: 'RT708481327'

2019-11-06 03:53:27 - [TEST_STEP][PASSED] - successMsg = getText(findTestObject("Object Repository/Page_cabi Personal Store/p_success_msg")): Text of object 'Object Repository/Page_cabi Personal Store/p_success_msg' is: 'Order Created Successfully!!
Order #:  RT708481327

CONTINUE SHOPPING'

2019-11-06 03:53:27 - [MESSAGE][PASSED] - Text of object 'Object Repository/Page_cabi Personal Store/p_success_msg' is: 'Order Created Successfully!!
Order #:  RT708481327

CONTINUE SHOPPING'

2019-11-06 03:53:27 - [TEST_STEP][PASSED] - orderSuccess = true: null

2019-11-06 03:53:27 - [TEST_STEP][PASSED] - retailOrderID = getText(findTestObject("Object Repository/Page_cabi Personal Store/p_order_id")): Text of object 'Object Repository/Page_cabi Personal Store/p_order_id' is: 'RT708481327'

2019-11-06 03:53:27 - [MESSAGE][PASSED] - Text of object 'Object Repository/Page_cabi Personal Store/p_order_id' is: 'RT708481327'

2019-11-06 03:53:27 - [TEST_STEP][PASSED] - assert orderSuccess == true: null

2019-11-06 03:53:27 - [TEST_STEP][NOT_RUN] - closeBrowser(): NOT_RUN: closeBrowser()

2019-11-06 03:53:27 - [MESSAGE][NOT_RUN] - NOT_RUN: closeBrowser()

2019-11-06 03:53:27 - [MESSAGE][PASSED] - Call Test Case 'Test Cases/EditOrder/retailOrderBO' successfully

2019-11-06 03:53:27 - [TEST_STEP][PASSED] - delay(10): Delayed 10 second(s)

2019-11-06 03:53:37 - [MESSAGE][PASSED] - Delayed 10 second(s)

2019-11-06 03:53:37 - [TEST_STEP][PASSED] - callTestCase(findTestCase("NewArrival/warehouseShipping"), ["orderId":retailOrderID], STOP_ON_FAILURE): Call Test Case 'Test Cases/NewArrival/warehouseShipping' successfully

2019-11-06 03:53:37 - [TEST_CASE][PASSED] - Test Cases/NewArrival/warehouseShipping: Test Cases/NewArrival/warehouseShipping

2019-11-06 03:53:37 - [TEST_STEP][PASSED] - println(orderId): null

2019-11-06 03:53:37 - [TEST_STEP][PASSED] - callTestCase(findTestCase("TestCaseUtilities/cabiWarehouseLogin"), ["CWURL":"", "CWuser":"", "CWpass":""], CONTINUE_ON_FAILURE): Call Test Case 'Test Cases/TestCaseUtilities/cabiWarehouseLogin' successfully

2019-11-06 03:53:37 - [TEST_CASE][PASSED] - Test Cases/TestCaseUtilities/cabiWarehouseLogin: Test Cases/TestCaseUtilities/cabiWarehouseLogin

2019-11-06 03:53:38 - [TEST_STEP][PASSED] - CWURL = findTestData("envtData").getValue("CWURL", 1): null

2019-11-06 03:53:38 - [TEST_STEP][PASSED] - CWuser = findTestData("credData").getValue("CWuser", 1): null

2019-11-06 03:53:38 - [TEST_STEP][PASSED] - CWpass = findTestData("credData").getValue("CWpass", 1): null

2019-11-06 03:53:38 - [TEST_STEP][PASSED] - openBrowser(""): Browser is opened with url: ''

2019-11-06 03:53:38 - [MESSAGE][WARNING] - A browser is already opened. Closing browser and opening a new one

2019-11-06 03:53:39 - [MESSAGE][INFO] - Starting 'Chrome' driver

2019-11-06 03:53:39 - [MESSAGE][INFO] - User set preference: ['args', '[--use-fake-ui-for-media-stream, --start-maximized]']

2019-11-06 03:53:41 - [MESSAGE][PASSED] - Browser is opened with url: ''

2019-11-06 03:53:41 - [TEST_STEP][PASSED] - navigateToUrl(CWURL): Navigate to 'https://test18.cliotest.com/warehouse/control/main' successfully

2019-11-06 03:53:47 - [MESSAGE][PASSED] - Navigate to 'https://test18.cliotest.com/warehouse/control/main' successfully

2019-11-06 03:53:47 - [TEST_STEP][PASSED] - logOut = findWebElements(findTestObject("Object Repository/Cabi warehouse/Page_cabi_home/log_out"), 1): Unable to find the element located by 'By.xpath: //li/a[contains(text(), 'Log Out »')]'. Please recheck the objects properties to make sure the desired element is located. 

2019-11-06 03:53:48 - [MESSAGE][INFO] - Unable to find the element located by 'By.xpath: //li/a[contains(text(), 'Log Out »')]'. Please recheck the objects properties to make sure the desired element is located. 

2019-11-06 03:53:48 - [TEST_STEP][PASSED] - if (logOut.size() == 0): Object: 'Object Repository/Cabi warehouse/Page_cabi/input_Password_section-btn btn-stl-pk rFloat' is clicked on

2019-11-06 03:53:48 - [TEST_STEP][PASSED] - setText(findTestObject("Object Repository/Cabi warehouse/Page_cabi/input_Username_USERNAME"), CWuser): Text 'rsuarez' is set on object 'Object Repository/Cabi warehouse/Page_cabi/input_Username_USERNAME'

2019-11-06 03:53:48 - [MESSAGE][PASSED] - Text 'rsuarez' is set on object 'Object Repository/Cabi warehouse/Page_cabi/input_Username_USERNAME'

2019-11-06 03:53:48 - [TEST_STEP][PASSED] - setText(findTestObject("Object Repository/Cabi warehouse/Page_cabi/input_Password_PASSWORD"), CWpass): Text 'blackdress19' is set on object 'Object Repository/Cabi warehouse/Page_cabi/input_Password_PASSWORD'

2019-11-06 03:53:48 - [MESSAGE][PASSED] - Text 'blackdress19' is set on object 'Object Repository/Cabi warehouse/Page_cabi/input_Password_PASSWORD'

2019-11-06 03:53:48 - [TEST_STEP][PASSED] - click(findTestObject("Object Repository/Cabi warehouse/Page_cabi/input_Password_section-btn btn-stl-pk rFloat")): Object: 'Object Repository/Cabi warehouse/Page_cabi/input_Password_section-btn btn-stl-pk rFloat' is clicked on

2019-11-06 03:53:51 - [MESSAGE][PASSED] - Object: 'Object Repository/Cabi warehouse/Page_cabi/input_Password_section-btn btn-stl-pk rFloat' is clicked on

2019-11-06 03:53:51 - [TEST_STEP][PASSED] - delay(3): Delayed 3 second(s)

2019-11-06 03:53:54 - [MESSAGE][PASSED] - Delayed 3 second(s)

2019-11-06 03:53:54 - [MESSAGE][PASSED] - Call Test Case 'Test Cases/TestCaseUtilities/cabiWarehouseLogin' successfully

2019-11-06 03:53:54 - [TEST_STEP][PASSED] - click(findTestObject("Page_cabi Manage PickLists/a_Create PickLists")): Object: 'Object Repository/Page_cabi Manage PickLists/a_Create PickLists' is clicked on

2019-11-06 03:53:55 - [MESSAGE][PASSED] - Object: 'Object Repository/Page_cabi Manage PickLists/a_Create PickLists' is clicked on

2019-11-06 03:53:55 - [TEST_STEP][PASSED] - delay(2): Delayed 2 second(s)

2019-11-06 03:53:57 - [MESSAGE][PASSED] - Delayed 2 second(s)

2019-11-06 03:53:57 - [TEST_STEP][PASSED] - click(findTestObject("findOrders/Page_cabi Find Orders/Page_cabi SampleLine Shipment Screen/a_single_order")): Object: 'Object Repository/findOrders/Page_cabi Find Orders/Page_cabi SampleLine Shipment Screen/a_single_order' is clicked on

2019-11-06 03:53:58 - [MESSAGE][PASSED] - Object: 'Object Repository/findOrders/Page_cabi Find Orders/Page_cabi SampleLine Shipment Screen/a_single_order' is clicked on

2019-11-06 03:53:58 - [TEST_STEP][PASSED] - setText(findTestObject("Page_cabi Create Single Order PickList/input_Order Id_orderId"), orderId): Text 'RT708481327' is set on object 'Object Repository/Page_cabi Create Single Order PickList/input_Order Id_orderId'

2019-11-06 03:53:58 - [MESSAGE][PASSED] - Text 'RT708481327' is set on object 'Object Repository/Page_cabi Create Single Order PickList/input_Order Id_orderId'

2019-11-06 03:53:58 - [TEST_STEP][PASSED] - click(findTestObject("Page_cabi Create Single Order PickList/input_Create even if fully backordered_submitButton")): Object: 'Object Repository/Page_cabi Create Single Order PickList/input_Create even if fully backordered_submitButton' is clicked on

2019-11-06 03:54:00 - [MESSAGE][PASSED] - Object: 'Object Repository/Page_cabi Create Single Order PickList/input_Create even if fully backordered_submitButton' is clicked on

2019-11-06 03:54:00 - [TEST_STEP][PASSED] - delay(2): Delayed 2 second(s)

2019-11-06 03:54:02 - [MESSAGE][PASSED] - Delayed 2 second(s)

2019-11-06 03:54:02 - [TEST_STEP][PASSED] - pickListCreated = findWebElements(findTestObject("Cabi warehouse/picklistCreatedMessage"), 5): null

2019-11-06 03:54:02 - [TEST_STEP][PASSED] - if (pickListCreated.size() == 0): null

2019-11-06 03:54:02 - [TEST_STEP][PASSED] - picklistCreatedMessage = UtilityMethods.concat("Picklist for order: [", orderId, "] has been created successfully."): null

2019-11-06 03:54:02 - [TEST_STEP][PASSED] - println(picklistCreatedMessage): null

2019-11-06 03:54:02 - [TEST_STEP][PASSED] - verifyElementText(findTestObject("Cabi warehouse/picklistCreatedMessage"), picklistCreatedMessage): Actual text and expected text of test object 'Object Repository/Cabi warehouse/picklistCreatedMessage' are matched.

2019-11-06 03:54:02 - [MESSAGE][PASSED] - Actual text and expected text of test object 'Object Repository/Cabi warehouse/picklistCreatedMessage' are matched.

2019-11-06 03:54:02 - [TEST_STEP][PASSED] - click(findTestObject("Page_cabi Create Single Order PickList/a_Manage PickLists")): Object: 'Object Repository/Page_cabi Create Single Order PickList/a_Manage PickLists' is clicked on

2019-11-06 03:54:03 - [MESSAGE][PASSED] - Object: 'Object Repository/Page_cabi Create Single Order PickList/a_Manage PickLists' is clicked on

2019-11-06 03:54:03 - [TEST_STEP][PASSED] - delay(2): Delayed 2 second(s)

2019-11-06 03:54:05 - [MESSAGE][PASSED] - Delayed 2 second(s)

2019-11-06 03:54:05 - [TEST_STEP][PASSED] - setText(findTestObject("Page_cabi Manage PickLists/input_Order _orderId"), orderId): Text 'RT708481327' is set on object 'Object Repository/Page_cabi Manage PickLists/input_Order _orderId'

2019-11-06 03:54:05 - [MESSAGE][PASSED] - Text 'RT708481327' is set on object 'Object Repository/Page_cabi Manage PickLists/input_Order _orderId'

2019-11-06 03:54:05 - [TEST_STEP][PASSED] - click(findTestObject("Page_cabi Manage PickLists/input")): Object: 'Object Repository/Page_cabi Manage PickLists/input' is clicked on

2019-11-06 03:54:06 - [MESSAGE][PASSED] - Object: 'Object Repository/Page_cabi Manage PickLists/input' is clicked on

2019-11-06 03:54:06 - [TEST_STEP][PASSED] - delay(3): Delayed 3 second(s)

2019-11-06 03:54:09 - [MESSAGE][PASSED] - Delayed 3 second(s)

2019-11-06 03:54:09 - [TEST_STEP][PASSED] - click(findTestObject("Page_cabi Manage PickLists/td_104238610")): Object: 'Object Repository/Page_cabi Manage PickLists/td_104238610' is clicked on

2019-11-06 03:54:10 - [MESSAGE][PASSED] - Object: 'Object Repository/Page_cabi Manage PickLists/td_104238610' is clicked on

2019-11-06 03:54:10 - [TEST_STEP][PASSED] - delay(2): Delayed 2 second(s)

2019-11-06 03:54:12 - [MESSAGE][PASSED] - Delayed 2 second(s)

2019-11-06 03:54:12 - [TEST_STEP][PASSED] - picklistId = getText(findTestObject("Page_cabi Manage PickLists/td_104238610")): Text of object 'Object Repository/Page_cabi Manage PickLists/td_104238610' is: '104489913'

2019-11-06 03:54:12 - [MESSAGE][PASSED] - Text of object 'Object Repository/Page_cabi Manage PickLists/td_104238610' is: '104489913'

2019-11-06 03:54:12 - [TEST_STEP][PASSED] - click(findTestObject("Page_cabi Manage PickLists/a_Packing")): Object: 'Object Repository/Page_cabi Manage PickLists/a_Packing' is clicked on

2019-11-06 03:54:13 - [MESSAGE][PASSED] - Object: 'Object Repository/Page_cabi Manage PickLists/a_Packing' is clicked on

2019-11-06 03:54:13 - [TEST_STEP][PASSED] - setText(findTestObject("Page_cabi Pack Init/input_Pack Station_packStationId"), "30"): Text '30' is set on object 'Object Repository/Page_cabi Pack Init/input_Pack Station_packStationId'

2019-11-06 03:54:13 - [MESSAGE][PASSED] - Text '30' is set on object 'Object Repository/Page_cabi Pack Init/input_Pack Station_packStationId'

2019-11-06 03:54:13 - [TEST_STEP][PASSED] - click(findTestObject("Page_cabi Pack Init/input_Pack Station_submitButton")): Object: 'Object Repository/Page_cabi Pack Init/input_Pack Station_submitButton' is clicked on

2019-11-06 03:54:14 - [MESSAGE][PASSED] - Object: 'Object Repository/Page_cabi Pack Init/input_Pack Station_submitButton' is clicked on

2019-11-06 03:54:14 - [TEST_STEP][PASSED] - delay(2): Delayed 2 second(s)

2019-11-06 03:54:16 - [MESSAGE][PASSED] - Delayed 2 second(s)

2019-11-06 03:54:16 - [TEST_STEP][PASSED] - setText(findTestObject("Page_cabi Pack Init/input_Picklist ID_pickId"), picklistId): Text '104489913' is set on object 'Object Repository/Page_cabi Pack Init/input_Picklist ID_pickId'

2019-11-06 03:54:17 - [MESSAGE][PASSED] - Text '104489913' is set on object 'Object Repository/Page_cabi Pack Init/input_Picklist ID_pickId'

2019-11-06 03:54:17 - [TEST_STEP][PASSED] - click(findTestObject("Page_cabi Pack Init/input_Picklist ID_submitButton")): Object: 'Object Repository/Page_cabi Pack Init/input_Picklist ID_submitButton' is clicked on

2019-11-06 03:54:18 - [MESSAGE][PASSED] - Object: 'Object Repository/Page_cabi Pack Init/input_Picklist ID_submitButton' is clicked on

2019-11-06 03:54:18 - [TEST_STEP][PASSED] - delay(2): Delayed 2 second(s)

2019-11-06 03:54:20 - [MESSAGE][PASSED] - Delayed 2 second(s)

2019-11-06 03:54:20 - [TEST_STEP][PASSED] - click(findTestObject("Page_cabi General Pack/input_Cream Of Wheat_button addItemForVerification")): Object: 'Object Repository/Page_cabi General Pack/input_Cream Of Wheat_button addItemForVerification' is clicked on

2019-11-06 03:54:21 - [MESSAGE][PASSED] - Object: 'Object Repository/Page_cabi General Pack/input_Cream Of Wheat_button addItemForVerification' is clicked on

2019-11-06 03:54:21 - [TEST_STEP][PASSED] - delay(2): Delayed 2 second(s)

2019-11-06 03:54:23 - [MESSAGE][PASSED] - Delayed 2 second(s)

2019-11-06 03:54:23 - [TEST_STEP][PASSED] - click(findTestObject("Page_cabi General Pack/input_Pack Station  30_shipConfirmBtn")): Object: 'Object Repository/Page_cabi General Pack/input_Pack Station  30_shipConfirmBtn' is clicked on

2019-11-06 03:54:27 - [MESSAGE][PASSED] - Object: 'Object Repository/Page_cabi General Pack/input_Pack Station  30_shipConfirmBtn' is clicked on

2019-11-06 03:54:27 - [TEST_STEP][PASSED] - delay(3): Delayed 3 second(s)

2019-11-06 03:54:30 - [MESSAGE][PASSED] - Delayed 3 second(s)

2019-11-06 03:54:30 - [TEST_STEP][PASSED] - itemsNotpacked = findWebElements(findTestObject("Cabi warehouse/itemsNotPacked"), 5): Unable to find the element located by 'By.xpath: //*[@id="content-messages"]/p[1]'. Please recheck the objects properties to make sure the desired element is located. 

2019-11-06 03:54:35 - [MESSAGE][INFO] - Unable to find the element located by 'By.xpath: //*[@id="content-messages"]/p[1]'. Please recheck the objects properties to make sure the desired element is located. 

2019-11-06 03:54:35 - [TEST_STEP][PASSED] - if (itemsNotpacked.size() > 0): null

2019-11-06 03:54:35 - [MESSAGE][PASSED] - Call Test Case 'Test Cases/NewArrival/warehouseShipping' successfully

2019-11-06 03:54:35 - [TEST_STEP][PASSED] - callTestCase(findTestCase("TestCaseUtilities/setVHost"), [:], STOP_ON_FAILURE): Call Test Case 'Test Cases/TestCaseUtilities/setVHost' successfully

2019-11-06 03:54:35 - [TEST_CASE][PASSED] - Test Cases/TestCaseUtilities/setVHost: Test Cases/TestCaseUtilities/setVHost

2019-11-06 03:54:35 - [TEST_STEP][PASSED] - ofbizURL = findTestData("envtData").getValue("ofbizURL", 1): null

2019-11-06 03:54:35 - [TEST_STEP][PASSED] - ofbizUser = findTestData("credData").getValue("ofbizuser", 1): null

2019-11-06 03:54:35 - [TEST_STEP][PASSED] - ofbizPass = findTestData("credData").getValue("ofbizpass", 1): null

2019-11-06 03:54:35 - [TEST_STEP][PASSED] - vhostTarget = findTestData("envtData").getValue("vhostTarget", 1): null

2019-11-06 03:54:35 - [TEST_STEP][PASSED] - navigateToUrl(ofbizURL): Navigate to 'https://pushofbiz.cliotest.com/login.php' successfully

2019-11-06 03:54:37 - [MESSAGE][PASSED] - Navigate to 'https://pushofbiz.cliotest.com/login.php' successfully

2019-11-06 03:54:37 - [TEST_STEP][PASSED] - setText(findTestObject("Object Repository/virualShowRSVPOR/Page_/input_Username_username"), ofbizUser): Text 'automation' is set on object 'Object Repository/virualShowRSVPOR/Page_/input_Username_username'

2019-11-06 03:54:37 - [MESSAGE][PASSED] - Text 'automation' is set on object 'Object Repository/virualShowRSVPOR/Page_/input_Username_username'

2019-11-06 03:54:37 - [TEST_STEP][PASSED] - setText(findTestObject("Object Repository/virualShowRSVPOR/Page_/input_Password_password"), ofbizPass): Text 'cabiautomation' is set on object 'Object Repository/virualShowRSVPOR/Page_/input_Password_password'

2019-11-06 03:54:37 - [MESSAGE][PASSED] - Text 'cabiautomation' is set on object 'Object Repository/virualShowRSVPOR/Page_/input_Password_password'

2019-11-06 03:54:37 - [TEST_STEP][PASSED] - click(findTestObject("Object Repository/virualShowRSVPOR/Page_/input_Password_Submit")): Object: 'Object Repository/virualShowRSVPOR/Page_/input_Password_Submit' is clicked on

2019-11-06 03:54:41 - [MESSAGE][PASSED] - Object: 'Object Repository/virualShowRSVPOR/Page_/input_Password_Submit' is clicked on

2019-11-06 03:54:41 - [TEST_STEP][PASSED] - click(findTestObject("Object Repository/virualShowRSVPOR/Page_/a_Set Vhost")): Object: 'Object Repository/virualShowRSVPOR/Page_/a_Set Vhost' is clicked on

2019-11-06 03:54:42 - [MESSAGE][PASSED] - Object: 'Object Repository/virualShowRSVPOR/Page_/a_Set Vhost' is clicked on

2019-11-06 03:54:42 - [TEST_STEP][PASSED] - click(UtilityMethods.createTestObject("select_target", "//select[@name='Target']/option[contains(text(), '", vhostTarget, "')]")): Object: 'select_target' is clicked on

2019-11-06 03:54:42 - [MESSAGE][PASSED] - Object: 'select_target' is clicked on

2019-11-06 03:54:42 - [TEST_STEP][PASSED] - click(findTestObject("Object Repository/virualShowRSVPOR/Page_/input")): Object: 'Object Repository/virualShowRSVPOR/Page_/input' is clicked on

2019-11-06 03:54:44 - [MESSAGE][PASSED] - Object: 'Object Repository/virualShowRSVPOR/Page_/input' is clicked on

2019-11-06 03:54:44 - [MESSAGE][PASSED] - Call Test Case 'Test Cases/TestCaseUtilities/setVHost' successfully

2019-11-06 03:54:44 - [TEST_STEP][PASSED] - callTestCase(findTestCase("TestCaseUtilities/rsLogin"), ["RSURL":"", "RSuser":"", "RSpass":""], STOP_ON_FAILURE): Call Test Case 'Test Cases/TestCaseUtilities/rsLogin' successfully

2019-11-06 03:54:44 - [TEST_CASE][PASSED] - Test Cases/TestCaseUtilities/rsLogin: Test Cases/TestCaseUtilities/rsLogin

2019-11-06 03:54:44 - [TEST_STEP][PASSED] - dataFile = "micrositeData": null

2019-11-06 03:54:44 - [TEST_STEP][PASSED] - guest1Mail = findTestData(dataFile).getValue("guest1Mail", 1): null

2019-11-06 03:54:44 - [TEST_STEP][PASSED] - guest1Pass = findTestData(dataFile).getValue("guest1Pass", 1): null

2019-11-06 03:54:44 - [TEST_STEP][PASSED] - RSTestEnvt = findTestData("envtData").getValue("RSTestEnvt", 1): null

2019-11-06 03:54:45 - [TEST_STEP][PASSED] - openBrowser(""): Browser is opened with url: ''

2019-11-06 03:54:45 - [MESSAGE][WARNING] - A browser is already opened. Closing browser and opening a new one

2019-11-06 03:54:45 - [MESSAGE][INFO] - Starting 'Chrome' driver

2019-11-06 03:54:45 - [MESSAGE][INFO] - User set preference: ['args', '[--use-fake-ui-for-media-stream, --start-maximized]']

2019-11-06 03:54:47 - [MESSAGE][PASSED] - Browser is opened with url: ''

2019-11-06 03:54:47 - [TEST_STEP][PASSED] - callTestCase(findTestCase("TestCaseUtilities/setVHost"), [:], STOP_ON_FAILURE): Call Test Case 'Test Cases/TestCaseUtilities/setVHost' successfully

2019-11-06 03:54:47 - [TEST_CASE][PASSED] - Test Cases/TestCaseUtilities/setVHost: Test Cases/TestCaseUtilities/setVHost

2019-11-06 03:54:48 - [TEST_STEP][PASSED] - ofbizURL = findTestData("envtData").getValue("ofbizURL", 1): null

2019-11-06 03:54:48 - [TEST_STEP][PASSED] - ofbizUser = findTestData("credData").getValue("ofbizuser", 1): null

2019-11-06 03:54:48 - [TEST_STEP][PASSED] - ofbizPass = findTestData("credData").getValue("ofbizpass", 1): null

2019-11-06 03:54:48 - [TEST_STEP][PASSED] - vhostTarget = findTestData("envtData").getValue("vhostTarget", 1): null

2019-11-06 03:54:48 - [TEST_STEP][PASSED] - navigateToUrl(ofbizURL): Navigate to 'https://pushofbiz.cliotest.com/login.php' successfully

2019-11-06 03:54:49 - [MESSAGE][PASSED] - Navigate to 'https://pushofbiz.cliotest.com/login.php' successfully

2019-11-06 03:54:49 - [TEST_STEP][PASSED] - setText(findTestObject("Object Repository/virualShowRSVPOR/Page_/input_Username_username"), ofbizUser): Text 'automation' is set on object 'Object Repository/virualShowRSVPOR/Page_/input_Username_username'

2019-11-06 03:54:49 - [MESSAGE][PASSED] - Text 'automation' is set on object 'Object Repository/virualShowRSVPOR/Page_/input_Username_username'

2019-11-06 03:54:49 - [TEST_STEP][PASSED] - setText(findTestObject("Object Repository/virualShowRSVPOR/Page_/input_Password_password"), ofbizPass): Text 'cabiautomation' is set on object 'Object Repository/virualShowRSVPOR/Page_/input_Password_password'

2019-11-06 03:54:50 - [MESSAGE][PASSED] - Text 'cabiautomation' is set on object 'Object Repository/virualShowRSVPOR/Page_/input_Password_password'

2019-11-06 03:54:50 - [TEST_STEP][PASSED] - click(findTestObject("Object Repository/virualShowRSVPOR/Page_/input_Password_Submit")): Object: 'Object Repository/virualShowRSVPOR/Page_/input_Password_Submit' is clicked on

2019-11-06 03:54:54 - [MESSAGE][PASSED] - Object: 'Object Repository/virualShowRSVPOR/Page_/input_Password_Submit' is clicked on

2019-11-06 03:54:54 - [TEST_STEP][PASSED] - click(findTestObject("Object Repository/virualShowRSVPOR/Page_/a_Set Vhost")): Object: 'Object Repository/virualShowRSVPOR/Page_/a_Set Vhost' is clicked on

2019-11-06 03:54:55 - [MESSAGE][PASSED] - Object: 'Object Repository/virualShowRSVPOR/Page_/a_Set Vhost' is clicked on

2019-11-06 03:54:55 - [TEST_STEP][PASSED] - click(UtilityMethods.createTestObject("select_target", "//select[@name='Target']/option[contains(text(), '", vhostTarget, "')]")): Object: 'select_target' is clicked on

2019-11-06 03:54:55 - [MESSAGE][PASSED] - Object: 'select_target' is clicked on

2019-11-06 03:54:55 - [TEST_STEP][PASSED] - click(findTestObject("Object Repository/virualShowRSVPOR/Page_/input")): Object: 'Object Repository/virualShowRSVPOR/Page_/input' is clicked on

2019-11-06 03:54:57 - [MESSAGE][PASSED] - Object: 'Object Repository/virualShowRSVPOR/Page_/input' is clicked on

2019-11-06 03:54:57 - [MESSAGE][PASSED] - Call Test Case 'Test Cases/TestCaseUtilities/setVHost' successfully

2019-11-06 03:54:57 - [TEST_STEP][PASSED] - loginURL = UtilityMethods.concat("https://mirandakate.", RSTestEnvt, ".com/?component=account.login-gateway"): null

2019-11-06 03:54:57 - [TEST_STEP][PASSED] - navigateToUrl(loginURL): Navigate to 'https://mirandakate.cabitest5.com/?component=account.login-gateway' successfully

2019-11-06 03:55:10 - [MESSAGE][PASSED] - Navigate to 'https://mirandakate.cabitest5.com/?component=account.login-gateway' successfully

2019-11-06 03:55:10 - [TEST_STEP][PASSED] - delay(3): Delayed 3 second(s)

2019-11-06 03:55:13 - [MESSAGE][PASSED] - Delayed 3 second(s)

2019-11-06 03:55:13 - [TEST_STEP][PASSED] - setText(findTestObject("Object Repository/virualShowRSVPOR/Page_Show microsite/input_Sign in  Create account_email"), guest1Mail): Text 'guest1-test@test.com' is set on object 'Object Repository/virualShowRSVPOR/Page_Show microsite/input_Sign in  Create account_email'

2019-11-06 03:55:14 - [MESSAGE][PASSED] - Text 'guest1-test@test.com' is set on object 'Object Repository/virualShowRSVPOR/Page_Show microsite/input_Sign in  Create account_email'

2019-11-06 03:55:14 - [TEST_STEP][PASSED] - executeJavaScript("arguments[0].click()", Arrays.asList(findWebElement(findTestObject("Object Repository/virualShowRSVPOR/Page_Show microsite/button_Continue"), 30))): Execute JavaScript 'arguments[0].click()' successfully

2019-11-06 03:55:14 - [MESSAGE][PASSED] - Execute JavaScript 'arguments[0].click()' successfully

2019-11-06 03:55:14 - [TEST_STEP][PASSED] - setText(findTestObject("Object Repository/virualShowRSVPOR/Page_Show microsite/input_Welcome_password"), guest1Pass): Text 'blackdress19' is set on object 'Object Repository/virualShowRSVPOR/Page_Show microsite/input_Welcome_password'

2019-11-06 03:55:16 - [MESSAGE][PASSED] - Text 'blackdress19' is set on object 'Object Repository/virualShowRSVPOR/Page_Show microsite/input_Welcome_password'

2019-11-06 03:55:16 - [TEST_STEP][PASSED] - executeJavaScript("arguments[0].click()", Arrays.asList(findWebElement(findTestObject("Object Repository/virualShowRSVPOR/Page_Show microsite/button_Continue_pass"), 30))): Execute JavaScript 'arguments[0].click()' successfully

2019-11-06 03:55:16 - [MESSAGE][PASSED] - Execute JavaScript 'arguments[0].click()' successfully

2019-11-06 03:55:16 - [TEST_STEP][PASSED] - delay(5): Delayed 5 second(s)

2019-11-06 03:55:21 - [MESSAGE][PASSED] - Delayed 5 second(s)

2019-11-06 03:55:21 - [TEST_STEP][PASSED] - if (verifyElementPresent(findTestObject("Object Repository/virualShowRSVPOR/Page_Show microsite/complete_my_profile_later"), 0)): Execute JavaScript 'arguments[0].click()' successfully

2019-11-06 03:55:21 - [MESSAGE][WARNING] - Timeout '0' is invalid. Using default page load timeout: '30'

2019-11-06 03:55:21 - [MESSAGE][PASSED] - Object 'Object Repository/virualShowRSVPOR/Page_Show microsite/complete_my_profile_later' is present

2019-11-06 03:55:21 - [TEST_STEP][PASSED] - executeJavaScript("arguments[0].click()", Arrays.asList(findWebElement(findTestObject("Object Repository/virualShowRSVPOR/Page_Show microsite/div_Ill complete my profile later"), 30))): Execute JavaScript 'arguments[0].click()' successfully

2019-11-06 03:55:39 - [MESSAGE][PASSED] - Execute JavaScript 'arguments[0].click()' successfully

2019-11-06 03:55:39 - [MESSAGE][PASSED] - Call Test Case 'Test Cases/TestCaseUtilities/rsLogin' successfully

2019-11-06 03:55:39 - [TEST_STEP][PASSED] - callTestCase(findTestCase("EditOrder/rsOrderHistoryConfirm"), ["orderID":"", "editScenarioNumber":5], STOP_ON_FAILURE): Call Test Case 'Test Cases/EditOrder/rsOrderHistoryConfirm' successfully

2019-11-06 03:55:39 - [TEST_CASE][PASSED] - Test Cases/EditOrder/rsOrderHistoryConfirm: Test Cases/EditOrder/rsOrderHistoryConfirm

2019-11-06 03:55:39 - [TEST_STEP][PASSED] - driver = getWebDriver(): null

2019-11-06 03:55:39 - [TEST_STEP][PASSED] - executor = driver: null

2019-11-06 03:55:39 - [TEST_STEP][PASSED] - orderID = retailOrderID: null

2019-11-06 03:55:39 - [TEST_STEP][PASSED] - println(orderID): null

2019-11-06 03:55:39 - [TEST_STEP][PASSED] - xpath = UtilityMethods.concat("//span[contains(text(), '", orderID, "')]/parent::div/parent::div/div[@class='table-row-edit-order']//a"): null

2019-11-06 03:55:39 - [TEST_STEP][PASSED] - to = new com.kms.katalon.core.testobject.TestObject(a_link_dynamic): null

2019-11-06 03:55:39 - [TEST_STEP][PASSED] - to.addProperty("xpath", EQUALS, xpath): null

2019-11-06 03:55:39 - [TEST_STEP][PASSED] - click(findTestObject("ReplicatedSite/rs_Page_Trendy/i_Michigan_fa fa-caret-down")): Object: 'Object Repository/ReplicatedSite/rs_Page_Trendy/i_Michigan_fa fa-caret-down' is clicked on

2019-11-06 03:55:39 - [MESSAGE][PASSED] - Object: 'Object Repository/ReplicatedSite/rs_Page_Trendy/i_Michigan_fa fa-caret-down' is clicked on

2019-11-06 03:55:39 - [TEST_STEP][PASSED] - click(findTestObject("ReplicatedSite/rs_Page_Trendy/a_My Profile")): Object: 'Object Repository/ReplicatedSite/rs_Page_Trendy/a_My Profile' is clicked on

2019-11-06 03:55:47 - [MESSAGE][PASSED] - Object: 'Object Repository/ReplicatedSite/rs_Page_Trendy/a_My Profile' is clicked on

2019-11-06 03:55:47 - [TEST_STEP][PASSED] - click(findTestObject("Object Repository/ReplicatedSite/Page_Profile - Cabi Fall 2018 Collection/span_Order History")): Object: 'Object Repository/ReplicatedSite/Page_Profile - Cabi Fall 2018 Collection/span_Order History' is clicked on

2019-11-06 03:55:47 - [MESSAGE][PASSED] - Object: 'Object Repository/ReplicatedSite/Page_Profile - Cabi Fall 2018 Collection/span_Order History' is clicked on

2019-11-06 03:55:47 - [TEST_STEP][PASSED] - delay(5): Delayed 5 second(s)

2019-11-06 03:55:52 - [MESSAGE][PASSED] - Delayed 5 second(s)

2019-11-06 03:55:52 - [TEST_STEP][PASSED] - editButton = findWebElements(to, 1): null

2019-11-06 03:55:52 - [TEST_STEP][PASSED] - assert editButton.size() > 0: null

2019-11-06 03:55:52 - [TEST_STEP][PASSED] - if (editButton.size() > 0): null

2019-11-06 03:55:52 - [TEST_STEP][PASSED] - click(to): Object: 'a_link_dynamic' is clicked on

2019-11-06 03:55:52 - [MESSAGE][PASSED] - Object: 'a_link_dynamic' is clicked on

2019-11-06 03:55:52 - [TEST_STEP][PASSED] - delay(10): Delayed 10 second(s)

2019-11-06 03:56:02 - [MESSAGE][PASSED] - Delayed 10 second(s)

2019-11-06 03:56:02 - [TEST_STEP][PASSED] - if (editScenarioNumber == 1): null

2019-11-06 03:56:02 - [TEST_STEP][PASSED] - else if (editScenarioNumber == 3): null

2019-11-06 03:56:02 - [TEST_STEP][PASSED] - else if (editScenarioNumber == 4): null

2019-11-06 03:56:02 - [TEST_STEP][PASSED] - else if (editScenarioNumber == 5): null

2019-11-06 03:56:02 - [TEST_STEP][PASSED] - println("scen = 5"): null

2019-11-06 03:56:02 - [TEST_STEP][PASSED] - delay(5): Delayed 5 second(s)

2019-11-06 03:56:07 - [MESSAGE][PASSED] - Delayed 5 second(s)

2019-11-06 03:56:07 - [TEST_STEP][PASSED] - expectedMessage = "Item Shipped": null

2019-11-06 03:56:07 - [TEST_STEP][PASSED] - actualMessage = getText(findTestObject("Object Repository/ReplicatedSite/itemShipped")): Text of object 'Object Repository/ReplicatedSite/itemShipped' is: 'Item Shipped'

2019-11-06 03:56:07 - [MESSAGE][PASSED] - Text of object 'Object Repository/ReplicatedSite/itemShipped' is: 'Item Shipped'

2019-11-06 03:56:07 - [TEST_STEP][PASSED] - assert actualMessage.equalsIgnoreCase(expectedMessage): null

2019-11-06 03:56:07 - [TEST_STEP][PASSED] - itemRemove = findWebElements(findTestObject("Object Repository/ReplicatedSite/itemRemove"), 5): Unable to find the element located by 'By.xpath: //span[contains(text(), 'Item #5447')]/parent::div/parent::div/div[@class='shop-td options']/p/a[contains(text(), ' Remove')]'. Please recheck the objects properties to make sure the desired element is located. 

2019-11-06 03:56:12 - [MESSAGE][INFO] - Unable to find the element located by 'By.xpath: //span[contains(text(), 'Item #5447')]/parent::div/parent::div/div[@class='shop-td options']/p/a[contains(text(), ' Remove')]'. Please recheck the objects properties to make sure the desired element is located. 

2019-11-06 03:56:12 - [TEST_STEP][PASSED] - assert itemRemove.size() == 0: null

2019-11-06 03:56:12 - [MESSAGE][PASSED] - Call Test Case 'Test Cases/EditOrder/rsOrderHistoryConfirm' successfully]]></system-out>
         <system-err><![CDATA[]]></system-err>
      </testcase>
      <testcase name="Test Cases/EditOrder-V/rsEditOrderRS" classname="Test Cases/EditOrder-V/rsEditOrderRS" status="PASSED">
         <system-out><![CDATA[2019-11-06 03:56:12 - [TEST_CASE][PASSED] - Test Cases/EditOrder-V/rsEditOrderRS: Test Cases/EditOrder-V/rsEditOrderRS

2019-11-06 03:56:12 - [TEST_STEP][PASSED] - Start listener action : sampleBeforeTestCase: null

2019-11-06 03:56:12 - [TEST_STEP][PASSED] - println(testCaseContext.getTestCaseId()): null

2019-11-06 03:56:12 - [TEST_STEP][PASSED] - println(testCaseContext.getTestCaseVariables()): null

2019-11-06 03:56:13 - [TEST_STEP][PASSED] - openBrowser(""): Browser is opened with url: ''

2019-11-06 03:56:13 - [MESSAGE][WARNING] - A browser is already opened. Closing browser and opening a new one

2019-11-06 03:56:13 - [MESSAGE][INFO] - Starting 'Chrome' driver

2019-11-06 03:56:13 - [MESSAGE][INFO] - User set preference: ['args', '[--use-fake-ui-for-media-stream, --start-maximized]']

2019-11-06 03:56:16 - [MESSAGE][PASSED] - Browser is opened with url: ''

2019-11-06 03:56:16 - [TEST_STEP][PASSED] - callTestCase(findTestCase("TestCaseUtilities/setVHost"), [:], STOP_ON_FAILURE): Call Test Case 'Test Cases/TestCaseUtilities/setVHost' successfully

2019-11-06 03:56:16 - [TEST_CASE][PASSED] - Test Cases/TestCaseUtilities/setVHost: Test Cases/TestCaseUtilities/setVHost

2019-11-06 03:56:16 - [TEST_STEP][PASSED] - ofbizURL = findTestData("envtData").getValue("ofbizURL", 1): null

2019-11-06 03:56:16 - [TEST_STEP][PASSED] - ofbizUser = findTestData("credData").getValue("ofbizuser", 1): null

2019-11-06 03:56:16 - [TEST_STEP][PASSED] - ofbizPass = findTestData("credData").getValue("ofbizpass", 1): null

2019-11-06 03:56:16 - [TEST_STEP][PASSED] - vhostTarget = findTestData("envtData").getValue("vhostTarget", 1): null

2019-11-06 03:56:16 - [TEST_STEP][PASSED] - navigateToUrl(ofbizURL): Navigate to 'https://pushofbiz.cliotest.com/login.php' successfully

2019-11-06 03:56:17 - [MESSAGE][PASSED] - Navigate to 'https://pushofbiz.cliotest.com/login.php' successfully

2019-11-06 03:56:17 - [TEST_STEP][PASSED] - setText(findTestObject("Object Repository/virualShowRSVPOR/Page_/input_Username_username"), ofbizUser): Text 'automation' is set on object 'Object Repository/virualShowRSVPOR/Page_/input_Username_username'

2019-11-06 03:56:18 - [MESSAGE][PASSED] - Text 'automation' is set on object 'Object Repository/virualShowRSVPOR/Page_/input_Username_username'

2019-11-06 03:56:18 - [TEST_STEP][PASSED] - setText(findTestObject("Object Repository/virualShowRSVPOR/Page_/input_Password_password"), ofbizPass): Text 'cabiautomation' is set on object 'Object Repository/virualShowRSVPOR/Page_/input_Password_password'

2019-11-06 03:56:18 - [MESSAGE][PASSED] - Text 'cabiautomation' is set on object 'Object Repository/virualShowRSVPOR/Page_/input_Password_password'

2019-11-06 03:56:18 - [TEST_STEP][PASSED] - click(findTestObject("Object Repository/virualShowRSVPOR/Page_/input_Password_Submit")): Object: 'Object Repository/virualShowRSVPOR/Page_/input_Password_Submit' is clicked on

2019-11-06 03:56:22 - [MESSAGE][PASSED] - Object: 'Object Repository/virualShowRSVPOR/Page_/input_Password_Submit' is clicked on

2019-11-06 03:56:22 - [TEST_STEP][PASSED] - click(findTestObject("Object Repository/virualShowRSVPOR/Page_/a_Set Vhost")): Object: 'Object Repository/virualShowRSVPOR/Page_/a_Set Vhost' is clicked on

2019-11-06 03:56:23 - [MESSAGE][PASSED] - Object: 'Object Repository/virualShowRSVPOR/Page_/a_Set Vhost' is clicked on

2019-11-06 03:56:23 - [TEST_STEP][PASSED] - click(UtilityMethods.createTestObject("select_target", "//select[@name='Target']/option[contains(text(), '", vhostTarget, "')]")): Object: 'select_target' is clicked on

2019-11-06 03:56:23 - [MESSAGE][PASSED] - Object: 'select_target' is clicked on

2019-11-06 03:56:23 - [TEST_STEP][PASSED] - click(findTestObject("Object Repository/virualShowRSVPOR/Page_/input")): Object: 'Object Repository/virualShowRSVPOR/Page_/input' is clicked on

2019-11-06 03:56:25 - [MESSAGE][PASSED] - Object: 'Object Repository/virualShowRSVPOR/Page_/input' is clicked on

2019-11-06 03:56:25 - [MESSAGE][PASSED] - Call Test Case 'Test Cases/TestCaseUtilities/setVHost' successfully

2019-11-06 03:56:25 - [TEST_STEP][PASSED] - callTestCase(findTestCase("EditOrder/retailOrderRS"), ["addOnStyle":""], STOP_ON_FAILURE): Call Test Case 'Test Cases/EditOrder/retailOrderRS' successfully

2019-11-06 03:56:25 - [TEST_CASE][PASSED] - Test Cases/EditOrder/retailOrderRS: Test Cases/EditOrder/retailOrderRS

2019-11-06 03:56:25 - [TEST_STEP][PASSED] - openBrowser(""): Browser is opened with url: ''

2019-11-06 03:56:25 - [MESSAGE][WARNING] - A browser is already opened. Closing browser and opening a new one

2019-11-06 03:56:26 - [MESSAGE][INFO] - Starting 'Chrome' driver

2019-11-06 03:56:26 - [MESSAGE][INFO] - User set preference: ['args', '[--use-fake-ui-for-media-stream, --start-maximized]']

2019-11-06 03:56:28 - [MESSAGE][PASSED] - Browser is opened with url: ''

2019-11-06 03:56:28 - [TEST_STEP][PASSED] - driver = getWebDriver(): null

2019-11-06 03:56:28 - [TEST_STEP][PASSED] - executor = driver: null

2019-11-06 03:56:28 - [TEST_STEP][PASSED] - actions = new org.openqa.selenium.interactions.Actions(driver): null

2019-11-06 03:56:28 - [TEST_STEP][PASSED] - RSTestEnvt = findTestData("envtData").getValue("RSTestEnvt", 1): null

2019-11-06 03:56:28 - [TEST_STEP][PASSED] - delay(10): Delayed 10 second(s)

2019-11-06 03:56:38 - [MESSAGE][PASSED] - Delayed 10 second(s)

2019-11-06 03:56:38 - [TEST_STEP][PASSED] - callTestCase(findTestCase("TestCaseUtilities/rsLogin"), ["RSURL":"", "RSuser":"", "RSpass":""], STOP_ON_FAILURE): Call Test Case 'Test Cases/TestCaseUtilities/rsLogin' successfully

2019-11-06 03:56:38 - [TEST_CASE][PASSED] - Test Cases/TestCaseUtilities/rsLogin: Test Cases/TestCaseUtilities/rsLogin

2019-11-06 03:56:38 - [TEST_STEP][PASSED] - dataFile = "micrositeData": null

2019-11-06 03:56:38 - [TEST_STEP][PASSED] - guest1Mail = findTestData(dataFile).getValue("guest1Mail", 1): null

2019-11-06 03:56:38 - [TEST_STEP][PASSED] - guest1Pass = findTestData(dataFile).getValue("guest1Pass", 1): null

2019-11-06 03:56:38 - [TEST_STEP][PASSED] - RSTestEnvt = findTestData("envtData").getValue("RSTestEnvt", 1): null

2019-11-06 03:56:38 - [TEST_STEP][PASSED] - openBrowser(""): Browser is opened with url: ''

2019-11-06 03:56:38 - [MESSAGE][WARNING] - A browser is already opened. Closing browser and opening a new one

2019-11-06 03:56:39 - [MESSAGE][INFO] - Starting 'Chrome' driver

2019-11-06 03:56:39 - [MESSAGE][INFO] - User set preference: ['args', '[--use-fake-ui-for-media-stream, --start-maximized]']

2019-11-06 03:56:41 - [MESSAGE][PASSED] - Browser is opened with url: ''

2019-11-06 03:56:41 - [TEST_STEP][PASSED] - callTestCase(findTestCase("TestCaseUtilities/setVHost"), [:], STOP_ON_FAILURE): Call Test Case 'Test Cases/TestCaseUtilities/setVHost' successfully

2019-11-06 03:56:41 - [TEST_CASE][PASSED] - Test Cases/TestCaseUtilities/setVHost: Test Cases/TestCaseUtilities/setVHost

2019-11-06 03:56:41 - [TEST_STEP][PASSED] - ofbizURL = findTestData("envtData").getValue("ofbizURL", 1): null

2019-11-06 03:56:41 - [TEST_STEP][PASSED] - ofbizUser = findTestData("credData").getValue("ofbizuser", 1): null

2019-11-06 03:56:41 - [TEST_STEP][PASSED] - ofbizPass = findTestData("credData").getValue("ofbizpass", 1): null

2019-11-06 03:56:41 - [TEST_STEP][PASSED] - vhostTarget = findTestData("envtData").getValue("vhostTarget", 1): null

2019-11-06 03:56:41 - [TEST_STEP][PASSED] - navigateToUrl(ofbizURL): Navigate to 'https://pushofbiz.cliotest.com/login.php' successfully

2019-11-06 03:56:43 - [MESSAGE][PASSED] - Navigate to 'https://pushofbiz.cliotest.com/login.php' successfully

2019-11-06 03:56:43 - [TEST_STEP][PASSED] - setText(findTestObject("Object Repository/virualShowRSVPOR/Page_/input_Username_username"), ofbizUser): Text 'automation' is set on object 'Object Repository/virualShowRSVPOR/Page_/input_Username_username'

2019-11-06 03:56:44 - [MESSAGE][PASSED] - Text 'automation' is set on object 'Object Repository/virualShowRSVPOR/Page_/input_Username_username'

2019-11-06 03:56:44 - [TEST_STEP][PASSED] - setText(findTestObject("Object Repository/virualShowRSVPOR/Page_/input_Password_password"), ofbizPass): Text 'cabiautomation' is set on object 'Object Repository/virualShowRSVPOR/Page_/input_Password_password'

2019-11-06 03:56:44 - [MESSAGE][PASSED] - Text 'cabiautomation' is set on object 'Object Repository/virualShowRSVPOR/Page_/input_Password_password'

2019-11-06 03:56:44 - [TEST_STEP][PASSED] - click(findTestObject("Object Repository/virualShowRSVPOR/Page_/input_Password_Submit")): Object: 'Object Repository/virualShowRSVPOR/Page_/input_Password_Submit' is clicked on

2019-11-06 03:56:48 - [MESSAGE][PASSED] - Object: 'Object Repository/virualShowRSVPOR/Page_/input_Password_Submit' is clicked on

2019-11-06 03:56:48 - [TEST_STEP][PASSED] - click(findTestObject("Object Repository/virualShowRSVPOR/Page_/a_Set Vhost")): Object: 'Object Repository/virualShowRSVPOR/Page_/a_Set Vhost' is clicked on

2019-11-06 03:56:49 - [MESSAGE][PASSED] - Object: 'Object Repository/virualShowRSVPOR/Page_/a_Set Vhost' is clicked on

2019-11-06 03:56:49 - [TEST_STEP][PASSED] - click(UtilityMethods.createTestObject("select_target", "//select[@name='Target']/option[contains(text(), '", vhostTarget, "')]")): Object: 'select_target' is clicked on

2019-11-06 03:56:49 - [MESSAGE][PASSED] - Object: 'select_target' is clicked on

2019-11-06 03:56:49 - [TEST_STEP][PASSED] - click(findTestObject("Object Repository/virualShowRSVPOR/Page_/input")): Object: 'Object Repository/virualShowRSVPOR/Page_/input' is clicked on

2019-11-06 03:56:51 - [MESSAGE][PASSED] - Object: 'Object Repository/virualShowRSVPOR/Page_/input' is clicked on

2019-11-06 03:56:51 - [MESSAGE][PASSED] - Call Test Case 'Test Cases/TestCaseUtilities/setVHost' successfully

2019-11-06 03:56:51 - [TEST_STEP][PASSED] - loginURL = UtilityMethods.concat("https://mirandakate.", RSTestEnvt, ".com/?component=account.login-gateway"): null

2019-11-06 03:56:51 - [TEST_STEP][PASSED] - navigateToUrl(loginURL): Navigate to 'https://mirandakate.cabitest5.com/?component=account.login-gateway' successfully

2019-11-06 03:57:21 - [MESSAGE][PASSED] - Navigate to 'https://mirandakate.cabitest5.com/?component=account.login-gateway' successfully

2019-11-06 03:57:21 - [TEST_STEP][PASSED] - delay(3): Delayed 3 second(s)

2019-11-06 03:57:24 - [MESSAGE][PASSED] - Delayed 3 second(s)

2019-11-06 03:57:24 - [TEST_STEP][PASSED] - setText(findTestObject("Object Repository/virualShowRSVPOR/Page_Show microsite/input_Sign in  Create account_email"), guest1Mail): Text 'guest1-test@test.com' is set on object 'Object Repository/virualShowRSVPOR/Page_Show microsite/input_Sign in  Create account_email'

2019-11-06 03:57:25 - [MESSAGE][PASSED] - Text 'guest1-test@test.com' is set on object 'Object Repository/virualShowRSVPOR/Page_Show microsite/input_Sign in  Create account_email'

2019-11-06 03:57:25 - [TEST_STEP][PASSED] - executeJavaScript("arguments[0].click()", Arrays.asList(findWebElement(findTestObject("Object Repository/virualShowRSVPOR/Page_Show microsite/button_Continue"), 30))): Execute JavaScript 'arguments[0].click()' successfully

2019-11-06 03:57:25 - [MESSAGE][PASSED] - Execute JavaScript 'arguments[0].click()' successfully

2019-11-06 03:57:25 - [TEST_STEP][PASSED] - setText(findTestObject("Object Repository/virualShowRSVPOR/Page_Show microsite/input_Welcome_password"), guest1Pass): Text 'blackdress19' is set on object 'Object Repository/virualShowRSVPOR/Page_Show microsite/input_Welcome_password'

2019-11-06 03:57:27 - [MESSAGE][PASSED] - Text 'blackdress19' is set on object 'Object Repository/virualShowRSVPOR/Page_Show microsite/input_Welcome_password'

2019-11-06 03:57:27 - [TEST_STEP][PASSED] - executeJavaScript("arguments[0].click()", Arrays.asList(findWebElement(findTestObject("Object Repository/virualShowRSVPOR/Page_Show microsite/button_Continue_pass"), 30))): Execute JavaScript 'arguments[0].click()' successfully

2019-11-06 03:57:27 - [MESSAGE][PASSED] - Execute JavaScript 'arguments[0].click()' successfully

2019-11-06 03:57:27 - [TEST_STEP][PASSED] - delay(5): Delayed 5 second(s)

2019-11-06 03:57:32 - [MESSAGE][PASSED] - Delayed 5 second(s)

2019-11-06 03:57:32 - [TEST_STEP][PASSED] - if (verifyElementPresent(findTestObject("Object Repository/virualShowRSVPOR/Page_Show microsite/complete_my_profile_later"), 0)): Execute JavaScript 'arguments[0].click()' successfully

2019-11-06 03:57:32 - [MESSAGE][WARNING] - Timeout '0' is invalid. Using default page load timeout: '30'

2019-11-06 03:57:32 - [MESSAGE][PASSED] - Object 'Object Repository/virualShowRSVPOR/Page_Show microsite/complete_my_profile_later' is present

2019-11-06 03:57:32 - [TEST_STEP][PASSED] - executeJavaScript("arguments[0].click()", Arrays.asList(findWebElement(findTestObject("Object Repository/virualShowRSVPOR/Page_Show microsite/div_Ill complete my profile later"), 30))): Execute JavaScript 'arguments[0].click()' successfully

2019-11-06 03:57:47 - [MESSAGE][PASSED] - Execute JavaScript 'arguments[0].click()' successfully

2019-11-06 03:57:47 - [MESSAGE][PASSED] - Call Test Case 'Test Cases/TestCaseUtilities/rsLogin' successfully

2019-11-06 03:57:47 - [TEST_STEP][PASSED] - loginURL = UtilityMethods.concat("https://mirandakate.", RSTestEnvt, ".com/account/#!/checkout"): null

2019-11-06 03:57:47 - [TEST_STEP][PASSED] - click(findTestObject("Object Repository/ReplicatedSite/a_shop")): Object: 'Object Repository/ReplicatedSite/a_shop' is clicked on

2019-11-06 03:57:47 - [MESSAGE][PASSED] - Object: 'Object Repository/ReplicatedSite/a_shop' is clicked on

2019-11-06 03:57:47 - [TEST_STEP][PASSED] - delay(3): Delayed 3 second(s)

2019-11-06 03:57:50 - [MESSAGE][PASSED] - Delayed 3 second(s)

2019-11-06 03:57:50 - [TEST_STEP][PASSED] - click(findTestObject("Object Repository/ReplicatedSite/div_first_item_to_buy_from_vs")): Object: 'Object Repository/ReplicatedSite/div_first_item_to_buy_from_vs' is clicked on

2019-11-06 03:58:00 - [MESSAGE][PASSED] - Object: 'Object Repository/ReplicatedSite/div_first_item_to_buy_from_vs' is clicked on

2019-11-06 03:58:00 - [TEST_STEP][PASSED] - delay(3): Delayed 3 second(s)

2019-11-06 03:58:03 - [MESSAGE][PASSED] - Delayed 3 second(s)

2019-11-06 03:58:03 - [TEST_STEP][PASSED] - noOfOptions = findWebElements(findTestObject("Object Repository/virualShowRSVPOR/Page_Show microsite/div_no_of_options_for_checkout"), 5): null

2019-11-06 03:58:05 - [TEST_STEP][PASSED] - for ([i = 1, i <= noOfOptions.size(), (i++)]): Delayed 3 second(s)

2019-11-06 03:58:05 - [TEST_STEP][PASSED] - dropDown = UtilityMethods.createTestObject("div_drop_down", "(//div[@class='add-to-cart-form']/div[@class='attribute ng-scope']/div[@class='input-select ng-scope']/select)[", String.valueOf(i), "]"): null

2019-11-06 03:58:05 - [TEST_STEP][PASSED] - click(dropDown): Object: 'div_drop_down' is clicked on

2019-11-06 03:58:05 - [MESSAGE][PASSED] - Object: 'div_drop_down' is clicked on

2019-11-06 03:58:05 - [TEST_STEP][PASSED] - selectLastOption = UtilityMethods.createTestObject("div_select_last_option", "(//div[@class='add-to-cart-form']/div[@class='attribute ng-scope']/div[@class='input-select ng-scope']/select)[", String.valueOf(i), "]/option[last()]"): null

2019-11-06 03:58:05 - [TEST_STEP][PASSED] - click(selectLastOption): Object: 'div_select_last_option' is clicked on

2019-11-06 03:58:05 - [MESSAGE][PASSED] - Object: 'div_select_last_option' is clicked on

2019-11-06 03:58:05 - [TEST_STEP][PASSED] - delay(3): Delayed 3 second(s)

2019-11-06 03:58:08 - [MESSAGE][PASSED] - Delayed 3 second(s)

2019-11-06 03:58:08 - [TEST_STEP][PASSED] - delay(3): Delayed 3 second(s)

2019-11-06 03:58:11 - [MESSAGE][PASSED] - Delayed 3 second(s)

2019-11-06 03:58:11 - [TEST_STEP][PASSED] - click(findTestObject("Object Repository/ReplicatedSite/button_add_item_to_bag")): Object: 'Object Repository/ReplicatedSite/button_add_item_to_bag' is clicked on

2019-11-06 03:58:12 - [MESSAGE][PASSED] - Object: 'Object Repository/ReplicatedSite/button_add_item_to_bag' is clicked on

2019-11-06 03:58:12 - [TEST_STEP][PASSED] - delay(3): Delayed 3 second(s)

2019-11-06 03:58:15 - [MESSAGE][PASSED] - Delayed 3 second(s)

2019-11-06 03:58:15 - [TEST_STEP][PASSED] - click(findTestObject("Object Repository/ReplicatedSite/a_cart_svg")): Object: 'Object Repository/ReplicatedSite/a_cart_svg' is clicked on

2019-11-06 03:58:15 - [MESSAGE][PASSED] - Object: 'Object Repository/ReplicatedSite/a_cart_svg' is clicked on

2019-11-06 03:58:15 - [TEST_STEP][PASSED] - delay(5): Delayed 5 second(s)

2019-11-06 03:58:20 - [MESSAGE][PASSED] - Delayed 5 second(s)

2019-11-06 03:58:20 - [TEST_STEP][PASSED] - click(findTestObject("Object Repository/ReplicatedSite/a_checkout")): Object: 'Object Repository/ReplicatedSite/a_checkout' is clicked on

2019-11-06 03:58:20 - [MESSAGE][PASSED] - Object: 'Object Repository/ReplicatedSite/a_checkout' is clicked on

2019-11-06 03:58:20 - [TEST_STEP][PASSED] - delay(10): Delayed 10 second(s)

2019-11-06 03:58:30 - [MESSAGE][PASSED] - Delayed 10 second(s)

2019-11-06 03:58:30 - [TEST_STEP][PASSED] - delay(10): Delayed 10 second(s)

2019-11-06 03:58:40 - [MESSAGE][PASSED] - Delayed 10 second(s)

2019-11-06 03:58:40 - [TEST_STEP][PASSED] - click(findTestObject("Object Repository/ReplicatedSite/input_other_address")): Object: 'Object Repository/ReplicatedSite/input_other_address' is clicked on

2019-11-06 03:58:40 - [MESSAGE][PASSED] - Object: 'Object Repository/ReplicatedSite/input_other_address' is clicked on

2019-11-06 03:58:40 - [TEST_STEP][PASSED] - click(findTestObject("Object Repository/ReplicatedSite/input_my_address_edit_order")): Object: 'Object Repository/ReplicatedSite/input_my_address_edit_order' is clicked on

2019-11-06 03:58:41 - [MESSAGE][PASSED] - Object: 'Object Repository/ReplicatedSite/input_my_address_edit_order' is clicked on

2019-11-06 03:58:41 - [TEST_STEP][PASSED] - waitForElementClickable(findTestObject("ReplicatedSite/button_save_and_continue"), 60): Object 'Object Repository/ReplicatedSite/button_save_and_continue' is clickable

2019-11-06 03:58:41 - [MESSAGE][PASSED] - Object 'Object Repository/ReplicatedSite/button_save_and_continue' is clickable

2019-11-06 03:58:41 - [TEST_STEP][PASSED] - savAndContinue = UtilityMethods.createTestObject("savAndContinue", "(//button/span[contains(text(), 'Save and Continue')])[1]"): null

2019-11-06 03:58:41 - [TEST_STEP][PASSED] - executeJavaScript("arguments[0].click()", Arrays.asList(findWebElement(savAndContinue, 30))): Execute JavaScript 'arguments[0].click()' successfully

2019-11-06 03:58:41 - [MESSAGE][PASSED] - Execute JavaScript 'arguments[0].click()' successfully

2019-11-06 03:58:41 - [TEST_STEP][PASSED] - driver = getWebDriver(): null

2019-11-06 03:58:41 - [TEST_STEP][PASSED] - element = driver.findElement(By.xpath("(//button/span[contains(text(), 'Save and Continue')])[1]")): null

2019-11-06 03:58:41 - [TEST_STEP][PASSED] - executor = driver: null

2019-11-06 03:58:41 - [TEST_STEP][PASSED] - delay(3): Delayed 3 second(s)

2019-11-06 03:58:44 - [MESSAGE][PASSED] - Delayed 3 second(s)

2019-11-06 03:58:44 - [TEST_STEP][PASSED] - executor.executeScript("arguments[0].click();", findWebElement(findTestObject("Object Repository/ReplicatedSite/input_pay_with_credit"), 5)): null

2019-11-06 03:58:44 - [TEST_STEP][PASSED] - executor.executeScript("arguments[0].click();", findWebElement(findTestObject("Object Repository/ReplicatedSite/button_add_another_card"), 5)): null

2019-11-06 03:58:44 - [TEST_STEP][PASSED] - executor.executeScript("arguments[0].click();", findWebElement(findTestObject("Object Repository/ReplicatedSite/select_credit_card_type"), 5)): null

2019-11-06 03:58:44 - [TEST_STEP][PASSED] - click(findTestObject("Object Repository/ReplicatedSite/select_credit_card_type")): Object: 'Object Repository/ReplicatedSite/select_credit_card_type' is clicked on

2019-11-06 03:58:44 - [MESSAGE][PASSED] - Object: 'Object Repository/ReplicatedSite/select_credit_card_type' is clicked on

2019-11-06 03:58:44 - [TEST_STEP][PASSED] - executor.executeScript("arguments[0].click();", findWebElement(findTestObject("Object Repository/ReplicatedSite/input_creditcard_first_name"), 5)): null

2019-11-06 03:58:44 - [TEST_STEP][PASSED] - setText(findTestObject("Object Repository/ReplicatedSite/input_creditcard_first_name"), "abcd"): Text 'abcd' is set on object 'Object Repository/ReplicatedSite/input_creditcard_first_name'

2019-11-06 03:58:45 - [MESSAGE][PASSED] - Text 'abcd' is set on object 'Object Repository/ReplicatedSite/input_creditcard_first_name'

2019-11-06 03:58:45 - [TEST_STEP][PASSED] - executor.executeScript("arguments[0].click();", findWebElement(findTestObject("Object Repository/ReplicatedSite/input_creditcard_last_name"), 5)): null

2019-11-06 03:58:45 - [TEST_STEP][PASSED] - setText(findTestObject("Object Repository/ReplicatedSite/input_creditcard_last_name"), "efgh"): Text 'efgh' is set on object 'Object Repository/ReplicatedSite/input_creditcard_last_name'

2019-11-06 03:58:45 - [MESSAGE][PASSED] - Text 'efgh' is set on object 'Object Repository/ReplicatedSite/input_creditcard_last_name'

2019-11-06 03:58:45 - [TEST_STEP][PASSED] - executor.executeScript("arguments[0].click();", findWebElement(findTestObject("Object Repository/ReplicatedSite/input_creditcard_card_number"), 5)): null

2019-11-06 03:58:45 - [TEST_STEP][PASSED] - setText(findTestObject("Object Repository/ReplicatedSite/input_creditcard_card_number"), "4111111111111111"): Text '4111111111111111' is set on object 'Object Repository/ReplicatedSite/input_creditcard_card_number'

2019-11-06 03:58:46 - [MESSAGE][PASSED] - Text '4111111111111111' is set on object 'Object Repository/ReplicatedSite/input_creditcard_card_number'

2019-11-06 03:58:46 - [TEST_STEP][PASSED] - executor.executeScript("arguments[0].click();", findWebElement(findTestObject("Object Repository/ReplicatedSite/input_creditcard_expiration_month"), 5)): null

2019-11-06 03:58:46 - [TEST_STEP][PASSED] - click(findTestObject("Object Repository/ReplicatedSite/input_creditcard_expiration_month")): Object: 'Object Repository/ReplicatedSite/input_creditcard_expiration_month' is clicked on

2019-11-06 03:58:46 - [MESSAGE][PASSED] - Object: 'Object Repository/ReplicatedSite/input_creditcard_expiration_month' is clicked on

2019-11-06 03:58:46 - [TEST_STEP][PASSED] - executor.executeScript("arguments[0].click();", findWebElement(findTestObject("Object Repository/ReplicatedSite/input_creditcard_expiration_year"), 5)): null

2019-11-06 03:58:46 - [TEST_STEP][PASSED] - click(findTestObject("Object Repository/ReplicatedSite/input_creditcard_expiration_year")): Object: 'Object Repository/ReplicatedSite/input_creditcard_expiration_year' is clicked on

2019-11-06 03:58:46 - [MESSAGE][PASSED] - Object: 'Object Repository/ReplicatedSite/input_creditcard_expiration_year' is clicked on

2019-11-06 03:58:46 - [TEST_STEP][PASSED] - executor.executeScript("arguments[0].click();", findWebElement(findTestObject("Object Repository/ReplicatedSite/input_billing_address"), 5)): null

2019-11-06 03:58:46 - [TEST_STEP][PASSED] - executor.executeScript("arguments[0].click();", findWebElement(findTestObject("Object Repository/ReplicatedSite/input_billing_location_mailing"), 5)): null

2019-11-06 03:58:46 - [TEST_STEP][PASSED] - executor.executeScript("arguments[0].click();", findWebElement(findTestObject("Object Repository/ReplicatedSite/input_billing_location_add_new"), 5)): null

2019-11-06 03:58:47 - [TEST_STEP][PASSED] - executor.executeScript("arguments[0].click();", findWebElement(findTestObject("Object Repository/ReplicatedSite/input_billing_location_mailing"), 5)): null

2019-11-06 03:58:47 - [TEST_STEP][PASSED] - driver = getWebDriver(): null

2019-11-06 03:58:47 - [TEST_STEP][PASSED] - element = driver.findElement(By.xpath("(//button[@type='submit']/span[contains(text(), 'Save')])[2]")): null

2019-11-06 03:58:47 - [TEST_STEP][PASSED] - actions = new org.openqa.selenium.interactions.Actions(driver): null

2019-11-06 03:58:47 - [TEST_STEP][PASSED] - build().perform(): null

2019-11-06 03:58:47 - [TEST_STEP][PASSED] - delay(10): Delayed 10 second(s)

2019-11-06 03:58:57 - [MESSAGE][PASSED] - Delayed 10 second(s)

2019-11-06 03:58:57 - [TEST_STEP][PASSED] - waitForElementClickable(findTestObject("ReplicatedSite/button_save_and_continue_2"), 60): Object 'Object Repository/ReplicatedSite/button_save_and_continue_2' is clickable

2019-11-06 03:58:57 - [MESSAGE][PASSED] - Object 'Object Repository/ReplicatedSite/button_save_and_continue_2' is clickable

2019-11-06 03:58:57 - [TEST_STEP][PASSED] - driver = getWebDriver(): null

2019-11-06 03:58:57 - [TEST_STEP][PASSED] - element = driver.findElement(By.xpath("(//button/span[contains(text(), 'Save and Continue')])[2]")): null

2019-11-06 03:58:57 - [TEST_STEP][PASSED] - executor.executeScript("arguments[0].click();", element): null

2019-11-06 03:58:57 - [TEST_STEP][PASSED] - delay(5): Delayed 5 second(s)

2019-11-06 03:59:02 - [MESSAGE][PASSED] - Delayed 5 second(s)

2019-11-06 03:59:02 - [TEST_STEP][PASSED] - waitForElementClickable(findTestObject("Object Repository/ReplicatedSite/span_complete_order"), 30): Object 'Object Repository/ReplicatedSite/span_complete_order' is clickable

2019-11-06 03:59:02 - [MESSAGE][PASSED] - Object 'Object Repository/ReplicatedSite/span_complete_order' is clickable

2019-11-06 03:59:02 - [TEST_STEP][PASSED] - element = driver.findElement(By.xpath("//span[contains(text(), 'COMPLETE ORDER')]")): null

2019-11-06 03:59:02 - [TEST_STEP][PASSED] - executor.executeScript("arguments[0].click();", element): null

2019-11-06 03:59:02 - [TEST_STEP][PASSED] - delay(5): Delayed 5 second(s)

2019-11-06 03:59:07 - [MESSAGE][PASSED] - Delayed 5 second(s)

2019-11-06 03:59:07 - [TEST_STEP][PASSED] - executor.executeScript("arguments[0].click();", findWebElement(findTestObject("Object Repository/ReplicatedSite/h1_thanks_msg"), 5)): null

2019-11-06 03:59:07 - [TEST_STEP][PASSED] - delay(3): Delayed 3 second(s)

2019-11-06 03:59:10 - [MESSAGE][PASSED] - Delayed 3 second(s)

2019-11-06 03:59:10 - [MESSAGE][PASSED] - Call Test Case 'Test Cases/EditOrder/retailOrderRS' successfully

2019-11-06 03:59:10 - [TEST_STEP][PASSED] - verifyElementText(findTestObject("Object Repository/ReplicatedSite/h1_thanks_msg"), "Thanks for placing your order!"): Actual text and expected text of test object 'Object Repository/ReplicatedSite/h1_thanks_msg' are matched.

2019-11-06 03:59:10 - [MESSAGE][PASSED] - Actual text and expected text of test object 'Object Repository/ReplicatedSite/h1_thanks_msg' are matched.

2019-11-06 03:59:10 - [TEST_STEP][PASSED] - orderID = getText(findTestObject("Object Repository/ReplicatedSite/span_rs_orderid")): Text of object 'Object Repository/ReplicatedSite/span_rs_orderid' is: 'RP708481328'

2019-11-06 03:59:11 - [MESSAGE][PASSED] - Text of object 'Object Repository/ReplicatedSite/span_rs_orderid' is: 'RP708481328'

2019-11-06 03:59:11 - [TEST_STEP][PASSED] - println(orderID): null

2019-11-06 03:59:11 - [TEST_STEP][PASSED] - delay(5): Delayed 5 second(s)

2019-11-06 03:59:16 - [MESSAGE][PASSED] - Delayed 5 second(s)

2019-11-06 03:59:16 - [TEST_STEP][PASSED] - editOrderButton = findWebElements(findTestObject("Object Repository/ReplicatedSite/div_edit_order_rs"), 5): null

2019-11-06 03:59:16 - [TEST_STEP][PASSED] - assert editOrderButton.size() > 0: null

2019-11-06 03:59:16 - [TEST_STEP][PASSED] - click(findTestObject("Object Repository/ReplicatedSite/div_edit_order_rs")): Object: 'Object Repository/ReplicatedSite/div_edit_order_rs' is clicked on

2019-11-06 03:59:16 - [MESSAGE][PASSED] - Object: 'Object Repository/ReplicatedSite/div_edit_order_rs' is clicked on

2019-11-06 03:59:16 - [TEST_STEP][PASSED] - delay(10): Delayed 10 second(s)

2019-11-06 03:59:26 - [MESSAGE][PASSED] - Delayed 10 second(s)

2019-11-06 03:59:26 - [TEST_STEP][PASSED] - click(findTestObject("Object Repository/ReplicatedSite/a_update_order")): Object: 'Object Repository/ReplicatedSite/a_update_order' is clicked on

2019-11-06 03:59:28 - [MESSAGE][PASSED] - Object: 'Object Repository/ReplicatedSite/a_update_order' is clicked on

2019-11-06 03:59:28 - [TEST_STEP][PASSED] - delay(5): Delayed 5 second(s)

2019-11-06 03:59:33 - [MESSAGE][PASSED] - Delayed 5 second(s)

2019-11-06 03:59:33 - [TEST_STEP][PASSED] - callTestCase(findTestCase("EditOrder/rsUpdateOrder"), [:], STOP_ON_FAILURE): Call Test Case 'Test Cases/EditOrder/rsUpdateOrder' successfully

2019-11-06 03:59:33 - [TEST_CASE][PASSED] - Test Cases/EditOrder/rsUpdateOrder: Test Cases/EditOrder/rsUpdateOrder

2019-11-06 03:59:33 - [TEST_STEP][PASSED] - driver = getWebDriver(): null

2019-11-06 03:59:33 - [TEST_STEP][PASSED] - executor = driver: null

2019-11-06 03:59:33 - [TEST_STEP][PASSED] - element = <not implemented yet for class: org.codehaus.groovy.ast.expr.EmptyExpression>: null

2019-11-06 03:59:33 - [TEST_STEP][PASSED] - actions = <not implemented yet for class: org.codehaus.groovy.ast.expr.EmptyExpression>: null

2019-11-06 03:59:33 - [TEST_STEP][PASSED] - click(findTestObject("Object Repository/ReplicatedSite/input_other_address")): Object: 'Object Repository/ReplicatedSite/input_other_address' is clicked on

2019-11-06 03:59:44 - [MESSAGE][PASSED] - Object: 'Object Repository/ReplicatedSite/input_other_address' is clicked on

2019-11-06 03:59:44 - [TEST_STEP][PASSED] - contactNumber = 3: null

2019-11-06 03:59:44 - [TEST_STEP][PASSED] - address1 = findTestData("contactData").getValue("address1", contactNumber): null

2019-11-06 03:59:44 - [TEST_STEP][PASSED] - city = findTestData("contactData").getValue("city", contactNumber): null

2019-11-06 03:59:44 - [TEST_STEP][PASSED] - state = findTestData("contactData").getValue("state", contactNumber): null

2019-11-06 03:59:44 - [TEST_STEP][PASSED] - zip = findTestData("contactData").getValue("zip", contactNumber): null

2019-11-06 03:59:44 - [TEST_STEP][PASSED] - setText(findTestObject("Object Repository/ReplicatedSite/input_address1_update"), address1): Text '974 BRAHMS CT' is set on object 'Object Repository/ReplicatedSite/input_address1_update'

2019-11-06 03:59:44 - [MESSAGE][PASSED] - Text '974 BRAHMS CT' is set on object 'Object Repository/ReplicatedSite/input_address1_update'

2019-11-06 03:59:44 - [TEST_STEP][PASSED] - setText(findTestObject("Object Repository/ReplicatedSite/input_city_update"), city): Text 'TROY' is set on object 'Object Repository/ReplicatedSite/input_city_update'

2019-11-06 03:59:45 - [MESSAGE][PASSED] - Text 'TROY' is set on object 'Object Repository/ReplicatedSite/input_city_update'

2019-11-06 03:59:45 - [TEST_STEP][PASSED] - xpath = UtilityMethods.concat("//select[@id='stateProvince']/option[@label='", state, "']"): null

2019-11-06 03:59:45 - [TEST_STEP][PASSED] - addressState = new com.kms.katalon.core.testobject.TestObject(select_state_dynamic): null

2019-11-06 03:59:45 - [TEST_STEP][PASSED] - addressState.addProperty("xpath", EQUALS, xpath): null

2019-11-06 03:59:45 - [TEST_STEP][PASSED] - click(addressState): Object: 'select_state_dynamic' is clicked on

2019-11-06 03:59:45 - [MESSAGE][PASSED] - Object: 'select_state_dynamic' is clicked on

2019-11-06 03:59:45 - [TEST_STEP][PASSED] - setText(findTestObject("Object Repository/ReplicatedSite/input_postal_code_update"), zip): Text '48085' is set on object 'Object Repository/ReplicatedSite/input_postal_code_update'

2019-11-06 03:59:45 - [MESSAGE][PASSED] - Text '48085' is set on object 'Object Repository/ReplicatedSite/input_postal_code_update'

2019-11-06 03:59:45 - [TEST_STEP][PASSED] - delay(4): Delayed 4 second(s)

2019-11-06 03:59:49 - [MESSAGE][PASSED] - Delayed 4 second(s)

2019-11-06 03:59:49 - [TEST_STEP][PASSED] - driver = getWebDriver(): null

2019-11-06 03:59:49 - [TEST_STEP][PASSED] - element = driver.findElement(By.xpath("//button[@type='submit']/span[contains(text(), 'Save')]")): null

2019-11-06 03:59:49 - [TEST_STEP][PASSED] - actions = new org.openqa.selenium.interactions.Actions(driver): null

2019-11-06 03:59:49 - [TEST_STEP][PASSED] - build().perform(): null

2019-11-06 03:59:49 - [TEST_STEP][PASSED] - waitForElementClickable(findTestObject("Object Repository/ReplicatedSite/button_save_and_continue"), 30): Object 'Object Repository/ReplicatedSite/button_save_and_continue' is clickable

2019-11-06 03:59:49 - [MESSAGE][PASSED] - Object 'Object Repository/ReplicatedSite/button_save_and_continue' is clickable

2019-11-06 03:59:49 - [TEST_STEP][PASSED] - element = driver.findElement(By.xpath("(//button[@class='btn pull-right'])[1]")): null

2019-11-06 03:59:49 - [TEST_STEP][PASSED] - executor = driver: null

2019-11-06 03:59:49 - [TEST_STEP][PASSED] - executor.executeScript("arguments[0].click();", element): null

2019-11-06 03:59:50 - [TEST_STEP][PASSED] - delay(3): Delayed 3 second(s)

2019-11-06 03:59:53 - [MESSAGE][PASSED] - Delayed 3 second(s)

2019-11-06 03:59:53 - [TEST_STEP][PASSED] - executor.executeScript("arguments[0].click();", findWebElement(findTestObject("Object Repository/ReplicatedSite/input_make_donation"), 5)): null

2019-11-06 03:59:53 - [TEST_STEP][PASSED] - delay(2): Delayed 2 second(s)

2019-11-06 03:59:55 - [MESSAGE][PASSED] - Delayed 2 second(s)

2019-11-06 03:59:55 - [TEST_STEP][PASSED] - executor.executeScript("arguments[0].click();", findWebElement(findTestObject("Object Repository/ReplicatedSite/input_make_donation"), 5)): null

2019-11-06 03:59:55 - [TEST_STEP][PASSED] - executor.executeScript("arguments[0].click();", findWebElement(findTestObject("Object Repository/ReplicatedSite/input_pay_with_gc"), 5)): null

2019-11-06 03:59:55 - [TEST_STEP][PASSED] - delay(2): Delayed 2 second(s)

2019-11-06 03:59:57 - [MESSAGE][PASSED] - Delayed 2 second(s)

2019-11-06 03:59:57 - [TEST_STEP][PASSED] - executor.executeScript("arguments[0].click();", findWebElement(findTestObject("Object Repository/ReplicatedSite/input_pay_with_gc"), 5)): null

2019-11-06 03:59:57 - [TEST_STEP][PASSED] - executor.executeScript("arguments[0].click();", findWebElement(findTestObject("Object Repository/ReplicatedSite/input_pay_with_credit"), 5)): null

2019-11-06 03:59:57 - [TEST_STEP][PASSED] - delay(2): Delayed 2 second(s)

2019-11-06 03:59:59 - [MESSAGE][PASSED] - Delayed 2 second(s)

2019-11-06 03:59:59 - [TEST_STEP][PASSED] - executor.executeScript("arguments[0].click();", findWebElement(findTestObject("Object Repository/ReplicatedSite/input_pay_with_credit"), 5)): null

2019-11-06 03:59:59 - [TEST_STEP][PASSED] - delay(2): Delayed 2 second(s)

2019-11-06 04:00:01 - [MESSAGE][PASSED] - Delayed 2 second(s)

2019-11-06 04:00:01 - [TEST_STEP][PASSED] - RSURL = findTestData("envtData").getValue("RSURL", 1): null

2019-11-06 04:00:01 - [TEST_STEP][PASSED] - cartURL = UtilityMethods.concat(RSURL, "/cart/"): null

2019-11-06 04:00:01 - [TEST_STEP][PASSED] - navigateToUrl(cartURL): Navigate to 'https://mirandakate.cabitest5.com/cart/' successfully

2019-11-06 04:00:17 - [MESSAGE][PASSED] - Navigate to 'https://mirandakate.cabitest5.com/cart/' successfully

2019-11-06 04:00:17 - [MESSAGE][PASSED] - Call Test Case 'Test Cases/EditOrder/rsUpdateOrder' successfully

2019-11-06 04:00:17 - [TEST_STEP][PASSED] - delay(3): Delayed 3 second(s)

2019-11-06 04:00:20 - [MESSAGE][PASSED] - Delayed 3 second(s)

2019-11-06 04:00:20 - [TEST_STEP][PASSED] - click(findTestObject("Object Repository/ReplicatedSite/a_cancel_edit")): Object: 'Object Repository/ReplicatedSite/a_cancel_edit' is clicked on

2019-11-06 04:00:20 - [MESSAGE][PASSED] - Object: 'Object Repository/ReplicatedSite/a_cancel_edit' is clicked on

2019-11-06 04:00:20 - [TEST_STEP][PASSED] - cancelEditButton = findWebElements(findTestObject("Object Repository/ReplicatedSite/h2_sure_to_cancel_edit"), 1): null

2019-11-06 04:00:20 - [TEST_STEP][PASSED] - assert cancelEditButton.size() > 0: null

2019-11-06 04:00:20 - [TEST_STEP][PASSED] - click(findTestObject("ReplicatedSite/button_yes_cancel_edit")): Object: 'Object Repository/ReplicatedSite/button_yes_cancel_edit' is clicked on

2019-11-06 04:00:21 - [MESSAGE][PASSED] - Object: 'Object Repository/ReplicatedSite/button_yes_cancel_edit' is clicked on

2019-11-06 04:00:21 - [TEST_STEP][PASSED] - xpath = UtilityMethods.concat("//span[contains(text(), '", orderID, "')]/parent::div/parent::div/div[@class='table-row-edit-order']"): null

2019-11-06 04:00:21 - [TEST_STEP][PASSED] - to = new com.kms.katalon.core.testobject.TestObject(a_edit_link): null

2019-11-06 04:00:21 - [TEST_STEP][PASSED] - to.addProperty("xpath", EQUALS, xpath): null

2019-11-06 04:00:21 - [TEST_STEP][PASSED] - delay(5): Delayed 5 second(s)

2019-11-06 04:00:26 - [MESSAGE][PASSED] - Delayed 5 second(s)

2019-11-06 04:00:26 - [TEST_STEP][PASSED] - println(to.getXpaths()): null

2019-11-06 04:00:26 - [TEST_STEP][PASSED] - click(to): Object: 'a_edit_link' is clicked on

2019-11-06 04:00:46 - [MESSAGE][PASSED] - Object: 'a_edit_link' is clicked on

2019-11-06 04:00:46 - [TEST_STEP][PASSED] - delay(5): Delayed 5 second(s)

2019-11-06 04:00:51 - [MESSAGE][PASSED] - Delayed 5 second(s)

2019-11-06 04:00:51 - [TEST_STEP][PASSED] - click(findTestObject("Object Repository/ReplicatedSite/a_cancel_order")): Object: 'Object Repository/ReplicatedSite/a_cancel_order' is clicked on

2019-11-06 04:00:57 - [MESSAGE][PASSED] - Object: 'Object Repository/ReplicatedSite/a_cancel_order' is clicked on

2019-11-06 04:00:57 - [TEST_STEP][PASSED] - delay(5): Delayed 5 second(s)

2019-11-06 04:01:02 - [MESSAGE][PASSED] - Delayed 5 second(s)

2019-11-06 04:01:02 - [TEST_STEP][PASSED] - cancelOrderButton = findWebElements(findTestObject("Object Repository/ReplicatedSite/h2_sure_to_cancel_order"), 1): null

2019-11-06 04:01:02 - [TEST_STEP][PASSED] - assert cancelOrderButton.size() > 0: null

2019-11-06 04:01:02 - [TEST_STEP][PASSED] - click(findTestObject("Object Repository/ReplicatedSite/button_yes_cancel_order")): Object: 'Object Repository/ReplicatedSite/button_yes_cancel_order' is clicked on

2019-11-06 04:01:02 - [MESSAGE][PASSED] - Object: 'Object Repository/ReplicatedSite/button_yes_cancel_order' is clicked on

2019-11-06 04:01:02 - [TEST_STEP][PASSED] - delay(5): Delayed 5 second(s)

2019-11-06 04:01:07 - [MESSAGE][PASSED] - Delayed 5 second(s)

2019-11-06 04:01:07 - [TEST_STEP][PASSED] - div_cancelled_order = UtilityMethods.createTestObject("div_cancelled_order", "//span[contains(text(), '", orderID, "')]/parent::div/parent::div/div[@class='table-row-status']/span"): null

2019-11-06 04:01:07 - [TEST_STEP][PASSED] - println(getText(div_cancelled_order)): Text of object 'div_cancelled_order' is: 'Cancelled'

2019-11-06 04:01:13 - [MESSAGE][PASSED] - Text of object 'div_cancelled_order' is: 'Cancelled'

2019-11-06 04:01:13 - [TEST_STEP][PASSED] - verifyElementText(div_cancelled_order, "Cancelled"): Actual text and expected text of test object 'div_cancelled_order' are matched.

2019-11-06 04:01:13 - [MESSAGE][PASSED] - Actual text and expected text of test object 'div_cancelled_order' are matched.]]></system-out>
         <system-err><![CDATA[]]></system-err>
      </testcase>
      <testcase name="Test Cases/EditOrder-V/rsEditOrderAddNewItems" classname="Test Cases/EditOrder-V/rsEditOrderAddNewItems" status="PASSED">
         <system-out><![CDATA[2019-11-06 04:01:13 - [TEST_CASE][PASSED] - Test Cases/EditOrder-V/rsEditOrderAddNewItems: Test Cases/EditOrder-V/rsEditOrderAddNewItems

2019-11-06 04:01:13 - [TEST_STEP][PASSED] - Start listener action : sampleBeforeTestCase: null

2019-11-06 04:01:13 - [TEST_STEP][PASSED] - println(testCaseContext.getTestCaseId()): null

2019-11-06 04:01:13 - [TEST_STEP][PASSED] - println(testCaseContext.getTestCaseVariables()): null

2019-11-06 04:01:14 - [TEST_STEP][PASSED] - openBrowser(""): Browser is opened with url: ''

2019-11-06 04:01:14 - [MESSAGE][WARNING] - A browser is already opened. Closing browser and opening a new one

2019-11-06 04:01:14 - [MESSAGE][INFO] - Starting 'Chrome' driver

2019-11-06 04:01:14 - [MESSAGE][INFO] - User set preference: ['args', '[--use-fake-ui-for-media-stream, --start-maximized]']

2019-11-06 04:01:16 - [MESSAGE][PASSED] - Browser is opened with url: ''

2019-11-06 04:01:16 - [TEST_STEP][PASSED] - callTestCase(findTestCase("EditOrder/retailOrderRS"), ["addOnStyle":""], STOP_ON_FAILURE): Call Test Case 'Test Cases/EditOrder/retailOrderRS' successfully

2019-11-06 04:01:16 - [TEST_CASE][PASSED] - Test Cases/EditOrder/retailOrderRS: Test Cases/EditOrder/retailOrderRS

2019-11-06 04:01:17 - [TEST_STEP][PASSED] - openBrowser(""): Browser is opened with url: ''

2019-11-06 04:01:17 - [MESSAGE][WARNING] - A browser is already opened. Closing browser and opening a new one

2019-11-06 04:01:17 - [MESSAGE][INFO] - Starting 'Chrome' driver

2019-11-06 04:01:17 - [MESSAGE][INFO] - User set preference: ['args', '[--use-fake-ui-for-media-stream, --start-maximized]']

2019-11-06 04:01:19 - [MESSAGE][PASSED] - Browser is opened with url: ''

2019-11-06 04:01:19 - [TEST_STEP][PASSED] - driver = getWebDriver(): null

2019-11-06 04:01:19 - [TEST_STEP][PASSED] - executor = driver: null

2019-11-06 04:01:19 - [TEST_STEP][PASSED] - actions = new org.openqa.selenium.interactions.Actions(driver): null

2019-11-06 04:01:19 - [TEST_STEP][PASSED] - RSTestEnvt = findTestData("envtData").getValue("RSTestEnvt", 1): null

2019-11-06 04:01:19 - [TEST_STEP][PASSED] - delay(10): Delayed 10 second(s)

2019-11-06 04:01:29 - [MESSAGE][PASSED] - Delayed 10 second(s)

2019-11-06 04:01:29 - [TEST_STEP][PASSED] - callTestCase(findTestCase("TestCaseUtilities/rsLogin"), ["RSURL":"", "RSuser":"", "RSpass":""], STOP_ON_FAILURE): Call Test Case 'Test Cases/TestCaseUtilities/rsLogin' successfully

2019-11-06 04:01:29 - [TEST_CASE][PASSED] - Test Cases/TestCaseUtilities/rsLogin: Test Cases/TestCaseUtilities/rsLogin

2019-11-06 04:01:29 - [TEST_STEP][PASSED] - dataFile = "micrositeData": null

2019-11-06 04:01:29 - [TEST_STEP][PASSED] - guest1Mail = findTestData(dataFile).getValue("guest1Mail", 1): null

2019-11-06 04:01:29 - [TEST_STEP][PASSED] - guest1Pass = findTestData(dataFile).getValue("guest1Pass", 1): null

2019-11-06 04:01:29 - [TEST_STEP][PASSED] - RSTestEnvt = findTestData("envtData").getValue("RSTestEnvt", 1): null

2019-11-06 04:01:29 - [TEST_STEP][PASSED] - openBrowser(""): Browser is opened with url: ''

2019-11-06 04:01:29 - [MESSAGE][WARNING] - A browser is already opened. Closing browser and opening a new one

2019-11-06 04:01:30 - [MESSAGE][INFO] - Starting 'Chrome' driver

2019-11-06 04:01:30 - [MESSAGE][INFO] - User set preference: ['args', '[--use-fake-ui-for-media-stream, --start-maximized]']

2019-11-06 04:01:32 - [MESSAGE][PASSED] - Browser is opened with url: ''

2019-11-06 04:01:32 - [TEST_STEP][PASSED] - callTestCase(findTestCase("TestCaseUtilities/setVHost"), [:], STOP_ON_FAILURE): Call Test Case 'Test Cases/TestCaseUtilities/setVHost' successfully

2019-11-06 04:01:32 - [TEST_CASE][PASSED] - Test Cases/TestCaseUtilities/setVHost: Test Cases/TestCaseUtilities/setVHost

2019-11-06 04:01:32 - [TEST_STEP][PASSED] - ofbizURL = findTestData("envtData").getValue("ofbizURL", 1): null

2019-11-06 04:01:32 - [TEST_STEP][PASSED] - ofbizUser = findTestData("credData").getValue("ofbizuser", 1): null

2019-11-06 04:01:33 - [TEST_STEP][PASSED] - ofbizPass = findTestData("credData").getValue("ofbizpass", 1): null

2019-11-06 04:01:33 - [TEST_STEP][PASSED] - vhostTarget = findTestData("envtData").getValue("vhostTarget", 1): null

2019-11-06 04:01:33 - [TEST_STEP][PASSED] - navigateToUrl(ofbizURL): Navigate to 'https://pushofbiz.cliotest.com/login.php' successfully

2019-11-06 04:01:34 - [MESSAGE][PASSED] - Navigate to 'https://pushofbiz.cliotest.com/login.php' successfully

2019-11-06 04:01:34 - [TEST_STEP][PASSED] - setText(findTestObject("Object Repository/virualShowRSVPOR/Page_/input_Username_username"), ofbizUser): Text 'automation' is set on object 'Object Repository/virualShowRSVPOR/Page_/input_Username_username'

2019-11-06 04:01:34 - [MESSAGE][PASSED] - Text 'automation' is set on object 'Object Repository/virualShowRSVPOR/Page_/input_Username_username'

2019-11-06 04:01:34 - [TEST_STEP][PASSED] - setText(findTestObject("Object Repository/virualShowRSVPOR/Page_/input_Password_password"), ofbizPass): Text 'cabiautomation' is set on object 'Object Repository/virualShowRSVPOR/Page_/input_Password_password'

2019-11-06 04:01:35 - [MESSAGE][PASSED] - Text 'cabiautomation' is set on object 'Object Repository/virualShowRSVPOR/Page_/input_Password_password'

2019-11-06 04:01:35 - [TEST_STEP][PASSED] - click(findTestObject("Object Repository/virualShowRSVPOR/Page_/input_Password_Submit")): Object: 'Object Repository/virualShowRSVPOR/Page_/input_Password_Submit' is clicked on

2019-11-06 04:01:39 - [MESSAGE][PASSED] - Object: 'Object Repository/virualShowRSVPOR/Page_/input_Password_Submit' is clicked on

2019-11-06 04:01:39 - [TEST_STEP][PASSED] - click(findTestObject("Object Repository/virualShowRSVPOR/Page_/a_Set Vhost")): Object: 'Object Repository/virualShowRSVPOR/Page_/a_Set Vhost' is clicked on

2019-11-06 04:01:40 - [MESSAGE][PASSED] - Object: 'Object Repository/virualShowRSVPOR/Page_/a_Set Vhost' is clicked on

2019-11-06 04:01:40 - [TEST_STEP][PASSED] - click(UtilityMethods.createTestObject("select_target", "//select[@name='Target']/option[contains(text(), '", vhostTarget, "')]")): Object: 'select_target' is clicked on

2019-11-06 04:01:40 - [MESSAGE][PASSED] - Object: 'select_target' is clicked on

2019-11-06 04:01:40 - [TEST_STEP][PASSED] - click(findTestObject("Object Repository/virualShowRSVPOR/Page_/input")): Object: 'Object Repository/virualShowRSVPOR/Page_/input' is clicked on

2019-11-06 04:01:42 - [MESSAGE][PASSED] - Object: 'Object Repository/virualShowRSVPOR/Page_/input' is clicked on

2019-11-06 04:01:42 - [MESSAGE][PASSED] - Call Test Case 'Test Cases/TestCaseUtilities/setVHost' successfully

2019-11-06 04:01:42 - [TEST_STEP][PASSED] - loginURL = UtilityMethods.concat("https://mirandakate.", RSTestEnvt, ".com/?component=account.login-gateway"): null

2019-11-06 04:01:42 - [TEST_STEP][PASSED] - navigateToUrl(loginURL): Navigate to 'https://mirandakate.cabitest5.com/?component=account.login-gateway' successfully

2019-11-06 04:02:05 - [MESSAGE][PASSED] - Navigate to 'https://mirandakate.cabitest5.com/?component=account.login-gateway' successfully

2019-11-06 04:02:05 - [TEST_STEP][PASSED] - delay(3): Delayed 3 second(s)

2019-11-06 04:02:08 - [MESSAGE][PASSED] - Delayed 3 second(s)

2019-11-06 04:02:08 - [TEST_STEP][PASSED] - setText(findTestObject("Object Repository/virualShowRSVPOR/Page_Show microsite/input_Sign in  Create account_email"), guest1Mail): Text 'guest1-test@test.com' is set on object 'Object Repository/virualShowRSVPOR/Page_Show microsite/input_Sign in  Create account_email'

2019-11-06 04:02:09 - [MESSAGE][PASSED] - Text 'guest1-test@test.com' is set on object 'Object Repository/virualShowRSVPOR/Page_Show microsite/input_Sign in  Create account_email'

2019-11-06 04:02:09 - [TEST_STEP][PASSED] - executeJavaScript("arguments[0].click()", Arrays.asList(findWebElement(findTestObject("Object Repository/virualShowRSVPOR/Page_Show microsite/button_Continue"), 30))): Execute JavaScript 'arguments[0].click()' successfully

2019-11-06 04:02:09 - [MESSAGE][PASSED] - Execute JavaScript 'arguments[0].click()' successfully

2019-11-06 04:02:09 - [TEST_STEP][PASSED] - setText(findTestObject("Object Repository/virualShowRSVPOR/Page_Show microsite/input_Welcome_password"), guest1Pass): Text 'blackdress19' is set on object 'Object Repository/virualShowRSVPOR/Page_Show microsite/input_Welcome_password'

2019-11-06 04:02:11 - [MESSAGE][PASSED] - Text 'blackdress19' is set on object 'Object Repository/virualShowRSVPOR/Page_Show microsite/input_Welcome_password'

2019-11-06 04:02:11 - [TEST_STEP][PASSED] - executeJavaScript("arguments[0].click()", Arrays.asList(findWebElement(findTestObject("Object Repository/virualShowRSVPOR/Page_Show microsite/button_Continue_pass"), 30))): Execute JavaScript 'arguments[0].click()' successfully

2019-11-06 04:02:11 - [MESSAGE][PASSED] - Execute JavaScript 'arguments[0].click()' successfully

2019-11-06 04:02:11 - [TEST_STEP][PASSED] - delay(5): Delayed 5 second(s)

2019-11-06 04:02:16 - [MESSAGE][PASSED] - Delayed 5 second(s)

2019-11-06 04:02:16 - [TEST_STEP][PASSED] - if (verifyElementPresent(findTestObject("Object Repository/virualShowRSVPOR/Page_Show microsite/complete_my_profile_later"), 0)): Execute JavaScript 'arguments[0].click()' successfully

2019-11-06 04:02:16 - [MESSAGE][WARNING] - Timeout '0' is invalid. Using default page load timeout: '30'

2019-11-06 04:02:16 - [MESSAGE][PASSED] - Object 'Object Repository/virualShowRSVPOR/Page_Show microsite/complete_my_profile_later' is present

2019-11-06 04:02:16 - [TEST_STEP][PASSED] - executeJavaScript("arguments[0].click()", Arrays.asList(findWebElement(findTestObject("Object Repository/virualShowRSVPOR/Page_Show microsite/div_Ill complete my profile later"), 30))): Execute JavaScript 'arguments[0].click()' successfully

2019-11-06 04:02:23 - [MESSAGE][PASSED] - Execute JavaScript 'arguments[0].click()' successfully

2019-11-06 04:02:23 - [MESSAGE][PASSED] - Call Test Case 'Test Cases/TestCaseUtilities/rsLogin' successfully

2019-11-06 04:02:23 - [TEST_STEP][PASSED] - loginURL = UtilityMethods.concat("https://mirandakate.", RSTestEnvt, ".com/account/#!/checkout"): null

2019-11-06 04:02:23 - [TEST_STEP][PASSED] - click(findTestObject("Object Repository/ReplicatedSite/a_shop")): Object: 'Object Repository/ReplicatedSite/a_shop' is clicked on

2019-11-06 04:02:40 - [MESSAGE][PASSED] - Object: 'Object Repository/ReplicatedSite/a_shop' is clicked on

2019-11-06 04:02:40 - [TEST_STEP][PASSED] - delay(3): Delayed 3 second(s)

2019-11-06 04:02:43 - [MESSAGE][PASSED] - Delayed 3 second(s)

2019-11-06 04:02:43 - [TEST_STEP][PASSED] - click(findTestObject("Object Repository/ReplicatedSite/div_first_item_to_buy_from_vs")): Object: 'Object Repository/ReplicatedSite/div_first_item_to_buy_from_vs' is clicked on

2019-11-06 04:02:56 - [MESSAGE][PASSED] - Object: 'Object Repository/ReplicatedSite/div_first_item_to_buy_from_vs' is clicked on

2019-11-06 04:02:56 - [TEST_STEP][PASSED] - delay(3): Delayed 3 second(s)

2019-11-06 04:02:59 - [MESSAGE][PASSED] - Delayed 3 second(s)

2019-11-06 04:02:59 - [TEST_STEP][PASSED] - noOfOptions = findWebElements(findTestObject("Object Repository/virualShowRSVPOR/Page_Show microsite/div_no_of_options_for_checkout"), 5): null

2019-11-06 04:02:59 - [TEST_STEP][PASSED] - for ([i = 1, i <= noOfOptions.size(), (i++)]): Delayed 3 second(s)

2019-11-06 04:02:59 - [TEST_STEP][PASSED] - dropDown = UtilityMethods.createTestObject("div_drop_down", "(//div[@class='add-to-cart-form']/div[@class='attribute ng-scope']/div[@class='input-select ng-scope']/select)[", String.valueOf(i), "]"): null

2019-11-06 04:02:59 - [TEST_STEP][PASSED] - click(dropDown): Object: 'div_drop_down' is clicked on

2019-11-06 04:02:59 - [MESSAGE][PASSED] - Object: 'div_drop_down' is clicked on

2019-11-06 04:02:59 - [TEST_STEP][PASSED] - selectLastOption = UtilityMethods.createTestObject("div_select_last_option", "(//div[@class='add-to-cart-form']/div[@class='attribute ng-scope']/div[@class='input-select ng-scope']/select)[", String.valueOf(i), "]/option[last()]"): null

2019-11-06 04:02:59 - [TEST_STEP][PASSED] - click(selectLastOption): Object: 'div_select_last_option' is clicked on

2019-11-06 04:02:59 - [MESSAGE][PASSED] - Object: 'div_select_last_option' is clicked on

2019-11-06 04:02:59 - [TEST_STEP][PASSED] - delay(3): Delayed 3 second(s)

2019-11-06 04:03:02 - [MESSAGE][PASSED] - Delayed 3 second(s)

2019-11-06 04:03:02 - [TEST_STEP][PASSED] - delay(3): Delayed 3 second(s)

2019-11-06 04:03:05 - [MESSAGE][PASSED] - Delayed 3 second(s)

2019-11-06 04:03:05 - [TEST_STEP][PASSED] - click(findTestObject("Object Repository/ReplicatedSite/button_add_item_to_bag")): Object: 'Object Repository/ReplicatedSite/button_add_item_to_bag' is clicked on

2019-11-06 04:03:05 - [MESSAGE][PASSED] - Object: 'Object Repository/ReplicatedSite/button_add_item_to_bag' is clicked on

2019-11-06 04:03:05 - [TEST_STEP][PASSED] - delay(3): Delayed 3 second(s)

2019-11-06 04:03:08 - [MESSAGE][PASSED] - Delayed 3 second(s)

2019-11-06 04:03:08 - [TEST_STEP][PASSED] - click(findTestObject("Object Repository/ReplicatedSite/a_cart_svg")): Object: 'Object Repository/ReplicatedSite/a_cart_svg' is clicked on

2019-11-06 04:03:20 - [MESSAGE][PASSED] - Object: 'Object Repository/ReplicatedSite/a_cart_svg' is clicked on

2019-11-06 04:03:20 - [TEST_STEP][PASSED] - delay(5): Delayed 5 second(s)

2019-11-06 04:03:25 - [MESSAGE][PASSED] - Delayed 5 second(s)

2019-11-06 04:03:25 - [TEST_STEP][PASSED] - click(findTestObject("Object Repository/ReplicatedSite/a_checkout")): Object: 'Object Repository/ReplicatedSite/a_checkout' is clicked on

2019-11-06 04:03:26 - [MESSAGE][PASSED] - Object: 'Object Repository/ReplicatedSite/a_checkout' is clicked on

2019-11-06 04:03:26 - [TEST_STEP][PASSED] - delay(10): Delayed 10 second(s)

2019-11-06 04:03:36 - [MESSAGE][PASSED] - Delayed 10 second(s)

2019-11-06 04:03:36 - [TEST_STEP][PASSED] - delay(10): Delayed 10 second(s)

2019-11-06 04:03:46 - [MESSAGE][PASSED] - Delayed 10 second(s)

2019-11-06 04:03:46 - [TEST_STEP][PASSED] - click(findTestObject("Object Repository/ReplicatedSite/input_other_address")): Object: 'Object Repository/ReplicatedSite/input_other_address' is clicked on

2019-11-06 04:03:46 - [MESSAGE][PASSED] - Object: 'Object Repository/ReplicatedSite/input_other_address' is clicked on

2019-11-06 04:03:46 - [TEST_STEP][PASSED] - click(findTestObject("Object Repository/ReplicatedSite/input_my_address_edit_order")): Object: 'Object Repository/ReplicatedSite/input_my_address_edit_order' is clicked on

2019-11-06 04:03:46 - [MESSAGE][PASSED] - Object: 'Object Repository/ReplicatedSite/input_my_address_edit_order' is clicked on

2019-11-06 04:03:46 - [TEST_STEP][PASSED] - waitForElementClickable(findTestObject("ReplicatedSite/button_save_and_continue"), 60): Object 'Object Repository/ReplicatedSite/button_save_and_continue' is clickable

2019-11-06 04:03:46 - [MESSAGE][PASSED] - Object 'Object Repository/ReplicatedSite/button_save_and_continue' is clickable

2019-11-06 04:03:46 - [TEST_STEP][PASSED] - savAndContinue = UtilityMethods.createTestObject("savAndContinue", "(//button/span[contains(text(), 'Save and Continue')])[1]"): null

2019-11-06 04:03:46 - [TEST_STEP][PASSED] - executeJavaScript("arguments[0].click()", Arrays.asList(findWebElement(savAndContinue, 30))): Execute JavaScript 'arguments[0].click()' successfully

2019-11-06 04:03:46 - [MESSAGE][PASSED] - Execute JavaScript 'arguments[0].click()' successfully

2019-11-06 04:03:46 - [TEST_STEP][PASSED] - driver = getWebDriver(): null

2019-11-06 04:03:46 - [TEST_STEP][PASSED] - element = driver.findElement(By.xpath("(//button/span[contains(text(), 'Save and Continue')])[1]")): null

2019-11-06 04:03:46 - [TEST_STEP][PASSED] - executor = driver: null

2019-11-06 04:03:46 - [TEST_STEP][PASSED] - delay(3): Delayed 3 second(s)

2019-11-06 04:03:49 - [MESSAGE][PASSED] - Delayed 3 second(s)

2019-11-06 04:03:49 - [TEST_STEP][PASSED] - executor.executeScript("arguments[0].click();", findWebElement(findTestObject("Object Repository/ReplicatedSite/input_pay_with_credit"), 5)): null

2019-11-06 04:03:50 - [TEST_STEP][PASSED] - executor.executeScript("arguments[0].click();", findWebElement(findTestObject("Object Repository/ReplicatedSite/button_add_another_card"), 5)): null

2019-11-06 04:03:50 - [TEST_STEP][PASSED] - executor.executeScript("arguments[0].click();", findWebElement(findTestObject("Object Repository/ReplicatedSite/select_credit_card_type"), 5)): null

2019-11-06 04:03:50 - [TEST_STEP][PASSED] - click(findTestObject("Object Repository/ReplicatedSite/select_credit_card_type")): Object: 'Object Repository/ReplicatedSite/select_credit_card_type' is clicked on

2019-11-06 04:03:50 - [MESSAGE][PASSED] - Object: 'Object Repository/ReplicatedSite/select_credit_card_type' is clicked on

2019-11-06 04:03:50 - [TEST_STEP][PASSED] - executor.executeScript("arguments[0].click();", findWebElement(findTestObject("Object Repository/ReplicatedSite/input_creditcard_first_name"), 5)): null

2019-11-06 04:03:50 - [TEST_STEP][PASSED] - setText(findTestObject("Object Repository/ReplicatedSite/input_creditcard_first_name"), "abcd"): Text 'abcd' is set on object 'Object Repository/ReplicatedSite/input_creditcard_first_name'

2019-11-06 04:03:51 - [MESSAGE][PASSED] - Text 'abcd' is set on object 'Object Repository/ReplicatedSite/input_creditcard_first_name'

2019-11-06 04:03:51 - [TEST_STEP][PASSED] - executor.executeScript("arguments[0].click();", findWebElement(findTestObject("Object Repository/ReplicatedSite/input_creditcard_last_name"), 5)): null

2019-11-06 04:03:51 - [TEST_STEP][PASSED] - setText(findTestObject("Object Repository/ReplicatedSite/input_creditcard_last_name"), "efgh"): Text 'efgh' is set on object 'Object Repository/ReplicatedSite/input_creditcard_last_name'

2019-11-06 04:03:51 - [MESSAGE][PASSED] - Text 'efgh' is set on object 'Object Repository/ReplicatedSite/input_creditcard_last_name'

2019-11-06 04:03:51 - [TEST_STEP][PASSED] - executor.executeScript("arguments[0].click();", findWebElement(findTestObject("Object Repository/ReplicatedSite/input_creditcard_card_number"), 5)): null

2019-11-06 04:03:51 - [TEST_STEP][PASSED] - setText(findTestObject("Object Repository/ReplicatedSite/input_creditcard_card_number"), "4111111111111111"): Text '4111111111111111' is set on object 'Object Repository/ReplicatedSite/input_creditcard_card_number'

2019-11-06 04:03:52 - [MESSAGE][PASSED] - Text '4111111111111111' is set on object 'Object Repository/ReplicatedSite/input_creditcard_card_number'

2019-11-06 04:03:52 - [TEST_STEP][PASSED] - executor.executeScript("arguments[0].click();", findWebElement(findTestObject("Object Repository/ReplicatedSite/input_creditcard_expiration_month"), 5)): null

2019-11-06 04:03:52 - [TEST_STEP][PASSED] - click(findTestObject("Object Repository/ReplicatedSite/input_creditcard_expiration_month")): Object: 'Object Repository/ReplicatedSite/input_creditcard_expiration_month' is clicked on

2019-11-06 04:03:52 - [MESSAGE][PASSED] - Object: 'Object Repository/ReplicatedSite/input_creditcard_expiration_month' is clicked on

2019-11-06 04:03:52 - [TEST_STEP][PASSED] - executor.executeScript("arguments[0].click();", findWebElement(findTestObject("Object Repository/ReplicatedSite/input_creditcard_expiration_year"), 5)): null

2019-11-06 04:03:52 - [TEST_STEP][PASSED] - click(findTestObject("Object Repository/ReplicatedSite/input_creditcard_expiration_year")): Object: 'Object Repository/ReplicatedSite/input_creditcard_expiration_year' is clicked on

2019-11-06 04:03:52 - [MESSAGE][PASSED] - Object: 'Object Repository/ReplicatedSite/input_creditcard_expiration_year' is clicked on

2019-11-06 04:03:52 - [TEST_STEP][PASSED] - executor.executeScript("arguments[0].click();", findWebElement(findTestObject("Object Repository/ReplicatedSite/input_billing_address"), 5)): null

2019-11-06 04:03:52 - [TEST_STEP][PASSED] - executor.executeScript("arguments[0].click();", findWebElement(findTestObject("Object Repository/ReplicatedSite/input_billing_location_mailing"), 5)): null

2019-11-06 04:03:52 - [TEST_STEP][PASSED] - executor.executeScript("arguments[0].click();", findWebElement(findTestObject("Object Repository/ReplicatedSite/input_billing_location_add_new"), 5)): null

2019-11-06 04:03:52 - [TEST_STEP][PASSED] - executor.executeScript("arguments[0].click();", findWebElement(findTestObject("Object Repository/ReplicatedSite/input_billing_location_mailing"), 5)): null

2019-11-06 04:03:52 - [TEST_STEP][PASSED] - driver = getWebDriver(): null

2019-11-06 04:03:52 - [TEST_STEP][PASSED] - element = driver.findElement(By.xpath("(//button[@type='submit']/span[contains(text(), 'Save')])[2]")): null

2019-11-06 04:03:52 - [TEST_STEP][PASSED] - actions = new org.openqa.selenium.interactions.Actions(driver): null

2019-11-06 04:03:52 - [TEST_STEP][PASSED] - build().perform(): null

2019-11-06 04:03:53 - [TEST_STEP][PASSED] - delay(10): Delayed 10 second(s)

2019-11-06 04:04:03 - [MESSAGE][PASSED] - Delayed 10 second(s)

2019-11-06 04:04:03 - [TEST_STEP][PASSED] - waitForElementClickable(findTestObject("ReplicatedSite/button_save_and_continue_2"), 60): Object 'Object Repository/ReplicatedSite/button_save_and_continue_2' is clickable

2019-11-06 04:04:03 - [MESSAGE][PASSED] - Object 'Object Repository/ReplicatedSite/button_save_and_continue_2' is clickable

2019-11-06 04:04:03 - [TEST_STEP][PASSED] - driver = getWebDriver(): null

2019-11-06 04:04:03 - [TEST_STEP][PASSED] - element = driver.findElement(By.xpath("(//button/span[contains(text(), 'Save and Continue')])[2]")): null

2019-11-06 04:04:03 - [TEST_STEP][PASSED] - executor.executeScript("arguments[0].click();", element): null

2019-11-06 04:04:03 - [TEST_STEP][PASSED] - delay(5): Delayed 5 second(s)

2019-11-06 04:04:08 - [MESSAGE][PASSED] - Delayed 5 second(s)

2019-11-06 04:04:08 - [TEST_STEP][PASSED] - waitForElementClickable(findTestObject("Object Repository/ReplicatedSite/span_complete_order"), 30): Object 'Object Repository/ReplicatedSite/span_complete_order' is clickable

2019-11-06 04:04:08 - [MESSAGE][PASSED] - Object 'Object Repository/ReplicatedSite/span_complete_order' is clickable

2019-11-06 04:04:08 - [TEST_STEP][PASSED] - element = driver.findElement(By.xpath("//span[contains(text(), 'COMPLETE ORDER')]")): null

2019-11-06 04:04:08 - [TEST_STEP][PASSED] - executor.executeScript("arguments[0].click();", element): null

2019-11-06 04:04:08 - [TEST_STEP][PASSED] - delay(5): Delayed 5 second(s)

2019-11-06 04:04:13 - [MESSAGE][PASSED] - Delayed 5 second(s)

2019-11-06 04:04:13 - [TEST_STEP][PASSED] - executor.executeScript("arguments[0].click();", findWebElement(findTestObject("Object Repository/ReplicatedSite/h1_thanks_msg"), 5)): null

2019-11-06 04:04:13 - [TEST_STEP][PASSED] - delay(3): Delayed 3 second(s)

2019-11-06 04:04:16 - [MESSAGE][PASSED] - Delayed 3 second(s)

2019-11-06 04:04:16 - [MESSAGE][PASSED] - Call Test Case 'Test Cases/EditOrder/retailOrderRS' successfully

2019-11-06 04:04:16 - [TEST_STEP][PASSED] - verifyElementText(findTestObject("Object Repository/ReplicatedSite/h1_thanks_msg"), "Thanks for placing your order!"): Actual text and expected text of test object 'Object Repository/ReplicatedSite/h1_thanks_msg' are matched.

2019-11-06 04:04:16 - [MESSAGE][PASSED] - Actual text and expected text of test object 'Object Repository/ReplicatedSite/h1_thanks_msg' are matched.

2019-11-06 04:04:16 - [TEST_STEP][PASSED] - orderID = getText(findTestObject("Object Repository/ReplicatedSite/span_rs_orderid")): Text of object 'Object Repository/ReplicatedSite/span_rs_orderid' is: 'RP708481329'

2019-11-06 04:04:16 - [MESSAGE][PASSED] - Text of object 'Object Repository/ReplicatedSite/span_rs_orderid' is: 'RP708481329'

2019-11-06 04:04:16 - [TEST_STEP][PASSED] - println(orderID): null

2019-11-06 04:04:16 - [TEST_STEP][PASSED] - click(findTestObject("Object Repository/ReplicatedSite/addItemsLink")): Object: 'Object Repository/ReplicatedSite/addItemsLink' is clicked on

2019-11-06 04:04:16 - [MESSAGE][PASSED] - Object: 'Object Repository/ReplicatedSite/addItemsLink' is clicked on

2019-11-06 04:04:16 - [TEST_STEP][PASSED] - delay(5): Delayed 5 second(s)

2019-11-06 04:04:21 - [MESSAGE][PASSED] - Delayed 5 second(s)

2019-11-06 04:04:21 - [TEST_STEP][PASSED] - title = getWindowTitle(): Current window's title is: 'Clothes - Cabi Fall 2019 Collection'

2019-11-06 04:04:33 - [MESSAGE][PASSED] - Current window's title is: 'Clothes - Cabi Fall 2019 Collection'

2019-11-06 04:04:33 - [TEST_STEP][PASSED] - verifyMatch(title, "Clothes - Cabi Fall 2019 Collection", true, CONTINUE_ON_FAILURE): Actual text 'Clothes - Cabi Fall 2019 Collection' and expected text 'Clothes - Cabi Fall 2019 Collection' are matched  using regular expression

2019-11-06 04:04:33 - [MESSAGE][PASSED] - Actual text 'Clothes - Cabi Fall 2019 Collection' and expected text 'Clothes - Cabi Fall 2019 Collection' are matched  using regular expression

2019-11-06 04:04:33 - [TEST_STEP][PASSED] - click(findTestObject("Object Repository/ReplicatedSite/a_cart_svg")): Object: 'Object Repository/ReplicatedSite/a_cart_svg' is clicked on

2019-11-06 04:04:39 - [MESSAGE][PASSED] - Object: 'Object Repository/ReplicatedSite/a_cart_svg' is clicked on

2019-11-06 04:04:39 - [TEST_STEP][PASSED] - delay(5): Delayed 5 second(s)

2019-11-06 04:04:44 - [MESSAGE][PASSED] - Delayed 5 second(s)

2019-11-06 04:04:44 - [TEST_STEP][PASSED] - click(findTestObject("Object Repository/ReplicatedSite/shopForMoreItemsLink")): Object: 'Object Repository/ReplicatedSite/shopForMoreItemsLink' is clicked on

2019-11-06 04:04:58 - [MESSAGE][PASSED] - Object: 'Object Repository/ReplicatedSite/shopForMoreItemsLink' is clicked on

2019-11-06 04:04:58 - [TEST_STEP][PASSED] - verifyMatch(title, "Clothes - Cabi Fall 2019 Collection", true, CONTINUE_ON_FAILURE): Actual text 'Clothes - Cabi Fall 2019 Collection' and expected text 'Clothes - Cabi Fall 2019 Collection' are matched  using regular expression

2019-11-06 04:04:58 - [MESSAGE][PASSED] - Actual text 'Clothes - Cabi Fall 2019 Collection' and expected text 'Clothes - Cabi Fall 2019 Collection' are matched  using regular expression

2019-11-06 04:04:58 - [TEST_STEP][PASSED] - click(findTestObject("Object Repository/ReplicatedSite/a_cart_svg")): Object: 'Object Repository/ReplicatedSite/a_cart_svg' is clicked on

2019-11-06 04:05:05 - [MESSAGE][PASSED] - Object: 'Object Repository/ReplicatedSite/a_cart_svg' is clicked on

2019-11-06 04:05:05 - [TEST_STEP][PASSED] - delay(5): Delayed 5 second(s)

2019-11-06 04:05:10 - [MESSAGE][PASSED] - Delayed 5 second(s)

2019-11-06 04:05:10 - [TEST_STEP][PASSED] - click(findTestObject("Object Repository/ReplicatedSite/a_update_order")): Object: 'Object Repository/ReplicatedSite/a_update_order' is clicked on

2019-11-06 04:05:10 - [MESSAGE][PASSED] - Object: 'Object Repository/ReplicatedSite/a_update_order' is clicked on

2019-11-06 04:05:10 - [TEST_STEP][PASSED] - delay(5): Delayed 5 second(s)

2019-11-06 04:05:15 - [MESSAGE][PASSED] - Delayed 5 second(s)

2019-11-06 04:05:15 - [TEST_STEP][PASSED] - callTestCase(findTestCase("EditOrder/rsUpdateOrder"), [:], STOP_ON_FAILURE): Call Test Case 'Test Cases/EditOrder/rsUpdateOrder' successfully

2019-11-06 04:05:15 - [TEST_CASE][PASSED] - Test Cases/EditOrder/rsUpdateOrder: Test Cases/EditOrder/rsUpdateOrder

2019-11-06 04:05:15 - [TEST_STEP][PASSED] - driver = getWebDriver(): null

2019-11-06 04:05:15 - [TEST_STEP][PASSED] - executor = driver: null

2019-11-06 04:05:15 - [TEST_STEP][PASSED] - element = <not implemented yet for class: org.codehaus.groovy.ast.expr.EmptyExpression>: null

2019-11-06 04:05:15 - [TEST_STEP][PASSED] - actions = <not implemented yet for class: org.codehaus.groovy.ast.expr.EmptyExpression>: null

2019-11-06 04:05:15 - [TEST_STEP][PASSED] - click(findTestObject("Object Repository/ReplicatedSite/input_other_address")): Object: 'Object Repository/ReplicatedSite/input_other_address' is clicked on

2019-11-06 04:05:23 - [MESSAGE][PASSED] - Object: 'Object Repository/ReplicatedSite/input_other_address' is clicked on

2019-11-06 04:05:23 - [TEST_STEP][PASSED] - contactNumber = 3: null

2019-11-06 04:05:23 - [TEST_STEP][PASSED] - address1 = findTestData("contactData").getValue("address1", contactNumber): null

2019-11-06 04:05:23 - [TEST_STEP][PASSED] - city = findTestData("contactData").getValue("city", contactNumber): null

2019-11-06 04:05:23 - [TEST_STEP][PASSED] - state = findTestData("contactData").getValue("state", contactNumber): null

2019-11-06 04:05:23 - [TEST_STEP][PASSED] - zip = findTestData("contactData").getValue("zip", contactNumber): null

2019-11-06 04:05:23 - [TEST_STEP][PASSED] - setText(findTestObject("Object Repository/ReplicatedSite/input_address1_update"), address1): Text '974 BRAHMS CT' is set on object 'Object Repository/ReplicatedSite/input_address1_update'

2019-11-06 04:05:24 - [MESSAGE][PASSED] - Text '974 BRAHMS CT' is set on object 'Object Repository/ReplicatedSite/input_address1_update'

2019-11-06 04:05:24 - [TEST_STEP][PASSED] - setText(findTestObject("Object Repository/ReplicatedSite/input_city_update"), city): Text 'TROY' is set on object 'Object Repository/ReplicatedSite/input_city_update'

2019-11-06 04:05:24 - [MESSAGE][PASSED] - Text 'TROY' is set on object 'Object Repository/ReplicatedSite/input_city_update'

2019-11-06 04:05:24 - [TEST_STEP][PASSED] - xpath = UtilityMethods.concat("//select[@id='stateProvince']/option[@label='", state, "']"): null

2019-11-06 04:05:24 - [TEST_STEP][PASSED] - addressState = new com.kms.katalon.core.testobject.TestObject(select_state_dynamic): null

2019-11-06 04:05:24 - [TEST_STEP][PASSED] - addressState.addProperty("xpath", EQUALS, xpath): null

2019-11-06 04:05:24 - [TEST_STEP][PASSED] - click(addressState): Object: 'select_state_dynamic' is clicked on

2019-11-06 04:05:24 - [MESSAGE][PASSED] - Object: 'select_state_dynamic' is clicked on

2019-11-06 04:05:24 - [TEST_STEP][PASSED] - setText(findTestObject("Object Repository/ReplicatedSite/input_postal_code_update"), zip): Text '48085' is set on object 'Object Repository/ReplicatedSite/input_postal_code_update'

2019-11-06 04:05:24 - [MESSAGE][PASSED] - Text '48085' is set on object 'Object Repository/ReplicatedSite/input_postal_code_update'

2019-11-06 04:05:24 - [TEST_STEP][PASSED] - delay(4): Delayed 4 second(s)

2019-11-06 04:05:28 - [MESSAGE][PASSED] - Delayed 4 second(s)

2019-11-06 04:05:28 - [TEST_STEP][PASSED] - driver = getWebDriver(): null

2019-11-06 04:05:28 - [TEST_STEP][PASSED] - element = driver.findElement(By.xpath("//button[@type='submit']/span[contains(text(), 'Save')]")): null

2019-11-06 04:05:28 - [TEST_STEP][PASSED] - actions = new org.openqa.selenium.interactions.Actions(driver): null

2019-11-06 04:05:28 - [TEST_STEP][PASSED] - build().perform(): null

2019-11-06 04:05:29 - [TEST_STEP][PASSED] - waitForElementClickable(findTestObject("Object Repository/ReplicatedSite/button_save_and_continue"), 30): Object 'Object Repository/ReplicatedSite/button_save_and_continue' is clickable

2019-11-06 04:05:29 - [MESSAGE][PASSED] - Object 'Object Repository/ReplicatedSite/button_save_and_continue' is clickable

2019-11-06 04:05:29 - [TEST_STEP][PASSED] - element = driver.findElement(By.xpath("(//button[@class='btn pull-right'])[1]")): null

2019-11-06 04:05:29 - [TEST_STEP][PASSED] - executor = driver: null

2019-11-06 04:05:29 - [TEST_STEP][PASSED] - executor.executeScript("arguments[0].click();", element): null

2019-11-06 04:05:29 - [TEST_STEP][PASSED] - delay(3): Delayed 3 second(s)

2019-11-06 04:05:32 - [MESSAGE][PASSED] - Delayed 3 second(s)

2019-11-06 04:05:32 - [TEST_STEP][PASSED] - executor.executeScript("arguments[0].click();", findWebElement(findTestObject("Object Repository/ReplicatedSite/input_make_donation"), 5)): null

2019-11-06 04:05:32 - [TEST_STEP][PASSED] - delay(2): Delayed 2 second(s)

2019-11-06 04:05:34 - [MESSAGE][PASSED] - Delayed 2 second(s)

2019-11-06 04:05:34 - [TEST_STEP][PASSED] - executor.executeScript("arguments[0].click();", findWebElement(findTestObject("Object Repository/ReplicatedSite/input_make_donation"), 5)): null

2019-11-06 04:05:34 - [TEST_STEP][PASSED] - executor.executeScript("arguments[0].click();", findWebElement(findTestObject("Object Repository/ReplicatedSite/input_pay_with_gc"), 5)): null

2019-11-06 04:05:34 - [TEST_STEP][PASSED] - delay(2): Delayed 2 second(s)

2019-11-06 04:05:36 - [MESSAGE][PASSED] - Delayed 2 second(s)

2019-11-06 04:05:36 - [TEST_STEP][PASSED] - executor.executeScript("arguments[0].click();", findWebElement(findTestObject("Object Repository/ReplicatedSite/input_pay_with_gc"), 5)): null

2019-11-06 04:05:36 - [TEST_STEP][PASSED] - executor.executeScript("arguments[0].click();", findWebElement(findTestObject("Object Repository/ReplicatedSite/input_pay_with_credit"), 5)): null

2019-11-06 04:05:36 - [TEST_STEP][PASSED] - delay(2): Delayed 2 second(s)

2019-11-06 04:05:38 - [MESSAGE][PASSED] - Delayed 2 second(s)

2019-11-06 04:05:38 - [TEST_STEP][PASSED] - executor.executeScript("arguments[0].click();", findWebElement(findTestObject("Object Repository/ReplicatedSite/input_pay_with_credit"), 5)): null

2019-11-06 04:05:38 - [TEST_STEP][PASSED] - delay(2): Delayed 2 second(s)

2019-11-06 04:05:40 - [MESSAGE][PASSED] - Delayed 2 second(s)

2019-11-06 04:05:40 - [TEST_STEP][PASSED] - RSURL = findTestData("envtData").getValue("RSURL", 1): null

2019-11-06 04:05:40 - [TEST_STEP][PASSED] - cartURL = UtilityMethods.concat(RSURL, "/cart/"): null

2019-11-06 04:05:40 - [TEST_STEP][PASSED] - navigateToUrl(cartURL): Navigate to 'https://mirandakate.cabitest5.com/cart/' successfully

2019-11-06 04:05:45 - [MESSAGE][PASSED] - Navigate to 'https://mirandakate.cabitest5.com/cart/' successfully

2019-11-06 04:05:45 - [MESSAGE][PASSED] - Call Test Case 'Test Cases/EditOrder/rsUpdateOrder' successfully

2019-11-06 04:05:45 - [TEST_STEP][PASSED] - delay(3): Delayed 3 second(s)

2019-11-06 04:05:48 - [MESSAGE][PASSED] - Delayed 3 second(s)

2019-11-06 04:05:48 - [TEST_STEP][PASSED] - click(findTestObject("Object Repository/ReplicatedSite/a_cancel_edit")): Object: 'Object Repository/ReplicatedSite/a_cancel_edit' is clicked on

2019-11-06 04:05:49 - [MESSAGE][PASSED] - Object: 'Object Repository/ReplicatedSite/a_cancel_edit' is clicked on

2019-11-06 04:05:49 - [TEST_STEP][PASSED] - cancelEditButton = findWebElements(findTestObject("Object Repository/ReplicatedSite/h2_sure_to_cancel_edit"), 1): null

2019-11-06 04:05:49 - [TEST_STEP][PASSED] - assert cancelEditButton.size() > 0: null

2019-11-06 04:05:49 - [TEST_STEP][PASSED] - click(findTestObject("ReplicatedSite/button_yes_cancel_edit")): Object: 'Object Repository/ReplicatedSite/button_yes_cancel_edit' is clicked on

2019-11-06 04:05:49 - [MESSAGE][PASSED] - Object: 'Object Repository/ReplicatedSite/button_yes_cancel_edit' is clicked on

2019-11-06 04:05:49 - [TEST_STEP][PASSED] - xpath = UtilityMethods.concat("//span[contains(text(), '", orderID, "')]/parent::div/parent::div/div[@class='table-row-edit-order']"): null

2019-11-06 04:05:49 - [TEST_STEP][PASSED] - to = new com.kms.katalon.core.testobject.TestObject(a_edit_link): null

2019-11-06 04:05:49 - [TEST_STEP][PASSED] - to.addProperty("xpath", EQUALS, xpath): null

2019-11-06 04:05:49 - [TEST_STEP][PASSED] - delay(5): Delayed 5 second(s)

2019-11-06 04:05:54 - [MESSAGE][PASSED] - Delayed 5 second(s)

2019-11-06 04:05:54 - [TEST_STEP][PASSED] - println(to.getXpaths()): null

2019-11-06 04:05:54 - [TEST_STEP][PASSED] - click(to): Object: 'a_edit_link' is clicked on

2019-11-06 04:05:55 - [MESSAGE][PASSED] - Object: 'a_edit_link' is clicked on

2019-11-06 04:05:55 - [TEST_STEP][PASSED] - delay(5): Delayed 5 second(s)

2019-11-06 04:06:00 - [MESSAGE][PASSED] - Delayed 5 second(s)

2019-11-06 04:06:00 - [TEST_STEP][PASSED] - click(findTestObject("Object Repository/ReplicatedSite/a_cancel_order")): Object: 'Object Repository/ReplicatedSite/a_cancel_order' is clicked on

2019-11-06 04:06:00 - [MESSAGE][PASSED] - Object: 'Object Repository/ReplicatedSite/a_cancel_order' is clicked on

2019-11-06 04:06:00 - [TEST_STEP][PASSED] - delay(5): Delayed 5 second(s)

2019-11-06 04:06:05 - [MESSAGE][PASSED] - Delayed 5 second(s)

2019-11-06 04:06:05 - [TEST_STEP][PASSED] - cancelOrderButton = findWebElements(findTestObject("Object Repository/ReplicatedSite/h2_sure_to_cancel_order"), 1): null

2019-11-06 04:06:06 - [TEST_STEP][PASSED] - assert cancelOrderButton.size() > 0: null

2019-11-06 04:06:06 - [TEST_STEP][PASSED] - click(findTestObject("Object Repository/ReplicatedSite/button_yes_cancel_order")): Object: 'Object Repository/ReplicatedSite/button_yes_cancel_order' is clicked on

2019-11-06 04:06:06 - [MESSAGE][PASSED] - Object: 'Object Repository/ReplicatedSite/button_yes_cancel_order' is clicked on

2019-11-06 04:06:06 - [TEST_STEP][PASSED] - delay(5): Delayed 5 second(s)

2019-11-06 04:06:11 - [MESSAGE][PASSED] - Delayed 5 second(s)

2019-11-06 04:06:11 - [TEST_STEP][PASSED] - div_cancelled_order = UtilityMethods.createTestObject("div_cancelled_order", "//span[contains(text(), '", orderID, "')]/parent::div/parent::div/div[@class='table-row-status']/span"): null

2019-11-06 04:06:11 - [TEST_STEP][PASSED] - println(getText(div_cancelled_order)): Text of object 'div_cancelled_order' is: ''

2019-11-06 04:06:13 - [MESSAGE][PASSED] - Text of object 'div_cancelled_order' is: '']]></system-out>
         <system-err><![CDATA[]]></system-err>
      </testcase>
      <system-out><![CDATA[2019-11-06 03:39:28 - [TEST_SUITE][PASSED] - EditOrderSuite: Test Cases/EditOrder-V/rsEditOrderAddNewItems]]></system-out>
      <system-err><![CDATA[]]></system-err>
   </testsuite>
</testsuites>
