<?xml version="1.0" encoding="UTF-8"?>
<testsuites name="NewArrivalsSuite" time="2741" tests="0" failures="1" errors="0">
   <testsuite name="NewArrivalsSuite" tests="0" failures="1" errors="0" time="2741" timestamp="2019-06-26 18:52:11" hostname="user - 10.0.102.159" id="Test Suites/NewArrivalsSuites/NewArrivalsSuite">
      <properties>
         <property name="deviceName" value=""/>
         <property name="devicePlatform" value=""/>
         <property name="logFolder" value="C:\\Users\\user\\Documents\\testautomation\\KatalonProjects\\Reports\\NewArrivalsSuites\\NewArrivalsSuite\\20190626_185206"/>
         <property name="logFiles" value="C:\\Users\\user\\Documents\\testautomation\\KatalonProjects\\Reports\\NewArrivalsSuites\\NewArrivalsSuite\\20190626_185206\\execution0.log"/>
         <property name="attachments" value="C:\\Users\\user\\Documents\\testautomation\\KatalonProjects\\productImages\\BOPersonal_5618 image.png, C:\\Users\\user\\Documents\\testautomation\\KatalonProjects\\productImages\\BOPersonal_5618 image.png, C:\\Users\\user\\Documents\\testautomation\\KatalonProjects\\productImages\\BORetail_5618 image.png, C:\\Users\\user\\Documents\\testautomation\\KatalonProjects\\Reports\\NewArrivalsSuites\\NewArrivalsSuite\\20190626_185206\\1561558071683.png"/>
         <property name="hostName" value="user - 10.0.102.159"/>
         <property name="os" value="Windows 8.1 64bit"/>
         <property name="katalonVersion" value="6.1.1.1"/>
         <property name="browser" value="Chrome 75.0.3770.100"/>
         <property name="hostAddress" value="10.0.102.159"/>
         <property name="sessionId" value="97f48d29bbc0be3f63f2b2cc612ecfcc"/>
         <property name="seleniumVersion" value="3.7.1"/>
         <property name="proxyInformation" value="ProxyInformation{proxyOption=NO_PROXY, proxyServerType=HTTP, password=, proxyServerAddress=, proxyServerPort=0}"/>
         <property name="platform" value="Windows 8.1"/>
      </properties>
      <testcase name="Test Cases/NewArrival/NewArrivals" classname="Test Cases/NewArrival/NewArrivals" status="FAILED">
         <failure type="FAILED" message="Test Cases/NewArrival/NewArrivals FAILED.
Reason:
com.kms.katalon.core.exception.StepFailedException: Call Test Case 'Test Cases/NewArrival/addOnOrderRetail' failed
	at com.kms.katalon.core.keyword.builtin.CallTestCaseKeyword$_callTestCase_closure1.doCall(CallTestCaseKeyword.groovy:63)
	at com.kms.katalon.core.keyword.builtin.CallTestCaseKeyword$_callTestCase_closure1.call(CallTestCaseKeyword.groovy)
	at com.kms.katalon.core.keyword.internal.KeywordMain.runKeyword(KeywordMain.groovy:66)
	at com.kms.katalon.core.keyword.builtin.CallTestCaseKeyword.callTestCase(CallTestCaseKeyword.groovy:81)
	at com.kms.katalon.core.keyword.builtin.CallTestCaseKeyword.execute(CallTestCaseKeyword.groovy:44)
	at com.kms.katalon.core.keyword.internal.KeywordExecutor.executeKeywordForPlatform(KeywordExecutor.groovy:56)
	at com.kms.katalon.core.keyword.BuiltinKeywords.callTestCase(BuiltinKeywords.groovy:334)
	at NewArrivals.run(NewArrivals:160)
	at com.kms.katalon.core.main.ScriptEngine.run(ScriptEngine.java:194)
	at com.kms.katalon.core.main.ScriptEngine.runScriptAsRawText(ScriptEngine.java:119)
	at com.kms.katalon.core.main.TestCaseExecutor.runScript(TestCaseExecutor.java:342)
	at com.kms.katalon.core.main.TestCaseExecutor.doExecute(TestCaseExecutor.java:333)
	at com.kms.katalon.core.main.TestCaseExecutor.processExecutionPhase(TestCaseExecutor.java:312)
	at com.kms.katalon.core.main.TestCaseExecutor.accessMainPhase(TestCaseExecutor.java:304)
	at com.kms.katalon.core.main.TestCaseExecutor.execute(TestCaseExecutor.java:238)
	at com.kms.katalon.core.main.TestSuiteExecutor.accessTestCaseMainPhase(TestSuiteExecutor.java:129)
	at com.kms.katalon.core.main.TestSuiteExecutor.accessTestSuiteMainPhase(TestSuiteExecutor.java:112)
	at com.kms.katalon.core.main.TestSuiteExecutor.execute(TestSuiteExecutor.java:81)
	at com.kms.katalon.core.main.TestCaseMain.startTestSuite(TestCaseMain.java:157)
	at com.kms.katalon.core.main.TestCaseMain$startTestSuite$0.call(Unknown Source)
	at TempTestSuite1561555326513.run(TempTestSuite1561555326513.groovy:35)
Caused by: com.kms.katalon.core.exception.StepFailedException: Unable to click on object 'Object Repository/Page_cabi Create Show - Set Hostess/a_select_customer'
	at com.kms.katalon.core.webui.keyword.internal.WebUIKeywordMain.stepFailed(WebUIKeywordMain.groovy:64)
	at com.kms.katalon.core.webui.keyword.internal.WebUIKeywordMain.runKeyword(WebUIKeywordMain.groovy:26)
	at com.kms.katalon.core.webui.keyword.builtin.ClickKeyword.click(ClickKeyword.groovy:86)
	at com.kms.katalon.core.webui.keyword.builtin.ClickKeyword.execute(ClickKeyword.groovy:67)
	at com.kms.katalon.core.keyword.internal.KeywordExecutor.executeKeywordForPlatform(KeywordExecutor.groovy:56)
	at com.kms.katalon.core.webui.keyword.WebUiBuiltInKeywords.click(WebUiBuiltInKeywords.groovy:616)
	at com.kms.katalon.core.webui.keyword.WebUiBuiltInKeywords$click$3.call(Unknown Source)
	at addOnOrderRetail.run(addOnOrderRetail:85)
	at com.kms.katalon.core.main.ScriptEngine.run(ScriptEngine.java:194)
	at com.kms.katalon.core.main.ScriptEngine.runScriptAsRawText(ScriptEngine.java:119)
	at com.kms.katalon.core.main.TestCaseExecutor.runScript(TestCaseExecutor.java:342)
	at com.kms.katalon.core.main.TestCaseExecutor.doExecute(TestCaseExecutor.java:333)
	at com.kms.katalon.core.main.TestCaseExecutor.processExecutionPhase(TestCaseExecutor.java:312)
	at com.kms.katalon.core.main.TestCaseExecutor.accessMainPhase(TestCaseExecutor.java:304)
	at com.kms.katalon.core.main.TestCaseExecutor.execute(TestCaseExecutor.java:238)
	at com.kms.katalon.core.main.TestCaseMain.runTestCase(TestCaseMain.java:114)
	at com.kms.katalon.core.keyword.builtin.CallTestCaseKeyword$_callTestCase_closure1.doCall(CallTestCaseKeyword.groovy:59)
	... 20 more
Caused by: com.kms.katalon.core.webui.exception.WebElementNotFoundException: Web element with id: 'Object Repository/Page_cabi Create Show - Set Hostess/a_select_customer' located by 'By.xpath: (//ul/li/a[contains(@id,'ui-id-')])[1]' not found
	at com.kms.katalon.core.webui.common.WebUiCommonHelper.findWebElement(WebUiCommonHelper.java:1097)
	at com.kms.katalon.core.webui.keyword.internal.WebUIAbstractKeyword.findWebElement(WebUIAbstractKeyword.groovy:27)
	at com.kms.katalon.core.webui.keyword.internal.WebUIAbstractKeyword.findWebElement(WebUIAbstractKeyword.groovy:26)
	at com.kms.katalon.core.webui.keyword.builtin.ClickKeyword$_click_closure1.doCall(ClickKeyword.groovy:77)
	at com.kms.katalon.core.webui.keyword.builtin.ClickKeyword$_click_closure1.call(ClickKeyword.groovy)
	at com.kms.katalon.core.webui.keyword.internal.WebUIKeywordMain.runKeyword(WebUIKeywordMain.groovy:20)
	at com.kms.katalon.core.webui.keyword.builtin.ClickKeyword.click(ClickKeyword.groovy:86)
	at com.kms.katalon.core.webui.keyword.builtin.ClickKeyword.execute(ClickKeyword.groovy:67)
	at com.kms.katalon.core.keyword.internal.KeywordExecutor.executeKeywordForPlatform(KeywordExecutor.groovy:56)
	at com.kms.katalon.core.webui.keyword.WebUiBuiltInKeywords.click(WebUiBuiltInKeywords.groovy:616)
	at com.kms.katalon.core.webui.keyword.WebUiBuiltInKeywords$click$3.call(Unknown Source)
	at Script1557930374333.run(Script1557930374333.groovy:85)
	at com.kms.katalon.core.main.ScriptEngine.run(ScriptEngine.java:194)
	at com.kms.katalon.core.main.ScriptEngine.runScriptAsRawText(ScriptEngine.java:119)
	at com.kms.katalon.core.main.TestCaseExecutor.runScript(TestCaseExecutor.java:342)
	at com.kms.katalon.core.main.TestCaseExecutor.doExecute(TestCaseExecutor.java:333)
	at com.kms.katalon.core.main.TestCaseExecutor.processExecutionPhase(TestCaseExecutor.java:312)
	at com.kms.katalon.core.main.TestCaseExecutor.accessMainPhase(TestCaseExecutor.java:304)
	at com.kms.katalon.core.main.TestCaseExecutor.execute(TestCaseExecutor.java:238)
	at com.kms.katalon.core.main.TestCaseMain.runTestCase(TestCaseMain.java:114)
	at com.kms.katalon.core.keyword.builtin.CallTestCaseKeyword$_callTestCase_closure1.doCall(CallTestCaseKeyword.groovy:59)
	at com.kms.katalon.core.keyword.builtin.CallTestCaseKeyword$_callTestCase_closure1.call(CallTestCaseKeyword.groovy)
	at com.kms.katalon.core.keyword.internal.KeywordMain.runKeyword(KeywordMain.groovy:66)
	at com.kms.katalon.core.keyword.builtin.CallTestCaseKeyword.callTestCase(CallTestCaseKeyword.groovy:81)
	at com.kms.katalon.core.keyword.builtin.CallTestCaseKeyword.execute(CallTestCaseKeyword.groovy:44)
	at com.kms.katalon.core.keyword.internal.KeywordExecutor.executeKeywordForPlatform(KeywordExecutor.groovy:56)
	at com.kms.katalon.core.keyword.BuiltinKeywords.callTestCase(BuiltinKeywords.groovy:334)
	at Script1556094498836.run(Script1556094498836.groovy:160)
	... 13 more
"/>
         <system-out><![CDATA[2019-06-26 18:52:11 - [TEST_CASE][FAILED] - Test Cases/NewArrival/NewArrivals: Test Cases/NewArrival/NewArrivals FAILED.
Reason:
com.kms.katalon.core.exception.StepFailedException: Call Test Case 'Test Cases/NewArrival/addOnOrderRetail' failed
	at com.kms.katalon.core.keyword.builtin.CallTestCaseKeyword$_callTestCase_closure1.doCall(CallTestCaseKeyword.groovy:63)
	at com.kms.katalon.core.keyword.builtin.CallTestCaseKeyword$_callTestCase_closure1.call(CallTestCaseKeyword.groovy)
	at com.kms.katalon.core.keyword.internal.KeywordMain.runKeyword(KeywordMain.groovy:66)
	at com.kms.katalon.core.keyword.builtin.CallTestCaseKeyword.callTestCase(CallTestCaseKeyword.groovy:81)
	at com.kms.katalon.core.keyword.builtin.CallTestCaseKeyword.execute(CallTestCaseKeyword.groovy:44)
	at com.kms.katalon.core.keyword.internal.KeywordExecutor.executeKeywordForPlatform(KeywordExecutor.groovy:56)
	at com.kms.katalon.core.keyword.BuiltinKeywords.callTestCase(BuiltinKeywords.groovy:334)
	at NewArrivals.run(NewArrivals:160)
	at com.kms.katalon.core.main.ScriptEngine.run(ScriptEngine.java:194)
	at com.kms.katalon.core.main.ScriptEngine.runScriptAsRawText(ScriptEngine.java:119)
	at com.kms.katalon.core.main.TestCaseExecutor.runScript(TestCaseExecutor.java:342)
	at com.kms.katalon.core.main.TestCaseExecutor.doExecute(TestCaseExecutor.java:333)
	at com.kms.katalon.core.main.TestCaseExecutor.processExecutionPhase(TestCaseExecutor.java:312)
	at com.kms.katalon.core.main.TestCaseExecutor.accessMainPhase(TestCaseExecutor.java:304)
	at com.kms.katalon.core.main.TestCaseExecutor.execute(TestCaseExecutor.java:238)
	at com.kms.katalon.core.main.TestSuiteExecutor.accessTestCaseMainPhase(TestSuiteExecutor.java:129)
	at com.kms.katalon.core.main.TestSuiteExecutor.accessTestSuiteMainPhase(TestSuiteExecutor.java:112)
	at com.kms.katalon.core.main.TestSuiteExecutor.execute(TestSuiteExecutor.java:81)
	at com.kms.katalon.core.main.TestCaseMain.startTestSuite(TestCaseMain.java:157)
	at com.kms.katalon.core.main.TestCaseMain$startTestSuite$0.call(Unknown Source)
	at TempTestSuite1561555326513.run(TempTestSuite1561555326513.groovy:35)
Caused by: com.kms.katalon.core.exception.StepFailedException: Unable to click on object 'Object Repository/Page_cabi Create Show - Set Hostess/a_select_customer'
	at com.kms.katalon.core.webui.keyword.internal.WebUIKeywordMain.stepFailed(WebUIKeywordMain.groovy:64)
	at com.kms.katalon.core.webui.keyword.internal.WebUIKeywordMain.runKeyword(WebUIKeywordMain.groovy:26)
	at com.kms.katalon.core.webui.keyword.builtin.ClickKeyword.click(ClickKeyword.groovy:86)
	at com.kms.katalon.core.webui.keyword.builtin.ClickKeyword.execute(ClickKeyword.groovy:67)
	at com.kms.katalon.core.keyword.internal.KeywordExecutor.executeKeywordForPlatform(KeywordExecutor.groovy:56)
	at com.kms.katalon.core.webui.keyword.WebUiBuiltInKeywords.click(WebUiBuiltInKeywords.groovy:616)
	at com.kms.katalon.core.webui.keyword.WebUiBuiltInKeywords$click$3.call(Unknown Source)
	at addOnOrderRetail.run(addOnOrderRetail:85)
	at com.kms.katalon.core.main.ScriptEngine.run(ScriptEngine.java:194)
	at com.kms.katalon.core.main.ScriptEngine.runScriptAsRawText(ScriptEngine.java:119)
	at com.kms.katalon.core.main.TestCaseExecutor.runScript(TestCaseExecutor.java:342)
	at com.kms.katalon.core.main.TestCaseExecutor.doExecute(TestCaseExecutor.java:333)
	at com.kms.katalon.core.main.TestCaseExecutor.processExecutionPhase(TestCaseExecutor.java:312)
	at com.kms.katalon.core.main.TestCaseExecutor.accessMainPhase(TestCaseExecutor.java:304)
	at com.kms.katalon.core.main.TestCaseExecutor.execute(TestCaseExecutor.java:238)
	at com.kms.katalon.core.main.TestCaseMain.runTestCase(TestCaseMain.java:114)
	at com.kms.katalon.core.keyword.builtin.CallTestCaseKeyword$_callTestCase_closure1.doCall(CallTestCaseKeyword.groovy:59)
	... 20 more
Caused by: com.kms.katalon.core.webui.exception.WebElementNotFoundException: Web element with id: 'Object Repository/Page_cabi Create Show - Set Hostess/a_select_customer' located by 'By.xpath: (//ul/li/a[contains(@id,'ui-id-')])[1]' not found
	at com.kms.katalon.core.webui.common.WebUiCommonHelper.findWebElement(WebUiCommonHelper.java:1097)
	at com.kms.katalon.core.webui.keyword.internal.WebUIAbstractKeyword.findWebElement(WebUIAbstractKeyword.groovy:27)
	at com.kms.katalon.core.webui.keyword.internal.WebUIAbstractKeyword.findWebElement(WebUIAbstractKeyword.groovy:26)
	at com.kms.katalon.core.webui.keyword.builtin.ClickKeyword$_click_closure1.doCall(ClickKeyword.groovy:77)
	at com.kms.katalon.core.webui.keyword.builtin.ClickKeyword$_click_closure1.call(ClickKeyword.groovy)
	at com.kms.katalon.core.webui.keyword.internal.WebUIKeywordMain.runKeyword(WebUIKeywordMain.groovy:20)
	at com.kms.katalon.core.webui.keyword.builtin.ClickKeyword.click(ClickKeyword.groovy:86)
	at com.kms.katalon.core.webui.keyword.builtin.ClickKeyword.execute(ClickKeyword.groovy:67)
	at com.kms.katalon.core.keyword.internal.KeywordExecutor.executeKeywordForPlatform(KeywordExecutor.groovy:56)
	at com.kms.katalon.core.webui.keyword.WebUiBuiltInKeywords.click(WebUiBuiltInKeywords.groovy:616)
	at com.kms.katalon.core.webui.keyword.WebUiBuiltInKeywords$click$3.call(Unknown Source)
	at Script1557930374333.run(Script1557930374333.groovy:85)
	at com.kms.katalon.core.main.ScriptEngine.run(ScriptEngine.java:194)
	at com.kms.katalon.core.main.ScriptEngine.runScriptAsRawText(ScriptEngine.java:119)
	at com.kms.katalon.core.main.TestCaseExecutor.runScript(TestCaseExecutor.java:342)
	at com.kms.katalon.core.main.TestCaseExecutor.doExecute(TestCaseExecutor.java:333)
	at com.kms.katalon.core.main.TestCaseExecutor.processExecutionPhase(TestCaseExecutor.java:312)
	at com.kms.katalon.core.main.TestCaseExecutor.accessMainPhase(TestCaseExecutor.java:304)
	at com.kms.katalon.core.main.TestCaseExecutor.execute(TestCaseExecutor.java:238)
	at com.kms.katalon.core.main.TestCaseMain.runTestCase(TestCaseMain.java:114)
	at com.kms.katalon.core.keyword.builtin.CallTestCaseKeyword$_callTestCase_closure1.doCall(CallTestCaseKeyword.groovy:59)
	at com.kms.katalon.core.keyword.builtin.CallTestCaseKeyword$_callTestCase_closure1.call(CallTestCaseKeyword.groovy)
	at com.kms.katalon.core.keyword.internal.KeywordMain.runKeyword(KeywordMain.groovy:66)
	at com.kms.katalon.core.keyword.builtin.CallTestCaseKeyword.callTestCase(CallTestCaseKeyword.groovy:81)
	at com.kms.katalon.core.keyword.builtin.CallTestCaseKeyword.execute(CallTestCaseKeyword.groovy:44)
	at com.kms.katalon.core.keyword.internal.KeywordExecutor.executeKeywordForPlatform(KeywordExecutor.groovy:56)
	at com.kms.katalon.core.keyword.BuiltinKeywords.callTestCase(BuiltinKeywords.groovy:334)
	at Script1556094498836.run(Script1556094498836.groovy:160)
	... 13 more


2019-06-26 18:52:12 - [TEST_STEP][PASSED] - Start listener action : sampleBeforeTestCase: null

2019-06-26 18:52:12 - [TEST_STEP][PASSED] - println(testCaseContext.getTestCaseId()): null

2019-06-26 18:52:12 - [TEST_STEP][PASSED] - println(testCaseContext.getTestCaseVariables()): null

2019-06-26 18:52:12 - [TEST_STEP][PASSED] - openBrowser(""): Browser is opened with url: ''

2019-06-26 18:52:13 - [MESSAGE][INFO] - Starting 'Chrome' driver

2019-06-26 18:52:13 - [MESSAGE][INFO] - User set preference: ['args', '[--use-fake-ui-for-media-stream, --start-maximized]']

2019-06-26 18:52:13 - [MESSAGE][INFO] - Action delay is set to 0 seconds

2019-06-26 18:52:17 - [MESSAGE][PASSED] - Browser is opened with url: ''

2019-06-26 18:52:17 - [TEST_STEP][PASSED] - maximizeWindow(): Current window maximized

2019-06-26 18:52:18 - [MESSAGE][PASSED] - Current window maximized

2019-06-26 18:52:18 - [TEST_STEP][FAILED] - for ([timeRow = 1, timeRow <= findTestData("timezoneData").getRowNumbers(), (timeRow++)]): for ([timeRow = 1, timeRow <= findTestData("timezoneData").getRowNumbers(), (timeRow++)]) FAILED.
Reason:
com.kms.katalon.core.exception.StepFailedException: Call Test Case 'Test Cases/NewArrival/addOnOrderRetail' failed
	at com.kms.katalon.core.keyword.builtin.CallTestCaseKeyword$_callTestCase_closure1.doCall(CallTestCaseKeyword.groovy:63)
	at com.kms.katalon.core.keyword.builtin.CallTestCaseKeyword$_callTestCase_closure1.call(CallTestCaseKeyword.groovy)
	at com.kms.katalon.core.keyword.internal.KeywordMain.runKeyword(KeywordMain.groovy:66)
	at com.kms.katalon.core.keyword.builtin.CallTestCaseKeyword.callTestCase(CallTestCaseKeyword.groovy:81)
	at com.kms.katalon.core.keyword.builtin.CallTestCaseKeyword.execute(CallTestCaseKeyword.groovy:44)
	at com.kms.katalon.core.keyword.internal.KeywordExecutor.executeKeywordForPlatform(KeywordExecutor.groovy:56)
	at com.kms.katalon.core.keyword.BuiltinKeywords.callTestCase(BuiltinKeywords.groovy:334)
	at NewArrivals.run(NewArrivals:160)
	at com.kms.katalon.core.main.ScriptEngine.run(ScriptEngine.java:194)
	at com.kms.katalon.core.main.ScriptEngine.runScriptAsRawText(ScriptEngine.java:119)
	at com.kms.katalon.core.main.TestCaseExecutor.runScript(TestCaseExecutor.java:342)
	at com.kms.katalon.core.main.TestCaseExecutor.doExecute(TestCaseExecutor.java:333)
	at com.kms.katalon.core.main.TestCaseExecutor.processExecutionPhase(TestCaseExecutor.java:312)
	at com.kms.katalon.core.main.TestCaseExecutor.accessMainPhase(TestCaseExecutor.java:304)
	at com.kms.katalon.core.main.TestCaseExecutor.execute(TestCaseExecutor.java:238)
	at com.kms.katalon.core.main.TestSuiteExecutor.accessTestCaseMainPhase(TestSuiteExecutor.java:129)
	at com.kms.katalon.core.main.TestSuiteExecutor.accessTestSuiteMainPhase(TestSuiteExecutor.java:112)
	at com.kms.katalon.core.main.TestSuiteExecutor.execute(TestSuiteExecutor.java:81)
	at com.kms.katalon.core.main.TestCaseMain.startTestSuite(TestCaseMain.java:157)
	at com.kms.katalon.core.main.TestCaseMain$startTestSuite$0.call(Unknown Source)
	at TempTestSuite1561555326513.run(TempTestSuite1561555326513.groovy:35)
Caused by: com.kms.katalon.core.exception.StepFailedException: Unable to click on object 'Object Repository/Page_cabi Create Show - Set Hostess/a_select_customer'
	at com.kms.katalon.core.webui.keyword.internal.WebUIKeywordMain.stepFailed(WebUIKeywordMain.groovy:64)
	at com.kms.katalon.core.webui.keyword.internal.WebUIKeywordMain.runKeyword(WebUIKeywordMain.groovy:26)
	at com.kms.katalon.core.webui.keyword.builtin.ClickKeyword.click(ClickKeyword.groovy:86)
	at com.kms.katalon.core.webui.keyword.builtin.ClickKeyword.execute(ClickKeyword.groovy:67)
	at com.kms.katalon.core.keyword.internal.KeywordExecutor.executeKeywordForPlatform(KeywordExecutor.groovy:56)
	at com.kms.katalon.core.webui.keyword.WebUiBuiltInKeywords.click(WebUiBuiltInKeywords.groovy:616)
	at com.kms.katalon.core.webui.keyword.WebUiBuiltInKeywords$click$3.call(Unknown Source)
	at addOnOrderRetail.run(addOnOrderRetail:85)
	at com.kms.katalon.core.main.ScriptEngine.run(ScriptEngine.java:194)
	at com.kms.katalon.core.main.ScriptEngine.runScriptAsRawText(ScriptEngine.java:119)
	at com.kms.katalon.core.main.TestCaseExecutor.runScript(TestCaseExecutor.java:342)
	at com.kms.katalon.core.main.TestCaseExecutor.doExecute(TestCaseExecutor.java:333)
	at com.kms.katalon.core.main.TestCaseExecutor.processExecutionPhase(TestCaseExecutor.java:312)
	at com.kms.katalon.core.main.TestCaseExecutor.accessMainPhase(TestCaseExecutor.java:304)
	at com.kms.katalon.core.main.TestCaseExecutor.execute(TestCaseExecutor.java:238)
	at com.kms.katalon.core.main.TestCaseMain.runTestCase(TestCaseMain.java:114)
	at com.kms.katalon.core.keyword.builtin.CallTestCaseKeyword$_callTestCase_closure1.doCall(CallTestCaseKeyword.groovy:59)
	... 20 more
Caused by: com.kms.katalon.core.webui.exception.WebElementNotFoundException: Web element with id: 'Object Repository/Page_cabi Create Show - Set Hostess/a_select_customer' located by 'By.xpath: (//ul/li/a[contains(@id,'ui-id-')])[1]' not found
	at com.kms.katalon.core.webui.common.WebUiCommonHelper.findWebElement(WebUiCommonHelper.java:1097)
	at com.kms.katalon.core.webui.keyword.internal.WebUIAbstractKeyword.findWebElement(WebUIAbstractKeyword.groovy:27)
	at com.kms.katalon.core.webui.keyword.internal.WebUIAbstractKeyword.findWebElement(WebUIAbstractKeyword.groovy:26)
	at com.kms.katalon.core.webui.keyword.builtin.ClickKeyword$_click_closure1.doCall(ClickKeyword.groovy:77)
	at com.kms.katalon.core.webui.keyword.builtin.ClickKeyword$_click_closure1.call(ClickKeyword.groovy)
	at com.kms.katalon.core.webui.keyword.internal.WebUIKeywordMain.runKeyword(WebUIKeywordMain.groovy:20)
	at com.kms.katalon.core.webui.keyword.builtin.ClickKeyword.click(ClickKeyword.groovy:86)
	at com.kms.katalon.core.webui.keyword.builtin.ClickKeyword.execute(ClickKeyword.groovy:67)
	at com.kms.katalon.core.keyword.internal.KeywordExecutor.executeKeywordForPlatform(KeywordExecutor.groovy:56)
	at com.kms.katalon.core.webui.keyword.WebUiBuiltInKeywords.click(WebUiBuiltInKeywords.groovy:616)
	at com.kms.katalon.core.webui.keyword.WebUiBuiltInKeywords$click$3.call(Unknown Source)
	at Script1557930374333.run(Script1557930374333.groovy:85)
	at com.kms.katalon.core.main.ScriptEngine.run(ScriptEngine.java:194)
	at com.kms.katalon.core.main.ScriptEngine.runScriptAsRawText(ScriptEngine.java:119)
	at com.kms.katalon.core.main.TestCaseExecutor.runScript(TestCaseExecutor.java:342)
	at com.kms.katalon.core.main.TestCaseExecutor.doExecute(TestCaseExecutor.java:333)
	at com.kms.katalon.core.main.TestCaseExecutor.processExecutionPhase(TestCaseExecutor.java:312)
	at com.kms.katalon.core.main.TestCaseExecutor.accessMainPhase(TestCaseExecutor.java:304)
	at com.kms.katalon.core.main.TestCaseExecutor.execute(TestCaseExecutor.java:238)
	at com.kms.katalon.core.main.TestCaseMain.runTestCase(TestCaseMain.java:114)
	at com.kms.katalon.core.keyword.builtin.CallTestCaseKeyword$_callTestCase_closure1.doCall(CallTestCaseKeyword.groovy:59)
	at com.kms.katalon.core.keyword.builtin.CallTestCaseKeyword$_callTestCase_closure1.call(CallTestCaseKeyword.groovy)
	at com.kms.katalon.core.keyword.internal.KeywordMain.runKeyword(KeywordMain.groovy:66)
	at com.kms.katalon.core.keyword.builtin.CallTestCaseKeyword.callTestCase(CallTestCaseKeyword.groovy:81)
	at com.kms.katalon.core.keyword.builtin.CallTestCaseKeyword.execute(CallTestCaseKeyword.groovy:44)
	at com.kms.katalon.core.keyword.internal.KeywordExecutor.executeKeywordForPlatform(KeywordExecutor.groovy:56)
	at com.kms.katalon.core.keyword.BuiltinKeywords.callTestCase(BuiltinKeywords.groovy:334)
	at Script1556094498836.run(Script1556094498836.groovy:160)
	... 13 more


2019-06-26 18:52:19 - [TEST_STEP][PASSED] - callTestCase(findTestCase("NewArrival/populateTimeGlobalVars"), ["row":timeRow], STOP_ON_FAILURE): Call Test Case 'Test Cases/NewArrival/populateTimeGlobalVars' successfully

2019-06-26 18:52:19 - [TEST_CASE][PASSED] - Test Cases/NewArrival/populateTimeGlobalVars: Test Cases/NewArrival/populateTimeGlobalVars

2019-06-26 18:52:19 - [TEST_STEP][PASSED] - dataFile = "timezoneData": null

2019-06-26 18:52:19 - [TEST_STEP][PASSED] - serverTarget = UtilityMethods.getTestData(dataFile, "serverTarget", row): null

2019-06-26 18:52:20 - [TEST_STEP][PASSED] - orderType = UtilityMethods.getTestData(dataFile, "orderType", row): null

2019-06-26 18:52:20 - [TEST_STEP][PASSED] - timeZone = UtilityMethods.getTestData(dataFile, "timeZone", row): null

2019-06-26 18:52:20 - [TEST_STEP][PASSED] - BOPersonal = UtilityMethods.getTestData(dataFile, "BOPersonal", row): null

2019-06-26 18:52:20 - [TEST_STEP][PASSED] - BOAddonPersonal = UtilityMethods.getTestData(dataFile, "BOAddonPersonal", row): null

2019-06-26 18:52:20 - [TEST_STEP][PASSED] - BOAddonRetail = UtilityMethods.getTestData(dataFile, "BOAddonRetail", row): null

2019-06-26 18:52:20 - [TEST_STEP][PASSED] - BORetail = UtilityMethods.getTestData(dataFile, "BORetail", row): null

2019-06-26 18:52:20 - [TEST_STEP][PASSED] - BOShow = UtilityMethods.getTestData(dataFile, "BOShow", row): null

2019-06-26 18:52:20 - [TEST_STEP][PASSED] - BOOnlineoutlet = UtilityMethods.getTestData(dataFile, "BOOnlineoutlet", row): null

2019-06-26 18:52:20 - [TEST_STEP][PASSED] - BOEmployee = UtilityMethods.getTestData(dataFile, "BOEmployee", row): null

2019-06-26 18:52:20 - [TEST_STEP][PASSED] - CCPersonal = UtilityMethods.getTestData(dataFile, "CCPersonal", row): null

2019-06-26 18:52:21 - [TEST_STEP][PASSED] - CCRetail = UtilityMethods.getTestData(dataFile, "CCRetail", row): null

2019-06-26 18:52:21 - [TEST_STEP][PASSED] - CCShow = UtilityMethods.getTestData(dataFile, "CCShow", row): null

2019-06-26 18:52:21 - [TEST_STEP][PASSED] - BOEblast = UtilityMethods.getTestData(dataFile, "BOEblast", row): null

2019-06-26 18:52:21 - [MESSAGE][PASSED] - Call Test Case 'Test Cases/NewArrival/populateTimeGlobalVars' successfully

2019-06-26 18:52:21 - [TEST_STEP][PASSED] - callTestCase(findTestCase("NewArrival/setTimezone"), ["ofbizURL":"", "ofbizuser":"", "ofbizpass":"", "orderType":orderType, "timeZone":timeZone, "serverTarget":serverTarget], STOP_ON_FAILURE): Call Test Case 'Test Cases/NewArrival/setTimezone' successfully

2019-06-26 18:52:21 - [TEST_CASE][PASSED] - Test Cases/NewArrival/setTimezone: Test Cases/NewArrival/setTimezone

2019-06-26 18:52:21 - [TEST_STEP][NOT_RUN] - openBrowser(""): NOT_RUN: openBrowser("")

2019-06-26 18:52:21 - [MESSAGE][NOT_RUN] - NOT_RUN: openBrowser("")

2019-06-26 18:52:21 - [TEST_STEP][NOT_RUN] - maximizeWindow(): NOT_RUN: maximizeWindow()

2019-06-26 18:52:21 - [MESSAGE][NOT_RUN] - NOT_RUN: maximizeWindow()

2019-06-26 18:52:21 - [TEST_STEP][PASSED] - ofbizURL = findTestData("credData").getValue("ofbizURL", 1): null

2019-06-26 18:52:21 - [TEST_STEP][PASSED] - ofbizuser = findTestData("credData").getValue("ofbizuser", 1): null

2019-06-26 18:52:21 - [TEST_STEP][PASSED] - ofbizpass = findTestData("credData").getValue("ofbizpass", 1): null

2019-06-26 18:52:21 - [TEST_STEP][PASSED] - navigateToUrl(ofbizURL): Navigate to 'https://pushofbiz.cliotest.com/login.php' successfully

2019-06-26 18:52:23 - [MESSAGE][PASSED] - Navigate to 'https://pushofbiz.cliotest.com/login.php' successfully

2019-06-26 18:52:23 - [TEST_STEP][PASSED] - setText(findTestObject("Page_/input_Username_username"), ofbizuser): Text 'automation' is set on object 'Object Repository/Page_/input_Username_username'

2019-06-26 18:52:23 - [MESSAGE][PASSED] - Text 'automation' is set on object 'Object Repository/Page_/input_Username_username'

2019-06-26 18:52:23 - [TEST_STEP][PASSED] - setText(findTestObject("Page_/input_Password_password"), ofbizpass): Text 'cabiautomation' is set on object 'Object Repository/Page_/input_Password_password'

2019-06-26 18:52:23 - [MESSAGE][PASSED] - Text 'cabiautomation' is set on object 'Object Repository/Page_/input_Password_password'

2019-06-26 18:52:23 - [TEST_STEP][PASSED] - click(findTestObject("Page_/input_Password_Submit")): Object: 'Object Repository/Page_/input_Password_Submit' is clicked on

2019-06-26 18:52:27 - [MESSAGE][PASSED] - Object: 'Object Repository/Page_/input_Password_Submit' is clicked on

2019-06-26 18:52:27 - [TEST_STEP][PASSED] - click(findTestObject("Object Repository/Page_/a_Clock set")): Object: 'Object Repository/Page_/a_Clock set' is clicked on

2019-06-26 18:52:27 - [MESSAGE][PASSED] - Object: 'Object Repository/Page_/a_Clock set' is clicked on

2019-06-26 18:52:27 - [TEST_STEP][PASSED] - click(UtilityMethods.createTestObject("select_target", "//select[@name='Target']/option[contains(text(), '", serverTarget, "')]")): Object: 'select_target' is clicked on

2019-06-26 18:52:27 - [MESSAGE][PASSED] - Object: 'select_target' is clicked on

2019-06-26 18:52:27 - [TEST_STEP][PASSED] - click(findTestObject("Page_/thisDateAndTime")): Object: 'Object Repository/Page_/thisDateAndTime' is clicked on

2019-06-26 18:52:28 - [MESSAGE][PASSED] - Object: 'Object Repository/Page_/thisDateAndTime' is clicked on

2019-06-26 18:52:28 - [TEST_STEP][PASSED] - setText(findTestObject("Object Repository/Page_/setTargetTime"), timeZone): Text ' 04/17/2019 7:00' is set on object 'Object Repository/Page_/setTargetTime'

2019-06-26 18:52:28 - [MESSAGE][PASSED] - Text ' 04/17/2019 7:00' is set on object 'Object Repository/Page_/setTargetTime'

2019-06-26 18:52:28 - [TEST_STEP][PASSED] - click(findTestObject("Object Repository/Page_/input")): Object: 'Object Repository/Page_/input' is clicked on

2019-06-26 18:52:28 - [MESSAGE][PASSED] - Object: 'Object Repository/Page_/input' is clicked on

2019-06-26 18:52:28 - [TEST_STEP][PASSED] - delay(10): Delayed 10 second(s)

2019-06-26 18:52:38 - [MESSAGE][PASSED] - Delayed 10 second(s)

2019-06-26 18:52:38 - [TEST_STEP][NOT_RUN] - closeBrowser(): NOT_RUN: closeBrowser()

2019-06-26 18:52:38 - [MESSAGE][NOT_RUN] - NOT_RUN: closeBrowser()

2019-06-26 18:52:38 - [MESSAGE][PASSED] - Call Test Case 'Test Cases/NewArrival/setTimezone' successfully

2019-06-26 18:52:38 - [TEST_STEP][PASSED] - callTestCase(findTestCase("TestCaseUtilities/backOfficeLogin"), ["BOURL":"", "BOuser":"", "BOpass":""], STOP_ON_FAILURE): Call Test Case 'Test Cases/TestCaseUtilities/backOfficeLogin' successfully

2019-06-26 18:52:38 - [TEST_CASE][PASSED] - Test Cases/TestCaseUtilities/backOfficeLogin: Test Cases/TestCaseUtilities/backOfficeLogin

2019-06-26 18:52:39 - [TEST_STEP][PASSED] - BOURL = findTestData("credData").getValue("BOURL", 1): null

2019-06-26 18:52:39 - [TEST_STEP][PASSED] - BOuser = findTestData("credData").getValue("BOuser", 1): null

2019-06-26 18:52:39 - [TEST_STEP][PASSED] - BOpass = findTestData("credData").getValue("BOpass", 1): null

2019-06-26 18:52:39 - [TEST_STEP][PASSED] - navigateToUrl(BOURL): Navigate to 'https://test14.cliotest.com/backoffice/control/main' successfully

2019-06-26 18:52:47 - [MESSAGE][PASSED] - Navigate to 'https://test14.cliotest.com/backoffice/control/main' successfully

2019-06-26 18:52:47 - [TEST_STEP][PASSED] - logOut = findWebElements(findTestObject("Object Repository/Page_cabi Home/log_out"), 1): Unable to find the element located by 'By.xpath: //a[contains(text(),'Log Out')]'. Please recheck the objects properties to make sure the desired element is located. 

2019-06-26 18:52:48 - [MESSAGE][INFO] - Unable to find the element located by 'By.xpath: //a[contains(text(),'Log Out')]'. Please recheck the objects properties to make sure the desired element is located. 

2019-06-26 18:52:48 - [TEST_STEP][PASSED] - if (logOut.size() == 0): Object: 'Object Repository/Page_cabi/input_Welcome to_consultantLogin' is clicked on

2019-06-26 18:52:48 - [TEST_STEP][PASSED] - setText(findTestObject("Page_cabi/input_Welcome to_USERNAME"), BOuser): Text '400000002' is set on object 'Object Repository/Page_cabi/input_Welcome to_USERNAME'

2019-06-26 18:52:48 - [MESSAGE][PASSED] - Text '400000002' is set on object 'Object Repository/Page_cabi/input_Welcome to_USERNAME'

2019-06-26 18:52:48 - [TEST_STEP][PASSED] - setText(findTestObject("Object Repository/Page_cabi/input_Welcome to_PASSWORD"), BOpass): Text 'blackdress19' is set on object 'Object Repository/Page_cabi/input_Welcome to_PASSWORD'

2019-06-26 18:52:49 - [MESSAGE][PASSED] - Text 'blackdress19' is set on object 'Object Repository/Page_cabi/input_Welcome to_PASSWORD'

2019-06-26 18:52:49 - [TEST_STEP][PASSED] - click(findTestObject("Object Repository/Page_cabi/input_Welcome to_consultantLogin")): Object: 'Object Repository/Page_cabi/input_Welcome to_consultantLogin' is clicked on

2019-06-26 18:52:57 - [MESSAGE][PASSED] - Object: 'Object Repository/Page_cabi/input_Welcome to_consultantLogin' is clicked on

2019-06-26 18:52:57 - [TEST_STEP][PASSED] - delay(3): Delayed 3 second(s)

2019-06-26 18:53:00 - [MESSAGE][PASSED] - Delayed 3 second(s)

2019-06-26 18:53:00 - [MESSAGE][PASSED] - Call Test Case 'Test Cases/TestCaseUtilities/backOfficeLogin' successfully

2019-06-26 18:53:00 - [TEST_STEP][PASSED] - click(findTestObject("Object Repository/Page_cabi Home/a_Shows  Orders")): Object: 'Object Repository/Page_cabi Home/a_Shows  Orders' is clicked on

2019-06-26 18:53:00 - [MESSAGE][PASSED] - Object: 'Object Repository/Page_cabi Home/a_Shows  Orders' is clicked on

2019-06-26 18:53:00 - [TEST_STEP][PASSED] - click(findTestObject("Page_cabi Home/a_personal_purchases")): Object: 'Object Repository/Page_cabi Home/a_personal_purchases' is clicked on

2019-06-26 18:53:03 - [MESSAGE][PASSED] - Object: 'Object Repository/Page_cabi Home/a_personal_purchases' is clicked on

2019-06-26 18:53:03 - [TEST_STEP][PASSED] - click(findTestObject("Object Repository/Page_cabi Personal Store/span_Continue to Order")): Object: 'Object Repository/Page_cabi Personal Store/span_Continue to Order' is clicked on

2019-06-26 18:53:04 - [MESSAGE][PASSED] - Object: 'Object Repository/Page_cabi Personal Store/span_Continue to Order' is clicked on

2019-06-26 18:53:04 - [TEST_STEP][PASSED] - callTestCase(findTestCase("NewArrival/productVerify"), ["available":BOPersonal, "storeType":"BOPersonal"], STOP_ON_FAILURE): Call Test Case 'Test Cases/NewArrival/productVerify' successfully

2019-06-26 18:53:04 - [TEST_CASE][PASSED] - Test Cases/NewArrival/productVerify: Test Cases/NewArrival/productVerify

2019-06-26 18:53:04 - [TEST_STEP][PASSED] - for ([row = 1, row <= findTestData("productData").getRowNumbers(), (row++)]): null

2019-06-26 18:53:04 - [TEST_STEP][PASSED] - setText(findTestObject("Object Repository/Page_cabi Order Items/input_New Arrivals - Blooming Blush_style"), findTestData("productData").getValue("Style", row)): Text '5618' is set on object 'Object Repository/Page_cabi Order Items/input_New Arrivals - Blooming Blush_style'

2019-06-26 18:53:05 - [MESSAGE][PASSED] - Text '5618' is set on object 'Object Repository/Page_cabi Order Items/input_New Arrivals - Blooming Blush_style'

2019-06-26 18:53:05 - [TEST_STEP][PASSED] - sendKeys(findTestObject("Object Repository/Page_cabi Order Items/input_New Arrivals - Blooming Blush_style"), Keys.chord(ENTER)): Keys 'ENTER + ' sent to object: 'Object Repository/Page_cabi Order Items/input_New Arrivals - Blooming Blush_style'

2019-06-26 18:53:05 - [MESSAGE][PASSED] - Keys 'ENTER + ' sent to object: 'Object Repository/Page_cabi Order Items/input_New Arrivals - Blooming Blush_style'

2019-06-26 18:53:05 - [TEST_STEP][PASSED] - delay(5): Delayed 5 second(s)

2019-06-26 18:53:10 - [MESSAGE][PASSED] - Delayed 5 second(s)

2019-06-26 18:53:10 - [TEST_STEP][PASSED] - if (toString().equalsIgnoreCase("no")): null

2019-06-26 18:53:10 - [TEST_STEP][PASSED] - else: null

2019-06-26 18:53:10 - [TEST_STEP][PASSED] - click(findTestObject("Page_cabi Order Items/li_order_item")): Object: 'Object Repository/Page_cabi Order Items/li_order_item' is clicked on

2019-06-26 18:53:10 - [MESSAGE][PASSED] - Object: 'Object Repository/Page_cabi Order Items/li_order_item' is clicked on

2019-06-26 18:53:10 - [TEST_STEP][PASSED] - delay(5): Delayed 5 second(s)

2019-06-26 18:53:15 - [MESSAGE][PASSED] - Delayed 5 second(s)

2019-06-26 18:53:15 - [TEST_STEP][PASSED] - imgString1 = getValue("Style", row).toString(): null

2019-06-26 18:53:15 - [TEST_STEP][PASSED] - imagePath = UtilityMethods.createScreenshotImagePath(storeType, imgString1): null

2019-06-26 18:53:15 - [TEST_STEP][PASSED] - println(imagePath): null

2019-06-26 18:53:15 - [TEST_STEP][PASSED] - takeScreenshot(imagePath): Taking screenshot successfully

2019-06-26 18:53:16 - [MESSAGE][PASSED] - Taking screenshot successfully
[[ATTACHMENT|C:\\Users\\user\\Documents\\testautomation\\KatalonProjects\\productImages\\BOPersonal_5618 image.png]]

2019-06-26 18:53:16 - [TEST_STEP][PASSED] - verifyElementText(findTestObject("Page_cabi Order Items/GetAttribute_getID"), findTestData("productData").getValue("Style", row)): Actual text and expected text of test object 'Object Repository/Page_cabi Order Items/GetAttribute_getID' are matched.

2019-06-26 18:53:16 - [MESSAGE][PASSED] - Actual text and expected text of test object 'Object Repository/Page_cabi Order Items/GetAttribute_getID' are matched.

2019-06-26 18:53:16 - [TEST_STEP][PASSED] - colorOptions = findWebElements(findTestObject("Page_cabi Order Items/GetAttribute_Color"), 5): null

2019-06-26 18:53:16 - [TEST_STEP][PASSED] - println(colorOptions.size()): null

2019-06-26 18:53:16 - [TEST_STEP][PASSED] - expectedColour = findTestData("productData").getValue("Color", row): null

2019-06-26 18:53:16 - [TEST_STEP][PASSED] - println("expected colour is"): null

2019-06-26 18:53:16 - [TEST_STEP][PASSED] - println(expectedColour): null

2019-06-26 18:53:16 - [TEST_STEP][PASSED] - colourVerified = false: null

2019-06-26 18:53:16 - [TEST_STEP][PASSED] - for (org.openqa.selenium.WebElement op : colorOptions): null

2019-06-26 18:53:16 - [TEST_STEP][PASSED] - println(op.getText()): null

2019-06-26 18:53:16 - [TEST_STEP][PASSED] - if (expectedColour.equalsIgnoreCase(op.getText())): null

2019-06-26 18:53:16 - [TEST_STEP][PASSED] - colourVerified = true: null

2019-06-26 18:53:16 - [TEST_STEP][PASSED] - break: null

2019-06-26 18:53:16 - [TEST_STEP][PASSED] - assert colourVerified == true: null

2019-06-26 18:53:16 - [TEST_STEP][PASSED] - getPrice = getText(findTestObject("Page_cabi Order Items/GetAttribute_Price")): Text of object 'Object Repository/Page_cabi Order Items/GetAttribute_Price' is: 'Price : $119.00'

2019-06-26 18:53:16 - [MESSAGE][PASSED] - Text of object 'Object Repository/Page_cabi Order Items/GetAttribute_Price' is: 'Price : $119.00'

2019-06-26 18:53:16 - [TEST_STEP][PASSED] - Split_Data = UtilityMethods.SplitData(getPrice): null

2019-06-26 18:53:16 - [TEST_STEP][PASSED] - verifyMatch(Split_Data, findTestData("productData").getValue("Retail", row), true): Actual text '119' and expected text '119' are matched  using regular expression

2019-06-26 18:53:16 - [MESSAGE][PASSED] - Actual text '119' and expected text '119' are matched  using regular expression

2019-06-26 18:53:16 - [TEST_STEP][PASSED] - sizeRange1 = ["XXS", "XS", "S", "M", "L", "XL"]: null

2019-06-26 18:53:16 - [TEST_STEP][PASSED] - sizeRange2 = ["00", "0", "2", "4", "6", "8", "10", "12", "14", "16"]: null

2019-06-26 18:53:16 - [TEST_STEP][PASSED] - sizeRange3 = ["Long", "Regular", "Short"]: null

2019-06-26 18:53:16 - [TEST_STEP][PASSED] - sizeRange4 = ["5", "6", "6.5", "7", "7.5", "8", "8.5", "9", "9.5", "10", "11"]: null

2019-06-26 18:53:16 - [TEST_STEP][PASSED] - sizeRangeSplit = UtilityMethods.SplitSizes(findTestData("productData").getValue("SzRange", row)): null

2019-06-26 18:53:16 - [TEST_STEP][PASSED] - sizeType = getText(findTestObject("Object Repository/Page_cabi Order Items/Size")): Text of object 'Object Repository/Page_cabi Order Items/Size' is: 'Select'

2019-06-26 18:53:16 - [MESSAGE][PASSED] - Text of object 'Object Repository/Page_cabi Order Items/Size' is: 'Select'

2019-06-26 18:53:16 - [TEST_STEP][PASSED] - sizeOptions = findWebElements(findTestObject("Object Repository/Page_cabi Order Items/Size"), 5): null

2019-06-26 18:53:16 - [TEST_STEP][PASSED] - actualRange = new java.util.ArrayList(): null

2019-06-26 18:53:16 - [TEST_STEP][PASSED] - expectedRange = <not implemented yet for class: org.codehaus.groovy.ast.expr.EmptyExpression>: null

2019-06-26 18:53:16 - [TEST_STEP][PASSED] - if (sizeType.equalsIgnoreCase("Select")): null

2019-06-26 18:53:16 - [TEST_STEP][PASSED] - for ([i = 1, i < sizeOptions.size(), (i++)]): null

2019-06-26 18:53:16 - [TEST_STEP][PASSED] - actualRange.add(getAttribute("value").toString()): null

2019-06-26 18:53:16 - [TEST_STEP][PASSED] - actualRange.add(getAttribute("value").toString()): null

2019-06-26 18:53:16 - [TEST_STEP][PASSED] - actualRange.add(getAttribute("value").toString()): null

2019-06-26 18:53:16 - [TEST_STEP][PASSED] - actualRange.add(getAttribute("value").toString()): null

2019-06-26 18:53:16 - [TEST_STEP][PASSED] - actualRange.add(getAttribute("value").toString()): null

2019-06-26 18:53:16 - [TEST_STEP][PASSED] - if (toString().equalsIgnoreCase("XS") || toString().equalsIgnoreCase("XXS")): null

2019-06-26 18:53:16 - [TEST_STEP][PASSED] - expectedRange = UtilityMethods.getExpectedRange(sizeRange1, sizeRangeSplit): null

2019-06-26 18:53:16 - [TEST_STEP][PASSED] - println("XS"): null

2019-06-26 18:53:16 - [TEST_STEP][PASSED] - println(expectedRange.toString()): null

2019-06-26 18:53:16 - [TEST_STEP][PASSED] - assert UtilityMethods.listEquals(expectedRange, actualRange) == true: null

2019-06-26 18:53:16 - [TEST_STEP][PASSED] - delay(2): Delayed 2 second(s)

2019-06-26 18:53:18 - [MESSAGE][PASSED] - Delayed 2 second(s)

2019-06-26 18:53:18 - [TEST_STEP][PASSED] - verifyElementText(findTestObject("Page_cabi Order Items/product_title"), findTestData("productData").getValue("Description", row)): Actual text and expected text of test object 'Object Repository/Page_cabi Order Items/product_title' are matched.

2019-06-26 18:53:18 - [MESSAGE][PASSED] - Actual text and expected text of test object 'Object Repository/Page_cabi Order Items/product_title' are matched.

2019-06-26 18:53:18 - [TEST_STEP][PASSED] - verifyElementText(findTestObject("Page_cabi Order Items/product_fabric"), findTestData("productData").getValue("FinalContent", row)): Actual text and expected text of test object 'Object Repository/Page_cabi Order Items/product_fabric' are matched.

2019-06-26 18:53:18 - [MESSAGE][PASSED] - Actual text and expected text of test object 'Object Repository/Page_cabi Order Items/product_fabric' are matched.

2019-06-26 18:53:18 - [TEST_STEP][PASSED] - actualCasreIntrn = "<div>" + getText(findTestObject("Page_cabi Order Items/care_instruction")) + "</div>": Text of object 'Object Repository/Page_cabi Order Items/care_instruction' is: 'Turn garment inside out and place in a mesh bag. Machine wash separately in cold water on the delicate cycle. Only non-chlorine bleach if needed. Do not twist or wring. Lay flat to dry. Warm iron if needed. Can be dry cleaned.'

2019-06-26 18:53:18 - [MESSAGE][PASSED] - Text of object 'Object Repository/Page_cabi Order Items/care_instruction' is: 'Turn garment inside out and place in a mesh bag. Machine wash separately in cold water on the delicate cycle. Only non-chlorine bleach if needed. Do not twist or wring. Lay flat to dry. Warm iron if needed. Can be dry cleaned.'

2019-06-26 18:53:18 - [TEST_STEP][PASSED] - assert actualCasreIntrn.equals(findTestData("productData").getValue("CareInstr", row)): null

2019-06-26 18:53:18 - [MESSAGE][PASSED] - Call Test Case 'Test Cases/NewArrival/productVerify' successfully

2019-06-26 18:53:18 - [TEST_STEP][PASSED] - rightClick(findTestObject("Page_cabi Home/a_Shows  Orders")): Object: 'Object Repository/Page_cabi Home/a_Shows  Orders' is right clicked on

2019-06-26 18:53:19 - [MESSAGE][PASSED] - Object: 'Object Repository/Page_cabi Home/a_Shows  Orders' is right clicked on

2019-06-26 18:53:19 - [TEST_STEP][PASSED] - click(findTestObject("Page_cabi Home/a_retail_purchases")): Object: 'Object Repository/Page_cabi Home/a_retail_purchases' is clicked on

2019-06-26 18:53:24 - [MESSAGE][PASSED] - Object: 'Object Repository/Page_cabi Home/a_retail_purchases' is clicked on

2019-06-26 18:53:24 - [TEST_STEP][PASSED] - delay(3): Delayed 3 second(s)

2019-06-26 18:53:27 - [MESSAGE][PASSED] - Delayed 3 second(s)

2019-06-26 18:53:27 - [TEST_STEP][PASSED] - click(findTestObject("Object Repository/Page_cabi Home/existingCustomer")): Object: 'Object Repository/Page_cabi Home/existingCustomer' is clicked on

2019-06-26 18:53:27 - [MESSAGE][PASSED] - Object: 'Object Repository/Page_cabi Home/existingCustomer' is clicked on

2019-06-26 18:53:27 - [TEST_STEP][PASSED] - contactNumber = 5: null

2019-06-26 18:53:27 - [TEST_STEP][PASSED] - firstName = findTestData("contactData").getValue("firstName", contactNumber): null

2019-06-26 18:53:27 - [TEST_STEP][PASSED] - lastName = findTestData("contactData").getValue("lastName", contactNumber): null

2019-06-26 18:53:27 - [TEST_STEP][PASSED] - email = findTestData("contactData").getValue("email", contactNumber): null

2019-06-26 18:53:27 - [TEST_STEP][PASSED] - address1 = findTestData("contactData").getValue("address1", contactNumber): null

2019-06-26 18:53:27 - [TEST_STEP][PASSED] - city = findTestData("contactData").getValue("city", contactNumber): null

2019-06-26 18:53:27 - [TEST_STEP][PASSED] - state = findTestData("contactData").getValue("state", contactNumber): null

2019-06-26 18:53:27 - [TEST_STEP][PASSED] - zip = findTestData("contactData").getValue("zip", contactNumber): null

2019-06-26 18:53:27 - [TEST_STEP][PASSED] - existingCustFName = firstName: null

2019-06-26 18:53:27 - [TEST_STEP][PASSED] - existingCustLName = lastName: null

2019-06-26 18:53:27 - [TEST_STEP][PASSED] - space = " ": null

2019-06-26 18:53:27 - [TEST_STEP][PASSED] - existingCust = $existingCustFName$space$existingCustLName: null

2019-06-26 18:53:27 - [TEST_STEP][PASSED] - setText(findTestObject("Object Repository/Page_cabi Home/input_existing_guest"), existingCust): Text 'Michigan Contact' is set on object 'Object Repository/Page_cabi Home/input_existing_guest'

2019-06-26 18:53:28 - [MESSAGE][PASSED] - Text 'Michigan Contact' is set on object 'Object Repository/Page_cabi Home/input_existing_guest'

2019-06-26 18:53:28 - [TEST_STEP][PASSED] - delay(3): Delayed 3 second(s)

2019-06-26 18:53:31 - [MESSAGE][PASSED] - Delayed 3 second(s)

2019-06-26 18:53:31 - [TEST_STEP][PASSED] - rightClick(findTestObject("Object Repository/Page_cabi Home/input_existing_guest")): Object: 'Object Repository/Page_cabi Home/input_existing_guest' is right clicked on

2019-06-26 18:53:31 - [MESSAGE][PASSED] - Object: 'Object Repository/Page_cabi Home/input_existing_guest' is right clicked on

2019-06-26 18:53:31 - [TEST_STEP][PASSED] - rightClick(findTestObject("Object Repository/Page_cabi Home/input_existing_guest")): Object: 'Object Repository/Page_cabi Home/input_existing_guest' is right clicked on

2019-06-26 18:53:31 - [MESSAGE][PASSED] - Object: 'Object Repository/Page_cabi Home/input_existing_guest' is right clicked on

2019-06-26 18:53:31 - [TEST_STEP][PASSED] - click(findTestObject("Object Repository/Page_cabi Create Show - Set Hostess/a_select_customer")): Object: 'Object Repository/Page_cabi Create Show - Set Hostess/a_select_customer' is clicked on

2019-06-26 18:53:32 - [MESSAGE][PASSED] - Object: 'Object Repository/Page_cabi Create Show - Set Hostess/a_select_customer' is clicked on

2019-06-26 18:53:32 - [TEST_STEP][PASSED] - setText(findTestObject("Object Repository/Page_cabi Home/input_existing_guest"), existingCust): Text 'Michigan Contact' is set on object 'Object Repository/Page_cabi Home/input_existing_guest'

2019-06-26 18:53:32 - [MESSAGE][PASSED] - Text 'Michigan Contact' is set on object 'Object Repository/Page_cabi Home/input_existing_guest'

2019-06-26 18:53:32 - [TEST_STEP][PASSED] - setText(findTestObject("Object Repository/Page_cabi Retail Store/input_email"), email): Text 'michigan@na.com' is set on object 'Object Repository/Page_cabi Retail Store/input_email'

2019-06-26 18:53:32 - [MESSAGE][PASSED] - Text 'michigan@na.com' is set on object 'Object Repository/Page_cabi Retail Store/input_email'

2019-06-26 18:53:32 - [TEST_STEP][PASSED] - setText(findTestObject("Object Repository/Page_cabi Edit Customer Profile/input_Address1_address1"), address1): Text '972 BRAHMS CT' is set on object 'Object Repository/Page_cabi Edit Customer Profile/input_Address1_address1'

2019-06-26 18:53:33 - [MESSAGE][PASSED] - Text '972 BRAHMS CT' is set on object 'Object Repository/Page_cabi Edit Customer Profile/input_Address1_address1'

2019-06-26 18:53:33 - [TEST_STEP][PASSED] - setText(findTestObject("Object Repository/Page_cabi Edit Customer Profile/input_Address2_address2"), ""): Text '' is set on object 'Object Repository/Page_cabi Edit Customer Profile/input_Address2_address2'

2019-06-26 18:53:33 - [MESSAGE][PASSED] - Text '' is set on object 'Object Repository/Page_cabi Edit Customer Profile/input_Address2_address2'

2019-06-26 18:53:33 - [TEST_STEP][PASSED] - setText(findTestObject("Object Repository/Page_cabi Edit Customer Profile/input_City_city"), city): Text 'TROY' is set on object 'Object Repository/Page_cabi Edit Customer Profile/input_City_city'

2019-06-26 18:53:33 - [MESSAGE][PASSED] - Text 'TROY' is set on object 'Object Repository/Page_cabi Edit Customer Profile/input_City_city'

2019-06-26 18:53:33 - [TEST_STEP][PASSED] - click(findTestObject("Page_cabi Edit Customer Profile/span_select_a_state")): Object: 'Object Repository/Page_cabi Edit Customer Profile/span_select_a_state' is clicked on

2019-06-26 18:53:33 - [MESSAGE][PASSED] - Object: 'Object Repository/Page_cabi Edit Customer Profile/span_select_a_state' is clicked on

2019-06-26 18:53:33 - [TEST_STEP][PASSED] - delay(1): Delayed 1 second(s)

2019-06-26 18:53:34 - [MESSAGE][PASSED] - Delayed 1 second(s)

2019-06-26 18:53:34 - [TEST_STEP][PASSED] - setText(findTestObject("Object Repository/Page_cabi Edit Customer Profile/input_state_1"), state): Text 'Michigan' is set on object 'Object Repository/Page_cabi Edit Customer Profile/input_state_1'

2019-06-26 18:53:35 - [MESSAGE][PASSED] - Text 'Michigan' is set on object 'Object Repository/Page_cabi Edit Customer Profile/input_state_1'

2019-06-26 18:53:35 - [TEST_STEP][PASSED] - delay(2): Delayed 2 second(s)

2019-06-26 18:53:37 - [MESSAGE][PASSED] - Delayed 2 second(s)

2019-06-26 18:53:37 - [TEST_STEP][PASSED] - click(findTestObject("Page_cabi Edit Customer Profile/span_state")): Object: 'Object Repository/Page_cabi Edit Customer Profile/span_state' is clicked on

2019-06-26 18:53:37 - [MESSAGE][PASSED] - Object: 'Object Repository/Page_cabi Edit Customer Profile/span_state' is clicked on

2019-06-26 18:53:37 - [TEST_STEP][PASSED] - setText(findTestObject("Page_cabi Edit Customer Profile/input_state_postalCode"), zip): Text '48085' is set on object 'Object Repository/Page_cabi Edit Customer Profile/input_state_postalCode'

2019-06-26 18:53:37 - [MESSAGE][PASSED] - Text '48085' is set on object 'Object Repository/Page_cabi Edit Customer Profile/input_state_postalCode'

2019-06-26 18:53:37 - [TEST_STEP][PASSED] - delay(10): Delayed 10 second(s)

2019-06-26 18:53:47 - [MESSAGE][PASSED] - Delayed 10 second(s)

2019-06-26 18:53:47 - [TEST_STEP][PASSED] - click(findTestObject("Object Repository/Page_cabi Home/a_same_shipping_address")): Object: 'Object Repository/Page_cabi Home/a_same_shipping_address' is clicked on

2019-06-26 18:53:47 - [MESSAGE][PASSED] - Object: 'Object Repository/Page_cabi Home/a_same_shipping_address' is clicked on

2019-06-26 18:53:47 - [TEST_STEP][PASSED] - delay(10): Delayed 10 second(s)

2019-06-26 18:53:57 - [MESSAGE][PASSED] - Delayed 10 second(s)

2019-06-26 18:53:57 - [TEST_STEP][PASSED] - click(findTestObject("Page_cabi Retail Store/span_next_1")): Object: 'Object Repository/Page_cabi Retail Store/span_next_1' is clicked on

2019-06-26 18:53:57 - [MESSAGE][PASSED] - Object: 'Object Repository/Page_cabi Retail Store/span_next_1' is clicked on

2019-06-26 18:53:57 - [TEST_STEP][PASSED] - delay(3): Delayed 3 second(s)

2019-06-26 18:54:00 - [MESSAGE][PASSED] - Delayed 3 second(s)

2019-06-26 18:54:00 - [TEST_STEP][PASSED] - callTestCase(findTestCase("NewArrival/productVerify"), ["available":BORetail, "storeType":"BORetail"], STOP_ON_FAILURE): Call Test Case 'Test Cases/NewArrival/productVerify' successfully

2019-06-26 18:54:01 - [TEST_CASE][PASSED] - Test Cases/NewArrival/productVerify: Test Cases/NewArrival/productVerify

2019-06-26 18:54:01 - [TEST_STEP][PASSED] - for ([row = 1, row <= findTestData("productData").getRowNumbers(), (row++)]): Actual text and expected text of test object 'Object Repository/Page_cabi Order Items/no_result_found' are matched.

2019-06-26 18:54:01 - [TEST_STEP][PASSED] - setText(findTestObject("Object Repository/Page_cabi Order Items/input_New Arrivals - Blooming Blush_style"), findTestData("productData").getValue("Style", row)): Text '5618' is set on object 'Object Repository/Page_cabi Order Items/input_New Arrivals - Blooming Blush_style'

2019-06-26 18:54:01 - [MESSAGE][PASSED] - Text '5618' is set on object 'Object Repository/Page_cabi Order Items/input_New Arrivals - Blooming Blush_style'

2019-06-26 18:54:01 - [TEST_STEP][PASSED] - sendKeys(findTestObject("Object Repository/Page_cabi Order Items/input_New Arrivals - Blooming Blush_style"), Keys.chord(ENTER)): Keys 'ENTER + ' sent to object: 'Object Repository/Page_cabi Order Items/input_New Arrivals - Blooming Blush_style'

2019-06-26 18:54:01 - [MESSAGE][PASSED] - Keys 'ENTER + ' sent to object: 'Object Repository/Page_cabi Order Items/input_New Arrivals - Blooming Blush_style'

2019-06-26 18:54:01 - [TEST_STEP][PASSED] - delay(5): Delayed 5 second(s)

2019-06-26 18:54:06 - [MESSAGE][PASSED] - Delayed 5 second(s)

2019-06-26 18:54:06 - [TEST_STEP][PASSED] - if (toString().equalsIgnoreCase("no")): Actual text and expected text of test object 'Object Repository/Page_cabi Order Items/no_result_found' are matched.

2019-06-26 18:54:06 - [TEST_STEP][PASSED] - noResultMessages = findWebElements(findTestObject("Page_cabi Order Items/no_result_found"), 5): null

2019-06-26 18:54:06 - [TEST_STEP][PASSED] - assert noResultMessages.size() > 0: null

2019-06-26 18:54:06 - [TEST_STEP][PASSED] - verifyElementText(findTestObject("Page_cabi Order Items/no_result_found"), "No Results Found!"): Actual text and expected text of test object 'Object Repository/Page_cabi Order Items/no_result_found' are matched.

2019-06-26 18:54:06 - [MESSAGE][PASSED] - Actual text and expected text of test object 'Object Repository/Page_cabi Order Items/no_result_found' are matched.

2019-06-26 18:54:06 - [MESSAGE][PASSED] - Call Test Case 'Test Cases/NewArrival/productVerify' successfully

2019-06-26 18:54:06 - [TEST_STEP][PASSED] - click(findTestObject("Object Repository/Page_cabi Home/a_Shows  Orders")): Object: 'Object Repository/Page_cabi Home/a_Shows  Orders' is clicked on

2019-06-26 18:54:07 - [MESSAGE][PASSED] - Object: 'Object Repository/Page_cabi Home/a_Shows  Orders' is clicked on

2019-06-26 18:54:07 - [TEST_STEP][PASSED] - delay(3): Delayed 3 second(s)

2019-06-26 18:54:10 - [MESSAGE][PASSED] - Delayed 3 second(s)

2019-06-26 18:54:10 - [TEST_STEP][PASSED] - rightClick(findTestObject("Page_cabi Home/a_online_outline_purchases")): Object: 'Object Repository/Page_cabi Home/a_online_outline_purchases' is right clicked on

2019-06-26 18:54:10 - [MESSAGE][PASSED] - Object: 'Object Repository/Page_cabi Home/a_online_outline_purchases' is right clicked on

2019-06-26 18:54:10 - [TEST_STEP][PASSED] - click(findTestObject("Page_cabi Home/a_online_outline_purchases")): Object: 'Object Repository/Page_cabi Home/a_online_outline_purchases' is clicked on

2019-06-26 18:54:13 - [MESSAGE][PASSED] - Object: 'Object Repository/Page_cabi Home/a_online_outline_purchases' is clicked on

2019-06-26 18:54:13 - [TEST_STEP][PASSED] - click(findTestObject("Object Repository/Page_cabi Online Outlet Store/span_Continue to Order")): Object: 'Object Repository/Page_cabi Online Outlet Store/span_Continue to Order' is clicked on

2019-06-26 18:54:13 - [MESSAGE][PASSED] - Object: 'Object Repository/Page_cabi Online Outlet Store/span_Continue to Order' is clicked on

2019-06-26 18:54:13 - [TEST_STEP][PASSED] - callTestCase(findTestCase("NewArrival/productVerify"), ["available":BOOnlineoutlet, "storeType":"BOOnlineoutlet"], STOP_ON_FAILURE): Call Test Case 'Test Cases/NewArrival/productVerify' successfully

2019-06-26 18:54:13 - [TEST_CASE][PASSED] - Test Cases/NewArrival/productVerify: Test Cases/NewArrival/productVerify

2019-06-26 18:54:13 - [TEST_STEP][PASSED] - for ([row = 1, row <= findTestData("productData").getRowNumbers(), (row++)]): Actual text and expected text of test object 'Object Repository/Page_cabi Order Items/no_result_found' are matched.

2019-06-26 18:54:13 - [TEST_STEP][PASSED] - setText(findTestObject("Object Repository/Page_cabi Order Items/input_New Arrivals - Blooming Blush_style"), findTestData("productData").getValue("Style", row)): Text '5618' is set on object 'Object Repository/Page_cabi Order Items/input_New Arrivals - Blooming Blush_style'

2019-06-26 18:54:15 - [MESSAGE][PASSED] - Text '5618' is set on object 'Object Repository/Page_cabi Order Items/input_New Arrivals - Blooming Blush_style'

2019-06-26 18:54:15 - [TEST_STEP][PASSED] - sendKeys(findTestObject("Object Repository/Page_cabi Order Items/input_New Arrivals - Blooming Blush_style"), Keys.chord(ENTER)): Keys 'ENTER + ' sent to object: 'Object Repository/Page_cabi Order Items/input_New Arrivals - Blooming Blush_style'

2019-06-26 18:54:15 - [MESSAGE][PASSED] - Keys 'ENTER + ' sent to object: 'Object Repository/Page_cabi Order Items/input_New Arrivals - Blooming Blush_style'

2019-06-26 18:54:15 - [TEST_STEP][PASSED] - delay(5): Delayed 5 second(s)

2019-06-26 18:54:20 - [MESSAGE][PASSED] - Delayed 5 second(s)

2019-06-26 18:54:20 - [TEST_STEP][PASSED] - if (toString().equalsIgnoreCase("no")): Actual text and expected text of test object 'Object Repository/Page_cabi Order Items/no_result_found' are matched.

2019-06-26 18:54:20 - [TEST_STEP][PASSED] - noResultMessages = findWebElements(findTestObject("Page_cabi Order Items/no_result_found"), 5): null

2019-06-26 18:54:20 - [TEST_STEP][PASSED] - assert noResultMessages.size() > 0: null

2019-06-26 18:54:20 - [TEST_STEP][PASSED] - verifyElementText(findTestObject("Page_cabi Order Items/no_result_found"), "No Results Found!"): Actual text and expected text of test object 'Object Repository/Page_cabi Order Items/no_result_found' are matched.

2019-06-26 18:54:20 - [MESSAGE][PASSED] - Actual text and expected text of test object 'Object Repository/Page_cabi Order Items/no_result_found' are matched.

2019-06-26 18:54:20 - [MESSAGE][PASSED] - Call Test Case 'Test Cases/NewArrival/productVerify' successfully

2019-06-26 18:54:20 - [TEST_STEP][PASSED] - callTestCase(findTestCase("NewArrival/createAPhysicalShow_IMHostess"), ["BOURL":"", "BOuser":"", "BOpass":""], STOP_ON_FAILURE): Call Test Case 'Test Cases/NewArrival/createAPhysicalShow_IMHostess' successfully

2019-06-26 18:54:20 - [TEST_CASE][PASSED] - Test Cases/NewArrival/createAPhysicalShow_IMHostess: Test Cases/NewArrival/createAPhysicalShow_IMHostess

2019-06-26 18:54:21 - [TEST_STEP][PASSED] - BOURL = findTestData("credData").getValue("BOURL", 1): null

2019-06-26 18:54:21 - [TEST_STEP][PASSED] - BOuser = findTestData("credData").getValue("BOuser", 1): null

2019-06-26 18:54:21 - [TEST_STEP][PASSED] - BOpass = findTestData("credData").getValue("BOpass", 1): null

2019-06-26 18:54:21 - [TEST_STEP][PASSED] - callTestCase(findTestCase("TestCaseUtilities/backOfficeLogin"), ["BOURL":"", "BOuser":"", "BOpass":""], STOP_ON_FAILURE): Call Test Case 'Test Cases/TestCaseUtilities/backOfficeLogin' successfully

2019-06-26 18:54:21 - [TEST_CASE][PASSED] - Test Cases/TestCaseUtilities/backOfficeLogin: Test Cases/TestCaseUtilities/backOfficeLogin

2019-06-26 18:54:21 - [TEST_STEP][PASSED] - BOURL = findTestData("credData").getValue("BOURL", 1): null

2019-06-26 18:54:21 - [TEST_STEP][PASSED] - BOuser = findTestData("credData").getValue("BOuser", 1): null

2019-06-26 18:54:21 - [TEST_STEP][PASSED] - BOpass = findTestData("credData").getValue("BOpass", 1): null

2019-06-26 18:54:21 - [TEST_STEP][PASSED] - navigateToUrl(BOURL): Navigate to 'https://test14.cliotest.com/backoffice/control/main' successfully

2019-06-26 18:54:27 - [MESSAGE][PASSED] - Navigate to 'https://test14.cliotest.com/backoffice/control/main' successfully

2019-06-26 18:54:27 - [TEST_STEP][PASSED] - logOut = findWebElements(findTestObject("Object Repository/Page_cabi Home/log_out"), 1): null

2019-06-26 18:54:27 - [TEST_STEP][PASSED] - if (logOut.size() == 0): null

2019-06-26 18:54:27 - [TEST_STEP][PASSED] - delay(3): Delayed 3 second(s)

2019-06-26 18:54:30 - [MESSAGE][PASSED] - Delayed 3 second(s)

2019-06-26 18:54:30 - [MESSAGE][PASSED] - Call Test Case 'Test Cases/TestCaseUtilities/backOfficeLogin' successfully

2019-06-26 18:54:30 - [TEST_STEP][PASSED] - delay(3): Delayed 3 second(s)

2019-06-26 18:54:33 - [MESSAGE][PASSED] - Delayed 3 second(s)

2019-06-26 18:54:33 - [TEST_STEP][PASSED] - rightClick(findTestObject("Page_cabi Home/a_Shows  Orders")): Object: 'Object Repository/Page_cabi Home/a_Shows  Orders' is right clicked on

2019-06-26 18:54:34 - [MESSAGE][PASSED] - Object: 'Object Repository/Page_cabi Home/a_Shows  Orders' is right clicked on

2019-06-26 18:54:34 - [TEST_STEP][PASSED] - click(findTestObject("Page_cabi Home/a_Create_A_Show")): Object: 'Object Repository/Page_cabi Home/a_Create_A_Show' is clicked on

2019-06-26 18:54:37 - [MESSAGE][PASSED] - Object: 'Object Repository/Page_cabi Home/a_Create_A_Show' is clicked on

2019-06-26 18:54:37 - [TEST_STEP][PASSED] - click(findTestObject("Page_cabi Home/select_i_am_hostess")): Object: 'Object Repository/Page_cabi Home/select_i_am_hostess' is clicked on

2019-06-26 18:54:37 - [MESSAGE][PASSED] - Object: 'Object Repository/Page_cabi Home/select_i_am_hostess' is clicked on

2019-06-26 18:54:37 - [TEST_STEP][PASSED] - delay(5): Delayed 5 second(s)

2019-06-26 18:54:42 - [MESSAGE][PASSED] - Delayed 5 second(s)

2019-06-26 18:54:42 - [TEST_STEP][PASSED] - click(findTestObject("Page_cabi Create Show - Set Hostess/input_next")): Object: 'Object Repository/Page_cabi Create Show - Set Hostess/input_next' is clicked on

2019-06-26 18:54:45 - [MESSAGE][PASSED] - Object: 'Object Repository/Page_cabi Create Show - Set Hostess/input_next' is clicked on

2019-06-26 18:54:45 - [TEST_STEP][PASSED] - delay(3): Delayed 3 second(s)

2019-06-26 18:54:48 - [MESSAGE][PASSED] - Delayed 3 second(s)

2019-06-26 18:54:48 - [TEST_STEP][PASSED] - rightClick(findTestObject("Object Repository/Page_cabi Create ShowTime_Place/input_Show_date_time")): Object: 'Object Repository/Page_cabi Create ShowTime_Place/input_Show_date_time' is right clicked on

2019-06-26 18:54:48 - [MESSAGE][PASSED] - Object: 'Object Repository/Page_cabi Create ShowTime_Place/input_Show_date_time' is right clicked on

2019-06-26 18:54:48 - [TEST_STEP][PASSED] - rightClick(findTestObject("Object Repository/Page_cabi Create ShowTime_Place/a_16")): Object: 'Object Repository/Page_cabi Create ShowTime_Place/a_16' is right clicked on

2019-06-26 18:54:48 - [MESSAGE][PASSED] - Object: 'Object Repository/Page_cabi Create ShowTime_Place/a_16' is right clicked on

2019-06-26 18:54:48 - [TEST_STEP][PASSED] - click(findTestObject("Object Repository/Page_cabi Create ShowTime_Place/a_16")): Object: 'Object Repository/Page_cabi Create ShowTime_Place/a_16' is clicked on

2019-06-26 18:54:49 - [MESSAGE][PASSED] - Object: 'Object Repository/Page_cabi Create ShowTime_Place/a_16' is clicked on

2019-06-26 18:54:49 - [TEST_STEP][PASSED] - click(findTestObject("Object Repository/Page_cabi Create ShowTime_Place/b")): Object: 'Object Repository/Page_cabi Create ShowTime_Place/b' is clicked on

2019-06-26 18:54:49 - [MESSAGE][PASSED] - Object: 'Object Repository/Page_cabi Create ShowTime_Place/b' is clicked on

2019-06-26 18:54:49 - [TEST_STEP][PASSED] - click(findTestObject("Object Repository/Page_cabi Create ShowTime_Place/div_Location for ShowSame as Hostess Home Address")): Object: 'Object Repository/Page_cabi Create ShowTime_Place/div_Location for ShowSame as Hostess Home Address' is clicked on

2019-06-26 18:54:49 - [MESSAGE][PASSED] - Object: 'Object Repository/Page_cabi Create ShowTime_Place/div_Location for ShowSame as Hostess Home Address' is clicked on

2019-06-26 18:54:49 - [TEST_STEP][PASSED] - click(findTestObject("Object Repository/Page_cabi Create ShowTime_Place/input__address_Same_as_hostess")): Object: 'Object Repository/Page_cabi Create ShowTime_Place/input__address_Same_as_hostess' is clicked on

2019-06-26 18:54:49 - [MESSAGE][PASSED] - Object: 'Object Repository/Page_cabi Create ShowTime_Place/input__address_Same_as_hostess' is clicked on

2019-06-26 18:54:49 - [TEST_STEP][PASSED] - click(findTestObject("Object Repository/Page_cabi Create ShowTime_Place/input_Same as show location")): Object: 'Object Repository/Page_cabi Create ShowTime_Place/input_Same as show location' is clicked on

2019-06-26 18:54:49 - [MESSAGE][PASSED] - Object: 'Object Repository/Page_cabi Create ShowTime_Place/input_Same as show location' is clicked on

2019-06-26 18:54:49 - [TEST_STEP][PASSED] - delay(3): Delayed 3 second(s)

2019-06-26 18:54:52 - [MESSAGE][PASSED] - Delayed 3 second(s)

2019-06-26 18:54:52 - [TEST_STEP][PASSED] - click(findTestObject("Object Repository/Page_cabi Create ShowTime_Place/label_Tax Rate Calculated")): Object: 'Object Repository/Page_cabi Create ShowTime_Place/label_Tax Rate Calculated' is clicked on

2019-06-26 18:54:52 - [MESSAGE][PASSED] - Object: 'Object Repository/Page_cabi Create ShowTime_Place/label_Tax Rate Calculated' is clicked on

2019-06-26 18:54:52 - [TEST_STEP][PASSED] - click(findTestObject("Object Repository/Page_cabi Create ShowTime_Place/input_Back_section")): Object: 'Object Repository/Page_cabi Create ShowTime_Place/input_Back_section' is clicked on

2019-06-26 18:54:53 - [MESSAGE][PASSED] - Object: 'Object Repository/Page_cabi Create ShowTime_Place/input_Back_section' is clicked on

2019-06-26 18:54:53 - [TEST_STEP][PASSED] - delay(3): Delayed 3 second(s)

2019-06-26 18:54:56 - [MESSAGE][PASSED] - Delayed 3 second(s)

2019-06-26 18:54:56 - [TEST_STEP][PASSED] - click(findTestObject("Page_cabi Create ShowTime_Place/input_ShowSummaryTab")): Object: 'Object Repository/Page_cabi Create ShowTime_Place/input_ShowSummaryTab' is clicked on

2019-06-26 18:54:58 - [MESSAGE][PASSED] - Object: 'Object Repository/Page_cabi Create ShowTime_Place/input_ShowSummaryTab' is clicked on

2019-06-26 18:54:58 - [MESSAGE][PASSED] - Call Test Case 'Test Cases/NewArrival/createAPhysicalShow_IMHostess' successfully

2019-06-26 18:54:58 - [TEST_STEP][PASSED] - delay(2): Delayed 2 second(s)

2019-06-26 18:55:00 - [MESSAGE][PASSED] - Delayed 2 second(s)

2019-06-26 18:55:00 - [TEST_STEP][PASSED] - click(findTestObject("Object Repository/Page_cabi Orders/span_orders")): Object: 'Object Repository/Page_cabi Orders/span_orders' is clicked on

2019-06-26 18:55:02 - [MESSAGE][PASSED] - Object: 'Object Repository/Page_cabi Orders/span_orders' is clicked on

2019-06-26 18:55:02 - [TEST_STEP][PASSED] - click(findTestObject("Object Repository/Page_cabi Orders/button_placeOrder")): Object: 'Object Repository/Page_cabi Orders/button_placeOrder' is clicked on

2019-06-26 18:55:04 - [MESSAGE][PASSED] - Object: 'Object Repository/Page_cabi Orders/button_placeOrder' is clicked on

2019-06-26 18:55:04 - [TEST_STEP][PASSED] - delay(2): Delayed 2 second(s)

2019-06-26 18:55:06 - [MESSAGE][PASSED] - Delayed 2 second(s)

2019-06-26 18:55:06 - [TEST_STEP][PASSED] - click(findTestObject("Object Repository/Page_cabi Order Entry/span_orderItems")): Object: 'Object Repository/Page_cabi Order Entry/span_orderItems' is clicked on

2019-06-26 18:55:06 - [MESSAGE][PASSED] - Object: 'Object Repository/Page_cabi Order Entry/span_orderItems' is clicked on

2019-06-26 18:55:07 - [TEST_STEP][PASSED] - delay(2): Delayed 2 second(s)

2019-06-26 18:55:09 - [MESSAGE][PASSED] - Delayed 2 second(s)

2019-06-26 18:55:09 - [TEST_STEP][PASSED] - callTestCase(findTestCase("NewArrival/productVerifyShort"), ["available":BOShow], STOP_ON_FAILURE): Call Test Case 'Test Cases/NewArrival/productVerifyShort' successfully

2019-06-26 18:55:09 - [TEST_CASE][PASSED] - Test Cases/NewArrival/productVerifyShort: Test Cases/NewArrival/productVerifyShort

2019-06-26 18:55:09 - [TEST_STEP][PASSED] - for ([row = 1, row <= findTestData("productData").getRowNumbers(), (row++)]): null

2019-06-26 18:55:09 - [TEST_STEP][PASSED] - delay(2): Delayed 2 second(s)

2019-06-26 18:55:11 - [MESSAGE][PASSED] - Delayed 2 second(s)

2019-06-26 18:55:11 - [TEST_STEP][PASSED] - setText(findTestObject("Object Repository/Page_cabi Create Order/input_Manual Discount_stylelookup_0"), findTestData("productData").getValue("Style", row)): Text '5618' is set on object 'Object Repository/Page_cabi Create Order/input_Manual Discount_stylelookup_0'

2019-06-26 18:55:11 - [MESSAGE][PASSED] - Text '5618' is set on object 'Object Repository/Page_cabi Create Order/input_Manual Discount_stylelookup_0'

2019-06-26 18:55:11 - [TEST_STEP][PASSED] - delay(2): Delayed 2 second(s)

2019-06-26 18:55:13 - [MESSAGE][PASSED] - Delayed 2 second(s)

2019-06-26 18:55:13 - [TEST_STEP][PASSED] - prod_message = getText(findTestObject("Page_cabi Create Order/first_option")): Text of object 'Object Repository/Page_cabi Create Order/first_option' is: 'No matching result found'

2019-06-26 18:55:14 - [MESSAGE][PASSED] - Text of object 'Object Repository/Page_cabi Create Order/first_option' is: 'No matching result found'

2019-06-26 18:55:14 - [TEST_STEP][PASSED] - delay(1): Delayed 1 second(s)

2019-06-26 18:55:15 - [MESSAGE][PASSED] - Delayed 1 second(s)

2019-06-26 18:55:15 - [TEST_STEP][PASSED] - click(findTestObject("Page_cabi Create Order/first_option")): Object: 'Object Repository/Page_cabi Create Order/first_option' is clicked on

2019-06-26 18:55:15 - [MESSAGE][PASSED] - Object: 'Object Repository/Page_cabi Create Order/first_option' is clicked on

2019-06-26 18:55:15 - [TEST_STEP][PASSED] - if (toString().equalsIgnoreCase("no")): null

2019-06-26 18:55:15 - [TEST_STEP][PASSED] - assert prod_message.equalsIgnoreCase("No matching result found"): null

2019-06-26 18:55:15 - [MESSAGE][PASSED] - Call Test Case 'Test Cases/NewArrival/productVerifyShort' successfully

2019-06-26 18:55:15 - [TEST_STEP][PASSED] - callTestCase(findTestCase("NewArrival/productWatchlist"), ["available":BOEblast], STOP_ON_FAILURE): Call Test Case 'Test Cases/NewArrival/productWatchlist' successfully

2019-06-26 18:55:15 - [TEST_CASE][PASSED] - Test Cases/NewArrival/productWatchlist: Test Cases/NewArrival/productWatchlist

2019-06-26 18:55:15 - [TEST_STEP][PASSED] - callTestCase(findTestCase("TestCaseUtilities/backOfficeLogin"), ["BOURL":"", "BOuser":"", "BOpass":""], STOP_ON_FAILURE): Call Test Case 'Test Cases/TestCaseUtilities/backOfficeLogin' successfully

2019-06-26 18:55:15 - [TEST_CASE][PASSED] - Test Cases/TestCaseUtilities/backOfficeLogin: Test Cases/TestCaseUtilities/backOfficeLogin

2019-06-26 18:55:15 - [TEST_STEP][PASSED] - BOURL = findTestData("credData").getValue("BOURL", 1): null

2019-06-26 18:55:15 - [TEST_STEP][PASSED] - BOuser = findTestData("credData").getValue("BOuser", 1): null

2019-06-26 18:55:15 - [TEST_STEP][PASSED] - BOpass = findTestData("credData").getValue("BOpass", 1): null

2019-06-26 18:55:15 - [TEST_STEP][PASSED] - navigateToUrl(BOURL): Navigate to 'https://test14.cliotest.com/backoffice/control/main' successfully

2019-06-26 18:55:20 - [MESSAGE][PASSED] - Navigate to 'https://test14.cliotest.com/backoffice/control/main' successfully

2019-06-26 18:55:20 - [TEST_STEP][PASSED] - logOut = findWebElements(findTestObject("Object Repository/Page_cabi Home/log_out"), 1): null

2019-06-26 18:55:20 - [TEST_STEP][PASSED] - if (logOut.size() == 0): null

2019-06-26 18:55:20 - [TEST_STEP][PASSED] - delay(3): Delayed 3 second(s)

2019-06-26 18:55:23 - [MESSAGE][PASSED] - Delayed 3 second(s)

2019-06-26 18:55:23 - [MESSAGE][PASSED] - Call Test Case 'Test Cases/TestCaseUtilities/backOfficeLogin' successfully

2019-06-26 18:55:23 - [TEST_STEP][PASSED] - click(findTestObject("Object Repository/Page_cabi Home/a_Shows  Orders")): Object: 'Object Repository/Page_cabi Home/a_Shows  Orders' is clicked on

2019-06-26 18:55:23 - [MESSAGE][PASSED] - Object: 'Object Repository/Page_cabi Home/a_Shows  Orders' is clicked on

2019-06-26 18:55:23 - [TEST_STEP][PASSED] - click(findTestObject("Object Repository/Page_cabi Home/a_Product Watch List")): Object: 'Object Repository/Page_cabi Home/a_Product Watch List' is clicked on

2019-06-26 18:55:29 - [MESSAGE][PASSED] - Object: 'Object Repository/Page_cabi Home/a_Product Watch List' is clicked on

2019-06-26 18:55:29 - [TEST_STEP][PASSED] - if (toString().equalsIgnoreCase("no")): null

2019-06-26 18:55:29 - [TEST_STEP][PASSED] - noResultFound = findWebElements(findTestObject("Object Repository/Page_cabi Product Watch list/span_(New Arrivals 2)"), 5): Unable to find the element located by 'By.xpath: //table[@ng-if='products']/thead/tr[@class='table-header-description']/th/span[contains(text(), ' (New Arrivals 2)')]'. Please recheck the objects properties to make sure the desired element is located. 

2019-06-26 18:55:34 - [MESSAGE][INFO] - Unable to find the element located by 'By.xpath: //table[@ng-if='products']/thead/tr[@class='table-header-description']/th/span[contains(text(), ' (New Arrivals 2)')]'. Please recheck the objects properties to make sure the desired element is located. 

2019-06-26 18:55:34 - [TEST_STEP][PASSED] - assert noResultFound.size() == 0: null

2019-06-26 18:55:34 - [MESSAGE][PASSED] - Call Test Case 'Test Cases/NewArrival/productWatchlist' successfully

2019-06-26 18:55:34 - [TEST_STEP][PASSED] - callTestCase(findTestCase("NewArrival/productEblast"), ["available":BOEblast], STOP_ON_FAILURE): Call Test Case 'Test Cases/NewArrival/productEblast' successfully

2019-06-26 18:55:35 - [TEST_CASE][PASSED] - Test Cases/NewArrival/productEblast: Test Cases/NewArrival/productEblast

2019-06-26 18:55:35 - [TEST_STEP][PASSED] - callTestCase(findTestCase("TestCaseUtilities/backOfficeLogin"), ["BOURL":"", "BOuser":"", "BOpass":""], STOP_ON_FAILURE): Call Test Case 'Test Cases/TestCaseUtilities/backOfficeLogin' successfully

2019-06-26 18:55:35 - [TEST_CASE][PASSED] - Test Cases/TestCaseUtilities/backOfficeLogin: Test Cases/TestCaseUtilities/backOfficeLogin

2019-06-26 18:55:35 - [TEST_STEP][PASSED] - BOURL = findTestData("credData").getValue("BOURL", 1): null

2019-06-26 18:55:35 - [TEST_STEP][PASSED] - BOuser = findTestData("credData").getValue("BOuser", 1): null

2019-06-26 18:55:35 - [TEST_STEP][PASSED] - BOpass = findTestData("credData").getValue("BOpass", 1): null

2019-06-26 18:55:35 - [TEST_STEP][PASSED] - navigateToUrl(BOURL): Navigate to 'https://test14.cliotest.com/backoffice/control/main' successfully

2019-06-26 18:55:41 - [MESSAGE][PASSED] - Navigate to 'https://test14.cliotest.com/backoffice/control/main' successfully

2019-06-26 18:55:41 - [TEST_STEP][PASSED] - logOut = findWebElements(findTestObject("Object Repository/Page_cabi Home/log_out"), 1): null

2019-06-26 18:55:41 - [TEST_STEP][PASSED] - if (logOut.size() == 0): null

2019-06-26 18:55:41 - [TEST_STEP][PASSED] - delay(3): Delayed 3 second(s)

2019-06-26 18:55:44 - [MESSAGE][PASSED] - Delayed 3 second(s)

2019-06-26 18:55:44 - [MESSAGE][PASSED] - Call Test Case 'Test Cases/TestCaseUtilities/backOfficeLogin' successfully

2019-06-26 18:55:44 - [TEST_STEP][PASSED] - click(findTestObject("Page_cabi Home/a_Connections")): Object: 'Object Repository/Page_cabi Home/a_Connections' is clicked on

2019-06-26 18:55:44 - [MESSAGE][PASSED] - Object: 'Object Repository/Page_cabi Home/a_Connections' is clicked on

2019-06-26 18:55:44 - [TEST_STEP][PASSED] - click(findTestObject("Page_cabi Home/a_Contact Manager")): Object: 'Object Repository/Page_cabi Home/a_Contact Manager' is clicked on

2019-06-26 18:55:51 - [MESSAGE][PASSED] - Object: 'Object Repository/Page_cabi Home/a_Contact Manager' is clicked on

2019-06-26 18:55:51 - [TEST_STEP][PASSED] - click(findTestObject("Page_cabi/span_SEND eBLAST")): Object: 'Object Repository/Page_cabi/span_SEND eBLAST' is clicked on

2019-06-26 18:55:51 - [MESSAGE][PASSED] - Object: 'Object Repository/Page_cabi/span_SEND eBLAST' is clicked on

2019-06-26 18:55:51 - [TEST_STEP][PASSED] - click(findTestObject("Object Repository/Page_cabi Eblast/a_Stylist Picks")): Object: 'Object Repository/Page_cabi Eblast/a_Stylist Picks' is clicked on

2019-06-26 18:56:01 - [MESSAGE][PASSED] - Object: 'Object Repository/Page_cabi Eblast/a_Stylist Picks' is clicked on

2019-06-26 18:56:01 - [TEST_STEP][PASSED] - click(findTestObject("Object Repository/Page_cabi Eblast/button_ADD PRODUCTS TO EBLAST")): Object: 'Object Repository/Page_cabi Eblast/button_ADD PRODUCTS TO EBLAST' is clicked on

2019-06-26 18:56:01 - [MESSAGE][PASSED] - Object: 'Object Repository/Page_cabi Eblast/button_ADD PRODUCTS TO EBLAST' is clicked on

2019-06-26 18:56:01 - [TEST_STEP][PASSED] - for ([row = 1, row <= findTestData("productData").getRowNumbers(), (row++)]): Actual text and expected text of test object 'Object Repository/Page_cabi Eblast/styleNotFound' are matched.

2019-06-26 18:56:01 - [TEST_STEP][PASSED] - delay(2): Delayed 2 second(s)

2019-06-26 18:56:03 - [MESSAGE][PASSED] - Delayed 2 second(s)

2019-06-26 18:56:03 - [TEST_STEP][PASSED] - setText(findTestObject("Page_cabi Eblast/eBlastStyleSearch"), findTestData("productData").getValue("Style", row)): Text '5618' is set on object 'Object Repository/Page_cabi Eblast/eBlastStyleSearch'

2019-06-26 18:56:03 - [MESSAGE][PASSED] - Text '5618' is set on object 'Object Repository/Page_cabi Eblast/eBlastStyleSearch'

2019-06-26 18:56:03 - [TEST_STEP][PASSED] - delay(4): Delayed 4 second(s)

2019-06-26 18:56:07 - [MESSAGE][PASSED] - Delayed 4 second(s)

2019-06-26 18:56:07 - [TEST_STEP][PASSED] - if (toString().equalsIgnoreCase("no")): Actual text and expected text of test object 'Object Repository/Page_cabi Eblast/styleNotFound' are matched.

2019-06-26 18:56:07 - [TEST_STEP][PASSED] - style_notfound = findWebElements(findTestObject("Page_cabi Eblast/styleNotFound"), 5): null

2019-06-26 18:56:07 - [TEST_STEP][PASSED] - println(style_notfound.size()): null

2019-06-26 18:56:07 - [TEST_STEP][PASSED] - assert style_notfound.size() > 0: null

2019-06-26 18:56:07 - [TEST_STEP][PASSED] - verifyElementText(findTestObject("Page_cabi Eblast/styleNotFound"), "No matching product"): Actual text and expected text of test object 'Object Repository/Page_cabi Eblast/styleNotFound' are matched.

2019-06-26 18:56:07 - [MESSAGE][PASSED] - Actual text and expected text of test object 'Object Repository/Page_cabi Eblast/styleNotFound' are matched.

2019-06-26 18:56:07 - [MESSAGE][PASSED] - Call Test Case 'Test Cases/NewArrival/productEblast' successfully

2019-06-26 18:56:07 - [TEST_STEP][PASSED] - callTestCase(findTestCase("NewArrival/addOnOrderPersonal"), ["addOnStyle":""], STOP_ON_FAILURE): Call Test Case 'Test Cases/NewArrival/addOnOrderPersonal' successfully

2019-06-26 18:56:07 - [TEST_CASE][PASSED] - Test Cases/NewArrival/addOnOrderPersonal: Test Cases/NewArrival/addOnOrderPersonal

2019-06-26 18:56:08 - [TEST_STEP][PASSED] - openBrowser(""): Browser is opened with url: ''

2019-06-26 18:56:08 - [MESSAGE][WARNING] - A browser is already opened. Closing browser and opening a new one

2019-06-26 18:56:09 - [MESSAGE][INFO] - Starting 'Chrome' driver

2019-06-26 18:56:09 - [MESSAGE][INFO] - User set preference: ['args', '[--use-fake-ui-for-media-stream, --start-maximized]']

2019-06-26 18:56:11 - [MESSAGE][PASSED] - Browser is opened with url: ''

2019-06-26 18:56:11 - [TEST_STEP][PASSED] - addOnStyle = findTestData("miscData").getValue("addOnStyle", 1): null

2019-06-26 18:56:11 - [TEST_STEP][PASSED] - callTestCase(findTestCase("TestCaseUtilities/backOfficeLogin"), ["BOURL":"", "BOuser":"", "BOpass":""], STOP_ON_FAILURE): Call Test Case 'Test Cases/TestCaseUtilities/backOfficeLogin' successfully

2019-06-26 18:56:11 - [TEST_CASE][PASSED] - Test Cases/TestCaseUtilities/backOfficeLogin: Test Cases/TestCaseUtilities/backOfficeLogin

2019-06-26 18:56:11 - [TEST_STEP][PASSED] - BOURL = findTestData("credData").getValue("BOURL", 1): null

2019-06-26 18:56:11 - [TEST_STEP][PASSED] - BOuser = findTestData("credData").getValue("BOuser", 1): null

2019-06-26 18:56:11 - [TEST_STEP][PASSED] - BOpass = findTestData("credData").getValue("BOpass", 1): null

2019-06-26 18:56:11 - [TEST_STEP][PASSED] - navigateToUrl(BOURL): Navigate to 'https://test14.cliotest.com/backoffice/control/main' successfully

2019-06-26 18:56:19 - [MESSAGE][PASSED] - Navigate to 'https://test14.cliotest.com/backoffice/control/main' successfully

2019-06-26 18:56:19 - [TEST_STEP][PASSED] - logOut = findWebElements(findTestObject("Object Repository/Page_cabi Home/log_out"), 1): Unable to find the element located by 'By.xpath: //a[contains(text(),'Log Out')]'. Please recheck the objects properties to make sure the desired element is located. 

2019-06-26 18:56:20 - [MESSAGE][INFO] - Unable to find the element located by 'By.xpath: //a[contains(text(),'Log Out')]'. Please recheck the objects properties to make sure the desired element is located. 

2019-06-26 18:56:20 - [TEST_STEP][PASSED] - if (logOut.size() == 0): Object: 'Object Repository/Page_cabi/input_Welcome to_consultantLogin' is clicked on

2019-06-26 18:56:20 - [TEST_STEP][PASSED] - setText(findTestObject("Page_cabi/input_Welcome to_USERNAME"), BOuser): Text '400000002' is set on object 'Object Repository/Page_cabi/input_Welcome to_USERNAME'

2019-06-26 18:56:21 - [MESSAGE][PASSED] - Text '400000002' is set on object 'Object Repository/Page_cabi/input_Welcome to_USERNAME'

2019-06-26 18:56:21 - [TEST_STEP][PASSED] - setText(findTestObject("Object Repository/Page_cabi/input_Welcome to_PASSWORD"), BOpass): Text 'blackdress19' is set on object 'Object Repository/Page_cabi/input_Welcome to_PASSWORD'

2019-06-26 18:56:21 - [MESSAGE][PASSED] - Text 'blackdress19' is set on object 'Object Repository/Page_cabi/input_Welcome to_PASSWORD'

2019-06-26 18:56:21 - [TEST_STEP][PASSED] - click(findTestObject("Object Repository/Page_cabi/input_Welcome to_consultantLogin")): Object: 'Object Repository/Page_cabi/input_Welcome to_consultantLogin' is clicked on

2019-06-26 18:56:30 - [MESSAGE][PASSED] - Object: 'Object Repository/Page_cabi/input_Welcome to_consultantLogin' is clicked on

2019-06-26 18:56:30 - [TEST_STEP][PASSED] - delay(3): Delayed 3 second(s)

2019-06-26 18:56:33 - [MESSAGE][PASSED] - Delayed 3 second(s)

2019-06-26 18:56:33 - [MESSAGE][PASSED] - Call Test Case 'Test Cases/TestCaseUtilities/backOfficeLogin' successfully

2019-06-26 18:56:33 - [TEST_STEP][PASSED] - click(findTestObject("Page_cabi Home/a_Shows  Orders")): Object: 'Object Repository/Page_cabi Home/a_Shows  Orders' is clicked on

2019-06-26 18:56:33 - [MESSAGE][PASSED] - Object: 'Object Repository/Page_cabi Home/a_Shows  Orders' is clicked on

2019-06-26 18:56:33 - [TEST_STEP][PASSED] - delay(1): Delayed 1 second(s)

2019-06-26 18:56:34 - [MESSAGE][PASSED] - Delayed 1 second(s)

2019-06-26 18:56:34 - [TEST_STEP][PASSED] - click(findTestObject("Page_cabi Home/a_personal_purchases")): Object: 'Object Repository/Page_cabi Home/a_personal_purchases' is clicked on

2019-06-26 18:56:37 - [MESSAGE][PASSED] - Object: 'Object Repository/Page_cabi Home/a_personal_purchases' is clicked on

2019-06-26 18:56:37 - [TEST_STEP][PASSED] - click(findTestObject("Page_cabi Personal Store/span_Continue to Order")): Object: 'Object Repository/Page_cabi Personal Store/span_Continue to Order' is clicked on

2019-06-26 18:56:37 - [MESSAGE][PASSED] - Object: 'Object Repository/Page_cabi Personal Store/span_Continue to Order' is clicked on

2019-06-26 18:56:37 - [TEST_STEP][PASSED] - delay(5): Delayed 5 second(s)

2019-06-26 18:56:42 - [MESSAGE][PASSED] - Delayed 5 second(s)

2019-06-26 18:56:42 - [TEST_STEP][PASSED] - emptyCart = findWebElements(findTestObject("Object Repository/Page_cabi Personal Store/removeFromCart"), 5): Unable to find the element located by 'By.xpath: //*[@id="removeFromCart_0"]/span'. Please recheck the objects properties to make sure the desired element is located. 

2019-06-26 18:56:47 - [MESSAGE][INFO] - Unable to find the element located by 'By.xpath: //*[@id="removeFromCart_0"]/span'. Please recheck the objects properties to make sure the desired element is located. 

2019-06-26 18:56:47 - [TEST_STEP][PASSED] - while (emptyCart.size() > 0): null

2019-06-26 18:56:47 - [TEST_STEP][PASSED] - click(findTestObject("Object Repository/Page_cabi Create Order/input_Manual Discount_stylelookup_0")): Object: 'Object Repository/Page_cabi Create Order/input_Manual Discount_stylelookup_0' is clicked on

2019-06-26 18:56:47 - [MESSAGE][PASSED] - Object: 'Object Repository/Page_cabi Create Order/input_Manual Discount_stylelookup_0' is clicked on

2019-06-26 18:56:47 - [TEST_STEP][PASSED] - setText(findTestObject("Object Repository/Page_cabi Create Order/input_Manual Discount_stylelookup_0"), addOnStyle): Text '5447' is set on object 'Object Repository/Page_cabi Create Order/input_Manual Discount_stylelookup_0'

2019-06-26 18:56:47 - [MESSAGE][PASSED] - Text '5447' is set on object 'Object Repository/Page_cabi Create Order/input_Manual Discount_stylelookup_0'

2019-06-26 18:56:47 - [TEST_STEP][PASSED] - delay(3): Delayed 3 second(s)

2019-06-26 18:56:50 - [MESSAGE][PASSED] - Delayed 3 second(s)

2019-06-26 18:56:50 - [TEST_STEP][PASSED] - prod_message = getText(findTestObject("Page_cabi Create Order/first_option")): Text of object 'Object Repository/Page_cabi Create Order/first_option' is: '5447 Bishop Cardigan'

2019-06-26 18:56:51 - [MESSAGE][PASSED] - Text of object 'Object Repository/Page_cabi Create Order/first_option' is: '5447 Bishop Cardigan'

2019-06-26 18:56:51 - [TEST_STEP][PASSED] - click(findTestObject("Page_cabi Create Order/first_option")): Object: 'Object Repository/Page_cabi Create Order/first_option' is clicked on

2019-06-26 18:56:51 - [MESSAGE][PASSED] - Object: 'Object Repository/Page_cabi Create Order/first_option' is clicked on

2019-06-26 18:56:51 - [TEST_STEP][PASSED] - delay(5): Delayed 5 second(s)

2019-06-26 18:56:56 - [MESSAGE][PASSED] - Delayed 5 second(s)

2019-06-26 18:56:56 - [TEST_STEP][PASSED] - click(findTestObject("Object Repository/Page_cabi Order Items/selectSize")): Object: 'Object Repository/Page_cabi Order Items/selectSize' is clicked on

2019-06-26 18:56:56 - [MESSAGE][PASSED] - Object: 'Object Repository/Page_cabi Order Items/selectSize' is clicked on

2019-06-26 18:56:56 - [TEST_STEP][PASSED] - click(findTestObject("Object Repository/Page_cabi Order Items/span_Add to Cart")): Object: 'Object Repository/Page_cabi Order Items/span_Add to Cart' is clicked on

2019-06-26 18:56:56 - [MESSAGE][PASSED] - Object: 'Object Repository/Page_cabi Order Items/span_Add to Cart' is clicked on

2019-06-26 18:56:56 - [TEST_STEP][PASSED] - delay(3): Delayed 3 second(s)

2019-06-26 18:56:59 - [MESSAGE][PASSED] - Delayed 3 second(s)

2019-06-26 18:56:59 - [TEST_STEP][PASSED] - click(findTestObject("Object Repository/Page_cabi Order Items/span_Continue to Shipping")): Object: 'Object Repository/Page_cabi Order Items/span_Continue to Shipping' is clicked on

2019-06-26 18:56:59 - [MESSAGE][PASSED] - Object: 'Object Repository/Page_cabi Order Items/span_Continue to Shipping' is clicked on

2019-06-26 18:56:59 - [TEST_STEP][PASSED] - click(findTestObject("Page_cabi Personal Store/nextButtonShipping")): Object: 'Object Repository/Page_cabi Personal Store/nextButtonShipping' is clicked on

2019-06-26 18:57:00 - [MESSAGE][PASSED] - Object: 'Object Repository/Page_cabi Personal Store/nextButtonShipping' is clicked on

2019-06-26 18:57:00 - [TEST_STEP][PASSED] - delay(3): Delayed 3 second(s)

2019-06-26 18:57:03 - [MESSAGE][PASSED] - Delayed 3 second(s)

2019-06-26 18:57:03 - [TEST_STEP][PASSED] - click(findTestObject("Page_cabi Personal Store/makeFirstPayment")): Object: 'Object Repository/Page_cabi Personal Store/makeFirstPayment' is clicked on

2019-06-26 18:57:03 - [MESSAGE][PASSED] - Object: 'Object Repository/Page_cabi Personal Store/makeFirstPayment' is clicked on

2019-06-26 18:57:03 - [TEST_STEP][PASSED] - click(findTestObject("Page_cabi Personal Store/submitPayment")): Object: 'Object Repository/Page_cabi Personal Store/submitPayment' is clicked on

2019-06-26 18:57:04 - [MESSAGE][PASSED] - Object: 'Object Repository/Page_cabi Personal Store/submitPayment' is clicked on

2019-06-26 18:57:04 - [TEST_STEP][PASSED] - click(findTestObject("Page_cabi Personal Store/submitOrderId")): Object: 'Object Repository/Page_cabi Personal Store/submitOrderId' is clicked on

2019-06-26 18:57:06 - [MESSAGE][PASSED] - Object: 'Object Repository/Page_cabi Personal Store/submitOrderId' is clicked on

2019-06-26 18:57:06 - [TEST_STEP][PASSED] - successMsg = "": null

2019-06-26 18:57:06 - [TEST_STEP][PASSED] - orderSuccess = false: null

2019-06-26 18:57:06 - [TEST_STEP][PASSED] - successMsgs = findWebElements(findTestObject("Object Repository/Page_cabi Personal Store/p_success_msg"), 5): null

2019-06-26 18:57:07 - [TEST_STEP][PASSED] - if (successMsgs.size() > 0): Text of object 'Object Repository/Page_cabi Personal Store/p_order_id' is: 'PR708033003'

2019-06-26 18:57:07 - [TEST_STEP][PASSED] - successMsg = getText(findTestObject("Object Repository/Page_cabi Personal Store/p_success_msg")): Text of object 'Object Repository/Page_cabi Personal Store/p_success_msg' is: 'Order Created Successfully!!
Order #:  PR708033003

CONTINUE SHOPPING'

2019-06-26 18:57:07 - [MESSAGE][PASSED] - Text of object 'Object Repository/Page_cabi Personal Store/p_success_msg' is: 'Order Created Successfully!!
Order #:  PR708033003

CONTINUE SHOPPING'

2019-06-26 18:57:07 - [TEST_STEP][PASSED] - orderSuccess = true: null

2019-06-26 18:57:07 - [TEST_STEP][PASSED] - addOnOrderId = getText(findTestObject("Object Repository/Page_cabi Personal Store/p_order_id")): Text of object 'Object Repository/Page_cabi Personal Store/p_order_id' is: 'PR708033003'

2019-06-26 18:57:07 - [MESSAGE][PASSED] - Text of object 'Object Repository/Page_cabi Personal Store/p_order_id' is: 'PR708033003'

2019-06-26 18:57:07 - [TEST_STEP][PASSED] - assert orderSuccess == true: null

2019-06-26 18:57:07 - [TEST_STEP][PASSED] - callTestCase(findTestCase("NewArrival/warehouseShipping"), ["orderId":addOnOrderId], STOP_ON_FAILURE): Call Test Case 'Test Cases/NewArrival/warehouseShipping' successfully

2019-06-26 18:57:07 - [TEST_CASE][PASSED] - Test Cases/NewArrival/warehouseShipping: Test Cases/NewArrival/warehouseShipping

2019-06-26 18:57:07 - [TEST_STEP][PASSED] - callTestCase(findTestCase("TestCaseUtilities/cabiWarehouseLogin"), ["CWURL":"", "CWuser":"", "CWpass":""], STOP_ON_FAILURE): Call Test Case 'Test Cases/TestCaseUtilities/cabiWarehouseLogin' successfully

2019-06-26 18:57:07 - [TEST_CASE][PASSED] - Test Cases/TestCaseUtilities/cabiWarehouseLogin: Test Cases/TestCaseUtilities/cabiWarehouseLogin

2019-06-26 18:57:08 - [TEST_STEP][PASSED] - CWURL = findTestData("credData").getValue("CWURL", 1): null

2019-06-26 18:57:08 - [TEST_STEP][PASSED] - CWuser = findTestData("credData").getValue("CWuser", 1): null

2019-06-26 18:57:08 - [TEST_STEP][PASSED] - CWpass = findTestData("credData").getValue("CWpass", 1): null

2019-06-26 18:57:08 - [TEST_STEP][PASSED] - openBrowser(""): Browser is opened with url: ''

2019-06-26 18:57:08 - [MESSAGE][WARNING] - A browser is already opened. Closing browser and opening a new one

2019-06-26 18:57:08 - [MESSAGE][INFO] - Starting 'Chrome' driver

2019-06-26 18:57:08 - [MESSAGE][INFO] - User set preference: ['args', '[--use-fake-ui-for-media-stream, --start-maximized]']

2019-06-26 18:57:11 - [MESSAGE][PASSED] - Browser is opened with url: ''

2019-06-26 18:57:11 - [TEST_STEP][PASSED] - navigateToUrl(CWURL): Navigate to 'https://test14.cliotest.com/warehouse/control/main' successfully

2019-06-26 18:57:18 - [MESSAGE][PASSED] - Navigate to 'https://test14.cliotest.com/warehouse/control/main' successfully

2019-06-26 18:57:18 - [TEST_STEP][PASSED] - logOut = findWebElements(findTestObject("Object Repository/Cabi warehouse/Page_cabi_home/log_out"), 1): Unable to find the element located by 'By.xpath: //li/a[contains(text(), 'Log Out »')]'. Please recheck the objects properties to make sure the desired element is located. 

2019-06-26 18:57:19 - [MESSAGE][INFO] - Unable to find the element located by 'By.xpath: //li/a[contains(text(), 'Log Out »')]'. Please recheck the objects properties to make sure the desired element is located. 

2019-06-26 18:57:19 - [TEST_STEP][PASSED] - if (logOut.size() == 0): Object: 'Object Repository/Cabi warehouse/Page_cabi/input_Password_section-btn btn-stl-pk rFloat' is clicked on

2019-06-26 18:57:19 - [TEST_STEP][PASSED] - setText(findTestObject("Object Repository/Cabi warehouse/Page_cabi/input_Username_USERNAME"), CWuser): Text 'rsuarez' is set on object 'Object Repository/Cabi warehouse/Page_cabi/input_Username_USERNAME'

2019-06-26 18:57:19 - [MESSAGE][PASSED] - Text 'rsuarez' is set on object 'Object Repository/Cabi warehouse/Page_cabi/input_Username_USERNAME'

2019-06-26 18:57:19 - [TEST_STEP][PASSED] - setText(findTestObject("Object Repository/Cabi warehouse/Page_cabi/input_Password_PASSWORD"), CWpass): Text 'blackdress19' is set on object 'Object Repository/Cabi warehouse/Page_cabi/input_Password_PASSWORD'

2019-06-26 18:57:20 - [MESSAGE][PASSED] - Text 'blackdress19' is set on object 'Object Repository/Cabi warehouse/Page_cabi/input_Password_PASSWORD'

2019-06-26 18:57:20 - [TEST_STEP][PASSED] - click(findTestObject("Object Repository/Cabi warehouse/Page_cabi/input_Password_section-btn btn-stl-pk rFloat")): Object: 'Object Repository/Cabi warehouse/Page_cabi/input_Password_section-btn btn-stl-pk rFloat' is clicked on

2019-06-26 18:57:22 - [MESSAGE][PASSED] - Object: 'Object Repository/Cabi warehouse/Page_cabi/input_Password_section-btn btn-stl-pk rFloat' is clicked on

2019-06-26 18:57:22 - [TEST_STEP][PASSED] - delay(3): Delayed 3 second(s)

2019-06-26 18:57:25 - [MESSAGE][PASSED] - Delayed 3 second(s)

2019-06-26 18:57:25 - [MESSAGE][PASSED] - Call Test Case 'Test Cases/TestCaseUtilities/cabiWarehouseLogin' successfully

2019-06-26 18:57:25 - [TEST_STEP][PASSED] - click(findTestObject("Page_cabi Manage PickLists/a_Create PickLists")): Object: 'Object Repository/Page_cabi Manage PickLists/a_Create PickLists' is clicked on

2019-06-26 18:57:26 - [MESSAGE][PASSED] - Object: 'Object Repository/Page_cabi Manage PickLists/a_Create PickLists' is clicked on

2019-06-26 18:57:26 - [TEST_STEP][PASSED] - click(findTestObject("Object Repository/findOrders/Page_cabi Find Orders/Page_cabi SampleLine Shipment Screen/a_Single Order")): Object: 'Object Repository/findOrders/Page_cabi Find Orders/Page_cabi SampleLine Shipment Screen/a_Single Order' is clicked on

2019-06-26 18:57:27 - [MESSAGE][PASSED] - Object: 'Object Repository/findOrders/Page_cabi Find Orders/Page_cabi SampleLine Shipment Screen/a_Single Order' is clicked on

2019-06-26 18:57:27 - [TEST_STEP][PASSED] - setText(findTestObject("Page_cabi Create Single Order PickList/input_Order Id_orderId"), orderId): Text 'PR708033003' is set on object 'Object Repository/Page_cabi Create Single Order PickList/input_Order Id_orderId'

2019-06-26 18:57:27 - [MESSAGE][PASSED] - Text 'PR708033003' is set on object 'Object Repository/Page_cabi Create Single Order PickList/input_Order Id_orderId'

2019-06-26 18:57:27 - [TEST_STEP][PASSED] - click(findTestObject("Page_cabi Create Single Order PickList/input_Create even if fully backordered_submitButton")): Object: 'Object Repository/Page_cabi Create Single Order PickList/input_Create even if fully backordered_submitButton' is clicked on

2019-06-26 18:57:28 - [MESSAGE][PASSED] - Object: 'Object Repository/Page_cabi Create Single Order PickList/input_Create even if fully backordered_submitButton' is clicked on

2019-06-26 18:57:28 - [TEST_STEP][PASSED] - pickListCreated = findWebElements(findTestObject("Cabi warehouse/picklistCreatedMessage"), 5): null

2019-06-26 18:57:28 - [TEST_STEP][PASSED] - if (pickListCreated.size() == 0): null

2019-06-26 18:57:28 - [TEST_STEP][PASSED] - picklistCreatedMessage = UtilityMethods.concat("Picklist for order: [", orderId, "] has been created successfully."): null

2019-06-26 18:57:28 - [TEST_STEP][PASSED] - verifyElementText(findTestObject("Cabi warehouse/picklistCreatedMessage"), picklistCreatedMessage): Actual text and expected text of test object 'Object Repository/Cabi warehouse/picklistCreatedMessage' are matched.

2019-06-26 18:57:28 - [MESSAGE][PASSED] - Actual text and expected text of test object 'Object Repository/Cabi warehouse/picklistCreatedMessage' are matched.

2019-06-26 18:57:28 - [TEST_STEP][PASSED] - click(findTestObject("Page_cabi Create Single Order PickList/a_Manage PickLists")): Object: 'Object Repository/Page_cabi Create Single Order PickList/a_Manage PickLists' is clicked on

2019-06-26 18:57:29 - [MESSAGE][PASSED] - Object: 'Object Repository/Page_cabi Create Single Order PickList/a_Manage PickLists' is clicked on

2019-06-26 18:57:29 - [TEST_STEP][PASSED] - setText(findTestObject("Page_cabi Manage PickLists/input_Order _orderId"), orderId): Text 'PR708033003' is set on object 'Object Repository/Page_cabi Manage PickLists/input_Order _orderId'

2019-06-26 18:57:30 - [MESSAGE][PASSED] - Text 'PR708033003' is set on object 'Object Repository/Page_cabi Manage PickLists/input_Order _orderId'

2019-06-26 18:57:30 - [TEST_STEP][PASSED] - click(findTestObject("Page_cabi Manage PickLists/input")): Object: 'Object Repository/Page_cabi Manage PickLists/input' is clicked on

2019-06-26 18:57:30 - [MESSAGE][PASSED] - Object: 'Object Repository/Page_cabi Manage PickLists/input' is clicked on

2019-06-26 18:57:30 - [TEST_STEP][PASSED] - delay(3): Delayed 3 second(s)

2019-06-26 18:57:33 - [MESSAGE][PASSED] - Delayed 3 second(s)

2019-06-26 18:57:33 - [TEST_STEP][PASSED] - click(findTestObject("Page_cabi Manage PickLists/td_104238610")): Object: 'Object Repository/Page_cabi Manage PickLists/td_104238610' is clicked on

2019-06-26 18:57:34 - [MESSAGE][PASSED] - Object: 'Object Repository/Page_cabi Manage PickLists/td_104238610' is clicked on

2019-06-26 18:57:34 - [TEST_STEP][PASSED] - picklistId = getText(findTestObject("Page_cabi Manage PickLists/td_104238610")): Text of object 'Object Repository/Page_cabi Manage PickLists/td_104238610' is: '104300513'

2019-06-26 18:57:34 - [MESSAGE][PASSED] - Text of object 'Object Repository/Page_cabi Manage PickLists/td_104238610' is: '104300513'

2019-06-26 18:57:34 - [TEST_STEP][PASSED] - click(findTestObject("Page_cabi Manage PickLists/a_Packing")): Object: 'Object Repository/Page_cabi Manage PickLists/a_Packing' is clicked on

2019-06-26 18:57:34 - [MESSAGE][PASSED] - Object: 'Object Repository/Page_cabi Manage PickLists/a_Packing' is clicked on

2019-06-26 18:57:34 - [TEST_STEP][PASSED] - setText(findTestObject("Page_cabi Pack Init/input_Pack Station_packStationId"), "30"): Text '30' is set on object 'Object Repository/Page_cabi Pack Init/input_Pack Station_packStationId'

2019-06-26 18:57:35 - [MESSAGE][PASSED] - Text '30' is set on object 'Object Repository/Page_cabi Pack Init/input_Pack Station_packStationId'

2019-06-26 18:57:35 - [TEST_STEP][PASSED] - click(findTestObject("Page_cabi Pack Init/input_Pack Station_submitButton")): Object: 'Object Repository/Page_cabi Pack Init/input_Pack Station_submitButton' is clicked on

2019-06-26 18:57:35 - [MESSAGE][PASSED] - Object: 'Object Repository/Page_cabi Pack Init/input_Pack Station_submitButton' is clicked on

2019-06-26 18:57:35 - [TEST_STEP][PASSED] - setText(findTestObject("Page_cabi Pack Init/input_Picklist ID_pickId"), picklistId): Text '104300513' is set on object 'Object Repository/Page_cabi Pack Init/input_Picklist ID_pickId'

2019-06-26 18:57:36 - [MESSAGE][PASSED] - Text '104300513' is set on object 'Object Repository/Page_cabi Pack Init/input_Picklist ID_pickId'

2019-06-26 18:57:36 - [TEST_STEP][PASSED] - click(findTestObject("Page_cabi Pack Init/input_Picklist ID_submitButton")): Object: 'Object Repository/Page_cabi Pack Init/input_Picklist ID_submitButton' is clicked on

2019-06-26 18:57:37 - [MESSAGE][PASSED] - Object: 'Object Repository/Page_cabi Pack Init/input_Picklist ID_submitButton' is clicked on

2019-06-26 18:57:37 - [TEST_STEP][PASSED] - click(findTestObject("Page_cabi General Pack/input_Cream Of Wheat_button addItemForVerification")): Object: 'Object Repository/Page_cabi General Pack/input_Cream Of Wheat_button addItemForVerification' is clicked on

2019-06-26 18:57:37 - [MESSAGE][PASSED] - Object: 'Object Repository/Page_cabi General Pack/input_Cream Of Wheat_button addItemForVerification' is clicked on

2019-06-26 18:57:37 - [TEST_STEP][PASSED] - click(findTestObject("Page_cabi General Pack/input_Pack Station  30_shipConfirmBtn")): Object: 'Object Repository/Page_cabi General Pack/input_Pack Station  30_shipConfirmBtn' is clicked on

2019-06-26 18:57:41 - [MESSAGE][PASSED] - Object: 'Object Repository/Page_cabi General Pack/input_Pack Station  30_shipConfirmBtn' is clicked on

2019-06-26 18:57:41 - [TEST_STEP][PASSED] - delay(3): Delayed 3 second(s)

2019-06-26 18:57:44 - [MESSAGE][PASSED] - Delayed 3 second(s)

2019-06-26 18:57:44 - [TEST_STEP][PASSED] - itemsNotpacked = findWebElements(findTestObject("Cabi warehouse/itemsNotPacked"), 5): Unable to find the element located by 'By.xpath: //*[@id="content-messages"]/p[1]'. Please recheck the objects properties to make sure the desired element is located. 

2019-06-26 18:57:49 - [MESSAGE][INFO] - Unable to find the element located by 'By.xpath: //*[@id="content-messages"]/p[1]'. Please recheck the objects properties to make sure the desired element is located. 

2019-06-26 18:57:49 - [TEST_STEP][PASSED] - if (itemsNotpacked.size() > 0): null

2019-06-26 18:57:49 - [TEST_STEP][PASSED] - click(findTestObject("Cabi warehouse/warehouseLogout")): Object: 'Object Repository/Cabi warehouse/warehouseLogout' is clicked on

2019-06-26 18:57:52 - [MESSAGE][PASSED] - Object: 'Object Repository/Cabi warehouse/warehouseLogout' is clicked on

2019-06-26 18:57:52 - [MESSAGE][PASSED] - Call Test Case 'Test Cases/NewArrival/warehouseShipping' successfully

2019-06-26 18:57:52 - [TEST_STEP][PASSED] - callTestCase(findTestCase("TestCaseUtilities/backOfficeLogin"), ["BOURL":"", "BOuser":"", "BOpass":""], STOP_ON_FAILURE): Call Test Case 'Test Cases/TestCaseUtilities/backOfficeLogin' successfully

2019-06-26 18:57:52 - [TEST_CASE][PASSED] - Test Cases/TestCaseUtilities/backOfficeLogin: Test Cases/TestCaseUtilities/backOfficeLogin

2019-06-26 18:57:52 - [TEST_STEP][PASSED] - BOURL = findTestData("credData").getValue("BOURL", 1): null

2019-06-26 18:57:52 - [TEST_STEP][PASSED] - BOuser = findTestData("credData").getValue("BOuser", 1): null

2019-06-26 18:57:52 - [TEST_STEP][PASSED] - BOpass = findTestData("credData").getValue("BOpass", 1): null

2019-06-26 18:57:52 - [TEST_STEP][PASSED] - navigateToUrl(BOURL): Navigate to 'https://test14.cliotest.com/backoffice/control/main' successfully

2019-06-26 18:57:57 - [MESSAGE][PASSED] - Navigate to 'https://test14.cliotest.com/backoffice/control/main' successfully

2019-06-26 18:57:57 - [TEST_STEP][PASSED] - logOut = findWebElements(findTestObject("Object Repository/Page_cabi Home/log_out"), 1): Unable to find the element located by 'By.xpath: //a[contains(text(),'Log Out')]'. Please recheck the objects properties to make sure the desired element is located. 

2019-06-26 18:57:58 - [MESSAGE][INFO] - Unable to find the element located by 'By.xpath: //a[contains(text(),'Log Out')]'. Please recheck the objects properties to make sure the desired element is located. 

2019-06-26 18:57:58 - [TEST_STEP][PASSED] - if (logOut.size() == 0): Object: 'Object Repository/Page_cabi/input_Welcome to_consultantLogin' is clicked on

2019-06-26 18:57:58 - [TEST_STEP][PASSED] - setText(findTestObject("Page_cabi/input_Welcome to_USERNAME"), BOuser): Text '400000002' is set on object 'Object Repository/Page_cabi/input_Welcome to_USERNAME'

2019-06-26 18:57:58 - [MESSAGE][PASSED] - Text '400000002' is set on object 'Object Repository/Page_cabi/input_Welcome to_USERNAME'

2019-06-26 18:57:58 - [TEST_STEP][PASSED] - setText(findTestObject("Object Repository/Page_cabi/input_Welcome to_PASSWORD"), BOpass): Text 'blackdress19' is set on object 'Object Repository/Page_cabi/input_Welcome to_PASSWORD'

2019-06-26 18:57:58 - [MESSAGE][PASSED] - Text 'blackdress19' is set on object 'Object Repository/Page_cabi/input_Welcome to_PASSWORD'

2019-06-26 18:57:58 - [TEST_STEP][PASSED] - click(findTestObject("Object Repository/Page_cabi/input_Welcome to_consultantLogin")): Object: 'Object Repository/Page_cabi/input_Welcome to_consultantLogin' is clicked on

2019-06-26 18:58:05 - [MESSAGE][PASSED] - Object: 'Object Repository/Page_cabi/input_Welcome to_consultantLogin' is clicked on

2019-06-26 18:58:05 - [TEST_STEP][PASSED] - delay(3): Delayed 3 second(s)

2019-06-26 18:58:08 - [MESSAGE][PASSED] - Delayed 3 second(s)

2019-06-26 18:58:08 - [MESSAGE][PASSED] - Call Test Case 'Test Cases/TestCaseUtilities/backOfficeLogin' successfully

2019-06-26 18:58:08 - [TEST_STEP][PASSED] - click(findTestObject("Object Repository/findOrders/Page_cabi Find Orders/Page_cabi Home/a_Shows  Orders")): Object: 'Object Repository/findOrders/Page_cabi Find Orders/Page_cabi Home/a_Shows  Orders' is clicked on

2019-06-26 18:58:09 - [MESSAGE][PASSED] - Object: 'Object Repository/findOrders/Page_cabi Find Orders/Page_cabi Home/a_Shows  Orders' is clicked on

2019-06-26 18:58:09 - [TEST_STEP][PASSED] - click(findTestObject("Object Repository/findOrders/Page_cabi Find Orders/Page_cabi Home/a_Orders")): Object: 'Object Repository/findOrders/Page_cabi Find Orders/Page_cabi Home/a_Orders' is clicked on

2019-06-26 18:58:10 - [MESSAGE][PASSED] - Object: 'Object Repository/findOrders/Page_cabi Find Orders/Page_cabi Home/a_Orders' is clicked on

2019-06-26 18:58:10 - [TEST_STEP][PASSED] - click(findTestObject("Object Repository/findOrders/Page_cabi Find Orders/Page_cabi Find Orders/b")): Object: 'Object Repository/findOrders/Page_cabi Find Orders/Page_cabi Find Orders/b' is clicked on

2019-06-26 18:58:11 - [MESSAGE][PASSED] - Object: 'Object Repository/findOrders/Page_cabi Find Orders/Page_cabi Find Orders/b' is clicked on

2019-06-26 18:58:11 - [TEST_STEP][PASSED] - delay(3): Delayed 3 second(s)

2019-06-26 18:58:14 - [MESSAGE][PASSED] - Delayed 3 second(s)

2019-06-26 18:58:14 - [TEST_STEP][PASSED] - click(findTestObject("findOrders/Page_cabi Find Orders/orderNo")): Object: 'Object Repository/findOrders/Page_cabi Find Orders/orderNo' is clicked on

2019-06-26 18:58:14 - [MESSAGE][PASSED] - Object: 'Object Repository/findOrders/Page_cabi Find Orders/orderNo' is clicked on

2019-06-26 18:58:14 - [TEST_STEP][PASSED] - delay(3): Delayed 3 second(s)

2019-06-26 18:58:17 - [MESSAGE][PASSED] - Delayed 3 second(s)

2019-06-26 18:58:17 - [TEST_STEP][PASSED] - click(findTestObject("Object Repository/findOrders/Page_cabi Find Orders/Page_cabi Find Orders/pendingShipment")): Object: 'Object Repository/findOrders/Page_cabi Find Orders/Page_cabi Find Orders/pendingShipment' is clicked on

2019-06-26 18:58:17 - [MESSAGE][PASSED] - Object: 'Object Repository/findOrders/Page_cabi Find Orders/Page_cabi Find Orders/pendingShipment' is clicked on

2019-06-26 18:58:17 - [TEST_STEP][PASSED] - click(findTestObject("Object Repository/findOrders/Page_cabi Find Orders/Page_cabi Find Orders/inputShipped")): Object: 'Object Repository/findOrders/Page_cabi Find Orders/Page_cabi Find Orders/inputShipped' is clicked on

2019-06-26 18:58:17 - [MESSAGE][PASSED] - Object: 'Object Repository/findOrders/Page_cabi Find Orders/Page_cabi Find Orders/inputShipped' is clicked on

2019-06-26 18:58:17 - [TEST_STEP][PASSED] - setText(findTestObject("Object Repository/findOrders/Page_cabi Find Orders/Page_cabi Find Orders/inputOrderId"), addOnOrderId): Text 'PR708033003' is set on object 'Object Repository/findOrders/Page_cabi Find Orders/Page_cabi Find Orders/inputOrderId'

2019-06-26 18:58:17 - [MESSAGE][PASSED] - Text 'PR708033003' is set on object 'Object Repository/findOrders/Page_cabi Find Orders/Page_cabi Find Orders/inputOrderId'

2019-06-26 18:58:17 - [TEST_STEP][PASSED] - click(findTestObject("Object Repository/findOrders/Page_cabi Find Orders/Page_cabi Find Orders/findOrders")): Object: 'Object Repository/findOrders/Page_cabi Find Orders/Page_cabi Find Orders/findOrders' is clicked on

2019-06-26 18:58:18 - [MESSAGE][PASSED] - Object: 'Object Repository/findOrders/Page_cabi Find Orders/Page_cabi Find Orders/findOrders' is clicked on

2019-06-26 18:58:18 - [TEST_STEP][PASSED] - click(findTestObject("findOrders/Page_cabi Find Orders/orderView")): Object: 'Object Repository/findOrders/Page_cabi Find Orders/orderView' is clicked on

2019-06-26 18:58:21 - [MESSAGE][PASSED] - Object: 'Object Repository/findOrders/Page_cabi Find Orders/orderView' is clicked on

2019-06-26 18:58:21 - [TEST_STEP][PASSED] - delay(3): Delayed 3 second(s)

2019-06-26 18:58:24 - [MESSAGE][PASSED] - Delayed 3 second(s)

2019-06-26 18:58:24 - [TEST_STEP][PASSED] - refresh(): Refresh successfully

2019-06-26 18:58:24 - [MESSAGE][PASSED] - Refresh successfully

2019-06-26 18:58:24 - [TEST_STEP][PASSED] - delay(3): Delayed 3 second(s)

2019-06-26 18:58:27 - [MESSAGE][PASSED] - Delayed 3 second(s)

2019-06-26 18:58:27 - [TEST_STEP][PASSED] - refresh(): Refresh successfully

2019-06-26 18:58:27 - [MESSAGE][PASSED] - Refresh successfully

2019-06-26 18:58:27 - [TEST_STEP][PASSED] - delay(10): Delayed 10 second(s)

2019-06-26 18:58:37 - [MESSAGE][PASSED] - Delayed 10 second(s)

2019-06-26 18:58:37 - [TEST_STEP][PASSED] - refresh(): Refresh successfully

2019-06-26 18:58:37 - [MESSAGE][PASSED] - Refresh successfully

2019-06-26 18:58:37 - [TEST_STEP][PASSED] - delay(3): Delayed 3 second(s)

2019-06-26 18:58:40 - [MESSAGE][PASSED] - Delayed 3 second(s)

2019-06-26 18:58:40 - [TEST_STEP][PASSED] - click(findTestObject("Object Repository/findOrders/Page_cabi Find Orders/Page_cabi Order View/a_(Return Order)")): Object: 'Object Repository/findOrders/Page_cabi Find Orders/Page_cabi Order View/a_(Return Order)' is clicked on

2019-06-26 18:58:44 - [MESSAGE][PASSED] - Object: 'Object Repository/findOrders/Page_cabi Find Orders/Page_cabi Order View/a_(Return Order)' is clicked on

2019-06-26 18:58:44 - [TEST_STEP][PASSED] - delay(3): Delayed 3 second(s)

2019-06-26 18:58:47 - [MESSAGE][PASSED] - Delayed 3 second(s)

2019-06-26 18:58:47 - [TEST_STEP][PASSED] - selectOptionByValue(findTestObject("Object Repository/findOrders/Page_cabi Find Orders/Page_cabi Stylist Create RMA/selectReason1"), "CABI_c", true): All options with value 'CABI_c' are selected in object 'Object Repository/findOrders/Page_cabi Find Orders/Page_cabi Stylist Create RMA/selectReason1'  using regular expression

2019-06-26 18:58:47 - [MESSAGE][PASSED] - All options with value 'CABI_c' are selected in object 'Object Repository/findOrders/Page_cabi Find Orders/Page_cabi Stylist Create RMA/selectReason1'  using regular expression

2019-06-26 18:58:47 - [TEST_STEP][PASSED] - selectOptionByValue(findTestObject("Object Repository/findOrders/Page_cabi Find Orders/Page_cabi Stylist Create RMA/selectReason2"), "CABI_c_a", true): All options with value 'CABI_c_a' are selected in object 'Object Repository/findOrders/Page_cabi Find Orders/Page_cabi Stylist Create RMA/selectReason2'  using regular expression

2019-06-26 18:58:48 - [MESSAGE][PASSED] - All options with value 'CABI_c_a' are selected in object 'Object Repository/findOrders/Page_cabi Find Orders/Page_cabi Stylist Create RMA/selectReason2'  using regular expression

2019-06-26 18:58:48 - [TEST_STEP][PASSED] - click(findTestObject("Object Repository/findOrders/Page_cabi Find Orders/Page_cabi Stylist Create RMA/inputRefund")): Object: 'Object Repository/findOrders/Page_cabi Find Orders/Page_cabi Stylist Create RMA/inputRefund' is clicked on

2019-06-26 18:58:48 - [MESSAGE][PASSED] - Object: 'Object Repository/findOrders/Page_cabi Find Orders/Page_cabi Stylist Create RMA/inputRefund' is clicked on

2019-06-26 18:58:48 - [TEST_STEP][PASSED] - click(findTestObject("Object Repository/findOrders/Page_cabi Find Orders/Page_cabi Stylist Create RMA/a_Next")): Object: 'Object Repository/findOrders/Page_cabi Find Orders/Page_cabi Stylist Create RMA/a_Next' is clicked on

2019-06-26 18:58:48 - [MESSAGE][PASSED] - Object: 'Object Repository/findOrders/Page_cabi Find Orders/Page_cabi Stylist Create RMA/a_Next' is clicked on

2019-06-26 18:58:48 - [TEST_STEP][PASSED] - click(findTestObject("Object Repository/findOrders/Page_cabi Find Orders/Page_cabi Stylist Create RMA/inputPostalService")): Object: 'Object Repository/findOrders/Page_cabi Find Orders/Page_cabi Stylist Create RMA/inputPostalService' is clicked on

2019-06-26 18:58:50 - [MESSAGE][PASSED] - Object: 'Object Repository/findOrders/Page_cabi Find Orders/Page_cabi Stylist Create RMA/inputPostalService' is clicked on

2019-06-26 18:58:50 - [TEST_STEP][PASSED] - click(findTestObject("Object Repository/findOrders/Page_cabi Find Orders/Page_cabi Stylist Create RMA/inputConfirmAdderess")): Object: 'Object Repository/findOrders/Page_cabi Find Orders/Page_cabi Stylist Create RMA/inputConfirmAdderess' is clicked on

2019-06-26 18:58:50 - [MESSAGE][PASSED] - Object: 'Object Repository/findOrders/Page_cabi Find Orders/Page_cabi Stylist Create RMA/inputConfirmAdderess' is clicked on

2019-06-26 18:58:50 - [TEST_STEP][PASSED] - click(findTestObject("Object Repository/findOrders/Page_cabi Find Orders/Page_cabi Stylist Create RMA/a_Next_1")): Object: 'Object Repository/findOrders/Page_cabi Find Orders/Page_cabi Stylist Create RMA/a_Next_1' is clicked on

2019-06-26 18:58:50 - [MESSAGE][PASSED] - Object: 'Object Repository/findOrders/Page_cabi Find Orders/Page_cabi Stylist Create RMA/a_Next_1' is clicked on

2019-06-26 18:58:50 - [TEST_STEP][PASSED] - click(findTestObject("Object Repository/findOrders/Page_cabi Find Orders/Page_cabi Stylist Create RMA/a_Submit RMA")): Object: 'Object Repository/findOrders/Page_cabi Find Orders/Page_cabi Stylist Create RMA/a_Submit RMA' is clicked on

2019-06-26 18:58:52 - [MESSAGE][PASSED] - Object: 'Object Repository/findOrders/Page_cabi Find Orders/Page_cabi Stylist Create RMA/a_Submit RMA' is clicked on

2019-06-26 18:58:52 - [TEST_STEP][PASSED] - click(findTestObject("Object Repository/findOrders/Page_cabi Find Orders/Page_cabi Stylist Create RMA/addonOrder")): Object: 'Object Repository/findOrders/Page_cabi Find Orders/Page_cabi Stylist Create RMA/addonOrder' is clicked on

2019-06-26 18:58:56 - [MESSAGE][PASSED] - Object: 'Object Repository/findOrders/Page_cabi Find Orders/Page_cabi Stylist Create RMA/addonOrder' is clicked on

2019-06-26 18:58:56 - [TEST_STEP][PASSED] - delay(3): Delayed 3 second(s)

2019-06-26 18:58:59 - [MESSAGE][PASSED] - Delayed 3 second(s)

2019-06-26 18:58:59 - [TEST_STEP][PASSED] - click(findTestObject("Object Repository/Page_cabi_addOn_order/a_continue_to_order")): Object: 'Object Repository/Page_cabi_addOn_order/a_continue_to_order' is clicked on

2019-06-26 18:59:00 - [MESSAGE][PASSED] - Object: 'Object Repository/Page_cabi_addOn_order/a_continue_to_order' is clicked on

2019-06-26 18:59:00 - [TEST_STEP][PASSED] - delay(2): Delayed 2 second(s)

2019-06-26 18:59:02 - [MESSAGE][PASSED] - Delayed 2 second(s)

2019-06-26 18:59:02 - [TEST_STEP][PASSED] - callTestCase(findTestCase("NewArrival/productVerifyShort"), ["available":BOAddonPersonal], STOP_ON_FAILURE): Call Test Case 'Test Cases/NewArrival/productVerifyShort' successfully

2019-06-26 18:59:02 - [TEST_CASE][PASSED] - Test Cases/NewArrival/productVerifyShort: Test Cases/NewArrival/productVerifyShort

2019-06-26 18:59:02 - [TEST_STEP][PASSED] - for ([row = 1, row <= findTestData("productData").getRowNumbers(), (row++)]): Delayed 3 second(s)

2019-06-26 18:59:02 - [TEST_STEP][PASSED] - delay(2): Delayed 2 second(s)

2019-06-26 18:59:04 - [MESSAGE][PASSED] - Delayed 2 second(s)

2019-06-26 18:59:04 - [TEST_STEP][PASSED] - setText(findTestObject("Object Repository/Page_cabi Create Order/input_Manual Discount_stylelookup_0"), findTestData("productData").getValue("Style", row)): Text '5618' is set on object 'Object Repository/Page_cabi Create Order/input_Manual Discount_stylelookup_0'

2019-06-26 18:59:04 - [MESSAGE][PASSED] - Text '5618' is set on object 'Object Repository/Page_cabi Create Order/input_Manual Discount_stylelookup_0'

2019-06-26 18:59:04 - [TEST_STEP][PASSED] - delay(2): Delayed 2 second(s)

2019-06-26 18:59:06 - [MESSAGE][PASSED] - Delayed 2 second(s)

2019-06-26 18:59:06 - [TEST_STEP][PASSED] - prod_message = getText(findTestObject("Page_cabi Create Order/first_option")): Text of object 'Object Repository/Page_cabi Create Order/first_option' is: '5618 Breeze Dress (Spring '19)'

2019-06-26 18:59:06 - [MESSAGE][PASSED] - Text of object 'Object Repository/Page_cabi Create Order/first_option' is: '5618 Breeze Dress (Spring '19)'

2019-06-26 18:59:06 - [TEST_STEP][PASSED] - delay(1): Delayed 1 second(s)

2019-06-26 18:59:07 - [MESSAGE][PASSED] - Delayed 1 second(s)

2019-06-26 18:59:07 - [TEST_STEP][PASSED] - click(findTestObject("Page_cabi Create Order/first_option")): Object: 'Object Repository/Page_cabi Create Order/first_option' is clicked on

2019-06-26 18:59:07 - [MESSAGE][PASSED] - Object: 'Object Repository/Page_cabi Create Order/first_option' is clicked on

2019-06-26 18:59:07 - [TEST_STEP][PASSED] - if (toString().equalsIgnoreCase("no")): null

2019-06-26 18:59:07 - [TEST_STEP][PASSED] - else: Delayed 3 second(s)

2019-06-26 18:59:07 - [TEST_STEP][PASSED] - delay(3): Delayed 3 second(s)

2019-06-26 18:59:10 - [MESSAGE][PASSED] - Delayed 3 second(s)

2019-06-26 18:59:10 - [TEST_STEP][PASSED] - s1 = getValue("Style", row).toString(): null

2019-06-26 18:59:10 - [TEST_STEP][PASSED] - s2 = " ": null

2019-06-26 18:59:10 - [TEST_STEP][PASSED] - s3 = getValue("Description", row).toString(): null

2019-06-26 18:59:10 - [TEST_STEP][PASSED] - expectedStyleDescription = $s1$s2$s3: null

2019-06-26 18:59:10 - [TEST_STEP][PASSED] - prod_message = UtilityMethods.splitStyle(prod_message): null

2019-06-26 18:59:10 - [TEST_STEP][PASSED] - println(prod_message): null

2019-06-26 18:59:10 - [TEST_STEP][PASSED] - assert prod_message.equalsIgnoreCase(expectedStyleDescription): null

2019-06-26 18:59:10 - [TEST_STEP][PASSED] - delay(3): Delayed 3 second(s)

2019-06-26 18:59:13 - [MESSAGE][PASSED] - Delayed 3 second(s)

2019-06-26 18:59:13 - [TEST_STEP][PASSED] - colorOptions = findWebElements(findTestObject("Page_cabi Order Items/GetAttribute_Color"), 5): null

2019-06-26 18:59:13 - [TEST_STEP][PASSED] - println(colorOptions.size()): null

2019-06-26 18:59:13 - [TEST_STEP][PASSED] - expectedColour = findTestData("productData").getValue("Color", row): null

2019-06-26 18:59:13 - [TEST_STEP][PASSED] - println("expected colour is"): null

2019-06-26 18:59:13 - [TEST_STEP][PASSED] - println(expectedColour): null

2019-06-26 18:59:13 - [TEST_STEP][PASSED] - colourVerified = false: null

2019-06-26 18:59:13 - [TEST_STEP][PASSED] - for (org.openqa.selenium.WebElement op : colorOptions): null

2019-06-26 18:59:13 - [TEST_STEP][PASSED] - println(op.getText()): null

2019-06-26 18:59:13 - [TEST_STEP][PASSED] - if (expectedColour.equalsIgnoreCase(op.getText())): null

2019-06-26 18:59:13 - [TEST_STEP][PASSED] - colourVerified = true: null

2019-06-26 18:59:13 - [TEST_STEP][PASSED] - break: null

2019-06-26 18:59:13 - [TEST_STEP][PASSED] - assert colourVerified == true: null

2019-06-26 18:59:13 - [TEST_STEP][PASSED] - getPrice = getText(findTestObject("Page_cabi Create Order/retail_price")): Text of object 'Object Repository/Page_cabi Create Order/retail_price' is: '$119.00'

2019-06-26 18:59:14 - [MESSAGE][PASSED] - Text of object 'Object Repository/Page_cabi Create Order/retail_price' is: '$119.00'

2019-06-26 18:59:14 - [TEST_STEP][PASSED] - Split_Data = UtilityMethods.SplitData(getPrice): null

2019-06-26 18:59:14 - [TEST_STEP][PASSED] - verifyMatch(Split_Data, findTestData("productData").getValue("Retail", row), true): Actual text '119' and expected text '119' are matched  using regular expression

2019-06-26 18:59:14 - [MESSAGE][PASSED] - Actual text '119' and expected text '119' are matched  using regular expression

2019-06-26 18:59:14 - [TEST_STEP][PASSED] - sizeRange1 = ["XXS", "XS", "S", "M", "L", "XL"]: null

2019-06-26 18:59:14 - [TEST_STEP][PASSED] - sizeRange2 = ["00", "0", "2", "4", "6", "8", "10", "12", "14", "16"]: null

2019-06-26 18:59:14 - [TEST_STEP][PASSED] - sizeRange3 = ["Long", "Regular", "Short"]: null

2019-06-26 18:59:14 - [TEST_STEP][PASSED] - sizeRange4 = ["5", "6", "6.5", "7", "7.5", "8", "8.5", "9", "9.5", "10", "11"]: null

2019-06-26 18:59:14 - [TEST_STEP][PASSED] - sizeRangeSplit = UtilityMethods.SplitSizes(findTestData("productData").getValue("SzRange", row)): null

2019-06-26 18:59:14 - [TEST_STEP][PASSED] - sizeType = getText(findTestObject("Object Repository/Page_cabi Order Items/Size")): Text of object 'Object Repository/Page_cabi Order Items/Size' is: 'Select'

2019-06-26 18:59:14 - [MESSAGE][PASSED] - Text of object 'Object Repository/Page_cabi Order Items/Size' is: 'Select'

2019-06-26 18:59:14 - [TEST_STEP][PASSED] - sizeOptions = findWebElements(findTestObject("Object Repository/Page_cabi Order Items/Size"), 5): null

2019-06-26 18:59:14 - [TEST_STEP][PASSED] - actualRange = new java.util.ArrayList(): null

2019-06-26 18:59:14 - [TEST_STEP][PASSED] - expectedRange = <not implemented yet for class: org.codehaus.groovy.ast.expr.EmptyExpression>: null

2019-06-26 18:59:14 - [TEST_STEP][PASSED] - if (sizeType.equalsIgnoreCase("Select")): null

2019-06-26 18:59:14 - [TEST_STEP][PASSED] - for ([i = 1, i < sizeOptions.size(), (i++)]): null

2019-06-26 18:59:14 - [TEST_STEP][PASSED] - actualRange.add(get(i).getText()): null

2019-06-26 18:59:14 - [TEST_STEP][PASSED] - actualRange.add(get(i).getText()): null

2019-06-26 18:59:14 - [TEST_STEP][PASSED] - actualRange.add(get(i).getText()): null

2019-06-26 18:59:14 - [TEST_STEP][PASSED] - actualRange.add(get(i).getText()): null

2019-06-26 18:59:14 - [TEST_STEP][PASSED] - actualRange.add(get(i).getText()): null

2019-06-26 18:59:14 - [TEST_STEP][PASSED] - if (toString().equalsIgnoreCase("XS") || toString().equalsIgnoreCase("XXS")): null

2019-06-26 18:59:14 - [TEST_STEP][PASSED] - expectedRange = UtilityMethods.getExpectedRange(sizeRange1, sizeRangeSplit): null

2019-06-26 18:59:14 - [TEST_STEP][PASSED] - println("XS"): null

2019-06-26 18:59:14 - [TEST_STEP][PASSED] - println(expectedRange.toString()): null

2019-06-26 18:59:14 - [TEST_STEP][PASSED] - assert UtilityMethods.listEquals(expectedRange, actualRange) == true: null

2019-06-26 18:59:14 - [TEST_STEP][PASSED] - delay(3): Delayed 3 second(s)

2019-06-26 18:59:17 - [MESSAGE][PASSED] - Delayed 3 second(s)

2019-06-26 18:59:17 - [MESSAGE][PASSED] - Call Test Case 'Test Cases/NewArrival/productVerifyShort' successfully

2019-06-26 18:59:17 - [MESSAGE][PASSED] - Call Test Case 'Test Cases/NewArrival/addOnOrderPersonal' successfully

2019-06-26 18:59:17 - [TEST_STEP][PASSED] - callTestCase(findTestCase("NewArrival/addOnOrderRetail"), ["addOnStyle":""], STOP_ON_FAILURE): Call Test Case 'Test Cases/NewArrival/addOnOrderRetail' successfully

2019-06-26 18:59:17 - [TEST_CASE][PASSED] - Test Cases/NewArrival/addOnOrderRetail: Test Cases/NewArrival/addOnOrderRetail

2019-06-26 18:59:18 - [TEST_STEP][PASSED] - openBrowser(""): Browser is opened with url: ''

2019-06-26 18:59:18 - [MESSAGE][WARNING] - A browser is already opened. Closing browser and opening a new one

2019-06-26 18:59:18 - [MESSAGE][INFO] - Starting 'Chrome' driver

2019-06-26 18:59:18 - [MESSAGE][INFO] - User set preference: ['args', '[--use-fake-ui-for-media-stream, --start-maximized]']

2019-06-26 18:59:21 - [MESSAGE][PASSED] - Browser is opened with url: ''

2019-06-26 18:59:21 - [TEST_STEP][PASSED] - addOnStyle = findTestData("miscData").getValue("addOnStyle", 1): null

2019-06-26 18:59:21 - [TEST_STEP][PASSED] - callTestCase(findTestCase("TestCaseUtilities/backOfficeLogin"), ["BOURL":"", "BOuser":"", "BOpass":""], STOP_ON_FAILURE): Call Test Case 'Test Cases/TestCaseUtilities/backOfficeLogin' successfully

2019-06-26 18:59:21 - [TEST_CASE][PASSED] - Test Cases/TestCaseUtilities/backOfficeLogin: Test Cases/TestCaseUtilities/backOfficeLogin

2019-06-26 18:59:21 - [TEST_STEP][PASSED] - BOURL = findTestData("credData").getValue("BOURL", 1): null

2019-06-26 18:59:21 - [TEST_STEP][PASSED] - BOuser = findTestData("credData").getValue("BOuser", 1): null

2019-06-26 18:59:21 - [TEST_STEP][PASSED] - BOpass = findTestData("credData").getValue("BOpass", 1): null

2019-06-26 18:59:21 - [TEST_STEP][PASSED] - navigateToUrl(BOURL): Navigate to 'https://test14.cliotest.com/backoffice/control/main' successfully

2019-06-26 18:59:28 - [MESSAGE][PASSED] - Navigate to 'https://test14.cliotest.com/backoffice/control/main' successfully

2019-06-26 18:59:28 - [TEST_STEP][PASSED] - logOut = findWebElements(findTestObject("Object Repository/Page_cabi Home/log_out"), 1): Unable to find the element located by 'By.xpath: //a[contains(text(),'Log Out')]'. Please recheck the objects properties to make sure the desired element is located. 

2019-06-26 18:59:29 - [MESSAGE][INFO] - Unable to find the element located by 'By.xpath: //a[contains(text(),'Log Out')]'. Please recheck the objects properties to make sure the desired element is located. 

2019-06-26 18:59:29 - [TEST_STEP][PASSED] - if (logOut.size() == 0): Object: 'Object Repository/Page_cabi/input_Welcome to_consultantLogin' is clicked on

2019-06-26 18:59:29 - [TEST_STEP][PASSED] - setText(findTestObject("Page_cabi/input_Welcome to_USERNAME"), BOuser): Text '400000002' is set on object 'Object Repository/Page_cabi/input_Welcome to_USERNAME'

2019-06-26 18:59:29 - [MESSAGE][PASSED] - Text '400000002' is set on object 'Object Repository/Page_cabi/input_Welcome to_USERNAME'

2019-06-26 18:59:29 - [TEST_STEP][PASSED] - setText(findTestObject("Object Repository/Page_cabi/input_Welcome to_PASSWORD"), BOpass): Text 'blackdress19' is set on object 'Object Repository/Page_cabi/input_Welcome to_PASSWORD'

2019-06-26 18:59:30 - [MESSAGE][PASSED] - Text 'blackdress19' is set on object 'Object Repository/Page_cabi/input_Welcome to_PASSWORD'

2019-06-26 18:59:30 - [TEST_STEP][PASSED] - click(findTestObject("Object Repository/Page_cabi/input_Welcome to_consultantLogin")): Object: 'Object Repository/Page_cabi/input_Welcome to_consultantLogin' is clicked on

2019-06-26 18:59:38 - [MESSAGE][PASSED] - Object: 'Object Repository/Page_cabi/input_Welcome to_consultantLogin' is clicked on

2019-06-26 18:59:38 - [TEST_STEP][PASSED] - delay(3): Delayed 3 second(s)

2019-06-26 18:59:41 - [MESSAGE][PASSED] - Delayed 3 second(s)

2019-06-26 18:59:41 - [MESSAGE][PASSED] - Call Test Case 'Test Cases/TestCaseUtilities/backOfficeLogin' successfully

2019-06-26 18:59:41 - [TEST_STEP][PASSED] - click(findTestObject("Object Repository/Page_cabi Home/a_Shows  Orders")): Object: 'Object Repository/Page_cabi Home/a_Shows  Orders' is clicked on

2019-06-26 18:59:41 - [MESSAGE][PASSED] - Object: 'Object Repository/Page_cabi Home/a_Shows  Orders' is clicked on

2019-06-26 18:59:41 - [TEST_STEP][PASSED] - delay(1): Delayed 1 second(s)

2019-06-26 18:59:42 - [MESSAGE][PASSED] - Delayed 1 second(s)

2019-06-26 18:59:42 - [TEST_STEP][PASSED] - rightClick(findTestObject("Page_cabi Home/a_Shows  Orders")): Object: 'Object Repository/Page_cabi Home/a_Shows  Orders' is right clicked on

2019-06-26 18:59:42 - [MESSAGE][PASSED] - Object: 'Object Repository/Page_cabi Home/a_Shows  Orders' is right clicked on

2019-06-26 18:59:42 - [TEST_STEP][PASSED] - click(findTestObject("Page_cabi Home/a_retail_purchases")): Object: 'Object Repository/Page_cabi Home/a_retail_purchases' is clicked on

2019-06-26 18:59:46 - [MESSAGE][PASSED] - Object: 'Object Repository/Page_cabi Home/a_retail_purchases' is clicked on

2019-06-26 18:59:46 - [TEST_STEP][PASSED] - delay(3): Delayed 3 second(s)

2019-06-26 18:59:49 - [MESSAGE][PASSED] - Delayed 3 second(s)

2019-06-26 18:59:49 - [TEST_STEP][PASSED] - click(findTestObject("Object Repository/Page_cabi Home/existingCustomer")): Object: 'Object Repository/Page_cabi Home/existingCustomer' is clicked on

2019-06-26 18:59:49 - [MESSAGE][PASSED] - Object: 'Object Repository/Page_cabi Home/existingCustomer' is clicked on

2019-06-26 18:59:49 - [TEST_STEP][PASSED] - contactNumber = 4: null

2019-06-26 18:59:49 - [TEST_STEP][PASSED] - firstName = findTestData("contactData").getValue("firstName", contactNumber): null

2019-06-26 18:59:49 - [TEST_STEP][PASSED] - lastName = findTestData("contactData").getValue("lastName", contactNumber): null

2019-06-26 18:59:49 - [TEST_STEP][PASSED] - email = findTestData("contactData").getValue("email", contactNumber): null

2019-06-26 18:59:49 - [TEST_STEP][PASSED] - address1 = findTestData("contactData").getValue("address1", contactNumber): null

2019-06-26 18:59:49 - [TEST_STEP][PASSED] - city = findTestData("contactData").getValue("city", contactNumber): null

2019-06-26 18:59:49 - [TEST_STEP][PASSED] - state = findTestData("contactData").getValue("state", contactNumber): null

2019-06-26 18:59:49 - [TEST_STEP][PASSED] - zip = findTestData("contactData").getValue("zip", contactNumber): null

2019-06-26 18:59:49 - [TEST_STEP][PASSED] - existingCustFName = firstName: null

2019-06-26 18:59:49 - [TEST_STEP][PASSED] - existingCustLName = lastName: null

2019-06-26 18:59:49 - [TEST_STEP][PASSED] - space = " ": null

2019-06-26 18:59:49 - [TEST_STEP][PASSED] - existingCust = $existingCustFName$space$existingCustLName: null

2019-06-26 18:59:49 - [TEST_STEP][PASSED] - setText(findTestObject("Object Repository/Page_cabi Home/input_existing_guest"), existingCust): Text 'neoguest2 abc' is set on object 'Object Repository/Page_cabi Home/input_existing_guest'

2019-06-26 18:59:50 - [MESSAGE][PASSED] - Text 'neoguest2 abc' is set on object 'Object Repository/Page_cabi Home/input_existing_guest'

2019-06-26 18:59:50 - [TEST_STEP][PASSED] - delay(3): Delayed 3 second(s)

2019-06-26 18:59:53 - [MESSAGE][PASSED] - Delayed 3 second(s)

2019-06-26 18:59:53 - [TEST_STEP][PASSED] - rightClick(findTestObject("Object Repository/Page_cabi Home/input_existing_guest")): Object: 'Object Repository/Page_cabi Home/input_existing_guest' is right clicked on

2019-06-26 18:59:53 - [MESSAGE][PASSED] - Object: 'Object Repository/Page_cabi Home/input_existing_guest' is right clicked on

2019-06-26 18:59:53 - [TEST_STEP][PASSED] - rightClick(findTestObject("Object Repository/Page_cabi Home/input_existing_guest")): Object: 'Object Repository/Page_cabi Home/input_existing_guest' is right clicked on

2019-06-26 18:59:53 - [MESSAGE][PASSED] - Object: 'Object Repository/Page_cabi Home/input_existing_guest' is right clicked on

2019-06-26 18:59:53 - [TEST_STEP][PASSED] - click(findTestObject("Object Repository/Page_cabi Create Show - Set Hostess/a_select_customer")): Object: 'Object Repository/Page_cabi Create Show - Set Hostess/a_select_customer' is clicked on

2019-06-26 18:59:54 - [MESSAGE][PASSED] - Object: 'Object Repository/Page_cabi Create Show - Set Hostess/a_select_customer' is clicked on

2019-06-26 18:59:54 - [TEST_STEP][PASSED] - setText(findTestObject("Object Repository/Page_cabi Home/input_existing_guest"), existingCust): Text 'neoguest2 abc' is set on object 'Object Repository/Page_cabi Home/input_existing_guest'

2019-06-26 18:59:54 - [MESSAGE][PASSED] - Text 'neoguest2 abc' is set on object 'Object Repository/Page_cabi Home/input_existing_guest'

2019-06-26 18:59:54 - [TEST_STEP][PASSED] - setText(findTestObject("Object Repository/Page_cabi Retail Store/input_email"), email): Text 'neoguest2ab@test.com' is set on object 'Object Repository/Page_cabi Retail Store/input_email'

2019-06-26 18:59:55 - [MESSAGE][PASSED] - Text 'neoguest2ab@test.com' is set on object 'Object Repository/Page_cabi Retail Store/input_email'

2019-06-26 18:59:55 - [TEST_STEP][PASSED] - setText(findTestObject("Object Repository/Page_cabi Edit Customer Profile/input_Address1_address1"), address1): Text '1908 INDUSTRIAL PARK DR' is set on object 'Object Repository/Page_cabi Edit Customer Profile/input_Address1_address1'

2019-06-26 18:59:55 - [MESSAGE][PASSED] - Text '1908 INDUSTRIAL PARK DR' is set on object 'Object Repository/Page_cabi Edit Customer Profile/input_Address1_address1'

2019-06-26 18:59:55 - [TEST_STEP][PASSED] - setText(findTestObject("Object Repository/Page_cabi Edit Customer Profile/input_Address2_address2"), ""): Text '' is set on object 'Object Repository/Page_cabi Edit Customer Profile/input_Address2_address2'

2019-06-26 18:59:55 - [MESSAGE][PASSED] - Text '' is set on object 'Object Repository/Page_cabi Edit Customer Profile/input_Address2_address2'

2019-06-26 18:59:55 - [TEST_STEP][PASSED] - setText(findTestObject("Object Repository/Page_cabi Edit Customer Profile/input_City_city"), city): Text 'PLANT CITY' is set on object 'Object Repository/Page_cabi Edit Customer Profile/input_City_city'

2019-06-26 18:59:55 - [MESSAGE][PASSED] - Text 'PLANT CITY' is set on object 'Object Repository/Page_cabi Edit Customer Profile/input_City_city'

2019-06-26 18:59:55 - [TEST_STEP][PASSED] - click(findTestObject("Page_cabi Edit Customer Profile/span_select_a_state")): Object: 'Object Repository/Page_cabi Edit Customer Profile/span_select_a_state' is clicked on

2019-06-26 18:59:56 - [MESSAGE][PASSED] - Object: 'Object Repository/Page_cabi Edit Customer Profile/span_select_a_state' is clicked on

2019-06-26 18:59:56 - [TEST_STEP][PASSED] - delay(1): Delayed 1 second(s)

2019-06-26 18:59:57 - [MESSAGE][PASSED] - Delayed 1 second(s)

2019-06-26 18:59:57 - [TEST_STEP][PASSED] - setText(findTestObject("Object Repository/Page_cabi Edit Customer Profile/input_state_1"), state): Text 'Florida' is set on object 'Object Repository/Page_cabi Edit Customer Profile/input_state_1'

2019-06-26 18:59:57 - [MESSAGE][PASSED] - Text 'Florida' is set on object 'Object Repository/Page_cabi Edit Customer Profile/input_state_1'

2019-06-26 18:59:57 - [TEST_STEP][PASSED] - delay(2): Delayed 2 second(s)

2019-06-26 18:59:59 - [MESSAGE][PASSED] - Delayed 2 second(s)

2019-06-26 18:59:59 - [TEST_STEP][PASSED] - click(findTestObject("Page_cabi Edit Customer Profile/span_state")): Object: 'Object Repository/Page_cabi Edit Customer Profile/span_state' is clicked on

2019-06-26 18:59:59 - [MESSAGE][PASSED] - Object: 'Object Repository/Page_cabi Edit Customer Profile/span_state' is clicked on

2019-06-26 18:59:59 - [TEST_STEP][PASSED] - setText(findTestObject("Page_cabi Edit Customer Profile/input_state_postalCode"), zip): Text '33566' is set on object 'Object Repository/Page_cabi Edit Customer Profile/input_state_postalCode'

2019-06-26 18:59:59 - [MESSAGE][PASSED] - Text '33566' is set on object 'Object Repository/Page_cabi Edit Customer Profile/input_state_postalCode'

2019-06-26 18:59:59 - [TEST_STEP][PASSED] - delay(5): Delayed 5 second(s)

2019-06-26 19:00:04 - [MESSAGE][PASSED] - Delayed 5 second(s)

2019-06-26 19:00:04 - [TEST_STEP][PASSED] - check(findTestObject("Object Repository/Page_cabi Home/a_same_shipping_address")): Object 'Object Repository/Page_cabi Home/a_same_shipping_address' is checked

2019-06-26 19:00:04 - [MESSAGE][PASSED] - Object 'Object Repository/Page_cabi Home/a_same_shipping_address' is checked

2019-06-26 19:00:04 - [TEST_STEP][PASSED] - delay(5): Delayed 5 second(s)

2019-06-26 19:00:09 - [MESSAGE][PASSED] - Delayed 5 second(s)

2019-06-26 19:00:09 - [TEST_STEP][PASSED] - check(findTestObject("Object Repository/Page_cabi Home/a_same_shipping_address")): Object 'Object Repository/Page_cabi Home/a_same_shipping_address' is checked

2019-06-26 19:00:10 - [MESSAGE][PASSED] - Object 'Object Repository/Page_cabi Home/a_same_shipping_address' is checked

2019-06-26 19:00:10 - [TEST_STEP][PASSED] - delay(10): Delayed 10 second(s)

2019-06-26 19:00:20 - [MESSAGE][PASSED] - Delayed 10 second(s)

2019-06-26 19:00:20 - [TEST_STEP][PASSED] - click(findTestObject("Page_cabi Retail Store/span_next_1")): Object: 'Object Repository/Page_cabi Retail Store/span_next_1' is clicked on

2019-06-26 19:00:20 - [MESSAGE][PASSED] - Object: 'Object Repository/Page_cabi Retail Store/span_next_1' is clicked on

2019-06-26 19:00:20 - [TEST_STEP][PASSED] - delay(3): Delayed 3 second(s)

2019-06-26 19:00:23 - [MESSAGE][PASSED] - Delayed 3 second(s)

2019-06-26 19:00:23 - [TEST_STEP][PASSED] - click(findTestObject("Object Repository/Page_cabi Retail Store/span_quick_entry")): Object: 'Object Repository/Page_cabi Retail Store/span_quick_entry' is clicked on

2019-06-26 19:00:27 - [MESSAGE][PASSED] - Object: 'Object Repository/Page_cabi Retail Store/span_quick_entry' is clicked on

2019-06-26 19:00:27 - [TEST_STEP][PASSED] - delay(3): Delayed 3 second(s)

2019-06-26 19:00:30 - [MESSAGE][PASSED] - Delayed 3 second(s)

2019-06-26 19:00:30 - [TEST_STEP][PASSED] - emptyCart = findWebElements(findTestObject("Object Repository/Page_cabi Personal Store/removeFromCart"), 5): Unable to find the element located by 'By.xpath: //*[@id="removeFromCart_0"]/span'. Please recheck the objects properties to make sure the desired element is located. 

2019-06-26 19:00:35 - [MESSAGE][INFO] - Unable to find the element located by 'By.xpath: //*[@id="removeFromCart_0"]/span'. Please recheck the objects properties to make sure the desired element is located. 

2019-06-26 19:00:35 - [TEST_STEP][PASSED] - while (emptyCart.size() > 0): null

2019-06-26 19:00:35 - [TEST_STEP][PASSED] - click(findTestObject("Object Repository/Page_cabi Create Order/input_Manual Discount_stylelookup_0")): Object: 'Object Repository/Page_cabi Create Order/input_Manual Discount_stylelookup_0' is clicked on

2019-06-26 19:00:35 - [MESSAGE][PASSED] - Object: 'Object Repository/Page_cabi Create Order/input_Manual Discount_stylelookup_0' is clicked on

2019-06-26 19:00:35 - [TEST_STEP][PASSED] - setText(findTestObject("Object Repository/Page_cabi Create Order/input_Manual Discount_stylelookup_0"), addOnStyle): Text '5447' is set on object 'Object Repository/Page_cabi Create Order/input_Manual Discount_stylelookup_0'

2019-06-26 19:00:35 - [MESSAGE][PASSED] - Text '5447' is set on object 'Object Repository/Page_cabi Create Order/input_Manual Discount_stylelookup_0'

2019-06-26 19:00:35 - [TEST_STEP][PASSED] - delay(3): Delayed 3 second(s)

2019-06-26 19:00:38 - [MESSAGE][PASSED] - Delayed 3 second(s)

2019-06-26 19:00:38 - [TEST_STEP][PASSED] - prod_message = getText(findTestObject("Page_cabi Create Order/first_option")): Text of object 'Object Repository/Page_cabi Create Order/first_option' is: '5447 Bishop Cardigan'

2019-06-26 19:00:38 - [MESSAGE][PASSED] - Text of object 'Object Repository/Page_cabi Create Order/first_option' is: '5447 Bishop Cardigan'

2019-06-26 19:00:38 - [TEST_STEP][PASSED] - click(findTestObject("Page_cabi Create Order/first_option")): Object: 'Object Repository/Page_cabi Create Order/first_option' is clicked on

2019-06-26 19:00:38 - [MESSAGE][PASSED] - Object: 'Object Repository/Page_cabi Create Order/first_option' is clicked on

2019-06-26 19:00:38 - [TEST_STEP][PASSED] - delay(5): Delayed 5 second(s)

2019-06-26 19:00:43 - [MESSAGE][PASSED] - Delayed 5 second(s)

2019-06-26 19:00:43 - [TEST_STEP][PASSED] - click(findTestObject("Object Repository/Page_cabi Order Items/selectSize")): Object: 'Object Repository/Page_cabi Order Items/selectSize' is clicked on

2019-06-26 19:00:43 - [MESSAGE][PASSED] - Object: 'Object Repository/Page_cabi Order Items/selectSize' is clicked on

2019-06-26 19:00:43 - [TEST_STEP][PASSED] - click(findTestObject("Object Repository/Page_cabi Order Items/span_Add to Cart")): Object: 'Object Repository/Page_cabi Order Items/span_Add to Cart' is clicked on

2019-06-26 19:00:43 - [MESSAGE][PASSED] - Object: 'Object Repository/Page_cabi Order Items/span_Add to Cart' is clicked on

2019-06-26 19:00:43 - [TEST_STEP][PASSED] - delay(5): Delayed 5 second(s)

2019-06-26 19:00:48 - [MESSAGE][PASSED] - Delayed 5 second(s)

2019-06-26 19:00:48 - [TEST_STEP][PASSED] - click(findTestObject("Object Repository/Page_cabi Order Items/span_Continue to Shipping")): Object: 'Object Repository/Page_cabi Order Items/span_Continue to Shipping' is clicked on

2019-06-26 19:00:49 - [MESSAGE][PASSED] - Object: 'Object Repository/Page_cabi Order Items/span_Continue to Shipping' is clicked on

2019-06-26 19:00:49 - [TEST_STEP][PASSED] - delay(3): Delayed 3 second(s)

2019-06-26 19:00:52 - [MESSAGE][PASSED] - Delayed 3 second(s)

2019-06-26 19:00:52 - [TEST_STEP][PASSED] - click(findTestObject("Page_cabi Personal Store/nextButtonShipping")): Object: 'Object Repository/Page_cabi Personal Store/nextButtonShipping' is clicked on

2019-06-26 19:00:52 - [MESSAGE][PASSED] - Object: 'Object Repository/Page_cabi Personal Store/nextButtonShipping' is clicked on

2019-06-26 19:00:52 - [TEST_STEP][PASSED] - delay(3): Delayed 3 second(s)

2019-06-26 19:00:55 - [MESSAGE][PASSED] - Delayed 3 second(s)

2019-06-26 19:00:55 - [TEST_STEP][PASSED] - click(findTestObject("Page_cabi Personal Store/makeFirstPayment")): Object: 'Object Repository/Page_cabi Personal Store/makeFirstPayment' is clicked on

2019-06-26 19:00:55 - [MESSAGE][PASSED] - Object: 'Object Repository/Page_cabi Personal Store/makeFirstPayment' is clicked on

2019-06-26 19:00:55 - [TEST_STEP][PASSED] - click(findTestObject("Object Repository/Page_cabi Personal Store/select_cash")): Object: 'Object Repository/Page_cabi Personal Store/select_cash' is clicked on

2019-06-26 19:00:55 - [MESSAGE][PASSED] - Object: 'Object Repository/Page_cabi Personal Store/select_cash' is clicked on

2019-06-26 19:00:55 - [TEST_STEP][PASSED] - click(findTestObject("Page_cabi Personal Store/submitPayment")): Object: 'Object Repository/Page_cabi Personal Store/submitPayment' is clicked on

2019-06-26 19:00:55 - [MESSAGE][PASSED] - Object: 'Object Repository/Page_cabi Personal Store/submitPayment' is clicked on

2019-06-26 19:00:55 - [TEST_STEP][PASSED] - click(findTestObject("Page_cabi Personal Store/submitOrderId")): Object: 'Object Repository/Page_cabi Personal Store/submitOrderId' is clicked on

2019-06-26 19:00:58 - [MESSAGE][PASSED] - Object: 'Object Repository/Page_cabi Personal Store/submitOrderId' is clicked on

2019-06-26 19:00:58 - [TEST_STEP][PASSED] - successMsg = "": null

2019-06-26 19:00:58 - [TEST_STEP][PASSED] - orderSuccess = false: null

2019-06-26 19:00:58 - [TEST_STEP][PASSED] - successMsgs = findWebElements(findTestObject("Object Repository/Page_cabi Personal Store/p_success_msg"), 5): null

2019-06-26 19:00:58 - [TEST_STEP][PASSED] - if (successMsgs.size() > 0): Text of object 'Object Repository/Page_cabi Personal Store/p_order_id' is: 'RT708033004'

2019-06-26 19:00:58 - [TEST_STEP][PASSED] - successMsg = getText(findTestObject("Object Repository/Page_cabi Personal Store/p_success_msg")): Text of object 'Object Repository/Page_cabi Personal Store/p_success_msg' is: 'Order Created Successfully!!
Order #:  RT708033004

CONTINUE SHOPPING'

2019-06-26 19:00:58 - [MESSAGE][PASSED] - Text of object 'Object Repository/Page_cabi Personal Store/p_success_msg' is: 'Order Created Successfully!!
Order #:  RT708033004

CONTINUE SHOPPING'

2019-06-26 19:00:58 - [TEST_STEP][PASSED] - orderSuccess = true: null

2019-06-26 19:00:58 - [TEST_STEP][PASSED] - addOnOrderId = getText(findTestObject("Object Repository/Page_cabi Personal Store/p_order_id")): Text of object 'Object Repository/Page_cabi Personal Store/p_order_id' is: 'RT708033004'

2019-06-26 19:00:58 - [MESSAGE][PASSED] - Text of object 'Object Repository/Page_cabi Personal Store/p_order_id' is: 'RT708033004'

2019-06-26 19:00:58 - [TEST_STEP][PASSED] - assert orderSuccess == true: null

2019-06-26 19:00:58 - [TEST_STEP][PASSED] - callTestCase(findTestCase("NewArrival/warehouseShipping"), ["orderId":addOnOrderId], STOP_ON_FAILURE): Call Test Case 'Test Cases/NewArrival/warehouseShipping' successfully

2019-06-26 19:00:58 - [TEST_CASE][PASSED] - Test Cases/NewArrival/warehouseShipping: Test Cases/NewArrival/warehouseShipping

2019-06-26 19:00:58 - [TEST_STEP][PASSED] - callTestCase(findTestCase("TestCaseUtilities/cabiWarehouseLogin"), ["CWURL":"", "CWuser":"", "CWpass":""], STOP_ON_FAILURE): Call Test Case 'Test Cases/TestCaseUtilities/cabiWarehouseLogin' successfully

2019-06-26 19:00:58 - [TEST_CASE][PASSED] - Test Cases/TestCaseUtilities/cabiWarehouseLogin: Test Cases/TestCaseUtilities/cabiWarehouseLogin

2019-06-26 19:00:58 - [TEST_STEP][PASSED] - CWURL = findTestData("credData").getValue("CWURL", 1): null

2019-06-26 19:00:58 - [TEST_STEP][PASSED] - CWuser = findTestData("credData").getValue("CWuser", 1): null

2019-06-26 19:00:58 - [TEST_STEP][PASSED] - CWpass = findTestData("credData").getValue("CWpass", 1): null

2019-06-26 19:00:58 - [TEST_STEP][PASSED] - openBrowser(""): Browser is opened with url: ''

2019-06-26 19:00:58 - [MESSAGE][WARNING] - A browser is already opened. Closing browser and opening a new one

2019-06-26 19:00:59 - [MESSAGE][INFO] - Starting 'Chrome' driver

2019-06-26 19:00:59 - [MESSAGE][INFO] - User set preference: ['args', '[--use-fake-ui-for-media-stream, --start-maximized]']

2019-06-26 19:01:01 - [MESSAGE][PASSED] - Browser is opened with url: ''

2019-06-26 19:01:01 - [TEST_STEP][PASSED] - navigateToUrl(CWURL): Navigate to 'https://test14.cliotest.com/warehouse/control/main' successfully

2019-06-26 19:01:07 - [MESSAGE][PASSED] - Navigate to 'https://test14.cliotest.com/warehouse/control/main' successfully

2019-06-26 19:01:07 - [TEST_STEP][PASSED] - logOut = findWebElements(findTestObject("Object Repository/Cabi warehouse/Page_cabi_home/log_out"), 1): Unable to find the element located by 'By.xpath: //li/a[contains(text(), 'Log Out »')]'. Please recheck the objects properties to make sure the desired element is located. 

2019-06-26 19:01:08 - [MESSAGE][INFO] - Unable to find the element located by 'By.xpath: //li/a[contains(text(), 'Log Out »')]'. Please recheck the objects properties to make sure the desired element is located. 

2019-06-26 19:01:08 - [TEST_STEP][PASSED] - if (logOut.size() == 0): Object: 'Object Repository/Cabi warehouse/Page_cabi/input_Password_section-btn btn-stl-pk rFloat' is clicked on

2019-06-26 19:01:08 - [TEST_STEP][PASSED] - setText(findTestObject("Object Repository/Cabi warehouse/Page_cabi/input_Username_USERNAME"), CWuser): Text 'rsuarez' is set on object 'Object Repository/Cabi warehouse/Page_cabi/input_Username_USERNAME'

2019-06-26 19:01:09 - [MESSAGE][PASSED] - Text 'rsuarez' is set on object 'Object Repository/Cabi warehouse/Page_cabi/input_Username_USERNAME'

2019-06-26 19:01:09 - [TEST_STEP][PASSED] - setText(findTestObject("Object Repository/Cabi warehouse/Page_cabi/input_Password_PASSWORD"), CWpass): Text 'blackdress19' is set on object 'Object Repository/Cabi warehouse/Page_cabi/input_Password_PASSWORD'

2019-06-26 19:01:09 - [MESSAGE][PASSED] - Text 'blackdress19' is set on object 'Object Repository/Cabi warehouse/Page_cabi/input_Password_PASSWORD'

2019-06-26 19:01:09 - [TEST_STEP][PASSED] - click(findTestObject("Object Repository/Cabi warehouse/Page_cabi/input_Password_section-btn btn-stl-pk rFloat")): Object: 'Object Repository/Cabi warehouse/Page_cabi/input_Password_section-btn btn-stl-pk rFloat' is clicked on

2019-06-26 19:01:10 - [MESSAGE][PASSED] - Object: 'Object Repository/Cabi warehouse/Page_cabi/input_Password_section-btn btn-stl-pk rFloat' is clicked on

2019-06-26 19:01:10 - [TEST_STEP][PASSED] - delay(3): Delayed 3 second(s)

2019-06-26 19:01:13 - [MESSAGE][PASSED] - Delayed 3 second(s)

2019-06-26 19:01:13 - [MESSAGE][PASSED] - Call Test Case 'Test Cases/TestCaseUtilities/cabiWarehouseLogin' successfully

2019-06-26 19:01:13 - [TEST_STEP][PASSED] - click(findTestObject("Page_cabi Manage PickLists/a_Create PickLists")): Object: 'Object Repository/Page_cabi Manage PickLists/a_Create PickLists' is clicked on

2019-06-26 19:01:14 - [MESSAGE][PASSED] - Object: 'Object Repository/Page_cabi Manage PickLists/a_Create PickLists' is clicked on

2019-06-26 19:01:14 - [TEST_STEP][PASSED] - click(findTestObject("Object Repository/findOrders/Page_cabi Find Orders/Page_cabi SampleLine Shipment Screen/a_Single Order")): Object: 'Object Repository/findOrders/Page_cabi Find Orders/Page_cabi SampleLine Shipment Screen/a_Single Order' is clicked on

2019-06-26 19:01:15 - [MESSAGE][PASSED] - Object: 'Object Repository/findOrders/Page_cabi Find Orders/Page_cabi SampleLine Shipment Screen/a_Single Order' is clicked on

2019-06-26 19:01:15 - [TEST_STEP][PASSED] - setText(findTestObject("Page_cabi Create Single Order PickList/input_Order Id_orderId"), orderId): Text 'RT708033004' is set on object 'Object Repository/Page_cabi Create Single Order PickList/input_Order Id_orderId'

2019-06-26 19:01:15 - [MESSAGE][PASSED] - Text 'RT708033004' is set on object 'Object Repository/Page_cabi Create Single Order PickList/input_Order Id_orderId'

2019-06-26 19:01:15 - [TEST_STEP][PASSED] - click(findTestObject("Page_cabi Create Single Order PickList/input_Create even if fully backordered_submitButton")): Object: 'Object Repository/Page_cabi Create Single Order PickList/input_Create even if fully backordered_submitButton' is clicked on

2019-06-26 19:01:17 - [MESSAGE][PASSED] - Object: 'Object Repository/Page_cabi Create Single Order PickList/input_Create even if fully backordered_submitButton' is clicked on

2019-06-26 19:01:17 - [TEST_STEP][PASSED] - pickListCreated = findWebElements(findTestObject("Cabi warehouse/picklistCreatedMessage"), 5): null

2019-06-26 19:01:17 - [TEST_STEP][PASSED] - if (pickListCreated.size() == 0): null

2019-06-26 19:01:17 - [TEST_STEP][PASSED] - picklistCreatedMessage = UtilityMethods.concat("Picklist for order: [", orderId, "] has been created successfully."): null

2019-06-26 19:01:17 - [TEST_STEP][PASSED] - verifyElementText(findTestObject("Cabi warehouse/picklistCreatedMessage"), picklistCreatedMessage): Actual text and expected text of test object 'Object Repository/Cabi warehouse/picklistCreatedMessage' are matched.

2019-06-26 19:01:17 - [MESSAGE][PASSED] - Actual text and expected text of test object 'Object Repository/Cabi warehouse/picklistCreatedMessage' are matched.

2019-06-26 19:01:17 - [TEST_STEP][PASSED] - click(findTestObject("Page_cabi Create Single Order PickList/a_Manage PickLists")): Object: 'Object Repository/Page_cabi Create Single Order PickList/a_Manage PickLists' is clicked on

2019-06-26 19:01:18 - [MESSAGE][PASSED] - Object: 'Object Repository/Page_cabi Create Single Order PickList/a_Manage PickLists' is clicked on

2019-06-26 19:01:18 - [TEST_STEP][PASSED] - setText(findTestObject("Page_cabi Manage PickLists/input_Order _orderId"), orderId): Text 'RT708033004' is set on object 'Object Repository/Page_cabi Manage PickLists/input_Order _orderId'

2019-06-26 19:01:18 - [MESSAGE][PASSED] - Text 'RT708033004' is set on object 'Object Repository/Page_cabi Manage PickLists/input_Order _orderId'

2019-06-26 19:01:18 - [TEST_STEP][PASSED] - click(findTestObject("Page_cabi Manage PickLists/input")): Object: 'Object Repository/Page_cabi Manage PickLists/input' is clicked on

2019-06-26 19:01:19 - [MESSAGE][PASSED] - Object: 'Object Repository/Page_cabi Manage PickLists/input' is clicked on

2019-06-26 19:01:19 - [TEST_STEP][PASSED] - delay(3): Delayed 3 second(s)

2019-06-26 19:01:22 - [MESSAGE][PASSED] - Delayed 3 second(s)

2019-06-26 19:01:22 - [TEST_STEP][PASSED] - click(findTestObject("Page_cabi Manage PickLists/td_104238610")): Object: 'Object Repository/Page_cabi Manage PickLists/td_104238610' is clicked on

2019-06-26 19:01:22 - [MESSAGE][PASSED] - Object: 'Object Repository/Page_cabi Manage PickLists/td_104238610' is clicked on

2019-06-26 19:01:22 - [TEST_STEP][PASSED] - picklistId = getText(findTestObject("Page_cabi Manage PickLists/td_104238610")): Text of object 'Object Repository/Page_cabi Manage PickLists/td_104238610' is: '104300514'

2019-06-26 19:01:22 - [MESSAGE][PASSED] - Text of object 'Object Repository/Page_cabi Manage PickLists/td_104238610' is: '104300514'

2019-06-26 19:01:22 - [TEST_STEP][PASSED] - click(findTestObject("Page_cabi Manage PickLists/a_Packing")): Object: 'Object Repository/Page_cabi Manage PickLists/a_Packing' is clicked on

2019-06-26 19:01:23 - [MESSAGE][PASSED] - Object: 'Object Repository/Page_cabi Manage PickLists/a_Packing' is clicked on

2019-06-26 19:01:23 - [TEST_STEP][PASSED] - setText(findTestObject("Page_cabi Pack Init/input_Pack Station_packStationId"), "30"): Text '30' is set on object 'Object Repository/Page_cabi Pack Init/input_Pack Station_packStationId'

2019-06-26 19:01:23 - [MESSAGE][PASSED] - Text '30' is set on object 'Object Repository/Page_cabi Pack Init/input_Pack Station_packStationId'

2019-06-26 19:01:23 - [TEST_STEP][PASSED] - click(findTestObject("Page_cabi Pack Init/input_Pack Station_submitButton")): Object: 'Object Repository/Page_cabi Pack Init/input_Pack Station_submitButton' is clicked on

2019-06-26 19:01:24 - [MESSAGE][PASSED] - Object: 'Object Repository/Page_cabi Pack Init/input_Pack Station_submitButton' is clicked on

2019-06-26 19:01:24 - [TEST_STEP][PASSED] - setText(findTestObject("Page_cabi Pack Init/input_Picklist ID_pickId"), picklistId): Text '104300514' is set on object 'Object Repository/Page_cabi Pack Init/input_Picklist ID_pickId'

2019-06-26 19:01:24 - [MESSAGE][PASSED] - Text '104300514' is set on object 'Object Repository/Page_cabi Pack Init/input_Picklist ID_pickId'

2019-06-26 19:01:24 - [TEST_STEP][PASSED] - click(findTestObject("Page_cabi Pack Init/input_Picklist ID_submitButton")): Object: 'Object Repository/Page_cabi Pack Init/input_Picklist ID_submitButton' is clicked on

2019-06-26 19:01:25 - [MESSAGE][PASSED] - Object: 'Object Repository/Page_cabi Pack Init/input_Picklist ID_submitButton' is clicked on

2019-06-26 19:01:25 - [TEST_STEP][PASSED] - click(findTestObject("Page_cabi General Pack/input_Cream Of Wheat_button addItemForVerification")): Object: 'Object Repository/Page_cabi General Pack/input_Cream Of Wheat_button addItemForVerification' is clicked on

2019-06-26 19:01:25 - [MESSAGE][PASSED] - Object: 'Object Repository/Page_cabi General Pack/input_Cream Of Wheat_button addItemForVerification' is clicked on

2019-06-26 19:01:25 - [TEST_STEP][PASSED] - click(findTestObject("Page_cabi General Pack/input_Pack Station  30_shipConfirmBtn")): Object: 'Object Repository/Page_cabi General Pack/input_Pack Station  30_shipConfirmBtn' is clicked on

2019-06-26 19:01:28 - [MESSAGE][PASSED] - Object: 'Object Repository/Page_cabi General Pack/input_Pack Station  30_shipConfirmBtn' is clicked on

2019-06-26 19:01:28 - [TEST_STEP][PASSED] - delay(3): Delayed 3 second(s)

2019-06-26 19:01:31 - [MESSAGE][PASSED] - Delayed 3 second(s)

2019-06-26 19:01:31 - [TEST_STEP][PASSED] - itemsNotpacked = findWebElements(findTestObject("Cabi warehouse/itemsNotPacked"), 5): Unable to find the element located by 'By.xpath: //*[@id="content-messages"]/p[1]'. Please recheck the objects properties to make sure the desired element is located. 

2019-06-26 19:01:36 - [MESSAGE][INFO] - Unable to find the element located by 'By.xpath: //*[@id="content-messages"]/p[1]'. Please recheck the objects properties to make sure the desired element is located. 

2019-06-26 19:01:36 - [TEST_STEP][PASSED] - if (itemsNotpacked.size() > 0): null

2019-06-26 19:01:36 - [TEST_STEP][PASSED] - click(findTestObject("Cabi warehouse/warehouseLogout")): Object: 'Object Repository/Cabi warehouse/warehouseLogout' is clicked on

2019-06-26 19:01:39 - [MESSAGE][PASSED] - Object: 'Object Repository/Cabi warehouse/warehouseLogout' is clicked on

2019-06-26 19:01:39 - [MESSAGE][PASSED] - Call Test Case 'Test Cases/NewArrival/warehouseShipping' successfully

2019-06-26 19:01:39 - [TEST_STEP][PASSED] - callTestCase(findTestCase("TestCaseUtilities/backOfficeLogin"), ["BOURL":"", "BOuser":"", "BOpass":""], STOP_ON_FAILURE): Call Test Case 'Test Cases/TestCaseUtilities/backOfficeLogin' successfully

2019-06-26 19:01:39 - [TEST_CASE][PASSED] - Test Cases/TestCaseUtilities/backOfficeLogin: Test Cases/TestCaseUtilities/backOfficeLogin

2019-06-26 19:01:39 - [TEST_STEP][PASSED] - BOURL = findTestData("credData").getValue("BOURL", 1): null

2019-06-26 19:01:39 - [TEST_STEP][PASSED] - BOuser = findTestData("credData").getValue("BOuser", 1): null

2019-06-26 19:01:39 - [TEST_STEP][PASSED] - BOpass = findTestData("credData").getValue("BOpass", 1): null

2019-06-26 19:01:39 - [TEST_STEP][PASSED] - navigateToUrl(BOURL): Navigate to 'https://test14.cliotest.com/backoffice/control/main' successfully

2019-06-26 19:01:45 - [MESSAGE][PASSED] - Navigate to 'https://test14.cliotest.com/backoffice/control/main' successfully

2019-06-26 19:01:45 - [TEST_STEP][PASSED] - logOut = findWebElements(findTestObject("Object Repository/Page_cabi Home/log_out"), 1): Unable to find the element located by 'By.xpath: //a[contains(text(),'Log Out')]'. Please recheck the objects properties to make sure the desired element is located. 

2019-06-26 19:01:46 - [MESSAGE][INFO] - Unable to find the element located by 'By.xpath: //a[contains(text(),'Log Out')]'. Please recheck the objects properties to make sure the desired element is located. 

2019-06-26 19:01:46 - [TEST_STEP][PASSED] - if (logOut.size() == 0): Object: 'Object Repository/Page_cabi/input_Welcome to_consultantLogin' is clicked on

2019-06-26 19:01:46 - [TEST_STEP][PASSED] - setText(findTestObject("Page_cabi/input_Welcome to_USERNAME"), BOuser): Text '400000002' is set on object 'Object Repository/Page_cabi/input_Welcome to_USERNAME'

2019-06-26 19:01:46 - [MESSAGE][PASSED] - Text '400000002' is set on object 'Object Repository/Page_cabi/input_Welcome to_USERNAME'

2019-06-26 19:01:46 - [TEST_STEP][PASSED] - setText(findTestObject("Object Repository/Page_cabi/input_Welcome to_PASSWORD"), BOpass): Text 'blackdress19' is set on object 'Object Repository/Page_cabi/input_Welcome to_PASSWORD'

2019-06-26 19:01:46 - [MESSAGE][PASSED] - Text 'blackdress19' is set on object 'Object Repository/Page_cabi/input_Welcome to_PASSWORD'

2019-06-26 19:01:46 - [TEST_STEP][PASSED] - click(findTestObject("Object Repository/Page_cabi/input_Welcome to_consultantLogin")): Object: 'Object Repository/Page_cabi/input_Welcome to_consultantLogin' is clicked on

2019-06-26 19:01:54 - [MESSAGE][PASSED] - Object: 'Object Repository/Page_cabi/input_Welcome to_consultantLogin' is clicked on

2019-06-26 19:01:54 - [TEST_STEP][PASSED] - delay(3): Delayed 3 second(s)

2019-06-26 19:01:57 - [MESSAGE][PASSED] - Delayed 3 second(s)

2019-06-26 19:01:57 - [MESSAGE][PASSED] - Call Test Case 'Test Cases/TestCaseUtilities/backOfficeLogin' successfully

2019-06-26 19:01:57 - [TEST_STEP][PASSED] - click(findTestObject("Object Repository/findOrders/Page_cabi Find Orders/Page_cabi Home/a_Shows  Orders")): Object: 'Object Repository/findOrders/Page_cabi Find Orders/Page_cabi Home/a_Shows  Orders' is clicked on

2019-06-26 19:01:57 - [MESSAGE][PASSED] - Object: 'Object Repository/findOrders/Page_cabi Find Orders/Page_cabi Home/a_Shows  Orders' is clicked on

2019-06-26 19:01:57 - [TEST_STEP][PASSED] - click(findTestObject("Object Repository/findOrders/Page_cabi Find Orders/Page_cabi Home/a_Orders")): Object: 'Object Repository/findOrders/Page_cabi Find Orders/Page_cabi Home/a_Orders' is clicked on

2019-06-26 19:01:59 - [MESSAGE][PASSED] - Object: 'Object Repository/findOrders/Page_cabi Find Orders/Page_cabi Home/a_Orders' is clicked on

2019-06-26 19:01:59 - [TEST_STEP][PASSED] - click(findTestObject("Object Repository/findOrders/Page_cabi Find Orders/Page_cabi Find Orders/b")): Object: 'Object Repository/findOrders/Page_cabi Find Orders/Page_cabi Find Orders/b' is clicked on

2019-06-26 19:01:59 - [MESSAGE][PASSED] - Object: 'Object Repository/findOrders/Page_cabi Find Orders/Page_cabi Find Orders/b' is clicked on

2019-06-26 19:01:59 - [TEST_STEP][PASSED] - delay(3): Delayed 3 second(s)

2019-06-26 19:02:02 - [MESSAGE][PASSED] - Delayed 3 second(s)

2019-06-26 19:02:02 - [TEST_STEP][PASSED] - click(findTestObject("findOrders/Page_cabi Find Orders/orderNo")): Object: 'Object Repository/findOrders/Page_cabi Find Orders/orderNo' is clicked on

2019-06-26 19:02:02 - [MESSAGE][PASSED] - Object: 'Object Repository/findOrders/Page_cabi Find Orders/orderNo' is clicked on

2019-06-26 19:02:02 - [TEST_STEP][PASSED] - delay(3): Delayed 3 second(s)

2019-06-26 19:02:05 - [MESSAGE][PASSED] - Delayed 3 second(s)

2019-06-26 19:02:05 - [TEST_STEP][PASSED] - click(findTestObject("Object Repository/findOrders/Page_cabi Find Orders/Page_cabi Find Orders/pendingShipment")): Object: 'Object Repository/findOrders/Page_cabi Find Orders/Page_cabi Find Orders/pendingShipment' is clicked on

2019-06-26 19:02:05 - [MESSAGE][PASSED] - Object: 'Object Repository/findOrders/Page_cabi Find Orders/Page_cabi Find Orders/pendingShipment' is clicked on

2019-06-26 19:02:05 - [TEST_STEP][PASSED] - click(findTestObject("Object Repository/findOrders/Page_cabi Find Orders/Page_cabi Find Orders/inputShipped")): Object: 'Object Repository/findOrders/Page_cabi Find Orders/Page_cabi Find Orders/inputShipped' is clicked on

2019-06-26 19:02:06 - [MESSAGE][PASSED] - Object: 'Object Repository/findOrders/Page_cabi Find Orders/Page_cabi Find Orders/inputShipped' is clicked on

2019-06-26 19:02:06 - [TEST_STEP][PASSED] - setText(findTestObject("Object Repository/findOrders/Page_cabi Find Orders/Page_cabi Find Orders/inputOrderId"), addOnOrderId): Text 'RT708033004' is set on object 'Object Repository/findOrders/Page_cabi Find Orders/Page_cabi Find Orders/inputOrderId'

2019-06-26 19:02:06 - [MESSAGE][PASSED] - Text 'RT708033004' is set on object 'Object Repository/findOrders/Page_cabi Find Orders/Page_cabi Find Orders/inputOrderId'

2019-06-26 19:02:06 - [TEST_STEP][PASSED] - click(findTestObject("Object Repository/findOrders/Page_cabi Find Orders/Page_cabi Find Orders/findOrders")): Object: 'Object Repository/findOrders/Page_cabi Find Orders/Page_cabi Find Orders/findOrders' is clicked on

2019-06-26 19:02:06 - [MESSAGE][PASSED] - Object: 'Object Repository/findOrders/Page_cabi Find Orders/Page_cabi Find Orders/findOrders' is clicked on

2019-06-26 19:02:06 - [TEST_STEP][PASSED] - click(findTestObject("findOrders/Page_cabi Find Orders/orderView")): Object: 'Object Repository/findOrders/Page_cabi Find Orders/orderView' is clicked on

2019-06-26 19:02:09 - [MESSAGE][PASSED] - Object: 'Object Repository/findOrders/Page_cabi Find Orders/orderView' is clicked on

2019-06-26 19:02:09 - [TEST_STEP][PASSED] - delay(3): Delayed 3 second(s)

2019-06-26 19:02:12 - [MESSAGE][PASSED] - Delayed 3 second(s)

2019-06-26 19:02:12 - [TEST_STEP][PASSED] - refresh(): Refresh successfully

2019-06-26 19:02:14 - [MESSAGE][PASSED] - Refresh successfully

2019-06-26 19:02:14 - [TEST_STEP][PASSED] - delay(3): Delayed 3 second(s)

2019-06-26 19:02:17 - [MESSAGE][PASSED] - Delayed 3 second(s)

2019-06-26 19:02:17 - [TEST_STEP][PASSED] - refresh(): Refresh successfully

2019-06-26 19:02:18 - [MESSAGE][PASSED] - Refresh successfully

2019-06-26 19:02:18 - [TEST_STEP][PASSED] - delay(10): Delayed 10 second(s)

2019-06-26 19:02:28 - [MESSAGE][PASSED] - Delayed 10 second(s)

2019-06-26 19:02:28 - [TEST_STEP][PASSED] - refresh(): Refresh successfully

2019-06-26 19:02:28 - [MESSAGE][PASSED] - Refresh successfully

2019-06-26 19:02:28 - [TEST_STEP][PASSED] - delay(3): Delayed 3 second(s)

2019-06-26 19:02:31 - [MESSAGE][PASSED] - Delayed 3 second(s)

2019-06-26 19:02:31 - [TEST_STEP][PASSED] - click(findTestObject("Object Repository/findOrders/Page_cabi Find Orders/Page_cabi Order View/a_(Return Order)")): Object: 'Object Repository/findOrders/Page_cabi Find Orders/Page_cabi Order View/a_(Return Order)' is clicked on

2019-06-26 19:02:35 - [MESSAGE][PASSED] - Object: 'Object Repository/findOrders/Page_cabi Find Orders/Page_cabi Order View/a_(Return Order)' is clicked on

2019-06-26 19:02:35 - [TEST_STEP][PASSED] - delay(3): Delayed 3 second(s)

2019-06-26 19:02:38 - [MESSAGE][PASSED] - Delayed 3 second(s)

2019-06-26 19:02:38 - [TEST_STEP][PASSED] - selectOptionByValue(findTestObject("Object Repository/findOrders/Page_cabi Find Orders/Page_cabi Stylist Create RMA/selectReason1"), "CABI_c", true): All options with value 'CABI_c' are selected in object 'Object Repository/findOrders/Page_cabi Find Orders/Page_cabi Stylist Create RMA/selectReason1'  using regular expression

2019-06-26 19:02:38 - [MESSAGE][PASSED] - All options with value 'CABI_c' are selected in object 'Object Repository/findOrders/Page_cabi Find Orders/Page_cabi Stylist Create RMA/selectReason1'  using regular expression

2019-06-26 19:02:38 - [TEST_STEP][PASSED] - selectOptionByValue(findTestObject("Object Repository/findOrders/Page_cabi Find Orders/Page_cabi Stylist Create RMA/selectReason2"), "CABI_c_a", true): All options with value 'CABI_c_a' are selected in object 'Object Repository/findOrders/Page_cabi Find Orders/Page_cabi Stylist Create RMA/selectReason2'  using regular expression

2019-06-26 19:02:38 - [MESSAGE][PASSED] - All options with value 'CABI_c_a' are selected in object 'Object Repository/findOrders/Page_cabi Find Orders/Page_cabi Stylist Create RMA/selectReason2'  using regular expression

2019-06-26 19:02:38 - [TEST_STEP][PASSED] - click(findTestObject("Object Repository/findOrders/Page_cabi Find Orders/Page_cabi Stylist Create RMA/inputRefund")): Object: 'Object Repository/findOrders/Page_cabi Find Orders/Page_cabi Stylist Create RMA/inputRefund' is clicked on

2019-06-26 19:02:39 - [MESSAGE][PASSED] - Object: 'Object Repository/findOrders/Page_cabi Find Orders/Page_cabi Stylist Create RMA/inputRefund' is clicked on

2019-06-26 19:02:39 - [TEST_STEP][PASSED] - click(findTestObject("Object Repository/findOrders/Page_cabi Find Orders/Page_cabi Stylist Create RMA/a_Next")): Object: 'Object Repository/findOrders/Page_cabi Find Orders/Page_cabi Stylist Create RMA/a_Next' is clicked on

2019-06-26 19:02:39 - [MESSAGE][PASSED] - Object: 'Object Repository/findOrders/Page_cabi Find Orders/Page_cabi Stylist Create RMA/a_Next' is clicked on

2019-06-26 19:02:39 - [TEST_STEP][PASSED] - click(findTestObject("Object Repository/findOrders/Page_cabi Find Orders/Page_cabi Stylist Create RMA/a_edit_address")): Object: 'Object Repository/findOrders/Page_cabi Find Orders/Page_cabi Stylist Create RMA/a_edit_address' is clicked on

2019-06-26 19:02:41 - [MESSAGE][PASSED] - Object: 'Object Repository/findOrders/Page_cabi Find Orders/Page_cabi Stylist Create RMA/a_edit_address' is clicked on

2019-06-26 19:02:41 - [TEST_STEP][PASSED] - click(findTestObject("Object Repository/findOrders/Page_cabi Find Orders/Page_cabi Stylist Create RMA/select_address")): Object: 'Object Repository/findOrders/Page_cabi Find Orders/Page_cabi Stylist Create RMA/select_address' is clicked on

2019-06-26 19:02:41 - [MESSAGE][PASSED] - Object: 'Object Repository/findOrders/Page_cabi Find Orders/Page_cabi Stylist Create RMA/select_address' is clicked on

2019-06-26 19:02:41 - [TEST_STEP][PASSED] - delay(3): Delayed 3 second(s)

2019-06-26 19:02:44 - [MESSAGE][PASSED] - Delayed 3 second(s)

2019-06-26 19:02:44 - [TEST_STEP][PASSED] - click(findTestObject("Object Repository/findOrders/Page_cabi Find Orders/Page_cabi Stylist Create RMA/inputPostalService")): Object: 'Object Repository/findOrders/Page_cabi Find Orders/Page_cabi Stylist Create RMA/inputPostalService' is clicked on

2019-06-26 19:02:44 - [MESSAGE][PASSED] - Object: 'Object Repository/findOrders/Page_cabi Find Orders/Page_cabi Stylist Create RMA/inputPostalService' is clicked on

2019-06-26 19:02:44 - [TEST_STEP][PASSED] - delay(3): Delayed 3 second(s)

2019-06-26 19:02:47 - [MESSAGE][PASSED] - Delayed 3 second(s)

2019-06-26 19:02:47 - [TEST_STEP][PASSED] - click(findTestObject("Object Repository/findOrders/Page_cabi Find Orders/Page_cabi Stylist Create RMA/inputConfirmAdderess")): Object: 'Object Repository/findOrders/Page_cabi Find Orders/Page_cabi Stylist Create RMA/inputConfirmAdderess' is clicked on

2019-06-26 19:02:47 - [MESSAGE][PASSED] - Object: 'Object Repository/findOrders/Page_cabi Find Orders/Page_cabi Stylist Create RMA/inputConfirmAdderess' is clicked on

2019-06-26 19:02:47 - [TEST_STEP][PASSED] - click(findTestObject("Object Repository/findOrders/Page_cabi Find Orders/Page_cabi Stylist Create RMA/a_Next_1")): Object: 'Object Repository/findOrders/Page_cabi Find Orders/Page_cabi Stylist Create RMA/a_Next_1' is clicked on

2019-06-26 19:02:47 - [MESSAGE][PASSED] - Object: 'Object Repository/findOrders/Page_cabi Find Orders/Page_cabi Stylist Create RMA/a_Next_1' is clicked on

2019-06-26 19:02:47 - [TEST_STEP][PASSED] - delay(5): Delayed 5 second(s)

2019-06-26 19:02:52 - [MESSAGE][PASSED] - Delayed 5 second(s)

2019-06-26 19:02:52 - [TEST_STEP][PASSED] - confirmAddress = findWebElements(findTestObject("Object Repository/findOrders/Page_cabi Find Orders/Page_cabi Stylist Create RMA/inputConfirmAdderess"), 1): null

2019-06-26 19:02:52 - [TEST_STEP][PASSED] - if (confirmAddress.size() != 0): Object: 'Object Repository/findOrders/Page_cabi Find Orders/Page_cabi Stylist Create RMA/a_Next_1' is clicked on

2019-06-26 19:02:52 - [TEST_STEP][PASSED] - click(findTestObject("Object Repository/findOrders/Page_cabi Find Orders/Page_cabi Stylist Create RMA/inputConfirmAdderess")): Object: 'Object Repository/findOrders/Page_cabi Find Orders/Page_cabi Stylist Create RMA/inputConfirmAdderess' is clicked on

2019-06-26 19:02:53 - [MESSAGE][PASSED] - Object: 'Object Repository/findOrders/Page_cabi Find Orders/Page_cabi Stylist Create RMA/inputConfirmAdderess' is clicked on

2019-06-26 19:02:53 - [TEST_STEP][PASSED] - click(findTestObject("Object Repository/findOrders/Page_cabi Find Orders/Page_cabi Stylist Create RMA/a_Next_1")): Object: 'Object Repository/findOrders/Page_cabi Find Orders/Page_cabi Stylist Create RMA/a_Next_1' is clicked on

2019-06-26 19:02:53 - [MESSAGE][PASSED] - Object: 'Object Repository/findOrders/Page_cabi Find Orders/Page_cabi Stylist Create RMA/a_Next_1' is clicked on

2019-06-26 19:02:53 - [TEST_STEP][PASSED] - click(findTestObject("Object Repository/findOrders/Page_cabi Find Orders/Page_cabi Stylist Create RMA/a_Submit RMA")): Object: 'Object Repository/findOrders/Page_cabi Find Orders/Page_cabi Stylist Create RMA/a_Submit RMA' is clicked on

2019-06-26 19:02:55 - [MESSAGE][PASSED] - Object: 'Object Repository/findOrders/Page_cabi Find Orders/Page_cabi Stylist Create RMA/a_Submit RMA' is clicked on

2019-06-26 19:02:55 - [TEST_STEP][PASSED] - click(findTestObject("Object Repository/findOrders/Page_cabi Find Orders/Page_cabi Stylist Create RMA/addonOrder")): Object: 'Object Repository/findOrders/Page_cabi Find Orders/Page_cabi Stylist Create RMA/addonOrder' is clicked on

2019-06-26 19:02:59 - [MESSAGE][PASSED] - Object: 'Object Repository/findOrders/Page_cabi Find Orders/Page_cabi Stylist Create RMA/addonOrder' is clicked on

2019-06-26 19:02:59 - [TEST_STEP][PASSED] - delay(3): Delayed 3 second(s)

2019-06-26 19:03:02 - [MESSAGE][PASSED] - Delayed 3 second(s)

2019-06-26 19:03:02 - [TEST_STEP][PASSED] - click(findTestObject("Object Repository/Page_cabi Retail Store/span_next")): Object: 'Object Repository/Page_cabi Retail Store/span_next' is clicked on

2019-06-26 19:03:02 - [MESSAGE][PASSED] - Object: 'Object Repository/Page_cabi Retail Store/span_next' is clicked on

2019-06-26 19:03:02 - [TEST_STEP][PASSED] - delay(2): Delayed 2 second(s)

2019-06-26 19:03:04 - [MESSAGE][PASSED] - Delayed 2 second(s)

2019-06-26 19:03:04 - [TEST_STEP][PASSED] - callTestCase(findTestCase("NewArrival/productVerifyShort"), ["available":BOAddonRetail], STOP_ON_FAILURE): Call Test Case 'Test Cases/NewArrival/productVerifyShort' successfully

2019-06-26 19:03:04 - [TEST_CASE][PASSED] - Test Cases/NewArrival/productVerifyShort: Test Cases/NewArrival/productVerifyShort

2019-06-26 19:03:04 - [TEST_STEP][PASSED] - for ([row = 1, row <= findTestData("productData").getRowNumbers(), (row++)]): null

2019-06-26 19:03:04 - [TEST_STEP][PASSED] - delay(2): Delayed 2 second(s)

2019-06-26 19:03:06 - [MESSAGE][PASSED] - Delayed 2 second(s)

2019-06-26 19:03:06 - [TEST_STEP][PASSED] - setText(findTestObject("Object Repository/Page_cabi Create Order/input_Manual Discount_stylelookup_0"), findTestData("productData").getValue("Style", row)): Text '5618' is set on object 'Object Repository/Page_cabi Create Order/input_Manual Discount_stylelookup_0'

2019-06-26 19:03:07 - [MESSAGE][PASSED] - Text '5618' is set on object 'Object Repository/Page_cabi Create Order/input_Manual Discount_stylelookup_0'

2019-06-26 19:03:07 - [TEST_STEP][PASSED] - delay(2): Delayed 2 second(s)

2019-06-26 19:03:09 - [MESSAGE][PASSED] - Delayed 2 second(s)

2019-06-26 19:03:09 - [TEST_STEP][PASSED] - prod_message = getText(findTestObject("Page_cabi Create Order/first_option")): Text of object 'Object Repository/Page_cabi Create Order/first_option' is: 'No matching result found'

2019-06-26 19:03:09 - [MESSAGE][PASSED] - Text of object 'Object Repository/Page_cabi Create Order/first_option' is: 'No matching result found'

2019-06-26 19:03:09 - [TEST_STEP][PASSED] - delay(1): Delayed 1 second(s)

2019-06-26 19:03:10 - [MESSAGE][PASSED] - Delayed 1 second(s)

2019-06-26 19:03:10 - [TEST_STEP][PASSED] - click(findTestObject("Page_cabi Create Order/first_option")): Object: 'Object Repository/Page_cabi Create Order/first_option' is clicked on

2019-06-26 19:03:10 - [MESSAGE][PASSED] - Object: 'Object Repository/Page_cabi Create Order/first_option' is clicked on

2019-06-26 19:03:10 - [TEST_STEP][PASSED] - if (toString().equalsIgnoreCase("no")): null

2019-06-26 19:03:10 - [TEST_STEP][PASSED] - assert prod_message.equalsIgnoreCase("No matching result found"): null

2019-06-26 19:03:10 - [MESSAGE][PASSED] - Call Test Case 'Test Cases/NewArrival/productVerifyShort' successfully

2019-06-26 19:03:10 - [MESSAGE][PASSED] - Call Test Case 'Test Cases/NewArrival/addOnOrderRetail' successfully

2019-06-26 19:03:10 - [TEST_STEP][PASSED] - callTestCase(findTestCase("TestCaseUtilities/cabiCentralLogin"), [:], STOP_ON_FAILURE): Call Test Case 'Test Cases/TestCaseUtilities/cabiCentralLogin' successfully

2019-06-26 19:03:10 - [TEST_CASE][PASSED] - Test Cases/TestCaseUtilities/cabiCentralLogin: Test Cases/TestCaseUtilities/cabiCentralLogin

2019-06-26 19:03:10 - [TEST_STEP][PASSED] - CCURL = findTestData("credData").getValue("CCURL", 1): null

2019-06-26 19:03:10 - [TEST_STEP][PASSED] - CCuser = findTestData("credData").getValue("CCuser", 1): null

2019-06-26 19:03:10 - [TEST_STEP][PASSED] - CCpass = findTestData("credData").getValue("CCpass", 1): null

2019-06-26 19:03:10 - [TEST_STEP][PASSED] - openBrowser(""): Browser is opened with url: ''

2019-06-26 19:03:10 - [MESSAGE][WARNING] - A browser is already opened. Closing browser and opening a new one

2019-06-26 19:03:11 - [MESSAGE][INFO] - Starting 'Chrome' driver

2019-06-26 19:03:11 - [MESSAGE][INFO] - User set preference: ['args', '[--use-fake-ui-for-media-stream, --start-maximized]']

2019-06-26 19:03:14 - [MESSAGE][PASSED] - Browser is opened with url: ''

2019-06-26 19:03:14 - [TEST_STEP][PASSED] - navigateToUrl(CCURL): Navigate to 'https://test14.cliotest.com/cabicentral/control/main' successfully

2019-06-26 19:03:22 - [MESSAGE][PASSED] - Navigate to 'https://test14.cliotest.com/cabicentral/control/main' successfully

2019-06-26 19:03:22 - [TEST_STEP][PASSED] - maximizeWindow(): Current window maximized

2019-06-26 19:03:23 - [MESSAGE][PASSED] - Current window maximized

2019-06-26 19:03:23 - [TEST_STEP][PASSED] - logOut = findWebElements(findTestObject("Object Repository/Page_cabi Home/log_out"), 1): Unable to find the element located by 'By.xpath: //a[contains(text(),'Log Out')]'. Please recheck the objects properties to make sure the desired element is located. 

2019-06-26 19:03:24 - [MESSAGE][INFO] - Unable to find the element located by 'By.xpath: //a[contains(text(),'Log Out')]'. Please recheck the objects properties to make sure the desired element is located. 

2019-06-26 19:03:24 - [TEST_STEP][PASSED] - if (logOut.size() == 0): Object: 'Object Repository/Page_cabi/input_Password_section-btn btn-stl-pk rFloat' is clicked on

2019-06-26 19:03:24 - [TEST_STEP][PASSED] - setText(findTestObject("Object Repository/Page_cabi/input_Username_USERNAME"), CCuser): Text 'ehudson' is set on object 'Object Repository/Page_cabi/input_Username_USERNAME'

2019-06-26 19:03:24 - [MESSAGE][PASSED] - Text 'ehudson' is set on object 'Object Repository/Page_cabi/input_Username_USERNAME'

2019-06-26 19:03:24 - [TEST_STEP][PASSED] - setText(findTestObject("Object Repository/Page_cabi/input_Password_PASSWORD"), CCpass): Text 'blackdress19' is set on object 'Object Repository/Page_cabi/input_Password_PASSWORD'

2019-06-26 19:03:24 - [MESSAGE][PASSED] - Text 'blackdress19' is set on object 'Object Repository/Page_cabi/input_Password_PASSWORD'

2019-06-26 19:03:24 - [TEST_STEP][PASSED] - delay(1): Delayed 1 second(s)

2019-06-26 19:03:25 - [MESSAGE][PASSED] - Delayed 1 second(s)

2019-06-26 19:03:25 - [TEST_STEP][PASSED] - click(findTestObject("Object Repository/Page_cabi/input_Password_section-btn btn-stl-pk rFloat")): Object: 'Object Repository/Page_cabi/input_Password_section-btn btn-stl-pk rFloat' is clicked on

2019-06-26 19:03:29 - [MESSAGE][PASSED] - Object: 'Object Repository/Page_cabi/input_Password_section-btn btn-stl-pk rFloat' is clicked on

2019-06-26 19:03:29 - [TEST_STEP][PASSED] - delay(3): Delayed 3 second(s)

2019-06-26 19:03:32 - [MESSAGE][PASSED] - Delayed 3 second(s)

2019-06-26 19:03:32 - [MESSAGE][PASSED] - Call Test Case 'Test Cases/TestCaseUtilities/cabiCentralLogin' successfully

2019-06-26 19:03:32 - [TEST_STEP][PASSED] - delay(3): Delayed 3 second(s)

2019-06-26 19:03:35 - [MESSAGE][PASSED] - Delayed 3 second(s)

2019-06-26 19:03:35 - [TEST_STEP][PASSED] - click(findTestObject("Page_cabi cabiCentral Tasks/a_ORDERS")): Object: 'Object Repository/Page_cabi cabiCentral Tasks/a_ORDERS' is clicked on

2019-06-26 19:03:36 - [MESSAGE][PASSED] - Object: 'Object Repository/Page_cabi cabiCentral Tasks/a_ORDERS' is clicked on

2019-06-26 19:03:36 - [TEST_STEP][PASSED] - delay(3): Delayed 3 second(s)

2019-06-26 19:03:39 - [MESSAGE][PASSED] - Delayed 3 second(s)

2019-06-26 19:03:39 - [TEST_STEP][PASSED] - click(findTestObject("Page_cabi Find Order/a_Create Order")): Object: 'Object Repository/Page_cabi Find Order/a_Create Order' is clicked on

2019-06-26 19:03:40 - [MESSAGE][PASSED] - Object: 'Object Repository/Page_cabi Find Order/a_Create Order' is clicked on

2019-06-26 19:03:40 - [TEST_STEP][PASSED] - selectOptionByValue(findTestObject("Page_cabi Create Order/select_order_type"), "PERSONAL", true): All options with value 'PERSONAL' are selected in object 'Object Repository/Page_cabi Create Order/select_order_type'  using regular expression

2019-06-26 19:03:40 - [MESSAGE][PASSED] - All options with value 'PERSONAL' are selected in object 'Object Repository/Page_cabi Create Order/select_order_type'  using regular expression

2019-06-26 19:03:40 - [TEST_STEP][PASSED] - click(findTestObject("Page_cabi Create Order/input_select_order_type")): Object: 'Object Repository/Page_cabi Create Order/input_select_order_type' is clicked on

2019-06-26 19:03:45 - [MESSAGE][PASSED] - Object: 'Object Repository/Page_cabi Create Order/input_select_order_type' is clicked on

2019-06-26 19:03:45 - [TEST_STEP][PASSED] - callTestCase(findTestCase("NewArrival/productVerifyShort"), ["available":CCPersonal, "storeType":"CCPersonal"], STOP_ON_FAILURE): Call Test Case 'Test Cases/NewArrival/productVerifyShort' successfully

2019-06-26 19:03:45 - [TEST_CASE][PASSED] - Test Cases/NewArrival/productVerifyShort: Test Cases/NewArrival/productVerifyShort

2019-06-26 19:03:45 - [TEST_STEP][PASSED] - for ([row = 1, row <= findTestData("productData").getRowNumbers(), (row++)]): Delayed 3 second(s)

2019-06-26 19:03:45 - [TEST_STEP][PASSED] - delay(2): Delayed 2 second(s)

2019-06-26 19:03:47 - [MESSAGE][PASSED] - Delayed 2 second(s)

2019-06-26 19:03:47 - [TEST_STEP][PASSED] - setText(findTestObject("Object Repository/Page_cabi Create Order/input_Manual Discount_stylelookup_0"), findTestData("productData").getValue("Style", row)): Text '5618' is set on object 'Object Repository/Page_cabi Create Order/input_Manual Discount_stylelookup_0'

2019-06-26 19:03:47 - [MESSAGE][PASSED] - Text '5618' is set on object 'Object Repository/Page_cabi Create Order/input_Manual Discount_stylelookup_0'

2019-06-26 19:03:47 - [TEST_STEP][PASSED] - delay(2): Delayed 2 second(s)

2019-06-26 19:03:49 - [MESSAGE][PASSED] - Delayed 2 second(s)

2019-06-26 19:03:49 - [TEST_STEP][PASSED] - prod_message = getText(findTestObject("Page_cabi Create Order/first_option")): Text of object 'Object Repository/Page_cabi Create Order/first_option' is: '5618 Breeze Dress'

2019-06-26 19:03:49 - [MESSAGE][PASSED] - Text of object 'Object Repository/Page_cabi Create Order/first_option' is: '5618 Breeze Dress'

2019-06-26 19:03:49 - [TEST_STEP][PASSED] - delay(1): Delayed 1 second(s)

2019-06-26 19:03:50 - [MESSAGE][PASSED] - Delayed 1 second(s)

2019-06-26 19:03:50 - [TEST_STEP][PASSED] - click(findTestObject("Page_cabi Create Order/first_option")): Object: 'Object Repository/Page_cabi Create Order/first_option' is clicked on

2019-06-26 19:03:50 - [MESSAGE][PASSED] - Object: 'Object Repository/Page_cabi Create Order/first_option' is clicked on

2019-06-26 19:03:50 - [TEST_STEP][PASSED] - if (toString().equalsIgnoreCase("no")): null

2019-06-26 19:03:50 - [TEST_STEP][PASSED] - else: Delayed 3 second(s)

2019-06-26 19:03:50 - [TEST_STEP][PASSED] - delay(3): Delayed 3 second(s)

2019-06-26 19:03:53 - [MESSAGE][PASSED] - Delayed 3 second(s)

2019-06-26 19:03:53 - [TEST_STEP][PASSED] - s1 = getValue("Style", row).toString(): null

2019-06-26 19:03:53 - [TEST_STEP][PASSED] - s2 = " ": null

2019-06-26 19:03:53 - [TEST_STEP][PASSED] - s3 = getValue("Description", row).toString(): null

2019-06-26 19:03:53 - [TEST_STEP][PASSED] - expectedStyleDescription = $s1$s2$s3: null

2019-06-26 19:03:53 - [TEST_STEP][PASSED] - prod_message = UtilityMethods.splitStyle(prod_message): null

2019-06-26 19:03:53 - [TEST_STEP][PASSED] - println(prod_message): null

2019-06-26 19:03:53 - [TEST_STEP][PASSED] - assert prod_message.equalsIgnoreCase(expectedStyleDescription): null

2019-06-26 19:03:53 - [TEST_STEP][PASSED] - delay(3): Delayed 3 second(s)

2019-06-26 19:03:56 - [MESSAGE][PASSED] - Delayed 3 second(s)

2019-06-26 19:03:56 - [TEST_STEP][PASSED] - colorOptions = findWebElements(findTestObject("Page_cabi Order Items/GetAttribute_Color"), 5): null

2019-06-26 19:03:56 - [TEST_STEP][PASSED] - println(colorOptions.size()): null

2019-06-26 19:03:56 - [TEST_STEP][PASSED] - expectedColour = findTestData("productData").getValue("Color", row): null

2019-06-26 19:03:56 - [TEST_STEP][PASSED] - println("expected colour is"): null

2019-06-26 19:03:56 - [TEST_STEP][PASSED] - println(expectedColour): null

2019-06-26 19:03:56 - [TEST_STEP][PASSED] - colourVerified = false: null

2019-06-26 19:03:56 - [TEST_STEP][PASSED] - for (org.openqa.selenium.WebElement op : colorOptions): null

2019-06-26 19:03:56 - [TEST_STEP][PASSED] - println(op.getText()): null

2019-06-26 19:03:56 - [TEST_STEP][PASSED] - if (expectedColour.equalsIgnoreCase(op.getText())): null

2019-06-26 19:03:56 - [TEST_STEP][PASSED] - colourVerified = true: null

2019-06-26 19:03:56 - [TEST_STEP][PASSED] - break: null

2019-06-26 19:03:56 - [TEST_STEP][PASSED] - assert colourVerified == true: null

2019-06-26 19:03:56 - [TEST_STEP][PASSED] - getPrice = getText(findTestObject("Page_cabi Create Order/retail_price")): Text of object 'Object Repository/Page_cabi Create Order/retail_price' is: '$119.00'

2019-06-26 19:03:56 - [MESSAGE][PASSED] - Text of object 'Object Repository/Page_cabi Create Order/retail_price' is: '$119.00'

2019-06-26 19:03:56 - [TEST_STEP][PASSED] - Split_Data = UtilityMethods.SplitData(getPrice): null

2019-06-26 19:03:56 - [TEST_STEP][PASSED] - verifyMatch(Split_Data, findTestData("productData").getValue("Retail", row), true): Actual text '119' and expected text '119' are matched  using regular expression

2019-06-26 19:03:56 - [MESSAGE][PASSED] - Actual text '119' and expected text '119' are matched  using regular expression

2019-06-26 19:03:56 - [TEST_STEP][PASSED] - sizeRange1 = ["XXS", "XS", "S", "M", "L", "XL"]: null

2019-06-26 19:03:56 - [TEST_STEP][PASSED] - sizeRange2 = ["00", "0", "2", "4", "6", "8", "10", "12", "14", "16"]: null

2019-06-26 19:03:56 - [TEST_STEP][PASSED] - sizeRange3 = ["Long", "Regular", "Short"]: null

2019-06-26 19:03:56 - [TEST_STEP][PASSED] - sizeRange4 = ["5", "6", "6.5", "7", "7.5", "8", "8.5", "9", "9.5", "10", "11"]: null

2019-06-26 19:03:56 - [TEST_STEP][PASSED] - sizeRangeSplit = UtilityMethods.SplitSizes(findTestData("productData").getValue("SzRange", row)): null

2019-06-26 19:03:57 - [TEST_STEP][PASSED] - sizeType = getText(findTestObject("Object Repository/Page_cabi Order Items/Size")): Text of object 'Object Repository/Page_cabi Order Items/Size' is: 'Select'

2019-06-26 19:03:57 - [MESSAGE][PASSED] - Text of object 'Object Repository/Page_cabi Order Items/Size' is: 'Select'

2019-06-26 19:03:57 - [TEST_STEP][PASSED] - sizeOptions = findWebElements(findTestObject("Object Repository/Page_cabi Order Items/Size"), 5): null

2019-06-26 19:03:57 - [TEST_STEP][PASSED] - actualRange = new java.util.ArrayList(): null

2019-06-26 19:03:57 - [TEST_STEP][PASSED] - expectedRange = <not implemented yet for class: org.codehaus.groovy.ast.expr.EmptyExpression>: null

2019-06-26 19:03:57 - [TEST_STEP][PASSED] - if (sizeType.equalsIgnoreCase("Select")): null

2019-06-26 19:03:57 - [TEST_STEP][PASSED] - for ([i = 1, i < sizeOptions.size(), (i++)]): null

2019-06-26 19:03:57 - [TEST_STEP][PASSED] - actualRange.add(get(i).getText()): null

2019-06-26 19:03:57 - [TEST_STEP][PASSED] - actualRange.add(get(i).getText()): null

2019-06-26 19:03:57 - [TEST_STEP][PASSED] - actualRange.add(get(i).getText()): null

2019-06-26 19:03:57 - [TEST_STEP][PASSED] - actualRange.add(get(i).getText()): null

2019-06-26 19:03:57 - [TEST_STEP][PASSED] - actualRange.add(get(i).getText()): null

2019-06-26 19:03:57 - [TEST_STEP][PASSED] - if (toString().equalsIgnoreCase("XS") || toString().equalsIgnoreCase("XXS")): null

2019-06-26 19:03:57 - [TEST_STEP][PASSED] - expectedRange = UtilityMethods.getExpectedRange(sizeRange1, sizeRangeSplit): null

2019-06-26 19:03:57 - [TEST_STEP][PASSED] - println("XS"): null

2019-06-26 19:03:57 - [TEST_STEP][PASSED] - println(expectedRange.toString()): null

2019-06-26 19:03:57 - [TEST_STEP][PASSED] - assert UtilityMethods.listEquals(expectedRange, actualRange) == true: null

2019-06-26 19:03:57 - [TEST_STEP][PASSED] - delay(3): Delayed 3 second(s)

2019-06-26 19:04:00 - [MESSAGE][PASSED] - Delayed 3 second(s)

2019-06-26 19:04:00 - [MESSAGE][PASSED] - Call Test Case 'Test Cases/NewArrival/productVerifyShort' successfully

2019-06-26 19:04:00 - [TEST_STEP][PASSED] - click(findTestObject("Page_cabi Find Order/a_Create Order")): Object: 'Object Repository/Page_cabi Find Order/a_Create Order' is clicked on

2019-06-26 19:04:01 - [MESSAGE][PASSED] - Object: 'Object Repository/Page_cabi Find Order/a_Create Order' is clicked on

2019-06-26 19:04:01 - [TEST_STEP][PASSED] - selectOptionByValue(findTestObject("Page_cabi Create Order/select_order_type"), "RETAIL", true): All options with value 'RETAIL' are selected in object 'Object Repository/Page_cabi Create Order/select_order_type'  using regular expression

2019-06-26 19:04:01 - [MESSAGE][PASSED] - All options with value 'RETAIL' are selected in object 'Object Repository/Page_cabi Create Order/select_order_type'  using regular expression

2019-06-26 19:04:01 - [TEST_STEP][PASSED] - click(findTestObject("Page_cabi Create Order/input_select_order_type")): Object: 'Object Repository/Page_cabi Create Order/input_select_order_type' is clicked on

2019-06-26 19:04:03 - [MESSAGE][PASSED] - Object: 'Object Repository/Page_cabi Create Order/input_select_order_type' is clicked on

2019-06-26 19:04:03 - [TEST_STEP][PASSED] - callTestCase(findTestCase("NewArrival/productVerifyShort"), ["available":CCRetail], STOP_ON_FAILURE): Call Test Case 'Test Cases/NewArrival/productVerifyShort' successfully

2019-06-26 19:04:03 - [TEST_CASE][PASSED] - Test Cases/NewArrival/productVerifyShort: Test Cases/NewArrival/productVerifyShort

2019-06-26 19:04:03 - [TEST_STEP][PASSED] - for ([row = 1, row <= findTestData("productData").getRowNumbers(), (row++)]): Delayed 3 second(s)

2019-06-26 19:04:03 - [TEST_STEP][PASSED] - delay(2): Delayed 2 second(s)

2019-06-26 19:04:05 - [MESSAGE][PASSED] - Delayed 2 second(s)

2019-06-26 19:04:05 - [TEST_STEP][PASSED] - setText(findTestObject("Object Repository/Page_cabi Create Order/input_Manual Discount_stylelookup_0"), findTestData("productData").getValue("Style", row)): Text '5618' is set on object 'Object Repository/Page_cabi Create Order/input_Manual Discount_stylelookup_0'

2019-06-26 19:04:05 - [MESSAGE][PASSED] - Text '5618' is set on object 'Object Repository/Page_cabi Create Order/input_Manual Discount_stylelookup_0'

2019-06-26 19:04:05 - [TEST_STEP][PASSED] - delay(2): Delayed 2 second(s)

2019-06-26 19:04:07 - [MESSAGE][PASSED] - Delayed 2 second(s)

2019-06-26 19:04:07 - [TEST_STEP][PASSED] - prod_message = getText(findTestObject("Page_cabi Create Order/first_option")): Text of object 'Object Repository/Page_cabi Create Order/first_option' is: '5618 Breeze Dress'

2019-06-26 19:04:07 - [MESSAGE][PASSED] - Text of object 'Object Repository/Page_cabi Create Order/first_option' is: '5618 Breeze Dress'

2019-06-26 19:04:07 - [TEST_STEP][PASSED] - delay(1): Delayed 1 second(s)

2019-06-26 19:04:08 - [MESSAGE][PASSED] - Delayed 1 second(s)

2019-06-26 19:04:08 - [TEST_STEP][PASSED] - click(findTestObject("Page_cabi Create Order/first_option")): Object: 'Object Repository/Page_cabi Create Order/first_option' is clicked on

2019-06-26 19:04:08 - [MESSAGE][PASSED] - Object: 'Object Repository/Page_cabi Create Order/first_option' is clicked on

2019-06-26 19:04:08 - [TEST_STEP][PASSED] - if (toString().equalsIgnoreCase("no")): null

2019-06-26 19:04:08 - [TEST_STEP][PASSED] - else: Delayed 3 second(s)

2019-06-26 19:04:08 - [TEST_STEP][PASSED] - delay(3): Delayed 3 second(s)

2019-06-26 19:04:11 - [MESSAGE][PASSED] - Delayed 3 second(s)

2019-06-26 19:04:11 - [TEST_STEP][PASSED] - s1 = getValue("Style", row).toString(): null

2019-06-26 19:04:11 - [TEST_STEP][PASSED] - s2 = " ": null

2019-06-26 19:04:11 - [TEST_STEP][PASSED] - s3 = getValue("Description", row).toString(): null

2019-06-26 19:04:11 - [TEST_STEP][PASSED] - expectedStyleDescription = $s1$s2$s3: null

2019-06-26 19:04:11 - [TEST_STEP][PASSED] - prod_message = UtilityMethods.splitStyle(prod_message): null

2019-06-26 19:04:11 - [TEST_STEP][PASSED] - println(prod_message): null

2019-06-26 19:04:11 - [TEST_STEP][PASSED] - assert prod_message.equalsIgnoreCase(expectedStyleDescription): null

2019-06-26 19:04:11 - [TEST_STEP][PASSED] - delay(3): Delayed 3 second(s)

2019-06-26 19:04:14 - [MESSAGE][PASSED] - Delayed 3 second(s)

2019-06-26 19:04:14 - [TEST_STEP][PASSED] - colorOptions = findWebElements(findTestObject("Page_cabi Order Items/GetAttribute_Color"), 5): null

2019-06-26 19:04:14 - [TEST_STEP][PASSED] - println(colorOptions.size()): null

2019-06-26 19:04:14 - [TEST_STEP][PASSED] - expectedColour = findTestData("productData").getValue("Color", row): null

2019-06-26 19:04:14 - [TEST_STEP][PASSED] - println("expected colour is"): null

2019-06-26 19:04:14 - [TEST_STEP][PASSED] - println(expectedColour): null

2019-06-26 19:04:14 - [TEST_STEP][PASSED] - colourVerified = false: null

2019-06-26 19:04:14 - [TEST_STEP][PASSED] - for (org.openqa.selenium.WebElement op : colorOptions): null

2019-06-26 19:04:14 - [TEST_STEP][PASSED] - println(op.getText()): null

2019-06-26 19:04:14 - [TEST_STEP][PASSED] - if (expectedColour.equalsIgnoreCase(op.getText())): null

2019-06-26 19:04:15 - [TEST_STEP][PASSED] - colourVerified = true: null

2019-06-26 19:04:15 - [TEST_STEP][PASSED] - break: null

2019-06-26 19:04:15 - [TEST_STEP][PASSED] - assert colourVerified == true: null

2019-06-26 19:04:15 - [TEST_STEP][PASSED] - getPrice = getText(findTestObject("Page_cabi Create Order/retail_price")): Text of object 'Object Repository/Page_cabi Create Order/retail_price' is: '$119.00'

2019-06-26 19:04:15 - [MESSAGE][PASSED] - Text of object 'Object Repository/Page_cabi Create Order/retail_price' is: '$119.00'

2019-06-26 19:04:15 - [TEST_STEP][PASSED] - Split_Data = UtilityMethods.SplitData(getPrice): null

2019-06-26 19:04:15 - [TEST_STEP][PASSED] - verifyMatch(Split_Data, findTestData("productData").getValue("Retail", row), true): Actual text '119' and expected text '119' are matched  using regular expression

2019-06-26 19:04:15 - [MESSAGE][PASSED] - Actual text '119' and expected text '119' are matched  using regular expression

2019-06-26 19:04:15 - [TEST_STEP][PASSED] - sizeRange1 = ["XXS", "XS", "S", "M", "L", "XL"]: null

2019-06-26 19:04:15 - [TEST_STEP][PASSED] - sizeRange2 = ["00", "0", "2", "4", "6", "8", "10", "12", "14", "16"]: null

2019-06-26 19:04:15 - [TEST_STEP][PASSED] - sizeRange3 = ["Long", "Regular", "Short"]: null

2019-06-26 19:04:15 - [TEST_STEP][PASSED] - sizeRange4 = ["5", "6", "6.5", "7", "7.5", "8", "8.5", "9", "9.5", "10", "11"]: null

2019-06-26 19:04:15 - [TEST_STEP][PASSED] - sizeRangeSplit = UtilityMethods.SplitSizes(findTestData("productData").getValue("SzRange", row)): null

2019-06-26 19:04:15 - [TEST_STEP][PASSED] - sizeType = getText(findTestObject("Object Repository/Page_cabi Order Items/Size")): Text of object 'Object Repository/Page_cabi Order Items/Size' is: 'Select'

2019-06-26 19:04:15 - [MESSAGE][PASSED] - Text of object 'Object Repository/Page_cabi Order Items/Size' is: 'Select'

2019-06-26 19:04:15 - [TEST_STEP][PASSED] - sizeOptions = findWebElements(findTestObject("Object Repository/Page_cabi Order Items/Size"), 5): null

2019-06-26 19:04:15 - [TEST_STEP][PASSED] - actualRange = new java.util.ArrayList(): null

2019-06-26 19:04:15 - [TEST_STEP][PASSED] - expectedRange = <not implemented yet for class: org.codehaus.groovy.ast.expr.EmptyExpression>: null

2019-06-26 19:04:15 - [TEST_STEP][PASSED] - if (sizeType.equalsIgnoreCase("Select")): null

2019-06-26 19:04:15 - [TEST_STEP][PASSED] - for ([i = 1, i < sizeOptions.size(), (i++)]): null

2019-06-26 19:04:15 - [TEST_STEP][PASSED] - actualRange.add(get(i).getText()): null

2019-06-26 19:04:15 - [TEST_STEP][PASSED] - actualRange.add(get(i).getText()): null

2019-06-26 19:04:15 - [TEST_STEP][PASSED] - actualRange.add(get(i).getText()): null

2019-06-26 19:04:15 - [TEST_STEP][PASSED] - actualRange.add(get(i).getText()): null

2019-06-26 19:04:15 - [TEST_STEP][PASSED] - actualRange.add(get(i).getText()): null

2019-06-26 19:04:15 - [TEST_STEP][PASSED] - if (toString().equalsIgnoreCase("XS") || toString().equalsIgnoreCase("XXS")): null

2019-06-26 19:04:15 - [TEST_STEP][PASSED] - expectedRange = UtilityMethods.getExpectedRange(sizeRange1, sizeRangeSplit): null

2019-06-26 19:04:15 - [TEST_STEP][PASSED] - println("XS"): null

2019-06-26 19:04:15 - [TEST_STEP][PASSED] - println(expectedRange.toString()): null

2019-06-26 19:04:15 - [TEST_STEP][PASSED] - assert UtilityMethods.listEquals(expectedRange, actualRange) == true: null

2019-06-26 19:04:15 - [TEST_STEP][PASSED] - delay(3): Delayed 3 second(s)

2019-06-26 19:04:18 - [MESSAGE][PASSED] - Delayed 3 second(s)

2019-06-26 19:04:18 - [MESSAGE][PASSED] - Call Test Case 'Test Cases/NewArrival/productVerifyShort' successfully

2019-06-26 19:04:18 - [TEST_STEP][PASSED] - click(findTestObject("Page_cabi Find Order/a_Create Order")): Object: 'Object Repository/Page_cabi Find Order/a_Create Order' is clicked on

2019-06-26 19:04:20 - [MESSAGE][PASSED] - Object: 'Object Repository/Page_cabi Find Order/a_Create Order' is clicked on

2019-06-26 19:04:20 - [TEST_STEP][PASSED] - selectOptionByValue(findTestObject("Page_cabi Create Order/select_order_type"), "SHOW", true): All options with value 'SHOW' are selected in object 'Object Repository/Page_cabi Create Order/select_order_type'  using regular expression

2019-06-26 19:04:20 - [MESSAGE][PASSED] - All options with value 'SHOW' are selected in object 'Object Repository/Page_cabi Create Order/select_order_type'  using regular expression

2019-06-26 19:04:20 - [TEST_STEP][PASSED] - click(findTestObject("Page_cabi Create Order/input_select_order_type")): Object: 'Object Repository/Page_cabi Create Order/input_select_order_type' is clicked on

2019-06-26 19:04:24 - [MESSAGE][PASSED] - Object: 'Object Repository/Page_cabi Create Order/input_select_order_type' is clicked on

2019-06-26 19:04:24 - [TEST_STEP][PASSED] - callTestCase(findTestCase("NewArrival/productVerifyShort"), ["available":CCShow], STOP_ON_FAILURE): Call Test Case 'Test Cases/NewArrival/productVerifyShort' successfully

2019-06-26 19:04:24 - [TEST_CASE][PASSED] - Test Cases/NewArrival/productVerifyShort: Test Cases/NewArrival/productVerifyShort

2019-06-26 19:04:24 - [TEST_STEP][PASSED] - for ([row = 1, row <= findTestData("productData").getRowNumbers(), (row++)]): Delayed 3 second(s)

2019-06-26 19:04:24 - [TEST_STEP][PASSED] - delay(2): Delayed 2 second(s)

2019-06-26 19:04:26 - [MESSAGE][PASSED] - Delayed 2 second(s)

2019-06-26 19:04:26 - [TEST_STEP][PASSED] - setText(findTestObject("Object Repository/Page_cabi Create Order/input_Manual Discount_stylelookup_0"), findTestData("productData").getValue("Style", row)): Text '5618' is set on object 'Object Repository/Page_cabi Create Order/input_Manual Discount_stylelookup_0'

2019-06-26 19:04:26 - [MESSAGE][PASSED] - Text '5618' is set on object 'Object Repository/Page_cabi Create Order/input_Manual Discount_stylelookup_0'

2019-06-26 19:04:26 - [TEST_STEP][PASSED] - delay(2): Delayed 2 second(s)

2019-06-26 19:04:28 - [MESSAGE][PASSED] - Delayed 2 second(s)

2019-06-26 19:04:28 - [TEST_STEP][PASSED] - prod_message = getText(findTestObject("Page_cabi Create Order/first_option")): Text of object 'Object Repository/Page_cabi Create Order/first_option' is: '5618 Breeze Dress'

2019-06-26 19:04:28 - [MESSAGE][PASSED] - Text of object 'Object Repository/Page_cabi Create Order/first_option' is: '5618 Breeze Dress'

2019-06-26 19:04:28 - [TEST_STEP][PASSED] - delay(1): Delayed 1 second(s)

2019-06-26 19:04:29 - [MESSAGE][PASSED] - Delayed 1 second(s)

2019-06-26 19:04:29 - [TEST_STEP][PASSED] - click(findTestObject("Page_cabi Create Order/first_option")): Object: 'Object Repository/Page_cabi Create Order/first_option' is clicked on

2019-06-26 19:04:29 - [MESSAGE][PASSED] - Object: 'Object Repository/Page_cabi Create Order/first_option' is clicked on

2019-06-26 19:04:29 - [TEST_STEP][PASSED] - if (toString().equalsIgnoreCase("no")): null

2019-06-26 19:04:29 - [TEST_STEP][PASSED] - else: Delayed 3 second(s)

2019-06-26 19:04:29 - [TEST_STEP][PASSED] - delay(3): Delayed 3 second(s)

2019-06-26 19:04:32 - [MESSAGE][PASSED] - Delayed 3 second(s)

2019-06-26 19:04:32 - [TEST_STEP][PASSED] - s1 = getValue("Style", row).toString(): null

2019-06-26 19:04:32 - [TEST_STEP][PASSED] - s2 = " ": null

2019-06-26 19:04:32 - [TEST_STEP][PASSED] - s3 = getValue("Description", row).toString(): null

2019-06-26 19:04:32 - [TEST_STEP][PASSED] - expectedStyleDescription = $s1$s2$s3: null

2019-06-26 19:04:32 - [TEST_STEP][PASSED] - prod_message = UtilityMethods.splitStyle(prod_message): null

2019-06-26 19:04:32 - [TEST_STEP][PASSED] - println(prod_message): null

2019-06-26 19:04:32 - [TEST_STEP][PASSED] - assert prod_message.equalsIgnoreCase(expectedStyleDescription): null

2019-06-26 19:04:32 - [TEST_STEP][PASSED] - delay(3): Delayed 3 second(s)

2019-06-26 19:04:35 - [MESSAGE][PASSED] - Delayed 3 second(s)

2019-06-26 19:04:35 - [TEST_STEP][PASSED] - colorOptions = findWebElements(findTestObject("Page_cabi Order Items/GetAttribute_Color"), 5): null

2019-06-26 19:04:35 - [TEST_STEP][PASSED] - println(colorOptions.size()): null

2019-06-26 19:04:35 - [TEST_STEP][PASSED] - expectedColour = findTestData("productData").getValue("Color", row): null

2019-06-26 19:04:35 - [TEST_STEP][PASSED] - println("expected colour is"): null

2019-06-26 19:04:35 - [TEST_STEP][PASSED] - println(expectedColour): null

2019-06-26 19:04:35 - [TEST_STEP][PASSED] - colourVerified = false: null

2019-06-26 19:04:35 - [TEST_STEP][PASSED] - for (org.openqa.selenium.WebElement op : colorOptions): null

2019-06-26 19:04:35 - [TEST_STEP][PASSED] - println(op.getText()): null

2019-06-26 19:04:35 - [TEST_STEP][PASSED] - if (expectedColour.equalsIgnoreCase(op.getText())): null

2019-06-26 19:04:35 - [TEST_STEP][PASSED] - colourVerified = true: null

2019-06-26 19:04:35 - [TEST_STEP][PASSED] - break: null

2019-06-26 19:04:35 - [TEST_STEP][PASSED] - assert colourVerified == true: null

2019-06-26 19:04:35 - [TEST_STEP][PASSED] - getPrice = getText(findTestObject("Page_cabi Create Order/retail_price")): Text of object 'Object Repository/Page_cabi Create Order/retail_price' is: '$119.00'

2019-06-26 19:04:36 - [MESSAGE][PASSED] - Text of object 'Object Repository/Page_cabi Create Order/retail_price' is: '$119.00'

2019-06-26 19:04:36 - [TEST_STEP][PASSED] - Split_Data = UtilityMethods.SplitData(getPrice): null

2019-06-26 19:04:36 - [TEST_STEP][PASSED] - verifyMatch(Split_Data, findTestData("productData").getValue("Retail", row), true): Actual text '119' and expected text '119' are matched  using regular expression

2019-06-26 19:04:36 - [MESSAGE][PASSED] - Actual text '119' and expected text '119' are matched  using regular expression

2019-06-26 19:04:36 - [TEST_STEP][PASSED] - sizeRange1 = ["XXS", "XS", "S", "M", "L", "XL"]: null

2019-06-26 19:04:36 - [TEST_STEP][PASSED] - sizeRange2 = ["00", "0", "2", "4", "6", "8", "10", "12", "14", "16"]: null

2019-06-26 19:04:36 - [TEST_STEP][PASSED] - sizeRange3 = ["Long", "Regular", "Short"]: null

2019-06-26 19:04:36 - [TEST_STEP][PASSED] - sizeRange4 = ["5", "6", "6.5", "7", "7.5", "8", "8.5", "9", "9.5", "10", "11"]: null

2019-06-26 19:04:36 - [TEST_STEP][PASSED] - sizeRangeSplit = UtilityMethods.SplitSizes(findTestData("productData").getValue("SzRange", row)): null

2019-06-26 19:04:36 - [TEST_STEP][PASSED] - sizeType = getText(findTestObject("Object Repository/Page_cabi Order Items/Size")): Text of object 'Object Repository/Page_cabi Order Items/Size' is: 'Select'

2019-06-26 19:04:36 - [MESSAGE][PASSED] - Text of object 'Object Repository/Page_cabi Order Items/Size' is: 'Select'

2019-06-26 19:04:36 - [TEST_STEP][PASSED] - sizeOptions = findWebElements(findTestObject("Object Repository/Page_cabi Order Items/Size"), 5): null

2019-06-26 19:04:36 - [TEST_STEP][PASSED] - actualRange = new java.util.ArrayList(): null

2019-06-26 19:04:36 - [TEST_STEP][PASSED] - expectedRange = <not implemented yet for class: org.codehaus.groovy.ast.expr.EmptyExpression>: null

2019-06-26 19:04:36 - [TEST_STEP][PASSED] - if (sizeType.equalsIgnoreCase("Select")): null

2019-06-26 19:04:36 - [TEST_STEP][PASSED] - for ([i = 1, i < sizeOptions.size(), (i++)]): null

2019-06-26 19:04:36 - [TEST_STEP][PASSED] - actualRange.add(get(i).getText()): null

2019-06-26 19:04:36 - [TEST_STEP][PASSED] - actualRange.add(get(i).getText()): null

2019-06-26 19:04:36 - [TEST_STEP][PASSED] - actualRange.add(get(i).getText()): null

2019-06-26 19:04:36 - [TEST_STEP][PASSED] - actualRange.add(get(i).getText()): null

2019-06-26 19:04:36 - [TEST_STEP][PASSED] - actualRange.add(get(i).getText()): null

2019-06-26 19:04:36 - [TEST_STEP][PASSED] - if (toString().equalsIgnoreCase("XS") || toString().equalsIgnoreCase("XXS")): null

2019-06-26 19:04:36 - [TEST_STEP][PASSED] - expectedRange = UtilityMethods.getExpectedRange(sizeRange1, sizeRangeSplit): null

2019-06-26 19:04:36 - [TEST_STEP][PASSED] - println("XS"): null

2019-06-26 19:04:36 - [TEST_STEP][PASSED] - println(expectedRange.toString()): null

2019-06-26 19:04:36 - [TEST_STEP][PASSED] - assert UtilityMethods.listEquals(expectedRange, actualRange) == true: null

2019-06-26 19:04:36 - [TEST_STEP][PASSED] - delay(3): Delayed 3 second(s)

2019-06-26 19:04:39 - [MESSAGE][PASSED] - Delayed 3 second(s)

2019-06-26 19:04:39 - [MESSAGE][PASSED] - Call Test Case 'Test Cases/NewArrival/productVerifyShort' successfully

2019-06-26 19:04:39 - [TEST_STEP][PASSED] - callTestCase(findTestCase("NewArrival/populateTimeGlobalVars"), ["row":timeRow], STOP_ON_FAILURE): Call Test Case 'Test Cases/NewArrival/populateTimeGlobalVars' successfully

2019-06-26 19:04:39 - [TEST_CASE][PASSED] - Test Cases/NewArrival/populateTimeGlobalVars: Test Cases/NewArrival/populateTimeGlobalVars

2019-06-26 19:04:39 - [TEST_STEP][PASSED] - dataFile = "timezoneData": null

2019-06-26 19:04:39 - [TEST_STEP][PASSED] - serverTarget = UtilityMethods.getTestData(dataFile, "serverTarget", row): null

2019-06-26 19:04:39 - [TEST_STEP][PASSED] - orderType = UtilityMethods.getTestData(dataFile, "orderType", row): null

2019-06-26 19:04:39 - [TEST_STEP][PASSED] - timeZone = UtilityMethods.getTestData(dataFile, "timeZone", row): null

2019-06-26 19:04:39 - [TEST_STEP][PASSED] - BOPersonal = UtilityMethods.getTestData(dataFile, "BOPersonal", row): null

2019-06-26 19:04:39 - [TEST_STEP][PASSED] - BOAddonPersonal = UtilityMethods.getTestData(dataFile, "BOAddonPersonal", row): null

2019-06-26 19:04:39 - [TEST_STEP][PASSED] - BOAddonRetail = UtilityMethods.getTestData(dataFile, "BOAddonRetail", row): null

2019-06-26 19:04:39 - [TEST_STEP][PASSED] - BORetail = UtilityMethods.getTestData(dataFile, "BORetail", row): null

2019-06-26 19:04:39 - [TEST_STEP][PASSED] - BOShow = UtilityMethods.getTestData(dataFile, "BOShow", row): null

2019-06-26 19:04:39 - [TEST_STEP][PASSED] - BOOnlineoutlet = UtilityMethods.getTestData(dataFile, "BOOnlineoutlet", row): null

2019-06-26 19:04:39 - [TEST_STEP][PASSED] - BOEmployee = UtilityMethods.getTestData(dataFile, "BOEmployee", row): null

2019-06-26 19:04:39 - [TEST_STEP][PASSED] - CCPersonal = UtilityMethods.getTestData(dataFile, "CCPersonal", row): null

2019-06-26 19:04:39 - [TEST_STEP][PASSED] - CCRetail = UtilityMethods.getTestData(dataFile, "CCRetail", row): null

2019-06-26 19:04:39 - [TEST_STEP][PASSED] - CCShow = UtilityMethods.getTestData(dataFile, "CCShow", row): null

2019-06-26 19:04:39 - [TEST_STEP][PASSED] - BOEblast = UtilityMethods.getTestData(dataFile, "BOEblast", row): null

2019-06-26 19:04:39 - [MESSAGE][PASSED] - Call Test Case 'Test Cases/NewArrival/populateTimeGlobalVars' successfully

2019-06-26 19:04:39 - [TEST_STEP][PASSED] - callTestCase(findTestCase("NewArrival/setTimezone"), ["ofbizURL":"", "ofbizuser":"", "ofbizpass":"", "orderType":orderType, "timeZone":timeZone, "serverTarget":serverTarget], STOP_ON_FAILURE): Call Test Case 'Test Cases/NewArrival/setTimezone' successfully

2019-06-26 19:04:39 - [TEST_CASE][PASSED] - Test Cases/NewArrival/setTimezone: Test Cases/NewArrival/setTimezone

2019-06-26 19:04:39 - [TEST_STEP][NOT_RUN] - openBrowser(""): NOT_RUN: openBrowser("")

2019-06-26 19:04:39 - [MESSAGE][NOT_RUN] - NOT_RUN: openBrowser("")

2019-06-26 19:04:39 - [TEST_STEP][NOT_RUN] - maximizeWindow(): NOT_RUN: maximizeWindow()

2019-06-26 19:04:39 - [MESSAGE][NOT_RUN] - NOT_RUN: maximizeWindow()

2019-06-26 19:04:39 - [TEST_STEP][PASSED] - ofbizURL = findTestData("credData").getValue("ofbizURL", 1): null

2019-06-26 19:04:39 - [TEST_STEP][PASSED] - ofbizuser = findTestData("credData").getValue("ofbizuser", 1): null

2019-06-26 19:04:39 - [TEST_STEP][PASSED] - ofbizpass = findTestData("credData").getValue("ofbizpass", 1): null

2019-06-26 19:04:39 - [TEST_STEP][PASSED] - navigateToUrl(ofbizURL): Navigate to 'https://pushofbiz.cliotest.com/login.php' successfully

2019-06-26 19:04:41 - [MESSAGE][PASSED] - Navigate to 'https://pushofbiz.cliotest.com/login.php' successfully

2019-06-26 19:04:41 - [TEST_STEP][PASSED] - setText(findTestObject("Page_/input_Username_username"), ofbizuser): Text 'automation' is set on object 'Object Repository/Page_/input_Username_username'

2019-06-26 19:04:41 - [MESSAGE][PASSED] - Text 'automation' is set on object 'Object Repository/Page_/input_Username_username'

2019-06-26 19:04:41 - [TEST_STEP][PASSED] - setText(findTestObject("Page_/input_Password_password"), ofbizpass): Text 'cabiautomation' is set on object 'Object Repository/Page_/input_Password_password'

2019-06-26 19:04:42 - [MESSAGE][PASSED] - Text 'cabiautomation' is set on object 'Object Repository/Page_/input_Password_password'

2019-06-26 19:04:42 - [TEST_STEP][PASSED] - click(findTestObject("Page_/input_Password_Submit")): Object: 'Object Repository/Page_/input_Password_Submit' is clicked on

2019-06-26 19:04:45 - [MESSAGE][PASSED] - Object: 'Object Repository/Page_/input_Password_Submit' is clicked on

2019-06-26 19:04:45 - [TEST_STEP][PASSED] - click(findTestObject("Object Repository/Page_/a_Clock set")): Object: 'Object Repository/Page_/a_Clock set' is clicked on

2019-06-26 19:04:46 - [MESSAGE][PASSED] - Object: 'Object Repository/Page_/a_Clock set' is clicked on

2019-06-26 19:04:46 - [TEST_STEP][PASSED] - click(UtilityMethods.createTestObject("select_target", "//select[@name='Target']/option[contains(text(), '", serverTarget, "')]")): Object: 'select_target' is clicked on

2019-06-26 19:04:46 - [MESSAGE][PASSED] - Object: 'select_target' is clicked on

2019-06-26 19:04:46 - [TEST_STEP][PASSED] - click(findTestObject("Page_/thisDateAndTime")): Object: 'Object Repository/Page_/thisDateAndTime' is clicked on

2019-06-26 19:04:46 - [MESSAGE][PASSED] - Object: 'Object Repository/Page_/thisDateAndTime' is clicked on

2019-06-26 19:04:46 - [TEST_STEP][PASSED] - setText(findTestObject("Object Repository/Page_/setTargetTime"), timeZone): Text ' 04/25/2019 12:00' is set on object 'Object Repository/Page_/setTargetTime'

2019-06-26 19:04:46 - [MESSAGE][PASSED] - Text ' 04/25/2019 12:00' is set on object 'Object Repository/Page_/setTargetTime'

2019-06-26 19:04:46 - [TEST_STEP][PASSED] - click(findTestObject("Object Repository/Page_/input")): Object: 'Object Repository/Page_/input' is clicked on

2019-06-26 19:04:47 - [MESSAGE][PASSED] - Object: 'Object Repository/Page_/input' is clicked on

2019-06-26 19:04:47 - [TEST_STEP][PASSED] - delay(10): Delayed 10 second(s)

2019-06-26 19:04:57 - [MESSAGE][PASSED] - Delayed 10 second(s)

2019-06-26 19:04:57 - [TEST_STEP][NOT_RUN] - closeBrowser(): NOT_RUN: closeBrowser()

2019-06-26 19:04:57 - [MESSAGE][NOT_RUN] - NOT_RUN: closeBrowser()

2019-06-26 19:04:57 - [MESSAGE][PASSED] - Call Test Case 'Test Cases/NewArrival/setTimezone' successfully

2019-06-26 19:04:57 - [TEST_STEP][PASSED] - callTestCase(findTestCase("TestCaseUtilities/backOfficeLogin"), ["BOURL":"", "BOuser":"", "BOpass":""], STOP_ON_FAILURE): Call Test Case 'Test Cases/TestCaseUtilities/backOfficeLogin' successfully

2019-06-26 19:04:57 - [TEST_CASE][PASSED] - Test Cases/TestCaseUtilities/backOfficeLogin: Test Cases/TestCaseUtilities/backOfficeLogin

2019-06-26 19:04:57 - [TEST_STEP][PASSED] - BOURL = findTestData("credData").getValue("BOURL", 1): null

2019-06-26 19:04:57 - [TEST_STEP][PASSED] - BOuser = findTestData("credData").getValue("BOuser", 1): null

2019-06-26 19:04:57 - [TEST_STEP][PASSED] - BOpass = findTestData("credData").getValue("BOpass", 1): null

2019-06-26 19:04:57 - [TEST_STEP][PASSED] - navigateToUrl(BOURL): Navigate to 'https://test14.cliotest.com/backoffice/control/main' successfully

2019-06-26 19:05:07 - [MESSAGE][PASSED] - Navigate to 'https://test14.cliotest.com/backoffice/control/main' successfully

2019-06-26 19:05:07 - [TEST_STEP][PASSED] - logOut = findWebElements(findTestObject("Object Repository/Page_cabi Home/log_out"), 1): Unable to find the element located by 'By.xpath: //a[contains(text(),'Log Out')]'. Please recheck the objects properties to make sure the desired element is located. 

2019-06-26 19:05:08 - [MESSAGE][INFO] - Unable to find the element located by 'By.xpath: //a[contains(text(),'Log Out')]'. Please recheck the objects properties to make sure the desired element is located. 

2019-06-26 19:05:08 - [TEST_STEP][PASSED] - if (logOut.size() == 0): Object: 'Object Repository/Page_cabi/input_Welcome to_consultantLogin' is clicked on

2019-06-26 19:05:08 - [TEST_STEP][PASSED] - setText(findTestObject("Page_cabi/input_Welcome to_USERNAME"), BOuser): Text '400000002' is set on object 'Object Repository/Page_cabi/input_Welcome to_USERNAME'

2019-06-26 19:05:08 - [MESSAGE][PASSED] - Text '400000002' is set on object 'Object Repository/Page_cabi/input_Welcome to_USERNAME'

2019-06-26 19:05:08 - [TEST_STEP][PASSED] - setText(findTestObject("Object Repository/Page_cabi/input_Welcome to_PASSWORD"), BOpass): Text 'blackdress19' is set on object 'Object Repository/Page_cabi/input_Welcome to_PASSWORD'

2019-06-26 19:05:08 - [MESSAGE][PASSED] - Text 'blackdress19' is set on object 'Object Repository/Page_cabi/input_Welcome to_PASSWORD'

2019-06-26 19:05:08 - [TEST_STEP][PASSED] - click(findTestObject("Object Repository/Page_cabi/input_Welcome to_consultantLogin")): Object: 'Object Repository/Page_cabi/input_Welcome to_consultantLogin' is clicked on

2019-06-26 19:05:18 - [MESSAGE][PASSED] - Object: 'Object Repository/Page_cabi/input_Welcome to_consultantLogin' is clicked on

2019-06-26 19:05:18 - [TEST_STEP][PASSED] - delay(3): Delayed 3 second(s)

2019-06-26 19:05:21 - [MESSAGE][PASSED] - Delayed 3 second(s)

2019-06-26 19:05:21 - [MESSAGE][PASSED] - Call Test Case 'Test Cases/TestCaseUtilities/backOfficeLogin' successfully

2019-06-26 19:05:21 - [TEST_STEP][PASSED] - click(findTestObject("Object Repository/Page_cabi Home/a_Shows  Orders")): Object: 'Object Repository/Page_cabi Home/a_Shows  Orders' is clicked on

2019-06-26 19:05:22 - [MESSAGE][PASSED] - Object: 'Object Repository/Page_cabi Home/a_Shows  Orders' is clicked on

2019-06-26 19:05:22 - [TEST_STEP][PASSED] - click(findTestObject("Page_cabi Home/a_personal_purchases")): Object: 'Object Repository/Page_cabi Home/a_personal_purchases' is clicked on

2019-06-26 19:05:24 - [MESSAGE][PASSED] - Object: 'Object Repository/Page_cabi Home/a_personal_purchases' is clicked on

2019-06-26 19:05:24 - [TEST_STEP][PASSED] - click(findTestObject("Object Repository/Page_cabi Personal Store/span_Continue to Order")): Object: 'Object Repository/Page_cabi Personal Store/span_Continue to Order' is clicked on

2019-06-26 19:05:25 - [MESSAGE][PASSED] - Object: 'Object Repository/Page_cabi Personal Store/span_Continue to Order' is clicked on

2019-06-26 19:05:25 - [TEST_STEP][PASSED] - callTestCase(findTestCase("NewArrival/productVerify"), ["available":BOPersonal, "storeType":"BOPersonal"], STOP_ON_FAILURE): Call Test Case 'Test Cases/NewArrival/productVerify' successfully

2019-06-26 19:05:25 - [TEST_CASE][PASSED] - Test Cases/NewArrival/productVerify: Test Cases/NewArrival/productVerify

2019-06-26 19:05:25 - [TEST_STEP][PASSED] - for ([row = 1, row <= findTestData("productData").getRowNumbers(), (row++)]): Actual text and expected text of test object 'Object Repository/Page_cabi Order Items/no_result_found' are matched.

2019-06-26 19:05:25 - [TEST_STEP][PASSED] - setText(findTestObject("Object Repository/Page_cabi Order Items/input_New Arrivals - Blooming Blush_style"), findTestData("productData").getValue("Style", row)): Text '5618' is set on object 'Object Repository/Page_cabi Order Items/input_New Arrivals - Blooming Blush_style'

2019-06-26 19:05:26 - [MESSAGE][PASSED] - Text '5618' is set on object 'Object Repository/Page_cabi Order Items/input_New Arrivals - Blooming Blush_style'

2019-06-26 19:05:26 - [TEST_STEP][PASSED] - sendKeys(findTestObject("Object Repository/Page_cabi Order Items/input_New Arrivals - Blooming Blush_style"), Keys.chord(ENTER)): Keys 'ENTER + ' sent to object: 'Object Repository/Page_cabi Order Items/input_New Arrivals - Blooming Blush_style'

2019-06-26 19:05:26 - [MESSAGE][PASSED] - Keys 'ENTER + ' sent to object: 'Object Repository/Page_cabi Order Items/input_New Arrivals - Blooming Blush_style'

2019-06-26 19:05:26 - [TEST_STEP][PASSED] - delay(5): Delayed 5 second(s)

2019-06-26 19:05:31 - [MESSAGE][PASSED] - Delayed 5 second(s)

2019-06-26 19:05:31 - [TEST_STEP][PASSED] - if (toString().equalsIgnoreCase("no")): Actual text and expected text of test object 'Object Repository/Page_cabi Order Items/no_result_found' are matched.

2019-06-26 19:05:31 - [TEST_STEP][PASSED] - noResultMessages = findWebElements(findTestObject("Page_cabi Order Items/no_result_found"), 5): null

2019-06-26 19:05:31 - [TEST_STEP][PASSED] - assert noResultMessages.size() > 0: null

2019-06-26 19:05:31 - [TEST_STEP][PASSED] - verifyElementText(findTestObject("Page_cabi Order Items/no_result_found"), "No Results Found!"): Actual text and expected text of test object 'Object Repository/Page_cabi Order Items/no_result_found' are matched.

2019-06-26 19:05:31 - [MESSAGE][PASSED] - Actual text and expected text of test object 'Object Repository/Page_cabi Order Items/no_result_found' are matched.

2019-06-26 19:05:31 - [MESSAGE][PASSED] - Call Test Case 'Test Cases/NewArrival/productVerify' successfully

2019-06-26 19:05:31 - [TEST_STEP][PASSED] - rightClick(findTestObject("Page_cabi Home/a_Shows  Orders")): Object: 'Object Repository/Page_cabi Home/a_Shows  Orders' is right clicked on

2019-06-26 19:05:31 - [MESSAGE][PASSED] - Object: 'Object Repository/Page_cabi Home/a_Shows  Orders' is right clicked on

2019-06-26 19:05:31 - [TEST_STEP][PASSED] - click(findTestObject("Page_cabi Home/a_retail_purchases")): Object: 'Object Repository/Page_cabi Home/a_retail_purchases' is clicked on

2019-06-26 19:05:34 - [MESSAGE][PASSED] - Object: 'Object Repository/Page_cabi Home/a_retail_purchases' is clicked on

2019-06-26 19:05:34 - [TEST_STEP][PASSED] - delay(3): Delayed 3 second(s)

2019-06-26 19:05:37 - [MESSAGE][PASSED] - Delayed 3 second(s)

2019-06-26 19:05:37 - [TEST_STEP][PASSED] - click(findTestObject("Object Repository/Page_cabi Home/existingCustomer")): Object: 'Object Repository/Page_cabi Home/existingCustomer' is clicked on

2019-06-26 19:05:37 - [MESSAGE][PASSED] - Object: 'Object Repository/Page_cabi Home/existingCustomer' is clicked on

2019-06-26 19:05:37 - [TEST_STEP][PASSED] - contactNumber = 5: null

2019-06-26 19:05:37 - [TEST_STEP][PASSED] - firstName = findTestData("contactData").getValue("firstName", contactNumber): null

2019-06-26 19:05:37 - [TEST_STEP][PASSED] - lastName = findTestData("contactData").getValue("lastName", contactNumber): null

2019-06-26 19:05:37 - [TEST_STEP][PASSED] - email = findTestData("contactData").getValue("email", contactNumber): null

2019-06-26 19:05:37 - [TEST_STEP][PASSED] - address1 = findTestData("contactData").getValue("address1", contactNumber): null

2019-06-26 19:05:37 - [TEST_STEP][PASSED] - city = findTestData("contactData").getValue("city", contactNumber): null

2019-06-26 19:05:37 - [TEST_STEP][PASSED] - state = findTestData("contactData").getValue("state", contactNumber): null

2019-06-26 19:05:37 - [TEST_STEP][PASSED] - zip = findTestData("contactData").getValue("zip", contactNumber): null

2019-06-26 19:05:37 - [TEST_STEP][PASSED] - existingCustFName = firstName: null

2019-06-26 19:05:37 - [TEST_STEP][PASSED] - existingCustLName = lastName: null

2019-06-26 19:05:37 - [TEST_STEP][PASSED] - space = " ": null

2019-06-26 19:05:37 - [TEST_STEP][PASSED] - existingCust = $existingCustFName$space$existingCustLName: null

2019-06-26 19:05:37 - [TEST_STEP][PASSED] - setText(findTestObject("Object Repository/Page_cabi Home/input_existing_guest"), existingCust): Text 'Michigan Contact' is set on object 'Object Repository/Page_cabi Home/input_existing_guest'

2019-06-26 19:05:37 - [MESSAGE][PASSED] - Text 'Michigan Contact' is set on object 'Object Repository/Page_cabi Home/input_existing_guest'

2019-06-26 19:05:37 - [TEST_STEP][PASSED] - delay(3): Delayed 3 second(s)

2019-06-26 19:05:40 - [MESSAGE][PASSED] - Delayed 3 second(s)

2019-06-26 19:05:40 - [TEST_STEP][PASSED] - rightClick(findTestObject("Object Repository/Page_cabi Home/input_existing_guest")): Object: 'Object Repository/Page_cabi Home/input_existing_guest' is right clicked on

2019-06-26 19:05:40 - [MESSAGE][PASSED] - Object: 'Object Repository/Page_cabi Home/input_existing_guest' is right clicked on

2019-06-26 19:05:40 - [TEST_STEP][PASSED] - rightClick(findTestObject("Object Repository/Page_cabi Home/input_existing_guest")): Object: 'Object Repository/Page_cabi Home/input_existing_guest' is right clicked on

2019-06-26 19:05:41 - [MESSAGE][PASSED] - Object: 'Object Repository/Page_cabi Home/input_existing_guest' is right clicked on

2019-06-26 19:05:41 - [TEST_STEP][PASSED] - click(findTestObject("Object Repository/Page_cabi Create Show - Set Hostess/a_select_customer")): Object: 'Object Repository/Page_cabi Create Show - Set Hostess/a_select_customer' is clicked on

2019-06-26 19:05:41 - [MESSAGE][PASSED] - Object: 'Object Repository/Page_cabi Create Show - Set Hostess/a_select_customer' is clicked on

2019-06-26 19:05:41 - [TEST_STEP][PASSED] - setText(findTestObject("Object Repository/Page_cabi Home/input_existing_guest"), existingCust): Text 'Michigan Contact' is set on object 'Object Repository/Page_cabi Home/input_existing_guest'

2019-06-26 19:05:42 - [MESSAGE][PASSED] - Text 'Michigan Contact' is set on object 'Object Repository/Page_cabi Home/input_existing_guest'

2019-06-26 19:05:42 - [TEST_STEP][PASSED] - setText(findTestObject("Object Repository/Page_cabi Retail Store/input_email"), email): Text 'michigan@na.com' is set on object 'Object Repository/Page_cabi Retail Store/input_email'

2019-06-26 19:05:42 - [MESSAGE][PASSED] - Text 'michigan@na.com' is set on object 'Object Repository/Page_cabi Retail Store/input_email'

2019-06-26 19:05:42 - [TEST_STEP][PASSED] - setText(findTestObject("Object Repository/Page_cabi Edit Customer Profile/input_Address1_address1"), address1): Text '972 BRAHMS CT' is set on object 'Object Repository/Page_cabi Edit Customer Profile/input_Address1_address1'

2019-06-26 19:05:42 - [MESSAGE][PASSED] - Text '972 BRAHMS CT' is set on object 'Object Repository/Page_cabi Edit Customer Profile/input_Address1_address1'

2019-06-26 19:05:42 - [TEST_STEP][PASSED] - setText(findTestObject("Object Repository/Page_cabi Edit Customer Profile/input_Address2_address2"), ""): Text '' is set on object 'Object Repository/Page_cabi Edit Customer Profile/input_Address2_address2'

2019-06-26 19:05:42 - [MESSAGE][PASSED] - Text '' is set on object 'Object Repository/Page_cabi Edit Customer Profile/input_Address2_address2'

2019-06-26 19:05:42 - [TEST_STEP][PASSED] - setText(findTestObject("Object Repository/Page_cabi Edit Customer Profile/input_City_city"), city): Text 'TROY' is set on object 'Object Repository/Page_cabi Edit Customer Profile/input_City_city'

2019-06-26 19:05:43 - [MESSAGE][PASSED] - Text 'TROY' is set on object 'Object Repository/Page_cabi Edit Customer Profile/input_City_city'

2019-06-26 19:05:43 - [TEST_STEP][PASSED] - click(findTestObject("Page_cabi Edit Customer Profile/span_select_a_state")): Object: 'Object Repository/Page_cabi Edit Customer Profile/span_select_a_state' is clicked on

2019-06-26 19:05:43 - [MESSAGE][PASSED] - Object: 'Object Repository/Page_cabi Edit Customer Profile/span_select_a_state' is clicked on

2019-06-26 19:05:43 - [TEST_STEP][PASSED] - delay(1): Delayed 1 second(s)

2019-06-26 19:05:44 - [MESSAGE][PASSED] - Delayed 1 second(s)

2019-06-26 19:05:44 - [TEST_STEP][PASSED] - setText(findTestObject("Object Repository/Page_cabi Edit Customer Profile/input_state_1"), state): Text 'Michigan' is set on object 'Object Repository/Page_cabi Edit Customer Profile/input_state_1'

2019-06-26 19:05:44 - [MESSAGE][PASSED] - Text 'Michigan' is set on object 'Object Repository/Page_cabi Edit Customer Profile/input_state_1'

2019-06-26 19:05:44 - [TEST_STEP][PASSED] - delay(2): Delayed 2 second(s)

2019-06-26 19:05:46 - [MESSAGE][PASSED] - Delayed 2 second(s)

2019-06-26 19:05:46 - [TEST_STEP][PASSED] - click(findTestObject("Page_cabi Edit Customer Profile/span_state")): Object: 'Object Repository/Page_cabi Edit Customer Profile/span_state' is clicked on

2019-06-26 19:05:46 - [MESSAGE][PASSED] - Object: 'Object Repository/Page_cabi Edit Customer Profile/span_state' is clicked on

2019-06-26 19:05:46 - [TEST_STEP][PASSED] - setText(findTestObject("Page_cabi Edit Customer Profile/input_state_postalCode"), zip): Text '48085' is set on object 'Object Repository/Page_cabi Edit Customer Profile/input_state_postalCode'

2019-06-26 19:05:47 - [MESSAGE][PASSED] - Text '48085' is set on object 'Object Repository/Page_cabi Edit Customer Profile/input_state_postalCode'

2019-06-26 19:05:47 - [TEST_STEP][PASSED] - delay(10): Delayed 10 second(s)

2019-06-26 19:05:57 - [MESSAGE][PASSED] - Delayed 10 second(s)

2019-06-26 19:05:57 - [TEST_STEP][PASSED] - click(findTestObject("Object Repository/Page_cabi Home/a_same_shipping_address")): Object: 'Object Repository/Page_cabi Home/a_same_shipping_address' is clicked on

2019-06-26 19:05:57 - [MESSAGE][PASSED] - Object: 'Object Repository/Page_cabi Home/a_same_shipping_address' is clicked on

2019-06-26 19:05:57 - [TEST_STEP][PASSED] - delay(10): Delayed 10 second(s)

2019-06-26 19:06:07 - [MESSAGE][PASSED] - Delayed 10 second(s)

2019-06-26 19:06:07 - [TEST_STEP][PASSED] - click(findTestObject("Page_cabi Retail Store/span_next_1")): Object: 'Object Repository/Page_cabi Retail Store/span_next_1' is clicked on

2019-06-26 19:06:07 - [MESSAGE][PASSED] - Object: 'Object Repository/Page_cabi Retail Store/span_next_1' is clicked on

2019-06-26 19:06:07 - [TEST_STEP][PASSED] - delay(3): Delayed 3 second(s)

2019-06-26 19:06:10 - [MESSAGE][PASSED] - Delayed 3 second(s)

2019-06-26 19:06:10 - [TEST_STEP][PASSED] - callTestCase(findTestCase("NewArrival/productVerify"), ["available":BORetail, "storeType":"BORetail"], STOP_ON_FAILURE): Call Test Case 'Test Cases/NewArrival/productVerify' successfully

2019-06-26 19:06:10 - [TEST_CASE][PASSED] - Test Cases/NewArrival/productVerify: Test Cases/NewArrival/productVerify

2019-06-26 19:06:10 - [TEST_STEP][PASSED] - for ([row = 1, row <= findTestData("productData").getRowNumbers(), (row++)]): Actual text and expected text of test object 'Object Repository/Page_cabi Order Items/no_result_found' are matched.

2019-06-26 19:06:10 - [TEST_STEP][PASSED] - setText(findTestObject("Object Repository/Page_cabi Order Items/input_New Arrivals - Blooming Blush_style"), findTestData("productData").getValue("Style", row)): Text '5618' is set on object 'Object Repository/Page_cabi Order Items/input_New Arrivals - Blooming Blush_style'

2019-06-26 19:06:12 - [MESSAGE][PASSED] - Text '5618' is set on object 'Object Repository/Page_cabi Order Items/input_New Arrivals - Blooming Blush_style'

2019-06-26 19:06:12 - [TEST_STEP][PASSED] - sendKeys(findTestObject("Object Repository/Page_cabi Order Items/input_New Arrivals - Blooming Blush_style"), Keys.chord(ENTER)): Keys 'ENTER + ' sent to object: 'Object Repository/Page_cabi Order Items/input_New Arrivals - Blooming Blush_style'

2019-06-26 19:06:12 - [MESSAGE][PASSED] - Keys 'ENTER + ' sent to object: 'Object Repository/Page_cabi Order Items/input_New Arrivals - Blooming Blush_style'

2019-06-26 19:06:12 - [TEST_STEP][PASSED] - delay(5): Delayed 5 second(s)

2019-06-26 19:06:17 - [MESSAGE][PASSED] - Delayed 5 second(s)

2019-06-26 19:06:17 - [TEST_STEP][PASSED] - if (toString().equalsIgnoreCase("no")): Actual text and expected text of test object 'Object Repository/Page_cabi Order Items/no_result_found' are matched.

2019-06-26 19:06:17 - [TEST_STEP][PASSED] - noResultMessages = findWebElements(findTestObject("Page_cabi Order Items/no_result_found"), 5): null

2019-06-26 19:06:17 - [TEST_STEP][PASSED] - assert noResultMessages.size() > 0: null

2019-06-26 19:06:17 - [TEST_STEP][PASSED] - verifyElementText(findTestObject("Page_cabi Order Items/no_result_found"), "No Results Found!"): Actual text and expected text of test object 'Object Repository/Page_cabi Order Items/no_result_found' are matched.

2019-06-26 19:06:17 - [MESSAGE][PASSED] - Actual text and expected text of test object 'Object Repository/Page_cabi Order Items/no_result_found' are matched.

2019-06-26 19:06:17 - [MESSAGE][PASSED] - Call Test Case 'Test Cases/NewArrival/productVerify' successfully

2019-06-26 19:06:17 - [TEST_STEP][PASSED] - click(findTestObject("Object Repository/Page_cabi Home/a_Shows  Orders")): Object: 'Object Repository/Page_cabi Home/a_Shows  Orders' is clicked on

2019-06-26 19:06:17 - [MESSAGE][PASSED] - Object: 'Object Repository/Page_cabi Home/a_Shows  Orders' is clicked on

2019-06-26 19:06:17 - [TEST_STEP][PASSED] - delay(3): Delayed 3 second(s)

2019-06-26 19:06:20 - [MESSAGE][PASSED] - Delayed 3 second(s)

2019-06-26 19:06:20 - [TEST_STEP][PASSED] - rightClick(findTestObject("Page_cabi Home/a_online_outline_purchases")): Object: 'Object Repository/Page_cabi Home/a_online_outline_purchases' is right clicked on

2019-06-26 19:06:21 - [MESSAGE][PASSED] - Object: 'Object Repository/Page_cabi Home/a_online_outline_purchases' is right clicked on

2019-06-26 19:06:21 - [TEST_STEP][PASSED] - click(findTestObject("Page_cabi Home/a_online_outline_purchases")): Object: 'Object Repository/Page_cabi Home/a_online_outline_purchases' is clicked on

2019-06-26 19:06:23 - [MESSAGE][PASSED] - Object: 'Object Repository/Page_cabi Home/a_online_outline_purchases' is clicked on

2019-06-26 19:06:23 - [TEST_STEP][PASSED] - click(findTestObject("Object Repository/Page_cabi Online Outlet Store/span_Continue to Order")): Object: 'Object Repository/Page_cabi Online Outlet Store/span_Continue to Order' is clicked on

2019-06-26 19:06:24 - [MESSAGE][PASSED] - Object: 'Object Repository/Page_cabi Online Outlet Store/span_Continue to Order' is clicked on

2019-06-26 19:06:24 - [TEST_STEP][PASSED] - callTestCase(findTestCase("NewArrival/productVerify"), ["available":BOOnlineoutlet, "storeType":"BOOnlineoutlet"], STOP_ON_FAILURE): Call Test Case 'Test Cases/NewArrival/productVerify' successfully

2019-06-26 19:06:24 - [TEST_CASE][PASSED] - Test Cases/NewArrival/productVerify: Test Cases/NewArrival/productVerify

2019-06-26 19:06:24 - [TEST_STEP][PASSED] - for ([row = 1, row <= findTestData("productData").getRowNumbers(), (row++)]): Actual text and expected text of test object 'Object Repository/Page_cabi Order Items/no_result_found' are matched.

2019-06-26 19:06:24 - [TEST_STEP][PASSED] - setText(findTestObject("Object Repository/Page_cabi Order Items/input_New Arrivals - Blooming Blush_style"), findTestData("productData").getValue("Style", row)): Text '5618' is set on object 'Object Repository/Page_cabi Order Items/input_New Arrivals - Blooming Blush_style'

2019-06-26 19:06:26 - [MESSAGE][PASSED] - Text '5618' is set on object 'Object Repository/Page_cabi Order Items/input_New Arrivals - Blooming Blush_style'

2019-06-26 19:06:26 - [TEST_STEP][PASSED] - sendKeys(findTestObject("Object Repository/Page_cabi Order Items/input_New Arrivals - Blooming Blush_style"), Keys.chord(ENTER)): Keys 'ENTER + ' sent to object: 'Object Repository/Page_cabi Order Items/input_New Arrivals - Blooming Blush_style'

2019-06-26 19:06:26 - [MESSAGE][PASSED] - Keys 'ENTER + ' sent to object: 'Object Repository/Page_cabi Order Items/input_New Arrivals - Blooming Blush_style'

2019-06-26 19:06:26 - [TEST_STEP][PASSED] - delay(5): Delayed 5 second(s)

2019-06-26 19:06:31 - [MESSAGE][PASSED] - Delayed 5 second(s)

2019-06-26 19:06:31 - [TEST_STEP][PASSED] - if (toString().equalsIgnoreCase("no")): Actual text and expected text of test object 'Object Repository/Page_cabi Order Items/no_result_found' are matched.

2019-06-26 19:06:31 - [TEST_STEP][PASSED] - noResultMessages = findWebElements(findTestObject("Page_cabi Order Items/no_result_found"), 5): null

2019-06-26 19:06:31 - [TEST_STEP][PASSED] - assert noResultMessages.size() > 0: null

2019-06-26 19:06:31 - [TEST_STEP][PASSED] - verifyElementText(findTestObject("Page_cabi Order Items/no_result_found"), "No Results Found!"): Actual text and expected text of test object 'Object Repository/Page_cabi Order Items/no_result_found' are matched.

2019-06-26 19:06:31 - [MESSAGE][PASSED] - Actual text and expected text of test object 'Object Repository/Page_cabi Order Items/no_result_found' are matched.

2019-06-26 19:06:31 - [MESSAGE][PASSED] - Call Test Case 'Test Cases/NewArrival/productVerify' successfully

2019-06-26 19:06:31 - [TEST_STEP][PASSED] - callTestCase(findTestCase("NewArrival/createAPhysicalShow_IMHostess"), ["BOURL":"", "BOuser":"", "BOpass":""], STOP_ON_FAILURE): Call Test Case 'Test Cases/NewArrival/createAPhysicalShow_IMHostess' successfully

2019-06-26 19:06:31 - [TEST_CASE][PASSED] - Test Cases/NewArrival/createAPhysicalShow_IMHostess: Test Cases/NewArrival/createAPhysicalShow_IMHostess

2019-06-26 19:06:31 - [TEST_STEP][PASSED] - BOURL = findTestData("credData").getValue("BOURL", 1): null

2019-06-26 19:06:31 - [TEST_STEP][PASSED] - BOuser = findTestData("credData").getValue("BOuser", 1): null

2019-06-26 19:06:31 - [TEST_STEP][PASSED] - BOpass = findTestData("credData").getValue("BOpass", 1): null

2019-06-26 19:06:31 - [TEST_STEP][PASSED] - callTestCase(findTestCase("TestCaseUtilities/backOfficeLogin"), ["BOURL":"", "BOuser":"", "BOpass":""], STOP_ON_FAILURE): Call Test Case 'Test Cases/TestCaseUtilities/backOfficeLogin' successfully

2019-06-26 19:06:31 - [TEST_CASE][PASSED] - Test Cases/TestCaseUtilities/backOfficeLogin: Test Cases/TestCaseUtilities/backOfficeLogin

2019-06-26 19:06:31 - [TEST_STEP][PASSED] - BOURL = findTestData("credData").getValue("BOURL", 1): null

2019-06-26 19:06:31 - [TEST_STEP][PASSED] - BOuser = findTestData("credData").getValue("BOuser", 1): null

2019-06-26 19:06:31 - [TEST_STEP][PASSED] - BOpass = findTestData("credData").getValue("BOpass", 1): null

2019-06-26 19:06:31 - [TEST_STEP][PASSED] - navigateToUrl(BOURL): Navigate to 'https://test14.cliotest.com/backoffice/control/main' successfully

2019-06-26 19:06:35 - [MESSAGE][PASSED] - Navigate to 'https://test14.cliotest.com/backoffice/control/main' successfully

2019-06-26 19:06:35 - [TEST_STEP][PASSED] - logOut = findWebElements(findTestObject("Object Repository/Page_cabi Home/log_out"), 1): null

2019-06-26 19:06:35 - [TEST_STEP][PASSED] - if (logOut.size() == 0): null

2019-06-26 19:06:35 - [TEST_STEP][PASSED] - delay(3): Delayed 3 second(s)

2019-06-26 19:06:38 - [MESSAGE][PASSED] - Delayed 3 second(s)

2019-06-26 19:06:38 - [MESSAGE][PASSED] - Call Test Case 'Test Cases/TestCaseUtilities/backOfficeLogin' successfully

2019-06-26 19:06:38 - [TEST_STEP][PASSED] - delay(3): Delayed 3 second(s)

2019-06-26 19:06:41 - [MESSAGE][PASSED] - Delayed 3 second(s)

2019-06-26 19:06:41 - [TEST_STEP][PASSED] - rightClick(findTestObject("Page_cabi Home/a_Shows  Orders")): Object: 'Object Repository/Page_cabi Home/a_Shows  Orders' is right clicked on

2019-06-26 19:06:41 - [MESSAGE][PASSED] - Object: 'Object Repository/Page_cabi Home/a_Shows  Orders' is right clicked on

2019-06-26 19:06:41 - [TEST_STEP][PASSED] - click(findTestObject("Page_cabi Home/a_Create_A_Show")): Object: 'Object Repository/Page_cabi Home/a_Create_A_Show' is clicked on

2019-06-26 19:06:45 - [MESSAGE][PASSED] - Object: 'Object Repository/Page_cabi Home/a_Create_A_Show' is clicked on

2019-06-26 19:06:45 - [TEST_STEP][PASSED] - click(findTestObject("Page_cabi Home/select_i_am_hostess")): Object: 'Object Repository/Page_cabi Home/select_i_am_hostess' is clicked on

2019-06-26 19:06:45 - [MESSAGE][PASSED] - Object: 'Object Repository/Page_cabi Home/select_i_am_hostess' is clicked on

2019-06-26 19:06:45 - [TEST_STEP][PASSED] - delay(5): Delayed 5 second(s)

2019-06-26 19:06:50 - [MESSAGE][PASSED] - Delayed 5 second(s)

2019-06-26 19:06:50 - [TEST_STEP][PASSED] - click(findTestObject("Page_cabi Create Show - Set Hostess/input_next")): Object: 'Object Repository/Page_cabi Create Show - Set Hostess/input_next' is clicked on

2019-06-26 19:06:54 - [MESSAGE][PASSED] - Object: 'Object Repository/Page_cabi Create Show - Set Hostess/input_next' is clicked on

2019-06-26 19:06:54 - [TEST_STEP][PASSED] - delay(3): Delayed 3 second(s)

2019-06-26 19:06:57 - [MESSAGE][PASSED] - Delayed 3 second(s)

2019-06-26 19:06:57 - [TEST_STEP][PASSED] - rightClick(findTestObject("Object Repository/Page_cabi Create ShowTime_Place/input_Show_date_time")): Object: 'Object Repository/Page_cabi Create ShowTime_Place/input_Show_date_time' is right clicked on

2019-06-26 19:06:57 - [MESSAGE][PASSED] - Object: 'Object Repository/Page_cabi Create ShowTime_Place/input_Show_date_time' is right clicked on

2019-06-26 19:06:57 - [TEST_STEP][PASSED] - rightClick(findTestObject("Object Repository/Page_cabi Create ShowTime_Place/a_16")): Object: 'Object Repository/Page_cabi Create ShowTime_Place/a_16' is right clicked on

2019-06-26 19:06:57 - [MESSAGE][PASSED] - Object: 'Object Repository/Page_cabi Create ShowTime_Place/a_16' is right clicked on

2019-06-26 19:06:57 - [TEST_STEP][PASSED] - click(findTestObject("Object Repository/Page_cabi Create ShowTime_Place/a_16")): Object: 'Object Repository/Page_cabi Create ShowTime_Place/a_16' is clicked on

2019-06-26 19:06:57 - [MESSAGE][PASSED] - Object: 'Object Repository/Page_cabi Create ShowTime_Place/a_16' is clicked on

2019-06-26 19:06:57 - [TEST_STEP][PASSED] - click(findTestObject("Object Repository/Page_cabi Create ShowTime_Place/b")): Object: 'Object Repository/Page_cabi Create ShowTime_Place/b' is clicked on

2019-06-26 19:06:57 - [MESSAGE][PASSED] - Object: 'Object Repository/Page_cabi Create ShowTime_Place/b' is clicked on

2019-06-26 19:06:58 - [TEST_STEP][PASSED] - click(findTestObject("Object Repository/Page_cabi Create ShowTime_Place/div_Location for ShowSame as Hostess Home Address")): Object: 'Object Repository/Page_cabi Create ShowTime_Place/div_Location for ShowSame as Hostess Home Address' is clicked on

2019-06-26 19:06:58 - [MESSAGE][PASSED] - Object: 'Object Repository/Page_cabi Create ShowTime_Place/div_Location for ShowSame as Hostess Home Address' is clicked on

2019-06-26 19:06:58 - [TEST_STEP][PASSED] - click(findTestObject("Object Repository/Page_cabi Create ShowTime_Place/input__address_Same_as_hostess")): Object: 'Object Repository/Page_cabi Create ShowTime_Place/input__address_Same_as_hostess' is clicked on

2019-06-26 19:06:58 - [MESSAGE][PASSED] - Object: 'Object Repository/Page_cabi Create ShowTime_Place/input__address_Same_as_hostess' is clicked on

2019-06-26 19:06:58 - [TEST_STEP][PASSED] - click(findTestObject("Object Repository/Page_cabi Create ShowTime_Place/input_Same as show location")): Object: 'Object Repository/Page_cabi Create ShowTime_Place/input_Same as show location' is clicked on

2019-06-26 19:06:58 - [MESSAGE][PASSED] - Object: 'Object Repository/Page_cabi Create ShowTime_Place/input_Same as show location' is clicked on

2019-06-26 19:06:58 - [TEST_STEP][PASSED] - delay(3): Delayed 3 second(s)

2019-06-26 19:07:01 - [MESSAGE][PASSED] - Delayed 3 second(s)

2019-06-26 19:07:01 - [TEST_STEP][PASSED] - click(findTestObject("Object Repository/Page_cabi Create ShowTime_Place/label_Tax Rate Calculated")): Object: 'Object Repository/Page_cabi Create ShowTime_Place/label_Tax Rate Calculated' is clicked on

2019-06-26 19:07:01 - [MESSAGE][PASSED] - Object: 'Object Repository/Page_cabi Create ShowTime_Place/label_Tax Rate Calculated' is clicked on

2019-06-26 19:07:01 - [TEST_STEP][PASSED] - click(findTestObject("Object Repository/Page_cabi Create ShowTime_Place/input_Back_section")): Object: 'Object Repository/Page_cabi Create ShowTime_Place/input_Back_section' is clicked on

2019-06-26 19:07:01 - [MESSAGE][PASSED] - Object: 'Object Repository/Page_cabi Create ShowTime_Place/input_Back_section' is clicked on

2019-06-26 19:07:01 - [TEST_STEP][PASSED] - delay(3): Delayed 3 second(s)

2019-06-26 19:07:04 - [MESSAGE][PASSED] - Delayed 3 second(s)

2019-06-26 19:07:04 - [TEST_STEP][PASSED] - click(findTestObject("Page_cabi Create ShowTime_Place/input_ShowSummaryTab")): Object: 'Object Repository/Page_cabi Create ShowTime_Place/input_ShowSummaryTab' is clicked on

2019-06-26 19:07:07 - [MESSAGE][PASSED] - Object: 'Object Repository/Page_cabi Create ShowTime_Place/input_ShowSummaryTab' is clicked on

2019-06-26 19:07:07 - [MESSAGE][PASSED] - Call Test Case 'Test Cases/NewArrival/createAPhysicalShow_IMHostess' successfully

2019-06-26 19:07:07 - [TEST_STEP][PASSED] - delay(2): Delayed 2 second(s)

2019-06-26 19:07:09 - [MESSAGE][PASSED] - Delayed 2 second(s)

2019-06-26 19:07:09 - [TEST_STEP][PASSED] - click(findTestObject("Object Repository/Page_cabi Orders/span_orders")): Object: 'Object Repository/Page_cabi Orders/span_orders' is clicked on

2019-06-26 19:07:10 - [MESSAGE][PASSED] - Object: 'Object Repository/Page_cabi Orders/span_orders' is clicked on

2019-06-26 19:07:10 - [TEST_STEP][PASSED] - click(findTestObject("Object Repository/Page_cabi Orders/button_placeOrder")): Object: 'Object Repository/Page_cabi Orders/button_placeOrder' is clicked on

2019-06-26 19:07:13 - [MESSAGE][PASSED] - Object: 'Object Repository/Page_cabi Orders/button_placeOrder' is clicked on

2019-06-26 19:07:13 - [TEST_STEP][PASSED] - delay(2): Delayed 2 second(s)

2019-06-26 19:07:15 - [MESSAGE][PASSED] - Delayed 2 second(s)

2019-06-26 19:07:15 - [TEST_STEP][PASSED] - click(findTestObject("Object Repository/Page_cabi Order Entry/span_orderItems")): Object: 'Object Repository/Page_cabi Order Entry/span_orderItems' is clicked on

2019-06-26 19:07:15 - [MESSAGE][PASSED] - Object: 'Object Repository/Page_cabi Order Entry/span_orderItems' is clicked on

2019-06-26 19:07:15 - [TEST_STEP][PASSED] - delay(2): Delayed 2 second(s)

2019-06-26 19:07:17 - [MESSAGE][PASSED] - Delayed 2 second(s)

2019-06-26 19:07:17 - [TEST_STEP][PASSED] - callTestCase(findTestCase("NewArrival/productVerifyShort"), ["available":BOShow], STOP_ON_FAILURE): Call Test Case 'Test Cases/NewArrival/productVerifyShort' successfully

2019-06-26 19:07:17 - [TEST_CASE][PASSED] - Test Cases/NewArrival/productVerifyShort: Test Cases/NewArrival/productVerifyShort

2019-06-26 19:07:17 - [TEST_STEP][PASSED] - for ([row = 1, row <= findTestData("productData").getRowNumbers(), (row++)]): null

2019-06-26 19:07:17 - [TEST_STEP][PASSED] - delay(2): Delayed 2 second(s)

2019-06-26 19:07:19 - [MESSAGE][PASSED] - Delayed 2 second(s)

2019-06-26 19:07:19 - [TEST_STEP][PASSED] - setText(findTestObject("Object Repository/Page_cabi Create Order/input_Manual Discount_stylelookup_0"), findTestData("productData").getValue("Style", row)): Text '5618' is set on object 'Object Repository/Page_cabi Create Order/input_Manual Discount_stylelookup_0'

2019-06-26 19:07:19 - [MESSAGE][PASSED] - Text '5618' is set on object 'Object Repository/Page_cabi Create Order/input_Manual Discount_stylelookup_0'

2019-06-26 19:07:19 - [TEST_STEP][PASSED] - delay(2): Delayed 2 second(s)

2019-06-26 19:07:21 - [MESSAGE][PASSED] - Delayed 2 second(s)

2019-06-26 19:07:21 - [TEST_STEP][PASSED] - prod_message = getText(findTestObject("Page_cabi Create Order/first_option")): Text of object 'Object Repository/Page_cabi Create Order/first_option' is: 'No matching result found'

2019-06-26 19:07:21 - [MESSAGE][PASSED] - Text of object 'Object Repository/Page_cabi Create Order/first_option' is: 'No matching result found'

2019-06-26 19:07:21 - [TEST_STEP][PASSED] - delay(1): Delayed 1 second(s)

2019-06-26 19:07:22 - [MESSAGE][PASSED] - Delayed 1 second(s)

2019-06-26 19:07:22 - [TEST_STEP][PASSED] - click(findTestObject("Page_cabi Create Order/first_option")): Object: 'Object Repository/Page_cabi Create Order/first_option' is clicked on

2019-06-26 19:07:23 - [MESSAGE][PASSED] - Object: 'Object Repository/Page_cabi Create Order/first_option' is clicked on

2019-06-26 19:07:23 - [TEST_STEP][PASSED] - if (toString().equalsIgnoreCase("no")): null

2019-06-26 19:07:23 - [TEST_STEP][PASSED] - assert prod_message.equalsIgnoreCase("No matching result found"): null

2019-06-26 19:07:23 - [MESSAGE][PASSED] - Call Test Case 'Test Cases/NewArrival/productVerifyShort' successfully

2019-06-26 19:07:23 - [TEST_STEP][PASSED] - callTestCase(findTestCase("NewArrival/productWatchlist"), ["available":BOEblast], STOP_ON_FAILURE): Call Test Case 'Test Cases/NewArrival/productWatchlist' successfully

2019-06-26 19:07:23 - [TEST_CASE][PASSED] - Test Cases/NewArrival/productWatchlist: Test Cases/NewArrival/productWatchlist

2019-06-26 19:07:23 - [TEST_STEP][PASSED] - callTestCase(findTestCase("TestCaseUtilities/backOfficeLogin"), ["BOURL":"", "BOuser":"", "BOpass":""], STOP_ON_FAILURE): Call Test Case 'Test Cases/TestCaseUtilities/backOfficeLogin' successfully

2019-06-26 19:07:23 - [TEST_CASE][PASSED] - Test Cases/TestCaseUtilities/backOfficeLogin: Test Cases/TestCaseUtilities/backOfficeLogin

2019-06-26 19:07:23 - [TEST_STEP][PASSED] - BOURL = findTestData("credData").getValue("BOURL", 1): null

2019-06-26 19:07:23 - [TEST_STEP][PASSED] - BOuser = findTestData("credData").getValue("BOuser", 1): null

2019-06-26 19:07:23 - [TEST_STEP][PASSED] - BOpass = findTestData("credData").getValue("BOpass", 1): null

2019-06-26 19:07:23 - [TEST_STEP][PASSED] - navigateToUrl(BOURL): Navigate to 'https://test14.cliotest.com/backoffice/control/main' successfully

2019-06-26 19:07:27 - [MESSAGE][PASSED] - Navigate to 'https://test14.cliotest.com/backoffice/control/main' successfully

2019-06-26 19:07:27 - [TEST_STEP][PASSED] - logOut = findWebElements(findTestObject("Object Repository/Page_cabi Home/log_out"), 1): null

2019-06-26 19:07:27 - [TEST_STEP][PASSED] - if (logOut.size() == 0): null

2019-06-26 19:07:27 - [TEST_STEP][PASSED] - delay(3): Delayed 3 second(s)

2019-06-26 19:07:30 - [MESSAGE][PASSED] - Delayed 3 second(s)

2019-06-26 19:07:30 - [MESSAGE][PASSED] - Call Test Case 'Test Cases/TestCaseUtilities/backOfficeLogin' successfully

2019-06-26 19:07:30 - [TEST_STEP][PASSED] - click(findTestObject("Object Repository/Page_cabi Home/a_Shows  Orders")): Object: 'Object Repository/Page_cabi Home/a_Shows  Orders' is clicked on

2019-06-26 19:07:30 - [MESSAGE][PASSED] - Object: 'Object Repository/Page_cabi Home/a_Shows  Orders' is clicked on

2019-06-26 19:07:30 - [TEST_STEP][PASSED] - click(findTestObject("Object Repository/Page_cabi Home/a_Product Watch List")): Object: 'Object Repository/Page_cabi Home/a_Product Watch List' is clicked on

2019-06-26 19:07:34 - [MESSAGE][PASSED] - Object: 'Object Repository/Page_cabi Home/a_Product Watch List' is clicked on

2019-06-26 19:07:34 - [TEST_STEP][PASSED] - if (toString().equalsIgnoreCase("no")): null

2019-06-26 19:07:34 - [TEST_STEP][PASSED] - noResultFound = findWebElements(findTestObject("Object Repository/Page_cabi Product Watch list/span_(New Arrivals 2)"), 5): Unable to find the element located by 'By.xpath: //table[@ng-if='products']/thead/tr[@class='table-header-description']/th/span[contains(text(), ' (New Arrivals 2)')]'. Please recheck the objects properties to make sure the desired element is located. 

2019-06-26 19:07:39 - [MESSAGE][INFO] - Unable to find the element located by 'By.xpath: //table[@ng-if='products']/thead/tr[@class='table-header-description']/th/span[contains(text(), ' (New Arrivals 2)')]'. Please recheck the objects properties to make sure the desired element is located. 

2019-06-26 19:07:39 - [TEST_STEP][PASSED] - assert noResultFound.size() == 0: null

2019-06-26 19:07:39 - [MESSAGE][PASSED] - Call Test Case 'Test Cases/NewArrival/productWatchlist' successfully

2019-06-26 19:07:39 - [TEST_STEP][PASSED] - callTestCase(findTestCase("NewArrival/productEblast"), ["available":BOEblast], STOP_ON_FAILURE): Call Test Case 'Test Cases/NewArrival/productEblast' successfully

2019-06-26 19:07:40 - [TEST_CASE][PASSED] - Test Cases/NewArrival/productEblast: Test Cases/NewArrival/productEblast

2019-06-26 19:07:40 - [TEST_STEP][PASSED] - callTestCase(findTestCase("TestCaseUtilities/backOfficeLogin"), ["BOURL":"", "BOuser":"", "BOpass":""], STOP_ON_FAILURE): Call Test Case 'Test Cases/TestCaseUtilities/backOfficeLogin' successfully

2019-06-26 19:07:40 - [TEST_CASE][PASSED] - Test Cases/TestCaseUtilities/backOfficeLogin: Test Cases/TestCaseUtilities/backOfficeLogin

2019-06-26 19:07:40 - [TEST_STEP][PASSED] - BOURL = findTestData("credData").getValue("BOURL", 1): null

2019-06-26 19:07:40 - [TEST_STEP][PASSED] - BOuser = findTestData("credData").getValue("BOuser", 1): null

2019-06-26 19:07:40 - [TEST_STEP][PASSED] - BOpass = findTestData("credData").getValue("BOpass", 1): null

2019-06-26 19:07:40 - [TEST_STEP][PASSED] - navigateToUrl(BOURL): Navigate to 'https://test14.cliotest.com/backoffice/control/main' successfully

2019-06-26 19:07:45 - [MESSAGE][PASSED] - Navigate to 'https://test14.cliotest.com/backoffice/control/main' successfully

2019-06-26 19:07:45 - [TEST_STEP][PASSED] - logOut = findWebElements(findTestObject("Object Repository/Page_cabi Home/log_out"), 1): null

2019-06-26 19:07:45 - [TEST_STEP][PASSED] - if (logOut.size() == 0): null

2019-06-26 19:07:45 - [TEST_STEP][PASSED] - delay(3): Delayed 3 second(s)

2019-06-26 19:07:48 - [MESSAGE][PASSED] - Delayed 3 second(s)

2019-06-26 19:07:48 - [MESSAGE][PASSED] - Call Test Case 'Test Cases/TestCaseUtilities/backOfficeLogin' successfully

2019-06-26 19:07:48 - [TEST_STEP][PASSED] - click(findTestObject("Page_cabi Home/a_Connections")): Object: 'Object Repository/Page_cabi Home/a_Connections' is clicked on

2019-06-26 19:07:48 - [MESSAGE][PASSED] - Object: 'Object Repository/Page_cabi Home/a_Connections' is clicked on

2019-06-26 19:07:48 - [TEST_STEP][PASSED] - click(findTestObject("Page_cabi Home/a_Contact Manager")): Object: 'Object Repository/Page_cabi Home/a_Contact Manager' is clicked on

2019-06-26 19:07:54 - [MESSAGE][PASSED] - Object: 'Object Repository/Page_cabi Home/a_Contact Manager' is clicked on

2019-06-26 19:07:54 - [TEST_STEP][PASSED] - click(findTestObject("Page_cabi/span_SEND eBLAST")): Object: 'Object Repository/Page_cabi/span_SEND eBLAST' is clicked on

2019-06-26 19:07:54 - [MESSAGE][PASSED] - Object: 'Object Repository/Page_cabi/span_SEND eBLAST' is clicked on

2019-06-26 19:07:54 - [TEST_STEP][PASSED] - click(findTestObject("Object Repository/Page_cabi Eblast/a_Stylist Picks")): Object: 'Object Repository/Page_cabi Eblast/a_Stylist Picks' is clicked on

2019-06-26 19:08:03 - [MESSAGE][PASSED] - Object: 'Object Repository/Page_cabi Eblast/a_Stylist Picks' is clicked on

2019-06-26 19:08:03 - [TEST_STEP][PASSED] - click(findTestObject("Object Repository/Page_cabi Eblast/button_ADD PRODUCTS TO EBLAST")): Object: 'Object Repository/Page_cabi Eblast/button_ADD PRODUCTS TO EBLAST' is clicked on

2019-06-26 19:08:04 - [MESSAGE][PASSED] - Object: 'Object Repository/Page_cabi Eblast/button_ADD PRODUCTS TO EBLAST' is clicked on

2019-06-26 19:08:04 - [TEST_STEP][PASSED] - for ([row = 1, row <= findTestData("productData").getRowNumbers(), (row++)]): Actual text and expected text of test object 'Object Repository/Page_cabi Eblast/styleNotFound' are matched.

2019-06-26 19:08:04 - [TEST_STEP][PASSED] - delay(2): Delayed 2 second(s)

2019-06-26 19:08:06 - [MESSAGE][PASSED] - Delayed 2 second(s)

2019-06-26 19:08:06 - [TEST_STEP][PASSED] - setText(findTestObject("Page_cabi Eblast/eBlastStyleSearch"), findTestData("productData").getValue("Style", row)): Text '5618' is set on object 'Object Repository/Page_cabi Eblast/eBlastStyleSearch'

2019-06-26 19:08:06 - [MESSAGE][PASSED] - Text '5618' is set on object 'Object Repository/Page_cabi Eblast/eBlastStyleSearch'

2019-06-26 19:08:06 - [TEST_STEP][PASSED] - delay(4): Delayed 4 second(s)

2019-06-26 19:08:10 - [MESSAGE][PASSED] - Delayed 4 second(s)

2019-06-26 19:08:10 - [TEST_STEP][PASSED] - if (toString().equalsIgnoreCase("no")): Actual text and expected text of test object 'Object Repository/Page_cabi Eblast/styleNotFound' are matched.

2019-06-26 19:08:10 - [TEST_STEP][PASSED] - style_notfound = findWebElements(findTestObject("Page_cabi Eblast/styleNotFound"), 5): null

2019-06-26 19:08:10 - [TEST_STEP][PASSED] - println(style_notfound.size()): null

2019-06-26 19:08:10 - [TEST_STEP][PASSED] - assert style_notfound.size() > 0: null

2019-06-26 19:08:10 - [TEST_STEP][PASSED] - verifyElementText(findTestObject("Page_cabi Eblast/styleNotFound"), "No matching product"): Actual text and expected text of test object 'Object Repository/Page_cabi Eblast/styleNotFound' are matched.

2019-06-26 19:08:10 - [MESSAGE][PASSED] - Actual text and expected text of test object 'Object Repository/Page_cabi Eblast/styleNotFound' are matched.

2019-06-26 19:08:10 - [MESSAGE][PASSED] - Call Test Case 'Test Cases/NewArrival/productEblast' successfully

2019-06-26 19:08:10 - [TEST_STEP][PASSED] - callTestCase(findTestCase("NewArrival/addOnOrderPersonal"), ["addOnStyle":""], STOP_ON_FAILURE): Call Test Case 'Test Cases/NewArrival/addOnOrderPersonal' successfully

2019-06-26 19:08:10 - [TEST_CASE][PASSED] - Test Cases/NewArrival/addOnOrderPersonal: Test Cases/NewArrival/addOnOrderPersonal

2019-06-26 19:08:10 - [TEST_STEP][PASSED] - openBrowser(""): Browser is opened with url: ''

2019-06-26 19:08:10 - [MESSAGE][WARNING] - A browser is already opened. Closing browser and opening a new one

2019-06-26 19:08:11 - [MESSAGE][INFO] - Starting 'Chrome' driver

2019-06-26 19:08:11 - [MESSAGE][INFO] - User set preference: ['args', '[--use-fake-ui-for-media-stream, --start-maximized]']

2019-06-26 19:08:13 - [MESSAGE][PASSED] - Browser is opened with url: ''

2019-06-26 19:08:13 - [TEST_STEP][PASSED] - addOnStyle = findTestData("miscData").getValue("addOnStyle", 1): null

2019-06-26 19:08:13 - [TEST_STEP][PASSED] - callTestCase(findTestCase("TestCaseUtilities/backOfficeLogin"), ["BOURL":"", "BOuser":"", "BOpass":""], STOP_ON_FAILURE): Call Test Case 'Test Cases/TestCaseUtilities/backOfficeLogin' successfully

2019-06-26 19:08:13 - [TEST_CASE][PASSED] - Test Cases/TestCaseUtilities/backOfficeLogin: Test Cases/TestCaseUtilities/backOfficeLogin

2019-06-26 19:08:13 - [TEST_STEP][PASSED] - BOURL = findTestData("credData").getValue("BOURL", 1): null

2019-06-26 19:08:13 - [TEST_STEP][PASSED] - BOuser = findTestData("credData").getValue("BOuser", 1): null

2019-06-26 19:08:13 - [TEST_STEP][PASSED] - BOpass = findTestData("credData").getValue("BOpass", 1): null

2019-06-26 19:08:13 - [TEST_STEP][PASSED] - navigateToUrl(BOURL): Navigate to 'https://test14.cliotest.com/backoffice/control/main' successfully

2019-06-26 19:08:22 - [MESSAGE][PASSED] - Navigate to 'https://test14.cliotest.com/backoffice/control/main' successfully

2019-06-26 19:08:22 - [TEST_STEP][PASSED] - logOut = findWebElements(findTestObject("Object Repository/Page_cabi Home/log_out"), 1): Unable to find the element located by 'By.xpath: //a[contains(text(),'Log Out')]'. Please recheck the objects properties to make sure the desired element is located. 

2019-06-26 19:08:23 - [MESSAGE][INFO] - Unable to find the element located by 'By.xpath: //a[contains(text(),'Log Out')]'. Please recheck the objects properties to make sure the desired element is located. 

2019-06-26 19:08:23 - [TEST_STEP][PASSED] - if (logOut.size() == 0): Object: 'Object Repository/Page_cabi/input_Welcome to_consultantLogin' is clicked on

2019-06-26 19:08:23 - [TEST_STEP][PASSED] - setText(findTestObject("Page_cabi/input_Welcome to_USERNAME"), BOuser): Text '400000002' is set on object 'Object Repository/Page_cabi/input_Welcome to_USERNAME'

2019-06-26 19:08:23 - [MESSAGE][PASSED] - Text '400000002' is set on object 'Object Repository/Page_cabi/input_Welcome to_USERNAME'

2019-06-26 19:08:23 - [TEST_STEP][PASSED] - setText(findTestObject("Object Repository/Page_cabi/input_Welcome to_PASSWORD"), BOpass): Text 'blackdress19' is set on object 'Object Repository/Page_cabi/input_Welcome to_PASSWORD'

2019-06-26 19:08:23 - [MESSAGE][PASSED] - Text 'blackdress19' is set on object 'Object Repository/Page_cabi/input_Welcome to_PASSWORD'

2019-06-26 19:08:23 - [TEST_STEP][PASSED] - click(findTestObject("Object Repository/Page_cabi/input_Welcome to_consultantLogin")): Object: 'Object Repository/Page_cabi/input_Welcome to_consultantLogin' is clicked on

2019-06-26 19:08:31 - [MESSAGE][PASSED] - Object: 'Object Repository/Page_cabi/input_Welcome to_consultantLogin' is clicked on

2019-06-26 19:08:31 - [TEST_STEP][PASSED] - delay(3): Delayed 3 second(s)

2019-06-26 19:08:34 - [MESSAGE][PASSED] - Delayed 3 second(s)

2019-06-26 19:08:34 - [MESSAGE][PASSED] - Call Test Case 'Test Cases/TestCaseUtilities/backOfficeLogin' successfully

2019-06-26 19:08:34 - [TEST_STEP][PASSED] - click(findTestObject("Page_cabi Home/a_Shows  Orders")): Object: 'Object Repository/Page_cabi Home/a_Shows  Orders' is clicked on

2019-06-26 19:08:34 - [MESSAGE][PASSED] - Object: 'Object Repository/Page_cabi Home/a_Shows  Orders' is clicked on

2019-06-26 19:08:34 - [TEST_STEP][PASSED] - delay(1): Delayed 1 second(s)

2019-06-26 19:08:35 - [MESSAGE][PASSED] - Delayed 1 second(s)

2019-06-26 19:08:35 - [TEST_STEP][PASSED] - click(findTestObject("Page_cabi Home/a_personal_purchases")): Object: 'Object Repository/Page_cabi Home/a_personal_purchases' is clicked on

2019-06-26 19:08:38 - [MESSAGE][PASSED] - Object: 'Object Repository/Page_cabi Home/a_personal_purchases' is clicked on

2019-06-26 19:08:38 - [TEST_STEP][PASSED] - click(findTestObject("Page_cabi Personal Store/span_Continue to Order")): Object: 'Object Repository/Page_cabi Personal Store/span_Continue to Order' is clicked on

2019-06-26 19:08:38 - [MESSAGE][PASSED] - Object: 'Object Repository/Page_cabi Personal Store/span_Continue to Order' is clicked on

2019-06-26 19:08:38 - [TEST_STEP][PASSED] - delay(5): Delayed 5 second(s)

2019-06-26 19:08:43 - [MESSAGE][PASSED] - Delayed 5 second(s)

2019-06-26 19:08:43 - [TEST_STEP][PASSED] - emptyCart = findWebElements(findTestObject("Object Repository/Page_cabi Personal Store/removeFromCart"), 5): Unable to find the element located by 'By.xpath: //*[@id="removeFromCart_0"]/span'. Please recheck the objects properties to make sure the desired element is located. 

2019-06-26 19:08:48 - [MESSAGE][INFO] - Unable to find the element located by 'By.xpath: //*[@id="removeFromCart_0"]/span'. Please recheck the objects properties to make sure the desired element is located. 

2019-06-26 19:08:48 - [TEST_STEP][PASSED] - while (emptyCart.size() > 0): null

2019-06-26 19:08:48 - [TEST_STEP][PASSED] - click(findTestObject("Object Repository/Page_cabi Create Order/input_Manual Discount_stylelookup_0")): Object: 'Object Repository/Page_cabi Create Order/input_Manual Discount_stylelookup_0' is clicked on

2019-06-26 19:08:48 - [MESSAGE][PASSED] - Object: 'Object Repository/Page_cabi Create Order/input_Manual Discount_stylelookup_0' is clicked on

2019-06-26 19:08:48 - [TEST_STEP][PASSED] - setText(findTestObject("Object Repository/Page_cabi Create Order/input_Manual Discount_stylelookup_0"), addOnStyle): Text '5447' is set on object 'Object Repository/Page_cabi Create Order/input_Manual Discount_stylelookup_0'

2019-06-26 19:08:49 - [MESSAGE][PASSED] - Text '5447' is set on object 'Object Repository/Page_cabi Create Order/input_Manual Discount_stylelookup_0'

2019-06-26 19:08:49 - [TEST_STEP][PASSED] - delay(3): Delayed 3 second(s)

2019-06-26 19:08:52 - [MESSAGE][PASSED] - Delayed 3 second(s)

2019-06-26 19:08:52 - [TEST_STEP][PASSED] - prod_message = getText(findTestObject("Page_cabi Create Order/first_option")): Text of object 'Object Repository/Page_cabi Create Order/first_option' is: '5447 Bishop Cardigan'

2019-06-26 19:08:52 - [MESSAGE][PASSED] - Text of object 'Object Repository/Page_cabi Create Order/first_option' is: '5447 Bishop Cardigan'

2019-06-26 19:08:52 - [TEST_STEP][PASSED] - click(findTestObject("Page_cabi Create Order/first_option")): Object: 'Object Repository/Page_cabi Create Order/first_option' is clicked on

2019-06-26 19:08:52 - [MESSAGE][PASSED] - Object: 'Object Repository/Page_cabi Create Order/first_option' is clicked on

2019-06-26 19:08:52 - [TEST_STEP][PASSED] - delay(5): Delayed 5 second(s)

2019-06-26 19:08:57 - [MESSAGE][PASSED] - Delayed 5 second(s)

2019-06-26 19:08:57 - [TEST_STEP][PASSED] - click(findTestObject("Object Repository/Page_cabi Order Items/selectSize")): Object: 'Object Repository/Page_cabi Order Items/selectSize' is clicked on

2019-06-26 19:08:57 - [MESSAGE][PASSED] - Object: 'Object Repository/Page_cabi Order Items/selectSize' is clicked on

2019-06-26 19:08:57 - [TEST_STEP][PASSED] - click(findTestObject("Object Repository/Page_cabi Order Items/span_Add to Cart")): Object: 'Object Repository/Page_cabi Order Items/span_Add to Cart' is clicked on

2019-06-26 19:08:57 - [MESSAGE][PASSED] - Object: 'Object Repository/Page_cabi Order Items/span_Add to Cart' is clicked on

2019-06-26 19:08:57 - [TEST_STEP][PASSED] - delay(3): Delayed 3 second(s)

2019-06-26 19:09:00 - [MESSAGE][PASSED] - Delayed 3 second(s)

2019-06-26 19:09:00 - [TEST_STEP][PASSED] - click(findTestObject("Object Repository/Page_cabi Order Items/span_Continue to Shipping")): Object: 'Object Repository/Page_cabi Order Items/span_Continue to Shipping' is clicked on

2019-06-26 19:09:01 - [MESSAGE][PASSED] - Object: 'Object Repository/Page_cabi Order Items/span_Continue to Shipping' is clicked on

2019-06-26 19:09:01 - [TEST_STEP][PASSED] - click(findTestObject("Page_cabi Personal Store/nextButtonShipping")): Object: 'Object Repository/Page_cabi Personal Store/nextButtonShipping' is clicked on

2019-06-26 19:09:01 - [MESSAGE][PASSED] - Object: 'Object Repository/Page_cabi Personal Store/nextButtonShipping' is clicked on

2019-06-26 19:09:01 - [TEST_STEP][PASSED] - delay(3): Delayed 3 second(s)

2019-06-26 19:09:05 - [MESSAGE][PASSED] - Delayed 3 second(s)

2019-06-26 19:09:05 - [TEST_STEP][PASSED] - click(findTestObject("Page_cabi Personal Store/makeFirstPayment")): Object: 'Object Repository/Page_cabi Personal Store/makeFirstPayment' is clicked on

2019-06-26 19:09:05 - [MESSAGE][PASSED] - Object: 'Object Repository/Page_cabi Personal Store/makeFirstPayment' is clicked on

2019-06-26 19:09:05 - [TEST_STEP][PASSED] - click(findTestObject("Page_cabi Personal Store/submitPayment")): Object: 'Object Repository/Page_cabi Personal Store/submitPayment' is clicked on

2019-06-26 19:09:05 - [MESSAGE][PASSED] - Object: 'Object Repository/Page_cabi Personal Store/submitPayment' is clicked on

2019-06-26 19:09:05 - [TEST_STEP][PASSED] - click(findTestObject("Page_cabi Personal Store/submitOrderId")): Object: 'Object Repository/Page_cabi Personal Store/submitOrderId' is clicked on

2019-06-26 19:09:08 - [MESSAGE][PASSED] - Object: 'Object Repository/Page_cabi Personal Store/submitOrderId' is clicked on

2019-06-26 19:09:08 - [TEST_STEP][PASSED] - successMsg = "": null

2019-06-26 19:09:08 - [TEST_STEP][PASSED] - orderSuccess = false: null

2019-06-26 19:09:08 - [TEST_STEP][PASSED] - successMsgs = findWebElements(findTestObject("Object Repository/Page_cabi Personal Store/p_success_msg"), 5): null

2019-06-26 19:09:08 - [TEST_STEP][PASSED] - if (successMsgs.size() > 0): Text of object 'Object Repository/Page_cabi Personal Store/p_order_id' is: 'PR708033005'

2019-06-26 19:09:08 - [TEST_STEP][PASSED] - successMsg = getText(findTestObject("Object Repository/Page_cabi Personal Store/p_success_msg")): Text of object 'Object Repository/Page_cabi Personal Store/p_success_msg' is: 'Order Created Successfully!!
Order #:  PR708033005

CONTINUE SHOPPING'

2019-06-26 19:09:08 - [MESSAGE][PASSED] - Text of object 'Object Repository/Page_cabi Personal Store/p_success_msg' is: 'Order Created Successfully!!
Order #:  PR708033005

CONTINUE SHOPPING'

2019-06-26 19:09:08 - [TEST_STEP][PASSED] - orderSuccess = true: null

2019-06-26 19:09:08 - [TEST_STEP][PASSED] - addOnOrderId = getText(findTestObject("Object Repository/Page_cabi Personal Store/p_order_id")): Text of object 'Object Repository/Page_cabi Personal Store/p_order_id' is: 'PR708033005'

2019-06-26 19:09:08 - [MESSAGE][PASSED] - Text of object 'Object Repository/Page_cabi Personal Store/p_order_id' is: 'PR708033005'

2019-06-26 19:09:08 - [TEST_STEP][PASSED] - assert orderSuccess == true: null

2019-06-26 19:09:08 - [TEST_STEP][PASSED] - callTestCase(findTestCase("NewArrival/warehouseShipping"), ["orderId":addOnOrderId], STOP_ON_FAILURE): Call Test Case 'Test Cases/NewArrival/warehouseShipping' successfully

2019-06-26 19:09:08 - [TEST_CASE][PASSED] - Test Cases/NewArrival/warehouseShipping: Test Cases/NewArrival/warehouseShipping

2019-06-26 19:09:08 - [TEST_STEP][PASSED] - callTestCase(findTestCase("TestCaseUtilities/cabiWarehouseLogin"), ["CWURL":"", "CWuser":"", "CWpass":""], STOP_ON_FAILURE): Call Test Case 'Test Cases/TestCaseUtilities/cabiWarehouseLogin' successfully

2019-06-26 19:09:08 - [TEST_CASE][PASSED] - Test Cases/TestCaseUtilities/cabiWarehouseLogin: Test Cases/TestCaseUtilities/cabiWarehouseLogin

2019-06-26 19:09:08 - [TEST_STEP][PASSED] - CWURL = findTestData("credData").getValue("CWURL", 1): null

2019-06-26 19:09:08 - [TEST_STEP][PASSED] - CWuser = findTestData("credData").getValue("CWuser", 1): null

2019-06-26 19:09:08 - [TEST_STEP][PASSED] - CWpass = findTestData("credData").getValue("CWpass", 1): null

2019-06-26 19:09:08 - [TEST_STEP][PASSED] - openBrowser(""): Browser is opened with url: ''

2019-06-26 19:09:08 - [MESSAGE][WARNING] - A browser is already opened. Closing browser and opening a new one

2019-06-26 19:09:09 - [MESSAGE][INFO] - Starting 'Chrome' driver

2019-06-26 19:09:09 - [MESSAGE][INFO] - User set preference: ['args', '[--use-fake-ui-for-media-stream, --start-maximized]']

2019-06-26 19:09:11 - [MESSAGE][PASSED] - Browser is opened with url: ''

2019-06-26 19:09:11 - [TEST_STEP][PASSED] - navigateToUrl(CWURL): Navigate to 'https://test14.cliotest.com/warehouse/control/main' successfully

2019-06-26 19:09:17 - [MESSAGE][PASSED] - Navigate to 'https://test14.cliotest.com/warehouse/control/main' successfully

2019-06-26 19:09:17 - [TEST_STEP][PASSED] - logOut = findWebElements(findTestObject("Object Repository/Cabi warehouse/Page_cabi_home/log_out"), 1): Unable to find the element located by 'By.xpath: //li/a[contains(text(), 'Log Out »')]'. Please recheck the objects properties to make sure the desired element is located. 

2019-06-26 19:09:18 - [MESSAGE][INFO] - Unable to find the element located by 'By.xpath: //li/a[contains(text(), 'Log Out »')]'. Please recheck the objects properties to make sure the desired element is located. 

2019-06-26 19:09:18 - [TEST_STEP][PASSED] - if (logOut.size() == 0): Object: 'Object Repository/Cabi warehouse/Page_cabi/input_Password_section-btn btn-stl-pk rFloat' is clicked on

2019-06-26 19:09:18 - [TEST_STEP][PASSED] - setText(findTestObject("Object Repository/Cabi warehouse/Page_cabi/input_Username_USERNAME"), CWuser): Text 'rsuarez' is set on object 'Object Repository/Cabi warehouse/Page_cabi/input_Username_USERNAME'

2019-06-26 19:09:18 - [MESSAGE][PASSED] - Text 'rsuarez' is set on object 'Object Repository/Cabi warehouse/Page_cabi/input_Username_USERNAME'

2019-06-26 19:09:18 - [TEST_STEP][PASSED] - setText(findTestObject("Object Repository/Cabi warehouse/Page_cabi/input_Password_PASSWORD"), CWpass): Text 'blackdress19' is set on object 'Object Repository/Cabi warehouse/Page_cabi/input_Password_PASSWORD'

2019-06-26 19:09:18 - [MESSAGE][PASSED] - Text 'blackdress19' is set on object 'Object Repository/Cabi warehouse/Page_cabi/input_Password_PASSWORD'

2019-06-26 19:09:18 - [TEST_STEP][PASSED] - click(findTestObject("Object Repository/Cabi warehouse/Page_cabi/input_Password_section-btn btn-stl-pk rFloat")): Object: 'Object Repository/Cabi warehouse/Page_cabi/input_Password_section-btn btn-stl-pk rFloat' is clicked on

2019-06-26 19:09:20 - [MESSAGE][PASSED] - Object: 'Object Repository/Cabi warehouse/Page_cabi/input_Password_section-btn btn-stl-pk rFloat' is clicked on

2019-06-26 19:09:20 - [TEST_STEP][PASSED] - delay(3): Delayed 3 second(s)

2019-06-26 19:09:23 - [MESSAGE][PASSED] - Delayed 3 second(s)

2019-06-26 19:09:23 - [MESSAGE][PASSED] - Call Test Case 'Test Cases/TestCaseUtilities/cabiWarehouseLogin' successfully

2019-06-26 19:09:23 - [TEST_STEP][PASSED] - click(findTestObject("Page_cabi Manage PickLists/a_Create PickLists")): Object: 'Object Repository/Page_cabi Manage PickLists/a_Create PickLists' is clicked on

2019-06-26 19:09:24 - [MESSAGE][PASSED] - Object: 'Object Repository/Page_cabi Manage PickLists/a_Create PickLists' is clicked on

2019-06-26 19:09:24 - [TEST_STEP][PASSED] - click(findTestObject("Object Repository/findOrders/Page_cabi Find Orders/Page_cabi SampleLine Shipment Screen/a_Single Order")): Object: 'Object Repository/findOrders/Page_cabi Find Orders/Page_cabi SampleLine Shipment Screen/a_Single Order' is clicked on

2019-06-26 19:09:25 - [MESSAGE][PASSED] - Object: 'Object Repository/findOrders/Page_cabi Find Orders/Page_cabi SampleLine Shipment Screen/a_Single Order' is clicked on

2019-06-26 19:09:25 - [TEST_STEP][PASSED] - setText(findTestObject("Page_cabi Create Single Order PickList/input_Order Id_orderId"), orderId): Text 'PR708033005' is set on object 'Object Repository/Page_cabi Create Single Order PickList/input_Order Id_orderId'

2019-06-26 19:09:25 - [MESSAGE][PASSED] - Text 'PR708033005' is set on object 'Object Repository/Page_cabi Create Single Order PickList/input_Order Id_orderId'

2019-06-26 19:09:25 - [TEST_STEP][PASSED] - click(findTestObject("Page_cabi Create Single Order PickList/input_Create even if fully backordered_submitButton")): Object: 'Object Repository/Page_cabi Create Single Order PickList/input_Create even if fully backordered_submitButton' is clicked on

2019-06-26 19:09:26 - [MESSAGE][PASSED] - Object: 'Object Repository/Page_cabi Create Single Order PickList/input_Create even if fully backordered_submitButton' is clicked on

2019-06-26 19:09:26 - [TEST_STEP][PASSED] - pickListCreated = findWebElements(findTestObject("Cabi warehouse/picklistCreatedMessage"), 5): null

2019-06-26 19:09:26 - [TEST_STEP][PASSED] - if (pickListCreated.size() == 0): null

2019-06-26 19:09:26 - [TEST_STEP][PASSED] - picklistCreatedMessage = UtilityMethods.concat("Picklist for order: [", orderId, "] has been created successfully."): null

2019-06-26 19:09:26 - [TEST_STEP][PASSED] - verifyElementText(findTestObject("Cabi warehouse/picklistCreatedMessage"), picklistCreatedMessage): Actual text and expected text of test object 'Object Repository/Cabi warehouse/picklistCreatedMessage' are matched.

2019-06-26 19:09:26 - [MESSAGE][PASSED] - Actual text and expected text of test object 'Object Repository/Cabi warehouse/picklistCreatedMessage' are matched.

2019-06-26 19:09:26 - [TEST_STEP][PASSED] - click(findTestObject("Page_cabi Create Single Order PickList/a_Manage PickLists")): Object: 'Object Repository/Page_cabi Create Single Order PickList/a_Manage PickLists' is clicked on

2019-06-26 19:09:27 - [MESSAGE][PASSED] - Object: 'Object Repository/Page_cabi Create Single Order PickList/a_Manage PickLists' is clicked on

2019-06-26 19:09:27 - [TEST_STEP][PASSED] - setText(findTestObject("Page_cabi Manage PickLists/input_Order _orderId"), orderId): Text 'PR708033005' is set on object 'Object Repository/Page_cabi Manage PickLists/input_Order _orderId'

2019-06-26 19:09:27 - [MESSAGE][PASSED] - Text 'PR708033005' is set on object 'Object Repository/Page_cabi Manage PickLists/input_Order _orderId'

2019-06-26 19:09:27 - [TEST_STEP][PASSED] - click(findTestObject("Page_cabi Manage PickLists/input")): Object: 'Object Repository/Page_cabi Manage PickLists/input' is clicked on

2019-06-26 19:09:28 - [MESSAGE][PASSED] - Object: 'Object Repository/Page_cabi Manage PickLists/input' is clicked on

2019-06-26 19:09:28 - [TEST_STEP][PASSED] - delay(3): Delayed 3 second(s)

2019-06-26 19:09:31 - [MESSAGE][PASSED] - Delayed 3 second(s)

2019-06-26 19:09:31 - [TEST_STEP][PASSED] - click(findTestObject("Page_cabi Manage PickLists/td_104238610")): Object: 'Object Repository/Page_cabi Manage PickLists/td_104238610' is clicked on

2019-06-26 19:09:31 - [MESSAGE][PASSED] - Object: 'Object Repository/Page_cabi Manage PickLists/td_104238610' is clicked on

2019-06-26 19:09:31 - [TEST_STEP][PASSED] - picklistId = getText(findTestObject("Page_cabi Manage PickLists/td_104238610")): Text of object 'Object Repository/Page_cabi Manage PickLists/td_104238610' is: '104300515'

2019-06-26 19:09:31 - [MESSAGE][PASSED] - Text of object 'Object Repository/Page_cabi Manage PickLists/td_104238610' is: '104300515'

2019-06-26 19:09:31 - [TEST_STEP][PASSED] - click(findTestObject("Page_cabi Manage PickLists/a_Packing")): Object: 'Object Repository/Page_cabi Manage PickLists/a_Packing' is clicked on

2019-06-26 19:09:32 - [MESSAGE][PASSED] - Object: 'Object Repository/Page_cabi Manage PickLists/a_Packing' is clicked on

2019-06-26 19:09:32 - [TEST_STEP][PASSED] - setText(findTestObject("Page_cabi Pack Init/input_Pack Station_packStationId"), "30"): Text '30' is set on object 'Object Repository/Page_cabi Pack Init/input_Pack Station_packStationId'

2019-06-26 19:09:32 - [MESSAGE][PASSED] - Text '30' is set on object 'Object Repository/Page_cabi Pack Init/input_Pack Station_packStationId'

2019-06-26 19:09:32 - [TEST_STEP][PASSED] - click(findTestObject("Page_cabi Pack Init/input_Pack Station_submitButton")): Object: 'Object Repository/Page_cabi Pack Init/input_Pack Station_submitButton' is clicked on

2019-06-26 19:09:33 - [MESSAGE][PASSED] - Object: 'Object Repository/Page_cabi Pack Init/input_Pack Station_submitButton' is clicked on

2019-06-26 19:09:33 - [TEST_STEP][PASSED] - setText(findTestObject("Page_cabi Pack Init/input_Picklist ID_pickId"), picklistId): Text '104300515' is set on object 'Object Repository/Page_cabi Pack Init/input_Picklist ID_pickId'

2019-06-26 19:09:33 - [MESSAGE][PASSED] - Text '104300515' is set on object 'Object Repository/Page_cabi Pack Init/input_Picklist ID_pickId'

2019-06-26 19:09:33 - [TEST_STEP][PASSED] - click(findTestObject("Page_cabi Pack Init/input_Picklist ID_submitButton")): Object: 'Object Repository/Page_cabi Pack Init/input_Picklist ID_submitButton' is clicked on

2019-06-26 19:09:34 - [MESSAGE][PASSED] - Object: 'Object Repository/Page_cabi Pack Init/input_Picklist ID_submitButton' is clicked on

2019-06-26 19:09:34 - [TEST_STEP][PASSED] - click(findTestObject("Page_cabi General Pack/input_Cream Of Wheat_button addItemForVerification")): Object: 'Object Repository/Page_cabi General Pack/input_Cream Of Wheat_button addItemForVerification' is clicked on

2019-06-26 19:09:34 - [MESSAGE][PASSED] - Object: 'Object Repository/Page_cabi General Pack/input_Cream Of Wheat_button addItemForVerification' is clicked on

2019-06-26 19:09:34 - [TEST_STEP][PASSED] - click(findTestObject("Page_cabi General Pack/input_Pack Station  30_shipConfirmBtn")): Object: 'Object Repository/Page_cabi General Pack/input_Pack Station  30_shipConfirmBtn' is clicked on

2019-06-26 19:09:38 - [MESSAGE][PASSED] - Object: 'Object Repository/Page_cabi General Pack/input_Pack Station  30_shipConfirmBtn' is clicked on

2019-06-26 19:09:38 - [TEST_STEP][PASSED] - delay(3): Delayed 3 second(s)

2019-06-26 19:09:41 - [MESSAGE][PASSED] - Delayed 3 second(s)

2019-06-26 19:09:41 - [TEST_STEP][PASSED] - itemsNotpacked = findWebElements(findTestObject("Cabi warehouse/itemsNotPacked"), 5): Unable to find the element located by 'By.xpath: //*[@id="content-messages"]/p[1]'. Please recheck the objects properties to make sure the desired element is located. 

2019-06-26 19:09:46 - [MESSAGE][INFO] - Unable to find the element located by 'By.xpath: //*[@id="content-messages"]/p[1]'. Please recheck the objects properties to make sure the desired element is located. 

2019-06-26 19:09:46 - [TEST_STEP][PASSED] - if (itemsNotpacked.size() > 0): null

2019-06-26 19:09:46 - [TEST_STEP][PASSED] - click(findTestObject("Cabi warehouse/warehouseLogout")): Object: 'Object Repository/Cabi warehouse/warehouseLogout' is clicked on

2019-06-26 19:09:49 - [MESSAGE][PASSED] - Object: 'Object Repository/Cabi warehouse/warehouseLogout' is clicked on

2019-06-26 19:09:49 - [MESSAGE][PASSED] - Call Test Case 'Test Cases/NewArrival/warehouseShipping' successfully

2019-06-26 19:09:49 - [TEST_STEP][PASSED] - callTestCase(findTestCase("TestCaseUtilities/backOfficeLogin"), ["BOURL":"", "BOuser":"", "BOpass":""], STOP_ON_FAILURE): Call Test Case 'Test Cases/TestCaseUtilities/backOfficeLogin' successfully

2019-06-26 19:09:49 - [TEST_CASE][PASSED] - Test Cases/TestCaseUtilities/backOfficeLogin: Test Cases/TestCaseUtilities/backOfficeLogin

2019-06-26 19:09:49 - [TEST_STEP][PASSED] - BOURL = findTestData("credData").getValue("BOURL", 1): null

2019-06-26 19:09:49 - [TEST_STEP][PASSED] - BOuser = findTestData("credData").getValue("BOuser", 1): null

2019-06-26 19:09:49 - [TEST_STEP][PASSED] - BOpass = findTestData("credData").getValue("BOpass", 1): null

2019-06-26 19:09:49 - [TEST_STEP][PASSED] - navigateToUrl(BOURL): Navigate to 'https://test14.cliotest.com/backoffice/control/main' successfully

2019-06-26 19:09:57 - [MESSAGE][PASSED] - Navigate to 'https://test14.cliotest.com/backoffice/control/main' successfully

2019-06-26 19:09:57 - [TEST_STEP][PASSED] - logOut = findWebElements(findTestObject("Object Repository/Page_cabi Home/log_out"), 1): Unable to find the element located by 'By.xpath: //a[contains(text(),'Log Out')]'. Please recheck the objects properties to make sure the desired element is located. 

2019-06-26 19:09:58 - [MESSAGE][INFO] - Unable to find the element located by 'By.xpath: //a[contains(text(),'Log Out')]'. Please recheck the objects properties to make sure the desired element is located. 

2019-06-26 19:09:58 - [TEST_STEP][PASSED] - if (logOut.size() == 0): Object: 'Object Repository/Page_cabi/input_Welcome to_consultantLogin' is clicked on

2019-06-26 19:09:58 - [TEST_STEP][PASSED] - setText(findTestObject("Page_cabi/input_Welcome to_USERNAME"), BOuser): Text '400000002' is set on object 'Object Repository/Page_cabi/input_Welcome to_USERNAME'

2019-06-26 19:09:58 - [MESSAGE][PASSED] - Text '400000002' is set on object 'Object Repository/Page_cabi/input_Welcome to_USERNAME'

2019-06-26 19:09:58 - [TEST_STEP][PASSED] - setText(findTestObject("Object Repository/Page_cabi/input_Welcome to_PASSWORD"), BOpass): Text 'blackdress19' is set on object 'Object Repository/Page_cabi/input_Welcome to_PASSWORD'

2019-06-26 19:09:59 - [MESSAGE][PASSED] - Text 'blackdress19' is set on object 'Object Repository/Page_cabi/input_Welcome to_PASSWORD'

2019-06-26 19:09:59 - [TEST_STEP][PASSED] - click(findTestObject("Object Repository/Page_cabi/input_Welcome to_consultantLogin")): Object: 'Object Repository/Page_cabi/input_Welcome to_consultantLogin' is clicked on

2019-06-26 19:10:09 - [MESSAGE][PASSED] - Object: 'Object Repository/Page_cabi/input_Welcome to_consultantLogin' is clicked on

2019-06-26 19:10:09 - [TEST_STEP][PASSED] - delay(3): Delayed 3 second(s)

2019-06-26 19:10:12 - [MESSAGE][PASSED] - Delayed 3 second(s)

2019-06-26 19:10:12 - [MESSAGE][PASSED] - Call Test Case 'Test Cases/TestCaseUtilities/backOfficeLogin' successfully

2019-06-26 19:10:12 - [TEST_STEP][PASSED] - click(findTestObject("Object Repository/findOrders/Page_cabi Find Orders/Page_cabi Home/a_Shows  Orders")): Object: 'Object Repository/findOrders/Page_cabi Find Orders/Page_cabi Home/a_Shows  Orders' is clicked on

2019-06-26 19:10:12 - [MESSAGE][PASSED] - Object: 'Object Repository/findOrders/Page_cabi Find Orders/Page_cabi Home/a_Shows  Orders' is clicked on

2019-06-26 19:10:12 - [TEST_STEP][PASSED] - click(findTestObject("Object Repository/findOrders/Page_cabi Find Orders/Page_cabi Home/a_Orders")): Object: 'Object Repository/findOrders/Page_cabi Find Orders/Page_cabi Home/a_Orders' is clicked on

2019-06-26 19:10:15 - [MESSAGE][PASSED] - Object: 'Object Repository/findOrders/Page_cabi Find Orders/Page_cabi Home/a_Orders' is clicked on

2019-06-26 19:10:15 - [TEST_STEP][PASSED] - click(findTestObject("Object Repository/findOrders/Page_cabi Find Orders/Page_cabi Find Orders/b")): Object: 'Object Repository/findOrders/Page_cabi Find Orders/Page_cabi Find Orders/b' is clicked on

2019-06-26 19:10:15 - [MESSAGE][PASSED] - Object: 'Object Repository/findOrders/Page_cabi Find Orders/Page_cabi Find Orders/b' is clicked on

2019-06-26 19:10:15 - [TEST_STEP][PASSED] - delay(3): Delayed 3 second(s)

2019-06-26 19:10:18 - [MESSAGE][PASSED] - Delayed 3 second(s)

2019-06-26 19:10:18 - [TEST_STEP][PASSED] - click(findTestObject("findOrders/Page_cabi Find Orders/orderNo")): Object: 'Object Repository/findOrders/Page_cabi Find Orders/orderNo' is clicked on

2019-06-26 19:10:18 - [MESSAGE][PASSED] - Object: 'Object Repository/findOrders/Page_cabi Find Orders/orderNo' is clicked on

2019-06-26 19:10:18 - [TEST_STEP][PASSED] - delay(3): Delayed 3 second(s)

2019-06-26 19:10:21 - [MESSAGE][PASSED] - Delayed 3 second(s)

2019-06-26 19:10:21 - [TEST_STEP][PASSED] - click(findTestObject("Object Repository/findOrders/Page_cabi Find Orders/Page_cabi Find Orders/pendingShipment")): Object: 'Object Repository/findOrders/Page_cabi Find Orders/Page_cabi Find Orders/pendingShipment' is clicked on

2019-06-26 19:10:21 - [MESSAGE][PASSED] - Object: 'Object Repository/findOrders/Page_cabi Find Orders/Page_cabi Find Orders/pendingShipment' is clicked on

2019-06-26 19:10:21 - [TEST_STEP][PASSED] - click(findTestObject("Object Repository/findOrders/Page_cabi Find Orders/Page_cabi Find Orders/inputShipped")): Object: 'Object Repository/findOrders/Page_cabi Find Orders/Page_cabi Find Orders/inputShipped' is clicked on

2019-06-26 19:10:21 - [MESSAGE][PASSED] - Object: 'Object Repository/findOrders/Page_cabi Find Orders/Page_cabi Find Orders/inputShipped' is clicked on

2019-06-26 19:10:21 - [TEST_STEP][PASSED] - setText(findTestObject("Object Repository/findOrders/Page_cabi Find Orders/Page_cabi Find Orders/inputOrderId"), addOnOrderId): Text 'PR708033005' is set on object 'Object Repository/findOrders/Page_cabi Find Orders/Page_cabi Find Orders/inputOrderId'

2019-06-26 19:10:22 - [MESSAGE][PASSED] - Text 'PR708033005' is set on object 'Object Repository/findOrders/Page_cabi Find Orders/Page_cabi Find Orders/inputOrderId'

2019-06-26 19:10:22 - [TEST_STEP][PASSED] - click(findTestObject("Object Repository/findOrders/Page_cabi Find Orders/Page_cabi Find Orders/findOrders")): Object: 'Object Repository/findOrders/Page_cabi Find Orders/Page_cabi Find Orders/findOrders' is clicked on

2019-06-26 19:10:22 - [MESSAGE][PASSED] - Object: 'Object Repository/findOrders/Page_cabi Find Orders/Page_cabi Find Orders/findOrders' is clicked on

2019-06-26 19:10:22 - [TEST_STEP][PASSED] - click(findTestObject("findOrders/Page_cabi Find Orders/orderView")): Object: 'Object Repository/findOrders/Page_cabi Find Orders/orderView' is clicked on

2019-06-26 19:10:25 - [MESSAGE][PASSED] - Object: 'Object Repository/findOrders/Page_cabi Find Orders/orderView' is clicked on

2019-06-26 19:10:25 - [TEST_STEP][PASSED] - delay(3): Delayed 3 second(s)

2019-06-26 19:10:28 - [MESSAGE][PASSED] - Delayed 3 second(s)

2019-06-26 19:10:28 - [TEST_STEP][PASSED] - refresh(): Refresh successfully

2019-06-26 19:10:28 - [MESSAGE][PASSED] - Refresh successfully

2019-06-26 19:10:28 - [TEST_STEP][PASSED] - delay(3): Delayed 3 second(s)

2019-06-26 19:10:31 - [MESSAGE][PASSED] - Delayed 3 second(s)

2019-06-26 19:10:31 - [TEST_STEP][PASSED] - refresh(): Refresh successfully

2019-06-26 19:10:32 - [MESSAGE][PASSED] - Refresh successfully

2019-06-26 19:10:32 - [TEST_STEP][PASSED] - delay(10): Delayed 10 second(s)

2019-06-26 19:10:42 - [MESSAGE][PASSED] - Delayed 10 second(s)

2019-06-26 19:10:42 - [TEST_STEP][PASSED] - refresh(): Refresh successfully

2019-06-26 19:10:42 - [MESSAGE][PASSED] - Refresh successfully

2019-06-26 19:10:42 - [TEST_STEP][PASSED] - delay(3): Delayed 3 second(s)

2019-06-26 19:10:45 - [MESSAGE][PASSED] - Delayed 3 second(s)

2019-06-26 19:10:45 - [TEST_STEP][PASSED] - click(findTestObject("Object Repository/findOrders/Page_cabi Find Orders/Page_cabi Order View/a_(Return Order)")): Object: 'Object Repository/findOrders/Page_cabi Find Orders/Page_cabi Order View/a_(Return Order)' is clicked on

2019-06-26 19:10:49 - [MESSAGE][PASSED] - Object: 'Object Repository/findOrders/Page_cabi Find Orders/Page_cabi Order View/a_(Return Order)' is clicked on

2019-06-26 19:10:49 - [TEST_STEP][PASSED] - delay(3): Delayed 3 second(s)

2019-06-26 19:10:52 - [MESSAGE][PASSED] - Delayed 3 second(s)

2019-06-26 19:10:52 - [TEST_STEP][PASSED] - selectOptionByValue(findTestObject("Object Repository/findOrders/Page_cabi Find Orders/Page_cabi Stylist Create RMA/selectReason1"), "CABI_c", true): All options with value 'CABI_c' are selected in object 'Object Repository/findOrders/Page_cabi Find Orders/Page_cabi Stylist Create RMA/selectReason1'  using regular expression

2019-06-26 19:10:53 - [MESSAGE][PASSED] - All options with value 'CABI_c' are selected in object 'Object Repository/findOrders/Page_cabi Find Orders/Page_cabi Stylist Create RMA/selectReason1'  using regular expression

2019-06-26 19:10:53 - [TEST_STEP][PASSED] - selectOptionByValue(findTestObject("Object Repository/findOrders/Page_cabi Find Orders/Page_cabi Stylist Create RMA/selectReason2"), "CABI_c_a", true): All options with value 'CABI_c_a' are selected in object 'Object Repository/findOrders/Page_cabi Find Orders/Page_cabi Stylist Create RMA/selectReason2'  using regular expression

2019-06-26 19:10:53 - [MESSAGE][PASSED] - All options with value 'CABI_c_a' are selected in object 'Object Repository/findOrders/Page_cabi Find Orders/Page_cabi Stylist Create RMA/selectReason2'  using regular expression

2019-06-26 19:10:53 - [TEST_STEP][PASSED] - click(findTestObject("Object Repository/findOrders/Page_cabi Find Orders/Page_cabi Stylist Create RMA/inputRefund")): Object: 'Object Repository/findOrders/Page_cabi Find Orders/Page_cabi Stylist Create RMA/inputRefund' is clicked on

2019-06-26 19:10:53 - [MESSAGE][PASSED] - Object: 'Object Repository/findOrders/Page_cabi Find Orders/Page_cabi Stylist Create RMA/inputRefund' is clicked on

2019-06-26 19:10:53 - [TEST_STEP][PASSED] - click(findTestObject("Object Repository/findOrders/Page_cabi Find Orders/Page_cabi Stylist Create RMA/a_Next")): Object: 'Object Repository/findOrders/Page_cabi Find Orders/Page_cabi Stylist Create RMA/a_Next' is clicked on

2019-06-26 19:10:54 - [MESSAGE][PASSED] - Object: 'Object Repository/findOrders/Page_cabi Find Orders/Page_cabi Stylist Create RMA/a_Next' is clicked on

2019-06-26 19:10:54 - [TEST_STEP][PASSED] - click(findTestObject("Object Repository/findOrders/Page_cabi Find Orders/Page_cabi Stylist Create RMA/inputPostalService")): Object: 'Object Repository/findOrders/Page_cabi Find Orders/Page_cabi Stylist Create RMA/inputPostalService' is clicked on

2019-06-26 19:10:55 - [MESSAGE][PASSED] - Object: 'Object Repository/findOrders/Page_cabi Find Orders/Page_cabi Stylist Create RMA/inputPostalService' is clicked on

2019-06-26 19:10:55 - [TEST_STEP][PASSED] - click(findTestObject("Object Repository/findOrders/Page_cabi Find Orders/Page_cabi Stylist Create RMA/inputConfirmAdderess")): Object: 'Object Repository/findOrders/Page_cabi Find Orders/Page_cabi Stylist Create RMA/inputConfirmAdderess' is clicked on

2019-06-26 19:10:56 - [MESSAGE][PASSED] - Object: 'Object Repository/findOrders/Page_cabi Find Orders/Page_cabi Stylist Create RMA/inputConfirmAdderess' is clicked on

2019-06-26 19:10:56 - [TEST_STEP][PASSED] - click(findTestObject("Object Repository/findOrders/Page_cabi Find Orders/Page_cabi Stylist Create RMA/a_Next_1")): Object: 'Object Repository/findOrders/Page_cabi Find Orders/Page_cabi Stylist Create RMA/a_Next_1' is clicked on

2019-06-26 19:10:56 - [MESSAGE][PASSED] - Object: 'Object Repository/findOrders/Page_cabi Find Orders/Page_cabi Stylist Create RMA/a_Next_1' is clicked on

2019-06-26 19:10:56 - [TEST_STEP][PASSED] - click(findTestObject("Object Repository/findOrders/Page_cabi Find Orders/Page_cabi Stylist Create RMA/a_Submit RMA")): Object: 'Object Repository/findOrders/Page_cabi Find Orders/Page_cabi Stylist Create RMA/a_Submit RMA' is clicked on

2019-06-26 19:10:58 - [MESSAGE][PASSED] - Object: 'Object Repository/findOrders/Page_cabi Find Orders/Page_cabi Stylist Create RMA/a_Submit RMA' is clicked on

2019-06-26 19:10:58 - [TEST_STEP][PASSED] - click(findTestObject("Object Repository/findOrders/Page_cabi Find Orders/Page_cabi Stylist Create RMA/addonOrder")): Object: 'Object Repository/findOrders/Page_cabi Find Orders/Page_cabi Stylist Create RMA/addonOrder' is clicked on

2019-06-26 19:11:02 - [MESSAGE][PASSED] - Object: 'Object Repository/findOrders/Page_cabi Find Orders/Page_cabi Stylist Create RMA/addonOrder' is clicked on

2019-06-26 19:11:02 - [TEST_STEP][PASSED] - delay(3): Delayed 3 second(s)

2019-06-26 19:11:05 - [MESSAGE][PASSED] - Delayed 3 second(s)

2019-06-26 19:11:05 - [TEST_STEP][PASSED] - click(findTestObject("Object Repository/Page_cabi_addOn_order/a_continue_to_order")): Object: 'Object Repository/Page_cabi_addOn_order/a_continue_to_order' is clicked on

2019-06-26 19:11:05 - [MESSAGE][PASSED] - Object: 'Object Repository/Page_cabi_addOn_order/a_continue_to_order' is clicked on

2019-06-26 19:11:05 - [TEST_STEP][PASSED] - delay(2): Delayed 2 second(s)

2019-06-26 19:11:07 - [MESSAGE][PASSED] - Delayed 2 second(s)

2019-06-26 19:11:07 - [TEST_STEP][PASSED] - callTestCase(findTestCase("NewArrival/productVerifyShort"), ["available":BOAddonPersonal], STOP_ON_FAILURE): Call Test Case 'Test Cases/NewArrival/productVerifyShort' successfully

2019-06-26 19:11:07 - [TEST_CASE][PASSED] - Test Cases/NewArrival/productVerifyShort: Test Cases/NewArrival/productVerifyShort

2019-06-26 19:11:07 - [TEST_STEP][PASSED] - for ([row = 1, row <= findTestData("productData").getRowNumbers(), (row++)]): null

2019-06-26 19:11:07 - [TEST_STEP][PASSED] - delay(2): Delayed 2 second(s)

2019-06-26 19:11:09 - [MESSAGE][PASSED] - Delayed 2 second(s)

2019-06-26 19:11:09 - [TEST_STEP][PASSED] - setText(findTestObject("Object Repository/Page_cabi Create Order/input_Manual Discount_stylelookup_0"), findTestData("productData").getValue("Style", row)): Text '5618' is set on object 'Object Repository/Page_cabi Create Order/input_Manual Discount_stylelookup_0'

2019-06-26 19:11:09 - [MESSAGE][PASSED] - Text '5618' is set on object 'Object Repository/Page_cabi Create Order/input_Manual Discount_stylelookup_0'

2019-06-26 19:11:09 - [TEST_STEP][PASSED] - delay(2): Delayed 2 second(s)

2019-06-26 19:11:11 - [MESSAGE][PASSED] - Delayed 2 second(s)

2019-06-26 19:11:11 - [TEST_STEP][PASSED] - prod_message = getText(findTestObject("Page_cabi Create Order/first_option")): Text of object 'Object Repository/Page_cabi Create Order/first_option' is: 'No matching result found'

2019-06-26 19:11:12 - [MESSAGE][PASSED] - Text of object 'Object Repository/Page_cabi Create Order/first_option' is: 'No matching result found'

2019-06-26 19:11:12 - [TEST_STEP][PASSED] - delay(1): Delayed 1 second(s)

2019-06-26 19:11:13 - [MESSAGE][PASSED] - Delayed 1 second(s)

2019-06-26 19:11:13 - [TEST_STEP][PASSED] - click(findTestObject("Page_cabi Create Order/first_option")): Object: 'Object Repository/Page_cabi Create Order/first_option' is clicked on

2019-06-26 19:11:13 - [MESSAGE][PASSED] - Object: 'Object Repository/Page_cabi Create Order/first_option' is clicked on

2019-06-26 19:11:13 - [TEST_STEP][PASSED] - if (toString().equalsIgnoreCase("no")): null

2019-06-26 19:11:13 - [TEST_STEP][PASSED] - assert prod_message.equalsIgnoreCase("No matching result found"): null

2019-06-26 19:11:13 - [MESSAGE][PASSED] - Call Test Case 'Test Cases/NewArrival/productVerifyShort' successfully

2019-06-26 19:11:13 - [MESSAGE][PASSED] - Call Test Case 'Test Cases/NewArrival/addOnOrderPersonal' successfully

2019-06-26 19:11:13 - [TEST_STEP][PASSED] - callTestCase(findTestCase("NewArrival/addOnOrderRetail"), ["addOnStyle":""], STOP_ON_FAILURE): Call Test Case 'Test Cases/NewArrival/addOnOrderRetail' successfully

2019-06-26 19:11:13 - [TEST_CASE][PASSED] - Test Cases/NewArrival/addOnOrderRetail: Test Cases/NewArrival/addOnOrderRetail

2019-06-26 19:11:13 - [TEST_STEP][PASSED] - openBrowser(""): Browser is opened with url: ''

2019-06-26 19:11:13 - [MESSAGE][WARNING] - A browser is already opened. Closing browser and opening a new one

2019-06-26 19:11:13 - [MESSAGE][INFO] - Starting 'Chrome' driver

2019-06-26 19:11:13 - [MESSAGE][INFO] - User set preference: ['args', '[--use-fake-ui-for-media-stream, --start-maximized]']

2019-06-26 19:11:16 - [MESSAGE][PASSED] - Browser is opened with url: ''

2019-06-26 19:11:16 - [TEST_STEP][PASSED] - addOnStyle = findTestData("miscData").getValue("addOnStyle", 1): null

2019-06-26 19:11:16 - [TEST_STEP][PASSED] - callTestCase(findTestCase("TestCaseUtilities/backOfficeLogin"), ["BOURL":"", "BOuser":"", "BOpass":""], STOP_ON_FAILURE): Call Test Case 'Test Cases/TestCaseUtilities/backOfficeLogin' successfully

2019-06-26 19:11:16 - [TEST_CASE][PASSED] - Test Cases/TestCaseUtilities/backOfficeLogin: Test Cases/TestCaseUtilities/backOfficeLogin

2019-06-26 19:11:16 - [TEST_STEP][PASSED] - BOURL = findTestData("credData").getValue("BOURL", 1): null

2019-06-26 19:11:16 - [TEST_STEP][PASSED] - BOuser = findTestData("credData").getValue("BOuser", 1): null

2019-06-26 19:11:16 - [TEST_STEP][PASSED] - BOpass = findTestData("credData").getValue("BOpass", 1): null

2019-06-26 19:11:16 - [TEST_STEP][PASSED] - navigateToUrl(BOURL): Navigate to 'https://test14.cliotest.com/backoffice/control/main' successfully

2019-06-26 19:11:23 - [MESSAGE][PASSED] - Navigate to 'https://test14.cliotest.com/backoffice/control/main' successfully

2019-06-26 19:11:23 - [TEST_STEP][PASSED] - logOut = findWebElements(findTestObject("Object Repository/Page_cabi Home/log_out"), 1): Unable to find the element located by 'By.xpath: //a[contains(text(),'Log Out')]'. Please recheck the objects properties to make sure the desired element is located. 

2019-06-26 19:11:24 - [MESSAGE][INFO] - Unable to find the element located by 'By.xpath: //a[contains(text(),'Log Out')]'. Please recheck the objects properties to make sure the desired element is located. 

2019-06-26 19:11:24 - [TEST_STEP][PASSED] - if (logOut.size() == 0): Object: 'Object Repository/Page_cabi/input_Welcome to_consultantLogin' is clicked on

2019-06-26 19:11:24 - [TEST_STEP][PASSED] - setText(findTestObject("Page_cabi/input_Welcome to_USERNAME"), BOuser): Text '400000002' is set on object 'Object Repository/Page_cabi/input_Welcome to_USERNAME'

2019-06-26 19:11:24 - [MESSAGE][PASSED] - Text '400000002' is set on object 'Object Repository/Page_cabi/input_Welcome to_USERNAME'

2019-06-26 19:11:24 - [TEST_STEP][PASSED] - setText(findTestObject("Object Repository/Page_cabi/input_Welcome to_PASSWORD"), BOpass): Text 'blackdress19' is set on object 'Object Repository/Page_cabi/input_Welcome to_PASSWORD'

2019-06-26 19:11:25 - [MESSAGE][PASSED] - Text 'blackdress19' is set on object 'Object Repository/Page_cabi/input_Welcome to_PASSWORD'

2019-06-26 19:11:25 - [TEST_STEP][PASSED] - click(findTestObject("Object Repository/Page_cabi/input_Welcome to_consultantLogin")): Object: 'Object Repository/Page_cabi/input_Welcome to_consultantLogin' is clicked on

2019-06-26 19:11:32 - [MESSAGE][PASSED] - Object: 'Object Repository/Page_cabi/input_Welcome to_consultantLogin' is clicked on

2019-06-26 19:11:32 - [TEST_STEP][PASSED] - delay(3): Delayed 3 second(s)

2019-06-26 19:11:35 - [MESSAGE][PASSED] - Delayed 3 second(s)

2019-06-26 19:11:35 - [MESSAGE][PASSED] - Call Test Case 'Test Cases/TestCaseUtilities/backOfficeLogin' successfully

2019-06-26 19:11:35 - [TEST_STEP][PASSED] - click(findTestObject("Object Repository/Page_cabi Home/a_Shows  Orders")): Object: 'Object Repository/Page_cabi Home/a_Shows  Orders' is clicked on

2019-06-26 19:11:36 - [MESSAGE][PASSED] - Object: 'Object Repository/Page_cabi Home/a_Shows  Orders' is clicked on

2019-06-26 19:11:36 - [TEST_STEP][PASSED] - delay(1): Delayed 1 second(s)

2019-06-26 19:11:37 - [MESSAGE][PASSED] - Delayed 1 second(s)

2019-06-26 19:11:37 - [TEST_STEP][PASSED] - rightClick(findTestObject("Page_cabi Home/a_Shows  Orders")): Object: 'Object Repository/Page_cabi Home/a_Shows  Orders' is right clicked on

2019-06-26 19:11:37 - [MESSAGE][PASSED] - Object: 'Object Repository/Page_cabi Home/a_Shows  Orders' is right clicked on

2019-06-26 19:11:37 - [TEST_STEP][PASSED] - click(findTestObject("Page_cabi Home/a_retail_purchases")): Object: 'Object Repository/Page_cabi Home/a_retail_purchases' is clicked on

2019-06-26 19:11:42 - [MESSAGE][PASSED] - Object: 'Object Repository/Page_cabi Home/a_retail_purchases' is clicked on

2019-06-26 19:11:42 - [TEST_STEP][PASSED] - delay(3): Delayed 3 second(s)

2019-06-26 19:11:45 - [MESSAGE][PASSED] - Delayed 3 second(s)

2019-06-26 19:11:45 - [TEST_STEP][PASSED] - click(findTestObject("Object Repository/Page_cabi Home/existingCustomer")): Object: 'Object Repository/Page_cabi Home/existingCustomer' is clicked on

2019-06-26 19:11:45 - [MESSAGE][PASSED] - Object: 'Object Repository/Page_cabi Home/existingCustomer' is clicked on

2019-06-26 19:11:45 - [TEST_STEP][PASSED] - contactNumber = 4: null

2019-06-26 19:11:45 - [TEST_STEP][PASSED] - firstName = findTestData("contactData").getValue("firstName", contactNumber): null

2019-06-26 19:11:45 - [TEST_STEP][PASSED] - lastName = findTestData("contactData").getValue("lastName", contactNumber): null

2019-06-26 19:11:45 - [TEST_STEP][PASSED] - email = findTestData("contactData").getValue("email", contactNumber): null

2019-06-26 19:11:45 - [TEST_STEP][PASSED] - address1 = findTestData("contactData").getValue("address1", contactNumber): null

2019-06-26 19:11:45 - [TEST_STEP][PASSED] - city = findTestData("contactData").getValue("city", contactNumber): null

2019-06-26 19:11:45 - [TEST_STEP][PASSED] - state = findTestData("contactData").getValue("state", contactNumber): null

2019-06-26 19:11:45 - [TEST_STEP][PASSED] - zip = findTestData("contactData").getValue("zip", contactNumber): null

2019-06-26 19:11:45 - [TEST_STEP][PASSED] - existingCustFName = firstName: null

2019-06-26 19:11:45 - [TEST_STEP][PASSED] - existingCustLName = lastName: null

2019-06-26 19:11:45 - [TEST_STEP][PASSED] - space = " ": null

2019-06-26 19:11:45 - [TEST_STEP][PASSED] - existingCust = $existingCustFName$space$existingCustLName: null

2019-06-26 19:11:45 - [TEST_STEP][PASSED] - setText(findTestObject("Object Repository/Page_cabi Home/input_existing_guest"), existingCust): Text 'neoguest2 abc' is set on object 'Object Repository/Page_cabi Home/input_existing_guest'

2019-06-26 19:11:45 - [MESSAGE][PASSED] - Text 'neoguest2 abc' is set on object 'Object Repository/Page_cabi Home/input_existing_guest'

2019-06-26 19:11:45 - [TEST_STEP][PASSED] - delay(3): Delayed 3 second(s)

2019-06-26 19:11:48 - [MESSAGE][PASSED] - Delayed 3 second(s)

2019-06-26 19:11:48 - [TEST_STEP][PASSED] - rightClick(findTestObject("Object Repository/Page_cabi Home/input_existing_guest")): Object: 'Object Repository/Page_cabi Home/input_existing_guest' is right clicked on

2019-06-26 19:11:48 - [MESSAGE][PASSED] - Object: 'Object Repository/Page_cabi Home/input_existing_guest' is right clicked on

2019-06-26 19:11:48 - [TEST_STEP][PASSED] - rightClick(findTestObject("Object Repository/Page_cabi Home/input_existing_guest")): Object: 'Object Repository/Page_cabi Home/input_existing_guest' is right clicked on

2019-06-26 19:11:48 - [MESSAGE][PASSED] - Object: 'Object Repository/Page_cabi Home/input_existing_guest' is right clicked on

2019-06-26 19:11:48 - [TEST_STEP][PASSED] - click(findTestObject("Object Repository/Page_cabi Create Show - Set Hostess/a_select_customer")): Object: 'Object Repository/Page_cabi Create Show - Set Hostess/a_select_customer' is clicked on

2019-06-26 19:11:49 - [MESSAGE][PASSED] - Object: 'Object Repository/Page_cabi Create Show - Set Hostess/a_select_customer' is clicked on

2019-06-26 19:11:49 - [TEST_STEP][PASSED] - setText(findTestObject("Object Repository/Page_cabi Home/input_existing_guest"), existingCust): Text 'neoguest2 abc' is set on object 'Object Repository/Page_cabi Home/input_existing_guest'

2019-06-26 19:11:49 - [MESSAGE][PASSED] - Text 'neoguest2 abc' is set on object 'Object Repository/Page_cabi Home/input_existing_guest'

2019-06-26 19:11:49 - [TEST_STEP][PASSED] - setText(findTestObject("Object Repository/Page_cabi Retail Store/input_email"), email): Text 'neoguest2ab@test.com' is set on object 'Object Repository/Page_cabi Retail Store/input_email'

2019-06-26 19:11:50 - [MESSAGE][PASSED] - Text 'neoguest2ab@test.com' is set on object 'Object Repository/Page_cabi Retail Store/input_email'

2019-06-26 19:11:50 - [TEST_STEP][PASSED] - setText(findTestObject("Object Repository/Page_cabi Edit Customer Profile/input_Address1_address1"), address1): Text '1908 INDUSTRIAL PARK DR' is set on object 'Object Repository/Page_cabi Edit Customer Profile/input_Address1_address1'

2019-06-26 19:11:50 - [MESSAGE][PASSED] - Text '1908 INDUSTRIAL PARK DR' is set on object 'Object Repository/Page_cabi Edit Customer Profile/input_Address1_address1'

2019-06-26 19:11:50 - [TEST_STEP][PASSED] - setText(findTestObject("Object Repository/Page_cabi Edit Customer Profile/input_Address2_address2"), ""): Text '' is set on object 'Object Repository/Page_cabi Edit Customer Profile/input_Address2_address2'

2019-06-26 19:11:50 - [MESSAGE][PASSED] - Text '' is set on object 'Object Repository/Page_cabi Edit Customer Profile/input_Address2_address2'

2019-06-26 19:11:50 - [TEST_STEP][PASSED] - setText(findTestObject("Object Repository/Page_cabi Edit Customer Profile/input_City_city"), city): Text 'PLANT CITY' is set on object 'Object Repository/Page_cabi Edit Customer Profile/input_City_city'

2019-06-26 19:11:51 - [MESSAGE][PASSED] - Text 'PLANT CITY' is set on object 'Object Repository/Page_cabi Edit Customer Profile/input_City_city'

2019-06-26 19:11:51 - [TEST_STEP][PASSED] - click(findTestObject("Page_cabi Edit Customer Profile/span_select_a_state")): Object: 'Object Repository/Page_cabi Edit Customer Profile/span_select_a_state' is clicked on

2019-06-26 19:11:51 - [MESSAGE][PASSED] - Object: 'Object Repository/Page_cabi Edit Customer Profile/span_select_a_state' is clicked on

2019-06-26 19:11:51 - [TEST_STEP][PASSED] - delay(1): Delayed 1 second(s)

2019-06-26 19:11:52 - [MESSAGE][PASSED] - Delayed 1 second(s)

2019-06-26 19:11:52 - [TEST_STEP][PASSED] - setText(findTestObject("Object Repository/Page_cabi Edit Customer Profile/input_state_1"), state): Text 'Florida' is set on object 'Object Repository/Page_cabi Edit Customer Profile/input_state_1'

2019-06-26 19:11:52 - [MESSAGE][PASSED] - Text 'Florida' is set on object 'Object Repository/Page_cabi Edit Customer Profile/input_state_1'

2019-06-26 19:11:52 - [TEST_STEP][PASSED] - delay(2): Delayed 2 second(s)

2019-06-26 19:11:54 - [MESSAGE][PASSED] - Delayed 2 second(s)

2019-06-26 19:11:54 - [TEST_STEP][PASSED] - click(findTestObject("Page_cabi Edit Customer Profile/span_state")): Object: 'Object Repository/Page_cabi Edit Customer Profile/span_state' is clicked on

2019-06-26 19:11:54 - [MESSAGE][PASSED] - Object: 'Object Repository/Page_cabi Edit Customer Profile/span_state' is clicked on

2019-06-26 19:11:54 - [TEST_STEP][PASSED] - setText(findTestObject("Page_cabi Edit Customer Profile/input_state_postalCode"), zip): Text '33566' is set on object 'Object Repository/Page_cabi Edit Customer Profile/input_state_postalCode'

2019-06-26 19:11:55 - [MESSAGE][PASSED] - Text '33566' is set on object 'Object Repository/Page_cabi Edit Customer Profile/input_state_postalCode'

2019-06-26 19:11:55 - [TEST_STEP][PASSED] - delay(5): Delayed 5 second(s)

2019-06-26 19:12:00 - [MESSAGE][PASSED] - Delayed 5 second(s)

2019-06-26 19:12:00 - [TEST_STEP][PASSED] - check(findTestObject("Object Repository/Page_cabi Home/a_same_shipping_address")): Object 'Object Repository/Page_cabi Home/a_same_shipping_address' is checked

2019-06-26 19:12:00 - [MESSAGE][PASSED] - Object 'Object Repository/Page_cabi Home/a_same_shipping_address' is checked

2019-06-26 19:12:00 - [TEST_STEP][PASSED] - delay(5): Delayed 5 second(s)

2019-06-26 19:12:05 - [MESSAGE][PASSED] - Delayed 5 second(s)

2019-06-26 19:12:05 - [TEST_STEP][PASSED] - check(findTestObject("Object Repository/Page_cabi Home/a_same_shipping_address")): Object 'Object Repository/Page_cabi Home/a_same_shipping_address' is checked

2019-06-26 19:12:05 - [MESSAGE][PASSED] - Object 'Object Repository/Page_cabi Home/a_same_shipping_address' is checked

2019-06-26 19:12:05 - [TEST_STEP][PASSED] - delay(10): Delayed 10 second(s)

2019-06-26 19:12:15 - [MESSAGE][PASSED] - Delayed 10 second(s)

2019-06-26 19:12:15 - [TEST_STEP][PASSED] - click(findTestObject("Page_cabi Retail Store/span_next_1")): Object: 'Object Repository/Page_cabi Retail Store/span_next_1' is clicked on

2019-06-26 19:12:15 - [MESSAGE][PASSED] - Object: 'Object Repository/Page_cabi Retail Store/span_next_1' is clicked on

2019-06-26 19:12:15 - [TEST_STEP][PASSED] - delay(3): Delayed 3 second(s)

2019-06-26 19:12:18 - [MESSAGE][PASSED] - Delayed 3 second(s)

2019-06-26 19:12:18 - [TEST_STEP][PASSED] - click(findTestObject("Object Repository/Page_cabi Retail Store/span_quick_entry")): Object: 'Object Repository/Page_cabi Retail Store/span_quick_entry' is clicked on

2019-06-26 19:12:22 - [MESSAGE][PASSED] - Object: 'Object Repository/Page_cabi Retail Store/span_quick_entry' is clicked on

2019-06-26 19:12:22 - [TEST_STEP][PASSED] - delay(3): Delayed 3 second(s)

2019-06-26 19:12:25 - [MESSAGE][PASSED] - Delayed 3 second(s)

2019-06-26 19:12:25 - [TEST_STEP][PASSED] - emptyCart = findWebElements(findTestObject("Object Repository/Page_cabi Personal Store/removeFromCart"), 5): Unable to find the element located by 'By.xpath: //*[@id="removeFromCart_0"]/span'. Please recheck the objects properties to make sure the desired element is located. 

2019-06-26 19:12:30 - [MESSAGE][INFO] - Unable to find the element located by 'By.xpath: //*[@id="removeFromCart_0"]/span'. Please recheck the objects properties to make sure the desired element is located. 

2019-06-26 19:12:30 - [TEST_STEP][PASSED] - while (emptyCart.size() > 0): null

2019-06-26 19:12:30 - [TEST_STEP][PASSED] - click(findTestObject("Object Repository/Page_cabi Create Order/input_Manual Discount_stylelookup_0")): Object: 'Object Repository/Page_cabi Create Order/input_Manual Discount_stylelookup_0' is clicked on

2019-06-26 19:12:30 - [MESSAGE][PASSED] - Object: 'Object Repository/Page_cabi Create Order/input_Manual Discount_stylelookup_0' is clicked on

2019-06-26 19:12:30 - [TEST_STEP][PASSED] - setText(findTestObject("Object Repository/Page_cabi Create Order/input_Manual Discount_stylelookup_0"), addOnStyle): Text '5447' is set on object 'Object Repository/Page_cabi Create Order/input_Manual Discount_stylelookup_0'

2019-06-26 19:12:30 - [MESSAGE][PASSED] - Text '5447' is set on object 'Object Repository/Page_cabi Create Order/input_Manual Discount_stylelookup_0'

2019-06-26 19:12:30 - [TEST_STEP][PASSED] - delay(3): Delayed 3 second(s)

2019-06-26 19:12:33 - [MESSAGE][PASSED] - Delayed 3 second(s)

2019-06-26 19:12:33 - [TEST_STEP][PASSED] - prod_message = getText(findTestObject("Page_cabi Create Order/first_option")): Text of object 'Object Repository/Page_cabi Create Order/first_option' is: '5447 Bishop Cardigan'

2019-06-26 19:12:34 - [MESSAGE][PASSED] - Text of object 'Object Repository/Page_cabi Create Order/first_option' is: '5447 Bishop Cardigan'

2019-06-26 19:12:34 - [TEST_STEP][PASSED] - click(findTestObject("Page_cabi Create Order/first_option")): Object: 'Object Repository/Page_cabi Create Order/first_option' is clicked on

2019-06-26 19:12:34 - [MESSAGE][PASSED] - Object: 'Object Repository/Page_cabi Create Order/first_option' is clicked on

2019-06-26 19:12:34 - [TEST_STEP][PASSED] - delay(5): Delayed 5 second(s)

2019-06-26 19:12:39 - [MESSAGE][PASSED] - Delayed 5 second(s)

2019-06-26 19:12:39 - [TEST_STEP][PASSED] - click(findTestObject("Object Repository/Page_cabi Order Items/selectSize")): Object: 'Object Repository/Page_cabi Order Items/selectSize' is clicked on

2019-06-26 19:12:39 - [MESSAGE][PASSED] - Object: 'Object Repository/Page_cabi Order Items/selectSize' is clicked on

2019-06-26 19:12:39 - [TEST_STEP][PASSED] - click(findTestObject("Object Repository/Page_cabi Order Items/span_Add to Cart")): Object: 'Object Repository/Page_cabi Order Items/span_Add to Cart' is clicked on

2019-06-26 19:12:39 - [MESSAGE][PASSED] - Object: 'Object Repository/Page_cabi Order Items/span_Add to Cart' is clicked on

2019-06-26 19:12:39 - [TEST_STEP][PASSED] - delay(5): Delayed 5 second(s)

2019-06-26 19:12:44 - [MESSAGE][PASSED] - Delayed 5 second(s)

2019-06-26 19:12:44 - [TEST_STEP][PASSED] - click(findTestObject("Object Repository/Page_cabi Order Items/span_Continue to Shipping")): Object: 'Object Repository/Page_cabi Order Items/span_Continue to Shipping' is clicked on

2019-06-26 19:12:44 - [MESSAGE][PASSED] - Object: 'Object Repository/Page_cabi Order Items/span_Continue to Shipping' is clicked on

2019-06-26 19:12:44 - [TEST_STEP][PASSED] - delay(3): Delayed 3 second(s)

2019-06-26 19:12:47 - [MESSAGE][PASSED] - Delayed 3 second(s)

2019-06-26 19:12:47 - [TEST_STEP][PASSED] - click(findTestObject("Page_cabi Personal Store/nextButtonShipping")): Object: 'Object Repository/Page_cabi Personal Store/nextButtonShipping' is clicked on

2019-06-26 19:12:47 - [MESSAGE][PASSED] - Object: 'Object Repository/Page_cabi Personal Store/nextButtonShipping' is clicked on

2019-06-26 19:12:47 - [TEST_STEP][PASSED] - delay(3): Delayed 3 second(s)

2019-06-26 19:12:50 - [MESSAGE][PASSED] - Delayed 3 second(s)

2019-06-26 19:12:50 - [TEST_STEP][PASSED] - click(findTestObject("Page_cabi Personal Store/makeFirstPayment")): Object: 'Object Repository/Page_cabi Personal Store/makeFirstPayment' is clicked on

2019-06-26 19:12:50 - [MESSAGE][PASSED] - Object: 'Object Repository/Page_cabi Personal Store/makeFirstPayment' is clicked on

2019-06-26 19:12:50 - [TEST_STEP][PASSED] - click(findTestObject("Object Repository/Page_cabi Personal Store/select_cash")): Object: 'Object Repository/Page_cabi Personal Store/select_cash' is clicked on

2019-06-26 19:12:50 - [MESSAGE][PASSED] - Object: 'Object Repository/Page_cabi Personal Store/select_cash' is clicked on

2019-06-26 19:12:50 - [TEST_STEP][PASSED] - click(findTestObject("Page_cabi Personal Store/submitPayment")): Object: 'Object Repository/Page_cabi Personal Store/submitPayment' is clicked on

2019-06-26 19:12:51 - [MESSAGE][PASSED] - Object: 'Object Repository/Page_cabi Personal Store/submitPayment' is clicked on

2019-06-26 19:12:51 - [TEST_STEP][PASSED] - click(findTestObject("Page_cabi Personal Store/submitOrderId")): Object: 'Object Repository/Page_cabi Personal Store/submitOrderId' is clicked on

2019-06-26 19:12:53 - [MESSAGE][PASSED] - Object: 'Object Repository/Page_cabi Personal Store/submitOrderId' is clicked on

2019-06-26 19:12:53 - [TEST_STEP][PASSED] - successMsg = "": null

2019-06-26 19:12:53 - [TEST_STEP][PASSED] - orderSuccess = false: null

2019-06-26 19:12:53 - [TEST_STEP][PASSED] - successMsgs = findWebElements(findTestObject("Object Repository/Page_cabi Personal Store/p_success_msg"), 5): null

2019-06-26 19:12:54 - [TEST_STEP][PASSED] - if (successMsgs.size() > 0): Text of object 'Object Repository/Page_cabi Personal Store/p_order_id' is: 'RT708033006'

2019-06-26 19:12:54 - [TEST_STEP][PASSED] - successMsg = getText(findTestObject("Object Repository/Page_cabi Personal Store/p_success_msg")): Text of object 'Object Repository/Page_cabi Personal Store/p_success_msg' is: 'Order Created Successfully!!
Order #:  RT708033006

CONTINUE SHOPPING'

2019-06-26 19:12:54 - [MESSAGE][PASSED] - Text of object 'Object Repository/Page_cabi Personal Store/p_success_msg' is: 'Order Created Successfully!!
Order #:  RT708033006

CONTINUE SHOPPING'

2019-06-26 19:12:54 - [TEST_STEP][PASSED] - orderSuccess = true: null

2019-06-26 19:12:54 - [TEST_STEP][PASSED] - addOnOrderId = getText(findTestObject("Object Repository/Page_cabi Personal Store/p_order_id")): Text of object 'Object Repository/Page_cabi Personal Store/p_order_id' is: 'RT708033006'

2019-06-26 19:12:54 - [MESSAGE][PASSED] - Text of object 'Object Repository/Page_cabi Personal Store/p_order_id' is: 'RT708033006'

2019-06-26 19:12:54 - [TEST_STEP][PASSED] - assert orderSuccess == true: null

2019-06-26 19:12:54 - [TEST_STEP][PASSED] - callTestCase(findTestCase("NewArrival/warehouseShipping"), ["orderId":addOnOrderId], STOP_ON_FAILURE): Call Test Case 'Test Cases/NewArrival/warehouseShipping' successfully

2019-06-26 19:12:54 - [TEST_CASE][PASSED] - Test Cases/NewArrival/warehouseShipping: Test Cases/NewArrival/warehouseShipping

2019-06-26 19:12:54 - [TEST_STEP][PASSED] - callTestCase(findTestCase("TestCaseUtilities/cabiWarehouseLogin"), ["CWURL":"", "CWuser":"", "CWpass":""], STOP_ON_FAILURE): Call Test Case 'Test Cases/TestCaseUtilities/cabiWarehouseLogin' successfully

2019-06-26 19:12:54 - [TEST_CASE][PASSED] - Test Cases/TestCaseUtilities/cabiWarehouseLogin: Test Cases/TestCaseUtilities/cabiWarehouseLogin

2019-06-26 19:12:54 - [TEST_STEP][PASSED] - CWURL = findTestData("credData").getValue("CWURL", 1): null

2019-06-26 19:12:54 - [TEST_STEP][PASSED] - CWuser = findTestData("credData").getValue("CWuser", 1): null

2019-06-26 19:12:54 - [TEST_STEP][PASSED] - CWpass = findTestData("credData").getValue("CWpass", 1): null

2019-06-26 19:12:54 - [TEST_STEP][PASSED] - openBrowser(""): Browser is opened with url: ''

2019-06-26 19:12:54 - [MESSAGE][WARNING] - A browser is already opened. Closing browser and opening a new one

2019-06-26 19:12:55 - [MESSAGE][INFO] - Starting 'Chrome' driver

2019-06-26 19:12:55 - [MESSAGE][INFO] - User set preference: ['args', '[--use-fake-ui-for-media-stream, --start-maximized]']

2019-06-26 19:12:57 - [MESSAGE][PASSED] - Browser is opened with url: ''

2019-06-26 19:12:57 - [TEST_STEP][PASSED] - navigateToUrl(CWURL): Navigate to 'https://test14.cliotest.com/warehouse/control/main' successfully

2019-06-26 19:13:03 - [MESSAGE][PASSED] - Navigate to 'https://test14.cliotest.com/warehouse/control/main' successfully

2019-06-26 19:13:03 - [TEST_STEP][PASSED] - logOut = findWebElements(findTestObject("Object Repository/Cabi warehouse/Page_cabi_home/log_out"), 1): Unable to find the element located by 'By.xpath: //li/a[contains(text(), 'Log Out »')]'. Please recheck the objects properties to make sure the desired element is located. 

2019-06-26 19:13:04 - [MESSAGE][INFO] - Unable to find the element located by 'By.xpath: //li/a[contains(text(), 'Log Out »')]'. Please recheck the objects properties to make sure the desired element is located. 

2019-06-26 19:13:04 - [TEST_STEP][PASSED] - if (logOut.size() == 0): Object: 'Object Repository/Cabi warehouse/Page_cabi/input_Password_section-btn btn-stl-pk rFloat' is clicked on

2019-06-26 19:13:04 - [TEST_STEP][PASSED] - setText(findTestObject("Object Repository/Cabi warehouse/Page_cabi/input_Username_USERNAME"), CWuser): Text 'rsuarez' is set on object 'Object Repository/Cabi warehouse/Page_cabi/input_Username_USERNAME'

2019-06-26 19:13:04 - [MESSAGE][PASSED] - Text 'rsuarez' is set on object 'Object Repository/Cabi warehouse/Page_cabi/input_Username_USERNAME'

2019-06-26 19:13:04 - [TEST_STEP][PASSED] - setText(findTestObject("Object Repository/Cabi warehouse/Page_cabi/input_Password_PASSWORD"), CWpass): Text 'blackdress19' is set on object 'Object Repository/Cabi warehouse/Page_cabi/input_Password_PASSWORD'

2019-06-26 19:13:04 - [MESSAGE][PASSED] - Text 'blackdress19' is set on object 'Object Repository/Cabi warehouse/Page_cabi/input_Password_PASSWORD'

2019-06-26 19:13:04 - [TEST_STEP][PASSED] - click(findTestObject("Object Repository/Cabi warehouse/Page_cabi/input_Password_section-btn btn-stl-pk rFloat")): Object: 'Object Repository/Cabi warehouse/Page_cabi/input_Password_section-btn btn-stl-pk rFloat' is clicked on

2019-06-26 19:13:05 - [MESSAGE][PASSED] - Object: 'Object Repository/Cabi warehouse/Page_cabi/input_Password_section-btn btn-stl-pk rFloat' is clicked on

2019-06-26 19:13:05 - [TEST_STEP][PASSED] - delay(3): Delayed 3 second(s)

2019-06-26 19:13:08 - [MESSAGE][PASSED] - Delayed 3 second(s)

2019-06-26 19:13:08 - [MESSAGE][PASSED] - Call Test Case 'Test Cases/TestCaseUtilities/cabiWarehouseLogin' successfully

2019-06-26 19:13:08 - [TEST_STEP][PASSED] - click(findTestObject("Page_cabi Manage PickLists/a_Create PickLists")): Object: 'Object Repository/Page_cabi Manage PickLists/a_Create PickLists' is clicked on

2019-06-26 19:13:10 - [MESSAGE][PASSED] - Object: 'Object Repository/Page_cabi Manage PickLists/a_Create PickLists' is clicked on

2019-06-26 19:13:10 - [TEST_STEP][PASSED] - click(findTestObject("Object Repository/findOrders/Page_cabi Find Orders/Page_cabi SampleLine Shipment Screen/a_Single Order")): Object: 'Object Repository/findOrders/Page_cabi Find Orders/Page_cabi SampleLine Shipment Screen/a_Single Order' is clicked on

2019-06-26 19:13:10 - [MESSAGE][PASSED] - Object: 'Object Repository/findOrders/Page_cabi Find Orders/Page_cabi SampleLine Shipment Screen/a_Single Order' is clicked on

2019-06-26 19:13:10 - [TEST_STEP][PASSED] - setText(findTestObject("Page_cabi Create Single Order PickList/input_Order Id_orderId"), orderId): Text 'RT708033006' is set on object 'Object Repository/Page_cabi Create Single Order PickList/input_Order Id_orderId'

2019-06-26 19:13:11 - [MESSAGE][PASSED] - Text 'RT708033006' is set on object 'Object Repository/Page_cabi Create Single Order PickList/input_Order Id_orderId'

2019-06-26 19:13:11 - [TEST_STEP][PASSED] - click(findTestObject("Page_cabi Create Single Order PickList/input_Create even if fully backordered_submitButton")): Object: 'Object Repository/Page_cabi Create Single Order PickList/input_Create even if fully backordered_submitButton' is clicked on

2019-06-26 19:13:12 - [MESSAGE][PASSED] - Object: 'Object Repository/Page_cabi Create Single Order PickList/input_Create even if fully backordered_submitButton' is clicked on

2019-06-26 19:13:12 - [TEST_STEP][PASSED] - pickListCreated = findWebElements(findTestObject("Cabi warehouse/picklistCreatedMessage"), 5): null

2019-06-26 19:13:12 - [TEST_STEP][PASSED] - if (pickListCreated.size() == 0): null

2019-06-26 19:13:12 - [TEST_STEP][PASSED] - picklistCreatedMessage = UtilityMethods.concat("Picklist for order: [", orderId, "] has been created successfully."): null

2019-06-26 19:13:12 - [TEST_STEP][PASSED] - verifyElementText(findTestObject("Cabi warehouse/picklistCreatedMessage"), picklistCreatedMessage): Actual text and expected text of test object 'Object Repository/Cabi warehouse/picklistCreatedMessage' are matched.

2019-06-26 19:13:12 - [MESSAGE][PASSED] - Actual text and expected text of test object 'Object Repository/Cabi warehouse/picklistCreatedMessage' are matched.

2019-06-26 19:13:12 - [TEST_STEP][PASSED] - click(findTestObject("Page_cabi Create Single Order PickList/a_Manage PickLists")): Object: 'Object Repository/Page_cabi Create Single Order PickList/a_Manage PickLists' is clicked on

2019-06-26 19:13:13 - [MESSAGE][PASSED] - Object: 'Object Repository/Page_cabi Create Single Order PickList/a_Manage PickLists' is clicked on

2019-06-26 19:13:13 - [TEST_STEP][PASSED] - setText(findTestObject("Page_cabi Manage PickLists/input_Order _orderId"), orderId): Text 'RT708033006' is set on object 'Object Repository/Page_cabi Manage PickLists/input_Order _orderId'

2019-06-26 19:13:13 - [MESSAGE][PASSED] - Text 'RT708033006' is set on object 'Object Repository/Page_cabi Manage PickLists/input_Order _orderId'

2019-06-26 19:13:13 - [TEST_STEP][PASSED] - click(findTestObject("Page_cabi Manage PickLists/input")): Object: 'Object Repository/Page_cabi Manage PickLists/input' is clicked on

2019-06-26 19:13:14 - [MESSAGE][PASSED] - Object: 'Object Repository/Page_cabi Manage PickLists/input' is clicked on

2019-06-26 19:13:14 - [TEST_STEP][PASSED] - delay(3): Delayed 3 second(s)

2019-06-26 19:13:17 - [MESSAGE][PASSED] - Delayed 3 second(s)

2019-06-26 19:13:17 - [TEST_STEP][PASSED] - click(findTestObject("Page_cabi Manage PickLists/td_104238610")): Object: 'Object Repository/Page_cabi Manage PickLists/td_104238610' is clicked on

2019-06-26 19:13:17 - [MESSAGE][PASSED] - Object: 'Object Repository/Page_cabi Manage PickLists/td_104238610' is clicked on

2019-06-26 19:13:17 - [TEST_STEP][PASSED] - picklistId = getText(findTestObject("Page_cabi Manage PickLists/td_104238610")): Text of object 'Object Repository/Page_cabi Manage PickLists/td_104238610' is: '104300516'

2019-06-26 19:13:17 - [MESSAGE][PASSED] - Text of object 'Object Repository/Page_cabi Manage PickLists/td_104238610' is: '104300516'

2019-06-26 19:13:17 - [TEST_STEP][PASSED] - click(findTestObject("Page_cabi Manage PickLists/a_Packing")): Object: 'Object Repository/Page_cabi Manage PickLists/a_Packing' is clicked on

2019-06-26 19:13:18 - [MESSAGE][PASSED] - Object: 'Object Repository/Page_cabi Manage PickLists/a_Packing' is clicked on

2019-06-26 19:13:18 - [TEST_STEP][PASSED] - setText(findTestObject("Page_cabi Pack Init/input_Pack Station_packStationId"), "30"): Text '30' is set on object 'Object Repository/Page_cabi Pack Init/input_Pack Station_packStationId'

2019-06-26 19:13:18 - [MESSAGE][PASSED] - Text '30' is set on object 'Object Repository/Page_cabi Pack Init/input_Pack Station_packStationId'

2019-06-26 19:13:18 - [TEST_STEP][PASSED] - click(findTestObject("Page_cabi Pack Init/input_Pack Station_submitButton")): Object: 'Object Repository/Page_cabi Pack Init/input_Pack Station_submitButton' is clicked on

2019-06-26 19:13:19 - [MESSAGE][PASSED] - Object: 'Object Repository/Page_cabi Pack Init/input_Pack Station_submitButton' is clicked on

2019-06-26 19:13:19 - [TEST_STEP][PASSED] - setText(findTestObject("Page_cabi Pack Init/input_Picklist ID_pickId"), picklistId): Text '104300516' is set on object 'Object Repository/Page_cabi Pack Init/input_Picklist ID_pickId'

2019-06-26 19:13:19 - [MESSAGE][PASSED] - Text '104300516' is set on object 'Object Repository/Page_cabi Pack Init/input_Picklist ID_pickId'

2019-06-26 19:13:19 - [TEST_STEP][PASSED] - click(findTestObject("Page_cabi Pack Init/input_Picklist ID_submitButton")): Object: 'Object Repository/Page_cabi Pack Init/input_Picklist ID_submitButton' is clicked on

2019-06-26 19:13:20 - [MESSAGE][PASSED] - Object: 'Object Repository/Page_cabi Pack Init/input_Picklist ID_submitButton' is clicked on

2019-06-26 19:13:20 - [TEST_STEP][PASSED] - click(findTestObject("Page_cabi General Pack/input_Cream Of Wheat_button addItemForVerification")): Object: 'Object Repository/Page_cabi General Pack/input_Cream Of Wheat_button addItemForVerification' is clicked on

2019-06-26 19:13:21 - [MESSAGE][PASSED] - Object: 'Object Repository/Page_cabi General Pack/input_Cream Of Wheat_button addItemForVerification' is clicked on

2019-06-26 19:13:21 - [TEST_STEP][PASSED] - click(findTestObject("Page_cabi General Pack/input_Pack Station  30_shipConfirmBtn")): Object: 'Object Repository/Page_cabi General Pack/input_Pack Station  30_shipConfirmBtn' is clicked on

2019-06-26 19:13:24 - [MESSAGE][PASSED] - Object: 'Object Repository/Page_cabi General Pack/input_Pack Station  30_shipConfirmBtn' is clicked on

2019-06-26 19:13:24 - [TEST_STEP][PASSED] - delay(3): Delayed 3 second(s)

2019-06-26 19:13:27 - [MESSAGE][PASSED] - Delayed 3 second(s)

2019-06-26 19:13:27 - [TEST_STEP][PASSED] - itemsNotpacked = findWebElements(findTestObject("Cabi warehouse/itemsNotPacked"), 5): Unable to find the element located by 'By.xpath: //*[@id="content-messages"]/p[1]'. Please recheck the objects properties to make sure the desired element is located. 

2019-06-26 19:13:32 - [MESSAGE][INFO] - Unable to find the element located by 'By.xpath: //*[@id="content-messages"]/p[1]'. Please recheck the objects properties to make sure the desired element is located. 

2019-06-26 19:13:32 - [TEST_STEP][PASSED] - if (itemsNotpacked.size() > 0): null

2019-06-26 19:13:32 - [TEST_STEP][PASSED] - click(findTestObject("Cabi warehouse/warehouseLogout")): Object: 'Object Repository/Cabi warehouse/warehouseLogout' is clicked on

2019-06-26 19:13:35 - [MESSAGE][PASSED] - Object: 'Object Repository/Cabi warehouse/warehouseLogout' is clicked on

2019-06-26 19:13:35 - [MESSAGE][PASSED] - Call Test Case 'Test Cases/NewArrival/warehouseShipping' successfully

2019-06-26 19:13:35 - [TEST_STEP][PASSED] - callTestCase(findTestCase("TestCaseUtilities/backOfficeLogin"), ["BOURL":"", "BOuser":"", "BOpass":""], STOP_ON_FAILURE): Call Test Case 'Test Cases/TestCaseUtilities/backOfficeLogin' successfully

2019-06-26 19:13:35 - [TEST_CASE][PASSED] - Test Cases/TestCaseUtilities/backOfficeLogin: Test Cases/TestCaseUtilities/backOfficeLogin

2019-06-26 19:13:35 - [TEST_STEP][PASSED] - BOURL = findTestData("credData").getValue("BOURL", 1): null

2019-06-26 19:13:35 - [TEST_STEP][PASSED] - BOuser = findTestData("credData").getValue("BOuser", 1): null

2019-06-26 19:13:35 - [TEST_STEP][PASSED] - BOpass = findTestData("credData").getValue("BOpass", 1): null

2019-06-26 19:13:35 - [TEST_STEP][PASSED] - navigateToUrl(BOURL): Navigate to 'https://test14.cliotest.com/backoffice/control/main' successfully

2019-06-26 19:13:40 - [MESSAGE][PASSED] - Navigate to 'https://test14.cliotest.com/backoffice/control/main' successfully

2019-06-26 19:13:40 - [TEST_STEP][PASSED] - logOut = findWebElements(findTestObject("Object Repository/Page_cabi Home/log_out"), 1): Unable to find the element located by 'By.xpath: //a[contains(text(),'Log Out')]'. Please recheck the objects properties to make sure the desired element is located. 

2019-06-26 19:13:41 - [MESSAGE][INFO] - Unable to find the element located by 'By.xpath: //a[contains(text(),'Log Out')]'. Please recheck the objects properties to make sure the desired element is located. 

2019-06-26 19:13:41 - [TEST_STEP][PASSED] - if (logOut.size() == 0): Object: 'Object Repository/Page_cabi/input_Welcome to_consultantLogin' is clicked on

2019-06-26 19:13:41 - [TEST_STEP][PASSED] - setText(findTestObject("Page_cabi/input_Welcome to_USERNAME"), BOuser): Text '400000002' is set on object 'Object Repository/Page_cabi/input_Welcome to_USERNAME'

2019-06-26 19:13:42 - [MESSAGE][PASSED] - Text '400000002' is set on object 'Object Repository/Page_cabi/input_Welcome to_USERNAME'

2019-06-26 19:13:42 - [TEST_STEP][PASSED] - setText(findTestObject("Object Repository/Page_cabi/input_Welcome to_PASSWORD"), BOpass): Text 'blackdress19' is set on object 'Object Repository/Page_cabi/input_Welcome to_PASSWORD'

2019-06-26 19:13:42 - [MESSAGE][PASSED] - Text 'blackdress19' is set on object 'Object Repository/Page_cabi/input_Welcome to_PASSWORD'

2019-06-26 19:13:42 - [TEST_STEP][PASSED] - click(findTestObject("Object Repository/Page_cabi/input_Welcome to_consultantLogin")): Object: 'Object Repository/Page_cabi/input_Welcome to_consultantLogin' is clicked on

2019-06-26 19:13:49 - [MESSAGE][PASSED] - Object: 'Object Repository/Page_cabi/input_Welcome to_consultantLogin' is clicked on

2019-06-26 19:13:49 - [TEST_STEP][PASSED] - delay(3): Delayed 3 second(s)

2019-06-26 19:13:52 - [MESSAGE][PASSED] - Delayed 3 second(s)

2019-06-26 19:13:52 - [MESSAGE][PASSED] - Call Test Case 'Test Cases/TestCaseUtilities/backOfficeLogin' successfully

2019-06-26 19:13:52 - [TEST_STEP][PASSED] - click(findTestObject("Object Repository/findOrders/Page_cabi Find Orders/Page_cabi Home/a_Shows  Orders")): Object: 'Object Repository/findOrders/Page_cabi Find Orders/Page_cabi Home/a_Shows  Orders' is clicked on

2019-06-26 19:13:53 - [MESSAGE][PASSED] - Object: 'Object Repository/findOrders/Page_cabi Find Orders/Page_cabi Home/a_Shows  Orders' is clicked on

2019-06-26 19:13:53 - [TEST_STEP][PASSED] - click(findTestObject("Object Repository/findOrders/Page_cabi Find Orders/Page_cabi Home/a_Orders")): Object: 'Object Repository/findOrders/Page_cabi Find Orders/Page_cabi Home/a_Orders' is clicked on

2019-06-26 19:13:55 - [MESSAGE][PASSED] - Object: 'Object Repository/findOrders/Page_cabi Find Orders/Page_cabi Home/a_Orders' is clicked on

2019-06-26 19:13:55 - [TEST_STEP][PASSED] - click(findTestObject("Object Repository/findOrders/Page_cabi Find Orders/Page_cabi Find Orders/b")): Object: 'Object Repository/findOrders/Page_cabi Find Orders/Page_cabi Find Orders/b' is clicked on

2019-06-26 19:13:55 - [MESSAGE][PASSED] - Object: 'Object Repository/findOrders/Page_cabi Find Orders/Page_cabi Find Orders/b' is clicked on

2019-06-26 19:13:55 - [TEST_STEP][PASSED] - delay(3): Delayed 3 second(s)

2019-06-26 19:13:58 - [MESSAGE][PASSED] - Delayed 3 second(s)

2019-06-26 19:13:58 - [TEST_STEP][PASSED] - click(findTestObject("findOrders/Page_cabi Find Orders/orderNo")): Object: 'Object Repository/findOrders/Page_cabi Find Orders/orderNo' is clicked on

2019-06-26 19:13:58 - [MESSAGE][PASSED] - Object: 'Object Repository/findOrders/Page_cabi Find Orders/orderNo' is clicked on

2019-06-26 19:13:58 - [TEST_STEP][PASSED] - delay(3): Delayed 3 second(s)

2019-06-26 19:14:01 - [MESSAGE][PASSED] - Delayed 3 second(s)

2019-06-26 19:14:01 - [TEST_STEP][PASSED] - click(findTestObject("Object Repository/findOrders/Page_cabi Find Orders/Page_cabi Find Orders/pendingShipment")): Object: 'Object Repository/findOrders/Page_cabi Find Orders/Page_cabi Find Orders/pendingShipment' is clicked on

2019-06-26 19:14:01 - [MESSAGE][PASSED] - Object: 'Object Repository/findOrders/Page_cabi Find Orders/Page_cabi Find Orders/pendingShipment' is clicked on

2019-06-26 19:14:01 - [TEST_STEP][PASSED] - click(findTestObject("Object Repository/findOrders/Page_cabi Find Orders/Page_cabi Find Orders/inputShipped")): Object: 'Object Repository/findOrders/Page_cabi Find Orders/Page_cabi Find Orders/inputShipped' is clicked on

2019-06-26 19:14:01 - [MESSAGE][PASSED] - Object: 'Object Repository/findOrders/Page_cabi Find Orders/Page_cabi Find Orders/inputShipped' is clicked on

2019-06-26 19:14:01 - [TEST_STEP][PASSED] - setText(findTestObject("Object Repository/findOrders/Page_cabi Find Orders/Page_cabi Find Orders/inputOrderId"), addOnOrderId): Text 'RT708033006' is set on object 'Object Repository/findOrders/Page_cabi Find Orders/Page_cabi Find Orders/inputOrderId'

2019-06-26 19:14:02 - [MESSAGE][PASSED] - Text 'RT708033006' is set on object 'Object Repository/findOrders/Page_cabi Find Orders/Page_cabi Find Orders/inputOrderId'

2019-06-26 19:14:02 - [TEST_STEP][PASSED] - click(findTestObject("Object Repository/findOrders/Page_cabi Find Orders/Page_cabi Find Orders/findOrders")): Object: 'Object Repository/findOrders/Page_cabi Find Orders/Page_cabi Find Orders/findOrders' is clicked on

2019-06-26 19:14:02 - [MESSAGE][PASSED] - Object: 'Object Repository/findOrders/Page_cabi Find Orders/Page_cabi Find Orders/findOrders' is clicked on

2019-06-26 19:14:02 - [TEST_STEP][PASSED] - click(findTestObject("findOrders/Page_cabi Find Orders/orderView")): Object: 'Object Repository/findOrders/Page_cabi Find Orders/orderView' is clicked on

2019-06-26 19:14:05 - [MESSAGE][PASSED] - Object: 'Object Repository/findOrders/Page_cabi Find Orders/orderView' is clicked on

2019-06-26 19:14:05 - [TEST_STEP][PASSED] - delay(3): Delayed 3 second(s)

2019-06-26 19:14:08 - [MESSAGE][PASSED] - Delayed 3 second(s)

2019-06-26 19:14:08 - [TEST_STEP][PASSED] - refresh(): Refresh successfully

2019-06-26 19:14:08 - [MESSAGE][PASSED] - Refresh successfully

2019-06-26 19:14:08 - [TEST_STEP][PASSED] - delay(3): Delayed 3 second(s)

2019-06-26 19:14:11 - [MESSAGE][PASSED] - Delayed 3 second(s)

2019-06-26 19:14:11 - [TEST_STEP][PASSED] - refresh(): Refresh successfully

2019-06-26 19:14:11 - [MESSAGE][PASSED] - Refresh successfully

2019-06-26 19:14:11 - [TEST_STEP][PASSED] - delay(10): Delayed 10 second(s)

2019-06-26 19:14:21 - [MESSAGE][PASSED] - Delayed 10 second(s)

2019-06-26 19:14:21 - [TEST_STEP][PASSED] - refresh(): Refresh successfully

2019-06-26 19:14:21 - [MESSAGE][PASSED] - Refresh successfully

2019-06-26 19:14:21 - [TEST_STEP][PASSED] - delay(3): Delayed 3 second(s)

2019-06-26 19:14:24 - [MESSAGE][PASSED] - Delayed 3 second(s)

2019-06-26 19:14:24 - [TEST_STEP][PASSED] - click(findTestObject("Object Repository/findOrders/Page_cabi Find Orders/Page_cabi Order View/a_(Return Order)")): Object: 'Object Repository/findOrders/Page_cabi Find Orders/Page_cabi Order View/a_(Return Order)' is clicked on

2019-06-26 19:14:28 - [MESSAGE][PASSED] - Object: 'Object Repository/findOrders/Page_cabi Find Orders/Page_cabi Order View/a_(Return Order)' is clicked on

2019-06-26 19:14:28 - [TEST_STEP][PASSED] - delay(3): Delayed 3 second(s)

2019-06-26 19:14:31 - [MESSAGE][PASSED] - Delayed 3 second(s)

2019-06-26 19:14:31 - [TEST_STEP][PASSED] - selectOptionByValue(findTestObject("Object Repository/findOrders/Page_cabi Find Orders/Page_cabi Stylist Create RMA/selectReason1"), "CABI_c", true): All options with value 'CABI_c' are selected in object 'Object Repository/findOrders/Page_cabi Find Orders/Page_cabi Stylist Create RMA/selectReason1'  using regular expression

2019-06-26 19:14:31 - [MESSAGE][PASSED] - All options with value 'CABI_c' are selected in object 'Object Repository/findOrders/Page_cabi Find Orders/Page_cabi Stylist Create RMA/selectReason1'  using regular expression

2019-06-26 19:14:31 - [TEST_STEP][PASSED] - selectOptionByValue(findTestObject("Object Repository/findOrders/Page_cabi Find Orders/Page_cabi Stylist Create RMA/selectReason2"), "CABI_c_a", true): All options with value 'CABI_c_a' are selected in object 'Object Repository/findOrders/Page_cabi Find Orders/Page_cabi Stylist Create RMA/selectReason2'  using regular expression

2019-06-26 19:14:32 - [MESSAGE][PASSED] - All options with value 'CABI_c_a' are selected in object 'Object Repository/findOrders/Page_cabi Find Orders/Page_cabi Stylist Create RMA/selectReason2'  using regular expression

2019-06-26 19:14:32 - [TEST_STEP][PASSED] - click(findTestObject("Object Repository/findOrders/Page_cabi Find Orders/Page_cabi Stylist Create RMA/inputRefund")): Object: 'Object Repository/findOrders/Page_cabi Find Orders/Page_cabi Stylist Create RMA/inputRefund' is clicked on

2019-06-26 19:14:32 - [MESSAGE][PASSED] - Object: 'Object Repository/findOrders/Page_cabi Find Orders/Page_cabi Stylist Create RMA/inputRefund' is clicked on

2019-06-26 19:14:32 - [TEST_STEP][PASSED] - click(findTestObject("Object Repository/findOrders/Page_cabi Find Orders/Page_cabi Stylist Create RMA/a_Next")): Object: 'Object Repository/findOrders/Page_cabi Find Orders/Page_cabi Stylist Create RMA/a_Next' is clicked on

2019-06-26 19:14:32 - [MESSAGE][PASSED] - Object: 'Object Repository/findOrders/Page_cabi Find Orders/Page_cabi Stylist Create RMA/a_Next' is clicked on

2019-06-26 19:14:32 - [TEST_STEP][PASSED] - click(findTestObject("Object Repository/findOrders/Page_cabi Find Orders/Page_cabi Stylist Create RMA/a_edit_address")): Object: 'Object Repository/findOrders/Page_cabi Find Orders/Page_cabi Stylist Create RMA/a_edit_address' is clicked on

2019-06-26 19:14:34 - [MESSAGE][PASSED] - Object: 'Object Repository/findOrders/Page_cabi Find Orders/Page_cabi Stylist Create RMA/a_edit_address' is clicked on

2019-06-26 19:14:34 - [TEST_STEP][PASSED] - click(findTestObject("Object Repository/findOrders/Page_cabi Find Orders/Page_cabi Stylist Create RMA/select_address")): Object: 'Object Repository/findOrders/Page_cabi Find Orders/Page_cabi Stylist Create RMA/select_address' is clicked on

2019-06-26 19:14:34 - [MESSAGE][PASSED] - Object: 'Object Repository/findOrders/Page_cabi Find Orders/Page_cabi Stylist Create RMA/select_address' is clicked on

2019-06-26 19:14:34 - [TEST_STEP][PASSED] - delay(3): Delayed 3 second(s)

2019-06-26 19:14:37 - [MESSAGE][PASSED] - Delayed 3 second(s)

2019-06-26 19:14:37 - [TEST_STEP][PASSED] - click(findTestObject("Object Repository/findOrders/Page_cabi Find Orders/Page_cabi Stylist Create RMA/inputPostalService")): Object: 'Object Repository/findOrders/Page_cabi Find Orders/Page_cabi Stylist Create RMA/inputPostalService' is clicked on

2019-06-26 19:14:37 - [MESSAGE][PASSED] - Object: 'Object Repository/findOrders/Page_cabi Find Orders/Page_cabi Stylist Create RMA/inputPostalService' is clicked on

2019-06-26 19:14:37 - [TEST_STEP][PASSED] - delay(3): Delayed 3 second(s)

2019-06-26 19:14:40 - [MESSAGE][PASSED] - Delayed 3 second(s)

2019-06-26 19:14:40 - [TEST_STEP][PASSED] - click(findTestObject("Object Repository/findOrders/Page_cabi Find Orders/Page_cabi Stylist Create RMA/inputConfirmAdderess")): Object: 'Object Repository/findOrders/Page_cabi Find Orders/Page_cabi Stylist Create RMA/inputConfirmAdderess' is clicked on

2019-06-26 19:14:40 - [MESSAGE][PASSED] - Object: 'Object Repository/findOrders/Page_cabi Find Orders/Page_cabi Stylist Create RMA/inputConfirmAdderess' is clicked on

2019-06-26 19:14:40 - [TEST_STEP][PASSED] - click(findTestObject("Object Repository/findOrders/Page_cabi Find Orders/Page_cabi Stylist Create RMA/a_Next_1")): Object: 'Object Repository/findOrders/Page_cabi Find Orders/Page_cabi Stylist Create RMA/a_Next_1' is clicked on

2019-06-26 19:14:40 - [MESSAGE][PASSED] - Object: 'Object Repository/findOrders/Page_cabi Find Orders/Page_cabi Stylist Create RMA/a_Next_1' is clicked on

2019-06-26 19:14:40 - [TEST_STEP][PASSED] - delay(5): Delayed 5 second(s)

2019-06-26 19:14:45 - [MESSAGE][PASSED] - Delayed 5 second(s)

2019-06-26 19:14:45 - [TEST_STEP][PASSED] - confirmAddress = findWebElements(findTestObject("Object Repository/findOrders/Page_cabi Find Orders/Page_cabi Stylist Create RMA/inputConfirmAdderess"), 1): Unable to find the element located by 'By.xpath: //input[@id='addressConfirm']'. Please recheck the objects properties to make sure the desired element is located. 

2019-06-26 19:14:46 - [MESSAGE][INFO] - Unable to find the element located by 'By.xpath: //input[@id='addressConfirm']'. Please recheck the objects properties to make sure the desired element is located. 

2019-06-26 19:14:46 - [TEST_STEP][PASSED] - if (confirmAddress.size() != 0): null

2019-06-26 19:14:46 - [TEST_STEP][PASSED] - click(findTestObject("Object Repository/findOrders/Page_cabi Find Orders/Page_cabi Stylist Create RMA/a_Submit RMA")): Object: 'Object Repository/findOrders/Page_cabi Find Orders/Page_cabi Stylist Create RMA/a_Submit RMA' is clicked on

2019-06-26 19:14:47 - [MESSAGE][PASSED] - Object: 'Object Repository/findOrders/Page_cabi Find Orders/Page_cabi Stylist Create RMA/a_Submit RMA' is clicked on

2019-06-26 19:14:47 - [TEST_STEP][PASSED] - click(findTestObject("Object Repository/findOrders/Page_cabi Find Orders/Page_cabi Stylist Create RMA/addonOrder")): Object: 'Object Repository/findOrders/Page_cabi Find Orders/Page_cabi Stylist Create RMA/addonOrder' is clicked on

2019-06-26 19:14:52 - [MESSAGE][PASSED] - Object: 'Object Repository/findOrders/Page_cabi Find Orders/Page_cabi Stylist Create RMA/addonOrder' is clicked on

2019-06-26 19:14:52 - [TEST_STEP][PASSED] - delay(3): Delayed 3 second(s)

2019-06-26 19:14:55 - [MESSAGE][PASSED] - Delayed 3 second(s)

2019-06-26 19:14:55 - [TEST_STEP][PASSED] - click(findTestObject("Object Repository/Page_cabi Retail Store/span_next")): Object: 'Object Repository/Page_cabi Retail Store/span_next' is clicked on

2019-06-26 19:14:55 - [MESSAGE][PASSED] - Object: 'Object Repository/Page_cabi Retail Store/span_next' is clicked on

2019-06-26 19:14:55 - [TEST_STEP][PASSED] - delay(2): Delayed 2 second(s)

2019-06-26 19:14:57 - [MESSAGE][PASSED] - Delayed 2 second(s)

2019-06-26 19:14:57 - [TEST_STEP][PASSED] - callTestCase(findTestCase("NewArrival/productVerifyShort"), ["available":BOAddonRetail], STOP_ON_FAILURE): Call Test Case 'Test Cases/NewArrival/productVerifyShort' successfully

2019-06-26 19:14:57 - [TEST_CASE][PASSED] - Test Cases/NewArrival/productVerifyShort: Test Cases/NewArrival/productVerifyShort

2019-06-26 19:14:57 - [TEST_STEP][PASSED] - for ([row = 1, row <= findTestData("productData").getRowNumbers(), (row++)]): null

2019-06-26 19:14:57 - [TEST_STEP][PASSED] - delay(2): Delayed 2 second(s)

2019-06-26 19:14:59 - [MESSAGE][PASSED] - Delayed 2 second(s)

2019-06-26 19:14:59 - [TEST_STEP][PASSED] - setText(findTestObject("Object Repository/Page_cabi Create Order/input_Manual Discount_stylelookup_0"), findTestData("productData").getValue("Style", row)): Text '5618' is set on object 'Object Repository/Page_cabi Create Order/input_Manual Discount_stylelookup_0'

2019-06-26 19:14:59 - [MESSAGE][PASSED] - Text '5618' is set on object 'Object Repository/Page_cabi Create Order/input_Manual Discount_stylelookup_0'

2019-06-26 19:14:59 - [TEST_STEP][PASSED] - delay(2): Delayed 2 second(s)

2019-06-26 19:15:01 - [MESSAGE][PASSED] - Delayed 2 second(s)

2019-06-26 19:15:01 - [TEST_STEP][PASSED] - prod_message = getText(findTestObject("Page_cabi Create Order/first_option")): Text of object 'Object Repository/Page_cabi Create Order/first_option' is: 'No matching result found'

2019-06-26 19:15:01 - [MESSAGE][PASSED] - Text of object 'Object Repository/Page_cabi Create Order/first_option' is: 'No matching result found'

2019-06-26 19:15:01 - [TEST_STEP][PASSED] - delay(1): Delayed 1 second(s)

2019-06-26 19:15:02 - [MESSAGE][PASSED] - Delayed 1 second(s)

2019-06-26 19:15:02 - [TEST_STEP][PASSED] - click(findTestObject("Page_cabi Create Order/first_option")): Object: 'Object Repository/Page_cabi Create Order/first_option' is clicked on

2019-06-26 19:15:02 - [MESSAGE][PASSED] - Object: 'Object Repository/Page_cabi Create Order/first_option' is clicked on

2019-06-26 19:15:02 - [TEST_STEP][PASSED] - if (toString().equalsIgnoreCase("no")): null

2019-06-26 19:15:02 - [TEST_STEP][PASSED] - assert prod_message.equalsIgnoreCase("No matching result found"): null

2019-06-26 19:15:02 - [MESSAGE][PASSED] - Call Test Case 'Test Cases/NewArrival/productVerifyShort' successfully

2019-06-26 19:15:02 - [MESSAGE][PASSED] - Call Test Case 'Test Cases/NewArrival/addOnOrderRetail' successfully

2019-06-26 19:15:02 - [TEST_STEP][PASSED] - callTestCase(findTestCase("TestCaseUtilities/cabiCentralLogin"), [:], STOP_ON_FAILURE): Call Test Case 'Test Cases/TestCaseUtilities/cabiCentralLogin' successfully

2019-06-26 19:15:02 - [TEST_CASE][PASSED] - Test Cases/TestCaseUtilities/cabiCentralLogin: Test Cases/TestCaseUtilities/cabiCentralLogin

2019-06-26 19:15:02 - [TEST_STEP][PASSED] - CCURL = findTestData("credData").getValue("CCURL", 1): null

2019-06-26 19:15:02 - [TEST_STEP][PASSED] - CCuser = findTestData("credData").getValue("CCuser", 1): null

2019-06-26 19:15:02 - [TEST_STEP][PASSED] - CCpass = findTestData("credData").getValue("CCpass", 1): null

2019-06-26 19:15:02 - [TEST_STEP][PASSED] - openBrowser(""): Browser is opened with url: ''

2019-06-26 19:15:02 - [MESSAGE][WARNING] - A browser is already opened. Closing browser and opening a new one

2019-06-26 19:15:03 - [MESSAGE][INFO] - Starting 'Chrome' driver

2019-06-26 19:15:03 - [MESSAGE][INFO] - User set preference: ['args', '[--use-fake-ui-for-media-stream, --start-maximized]']

2019-06-26 19:15:05 - [MESSAGE][PASSED] - Browser is opened with url: ''

2019-06-26 19:15:05 - [TEST_STEP][PASSED] - navigateToUrl(CCURL): Navigate to 'https://test14.cliotest.com/cabicentral/control/main' successfully

2019-06-26 19:15:12 - [MESSAGE][PASSED] - Navigate to 'https://test14.cliotest.com/cabicentral/control/main' successfully

2019-06-26 19:15:12 - [TEST_STEP][PASSED] - maximizeWindow(): Current window maximized

2019-06-26 19:15:13 - [MESSAGE][PASSED] - Current window maximized

2019-06-26 19:15:13 - [TEST_STEP][PASSED] - logOut = findWebElements(findTestObject("Object Repository/Page_cabi Home/log_out"), 1): Unable to find the element located by 'By.xpath: //a[contains(text(),'Log Out')]'. Please recheck the objects properties to make sure the desired element is located. 

2019-06-26 19:15:14 - [MESSAGE][INFO] - Unable to find the element located by 'By.xpath: //a[contains(text(),'Log Out')]'. Please recheck the objects properties to make sure the desired element is located. 

2019-06-26 19:15:14 - [TEST_STEP][PASSED] - if (logOut.size() == 0): Object: 'Object Repository/Page_cabi/input_Password_section-btn btn-stl-pk rFloat' is clicked on

2019-06-26 19:15:14 - [TEST_STEP][PASSED] - setText(findTestObject("Object Repository/Page_cabi/input_Username_USERNAME"), CCuser): Text 'ehudson' is set on object 'Object Repository/Page_cabi/input_Username_USERNAME'

2019-06-26 19:15:14 - [MESSAGE][PASSED] - Text 'ehudson' is set on object 'Object Repository/Page_cabi/input_Username_USERNAME'

2019-06-26 19:15:14 - [TEST_STEP][PASSED] - setText(findTestObject("Object Repository/Page_cabi/input_Password_PASSWORD"), CCpass): Text 'blackdress19' is set on object 'Object Repository/Page_cabi/input_Password_PASSWORD'

2019-06-26 19:15:15 - [MESSAGE][PASSED] - Text 'blackdress19' is set on object 'Object Repository/Page_cabi/input_Password_PASSWORD'

2019-06-26 19:15:15 - [TEST_STEP][PASSED] - delay(1): Delayed 1 second(s)

2019-06-26 19:15:16 - [MESSAGE][PASSED] - Delayed 1 second(s)

2019-06-26 19:15:16 - [TEST_STEP][PASSED] - click(findTestObject("Object Repository/Page_cabi/input_Password_section-btn btn-stl-pk rFloat")): Object: 'Object Repository/Page_cabi/input_Password_section-btn btn-stl-pk rFloat' is clicked on

2019-06-26 19:15:19 - [MESSAGE][PASSED] - Object: 'Object Repository/Page_cabi/input_Password_section-btn btn-stl-pk rFloat' is clicked on

2019-06-26 19:15:19 - [TEST_STEP][PASSED] - delay(3): Delayed 3 second(s)

2019-06-26 19:15:22 - [MESSAGE][PASSED] - Delayed 3 second(s)

2019-06-26 19:15:22 - [MESSAGE][PASSED] - Call Test Case 'Test Cases/TestCaseUtilities/cabiCentralLogin' successfully

2019-06-26 19:15:22 - [TEST_STEP][PASSED] - delay(3): Delayed 3 second(s)

2019-06-26 19:15:25 - [MESSAGE][PASSED] - Delayed 3 second(s)

2019-06-26 19:15:25 - [TEST_STEP][PASSED] - click(findTestObject("Page_cabi cabiCentral Tasks/a_ORDERS")): Object: 'Object Repository/Page_cabi cabiCentral Tasks/a_ORDERS' is clicked on

2019-06-26 19:15:27 - [MESSAGE][PASSED] - Object: 'Object Repository/Page_cabi cabiCentral Tasks/a_ORDERS' is clicked on

2019-06-26 19:15:27 - [TEST_STEP][PASSED] - delay(3): Delayed 3 second(s)

2019-06-26 19:15:30 - [MESSAGE][PASSED] - Delayed 3 second(s)

2019-06-26 19:15:30 - [TEST_STEP][PASSED] - click(findTestObject("Page_cabi Find Order/a_Create Order")): Object: 'Object Repository/Page_cabi Find Order/a_Create Order' is clicked on

2019-06-26 19:15:31 - [MESSAGE][PASSED] - Object: 'Object Repository/Page_cabi Find Order/a_Create Order' is clicked on

2019-06-26 19:15:31 - [TEST_STEP][PASSED] - selectOptionByValue(findTestObject("Page_cabi Create Order/select_order_type"), "PERSONAL", true): All options with value 'PERSONAL' are selected in object 'Object Repository/Page_cabi Create Order/select_order_type'  using regular expression

2019-06-26 19:15:32 - [MESSAGE][PASSED] - All options with value 'PERSONAL' are selected in object 'Object Repository/Page_cabi Create Order/select_order_type'  using regular expression

2019-06-26 19:15:32 - [TEST_STEP][PASSED] - click(findTestObject("Page_cabi Create Order/input_select_order_type")): Object: 'Object Repository/Page_cabi Create Order/input_select_order_type' is clicked on

2019-06-26 19:15:36 - [MESSAGE][PASSED] - Object: 'Object Repository/Page_cabi Create Order/input_select_order_type' is clicked on

2019-06-26 19:15:36 - [TEST_STEP][PASSED] - callTestCase(findTestCase("NewArrival/productVerifyShort"), ["available":CCPersonal, "storeType":"CCPersonal"], STOP_ON_FAILURE): Call Test Case 'Test Cases/NewArrival/productVerifyShort' successfully

2019-06-26 19:15:36 - [TEST_CASE][PASSED] - Test Cases/NewArrival/productVerifyShort: Test Cases/NewArrival/productVerifyShort

2019-06-26 19:15:36 - [TEST_STEP][PASSED] - for ([row = 1, row <= findTestData("productData").getRowNumbers(), (row++)]): Delayed 3 second(s)

2019-06-26 19:15:36 - [TEST_STEP][PASSED] - delay(2): Delayed 2 second(s)

2019-06-26 19:15:38 - [MESSAGE][PASSED] - Delayed 2 second(s)

2019-06-26 19:15:38 - [TEST_STEP][PASSED] - setText(findTestObject("Object Repository/Page_cabi Create Order/input_Manual Discount_stylelookup_0"), findTestData("productData").getValue("Style", row)): Text '5618' is set on object 'Object Repository/Page_cabi Create Order/input_Manual Discount_stylelookup_0'

2019-06-26 19:15:39 - [MESSAGE][PASSED] - Text '5618' is set on object 'Object Repository/Page_cabi Create Order/input_Manual Discount_stylelookup_0'

2019-06-26 19:15:39 - [TEST_STEP][PASSED] - delay(2): Delayed 2 second(s)

2019-06-26 19:15:41 - [MESSAGE][PASSED] - Delayed 2 second(s)

2019-06-26 19:15:41 - [TEST_STEP][PASSED] - prod_message = getText(findTestObject("Page_cabi Create Order/first_option")): Text of object 'Object Repository/Page_cabi Create Order/first_option' is: '5618 Breeze Dress'

2019-06-26 19:15:41 - [MESSAGE][PASSED] - Text of object 'Object Repository/Page_cabi Create Order/first_option' is: '5618 Breeze Dress'

2019-06-26 19:15:41 - [TEST_STEP][PASSED] - delay(1): Delayed 1 second(s)

2019-06-26 19:15:42 - [MESSAGE][PASSED] - Delayed 1 second(s)

2019-06-26 19:15:42 - [TEST_STEP][PASSED] - click(findTestObject("Page_cabi Create Order/first_option")): Object: 'Object Repository/Page_cabi Create Order/first_option' is clicked on

2019-06-26 19:15:42 - [MESSAGE][PASSED] - Object: 'Object Repository/Page_cabi Create Order/first_option' is clicked on

2019-06-26 19:15:42 - [TEST_STEP][PASSED] - if (toString().equalsIgnoreCase("no")): null

2019-06-26 19:15:42 - [TEST_STEP][PASSED] - else: Delayed 3 second(s)

2019-06-26 19:15:42 - [TEST_STEP][PASSED] - delay(3): Delayed 3 second(s)

2019-06-26 19:15:45 - [MESSAGE][PASSED] - Delayed 3 second(s)

2019-06-26 19:15:45 - [TEST_STEP][PASSED] - s1 = getValue("Style", row).toString(): null

2019-06-26 19:15:45 - [TEST_STEP][PASSED] - s2 = " ": null

2019-06-26 19:15:45 - [TEST_STEP][PASSED] - s3 = getValue("Description", row).toString(): null

2019-06-26 19:15:45 - [TEST_STEP][PASSED] - expectedStyleDescription = $s1$s2$s3: null

2019-06-26 19:15:45 - [TEST_STEP][PASSED] - prod_message = UtilityMethods.splitStyle(prod_message): null

2019-06-26 19:15:45 - [TEST_STEP][PASSED] - println(prod_message): null

2019-06-26 19:15:45 - [TEST_STEP][PASSED] - assert prod_message.equalsIgnoreCase(expectedStyleDescription): null

2019-06-26 19:15:45 - [TEST_STEP][PASSED] - delay(3): Delayed 3 second(s)

2019-06-26 19:15:48 - [MESSAGE][PASSED] - Delayed 3 second(s)

2019-06-26 19:15:48 - [TEST_STEP][PASSED] - colorOptions = findWebElements(findTestObject("Page_cabi Order Items/GetAttribute_Color"), 5): null

2019-06-26 19:15:48 - [TEST_STEP][PASSED] - println(colorOptions.size()): null

2019-06-26 19:15:48 - [TEST_STEP][PASSED] - expectedColour = findTestData("productData").getValue("Color", row): null

2019-06-26 19:15:48 - [TEST_STEP][PASSED] - println("expected colour is"): null

2019-06-26 19:15:48 - [TEST_STEP][PASSED] - println(expectedColour): null

2019-06-26 19:15:48 - [TEST_STEP][PASSED] - colourVerified = false: null

2019-06-26 19:15:48 - [TEST_STEP][PASSED] - for (org.openqa.selenium.WebElement op : colorOptions): null

2019-06-26 19:15:48 - [TEST_STEP][PASSED] - println(op.getText()): null

2019-06-26 19:15:48 - [TEST_STEP][PASSED] - if (expectedColour.equalsIgnoreCase(op.getText())): null

2019-06-26 19:15:48 - [TEST_STEP][PASSED] - colourVerified = true: null

2019-06-26 19:15:48 - [TEST_STEP][PASSED] - break: null

2019-06-26 19:15:48 - [TEST_STEP][PASSED] - assert colourVerified == true: null

2019-06-26 19:15:48 - [TEST_STEP][PASSED] - getPrice = getText(findTestObject("Page_cabi Create Order/retail_price")): Text of object 'Object Repository/Page_cabi Create Order/retail_price' is: '$119.00'

2019-06-26 19:15:48 - [MESSAGE][PASSED] - Text of object 'Object Repository/Page_cabi Create Order/retail_price' is: '$119.00'

2019-06-26 19:15:48 - [TEST_STEP][PASSED] - Split_Data = UtilityMethods.SplitData(getPrice): null

2019-06-26 19:15:48 - [TEST_STEP][PASSED] - verifyMatch(Split_Data, findTestData("productData").getValue("Retail", row), true): Actual text '119' and expected text '119' are matched  using regular expression

2019-06-26 19:15:48 - [MESSAGE][PASSED] - Actual text '119' and expected text '119' are matched  using regular expression

2019-06-26 19:15:48 - [TEST_STEP][PASSED] - sizeRange1 = ["XXS", "XS", "S", "M", "L", "XL"]: null

2019-06-26 19:15:48 - [TEST_STEP][PASSED] - sizeRange2 = ["00", "0", "2", "4", "6", "8", "10", "12", "14", "16"]: null

2019-06-26 19:15:48 - [TEST_STEP][PASSED] - sizeRange3 = ["Long", "Regular", "Short"]: null

2019-06-26 19:15:48 - [TEST_STEP][PASSED] - sizeRange4 = ["5", "6", "6.5", "7", "7.5", "8", "8.5", "9", "9.5", "10", "11"]: null

2019-06-26 19:15:48 - [TEST_STEP][PASSED] - sizeRangeSplit = UtilityMethods.SplitSizes(findTestData("productData").getValue("SzRange", row)): null

2019-06-26 19:15:48 - [TEST_STEP][PASSED] - sizeType = getText(findTestObject("Object Repository/Page_cabi Order Items/Size")): Text of object 'Object Repository/Page_cabi Order Items/Size' is: 'Select'

2019-06-26 19:15:48 - [MESSAGE][PASSED] - Text of object 'Object Repository/Page_cabi Order Items/Size' is: 'Select'

2019-06-26 19:15:48 - [TEST_STEP][PASSED] - sizeOptions = findWebElements(findTestObject("Object Repository/Page_cabi Order Items/Size"), 5): null

2019-06-26 19:15:48 - [TEST_STEP][PASSED] - actualRange = new java.util.ArrayList(): null

2019-06-26 19:15:48 - [TEST_STEP][PASSED] - expectedRange = <not implemented yet for class: org.codehaus.groovy.ast.expr.EmptyExpression>: null

2019-06-26 19:15:48 - [TEST_STEP][PASSED] - if (sizeType.equalsIgnoreCase("Select")): null

2019-06-26 19:15:48 - [TEST_STEP][PASSED] - for ([i = 1, i < sizeOptions.size(), (i++)]): null

2019-06-26 19:15:48 - [TEST_STEP][PASSED] - actualRange.add(get(i).getText()): null

2019-06-26 19:15:48 - [TEST_STEP][PASSED] - actualRange.add(get(i).getText()): null

2019-06-26 19:15:48 - [TEST_STEP][PASSED] - actualRange.add(get(i).getText()): null

2019-06-26 19:15:48 - [TEST_STEP][PASSED] - actualRange.add(get(i).getText()): null

2019-06-26 19:15:48 - [TEST_STEP][PASSED] - actualRange.add(get(i).getText()): null

2019-06-26 19:15:48 - [TEST_STEP][PASSED] - if (toString().equalsIgnoreCase("XS") || toString().equalsIgnoreCase("XXS")): null

2019-06-26 19:15:48 - [TEST_STEP][PASSED] - expectedRange = UtilityMethods.getExpectedRange(sizeRange1, sizeRangeSplit): null

2019-06-26 19:15:48 - [TEST_STEP][PASSED] - println("XS"): null

2019-06-26 19:15:48 - [TEST_STEP][PASSED] - println(expectedRange.toString()): null

2019-06-26 19:15:48 - [TEST_STEP][PASSED] - assert UtilityMethods.listEquals(expectedRange, actualRange) == true: null

2019-06-26 19:15:48 - [TEST_STEP][PASSED] - delay(3): Delayed 3 second(s)

2019-06-26 19:15:51 - [MESSAGE][PASSED] - Delayed 3 second(s)

2019-06-26 19:15:51 - [MESSAGE][PASSED] - Call Test Case 'Test Cases/NewArrival/productVerifyShort' successfully

2019-06-26 19:15:51 - [TEST_STEP][PASSED] - click(findTestObject("Page_cabi Find Order/a_Create Order")): Object: 'Object Repository/Page_cabi Find Order/a_Create Order' is clicked on

2019-06-26 19:15:54 - [MESSAGE][PASSED] - Object: 'Object Repository/Page_cabi Find Order/a_Create Order' is clicked on

2019-06-26 19:15:54 - [TEST_STEP][PASSED] - selectOptionByValue(findTestObject("Page_cabi Create Order/select_order_type"), "RETAIL", true): All options with value 'RETAIL' are selected in object 'Object Repository/Page_cabi Create Order/select_order_type'  using regular expression

2019-06-26 19:15:54 - [MESSAGE][PASSED] - All options with value 'RETAIL' are selected in object 'Object Repository/Page_cabi Create Order/select_order_type'  using regular expression

2019-06-26 19:15:54 - [TEST_STEP][PASSED] - click(findTestObject("Page_cabi Create Order/input_select_order_type")): Object: 'Object Repository/Page_cabi Create Order/input_select_order_type' is clicked on

2019-06-26 19:15:56 - [MESSAGE][PASSED] - Object: 'Object Repository/Page_cabi Create Order/input_select_order_type' is clicked on

2019-06-26 19:15:56 - [TEST_STEP][PASSED] - callTestCase(findTestCase("NewArrival/productVerifyShort"), ["available":CCRetail], STOP_ON_FAILURE): Call Test Case 'Test Cases/NewArrival/productVerifyShort' successfully

2019-06-26 19:15:56 - [TEST_CASE][PASSED] - Test Cases/NewArrival/productVerifyShort: Test Cases/NewArrival/productVerifyShort

2019-06-26 19:15:56 - [TEST_STEP][PASSED] - for ([row = 1, row <= findTestData("productData").getRowNumbers(), (row++)]): Delayed 3 second(s)

2019-06-26 19:15:56 - [TEST_STEP][PASSED] - delay(2): Delayed 2 second(s)

2019-06-26 19:15:58 - [MESSAGE][PASSED] - Delayed 2 second(s)

2019-06-26 19:15:58 - [TEST_STEP][PASSED] - setText(findTestObject("Object Repository/Page_cabi Create Order/input_Manual Discount_stylelookup_0"), findTestData("productData").getValue("Style", row)): Text '5618' is set on object 'Object Repository/Page_cabi Create Order/input_Manual Discount_stylelookup_0'

2019-06-26 19:15:58 - [MESSAGE][PASSED] - Text '5618' is set on object 'Object Repository/Page_cabi Create Order/input_Manual Discount_stylelookup_0'

2019-06-26 19:15:58 - [TEST_STEP][PASSED] - delay(2): Delayed 2 second(s)

2019-06-26 19:16:00 - [MESSAGE][PASSED] - Delayed 2 second(s)

2019-06-26 19:16:00 - [TEST_STEP][PASSED] - prod_message = getText(findTestObject("Page_cabi Create Order/first_option")): Text of object 'Object Repository/Page_cabi Create Order/first_option' is: '5618 Breeze Dress'

2019-06-26 19:16:00 - [MESSAGE][PASSED] - Text of object 'Object Repository/Page_cabi Create Order/first_option' is: '5618 Breeze Dress'

2019-06-26 19:16:00 - [TEST_STEP][PASSED] - delay(1): Delayed 1 second(s)

2019-06-26 19:16:01 - [MESSAGE][PASSED] - Delayed 1 second(s)

2019-06-26 19:16:01 - [TEST_STEP][PASSED] - click(findTestObject("Page_cabi Create Order/first_option")): Object: 'Object Repository/Page_cabi Create Order/first_option' is clicked on

2019-06-26 19:16:01 - [MESSAGE][PASSED] - Object: 'Object Repository/Page_cabi Create Order/first_option' is clicked on

2019-06-26 19:16:01 - [TEST_STEP][PASSED] - if (toString().equalsIgnoreCase("no")): null

2019-06-26 19:16:01 - [TEST_STEP][PASSED] - else: Delayed 3 second(s)

2019-06-26 19:16:01 - [TEST_STEP][PASSED] - delay(3): Delayed 3 second(s)

2019-06-26 19:16:04 - [MESSAGE][PASSED] - Delayed 3 second(s)

2019-06-26 19:16:04 - [TEST_STEP][PASSED] - s1 = getValue("Style", row).toString(): null

2019-06-26 19:16:04 - [TEST_STEP][PASSED] - s2 = " ": null

2019-06-26 19:16:04 - [TEST_STEP][PASSED] - s3 = getValue("Description", row).toString(): null

2019-06-26 19:16:04 - [TEST_STEP][PASSED] - expectedStyleDescription = $s1$s2$s3: null

2019-06-26 19:16:04 - [TEST_STEP][PASSED] - prod_message = UtilityMethods.splitStyle(prod_message): null

2019-06-26 19:16:04 - [TEST_STEP][PASSED] - println(prod_message): null

2019-06-26 19:16:04 - [TEST_STEP][PASSED] - assert prod_message.equalsIgnoreCase(expectedStyleDescription): null

2019-06-26 19:16:04 - [TEST_STEP][PASSED] - delay(3): Delayed 3 second(s)

2019-06-26 19:16:07 - [MESSAGE][PASSED] - Delayed 3 second(s)

2019-06-26 19:16:07 - [TEST_STEP][PASSED] - colorOptions = findWebElements(findTestObject("Page_cabi Order Items/GetAttribute_Color"), 5): null

2019-06-26 19:16:07 - [TEST_STEP][PASSED] - println(colorOptions.size()): null

2019-06-26 19:16:07 - [TEST_STEP][PASSED] - expectedColour = findTestData("productData").getValue("Color", row): null

2019-06-26 19:16:07 - [TEST_STEP][PASSED] - println("expected colour is"): null

2019-06-26 19:16:07 - [TEST_STEP][PASSED] - println(expectedColour): null

2019-06-26 19:16:07 - [TEST_STEP][PASSED] - colourVerified = false: null

2019-06-26 19:16:07 - [TEST_STEP][PASSED] - for (org.openqa.selenium.WebElement op : colorOptions): null

2019-06-26 19:16:07 - [TEST_STEP][PASSED] - println(op.getText()): null

2019-06-26 19:16:08 - [TEST_STEP][PASSED] - if (expectedColour.equalsIgnoreCase(op.getText())): null

2019-06-26 19:16:08 - [TEST_STEP][PASSED] - colourVerified = true: null

2019-06-26 19:16:08 - [TEST_STEP][PASSED] - break: null

2019-06-26 19:16:08 - [TEST_STEP][PASSED] - assert colourVerified == true: null

2019-06-26 19:16:08 - [TEST_STEP][PASSED] - getPrice = getText(findTestObject("Page_cabi Create Order/retail_price")): Text of object 'Object Repository/Page_cabi Create Order/retail_price' is: '$119.00'

2019-06-26 19:16:08 - [MESSAGE][PASSED] - Text of object 'Object Repository/Page_cabi Create Order/retail_price' is: '$119.00'

2019-06-26 19:16:08 - [TEST_STEP][PASSED] - Split_Data = UtilityMethods.SplitData(getPrice): null

2019-06-26 19:16:08 - [TEST_STEP][PASSED] - verifyMatch(Split_Data, findTestData("productData").getValue("Retail", row), true): Actual text '119' and expected text '119' are matched  using regular expression

2019-06-26 19:16:08 - [MESSAGE][PASSED] - Actual text '119' and expected text '119' are matched  using regular expression

2019-06-26 19:16:08 - [TEST_STEP][PASSED] - sizeRange1 = ["XXS", "XS", "S", "M", "L", "XL"]: null

2019-06-26 19:16:08 - [TEST_STEP][PASSED] - sizeRange2 = ["00", "0", "2", "4", "6", "8", "10", "12", "14", "16"]: null

2019-06-26 19:16:08 - [TEST_STEP][PASSED] - sizeRange3 = ["Long", "Regular", "Short"]: null

2019-06-26 19:16:08 - [TEST_STEP][PASSED] - sizeRange4 = ["5", "6", "6.5", "7", "7.5", "8", "8.5", "9", "9.5", "10", "11"]: null

2019-06-26 19:16:08 - [TEST_STEP][PASSED] - sizeRangeSplit = UtilityMethods.SplitSizes(findTestData("productData").getValue("SzRange", row)): null

2019-06-26 19:16:08 - [TEST_STEP][PASSED] - sizeType = getText(findTestObject("Object Repository/Page_cabi Order Items/Size")): Text of object 'Object Repository/Page_cabi Order Items/Size' is: 'Select'

2019-06-26 19:16:08 - [MESSAGE][PASSED] - Text of object 'Object Repository/Page_cabi Order Items/Size' is: 'Select'

2019-06-26 19:16:08 - [TEST_STEP][PASSED] - sizeOptions = findWebElements(findTestObject("Object Repository/Page_cabi Order Items/Size"), 5): null

2019-06-26 19:16:08 - [TEST_STEP][PASSED] - actualRange = new java.util.ArrayList(): null

2019-06-26 19:16:08 - [TEST_STEP][PASSED] - expectedRange = <not implemented yet for class: org.codehaus.groovy.ast.expr.EmptyExpression>: null

2019-06-26 19:16:08 - [TEST_STEP][PASSED] - if (sizeType.equalsIgnoreCase("Select")): null

2019-06-26 19:16:08 - [TEST_STEP][PASSED] - for ([i = 1, i < sizeOptions.size(), (i++)]): null

2019-06-26 19:16:08 - [TEST_STEP][PASSED] - actualRange.add(get(i).getText()): null

2019-06-26 19:16:08 - [TEST_STEP][PASSED] - actualRange.add(get(i).getText()): null

2019-06-26 19:16:08 - [TEST_STEP][PASSED] - actualRange.add(get(i).getText()): null

2019-06-26 19:16:08 - [TEST_STEP][PASSED] - actualRange.add(get(i).getText()): null

2019-06-26 19:16:08 - [TEST_STEP][PASSED] - actualRange.add(get(i).getText()): null

2019-06-26 19:16:08 - [TEST_STEP][PASSED] - if (toString().equalsIgnoreCase("XS") || toString().equalsIgnoreCase("XXS")): null

2019-06-26 19:16:08 - [TEST_STEP][PASSED] - expectedRange = UtilityMethods.getExpectedRange(sizeRange1, sizeRangeSplit): null

2019-06-26 19:16:08 - [TEST_STEP][PASSED] - println("XS"): null

2019-06-26 19:16:08 - [TEST_STEP][PASSED] - println(expectedRange.toString()): null

2019-06-26 19:16:08 - [TEST_STEP][PASSED] - assert UtilityMethods.listEquals(expectedRange, actualRange) == true: null

2019-06-26 19:16:08 - [TEST_STEP][PASSED] - delay(3): Delayed 3 second(s)

2019-06-26 19:16:11 - [MESSAGE][PASSED] - Delayed 3 second(s)

2019-06-26 19:16:11 - [MESSAGE][PASSED] - Call Test Case 'Test Cases/NewArrival/productVerifyShort' successfully

2019-06-26 19:16:11 - [TEST_STEP][PASSED] - click(findTestObject("Page_cabi Find Order/a_Create Order")): Object: 'Object Repository/Page_cabi Find Order/a_Create Order' is clicked on

2019-06-26 19:16:13 - [MESSAGE][PASSED] - Object: 'Object Repository/Page_cabi Find Order/a_Create Order' is clicked on

2019-06-26 19:16:13 - [TEST_STEP][PASSED] - selectOptionByValue(findTestObject("Page_cabi Create Order/select_order_type"), "SHOW", true): All options with value 'SHOW' are selected in object 'Object Repository/Page_cabi Create Order/select_order_type'  using regular expression

2019-06-26 19:16:13 - [MESSAGE][PASSED] - All options with value 'SHOW' are selected in object 'Object Repository/Page_cabi Create Order/select_order_type'  using regular expression

2019-06-26 19:16:13 - [TEST_STEP][PASSED] - click(findTestObject("Page_cabi Create Order/input_select_order_type")): Object: 'Object Repository/Page_cabi Create Order/input_select_order_type' is clicked on

2019-06-26 19:16:17 - [MESSAGE][PASSED] - Object: 'Object Repository/Page_cabi Create Order/input_select_order_type' is clicked on

2019-06-26 19:16:17 - [TEST_STEP][PASSED] - callTestCase(findTestCase("NewArrival/productVerifyShort"), ["available":CCShow], STOP_ON_FAILURE): Call Test Case 'Test Cases/NewArrival/productVerifyShort' successfully

2019-06-26 19:16:17 - [TEST_CASE][PASSED] - Test Cases/NewArrival/productVerifyShort: Test Cases/NewArrival/productVerifyShort

2019-06-26 19:16:17 - [TEST_STEP][PASSED] - for ([row = 1, row <= findTestData("productData").getRowNumbers(), (row++)]): Delayed 3 second(s)

2019-06-26 19:16:17 - [TEST_STEP][PASSED] - delay(2): Delayed 2 second(s)

2019-06-26 19:16:19 - [MESSAGE][PASSED] - Delayed 2 second(s)

2019-06-26 19:16:19 - [TEST_STEP][PASSED] - setText(findTestObject("Object Repository/Page_cabi Create Order/input_Manual Discount_stylelookup_0"), findTestData("productData").getValue("Style", row)): Text '5618' is set on object 'Object Repository/Page_cabi Create Order/input_Manual Discount_stylelookup_0'

2019-06-26 19:16:19 - [MESSAGE][PASSED] - Text '5618' is set on object 'Object Repository/Page_cabi Create Order/input_Manual Discount_stylelookup_0'

2019-06-26 19:16:19 - [TEST_STEP][PASSED] - delay(2): Delayed 2 second(s)

2019-06-26 19:16:21 - [MESSAGE][PASSED] - Delayed 2 second(s)

2019-06-26 19:16:21 - [TEST_STEP][PASSED] - prod_message = getText(findTestObject("Page_cabi Create Order/first_option")): Text of object 'Object Repository/Page_cabi Create Order/first_option' is: '5618 Breeze Dress'

2019-06-26 19:16:21 - [MESSAGE][PASSED] - Text of object 'Object Repository/Page_cabi Create Order/first_option' is: '5618 Breeze Dress'

2019-06-26 19:16:21 - [TEST_STEP][PASSED] - delay(1): Delayed 1 second(s)

2019-06-26 19:16:22 - [MESSAGE][PASSED] - Delayed 1 second(s)

2019-06-26 19:16:22 - [TEST_STEP][PASSED] - click(findTestObject("Page_cabi Create Order/first_option")): Object: 'Object Repository/Page_cabi Create Order/first_option' is clicked on

2019-06-26 19:16:22 - [MESSAGE][PASSED] - Object: 'Object Repository/Page_cabi Create Order/first_option' is clicked on

2019-06-26 19:16:22 - [TEST_STEP][PASSED] - if (toString().equalsIgnoreCase("no")): null

2019-06-26 19:16:22 - [TEST_STEP][PASSED] - else: Delayed 3 second(s)

2019-06-26 19:16:22 - [TEST_STEP][PASSED] - delay(3): Delayed 3 second(s)

2019-06-26 19:16:25 - [MESSAGE][PASSED] - Delayed 3 second(s)

2019-06-26 19:16:25 - [TEST_STEP][PASSED] - s1 = getValue("Style", row).toString(): null

2019-06-26 19:16:25 - [TEST_STEP][PASSED] - s2 = " ": null

2019-06-26 19:16:25 - [TEST_STEP][PASSED] - s3 = getValue("Description", row).toString(): null

2019-06-26 19:16:25 - [TEST_STEP][PASSED] - expectedStyleDescription = $s1$s2$s3: null

2019-06-26 19:16:25 - [TEST_STEP][PASSED] - prod_message = UtilityMethods.splitStyle(prod_message): null

2019-06-26 19:16:25 - [TEST_STEP][PASSED] - println(prod_message): null

2019-06-26 19:16:25 - [TEST_STEP][PASSED] - assert prod_message.equalsIgnoreCase(expectedStyleDescription): null

2019-06-26 19:16:25 - [TEST_STEP][PASSED] - delay(3): Delayed 3 second(s)

2019-06-26 19:16:28 - [MESSAGE][PASSED] - Delayed 3 second(s)

2019-06-26 19:16:28 - [TEST_STEP][PASSED] - colorOptions = findWebElements(findTestObject("Page_cabi Order Items/GetAttribute_Color"), 5): null

2019-06-26 19:16:28 - [TEST_STEP][PASSED] - println(colorOptions.size()): null

2019-06-26 19:16:28 - [TEST_STEP][PASSED] - expectedColour = findTestData("productData").getValue("Color", row): null

2019-06-26 19:16:28 - [TEST_STEP][PASSED] - println("expected colour is"): null

2019-06-26 19:16:28 - [TEST_STEP][PASSED] - println(expectedColour): null

2019-06-26 19:16:28 - [TEST_STEP][PASSED] - colourVerified = false: null

2019-06-26 19:16:28 - [TEST_STEP][PASSED] - for (org.openqa.selenium.WebElement op : colorOptions): null

2019-06-26 19:16:28 - [TEST_STEP][PASSED] - println(op.getText()): null

2019-06-26 19:16:28 - [TEST_STEP][PASSED] - if (expectedColour.equalsIgnoreCase(op.getText())): null

2019-06-26 19:16:28 - [TEST_STEP][PASSED] - colourVerified = true: null

2019-06-26 19:16:28 - [TEST_STEP][PASSED] - break: null

2019-06-26 19:16:28 - [TEST_STEP][PASSED] - assert colourVerified == true: null

2019-06-26 19:16:28 - [TEST_STEP][PASSED] - getPrice = getText(findTestObject("Page_cabi Create Order/retail_price")): Text of object 'Object Repository/Page_cabi Create Order/retail_price' is: '$119.00'

2019-06-26 19:16:28 - [MESSAGE][PASSED] - Text of object 'Object Repository/Page_cabi Create Order/retail_price' is: '$119.00'

2019-06-26 19:16:28 - [TEST_STEP][PASSED] - Split_Data = UtilityMethods.SplitData(getPrice): null

2019-06-26 19:16:28 - [TEST_STEP][PASSED] - verifyMatch(Split_Data, findTestData("productData").getValue("Retail", row), true): Actual text '119' and expected text '119' are matched  using regular expression

2019-06-26 19:16:28 - [MESSAGE][PASSED] - Actual text '119' and expected text '119' are matched  using regular expression

2019-06-26 19:16:28 - [TEST_STEP][PASSED] - sizeRange1 = ["XXS", "XS", "S", "M", "L", "XL"]: null

2019-06-26 19:16:28 - [TEST_STEP][PASSED] - sizeRange2 = ["00", "0", "2", "4", "6", "8", "10", "12", "14", "16"]: null

2019-06-26 19:16:28 - [TEST_STEP][PASSED] - sizeRange3 = ["Long", "Regular", "Short"]: null

2019-06-26 19:16:28 - [TEST_STEP][PASSED] - sizeRange4 = ["5", "6", "6.5", "7", "7.5", "8", "8.5", "9", "9.5", "10", "11"]: null

2019-06-26 19:16:28 - [TEST_STEP][PASSED] - sizeRangeSplit = UtilityMethods.SplitSizes(findTestData("productData").getValue("SzRange", row)): null

2019-06-26 19:16:28 - [TEST_STEP][PASSED] - sizeType = getText(findTestObject("Object Repository/Page_cabi Order Items/Size")): Text of object 'Object Repository/Page_cabi Order Items/Size' is: 'Select'

2019-06-26 19:16:28 - [MESSAGE][PASSED] - Text of object 'Object Repository/Page_cabi Order Items/Size' is: 'Select'

2019-06-26 19:16:28 - [TEST_STEP][PASSED] - sizeOptions = findWebElements(findTestObject("Object Repository/Page_cabi Order Items/Size"), 5): null

2019-06-26 19:16:28 - [TEST_STEP][PASSED] - actualRange = new java.util.ArrayList(): null

2019-06-26 19:16:28 - [TEST_STEP][PASSED] - expectedRange = <not implemented yet for class: org.codehaus.groovy.ast.expr.EmptyExpression>: null

2019-06-26 19:16:28 - [TEST_STEP][PASSED] - if (sizeType.equalsIgnoreCase("Select")): null

2019-06-26 19:16:28 - [TEST_STEP][PASSED] - for ([i = 1, i < sizeOptions.size(), (i++)]): null

2019-06-26 19:16:28 - [TEST_STEP][PASSED] - actualRange.add(get(i).getText()): null

2019-06-26 19:16:28 - [TEST_STEP][PASSED] - actualRange.add(get(i).getText()): null

2019-06-26 19:16:28 - [TEST_STEP][PASSED] - actualRange.add(get(i).getText()): null

2019-06-26 19:16:28 - [TEST_STEP][PASSED] - actualRange.add(get(i).getText()): null

2019-06-26 19:16:28 - [TEST_STEP][PASSED] - actualRange.add(get(i).getText()): null

2019-06-26 19:16:29 - [TEST_STEP][PASSED] - if (toString().equalsIgnoreCase("XS") || toString().equalsIgnoreCase("XXS")): null

2019-06-26 19:16:29 - [TEST_STEP][PASSED] - expectedRange = UtilityMethods.getExpectedRange(sizeRange1, sizeRangeSplit): null

2019-06-26 19:16:29 - [TEST_STEP][PASSED] - println("XS"): null

2019-06-26 19:16:29 - [TEST_STEP][PASSED] - println(expectedRange.toString()): null

2019-06-26 19:16:29 - [TEST_STEP][PASSED] - assert UtilityMethods.listEquals(expectedRange, actualRange) == true: null

2019-06-26 19:16:29 - [TEST_STEP][PASSED] - delay(3): Delayed 3 second(s)

2019-06-26 19:16:32 - [MESSAGE][PASSED] - Delayed 3 second(s)

2019-06-26 19:16:32 - [MESSAGE][PASSED] - Call Test Case 'Test Cases/NewArrival/productVerifyShort' successfully

2019-06-26 19:16:32 - [TEST_STEP][PASSED] - callTestCase(findTestCase("NewArrival/populateTimeGlobalVars"), ["row":timeRow], STOP_ON_FAILURE): Call Test Case 'Test Cases/NewArrival/populateTimeGlobalVars' successfully

2019-06-26 19:16:32 - [TEST_CASE][PASSED] - Test Cases/NewArrival/populateTimeGlobalVars: Test Cases/NewArrival/populateTimeGlobalVars

2019-06-26 19:16:32 - [TEST_STEP][PASSED] - dataFile = "timezoneData": null

2019-06-26 19:16:32 - [TEST_STEP][PASSED] - serverTarget = UtilityMethods.getTestData(dataFile, "serverTarget", row): null

2019-06-26 19:16:32 - [TEST_STEP][PASSED] - orderType = UtilityMethods.getTestData(dataFile, "orderType", row): null

2019-06-26 19:16:32 - [TEST_STEP][PASSED] - timeZone = UtilityMethods.getTestData(dataFile, "timeZone", row): null

2019-06-26 19:16:32 - [TEST_STEP][PASSED] - BOPersonal = UtilityMethods.getTestData(dataFile, "BOPersonal", row): null

2019-06-26 19:16:32 - [TEST_STEP][PASSED] - BOAddonPersonal = UtilityMethods.getTestData(dataFile, "BOAddonPersonal", row): null

2019-06-26 19:16:32 - [TEST_STEP][PASSED] - BOAddonRetail = UtilityMethods.getTestData(dataFile, "BOAddonRetail", row): null

2019-06-26 19:16:32 - [TEST_STEP][PASSED] - BORetail = UtilityMethods.getTestData(dataFile, "BORetail", row): null

2019-06-26 19:16:32 - [TEST_STEP][PASSED] - BOShow = UtilityMethods.getTestData(dataFile, "BOShow", row): null

2019-06-26 19:16:32 - [TEST_STEP][PASSED] - BOOnlineoutlet = UtilityMethods.getTestData(dataFile, "BOOnlineoutlet", row): null

2019-06-26 19:16:32 - [TEST_STEP][PASSED] - BOEmployee = UtilityMethods.getTestData(dataFile, "BOEmployee", row): null

2019-06-26 19:16:32 - [TEST_STEP][PASSED] - CCPersonal = UtilityMethods.getTestData(dataFile, "CCPersonal", row): null

2019-06-26 19:16:32 - [TEST_STEP][PASSED] - CCRetail = UtilityMethods.getTestData(dataFile, "CCRetail", row): null

2019-06-26 19:16:32 - [TEST_STEP][PASSED] - CCShow = UtilityMethods.getTestData(dataFile, "CCShow", row): null

2019-06-26 19:16:32 - [TEST_STEP][PASSED] - BOEblast = UtilityMethods.getTestData(dataFile, "BOEblast", row): null

2019-06-26 19:16:32 - [MESSAGE][PASSED] - Call Test Case 'Test Cases/NewArrival/populateTimeGlobalVars' successfully

2019-06-26 19:16:32 - [TEST_STEP][PASSED] - callTestCase(findTestCase("NewArrival/setTimezone"), ["ofbizURL":"", "ofbizuser":"", "ofbizpass":"", "orderType":orderType, "timeZone":timeZone, "serverTarget":serverTarget], STOP_ON_FAILURE): Call Test Case 'Test Cases/NewArrival/setTimezone' successfully

2019-06-26 19:16:32 - [TEST_CASE][PASSED] - Test Cases/NewArrival/setTimezone: Test Cases/NewArrival/setTimezone

2019-06-26 19:16:32 - [TEST_STEP][NOT_RUN] - openBrowser(""): NOT_RUN: openBrowser("")

2019-06-26 19:16:32 - [MESSAGE][NOT_RUN] - NOT_RUN: openBrowser("")

2019-06-26 19:16:32 - [TEST_STEP][NOT_RUN] - maximizeWindow(): NOT_RUN: maximizeWindow()

2019-06-26 19:16:32 - [MESSAGE][NOT_RUN] - NOT_RUN: maximizeWindow()

2019-06-26 19:16:32 - [TEST_STEP][PASSED] - ofbizURL = findTestData("credData").getValue("ofbizURL", 1): null

2019-06-26 19:16:32 - [TEST_STEP][PASSED] - ofbizuser = findTestData("credData").getValue("ofbizuser", 1): null

2019-06-26 19:16:32 - [TEST_STEP][PASSED] - ofbizpass = findTestData("credData").getValue("ofbizpass", 1): null

2019-06-26 19:16:32 - [TEST_STEP][PASSED] - navigateToUrl(ofbizURL): Navigate to 'https://pushofbiz.cliotest.com/login.php' successfully

2019-06-26 19:16:34 - [MESSAGE][PASSED] - Navigate to 'https://pushofbiz.cliotest.com/login.php' successfully

2019-06-26 19:16:34 - [TEST_STEP][PASSED] - setText(findTestObject("Page_/input_Username_username"), ofbizuser): Text 'automation' is set on object 'Object Repository/Page_/input_Username_username'

2019-06-26 19:16:34 - [MESSAGE][PASSED] - Text 'automation' is set on object 'Object Repository/Page_/input_Username_username'

2019-06-26 19:16:34 - [TEST_STEP][PASSED] - setText(findTestObject("Page_/input_Password_password"), ofbizpass): Text 'cabiautomation' is set on object 'Object Repository/Page_/input_Password_password'

2019-06-26 19:16:34 - [MESSAGE][PASSED] - Text 'cabiautomation' is set on object 'Object Repository/Page_/input_Password_password'

2019-06-26 19:16:34 - [TEST_STEP][PASSED] - click(findTestObject("Page_/input_Password_Submit")): Object: 'Object Repository/Page_/input_Password_Submit' is clicked on

2019-06-26 19:16:37 - [MESSAGE][PASSED] - Object: 'Object Repository/Page_/input_Password_Submit' is clicked on

2019-06-26 19:16:37 - [TEST_STEP][PASSED] - click(findTestObject("Object Repository/Page_/a_Clock set")): Object: 'Object Repository/Page_/a_Clock set' is clicked on

2019-06-26 19:16:38 - [MESSAGE][PASSED] - Object: 'Object Repository/Page_/a_Clock set' is clicked on

2019-06-26 19:16:38 - [TEST_STEP][PASSED] - click(UtilityMethods.createTestObject("select_target", "//select[@name='Target']/option[contains(text(), '", serverTarget, "')]")): Object: 'select_target' is clicked on

2019-06-26 19:16:38 - [MESSAGE][PASSED] - Object: 'select_target' is clicked on

2019-06-26 19:16:38 - [TEST_STEP][PASSED] - click(findTestObject("Page_/thisDateAndTime")): Object: 'Object Repository/Page_/thisDateAndTime' is clicked on

2019-06-26 19:16:38 - [MESSAGE][PASSED] - Object: 'Object Repository/Page_/thisDateAndTime' is clicked on

2019-06-26 19:16:38 - [TEST_STEP][PASSED] - setText(findTestObject("Object Repository/Page_/setTargetTime"), timeZone): Text ' 05/03/2019 12:00' is set on object 'Object Repository/Page_/setTargetTime'

2019-06-26 19:16:38 - [MESSAGE][PASSED] - Text ' 05/03/2019 12:00' is set on object 'Object Repository/Page_/setTargetTime'

2019-06-26 19:16:38 - [TEST_STEP][PASSED] - click(findTestObject("Object Repository/Page_/input")): Object: 'Object Repository/Page_/input' is clicked on

2019-06-26 19:16:39 - [MESSAGE][PASSED] - Object: 'Object Repository/Page_/input' is clicked on

2019-06-26 19:16:39 - [TEST_STEP][PASSED] - delay(10): Delayed 10 second(s)

2019-06-26 19:16:49 - [MESSAGE][PASSED] - Delayed 10 second(s)

2019-06-26 19:16:49 - [TEST_STEP][NOT_RUN] - closeBrowser(): NOT_RUN: closeBrowser()

2019-06-26 19:16:49 - [MESSAGE][NOT_RUN] - NOT_RUN: closeBrowser()

2019-06-26 19:16:49 - [MESSAGE][PASSED] - Call Test Case 'Test Cases/NewArrival/setTimezone' successfully

2019-06-26 19:16:49 - [TEST_STEP][PASSED] - callTestCase(findTestCase("TestCaseUtilities/backOfficeLogin"), ["BOURL":"", "BOuser":"", "BOpass":""], STOP_ON_FAILURE): Call Test Case 'Test Cases/TestCaseUtilities/backOfficeLogin' successfully

2019-06-26 19:16:49 - [TEST_CASE][PASSED] - Test Cases/TestCaseUtilities/backOfficeLogin: Test Cases/TestCaseUtilities/backOfficeLogin

2019-06-26 19:16:49 - [TEST_STEP][PASSED] - BOURL = findTestData("credData").getValue("BOURL", 1): null

2019-06-26 19:16:49 - [TEST_STEP][PASSED] - BOuser = findTestData("credData").getValue("BOuser", 1): null

2019-06-26 19:16:49 - [TEST_STEP][PASSED] - BOpass = findTestData("credData").getValue("BOpass", 1): null

2019-06-26 19:16:49 - [TEST_STEP][PASSED] - navigateToUrl(BOURL): Navigate to 'https://test14.cliotest.com/backoffice/control/main' successfully

2019-06-26 19:16:58 - [MESSAGE][PASSED] - Navigate to 'https://test14.cliotest.com/backoffice/control/main' successfully

2019-06-26 19:16:58 - [TEST_STEP][PASSED] - logOut = findWebElements(findTestObject("Object Repository/Page_cabi Home/log_out"), 1): Unable to find the element located by 'By.xpath: //a[contains(text(),'Log Out')]'. Please recheck the objects properties to make sure the desired element is located. 

2019-06-26 19:16:59 - [MESSAGE][INFO] - Unable to find the element located by 'By.xpath: //a[contains(text(),'Log Out')]'. Please recheck the objects properties to make sure the desired element is located. 

2019-06-26 19:16:59 - [TEST_STEP][PASSED] - if (logOut.size() == 0): Object: 'Object Repository/Page_cabi/input_Welcome to_consultantLogin' is clicked on

2019-06-26 19:16:59 - [TEST_STEP][PASSED] - setText(findTestObject("Page_cabi/input_Welcome to_USERNAME"), BOuser): Text '400000002' is set on object 'Object Repository/Page_cabi/input_Welcome to_USERNAME'

2019-06-26 19:16:59 - [MESSAGE][PASSED] - Text '400000002' is set on object 'Object Repository/Page_cabi/input_Welcome to_USERNAME'

2019-06-26 19:16:59 - [TEST_STEP][PASSED] - setText(findTestObject("Object Repository/Page_cabi/input_Welcome to_PASSWORD"), BOpass): Text 'blackdress19' is set on object 'Object Repository/Page_cabi/input_Welcome to_PASSWORD'

2019-06-26 19:16:59 - [MESSAGE][PASSED] - Text 'blackdress19' is set on object 'Object Repository/Page_cabi/input_Welcome to_PASSWORD'

2019-06-26 19:16:59 - [TEST_STEP][PASSED] - click(findTestObject("Object Repository/Page_cabi/input_Welcome to_consultantLogin")): Object: 'Object Repository/Page_cabi/input_Welcome to_consultantLogin' is clicked on

2019-06-26 19:17:07 - [MESSAGE][PASSED] - Object: 'Object Repository/Page_cabi/input_Welcome to_consultantLogin' is clicked on

2019-06-26 19:17:07 - [TEST_STEP][PASSED] - delay(3): Delayed 3 second(s)

2019-06-26 19:17:10 - [MESSAGE][PASSED] - Delayed 3 second(s)

2019-06-26 19:17:10 - [MESSAGE][PASSED] - Call Test Case 'Test Cases/TestCaseUtilities/backOfficeLogin' successfully

2019-06-26 19:17:10 - [TEST_STEP][PASSED] - click(findTestObject("Object Repository/Page_cabi Home/a_Shows  Orders")): Object: 'Object Repository/Page_cabi Home/a_Shows  Orders' is clicked on

2019-06-26 19:17:10 - [MESSAGE][PASSED] - Object: 'Object Repository/Page_cabi Home/a_Shows  Orders' is clicked on

2019-06-26 19:17:10 - [TEST_STEP][PASSED] - click(findTestObject("Page_cabi Home/a_personal_purchases")): Object: 'Object Repository/Page_cabi Home/a_personal_purchases' is clicked on

2019-06-26 19:17:13 - [MESSAGE][PASSED] - Object: 'Object Repository/Page_cabi Home/a_personal_purchases' is clicked on

2019-06-26 19:17:13 - [TEST_STEP][PASSED] - click(findTestObject("Object Repository/Page_cabi Personal Store/span_Continue to Order")): Object: 'Object Repository/Page_cabi Personal Store/span_Continue to Order' is clicked on

2019-06-26 19:17:13 - [MESSAGE][PASSED] - Object: 'Object Repository/Page_cabi Personal Store/span_Continue to Order' is clicked on

2019-06-26 19:17:13 - [TEST_STEP][PASSED] - callTestCase(findTestCase("NewArrival/productVerify"), ["available":BOPersonal, "storeType":"BOPersonal"], STOP_ON_FAILURE): Call Test Case 'Test Cases/NewArrival/productVerify' successfully

2019-06-26 19:17:14 - [TEST_CASE][PASSED] - Test Cases/NewArrival/productVerify: Test Cases/NewArrival/productVerify

2019-06-26 19:17:14 - [TEST_STEP][PASSED] - for ([row = 1, row <= findTestData("productData").getRowNumbers(), (row++)]): null

2019-06-26 19:17:14 - [TEST_STEP][PASSED] - setText(findTestObject("Object Repository/Page_cabi Order Items/input_New Arrivals - Blooming Blush_style"), findTestData("productData").getValue("Style", row)): Text '5618' is set on object 'Object Repository/Page_cabi Order Items/input_New Arrivals - Blooming Blush_style'

2019-06-26 19:17:14 - [MESSAGE][PASSED] - Text '5618' is set on object 'Object Repository/Page_cabi Order Items/input_New Arrivals - Blooming Blush_style'

2019-06-26 19:17:14 - [TEST_STEP][PASSED] - sendKeys(findTestObject("Object Repository/Page_cabi Order Items/input_New Arrivals - Blooming Blush_style"), Keys.chord(ENTER)): Keys 'ENTER + ' sent to object: 'Object Repository/Page_cabi Order Items/input_New Arrivals - Blooming Blush_style'

2019-06-26 19:17:14 - [MESSAGE][PASSED] - Keys 'ENTER + ' sent to object: 'Object Repository/Page_cabi Order Items/input_New Arrivals - Blooming Blush_style'

2019-06-26 19:17:14 - [TEST_STEP][PASSED] - delay(5): Delayed 5 second(s)

2019-06-26 19:17:19 - [MESSAGE][PASSED] - Delayed 5 second(s)

2019-06-26 19:17:19 - [TEST_STEP][PASSED] - if (toString().equalsIgnoreCase("no")): null

2019-06-26 19:17:19 - [TEST_STEP][PASSED] - else: null

2019-06-26 19:17:19 - [TEST_STEP][PASSED] - click(findTestObject("Page_cabi Order Items/li_order_item")): Object: 'Object Repository/Page_cabi Order Items/li_order_item' is clicked on

2019-06-26 19:17:20 - [MESSAGE][PASSED] - Object: 'Object Repository/Page_cabi Order Items/li_order_item' is clicked on

2019-06-26 19:17:20 - [TEST_STEP][PASSED] - delay(5): Delayed 5 second(s)

2019-06-26 19:17:25 - [MESSAGE][PASSED] - Delayed 5 second(s)

2019-06-26 19:17:25 - [TEST_STEP][PASSED] - imgString1 = getValue("Style", row).toString(): null

2019-06-26 19:17:25 - [TEST_STEP][PASSED] - imagePath = UtilityMethods.createScreenshotImagePath(storeType, imgString1): null

2019-06-26 19:17:25 - [TEST_STEP][PASSED] - println(imagePath): null

2019-06-26 19:17:25 - [TEST_STEP][PASSED] - takeScreenshot(imagePath): Taking screenshot successfully

2019-06-26 19:17:25 - [MESSAGE][PASSED] - Taking screenshot successfully
[[ATTACHMENT|C:\\Users\\user\\Documents\\testautomation\\KatalonProjects\\productImages\\BOPersonal_5618 image.png]]

2019-06-26 19:17:25 - [TEST_STEP][PASSED] - verifyElementText(findTestObject("Page_cabi Order Items/GetAttribute_getID"), findTestData("productData").getValue("Style", row)): Actual text and expected text of test object 'Object Repository/Page_cabi Order Items/GetAttribute_getID' are matched.

2019-06-26 19:17:25 - [MESSAGE][PASSED] - Actual text and expected text of test object 'Object Repository/Page_cabi Order Items/GetAttribute_getID' are matched.

2019-06-26 19:17:25 - [TEST_STEP][PASSED] - colorOptions = findWebElements(findTestObject("Page_cabi Order Items/GetAttribute_Color"), 5): null

2019-06-26 19:17:25 - [TEST_STEP][PASSED] - println(colorOptions.size()): null

2019-06-26 19:17:25 - [TEST_STEP][PASSED] - expectedColour = findTestData("productData").getValue("Color", row): null

2019-06-26 19:17:25 - [TEST_STEP][PASSED] - println("expected colour is"): null

2019-06-26 19:17:25 - [TEST_STEP][PASSED] - println(expectedColour): null

2019-06-26 19:17:25 - [TEST_STEP][PASSED] - colourVerified = false: null

2019-06-26 19:17:25 - [TEST_STEP][PASSED] - for (org.openqa.selenium.WebElement op : colorOptions): null

2019-06-26 19:17:25 - [TEST_STEP][PASSED] - println(op.getText()): null

2019-06-26 19:17:25 - [TEST_STEP][PASSED] - if (expectedColour.equalsIgnoreCase(op.getText())): null

2019-06-26 19:17:25 - [TEST_STEP][PASSED] - colourVerified = true: null

2019-06-26 19:17:25 - [TEST_STEP][PASSED] - break: null

2019-06-26 19:17:25 - [TEST_STEP][PASSED] - assert colourVerified == true: null

2019-06-26 19:17:25 - [TEST_STEP][PASSED] - getPrice = getText(findTestObject("Page_cabi Order Items/GetAttribute_Price")): Text of object 'Object Repository/Page_cabi Order Items/GetAttribute_Price' is: 'Price : $119.00'

2019-06-26 19:17:25 - [MESSAGE][PASSED] - Text of object 'Object Repository/Page_cabi Order Items/GetAttribute_Price' is: 'Price : $119.00'

2019-06-26 19:17:25 - [TEST_STEP][PASSED] - Split_Data = UtilityMethods.SplitData(getPrice): null

2019-06-26 19:17:25 - [TEST_STEP][PASSED] - verifyMatch(Split_Data, findTestData("productData").getValue("Retail", row), true): Actual text '119' and expected text '119' are matched  using regular expression

2019-06-26 19:17:25 - [MESSAGE][PASSED] - Actual text '119' and expected text '119' are matched  using regular expression

2019-06-26 19:17:25 - [TEST_STEP][PASSED] - sizeRange1 = ["XXS", "XS", "S", "M", "L", "XL"]: null

2019-06-26 19:17:25 - [TEST_STEP][PASSED] - sizeRange2 = ["00", "0", "2", "4", "6", "8", "10", "12", "14", "16"]: null

2019-06-26 19:17:25 - [TEST_STEP][PASSED] - sizeRange3 = ["Long", "Regular", "Short"]: null

2019-06-26 19:17:25 - [TEST_STEP][PASSED] - sizeRange4 = ["5", "6", "6.5", "7", "7.5", "8", "8.5", "9", "9.5", "10", "11"]: null

2019-06-26 19:17:25 - [TEST_STEP][PASSED] - sizeRangeSplit = UtilityMethods.SplitSizes(findTestData("productData").getValue("SzRange", row)): null

2019-06-26 19:17:25 - [TEST_STEP][PASSED] - sizeType = getText(findTestObject("Object Repository/Page_cabi Order Items/Size")): Text of object 'Object Repository/Page_cabi Order Items/Size' is: 'Select'

2019-06-26 19:17:25 - [MESSAGE][PASSED] - Text of object 'Object Repository/Page_cabi Order Items/Size' is: 'Select'

2019-06-26 19:17:25 - [TEST_STEP][PASSED] - sizeOptions = findWebElements(findTestObject("Object Repository/Page_cabi Order Items/Size"), 5): null

2019-06-26 19:17:25 - [TEST_STEP][PASSED] - actualRange = new java.util.ArrayList(): null

2019-06-26 19:17:25 - [TEST_STEP][PASSED] - expectedRange = <not implemented yet for class: org.codehaus.groovy.ast.expr.EmptyExpression>: null

2019-06-26 19:17:25 - [TEST_STEP][PASSED] - if (sizeType.equalsIgnoreCase("Select")): null

2019-06-26 19:17:25 - [TEST_STEP][PASSED] - for ([i = 1, i < sizeOptions.size(), (i++)]): null

2019-06-26 19:17:25 - [TEST_STEP][PASSED] - actualRange.add(getAttribute("value").toString()): null

2019-06-26 19:17:25 - [TEST_STEP][PASSED] - actualRange.add(getAttribute("value").toString()): null

2019-06-26 19:17:25 - [TEST_STEP][PASSED] - actualRange.add(getAttribute("value").toString()): null

2019-06-26 19:17:25 - [TEST_STEP][PASSED] - actualRange.add(getAttribute("value").toString()): null

2019-06-26 19:17:25 - [TEST_STEP][PASSED] - actualRange.add(getAttribute("value").toString()): null

2019-06-26 19:17:25 - [TEST_STEP][PASSED] - if (toString().equalsIgnoreCase("XS") || toString().equalsIgnoreCase("XXS")): null

2019-06-26 19:17:25 - [TEST_STEP][PASSED] - expectedRange = UtilityMethods.getExpectedRange(sizeRange1, sizeRangeSplit): null

2019-06-26 19:17:25 - [TEST_STEP][PASSED] - println("XS"): null

2019-06-26 19:17:25 - [TEST_STEP][PASSED] - println(expectedRange.toString()): null

2019-06-26 19:17:25 - [TEST_STEP][PASSED] - assert UtilityMethods.listEquals(expectedRange, actualRange) == true: null

2019-06-26 19:17:25 - [TEST_STEP][PASSED] - delay(2): Delayed 2 second(s)

2019-06-26 19:17:27 - [MESSAGE][PASSED] - Delayed 2 second(s)

2019-06-26 19:17:27 - [TEST_STEP][PASSED] - verifyElementText(findTestObject("Page_cabi Order Items/product_title"), findTestData("productData").getValue("Description", row)): Actual text and expected text of test object 'Object Repository/Page_cabi Order Items/product_title' are matched.

2019-06-26 19:17:28 - [MESSAGE][PASSED] - Actual text and expected text of test object 'Object Repository/Page_cabi Order Items/product_title' are matched.

2019-06-26 19:17:28 - [TEST_STEP][PASSED] - verifyElementText(findTestObject("Page_cabi Order Items/product_fabric"), findTestData("productData").getValue("FinalContent", row)): Actual text and expected text of test object 'Object Repository/Page_cabi Order Items/product_fabric' are matched.

2019-06-26 19:17:28 - [MESSAGE][PASSED] - Actual text and expected text of test object 'Object Repository/Page_cabi Order Items/product_fabric' are matched.

2019-06-26 19:17:28 - [TEST_STEP][PASSED] - actualCasreIntrn = "<div>" + getText(findTestObject("Page_cabi Order Items/care_instruction")) + "</div>": Text of object 'Object Repository/Page_cabi Order Items/care_instruction' is: 'Turn garment inside out and place in a mesh bag. Machine wash separately in cold water on the delicate cycle. Only non-chlorine bleach if needed. Do not twist or wring. Lay flat to dry. Warm iron if needed. Can be dry cleaned.'

2019-06-26 19:17:28 - [MESSAGE][PASSED] - Text of object 'Object Repository/Page_cabi Order Items/care_instruction' is: 'Turn garment inside out and place in a mesh bag. Machine wash separately in cold water on the delicate cycle. Only non-chlorine bleach if needed. Do not twist or wring. Lay flat to dry. Warm iron if needed. Can be dry cleaned.'

2019-06-26 19:17:28 - [TEST_STEP][PASSED] - assert actualCasreIntrn.equals(findTestData("productData").getValue("CareInstr", row)): null

2019-06-26 19:17:28 - [MESSAGE][PASSED] - Call Test Case 'Test Cases/NewArrival/productVerify' successfully

2019-06-26 19:17:28 - [TEST_STEP][PASSED] - rightClick(findTestObject("Page_cabi Home/a_Shows  Orders")): Object: 'Object Repository/Page_cabi Home/a_Shows  Orders' is right clicked on

2019-06-26 19:17:28 - [MESSAGE][PASSED] - Object: 'Object Repository/Page_cabi Home/a_Shows  Orders' is right clicked on

2019-06-26 19:17:28 - [TEST_STEP][PASSED] - click(findTestObject("Page_cabi Home/a_retail_purchases")): Object: 'Object Repository/Page_cabi Home/a_retail_purchases' is clicked on

2019-06-26 19:17:32 - [MESSAGE][PASSED] - Object: 'Object Repository/Page_cabi Home/a_retail_purchases' is clicked on

2019-06-26 19:17:32 - [TEST_STEP][PASSED] - delay(3): Delayed 3 second(s)

2019-06-26 19:17:35 - [MESSAGE][PASSED] - Delayed 3 second(s)

2019-06-26 19:17:35 - [TEST_STEP][PASSED] - click(findTestObject("Object Repository/Page_cabi Home/existingCustomer")): Object: 'Object Repository/Page_cabi Home/existingCustomer' is clicked on

2019-06-26 19:17:35 - [MESSAGE][PASSED] - Object: 'Object Repository/Page_cabi Home/existingCustomer' is clicked on

2019-06-26 19:17:35 - [TEST_STEP][PASSED] - contactNumber = 5: null

2019-06-26 19:17:35 - [TEST_STEP][PASSED] - firstName = findTestData("contactData").getValue("firstName", contactNumber): null

2019-06-26 19:17:35 - [TEST_STEP][PASSED] - lastName = findTestData("contactData").getValue("lastName", contactNumber): null

2019-06-26 19:17:35 - [TEST_STEP][PASSED] - email = findTestData("contactData").getValue("email", contactNumber): null

2019-06-26 19:17:36 - [TEST_STEP][PASSED] - address1 = findTestData("contactData").getValue("address1", contactNumber): null

2019-06-26 19:17:36 - [TEST_STEP][PASSED] - city = findTestData("contactData").getValue("city", contactNumber): null

2019-06-26 19:17:36 - [TEST_STEP][PASSED] - state = findTestData("contactData").getValue("state", contactNumber): null

2019-06-26 19:17:36 - [TEST_STEP][PASSED] - zip = findTestData("contactData").getValue("zip", contactNumber): null

2019-06-26 19:17:36 - [TEST_STEP][PASSED] - existingCustFName = firstName: null

2019-06-26 19:17:36 - [TEST_STEP][PASSED] - existingCustLName = lastName: null

2019-06-26 19:17:36 - [TEST_STEP][PASSED] - space = " ": null

2019-06-26 19:17:36 - [TEST_STEP][PASSED] - existingCust = $existingCustFName$space$existingCustLName: null

2019-06-26 19:17:36 - [TEST_STEP][PASSED] - setText(findTestObject("Object Repository/Page_cabi Home/input_existing_guest"), existingCust): Text 'Michigan Contact' is set on object 'Object Repository/Page_cabi Home/input_existing_guest'

2019-06-26 19:17:36 - [MESSAGE][PASSED] - Text 'Michigan Contact' is set on object 'Object Repository/Page_cabi Home/input_existing_guest'

2019-06-26 19:17:36 - [TEST_STEP][PASSED] - delay(3): Delayed 3 second(s)

2019-06-26 19:17:39 - [MESSAGE][PASSED] - Delayed 3 second(s)

2019-06-26 19:17:39 - [TEST_STEP][PASSED] - rightClick(findTestObject("Object Repository/Page_cabi Home/input_existing_guest")): Object: 'Object Repository/Page_cabi Home/input_existing_guest' is right clicked on

2019-06-26 19:17:39 - [MESSAGE][PASSED] - Object: 'Object Repository/Page_cabi Home/input_existing_guest' is right clicked on

2019-06-26 19:17:39 - [TEST_STEP][PASSED] - rightClick(findTestObject("Object Repository/Page_cabi Home/input_existing_guest")): Object: 'Object Repository/Page_cabi Home/input_existing_guest' is right clicked on

2019-06-26 19:17:39 - [MESSAGE][PASSED] - Object: 'Object Repository/Page_cabi Home/input_existing_guest' is right clicked on

2019-06-26 19:17:39 - [TEST_STEP][PASSED] - click(findTestObject("Object Repository/Page_cabi Create Show - Set Hostess/a_select_customer")): Object: 'Object Repository/Page_cabi Create Show - Set Hostess/a_select_customer' is clicked on

2019-06-26 19:17:40 - [MESSAGE][PASSED] - Object: 'Object Repository/Page_cabi Create Show - Set Hostess/a_select_customer' is clicked on

2019-06-26 19:17:40 - [TEST_STEP][PASSED] - setText(findTestObject("Object Repository/Page_cabi Home/input_existing_guest"), existingCust): Text 'Michigan Contact' is set on object 'Object Repository/Page_cabi Home/input_existing_guest'

2019-06-26 19:17:40 - [MESSAGE][PASSED] - Text 'Michigan Contact' is set on object 'Object Repository/Page_cabi Home/input_existing_guest'

2019-06-26 19:17:40 - [TEST_STEP][PASSED] - setText(findTestObject("Object Repository/Page_cabi Retail Store/input_email"), email): Text 'michigan@na.com' is set on object 'Object Repository/Page_cabi Retail Store/input_email'

2019-06-26 19:17:41 - [MESSAGE][PASSED] - Text 'michigan@na.com' is set on object 'Object Repository/Page_cabi Retail Store/input_email'

2019-06-26 19:17:41 - [TEST_STEP][PASSED] - setText(findTestObject("Object Repository/Page_cabi Edit Customer Profile/input_Address1_address1"), address1): Text '972 BRAHMS CT' is set on object 'Object Repository/Page_cabi Edit Customer Profile/input_Address1_address1'

2019-06-26 19:17:41 - [MESSAGE][PASSED] - Text '972 BRAHMS CT' is set on object 'Object Repository/Page_cabi Edit Customer Profile/input_Address1_address1'

2019-06-26 19:17:41 - [TEST_STEP][PASSED] - setText(findTestObject("Object Repository/Page_cabi Edit Customer Profile/input_Address2_address2"), ""): Text '' is set on object 'Object Repository/Page_cabi Edit Customer Profile/input_Address2_address2'

2019-06-26 19:17:41 - [MESSAGE][PASSED] - Text '' is set on object 'Object Repository/Page_cabi Edit Customer Profile/input_Address2_address2'

2019-06-26 19:17:41 - [TEST_STEP][PASSED] - setText(findTestObject("Object Repository/Page_cabi Edit Customer Profile/input_City_city"), city): Text 'TROY' is set on object 'Object Repository/Page_cabi Edit Customer Profile/input_City_city'

2019-06-26 19:17:41 - [MESSAGE][PASSED] - Text 'TROY' is set on object 'Object Repository/Page_cabi Edit Customer Profile/input_City_city'

2019-06-26 19:17:41 - [TEST_STEP][PASSED] - click(findTestObject("Page_cabi Edit Customer Profile/span_select_a_state")): Object: 'Object Repository/Page_cabi Edit Customer Profile/span_select_a_state' is clicked on

2019-06-26 19:17:41 - [MESSAGE][PASSED] - Object: 'Object Repository/Page_cabi Edit Customer Profile/span_select_a_state' is clicked on

2019-06-26 19:17:41 - [TEST_STEP][PASSED] - delay(1): Delayed 1 second(s)

2019-06-26 19:17:42 - [MESSAGE][PASSED] - Delayed 1 second(s)

2019-06-26 19:17:42 - [TEST_STEP][PASSED] - setText(findTestObject("Object Repository/Page_cabi Edit Customer Profile/input_state_1"), state): Text 'Michigan' is set on object 'Object Repository/Page_cabi Edit Customer Profile/input_state_1'

2019-06-26 19:17:43 - [MESSAGE][PASSED] - Text 'Michigan' is set on object 'Object Repository/Page_cabi Edit Customer Profile/input_state_1'

2019-06-26 19:17:43 - [TEST_STEP][PASSED] - delay(2): Delayed 2 second(s)

2019-06-26 19:17:45 - [MESSAGE][PASSED] - Delayed 2 second(s)

2019-06-26 19:17:45 - [TEST_STEP][PASSED] - click(findTestObject("Page_cabi Edit Customer Profile/span_state")): Object: 'Object Repository/Page_cabi Edit Customer Profile/span_state' is clicked on

2019-06-26 19:17:45 - [MESSAGE][PASSED] - Object: 'Object Repository/Page_cabi Edit Customer Profile/span_state' is clicked on

2019-06-26 19:17:45 - [TEST_STEP][PASSED] - setText(findTestObject("Page_cabi Edit Customer Profile/input_state_postalCode"), zip): Text '48085' is set on object 'Object Repository/Page_cabi Edit Customer Profile/input_state_postalCode'

2019-06-26 19:17:45 - [MESSAGE][PASSED] - Text '48085' is set on object 'Object Repository/Page_cabi Edit Customer Profile/input_state_postalCode'

2019-06-26 19:17:45 - [TEST_STEP][PASSED] - delay(10): Delayed 10 second(s)

2019-06-26 19:17:55 - [MESSAGE][PASSED] - Delayed 10 second(s)

2019-06-26 19:17:55 - [TEST_STEP][PASSED] - click(findTestObject("Object Repository/Page_cabi Home/a_same_shipping_address")): Object: 'Object Repository/Page_cabi Home/a_same_shipping_address' is clicked on

2019-06-26 19:17:55 - [MESSAGE][PASSED] - Object: 'Object Repository/Page_cabi Home/a_same_shipping_address' is clicked on

2019-06-26 19:17:55 - [TEST_STEP][PASSED] - delay(10): Delayed 10 second(s)

2019-06-26 19:18:05 - [MESSAGE][PASSED] - Delayed 10 second(s)

2019-06-26 19:18:05 - [TEST_STEP][PASSED] - click(findTestObject("Page_cabi Retail Store/span_next_1")): Object: 'Object Repository/Page_cabi Retail Store/span_next_1' is clicked on

2019-06-26 19:18:06 - [MESSAGE][PASSED] - Object: 'Object Repository/Page_cabi Retail Store/span_next_1' is clicked on

2019-06-26 19:18:06 - [TEST_STEP][PASSED] - delay(3): Delayed 3 second(s)

2019-06-26 19:18:09 - [MESSAGE][PASSED] - Delayed 3 second(s)

2019-06-26 19:18:09 - [TEST_STEP][PASSED] - callTestCase(findTestCase("NewArrival/productVerify"), ["available":BORetail, "storeType":"BORetail"], STOP_ON_FAILURE): Call Test Case 'Test Cases/NewArrival/productVerify' successfully

2019-06-26 19:18:09 - [TEST_CASE][PASSED] - Test Cases/NewArrival/productVerify: Test Cases/NewArrival/productVerify

2019-06-26 19:18:09 - [TEST_STEP][PASSED] - for ([row = 1, row <= findTestData("productData").getRowNumbers(), (row++)]): null

2019-06-26 19:18:09 - [TEST_STEP][PASSED] - setText(findTestObject("Object Repository/Page_cabi Order Items/input_New Arrivals - Blooming Blush_style"), findTestData("productData").getValue("Style", row)): Text '5618' is set on object 'Object Repository/Page_cabi Order Items/input_New Arrivals - Blooming Blush_style'

2019-06-26 19:18:10 - [MESSAGE][PASSED] - Text '5618' is set on object 'Object Repository/Page_cabi Order Items/input_New Arrivals - Blooming Blush_style'

2019-06-26 19:18:10 - [TEST_STEP][PASSED] - sendKeys(findTestObject("Object Repository/Page_cabi Order Items/input_New Arrivals - Blooming Blush_style"), Keys.chord(ENTER)): Keys 'ENTER + ' sent to object: 'Object Repository/Page_cabi Order Items/input_New Arrivals - Blooming Blush_style'

2019-06-26 19:18:10 - [MESSAGE][PASSED] - Keys 'ENTER + ' sent to object: 'Object Repository/Page_cabi Order Items/input_New Arrivals - Blooming Blush_style'

2019-06-26 19:18:10 - [TEST_STEP][PASSED] - delay(5): Delayed 5 second(s)

2019-06-26 19:18:15 - [MESSAGE][PASSED] - Delayed 5 second(s)

2019-06-26 19:18:15 - [TEST_STEP][PASSED] - if (toString().equalsIgnoreCase("no")): null

2019-06-26 19:18:15 - [TEST_STEP][PASSED] - else: null

2019-06-26 19:18:15 - [TEST_STEP][PASSED] - click(findTestObject("Page_cabi Order Items/li_order_item")): Object: 'Object Repository/Page_cabi Order Items/li_order_item' is clicked on

2019-06-26 19:18:15 - [MESSAGE][PASSED] - Object: 'Object Repository/Page_cabi Order Items/li_order_item' is clicked on

2019-06-26 19:18:15 - [TEST_STEP][PASSED] - delay(5): Delayed 5 second(s)

2019-06-26 19:18:20 - [MESSAGE][PASSED] - Delayed 5 second(s)

2019-06-26 19:18:20 - [TEST_STEP][PASSED] - imgString1 = getValue("Style", row).toString(): null

2019-06-26 19:18:20 - [TEST_STEP][PASSED] - imagePath = UtilityMethods.createScreenshotImagePath(storeType, imgString1): null

2019-06-26 19:18:20 - [TEST_STEP][PASSED] - println(imagePath): null

2019-06-26 19:18:20 - [TEST_STEP][PASSED] - takeScreenshot(imagePath): Taking screenshot successfully

2019-06-26 19:18:21 - [MESSAGE][PASSED] - Taking screenshot successfully
[[ATTACHMENT|C:\\Users\\user\\Documents\\testautomation\\KatalonProjects\\productImages\\BORetail_5618 image.png]]

2019-06-26 19:18:21 - [TEST_STEP][PASSED] - verifyElementText(findTestObject("Page_cabi Order Items/GetAttribute_getID"), findTestData("productData").getValue("Style", row)): Actual text and expected text of test object 'Object Repository/Page_cabi Order Items/GetAttribute_getID' are matched.

2019-06-26 19:18:21 - [MESSAGE][PASSED] - Actual text and expected text of test object 'Object Repository/Page_cabi Order Items/GetAttribute_getID' are matched.

2019-06-26 19:18:21 - [TEST_STEP][PASSED] - colorOptions = findWebElements(findTestObject("Page_cabi Order Items/GetAttribute_Color"), 5): null

2019-06-26 19:18:21 - [TEST_STEP][PASSED] - println(colorOptions.size()): null

2019-06-26 19:18:21 - [TEST_STEP][PASSED] - expectedColour = findTestData("productData").getValue("Color", row): null

2019-06-26 19:18:21 - [TEST_STEP][PASSED] - println("expected colour is"): null

2019-06-26 19:18:21 - [TEST_STEP][PASSED] - println(expectedColour): null

2019-06-26 19:18:21 - [TEST_STEP][PASSED] - colourVerified = false: null

2019-06-26 19:18:21 - [TEST_STEP][PASSED] - for (org.openqa.selenium.WebElement op : colorOptions): null

2019-06-26 19:18:21 - [TEST_STEP][PASSED] - println(op.getText()): null

2019-06-26 19:18:21 - [TEST_STEP][PASSED] - if (expectedColour.equalsIgnoreCase(op.getText())): null

2019-06-26 19:18:21 - [TEST_STEP][PASSED] - colourVerified = true: null

2019-06-26 19:18:21 - [TEST_STEP][PASSED] - break: null

2019-06-26 19:18:21 - [TEST_STEP][PASSED] - assert colourVerified == true: null

2019-06-26 19:18:21 - [TEST_STEP][PASSED] - getPrice = getText(findTestObject("Page_cabi Order Items/GetAttribute_Price")): Text of object 'Object Repository/Page_cabi Order Items/GetAttribute_Price' is: 'Price : $119.00'

2019-06-26 19:18:21 - [MESSAGE][PASSED] - Text of object 'Object Repository/Page_cabi Order Items/GetAttribute_Price' is: 'Price : $119.00'

2019-06-26 19:18:21 - [TEST_STEP][PASSED] - Split_Data = UtilityMethods.SplitData(getPrice): null

2019-06-26 19:18:21 - [TEST_STEP][PASSED] - verifyMatch(Split_Data, findTestData("productData").getValue("Retail", row), true): Actual text '119' and expected text '119' are matched  using regular expression

2019-06-26 19:18:21 - [MESSAGE][PASSED] - Actual text '119' and expected text '119' are matched  using regular expression

2019-06-26 19:18:21 - [TEST_STEP][PASSED] - sizeRange1 = ["XXS", "XS", "S", "M", "L", "XL"]: null

2019-06-26 19:18:21 - [TEST_STEP][PASSED] - sizeRange2 = ["00", "0", "2", "4", "6", "8", "10", "12", "14", "16"]: null

2019-06-26 19:18:21 - [TEST_STEP][PASSED] - sizeRange3 = ["Long", "Regular", "Short"]: null

2019-06-26 19:18:21 - [TEST_STEP][PASSED] - sizeRange4 = ["5", "6", "6.5", "7", "7.5", "8", "8.5", "9", "9.5", "10", "11"]: null

2019-06-26 19:18:21 - [TEST_STEP][PASSED] - sizeRangeSplit = UtilityMethods.SplitSizes(findTestData("productData").getValue("SzRange", row)): null

2019-06-26 19:18:21 - [TEST_STEP][PASSED] - sizeType = getText(findTestObject("Object Repository/Page_cabi Order Items/Size")): Text of object 'Object Repository/Page_cabi Order Items/Size' is: 'Select'

2019-06-26 19:18:21 - [MESSAGE][PASSED] - Text of object 'Object Repository/Page_cabi Order Items/Size' is: 'Select'

2019-06-26 19:18:21 - [TEST_STEP][PASSED] - sizeOptions = findWebElements(findTestObject("Object Repository/Page_cabi Order Items/Size"), 5): null

2019-06-26 19:18:21 - [TEST_STEP][PASSED] - actualRange = new java.util.ArrayList(): null

2019-06-26 19:18:21 - [TEST_STEP][PASSED] - expectedRange = <not implemented yet for class: org.codehaus.groovy.ast.expr.EmptyExpression>: null

2019-06-26 19:18:21 - [TEST_STEP][PASSED] - if (sizeType.equalsIgnoreCase("Select")): null

2019-06-26 19:18:21 - [TEST_STEP][PASSED] - for ([i = 1, i < sizeOptions.size(), (i++)]): null

2019-06-26 19:18:21 - [TEST_STEP][PASSED] - actualRange.add(getAttribute("value").toString()): null

2019-06-26 19:18:21 - [TEST_STEP][PASSED] - actualRange.add(getAttribute("value").toString()): null

2019-06-26 19:18:21 - [TEST_STEP][PASSED] - actualRange.add(getAttribute("value").toString()): null

2019-06-26 19:18:21 - [TEST_STEP][PASSED] - actualRange.add(getAttribute("value").toString()): null

2019-06-26 19:18:21 - [TEST_STEP][PASSED] - actualRange.add(getAttribute("value").toString()): null

2019-06-26 19:18:21 - [TEST_STEP][PASSED] - if (toString().equalsIgnoreCase("XS") || toString().equalsIgnoreCase("XXS")): null

2019-06-26 19:18:21 - [TEST_STEP][PASSED] - expectedRange = UtilityMethods.getExpectedRange(sizeRange1, sizeRangeSplit): null

2019-06-26 19:18:21 - [TEST_STEP][PASSED] - println("XS"): null

2019-06-26 19:18:21 - [TEST_STEP][PASSED] - println(expectedRange.toString()): null

2019-06-26 19:18:21 - [TEST_STEP][PASSED] - assert UtilityMethods.listEquals(expectedRange, actualRange) == true: null

2019-06-26 19:18:21 - [TEST_STEP][PASSED] - delay(2): Delayed 2 second(s)

2019-06-26 19:18:23 - [MESSAGE][PASSED] - Delayed 2 second(s)

2019-06-26 19:18:23 - [TEST_STEP][PASSED] - verifyElementText(findTestObject("Page_cabi Order Items/product_title"), findTestData("productData").getValue("Description", row)): Actual text and expected text of test object 'Object Repository/Page_cabi Order Items/product_title' are matched.

2019-06-26 19:18:23 - [MESSAGE][PASSED] - Actual text and expected text of test object 'Object Repository/Page_cabi Order Items/product_title' are matched.

2019-06-26 19:18:23 - [TEST_STEP][PASSED] - verifyElementText(findTestObject("Page_cabi Order Items/product_fabric"), findTestData("productData").getValue("FinalContent", row)): Actual text and expected text of test object 'Object Repository/Page_cabi Order Items/product_fabric' are matched.

2019-06-26 19:18:23 - [MESSAGE][PASSED] - Actual text and expected text of test object 'Object Repository/Page_cabi Order Items/product_fabric' are matched.

2019-06-26 19:18:23 - [TEST_STEP][PASSED] - actualCasreIntrn = "<div>" + getText(findTestObject("Page_cabi Order Items/care_instruction")) + "</div>": Text of object 'Object Repository/Page_cabi Order Items/care_instruction' is: 'Turn garment inside out and place in a mesh bag. Machine wash separately in cold water on the delicate cycle. Only non-chlorine bleach if needed. Do not twist or wring. Lay flat to dry. Warm iron if needed. Can be dry cleaned.'

2019-06-26 19:18:23 - [MESSAGE][PASSED] - Text of object 'Object Repository/Page_cabi Order Items/care_instruction' is: 'Turn garment inside out and place in a mesh bag. Machine wash separately in cold water on the delicate cycle. Only non-chlorine bleach if needed. Do not twist or wring. Lay flat to dry. Warm iron if needed. Can be dry cleaned.'

2019-06-26 19:18:23 - [TEST_STEP][PASSED] - assert actualCasreIntrn.equals(findTestData("productData").getValue("CareInstr", row)): null

2019-06-26 19:18:23 - [MESSAGE][PASSED] - Call Test Case 'Test Cases/NewArrival/productVerify' successfully

2019-06-26 19:18:23 - [TEST_STEP][PASSED] - click(findTestObject("Object Repository/Page_cabi Home/a_Shows  Orders")): Object: 'Object Repository/Page_cabi Home/a_Shows  Orders' is clicked on

2019-06-26 19:18:24 - [MESSAGE][PASSED] - Object: 'Object Repository/Page_cabi Home/a_Shows  Orders' is clicked on

2019-06-26 19:18:24 - [TEST_STEP][PASSED] - delay(3): Delayed 3 second(s)

2019-06-26 19:18:27 - [MESSAGE][PASSED] - Delayed 3 second(s)

2019-06-26 19:18:27 - [TEST_STEP][PASSED] - rightClick(findTestObject("Page_cabi Home/a_online_outline_purchases")): Object: 'Object Repository/Page_cabi Home/a_online_outline_purchases' is right clicked on

2019-06-26 19:18:27 - [MESSAGE][PASSED] - Object: 'Object Repository/Page_cabi Home/a_online_outline_purchases' is right clicked on

2019-06-26 19:18:27 - [TEST_STEP][PASSED] - click(findTestObject("Page_cabi Home/a_online_outline_purchases")): Object: 'Object Repository/Page_cabi Home/a_online_outline_purchases' is clicked on

2019-06-26 19:18:31 - [MESSAGE][PASSED] - Object: 'Object Repository/Page_cabi Home/a_online_outline_purchases' is clicked on

2019-06-26 19:18:31 - [TEST_STEP][PASSED] - click(findTestObject("Object Repository/Page_cabi Online Outlet Store/span_Continue to Order")): Object: 'Object Repository/Page_cabi Online Outlet Store/span_Continue to Order' is clicked on

2019-06-26 19:18:32 - [MESSAGE][PASSED] - Object: 'Object Repository/Page_cabi Online Outlet Store/span_Continue to Order' is clicked on

2019-06-26 19:18:32 - [TEST_STEP][PASSED] - callTestCase(findTestCase("NewArrival/productVerify"), ["available":BOOnlineoutlet, "storeType":"BOOnlineoutlet"], STOP_ON_FAILURE): Call Test Case 'Test Cases/NewArrival/productVerify' successfully

2019-06-26 19:18:32 - [TEST_CASE][PASSED] - Test Cases/NewArrival/productVerify: Test Cases/NewArrival/productVerify

2019-06-26 19:18:32 - [TEST_STEP][PASSED] - for ([row = 1, row <= findTestData("productData").getRowNumbers(), (row++)]): Actual text and expected text of test object 'Object Repository/Page_cabi Order Items/no_result_found' are matched.

2019-06-26 19:18:32 - [TEST_STEP][PASSED] - setText(findTestObject("Object Repository/Page_cabi Order Items/input_New Arrivals - Blooming Blush_style"), findTestData("productData").getValue("Style", row)): Text '5618' is set on object 'Object Repository/Page_cabi Order Items/input_New Arrivals - Blooming Blush_style'

2019-06-26 19:18:33 - [MESSAGE][PASSED] - Text '5618' is set on object 'Object Repository/Page_cabi Order Items/input_New Arrivals - Blooming Blush_style'

2019-06-26 19:18:33 - [TEST_STEP][PASSED] - sendKeys(findTestObject("Object Repository/Page_cabi Order Items/input_New Arrivals - Blooming Blush_style"), Keys.chord(ENTER)): Keys 'ENTER + ' sent to object: 'Object Repository/Page_cabi Order Items/input_New Arrivals - Blooming Blush_style'

2019-06-26 19:18:33 - [MESSAGE][PASSED] - Keys 'ENTER + ' sent to object: 'Object Repository/Page_cabi Order Items/input_New Arrivals - Blooming Blush_style'

2019-06-26 19:18:33 - [TEST_STEP][PASSED] - delay(5): Delayed 5 second(s)

2019-06-26 19:18:38 - [MESSAGE][PASSED] - Delayed 5 second(s)

2019-06-26 19:18:38 - [TEST_STEP][PASSED] - if (toString().equalsIgnoreCase("no")): Actual text and expected text of test object 'Object Repository/Page_cabi Order Items/no_result_found' are matched.

2019-06-26 19:18:38 - [TEST_STEP][PASSED] - noResultMessages = findWebElements(findTestObject("Page_cabi Order Items/no_result_found"), 5): null

2019-06-26 19:18:38 - [TEST_STEP][PASSED] - assert noResultMessages.size() > 0: null

2019-06-26 19:18:38 - [TEST_STEP][PASSED] - verifyElementText(findTestObject("Page_cabi Order Items/no_result_found"), "No Results Found!"): Actual text and expected text of test object 'Object Repository/Page_cabi Order Items/no_result_found' are matched.

2019-06-26 19:18:39 - [MESSAGE][PASSED] - Actual text and expected text of test object 'Object Repository/Page_cabi Order Items/no_result_found' are matched.

2019-06-26 19:18:39 - [MESSAGE][PASSED] - Call Test Case 'Test Cases/NewArrival/productVerify' successfully

2019-06-26 19:18:39 - [TEST_STEP][PASSED] - callTestCase(findTestCase("NewArrival/createAPhysicalShow_IMHostess"), ["BOURL":"", "BOuser":"", "BOpass":""], STOP_ON_FAILURE): Call Test Case 'Test Cases/NewArrival/createAPhysicalShow_IMHostess' successfully

2019-06-26 19:18:39 - [TEST_CASE][PASSED] - Test Cases/NewArrival/createAPhysicalShow_IMHostess: Test Cases/NewArrival/createAPhysicalShow_IMHostess

2019-06-26 19:18:39 - [TEST_STEP][PASSED] - BOURL = findTestData("credData").getValue("BOURL", 1): null

2019-06-26 19:18:39 - [TEST_STEP][PASSED] - BOuser = findTestData("credData").getValue("BOuser", 1): null

2019-06-26 19:18:39 - [TEST_STEP][PASSED] - BOpass = findTestData("credData").getValue("BOpass", 1): null

2019-06-26 19:18:39 - [TEST_STEP][PASSED] - callTestCase(findTestCase("TestCaseUtilities/backOfficeLogin"), ["BOURL":"", "BOuser":"", "BOpass":""], STOP_ON_FAILURE): Call Test Case 'Test Cases/TestCaseUtilities/backOfficeLogin' successfully

2019-06-26 19:18:39 - [TEST_CASE][PASSED] - Test Cases/TestCaseUtilities/backOfficeLogin: Test Cases/TestCaseUtilities/backOfficeLogin

2019-06-26 19:18:39 - [TEST_STEP][PASSED] - BOURL = findTestData("credData").getValue("BOURL", 1): null

2019-06-26 19:18:39 - [TEST_STEP][PASSED] - BOuser = findTestData("credData").getValue("BOuser", 1): null

2019-06-26 19:18:39 - [TEST_STEP][PASSED] - BOpass = findTestData("credData").getValue("BOpass", 1): null

2019-06-26 19:18:39 - [TEST_STEP][PASSED] - navigateToUrl(BOURL): Navigate to 'https://test14.cliotest.com/backoffice/control/main' successfully

2019-06-26 19:18:45 - [MESSAGE][PASSED] - Navigate to 'https://test14.cliotest.com/backoffice/control/main' successfully

2019-06-26 19:18:45 - [TEST_STEP][PASSED] - logOut = findWebElements(findTestObject("Object Repository/Page_cabi Home/log_out"), 1): null

2019-06-26 19:18:45 - [TEST_STEP][PASSED] - if (logOut.size() == 0): null

2019-06-26 19:18:45 - [TEST_STEP][PASSED] - delay(3): Delayed 3 second(s)

2019-06-26 19:18:48 - [MESSAGE][PASSED] - Delayed 3 second(s)

2019-06-26 19:18:48 - [MESSAGE][PASSED] - Call Test Case 'Test Cases/TestCaseUtilities/backOfficeLogin' successfully

2019-06-26 19:18:48 - [TEST_STEP][PASSED] - delay(3): Delayed 3 second(s)

2019-06-26 19:18:51 - [MESSAGE][PASSED] - Delayed 3 second(s)

2019-06-26 19:18:51 - [TEST_STEP][PASSED] - rightClick(findTestObject("Page_cabi Home/a_Shows  Orders")): Object: 'Object Repository/Page_cabi Home/a_Shows  Orders' is right clicked on

2019-06-26 19:18:51 - [MESSAGE][PASSED] - Object: 'Object Repository/Page_cabi Home/a_Shows  Orders' is right clicked on

2019-06-26 19:18:51 - [TEST_STEP][PASSED] - click(findTestObject("Page_cabi Home/a_Create_A_Show")): Object: 'Object Repository/Page_cabi Home/a_Create_A_Show' is clicked on

2019-06-26 19:18:55 - [MESSAGE][PASSED] - Object: 'Object Repository/Page_cabi Home/a_Create_A_Show' is clicked on

2019-06-26 19:18:55 - [TEST_STEP][PASSED] - click(findTestObject("Page_cabi Home/select_i_am_hostess")): Object: 'Object Repository/Page_cabi Home/select_i_am_hostess' is clicked on

2019-06-26 19:18:55 - [MESSAGE][PASSED] - Object: 'Object Repository/Page_cabi Home/select_i_am_hostess' is clicked on

2019-06-26 19:18:55 - [TEST_STEP][PASSED] - delay(5): Delayed 5 second(s)

2019-06-26 19:19:00 - [MESSAGE][PASSED] - Delayed 5 second(s)

2019-06-26 19:19:00 - [TEST_STEP][PASSED] - click(findTestObject("Page_cabi Create Show - Set Hostess/input_next")): Object: 'Object Repository/Page_cabi Create Show - Set Hostess/input_next' is clicked on

2019-06-26 19:19:03 - [MESSAGE][PASSED] - Object: 'Object Repository/Page_cabi Create Show - Set Hostess/input_next' is clicked on

2019-06-26 19:19:03 - [TEST_STEP][PASSED] - delay(3): Delayed 3 second(s)

2019-06-26 19:19:06 - [MESSAGE][PASSED] - Delayed 3 second(s)

2019-06-26 19:19:06 - [TEST_STEP][PASSED] - rightClick(findTestObject("Object Repository/Page_cabi Create ShowTime_Place/input_Show_date_time")): Object: 'Object Repository/Page_cabi Create ShowTime_Place/input_Show_date_time' is right clicked on

2019-06-26 19:19:06 - [MESSAGE][PASSED] - Object: 'Object Repository/Page_cabi Create ShowTime_Place/input_Show_date_time' is right clicked on

2019-06-26 19:19:06 - [TEST_STEP][PASSED] - rightClick(findTestObject("Object Repository/Page_cabi Create ShowTime_Place/a_16")): Object: 'Object Repository/Page_cabi Create ShowTime_Place/a_16' is right clicked on

2019-06-26 19:19:06 - [MESSAGE][PASSED] - Object: 'Object Repository/Page_cabi Create ShowTime_Place/a_16' is right clicked on

2019-06-26 19:19:06 - [TEST_STEP][PASSED] - click(findTestObject("Object Repository/Page_cabi Create ShowTime_Place/a_16")): Object: 'Object Repository/Page_cabi Create ShowTime_Place/a_16' is clicked on

2019-06-26 19:19:06 - [MESSAGE][PASSED] - Object: 'Object Repository/Page_cabi Create ShowTime_Place/a_16' is clicked on

2019-06-26 19:19:06 - [TEST_STEP][PASSED] - click(findTestObject("Object Repository/Page_cabi Create ShowTime_Place/b")): Object: 'Object Repository/Page_cabi Create ShowTime_Place/b' is clicked on

2019-06-26 19:19:06 - [MESSAGE][PASSED] - Object: 'Object Repository/Page_cabi Create ShowTime_Place/b' is clicked on

2019-06-26 19:19:06 - [TEST_STEP][PASSED] - click(findTestObject("Object Repository/Page_cabi Create ShowTime_Place/div_Location for ShowSame as Hostess Home Address")): Object: 'Object Repository/Page_cabi Create ShowTime_Place/div_Location for ShowSame as Hostess Home Address' is clicked on

2019-06-26 19:19:07 - [MESSAGE][PASSED] - Object: 'Object Repository/Page_cabi Create ShowTime_Place/div_Location for ShowSame as Hostess Home Address' is clicked on

2019-06-26 19:19:07 - [TEST_STEP][PASSED] - click(findTestObject("Object Repository/Page_cabi Create ShowTime_Place/input__address_Same_as_hostess")): Object: 'Object Repository/Page_cabi Create ShowTime_Place/input__address_Same_as_hostess' is clicked on

2019-06-26 19:19:07 - [MESSAGE][PASSED] - Object: 'Object Repository/Page_cabi Create ShowTime_Place/input__address_Same_as_hostess' is clicked on

2019-06-26 19:19:07 - [TEST_STEP][PASSED] - click(findTestObject("Object Repository/Page_cabi Create ShowTime_Place/input_Same as show location")): Object: 'Object Repository/Page_cabi Create ShowTime_Place/input_Same as show location' is clicked on

2019-06-26 19:19:07 - [MESSAGE][PASSED] - Object: 'Object Repository/Page_cabi Create ShowTime_Place/input_Same as show location' is clicked on

2019-06-26 19:19:07 - [TEST_STEP][PASSED] - delay(3): Delayed 3 second(s)

2019-06-26 19:19:10 - [MESSAGE][PASSED] - Delayed 3 second(s)

2019-06-26 19:19:10 - [TEST_STEP][PASSED] - click(findTestObject("Object Repository/Page_cabi Create ShowTime_Place/label_Tax Rate Calculated")): Object: 'Object Repository/Page_cabi Create ShowTime_Place/label_Tax Rate Calculated' is clicked on

2019-06-26 19:19:10 - [MESSAGE][PASSED] - Object: 'Object Repository/Page_cabi Create ShowTime_Place/label_Tax Rate Calculated' is clicked on

2019-06-26 19:19:10 - [TEST_STEP][PASSED] - click(findTestObject("Object Repository/Page_cabi Create ShowTime_Place/input_Back_section")): Object: 'Object Repository/Page_cabi Create ShowTime_Place/input_Back_section' is clicked on

2019-06-26 19:19:10 - [MESSAGE][PASSED] - Object: 'Object Repository/Page_cabi Create ShowTime_Place/input_Back_section' is clicked on

2019-06-26 19:19:10 - [TEST_STEP][PASSED] - delay(3): Delayed 3 second(s)

2019-06-26 19:19:13 - [MESSAGE][PASSED] - Delayed 3 second(s)

2019-06-26 19:19:13 - [TEST_STEP][PASSED] - click(findTestObject("Page_cabi Create ShowTime_Place/input_ShowSummaryTab")): Object: 'Object Repository/Page_cabi Create ShowTime_Place/input_ShowSummaryTab' is clicked on

2019-06-26 19:19:16 - [MESSAGE][PASSED] - Object: 'Object Repository/Page_cabi Create ShowTime_Place/input_ShowSummaryTab' is clicked on

2019-06-26 19:19:16 - [MESSAGE][PASSED] - Call Test Case 'Test Cases/NewArrival/createAPhysicalShow_IMHostess' successfully

2019-06-26 19:19:16 - [TEST_STEP][PASSED] - delay(2): Delayed 2 second(s)

2019-06-26 19:19:18 - [MESSAGE][PASSED] - Delayed 2 second(s)

2019-06-26 19:19:18 - [TEST_STEP][PASSED] - click(findTestObject("Object Repository/Page_cabi Orders/span_orders")): Object: 'Object Repository/Page_cabi Orders/span_orders' is clicked on

2019-06-26 19:19:20 - [MESSAGE][PASSED] - Object: 'Object Repository/Page_cabi Orders/span_orders' is clicked on

2019-06-26 19:19:20 - [TEST_STEP][PASSED] - click(findTestObject("Object Repository/Page_cabi Orders/button_placeOrder")): Object: 'Object Repository/Page_cabi Orders/button_placeOrder' is clicked on

2019-06-26 19:19:23 - [MESSAGE][PASSED] - Object: 'Object Repository/Page_cabi Orders/button_placeOrder' is clicked on

2019-06-26 19:19:23 - [TEST_STEP][PASSED] - delay(2): Delayed 2 second(s)

2019-06-26 19:19:25 - [MESSAGE][PASSED] - Delayed 2 second(s)

2019-06-26 19:19:25 - [TEST_STEP][PASSED] - click(findTestObject("Object Repository/Page_cabi Order Entry/span_orderItems")): Object: 'Object Repository/Page_cabi Order Entry/span_orderItems' is clicked on

2019-06-26 19:19:25 - [MESSAGE][PASSED] - Object: 'Object Repository/Page_cabi Order Entry/span_orderItems' is clicked on

2019-06-26 19:19:25 - [TEST_STEP][PASSED] - delay(2): Delayed 2 second(s)

2019-06-26 19:19:27 - [MESSAGE][PASSED] - Delayed 2 second(s)

2019-06-26 19:19:27 - [TEST_STEP][PASSED] - callTestCase(findTestCase("NewArrival/productVerifyShort"), ["available":BOShow], STOP_ON_FAILURE): Call Test Case 'Test Cases/NewArrival/productVerifyShort' successfully

2019-06-26 19:19:27 - [TEST_CASE][PASSED] - Test Cases/NewArrival/productVerifyShort: Test Cases/NewArrival/productVerifyShort

2019-06-26 19:19:27 - [TEST_STEP][PASSED] - for ([row = 1, row <= findTestData("productData").getRowNumbers(), (row++)]): Delayed 3 second(s)

2019-06-26 19:19:27 - [TEST_STEP][PASSED] - delay(2): Delayed 2 second(s)

2019-06-26 19:19:29 - [MESSAGE][PASSED] - Delayed 2 second(s)

2019-06-26 19:19:29 - [TEST_STEP][PASSED] - setText(findTestObject("Object Repository/Page_cabi Create Order/input_Manual Discount_stylelookup_0"), findTestData("productData").getValue("Style", row)): Text '5618' is set on object 'Object Repository/Page_cabi Create Order/input_Manual Discount_stylelookup_0'

2019-06-26 19:19:29 - [MESSAGE][PASSED] - Text '5618' is set on object 'Object Repository/Page_cabi Create Order/input_Manual Discount_stylelookup_0'

2019-06-26 19:19:29 - [TEST_STEP][PASSED] - delay(2): Delayed 2 second(s)

2019-06-26 19:19:31 - [MESSAGE][PASSED] - Delayed 2 second(s)

2019-06-26 19:19:31 - [TEST_STEP][PASSED] - prod_message = getText(findTestObject("Page_cabi Create Order/first_option")): Text of object 'Object Repository/Page_cabi Create Order/first_option' is: '5618 Breeze Dress'

2019-06-26 19:19:31 - [MESSAGE][PASSED] - Text of object 'Object Repository/Page_cabi Create Order/first_option' is: '5618 Breeze Dress'

2019-06-26 19:19:31 - [TEST_STEP][PASSED] - delay(1): Delayed 1 second(s)

2019-06-26 19:19:32 - [MESSAGE][PASSED] - Delayed 1 second(s)

2019-06-26 19:19:32 - [TEST_STEP][PASSED] - click(findTestObject("Page_cabi Create Order/first_option")): Object: 'Object Repository/Page_cabi Create Order/first_option' is clicked on

2019-06-26 19:19:32 - [MESSAGE][PASSED] - Object: 'Object Repository/Page_cabi Create Order/first_option' is clicked on

2019-06-26 19:19:32 - [TEST_STEP][PASSED] - if (toString().equalsIgnoreCase("no")): null

2019-06-26 19:19:32 - [TEST_STEP][PASSED] - else: Delayed 3 second(s)

2019-06-26 19:19:32 - [TEST_STEP][PASSED] - delay(3): Delayed 3 second(s)

2019-06-26 19:19:35 - [MESSAGE][PASSED] - Delayed 3 second(s)

2019-06-26 19:19:35 - [TEST_STEP][PASSED] - s1 = getValue("Style", row).toString(): null

2019-06-26 19:19:35 - [TEST_STEP][PASSED] - s2 = " ": null

2019-06-26 19:19:35 - [TEST_STEP][PASSED] - s3 = getValue("Description", row).toString(): null

2019-06-26 19:19:35 - [TEST_STEP][PASSED] - expectedStyleDescription = $s1$s2$s3: null

2019-06-26 19:19:35 - [TEST_STEP][PASSED] - prod_message = UtilityMethods.splitStyle(prod_message): null

2019-06-26 19:19:35 - [TEST_STEP][PASSED] - println(prod_message): null

2019-06-26 19:19:35 - [TEST_STEP][PASSED] - assert prod_message.equalsIgnoreCase(expectedStyleDescription): null

2019-06-26 19:19:35 - [TEST_STEP][PASSED] - delay(3): Delayed 3 second(s)

2019-06-26 19:19:38 - [MESSAGE][PASSED] - Delayed 3 second(s)

2019-06-26 19:19:38 - [TEST_STEP][PASSED] - colorOptions = findWebElements(findTestObject("Page_cabi Order Items/GetAttribute_Color"), 5): null

2019-06-26 19:19:38 - [TEST_STEP][PASSED] - println(colorOptions.size()): null

2019-06-26 19:19:38 - [TEST_STEP][PASSED] - expectedColour = findTestData("productData").getValue("Color", row): null

2019-06-26 19:19:38 - [TEST_STEP][PASSED] - println("expected colour is"): null

2019-06-26 19:19:38 - [TEST_STEP][PASSED] - println(expectedColour): null

2019-06-26 19:19:38 - [TEST_STEP][PASSED] - colourVerified = false: null

2019-06-26 19:19:38 - [TEST_STEP][PASSED] - for (org.openqa.selenium.WebElement op : colorOptions): null

2019-06-26 19:19:38 - [TEST_STEP][PASSED] - println(op.getText()): null

2019-06-26 19:19:38 - [TEST_STEP][PASSED] - if (expectedColour.equalsIgnoreCase(op.getText())): null

2019-06-26 19:19:38 - [TEST_STEP][PASSED] - colourVerified = true: null

2019-06-26 19:19:38 - [TEST_STEP][PASSED] - break: null

2019-06-26 19:19:38 - [TEST_STEP][PASSED] - assert colourVerified == true: null

2019-06-26 19:19:38 - [TEST_STEP][PASSED] - getPrice = getText(findTestObject("Page_cabi Create Order/retail_price")): Text of object 'Object Repository/Page_cabi Create Order/retail_price' is: '$119.00'

2019-06-26 19:19:38 - [MESSAGE][PASSED] - Text of object 'Object Repository/Page_cabi Create Order/retail_price' is: '$119.00'

2019-06-26 19:19:38 - [TEST_STEP][PASSED] - Split_Data = UtilityMethods.SplitData(getPrice): null

2019-06-26 19:19:38 - [TEST_STEP][PASSED] - verifyMatch(Split_Data, findTestData("productData").getValue("Retail", row), true): Actual text '119' and expected text '119' are matched  using regular expression

2019-06-26 19:19:38 - [MESSAGE][PASSED] - Actual text '119' and expected text '119' are matched  using regular expression

2019-06-26 19:19:38 - [TEST_STEP][PASSED] - sizeRange1 = ["XXS", "XS", "S", "M", "L", "XL"]: null

2019-06-26 19:19:38 - [TEST_STEP][PASSED] - sizeRange2 = ["00", "0", "2", "4", "6", "8", "10", "12", "14", "16"]: null

2019-06-26 19:19:38 - [TEST_STEP][PASSED] - sizeRange3 = ["Long", "Regular", "Short"]: null

2019-06-26 19:19:38 - [TEST_STEP][PASSED] - sizeRange4 = ["5", "6", "6.5", "7", "7.5", "8", "8.5", "9", "9.5", "10", "11"]: null

2019-06-26 19:19:38 - [TEST_STEP][PASSED] - sizeRangeSplit = UtilityMethods.SplitSizes(findTestData("productData").getValue("SzRange", row)): null

2019-06-26 19:19:38 - [TEST_STEP][PASSED] - sizeType = getText(findTestObject("Object Repository/Page_cabi Order Items/Size")): Text of object 'Object Repository/Page_cabi Order Items/Size' is: 'Select'

2019-06-26 19:19:39 - [MESSAGE][PASSED] - Text of object 'Object Repository/Page_cabi Order Items/Size' is: 'Select'

2019-06-26 19:19:39 - [TEST_STEP][PASSED] - sizeOptions = findWebElements(findTestObject("Object Repository/Page_cabi Order Items/Size"), 5): null

2019-06-26 19:19:39 - [TEST_STEP][PASSED] - actualRange = new java.util.ArrayList(): null

2019-06-26 19:19:39 - [TEST_STEP][PASSED] - expectedRange = <not implemented yet for class: org.codehaus.groovy.ast.expr.EmptyExpression>: null

2019-06-26 19:19:39 - [TEST_STEP][PASSED] - if (sizeType.equalsIgnoreCase("Select")): null

2019-06-26 19:19:39 - [TEST_STEP][PASSED] - for ([i = 1, i < sizeOptions.size(), (i++)]): null

2019-06-26 19:19:39 - [TEST_STEP][PASSED] - actualRange.add(get(i).getText()): null

2019-06-26 19:19:39 - [TEST_STEP][PASSED] - actualRange.add(get(i).getText()): null

2019-06-26 19:19:39 - [TEST_STEP][PASSED] - actualRange.add(get(i).getText()): null

2019-06-26 19:19:39 - [TEST_STEP][PASSED] - actualRange.add(get(i).getText()): null

2019-06-26 19:19:39 - [TEST_STEP][PASSED] - actualRange.add(get(i).getText()): null

2019-06-26 19:19:39 - [TEST_STEP][PASSED] - if (toString().equalsIgnoreCase("XS") || toString().equalsIgnoreCase("XXS")): null

2019-06-26 19:19:39 - [TEST_STEP][PASSED] - expectedRange = UtilityMethods.getExpectedRange(sizeRange1, sizeRangeSplit): null

2019-06-26 19:19:39 - [TEST_STEP][PASSED] - println("XS"): null

2019-06-26 19:19:39 - [TEST_STEP][PASSED] - println(expectedRange.toString()): null

2019-06-26 19:19:39 - [TEST_STEP][PASSED] - assert UtilityMethods.listEquals(expectedRange, actualRange) == true: null

2019-06-26 19:19:39 - [TEST_STEP][PASSED] - delay(3): Delayed 3 second(s)

2019-06-26 19:19:42 - [MESSAGE][PASSED] - Delayed 3 second(s)

2019-06-26 19:19:42 - [MESSAGE][PASSED] - Call Test Case 'Test Cases/NewArrival/productVerifyShort' successfully

2019-06-26 19:19:42 - [TEST_STEP][PASSED] - callTestCase(findTestCase("NewArrival/productWatchlist"), ["available":BOEblast], STOP_ON_FAILURE): Call Test Case 'Test Cases/NewArrival/productWatchlist' successfully

2019-06-26 19:19:42 - [TEST_CASE][PASSED] - Test Cases/NewArrival/productWatchlist: Test Cases/NewArrival/productWatchlist

2019-06-26 19:19:42 - [TEST_STEP][PASSED] - callTestCase(findTestCase("TestCaseUtilities/backOfficeLogin"), ["BOURL":"", "BOuser":"", "BOpass":""], STOP_ON_FAILURE): Call Test Case 'Test Cases/TestCaseUtilities/backOfficeLogin' successfully

2019-06-26 19:19:42 - [TEST_CASE][PASSED] - Test Cases/TestCaseUtilities/backOfficeLogin: Test Cases/TestCaseUtilities/backOfficeLogin

2019-06-26 19:19:42 - [TEST_STEP][PASSED] - BOURL = findTestData("credData").getValue("BOURL", 1): null

2019-06-26 19:19:42 - [TEST_STEP][PASSED] - BOuser = findTestData("credData").getValue("BOuser", 1): null

2019-06-26 19:19:42 - [TEST_STEP][PASSED] - BOpass = findTestData("credData").getValue("BOpass", 1): null

2019-06-26 19:19:42 - [TEST_STEP][PASSED] - navigateToUrl(BOURL): Navigate to 'https://test14.cliotest.com/backoffice/control/main' successfully

2019-06-26 19:19:47 - [MESSAGE][PASSED] - Navigate to 'https://test14.cliotest.com/backoffice/control/main' successfully

2019-06-26 19:19:47 - [TEST_STEP][PASSED] - logOut = findWebElements(findTestObject("Object Repository/Page_cabi Home/log_out"), 1): null

2019-06-26 19:19:47 - [TEST_STEP][PASSED] - if (logOut.size() == 0): null

2019-06-26 19:19:47 - [TEST_STEP][PASSED] - delay(3): Delayed 3 second(s)

2019-06-26 19:19:50 - [MESSAGE][PASSED] - Delayed 3 second(s)

2019-06-26 19:19:50 - [MESSAGE][PASSED] - Call Test Case 'Test Cases/TestCaseUtilities/backOfficeLogin' successfully

2019-06-26 19:19:50 - [TEST_STEP][PASSED] - click(findTestObject("Object Repository/Page_cabi Home/a_Shows  Orders")): Object: 'Object Repository/Page_cabi Home/a_Shows  Orders' is clicked on

2019-06-26 19:19:50 - [MESSAGE][PASSED] - Object: 'Object Repository/Page_cabi Home/a_Shows  Orders' is clicked on

2019-06-26 19:19:50 - [TEST_STEP][PASSED] - click(findTestObject("Object Repository/Page_cabi Home/a_Product Watch List")): Object: 'Object Repository/Page_cabi Home/a_Product Watch List' is clicked on

2019-06-26 19:19:59 - [MESSAGE][PASSED] - Object: 'Object Repository/Page_cabi Home/a_Product Watch List' is clicked on

2019-06-26 19:19:59 - [TEST_STEP][PASSED] - if (toString().equalsIgnoreCase("no")): null

2019-06-26 19:19:59 - [TEST_STEP][PASSED] - else: null

2019-06-26 19:19:59 - [TEST_STEP][PASSED] - click(findTestObject("Object Repository/Page_cabi Product Watch list/span_(New Arrivals 2)")): Object: 'Object Repository/Page_cabi Product Watch list/span_(New Arrivals 2)' is clicked on

2019-06-26 19:20:03 - [MESSAGE][PASSED] - Object: 'Object Repository/Page_cabi Product Watch list/span_(New Arrivals 2)' is clicked on

2019-06-26 19:20:03 - [TEST_STEP][PASSED] - verifyElementText(findTestObject("Page_cabi Product Watch list/span_(New Arrivals 2)"), "(New Arrivals 2)"): Actual text and expected text of test object 'Object Repository/Page_cabi Product Watch list/span_(New Arrivals 2)' are matched.

2019-06-26 19:20:03 - [MESSAGE][PASSED] - Actual text and expected text of test object 'Object Repository/Page_cabi Product Watch list/span_(New Arrivals 2)' are matched.

2019-06-26 19:20:03 - [TEST_STEP][PASSED] - actualProductList = findWebElements(findTestObject("Object Repository/Page_cabi Product Watch list/div_product_list"), 5): null

2019-06-26 19:20:03 - [TEST_STEP][PASSED] - println(actualProductList.size()): null

2019-06-26 19:20:03 - [TEST_STEP][PASSED] - actualList = new java.util.ArrayList(): null

2019-06-26 19:20:03 - [TEST_STEP][PASSED] - expectedList = new java.util.ArrayList(): null

2019-06-26 19:20:03 - [TEST_STEP][PASSED] - for (org.openqa.selenium.WebElement product : actualProductList): null

2019-06-26 19:20:03 - [TEST_STEP][PASSED] - actualList.add(product.getText()): null

2019-06-26 19:20:03 - [TEST_STEP][PASSED] - println(product.getText()): null

2019-06-26 19:20:03 - [TEST_STEP][PASSED] - actualList.add(product.getText()): null

2019-06-26 19:20:03 - [TEST_STEP][PASSED] - println(product.getText()): null

2019-06-26 19:20:03 - [TEST_STEP][PASSED] - actualList.add(product.getText()): null

2019-06-26 19:20:03 - [TEST_STEP][PASSED] - println(product.getText()): null

2019-06-26 19:20:03 - [TEST_STEP][PASSED] - actualList.add(product.getText()): null

2019-06-26 19:20:03 - [TEST_STEP][PASSED] - println(product.getText()): null

2019-06-26 19:20:03 - [TEST_STEP][PASSED] - actualList.add(product.getText()): null

2019-06-26 19:20:03 - [TEST_STEP][PASSED] - println(product.getText()): null

2019-06-26 19:20:03 - [TEST_STEP][PASSED] - actualList.add(product.getText()): null

2019-06-26 19:20:03 - [TEST_STEP][PASSED] - println(product.getText()): null

2019-06-26 19:20:03 - [TEST_STEP][PASSED] - actualList.add(product.getText()): null

2019-06-26 19:20:03 - [TEST_STEP][PASSED] - println(product.getText()): null

2019-06-26 19:20:03 - [TEST_STEP][PASSED] - actualList.add(product.getText()): null

2019-06-26 19:20:03 - [TEST_STEP][PASSED] - println(product.getText()): null

2019-06-26 19:20:03 - [TEST_STEP][PASSED] - actualList.add(product.getText()): null

2019-06-26 19:20:03 - [TEST_STEP][PASSED] - println(product.getText()): null

2019-06-26 19:20:04 - [TEST_STEP][PASSED] - actualList.add(product.getText()): null

2019-06-26 19:20:04 - [TEST_STEP][PASSED] - println(product.getText()): null

2019-06-26 19:20:04 - [TEST_STEP][PASSED] - actualList.add(product.getText()): null

2019-06-26 19:20:04 - [TEST_STEP][PASSED] - println(product.getText()): null

2019-06-26 19:20:04 - [TEST_STEP][PASSED] - actualList.add(product.getText()): null

2019-06-26 19:20:04 - [TEST_STEP][PASSED] - println(product.getText()): null

2019-06-26 19:20:04 - [TEST_STEP][PASSED] - for ([row = 1, row <= findTestData("productData1").getRowNumbers(), (row++)]): null

2019-06-26 19:20:04 - [TEST_STEP][PASSED] - productStyle = findTestData("productData1").getValue("Style", row): null

2019-06-26 19:20:04 - [TEST_STEP][PASSED] - productDescription = findTestData("productData1").getValue("Description", row): null

2019-06-26 19:20:04 - [TEST_STEP][PASSED] - productColor = findTestData("productData1").getValue("Color", row): null

2019-06-26 19:20:04 - [TEST_STEP][PASSED] - expectedString = UtilityMethods.createSkuForPWL(productStyle, productDescription, productColor): null

2019-06-26 19:20:04 - [TEST_STEP][PASSED] - println(expectedString): null

2019-06-26 19:20:04 - [TEST_STEP][PASSED] - expectedList.add(expectedString): null

2019-06-26 19:20:04 - [TEST_STEP][PASSED] - productStyle = findTestData("productData1").getValue("Style", row): null

2019-06-26 19:20:04 - [TEST_STEP][PASSED] - productDescription = findTestData("productData1").getValue("Description", row): null

2019-06-26 19:20:04 - [TEST_STEP][PASSED] - productColor = findTestData("productData1").getValue("Color", row): null

2019-06-26 19:20:04 - [TEST_STEP][PASSED] - expectedString = UtilityMethods.createSkuForPWL(productStyle, productDescription, productColor): null

2019-06-26 19:20:04 - [TEST_STEP][PASSED] - println(expectedString): null

2019-06-26 19:20:04 - [TEST_STEP][PASSED] - expectedList.add(expectedString): null

2019-06-26 19:20:04 - [TEST_STEP][PASSED] - productStyle = findTestData("productData1").getValue("Style", row): null

2019-06-26 19:20:04 - [TEST_STEP][PASSED] - productDescription = findTestData("productData1").getValue("Description", row): null

2019-06-26 19:20:04 - [TEST_STEP][PASSED] - productColor = findTestData("productData1").getValue("Color", row): null

2019-06-26 19:20:04 - [TEST_STEP][PASSED] - expectedString = UtilityMethods.createSkuForPWL(productStyle, productDescription, productColor): null

2019-06-26 19:20:04 - [TEST_STEP][PASSED] - println(expectedString): null

2019-06-26 19:20:04 - [TEST_STEP][PASSED] - expectedList.add(expectedString): null

2019-06-26 19:20:04 - [TEST_STEP][PASSED] - productStyle = findTestData("productData1").getValue("Style", row): null

2019-06-26 19:20:04 - [TEST_STEP][PASSED] - productDescription = findTestData("productData1").getValue("Description", row): null

2019-06-26 19:20:04 - [TEST_STEP][PASSED] - productColor = findTestData("productData1").getValue("Color", row): null

2019-06-26 19:20:04 - [TEST_STEP][PASSED] - expectedString = UtilityMethods.createSkuForPWL(productStyle, productDescription, productColor): null

2019-06-26 19:20:04 - [TEST_STEP][PASSED] - println(expectedString): null

2019-06-26 19:20:04 - [TEST_STEP][PASSED] - expectedList.add(expectedString): null

2019-06-26 19:20:04 - [TEST_STEP][PASSED] - productStyle = findTestData("productData1").getValue("Style", row): null

2019-06-26 19:20:04 - [TEST_STEP][PASSED] - productDescription = findTestData("productData1").getValue("Description", row): null

2019-06-26 19:20:04 - [TEST_STEP][PASSED] - productColor = findTestData("productData1").getValue("Color", row): null

2019-06-26 19:20:04 - [TEST_STEP][PASSED] - expectedString = UtilityMethods.createSkuForPWL(productStyle, productDescription, productColor): null

2019-06-26 19:20:04 - [TEST_STEP][PASSED] - println(expectedString): null

2019-06-26 19:20:04 - [TEST_STEP][PASSED] - expectedList.add(expectedString): null

2019-06-26 19:20:04 - [TEST_STEP][PASSED] - productStyle = findTestData("productData1").getValue("Style", row): null

2019-06-26 19:20:04 - [TEST_STEP][PASSED] - productDescription = findTestData("productData1").getValue("Description", row): null

2019-06-26 19:20:04 - [TEST_STEP][PASSED] - productColor = findTestData("productData1").getValue("Color", row): null

2019-06-26 19:20:04 - [TEST_STEP][PASSED] - expectedString = UtilityMethods.createSkuForPWL(productStyle, productDescription, productColor): null

2019-06-26 19:20:04 - [TEST_STEP][PASSED] - println(expectedString): null

2019-06-26 19:20:04 - [TEST_STEP][PASSED] - expectedList.add(expectedString): null

2019-06-26 19:20:04 - [TEST_STEP][PASSED] - productStyle = findTestData("productData1").getValue("Style", row): null

2019-06-26 19:20:04 - [TEST_STEP][PASSED] - productDescription = findTestData("productData1").getValue("Description", row): null

2019-06-26 19:20:04 - [TEST_STEP][PASSED] - productColor = findTestData("productData1").getValue("Color", row): null

2019-06-26 19:20:04 - [TEST_STEP][PASSED] - expectedString = UtilityMethods.createSkuForPWL(productStyle, productDescription, productColor): null

2019-06-26 19:20:04 - [TEST_STEP][PASSED] - println(expectedString): null

2019-06-26 19:20:04 - [TEST_STEP][PASSED] - expectedList.add(expectedString): null

2019-06-26 19:20:04 - [TEST_STEP][PASSED] - productStyle = findTestData("productData1").getValue("Style", row): null

2019-06-26 19:20:04 - [TEST_STEP][PASSED] - productDescription = findTestData("productData1").getValue("Description", row): null

2019-06-26 19:20:04 - [TEST_STEP][PASSED] - productColor = findTestData("productData1").getValue("Color", row): null

2019-06-26 19:20:04 - [TEST_STEP][PASSED] - expectedString = UtilityMethods.createSkuForPWL(productStyle, productDescription, productColor): null

2019-06-26 19:20:04 - [TEST_STEP][PASSED] - println(expectedString): null

2019-06-26 19:20:04 - [TEST_STEP][PASSED] - expectedList.add(expectedString): null

2019-06-26 19:20:04 - [TEST_STEP][PASSED] - productStyle = findTestData("productData1").getValue("Style", row): null

2019-06-26 19:20:04 - [TEST_STEP][PASSED] - productDescription = findTestData("productData1").getValue("Description", row): null

2019-06-26 19:20:04 - [TEST_STEP][PASSED] - productColor = findTestData("productData1").getValue("Color", row): null

2019-06-26 19:20:04 - [TEST_STEP][PASSED] - expectedString = UtilityMethods.createSkuForPWL(productStyle, productDescription, productColor): null

2019-06-26 19:20:04 - [TEST_STEP][PASSED] - println(expectedString): null

2019-06-26 19:20:04 - [TEST_STEP][PASSED] - expectedList.add(expectedString): null

2019-06-26 19:20:04 - [TEST_STEP][PASSED] - productStyle = findTestData("productData1").getValue("Style", row): null

2019-06-26 19:20:05 - [TEST_STEP][PASSED] - productDescription = findTestData("productData1").getValue("Description", row): null

2019-06-26 19:20:05 - [TEST_STEP][PASSED] - productColor = findTestData("productData1").getValue("Color", row): null

2019-06-26 19:20:05 - [TEST_STEP][PASSED] - expectedString = UtilityMethods.createSkuForPWL(productStyle, productDescription, productColor): null

2019-06-26 19:20:05 - [TEST_STEP][PASSED] - println(expectedString): null

2019-06-26 19:20:05 - [TEST_STEP][PASSED] - expectedList.add(expectedString): null

2019-06-26 19:20:05 - [TEST_STEP][PASSED] - productStyle = findTestData("productData1").getValue("Style", row): null

2019-06-26 19:20:05 - [TEST_STEP][PASSED] - productDescription = findTestData("productData1").getValue("Description", row): null

2019-06-26 19:20:05 - [TEST_STEP][PASSED] - productColor = findTestData("productData1").getValue("Color", row): null

2019-06-26 19:20:05 - [TEST_STEP][PASSED] - expectedString = UtilityMethods.createSkuForPWL(productStyle, productDescription, productColor): null

2019-06-26 19:20:05 - [TEST_STEP][PASSED] - println(expectedString): null

2019-06-26 19:20:05 - [TEST_STEP][PASSED] - expectedList.add(expectedString): null

2019-06-26 19:20:05 - [TEST_STEP][PASSED] - productStyle = findTestData("productData1").getValue("Style", row): null

2019-06-26 19:20:05 - [TEST_STEP][PASSED] - productDescription = findTestData("productData1").getValue("Description", row): null

2019-06-26 19:20:05 - [TEST_STEP][PASSED] - productColor = findTestData("productData1").getValue("Color", row): null

2019-06-26 19:20:05 - [TEST_STEP][PASSED] - expectedString = UtilityMethods.createSkuForPWL(productStyle, productDescription, productColor): null

2019-06-26 19:20:05 - [TEST_STEP][PASSED] - println(expectedString): null

2019-06-26 19:20:05 - [TEST_STEP][PASSED] - expectedList.add(expectedString): null

2019-06-26 19:20:05 - [TEST_STEP][PASSED] - assert UtilityMethods.listEquals(expectedList, actualList) == true: null

2019-06-26 19:20:05 - [MESSAGE][PASSED] - Call Test Case 'Test Cases/NewArrival/productWatchlist' successfully

2019-06-26 19:20:05 - [TEST_STEP][PASSED] - callTestCase(findTestCase("NewArrival/productEblast"), ["available":BOEblast], STOP_ON_FAILURE): Call Test Case 'Test Cases/NewArrival/productEblast' successfully

2019-06-26 19:20:05 - [TEST_CASE][PASSED] - Test Cases/NewArrival/productEblast: Test Cases/NewArrival/productEblast

2019-06-26 19:20:05 - [TEST_STEP][PASSED] - callTestCase(findTestCase("TestCaseUtilities/backOfficeLogin"), ["BOURL":"", "BOuser":"", "BOpass":""], STOP_ON_FAILURE): Call Test Case 'Test Cases/TestCaseUtilities/backOfficeLogin' successfully

2019-06-26 19:20:05 - [TEST_CASE][PASSED] - Test Cases/TestCaseUtilities/backOfficeLogin: Test Cases/TestCaseUtilities/backOfficeLogin

2019-06-26 19:20:05 - [TEST_STEP][PASSED] - BOURL = findTestData("credData").getValue("BOURL", 1): null

2019-06-26 19:20:05 - [TEST_STEP][PASSED] - BOuser = findTestData("credData").getValue("BOuser", 1): null

2019-06-26 19:20:05 - [TEST_STEP][PASSED] - BOpass = findTestData("credData").getValue("BOpass", 1): null

2019-06-26 19:20:05 - [TEST_STEP][PASSED] - navigateToUrl(BOURL): Navigate to 'https://test14.cliotest.com/backoffice/control/main' successfully

2019-06-26 19:20:09 - [MESSAGE][PASSED] - Navigate to 'https://test14.cliotest.com/backoffice/control/main' successfully

2019-06-26 19:20:09 - [TEST_STEP][PASSED] - logOut = findWebElements(findTestObject("Object Repository/Page_cabi Home/log_out"), 1): null

2019-06-26 19:20:10 - [TEST_STEP][PASSED] - if (logOut.size() == 0): null

2019-06-26 19:20:10 - [TEST_STEP][PASSED] - delay(3): Delayed 3 second(s)

2019-06-26 19:20:13 - [MESSAGE][PASSED] - Delayed 3 second(s)

2019-06-26 19:20:13 - [MESSAGE][PASSED] - Call Test Case 'Test Cases/TestCaseUtilities/backOfficeLogin' successfully

2019-06-26 19:20:13 - [TEST_STEP][PASSED] - click(findTestObject("Page_cabi Home/a_Connections")): Object: 'Object Repository/Page_cabi Home/a_Connections' is clicked on

2019-06-26 19:20:13 - [MESSAGE][PASSED] - Object: 'Object Repository/Page_cabi Home/a_Connections' is clicked on

2019-06-26 19:20:13 - [TEST_STEP][PASSED] - click(findTestObject("Page_cabi Home/a_Contact Manager")): Object: 'Object Repository/Page_cabi Home/a_Contact Manager' is clicked on

2019-06-26 19:20:20 - [MESSAGE][PASSED] - Object: 'Object Repository/Page_cabi Home/a_Contact Manager' is clicked on

2019-06-26 19:20:20 - [TEST_STEP][PASSED] - click(findTestObject("Page_cabi/span_SEND eBLAST")): Object: 'Object Repository/Page_cabi/span_SEND eBLAST' is clicked on

2019-06-26 19:20:20 - [MESSAGE][PASSED] - Object: 'Object Repository/Page_cabi/span_SEND eBLAST' is clicked on

2019-06-26 19:20:20 - [TEST_STEP][PASSED] - click(findTestObject("Object Repository/Page_cabi Eblast/a_Stylist Picks")): Object: 'Object Repository/Page_cabi Eblast/a_Stylist Picks' is clicked on

2019-06-26 19:20:30 - [MESSAGE][PASSED] - Object: 'Object Repository/Page_cabi Eblast/a_Stylist Picks' is clicked on

2019-06-26 19:20:30 - [TEST_STEP][PASSED] - click(findTestObject("Object Repository/Page_cabi Eblast/button_ADD PRODUCTS TO EBLAST")): Object: 'Object Repository/Page_cabi Eblast/button_ADD PRODUCTS TO EBLAST' is clicked on

2019-06-26 19:20:31 - [MESSAGE][PASSED] - Object: 'Object Repository/Page_cabi Eblast/button_ADD PRODUCTS TO EBLAST' is clicked on

2019-06-26 19:20:31 - [TEST_STEP][PASSED] - for ([row = 1, row <= findTestData("productData").getRowNumbers(), (row++)]): null

2019-06-26 19:20:31 - [TEST_STEP][PASSED] - delay(2): Delayed 2 second(s)

2019-06-26 19:20:33 - [MESSAGE][PASSED] - Delayed 2 second(s)

2019-06-26 19:20:33 - [TEST_STEP][PASSED] - setText(findTestObject("Page_cabi Eblast/eBlastStyleSearch"), findTestData("productData").getValue("Style", row)): Text '5618' is set on object 'Object Repository/Page_cabi Eblast/eBlastStyleSearch'

2019-06-26 19:20:33 - [MESSAGE][PASSED] - Text '5618' is set on object 'Object Repository/Page_cabi Eblast/eBlastStyleSearch'

2019-06-26 19:20:33 - [TEST_STEP][PASSED] - delay(4): Delayed 4 second(s)

2019-06-26 19:20:37 - [MESSAGE][PASSED] - Delayed 4 second(s)

2019-06-26 19:20:37 - [TEST_STEP][PASSED] - if (toString().equalsIgnoreCase("no")): null

2019-06-26 19:20:37 - [TEST_STEP][PASSED] - else: null

2019-06-26 19:20:37 - [TEST_STEP][PASSED] - space = " ": null

2019-06-26 19:20:37 - [TEST_STEP][PASSED] - openbrace = "(": null

2019-06-26 19:20:37 - [TEST_STEP][PASSED] - closebrace = ")": null

2019-06-26 19:20:37 - [TEST_STEP][PASSED] - style_id = getText(findTestObject("Page_cabi Eblast/style_id")): Text of object 'Object Repository/Page_cabi Eblast/style_id' is: '5618'

2019-06-26 19:20:37 - [MESSAGE][PASSED] - Text of object 'Object Repository/Page_cabi Eblast/style_id' is: '5618'

2019-06-26 19:20:37 - [TEST_STEP][PASSED] - style_name = getText(findTestObject("Page_cabi Eblast/style_name")): Text of object 'Object Repository/Page_cabi Eblast/style_name' is: 'Breeze Dress'

2019-06-26 19:20:37 - [MESSAGE][PASSED] - Text of object 'Object Repository/Page_cabi Eblast/style_name' is: 'Breeze Dress'

2019-06-26 19:20:37 - [TEST_STEP][PASSED] - style_color = getText(findTestObject("Page_cabi Eblast/style_color")): Text of object 'Object Repository/Page_cabi Eblast/style_color' is: '(Heather Gray)'

2019-06-26 19:20:37 - [MESSAGE][PASSED] - Text of object 'Object Repository/Page_cabi Eblast/style_color' is: '(Heather Gray)'

2019-06-26 19:20:37 - [TEST_STEP][PASSED] - style_web = $style_id$space$style_name$space$style_color: null

2019-06-26 19:20:37 - [TEST_STEP][PASSED] - styleid_data = findTestData("productData").getValue("Style", row): null

2019-06-26 19:20:37 - [TEST_STEP][PASSED] - styleid_name = findTestData("productData").getValue("Description", row): null

2019-06-26 19:20:37 - [TEST_STEP][PASSED] - styleid_color = findTestData("productData").getValue("Color", row): null

2019-06-26 19:20:37 - [TEST_STEP][PASSED] - style_data = $styleid_data$space$styleid_name$space$openbrace$styleid_color$closebrace: null

2019-06-26 19:20:37 - [TEST_STEP][PASSED] - println(style_web): null

2019-06-26 19:20:37 - [TEST_STEP][PASSED] - println(style_data): null

2019-06-26 19:20:37 - [TEST_STEP][PASSED] - assert style_data.equalsIgnoreCase(style_web): null

2019-06-26 19:20:37 - [MESSAGE][PASSED] - Call Test Case 'Test Cases/NewArrival/productEblast' successfully

2019-06-26 19:20:37 - [TEST_STEP][PASSED] - callTestCase(findTestCase("NewArrival/addOnOrderPersonal"), ["addOnStyle":""], STOP_ON_FAILURE): Call Test Case 'Test Cases/NewArrival/addOnOrderPersonal' successfully

2019-06-26 19:20:37 - [TEST_CASE][PASSED] - Test Cases/NewArrival/addOnOrderPersonal: Test Cases/NewArrival/addOnOrderPersonal

2019-06-26 19:20:37 - [TEST_STEP][PASSED] - openBrowser(""): Browser is opened with url: ''

2019-06-26 19:20:37 - [MESSAGE][WARNING] - A browser is already opened. Closing browser and opening a new one

2019-06-26 19:20:38 - [MESSAGE][INFO] - Starting 'Chrome' driver

2019-06-26 19:20:38 - [MESSAGE][INFO] - User set preference: ['args', '[--use-fake-ui-for-media-stream, --start-maximized]']

2019-06-26 19:20:40 - [MESSAGE][PASSED] - Browser is opened with url: ''

2019-06-26 19:20:40 - [TEST_STEP][PASSED] - addOnStyle = findTestData("miscData").getValue("addOnStyle", 1): null

2019-06-26 19:20:40 - [TEST_STEP][PASSED] - callTestCase(findTestCase("TestCaseUtilities/backOfficeLogin"), ["BOURL":"", "BOuser":"", "BOpass":""], STOP_ON_FAILURE): Call Test Case 'Test Cases/TestCaseUtilities/backOfficeLogin' successfully

2019-06-26 19:20:41 - [TEST_CASE][PASSED] - Test Cases/TestCaseUtilities/backOfficeLogin: Test Cases/TestCaseUtilities/backOfficeLogin

2019-06-26 19:20:41 - [TEST_STEP][PASSED] - BOURL = findTestData("credData").getValue("BOURL", 1): null

2019-06-26 19:20:41 - [TEST_STEP][PASSED] - BOuser = findTestData("credData").getValue("BOuser", 1): null

2019-06-26 19:20:41 - [TEST_STEP][PASSED] - BOpass = findTestData("credData").getValue("BOpass", 1): null

2019-06-26 19:20:41 - [TEST_STEP][PASSED] - navigateToUrl(BOURL): Navigate to 'https://test14.cliotest.com/backoffice/control/main' successfully

2019-06-26 19:20:50 - [MESSAGE][PASSED] - Navigate to 'https://test14.cliotest.com/backoffice/control/main' successfully

2019-06-26 19:20:50 - [TEST_STEP][PASSED] - logOut = findWebElements(findTestObject("Object Repository/Page_cabi Home/log_out"), 1): Unable to find the element located by 'By.xpath: //a[contains(text(),'Log Out')]'. Please recheck the objects properties to make sure the desired element is located. 

2019-06-26 19:20:51 - [MESSAGE][INFO] - Unable to find the element located by 'By.xpath: //a[contains(text(),'Log Out')]'. Please recheck the objects properties to make sure the desired element is located. 

2019-06-26 19:20:51 - [TEST_STEP][PASSED] - if (logOut.size() == 0): Object: 'Object Repository/Page_cabi/input_Welcome to_consultantLogin' is clicked on

2019-06-26 19:20:51 - [TEST_STEP][PASSED] - setText(findTestObject("Page_cabi/input_Welcome to_USERNAME"), BOuser): Text '400000002' is set on object 'Object Repository/Page_cabi/input_Welcome to_USERNAME'

2019-06-26 19:20:51 - [MESSAGE][PASSED] - Text '400000002' is set on object 'Object Repository/Page_cabi/input_Welcome to_USERNAME'

2019-06-26 19:20:51 - [TEST_STEP][PASSED] - setText(findTestObject("Object Repository/Page_cabi/input_Welcome to_PASSWORD"), BOpass): Text 'blackdress19' is set on object 'Object Repository/Page_cabi/input_Welcome to_PASSWORD'

2019-06-26 19:20:51 - [MESSAGE][PASSED] - Text 'blackdress19' is set on object 'Object Repository/Page_cabi/input_Welcome to_PASSWORD'

2019-06-26 19:20:51 - [TEST_STEP][PASSED] - click(findTestObject("Object Repository/Page_cabi/input_Welcome to_consultantLogin")): Object: 'Object Repository/Page_cabi/input_Welcome to_consultantLogin' is clicked on

2019-06-26 19:21:00 - [MESSAGE][PASSED] - Object: 'Object Repository/Page_cabi/input_Welcome to_consultantLogin' is clicked on

2019-06-26 19:21:00 - [TEST_STEP][PASSED] - delay(3): Delayed 3 second(s)

2019-06-26 19:21:03 - [MESSAGE][PASSED] - Delayed 3 second(s)

2019-06-26 19:21:03 - [MESSAGE][PASSED] - Call Test Case 'Test Cases/TestCaseUtilities/backOfficeLogin' successfully

2019-06-26 19:21:03 - [TEST_STEP][PASSED] - click(findTestObject("Page_cabi Home/a_Shows  Orders")): Object: 'Object Repository/Page_cabi Home/a_Shows  Orders' is clicked on

2019-06-26 19:21:03 - [MESSAGE][PASSED] - Object: 'Object Repository/Page_cabi Home/a_Shows  Orders' is clicked on

2019-06-26 19:21:03 - [TEST_STEP][PASSED] - delay(1): Delayed 1 second(s)

2019-06-26 19:21:04 - [MESSAGE][PASSED] - Delayed 1 second(s)

2019-06-26 19:21:04 - [TEST_STEP][PASSED] - click(findTestObject("Page_cabi Home/a_personal_purchases")): Object: 'Object Repository/Page_cabi Home/a_personal_purchases' is clicked on

2019-06-26 19:21:06 - [MESSAGE][PASSED] - Object: 'Object Repository/Page_cabi Home/a_personal_purchases' is clicked on

2019-06-26 19:21:06 - [TEST_STEP][PASSED] - click(findTestObject("Page_cabi Personal Store/span_Continue to Order")): Object: 'Object Repository/Page_cabi Personal Store/span_Continue to Order' is clicked on

2019-06-26 19:21:08 - [MESSAGE][PASSED] - Object: 'Object Repository/Page_cabi Personal Store/span_Continue to Order' is clicked on

2019-06-26 19:21:08 - [TEST_STEP][PASSED] - delay(5): Delayed 5 second(s)

2019-06-26 19:21:13 - [MESSAGE][PASSED] - Delayed 5 second(s)

2019-06-26 19:21:13 - [TEST_STEP][PASSED] - emptyCart = findWebElements(findTestObject("Object Repository/Page_cabi Personal Store/removeFromCart"), 5): Unable to find the element located by 'By.xpath: //*[@id="removeFromCart_0"]/span'. Please recheck the objects properties to make sure the desired element is located. 

2019-06-26 19:21:18 - [MESSAGE][INFO] - Unable to find the element located by 'By.xpath: //*[@id="removeFromCart_0"]/span'. Please recheck the objects properties to make sure the desired element is located. 

2019-06-26 19:21:18 - [TEST_STEP][PASSED] - while (emptyCart.size() > 0): null

2019-06-26 19:21:18 - [TEST_STEP][PASSED] - click(findTestObject("Object Repository/Page_cabi Create Order/input_Manual Discount_stylelookup_0")): Object: 'Object Repository/Page_cabi Create Order/input_Manual Discount_stylelookup_0' is clicked on

2019-06-26 19:21:18 - [MESSAGE][PASSED] - Object: 'Object Repository/Page_cabi Create Order/input_Manual Discount_stylelookup_0' is clicked on

2019-06-26 19:21:18 - [TEST_STEP][PASSED] - setText(findTestObject("Object Repository/Page_cabi Create Order/input_Manual Discount_stylelookup_0"), addOnStyle): Text '5447' is set on object 'Object Repository/Page_cabi Create Order/input_Manual Discount_stylelookup_0'

2019-06-26 19:21:19 - [MESSAGE][PASSED] - Text '5447' is set on object 'Object Repository/Page_cabi Create Order/input_Manual Discount_stylelookup_0'

2019-06-26 19:21:19 - [TEST_STEP][PASSED] - delay(3): Delayed 3 second(s)

2019-06-26 19:21:22 - [MESSAGE][PASSED] - Delayed 3 second(s)

2019-06-26 19:21:22 - [TEST_STEP][PASSED] - prod_message = getText(findTestObject("Page_cabi Create Order/first_option")): Text of object 'Object Repository/Page_cabi Create Order/first_option' is: '5447 Bishop Cardigan'

2019-06-26 19:21:22 - [MESSAGE][PASSED] - Text of object 'Object Repository/Page_cabi Create Order/first_option' is: '5447 Bishop Cardigan'

2019-06-26 19:21:22 - [TEST_STEP][PASSED] - click(findTestObject("Page_cabi Create Order/first_option")): Object: 'Object Repository/Page_cabi Create Order/first_option' is clicked on

2019-06-26 19:21:22 - [MESSAGE][PASSED] - Object: 'Object Repository/Page_cabi Create Order/first_option' is clicked on

2019-06-26 19:21:22 - [TEST_STEP][PASSED] - delay(5): Delayed 5 second(s)

2019-06-26 19:21:27 - [MESSAGE][PASSED] - Delayed 5 second(s)

2019-06-26 19:21:27 - [TEST_STEP][PASSED] - click(findTestObject("Object Repository/Page_cabi Order Items/selectSize")): Object: 'Object Repository/Page_cabi Order Items/selectSize' is clicked on

2019-06-26 19:21:27 - [MESSAGE][PASSED] - Object: 'Object Repository/Page_cabi Order Items/selectSize' is clicked on

2019-06-26 19:21:27 - [TEST_STEP][PASSED] - click(findTestObject("Object Repository/Page_cabi Order Items/span_Add to Cart")): Object: 'Object Repository/Page_cabi Order Items/span_Add to Cart' is clicked on

2019-06-26 19:21:27 - [MESSAGE][PASSED] - Object: 'Object Repository/Page_cabi Order Items/span_Add to Cart' is clicked on

2019-06-26 19:21:27 - [TEST_STEP][PASSED] - delay(3): Delayed 3 second(s)

2019-06-26 19:21:30 - [MESSAGE][PASSED] - Delayed 3 second(s)

2019-06-26 19:21:30 - [TEST_STEP][PASSED] - click(findTestObject("Object Repository/Page_cabi Order Items/span_Continue to Shipping")): Object: 'Object Repository/Page_cabi Order Items/span_Continue to Shipping' is clicked on

2019-06-26 19:21:31 - [MESSAGE][PASSED] - Object: 'Object Repository/Page_cabi Order Items/span_Continue to Shipping' is clicked on

2019-06-26 19:21:31 - [TEST_STEP][PASSED] - click(findTestObject("Page_cabi Personal Store/nextButtonShipping")): Object: 'Object Repository/Page_cabi Personal Store/nextButtonShipping' is clicked on

2019-06-26 19:21:32 - [MESSAGE][PASSED] - Object: 'Object Repository/Page_cabi Personal Store/nextButtonShipping' is clicked on

2019-06-26 19:21:32 - [TEST_STEP][PASSED] - delay(3): Delayed 3 second(s)

2019-06-26 19:21:35 - [MESSAGE][PASSED] - Delayed 3 second(s)

2019-06-26 19:21:35 - [TEST_STEP][PASSED] - click(findTestObject("Page_cabi Personal Store/makeFirstPayment")): Object: 'Object Repository/Page_cabi Personal Store/makeFirstPayment' is clicked on

2019-06-26 19:21:35 - [MESSAGE][PASSED] - Object: 'Object Repository/Page_cabi Personal Store/makeFirstPayment' is clicked on

2019-06-26 19:21:35 - [TEST_STEP][PASSED] - click(findTestObject("Page_cabi Personal Store/submitPayment")): Object: 'Object Repository/Page_cabi Personal Store/submitPayment' is clicked on

2019-06-26 19:21:35 - [MESSAGE][PASSED] - Object: 'Object Repository/Page_cabi Personal Store/submitPayment' is clicked on

2019-06-26 19:21:35 - [TEST_STEP][PASSED] - click(findTestObject("Page_cabi Personal Store/submitOrderId")): Object: 'Object Repository/Page_cabi Personal Store/submitOrderId' is clicked on

2019-06-26 19:21:38 - [MESSAGE][PASSED] - Object: 'Object Repository/Page_cabi Personal Store/submitOrderId' is clicked on

2019-06-26 19:21:38 - [TEST_STEP][PASSED] - successMsg = "": null

2019-06-26 19:21:38 - [TEST_STEP][PASSED] - orderSuccess = false: null

2019-06-26 19:21:38 - [TEST_STEP][PASSED] - successMsgs = findWebElements(findTestObject("Object Repository/Page_cabi Personal Store/p_success_msg"), 5): null

2019-06-26 19:21:38 - [TEST_STEP][PASSED] - if (successMsgs.size() > 0): Text of object 'Object Repository/Page_cabi Personal Store/p_order_id' is: 'PR708033007'

2019-06-26 19:21:38 - [TEST_STEP][PASSED] - successMsg = getText(findTestObject("Object Repository/Page_cabi Personal Store/p_success_msg")): Text of object 'Object Repository/Page_cabi Personal Store/p_success_msg' is: 'Order Created Successfully!!
Order #:  PR708033007

CONTINUE SHOPPING'

2019-06-26 19:21:38 - [MESSAGE][PASSED] - Text of object 'Object Repository/Page_cabi Personal Store/p_success_msg' is: 'Order Created Successfully!!
Order #:  PR708033007

CONTINUE SHOPPING'

2019-06-26 19:21:38 - [TEST_STEP][PASSED] - orderSuccess = true: null

2019-06-26 19:21:38 - [TEST_STEP][PASSED] - addOnOrderId = getText(findTestObject("Object Repository/Page_cabi Personal Store/p_order_id")): Text of object 'Object Repository/Page_cabi Personal Store/p_order_id' is: 'PR708033007'

2019-06-26 19:21:38 - [MESSAGE][PASSED] - Text of object 'Object Repository/Page_cabi Personal Store/p_order_id' is: 'PR708033007'

2019-06-26 19:21:38 - [TEST_STEP][PASSED] - assert orderSuccess == true: null

2019-06-26 19:21:38 - [TEST_STEP][PASSED] - callTestCase(findTestCase("NewArrival/warehouseShipping"), ["orderId":addOnOrderId], STOP_ON_FAILURE): Call Test Case 'Test Cases/NewArrival/warehouseShipping' successfully

2019-06-26 19:21:38 - [TEST_CASE][PASSED] - Test Cases/NewArrival/warehouseShipping: Test Cases/NewArrival/warehouseShipping

2019-06-26 19:21:38 - [TEST_STEP][PASSED] - callTestCase(findTestCase("TestCaseUtilities/cabiWarehouseLogin"), ["CWURL":"", "CWuser":"", "CWpass":""], STOP_ON_FAILURE): Call Test Case 'Test Cases/TestCaseUtilities/cabiWarehouseLogin' successfully

2019-06-26 19:21:38 - [TEST_CASE][PASSED] - Test Cases/TestCaseUtilities/cabiWarehouseLogin: Test Cases/TestCaseUtilities/cabiWarehouseLogin

2019-06-26 19:21:38 - [TEST_STEP][PASSED] - CWURL = findTestData("credData").getValue("CWURL", 1): null

2019-06-26 19:21:38 - [TEST_STEP][PASSED] - CWuser = findTestData("credData").getValue("CWuser", 1): null

2019-06-26 19:21:38 - [TEST_STEP][PASSED] - CWpass = findTestData("credData").getValue("CWpass", 1): null

2019-06-26 19:21:38 - [TEST_STEP][PASSED] - openBrowser(""): Browser is opened with url: ''

2019-06-26 19:21:38 - [MESSAGE][WARNING] - A browser is already opened. Closing browser and opening a new one

2019-06-26 19:21:39 - [MESSAGE][INFO] - Starting 'Chrome' driver

2019-06-26 19:21:39 - [MESSAGE][INFO] - User set preference: ['args', '[--use-fake-ui-for-media-stream, --start-maximized]']

2019-06-26 19:21:41 - [MESSAGE][PASSED] - Browser is opened with url: ''

2019-06-26 19:21:41 - [TEST_STEP][PASSED] - navigateToUrl(CWURL): Navigate to 'https://test14.cliotest.com/warehouse/control/main' successfully

2019-06-26 19:21:48 - [MESSAGE][PASSED] - Navigate to 'https://test14.cliotest.com/warehouse/control/main' successfully

2019-06-26 19:21:48 - [TEST_STEP][PASSED] - logOut = findWebElements(findTestObject("Object Repository/Cabi warehouse/Page_cabi_home/log_out"), 1): Unable to find the element located by 'By.xpath: //li/a[contains(text(), 'Log Out »')]'. Please recheck the objects properties to make sure the desired element is located. 

2019-06-26 19:21:50 - [MESSAGE][INFO] - Unable to find the element located by 'By.xpath: //li/a[contains(text(), 'Log Out »')]'. Please recheck the objects properties to make sure the desired element is located. 

2019-06-26 19:21:50 - [TEST_STEP][PASSED] - if (logOut.size() == 0): Object: 'Object Repository/Cabi warehouse/Page_cabi/input_Password_section-btn btn-stl-pk rFloat' is clicked on

2019-06-26 19:21:50 - [TEST_STEP][PASSED] - setText(findTestObject("Object Repository/Cabi warehouse/Page_cabi/input_Username_USERNAME"), CWuser): Text 'rsuarez' is set on object 'Object Repository/Cabi warehouse/Page_cabi/input_Username_USERNAME'

2019-06-26 19:21:50 - [MESSAGE][PASSED] - Text 'rsuarez' is set on object 'Object Repository/Cabi warehouse/Page_cabi/input_Username_USERNAME'

2019-06-26 19:21:50 - [TEST_STEP][PASSED] - setText(findTestObject("Object Repository/Cabi warehouse/Page_cabi/input_Password_PASSWORD"), CWpass): Text 'blackdress19' is set on object 'Object Repository/Cabi warehouse/Page_cabi/input_Password_PASSWORD'

2019-06-26 19:21:50 - [MESSAGE][PASSED] - Text 'blackdress19' is set on object 'Object Repository/Cabi warehouse/Page_cabi/input_Password_PASSWORD'

2019-06-26 19:21:50 - [TEST_STEP][PASSED] - click(findTestObject("Object Repository/Cabi warehouse/Page_cabi/input_Password_section-btn btn-stl-pk rFloat")): Object: 'Object Repository/Cabi warehouse/Page_cabi/input_Password_section-btn btn-stl-pk rFloat' is clicked on

2019-06-26 19:21:53 - [MESSAGE][PASSED] - Object: 'Object Repository/Cabi warehouse/Page_cabi/input_Password_section-btn btn-stl-pk rFloat' is clicked on

2019-06-26 19:21:53 - [TEST_STEP][PASSED] - delay(3): Delayed 3 second(s)

2019-06-26 19:21:56 - [MESSAGE][PASSED] - Delayed 3 second(s)

2019-06-26 19:21:56 - [MESSAGE][PASSED] - Call Test Case 'Test Cases/TestCaseUtilities/cabiWarehouseLogin' successfully

2019-06-26 19:21:56 - [TEST_STEP][PASSED] - click(findTestObject("Page_cabi Manage PickLists/a_Create PickLists")): Object: 'Object Repository/Page_cabi Manage PickLists/a_Create PickLists' is clicked on

2019-06-26 19:21:57 - [MESSAGE][PASSED] - Object: 'Object Repository/Page_cabi Manage PickLists/a_Create PickLists' is clicked on

2019-06-26 19:21:57 - [TEST_STEP][PASSED] - click(findTestObject("Object Repository/findOrders/Page_cabi Find Orders/Page_cabi SampleLine Shipment Screen/a_Single Order")): Object: 'Object Repository/findOrders/Page_cabi Find Orders/Page_cabi SampleLine Shipment Screen/a_Single Order' is clicked on

2019-06-26 19:21:58 - [MESSAGE][PASSED] - Object: 'Object Repository/findOrders/Page_cabi Find Orders/Page_cabi SampleLine Shipment Screen/a_Single Order' is clicked on

2019-06-26 19:21:58 - [TEST_STEP][PASSED] - setText(findTestObject("Page_cabi Create Single Order PickList/input_Order Id_orderId"), orderId): Text 'PR708033007' is set on object 'Object Repository/Page_cabi Create Single Order PickList/input_Order Id_orderId'

2019-06-26 19:21:58 - [MESSAGE][PASSED] - Text 'PR708033007' is set on object 'Object Repository/Page_cabi Create Single Order PickList/input_Order Id_orderId'

2019-06-26 19:21:58 - [TEST_STEP][PASSED] - click(findTestObject("Page_cabi Create Single Order PickList/input_Create even if fully backordered_submitButton")): Object: 'Object Repository/Page_cabi Create Single Order PickList/input_Create even if fully backordered_submitButton' is clicked on

2019-06-26 19:21:59 - [MESSAGE][PASSED] - Object: 'Object Repository/Page_cabi Create Single Order PickList/input_Create even if fully backordered_submitButton' is clicked on

2019-06-26 19:21:59 - [TEST_STEP][PASSED] - pickListCreated = findWebElements(findTestObject("Cabi warehouse/picklistCreatedMessage"), 5): null

2019-06-26 19:21:59 - [TEST_STEP][PASSED] - if (pickListCreated.size() == 0): null

2019-06-26 19:21:59 - [TEST_STEP][PASSED] - picklistCreatedMessage = UtilityMethods.concat("Picklist for order: [", orderId, "] has been created successfully."): null

2019-06-26 19:21:59 - [TEST_STEP][PASSED] - verifyElementText(findTestObject("Cabi warehouse/picklistCreatedMessage"), picklistCreatedMessage): Actual text and expected text of test object 'Object Repository/Cabi warehouse/picklistCreatedMessage' are matched.

2019-06-26 19:21:59 - [MESSAGE][PASSED] - Actual text and expected text of test object 'Object Repository/Cabi warehouse/picklistCreatedMessage' are matched.

2019-06-26 19:21:59 - [TEST_STEP][PASSED] - click(findTestObject("Page_cabi Create Single Order PickList/a_Manage PickLists")): Object: 'Object Repository/Page_cabi Create Single Order PickList/a_Manage PickLists' is clicked on

2019-06-26 19:22:00 - [MESSAGE][PASSED] - Object: 'Object Repository/Page_cabi Create Single Order PickList/a_Manage PickLists' is clicked on

2019-06-26 19:22:00 - [TEST_STEP][PASSED] - setText(findTestObject("Page_cabi Manage PickLists/input_Order _orderId"), orderId): Text 'PR708033007' is set on object 'Object Repository/Page_cabi Manage PickLists/input_Order _orderId'

2019-06-26 19:22:00 - [MESSAGE][PASSED] - Text 'PR708033007' is set on object 'Object Repository/Page_cabi Manage PickLists/input_Order _orderId'

2019-06-26 19:22:00 - [TEST_STEP][PASSED] - click(findTestObject("Page_cabi Manage PickLists/input")): Object: 'Object Repository/Page_cabi Manage PickLists/input' is clicked on

2019-06-26 19:22:01 - [MESSAGE][PASSED] - Object: 'Object Repository/Page_cabi Manage PickLists/input' is clicked on

2019-06-26 19:22:01 - [TEST_STEP][PASSED] - delay(3): Delayed 3 second(s)

2019-06-26 19:22:04 - [MESSAGE][PASSED] - Delayed 3 second(s)

2019-06-26 19:22:04 - [TEST_STEP][PASSED] - click(findTestObject("Page_cabi Manage PickLists/td_104238610")): Object: 'Object Repository/Page_cabi Manage PickLists/td_104238610' is clicked on

2019-06-26 19:22:04 - [MESSAGE][PASSED] - Object: 'Object Repository/Page_cabi Manage PickLists/td_104238610' is clicked on

2019-06-26 19:22:04 - [TEST_STEP][PASSED] - picklistId = getText(findTestObject("Page_cabi Manage PickLists/td_104238610")): Text of object 'Object Repository/Page_cabi Manage PickLists/td_104238610' is: '104300517'

2019-06-26 19:22:04 - [MESSAGE][PASSED] - Text of object 'Object Repository/Page_cabi Manage PickLists/td_104238610' is: '104300517'

2019-06-26 19:22:04 - [TEST_STEP][PASSED] - click(findTestObject("Page_cabi Manage PickLists/a_Packing")): Object: 'Object Repository/Page_cabi Manage PickLists/a_Packing' is clicked on

2019-06-26 19:22:05 - [MESSAGE][PASSED] - Object: 'Object Repository/Page_cabi Manage PickLists/a_Packing' is clicked on

2019-06-26 19:22:05 - [TEST_STEP][PASSED] - setText(findTestObject("Page_cabi Pack Init/input_Pack Station_packStationId"), "30"): Text '30' is set on object 'Object Repository/Page_cabi Pack Init/input_Pack Station_packStationId'

2019-06-26 19:22:06 - [MESSAGE][PASSED] - Text '30' is set on object 'Object Repository/Page_cabi Pack Init/input_Pack Station_packStationId'

2019-06-26 19:22:06 - [TEST_STEP][PASSED] - click(findTestObject("Page_cabi Pack Init/input_Pack Station_submitButton")): Object: 'Object Repository/Page_cabi Pack Init/input_Pack Station_submitButton' is clicked on

2019-06-26 19:22:06 - [MESSAGE][PASSED] - Object: 'Object Repository/Page_cabi Pack Init/input_Pack Station_submitButton' is clicked on

2019-06-26 19:22:06 - [TEST_STEP][PASSED] - setText(findTestObject("Page_cabi Pack Init/input_Picklist ID_pickId"), picklistId): Text '104300517' is set on object 'Object Repository/Page_cabi Pack Init/input_Picklist ID_pickId'

2019-06-26 19:22:07 - [MESSAGE][PASSED] - Text '104300517' is set on object 'Object Repository/Page_cabi Pack Init/input_Picklist ID_pickId'

2019-06-26 19:22:07 - [TEST_STEP][PASSED] - click(findTestObject("Page_cabi Pack Init/input_Picklist ID_submitButton")): Object: 'Object Repository/Page_cabi Pack Init/input_Picklist ID_submitButton' is clicked on

2019-06-26 19:22:08 - [MESSAGE][PASSED] - Object: 'Object Repository/Page_cabi Pack Init/input_Picklist ID_submitButton' is clicked on

2019-06-26 19:22:08 - [TEST_STEP][PASSED] - click(findTestObject("Page_cabi General Pack/input_Cream Of Wheat_button addItemForVerification")): Object: 'Object Repository/Page_cabi General Pack/input_Cream Of Wheat_button addItemForVerification' is clicked on

2019-06-26 19:22:08 - [MESSAGE][PASSED] - Object: 'Object Repository/Page_cabi General Pack/input_Cream Of Wheat_button addItemForVerification' is clicked on

2019-06-26 19:22:08 - [TEST_STEP][PASSED] - click(findTestObject("Page_cabi General Pack/input_Pack Station  30_shipConfirmBtn")): Object: 'Object Repository/Page_cabi General Pack/input_Pack Station  30_shipConfirmBtn' is clicked on

2019-06-26 19:22:12 - [MESSAGE][PASSED] - Object: 'Object Repository/Page_cabi General Pack/input_Pack Station  30_shipConfirmBtn' is clicked on

2019-06-26 19:22:12 - [TEST_STEP][PASSED] - delay(3): Delayed 3 second(s)

2019-06-26 19:22:15 - [MESSAGE][PASSED] - Delayed 3 second(s)

2019-06-26 19:22:15 - [TEST_STEP][PASSED] - itemsNotpacked = findWebElements(findTestObject("Cabi warehouse/itemsNotPacked"), 5): Unable to find the element located by 'By.xpath: //*[@id="content-messages"]/p[1]'. Please recheck the objects properties to make sure the desired element is located. 

2019-06-26 19:22:20 - [MESSAGE][INFO] - Unable to find the element located by 'By.xpath: //*[@id="content-messages"]/p[1]'. Please recheck the objects properties to make sure the desired element is located. 

2019-06-26 19:22:20 - [TEST_STEP][PASSED] - if (itemsNotpacked.size() > 0): null

2019-06-26 19:22:20 - [TEST_STEP][PASSED] - click(findTestObject("Cabi warehouse/warehouseLogout")): Object: 'Object Repository/Cabi warehouse/warehouseLogout' is clicked on

2019-06-26 19:22:23 - [MESSAGE][PASSED] - Object: 'Object Repository/Cabi warehouse/warehouseLogout' is clicked on

2019-06-26 19:22:23 - [MESSAGE][PASSED] - Call Test Case 'Test Cases/NewArrival/warehouseShipping' successfully

2019-06-26 19:22:23 - [TEST_STEP][PASSED] - callTestCase(findTestCase("TestCaseUtilities/backOfficeLogin"), ["BOURL":"", "BOuser":"", "BOpass":""], STOP_ON_FAILURE): Call Test Case 'Test Cases/TestCaseUtilities/backOfficeLogin' successfully

2019-06-26 19:22:23 - [TEST_CASE][PASSED] - Test Cases/TestCaseUtilities/backOfficeLogin: Test Cases/TestCaseUtilities/backOfficeLogin

2019-06-26 19:22:23 - [TEST_STEP][PASSED] - BOURL = findTestData("credData").getValue("BOURL", 1): null

2019-06-26 19:22:23 - [TEST_STEP][PASSED] - BOuser = findTestData("credData").getValue("BOuser", 1): null

2019-06-26 19:22:23 - [TEST_STEP][PASSED] - BOpass = findTestData("credData").getValue("BOpass", 1): null

2019-06-26 19:22:23 - [TEST_STEP][PASSED] - navigateToUrl(BOURL): Navigate to 'https://test14.cliotest.com/backoffice/control/main' successfully

2019-06-26 19:22:31 - [MESSAGE][PASSED] - Navigate to 'https://test14.cliotest.com/backoffice/control/main' successfully

2019-06-26 19:22:31 - [TEST_STEP][PASSED] - logOut = findWebElements(findTestObject("Object Repository/Page_cabi Home/log_out"), 1): Unable to find the element located by 'By.xpath: //a[contains(text(),'Log Out')]'. Please recheck the objects properties to make sure the desired element is located. 

2019-06-26 19:22:32 - [MESSAGE][INFO] - Unable to find the element located by 'By.xpath: //a[contains(text(),'Log Out')]'. Please recheck the objects properties to make sure the desired element is located. 

2019-06-26 19:22:32 - [TEST_STEP][PASSED] - if (logOut.size() == 0): Object: 'Object Repository/Page_cabi/input_Welcome to_consultantLogin' is clicked on

2019-06-26 19:22:32 - [TEST_STEP][PASSED] - setText(findTestObject("Page_cabi/input_Welcome to_USERNAME"), BOuser): Text '400000002' is set on object 'Object Repository/Page_cabi/input_Welcome to_USERNAME'

2019-06-26 19:22:32 - [MESSAGE][PASSED] - Text '400000002' is set on object 'Object Repository/Page_cabi/input_Welcome to_USERNAME'

2019-06-26 19:22:32 - [TEST_STEP][PASSED] - setText(findTestObject("Object Repository/Page_cabi/input_Welcome to_PASSWORD"), BOpass): Text 'blackdress19' is set on object 'Object Repository/Page_cabi/input_Welcome to_PASSWORD'

2019-06-26 19:22:32 - [MESSAGE][PASSED] - Text 'blackdress19' is set on object 'Object Repository/Page_cabi/input_Welcome to_PASSWORD'

2019-06-26 19:22:32 - [TEST_STEP][PASSED] - click(findTestObject("Object Repository/Page_cabi/input_Welcome to_consultantLogin")): Object: 'Object Repository/Page_cabi/input_Welcome to_consultantLogin' is clicked on

2019-06-26 19:22:42 - [MESSAGE][PASSED] - Object: 'Object Repository/Page_cabi/input_Welcome to_consultantLogin' is clicked on

2019-06-26 19:22:42 - [TEST_STEP][PASSED] - delay(3): Delayed 3 second(s)

2019-06-26 19:22:45 - [MESSAGE][PASSED] - Delayed 3 second(s)

2019-06-26 19:22:45 - [MESSAGE][PASSED] - Call Test Case 'Test Cases/TestCaseUtilities/backOfficeLogin' successfully

2019-06-26 19:22:45 - [TEST_STEP][PASSED] - click(findTestObject("Object Repository/findOrders/Page_cabi Find Orders/Page_cabi Home/a_Shows  Orders")): Object: 'Object Repository/findOrders/Page_cabi Find Orders/Page_cabi Home/a_Shows  Orders' is clicked on

2019-06-26 19:22:46 - [MESSAGE][PASSED] - Object: 'Object Repository/findOrders/Page_cabi Find Orders/Page_cabi Home/a_Shows  Orders' is clicked on

2019-06-26 19:22:46 - [TEST_STEP][PASSED] - click(findTestObject("Object Repository/findOrders/Page_cabi Find Orders/Page_cabi Home/a_Orders")): Object: 'Object Repository/findOrders/Page_cabi Find Orders/Page_cabi Home/a_Orders' is clicked on

2019-06-26 19:22:48 - [MESSAGE][PASSED] - Object: 'Object Repository/findOrders/Page_cabi Find Orders/Page_cabi Home/a_Orders' is clicked on

2019-06-26 19:22:48 - [TEST_STEP][PASSED] - click(findTestObject("Object Repository/findOrders/Page_cabi Find Orders/Page_cabi Find Orders/b")): Object: 'Object Repository/findOrders/Page_cabi Find Orders/Page_cabi Find Orders/b' is clicked on

2019-06-26 19:22:48 - [MESSAGE][PASSED] - Object: 'Object Repository/findOrders/Page_cabi Find Orders/Page_cabi Find Orders/b' is clicked on

2019-06-26 19:22:48 - [TEST_STEP][PASSED] - delay(3): Delayed 3 second(s)

2019-06-26 19:22:51 - [MESSAGE][PASSED] - Delayed 3 second(s)

2019-06-26 19:22:51 - [TEST_STEP][PASSED] - click(findTestObject("findOrders/Page_cabi Find Orders/orderNo")): Object: 'Object Repository/findOrders/Page_cabi Find Orders/orderNo' is clicked on

2019-06-26 19:22:52 - [MESSAGE][PASSED] - Object: 'Object Repository/findOrders/Page_cabi Find Orders/orderNo' is clicked on

2019-06-26 19:22:52 - [TEST_STEP][PASSED] - delay(3): Delayed 3 second(s)

2019-06-26 19:22:55 - [MESSAGE][PASSED] - Delayed 3 second(s)

2019-06-26 19:22:55 - [TEST_STEP][PASSED] - click(findTestObject("Object Repository/findOrders/Page_cabi Find Orders/Page_cabi Find Orders/pendingShipment")): Object: 'Object Repository/findOrders/Page_cabi Find Orders/Page_cabi Find Orders/pendingShipment' is clicked on

2019-06-26 19:22:55 - [MESSAGE][PASSED] - Object: 'Object Repository/findOrders/Page_cabi Find Orders/Page_cabi Find Orders/pendingShipment' is clicked on

2019-06-26 19:22:55 - [TEST_STEP][PASSED] - click(findTestObject("Object Repository/findOrders/Page_cabi Find Orders/Page_cabi Find Orders/inputShipped")): Object: 'Object Repository/findOrders/Page_cabi Find Orders/Page_cabi Find Orders/inputShipped' is clicked on

2019-06-26 19:22:55 - [MESSAGE][PASSED] - Object: 'Object Repository/findOrders/Page_cabi Find Orders/Page_cabi Find Orders/inputShipped' is clicked on

2019-06-26 19:22:55 - [TEST_STEP][PASSED] - setText(findTestObject("Object Repository/findOrders/Page_cabi Find Orders/Page_cabi Find Orders/inputOrderId"), addOnOrderId): Text 'PR708033007' is set on object 'Object Repository/findOrders/Page_cabi Find Orders/Page_cabi Find Orders/inputOrderId'

2019-06-26 19:22:55 - [MESSAGE][PASSED] - Text 'PR708033007' is set on object 'Object Repository/findOrders/Page_cabi Find Orders/Page_cabi Find Orders/inputOrderId'

2019-06-26 19:22:55 - [TEST_STEP][PASSED] - click(findTestObject("Object Repository/findOrders/Page_cabi Find Orders/Page_cabi Find Orders/findOrders")): Object: 'Object Repository/findOrders/Page_cabi Find Orders/Page_cabi Find Orders/findOrders' is clicked on

2019-06-26 19:22:55 - [MESSAGE][PASSED] - Object: 'Object Repository/findOrders/Page_cabi Find Orders/Page_cabi Find Orders/findOrders' is clicked on

2019-06-26 19:22:55 - [TEST_STEP][PASSED] - click(findTestObject("findOrders/Page_cabi Find Orders/orderView")): Object: 'Object Repository/findOrders/Page_cabi Find Orders/orderView' is clicked on

2019-06-26 19:22:59 - [MESSAGE][PASSED] - Object: 'Object Repository/findOrders/Page_cabi Find Orders/orderView' is clicked on

2019-06-26 19:22:59 - [TEST_STEP][PASSED] - delay(3): Delayed 3 second(s)

2019-06-26 19:23:02 - [MESSAGE][PASSED] - Delayed 3 second(s)

2019-06-26 19:23:02 - [TEST_STEP][PASSED] - refresh(): Refresh successfully

2019-06-26 19:23:02 - [MESSAGE][PASSED] - Refresh successfully

2019-06-26 19:23:02 - [TEST_STEP][PASSED] - delay(3): Delayed 3 second(s)

2019-06-26 19:23:05 - [MESSAGE][PASSED] - Delayed 3 second(s)

2019-06-26 19:23:05 - [TEST_STEP][PASSED] - refresh(): Refresh successfully

2019-06-26 19:23:05 - [MESSAGE][PASSED] - Refresh successfully

2019-06-26 19:23:05 - [TEST_STEP][PASSED] - delay(10): Delayed 10 second(s)

2019-06-26 19:23:15 - [MESSAGE][PASSED] - Delayed 10 second(s)

2019-06-26 19:23:15 - [TEST_STEP][PASSED] - refresh(): Refresh successfully

2019-06-26 19:23:15 - [MESSAGE][PASSED] - Refresh successfully

2019-06-26 19:23:15 - [TEST_STEP][PASSED] - delay(3): Delayed 3 second(s)

2019-06-26 19:23:18 - [MESSAGE][PASSED] - Delayed 3 second(s)

2019-06-26 19:23:18 - [TEST_STEP][PASSED] - click(findTestObject("Object Repository/findOrders/Page_cabi Find Orders/Page_cabi Order View/a_(Return Order)")): Object: 'Object Repository/findOrders/Page_cabi Find Orders/Page_cabi Order View/a_(Return Order)' is clicked on

2019-06-26 19:23:22 - [MESSAGE][PASSED] - Object: 'Object Repository/findOrders/Page_cabi Find Orders/Page_cabi Order View/a_(Return Order)' is clicked on

2019-06-26 19:23:22 - [TEST_STEP][PASSED] - delay(3): Delayed 3 second(s)

2019-06-26 19:23:25 - [MESSAGE][PASSED] - Delayed 3 second(s)

2019-06-26 19:23:25 - [TEST_STEP][PASSED] - selectOptionByValue(findTestObject("Object Repository/findOrders/Page_cabi Find Orders/Page_cabi Stylist Create RMA/selectReason1"), "CABI_c", true): All options with value 'CABI_c' are selected in object 'Object Repository/findOrders/Page_cabi Find Orders/Page_cabi Stylist Create RMA/selectReason1'  using regular expression

2019-06-26 19:23:25 - [MESSAGE][PASSED] - All options with value 'CABI_c' are selected in object 'Object Repository/findOrders/Page_cabi Find Orders/Page_cabi Stylist Create RMA/selectReason1'  using regular expression

2019-06-26 19:23:25 - [TEST_STEP][PASSED] - selectOptionByValue(findTestObject("Object Repository/findOrders/Page_cabi Find Orders/Page_cabi Stylist Create RMA/selectReason2"), "CABI_c_a", true): All options with value 'CABI_c_a' are selected in object 'Object Repository/findOrders/Page_cabi Find Orders/Page_cabi Stylist Create RMA/selectReason2'  using regular expression

2019-06-26 19:23:26 - [MESSAGE][PASSED] - All options with value 'CABI_c_a' are selected in object 'Object Repository/findOrders/Page_cabi Find Orders/Page_cabi Stylist Create RMA/selectReason2'  using regular expression

2019-06-26 19:23:26 - [TEST_STEP][PASSED] - click(findTestObject("Object Repository/findOrders/Page_cabi Find Orders/Page_cabi Stylist Create RMA/inputRefund")): Object: 'Object Repository/findOrders/Page_cabi Find Orders/Page_cabi Stylist Create RMA/inputRefund' is clicked on

2019-06-26 19:23:26 - [MESSAGE][PASSED] - Object: 'Object Repository/findOrders/Page_cabi Find Orders/Page_cabi Stylist Create RMA/inputRefund' is clicked on

2019-06-26 19:23:26 - [TEST_STEP][PASSED] - click(findTestObject("Object Repository/findOrders/Page_cabi Find Orders/Page_cabi Stylist Create RMA/a_Next")): Object: 'Object Repository/findOrders/Page_cabi Find Orders/Page_cabi Stylist Create RMA/a_Next' is clicked on

2019-06-26 19:23:26 - [MESSAGE][PASSED] - Object: 'Object Repository/findOrders/Page_cabi Find Orders/Page_cabi Stylist Create RMA/a_Next' is clicked on

2019-06-26 19:23:26 - [TEST_STEP][PASSED] - click(findTestObject("Object Repository/findOrders/Page_cabi Find Orders/Page_cabi Stylist Create RMA/inputPostalService")): Object: 'Object Repository/findOrders/Page_cabi Find Orders/Page_cabi Stylist Create RMA/inputPostalService' is clicked on

2019-06-26 19:23:28 - [MESSAGE][PASSED] - Object: 'Object Repository/findOrders/Page_cabi Find Orders/Page_cabi Stylist Create RMA/inputPostalService' is clicked on

2019-06-26 19:23:28 - [TEST_STEP][PASSED] - click(findTestObject("Object Repository/findOrders/Page_cabi Find Orders/Page_cabi Stylist Create RMA/inputConfirmAdderess")): Object: 'Object Repository/findOrders/Page_cabi Find Orders/Page_cabi Stylist Create RMA/inputConfirmAdderess' is clicked on

2019-06-26 19:23:29 - [MESSAGE][PASSED] - Object: 'Object Repository/findOrders/Page_cabi Find Orders/Page_cabi Stylist Create RMA/inputConfirmAdderess' is clicked on

2019-06-26 19:23:29 - [TEST_STEP][PASSED] - click(findTestObject("Object Repository/findOrders/Page_cabi Find Orders/Page_cabi Stylist Create RMA/a_Next_1")): Object: 'Object Repository/findOrders/Page_cabi Find Orders/Page_cabi Stylist Create RMA/a_Next_1' is clicked on

2019-06-26 19:23:29 - [MESSAGE][PASSED] - Object: 'Object Repository/findOrders/Page_cabi Find Orders/Page_cabi Stylist Create RMA/a_Next_1' is clicked on

2019-06-26 19:23:29 - [TEST_STEP][PASSED] - click(findTestObject("Object Repository/findOrders/Page_cabi Find Orders/Page_cabi Stylist Create RMA/a_Submit RMA")): Object: 'Object Repository/findOrders/Page_cabi Find Orders/Page_cabi Stylist Create RMA/a_Submit RMA' is clicked on

2019-06-26 19:23:33 - [MESSAGE][PASSED] - Object: 'Object Repository/findOrders/Page_cabi Find Orders/Page_cabi Stylist Create RMA/a_Submit RMA' is clicked on

2019-06-26 19:23:33 - [TEST_STEP][PASSED] - click(findTestObject("Object Repository/findOrders/Page_cabi Find Orders/Page_cabi Stylist Create RMA/addonOrder")): Object: 'Object Repository/findOrders/Page_cabi Find Orders/Page_cabi Stylist Create RMA/addonOrder' is clicked on

2019-06-26 19:23:36 - [MESSAGE][PASSED] - Object: 'Object Repository/findOrders/Page_cabi Find Orders/Page_cabi Stylist Create RMA/addonOrder' is clicked on

2019-06-26 19:23:36 - [TEST_STEP][PASSED] - delay(3): Delayed 3 second(s)

2019-06-26 19:23:39 - [MESSAGE][PASSED] - Delayed 3 second(s)

2019-06-26 19:23:39 - [TEST_STEP][PASSED] - click(findTestObject("Object Repository/Page_cabi_addOn_order/a_continue_to_order")): Object: 'Object Repository/Page_cabi_addOn_order/a_continue_to_order' is clicked on

2019-06-26 19:23:39 - [MESSAGE][PASSED] - Object: 'Object Repository/Page_cabi_addOn_order/a_continue_to_order' is clicked on

2019-06-26 19:23:39 - [TEST_STEP][PASSED] - delay(2): Delayed 2 second(s)

2019-06-26 19:23:41 - [MESSAGE][PASSED] - Delayed 2 second(s)

2019-06-26 19:23:41 - [TEST_STEP][PASSED] - callTestCase(findTestCase("NewArrival/productVerifyShort"), ["available":BOAddonPersonal], STOP_ON_FAILURE): Call Test Case 'Test Cases/NewArrival/productVerifyShort' successfully

2019-06-26 19:23:41 - [TEST_CASE][PASSED] - Test Cases/NewArrival/productVerifyShort: Test Cases/NewArrival/productVerifyShort

2019-06-26 19:23:41 - [TEST_STEP][PASSED] - for ([row = 1, row <= findTestData("productData").getRowNumbers(), (row++)]): Delayed 3 second(s)

2019-06-26 19:23:41 - [TEST_STEP][PASSED] - delay(2): Delayed 2 second(s)

2019-06-26 19:23:43 - [MESSAGE][PASSED] - Delayed 2 second(s)

2019-06-26 19:23:43 - [TEST_STEP][PASSED] - setText(findTestObject("Object Repository/Page_cabi Create Order/input_Manual Discount_stylelookup_0"), findTestData("productData").getValue("Style", row)): Text '5618' is set on object 'Object Repository/Page_cabi Create Order/input_Manual Discount_stylelookup_0'

2019-06-26 19:23:44 - [MESSAGE][PASSED] - Text '5618' is set on object 'Object Repository/Page_cabi Create Order/input_Manual Discount_stylelookup_0'

2019-06-26 19:23:44 - [TEST_STEP][PASSED] - delay(2): Delayed 2 second(s)

2019-06-26 19:23:46 - [MESSAGE][PASSED] - Delayed 2 second(s)

2019-06-26 19:23:46 - [TEST_STEP][PASSED] - prod_message = getText(findTestObject("Page_cabi Create Order/first_option")): Text of object 'Object Repository/Page_cabi Create Order/first_option' is: '5618 Breeze Dress (Spring '19)'

2019-06-26 19:23:46 - [MESSAGE][PASSED] - Text of object 'Object Repository/Page_cabi Create Order/first_option' is: '5618 Breeze Dress (Spring '19)'

2019-06-26 19:23:46 - [TEST_STEP][PASSED] - delay(1): Delayed 1 second(s)

2019-06-26 19:23:47 - [MESSAGE][PASSED] - Delayed 1 second(s)

2019-06-26 19:23:47 - [TEST_STEP][PASSED] - click(findTestObject("Page_cabi Create Order/first_option")): Object: 'Object Repository/Page_cabi Create Order/first_option' is clicked on

2019-06-26 19:23:47 - [MESSAGE][PASSED] - Object: 'Object Repository/Page_cabi Create Order/first_option' is clicked on

2019-06-26 19:23:47 - [TEST_STEP][PASSED] - if (toString().equalsIgnoreCase("no")): null

2019-06-26 19:23:47 - [TEST_STEP][PASSED] - else: Delayed 3 second(s)

2019-06-26 19:23:47 - [TEST_STEP][PASSED] - delay(3): Delayed 3 second(s)

2019-06-26 19:23:50 - [MESSAGE][PASSED] - Delayed 3 second(s)

2019-06-26 19:23:50 - [TEST_STEP][PASSED] - s1 = getValue("Style", row).toString(): null

2019-06-26 19:23:50 - [TEST_STEP][PASSED] - s2 = " ": null

2019-06-26 19:23:50 - [TEST_STEP][PASSED] - s3 = getValue("Description", row).toString(): null

2019-06-26 19:23:50 - [TEST_STEP][PASSED] - expectedStyleDescription = $s1$s2$s3: null

2019-06-26 19:23:50 - [TEST_STEP][PASSED] - prod_message = UtilityMethods.splitStyle(prod_message): null

2019-06-26 19:23:50 - [TEST_STEP][PASSED] - println(prod_message): null

2019-06-26 19:23:50 - [TEST_STEP][PASSED] - assert prod_message.equalsIgnoreCase(expectedStyleDescription): null

2019-06-26 19:23:50 - [TEST_STEP][PASSED] - delay(3): Delayed 3 second(s)

2019-06-26 19:23:53 - [MESSAGE][PASSED] - Delayed 3 second(s)

2019-06-26 19:23:53 - [TEST_STEP][PASSED] - colorOptions = findWebElements(findTestObject("Page_cabi Order Items/GetAttribute_Color"), 5): null

2019-06-26 19:23:53 - [TEST_STEP][PASSED] - println(colorOptions.size()): null

2019-06-26 19:23:53 - [TEST_STEP][PASSED] - expectedColour = findTestData("productData").getValue("Color", row): null

2019-06-26 19:23:53 - [TEST_STEP][PASSED] - println("expected colour is"): null

2019-06-26 19:23:53 - [TEST_STEP][PASSED] - println(expectedColour): null

2019-06-26 19:23:53 - [TEST_STEP][PASSED] - colourVerified = false: null

2019-06-26 19:23:53 - [TEST_STEP][PASSED] - for (org.openqa.selenium.WebElement op : colorOptions): null

2019-06-26 19:23:53 - [TEST_STEP][PASSED] - println(op.getText()): null

2019-06-26 19:23:53 - [TEST_STEP][PASSED] - if (expectedColour.equalsIgnoreCase(op.getText())): null

2019-06-26 19:23:53 - [TEST_STEP][PASSED] - colourVerified = true: null

2019-06-26 19:23:53 - [TEST_STEP][PASSED] - break: null

2019-06-26 19:23:53 - [TEST_STEP][PASSED] - assert colourVerified == true: null

2019-06-26 19:23:53 - [TEST_STEP][PASSED] - getPrice = getText(findTestObject("Page_cabi Create Order/retail_price")): Text of object 'Object Repository/Page_cabi Create Order/retail_price' is: '$119.00'

2019-06-26 19:23:53 - [MESSAGE][PASSED] - Text of object 'Object Repository/Page_cabi Create Order/retail_price' is: '$119.00'

2019-06-26 19:23:53 - [TEST_STEP][PASSED] - Split_Data = UtilityMethods.SplitData(getPrice): null

2019-06-26 19:23:53 - [TEST_STEP][PASSED] - verifyMatch(Split_Data, findTestData("productData").getValue("Retail", row), true): Actual text '119' and expected text '119' are matched  using regular expression

2019-06-26 19:23:53 - [MESSAGE][PASSED] - Actual text '119' and expected text '119' are matched  using regular expression

2019-06-26 19:23:53 - [TEST_STEP][PASSED] - sizeRange1 = ["XXS", "XS", "S", "M", "L", "XL"]: null

2019-06-26 19:23:53 - [TEST_STEP][PASSED] - sizeRange2 = ["00", "0", "2", "4", "6", "8", "10", "12", "14", "16"]: null

2019-06-26 19:23:53 - [TEST_STEP][PASSED] - sizeRange3 = ["Long", "Regular", "Short"]: null

2019-06-26 19:23:53 - [TEST_STEP][PASSED] - sizeRange4 = ["5", "6", "6.5", "7", "7.5", "8", "8.5", "9", "9.5", "10", "11"]: null

2019-06-26 19:23:53 - [TEST_STEP][PASSED] - sizeRangeSplit = UtilityMethods.SplitSizes(findTestData("productData").getValue("SzRange", row)): null

2019-06-26 19:23:53 - [TEST_STEP][PASSED] - sizeType = getText(findTestObject("Object Repository/Page_cabi Order Items/Size")): Text of object 'Object Repository/Page_cabi Order Items/Size' is: 'Select'

2019-06-26 19:23:53 - [MESSAGE][PASSED] - Text of object 'Object Repository/Page_cabi Order Items/Size' is: 'Select'

2019-06-26 19:23:53 - [TEST_STEP][PASSED] - sizeOptions = findWebElements(findTestObject("Object Repository/Page_cabi Order Items/Size"), 5): null

2019-06-26 19:23:53 - [TEST_STEP][PASSED] - actualRange = new java.util.ArrayList(): null

2019-06-26 19:23:53 - [TEST_STEP][PASSED] - expectedRange = <not implemented yet for class: org.codehaus.groovy.ast.expr.EmptyExpression>: null

2019-06-26 19:23:53 - [TEST_STEP][PASSED] - if (sizeType.equalsIgnoreCase("Select")): null

2019-06-26 19:23:53 - [TEST_STEP][PASSED] - for ([i = 1, i < sizeOptions.size(), (i++)]): null

2019-06-26 19:23:53 - [TEST_STEP][PASSED] - actualRange.add(get(i).getText()): null

2019-06-26 19:23:53 - [TEST_STEP][PASSED] - actualRange.add(get(i).getText()): null

2019-06-26 19:23:53 - [TEST_STEP][PASSED] - actualRange.add(get(i).getText()): null

2019-06-26 19:23:53 - [TEST_STEP][PASSED] - actualRange.add(get(i).getText()): null

2019-06-26 19:23:53 - [TEST_STEP][PASSED] - actualRange.add(get(i).getText()): null

2019-06-26 19:23:53 - [TEST_STEP][PASSED] - if (toString().equalsIgnoreCase("XS") || toString().equalsIgnoreCase("XXS")): null

2019-06-26 19:23:53 - [TEST_STEP][PASSED] - expectedRange = UtilityMethods.getExpectedRange(sizeRange1, sizeRangeSplit): null

2019-06-26 19:23:53 - [TEST_STEP][PASSED] - println("XS"): null

2019-06-26 19:23:53 - [TEST_STEP][PASSED] - println(expectedRange.toString()): null

2019-06-26 19:23:53 - [TEST_STEP][PASSED] - assert UtilityMethods.listEquals(expectedRange, actualRange) == true: null

2019-06-26 19:23:53 - [TEST_STEP][PASSED] - delay(3): Delayed 3 second(s)

2019-06-26 19:23:56 - [MESSAGE][PASSED] - Delayed 3 second(s)

2019-06-26 19:23:56 - [MESSAGE][PASSED] - Call Test Case 'Test Cases/NewArrival/productVerifyShort' successfully

2019-06-26 19:23:56 - [MESSAGE][PASSED] - Call Test Case 'Test Cases/NewArrival/addOnOrderPersonal' successfully

2019-06-26 19:23:56 - [TEST_STEP][PASSED] - callTestCase(findTestCase("NewArrival/addOnOrderRetail"), ["addOnStyle":""], STOP_ON_FAILURE): Call Test Case 'Test Cases/NewArrival/addOnOrderRetail' successfully

2019-06-26 19:23:56 - [TEST_CASE][PASSED] - Test Cases/NewArrival/addOnOrderRetail: Test Cases/NewArrival/addOnOrderRetail

2019-06-26 19:23:56 - [TEST_STEP][PASSED] - openBrowser(""): Browser is opened with url: ''

2019-06-26 19:23:56 - [MESSAGE][WARNING] - A browser is already opened. Closing browser and opening a new one

2019-06-26 19:23:57 - [MESSAGE][INFO] - Starting 'Chrome' driver

2019-06-26 19:23:57 - [MESSAGE][INFO] - User set preference: ['args', '[--use-fake-ui-for-media-stream, --start-maximized]']

2019-06-26 19:23:59 - [MESSAGE][PASSED] - Browser is opened with url: ''

2019-06-26 19:23:59 - [TEST_STEP][PASSED] - addOnStyle = findTestData("miscData").getValue("addOnStyle", 1): null

2019-06-26 19:23:59 - [TEST_STEP][PASSED] - callTestCase(findTestCase("TestCaseUtilities/backOfficeLogin"), ["BOURL":"", "BOuser":"", "BOpass":""], STOP_ON_FAILURE): Call Test Case 'Test Cases/TestCaseUtilities/backOfficeLogin' successfully

2019-06-26 19:24:00 - [TEST_CASE][PASSED] - Test Cases/TestCaseUtilities/backOfficeLogin: Test Cases/TestCaseUtilities/backOfficeLogin

2019-06-26 19:24:00 - [TEST_STEP][PASSED] - BOURL = findTestData("credData").getValue("BOURL", 1): null

2019-06-26 19:24:00 - [TEST_STEP][PASSED] - BOuser = findTestData("credData").getValue("BOuser", 1): null

2019-06-26 19:24:00 - [TEST_STEP][PASSED] - BOpass = findTestData("credData").getValue("BOpass", 1): null

2019-06-26 19:24:00 - [TEST_STEP][PASSED] - navigateToUrl(BOURL): Navigate to 'https://test14.cliotest.com/backoffice/control/main' successfully

2019-06-26 19:24:10 - [MESSAGE][PASSED] - Navigate to 'https://test14.cliotest.com/backoffice/control/main' successfully

2019-06-26 19:24:10 - [TEST_STEP][PASSED] - logOut = findWebElements(findTestObject("Object Repository/Page_cabi Home/log_out"), 1): Unable to find the element located by 'By.xpath: //a[contains(text(),'Log Out')]'. Please recheck the objects properties to make sure the desired element is located. 

2019-06-26 19:24:11 - [MESSAGE][INFO] - Unable to find the element located by 'By.xpath: //a[contains(text(),'Log Out')]'. Please recheck the objects properties to make sure the desired element is located. 

2019-06-26 19:24:11 - [TEST_STEP][PASSED] - if (logOut.size() == 0): Object: 'Object Repository/Page_cabi/input_Welcome to_consultantLogin' is clicked on

2019-06-26 19:24:11 - [TEST_STEP][PASSED] - setText(findTestObject("Page_cabi/input_Welcome to_USERNAME"), BOuser): Text '400000002' is set on object 'Object Repository/Page_cabi/input_Welcome to_USERNAME'

2019-06-26 19:24:12 - [MESSAGE][PASSED] - Text '400000002' is set on object 'Object Repository/Page_cabi/input_Welcome to_USERNAME'

2019-06-26 19:24:12 - [TEST_STEP][PASSED] - setText(findTestObject("Object Repository/Page_cabi/input_Welcome to_PASSWORD"), BOpass): Text 'blackdress19' is set on object 'Object Repository/Page_cabi/input_Welcome to_PASSWORD'

2019-06-26 19:24:12 - [MESSAGE][PASSED] - Text 'blackdress19' is set on object 'Object Repository/Page_cabi/input_Welcome to_PASSWORD'

2019-06-26 19:24:12 - [TEST_STEP][PASSED] - click(findTestObject("Object Repository/Page_cabi/input_Welcome to_consultantLogin")): Object: 'Object Repository/Page_cabi/input_Welcome to_consultantLogin' is clicked on

2019-06-26 19:24:22 - [MESSAGE][PASSED] - Object: 'Object Repository/Page_cabi/input_Welcome to_consultantLogin' is clicked on

2019-06-26 19:24:22 - [TEST_STEP][PASSED] - delay(3): Delayed 3 second(s)

2019-06-26 19:24:25 - [MESSAGE][PASSED] - Delayed 3 second(s)

2019-06-26 19:24:25 - [MESSAGE][PASSED] - Call Test Case 'Test Cases/TestCaseUtilities/backOfficeLogin' successfully

2019-06-26 19:24:25 - [TEST_STEP][PASSED] - click(findTestObject("Object Repository/Page_cabi Home/a_Shows  Orders")): Object: 'Object Repository/Page_cabi Home/a_Shows  Orders' is clicked on

2019-06-26 19:24:25 - [MESSAGE][PASSED] - Object: 'Object Repository/Page_cabi Home/a_Shows  Orders' is clicked on

2019-06-26 19:24:25 - [TEST_STEP][PASSED] - delay(1): Delayed 1 second(s)

2019-06-26 19:24:26 - [MESSAGE][PASSED] - Delayed 1 second(s)

2019-06-26 19:24:26 - [TEST_STEP][PASSED] - rightClick(findTestObject("Page_cabi Home/a_Shows  Orders")): Object: 'Object Repository/Page_cabi Home/a_Shows  Orders' is right clicked on

2019-06-26 19:24:27 - [MESSAGE][PASSED] - Object: 'Object Repository/Page_cabi Home/a_Shows  Orders' is right clicked on

2019-06-26 19:24:27 - [TEST_STEP][PASSED] - click(findTestObject("Page_cabi Home/a_retail_purchases")): Object: 'Object Repository/Page_cabi Home/a_retail_purchases' is clicked on

2019-06-26 19:24:31 - [MESSAGE][PASSED] - Object: 'Object Repository/Page_cabi Home/a_retail_purchases' is clicked on

2019-06-26 19:24:31 - [TEST_STEP][PASSED] - delay(3): Delayed 3 second(s)

2019-06-26 19:24:34 - [MESSAGE][PASSED] - Delayed 3 second(s)

2019-06-26 19:24:34 - [TEST_STEP][PASSED] - click(findTestObject("Object Repository/Page_cabi Home/existingCustomer")): Object: 'Object Repository/Page_cabi Home/existingCustomer' is clicked on

2019-06-26 19:24:34 - [MESSAGE][PASSED] - Object: 'Object Repository/Page_cabi Home/existingCustomer' is clicked on

2019-06-26 19:24:34 - [TEST_STEP][PASSED] - contactNumber = 4: null

2019-06-26 19:24:34 - [TEST_STEP][PASSED] - firstName = findTestData("contactData").getValue("firstName", contactNumber): null

2019-06-26 19:24:34 - [TEST_STEP][PASSED] - lastName = findTestData("contactData").getValue("lastName", contactNumber): null

2019-06-26 19:24:34 - [TEST_STEP][PASSED] - email = findTestData("contactData").getValue("email", contactNumber): null

2019-06-26 19:24:34 - [TEST_STEP][PASSED] - address1 = findTestData("contactData").getValue("address1", contactNumber): null

2019-06-26 19:24:34 - [TEST_STEP][PASSED] - city = findTestData("contactData").getValue("city", contactNumber): null

2019-06-26 19:24:34 - [TEST_STEP][PASSED] - state = findTestData("contactData").getValue("state", contactNumber): null

2019-06-26 19:24:34 - [TEST_STEP][PASSED] - zip = findTestData("contactData").getValue("zip", contactNumber): null

2019-06-26 19:24:34 - [TEST_STEP][PASSED] - existingCustFName = firstName: null

2019-06-26 19:24:34 - [TEST_STEP][PASSED] - existingCustLName = lastName: null

2019-06-26 19:24:34 - [TEST_STEP][PASSED] - space = " ": null

2019-06-26 19:24:34 - [TEST_STEP][PASSED] - existingCust = $existingCustFName$space$existingCustLName: null

2019-06-26 19:24:34 - [TEST_STEP][PASSED] - setText(findTestObject("Object Repository/Page_cabi Home/input_existing_guest"), existingCust): Text 'neoguest2 abc' is set on object 'Object Repository/Page_cabi Home/input_existing_guest'

2019-06-26 19:24:35 - [MESSAGE][PASSED] - Text 'neoguest2 abc' is set on object 'Object Repository/Page_cabi Home/input_existing_guest'

2019-06-26 19:24:35 - [TEST_STEP][PASSED] - delay(3): Delayed 3 second(s)

2019-06-26 19:24:38 - [MESSAGE][PASSED] - Delayed 3 second(s)

2019-06-26 19:24:38 - [TEST_STEP][PASSED] - rightClick(findTestObject("Object Repository/Page_cabi Home/input_existing_guest")): Object: 'Object Repository/Page_cabi Home/input_existing_guest' is right clicked on

2019-06-26 19:24:38 - [MESSAGE][PASSED] - Object: 'Object Repository/Page_cabi Home/input_existing_guest' is right clicked on

2019-06-26 19:24:38 - [TEST_STEP][PASSED] - rightClick(findTestObject("Object Repository/Page_cabi Home/input_existing_guest")): Object: 'Object Repository/Page_cabi Home/input_existing_guest' is right clicked on

2019-06-26 19:24:38 - [MESSAGE][PASSED] - Object: 'Object Repository/Page_cabi Home/input_existing_guest' is right clicked on

2019-06-26 19:24:38 - [TEST_STEP][PASSED] - click(findTestObject("Object Repository/Page_cabi Create Show - Set Hostess/a_select_customer")): Object: 'Object Repository/Page_cabi Create Show - Set Hostess/a_select_customer' is clicked on

2019-06-26 19:24:39 - [MESSAGE][PASSED] - Object: 'Object Repository/Page_cabi Create Show - Set Hostess/a_select_customer' is clicked on

2019-06-26 19:24:39 - [TEST_STEP][PASSED] - setText(findTestObject("Object Repository/Page_cabi Home/input_existing_guest"), existingCust): Text 'neoguest2 abc' is set on object 'Object Repository/Page_cabi Home/input_existing_guest'

2019-06-26 19:24:39 - [MESSAGE][PASSED] - Text 'neoguest2 abc' is set on object 'Object Repository/Page_cabi Home/input_existing_guest'

2019-06-26 19:24:39 - [TEST_STEP][PASSED] - setText(findTestObject("Object Repository/Page_cabi Retail Store/input_email"), email): Text 'neoguest2ab@test.com' is set on object 'Object Repository/Page_cabi Retail Store/input_email'

2019-06-26 19:24:39 - [MESSAGE][PASSED] - Text 'neoguest2ab@test.com' is set on object 'Object Repository/Page_cabi Retail Store/input_email'

2019-06-26 19:24:39 - [TEST_STEP][PASSED] - setText(findTestObject("Object Repository/Page_cabi Edit Customer Profile/input_Address1_address1"), address1): Text '1908 INDUSTRIAL PARK DR' is set on object 'Object Repository/Page_cabi Edit Customer Profile/input_Address1_address1'

2019-06-26 19:24:40 - [MESSAGE][PASSED] - Text '1908 INDUSTRIAL PARK DR' is set on object 'Object Repository/Page_cabi Edit Customer Profile/input_Address1_address1'

2019-06-26 19:24:40 - [TEST_STEP][PASSED] - setText(findTestObject("Object Repository/Page_cabi Edit Customer Profile/input_Address2_address2"), ""): Text '' is set on object 'Object Repository/Page_cabi Edit Customer Profile/input_Address2_address2'

2019-06-26 19:24:40 - [MESSAGE][PASSED] - Text '' is set on object 'Object Repository/Page_cabi Edit Customer Profile/input_Address2_address2'

2019-06-26 19:24:40 - [TEST_STEP][PASSED] - setText(findTestObject("Object Repository/Page_cabi Edit Customer Profile/input_City_city"), city): Text 'PLANT CITY' is set on object 'Object Repository/Page_cabi Edit Customer Profile/input_City_city'

2019-06-26 19:24:40 - [MESSAGE][PASSED] - Text 'PLANT CITY' is set on object 'Object Repository/Page_cabi Edit Customer Profile/input_City_city'

2019-06-26 19:24:40 - [TEST_STEP][PASSED] - click(findTestObject("Page_cabi Edit Customer Profile/span_select_a_state")): Object: 'Object Repository/Page_cabi Edit Customer Profile/span_select_a_state' is clicked on

2019-06-26 19:24:40 - [MESSAGE][PASSED] - Object: 'Object Repository/Page_cabi Edit Customer Profile/span_select_a_state' is clicked on

2019-06-26 19:24:40 - [TEST_STEP][PASSED] - delay(1): Delayed 1 second(s)

2019-06-26 19:24:41 - [MESSAGE][PASSED] - Delayed 1 second(s)

2019-06-26 19:24:41 - [TEST_STEP][PASSED] - setText(findTestObject("Object Repository/Page_cabi Edit Customer Profile/input_state_1"), state): Text 'Florida' is set on object 'Object Repository/Page_cabi Edit Customer Profile/input_state_1'

2019-06-26 19:24:42 - [MESSAGE][PASSED] - Text 'Florida' is set on object 'Object Repository/Page_cabi Edit Customer Profile/input_state_1'

2019-06-26 19:24:42 - [TEST_STEP][PASSED] - delay(2): Delayed 2 second(s)

2019-06-26 19:24:44 - [MESSAGE][PASSED] - Delayed 2 second(s)

2019-06-26 19:24:44 - [TEST_STEP][PASSED] - click(findTestObject("Page_cabi Edit Customer Profile/span_state")): Object: 'Object Repository/Page_cabi Edit Customer Profile/span_state' is clicked on

2019-06-26 19:24:44 - [MESSAGE][PASSED] - Object: 'Object Repository/Page_cabi Edit Customer Profile/span_state' is clicked on

2019-06-26 19:24:44 - [TEST_STEP][PASSED] - setText(findTestObject("Page_cabi Edit Customer Profile/input_state_postalCode"), zip): Text '33566' is set on object 'Object Repository/Page_cabi Edit Customer Profile/input_state_postalCode'

2019-06-26 19:24:44 - [MESSAGE][PASSED] - Text '33566' is set on object 'Object Repository/Page_cabi Edit Customer Profile/input_state_postalCode'

2019-06-26 19:24:44 - [TEST_STEP][PASSED] - delay(5): Delayed 5 second(s)

2019-06-26 19:24:49 - [MESSAGE][PASSED] - Delayed 5 second(s)

2019-06-26 19:24:49 - [TEST_STEP][PASSED] - check(findTestObject("Object Repository/Page_cabi Home/a_same_shipping_address")): Object 'Object Repository/Page_cabi Home/a_same_shipping_address' is checked

2019-06-26 19:24:49 - [MESSAGE][PASSED] - Object 'Object Repository/Page_cabi Home/a_same_shipping_address' is checked

2019-06-26 19:24:49 - [TEST_STEP][PASSED] - delay(5): Delayed 5 second(s)

2019-06-26 19:24:54 - [MESSAGE][PASSED] - Delayed 5 second(s)

2019-06-26 19:24:54 - [TEST_STEP][PASSED] - check(findTestObject("Object Repository/Page_cabi Home/a_same_shipping_address")): Object 'Object Repository/Page_cabi Home/a_same_shipping_address' is checked

2019-06-26 19:24:54 - [MESSAGE][PASSED] - Object 'Object Repository/Page_cabi Home/a_same_shipping_address' is checked

2019-06-26 19:24:54 - [TEST_STEP][PASSED] - delay(10): Delayed 10 second(s)

2019-06-26 19:25:04 - [MESSAGE][PASSED] - Delayed 10 second(s)

2019-06-26 19:25:04 - [TEST_STEP][PASSED] - click(findTestObject("Page_cabi Retail Store/span_next_1")): Object: 'Object Repository/Page_cabi Retail Store/span_next_1' is clicked on

2019-06-26 19:25:05 - [MESSAGE][PASSED] - Object: 'Object Repository/Page_cabi Retail Store/span_next_1' is clicked on

2019-06-26 19:25:05 - [TEST_STEP][PASSED] - delay(3): Delayed 3 second(s)

2019-06-26 19:25:08 - [MESSAGE][PASSED] - Delayed 3 second(s)

2019-06-26 19:25:08 - [TEST_STEP][PASSED] - click(findTestObject("Object Repository/Page_cabi Retail Store/span_quick_entry")): Object: 'Object Repository/Page_cabi Retail Store/span_quick_entry' is clicked on

2019-06-26 19:25:12 - [MESSAGE][PASSED] - Object: 'Object Repository/Page_cabi Retail Store/span_quick_entry' is clicked on

2019-06-26 19:25:12 - [TEST_STEP][PASSED] - delay(3): Delayed 3 second(s)

2019-06-26 19:25:15 - [MESSAGE][PASSED] - Delayed 3 second(s)

2019-06-26 19:25:15 - [TEST_STEP][PASSED] - emptyCart = findWebElements(findTestObject("Object Repository/Page_cabi Personal Store/removeFromCart"), 5): Unable to find the element located by 'By.xpath: //*[@id="removeFromCart_0"]/span'. Please recheck the objects properties to make sure the desired element is located. 

2019-06-26 19:25:20 - [MESSAGE][INFO] - Unable to find the element located by 'By.xpath: //*[@id="removeFromCart_0"]/span'. Please recheck the objects properties to make sure the desired element is located. 

2019-06-26 19:25:20 - [TEST_STEP][PASSED] - while (emptyCart.size() > 0): null

2019-06-26 19:25:20 - [TEST_STEP][PASSED] - click(findTestObject("Object Repository/Page_cabi Create Order/input_Manual Discount_stylelookup_0")): Object: 'Object Repository/Page_cabi Create Order/input_Manual Discount_stylelookup_0' is clicked on

2019-06-26 19:25:20 - [MESSAGE][PASSED] - Object: 'Object Repository/Page_cabi Create Order/input_Manual Discount_stylelookup_0' is clicked on

2019-06-26 19:25:20 - [TEST_STEP][PASSED] - setText(findTestObject("Object Repository/Page_cabi Create Order/input_Manual Discount_stylelookup_0"), addOnStyle): Text '5447' is set on object 'Object Repository/Page_cabi Create Order/input_Manual Discount_stylelookup_0'

2019-06-26 19:25:20 - [MESSAGE][PASSED] - Text '5447' is set on object 'Object Repository/Page_cabi Create Order/input_Manual Discount_stylelookup_0'

2019-06-26 19:25:20 - [TEST_STEP][PASSED] - delay(3): Delayed 3 second(s)

2019-06-26 19:25:23 - [MESSAGE][PASSED] - Delayed 3 second(s)

2019-06-26 19:25:23 - [TEST_STEP][PASSED] - prod_message = getText(findTestObject("Page_cabi Create Order/first_option")): Text of object 'Object Repository/Page_cabi Create Order/first_option' is: '5447 Bishop Cardigan'

2019-06-26 19:25:24 - [MESSAGE][PASSED] - Text of object 'Object Repository/Page_cabi Create Order/first_option' is: '5447 Bishop Cardigan'

2019-06-26 19:25:24 - [TEST_STEP][PASSED] - click(findTestObject("Page_cabi Create Order/first_option")): Object: 'Object Repository/Page_cabi Create Order/first_option' is clicked on

2019-06-26 19:25:24 - [MESSAGE][PASSED] - Object: 'Object Repository/Page_cabi Create Order/first_option' is clicked on

2019-06-26 19:25:24 - [TEST_STEP][PASSED] - delay(5): Delayed 5 second(s)

2019-06-26 19:25:29 - [MESSAGE][PASSED] - Delayed 5 second(s)

2019-06-26 19:25:29 - [TEST_STEP][PASSED] - click(findTestObject("Object Repository/Page_cabi Order Items/selectSize")): Object: 'Object Repository/Page_cabi Order Items/selectSize' is clicked on

2019-06-26 19:25:29 - [MESSAGE][PASSED] - Object: 'Object Repository/Page_cabi Order Items/selectSize' is clicked on

2019-06-26 19:25:29 - [TEST_STEP][PASSED] - click(findTestObject("Object Repository/Page_cabi Order Items/span_Add to Cart")): Object: 'Object Repository/Page_cabi Order Items/span_Add to Cart' is clicked on

2019-06-26 19:25:29 - [MESSAGE][PASSED] - Object: 'Object Repository/Page_cabi Order Items/span_Add to Cart' is clicked on

2019-06-26 19:25:29 - [TEST_STEP][PASSED] - delay(5): Delayed 5 second(s)

2019-06-26 19:25:34 - [MESSAGE][PASSED] - Delayed 5 second(s)

2019-06-26 19:25:34 - [TEST_STEP][PASSED] - click(findTestObject("Object Repository/Page_cabi Order Items/span_Continue to Shipping")): Object: 'Object Repository/Page_cabi Order Items/span_Continue to Shipping' is clicked on

2019-06-26 19:25:34 - [MESSAGE][PASSED] - Object: 'Object Repository/Page_cabi Order Items/span_Continue to Shipping' is clicked on

2019-06-26 19:25:34 - [TEST_STEP][PASSED] - delay(3): Delayed 3 second(s)

2019-06-26 19:25:37 - [MESSAGE][PASSED] - Delayed 3 second(s)

2019-06-26 19:25:37 - [TEST_STEP][PASSED] - click(findTestObject("Page_cabi Personal Store/nextButtonShipping")): Object: 'Object Repository/Page_cabi Personal Store/nextButtonShipping' is clicked on

2019-06-26 19:25:37 - [MESSAGE][PASSED] - Object: 'Object Repository/Page_cabi Personal Store/nextButtonShipping' is clicked on

2019-06-26 19:25:37 - [TEST_STEP][PASSED] - delay(3): Delayed 3 second(s)

2019-06-26 19:25:40 - [MESSAGE][PASSED] - Delayed 3 second(s)

2019-06-26 19:25:40 - [TEST_STEP][PASSED] - click(findTestObject("Page_cabi Personal Store/makeFirstPayment")): Object: 'Object Repository/Page_cabi Personal Store/makeFirstPayment' is clicked on

2019-06-26 19:25:40 - [MESSAGE][PASSED] - Object: 'Object Repository/Page_cabi Personal Store/makeFirstPayment' is clicked on

2019-06-26 19:25:40 - [TEST_STEP][PASSED] - click(findTestObject("Object Repository/Page_cabi Personal Store/select_cash")): Object: 'Object Repository/Page_cabi Personal Store/select_cash' is clicked on

2019-06-26 19:25:40 - [MESSAGE][PASSED] - Object: 'Object Repository/Page_cabi Personal Store/select_cash' is clicked on

2019-06-26 19:25:40 - [TEST_STEP][PASSED] - click(findTestObject("Page_cabi Personal Store/submitPayment")): Object: 'Object Repository/Page_cabi Personal Store/submitPayment' is clicked on

2019-06-26 19:25:41 - [MESSAGE][PASSED] - Object: 'Object Repository/Page_cabi Personal Store/submitPayment' is clicked on

2019-06-26 19:25:41 - [TEST_STEP][PASSED] - click(findTestObject("Page_cabi Personal Store/submitOrderId")): Object: 'Object Repository/Page_cabi Personal Store/submitOrderId' is clicked on

2019-06-26 19:25:43 - [MESSAGE][PASSED] - Object: 'Object Repository/Page_cabi Personal Store/submitOrderId' is clicked on

2019-06-26 19:25:43 - [TEST_STEP][PASSED] - successMsg = "": null

2019-06-26 19:25:43 - [TEST_STEP][PASSED] - orderSuccess = false: null

2019-06-26 19:25:43 - [TEST_STEP][PASSED] - successMsgs = findWebElements(findTestObject("Object Repository/Page_cabi Personal Store/p_success_msg"), 5): null

2019-06-26 19:25:43 - [TEST_STEP][PASSED] - if (successMsgs.size() > 0): Text of object 'Object Repository/Page_cabi Personal Store/p_order_id' is: 'RT708033008'

2019-06-26 19:25:43 - [TEST_STEP][PASSED] - successMsg = getText(findTestObject("Object Repository/Page_cabi Personal Store/p_success_msg")): Text of object 'Object Repository/Page_cabi Personal Store/p_success_msg' is: 'Order Created Successfully!!
Order #:  RT708033008

CONTINUE SHOPPING'

2019-06-26 19:25:43 - [MESSAGE][PASSED] - Text of object 'Object Repository/Page_cabi Personal Store/p_success_msg' is: 'Order Created Successfully!!
Order #:  RT708033008

CONTINUE SHOPPING'

2019-06-26 19:25:43 - [TEST_STEP][PASSED] - orderSuccess = true: null

2019-06-26 19:25:43 - [TEST_STEP][PASSED] - addOnOrderId = getText(findTestObject("Object Repository/Page_cabi Personal Store/p_order_id")): Text of object 'Object Repository/Page_cabi Personal Store/p_order_id' is: 'RT708033008'

2019-06-26 19:25:44 - [MESSAGE][PASSED] - Text of object 'Object Repository/Page_cabi Personal Store/p_order_id' is: 'RT708033008'

2019-06-26 19:25:44 - [TEST_STEP][PASSED] - assert orderSuccess == true: null

2019-06-26 19:25:44 - [TEST_STEP][PASSED] - callTestCase(findTestCase("NewArrival/warehouseShipping"), ["orderId":addOnOrderId], STOP_ON_FAILURE): Call Test Case 'Test Cases/NewArrival/warehouseShipping' successfully

2019-06-26 19:25:44 - [TEST_CASE][PASSED] - Test Cases/NewArrival/warehouseShipping: Test Cases/NewArrival/warehouseShipping

2019-06-26 19:25:44 - [TEST_STEP][PASSED] - callTestCase(findTestCase("TestCaseUtilities/cabiWarehouseLogin"), ["CWURL":"", "CWuser":"", "CWpass":""], STOP_ON_FAILURE): Call Test Case 'Test Cases/TestCaseUtilities/cabiWarehouseLogin' successfully

2019-06-26 19:25:44 - [TEST_CASE][PASSED] - Test Cases/TestCaseUtilities/cabiWarehouseLogin: Test Cases/TestCaseUtilities/cabiWarehouseLogin

2019-06-26 19:25:44 - [TEST_STEP][PASSED] - CWURL = findTestData("credData").getValue("CWURL", 1): null

2019-06-26 19:25:44 - [TEST_STEP][PASSED] - CWuser = findTestData("credData").getValue("CWuser", 1): null

2019-06-26 19:25:44 - [TEST_STEP][PASSED] - CWpass = findTestData("credData").getValue("CWpass", 1): null

2019-06-26 19:25:44 - [TEST_STEP][PASSED] - openBrowser(""): Browser is opened with url: ''

2019-06-26 19:25:44 - [MESSAGE][WARNING] - A browser is already opened. Closing browser and opening a new one

2019-06-26 19:25:44 - [MESSAGE][INFO] - Starting 'Chrome' driver

2019-06-26 19:25:44 - [MESSAGE][INFO] - User set preference: ['args', '[--use-fake-ui-for-media-stream, --start-maximized]']

2019-06-26 19:25:47 - [MESSAGE][PASSED] - Browser is opened with url: ''

2019-06-26 19:25:47 - [TEST_STEP][PASSED] - navigateToUrl(CWURL): Navigate to 'https://test14.cliotest.com/warehouse/control/main' successfully

2019-06-26 19:25:53 - [MESSAGE][PASSED] - Navigate to 'https://test14.cliotest.com/warehouse/control/main' successfully

2019-06-26 19:25:53 - [TEST_STEP][PASSED] - logOut = findWebElements(findTestObject("Object Repository/Cabi warehouse/Page_cabi_home/log_out"), 1): Unable to find the element located by 'By.xpath: //li/a[contains(text(), 'Log Out »')]'. Please recheck the objects properties to make sure the desired element is located. 

2019-06-26 19:25:54 - [MESSAGE][INFO] - Unable to find the element located by 'By.xpath: //li/a[contains(text(), 'Log Out »')]'. Please recheck the objects properties to make sure the desired element is located. 

2019-06-26 19:25:54 - [TEST_STEP][PASSED] - if (logOut.size() == 0): Object: 'Object Repository/Cabi warehouse/Page_cabi/input_Password_section-btn btn-stl-pk rFloat' is clicked on

2019-06-26 19:25:54 - [TEST_STEP][PASSED] - setText(findTestObject("Object Repository/Cabi warehouse/Page_cabi/input_Username_USERNAME"), CWuser): Text 'rsuarez' is set on object 'Object Repository/Cabi warehouse/Page_cabi/input_Username_USERNAME'

2019-06-26 19:25:54 - [MESSAGE][PASSED] - Text 'rsuarez' is set on object 'Object Repository/Cabi warehouse/Page_cabi/input_Username_USERNAME'

2019-06-26 19:25:54 - [TEST_STEP][PASSED] - setText(findTestObject("Object Repository/Cabi warehouse/Page_cabi/input_Password_PASSWORD"), CWpass): Text 'blackdress19' is set on object 'Object Repository/Cabi warehouse/Page_cabi/input_Password_PASSWORD'

2019-06-26 19:25:55 - [MESSAGE][PASSED] - Text 'blackdress19' is set on object 'Object Repository/Cabi warehouse/Page_cabi/input_Password_PASSWORD'

2019-06-26 19:25:55 - [TEST_STEP][PASSED] - click(findTestObject("Object Repository/Cabi warehouse/Page_cabi/input_Password_section-btn btn-stl-pk rFloat")): Object: 'Object Repository/Cabi warehouse/Page_cabi/input_Password_section-btn btn-stl-pk rFloat' is clicked on

2019-06-26 19:25:56 - [MESSAGE][PASSED] - Object: 'Object Repository/Cabi warehouse/Page_cabi/input_Password_section-btn btn-stl-pk rFloat' is clicked on

2019-06-26 19:25:56 - [TEST_STEP][PASSED] - delay(3): Delayed 3 second(s)

2019-06-26 19:25:59 - [MESSAGE][PASSED] - Delayed 3 second(s)

2019-06-26 19:25:59 - [MESSAGE][PASSED] - Call Test Case 'Test Cases/TestCaseUtilities/cabiWarehouseLogin' successfully

2019-06-26 19:25:59 - [TEST_STEP][PASSED] - click(findTestObject("Page_cabi Manage PickLists/a_Create PickLists")): Object: 'Object Repository/Page_cabi Manage PickLists/a_Create PickLists' is clicked on

2019-06-26 19:26:00 - [MESSAGE][PASSED] - Object: 'Object Repository/Page_cabi Manage PickLists/a_Create PickLists' is clicked on

2019-06-26 19:26:00 - [TEST_STEP][PASSED] - click(findTestObject("Object Repository/findOrders/Page_cabi Find Orders/Page_cabi SampleLine Shipment Screen/a_Single Order")): Object: 'Object Repository/findOrders/Page_cabi Find Orders/Page_cabi SampleLine Shipment Screen/a_Single Order' is clicked on

2019-06-26 19:26:01 - [MESSAGE][PASSED] - Object: 'Object Repository/findOrders/Page_cabi Find Orders/Page_cabi SampleLine Shipment Screen/a_Single Order' is clicked on

2019-06-26 19:26:01 - [TEST_STEP][PASSED] - setText(findTestObject("Page_cabi Create Single Order PickList/input_Order Id_orderId"), orderId): Text 'RT708033008' is set on object 'Object Repository/Page_cabi Create Single Order PickList/input_Order Id_orderId'

2019-06-26 19:26:01 - [MESSAGE][PASSED] - Text 'RT708033008' is set on object 'Object Repository/Page_cabi Create Single Order PickList/input_Order Id_orderId'

2019-06-26 19:26:01 - [TEST_STEP][PASSED] - click(findTestObject("Page_cabi Create Single Order PickList/input_Create even if fully backordered_submitButton")): Object: 'Object Repository/Page_cabi Create Single Order PickList/input_Create even if fully backordered_submitButton' is clicked on

2019-06-26 19:26:02 - [MESSAGE][PASSED] - Object: 'Object Repository/Page_cabi Create Single Order PickList/input_Create even if fully backordered_submitButton' is clicked on

2019-06-26 19:26:02 - [TEST_STEP][PASSED] - pickListCreated = findWebElements(findTestObject("Cabi warehouse/picklistCreatedMessage"), 5): null

2019-06-26 19:26:02 - [TEST_STEP][PASSED] - if (pickListCreated.size() == 0): null

2019-06-26 19:26:02 - [TEST_STEP][PASSED] - picklistCreatedMessage = UtilityMethods.concat("Picklist for order: [", orderId, "] has been created successfully."): null

2019-06-26 19:26:02 - [TEST_STEP][PASSED] - verifyElementText(findTestObject("Cabi warehouse/picklistCreatedMessage"), picklistCreatedMessage): Actual text and expected text of test object 'Object Repository/Cabi warehouse/picklistCreatedMessage' are matched.

2019-06-26 19:26:03 - [MESSAGE][PASSED] - Actual text and expected text of test object 'Object Repository/Cabi warehouse/picklistCreatedMessage' are matched.

2019-06-26 19:26:03 - [TEST_STEP][PASSED] - click(findTestObject("Page_cabi Create Single Order PickList/a_Manage PickLists")): Object: 'Object Repository/Page_cabi Create Single Order PickList/a_Manage PickLists' is clicked on

2019-06-26 19:26:03 - [MESSAGE][PASSED] - Object: 'Object Repository/Page_cabi Create Single Order PickList/a_Manage PickLists' is clicked on

2019-06-26 19:26:03 - [TEST_STEP][PASSED] - setText(findTestObject("Page_cabi Manage PickLists/input_Order _orderId"), orderId): Text 'RT708033008' is set on object 'Object Repository/Page_cabi Manage PickLists/input_Order _orderId'

2019-06-26 19:26:04 - [MESSAGE][PASSED] - Text 'RT708033008' is set on object 'Object Repository/Page_cabi Manage PickLists/input_Order _orderId'

2019-06-26 19:26:04 - [TEST_STEP][PASSED] - click(findTestObject("Page_cabi Manage PickLists/input")): Object: 'Object Repository/Page_cabi Manage PickLists/input' is clicked on

2019-06-26 19:26:05 - [MESSAGE][PASSED] - Object: 'Object Repository/Page_cabi Manage PickLists/input' is clicked on

2019-06-26 19:26:05 - [TEST_STEP][PASSED] - delay(3): Delayed 3 second(s)

2019-06-26 19:26:08 - [MESSAGE][PASSED] - Delayed 3 second(s)

2019-06-26 19:26:08 - [TEST_STEP][PASSED] - click(findTestObject("Page_cabi Manage PickLists/td_104238610")): Object: 'Object Repository/Page_cabi Manage PickLists/td_104238610' is clicked on

2019-06-26 19:26:08 - [MESSAGE][PASSED] - Object: 'Object Repository/Page_cabi Manage PickLists/td_104238610' is clicked on

2019-06-26 19:26:08 - [TEST_STEP][PASSED] - picklistId = getText(findTestObject("Page_cabi Manage PickLists/td_104238610")): Text of object 'Object Repository/Page_cabi Manage PickLists/td_104238610' is: '104300518'

2019-06-26 19:26:08 - [MESSAGE][PASSED] - Text of object 'Object Repository/Page_cabi Manage PickLists/td_104238610' is: '104300518'

2019-06-26 19:26:08 - [TEST_STEP][PASSED] - click(findTestObject("Page_cabi Manage PickLists/a_Packing")): Object: 'Object Repository/Page_cabi Manage PickLists/a_Packing' is clicked on

2019-06-26 19:26:09 - [MESSAGE][PASSED] - Object: 'Object Repository/Page_cabi Manage PickLists/a_Packing' is clicked on

2019-06-26 19:26:09 - [TEST_STEP][PASSED] - setText(findTestObject("Page_cabi Pack Init/input_Pack Station_packStationId"), "30"): Text '30' is set on object 'Object Repository/Page_cabi Pack Init/input_Pack Station_packStationId'

2019-06-26 19:26:09 - [MESSAGE][PASSED] - Text '30' is set on object 'Object Repository/Page_cabi Pack Init/input_Pack Station_packStationId'

2019-06-26 19:26:09 - [TEST_STEP][PASSED] - click(findTestObject("Page_cabi Pack Init/input_Pack Station_submitButton")): Object: 'Object Repository/Page_cabi Pack Init/input_Pack Station_submitButton' is clicked on

2019-06-26 19:26:10 - [MESSAGE][PASSED] - Object: 'Object Repository/Page_cabi Pack Init/input_Pack Station_submitButton' is clicked on

2019-06-26 19:26:10 - [TEST_STEP][PASSED] - setText(findTestObject("Page_cabi Pack Init/input_Picklist ID_pickId"), picklistId): Text '104300518' is set on object 'Object Repository/Page_cabi Pack Init/input_Picklist ID_pickId'

2019-06-26 19:26:10 - [MESSAGE][PASSED] - Text '104300518' is set on object 'Object Repository/Page_cabi Pack Init/input_Picklist ID_pickId'

2019-06-26 19:26:10 - [TEST_STEP][PASSED] - click(findTestObject("Page_cabi Pack Init/input_Picklist ID_submitButton")): Object: 'Object Repository/Page_cabi Pack Init/input_Picklist ID_submitButton' is clicked on

2019-06-26 19:26:11 - [MESSAGE][PASSED] - Object: 'Object Repository/Page_cabi Pack Init/input_Picklist ID_submitButton' is clicked on

2019-06-26 19:26:11 - [TEST_STEP][PASSED] - click(findTestObject("Page_cabi General Pack/input_Cream Of Wheat_button addItemForVerification")): Object: 'Object Repository/Page_cabi General Pack/input_Cream Of Wheat_button addItemForVerification' is clicked on

2019-06-26 19:26:11 - [MESSAGE][PASSED] - Object: 'Object Repository/Page_cabi General Pack/input_Cream Of Wheat_button addItemForVerification' is clicked on

2019-06-26 19:26:11 - [TEST_STEP][PASSED] - click(findTestObject("Page_cabi General Pack/input_Pack Station  30_shipConfirmBtn")): Object: 'Object Repository/Page_cabi General Pack/input_Pack Station  30_shipConfirmBtn' is clicked on

2019-06-26 19:26:14 - [MESSAGE][PASSED] - Object: 'Object Repository/Page_cabi General Pack/input_Pack Station  30_shipConfirmBtn' is clicked on

2019-06-26 19:26:14 - [TEST_STEP][PASSED] - delay(3): Delayed 3 second(s)

2019-06-26 19:26:17 - [MESSAGE][PASSED] - Delayed 3 second(s)

2019-06-26 19:26:17 - [TEST_STEP][PASSED] - itemsNotpacked = findWebElements(findTestObject("Cabi warehouse/itemsNotPacked"), 5): Unable to find the element located by 'By.xpath: //*[@id="content-messages"]/p[1]'. Please recheck the objects properties to make sure the desired element is located. 

2019-06-26 19:26:23 - [MESSAGE][INFO] - Unable to find the element located by 'By.xpath: //*[@id="content-messages"]/p[1]'. Please recheck the objects properties to make sure the desired element is located. 

2019-06-26 19:26:23 - [TEST_STEP][PASSED] - if (itemsNotpacked.size() > 0): null

2019-06-26 19:26:23 - [TEST_STEP][PASSED] - click(findTestObject("Cabi warehouse/warehouseLogout")): Object: 'Object Repository/Cabi warehouse/warehouseLogout' is clicked on

2019-06-26 19:26:25 - [MESSAGE][PASSED] - Object: 'Object Repository/Cabi warehouse/warehouseLogout' is clicked on

2019-06-26 19:26:25 - [MESSAGE][PASSED] - Call Test Case 'Test Cases/NewArrival/warehouseShipping' successfully

2019-06-26 19:26:25 - [TEST_STEP][PASSED] - callTestCase(findTestCase("TestCaseUtilities/backOfficeLogin"), ["BOURL":"", "BOuser":"", "BOpass":""], STOP_ON_FAILURE): Call Test Case 'Test Cases/TestCaseUtilities/backOfficeLogin' successfully

2019-06-26 19:26:25 - [TEST_CASE][PASSED] - Test Cases/TestCaseUtilities/backOfficeLogin: Test Cases/TestCaseUtilities/backOfficeLogin

2019-06-26 19:26:25 - [TEST_STEP][PASSED] - BOURL = findTestData("credData").getValue("BOURL", 1): null

2019-06-26 19:26:25 - [TEST_STEP][PASSED] - BOuser = findTestData("credData").getValue("BOuser", 1): null

2019-06-26 19:26:26 - [TEST_STEP][PASSED] - BOpass = findTestData("credData").getValue("BOpass", 1): null

2019-06-26 19:26:26 - [TEST_STEP][PASSED] - navigateToUrl(BOURL): Navigate to 'https://test14.cliotest.com/backoffice/control/main' successfully

2019-06-26 19:26:30 - [MESSAGE][PASSED] - Navigate to 'https://test14.cliotest.com/backoffice/control/main' successfully

2019-06-26 19:26:30 - [TEST_STEP][PASSED] - logOut = findWebElements(findTestObject("Object Repository/Page_cabi Home/log_out"), 1): Unable to find the element located by 'By.xpath: //a[contains(text(),'Log Out')]'. Please recheck the objects properties to make sure the desired element is located. 

2019-06-26 19:26:31 - [MESSAGE][INFO] - Unable to find the element located by 'By.xpath: //a[contains(text(),'Log Out')]'. Please recheck the objects properties to make sure the desired element is located. 

2019-06-26 19:26:31 - [TEST_STEP][PASSED] - if (logOut.size() == 0): Object: 'Object Repository/Page_cabi/input_Welcome to_consultantLogin' is clicked on

2019-06-26 19:26:31 - [TEST_STEP][PASSED] - setText(findTestObject("Page_cabi/input_Welcome to_USERNAME"), BOuser): Text '400000002' is set on object 'Object Repository/Page_cabi/input_Welcome to_USERNAME'

2019-06-26 19:26:32 - [MESSAGE][PASSED] - Text '400000002' is set on object 'Object Repository/Page_cabi/input_Welcome to_USERNAME'

2019-06-26 19:26:32 - [TEST_STEP][PASSED] - setText(findTestObject("Object Repository/Page_cabi/input_Welcome to_PASSWORD"), BOpass): Text 'blackdress19' is set on object 'Object Repository/Page_cabi/input_Welcome to_PASSWORD'

2019-06-26 19:26:32 - [MESSAGE][PASSED] - Text 'blackdress19' is set on object 'Object Repository/Page_cabi/input_Welcome to_PASSWORD'

2019-06-26 19:26:32 - [TEST_STEP][PASSED] - click(findTestObject("Object Repository/Page_cabi/input_Welcome to_consultantLogin")): Object: 'Object Repository/Page_cabi/input_Welcome to_consultantLogin' is clicked on

2019-06-26 19:26:40 - [MESSAGE][PASSED] - Object: 'Object Repository/Page_cabi/input_Welcome to_consultantLogin' is clicked on

2019-06-26 19:26:40 - [TEST_STEP][PASSED] - delay(3): Delayed 3 second(s)

2019-06-26 19:26:43 - [MESSAGE][PASSED] - Delayed 3 second(s)

2019-06-26 19:26:43 - [MESSAGE][PASSED] - Call Test Case 'Test Cases/TestCaseUtilities/backOfficeLogin' successfully

2019-06-26 19:26:43 - [TEST_STEP][PASSED] - click(findTestObject("Object Repository/findOrders/Page_cabi Find Orders/Page_cabi Home/a_Shows  Orders")): Object: 'Object Repository/findOrders/Page_cabi Find Orders/Page_cabi Home/a_Shows  Orders' is clicked on

2019-06-26 19:26:43 - [MESSAGE][PASSED] - Object: 'Object Repository/findOrders/Page_cabi Find Orders/Page_cabi Home/a_Shows  Orders' is clicked on

2019-06-26 19:26:43 - [TEST_STEP][PASSED] - click(findTestObject("Object Repository/findOrders/Page_cabi Find Orders/Page_cabi Home/a_Orders")): Object: 'Object Repository/findOrders/Page_cabi Find Orders/Page_cabi Home/a_Orders' is clicked on

2019-06-26 19:26:45 - [MESSAGE][PASSED] - Object: 'Object Repository/findOrders/Page_cabi Find Orders/Page_cabi Home/a_Orders' is clicked on

2019-06-26 19:26:45 - [TEST_STEP][PASSED] - click(findTestObject("Object Repository/findOrders/Page_cabi Find Orders/Page_cabi Find Orders/b")): Object: 'Object Repository/findOrders/Page_cabi Find Orders/Page_cabi Find Orders/b' is clicked on

2019-06-26 19:26:45 - [MESSAGE][PASSED] - Object: 'Object Repository/findOrders/Page_cabi Find Orders/Page_cabi Find Orders/b' is clicked on

2019-06-26 19:26:45 - [TEST_STEP][PASSED] - delay(3): Delayed 3 second(s)

2019-06-26 19:26:48 - [MESSAGE][PASSED] - Delayed 3 second(s)

2019-06-26 19:26:48 - [TEST_STEP][PASSED] - click(findTestObject("findOrders/Page_cabi Find Orders/orderNo")): Object: 'Object Repository/findOrders/Page_cabi Find Orders/orderNo' is clicked on

2019-06-26 19:26:48 - [MESSAGE][PASSED] - Object: 'Object Repository/findOrders/Page_cabi Find Orders/orderNo' is clicked on

2019-06-26 19:26:48 - [TEST_STEP][PASSED] - delay(3): Delayed 3 second(s)

2019-06-26 19:26:51 - [MESSAGE][PASSED] - Delayed 3 second(s)

2019-06-26 19:26:51 - [TEST_STEP][PASSED] - click(findTestObject("Object Repository/findOrders/Page_cabi Find Orders/Page_cabi Find Orders/pendingShipment")): Object: 'Object Repository/findOrders/Page_cabi Find Orders/Page_cabi Find Orders/pendingShipment' is clicked on

2019-06-26 19:26:52 - [MESSAGE][PASSED] - Object: 'Object Repository/findOrders/Page_cabi Find Orders/Page_cabi Find Orders/pendingShipment' is clicked on

2019-06-26 19:26:52 - [TEST_STEP][PASSED] - click(findTestObject("Object Repository/findOrders/Page_cabi Find Orders/Page_cabi Find Orders/inputShipped")): Object: 'Object Repository/findOrders/Page_cabi Find Orders/Page_cabi Find Orders/inputShipped' is clicked on

2019-06-26 19:26:52 - [MESSAGE][PASSED] - Object: 'Object Repository/findOrders/Page_cabi Find Orders/Page_cabi Find Orders/inputShipped' is clicked on

2019-06-26 19:26:52 - [TEST_STEP][PASSED] - setText(findTestObject("Object Repository/findOrders/Page_cabi Find Orders/Page_cabi Find Orders/inputOrderId"), addOnOrderId): Text 'RT708033008' is set on object 'Object Repository/findOrders/Page_cabi Find Orders/Page_cabi Find Orders/inputOrderId'

2019-06-26 19:26:52 - [MESSAGE][PASSED] - Text 'RT708033008' is set on object 'Object Repository/findOrders/Page_cabi Find Orders/Page_cabi Find Orders/inputOrderId'

2019-06-26 19:26:52 - [TEST_STEP][PASSED] - click(findTestObject("Object Repository/findOrders/Page_cabi Find Orders/Page_cabi Find Orders/findOrders")): Object: 'Object Repository/findOrders/Page_cabi Find Orders/Page_cabi Find Orders/findOrders' is clicked on

2019-06-26 19:26:52 - [MESSAGE][PASSED] - Object: 'Object Repository/findOrders/Page_cabi Find Orders/Page_cabi Find Orders/findOrders' is clicked on

2019-06-26 19:26:52 - [TEST_STEP][PASSED] - click(findTestObject("findOrders/Page_cabi Find Orders/orderView")): Object: 'Object Repository/findOrders/Page_cabi Find Orders/orderView' is clicked on

2019-06-26 19:26:56 - [MESSAGE][PASSED] - Object: 'Object Repository/findOrders/Page_cabi Find Orders/orderView' is clicked on

2019-06-26 19:26:56 - [TEST_STEP][PASSED] - delay(3): Delayed 3 second(s)

2019-06-26 19:26:59 - [MESSAGE][PASSED] - Delayed 3 second(s)

2019-06-26 19:26:59 - [TEST_STEP][PASSED] - refresh(): Refresh successfully

2019-06-26 19:26:59 - [MESSAGE][PASSED] - Refresh successfully

2019-06-26 19:26:59 - [TEST_STEP][PASSED] - delay(3): Delayed 3 second(s)

2019-06-26 19:27:02 - [MESSAGE][PASSED] - Delayed 3 second(s)

2019-06-26 19:27:02 - [TEST_STEP][PASSED] - refresh(): Refresh successfully

2019-06-26 19:27:02 - [MESSAGE][PASSED] - Refresh successfully

2019-06-26 19:27:02 - [TEST_STEP][PASSED] - delay(10): Delayed 10 second(s)

2019-06-26 19:27:12 - [MESSAGE][PASSED] - Delayed 10 second(s)

2019-06-26 19:27:12 - [TEST_STEP][PASSED] - refresh(): Refresh successfully

2019-06-26 19:27:12 - [MESSAGE][PASSED] - Refresh successfully

2019-06-26 19:27:12 - [TEST_STEP][PASSED] - delay(3): Delayed 3 second(s)

2019-06-26 19:27:15 - [MESSAGE][PASSED] - Delayed 3 second(s)

2019-06-26 19:27:15 - [TEST_STEP][PASSED] - click(findTestObject("Object Repository/findOrders/Page_cabi Find Orders/Page_cabi Order View/a_(Return Order)")): Object: 'Object Repository/findOrders/Page_cabi Find Orders/Page_cabi Order View/a_(Return Order)' is clicked on

2019-06-26 19:27:19 - [MESSAGE][PASSED] - Object: 'Object Repository/findOrders/Page_cabi Find Orders/Page_cabi Order View/a_(Return Order)' is clicked on

2019-06-26 19:27:19 - [TEST_STEP][PASSED] - delay(3): Delayed 3 second(s)

2019-06-26 19:27:22 - [MESSAGE][PASSED] - Delayed 3 second(s)

2019-06-26 19:27:22 - [TEST_STEP][PASSED] - selectOptionByValue(findTestObject("Object Repository/findOrders/Page_cabi Find Orders/Page_cabi Stylist Create RMA/selectReason1"), "CABI_c", true): All options with value 'CABI_c' are selected in object 'Object Repository/findOrders/Page_cabi Find Orders/Page_cabi Stylist Create RMA/selectReason1'  using regular expression

2019-06-26 19:27:22 - [MESSAGE][PASSED] - All options with value 'CABI_c' are selected in object 'Object Repository/findOrders/Page_cabi Find Orders/Page_cabi Stylist Create RMA/selectReason1'  using regular expression

2019-06-26 19:27:22 - [TEST_STEP][PASSED] - selectOptionByValue(findTestObject("Object Repository/findOrders/Page_cabi Find Orders/Page_cabi Stylist Create RMA/selectReason2"), "CABI_c_a", true): All options with value 'CABI_c_a' are selected in object 'Object Repository/findOrders/Page_cabi Find Orders/Page_cabi Stylist Create RMA/selectReason2'  using regular expression

2019-06-26 19:27:23 - [MESSAGE][PASSED] - All options with value 'CABI_c_a' are selected in object 'Object Repository/findOrders/Page_cabi Find Orders/Page_cabi Stylist Create RMA/selectReason2'  using regular expression

2019-06-26 19:27:23 - [TEST_STEP][PASSED] - click(findTestObject("Object Repository/findOrders/Page_cabi Find Orders/Page_cabi Stylist Create RMA/inputRefund")): Object: 'Object Repository/findOrders/Page_cabi Find Orders/Page_cabi Stylist Create RMA/inputRefund' is clicked on

2019-06-26 19:27:23 - [MESSAGE][PASSED] - Object: 'Object Repository/findOrders/Page_cabi Find Orders/Page_cabi Stylist Create RMA/inputRefund' is clicked on

2019-06-26 19:27:23 - [TEST_STEP][PASSED] - click(findTestObject("Object Repository/findOrders/Page_cabi Find Orders/Page_cabi Stylist Create RMA/a_Next")): Object: 'Object Repository/findOrders/Page_cabi Find Orders/Page_cabi Stylist Create RMA/a_Next' is clicked on

2019-06-26 19:27:23 - [MESSAGE][PASSED] - Object: 'Object Repository/findOrders/Page_cabi Find Orders/Page_cabi Stylist Create RMA/a_Next' is clicked on

2019-06-26 19:27:23 - [TEST_STEP][PASSED] - click(findTestObject("Object Repository/findOrders/Page_cabi Find Orders/Page_cabi Stylist Create RMA/a_edit_address")): Object: 'Object Repository/findOrders/Page_cabi Find Orders/Page_cabi Stylist Create RMA/a_edit_address' is clicked on

2019-06-26 19:27:25 - [MESSAGE][PASSED] - Object: 'Object Repository/findOrders/Page_cabi Find Orders/Page_cabi Stylist Create RMA/a_edit_address' is clicked on

2019-06-26 19:27:25 - [TEST_STEP][PASSED] - click(findTestObject("Object Repository/findOrders/Page_cabi Find Orders/Page_cabi Stylist Create RMA/select_address")): Object: 'Object Repository/findOrders/Page_cabi Find Orders/Page_cabi Stylist Create RMA/select_address' is clicked on

2019-06-26 19:27:25 - [MESSAGE][PASSED] - Object: 'Object Repository/findOrders/Page_cabi Find Orders/Page_cabi Stylist Create RMA/select_address' is clicked on

2019-06-26 19:27:25 - [TEST_STEP][PASSED] - delay(3): Delayed 3 second(s)

2019-06-26 19:27:28 - [MESSAGE][PASSED] - Delayed 3 second(s)

2019-06-26 19:27:28 - [TEST_STEP][PASSED] - click(findTestObject("Object Repository/findOrders/Page_cabi Find Orders/Page_cabi Stylist Create RMA/inputPostalService")): Object: 'Object Repository/findOrders/Page_cabi Find Orders/Page_cabi Stylist Create RMA/inputPostalService' is clicked on

2019-06-26 19:27:28 - [MESSAGE][PASSED] - Object: 'Object Repository/findOrders/Page_cabi Find Orders/Page_cabi Stylist Create RMA/inputPostalService' is clicked on

2019-06-26 19:27:28 - [TEST_STEP][PASSED] - delay(3): Delayed 3 second(s)

2019-06-26 19:27:31 - [MESSAGE][PASSED] - Delayed 3 second(s)

2019-06-26 19:27:31 - [TEST_STEP][PASSED] - click(findTestObject("Object Repository/findOrders/Page_cabi Find Orders/Page_cabi Stylist Create RMA/inputConfirmAdderess")): Object: 'Object Repository/findOrders/Page_cabi Find Orders/Page_cabi Stylist Create RMA/inputConfirmAdderess' is clicked on

2019-06-26 19:27:31 - [MESSAGE][PASSED] - Object: 'Object Repository/findOrders/Page_cabi Find Orders/Page_cabi Stylist Create RMA/inputConfirmAdderess' is clicked on

2019-06-26 19:27:31 - [TEST_STEP][PASSED] - click(findTestObject("Object Repository/findOrders/Page_cabi Find Orders/Page_cabi Stylist Create RMA/a_Next_1")): Object: 'Object Repository/findOrders/Page_cabi Find Orders/Page_cabi Stylist Create RMA/a_Next_1' is clicked on

2019-06-26 19:27:31 - [MESSAGE][PASSED] - Object: 'Object Repository/findOrders/Page_cabi Find Orders/Page_cabi Stylist Create RMA/a_Next_1' is clicked on

2019-06-26 19:27:31 - [TEST_STEP][PASSED] - delay(5): Delayed 5 second(s)

2019-06-26 19:27:36 - [MESSAGE][PASSED] - Delayed 5 second(s)

2019-06-26 19:27:36 - [TEST_STEP][PASSED] - confirmAddress = findWebElements(findTestObject("Object Repository/findOrders/Page_cabi Find Orders/Page_cabi Stylist Create RMA/inputConfirmAdderess"), 1): Unable to find the element located by 'By.xpath: //input[@id='addressConfirm']'. Please recheck the objects properties to make sure the desired element is located. 

2019-06-26 19:27:38 - [MESSAGE][INFO] - Unable to find the element located by 'By.xpath: //input[@id='addressConfirm']'. Please recheck the objects properties to make sure the desired element is located. 

2019-06-26 19:27:38 - [TEST_STEP][PASSED] - if (confirmAddress.size() != 0): null

2019-06-26 19:27:38 - [TEST_STEP][PASSED] - click(findTestObject("Object Repository/findOrders/Page_cabi Find Orders/Page_cabi Stylist Create RMA/a_Submit RMA")): Object: 'Object Repository/findOrders/Page_cabi Find Orders/Page_cabi Stylist Create RMA/a_Submit RMA' is clicked on

2019-06-26 19:27:38 - [MESSAGE][PASSED] - Object: 'Object Repository/findOrders/Page_cabi Find Orders/Page_cabi Stylist Create RMA/a_Submit RMA' is clicked on

2019-06-26 19:27:38 - [TEST_STEP][PASSED] - click(findTestObject("Object Repository/findOrders/Page_cabi Find Orders/Page_cabi Stylist Create RMA/addonOrder")): Object: 'Object Repository/findOrders/Page_cabi Find Orders/Page_cabi Stylist Create RMA/addonOrder' is clicked on

2019-06-26 19:28:05 - [MESSAGE][PASSED] - Object: 'Object Repository/findOrders/Page_cabi Find Orders/Page_cabi Stylist Create RMA/addonOrder' is clicked on

2019-06-26 19:28:05 - [TEST_STEP][PASSED] - delay(3): Delayed 3 second(s)

2019-06-26 19:28:08 - [MESSAGE][PASSED] - Delayed 3 second(s)

2019-06-26 19:28:08 - [TEST_STEP][PASSED] - click(findTestObject("Object Repository/Page_cabi Retail Store/span_next")): Object: 'Object Repository/Page_cabi Retail Store/span_next' is clicked on

2019-06-26 19:28:08 - [MESSAGE][PASSED] - Object: 'Object Repository/Page_cabi Retail Store/span_next' is clicked on

2019-06-26 19:28:08 - [TEST_STEP][PASSED] - delay(2): Delayed 2 second(s)

2019-06-26 19:28:10 - [MESSAGE][PASSED] - Delayed 2 second(s)

2019-06-26 19:28:10 - [TEST_STEP][PASSED] - callTestCase(findTestCase("NewArrival/productVerifyShort"), ["available":BOAddonRetail], STOP_ON_FAILURE): Call Test Case 'Test Cases/NewArrival/productVerifyShort' successfully

2019-06-26 19:28:10 - [TEST_CASE][PASSED] - Test Cases/NewArrival/productVerifyShort: Test Cases/NewArrival/productVerifyShort

2019-06-26 19:28:10 - [TEST_STEP][PASSED] - for ([row = 1, row <= findTestData("productData").getRowNumbers(), (row++)]): Delayed 3 second(s)

2019-06-26 19:28:10 - [TEST_STEP][PASSED] - delay(2): Delayed 2 second(s)

2019-06-26 19:28:12 - [MESSAGE][PASSED] - Delayed 2 second(s)

2019-06-26 19:28:12 - [TEST_STEP][PASSED] - setText(findTestObject("Object Repository/Page_cabi Create Order/input_Manual Discount_stylelookup_0"), findTestData("productData").getValue("Style", row)): Text '5618' is set on object 'Object Repository/Page_cabi Create Order/input_Manual Discount_stylelookup_0'

2019-06-26 19:28:13 - [MESSAGE][PASSED] - Text '5618' is set on object 'Object Repository/Page_cabi Create Order/input_Manual Discount_stylelookup_0'

2019-06-26 19:28:13 - [TEST_STEP][PASSED] - delay(2): Delayed 2 second(s)

2019-06-26 19:28:15 - [MESSAGE][PASSED] - Delayed 2 second(s)

2019-06-26 19:28:15 - [TEST_STEP][PASSED] - prod_message = getText(findTestObject("Page_cabi Create Order/first_option")): Text of object 'Object Repository/Page_cabi Create Order/first_option' is: '5618 Breeze Dress (Spring '19)'

2019-06-26 19:28:15 - [MESSAGE][PASSED] - Text of object 'Object Repository/Page_cabi Create Order/first_option' is: '5618 Breeze Dress (Spring '19)'

2019-06-26 19:28:15 - [TEST_STEP][PASSED] - delay(1): Delayed 1 second(s)

2019-06-26 19:28:16 - [MESSAGE][PASSED] - Delayed 1 second(s)

2019-06-26 19:28:16 - [TEST_STEP][PASSED] - click(findTestObject("Page_cabi Create Order/first_option")): Object: 'Object Repository/Page_cabi Create Order/first_option' is clicked on

2019-06-26 19:28:16 - [MESSAGE][PASSED] - Object: 'Object Repository/Page_cabi Create Order/first_option' is clicked on

2019-06-26 19:28:16 - [TEST_STEP][PASSED] - if (toString().equalsIgnoreCase("no")): null

2019-06-26 19:28:16 - [TEST_STEP][PASSED] - else: Delayed 3 second(s)

2019-06-26 19:28:16 - [TEST_STEP][PASSED] - delay(3): Delayed 3 second(s)

2019-06-26 19:28:19 - [MESSAGE][PASSED] - Delayed 3 second(s)

2019-06-26 19:28:19 - [TEST_STEP][PASSED] - s1 = getValue("Style", row).toString(): null

2019-06-26 19:28:19 - [TEST_STEP][PASSED] - s2 = " ": null

2019-06-26 19:28:19 - [TEST_STEP][PASSED] - s3 = getValue("Description", row).toString(): null

2019-06-26 19:28:19 - [TEST_STEP][PASSED] - expectedStyleDescription = $s1$s2$s3: null

2019-06-26 19:28:19 - [TEST_STEP][PASSED] - prod_message = UtilityMethods.splitStyle(prod_message): null

2019-06-26 19:28:19 - [TEST_STEP][PASSED] - println(prod_message): null

2019-06-26 19:28:19 - [TEST_STEP][PASSED] - assert prod_message.equalsIgnoreCase(expectedStyleDescription): null

2019-06-26 19:28:19 - [TEST_STEP][PASSED] - delay(3): Delayed 3 second(s)

2019-06-26 19:28:22 - [MESSAGE][PASSED] - Delayed 3 second(s)

2019-06-26 19:28:22 - [TEST_STEP][PASSED] - colorOptions = findWebElements(findTestObject("Page_cabi Order Items/GetAttribute_Color"), 5): null

2019-06-26 19:28:22 - [TEST_STEP][PASSED] - println(colorOptions.size()): null

2019-06-26 19:28:22 - [TEST_STEP][PASSED] - expectedColour = findTestData("productData").getValue("Color", row): null

2019-06-26 19:28:22 - [TEST_STEP][PASSED] - println("expected colour is"): null

2019-06-26 19:28:22 - [TEST_STEP][PASSED] - println(expectedColour): null

2019-06-26 19:28:22 - [TEST_STEP][PASSED] - colourVerified = false: null

2019-06-26 19:28:22 - [TEST_STEP][PASSED] - for (org.openqa.selenium.WebElement op : colorOptions): null

2019-06-26 19:28:22 - [TEST_STEP][PASSED] - println(op.getText()): null

2019-06-26 19:28:22 - [TEST_STEP][PASSED] - if (expectedColour.equalsIgnoreCase(op.getText())): null

2019-06-26 19:28:22 - [TEST_STEP][PASSED] - colourVerified = true: null

2019-06-26 19:28:22 - [TEST_STEP][PASSED] - break: null

2019-06-26 19:28:22 - [TEST_STEP][PASSED] - assert colourVerified == true: null

2019-06-26 19:28:22 - [TEST_STEP][PASSED] - getPrice = getText(findTestObject("Page_cabi Create Order/retail_price")): Text of object 'Object Repository/Page_cabi Create Order/retail_price' is: '$119.00'

2019-06-26 19:28:22 - [MESSAGE][PASSED] - Text of object 'Object Repository/Page_cabi Create Order/retail_price' is: '$119.00'

2019-06-26 19:28:22 - [TEST_STEP][PASSED] - Split_Data = UtilityMethods.SplitData(getPrice): null

2019-06-26 19:28:22 - [TEST_STEP][PASSED] - verifyMatch(Split_Data, findTestData("productData").getValue("Retail", row), true): Actual text '119' and expected text '119' are matched  using regular expression

2019-06-26 19:28:22 - [MESSAGE][PASSED] - Actual text '119' and expected text '119' are matched  using regular expression

2019-06-26 19:28:22 - [TEST_STEP][PASSED] - sizeRange1 = ["XXS", "XS", "S", "M", "L", "XL"]: null

2019-06-26 19:28:22 - [TEST_STEP][PASSED] - sizeRange2 = ["00", "0", "2", "4", "6", "8", "10", "12", "14", "16"]: null

2019-06-26 19:28:22 - [TEST_STEP][PASSED] - sizeRange3 = ["Long", "Regular", "Short"]: null

2019-06-26 19:28:22 - [TEST_STEP][PASSED] - sizeRange4 = ["5", "6", "6.5", "7", "7.5", "8", "8.5", "9", "9.5", "10", "11"]: null

2019-06-26 19:28:22 - [TEST_STEP][PASSED] - sizeRangeSplit = UtilityMethods.SplitSizes(findTestData("productData").getValue("SzRange", row)): null

2019-06-26 19:28:22 - [TEST_STEP][PASSED] - sizeType = getText(findTestObject("Object Repository/Page_cabi Order Items/Size")): Text of object 'Object Repository/Page_cabi Order Items/Size' is: 'Select'

2019-06-26 19:28:22 - [MESSAGE][PASSED] - Text of object 'Object Repository/Page_cabi Order Items/Size' is: 'Select'

2019-06-26 19:28:22 - [TEST_STEP][PASSED] - sizeOptions = findWebElements(findTestObject("Object Repository/Page_cabi Order Items/Size"), 5): null

2019-06-26 19:28:22 - [TEST_STEP][PASSED] - actualRange = new java.util.ArrayList(): null

2019-06-26 19:28:22 - [TEST_STEP][PASSED] - expectedRange = <not implemented yet for class: org.codehaus.groovy.ast.expr.EmptyExpression>: null

2019-06-26 19:28:22 - [TEST_STEP][PASSED] - if (sizeType.equalsIgnoreCase("Select")): null

2019-06-26 19:28:22 - [TEST_STEP][PASSED] - for ([i = 1, i < sizeOptions.size(), (i++)]): null

2019-06-26 19:28:22 - [TEST_STEP][PASSED] - actualRange.add(get(i).getText()): null

2019-06-26 19:28:22 - [TEST_STEP][PASSED] - actualRange.add(get(i).getText()): null

2019-06-26 19:28:22 - [TEST_STEP][PASSED] - actualRange.add(get(i).getText()): null

2019-06-26 19:28:22 - [TEST_STEP][PASSED] - actualRange.add(get(i).getText()): null

2019-06-26 19:28:22 - [TEST_STEP][PASSED] - actualRange.add(get(i).getText()): null

2019-06-26 19:28:22 - [TEST_STEP][PASSED] - if (toString().equalsIgnoreCase("XS") || toString().equalsIgnoreCase("XXS")): null

2019-06-26 19:28:22 - [TEST_STEP][PASSED] - expectedRange = UtilityMethods.getExpectedRange(sizeRange1, sizeRangeSplit): null

2019-06-26 19:28:22 - [TEST_STEP][PASSED] - println("XS"): null

2019-06-26 19:28:22 - [TEST_STEP][PASSED] - println(expectedRange.toString()): null

2019-06-26 19:28:22 - [TEST_STEP][PASSED] - assert UtilityMethods.listEquals(expectedRange, actualRange) == true: null

2019-06-26 19:28:22 - [TEST_STEP][PASSED] - delay(3): Delayed 3 second(s)

2019-06-26 19:28:25 - [MESSAGE][PASSED] - Delayed 3 second(s)

2019-06-26 19:28:25 - [MESSAGE][PASSED] - Call Test Case 'Test Cases/NewArrival/productVerifyShort' successfully

2019-06-26 19:28:25 - [MESSAGE][PASSED] - Call Test Case 'Test Cases/NewArrival/addOnOrderRetail' successfully

2019-06-26 19:28:25 - [TEST_STEP][PASSED] - callTestCase(findTestCase("TestCaseUtilities/cabiCentralLogin"), [:], STOP_ON_FAILURE): Call Test Case 'Test Cases/TestCaseUtilities/cabiCentralLogin' successfully

2019-06-26 19:28:25 - [TEST_CASE][PASSED] - Test Cases/TestCaseUtilities/cabiCentralLogin: Test Cases/TestCaseUtilities/cabiCentralLogin

2019-06-26 19:28:25 - [TEST_STEP][PASSED] - CCURL = findTestData("credData").getValue("CCURL", 1): null

2019-06-26 19:28:25 - [TEST_STEP][PASSED] - CCuser = findTestData("credData").getValue("CCuser", 1): null

2019-06-26 19:28:25 - [TEST_STEP][PASSED] - CCpass = findTestData("credData").getValue("CCpass", 1): null

2019-06-26 19:28:25 - [TEST_STEP][PASSED] - openBrowser(""): Browser is opened with url: ''

2019-06-26 19:28:25 - [MESSAGE][WARNING] - A browser is already opened. Closing browser and opening a new one

2019-06-26 19:28:26 - [MESSAGE][INFO] - Starting 'Chrome' driver

2019-06-26 19:28:26 - [MESSAGE][INFO] - User set preference: ['args', '[--use-fake-ui-for-media-stream, --start-maximized]']

2019-06-26 19:28:28 - [MESSAGE][PASSED] - Browser is opened with url: ''

2019-06-26 19:28:28 - [TEST_STEP][PASSED] - navigateToUrl(CCURL): Navigate to 'https://test14.cliotest.com/cabicentral/control/main' successfully

2019-06-26 19:28:36 - [MESSAGE][PASSED] - Navigate to 'https://test14.cliotest.com/cabicentral/control/main' successfully

2019-06-26 19:28:36 - [TEST_STEP][PASSED] - maximizeWindow(): Current window maximized

2019-06-26 19:28:37 - [MESSAGE][PASSED] - Current window maximized

2019-06-26 19:28:37 - [TEST_STEP][PASSED] - logOut = findWebElements(findTestObject("Object Repository/Page_cabi Home/log_out"), 1): Unable to find the element located by 'By.xpath: //a[contains(text(),'Log Out')]'. Please recheck the objects properties to make sure the desired element is located. 

2019-06-26 19:28:38 - [MESSAGE][INFO] - Unable to find the element located by 'By.xpath: //a[contains(text(),'Log Out')]'. Please recheck the objects properties to make sure the desired element is located. 

2019-06-26 19:28:38 - [TEST_STEP][PASSED] - if (logOut.size() == 0): Object: 'Object Repository/Page_cabi/input_Password_section-btn btn-stl-pk rFloat' is clicked on

2019-06-26 19:28:38 - [TEST_STEP][PASSED] - setText(findTestObject("Object Repository/Page_cabi/input_Username_USERNAME"), CCuser): Text 'ehudson' is set on object 'Object Repository/Page_cabi/input_Username_USERNAME'

2019-06-26 19:28:38 - [MESSAGE][PASSED] - Text 'ehudson' is set on object 'Object Repository/Page_cabi/input_Username_USERNAME'

2019-06-26 19:28:38 - [TEST_STEP][PASSED] - setText(findTestObject("Object Repository/Page_cabi/input_Password_PASSWORD"), CCpass): Text 'blackdress19' is set on object 'Object Repository/Page_cabi/input_Password_PASSWORD'

2019-06-26 19:28:38 - [MESSAGE][PASSED] - Text 'blackdress19' is set on object 'Object Repository/Page_cabi/input_Password_PASSWORD'

2019-06-26 19:28:38 - [TEST_STEP][PASSED] - delay(1): Delayed 1 second(s)

2019-06-26 19:28:39 - [MESSAGE][PASSED] - Delayed 1 second(s)

2019-06-26 19:28:39 - [TEST_STEP][PASSED] - click(findTestObject("Object Repository/Page_cabi/input_Password_section-btn btn-stl-pk rFloat")): Object: 'Object Repository/Page_cabi/input_Password_section-btn btn-stl-pk rFloat' is clicked on

2019-06-26 19:28:42 - [MESSAGE][PASSED] - Object: 'Object Repository/Page_cabi/input_Password_section-btn btn-stl-pk rFloat' is clicked on

2019-06-26 19:28:42 - [TEST_STEP][PASSED] - delay(3): Delayed 3 second(s)

2019-06-26 19:28:45 - [MESSAGE][PASSED] - Delayed 3 second(s)

2019-06-26 19:28:45 - [MESSAGE][PASSED] - Call Test Case 'Test Cases/TestCaseUtilities/cabiCentralLogin' successfully

2019-06-26 19:28:45 - [TEST_STEP][PASSED] - delay(3): Delayed 3 second(s)

2019-06-26 19:28:48 - [MESSAGE][PASSED] - Delayed 3 second(s)

2019-06-26 19:28:48 - [TEST_STEP][PASSED] - click(findTestObject("Page_cabi cabiCentral Tasks/a_ORDERS")): Object: 'Object Repository/Page_cabi cabiCentral Tasks/a_ORDERS' is clicked on

2019-06-26 19:28:51 - [MESSAGE][PASSED] - Object: 'Object Repository/Page_cabi cabiCentral Tasks/a_ORDERS' is clicked on

2019-06-26 19:28:51 - [TEST_STEP][PASSED] - delay(3): Delayed 3 second(s)

2019-06-26 19:28:54 - [MESSAGE][PASSED] - Delayed 3 second(s)

2019-06-26 19:28:54 - [TEST_STEP][PASSED] - click(findTestObject("Page_cabi Find Order/a_Create Order")): Object: 'Object Repository/Page_cabi Find Order/a_Create Order' is clicked on

2019-06-26 19:28:54 - [MESSAGE][PASSED] - Object: 'Object Repository/Page_cabi Find Order/a_Create Order' is clicked on

2019-06-26 19:28:54 - [TEST_STEP][PASSED] - selectOptionByValue(findTestObject("Page_cabi Create Order/select_order_type"), "PERSONAL", true): All options with value 'PERSONAL' are selected in object 'Object Repository/Page_cabi Create Order/select_order_type'  using regular expression

2019-06-26 19:28:55 - [MESSAGE][PASSED] - All options with value 'PERSONAL' are selected in object 'Object Repository/Page_cabi Create Order/select_order_type'  using regular expression

2019-06-26 19:28:55 - [TEST_STEP][PASSED] - click(findTestObject("Page_cabi Create Order/input_select_order_type")): Object: 'Object Repository/Page_cabi Create Order/input_select_order_type' is clicked on

2019-06-26 19:28:59 - [MESSAGE][PASSED] - Object: 'Object Repository/Page_cabi Create Order/input_select_order_type' is clicked on

2019-06-26 19:28:59 - [TEST_STEP][PASSED] - callTestCase(findTestCase("NewArrival/productVerifyShort"), ["available":CCPersonal, "storeType":"CCPersonal"], STOP_ON_FAILURE): Call Test Case 'Test Cases/NewArrival/productVerifyShort' successfully

2019-06-26 19:28:59 - [TEST_CASE][PASSED] - Test Cases/NewArrival/productVerifyShort: Test Cases/NewArrival/productVerifyShort

2019-06-26 19:28:59 - [TEST_STEP][PASSED] - for ([row = 1, row <= findTestData("productData").getRowNumbers(), (row++)]): Delayed 3 second(s)

2019-06-26 19:28:59 - [TEST_STEP][PASSED] - delay(2): Delayed 2 second(s)

2019-06-26 19:29:01 - [MESSAGE][PASSED] - Delayed 2 second(s)

2019-06-26 19:29:01 - [TEST_STEP][PASSED] - setText(findTestObject("Object Repository/Page_cabi Create Order/input_Manual Discount_stylelookup_0"), findTestData("productData").getValue("Style", row)): Text '5618' is set on object 'Object Repository/Page_cabi Create Order/input_Manual Discount_stylelookup_0'

2019-06-26 19:29:01 - [MESSAGE][PASSED] - Text '5618' is set on object 'Object Repository/Page_cabi Create Order/input_Manual Discount_stylelookup_0'

2019-06-26 19:29:01 - [TEST_STEP][PASSED] - delay(2): Delayed 2 second(s)

2019-06-26 19:29:03 - [MESSAGE][PASSED] - Delayed 2 second(s)

2019-06-26 19:29:03 - [TEST_STEP][PASSED] - prod_message = getText(findTestObject("Page_cabi Create Order/first_option")): Text of object 'Object Repository/Page_cabi Create Order/first_option' is: '5618 Breeze Dress'

2019-06-26 19:29:03 - [MESSAGE][PASSED] - Text of object 'Object Repository/Page_cabi Create Order/first_option' is: '5618 Breeze Dress'

2019-06-26 19:29:03 - [TEST_STEP][PASSED] - delay(1): Delayed 1 second(s)

2019-06-26 19:29:04 - [MESSAGE][PASSED] - Delayed 1 second(s)

2019-06-26 19:29:04 - [TEST_STEP][PASSED] - click(findTestObject("Page_cabi Create Order/first_option")): Object: 'Object Repository/Page_cabi Create Order/first_option' is clicked on

2019-06-26 19:29:04 - [MESSAGE][PASSED] - Object: 'Object Repository/Page_cabi Create Order/first_option' is clicked on

2019-06-26 19:29:04 - [TEST_STEP][PASSED] - if (toString().equalsIgnoreCase("no")): null

2019-06-26 19:29:04 - [TEST_STEP][PASSED] - else: Delayed 3 second(s)

2019-06-26 19:29:04 - [TEST_STEP][PASSED] - delay(3): Delayed 3 second(s)

2019-06-26 19:29:07 - [MESSAGE][PASSED] - Delayed 3 second(s)

2019-06-26 19:29:07 - [TEST_STEP][PASSED] - s1 = getValue("Style", row).toString(): null

2019-06-26 19:29:07 - [TEST_STEP][PASSED] - s2 = " ": null

2019-06-26 19:29:07 - [TEST_STEP][PASSED] - s3 = getValue("Description", row).toString(): null

2019-06-26 19:29:07 - [TEST_STEP][PASSED] - expectedStyleDescription = $s1$s2$s3: null

2019-06-26 19:29:07 - [TEST_STEP][PASSED] - prod_message = UtilityMethods.splitStyle(prod_message): null

2019-06-26 19:29:07 - [TEST_STEP][PASSED] - println(prod_message): null

2019-06-26 19:29:07 - [TEST_STEP][PASSED] - assert prod_message.equalsIgnoreCase(expectedStyleDescription): null

2019-06-26 19:29:07 - [TEST_STEP][PASSED] - delay(3): Delayed 3 second(s)

2019-06-26 19:29:10 - [MESSAGE][PASSED] - Delayed 3 second(s)

2019-06-26 19:29:10 - [TEST_STEP][PASSED] - colorOptions = findWebElements(findTestObject("Page_cabi Order Items/GetAttribute_Color"), 5): null

2019-06-26 19:29:10 - [TEST_STEP][PASSED] - println(colorOptions.size()): null

2019-06-26 19:29:10 - [TEST_STEP][PASSED] - expectedColour = findTestData("productData").getValue("Color", row): null

2019-06-26 19:29:10 - [TEST_STEP][PASSED] - println("expected colour is"): null

2019-06-26 19:29:10 - [TEST_STEP][PASSED] - println(expectedColour): null

2019-06-26 19:29:10 - [TEST_STEP][PASSED] - colourVerified = false: null

2019-06-26 19:29:10 - [TEST_STEP][PASSED] - for (org.openqa.selenium.WebElement op : colorOptions): null

2019-06-26 19:29:10 - [TEST_STEP][PASSED] - println(op.getText()): null

2019-06-26 19:29:11 - [TEST_STEP][PASSED] - if (expectedColour.equalsIgnoreCase(op.getText())): null

2019-06-26 19:29:11 - [TEST_STEP][PASSED] - colourVerified = true: null

2019-06-26 19:29:11 - [TEST_STEP][PASSED] - break: null

2019-06-26 19:29:11 - [TEST_STEP][PASSED] - assert colourVerified == true: null

2019-06-26 19:29:11 - [TEST_STEP][PASSED] - getPrice = getText(findTestObject("Page_cabi Create Order/retail_price")): Text of object 'Object Repository/Page_cabi Create Order/retail_price' is: '$119.00'

2019-06-26 19:29:11 - [MESSAGE][PASSED] - Text of object 'Object Repository/Page_cabi Create Order/retail_price' is: '$119.00'

2019-06-26 19:29:11 - [TEST_STEP][PASSED] - Split_Data = UtilityMethods.SplitData(getPrice): null

2019-06-26 19:29:11 - [TEST_STEP][PASSED] - verifyMatch(Split_Data, findTestData("productData").getValue("Retail", row), true): Actual text '119' and expected text '119' are matched  using regular expression

2019-06-26 19:29:11 - [MESSAGE][PASSED] - Actual text '119' and expected text '119' are matched  using regular expression

2019-06-26 19:29:11 - [TEST_STEP][PASSED] - sizeRange1 = ["XXS", "XS", "S", "M", "L", "XL"]: null

2019-06-26 19:29:11 - [TEST_STEP][PASSED] - sizeRange2 = ["00", "0", "2", "4", "6", "8", "10", "12", "14", "16"]: null

2019-06-26 19:29:11 - [TEST_STEP][PASSED] - sizeRange3 = ["Long", "Regular", "Short"]: null

2019-06-26 19:29:11 - [TEST_STEP][PASSED] - sizeRange4 = ["5", "6", "6.5", "7", "7.5", "8", "8.5", "9", "9.5", "10", "11"]: null

2019-06-26 19:29:11 - [TEST_STEP][PASSED] - sizeRangeSplit = UtilityMethods.SplitSizes(findTestData("productData").getValue("SzRange", row)): null

2019-06-26 19:29:11 - [TEST_STEP][PASSED] - sizeType = getText(findTestObject("Object Repository/Page_cabi Order Items/Size")): Text of object 'Object Repository/Page_cabi Order Items/Size' is: 'Select'

2019-06-26 19:29:11 - [MESSAGE][PASSED] - Text of object 'Object Repository/Page_cabi Order Items/Size' is: 'Select'

2019-06-26 19:29:11 - [TEST_STEP][PASSED] - sizeOptions = findWebElements(findTestObject("Object Repository/Page_cabi Order Items/Size"), 5): null

2019-06-26 19:29:11 - [TEST_STEP][PASSED] - actualRange = new java.util.ArrayList(): null

2019-06-26 19:29:11 - [TEST_STEP][PASSED] - expectedRange = <not implemented yet for class: org.codehaus.groovy.ast.expr.EmptyExpression>: null

2019-06-26 19:29:11 - [TEST_STEP][PASSED] - if (sizeType.equalsIgnoreCase("Select")): null

2019-06-26 19:29:11 - [TEST_STEP][PASSED] - for ([i = 1, i < sizeOptions.size(), (i++)]): null

2019-06-26 19:29:11 - [TEST_STEP][PASSED] - actualRange.add(get(i).getText()): null

2019-06-26 19:29:11 - [TEST_STEP][PASSED] - actualRange.add(get(i).getText()): null

2019-06-26 19:29:11 - [TEST_STEP][PASSED] - actualRange.add(get(i).getText()): null

2019-06-26 19:29:11 - [TEST_STEP][PASSED] - actualRange.add(get(i).getText()): null

2019-06-26 19:29:11 - [TEST_STEP][PASSED] - actualRange.add(get(i).getText()): null

2019-06-26 19:29:11 - [TEST_STEP][PASSED] - if (toString().equalsIgnoreCase("XS") || toString().equalsIgnoreCase("XXS")): null

2019-06-26 19:29:11 - [TEST_STEP][PASSED] - expectedRange = UtilityMethods.getExpectedRange(sizeRange1, sizeRangeSplit): null

2019-06-26 19:29:11 - [TEST_STEP][PASSED] - println("XS"): null

2019-06-26 19:29:11 - [TEST_STEP][PASSED] - println(expectedRange.toString()): null

2019-06-26 19:29:11 - [TEST_STEP][PASSED] - assert UtilityMethods.listEquals(expectedRange, actualRange) == true: null

2019-06-26 19:29:11 - [TEST_STEP][PASSED] - delay(3): Delayed 3 second(s)

2019-06-26 19:29:14 - [MESSAGE][PASSED] - Delayed 3 second(s)

2019-06-26 19:29:14 - [MESSAGE][PASSED] - Call Test Case 'Test Cases/NewArrival/productVerifyShort' successfully

2019-06-26 19:29:14 - [TEST_STEP][PASSED] - click(findTestObject("Page_cabi Find Order/a_Create Order")): Object: 'Object Repository/Page_cabi Find Order/a_Create Order' is clicked on

2019-06-26 19:29:16 - [MESSAGE][PASSED] - Object: 'Object Repository/Page_cabi Find Order/a_Create Order' is clicked on

2019-06-26 19:29:16 - [TEST_STEP][PASSED] - selectOptionByValue(findTestObject("Page_cabi Create Order/select_order_type"), "RETAIL", true): All options with value 'RETAIL' are selected in object 'Object Repository/Page_cabi Create Order/select_order_type'  using regular expression

2019-06-26 19:29:17 - [MESSAGE][PASSED] - All options with value 'RETAIL' are selected in object 'Object Repository/Page_cabi Create Order/select_order_type'  using regular expression

2019-06-26 19:29:17 - [TEST_STEP][PASSED] - click(findTestObject("Page_cabi Create Order/input_select_order_type")): Object: 'Object Repository/Page_cabi Create Order/input_select_order_type' is clicked on

2019-06-26 19:29:18 - [MESSAGE][PASSED] - Object: 'Object Repository/Page_cabi Create Order/input_select_order_type' is clicked on

2019-06-26 19:29:18 - [TEST_STEP][PASSED] - callTestCase(findTestCase("NewArrival/productVerifyShort"), ["available":CCRetail], STOP_ON_FAILURE): Call Test Case 'Test Cases/NewArrival/productVerifyShort' successfully

2019-06-26 19:29:18 - [TEST_CASE][PASSED] - Test Cases/NewArrival/productVerifyShort: Test Cases/NewArrival/productVerifyShort

2019-06-26 19:29:19 - [TEST_STEP][PASSED] - for ([row = 1, row <= findTestData("productData").getRowNumbers(), (row++)]): Delayed 3 second(s)

2019-06-26 19:29:19 - [TEST_STEP][PASSED] - delay(2): Delayed 2 second(s)

2019-06-26 19:29:21 - [MESSAGE][PASSED] - Delayed 2 second(s)

2019-06-26 19:29:21 - [TEST_STEP][PASSED] - setText(findTestObject("Object Repository/Page_cabi Create Order/input_Manual Discount_stylelookup_0"), findTestData("productData").getValue("Style", row)): Text '5618' is set on object 'Object Repository/Page_cabi Create Order/input_Manual Discount_stylelookup_0'

2019-06-26 19:29:21 - [MESSAGE][PASSED] - Text '5618' is set on object 'Object Repository/Page_cabi Create Order/input_Manual Discount_stylelookup_0'

2019-06-26 19:29:21 - [TEST_STEP][PASSED] - delay(2): Delayed 2 second(s)

2019-06-26 19:29:23 - [MESSAGE][PASSED] - Delayed 2 second(s)

2019-06-26 19:29:23 - [TEST_STEP][PASSED] - prod_message = getText(findTestObject("Page_cabi Create Order/first_option")): Text of object 'Object Repository/Page_cabi Create Order/first_option' is: '5618 Breeze Dress'

2019-06-26 19:29:23 - [MESSAGE][PASSED] - Text of object 'Object Repository/Page_cabi Create Order/first_option' is: '5618 Breeze Dress'

2019-06-26 19:29:23 - [TEST_STEP][PASSED] - delay(1): Delayed 1 second(s)

2019-06-26 19:29:24 - [MESSAGE][PASSED] - Delayed 1 second(s)

2019-06-26 19:29:24 - [TEST_STEP][PASSED] - click(findTestObject("Page_cabi Create Order/first_option")): Object: 'Object Repository/Page_cabi Create Order/first_option' is clicked on

2019-06-26 19:29:24 - [MESSAGE][PASSED] - Object: 'Object Repository/Page_cabi Create Order/first_option' is clicked on

2019-06-26 19:29:24 - [TEST_STEP][PASSED] - if (toString().equalsIgnoreCase("no")): null

2019-06-26 19:29:24 - [TEST_STEP][PASSED] - else: Delayed 3 second(s)

2019-06-26 19:29:24 - [TEST_STEP][PASSED] - delay(3): Delayed 3 second(s)

2019-06-26 19:29:27 - [MESSAGE][PASSED] - Delayed 3 second(s)

2019-06-26 19:29:27 - [TEST_STEP][PASSED] - s1 = getValue("Style", row).toString(): null

2019-06-26 19:29:27 - [TEST_STEP][PASSED] - s2 = " ": null

2019-06-26 19:29:27 - [TEST_STEP][PASSED] - s3 = getValue("Description", row).toString(): null

2019-06-26 19:29:27 - [TEST_STEP][PASSED] - expectedStyleDescription = $s1$s2$s3: null

2019-06-26 19:29:27 - [TEST_STEP][PASSED] - prod_message = UtilityMethods.splitStyle(prod_message): null

2019-06-26 19:29:27 - [TEST_STEP][PASSED] - println(prod_message): null

2019-06-26 19:29:27 - [TEST_STEP][PASSED] - assert prod_message.equalsIgnoreCase(expectedStyleDescription): null

2019-06-26 19:29:27 - [TEST_STEP][PASSED] - delay(3): Delayed 3 second(s)

2019-06-26 19:29:30 - [MESSAGE][PASSED] - Delayed 3 second(s)

2019-06-26 19:29:30 - [TEST_STEP][PASSED] - colorOptions = findWebElements(findTestObject("Page_cabi Order Items/GetAttribute_Color"), 5): null

2019-06-26 19:29:30 - [TEST_STEP][PASSED] - println(colorOptions.size()): null

2019-06-26 19:29:30 - [TEST_STEP][PASSED] - expectedColour = findTestData("productData").getValue("Color", row): null

2019-06-26 19:29:30 - [TEST_STEP][PASSED] - println("expected colour is"): null

2019-06-26 19:29:30 - [TEST_STEP][PASSED] - println(expectedColour): null

2019-06-26 19:29:30 - [TEST_STEP][PASSED] - colourVerified = false: null

2019-06-26 19:29:30 - [TEST_STEP][PASSED] - for (org.openqa.selenium.WebElement op : colorOptions): null

2019-06-26 19:29:30 - [TEST_STEP][PASSED] - println(op.getText()): null

2019-06-26 19:29:30 - [TEST_STEP][PASSED] - if (expectedColour.equalsIgnoreCase(op.getText())): null

2019-06-26 19:29:30 - [TEST_STEP][PASSED] - colourVerified = true: null

2019-06-26 19:29:30 - [TEST_STEP][PASSED] - break: null

2019-06-26 19:29:30 - [TEST_STEP][PASSED] - assert colourVerified == true: null

2019-06-26 19:29:30 - [TEST_STEP][PASSED] - getPrice = getText(findTestObject("Page_cabi Create Order/retail_price")): Text of object 'Object Repository/Page_cabi Create Order/retail_price' is: '$119.00'

2019-06-26 19:29:30 - [MESSAGE][PASSED] - Text of object 'Object Repository/Page_cabi Create Order/retail_price' is: '$119.00'

2019-06-26 19:29:30 - [TEST_STEP][PASSED] - Split_Data = UtilityMethods.SplitData(getPrice): null

2019-06-26 19:29:30 - [TEST_STEP][PASSED] - verifyMatch(Split_Data, findTestData("productData").getValue("Retail", row), true): Actual text '119' and expected text '119' are matched  using regular expression

2019-06-26 19:29:30 - [MESSAGE][PASSED] - Actual text '119' and expected text '119' are matched  using regular expression

2019-06-26 19:29:30 - [TEST_STEP][PASSED] - sizeRange1 = ["XXS", "XS", "S", "M", "L", "XL"]: null

2019-06-26 19:29:30 - [TEST_STEP][PASSED] - sizeRange2 = ["00", "0", "2", "4", "6", "8", "10", "12", "14", "16"]: null

2019-06-26 19:29:30 - [TEST_STEP][PASSED] - sizeRange3 = ["Long", "Regular", "Short"]: null

2019-06-26 19:29:30 - [TEST_STEP][PASSED] - sizeRange4 = ["5", "6", "6.5", "7", "7.5", "8", "8.5", "9", "9.5", "10", "11"]: null

2019-06-26 19:29:30 - [TEST_STEP][PASSED] - sizeRangeSplit = UtilityMethods.SplitSizes(findTestData("productData").getValue("SzRange", row)): null

2019-06-26 19:29:30 - [TEST_STEP][PASSED] - sizeType = getText(findTestObject("Object Repository/Page_cabi Order Items/Size")): Text of object 'Object Repository/Page_cabi Order Items/Size' is: 'Select'

2019-06-26 19:29:30 - [MESSAGE][PASSED] - Text of object 'Object Repository/Page_cabi Order Items/Size' is: 'Select'

2019-06-26 19:29:30 - [TEST_STEP][PASSED] - sizeOptions = findWebElements(findTestObject("Object Repository/Page_cabi Order Items/Size"), 5): null

2019-06-26 19:29:30 - [TEST_STEP][PASSED] - actualRange = new java.util.ArrayList(): null

2019-06-26 19:29:30 - [TEST_STEP][PASSED] - expectedRange = <not implemented yet for class: org.codehaus.groovy.ast.expr.EmptyExpression>: null

2019-06-26 19:29:30 - [TEST_STEP][PASSED] - if (sizeType.equalsIgnoreCase("Select")): null

2019-06-26 19:29:30 - [TEST_STEP][PASSED] - for ([i = 1, i < sizeOptions.size(), (i++)]): null

2019-06-26 19:29:30 - [TEST_STEP][PASSED] - actualRange.add(get(i).getText()): null

2019-06-26 19:29:30 - [TEST_STEP][PASSED] - actualRange.add(get(i).getText()): null

2019-06-26 19:29:30 - [TEST_STEP][PASSED] - actualRange.add(get(i).getText()): null

2019-06-26 19:29:30 - [TEST_STEP][PASSED] - actualRange.add(get(i).getText()): null

2019-06-26 19:29:30 - [TEST_STEP][PASSED] - actualRange.add(get(i).getText()): null

2019-06-26 19:29:30 - [TEST_STEP][PASSED] - if (toString().equalsIgnoreCase("XS") || toString().equalsIgnoreCase("XXS")): null

2019-06-26 19:29:30 - [TEST_STEP][PASSED] - expectedRange = UtilityMethods.getExpectedRange(sizeRange1, sizeRangeSplit): null

2019-06-26 19:29:30 - [TEST_STEP][PASSED] - println("XS"): null

2019-06-26 19:29:30 - [TEST_STEP][PASSED] - println(expectedRange.toString()): null

2019-06-26 19:29:30 - [TEST_STEP][PASSED] - assert UtilityMethods.listEquals(expectedRange, actualRange) == true: null

2019-06-26 19:29:30 - [TEST_STEP][PASSED] - delay(3): Delayed 3 second(s)

2019-06-26 19:29:33 - [MESSAGE][PASSED] - Delayed 3 second(s)

2019-06-26 19:29:33 - [MESSAGE][PASSED] - Call Test Case 'Test Cases/NewArrival/productVerifyShort' successfully

2019-06-26 19:29:33 - [TEST_STEP][PASSED] - click(findTestObject("Page_cabi Find Order/a_Create Order")): Object: 'Object Repository/Page_cabi Find Order/a_Create Order' is clicked on

2019-06-26 19:29:36 - [MESSAGE][PASSED] - Object: 'Object Repository/Page_cabi Find Order/a_Create Order' is clicked on

2019-06-26 19:29:36 - [TEST_STEP][PASSED] - selectOptionByValue(findTestObject("Page_cabi Create Order/select_order_type"), "SHOW", true): All options with value 'SHOW' are selected in object 'Object Repository/Page_cabi Create Order/select_order_type'  using regular expression

2019-06-26 19:29:36 - [MESSAGE][PASSED] - All options with value 'SHOW' are selected in object 'Object Repository/Page_cabi Create Order/select_order_type'  using regular expression

2019-06-26 19:29:36 - [TEST_STEP][PASSED] - click(findTestObject("Page_cabi Create Order/input_select_order_type")): Object: 'Object Repository/Page_cabi Create Order/input_select_order_type' is clicked on

2019-06-26 19:29:39 - [MESSAGE][PASSED] - Object: 'Object Repository/Page_cabi Create Order/input_select_order_type' is clicked on

2019-06-26 19:29:39 - [TEST_STEP][PASSED] - callTestCase(findTestCase("NewArrival/productVerifyShort"), ["available":CCShow], STOP_ON_FAILURE): Call Test Case 'Test Cases/NewArrival/productVerifyShort' successfully

2019-06-26 19:29:39 - [TEST_CASE][PASSED] - Test Cases/NewArrival/productVerifyShort: Test Cases/NewArrival/productVerifyShort

2019-06-26 19:29:39 - [TEST_STEP][PASSED] - for ([row = 1, row <= findTestData("productData").getRowNumbers(), (row++)]): Delayed 3 second(s)

2019-06-26 19:29:39 - [TEST_STEP][PASSED] - delay(2): Delayed 2 second(s)

2019-06-26 19:29:41 - [MESSAGE][PASSED] - Delayed 2 second(s)

2019-06-26 19:29:41 - [TEST_STEP][PASSED] - setText(findTestObject("Object Repository/Page_cabi Create Order/input_Manual Discount_stylelookup_0"), findTestData("productData").getValue("Style", row)): Text '5618' is set on object 'Object Repository/Page_cabi Create Order/input_Manual Discount_stylelookup_0'

2019-06-26 19:29:42 - [MESSAGE][PASSED] - Text '5618' is set on object 'Object Repository/Page_cabi Create Order/input_Manual Discount_stylelookup_0'

2019-06-26 19:29:42 - [TEST_STEP][PASSED] - delay(2): Delayed 2 second(s)

2019-06-26 19:29:44 - [MESSAGE][PASSED] - Delayed 2 second(s)

2019-06-26 19:29:44 - [TEST_STEP][PASSED] - prod_message = getText(findTestObject("Page_cabi Create Order/first_option")): Text of object 'Object Repository/Page_cabi Create Order/first_option' is: '5618 Breeze Dress'

2019-06-26 19:29:44 - [MESSAGE][PASSED] - Text of object 'Object Repository/Page_cabi Create Order/first_option' is: '5618 Breeze Dress'

2019-06-26 19:29:44 - [TEST_STEP][PASSED] - delay(1): Delayed 1 second(s)

2019-06-26 19:29:45 - [MESSAGE][PASSED] - Delayed 1 second(s)

2019-06-26 19:29:45 - [TEST_STEP][PASSED] - click(findTestObject("Page_cabi Create Order/first_option")): Object: 'Object Repository/Page_cabi Create Order/first_option' is clicked on

2019-06-26 19:29:45 - [MESSAGE][PASSED] - Object: 'Object Repository/Page_cabi Create Order/first_option' is clicked on

2019-06-26 19:29:45 - [TEST_STEP][PASSED] - if (toString().equalsIgnoreCase("no")): null

2019-06-26 19:29:45 - [TEST_STEP][PASSED] - else: Delayed 3 second(s)

2019-06-26 19:29:45 - [TEST_STEP][PASSED] - delay(3): Delayed 3 second(s)

2019-06-26 19:29:48 - [MESSAGE][PASSED] - Delayed 3 second(s)

2019-06-26 19:29:48 - [TEST_STEP][PASSED] - s1 = getValue("Style", row).toString(): null

2019-06-26 19:29:48 - [TEST_STEP][PASSED] - s2 = " ": null

2019-06-26 19:29:48 - [TEST_STEP][PASSED] - s3 = getValue("Description", row).toString(): null

2019-06-26 19:29:48 - [TEST_STEP][PASSED] - expectedStyleDescription = $s1$s2$s3: null

2019-06-26 19:29:48 - [TEST_STEP][PASSED] - prod_message = UtilityMethods.splitStyle(prod_message): null

2019-06-26 19:29:48 - [TEST_STEP][PASSED] - println(prod_message): null

2019-06-26 19:29:48 - [TEST_STEP][PASSED] - assert prod_message.equalsIgnoreCase(expectedStyleDescription): null

2019-06-26 19:29:48 - [TEST_STEP][PASSED] - delay(3): Delayed 3 second(s)

2019-06-26 19:29:51 - [MESSAGE][PASSED] - Delayed 3 second(s)

2019-06-26 19:29:51 - [TEST_STEP][PASSED] - colorOptions = findWebElements(findTestObject("Page_cabi Order Items/GetAttribute_Color"), 5): null

2019-06-26 19:29:51 - [TEST_STEP][PASSED] - println(colorOptions.size()): null

2019-06-26 19:29:51 - [TEST_STEP][PASSED] - expectedColour = findTestData("productData").getValue("Color", row): null

2019-06-26 19:29:51 - [TEST_STEP][PASSED] - println("expected colour is"): null

2019-06-26 19:29:51 - [TEST_STEP][PASSED] - println(expectedColour): null

2019-06-26 19:29:51 - [TEST_STEP][PASSED] - colourVerified = false: null

2019-06-26 19:29:51 - [TEST_STEP][PASSED] - for (org.openqa.selenium.WebElement op : colorOptions): null

2019-06-26 19:29:51 - [TEST_STEP][PASSED] - println(op.getText()): null

2019-06-26 19:29:51 - [TEST_STEP][PASSED] - if (expectedColour.equalsIgnoreCase(op.getText())): null

2019-06-26 19:29:51 - [TEST_STEP][PASSED] - colourVerified = true: null

2019-06-26 19:29:51 - [TEST_STEP][PASSED] - break: null

2019-06-26 19:29:51 - [TEST_STEP][PASSED] - assert colourVerified == true: null

2019-06-26 19:29:51 - [TEST_STEP][PASSED] - getPrice = getText(findTestObject("Page_cabi Create Order/retail_price")): Text of object 'Object Repository/Page_cabi Create Order/retail_price' is: '$119.00'

2019-06-26 19:29:51 - [MESSAGE][PASSED] - Text of object 'Object Repository/Page_cabi Create Order/retail_price' is: '$119.00'

2019-06-26 19:29:51 - [TEST_STEP][PASSED] - Split_Data = UtilityMethods.SplitData(getPrice): null

2019-06-26 19:29:51 - [TEST_STEP][PASSED] - verifyMatch(Split_Data, findTestData("productData").getValue("Retail", row), true): Actual text '119' and expected text '119' are matched  using regular expression

2019-06-26 19:29:51 - [MESSAGE][PASSED] - Actual text '119' and expected text '119' are matched  using regular expression

2019-06-26 19:29:51 - [TEST_STEP][PASSED] - sizeRange1 = ["XXS", "XS", "S", "M", "L", "XL"]: null

2019-06-26 19:29:51 - [TEST_STEP][PASSED] - sizeRange2 = ["00", "0", "2", "4", "6", "8", "10", "12", "14", "16"]: null

2019-06-26 19:29:51 - [TEST_STEP][PASSED] - sizeRange3 = ["Long", "Regular", "Short"]: null

2019-06-26 19:29:51 - [TEST_STEP][PASSED] - sizeRange4 = ["5", "6", "6.5", "7", "7.5", "8", "8.5", "9", "9.5", "10", "11"]: null

2019-06-26 19:29:51 - [TEST_STEP][PASSED] - sizeRangeSplit = UtilityMethods.SplitSizes(findTestData("productData").getValue("SzRange", row)): null

2019-06-26 19:29:51 - [TEST_STEP][PASSED] - sizeType = getText(findTestObject("Object Repository/Page_cabi Order Items/Size")): Text of object 'Object Repository/Page_cabi Order Items/Size' is: 'Select'

2019-06-26 19:29:51 - [MESSAGE][PASSED] - Text of object 'Object Repository/Page_cabi Order Items/Size' is: 'Select'

2019-06-26 19:29:51 - [TEST_STEP][PASSED] - sizeOptions = findWebElements(findTestObject("Object Repository/Page_cabi Order Items/Size"), 5): null

2019-06-26 19:29:51 - [TEST_STEP][PASSED] - actualRange = new java.util.ArrayList(): null

2019-06-26 19:29:51 - [TEST_STEP][PASSED] - expectedRange = <not implemented yet for class: org.codehaus.groovy.ast.expr.EmptyExpression>: null

2019-06-26 19:29:51 - [TEST_STEP][PASSED] - if (sizeType.equalsIgnoreCase("Select")): null

2019-06-26 19:29:51 - [TEST_STEP][PASSED] - for ([i = 1, i < sizeOptions.size(), (i++)]): null

2019-06-26 19:29:51 - [TEST_STEP][PASSED] - actualRange.add(get(i).getText()): null

2019-06-26 19:29:51 - [TEST_STEP][PASSED] - actualRange.add(get(i).getText()): null

2019-06-26 19:29:51 - [TEST_STEP][PASSED] - actualRange.add(get(i).getText()): null

2019-06-26 19:29:51 - [TEST_STEP][PASSED] - actualRange.add(get(i).getText()): null

2019-06-26 19:29:51 - [TEST_STEP][PASSED] - actualRange.add(get(i).getText()): null

2019-06-26 19:29:51 - [TEST_STEP][PASSED] - if (toString().equalsIgnoreCase("XS") || toString().equalsIgnoreCase("XXS")): null

2019-06-26 19:29:51 - [TEST_STEP][PASSED] - expectedRange = UtilityMethods.getExpectedRange(sizeRange1, sizeRangeSplit): null

2019-06-26 19:29:51 - [TEST_STEP][PASSED] - println("XS"): null

2019-06-26 19:29:51 - [TEST_STEP][PASSED] - println(expectedRange.toString()): null

2019-06-26 19:29:51 - [TEST_STEP][PASSED] - assert UtilityMethods.listEquals(expectedRange, actualRange) == true: null

2019-06-26 19:29:51 - [TEST_STEP][PASSED] - delay(3): Delayed 3 second(s)

2019-06-26 19:29:54 - [MESSAGE][PASSED] - Delayed 3 second(s)

2019-06-26 19:29:54 - [MESSAGE][PASSED] - Call Test Case 'Test Cases/NewArrival/productVerifyShort' successfully

2019-06-26 19:29:54 - [TEST_STEP][PASSED] - callTestCase(findTestCase("NewArrival/populateTimeGlobalVars"), ["row":timeRow], STOP_ON_FAILURE): Call Test Case 'Test Cases/NewArrival/populateTimeGlobalVars' successfully

2019-06-26 19:29:54 - [TEST_CASE][PASSED] - Test Cases/NewArrival/populateTimeGlobalVars: Test Cases/NewArrival/populateTimeGlobalVars

2019-06-26 19:29:54 - [TEST_STEP][PASSED] - dataFile = "timezoneData": null

2019-06-26 19:29:54 - [TEST_STEP][PASSED] - serverTarget = UtilityMethods.getTestData(dataFile, "serverTarget", row): null

2019-06-26 19:29:54 - [TEST_STEP][PASSED] - orderType = UtilityMethods.getTestData(dataFile, "orderType", row): null

2019-06-26 19:29:54 - [TEST_STEP][PASSED] - timeZone = UtilityMethods.getTestData(dataFile, "timeZone", row): null

2019-06-26 19:29:54 - [TEST_STEP][PASSED] - BOPersonal = UtilityMethods.getTestData(dataFile, "BOPersonal", row): null

2019-06-26 19:29:54 - [TEST_STEP][PASSED] - BOAddonPersonal = UtilityMethods.getTestData(dataFile, "BOAddonPersonal", row): null

2019-06-26 19:29:55 - [TEST_STEP][PASSED] - BOAddonRetail = UtilityMethods.getTestData(dataFile, "BOAddonRetail", row): null

2019-06-26 19:29:55 - [TEST_STEP][PASSED] - BORetail = UtilityMethods.getTestData(dataFile, "BORetail", row): null

2019-06-26 19:29:55 - [TEST_STEP][PASSED] - BOShow = UtilityMethods.getTestData(dataFile, "BOShow", row): null

2019-06-26 19:29:55 - [TEST_STEP][PASSED] - BOOnlineoutlet = UtilityMethods.getTestData(dataFile, "BOOnlineoutlet", row): null

2019-06-26 19:29:55 - [TEST_STEP][PASSED] - BOEmployee = UtilityMethods.getTestData(dataFile, "BOEmployee", row): null

2019-06-26 19:29:55 - [TEST_STEP][PASSED] - CCPersonal = UtilityMethods.getTestData(dataFile, "CCPersonal", row): null

2019-06-26 19:29:55 - [TEST_STEP][PASSED] - CCRetail = UtilityMethods.getTestData(dataFile, "CCRetail", row): null

2019-06-26 19:29:55 - [TEST_STEP][PASSED] - CCShow = UtilityMethods.getTestData(dataFile, "CCShow", row): null

2019-06-26 19:29:55 - [TEST_STEP][PASSED] - BOEblast = UtilityMethods.getTestData(dataFile, "BOEblast", row): null

2019-06-26 19:29:55 - [MESSAGE][PASSED] - Call Test Case 'Test Cases/NewArrival/populateTimeGlobalVars' successfully

2019-06-26 19:29:55 - [TEST_STEP][PASSED] - callTestCase(findTestCase("NewArrival/setTimezone"), ["ofbizURL":"", "ofbizuser":"", "ofbizpass":"", "orderType":orderType, "timeZone":timeZone, "serverTarget":serverTarget], STOP_ON_FAILURE): Call Test Case 'Test Cases/NewArrival/setTimezone' successfully

2019-06-26 19:29:55 - [TEST_CASE][PASSED] - Test Cases/NewArrival/setTimezone: Test Cases/NewArrival/setTimezone

2019-06-26 19:29:55 - [TEST_STEP][NOT_RUN] - openBrowser(""): NOT_RUN: openBrowser("")

2019-06-26 19:29:55 - [MESSAGE][NOT_RUN] - NOT_RUN: openBrowser("")

2019-06-26 19:29:55 - [TEST_STEP][NOT_RUN] - maximizeWindow(): NOT_RUN: maximizeWindow()

2019-06-26 19:29:55 - [MESSAGE][NOT_RUN] - NOT_RUN: maximizeWindow()

2019-06-26 19:29:55 - [TEST_STEP][PASSED] - ofbizURL = findTestData("credData").getValue("ofbizURL", 1): null

2019-06-26 19:29:55 - [TEST_STEP][PASSED] - ofbizuser = findTestData("credData").getValue("ofbizuser", 1): null

2019-06-26 19:29:55 - [TEST_STEP][PASSED] - ofbizpass = findTestData("credData").getValue("ofbizpass", 1): null

2019-06-26 19:29:55 - [TEST_STEP][PASSED] - navigateToUrl(ofbizURL): Navigate to 'https://pushofbiz.cliotest.com/login.php' successfully

2019-06-26 19:29:57 - [MESSAGE][PASSED] - Navigate to 'https://pushofbiz.cliotest.com/login.php' successfully

2019-06-26 19:29:57 - [TEST_STEP][PASSED] - setText(findTestObject("Page_/input_Username_username"), ofbizuser): Text 'automation' is set on object 'Object Repository/Page_/input_Username_username'

2019-06-26 19:29:57 - [MESSAGE][PASSED] - Text 'automation' is set on object 'Object Repository/Page_/input_Username_username'

2019-06-26 19:29:57 - [TEST_STEP][PASSED] - setText(findTestObject("Page_/input_Password_password"), ofbizpass): Text 'cabiautomation' is set on object 'Object Repository/Page_/input_Password_password'

2019-06-26 19:29:57 - [MESSAGE][PASSED] - Text 'cabiautomation' is set on object 'Object Repository/Page_/input_Password_password'

2019-06-26 19:29:57 - [TEST_STEP][PASSED] - click(findTestObject("Page_/input_Password_Submit")): Object: 'Object Repository/Page_/input_Password_Submit' is clicked on

2019-06-26 19:30:01 - [MESSAGE][PASSED] - Object: 'Object Repository/Page_/input_Password_Submit' is clicked on

2019-06-26 19:30:01 - [TEST_STEP][PASSED] - click(findTestObject("Object Repository/Page_/a_Clock set")): Object: 'Object Repository/Page_/a_Clock set' is clicked on

2019-06-26 19:30:01 - [MESSAGE][PASSED] - Object: 'Object Repository/Page_/a_Clock set' is clicked on

2019-06-26 19:30:01 - [TEST_STEP][PASSED] - click(UtilityMethods.createTestObject("select_target", "//select[@name='Target']/option[contains(text(), '", serverTarget, "')]")): Object: 'select_target' is clicked on

2019-06-26 19:30:01 - [MESSAGE][PASSED] - Object: 'select_target' is clicked on

2019-06-26 19:30:01 - [TEST_STEP][PASSED] - click(findTestObject("Page_/thisDateAndTime")): Object: 'Object Repository/Page_/thisDateAndTime' is clicked on

2019-06-26 19:30:01 - [MESSAGE][PASSED] - Object: 'Object Repository/Page_/thisDateAndTime' is clicked on

2019-06-26 19:30:01 - [TEST_STEP][PASSED] - setText(findTestObject("Object Repository/Page_/setTargetTime"), timeZone): Text ' 05/07/2019 12:00' is set on object 'Object Repository/Page_/setTargetTime'

2019-06-26 19:30:02 - [MESSAGE][PASSED] - Text ' 05/07/2019 12:00' is set on object 'Object Repository/Page_/setTargetTime'

2019-06-26 19:30:02 - [TEST_STEP][PASSED] - click(findTestObject("Object Repository/Page_/input")): Object: 'Object Repository/Page_/input' is clicked on

2019-06-26 19:30:02 - [MESSAGE][PASSED] - Object: 'Object Repository/Page_/input' is clicked on

2019-06-26 19:30:02 - [TEST_STEP][PASSED] - delay(10): Delayed 10 second(s)

2019-06-26 19:30:12 - [MESSAGE][PASSED] - Delayed 10 second(s)

2019-06-26 19:30:12 - [TEST_STEP][NOT_RUN] - closeBrowser(): NOT_RUN: closeBrowser()

2019-06-26 19:30:12 - [MESSAGE][NOT_RUN] - NOT_RUN: closeBrowser()

2019-06-26 19:30:12 - [MESSAGE][PASSED] - Call Test Case 'Test Cases/NewArrival/setTimezone' successfully

2019-06-26 19:30:12 - [TEST_STEP][PASSED] - callTestCase(findTestCase("TestCaseUtilities/backOfficeLogin"), ["BOURL":"", "BOuser":"", "BOpass":""], STOP_ON_FAILURE): Call Test Case 'Test Cases/TestCaseUtilities/backOfficeLogin' successfully

2019-06-26 19:30:12 - [TEST_CASE][PASSED] - Test Cases/TestCaseUtilities/backOfficeLogin: Test Cases/TestCaseUtilities/backOfficeLogin

2019-06-26 19:30:12 - [TEST_STEP][PASSED] - BOURL = findTestData("credData").getValue("BOURL", 1): null

2019-06-26 19:30:12 - [TEST_STEP][PASSED] - BOuser = findTestData("credData").getValue("BOuser", 1): null

2019-06-26 19:30:12 - [TEST_STEP][PASSED] - BOpass = findTestData("credData").getValue("BOpass", 1): null

2019-06-26 19:30:12 - [TEST_STEP][PASSED] - navigateToUrl(BOURL): Navigate to 'https://test14.cliotest.com/backoffice/control/main' successfully

2019-06-26 19:30:20 - [MESSAGE][PASSED] - Navigate to 'https://test14.cliotest.com/backoffice/control/main' successfully

2019-06-26 19:30:20 - [TEST_STEP][PASSED] - logOut = findWebElements(findTestObject("Object Repository/Page_cabi Home/log_out"), 1): Unable to find the element located by 'By.xpath: //a[contains(text(),'Log Out')]'. Please recheck the objects properties to make sure the desired element is located. 

2019-06-26 19:30:21 - [MESSAGE][INFO] - Unable to find the element located by 'By.xpath: //a[contains(text(),'Log Out')]'. Please recheck the objects properties to make sure the desired element is located. 

2019-06-26 19:30:21 - [TEST_STEP][PASSED] - if (logOut.size() == 0): Object: 'Object Repository/Page_cabi/input_Welcome to_consultantLogin' is clicked on

2019-06-26 19:30:21 - [TEST_STEP][PASSED] - setText(findTestObject("Page_cabi/input_Welcome to_USERNAME"), BOuser): Text '400000002' is set on object 'Object Repository/Page_cabi/input_Welcome to_USERNAME'

2019-06-26 19:30:21 - [MESSAGE][PASSED] - Text '400000002' is set on object 'Object Repository/Page_cabi/input_Welcome to_USERNAME'

2019-06-26 19:30:21 - [TEST_STEP][PASSED] - setText(findTestObject("Object Repository/Page_cabi/input_Welcome to_PASSWORD"), BOpass): Text 'blackdress19' is set on object 'Object Repository/Page_cabi/input_Welcome to_PASSWORD'

2019-06-26 19:30:21 - [MESSAGE][PASSED] - Text 'blackdress19' is set on object 'Object Repository/Page_cabi/input_Welcome to_PASSWORD'

2019-06-26 19:30:21 - [TEST_STEP][PASSED] - click(findTestObject("Object Repository/Page_cabi/input_Welcome to_consultantLogin")): Object: 'Object Repository/Page_cabi/input_Welcome to_consultantLogin' is clicked on

2019-06-26 19:30:28 - [MESSAGE][PASSED] - Object: 'Object Repository/Page_cabi/input_Welcome to_consultantLogin' is clicked on

2019-06-26 19:30:28 - [TEST_STEP][PASSED] - delay(3): Delayed 3 second(s)

2019-06-26 19:30:31 - [MESSAGE][PASSED] - Delayed 3 second(s)

2019-06-26 19:30:31 - [MESSAGE][PASSED] - Call Test Case 'Test Cases/TestCaseUtilities/backOfficeLogin' successfully

2019-06-26 19:30:31 - [TEST_STEP][PASSED] - click(findTestObject("Object Repository/Page_cabi Home/a_Shows  Orders")): Object: 'Object Repository/Page_cabi Home/a_Shows  Orders' is clicked on

2019-06-26 19:30:31 - [MESSAGE][PASSED] - Object: 'Object Repository/Page_cabi Home/a_Shows  Orders' is clicked on

2019-06-26 19:30:31 - [TEST_STEP][PASSED] - click(findTestObject("Page_cabi Home/a_personal_purchases")): Object: 'Object Repository/Page_cabi Home/a_personal_purchases' is clicked on

2019-06-26 19:30:34 - [MESSAGE][PASSED] - Object: 'Object Repository/Page_cabi Home/a_personal_purchases' is clicked on

2019-06-26 19:30:34 - [TEST_STEP][PASSED] - click(findTestObject("Object Repository/Page_cabi Personal Store/span_Continue to Order")): Object: 'Object Repository/Page_cabi Personal Store/span_Continue to Order' is clicked on

2019-06-26 19:30:35 - [MESSAGE][PASSED] - Object: 'Object Repository/Page_cabi Personal Store/span_Continue to Order' is clicked on

2019-06-26 19:30:35 - [TEST_STEP][PASSED] - callTestCase(findTestCase("NewArrival/productVerify"), ["available":BOPersonal, "storeType":"BOPersonal"], STOP_ON_FAILURE): Call Test Case 'Test Cases/NewArrival/productVerify' successfully

2019-06-26 19:30:35 - [TEST_CASE][PASSED] - Test Cases/NewArrival/productVerify: Test Cases/NewArrival/productVerify

2019-06-26 19:30:35 - [TEST_STEP][PASSED] - for ([row = 1, row <= findTestData("productData").getRowNumbers(), (row++)]): Actual text and expected text of test object 'Object Repository/Page_cabi Order Items/no_result_found' are matched.

2019-06-26 19:30:35 - [TEST_STEP][PASSED] - setText(findTestObject("Object Repository/Page_cabi Order Items/input_New Arrivals - Blooming Blush_style"), findTestData("productData").getValue("Style", row)): Text '5618' is set on object 'Object Repository/Page_cabi Order Items/input_New Arrivals - Blooming Blush_style'

2019-06-26 19:30:35 - [MESSAGE][PASSED] - Text '5618' is set on object 'Object Repository/Page_cabi Order Items/input_New Arrivals - Blooming Blush_style'

2019-06-26 19:30:35 - [TEST_STEP][PASSED] - sendKeys(findTestObject("Object Repository/Page_cabi Order Items/input_New Arrivals - Blooming Blush_style"), Keys.chord(ENTER)): Keys 'ENTER + ' sent to object: 'Object Repository/Page_cabi Order Items/input_New Arrivals - Blooming Blush_style'

2019-06-26 19:30:36 - [MESSAGE][PASSED] - Keys 'ENTER + ' sent to object: 'Object Repository/Page_cabi Order Items/input_New Arrivals - Blooming Blush_style'

2019-06-26 19:30:36 - [TEST_STEP][PASSED] - delay(5): Delayed 5 second(s)

2019-06-26 19:30:41 - [MESSAGE][PASSED] - Delayed 5 second(s)

2019-06-26 19:30:41 - [TEST_STEP][PASSED] - if (toString().equalsIgnoreCase("no")): Actual text and expected text of test object 'Object Repository/Page_cabi Order Items/no_result_found' are matched.

2019-06-26 19:30:41 - [TEST_STEP][PASSED] - noResultMessages = findWebElements(findTestObject("Page_cabi Order Items/no_result_found"), 5): null

2019-06-26 19:30:41 - [TEST_STEP][PASSED] - assert noResultMessages.size() > 0: null

2019-06-26 19:30:41 - [TEST_STEP][PASSED] - verifyElementText(findTestObject("Page_cabi Order Items/no_result_found"), "No Results Found!"): Actual text and expected text of test object 'Object Repository/Page_cabi Order Items/no_result_found' are matched.

2019-06-26 19:30:41 - [MESSAGE][PASSED] - Actual text and expected text of test object 'Object Repository/Page_cabi Order Items/no_result_found' are matched.

2019-06-26 19:30:41 - [MESSAGE][PASSED] - Call Test Case 'Test Cases/NewArrival/productVerify' successfully

2019-06-26 19:30:41 - [TEST_STEP][PASSED] - rightClick(findTestObject("Page_cabi Home/a_Shows  Orders")): Object: 'Object Repository/Page_cabi Home/a_Shows  Orders' is right clicked on

2019-06-26 19:30:41 - [MESSAGE][PASSED] - Object: 'Object Repository/Page_cabi Home/a_Shows  Orders' is right clicked on

2019-06-26 19:30:41 - [TEST_STEP][PASSED] - click(findTestObject("Page_cabi Home/a_retail_purchases")): Object: 'Object Repository/Page_cabi Home/a_retail_purchases' is clicked on

2019-06-26 19:30:44 - [MESSAGE][PASSED] - Object: 'Object Repository/Page_cabi Home/a_retail_purchases' is clicked on

2019-06-26 19:30:44 - [TEST_STEP][PASSED] - delay(3): Delayed 3 second(s)

2019-06-26 19:30:47 - [MESSAGE][PASSED] - Delayed 3 second(s)

2019-06-26 19:30:47 - [TEST_STEP][PASSED] - click(findTestObject("Object Repository/Page_cabi Home/existingCustomer")): Object: 'Object Repository/Page_cabi Home/existingCustomer' is clicked on

2019-06-26 19:30:47 - [MESSAGE][PASSED] - Object: 'Object Repository/Page_cabi Home/existingCustomer' is clicked on

2019-06-26 19:30:47 - [TEST_STEP][PASSED] - contactNumber = 5: null

2019-06-26 19:30:47 - [TEST_STEP][PASSED] - firstName = findTestData("contactData").getValue("firstName", contactNumber): null

2019-06-26 19:30:47 - [TEST_STEP][PASSED] - lastName = findTestData("contactData").getValue("lastName", contactNumber): null

2019-06-26 19:30:47 - [TEST_STEP][PASSED] - email = findTestData("contactData").getValue("email", contactNumber): null

2019-06-26 19:30:47 - [TEST_STEP][PASSED] - address1 = findTestData("contactData").getValue("address1", contactNumber): null

2019-06-26 19:30:47 - [TEST_STEP][PASSED] - city = findTestData("contactData").getValue("city", contactNumber): null

2019-06-26 19:30:47 - [TEST_STEP][PASSED] - state = findTestData("contactData").getValue("state", contactNumber): null

2019-06-26 19:30:47 - [TEST_STEP][PASSED] - zip = findTestData("contactData").getValue("zip", contactNumber): null

2019-06-26 19:30:47 - [TEST_STEP][PASSED] - existingCustFName = firstName: null

2019-06-26 19:30:47 - [TEST_STEP][PASSED] - existingCustLName = lastName: null

2019-06-26 19:30:47 - [TEST_STEP][PASSED] - space = " ": null

2019-06-26 19:30:47 - [TEST_STEP][PASSED] - existingCust = $existingCustFName$space$existingCustLName: null

2019-06-26 19:30:47 - [TEST_STEP][PASSED] - setText(findTestObject("Object Repository/Page_cabi Home/input_existing_guest"), existingCust): Text 'Michigan Contact' is set on object 'Object Repository/Page_cabi Home/input_existing_guest'

2019-06-26 19:30:47 - [MESSAGE][PASSED] - Text 'Michigan Contact' is set on object 'Object Repository/Page_cabi Home/input_existing_guest'

2019-06-26 19:30:47 - [TEST_STEP][PASSED] - delay(3): Delayed 3 second(s)

2019-06-26 19:30:50 - [MESSAGE][PASSED] - Delayed 3 second(s)

2019-06-26 19:30:50 - [TEST_STEP][PASSED] - rightClick(findTestObject("Object Repository/Page_cabi Home/input_existing_guest")): Object: 'Object Repository/Page_cabi Home/input_existing_guest' is right clicked on

2019-06-26 19:30:50 - [MESSAGE][PASSED] - Object: 'Object Repository/Page_cabi Home/input_existing_guest' is right clicked on

2019-06-26 19:30:50 - [TEST_STEP][PASSED] - rightClick(findTestObject("Object Repository/Page_cabi Home/input_existing_guest")): Object: 'Object Repository/Page_cabi Home/input_existing_guest' is right clicked on

2019-06-26 19:30:50 - [MESSAGE][PASSED] - Object: 'Object Repository/Page_cabi Home/input_existing_guest' is right clicked on

2019-06-26 19:30:50 - [TEST_STEP][PASSED] - click(findTestObject("Object Repository/Page_cabi Create Show - Set Hostess/a_select_customer")): Object: 'Object Repository/Page_cabi Create Show - Set Hostess/a_select_customer' is clicked on

2019-06-26 19:30:51 - [MESSAGE][PASSED] - Object: 'Object Repository/Page_cabi Create Show - Set Hostess/a_select_customer' is clicked on

2019-06-26 19:30:51 - [TEST_STEP][PASSED] - setText(findTestObject("Object Repository/Page_cabi Home/input_existing_guest"), existingCust): Text 'Michigan Contact' is set on object 'Object Repository/Page_cabi Home/input_existing_guest'

2019-06-26 19:30:51 - [MESSAGE][PASSED] - Text 'Michigan Contact' is set on object 'Object Repository/Page_cabi Home/input_existing_guest'

2019-06-26 19:30:51 - [TEST_STEP][PASSED] - setText(findTestObject("Object Repository/Page_cabi Retail Store/input_email"), email): Text 'michigan@na.com' is set on object 'Object Repository/Page_cabi Retail Store/input_email'

2019-06-26 19:30:52 - [MESSAGE][PASSED] - Text 'michigan@na.com' is set on object 'Object Repository/Page_cabi Retail Store/input_email'

2019-06-26 19:30:52 - [TEST_STEP][PASSED] - setText(findTestObject("Object Repository/Page_cabi Edit Customer Profile/input_Address1_address1"), address1): Text '972 BRAHMS CT' is set on object 'Object Repository/Page_cabi Edit Customer Profile/input_Address1_address1'

2019-06-26 19:30:52 - [MESSAGE][PASSED] - Text '972 BRAHMS CT' is set on object 'Object Repository/Page_cabi Edit Customer Profile/input_Address1_address1'

2019-06-26 19:30:52 - [TEST_STEP][PASSED] - setText(findTestObject("Object Repository/Page_cabi Edit Customer Profile/input_Address2_address2"), ""): Text '' is set on object 'Object Repository/Page_cabi Edit Customer Profile/input_Address2_address2'

2019-06-26 19:30:52 - [MESSAGE][PASSED] - Text '' is set on object 'Object Repository/Page_cabi Edit Customer Profile/input_Address2_address2'

2019-06-26 19:30:52 - [TEST_STEP][PASSED] - setText(findTestObject("Object Repository/Page_cabi Edit Customer Profile/input_City_city"), city): Text 'TROY' is set on object 'Object Repository/Page_cabi Edit Customer Profile/input_City_city'

2019-06-26 19:30:53 - [MESSAGE][PASSED] - Text 'TROY' is set on object 'Object Repository/Page_cabi Edit Customer Profile/input_City_city'

2019-06-26 19:30:53 - [TEST_STEP][PASSED] - click(findTestObject("Page_cabi Edit Customer Profile/span_select_a_state")): Object: 'Object Repository/Page_cabi Edit Customer Profile/span_select_a_state' is clicked on

2019-06-26 19:30:53 - [MESSAGE][PASSED] - Object: 'Object Repository/Page_cabi Edit Customer Profile/span_select_a_state' is clicked on

2019-06-26 19:30:53 - [TEST_STEP][PASSED] - delay(1): Delayed 1 second(s)

2019-06-26 19:30:54 - [MESSAGE][PASSED] - Delayed 1 second(s)

2019-06-26 19:30:54 - [TEST_STEP][PASSED] - setText(findTestObject("Object Repository/Page_cabi Edit Customer Profile/input_state_1"), state): Text 'Michigan' is set on object 'Object Repository/Page_cabi Edit Customer Profile/input_state_1'

2019-06-26 19:30:54 - [MESSAGE][PASSED] - Text 'Michigan' is set on object 'Object Repository/Page_cabi Edit Customer Profile/input_state_1'

2019-06-26 19:30:54 - [TEST_STEP][PASSED] - delay(2): Delayed 2 second(s)

2019-06-26 19:30:56 - [MESSAGE][PASSED] - Delayed 2 second(s)

2019-06-26 19:30:56 - [TEST_STEP][PASSED] - click(findTestObject("Page_cabi Edit Customer Profile/span_state")): Object: 'Object Repository/Page_cabi Edit Customer Profile/span_state' is clicked on

2019-06-26 19:30:56 - [MESSAGE][PASSED] - Object: 'Object Repository/Page_cabi Edit Customer Profile/span_state' is clicked on

2019-06-26 19:30:56 - [TEST_STEP][PASSED] - setText(findTestObject("Page_cabi Edit Customer Profile/input_state_postalCode"), zip): Text '48085' is set on object 'Object Repository/Page_cabi Edit Customer Profile/input_state_postalCode'

2019-06-26 19:30:56 - [MESSAGE][PASSED] - Text '48085' is set on object 'Object Repository/Page_cabi Edit Customer Profile/input_state_postalCode'

2019-06-26 19:30:56 - [TEST_STEP][PASSED] - delay(10): Delayed 10 second(s)

2019-06-26 19:31:06 - [MESSAGE][PASSED] - Delayed 10 second(s)

2019-06-26 19:31:06 - [TEST_STEP][PASSED] - click(findTestObject("Object Repository/Page_cabi Home/a_same_shipping_address")): Object: 'Object Repository/Page_cabi Home/a_same_shipping_address' is clicked on

2019-06-26 19:31:07 - [MESSAGE][PASSED] - Object: 'Object Repository/Page_cabi Home/a_same_shipping_address' is clicked on

2019-06-26 19:31:07 - [TEST_STEP][PASSED] - delay(10): Delayed 10 second(s)

2019-06-26 19:31:17 - [MESSAGE][PASSED] - Delayed 10 second(s)

2019-06-26 19:31:17 - [TEST_STEP][PASSED] - click(findTestObject("Page_cabi Retail Store/span_next_1")): Object: 'Object Repository/Page_cabi Retail Store/span_next_1' is clicked on

2019-06-26 19:31:17 - [MESSAGE][PASSED] - Object: 'Object Repository/Page_cabi Retail Store/span_next_1' is clicked on

2019-06-26 19:31:17 - [TEST_STEP][PASSED] - delay(3): Delayed 3 second(s)

2019-06-26 19:31:20 - [MESSAGE][PASSED] - Delayed 3 second(s)

2019-06-26 19:31:20 - [TEST_STEP][PASSED] - callTestCase(findTestCase("NewArrival/productVerify"), ["available":BORetail, "storeType":"BORetail"], STOP_ON_FAILURE): Call Test Case 'Test Cases/NewArrival/productVerify' successfully

2019-06-26 19:31:20 - [TEST_CASE][PASSED] - Test Cases/NewArrival/productVerify: Test Cases/NewArrival/productVerify

2019-06-26 19:31:20 - [TEST_STEP][PASSED] - for ([row = 1, row <= findTestData("productData").getRowNumbers(), (row++)]): Actual text and expected text of test object 'Object Repository/Page_cabi Order Items/no_result_found' are matched.

2019-06-26 19:31:20 - [TEST_STEP][PASSED] - setText(findTestObject("Object Repository/Page_cabi Order Items/input_New Arrivals - Blooming Blush_style"), findTestData("productData").getValue("Style", row)): Text '5618' is set on object 'Object Repository/Page_cabi Order Items/input_New Arrivals - Blooming Blush_style'

2019-06-26 19:31:21 - [MESSAGE][PASSED] - Text '5618' is set on object 'Object Repository/Page_cabi Order Items/input_New Arrivals - Blooming Blush_style'

2019-06-26 19:31:21 - [TEST_STEP][PASSED] - sendKeys(findTestObject("Object Repository/Page_cabi Order Items/input_New Arrivals - Blooming Blush_style"), Keys.chord(ENTER)): Keys 'ENTER + ' sent to object: 'Object Repository/Page_cabi Order Items/input_New Arrivals - Blooming Blush_style'

2019-06-26 19:31:21 - [MESSAGE][PASSED] - Keys 'ENTER + ' sent to object: 'Object Repository/Page_cabi Order Items/input_New Arrivals - Blooming Blush_style'

2019-06-26 19:31:21 - [TEST_STEP][PASSED] - delay(5): Delayed 5 second(s)

2019-06-26 19:31:26 - [MESSAGE][PASSED] - Delayed 5 second(s)

2019-06-26 19:31:26 - [TEST_STEP][PASSED] - if (toString().equalsIgnoreCase("no")): Actual text and expected text of test object 'Object Repository/Page_cabi Order Items/no_result_found' are matched.

2019-06-26 19:31:26 - [TEST_STEP][PASSED] - noResultMessages = findWebElements(findTestObject("Page_cabi Order Items/no_result_found"), 5): null

2019-06-26 19:31:26 - [TEST_STEP][PASSED] - assert noResultMessages.size() > 0: null

2019-06-26 19:31:26 - [TEST_STEP][PASSED] - verifyElementText(findTestObject("Page_cabi Order Items/no_result_found"), "No Results Found!"): Actual text and expected text of test object 'Object Repository/Page_cabi Order Items/no_result_found' are matched.

2019-06-26 19:31:26 - [MESSAGE][PASSED] - Actual text and expected text of test object 'Object Repository/Page_cabi Order Items/no_result_found' are matched.

2019-06-26 19:31:26 - [MESSAGE][PASSED] - Call Test Case 'Test Cases/NewArrival/productVerify' successfully

2019-06-26 19:31:26 - [TEST_STEP][PASSED] - click(findTestObject("Object Repository/Page_cabi Home/a_Shows  Orders")): Object: 'Object Repository/Page_cabi Home/a_Shows  Orders' is clicked on

2019-06-26 19:31:26 - [MESSAGE][PASSED] - Object: 'Object Repository/Page_cabi Home/a_Shows  Orders' is clicked on

2019-06-26 19:31:26 - [TEST_STEP][PASSED] - delay(3): Delayed 3 second(s)

2019-06-26 19:31:29 - [MESSAGE][PASSED] - Delayed 3 second(s)

2019-06-26 19:31:29 - [TEST_STEP][PASSED] - rightClick(findTestObject("Page_cabi Home/a_online_outline_purchases")): Object: 'Object Repository/Page_cabi Home/a_online_outline_purchases' is right clicked on

2019-06-26 19:31:30 - [MESSAGE][PASSED] - Object: 'Object Repository/Page_cabi Home/a_online_outline_purchases' is right clicked on

2019-06-26 19:31:30 - [TEST_STEP][PASSED] - click(findTestObject("Page_cabi Home/a_online_outline_purchases")): Object: 'Object Repository/Page_cabi Home/a_online_outline_purchases' is clicked on

2019-06-26 19:31:33 - [MESSAGE][PASSED] - Object: 'Object Repository/Page_cabi Home/a_online_outline_purchases' is clicked on

2019-06-26 19:31:33 - [TEST_STEP][PASSED] - click(findTestObject("Object Repository/Page_cabi Online Outlet Store/span_Continue to Order")): Object: 'Object Repository/Page_cabi Online Outlet Store/span_Continue to Order' is clicked on

2019-06-26 19:31:33 - [MESSAGE][PASSED] - Object: 'Object Repository/Page_cabi Online Outlet Store/span_Continue to Order' is clicked on

2019-06-26 19:31:33 - [TEST_STEP][PASSED] - callTestCase(findTestCase("NewArrival/productVerify"), ["available":BOOnlineoutlet, "storeType":"BOOnlineoutlet"], STOP_ON_FAILURE): Call Test Case 'Test Cases/NewArrival/productVerify' successfully

2019-06-26 19:31:33 - [TEST_CASE][PASSED] - Test Cases/NewArrival/productVerify: Test Cases/NewArrival/productVerify

2019-06-26 19:31:33 - [TEST_STEP][PASSED] - for ([row = 1, row <= findTestData("productData").getRowNumbers(), (row++)]): Actual text and expected text of test object 'Object Repository/Page_cabi Order Items/no_result_found' are matched.

2019-06-26 19:31:33 - [TEST_STEP][PASSED] - setText(findTestObject("Object Repository/Page_cabi Order Items/input_New Arrivals - Blooming Blush_style"), findTestData("productData").getValue("Style", row)): Text '5618' is set on object 'Object Repository/Page_cabi Order Items/input_New Arrivals - Blooming Blush_style'

2019-06-26 19:31:35 - [MESSAGE][PASSED] - Text '5618' is set on object 'Object Repository/Page_cabi Order Items/input_New Arrivals - Blooming Blush_style'

2019-06-26 19:31:35 - [TEST_STEP][PASSED] - sendKeys(findTestObject("Object Repository/Page_cabi Order Items/input_New Arrivals - Blooming Blush_style"), Keys.chord(ENTER)): Keys 'ENTER + ' sent to object: 'Object Repository/Page_cabi Order Items/input_New Arrivals - Blooming Blush_style'

2019-06-26 19:31:35 - [MESSAGE][PASSED] - Keys 'ENTER + ' sent to object: 'Object Repository/Page_cabi Order Items/input_New Arrivals - Blooming Blush_style'

2019-06-26 19:31:35 - [TEST_STEP][PASSED] - delay(5): Delayed 5 second(s)

2019-06-26 19:31:40 - [MESSAGE][PASSED] - Delayed 5 second(s)

2019-06-26 19:31:40 - [TEST_STEP][PASSED] - if (toString().equalsIgnoreCase("no")): Actual text and expected text of test object 'Object Repository/Page_cabi Order Items/no_result_found' are matched.

2019-06-26 19:31:40 - [TEST_STEP][PASSED] - noResultMessages = findWebElements(findTestObject("Page_cabi Order Items/no_result_found"), 5): null

2019-06-26 19:31:40 - [TEST_STEP][PASSED] - assert noResultMessages.size() > 0: null

2019-06-26 19:31:40 - [TEST_STEP][PASSED] - verifyElementText(findTestObject("Page_cabi Order Items/no_result_found"), "No Results Found!"): Actual text and expected text of test object 'Object Repository/Page_cabi Order Items/no_result_found' are matched.

2019-06-26 19:31:40 - [MESSAGE][PASSED] - Actual text and expected text of test object 'Object Repository/Page_cabi Order Items/no_result_found' are matched.

2019-06-26 19:31:40 - [MESSAGE][PASSED] - Call Test Case 'Test Cases/NewArrival/productVerify' successfully

2019-06-26 19:31:40 - [TEST_STEP][PASSED] - callTestCase(findTestCase("NewArrival/createAPhysicalShow_IMHostess"), ["BOURL":"", "BOuser":"", "BOpass":""], STOP_ON_FAILURE): Call Test Case 'Test Cases/NewArrival/createAPhysicalShow_IMHostess' successfully

2019-06-26 19:31:40 - [TEST_CASE][PASSED] - Test Cases/NewArrival/createAPhysicalShow_IMHostess: Test Cases/NewArrival/createAPhysicalShow_IMHostess

2019-06-26 19:31:40 - [TEST_STEP][PASSED] - BOURL = findTestData("credData").getValue("BOURL", 1): null

2019-06-26 19:31:40 - [TEST_STEP][PASSED] - BOuser = findTestData("credData").getValue("BOuser", 1): null

2019-06-26 19:31:40 - [TEST_STEP][PASSED] - BOpass = findTestData("credData").getValue("BOpass", 1): null

2019-06-26 19:31:40 - [TEST_STEP][PASSED] - callTestCase(findTestCase("TestCaseUtilities/backOfficeLogin"), ["BOURL":"", "BOuser":"", "BOpass":""], STOP_ON_FAILURE): Call Test Case 'Test Cases/TestCaseUtilities/backOfficeLogin' successfully

2019-06-26 19:31:40 - [TEST_CASE][PASSED] - Test Cases/TestCaseUtilities/backOfficeLogin: Test Cases/TestCaseUtilities/backOfficeLogin

2019-06-26 19:31:40 - [TEST_STEP][PASSED] - BOURL = findTestData("credData").getValue("BOURL", 1): null

2019-06-26 19:31:40 - [TEST_STEP][PASSED] - BOuser = findTestData("credData").getValue("BOuser", 1): null

2019-06-26 19:31:40 - [TEST_STEP][PASSED] - BOpass = findTestData("credData").getValue("BOpass", 1): null

2019-06-26 19:31:40 - [TEST_STEP][PASSED] - navigateToUrl(BOURL): Navigate to 'https://test14.cliotest.com/backoffice/control/main' successfully

2019-06-26 19:31:45 - [MESSAGE][PASSED] - Navigate to 'https://test14.cliotest.com/backoffice/control/main' successfully

2019-06-26 19:31:45 - [TEST_STEP][PASSED] - logOut = findWebElements(findTestObject("Object Repository/Page_cabi Home/log_out"), 1): null

2019-06-26 19:31:45 - [TEST_STEP][PASSED] - if (logOut.size() == 0): null

2019-06-26 19:31:45 - [TEST_STEP][PASSED] - delay(3): Delayed 3 second(s)

2019-06-26 19:31:48 - [MESSAGE][PASSED] - Delayed 3 second(s)

2019-06-26 19:31:48 - [MESSAGE][PASSED] - Call Test Case 'Test Cases/TestCaseUtilities/backOfficeLogin' successfully

2019-06-26 19:31:48 - [TEST_STEP][PASSED] - delay(3): Delayed 3 second(s)

2019-06-26 19:31:51 - [MESSAGE][PASSED] - Delayed 3 second(s)

2019-06-26 19:31:51 - [TEST_STEP][PASSED] - rightClick(findTestObject("Page_cabi Home/a_Shows  Orders")): Object: 'Object Repository/Page_cabi Home/a_Shows  Orders' is right clicked on

2019-06-26 19:31:51 - [MESSAGE][PASSED] - Object: 'Object Repository/Page_cabi Home/a_Shows  Orders' is right clicked on

2019-06-26 19:31:51 - [TEST_STEP][PASSED] - click(findTestObject("Page_cabi Home/a_Create_A_Show")): Object: 'Object Repository/Page_cabi Home/a_Create_A_Show' is clicked on

2019-06-26 19:31:55 - [MESSAGE][PASSED] - Object: 'Object Repository/Page_cabi Home/a_Create_A_Show' is clicked on

2019-06-26 19:31:55 - [TEST_STEP][PASSED] - click(findTestObject("Page_cabi Home/select_i_am_hostess")): Object: 'Object Repository/Page_cabi Home/select_i_am_hostess' is clicked on

2019-06-26 19:31:55 - [MESSAGE][PASSED] - Object: 'Object Repository/Page_cabi Home/select_i_am_hostess' is clicked on

2019-06-26 19:31:55 - [TEST_STEP][PASSED] - delay(5): Delayed 5 second(s)

2019-06-26 19:32:00 - [MESSAGE][PASSED] - Delayed 5 second(s)

2019-06-26 19:32:00 - [TEST_STEP][PASSED] - click(findTestObject("Page_cabi Create Show - Set Hostess/input_next")): Object: 'Object Repository/Page_cabi Create Show - Set Hostess/input_next' is clicked on

2019-06-26 19:32:03 - [MESSAGE][PASSED] - Object: 'Object Repository/Page_cabi Create Show - Set Hostess/input_next' is clicked on

2019-06-26 19:32:03 - [TEST_STEP][PASSED] - delay(3): Delayed 3 second(s)

2019-06-26 19:32:06 - [MESSAGE][PASSED] - Delayed 3 second(s)

2019-06-26 19:32:06 - [TEST_STEP][PASSED] - rightClick(findTestObject("Object Repository/Page_cabi Create ShowTime_Place/input_Show_date_time")): Object: 'Object Repository/Page_cabi Create ShowTime_Place/input_Show_date_time' is right clicked on

2019-06-26 19:32:06 - [MESSAGE][PASSED] - Object: 'Object Repository/Page_cabi Create ShowTime_Place/input_Show_date_time' is right clicked on

2019-06-26 19:32:06 - [TEST_STEP][PASSED] - rightClick(findTestObject("Object Repository/Page_cabi Create ShowTime_Place/a_16")): Object: 'Object Repository/Page_cabi Create ShowTime_Place/a_16' is right clicked on

2019-06-26 19:32:06 - [MESSAGE][PASSED] - Object: 'Object Repository/Page_cabi Create ShowTime_Place/a_16' is right clicked on

2019-06-26 19:32:06 - [TEST_STEP][PASSED] - click(findTestObject("Object Repository/Page_cabi Create ShowTime_Place/a_16")): Object: 'Object Repository/Page_cabi Create ShowTime_Place/a_16' is clicked on

2019-06-26 19:32:06 - [MESSAGE][PASSED] - Object: 'Object Repository/Page_cabi Create ShowTime_Place/a_16' is clicked on

2019-06-26 19:32:06 - [TEST_STEP][PASSED] - click(findTestObject("Object Repository/Page_cabi Create ShowTime_Place/b")): Object: 'Object Repository/Page_cabi Create ShowTime_Place/b' is clicked on

2019-06-26 19:32:06 - [MESSAGE][PASSED] - Object: 'Object Repository/Page_cabi Create ShowTime_Place/b' is clicked on

2019-06-26 19:32:06 - [TEST_STEP][PASSED] - click(findTestObject("Object Repository/Page_cabi Create ShowTime_Place/div_Location for ShowSame as Hostess Home Address")): Object: 'Object Repository/Page_cabi Create ShowTime_Place/div_Location for ShowSame as Hostess Home Address' is clicked on

2019-06-26 19:32:06 - [MESSAGE][PASSED] - Object: 'Object Repository/Page_cabi Create ShowTime_Place/div_Location for ShowSame as Hostess Home Address' is clicked on

2019-06-26 19:32:06 - [TEST_STEP][PASSED] - click(findTestObject("Object Repository/Page_cabi Create ShowTime_Place/input__address_Same_as_hostess")): Object: 'Object Repository/Page_cabi Create ShowTime_Place/input__address_Same_as_hostess' is clicked on

2019-06-26 19:32:07 - [MESSAGE][PASSED] - Object: 'Object Repository/Page_cabi Create ShowTime_Place/input__address_Same_as_hostess' is clicked on

2019-06-26 19:32:07 - [TEST_STEP][PASSED] - click(findTestObject("Object Repository/Page_cabi Create ShowTime_Place/input_Same as show location")): Object: 'Object Repository/Page_cabi Create ShowTime_Place/input_Same as show location' is clicked on

2019-06-26 19:32:07 - [MESSAGE][PASSED] - Object: 'Object Repository/Page_cabi Create ShowTime_Place/input_Same as show location' is clicked on

2019-06-26 19:32:07 - [TEST_STEP][PASSED] - delay(3): Delayed 3 second(s)

2019-06-26 19:32:10 - [MESSAGE][PASSED] - Delayed 3 second(s)

2019-06-26 19:32:10 - [TEST_STEP][PASSED] - click(findTestObject("Object Repository/Page_cabi Create ShowTime_Place/label_Tax Rate Calculated")): Object: 'Object Repository/Page_cabi Create ShowTime_Place/label_Tax Rate Calculated' is clicked on

2019-06-26 19:32:10 - [MESSAGE][PASSED] - Object: 'Object Repository/Page_cabi Create ShowTime_Place/label_Tax Rate Calculated' is clicked on

2019-06-26 19:32:10 - [TEST_STEP][PASSED] - click(findTestObject("Object Repository/Page_cabi Create ShowTime_Place/input_Back_section")): Object: 'Object Repository/Page_cabi Create ShowTime_Place/input_Back_section' is clicked on

2019-06-26 19:32:10 - [MESSAGE][PASSED] - Object: 'Object Repository/Page_cabi Create ShowTime_Place/input_Back_section' is clicked on

2019-06-26 19:32:10 - [TEST_STEP][PASSED] - delay(3): Delayed 3 second(s)

2019-06-26 19:32:13 - [MESSAGE][PASSED] - Delayed 3 second(s)

2019-06-26 19:32:13 - [TEST_STEP][PASSED] - click(findTestObject("Page_cabi Create ShowTime_Place/input_ShowSummaryTab")): Object: 'Object Repository/Page_cabi Create ShowTime_Place/input_ShowSummaryTab' is clicked on

2019-06-26 19:32:15 - [MESSAGE][PASSED] - Object: 'Object Repository/Page_cabi Create ShowTime_Place/input_ShowSummaryTab' is clicked on

2019-06-26 19:32:15 - [MESSAGE][PASSED] - Call Test Case 'Test Cases/NewArrival/createAPhysicalShow_IMHostess' successfully

2019-06-26 19:32:15 - [TEST_STEP][PASSED] - delay(2): Delayed 2 second(s)

2019-06-26 19:32:17 - [MESSAGE][PASSED] - Delayed 2 second(s)

2019-06-26 19:32:17 - [TEST_STEP][PASSED] - click(findTestObject("Object Repository/Page_cabi Orders/span_orders")): Object: 'Object Repository/Page_cabi Orders/span_orders' is clicked on

2019-06-26 19:32:19 - [MESSAGE][PASSED] - Object: 'Object Repository/Page_cabi Orders/span_orders' is clicked on

2019-06-26 19:32:19 - [TEST_STEP][PASSED] - click(findTestObject("Object Repository/Page_cabi Orders/button_placeOrder")): Object: 'Object Repository/Page_cabi Orders/button_placeOrder' is clicked on

2019-06-26 19:32:22 - [MESSAGE][PASSED] - Object: 'Object Repository/Page_cabi Orders/button_placeOrder' is clicked on

2019-06-26 19:32:22 - [TEST_STEP][PASSED] - delay(2): Delayed 2 second(s)

2019-06-26 19:32:24 - [MESSAGE][PASSED] - Delayed 2 second(s)

2019-06-26 19:32:24 - [TEST_STEP][PASSED] - click(findTestObject("Object Repository/Page_cabi Order Entry/span_orderItems")): Object: 'Object Repository/Page_cabi Order Entry/span_orderItems' is clicked on

2019-06-26 19:32:24 - [MESSAGE][PASSED] - Object: 'Object Repository/Page_cabi Order Entry/span_orderItems' is clicked on

2019-06-26 19:32:24 - [TEST_STEP][PASSED] - delay(2): Delayed 2 second(s)

2019-06-26 19:32:26 - [MESSAGE][PASSED] - Delayed 2 second(s)

2019-06-26 19:32:26 - [TEST_STEP][PASSED] - callTestCase(findTestCase("NewArrival/productVerifyShort"), ["available":BOShow], STOP_ON_FAILURE): Call Test Case 'Test Cases/NewArrival/productVerifyShort' successfully

2019-06-26 19:32:26 - [TEST_CASE][PASSED] - Test Cases/NewArrival/productVerifyShort: Test Cases/NewArrival/productVerifyShort

2019-06-26 19:32:26 - [TEST_STEP][PASSED] - for ([row = 1, row <= findTestData("productData").getRowNumbers(), (row++)]): null

2019-06-26 19:32:26 - [TEST_STEP][PASSED] - delay(2): Delayed 2 second(s)

2019-06-26 19:32:28 - [MESSAGE][PASSED] - Delayed 2 second(s)

2019-06-26 19:32:28 - [TEST_STEP][PASSED] - setText(findTestObject("Object Repository/Page_cabi Create Order/input_Manual Discount_stylelookup_0"), findTestData("productData").getValue("Style", row)): Text '5618' is set on object 'Object Repository/Page_cabi Create Order/input_Manual Discount_stylelookup_0'

2019-06-26 19:32:28 - [MESSAGE][PASSED] - Text '5618' is set on object 'Object Repository/Page_cabi Create Order/input_Manual Discount_stylelookup_0'

2019-06-26 19:32:28 - [TEST_STEP][PASSED] - delay(2): Delayed 2 second(s)

2019-06-26 19:32:30 - [MESSAGE][PASSED] - Delayed 2 second(s)

2019-06-26 19:32:30 - [TEST_STEP][PASSED] - prod_message = getText(findTestObject("Page_cabi Create Order/first_option")): Text of object 'Object Repository/Page_cabi Create Order/first_option' is: 'No matching result found'

2019-06-26 19:32:30 - [MESSAGE][PASSED] - Text of object 'Object Repository/Page_cabi Create Order/first_option' is: 'No matching result found'

2019-06-26 19:32:30 - [TEST_STEP][PASSED] - delay(1): Delayed 1 second(s)

2019-06-26 19:32:31 - [MESSAGE][PASSED] - Delayed 1 second(s)

2019-06-26 19:32:31 - [TEST_STEP][PASSED] - click(findTestObject("Page_cabi Create Order/first_option")): Object: 'Object Repository/Page_cabi Create Order/first_option' is clicked on

2019-06-26 19:32:31 - [MESSAGE][PASSED] - Object: 'Object Repository/Page_cabi Create Order/first_option' is clicked on

2019-06-26 19:32:31 - [TEST_STEP][PASSED] - if (toString().equalsIgnoreCase("no")): null

2019-06-26 19:32:31 - [TEST_STEP][PASSED] - assert prod_message.equalsIgnoreCase("No matching result found"): null

2019-06-26 19:32:31 - [MESSAGE][PASSED] - Call Test Case 'Test Cases/NewArrival/productVerifyShort' successfully

2019-06-26 19:32:31 - [TEST_STEP][PASSED] - callTestCase(findTestCase("NewArrival/productWatchlist"), ["available":BOEblast], STOP_ON_FAILURE): Call Test Case 'Test Cases/NewArrival/productWatchlist' successfully

2019-06-26 19:32:31 - [TEST_CASE][PASSED] - Test Cases/NewArrival/productWatchlist: Test Cases/NewArrival/productWatchlist

2019-06-26 19:32:31 - [TEST_STEP][PASSED] - callTestCase(findTestCase("TestCaseUtilities/backOfficeLogin"), ["BOURL":"", "BOuser":"", "BOpass":""], STOP_ON_FAILURE): Call Test Case 'Test Cases/TestCaseUtilities/backOfficeLogin' successfully

2019-06-26 19:32:31 - [TEST_CASE][PASSED] - Test Cases/TestCaseUtilities/backOfficeLogin: Test Cases/TestCaseUtilities/backOfficeLogin

2019-06-26 19:32:31 - [TEST_STEP][PASSED] - BOURL = findTestData("credData").getValue("BOURL", 1): null

2019-06-26 19:32:31 - [TEST_STEP][PASSED] - BOuser = findTestData("credData").getValue("BOuser", 1): null

2019-06-26 19:32:31 - [TEST_STEP][PASSED] - BOpass = findTestData("credData").getValue("BOpass", 1): null

2019-06-26 19:32:31 - [TEST_STEP][PASSED] - navigateToUrl(BOURL): Navigate to 'https://test14.cliotest.com/backoffice/control/main' successfully

2019-06-26 19:32:36 - [MESSAGE][PASSED] - Navigate to 'https://test14.cliotest.com/backoffice/control/main' successfully

2019-06-26 19:32:36 - [TEST_STEP][PASSED] - logOut = findWebElements(findTestObject("Object Repository/Page_cabi Home/log_out"), 1): null

2019-06-26 19:32:36 - [TEST_STEP][PASSED] - if (logOut.size() == 0): null

2019-06-26 19:32:36 - [TEST_STEP][PASSED] - delay(3): Delayed 3 second(s)

2019-06-26 19:32:39 - [MESSAGE][PASSED] - Delayed 3 second(s)

2019-06-26 19:32:39 - [MESSAGE][PASSED] - Call Test Case 'Test Cases/TestCaseUtilities/backOfficeLogin' successfully

2019-06-26 19:32:39 - [TEST_STEP][PASSED] - click(findTestObject("Object Repository/Page_cabi Home/a_Shows  Orders")): Object: 'Object Repository/Page_cabi Home/a_Shows  Orders' is clicked on

2019-06-26 19:32:39 - [MESSAGE][PASSED] - Object: 'Object Repository/Page_cabi Home/a_Shows  Orders' is clicked on

2019-06-26 19:32:39 - [TEST_STEP][PASSED] - click(findTestObject("Object Repository/Page_cabi Home/a_Product Watch List")): Object: 'Object Repository/Page_cabi Home/a_Product Watch List' is clicked on

2019-06-26 19:32:45 - [MESSAGE][PASSED] - Object: 'Object Repository/Page_cabi Home/a_Product Watch List' is clicked on

2019-06-26 19:32:45 - [TEST_STEP][PASSED] - if (toString().equalsIgnoreCase("no")): null

2019-06-26 19:32:45 - [TEST_STEP][PASSED] - noResultFound = findWebElements(findTestObject("Object Repository/Page_cabi Product Watch list/span_(New Arrivals 2)"), 5): Unable to find the element located by 'By.xpath: //table[@ng-if='products']/thead/tr[@class='table-header-description']/th/span[contains(text(), ' (New Arrivals 2)')]'. Please recheck the objects properties to make sure the desired element is located. 

2019-06-26 19:32:51 - [MESSAGE][INFO] - Unable to find the element located by 'By.xpath: //table[@ng-if='products']/thead/tr[@class='table-header-description']/th/span[contains(text(), ' (New Arrivals 2)')]'. Please recheck the objects properties to make sure the desired element is located. 

2019-06-26 19:32:51 - [TEST_STEP][PASSED] - assert noResultFound.size() == 0: null

2019-06-26 19:32:51 - [MESSAGE][PASSED] - Call Test Case 'Test Cases/NewArrival/productWatchlist' successfully

2019-06-26 19:32:51 - [TEST_STEP][PASSED] - callTestCase(findTestCase("NewArrival/productEblast"), ["available":BOEblast], STOP_ON_FAILURE): Call Test Case 'Test Cases/NewArrival/productEblast' successfully

2019-06-26 19:32:51 - [TEST_CASE][PASSED] - Test Cases/NewArrival/productEblast: Test Cases/NewArrival/productEblast

2019-06-26 19:32:51 - [TEST_STEP][PASSED] - callTestCase(findTestCase("TestCaseUtilities/backOfficeLogin"), ["BOURL":"", "BOuser":"", "BOpass":""], STOP_ON_FAILURE): Call Test Case 'Test Cases/TestCaseUtilities/backOfficeLogin' successfully

2019-06-26 19:32:51 - [TEST_CASE][PASSED] - Test Cases/TestCaseUtilities/backOfficeLogin: Test Cases/TestCaseUtilities/backOfficeLogin

2019-06-26 19:32:51 - [TEST_STEP][PASSED] - BOURL = findTestData("credData").getValue("BOURL", 1): null

2019-06-26 19:32:51 - [TEST_STEP][PASSED] - BOuser = findTestData("credData").getValue("BOuser", 1): null

2019-06-26 19:32:51 - [TEST_STEP][PASSED] - BOpass = findTestData("credData").getValue("BOpass", 1): null

2019-06-26 19:32:51 - [TEST_STEP][PASSED] - navigateToUrl(BOURL): Navigate to 'https://test14.cliotest.com/backoffice/control/main' successfully

2019-06-26 19:32:57 - [MESSAGE][PASSED] - Navigate to 'https://test14.cliotest.com/backoffice/control/main' successfully

2019-06-26 19:32:57 - [TEST_STEP][PASSED] - logOut = findWebElements(findTestObject("Object Repository/Page_cabi Home/log_out"), 1): null

2019-06-26 19:32:57 - [TEST_STEP][PASSED] - if (logOut.size() == 0): null

2019-06-26 19:32:57 - [TEST_STEP][PASSED] - delay(3): Delayed 3 second(s)

2019-06-26 19:33:00 - [MESSAGE][PASSED] - Delayed 3 second(s)

2019-06-26 19:33:00 - [MESSAGE][PASSED] - Call Test Case 'Test Cases/TestCaseUtilities/backOfficeLogin' successfully

2019-06-26 19:33:00 - [TEST_STEP][PASSED] - click(findTestObject("Page_cabi Home/a_Connections")): Object: 'Object Repository/Page_cabi Home/a_Connections' is clicked on

2019-06-26 19:33:01 - [MESSAGE][PASSED] - Object: 'Object Repository/Page_cabi Home/a_Connections' is clicked on

2019-06-26 19:33:01 - [TEST_STEP][PASSED] - click(findTestObject("Page_cabi Home/a_Contact Manager")): Object: 'Object Repository/Page_cabi Home/a_Contact Manager' is clicked on

2019-06-26 19:33:09 - [MESSAGE][PASSED] - Object: 'Object Repository/Page_cabi Home/a_Contact Manager' is clicked on

2019-06-26 19:33:09 - [TEST_STEP][PASSED] - click(findTestObject("Page_cabi/span_SEND eBLAST")): Object: 'Object Repository/Page_cabi/span_SEND eBLAST' is clicked on

2019-06-26 19:33:09 - [MESSAGE][PASSED] - Object: 'Object Repository/Page_cabi/span_SEND eBLAST' is clicked on

2019-06-26 19:33:09 - [TEST_STEP][PASSED] - click(findTestObject("Object Repository/Page_cabi Eblast/a_Stylist Picks")): Object: 'Object Repository/Page_cabi Eblast/a_Stylist Picks' is clicked on

2019-06-26 19:33:23 - [MESSAGE][PASSED] - Object: 'Object Repository/Page_cabi Eblast/a_Stylist Picks' is clicked on

2019-06-26 19:33:23 - [TEST_STEP][PASSED] - click(findTestObject("Object Repository/Page_cabi Eblast/button_ADD PRODUCTS TO EBLAST")): Object: 'Object Repository/Page_cabi Eblast/button_ADD PRODUCTS TO EBLAST' is clicked on

2019-06-26 19:33:23 - [MESSAGE][PASSED] - Object: 'Object Repository/Page_cabi Eblast/button_ADD PRODUCTS TO EBLAST' is clicked on

2019-06-26 19:33:23 - [TEST_STEP][PASSED] - for ([row = 1, row <= findTestData("productData").getRowNumbers(), (row++)]): Actual text and expected text of test object 'Object Repository/Page_cabi Eblast/styleNotFound' are matched.

2019-06-26 19:33:23 - [TEST_STEP][PASSED] - delay(2): Delayed 2 second(s)

2019-06-26 19:33:25 - [MESSAGE][PASSED] - Delayed 2 second(s)

2019-06-26 19:33:25 - [TEST_STEP][PASSED] - setText(findTestObject("Page_cabi Eblast/eBlastStyleSearch"), findTestData("productData").getValue("Style", row)): Text '5618' is set on object 'Object Repository/Page_cabi Eblast/eBlastStyleSearch'

2019-06-26 19:33:25 - [MESSAGE][PASSED] - Text '5618' is set on object 'Object Repository/Page_cabi Eblast/eBlastStyleSearch'

2019-06-26 19:33:25 - [TEST_STEP][PASSED] - delay(4): Delayed 4 second(s)

2019-06-26 19:33:29 - [MESSAGE][PASSED] - Delayed 4 second(s)

2019-06-26 19:33:29 - [TEST_STEP][PASSED] - if (toString().equalsIgnoreCase("no")): Actual text and expected text of test object 'Object Repository/Page_cabi Eblast/styleNotFound' are matched.

2019-06-26 19:33:29 - [TEST_STEP][PASSED] - style_notfound = findWebElements(findTestObject("Page_cabi Eblast/styleNotFound"), 5): null

2019-06-26 19:33:29 - [TEST_STEP][PASSED] - println(style_notfound.size()): null

2019-06-26 19:33:29 - [TEST_STEP][PASSED] - assert style_notfound.size() > 0: null

2019-06-26 19:33:29 - [TEST_STEP][PASSED] - verifyElementText(findTestObject("Page_cabi Eblast/styleNotFound"), "No matching product"): Actual text and expected text of test object 'Object Repository/Page_cabi Eblast/styleNotFound' are matched.

2019-06-26 19:33:30 - [MESSAGE][PASSED] - Actual text and expected text of test object 'Object Repository/Page_cabi Eblast/styleNotFound' are matched.

2019-06-26 19:33:30 - [MESSAGE][PASSED] - Call Test Case 'Test Cases/NewArrival/productEblast' successfully

2019-06-26 19:33:30 - [TEST_STEP][PASSED] - callTestCase(findTestCase("NewArrival/addOnOrderPersonal"), ["addOnStyle":""], STOP_ON_FAILURE): Call Test Case 'Test Cases/NewArrival/addOnOrderPersonal' successfully

2019-06-26 19:33:30 - [TEST_CASE][PASSED] - Test Cases/NewArrival/addOnOrderPersonal: Test Cases/NewArrival/addOnOrderPersonal

2019-06-26 19:33:30 - [TEST_STEP][PASSED] - openBrowser(""): Browser is opened with url: ''

2019-06-26 19:33:30 - [MESSAGE][WARNING] - A browser is already opened. Closing browser and opening a new one

2019-06-26 19:33:30 - [MESSAGE][INFO] - Starting 'Chrome' driver

2019-06-26 19:33:30 - [MESSAGE][INFO] - User set preference: ['args', '[--use-fake-ui-for-media-stream, --start-maximized]']

2019-06-26 19:33:33 - [MESSAGE][PASSED] - Browser is opened with url: ''

2019-06-26 19:33:33 - [TEST_STEP][PASSED] - addOnStyle = findTestData("miscData").getValue("addOnStyle", 1): null

2019-06-26 19:33:33 - [TEST_STEP][PASSED] - callTestCase(findTestCase("TestCaseUtilities/backOfficeLogin"), ["BOURL":"", "BOuser":"", "BOpass":""], STOP_ON_FAILURE): Call Test Case 'Test Cases/TestCaseUtilities/backOfficeLogin' successfully

2019-06-26 19:33:33 - [TEST_CASE][PASSED] - Test Cases/TestCaseUtilities/backOfficeLogin: Test Cases/TestCaseUtilities/backOfficeLogin

2019-06-26 19:33:33 - [TEST_STEP][PASSED] - BOURL = findTestData("credData").getValue("BOURL", 1): null

2019-06-26 19:33:33 - [TEST_STEP][PASSED] - BOuser = findTestData("credData").getValue("BOuser", 1): null

2019-06-26 19:33:33 - [TEST_STEP][PASSED] - BOpass = findTestData("credData").getValue("BOpass", 1): null

2019-06-26 19:33:33 - [TEST_STEP][PASSED] - navigateToUrl(BOURL): Navigate to 'https://test14.cliotest.com/backoffice/control/main' successfully

2019-06-26 19:33:44 - [MESSAGE][PASSED] - Navigate to 'https://test14.cliotest.com/backoffice/control/main' successfully

2019-06-26 19:33:44 - [TEST_STEP][PASSED] - logOut = findWebElements(findTestObject("Object Repository/Page_cabi Home/log_out"), 1): Unable to find the element located by 'By.xpath: //a[contains(text(),'Log Out')]'. Please recheck the objects properties to make sure the desired element is located. 

2019-06-26 19:33:45 - [MESSAGE][INFO] - Unable to find the element located by 'By.xpath: //a[contains(text(),'Log Out')]'. Please recheck the objects properties to make sure the desired element is located. 

2019-06-26 19:33:45 - [TEST_STEP][PASSED] - if (logOut.size() == 0): Object: 'Object Repository/Page_cabi/input_Welcome to_consultantLogin' is clicked on

2019-06-26 19:33:45 - [TEST_STEP][PASSED] - setText(findTestObject("Page_cabi/input_Welcome to_USERNAME"), BOuser): Text '400000002' is set on object 'Object Repository/Page_cabi/input_Welcome to_USERNAME'

2019-06-26 19:33:46 - [MESSAGE][PASSED] - Text '400000002' is set on object 'Object Repository/Page_cabi/input_Welcome to_USERNAME'

2019-06-26 19:33:46 - [TEST_STEP][PASSED] - setText(findTestObject("Object Repository/Page_cabi/input_Welcome to_PASSWORD"), BOpass): Text 'blackdress19' is set on object 'Object Repository/Page_cabi/input_Welcome to_PASSWORD'

2019-06-26 19:33:46 - [MESSAGE][PASSED] - Text 'blackdress19' is set on object 'Object Repository/Page_cabi/input_Welcome to_PASSWORD'

2019-06-26 19:33:46 - [TEST_STEP][PASSED] - click(findTestObject("Object Repository/Page_cabi/input_Welcome to_consultantLogin")): Object: 'Object Repository/Page_cabi/input_Welcome to_consultantLogin' is clicked on

2019-06-26 19:33:56 - [MESSAGE][PASSED] - Object: 'Object Repository/Page_cabi/input_Welcome to_consultantLogin' is clicked on

2019-06-26 19:33:56 - [TEST_STEP][PASSED] - delay(3): Delayed 3 second(s)

2019-06-26 19:33:59 - [MESSAGE][PASSED] - Delayed 3 second(s)

2019-06-26 19:33:59 - [MESSAGE][PASSED] - Call Test Case 'Test Cases/TestCaseUtilities/backOfficeLogin' successfully

2019-06-26 19:33:59 - [TEST_STEP][PASSED] - click(findTestObject("Page_cabi Home/a_Shows  Orders")): Object: 'Object Repository/Page_cabi Home/a_Shows  Orders' is clicked on

2019-06-26 19:33:59 - [MESSAGE][PASSED] - Object: 'Object Repository/Page_cabi Home/a_Shows  Orders' is clicked on

2019-06-26 19:33:59 - [TEST_STEP][PASSED] - delay(1): Delayed 1 second(s)

2019-06-26 19:34:00 - [MESSAGE][PASSED] - Delayed 1 second(s)

2019-06-26 19:34:00 - [TEST_STEP][PASSED] - click(findTestObject("Page_cabi Home/a_personal_purchases")): Object: 'Object Repository/Page_cabi Home/a_personal_purchases' is clicked on

2019-06-26 19:34:02 - [MESSAGE][PASSED] - Object: 'Object Repository/Page_cabi Home/a_personal_purchases' is clicked on

2019-06-26 19:34:02 - [TEST_STEP][PASSED] - click(findTestObject("Page_cabi Personal Store/span_Continue to Order")): Object: 'Object Repository/Page_cabi Personal Store/span_Continue to Order' is clicked on

2019-06-26 19:34:03 - [MESSAGE][PASSED] - Object: 'Object Repository/Page_cabi Personal Store/span_Continue to Order' is clicked on

2019-06-26 19:34:03 - [TEST_STEP][PASSED] - delay(5): Delayed 5 second(s)

2019-06-26 19:34:08 - [MESSAGE][PASSED] - Delayed 5 second(s)

2019-06-26 19:34:08 - [TEST_STEP][PASSED] - emptyCart = findWebElements(findTestObject("Object Repository/Page_cabi Personal Store/removeFromCart"), 5): Unable to find the element located by 'By.xpath: //*[@id="removeFromCart_0"]/span'. Please recheck the objects properties to make sure the desired element is located. 

2019-06-26 19:34:13 - [MESSAGE][INFO] - Unable to find the element located by 'By.xpath: //*[@id="removeFromCart_0"]/span'. Please recheck the objects properties to make sure the desired element is located. 

2019-06-26 19:34:13 - [TEST_STEP][PASSED] - while (emptyCart.size() > 0): null

2019-06-26 19:34:13 - [TEST_STEP][PASSED] - click(findTestObject("Object Repository/Page_cabi Create Order/input_Manual Discount_stylelookup_0")): Object: 'Object Repository/Page_cabi Create Order/input_Manual Discount_stylelookup_0' is clicked on

2019-06-26 19:34:13 - [MESSAGE][PASSED] - Object: 'Object Repository/Page_cabi Create Order/input_Manual Discount_stylelookup_0' is clicked on

2019-06-26 19:34:13 - [TEST_STEP][PASSED] - setText(findTestObject("Object Repository/Page_cabi Create Order/input_Manual Discount_stylelookup_0"), addOnStyle): Text '5447' is set on object 'Object Repository/Page_cabi Create Order/input_Manual Discount_stylelookup_0'

2019-06-26 19:34:13 - [MESSAGE][PASSED] - Text '5447' is set on object 'Object Repository/Page_cabi Create Order/input_Manual Discount_stylelookup_0'

2019-06-26 19:34:13 - [TEST_STEP][PASSED] - delay(3): Delayed 3 second(s)

2019-06-26 19:34:16 - [MESSAGE][PASSED] - Delayed 3 second(s)

2019-06-26 19:34:16 - [TEST_STEP][PASSED] - prod_message = getText(findTestObject("Page_cabi Create Order/first_option")): Text of object 'Object Repository/Page_cabi Create Order/first_option' is: '5447 Bishop Cardigan'

2019-06-26 19:34:16 - [MESSAGE][PASSED] - Text of object 'Object Repository/Page_cabi Create Order/first_option' is: '5447 Bishop Cardigan'

2019-06-26 19:34:16 - [TEST_STEP][PASSED] - click(findTestObject("Page_cabi Create Order/first_option")): Object: 'Object Repository/Page_cabi Create Order/first_option' is clicked on

2019-06-26 19:34:16 - [MESSAGE][PASSED] - Object: 'Object Repository/Page_cabi Create Order/first_option' is clicked on

2019-06-26 19:34:16 - [TEST_STEP][PASSED] - delay(5): Delayed 5 second(s)

2019-06-26 19:34:21 - [MESSAGE][PASSED] - Delayed 5 second(s)

2019-06-26 19:34:21 - [TEST_STEP][PASSED] - click(findTestObject("Object Repository/Page_cabi Order Items/selectSize")): Object: 'Object Repository/Page_cabi Order Items/selectSize' is clicked on

2019-06-26 19:34:21 - [MESSAGE][PASSED] - Object: 'Object Repository/Page_cabi Order Items/selectSize' is clicked on

2019-06-26 19:34:21 - [TEST_STEP][PASSED] - click(findTestObject("Object Repository/Page_cabi Order Items/span_Add to Cart")): Object: 'Object Repository/Page_cabi Order Items/span_Add to Cart' is clicked on

2019-06-26 19:34:21 - [MESSAGE][PASSED] - Object: 'Object Repository/Page_cabi Order Items/span_Add to Cart' is clicked on

2019-06-26 19:34:21 - [TEST_STEP][PASSED] - delay(3): Delayed 3 second(s)

2019-06-26 19:34:24 - [MESSAGE][PASSED] - Delayed 3 second(s)

2019-06-26 19:34:24 - [TEST_STEP][PASSED] - click(findTestObject("Object Repository/Page_cabi Order Items/span_Continue to Shipping")): Object: 'Object Repository/Page_cabi Order Items/span_Continue to Shipping' is clicked on

2019-06-26 19:34:25 - [MESSAGE][PASSED] - Object: 'Object Repository/Page_cabi Order Items/span_Continue to Shipping' is clicked on

2019-06-26 19:34:25 - [TEST_STEP][PASSED] - click(findTestObject("Page_cabi Personal Store/nextButtonShipping")): Object: 'Object Repository/Page_cabi Personal Store/nextButtonShipping' is clicked on

2019-06-26 19:34:26 - [MESSAGE][PASSED] - Object: 'Object Repository/Page_cabi Personal Store/nextButtonShipping' is clicked on

2019-06-26 19:34:26 - [TEST_STEP][PASSED] - delay(3): Delayed 3 second(s)

2019-06-26 19:34:29 - [MESSAGE][PASSED] - Delayed 3 second(s)

2019-06-26 19:34:29 - [TEST_STEP][PASSED] - click(findTestObject("Page_cabi Personal Store/makeFirstPayment")): Object: 'Object Repository/Page_cabi Personal Store/makeFirstPayment' is clicked on

2019-06-26 19:34:29 - [MESSAGE][PASSED] - Object: 'Object Repository/Page_cabi Personal Store/makeFirstPayment' is clicked on

2019-06-26 19:34:29 - [TEST_STEP][PASSED] - click(findTestObject("Page_cabi Personal Store/submitPayment")): Object: 'Object Repository/Page_cabi Personal Store/submitPayment' is clicked on

2019-06-26 19:34:29 - [MESSAGE][PASSED] - Object: 'Object Repository/Page_cabi Personal Store/submitPayment' is clicked on

2019-06-26 19:34:29 - [TEST_STEP][PASSED] - click(findTestObject("Page_cabi Personal Store/submitOrderId")): Object: 'Object Repository/Page_cabi Personal Store/submitOrderId' is clicked on

2019-06-26 19:34:32 - [MESSAGE][PASSED] - Object: 'Object Repository/Page_cabi Personal Store/submitOrderId' is clicked on

2019-06-26 19:34:32 - [TEST_STEP][PASSED] - successMsg = "": null

2019-06-26 19:34:32 - [TEST_STEP][PASSED] - orderSuccess = false: null

2019-06-26 19:34:32 - [TEST_STEP][PASSED] - successMsgs = findWebElements(findTestObject("Object Repository/Page_cabi Personal Store/p_success_msg"), 5): null

2019-06-26 19:34:33 - [TEST_STEP][PASSED] - if (successMsgs.size() > 0): Text of object 'Object Repository/Page_cabi Personal Store/p_order_id' is: 'PR708033009'

2019-06-26 19:34:33 - [TEST_STEP][PASSED] - successMsg = getText(findTestObject("Object Repository/Page_cabi Personal Store/p_success_msg")): Text of object 'Object Repository/Page_cabi Personal Store/p_success_msg' is: 'Order Created Successfully!!
Order #:  PR708033009

CONTINUE SHOPPING'

2019-06-26 19:34:33 - [MESSAGE][PASSED] - Text of object 'Object Repository/Page_cabi Personal Store/p_success_msg' is: 'Order Created Successfully!!
Order #:  PR708033009

CONTINUE SHOPPING'

2019-06-26 19:34:33 - [TEST_STEP][PASSED] - orderSuccess = true: null

2019-06-26 19:34:33 - [TEST_STEP][PASSED] - addOnOrderId = getText(findTestObject("Object Repository/Page_cabi Personal Store/p_order_id")): Text of object 'Object Repository/Page_cabi Personal Store/p_order_id' is: 'PR708033009'

2019-06-26 19:34:33 - [MESSAGE][PASSED] - Text of object 'Object Repository/Page_cabi Personal Store/p_order_id' is: 'PR708033009'

2019-06-26 19:34:33 - [TEST_STEP][PASSED] - assert orderSuccess == true: null

2019-06-26 19:34:33 - [TEST_STEP][PASSED] - callTestCase(findTestCase("NewArrival/warehouseShipping"), ["orderId":addOnOrderId], STOP_ON_FAILURE): Call Test Case 'Test Cases/NewArrival/warehouseShipping' successfully

2019-06-26 19:34:33 - [TEST_CASE][PASSED] - Test Cases/NewArrival/warehouseShipping: Test Cases/NewArrival/warehouseShipping

2019-06-26 19:34:33 - [TEST_STEP][PASSED] - callTestCase(findTestCase("TestCaseUtilities/cabiWarehouseLogin"), ["CWURL":"", "CWuser":"", "CWpass":""], STOP_ON_FAILURE): Call Test Case 'Test Cases/TestCaseUtilities/cabiWarehouseLogin' successfully

2019-06-26 19:34:33 - [TEST_CASE][PASSED] - Test Cases/TestCaseUtilities/cabiWarehouseLogin: Test Cases/TestCaseUtilities/cabiWarehouseLogin

2019-06-26 19:34:33 - [TEST_STEP][PASSED] - CWURL = findTestData("credData").getValue("CWURL", 1): null

2019-06-26 19:34:33 - [TEST_STEP][PASSED] - CWuser = findTestData("credData").getValue("CWuser", 1): null

2019-06-26 19:34:33 - [TEST_STEP][PASSED] - CWpass = findTestData("credData").getValue("CWpass", 1): null

2019-06-26 19:34:33 - [TEST_STEP][PASSED] - openBrowser(""): Browser is opened with url: ''

2019-06-26 19:34:33 - [MESSAGE][WARNING] - A browser is already opened. Closing browser and opening a new one

2019-06-26 19:34:34 - [MESSAGE][INFO] - Starting 'Chrome' driver

2019-06-26 19:34:34 - [MESSAGE][INFO] - User set preference: ['args', '[--use-fake-ui-for-media-stream, --start-maximized]']

2019-06-26 19:34:36 - [MESSAGE][PASSED] - Browser is opened with url: ''

2019-06-26 19:34:36 - [TEST_STEP][PASSED] - navigateToUrl(CWURL): Navigate to 'https://test14.cliotest.com/warehouse/control/main' successfully

2019-06-26 19:34:49 - [MESSAGE][PASSED] - Navigate to 'https://test14.cliotest.com/warehouse/control/main' successfully

2019-06-26 19:34:49 - [TEST_STEP][PASSED] - logOut = findWebElements(findTestObject("Object Repository/Cabi warehouse/Page_cabi_home/log_out"), 1): Unable to find the element located by 'By.xpath: //li/a[contains(text(), 'Log Out »')]'. Please recheck the objects properties to make sure the desired element is located. 

2019-06-26 19:34:50 - [MESSAGE][INFO] - Unable to find the element located by 'By.xpath: //li/a[contains(text(), 'Log Out »')]'. Please recheck the objects properties to make sure the desired element is located. 

2019-06-26 19:34:50 - [TEST_STEP][PASSED] - if (logOut.size() == 0): Object: 'Object Repository/Cabi warehouse/Page_cabi/input_Password_section-btn btn-stl-pk rFloat' is clicked on

2019-06-26 19:34:50 - [TEST_STEP][PASSED] - setText(findTestObject("Object Repository/Cabi warehouse/Page_cabi/input_Username_USERNAME"), CWuser): Text 'rsuarez' is set on object 'Object Repository/Cabi warehouse/Page_cabi/input_Username_USERNAME'

2019-06-26 19:34:50 - [MESSAGE][PASSED] - Text 'rsuarez' is set on object 'Object Repository/Cabi warehouse/Page_cabi/input_Username_USERNAME'

2019-06-26 19:34:50 - [TEST_STEP][PASSED] - setText(findTestObject("Object Repository/Cabi warehouse/Page_cabi/input_Password_PASSWORD"), CWpass): Text 'blackdress19' is set on object 'Object Repository/Cabi warehouse/Page_cabi/input_Password_PASSWORD'

2019-06-26 19:34:50 - [MESSAGE][PASSED] - Text 'blackdress19' is set on object 'Object Repository/Cabi warehouse/Page_cabi/input_Password_PASSWORD'

2019-06-26 19:34:50 - [TEST_STEP][PASSED] - click(findTestObject("Object Repository/Cabi warehouse/Page_cabi/input_Password_section-btn btn-stl-pk rFloat")): Object: 'Object Repository/Cabi warehouse/Page_cabi/input_Password_section-btn btn-stl-pk rFloat' is clicked on

2019-06-26 19:34:53 - [MESSAGE][PASSED] - Object: 'Object Repository/Cabi warehouse/Page_cabi/input_Password_section-btn btn-stl-pk rFloat' is clicked on

2019-06-26 19:34:53 - [TEST_STEP][PASSED] - delay(3): Delayed 3 second(s)

2019-06-26 19:34:56 - [MESSAGE][PASSED] - Delayed 3 second(s)

2019-06-26 19:34:56 - [MESSAGE][PASSED] - Call Test Case 'Test Cases/TestCaseUtilities/cabiWarehouseLogin' successfully

2019-06-26 19:34:56 - [TEST_STEP][PASSED] - click(findTestObject("Page_cabi Manage PickLists/a_Create PickLists")): Object: 'Object Repository/Page_cabi Manage PickLists/a_Create PickLists' is clicked on

2019-06-26 19:34:57 - [MESSAGE][PASSED] - Object: 'Object Repository/Page_cabi Manage PickLists/a_Create PickLists' is clicked on

2019-06-26 19:34:57 - [TEST_STEP][PASSED] - click(findTestObject("Object Repository/findOrders/Page_cabi Find Orders/Page_cabi SampleLine Shipment Screen/a_Single Order")): Object: 'Object Repository/findOrders/Page_cabi Find Orders/Page_cabi SampleLine Shipment Screen/a_Single Order' is clicked on

2019-06-26 19:34:58 - [MESSAGE][PASSED] - Object: 'Object Repository/findOrders/Page_cabi Find Orders/Page_cabi SampleLine Shipment Screen/a_Single Order' is clicked on

2019-06-26 19:34:58 - [TEST_STEP][PASSED] - setText(findTestObject("Page_cabi Create Single Order PickList/input_Order Id_orderId"), orderId): Text 'PR708033009' is set on object 'Object Repository/Page_cabi Create Single Order PickList/input_Order Id_orderId'

2019-06-26 19:34:58 - [MESSAGE][PASSED] - Text 'PR708033009' is set on object 'Object Repository/Page_cabi Create Single Order PickList/input_Order Id_orderId'

2019-06-26 19:34:58 - [TEST_STEP][PASSED] - click(findTestObject("Page_cabi Create Single Order PickList/input_Create even if fully backordered_submitButton")): Object: 'Object Repository/Page_cabi Create Single Order PickList/input_Create even if fully backordered_submitButton' is clicked on

2019-06-26 19:34:59 - [MESSAGE][PASSED] - Object: 'Object Repository/Page_cabi Create Single Order PickList/input_Create even if fully backordered_submitButton' is clicked on

2019-06-26 19:34:59 - [TEST_STEP][PASSED] - pickListCreated = findWebElements(findTestObject("Cabi warehouse/picklistCreatedMessage"), 5): null

2019-06-26 19:34:59 - [TEST_STEP][PASSED] - if (pickListCreated.size() == 0): null

2019-06-26 19:34:59 - [TEST_STEP][PASSED] - picklistCreatedMessage = UtilityMethods.concat("Picklist for order: [", orderId, "] has been created successfully."): null

2019-06-26 19:34:59 - [TEST_STEP][PASSED] - verifyElementText(findTestObject("Cabi warehouse/picklistCreatedMessage"), picklistCreatedMessage): Actual text and expected text of test object 'Object Repository/Cabi warehouse/picklistCreatedMessage' are matched.

2019-06-26 19:34:59 - [MESSAGE][PASSED] - Actual text and expected text of test object 'Object Repository/Cabi warehouse/picklistCreatedMessage' are matched.

2019-06-26 19:34:59 - [TEST_STEP][PASSED] - click(findTestObject("Page_cabi Create Single Order PickList/a_Manage PickLists")): Object: 'Object Repository/Page_cabi Create Single Order PickList/a_Manage PickLists' is clicked on

2019-06-26 19:35:00 - [MESSAGE][PASSED] - Object: 'Object Repository/Page_cabi Create Single Order PickList/a_Manage PickLists' is clicked on

2019-06-26 19:35:00 - [TEST_STEP][PASSED] - setText(findTestObject("Page_cabi Manage PickLists/input_Order _orderId"), orderId): Text 'PR708033009' is set on object 'Object Repository/Page_cabi Manage PickLists/input_Order _orderId'

2019-06-26 19:35:00 - [MESSAGE][PASSED] - Text 'PR708033009' is set on object 'Object Repository/Page_cabi Manage PickLists/input_Order _orderId'

2019-06-26 19:35:00 - [TEST_STEP][PASSED] - click(findTestObject("Page_cabi Manage PickLists/input")): Object: 'Object Repository/Page_cabi Manage PickLists/input' is clicked on

2019-06-26 19:35:01 - [MESSAGE][PASSED] - Object: 'Object Repository/Page_cabi Manage PickLists/input' is clicked on

2019-06-26 19:35:01 - [TEST_STEP][PASSED] - delay(3): Delayed 3 second(s)

2019-06-26 19:35:04 - [MESSAGE][PASSED] - Delayed 3 second(s)

2019-06-26 19:35:04 - [TEST_STEP][PASSED] - click(findTestObject("Page_cabi Manage PickLists/td_104238610")): Object: 'Object Repository/Page_cabi Manage PickLists/td_104238610' is clicked on

2019-06-26 19:35:04 - [MESSAGE][PASSED] - Object: 'Object Repository/Page_cabi Manage PickLists/td_104238610' is clicked on

2019-06-26 19:35:04 - [TEST_STEP][PASSED] - picklistId = getText(findTestObject("Page_cabi Manage PickLists/td_104238610")): Text of object 'Object Repository/Page_cabi Manage PickLists/td_104238610' is: '104300519'

2019-06-26 19:35:05 - [MESSAGE][PASSED] - Text of object 'Object Repository/Page_cabi Manage PickLists/td_104238610' is: '104300519'

2019-06-26 19:35:05 - [TEST_STEP][PASSED] - click(findTestObject("Page_cabi Manage PickLists/a_Packing")): Object: 'Object Repository/Page_cabi Manage PickLists/a_Packing' is clicked on

2019-06-26 19:35:05 - [MESSAGE][PASSED] - Object: 'Object Repository/Page_cabi Manage PickLists/a_Packing' is clicked on

2019-06-26 19:35:05 - [TEST_STEP][PASSED] - setText(findTestObject("Page_cabi Pack Init/input_Pack Station_packStationId"), "30"): Text '30' is set on object 'Object Repository/Page_cabi Pack Init/input_Pack Station_packStationId'

2019-06-26 19:35:05 - [MESSAGE][PASSED] - Text '30' is set on object 'Object Repository/Page_cabi Pack Init/input_Pack Station_packStationId'

2019-06-26 19:35:05 - [TEST_STEP][PASSED] - click(findTestObject("Page_cabi Pack Init/input_Pack Station_submitButton")): Object: 'Object Repository/Page_cabi Pack Init/input_Pack Station_submitButton' is clicked on

2019-06-26 19:35:06 - [MESSAGE][PASSED] - Object: 'Object Repository/Page_cabi Pack Init/input_Pack Station_submitButton' is clicked on

2019-06-26 19:35:06 - [TEST_STEP][PASSED] - setText(findTestObject("Page_cabi Pack Init/input_Picklist ID_pickId"), picklistId): Text '104300519' is set on object 'Object Repository/Page_cabi Pack Init/input_Picklist ID_pickId'

2019-06-26 19:35:06 - [MESSAGE][PASSED] - Text '104300519' is set on object 'Object Repository/Page_cabi Pack Init/input_Picklist ID_pickId'

2019-06-26 19:35:06 - [TEST_STEP][PASSED] - click(findTestObject("Page_cabi Pack Init/input_Picklist ID_submitButton")): Object: 'Object Repository/Page_cabi Pack Init/input_Picklist ID_submitButton' is clicked on

2019-06-26 19:35:08 - [MESSAGE][PASSED] - Object: 'Object Repository/Page_cabi Pack Init/input_Picklist ID_submitButton' is clicked on

2019-06-26 19:35:08 - [TEST_STEP][PASSED] - click(findTestObject("Page_cabi General Pack/input_Cream Of Wheat_button addItemForVerification")): Object: 'Object Repository/Page_cabi General Pack/input_Cream Of Wheat_button addItemForVerification' is clicked on

2019-06-26 19:35:08 - [MESSAGE][PASSED] - Object: 'Object Repository/Page_cabi General Pack/input_Cream Of Wheat_button addItemForVerification' is clicked on

2019-06-26 19:35:08 - [TEST_STEP][PASSED] - click(findTestObject("Page_cabi General Pack/input_Pack Station  30_shipConfirmBtn")): Object: 'Object Repository/Page_cabi General Pack/input_Pack Station  30_shipConfirmBtn' is clicked on

2019-06-26 19:35:11 - [MESSAGE][PASSED] - Object: 'Object Repository/Page_cabi General Pack/input_Pack Station  30_shipConfirmBtn' is clicked on

2019-06-26 19:35:11 - [TEST_STEP][PASSED] - delay(3): Delayed 3 second(s)

2019-06-26 19:35:14 - [MESSAGE][PASSED] - Delayed 3 second(s)

2019-06-26 19:35:14 - [TEST_STEP][PASSED] - itemsNotpacked = findWebElements(findTestObject("Cabi warehouse/itemsNotPacked"), 5): Unable to find the element located by 'By.xpath: //*[@id="content-messages"]/p[1]'. Please recheck the objects properties to make sure the desired element is located. 

2019-06-26 19:35:19 - [MESSAGE][INFO] - Unable to find the element located by 'By.xpath: //*[@id="content-messages"]/p[1]'. Please recheck the objects properties to make sure the desired element is located. 

2019-06-26 19:35:19 - [TEST_STEP][PASSED] - if (itemsNotpacked.size() > 0): null

2019-06-26 19:35:19 - [TEST_STEP][PASSED] - click(findTestObject("Cabi warehouse/warehouseLogout")): Object: 'Object Repository/Cabi warehouse/warehouseLogout' is clicked on

2019-06-26 19:35:22 - [MESSAGE][PASSED] - Object: 'Object Repository/Cabi warehouse/warehouseLogout' is clicked on

2019-06-26 19:35:22 - [MESSAGE][PASSED] - Call Test Case 'Test Cases/NewArrival/warehouseShipping' successfully

2019-06-26 19:35:22 - [TEST_STEP][PASSED] - callTestCase(findTestCase("TestCaseUtilities/backOfficeLogin"), ["BOURL":"", "BOuser":"", "BOpass":""], STOP_ON_FAILURE): Call Test Case 'Test Cases/TestCaseUtilities/backOfficeLogin' successfully

2019-06-26 19:35:22 - [TEST_CASE][PASSED] - Test Cases/TestCaseUtilities/backOfficeLogin: Test Cases/TestCaseUtilities/backOfficeLogin

2019-06-26 19:35:22 - [TEST_STEP][PASSED] - BOURL = findTestData("credData").getValue("BOURL", 1): null

2019-06-26 19:35:22 - [TEST_STEP][PASSED] - BOuser = findTestData("credData").getValue("BOuser", 1): null

2019-06-26 19:35:22 - [TEST_STEP][PASSED] - BOpass = findTestData("credData").getValue("BOpass", 1): null

2019-06-26 19:35:22 - [TEST_STEP][PASSED] - navigateToUrl(BOURL): Navigate to 'https://test14.cliotest.com/backoffice/control/main' successfully

2019-06-26 19:35:29 - [MESSAGE][PASSED] - Navigate to 'https://test14.cliotest.com/backoffice/control/main' successfully

2019-06-26 19:35:29 - [TEST_STEP][PASSED] - logOut = findWebElements(findTestObject("Object Repository/Page_cabi Home/log_out"), 1): Unable to find the element located by 'By.xpath: //a[contains(text(),'Log Out')]'. Please recheck the objects properties to make sure the desired element is located. 

2019-06-26 19:35:30 - [MESSAGE][INFO] - Unable to find the element located by 'By.xpath: //a[contains(text(),'Log Out')]'. Please recheck the objects properties to make sure the desired element is located. 

2019-06-26 19:35:30 - [TEST_STEP][PASSED] - if (logOut.size() == 0): Object: 'Object Repository/Page_cabi/input_Welcome to_consultantLogin' is clicked on

2019-06-26 19:35:30 - [TEST_STEP][PASSED] - setText(findTestObject("Page_cabi/input_Welcome to_USERNAME"), BOuser): Text '400000002' is set on object 'Object Repository/Page_cabi/input_Welcome to_USERNAME'

2019-06-26 19:35:31 - [MESSAGE][PASSED] - Text '400000002' is set on object 'Object Repository/Page_cabi/input_Welcome to_USERNAME'

2019-06-26 19:35:31 - [TEST_STEP][PASSED] - setText(findTestObject("Object Repository/Page_cabi/input_Welcome to_PASSWORD"), BOpass): Text 'blackdress19' is set on object 'Object Repository/Page_cabi/input_Welcome to_PASSWORD'

2019-06-26 19:35:31 - [MESSAGE][PASSED] - Text 'blackdress19' is set on object 'Object Repository/Page_cabi/input_Welcome to_PASSWORD'

2019-06-26 19:35:31 - [TEST_STEP][PASSED] - click(findTestObject("Object Repository/Page_cabi/input_Welcome to_consultantLogin")): Object: 'Object Repository/Page_cabi/input_Welcome to_consultantLogin' is clicked on

2019-06-26 19:35:43 - [MESSAGE][PASSED] - Object: 'Object Repository/Page_cabi/input_Welcome to_consultantLogin' is clicked on

2019-06-26 19:35:43 - [TEST_STEP][PASSED] - delay(3): Delayed 3 second(s)

2019-06-26 19:35:46 - [MESSAGE][PASSED] - Delayed 3 second(s)

2019-06-26 19:35:46 - [MESSAGE][PASSED] - Call Test Case 'Test Cases/TestCaseUtilities/backOfficeLogin' successfully

2019-06-26 19:35:46 - [TEST_STEP][PASSED] - click(findTestObject("Object Repository/findOrders/Page_cabi Find Orders/Page_cabi Home/a_Shows  Orders")): Object: 'Object Repository/findOrders/Page_cabi Find Orders/Page_cabi Home/a_Shows  Orders' is clicked on

2019-06-26 19:35:46 - [MESSAGE][PASSED] - Object: 'Object Repository/findOrders/Page_cabi Find Orders/Page_cabi Home/a_Shows  Orders' is clicked on

2019-06-26 19:35:46 - [TEST_STEP][PASSED] - click(findTestObject("Object Repository/findOrders/Page_cabi Find Orders/Page_cabi Home/a_Orders")): Object: 'Object Repository/findOrders/Page_cabi Find Orders/Page_cabi Home/a_Orders' is clicked on

2019-06-26 19:35:48 - [MESSAGE][PASSED] - Object: 'Object Repository/findOrders/Page_cabi Find Orders/Page_cabi Home/a_Orders' is clicked on

2019-06-26 19:35:48 - [TEST_STEP][PASSED] - click(findTestObject("Object Repository/findOrders/Page_cabi Find Orders/Page_cabi Find Orders/b")): Object: 'Object Repository/findOrders/Page_cabi Find Orders/Page_cabi Find Orders/b' is clicked on

2019-06-26 19:35:48 - [MESSAGE][PASSED] - Object: 'Object Repository/findOrders/Page_cabi Find Orders/Page_cabi Find Orders/b' is clicked on

2019-06-26 19:35:48 - [TEST_STEP][PASSED] - delay(3): Delayed 3 second(s)

2019-06-26 19:35:51 - [MESSAGE][PASSED] - Delayed 3 second(s)

2019-06-26 19:35:51 - [TEST_STEP][PASSED] - click(findTestObject("findOrders/Page_cabi Find Orders/orderNo")): Object: 'Object Repository/findOrders/Page_cabi Find Orders/orderNo' is clicked on

2019-06-26 19:35:51 - [MESSAGE][PASSED] - Object: 'Object Repository/findOrders/Page_cabi Find Orders/orderNo' is clicked on

2019-06-26 19:35:51 - [TEST_STEP][PASSED] - delay(3): Delayed 3 second(s)

2019-06-26 19:35:54 - [MESSAGE][PASSED] - Delayed 3 second(s)

2019-06-26 19:35:54 - [TEST_STEP][PASSED] - click(findTestObject("Object Repository/findOrders/Page_cabi Find Orders/Page_cabi Find Orders/pendingShipment")): Object: 'Object Repository/findOrders/Page_cabi Find Orders/Page_cabi Find Orders/pendingShipment' is clicked on

2019-06-26 19:35:54 - [MESSAGE][PASSED] - Object: 'Object Repository/findOrders/Page_cabi Find Orders/Page_cabi Find Orders/pendingShipment' is clicked on

2019-06-26 19:35:54 - [TEST_STEP][PASSED] - click(findTestObject("Object Repository/findOrders/Page_cabi Find Orders/Page_cabi Find Orders/inputShipped")): Object: 'Object Repository/findOrders/Page_cabi Find Orders/Page_cabi Find Orders/inputShipped' is clicked on

2019-06-26 19:35:55 - [MESSAGE][PASSED] - Object: 'Object Repository/findOrders/Page_cabi Find Orders/Page_cabi Find Orders/inputShipped' is clicked on

2019-06-26 19:35:55 - [TEST_STEP][PASSED] - setText(findTestObject("Object Repository/findOrders/Page_cabi Find Orders/Page_cabi Find Orders/inputOrderId"), addOnOrderId): Text 'PR708033009' is set on object 'Object Repository/findOrders/Page_cabi Find Orders/Page_cabi Find Orders/inputOrderId'

2019-06-26 19:35:55 - [MESSAGE][PASSED] - Text 'PR708033009' is set on object 'Object Repository/findOrders/Page_cabi Find Orders/Page_cabi Find Orders/inputOrderId'

2019-06-26 19:35:55 - [TEST_STEP][PASSED] - click(findTestObject("Object Repository/findOrders/Page_cabi Find Orders/Page_cabi Find Orders/findOrders")): Object: 'Object Repository/findOrders/Page_cabi Find Orders/Page_cabi Find Orders/findOrders' is clicked on

2019-06-26 19:35:55 - [MESSAGE][PASSED] - Object: 'Object Repository/findOrders/Page_cabi Find Orders/Page_cabi Find Orders/findOrders' is clicked on

2019-06-26 19:35:55 - [TEST_STEP][PASSED] - click(findTestObject("findOrders/Page_cabi Find Orders/orderView")): Object: 'Object Repository/findOrders/Page_cabi Find Orders/orderView' is clicked on

2019-06-26 19:36:00 - [MESSAGE][PASSED] - Object: 'Object Repository/findOrders/Page_cabi Find Orders/orderView' is clicked on

2019-06-26 19:36:00 - [TEST_STEP][PASSED] - delay(3): Delayed 3 second(s)

2019-06-26 19:36:03 - [MESSAGE][PASSED] - Delayed 3 second(s)

2019-06-26 19:36:03 - [TEST_STEP][PASSED] - refresh(): Refresh successfully

2019-06-26 19:36:03 - [MESSAGE][PASSED] - Refresh successfully

2019-06-26 19:36:03 - [TEST_STEP][PASSED] - delay(3): Delayed 3 second(s)

2019-06-26 19:36:06 - [MESSAGE][PASSED] - Delayed 3 second(s)

2019-06-26 19:36:06 - [TEST_STEP][PASSED] - refresh(): Refresh successfully

2019-06-26 19:36:06 - [MESSAGE][PASSED] - Refresh successfully

2019-06-26 19:36:06 - [TEST_STEP][PASSED] - delay(10): Delayed 10 second(s)

2019-06-26 19:36:16 - [MESSAGE][PASSED] - Delayed 10 second(s)

2019-06-26 19:36:16 - [TEST_STEP][PASSED] - refresh(): Refresh successfully

2019-06-26 19:36:16 - [MESSAGE][PASSED] - Refresh successfully

2019-06-26 19:36:16 - [TEST_STEP][PASSED] - delay(3): Delayed 3 second(s)

2019-06-26 19:36:19 - [MESSAGE][PASSED] - Delayed 3 second(s)

2019-06-26 19:36:19 - [TEST_STEP][PASSED] - click(findTestObject("Object Repository/findOrders/Page_cabi Find Orders/Page_cabi Order View/a_(Return Order)")): Object: 'Object Repository/findOrders/Page_cabi Find Orders/Page_cabi Order View/a_(Return Order)' is clicked on

2019-06-26 19:36:22 - [MESSAGE][PASSED] - Object: 'Object Repository/findOrders/Page_cabi Find Orders/Page_cabi Order View/a_(Return Order)' is clicked on

2019-06-26 19:36:22 - [TEST_STEP][PASSED] - delay(3): Delayed 3 second(s)

2019-06-26 19:36:25 - [MESSAGE][PASSED] - Delayed 3 second(s)

2019-06-26 19:36:25 - [TEST_STEP][PASSED] - selectOptionByValue(findTestObject("Object Repository/findOrders/Page_cabi Find Orders/Page_cabi Stylist Create RMA/selectReason1"), "CABI_c", true): All options with value 'CABI_c' are selected in object 'Object Repository/findOrders/Page_cabi Find Orders/Page_cabi Stylist Create RMA/selectReason1'  using regular expression

2019-06-26 19:36:26 - [MESSAGE][PASSED] - All options with value 'CABI_c' are selected in object 'Object Repository/findOrders/Page_cabi Find Orders/Page_cabi Stylist Create RMA/selectReason1'  using regular expression

2019-06-26 19:36:26 - [TEST_STEP][PASSED] - selectOptionByValue(findTestObject("Object Repository/findOrders/Page_cabi Find Orders/Page_cabi Stylist Create RMA/selectReason2"), "CABI_c_a", true): All options with value 'CABI_c_a' are selected in object 'Object Repository/findOrders/Page_cabi Find Orders/Page_cabi Stylist Create RMA/selectReason2'  using regular expression

2019-06-26 19:36:26 - [MESSAGE][PASSED] - All options with value 'CABI_c_a' are selected in object 'Object Repository/findOrders/Page_cabi Find Orders/Page_cabi Stylist Create RMA/selectReason2'  using regular expression

2019-06-26 19:36:26 - [TEST_STEP][PASSED] - click(findTestObject("Object Repository/findOrders/Page_cabi Find Orders/Page_cabi Stylist Create RMA/inputRefund")): Object: 'Object Repository/findOrders/Page_cabi Find Orders/Page_cabi Stylist Create RMA/inputRefund' is clicked on

2019-06-26 19:36:26 - [MESSAGE][PASSED] - Object: 'Object Repository/findOrders/Page_cabi Find Orders/Page_cabi Stylist Create RMA/inputRefund' is clicked on

2019-06-26 19:36:26 - [TEST_STEP][PASSED] - click(findTestObject("Object Repository/findOrders/Page_cabi Find Orders/Page_cabi Stylist Create RMA/a_Next")): Object: 'Object Repository/findOrders/Page_cabi Find Orders/Page_cabi Stylist Create RMA/a_Next' is clicked on

2019-06-26 19:36:28 - [MESSAGE][PASSED] - Object: 'Object Repository/findOrders/Page_cabi Find Orders/Page_cabi Stylist Create RMA/a_Next' is clicked on

2019-06-26 19:36:28 - [TEST_STEP][PASSED] - click(findTestObject("Object Repository/findOrders/Page_cabi Find Orders/Page_cabi Stylist Create RMA/inputPostalService")): Object: 'Object Repository/findOrders/Page_cabi Find Orders/Page_cabi Stylist Create RMA/inputPostalService' is clicked on

2019-06-26 19:36:28 - [MESSAGE][PASSED] - Object: 'Object Repository/findOrders/Page_cabi Find Orders/Page_cabi Stylist Create RMA/inputPostalService' is clicked on

2019-06-26 19:36:28 - [TEST_STEP][PASSED] - click(findTestObject("Object Repository/findOrders/Page_cabi Find Orders/Page_cabi Stylist Create RMA/inputConfirmAdderess")): Object: 'Object Repository/findOrders/Page_cabi Find Orders/Page_cabi Stylist Create RMA/inputConfirmAdderess' is clicked on

2019-06-26 19:36:28 - [MESSAGE][PASSED] - Object: 'Object Repository/findOrders/Page_cabi Find Orders/Page_cabi Stylist Create RMA/inputConfirmAdderess' is clicked on

2019-06-26 19:36:28 - [TEST_STEP][PASSED] - click(findTestObject("Object Repository/findOrders/Page_cabi Find Orders/Page_cabi Stylist Create RMA/a_Next_1")): Object: 'Object Repository/findOrders/Page_cabi Find Orders/Page_cabi Stylist Create RMA/a_Next_1' is clicked on

2019-06-26 19:36:28 - [MESSAGE][PASSED] - Object: 'Object Repository/findOrders/Page_cabi Find Orders/Page_cabi Stylist Create RMA/a_Next_1' is clicked on

2019-06-26 19:36:28 - [TEST_STEP][PASSED] - click(findTestObject("Object Repository/findOrders/Page_cabi Find Orders/Page_cabi Stylist Create RMA/a_Submit RMA")): Object: 'Object Repository/findOrders/Page_cabi Find Orders/Page_cabi Stylist Create RMA/a_Submit RMA' is clicked on

2019-06-26 19:36:30 - [MESSAGE][PASSED] - Object: 'Object Repository/findOrders/Page_cabi Find Orders/Page_cabi Stylist Create RMA/a_Submit RMA' is clicked on

2019-06-26 19:36:30 - [TEST_STEP][PASSED] - click(findTestObject("Object Repository/findOrders/Page_cabi Find Orders/Page_cabi Stylist Create RMA/addonOrder")): Object: 'Object Repository/findOrders/Page_cabi Find Orders/Page_cabi Stylist Create RMA/addonOrder' is clicked on

2019-06-26 19:36:35 - [MESSAGE][PASSED] - Object: 'Object Repository/findOrders/Page_cabi Find Orders/Page_cabi Stylist Create RMA/addonOrder' is clicked on

2019-06-26 19:36:35 - [TEST_STEP][PASSED] - delay(3): Delayed 3 second(s)

2019-06-26 19:36:38 - [MESSAGE][PASSED] - Delayed 3 second(s)

2019-06-26 19:36:38 - [TEST_STEP][PASSED] - click(findTestObject("Object Repository/Page_cabi_addOn_order/a_continue_to_order")): Object: 'Object Repository/Page_cabi_addOn_order/a_continue_to_order' is clicked on

2019-06-26 19:36:38 - [MESSAGE][PASSED] - Object: 'Object Repository/Page_cabi_addOn_order/a_continue_to_order' is clicked on

2019-06-26 19:36:38 - [TEST_STEP][PASSED] - delay(2): Delayed 2 second(s)

2019-06-26 19:36:40 - [MESSAGE][PASSED] - Delayed 2 second(s)

2019-06-26 19:36:40 - [TEST_STEP][PASSED] - callTestCase(findTestCase("NewArrival/productVerifyShort"), ["available":BOAddonPersonal], STOP_ON_FAILURE): Call Test Case 'Test Cases/NewArrival/productVerifyShort' successfully

2019-06-26 19:36:40 - [TEST_CASE][PASSED] - Test Cases/NewArrival/productVerifyShort: Test Cases/NewArrival/productVerifyShort

2019-06-26 19:36:40 - [TEST_STEP][PASSED] - for ([row = 1, row <= findTestData("productData").getRowNumbers(), (row++)]): null

2019-06-26 19:36:40 - [TEST_STEP][PASSED] - delay(2): Delayed 2 second(s)

2019-06-26 19:36:42 - [MESSAGE][PASSED] - Delayed 2 second(s)

2019-06-26 19:36:42 - [TEST_STEP][PASSED] - setText(findTestObject("Object Repository/Page_cabi Create Order/input_Manual Discount_stylelookup_0"), findTestData("productData").getValue("Style", row)): Text '5618' is set on object 'Object Repository/Page_cabi Create Order/input_Manual Discount_stylelookup_0'

2019-06-26 19:36:42 - [MESSAGE][PASSED] - Text '5618' is set on object 'Object Repository/Page_cabi Create Order/input_Manual Discount_stylelookup_0'

2019-06-26 19:36:42 - [TEST_STEP][PASSED] - delay(2): Delayed 2 second(s)

2019-06-26 19:36:44 - [MESSAGE][PASSED] - Delayed 2 second(s)

2019-06-26 19:36:44 - [TEST_STEP][PASSED] - prod_message = getText(findTestObject("Page_cabi Create Order/first_option")): Text of object 'Object Repository/Page_cabi Create Order/first_option' is: 'No matching result found'

2019-06-26 19:36:44 - [MESSAGE][PASSED] - Text of object 'Object Repository/Page_cabi Create Order/first_option' is: 'No matching result found'

2019-06-26 19:36:44 - [TEST_STEP][PASSED] - delay(1): Delayed 1 second(s)

2019-06-26 19:36:45 - [MESSAGE][PASSED] - Delayed 1 second(s)

2019-06-26 19:36:45 - [TEST_STEP][PASSED] - click(findTestObject("Page_cabi Create Order/first_option")): Object: 'Object Repository/Page_cabi Create Order/first_option' is clicked on

2019-06-26 19:36:45 - [MESSAGE][PASSED] - Object: 'Object Repository/Page_cabi Create Order/first_option' is clicked on

2019-06-26 19:36:45 - [TEST_STEP][PASSED] - if (toString().equalsIgnoreCase("no")): null

2019-06-26 19:36:45 - [TEST_STEP][PASSED] - assert prod_message.equalsIgnoreCase("No matching result found"): null

2019-06-26 19:36:45 - [MESSAGE][PASSED] - Call Test Case 'Test Cases/NewArrival/productVerifyShort' successfully

2019-06-26 19:36:45 - [MESSAGE][PASSED] - Call Test Case 'Test Cases/NewArrival/addOnOrderPersonal' successfully

2019-06-26 19:36:45 - [TEST_STEP][FAILED] - callTestCase(findTestCase("NewArrival/addOnOrderRetail"), ["addOnStyle":""], STOP_ON_FAILURE): for ([timeRow = 1, timeRow <= findTestData("timezoneData").getRowNumbers(), (timeRow++)]) FAILED.
Reason:
com.kms.katalon.core.exception.StepFailedException: Call Test Case 'Test Cases/NewArrival/addOnOrderRetail' failed
	at com.kms.katalon.core.keyword.builtin.CallTestCaseKeyword$_callTestCase_closure1.doCall(CallTestCaseKeyword.groovy:63)
	at com.kms.katalon.core.keyword.builtin.CallTestCaseKeyword$_callTestCase_closure1.call(CallTestCaseKeyword.groovy)
	at com.kms.katalon.core.keyword.internal.KeywordMain.runKeyword(KeywordMain.groovy:66)
	at com.kms.katalon.core.keyword.builtin.CallTestCaseKeyword.callTestCase(CallTestCaseKeyword.groovy:81)
	at com.kms.katalon.core.keyword.builtin.CallTestCaseKeyword.execute(CallTestCaseKeyword.groovy:44)
	at com.kms.katalon.core.keyword.internal.KeywordExecutor.executeKeywordForPlatform(KeywordExecutor.groovy:56)
	at com.kms.katalon.core.keyword.BuiltinKeywords.callTestCase(BuiltinKeywords.groovy:334)
	at NewArrivals.run(NewArrivals:160)
	at com.kms.katalon.core.main.ScriptEngine.run(ScriptEngine.java:194)
	at com.kms.katalon.core.main.ScriptEngine.runScriptAsRawText(ScriptEngine.java:119)
	at com.kms.katalon.core.main.TestCaseExecutor.runScript(TestCaseExecutor.java:342)
	at com.kms.katalon.core.main.TestCaseExecutor.doExecute(TestCaseExecutor.java:333)
	at com.kms.katalon.core.main.TestCaseExecutor.processExecutionPhase(TestCaseExecutor.java:312)
	at com.kms.katalon.core.main.TestCaseExecutor.accessMainPhase(TestCaseExecutor.java:304)
	at com.kms.katalon.core.main.TestCaseExecutor.execute(TestCaseExecutor.java:238)
	at com.kms.katalon.core.main.TestSuiteExecutor.accessTestCaseMainPhase(TestSuiteExecutor.java:129)
	at com.kms.katalon.core.main.TestSuiteExecutor.accessTestSuiteMainPhase(TestSuiteExecutor.java:112)
	at com.kms.katalon.core.main.TestSuiteExecutor.execute(TestSuiteExecutor.java:81)
	at com.kms.katalon.core.main.TestCaseMain.startTestSuite(TestCaseMain.java:157)
	at com.kms.katalon.core.main.TestCaseMain$startTestSuite$0.call(Unknown Source)
	at TempTestSuite1561555326513.run(TempTestSuite1561555326513.groovy:35)
Caused by: com.kms.katalon.core.exception.StepFailedException: Unable to click on object 'Object Repository/Page_cabi Create Show - Set Hostess/a_select_customer'
	at com.kms.katalon.core.webui.keyword.internal.WebUIKeywordMain.stepFailed(WebUIKeywordMain.groovy:64)
	at com.kms.katalon.core.webui.keyword.internal.WebUIKeywordMain.runKeyword(WebUIKeywordMain.groovy:26)
	at com.kms.katalon.core.webui.keyword.builtin.ClickKeyword.click(ClickKeyword.groovy:86)
	at com.kms.katalon.core.webui.keyword.builtin.ClickKeyword.execute(ClickKeyword.groovy:67)
	at com.kms.katalon.core.keyword.internal.KeywordExecutor.executeKeywordForPlatform(KeywordExecutor.groovy:56)
	at com.kms.katalon.core.webui.keyword.WebUiBuiltInKeywords.click(WebUiBuiltInKeywords.groovy:616)
	at com.kms.katalon.core.webui.keyword.WebUiBuiltInKeywords$click$3.call(Unknown Source)
	at addOnOrderRetail.run(addOnOrderRetail:85)
	at com.kms.katalon.core.main.ScriptEngine.run(ScriptEngine.java:194)
	at com.kms.katalon.core.main.ScriptEngine.runScriptAsRawText(ScriptEngine.java:119)
	at com.kms.katalon.core.main.TestCaseExecutor.runScript(TestCaseExecutor.java:342)
	at com.kms.katalon.core.main.TestCaseExecutor.doExecute(TestCaseExecutor.java:333)
	at com.kms.katalon.core.main.TestCaseExecutor.processExecutionPhase(TestCaseExecutor.java:312)
	at com.kms.katalon.core.main.TestCaseExecutor.accessMainPhase(TestCaseExecutor.java:304)
	at com.kms.katalon.core.main.TestCaseExecutor.execute(TestCaseExecutor.java:238)
	at com.kms.katalon.core.main.TestCaseMain.runTestCase(TestCaseMain.java:114)
	at com.kms.katalon.core.keyword.builtin.CallTestCaseKeyword$_callTestCase_closure1.doCall(CallTestCaseKeyword.groovy:59)
	... 20 more
Caused by: com.kms.katalon.core.webui.exception.WebElementNotFoundException: Web element with id: 'Object Repository/Page_cabi Create Show - Set Hostess/a_select_customer' located by 'By.xpath: (//ul/li/a[contains(@id,'ui-id-')])[1]' not found
	at com.kms.katalon.core.webui.common.WebUiCommonHelper.findWebElement(WebUiCommonHelper.java:1097)
	at com.kms.katalon.core.webui.keyword.internal.WebUIAbstractKeyword.findWebElement(WebUIAbstractKeyword.groovy:27)
	at com.kms.katalon.core.webui.keyword.internal.WebUIAbstractKeyword.findWebElement(WebUIAbstractKeyword.groovy:26)
	at com.kms.katalon.core.webui.keyword.builtin.ClickKeyword$_click_closure1.doCall(ClickKeyword.groovy:77)
	at com.kms.katalon.core.webui.keyword.builtin.ClickKeyword$_click_closure1.call(ClickKeyword.groovy)
	at com.kms.katalon.core.webui.keyword.internal.WebUIKeywordMain.runKeyword(WebUIKeywordMain.groovy:20)
	at com.kms.katalon.core.webui.keyword.builtin.ClickKeyword.click(ClickKeyword.groovy:86)
	at com.kms.katalon.core.webui.keyword.builtin.ClickKeyword.execute(ClickKeyword.groovy:67)
	at com.kms.katalon.core.keyword.internal.KeywordExecutor.executeKeywordForPlatform(KeywordExecutor.groovy:56)
	at com.kms.katalon.core.webui.keyword.WebUiBuiltInKeywords.click(WebUiBuiltInKeywords.groovy:616)
	at com.kms.katalon.core.webui.keyword.WebUiBuiltInKeywords$click$3.call(Unknown Source)
	at Script1557930374333.run(Script1557930374333.groovy:85)
	at com.kms.katalon.core.main.ScriptEngine.run(ScriptEngine.java:194)
	at com.kms.katalon.core.main.ScriptEngine.runScriptAsRawText(ScriptEngine.java:119)
	at com.kms.katalon.core.main.TestCaseExecutor.runScript(TestCaseExecutor.java:342)
	at com.kms.katalon.core.main.TestCaseExecutor.doExecute(TestCaseExecutor.java:333)
	at com.kms.katalon.core.main.TestCaseExecutor.processExecutionPhase(TestCaseExecutor.java:312)
	at com.kms.katalon.core.main.TestCaseExecutor.accessMainPhase(TestCaseExecutor.java:304)
	at com.kms.katalon.core.main.TestCaseExecutor.execute(TestCaseExecutor.java:238)
	at com.kms.katalon.core.main.TestCaseMain.runTestCase(TestCaseMain.java:114)
	at com.kms.katalon.core.keyword.builtin.CallTestCaseKeyword$_callTestCase_closure1.doCall(CallTestCaseKeyword.groovy:59)
	at com.kms.katalon.core.keyword.builtin.CallTestCaseKeyword$_callTestCase_closure1.call(CallTestCaseKeyword.groovy)
	at com.kms.katalon.core.keyword.internal.KeywordMain.runKeyword(KeywordMain.groovy:66)
	at com.kms.katalon.core.keyword.builtin.CallTestCaseKeyword.callTestCase(CallTestCaseKeyword.groovy:81)
	at com.kms.katalon.core.keyword.builtin.CallTestCaseKeyword.execute(CallTestCaseKeyword.groovy:44)
	at com.kms.katalon.core.keyword.internal.KeywordExecutor.executeKeywordForPlatform(KeywordExecutor.groovy:56)
	at com.kms.katalon.core.keyword.BuiltinKeywords.callTestCase(BuiltinKeywords.groovy:334)
	at Script1556094498836.run(Script1556094498836.groovy:160)
	... 13 more


2019-06-26 19:36:45 - [TEST_CASE][FAILED] - Test Cases/NewArrival/addOnOrderRetail: Test Cases/NewArrival/addOnOrderRetail FAILED.
Reason:
com.kms.katalon.core.exception.StepFailedException: Unable to click on object 'Object Repository/Page_cabi Create Show - Set Hostess/a_select_customer'
	at com.kms.katalon.core.webui.keyword.internal.WebUIKeywordMain.stepFailed(WebUIKeywordMain.groovy:64)
	at com.kms.katalon.core.webui.keyword.internal.WebUIKeywordMain.runKeyword(WebUIKeywordMain.groovy:26)
	at com.kms.katalon.core.webui.keyword.builtin.ClickKeyword.click(ClickKeyword.groovy:86)
	at com.kms.katalon.core.webui.keyword.builtin.ClickKeyword.execute(ClickKeyword.groovy:67)
	at com.kms.katalon.core.keyword.internal.KeywordExecutor.executeKeywordForPlatform(KeywordExecutor.groovy:56)
	at com.kms.katalon.core.webui.keyword.WebUiBuiltInKeywords.click(WebUiBuiltInKeywords.groovy:616)
	at com.kms.katalon.core.webui.keyword.WebUiBuiltInKeywords$click$3.call(Unknown Source)
	at addOnOrderRetail.run(addOnOrderRetail:85)
	at com.kms.katalon.core.main.ScriptEngine.run(ScriptEngine.java:194)
	at com.kms.katalon.core.main.ScriptEngine.runScriptAsRawText(ScriptEngine.java:119)
	at com.kms.katalon.core.main.TestCaseExecutor.runScript(TestCaseExecutor.java:342)
	at com.kms.katalon.core.main.TestCaseExecutor.doExecute(TestCaseExecutor.java:333)
	at com.kms.katalon.core.main.TestCaseExecutor.processExecutionPhase(TestCaseExecutor.java:312)
	at com.kms.katalon.core.main.TestCaseExecutor.accessMainPhase(TestCaseExecutor.java:304)
	at com.kms.katalon.core.main.TestCaseExecutor.execute(TestCaseExecutor.java:238)
	at com.kms.katalon.core.main.TestCaseMain.runTestCase(TestCaseMain.java:114)
	at com.kms.katalon.core.keyword.builtin.CallTestCaseKeyword$_callTestCase_closure1.doCall(CallTestCaseKeyword.groovy:59)
	at com.kms.katalon.core.keyword.builtin.CallTestCaseKeyword$_callTestCase_closure1.call(CallTestCaseKeyword.groovy)
	at com.kms.katalon.core.keyword.internal.KeywordMain.runKeyword(KeywordMain.groovy:66)
	at com.kms.katalon.core.keyword.builtin.CallTestCaseKeyword.callTestCase(CallTestCaseKeyword.groovy:81)
	at com.kms.katalon.core.keyword.builtin.CallTestCaseKeyword.execute(CallTestCaseKeyword.groovy:44)
	at com.kms.katalon.core.keyword.internal.KeywordExecutor.executeKeywordForPlatform(KeywordExecutor.groovy:56)
	at com.kms.katalon.core.keyword.BuiltinKeywords.callTestCase(BuiltinKeywords.groovy:334)
	at NewArrivals.run(NewArrivals:160)
	at com.kms.katalon.core.main.ScriptEngine.run(ScriptEngine.java:194)
	at com.kms.katalon.core.main.ScriptEngine.runScriptAsRawText(ScriptEngine.java:119)
	at com.kms.katalon.core.main.TestCaseExecutor.runScript(TestCaseExecutor.java:342)
	at com.kms.katalon.core.main.TestCaseExecutor.doExecute(TestCaseExecutor.java:333)
	at com.kms.katalon.core.main.TestCaseExecutor.processExecutionPhase(TestCaseExecutor.java:312)
	at com.kms.katalon.core.main.TestCaseExecutor.accessMainPhase(TestCaseExecutor.java:304)
	at com.kms.katalon.core.main.TestCaseExecutor.execute(TestCaseExecutor.java:238)
	at com.kms.katalon.core.main.TestSuiteExecutor.accessTestCaseMainPhase(TestSuiteExecutor.java:129)
	at com.kms.katalon.core.main.TestSuiteExecutor.accessTestSuiteMainPhase(TestSuiteExecutor.java:112)
	at com.kms.katalon.core.main.TestSuiteExecutor.execute(TestSuiteExecutor.java:81)
	at com.kms.katalon.core.main.TestCaseMain.startTestSuite(TestCaseMain.java:157)
	at com.kms.katalon.core.main.TestCaseMain$startTestSuite$0.call(Unknown Source)
	at TempTestSuite1561555326513.run(TempTestSuite1561555326513.groovy:35)
Caused by: com.kms.katalon.core.webui.exception.WebElementNotFoundException: Web element with id: 'Object Repository/Page_cabi Create Show - Set Hostess/a_select_customer' located by 'By.xpath: (//ul/li/a[contains(@id,'ui-id-')])[1]' not found
	at com.kms.katalon.core.webui.common.WebUiCommonHelper.findWebElement(WebUiCommonHelper.java:1097)
	at com.kms.katalon.core.webui.keyword.internal.WebUIAbstractKeyword.findWebElement(WebUIAbstractKeyword.groovy:27)
	at com.kms.katalon.core.webui.keyword.internal.WebUIAbstractKeyword.findWebElement(WebUIAbstractKeyword.groovy:26)
	at com.kms.katalon.core.webui.keyword.builtin.ClickKeyword$_click_closure1.doCall(ClickKeyword.groovy:77)
	at com.kms.katalon.core.webui.keyword.builtin.ClickKeyword$_click_closure1.call(ClickKeyword.groovy)
	at com.kms.katalon.core.webui.keyword.internal.WebUIKeywordMain.runKeyword(WebUIKeywordMain.groovy:20)
	at com.kms.katalon.core.webui.keyword.builtin.ClickKeyword.click(ClickKeyword.groovy:86)
	at com.kms.katalon.core.webui.keyword.builtin.ClickKeyword.execute(ClickKeyword.groovy:67)
	at com.kms.katalon.core.keyword.internal.KeywordExecutor.executeKeywordForPlatform(KeywordExecutor.groovy:56)
	at com.kms.katalon.core.webui.keyword.WebUiBuiltInKeywords.click(WebUiBuiltInKeywords.groovy:616)
	at com.kms.katalon.core.webui.keyword.WebUiBuiltInKeywords$click$3.call(Unknown Source)
	at Script1557930374333.run(Script1557930374333.groovy:85)
	at com.kms.katalon.core.main.ScriptEngine.run(ScriptEngine.java:194)
	at com.kms.katalon.core.main.ScriptEngine.runScriptAsRawText(ScriptEngine.java:119)
	at com.kms.katalon.core.main.TestCaseExecutor.runScript(TestCaseExecutor.java:342)
	at com.kms.katalon.core.main.TestCaseExecutor.doExecute(TestCaseExecutor.java:333)
	at com.kms.katalon.core.main.TestCaseExecutor.processExecutionPhase(TestCaseExecutor.java:312)
	at com.kms.katalon.core.main.TestCaseExecutor.accessMainPhase(TestCaseExecutor.java:304)
	at com.kms.katalon.core.main.TestCaseExecutor.execute(TestCaseExecutor.java:238)
	at com.kms.katalon.core.main.TestCaseMain.runTestCase(TestCaseMain.java:114)
	at com.kms.katalon.core.keyword.builtin.CallTestCaseKeyword$_callTestCase_closure1.doCall(CallTestCaseKeyword.groovy:59)
	at com.kms.katalon.core.keyword.builtin.CallTestCaseKeyword$_callTestCase_closure1.call(CallTestCaseKeyword.groovy)
	at com.kms.katalon.core.keyword.internal.KeywordMain.runKeyword(KeywordMain.groovy:66)
	at com.kms.katalon.core.keyword.builtin.CallTestCaseKeyword.callTestCase(CallTestCaseKeyword.groovy:81)
	at com.kms.katalon.core.keyword.builtin.CallTestCaseKeyword.execute(CallTestCaseKeyword.groovy:44)
	at com.kms.katalon.core.keyword.internal.KeywordExecutor.executeKeywordForPlatform(KeywordExecutor.groovy:56)
	at com.kms.katalon.core.keyword.BuiltinKeywords.callTestCase(BuiltinKeywords.groovy:334)
	at Script1556094498836.run(Script1556094498836.groovy:160)
	... 13 more


2019-06-26 19:36:45 - [TEST_STEP][PASSED] - openBrowser(""): Browser is opened with url: ''

2019-06-26 19:36:45 - [MESSAGE][WARNING] - A browser is already opened. Closing browser and opening a new one

2019-06-26 19:36:46 - [MESSAGE][INFO] - Starting 'Chrome' driver

2019-06-26 19:36:46 - [MESSAGE][INFO] - User set preference: ['args', '[--use-fake-ui-for-media-stream, --start-maximized]']

2019-06-26 19:36:48 - [MESSAGE][PASSED] - Browser is opened with url: ''

2019-06-26 19:36:48 - [TEST_STEP][PASSED] - addOnStyle = findTestData("miscData").getValue("addOnStyle", 1): null

2019-06-26 19:36:48 - [TEST_STEP][PASSED] - callTestCase(findTestCase("TestCaseUtilities/backOfficeLogin"), ["BOURL":"", "BOuser":"", "BOpass":""], STOP_ON_FAILURE): Call Test Case 'Test Cases/TestCaseUtilities/backOfficeLogin' successfully

2019-06-26 19:36:48 - [TEST_CASE][PASSED] - Test Cases/TestCaseUtilities/backOfficeLogin: Test Cases/TestCaseUtilities/backOfficeLogin

2019-06-26 19:36:48 - [TEST_STEP][PASSED] - BOURL = findTestData("credData").getValue("BOURL", 1): null

2019-06-26 19:36:48 - [TEST_STEP][PASSED] - BOuser = findTestData("credData").getValue("BOuser", 1): null

2019-06-26 19:36:48 - [TEST_STEP][PASSED] - BOpass = findTestData("credData").getValue("BOpass", 1): null

2019-06-26 19:36:48 - [TEST_STEP][PASSED] - navigateToUrl(BOURL): Navigate to 'https://test14.cliotest.com/backoffice/control/main' successfully

2019-06-26 19:36:56 - [MESSAGE][PASSED] - Navigate to 'https://test14.cliotest.com/backoffice/control/main' successfully

2019-06-26 19:36:56 - [TEST_STEP][PASSED] - logOut = findWebElements(findTestObject("Object Repository/Page_cabi Home/log_out"), 1): Unable to find the element located by 'By.xpath: //a[contains(text(),'Log Out')]'. Please recheck the objects properties to make sure the desired element is located. 

2019-06-26 19:36:57 - [MESSAGE][INFO] - Unable to find the element located by 'By.xpath: //a[contains(text(),'Log Out')]'. Please recheck the objects properties to make sure the desired element is located. 

2019-06-26 19:36:57 - [TEST_STEP][PASSED] - if (logOut.size() == 0): Object: 'Object Repository/Page_cabi/input_Welcome to_consultantLogin' is clicked on

2019-06-26 19:36:57 - [TEST_STEP][PASSED] - setText(findTestObject("Page_cabi/input_Welcome to_USERNAME"), BOuser): Text '400000002' is set on object 'Object Repository/Page_cabi/input_Welcome to_USERNAME'

2019-06-26 19:36:57 - [MESSAGE][PASSED] - Text '400000002' is set on object 'Object Repository/Page_cabi/input_Welcome to_USERNAME'

2019-06-26 19:36:57 - [TEST_STEP][PASSED] - setText(findTestObject("Object Repository/Page_cabi/input_Welcome to_PASSWORD"), BOpass): Text 'blackdress19' is set on object 'Object Repository/Page_cabi/input_Welcome to_PASSWORD'

2019-06-26 19:36:57 - [MESSAGE][PASSED] - Text 'blackdress19' is set on object 'Object Repository/Page_cabi/input_Welcome to_PASSWORD'

2019-06-26 19:36:57 - [TEST_STEP][PASSED] - click(findTestObject("Object Repository/Page_cabi/input_Welcome to_consultantLogin")): Object: 'Object Repository/Page_cabi/input_Welcome to_consultantLogin' is clicked on

2019-06-26 19:37:05 - [MESSAGE][PASSED] - Object: 'Object Repository/Page_cabi/input_Welcome to_consultantLogin' is clicked on

2019-06-26 19:37:05 - [TEST_STEP][PASSED] - delay(3): Delayed 3 second(s)

2019-06-26 19:37:08 - [MESSAGE][PASSED] - Delayed 3 second(s)

2019-06-26 19:37:08 - [MESSAGE][PASSED] - Call Test Case 'Test Cases/TestCaseUtilities/backOfficeLogin' successfully

2019-06-26 19:37:08 - [TEST_STEP][PASSED] - click(findTestObject("Object Repository/Page_cabi Home/a_Shows  Orders")): Object: 'Object Repository/Page_cabi Home/a_Shows  Orders' is clicked on

2019-06-26 19:37:08 - [MESSAGE][PASSED] - Object: 'Object Repository/Page_cabi Home/a_Shows  Orders' is clicked on

2019-06-26 19:37:08 - [TEST_STEP][PASSED] - delay(1): Delayed 1 second(s)

2019-06-26 19:37:09 - [MESSAGE][PASSED] - Delayed 1 second(s)

2019-06-26 19:37:09 - [TEST_STEP][PASSED] - rightClick(findTestObject("Page_cabi Home/a_Shows  Orders")): Object: 'Object Repository/Page_cabi Home/a_Shows  Orders' is right clicked on

2019-06-26 19:37:09 - [MESSAGE][PASSED] - Object: 'Object Repository/Page_cabi Home/a_Shows  Orders' is right clicked on

2019-06-26 19:37:09 - [TEST_STEP][PASSED] - click(findTestObject("Page_cabi Home/a_retail_purchases")): Object: 'Object Repository/Page_cabi Home/a_retail_purchases' is clicked on

2019-06-26 19:37:13 - [MESSAGE][PASSED] - Object: 'Object Repository/Page_cabi Home/a_retail_purchases' is clicked on

2019-06-26 19:37:13 - [TEST_STEP][PASSED] - delay(3): Delayed 3 second(s)

2019-06-26 19:37:16 - [MESSAGE][PASSED] - Delayed 3 second(s)

2019-06-26 19:37:16 - [TEST_STEP][PASSED] - click(findTestObject("Object Repository/Page_cabi Home/existingCustomer")): Object: 'Object Repository/Page_cabi Home/existingCustomer' is clicked on

2019-06-26 19:37:17 - [MESSAGE][PASSED] - Object: 'Object Repository/Page_cabi Home/existingCustomer' is clicked on

2019-06-26 19:37:17 - [TEST_STEP][PASSED] - contactNumber = 4: null

2019-06-26 19:37:17 - [TEST_STEP][PASSED] - firstName = findTestData("contactData").getValue("firstName", contactNumber): null

2019-06-26 19:37:17 - [TEST_STEP][PASSED] - lastName = findTestData("contactData").getValue("lastName", contactNumber): null

2019-06-26 19:37:17 - [TEST_STEP][PASSED] - email = findTestData("contactData").getValue("email", contactNumber): null

2019-06-26 19:37:17 - [TEST_STEP][PASSED] - address1 = findTestData("contactData").getValue("address1", contactNumber): null

2019-06-26 19:37:17 - [TEST_STEP][PASSED] - city = findTestData("contactData").getValue("city", contactNumber): null

2019-06-26 19:37:17 - [TEST_STEP][PASSED] - state = findTestData("contactData").getValue("state", contactNumber): null

2019-06-26 19:37:17 - [TEST_STEP][PASSED] - zip = findTestData("contactData").getValue("zip", contactNumber): null

2019-06-26 19:37:17 - [TEST_STEP][PASSED] - existingCustFName = firstName: null

2019-06-26 19:37:17 - [TEST_STEP][PASSED] - existingCustLName = lastName: null

2019-06-26 19:37:17 - [TEST_STEP][PASSED] - space = " ": null

2019-06-26 19:37:17 - [TEST_STEP][PASSED] - existingCust = $existingCustFName$space$existingCustLName: null

2019-06-26 19:37:17 - [TEST_STEP][PASSED] - setText(findTestObject("Object Repository/Page_cabi Home/input_existing_guest"), existingCust): Text 'neoguest2 abc' is set on object 'Object Repository/Page_cabi Home/input_existing_guest'

2019-06-26 19:37:17 - [MESSAGE][PASSED] - Text 'neoguest2 abc' is set on object 'Object Repository/Page_cabi Home/input_existing_guest'

2019-06-26 19:37:17 - [TEST_STEP][PASSED] - delay(3): Delayed 3 second(s)

2019-06-26 19:37:20 - [MESSAGE][PASSED] - Delayed 3 second(s)

2019-06-26 19:37:20 - [TEST_STEP][PASSED] - rightClick(findTestObject("Object Repository/Page_cabi Home/input_existing_guest")): Object: 'Object Repository/Page_cabi Home/input_existing_guest' is right clicked on

2019-06-26 19:37:20 - [MESSAGE][PASSED] - Object: 'Object Repository/Page_cabi Home/input_existing_guest' is right clicked on

2019-06-26 19:37:20 - [TEST_STEP][PASSED] - rightClick(findTestObject("Object Repository/Page_cabi Home/input_existing_guest")): Object: 'Object Repository/Page_cabi Home/input_existing_guest' is right clicked on

2019-06-26 19:37:20 - [MESSAGE][PASSED] - Object: 'Object Repository/Page_cabi Home/input_existing_guest' is right clicked on

2019-06-26 19:37:20 - [TEST_STEP][FAILED] - click(findTestObject("Object Repository/Page_cabi Create Show - Set Hostess/a_select_customer")): click(findTestObject("Object Repository/Page_cabi Create Show - Set Hostess/a_select_customer")) FAILED.
Reason:
com.kms.katalon.core.exception.StepFailedException: Unable to click on object 'Object Repository/Page_cabi Create Show - Set Hostess/a_select_customer'
	at com.kms.katalon.core.webui.keyword.internal.WebUIKeywordMain.stepFailed(WebUIKeywordMain.groovy:64)
	at com.kms.katalon.core.webui.keyword.internal.WebUIKeywordMain.runKeyword(WebUIKeywordMain.groovy:26)
	at com.kms.katalon.core.webui.keyword.builtin.ClickKeyword.click(ClickKeyword.groovy:86)
	at com.kms.katalon.core.webui.keyword.builtin.ClickKeyword.execute(ClickKeyword.groovy:67)
	at com.kms.katalon.core.keyword.internal.KeywordExecutor.executeKeywordForPlatform(KeywordExecutor.groovy:56)
	at com.kms.katalon.core.webui.keyword.WebUiBuiltInKeywords.click(WebUiBuiltInKeywords.groovy:616)
	at com.kms.katalon.core.webui.keyword.WebUiBuiltInKeywords$click$3.call(Unknown Source)
	at addOnOrderRetail.run(addOnOrderRetail:85)
	at com.kms.katalon.core.main.ScriptEngine.run(ScriptEngine.java:194)
	at com.kms.katalon.core.main.ScriptEngine.runScriptAsRawText(ScriptEngine.java:119)
	at com.kms.katalon.core.main.TestCaseExecutor.runScript(TestCaseExecutor.java:342)
	at com.kms.katalon.core.main.TestCaseExecutor.doExecute(TestCaseExecutor.java:333)
	at com.kms.katalon.core.main.TestCaseExecutor.processExecutionPhase(TestCaseExecutor.java:312)
	at com.kms.katalon.core.main.TestCaseExecutor.accessMainPhase(TestCaseExecutor.java:304)
	at com.kms.katalon.core.main.TestCaseExecutor.execute(TestCaseExecutor.java:238)
	at com.kms.katalon.core.main.TestCaseMain.runTestCase(TestCaseMain.java:114)
	at com.kms.katalon.core.keyword.builtin.CallTestCaseKeyword$_callTestCase_closure1.doCall(CallTestCaseKeyword.groovy:59)
	at com.kms.katalon.core.keyword.builtin.CallTestCaseKeyword$_callTestCase_closure1.call(CallTestCaseKeyword.groovy)
	at com.kms.katalon.core.keyword.internal.KeywordMain.runKeyword(KeywordMain.groovy:66)
	at com.kms.katalon.core.keyword.builtin.CallTestCaseKeyword.callTestCase(CallTestCaseKeyword.groovy:81)
	at com.kms.katalon.core.keyword.builtin.CallTestCaseKeyword.execute(CallTestCaseKeyword.groovy:44)
	at com.kms.katalon.core.keyword.internal.KeywordExecutor.executeKeywordForPlatform(KeywordExecutor.groovy:56)
	at com.kms.katalon.core.keyword.BuiltinKeywords.callTestCase(BuiltinKeywords.groovy:334)
	at NewArrivals.run(NewArrivals:160)
	at com.kms.katalon.core.main.ScriptEngine.run(ScriptEngine.java:194)
	at com.kms.katalon.core.main.ScriptEngine.runScriptAsRawText(ScriptEngine.java:119)
	at com.kms.katalon.core.main.TestCaseExecutor.runScript(TestCaseExecutor.java:342)
	at com.kms.katalon.core.main.TestCaseExecutor.doExecute(TestCaseExecutor.java:333)
	at com.kms.katalon.core.main.TestCaseExecutor.processExecutionPhase(TestCaseExecutor.java:312)
	at com.kms.katalon.core.main.TestCaseExecutor.accessMainPhase(TestCaseExecutor.java:304)
	at com.kms.katalon.core.main.TestCaseExecutor.execute(TestCaseExecutor.java:238)
	at com.kms.katalon.core.main.TestSuiteExecutor.accessTestCaseMainPhase(TestSuiteExecutor.java:129)
	at com.kms.katalon.core.main.TestSuiteExecutor.accessTestSuiteMainPhase(TestSuiteExecutor.java:112)
	at com.kms.katalon.core.main.TestSuiteExecutor.execute(TestSuiteExecutor.java:81)
	at com.kms.katalon.core.main.TestCaseMain.startTestSuite(TestCaseMain.java:157)
	at com.kms.katalon.core.main.TestCaseMain$startTestSuite$0.call(Unknown Source)
	at TempTestSuite1561555326513.run(TempTestSuite1561555326513.groovy:35)
Caused by: com.kms.katalon.core.webui.exception.WebElementNotFoundException: Web element with id: 'Object Repository/Page_cabi Create Show - Set Hostess/a_select_customer' located by 'By.xpath: (//ul/li/a[contains(@id,'ui-id-')])[1]' not found
	at com.kms.katalon.core.webui.common.WebUiCommonHelper.findWebElement(WebUiCommonHelper.java:1097)
	at com.kms.katalon.core.webui.keyword.internal.WebUIAbstractKeyword.findWebElement(WebUIAbstractKeyword.groovy:27)
	at com.kms.katalon.core.webui.keyword.internal.WebUIAbstractKeyword.findWebElement(WebUIAbstractKeyword.groovy:26)
	at com.kms.katalon.core.webui.keyword.builtin.ClickKeyword$_click_closure1.doCall(ClickKeyword.groovy:77)
	at com.kms.katalon.core.webui.keyword.builtin.ClickKeyword$_click_closure1.call(ClickKeyword.groovy)
	at com.kms.katalon.core.webui.keyword.internal.WebUIKeywordMain.runKeyword(WebUIKeywordMain.groovy:20)
	at com.kms.katalon.core.webui.keyword.builtin.ClickKeyword.click(ClickKeyword.groovy:86)
	at com.kms.katalon.core.webui.keyword.builtin.ClickKeyword.execute(ClickKeyword.groovy:67)
	at com.kms.katalon.core.keyword.internal.KeywordExecutor.executeKeywordForPlatform(KeywordExecutor.groovy:56)
	at com.kms.katalon.core.webui.keyword.WebUiBuiltInKeywords.click(WebUiBuiltInKeywords.groovy:616)
	at com.kms.katalon.core.webui.keyword.WebUiBuiltInKeywords$click$3.call(Unknown Source)
	at Script1557930374333.run(Script1557930374333.groovy:85)
	at com.kms.katalon.core.main.ScriptEngine.run(ScriptEngine.java:194)
	at com.kms.katalon.core.main.ScriptEngine.runScriptAsRawText(ScriptEngine.java:119)
	at com.kms.katalon.core.main.TestCaseExecutor.runScript(TestCaseExecutor.java:342)
	at com.kms.katalon.core.main.TestCaseExecutor.doExecute(TestCaseExecutor.java:333)
	at com.kms.katalon.core.main.TestCaseExecutor.processExecutionPhase(TestCaseExecutor.java:312)
	at com.kms.katalon.core.main.TestCaseExecutor.accessMainPhase(TestCaseExecutor.java:304)
	at com.kms.katalon.core.main.TestCaseExecutor.execute(TestCaseExecutor.java:238)
	at com.kms.katalon.core.main.TestCaseMain.runTestCase(TestCaseMain.java:114)
	at com.kms.katalon.core.keyword.builtin.CallTestCaseKeyword$_callTestCase_closure1.doCall(CallTestCaseKeyword.groovy:59)
	at com.kms.katalon.core.keyword.builtin.CallTestCaseKeyword$_callTestCase_closure1.call(CallTestCaseKeyword.groovy)
	at com.kms.katalon.core.keyword.internal.KeywordMain.runKeyword(KeywordMain.groovy:66)
	at com.kms.katalon.core.keyword.builtin.CallTestCaseKeyword.callTestCase(CallTestCaseKeyword.groovy:81)
	at com.kms.katalon.core.keyword.builtin.CallTestCaseKeyword.execute(CallTestCaseKeyword.groovy:44)
	at com.kms.katalon.core.keyword.internal.KeywordExecutor.executeKeywordForPlatform(KeywordExecutor.groovy:56)
	at com.kms.katalon.core.keyword.BuiltinKeywords.callTestCase(BuiltinKeywords.groovy:334)
	at Script1556094498836.run(Script1556094498836.groovy:160)
	... 13 more


2019-06-26 19:37:51 - [MESSAGE][INFO] - Unable to find the element located by 'By.xpath: (//ul/li/a[contains(@id,'ui-id-')])[1]'. Please recheck the objects properties to make sure the desired element is located. 

2019-06-26 19:37:52 - [MESSAGE][FAILED] - Unable to click on object 'Object Repository/Page_cabi Create Show - Set Hostess/a_select_customer' (Root cause: com.kms.katalon.core.exception.StepFailedException: Unable to click on object 'Object Repository/Page_cabi Create Show - Set Hostess/a_select_customer'
	at com.kms.katalon.core.webui.keyword.internal.WebUIKeywordMain.stepFailed(WebUIKeywordMain.groovy:64)
	at com.kms.katalon.core.webui.keyword.internal.WebUIKeywordMain.runKeyword(WebUIKeywordMain.groovy:26)
	at com.kms.katalon.core.webui.keyword.builtin.ClickKeyword.click(ClickKeyword.groovy:86)
	at com.kms.katalon.core.webui.keyword.builtin.ClickKeyword.execute(ClickKeyword.groovy:67)
	at com.kms.katalon.core.keyword.internal.KeywordExecutor.executeKeywordForPlatform(KeywordExecutor.groovy:56)
	at com.kms.katalon.core.webui.keyword.WebUiBuiltInKeywords.click(WebUiBuiltInKeywords.groovy:616)
	at com.kms.katalon.core.webui.keyword.WebUiBuiltInKeywords$click$3.call(Unknown Source)
	at addOnOrderRetail.run(addOnOrderRetail:85)
	at com.kms.katalon.core.main.ScriptEngine.run(ScriptEngine.java:194)
	at com.kms.katalon.core.main.ScriptEngine.runScriptAsRawText(ScriptEngine.java:119)
	at com.kms.katalon.core.main.TestCaseExecutor.runScript(TestCaseExecutor.java:342)
	at com.kms.katalon.core.main.TestCaseExecutor.doExecute(TestCaseExecutor.java:333)
	at com.kms.katalon.core.main.TestCaseExecutor.processExecutionPhase(TestCaseExecutor.java:312)
	at com.kms.katalon.core.main.TestCaseExecutor.accessMainPhase(TestCaseExecutor.java:304)
	at com.kms.katalon.core.main.TestCaseExecutor.execute(TestCaseExecutor.java:238)
	at com.kms.katalon.core.main.TestCaseMain.runTestCase(TestCaseMain.java:114)
	at com.kms.katalon.core.keyword.builtin.CallTestCaseKeyword$_callTestCase_closure1.doCall(CallTestCaseKeyword.groovy:59)
	at com.kms.katalon.core.keyword.builtin.CallTestCaseKeyword$_callTestCase_closure1.call(CallTestCaseKeyword.groovy)
	at com.kms.katalon.core.keyword.internal.KeywordMain.runKeyword(KeywordMain.groovy:66)
	at com.kms.katalon.core.keyword.builtin.CallTestCaseKeyword.callTestCase(CallTestCaseKeyword.groovy:81)
	at com.kms.katalon.core.keyword.builtin.CallTestCaseKeyword.execute(CallTestCaseKeyword.groovy:44)
	at com.kms.katalon.core.keyword.internal.KeywordExecutor.executeKeywordForPlatform(KeywordExecutor.groovy:56)
	at com.kms.katalon.core.keyword.BuiltinKeywords.callTestCase(BuiltinKeywords.groovy:334)
	at NewArrivals.run(NewArrivals:160)
	at com.kms.katalon.core.main.ScriptEngine.run(ScriptEngine.java:194)
	at com.kms.katalon.core.main.ScriptEngine.runScriptAsRawText(ScriptEngine.java:119)
	at com.kms.katalon.core.main.TestCaseExecutor.runScript(TestCaseExecutor.java:342)
	at com.kms.katalon.core.main.TestCaseExecutor.doExecute(TestCaseExecutor.java:333)
	at com.kms.katalon.core.main.TestCaseExecutor.processExecutionPhase(TestCaseExecutor.java:312)
	at com.kms.katalon.core.main.TestCaseExecutor.accessMainPhase(TestCaseExecutor.java:304)
	at com.kms.katalon.core.main.TestCaseExecutor.execute(TestCaseExecutor.java:238)
	at com.kms.katalon.core.main.TestSuiteExecutor.accessTestCaseMainPhase(TestSuiteExecutor.java:129)
	at com.kms.katalon.core.main.TestSuiteExecutor.accessTestSuiteMainPhase(TestSuiteExecutor.java:112)
	at com.kms.katalon.core.main.TestSuiteExecutor.execute(TestSuiteExecutor.java:81)
	at com.kms.katalon.core.main.TestCaseMain.startTestSuite(TestCaseMain.java:157)
	at com.kms.katalon.core.main.TestCaseMain$startTestSuite$0.call(Unknown Source)
	at TempTestSuite1561555326513.run(TempTestSuite1561555326513.groovy:35)
Caused by: com.kms.katalon.core.webui.exception.WebElementNotFoundException: Web element with id: 'Object Repository/Page_cabi Create Show - Set Hostess/a_select_customer' located by 'By.xpath: (//ul/li/a[contains(@id,'ui-id-')])[1]' not found
	at com.kms.katalon.core.webui.common.WebUiCommonHelper.findWebElement(WebUiCommonHelper.java:1097)
	at com.kms.katalon.core.webui.keyword.internal.WebUIAbstractKeyword.findWebElement(WebUIAbstractKeyword.groovy:27)
	at com.kms.katalon.core.webui.keyword.internal.WebUIAbstractKeyword.findWebElement(WebUIAbstractKeyword.groovy:26)
	at com.kms.katalon.core.webui.keyword.builtin.ClickKeyword$_click_closure1.doCall(ClickKeyword.groovy:77)
	at com.kms.katalon.core.webui.keyword.builtin.ClickKeyword$_click_closure1.call(ClickKeyword.groovy)
	at com.kms.katalon.core.webui.keyword.internal.WebUIKeywordMain.runKeyword(WebUIKeywordMain.groovy:20)
	at com.kms.katalon.core.webui.keyword.builtin.ClickKeyword.click(ClickKeyword.groovy:86)
	at com.kms.katalon.core.webui.keyword.builtin.ClickKeyword.execute(ClickKeyword.groovy:67)
	at com.kms.katalon.core.keyword.internal.KeywordExecutor.executeKeywordForPlatform(KeywordExecutor.groovy:56)
	at com.kms.katalon.core.webui.keyword.WebUiBuiltInKeywords.click(WebUiBuiltInKeywords.groovy:616)
	at com.kms.katalon.core.webui.keyword.WebUiBuiltInKeywords$click$3.call(Unknown Source)
	at Script1557930374333.run(Script1557930374333.groovy:85)
	at com.kms.katalon.core.main.ScriptEngine.run(ScriptEngine.java:194)
	at com.kms.katalon.core.main.ScriptEngine.runScriptAsRawText(ScriptEngine.java:119)
	at com.kms.katalon.core.main.TestCaseExecutor.runScript(TestCaseExecutor.java:342)
	at com.kms.katalon.core.main.TestCaseExecutor.doExecute(TestCaseExecutor.java:333)
	at com.kms.katalon.core.main.TestCaseExecutor.processExecutionPhase(TestCaseExecutor.java:312)
	at com.kms.katalon.core.main.TestCaseExecutor.accessMainPhase(TestCaseExecutor.java:304)
	at com.kms.katalon.core.main.TestCaseExecutor.execute(TestCaseExecutor.java:238)
	at com.kms.katalon.core.main.TestCaseMain.runTestCase(TestCaseMain.java:114)
	at com.kms.katalon.core.keyword.builtin.CallTestCaseKeyword$_callTestCase_closure1.doCall(CallTestCaseKeyword.groovy:59)
	at com.kms.katalon.core.keyword.builtin.CallTestCaseKeyword$_callTestCase_closure1.call(CallTestCaseKeyword.groovy)
	at com.kms.katalon.core.keyword.internal.KeywordMain.runKeyword(KeywordMain.groovy:66)
	at com.kms.katalon.core.keyword.builtin.CallTestCaseKeyword.callTestCase(CallTestCaseKeyword.groovy:81)
	at com.kms.katalon.core.keyword.builtin.CallTestCaseKeyword.execute(CallTestCaseKeyword.groovy:44)
	at com.kms.katalon.core.keyword.internal.KeywordExecutor.executeKeywordForPlatform(KeywordExecutor.groovy:56)
	at com.kms.katalon.core.keyword.BuiltinKeywords.callTestCase(BuiltinKeywords.groovy:334)
	at Script1556094498836.run(Script1556094498836.groovy:160)
	... 13 more
)
[[ATTACHMENT|C:\\Users\\user\\Documents\\testautomation\\KatalonProjects\\Reports\\NewArrivalsSuites\\NewArrivalsSuite\\20190626_185206\\1561558071683.png]]

2019-06-26 19:37:52 - [MESSAGE][FAILED] - click(findTestObject("Object Repository/Page_cabi Create Show - Set Hostess/a_select_customer")) FAILED.
Reason:
com.kms.katalon.core.exception.StepFailedException: Unable to click on object 'Object Repository/Page_cabi Create Show - Set Hostess/a_select_customer'
	at com.kms.katalon.core.webui.keyword.internal.WebUIKeywordMain.stepFailed(WebUIKeywordMain.groovy:64)
	at com.kms.katalon.core.webui.keyword.internal.WebUIKeywordMain.runKeyword(WebUIKeywordMain.groovy:26)
	at com.kms.katalon.core.webui.keyword.builtin.ClickKeyword.click(ClickKeyword.groovy:86)
	at com.kms.katalon.core.webui.keyword.builtin.ClickKeyword.execute(ClickKeyword.groovy:67)
	at com.kms.katalon.core.keyword.internal.KeywordExecutor.executeKeywordForPlatform(KeywordExecutor.groovy:56)
	at com.kms.katalon.core.webui.keyword.WebUiBuiltInKeywords.click(WebUiBuiltInKeywords.groovy:616)
	at com.kms.katalon.core.webui.keyword.WebUiBuiltInKeywords$click$3.call(Unknown Source)
	at addOnOrderRetail.run(addOnOrderRetail:85)
	at com.kms.katalon.core.main.ScriptEngine.run(ScriptEngine.java:194)
	at com.kms.katalon.core.main.ScriptEngine.runScriptAsRawText(ScriptEngine.java:119)
	at com.kms.katalon.core.main.TestCaseExecutor.runScript(TestCaseExecutor.java:342)
	at com.kms.katalon.core.main.TestCaseExecutor.doExecute(TestCaseExecutor.java:333)
	at com.kms.katalon.core.main.TestCaseExecutor.processExecutionPhase(TestCaseExecutor.java:312)
	at com.kms.katalon.core.main.TestCaseExecutor.accessMainPhase(TestCaseExecutor.java:304)
	at com.kms.katalon.core.main.TestCaseExecutor.execute(TestCaseExecutor.java:238)
	at com.kms.katalon.core.main.TestCaseMain.runTestCase(TestCaseMain.java:114)
	at com.kms.katalon.core.keyword.builtin.CallTestCaseKeyword$_callTestCase_closure1.doCall(CallTestCaseKeyword.groovy:59)
	at com.kms.katalon.core.keyword.builtin.CallTestCaseKeyword$_callTestCase_closure1.call(CallTestCaseKeyword.groovy)
	at com.kms.katalon.core.keyword.internal.KeywordMain.runKeyword(KeywordMain.groovy:66)
	at com.kms.katalon.core.keyword.builtin.CallTestCaseKeyword.callTestCase(CallTestCaseKeyword.groovy:81)
	at com.kms.katalon.core.keyword.builtin.CallTestCaseKeyword.execute(CallTestCaseKeyword.groovy:44)
	at com.kms.katalon.core.keyword.internal.KeywordExecutor.executeKeywordForPlatform(KeywordExecutor.groovy:56)
	at com.kms.katalon.core.keyword.BuiltinKeywords.callTestCase(BuiltinKeywords.groovy:334)
	at NewArrivals.run(NewArrivals:160)
	at com.kms.katalon.core.main.ScriptEngine.run(ScriptEngine.java:194)
	at com.kms.katalon.core.main.ScriptEngine.runScriptAsRawText(ScriptEngine.java:119)
	at com.kms.katalon.core.main.TestCaseExecutor.runScript(TestCaseExecutor.java:342)
	at com.kms.katalon.core.main.TestCaseExecutor.doExecute(TestCaseExecutor.java:333)
	at com.kms.katalon.core.main.TestCaseExecutor.processExecutionPhase(TestCaseExecutor.java:312)
	at com.kms.katalon.core.main.TestCaseExecutor.accessMainPhase(TestCaseExecutor.java:304)
	at com.kms.katalon.core.main.TestCaseExecutor.execute(TestCaseExecutor.java:238)
	at com.kms.katalon.core.main.TestSuiteExecutor.accessTestCaseMainPhase(TestSuiteExecutor.java:129)
	at com.kms.katalon.core.main.TestSuiteExecutor.accessTestSuiteMainPhase(TestSuiteExecutor.java:112)
	at com.kms.katalon.core.main.TestSuiteExecutor.execute(TestSuiteExecutor.java:81)
	at com.kms.katalon.core.main.TestCaseMain.startTestSuite(TestCaseMain.java:157)
	at com.kms.katalon.core.main.TestCaseMain$startTestSuite$0.call(Unknown Source)
	at TempTestSuite1561555326513.run(TempTestSuite1561555326513.groovy:35)
Caused by: com.kms.katalon.core.webui.exception.WebElementNotFoundException: Web element with id: 'Object Repository/Page_cabi Create Show - Set Hostess/a_select_customer' located by 'By.xpath: (//ul/li/a[contains(@id,'ui-id-')])[1]' not found
	at com.kms.katalon.core.webui.common.WebUiCommonHelper.findWebElement(WebUiCommonHelper.java:1097)
	at com.kms.katalon.core.webui.keyword.internal.WebUIAbstractKeyword.findWebElement(WebUIAbstractKeyword.groovy:27)
	at com.kms.katalon.core.webui.keyword.internal.WebUIAbstractKeyword.findWebElement(WebUIAbstractKeyword.groovy:26)
	at com.kms.katalon.core.webui.keyword.builtin.ClickKeyword$_click_closure1.doCall(ClickKeyword.groovy:77)
	at com.kms.katalon.core.webui.keyword.builtin.ClickKeyword$_click_closure1.call(ClickKeyword.groovy)
	at com.kms.katalon.core.webui.keyword.internal.WebUIKeywordMain.runKeyword(WebUIKeywordMain.groovy:20)
	at com.kms.katalon.core.webui.keyword.builtin.ClickKeyword.click(ClickKeyword.groovy:86)
	at com.kms.katalon.core.webui.keyword.builtin.ClickKeyword.execute(ClickKeyword.groovy:67)
	at com.kms.katalon.core.keyword.internal.KeywordExecutor.executeKeywordForPlatform(KeywordExecutor.groovy:56)
	at com.kms.katalon.core.webui.keyword.WebUiBuiltInKeywords.click(WebUiBuiltInKeywords.groovy:616)
	at com.kms.katalon.core.webui.keyword.WebUiBuiltInKeywords$click$3.call(Unknown Source)
	at Script1557930374333.run(Script1557930374333.groovy:85)
	at com.kms.katalon.core.main.ScriptEngine.run(ScriptEngine.java:194)
	at com.kms.katalon.core.main.ScriptEngine.runScriptAsRawText(ScriptEngine.java:119)
	at com.kms.katalon.core.main.TestCaseExecutor.runScript(TestCaseExecutor.java:342)
	at com.kms.katalon.core.main.TestCaseExecutor.doExecute(TestCaseExecutor.java:333)
	at com.kms.katalon.core.main.TestCaseExecutor.processExecutionPhase(TestCaseExecutor.java:312)
	at com.kms.katalon.core.main.TestCaseExecutor.accessMainPhase(TestCaseExecutor.java:304)
	at com.kms.katalon.core.main.TestCaseExecutor.execute(TestCaseExecutor.java:238)
	at com.kms.katalon.core.main.TestCaseMain.runTestCase(TestCaseMain.java:114)
	at com.kms.katalon.core.keyword.builtin.CallTestCaseKeyword$_callTestCase_closure1.doCall(CallTestCaseKeyword.groovy:59)
	at com.kms.katalon.core.keyword.builtin.CallTestCaseKeyword$_callTestCase_closure1.call(CallTestCaseKeyword.groovy)
	at com.kms.katalon.core.keyword.internal.KeywordMain.runKeyword(KeywordMain.groovy:66)
	at com.kms.katalon.core.keyword.builtin.CallTestCaseKeyword.callTestCase(CallTestCaseKeyword.groovy:81)
	at com.kms.katalon.core.keyword.builtin.CallTestCaseKeyword.execute(CallTestCaseKeyword.groovy:44)
	at com.kms.katalon.core.keyword.internal.KeywordExecutor.executeKeywordForPlatform(KeywordExecutor.groovy:56)
	at com.kms.katalon.core.keyword.BuiltinKeywords.callTestCase(BuiltinKeywords.groovy:334)
	at Script1556094498836.run(Script1556094498836.groovy:160)
	... 13 more


2019-06-26 19:37:52 - [MESSAGE][FAILED] - Unable to call Test Case 'Test Cases/NewArrival/addOnOrderRetail' (Root cause: com.kms.katalon.core.exception.StepFailedException: Call Test Case 'Test Cases/NewArrival/addOnOrderRetail' failed
	at com.kms.katalon.core.keyword.builtin.CallTestCaseKeyword$_callTestCase_closure1.doCall(CallTestCaseKeyword.groovy:63)
	at com.kms.katalon.core.keyword.builtin.CallTestCaseKeyword$_callTestCase_closure1.call(CallTestCaseKeyword.groovy)
	at com.kms.katalon.core.keyword.internal.KeywordMain.runKeyword(KeywordMain.groovy:66)
	at com.kms.katalon.core.keyword.builtin.CallTestCaseKeyword.callTestCase(CallTestCaseKeyword.groovy:81)
	at com.kms.katalon.core.keyword.builtin.CallTestCaseKeyword.execute(CallTestCaseKeyword.groovy:44)
	at com.kms.katalon.core.keyword.internal.KeywordExecutor.executeKeywordForPlatform(KeywordExecutor.groovy:56)
	at com.kms.katalon.core.keyword.BuiltinKeywords.callTestCase(BuiltinKeywords.groovy:334)
	at NewArrivals.run(NewArrivals:160)
	at com.kms.katalon.core.main.ScriptEngine.run(ScriptEngine.java:194)
	at com.kms.katalon.core.main.ScriptEngine.runScriptAsRawText(ScriptEngine.java:119)
	at com.kms.katalon.core.main.TestCaseExecutor.runScript(TestCaseExecutor.java:342)
	at com.kms.katalon.core.main.TestCaseExecutor.doExecute(TestCaseExecutor.java:333)
	at com.kms.katalon.core.main.TestCaseExecutor.processExecutionPhase(TestCaseExecutor.java:312)
	at com.kms.katalon.core.main.TestCaseExecutor.accessMainPhase(TestCaseExecutor.java:304)
	at com.kms.katalon.core.main.TestCaseExecutor.execute(TestCaseExecutor.java:238)
	at com.kms.katalon.core.main.TestSuiteExecutor.accessTestCaseMainPhase(TestSuiteExecutor.java:129)
	at com.kms.katalon.core.main.TestSuiteExecutor.accessTestSuiteMainPhase(TestSuiteExecutor.java:112)
	at com.kms.katalon.core.main.TestSuiteExecutor.execute(TestSuiteExecutor.java:81)
	at com.kms.katalon.core.main.TestCaseMain.startTestSuite(TestCaseMain.java:157)
	at com.kms.katalon.core.main.TestCaseMain$startTestSuite$0.call(Unknown Source)
	at TempTestSuite1561555326513.run(TempTestSuite1561555326513.groovy:35)
Caused by: com.kms.katalon.core.exception.StepFailedException: Unable to click on object 'Object Repository/Page_cabi Create Show - Set Hostess/a_select_customer'
	at com.kms.katalon.core.webui.keyword.internal.WebUIKeywordMain.stepFailed(WebUIKeywordMain.groovy:64)
	at com.kms.katalon.core.webui.keyword.internal.WebUIKeywordMain.runKeyword(WebUIKeywordMain.groovy:26)
	at com.kms.katalon.core.webui.keyword.builtin.ClickKeyword.click(ClickKeyword.groovy:86)
	at com.kms.katalon.core.webui.keyword.builtin.ClickKeyword.execute(ClickKeyword.groovy:67)
	at com.kms.katalon.core.keyword.internal.KeywordExecutor.executeKeywordForPlatform(KeywordExecutor.groovy:56)
	at com.kms.katalon.core.webui.keyword.WebUiBuiltInKeywords.click(WebUiBuiltInKeywords.groovy:616)
	at com.kms.katalon.core.webui.keyword.WebUiBuiltInKeywords$click$3.call(Unknown Source)
	at addOnOrderRetail.run(addOnOrderRetail:85)
	at com.kms.katalon.core.main.ScriptEngine.run(ScriptEngine.java:194)
	at com.kms.katalon.core.main.ScriptEngine.runScriptAsRawText(ScriptEngine.java:119)
	at com.kms.katalon.core.main.TestCaseExecutor.runScript(TestCaseExecutor.java:342)
	at com.kms.katalon.core.main.TestCaseExecutor.doExecute(TestCaseExecutor.java:333)
	at com.kms.katalon.core.main.TestCaseExecutor.processExecutionPhase(TestCaseExecutor.java:312)
	at com.kms.katalon.core.main.TestCaseExecutor.accessMainPhase(TestCaseExecutor.java:304)
	at com.kms.katalon.core.main.TestCaseExecutor.execute(TestCaseExecutor.java:238)
	at com.kms.katalon.core.main.TestCaseMain.runTestCase(TestCaseMain.java:114)
	at com.kms.katalon.core.keyword.builtin.CallTestCaseKeyword$_callTestCase_closure1.doCall(CallTestCaseKeyword.groovy:59)
	... 20 more
Caused by: com.kms.katalon.core.webui.exception.WebElementNotFoundException: Web element with id: 'Object Repository/Page_cabi Create Show - Set Hostess/a_select_customer' located by 'By.xpath: (//ul/li/a[contains(@id,'ui-id-')])[1]' not found
	at com.kms.katalon.core.webui.common.WebUiCommonHelper.findWebElement(WebUiCommonHelper.java:1097)
	at com.kms.katalon.core.webui.keyword.internal.WebUIAbstractKeyword.findWebElement(WebUIAbstractKeyword.groovy:27)
	at com.kms.katalon.core.webui.keyword.internal.WebUIAbstractKeyword.findWebElement(WebUIAbstractKeyword.groovy:26)
	at com.kms.katalon.core.webui.keyword.builtin.ClickKeyword$_click_closure1.doCall(ClickKeyword.groovy:77)
	at com.kms.katalon.core.webui.keyword.builtin.ClickKeyword$_click_closure1.call(ClickKeyword.groovy)
	at com.kms.katalon.core.webui.keyword.internal.WebUIKeywordMain.runKeyword(WebUIKeywordMain.groovy:20)
	at com.kms.katalon.core.webui.keyword.builtin.ClickKeyword.click(ClickKeyword.groovy:86)
	at com.kms.katalon.core.webui.keyword.builtin.ClickKeyword.execute(ClickKeyword.groovy:67)
	at com.kms.katalon.core.keyword.internal.KeywordExecutor.executeKeywordForPlatform(KeywordExecutor.groovy:56)
	at com.kms.katalon.core.webui.keyword.WebUiBuiltInKeywords.click(WebUiBuiltInKeywords.groovy:616)
	at com.kms.katalon.core.webui.keyword.WebUiBuiltInKeywords$click$3.call(Unknown Source)
	at Script1557930374333.run(Script1557930374333.groovy:85)
	at com.kms.katalon.core.main.ScriptEngine.run(ScriptEngine.java:194)
	at com.kms.katalon.core.main.ScriptEngine.runScriptAsRawText(ScriptEngine.java:119)
	at com.kms.katalon.core.main.TestCaseExecutor.runScript(TestCaseExecutor.java:342)
	at com.kms.katalon.core.main.TestCaseExecutor.doExecute(TestCaseExecutor.java:333)
	at com.kms.katalon.core.main.TestCaseExecutor.processExecutionPhase(TestCaseExecutor.java:312)
	at com.kms.katalon.core.main.TestCaseExecutor.accessMainPhase(TestCaseExecutor.java:304)
	at com.kms.katalon.core.main.TestCaseExecutor.execute(TestCaseExecutor.java:238)
	at com.kms.katalon.core.main.TestCaseMain.runTestCase(TestCaseMain.java:114)
	at com.kms.katalon.core.keyword.builtin.CallTestCaseKeyword$_callTestCase_closure1.doCall(CallTestCaseKeyword.groovy:59)
	at com.kms.katalon.core.keyword.builtin.CallTestCaseKeyword$_callTestCase_closure1.call(CallTestCaseKeyword.groovy)
	at com.kms.katalon.core.keyword.internal.KeywordMain.runKeyword(KeywordMain.groovy:66)
	at com.kms.katalon.core.keyword.builtin.CallTestCaseKeyword.callTestCase(CallTestCaseKeyword.groovy:81)
	at com.kms.katalon.core.keyword.builtin.CallTestCaseKeyword.execute(CallTestCaseKeyword.groovy:44)
	at com.kms.katalon.core.keyword.internal.KeywordExecutor.executeKeywordForPlatform(KeywordExecutor.groovy:56)
	at com.kms.katalon.core.keyword.BuiltinKeywords.callTestCase(BuiltinKeywords.groovy:334)
	at Script1556094498836.run(Script1556094498836.groovy:160)
	... 13 more
)

2019-06-26 19:37:52 - [MESSAGE][FAILED] - for ([timeRow = 1, timeRow <= findTestData("timezoneData").getRowNumbers(), (timeRow++)]) FAILED.
Reason:
com.kms.katalon.core.exception.StepFailedException: Call Test Case 'Test Cases/NewArrival/addOnOrderRetail' failed
	at com.kms.katalon.core.keyword.builtin.CallTestCaseKeyword$_callTestCase_closure1.doCall(CallTestCaseKeyword.groovy:63)
	at com.kms.katalon.core.keyword.builtin.CallTestCaseKeyword$_callTestCase_closure1.call(CallTestCaseKeyword.groovy)
	at com.kms.katalon.core.keyword.internal.KeywordMain.runKeyword(KeywordMain.groovy:66)
	at com.kms.katalon.core.keyword.builtin.CallTestCaseKeyword.callTestCase(CallTestCaseKeyword.groovy:81)
	at com.kms.katalon.core.keyword.builtin.CallTestCaseKeyword.execute(CallTestCaseKeyword.groovy:44)
	at com.kms.katalon.core.keyword.internal.KeywordExecutor.executeKeywordForPlatform(KeywordExecutor.groovy:56)
	at com.kms.katalon.core.keyword.BuiltinKeywords.callTestCase(BuiltinKeywords.groovy:334)
	at NewArrivals.run(NewArrivals:160)
	at com.kms.katalon.core.main.ScriptEngine.run(ScriptEngine.java:194)
	at com.kms.katalon.core.main.ScriptEngine.runScriptAsRawText(ScriptEngine.java:119)
	at com.kms.katalon.core.main.TestCaseExecutor.runScript(TestCaseExecutor.java:342)
	at com.kms.katalon.core.main.TestCaseExecutor.doExecute(TestCaseExecutor.java:333)
	at com.kms.katalon.core.main.TestCaseExecutor.processExecutionPhase(TestCaseExecutor.java:312)
	at com.kms.katalon.core.main.TestCaseExecutor.accessMainPhase(TestCaseExecutor.java:304)
	at com.kms.katalon.core.main.TestCaseExecutor.execute(TestCaseExecutor.java:238)
	at com.kms.katalon.core.main.TestSuiteExecutor.accessTestCaseMainPhase(TestSuiteExecutor.java:129)
	at com.kms.katalon.core.main.TestSuiteExecutor.accessTestSuiteMainPhase(TestSuiteExecutor.java:112)
	at com.kms.katalon.core.main.TestSuiteExecutor.execute(TestSuiteExecutor.java:81)
	at com.kms.katalon.core.main.TestCaseMain.startTestSuite(TestCaseMain.java:157)
	at com.kms.katalon.core.main.TestCaseMain$startTestSuite$0.call(Unknown Source)
	at TempTestSuite1561555326513.run(TempTestSuite1561555326513.groovy:35)
Caused by: com.kms.katalon.core.exception.StepFailedException: Unable to click on object 'Object Repository/Page_cabi Create Show - Set Hostess/a_select_customer'
	at com.kms.katalon.core.webui.keyword.internal.WebUIKeywordMain.stepFailed(WebUIKeywordMain.groovy:64)
	at com.kms.katalon.core.webui.keyword.internal.WebUIKeywordMain.runKeyword(WebUIKeywordMain.groovy:26)
	at com.kms.katalon.core.webui.keyword.builtin.ClickKeyword.click(ClickKeyword.groovy:86)
	at com.kms.katalon.core.webui.keyword.builtin.ClickKeyword.execute(ClickKeyword.groovy:67)
	at com.kms.katalon.core.keyword.internal.KeywordExecutor.executeKeywordForPlatform(KeywordExecutor.groovy:56)
	at com.kms.katalon.core.webui.keyword.WebUiBuiltInKeywords.click(WebUiBuiltInKeywords.groovy:616)
	at com.kms.katalon.core.webui.keyword.WebUiBuiltInKeywords$click$3.call(Unknown Source)
	at addOnOrderRetail.run(addOnOrderRetail:85)
	at com.kms.katalon.core.main.ScriptEngine.run(ScriptEngine.java:194)
	at com.kms.katalon.core.main.ScriptEngine.runScriptAsRawText(ScriptEngine.java:119)
	at com.kms.katalon.core.main.TestCaseExecutor.runScript(TestCaseExecutor.java:342)
	at com.kms.katalon.core.main.TestCaseExecutor.doExecute(TestCaseExecutor.java:333)
	at com.kms.katalon.core.main.TestCaseExecutor.processExecutionPhase(TestCaseExecutor.java:312)
	at com.kms.katalon.core.main.TestCaseExecutor.accessMainPhase(TestCaseExecutor.java:304)
	at com.kms.katalon.core.main.TestCaseExecutor.execute(TestCaseExecutor.java:238)
	at com.kms.katalon.core.main.TestCaseMain.runTestCase(TestCaseMain.java:114)
	at com.kms.katalon.core.keyword.builtin.CallTestCaseKeyword$_callTestCase_closure1.doCall(CallTestCaseKeyword.groovy:59)
	... 20 more
Caused by: com.kms.katalon.core.webui.exception.WebElementNotFoundException: Web element with id: 'Object Repository/Page_cabi Create Show - Set Hostess/a_select_customer' located by 'By.xpath: (//ul/li/a[contains(@id,'ui-id-')])[1]' not found
	at com.kms.katalon.core.webui.common.WebUiCommonHelper.findWebElement(WebUiCommonHelper.java:1097)
	at com.kms.katalon.core.webui.keyword.internal.WebUIAbstractKeyword.findWebElement(WebUIAbstractKeyword.groovy:27)
	at com.kms.katalon.core.webui.keyword.internal.WebUIAbstractKeyword.findWebElement(WebUIAbstractKeyword.groovy:26)
	at com.kms.katalon.core.webui.keyword.builtin.ClickKeyword$_click_closure1.doCall(ClickKeyword.groovy:77)
	at com.kms.katalon.core.webui.keyword.builtin.ClickKeyword$_click_closure1.call(ClickKeyword.groovy)
	at com.kms.katalon.core.webui.keyword.internal.WebUIKeywordMain.runKeyword(WebUIKeywordMain.groovy:20)
	at com.kms.katalon.core.webui.keyword.builtin.ClickKeyword.click(ClickKeyword.groovy:86)
	at com.kms.katalon.core.webui.keyword.builtin.ClickKeyword.execute(ClickKeyword.groovy:67)
	at com.kms.katalon.core.keyword.internal.KeywordExecutor.executeKeywordForPlatform(KeywordExecutor.groovy:56)
	at com.kms.katalon.core.webui.keyword.WebUiBuiltInKeywords.click(WebUiBuiltInKeywords.groovy:616)
	at com.kms.katalon.core.webui.keyword.WebUiBuiltInKeywords$click$3.call(Unknown Source)
	at Script1557930374333.run(Script1557930374333.groovy:85)
	at com.kms.katalon.core.main.ScriptEngine.run(ScriptEngine.java:194)
	at com.kms.katalon.core.main.ScriptEngine.runScriptAsRawText(ScriptEngine.java:119)
	at com.kms.katalon.core.main.TestCaseExecutor.runScript(TestCaseExecutor.java:342)
	at com.kms.katalon.core.main.TestCaseExecutor.doExecute(TestCaseExecutor.java:333)
	at com.kms.katalon.core.main.TestCaseExecutor.processExecutionPhase(TestCaseExecutor.java:312)
	at com.kms.katalon.core.main.TestCaseExecutor.accessMainPhase(TestCaseExecutor.java:304)
	at com.kms.katalon.core.main.TestCaseExecutor.execute(TestCaseExecutor.java:238)
	at com.kms.katalon.core.main.TestCaseMain.runTestCase(TestCaseMain.java:114)
	at com.kms.katalon.core.keyword.builtin.CallTestCaseKeyword$_callTestCase_closure1.doCall(CallTestCaseKeyword.groovy:59)
	at com.kms.katalon.core.keyword.builtin.CallTestCaseKeyword$_callTestCase_closure1.call(CallTestCaseKeyword.groovy)
	at com.kms.katalon.core.keyword.internal.KeywordMain.runKeyword(KeywordMain.groovy:66)
	at com.kms.katalon.core.keyword.builtin.CallTestCaseKeyword.callTestCase(CallTestCaseKeyword.groovy:81)
	at com.kms.katalon.core.keyword.builtin.CallTestCaseKeyword.execute(CallTestCaseKeyword.groovy:44)
	at com.kms.katalon.core.keyword.internal.KeywordExecutor.executeKeywordForPlatform(KeywordExecutor.groovy:56)
	at com.kms.katalon.core.keyword.BuiltinKeywords.callTestCase(BuiltinKeywords.groovy:334)
	at Script1556094498836.run(Script1556094498836.groovy:160)
	... 13 more]]></system-out>
         <system-err><![CDATA[2019-06-26 18:52:11 - [TEST_CASE][FAILED] - Test Cases/NewArrival/NewArrivals: Test Cases/NewArrival/NewArrivals FAILED.
Reason:
com.kms.katalon.core.exception.StepFailedException: Call Test Case 'Test Cases/NewArrival/addOnOrderRetail' failed
	at com.kms.katalon.core.keyword.builtin.CallTestCaseKeyword$_callTestCase_closure1.doCall(CallTestCaseKeyword.groovy:63)
	at com.kms.katalon.core.keyword.builtin.CallTestCaseKeyword$_callTestCase_closure1.call(CallTestCaseKeyword.groovy)
	at com.kms.katalon.core.keyword.internal.KeywordMain.runKeyword(KeywordMain.groovy:66)
	at com.kms.katalon.core.keyword.builtin.CallTestCaseKeyword.callTestCase(CallTestCaseKeyword.groovy:81)
	at com.kms.katalon.core.keyword.builtin.CallTestCaseKeyword.execute(CallTestCaseKeyword.groovy:44)
	at com.kms.katalon.core.keyword.internal.KeywordExecutor.executeKeywordForPlatform(KeywordExecutor.groovy:56)
	at com.kms.katalon.core.keyword.BuiltinKeywords.callTestCase(BuiltinKeywords.groovy:334)
	at NewArrivals.run(NewArrivals:160)
	at com.kms.katalon.core.main.ScriptEngine.run(ScriptEngine.java:194)
	at com.kms.katalon.core.main.ScriptEngine.runScriptAsRawText(ScriptEngine.java:119)
	at com.kms.katalon.core.main.TestCaseExecutor.runScript(TestCaseExecutor.java:342)
	at com.kms.katalon.core.main.TestCaseExecutor.doExecute(TestCaseExecutor.java:333)
	at com.kms.katalon.core.main.TestCaseExecutor.processExecutionPhase(TestCaseExecutor.java:312)
	at com.kms.katalon.core.main.TestCaseExecutor.accessMainPhase(TestCaseExecutor.java:304)
	at com.kms.katalon.core.main.TestCaseExecutor.execute(TestCaseExecutor.java:238)
	at com.kms.katalon.core.main.TestSuiteExecutor.accessTestCaseMainPhase(TestSuiteExecutor.java:129)
	at com.kms.katalon.core.main.TestSuiteExecutor.accessTestSuiteMainPhase(TestSuiteExecutor.java:112)
	at com.kms.katalon.core.main.TestSuiteExecutor.execute(TestSuiteExecutor.java:81)
	at com.kms.katalon.core.main.TestCaseMain.startTestSuite(TestCaseMain.java:157)
	at com.kms.katalon.core.main.TestCaseMain$startTestSuite$0.call(Unknown Source)
	at TempTestSuite1561555326513.run(TempTestSuite1561555326513.groovy:35)
Caused by: com.kms.katalon.core.exception.StepFailedException: Unable to click on object 'Object Repository/Page_cabi Create Show - Set Hostess/a_select_customer'
	at com.kms.katalon.core.webui.keyword.internal.WebUIKeywordMain.stepFailed(WebUIKeywordMain.groovy:64)
	at com.kms.katalon.core.webui.keyword.internal.WebUIKeywordMain.runKeyword(WebUIKeywordMain.groovy:26)
	at com.kms.katalon.core.webui.keyword.builtin.ClickKeyword.click(ClickKeyword.groovy:86)
	at com.kms.katalon.core.webui.keyword.builtin.ClickKeyword.execute(ClickKeyword.groovy:67)
	at com.kms.katalon.core.keyword.internal.KeywordExecutor.executeKeywordForPlatform(KeywordExecutor.groovy:56)
	at com.kms.katalon.core.webui.keyword.WebUiBuiltInKeywords.click(WebUiBuiltInKeywords.groovy:616)
	at com.kms.katalon.core.webui.keyword.WebUiBuiltInKeywords$click$3.call(Unknown Source)
	at addOnOrderRetail.run(addOnOrderRetail:85)
	at com.kms.katalon.core.main.ScriptEngine.run(ScriptEngine.java:194)
	at com.kms.katalon.core.main.ScriptEngine.runScriptAsRawText(ScriptEngine.java:119)
	at com.kms.katalon.core.main.TestCaseExecutor.runScript(TestCaseExecutor.java:342)
	at com.kms.katalon.core.main.TestCaseExecutor.doExecute(TestCaseExecutor.java:333)
	at com.kms.katalon.core.main.TestCaseExecutor.processExecutionPhase(TestCaseExecutor.java:312)
	at com.kms.katalon.core.main.TestCaseExecutor.accessMainPhase(TestCaseExecutor.java:304)
	at com.kms.katalon.core.main.TestCaseExecutor.execute(TestCaseExecutor.java:238)
	at com.kms.katalon.core.main.TestCaseMain.runTestCase(TestCaseMain.java:114)
	at com.kms.katalon.core.keyword.builtin.CallTestCaseKeyword$_callTestCase_closure1.doCall(CallTestCaseKeyword.groovy:59)
	... 20 more
Caused by: com.kms.katalon.core.webui.exception.WebElementNotFoundException: Web element with id: 'Object Repository/Page_cabi Create Show - Set Hostess/a_select_customer' located by 'By.xpath: (//ul/li/a[contains(@id,'ui-id-')])[1]' not found
	at com.kms.katalon.core.webui.common.WebUiCommonHelper.findWebElement(WebUiCommonHelper.java:1097)
	at com.kms.katalon.core.webui.keyword.internal.WebUIAbstractKeyword.findWebElement(WebUIAbstractKeyword.groovy:27)
	at com.kms.katalon.core.webui.keyword.internal.WebUIAbstractKeyword.findWebElement(WebUIAbstractKeyword.groovy:26)
	at com.kms.katalon.core.webui.keyword.builtin.ClickKeyword$_click_closure1.doCall(ClickKeyword.groovy:77)
	at com.kms.katalon.core.webui.keyword.builtin.ClickKeyword$_click_closure1.call(ClickKeyword.groovy)
	at com.kms.katalon.core.webui.keyword.internal.WebUIKeywordMain.runKeyword(WebUIKeywordMain.groovy:20)
	at com.kms.katalon.core.webui.keyword.builtin.ClickKeyword.click(ClickKeyword.groovy:86)
	at com.kms.katalon.core.webui.keyword.builtin.ClickKeyword.execute(ClickKeyword.groovy:67)
	at com.kms.katalon.core.keyword.internal.KeywordExecutor.executeKeywordForPlatform(KeywordExecutor.groovy:56)
	at com.kms.katalon.core.webui.keyword.WebUiBuiltInKeywords.click(WebUiBuiltInKeywords.groovy:616)
	at com.kms.katalon.core.webui.keyword.WebUiBuiltInKeywords$click$3.call(Unknown Source)
	at Script1557930374333.run(Script1557930374333.groovy:85)
	at com.kms.katalon.core.main.ScriptEngine.run(ScriptEngine.java:194)
	at com.kms.katalon.core.main.ScriptEngine.runScriptAsRawText(ScriptEngine.java:119)
	at com.kms.katalon.core.main.TestCaseExecutor.runScript(TestCaseExecutor.java:342)
	at com.kms.katalon.core.main.TestCaseExecutor.doExecute(TestCaseExecutor.java:333)
	at com.kms.katalon.core.main.TestCaseExecutor.processExecutionPhase(TestCaseExecutor.java:312)
	at com.kms.katalon.core.main.TestCaseExecutor.accessMainPhase(TestCaseExecutor.java:304)
	at com.kms.katalon.core.main.TestCaseExecutor.execute(TestCaseExecutor.java:238)
	at com.kms.katalon.core.main.TestCaseMain.runTestCase(TestCaseMain.java:114)
	at com.kms.katalon.core.keyword.builtin.CallTestCaseKeyword$_callTestCase_closure1.doCall(CallTestCaseKeyword.groovy:59)
	at com.kms.katalon.core.keyword.builtin.CallTestCaseKeyword$_callTestCase_closure1.call(CallTestCaseKeyword.groovy)
	at com.kms.katalon.core.keyword.internal.KeywordMain.runKeyword(KeywordMain.groovy:66)
	at com.kms.katalon.core.keyword.builtin.CallTestCaseKeyword.callTestCase(CallTestCaseKeyword.groovy:81)
	at com.kms.katalon.core.keyword.builtin.CallTestCaseKeyword.execute(CallTestCaseKeyword.groovy:44)
	at com.kms.katalon.core.keyword.internal.KeywordExecutor.executeKeywordForPlatform(KeywordExecutor.groovy:56)
	at com.kms.katalon.core.keyword.BuiltinKeywords.callTestCase(BuiltinKeywords.groovy:334)
	at Script1556094498836.run(Script1556094498836.groovy:160)
	... 13 more]]></system-err>
      </testcase>
      <system-out><![CDATA[2019-06-26 18:52:11 - [TEST_SUITE][FAILED] - NewArrivalsSuite: Test Cases/NewArrival/NewArrivals FAILED.
Reason:
com.kms.katalon.core.exception.StepFailedException: Call Test Case 'Test Cases/NewArrival/addOnOrderRetail' failed
	at com.kms.katalon.core.keyword.builtin.CallTestCaseKeyword$_callTestCase_closure1.doCall(CallTestCaseKeyword.groovy:63)
	at com.kms.katalon.core.keyword.builtin.CallTestCaseKeyword$_callTestCase_closure1.call(CallTestCaseKeyword.groovy)
	at com.kms.katalon.core.keyword.internal.KeywordMain.runKeyword(KeywordMain.groovy:66)
	at com.kms.katalon.core.keyword.builtin.CallTestCaseKeyword.callTestCase(CallTestCaseKeyword.groovy:81)
	at com.kms.katalon.core.keyword.builtin.CallTestCaseKeyword.execute(CallTestCaseKeyword.groovy:44)
	at com.kms.katalon.core.keyword.internal.KeywordExecutor.executeKeywordForPlatform(KeywordExecutor.groovy:56)
	at com.kms.katalon.core.keyword.BuiltinKeywords.callTestCase(BuiltinKeywords.groovy:334)
	at NewArrivals.run(NewArrivals:160)
	at com.kms.katalon.core.main.ScriptEngine.run(ScriptEngine.java:194)
	at com.kms.katalon.core.main.ScriptEngine.runScriptAsRawText(ScriptEngine.java:119)
	at com.kms.katalon.core.main.TestCaseExecutor.runScript(TestCaseExecutor.java:342)
	at com.kms.katalon.core.main.TestCaseExecutor.doExecute(TestCaseExecutor.java:333)
	at com.kms.katalon.core.main.TestCaseExecutor.processExecutionPhase(TestCaseExecutor.java:312)
	at com.kms.katalon.core.main.TestCaseExecutor.accessMainPhase(TestCaseExecutor.java:304)
	at com.kms.katalon.core.main.TestCaseExecutor.execute(TestCaseExecutor.java:238)
	at com.kms.katalon.core.main.TestSuiteExecutor.accessTestCaseMainPhase(TestSuiteExecutor.java:129)
	at com.kms.katalon.core.main.TestSuiteExecutor.accessTestSuiteMainPhase(TestSuiteExecutor.java:112)
	at com.kms.katalon.core.main.TestSuiteExecutor.execute(TestSuiteExecutor.java:81)
	at com.kms.katalon.core.main.TestCaseMain.startTestSuite(TestCaseMain.java:157)
	at com.kms.katalon.core.main.TestCaseMain$startTestSuite$0.call(Unknown Source)
	at TempTestSuite1561555326513.run(TempTestSuite1561555326513.groovy:35)
Caused by: com.kms.katalon.core.exception.StepFailedException: Unable to click on object 'Object Repository/Page_cabi Create Show - Set Hostess/a_select_customer'
	at com.kms.katalon.core.webui.keyword.internal.WebUIKeywordMain.stepFailed(WebUIKeywordMain.groovy:64)
	at com.kms.katalon.core.webui.keyword.internal.WebUIKeywordMain.runKeyword(WebUIKeywordMain.groovy:26)
	at com.kms.katalon.core.webui.keyword.builtin.ClickKeyword.click(ClickKeyword.groovy:86)
	at com.kms.katalon.core.webui.keyword.builtin.ClickKeyword.execute(ClickKeyword.groovy:67)
	at com.kms.katalon.core.keyword.internal.KeywordExecutor.executeKeywordForPlatform(KeywordExecutor.groovy:56)
	at com.kms.katalon.core.webui.keyword.WebUiBuiltInKeywords.click(WebUiBuiltInKeywords.groovy:616)
	at com.kms.katalon.core.webui.keyword.WebUiBuiltInKeywords$click$3.call(Unknown Source)
	at addOnOrderRetail.run(addOnOrderRetail:85)
	at com.kms.katalon.core.main.ScriptEngine.run(ScriptEngine.java:194)
	at com.kms.katalon.core.main.ScriptEngine.runScriptAsRawText(ScriptEngine.java:119)
	at com.kms.katalon.core.main.TestCaseExecutor.runScript(TestCaseExecutor.java:342)
	at com.kms.katalon.core.main.TestCaseExecutor.doExecute(TestCaseExecutor.java:333)
	at com.kms.katalon.core.main.TestCaseExecutor.processExecutionPhase(TestCaseExecutor.java:312)
	at com.kms.katalon.core.main.TestCaseExecutor.accessMainPhase(TestCaseExecutor.java:304)
	at com.kms.katalon.core.main.TestCaseExecutor.execute(TestCaseExecutor.java:238)
	at com.kms.katalon.core.main.TestCaseMain.runTestCase(TestCaseMain.java:114)
	at com.kms.katalon.core.keyword.builtin.CallTestCaseKeyword$_callTestCase_closure1.doCall(CallTestCaseKeyword.groovy:59)
	... 20 more
Caused by: com.kms.katalon.core.webui.exception.WebElementNotFoundException: Web element with id: 'Object Repository/Page_cabi Create Show - Set Hostess/a_select_customer' located by 'By.xpath: (//ul/li/a[contains(@id,'ui-id-')])[1]' not found
	at com.kms.katalon.core.webui.common.WebUiCommonHelper.findWebElement(WebUiCommonHelper.java:1097)
	at com.kms.katalon.core.webui.keyword.internal.WebUIAbstractKeyword.findWebElement(WebUIAbstractKeyword.groovy:27)
	at com.kms.katalon.core.webui.keyword.internal.WebUIAbstractKeyword.findWebElement(WebUIAbstractKeyword.groovy:26)
	at com.kms.katalon.core.webui.keyword.builtin.ClickKeyword$_click_closure1.doCall(ClickKeyword.groovy:77)
	at com.kms.katalon.core.webui.keyword.builtin.ClickKeyword$_click_closure1.call(ClickKeyword.groovy)
	at com.kms.katalon.core.webui.keyword.internal.WebUIKeywordMain.runKeyword(WebUIKeywordMain.groovy:20)
	at com.kms.katalon.core.webui.keyword.builtin.ClickKeyword.click(ClickKeyword.groovy:86)
	at com.kms.katalon.core.webui.keyword.builtin.ClickKeyword.execute(ClickKeyword.groovy:67)
	at com.kms.katalon.core.keyword.internal.KeywordExecutor.executeKeywordForPlatform(KeywordExecutor.groovy:56)
	at com.kms.katalon.core.webui.keyword.WebUiBuiltInKeywords.click(WebUiBuiltInKeywords.groovy:616)
	at com.kms.katalon.core.webui.keyword.WebUiBuiltInKeywords$click$3.call(Unknown Source)
	at Script1557930374333.run(Script1557930374333.groovy:85)
	at com.kms.katalon.core.main.ScriptEngine.run(ScriptEngine.java:194)
	at com.kms.katalon.core.main.ScriptEngine.runScriptAsRawText(ScriptEngine.java:119)
	at com.kms.katalon.core.main.TestCaseExecutor.runScript(TestCaseExecutor.java:342)
	at com.kms.katalon.core.main.TestCaseExecutor.doExecute(TestCaseExecutor.java:333)
	at com.kms.katalon.core.main.TestCaseExecutor.processExecutionPhase(TestCaseExecutor.java:312)
	at com.kms.katalon.core.main.TestCaseExecutor.accessMainPhase(TestCaseExecutor.java:304)
	at com.kms.katalon.core.main.TestCaseExecutor.execute(TestCaseExecutor.java:238)
	at com.kms.katalon.core.main.TestCaseMain.runTestCase(TestCaseMain.java:114)
	at com.kms.katalon.core.keyword.builtin.CallTestCaseKeyword$_callTestCase_closure1.doCall(CallTestCaseKeyword.groovy:59)
	at com.kms.katalon.core.keyword.builtin.CallTestCaseKeyword$_callTestCase_closure1.call(CallTestCaseKeyword.groovy)
	at com.kms.katalon.core.keyword.internal.KeywordMain.runKeyword(KeywordMain.groovy:66)
	at com.kms.katalon.core.keyword.builtin.CallTestCaseKeyword.callTestCase(CallTestCaseKeyword.groovy:81)
	at com.kms.katalon.core.keyword.builtin.CallTestCaseKeyword.execute(CallTestCaseKeyword.groovy:44)
	at com.kms.katalon.core.keyword.internal.KeywordExecutor.executeKeywordForPlatform(KeywordExecutor.groovy:56)
	at com.kms.katalon.core.keyword.BuiltinKeywords.callTestCase(BuiltinKeywords.groovy:334)
	at Script1556094498836.run(Script1556094498836.groovy:160)
	... 13 more]]></system-out>
      <system-err><![CDATA[2019-06-26 18:52:11 - [TEST_SUITE][FAILED] - NewArrivalsSuite: Test Cases/NewArrival/NewArrivals FAILED.
Reason:
com.kms.katalon.core.exception.StepFailedException: Call Test Case 'Test Cases/NewArrival/addOnOrderRetail' failed
	at com.kms.katalon.core.keyword.builtin.CallTestCaseKeyword$_callTestCase_closure1.doCall(CallTestCaseKeyword.groovy:63)
	at com.kms.katalon.core.keyword.builtin.CallTestCaseKeyword$_callTestCase_closure1.call(CallTestCaseKeyword.groovy)
	at com.kms.katalon.core.keyword.internal.KeywordMain.runKeyword(KeywordMain.groovy:66)
	at com.kms.katalon.core.keyword.builtin.CallTestCaseKeyword.callTestCase(CallTestCaseKeyword.groovy:81)
	at com.kms.katalon.core.keyword.builtin.CallTestCaseKeyword.execute(CallTestCaseKeyword.groovy:44)
	at com.kms.katalon.core.keyword.internal.KeywordExecutor.executeKeywordForPlatform(KeywordExecutor.groovy:56)
	at com.kms.katalon.core.keyword.BuiltinKeywords.callTestCase(BuiltinKeywords.groovy:334)
	at NewArrivals.run(NewArrivals:160)
	at com.kms.katalon.core.main.ScriptEngine.run(ScriptEngine.java:194)
	at com.kms.katalon.core.main.ScriptEngine.runScriptAsRawText(ScriptEngine.java:119)
	at com.kms.katalon.core.main.TestCaseExecutor.runScript(TestCaseExecutor.java:342)
	at com.kms.katalon.core.main.TestCaseExecutor.doExecute(TestCaseExecutor.java:333)
	at com.kms.katalon.core.main.TestCaseExecutor.processExecutionPhase(TestCaseExecutor.java:312)
	at com.kms.katalon.core.main.TestCaseExecutor.accessMainPhase(TestCaseExecutor.java:304)
	at com.kms.katalon.core.main.TestCaseExecutor.execute(TestCaseExecutor.java:238)
	at com.kms.katalon.core.main.TestSuiteExecutor.accessTestCaseMainPhase(TestSuiteExecutor.java:129)
	at com.kms.katalon.core.main.TestSuiteExecutor.accessTestSuiteMainPhase(TestSuiteExecutor.java:112)
	at com.kms.katalon.core.main.TestSuiteExecutor.execute(TestSuiteExecutor.java:81)
	at com.kms.katalon.core.main.TestCaseMain.startTestSuite(TestCaseMain.java:157)
	at com.kms.katalon.core.main.TestCaseMain$startTestSuite$0.call(Unknown Source)
	at TempTestSuite1561555326513.run(TempTestSuite1561555326513.groovy:35)
Caused by: com.kms.katalon.core.exception.StepFailedException: Unable to click on object 'Object Repository/Page_cabi Create Show - Set Hostess/a_select_customer'
	at com.kms.katalon.core.webui.keyword.internal.WebUIKeywordMain.stepFailed(WebUIKeywordMain.groovy:64)
	at com.kms.katalon.core.webui.keyword.internal.WebUIKeywordMain.runKeyword(WebUIKeywordMain.groovy:26)
	at com.kms.katalon.core.webui.keyword.builtin.ClickKeyword.click(ClickKeyword.groovy:86)
	at com.kms.katalon.core.webui.keyword.builtin.ClickKeyword.execute(ClickKeyword.groovy:67)
	at com.kms.katalon.core.keyword.internal.KeywordExecutor.executeKeywordForPlatform(KeywordExecutor.groovy:56)
	at com.kms.katalon.core.webui.keyword.WebUiBuiltInKeywords.click(WebUiBuiltInKeywords.groovy:616)
	at com.kms.katalon.core.webui.keyword.WebUiBuiltInKeywords$click$3.call(Unknown Source)
	at addOnOrderRetail.run(addOnOrderRetail:85)
	at com.kms.katalon.core.main.ScriptEngine.run(ScriptEngine.java:194)
	at com.kms.katalon.core.main.ScriptEngine.runScriptAsRawText(ScriptEngine.java:119)
	at com.kms.katalon.core.main.TestCaseExecutor.runScript(TestCaseExecutor.java:342)
	at com.kms.katalon.core.main.TestCaseExecutor.doExecute(TestCaseExecutor.java:333)
	at com.kms.katalon.core.main.TestCaseExecutor.processExecutionPhase(TestCaseExecutor.java:312)
	at com.kms.katalon.core.main.TestCaseExecutor.accessMainPhase(TestCaseExecutor.java:304)
	at com.kms.katalon.core.main.TestCaseExecutor.execute(TestCaseExecutor.java:238)
	at com.kms.katalon.core.main.TestCaseMain.runTestCase(TestCaseMain.java:114)
	at com.kms.katalon.core.keyword.builtin.CallTestCaseKeyword$_callTestCase_closure1.doCall(CallTestCaseKeyword.groovy:59)
	... 20 more
Caused by: com.kms.katalon.core.webui.exception.WebElementNotFoundException: Web element with id: 'Object Repository/Page_cabi Create Show - Set Hostess/a_select_customer' located by 'By.xpath: (//ul/li/a[contains(@id,'ui-id-')])[1]' not found
	at com.kms.katalon.core.webui.common.WebUiCommonHelper.findWebElement(WebUiCommonHelper.java:1097)
	at com.kms.katalon.core.webui.keyword.internal.WebUIAbstractKeyword.findWebElement(WebUIAbstractKeyword.groovy:27)
	at com.kms.katalon.core.webui.keyword.internal.WebUIAbstractKeyword.findWebElement(WebUIAbstractKeyword.groovy:26)
	at com.kms.katalon.core.webui.keyword.builtin.ClickKeyword$_click_closure1.doCall(ClickKeyword.groovy:77)
	at com.kms.katalon.core.webui.keyword.builtin.ClickKeyword$_click_closure1.call(ClickKeyword.groovy)
	at com.kms.katalon.core.webui.keyword.internal.WebUIKeywordMain.runKeyword(WebUIKeywordMain.groovy:20)
	at com.kms.katalon.core.webui.keyword.builtin.ClickKeyword.click(ClickKeyword.groovy:86)
	at com.kms.katalon.core.webui.keyword.builtin.ClickKeyword.execute(ClickKeyword.groovy:67)
	at com.kms.katalon.core.keyword.internal.KeywordExecutor.executeKeywordForPlatform(KeywordExecutor.groovy:56)
	at com.kms.katalon.core.webui.keyword.WebUiBuiltInKeywords.click(WebUiBuiltInKeywords.groovy:616)
	at com.kms.katalon.core.webui.keyword.WebUiBuiltInKeywords$click$3.call(Unknown Source)
	at Script1557930374333.run(Script1557930374333.groovy:85)
	at com.kms.katalon.core.main.ScriptEngine.run(ScriptEngine.java:194)
	at com.kms.katalon.core.main.ScriptEngine.runScriptAsRawText(ScriptEngine.java:119)
	at com.kms.katalon.core.main.TestCaseExecutor.runScript(TestCaseExecutor.java:342)
	at com.kms.katalon.core.main.TestCaseExecutor.doExecute(TestCaseExecutor.java:333)
	at com.kms.katalon.core.main.TestCaseExecutor.processExecutionPhase(TestCaseExecutor.java:312)
	at com.kms.katalon.core.main.TestCaseExecutor.accessMainPhase(TestCaseExecutor.java:304)
	at com.kms.katalon.core.main.TestCaseExecutor.execute(TestCaseExecutor.java:238)
	at com.kms.katalon.core.main.TestCaseMain.runTestCase(TestCaseMain.java:114)
	at com.kms.katalon.core.keyword.builtin.CallTestCaseKeyword$_callTestCase_closure1.doCall(CallTestCaseKeyword.groovy:59)
	at com.kms.katalon.core.keyword.builtin.CallTestCaseKeyword$_callTestCase_closure1.call(CallTestCaseKeyword.groovy)
	at com.kms.katalon.core.keyword.internal.KeywordMain.runKeyword(KeywordMain.groovy:66)
	at com.kms.katalon.core.keyword.builtin.CallTestCaseKeyword.callTestCase(CallTestCaseKeyword.groovy:81)
	at com.kms.katalon.core.keyword.builtin.CallTestCaseKeyword.execute(CallTestCaseKeyword.groovy:44)
	at com.kms.katalon.core.keyword.internal.KeywordExecutor.executeKeywordForPlatform(KeywordExecutor.groovy:56)
	at com.kms.katalon.core.keyword.BuiltinKeywords.callTestCase(BuiltinKeywords.groovy:334)
	at Script1556094498836.run(Script1556094498836.groovy:160)
	... 13 more]]></system-err>
   </testsuite>
</testsuites>
