<?xml version="1.0" encoding="UTF-8"?>
<testsuites name="EditOrderTestSuit" time="287" tests="0" failures="1" errors="0">
   <testsuite name="EditOrderTestSuit" tests="0" failures="1" errors="0" time="287" timestamp="2019-08-01 14:40:39" hostname="user - Tester-pc" id="Test Suites/EditOrderSuites/EditOrderTestSuit">
      <properties>
         <property name="deviceName" value=""/>
         <property name="devicePlatform" value=""/>
         <property name="logFolder" value="C:\\Users\\user\\Documents\\testautomation\\KatalonProjects\\Reports\\EditOrderSuites\\EditOrderTestSuit\\20190801_144031"/>
         <property name="logFiles" value="C:\\Users\\user\\Documents\\testautomation\\KatalonProjects\\Reports\\EditOrderSuites\\EditOrderTestSuit\\20190801_144031\\execution0.log"/>
         <property name="attachments" value=""/>
         <property name="hostName" value="user - Tester-pc"/>
         <property name="os" value="Windows 8.1 64bit"/>
         <property name="katalonVersion" value="6.1.1.1"/>
         <property name="browser" value="Chrome 76.0.3809.87"/>
         <property name="hostAddress" value="10.0.60.38"/>
         <property name="sessionId" value="b7c8476199293f7708e449b75284880d"/>
         <property name="seleniumVersion" value="3.7.1"/>
         <property name="proxyInformation" value="ProxyInformation{proxyOption=NO_PROXY, proxyServerType=HTTP, password=, proxyServerAddress=, proxyServerPort=0}"/>
         <property name="platform" value="Windows 8.1"/>
      </properties>
      <testcase name="Test Cases/editOrder/rsEditOrderDonation" classname="Test Cases/editOrder/rsEditOrderDonation" status="FAILED">
         <failure type="FAILED" message="Test Cases/editOrder/rsEditOrderDonation FAILED.
Reason:
com.kms.katalon.core.exception.StepFailedException: Call Test Case 'Test Cases/editOrder/rsOrderHistoryConfirm' failed
	at com.kms.katalon.core.keyword.builtin.CallTestCaseKeyword$_callTestCase_closure1.doCall(CallTestCaseKeyword.groovy:63)
	at com.kms.katalon.core.keyword.builtin.CallTestCaseKeyword$_callTestCase_closure1.call(CallTestCaseKeyword.groovy)
	at com.kms.katalon.core.keyword.internal.KeywordMain.runKeyword(KeywordMain.groovy:66)
	at com.kms.katalon.core.keyword.builtin.CallTestCaseKeyword.callTestCase(CallTestCaseKeyword.groovy:81)
	at com.kms.katalon.core.keyword.builtin.CallTestCaseKeyword.execute(CallTestCaseKeyword.groovy:44)
	at com.kms.katalon.core.keyword.internal.KeywordExecutor.executeKeywordForPlatform(KeywordExecutor.groovy:56)
	at com.kms.katalon.core.keyword.BuiltinKeywords.callTestCase(BuiltinKeywords.groovy:334)
	at rsEditOrderDonation.run(rsEditOrderDonation:24)
	at com.kms.katalon.core.main.ScriptEngine.run(ScriptEngine.java:194)
	at com.kms.katalon.core.main.ScriptEngine.runScriptAsRawText(ScriptEngine.java:119)
	at com.kms.katalon.core.main.TestCaseExecutor.runScript(TestCaseExecutor.java:342)
	at com.kms.katalon.core.main.TestCaseExecutor.doExecute(TestCaseExecutor.java:333)
	at com.kms.katalon.core.main.TestCaseExecutor.processExecutionPhase(TestCaseExecutor.java:312)
	at com.kms.katalon.core.main.TestCaseExecutor.accessMainPhase(TestCaseExecutor.java:304)
	at com.kms.katalon.core.main.TestCaseExecutor.execute(TestCaseExecutor.java:238)
	at com.kms.katalon.core.main.TestSuiteExecutor.accessTestCaseMainPhase(TestSuiteExecutor.java:129)
	at com.kms.katalon.core.main.TestSuiteExecutor.accessTestSuiteMainPhase(TestSuiteExecutor.java:112)
	at com.kms.katalon.core.main.TestSuiteExecutor.execute(TestSuiteExecutor.java:81)
	at com.kms.katalon.core.main.TestCaseMain.startTestSuite(TestCaseMain.java:157)
	at com.kms.katalon.core.main.TestCaseMain$startTestSuite$0.call(Unknown Source)
	at TempTestSuite1564650631892.run(TempTestSuite1564650631892.groovy:35)
Caused by: Assertion failed: 

assert donationItemPresent.size() > 0
       |                   |      |
       []                  0      false

	at rsOrderHistoryConfirm.run(rsOrderHistoryConfirm:101)
	at com.kms.katalon.core.main.ScriptEngine.run(ScriptEngine.java:194)
	at com.kms.katalon.core.main.ScriptEngine.runScriptAsRawText(ScriptEngine.java:119)
	at com.kms.katalon.core.main.TestCaseExecutor.runScript(TestCaseExecutor.java:342)
	at com.kms.katalon.core.main.TestCaseExecutor.doExecute(TestCaseExecutor.java:333)
	at com.kms.katalon.core.main.TestCaseExecutor.processExecutionPhase(TestCaseExecutor.java:312)
	at com.kms.katalon.core.main.TestCaseExecutor.accessMainPhase(TestCaseExecutor.java:304)
	at com.kms.katalon.core.main.TestCaseExecutor.execute(TestCaseExecutor.java:238)
	at com.kms.katalon.core.main.TestCaseMain.runTestCase(TestCaseMain.java:114)
	at com.kms.katalon.core.keyword.builtin.CallTestCaseKeyword$_callTestCase_closure1.doCall(CallTestCaseKeyword.groovy:59)
	... 20 more
"/>
         <system-out><![CDATA[2019-08-01 14:40:40 - [TEST_CASE][FAILED] - Test Cases/editOrder/rsEditOrderDonation: Test Cases/editOrder/rsEditOrderDonation FAILED.
Reason:
com.kms.katalon.core.exception.StepFailedException: Call Test Case 'Test Cases/editOrder/rsOrderHistoryConfirm' failed
	at com.kms.katalon.core.keyword.builtin.CallTestCaseKeyword$_callTestCase_closure1.doCall(CallTestCaseKeyword.groovy:63)
	at com.kms.katalon.core.keyword.builtin.CallTestCaseKeyword$_callTestCase_closure1.call(CallTestCaseKeyword.groovy)
	at com.kms.katalon.core.keyword.internal.KeywordMain.runKeyword(KeywordMain.groovy:66)
	at com.kms.katalon.core.keyword.builtin.CallTestCaseKeyword.callTestCase(CallTestCaseKeyword.groovy:81)
	at com.kms.katalon.core.keyword.builtin.CallTestCaseKeyword.execute(CallTestCaseKeyword.groovy:44)
	at com.kms.katalon.core.keyword.internal.KeywordExecutor.executeKeywordForPlatform(KeywordExecutor.groovy:56)
	at com.kms.katalon.core.keyword.BuiltinKeywords.callTestCase(BuiltinKeywords.groovy:334)
	at rsEditOrderDonation.run(rsEditOrderDonation:24)
	at com.kms.katalon.core.main.ScriptEngine.run(ScriptEngine.java:194)
	at com.kms.katalon.core.main.ScriptEngine.runScriptAsRawText(ScriptEngine.java:119)
	at com.kms.katalon.core.main.TestCaseExecutor.runScript(TestCaseExecutor.java:342)
	at com.kms.katalon.core.main.TestCaseExecutor.doExecute(TestCaseExecutor.java:333)
	at com.kms.katalon.core.main.TestCaseExecutor.processExecutionPhase(TestCaseExecutor.java:312)
	at com.kms.katalon.core.main.TestCaseExecutor.accessMainPhase(TestCaseExecutor.java:304)
	at com.kms.katalon.core.main.TestCaseExecutor.execute(TestCaseExecutor.java:238)
	at com.kms.katalon.core.main.TestSuiteExecutor.accessTestCaseMainPhase(TestSuiteExecutor.java:129)
	at com.kms.katalon.core.main.TestSuiteExecutor.accessTestSuiteMainPhase(TestSuiteExecutor.java:112)
	at com.kms.katalon.core.main.TestSuiteExecutor.execute(TestSuiteExecutor.java:81)
	at com.kms.katalon.core.main.TestCaseMain.startTestSuite(TestCaseMain.java:157)
	at com.kms.katalon.core.main.TestCaseMain$startTestSuite$0.call(Unknown Source)
	at TempTestSuite1564650631892.run(TempTestSuite1564650631892.groovy:35)
Caused by: Assertion failed: 

assert donationItemPresent.size() > 0
       |                   |      |
       []                  0      false

	at rsOrderHistoryConfirm.run(rsOrderHistoryConfirm:101)
	at com.kms.katalon.core.main.ScriptEngine.run(ScriptEngine.java:194)
	at com.kms.katalon.core.main.ScriptEngine.runScriptAsRawText(ScriptEngine.java:119)
	at com.kms.katalon.core.main.TestCaseExecutor.runScript(TestCaseExecutor.java:342)
	at com.kms.katalon.core.main.TestCaseExecutor.doExecute(TestCaseExecutor.java:333)
	at com.kms.katalon.core.main.TestCaseExecutor.processExecutionPhase(TestCaseExecutor.java:312)
	at com.kms.katalon.core.main.TestCaseExecutor.accessMainPhase(TestCaseExecutor.java:304)
	at com.kms.katalon.core.main.TestCaseExecutor.execute(TestCaseExecutor.java:238)
	at com.kms.katalon.core.main.TestCaseMain.runTestCase(TestCaseMain.java:114)
	at com.kms.katalon.core.keyword.builtin.CallTestCaseKeyword$_callTestCase_closure1.doCall(CallTestCaseKeyword.groovy:59)
	... 20 more


2019-08-01 14:40:41 - [TEST_STEP][PASSED] - Start listener action : sampleBeforeTestCase: null

2019-08-01 14:40:41 - [TEST_STEP][PASSED] - println(testCaseContext.getTestCaseId()): null

2019-08-01 14:40:41 - [TEST_STEP][PASSED] - println(testCaseContext.getTestCaseVariables()): null

2019-08-01 14:40:42 - [TEST_STEP][PASSED] - callTestCase(findTestCase("editOrder/retailOrderBO"), ["editScenarioNumber":4], STOP_ON_FAILURE): Call Test Case 'Test Cases/editOrder/retailOrderBO' successfully

2019-08-01 14:40:42 - [TEST_CASE][PASSED] - Test Cases/editOrder/retailOrderBO: Test Cases/editOrder/retailOrderBO

2019-08-01 14:40:44 - [TEST_STEP][PASSED] - openBrowser(""): Browser is opened with url: ''

2019-08-01 14:40:44 - [MESSAGE][INFO] - Starting 'Chrome' driver

2019-08-01 14:40:44 - [MESSAGE][INFO] - User set preference: ['args', '[--use-fake-ui-for-media-stream, --start-maximized]']

2019-08-01 14:40:44 - [MESSAGE][INFO] - Action delay is set to 0 seconds

2019-08-01 14:40:50 - [MESSAGE][PASSED] - Browser is opened with url: ''

2019-08-01 14:40:50 - [TEST_STEP][PASSED] - driver = getWebDriver(): null

2019-08-01 14:40:50 - [TEST_STEP][PASSED] - executor = driver: null

2019-08-01 14:40:50 - [TEST_STEP][PASSED] - callTestCase(findTestCase("TestCaseUtilities/backOfficeLogin"), ["BOURL":"", "BOuser":"", "BOpass":""], STOP_ON_FAILURE): Call Test Case 'Test Cases/TestCaseUtilities/backOfficeLogin' successfully

2019-08-01 14:40:50 - [TEST_CASE][PASSED] - Test Cases/TestCaseUtilities/backOfficeLogin: Test Cases/TestCaseUtilities/backOfficeLogin

2019-08-01 14:40:51 - [TEST_STEP][PASSED] - BOURL = findTestData("envtData").getValue("BOURL", 1): null

2019-08-01 14:40:53 - [TEST_STEP][PASSED] - BOuser = findTestData("credData").getValue("BOuser", 1): null

2019-08-01 14:40:54 - [TEST_STEP][PASSED] - BOpass = findTestData("credData").getValue("BOpass", 1): null

2019-08-01 14:40:54 - [TEST_STEP][PASSED] - navigateToUrl(BOURL): Navigate to 'https://test18.cliotest.com/backoffice/control/main' successfully

2019-08-01 14:41:04 - [MESSAGE][PASSED] - Navigate to 'https://test18.cliotest.com/backoffice/control/main' successfully

2019-08-01 14:41:04 - [TEST_STEP][PASSED] - logOut = findWebElements(findTestObject("Object Repository/Page_cabi Home/log_out"), 1): Unable to find the element located by 'By.xpath: //a[contains(text(),'Log Out')]'. Please recheck the objects properties to make sure the desired element is located. 

2019-08-01 14:41:05 - [MESSAGE][INFO] - Unable to find the element located by 'By.xpath: //a[contains(text(),'Log Out')]'. Please recheck the objects properties to make sure the desired element is located. 

2019-08-01 14:41:05 - [TEST_STEP][PASSED] - if (logOut.size() == 0): Object: 'Object Repository/Page_cabi/input_Welcome to_consultantLogin' is clicked on

2019-08-01 14:41:05 - [TEST_STEP][PASSED] - setText(findTestObject("Page_cabi/input_Welcome to_USERNAME"), BOuser): Text '400000002' is set on object 'Object Repository/Page_cabi/input_Welcome to_USERNAME'

2019-08-01 14:41:05 - [MESSAGE][PASSED] - Text '400000002' is set on object 'Object Repository/Page_cabi/input_Welcome to_USERNAME'

2019-08-01 14:41:05 - [TEST_STEP][PASSED] - setText(findTestObject("Object Repository/Page_cabi/input_Welcome to_PASSWORD"), BOpass): Text 'blackdress19' is set on object 'Object Repository/Page_cabi/input_Welcome to_PASSWORD'

2019-08-01 14:41:06 - [MESSAGE][PASSED] - Text 'blackdress19' is set on object 'Object Repository/Page_cabi/input_Welcome to_PASSWORD'

2019-08-01 14:41:06 - [TEST_STEP][PASSED] - click(findTestObject("Object Repository/Page_cabi/input_Welcome to_consultantLogin")): Object: 'Object Repository/Page_cabi/input_Welcome to_consultantLogin' is clicked on

2019-08-01 14:41:19 - [MESSAGE][PASSED] - Object: 'Object Repository/Page_cabi/input_Welcome to_consultantLogin' is clicked on

2019-08-01 14:41:19 - [TEST_STEP][PASSED] - delay(3): Delayed 3 second(s)

2019-08-01 14:41:22 - [MESSAGE][PASSED] - Delayed 3 second(s)

2019-08-01 14:41:22 - [MESSAGE][PASSED] - Call Test Case 'Test Cases/TestCaseUtilities/backOfficeLogin' successfully

2019-08-01 14:41:22 - [TEST_STEP][PASSED] - click(findTestObject("Object Repository/Page_cabi Home/a_Shows  Orders")): Object: 'Object Repository/Page_cabi Home/a_Shows  Orders' is clicked on

2019-08-01 14:41:22 - [MESSAGE][PASSED] - Object: 'Object Repository/Page_cabi Home/a_Shows  Orders' is clicked on

2019-08-01 14:41:22 - [TEST_STEP][PASSED] - delay(1): Delayed 1 second(s)

2019-08-01 14:41:23 - [MESSAGE][PASSED] - Delayed 1 second(s)

2019-08-01 14:41:23 - [TEST_STEP][PASSED] - rightClick(findTestObject("Page_cabi Home/a_Shows  Orders")): Object: 'Object Repository/Page_cabi Home/a_Shows  Orders' is right clicked on

2019-08-01 14:41:24 - [MESSAGE][PASSED] - Object: 'Object Repository/Page_cabi Home/a_Shows  Orders' is right clicked on

2019-08-01 14:41:24 - [TEST_STEP][PASSED] - click(findTestObject("Page_cabi Home/a_retail_purchases")): Object: 'Object Repository/Page_cabi Home/a_retail_purchases' is clicked on

2019-08-01 14:41:30 - [MESSAGE][PASSED] - Object: 'Object Repository/Page_cabi Home/a_retail_purchases' is clicked on

2019-08-01 14:41:30 - [TEST_STEP][PASSED] - delay(3): Delayed 3 second(s)

2019-08-01 14:41:33 - [MESSAGE][PASSED] - Delayed 3 second(s)

2019-08-01 14:41:33 - [TEST_STEP][PASSED] - click(findTestObject("Object Repository/Page_cabi Home/existingCustomer")): Object: 'Object Repository/Page_cabi Home/existingCustomer' is clicked on

2019-08-01 14:41:33 - [MESSAGE][PASSED] - Object: 'Object Repository/Page_cabi Home/existingCustomer' is clicked on

2019-08-01 14:41:33 - [TEST_STEP][PASSED] - contactNumber = 14: null

2019-08-01 14:41:33 - [TEST_STEP][PASSED] - firstName = findTestData("contactData").getValue("firstName", contactNumber): null

2019-08-01 14:41:33 - [TEST_STEP][PASSED] - lastName = findTestData("contactData").getValue("lastName", contactNumber): null

2019-08-01 14:41:33 - [TEST_STEP][PASSED] - email = findTestData("contactData").getValue("email", contactNumber): null

2019-08-01 14:41:34 - [TEST_STEP][PASSED] - address1 = findTestData("contactData").getValue("address1", contactNumber): null

2019-08-01 14:41:34 - [TEST_STEP][PASSED] - city = findTestData("contactData").getValue("city", contactNumber): null

2019-08-01 14:41:34 - [TEST_STEP][PASSED] - state = findTestData("contactData").getValue("state", contactNumber): null

2019-08-01 14:41:34 - [TEST_STEP][PASSED] - zip = findTestData("contactData").getValue("zip", contactNumber): null

2019-08-01 14:41:34 - [TEST_STEP][PASSED] - existingCustFName = firstName: null

2019-08-01 14:41:34 - [TEST_STEP][PASSED] - existingCustLName = lastName: null

2019-08-01 14:41:34 - [TEST_STEP][PASSED] - space = " ": null

2019-08-01 14:41:34 - [TEST_STEP][PASSED] - existingCust = $existingCustFName$space$existingCustLName: null

2019-08-01 14:41:34 - [TEST_STEP][PASSED] - setText(findTestObject("Object Repository/Page_cabi Home/input_existing_guest"), existingCust): Text 'vishalguest1 abc' is set on object 'Object Repository/Page_cabi Home/input_existing_guest'

2019-08-01 14:41:35 - [MESSAGE][PASSED] - Text 'vishalguest1 abc' is set on object 'Object Repository/Page_cabi Home/input_existing_guest'

2019-08-01 14:41:35 - [TEST_STEP][PASSED] - delay(3): Delayed 3 second(s)

2019-08-01 14:41:38 - [MESSAGE][PASSED] - Delayed 3 second(s)

2019-08-01 14:41:38 - [TEST_STEP][PASSED] - rightClick(findTestObject("Object Repository/Page_cabi Home/input_existing_guest")): Object: 'Object Repository/Page_cabi Home/input_existing_guest' is right clicked on

2019-08-01 14:41:38 - [MESSAGE][PASSED] - Object: 'Object Repository/Page_cabi Home/input_existing_guest' is right clicked on

2019-08-01 14:41:38 - [TEST_STEP][PASSED] - rightClick(findTestObject("Object Repository/Page_cabi Home/input_existing_guest")): Object: 'Object Repository/Page_cabi Home/input_existing_guest' is right clicked on

2019-08-01 14:41:38 - [MESSAGE][PASSED] - Object: 'Object Repository/Page_cabi Home/input_existing_guest' is right clicked on

2019-08-01 14:41:38 - [TEST_STEP][PASSED] - click(findTestObject("Object Repository/Page_cabi Create Show - Set Hostess/a_select_customer")): Object: 'Object Repository/Page_cabi Create Show - Set Hostess/a_select_customer' is clicked on

2019-08-01 14:41:39 - [MESSAGE][PASSED] - Object: 'Object Repository/Page_cabi Create Show - Set Hostess/a_select_customer' is clicked on

2019-08-01 14:41:39 - [TEST_STEP][PASSED] - setText(findTestObject("Object Repository/Page_cabi Home/input_existing_guest"), existingCust): Text 'vishalguest1 abc' is set on object 'Object Repository/Page_cabi Home/input_existing_guest'

2019-08-01 14:41:40 - [MESSAGE][PASSED] - Text 'vishalguest1 abc' is set on object 'Object Repository/Page_cabi Home/input_existing_guest'

2019-08-01 14:41:40 - [TEST_STEP][PASSED] - setText(findTestObject("Object Repository/Page_cabi Retail Store/input_email"), email): Text 'vishalguest1@test.com' is set on object 'Object Repository/Page_cabi Retail Store/input_email'

2019-08-01 14:41:41 - [MESSAGE][PASSED] - Text 'vishalguest1@test.com' is set on object 'Object Repository/Page_cabi Retail Store/input_email'

2019-08-01 14:41:41 - [TEST_STEP][PASSED] - setText(findTestObject("Object Repository/Page_cabi Edit Customer Profile/input_Address1_address1"), address1): Text '972 BRAHMS CT' is set on object 'Object Repository/Page_cabi Edit Customer Profile/input_Address1_address1'

2019-08-01 14:41:41 - [MESSAGE][PASSED] - Text '972 BRAHMS CT' is set on object 'Object Repository/Page_cabi Edit Customer Profile/input_Address1_address1'

2019-08-01 14:41:41 - [TEST_STEP][PASSED] - setText(findTestObject("Object Repository/Page_cabi Edit Customer Profile/input_Address2_address2"), ""): Text '' is set on object 'Object Repository/Page_cabi Edit Customer Profile/input_Address2_address2'

2019-08-01 14:41:41 - [MESSAGE][PASSED] - Text '' is set on object 'Object Repository/Page_cabi Edit Customer Profile/input_Address2_address2'

2019-08-01 14:41:41 - [TEST_STEP][PASSED] - setText(findTestObject("Object Repository/Page_cabi Edit Customer Profile/input_City_city"), city): Text 'TROY' is set on object 'Object Repository/Page_cabi Edit Customer Profile/input_City_city'

2019-08-01 14:41:42 - [MESSAGE][PASSED] - Text 'TROY' is set on object 'Object Repository/Page_cabi Edit Customer Profile/input_City_city'

2019-08-01 14:41:42 - [TEST_STEP][PASSED] - click(findTestObject("Page_cabi Edit Customer Profile/span_select_a_state")): Object: 'Object Repository/Page_cabi Edit Customer Profile/span_select_a_state' is clicked on

2019-08-01 14:41:42 - [MESSAGE][PASSED] - Object: 'Object Repository/Page_cabi Edit Customer Profile/span_select_a_state' is clicked on

2019-08-01 14:41:42 - [TEST_STEP][PASSED] - delay(1): Delayed 1 second(s)

2019-08-01 14:41:43 - [MESSAGE][PASSED] - Delayed 1 second(s)

2019-08-01 14:41:43 - [TEST_STEP][PASSED] - setText(findTestObject("Object Repository/Page_cabi Edit Customer Profile/input_state_1"), state): Text 'Michigan' is set on object 'Object Repository/Page_cabi Edit Customer Profile/input_state_1'

2019-08-01 14:41:44 - [MESSAGE][PASSED] - Text 'Michigan' is set on object 'Object Repository/Page_cabi Edit Customer Profile/input_state_1'

2019-08-01 14:41:44 - [TEST_STEP][PASSED] - delay(2): Delayed 2 second(s)

2019-08-01 14:41:46 - [MESSAGE][PASSED] - Delayed 2 second(s)

2019-08-01 14:41:46 - [TEST_STEP][PASSED] - click(findTestObject("Page_cabi Edit Customer Profile/span_state")): Object: 'Object Repository/Page_cabi Edit Customer Profile/span_state' is clicked on

2019-08-01 14:41:46 - [MESSAGE][PASSED] - Object: 'Object Repository/Page_cabi Edit Customer Profile/span_state' is clicked on

2019-08-01 14:41:46 - [TEST_STEP][PASSED] - setText(findTestObject("Page_cabi Edit Customer Profile/input_state_postalCode"), zip): Text '48085' is set on object 'Object Repository/Page_cabi Edit Customer Profile/input_state_postalCode'

2019-08-01 14:41:47 - [MESSAGE][PASSED] - Text '48085' is set on object 'Object Repository/Page_cabi Edit Customer Profile/input_state_postalCode'

2019-08-01 14:41:47 - [TEST_STEP][PASSED] - delay(5): Delayed 5 second(s)

2019-08-01 14:41:52 - [MESSAGE][PASSED] - Delayed 5 second(s)

2019-08-01 14:41:52 - [TEST_STEP][PASSED] - check(findTestObject("Object Repository/Page_cabi Home/a_same_shipping_address")): Object 'Object Repository/Page_cabi Home/a_same_shipping_address' is checked

2019-08-01 14:41:52 - [MESSAGE][PASSED] - Object 'Object Repository/Page_cabi Home/a_same_shipping_address' is checked

2019-08-01 14:41:52 - [TEST_STEP][PASSED] - delay(5): Delayed 5 second(s)

2019-08-01 14:41:57 - [MESSAGE][PASSED] - Delayed 5 second(s)

2019-08-01 14:41:57 - [TEST_STEP][PASSED] - check(findTestObject("Object Repository/Page_cabi Home/a_same_shipping_address")): Object 'Object Repository/Page_cabi Home/a_same_shipping_address' is checked

2019-08-01 14:41:57 - [MESSAGE][PASSED] - Object 'Object Repository/Page_cabi Home/a_same_shipping_address' is checked

2019-08-01 14:41:57 - [TEST_STEP][PASSED] - delay(5): Delayed 5 second(s)

2019-08-01 14:42:02 - [MESSAGE][PASSED] - Delayed 5 second(s)

2019-08-01 14:42:02 - [TEST_STEP][PASSED] - nextButton = driver.findElement(By.xpath("//li/a/span[@id='returnToActionLabel']")): null

2019-08-01 14:42:02 - [TEST_STEP][PASSED] - executor.executeScript("arguments[0].click();", nextButton): null

2019-08-01 14:42:02 - [TEST_STEP][PASSED] - delay(3): Delayed 3 second(s)

2019-08-01 14:42:05 - [MESSAGE][PASSED] - Delayed 3 second(s)

2019-08-01 14:42:05 - [TEST_STEP][PASSED] - click(findTestObject("Object Repository/Page_cabi Retail Store/span_quick_entry")): Object: 'Object Repository/Page_cabi Retail Store/span_quick_entry' is clicked on

2019-08-01 14:42:10 - [MESSAGE][PASSED] - Object: 'Object Repository/Page_cabi Retail Store/span_quick_entry' is clicked on

2019-08-01 14:42:10 - [TEST_STEP][PASSED] - delay(3): Delayed 3 second(s)

2019-08-01 14:42:13 - [MESSAGE][PASSED] - Delayed 3 second(s)

2019-08-01 14:42:13 - [TEST_STEP][PASSED] - emptyCart = findWebElements(findTestObject("Object Repository/Page_cabi Personal Store/removeFromCart"), 5): Unable to find the element located by 'By.xpath: //*[@id="removeFromCart_0"]/span'. Please recheck the objects properties to make sure the desired element is located. 

2019-08-01 14:42:18 - [MESSAGE][INFO] - Unable to find the element located by 'By.xpath: //*[@id="removeFromCart_0"]/span'. Please recheck the objects properties to make sure the desired element is located. 

2019-08-01 14:42:18 - [TEST_STEP][PASSED] - if (emptyCart.size() > 0): null

2019-08-01 14:42:18 - [TEST_STEP][PASSED] - addOnStyle = findTestData("miscData").getValue("addOnStyle", 1): null

2019-08-01 14:42:18 - [TEST_STEP][PASSED] - addOnStyle2 = findTestData("miscData").getValue("addOnStyle", 2): null

2019-08-01 14:42:18 - [TEST_STEP][PASSED] - click(findTestObject("Object Repository/Page_cabi Create Order/input_Manual Discount_stylelookup_0")): Object: 'Object Repository/Page_cabi Create Order/input_Manual Discount_stylelookup_0' is clicked on

2019-08-01 14:42:19 - [MESSAGE][PASSED] - Object: 'Object Repository/Page_cabi Create Order/input_Manual Discount_stylelookup_0' is clicked on

2019-08-01 14:42:19 - [TEST_STEP][PASSED] - setText(findTestObject("Object Repository/Page_cabi Create Order/input_Manual Discount_stylelookup_0"), addOnStyle): Text '3701' is set on object 'Object Repository/Page_cabi Create Order/input_Manual Discount_stylelookup_0'

2019-08-01 14:42:19 - [MESSAGE][PASSED] - Text '3701' is set on object 'Object Repository/Page_cabi Create Order/input_Manual Discount_stylelookup_0'

2019-08-01 14:42:19 - [TEST_STEP][PASSED] - delay(3): Delayed 3 second(s)

2019-08-01 14:42:22 - [MESSAGE][PASSED] - Delayed 3 second(s)

2019-08-01 14:42:22 - [TEST_STEP][PASSED] - prod_message = getText(findTestObject("Page_cabi Create Order/first_option")): Text of object 'Object Repository/Page_cabi Create Order/first_option' is: '3701 Shetland Sweater'

2019-08-01 14:42:22 - [MESSAGE][PASSED] - Text of object 'Object Repository/Page_cabi Create Order/first_option' is: '3701 Shetland Sweater'

2019-08-01 14:42:22 - [TEST_STEP][PASSED] - click(findTestObject("Page_cabi Create Order/first_option")): Object: 'Object Repository/Page_cabi Create Order/first_option' is clicked on

2019-08-01 14:42:22 - [MESSAGE][PASSED] - Object: 'Object Repository/Page_cabi Create Order/first_option' is clicked on

2019-08-01 14:42:22 - [TEST_STEP][PASSED] - delay(5): Delayed 5 second(s)

2019-08-01 14:42:27 - [MESSAGE][PASSED] - Delayed 5 second(s)

2019-08-01 14:42:27 - [TEST_STEP][PASSED] - click(findTestObject("Object Repository/Page_cabi Order Items/selectSize")): Object: 'Object Repository/Page_cabi Order Items/selectSize' is clicked on

2019-08-01 14:42:28 - [MESSAGE][PASSED] - Object: 'Object Repository/Page_cabi Order Items/selectSize' is clicked on

2019-08-01 14:42:28 - [TEST_STEP][PASSED] - click(findTestObject("Object Repository/Page_cabi Order Items/span_Add to Cart")): Object: 'Object Repository/Page_cabi Order Items/span_Add to Cart' is clicked on

2019-08-01 14:42:28 - [MESSAGE][PASSED] - Object: 'Object Repository/Page_cabi Order Items/span_Add to Cart' is clicked on

2019-08-01 14:42:28 - [TEST_STEP][PASSED] - delay(5): Delayed 5 second(s)

2019-08-01 14:42:33 - [MESSAGE][PASSED] - Delayed 5 second(s)

2019-08-01 14:42:33 - [TEST_STEP][PASSED] - click(findTestObject("Object Repository/Page_cabi Create Order/inputStyleLookup1")): Object: 'Object Repository/Page_cabi Create Order/inputStyleLookup1' is clicked on

2019-08-01 14:42:33 - [MESSAGE][PASSED] - Object: 'Object Repository/Page_cabi Create Order/inputStyleLookup1' is clicked on

2019-08-01 14:42:33 - [TEST_STEP][PASSED] - setText(findTestObject("Object Repository/Page_cabi Create Order/inputStyleLookup1"), addOnStyle2): Text '3702' is set on object 'Object Repository/Page_cabi Create Order/inputStyleLookup1'

2019-08-01 14:42:33 - [MESSAGE][PASSED] - Text '3702' is set on object 'Object Repository/Page_cabi Create Order/inputStyleLookup1'

2019-08-01 14:42:33 - [TEST_STEP][PASSED] - delay(3): Delayed 3 second(s)

2019-08-01 14:42:36 - [MESSAGE][PASSED] - Delayed 3 second(s)

2019-08-01 14:42:36 - [TEST_STEP][PASSED] - prod_message2 = getText(findTestObject("Page_cabi Create Order/first_option")): Text of object 'Object Repository/Page_cabi Create Order/first_option' is: '3702 Repose Cape'

2019-08-01 14:42:36 - [MESSAGE][PASSED] - Text of object 'Object Repository/Page_cabi Create Order/first_option' is: '3702 Repose Cape'

2019-08-01 14:42:36 - [TEST_STEP][PASSED] - click(findTestObject("Page_cabi Create Order/first_option")): Object: 'Object Repository/Page_cabi Create Order/first_option' is clicked on

2019-08-01 14:42:37 - [MESSAGE][PASSED] - Object: 'Object Repository/Page_cabi Create Order/first_option' is clicked on

2019-08-01 14:42:37 - [TEST_STEP][PASSED] - delay(5): Delayed 5 second(s)

2019-08-01 14:42:42 - [MESSAGE][PASSED] - Delayed 5 second(s)

2019-08-01 14:42:42 - [TEST_STEP][PASSED] - click(findTestObject("Object Repository/Page_cabi Order Items/selectSize2")): Object: 'Object Repository/Page_cabi Order Items/selectSize2' is clicked on

2019-08-01 14:42:42 - [MESSAGE][PASSED] - Object: 'Object Repository/Page_cabi Order Items/selectSize2' is clicked on

2019-08-01 14:42:42 - [TEST_STEP][PASSED] - click(findTestObject("Object Repository/Page_cabi Order Items/addToCart2")): Object: 'Object Repository/Page_cabi Order Items/addToCart2' is clicked on

2019-08-01 14:42:42 - [MESSAGE][PASSED] - Object: 'Object Repository/Page_cabi Order Items/addToCart2' is clicked on

2019-08-01 14:42:42 - [TEST_STEP][PASSED] - delay(5): Delayed 5 second(s)

2019-08-01 14:42:47 - [MESSAGE][PASSED] - Delayed 5 second(s)

2019-08-01 14:42:47 - [TEST_STEP][PASSED] - if (editScenarioNumber == 1): null

2019-08-01 14:42:47 - [TEST_STEP][PASSED] - else if (editScenarioNumber == 2): null

2019-08-01 14:42:47 - [TEST_STEP][PASSED] - else if (editScenarioNumber == 3): null

2019-08-01 14:42:47 - [TEST_STEP][PASSED] - else if (editScenarioNumber == 4): Object: 'Object Repository/Page_cabi Order Items/span_add_to_cart' is clicked on

2019-08-01 14:42:47 - [TEST_STEP][PASSED] - println("scen = 4"): null

2019-08-01 14:42:47 - [TEST_STEP][PASSED] - click(findTestObject("Object Repository/Page_cabi Retail Store/span_donation")): Object: 'Object Repository/Page_cabi Retail Store/span_donation' is clicked on

2019-08-01 14:42:49 - [MESSAGE][PASSED] - Object: 'Object Repository/Page_cabi Retail Store/span_donation' is clicked on

2019-08-01 14:42:49 - [TEST_STEP][PASSED] - delay(5): Delayed 5 second(s)

2019-08-01 14:42:54 - [MESSAGE][PASSED] - Delayed 5 second(s)

2019-08-01 14:42:54 - [TEST_STEP][PASSED] - click(findTestObject("Object Repository/Page_cabi Order Items/select_donation_amount")): Object: 'Object Repository/Page_cabi Order Items/select_donation_amount' is clicked on

2019-08-01 14:42:54 - [MESSAGE][PASSED] - Object: 'Object Repository/Page_cabi Order Items/select_donation_amount' is clicked on

2019-08-01 14:42:54 - [TEST_STEP][PASSED] - click(findTestObject("Object Repository/Page_cabi Order Items/span_add_to_cart")): Object: 'Object Repository/Page_cabi Order Items/span_add_to_cart' is clicked on

2019-08-01 14:42:55 - [MESSAGE][PASSED] - Object: 'Object Repository/Page_cabi Order Items/span_add_to_cart' is clicked on

2019-08-01 14:42:55 - [TEST_STEP][PASSED] - click(findTestObject("Object Repository/Page_cabi Order Items/a_checkout")): Object: 'Object Repository/Page_cabi Order Items/a_checkout' is clicked on

2019-08-01 14:42:55 - [MESSAGE][PASSED] - Object: 'Object Repository/Page_cabi Order Items/a_checkout' is clicked on

2019-08-01 14:42:55 - [TEST_STEP][PASSED] - delay(3): Delayed 3 second(s)

2019-08-01 14:42:58 - [MESSAGE][PASSED] - Delayed 3 second(s)

2019-08-01 14:42:58 - [TEST_STEP][PASSED] - click(findTestObject("Page_cabi Personal Store/nextButtonShipping")): Object: 'Object Repository/Page_cabi Personal Store/nextButtonShipping' is clicked on

2019-08-01 14:42:58 - [MESSAGE][PASSED] - Object: 'Object Repository/Page_cabi Personal Store/nextButtonShipping' is clicked on

2019-08-01 14:42:58 - [TEST_STEP][PASSED] - delay(3): Delayed 3 second(s)

2019-08-01 14:43:01 - [MESSAGE][PASSED] - Delayed 3 second(s)

2019-08-01 14:43:01 - [TEST_STEP][PASSED] - click(findTestObject("Page_cabi Personal Store/makeFirstPayment")): Object: 'Object Repository/Page_cabi Personal Store/makeFirstPayment' is clicked on

2019-08-01 14:43:01 - [MESSAGE][PASSED] - Object: 'Object Repository/Page_cabi Personal Store/makeFirstPayment' is clicked on

2019-08-01 14:43:01 - [TEST_STEP][PASSED] - click(findTestObject("Object Repository/Page_cabi Personal Store/select_cash")): Object: 'Object Repository/Page_cabi Personal Store/select_cash' is clicked on

2019-08-01 14:43:02 - [MESSAGE][PASSED] - Object: 'Object Repository/Page_cabi Personal Store/select_cash' is clicked on

2019-08-01 14:43:02 - [TEST_STEP][PASSED] - click(findTestObject("Page_cabi Personal Store/submitPayment")): Object: 'Object Repository/Page_cabi Personal Store/submitPayment' is clicked on

2019-08-01 14:43:02 - [MESSAGE][PASSED] - Object: 'Object Repository/Page_cabi Personal Store/submitPayment' is clicked on

2019-08-01 14:43:02 - [TEST_STEP][PASSED] - click(findTestObject("Page_cabi Personal Store/submitOrderId")): Object: 'Object Repository/Page_cabi Personal Store/submitOrderId' is clicked on

2019-08-01 14:43:05 - [MESSAGE][PASSED] - Object: 'Object Repository/Page_cabi Personal Store/submitOrderId' is clicked on

2019-08-01 14:43:05 - [TEST_STEP][PASSED] - successMsg = "": null

2019-08-01 14:43:05 - [TEST_STEP][PASSED] - orderSuccess = false: null

2019-08-01 14:43:05 - [TEST_STEP][PASSED] - successMsgs = findWebElements(findTestObject("Object Repository/Page_cabi Personal Store/p_success_msg"), 5): null

2019-08-01 14:43:06 - [TEST_STEP][PASSED] - if (successMsgs.size() > 0): Text of object 'Object Repository/Page_cabi Personal Store/p_order_id' is: 'RT708089901'

2019-08-01 14:43:06 - [TEST_STEP][PASSED] - successMsg = getText(findTestObject("Object Repository/Page_cabi Personal Store/p_success_msg")): Text of object 'Object Repository/Page_cabi Personal Store/p_success_msg' is: 'Order Created Successfully!!
Order #:  RT708089901

CONTINUE SHOPPING'

2019-08-01 14:43:06 - [MESSAGE][PASSED] - Text of object 'Object Repository/Page_cabi Personal Store/p_success_msg' is: 'Order Created Successfully!!
Order #:  RT708089901

CONTINUE SHOPPING'

2019-08-01 14:43:06 - [TEST_STEP][PASSED] - orderSuccess = true: null

2019-08-01 14:43:06 - [TEST_STEP][PASSED] - retailOrderID = getText(findTestObject("Object Repository/Page_cabi Personal Store/p_order_id")): Text of object 'Object Repository/Page_cabi Personal Store/p_order_id' is: 'RT708089901'

2019-08-01 14:43:06 - [MESSAGE][PASSED] - Text of object 'Object Repository/Page_cabi Personal Store/p_order_id' is: 'RT708089901'

2019-08-01 14:43:07 - [TEST_STEP][PASSED] - assert orderSuccess == true: null

2019-08-01 14:43:07 - [TEST_STEP][NOT_RUN] - closeBrowser(): NOT_RUN: closeBrowser()

2019-08-01 14:43:07 - [MESSAGE][NOT_RUN] - NOT_RUN: closeBrowser()

2019-08-01 14:43:07 - [MESSAGE][PASSED] - Call Test Case 'Test Cases/editOrder/retailOrderBO' successfully

2019-08-01 14:43:07 - [TEST_STEP][PASSED] - delay(10): Delayed 10 second(s)

2019-08-01 14:43:17 - [MESSAGE][PASSED] - Delayed 10 second(s)

2019-08-01 14:43:17 - [TEST_STEP][PASSED] - callTestCase(findTestCase("TestCaseUtilities/setVHost"), [:], STOP_ON_FAILURE): Call Test Case 'Test Cases/TestCaseUtilities/setVHost' successfully

2019-08-01 14:43:17 - [TEST_CASE][PASSED] - Test Cases/TestCaseUtilities/setVHost: Test Cases/TestCaseUtilities/setVHost

2019-08-01 14:43:18 - [TEST_STEP][PASSED] - ofbizURL = findTestData("envtData").getValue("ofbizURL", 1): null

2019-08-01 14:43:18 - [TEST_STEP][PASSED] - ofbizUser = findTestData("credData").getValue("ofbizuser", 1): null

2019-08-01 14:43:18 - [TEST_STEP][PASSED] - ofbizPass = findTestData("credData").getValue("ofbizpass", 1): null

2019-08-01 14:43:18 - [TEST_STEP][PASSED] - vhostTarget = findTestData("envtData").getValue("vhostTarget", 1): null

2019-08-01 14:43:18 - [TEST_STEP][PASSED] - navigateToUrl(ofbizURL): Navigate to 'https://pushofbiz.cliotest.com/login.php' successfully

2019-08-01 14:43:21 - [MESSAGE][PASSED] - Navigate to 'https://pushofbiz.cliotest.com/login.php' successfully

2019-08-01 14:43:21 - [TEST_STEP][PASSED] - setText(findTestObject("Object Repository/virualShowRSVPOR/Page_/input_Username_username"), ofbizUser): Text 'automation' is set on object 'Object Repository/virualShowRSVPOR/Page_/input_Username_username'

2019-08-01 14:43:21 - [MESSAGE][PASSED] - Text 'automation' is set on object 'Object Repository/virualShowRSVPOR/Page_/input_Username_username'

2019-08-01 14:43:21 - [TEST_STEP][PASSED] - setText(findTestObject("Object Repository/virualShowRSVPOR/Page_/input_Password_password"), ofbizPass): Text 'cabiautomation' is set on object 'Object Repository/virualShowRSVPOR/Page_/input_Password_password'

2019-08-01 14:43:21 - [MESSAGE][PASSED] - Text 'cabiautomation' is set on object 'Object Repository/virualShowRSVPOR/Page_/input_Password_password'

2019-08-01 14:43:21 - [TEST_STEP][PASSED] - click(findTestObject("Object Repository/virualShowRSVPOR/Page_/input_Password_Submit")): Object: 'Object Repository/virualShowRSVPOR/Page_/input_Password_Submit' is clicked on

2019-08-01 14:43:27 - [MESSAGE][PASSED] - Object: 'Object Repository/virualShowRSVPOR/Page_/input_Password_Submit' is clicked on

2019-08-01 14:43:27 - [TEST_STEP][PASSED] - click(findTestObject("Object Repository/virualShowRSVPOR/Page_/a_Set Vhost")): Object: 'Object Repository/virualShowRSVPOR/Page_/a_Set Vhost' is clicked on

2019-08-01 14:43:28 - [MESSAGE][PASSED] - Object: 'Object Repository/virualShowRSVPOR/Page_/a_Set Vhost' is clicked on

2019-08-01 14:43:28 - [TEST_STEP][PASSED] - click(UtilityMethods.createTestObject("select_target", "//select[@name='Target']/option[contains(text(), '", vhostTarget, "')]")): Object: 'select_target' is clicked on

2019-08-01 14:43:28 - [MESSAGE][PASSED] - Object: 'select_target' is clicked on

2019-08-01 14:43:28 - [TEST_STEP][PASSED] - click(findTestObject("Object Repository/virualShowRSVPOR/Page_/input")): Object: 'Object Repository/virualShowRSVPOR/Page_/input' is clicked on

2019-08-01 14:43:31 - [MESSAGE][PASSED] - Object: 'Object Repository/virualShowRSVPOR/Page_/input' is clicked on

2019-08-01 14:43:31 - [MESSAGE][PASSED] - Call Test Case 'Test Cases/TestCaseUtilities/setVHost' successfully

2019-08-01 14:43:31 - [TEST_STEP][PASSED] - callTestCase(findTestCase("TestCaseUtilities/rsLogin"), ["RSURL":"", "RSuser":"", "RSpass":""], STOP_ON_FAILURE): Call Test Case 'Test Cases/TestCaseUtilities/rsLogin' successfully

2019-08-01 14:43:31 - [TEST_CASE][PASSED] - Test Cases/TestCaseUtilities/rsLogin: Test Cases/TestCaseUtilities/rsLogin

2019-08-01 14:43:32 - [TEST_STEP][PASSED] - dataFile = "micrositeData": null

2019-08-01 14:43:32 - [TEST_STEP][PASSED] - guest1Mail = findTestData(dataFile).getValue("guest1Mail", 1): null

2019-08-01 14:43:32 - [TEST_STEP][PASSED] - guest1Pass = findTestData(dataFile).getValue("guest1Pass", 1): null

2019-08-01 14:43:32 - [TEST_STEP][PASSED] - RSTestEnvt = findTestData("envtData").getValue("RSTestEnvt", 1): null

2019-08-01 14:43:32 - [TEST_STEP][PASSED] - openBrowser(""): Browser is opened with url: ''

2019-08-01 14:43:32 - [MESSAGE][WARNING] - A browser is already opened. Closing browser and opening a new one

2019-08-01 14:43:33 - [MESSAGE][INFO] - Starting 'Chrome' driver

2019-08-01 14:43:33 - [MESSAGE][INFO] - User set preference: ['args', '[--use-fake-ui-for-media-stream, --start-maximized]']

2019-08-01 14:43:36 - [MESSAGE][PASSED] - Browser is opened with url: ''

2019-08-01 14:43:36 - [TEST_STEP][PASSED] - callTestCase(findTestCase("TestCaseUtilities/setVHost"), [:], STOP_ON_FAILURE): Call Test Case 'Test Cases/TestCaseUtilities/setVHost' successfully

2019-08-01 14:43:36 - [TEST_CASE][PASSED] - Test Cases/TestCaseUtilities/setVHost: Test Cases/TestCaseUtilities/setVHost

2019-08-01 14:43:36 - [TEST_STEP][PASSED] - ofbizURL = findTestData("envtData").getValue("ofbizURL", 1): null

2019-08-01 14:43:36 - [TEST_STEP][PASSED] - ofbizUser = findTestData("credData").getValue("ofbizuser", 1): null

2019-08-01 14:43:36 - [TEST_STEP][PASSED] - ofbizPass = findTestData("credData").getValue("ofbizpass", 1): null

2019-08-01 14:43:37 - [TEST_STEP][PASSED] - vhostTarget = findTestData("envtData").getValue("vhostTarget", 1): null

2019-08-01 14:43:37 - [TEST_STEP][PASSED] - navigateToUrl(ofbizURL): Navigate to 'https://pushofbiz.cliotest.com/login.php' successfully

2019-08-01 14:43:39 - [MESSAGE][PASSED] - Navigate to 'https://pushofbiz.cliotest.com/login.php' successfully

2019-08-01 14:43:39 - [TEST_STEP][PASSED] - setText(findTestObject("Object Repository/virualShowRSVPOR/Page_/input_Username_username"), ofbizUser): Text 'automation' is set on object 'Object Repository/virualShowRSVPOR/Page_/input_Username_username'

2019-08-01 14:43:39 - [MESSAGE][PASSED] - Text 'automation' is set on object 'Object Repository/virualShowRSVPOR/Page_/input_Username_username'

2019-08-01 14:43:39 - [TEST_STEP][PASSED] - setText(findTestObject("Object Repository/virualShowRSVPOR/Page_/input_Password_password"), ofbizPass): Text 'cabiautomation' is set on object 'Object Repository/virualShowRSVPOR/Page_/input_Password_password'

2019-08-01 14:43:39 - [MESSAGE][PASSED] - Text 'cabiautomation' is set on object 'Object Repository/virualShowRSVPOR/Page_/input_Password_password'

2019-08-01 14:43:39 - [TEST_STEP][PASSED] - click(findTestObject("Object Repository/virualShowRSVPOR/Page_/input_Password_Submit")): Object: 'Object Repository/virualShowRSVPOR/Page_/input_Password_Submit' is clicked on

2019-08-01 14:43:44 - [MESSAGE][PASSED] - Object: 'Object Repository/virualShowRSVPOR/Page_/input_Password_Submit' is clicked on

2019-08-01 14:43:44 - [TEST_STEP][PASSED] - click(findTestObject("Object Repository/virualShowRSVPOR/Page_/a_Set Vhost")): Object: 'Object Repository/virualShowRSVPOR/Page_/a_Set Vhost' is clicked on

2019-08-01 14:43:44 - [MESSAGE][PASSED] - Object: 'Object Repository/virualShowRSVPOR/Page_/a_Set Vhost' is clicked on

2019-08-01 14:43:44 - [TEST_STEP][PASSED] - click(UtilityMethods.createTestObject("select_target", "//select[@name='Target']/option[contains(text(), '", vhostTarget, "')]")): Object: 'select_target' is clicked on

2019-08-01 14:43:44 - [MESSAGE][PASSED] - Object: 'select_target' is clicked on

2019-08-01 14:43:44 - [TEST_STEP][PASSED] - click(findTestObject("Object Repository/virualShowRSVPOR/Page_/input")): Object: 'Object Repository/virualShowRSVPOR/Page_/input' is clicked on

2019-08-01 14:43:48 - [MESSAGE][PASSED] - Object: 'Object Repository/virualShowRSVPOR/Page_/input' is clicked on

2019-08-01 14:43:48 - [MESSAGE][PASSED] - Call Test Case 'Test Cases/TestCaseUtilities/setVHost' successfully

2019-08-01 14:43:48 - [TEST_STEP][PASSED] - loginURL = UtilityMethods.concat("https://mirandakate.", RSTestEnvt, ".com/?component=account.login-gateway"): null

2019-08-01 14:43:48 - [TEST_STEP][PASSED] - navigateToUrl(loginURL): Navigate to 'https://mirandakate.cabitest5.com/?component=account.login-gateway' successfully

2019-08-01 14:44:20 - [MESSAGE][PASSED] - Navigate to 'https://mirandakate.cabitest5.com/?component=account.login-gateway' successfully

2019-08-01 14:44:20 - [TEST_STEP][PASSED] - "Login with the invited guest": null

2019-08-01 14:44:20 - [TEST_STEP][PASSED] - delay(3): Delayed 3 second(s)

2019-08-01 14:44:23 - [MESSAGE][PASSED] - Delayed 3 second(s)

2019-08-01 14:44:23 - [TEST_STEP][PASSED] - setText(findTestObject("Object Repository/virualShowRSVPOR/Page_Show microsite/input_Sign in  Create account_email"), guest1Mail): Text 'vishalguest1@test.com' is set on object 'Object Repository/virualShowRSVPOR/Page_Show microsite/input_Sign in  Create account_email'

2019-08-01 14:44:24 - [MESSAGE][PASSED] - Text 'vishalguest1@test.com' is set on object 'Object Repository/virualShowRSVPOR/Page_Show microsite/input_Sign in  Create account_email'

2019-08-01 14:44:24 - [TEST_STEP][PASSED] - click(findTestObject("Object Repository/virualShowRSVPOR/Page_Show microsite/button_Continue")): Object: 'Object Repository/virualShowRSVPOR/Page_Show microsite/button_Continue' is clicked on

2019-08-01 14:44:24 - [MESSAGE][PASSED] - Object: 'Object Repository/virualShowRSVPOR/Page_Show microsite/button_Continue' is clicked on

2019-08-01 14:44:24 - [TEST_STEP][PASSED] - setText(findTestObject("Object Repository/virualShowRSVPOR/Page_Show microsite/input_Welcome_password"), guest1Pass): Text 'blackdress19' is set on object 'Object Repository/virualShowRSVPOR/Page_Show microsite/input_Welcome_password'

2019-08-01 14:44:25 - [MESSAGE][PASSED] - Text 'blackdress19' is set on object 'Object Repository/virualShowRSVPOR/Page_Show microsite/input_Welcome_password'

2019-08-01 14:44:25 - [TEST_STEP][PASSED] - click(findTestObject("Object Repository/virualShowRSVPOR/Page_Show microsite/button_Continue_pass")): Object: 'Object Repository/virualShowRSVPOR/Page_Show microsite/button_Continue_pass' is clicked on

2019-08-01 14:44:26 - [MESSAGE][PASSED] - Object: 'Object Repository/virualShowRSVPOR/Page_Show microsite/button_Continue_pass' is clicked on

2019-08-01 14:44:26 - [TEST_STEP][PASSED] - delay(5): Delayed 5 second(s)

2019-08-01 14:44:31 - [MESSAGE][PASSED] - Delayed 5 second(s)

2019-08-01 14:44:31 - [TEST_STEP][PASSED] - if (verifyElementPresent(findTestObject("Object Repository/virualShowRSVPOR/Page_Show microsite/complete_my_profile_later"), 0)): Object: 'Object Repository/virualShowRSVPOR/Page_Show microsite/div_Ill complete my profile later' is clicked on

2019-08-01 14:44:31 - [MESSAGE][WARNING] - Timeout '0' is invalid. Using default page load timeout: '30'

2019-08-01 14:44:31 - [MESSAGE][PASSED] - Object 'Object Repository/virualShowRSVPOR/Page_Show microsite/complete_my_profile_later' is present

2019-08-01 14:44:31 - [TEST_STEP][PASSED] - click(findTestObject("Object Repository/virualShowRSVPOR/Page_Show microsite/div_Ill complete my profile later")): Object: 'Object Repository/virualShowRSVPOR/Page_Show microsite/div_Ill complete my profile later' is clicked on

2019-08-01 14:44:48 - [MESSAGE][PASSED] - Object: 'Object Repository/virualShowRSVPOR/Page_Show microsite/div_Ill complete my profile later' is clicked on

2019-08-01 14:44:48 - [MESSAGE][PASSED] - Call Test Case 'Test Cases/TestCaseUtilities/rsLogin' successfully

2019-08-01 14:44:48 - [TEST_STEP][FAILED] - callTestCase(findTestCase("editOrder/rsOrderHistoryConfirm"), ["orderID":"", "editScenarioNumber":4], STOP_ON_FAILURE): callTestCase(findTestCase("editOrder/rsOrderHistoryConfirm"), ["orderID":"", "editScenarioNumber":4], STOP_ON_FAILURE) FAILED.
Reason:
com.kms.katalon.core.exception.StepFailedException: Call Test Case 'Test Cases/editOrder/rsOrderHistoryConfirm' failed
	at com.kms.katalon.core.keyword.builtin.CallTestCaseKeyword$_callTestCase_closure1.doCall(CallTestCaseKeyword.groovy:63)
	at com.kms.katalon.core.keyword.builtin.CallTestCaseKeyword$_callTestCase_closure1.call(CallTestCaseKeyword.groovy)
	at com.kms.katalon.core.keyword.internal.KeywordMain.runKeyword(KeywordMain.groovy:66)
	at com.kms.katalon.core.keyword.builtin.CallTestCaseKeyword.callTestCase(CallTestCaseKeyword.groovy:81)
	at com.kms.katalon.core.keyword.builtin.CallTestCaseKeyword.execute(CallTestCaseKeyword.groovy:44)
	at com.kms.katalon.core.keyword.internal.KeywordExecutor.executeKeywordForPlatform(KeywordExecutor.groovy:56)
	at com.kms.katalon.core.keyword.BuiltinKeywords.callTestCase(BuiltinKeywords.groovy:334)
	at rsEditOrderDonation.run(rsEditOrderDonation:24)
	at com.kms.katalon.core.main.ScriptEngine.run(ScriptEngine.java:194)
	at com.kms.katalon.core.main.ScriptEngine.runScriptAsRawText(ScriptEngine.java:119)
	at com.kms.katalon.core.main.TestCaseExecutor.runScript(TestCaseExecutor.java:342)
	at com.kms.katalon.core.main.TestCaseExecutor.doExecute(TestCaseExecutor.java:333)
	at com.kms.katalon.core.main.TestCaseExecutor.processExecutionPhase(TestCaseExecutor.java:312)
	at com.kms.katalon.core.main.TestCaseExecutor.accessMainPhase(TestCaseExecutor.java:304)
	at com.kms.katalon.core.main.TestCaseExecutor.execute(TestCaseExecutor.java:238)
	at com.kms.katalon.core.main.TestSuiteExecutor.accessTestCaseMainPhase(TestSuiteExecutor.java:129)
	at com.kms.katalon.core.main.TestSuiteExecutor.accessTestSuiteMainPhase(TestSuiteExecutor.java:112)
	at com.kms.katalon.core.main.TestSuiteExecutor.execute(TestSuiteExecutor.java:81)
	at com.kms.katalon.core.main.TestCaseMain.startTestSuite(TestCaseMain.java:157)
	at com.kms.katalon.core.main.TestCaseMain$startTestSuite$0.call(Unknown Source)
	at TempTestSuite1564650631892.run(TempTestSuite1564650631892.groovy:35)
Caused by: Assertion failed: 

assert donationItemPresent.size() > 0
       |                   |      |
       []                  0      false

	at rsOrderHistoryConfirm.run(rsOrderHistoryConfirm:101)
	at com.kms.katalon.core.main.ScriptEngine.run(ScriptEngine.java:194)
	at com.kms.katalon.core.main.ScriptEngine.runScriptAsRawText(ScriptEngine.java:119)
	at com.kms.katalon.core.main.TestCaseExecutor.runScript(TestCaseExecutor.java:342)
	at com.kms.katalon.core.main.TestCaseExecutor.doExecute(TestCaseExecutor.java:333)
	at com.kms.katalon.core.main.TestCaseExecutor.processExecutionPhase(TestCaseExecutor.java:312)
	at com.kms.katalon.core.main.TestCaseExecutor.accessMainPhase(TestCaseExecutor.java:304)
	at com.kms.katalon.core.main.TestCaseExecutor.execute(TestCaseExecutor.java:238)
	at com.kms.katalon.core.main.TestCaseMain.runTestCase(TestCaseMain.java:114)
	at com.kms.katalon.core.keyword.builtin.CallTestCaseKeyword$_callTestCase_closure1.doCall(CallTestCaseKeyword.groovy:59)
	... 20 more


2019-08-01 14:44:48 - [TEST_CASE][FAILED] - Test Cases/editOrder/rsOrderHistoryConfirm: Test Cases/editOrder/rsOrderHistoryConfirm FAILED.
Reason:
Assertion failed: 

assert donationItemPresent.size() > 0
       |                   |      |
       []                  0      false

	at rsOrderHistoryConfirm.run(rsOrderHistoryConfirm:101)
	at com.kms.katalon.core.main.ScriptEngine.run(ScriptEngine.java:194)
	at com.kms.katalon.core.main.ScriptEngine.runScriptAsRawText(ScriptEngine.java:119)
	at com.kms.katalon.core.main.TestCaseExecutor.runScript(TestCaseExecutor.java:342)
	at com.kms.katalon.core.main.TestCaseExecutor.doExecute(TestCaseExecutor.java:333)
	at com.kms.katalon.core.main.TestCaseExecutor.processExecutionPhase(TestCaseExecutor.java:312)
	at com.kms.katalon.core.main.TestCaseExecutor.accessMainPhase(TestCaseExecutor.java:304)
	at com.kms.katalon.core.main.TestCaseExecutor.execute(TestCaseExecutor.java:238)
	at com.kms.katalon.core.main.TestCaseMain.runTestCase(TestCaseMain.java:114)
	at com.kms.katalon.core.keyword.builtin.CallTestCaseKeyword$_callTestCase_closure1.doCall(CallTestCaseKeyword.groovy:59)
	at com.kms.katalon.core.keyword.builtin.CallTestCaseKeyword$_callTestCase_closure1.call(CallTestCaseKeyword.groovy)
	at com.kms.katalon.core.keyword.internal.KeywordMain.runKeyword(KeywordMain.groovy:66)
	at com.kms.katalon.core.keyword.builtin.CallTestCaseKeyword.callTestCase(CallTestCaseKeyword.groovy:81)
	at com.kms.katalon.core.keyword.builtin.CallTestCaseKeyword.execute(CallTestCaseKeyword.groovy:44)
	at com.kms.katalon.core.keyword.internal.KeywordExecutor.executeKeywordForPlatform(KeywordExecutor.groovy:56)
	at com.kms.katalon.core.keyword.BuiltinKeywords.callTestCase(BuiltinKeywords.groovy:334)
	at rsEditOrderDonation.run(rsEditOrderDonation:24)
	at com.kms.katalon.core.main.ScriptEngine.run(ScriptEngine.java:194)
	at com.kms.katalon.core.main.ScriptEngine.runScriptAsRawText(ScriptEngine.java:119)
	at com.kms.katalon.core.main.TestCaseExecutor.runScript(TestCaseExecutor.java:342)
	at com.kms.katalon.core.main.TestCaseExecutor.doExecute(TestCaseExecutor.java:333)
	at com.kms.katalon.core.main.TestCaseExecutor.processExecutionPhase(TestCaseExecutor.java:312)
	at com.kms.katalon.core.main.TestCaseExecutor.accessMainPhase(TestCaseExecutor.java:304)
	at com.kms.katalon.core.main.TestCaseExecutor.execute(TestCaseExecutor.java:238)
	at com.kms.katalon.core.main.TestSuiteExecutor.accessTestCaseMainPhase(TestSuiteExecutor.java:129)
	at com.kms.katalon.core.main.TestSuiteExecutor.accessTestSuiteMainPhase(TestSuiteExecutor.java:112)
	at com.kms.katalon.core.main.TestSuiteExecutor.execute(TestSuiteExecutor.java:81)
	at com.kms.katalon.core.main.TestCaseMain.startTestSuite(TestCaseMain.java:157)
	at com.kms.katalon.core.main.TestCaseMain$startTestSuite$0.call(Unknown Source)
	at TempTestSuite1564650631892.run(TempTestSuite1564650631892.groovy:35)


2019-08-01 14:44:50 - [TEST_STEP][PASSED] - orderID = retailOrderID: null

2019-08-01 14:44:50 - [TEST_STEP][PASSED] - println(orderID): null

2019-08-01 14:44:50 - [TEST_STEP][PASSED] - xpath = UtilityMethods.concat("//span[contains(text(), '", orderID, "')]/parent::div/parent::div/div[@class='table-row-edit-order']//a"): null

2019-08-01 14:44:50 - [TEST_STEP][PASSED] - to = new com.kms.katalon.core.testobject.TestObject(a_link_dynamic): null

2019-08-01 14:44:50 - [TEST_STEP][PASSED] - to.addProperty("xpath", EQUALS, xpath): null

2019-08-01 14:44:50 - [TEST_STEP][PASSED] - click(findTestObject("ReplicatedSite/rs_Page_Trendy/i_Michigan_fa fa-caret-down")): Object: 'Object Repository/ReplicatedSite/rs_Page_Trendy/i_Michigan_fa fa-caret-down' is clicked on

2019-08-01 14:44:50 - [MESSAGE][PASSED] - Object: 'Object Repository/ReplicatedSite/rs_Page_Trendy/i_Michigan_fa fa-caret-down' is clicked on

2019-08-01 14:44:50 - [TEST_STEP][PASSED] - click(findTestObject("ReplicatedSite/rs_Page_Trendy/a_My Profile")): Object: 'Object Repository/ReplicatedSite/rs_Page_Trendy/a_My Profile' is clicked on

2019-08-01 14:45:04 - [MESSAGE][PASSED] - Object: 'Object Repository/ReplicatedSite/rs_Page_Trendy/a_My Profile' is clicked on

2019-08-01 14:45:04 - [TEST_STEP][PASSED] - click(findTestObject("Object Repository/ReplicatedSite/Page_Profile - Cabi Fall 2018 Collection/span_Order History")): Object: 'Object Repository/ReplicatedSite/Page_Profile - Cabi Fall 2018 Collection/span_Order History' is clicked on

2019-08-01 14:45:05 - [MESSAGE][PASSED] - Object: 'Object Repository/ReplicatedSite/Page_Profile - Cabi Fall 2018 Collection/span_Order History' is clicked on

2019-08-01 14:45:05 - [TEST_STEP][PASSED] - delay(5): Delayed 5 second(s)

2019-08-01 14:45:10 - [MESSAGE][PASSED] - Delayed 5 second(s)

2019-08-01 14:45:10 - [TEST_STEP][PASSED] - editButton = findWebElements(to, 1): null

2019-08-01 14:45:10 - [TEST_STEP][PASSED] - assert editButton.size() > 0: null

2019-08-01 14:45:10 - [TEST_STEP][FAILED] - if (editButton.size() > 0): if (editButton.size() > 0) FAILED.
Reason:
Assertion failed: 

assert donationItemPresent.size() > 0
       |                   |      |
       []                  0      false

	at rsOrderHistoryConfirm.run(rsOrderHistoryConfirm:101)
	at com.kms.katalon.core.main.ScriptEngine.run(ScriptEngine.java:194)
	at com.kms.katalon.core.main.ScriptEngine.runScriptAsRawText(ScriptEngine.java:119)
	at com.kms.katalon.core.main.TestCaseExecutor.runScript(TestCaseExecutor.java:342)
	at com.kms.katalon.core.main.TestCaseExecutor.doExecute(TestCaseExecutor.java:333)
	at com.kms.katalon.core.main.TestCaseExecutor.processExecutionPhase(TestCaseExecutor.java:312)
	at com.kms.katalon.core.main.TestCaseExecutor.accessMainPhase(TestCaseExecutor.java:304)
	at com.kms.katalon.core.main.TestCaseExecutor.execute(TestCaseExecutor.java:238)
	at com.kms.katalon.core.main.TestCaseMain.runTestCase(TestCaseMain.java:114)
	at com.kms.katalon.core.keyword.builtin.CallTestCaseKeyword$_callTestCase_closure1.doCall(CallTestCaseKeyword.groovy:59)
	at com.kms.katalon.core.keyword.builtin.CallTestCaseKeyword$_callTestCase_closure1.call(CallTestCaseKeyword.groovy)
	at com.kms.katalon.core.keyword.internal.KeywordMain.runKeyword(KeywordMain.groovy:66)
	at com.kms.katalon.core.keyword.builtin.CallTestCaseKeyword.callTestCase(CallTestCaseKeyword.groovy:81)
	at com.kms.katalon.core.keyword.builtin.CallTestCaseKeyword.execute(CallTestCaseKeyword.groovy:44)
	at com.kms.katalon.core.keyword.internal.KeywordExecutor.executeKeywordForPlatform(KeywordExecutor.groovy:56)
	at com.kms.katalon.core.keyword.BuiltinKeywords.callTestCase(BuiltinKeywords.groovy:334)
	at rsEditOrderDonation.run(rsEditOrderDonation:24)
	at com.kms.katalon.core.main.ScriptEngine.run(ScriptEngine.java:194)
	at com.kms.katalon.core.main.ScriptEngine.runScriptAsRawText(ScriptEngine.java:119)
	at com.kms.katalon.core.main.TestCaseExecutor.runScript(TestCaseExecutor.java:342)
	at com.kms.katalon.core.main.TestCaseExecutor.doExecute(TestCaseExecutor.java:333)
	at com.kms.katalon.core.main.TestCaseExecutor.processExecutionPhase(TestCaseExecutor.java:312)
	at com.kms.katalon.core.main.TestCaseExecutor.accessMainPhase(TestCaseExecutor.java:304)
	at com.kms.katalon.core.main.TestCaseExecutor.execute(TestCaseExecutor.java:238)
	at com.kms.katalon.core.main.TestSuiteExecutor.accessTestCaseMainPhase(TestSuiteExecutor.java:129)
	at com.kms.katalon.core.main.TestSuiteExecutor.accessTestSuiteMainPhase(TestSuiteExecutor.java:112)
	at com.kms.katalon.core.main.TestSuiteExecutor.execute(TestSuiteExecutor.java:81)
	at com.kms.katalon.core.main.TestCaseMain.startTestSuite(TestCaseMain.java:157)
	at com.kms.katalon.core.main.TestCaseMain$startTestSuite$0.call(Unknown Source)
	at TempTestSuite1564650631892.run(TempTestSuite1564650631892.groovy:35)


2019-08-01 14:45:10 - [TEST_STEP][PASSED] - click(to): Object: 'a_link_dynamic' is clicked on

2019-08-01 14:45:10 - [MESSAGE][PASSED] - Object: 'a_link_dynamic' is clicked on

2019-08-01 14:45:10 - [TEST_STEP][PASSED] - delay(10): Delayed 10 second(s)

2019-08-01 14:45:20 - [MESSAGE][PASSED] - Delayed 10 second(s)

2019-08-01 14:45:20 - [TEST_STEP][PASSED] - if (editScenarioNumber == 1): null

2019-08-01 14:45:20 - [TEST_STEP][PASSED] - else if (editScenarioNumber == 3): null

2019-08-01 14:45:20 - [TEST_STEP][FAILED] - else if (editScenarioNumber == 4): if (editButton.size() > 0) FAILED.
Reason:
Assertion failed: 

assert donationItemPresent.size() > 0
       |                   |      |
       []                  0      false

	at rsOrderHistoryConfirm.run(rsOrderHistoryConfirm:101)
	at com.kms.katalon.core.main.ScriptEngine.run(ScriptEngine.java:194)
	at com.kms.katalon.core.main.ScriptEngine.runScriptAsRawText(ScriptEngine.java:119)
	at com.kms.katalon.core.main.TestCaseExecutor.runScript(TestCaseExecutor.java:342)
	at com.kms.katalon.core.main.TestCaseExecutor.doExecute(TestCaseExecutor.java:333)
	at com.kms.katalon.core.main.TestCaseExecutor.processExecutionPhase(TestCaseExecutor.java:312)
	at com.kms.katalon.core.main.TestCaseExecutor.accessMainPhase(TestCaseExecutor.java:304)
	at com.kms.katalon.core.main.TestCaseExecutor.execute(TestCaseExecutor.java:238)
	at com.kms.katalon.core.main.TestCaseMain.runTestCase(TestCaseMain.java:114)
	at com.kms.katalon.core.keyword.builtin.CallTestCaseKeyword$_callTestCase_closure1.doCall(CallTestCaseKeyword.groovy:59)
	at com.kms.katalon.core.keyword.builtin.CallTestCaseKeyword$_callTestCase_closure1.call(CallTestCaseKeyword.groovy)
	at com.kms.katalon.core.keyword.internal.KeywordMain.runKeyword(KeywordMain.groovy:66)
	at com.kms.katalon.core.keyword.builtin.CallTestCaseKeyword.callTestCase(CallTestCaseKeyword.groovy:81)
	at com.kms.katalon.core.keyword.builtin.CallTestCaseKeyword.execute(CallTestCaseKeyword.groovy:44)
	at com.kms.katalon.core.keyword.internal.KeywordExecutor.executeKeywordForPlatform(KeywordExecutor.groovy:56)
	at com.kms.katalon.core.keyword.BuiltinKeywords.callTestCase(BuiltinKeywords.groovy:334)
	at rsEditOrderDonation.run(rsEditOrderDonation:24)
	at com.kms.katalon.core.main.ScriptEngine.run(ScriptEngine.java:194)
	at com.kms.katalon.core.main.ScriptEngine.runScriptAsRawText(ScriptEngine.java:119)
	at com.kms.katalon.core.main.TestCaseExecutor.runScript(TestCaseExecutor.java:342)
	at com.kms.katalon.core.main.TestCaseExecutor.doExecute(TestCaseExecutor.java:333)
	at com.kms.katalon.core.main.TestCaseExecutor.processExecutionPhase(TestCaseExecutor.java:312)
	at com.kms.katalon.core.main.TestCaseExecutor.accessMainPhase(TestCaseExecutor.java:304)
	at com.kms.katalon.core.main.TestCaseExecutor.execute(TestCaseExecutor.java:238)
	at com.kms.katalon.core.main.TestSuiteExecutor.accessTestCaseMainPhase(TestSuiteExecutor.java:129)
	at com.kms.katalon.core.main.TestSuiteExecutor.accessTestSuiteMainPhase(TestSuiteExecutor.java:112)
	at com.kms.katalon.core.main.TestSuiteExecutor.execute(TestSuiteExecutor.java:81)
	at com.kms.katalon.core.main.TestCaseMain.startTestSuite(TestCaseMain.java:157)
	at com.kms.katalon.core.main.TestCaseMain$startTestSuite$0.call(Unknown Source)
	at TempTestSuite1564650631892.run(TempTestSuite1564650631892.groovy:35)


2019-08-01 14:45:20 - [TEST_STEP][PASSED] - println("scen = 4"): null

2019-08-01 14:45:20 - [TEST_STEP][PASSED] - donationItemPresent = findWebElements(findTestObject("Object Repository/ReplicatedSite/div_donation_present"), 5): Unable to find the element located by 'By.xpath: //p[contains(text(), 'Heart of cabi Foundation') and ancestor::cart[@show-options='true']]'. Please recheck the objects properties to make sure the desired element is located. 

2019-08-01 14:45:26 - [MESSAGE][INFO] - Unable to find the element located by 'By.xpath: //p[contains(text(), 'Heart of cabi Foundation') and ancestor::cart[@show-options='true']]'. Please recheck the objects properties to make sure the desired element is located. 

2019-08-01 14:45:26 - [TEST_STEP][FAILED] - assert donationItemPresent.size() > 0: if (editButton.size() > 0) FAILED.
Reason:
Assertion failed: 

assert donationItemPresent.size() > 0
       |                   |      |
       []                  0      false

	at rsOrderHistoryConfirm.run(rsOrderHistoryConfirm:101)
	at com.kms.katalon.core.main.ScriptEngine.run(ScriptEngine.java:194)
	at com.kms.katalon.core.main.ScriptEngine.runScriptAsRawText(ScriptEngine.java:119)
	at com.kms.katalon.core.main.TestCaseExecutor.runScript(TestCaseExecutor.java:342)
	at com.kms.katalon.core.main.TestCaseExecutor.doExecute(TestCaseExecutor.java:333)
	at com.kms.katalon.core.main.TestCaseExecutor.processExecutionPhase(TestCaseExecutor.java:312)
	at com.kms.katalon.core.main.TestCaseExecutor.accessMainPhase(TestCaseExecutor.java:304)
	at com.kms.katalon.core.main.TestCaseExecutor.execute(TestCaseExecutor.java:238)
	at com.kms.katalon.core.main.TestCaseMain.runTestCase(TestCaseMain.java:114)
	at com.kms.katalon.core.keyword.builtin.CallTestCaseKeyword$_callTestCase_closure1.doCall(CallTestCaseKeyword.groovy:59)
	at com.kms.katalon.core.keyword.builtin.CallTestCaseKeyword$_callTestCase_closure1.call(CallTestCaseKeyword.groovy)
	at com.kms.katalon.core.keyword.internal.KeywordMain.runKeyword(KeywordMain.groovy:66)
	at com.kms.katalon.core.keyword.builtin.CallTestCaseKeyword.callTestCase(CallTestCaseKeyword.groovy:81)
	at com.kms.katalon.core.keyword.builtin.CallTestCaseKeyword.execute(CallTestCaseKeyword.groovy:44)
	at com.kms.katalon.core.keyword.internal.KeywordExecutor.executeKeywordForPlatform(KeywordExecutor.groovy:56)
	at com.kms.katalon.core.keyword.BuiltinKeywords.callTestCase(BuiltinKeywords.groovy:334)
	at rsEditOrderDonation.run(rsEditOrderDonation:24)
	at com.kms.katalon.core.main.ScriptEngine.run(ScriptEngine.java:194)
	at com.kms.katalon.core.main.ScriptEngine.runScriptAsRawText(ScriptEngine.java:119)
	at com.kms.katalon.core.main.TestCaseExecutor.runScript(TestCaseExecutor.java:342)
	at com.kms.katalon.core.main.TestCaseExecutor.doExecute(TestCaseExecutor.java:333)
	at com.kms.katalon.core.main.TestCaseExecutor.processExecutionPhase(TestCaseExecutor.java:312)
	at com.kms.katalon.core.main.TestCaseExecutor.accessMainPhase(TestCaseExecutor.java:304)
	at com.kms.katalon.core.main.TestCaseExecutor.execute(TestCaseExecutor.java:238)
	at com.kms.katalon.core.main.TestSuiteExecutor.accessTestCaseMainPhase(TestSuiteExecutor.java:129)
	at com.kms.katalon.core.main.TestSuiteExecutor.accessTestSuiteMainPhase(TestSuiteExecutor.java:112)
	at com.kms.katalon.core.main.TestSuiteExecutor.execute(TestSuiteExecutor.java:81)
	at com.kms.katalon.core.main.TestCaseMain.startTestSuite(TestCaseMain.java:157)
	at com.kms.katalon.core.main.TestCaseMain$startTestSuite$0.call(Unknown Source)
	at TempTestSuite1564650631892.run(TempTestSuite1564650631892.groovy:35)


2019-08-01 14:45:26 - [MESSAGE][FAILED] - if (editButton.size() > 0) FAILED.
Reason:
Assertion failed: 

assert donationItemPresent.size() > 0
       |                   |      |
       []                  0      false

	at rsOrderHistoryConfirm.run(rsOrderHistoryConfirm:101)
	at com.kms.katalon.core.main.ScriptEngine.run(ScriptEngine.java:194)
	at com.kms.katalon.core.main.ScriptEngine.runScriptAsRawText(ScriptEngine.java:119)
	at com.kms.katalon.core.main.TestCaseExecutor.runScript(TestCaseExecutor.java:342)
	at com.kms.katalon.core.main.TestCaseExecutor.doExecute(TestCaseExecutor.java:333)
	at com.kms.katalon.core.main.TestCaseExecutor.processExecutionPhase(TestCaseExecutor.java:312)
	at com.kms.katalon.core.main.TestCaseExecutor.accessMainPhase(TestCaseExecutor.java:304)
	at com.kms.katalon.core.main.TestCaseExecutor.execute(TestCaseExecutor.java:238)
	at com.kms.katalon.core.main.TestCaseMain.runTestCase(TestCaseMain.java:114)
	at com.kms.katalon.core.keyword.builtin.CallTestCaseKeyword$_callTestCase_closure1.doCall(CallTestCaseKeyword.groovy:59)
	at com.kms.katalon.core.keyword.builtin.CallTestCaseKeyword$_callTestCase_closure1.call(CallTestCaseKeyword.groovy)
	at com.kms.katalon.core.keyword.internal.KeywordMain.runKeyword(KeywordMain.groovy:66)
	at com.kms.katalon.core.keyword.builtin.CallTestCaseKeyword.callTestCase(CallTestCaseKeyword.groovy:81)
	at com.kms.katalon.core.keyword.builtin.CallTestCaseKeyword.execute(CallTestCaseKeyword.groovy:44)
	at com.kms.katalon.core.keyword.internal.KeywordExecutor.executeKeywordForPlatform(KeywordExecutor.groovy:56)
	at com.kms.katalon.core.keyword.BuiltinKeywords.callTestCase(BuiltinKeywords.groovy:334)
	at rsEditOrderDonation.run(rsEditOrderDonation:24)
	at com.kms.katalon.core.main.ScriptEngine.run(ScriptEngine.java:194)
	at com.kms.katalon.core.main.ScriptEngine.runScriptAsRawText(ScriptEngine.java:119)
	at com.kms.katalon.core.main.TestCaseExecutor.runScript(TestCaseExecutor.java:342)
	at com.kms.katalon.core.main.TestCaseExecutor.doExecute(TestCaseExecutor.java:333)
	at com.kms.katalon.core.main.TestCaseExecutor.processExecutionPhase(TestCaseExecutor.java:312)
	at com.kms.katalon.core.main.TestCaseExecutor.accessMainPhase(TestCaseExecutor.java:304)
	at com.kms.katalon.core.main.TestCaseExecutor.execute(TestCaseExecutor.java:238)
	at com.kms.katalon.core.main.TestSuiteExecutor.accessTestCaseMainPhase(TestSuiteExecutor.java:129)
	at com.kms.katalon.core.main.TestSuiteExecutor.accessTestSuiteMainPhase(TestSuiteExecutor.java:112)
	at com.kms.katalon.core.main.TestSuiteExecutor.execute(TestSuiteExecutor.java:81)
	at com.kms.katalon.core.main.TestCaseMain.startTestSuite(TestCaseMain.java:157)
	at com.kms.katalon.core.main.TestCaseMain$startTestSuite$0.call(Unknown Source)
	at TempTestSuite1564650631892.run(TempTestSuite1564650631892.groovy:35)


2019-08-01 14:45:26 - [MESSAGE][FAILED] - Unable to call Test Case 'Test Cases/editOrder/rsOrderHistoryConfirm' (Root cause: com.kms.katalon.core.exception.StepFailedException: Call Test Case 'Test Cases/editOrder/rsOrderHistoryConfirm' failed
	at com.kms.katalon.core.keyword.builtin.CallTestCaseKeyword$_callTestCase_closure1.doCall(CallTestCaseKeyword.groovy:63)
	at com.kms.katalon.core.keyword.builtin.CallTestCaseKeyword$_callTestCase_closure1.call(CallTestCaseKeyword.groovy)
	at com.kms.katalon.core.keyword.internal.KeywordMain.runKeyword(KeywordMain.groovy:66)
	at com.kms.katalon.core.keyword.builtin.CallTestCaseKeyword.callTestCase(CallTestCaseKeyword.groovy:81)
	at com.kms.katalon.core.keyword.builtin.CallTestCaseKeyword.execute(CallTestCaseKeyword.groovy:44)
	at com.kms.katalon.core.keyword.internal.KeywordExecutor.executeKeywordForPlatform(KeywordExecutor.groovy:56)
	at com.kms.katalon.core.keyword.BuiltinKeywords.callTestCase(BuiltinKeywords.groovy:334)
	at rsEditOrderDonation.run(rsEditOrderDonation:24)
	at com.kms.katalon.core.main.ScriptEngine.run(ScriptEngine.java:194)
	at com.kms.katalon.core.main.ScriptEngine.runScriptAsRawText(ScriptEngine.java:119)
	at com.kms.katalon.core.main.TestCaseExecutor.runScript(TestCaseExecutor.java:342)
	at com.kms.katalon.core.main.TestCaseExecutor.doExecute(TestCaseExecutor.java:333)
	at com.kms.katalon.core.main.TestCaseExecutor.processExecutionPhase(TestCaseExecutor.java:312)
	at com.kms.katalon.core.main.TestCaseExecutor.accessMainPhase(TestCaseExecutor.java:304)
	at com.kms.katalon.core.main.TestCaseExecutor.execute(TestCaseExecutor.java:238)
	at com.kms.katalon.core.main.TestSuiteExecutor.accessTestCaseMainPhase(TestSuiteExecutor.java:129)
	at com.kms.katalon.core.main.TestSuiteExecutor.accessTestSuiteMainPhase(TestSuiteExecutor.java:112)
	at com.kms.katalon.core.main.TestSuiteExecutor.execute(TestSuiteExecutor.java:81)
	at com.kms.katalon.core.main.TestCaseMain.startTestSuite(TestCaseMain.java:157)
	at com.kms.katalon.core.main.TestCaseMain$startTestSuite$0.call(Unknown Source)
	at TempTestSuite1564650631892.run(TempTestSuite1564650631892.groovy:35)
Caused by: Assertion failed: 

assert donationItemPresent.size() > 0
       |                   |      |
       []                  0      false

	at rsOrderHistoryConfirm.run(rsOrderHistoryConfirm:101)
	at com.kms.katalon.core.main.ScriptEngine.run(ScriptEngine.java:194)
	at com.kms.katalon.core.main.ScriptEngine.runScriptAsRawText(ScriptEngine.java:119)
	at com.kms.katalon.core.main.TestCaseExecutor.runScript(TestCaseExecutor.java:342)
	at com.kms.katalon.core.main.TestCaseExecutor.doExecute(TestCaseExecutor.java:333)
	at com.kms.katalon.core.main.TestCaseExecutor.processExecutionPhase(TestCaseExecutor.java:312)
	at com.kms.katalon.core.main.TestCaseExecutor.accessMainPhase(TestCaseExecutor.java:304)
	at com.kms.katalon.core.main.TestCaseExecutor.execute(TestCaseExecutor.java:238)
	at com.kms.katalon.core.main.TestCaseMain.runTestCase(TestCaseMain.java:114)
	at com.kms.katalon.core.keyword.builtin.CallTestCaseKeyword$_callTestCase_closure1.doCall(CallTestCaseKeyword.groovy:59)
	... 20 more
)

2019-08-01 14:45:26 - [MESSAGE][FAILED] - callTestCase(findTestCase("editOrder/rsOrderHistoryConfirm"), ["orderID":"", "editScenarioNumber":4], STOP_ON_FAILURE) FAILED.
Reason:
com.kms.katalon.core.exception.StepFailedException: Call Test Case 'Test Cases/editOrder/rsOrderHistoryConfirm' failed
	at com.kms.katalon.core.keyword.builtin.CallTestCaseKeyword$_callTestCase_closure1.doCall(CallTestCaseKeyword.groovy:63)
	at com.kms.katalon.core.keyword.builtin.CallTestCaseKeyword$_callTestCase_closure1.call(CallTestCaseKeyword.groovy)
	at com.kms.katalon.core.keyword.internal.KeywordMain.runKeyword(KeywordMain.groovy:66)
	at com.kms.katalon.core.keyword.builtin.CallTestCaseKeyword.callTestCase(CallTestCaseKeyword.groovy:81)
	at com.kms.katalon.core.keyword.builtin.CallTestCaseKeyword.execute(CallTestCaseKeyword.groovy:44)
	at com.kms.katalon.core.keyword.internal.KeywordExecutor.executeKeywordForPlatform(KeywordExecutor.groovy:56)
	at com.kms.katalon.core.keyword.BuiltinKeywords.callTestCase(BuiltinKeywords.groovy:334)
	at rsEditOrderDonation.run(rsEditOrderDonation:24)
	at com.kms.katalon.core.main.ScriptEngine.run(ScriptEngine.java:194)
	at com.kms.katalon.core.main.ScriptEngine.runScriptAsRawText(ScriptEngine.java:119)
	at com.kms.katalon.core.main.TestCaseExecutor.runScript(TestCaseExecutor.java:342)
	at com.kms.katalon.core.main.TestCaseExecutor.doExecute(TestCaseExecutor.java:333)
	at com.kms.katalon.core.main.TestCaseExecutor.processExecutionPhase(TestCaseExecutor.java:312)
	at com.kms.katalon.core.main.TestCaseExecutor.accessMainPhase(TestCaseExecutor.java:304)
	at com.kms.katalon.core.main.TestCaseExecutor.execute(TestCaseExecutor.java:238)
	at com.kms.katalon.core.main.TestSuiteExecutor.accessTestCaseMainPhase(TestSuiteExecutor.java:129)
	at com.kms.katalon.core.main.TestSuiteExecutor.accessTestSuiteMainPhase(TestSuiteExecutor.java:112)
	at com.kms.katalon.core.main.TestSuiteExecutor.execute(TestSuiteExecutor.java:81)
	at com.kms.katalon.core.main.TestCaseMain.startTestSuite(TestCaseMain.java:157)
	at com.kms.katalon.core.main.TestCaseMain$startTestSuite$0.call(Unknown Source)
	at TempTestSuite1564650631892.run(TempTestSuite1564650631892.groovy:35)
Caused by: Assertion failed: 

assert donationItemPresent.size() > 0
       |                   |      |
       []                  0      false

	at rsOrderHistoryConfirm.run(rsOrderHistoryConfirm:101)
	at com.kms.katalon.core.main.ScriptEngine.run(ScriptEngine.java:194)
	at com.kms.katalon.core.main.ScriptEngine.runScriptAsRawText(ScriptEngine.java:119)
	at com.kms.katalon.core.main.TestCaseExecutor.runScript(TestCaseExecutor.java:342)
	at com.kms.katalon.core.main.TestCaseExecutor.doExecute(TestCaseExecutor.java:333)
	at com.kms.katalon.core.main.TestCaseExecutor.processExecutionPhase(TestCaseExecutor.java:312)
	at com.kms.katalon.core.main.TestCaseExecutor.accessMainPhase(TestCaseExecutor.java:304)
	at com.kms.katalon.core.main.TestCaseExecutor.execute(TestCaseExecutor.java:238)
	at com.kms.katalon.core.main.TestCaseMain.runTestCase(TestCaseMain.java:114)
	at com.kms.katalon.core.keyword.builtin.CallTestCaseKeyword$_callTestCase_closure1.doCall(CallTestCaseKeyword.groovy:59)
	... 20 more]]></system-out>
         <system-err><![CDATA[2019-08-01 14:40:40 - [TEST_CASE][FAILED] - Test Cases/editOrder/rsEditOrderDonation: Test Cases/editOrder/rsEditOrderDonation FAILED.
Reason:
com.kms.katalon.core.exception.StepFailedException: Call Test Case 'Test Cases/editOrder/rsOrderHistoryConfirm' failed
	at com.kms.katalon.core.keyword.builtin.CallTestCaseKeyword$_callTestCase_closure1.doCall(CallTestCaseKeyword.groovy:63)
	at com.kms.katalon.core.keyword.builtin.CallTestCaseKeyword$_callTestCase_closure1.call(CallTestCaseKeyword.groovy)
	at com.kms.katalon.core.keyword.internal.KeywordMain.runKeyword(KeywordMain.groovy:66)
	at com.kms.katalon.core.keyword.builtin.CallTestCaseKeyword.callTestCase(CallTestCaseKeyword.groovy:81)
	at com.kms.katalon.core.keyword.builtin.CallTestCaseKeyword.execute(CallTestCaseKeyword.groovy:44)
	at com.kms.katalon.core.keyword.internal.KeywordExecutor.executeKeywordForPlatform(KeywordExecutor.groovy:56)
	at com.kms.katalon.core.keyword.BuiltinKeywords.callTestCase(BuiltinKeywords.groovy:334)
	at rsEditOrderDonation.run(rsEditOrderDonation:24)
	at com.kms.katalon.core.main.ScriptEngine.run(ScriptEngine.java:194)
	at com.kms.katalon.core.main.ScriptEngine.runScriptAsRawText(ScriptEngine.java:119)
	at com.kms.katalon.core.main.TestCaseExecutor.runScript(TestCaseExecutor.java:342)
	at com.kms.katalon.core.main.TestCaseExecutor.doExecute(TestCaseExecutor.java:333)
	at com.kms.katalon.core.main.TestCaseExecutor.processExecutionPhase(TestCaseExecutor.java:312)
	at com.kms.katalon.core.main.TestCaseExecutor.accessMainPhase(TestCaseExecutor.java:304)
	at com.kms.katalon.core.main.TestCaseExecutor.execute(TestCaseExecutor.java:238)
	at com.kms.katalon.core.main.TestSuiteExecutor.accessTestCaseMainPhase(TestSuiteExecutor.java:129)
	at com.kms.katalon.core.main.TestSuiteExecutor.accessTestSuiteMainPhase(TestSuiteExecutor.java:112)
	at com.kms.katalon.core.main.TestSuiteExecutor.execute(TestSuiteExecutor.java:81)
	at com.kms.katalon.core.main.TestCaseMain.startTestSuite(TestCaseMain.java:157)
	at com.kms.katalon.core.main.TestCaseMain$startTestSuite$0.call(Unknown Source)
	at TempTestSuite1564650631892.run(TempTestSuite1564650631892.groovy:35)
Caused by: Assertion failed: 

assert donationItemPresent.size() > 0
       |                   |      |
       []                  0      false

	at rsOrderHistoryConfirm.run(rsOrderHistoryConfirm:101)
	at com.kms.katalon.core.main.ScriptEngine.run(ScriptEngine.java:194)
	at com.kms.katalon.core.main.ScriptEngine.runScriptAsRawText(ScriptEngine.java:119)
	at com.kms.katalon.core.main.TestCaseExecutor.runScript(TestCaseExecutor.java:342)
	at com.kms.katalon.core.main.TestCaseExecutor.doExecute(TestCaseExecutor.java:333)
	at com.kms.katalon.core.main.TestCaseExecutor.processExecutionPhase(TestCaseExecutor.java:312)
	at com.kms.katalon.core.main.TestCaseExecutor.accessMainPhase(TestCaseExecutor.java:304)
	at com.kms.katalon.core.main.TestCaseExecutor.execute(TestCaseExecutor.java:238)
	at com.kms.katalon.core.main.TestCaseMain.runTestCase(TestCaseMain.java:114)
	at com.kms.katalon.core.keyword.builtin.CallTestCaseKeyword$_callTestCase_closure1.doCall(CallTestCaseKeyword.groovy:59)
	... 20 more]]></system-err>
      </testcase>
      <system-out><![CDATA[2019-08-01 14:40:39 - [TEST_SUITE][FAILED] - EditOrderTestSuit: Test Cases/editOrder/rsEditOrderDonation FAILED.
Reason:
com.kms.katalon.core.exception.StepFailedException: Call Test Case 'Test Cases/editOrder/rsOrderHistoryConfirm' failed
	at com.kms.katalon.core.keyword.builtin.CallTestCaseKeyword$_callTestCase_closure1.doCall(CallTestCaseKeyword.groovy:63)
	at com.kms.katalon.core.keyword.builtin.CallTestCaseKeyword$_callTestCase_closure1.call(CallTestCaseKeyword.groovy)
	at com.kms.katalon.core.keyword.internal.KeywordMain.runKeyword(KeywordMain.groovy:66)
	at com.kms.katalon.core.keyword.builtin.CallTestCaseKeyword.callTestCase(CallTestCaseKeyword.groovy:81)
	at com.kms.katalon.core.keyword.builtin.CallTestCaseKeyword.execute(CallTestCaseKeyword.groovy:44)
	at com.kms.katalon.core.keyword.internal.KeywordExecutor.executeKeywordForPlatform(KeywordExecutor.groovy:56)
	at com.kms.katalon.core.keyword.BuiltinKeywords.callTestCase(BuiltinKeywords.groovy:334)
	at rsEditOrderDonation.run(rsEditOrderDonation:24)
	at com.kms.katalon.core.main.ScriptEngine.run(ScriptEngine.java:194)
	at com.kms.katalon.core.main.ScriptEngine.runScriptAsRawText(ScriptEngine.java:119)
	at com.kms.katalon.core.main.TestCaseExecutor.runScript(TestCaseExecutor.java:342)
	at com.kms.katalon.core.main.TestCaseExecutor.doExecute(TestCaseExecutor.java:333)
	at com.kms.katalon.core.main.TestCaseExecutor.processExecutionPhase(TestCaseExecutor.java:312)
	at com.kms.katalon.core.main.TestCaseExecutor.accessMainPhase(TestCaseExecutor.java:304)
	at com.kms.katalon.core.main.TestCaseExecutor.execute(TestCaseExecutor.java:238)
	at com.kms.katalon.core.main.TestSuiteExecutor.accessTestCaseMainPhase(TestSuiteExecutor.java:129)
	at com.kms.katalon.core.main.TestSuiteExecutor.accessTestSuiteMainPhase(TestSuiteExecutor.java:112)
	at com.kms.katalon.core.main.TestSuiteExecutor.execute(TestSuiteExecutor.java:81)
	at com.kms.katalon.core.main.TestCaseMain.startTestSuite(TestCaseMain.java:157)
	at com.kms.katalon.core.main.TestCaseMain$startTestSuite$0.call(Unknown Source)
	at TempTestSuite1564650631892.run(TempTestSuite1564650631892.groovy:35)
Caused by: Assertion failed: 

assert donationItemPresent.size() > 0
       |                   |      |
       []                  0      false

	at rsOrderHistoryConfirm.run(rsOrderHistoryConfirm:101)
	at com.kms.katalon.core.main.ScriptEngine.run(ScriptEngine.java:194)
	at com.kms.katalon.core.main.ScriptEngine.runScriptAsRawText(ScriptEngine.java:119)
	at com.kms.katalon.core.main.TestCaseExecutor.runScript(TestCaseExecutor.java:342)
	at com.kms.katalon.core.main.TestCaseExecutor.doExecute(TestCaseExecutor.java:333)
	at com.kms.katalon.core.main.TestCaseExecutor.processExecutionPhase(TestCaseExecutor.java:312)
	at com.kms.katalon.core.main.TestCaseExecutor.accessMainPhase(TestCaseExecutor.java:304)
	at com.kms.katalon.core.main.TestCaseExecutor.execute(TestCaseExecutor.java:238)
	at com.kms.katalon.core.main.TestCaseMain.runTestCase(TestCaseMain.java:114)
	at com.kms.katalon.core.keyword.builtin.CallTestCaseKeyword$_callTestCase_closure1.doCall(CallTestCaseKeyword.groovy:59)
	... 20 more]]></system-out>
      <system-err><![CDATA[2019-08-01 14:40:39 - [TEST_SUITE][FAILED] - EditOrderTestSuit: Test Cases/editOrder/rsEditOrderDonation FAILED.
Reason:
com.kms.katalon.core.exception.StepFailedException: Call Test Case 'Test Cases/editOrder/rsOrderHistoryConfirm' failed
	at com.kms.katalon.core.keyword.builtin.CallTestCaseKeyword$_callTestCase_closure1.doCall(CallTestCaseKeyword.groovy:63)
	at com.kms.katalon.core.keyword.builtin.CallTestCaseKeyword$_callTestCase_closure1.call(CallTestCaseKeyword.groovy)
	at com.kms.katalon.core.keyword.internal.KeywordMain.runKeyword(KeywordMain.groovy:66)
	at com.kms.katalon.core.keyword.builtin.CallTestCaseKeyword.callTestCase(CallTestCaseKeyword.groovy:81)
	at com.kms.katalon.core.keyword.builtin.CallTestCaseKeyword.execute(CallTestCaseKeyword.groovy:44)
	at com.kms.katalon.core.keyword.internal.KeywordExecutor.executeKeywordForPlatform(KeywordExecutor.groovy:56)
	at com.kms.katalon.core.keyword.BuiltinKeywords.callTestCase(BuiltinKeywords.groovy:334)
	at rsEditOrderDonation.run(rsEditOrderDonation:24)
	at com.kms.katalon.core.main.ScriptEngine.run(ScriptEngine.java:194)
	at com.kms.katalon.core.main.ScriptEngine.runScriptAsRawText(ScriptEngine.java:119)
	at com.kms.katalon.core.main.TestCaseExecutor.runScript(TestCaseExecutor.java:342)
	at com.kms.katalon.core.main.TestCaseExecutor.doExecute(TestCaseExecutor.java:333)
	at com.kms.katalon.core.main.TestCaseExecutor.processExecutionPhase(TestCaseExecutor.java:312)
	at com.kms.katalon.core.main.TestCaseExecutor.accessMainPhase(TestCaseExecutor.java:304)
	at com.kms.katalon.core.main.TestCaseExecutor.execute(TestCaseExecutor.java:238)
	at com.kms.katalon.core.main.TestSuiteExecutor.accessTestCaseMainPhase(TestSuiteExecutor.java:129)
	at com.kms.katalon.core.main.TestSuiteExecutor.accessTestSuiteMainPhase(TestSuiteExecutor.java:112)
	at com.kms.katalon.core.main.TestSuiteExecutor.execute(TestSuiteExecutor.java:81)
	at com.kms.katalon.core.main.TestCaseMain.startTestSuite(TestCaseMain.java:157)
	at com.kms.katalon.core.main.TestCaseMain$startTestSuite$0.call(Unknown Source)
	at TempTestSuite1564650631892.run(TempTestSuite1564650631892.groovy:35)
Caused by: Assertion failed: 

assert donationItemPresent.size() > 0
       |                   |      |
       []                  0      false

	at rsOrderHistoryConfirm.run(rsOrderHistoryConfirm:101)
	at com.kms.katalon.core.main.ScriptEngine.run(ScriptEngine.java:194)
	at com.kms.katalon.core.main.ScriptEngine.runScriptAsRawText(ScriptEngine.java:119)
	at com.kms.katalon.core.main.TestCaseExecutor.runScript(TestCaseExecutor.java:342)
	at com.kms.katalon.core.main.TestCaseExecutor.doExecute(TestCaseExecutor.java:333)
	at com.kms.katalon.core.main.TestCaseExecutor.processExecutionPhase(TestCaseExecutor.java:312)
	at com.kms.katalon.core.main.TestCaseExecutor.accessMainPhase(TestCaseExecutor.java:304)
	at com.kms.katalon.core.main.TestCaseExecutor.execute(TestCaseExecutor.java:238)
	at com.kms.katalon.core.main.TestCaseMain.runTestCase(TestCaseMain.java:114)
	at com.kms.katalon.core.keyword.builtin.CallTestCaseKeyword$_callTestCase_closure1.doCall(CallTestCaseKeyword.groovy:59)
	... 20 more]]></system-err>
   </testsuite>
</testsuites>
