<?xml version="1.0" encoding="UTF-8"?>
<testsuites name="MicrositeTestSuite" time="70" tests="0" failures="2" errors="0">
   <testsuite name="MicrositeTestSuite" tests="0" failures="2" errors="0" time="70" timestamp="2019-06-07 12:55:02" hostname="user - 172.16.231.85" id="Test Suites/VirtualShowRSVPSuites/MicrositeTestSuite">
      <properties>
         <property name="deviceName" value=""/>
         <property name="devicePlatform" value=""/>
         <property name="logFolder" value="C:\\Users\\user\\Documents\\testautomation\\NewArrivals\\Reports\\VirtualShowRSVPSuites\\MicrositeTestSuite\\20190607_125459"/>
         <property name="logFiles" value="C:\\Users\\user\\Documents\\testautomation\\NewArrivals\\Reports\\VirtualShowRSVPSuites\\MicrositeTestSuite\\20190607_125459\\execution0.log"/>
         <property name="attachments" value="C:\\Users\\user\\Documents\\testautomation\\NewArrivals\\Reports\\VirtualShowRSVPSuites\\MicrositeTestSuite\\20190607_125459\\1559892366118.png, C:\\Users\\user\\Documents\\testautomation\\NewArrivals\\Reports\\VirtualShowRSVPSuites\\MicrositeTestSuite\\20190607_125459\\1559892371887.png"/>
         <property name="hostName" value="user - 172.16.231.85"/>
         <property name="os" value="Windows 8.1 64bit"/>
         <property name="katalonVersion" value="6.1.1.1"/>
         <property name="browser" value="Chrome 74.0.3729.169"/>
         <property name="hostAddress" value="172.16.231.85"/>
         <property name="sessionId" value="fd076ad3ba573a2e98ab937cc78a81b2"/>
         <property name="seleniumVersion" value="3.7.1"/>
         <property name="proxyInformation" value="ProxyInformation{proxyOption=NO_PROXY, proxyServerType=HTTP, password=, proxyServerAddress=, proxyServerPort=0}"/>
         <property name="platform" value="Windows 8.1"/>
      </properties>
      <testcase name="Test Cases/virtualShowRSVP/createShow" classname="Test Cases/virtualShowRSVP/createShow" status="FAILED">
         <failure type="FAILED" message="Test Cases/virtualShowRSVP/createShow FAILED.
Reason:
com.kms.katalon.core.exception.StepFailedException: Unable to right click on object
	at com.kms.katalon.core.webui.keyword.internal.WebUIKeywordMain.stepFailed(WebUIKeywordMain.groovy:64)
	at com.kms.katalon.core.webui.keyword.internal.WebUIKeywordMain.runKeyword(WebUIKeywordMain.groovy:26)
	at com.kms.katalon.core.webui.keyword.builtin.RightClickKeyword.rightClick(RightClickKeyword.groovy:87)
	at com.kms.katalon.core.webui.keyword.builtin.RightClickKeyword.execute(RightClickKeyword.groovy:67)
	at com.kms.katalon.core.keyword.internal.KeywordExecutor.executeKeywordForPlatform(KeywordExecutor.groovy:56)
	at com.kms.katalon.core.webui.keyword.WebUiBuiltInKeywords.rightClick(WebUiBuiltInKeywords.groovy:722)
	at com.kms.katalon.core.webui.keyword.WebUiBuiltInKeywords$rightClick$5.call(Unknown Source)
	at createShow.run(createShow:94)
	at com.kms.katalon.core.main.ScriptEngine.run(ScriptEngine.java:194)
	at com.kms.katalon.core.main.ScriptEngine.runScriptAsRawText(ScriptEngine.java:119)
	at com.kms.katalon.core.main.TestCaseExecutor.runScript(TestCaseExecutor.java:342)
	at com.kms.katalon.core.main.TestCaseExecutor.doExecute(TestCaseExecutor.java:333)
	at com.kms.katalon.core.main.TestCaseExecutor.processExecutionPhase(TestCaseExecutor.java:312)
	at com.kms.katalon.core.main.TestCaseExecutor.accessMainPhase(TestCaseExecutor.java:304)
	at com.kms.katalon.core.main.TestCaseExecutor.execute(TestCaseExecutor.java:238)
	at com.kms.katalon.core.main.TestSuiteExecutor.accessTestCaseMainPhase(TestSuiteExecutor.java:129)
	at com.kms.katalon.core.main.TestSuiteExecutor.accessTestSuiteMainPhase(TestSuiteExecutor.java:112)
	at com.kms.katalon.core.main.TestSuiteExecutor.execute(TestSuiteExecutor.java:81)
	at com.kms.katalon.core.main.TestCaseMain.startTestSuite(TestCaseMain.java:157)
	at com.kms.katalon.core.main.TestCaseMain$startTestSuite$0.call(Unknown Source)
	at TempTestSuite1559892299437.run(TempTestSuite1559892299437.groovy:35)
Caused by: java.lang.IllegalArgumentException: Object is null
	at com.kms.katalon.core.helper.KeywordHelper.checkTestObjectParameter(KeywordHelper.java:33)
	at com.kms.katalon.core.webui.keyword.builtin.RightClickKeyword$_rightClick_closure1.doCall(RightClickKeyword.groovy:75)
	at com.kms.katalon.core.webui.keyword.builtin.RightClickKeyword$_rightClick_closure1.call(RightClickKeyword.groovy)
	at com.kms.katalon.core.webui.keyword.internal.WebUIKeywordMain.runKeyword(WebUIKeywordMain.groovy:20)
	at com.kms.katalon.core.webui.keyword.builtin.RightClickKeyword.rightClick(RightClickKeyword.groovy:87)
	at com.kms.katalon.core.webui.keyword.builtin.RightClickKeyword.execute(RightClickKeyword.groovy:67)
	at com.kms.katalon.core.keyword.internal.KeywordExecutor.executeKeywordForPlatform(KeywordExecutor.groovy:56)
	at com.kms.katalon.core.webui.keyword.WebUiBuiltInKeywords.rightClick(WebUiBuiltInKeywords.groovy:722)
	at com.kms.katalon.core.webui.keyword.WebUiBuiltInKeywords$rightClick$5.call(Unknown Source)
	at Script1553596975738.run(Script1553596975738.groovy:94)
	... 13 more
"/>
         <system-out><![CDATA[2019-06-07 12:55:02 - [TEST_CASE][FAILED] - Test Cases/virtualShowRSVP/createShow: Test Cases/virtualShowRSVP/createShow FAILED.
Reason:
com.kms.katalon.core.exception.StepFailedException: Unable to right click on object
	at com.kms.katalon.core.webui.keyword.internal.WebUIKeywordMain.stepFailed(WebUIKeywordMain.groovy:64)
	at com.kms.katalon.core.webui.keyword.internal.WebUIKeywordMain.runKeyword(WebUIKeywordMain.groovy:26)
	at com.kms.katalon.core.webui.keyword.builtin.RightClickKeyword.rightClick(RightClickKeyword.groovy:87)
	at com.kms.katalon.core.webui.keyword.builtin.RightClickKeyword.execute(RightClickKeyword.groovy:67)
	at com.kms.katalon.core.keyword.internal.KeywordExecutor.executeKeywordForPlatform(KeywordExecutor.groovy:56)
	at com.kms.katalon.core.webui.keyword.WebUiBuiltInKeywords.rightClick(WebUiBuiltInKeywords.groovy:722)
	at com.kms.katalon.core.webui.keyword.WebUiBuiltInKeywords$rightClick$5.call(Unknown Source)
	at createShow.run(createShow:94)
	at com.kms.katalon.core.main.ScriptEngine.run(ScriptEngine.java:194)
	at com.kms.katalon.core.main.ScriptEngine.runScriptAsRawText(ScriptEngine.java:119)
	at com.kms.katalon.core.main.TestCaseExecutor.runScript(TestCaseExecutor.java:342)
	at com.kms.katalon.core.main.TestCaseExecutor.doExecute(TestCaseExecutor.java:333)
	at com.kms.katalon.core.main.TestCaseExecutor.processExecutionPhase(TestCaseExecutor.java:312)
	at com.kms.katalon.core.main.TestCaseExecutor.accessMainPhase(TestCaseExecutor.java:304)
	at com.kms.katalon.core.main.TestCaseExecutor.execute(TestCaseExecutor.java:238)
	at com.kms.katalon.core.main.TestSuiteExecutor.accessTestCaseMainPhase(TestSuiteExecutor.java:129)
	at com.kms.katalon.core.main.TestSuiteExecutor.accessTestSuiteMainPhase(TestSuiteExecutor.java:112)
	at com.kms.katalon.core.main.TestSuiteExecutor.execute(TestSuiteExecutor.java:81)
	at com.kms.katalon.core.main.TestCaseMain.startTestSuite(TestCaseMain.java:157)
	at com.kms.katalon.core.main.TestCaseMain$startTestSuite$0.call(Unknown Source)
	at TempTestSuite1559892299437.run(TempTestSuite1559892299437.groovy:35)
Caused by: java.lang.IllegalArgumentException: Object is null
	at com.kms.katalon.core.helper.KeywordHelper.checkTestObjectParameter(KeywordHelper.java:33)
	at com.kms.katalon.core.webui.keyword.builtin.RightClickKeyword$_rightClick_closure1.doCall(RightClickKeyword.groovy:75)
	at com.kms.katalon.core.webui.keyword.builtin.RightClickKeyword$_rightClick_closure1.call(RightClickKeyword.groovy)
	at com.kms.katalon.core.webui.keyword.internal.WebUIKeywordMain.runKeyword(WebUIKeywordMain.groovy:20)
	at com.kms.katalon.core.webui.keyword.builtin.RightClickKeyword.rightClick(RightClickKeyword.groovy:87)
	at com.kms.katalon.core.webui.keyword.builtin.RightClickKeyword.execute(RightClickKeyword.groovy:67)
	at com.kms.katalon.core.keyword.internal.KeywordExecutor.executeKeywordForPlatform(KeywordExecutor.groovy:56)
	at com.kms.katalon.core.webui.keyword.WebUiBuiltInKeywords.rightClick(WebUiBuiltInKeywords.groovy:722)
	at com.kms.katalon.core.webui.keyword.WebUiBuiltInKeywords$rightClick$5.call(Unknown Source)
	at Script1553596975738.run(Script1553596975738.groovy:94)
	... 13 more


2019-06-07 12:55:03 - [TEST_STEP][PASSED] - Start listener action : sampleBeforeTestCase: null

2019-06-07 12:55:03 - [TEST_STEP][PASSED] - println(testCaseContext.getTestCaseId()): null

2019-06-07 12:55:03 - [TEST_STEP][PASSED] - println(testCaseContext.getTestCaseVariables()): null

2019-06-07 12:55:03 - [TEST_STEP][PASSED] - openBrowser(""): Browser is opened with url: ''

2019-06-07 12:55:03 - [MESSAGE][INFO] - Starting 'Chrome' driver

2019-06-07 12:55:04 - [MESSAGE][INFO] - Action delay is set to 0 seconds

2019-06-07 12:55:07 - [MESSAGE][PASSED] - Browser is opened with url: ''

2019-06-07 12:55:07 - [TEST_STEP][PASSED] - maximizeWindow(): Current window maximized

2019-06-07 12:55:08 - [MESSAGE][PASSED] - Current window maximized

2019-06-07 12:55:08 - [TEST_STEP][PASSED] - navigateToUrl(testEnvt): Navigate to 'https://test19.cliotest.com/backoffice/control/main' successfully

2019-06-07 12:55:19 - [MESSAGE][PASSED] - Navigate to 'https://test19.cliotest.com/backoffice/control/main' successfully

2019-06-07 12:55:19 - [TEST_STEP][PASSED] - setText(findTestObject("Object Repository/virualShowRSVPOR/Page_cabi/input_username"), username): Text '400000002' is set on object 'Object Repository/virualShowRSVPOR/Page_cabi/input_username'

2019-06-07 12:55:19 - [MESSAGE][PASSED] - Text '400000002' is set on object 'Object Repository/virualShowRSVPOR/Page_cabi/input_username'

2019-06-07 12:55:19 - [TEST_STEP][PASSED] - setText(findTestObject("Object Repository/virualShowRSVPOR/Page_cabi/input_password"), password): Text 'blackdress19' is set on object 'Object Repository/virualShowRSVPOR/Page_cabi/input_password'

2019-06-07 12:55:19 - [MESSAGE][PASSED] - Text 'blackdress19' is set on object 'Object Repository/virualShowRSVPOR/Page_cabi/input_password'

2019-06-07 12:55:19 - [TEST_STEP][PASSED] - click(findTestObject("Object Repository/virualShowRSVPOR/Page_cabi/input_consultantLogin")): Object: 'Object Repository/virualShowRSVPOR/Page_cabi/input_consultantLogin' is clicked on

2019-06-07 12:55:33 - [MESSAGE][PASSED] - Object: 'Object Repository/virualShowRSVPOR/Page_cabi/input_consultantLogin' is clicked on

2019-06-07 12:55:33 - [TEST_STEP][PASSED] - delay(10): Delayed 10 second(s)

2019-06-07 12:55:43 - [MESSAGE][PASSED] - Delayed 10 second(s)

2019-06-07 12:55:43 - [TEST_STEP][PASSED] - verifyElementText(findTestObject("Object Repository/virualShowRSVPOR/Page_cabi/span_username"), stylist): Actual text and expected text of test object 'Object Repository/virualShowRSVPOR/Page_cabi/span_username' are matched.

2019-06-07 12:55:43 - [MESSAGE][PASSED] - Actual text and expected text of test object 'Object Repository/virualShowRSVPOR/Page_cabi/span_username' are matched.

2019-06-07 12:55:43 - [TEST_STEP][PASSED] - rightClick(findTestObject("Object Repository/virualShowRSVPOR/Page_cabi Home/a_shows _orders")): Object: 'Object Repository/virualShowRSVPOR/Page_cabi Home/a_shows _orders' is right clicked on

2019-06-07 12:55:44 - [MESSAGE][PASSED] - Object: 'Object Repository/virualShowRSVPOR/Page_cabi Home/a_shows _orders' is right clicked on

2019-06-07 12:55:44 - [TEST_STEP][PASSED] - click(findTestObject("Object Repository/virualShowRSVPOR/Page_cabi Home/a_Create_A_Show")): Object: 'Object Repository/virualShowRSVPOR/Page_cabi Home/a_Create_A_Show' is clicked on

2019-06-07 12:55:48 - [MESSAGE][PASSED] - Object: 'Object Repository/virualShowRSVPOR/Page_cabi Home/a_Create_A_Show' is clicked on

2019-06-07 12:55:48 - [TEST_STEP][PASSED] - setText(findTestObject("Object Repository/virualShowRSVPOR/Page_cabi Create Show - Set Hostess/input_Hostess"), hostess): Text 'neohost1 abc' is set on object 'Object Repository/virualShowRSVPOR/Page_cabi Create Show - Set Hostess/input_Hostess'

2019-06-07 12:55:48 - [MESSAGE][PASSED] - Text 'neohost1 abc' is set on object 'Object Repository/virualShowRSVPOR/Page_cabi Create Show - Set Hostess/input_Hostess'

2019-06-07 12:55:48 - [TEST_STEP][PASSED] - rightClick(findTestObject("Object Repository/virualShowRSVPOR/Page_cabi Create Show - Set Hostess/input_Hostess")): Object: 'Object Repository/virualShowRSVPOR/Page_cabi Create Show - Set Hostess/input_Hostess' is right clicked on

2019-06-07 12:55:48 - [MESSAGE][PASSED] - Object: 'Object Repository/virualShowRSVPOR/Page_cabi Create Show - Set Hostess/input_Hostess' is right clicked on

2019-06-07 12:55:48 - [TEST_STEP][PASSED] - click(findTestObject("Object Repository/virualShowRSVPOR/Page_cabi Create Show - Set Hostess/a_select_hostess")): Object: 'Object Repository/virualShowRSVPOR/Page_cabi Create Show - Set Hostess/a_select_hostess' is clicked on

2019-06-07 12:55:49 - [MESSAGE][PASSED] - Object: 'Object Repository/virualShowRSVPOR/Page_cabi Create Show - Set Hostess/a_select_hostess' is clicked on

2019-06-07 12:55:49 - [TEST_STEP][PASSED] - setText(findTestObject("Object Repository/virualShowRSVPOR/Page_cabi Create Show - Set Hostess/input_Hostess_Txt"), hostess): Text 'neohost1 abc' is set on object 'Object Repository/virualShowRSVPOR/Page_cabi Create Show - Set Hostess/input_Hostess_Txt'

2019-06-07 12:55:50 - [MESSAGE][PASSED] - Text 'neohost1 abc' is set on object 'Object Repository/virualShowRSVPOR/Page_cabi Create Show - Set Hostess/input_Hostess_Txt'

2019-06-07 12:55:50 - [TEST_STEP][PASSED] - delay(3): Delayed 3 second(s)

2019-06-07 12:55:53 - [MESSAGE][PASSED] - Delayed 3 second(s)

2019-06-07 12:55:53 - [TEST_STEP][PASSED] - validateHostessAddressMsg = findWebElements(findTestObject("Object Repository/virualShowRSVPOR/Page_cabi Create Show - Set Hostess/validate_address_msg"), 5): null

2019-06-07 12:55:53 - [TEST_STEP][PASSED] - println(validateHostessAddressMsg.size()): null

2019-06-07 12:55:53 - [TEST_STEP][PASSED] - if (validateHostessAddressMsg.isEmpty()): null

2019-06-07 12:55:53 - [TEST_STEP][PASSED] - selectOptionByValue(findTestObject("Object Repository/virualShowRSVPOR/Page_cabi Create Show - Set Hostess/select_Choose_From_Contacts_Co-Hostess"), "3", true): All options with value '3' are selected in object 'Object Repository/virualShowRSVPOR/Page_cabi Create Show - Set Hostess/select_Choose_From_Contacts_Co-Hostess'  using regular expression

2019-06-07 12:55:53 - [MESSAGE][PASSED] - All options with value '3' are selected in object 'Object Repository/virualShowRSVPOR/Page_cabi Create Show - Set Hostess/select_Choose_From_Contacts_Co-Hostess'  using regular expression

2019-06-07 12:55:53 - [TEST_STEP][PASSED] - setText(findTestObject("Object Repository/virualShowRSVPOR/Page_cabi Create Show - Set Hostess/input_Cohostess"), cohostess): Text 'neocohost1 abc' is set on object 'Object Repository/virualShowRSVPOR/Page_cabi Create Show - Set Hostess/input_Cohostess'

2019-06-07 12:55:53 - [MESSAGE][PASSED] - Text 'neocohost1 abc' is set on object 'Object Repository/virualShowRSVPOR/Page_cabi Create Show - Set Hostess/input_Cohostess'

2019-06-07 12:55:53 - [TEST_STEP][PASSED] - rightClick(findTestObject("Object Repository/virualShowRSVPOR/Page_cabi Create Show - Set Hostess/input_Cohostess")): Object: 'Object Repository/virualShowRSVPOR/Page_cabi Create Show - Set Hostess/input_Cohostess' is right clicked on

2019-06-07 12:55:53 - [MESSAGE][PASSED] - Object: 'Object Repository/virualShowRSVPOR/Page_cabi Create Show - Set Hostess/input_Cohostess' is right clicked on

2019-06-07 12:55:53 - [TEST_STEP][PASSED] - rightClick(findTestObject("Object Repository/virualShowRSVPOR/Page_cabi Create Show - Set Hostess/input_Cohostess")): Object: 'Object Repository/virualShowRSVPOR/Page_cabi Create Show - Set Hostess/input_Cohostess' is right clicked on

2019-06-07 12:55:53 - [MESSAGE][PASSED] - Object: 'Object Repository/virualShowRSVPOR/Page_cabi Create Show - Set Hostess/input_Cohostess' is right clicked on

2019-06-07 12:55:54 - [TEST_STEP][PASSED] - click(findTestObject("Object Repository/virualShowRSVPOR/Page_cabi Create Show - Set Hostess/a_select_cohostess")): Object: 'Object Repository/virualShowRSVPOR/Page_cabi Create Show - Set Hostess/a_select_cohostess' is clicked on

2019-06-07 12:55:54 - [MESSAGE][PASSED] - Object: 'Object Repository/virualShowRSVPOR/Page_cabi Create Show - Set Hostess/a_select_cohostess' is clicked on

2019-06-07 12:55:54 - [TEST_STEP][PASSED] - setText(findTestObject("Object Repository/virualShowRSVPOR/Page_cabi Create Show - Set Hostess/input_Cohostess"), cohostess): Text 'neocohost1 abc' is set on object 'Object Repository/virualShowRSVPOR/Page_cabi Create Show - Set Hostess/input_Cohostess'

2019-06-07 12:55:54 - [MESSAGE][PASSED] - Text 'neocohost1 abc' is set on object 'Object Repository/virualShowRSVPOR/Page_cabi Create Show - Set Hostess/input_Cohostess'

2019-06-07 12:55:54 - [TEST_STEP][PASSED] - delay(3): Delayed 3 second(s)

2019-06-07 12:55:57 - [MESSAGE][PASSED] - Delayed 3 second(s)

2019-06-07 12:55:57 - [TEST_STEP][PASSED] - validateHostessAddressMsg = findWebElements(findTestObject("Object Repository/virualShowRSVPOR/Page_cabi Create Show - Set Hostess/validate_address_msg"), 5): null

2019-06-07 12:55:58 - [TEST_STEP][PASSED] - if (validateHostessAddressMsg.size() != 4): null

2019-06-07 12:55:58 - [TEST_STEP][PASSED] - click(findTestObject("Object Repository/virualShowRSVPOR/Page_cabi Create Show - Set Hostess/input_next")): Object: 'Object Repository/virualShowRSVPOR/Page_cabi Create Show - Set Hostess/input_next' is clicked on

2019-06-07 12:56:00 - [MESSAGE][PASSED] - Object: 'Object Repository/virualShowRSVPOR/Page_cabi Create Show - Set Hostess/input_next' is clicked on

2019-06-07 12:56:00 - [TEST_STEP][PASSED] - delay(5): Delayed 5 second(s)

2019-06-07 12:56:05 - [MESSAGE][PASSED] - Delayed 5 second(s)

2019-06-07 12:56:05 - [TEST_STEP][PASSED] - click(findTestObject("Object Repository/virualShowRSVPOR/Page_cabi Create Show - Time and Place/check_Virtual_Show")): Object: 'Object Repository/virualShowRSVPOR/Page_cabi Create Show - Time and Place/check_Virtual_Show' is clicked on

2019-06-07 12:56:05 - [MESSAGE][PASSED] - Object: 'Object Repository/virualShowRSVPOR/Page_cabi Create Show - Time and Place/check_Virtual_Show' is clicked on

2019-06-07 12:56:05 - [TEST_STEP][PASSED] - rightClick(findTestObject("Object Repository/virualShowRSVPOR/Page_cabi Create Show - Time and Place/input_Show_Date_Time")): Object: 'Object Repository/virualShowRSVPOR/Page_cabi Create Show - Time and Place/input_Show_Date_Time' is right clicked on

2019-06-07 12:56:06 - [MESSAGE][PASSED] - Object: 'Object Repository/virualShowRSVPOR/Page_cabi Create Show - Time and Place/input_Show_Date_Time' is right clicked on

2019-06-07 12:56:06 - [TEST_STEP][FAILED] - rightClick(findTestObject("Object Repository/virualShowRSVPOR/Object Repository/Page_cabi Create Show - Time and Place/a_18")): rightClick(findTestObject("Object Repository/virualShowRSVPOR/Object Repository/Page_cabi Create Show - Time and Place/a_18")) FAILED.
Reason:
com.kms.katalon.core.exception.StepFailedException: Unable to right click on object
	at com.kms.katalon.core.webui.keyword.internal.WebUIKeywordMain.stepFailed(WebUIKeywordMain.groovy:64)
	at com.kms.katalon.core.webui.keyword.internal.WebUIKeywordMain.runKeyword(WebUIKeywordMain.groovy:26)
	at com.kms.katalon.core.webui.keyword.builtin.RightClickKeyword.rightClick(RightClickKeyword.groovy:87)
	at com.kms.katalon.core.webui.keyword.builtin.RightClickKeyword.execute(RightClickKeyword.groovy:67)
	at com.kms.katalon.core.keyword.internal.KeywordExecutor.executeKeywordForPlatform(KeywordExecutor.groovy:56)
	at com.kms.katalon.core.webui.keyword.WebUiBuiltInKeywords.rightClick(WebUiBuiltInKeywords.groovy:722)
	at com.kms.katalon.core.webui.keyword.WebUiBuiltInKeywords$rightClick$5.call(Unknown Source)
	at createShow.run(createShow:94)
	at com.kms.katalon.core.main.ScriptEngine.run(ScriptEngine.java:194)
	at com.kms.katalon.core.main.ScriptEngine.runScriptAsRawText(ScriptEngine.java:119)
	at com.kms.katalon.core.main.TestCaseExecutor.runScript(TestCaseExecutor.java:342)
	at com.kms.katalon.core.main.TestCaseExecutor.doExecute(TestCaseExecutor.java:333)
	at com.kms.katalon.core.main.TestCaseExecutor.processExecutionPhase(TestCaseExecutor.java:312)
	at com.kms.katalon.core.main.TestCaseExecutor.accessMainPhase(TestCaseExecutor.java:304)
	at com.kms.katalon.core.main.TestCaseExecutor.execute(TestCaseExecutor.java:238)
	at com.kms.katalon.core.main.TestSuiteExecutor.accessTestCaseMainPhase(TestSuiteExecutor.java:129)
	at com.kms.katalon.core.main.TestSuiteExecutor.accessTestSuiteMainPhase(TestSuiteExecutor.java:112)
	at com.kms.katalon.core.main.TestSuiteExecutor.execute(TestSuiteExecutor.java:81)
	at com.kms.katalon.core.main.TestCaseMain.startTestSuite(TestCaseMain.java:157)
	at com.kms.katalon.core.main.TestCaseMain$startTestSuite$0.call(Unknown Source)
	at TempTestSuite1559892299437.run(TempTestSuite1559892299437.groovy:35)
Caused by: java.lang.IllegalArgumentException: Object is null
	at com.kms.katalon.core.helper.KeywordHelper.checkTestObjectParameter(KeywordHelper.java:33)
	at com.kms.katalon.core.webui.keyword.builtin.RightClickKeyword$_rightClick_closure1.doCall(RightClickKeyword.groovy:75)
	at com.kms.katalon.core.webui.keyword.builtin.RightClickKeyword$_rightClick_closure1.call(RightClickKeyword.groovy)
	at com.kms.katalon.core.webui.keyword.internal.WebUIKeywordMain.runKeyword(WebUIKeywordMain.groovy:20)
	at com.kms.katalon.core.webui.keyword.builtin.RightClickKeyword.rightClick(RightClickKeyword.groovy:87)
	at com.kms.katalon.core.webui.keyword.builtin.RightClickKeyword.execute(RightClickKeyword.groovy:67)
	at com.kms.katalon.core.keyword.internal.KeywordExecutor.executeKeywordForPlatform(KeywordExecutor.groovy:56)
	at com.kms.katalon.core.webui.keyword.WebUiBuiltInKeywords.rightClick(WebUiBuiltInKeywords.groovy:722)
	at com.kms.katalon.core.webui.keyword.WebUiBuiltInKeywords$rightClick$5.call(Unknown Source)
	at Script1553596975738.run(Script1553596975738.groovy:94)
	... 13 more


2019-06-07 12:56:06 - [MESSAGE][WARNING] - Test object with id 'Object Repository/virualShowRSVPOR/Object Repository/Page_cabi Create Show - Time and Place/a_18' does not exist

2019-06-07 12:56:06 - [MESSAGE][WARNING] - Test object with id 'Object Repository/' does not exist

2019-06-07 12:56:06 - [MESSAGE][FAILED] - Unable to right click on object (Root cause: com.kms.katalon.core.exception.StepFailedException: Unable to right click on object
	at com.kms.katalon.core.webui.keyword.internal.WebUIKeywordMain.stepFailed(WebUIKeywordMain.groovy:64)
	at com.kms.katalon.core.webui.keyword.internal.WebUIKeywordMain.runKeyword(WebUIKeywordMain.groovy:26)
	at com.kms.katalon.core.webui.keyword.builtin.RightClickKeyword.rightClick(RightClickKeyword.groovy:87)
	at com.kms.katalon.core.webui.keyword.builtin.RightClickKeyword.execute(RightClickKeyword.groovy:67)
	at com.kms.katalon.core.keyword.internal.KeywordExecutor.executeKeywordForPlatform(KeywordExecutor.groovy:56)
	at com.kms.katalon.core.webui.keyword.WebUiBuiltInKeywords.rightClick(WebUiBuiltInKeywords.groovy:722)
	at com.kms.katalon.core.webui.keyword.WebUiBuiltInKeywords$rightClick$5.call(Unknown Source)
	at createShow.run(createShow:94)
	at com.kms.katalon.core.main.ScriptEngine.run(ScriptEngine.java:194)
	at com.kms.katalon.core.main.ScriptEngine.runScriptAsRawText(ScriptEngine.java:119)
	at com.kms.katalon.core.main.TestCaseExecutor.runScript(TestCaseExecutor.java:342)
	at com.kms.katalon.core.main.TestCaseExecutor.doExecute(TestCaseExecutor.java:333)
	at com.kms.katalon.core.main.TestCaseExecutor.processExecutionPhase(TestCaseExecutor.java:312)
	at com.kms.katalon.core.main.TestCaseExecutor.accessMainPhase(TestCaseExecutor.java:304)
	at com.kms.katalon.core.main.TestCaseExecutor.execute(TestCaseExecutor.java:238)
	at com.kms.katalon.core.main.TestSuiteExecutor.accessTestCaseMainPhase(TestSuiteExecutor.java:129)
	at com.kms.katalon.core.main.TestSuiteExecutor.accessTestSuiteMainPhase(TestSuiteExecutor.java:112)
	at com.kms.katalon.core.main.TestSuiteExecutor.execute(TestSuiteExecutor.java:81)
	at com.kms.katalon.core.main.TestCaseMain.startTestSuite(TestCaseMain.java:157)
	at com.kms.katalon.core.main.TestCaseMain$startTestSuite$0.call(Unknown Source)
	at TempTestSuite1559892299437.run(TempTestSuite1559892299437.groovy:35)
Caused by: java.lang.IllegalArgumentException: Object is null
	at com.kms.katalon.core.helper.KeywordHelper.checkTestObjectParameter(KeywordHelper.java:33)
	at com.kms.katalon.core.webui.keyword.builtin.RightClickKeyword$_rightClick_closure1.doCall(RightClickKeyword.groovy:75)
	at com.kms.katalon.core.webui.keyword.builtin.RightClickKeyword$_rightClick_closure1.call(RightClickKeyword.groovy)
	at com.kms.katalon.core.webui.keyword.internal.WebUIKeywordMain.runKeyword(WebUIKeywordMain.groovy:20)
	at com.kms.katalon.core.webui.keyword.builtin.RightClickKeyword.rightClick(RightClickKeyword.groovy:87)
	at com.kms.katalon.core.webui.keyword.builtin.RightClickKeyword.execute(RightClickKeyword.groovy:67)
	at com.kms.katalon.core.keyword.internal.KeywordExecutor.executeKeywordForPlatform(KeywordExecutor.groovy:56)
	at com.kms.katalon.core.webui.keyword.WebUiBuiltInKeywords.rightClick(WebUiBuiltInKeywords.groovy:722)
	at com.kms.katalon.core.webui.keyword.WebUiBuiltInKeywords$rightClick$5.call(Unknown Source)
	at Script1553596975738.run(Script1553596975738.groovy:94)
	... 13 more
)
[[ATTACHMENT|C:\\Users\\user\\Documents\\testautomation\\NewArrivals\\Reports\\VirtualShowRSVPSuites\\MicrositeTestSuite\\20190607_125459\\1559892366118.png]]

2019-06-07 12:56:06 - [MESSAGE][FAILED] - rightClick(findTestObject("Object Repository/virualShowRSVPOR/Object Repository/Page_cabi Create Show - Time and Place/a_18")) FAILED.
Reason:
com.kms.katalon.core.exception.StepFailedException: Unable to right click on object
	at com.kms.katalon.core.webui.keyword.internal.WebUIKeywordMain.stepFailed(WebUIKeywordMain.groovy:64)
	at com.kms.katalon.core.webui.keyword.internal.WebUIKeywordMain.runKeyword(WebUIKeywordMain.groovy:26)
	at com.kms.katalon.core.webui.keyword.builtin.RightClickKeyword.rightClick(RightClickKeyword.groovy:87)
	at com.kms.katalon.core.webui.keyword.builtin.RightClickKeyword.execute(RightClickKeyword.groovy:67)
	at com.kms.katalon.core.keyword.internal.KeywordExecutor.executeKeywordForPlatform(KeywordExecutor.groovy:56)
	at com.kms.katalon.core.webui.keyword.WebUiBuiltInKeywords.rightClick(WebUiBuiltInKeywords.groovy:722)
	at com.kms.katalon.core.webui.keyword.WebUiBuiltInKeywords$rightClick$5.call(Unknown Source)
	at createShow.run(createShow:94)
	at com.kms.katalon.core.main.ScriptEngine.run(ScriptEngine.java:194)
	at com.kms.katalon.core.main.ScriptEngine.runScriptAsRawText(ScriptEngine.java:119)
	at com.kms.katalon.core.main.TestCaseExecutor.runScript(TestCaseExecutor.java:342)
	at com.kms.katalon.core.main.TestCaseExecutor.doExecute(TestCaseExecutor.java:333)
	at com.kms.katalon.core.main.TestCaseExecutor.processExecutionPhase(TestCaseExecutor.java:312)
	at com.kms.katalon.core.main.TestCaseExecutor.accessMainPhase(TestCaseExecutor.java:304)
	at com.kms.katalon.core.main.TestCaseExecutor.execute(TestCaseExecutor.java:238)
	at com.kms.katalon.core.main.TestSuiteExecutor.accessTestCaseMainPhase(TestSuiteExecutor.java:129)
	at com.kms.katalon.core.main.TestSuiteExecutor.accessTestSuiteMainPhase(TestSuiteExecutor.java:112)
	at com.kms.katalon.core.main.TestSuiteExecutor.execute(TestSuiteExecutor.java:81)
	at com.kms.katalon.core.main.TestCaseMain.startTestSuite(TestCaseMain.java:157)
	at com.kms.katalon.core.main.TestCaseMain$startTestSuite$0.call(Unknown Source)
	at TempTestSuite1559892299437.run(TempTestSuite1559892299437.groovy:35)
Caused by: java.lang.IllegalArgumentException: Object is null
	at com.kms.katalon.core.helper.KeywordHelper.checkTestObjectParameter(KeywordHelper.java:33)
	at com.kms.katalon.core.webui.keyword.builtin.RightClickKeyword$_rightClick_closure1.doCall(RightClickKeyword.groovy:75)
	at com.kms.katalon.core.webui.keyword.builtin.RightClickKeyword$_rightClick_closure1.call(RightClickKeyword.groovy)
	at com.kms.katalon.core.webui.keyword.internal.WebUIKeywordMain.runKeyword(WebUIKeywordMain.groovy:20)
	at com.kms.katalon.core.webui.keyword.builtin.RightClickKeyword.rightClick(RightClickKeyword.groovy:87)
	at com.kms.katalon.core.webui.keyword.builtin.RightClickKeyword.execute(RightClickKeyword.groovy:67)
	at com.kms.katalon.core.keyword.internal.KeywordExecutor.executeKeywordForPlatform(KeywordExecutor.groovy:56)
	at com.kms.katalon.core.webui.keyword.WebUiBuiltInKeywords.rightClick(WebUiBuiltInKeywords.groovy:722)
	at com.kms.katalon.core.webui.keyword.WebUiBuiltInKeywords$rightClick$5.call(Unknown Source)
	at Script1553596975738.run(Script1553596975738.groovy:94)
	... 13 more]]></system-out>
         <system-err><![CDATA[2019-06-07 12:55:02 - [TEST_CASE][FAILED] - Test Cases/virtualShowRSVP/createShow: Test Cases/virtualShowRSVP/createShow FAILED.
Reason:
com.kms.katalon.core.exception.StepFailedException: Unable to right click on object
	at com.kms.katalon.core.webui.keyword.internal.WebUIKeywordMain.stepFailed(WebUIKeywordMain.groovy:64)
	at com.kms.katalon.core.webui.keyword.internal.WebUIKeywordMain.runKeyword(WebUIKeywordMain.groovy:26)
	at com.kms.katalon.core.webui.keyword.builtin.RightClickKeyword.rightClick(RightClickKeyword.groovy:87)
	at com.kms.katalon.core.webui.keyword.builtin.RightClickKeyword.execute(RightClickKeyword.groovy:67)
	at com.kms.katalon.core.keyword.internal.KeywordExecutor.executeKeywordForPlatform(KeywordExecutor.groovy:56)
	at com.kms.katalon.core.webui.keyword.WebUiBuiltInKeywords.rightClick(WebUiBuiltInKeywords.groovy:722)
	at com.kms.katalon.core.webui.keyword.WebUiBuiltInKeywords$rightClick$5.call(Unknown Source)
	at createShow.run(createShow:94)
	at com.kms.katalon.core.main.ScriptEngine.run(ScriptEngine.java:194)
	at com.kms.katalon.core.main.ScriptEngine.runScriptAsRawText(ScriptEngine.java:119)
	at com.kms.katalon.core.main.TestCaseExecutor.runScript(TestCaseExecutor.java:342)
	at com.kms.katalon.core.main.TestCaseExecutor.doExecute(TestCaseExecutor.java:333)
	at com.kms.katalon.core.main.TestCaseExecutor.processExecutionPhase(TestCaseExecutor.java:312)
	at com.kms.katalon.core.main.TestCaseExecutor.accessMainPhase(TestCaseExecutor.java:304)
	at com.kms.katalon.core.main.TestCaseExecutor.execute(TestCaseExecutor.java:238)
	at com.kms.katalon.core.main.TestSuiteExecutor.accessTestCaseMainPhase(TestSuiteExecutor.java:129)
	at com.kms.katalon.core.main.TestSuiteExecutor.accessTestSuiteMainPhase(TestSuiteExecutor.java:112)
	at com.kms.katalon.core.main.TestSuiteExecutor.execute(TestSuiteExecutor.java:81)
	at com.kms.katalon.core.main.TestCaseMain.startTestSuite(TestCaseMain.java:157)
	at com.kms.katalon.core.main.TestCaseMain$startTestSuite$0.call(Unknown Source)
	at TempTestSuite1559892299437.run(TempTestSuite1559892299437.groovy:35)
Caused by: java.lang.IllegalArgumentException: Object is null
	at com.kms.katalon.core.helper.KeywordHelper.checkTestObjectParameter(KeywordHelper.java:33)
	at com.kms.katalon.core.webui.keyword.builtin.RightClickKeyword$_rightClick_closure1.doCall(RightClickKeyword.groovy:75)
	at com.kms.katalon.core.webui.keyword.builtin.RightClickKeyword$_rightClick_closure1.call(RightClickKeyword.groovy)
	at com.kms.katalon.core.webui.keyword.internal.WebUIKeywordMain.runKeyword(WebUIKeywordMain.groovy:20)
	at com.kms.katalon.core.webui.keyword.builtin.RightClickKeyword.rightClick(RightClickKeyword.groovy:87)
	at com.kms.katalon.core.webui.keyword.builtin.RightClickKeyword.execute(RightClickKeyword.groovy:67)
	at com.kms.katalon.core.keyword.internal.KeywordExecutor.executeKeywordForPlatform(KeywordExecutor.groovy:56)
	at com.kms.katalon.core.webui.keyword.WebUiBuiltInKeywords.rightClick(WebUiBuiltInKeywords.groovy:722)
	at com.kms.katalon.core.webui.keyword.WebUiBuiltInKeywords$rightClick$5.call(Unknown Source)
	at Script1553596975738.run(Script1553596975738.groovy:94)
	... 13 more]]></system-err>
      </testcase>
      <testcase name="Test Cases/virtualShowRSVP/micrositeRSVPValidUser" classname="Test Cases/virtualShowRSVP/micrositeRSVPValidUser" status="FAILED">
         <failure type="FAILED" message="Test Cases/virtualShowRSVP/micrositeRSVPValidUser FAILED.
Reason:
com.kms.katalon.core.exception.StepFailedException: Unable to navigate to 'null'
	at com.kms.katalon.core.webui.keyword.internal.WebUIKeywordMain.stepFailed(WebUIKeywordMain.groovy:64)
	at com.kms.katalon.core.webui.keyword.internal.WebUIKeywordMain.runKeyword(WebUIKeywordMain.groovy:26)
	at com.kms.katalon.core.webui.keyword.builtin.NavigateToUrlKeyword.navigateToUrl(NavigateToUrlKeyword.groovy:83)
	at com.kms.katalon.core.webui.keyword.builtin.NavigateToUrlKeyword.execute(NavigateToUrlKeyword.groovy:67)
	at com.kms.katalon.core.keyword.internal.KeywordExecutor.executeKeywordForPlatform(KeywordExecutor.groovy:56)
	at com.kms.katalon.core.webui.keyword.WebUiBuiltInKeywords.navigateToUrl(WebUiBuiltInKeywords.groovy:183)
	at com.kms.katalon.core.webui.keyword.WebUiBuiltInKeywords$navigateToUrl$1.call(Unknown Source)
	at micrositeRSVPValidUser.run(micrositeRSVPValidUser:39)
	at com.kms.katalon.core.main.ScriptEngine.run(ScriptEngine.java:194)
	at com.kms.katalon.core.main.ScriptEngine.runScriptAsRawText(ScriptEngine.java:119)
	at com.kms.katalon.core.main.TestCaseExecutor.runScript(TestCaseExecutor.java:342)
	at com.kms.katalon.core.main.TestCaseExecutor.doExecute(TestCaseExecutor.java:333)
	at com.kms.katalon.core.main.TestCaseExecutor.processExecutionPhase(TestCaseExecutor.java:312)
	at com.kms.katalon.core.main.TestCaseExecutor.accessMainPhase(TestCaseExecutor.java:304)
	at com.kms.katalon.core.main.TestCaseExecutor.execute(TestCaseExecutor.java:238)
	at com.kms.katalon.core.main.TestSuiteExecutor.accessTestCaseMainPhase(TestSuiteExecutor.java:129)
	at com.kms.katalon.core.main.TestSuiteExecutor.accessTestSuiteMainPhase(TestSuiteExecutor.java:112)
	at com.kms.katalon.core.main.TestSuiteExecutor.execute(TestSuiteExecutor.java:81)
	at com.kms.katalon.core.main.TestCaseMain.startTestSuite(TestCaseMain.java:157)
	at com.kms.katalon.core.main.TestCaseMain$startTestSuite$0.call(Unknown Source)
	at TempTestSuite1559892299437.run(TempTestSuite1559892299437.groovy:35)
Caused by: java.lang.IllegalArgumentException: Url cannot be null or empty
	at com.kms.katalon.core.webui.keyword.builtin.NavigateToUrlKeyword$_navigateToUrl_closure1.doCall(NavigateToUrlKeyword.groovy:75)
	at com.kms.katalon.core.webui.keyword.builtin.NavigateToUrlKeyword$_navigateToUrl_closure1.call(NavigateToUrlKeyword.groovy)
	at com.kms.katalon.core.webui.keyword.internal.WebUIKeywordMain.runKeyword(WebUIKeywordMain.groovy:20)
	at com.kms.katalon.core.webui.keyword.builtin.NavigateToUrlKeyword.navigateToUrl(NavigateToUrlKeyword.groovy:83)
	at com.kms.katalon.core.webui.keyword.builtin.NavigateToUrlKeyword.execute(NavigateToUrlKeyword.groovy:67)
	at com.kms.katalon.core.keyword.internal.KeywordExecutor.executeKeywordForPlatform(KeywordExecutor.groovy:56)
	at com.kms.katalon.core.webui.keyword.WebUiBuiltInKeywords.navigateToUrl(WebUiBuiltInKeywords.groovy:183)
	at com.kms.katalon.core.webui.keyword.WebUiBuiltInKeywords$navigateToUrl$1.call(Unknown Source)
	at Script1553241488977.run(Script1553241488977.groovy:39)
	... 13 more
"/>
         <system-out><![CDATA[2019-06-07 12:56:06 - [TEST_CASE][FAILED] - Test Cases/virtualShowRSVP/micrositeRSVPValidUser: Test Cases/virtualShowRSVP/micrositeRSVPValidUser FAILED.
Reason:
com.kms.katalon.core.exception.StepFailedException: Unable to navigate to 'null'
	at com.kms.katalon.core.webui.keyword.internal.WebUIKeywordMain.stepFailed(WebUIKeywordMain.groovy:64)
	at com.kms.katalon.core.webui.keyword.internal.WebUIKeywordMain.runKeyword(WebUIKeywordMain.groovy:26)
	at com.kms.katalon.core.webui.keyword.builtin.NavigateToUrlKeyword.navigateToUrl(NavigateToUrlKeyword.groovy:83)
	at com.kms.katalon.core.webui.keyword.builtin.NavigateToUrlKeyword.execute(NavigateToUrlKeyword.groovy:67)
	at com.kms.katalon.core.keyword.internal.KeywordExecutor.executeKeywordForPlatform(KeywordExecutor.groovy:56)
	at com.kms.katalon.core.webui.keyword.WebUiBuiltInKeywords.navigateToUrl(WebUiBuiltInKeywords.groovy:183)
	at com.kms.katalon.core.webui.keyword.WebUiBuiltInKeywords$navigateToUrl$1.call(Unknown Source)
	at micrositeRSVPValidUser.run(micrositeRSVPValidUser:39)
	at com.kms.katalon.core.main.ScriptEngine.run(ScriptEngine.java:194)
	at com.kms.katalon.core.main.ScriptEngine.runScriptAsRawText(ScriptEngine.java:119)
	at com.kms.katalon.core.main.TestCaseExecutor.runScript(TestCaseExecutor.java:342)
	at com.kms.katalon.core.main.TestCaseExecutor.doExecute(TestCaseExecutor.java:333)
	at com.kms.katalon.core.main.TestCaseExecutor.processExecutionPhase(TestCaseExecutor.java:312)
	at com.kms.katalon.core.main.TestCaseExecutor.accessMainPhase(TestCaseExecutor.java:304)
	at com.kms.katalon.core.main.TestCaseExecutor.execute(TestCaseExecutor.java:238)
	at com.kms.katalon.core.main.TestSuiteExecutor.accessTestCaseMainPhase(TestSuiteExecutor.java:129)
	at com.kms.katalon.core.main.TestSuiteExecutor.accessTestSuiteMainPhase(TestSuiteExecutor.java:112)
	at com.kms.katalon.core.main.TestSuiteExecutor.execute(TestSuiteExecutor.java:81)
	at com.kms.katalon.core.main.TestCaseMain.startTestSuite(TestCaseMain.java:157)
	at com.kms.katalon.core.main.TestCaseMain$startTestSuite$0.call(Unknown Source)
	at TempTestSuite1559892299437.run(TempTestSuite1559892299437.groovy:35)
Caused by: java.lang.IllegalArgumentException: Url cannot be null or empty
	at com.kms.katalon.core.webui.keyword.builtin.NavigateToUrlKeyword$_navigateToUrl_closure1.doCall(NavigateToUrlKeyword.groovy:75)
	at com.kms.katalon.core.webui.keyword.builtin.NavigateToUrlKeyword$_navigateToUrl_closure1.call(NavigateToUrlKeyword.groovy)
	at com.kms.katalon.core.webui.keyword.internal.WebUIKeywordMain.runKeyword(WebUIKeywordMain.groovy:20)
	at com.kms.katalon.core.webui.keyword.builtin.NavigateToUrlKeyword.navigateToUrl(NavigateToUrlKeyword.groovy:83)
	at com.kms.katalon.core.webui.keyword.builtin.NavigateToUrlKeyword.execute(NavigateToUrlKeyword.groovy:67)
	at com.kms.katalon.core.keyword.internal.KeywordExecutor.executeKeywordForPlatform(KeywordExecutor.groovy:56)
	at com.kms.katalon.core.webui.keyword.WebUiBuiltInKeywords.navigateToUrl(WebUiBuiltInKeywords.groovy:183)
	at com.kms.katalon.core.webui.keyword.WebUiBuiltInKeywords$navigateToUrl$1.call(Unknown Source)
	at Script1553241488977.run(Script1553241488977.groovy:39)
	... 13 more


2019-06-07 12:56:06 - [TEST_STEP][PASSED] - Start listener action : sampleBeforeTestCase: null

2019-06-07 12:56:06 - [TEST_STEP][PASSED] - println(testCaseContext.getTestCaseId()): null

2019-06-07 12:56:06 - [TEST_STEP][PASSED] - println(testCaseContext.getTestCaseVariables()): null

2019-06-07 12:56:07 - [TEST_STEP][PASSED] - openBrowser(""): Browser is opened with url: ''

2019-06-07 12:56:07 - [MESSAGE][WARNING] - A browser is already opened. Closing browser and opening a new one

2019-06-07 12:56:08 - [MESSAGE][INFO] - Starting 'Chrome' driver

2019-06-07 12:56:10 - [MESSAGE][PASSED] - Browser is opened with url: ''

2019-06-07 12:56:10 - [TEST_STEP][PASSED] - maximizeWindow(): Current window maximized

2019-06-07 12:56:11 - [MESSAGE][PASSED] - Current window maximized

2019-06-07 12:56:11 - [TEST_STEP][FAILED] - navigateToUrl(micrositeURL): navigateToUrl(micrositeURL) FAILED.
Reason:
com.kms.katalon.core.exception.StepFailedException: Unable to navigate to 'null'
	at com.kms.katalon.core.webui.keyword.internal.WebUIKeywordMain.stepFailed(WebUIKeywordMain.groovy:64)
	at com.kms.katalon.core.webui.keyword.internal.WebUIKeywordMain.runKeyword(WebUIKeywordMain.groovy:26)
	at com.kms.katalon.core.webui.keyword.builtin.NavigateToUrlKeyword.navigateToUrl(NavigateToUrlKeyword.groovy:83)
	at com.kms.katalon.core.webui.keyword.builtin.NavigateToUrlKeyword.execute(NavigateToUrlKeyword.groovy:67)
	at com.kms.katalon.core.keyword.internal.KeywordExecutor.executeKeywordForPlatform(KeywordExecutor.groovy:56)
	at com.kms.katalon.core.webui.keyword.WebUiBuiltInKeywords.navigateToUrl(WebUiBuiltInKeywords.groovy:183)
	at com.kms.katalon.core.webui.keyword.WebUiBuiltInKeywords$navigateToUrl$1.call(Unknown Source)
	at micrositeRSVPValidUser.run(micrositeRSVPValidUser:39)
	at com.kms.katalon.core.main.ScriptEngine.run(ScriptEngine.java:194)
	at com.kms.katalon.core.main.ScriptEngine.runScriptAsRawText(ScriptEngine.java:119)
	at com.kms.katalon.core.main.TestCaseExecutor.runScript(TestCaseExecutor.java:342)
	at com.kms.katalon.core.main.TestCaseExecutor.doExecute(TestCaseExecutor.java:333)
	at com.kms.katalon.core.main.TestCaseExecutor.processExecutionPhase(TestCaseExecutor.java:312)
	at com.kms.katalon.core.main.TestCaseExecutor.accessMainPhase(TestCaseExecutor.java:304)
	at com.kms.katalon.core.main.TestCaseExecutor.execute(TestCaseExecutor.java:238)
	at com.kms.katalon.core.main.TestSuiteExecutor.accessTestCaseMainPhase(TestSuiteExecutor.java:129)
	at com.kms.katalon.core.main.TestSuiteExecutor.accessTestSuiteMainPhase(TestSuiteExecutor.java:112)
	at com.kms.katalon.core.main.TestSuiteExecutor.execute(TestSuiteExecutor.java:81)
	at com.kms.katalon.core.main.TestCaseMain.startTestSuite(TestCaseMain.java:157)
	at com.kms.katalon.core.main.TestCaseMain$startTestSuite$0.call(Unknown Source)
	at TempTestSuite1559892299437.run(TempTestSuite1559892299437.groovy:35)
Caused by: java.lang.IllegalArgumentException: Url cannot be null or empty
	at com.kms.katalon.core.webui.keyword.builtin.NavigateToUrlKeyword$_navigateToUrl_closure1.doCall(NavigateToUrlKeyword.groovy:75)
	at com.kms.katalon.core.webui.keyword.builtin.NavigateToUrlKeyword$_navigateToUrl_closure1.call(NavigateToUrlKeyword.groovy)
	at com.kms.katalon.core.webui.keyword.internal.WebUIKeywordMain.runKeyword(WebUIKeywordMain.groovy:20)
	at com.kms.katalon.core.webui.keyword.builtin.NavigateToUrlKeyword.navigateToUrl(NavigateToUrlKeyword.groovy:83)
	at com.kms.katalon.core.webui.keyword.builtin.NavigateToUrlKeyword.execute(NavigateToUrlKeyword.groovy:67)
	at com.kms.katalon.core.keyword.internal.KeywordExecutor.executeKeywordForPlatform(KeywordExecutor.groovy:56)
	at com.kms.katalon.core.webui.keyword.WebUiBuiltInKeywords.navigateToUrl(WebUiBuiltInKeywords.groovy:183)
	at com.kms.katalon.core.webui.keyword.WebUiBuiltInKeywords$navigateToUrl$1.call(Unknown Source)
	at Script1553241488977.run(Script1553241488977.groovy:39)
	... 13 more


2019-06-07 12:56:12 - [MESSAGE][FAILED] - Unable to navigate to 'null' (Root cause: com.kms.katalon.core.exception.StepFailedException: Unable to navigate to 'null'
	at com.kms.katalon.core.webui.keyword.internal.WebUIKeywordMain.stepFailed(WebUIKeywordMain.groovy:64)
	at com.kms.katalon.core.webui.keyword.internal.WebUIKeywordMain.runKeyword(WebUIKeywordMain.groovy:26)
	at com.kms.katalon.core.webui.keyword.builtin.NavigateToUrlKeyword.navigateToUrl(NavigateToUrlKeyword.groovy:83)
	at com.kms.katalon.core.webui.keyword.builtin.NavigateToUrlKeyword.execute(NavigateToUrlKeyword.groovy:67)
	at com.kms.katalon.core.keyword.internal.KeywordExecutor.executeKeywordForPlatform(KeywordExecutor.groovy:56)
	at com.kms.katalon.core.webui.keyword.WebUiBuiltInKeywords.navigateToUrl(WebUiBuiltInKeywords.groovy:183)
	at com.kms.katalon.core.webui.keyword.WebUiBuiltInKeywords$navigateToUrl$1.call(Unknown Source)
	at micrositeRSVPValidUser.run(micrositeRSVPValidUser:39)
	at com.kms.katalon.core.main.ScriptEngine.run(ScriptEngine.java:194)
	at com.kms.katalon.core.main.ScriptEngine.runScriptAsRawText(ScriptEngine.java:119)
	at com.kms.katalon.core.main.TestCaseExecutor.runScript(TestCaseExecutor.java:342)
	at com.kms.katalon.core.main.TestCaseExecutor.doExecute(TestCaseExecutor.java:333)
	at com.kms.katalon.core.main.TestCaseExecutor.processExecutionPhase(TestCaseExecutor.java:312)
	at com.kms.katalon.core.main.TestCaseExecutor.accessMainPhase(TestCaseExecutor.java:304)
	at com.kms.katalon.core.main.TestCaseExecutor.execute(TestCaseExecutor.java:238)
	at com.kms.katalon.core.main.TestSuiteExecutor.accessTestCaseMainPhase(TestSuiteExecutor.java:129)
	at com.kms.katalon.core.main.TestSuiteExecutor.accessTestSuiteMainPhase(TestSuiteExecutor.java:112)
	at com.kms.katalon.core.main.TestSuiteExecutor.execute(TestSuiteExecutor.java:81)
	at com.kms.katalon.core.main.TestCaseMain.startTestSuite(TestCaseMain.java:157)
	at com.kms.katalon.core.main.TestCaseMain$startTestSuite$0.call(Unknown Source)
	at TempTestSuite1559892299437.run(TempTestSuite1559892299437.groovy:35)
Caused by: java.lang.IllegalArgumentException: Url cannot be null or empty
	at com.kms.katalon.core.webui.keyword.builtin.NavigateToUrlKeyword$_navigateToUrl_closure1.doCall(NavigateToUrlKeyword.groovy:75)
	at com.kms.katalon.core.webui.keyword.builtin.NavigateToUrlKeyword$_navigateToUrl_closure1.call(NavigateToUrlKeyword.groovy)
	at com.kms.katalon.core.webui.keyword.internal.WebUIKeywordMain.runKeyword(WebUIKeywordMain.groovy:20)
	at com.kms.katalon.core.webui.keyword.builtin.NavigateToUrlKeyword.navigateToUrl(NavigateToUrlKeyword.groovy:83)
	at com.kms.katalon.core.webui.keyword.builtin.NavigateToUrlKeyword.execute(NavigateToUrlKeyword.groovy:67)
	at com.kms.katalon.core.keyword.internal.KeywordExecutor.executeKeywordForPlatform(KeywordExecutor.groovy:56)
	at com.kms.katalon.core.webui.keyword.WebUiBuiltInKeywords.navigateToUrl(WebUiBuiltInKeywords.groovy:183)
	at com.kms.katalon.core.webui.keyword.WebUiBuiltInKeywords$navigateToUrl$1.call(Unknown Source)
	at Script1553241488977.run(Script1553241488977.groovy:39)
	... 13 more
)
[[ATTACHMENT|C:\\Users\\user\\Documents\\testautomation\\NewArrivals\\Reports\\VirtualShowRSVPSuites\\MicrositeTestSuite\\20190607_125459\\1559892371887.png]]

2019-06-07 12:56:12 - [MESSAGE][FAILED] - navigateToUrl(micrositeURL) FAILED.
Reason:
com.kms.katalon.core.exception.StepFailedException: Unable to navigate to 'null'
	at com.kms.katalon.core.webui.keyword.internal.WebUIKeywordMain.stepFailed(WebUIKeywordMain.groovy:64)
	at com.kms.katalon.core.webui.keyword.internal.WebUIKeywordMain.runKeyword(WebUIKeywordMain.groovy:26)
	at com.kms.katalon.core.webui.keyword.builtin.NavigateToUrlKeyword.navigateToUrl(NavigateToUrlKeyword.groovy:83)
	at com.kms.katalon.core.webui.keyword.builtin.NavigateToUrlKeyword.execute(NavigateToUrlKeyword.groovy:67)
	at com.kms.katalon.core.keyword.internal.KeywordExecutor.executeKeywordForPlatform(KeywordExecutor.groovy:56)
	at com.kms.katalon.core.webui.keyword.WebUiBuiltInKeywords.navigateToUrl(WebUiBuiltInKeywords.groovy:183)
	at com.kms.katalon.core.webui.keyword.WebUiBuiltInKeywords$navigateToUrl$1.call(Unknown Source)
	at micrositeRSVPValidUser.run(micrositeRSVPValidUser:39)
	at com.kms.katalon.core.main.ScriptEngine.run(ScriptEngine.java:194)
	at com.kms.katalon.core.main.ScriptEngine.runScriptAsRawText(ScriptEngine.java:119)
	at com.kms.katalon.core.main.TestCaseExecutor.runScript(TestCaseExecutor.java:342)
	at com.kms.katalon.core.main.TestCaseExecutor.doExecute(TestCaseExecutor.java:333)
	at com.kms.katalon.core.main.TestCaseExecutor.processExecutionPhase(TestCaseExecutor.java:312)
	at com.kms.katalon.core.main.TestCaseExecutor.accessMainPhase(TestCaseExecutor.java:304)
	at com.kms.katalon.core.main.TestCaseExecutor.execute(TestCaseExecutor.java:238)
	at com.kms.katalon.core.main.TestSuiteExecutor.accessTestCaseMainPhase(TestSuiteExecutor.java:129)
	at com.kms.katalon.core.main.TestSuiteExecutor.accessTestSuiteMainPhase(TestSuiteExecutor.java:112)
	at com.kms.katalon.core.main.TestSuiteExecutor.execute(TestSuiteExecutor.java:81)
	at com.kms.katalon.core.main.TestCaseMain.startTestSuite(TestCaseMain.java:157)
	at com.kms.katalon.core.main.TestCaseMain$startTestSuite$0.call(Unknown Source)
	at TempTestSuite1559892299437.run(TempTestSuite1559892299437.groovy:35)
Caused by: java.lang.IllegalArgumentException: Url cannot be null or empty
	at com.kms.katalon.core.webui.keyword.builtin.NavigateToUrlKeyword$_navigateToUrl_closure1.doCall(NavigateToUrlKeyword.groovy:75)
	at com.kms.katalon.core.webui.keyword.builtin.NavigateToUrlKeyword$_navigateToUrl_closure1.call(NavigateToUrlKeyword.groovy)
	at com.kms.katalon.core.webui.keyword.internal.WebUIKeywordMain.runKeyword(WebUIKeywordMain.groovy:20)
	at com.kms.katalon.core.webui.keyword.builtin.NavigateToUrlKeyword.navigateToUrl(NavigateToUrlKeyword.groovy:83)
	at com.kms.katalon.core.webui.keyword.builtin.NavigateToUrlKeyword.execute(NavigateToUrlKeyword.groovy:67)
	at com.kms.katalon.core.keyword.internal.KeywordExecutor.executeKeywordForPlatform(KeywordExecutor.groovy:56)
	at com.kms.katalon.core.webui.keyword.WebUiBuiltInKeywords.navigateToUrl(WebUiBuiltInKeywords.groovy:183)
	at com.kms.katalon.core.webui.keyword.WebUiBuiltInKeywords$navigateToUrl$1.call(Unknown Source)
	at Script1553241488977.run(Script1553241488977.groovy:39)
	... 13 more]]></system-out>
         <system-err><![CDATA[2019-06-07 12:56:06 - [TEST_CASE][FAILED] - Test Cases/virtualShowRSVP/micrositeRSVPValidUser: Test Cases/virtualShowRSVP/micrositeRSVPValidUser FAILED.
Reason:
com.kms.katalon.core.exception.StepFailedException: Unable to navigate to 'null'
	at com.kms.katalon.core.webui.keyword.internal.WebUIKeywordMain.stepFailed(WebUIKeywordMain.groovy:64)
	at com.kms.katalon.core.webui.keyword.internal.WebUIKeywordMain.runKeyword(WebUIKeywordMain.groovy:26)
	at com.kms.katalon.core.webui.keyword.builtin.NavigateToUrlKeyword.navigateToUrl(NavigateToUrlKeyword.groovy:83)
	at com.kms.katalon.core.webui.keyword.builtin.NavigateToUrlKeyword.execute(NavigateToUrlKeyword.groovy:67)
	at com.kms.katalon.core.keyword.internal.KeywordExecutor.executeKeywordForPlatform(KeywordExecutor.groovy:56)
	at com.kms.katalon.core.webui.keyword.WebUiBuiltInKeywords.navigateToUrl(WebUiBuiltInKeywords.groovy:183)
	at com.kms.katalon.core.webui.keyword.WebUiBuiltInKeywords$navigateToUrl$1.call(Unknown Source)
	at micrositeRSVPValidUser.run(micrositeRSVPValidUser:39)
	at com.kms.katalon.core.main.ScriptEngine.run(ScriptEngine.java:194)
	at com.kms.katalon.core.main.ScriptEngine.runScriptAsRawText(ScriptEngine.java:119)
	at com.kms.katalon.core.main.TestCaseExecutor.runScript(TestCaseExecutor.java:342)
	at com.kms.katalon.core.main.TestCaseExecutor.doExecute(TestCaseExecutor.java:333)
	at com.kms.katalon.core.main.TestCaseExecutor.processExecutionPhase(TestCaseExecutor.java:312)
	at com.kms.katalon.core.main.TestCaseExecutor.accessMainPhase(TestCaseExecutor.java:304)
	at com.kms.katalon.core.main.TestCaseExecutor.execute(TestCaseExecutor.java:238)
	at com.kms.katalon.core.main.TestSuiteExecutor.accessTestCaseMainPhase(TestSuiteExecutor.java:129)
	at com.kms.katalon.core.main.TestSuiteExecutor.accessTestSuiteMainPhase(TestSuiteExecutor.java:112)
	at com.kms.katalon.core.main.TestSuiteExecutor.execute(TestSuiteExecutor.java:81)
	at com.kms.katalon.core.main.TestCaseMain.startTestSuite(TestCaseMain.java:157)
	at com.kms.katalon.core.main.TestCaseMain$startTestSuite$0.call(Unknown Source)
	at TempTestSuite1559892299437.run(TempTestSuite1559892299437.groovy:35)
Caused by: java.lang.IllegalArgumentException: Url cannot be null or empty
	at com.kms.katalon.core.webui.keyword.builtin.NavigateToUrlKeyword$_navigateToUrl_closure1.doCall(NavigateToUrlKeyword.groovy:75)
	at com.kms.katalon.core.webui.keyword.builtin.NavigateToUrlKeyword$_navigateToUrl_closure1.call(NavigateToUrlKeyword.groovy)
	at com.kms.katalon.core.webui.keyword.internal.WebUIKeywordMain.runKeyword(WebUIKeywordMain.groovy:20)
	at com.kms.katalon.core.webui.keyword.builtin.NavigateToUrlKeyword.navigateToUrl(NavigateToUrlKeyword.groovy:83)
	at com.kms.katalon.core.webui.keyword.builtin.NavigateToUrlKeyword.execute(NavigateToUrlKeyword.groovy:67)
	at com.kms.katalon.core.keyword.internal.KeywordExecutor.executeKeywordForPlatform(KeywordExecutor.groovy:56)
	at com.kms.katalon.core.webui.keyword.WebUiBuiltInKeywords.navigateToUrl(WebUiBuiltInKeywords.groovy:183)
	at com.kms.katalon.core.webui.keyword.WebUiBuiltInKeywords$navigateToUrl$1.call(Unknown Source)
	at Script1553241488977.run(Script1553241488977.groovy:39)
	... 13 more]]></system-err>
      </testcase>
      <system-out><![CDATA[2019-06-07 12:55:02 - [TEST_SUITE][FAILED] - MicrositeTestSuite: Test Cases/virtualShowRSVP/createShow FAILED.
Reason:
com.kms.katalon.core.exception.StepFailedException: Unable to right click on object
	at com.kms.katalon.core.webui.keyword.internal.WebUIKeywordMain.stepFailed(WebUIKeywordMain.groovy:64)
	at com.kms.katalon.core.webui.keyword.internal.WebUIKeywordMain.runKeyword(WebUIKeywordMain.groovy:26)
	at com.kms.katalon.core.webui.keyword.builtin.RightClickKeyword.rightClick(RightClickKeyword.groovy:87)
	at com.kms.katalon.core.webui.keyword.builtin.RightClickKeyword.execute(RightClickKeyword.groovy:67)
	at com.kms.katalon.core.keyword.internal.KeywordExecutor.executeKeywordForPlatform(KeywordExecutor.groovy:56)
	at com.kms.katalon.core.webui.keyword.WebUiBuiltInKeywords.rightClick(WebUiBuiltInKeywords.groovy:722)
	at com.kms.katalon.core.webui.keyword.WebUiBuiltInKeywords$rightClick$5.call(Unknown Source)
	at createShow.run(createShow:94)
	at com.kms.katalon.core.main.ScriptEngine.run(ScriptEngine.java:194)
	at com.kms.katalon.core.main.ScriptEngine.runScriptAsRawText(ScriptEngine.java:119)
	at com.kms.katalon.core.main.TestCaseExecutor.runScript(TestCaseExecutor.java:342)
	at com.kms.katalon.core.main.TestCaseExecutor.doExecute(TestCaseExecutor.java:333)
	at com.kms.katalon.core.main.TestCaseExecutor.processExecutionPhase(TestCaseExecutor.java:312)
	at com.kms.katalon.core.main.TestCaseExecutor.accessMainPhase(TestCaseExecutor.java:304)
	at com.kms.katalon.core.main.TestCaseExecutor.execute(TestCaseExecutor.java:238)
	at com.kms.katalon.core.main.TestSuiteExecutor.accessTestCaseMainPhase(TestSuiteExecutor.java:129)
	at com.kms.katalon.core.main.TestSuiteExecutor.accessTestSuiteMainPhase(TestSuiteExecutor.java:112)
	at com.kms.katalon.core.main.TestSuiteExecutor.execute(TestSuiteExecutor.java:81)
	at com.kms.katalon.core.main.TestCaseMain.startTestSuite(TestCaseMain.java:157)
	at com.kms.katalon.core.main.TestCaseMain$startTestSuite$0.call(Unknown Source)
	at TempTestSuite1559892299437.run(TempTestSuite1559892299437.groovy:35)
Caused by: java.lang.IllegalArgumentException: Object is null
	at com.kms.katalon.core.helper.KeywordHelper.checkTestObjectParameter(KeywordHelper.java:33)
	at com.kms.katalon.core.webui.keyword.builtin.RightClickKeyword$_rightClick_closure1.doCall(RightClickKeyword.groovy:75)
	at com.kms.katalon.core.webui.keyword.builtin.RightClickKeyword$_rightClick_closure1.call(RightClickKeyword.groovy)
	at com.kms.katalon.core.webui.keyword.internal.WebUIKeywordMain.runKeyword(WebUIKeywordMain.groovy:20)
	at com.kms.katalon.core.webui.keyword.builtin.RightClickKeyword.rightClick(RightClickKeyword.groovy:87)
	at com.kms.katalon.core.webui.keyword.builtin.RightClickKeyword.execute(RightClickKeyword.groovy:67)
	at com.kms.katalon.core.keyword.internal.KeywordExecutor.executeKeywordForPlatform(KeywordExecutor.groovy:56)
	at com.kms.katalon.core.webui.keyword.WebUiBuiltInKeywords.rightClick(WebUiBuiltInKeywords.groovy:722)
	at com.kms.katalon.core.webui.keyword.WebUiBuiltInKeywords$rightClick$5.call(Unknown Source)
	at Script1553596975738.run(Script1553596975738.groovy:94)
	... 13 more]]></system-out>
      <system-err><![CDATA[2019-06-07 12:55:02 - [TEST_SUITE][FAILED] - MicrositeTestSuite: Test Cases/virtualShowRSVP/createShow FAILED.
Reason:
com.kms.katalon.core.exception.StepFailedException: Unable to right click on object
	at com.kms.katalon.core.webui.keyword.internal.WebUIKeywordMain.stepFailed(WebUIKeywordMain.groovy:64)
	at com.kms.katalon.core.webui.keyword.internal.WebUIKeywordMain.runKeyword(WebUIKeywordMain.groovy:26)
	at com.kms.katalon.core.webui.keyword.builtin.RightClickKeyword.rightClick(RightClickKeyword.groovy:87)
	at com.kms.katalon.core.webui.keyword.builtin.RightClickKeyword.execute(RightClickKeyword.groovy:67)
	at com.kms.katalon.core.keyword.internal.KeywordExecutor.executeKeywordForPlatform(KeywordExecutor.groovy:56)
	at com.kms.katalon.core.webui.keyword.WebUiBuiltInKeywords.rightClick(WebUiBuiltInKeywords.groovy:722)
	at com.kms.katalon.core.webui.keyword.WebUiBuiltInKeywords$rightClick$5.call(Unknown Source)
	at createShow.run(createShow:94)
	at com.kms.katalon.core.main.ScriptEngine.run(ScriptEngine.java:194)
	at com.kms.katalon.core.main.ScriptEngine.runScriptAsRawText(ScriptEngine.java:119)
	at com.kms.katalon.core.main.TestCaseExecutor.runScript(TestCaseExecutor.java:342)
	at com.kms.katalon.core.main.TestCaseExecutor.doExecute(TestCaseExecutor.java:333)
	at com.kms.katalon.core.main.TestCaseExecutor.processExecutionPhase(TestCaseExecutor.java:312)
	at com.kms.katalon.core.main.TestCaseExecutor.accessMainPhase(TestCaseExecutor.java:304)
	at com.kms.katalon.core.main.TestCaseExecutor.execute(TestCaseExecutor.java:238)
	at com.kms.katalon.core.main.TestSuiteExecutor.accessTestCaseMainPhase(TestSuiteExecutor.java:129)
	at com.kms.katalon.core.main.TestSuiteExecutor.accessTestSuiteMainPhase(TestSuiteExecutor.java:112)
	at com.kms.katalon.core.main.TestSuiteExecutor.execute(TestSuiteExecutor.java:81)
	at com.kms.katalon.core.main.TestCaseMain.startTestSuite(TestCaseMain.java:157)
	at com.kms.katalon.core.main.TestCaseMain$startTestSuite$0.call(Unknown Source)
	at TempTestSuite1559892299437.run(TempTestSuite1559892299437.groovy:35)
Caused by: java.lang.IllegalArgumentException: Object is null
	at com.kms.katalon.core.helper.KeywordHelper.checkTestObjectParameter(KeywordHelper.java:33)
	at com.kms.katalon.core.webui.keyword.builtin.RightClickKeyword$_rightClick_closure1.doCall(RightClickKeyword.groovy:75)
	at com.kms.katalon.core.webui.keyword.builtin.RightClickKeyword$_rightClick_closure1.call(RightClickKeyword.groovy)
	at com.kms.katalon.core.webui.keyword.internal.WebUIKeywordMain.runKeyword(WebUIKeywordMain.groovy:20)
	at com.kms.katalon.core.webui.keyword.builtin.RightClickKeyword.rightClick(RightClickKeyword.groovy:87)
	at com.kms.katalon.core.webui.keyword.builtin.RightClickKeyword.execute(RightClickKeyword.groovy:67)
	at com.kms.katalon.core.keyword.internal.KeywordExecutor.executeKeywordForPlatform(KeywordExecutor.groovy:56)
	at com.kms.katalon.core.webui.keyword.WebUiBuiltInKeywords.rightClick(WebUiBuiltInKeywords.groovy:722)
	at com.kms.katalon.core.webui.keyword.WebUiBuiltInKeywords$rightClick$5.call(Unknown Source)
	at Script1553596975738.run(Script1553596975738.groovy:94)
	... 13 more]]></system-err>
   </testsuite>
</testsuites>
