<?xml version="1.0" encoding="UTF-8"?>
<testsuites name="EO2" time="232" tests="1" failures="0" errors="0">
   <testsuite name="EO2" tests="1" failures="0" errors="0" time="232" timestamp="2019-06-24 12:56:00" hostname="user - 10.0.102.159" id="Test Suites/EditOrderSuites/EO2">
      <properties>
         <property name="deviceName" value=""/>
         <property name="devicePlatform" value=""/>
         <property name="logFolder" value="C:\\Users\\user\\Documents\\testautomation\\KatalonProjects\\Reports\\EditOrderSuites\\EO2\\20190624_125554"/>
         <property name="logFiles" value="C:\\Users\\user\\Documents\\testautomation\\KatalonProjects\\Reports\\EditOrderSuites\\EO2\\20190624_125554\\execution0.log"/>
         <property name="attachments" value=""/>
         <property name="hostName" value="user - 10.0.102.159"/>
         <property name="os" value="Windows 8.1 64bit"/>
         <property name="katalonVersion" value="6.1.1.1"/>
         <property name="browser" value="Chrome 75.0.3770.100"/>
         <property name="hostAddress" value="10.0.102.159"/>
         <property name="sessionId" value="b1491187ec160478a3da249c154dd538"/>
         <property name="seleniumVersion" value="3.7.1"/>
         <property name="proxyInformation" value="ProxyInformation{proxyOption=NO_PROXY, proxyServerType=HTTP, password=, proxyServerAddress=, proxyServerPort=0}"/>
         <property name="platform" value="Windows 8.1"/>
      </properties>
      <testcase name="Test Cases/editOrder/rsEditOrderDonation" classname="Test Cases/editOrder/rsEditOrderDonation" status="PASSED">
         <system-out><![CDATA[2019-06-24 12:56:00 - [TEST_CASE][PASSED] - Test Cases/editOrder/rsEditOrderDonation: Test Cases/editOrder/rsEditOrderDonation

2019-06-24 12:56:01 - [TEST_STEP][PASSED] - Start listener action : sampleBeforeTestCase: null

2019-06-24 12:56:01 - [TEST_STEP][PASSED] - println(testCaseContext.getTestCaseId()): null

2019-06-24 12:56:01 - [TEST_STEP][PASSED] - println(testCaseContext.getTestCaseVariables()): null

2019-06-24 12:56:02 - [TEST_STEP][PASSED] - callTestCase(findTestCase("editOrder/retailOrderBO"), ["editScenarioNumber":4], STOP_ON_FAILURE): Call Test Case 'Test Cases/editOrder/retailOrderBO' successfully

2019-06-24 12:56:03 - [TEST_CASE][PASSED] - Test Cases/editOrder/retailOrderBO: Test Cases/editOrder/retailOrderBO

2019-06-24 12:56:04 - [TEST_STEP][PASSED] - openBrowser(""): Browser is opened with url: ''

2019-06-24 12:56:05 - [MESSAGE][INFO] - Starting 'Chrome' driver

2019-06-24 12:56:05 - [MESSAGE][INFO] - User set preference: ['args', '[--use-fake-ui-for-media-stream, --start-maximized]']

2019-06-24 12:56:05 - [MESSAGE][INFO] - Action delay is set to 0 seconds

2019-06-24 12:56:09 - [MESSAGE][PASSED] - Browser is opened with url: ''

2019-06-24 12:56:09 - [TEST_STEP][PASSED] - maximizeWindow(): Current window maximized

2019-06-24 12:56:10 - [MESSAGE][PASSED] - Current window maximized

2019-06-24 12:56:10 - [TEST_STEP][PASSED] - callTestCase(findTestCase("NewArrival/backOfficeLogin"), ["BOURL":"", "BOuser":"", "BOpass":""], STOP_ON_FAILURE): Call Test Case 'Test Cases/NewArrival/backOfficeLogin' successfully

2019-06-24 12:56:10 - [TEST_CASE][PASSED] - Test Cases/NewArrival/backOfficeLogin: Test Cases/NewArrival/backOfficeLogin

2019-06-24 12:56:11 - [TEST_STEP][PASSED] - BOURL = findTestData("credData").getValue("BOURL", 1): null

2019-06-24 12:56:12 - [TEST_STEP][PASSED] - BOuser = findTestData("credData").getValue("BOuser", 1): null

2019-06-24 12:56:12 - [TEST_STEP][PASSED] - BOpass = findTestData("credData").getValue("BOpass", 1): null

2019-06-24 12:56:12 - [TEST_STEP][PASSED] - navigateToUrl(BOURL): Navigate to 'https://test21.cliotest.com/backoffice/control/main' successfully

2019-06-24 12:56:19 - [MESSAGE][PASSED] - Navigate to 'https://test21.cliotest.com/backoffice/control/main' successfully

2019-06-24 12:56:19 - [TEST_STEP][PASSED] - logOut = findWebElements(findTestObject("Object Repository/Page_cabi Home/log_out"), 1): Unable to find the element located by 'By.xpath: //a[contains(text(),'Log Out')]'. Please recheck the objects properties to make sure the desired element is located. 

2019-06-24 12:56:20 - [MESSAGE][INFO] - Unable to find the element located by 'By.xpath: //a[contains(text(),'Log Out')]'. Please recheck the objects properties to make sure the desired element is located. 

2019-06-24 12:56:20 - [TEST_STEP][PASSED] - if (logOut.size() == 0): Object: 'Object Repository/Page_cabi/input_Welcome to_consultantLogin' is clicked on

2019-06-24 12:56:21 - [TEST_STEP][PASSED] - setText(findTestObject("Page_cabi/input_Welcome to_USERNAME"), BOuser): Text '400000002' is set on object 'Object Repository/Page_cabi/input_Welcome to_USERNAME'

2019-06-24 12:56:21 - [MESSAGE][PASSED] - Text '400000002' is set on object 'Object Repository/Page_cabi/input_Welcome to_USERNAME'

2019-06-24 12:56:21 - [TEST_STEP][PASSED] - setText(findTestObject("Object Repository/Page_cabi/input_Welcome to_PASSWORD"), BOpass): Text 'blackdress19' is set on object 'Object Repository/Page_cabi/input_Welcome to_PASSWORD'

2019-06-24 12:56:21 - [MESSAGE][PASSED] - Text 'blackdress19' is set on object 'Object Repository/Page_cabi/input_Welcome to_PASSWORD'

2019-06-24 12:56:21 - [TEST_STEP][PASSED] - click(findTestObject("Object Repository/Page_cabi/input_Welcome to_consultantLogin")): Object: 'Object Repository/Page_cabi/input_Welcome to_consultantLogin' is clicked on

2019-06-24 12:56:29 - [MESSAGE][PASSED] - Object: 'Object Repository/Page_cabi/input_Welcome to_consultantLogin' is clicked on

2019-06-24 12:56:29 - [TEST_STEP][PASSED] - delay(3): Delayed 3 second(s)

2019-06-24 12:56:32 - [MESSAGE][PASSED] - Delayed 3 second(s)

2019-06-24 12:56:32 - [MESSAGE][PASSED] - Call Test Case 'Test Cases/NewArrival/backOfficeLogin' successfully

2019-06-24 12:56:32 - [TEST_STEP][PASSED] - click(findTestObject("Object Repository/Page_cabi Home/a_Shows  Orders")): Object: 'Object Repository/Page_cabi Home/a_Shows  Orders' is clicked on

2019-06-24 12:56:32 - [MESSAGE][PASSED] - Object: 'Object Repository/Page_cabi Home/a_Shows  Orders' is clicked on

2019-06-24 12:56:32 - [TEST_STEP][PASSED] - delay(1): Delayed 1 second(s)

2019-06-24 12:56:33 - [MESSAGE][PASSED] - Delayed 1 second(s)

2019-06-24 12:56:33 - [TEST_STEP][PASSED] - rightClick(findTestObject("Page_cabi Home/a_Shows  Orders")): Object: 'Object Repository/Page_cabi Home/a_Shows  Orders' is right clicked on

2019-06-24 12:56:33 - [MESSAGE][PASSED] - Object: 'Object Repository/Page_cabi Home/a_Shows  Orders' is right clicked on

2019-06-24 12:56:33 - [TEST_STEP][PASSED] - click(findTestObject("Page_cabi Home/a_retail_purchases")): Object: 'Object Repository/Page_cabi Home/a_retail_purchases' is clicked on

2019-06-24 12:56:37 - [MESSAGE][PASSED] - Object: 'Object Repository/Page_cabi Home/a_retail_purchases' is clicked on

2019-06-24 12:56:37 - [TEST_STEP][PASSED] - delay(3): Delayed 3 second(s)

2019-06-24 12:56:40 - [MESSAGE][PASSED] - Delayed 3 second(s)

2019-06-24 12:56:40 - [TEST_STEP][PASSED] - click(findTestObject("Object Repository/Page_cabi Home/existingCustomer")): Object: 'Object Repository/Page_cabi Home/existingCustomer' is clicked on

2019-06-24 12:56:40 - [MESSAGE][PASSED] - Object: 'Object Repository/Page_cabi Home/existingCustomer' is clicked on

2019-06-24 12:56:40 - [TEST_STEP][PASSED] - contactNumber = 5: null

2019-06-24 12:56:40 - [TEST_STEP][PASSED] - firstName = findTestData("contactData").getValue("firstName", contactNumber): null

2019-06-24 12:56:40 - [TEST_STEP][PASSED] - lastName = findTestData("contactData").getValue("lastName", contactNumber): null

2019-06-24 12:56:40 - [TEST_STEP][PASSED] - email = findTestData("contactData").getValue("email", contactNumber): null

2019-06-24 12:56:40 - [TEST_STEP][PASSED] - address1 = findTestData("contactData").getValue("address1", contactNumber): null

2019-06-24 12:56:40 - [TEST_STEP][PASSED] - city = findTestData("contactData").getValue("city", contactNumber): null

2019-06-24 12:56:40 - [TEST_STEP][PASSED] - state = findTestData("contactData").getValue("state", contactNumber): null

2019-06-24 12:56:40 - [TEST_STEP][PASSED] - zip = findTestData("contactData").getValue("zip", contactNumber): null

2019-06-24 12:56:41 - [TEST_STEP][PASSED] - existingCustFName = firstName: null

2019-06-24 12:56:41 - [TEST_STEP][PASSED] - existingCustLName = lastName: null

2019-06-24 12:56:41 - [TEST_STEP][PASSED] - space = " ": null

2019-06-24 12:56:41 - [TEST_STEP][PASSED] - existingCust = $existingCustFName$space$existingCustLName: null

2019-06-24 12:56:41 - [TEST_STEP][PASSED] - setText(findTestObject("Object Repository/Page_cabi Home/input_existing_guest"), existingCust): Text 'Michigan Contact' is set on object 'Object Repository/Page_cabi Home/input_existing_guest'

2019-06-24 12:56:41 - [MESSAGE][PASSED] - Text 'Michigan Contact' is set on object 'Object Repository/Page_cabi Home/input_existing_guest'

2019-06-24 12:56:41 - [TEST_STEP][PASSED] - delay(3): Delayed 3 second(s)

2019-06-24 12:56:44 - [MESSAGE][PASSED] - Delayed 3 second(s)

2019-06-24 12:56:44 - [TEST_STEP][PASSED] - rightClick(findTestObject("Object Repository/Page_cabi Home/input_existing_guest")): Object: 'Object Repository/Page_cabi Home/input_existing_guest' is right clicked on

2019-06-24 12:56:44 - [MESSAGE][PASSED] - Object: 'Object Repository/Page_cabi Home/input_existing_guest' is right clicked on

2019-06-24 12:56:44 - [TEST_STEP][PASSED] - rightClick(findTestObject("Object Repository/Page_cabi Home/input_existing_guest")): Object: 'Object Repository/Page_cabi Home/input_existing_guest' is right clicked on

2019-06-24 12:56:44 - [MESSAGE][PASSED] - Object: 'Object Repository/Page_cabi Home/input_existing_guest' is right clicked on

2019-06-24 12:56:44 - [TEST_STEP][PASSED] - click(findTestObject("Object Repository/Page_cabi Create Show - Set Hostess/a_select_customer")): Object: 'Object Repository/Page_cabi Create Show - Set Hostess/a_select_customer' is clicked on

2019-06-24 12:56:45 - [MESSAGE][PASSED] - Object: 'Object Repository/Page_cabi Create Show - Set Hostess/a_select_customer' is clicked on

2019-06-24 12:56:45 - [TEST_STEP][PASSED] - setText(findTestObject("Object Repository/Page_cabi Home/input_existing_guest"), existingCust): Text 'Michigan Contact' is set on object 'Object Repository/Page_cabi Home/input_existing_guest'

2019-06-24 12:56:45 - [MESSAGE][PASSED] - Text 'Michigan Contact' is set on object 'Object Repository/Page_cabi Home/input_existing_guest'

2019-06-24 12:56:45 - [TEST_STEP][PASSED] - setText(findTestObject("Object Repository/Page_cabi Retail Store/input_email"), email): Text 'michigan@na.com' is set on object 'Object Repository/Page_cabi Retail Store/input_email'

2019-06-24 12:56:45 - [MESSAGE][PASSED] - Text 'michigan@na.com' is set on object 'Object Repository/Page_cabi Retail Store/input_email'

2019-06-24 12:56:45 - [TEST_STEP][PASSED] - setText(findTestObject("Object Repository/Page_cabi Edit Customer Profile/input_Address1_address1"), address1): Text '972 BRAHMS CT' is set on object 'Object Repository/Page_cabi Edit Customer Profile/input_Address1_address1'

2019-06-24 12:56:46 - [MESSAGE][PASSED] - Text '972 BRAHMS CT' is set on object 'Object Repository/Page_cabi Edit Customer Profile/input_Address1_address1'

2019-06-24 12:56:46 - [TEST_STEP][PASSED] - setText(findTestObject("Object Repository/Page_cabi Edit Customer Profile/input_Address2_address2"), ""): Text '' is set on object 'Object Repository/Page_cabi Edit Customer Profile/input_Address2_address2'

2019-06-24 12:56:46 - [MESSAGE][PASSED] - Text '' is set on object 'Object Repository/Page_cabi Edit Customer Profile/input_Address2_address2'

2019-06-24 12:56:46 - [TEST_STEP][PASSED] - setText(findTestObject("Object Repository/Page_cabi Edit Customer Profile/input_City_city"), city): Text 'TROY' is set on object 'Object Repository/Page_cabi Edit Customer Profile/input_City_city'

2019-06-24 12:56:46 - [MESSAGE][PASSED] - Text 'TROY' is set on object 'Object Repository/Page_cabi Edit Customer Profile/input_City_city'

2019-06-24 12:56:46 - [TEST_STEP][PASSED] - click(findTestObject("Page_cabi Edit Customer Profile/span_select_a_state")): Object: 'Object Repository/Page_cabi Edit Customer Profile/span_select_a_state' is clicked on

2019-06-24 12:56:46 - [MESSAGE][PASSED] - Object: 'Object Repository/Page_cabi Edit Customer Profile/span_select_a_state' is clicked on

2019-06-24 12:56:46 - [TEST_STEP][PASSED] - delay(1): Delayed 1 second(s)

2019-06-24 12:56:47 - [MESSAGE][PASSED] - Delayed 1 second(s)

2019-06-24 12:56:47 - [TEST_STEP][PASSED] - setText(findTestObject("Object Repository/Page_cabi Edit Customer Profile/input_state_1"), state): Text 'Michigan' is set on object 'Object Repository/Page_cabi Edit Customer Profile/input_state_1'

2019-06-24 12:56:47 - [MESSAGE][PASSED] - Text 'Michigan' is set on object 'Object Repository/Page_cabi Edit Customer Profile/input_state_1'

2019-06-24 12:56:47 - [TEST_STEP][PASSED] - delay(2): Delayed 2 second(s)

2019-06-24 12:56:49 - [MESSAGE][PASSED] - Delayed 2 second(s)

2019-06-24 12:56:49 - [TEST_STEP][PASSED] - click(findTestObject("Page_cabi Edit Customer Profile/span_state")): Object: 'Object Repository/Page_cabi Edit Customer Profile/span_state' is clicked on

2019-06-24 12:56:49 - [MESSAGE][PASSED] - Object: 'Object Repository/Page_cabi Edit Customer Profile/span_state' is clicked on

2019-06-24 12:56:49 - [TEST_STEP][PASSED] - setText(findTestObject("Page_cabi Edit Customer Profile/input_state_postalCode"), zip): Text '48085' is set on object 'Object Repository/Page_cabi Edit Customer Profile/input_state_postalCode'

2019-06-24 12:56:49 - [MESSAGE][PASSED] - Text '48085' is set on object 'Object Repository/Page_cabi Edit Customer Profile/input_state_postalCode'

2019-06-24 12:56:49 - [TEST_STEP][PASSED] - delay(5): Delayed 5 second(s)

2019-06-24 12:56:54 - [MESSAGE][PASSED] - Delayed 5 second(s)

2019-06-24 12:56:54 - [TEST_STEP][PASSED] - check(findTestObject("Object Repository/Page_cabi Home/a_same_shipping_address")): Object 'Object Repository/Page_cabi Home/a_same_shipping_address' is checked

2019-06-24 12:56:55 - [MESSAGE][PASSED] - Object 'Object Repository/Page_cabi Home/a_same_shipping_address' is checked

2019-06-24 12:56:55 - [TEST_STEP][PASSED] - delay(5): Delayed 5 second(s)

2019-06-24 12:57:00 - [MESSAGE][PASSED] - Delayed 5 second(s)

2019-06-24 12:57:00 - [TEST_STEP][PASSED] - check(findTestObject("Object Repository/Page_cabi Home/a_same_shipping_address")): Object 'Object Repository/Page_cabi Home/a_same_shipping_address' is checked

2019-06-24 12:57:00 - [MESSAGE][PASSED] - Object 'Object Repository/Page_cabi Home/a_same_shipping_address' is checked

2019-06-24 12:57:00 - [TEST_STEP][PASSED] - delay(10): Delayed 10 second(s)

2019-06-24 12:57:10 - [MESSAGE][PASSED] - Delayed 10 second(s)

2019-06-24 12:57:10 - [TEST_STEP][PASSED] - click(findTestObject("Page_cabi Retail Store/span_next_1")): Object: 'Object Repository/Page_cabi Retail Store/span_next_1' is clicked on

2019-06-24 12:57:10 - [MESSAGE][PASSED] - Object: 'Object Repository/Page_cabi Retail Store/span_next_1' is clicked on

2019-06-24 12:57:10 - [TEST_STEP][PASSED] - delay(3): Delayed 3 second(s)

2019-06-24 12:57:13 - [MESSAGE][PASSED] - Delayed 3 second(s)

2019-06-24 12:57:13 - [TEST_STEP][PASSED] - click(findTestObject("Object Repository/Page_cabi Retail Store/span_quick_entry")): Object: 'Object Repository/Page_cabi Retail Store/span_quick_entry' is clicked on

2019-06-24 12:57:19 - [MESSAGE][PASSED] - Object: 'Object Repository/Page_cabi Retail Store/span_quick_entry' is clicked on

2019-06-24 12:57:19 - [TEST_STEP][PASSED] - delay(3): Delayed 3 second(s)

2019-06-24 12:57:22 - [MESSAGE][PASSED] - Delayed 3 second(s)

2019-06-24 12:57:22 - [TEST_STEP][PASSED] - emptyCart = findWebElements(findTestObject("Object Repository/Page_cabi Personal Store/removeFromCart"), 5): Unable to find the element located by 'By.xpath: //*[@id="removeFromCart_0"]/span'. Please recheck the objects properties to make sure the desired element is located. 

2019-06-24 12:57:27 - [MESSAGE][INFO] - Unable to find the element located by 'By.xpath: //*[@id="removeFromCart_0"]/span'. Please recheck the objects properties to make sure the desired element is located. 

2019-06-24 12:57:27 - [TEST_STEP][PASSED] - if (emptyCart.size() > 0): null

2019-06-24 12:57:27 - [TEST_STEP][PASSED] - addOnStyle = findTestData("miscData").getValue("addOnStyle", 1): null

2019-06-24 12:57:27 - [TEST_STEP][PASSED] - addOnStyle2 = findTestData("miscData").getValue("addOnStyle", 2): null

2019-06-24 12:57:27 - [TEST_STEP][PASSED] - click(findTestObject("Object Repository/Page_cabi Create Order/input_Manual Discount_stylelookup_0")): Object: 'Object Repository/Page_cabi Create Order/input_Manual Discount_stylelookup_0' is clicked on

2019-06-24 12:57:28 - [MESSAGE][PASSED] - Object: 'Object Repository/Page_cabi Create Order/input_Manual Discount_stylelookup_0' is clicked on

2019-06-24 12:57:28 - [TEST_STEP][PASSED] - setText(findTestObject("Object Repository/Page_cabi Create Order/input_Manual Discount_stylelookup_0"), addOnStyle): Text '5447' is set on object 'Object Repository/Page_cabi Create Order/input_Manual Discount_stylelookup_0'

2019-06-24 12:57:28 - [MESSAGE][PASSED] - Text '5447' is set on object 'Object Repository/Page_cabi Create Order/input_Manual Discount_stylelookup_0'

2019-06-24 12:57:28 - [TEST_STEP][PASSED] - delay(3): Delayed 3 second(s)

2019-06-24 12:57:31 - [MESSAGE][PASSED] - Delayed 3 second(s)

2019-06-24 12:57:31 - [TEST_STEP][PASSED] - prod_message = getText(findTestObject("Page_cabi Create Order/first_option")): Text of object 'Object Repository/Page_cabi Create Order/first_option' is: '5447 Bishop Cardigan'

2019-06-24 12:57:31 - [MESSAGE][PASSED] - Text of object 'Object Repository/Page_cabi Create Order/first_option' is: '5447 Bishop Cardigan'

2019-06-24 12:57:31 - [TEST_STEP][PASSED] - click(findTestObject("Page_cabi Create Order/first_option")): Object: 'Object Repository/Page_cabi Create Order/first_option' is clicked on

2019-06-24 12:57:31 - [MESSAGE][PASSED] - Object: 'Object Repository/Page_cabi Create Order/first_option' is clicked on

2019-06-24 12:57:31 - [TEST_STEP][PASSED] - delay(5): Delayed 5 second(s)

2019-06-24 12:57:36 - [MESSAGE][PASSED] - Delayed 5 second(s)

2019-06-24 12:57:36 - [TEST_STEP][PASSED] - click(findTestObject("Object Repository/Page_cabi Order Items/selectSize")): Object: 'Object Repository/Page_cabi Order Items/selectSize' is clicked on

2019-06-24 12:57:36 - [MESSAGE][PASSED] - Object: 'Object Repository/Page_cabi Order Items/selectSize' is clicked on

2019-06-24 12:57:36 - [TEST_STEP][PASSED] - click(findTestObject("Object Repository/Page_cabi Order Items/span_Add to Cart")): Object: 'Object Repository/Page_cabi Order Items/span_Add to Cart' is clicked on

2019-06-24 12:57:36 - [MESSAGE][PASSED] - Object: 'Object Repository/Page_cabi Order Items/span_Add to Cart' is clicked on

2019-06-24 12:57:36 - [TEST_STEP][PASSED] - delay(5): Delayed 5 second(s)

2019-06-24 12:57:41 - [MESSAGE][PASSED] - Delayed 5 second(s)

2019-06-24 12:57:41 - [TEST_STEP][PASSED] - click(findTestObject("Object Repository/Page_cabi Create Order/inputStyleLookup1")): Object: 'Object Repository/Page_cabi Create Order/inputStyleLookup1' is clicked on

2019-06-24 12:57:41 - [MESSAGE][PASSED] - Object: 'Object Repository/Page_cabi Create Order/inputStyleLookup1' is clicked on

2019-06-24 12:57:41 - [TEST_STEP][PASSED] - setText(findTestObject("Object Repository/Page_cabi Create Order/inputStyleLookup1"), addOnStyle2): Text '5448' is set on object 'Object Repository/Page_cabi Create Order/inputStyleLookup1'

2019-06-24 12:57:41 - [MESSAGE][PASSED] - Text '5448' is set on object 'Object Repository/Page_cabi Create Order/inputStyleLookup1'

2019-06-24 12:57:41 - [TEST_STEP][PASSED] - delay(3): Delayed 3 second(s)

2019-06-24 12:57:44 - [MESSAGE][PASSED] - Delayed 3 second(s)

2019-06-24 12:57:44 - [TEST_STEP][PASSED] - prod_message2 = getText(findTestObject("Page_cabi Create Order/first_option")): Text of object 'Object Repository/Page_cabi Create Order/first_option' is: '5448 Sailor Pullover'

2019-06-24 12:57:44 - [MESSAGE][PASSED] - Text of object 'Object Repository/Page_cabi Create Order/first_option' is: '5448 Sailor Pullover'

2019-06-24 12:57:44 - [TEST_STEP][PASSED] - click(findTestObject("Page_cabi Create Order/first_option")): Object: 'Object Repository/Page_cabi Create Order/first_option' is clicked on

2019-06-24 12:57:44 - [MESSAGE][PASSED] - Object: 'Object Repository/Page_cabi Create Order/first_option' is clicked on

2019-06-24 12:57:44 - [TEST_STEP][PASSED] - delay(5): Delayed 5 second(s)

2019-06-24 12:57:49 - [MESSAGE][PASSED] - Delayed 5 second(s)

2019-06-24 12:57:49 - [TEST_STEP][PASSED] - click(findTestObject("Object Repository/Page_cabi Order Items/selectSize2")): Object: 'Object Repository/Page_cabi Order Items/selectSize2' is clicked on

2019-06-24 12:57:49 - [MESSAGE][PASSED] - Object: 'Object Repository/Page_cabi Order Items/selectSize2' is clicked on

2019-06-24 12:57:49 - [TEST_STEP][PASSED] - click(findTestObject("Object Repository/Page_cabi Order Items/addToCart2")): Object: 'Object Repository/Page_cabi Order Items/addToCart2' is clicked on

2019-06-24 12:57:49 - [MESSAGE][PASSED] - Object: 'Object Repository/Page_cabi Order Items/addToCart2' is clicked on

2019-06-24 12:57:49 - [TEST_STEP][PASSED] - delay(5): Delayed 5 second(s)

2019-06-24 12:57:54 - [MESSAGE][PASSED] - Delayed 5 second(s)

2019-06-24 12:57:54 - [TEST_STEP][PASSED] - if (editScenarioNumber == 1): null

2019-06-24 12:57:54 - [TEST_STEP][PASSED] - else if (editScenarioNumber == 2): null

2019-06-24 12:57:54 - [TEST_STEP][PASSED] - else if (editScenarioNumber == 3): null

2019-06-24 12:57:54 - [TEST_STEP][PASSED] - else if (editScenarioNumber == 4): Object: 'Object Repository/Page_cabi Order Items/span_add_to_cart' is clicked on

2019-06-24 12:57:54 - [TEST_STEP][PASSED] - println("scen = 4"): null

2019-06-24 12:57:54 - [TEST_STEP][PASSED] - click(findTestObject("Object Repository/Page_cabi Retail Store/span_donation")): Object: 'Object Repository/Page_cabi Retail Store/span_donation' is clicked on

2019-06-24 12:57:55 - [MESSAGE][PASSED] - Object: 'Object Repository/Page_cabi Retail Store/span_donation' is clicked on

2019-06-24 12:57:55 - [TEST_STEP][PASSED] - delay(5): Delayed 5 second(s)

2019-06-24 12:58:00 - [MESSAGE][PASSED] - Delayed 5 second(s)

2019-06-24 12:58:00 - [TEST_STEP][PASSED] - click(findTestObject("Object Repository/Page_cabi Order Items/select_donation_amount")): Object: 'Object Repository/Page_cabi Order Items/select_donation_amount' is clicked on

2019-06-24 12:58:00 - [MESSAGE][PASSED] - Object: 'Object Repository/Page_cabi Order Items/select_donation_amount' is clicked on

2019-06-24 12:58:00 - [TEST_STEP][PASSED] - click(findTestObject("Object Repository/Page_cabi Order Items/span_add_to_cart")): Object: 'Object Repository/Page_cabi Order Items/span_add_to_cart' is clicked on

2019-06-24 12:58:00 - [MESSAGE][PASSED] - Object: 'Object Repository/Page_cabi Order Items/span_add_to_cart' is clicked on

2019-06-24 12:58:00 - [TEST_STEP][PASSED] - click(findTestObject("Object Repository/Page_cabi Order Items/a_checkout")): Object: 'Object Repository/Page_cabi Order Items/a_checkout' is clicked on

2019-06-24 12:58:00 - [MESSAGE][PASSED] - Object: 'Object Repository/Page_cabi Order Items/a_checkout' is clicked on

2019-06-24 12:58:00 - [TEST_STEP][PASSED] - delay(3): Delayed 3 second(s)

2019-06-24 12:58:03 - [MESSAGE][PASSED] - Delayed 3 second(s)

2019-06-24 12:58:03 - [TEST_STEP][PASSED] - click(findTestObject("Page_cabi Personal Store/nextButtonShipping")): Object: 'Object Repository/Page_cabi Personal Store/nextButtonShipping' is clicked on

2019-06-24 12:58:03 - [MESSAGE][PASSED] - Object: 'Object Repository/Page_cabi Personal Store/nextButtonShipping' is clicked on

2019-06-24 12:58:03 - [TEST_STEP][PASSED] - delay(3): Delayed 3 second(s)

2019-06-24 12:58:06 - [MESSAGE][PASSED] - Delayed 3 second(s)

2019-06-24 12:58:06 - [TEST_STEP][PASSED] - click(findTestObject("Page_cabi Personal Store/makeFirstPayment")): Object: 'Object Repository/Page_cabi Personal Store/makeFirstPayment' is clicked on

2019-06-24 12:58:07 - [MESSAGE][PASSED] - Object: 'Object Repository/Page_cabi Personal Store/makeFirstPayment' is clicked on

2019-06-24 12:58:07 - [TEST_STEP][PASSED] - click(findTestObject("Object Repository/Page_cabi Personal Store/select_cash")): Object: 'Object Repository/Page_cabi Personal Store/select_cash' is clicked on

2019-06-24 12:58:07 - [MESSAGE][PASSED] - Object: 'Object Repository/Page_cabi Personal Store/select_cash' is clicked on

2019-06-24 12:58:07 - [TEST_STEP][PASSED] - click(findTestObject("Page_cabi Personal Store/submitPayment")): Object: 'Object Repository/Page_cabi Personal Store/submitPayment' is clicked on

2019-06-24 12:58:07 - [MESSAGE][PASSED] - Object: 'Object Repository/Page_cabi Personal Store/submitPayment' is clicked on

2019-06-24 12:58:07 - [TEST_STEP][PASSED] - click(findTestObject("Page_cabi Personal Store/submitOrderId")): Object: 'Object Repository/Page_cabi Personal Store/submitOrderId' is clicked on

2019-06-24 12:58:10 - [MESSAGE][PASSED] - Object: 'Object Repository/Page_cabi Personal Store/submitOrderId' is clicked on

2019-06-24 12:58:10 - [TEST_STEP][PASSED] - successMsg = "": null

2019-06-24 12:58:10 - [TEST_STEP][PASSED] - orderSuccess = false: null

2019-06-24 12:58:10 - [TEST_STEP][PASSED] - successMsgs = findWebElements(findTestObject("Object Repository/Page_cabi Personal Store/p_success_msg"), 5): null

2019-06-24 12:58:10 - [TEST_STEP][PASSED] - if (successMsgs.size() > 0): Text of object 'Object Repository/Page_cabi Personal Store/p_order_id' is: 'RT707986711'

2019-06-24 12:58:10 - [TEST_STEP][PASSED] - successMsg = getText(findTestObject("Object Repository/Page_cabi Personal Store/p_success_msg")): Text of object 'Object Repository/Page_cabi Personal Store/p_success_msg' is: 'Order Created Successfully!!
Order #:  RT707986711

CONTINUE SHOPPING'

2019-06-24 12:58:10 - [MESSAGE][PASSED] - Text of object 'Object Repository/Page_cabi Personal Store/p_success_msg' is: 'Order Created Successfully!!
Order #:  RT707986711

CONTINUE SHOPPING'

2019-06-24 12:58:10 - [TEST_STEP][PASSED] - orderSuccess = true: null

2019-06-24 12:58:10 - [TEST_STEP][PASSED] - retailOrderID = getText(findTestObject("Object Repository/Page_cabi Personal Store/p_order_id")): Text of object 'Object Repository/Page_cabi Personal Store/p_order_id' is: 'RT707986711'

2019-06-24 12:58:10 - [MESSAGE][PASSED] - Text of object 'Object Repository/Page_cabi Personal Store/p_order_id' is: 'RT707986711'

2019-06-24 12:58:10 - [TEST_STEP][PASSED] - assert orderSuccess == true: null

2019-06-24 12:58:10 - [TEST_STEP][NOT_RUN] - closeBrowser(): NOT_RUN: closeBrowser()

2019-06-24 12:58:10 - [MESSAGE][NOT_RUN] - NOT_RUN: closeBrowser()

2019-06-24 12:58:10 - [MESSAGE][PASSED] - Call Test Case 'Test Cases/editOrder/retailOrderBO' successfully

2019-06-24 12:58:10 - [TEST_STEP][PASSED] - delay(10): Delayed 10 second(s)

2019-06-24 12:58:20 - [MESSAGE][PASSED] - Delayed 10 second(s)

2019-06-24 12:58:20 - [TEST_STEP][PASSED] - callTestCase(findTestCase("virtualShowRSVP/setVHost"), [:], STOP_ON_FAILURE): Call Test Case 'Test Cases/virtualShowRSVP/setVHost' successfully

2019-06-24 12:58:20 - [TEST_CASE][PASSED] - Test Cases/virtualShowRSVP/setVHost: Test Cases/virtualShowRSVP/setVHost

2019-06-24 12:58:20 - [TEST_STEP][PASSED] - dataFile = "micrositeData": null

2019-06-24 12:58:20 - [TEST_STEP][PASSED] - ofbizURL = findTestData(dataFile).getValue("ofbizURL", 1): null

2019-06-24 12:58:21 - [TEST_STEP][PASSED] - ofbizUser = findTestData(dataFile).getValue("ofbizUser", 1): null

2019-06-24 12:58:21 - [TEST_STEP][PASSED] - ofbizPass = findTestData(dataFile).getValue("ofbizPass", 1): null

2019-06-24 12:58:21 - [TEST_STEP][PASSED] - vhostTarget = findTestData(dataFile).getValue("vhostTarget", 1): null

2019-06-24 12:58:21 - [TEST_STEP][PASSED] - navigateToUrl(ofbizURL): Navigate to 'https://pushofbiz.cliotest.com/login.php' successfully

2019-06-24 12:58:22 - [MESSAGE][PASSED] - Navigate to 'https://pushofbiz.cliotest.com/login.php' successfully

2019-06-24 12:58:22 - [TEST_STEP][PASSED] - setText(findTestObject("Object Repository/virualShowRSVPOR/Page_/input_Username_username"), ofbizUser): Text 'automation' is set on object 'Object Repository/virualShowRSVPOR/Page_/input_Username_username'

2019-06-24 12:58:23 - [MESSAGE][PASSED] - Text 'automation' is set on object 'Object Repository/virualShowRSVPOR/Page_/input_Username_username'

2019-06-24 12:58:23 - [TEST_STEP][PASSED] - setText(findTestObject("Object Repository/virualShowRSVPOR/Page_/input_Password_password"), ofbizPass): Text 'cabiautomation' is set on object 'Object Repository/virualShowRSVPOR/Page_/input_Password_password'

2019-06-24 12:58:23 - [MESSAGE][PASSED] - Text 'cabiautomation' is set on object 'Object Repository/virualShowRSVPOR/Page_/input_Password_password'

2019-06-24 12:58:23 - [TEST_STEP][PASSED] - click(findTestObject("Object Repository/virualShowRSVPOR/Page_/input_Password_Submit")): Object: 'Object Repository/virualShowRSVPOR/Page_/input_Password_Submit' is clicked on

2019-06-24 12:58:27 - [MESSAGE][PASSED] - Object: 'Object Repository/virualShowRSVPOR/Page_/input_Password_Submit' is clicked on

2019-06-24 12:58:27 - [TEST_STEP][PASSED] - click(findTestObject("Object Repository/virualShowRSVPOR/Page_/a_Set Vhost")): Object: 'Object Repository/virualShowRSVPOR/Page_/a_Set Vhost' is clicked on

2019-06-24 12:58:28 - [MESSAGE][PASSED] - Object: 'Object Repository/virualShowRSVPOR/Page_/a_Set Vhost' is clicked on

2019-06-24 12:58:28 - [TEST_STEP][PASSED] - click(UtilityMethods.createTestObject("select_target", "//select[@name='Target']/option[contains(text(), '", vhostTarget, "')]")): Object: 'select_target' is clicked on

2019-06-24 12:58:28 - [MESSAGE][PASSED] - Object: 'select_target' is clicked on

2019-06-24 12:58:28 - [TEST_STEP][PASSED] - click(findTestObject("Object Repository/virualShowRSVPOR/Page_/input")): Object: 'Object Repository/virualShowRSVPOR/Page_/input' is clicked on

2019-06-24 12:58:30 - [MESSAGE][PASSED] - Object: 'Object Repository/virualShowRSVPOR/Page_/input' is clicked on

2019-06-24 12:58:30 - [MESSAGE][PASSED] - Call Test Case 'Test Cases/virtualShowRSVP/setVHost' successfully

2019-06-24 12:58:30 - [TEST_STEP][PASSED] - callTestCase(findTestCase("editOrder/rsLogin"), ["RSURL":"", "RSuser":"", "RSpass":""], STOP_ON_FAILURE): Call Test Case 'Test Cases/editOrder/rsLogin' successfully

2019-06-24 12:58:30 - [TEST_CASE][PASSED] - Test Cases/editOrder/rsLogin: Test Cases/editOrder/rsLogin

2019-06-24 12:58:31 - [TEST_STEP][PASSED] - RSURL = findTestData("credData").getValue("RSURL", 1): null

2019-06-24 12:58:31 - [TEST_STEP][PASSED] - RSuser = findTestData("credData").getValue("RSuser", 1): null

2019-06-24 12:58:31 - [TEST_STEP][PASSED] - RSpass = findTestData("credData").getValue("RSpass", 1): null

2019-06-24 12:58:31 - [TEST_STEP][PASSED] - navigateToUrl(RSURL): Navigate to 'https://mirandakate.cabitest5.com' successfully

2019-06-24 12:58:54 - [MESSAGE][PASSED] - Navigate to 'https://mirandakate.cabitest5.com' successfully

2019-06-24 12:58:54 - [TEST_STEP][PASSED] - delay(10): Delayed 10 second(s)

2019-06-24 12:59:04 - [MESSAGE][PASSED] - Delayed 10 second(s)

2019-06-24 12:59:04 - [TEST_STEP][PASSED] - click(findTestObject("Object Repository/ReplicatedSite/Page_Trendy Womens Fashion and Outfits  Cabi Clothing/i_Not my stylist_fa fa-user")): Object: 'Object Repository/ReplicatedSite/Page_Trendy Womens Fashion and Outfits  Cabi Clothing/i_Not my stylist_fa fa-user' is clicked on

2019-06-24 12:59:04 - [MESSAGE][PASSED] - Object: 'Object Repository/ReplicatedSite/Page_Trendy Womens Fashion and Outfits  Cabi Clothing/i_Not my stylist_fa fa-user' is clicked on

2019-06-24 12:59:04 - [TEST_STEP][PASSED] - setText(findTestObject("Object Repository/ReplicatedSite/Page_Trendy Womens Fashion and Outfits  Cabi Clothing/input_Sign in  Create account_email"), RSuser): Text 'michigan@na.com' is set on object 'Object Repository/ReplicatedSite/Page_Trendy Womens Fashion and Outfits  Cabi Clothing/input_Sign in  Create account_email'

2019-06-24 12:59:07 - [MESSAGE][PASSED] - Text 'michigan@na.com' is set on object 'Object Repository/ReplicatedSite/Page_Trendy Womens Fashion and Outfits  Cabi Clothing/input_Sign in  Create account_email'

2019-06-24 12:59:07 - [TEST_STEP][PASSED] - click(findTestObject("Object Repository/ReplicatedSite/Page_Trendy Womens Fashion and Outfits  Cabi Clothing/button_Continue")): Object: 'Object Repository/ReplicatedSite/Page_Trendy Womens Fashion and Outfits  Cabi Clothing/button_Continue' is clicked on

2019-06-24 12:59:07 - [MESSAGE][PASSED] - Object: 'Object Repository/ReplicatedSite/Page_Trendy Womens Fashion and Outfits  Cabi Clothing/button_Continue' is clicked on

2019-06-24 12:59:07 - [TEST_STEP][PASSED] - setText(findTestObject("Object Repository/ReplicatedSite/Page_Trendy Womens Fashion and Outfits  Cabi Clothing/input_Welcome_password"), RSpass): Text 'blackdress19' is set on object 'Object Repository/ReplicatedSite/Page_Trendy Womens Fashion and Outfits  Cabi Clothing/input_Welcome_password'

2019-06-24 12:59:08 - [MESSAGE][PASSED] - Text 'blackdress19' is set on object 'Object Repository/ReplicatedSite/Page_Trendy Womens Fashion and Outfits  Cabi Clothing/input_Welcome_password'

2019-06-24 12:59:08 - [TEST_STEP][PASSED] - click(findTestObject("Object Repository/ReplicatedSite/Page_Trendy Womens Fashion and Outfits  Cabi Clothing/button_Continue")): Object: 'Object Repository/ReplicatedSite/Page_Trendy Womens Fashion and Outfits  Cabi Clothing/button_Continue' is clicked on

2019-06-24 12:59:08 - [MESSAGE][PASSED] - Object: 'Object Repository/ReplicatedSite/Page_Trendy Womens Fashion and Outfits  Cabi Clothing/button_Continue' is clicked on

2019-06-24 12:59:08 - [TEST_STEP][PASSED] - click(findTestObject("Object Repository/ReplicatedSite/Page_Trendy Womens Fashion and Outfits  Cabi Clothing/completeProfileLater")): Object: 'Object Repository/ReplicatedSite/Page_Trendy Womens Fashion and Outfits  Cabi Clothing/completeProfileLater' is clicked on

2019-06-24 12:59:21 - [MESSAGE][PASSED] - Object: 'Object Repository/ReplicatedSite/Page_Trendy Womens Fashion and Outfits  Cabi Clothing/completeProfileLater' is clicked on

2019-06-24 12:59:21 - [MESSAGE][PASSED] - Call Test Case 'Test Cases/editOrder/rsLogin' successfully

2019-06-24 12:59:21 - [TEST_STEP][PASSED] - callTestCase(findTestCase("editOrder/rsOrderHistoryConfirm"), ["orderID":"", "editScenarioNumber":4], STOP_ON_FAILURE): Call Test Case 'Test Cases/editOrder/rsOrderHistoryConfirm' successfully

2019-06-24 12:59:21 - [TEST_CASE][PASSED] - Test Cases/editOrder/rsOrderHistoryConfirm: Test Cases/editOrder/rsOrderHistoryConfirm

2019-06-24 12:59:22 - [TEST_STEP][PASSED] - orderID = retailOrderID: null

2019-06-24 12:59:22 - [TEST_STEP][PASSED] - println(orderID): null

2019-06-24 12:59:22 - [TEST_STEP][PASSED] - xpath = UtilityMethods.concat("//span[contains(text(), '", orderID, "')]/parent::div/parent::div/div[@class='table-row-edit-order']"): null

2019-06-24 12:59:22 - [TEST_STEP][PASSED] - to = new com.kms.katalon.core.testobject.TestObject(a_link_dynamic): null

2019-06-24 12:59:22 - [TEST_STEP][PASSED] - to.addProperty("xpath", EQUALS, xpath): null

2019-06-24 12:59:22 - [TEST_STEP][PASSED] - click(findTestObject("Object Repository/ReplicatedSite/Page_Trendy Womens Fashion and Outfits  Cabi Clothing/i_Michigan_fa fa-caret-down")): Object: 'Object Repository/ReplicatedSite/Page_Trendy Womens Fashion and Outfits  Cabi Clothing/i_Michigan_fa fa-caret-down' is clicked on

2019-06-24 12:59:22 - [MESSAGE][PASSED] - Object: 'Object Repository/ReplicatedSite/Page_Trendy Womens Fashion and Outfits  Cabi Clothing/i_Michigan_fa fa-caret-down' is clicked on

2019-06-24 12:59:22 - [TEST_STEP][PASSED] - click(findTestObject("Object Repository/ReplicatedSite/Page_Trendy Womens Fashion and Outfits  Cabi Clothing/a_My Profile")): Object: 'Object Repository/ReplicatedSite/Page_Trendy Womens Fashion and Outfits  Cabi Clothing/a_My Profile' is clicked on

2019-06-24 12:59:30 - [MESSAGE][PASSED] - Object: 'Object Repository/ReplicatedSite/Page_Trendy Womens Fashion and Outfits  Cabi Clothing/a_My Profile' is clicked on

2019-06-24 12:59:30 - [TEST_STEP][PASSED] - click(findTestObject("Object Repository/ReplicatedSite/Page_Profile - Cabi Fall 2018 Collection/span_Order History")): Object: 'Object Repository/ReplicatedSite/Page_Profile - Cabi Fall 2018 Collection/span_Order History' is clicked on

2019-06-24 12:59:30 - [MESSAGE][PASSED] - Object: 'Object Repository/ReplicatedSite/Page_Profile - Cabi Fall 2018 Collection/span_Order History' is clicked on

2019-06-24 12:59:30 - [TEST_STEP][PASSED] - delay(5): Delayed 5 second(s)

2019-06-24 12:59:35 - [MESSAGE][PASSED] - Delayed 5 second(s)

2019-06-24 12:59:35 - [TEST_STEP][PASSED] - editButton = findWebElements(to, 1): null

2019-06-24 12:59:35 - [TEST_STEP][PASSED] - assert editButton.size() > 0: null

2019-06-24 12:59:35 - [TEST_STEP][PASSED] - if (editButton.size() > 0): null

2019-06-24 12:59:35 - [TEST_STEP][PASSED] - click(to): Object: 'a_link_dynamic' is clicked on

2019-06-24 12:59:35 - [MESSAGE][PASSED] - Object: 'a_link_dynamic' is clicked on

2019-06-24 12:59:35 - [TEST_STEP][PASSED] - delay(10): Delayed 10 second(s)

2019-06-24 12:59:45 - [MESSAGE][PASSED] - Delayed 10 second(s)

2019-06-24 12:59:45 - [TEST_STEP][PASSED] - if (editScenarioNumber == 1): null

2019-06-24 12:59:45 - [TEST_STEP][PASSED] - else if (editScenarioNumber == 3): null

2019-06-24 12:59:45 - [TEST_STEP][PASSED] - else if (editScenarioNumber == 4): null

2019-06-24 12:59:45 - [TEST_STEP][PASSED] - println("scen = 4"): null

2019-06-24 12:59:45 - [TEST_STEP][PASSED] - donationItemPresent = findWebElements(findTestObject("Object Repository/ReplicatedSite/div_donation_present"), 5): null

2019-06-24 12:59:46 - [TEST_STEP][PASSED] - assert donationItemPresent.size() > 0: null

2019-06-24 12:59:46 - [TEST_STEP][PASSED] - donationRemoveButton = findWebElements(findTestObject("Object Repository/ReplicatedSite/a_donation_cannot_remove"), 5): Unable to find the element located by 'By.xpath: //p[contains(text(), 'Heart of cabi Foundation')]/parent::div/parent::div/div[@class='shop-td options']/p/a[contains(text(), ' Remove')]'. Please recheck the objects properties to make sure the desired element is located. 

2019-06-24 12:59:51 - [MESSAGE][INFO] - Unable to find the element located by 'By.xpath: //p[contains(text(), 'Heart of cabi Foundation')]/parent::div/parent::div/div[@class='shop-td options']/p/a[contains(text(), ' Remove')]'. Please recheck the objects properties to make sure the desired element is located. 

2019-06-24 12:59:51 - [TEST_STEP][PASSED] - assert donationRemoveButton.size() == 0: null

2019-06-24 12:59:51 - [MESSAGE][PASSED] - Call Test Case 'Test Cases/editOrder/rsOrderHistoryConfirm' successfully]]></system-out>
         <system-err><![CDATA[]]></system-err>
      </testcase>
      <system-out><![CDATA[2019-06-24 12:56:00 - [TEST_SUITE][PASSED] - EO2: Test Cases/editOrder/rsEditOrderDonation]]></system-out>
      <system-err><![CDATA[]]></system-err>
   </testsuite>
</testsuites>
