<?xml version="1.0" encoding="UTF-8"?>
<testsuites name="MicrositeRSVPSuite" time="143" tests="1" failures="0" errors="0">
   <testsuite name="MicrositeRSVPSuite" tests="1" failures="0" errors="0" time="143" timestamp="2019-08-26 19:31:54" hostname="user - 172.16.231.56" id="Test Suites/VirtualShowSuites/MicrositeRSVPSuite">
      <properties>
         <property name="deviceName" value=""/>
         <property name="devicePlatform" value=""/>
         <property name="logFolder" value="C:\\Users\\user\\Documents\\testautomation\\KatalonProjects\\Reports\\VirtualShowSuites\\MicrositeRSVPSuite\\20190826_193146"/>
         <property name="logFiles" value="C:\\Users\\user\\Documents\\testautomation\\KatalonProjects\\Reports\\VirtualShowSuites\\MicrositeRSVPSuite\\20190826_193146\\execution0.log"/>
         <property name="attachments" value=""/>
         <property name="hostName" value="user - 172.16.231.56"/>
         <property name="os" value="Windows 8.1 64bit"/>
         <property name="katalonVersion" value="6.1.1.1"/>
         <property name="browser" value="Chrome 76.0.3809.100"/>
         <property name="hostAddress" value="172.16.231.56"/>
         <property name="sessionId" value="9a9800e39e8bcda8ca5172f219e821ba"/>
         <property name="seleniumVersion" value="3.7.1"/>
         <property name="proxyInformation" value="ProxyInformation{proxyOption=NO_PROXY, proxyServerType=HTTP, password=, proxyServerAddress=, proxyServerPort=0}"/>
         <property name="platform" value="Windows 8.1"/>
      </properties>
      <testcase name="Test Cases/VirtualShow/newUserRegistrationRS" classname="Test Cases/VirtualShow/newUserRegistrationRS" status="PASSED">
         <system-out><![CDATA[2019-08-26 19:31:55 - [TEST_CASE][PASSED] - Test Cases/VirtualShow/newUserRegistrationRS: Test Cases/VirtualShow/newUserRegistrationRS

2019-08-26 19:31:57 - [TEST_STEP][PASSED] - Start listener action : sampleBeforeTestCase: null

2019-08-26 19:31:57 - [TEST_STEP][PASSED] - println(testCaseContext.getTestCaseId()): null

2019-08-26 19:31:57 - [TEST_STEP][PASSED] - println(testCaseContext.getTestCaseVariables()): null

2019-08-26 19:31:58 - [TEST_STEP][PASSED] - RSURL = findTestData("envtData").getValue("RSURL", 1): null

2019-08-26 19:31:59 - [TEST_STEP][PASSED] - RSuser = findTestData("credData").getValue("RSuser", 1): null

2019-08-26 19:31:59 - [TEST_STEP][PASSED] - RSTestEnvt = findTestData("envtData").getValue("RSTestEnvt", 1): null

2019-08-26 19:31:59 - [TEST_STEP][PASSED] - faker = new com.github.javafaker.Faker(): null

2019-08-26 19:32:00 - [TEST_STEP][PASSED] - name = name().fullName(): null

2019-08-26 19:32:00 - [TEST_STEP][PASSED] - firstName = name.firstName(): null

2019-08-26 19:32:00 - [TEST_STEP][PASSED] - lastName = name().lastName(): null

2019-08-26 19:32:00 - [TEST_STEP][PASSED] - email = internet.emailAddress(): null

2019-08-26 19:32:00 - [TEST_STEP][PASSED] - openBrowser(""): Browser is opened with url: ''

2019-08-26 19:32:00 - [MESSAGE][INFO] - Starting 'Chrome' driver

2019-08-26 19:32:00 - [MESSAGE][INFO] - User set preference: ['args', '[--use-fake-ui-for-media-stream, --start-maximized]']

2019-08-26 19:32:00 - [MESSAGE][INFO] - Action delay is set to 0 seconds

2019-08-26 19:32:05 - [MESSAGE][PASSED] - Browser is opened with url: ''

2019-08-26 19:32:05 - [TEST_STEP][PASSED] - maximizeWindow(): Current window maximized

2019-08-26 19:32:06 - [MESSAGE][PASSED] - Current window maximized

2019-08-26 19:32:06 - [TEST_STEP][PASSED] - callTestCase(findTestCase("TestCaseUtilities/setVHost"), [:], CONTINUE_ON_FAILURE): Call Test Case 'Test Cases/TestCaseUtilities/setVHost' successfully

2019-08-26 19:32:06 - [TEST_CASE][PASSED] - Test Cases/TestCaseUtilities/setVHost: Test Cases/TestCaseUtilities/setVHost

2019-08-26 19:32:07 - [TEST_STEP][PASSED] - ofbizURL = findTestData("envtData").getValue("ofbizURL", 1): null

2019-08-26 19:32:07 - [TEST_STEP][PASSED] - ofbizUser = findTestData("credData").getValue("ofbizuser", 1): null

2019-08-26 19:32:07 - [TEST_STEP][PASSED] - ofbizPass = findTestData("credData").getValue("ofbizpass", 1): null

2019-08-26 19:32:07 - [TEST_STEP][PASSED] - vhostTarget = findTestData("envtData").getValue("vhostTarget", 1): null

2019-08-26 19:32:07 - [TEST_STEP][PASSED] - navigateToUrl(ofbizURL): Navigate to 'https://pushofbiz.cliotest.com/login.php' successfully

2019-08-26 19:32:09 - [MESSAGE][PASSED] - Navigate to 'https://pushofbiz.cliotest.com/login.php' successfully

2019-08-26 19:32:09 - [TEST_STEP][PASSED] - setText(findTestObject("Object Repository/virualShowRSVPOR/Page_/input_Username_username"), ofbizUser): Text 'automation' is set on object 'Object Repository/virualShowRSVPOR/Page_/input_Username_username'

2019-08-26 19:32:10 - [MESSAGE][PASSED] - Text 'automation' is set on object 'Object Repository/virualShowRSVPOR/Page_/input_Username_username'

2019-08-26 19:32:10 - [TEST_STEP][PASSED] - setText(findTestObject("Object Repository/virualShowRSVPOR/Page_/input_Password_password"), ofbizPass): Text 'cabiautomation' is set on object 'Object Repository/virualShowRSVPOR/Page_/input_Password_password'

2019-08-26 19:32:10 - [MESSAGE][PASSED] - Text 'cabiautomation' is set on object 'Object Repository/virualShowRSVPOR/Page_/input_Password_password'

2019-08-26 19:32:10 - [TEST_STEP][PASSED] - click(findTestObject("Object Repository/virualShowRSVPOR/Page_/input_Password_Submit")): Object: 'Object Repository/virualShowRSVPOR/Page_/input_Password_Submit' is clicked on

2019-08-26 19:32:14 - [MESSAGE][PASSED] - Object: 'Object Repository/virualShowRSVPOR/Page_/input_Password_Submit' is clicked on

2019-08-26 19:32:14 - [TEST_STEP][PASSED] - click(findTestObject("Object Repository/virualShowRSVPOR/Page_/a_Set Vhost")): Object: 'Object Repository/virualShowRSVPOR/Page_/a_Set Vhost' is clicked on

2019-08-26 19:32:15 - [MESSAGE][PASSED] - Object: 'Object Repository/virualShowRSVPOR/Page_/a_Set Vhost' is clicked on

2019-08-26 19:32:15 - [TEST_STEP][PASSED] - click(UtilityMethods.createTestObject("select_target", "//select[@name='Target']/option[contains(text(), '", vhostTarget, "')]")): Object: 'select_target' is clicked on

2019-08-26 19:32:15 - [MESSAGE][PASSED] - Object: 'select_target' is clicked on

2019-08-26 19:32:15 - [TEST_STEP][PASSED] - click(findTestObject("Object Repository/virualShowRSVPOR/Page_/input")): Object: 'Object Repository/virualShowRSVPOR/Page_/input' is clicked on

2019-08-26 19:32:18 - [MESSAGE][PASSED] - Object: 'Object Repository/virualShowRSVPOR/Page_/input' is clicked on

2019-08-26 19:32:18 - [MESSAGE][PASSED] - Call Test Case 'Test Cases/TestCaseUtilities/setVHost' successfully

2019-08-26 19:32:18 - [TEST_STEP][PASSED] - navigateToUrl(RSURL): Navigate to 'https://mirandakate.cabitest5.com' successfully

2019-08-26 19:32:42 - [MESSAGE][PASSED] - Navigate to 'https://mirandakate.cabitest5.com' successfully

2019-08-26 19:32:42 - [TEST_STEP][PASSED] - loginURL = UtilityMethods.concat("https://mirandakate.", RSTestEnvt, ".com/?component=account.login-gateway"): null

2019-08-26 19:32:42 - [TEST_STEP][PASSED] - navigateToUrl(loginURL): Navigate to 'https://mirandakate.cabitest5.com/?component=account.login-gateway' successfully

2019-08-26 19:32:51 - [MESSAGE][PASSED] - Navigate to 'https://mirandakate.cabitest5.com/?component=account.login-gateway' successfully

2019-08-26 19:32:51 - [TEST_STEP][PASSED] - setText(findTestObject("ReplicatedSite/rs_Page_Trendy/input_Sign in  Create account_email"), email): Text 'uriah.corkery@hotmail.com' is set on object 'Object Repository/ReplicatedSite/rs_Page_Trendy/input_Sign in  Create account_email'

2019-08-26 19:32:53 - [MESSAGE][PASSED] - Text 'uriah.corkery@hotmail.com' is set on object 'Object Repository/ReplicatedSite/rs_Page_Trendy/input_Sign in  Create account_email'

2019-08-26 19:32:53 - [TEST_STEP][PASSED] - click(findTestObject("ReplicatedSite/rs_Page_Trendy/button_Continue")): Object: 'Object Repository/ReplicatedSite/rs_Page_Trendy/button_Continue' is clicked on

2019-08-26 19:32:53 - [MESSAGE][PASSED] - Object: 'Object Repository/ReplicatedSite/rs_Page_Trendy/button_Continue' is clicked on

2019-08-26 19:32:53 - [TEST_STEP][PASSED] - delay(5): Delayed 5 second(s)

2019-08-26 19:32:58 - [MESSAGE][PASSED] - Delayed 5 second(s)

2019-08-26 19:32:58 - [TEST_STEP][PASSED] - click(findTestObject("ReplicatedSite/rsNewUser/rsFirstName")): Object: 'Object Repository/ReplicatedSite/rsNewUser/rsFirstName' is clicked on

2019-08-26 19:32:59 - [MESSAGE][PASSED] - Object: 'Object Repository/ReplicatedSite/rsNewUser/rsFirstName' is clicked on

2019-08-26 19:32:59 - [TEST_STEP][PASSED] - setText(findTestObject("ReplicatedSite/rsNewUser/rsFirstName"), firstName): Text 'Lester' is set on object 'Object Repository/ReplicatedSite/rsNewUser/rsFirstName'

2019-08-26 19:32:59 - [MESSAGE][PASSED] - Text 'Lester' is set on object 'Object Repository/ReplicatedSite/rsNewUser/rsFirstName'

2019-08-26 19:32:59 - [TEST_STEP][PASSED] - setText(findTestObject("ReplicatedSite/rsNewUser/rsLastName"), lastName): Text 'Crist' is set on object 'Object Repository/ReplicatedSite/rsNewUser/rsLastName'

2019-08-26 19:32:59 - [MESSAGE][PASSED] - Text 'Crist' is set on object 'Object Repository/ReplicatedSite/rsNewUser/rsLastName'

2019-08-26 19:32:59 - [TEST_STEP][PASSED] - setText(findTestObject("ReplicatedSite/rsNewUser/rsPassword"), "blackdress19"): Text 'blackdress19' is set on object 'Object Repository/ReplicatedSite/rsNewUser/rsPassword'

2019-08-26 19:33:00 - [MESSAGE][PASSED] - Text 'blackdress19' is set on object 'Object Repository/ReplicatedSite/rsNewUser/rsPassword'

2019-08-26 19:33:00 - [TEST_STEP][PASSED] - setText(findTestObject("ReplicatedSite/rsNewUser/rsConfirmPassword"), "blackdress19"): Text 'blackdress19' is set on object 'Object Repository/ReplicatedSite/rsNewUser/rsConfirmPassword'

2019-08-26 19:33:01 - [MESSAGE][PASSED] - Text 'blackdress19' is set on object 'Object Repository/ReplicatedSite/rsNewUser/rsConfirmPassword'

2019-08-26 19:33:01 - [TEST_STEP][PASSED] - click(findTestObject("ReplicatedSite/rsNewUser/noThanksLabel")): Object: 'Object Repository/ReplicatedSite/rsNewUser/noThanksLabel' is clicked on

2019-08-26 19:33:01 - [MESSAGE][PASSED] - Object: 'Object Repository/ReplicatedSite/rsNewUser/noThanksLabel' is clicked on

2019-08-26 19:33:01 - [TEST_STEP][PASSED] - click(findTestObject("ReplicatedSite/rsNewUser/continueButton")): Object: 'Object Repository/ReplicatedSite/rsNewUser/continueButton' is clicked on

2019-08-26 19:33:01 - [MESSAGE][PASSED] - Object: 'Object Repository/ReplicatedSite/rsNewUser/continueButton' is clicked on

2019-08-26 19:33:01 - [TEST_STEP][PASSED] - delay(3): Delayed 3 second(s)

2019-08-26 19:33:04 - [MESSAGE][PASSED] - Delayed 3 second(s)

2019-08-26 19:33:04 - [TEST_STEP][PASSED] - click(findTestObject("ReplicatedSite/rsNewUser/gotItThanks")): Object: 'Object Repository/ReplicatedSite/rsNewUser/gotItThanks' is clicked on

2019-08-26 19:33:04 - [MESSAGE][PASSED] - Object: 'Object Repository/ReplicatedSite/rsNewUser/gotItThanks' is clicked on

2019-08-26 19:33:04 - [TEST_STEP][PASSED] - click(findTestObject("ReplicatedSite/rsNewUser/setUpMyProfile")): Object: 'Object Repository/ReplicatedSite/rsNewUser/setUpMyProfile' is clicked on

2019-08-26 19:33:15 - [MESSAGE][PASSED] - Object: 'Object Repository/ReplicatedSite/rsNewUser/setUpMyProfile' is clicked on

2019-08-26 19:33:15 - [TEST_STEP][PASSED] - waitForElementClickable(findTestObject("ReplicatedSite/rsNewUser/dressOftenOption"), 5): Object 'Object Repository/ReplicatedSite/rsNewUser/dressOftenOption' is clickable

2019-08-26 19:33:15 - [MESSAGE][PASSED] - Object 'Object Repository/ReplicatedSite/rsNewUser/dressOftenOption' is clickable

2019-08-26 19:33:15 - [TEST_STEP][PASSED] - delay(3): Delayed 3 second(s)

2019-08-26 19:33:18 - [MESSAGE][PASSED] - Delayed 3 second(s)

2019-08-26 19:33:18 - [TEST_STEP][PASSED] - click(findTestObject("ReplicatedSite/rsNewUser/dressOftenOption")): Object: 'Object Repository/ReplicatedSite/rsNewUser/dressOftenOption' is clicked on

2019-08-26 19:33:18 - [MESSAGE][PASSED] - Object: 'Object Repository/ReplicatedSite/rsNewUser/dressOftenOption' is clicked on

2019-08-26 19:33:18 - [TEST_STEP][PASSED] - click(findTestObject("Object Repository/ReplicatedSite/rsNewUser/dressStyle")): Object: 'Object Repository/ReplicatedSite/rsNewUser/dressStyle' is clicked on

2019-08-26 19:33:19 - [MESSAGE][PASSED] - Object: 'Object Repository/ReplicatedSite/rsNewUser/dressStyle' is clicked on

2019-08-26 19:33:19 - [TEST_STEP][PASSED] - click(findTestObject("Object Repository/ReplicatedSite/rsNewUser/dressShape")): Object: 'Object Repository/ReplicatedSite/rsNewUser/dressShape' is clicked on

2019-08-26 19:33:19 - [MESSAGE][PASSED] - Object: 'Object Repository/ReplicatedSite/rsNewUser/dressShape' is clicked on

2019-08-26 19:33:19 - [TEST_STEP][PASSED] - click(findTestObject("Object Repository/ReplicatedSite/rsNewUser/dressAccentuate")): Object: 'Object Repository/ReplicatedSite/rsNewUser/dressAccentuate' is clicked on

2019-08-26 19:33:19 - [MESSAGE][PASSED] - Object: 'Object Repository/ReplicatedSite/rsNewUser/dressAccentuate' is clicked on

2019-08-26 19:33:19 - [TEST_STEP][PASSED] - click(findTestObject("Object Repository/ReplicatedSite/rsNewUser/dislikeColors")): Object: 'Object Repository/ReplicatedSite/rsNewUser/dislikeColors' is clicked on

2019-08-26 19:33:19 - [MESSAGE][PASSED] - Object: 'Object Repository/ReplicatedSite/rsNewUser/dislikeColors' is clicked on

2019-08-26 19:33:19 - [TEST_STEP][PASSED] - click(findTestObject("Object Repository/ReplicatedSite/rsNewUser/dislikePatterns")): Object: 'Object Repository/ReplicatedSite/rsNewUser/dislikePatterns' is clicked on

2019-08-26 19:33:19 - [MESSAGE][PASSED] - Object: 'Object Repository/ReplicatedSite/rsNewUser/dislikePatterns' is clicked on

2019-08-26 19:33:19 - [TEST_STEP][PASSED] - click(findTestObject("Object Repository/ReplicatedSite/rsNewUser/continueButtonStyleForm")): Object: 'Object Repository/ReplicatedSite/rsNewUser/continueButtonStyleForm' is clicked on

2019-08-26 19:33:20 - [MESSAGE][PASSED] - Object: 'Object Repository/ReplicatedSite/rsNewUser/continueButtonStyleForm' is clicked on

2019-08-26 19:33:20 - [TEST_STEP][PASSED] - waitForElementClickable(findTestObject("Object Repository/ReplicatedSite/rsNewUser/topsRadiobutton"), 5): Object 'Object Repository/ReplicatedSite/rsNewUser/topsRadiobutton' is clickable

2019-08-26 19:33:21 - [MESSAGE][PASSED] - Object 'Object Repository/ReplicatedSite/rsNewUser/topsRadiobutton' is clickable

2019-08-26 19:33:21 - [TEST_STEP][PASSED] - delay(3): Delayed 3 second(s)

2019-08-26 19:33:24 - [MESSAGE][PASSED] - Delayed 3 second(s)

2019-08-26 19:33:24 - [TEST_STEP][PASSED] - click(findTestObject("Object Repository/ReplicatedSite/rsNewUser/sweatersRadioButton")): Object: 'Object Repository/ReplicatedSite/rsNewUser/sweatersRadioButton' is clicked on

2019-08-26 19:33:25 - [MESSAGE][PASSED] - Object: 'Object Repository/ReplicatedSite/rsNewUser/sweatersRadioButton' is clicked on

2019-08-26 19:33:25 - [TEST_STEP][PASSED] - click(findTestObject("Object Repository/ReplicatedSite/rsNewUser/bottomsRadioButton")): Object: 'Object Repository/ReplicatedSite/rsNewUser/bottomsRadioButton' is clicked on

2019-08-26 19:33:25 - [MESSAGE][PASSED] - Object: 'Object Repository/ReplicatedSite/rsNewUser/bottomsRadioButton' is clicked on

2019-08-26 19:33:25 - [TEST_STEP][PASSED] - click(findTestObject("Object Repository/ReplicatedSite/rsNewUser/bottomsRadioButton")): Object: 'Object Repository/ReplicatedSite/rsNewUser/bottomsRadioButton' is clicked on

2019-08-26 19:33:26 - [MESSAGE][PASSED] - Object: 'Object Repository/ReplicatedSite/rsNewUser/bottomsRadioButton' is clicked on

2019-08-26 19:33:26 - [TEST_STEP][PASSED] - click(findTestObject("Object Repository/ReplicatedSite/rsNewUser/skirtsRadioButton")): Object: 'Object Repository/ReplicatedSite/rsNewUser/skirtsRadioButton' is clicked on

2019-08-26 19:33:26 - [MESSAGE][PASSED] - Object: 'Object Repository/ReplicatedSite/rsNewUser/skirtsRadioButton' is clicked on

2019-08-26 19:33:26 - [TEST_STEP][PASSED] - click(findTestObject("Object Repository/ReplicatedSite/rsNewUser/dressessRadioButton")): Object: 'Object Repository/ReplicatedSite/rsNewUser/dressessRadioButton' is clicked on

2019-08-26 19:33:26 - [MESSAGE][PASSED] - Object: 'Object Repository/ReplicatedSite/rsNewUser/dressessRadioButton' is clicked on

2019-08-26 19:33:26 - [TEST_STEP][PASSED] - click(findTestObject("Object Repository/ReplicatedSite/rsNewUser/jacketsRadioButton")): Object: 'Object Repository/ReplicatedSite/rsNewUser/jacketsRadioButton' is clicked on

2019-08-26 19:33:27 - [MESSAGE][PASSED] - Object: 'Object Repository/ReplicatedSite/rsNewUser/jacketsRadioButton' is clicked on

2019-08-26 19:33:27 - [TEST_STEP][PASSED] - click(findTestObject("Object Repository/ReplicatedSite/rsNewUser/continueButtonStyleForm")): Object: 'Object Repository/ReplicatedSite/rsNewUser/continueButtonStyleForm' is clicked on

2019-08-26 19:33:27 - [MESSAGE][PASSED] - Object: 'Object Repository/ReplicatedSite/rsNewUser/continueButtonStyleForm' is clicked on

2019-08-26 19:33:27 - [TEST_STEP][PASSED] - delay(5): Delayed 5 second(s)

2019-08-26 19:33:32 - [MESSAGE][PASSED] - Delayed 5 second(s)

2019-08-26 19:33:32 - [TEST_STEP][PASSED] - titleList = new java.util.ArrayList(): null

2019-08-26 19:33:32 - [TEST_STEP][PASSED] - titleList.add("Bust"): null

2019-08-26 19:33:32 - [TEST_STEP][PASSED] - titleList.add("Band Size"): null

2019-08-26 19:33:32 - [TEST_STEP][PASSED] - titleList.add("Cup Size"): null

2019-08-26 19:33:32 - [TEST_STEP][PASSED] - titleList.add("Waist"): null

2019-08-26 19:33:32 - [TEST_STEP][PASSED] - titleList.add("Hips"): null

2019-08-26 19:33:32 - [TEST_STEP][PASSED] - titleList.add("Inseam"): null

2019-08-26 19:33:32 - [TEST_STEP][PASSED] - titleList.add("Tops"): null

2019-08-26 19:33:32 - [TEST_STEP][PASSED] - titleList.add("Trouser"): null

2019-08-26 19:33:32 - [TEST_STEP][PASSED] - titleList.add("Trouser Length"): null

2019-08-26 19:33:32 - [TEST_STEP][PASSED] - titleList.add("Jacket"): null

2019-08-26 19:33:32 - [TEST_STEP][PASSED] - titleList.add("Skirts"): null

2019-08-26 19:33:32 - [TEST_STEP][PASSED] - titleList.add("Dresses"): null

2019-08-26 19:33:32 - [TEST_STEP][PASSED] - titleList.add("Shoes"): null

2019-08-26 19:33:32 - [TEST_STEP][PASSED] - sizeList = new java.util.ArrayList(): null

2019-08-26 19:33:32 - [TEST_STEP][PASSED] - sizeList.add("35"): null

2019-08-26 19:33:32 - [TEST_STEP][PASSED] - sizeList.add("30"): null

2019-08-26 19:33:32 - [TEST_STEP][PASSED] - sizeList.add("B"): null

2019-08-26 19:33:32 - [TEST_STEP][PASSED] - sizeList.add("28"): null

2019-08-26 19:33:32 - [TEST_STEP][PASSED] - sizeList.add("34"): null

2019-08-26 19:33:32 - [TEST_STEP][PASSED] - sizeList.add("30"): null

2019-08-26 19:33:32 - [TEST_STEP][PASSED] - sizeList.add("L"): null

2019-08-26 19:33:32 - [TEST_STEP][PASSED] - sizeList.add("L"): null

2019-08-26 19:33:32 - [TEST_STEP][PASSED] - sizeList.add("L"): null

2019-08-26 19:33:32 - [TEST_STEP][PASSED] - sizeList.add("L"): null

2019-08-26 19:33:32 - [TEST_STEP][PASSED] - sizeList.add("L"): null

2019-08-26 19:33:32 - [TEST_STEP][PASSED] - sizeList.add("L"): null

2019-08-26 19:33:32 - [TEST_STEP][PASSED] - sizeList.add("9"): null

2019-08-26 19:33:32 - [TEST_STEP][PASSED] - for ([i = 0, i < titleList.size(), (i++)]): Delayed 2 second(s)

2019-08-26 19:33:32 - [TEST_STEP][PASSED] - fitForm = UtilityMethods.createTestObject("fitForm", "//h3[text()='", titleList.get(i), "']/parent::div//span[@class='dressText dressTextNonSelected' and text()='", sizeList.get(i), "']"): null

2019-08-26 19:33:32 - [TEST_STEP][PASSED] - click(fitForm): Object: 'fitForm' is clicked on

2019-08-26 19:33:32 - [MESSAGE][PASSED] - Object: 'fitForm' is clicked on

2019-08-26 19:33:32 - [TEST_STEP][PASSED] - delay(2): Delayed 2 second(s)

2019-08-26 19:33:34 - [MESSAGE][PASSED] - Delayed 2 second(s)

2019-08-26 19:33:34 - [TEST_STEP][PASSED] - fitForm = UtilityMethods.createTestObject("fitForm", "//h3[text()='", titleList.get(i), "']/parent::div//span[@class='dressText dressTextNonSelected' and text()='", sizeList.get(i), "']"): null

2019-08-26 19:33:34 - [TEST_STEP][PASSED] - click(fitForm): Object: 'fitForm' is clicked on

2019-08-26 19:33:35 - [MESSAGE][PASSED] - Object: 'fitForm' is clicked on

2019-08-26 19:33:35 - [TEST_STEP][PASSED] - delay(2): Delayed 2 second(s)

2019-08-26 19:33:37 - [MESSAGE][PASSED] - Delayed 2 second(s)

2019-08-26 19:33:37 - [TEST_STEP][PASSED] - fitForm = UtilityMethods.createTestObject("fitForm", "//h3[text()='", titleList.get(i), "']/parent::div//span[@class='dressText dressTextNonSelected' and text()='", sizeList.get(i), "']"): null

2019-08-26 19:33:37 - [TEST_STEP][PASSED] - click(fitForm): Object: 'fitForm' is clicked on

2019-08-26 19:33:37 - [MESSAGE][PASSED] - Object: 'fitForm' is clicked on

2019-08-26 19:33:37 - [TEST_STEP][PASSED] - delay(2): Delayed 2 second(s)

2019-08-26 19:33:39 - [MESSAGE][PASSED] - Delayed 2 second(s)

2019-08-26 19:33:39 - [TEST_STEP][PASSED] - fitForm = UtilityMethods.createTestObject("fitForm", "//h3[text()='", titleList.get(i), "']/parent::div//span[@class='dressText dressTextNonSelected' and text()='", sizeList.get(i), "']"): null

2019-08-26 19:33:39 - [TEST_STEP][PASSED] - click(fitForm): Object: 'fitForm' is clicked on

2019-08-26 19:33:39 - [MESSAGE][PASSED] - Object: 'fitForm' is clicked on

2019-08-26 19:33:39 - [TEST_STEP][PASSED] - delay(2): Delayed 2 second(s)

2019-08-26 19:33:41 - [MESSAGE][PASSED] - Delayed 2 second(s)

2019-08-26 19:33:41 - [TEST_STEP][PASSED] - fitForm = UtilityMethods.createTestObject("fitForm", "//h3[text()='", titleList.get(i), "']/parent::div//span[@class='dressText dressTextNonSelected' and text()='", sizeList.get(i), "']"): null

2019-08-26 19:33:41 - [TEST_STEP][PASSED] - click(fitForm): Object: 'fitForm' is clicked on

2019-08-26 19:33:41 - [MESSAGE][PASSED] - Object: 'fitForm' is clicked on

2019-08-26 19:33:41 - [TEST_STEP][PASSED] - delay(2): Delayed 2 second(s)

2019-08-26 19:33:43 - [MESSAGE][PASSED] - Delayed 2 second(s)

2019-08-26 19:33:43 - [TEST_STEP][PASSED] - fitForm = UtilityMethods.createTestObject("fitForm", "//h3[text()='", titleList.get(i), "']/parent::div//span[@class='dressText dressTextNonSelected' and text()='", sizeList.get(i), "']"): null

2019-08-26 19:33:43 - [TEST_STEP][PASSED] - click(fitForm): Object: 'fitForm' is clicked on

2019-08-26 19:33:44 - [MESSAGE][PASSED] - Object: 'fitForm' is clicked on

2019-08-26 19:33:44 - [TEST_STEP][PASSED] - delay(2): Delayed 2 second(s)

2019-08-26 19:33:46 - [MESSAGE][PASSED] - Delayed 2 second(s)

2019-08-26 19:33:46 - [TEST_STEP][PASSED] - fitForm = UtilityMethods.createTestObject("fitForm", "//h3[text()='", titleList.get(i), "']/parent::div//span[@class='dressText dressTextNonSelected' and text()='", sizeList.get(i), "']"): null

2019-08-26 19:33:46 - [TEST_STEP][PASSED] - click(fitForm): Object: 'fitForm' is clicked on

2019-08-26 19:33:46 - [MESSAGE][PASSED] - Object: 'fitForm' is clicked on

2019-08-26 19:33:46 - [TEST_STEP][PASSED] - delay(2): Delayed 2 second(s)

2019-08-26 19:33:48 - [MESSAGE][PASSED] - Delayed 2 second(s)

2019-08-26 19:33:48 - [TEST_STEP][PASSED] - fitForm = UtilityMethods.createTestObject("fitForm", "//h3[text()='", titleList.get(i), "']/parent::div//span[@class='dressText dressTextNonSelected' and text()='", sizeList.get(i), "']"): null

2019-08-26 19:33:48 - [TEST_STEP][PASSED] - click(fitForm): Object: 'fitForm' is clicked on

2019-08-26 19:33:48 - [MESSAGE][PASSED] - Object: 'fitForm' is clicked on

2019-08-26 19:33:48 - [TEST_STEP][PASSED] - delay(2): Delayed 2 second(s)

2019-08-26 19:33:50 - [MESSAGE][PASSED] - Delayed 2 second(s)

2019-08-26 19:33:50 - [TEST_STEP][PASSED] - fitForm = UtilityMethods.createTestObject("fitForm", "//h3[text()='", titleList.get(i), "']/parent::div//span[@class='dressText dressTextNonSelected' and text()='", sizeList.get(i), "']"): null

2019-08-26 19:33:50 - [TEST_STEP][PASSED] - click(fitForm): Object: 'fitForm' is clicked on

2019-08-26 19:33:50 - [MESSAGE][PASSED] - Object: 'fitForm' is clicked on

2019-08-26 19:33:50 - [TEST_STEP][PASSED] - delay(2): Delayed 2 second(s)

2019-08-26 19:33:52 - [MESSAGE][PASSED] - Delayed 2 second(s)

2019-08-26 19:33:52 - [TEST_STEP][PASSED] - fitForm = UtilityMethods.createTestObject("fitForm", "//h3[text()='", titleList.get(i), "']/parent::div//span[@class='dressText dressTextNonSelected' and text()='", sizeList.get(i), "']"): null

2019-08-26 19:33:52 - [TEST_STEP][PASSED] - click(fitForm): Object: 'fitForm' is clicked on

2019-08-26 19:33:52 - [MESSAGE][PASSED] - Object: 'fitForm' is clicked on

2019-08-26 19:33:52 - [TEST_STEP][PASSED] - delay(2): Delayed 2 second(s)

2019-08-26 19:33:54 - [MESSAGE][PASSED] - Delayed 2 second(s)

2019-08-26 19:33:54 - [TEST_STEP][PASSED] - fitForm = UtilityMethods.createTestObject("fitForm", "//h3[text()='", titleList.get(i), "']/parent::div//span[@class='dressText dressTextNonSelected' and text()='", sizeList.get(i), "']"): null

2019-08-26 19:33:54 - [TEST_STEP][PASSED] - click(fitForm): Object: 'fitForm' is clicked on

2019-08-26 19:33:55 - [MESSAGE][PASSED] - Object: 'fitForm' is clicked on

2019-08-26 19:33:55 - [TEST_STEP][PASSED] - delay(2): Delayed 2 second(s)

2019-08-26 19:33:57 - [MESSAGE][PASSED] - Delayed 2 second(s)

2019-08-26 19:33:57 - [TEST_STEP][PASSED] - fitForm = UtilityMethods.createTestObject("fitForm", "//h3[text()='", titleList.get(i), "']/parent::div//span[@class='dressText dressTextNonSelected' and text()='", sizeList.get(i), "']"): null

2019-08-26 19:33:57 - [TEST_STEP][PASSED] - click(fitForm): Object: 'fitForm' is clicked on

2019-08-26 19:33:57 - [MESSAGE][PASSED] - Object: 'fitForm' is clicked on

2019-08-26 19:33:57 - [TEST_STEP][PASSED] - delay(2): Delayed 2 second(s)

2019-08-26 19:33:59 - [MESSAGE][PASSED] - Delayed 2 second(s)

2019-08-26 19:33:59 - [TEST_STEP][PASSED] - fitForm = UtilityMethods.createTestObject("fitForm", "//h3[text()='", titleList.get(i), "']/parent::div//span[@class='dressText dressTextNonSelected' and text()='", sizeList.get(i), "']"): null

2019-08-26 19:33:59 - [TEST_STEP][PASSED] - click(fitForm): Object: 'fitForm' is clicked on

2019-08-26 19:33:59 - [MESSAGE][PASSED] - Object: 'fitForm' is clicked on

2019-08-26 19:33:59 - [TEST_STEP][PASSED] - delay(2): Delayed 2 second(s)

2019-08-26 19:34:01 - [MESSAGE][PASSED] - Delayed 2 second(s)

2019-08-26 19:34:01 - [TEST_STEP][PASSED] - click(findTestObject("Object Repository/ReplicatedSite/rsNewUser/continueButtonStyleForm")): Object: 'Object Repository/ReplicatedSite/rsNewUser/continueButtonStyleForm' is clicked on

2019-08-26 19:34:02 - [MESSAGE][PASSED] - Object: 'Object Repository/ReplicatedSite/rsNewUser/continueButtonStyleForm' is clicked on

2019-08-26 19:34:02 - [TEST_STEP][PASSED] - delay(5): Delayed 5 second(s)

2019-08-26 19:34:07 - [MESSAGE][PASSED] - Delayed 5 second(s)

2019-08-26 19:34:07 - [TEST_STEP][PASSED] - contactNumber = 3: null

2019-08-26 19:34:07 - [TEST_STEP][PASSED] - address1 = findTestData("contactData").getValue("address1", contactNumber): null

2019-08-26 19:34:07 - [TEST_STEP][PASSED] - city = findTestData("contactData").getValue("city", contactNumber): null

2019-08-26 19:34:07 - [TEST_STEP][PASSED] - state = findTestData("contactData").getValue("state", contactNumber): null

2019-08-26 19:34:07 - [TEST_STEP][PASSED] - zip = findTestData("contactData").getValue("zip", contactNumber): null

2019-08-26 19:34:07 - [TEST_STEP][PASSED] - sendKeys(findTestObject("ReplicatedSite/rsNewUser/streetAddress1"), address1): Keys '975 BRAHMS CT' sent to object: 'Object Repository/ReplicatedSite/rsNewUser/streetAddress1'

2019-08-26 19:34:07 - [MESSAGE][PASSED] - Keys '975 BRAHMS CT' sent to object: 'Object Repository/ReplicatedSite/rsNewUser/streetAddress1'

2019-08-26 19:34:07 - [TEST_STEP][PASSED] - sendKeys(findTestObject("ReplicatedSite/rsNewUser/cityInfo"), city): Keys 'TROY' sent to object: 'Object Repository/ReplicatedSite/rsNewUser/cityInfo'

2019-08-26 19:34:08 - [MESSAGE][PASSED] - Keys 'TROY' sent to object: 'Object Repository/ReplicatedSite/rsNewUser/cityInfo'

2019-08-26 19:34:08 - [TEST_STEP][PASSED] - sendKeys(findTestObject("Object Repository/ReplicatedSite/rsNewUser/zipCode"), zip): Keys '48085' sent to object: 'Object Repository/ReplicatedSite/rsNewUser/zipCode'

2019-08-26 19:34:08 - [MESSAGE][PASSED] - Keys '48085' sent to object: 'Object Repository/ReplicatedSite/rsNewUser/zipCode'

2019-08-26 19:34:08 - [TEST_STEP][PASSED] - delay(3): Delayed 3 second(s)

2019-08-26 19:34:11 - [MESSAGE][PASSED] - Delayed 3 second(s)

2019-08-26 19:34:11 - [TEST_STEP][PASSED] - click(findTestObject("ReplicatedSite/rsNewUser/stateDropdownCaret")): Object: 'Object Repository/ReplicatedSite/rsNewUser/stateDropdownCaret' is clicked on

2019-08-26 19:34:11 - [MESSAGE][PASSED] - Object: 'Object Repository/ReplicatedSite/rsNewUser/stateDropdownCaret' is clicked on

2019-08-26 19:34:11 - [TEST_STEP][PASSED] - addressState = UtilityMethods.createTestObject("addressState", "//div[text()='", state, "']"): null

2019-08-26 19:34:11 - [TEST_STEP][PASSED] - click(addressState): Object: 'addressState' is clicked on

2019-08-26 19:34:12 - [MESSAGE][PASSED] - Object: 'addressState' is clicked on

2019-08-26 19:34:12 - [TEST_STEP][PASSED] - click(findTestObject("Object Repository/ReplicatedSite/rsNewUser/continueButtonStyleForm")): Object: 'Object Repository/ReplicatedSite/rsNewUser/continueButtonStyleForm' is clicked on

2019-08-26 19:34:12 - [MESSAGE][PASSED] - Object: 'Object Repository/ReplicatedSite/rsNewUser/continueButtonStyleForm' is clicked on

2019-08-26 19:34:12 - [TEST_STEP][PASSED] - delay(5): Delayed 5 second(s)

2019-08-26 19:34:17 - [MESSAGE][PASSED] - Delayed 5 second(s)]]></system-out>
         <system-err><![CDATA[]]></system-err>
      </testcase>
      <system-out><![CDATA[2019-08-26 19:31:54 - [TEST_SUITE][PASSED] - MicrositeRSVPSuite: Test Cases/VirtualShow/newUserRegistrationRS]]></system-out>
      <system-err><![CDATA[]]></system-err>
   </testsuite>
</testsuites>
