<?xml version="1.0" encoding="UTF-8"?>
<testsuites name="NewArrivalSuite" time="28" tests="0" failures="1" errors="0">
   <testsuite name="NewArrivalSuite" tests="0" failures="1" errors="0" time="28" timestamp="2019-05-16 19:27:36" hostname="user - 10.0.102.159" id="Test Suites/NewArrivalSuite">
      <properties>
         <property name="deviceName" value=""/>
         <property name="devicePlatform" value=""/>
         <property name="logFolder" value="C:\\Users\\user\\Documents\\testautomation\\NewArrivals\\Reports\\NewArrivalSuite\\20190516_192732"/>
         <property name="logFiles" value="C:\\Users\\user\\Documents\\testautomation\\NewArrivals\\Reports\\NewArrivalSuite\\20190516_192732\\execution0.log"/>
         <property name="attachments" value=""/>
         <property name="hostName" value="user - 10.0.102.159"/>
         <property name="os" value="Windows 8.1 64bit"/>
         <property name="katalonVersion" value="6.1.1.1"/>
         <property name="browser" value="Chrome 74.0.3729.131"/>
         <property name="hostAddress" value="10.0.102.159"/>
         <property name="sessionId" value="a45e8b9bf1e8406d206b67d562ac4e59"/>
         <property name="seleniumVersion" value="3.7.1"/>
         <property name="proxyInformation" value="ProxyInformation{proxyOption=NO_PROXY, proxyServerType=HTTP, password=, proxyServerAddress=, proxyServerPort=0}"/>
         <property name="platform" value="Windows 8.1"/>
      </properties>
      <testcase name="Test Cases/NewArrivals" classname="Test Cases/NewArrivals" status="FAILED">
         <failure type="FAILED" message="Test Cases/NewArrivals FAILED.
Reason:
com.kms.katalon.core.exception.StepFailedException: Call Test Case 'Test Cases/productWatchlist' failed
	at com.kms.katalon.core.keyword.builtin.CallTestCaseKeyword$_callTestCase_closure1.doCall(CallTestCaseKeyword.groovy:63)
	at com.kms.katalon.core.keyword.builtin.CallTestCaseKeyword$_callTestCase_closure1.call(CallTestCaseKeyword.groovy)
	at com.kms.katalon.core.keyword.internal.KeywordMain.runKeyword(KeywordMain.groovy:66)
	at com.kms.katalon.core.keyword.builtin.CallTestCaseKeyword.callTestCase(CallTestCaseKeyword.groovy:81)
	at com.kms.katalon.core.keyword.builtin.CallTestCaseKeyword.execute(CallTestCaseKeyword.groovy:44)
	at com.kms.katalon.core.keyword.internal.KeywordExecutor.executeKeywordForPlatform(KeywordExecutor.groovy:56)
	at com.kms.katalon.core.keyword.BuiltinKeywords.callTestCase(BuiltinKeywords.groovy:334)
	at NewArrivals.run(NewArrivals:121)
	at com.kms.katalon.core.main.ScriptEngine.run(ScriptEngine.java:194)
	at com.kms.katalon.core.main.ScriptEngine.runScriptAsRawText(ScriptEngine.java:119)
	at com.kms.katalon.core.main.TestCaseExecutor.runScript(TestCaseExecutor.java:342)
	at com.kms.katalon.core.main.TestCaseExecutor.doExecute(TestCaseExecutor.java:333)
	at com.kms.katalon.core.main.TestCaseExecutor.processExecutionPhase(TestCaseExecutor.java:312)
	at com.kms.katalon.core.main.TestCaseExecutor.accessMainPhase(TestCaseExecutor.java:304)
	at com.kms.katalon.core.main.TestCaseExecutor.execute(TestCaseExecutor.java:238)
	at com.kms.katalon.core.main.TestSuiteExecutor.accessTestCaseMainPhase(TestSuiteExecutor.java:129)
	at com.kms.katalon.core.main.TestSuiteExecutor.accessTestSuiteMainPhase(TestSuiteExecutor.java:112)
	at com.kms.katalon.core.main.TestSuiteExecutor.execute(TestSuiteExecutor.java:81)
	at com.kms.katalon.core.main.TestCaseMain.startTestSuite(TestCaseMain.java:157)
	at com.kms.katalon.core.main.TestCaseMain$startTestSuite$0.call(Unknown Source)
	at TempTestSuite1558015053723.run(TempTestSuite1558015053723.groovy:35)
Caused by: com.kms.katalon.core.exception.StepFailedException: Call Test Case 'Test Cases/backOfficeLogin' failed
	at com.kms.katalon.core.keyword.builtin.CallTestCaseKeyword$_callTestCase_closure1.doCall(CallTestCaseKeyword.groovy:63)
	at com.kms.katalon.core.keyword.builtin.CallTestCaseKeyword$_callTestCase_closure1.call(CallTestCaseKeyword.groovy)
	at com.kms.katalon.core.keyword.internal.KeywordMain.runKeyword(KeywordMain.groovy:66)
	at com.kms.katalon.core.keyword.builtin.CallTestCaseKeyword.callTestCase(CallTestCaseKeyword.groovy:81)
	at com.kms.katalon.core.keyword.builtin.CallTestCaseKeyword.execute(CallTestCaseKeyword.groovy:44)
	at com.kms.katalon.core.keyword.internal.KeywordExecutor.executeKeywordForPlatform(KeywordExecutor.groovy:56)
	at com.kms.katalon.core.keyword.BuiltinKeywords.callTestCase(BuiltinKeywords.groovy:334)
	at productWatchlist.run(productWatchlist:22)
	at com.kms.katalon.core.main.ScriptEngine.run(ScriptEngine.java:194)
	at com.kms.katalon.core.main.ScriptEngine.runScriptAsRawText(ScriptEngine.java:119)
	at com.kms.katalon.core.main.TestCaseExecutor.runScript(TestCaseExecutor.java:342)
	at com.kms.katalon.core.main.TestCaseExecutor.doExecute(TestCaseExecutor.java:333)
	at com.kms.katalon.core.main.TestCaseExecutor.processExecutionPhase(TestCaseExecutor.java:312)
	at com.kms.katalon.core.main.TestCaseExecutor.accessMainPhase(TestCaseExecutor.java:304)
	at com.kms.katalon.core.main.TestCaseExecutor.execute(TestCaseExecutor.java:238)
	at com.kms.katalon.core.main.TestCaseMain.runTestCase(TestCaseMain.java:114)
	at com.kms.katalon.core.keyword.builtin.CallTestCaseKeyword$_callTestCase_closure1.doCall(CallTestCaseKeyword.groovy:59)
	... 20 more
Caused by: com.kms.katalon.core.exception.StepFailedException: Unable to navigate to 'https://test17.cliotest.com/backoffice/control/main'
	at com.kms.katalon.core.webui.keyword.internal.WebUIKeywordMain.stepFailed(WebUIKeywordMain.groovy:64)
	at com.kms.katalon.core.webui.keyword.internal.WebUIKeywordMain.runKeyword(WebUIKeywordMain.groovy:26)
	at com.kms.katalon.core.webui.keyword.builtin.NavigateToUrlKeyword.navigateToUrl(NavigateToUrlKeyword.groovy:83)
	at com.kms.katalon.core.webui.keyword.builtin.NavigateToUrlKeyword.execute(NavigateToUrlKeyword.groovy:67)
	at com.kms.katalon.core.keyword.internal.KeywordExecutor.executeKeywordForPlatform(KeywordExecutor.groovy:56)
	at com.kms.katalon.core.webui.keyword.WebUiBuiltInKeywords.navigateToUrl(WebUiBuiltInKeywords.groovy:183)
	at com.kms.katalon.core.webui.keyword.WebUiBuiltInKeywords$navigateToUrl$1.call(Unknown Source)
	at backOfficeLogin.run(backOfficeLogin:19)
	at com.kms.katalon.core.main.ScriptEngine.run(ScriptEngine.java:194)
	at com.kms.katalon.core.main.ScriptEngine.runScriptAsRawText(ScriptEngine.java:119)
	at com.kms.katalon.core.main.TestCaseExecutor.runScript(TestCaseExecutor.java:342)
	at com.kms.katalon.core.main.TestCaseExecutor.doExecute(TestCaseExecutor.java:333)
	at com.kms.katalon.core.main.TestCaseExecutor.processExecutionPhase(TestCaseExecutor.java:312)
	at com.kms.katalon.core.main.TestCaseExecutor.accessMainPhase(TestCaseExecutor.java:304)
	at com.kms.katalon.core.main.TestCaseExecutor.execute(TestCaseExecutor.java:238)
	at com.kms.katalon.core.main.TestCaseMain.runTestCase(TestCaseMain.java:114)
	at com.kms.katalon.core.keyword.builtin.CallTestCaseKeyword$_callTestCase_closure1.doCall(CallTestCaseKeyword.groovy:59)
	... 36 more
Caused by: com.kms.katalon.core.webui.exception.BrowserNotOpenedException: Browser is not opened
Build info: version: '3.7.1', revision: '8a0099a', time: '2017-11-06T21:07:36.161Z'
System info: host: 'NIVEDITA', ip: '10.0.102.159', os.name: 'Windows 8.1', os.arch: 'amd64', os.version: '6.3', java.version: '1.8.0_181'
Driver info: driver.version: unknown
	at com.kms.katalon.core.webui.driver.DriverFactory.verifyWebDriverIsOpen(DriverFactory.java:632)
	at com.kms.katalon.core.webui.driver.DriverFactory.verifyWebDriver(DriverFactory.java:617)
	at com.kms.katalon.core.webui.driver.DriverFactory.getWebDriver(DriverFactory.java:603)
	at com.kms.katalon.core.webui.keyword.builtin.NavigateToUrlKeyword$_navigateToUrl_closure1.doCall(NavigateToUrlKeyword.groovy:80)
	at com.kms.katalon.core.webui.keyword.builtin.NavigateToUrlKeyword$_navigateToUrl_closure1.call(NavigateToUrlKeyword.groovy)
	at com.kms.katalon.core.webui.keyword.internal.WebUIKeywordMain.runKeyword(WebUIKeywordMain.groovy:20)
	at com.kms.katalon.core.webui.keyword.builtin.NavigateToUrlKeyword.navigateToUrl(NavigateToUrlKeyword.groovy:83)
	at com.kms.katalon.core.webui.keyword.builtin.NavigateToUrlKeyword.execute(NavigateToUrlKeyword.groovy:67)
	at com.kms.katalon.core.keyword.internal.KeywordExecutor.executeKeywordForPlatform(KeywordExecutor.groovy:56)
	at com.kms.katalon.core.webui.keyword.WebUiBuiltInKeywords.navigateToUrl(WebUiBuiltInKeywords.groovy:183)
	at com.kms.katalon.core.webui.keyword.WebUiBuiltInKeywords$navigateToUrl$1.call(Unknown Source)
	at Script1557240766587.run(Script1557240766587.groovy:19)
	at com.kms.katalon.core.main.ScriptEngine.run(ScriptEngine.java:194)
	at com.kms.katalon.core.main.ScriptEngine.runScriptAsRawText(ScriptEngine.java:119)
	at com.kms.katalon.core.main.TestCaseExecutor.runScript(TestCaseExecutor.java:342)
	at com.kms.katalon.core.main.TestCaseExecutor.doExecute(TestCaseExecutor.java:333)
	at com.kms.katalon.core.main.TestCaseExecutor.processExecutionPhase(TestCaseExecutor.java:312)
	at com.kms.katalon.core.main.TestCaseExecutor.accessMainPhase(TestCaseExecutor.java:304)
	at com.kms.katalon.core.main.TestCaseExecutor.execute(TestCaseExecutor.java:238)
	at com.kms.katalon.core.main.TestCaseMain.runTestCase(TestCaseMain.java:114)
	at com.kms.katalon.core.keyword.builtin.CallTestCaseKeyword$_callTestCase_closure1.doCall(CallTestCaseKeyword.groovy:59)
	at com.kms.katalon.core.keyword.builtin.CallTestCaseKeyword$_callTestCase_closure1.call(CallTestCaseKeyword.groovy)
	at com.kms.katalon.core.keyword.internal.KeywordMain.runKeyword(KeywordMain.groovy:66)
	at com.kms.katalon.core.keyword.builtin.CallTestCaseKeyword.callTestCase(CallTestCaseKeyword.groovy:81)
	at com.kms.katalon.core.keyword.builtin.CallTestCaseKeyword.execute(CallTestCaseKeyword.groovy:44)
	at com.kms.katalon.core.keyword.internal.KeywordExecutor.executeKeywordForPlatform(KeywordExecutor.groovy:56)
	at com.kms.katalon.core.keyword.BuiltinKeywords.callTestCase(BuiltinKeywords.groovy:334)
	at Script1557750883126.run(Script1557750883126.groovy:22)
	at com.kms.katalon.core.main.ScriptEngine.run(ScriptEngine.java:194)
	at com.kms.katalon.core.main.ScriptEngine.runScriptAsRawText(ScriptEngine.java:119)
	at com.kms.katalon.core.main.TestCaseExecutor.runScript(TestCaseExecutor.java:342)
	at com.kms.katalon.core.main.TestCaseExecutor.doExecute(TestCaseExecutor.java:333)
	at com.kms.katalon.core.main.TestCaseExecutor.processExecutionPhase(TestCaseExecutor.java:312)
	at com.kms.katalon.core.main.TestCaseExecutor.accessMainPhase(TestCaseExecutor.java:304)
	at com.kms.katalon.core.main.TestCaseExecutor.execute(TestCaseExecutor.java:238)
	at com.kms.katalon.core.main.TestCaseMain.runTestCase(TestCaseMain.java:114)
	at com.kms.katalon.core.keyword.builtin.CallTestCaseKeyword$_callTestCase_closure1.doCall(CallTestCaseKeyword.groovy:59)
	at com.kms.katalon.core.keyword.builtin.CallTestCaseKeyword$_callTestCase_closure1.call(CallTestCaseKeyword.groovy)
	at com.kms.katalon.core.keyword.internal.KeywordMain.runKeyword(KeywordMain.groovy:66)
	at com.kms.katalon.core.keyword.builtin.CallTestCaseKeyword.callTestCase(CallTestCaseKeyword.groovy:81)
	at com.kms.katalon.core.keyword.builtin.CallTestCaseKeyword.execute(CallTestCaseKeyword.groovy:44)
	at com.kms.katalon.core.keyword.internal.KeywordExecutor.executeKeywordForPlatform(KeywordExecutor.groovy:56)
	at com.kms.katalon.core.keyword.BuiltinKeywords.callTestCase(BuiltinKeywords.groovy:334)
	at Script1556094498836.run(Script1556094498836.groovy:121)
	... 13 more
"/>
         <system-out><![CDATA[2019-05-16 19:27:36 - [TEST_CASE][FAILED] - Test Cases/NewArrivals: Test Cases/NewArrivals FAILED.
Reason:
com.kms.katalon.core.exception.StepFailedException: Call Test Case 'Test Cases/productWatchlist' failed
	at com.kms.katalon.core.keyword.builtin.CallTestCaseKeyword$_callTestCase_closure1.doCall(CallTestCaseKeyword.groovy:63)
	at com.kms.katalon.core.keyword.builtin.CallTestCaseKeyword$_callTestCase_closure1.call(CallTestCaseKeyword.groovy)
	at com.kms.katalon.core.keyword.internal.KeywordMain.runKeyword(KeywordMain.groovy:66)
	at com.kms.katalon.core.keyword.builtin.CallTestCaseKeyword.callTestCase(CallTestCaseKeyword.groovy:81)
	at com.kms.katalon.core.keyword.builtin.CallTestCaseKeyword.execute(CallTestCaseKeyword.groovy:44)
	at com.kms.katalon.core.keyword.internal.KeywordExecutor.executeKeywordForPlatform(KeywordExecutor.groovy:56)
	at com.kms.katalon.core.keyword.BuiltinKeywords.callTestCase(BuiltinKeywords.groovy:334)
	at NewArrivals.run(NewArrivals:121)
	at com.kms.katalon.core.main.ScriptEngine.run(ScriptEngine.java:194)
	at com.kms.katalon.core.main.ScriptEngine.runScriptAsRawText(ScriptEngine.java:119)
	at com.kms.katalon.core.main.TestCaseExecutor.runScript(TestCaseExecutor.java:342)
	at com.kms.katalon.core.main.TestCaseExecutor.doExecute(TestCaseExecutor.java:333)
	at com.kms.katalon.core.main.TestCaseExecutor.processExecutionPhase(TestCaseExecutor.java:312)
	at com.kms.katalon.core.main.TestCaseExecutor.accessMainPhase(TestCaseExecutor.java:304)
	at com.kms.katalon.core.main.TestCaseExecutor.execute(TestCaseExecutor.java:238)
	at com.kms.katalon.core.main.TestSuiteExecutor.accessTestCaseMainPhase(TestSuiteExecutor.java:129)
	at com.kms.katalon.core.main.TestSuiteExecutor.accessTestSuiteMainPhase(TestSuiteExecutor.java:112)
	at com.kms.katalon.core.main.TestSuiteExecutor.execute(TestSuiteExecutor.java:81)
	at com.kms.katalon.core.main.TestCaseMain.startTestSuite(TestCaseMain.java:157)
	at com.kms.katalon.core.main.TestCaseMain$startTestSuite$0.call(Unknown Source)
	at TempTestSuite1558015053723.run(TempTestSuite1558015053723.groovy:35)
Caused by: com.kms.katalon.core.exception.StepFailedException: Call Test Case 'Test Cases/backOfficeLogin' failed
	at com.kms.katalon.core.keyword.builtin.CallTestCaseKeyword$_callTestCase_closure1.doCall(CallTestCaseKeyword.groovy:63)
	at com.kms.katalon.core.keyword.builtin.CallTestCaseKeyword$_callTestCase_closure1.call(CallTestCaseKeyword.groovy)
	at com.kms.katalon.core.keyword.internal.KeywordMain.runKeyword(KeywordMain.groovy:66)
	at com.kms.katalon.core.keyword.builtin.CallTestCaseKeyword.callTestCase(CallTestCaseKeyword.groovy:81)
	at com.kms.katalon.core.keyword.builtin.CallTestCaseKeyword.execute(CallTestCaseKeyword.groovy:44)
	at com.kms.katalon.core.keyword.internal.KeywordExecutor.executeKeywordForPlatform(KeywordExecutor.groovy:56)
	at com.kms.katalon.core.keyword.BuiltinKeywords.callTestCase(BuiltinKeywords.groovy:334)
	at productWatchlist.run(productWatchlist:22)
	at com.kms.katalon.core.main.ScriptEngine.run(ScriptEngine.java:194)
	at com.kms.katalon.core.main.ScriptEngine.runScriptAsRawText(ScriptEngine.java:119)
	at com.kms.katalon.core.main.TestCaseExecutor.runScript(TestCaseExecutor.java:342)
	at com.kms.katalon.core.main.TestCaseExecutor.doExecute(TestCaseExecutor.java:333)
	at com.kms.katalon.core.main.TestCaseExecutor.processExecutionPhase(TestCaseExecutor.java:312)
	at com.kms.katalon.core.main.TestCaseExecutor.accessMainPhase(TestCaseExecutor.java:304)
	at com.kms.katalon.core.main.TestCaseExecutor.execute(TestCaseExecutor.java:238)
	at com.kms.katalon.core.main.TestCaseMain.runTestCase(TestCaseMain.java:114)
	at com.kms.katalon.core.keyword.builtin.CallTestCaseKeyword$_callTestCase_closure1.doCall(CallTestCaseKeyword.groovy:59)
	... 20 more
Caused by: com.kms.katalon.core.exception.StepFailedException: Unable to navigate to 'https://test17.cliotest.com/backoffice/control/main'
	at com.kms.katalon.core.webui.keyword.internal.WebUIKeywordMain.stepFailed(WebUIKeywordMain.groovy:64)
	at com.kms.katalon.core.webui.keyword.internal.WebUIKeywordMain.runKeyword(WebUIKeywordMain.groovy:26)
	at com.kms.katalon.core.webui.keyword.builtin.NavigateToUrlKeyword.navigateToUrl(NavigateToUrlKeyword.groovy:83)
	at com.kms.katalon.core.webui.keyword.builtin.NavigateToUrlKeyword.execute(NavigateToUrlKeyword.groovy:67)
	at com.kms.katalon.core.keyword.internal.KeywordExecutor.executeKeywordForPlatform(KeywordExecutor.groovy:56)
	at com.kms.katalon.core.webui.keyword.WebUiBuiltInKeywords.navigateToUrl(WebUiBuiltInKeywords.groovy:183)
	at com.kms.katalon.core.webui.keyword.WebUiBuiltInKeywords$navigateToUrl$1.call(Unknown Source)
	at backOfficeLogin.run(backOfficeLogin:19)
	at com.kms.katalon.core.main.ScriptEngine.run(ScriptEngine.java:194)
	at com.kms.katalon.core.main.ScriptEngine.runScriptAsRawText(ScriptEngine.java:119)
	at com.kms.katalon.core.main.TestCaseExecutor.runScript(TestCaseExecutor.java:342)
	at com.kms.katalon.core.main.TestCaseExecutor.doExecute(TestCaseExecutor.java:333)
	at com.kms.katalon.core.main.TestCaseExecutor.processExecutionPhase(TestCaseExecutor.java:312)
	at com.kms.katalon.core.main.TestCaseExecutor.accessMainPhase(TestCaseExecutor.java:304)
	at com.kms.katalon.core.main.TestCaseExecutor.execute(TestCaseExecutor.java:238)
	at com.kms.katalon.core.main.TestCaseMain.runTestCase(TestCaseMain.java:114)
	at com.kms.katalon.core.keyword.builtin.CallTestCaseKeyword$_callTestCase_closure1.doCall(CallTestCaseKeyword.groovy:59)
	... 36 more
Caused by: com.kms.katalon.core.webui.exception.BrowserNotOpenedException: Browser is not opened
Build info: version: '3.7.1', revision: '8a0099a', time: '2017-11-06T21:07:36.161Z'
System info: host: 'NIVEDITA', ip: '10.0.102.159', os.name: 'Windows 8.1', os.arch: 'amd64', os.version: '6.3', java.version: '1.8.0_181'
Driver info: driver.version: unknown
	at com.kms.katalon.core.webui.driver.DriverFactory.verifyWebDriverIsOpen(DriverFactory.java:632)
	at com.kms.katalon.core.webui.driver.DriverFactory.verifyWebDriver(DriverFactory.java:617)
	at com.kms.katalon.core.webui.driver.DriverFactory.getWebDriver(DriverFactory.java:603)
	at com.kms.katalon.core.webui.keyword.builtin.NavigateToUrlKeyword$_navigateToUrl_closure1.doCall(NavigateToUrlKeyword.groovy:80)
	at com.kms.katalon.core.webui.keyword.builtin.NavigateToUrlKeyword$_navigateToUrl_closure1.call(NavigateToUrlKeyword.groovy)
	at com.kms.katalon.core.webui.keyword.internal.WebUIKeywordMain.runKeyword(WebUIKeywordMain.groovy:20)
	at com.kms.katalon.core.webui.keyword.builtin.NavigateToUrlKeyword.navigateToUrl(NavigateToUrlKeyword.groovy:83)
	at com.kms.katalon.core.webui.keyword.builtin.NavigateToUrlKeyword.execute(NavigateToUrlKeyword.groovy:67)
	at com.kms.katalon.core.keyword.internal.KeywordExecutor.executeKeywordForPlatform(KeywordExecutor.groovy:56)
	at com.kms.katalon.core.webui.keyword.WebUiBuiltInKeywords.navigateToUrl(WebUiBuiltInKeywords.groovy:183)
	at com.kms.katalon.core.webui.keyword.WebUiBuiltInKeywords$navigateToUrl$1.call(Unknown Source)
	at Script1557240766587.run(Script1557240766587.groovy:19)
	at com.kms.katalon.core.main.ScriptEngine.run(ScriptEngine.java:194)
	at com.kms.katalon.core.main.ScriptEngine.runScriptAsRawText(ScriptEngine.java:119)
	at com.kms.katalon.core.main.TestCaseExecutor.runScript(TestCaseExecutor.java:342)
	at com.kms.katalon.core.main.TestCaseExecutor.doExecute(TestCaseExecutor.java:333)
	at com.kms.katalon.core.main.TestCaseExecutor.processExecutionPhase(TestCaseExecutor.java:312)
	at com.kms.katalon.core.main.TestCaseExecutor.accessMainPhase(TestCaseExecutor.java:304)
	at com.kms.katalon.core.main.TestCaseExecutor.execute(TestCaseExecutor.java:238)
	at com.kms.katalon.core.main.TestCaseMain.runTestCase(TestCaseMain.java:114)
	at com.kms.katalon.core.keyword.builtin.CallTestCaseKeyword$_callTestCase_closure1.doCall(CallTestCaseKeyword.groovy:59)
	at com.kms.katalon.core.keyword.builtin.CallTestCaseKeyword$_callTestCase_closure1.call(CallTestCaseKeyword.groovy)
	at com.kms.katalon.core.keyword.internal.KeywordMain.runKeyword(KeywordMain.groovy:66)
	at com.kms.katalon.core.keyword.builtin.CallTestCaseKeyword.callTestCase(CallTestCaseKeyword.groovy:81)
	at com.kms.katalon.core.keyword.builtin.CallTestCaseKeyword.execute(CallTestCaseKeyword.groovy:44)
	at com.kms.katalon.core.keyword.internal.KeywordExecutor.executeKeywordForPlatform(KeywordExecutor.groovy:56)
	at com.kms.katalon.core.keyword.BuiltinKeywords.callTestCase(BuiltinKeywords.groovy:334)
	at Script1557750883126.run(Script1557750883126.groovy:22)
	at com.kms.katalon.core.main.ScriptEngine.run(ScriptEngine.java:194)
	at com.kms.katalon.core.main.ScriptEngine.runScriptAsRawText(ScriptEngine.java:119)
	at com.kms.katalon.core.main.TestCaseExecutor.runScript(TestCaseExecutor.java:342)
	at com.kms.katalon.core.main.TestCaseExecutor.doExecute(TestCaseExecutor.java:333)
	at com.kms.katalon.core.main.TestCaseExecutor.processExecutionPhase(TestCaseExecutor.java:312)
	at com.kms.katalon.core.main.TestCaseExecutor.accessMainPhase(TestCaseExecutor.java:304)
	at com.kms.katalon.core.main.TestCaseExecutor.execute(TestCaseExecutor.java:238)
	at com.kms.katalon.core.main.TestCaseMain.runTestCase(TestCaseMain.java:114)
	at com.kms.katalon.core.keyword.builtin.CallTestCaseKeyword$_callTestCase_closure1.doCall(CallTestCaseKeyword.groovy:59)
	at com.kms.katalon.core.keyword.builtin.CallTestCaseKeyword$_callTestCase_closure1.call(CallTestCaseKeyword.groovy)
	at com.kms.katalon.core.keyword.internal.KeywordMain.runKeyword(KeywordMain.groovy:66)
	at com.kms.katalon.core.keyword.builtin.CallTestCaseKeyword.callTestCase(CallTestCaseKeyword.groovy:81)
	at com.kms.katalon.core.keyword.builtin.CallTestCaseKeyword.execute(CallTestCaseKeyword.groovy:44)
	at com.kms.katalon.core.keyword.internal.KeywordExecutor.executeKeywordForPlatform(KeywordExecutor.groovy:56)
	at com.kms.katalon.core.keyword.BuiltinKeywords.callTestCase(BuiltinKeywords.groovy:334)
	at Script1556094498836.run(Script1556094498836.groovy:121)
	... 13 more


2019-05-16 19:27:36 - [TEST_STEP][PASSED] - Start listener action : sampleBeforeTestCase: null

2019-05-16 19:27:36 - [TEST_STEP][PASSED] - println(testCaseContext.getTestCaseId()): null

2019-05-16 19:27:36 - [TEST_STEP][PASSED] - println(testCaseContext.getTestCaseVariables()): null

2019-05-16 19:27:37 - [TEST_STEP][PASSED] - openBrowser(""): Browser is opened with url: ''

2019-05-16 19:27:37 - [MESSAGE][INFO] - Starting 'Chrome' driver

2019-05-16 19:27:37 - [MESSAGE][INFO] - Action delay is set to 0 seconds

2019-05-16 19:27:40 - [MESSAGE][PASSED] - Browser is opened with url: ''

2019-05-16 19:27:40 - [TEST_STEP][PASSED] - maximizeWindow(): Current window maximized

2019-05-16 19:27:42 - [MESSAGE][PASSED] - Current window maximized

2019-05-16 19:27:42 - [TEST_STEP][FAILED] - for ([timeRow = 1, timeRow <= findTestData("timezoneData").getRowNumbers(), (timeRow++)]): for ([timeRow = 1, timeRow <= findTestData("timezoneData").getRowNumbers(), (timeRow++)]) FAILED.
Reason:
com.kms.katalon.core.exception.StepFailedException: Call Test Case 'Test Cases/productWatchlist' failed
	at com.kms.katalon.core.keyword.builtin.CallTestCaseKeyword$_callTestCase_closure1.doCall(CallTestCaseKeyword.groovy:63)
	at com.kms.katalon.core.keyword.builtin.CallTestCaseKeyword$_callTestCase_closure1.call(CallTestCaseKeyword.groovy)
	at com.kms.katalon.core.keyword.internal.KeywordMain.runKeyword(KeywordMain.groovy:66)
	at com.kms.katalon.core.keyword.builtin.CallTestCaseKeyword.callTestCase(CallTestCaseKeyword.groovy:81)
	at com.kms.katalon.core.keyword.builtin.CallTestCaseKeyword.execute(CallTestCaseKeyword.groovy:44)
	at com.kms.katalon.core.keyword.internal.KeywordExecutor.executeKeywordForPlatform(KeywordExecutor.groovy:56)
	at com.kms.katalon.core.keyword.BuiltinKeywords.callTestCase(BuiltinKeywords.groovy:334)
	at NewArrivals.run(NewArrivals:121)
	at com.kms.katalon.core.main.ScriptEngine.run(ScriptEngine.java:194)
	at com.kms.katalon.core.main.ScriptEngine.runScriptAsRawText(ScriptEngine.java:119)
	at com.kms.katalon.core.main.TestCaseExecutor.runScript(TestCaseExecutor.java:342)
	at com.kms.katalon.core.main.TestCaseExecutor.doExecute(TestCaseExecutor.java:333)
	at com.kms.katalon.core.main.TestCaseExecutor.processExecutionPhase(TestCaseExecutor.java:312)
	at com.kms.katalon.core.main.TestCaseExecutor.accessMainPhase(TestCaseExecutor.java:304)
	at com.kms.katalon.core.main.TestCaseExecutor.execute(TestCaseExecutor.java:238)
	at com.kms.katalon.core.main.TestSuiteExecutor.accessTestCaseMainPhase(TestSuiteExecutor.java:129)
	at com.kms.katalon.core.main.TestSuiteExecutor.accessTestSuiteMainPhase(TestSuiteExecutor.java:112)
	at com.kms.katalon.core.main.TestSuiteExecutor.execute(TestSuiteExecutor.java:81)
	at com.kms.katalon.core.main.TestCaseMain.startTestSuite(TestCaseMain.java:157)
	at com.kms.katalon.core.main.TestCaseMain$startTestSuite$0.call(Unknown Source)
	at TempTestSuite1558015053723.run(TempTestSuite1558015053723.groovy:35)
Caused by: com.kms.katalon.core.exception.StepFailedException: Call Test Case 'Test Cases/backOfficeLogin' failed
	at com.kms.katalon.core.keyword.builtin.CallTestCaseKeyword$_callTestCase_closure1.doCall(CallTestCaseKeyword.groovy:63)
	at com.kms.katalon.core.keyword.builtin.CallTestCaseKeyword$_callTestCase_closure1.call(CallTestCaseKeyword.groovy)
	at com.kms.katalon.core.keyword.internal.KeywordMain.runKeyword(KeywordMain.groovy:66)
	at com.kms.katalon.core.keyword.builtin.CallTestCaseKeyword.callTestCase(CallTestCaseKeyword.groovy:81)
	at com.kms.katalon.core.keyword.builtin.CallTestCaseKeyword.execute(CallTestCaseKeyword.groovy:44)
	at com.kms.katalon.core.keyword.internal.KeywordExecutor.executeKeywordForPlatform(KeywordExecutor.groovy:56)
	at com.kms.katalon.core.keyword.BuiltinKeywords.callTestCase(BuiltinKeywords.groovy:334)
	at productWatchlist.run(productWatchlist:22)
	at com.kms.katalon.core.main.ScriptEngine.run(ScriptEngine.java:194)
	at com.kms.katalon.core.main.ScriptEngine.runScriptAsRawText(ScriptEngine.java:119)
	at com.kms.katalon.core.main.TestCaseExecutor.runScript(TestCaseExecutor.java:342)
	at com.kms.katalon.core.main.TestCaseExecutor.doExecute(TestCaseExecutor.java:333)
	at com.kms.katalon.core.main.TestCaseExecutor.processExecutionPhase(TestCaseExecutor.java:312)
	at com.kms.katalon.core.main.TestCaseExecutor.accessMainPhase(TestCaseExecutor.java:304)
	at com.kms.katalon.core.main.TestCaseExecutor.execute(TestCaseExecutor.java:238)
	at com.kms.katalon.core.main.TestCaseMain.runTestCase(TestCaseMain.java:114)
	at com.kms.katalon.core.keyword.builtin.CallTestCaseKeyword$_callTestCase_closure1.doCall(CallTestCaseKeyword.groovy:59)
	... 20 more
Caused by: com.kms.katalon.core.exception.StepFailedException: Unable to navigate to 'https://test17.cliotest.com/backoffice/control/main'
	at com.kms.katalon.core.webui.keyword.internal.WebUIKeywordMain.stepFailed(WebUIKeywordMain.groovy:64)
	at com.kms.katalon.core.webui.keyword.internal.WebUIKeywordMain.runKeyword(WebUIKeywordMain.groovy:26)
	at com.kms.katalon.core.webui.keyword.builtin.NavigateToUrlKeyword.navigateToUrl(NavigateToUrlKeyword.groovy:83)
	at com.kms.katalon.core.webui.keyword.builtin.NavigateToUrlKeyword.execute(NavigateToUrlKeyword.groovy:67)
	at com.kms.katalon.core.keyword.internal.KeywordExecutor.executeKeywordForPlatform(KeywordExecutor.groovy:56)
	at com.kms.katalon.core.webui.keyword.WebUiBuiltInKeywords.navigateToUrl(WebUiBuiltInKeywords.groovy:183)
	at com.kms.katalon.core.webui.keyword.WebUiBuiltInKeywords$navigateToUrl$1.call(Unknown Source)
	at backOfficeLogin.run(backOfficeLogin:19)
	at com.kms.katalon.core.main.ScriptEngine.run(ScriptEngine.java:194)
	at com.kms.katalon.core.main.ScriptEngine.runScriptAsRawText(ScriptEngine.java:119)
	at com.kms.katalon.core.main.TestCaseExecutor.runScript(TestCaseExecutor.java:342)
	at com.kms.katalon.core.main.TestCaseExecutor.doExecute(TestCaseExecutor.java:333)
	at com.kms.katalon.core.main.TestCaseExecutor.processExecutionPhase(TestCaseExecutor.java:312)
	at com.kms.katalon.core.main.TestCaseExecutor.accessMainPhase(TestCaseExecutor.java:304)
	at com.kms.katalon.core.main.TestCaseExecutor.execute(TestCaseExecutor.java:238)
	at com.kms.katalon.core.main.TestCaseMain.runTestCase(TestCaseMain.java:114)
	at com.kms.katalon.core.keyword.builtin.CallTestCaseKeyword$_callTestCase_closure1.doCall(CallTestCaseKeyword.groovy:59)
	... 36 more
Caused by: com.kms.katalon.core.webui.exception.BrowserNotOpenedException: Browser is not opened
Build info: version: '3.7.1', revision: '8a0099a', time: '2017-11-06T21:07:36.161Z'
System info: host: 'NIVEDITA', ip: '10.0.102.159', os.name: 'Windows 8.1', os.arch: 'amd64', os.version: '6.3', java.version: '1.8.0_181'
Driver info: driver.version: unknown
	at com.kms.katalon.core.webui.driver.DriverFactory.verifyWebDriverIsOpen(DriverFactory.java:632)
	at com.kms.katalon.core.webui.driver.DriverFactory.verifyWebDriver(DriverFactory.java:617)
	at com.kms.katalon.core.webui.driver.DriverFactory.getWebDriver(DriverFactory.java:603)
	at com.kms.katalon.core.webui.keyword.builtin.NavigateToUrlKeyword$_navigateToUrl_closure1.doCall(NavigateToUrlKeyword.groovy:80)
	at com.kms.katalon.core.webui.keyword.builtin.NavigateToUrlKeyword$_navigateToUrl_closure1.call(NavigateToUrlKeyword.groovy)
	at com.kms.katalon.core.webui.keyword.internal.WebUIKeywordMain.runKeyword(WebUIKeywordMain.groovy:20)
	at com.kms.katalon.core.webui.keyword.builtin.NavigateToUrlKeyword.navigateToUrl(NavigateToUrlKeyword.groovy:83)
	at com.kms.katalon.core.webui.keyword.builtin.NavigateToUrlKeyword.execute(NavigateToUrlKeyword.groovy:67)
	at com.kms.katalon.core.keyword.internal.KeywordExecutor.executeKeywordForPlatform(KeywordExecutor.groovy:56)
	at com.kms.katalon.core.webui.keyword.WebUiBuiltInKeywords.navigateToUrl(WebUiBuiltInKeywords.groovy:183)
	at com.kms.katalon.core.webui.keyword.WebUiBuiltInKeywords$navigateToUrl$1.call(Unknown Source)
	at Script1557240766587.run(Script1557240766587.groovy:19)
	at com.kms.katalon.core.main.ScriptEngine.run(ScriptEngine.java:194)
	at com.kms.katalon.core.main.ScriptEngine.runScriptAsRawText(ScriptEngine.java:119)
	at com.kms.katalon.core.main.TestCaseExecutor.runScript(TestCaseExecutor.java:342)
	at com.kms.katalon.core.main.TestCaseExecutor.doExecute(TestCaseExecutor.java:333)
	at com.kms.katalon.core.main.TestCaseExecutor.processExecutionPhase(TestCaseExecutor.java:312)
	at com.kms.katalon.core.main.TestCaseExecutor.accessMainPhase(TestCaseExecutor.java:304)
	at com.kms.katalon.core.main.TestCaseExecutor.execute(TestCaseExecutor.java:238)
	at com.kms.katalon.core.main.TestCaseMain.runTestCase(TestCaseMain.java:114)
	at com.kms.katalon.core.keyword.builtin.CallTestCaseKeyword$_callTestCase_closure1.doCall(CallTestCaseKeyword.groovy:59)
	at com.kms.katalon.core.keyword.builtin.CallTestCaseKeyword$_callTestCase_closure1.call(CallTestCaseKeyword.groovy)
	at com.kms.katalon.core.keyword.internal.KeywordMain.runKeyword(KeywordMain.groovy:66)
	at com.kms.katalon.core.keyword.builtin.CallTestCaseKeyword.callTestCase(CallTestCaseKeyword.groovy:81)
	at com.kms.katalon.core.keyword.builtin.CallTestCaseKeyword.execute(CallTestCaseKeyword.groovy:44)
	at com.kms.katalon.core.keyword.internal.KeywordExecutor.executeKeywordForPlatform(KeywordExecutor.groovy:56)
	at com.kms.katalon.core.keyword.BuiltinKeywords.callTestCase(BuiltinKeywords.groovy:334)
	at Script1557750883126.run(Script1557750883126.groovy:22)
	at com.kms.katalon.core.main.ScriptEngine.run(ScriptEngine.java:194)
	at com.kms.katalon.core.main.ScriptEngine.runScriptAsRawText(ScriptEngine.java:119)
	at com.kms.katalon.core.main.TestCaseExecutor.runScript(TestCaseExecutor.java:342)
	at com.kms.katalon.core.main.TestCaseExecutor.doExecute(TestCaseExecutor.java:333)
	at com.kms.katalon.core.main.TestCaseExecutor.processExecutionPhase(TestCaseExecutor.java:312)
	at com.kms.katalon.core.main.TestCaseExecutor.accessMainPhase(TestCaseExecutor.java:304)
	at com.kms.katalon.core.main.TestCaseExecutor.execute(TestCaseExecutor.java:238)
	at com.kms.katalon.core.main.TestCaseMain.runTestCase(TestCaseMain.java:114)
	at com.kms.katalon.core.keyword.builtin.CallTestCaseKeyword$_callTestCase_closure1.doCall(CallTestCaseKeyword.groovy:59)
	at com.kms.katalon.core.keyword.builtin.CallTestCaseKeyword$_callTestCase_closure1.call(CallTestCaseKeyword.groovy)
	at com.kms.katalon.core.keyword.internal.KeywordMain.runKeyword(KeywordMain.groovy:66)
	at com.kms.katalon.core.keyword.builtin.CallTestCaseKeyword.callTestCase(CallTestCaseKeyword.groovy:81)
	at com.kms.katalon.core.keyword.builtin.CallTestCaseKeyword.execute(CallTestCaseKeyword.groovy:44)
	at com.kms.katalon.core.keyword.internal.KeywordExecutor.executeKeywordForPlatform(KeywordExecutor.groovy:56)
	at com.kms.katalon.core.keyword.BuiltinKeywords.callTestCase(BuiltinKeywords.groovy:334)
	at Script1556094498836.run(Script1556094498836.groovy:121)
	... 13 more


2019-05-16 19:27:42 - [TEST_STEP][PASSED] - callTestCase(findTestCase("populateTimeGlobalVars"), ["row":timeRow], STOP_ON_FAILURE): Call Test Case 'Test Cases/populateTimeGlobalVars' successfully

2019-05-16 19:27:43 - [TEST_CASE][PASSED] - Test Cases/populateTimeGlobalVars: Test Cases/populateTimeGlobalVars

2019-05-16 19:27:43 - [TEST_STEP][PASSED] - dataFile = "timezoneData": null

2019-05-16 19:27:43 - [TEST_STEP][PASSED] - serverTarget = UtilityMethods.getTestData(dataFile, "serverTarget", row): null

2019-05-16 19:27:43 - [TEST_STEP][PASSED] - orderType = UtilityMethods.getTestData(dataFile, "orderType", row): null

2019-05-16 19:27:44 - [TEST_STEP][PASSED] - timeZone = UtilityMethods.getTestData(dataFile, "timeZone", row): null

2019-05-16 19:27:44 - [TEST_STEP][PASSED] - BOPersonal = UtilityMethods.getTestData(dataFile, "BOPersonal", row): null

2019-05-16 19:27:44 - [TEST_STEP][PASSED] - BOAddonPersonal = UtilityMethods.getTestData(dataFile, "BOAddonPersonal", row): null

2019-05-16 19:27:44 - [TEST_STEP][PASSED] - BOAddonRetail = UtilityMethods.getTestData(dataFile, "BOAddonRetail", row): null

2019-05-16 19:27:44 - [TEST_STEP][PASSED] - BORetail = UtilityMethods.getTestData(dataFile, "BORetail", row): null

2019-05-16 19:27:44 - [TEST_STEP][PASSED] - BOShow = UtilityMethods.getTestData(dataFile, "BOShow", row): null

2019-05-16 19:27:44 - [TEST_STEP][PASSED] - BOOnlineoutlet = UtilityMethods.getTestData(dataFile, "BOOnlineoutlet", row): null

2019-05-16 19:27:44 - [TEST_STEP][PASSED] - BOEmployee = UtilityMethods.getTestData(dataFile, "BOEmployee", row): null

2019-05-16 19:27:44 - [TEST_STEP][PASSED] - CCPersonal = UtilityMethods.getTestData(dataFile, "CCPersonal", row): null

2019-05-16 19:27:44 - [TEST_STEP][PASSED] - CCRetail = UtilityMethods.getTestData(dataFile, "CCRetail", row): null

2019-05-16 19:27:44 - [TEST_STEP][PASSED] - CCShow = UtilityMethods.getTestData(dataFile, "CCShow", row): null

2019-05-16 19:27:44 - [TEST_STEP][PASSED] - BOEblast = UtilityMethods.getTestData(dataFile, "BOEblast", row): null

2019-05-16 19:27:44 - [MESSAGE][PASSED] - Call Test Case 'Test Cases/populateTimeGlobalVars' successfully

2019-05-16 19:27:44 - [TEST_STEP][PASSED] - callTestCase(findTestCase("newArrivalsSetTimezone"), ["ofbizURL":ofbizURL, "ofbizuser":ofbizuser, "ofbizpass":ofbizpass, "orderType":orderType, "timeZone":timeZone, "serverTarget":serverTarget], STOP_ON_FAILURE): Call Test Case 'Test Cases/newArrivalsSetTimezone' successfully

2019-05-16 19:27:44 - [TEST_CASE][PASSED] - Test Cases/newArrivalsSetTimezone: Test Cases/newArrivalsSetTimezone

2019-05-16 19:27:45 - [TEST_STEP][NOT_RUN] - openBrowser(""): NOT_RUN: openBrowser("")

2019-05-16 19:27:45 - [MESSAGE][NOT_RUN] - NOT_RUN: openBrowser("")

2019-05-16 19:27:45 - [TEST_STEP][NOT_RUN] - maximizeWindow(): NOT_RUN: maximizeWindow()

2019-05-16 19:27:45 - [MESSAGE][NOT_RUN] - NOT_RUN: maximizeWindow()

2019-05-16 19:27:45 - [TEST_STEP][PASSED] - navigateToUrl(ofbizURL): Navigate to 'https://pushofbiz.cliotest.com/login.php' successfully

2019-05-16 19:27:46 - [MESSAGE][PASSED] - Navigate to 'https://pushofbiz.cliotest.com/login.php' successfully

2019-05-16 19:27:46 - [TEST_STEP][PASSED] - setText(findTestObject("Page_/input_Username_username"), ofbizuser): Text 'sshinde' is set on object 'Object Repository/Page_/input_Username_username'

2019-05-16 19:27:47 - [MESSAGE][PASSED] - Text 'sshinde' is set on object 'Object Repository/Page_/input_Username_username'

2019-05-16 19:27:47 - [TEST_STEP][PASSED] - setText(findTestObject("Page_/input_Password_password"), ofbizpass): Text 'C@bi$ush5' is set on object 'Object Repository/Page_/input_Password_password'

2019-05-16 19:27:47 - [MESSAGE][PASSED] - Text 'C@bi$ush5' is set on object 'Object Repository/Page_/input_Password_password'

2019-05-16 19:27:47 - [TEST_STEP][PASSED] - click(findTestObject("Page_/input_Password_Submit")): Object: 'Object Repository/Page_/input_Password_Submit' is clicked on

2019-05-16 19:27:50 - [MESSAGE][PASSED] - Object: 'Object Repository/Page_/input_Password_Submit' is clicked on

2019-05-16 19:27:50 - [TEST_STEP][PASSED] - click(findTestObject("Object Repository/Page_/a_Clock set")): Object: 'Object Repository/Page_/a_Clock set' is clicked on

2019-05-16 19:27:50 - [MESSAGE][PASSED] - Object: 'Object Repository/Page_/a_Clock set' is clicked on

2019-05-16 19:27:50 - [TEST_STEP][PASSED] - selectOptionByLabel(findTestObject("Object Repository/Page_/serverTarget"), serverTarget, true): All options with label 'test17' are selected in object 'Object Repository/Page_/serverTarget'  using regular expression

2019-05-16 19:27:52 - [MESSAGE][PASSED] - All options with label 'test17' are selected in object 'Object Repository/Page_/serverTarget'  using regular expression

2019-05-16 19:27:52 - [TEST_STEP][PASSED] - click(findTestObject("Page_/thisDateAndTime")): Object: 'Object Repository/Page_/thisDateAndTime' is clicked on

2019-05-16 19:27:52 - [MESSAGE][PASSED] - Object: 'Object Repository/Page_/thisDateAndTime' is clicked on

2019-05-16 19:27:52 - [TEST_STEP][PASSED] - setText(findTestObject("Object Repository/Page_/setTargetTime"), timeZone): Text ' 04/17/2019 7:00' is set on object 'Object Repository/Page_/setTargetTime'

2019-05-16 19:27:52 - [MESSAGE][PASSED] - Text ' 04/17/2019 7:00' is set on object 'Object Repository/Page_/setTargetTime'

2019-05-16 19:27:52 - [TEST_STEP][PASSED] - click(findTestObject("Object Repository/Page_/input")): Object: 'Object Repository/Page_/input' is clicked on

2019-05-16 19:27:53 - [MESSAGE][PASSED] - Object: 'Object Repository/Page_/input' is clicked on

2019-05-16 19:27:53 - [TEST_STEP][PASSED] - delay(10): Delayed 10 second(s)

2019-05-16 19:28:03 - [MESSAGE][PASSED] - Delayed 10 second(s)

2019-05-16 19:28:03 - [TEST_STEP][PASSED] - closeBrowser(): Browser is closed

2019-05-16 19:28:03 - [MESSAGE][PASSED] - Browser is closed

2019-05-16 19:28:03 - [MESSAGE][PASSED] - Call Test Case 'Test Cases/newArrivalsSetTimezone' successfully

2019-05-16 19:28:03 - [TEST_STEP][FAILED] - callTestCase(findTestCase("productWatchlist"), ["available":BOEblast], STOP_ON_FAILURE): for ([timeRow = 1, timeRow <= findTestData("timezoneData").getRowNumbers(), (timeRow++)]) FAILED.
Reason:
com.kms.katalon.core.exception.StepFailedException: Call Test Case 'Test Cases/productWatchlist' failed
	at com.kms.katalon.core.keyword.builtin.CallTestCaseKeyword$_callTestCase_closure1.doCall(CallTestCaseKeyword.groovy:63)
	at com.kms.katalon.core.keyword.builtin.CallTestCaseKeyword$_callTestCase_closure1.call(CallTestCaseKeyword.groovy)
	at com.kms.katalon.core.keyword.internal.KeywordMain.runKeyword(KeywordMain.groovy:66)
	at com.kms.katalon.core.keyword.builtin.CallTestCaseKeyword.callTestCase(CallTestCaseKeyword.groovy:81)
	at com.kms.katalon.core.keyword.builtin.CallTestCaseKeyword.execute(CallTestCaseKeyword.groovy:44)
	at com.kms.katalon.core.keyword.internal.KeywordExecutor.executeKeywordForPlatform(KeywordExecutor.groovy:56)
	at com.kms.katalon.core.keyword.BuiltinKeywords.callTestCase(BuiltinKeywords.groovy:334)
	at NewArrivals.run(NewArrivals:121)
	at com.kms.katalon.core.main.ScriptEngine.run(ScriptEngine.java:194)
	at com.kms.katalon.core.main.ScriptEngine.runScriptAsRawText(ScriptEngine.java:119)
	at com.kms.katalon.core.main.TestCaseExecutor.runScript(TestCaseExecutor.java:342)
	at com.kms.katalon.core.main.TestCaseExecutor.doExecute(TestCaseExecutor.java:333)
	at com.kms.katalon.core.main.TestCaseExecutor.processExecutionPhase(TestCaseExecutor.java:312)
	at com.kms.katalon.core.main.TestCaseExecutor.accessMainPhase(TestCaseExecutor.java:304)
	at com.kms.katalon.core.main.TestCaseExecutor.execute(TestCaseExecutor.java:238)
	at com.kms.katalon.core.main.TestSuiteExecutor.accessTestCaseMainPhase(TestSuiteExecutor.java:129)
	at com.kms.katalon.core.main.TestSuiteExecutor.accessTestSuiteMainPhase(TestSuiteExecutor.java:112)
	at com.kms.katalon.core.main.TestSuiteExecutor.execute(TestSuiteExecutor.java:81)
	at com.kms.katalon.core.main.TestCaseMain.startTestSuite(TestCaseMain.java:157)
	at com.kms.katalon.core.main.TestCaseMain$startTestSuite$0.call(Unknown Source)
	at TempTestSuite1558015053723.run(TempTestSuite1558015053723.groovy:35)
Caused by: com.kms.katalon.core.exception.StepFailedException: Call Test Case 'Test Cases/backOfficeLogin' failed
	at com.kms.katalon.core.keyword.builtin.CallTestCaseKeyword$_callTestCase_closure1.doCall(CallTestCaseKeyword.groovy:63)
	at com.kms.katalon.core.keyword.builtin.CallTestCaseKeyword$_callTestCase_closure1.call(CallTestCaseKeyword.groovy)
	at com.kms.katalon.core.keyword.internal.KeywordMain.runKeyword(KeywordMain.groovy:66)
	at com.kms.katalon.core.keyword.builtin.CallTestCaseKeyword.callTestCase(CallTestCaseKeyword.groovy:81)
	at com.kms.katalon.core.keyword.builtin.CallTestCaseKeyword.execute(CallTestCaseKeyword.groovy:44)
	at com.kms.katalon.core.keyword.internal.KeywordExecutor.executeKeywordForPlatform(KeywordExecutor.groovy:56)
	at com.kms.katalon.core.keyword.BuiltinKeywords.callTestCase(BuiltinKeywords.groovy:334)
	at productWatchlist.run(productWatchlist:22)
	at com.kms.katalon.core.main.ScriptEngine.run(ScriptEngine.java:194)
	at com.kms.katalon.core.main.ScriptEngine.runScriptAsRawText(ScriptEngine.java:119)
	at com.kms.katalon.core.main.TestCaseExecutor.runScript(TestCaseExecutor.java:342)
	at com.kms.katalon.core.main.TestCaseExecutor.doExecute(TestCaseExecutor.java:333)
	at com.kms.katalon.core.main.TestCaseExecutor.processExecutionPhase(TestCaseExecutor.java:312)
	at com.kms.katalon.core.main.TestCaseExecutor.accessMainPhase(TestCaseExecutor.java:304)
	at com.kms.katalon.core.main.TestCaseExecutor.execute(TestCaseExecutor.java:238)
	at com.kms.katalon.core.main.TestCaseMain.runTestCase(TestCaseMain.java:114)
	at com.kms.katalon.core.keyword.builtin.CallTestCaseKeyword$_callTestCase_closure1.doCall(CallTestCaseKeyword.groovy:59)
	... 20 more
Caused by: com.kms.katalon.core.exception.StepFailedException: Unable to navigate to 'https://test17.cliotest.com/backoffice/control/main'
	at com.kms.katalon.core.webui.keyword.internal.WebUIKeywordMain.stepFailed(WebUIKeywordMain.groovy:64)
	at com.kms.katalon.core.webui.keyword.internal.WebUIKeywordMain.runKeyword(WebUIKeywordMain.groovy:26)
	at com.kms.katalon.core.webui.keyword.builtin.NavigateToUrlKeyword.navigateToUrl(NavigateToUrlKeyword.groovy:83)
	at com.kms.katalon.core.webui.keyword.builtin.NavigateToUrlKeyword.execute(NavigateToUrlKeyword.groovy:67)
	at com.kms.katalon.core.keyword.internal.KeywordExecutor.executeKeywordForPlatform(KeywordExecutor.groovy:56)
	at com.kms.katalon.core.webui.keyword.WebUiBuiltInKeywords.navigateToUrl(WebUiBuiltInKeywords.groovy:183)
	at com.kms.katalon.core.webui.keyword.WebUiBuiltInKeywords$navigateToUrl$1.call(Unknown Source)
	at backOfficeLogin.run(backOfficeLogin:19)
	at com.kms.katalon.core.main.ScriptEngine.run(ScriptEngine.java:194)
	at com.kms.katalon.core.main.ScriptEngine.runScriptAsRawText(ScriptEngine.java:119)
	at com.kms.katalon.core.main.TestCaseExecutor.runScript(TestCaseExecutor.java:342)
	at com.kms.katalon.core.main.TestCaseExecutor.doExecute(TestCaseExecutor.java:333)
	at com.kms.katalon.core.main.TestCaseExecutor.processExecutionPhase(TestCaseExecutor.java:312)
	at com.kms.katalon.core.main.TestCaseExecutor.accessMainPhase(TestCaseExecutor.java:304)
	at com.kms.katalon.core.main.TestCaseExecutor.execute(TestCaseExecutor.java:238)
	at com.kms.katalon.core.main.TestCaseMain.runTestCase(TestCaseMain.java:114)
	at com.kms.katalon.core.keyword.builtin.CallTestCaseKeyword$_callTestCase_closure1.doCall(CallTestCaseKeyword.groovy:59)
	... 36 more
Caused by: com.kms.katalon.core.webui.exception.BrowserNotOpenedException: Browser is not opened
Build info: version: '3.7.1', revision: '8a0099a', time: '2017-11-06T21:07:36.161Z'
System info: host: 'NIVEDITA', ip: '10.0.102.159', os.name: 'Windows 8.1', os.arch: 'amd64', os.version: '6.3', java.version: '1.8.0_181'
Driver info: driver.version: unknown
	at com.kms.katalon.core.webui.driver.DriverFactory.verifyWebDriverIsOpen(DriverFactory.java:632)
	at com.kms.katalon.core.webui.driver.DriverFactory.verifyWebDriver(DriverFactory.java:617)
	at com.kms.katalon.core.webui.driver.DriverFactory.getWebDriver(DriverFactory.java:603)
	at com.kms.katalon.core.webui.keyword.builtin.NavigateToUrlKeyword$_navigateToUrl_closure1.doCall(NavigateToUrlKeyword.groovy:80)
	at com.kms.katalon.core.webui.keyword.builtin.NavigateToUrlKeyword$_navigateToUrl_closure1.call(NavigateToUrlKeyword.groovy)
	at com.kms.katalon.core.webui.keyword.internal.WebUIKeywordMain.runKeyword(WebUIKeywordMain.groovy:20)
	at com.kms.katalon.core.webui.keyword.builtin.NavigateToUrlKeyword.navigateToUrl(NavigateToUrlKeyword.groovy:83)
	at com.kms.katalon.core.webui.keyword.builtin.NavigateToUrlKeyword.execute(NavigateToUrlKeyword.groovy:67)
	at com.kms.katalon.core.keyword.internal.KeywordExecutor.executeKeywordForPlatform(KeywordExecutor.groovy:56)
	at com.kms.katalon.core.webui.keyword.WebUiBuiltInKeywords.navigateToUrl(WebUiBuiltInKeywords.groovy:183)
	at com.kms.katalon.core.webui.keyword.WebUiBuiltInKeywords$navigateToUrl$1.call(Unknown Source)
	at Script1557240766587.run(Script1557240766587.groovy:19)
	at com.kms.katalon.core.main.ScriptEngine.run(ScriptEngine.java:194)
	at com.kms.katalon.core.main.ScriptEngine.runScriptAsRawText(ScriptEngine.java:119)
	at com.kms.katalon.core.main.TestCaseExecutor.runScript(TestCaseExecutor.java:342)
	at com.kms.katalon.core.main.TestCaseExecutor.doExecute(TestCaseExecutor.java:333)
	at com.kms.katalon.core.main.TestCaseExecutor.processExecutionPhase(TestCaseExecutor.java:312)
	at com.kms.katalon.core.main.TestCaseExecutor.accessMainPhase(TestCaseExecutor.java:304)
	at com.kms.katalon.core.main.TestCaseExecutor.execute(TestCaseExecutor.java:238)
	at com.kms.katalon.core.main.TestCaseMain.runTestCase(TestCaseMain.java:114)
	at com.kms.katalon.core.keyword.builtin.CallTestCaseKeyword$_callTestCase_closure1.doCall(CallTestCaseKeyword.groovy:59)
	at com.kms.katalon.core.keyword.builtin.CallTestCaseKeyword$_callTestCase_closure1.call(CallTestCaseKeyword.groovy)
	at com.kms.katalon.core.keyword.internal.KeywordMain.runKeyword(KeywordMain.groovy:66)
	at com.kms.katalon.core.keyword.builtin.CallTestCaseKeyword.callTestCase(CallTestCaseKeyword.groovy:81)
	at com.kms.katalon.core.keyword.builtin.CallTestCaseKeyword.execute(CallTestCaseKeyword.groovy:44)
	at com.kms.katalon.core.keyword.internal.KeywordExecutor.executeKeywordForPlatform(KeywordExecutor.groovy:56)
	at com.kms.katalon.core.keyword.BuiltinKeywords.callTestCase(BuiltinKeywords.groovy:334)
	at Script1557750883126.run(Script1557750883126.groovy:22)
	at com.kms.katalon.core.main.ScriptEngine.run(ScriptEngine.java:194)
	at com.kms.katalon.core.main.ScriptEngine.runScriptAsRawText(ScriptEngine.java:119)
	at com.kms.katalon.core.main.TestCaseExecutor.runScript(TestCaseExecutor.java:342)
	at com.kms.katalon.core.main.TestCaseExecutor.doExecute(TestCaseExecutor.java:333)
	at com.kms.katalon.core.main.TestCaseExecutor.processExecutionPhase(TestCaseExecutor.java:312)
	at com.kms.katalon.core.main.TestCaseExecutor.accessMainPhase(TestCaseExecutor.java:304)
	at com.kms.katalon.core.main.TestCaseExecutor.execute(TestCaseExecutor.java:238)
	at com.kms.katalon.core.main.TestCaseMain.runTestCase(TestCaseMain.java:114)
	at com.kms.katalon.core.keyword.builtin.CallTestCaseKeyword$_callTestCase_closure1.doCall(CallTestCaseKeyword.groovy:59)
	at com.kms.katalon.core.keyword.builtin.CallTestCaseKeyword$_callTestCase_closure1.call(CallTestCaseKeyword.groovy)
	at com.kms.katalon.core.keyword.internal.KeywordMain.runKeyword(KeywordMain.groovy:66)
	at com.kms.katalon.core.keyword.builtin.CallTestCaseKeyword.callTestCase(CallTestCaseKeyword.groovy:81)
	at com.kms.katalon.core.keyword.builtin.CallTestCaseKeyword.execute(CallTestCaseKeyword.groovy:44)
	at com.kms.katalon.core.keyword.internal.KeywordExecutor.executeKeywordForPlatform(KeywordExecutor.groovy:56)
	at com.kms.katalon.core.keyword.BuiltinKeywords.callTestCase(BuiltinKeywords.groovy:334)
	at Script1556094498836.run(Script1556094498836.groovy:121)
	... 13 more


2019-05-16 19:28:03 - [TEST_CASE][FAILED] - Test Cases/productWatchlist: Test Cases/productWatchlist FAILED.
Reason:
com.kms.katalon.core.exception.StepFailedException: Call Test Case 'Test Cases/backOfficeLogin' failed
	at com.kms.katalon.core.keyword.builtin.CallTestCaseKeyword$_callTestCase_closure1.doCall(CallTestCaseKeyword.groovy:63)
	at com.kms.katalon.core.keyword.builtin.CallTestCaseKeyword$_callTestCase_closure1.call(CallTestCaseKeyword.groovy)
	at com.kms.katalon.core.keyword.internal.KeywordMain.runKeyword(KeywordMain.groovy:66)
	at com.kms.katalon.core.keyword.builtin.CallTestCaseKeyword.callTestCase(CallTestCaseKeyword.groovy:81)
	at com.kms.katalon.core.keyword.builtin.CallTestCaseKeyword.execute(CallTestCaseKeyword.groovy:44)
	at com.kms.katalon.core.keyword.internal.KeywordExecutor.executeKeywordForPlatform(KeywordExecutor.groovy:56)
	at com.kms.katalon.core.keyword.BuiltinKeywords.callTestCase(BuiltinKeywords.groovy:334)
	at productWatchlist.run(productWatchlist:22)
	at com.kms.katalon.core.main.ScriptEngine.run(ScriptEngine.java:194)
	at com.kms.katalon.core.main.ScriptEngine.runScriptAsRawText(ScriptEngine.java:119)
	at com.kms.katalon.core.main.TestCaseExecutor.runScript(TestCaseExecutor.java:342)
	at com.kms.katalon.core.main.TestCaseExecutor.doExecute(TestCaseExecutor.java:333)
	at com.kms.katalon.core.main.TestCaseExecutor.processExecutionPhase(TestCaseExecutor.java:312)
	at com.kms.katalon.core.main.TestCaseExecutor.accessMainPhase(TestCaseExecutor.java:304)
	at com.kms.katalon.core.main.TestCaseExecutor.execute(TestCaseExecutor.java:238)
	at com.kms.katalon.core.main.TestCaseMain.runTestCase(TestCaseMain.java:114)
	at com.kms.katalon.core.keyword.builtin.CallTestCaseKeyword$_callTestCase_closure1.doCall(CallTestCaseKeyword.groovy:59)
	at com.kms.katalon.core.keyword.builtin.CallTestCaseKeyword$_callTestCase_closure1.call(CallTestCaseKeyword.groovy)
	at com.kms.katalon.core.keyword.internal.KeywordMain.runKeyword(KeywordMain.groovy:66)
	at com.kms.katalon.core.keyword.builtin.CallTestCaseKeyword.callTestCase(CallTestCaseKeyword.groovy:81)
	at com.kms.katalon.core.keyword.builtin.CallTestCaseKeyword.execute(CallTestCaseKeyword.groovy:44)
	at com.kms.katalon.core.keyword.internal.KeywordExecutor.executeKeywordForPlatform(KeywordExecutor.groovy:56)
	at com.kms.katalon.core.keyword.BuiltinKeywords.callTestCase(BuiltinKeywords.groovy:334)
	at NewArrivals.run(NewArrivals:121)
	at com.kms.katalon.core.main.ScriptEngine.run(ScriptEngine.java:194)
	at com.kms.katalon.core.main.ScriptEngine.runScriptAsRawText(ScriptEngine.java:119)
	at com.kms.katalon.core.main.TestCaseExecutor.runScript(TestCaseExecutor.java:342)
	at com.kms.katalon.core.main.TestCaseExecutor.doExecute(TestCaseExecutor.java:333)
	at com.kms.katalon.core.main.TestCaseExecutor.processExecutionPhase(TestCaseExecutor.java:312)
	at com.kms.katalon.core.main.TestCaseExecutor.accessMainPhase(TestCaseExecutor.java:304)
	at com.kms.katalon.core.main.TestCaseExecutor.execute(TestCaseExecutor.java:238)
	at com.kms.katalon.core.main.TestSuiteExecutor.accessTestCaseMainPhase(TestSuiteExecutor.java:129)
	at com.kms.katalon.core.main.TestSuiteExecutor.accessTestSuiteMainPhase(TestSuiteExecutor.java:112)
	at com.kms.katalon.core.main.TestSuiteExecutor.execute(TestSuiteExecutor.java:81)
	at com.kms.katalon.core.main.TestCaseMain.startTestSuite(TestCaseMain.java:157)
	at com.kms.katalon.core.main.TestCaseMain$startTestSuite$0.call(Unknown Source)
	at TempTestSuite1558015053723.run(TempTestSuite1558015053723.groovy:35)
Caused by: com.kms.katalon.core.exception.StepFailedException: Unable to navigate to 'https://test17.cliotest.com/backoffice/control/main'
	at com.kms.katalon.core.webui.keyword.internal.WebUIKeywordMain.stepFailed(WebUIKeywordMain.groovy:64)
	at com.kms.katalon.core.webui.keyword.internal.WebUIKeywordMain.runKeyword(WebUIKeywordMain.groovy:26)
	at com.kms.katalon.core.webui.keyword.builtin.NavigateToUrlKeyword.navigateToUrl(NavigateToUrlKeyword.groovy:83)
	at com.kms.katalon.core.webui.keyword.builtin.NavigateToUrlKeyword.execute(NavigateToUrlKeyword.groovy:67)
	at com.kms.katalon.core.keyword.internal.KeywordExecutor.executeKeywordForPlatform(KeywordExecutor.groovy:56)
	at com.kms.katalon.core.webui.keyword.WebUiBuiltInKeywords.navigateToUrl(WebUiBuiltInKeywords.groovy:183)
	at com.kms.katalon.core.webui.keyword.WebUiBuiltInKeywords$navigateToUrl$1.call(Unknown Source)
	at backOfficeLogin.run(backOfficeLogin:19)
	at com.kms.katalon.core.main.ScriptEngine.run(ScriptEngine.java:194)
	at com.kms.katalon.core.main.ScriptEngine.runScriptAsRawText(ScriptEngine.java:119)
	at com.kms.katalon.core.main.TestCaseExecutor.runScript(TestCaseExecutor.java:342)
	at com.kms.katalon.core.main.TestCaseExecutor.doExecute(TestCaseExecutor.java:333)
	at com.kms.katalon.core.main.TestCaseExecutor.processExecutionPhase(TestCaseExecutor.java:312)
	at com.kms.katalon.core.main.TestCaseExecutor.accessMainPhase(TestCaseExecutor.java:304)
	at com.kms.katalon.core.main.TestCaseExecutor.execute(TestCaseExecutor.java:238)
	at com.kms.katalon.core.main.TestCaseMain.runTestCase(TestCaseMain.java:114)
	at com.kms.katalon.core.keyword.builtin.CallTestCaseKeyword$_callTestCase_closure1.doCall(CallTestCaseKeyword.groovy:59)
	... 36 more
Caused by: com.kms.katalon.core.webui.exception.BrowserNotOpenedException: Browser is not opened
Build info: version: '3.7.1', revision: '8a0099a', time: '2017-11-06T21:07:36.161Z'
System info: host: 'NIVEDITA', ip: '10.0.102.159', os.name: 'Windows 8.1', os.arch: 'amd64', os.version: '6.3', java.version: '1.8.0_181'
Driver info: driver.version: unknown
	at com.kms.katalon.core.webui.driver.DriverFactory.verifyWebDriverIsOpen(DriverFactory.java:632)
	at com.kms.katalon.core.webui.driver.DriverFactory.verifyWebDriver(DriverFactory.java:617)
	at com.kms.katalon.core.webui.driver.DriverFactory.getWebDriver(DriverFactory.java:603)
	at com.kms.katalon.core.webui.keyword.builtin.NavigateToUrlKeyword$_navigateToUrl_closure1.doCall(NavigateToUrlKeyword.groovy:80)
	at com.kms.katalon.core.webui.keyword.builtin.NavigateToUrlKeyword$_navigateToUrl_closure1.call(NavigateToUrlKeyword.groovy)
	at com.kms.katalon.core.webui.keyword.internal.WebUIKeywordMain.runKeyword(WebUIKeywordMain.groovy:20)
	at com.kms.katalon.core.webui.keyword.builtin.NavigateToUrlKeyword.navigateToUrl(NavigateToUrlKeyword.groovy:83)
	at com.kms.katalon.core.webui.keyword.builtin.NavigateToUrlKeyword.execute(NavigateToUrlKeyword.groovy:67)
	at com.kms.katalon.core.keyword.internal.KeywordExecutor.executeKeywordForPlatform(KeywordExecutor.groovy:56)
	at com.kms.katalon.core.webui.keyword.WebUiBuiltInKeywords.navigateToUrl(WebUiBuiltInKeywords.groovy:183)
	at com.kms.katalon.core.webui.keyword.WebUiBuiltInKeywords$navigateToUrl$1.call(Unknown Source)
	at Script1557240766587.run(Script1557240766587.groovy:19)
	at com.kms.katalon.core.main.ScriptEngine.run(ScriptEngine.java:194)
	at com.kms.katalon.core.main.ScriptEngine.runScriptAsRawText(ScriptEngine.java:119)
	at com.kms.katalon.core.main.TestCaseExecutor.runScript(TestCaseExecutor.java:342)
	at com.kms.katalon.core.main.TestCaseExecutor.doExecute(TestCaseExecutor.java:333)
	at com.kms.katalon.core.main.TestCaseExecutor.processExecutionPhase(TestCaseExecutor.java:312)
	at com.kms.katalon.core.main.TestCaseExecutor.accessMainPhase(TestCaseExecutor.java:304)
	at com.kms.katalon.core.main.TestCaseExecutor.execute(TestCaseExecutor.java:238)
	at com.kms.katalon.core.main.TestCaseMain.runTestCase(TestCaseMain.java:114)
	at com.kms.katalon.core.keyword.builtin.CallTestCaseKeyword$_callTestCase_closure1.doCall(CallTestCaseKeyword.groovy:59)
	at com.kms.katalon.core.keyword.builtin.CallTestCaseKeyword$_callTestCase_closure1.call(CallTestCaseKeyword.groovy)
	at com.kms.katalon.core.keyword.internal.KeywordMain.runKeyword(KeywordMain.groovy:66)
	at com.kms.katalon.core.keyword.builtin.CallTestCaseKeyword.callTestCase(CallTestCaseKeyword.groovy:81)
	at com.kms.katalon.core.keyword.builtin.CallTestCaseKeyword.execute(CallTestCaseKeyword.groovy:44)
	at com.kms.katalon.core.keyword.internal.KeywordExecutor.executeKeywordForPlatform(KeywordExecutor.groovy:56)
	at com.kms.katalon.core.keyword.BuiltinKeywords.callTestCase(BuiltinKeywords.groovy:334)
	at Script1557750883126.run(Script1557750883126.groovy:22)
	at com.kms.katalon.core.main.ScriptEngine.run(ScriptEngine.java:194)
	at com.kms.katalon.core.main.ScriptEngine.runScriptAsRawText(ScriptEngine.java:119)
	at com.kms.katalon.core.main.TestCaseExecutor.runScript(TestCaseExecutor.java:342)
	at com.kms.katalon.core.main.TestCaseExecutor.doExecute(TestCaseExecutor.java:333)
	at com.kms.katalon.core.main.TestCaseExecutor.processExecutionPhase(TestCaseExecutor.java:312)
	at com.kms.katalon.core.main.TestCaseExecutor.accessMainPhase(TestCaseExecutor.java:304)
	at com.kms.katalon.core.main.TestCaseExecutor.execute(TestCaseExecutor.java:238)
	at com.kms.katalon.core.main.TestCaseMain.runTestCase(TestCaseMain.java:114)
	at com.kms.katalon.core.keyword.builtin.CallTestCaseKeyword$_callTestCase_closure1.doCall(CallTestCaseKeyword.groovy:59)
	at com.kms.katalon.core.keyword.builtin.CallTestCaseKeyword$_callTestCase_closure1.call(CallTestCaseKeyword.groovy)
	at com.kms.katalon.core.keyword.internal.KeywordMain.runKeyword(KeywordMain.groovy:66)
	at com.kms.katalon.core.keyword.builtin.CallTestCaseKeyword.callTestCase(CallTestCaseKeyword.groovy:81)
	at com.kms.katalon.core.keyword.builtin.CallTestCaseKeyword.execute(CallTestCaseKeyword.groovy:44)
	at com.kms.katalon.core.keyword.internal.KeywordExecutor.executeKeywordForPlatform(KeywordExecutor.groovy:56)
	at com.kms.katalon.core.keyword.BuiltinKeywords.callTestCase(BuiltinKeywords.groovy:334)
	at Script1556094498836.run(Script1556094498836.groovy:121)
	... 13 more


2019-05-16 19:28:04 - [TEST_STEP][FAILED] - callTestCase(findTestCase("backOfficeLogin"), ["BOURL":"", "BOuser":"", "BOpass":""], STOP_ON_FAILURE): callTestCase(findTestCase("backOfficeLogin"), ["BOURL":"", "BOuser":"", "BOpass":""], STOP_ON_FAILURE) FAILED.
Reason:
com.kms.katalon.core.exception.StepFailedException: Call Test Case 'Test Cases/backOfficeLogin' failed
	at com.kms.katalon.core.keyword.builtin.CallTestCaseKeyword$_callTestCase_closure1.doCall(CallTestCaseKeyword.groovy:63)
	at com.kms.katalon.core.keyword.builtin.CallTestCaseKeyword$_callTestCase_closure1.call(CallTestCaseKeyword.groovy)
	at com.kms.katalon.core.keyword.internal.KeywordMain.runKeyword(KeywordMain.groovy:66)
	at com.kms.katalon.core.keyword.builtin.CallTestCaseKeyword.callTestCase(CallTestCaseKeyword.groovy:81)
	at com.kms.katalon.core.keyword.builtin.CallTestCaseKeyword.execute(CallTestCaseKeyword.groovy:44)
	at com.kms.katalon.core.keyword.internal.KeywordExecutor.executeKeywordForPlatform(KeywordExecutor.groovy:56)
	at com.kms.katalon.core.keyword.BuiltinKeywords.callTestCase(BuiltinKeywords.groovy:334)
	at productWatchlist.run(productWatchlist:22)
	at com.kms.katalon.core.main.ScriptEngine.run(ScriptEngine.java:194)
	at com.kms.katalon.core.main.ScriptEngine.runScriptAsRawText(ScriptEngine.java:119)
	at com.kms.katalon.core.main.TestCaseExecutor.runScript(TestCaseExecutor.java:342)
	at com.kms.katalon.core.main.TestCaseExecutor.doExecute(TestCaseExecutor.java:333)
	at com.kms.katalon.core.main.TestCaseExecutor.processExecutionPhase(TestCaseExecutor.java:312)
	at com.kms.katalon.core.main.TestCaseExecutor.accessMainPhase(TestCaseExecutor.java:304)
	at com.kms.katalon.core.main.TestCaseExecutor.execute(TestCaseExecutor.java:238)
	at com.kms.katalon.core.main.TestCaseMain.runTestCase(TestCaseMain.java:114)
	at com.kms.katalon.core.keyword.builtin.CallTestCaseKeyword$_callTestCase_closure1.doCall(CallTestCaseKeyword.groovy:59)
	at com.kms.katalon.core.keyword.builtin.CallTestCaseKeyword$_callTestCase_closure1.call(CallTestCaseKeyword.groovy)
	at com.kms.katalon.core.keyword.internal.KeywordMain.runKeyword(KeywordMain.groovy:66)
	at com.kms.katalon.core.keyword.builtin.CallTestCaseKeyword.callTestCase(CallTestCaseKeyword.groovy:81)
	at com.kms.katalon.core.keyword.builtin.CallTestCaseKeyword.execute(CallTestCaseKeyword.groovy:44)
	at com.kms.katalon.core.keyword.internal.KeywordExecutor.executeKeywordForPlatform(KeywordExecutor.groovy:56)
	at com.kms.katalon.core.keyword.BuiltinKeywords.callTestCase(BuiltinKeywords.groovy:334)
	at NewArrivals.run(NewArrivals:121)
	at com.kms.katalon.core.main.ScriptEngine.run(ScriptEngine.java:194)
	at com.kms.katalon.core.main.ScriptEngine.runScriptAsRawText(ScriptEngine.java:119)
	at com.kms.katalon.core.main.TestCaseExecutor.runScript(TestCaseExecutor.java:342)
	at com.kms.katalon.core.main.TestCaseExecutor.doExecute(TestCaseExecutor.java:333)
	at com.kms.katalon.core.main.TestCaseExecutor.processExecutionPhase(TestCaseExecutor.java:312)
	at com.kms.katalon.core.main.TestCaseExecutor.accessMainPhase(TestCaseExecutor.java:304)
	at com.kms.katalon.core.main.TestCaseExecutor.execute(TestCaseExecutor.java:238)
	at com.kms.katalon.core.main.TestSuiteExecutor.accessTestCaseMainPhase(TestSuiteExecutor.java:129)
	at com.kms.katalon.core.main.TestSuiteExecutor.accessTestSuiteMainPhase(TestSuiteExecutor.java:112)
	at com.kms.katalon.core.main.TestSuiteExecutor.execute(TestSuiteExecutor.java:81)
	at com.kms.katalon.core.main.TestCaseMain.startTestSuite(TestCaseMain.java:157)
	at com.kms.katalon.core.main.TestCaseMain$startTestSuite$0.call(Unknown Source)
	at TempTestSuite1558015053723.run(TempTestSuite1558015053723.groovy:35)
Caused by: com.kms.katalon.core.exception.StepFailedException: Unable to navigate to 'https://test17.cliotest.com/backoffice/control/main'
	at com.kms.katalon.core.webui.keyword.internal.WebUIKeywordMain.stepFailed(WebUIKeywordMain.groovy:64)
	at com.kms.katalon.core.webui.keyword.internal.WebUIKeywordMain.runKeyword(WebUIKeywordMain.groovy:26)
	at com.kms.katalon.core.webui.keyword.builtin.NavigateToUrlKeyword.navigateToUrl(NavigateToUrlKeyword.groovy:83)
	at com.kms.katalon.core.webui.keyword.builtin.NavigateToUrlKeyword.execute(NavigateToUrlKeyword.groovy:67)
	at com.kms.katalon.core.keyword.internal.KeywordExecutor.executeKeywordForPlatform(KeywordExecutor.groovy:56)
	at com.kms.katalon.core.webui.keyword.WebUiBuiltInKeywords.navigateToUrl(WebUiBuiltInKeywords.groovy:183)
	at com.kms.katalon.core.webui.keyword.WebUiBuiltInKeywords$navigateToUrl$1.call(Unknown Source)
	at backOfficeLogin.run(backOfficeLogin:19)
	at com.kms.katalon.core.main.ScriptEngine.run(ScriptEngine.java:194)
	at com.kms.katalon.core.main.ScriptEngine.runScriptAsRawText(ScriptEngine.java:119)
	at com.kms.katalon.core.main.TestCaseExecutor.runScript(TestCaseExecutor.java:342)
	at com.kms.katalon.core.main.TestCaseExecutor.doExecute(TestCaseExecutor.java:333)
	at com.kms.katalon.core.main.TestCaseExecutor.processExecutionPhase(TestCaseExecutor.java:312)
	at com.kms.katalon.core.main.TestCaseExecutor.accessMainPhase(TestCaseExecutor.java:304)
	at com.kms.katalon.core.main.TestCaseExecutor.execute(TestCaseExecutor.java:238)
	at com.kms.katalon.core.main.TestCaseMain.runTestCase(TestCaseMain.java:114)
	at com.kms.katalon.core.keyword.builtin.CallTestCaseKeyword$_callTestCase_closure1.doCall(CallTestCaseKeyword.groovy:59)
	... 36 more
Caused by: com.kms.katalon.core.webui.exception.BrowserNotOpenedException: Browser is not opened
Build info: version: '3.7.1', revision: '8a0099a', time: '2017-11-06T21:07:36.161Z'
System info: host: 'NIVEDITA', ip: '10.0.102.159', os.name: 'Windows 8.1', os.arch: 'amd64', os.version: '6.3', java.version: '1.8.0_181'
Driver info: driver.version: unknown
	at com.kms.katalon.core.webui.driver.DriverFactory.verifyWebDriverIsOpen(DriverFactory.java:632)
	at com.kms.katalon.core.webui.driver.DriverFactory.verifyWebDriver(DriverFactory.java:617)
	at com.kms.katalon.core.webui.driver.DriverFactory.getWebDriver(DriverFactory.java:603)
	at com.kms.katalon.core.webui.keyword.builtin.NavigateToUrlKeyword$_navigateToUrl_closure1.doCall(NavigateToUrlKeyword.groovy:80)
	at com.kms.katalon.core.webui.keyword.builtin.NavigateToUrlKeyword$_navigateToUrl_closure1.call(NavigateToUrlKeyword.groovy)
	at com.kms.katalon.core.webui.keyword.internal.WebUIKeywordMain.runKeyword(WebUIKeywordMain.groovy:20)
	at com.kms.katalon.core.webui.keyword.builtin.NavigateToUrlKeyword.navigateToUrl(NavigateToUrlKeyword.groovy:83)
	at com.kms.katalon.core.webui.keyword.builtin.NavigateToUrlKeyword.execute(NavigateToUrlKeyword.groovy:67)
	at com.kms.katalon.core.keyword.internal.KeywordExecutor.executeKeywordForPlatform(KeywordExecutor.groovy:56)
	at com.kms.katalon.core.webui.keyword.WebUiBuiltInKeywords.navigateToUrl(WebUiBuiltInKeywords.groovy:183)
	at com.kms.katalon.core.webui.keyword.WebUiBuiltInKeywords$navigateToUrl$1.call(Unknown Source)
	at Script1557240766587.run(Script1557240766587.groovy:19)
	at com.kms.katalon.core.main.ScriptEngine.run(ScriptEngine.java:194)
	at com.kms.katalon.core.main.ScriptEngine.runScriptAsRawText(ScriptEngine.java:119)
	at com.kms.katalon.core.main.TestCaseExecutor.runScript(TestCaseExecutor.java:342)
	at com.kms.katalon.core.main.TestCaseExecutor.doExecute(TestCaseExecutor.java:333)
	at com.kms.katalon.core.main.TestCaseExecutor.processExecutionPhase(TestCaseExecutor.java:312)
	at com.kms.katalon.core.main.TestCaseExecutor.accessMainPhase(TestCaseExecutor.java:304)
	at com.kms.katalon.core.main.TestCaseExecutor.execute(TestCaseExecutor.java:238)
	at com.kms.katalon.core.main.TestCaseMain.runTestCase(TestCaseMain.java:114)
	at com.kms.katalon.core.keyword.builtin.CallTestCaseKeyword$_callTestCase_closure1.doCall(CallTestCaseKeyword.groovy:59)
	at com.kms.katalon.core.keyword.builtin.CallTestCaseKeyword$_callTestCase_closure1.call(CallTestCaseKeyword.groovy)
	at com.kms.katalon.core.keyword.internal.KeywordMain.runKeyword(KeywordMain.groovy:66)
	at com.kms.katalon.core.keyword.builtin.CallTestCaseKeyword.callTestCase(CallTestCaseKeyword.groovy:81)
	at com.kms.katalon.core.keyword.builtin.CallTestCaseKeyword.execute(CallTestCaseKeyword.groovy:44)
	at com.kms.katalon.core.keyword.internal.KeywordExecutor.executeKeywordForPlatform(KeywordExecutor.groovy:56)
	at com.kms.katalon.core.keyword.BuiltinKeywords.callTestCase(BuiltinKeywords.groovy:334)
	at Script1557750883126.run(Script1557750883126.groovy:22)
	at com.kms.katalon.core.main.ScriptEngine.run(ScriptEngine.java:194)
	at com.kms.katalon.core.main.ScriptEngine.runScriptAsRawText(ScriptEngine.java:119)
	at com.kms.katalon.core.main.TestCaseExecutor.runScript(TestCaseExecutor.java:342)
	at com.kms.katalon.core.main.TestCaseExecutor.doExecute(TestCaseExecutor.java:333)
	at com.kms.katalon.core.main.TestCaseExecutor.processExecutionPhase(TestCaseExecutor.java:312)
	at com.kms.katalon.core.main.TestCaseExecutor.accessMainPhase(TestCaseExecutor.java:304)
	at com.kms.katalon.core.main.TestCaseExecutor.execute(TestCaseExecutor.java:238)
	at com.kms.katalon.core.main.TestCaseMain.runTestCase(TestCaseMain.java:114)
	at com.kms.katalon.core.keyword.builtin.CallTestCaseKeyword$_callTestCase_closure1.doCall(CallTestCaseKeyword.groovy:59)
	at com.kms.katalon.core.keyword.builtin.CallTestCaseKeyword$_callTestCase_closure1.call(CallTestCaseKeyword.groovy)
	at com.kms.katalon.core.keyword.internal.KeywordMain.runKeyword(KeywordMain.groovy:66)
	at com.kms.katalon.core.keyword.builtin.CallTestCaseKeyword.callTestCase(CallTestCaseKeyword.groovy:81)
	at com.kms.katalon.core.keyword.builtin.CallTestCaseKeyword.execute(CallTestCaseKeyword.groovy:44)
	at com.kms.katalon.core.keyword.internal.KeywordExecutor.executeKeywordForPlatform(KeywordExecutor.groovy:56)
	at com.kms.katalon.core.keyword.BuiltinKeywords.callTestCase(BuiltinKeywords.groovy:334)
	at Script1556094498836.run(Script1556094498836.groovy:121)
	... 13 more


2019-05-16 19:28:04 - [TEST_CASE][FAILED] - Test Cases/backOfficeLogin: Test Cases/backOfficeLogin FAILED.
Reason:
com.kms.katalon.core.exception.StepFailedException: Unable to navigate to 'https://test17.cliotest.com/backoffice/control/main'
	at com.kms.katalon.core.webui.keyword.internal.WebUIKeywordMain.stepFailed(WebUIKeywordMain.groovy:64)
	at com.kms.katalon.core.webui.keyword.internal.WebUIKeywordMain.runKeyword(WebUIKeywordMain.groovy:26)
	at com.kms.katalon.core.webui.keyword.builtin.NavigateToUrlKeyword.navigateToUrl(NavigateToUrlKeyword.groovy:83)
	at com.kms.katalon.core.webui.keyword.builtin.NavigateToUrlKeyword.execute(NavigateToUrlKeyword.groovy:67)
	at com.kms.katalon.core.keyword.internal.KeywordExecutor.executeKeywordForPlatform(KeywordExecutor.groovy:56)
	at com.kms.katalon.core.webui.keyword.WebUiBuiltInKeywords.navigateToUrl(WebUiBuiltInKeywords.groovy:183)
	at com.kms.katalon.core.webui.keyword.WebUiBuiltInKeywords$navigateToUrl$1.call(Unknown Source)
	at backOfficeLogin.run(backOfficeLogin:19)
	at com.kms.katalon.core.main.ScriptEngine.run(ScriptEngine.java:194)
	at com.kms.katalon.core.main.ScriptEngine.runScriptAsRawText(ScriptEngine.java:119)
	at com.kms.katalon.core.main.TestCaseExecutor.runScript(TestCaseExecutor.java:342)
	at com.kms.katalon.core.main.TestCaseExecutor.doExecute(TestCaseExecutor.java:333)
	at com.kms.katalon.core.main.TestCaseExecutor.processExecutionPhase(TestCaseExecutor.java:312)
	at com.kms.katalon.core.main.TestCaseExecutor.accessMainPhase(TestCaseExecutor.java:304)
	at com.kms.katalon.core.main.TestCaseExecutor.execute(TestCaseExecutor.java:238)
	at com.kms.katalon.core.main.TestCaseMain.runTestCase(TestCaseMain.java:114)
	at com.kms.katalon.core.keyword.builtin.CallTestCaseKeyword$_callTestCase_closure1.doCall(CallTestCaseKeyword.groovy:59)
	at com.kms.katalon.core.keyword.builtin.CallTestCaseKeyword$_callTestCase_closure1.call(CallTestCaseKeyword.groovy)
	at com.kms.katalon.core.keyword.internal.KeywordMain.runKeyword(KeywordMain.groovy:66)
	at com.kms.katalon.core.keyword.builtin.CallTestCaseKeyword.callTestCase(CallTestCaseKeyword.groovy:81)
	at com.kms.katalon.core.keyword.builtin.CallTestCaseKeyword.execute(CallTestCaseKeyword.groovy:44)
	at com.kms.katalon.core.keyword.internal.KeywordExecutor.executeKeywordForPlatform(KeywordExecutor.groovy:56)
	at com.kms.katalon.core.keyword.BuiltinKeywords.callTestCase(BuiltinKeywords.groovy:334)
	at productWatchlist.run(productWatchlist:22)
	at com.kms.katalon.core.main.ScriptEngine.run(ScriptEngine.java:194)
	at com.kms.katalon.core.main.ScriptEngine.runScriptAsRawText(ScriptEngine.java:119)
	at com.kms.katalon.core.main.TestCaseExecutor.runScript(TestCaseExecutor.java:342)
	at com.kms.katalon.core.main.TestCaseExecutor.doExecute(TestCaseExecutor.java:333)
	at com.kms.katalon.core.main.TestCaseExecutor.processExecutionPhase(TestCaseExecutor.java:312)
	at com.kms.katalon.core.main.TestCaseExecutor.accessMainPhase(TestCaseExecutor.java:304)
	at com.kms.katalon.core.main.TestCaseExecutor.execute(TestCaseExecutor.java:238)
	at com.kms.katalon.core.main.TestCaseMain.runTestCase(TestCaseMain.java:114)
	at com.kms.katalon.core.keyword.builtin.CallTestCaseKeyword$_callTestCase_closure1.doCall(CallTestCaseKeyword.groovy:59)
	at com.kms.katalon.core.keyword.builtin.CallTestCaseKeyword$_callTestCase_closure1.call(CallTestCaseKeyword.groovy)
	at com.kms.katalon.core.keyword.internal.KeywordMain.runKeyword(KeywordMain.groovy:66)
	at com.kms.katalon.core.keyword.builtin.CallTestCaseKeyword.callTestCase(CallTestCaseKeyword.groovy:81)
	at com.kms.katalon.core.keyword.builtin.CallTestCaseKeyword.execute(CallTestCaseKeyword.groovy:44)
	at com.kms.katalon.core.keyword.internal.KeywordExecutor.executeKeywordForPlatform(KeywordExecutor.groovy:56)
	at com.kms.katalon.core.keyword.BuiltinKeywords.callTestCase(BuiltinKeywords.groovy:334)
	at NewArrivals.run(NewArrivals:121)
	at com.kms.katalon.core.main.ScriptEngine.run(ScriptEngine.java:194)
	at com.kms.katalon.core.main.ScriptEngine.runScriptAsRawText(ScriptEngine.java:119)
	at com.kms.katalon.core.main.TestCaseExecutor.runScript(TestCaseExecutor.java:342)
	at com.kms.katalon.core.main.TestCaseExecutor.doExecute(TestCaseExecutor.java:333)
	at com.kms.katalon.core.main.TestCaseExecutor.processExecutionPhase(TestCaseExecutor.java:312)
	at com.kms.katalon.core.main.TestCaseExecutor.accessMainPhase(TestCaseExecutor.java:304)
	at com.kms.katalon.core.main.TestCaseExecutor.execute(TestCaseExecutor.java:238)
	at com.kms.katalon.core.main.TestSuiteExecutor.accessTestCaseMainPhase(TestSuiteExecutor.java:129)
	at com.kms.katalon.core.main.TestSuiteExecutor.accessTestSuiteMainPhase(TestSuiteExecutor.java:112)
	at com.kms.katalon.core.main.TestSuiteExecutor.execute(TestSuiteExecutor.java:81)
	at com.kms.katalon.core.main.TestCaseMain.startTestSuite(TestCaseMain.java:157)
	at com.kms.katalon.core.main.TestCaseMain$startTestSuite$0.call(Unknown Source)
	at TempTestSuite1558015053723.run(TempTestSuite1558015053723.groovy:35)
Caused by: com.kms.katalon.core.webui.exception.BrowserNotOpenedException: Browser is not opened
Build info: version: '3.7.1', revision: '8a0099a', time: '2017-11-06T21:07:36.161Z'
System info: host: 'NIVEDITA', ip: '10.0.102.159', os.name: 'Windows 8.1', os.arch: 'amd64', os.version: '6.3', java.version: '1.8.0_181'
Driver info: driver.version: unknown
	at com.kms.katalon.core.webui.driver.DriverFactory.verifyWebDriverIsOpen(DriverFactory.java:632)
	at com.kms.katalon.core.webui.driver.DriverFactory.verifyWebDriver(DriverFactory.java:617)
	at com.kms.katalon.core.webui.driver.DriverFactory.getWebDriver(DriverFactory.java:603)
	at com.kms.katalon.core.webui.keyword.builtin.NavigateToUrlKeyword$_navigateToUrl_closure1.doCall(NavigateToUrlKeyword.groovy:80)
	at com.kms.katalon.core.webui.keyword.builtin.NavigateToUrlKeyword$_navigateToUrl_closure1.call(NavigateToUrlKeyword.groovy)
	at com.kms.katalon.core.webui.keyword.internal.WebUIKeywordMain.runKeyword(WebUIKeywordMain.groovy:20)
	at com.kms.katalon.core.webui.keyword.builtin.NavigateToUrlKeyword.navigateToUrl(NavigateToUrlKeyword.groovy:83)
	at com.kms.katalon.core.webui.keyword.builtin.NavigateToUrlKeyword.execute(NavigateToUrlKeyword.groovy:67)
	at com.kms.katalon.core.keyword.internal.KeywordExecutor.executeKeywordForPlatform(KeywordExecutor.groovy:56)
	at com.kms.katalon.core.webui.keyword.WebUiBuiltInKeywords.navigateToUrl(WebUiBuiltInKeywords.groovy:183)
	at com.kms.katalon.core.webui.keyword.WebUiBuiltInKeywords$navigateToUrl$1.call(Unknown Source)
	at Script1557240766587.run(Script1557240766587.groovy:19)
	at com.kms.katalon.core.main.ScriptEngine.run(ScriptEngine.java:194)
	at com.kms.katalon.core.main.ScriptEngine.runScriptAsRawText(ScriptEngine.java:119)
	at com.kms.katalon.core.main.TestCaseExecutor.runScript(TestCaseExecutor.java:342)
	at com.kms.katalon.core.main.TestCaseExecutor.doExecute(TestCaseExecutor.java:333)
	at com.kms.katalon.core.main.TestCaseExecutor.processExecutionPhase(TestCaseExecutor.java:312)
	at com.kms.katalon.core.main.TestCaseExecutor.accessMainPhase(TestCaseExecutor.java:304)
	at com.kms.katalon.core.main.TestCaseExecutor.execute(TestCaseExecutor.java:238)
	at com.kms.katalon.core.main.TestCaseMain.runTestCase(TestCaseMain.java:114)
	at com.kms.katalon.core.keyword.builtin.CallTestCaseKeyword$_callTestCase_closure1.doCall(CallTestCaseKeyword.groovy:59)
	at com.kms.katalon.core.keyword.builtin.CallTestCaseKeyword$_callTestCase_closure1.call(CallTestCaseKeyword.groovy)
	at com.kms.katalon.core.keyword.internal.KeywordMain.runKeyword(KeywordMain.groovy:66)
	at com.kms.katalon.core.keyword.builtin.CallTestCaseKeyword.callTestCase(CallTestCaseKeyword.groovy:81)
	at com.kms.katalon.core.keyword.builtin.CallTestCaseKeyword.execute(CallTestCaseKeyword.groovy:44)
	at com.kms.katalon.core.keyword.internal.KeywordExecutor.executeKeywordForPlatform(KeywordExecutor.groovy:56)
	at com.kms.katalon.core.keyword.BuiltinKeywords.callTestCase(BuiltinKeywords.groovy:334)
	at Script1557750883126.run(Script1557750883126.groovy:22)
	at com.kms.katalon.core.main.ScriptEngine.run(ScriptEngine.java:194)
	at com.kms.katalon.core.main.ScriptEngine.runScriptAsRawText(ScriptEngine.java:119)
	at com.kms.katalon.core.main.TestCaseExecutor.runScript(TestCaseExecutor.java:342)
	at com.kms.katalon.core.main.TestCaseExecutor.doExecute(TestCaseExecutor.java:333)
	at com.kms.katalon.core.main.TestCaseExecutor.processExecutionPhase(TestCaseExecutor.java:312)
	at com.kms.katalon.core.main.TestCaseExecutor.accessMainPhase(TestCaseExecutor.java:304)
	at com.kms.katalon.core.main.TestCaseExecutor.execute(TestCaseExecutor.java:238)
	at com.kms.katalon.core.main.TestCaseMain.runTestCase(TestCaseMain.java:114)
	at com.kms.katalon.core.keyword.builtin.CallTestCaseKeyword$_callTestCase_closure1.doCall(CallTestCaseKeyword.groovy:59)
	at com.kms.katalon.core.keyword.builtin.CallTestCaseKeyword$_callTestCase_closure1.call(CallTestCaseKeyword.groovy)
	at com.kms.katalon.core.keyword.internal.KeywordMain.runKeyword(KeywordMain.groovy:66)
	at com.kms.katalon.core.keyword.builtin.CallTestCaseKeyword.callTestCase(CallTestCaseKeyword.groovy:81)
	at com.kms.katalon.core.keyword.builtin.CallTestCaseKeyword.execute(CallTestCaseKeyword.groovy:44)
	at com.kms.katalon.core.keyword.internal.KeywordExecutor.executeKeywordForPlatform(KeywordExecutor.groovy:56)
	at com.kms.katalon.core.keyword.BuiltinKeywords.callTestCase(BuiltinKeywords.groovy:334)
	at Script1556094498836.run(Script1556094498836.groovy:121)
	... 13 more


2019-05-16 19:28:04 - [TEST_STEP][PASSED] - BOURL = findTestData("credData").getValue("BOURL", 1): null

2019-05-16 19:28:04 - [TEST_STEP][PASSED] - BOuser = findTestData("credData").getValue("BOuser", 1): null

2019-05-16 19:28:04 - [TEST_STEP][PASSED] - BOpass = findTestData("credData").getValue("BOpass", 1): null

2019-05-16 19:28:04 - [TEST_STEP][FAILED] - navigateToUrl(BOURL): navigateToUrl(BOURL) FAILED.
Reason:
com.kms.katalon.core.exception.StepFailedException: Unable to navigate to 'https://test17.cliotest.com/backoffice/control/main'
	at com.kms.katalon.core.webui.keyword.internal.WebUIKeywordMain.stepFailed(WebUIKeywordMain.groovy:64)
	at com.kms.katalon.core.webui.keyword.internal.WebUIKeywordMain.runKeyword(WebUIKeywordMain.groovy:26)
	at com.kms.katalon.core.webui.keyword.builtin.NavigateToUrlKeyword.navigateToUrl(NavigateToUrlKeyword.groovy:83)
	at com.kms.katalon.core.webui.keyword.builtin.NavigateToUrlKeyword.execute(NavigateToUrlKeyword.groovy:67)
	at com.kms.katalon.core.keyword.internal.KeywordExecutor.executeKeywordForPlatform(KeywordExecutor.groovy:56)
	at com.kms.katalon.core.webui.keyword.WebUiBuiltInKeywords.navigateToUrl(WebUiBuiltInKeywords.groovy:183)
	at com.kms.katalon.core.webui.keyword.WebUiBuiltInKeywords$navigateToUrl$1.call(Unknown Source)
	at backOfficeLogin.run(backOfficeLogin:19)
	at com.kms.katalon.core.main.ScriptEngine.run(ScriptEngine.java:194)
	at com.kms.katalon.core.main.ScriptEngine.runScriptAsRawText(ScriptEngine.java:119)
	at com.kms.katalon.core.main.TestCaseExecutor.runScript(TestCaseExecutor.java:342)
	at com.kms.katalon.core.main.TestCaseExecutor.doExecute(TestCaseExecutor.java:333)
	at com.kms.katalon.core.main.TestCaseExecutor.processExecutionPhase(TestCaseExecutor.java:312)
	at com.kms.katalon.core.main.TestCaseExecutor.accessMainPhase(TestCaseExecutor.java:304)
	at com.kms.katalon.core.main.TestCaseExecutor.execute(TestCaseExecutor.java:238)
	at com.kms.katalon.core.main.TestCaseMain.runTestCase(TestCaseMain.java:114)
	at com.kms.katalon.core.keyword.builtin.CallTestCaseKeyword$_callTestCase_closure1.doCall(CallTestCaseKeyword.groovy:59)
	at com.kms.katalon.core.keyword.builtin.CallTestCaseKeyword$_callTestCase_closure1.call(CallTestCaseKeyword.groovy)
	at com.kms.katalon.core.keyword.internal.KeywordMain.runKeyword(KeywordMain.groovy:66)
	at com.kms.katalon.core.keyword.builtin.CallTestCaseKeyword.callTestCase(CallTestCaseKeyword.groovy:81)
	at com.kms.katalon.core.keyword.builtin.CallTestCaseKeyword.execute(CallTestCaseKeyword.groovy:44)
	at com.kms.katalon.core.keyword.internal.KeywordExecutor.executeKeywordForPlatform(KeywordExecutor.groovy:56)
	at com.kms.katalon.core.keyword.BuiltinKeywords.callTestCase(BuiltinKeywords.groovy:334)
	at productWatchlist.run(productWatchlist:22)
	at com.kms.katalon.core.main.ScriptEngine.run(ScriptEngine.java:194)
	at com.kms.katalon.core.main.ScriptEngine.runScriptAsRawText(ScriptEngine.java:119)
	at com.kms.katalon.core.main.TestCaseExecutor.runScript(TestCaseExecutor.java:342)
	at com.kms.katalon.core.main.TestCaseExecutor.doExecute(TestCaseExecutor.java:333)
	at com.kms.katalon.core.main.TestCaseExecutor.processExecutionPhase(TestCaseExecutor.java:312)
	at com.kms.katalon.core.main.TestCaseExecutor.accessMainPhase(TestCaseExecutor.java:304)
	at com.kms.katalon.core.main.TestCaseExecutor.execute(TestCaseExecutor.java:238)
	at com.kms.katalon.core.main.TestCaseMain.runTestCase(TestCaseMain.java:114)
	at com.kms.katalon.core.keyword.builtin.CallTestCaseKeyword$_callTestCase_closure1.doCall(CallTestCaseKeyword.groovy:59)
	at com.kms.katalon.core.keyword.builtin.CallTestCaseKeyword$_callTestCase_closure1.call(CallTestCaseKeyword.groovy)
	at com.kms.katalon.core.keyword.internal.KeywordMain.runKeyword(KeywordMain.groovy:66)
	at com.kms.katalon.core.keyword.builtin.CallTestCaseKeyword.callTestCase(CallTestCaseKeyword.groovy:81)
	at com.kms.katalon.core.keyword.builtin.CallTestCaseKeyword.execute(CallTestCaseKeyword.groovy:44)
	at com.kms.katalon.core.keyword.internal.KeywordExecutor.executeKeywordForPlatform(KeywordExecutor.groovy:56)
	at com.kms.katalon.core.keyword.BuiltinKeywords.callTestCase(BuiltinKeywords.groovy:334)
	at NewArrivals.run(NewArrivals:121)
	at com.kms.katalon.core.main.ScriptEngine.run(ScriptEngine.java:194)
	at com.kms.katalon.core.main.ScriptEngine.runScriptAsRawText(ScriptEngine.java:119)
	at com.kms.katalon.core.main.TestCaseExecutor.runScript(TestCaseExecutor.java:342)
	at com.kms.katalon.core.main.TestCaseExecutor.doExecute(TestCaseExecutor.java:333)
	at com.kms.katalon.core.main.TestCaseExecutor.processExecutionPhase(TestCaseExecutor.java:312)
	at com.kms.katalon.core.main.TestCaseExecutor.accessMainPhase(TestCaseExecutor.java:304)
	at com.kms.katalon.core.main.TestCaseExecutor.execute(TestCaseExecutor.java:238)
	at com.kms.katalon.core.main.TestSuiteExecutor.accessTestCaseMainPhase(TestSuiteExecutor.java:129)
	at com.kms.katalon.core.main.TestSuiteExecutor.accessTestSuiteMainPhase(TestSuiteExecutor.java:112)
	at com.kms.katalon.core.main.TestSuiteExecutor.execute(TestSuiteExecutor.java:81)
	at com.kms.katalon.core.main.TestCaseMain.startTestSuite(TestCaseMain.java:157)
	at com.kms.katalon.core.main.TestCaseMain$startTestSuite$0.call(Unknown Source)
	at TempTestSuite1558015053723.run(TempTestSuite1558015053723.groovy:35)
Caused by: com.kms.katalon.core.webui.exception.BrowserNotOpenedException: Browser is not opened
Build info: version: '3.7.1', revision: '8a0099a', time: '2017-11-06T21:07:36.161Z'
System info: host: 'NIVEDITA', ip: '10.0.102.159', os.name: 'Windows 8.1', os.arch: 'amd64', os.version: '6.3', java.version: '1.8.0_181'
Driver info: driver.version: unknown
	at com.kms.katalon.core.webui.driver.DriverFactory.verifyWebDriverIsOpen(DriverFactory.java:632)
	at com.kms.katalon.core.webui.driver.DriverFactory.verifyWebDriver(DriverFactory.java:617)
	at com.kms.katalon.core.webui.driver.DriverFactory.getWebDriver(DriverFactory.java:603)
	at com.kms.katalon.core.webui.keyword.builtin.NavigateToUrlKeyword$_navigateToUrl_closure1.doCall(NavigateToUrlKeyword.groovy:80)
	at com.kms.katalon.core.webui.keyword.builtin.NavigateToUrlKeyword$_navigateToUrl_closure1.call(NavigateToUrlKeyword.groovy)
	at com.kms.katalon.core.webui.keyword.internal.WebUIKeywordMain.runKeyword(WebUIKeywordMain.groovy:20)
	at com.kms.katalon.core.webui.keyword.builtin.NavigateToUrlKeyword.navigateToUrl(NavigateToUrlKeyword.groovy:83)
	at com.kms.katalon.core.webui.keyword.builtin.NavigateToUrlKeyword.execute(NavigateToUrlKeyword.groovy:67)
	at com.kms.katalon.core.keyword.internal.KeywordExecutor.executeKeywordForPlatform(KeywordExecutor.groovy:56)
	at com.kms.katalon.core.webui.keyword.WebUiBuiltInKeywords.navigateToUrl(WebUiBuiltInKeywords.groovy:183)
	at com.kms.katalon.core.webui.keyword.WebUiBuiltInKeywords$navigateToUrl$1.call(Unknown Source)
	at Script1557240766587.run(Script1557240766587.groovy:19)
	at com.kms.katalon.core.main.ScriptEngine.run(ScriptEngine.java:194)
	at com.kms.katalon.core.main.ScriptEngine.runScriptAsRawText(ScriptEngine.java:119)
	at com.kms.katalon.core.main.TestCaseExecutor.runScript(TestCaseExecutor.java:342)
	at com.kms.katalon.core.main.TestCaseExecutor.doExecute(TestCaseExecutor.java:333)
	at com.kms.katalon.core.main.TestCaseExecutor.processExecutionPhase(TestCaseExecutor.java:312)
	at com.kms.katalon.core.main.TestCaseExecutor.accessMainPhase(TestCaseExecutor.java:304)
	at com.kms.katalon.core.main.TestCaseExecutor.execute(TestCaseExecutor.java:238)
	at com.kms.katalon.core.main.TestCaseMain.runTestCase(TestCaseMain.java:114)
	at com.kms.katalon.core.keyword.builtin.CallTestCaseKeyword$_callTestCase_closure1.doCall(CallTestCaseKeyword.groovy:59)
	at com.kms.katalon.core.keyword.builtin.CallTestCaseKeyword$_callTestCase_closure1.call(CallTestCaseKeyword.groovy)
	at com.kms.katalon.core.keyword.internal.KeywordMain.runKeyword(KeywordMain.groovy:66)
	at com.kms.katalon.core.keyword.builtin.CallTestCaseKeyword.callTestCase(CallTestCaseKeyword.groovy:81)
	at com.kms.katalon.core.keyword.builtin.CallTestCaseKeyword.execute(CallTestCaseKeyword.groovy:44)
	at com.kms.katalon.core.keyword.internal.KeywordExecutor.executeKeywordForPlatform(KeywordExecutor.groovy:56)
	at com.kms.katalon.core.keyword.BuiltinKeywords.callTestCase(BuiltinKeywords.groovy:334)
	at Script1557750883126.run(Script1557750883126.groovy:22)
	at com.kms.katalon.core.main.ScriptEngine.run(ScriptEngine.java:194)
	at com.kms.katalon.core.main.ScriptEngine.runScriptAsRawText(ScriptEngine.java:119)
	at com.kms.katalon.core.main.TestCaseExecutor.runScript(TestCaseExecutor.java:342)
	at com.kms.katalon.core.main.TestCaseExecutor.doExecute(TestCaseExecutor.java:333)
	at com.kms.katalon.core.main.TestCaseExecutor.processExecutionPhase(TestCaseExecutor.java:312)
	at com.kms.katalon.core.main.TestCaseExecutor.accessMainPhase(TestCaseExecutor.java:304)
	at com.kms.katalon.core.main.TestCaseExecutor.execute(TestCaseExecutor.java:238)
	at com.kms.katalon.core.main.TestCaseMain.runTestCase(TestCaseMain.java:114)
	at com.kms.katalon.core.keyword.builtin.CallTestCaseKeyword$_callTestCase_closure1.doCall(CallTestCaseKeyword.groovy:59)
	at com.kms.katalon.core.keyword.builtin.CallTestCaseKeyword$_callTestCase_closure1.call(CallTestCaseKeyword.groovy)
	at com.kms.katalon.core.keyword.internal.KeywordMain.runKeyword(KeywordMain.groovy:66)
	at com.kms.katalon.core.keyword.builtin.CallTestCaseKeyword.callTestCase(CallTestCaseKeyword.groovy:81)
	at com.kms.katalon.core.keyword.builtin.CallTestCaseKeyword.execute(CallTestCaseKeyword.groovy:44)
	at com.kms.katalon.core.keyword.internal.KeywordExecutor.executeKeywordForPlatform(KeywordExecutor.groovy:56)
	at com.kms.katalon.core.keyword.BuiltinKeywords.callTestCase(BuiltinKeywords.groovy:334)
	at Script1556094498836.run(Script1556094498836.groovy:121)
	... 13 more


2019-05-16 19:28:04 - [MESSAGE][WARNING] - Cannot take screenshot

2019-05-16 19:28:04 - [MESSAGE][FAILED] - Unable to navigate to 'https://test17.cliotest.com/backoffice/control/main' (Root cause: com.kms.katalon.core.exception.StepFailedException: Unable to navigate to 'https://test17.cliotest.com/backoffice/control/main'
	at com.kms.katalon.core.webui.keyword.internal.WebUIKeywordMain.stepFailed(WebUIKeywordMain.groovy:64)
	at com.kms.katalon.core.webui.keyword.internal.WebUIKeywordMain.runKeyword(WebUIKeywordMain.groovy:26)
	at com.kms.katalon.core.webui.keyword.builtin.NavigateToUrlKeyword.navigateToUrl(NavigateToUrlKeyword.groovy:83)
	at com.kms.katalon.core.webui.keyword.builtin.NavigateToUrlKeyword.execute(NavigateToUrlKeyword.groovy:67)
	at com.kms.katalon.core.keyword.internal.KeywordExecutor.executeKeywordForPlatform(KeywordExecutor.groovy:56)
	at com.kms.katalon.core.webui.keyword.WebUiBuiltInKeywords.navigateToUrl(WebUiBuiltInKeywords.groovy:183)
	at com.kms.katalon.core.webui.keyword.WebUiBuiltInKeywords$navigateToUrl$1.call(Unknown Source)
	at backOfficeLogin.run(backOfficeLogin:19)
	at com.kms.katalon.core.main.ScriptEngine.run(ScriptEngine.java:194)
	at com.kms.katalon.core.main.ScriptEngine.runScriptAsRawText(ScriptEngine.java:119)
	at com.kms.katalon.core.main.TestCaseExecutor.runScript(TestCaseExecutor.java:342)
	at com.kms.katalon.core.main.TestCaseExecutor.doExecute(TestCaseExecutor.java:333)
	at com.kms.katalon.core.main.TestCaseExecutor.processExecutionPhase(TestCaseExecutor.java:312)
	at com.kms.katalon.core.main.TestCaseExecutor.accessMainPhase(TestCaseExecutor.java:304)
	at com.kms.katalon.core.main.TestCaseExecutor.execute(TestCaseExecutor.java:238)
	at com.kms.katalon.core.main.TestCaseMain.runTestCase(TestCaseMain.java:114)
	at com.kms.katalon.core.keyword.builtin.CallTestCaseKeyword$_callTestCase_closure1.doCall(CallTestCaseKeyword.groovy:59)
	at com.kms.katalon.core.keyword.builtin.CallTestCaseKeyword$_callTestCase_closure1.call(CallTestCaseKeyword.groovy)
	at com.kms.katalon.core.keyword.internal.KeywordMain.runKeyword(KeywordMain.groovy:66)
	at com.kms.katalon.core.keyword.builtin.CallTestCaseKeyword.callTestCase(CallTestCaseKeyword.groovy:81)
	at com.kms.katalon.core.keyword.builtin.CallTestCaseKeyword.execute(CallTestCaseKeyword.groovy:44)
	at com.kms.katalon.core.keyword.internal.KeywordExecutor.executeKeywordForPlatform(KeywordExecutor.groovy:56)
	at com.kms.katalon.core.keyword.BuiltinKeywords.callTestCase(BuiltinKeywords.groovy:334)
	at productWatchlist.run(productWatchlist:22)
	at com.kms.katalon.core.main.ScriptEngine.run(ScriptEngine.java:194)
	at com.kms.katalon.core.main.ScriptEngine.runScriptAsRawText(ScriptEngine.java:119)
	at com.kms.katalon.core.main.TestCaseExecutor.runScript(TestCaseExecutor.java:342)
	at com.kms.katalon.core.main.TestCaseExecutor.doExecute(TestCaseExecutor.java:333)
	at com.kms.katalon.core.main.TestCaseExecutor.processExecutionPhase(TestCaseExecutor.java:312)
	at com.kms.katalon.core.main.TestCaseExecutor.accessMainPhase(TestCaseExecutor.java:304)
	at com.kms.katalon.core.main.TestCaseExecutor.execute(TestCaseExecutor.java:238)
	at com.kms.katalon.core.main.TestCaseMain.runTestCase(TestCaseMain.java:114)
	at com.kms.katalon.core.keyword.builtin.CallTestCaseKeyword$_callTestCase_closure1.doCall(CallTestCaseKeyword.groovy:59)
	at com.kms.katalon.core.keyword.builtin.CallTestCaseKeyword$_callTestCase_closure1.call(CallTestCaseKeyword.groovy)
	at com.kms.katalon.core.keyword.internal.KeywordMain.runKeyword(KeywordMain.groovy:66)
	at com.kms.katalon.core.keyword.builtin.CallTestCaseKeyword.callTestCase(CallTestCaseKeyword.groovy:81)
	at com.kms.katalon.core.keyword.builtin.CallTestCaseKeyword.execute(CallTestCaseKeyword.groovy:44)
	at com.kms.katalon.core.keyword.internal.KeywordExecutor.executeKeywordForPlatform(KeywordExecutor.groovy:56)
	at com.kms.katalon.core.keyword.BuiltinKeywords.callTestCase(BuiltinKeywords.groovy:334)
	at NewArrivals.run(NewArrivals:121)
	at com.kms.katalon.core.main.ScriptEngine.run(ScriptEngine.java:194)
	at com.kms.katalon.core.main.ScriptEngine.runScriptAsRawText(ScriptEngine.java:119)
	at com.kms.katalon.core.main.TestCaseExecutor.runScript(TestCaseExecutor.java:342)
	at com.kms.katalon.core.main.TestCaseExecutor.doExecute(TestCaseExecutor.java:333)
	at com.kms.katalon.core.main.TestCaseExecutor.processExecutionPhase(TestCaseExecutor.java:312)
	at com.kms.katalon.core.main.TestCaseExecutor.accessMainPhase(TestCaseExecutor.java:304)
	at com.kms.katalon.core.main.TestCaseExecutor.execute(TestCaseExecutor.java:238)
	at com.kms.katalon.core.main.TestSuiteExecutor.accessTestCaseMainPhase(TestSuiteExecutor.java:129)
	at com.kms.katalon.core.main.TestSuiteExecutor.accessTestSuiteMainPhase(TestSuiteExecutor.java:112)
	at com.kms.katalon.core.main.TestSuiteExecutor.execute(TestSuiteExecutor.java:81)
	at com.kms.katalon.core.main.TestCaseMain.startTestSuite(TestCaseMain.java:157)
	at com.kms.katalon.core.main.TestCaseMain$startTestSuite$0.call(Unknown Source)
	at TempTestSuite1558015053723.run(TempTestSuite1558015053723.groovy:35)
Caused by: com.kms.katalon.core.webui.exception.BrowserNotOpenedException: Browser is not opened
Build info: version: '3.7.1', revision: '8a0099a', time: '2017-11-06T21:07:36.161Z'
System info: host: 'NIVEDITA', ip: '10.0.102.159', os.name: 'Windows 8.1', os.arch: 'amd64', os.version: '6.3', java.version: '1.8.0_181'
Driver info: driver.version: unknown
	at com.kms.katalon.core.webui.driver.DriverFactory.verifyWebDriverIsOpen(DriverFactory.java:632)
	at com.kms.katalon.core.webui.driver.DriverFactory.verifyWebDriver(DriverFactory.java:617)
	at com.kms.katalon.core.webui.driver.DriverFactory.getWebDriver(DriverFactory.java:603)
	at com.kms.katalon.core.webui.keyword.builtin.NavigateToUrlKeyword$_navigateToUrl_closure1.doCall(NavigateToUrlKeyword.groovy:80)
	at com.kms.katalon.core.webui.keyword.builtin.NavigateToUrlKeyword$_navigateToUrl_closure1.call(NavigateToUrlKeyword.groovy)
	at com.kms.katalon.core.webui.keyword.internal.WebUIKeywordMain.runKeyword(WebUIKeywordMain.groovy:20)
	at com.kms.katalon.core.webui.keyword.builtin.NavigateToUrlKeyword.navigateToUrl(NavigateToUrlKeyword.groovy:83)
	at com.kms.katalon.core.webui.keyword.builtin.NavigateToUrlKeyword.execute(NavigateToUrlKeyword.groovy:67)
	at com.kms.katalon.core.keyword.internal.KeywordExecutor.executeKeywordForPlatform(KeywordExecutor.groovy:56)
	at com.kms.katalon.core.webui.keyword.WebUiBuiltInKeywords.navigateToUrl(WebUiBuiltInKeywords.groovy:183)
	at com.kms.katalon.core.webui.keyword.WebUiBuiltInKeywords$navigateToUrl$1.call(Unknown Source)
	at Script1557240766587.run(Script1557240766587.groovy:19)
	at com.kms.katalon.core.main.ScriptEngine.run(ScriptEngine.java:194)
	at com.kms.katalon.core.main.ScriptEngine.runScriptAsRawText(ScriptEngine.java:119)
	at com.kms.katalon.core.main.TestCaseExecutor.runScript(TestCaseExecutor.java:342)
	at com.kms.katalon.core.main.TestCaseExecutor.doExecute(TestCaseExecutor.java:333)
	at com.kms.katalon.core.main.TestCaseExecutor.processExecutionPhase(TestCaseExecutor.java:312)
	at com.kms.katalon.core.main.TestCaseExecutor.accessMainPhase(TestCaseExecutor.java:304)
	at com.kms.katalon.core.main.TestCaseExecutor.execute(TestCaseExecutor.java:238)
	at com.kms.katalon.core.main.TestCaseMain.runTestCase(TestCaseMain.java:114)
	at com.kms.katalon.core.keyword.builtin.CallTestCaseKeyword$_callTestCase_closure1.doCall(CallTestCaseKeyword.groovy:59)
	at com.kms.katalon.core.keyword.builtin.CallTestCaseKeyword$_callTestCase_closure1.call(CallTestCaseKeyword.groovy)
	at com.kms.katalon.core.keyword.internal.KeywordMain.runKeyword(KeywordMain.groovy:66)
	at com.kms.katalon.core.keyword.builtin.CallTestCaseKeyword.callTestCase(CallTestCaseKeyword.groovy:81)
	at com.kms.katalon.core.keyword.builtin.CallTestCaseKeyword.execute(CallTestCaseKeyword.groovy:44)
	at com.kms.katalon.core.keyword.internal.KeywordExecutor.executeKeywordForPlatform(KeywordExecutor.groovy:56)
	at com.kms.katalon.core.keyword.BuiltinKeywords.callTestCase(BuiltinKeywords.groovy:334)
	at Script1557750883126.run(Script1557750883126.groovy:22)
	at com.kms.katalon.core.main.ScriptEngine.run(ScriptEngine.java:194)
	at com.kms.katalon.core.main.ScriptEngine.runScriptAsRawText(ScriptEngine.java:119)
	at com.kms.katalon.core.main.TestCaseExecutor.runScript(TestCaseExecutor.java:342)
	at com.kms.katalon.core.main.TestCaseExecutor.doExecute(TestCaseExecutor.java:333)
	at com.kms.katalon.core.main.TestCaseExecutor.processExecutionPhase(TestCaseExecutor.java:312)
	at com.kms.katalon.core.main.TestCaseExecutor.accessMainPhase(TestCaseExecutor.java:304)
	at com.kms.katalon.core.main.TestCaseExecutor.execute(TestCaseExecutor.java:238)
	at com.kms.katalon.core.main.TestCaseMain.runTestCase(TestCaseMain.java:114)
	at com.kms.katalon.core.keyword.builtin.CallTestCaseKeyword$_callTestCase_closure1.doCall(CallTestCaseKeyword.groovy:59)
	at com.kms.katalon.core.keyword.builtin.CallTestCaseKeyword$_callTestCase_closure1.call(CallTestCaseKeyword.groovy)
	at com.kms.katalon.core.keyword.internal.KeywordMain.runKeyword(KeywordMain.groovy:66)
	at com.kms.katalon.core.keyword.builtin.CallTestCaseKeyword.callTestCase(CallTestCaseKeyword.groovy:81)
	at com.kms.katalon.core.keyword.builtin.CallTestCaseKeyword.execute(CallTestCaseKeyword.groovy:44)
	at com.kms.katalon.core.keyword.internal.KeywordExecutor.executeKeywordForPlatform(KeywordExecutor.groovy:56)
	at com.kms.katalon.core.keyword.BuiltinKeywords.callTestCase(BuiltinKeywords.groovy:334)
	at Script1556094498836.run(Script1556094498836.groovy:121)
	... 13 more
)

2019-05-16 19:28:04 - [MESSAGE][FAILED] - navigateToUrl(BOURL) FAILED.
Reason:
com.kms.katalon.core.exception.StepFailedException: Unable to navigate to 'https://test17.cliotest.com/backoffice/control/main'
	at com.kms.katalon.core.webui.keyword.internal.WebUIKeywordMain.stepFailed(WebUIKeywordMain.groovy:64)
	at com.kms.katalon.core.webui.keyword.internal.WebUIKeywordMain.runKeyword(WebUIKeywordMain.groovy:26)
	at com.kms.katalon.core.webui.keyword.builtin.NavigateToUrlKeyword.navigateToUrl(NavigateToUrlKeyword.groovy:83)
	at com.kms.katalon.core.webui.keyword.builtin.NavigateToUrlKeyword.execute(NavigateToUrlKeyword.groovy:67)
	at com.kms.katalon.core.keyword.internal.KeywordExecutor.executeKeywordForPlatform(KeywordExecutor.groovy:56)
	at com.kms.katalon.core.webui.keyword.WebUiBuiltInKeywords.navigateToUrl(WebUiBuiltInKeywords.groovy:183)
	at com.kms.katalon.core.webui.keyword.WebUiBuiltInKeywords$navigateToUrl$1.call(Unknown Source)
	at backOfficeLogin.run(backOfficeLogin:19)
	at com.kms.katalon.core.main.ScriptEngine.run(ScriptEngine.java:194)
	at com.kms.katalon.core.main.ScriptEngine.runScriptAsRawText(ScriptEngine.java:119)
	at com.kms.katalon.core.main.TestCaseExecutor.runScript(TestCaseExecutor.java:342)
	at com.kms.katalon.core.main.TestCaseExecutor.doExecute(TestCaseExecutor.java:333)
	at com.kms.katalon.core.main.TestCaseExecutor.processExecutionPhase(TestCaseExecutor.java:312)
	at com.kms.katalon.core.main.TestCaseExecutor.accessMainPhase(TestCaseExecutor.java:304)
	at com.kms.katalon.core.main.TestCaseExecutor.execute(TestCaseExecutor.java:238)
	at com.kms.katalon.core.main.TestCaseMain.runTestCase(TestCaseMain.java:114)
	at com.kms.katalon.core.keyword.builtin.CallTestCaseKeyword$_callTestCase_closure1.doCall(CallTestCaseKeyword.groovy:59)
	at com.kms.katalon.core.keyword.builtin.CallTestCaseKeyword$_callTestCase_closure1.call(CallTestCaseKeyword.groovy)
	at com.kms.katalon.core.keyword.internal.KeywordMain.runKeyword(KeywordMain.groovy:66)
	at com.kms.katalon.core.keyword.builtin.CallTestCaseKeyword.callTestCase(CallTestCaseKeyword.groovy:81)
	at com.kms.katalon.core.keyword.builtin.CallTestCaseKeyword.execute(CallTestCaseKeyword.groovy:44)
	at com.kms.katalon.core.keyword.internal.KeywordExecutor.executeKeywordForPlatform(KeywordExecutor.groovy:56)
	at com.kms.katalon.core.keyword.BuiltinKeywords.callTestCase(BuiltinKeywords.groovy:334)
	at productWatchlist.run(productWatchlist:22)
	at com.kms.katalon.core.main.ScriptEngine.run(ScriptEngine.java:194)
	at com.kms.katalon.core.main.ScriptEngine.runScriptAsRawText(ScriptEngine.java:119)
	at com.kms.katalon.core.main.TestCaseExecutor.runScript(TestCaseExecutor.java:342)
	at com.kms.katalon.core.main.TestCaseExecutor.doExecute(TestCaseExecutor.java:333)
	at com.kms.katalon.core.main.TestCaseExecutor.processExecutionPhase(TestCaseExecutor.java:312)
	at com.kms.katalon.core.main.TestCaseExecutor.accessMainPhase(TestCaseExecutor.java:304)
	at com.kms.katalon.core.main.TestCaseExecutor.execute(TestCaseExecutor.java:238)
	at com.kms.katalon.core.main.TestCaseMain.runTestCase(TestCaseMain.java:114)
	at com.kms.katalon.core.keyword.builtin.CallTestCaseKeyword$_callTestCase_closure1.doCall(CallTestCaseKeyword.groovy:59)
	at com.kms.katalon.core.keyword.builtin.CallTestCaseKeyword$_callTestCase_closure1.call(CallTestCaseKeyword.groovy)
	at com.kms.katalon.core.keyword.internal.KeywordMain.runKeyword(KeywordMain.groovy:66)
	at com.kms.katalon.core.keyword.builtin.CallTestCaseKeyword.callTestCase(CallTestCaseKeyword.groovy:81)
	at com.kms.katalon.core.keyword.builtin.CallTestCaseKeyword.execute(CallTestCaseKeyword.groovy:44)
	at com.kms.katalon.core.keyword.internal.KeywordExecutor.executeKeywordForPlatform(KeywordExecutor.groovy:56)
	at com.kms.katalon.core.keyword.BuiltinKeywords.callTestCase(BuiltinKeywords.groovy:334)
	at NewArrivals.run(NewArrivals:121)
	at com.kms.katalon.core.main.ScriptEngine.run(ScriptEngine.java:194)
	at com.kms.katalon.core.main.ScriptEngine.runScriptAsRawText(ScriptEngine.java:119)
	at com.kms.katalon.core.main.TestCaseExecutor.runScript(TestCaseExecutor.java:342)
	at com.kms.katalon.core.main.TestCaseExecutor.doExecute(TestCaseExecutor.java:333)
	at com.kms.katalon.core.main.TestCaseExecutor.processExecutionPhase(TestCaseExecutor.java:312)
	at com.kms.katalon.core.main.TestCaseExecutor.accessMainPhase(TestCaseExecutor.java:304)
	at com.kms.katalon.core.main.TestCaseExecutor.execute(TestCaseExecutor.java:238)
	at com.kms.katalon.core.main.TestSuiteExecutor.accessTestCaseMainPhase(TestSuiteExecutor.java:129)
	at com.kms.katalon.core.main.TestSuiteExecutor.accessTestSuiteMainPhase(TestSuiteExecutor.java:112)
	at com.kms.katalon.core.main.TestSuiteExecutor.execute(TestSuiteExecutor.java:81)
	at com.kms.katalon.core.main.TestCaseMain.startTestSuite(TestCaseMain.java:157)
	at com.kms.katalon.core.main.TestCaseMain$startTestSuite$0.call(Unknown Source)
	at TempTestSuite1558015053723.run(TempTestSuite1558015053723.groovy:35)
Caused by: com.kms.katalon.core.webui.exception.BrowserNotOpenedException: Browser is not opened
Build info: version: '3.7.1', revision: '8a0099a', time: '2017-11-06T21:07:36.161Z'
System info: host: 'NIVEDITA', ip: '10.0.102.159', os.name: 'Windows 8.1', os.arch: 'amd64', os.version: '6.3', java.version: '1.8.0_181'
Driver info: driver.version: unknown
	at com.kms.katalon.core.webui.driver.DriverFactory.verifyWebDriverIsOpen(DriverFactory.java:632)
	at com.kms.katalon.core.webui.driver.DriverFactory.verifyWebDriver(DriverFactory.java:617)
	at com.kms.katalon.core.webui.driver.DriverFactory.getWebDriver(DriverFactory.java:603)
	at com.kms.katalon.core.webui.keyword.builtin.NavigateToUrlKeyword$_navigateToUrl_closure1.doCall(NavigateToUrlKeyword.groovy:80)
	at com.kms.katalon.core.webui.keyword.builtin.NavigateToUrlKeyword$_navigateToUrl_closure1.call(NavigateToUrlKeyword.groovy)
	at com.kms.katalon.core.webui.keyword.internal.WebUIKeywordMain.runKeyword(WebUIKeywordMain.groovy:20)
	at com.kms.katalon.core.webui.keyword.builtin.NavigateToUrlKeyword.navigateToUrl(NavigateToUrlKeyword.groovy:83)
	at com.kms.katalon.core.webui.keyword.builtin.NavigateToUrlKeyword.execute(NavigateToUrlKeyword.groovy:67)
	at com.kms.katalon.core.keyword.internal.KeywordExecutor.executeKeywordForPlatform(KeywordExecutor.groovy:56)
	at com.kms.katalon.core.webui.keyword.WebUiBuiltInKeywords.navigateToUrl(WebUiBuiltInKeywords.groovy:183)
	at com.kms.katalon.core.webui.keyword.WebUiBuiltInKeywords$navigateToUrl$1.call(Unknown Source)
	at Script1557240766587.run(Script1557240766587.groovy:19)
	at com.kms.katalon.core.main.ScriptEngine.run(ScriptEngine.java:194)
	at com.kms.katalon.core.main.ScriptEngine.runScriptAsRawText(ScriptEngine.java:119)
	at com.kms.katalon.core.main.TestCaseExecutor.runScript(TestCaseExecutor.java:342)
	at com.kms.katalon.core.main.TestCaseExecutor.doExecute(TestCaseExecutor.java:333)
	at com.kms.katalon.core.main.TestCaseExecutor.processExecutionPhase(TestCaseExecutor.java:312)
	at com.kms.katalon.core.main.TestCaseExecutor.accessMainPhase(TestCaseExecutor.java:304)
	at com.kms.katalon.core.main.TestCaseExecutor.execute(TestCaseExecutor.java:238)
	at com.kms.katalon.core.main.TestCaseMain.runTestCase(TestCaseMain.java:114)
	at com.kms.katalon.core.keyword.builtin.CallTestCaseKeyword$_callTestCase_closure1.doCall(CallTestCaseKeyword.groovy:59)
	at com.kms.katalon.core.keyword.builtin.CallTestCaseKeyword$_callTestCase_closure1.call(CallTestCaseKeyword.groovy)
	at com.kms.katalon.core.keyword.internal.KeywordMain.runKeyword(KeywordMain.groovy:66)
	at com.kms.katalon.core.keyword.builtin.CallTestCaseKeyword.callTestCase(CallTestCaseKeyword.groovy:81)
	at com.kms.katalon.core.keyword.builtin.CallTestCaseKeyword.execute(CallTestCaseKeyword.groovy:44)
	at com.kms.katalon.core.keyword.internal.KeywordExecutor.executeKeywordForPlatform(KeywordExecutor.groovy:56)
	at com.kms.katalon.core.keyword.BuiltinKeywords.callTestCase(BuiltinKeywords.groovy:334)
	at Script1557750883126.run(Script1557750883126.groovy:22)
	at com.kms.katalon.core.main.ScriptEngine.run(ScriptEngine.java:194)
	at com.kms.katalon.core.main.ScriptEngine.runScriptAsRawText(ScriptEngine.java:119)
	at com.kms.katalon.core.main.TestCaseExecutor.runScript(TestCaseExecutor.java:342)
	at com.kms.katalon.core.main.TestCaseExecutor.doExecute(TestCaseExecutor.java:333)
	at com.kms.katalon.core.main.TestCaseExecutor.processExecutionPhase(TestCaseExecutor.java:312)
	at com.kms.katalon.core.main.TestCaseExecutor.accessMainPhase(TestCaseExecutor.java:304)
	at com.kms.katalon.core.main.TestCaseExecutor.execute(TestCaseExecutor.java:238)
	at com.kms.katalon.core.main.TestCaseMain.runTestCase(TestCaseMain.java:114)
	at com.kms.katalon.core.keyword.builtin.CallTestCaseKeyword$_callTestCase_closure1.doCall(CallTestCaseKeyword.groovy:59)
	at com.kms.katalon.core.keyword.builtin.CallTestCaseKeyword$_callTestCase_closure1.call(CallTestCaseKeyword.groovy)
	at com.kms.katalon.core.keyword.internal.KeywordMain.runKeyword(KeywordMain.groovy:66)
	at com.kms.katalon.core.keyword.builtin.CallTestCaseKeyword.callTestCase(CallTestCaseKeyword.groovy:81)
	at com.kms.katalon.core.keyword.builtin.CallTestCaseKeyword.execute(CallTestCaseKeyword.groovy:44)
	at com.kms.katalon.core.keyword.internal.KeywordExecutor.executeKeywordForPlatform(KeywordExecutor.groovy:56)
	at com.kms.katalon.core.keyword.BuiltinKeywords.callTestCase(BuiltinKeywords.groovy:334)
	at Script1556094498836.run(Script1556094498836.groovy:121)
	... 13 more


2019-05-16 19:28:04 - [MESSAGE][FAILED] - Unable to call Test Case 'Test Cases/backOfficeLogin' (Root cause: com.kms.katalon.core.exception.StepFailedException: Call Test Case 'Test Cases/backOfficeLogin' failed
	at com.kms.katalon.core.keyword.builtin.CallTestCaseKeyword$_callTestCase_closure1.doCall(CallTestCaseKeyword.groovy:63)
	at com.kms.katalon.core.keyword.builtin.CallTestCaseKeyword$_callTestCase_closure1.call(CallTestCaseKeyword.groovy)
	at com.kms.katalon.core.keyword.internal.KeywordMain.runKeyword(KeywordMain.groovy:66)
	at com.kms.katalon.core.keyword.builtin.CallTestCaseKeyword.callTestCase(CallTestCaseKeyword.groovy:81)
	at com.kms.katalon.core.keyword.builtin.CallTestCaseKeyword.execute(CallTestCaseKeyword.groovy:44)
	at com.kms.katalon.core.keyword.internal.KeywordExecutor.executeKeywordForPlatform(KeywordExecutor.groovy:56)
	at com.kms.katalon.core.keyword.BuiltinKeywords.callTestCase(BuiltinKeywords.groovy:334)
	at productWatchlist.run(productWatchlist:22)
	at com.kms.katalon.core.main.ScriptEngine.run(ScriptEngine.java:194)
	at com.kms.katalon.core.main.ScriptEngine.runScriptAsRawText(ScriptEngine.java:119)
	at com.kms.katalon.core.main.TestCaseExecutor.runScript(TestCaseExecutor.java:342)
	at com.kms.katalon.core.main.TestCaseExecutor.doExecute(TestCaseExecutor.java:333)
	at com.kms.katalon.core.main.TestCaseExecutor.processExecutionPhase(TestCaseExecutor.java:312)
	at com.kms.katalon.core.main.TestCaseExecutor.accessMainPhase(TestCaseExecutor.java:304)
	at com.kms.katalon.core.main.TestCaseExecutor.execute(TestCaseExecutor.java:238)
	at com.kms.katalon.core.main.TestCaseMain.runTestCase(TestCaseMain.java:114)
	at com.kms.katalon.core.keyword.builtin.CallTestCaseKeyword$_callTestCase_closure1.doCall(CallTestCaseKeyword.groovy:59)
	at com.kms.katalon.core.keyword.builtin.CallTestCaseKeyword$_callTestCase_closure1.call(CallTestCaseKeyword.groovy)
	at com.kms.katalon.core.keyword.internal.KeywordMain.runKeyword(KeywordMain.groovy:66)
	at com.kms.katalon.core.keyword.builtin.CallTestCaseKeyword.callTestCase(CallTestCaseKeyword.groovy:81)
	at com.kms.katalon.core.keyword.builtin.CallTestCaseKeyword.execute(CallTestCaseKeyword.groovy:44)
	at com.kms.katalon.core.keyword.internal.KeywordExecutor.executeKeywordForPlatform(KeywordExecutor.groovy:56)
	at com.kms.katalon.core.keyword.BuiltinKeywords.callTestCase(BuiltinKeywords.groovy:334)
	at NewArrivals.run(NewArrivals:121)
	at com.kms.katalon.core.main.ScriptEngine.run(ScriptEngine.java:194)
	at com.kms.katalon.core.main.ScriptEngine.runScriptAsRawText(ScriptEngine.java:119)
	at com.kms.katalon.core.main.TestCaseExecutor.runScript(TestCaseExecutor.java:342)
	at com.kms.katalon.core.main.TestCaseExecutor.doExecute(TestCaseExecutor.java:333)
	at com.kms.katalon.core.main.TestCaseExecutor.processExecutionPhase(TestCaseExecutor.java:312)
	at com.kms.katalon.core.main.TestCaseExecutor.accessMainPhase(TestCaseExecutor.java:304)
	at com.kms.katalon.core.main.TestCaseExecutor.execute(TestCaseExecutor.java:238)
	at com.kms.katalon.core.main.TestSuiteExecutor.accessTestCaseMainPhase(TestSuiteExecutor.java:129)
	at com.kms.katalon.core.main.TestSuiteExecutor.accessTestSuiteMainPhase(TestSuiteExecutor.java:112)
	at com.kms.katalon.core.main.TestSuiteExecutor.execute(TestSuiteExecutor.java:81)
	at com.kms.katalon.core.main.TestCaseMain.startTestSuite(TestCaseMain.java:157)
	at com.kms.katalon.core.main.TestCaseMain$startTestSuite$0.call(Unknown Source)
	at TempTestSuite1558015053723.run(TempTestSuite1558015053723.groovy:35)
Caused by: com.kms.katalon.core.exception.StepFailedException: Unable to navigate to 'https://test17.cliotest.com/backoffice/control/main'
	at com.kms.katalon.core.webui.keyword.internal.WebUIKeywordMain.stepFailed(WebUIKeywordMain.groovy:64)
	at com.kms.katalon.core.webui.keyword.internal.WebUIKeywordMain.runKeyword(WebUIKeywordMain.groovy:26)
	at com.kms.katalon.core.webui.keyword.builtin.NavigateToUrlKeyword.navigateToUrl(NavigateToUrlKeyword.groovy:83)
	at com.kms.katalon.core.webui.keyword.builtin.NavigateToUrlKeyword.execute(NavigateToUrlKeyword.groovy:67)
	at com.kms.katalon.core.keyword.internal.KeywordExecutor.executeKeywordForPlatform(KeywordExecutor.groovy:56)
	at com.kms.katalon.core.webui.keyword.WebUiBuiltInKeywords.navigateToUrl(WebUiBuiltInKeywords.groovy:183)
	at com.kms.katalon.core.webui.keyword.WebUiBuiltInKeywords$navigateToUrl$1.call(Unknown Source)
	at backOfficeLogin.run(backOfficeLogin:19)
	at com.kms.katalon.core.main.ScriptEngine.run(ScriptEngine.java:194)
	at com.kms.katalon.core.main.ScriptEngine.runScriptAsRawText(ScriptEngine.java:119)
	at com.kms.katalon.core.main.TestCaseExecutor.runScript(TestCaseExecutor.java:342)
	at com.kms.katalon.core.main.TestCaseExecutor.doExecute(TestCaseExecutor.java:333)
	at com.kms.katalon.core.main.TestCaseExecutor.processExecutionPhase(TestCaseExecutor.java:312)
	at com.kms.katalon.core.main.TestCaseExecutor.accessMainPhase(TestCaseExecutor.java:304)
	at com.kms.katalon.core.main.TestCaseExecutor.execute(TestCaseExecutor.java:238)
	at com.kms.katalon.core.main.TestCaseMain.runTestCase(TestCaseMain.java:114)
	at com.kms.katalon.core.keyword.builtin.CallTestCaseKeyword$_callTestCase_closure1.doCall(CallTestCaseKeyword.groovy:59)
	... 36 more
Caused by: com.kms.katalon.core.webui.exception.BrowserNotOpenedException: Browser is not opened
Build info: version: '3.7.1', revision: '8a0099a', time: '2017-11-06T21:07:36.161Z'
System info: host: 'NIVEDITA', ip: '10.0.102.159', os.name: 'Windows 8.1', os.arch: 'amd64', os.version: '6.3', java.version: '1.8.0_181'
Driver info: driver.version: unknown
	at com.kms.katalon.core.webui.driver.DriverFactory.verifyWebDriverIsOpen(DriverFactory.java:632)
	at com.kms.katalon.core.webui.driver.DriverFactory.verifyWebDriver(DriverFactory.java:617)
	at com.kms.katalon.core.webui.driver.DriverFactory.getWebDriver(DriverFactory.java:603)
	at com.kms.katalon.core.webui.keyword.builtin.NavigateToUrlKeyword$_navigateToUrl_closure1.doCall(NavigateToUrlKeyword.groovy:80)
	at com.kms.katalon.core.webui.keyword.builtin.NavigateToUrlKeyword$_navigateToUrl_closure1.call(NavigateToUrlKeyword.groovy)
	at com.kms.katalon.core.webui.keyword.internal.WebUIKeywordMain.runKeyword(WebUIKeywordMain.groovy:20)
	at com.kms.katalon.core.webui.keyword.builtin.NavigateToUrlKeyword.navigateToUrl(NavigateToUrlKeyword.groovy:83)
	at com.kms.katalon.core.webui.keyword.builtin.NavigateToUrlKeyword.execute(NavigateToUrlKeyword.groovy:67)
	at com.kms.katalon.core.keyword.internal.KeywordExecutor.executeKeywordForPlatform(KeywordExecutor.groovy:56)
	at com.kms.katalon.core.webui.keyword.WebUiBuiltInKeywords.navigateToUrl(WebUiBuiltInKeywords.groovy:183)
	at com.kms.katalon.core.webui.keyword.WebUiBuiltInKeywords$navigateToUrl$1.call(Unknown Source)
	at Script1557240766587.run(Script1557240766587.groovy:19)
	at com.kms.katalon.core.main.ScriptEngine.run(ScriptEngine.java:194)
	at com.kms.katalon.core.main.ScriptEngine.runScriptAsRawText(ScriptEngine.java:119)
	at com.kms.katalon.core.main.TestCaseExecutor.runScript(TestCaseExecutor.java:342)
	at com.kms.katalon.core.main.TestCaseExecutor.doExecute(TestCaseExecutor.java:333)
	at com.kms.katalon.core.main.TestCaseExecutor.processExecutionPhase(TestCaseExecutor.java:312)
	at com.kms.katalon.core.main.TestCaseExecutor.accessMainPhase(TestCaseExecutor.java:304)
	at com.kms.katalon.core.main.TestCaseExecutor.execute(TestCaseExecutor.java:238)
	at com.kms.katalon.core.main.TestCaseMain.runTestCase(TestCaseMain.java:114)
	at com.kms.katalon.core.keyword.builtin.CallTestCaseKeyword$_callTestCase_closure1.doCall(CallTestCaseKeyword.groovy:59)
	at com.kms.katalon.core.keyword.builtin.CallTestCaseKeyword$_callTestCase_closure1.call(CallTestCaseKeyword.groovy)
	at com.kms.katalon.core.keyword.internal.KeywordMain.runKeyword(KeywordMain.groovy:66)
	at com.kms.katalon.core.keyword.builtin.CallTestCaseKeyword.callTestCase(CallTestCaseKeyword.groovy:81)
	at com.kms.katalon.core.keyword.builtin.CallTestCaseKeyword.execute(CallTestCaseKeyword.groovy:44)
	at com.kms.katalon.core.keyword.internal.KeywordExecutor.executeKeywordForPlatform(KeywordExecutor.groovy:56)
	at com.kms.katalon.core.keyword.BuiltinKeywords.callTestCase(BuiltinKeywords.groovy:334)
	at Script1557750883126.run(Script1557750883126.groovy:22)
	at com.kms.katalon.core.main.ScriptEngine.run(ScriptEngine.java:194)
	at com.kms.katalon.core.main.ScriptEngine.runScriptAsRawText(ScriptEngine.java:119)
	at com.kms.katalon.core.main.TestCaseExecutor.runScript(TestCaseExecutor.java:342)
	at com.kms.katalon.core.main.TestCaseExecutor.doExecute(TestCaseExecutor.java:333)
	at com.kms.katalon.core.main.TestCaseExecutor.processExecutionPhase(TestCaseExecutor.java:312)
	at com.kms.katalon.core.main.TestCaseExecutor.accessMainPhase(TestCaseExecutor.java:304)
	at com.kms.katalon.core.main.TestCaseExecutor.execute(TestCaseExecutor.java:238)
	at com.kms.katalon.core.main.TestCaseMain.runTestCase(TestCaseMain.java:114)
	at com.kms.katalon.core.keyword.builtin.CallTestCaseKeyword$_callTestCase_closure1.doCall(CallTestCaseKeyword.groovy:59)
	at com.kms.katalon.core.keyword.builtin.CallTestCaseKeyword$_callTestCase_closure1.call(CallTestCaseKeyword.groovy)
	at com.kms.katalon.core.keyword.internal.KeywordMain.runKeyword(KeywordMain.groovy:66)
	at com.kms.katalon.core.keyword.builtin.CallTestCaseKeyword.callTestCase(CallTestCaseKeyword.groovy:81)
	at com.kms.katalon.core.keyword.builtin.CallTestCaseKeyword.execute(CallTestCaseKeyword.groovy:44)
	at com.kms.katalon.core.keyword.internal.KeywordExecutor.executeKeywordForPlatform(KeywordExecutor.groovy:56)
	at com.kms.katalon.core.keyword.BuiltinKeywords.callTestCase(BuiltinKeywords.groovy:334)
	at Script1556094498836.run(Script1556094498836.groovy:121)
	... 13 more
)

2019-05-16 19:28:04 - [MESSAGE][FAILED] - callTestCase(findTestCase("backOfficeLogin"), ["BOURL":"", "BOuser":"", "BOpass":""], STOP_ON_FAILURE) FAILED.
Reason:
com.kms.katalon.core.exception.StepFailedException: Call Test Case 'Test Cases/backOfficeLogin' failed
	at com.kms.katalon.core.keyword.builtin.CallTestCaseKeyword$_callTestCase_closure1.doCall(CallTestCaseKeyword.groovy:63)
	at com.kms.katalon.core.keyword.builtin.CallTestCaseKeyword$_callTestCase_closure1.call(CallTestCaseKeyword.groovy)
	at com.kms.katalon.core.keyword.internal.KeywordMain.runKeyword(KeywordMain.groovy:66)
	at com.kms.katalon.core.keyword.builtin.CallTestCaseKeyword.callTestCase(CallTestCaseKeyword.groovy:81)
	at com.kms.katalon.core.keyword.builtin.CallTestCaseKeyword.execute(CallTestCaseKeyword.groovy:44)
	at com.kms.katalon.core.keyword.internal.KeywordExecutor.executeKeywordForPlatform(KeywordExecutor.groovy:56)
	at com.kms.katalon.core.keyword.BuiltinKeywords.callTestCase(BuiltinKeywords.groovy:334)
	at productWatchlist.run(productWatchlist:22)
	at com.kms.katalon.core.main.ScriptEngine.run(ScriptEngine.java:194)
	at com.kms.katalon.core.main.ScriptEngine.runScriptAsRawText(ScriptEngine.java:119)
	at com.kms.katalon.core.main.TestCaseExecutor.runScript(TestCaseExecutor.java:342)
	at com.kms.katalon.core.main.TestCaseExecutor.doExecute(TestCaseExecutor.java:333)
	at com.kms.katalon.core.main.TestCaseExecutor.processExecutionPhase(TestCaseExecutor.java:312)
	at com.kms.katalon.core.main.TestCaseExecutor.accessMainPhase(TestCaseExecutor.java:304)
	at com.kms.katalon.core.main.TestCaseExecutor.execute(TestCaseExecutor.java:238)
	at com.kms.katalon.core.main.TestCaseMain.runTestCase(TestCaseMain.java:114)
	at com.kms.katalon.core.keyword.builtin.CallTestCaseKeyword$_callTestCase_closure1.doCall(CallTestCaseKeyword.groovy:59)
	at com.kms.katalon.core.keyword.builtin.CallTestCaseKeyword$_callTestCase_closure1.call(CallTestCaseKeyword.groovy)
	at com.kms.katalon.core.keyword.internal.KeywordMain.runKeyword(KeywordMain.groovy:66)
	at com.kms.katalon.core.keyword.builtin.CallTestCaseKeyword.callTestCase(CallTestCaseKeyword.groovy:81)
	at com.kms.katalon.core.keyword.builtin.CallTestCaseKeyword.execute(CallTestCaseKeyword.groovy:44)
	at com.kms.katalon.core.keyword.internal.KeywordExecutor.executeKeywordForPlatform(KeywordExecutor.groovy:56)
	at com.kms.katalon.core.keyword.BuiltinKeywords.callTestCase(BuiltinKeywords.groovy:334)
	at NewArrivals.run(NewArrivals:121)
	at com.kms.katalon.core.main.ScriptEngine.run(ScriptEngine.java:194)
	at com.kms.katalon.core.main.ScriptEngine.runScriptAsRawText(ScriptEngine.java:119)
	at com.kms.katalon.core.main.TestCaseExecutor.runScript(TestCaseExecutor.java:342)
	at com.kms.katalon.core.main.TestCaseExecutor.doExecute(TestCaseExecutor.java:333)
	at com.kms.katalon.core.main.TestCaseExecutor.processExecutionPhase(TestCaseExecutor.java:312)
	at com.kms.katalon.core.main.TestCaseExecutor.accessMainPhase(TestCaseExecutor.java:304)
	at com.kms.katalon.core.main.TestCaseExecutor.execute(TestCaseExecutor.java:238)
	at com.kms.katalon.core.main.TestSuiteExecutor.accessTestCaseMainPhase(TestSuiteExecutor.java:129)
	at com.kms.katalon.core.main.TestSuiteExecutor.accessTestSuiteMainPhase(TestSuiteExecutor.java:112)
	at com.kms.katalon.core.main.TestSuiteExecutor.execute(TestSuiteExecutor.java:81)
	at com.kms.katalon.core.main.TestCaseMain.startTestSuite(TestCaseMain.java:157)
	at com.kms.katalon.core.main.TestCaseMain$startTestSuite$0.call(Unknown Source)
	at TempTestSuite1558015053723.run(TempTestSuite1558015053723.groovy:35)
Caused by: com.kms.katalon.core.exception.StepFailedException: Unable to navigate to 'https://test17.cliotest.com/backoffice/control/main'
	at com.kms.katalon.core.webui.keyword.internal.WebUIKeywordMain.stepFailed(WebUIKeywordMain.groovy:64)
	at com.kms.katalon.core.webui.keyword.internal.WebUIKeywordMain.runKeyword(WebUIKeywordMain.groovy:26)
	at com.kms.katalon.core.webui.keyword.builtin.NavigateToUrlKeyword.navigateToUrl(NavigateToUrlKeyword.groovy:83)
	at com.kms.katalon.core.webui.keyword.builtin.NavigateToUrlKeyword.execute(NavigateToUrlKeyword.groovy:67)
	at com.kms.katalon.core.keyword.internal.KeywordExecutor.executeKeywordForPlatform(KeywordExecutor.groovy:56)
	at com.kms.katalon.core.webui.keyword.WebUiBuiltInKeywords.navigateToUrl(WebUiBuiltInKeywords.groovy:183)
	at com.kms.katalon.core.webui.keyword.WebUiBuiltInKeywords$navigateToUrl$1.call(Unknown Source)
	at backOfficeLogin.run(backOfficeLogin:19)
	at com.kms.katalon.core.main.ScriptEngine.run(ScriptEngine.java:194)
	at com.kms.katalon.core.main.ScriptEngine.runScriptAsRawText(ScriptEngine.java:119)
	at com.kms.katalon.core.main.TestCaseExecutor.runScript(TestCaseExecutor.java:342)
	at com.kms.katalon.core.main.TestCaseExecutor.doExecute(TestCaseExecutor.java:333)
	at com.kms.katalon.core.main.TestCaseExecutor.processExecutionPhase(TestCaseExecutor.java:312)
	at com.kms.katalon.core.main.TestCaseExecutor.accessMainPhase(TestCaseExecutor.java:304)
	at com.kms.katalon.core.main.TestCaseExecutor.execute(TestCaseExecutor.java:238)
	at com.kms.katalon.core.main.TestCaseMain.runTestCase(TestCaseMain.java:114)
	at com.kms.katalon.core.keyword.builtin.CallTestCaseKeyword$_callTestCase_closure1.doCall(CallTestCaseKeyword.groovy:59)
	... 36 more
Caused by: com.kms.katalon.core.webui.exception.BrowserNotOpenedException: Browser is not opened
Build info: version: '3.7.1', revision: '8a0099a', time: '2017-11-06T21:07:36.161Z'
System info: host: 'NIVEDITA', ip: '10.0.102.159', os.name: 'Windows 8.1', os.arch: 'amd64', os.version: '6.3', java.version: '1.8.0_181'
Driver info: driver.version: unknown
	at com.kms.katalon.core.webui.driver.DriverFactory.verifyWebDriverIsOpen(DriverFactory.java:632)
	at com.kms.katalon.core.webui.driver.DriverFactory.verifyWebDriver(DriverFactory.java:617)
	at com.kms.katalon.core.webui.driver.DriverFactory.getWebDriver(DriverFactory.java:603)
	at com.kms.katalon.core.webui.keyword.builtin.NavigateToUrlKeyword$_navigateToUrl_closure1.doCall(NavigateToUrlKeyword.groovy:80)
	at com.kms.katalon.core.webui.keyword.builtin.NavigateToUrlKeyword$_navigateToUrl_closure1.call(NavigateToUrlKeyword.groovy)
	at com.kms.katalon.core.webui.keyword.internal.WebUIKeywordMain.runKeyword(WebUIKeywordMain.groovy:20)
	at com.kms.katalon.core.webui.keyword.builtin.NavigateToUrlKeyword.navigateToUrl(NavigateToUrlKeyword.groovy:83)
	at com.kms.katalon.core.webui.keyword.builtin.NavigateToUrlKeyword.execute(NavigateToUrlKeyword.groovy:67)
	at com.kms.katalon.core.keyword.internal.KeywordExecutor.executeKeywordForPlatform(KeywordExecutor.groovy:56)
	at com.kms.katalon.core.webui.keyword.WebUiBuiltInKeywords.navigateToUrl(WebUiBuiltInKeywords.groovy:183)
	at com.kms.katalon.core.webui.keyword.WebUiBuiltInKeywords$navigateToUrl$1.call(Unknown Source)
	at Script1557240766587.run(Script1557240766587.groovy:19)
	at com.kms.katalon.core.main.ScriptEngine.run(ScriptEngine.java:194)
	at com.kms.katalon.core.main.ScriptEngine.runScriptAsRawText(ScriptEngine.java:119)
	at com.kms.katalon.core.main.TestCaseExecutor.runScript(TestCaseExecutor.java:342)
	at com.kms.katalon.core.main.TestCaseExecutor.doExecute(TestCaseExecutor.java:333)
	at com.kms.katalon.core.main.TestCaseExecutor.processExecutionPhase(TestCaseExecutor.java:312)
	at com.kms.katalon.core.main.TestCaseExecutor.accessMainPhase(TestCaseExecutor.java:304)
	at com.kms.katalon.core.main.TestCaseExecutor.execute(TestCaseExecutor.java:238)
	at com.kms.katalon.core.main.TestCaseMain.runTestCase(TestCaseMain.java:114)
	at com.kms.katalon.core.keyword.builtin.CallTestCaseKeyword$_callTestCase_closure1.doCall(CallTestCaseKeyword.groovy:59)
	at com.kms.katalon.core.keyword.builtin.CallTestCaseKeyword$_callTestCase_closure1.call(CallTestCaseKeyword.groovy)
	at com.kms.katalon.core.keyword.internal.KeywordMain.runKeyword(KeywordMain.groovy:66)
	at com.kms.katalon.core.keyword.builtin.CallTestCaseKeyword.callTestCase(CallTestCaseKeyword.groovy:81)
	at com.kms.katalon.core.keyword.builtin.CallTestCaseKeyword.execute(CallTestCaseKeyword.groovy:44)
	at com.kms.katalon.core.keyword.internal.KeywordExecutor.executeKeywordForPlatform(KeywordExecutor.groovy:56)
	at com.kms.katalon.core.keyword.BuiltinKeywords.callTestCase(BuiltinKeywords.groovy:334)
	at Script1557750883126.run(Script1557750883126.groovy:22)
	at com.kms.katalon.core.main.ScriptEngine.run(ScriptEngine.java:194)
	at com.kms.katalon.core.main.ScriptEngine.runScriptAsRawText(ScriptEngine.java:119)
	at com.kms.katalon.core.main.TestCaseExecutor.runScript(TestCaseExecutor.java:342)
	at com.kms.katalon.core.main.TestCaseExecutor.doExecute(TestCaseExecutor.java:333)
	at com.kms.katalon.core.main.TestCaseExecutor.processExecutionPhase(TestCaseExecutor.java:312)
	at com.kms.katalon.core.main.TestCaseExecutor.accessMainPhase(TestCaseExecutor.java:304)
	at com.kms.katalon.core.main.TestCaseExecutor.execute(TestCaseExecutor.java:238)
	at com.kms.katalon.core.main.TestCaseMain.runTestCase(TestCaseMain.java:114)
	at com.kms.katalon.core.keyword.builtin.CallTestCaseKeyword$_callTestCase_closure1.doCall(CallTestCaseKeyword.groovy:59)
	at com.kms.katalon.core.keyword.builtin.CallTestCaseKeyword$_callTestCase_closure1.call(CallTestCaseKeyword.groovy)
	at com.kms.katalon.core.keyword.internal.KeywordMain.runKeyword(KeywordMain.groovy:66)
	at com.kms.katalon.core.keyword.builtin.CallTestCaseKeyword.callTestCase(CallTestCaseKeyword.groovy:81)
	at com.kms.katalon.core.keyword.builtin.CallTestCaseKeyword.execute(CallTestCaseKeyword.groovy:44)
	at com.kms.katalon.core.keyword.internal.KeywordExecutor.executeKeywordForPlatform(KeywordExecutor.groovy:56)
	at com.kms.katalon.core.keyword.BuiltinKeywords.callTestCase(BuiltinKeywords.groovy:334)
	at Script1556094498836.run(Script1556094498836.groovy:121)
	... 13 more


2019-05-16 19:28:04 - [MESSAGE][FAILED] - Unable to call Test Case 'Test Cases/productWatchlist' (Root cause: com.kms.katalon.core.exception.StepFailedException: Call Test Case 'Test Cases/productWatchlist' failed
	at com.kms.katalon.core.keyword.builtin.CallTestCaseKeyword$_callTestCase_closure1.doCall(CallTestCaseKeyword.groovy:63)
	at com.kms.katalon.core.keyword.builtin.CallTestCaseKeyword$_callTestCase_closure1.call(CallTestCaseKeyword.groovy)
	at com.kms.katalon.core.keyword.internal.KeywordMain.runKeyword(KeywordMain.groovy:66)
	at com.kms.katalon.core.keyword.builtin.CallTestCaseKeyword.callTestCase(CallTestCaseKeyword.groovy:81)
	at com.kms.katalon.core.keyword.builtin.CallTestCaseKeyword.execute(CallTestCaseKeyword.groovy:44)
	at com.kms.katalon.core.keyword.internal.KeywordExecutor.executeKeywordForPlatform(KeywordExecutor.groovy:56)
	at com.kms.katalon.core.keyword.BuiltinKeywords.callTestCase(BuiltinKeywords.groovy:334)
	at NewArrivals.run(NewArrivals:121)
	at com.kms.katalon.core.main.ScriptEngine.run(ScriptEngine.java:194)
	at com.kms.katalon.core.main.ScriptEngine.runScriptAsRawText(ScriptEngine.java:119)
	at com.kms.katalon.core.main.TestCaseExecutor.runScript(TestCaseExecutor.java:342)
	at com.kms.katalon.core.main.TestCaseExecutor.doExecute(TestCaseExecutor.java:333)
	at com.kms.katalon.core.main.TestCaseExecutor.processExecutionPhase(TestCaseExecutor.java:312)
	at com.kms.katalon.core.main.TestCaseExecutor.accessMainPhase(TestCaseExecutor.java:304)
	at com.kms.katalon.core.main.TestCaseExecutor.execute(TestCaseExecutor.java:238)
	at com.kms.katalon.core.main.TestSuiteExecutor.accessTestCaseMainPhase(TestSuiteExecutor.java:129)
	at com.kms.katalon.core.main.TestSuiteExecutor.accessTestSuiteMainPhase(TestSuiteExecutor.java:112)
	at com.kms.katalon.core.main.TestSuiteExecutor.execute(TestSuiteExecutor.java:81)
	at com.kms.katalon.core.main.TestCaseMain.startTestSuite(TestCaseMain.java:157)
	at com.kms.katalon.core.main.TestCaseMain$startTestSuite$0.call(Unknown Source)
	at TempTestSuite1558015053723.run(TempTestSuite1558015053723.groovy:35)
Caused by: com.kms.katalon.core.exception.StepFailedException: Call Test Case 'Test Cases/backOfficeLogin' failed
	at com.kms.katalon.core.keyword.builtin.CallTestCaseKeyword$_callTestCase_closure1.doCall(CallTestCaseKeyword.groovy:63)
	at com.kms.katalon.core.keyword.builtin.CallTestCaseKeyword$_callTestCase_closure1.call(CallTestCaseKeyword.groovy)
	at com.kms.katalon.core.keyword.internal.KeywordMain.runKeyword(KeywordMain.groovy:66)
	at com.kms.katalon.core.keyword.builtin.CallTestCaseKeyword.callTestCase(CallTestCaseKeyword.groovy:81)
	at com.kms.katalon.core.keyword.builtin.CallTestCaseKeyword.execute(CallTestCaseKeyword.groovy:44)
	at com.kms.katalon.core.keyword.internal.KeywordExecutor.executeKeywordForPlatform(KeywordExecutor.groovy:56)
	at com.kms.katalon.core.keyword.BuiltinKeywords.callTestCase(BuiltinKeywords.groovy:334)
	at productWatchlist.run(productWatchlist:22)
	at com.kms.katalon.core.main.ScriptEngine.run(ScriptEngine.java:194)
	at com.kms.katalon.core.main.ScriptEngine.runScriptAsRawText(ScriptEngine.java:119)
	at com.kms.katalon.core.main.TestCaseExecutor.runScript(TestCaseExecutor.java:342)
	at com.kms.katalon.core.main.TestCaseExecutor.doExecute(TestCaseExecutor.java:333)
	at com.kms.katalon.core.main.TestCaseExecutor.processExecutionPhase(TestCaseExecutor.java:312)
	at com.kms.katalon.core.main.TestCaseExecutor.accessMainPhase(TestCaseExecutor.java:304)
	at com.kms.katalon.core.main.TestCaseExecutor.execute(TestCaseExecutor.java:238)
	at com.kms.katalon.core.main.TestCaseMain.runTestCase(TestCaseMain.java:114)
	at com.kms.katalon.core.keyword.builtin.CallTestCaseKeyword$_callTestCase_closure1.doCall(CallTestCaseKeyword.groovy:59)
	... 20 more
Caused by: com.kms.katalon.core.exception.StepFailedException: Unable to navigate to 'https://test17.cliotest.com/backoffice/control/main'
	at com.kms.katalon.core.webui.keyword.internal.WebUIKeywordMain.stepFailed(WebUIKeywordMain.groovy:64)
	at com.kms.katalon.core.webui.keyword.internal.WebUIKeywordMain.runKeyword(WebUIKeywordMain.groovy:26)
	at com.kms.katalon.core.webui.keyword.builtin.NavigateToUrlKeyword.navigateToUrl(NavigateToUrlKeyword.groovy:83)
	at com.kms.katalon.core.webui.keyword.builtin.NavigateToUrlKeyword.execute(NavigateToUrlKeyword.groovy:67)
	at com.kms.katalon.core.keyword.internal.KeywordExecutor.executeKeywordForPlatform(KeywordExecutor.groovy:56)
	at com.kms.katalon.core.webui.keyword.WebUiBuiltInKeywords.navigateToUrl(WebUiBuiltInKeywords.groovy:183)
	at com.kms.katalon.core.webui.keyword.WebUiBuiltInKeywords$navigateToUrl$1.call(Unknown Source)
	at backOfficeLogin.run(backOfficeLogin:19)
	at com.kms.katalon.core.main.ScriptEngine.run(ScriptEngine.java:194)
	at com.kms.katalon.core.main.ScriptEngine.runScriptAsRawText(ScriptEngine.java:119)
	at com.kms.katalon.core.main.TestCaseExecutor.runScript(TestCaseExecutor.java:342)
	at com.kms.katalon.core.main.TestCaseExecutor.doExecute(TestCaseExecutor.java:333)
	at com.kms.katalon.core.main.TestCaseExecutor.processExecutionPhase(TestCaseExecutor.java:312)
	at com.kms.katalon.core.main.TestCaseExecutor.accessMainPhase(TestCaseExecutor.java:304)
	at com.kms.katalon.core.main.TestCaseExecutor.execute(TestCaseExecutor.java:238)
	at com.kms.katalon.core.main.TestCaseMain.runTestCase(TestCaseMain.java:114)
	at com.kms.katalon.core.keyword.builtin.CallTestCaseKeyword$_callTestCase_closure1.doCall(CallTestCaseKeyword.groovy:59)
	... 36 more
Caused by: com.kms.katalon.core.webui.exception.BrowserNotOpenedException: Browser is not opened
Build info: version: '3.7.1', revision: '8a0099a', time: '2017-11-06T21:07:36.161Z'
System info: host: 'NIVEDITA', ip: '10.0.102.159', os.name: 'Windows 8.1', os.arch: 'amd64', os.version: '6.3', java.version: '1.8.0_181'
Driver info: driver.version: unknown
	at com.kms.katalon.core.webui.driver.DriverFactory.verifyWebDriverIsOpen(DriverFactory.java:632)
	at com.kms.katalon.core.webui.driver.DriverFactory.verifyWebDriver(DriverFactory.java:617)
	at com.kms.katalon.core.webui.driver.DriverFactory.getWebDriver(DriverFactory.java:603)
	at com.kms.katalon.core.webui.keyword.builtin.NavigateToUrlKeyword$_navigateToUrl_closure1.doCall(NavigateToUrlKeyword.groovy:80)
	at com.kms.katalon.core.webui.keyword.builtin.NavigateToUrlKeyword$_navigateToUrl_closure1.call(NavigateToUrlKeyword.groovy)
	at com.kms.katalon.core.webui.keyword.internal.WebUIKeywordMain.runKeyword(WebUIKeywordMain.groovy:20)
	at com.kms.katalon.core.webui.keyword.builtin.NavigateToUrlKeyword.navigateToUrl(NavigateToUrlKeyword.groovy:83)
	at com.kms.katalon.core.webui.keyword.builtin.NavigateToUrlKeyword.execute(NavigateToUrlKeyword.groovy:67)
	at com.kms.katalon.core.keyword.internal.KeywordExecutor.executeKeywordForPlatform(KeywordExecutor.groovy:56)
	at com.kms.katalon.core.webui.keyword.WebUiBuiltInKeywords.navigateToUrl(WebUiBuiltInKeywords.groovy:183)
	at com.kms.katalon.core.webui.keyword.WebUiBuiltInKeywords$navigateToUrl$1.call(Unknown Source)
	at Script1557240766587.run(Script1557240766587.groovy:19)
	at com.kms.katalon.core.main.ScriptEngine.run(ScriptEngine.java:194)
	at com.kms.katalon.core.main.ScriptEngine.runScriptAsRawText(ScriptEngine.java:119)
	at com.kms.katalon.core.main.TestCaseExecutor.runScript(TestCaseExecutor.java:342)
	at com.kms.katalon.core.main.TestCaseExecutor.doExecute(TestCaseExecutor.java:333)
	at com.kms.katalon.core.main.TestCaseExecutor.processExecutionPhase(TestCaseExecutor.java:312)
	at com.kms.katalon.core.main.TestCaseExecutor.accessMainPhase(TestCaseExecutor.java:304)
	at com.kms.katalon.core.main.TestCaseExecutor.execute(TestCaseExecutor.java:238)
	at com.kms.katalon.core.main.TestCaseMain.runTestCase(TestCaseMain.java:114)
	at com.kms.katalon.core.keyword.builtin.CallTestCaseKeyword$_callTestCase_closure1.doCall(CallTestCaseKeyword.groovy:59)
	at com.kms.katalon.core.keyword.builtin.CallTestCaseKeyword$_callTestCase_closure1.call(CallTestCaseKeyword.groovy)
	at com.kms.katalon.core.keyword.internal.KeywordMain.runKeyword(KeywordMain.groovy:66)
	at com.kms.katalon.core.keyword.builtin.CallTestCaseKeyword.callTestCase(CallTestCaseKeyword.groovy:81)
	at com.kms.katalon.core.keyword.builtin.CallTestCaseKeyword.execute(CallTestCaseKeyword.groovy:44)
	at com.kms.katalon.core.keyword.internal.KeywordExecutor.executeKeywordForPlatform(KeywordExecutor.groovy:56)
	at com.kms.katalon.core.keyword.BuiltinKeywords.callTestCase(BuiltinKeywords.groovy:334)
	at Script1557750883126.run(Script1557750883126.groovy:22)
	at com.kms.katalon.core.main.ScriptEngine.run(ScriptEngine.java:194)
	at com.kms.katalon.core.main.ScriptEngine.runScriptAsRawText(ScriptEngine.java:119)
	at com.kms.katalon.core.main.TestCaseExecutor.runScript(TestCaseExecutor.java:342)
	at com.kms.katalon.core.main.TestCaseExecutor.doExecute(TestCaseExecutor.java:333)
	at com.kms.katalon.core.main.TestCaseExecutor.processExecutionPhase(TestCaseExecutor.java:312)
	at com.kms.katalon.core.main.TestCaseExecutor.accessMainPhase(TestCaseExecutor.java:304)
	at com.kms.katalon.core.main.TestCaseExecutor.execute(TestCaseExecutor.java:238)
	at com.kms.katalon.core.main.TestCaseMain.runTestCase(TestCaseMain.java:114)
	at com.kms.katalon.core.keyword.builtin.CallTestCaseKeyword$_callTestCase_closure1.doCall(CallTestCaseKeyword.groovy:59)
	at com.kms.katalon.core.keyword.builtin.CallTestCaseKeyword$_callTestCase_closure1.call(CallTestCaseKeyword.groovy)
	at com.kms.katalon.core.keyword.internal.KeywordMain.runKeyword(KeywordMain.groovy:66)
	at com.kms.katalon.core.keyword.builtin.CallTestCaseKeyword.callTestCase(CallTestCaseKeyword.groovy:81)
	at com.kms.katalon.core.keyword.builtin.CallTestCaseKeyword.execute(CallTestCaseKeyword.groovy:44)
	at com.kms.katalon.core.keyword.internal.KeywordExecutor.executeKeywordForPlatform(KeywordExecutor.groovy:56)
	at com.kms.katalon.core.keyword.BuiltinKeywords.callTestCase(BuiltinKeywords.groovy:334)
	at Script1556094498836.run(Script1556094498836.groovy:121)
	... 13 more
)

2019-05-16 19:28:04 - [MESSAGE][FAILED] - for ([timeRow = 1, timeRow <= findTestData("timezoneData").getRowNumbers(), (timeRow++)]) FAILED.
Reason:
com.kms.katalon.core.exception.StepFailedException: Call Test Case 'Test Cases/productWatchlist' failed
	at com.kms.katalon.core.keyword.builtin.CallTestCaseKeyword$_callTestCase_closure1.doCall(CallTestCaseKeyword.groovy:63)
	at com.kms.katalon.core.keyword.builtin.CallTestCaseKeyword$_callTestCase_closure1.call(CallTestCaseKeyword.groovy)
	at com.kms.katalon.core.keyword.internal.KeywordMain.runKeyword(KeywordMain.groovy:66)
	at com.kms.katalon.core.keyword.builtin.CallTestCaseKeyword.callTestCase(CallTestCaseKeyword.groovy:81)
	at com.kms.katalon.core.keyword.builtin.CallTestCaseKeyword.execute(CallTestCaseKeyword.groovy:44)
	at com.kms.katalon.core.keyword.internal.KeywordExecutor.executeKeywordForPlatform(KeywordExecutor.groovy:56)
	at com.kms.katalon.core.keyword.BuiltinKeywords.callTestCase(BuiltinKeywords.groovy:334)
	at NewArrivals.run(NewArrivals:121)
	at com.kms.katalon.core.main.ScriptEngine.run(ScriptEngine.java:194)
	at com.kms.katalon.core.main.ScriptEngine.runScriptAsRawText(ScriptEngine.java:119)
	at com.kms.katalon.core.main.TestCaseExecutor.runScript(TestCaseExecutor.java:342)
	at com.kms.katalon.core.main.TestCaseExecutor.doExecute(TestCaseExecutor.java:333)
	at com.kms.katalon.core.main.TestCaseExecutor.processExecutionPhase(TestCaseExecutor.java:312)
	at com.kms.katalon.core.main.TestCaseExecutor.accessMainPhase(TestCaseExecutor.java:304)
	at com.kms.katalon.core.main.TestCaseExecutor.execute(TestCaseExecutor.java:238)
	at com.kms.katalon.core.main.TestSuiteExecutor.accessTestCaseMainPhase(TestSuiteExecutor.java:129)
	at com.kms.katalon.core.main.TestSuiteExecutor.accessTestSuiteMainPhase(TestSuiteExecutor.java:112)
	at com.kms.katalon.core.main.TestSuiteExecutor.execute(TestSuiteExecutor.java:81)
	at com.kms.katalon.core.main.TestCaseMain.startTestSuite(TestCaseMain.java:157)
	at com.kms.katalon.core.main.TestCaseMain$startTestSuite$0.call(Unknown Source)
	at TempTestSuite1558015053723.run(TempTestSuite1558015053723.groovy:35)
Caused by: com.kms.katalon.core.exception.StepFailedException: Call Test Case 'Test Cases/backOfficeLogin' failed
	at com.kms.katalon.core.keyword.builtin.CallTestCaseKeyword$_callTestCase_closure1.doCall(CallTestCaseKeyword.groovy:63)
	at com.kms.katalon.core.keyword.builtin.CallTestCaseKeyword$_callTestCase_closure1.call(CallTestCaseKeyword.groovy)
	at com.kms.katalon.core.keyword.internal.KeywordMain.runKeyword(KeywordMain.groovy:66)
	at com.kms.katalon.core.keyword.builtin.CallTestCaseKeyword.callTestCase(CallTestCaseKeyword.groovy:81)
	at com.kms.katalon.core.keyword.builtin.CallTestCaseKeyword.execute(CallTestCaseKeyword.groovy:44)
	at com.kms.katalon.core.keyword.internal.KeywordExecutor.executeKeywordForPlatform(KeywordExecutor.groovy:56)
	at com.kms.katalon.core.keyword.BuiltinKeywords.callTestCase(BuiltinKeywords.groovy:334)
	at productWatchlist.run(productWatchlist:22)
	at com.kms.katalon.core.main.ScriptEngine.run(ScriptEngine.java:194)
	at com.kms.katalon.core.main.ScriptEngine.runScriptAsRawText(ScriptEngine.java:119)
	at com.kms.katalon.core.main.TestCaseExecutor.runScript(TestCaseExecutor.java:342)
	at com.kms.katalon.core.main.TestCaseExecutor.doExecute(TestCaseExecutor.java:333)
	at com.kms.katalon.core.main.TestCaseExecutor.processExecutionPhase(TestCaseExecutor.java:312)
	at com.kms.katalon.core.main.TestCaseExecutor.accessMainPhase(TestCaseExecutor.java:304)
	at com.kms.katalon.core.main.TestCaseExecutor.execute(TestCaseExecutor.java:238)
	at com.kms.katalon.core.main.TestCaseMain.runTestCase(TestCaseMain.java:114)
	at com.kms.katalon.core.keyword.builtin.CallTestCaseKeyword$_callTestCase_closure1.doCall(CallTestCaseKeyword.groovy:59)
	... 20 more
Caused by: com.kms.katalon.core.exception.StepFailedException: Unable to navigate to 'https://test17.cliotest.com/backoffice/control/main'
	at com.kms.katalon.core.webui.keyword.internal.WebUIKeywordMain.stepFailed(WebUIKeywordMain.groovy:64)
	at com.kms.katalon.core.webui.keyword.internal.WebUIKeywordMain.runKeyword(WebUIKeywordMain.groovy:26)
	at com.kms.katalon.core.webui.keyword.builtin.NavigateToUrlKeyword.navigateToUrl(NavigateToUrlKeyword.groovy:83)
	at com.kms.katalon.core.webui.keyword.builtin.NavigateToUrlKeyword.execute(NavigateToUrlKeyword.groovy:67)
	at com.kms.katalon.core.keyword.internal.KeywordExecutor.executeKeywordForPlatform(KeywordExecutor.groovy:56)
	at com.kms.katalon.core.webui.keyword.WebUiBuiltInKeywords.navigateToUrl(WebUiBuiltInKeywords.groovy:183)
	at com.kms.katalon.core.webui.keyword.WebUiBuiltInKeywords$navigateToUrl$1.call(Unknown Source)
	at backOfficeLogin.run(backOfficeLogin:19)
	at com.kms.katalon.core.main.ScriptEngine.run(ScriptEngine.java:194)
	at com.kms.katalon.core.main.ScriptEngine.runScriptAsRawText(ScriptEngine.java:119)
	at com.kms.katalon.core.main.TestCaseExecutor.runScript(TestCaseExecutor.java:342)
	at com.kms.katalon.core.main.TestCaseExecutor.doExecute(TestCaseExecutor.java:333)
	at com.kms.katalon.core.main.TestCaseExecutor.processExecutionPhase(TestCaseExecutor.java:312)
	at com.kms.katalon.core.main.TestCaseExecutor.accessMainPhase(TestCaseExecutor.java:304)
	at com.kms.katalon.core.main.TestCaseExecutor.execute(TestCaseExecutor.java:238)
	at com.kms.katalon.core.main.TestCaseMain.runTestCase(TestCaseMain.java:114)
	at com.kms.katalon.core.keyword.builtin.CallTestCaseKeyword$_callTestCase_closure1.doCall(CallTestCaseKeyword.groovy:59)
	... 36 more
Caused by: com.kms.katalon.core.webui.exception.BrowserNotOpenedException: Browser is not opened
Build info: version: '3.7.1', revision: '8a0099a', time: '2017-11-06T21:07:36.161Z'
System info: host: 'NIVEDITA', ip: '10.0.102.159', os.name: 'Windows 8.1', os.arch: 'amd64', os.version: '6.3', java.version: '1.8.0_181'
Driver info: driver.version: unknown
	at com.kms.katalon.core.webui.driver.DriverFactory.verifyWebDriverIsOpen(DriverFactory.java:632)
	at com.kms.katalon.core.webui.driver.DriverFactory.verifyWebDriver(DriverFactory.java:617)
	at com.kms.katalon.core.webui.driver.DriverFactory.getWebDriver(DriverFactory.java:603)
	at com.kms.katalon.core.webui.keyword.builtin.NavigateToUrlKeyword$_navigateToUrl_closure1.doCall(NavigateToUrlKeyword.groovy:80)
	at com.kms.katalon.core.webui.keyword.builtin.NavigateToUrlKeyword$_navigateToUrl_closure1.call(NavigateToUrlKeyword.groovy)
	at com.kms.katalon.core.webui.keyword.internal.WebUIKeywordMain.runKeyword(WebUIKeywordMain.groovy:20)
	at com.kms.katalon.core.webui.keyword.builtin.NavigateToUrlKeyword.navigateToUrl(NavigateToUrlKeyword.groovy:83)
	at com.kms.katalon.core.webui.keyword.builtin.NavigateToUrlKeyword.execute(NavigateToUrlKeyword.groovy:67)
	at com.kms.katalon.core.keyword.internal.KeywordExecutor.executeKeywordForPlatform(KeywordExecutor.groovy:56)
	at com.kms.katalon.core.webui.keyword.WebUiBuiltInKeywords.navigateToUrl(WebUiBuiltInKeywords.groovy:183)
	at com.kms.katalon.core.webui.keyword.WebUiBuiltInKeywords$navigateToUrl$1.call(Unknown Source)
	at Script1557240766587.run(Script1557240766587.groovy:19)
	at com.kms.katalon.core.main.ScriptEngine.run(ScriptEngine.java:194)
	at com.kms.katalon.core.main.ScriptEngine.runScriptAsRawText(ScriptEngine.java:119)
	at com.kms.katalon.core.main.TestCaseExecutor.runScript(TestCaseExecutor.java:342)
	at com.kms.katalon.core.main.TestCaseExecutor.doExecute(TestCaseExecutor.java:333)
	at com.kms.katalon.core.main.TestCaseExecutor.processExecutionPhase(TestCaseExecutor.java:312)
	at com.kms.katalon.core.main.TestCaseExecutor.accessMainPhase(TestCaseExecutor.java:304)
	at com.kms.katalon.core.main.TestCaseExecutor.execute(TestCaseExecutor.java:238)
	at com.kms.katalon.core.main.TestCaseMain.runTestCase(TestCaseMain.java:114)
	at com.kms.katalon.core.keyword.builtin.CallTestCaseKeyword$_callTestCase_closure1.doCall(CallTestCaseKeyword.groovy:59)
	at com.kms.katalon.core.keyword.builtin.CallTestCaseKeyword$_callTestCase_closure1.call(CallTestCaseKeyword.groovy)
	at com.kms.katalon.core.keyword.internal.KeywordMain.runKeyword(KeywordMain.groovy:66)
	at com.kms.katalon.core.keyword.builtin.CallTestCaseKeyword.callTestCase(CallTestCaseKeyword.groovy:81)
	at com.kms.katalon.core.keyword.builtin.CallTestCaseKeyword.execute(CallTestCaseKeyword.groovy:44)
	at com.kms.katalon.core.keyword.internal.KeywordExecutor.executeKeywordForPlatform(KeywordExecutor.groovy:56)
	at com.kms.katalon.core.keyword.BuiltinKeywords.callTestCase(BuiltinKeywords.groovy:334)
	at Script1557750883126.run(Script1557750883126.groovy:22)
	at com.kms.katalon.core.main.ScriptEngine.run(ScriptEngine.java:194)
	at com.kms.katalon.core.main.ScriptEngine.runScriptAsRawText(ScriptEngine.java:119)
	at com.kms.katalon.core.main.TestCaseExecutor.runScript(TestCaseExecutor.java:342)
	at com.kms.katalon.core.main.TestCaseExecutor.doExecute(TestCaseExecutor.java:333)
	at com.kms.katalon.core.main.TestCaseExecutor.processExecutionPhase(TestCaseExecutor.java:312)
	at com.kms.katalon.core.main.TestCaseExecutor.accessMainPhase(TestCaseExecutor.java:304)
	at com.kms.katalon.core.main.TestCaseExecutor.execute(TestCaseExecutor.java:238)
	at com.kms.katalon.core.main.TestCaseMain.runTestCase(TestCaseMain.java:114)
	at com.kms.katalon.core.keyword.builtin.CallTestCaseKeyword$_callTestCase_closure1.doCall(CallTestCaseKeyword.groovy:59)
	at com.kms.katalon.core.keyword.builtin.CallTestCaseKeyword$_callTestCase_closure1.call(CallTestCaseKeyword.groovy)
	at com.kms.katalon.core.keyword.internal.KeywordMain.runKeyword(KeywordMain.groovy:66)
	at com.kms.katalon.core.keyword.builtin.CallTestCaseKeyword.callTestCase(CallTestCaseKeyword.groovy:81)
	at com.kms.katalon.core.keyword.builtin.CallTestCaseKeyword.execute(CallTestCaseKeyword.groovy:44)
	at com.kms.katalon.core.keyword.internal.KeywordExecutor.executeKeywordForPlatform(KeywordExecutor.groovy:56)
	at com.kms.katalon.core.keyword.BuiltinKeywords.callTestCase(BuiltinKeywords.groovy:334)
	at Script1556094498836.run(Script1556094498836.groovy:121)
	... 13 more]]></system-out>
         <system-err><![CDATA[2019-05-16 19:27:36 - [TEST_CASE][FAILED] - Test Cases/NewArrivals: Test Cases/NewArrivals FAILED.
Reason:
com.kms.katalon.core.exception.StepFailedException: Call Test Case 'Test Cases/productWatchlist' failed
	at com.kms.katalon.core.keyword.builtin.CallTestCaseKeyword$_callTestCase_closure1.doCall(CallTestCaseKeyword.groovy:63)
	at com.kms.katalon.core.keyword.builtin.CallTestCaseKeyword$_callTestCase_closure1.call(CallTestCaseKeyword.groovy)
	at com.kms.katalon.core.keyword.internal.KeywordMain.runKeyword(KeywordMain.groovy:66)
	at com.kms.katalon.core.keyword.builtin.CallTestCaseKeyword.callTestCase(CallTestCaseKeyword.groovy:81)
	at com.kms.katalon.core.keyword.builtin.CallTestCaseKeyword.execute(CallTestCaseKeyword.groovy:44)
	at com.kms.katalon.core.keyword.internal.KeywordExecutor.executeKeywordForPlatform(KeywordExecutor.groovy:56)
	at com.kms.katalon.core.keyword.BuiltinKeywords.callTestCase(BuiltinKeywords.groovy:334)
	at NewArrivals.run(NewArrivals:121)
	at com.kms.katalon.core.main.ScriptEngine.run(ScriptEngine.java:194)
	at com.kms.katalon.core.main.ScriptEngine.runScriptAsRawText(ScriptEngine.java:119)
	at com.kms.katalon.core.main.TestCaseExecutor.runScript(TestCaseExecutor.java:342)
	at com.kms.katalon.core.main.TestCaseExecutor.doExecute(TestCaseExecutor.java:333)
	at com.kms.katalon.core.main.TestCaseExecutor.processExecutionPhase(TestCaseExecutor.java:312)
	at com.kms.katalon.core.main.TestCaseExecutor.accessMainPhase(TestCaseExecutor.java:304)
	at com.kms.katalon.core.main.TestCaseExecutor.execute(TestCaseExecutor.java:238)
	at com.kms.katalon.core.main.TestSuiteExecutor.accessTestCaseMainPhase(TestSuiteExecutor.java:129)
	at com.kms.katalon.core.main.TestSuiteExecutor.accessTestSuiteMainPhase(TestSuiteExecutor.java:112)
	at com.kms.katalon.core.main.TestSuiteExecutor.execute(TestSuiteExecutor.java:81)
	at com.kms.katalon.core.main.TestCaseMain.startTestSuite(TestCaseMain.java:157)
	at com.kms.katalon.core.main.TestCaseMain$startTestSuite$0.call(Unknown Source)
	at TempTestSuite1558015053723.run(TempTestSuite1558015053723.groovy:35)
Caused by: com.kms.katalon.core.exception.StepFailedException: Call Test Case 'Test Cases/backOfficeLogin' failed
	at com.kms.katalon.core.keyword.builtin.CallTestCaseKeyword$_callTestCase_closure1.doCall(CallTestCaseKeyword.groovy:63)
	at com.kms.katalon.core.keyword.builtin.CallTestCaseKeyword$_callTestCase_closure1.call(CallTestCaseKeyword.groovy)
	at com.kms.katalon.core.keyword.internal.KeywordMain.runKeyword(KeywordMain.groovy:66)
	at com.kms.katalon.core.keyword.builtin.CallTestCaseKeyword.callTestCase(CallTestCaseKeyword.groovy:81)
	at com.kms.katalon.core.keyword.builtin.CallTestCaseKeyword.execute(CallTestCaseKeyword.groovy:44)
	at com.kms.katalon.core.keyword.internal.KeywordExecutor.executeKeywordForPlatform(KeywordExecutor.groovy:56)
	at com.kms.katalon.core.keyword.BuiltinKeywords.callTestCase(BuiltinKeywords.groovy:334)
	at productWatchlist.run(productWatchlist:22)
	at com.kms.katalon.core.main.ScriptEngine.run(ScriptEngine.java:194)
	at com.kms.katalon.core.main.ScriptEngine.runScriptAsRawText(ScriptEngine.java:119)
	at com.kms.katalon.core.main.TestCaseExecutor.runScript(TestCaseExecutor.java:342)
	at com.kms.katalon.core.main.TestCaseExecutor.doExecute(TestCaseExecutor.java:333)
	at com.kms.katalon.core.main.TestCaseExecutor.processExecutionPhase(TestCaseExecutor.java:312)
	at com.kms.katalon.core.main.TestCaseExecutor.accessMainPhase(TestCaseExecutor.java:304)
	at com.kms.katalon.core.main.TestCaseExecutor.execute(TestCaseExecutor.java:238)
	at com.kms.katalon.core.main.TestCaseMain.runTestCase(TestCaseMain.java:114)
	at com.kms.katalon.core.keyword.builtin.CallTestCaseKeyword$_callTestCase_closure1.doCall(CallTestCaseKeyword.groovy:59)
	... 20 more
Caused by: com.kms.katalon.core.exception.StepFailedException: Unable to navigate to 'https://test17.cliotest.com/backoffice/control/main'
	at com.kms.katalon.core.webui.keyword.internal.WebUIKeywordMain.stepFailed(WebUIKeywordMain.groovy:64)
	at com.kms.katalon.core.webui.keyword.internal.WebUIKeywordMain.runKeyword(WebUIKeywordMain.groovy:26)
	at com.kms.katalon.core.webui.keyword.builtin.NavigateToUrlKeyword.navigateToUrl(NavigateToUrlKeyword.groovy:83)
	at com.kms.katalon.core.webui.keyword.builtin.NavigateToUrlKeyword.execute(NavigateToUrlKeyword.groovy:67)
	at com.kms.katalon.core.keyword.internal.KeywordExecutor.executeKeywordForPlatform(KeywordExecutor.groovy:56)
	at com.kms.katalon.core.webui.keyword.WebUiBuiltInKeywords.navigateToUrl(WebUiBuiltInKeywords.groovy:183)
	at com.kms.katalon.core.webui.keyword.WebUiBuiltInKeywords$navigateToUrl$1.call(Unknown Source)
	at backOfficeLogin.run(backOfficeLogin:19)
	at com.kms.katalon.core.main.ScriptEngine.run(ScriptEngine.java:194)
	at com.kms.katalon.core.main.ScriptEngine.runScriptAsRawText(ScriptEngine.java:119)
	at com.kms.katalon.core.main.TestCaseExecutor.runScript(TestCaseExecutor.java:342)
	at com.kms.katalon.core.main.TestCaseExecutor.doExecute(TestCaseExecutor.java:333)
	at com.kms.katalon.core.main.TestCaseExecutor.processExecutionPhase(TestCaseExecutor.java:312)
	at com.kms.katalon.core.main.TestCaseExecutor.accessMainPhase(TestCaseExecutor.java:304)
	at com.kms.katalon.core.main.TestCaseExecutor.execute(TestCaseExecutor.java:238)
	at com.kms.katalon.core.main.TestCaseMain.runTestCase(TestCaseMain.java:114)
	at com.kms.katalon.core.keyword.builtin.CallTestCaseKeyword$_callTestCase_closure1.doCall(CallTestCaseKeyword.groovy:59)
	... 36 more
Caused by: com.kms.katalon.core.webui.exception.BrowserNotOpenedException: Browser is not opened
Build info: version: '3.7.1', revision: '8a0099a', time: '2017-11-06T21:07:36.161Z'
System info: host: 'NIVEDITA', ip: '10.0.102.159', os.name: 'Windows 8.1', os.arch: 'amd64', os.version: '6.3', java.version: '1.8.0_181'
Driver info: driver.version: unknown
	at com.kms.katalon.core.webui.driver.DriverFactory.verifyWebDriverIsOpen(DriverFactory.java:632)
	at com.kms.katalon.core.webui.driver.DriverFactory.verifyWebDriver(DriverFactory.java:617)
	at com.kms.katalon.core.webui.driver.DriverFactory.getWebDriver(DriverFactory.java:603)
	at com.kms.katalon.core.webui.keyword.builtin.NavigateToUrlKeyword$_navigateToUrl_closure1.doCall(NavigateToUrlKeyword.groovy:80)
	at com.kms.katalon.core.webui.keyword.builtin.NavigateToUrlKeyword$_navigateToUrl_closure1.call(NavigateToUrlKeyword.groovy)
	at com.kms.katalon.core.webui.keyword.internal.WebUIKeywordMain.runKeyword(WebUIKeywordMain.groovy:20)
	at com.kms.katalon.core.webui.keyword.builtin.NavigateToUrlKeyword.navigateToUrl(NavigateToUrlKeyword.groovy:83)
	at com.kms.katalon.core.webui.keyword.builtin.NavigateToUrlKeyword.execute(NavigateToUrlKeyword.groovy:67)
	at com.kms.katalon.core.keyword.internal.KeywordExecutor.executeKeywordForPlatform(KeywordExecutor.groovy:56)
	at com.kms.katalon.core.webui.keyword.WebUiBuiltInKeywords.navigateToUrl(WebUiBuiltInKeywords.groovy:183)
	at com.kms.katalon.core.webui.keyword.WebUiBuiltInKeywords$navigateToUrl$1.call(Unknown Source)
	at Script1557240766587.run(Script1557240766587.groovy:19)
	at com.kms.katalon.core.main.ScriptEngine.run(ScriptEngine.java:194)
	at com.kms.katalon.core.main.ScriptEngine.runScriptAsRawText(ScriptEngine.java:119)
	at com.kms.katalon.core.main.TestCaseExecutor.runScript(TestCaseExecutor.java:342)
	at com.kms.katalon.core.main.TestCaseExecutor.doExecute(TestCaseExecutor.java:333)
	at com.kms.katalon.core.main.TestCaseExecutor.processExecutionPhase(TestCaseExecutor.java:312)
	at com.kms.katalon.core.main.TestCaseExecutor.accessMainPhase(TestCaseExecutor.java:304)
	at com.kms.katalon.core.main.TestCaseExecutor.execute(TestCaseExecutor.java:238)
	at com.kms.katalon.core.main.TestCaseMain.runTestCase(TestCaseMain.java:114)
	at com.kms.katalon.core.keyword.builtin.CallTestCaseKeyword$_callTestCase_closure1.doCall(CallTestCaseKeyword.groovy:59)
	at com.kms.katalon.core.keyword.builtin.CallTestCaseKeyword$_callTestCase_closure1.call(CallTestCaseKeyword.groovy)
	at com.kms.katalon.core.keyword.internal.KeywordMain.runKeyword(KeywordMain.groovy:66)
	at com.kms.katalon.core.keyword.builtin.CallTestCaseKeyword.callTestCase(CallTestCaseKeyword.groovy:81)
	at com.kms.katalon.core.keyword.builtin.CallTestCaseKeyword.execute(CallTestCaseKeyword.groovy:44)
	at com.kms.katalon.core.keyword.internal.KeywordExecutor.executeKeywordForPlatform(KeywordExecutor.groovy:56)
	at com.kms.katalon.core.keyword.BuiltinKeywords.callTestCase(BuiltinKeywords.groovy:334)
	at Script1557750883126.run(Script1557750883126.groovy:22)
	at com.kms.katalon.core.main.ScriptEngine.run(ScriptEngine.java:194)
	at com.kms.katalon.core.main.ScriptEngine.runScriptAsRawText(ScriptEngine.java:119)
	at com.kms.katalon.core.main.TestCaseExecutor.runScript(TestCaseExecutor.java:342)
	at com.kms.katalon.core.main.TestCaseExecutor.doExecute(TestCaseExecutor.java:333)
	at com.kms.katalon.core.main.TestCaseExecutor.processExecutionPhase(TestCaseExecutor.java:312)
	at com.kms.katalon.core.main.TestCaseExecutor.accessMainPhase(TestCaseExecutor.java:304)
	at com.kms.katalon.core.main.TestCaseExecutor.execute(TestCaseExecutor.java:238)
	at com.kms.katalon.core.main.TestCaseMain.runTestCase(TestCaseMain.java:114)
	at com.kms.katalon.core.keyword.builtin.CallTestCaseKeyword$_callTestCase_closure1.doCall(CallTestCaseKeyword.groovy:59)
	at com.kms.katalon.core.keyword.builtin.CallTestCaseKeyword$_callTestCase_closure1.call(CallTestCaseKeyword.groovy)
	at com.kms.katalon.core.keyword.internal.KeywordMain.runKeyword(KeywordMain.groovy:66)
	at com.kms.katalon.core.keyword.builtin.CallTestCaseKeyword.callTestCase(CallTestCaseKeyword.groovy:81)
	at com.kms.katalon.core.keyword.builtin.CallTestCaseKeyword.execute(CallTestCaseKeyword.groovy:44)
	at com.kms.katalon.core.keyword.internal.KeywordExecutor.executeKeywordForPlatform(KeywordExecutor.groovy:56)
	at com.kms.katalon.core.keyword.BuiltinKeywords.callTestCase(BuiltinKeywords.groovy:334)
	at Script1556094498836.run(Script1556094498836.groovy:121)
	... 13 more]]></system-err>
      </testcase>
      <system-out><![CDATA[2019-05-16 19:27:36 - [TEST_SUITE][FAILED] - NewArrivalSuite: Test Cases/NewArrivals FAILED.
Reason:
com.kms.katalon.core.exception.StepFailedException: Call Test Case 'Test Cases/productWatchlist' failed
	at com.kms.katalon.core.keyword.builtin.CallTestCaseKeyword$_callTestCase_closure1.doCall(CallTestCaseKeyword.groovy:63)
	at com.kms.katalon.core.keyword.builtin.CallTestCaseKeyword$_callTestCase_closure1.call(CallTestCaseKeyword.groovy)
	at com.kms.katalon.core.keyword.internal.KeywordMain.runKeyword(KeywordMain.groovy:66)
	at com.kms.katalon.core.keyword.builtin.CallTestCaseKeyword.callTestCase(CallTestCaseKeyword.groovy:81)
	at com.kms.katalon.core.keyword.builtin.CallTestCaseKeyword.execute(CallTestCaseKeyword.groovy:44)
	at com.kms.katalon.core.keyword.internal.KeywordExecutor.executeKeywordForPlatform(KeywordExecutor.groovy:56)
	at com.kms.katalon.core.keyword.BuiltinKeywords.callTestCase(BuiltinKeywords.groovy:334)
	at NewArrivals.run(NewArrivals:121)
	at com.kms.katalon.core.main.ScriptEngine.run(ScriptEngine.java:194)
	at com.kms.katalon.core.main.ScriptEngine.runScriptAsRawText(ScriptEngine.java:119)
	at com.kms.katalon.core.main.TestCaseExecutor.runScript(TestCaseExecutor.java:342)
	at com.kms.katalon.core.main.TestCaseExecutor.doExecute(TestCaseExecutor.java:333)
	at com.kms.katalon.core.main.TestCaseExecutor.processExecutionPhase(TestCaseExecutor.java:312)
	at com.kms.katalon.core.main.TestCaseExecutor.accessMainPhase(TestCaseExecutor.java:304)
	at com.kms.katalon.core.main.TestCaseExecutor.execute(TestCaseExecutor.java:238)
	at com.kms.katalon.core.main.TestSuiteExecutor.accessTestCaseMainPhase(TestSuiteExecutor.java:129)
	at com.kms.katalon.core.main.TestSuiteExecutor.accessTestSuiteMainPhase(TestSuiteExecutor.java:112)
	at com.kms.katalon.core.main.TestSuiteExecutor.execute(TestSuiteExecutor.java:81)
	at com.kms.katalon.core.main.TestCaseMain.startTestSuite(TestCaseMain.java:157)
	at com.kms.katalon.core.main.TestCaseMain$startTestSuite$0.call(Unknown Source)
	at TempTestSuite1558015053723.run(TempTestSuite1558015053723.groovy:35)
Caused by: com.kms.katalon.core.exception.StepFailedException: Call Test Case 'Test Cases/backOfficeLogin' failed
	at com.kms.katalon.core.keyword.builtin.CallTestCaseKeyword$_callTestCase_closure1.doCall(CallTestCaseKeyword.groovy:63)
	at com.kms.katalon.core.keyword.builtin.CallTestCaseKeyword$_callTestCase_closure1.call(CallTestCaseKeyword.groovy)
	at com.kms.katalon.core.keyword.internal.KeywordMain.runKeyword(KeywordMain.groovy:66)
	at com.kms.katalon.core.keyword.builtin.CallTestCaseKeyword.callTestCase(CallTestCaseKeyword.groovy:81)
	at com.kms.katalon.core.keyword.builtin.CallTestCaseKeyword.execute(CallTestCaseKeyword.groovy:44)
	at com.kms.katalon.core.keyword.internal.KeywordExecutor.executeKeywordForPlatform(KeywordExecutor.groovy:56)
	at com.kms.katalon.core.keyword.BuiltinKeywords.callTestCase(BuiltinKeywords.groovy:334)
	at productWatchlist.run(productWatchlist:22)
	at com.kms.katalon.core.main.ScriptEngine.run(ScriptEngine.java:194)
	at com.kms.katalon.core.main.ScriptEngine.runScriptAsRawText(ScriptEngine.java:119)
	at com.kms.katalon.core.main.TestCaseExecutor.runScript(TestCaseExecutor.java:342)
	at com.kms.katalon.core.main.TestCaseExecutor.doExecute(TestCaseExecutor.java:333)
	at com.kms.katalon.core.main.TestCaseExecutor.processExecutionPhase(TestCaseExecutor.java:312)
	at com.kms.katalon.core.main.TestCaseExecutor.accessMainPhase(TestCaseExecutor.java:304)
	at com.kms.katalon.core.main.TestCaseExecutor.execute(TestCaseExecutor.java:238)
	at com.kms.katalon.core.main.TestCaseMain.runTestCase(TestCaseMain.java:114)
	at com.kms.katalon.core.keyword.builtin.CallTestCaseKeyword$_callTestCase_closure1.doCall(CallTestCaseKeyword.groovy:59)
	... 20 more
Caused by: com.kms.katalon.core.exception.StepFailedException: Unable to navigate to 'https://test17.cliotest.com/backoffice/control/main'
	at com.kms.katalon.core.webui.keyword.internal.WebUIKeywordMain.stepFailed(WebUIKeywordMain.groovy:64)
	at com.kms.katalon.core.webui.keyword.internal.WebUIKeywordMain.runKeyword(WebUIKeywordMain.groovy:26)
	at com.kms.katalon.core.webui.keyword.builtin.NavigateToUrlKeyword.navigateToUrl(NavigateToUrlKeyword.groovy:83)
	at com.kms.katalon.core.webui.keyword.builtin.NavigateToUrlKeyword.execute(NavigateToUrlKeyword.groovy:67)
	at com.kms.katalon.core.keyword.internal.KeywordExecutor.executeKeywordForPlatform(KeywordExecutor.groovy:56)
	at com.kms.katalon.core.webui.keyword.WebUiBuiltInKeywords.navigateToUrl(WebUiBuiltInKeywords.groovy:183)
	at com.kms.katalon.core.webui.keyword.WebUiBuiltInKeywords$navigateToUrl$1.call(Unknown Source)
	at backOfficeLogin.run(backOfficeLogin:19)
	at com.kms.katalon.core.main.ScriptEngine.run(ScriptEngine.java:194)
	at com.kms.katalon.core.main.ScriptEngine.runScriptAsRawText(ScriptEngine.java:119)
	at com.kms.katalon.core.main.TestCaseExecutor.runScript(TestCaseExecutor.java:342)
	at com.kms.katalon.core.main.TestCaseExecutor.doExecute(TestCaseExecutor.java:333)
	at com.kms.katalon.core.main.TestCaseExecutor.processExecutionPhase(TestCaseExecutor.java:312)
	at com.kms.katalon.core.main.TestCaseExecutor.accessMainPhase(TestCaseExecutor.java:304)
	at com.kms.katalon.core.main.TestCaseExecutor.execute(TestCaseExecutor.java:238)
	at com.kms.katalon.core.main.TestCaseMain.runTestCase(TestCaseMain.java:114)
	at com.kms.katalon.core.keyword.builtin.CallTestCaseKeyword$_callTestCase_closure1.doCall(CallTestCaseKeyword.groovy:59)
	... 36 more
Caused by: com.kms.katalon.core.webui.exception.BrowserNotOpenedException: Browser is not opened
Build info: version: '3.7.1', revision: '8a0099a', time: '2017-11-06T21:07:36.161Z'
System info: host: 'NIVEDITA', ip: '10.0.102.159', os.name: 'Windows 8.1', os.arch: 'amd64', os.version: '6.3', java.version: '1.8.0_181'
Driver info: driver.version: unknown
	at com.kms.katalon.core.webui.driver.DriverFactory.verifyWebDriverIsOpen(DriverFactory.java:632)
	at com.kms.katalon.core.webui.driver.DriverFactory.verifyWebDriver(DriverFactory.java:617)
	at com.kms.katalon.core.webui.driver.DriverFactory.getWebDriver(DriverFactory.java:603)
	at com.kms.katalon.core.webui.keyword.builtin.NavigateToUrlKeyword$_navigateToUrl_closure1.doCall(NavigateToUrlKeyword.groovy:80)
	at com.kms.katalon.core.webui.keyword.builtin.NavigateToUrlKeyword$_navigateToUrl_closure1.call(NavigateToUrlKeyword.groovy)
	at com.kms.katalon.core.webui.keyword.internal.WebUIKeywordMain.runKeyword(WebUIKeywordMain.groovy:20)
	at com.kms.katalon.core.webui.keyword.builtin.NavigateToUrlKeyword.navigateToUrl(NavigateToUrlKeyword.groovy:83)
	at com.kms.katalon.core.webui.keyword.builtin.NavigateToUrlKeyword.execute(NavigateToUrlKeyword.groovy:67)
	at com.kms.katalon.core.keyword.internal.KeywordExecutor.executeKeywordForPlatform(KeywordExecutor.groovy:56)
	at com.kms.katalon.core.webui.keyword.WebUiBuiltInKeywords.navigateToUrl(WebUiBuiltInKeywords.groovy:183)
	at com.kms.katalon.core.webui.keyword.WebUiBuiltInKeywords$navigateToUrl$1.call(Unknown Source)
	at Script1557240766587.run(Script1557240766587.groovy:19)
	at com.kms.katalon.core.main.ScriptEngine.run(ScriptEngine.java:194)
	at com.kms.katalon.core.main.ScriptEngine.runScriptAsRawText(ScriptEngine.java:119)
	at com.kms.katalon.core.main.TestCaseExecutor.runScript(TestCaseExecutor.java:342)
	at com.kms.katalon.core.main.TestCaseExecutor.doExecute(TestCaseExecutor.java:333)
	at com.kms.katalon.core.main.TestCaseExecutor.processExecutionPhase(TestCaseExecutor.java:312)
	at com.kms.katalon.core.main.TestCaseExecutor.accessMainPhase(TestCaseExecutor.java:304)
	at com.kms.katalon.core.main.TestCaseExecutor.execute(TestCaseExecutor.java:238)
	at com.kms.katalon.core.main.TestCaseMain.runTestCase(TestCaseMain.java:114)
	at com.kms.katalon.core.keyword.builtin.CallTestCaseKeyword$_callTestCase_closure1.doCall(CallTestCaseKeyword.groovy:59)
	at com.kms.katalon.core.keyword.builtin.CallTestCaseKeyword$_callTestCase_closure1.call(CallTestCaseKeyword.groovy)
	at com.kms.katalon.core.keyword.internal.KeywordMain.runKeyword(KeywordMain.groovy:66)
	at com.kms.katalon.core.keyword.builtin.CallTestCaseKeyword.callTestCase(CallTestCaseKeyword.groovy:81)
	at com.kms.katalon.core.keyword.builtin.CallTestCaseKeyword.execute(CallTestCaseKeyword.groovy:44)
	at com.kms.katalon.core.keyword.internal.KeywordExecutor.executeKeywordForPlatform(KeywordExecutor.groovy:56)
	at com.kms.katalon.core.keyword.BuiltinKeywords.callTestCase(BuiltinKeywords.groovy:334)
	at Script1557750883126.run(Script1557750883126.groovy:22)
	at com.kms.katalon.core.main.ScriptEngine.run(ScriptEngine.java:194)
	at com.kms.katalon.core.main.ScriptEngine.runScriptAsRawText(ScriptEngine.java:119)
	at com.kms.katalon.core.main.TestCaseExecutor.runScript(TestCaseExecutor.java:342)
	at com.kms.katalon.core.main.TestCaseExecutor.doExecute(TestCaseExecutor.java:333)
	at com.kms.katalon.core.main.TestCaseExecutor.processExecutionPhase(TestCaseExecutor.java:312)
	at com.kms.katalon.core.main.TestCaseExecutor.accessMainPhase(TestCaseExecutor.java:304)
	at com.kms.katalon.core.main.TestCaseExecutor.execute(TestCaseExecutor.java:238)
	at com.kms.katalon.core.main.TestCaseMain.runTestCase(TestCaseMain.java:114)
	at com.kms.katalon.core.keyword.builtin.CallTestCaseKeyword$_callTestCase_closure1.doCall(CallTestCaseKeyword.groovy:59)
	at com.kms.katalon.core.keyword.builtin.CallTestCaseKeyword$_callTestCase_closure1.call(CallTestCaseKeyword.groovy)
	at com.kms.katalon.core.keyword.internal.KeywordMain.runKeyword(KeywordMain.groovy:66)
	at com.kms.katalon.core.keyword.builtin.CallTestCaseKeyword.callTestCase(CallTestCaseKeyword.groovy:81)
	at com.kms.katalon.core.keyword.builtin.CallTestCaseKeyword.execute(CallTestCaseKeyword.groovy:44)
	at com.kms.katalon.core.keyword.internal.KeywordExecutor.executeKeywordForPlatform(KeywordExecutor.groovy:56)
	at com.kms.katalon.core.keyword.BuiltinKeywords.callTestCase(BuiltinKeywords.groovy:334)
	at Script1556094498836.run(Script1556094498836.groovy:121)
	... 13 more]]></system-out>
      <system-err><![CDATA[2019-05-16 19:27:36 - [TEST_SUITE][FAILED] - NewArrivalSuite: Test Cases/NewArrivals FAILED.
Reason:
com.kms.katalon.core.exception.StepFailedException: Call Test Case 'Test Cases/productWatchlist' failed
	at com.kms.katalon.core.keyword.builtin.CallTestCaseKeyword$_callTestCase_closure1.doCall(CallTestCaseKeyword.groovy:63)
	at com.kms.katalon.core.keyword.builtin.CallTestCaseKeyword$_callTestCase_closure1.call(CallTestCaseKeyword.groovy)
	at com.kms.katalon.core.keyword.internal.KeywordMain.runKeyword(KeywordMain.groovy:66)
	at com.kms.katalon.core.keyword.builtin.CallTestCaseKeyword.callTestCase(CallTestCaseKeyword.groovy:81)
	at com.kms.katalon.core.keyword.builtin.CallTestCaseKeyword.execute(CallTestCaseKeyword.groovy:44)
	at com.kms.katalon.core.keyword.internal.KeywordExecutor.executeKeywordForPlatform(KeywordExecutor.groovy:56)
	at com.kms.katalon.core.keyword.BuiltinKeywords.callTestCase(BuiltinKeywords.groovy:334)
	at NewArrivals.run(NewArrivals:121)
	at com.kms.katalon.core.main.ScriptEngine.run(ScriptEngine.java:194)
	at com.kms.katalon.core.main.ScriptEngine.runScriptAsRawText(ScriptEngine.java:119)
	at com.kms.katalon.core.main.TestCaseExecutor.runScript(TestCaseExecutor.java:342)
	at com.kms.katalon.core.main.TestCaseExecutor.doExecute(TestCaseExecutor.java:333)
	at com.kms.katalon.core.main.TestCaseExecutor.processExecutionPhase(TestCaseExecutor.java:312)
	at com.kms.katalon.core.main.TestCaseExecutor.accessMainPhase(TestCaseExecutor.java:304)
	at com.kms.katalon.core.main.TestCaseExecutor.execute(TestCaseExecutor.java:238)
	at com.kms.katalon.core.main.TestSuiteExecutor.accessTestCaseMainPhase(TestSuiteExecutor.java:129)
	at com.kms.katalon.core.main.TestSuiteExecutor.accessTestSuiteMainPhase(TestSuiteExecutor.java:112)
	at com.kms.katalon.core.main.TestSuiteExecutor.execute(TestSuiteExecutor.java:81)
	at com.kms.katalon.core.main.TestCaseMain.startTestSuite(TestCaseMain.java:157)
	at com.kms.katalon.core.main.TestCaseMain$startTestSuite$0.call(Unknown Source)
	at TempTestSuite1558015053723.run(TempTestSuite1558015053723.groovy:35)
Caused by: com.kms.katalon.core.exception.StepFailedException: Call Test Case 'Test Cases/backOfficeLogin' failed
	at com.kms.katalon.core.keyword.builtin.CallTestCaseKeyword$_callTestCase_closure1.doCall(CallTestCaseKeyword.groovy:63)
	at com.kms.katalon.core.keyword.builtin.CallTestCaseKeyword$_callTestCase_closure1.call(CallTestCaseKeyword.groovy)
	at com.kms.katalon.core.keyword.internal.KeywordMain.runKeyword(KeywordMain.groovy:66)
	at com.kms.katalon.core.keyword.builtin.CallTestCaseKeyword.callTestCase(CallTestCaseKeyword.groovy:81)
	at com.kms.katalon.core.keyword.builtin.CallTestCaseKeyword.execute(CallTestCaseKeyword.groovy:44)
	at com.kms.katalon.core.keyword.internal.KeywordExecutor.executeKeywordForPlatform(KeywordExecutor.groovy:56)
	at com.kms.katalon.core.keyword.BuiltinKeywords.callTestCase(BuiltinKeywords.groovy:334)
	at productWatchlist.run(productWatchlist:22)
	at com.kms.katalon.core.main.ScriptEngine.run(ScriptEngine.java:194)
	at com.kms.katalon.core.main.ScriptEngine.runScriptAsRawText(ScriptEngine.java:119)
	at com.kms.katalon.core.main.TestCaseExecutor.runScript(TestCaseExecutor.java:342)
	at com.kms.katalon.core.main.TestCaseExecutor.doExecute(TestCaseExecutor.java:333)
	at com.kms.katalon.core.main.TestCaseExecutor.processExecutionPhase(TestCaseExecutor.java:312)
	at com.kms.katalon.core.main.TestCaseExecutor.accessMainPhase(TestCaseExecutor.java:304)
	at com.kms.katalon.core.main.TestCaseExecutor.execute(TestCaseExecutor.java:238)
	at com.kms.katalon.core.main.TestCaseMain.runTestCase(TestCaseMain.java:114)
	at com.kms.katalon.core.keyword.builtin.CallTestCaseKeyword$_callTestCase_closure1.doCall(CallTestCaseKeyword.groovy:59)
	... 20 more
Caused by: com.kms.katalon.core.exception.StepFailedException: Unable to navigate to 'https://test17.cliotest.com/backoffice/control/main'
	at com.kms.katalon.core.webui.keyword.internal.WebUIKeywordMain.stepFailed(WebUIKeywordMain.groovy:64)
	at com.kms.katalon.core.webui.keyword.internal.WebUIKeywordMain.runKeyword(WebUIKeywordMain.groovy:26)
	at com.kms.katalon.core.webui.keyword.builtin.NavigateToUrlKeyword.navigateToUrl(NavigateToUrlKeyword.groovy:83)
	at com.kms.katalon.core.webui.keyword.builtin.NavigateToUrlKeyword.execute(NavigateToUrlKeyword.groovy:67)
	at com.kms.katalon.core.keyword.internal.KeywordExecutor.executeKeywordForPlatform(KeywordExecutor.groovy:56)
	at com.kms.katalon.core.webui.keyword.WebUiBuiltInKeywords.navigateToUrl(WebUiBuiltInKeywords.groovy:183)
	at com.kms.katalon.core.webui.keyword.WebUiBuiltInKeywords$navigateToUrl$1.call(Unknown Source)
	at backOfficeLogin.run(backOfficeLogin:19)
	at com.kms.katalon.core.main.ScriptEngine.run(ScriptEngine.java:194)
	at com.kms.katalon.core.main.ScriptEngine.runScriptAsRawText(ScriptEngine.java:119)
	at com.kms.katalon.core.main.TestCaseExecutor.runScript(TestCaseExecutor.java:342)
	at com.kms.katalon.core.main.TestCaseExecutor.doExecute(TestCaseExecutor.java:333)
	at com.kms.katalon.core.main.TestCaseExecutor.processExecutionPhase(TestCaseExecutor.java:312)
	at com.kms.katalon.core.main.TestCaseExecutor.accessMainPhase(TestCaseExecutor.java:304)
	at com.kms.katalon.core.main.TestCaseExecutor.execute(TestCaseExecutor.java:238)
	at com.kms.katalon.core.main.TestCaseMain.runTestCase(TestCaseMain.java:114)
	at com.kms.katalon.core.keyword.builtin.CallTestCaseKeyword$_callTestCase_closure1.doCall(CallTestCaseKeyword.groovy:59)
	... 36 more
Caused by: com.kms.katalon.core.webui.exception.BrowserNotOpenedException: Browser is not opened
Build info: version: '3.7.1', revision: '8a0099a', time: '2017-11-06T21:07:36.161Z'
System info: host: 'NIVEDITA', ip: '10.0.102.159', os.name: 'Windows 8.1', os.arch: 'amd64', os.version: '6.3', java.version: '1.8.0_181'
Driver info: driver.version: unknown
	at com.kms.katalon.core.webui.driver.DriverFactory.verifyWebDriverIsOpen(DriverFactory.java:632)
	at com.kms.katalon.core.webui.driver.DriverFactory.verifyWebDriver(DriverFactory.java:617)
	at com.kms.katalon.core.webui.driver.DriverFactory.getWebDriver(DriverFactory.java:603)
	at com.kms.katalon.core.webui.keyword.builtin.NavigateToUrlKeyword$_navigateToUrl_closure1.doCall(NavigateToUrlKeyword.groovy:80)
	at com.kms.katalon.core.webui.keyword.builtin.NavigateToUrlKeyword$_navigateToUrl_closure1.call(NavigateToUrlKeyword.groovy)
	at com.kms.katalon.core.webui.keyword.internal.WebUIKeywordMain.runKeyword(WebUIKeywordMain.groovy:20)
	at com.kms.katalon.core.webui.keyword.builtin.NavigateToUrlKeyword.navigateToUrl(NavigateToUrlKeyword.groovy:83)
	at com.kms.katalon.core.webui.keyword.builtin.NavigateToUrlKeyword.execute(NavigateToUrlKeyword.groovy:67)
	at com.kms.katalon.core.keyword.internal.KeywordExecutor.executeKeywordForPlatform(KeywordExecutor.groovy:56)
	at com.kms.katalon.core.webui.keyword.WebUiBuiltInKeywords.navigateToUrl(WebUiBuiltInKeywords.groovy:183)
	at com.kms.katalon.core.webui.keyword.WebUiBuiltInKeywords$navigateToUrl$1.call(Unknown Source)
	at Script1557240766587.run(Script1557240766587.groovy:19)
	at com.kms.katalon.core.main.ScriptEngine.run(ScriptEngine.java:194)
	at com.kms.katalon.core.main.ScriptEngine.runScriptAsRawText(ScriptEngine.java:119)
	at com.kms.katalon.core.main.TestCaseExecutor.runScript(TestCaseExecutor.java:342)
	at com.kms.katalon.core.main.TestCaseExecutor.doExecute(TestCaseExecutor.java:333)
	at com.kms.katalon.core.main.TestCaseExecutor.processExecutionPhase(TestCaseExecutor.java:312)
	at com.kms.katalon.core.main.TestCaseExecutor.accessMainPhase(TestCaseExecutor.java:304)
	at com.kms.katalon.core.main.TestCaseExecutor.execute(TestCaseExecutor.java:238)
	at com.kms.katalon.core.main.TestCaseMain.runTestCase(TestCaseMain.java:114)
	at com.kms.katalon.core.keyword.builtin.CallTestCaseKeyword$_callTestCase_closure1.doCall(CallTestCaseKeyword.groovy:59)
	at com.kms.katalon.core.keyword.builtin.CallTestCaseKeyword$_callTestCase_closure1.call(CallTestCaseKeyword.groovy)
	at com.kms.katalon.core.keyword.internal.KeywordMain.runKeyword(KeywordMain.groovy:66)
	at com.kms.katalon.core.keyword.builtin.CallTestCaseKeyword.callTestCase(CallTestCaseKeyword.groovy:81)
	at com.kms.katalon.core.keyword.builtin.CallTestCaseKeyword.execute(CallTestCaseKeyword.groovy:44)
	at com.kms.katalon.core.keyword.internal.KeywordExecutor.executeKeywordForPlatform(KeywordExecutor.groovy:56)
	at com.kms.katalon.core.keyword.BuiltinKeywords.callTestCase(BuiltinKeywords.groovy:334)
	at Script1557750883126.run(Script1557750883126.groovy:22)
	at com.kms.katalon.core.main.ScriptEngine.run(ScriptEngine.java:194)
	at com.kms.katalon.core.main.ScriptEngine.runScriptAsRawText(ScriptEngine.java:119)
	at com.kms.katalon.core.main.TestCaseExecutor.runScript(TestCaseExecutor.java:342)
	at com.kms.katalon.core.main.TestCaseExecutor.doExecute(TestCaseExecutor.java:333)
	at com.kms.katalon.core.main.TestCaseExecutor.processExecutionPhase(TestCaseExecutor.java:312)
	at com.kms.katalon.core.main.TestCaseExecutor.accessMainPhase(TestCaseExecutor.java:304)
	at com.kms.katalon.core.main.TestCaseExecutor.execute(TestCaseExecutor.java:238)
	at com.kms.katalon.core.main.TestCaseMain.runTestCase(TestCaseMain.java:114)
	at com.kms.katalon.core.keyword.builtin.CallTestCaseKeyword$_callTestCase_closure1.doCall(CallTestCaseKeyword.groovy:59)
	at com.kms.katalon.core.keyword.builtin.CallTestCaseKeyword$_callTestCase_closure1.call(CallTestCaseKeyword.groovy)
	at com.kms.katalon.core.keyword.internal.KeywordMain.runKeyword(KeywordMain.groovy:66)
	at com.kms.katalon.core.keyword.builtin.CallTestCaseKeyword.callTestCase(CallTestCaseKeyword.groovy:81)
	at com.kms.katalon.core.keyword.builtin.CallTestCaseKeyword.execute(CallTestCaseKeyword.groovy:44)
	at com.kms.katalon.core.keyword.internal.KeywordExecutor.executeKeywordForPlatform(KeywordExecutor.groovy:56)
	at com.kms.katalon.core.keyword.BuiltinKeywords.callTestCase(BuiltinKeywords.groovy:334)
	at Script1556094498836.run(Script1556094498836.groovy:121)
	... 13 more]]></system-err>
   </testsuite>
</testsuites>
