<?xml version="1.0" encoding="UTF-8"?>
<testsuites name="MicrositeTestSuite" time="333" tests="2" failures="0" errors="0">
   <testsuite name="MicrositeTestSuite" tests="2" failures="0" errors="0" time="333" timestamp="2019-04-09 18:18:01" hostname="user - 10.0.102.159" id="Test Suites/MicrositeTestSuite">
      <properties>
         <property name="deviceName" value=""/>
         <property name="devicePlatform" value=""/>
         <property name="logFolder" value="C:\\Users\\user\\Katalon Studio\\ShowMicrositeTesting\\Reports\\MicrositeTestSuite\\20190409_181757"/>
         <property name="logFiles" value="C:\\Users\\user\\Katalon Studio\\ShowMicrositeTesting\\Reports\\MicrositeTestSuite\\20190409_181757\\execution0.log"/>
         <property name="attachments" value=""/>
         <property name="hostName" value="user - 10.0.102.159"/>
         <property name="os" value="Windows 8.1 64bit"/>
         <property name="katalonVersion" value="6.0.5.10"/>
         <property name="browser" value="Chrome 73.0.3683.103"/>
         <property name="hostAddress" value="10.0.102.159"/>
         <property name="sessionId" value="e3f83fc2b35a3957b3f7ac8df06a8726"/>
         <property name="seleniumVersion" value="3.7.1"/>
         <property name="proxyInformation" value="ProxyInformation{proxyOption=NO_PROXY, proxyServerType=HTTP, password=, proxyServerAddress=, proxyServerPort=0}"/>
         <property name="platform" value="Windows 8.1"/>
      </properties>
      <testcase name="Test Cases/createShow" classname="Test Cases/createShow" status="PASSED">
         <system-out><![CDATA[2019-04-09 18:18:01 - [TEST_CASE][PASSED] - Test Cases/createShow: Test Cases/createShow

2019-04-09 18:18:02 - [TEST_STEP][PASSED] - openBrowser(""): Browser is opened with url: ''

2019-04-09 18:18:03 - [MESSAGE][INFO] - Starting 'Chrome' driver

2019-04-09 18:18:03 - [MESSAGE][INFO] - Action delay is set to 0 seconds

2019-04-09 18:18:06 - [MESSAGE][PASSED] - Browser is opened with url: ''

2019-04-09 18:18:06 - [TEST_STEP][PASSED] - maximizeWindow(): Current window maximized

2019-04-09 18:18:07 - [MESSAGE][PASSED] - Current window maximized

2019-04-09 18:18:07 - [TEST_STEP][PASSED] - navigateToUrl(findTestData("virtualShowData").getValue(7, 1)): Navigate to 'https://test19.cliotest.com/backoffice/control/main' successfully

2019-04-09 18:18:16 - [MESSAGE][PASSED] - Navigate to 'https://test19.cliotest.com/backoffice/control/main' successfully

2019-04-09 18:18:16 - [TEST_STEP][PASSED] - setText(findTestObject("Page_cabi/input_username"), findTestData("virtualShowData").getValue(1, 1)): Text '400000002' is set on object 'Object Repository/Page_cabi/input_username'

2019-04-09 18:18:16 - [MESSAGE][PASSED] - Text '400000002' is set on object 'Object Repository/Page_cabi/input_username'

2019-04-09 18:18:16 - [TEST_STEP][PASSED] - setText(findTestObject("Page_cabi/input_password"), findTestData("virtualShowData").getValue(2, 1)): Text 'blackdress19' is set on object 'Object Repository/Page_cabi/input_password'

2019-04-09 18:18:16 - [MESSAGE][PASSED] - Text 'blackdress19' is set on object 'Object Repository/Page_cabi/input_password'

2019-04-09 18:18:16 - [TEST_STEP][PASSED] - click(findTestObject("Page_cabi/input_consultantLogin")): Object: 'Object Repository/Page_cabi/input_consultantLogin' is clicked on

2019-04-09 18:18:24 - [MESSAGE][PASSED] - Object: 'Object Repository/Page_cabi/input_consultantLogin' is clicked on

2019-04-09 18:18:24 - [TEST_STEP][PASSED] - delay(10): Delayed 10 second(s)

2019-04-09 18:18:34 - [MESSAGE][PASSED] - Delayed 10 second(s)

2019-04-09 18:18:34 - [TEST_STEP][PASSED] - verifyElementText(findTestObject("Page_cabi/span_username"), findTestData("virtualShowData").getValue(17, 1)): Actual text and expected text of test object 'Object Repository/Page_cabi/span_username' are matched.

2019-04-09 18:18:35 - [MESSAGE][PASSED] - Actual text and expected text of test object 'Object Repository/Page_cabi/span_username' are matched.

2019-04-09 18:18:35 - [TEST_STEP][PASSED] - rightClick(findTestObject("Page_cabi Home/a_shows _orders")): Object: 'Object Repository/Page_cabi Home/a_shows _orders' is right clicked on

2019-04-09 18:18:35 - [MESSAGE][PASSED] - Object: 'Object Repository/Page_cabi Home/a_shows _orders' is right clicked on

2019-04-09 18:18:35 - [TEST_STEP][PASSED] - click(findTestObject("Page_cabi Home/a_Create_A_Show")): Object: 'Object Repository/Page_cabi Home/a_Create_A_Show' is clicked on

2019-04-09 18:18:39 - [MESSAGE][PASSED] - Object: 'Object Repository/Page_cabi Home/a_Create_A_Show' is clicked on

2019-04-09 18:18:39 - [TEST_STEP][PASSED] - setText(findTestObject("Page_cabi Create Show - Set Hostess/input_Hostess"), findTestData("virtualShowData").getValue(3, 1)): Text 'neohost1 abc' is set on object 'Object Repository/Page_cabi Create Show - Set Hostess/input_Hostess'

2019-04-09 18:18:39 - [MESSAGE][PASSED] - Text 'neohost1 abc' is set on object 'Object Repository/Page_cabi Create Show - Set Hostess/input_Hostess'

2019-04-09 18:18:39 - [TEST_STEP][PASSED] - rightClick(findTestObject("Page_cabi Create Show - Set Hostess/input_Hostess")): Object: 'Object Repository/Page_cabi Create Show - Set Hostess/input_Hostess' is right clicked on

2019-04-09 18:18:39 - [MESSAGE][PASSED] - Object: 'Object Repository/Page_cabi Create Show - Set Hostess/input_Hostess' is right clicked on

2019-04-09 18:18:39 - [TEST_STEP][PASSED] - click(findTestObject("Page_cabi Create Show - Set Hostess/a_select_hostess")): Object: 'Object Repository/Page_cabi Create Show - Set Hostess/a_select_hostess' is clicked on

2019-04-09 18:18:40 - [MESSAGE][PASSED] - Object: 'Object Repository/Page_cabi Create Show - Set Hostess/a_select_hostess' is clicked on

2019-04-09 18:18:40 - [TEST_STEP][PASSED] - setText(findTestObject("Page_cabi Create Show - Set Hostess/input_Hostess_Txt"), findTestData("virtualShowData").getValue(3, 1)): Text 'neohost1 abc' is set on object 'Object Repository/Page_cabi Create Show - Set Hostess/input_Hostess_Txt'

2019-04-09 18:18:40 - [MESSAGE][PASSED] - Text 'neohost1 abc' is set on object 'Object Repository/Page_cabi Create Show - Set Hostess/input_Hostess_Txt'

2019-04-09 18:18:40 - [TEST_STEP][PASSED] - validateHostessAddressMsg = findWebElements(findTestObject("Page_cabi Create Show - Set Hostess/validate_address_msg"), 5): null

2019-04-09 18:18:40 - [TEST_STEP][PASSED] - println(validateHostessAddressMsg.size()): null

2019-04-09 18:18:40 - [TEST_STEP][PASSED] - if (validateHostessAddressMsg.isEmpty()): null

2019-04-09 18:18:40 - [TEST_STEP][PASSED] - selectOptionByValue(findTestObject("Page_cabi Create Show - Set Hostess/select_Choose_From_Contacts_Co-Hostess"), "3", true): All options with value '3' are selected in object 'Object Repository/Page_cabi Create Show - Set Hostess/select_Choose_From_Contacts_Co-Hostess'  using regular expression

2019-04-09 18:18:40 - [MESSAGE][PASSED] - All options with value '3' are selected in object 'Object Repository/Page_cabi Create Show - Set Hostess/select_Choose_From_Contacts_Co-Hostess'  using regular expression

2019-04-09 18:18:40 - [TEST_STEP][PASSED] - setText(findTestObject("Page_cabi Create Show - Set Hostess/input_Cohostess"), findTestData("virtualShowData").getValue(4, 1)): Text 'neocohost1 abc' is set on object 'Object Repository/Page_cabi Create Show - Set Hostess/input_Cohostess'

2019-04-09 18:18:41 - [MESSAGE][PASSED] - Text 'neocohost1 abc' is set on object 'Object Repository/Page_cabi Create Show - Set Hostess/input_Cohostess'

2019-04-09 18:18:41 - [TEST_STEP][PASSED] - rightClick(findTestObject("Page_cabi Create Show - Set Hostess/input_Cohostess")): Object: 'Object Repository/Page_cabi Create Show - Set Hostess/input_Cohostess' is right clicked on

2019-04-09 18:18:41 - [MESSAGE][PASSED] - Object: 'Object Repository/Page_cabi Create Show - Set Hostess/input_Cohostess' is right clicked on

2019-04-09 18:18:41 - [TEST_STEP][PASSED] - rightClick(findTestObject("Page_cabi Create Show - Set Hostess/input_Cohostess")): Object: 'Object Repository/Page_cabi Create Show - Set Hostess/input_Cohostess' is right clicked on

2019-04-09 18:18:41 - [MESSAGE][PASSED] - Object: 'Object Repository/Page_cabi Create Show - Set Hostess/input_Cohostess' is right clicked on

2019-04-09 18:18:41 - [TEST_STEP][PASSED] - click(findTestObject("Page_cabi Create Show - Set Hostess/a_select_cohostess")): Object: 'Object Repository/Page_cabi Create Show - Set Hostess/a_select_cohostess' is clicked on

2019-04-09 18:18:41 - [MESSAGE][PASSED] - Object: 'Object Repository/Page_cabi Create Show - Set Hostess/a_select_cohostess' is clicked on

2019-04-09 18:18:41 - [TEST_STEP][PASSED] - setText(findTestObject("Page_cabi Create Show - Set Hostess/input_Cohostess"), findTestData("virtualShowData").getValue(4, 1)): Text 'neocohost1 abc' is set on object 'Object Repository/Page_cabi Create Show - Set Hostess/input_Cohostess'

2019-04-09 18:18:42 - [MESSAGE][PASSED] - Text 'neocohost1 abc' is set on object 'Object Repository/Page_cabi Create Show - Set Hostess/input_Cohostess'

2019-04-09 18:18:42 - [TEST_STEP][PASSED] - validateHostessAddressMsg = findWebElements(findTestObject("Page_cabi Create Show - Set Hostess/validate_address_msg"), 5): null

2019-04-09 18:18:42 - [TEST_STEP][PASSED] - if (validateHostessAddressMsg.size() != 4): null

2019-04-09 18:18:42 - [TEST_STEP][PASSED] - click(findTestObject("Page_cabi Create Show - Set Hostess/input_next")): Object: 'Object Repository/Page_cabi Create Show - Set Hostess/input_next' is clicked on

2019-04-09 18:18:44 - [MESSAGE][PASSED] - Object: 'Object Repository/Page_cabi Create Show - Set Hostess/input_next' is clicked on

2019-04-09 18:18:44 - [TEST_STEP][PASSED] - delay(5): Delayed 5 second(s)

2019-04-09 18:18:49 - [MESSAGE][PASSED] - Delayed 5 second(s)

2019-04-09 18:18:49 - [TEST_STEP][PASSED] - click(findTestObject("Page_cabi Create Show - Time and Place/check_Virtual_Show")): Object: 'Object Repository/Page_cabi Create Show - Time and Place/check_Virtual_Show' is clicked on

2019-04-09 18:18:49 - [MESSAGE][PASSED] - Object: 'Object Repository/Page_cabi Create Show - Time and Place/check_Virtual_Show' is clicked on

2019-04-09 18:18:49 - [TEST_STEP][PASSED] - rightClick(findTestObject("Page_cabi Create Show - Time and Place/input_Show_Date_Time")): Object: 'Object Repository/Page_cabi Create Show - Time and Place/input_Show_Date_Time' is right clicked on

2019-04-09 18:18:49 - [MESSAGE][PASSED] - Object: 'Object Repository/Page_cabi Create Show - Time and Place/input_Show_Date_Time' is right clicked on

2019-04-09 18:18:49 - [TEST_STEP][PASSED] - rightClick(findTestObject("Object Repository/Page_cabi Create Show - Time and Place/a_18")): Object: 'Object Repository/Page_cabi Create Show - Time and Place/a_18' is right clicked on

2019-04-09 18:18:49 - [MESSAGE][PASSED] - Object: 'Object Repository/Page_cabi Create Show - Time and Place/a_18' is right clicked on

2019-04-09 18:18:49 - [TEST_STEP][PASSED] - click(findTestObject("Object Repository/Page_cabi Create Show - Time and Place/a_18")): Object: 'Object Repository/Page_cabi Create Show - Time and Place/a_18' is clicked on

2019-04-09 18:18:49 - [MESSAGE][PASSED] - Object: 'Object Repository/Page_cabi Create Show - Time and Place/a_18' is clicked on

2019-04-09 18:18:49 - [TEST_STEP][PASSED] - click(findTestObject("Page_cabi Create Show - Time and Place/a_select_End_Time")): Object: 'Object Repository/Page_cabi Create Show - Time and Place/a_select_End_Time' is clicked on

2019-04-09 18:18:49 - [MESSAGE][PASSED] - Object: 'Object Repository/Page_cabi Create Show - Time and Place/a_select_End_Time' is clicked on

2019-04-09 18:18:49 - [TEST_STEP][PASSED] - click(findTestObject("Page_cabi Create Show - Time and Place/input_next")): Object: 'Object Repository/Page_cabi Create Show - Time and Place/input_next' is clicked on

2019-04-09 18:18:49 - [MESSAGE][PASSED] - Object: 'Object Repository/Page_cabi Create Show - Time and Place/input_next' is clicked on

2019-04-09 18:18:49 - [TEST_STEP][PASSED] - delay(5): Delayed 5 second(s)

2019-04-09 18:18:54 - [MESSAGE][PASSED] - Delayed 5 second(s)

2019-04-09 18:18:54 - [TEST_STEP][PASSED] - click(findTestObject("Page_cabi Create Show - Invite Hostess/input_Skip_Invite")): Object: 'Object Repository/Page_cabi Create Show - Invite Hostess/input_Skip_Invite' is clicked on

2019-04-09 18:18:56 - [MESSAGE][PASSED] - Object: 'Object Repository/Page_cabi Create Show - Invite Hostess/input_Skip_Invite' is clicked on

2019-04-09 18:18:56 - [TEST_STEP][PASSED] - rightClick(findTestObject("Page_cabi Edit Show - Add Guests/contact_search_box")): Object: 'Object Repository/Page_cabi Edit Show - Add Guests/contact_search_box' is right clicked on

2019-04-09 18:18:56 - [MESSAGE][PASSED] - Object: 'Object Repository/Page_cabi Edit Show - Add Guests/contact_search_box' is right clicked on

2019-04-09 18:18:56 - [TEST_STEP][PASSED] - setText(findTestObject("Page_cabi Edit Show - Add Guests/contact_search_box"), findTestData("virtualShowData").getValue(5, 1)): Text 'neoguest1 abc' is set on object 'Object Repository/Page_cabi Edit Show - Add Guests/contact_search_box'

2019-04-09 18:18:56 - [MESSAGE][PASSED] - Text 'neoguest1 abc' is set on object 'Object Repository/Page_cabi Edit Show - Add Guests/contact_search_box'

2019-04-09 18:18:56 - [TEST_STEP][PASSED] - click(findTestObject("Page_cabi Edit Show - Add Guests/plus_add_guest")): Object: 'Object Repository/Page_cabi Edit Show - Add Guests/plus_add_guest' is clicked on

2019-04-09 18:18:56 - [MESSAGE][PASSED] - Object: 'Object Repository/Page_cabi Edit Show - Add Guests/plus_add_guest' is clicked on

2019-04-09 18:18:56 - [TEST_STEP][PASSED] - rightClick(findTestObject("Page_cabi Edit Show - Add Guests/plus_add_guest")): Object: 'Object Repository/Page_cabi Edit Show - Add Guests/plus_add_guest' is right clicked on

2019-04-09 18:18:56 - [MESSAGE][PASSED] - Object: 'Object Repository/Page_cabi Edit Show - Add Guests/plus_add_guest' is right clicked on

2019-04-09 18:18:56 - [TEST_STEP][PASSED] - rightClick(findTestObject("Page_cabi Edit Show - Add Guests/plus_add_guest")): Object: 'Object Repository/Page_cabi Edit Show - Add Guests/plus_add_guest' is right clicked on

2019-04-09 18:18:56 - [MESSAGE][PASSED] - Object: 'Object Repository/Page_cabi Edit Show - Add Guests/plus_add_guest' is right clicked on

2019-04-09 18:18:56 - [TEST_STEP][PASSED] - click(findTestObject("Page_cabi Edit Show - Add Guests/plus_add_guest")): Object: 'Object Repository/Page_cabi Edit Show - Add Guests/plus_add_guest' is clicked on

2019-04-09 18:18:57 - [MESSAGE][PASSED] - Object: 'Object Repository/Page_cabi Edit Show - Add Guests/plus_add_guest' is clicked on

2019-04-09 18:18:57 - [TEST_STEP][PASSED] - delay(5): Delayed 5 second(s)

2019-04-09 18:19:02 - [MESSAGE][PASSED] - Delayed 5 second(s)

2019-04-09 18:19:02 - [TEST_STEP][PASSED] - click(findTestObject("Page_cabi Edit Show - Add Guests/i_span_add_guest")): Object: 'Object Repository/Page_cabi Edit Show - Add Guests/i_span_add_guest' is clicked on

2019-04-09 18:19:02 - [MESSAGE][PASSED] - Object: 'Object Repository/Page_cabi Edit Show - Add Guests/i_span_add_guest' is clicked on

2019-04-09 18:19:02 - [TEST_STEP][PASSED] - rightClick(findTestObject("Page_cabi Edit Show - Add Guests/contact_search_box")): Object: 'Object Repository/Page_cabi Edit Show - Add Guests/contact_search_box' is right clicked on

2019-04-09 18:19:02 - [MESSAGE][PASSED] - Object: 'Object Repository/Page_cabi Edit Show - Add Guests/contact_search_box' is right clicked on

2019-04-09 18:19:02 - [TEST_STEP][PASSED] - setText(findTestObject("Page_cabi Edit Show - Add Guests/contact_search_box"), findTestData("virtualShowData").getValue(6, 1)): Text 'michigan contact' is set on object 'Object Repository/Page_cabi Edit Show - Add Guests/contact_search_box'

2019-04-09 18:19:02 - [MESSAGE][PASSED] - Text 'michigan contact' is set on object 'Object Repository/Page_cabi Edit Show - Add Guests/contact_search_box'

2019-04-09 18:19:02 - [TEST_STEP][PASSED] - rightClick(findTestObject("Page_cabi Edit Show - Add Guests/contact_search_box")): Object: 'Object Repository/Page_cabi Edit Show - Add Guests/contact_search_box' is right clicked on

2019-04-09 18:19:02 - [MESSAGE][PASSED] - Object: 'Object Repository/Page_cabi Edit Show - Add Guests/contact_search_box' is right clicked on

2019-04-09 18:19:02 - [TEST_STEP][PASSED] - click(findTestObject("Page_cabi Edit Show - Add Guests/plus_add_guest")): Object: 'Object Repository/Page_cabi Edit Show - Add Guests/plus_add_guest' is clicked on

2019-04-09 18:19:02 - [MESSAGE][PASSED] - Object: 'Object Repository/Page_cabi Edit Show - Add Guests/plus_add_guest' is clicked on

2019-04-09 18:19:02 - [TEST_STEP][PASSED] - rightClick(findTestObject("Page_cabi Edit Show - Add Guests/plus_add_guest")): Object: 'Object Repository/Page_cabi Edit Show - Add Guests/plus_add_guest' is right clicked on

2019-04-09 18:19:02 - [MESSAGE][PASSED] - Object: 'Object Repository/Page_cabi Edit Show - Add Guests/plus_add_guest' is right clicked on

2019-04-09 18:19:02 - [TEST_STEP][PASSED] - rightClick(findTestObject("Page_cabi Edit Show - Add Guests/plus_add_guest")): Object: 'Object Repository/Page_cabi Edit Show - Add Guests/plus_add_guest' is right clicked on

2019-04-09 18:19:03 - [MESSAGE][PASSED] - Object: 'Object Repository/Page_cabi Edit Show - Add Guests/plus_add_guest' is right clicked on

2019-04-09 18:19:03 - [TEST_STEP][PASSED] - click(findTestObject("Page_cabi Edit Show - Add Guests/plus_add_guest")): Object: 'Object Repository/Page_cabi Edit Show - Add Guests/plus_add_guest' is clicked on

2019-04-09 18:19:03 - [MESSAGE][PASSED] - Object: 'Object Repository/Page_cabi Edit Show - Add Guests/plus_add_guest' is clicked on

2019-04-09 18:19:03 - [TEST_STEP][PASSED] - delay(5): Delayed 5 second(s)

2019-04-09 18:19:08 - [MESSAGE][PASSED] - Delayed 5 second(s)

2019-04-09 18:19:08 - [TEST_STEP][PASSED] - click(findTestObject("Page_cabi Edit Show - Add Guests/i_span_add_guest")): Object: 'Object Repository/Page_cabi Edit Show - Add Guests/i_span_add_guest' is clicked on

2019-04-09 18:19:08 - [MESSAGE][PASSED] - Object: 'Object Repository/Page_cabi Edit Show - Add Guests/i_span_add_guest' is clicked on

2019-04-09 18:19:08 - [TEST_STEP][PASSED] - delay(5): Delayed 5 second(s)

2019-04-09 18:19:13 - [MESSAGE][PASSED] - Delayed 5 second(s)

2019-04-09 18:19:13 - [TEST_STEP][PASSED] - verifyElementText(findTestObject("Page_cabi Edit Show - Add Guests/span_hostess_name"), findTestData("virtualShowData").getValue(18, 1)): Actual text and expected text of test object 'Object Repository/Page_cabi Edit Show - Add Guests/span_hostess_name' are matched.

2019-04-09 18:19:13 - [MESSAGE][PASSED] - Actual text and expected text of test object 'Object Repository/Page_cabi Edit Show - Add Guests/span_hostess_name' are matched.

2019-04-09 18:19:13 - [TEST_STEP][PASSED] - verifyElementText(findTestObject("Page_cabi Edit Show - Add Guests/span_cohostess_name"), findTestData("virtualShowData").getValue(19, 1)): Actual text and expected text of test object 'Object Repository/Page_cabi Edit Show - Add Guests/span_cohostess_name' are matched.

2019-04-09 18:19:13 - [MESSAGE][PASSED] - Actual text and expected text of test object 'Object Repository/Page_cabi Edit Show - Add Guests/span_cohostess_name' are matched.

2019-04-09 18:19:13 - [TEST_STEP][PASSED] - listElement = findWebElements(findTestObject("Page_cabi Edit Show - Add Guests/span_guest_name_list"), 5): null

2019-04-09 18:19:13 - [TEST_STEP][PASSED] - guestCount = Integer.parseInt(findTestData("virtualShowData").getValue(20, 1)): null

2019-04-09 18:19:13 - [TEST_STEP][PASSED] - assert listElement.size() == guestCount: null

2019-04-09 18:19:13 - [TEST_STEP][PASSED] - flag = false: null

2019-04-09 18:19:13 - [TEST_STEP][PASSED] - for ([i = 0, i < guestCount, (i++)]): null

2019-04-09 18:19:13 - [TEST_STEP][PASSED] - flag = false: null

2019-04-09 18:19:13 - [TEST_STEP][PASSED] - for (org.openqa.selenium.WebElement we : listElement): null

2019-04-09 18:19:13 - [TEST_STEP][PASSED] - println(we.getText()): null

2019-04-09 18:19:13 - [TEST_STEP][PASSED] - if (getText().equals(findTestData("virtualShowData").getValue(21 + i, 1))): null

2019-04-09 18:19:13 - [TEST_STEP][PASSED] - println(we.getText()): null

2019-04-09 18:19:13 - [TEST_STEP][PASSED] - if (getText().equals(findTestData("virtualShowData").getValue(21 + i, 1))): null

2019-04-09 18:19:13 - [TEST_STEP][PASSED] - flag = true: null

2019-04-09 18:19:13 - [TEST_STEP][PASSED] - flag = false: null

2019-04-09 18:19:13 - [TEST_STEP][PASSED] - for (org.openqa.selenium.WebElement we : listElement): null

2019-04-09 18:19:13 - [TEST_STEP][PASSED] - println(we.getText()): null

2019-04-09 18:19:13 - [TEST_STEP][PASSED] - if (getText().equals(findTestData("virtualShowData").getValue(21 + i, 1))): null

2019-04-09 18:19:13 - [TEST_STEP][PASSED] - flag = true: null

2019-04-09 18:19:13 - [TEST_STEP][PASSED] - println(we.getText()): null

2019-04-09 18:19:13 - [TEST_STEP][PASSED] - if (getText().equals(findTestData("virtualShowData").getValue(21 + i, 1))): null

2019-04-09 18:19:13 - [TEST_STEP][PASSED] - assert flag == true: null

2019-04-09 18:19:13 - [TEST_STEP][PASSED] - click(findTestObject("Page_cabi Edit Show - Add Guests/input_Next")): Object: 'Object Repository/Page_cabi Edit Show - Add Guests/input_Next' is clicked on

2019-04-09 18:19:17 - [MESSAGE][PASSED] - Object: 'Object Repository/Page_cabi Edit Show - Add Guests/input_Next' is clicked on

2019-04-09 18:19:17 - [TEST_STEP][PASSED] - delay(5): Delayed 5 second(s)

2019-04-09 18:19:22 - [MESSAGE][PASSED] - Delayed 5 second(s)

2019-04-09 18:19:22 - [TEST_STEP][PASSED] - click(findTestObject("Page_cabi Edit Show - Send Invitations/input_Overview")): Object: 'Object Repository/Page_cabi Edit Show - Send Invitations/input_Overview' is clicked on

2019-04-09 18:19:24 - [MESSAGE][PASSED] - Object: 'Object Repository/Page_cabi Edit Show - Send Invitations/input_Overview' is clicked on

2019-04-09 18:19:24 - [TEST_STEP][PASSED] - showID = getText(findTestObject("Page_cabi Orders/li_Show_ID_Text")): Text of object 'Object Repository/Page_cabi Orders/li_Show_ID_Text' is: 'Show #: 104516894'

2019-04-09 18:19:24 - [MESSAGE][PASSED] - Text of object 'Object Repository/Page_cabi Orders/li_Show_ID_Text' is: 'Show #: 104516894'

2019-04-09 18:19:24 - [TEST_STEP][PASSED] - rightClick(findTestObject("Object Repository/Page_cabi Orders/a_Account")): Object: 'Object Repository/Page_cabi Orders/a_Account' is right clicked on

2019-04-09 18:19:24 - [MESSAGE][PASSED] - Object: 'Object Repository/Page_cabi Orders/a_Account' is right clicked on

2019-04-09 18:19:24 - [TEST_STEP][PASSED] - click(findTestObject("Object Repository/Page_cabi Orders/a_My Profile")): Object: 'Object Repository/Page_cabi Orders/a_My Profile' is clicked on

2019-04-09 18:19:25 - [MESSAGE][PASSED] - Object: 'Object Repository/Page_cabi Orders/a_My Profile' is clicked on

2019-04-09 18:19:25 - [TEST_STEP][PASSED] - rsName = getText(findTestObject("Page_cabi My Profile/span_rsName")): Text of object 'Object Repository/Page_cabi My Profile/span_rsName' is: 'MirandaKate'

2019-04-09 18:19:25 - [MESSAGE][PASSED] - Text of object 'Object Repository/Page_cabi My Profile/span_rsName' is: 'MirandaKate'

2019-04-09 18:19:25 - [TEST_STEP][PASSED] - cabitTestEnvt = findTestData("virtualShowData").getValue(8, 1): null

2019-04-09 18:19:25 - [TEST_STEP][PASSED] - micrositeURL = WriteExcel.createURL(rsName, cabitTestEnvt, showID): null

2019-04-09 18:19:25 - [TEST_STEP][PASSED] - myPack.WriteExcel.demoKey(micrositeURL): myPack.WriteExcel.demoKey is PASSED

2019-04-09 18:19:26 - [MESSAGE][PASSED] - myPack.WriteExcel.demoKey is PASSED

2019-04-09 18:19:26 - [TEST_STEP][PASSED] - closeBrowser(): Browser is closed

2019-04-09 18:19:26 - [MESSAGE][PASSED] - Browser is closed]]></system-out>
         <system-err><![CDATA[]]></system-err>
      </testcase>
      <testcase name="Test Cases/micrositeRSVPValidUser" classname="Test Cases/micrositeRSVPValidUser" status="PASSED">
         <system-out><![CDATA[2019-04-09 18:19:26 - [TEST_CASE][PASSED] - Test Cases/micrositeRSVPValidUser: Test Cases/micrositeRSVPValidUser

2019-04-09 18:19:27 - [TEST_STEP][PASSED] - openBrowser(""): Browser is opened with url: ''

2019-04-09 18:19:27 - [MESSAGE][INFO] - Starting 'Chrome' driver

2019-04-09 18:19:29 - [MESSAGE][PASSED] - Browser is opened with url: ''

2019-04-09 18:19:29 - [TEST_STEP][PASSED] - maximizeWindow(): Current window maximized

2019-04-09 18:19:30 - [MESSAGE][PASSED] - Current window maximized

2019-04-09 18:19:30 - [TEST_STEP][PASSED] - navigateToUrl(findTestData("virtualShowData").getValue(1, 5)): Navigate to 'https://pushofbiz.cliotest.com/login.php' successfully

2019-04-09 18:19:32 - [MESSAGE][PASSED] - Navigate to 'https://pushofbiz.cliotest.com/login.php' successfully

2019-04-09 18:19:32 - [TEST_STEP][PASSED] - setText(findTestObject("Page_/input_Username_username"), findTestData("virtualShowData").getValue(2, 5)): Text 'sshinde' is set on object 'Object Repository/Page_/input_Username_username'

2019-04-09 18:19:32 - [MESSAGE][PASSED] - Text 'sshinde' is set on object 'Object Repository/Page_/input_Username_username'

2019-04-09 18:19:32 - [TEST_STEP][PASSED] - setText(findTestObject("Page_/input_Password_password"), findTestData("virtualShowData").getValue(3, 5)): Text 'C@bi$ush5' is set on object 'Object Repository/Page_/input_Password_password'

2019-04-09 18:19:32 - [MESSAGE][PASSED] - Text 'C@bi$ush5' is set on object 'Object Repository/Page_/input_Password_password'

2019-04-09 18:19:32 - [TEST_STEP][PASSED] - click(findTestObject("Page_/input_Password_Submit")): Object: 'Object Repository/Page_/input_Password_Submit' is clicked on

2019-04-09 18:19:35 - [MESSAGE][PASSED] - Object: 'Object Repository/Page_/input_Password_Submit' is clicked on

2019-04-09 18:19:35 - [TEST_STEP][PASSED] - click(findTestObject("Page_/a_Set Vhost")): Object: 'Object Repository/Page_/a_Set Vhost' is clicked on

2019-04-09 18:19:35 - [MESSAGE][PASSED] - Object: 'Object Repository/Page_/a_Set Vhost' is clicked on

2019-04-09 18:19:35 - [TEST_STEP][PASSED] - selectOptionByValue(findTestObject("Page_/select_cabitestcabitest2cabitest3cabitest4cabitest5virtual_cabitest18virtual_cabitest19virtual_cabitest21virtual_cabitest6virtual_cabitest7virtual_cabitest8virtual_cabitest9"), "19", true): All options with value '19' are selected in object 'Object Repository/Page_/select_cabitestcabitest2cabitest3cabitest4cabitest5virtual_cabitest18virtual_cabitest19virtual_cabitest21virtual_cabitest6virtual_cabitest7virtual_cabitest8virtual_cabitest9'  using regular expression

2019-04-09 18:19:35 - [MESSAGE][PASSED] - All options with value '19' are selected in object 'Object Repository/Page_/select_cabitestcabitest2cabitest3cabitest4cabitest5virtual_cabitest18virtual_cabitest19virtual_cabitest21virtual_cabitest6virtual_cabitest7virtual_cabitest8virtual_cabitest9'  using regular expression

2019-04-09 18:19:35 - [TEST_STEP][PASSED] - click(findTestObject("Page_/input")): Object: 'Object Repository/Page_/input' is clicked on

2019-04-09 18:19:37 - [MESSAGE][PASSED] - Object: 'Object Repository/Page_/input' is clicked on

2019-04-09 18:19:37 - [TEST_STEP][PASSED] - navigateToUrl(findTestData("virtualShowData").getValue(1, 2)): Navigate to 'https://mirandakate.cabitest5.com/show-microsite/104516894/' successfully

2019-04-09 18:19:55 - [MESSAGE][PASSED] - Navigate to 'https://mirandakate.cabitest5.com/show-microsite/104516894/' successfully

2019-04-09 18:19:55 - [TEST_STEP][PASSED] - delay(12): Delayed 12 second(s)

2019-04-09 18:20:07 - [MESSAGE][PASSED] - Delayed 12 second(s)

2019-04-09 18:20:07 - [TEST_STEP][PASSED] - verifyElementText(findTestObject("Object Repository/Page_Show microsite - Cabi Fall 2018 Collection/h1_Youre invited"), "You're invited"): Actual text and expected text of test object 'Object Repository/Page_Show microsite - Cabi Fall 2018 Collection/h1_Youre invited' are matched.

2019-04-09 18:20:07 - [MESSAGE][PASSED] - Actual text and expected text of test object 'Object Repository/Page_Show microsite - Cabi Fall 2018 Collection/h1_Youre invited' are matched.

2019-04-09 18:20:07 - [TEST_STEP][PASSED] - click(findTestObject("Object Repository/Page_Show microsite - Cabi Fall 2018 Collection/button_Login to RSVP")): Object: 'Object Repository/Page_Show microsite - Cabi Fall 2018 Collection/button_Login to RSVP' is clicked on

2019-04-09 18:20:08 - [MESSAGE][PASSED] - Object: 'Object Repository/Page_Show microsite - Cabi Fall 2018 Collection/button_Login to RSVP' is clicked on

2019-04-09 18:20:08 - [TEST_STEP][PASSED] - setText(findTestObject("Object Repository/Page_Show microsite - Cabi Fall 2018 Collection/input_Sign in  Create account_email"), findTestData("virtualShowData").getValue(13, 1)): Text 'neoguest1ab@test.com' is set on object 'Object Repository/Page_Show microsite - Cabi Fall 2018 Collection/input_Sign in  Create account_email'

2019-04-09 18:20:12 - [MESSAGE][PASSED] - Text 'neoguest1ab@test.com' is set on object 'Object Repository/Page_Show microsite - Cabi Fall 2018 Collection/input_Sign in  Create account_email'

2019-04-09 18:20:12 - [TEST_STEP][PASSED] - click(findTestObject("Object Repository/Page_Show microsite - Cabi Fall 2018 Collection/button_Continue")): Object: 'Object Repository/Page_Show microsite - Cabi Fall 2018 Collection/button_Continue' is clicked on

2019-04-09 18:20:12 - [MESSAGE][PASSED] - Object: 'Object Repository/Page_Show microsite - Cabi Fall 2018 Collection/button_Continue' is clicked on

2019-04-09 18:20:12 - [TEST_STEP][PASSED] - delay(5): Delayed 5 second(s)

2019-04-09 18:20:17 - [MESSAGE][PASSED] - Delayed 5 second(s)

2019-04-09 18:20:17 - [TEST_STEP][PASSED] - setText(findTestObject("Object Repository/Page_Show microsite - Cabi Fall 2018 Collection/input_Welcome_password"), findTestData("virtualShowData").getValue(14, 1)): Text 'blackdress19' is set on object 'Object Repository/Page_Show microsite - Cabi Fall 2018 Collection/input_Welcome_password'

2019-04-09 18:20:17 - [MESSAGE][PASSED] - Text 'blackdress19' is set on object 'Object Repository/Page_Show microsite - Cabi Fall 2018 Collection/input_Welcome_password'

2019-04-09 18:20:17 - [TEST_STEP][PASSED] - click(findTestObject("Object Repository/Page_Show microsite - Cabi Fall 2018 Collection/button_Continue")): Object: 'Object Repository/Page_Show microsite - Cabi Fall 2018 Collection/button_Continue' is clicked on

2019-04-09 18:20:17 - [MESSAGE][PASSED] - Object: 'Object Repository/Page_Show microsite - Cabi Fall 2018 Collection/button_Continue' is clicked on

2019-04-09 18:20:17 - [TEST_STEP][PASSED] - delay(5): Delayed 5 second(s)

2019-04-09 18:20:22 - [MESSAGE][PASSED] - Delayed 5 second(s)

2019-04-09 18:20:22 - [TEST_STEP][PASSED] - if (verifyElementPresent(findTestObject("Page_Show microsite - Cabi Fall 2018 Collection/complete_my_profile_later"), 0)): Object: 'Object Repository/Page_Show microsite - Cabi Fall 2018 Collection/div_Ill complete my profile later' is clicked on

2019-04-09 18:20:22 - [MESSAGE][WARNING] - Timeout '0' is invalid. Using default page load timeout: '30'

2019-04-09 18:20:22 - [MESSAGE][PASSED] - Object 'Object Repository/Page_Show microsite - Cabi Fall 2018 Collection/complete_my_profile_later' is present

2019-04-09 18:20:22 - [TEST_STEP][PASSED] - click(findTestObject("Object Repository/Page_Show microsite - Cabi Fall 2018 Collection/div_Ill complete my profile later")): Object: 'Object Repository/Page_Show microsite - Cabi Fall 2018 Collection/div_Ill complete my profile later' is clicked on

2019-04-09 18:20:29 - [MESSAGE][PASSED] - Object: 'Object Repository/Page_Show microsite - Cabi Fall 2018 Collection/div_Ill complete my profile later' is clicked on

2019-04-09 18:20:29 - [TEST_STEP][PASSED] - listElement = findWebElements(findTestObject("Page_Show microsite - Cabi Fall 2018 Collection/div_Update your RSVP"), 5): Unable to find the element located by 'By.xpath: //*[contains(text(), 'Update your RSVP')]'. Please recheck the objects properties to make sure the desired element is located. 

2019-04-09 18:20:34 - [MESSAGE][INFO] - Unable to find the element located by 'By.xpath: //*[contains(text(), 'Update your RSVP')]'. Please recheck the objects properties to make sure the desired element is located. 

2019-04-09 18:20:34 - [TEST_STEP][PASSED] - if (empty): Actual text and expected text of test object 'Object Repository/Page_Show microsite - Cabi Fall 2018 Collection/h2_Were so glad you can make it.' are matched.

2019-04-09 18:20:35 - [TEST_STEP][PASSED] - println("list is empty"): null

2019-04-09 18:20:35 - [TEST_STEP][PASSED] - println("RSVP is not updated"): null

2019-04-09 18:20:35 - [TEST_STEP][PASSED] - click(findTestObject("Object Repository/Page_Show microsite - Cabi Fall 2018 Collection/button_RSVP")): Object: 'Object Repository/Page_Show microsite - Cabi Fall 2018 Collection/button_RSVP' is clicked on

2019-04-09 18:20:35 - [MESSAGE][PASSED] - Object: 'Object Repository/Page_Show microsite - Cabi Fall 2018 Collection/button_RSVP' is clicked on

2019-04-09 18:20:35 - [TEST_STEP][PASSED] - selectOptionByValue(findTestObject("Object Repository/Page_Show microsite - Cabi Fall 2018 Collection/select_RSVPYes Im joiningMaybeNo I cant make it"), "Yes", true): All options with value 'Yes' are selected in object 'Object Repository/Page_Show microsite - Cabi Fall 2018 Collection/select_RSVPYes Im joiningMaybeNo I cant make it'  using regular expression

2019-04-09 18:20:35 - [MESSAGE][PASSED] - All options with value 'Yes' are selected in object 'Object Repository/Page_Show microsite - Cabi Fall 2018 Collection/select_RSVPYes Im joiningMaybeNo I cant make it'  using regular expression

2019-04-09 18:20:35 - [TEST_STEP][PASSED] - click(findTestObject("Object Repository/Page_Show microsite - Cabi Fall 2018 Collection/button_SEND")): Object: 'Object Repository/Page_Show microsite - Cabi Fall 2018 Collection/button_SEND' is clicked on

2019-04-09 18:20:35 - [MESSAGE][PASSED] - Object: 'Object Repository/Page_Show microsite - Cabi Fall 2018 Collection/button_SEND' is clicked on

2019-04-09 18:20:35 - [TEST_STEP][PASSED] - delay(4): Delayed 4 second(s)

2019-04-09 18:20:39 - [MESSAGE][PASSED] - Delayed 4 second(s)

2019-04-09 18:20:39 - [TEST_STEP][PASSED] - verifyElementText(findTestObject("Object Repository/Page_Show microsite - Cabi Fall 2018 Collection/h2_Were so glad you can make it."), "We're so glad you can make it."): Actual text and expected text of test object 'Object Repository/Page_Show microsite - Cabi Fall 2018 Collection/h2_Were so glad you can make it.' are matched.

2019-04-09 18:20:39 - [MESSAGE][PASSED] - Actual text and expected text of test object 'Object Repository/Page_Show microsite - Cabi Fall 2018 Collection/h2_Were so glad you can make it.' are matched.

2019-04-09 18:20:39 - [TEST_STEP][PASSED] - delay(5): Delayed 5 second(s)

2019-04-09 18:20:44 - [MESSAGE][PASSED] - Delayed 5 second(s)

2019-04-09 18:20:44 - [TEST_STEP][PASSED] - click(findTestObject("Object Repository/Page_Show microsite - Cabi Fall 2018 Collection/div_Update your RSVP")): Object: 'Object Repository/Page_Show microsite - Cabi Fall 2018 Collection/div_Update your RSVP' is clicked on

2019-04-09 18:20:44 - [MESSAGE][PASSED] - Object: 'Object Repository/Page_Show microsite - Cabi Fall 2018 Collection/div_Update your RSVP' is clicked on

2019-04-09 18:20:44 - [TEST_STEP][PASSED] - delay(5): Delayed 5 second(s)

2019-04-09 18:20:49 - [MESSAGE][PASSED] - Delayed 5 second(s)

2019-04-09 18:20:49 - [TEST_STEP][PASSED] - selectOptionByValue(findTestObject("Object Repository/Page_Show microsite - Cabi Fall 2018 Collection/select_RSVPYes Im joiningMaybeNo I cant make it"), "Maybe", true): All options with value 'Maybe' are selected in object 'Object Repository/Page_Show microsite - Cabi Fall 2018 Collection/select_RSVPYes Im joiningMaybeNo I cant make it'  using regular expression

2019-04-09 18:20:49 - [MESSAGE][PASSED] - All options with value 'Maybe' are selected in object 'Object Repository/Page_Show microsite - Cabi Fall 2018 Collection/select_RSVPYes Im joiningMaybeNo I cant make it'  using regular expression

2019-04-09 18:20:49 - [TEST_STEP][PASSED] - selectOptionByValue(findTestObject("Object Repository/Page_Show microsite - Cabi Fall 2018 Collection/select_RSVPYes Im joiningMaybeNo I cant make it"), "No", true): All options with value 'No' are selected in object 'Object Repository/Page_Show microsite - Cabi Fall 2018 Collection/select_RSVPYes Im joiningMaybeNo I cant make it'  using regular expression

2019-04-09 18:20:50 - [MESSAGE][PASSED] - All options with value 'No' are selected in object 'Object Repository/Page_Show microsite - Cabi Fall 2018 Collection/select_RSVPYes Im joiningMaybeNo I cant make it'  using regular expression

2019-04-09 18:20:50 - [TEST_STEP][PASSED] - selectOptionByValue(findTestObject("Object Repository/Page_Show microsite - Cabi Fall 2018 Collection/select_RSVPYes Im joiningMaybeNo I cant make it"), "Maybe", true): All options with value 'Maybe' are selected in object 'Object Repository/Page_Show microsite - Cabi Fall 2018 Collection/select_RSVPYes Im joiningMaybeNo I cant make it'  using regular expression

2019-04-09 18:20:50 - [MESSAGE][PASSED] - All options with value 'Maybe' are selected in object 'Object Repository/Page_Show microsite - Cabi Fall 2018 Collection/select_RSVPYes Im joiningMaybeNo I cant make it'  using regular expression

2019-04-09 18:20:50 - [TEST_STEP][PASSED] - click(findTestObject("Page_Show microsite - Cabi Fall 2018 Collection/button_SEND")): Object: 'Object Repository/Page_Show microsite - Cabi Fall 2018 Collection/button_SEND' is clicked on

2019-04-09 18:20:50 - [MESSAGE][PASSED] - Object: 'Object Repository/Page_Show microsite - Cabi Fall 2018 Collection/button_SEND' is clicked on

2019-04-09 18:20:50 - [TEST_STEP][PASSED] - delay(5): Delayed 5 second(s)

2019-04-09 18:20:55 - [MESSAGE][PASSED] - Delayed 5 second(s)

2019-04-09 18:20:55 - [TEST_STEP][PASSED] - verifyElementText(findTestObject("Object Repository/Page_Show microsite - Cabi Fall 2018 Collection/h2_We hope youll be able to attend."), "We hope you'll be able to attend."): Actual text and expected text of test object 'Object Repository/Page_Show microsite - Cabi Fall 2018 Collection/h2_We hope youll be able to attend.' are matched.

2019-04-09 18:20:55 - [MESSAGE][PASSED] - Actual text and expected text of test object 'Object Repository/Page_Show microsite - Cabi Fall 2018 Collection/h2_We hope youll be able to attend.' are matched.

2019-04-09 18:20:55 - [TEST_STEP][PASSED] - click(findTestObject("Object Repository/Page_Show microsite - Cabi Fall 2018 Collection/div_Update your RSVP")): Object: 'Object Repository/Page_Show microsite - Cabi Fall 2018 Collection/div_Update your RSVP' is clicked on

2019-04-09 18:20:55 - [MESSAGE][PASSED] - Object: 'Object Repository/Page_Show microsite - Cabi Fall 2018 Collection/div_Update your RSVP' is clicked on

2019-04-09 18:20:55 - [TEST_STEP][PASSED] - selectOptionByValue(findTestObject("Object Repository/Page_Show microsite - Cabi Fall 2018 Collection/select_RSVPYes Im joiningMaybeNo I cant make it"), "No", true): All options with value 'No' are selected in object 'Object Repository/Page_Show microsite - Cabi Fall 2018 Collection/select_RSVPYes Im joiningMaybeNo I cant make it'  using regular expression

2019-04-09 18:20:55 - [MESSAGE][PASSED] - All options with value 'No' are selected in object 'Object Repository/Page_Show microsite - Cabi Fall 2018 Collection/select_RSVPYes Im joiningMaybeNo I cant make it'  using regular expression

2019-04-09 18:20:55 - [TEST_STEP][PASSED] - click(findTestObject("Object Repository/Page_Show microsite - Cabi Fall 2018 Collection/button_SEND")): Object: 'Object Repository/Page_Show microsite - Cabi Fall 2018 Collection/button_SEND' is clicked on

2019-04-09 18:20:55 - [MESSAGE][PASSED] - Object: 'Object Repository/Page_Show microsite - Cabi Fall 2018 Collection/button_SEND' is clicked on

2019-04-09 18:20:55 - [TEST_STEP][PASSED] - delay(5): Delayed 5 second(s)

2019-04-09 18:21:00 - [MESSAGE][PASSED] - Delayed 5 second(s)

2019-04-09 18:21:00 - [TEST_STEP][PASSED] - verifyElementText(findTestObject("Object Repository/Page_Show microsite - Cabi Fall 2018 Collection/h2_Sorry you cant make it."), "Sorry you can't make it."): Actual text and expected text of test object 'Object Repository/Page_Show microsite - Cabi Fall 2018 Collection/h2_Sorry you cant make it.' are matched.

2019-04-09 18:21:00 - [MESSAGE][PASSED] - Actual text and expected text of test object 'Object Repository/Page_Show microsite - Cabi Fall 2018 Collection/h2_Sorry you cant make it.' are matched.

2019-04-09 18:21:00 - [TEST_STEP][PASSED] - click(findTestObject("Object Repository/Page_Show microsite - Cabi Fall 2018 Collection/div_Update your RSVP")): Object: 'Object Repository/Page_Show microsite - Cabi Fall 2018 Collection/div_Update your RSVP' is clicked on

2019-04-09 18:21:00 - [MESSAGE][PASSED] - Object: 'Object Repository/Page_Show microsite - Cabi Fall 2018 Collection/div_Update your RSVP' is clicked on

2019-04-09 18:21:00 - [TEST_STEP][PASSED] - selectOptionByValue(findTestObject("Object Repository/Page_Show microsite - Cabi Fall 2018 Collection/select_RSVPYes Im joiningMaybeNo I cant make it"), "Yes", true): All options with value 'Yes' are selected in object 'Object Repository/Page_Show microsite - Cabi Fall 2018 Collection/select_RSVPYes Im joiningMaybeNo I cant make it'  using regular expression

2019-04-09 18:21:01 - [MESSAGE][PASSED] - All options with value 'Yes' are selected in object 'Object Repository/Page_Show microsite - Cabi Fall 2018 Collection/select_RSVPYes Im joiningMaybeNo I cant make it'  using regular expression

2019-04-09 18:21:01 - [TEST_STEP][PASSED] - click(findTestObject("Object Repository/Page_Show microsite - Cabi Fall 2018 Collection/button_SEND")): Object: 'Object Repository/Page_Show microsite - Cabi Fall 2018 Collection/button_SEND' is clicked on

2019-04-09 18:21:01 - [MESSAGE][PASSED] - Object: 'Object Repository/Page_Show microsite - Cabi Fall 2018 Collection/button_SEND' is clicked on

2019-04-09 18:21:01 - [TEST_STEP][PASSED] - delay(5): Delayed 5 second(s)

2019-04-09 18:21:06 - [MESSAGE][PASSED] - Delayed 5 second(s)

2019-04-09 18:21:06 - [TEST_STEP][PASSED] - verifyElementText(findTestObject("Object Repository/Page_Show microsite - Cabi Fall 2018 Collection/h2_Were so glad you can make it."), "We're so glad you can make it."): Actual text and expected text of test object 'Object Repository/Page_Show microsite - Cabi Fall 2018 Collection/h2_Were so glad you can make it.' are matched.

2019-04-09 18:21:06 - [MESSAGE][PASSED] - Actual text and expected text of test object 'Object Repository/Page_Show microsite - Cabi Fall 2018 Collection/h2_Were so glad you can make it.' are matched.

2019-04-09 18:21:06 - [TEST_STEP][PASSED] - delay(5): Delayed 5 second(s)

2019-04-09 18:21:11 - [MESSAGE][PASSED] - Delayed 5 second(s)

2019-04-09 18:21:11 - [TEST_STEP][PASSED] - click(findTestObject("Page_Show microsite - Cabi Fall 2018 Collection/profile_dropdown")): Object: 'Object Repository/Page_Show microsite - Cabi Fall 2018 Collection/profile_dropdown' is clicked on

2019-04-09 18:21:11 - [MESSAGE][PASSED] - Object: 'Object Repository/Page_Show microsite - Cabi Fall 2018 Collection/profile_dropdown' is clicked on

2019-04-09 18:21:11 - [TEST_STEP][PASSED] - click(findTestObject("Object Repository/Page_Show microsite - Cabi Fall 2018 Collection/a_Sign Out")): Object: 'Object Repository/Page_Show microsite - Cabi Fall 2018 Collection/a_Sign Out' is clicked on

2019-04-09 18:21:11 - [MESSAGE][PASSED] - Object: 'Object Repository/Page_Show microsite - Cabi Fall 2018 Collection/a_Sign Out' is clicked on

2019-04-09 18:21:11 - [TEST_STEP][PASSED] - click(findTestObject("Object Repository/Page_Show microsite - Cabi Fall 2018 Collection/button_Sign out")): Object: 'Object Repository/Page_Show microsite - Cabi Fall 2018 Collection/button_Sign out' is clicked on

2019-04-09 18:21:11 - [MESSAGE][PASSED] - Object: 'Object Repository/Page_Show microsite - Cabi Fall 2018 Collection/button_Sign out' is clicked on

2019-04-09 18:21:11 - [TEST_STEP][PASSED] - delay(5): Delayed 5 second(s)

2019-04-09 18:21:16 - [MESSAGE][PASSED] - Delayed 5 second(s)

2019-04-09 18:21:16 - [TEST_STEP][PASSED] - navigateToUrl(findTestData("virtualShowData").getValue(1, 2)): Navigate to 'https://mirandakate.cabitest5.com/show-microsite/104516894/' successfully

2019-04-09 18:21:26 - [MESSAGE][PASSED] - Navigate to 'https://mirandakate.cabitest5.com/show-microsite/104516894/' successfully

2019-04-09 18:21:26 - [TEST_STEP][PASSED] - delay(5): Delayed 5 second(s)

2019-04-09 18:21:31 - [MESSAGE][PASSED] - Delayed 5 second(s)

2019-04-09 18:21:31 - [TEST_STEP][PASSED] - verifyElementText(findTestObject("Page_Show microsite - Cabi Fall 2018 Collection/h1_Youre invited"), "You're invited"): Actual text and expected text of test object 'Object Repository/Page_Show microsite - Cabi Fall 2018 Collection/h1_Youre invited' are matched.

2019-04-09 18:21:31 - [MESSAGE][PASSED] - Actual text and expected text of test object 'Object Repository/Page_Show microsite - Cabi Fall 2018 Collection/h1_Youre invited' are matched.

2019-04-09 18:21:31 - [TEST_STEP][PASSED] - delay(5): Delayed 5 second(s)

2019-04-09 18:21:36 - [MESSAGE][PASSED] - Delayed 5 second(s)

2019-04-09 18:21:36 - [TEST_STEP][PASSED] - click(findTestObject("Object Repository/Page_Show microsite - Cabi Fall 2018 Collection/button_Login to RSVP")): Object: 'Object Repository/Page_Show microsite - Cabi Fall 2018 Collection/button_Login to RSVP' is clicked on

2019-04-09 18:21:36 - [MESSAGE][PASSED] - Object: 'Object Repository/Page_Show microsite - Cabi Fall 2018 Collection/button_Login to RSVP' is clicked on

2019-04-09 18:21:36 - [TEST_STEP][PASSED] - setText(findTestObject("Object Repository/Page_Show microsite - Cabi Fall 2018 Collection/input_Sign in  Create account_email"), findTestData("virtualShowData").getValue(15, 1)): Text 'neoguest2ab@test.com' is set on object 'Object Repository/Page_Show microsite - Cabi Fall 2018 Collection/input_Sign in  Create account_email'

2019-04-09 18:21:39 - [MESSAGE][PASSED] - Text 'neoguest2ab@test.com' is set on object 'Object Repository/Page_Show microsite - Cabi Fall 2018 Collection/input_Sign in  Create account_email'

2019-04-09 18:21:39 - [TEST_STEP][PASSED] - click(findTestObject("Object Repository/Page_Show microsite - Cabi Fall 2018 Collection/button_Continue")): Object: 'Object Repository/Page_Show microsite - Cabi Fall 2018 Collection/button_Continue' is clicked on

2019-04-09 18:21:39 - [MESSAGE][PASSED] - Object: 'Object Repository/Page_Show microsite - Cabi Fall 2018 Collection/button_Continue' is clicked on

2019-04-09 18:21:39 - [TEST_STEP][PASSED] - setText(findTestObject("Object Repository/Page_Show microsite - Cabi Fall 2018 Collection/input_Welcome_password"), findTestData("virtualShowData").getValue(16, 1)): Text 'blackdress19' is set on object 'Object Repository/Page_Show microsite - Cabi Fall 2018 Collection/input_Welcome_password'

2019-04-09 18:21:40 - [MESSAGE][PASSED] - Text 'blackdress19' is set on object 'Object Repository/Page_Show microsite - Cabi Fall 2018 Collection/input_Welcome_password'

2019-04-09 18:21:40 - [TEST_STEP][PASSED] - click(findTestObject("Object Repository/Page_Show microsite - Cabi Fall 2018 Collection/button_Continue")): Object: 'Object Repository/Page_Show microsite - Cabi Fall 2018 Collection/button_Continue' is clicked on

2019-04-09 18:21:40 - [MESSAGE][PASSED] - Object: 'Object Repository/Page_Show microsite - Cabi Fall 2018 Collection/button_Continue' is clicked on

2019-04-09 18:21:40 - [TEST_STEP][PASSED] - delay(5): Delayed 5 second(s)

2019-04-09 18:21:45 - [MESSAGE][PASSED] - Delayed 5 second(s)

2019-04-09 18:21:45 - [TEST_STEP][PASSED] - if (verifyElementPresent(findTestObject("Page_Show microsite - Cabi Fall 2018 Collection/complete_my_profile_later"), 0)): Object: 'Object Repository/Page_Show microsite - Cabi Fall 2018 Collection/div_Ill complete my profile later' is clicked on

2019-04-09 18:21:45 - [MESSAGE][WARNING] - Timeout '0' is invalid. Using default page load timeout: '30'

2019-04-09 18:21:45 - [MESSAGE][PASSED] - Object 'Object Repository/Page_Show microsite - Cabi Fall 2018 Collection/complete_my_profile_later' is present

2019-04-09 18:21:45 - [TEST_STEP][PASSED] - click(findTestObject("Object Repository/Page_Show microsite - Cabi Fall 2018 Collection/div_Ill complete my profile later")): Object: 'Object Repository/Page_Show microsite - Cabi Fall 2018 Collection/div_Ill complete my profile later' is clicked on

2019-04-09 18:21:50 - [MESSAGE][PASSED] - Object: 'Object Repository/Page_Show microsite - Cabi Fall 2018 Collection/div_Ill complete my profile later' is clicked on

2019-04-09 18:21:50 - [TEST_STEP][PASSED] - delay(5): Delayed 5 second(s)

2019-04-09 18:21:55 - [MESSAGE][PASSED] - Delayed 5 second(s)

2019-04-09 18:21:55 - [TEST_STEP][PASSED] - verifyElementText(findTestObject("Page_Show microsite - Cabi Fall 2018 Collection/uninvited_user_msg"), "Your name doesn't seem to be on the guest list. Contact your Hostess or Stylist for more information."): Actual text and expected text of test object 'Object Repository/Page_Show microsite - Cabi Fall 2018 Collection/uninvited_user_msg' are matched.

2019-04-09 18:21:55 - [MESSAGE][PASSED] - Actual text and expected text of test object 'Object Repository/Page_Show microsite - Cabi Fall 2018 Collection/uninvited_user_msg' are matched.

2019-04-09 18:21:55 - [TEST_STEP][PASSED] - delay(5): Delayed 5 second(s)

2019-04-09 18:22:00 - [MESSAGE][PASSED] - Delayed 5 second(s)

2019-04-09 18:22:00 - [TEST_STEP][PASSED] - click(findTestObject("Page_Show microsite - Cabi Fall 2018 Collection/profile_dropdown")): Object: 'Object Repository/Page_Show microsite - Cabi Fall 2018 Collection/profile_dropdown' is clicked on

2019-04-09 18:22:00 - [MESSAGE][PASSED] - Object: 'Object Repository/Page_Show microsite - Cabi Fall 2018 Collection/profile_dropdown' is clicked on

2019-04-09 18:22:00 - [TEST_STEP][PASSED] - click(findTestObject("Object Repository/Page_Show microsite - Cabi Fall 2018 Collection/a_Sign Out")): Object: 'Object Repository/Page_Show microsite - Cabi Fall 2018 Collection/a_Sign Out' is clicked on

2019-04-09 18:22:00 - [MESSAGE][PASSED] - Object: 'Object Repository/Page_Show microsite - Cabi Fall 2018 Collection/a_Sign Out' is clicked on

2019-04-09 18:22:00 - [TEST_STEP][PASSED] - click(findTestObject("Object Repository/Page_Show microsite - Cabi Fall 2018 Collection/button_Sign out")): Object: 'Object Repository/Page_Show microsite - Cabi Fall 2018 Collection/button_Sign out' is clicked on

2019-04-09 18:22:01 - [MESSAGE][PASSED] - Object: 'Object Repository/Page_Show microsite - Cabi Fall 2018 Collection/button_Sign out' is clicked on

2019-04-09 18:22:01 - [TEST_STEP][PASSED] - delay(5): Delayed 5 second(s)

2019-04-09 18:22:06 - [MESSAGE][PASSED] - Delayed 5 second(s)

2019-04-09 18:22:06 - [TEST_STEP][PASSED] - navigateToUrl(findTestData("virtualShowData").getValue(1, 2)): Navigate to 'https://mirandakate.cabitest5.com/show-microsite/104516894/' successfully

2019-04-09 18:22:14 - [MESSAGE][PASSED] - Navigate to 'https://mirandakate.cabitest5.com/show-microsite/104516894/' successfully

2019-04-09 18:22:14 - [TEST_STEP][PASSED] - delay(5): Delayed 5 second(s)

2019-04-09 18:22:19 - [MESSAGE][PASSED] - Delayed 5 second(s)

2019-04-09 18:22:19 - [TEST_STEP][PASSED] - verifyElementText(findTestObject("Page_Show microsite - Cabi Fall 2018 Collection/h1_Youre invited"), "You're invited"): Actual text and expected text of test object 'Object Repository/Page_Show microsite - Cabi Fall 2018 Collection/h1_Youre invited' are matched.

2019-04-09 18:22:19 - [MESSAGE][PASSED] - Actual text and expected text of test object 'Object Repository/Page_Show microsite - Cabi Fall 2018 Collection/h1_Youre invited' are matched.

2019-04-09 18:22:19 - [TEST_STEP][PASSED] - delay(5): Delayed 5 second(s)

2019-04-09 18:22:24 - [MESSAGE][PASSED] - Delayed 5 second(s)

2019-04-09 18:22:24 - [TEST_STEP][PASSED] - click(findTestObject("Page_Show microsite - Cabi Fall 2018 Collection/button_Login to RSVP")): Object: 'Object Repository/Page_Show microsite - Cabi Fall 2018 Collection/button_Login to RSVP' is clicked on

2019-04-09 18:22:24 - [MESSAGE][PASSED] - Object: 'Object Repository/Page_Show microsite - Cabi Fall 2018 Collection/button_Login to RSVP' is clicked on

2019-04-09 18:22:24 - [TEST_STEP][PASSED] - setText(findTestObject("Object Repository/Page_Show microsite - Cabi Fall 2018 Collection/input_Sign in  Create account_email"), findTestData("virtualShowData").getValue(9, 1)): Text 'neohost1a@test.com' is set on object 'Object Repository/Page_Show microsite - Cabi Fall 2018 Collection/input_Sign in  Create account_email'

2019-04-09 18:22:27 - [MESSAGE][PASSED] - Text 'neohost1a@test.com' is set on object 'Object Repository/Page_Show microsite - Cabi Fall 2018 Collection/input_Sign in  Create account_email'

2019-04-09 18:22:27 - [TEST_STEP][PASSED] - click(findTestObject("Object Repository/Page_Show microsite - Cabi Fall 2018 Collection/button_Continue")): Object: 'Object Repository/Page_Show microsite - Cabi Fall 2018 Collection/button_Continue' is clicked on

2019-04-09 18:22:27 - [MESSAGE][PASSED] - Object: 'Object Repository/Page_Show microsite - Cabi Fall 2018 Collection/button_Continue' is clicked on

2019-04-09 18:22:27 - [TEST_STEP][PASSED] - setText(findTestObject("Object Repository/Page_Show microsite - Cabi Fall 2018 Collection/input_Welcome_password"), findTestData("virtualShowData").getValue(10, 1)): Text 'blackdress19' is set on object 'Object Repository/Page_Show microsite - Cabi Fall 2018 Collection/input_Welcome_password'

2019-04-09 18:22:28 - [MESSAGE][PASSED] - Text 'blackdress19' is set on object 'Object Repository/Page_Show microsite - Cabi Fall 2018 Collection/input_Welcome_password'

2019-04-09 18:22:28 - [TEST_STEP][PASSED] - click(findTestObject("Object Repository/Page_Show microsite - Cabi Fall 2018 Collection/button_Continue")): Object: 'Object Repository/Page_Show microsite - Cabi Fall 2018 Collection/button_Continue' is clicked on

2019-04-09 18:22:28 - [MESSAGE][PASSED] - Object: 'Object Repository/Page_Show microsite - Cabi Fall 2018 Collection/button_Continue' is clicked on

2019-04-09 18:22:28 - [TEST_STEP][PASSED] - delay(5): Delayed 5 second(s)

2019-04-09 18:22:33 - [MESSAGE][PASSED] - Delayed 5 second(s)

2019-04-09 18:22:33 - [TEST_STEP][PASSED] - if (verifyElementPresent(findTestObject("Page_Show microsite - Cabi Fall 2018 Collection/complete_my_profile_later"), 0)): Object: 'Object Repository/Page_Show microsite - Cabi Fall 2018 Collection/div_Ill complete my profile later' is clicked on

2019-04-09 18:22:33 - [MESSAGE][WARNING] - Timeout '0' is invalid. Using default page load timeout: '30'

2019-04-09 18:22:33 - [MESSAGE][PASSED] - Object 'Object Repository/Page_Show microsite - Cabi Fall 2018 Collection/complete_my_profile_later' is present

2019-04-09 18:22:33 - [TEST_STEP][PASSED] - click(findTestObject("Object Repository/Page_Show microsite - Cabi Fall 2018 Collection/div_Ill complete my profile later")): Object: 'Object Repository/Page_Show microsite - Cabi Fall 2018 Collection/div_Ill complete my profile later' is clicked on

2019-04-09 18:22:39 - [MESSAGE][PASSED] - Object: 'Object Repository/Page_Show microsite - Cabi Fall 2018 Collection/div_Ill complete my profile later' is clicked on

2019-04-09 18:22:39 - [TEST_STEP][PASSED] - delay(5): Delayed 5 second(s)

2019-04-09 18:22:44 - [MESSAGE][PASSED] - Delayed 5 second(s)

2019-04-09 18:22:44 - [TEST_STEP][PASSED] - verifyElementText(findTestObject("Page_Show microsite - Cabi Fall 2018 Collection/hostess_msg"), "Thanks for hosting."): Actual text and expected text of test object 'Object Repository/Page_Show microsite - Cabi Fall 2018 Collection/hostess_msg' are matched.

2019-04-09 18:22:44 - [MESSAGE][PASSED] - Actual text and expected text of test object 'Object Repository/Page_Show microsite - Cabi Fall 2018 Collection/hostess_msg' are matched.

2019-04-09 18:22:44 - [TEST_STEP][PASSED] - delay(5): Delayed 5 second(s)

2019-04-09 18:22:49 - [MESSAGE][PASSED] - Delayed 5 second(s)

2019-04-09 18:22:49 - [TEST_STEP][PASSED] - click(findTestObject("Page_Show microsite - Cabi Fall 2018 Collection/profile_dropdown")): Object: 'Object Repository/Page_Show microsite - Cabi Fall 2018 Collection/profile_dropdown' is clicked on

2019-04-09 18:22:49 - [MESSAGE][PASSED] - Object: 'Object Repository/Page_Show microsite - Cabi Fall 2018 Collection/profile_dropdown' is clicked on

2019-04-09 18:22:49 - [TEST_STEP][PASSED] - click(findTestObject("Object Repository/Page_Show microsite - Cabi Fall 2018 Collection/a_Sign Out")): Object: 'Object Repository/Page_Show microsite - Cabi Fall 2018 Collection/a_Sign Out' is clicked on

2019-04-09 18:22:49 - [MESSAGE][PASSED] - Object: 'Object Repository/Page_Show microsite - Cabi Fall 2018 Collection/a_Sign Out' is clicked on

2019-04-09 18:22:49 - [TEST_STEP][PASSED] - click(findTestObject("Object Repository/Page_Show microsite - Cabi Fall 2018 Collection/button_Sign out")): Object: 'Object Repository/Page_Show microsite - Cabi Fall 2018 Collection/button_Sign out' is clicked on

2019-04-09 18:22:49 - [MESSAGE][PASSED] - Object: 'Object Repository/Page_Show microsite - Cabi Fall 2018 Collection/button_Sign out' is clicked on

2019-04-09 18:22:49 - [TEST_STEP][PASSED] - delay(5): Delayed 5 second(s)

2019-04-09 18:22:54 - [MESSAGE][PASSED] - Delayed 5 second(s)

2019-04-09 18:22:54 - [TEST_STEP][PASSED] - navigateToUrl(findTestData("virtualShowData").getValue(1, 2)): Navigate to 'https://mirandakate.cabitest5.com/show-microsite/104516894/' successfully

2019-04-09 18:23:03 - [MESSAGE][PASSED] - Navigate to 'https://mirandakate.cabitest5.com/show-microsite/104516894/' successfully

2019-04-09 18:23:03 - [TEST_STEP][PASSED] - delay(5): Delayed 5 second(s)

2019-04-09 18:23:08 - [MESSAGE][PASSED] - Delayed 5 second(s)

2019-04-09 18:23:08 - [TEST_STEP][PASSED] - verifyElementText(findTestObject("Page_Show microsite - Cabi Fall 2018 Collection/h1_Youre invited"), "You're invited"): Actual text and expected text of test object 'Object Repository/Page_Show microsite - Cabi Fall 2018 Collection/h1_Youre invited' are matched.

2019-04-09 18:23:08 - [MESSAGE][PASSED] - Actual text and expected text of test object 'Object Repository/Page_Show microsite - Cabi Fall 2018 Collection/h1_Youre invited' are matched.

2019-04-09 18:23:08 - [TEST_STEP][PASSED] - delay(5): Delayed 5 second(s)

2019-04-09 18:23:13 - [MESSAGE][PASSED] - Delayed 5 second(s)

2019-04-09 18:23:13 - [TEST_STEP][PASSED] - click(findTestObject("Object Repository/Page_Show microsite - Cabi Fall 2018 Collection/button_Login to RSVP")): Object: 'Object Repository/Page_Show microsite - Cabi Fall 2018 Collection/button_Login to RSVP' is clicked on

2019-04-09 18:23:13 - [MESSAGE][PASSED] - Object: 'Object Repository/Page_Show microsite - Cabi Fall 2018 Collection/button_Login to RSVP' is clicked on

2019-04-09 18:23:13 - [TEST_STEP][PASSED] - setText(findTestObject("Object Repository/Page_Show microsite - Cabi Fall 2018 Collection/input_Sign in  Create account_email"), findTestData("virtualShowData").getValue(11, 1)): Text 'neocohost1a@test.com' is set on object 'Object Repository/Page_Show microsite - Cabi Fall 2018 Collection/input_Sign in  Create account_email'

2019-04-09 18:23:16 - [MESSAGE][PASSED] - Text 'neocohost1a@test.com' is set on object 'Object Repository/Page_Show microsite - Cabi Fall 2018 Collection/input_Sign in  Create account_email'

2019-04-09 18:23:16 - [TEST_STEP][PASSED] - click(findTestObject("Object Repository/Page_Show microsite - Cabi Fall 2018 Collection/button_Continue")): Object: 'Object Repository/Page_Show microsite - Cabi Fall 2018 Collection/button_Continue' is clicked on

2019-04-09 18:23:16 - [MESSAGE][PASSED] - Object: 'Object Repository/Page_Show microsite - Cabi Fall 2018 Collection/button_Continue' is clicked on

2019-04-09 18:23:16 - [TEST_STEP][PASSED] - setText(findTestObject("Object Repository/Page_Show microsite - Cabi Fall 2018 Collection/input_Welcome_password"), findTestData("virtualShowData").getValue(12, 1)): Text 'blackdress19' is set on object 'Object Repository/Page_Show microsite - Cabi Fall 2018 Collection/input_Welcome_password'

2019-04-09 18:23:17 - [MESSAGE][PASSED] - Text 'blackdress19' is set on object 'Object Repository/Page_Show microsite - Cabi Fall 2018 Collection/input_Welcome_password'

2019-04-09 18:23:17 - [TEST_STEP][PASSED] - click(findTestObject("Object Repository/Page_Show microsite - Cabi Fall 2018 Collection/button_Continue")): Object: 'Object Repository/Page_Show microsite - Cabi Fall 2018 Collection/button_Continue' is clicked on

2019-04-09 18:23:17 - [MESSAGE][PASSED] - Object: 'Object Repository/Page_Show microsite - Cabi Fall 2018 Collection/button_Continue' is clicked on

2019-04-09 18:23:17 - [TEST_STEP][PASSED] - if (verifyElementPresent(findTestObject("Page_Show microsite - Cabi Fall 2018 Collection/complete_my_profile_later"), 0)): Object: 'Object Repository/Page_Show microsite - Cabi Fall 2018 Collection/div_Ill complete my profile later' is clicked on

2019-04-09 18:23:17 - [MESSAGE][WARNING] - Timeout '0' is invalid. Using default page load timeout: '30'

2019-04-09 18:23:18 - [MESSAGE][PASSED] - Object 'Object Repository/Page_Show microsite - Cabi Fall 2018 Collection/complete_my_profile_later' is present

2019-04-09 18:23:18 - [TEST_STEP][PASSED] - click(findTestObject("Object Repository/Page_Show microsite - Cabi Fall 2018 Collection/div_Ill complete my profile later")): Object: 'Object Repository/Page_Show microsite - Cabi Fall 2018 Collection/div_Ill complete my profile later' is clicked on

2019-04-09 18:23:23 - [MESSAGE][PASSED] - Object: 'Object Repository/Page_Show microsite - Cabi Fall 2018 Collection/div_Ill complete my profile later' is clicked on

2019-04-09 18:23:23 - [TEST_STEP][PASSED] - delay(5): Delayed 5 second(s)

2019-04-09 18:23:28 - [MESSAGE][PASSED] - Delayed 5 second(s)

2019-04-09 18:23:28 - [TEST_STEP][PASSED] - verifyElementText(findTestObject("Page_Show microsite - Cabi Fall 2018 Collection/hostess_msg"), "Thanks for hosting."): Actual text and expected text of test object 'Object Repository/Page_Show microsite - Cabi Fall 2018 Collection/hostess_msg' are matched.

2019-04-09 18:23:28 - [MESSAGE][PASSED] - Actual text and expected text of test object 'Object Repository/Page_Show microsite - Cabi Fall 2018 Collection/hostess_msg' are matched.

2019-04-09 18:23:28 - [TEST_STEP][PASSED] - delay(5): Delayed 5 second(s)

2019-04-09 18:23:33 - [MESSAGE][PASSED] - Delayed 5 second(s)

2019-04-09 18:23:33 - [TEST_STEP][PASSED] - click(findTestObject("Page_Show microsite - Cabi Fall 2018 Collection/profile_dropdown")): Object: 'Object Repository/Page_Show microsite - Cabi Fall 2018 Collection/profile_dropdown' is clicked on

2019-04-09 18:23:33 - [MESSAGE][PASSED] - Object: 'Object Repository/Page_Show microsite - Cabi Fall 2018 Collection/profile_dropdown' is clicked on

2019-04-09 18:23:33 - [TEST_STEP][PASSED] - click(findTestObject("Object Repository/Page_Show microsite - Cabi Fall 2018 Collection/a_Sign Out")): Object: 'Object Repository/Page_Show microsite - Cabi Fall 2018 Collection/a_Sign Out' is clicked on

2019-04-09 18:23:33 - [MESSAGE][PASSED] - Object: 'Object Repository/Page_Show microsite - Cabi Fall 2018 Collection/a_Sign Out' is clicked on

2019-04-09 18:23:33 - [TEST_STEP][PASSED] - click(findTestObject("Object Repository/Page_Show microsite - Cabi Fall 2018 Collection/button_Sign out")): Object: 'Object Repository/Page_Show microsite - Cabi Fall 2018 Collection/button_Sign out' is clicked on

2019-04-09 18:23:33 - [MESSAGE][PASSED] - Object: 'Object Repository/Page_Show microsite - Cabi Fall 2018 Collection/button_Sign out' is clicked on

2019-04-09 18:23:33 - [TEST_STEP][PASSED] - closeBrowser(): Browser is closed

2019-04-09 18:23:34 - [MESSAGE][PASSED] - Browser is closed]]></system-out>
         <system-err><![CDATA[]]></system-err>
      </testcase>
      <system-out><![CDATA[2019-04-09 18:18:01 - [TEST_SUITE][PASSED] - MicrositeTestSuite: Test Cases/micrositeRSVPValidUser]]></system-out>
      <system-err><![CDATA[]]></system-err>
   </testsuite>
</testsuites>
