<?xml version="1.0" encoding="UTF-8"?>
<testsuites name="NewArrivalSuite" time="382" tests="1" failures="0" errors="0">
   <testsuite name="NewArrivalSuite" tests="1" failures="0" errors="0" time="382" timestamp="2019-05-16 19:07:27" hostname="user - 10.0.102.159" id="Test Suites/NewArrivalSuite">
      <properties>
         <property name="deviceName" value=""/>
         <property name="devicePlatform" value=""/>
         <property name="logFolder" value="C:\\Users\\user\\Documents\\testautomation\\NewArrivals\\Reports\\NewArrivalSuite\\20190516_190724"/>
         <property name="logFiles" value="C:\\Users\\user\\Documents\\testautomation\\NewArrivals\\Reports\\NewArrivalSuite\\20190516_190724\\execution0.log"/>
         <property name="attachments" value=""/>
         <property name="hostName" value="user - 10.0.102.159"/>
         <property name="os" value="Windows 8.1 64bit"/>
         <property name="katalonVersion" value="6.1.1.1"/>
         <property name="browser" value="Chrome 74.0.3729.131"/>
         <property name="hostAddress" value="10.0.102.159"/>
         <property name="sessionId" value="0cb1467f571346c7de3866de0fd1fdff"/>
         <property name="seleniumVersion" value="3.7.1"/>
         <property name="proxyInformation" value="ProxyInformation{proxyOption=NO_PROXY, proxyServerType=HTTP, password=, proxyServerAddress=, proxyServerPort=0}"/>
         <property name="platform" value="Windows 8.1"/>
      </properties>
      <testcase name="Test Cases/NewArrivals" classname="Test Cases/NewArrivals" status="PASSED">
         <system-out><![CDATA[2019-05-16 19:07:27 - [TEST_CASE][PASSED] - Test Cases/NewArrivals: Test Cases/NewArrivals

2019-05-16 19:07:27 - [TEST_STEP][PASSED] - Start listener action : sampleBeforeTestCase: null

2019-05-16 19:07:27 - [TEST_STEP][PASSED] - println(testCaseContext.getTestCaseId()): null

2019-05-16 19:07:27 - [TEST_STEP][PASSED] - println(testCaseContext.getTestCaseVariables()): null

2019-05-16 19:07:28 - [TEST_STEP][PASSED] - openBrowser(""): Browser is opened with url: ''

2019-05-16 19:07:28 - [MESSAGE][INFO] - Starting 'Chrome' driver

2019-05-16 19:07:28 - [MESSAGE][INFO] - Action delay is set to 0 seconds

2019-05-16 19:07:31 - [MESSAGE][PASSED] - Browser is opened with url: ''

2019-05-16 19:07:31 - [TEST_STEP][PASSED] - for ([timeRow = 1, timeRow <= findTestData("timezoneData").getRowNumbers(), (timeRow++)]): Call Test Case 'Test Cases/newArrivalsEblast' successfully

2019-05-16 19:07:32 - [TEST_STEP][PASSED] - callTestCase(findTestCase("populateTimeGlobalVars"), ["row":timeRow], STOP_ON_FAILURE): Call Test Case 'Test Cases/populateTimeGlobalVars' successfully

2019-05-16 19:07:32 - [TEST_CASE][PASSED] - Test Cases/populateTimeGlobalVars: Test Cases/populateTimeGlobalVars

2019-05-16 19:07:32 - [TEST_STEP][PASSED] - dataFile = "timezoneData": null

2019-05-16 19:07:32 - [TEST_STEP][PASSED] - serverTarget = UtilityMethods.getTestData(dataFile, "serverTarget", row): null

2019-05-16 19:07:33 - [TEST_STEP][PASSED] - orderType = UtilityMethods.getTestData(dataFile, "orderType", row): null

2019-05-16 19:07:33 - [TEST_STEP][PASSED] - timeZone = UtilityMethods.getTestData(dataFile, "timeZone", row): null

2019-05-16 19:07:33 - [TEST_STEP][PASSED] - BOPersonal = UtilityMethods.getTestData(dataFile, "BOPersonal", row): null

2019-05-16 19:07:33 - [TEST_STEP][PASSED] - BOAddonPersonal = UtilityMethods.getTestData(dataFile, "BOAddonPersonal", row): null

2019-05-16 19:07:33 - [TEST_STEP][PASSED] - BOAddonRetail = UtilityMethods.getTestData(dataFile, "BOAddonRetail", row): null

2019-05-16 19:07:33 - [TEST_STEP][PASSED] - BORetail = UtilityMethods.getTestData(dataFile, "BORetail", row): null

2019-05-16 19:07:33 - [TEST_STEP][PASSED] - BOShow = UtilityMethods.getTestData(dataFile, "BOShow", row): null

2019-05-16 19:07:33 - [TEST_STEP][PASSED] - BOOnlineoutlet = UtilityMethods.getTestData(dataFile, "BOOnlineoutlet", row): null

2019-05-16 19:07:33 - [TEST_STEP][PASSED] - BOEmployee = UtilityMethods.getTestData(dataFile, "BOEmployee", row): null

2019-05-16 19:07:33 - [TEST_STEP][PASSED] - CCPersonal = UtilityMethods.getTestData(dataFile, "CCPersonal", row): null

2019-05-16 19:07:33 - [TEST_STEP][PASSED] - CCRetail = UtilityMethods.getTestData(dataFile, "CCRetail", row): null

2019-05-16 19:07:34 - [TEST_STEP][PASSED] - CCShow = UtilityMethods.getTestData(dataFile, "CCShow", row): null

2019-05-16 19:07:34 - [TEST_STEP][PASSED] - BOEblast = UtilityMethods.getTestData(dataFile, "BOEblast", row): null

2019-05-16 19:07:34 - [MESSAGE][PASSED] - Call Test Case 'Test Cases/populateTimeGlobalVars' successfully

2019-05-16 19:07:34 - [TEST_STEP][PASSED] - callTestCase(findTestCase("newArrivalsSetTimezone"), ["ofbizURL":ofbizURL, "ofbizuser":ofbizuser, "ofbizpass":ofbizpass, "orderType":orderType, "timeZone":timeZone, "serverTarget":serverTarget], STOP_ON_FAILURE): Call Test Case 'Test Cases/newArrivalsSetTimezone' successfully

2019-05-16 19:07:34 - [TEST_CASE][PASSED] - Test Cases/newArrivalsSetTimezone: Test Cases/newArrivalsSetTimezone

2019-05-16 19:07:34 - [TEST_STEP][NOT_RUN] - openBrowser(""): NOT_RUN: openBrowser("")

2019-05-16 19:07:34 - [MESSAGE][NOT_RUN] - NOT_RUN: openBrowser("")

2019-05-16 19:07:34 - [TEST_STEP][NOT_RUN] - maximizeWindow(): NOT_RUN: maximizeWindow()

2019-05-16 19:07:34 - [MESSAGE][NOT_RUN] - NOT_RUN: maximizeWindow()

2019-05-16 19:07:34 - [TEST_STEP][PASSED] - navigateToUrl(ofbizURL): Navigate to 'https://pushofbiz.cliotest.com/login.php' successfully

2019-05-16 19:07:36 - [MESSAGE][PASSED] - Navigate to 'https://pushofbiz.cliotest.com/login.php' successfully

2019-05-16 19:07:36 - [TEST_STEP][PASSED] - setText(findTestObject("Page_/input_Username_username"), ofbizuser): Text 'sshinde' is set on object 'Object Repository/Page_/input_Username_username'

2019-05-16 19:07:36 - [MESSAGE][PASSED] - Text 'sshinde' is set on object 'Object Repository/Page_/input_Username_username'

2019-05-16 19:07:36 - [TEST_STEP][PASSED] - setText(findTestObject("Page_/input_Password_password"), ofbizpass): Text 'C@bi$ush5' is set on object 'Object Repository/Page_/input_Password_password'

2019-05-16 19:07:36 - [MESSAGE][PASSED] - Text 'C@bi$ush5' is set on object 'Object Repository/Page_/input_Password_password'

2019-05-16 19:07:36 - [TEST_STEP][PASSED] - click(findTestObject("Page_/input_Password_Submit")): Object: 'Object Repository/Page_/input_Password_Submit' is clicked on

2019-05-16 19:07:39 - [MESSAGE][PASSED] - Object: 'Object Repository/Page_/input_Password_Submit' is clicked on

2019-05-16 19:07:39 - [TEST_STEP][PASSED] - click(findTestObject("Object Repository/Page_/a_Clock set")): Object: 'Object Repository/Page_/a_Clock set' is clicked on

2019-05-16 19:07:39 - [MESSAGE][PASSED] - Object: 'Object Repository/Page_/a_Clock set' is clicked on

2019-05-16 19:07:39 - [TEST_STEP][PASSED] - selectOptionByLabel(findTestObject("Object Repository/Page_/serverTarget"), serverTarget, true): All options with label 'test17' are selected in object 'Object Repository/Page_/serverTarget'  using regular expression

2019-05-16 19:07:41 - [MESSAGE][PASSED] - All options with label 'test17' are selected in object 'Object Repository/Page_/serverTarget'  using regular expression

2019-05-16 19:07:41 - [TEST_STEP][PASSED] - click(findTestObject("Page_/thisDateAndTime")): Object: 'Object Repository/Page_/thisDateAndTime' is clicked on

2019-05-16 19:07:41 - [MESSAGE][PASSED] - Object: 'Object Repository/Page_/thisDateAndTime' is clicked on

2019-05-16 19:07:41 - [TEST_STEP][PASSED] - setText(findTestObject("Object Repository/Page_/setTargetTime"), timeZone): Text ' 04/17/2019 7:00' is set on object 'Object Repository/Page_/setTargetTime'

2019-05-16 19:07:41 - [MESSAGE][PASSED] - Text ' 04/17/2019 7:00' is set on object 'Object Repository/Page_/setTargetTime'

2019-05-16 19:07:41 - [TEST_STEP][PASSED] - click(findTestObject("Object Repository/Page_/input")): Object: 'Object Repository/Page_/input' is clicked on

2019-05-16 19:07:42 - [MESSAGE][PASSED] - Object: 'Object Repository/Page_/input' is clicked on

2019-05-16 19:07:42 - [TEST_STEP][PASSED] - delay(10): Delayed 10 second(s)

2019-05-16 19:07:52 - [MESSAGE][PASSED] - Delayed 10 second(s)

2019-05-16 19:07:52 - [TEST_STEP][PASSED] - closeBrowser(): Browser is closed

2019-05-16 19:07:53 - [MESSAGE][PASSED] - Browser is closed

2019-05-16 19:07:53 - [MESSAGE][PASSED] - Call Test Case 'Test Cases/newArrivalsSetTimezone' successfully

2019-05-16 19:07:53 - [TEST_STEP][PASSED] - callTestCase(findTestCase("productWatchlist"), ["available":BOEblast], STOP_ON_FAILURE): Call Test Case 'Test Cases/productWatchlist' successfully

2019-05-16 19:07:53 - [TEST_CASE][PASSED] - Test Cases/productWatchlist: Test Cases/productWatchlist

2019-05-16 19:07:53 - [TEST_STEP][PASSED] - openBrowser(""): Browser is opened with url: ''

2019-05-16 19:07:53 - [MESSAGE][INFO] - Starting 'Chrome' driver

2019-05-16 19:07:55 - [MESSAGE][PASSED] - Browser is opened with url: ''

2019-05-16 19:07:55 - [TEST_STEP][PASSED] - callTestCase(findTestCase("backOfficeLogin"), ["BOURL":"", "BOuser":"", "BOpass":""], STOP_ON_FAILURE): Call Test Case 'Test Cases/backOfficeLogin' successfully

2019-05-16 19:07:55 - [TEST_CASE][PASSED] - Test Cases/backOfficeLogin: Test Cases/backOfficeLogin

2019-05-16 19:07:55 - [TEST_STEP][PASSED] - BOURL = findTestData("credData").getValue("BOURL", 1): null

2019-05-16 19:07:55 - [TEST_STEP][PASSED] - BOuser = findTestData("credData").getValue("BOuser", 1): null

2019-05-16 19:07:55 - [TEST_STEP][PASSED] - BOpass = findTestData("credData").getValue("BOpass", 1): null

2019-05-16 19:07:55 - [TEST_STEP][NOT_RUN] - openBrowser(""): NOT_RUN: openBrowser("")

2019-05-16 19:07:55 - [MESSAGE][NOT_RUN] - NOT_RUN: openBrowser("")

2019-05-16 19:07:55 - [TEST_STEP][PASSED] - maximizeWindow(): Current window maximized

2019-05-16 19:07:57 - [MESSAGE][PASSED] - Current window maximized

2019-05-16 19:07:57 - [TEST_STEP][PASSED] - navigateToUrl(BOURL): Navigate to 'https://test17.cliotest.com/backoffice/control/main' successfully

2019-05-16 19:08:04 - [MESSAGE][PASSED] - Navigate to 'https://test17.cliotest.com/backoffice/control/main' successfully

2019-05-16 19:08:04 - [TEST_STEP][PASSED] - logOut = findWebElements(findTestObject("Object Repository/Page_cabi Home/log_out"), 1): Unable to find the element located by 'By.xpath: //a[contains(text(),'Log Out')]'. Please recheck the objects properties to make sure the desired element is located. 

2019-05-16 19:08:05 - [MESSAGE][INFO] - Unable to find the element located by 'By.xpath: //a[contains(text(),'Log Out')]'. Please recheck the objects properties to make sure the desired element is located. 

2019-05-16 19:08:05 - [TEST_STEP][PASSED] - if (logOut.size() == 0): Object: 'Object Repository/Page_cabi/input_Welcome to_consultantLogin' is clicked on

2019-05-16 19:08:05 - [TEST_STEP][PASSED] - setText(findTestObject("Page_cabi/input_Welcome to_USERNAME"), BOuser): Text '400000002' is set on object 'Object Repository/Page_cabi/input_Welcome to_USERNAME'

2019-05-16 19:08:06 - [MESSAGE][PASSED] - Text '400000002' is set on object 'Object Repository/Page_cabi/input_Welcome to_USERNAME'

2019-05-16 19:08:06 - [TEST_STEP][PASSED] - setText(findTestObject("Object Repository/Page_cabi/input_Welcome to_PASSWORD"), BOpass): Text 'blackdress19' is set on object 'Object Repository/Page_cabi/input_Welcome to_PASSWORD'

2019-05-16 19:08:06 - [MESSAGE][PASSED] - Text 'blackdress19' is set on object 'Object Repository/Page_cabi/input_Welcome to_PASSWORD'

2019-05-16 19:08:06 - [TEST_STEP][PASSED] - click(findTestObject("Object Repository/Page_cabi/input_Welcome to_consultantLogin")): Object: 'Object Repository/Page_cabi/input_Welcome to_consultantLogin' is clicked on

2019-05-16 19:08:13 - [MESSAGE][PASSED] - Object: 'Object Repository/Page_cabi/input_Welcome to_consultantLogin' is clicked on

2019-05-16 19:08:13 - [TEST_STEP][PASSED] - delay(3): Delayed 3 second(s)

2019-05-16 19:08:16 - [MESSAGE][PASSED] - Delayed 3 second(s)

2019-05-16 19:08:16 - [MESSAGE][PASSED] - Call Test Case 'Test Cases/backOfficeLogin' successfully

2019-05-16 19:08:16 - [TEST_STEP][PASSED] - click(findTestObject("Object Repository/Page_cabi Home/a_Shows  Orders")): Object: 'Object Repository/Page_cabi Home/a_Shows  Orders' is clicked on

2019-05-16 19:08:16 - [MESSAGE][PASSED] - Object: 'Object Repository/Page_cabi Home/a_Shows  Orders' is clicked on

2019-05-16 19:08:16 - [TEST_STEP][PASSED] - click(findTestObject("Object Repository/Page_cabi Home/a_Product Watch List")): Object: 'Object Repository/Page_cabi Home/a_Product Watch List' is clicked on

2019-05-16 19:08:20 - [MESSAGE][PASSED] - Object: 'Object Repository/Page_cabi Home/a_Product Watch List' is clicked on

2019-05-16 19:08:20 - [TEST_STEP][PASSED] - if (toString().equalsIgnoreCase("no")): null

2019-05-16 19:08:20 - [TEST_STEP][PASSED] - noResultFound = findWebElements(findTestObject("Object Repository/Page_cabi Product Watch list/span_(New Arrivals 2)"), 5): Unable to find the element located by 'By.xpath: //table[@ng-if='products']/thead/tr[@class='table-header-description']/th/span[contains(text(), ' (New Arrivals 2)')]'. Please recheck the objects properties to make sure the desired element is located. 

2019-05-16 19:08:26 - [MESSAGE][INFO] - Unable to find the element located by 'By.xpath: //table[@ng-if='products']/thead/tr[@class='table-header-description']/th/span[contains(text(), ' (New Arrivals 2)')]'. Please recheck the objects properties to make sure the desired element is located. 

2019-05-16 19:08:26 - [TEST_STEP][PASSED] - assert noResultFound.size() == 0: null

2019-05-16 19:08:26 - [MESSAGE][PASSED] - Call Test Case 'Test Cases/productWatchlist' successfully

2019-05-16 19:08:26 - [TEST_STEP][PASSED] - callTestCase(findTestCase("newArrivalsEblast"), ["available":BOEblast], STOP_ON_FAILURE): Call Test Case 'Test Cases/newArrivalsEblast' successfully

2019-05-16 19:08:26 - [TEST_CASE][PASSED] - Test Cases/newArrivalsEblast: Test Cases/newArrivalsEblast

2019-05-16 19:08:26 - [TEST_STEP][PASSED] - openBrowser(""): Browser is opened with url: ''

2019-05-16 19:08:26 - [MESSAGE][WARNING] - A browser is already opened. Closing browser and opening a new one

2019-05-16 19:08:27 - [MESSAGE][INFO] - Starting 'Chrome' driver

2019-05-16 19:08:29 - [MESSAGE][PASSED] - Browser is opened with url: ''

2019-05-16 19:08:29 - [TEST_STEP][PASSED] - callTestCase(findTestCase("backOfficeLogin"), ["BOURL":"", "BOuser":"", "BOpass":""], STOP_ON_FAILURE): Call Test Case 'Test Cases/backOfficeLogin' successfully

2019-05-16 19:08:29 - [TEST_CASE][PASSED] - Test Cases/backOfficeLogin: Test Cases/backOfficeLogin

2019-05-16 19:08:29 - [TEST_STEP][PASSED] - BOURL = findTestData("credData").getValue("BOURL", 1): null

2019-05-16 19:08:29 - [TEST_STEP][PASSED] - BOuser = findTestData("credData").getValue("BOuser", 1): null

2019-05-16 19:08:29 - [TEST_STEP][PASSED] - BOpass = findTestData("credData").getValue("BOpass", 1): null

2019-05-16 19:08:29 - [TEST_STEP][NOT_RUN] - openBrowser(""): NOT_RUN: openBrowser("")

2019-05-16 19:08:29 - [MESSAGE][NOT_RUN] - NOT_RUN: openBrowser("")

2019-05-16 19:08:29 - [TEST_STEP][PASSED] - maximizeWindow(): Current window maximized

2019-05-16 19:08:31 - [MESSAGE][PASSED] - Current window maximized

2019-05-16 19:08:31 - [TEST_STEP][PASSED] - navigateToUrl(BOURL): Navigate to 'https://test17.cliotest.com/backoffice/control/main' successfully

2019-05-16 19:08:39 - [MESSAGE][PASSED] - Navigate to 'https://test17.cliotest.com/backoffice/control/main' successfully

2019-05-16 19:08:39 - [TEST_STEP][PASSED] - logOut = findWebElements(findTestObject("Object Repository/Page_cabi Home/log_out"), 1): Unable to find the element located by 'By.xpath: //a[contains(text(),'Log Out')]'. Please recheck the objects properties to make sure the desired element is located. 

2019-05-16 19:08:40 - [MESSAGE][INFO] - Unable to find the element located by 'By.xpath: //a[contains(text(),'Log Out')]'. Please recheck the objects properties to make sure the desired element is located. 

2019-05-16 19:08:40 - [TEST_STEP][PASSED] - if (logOut.size() == 0): Object: 'Object Repository/Page_cabi/input_Welcome to_consultantLogin' is clicked on

2019-05-16 19:08:40 - [TEST_STEP][PASSED] - setText(findTestObject("Page_cabi/input_Welcome to_USERNAME"), BOuser): Text '400000002' is set on object 'Object Repository/Page_cabi/input_Welcome to_USERNAME'

2019-05-16 19:08:40 - [MESSAGE][PASSED] - Text '400000002' is set on object 'Object Repository/Page_cabi/input_Welcome to_USERNAME'

2019-05-16 19:08:40 - [TEST_STEP][PASSED] - setText(findTestObject("Object Repository/Page_cabi/input_Welcome to_PASSWORD"), BOpass): Text 'blackdress19' is set on object 'Object Repository/Page_cabi/input_Welcome to_PASSWORD'

2019-05-16 19:08:40 - [MESSAGE][PASSED] - Text 'blackdress19' is set on object 'Object Repository/Page_cabi/input_Welcome to_PASSWORD'

2019-05-16 19:08:40 - [TEST_STEP][PASSED] - click(findTestObject("Object Repository/Page_cabi/input_Welcome to_consultantLogin")): Object: 'Object Repository/Page_cabi/input_Welcome to_consultantLogin' is clicked on

2019-05-16 19:08:48 - [MESSAGE][PASSED] - Object: 'Object Repository/Page_cabi/input_Welcome to_consultantLogin' is clicked on

2019-05-16 19:08:48 - [TEST_STEP][PASSED] - delay(3): Delayed 3 second(s)

2019-05-16 19:08:51 - [MESSAGE][PASSED] - Delayed 3 second(s)

2019-05-16 19:08:51 - [MESSAGE][PASSED] - Call Test Case 'Test Cases/backOfficeLogin' successfully

2019-05-16 19:08:51 - [TEST_STEP][PASSED] - click(findTestObject("Page_cabi Home/a_Connections")): Object: 'Object Repository/Page_cabi Home/a_Connections' is clicked on

2019-05-16 19:08:51 - [MESSAGE][PASSED] - Object: 'Object Repository/Page_cabi Home/a_Connections' is clicked on

2019-05-16 19:08:51 - [TEST_STEP][PASSED] - click(findTestObject("Page_cabi Home/a_Contact Manager")): Object: 'Object Repository/Page_cabi Home/a_Contact Manager' is clicked on

2019-05-16 19:08:55 - [MESSAGE][PASSED] - Object: 'Object Repository/Page_cabi Home/a_Contact Manager' is clicked on

2019-05-16 19:08:55 - [TEST_STEP][PASSED] - click(findTestObject("Page_cabi/span_SEND eBLAST")): Object: 'Object Repository/Page_cabi/span_SEND eBLAST' is clicked on

2019-05-16 19:08:55 - [MESSAGE][PASSED] - Object: 'Object Repository/Page_cabi/span_SEND eBLAST' is clicked on

2019-05-16 19:08:55 - [TEST_STEP][PASSED] - click(findTestObject("Object Repository/Page_cabi Eblast/a_Stylist Picks")): Object: 'Object Repository/Page_cabi Eblast/a_Stylist Picks' is clicked on

2019-05-16 19:09:04 - [MESSAGE][PASSED] - Object: 'Object Repository/Page_cabi Eblast/a_Stylist Picks' is clicked on

2019-05-16 19:09:04 - [TEST_STEP][PASSED] - click(findTestObject("Object Repository/Page_cabi Eblast/button_ADD PRODUCTS TO EBLAST")): Object: 'Object Repository/Page_cabi Eblast/button_ADD PRODUCTS TO EBLAST' is clicked on

2019-05-16 19:09:04 - [MESSAGE][PASSED] - Object: 'Object Repository/Page_cabi Eblast/button_ADD PRODUCTS TO EBLAST' is clicked on

2019-05-16 19:09:04 - [TEST_STEP][PASSED] - for ([row = 1, row <= findTestData("productData").getRowNumbers(), (row++)]): Actual text and expected text of test object 'Object Repository/Page_cabi Eblast/styleNotFound' are matched.

2019-05-16 19:09:04 - [TEST_STEP][PASSED] - delay(2): Delayed 2 second(s)

2019-05-16 19:09:06 - [MESSAGE][PASSED] - Delayed 2 second(s)

2019-05-16 19:09:06 - [TEST_STEP][PASSED] - setText(findTestObject("Page_cabi Eblast/eBlastStyleSearch"), findTestData("productData").getValue("Style", row)): Text '5618' is set on object 'Object Repository/Page_cabi Eblast/eBlastStyleSearch'

2019-05-16 19:09:06 - [MESSAGE][PASSED] - Text '5618' is set on object 'Object Repository/Page_cabi Eblast/eBlastStyleSearch'

2019-05-16 19:09:06 - [TEST_STEP][PASSED] - delay(2): Delayed 2 second(s)

2019-05-16 19:09:08 - [MESSAGE][PASSED] - Delayed 2 second(s)

2019-05-16 19:09:08 - [TEST_STEP][PASSED] - if (toString().equalsIgnoreCase("no")): Actual text and expected text of test object 'Object Repository/Page_cabi Eblast/styleNotFound' are matched.

2019-05-16 19:09:08 - [TEST_STEP][PASSED] - style_notfound = findWebElements(findTestObject("Page_cabi Eblast/styleNotFound"), 5): null

2019-05-16 19:09:08 - [TEST_STEP][PASSED] - println(style_notfound.size()): null

2019-05-16 19:09:08 - [TEST_STEP][PASSED] - assert style_notfound.size() > 0: null

2019-05-16 19:09:08 - [TEST_STEP][PASSED] - verifyElementText(findTestObject("Page_cabi Eblast/styleNotFound"), "No matching product"): Actual text and expected text of test object 'Object Repository/Page_cabi Eblast/styleNotFound' are matched.

2019-05-16 19:09:09 - [MESSAGE][PASSED] - Actual text and expected text of test object 'Object Repository/Page_cabi Eblast/styleNotFound' are matched.

2019-05-16 19:09:09 - [MESSAGE][PASSED] - Call Test Case 'Test Cases/newArrivalsEblast' successfully

2019-05-16 19:09:09 - [TEST_STEP][PASSED] - callTestCase(findTestCase("populateTimeGlobalVars"), ["row":timeRow], STOP_ON_FAILURE): Call Test Case 'Test Cases/populateTimeGlobalVars' successfully

2019-05-16 19:09:09 - [TEST_CASE][PASSED] - Test Cases/populateTimeGlobalVars: Test Cases/populateTimeGlobalVars

2019-05-16 19:09:09 - [TEST_STEP][PASSED] - dataFile = "timezoneData": null

2019-05-16 19:09:09 - [TEST_STEP][PASSED] - serverTarget = UtilityMethods.getTestData(dataFile, "serverTarget", row): null

2019-05-16 19:09:09 - [TEST_STEP][PASSED] - orderType = UtilityMethods.getTestData(dataFile, "orderType", row): null

2019-05-16 19:09:09 - [TEST_STEP][PASSED] - timeZone = UtilityMethods.getTestData(dataFile, "timeZone", row): null

2019-05-16 19:09:09 - [TEST_STEP][PASSED] - BOPersonal = UtilityMethods.getTestData(dataFile, "BOPersonal", row): null

2019-05-16 19:09:09 - [TEST_STEP][PASSED] - BOAddonPersonal = UtilityMethods.getTestData(dataFile, "BOAddonPersonal", row): null

2019-05-16 19:09:09 - [TEST_STEP][PASSED] - BOAddonRetail = UtilityMethods.getTestData(dataFile, "BOAddonRetail", row): null

2019-05-16 19:09:09 - [TEST_STEP][PASSED] - BORetail = UtilityMethods.getTestData(dataFile, "BORetail", row): null

2019-05-16 19:09:09 - [TEST_STEP][PASSED] - BOShow = UtilityMethods.getTestData(dataFile, "BOShow", row): null

2019-05-16 19:09:09 - [TEST_STEP][PASSED] - BOOnlineoutlet = UtilityMethods.getTestData(dataFile, "BOOnlineoutlet", row): null

2019-05-16 19:09:09 - [TEST_STEP][PASSED] - BOEmployee = UtilityMethods.getTestData(dataFile, "BOEmployee", row): null

2019-05-16 19:09:09 - [TEST_STEP][PASSED] - CCPersonal = UtilityMethods.getTestData(dataFile, "CCPersonal", row): null

2019-05-16 19:09:09 - [TEST_STEP][PASSED] - CCRetail = UtilityMethods.getTestData(dataFile, "CCRetail", row): null

2019-05-16 19:09:09 - [TEST_STEP][PASSED] - CCShow = UtilityMethods.getTestData(dataFile, "CCShow", row): null

2019-05-16 19:09:09 - [TEST_STEP][PASSED] - BOEblast = UtilityMethods.getTestData(dataFile, "BOEblast", row): null

2019-05-16 19:09:09 - [MESSAGE][PASSED] - Call Test Case 'Test Cases/populateTimeGlobalVars' successfully

2019-05-16 19:09:09 - [TEST_STEP][PASSED] - callTestCase(findTestCase("newArrivalsSetTimezone"), ["ofbizURL":ofbizURL, "ofbizuser":ofbizuser, "ofbizpass":ofbizpass, "orderType":orderType, "timeZone":timeZone, "serverTarget":serverTarget], STOP_ON_FAILURE): Call Test Case 'Test Cases/newArrivalsSetTimezone' successfully

2019-05-16 19:09:09 - [TEST_CASE][PASSED] - Test Cases/newArrivalsSetTimezone: Test Cases/newArrivalsSetTimezone

2019-05-16 19:09:09 - [TEST_STEP][NOT_RUN] - openBrowser(""): NOT_RUN: openBrowser("")

2019-05-16 19:09:09 - [MESSAGE][NOT_RUN] - NOT_RUN: openBrowser("")

2019-05-16 19:09:09 - [TEST_STEP][NOT_RUN] - maximizeWindow(): NOT_RUN: maximizeWindow()

2019-05-16 19:09:09 - [MESSAGE][NOT_RUN] - NOT_RUN: maximizeWindow()

2019-05-16 19:09:09 - [TEST_STEP][PASSED] - navigateToUrl(ofbizURL): Navigate to 'https://pushofbiz.cliotest.com/login.php' successfully

2019-05-16 19:09:11 - [MESSAGE][PASSED] - Navigate to 'https://pushofbiz.cliotest.com/login.php' successfully

2019-05-16 19:09:11 - [TEST_STEP][PASSED] - setText(findTestObject("Page_/input_Username_username"), ofbizuser): Text 'sshinde' is set on object 'Object Repository/Page_/input_Username_username'

2019-05-16 19:09:11 - [MESSAGE][PASSED] - Text 'sshinde' is set on object 'Object Repository/Page_/input_Username_username'

2019-05-16 19:09:11 - [TEST_STEP][PASSED] - setText(findTestObject("Page_/input_Password_password"), ofbizpass): Text 'C@bi$ush5' is set on object 'Object Repository/Page_/input_Password_password'

2019-05-16 19:09:11 - [MESSAGE][PASSED] - Text 'C@bi$ush5' is set on object 'Object Repository/Page_/input_Password_password'

2019-05-16 19:09:11 - [TEST_STEP][PASSED] - click(findTestObject("Page_/input_Password_Submit")): Object: 'Object Repository/Page_/input_Password_Submit' is clicked on

2019-05-16 19:09:14 - [MESSAGE][PASSED] - Object: 'Object Repository/Page_/input_Password_Submit' is clicked on

2019-05-16 19:09:14 - [TEST_STEP][PASSED] - click(findTestObject("Object Repository/Page_/a_Clock set")): Object: 'Object Repository/Page_/a_Clock set' is clicked on

2019-05-16 19:09:14 - [MESSAGE][PASSED] - Object: 'Object Repository/Page_/a_Clock set' is clicked on

2019-05-16 19:09:14 - [TEST_STEP][PASSED] - selectOptionByLabel(findTestObject("Object Repository/Page_/serverTarget"), serverTarget, true): All options with label 'test17' are selected in object 'Object Repository/Page_/serverTarget'  using regular expression

2019-05-16 19:09:16 - [MESSAGE][PASSED] - All options with label 'test17' are selected in object 'Object Repository/Page_/serverTarget'  using regular expression

2019-05-16 19:09:16 - [TEST_STEP][PASSED] - click(findTestObject("Page_/thisDateAndTime")): Object: 'Object Repository/Page_/thisDateAndTime' is clicked on

2019-05-16 19:09:16 - [MESSAGE][PASSED] - Object: 'Object Repository/Page_/thisDateAndTime' is clicked on

2019-05-16 19:09:16 - [TEST_STEP][PASSED] - setText(findTestObject("Object Repository/Page_/setTargetTime"), timeZone): Text ' 05/03/2019 12:00' is set on object 'Object Repository/Page_/setTargetTime'

2019-05-16 19:09:16 - [MESSAGE][PASSED] - Text ' 05/03/2019 12:00' is set on object 'Object Repository/Page_/setTargetTime'

2019-05-16 19:09:16 - [TEST_STEP][PASSED] - click(findTestObject("Object Repository/Page_/input")): Object: 'Object Repository/Page_/input' is clicked on

2019-05-16 19:09:16 - [MESSAGE][PASSED] - Object: 'Object Repository/Page_/input' is clicked on

2019-05-16 19:09:16 - [TEST_STEP][PASSED] - delay(10): Delayed 10 second(s)

2019-05-16 19:09:26 - [MESSAGE][PASSED] - Delayed 10 second(s)

2019-05-16 19:09:26 - [TEST_STEP][PASSED] - closeBrowser(): Browser is closed

2019-05-16 19:09:27 - [MESSAGE][PASSED] - Browser is closed

2019-05-16 19:09:27 - [MESSAGE][PASSED] - Call Test Case 'Test Cases/newArrivalsSetTimezone' successfully

2019-05-16 19:09:27 - [TEST_STEP][PASSED] - callTestCase(findTestCase("productWatchlist"), ["available":BOEblast], STOP_ON_FAILURE): Call Test Case 'Test Cases/productWatchlist' successfully

2019-05-16 19:09:27 - [TEST_CASE][PASSED] - Test Cases/productWatchlist: Test Cases/productWatchlist

2019-05-16 19:09:27 - [TEST_STEP][PASSED] - openBrowser(""): Browser is opened with url: ''

2019-05-16 19:09:27 - [MESSAGE][INFO] - Starting 'Chrome' driver

2019-05-16 19:09:30 - [MESSAGE][PASSED] - Browser is opened with url: ''

2019-05-16 19:09:30 - [TEST_STEP][PASSED] - callTestCase(findTestCase("backOfficeLogin"), ["BOURL":"", "BOuser":"", "BOpass":""], STOP_ON_FAILURE): Call Test Case 'Test Cases/backOfficeLogin' successfully

2019-05-16 19:09:30 - [TEST_CASE][PASSED] - Test Cases/backOfficeLogin: Test Cases/backOfficeLogin

2019-05-16 19:09:30 - [TEST_STEP][PASSED] - BOURL = findTestData("credData").getValue("BOURL", 1): null

2019-05-16 19:09:30 - [TEST_STEP][PASSED] - BOuser = findTestData("credData").getValue("BOuser", 1): null

2019-05-16 19:09:30 - [TEST_STEP][PASSED] - BOpass = findTestData("credData").getValue("BOpass", 1): null

2019-05-16 19:09:30 - [TEST_STEP][NOT_RUN] - openBrowser(""): NOT_RUN: openBrowser("")

2019-05-16 19:09:30 - [MESSAGE][NOT_RUN] - NOT_RUN: openBrowser("")

2019-05-16 19:09:30 - [TEST_STEP][PASSED] - maximizeWindow(): Current window maximized

2019-05-16 19:09:31 - [MESSAGE][PASSED] - Current window maximized

2019-05-16 19:09:31 - [TEST_STEP][PASSED] - navigateToUrl(BOURL): Navigate to 'https://test17.cliotest.com/backoffice/control/main' successfully

2019-05-16 19:09:39 - [MESSAGE][PASSED] - Navigate to 'https://test17.cliotest.com/backoffice/control/main' successfully

2019-05-16 19:09:39 - [TEST_STEP][PASSED] - logOut = findWebElements(findTestObject("Object Repository/Page_cabi Home/log_out"), 1): Unable to find the element located by 'By.xpath: //a[contains(text(),'Log Out')]'. Please recheck the objects properties to make sure the desired element is located. 

2019-05-16 19:09:40 - [MESSAGE][INFO] - Unable to find the element located by 'By.xpath: //a[contains(text(),'Log Out')]'. Please recheck the objects properties to make sure the desired element is located. 

2019-05-16 19:09:40 - [TEST_STEP][PASSED] - if (logOut.size() == 0): Object: 'Object Repository/Page_cabi/input_Welcome to_consultantLogin' is clicked on

2019-05-16 19:09:40 - [TEST_STEP][PASSED] - setText(findTestObject("Page_cabi/input_Welcome to_USERNAME"), BOuser): Text '400000002' is set on object 'Object Repository/Page_cabi/input_Welcome to_USERNAME'

2019-05-16 19:09:40 - [MESSAGE][PASSED] - Text '400000002' is set on object 'Object Repository/Page_cabi/input_Welcome to_USERNAME'

2019-05-16 19:09:40 - [TEST_STEP][PASSED] - setText(findTestObject("Object Repository/Page_cabi/input_Welcome to_PASSWORD"), BOpass): Text 'blackdress19' is set on object 'Object Repository/Page_cabi/input_Welcome to_PASSWORD'

2019-05-16 19:09:41 - [MESSAGE][PASSED] - Text 'blackdress19' is set on object 'Object Repository/Page_cabi/input_Welcome to_PASSWORD'

2019-05-16 19:09:41 - [TEST_STEP][PASSED] - click(findTestObject("Object Repository/Page_cabi/input_Welcome to_consultantLogin")): Object: 'Object Repository/Page_cabi/input_Welcome to_consultantLogin' is clicked on

2019-05-16 19:09:49 - [MESSAGE][PASSED] - Object: 'Object Repository/Page_cabi/input_Welcome to_consultantLogin' is clicked on

2019-05-16 19:09:49 - [TEST_STEP][PASSED] - delay(3): Delayed 3 second(s)

2019-05-16 19:09:52 - [MESSAGE][PASSED] - Delayed 3 second(s)

2019-05-16 19:09:52 - [MESSAGE][PASSED] - Call Test Case 'Test Cases/backOfficeLogin' successfully

2019-05-16 19:09:52 - [TEST_STEP][PASSED] - click(findTestObject("Object Repository/Page_cabi Home/a_Shows  Orders")): Object: 'Object Repository/Page_cabi Home/a_Shows  Orders' is clicked on

2019-05-16 19:09:52 - [MESSAGE][PASSED] - Object: 'Object Repository/Page_cabi Home/a_Shows  Orders' is clicked on

2019-05-16 19:09:52 - [TEST_STEP][PASSED] - click(findTestObject("Object Repository/Page_cabi Home/a_Product Watch List")): Object: 'Object Repository/Page_cabi Home/a_Product Watch List' is clicked on

2019-05-16 19:09:56 - [MESSAGE][PASSED] - Object: 'Object Repository/Page_cabi Home/a_Product Watch List' is clicked on

2019-05-16 19:09:56 - [TEST_STEP][PASSED] - if (toString().equalsIgnoreCase("no")): null

2019-05-16 19:09:56 - [TEST_STEP][PASSED] - else: null

2019-05-16 19:09:56 - [TEST_STEP][PASSED] - click(findTestObject("Object Repository/Page_cabi Product Watch list/span_(New Arrivals 2)")): Object: 'Object Repository/Page_cabi Product Watch list/span_(New Arrivals 2)' is clicked on

2019-05-16 19:09:58 - [MESSAGE][PASSED] - Object: 'Object Repository/Page_cabi Product Watch list/span_(New Arrivals 2)' is clicked on

2019-05-16 19:09:58 - [TEST_STEP][PASSED] - verifyElementText(findTestObject("Page_cabi Product Watch list/span_(New Arrivals 2)"), "(New Arrivals 2)"): Actual text and expected text of test object 'Object Repository/Page_cabi Product Watch list/span_(New Arrivals 2)' are matched.

2019-05-16 19:09:58 - [MESSAGE][PASSED] - Actual text and expected text of test object 'Object Repository/Page_cabi Product Watch list/span_(New Arrivals 2)' are matched.

2019-05-16 19:09:58 - [TEST_STEP][PASSED] - actualProductList = findWebElements(findTestObject("Object Repository/Page_cabi Product Watch list/div_product_list"), 5): null

2019-05-16 19:09:58 - [TEST_STEP][PASSED] - println(actualProductList.size()): null

2019-05-16 19:09:58 - [TEST_STEP][PASSED] - actualList = new java.util.ArrayList(): null

2019-05-16 19:09:58 - [TEST_STEP][PASSED] - expectedList = new java.util.ArrayList(): null

2019-05-16 19:09:58 - [TEST_STEP][PASSED] - for (org.openqa.selenium.WebElement product : actualProductList): null

2019-05-16 19:09:58 - [TEST_STEP][PASSED] - actualList.add(product.getText()): null

2019-05-16 19:09:58 - [TEST_STEP][PASSED] - println(product.getText()): null

2019-05-16 19:09:58 - [TEST_STEP][PASSED] - actualList.add(product.getText()): null

2019-05-16 19:09:58 - [TEST_STEP][PASSED] - println(product.getText()): null

2019-05-16 19:09:58 - [TEST_STEP][PASSED] - actualList.add(product.getText()): null

2019-05-16 19:09:58 - [TEST_STEP][PASSED] - println(product.getText()): null

2019-05-16 19:09:58 - [TEST_STEP][PASSED] - actualList.add(product.getText()): null

2019-05-16 19:09:58 - [TEST_STEP][PASSED] - println(product.getText()): null

2019-05-16 19:09:58 - [TEST_STEP][PASSED] - actualList.add(product.getText()): null

2019-05-16 19:09:58 - [TEST_STEP][PASSED] - println(product.getText()): null

2019-05-16 19:09:58 - [TEST_STEP][PASSED] - actualList.add(product.getText()): null

2019-05-16 19:09:58 - [TEST_STEP][PASSED] - println(product.getText()): null

2019-05-16 19:09:58 - [TEST_STEP][PASSED] - actualList.add(product.getText()): null

2019-05-16 19:09:58 - [TEST_STEP][PASSED] - println(product.getText()): null

2019-05-16 19:09:58 - [TEST_STEP][PASSED] - actualList.add(product.getText()): null

2019-05-16 19:09:58 - [TEST_STEP][PASSED] - println(product.getText()): null

2019-05-16 19:09:58 - [TEST_STEP][PASSED] - actualList.add(product.getText()): null

2019-05-16 19:09:58 - [TEST_STEP][PASSED] - println(product.getText()): null

2019-05-16 19:09:58 - [TEST_STEP][PASSED] - actualList.add(product.getText()): null

2019-05-16 19:09:58 - [TEST_STEP][PASSED] - println(product.getText()): null

2019-05-16 19:09:58 - [TEST_STEP][PASSED] - actualList.add(product.getText()): null

2019-05-16 19:09:58 - [TEST_STEP][PASSED] - println(product.getText()): null

2019-05-16 19:09:58 - [TEST_STEP][PASSED] - actualList.add(product.getText()): null

2019-05-16 19:09:58 - [TEST_STEP][PASSED] - println(product.getText()): null

2019-05-16 19:09:58 - [TEST_STEP][PASSED] - for ([row = 1, row <= findTestData("productData1").getRowNumbers(), (row++)]): null

2019-05-16 19:09:58 - [TEST_STEP][PASSED] - productStyle = findTestData("productData1").getValue("Style", row): null

2019-05-16 19:09:58 - [TEST_STEP][PASSED] - productDescription = findTestData("productData1").getValue("Description", row): null

2019-05-16 19:09:58 - [TEST_STEP][PASSED] - productColor = findTestData("productData1").getValue("Color", row): null

2019-05-16 19:09:58 - [TEST_STEP][PASSED] - expectedString = UtilityMethods.createSkuForPWL(productStyle, productDescription, productColor): null

2019-05-16 19:09:58 - [TEST_STEP][PASSED] - println(expectedString): null

2019-05-16 19:09:58 - [TEST_STEP][PASSED] - expectedList.add(expectedString): null

2019-05-16 19:09:58 - [TEST_STEP][PASSED] - productStyle = findTestData("productData1").getValue("Style", row): null

2019-05-16 19:09:58 - [TEST_STEP][PASSED] - productDescription = findTestData("productData1").getValue("Description", row): null

2019-05-16 19:09:58 - [TEST_STEP][PASSED] - productColor = findTestData("productData1").getValue("Color", row): null

2019-05-16 19:09:58 - [TEST_STEP][PASSED] - expectedString = UtilityMethods.createSkuForPWL(productStyle, productDescription, productColor): null

2019-05-16 19:09:58 - [TEST_STEP][PASSED] - println(expectedString): null

2019-05-16 19:09:58 - [TEST_STEP][PASSED] - expectedList.add(expectedString): null

2019-05-16 19:09:58 - [TEST_STEP][PASSED] - productStyle = findTestData("productData1").getValue("Style", row): null

2019-05-16 19:09:59 - [TEST_STEP][PASSED] - productDescription = findTestData("productData1").getValue("Description", row): null

2019-05-16 19:09:59 - [TEST_STEP][PASSED] - productColor = findTestData("productData1").getValue("Color", row): null

2019-05-16 19:09:59 - [TEST_STEP][PASSED] - expectedString = UtilityMethods.createSkuForPWL(productStyle, productDescription, productColor): null

2019-05-16 19:09:59 - [TEST_STEP][PASSED] - println(expectedString): null

2019-05-16 19:09:59 - [TEST_STEP][PASSED] - expectedList.add(expectedString): null

2019-05-16 19:09:59 - [TEST_STEP][PASSED] - productStyle = findTestData("productData1").getValue("Style", row): null

2019-05-16 19:09:59 - [TEST_STEP][PASSED] - productDescription = findTestData("productData1").getValue("Description", row): null

2019-05-16 19:09:59 - [TEST_STEP][PASSED] - productColor = findTestData("productData1").getValue("Color", row): null

2019-05-16 19:09:59 - [TEST_STEP][PASSED] - expectedString = UtilityMethods.createSkuForPWL(productStyle, productDescription, productColor): null

2019-05-16 19:09:59 - [TEST_STEP][PASSED] - println(expectedString): null

2019-05-16 19:09:59 - [TEST_STEP][PASSED] - expectedList.add(expectedString): null

2019-05-16 19:09:59 - [TEST_STEP][PASSED] - productStyle = findTestData("productData1").getValue("Style", row): null

2019-05-16 19:09:59 - [TEST_STEP][PASSED] - productDescription = findTestData("productData1").getValue("Description", row): null

2019-05-16 19:09:59 - [TEST_STEP][PASSED] - productColor = findTestData("productData1").getValue("Color", row): null

2019-05-16 19:09:59 - [TEST_STEP][PASSED] - expectedString = UtilityMethods.createSkuForPWL(productStyle, productDescription, productColor): null

2019-05-16 19:09:59 - [TEST_STEP][PASSED] - println(expectedString): null

2019-05-16 19:09:59 - [TEST_STEP][PASSED] - expectedList.add(expectedString): null

2019-05-16 19:09:59 - [TEST_STEP][PASSED] - productStyle = findTestData("productData1").getValue("Style", row): null

2019-05-16 19:09:59 - [TEST_STEP][PASSED] - productDescription = findTestData("productData1").getValue("Description", row): null

2019-05-16 19:09:59 - [TEST_STEP][PASSED] - productColor = findTestData("productData1").getValue("Color", row): null

2019-05-16 19:09:59 - [TEST_STEP][PASSED] - expectedString = UtilityMethods.createSkuForPWL(productStyle, productDescription, productColor): null

2019-05-16 19:09:59 - [TEST_STEP][PASSED] - println(expectedString): null

2019-05-16 19:09:59 - [TEST_STEP][PASSED] - expectedList.add(expectedString): null

2019-05-16 19:09:59 - [TEST_STEP][PASSED] - productStyle = findTestData("productData1").getValue("Style", row): null

2019-05-16 19:09:59 - [TEST_STEP][PASSED] - productDescription = findTestData("productData1").getValue("Description", row): null

2019-05-16 19:09:59 - [TEST_STEP][PASSED] - productColor = findTestData("productData1").getValue("Color", row): null

2019-05-16 19:09:59 - [TEST_STEP][PASSED] - expectedString = UtilityMethods.createSkuForPWL(productStyle, productDescription, productColor): null

2019-05-16 19:09:59 - [TEST_STEP][PASSED] - println(expectedString): null

2019-05-16 19:09:59 - [TEST_STEP][PASSED] - expectedList.add(expectedString): null

2019-05-16 19:09:59 - [TEST_STEP][PASSED] - productStyle = findTestData("productData1").getValue("Style", row): null

2019-05-16 19:09:59 - [TEST_STEP][PASSED] - productDescription = findTestData("productData1").getValue("Description", row): null

2019-05-16 19:09:59 - [TEST_STEP][PASSED] - productColor = findTestData("productData1").getValue("Color", row): null

2019-05-16 19:09:59 - [TEST_STEP][PASSED] - expectedString = UtilityMethods.createSkuForPWL(productStyle, productDescription, productColor): null

2019-05-16 19:09:59 - [TEST_STEP][PASSED] - println(expectedString): null

2019-05-16 19:09:59 - [TEST_STEP][PASSED] - expectedList.add(expectedString): null

2019-05-16 19:09:59 - [TEST_STEP][PASSED] - productStyle = findTestData("productData1").getValue("Style", row): null

2019-05-16 19:09:59 - [TEST_STEP][PASSED] - productDescription = findTestData("productData1").getValue("Description", row): null

2019-05-16 19:09:59 - [TEST_STEP][PASSED] - productColor = findTestData("productData1").getValue("Color", row): null

2019-05-16 19:09:59 - [TEST_STEP][PASSED] - expectedString = UtilityMethods.createSkuForPWL(productStyle, productDescription, productColor): null

2019-05-16 19:09:59 - [TEST_STEP][PASSED] - println(expectedString): null

2019-05-16 19:09:59 - [TEST_STEP][PASSED] - expectedList.add(expectedString): null

2019-05-16 19:10:00 - [TEST_STEP][PASSED] - productStyle = findTestData("productData1").getValue("Style", row): null

2019-05-16 19:10:00 - [TEST_STEP][PASSED] - productDescription = findTestData("productData1").getValue("Description", row): null

2019-05-16 19:10:00 - [TEST_STEP][PASSED] - productColor = findTestData("productData1").getValue("Color", row): null

2019-05-16 19:10:00 - [TEST_STEP][PASSED] - expectedString = UtilityMethods.createSkuForPWL(productStyle, productDescription, productColor): null

2019-05-16 19:10:00 - [TEST_STEP][PASSED] - println(expectedString): null

2019-05-16 19:10:00 - [TEST_STEP][PASSED] - expectedList.add(expectedString): null

2019-05-16 19:10:00 - [TEST_STEP][PASSED] - productStyle = findTestData("productData1").getValue("Style", row): null

2019-05-16 19:10:00 - [TEST_STEP][PASSED] - productDescription = findTestData("productData1").getValue("Description", row): null

2019-05-16 19:10:00 - [TEST_STEP][PASSED] - productColor = findTestData("productData1").getValue("Color", row): null

2019-05-16 19:10:00 - [TEST_STEP][PASSED] - expectedString = UtilityMethods.createSkuForPWL(productStyle, productDescription, productColor): null

2019-05-16 19:10:00 - [TEST_STEP][PASSED] - println(expectedString): null

2019-05-16 19:10:00 - [TEST_STEP][PASSED] - expectedList.add(expectedString): null

2019-05-16 19:10:00 - [TEST_STEP][PASSED] - productStyle = findTestData("productData1").getValue("Style", row): null

2019-05-16 19:10:00 - [TEST_STEP][PASSED] - productDescription = findTestData("productData1").getValue("Description", row): null

2019-05-16 19:10:00 - [TEST_STEP][PASSED] - productColor = findTestData("productData1").getValue("Color", row): null

2019-05-16 19:10:00 - [TEST_STEP][PASSED] - expectedString = UtilityMethods.createSkuForPWL(productStyle, productDescription, productColor): null

2019-05-16 19:10:00 - [TEST_STEP][PASSED] - println(expectedString): null

2019-05-16 19:10:00 - [TEST_STEP][PASSED] - expectedList.add(expectedString): null

2019-05-16 19:10:00 - [TEST_STEP][PASSED] - assert UtilityMethods.listEquals(expectedList, actualList) == true: null

2019-05-16 19:10:00 - [MESSAGE][PASSED] - Call Test Case 'Test Cases/productWatchlist' successfully

2019-05-16 19:10:00 - [TEST_STEP][PASSED] - callTestCase(findTestCase("newArrivalsEblast"), ["available":BOEblast], STOP_ON_FAILURE): Call Test Case 'Test Cases/newArrivalsEblast' successfully

2019-05-16 19:10:00 - [TEST_CASE][PASSED] - Test Cases/newArrivalsEblast: Test Cases/newArrivalsEblast

2019-05-16 19:10:00 - [TEST_STEP][PASSED] - openBrowser(""): Browser is opened with url: ''

2019-05-16 19:10:00 - [MESSAGE][WARNING] - A browser is already opened. Closing browser and opening a new one

2019-05-16 19:10:01 - [MESSAGE][INFO] - Starting 'Chrome' driver

2019-05-16 19:10:03 - [MESSAGE][PASSED] - Browser is opened with url: ''

2019-05-16 19:10:03 - [TEST_STEP][PASSED] - callTestCase(findTestCase("backOfficeLogin"), ["BOURL":"", "BOuser":"", "BOpass":""], STOP_ON_FAILURE): Call Test Case 'Test Cases/backOfficeLogin' successfully

2019-05-16 19:10:03 - [TEST_CASE][PASSED] - Test Cases/backOfficeLogin: Test Cases/backOfficeLogin

2019-05-16 19:10:03 - [TEST_STEP][PASSED] - BOURL = findTestData("credData").getValue("BOURL", 1): null

2019-05-16 19:10:03 - [TEST_STEP][PASSED] - BOuser = findTestData("credData").getValue("BOuser", 1): null

2019-05-16 19:10:03 - [TEST_STEP][PASSED] - BOpass = findTestData("credData").getValue("BOpass", 1): null

2019-05-16 19:10:03 - [TEST_STEP][NOT_RUN] - openBrowser(""): NOT_RUN: openBrowser("")

2019-05-16 19:10:03 - [MESSAGE][NOT_RUN] - NOT_RUN: openBrowser("")

2019-05-16 19:10:03 - [TEST_STEP][PASSED] - maximizeWindow(): Current window maximized

2019-05-16 19:10:04 - [MESSAGE][PASSED] - Current window maximized

2019-05-16 19:10:04 - [TEST_STEP][PASSED] - navigateToUrl(BOURL): Navigate to 'https://test17.cliotest.com/backoffice/control/main' successfully

2019-05-16 19:10:13 - [MESSAGE][PASSED] - Navigate to 'https://test17.cliotest.com/backoffice/control/main' successfully

2019-05-16 19:10:13 - [TEST_STEP][PASSED] - logOut = findWebElements(findTestObject("Object Repository/Page_cabi Home/log_out"), 1): Unable to find the element located by 'By.xpath: //a[contains(text(),'Log Out')]'. Please recheck the objects properties to make sure the desired element is located. 

2019-05-16 19:10:14 - [MESSAGE][INFO] - Unable to find the element located by 'By.xpath: //a[contains(text(),'Log Out')]'. Please recheck the objects properties to make sure the desired element is located. 

2019-05-16 19:10:14 - [TEST_STEP][PASSED] - if (logOut.size() == 0): Object: 'Object Repository/Page_cabi/input_Welcome to_consultantLogin' is clicked on

2019-05-16 19:10:14 - [TEST_STEP][PASSED] - setText(findTestObject("Page_cabi/input_Welcome to_USERNAME"), BOuser): Text '400000002' is set on object 'Object Repository/Page_cabi/input_Welcome to_USERNAME'

2019-05-16 19:10:14 - [MESSAGE][PASSED] - Text '400000002' is set on object 'Object Repository/Page_cabi/input_Welcome to_USERNAME'

2019-05-16 19:10:14 - [TEST_STEP][PASSED] - setText(findTestObject("Object Repository/Page_cabi/input_Welcome to_PASSWORD"), BOpass): Text 'blackdress19' is set on object 'Object Repository/Page_cabi/input_Welcome to_PASSWORD'

2019-05-16 19:10:15 - [MESSAGE][PASSED] - Text 'blackdress19' is set on object 'Object Repository/Page_cabi/input_Welcome to_PASSWORD'

2019-05-16 19:10:15 - [TEST_STEP][PASSED] - click(findTestObject("Object Repository/Page_cabi/input_Welcome to_consultantLogin")): Object: 'Object Repository/Page_cabi/input_Welcome to_consultantLogin' is clicked on

2019-05-16 19:10:22 - [MESSAGE][PASSED] - Object: 'Object Repository/Page_cabi/input_Welcome to_consultantLogin' is clicked on

2019-05-16 19:10:22 - [TEST_STEP][PASSED] - delay(3): Delayed 3 second(s)

2019-05-16 19:10:25 - [MESSAGE][PASSED] - Delayed 3 second(s)

2019-05-16 19:10:25 - [MESSAGE][PASSED] - Call Test Case 'Test Cases/backOfficeLogin' successfully

2019-05-16 19:10:25 - [TEST_STEP][PASSED] - click(findTestObject("Page_cabi Home/a_Connections")): Object: 'Object Repository/Page_cabi Home/a_Connections' is clicked on

2019-05-16 19:10:25 - [MESSAGE][PASSED] - Object: 'Object Repository/Page_cabi Home/a_Connections' is clicked on

2019-05-16 19:10:25 - [TEST_STEP][PASSED] - click(findTestObject("Page_cabi Home/a_Contact Manager")): Object: 'Object Repository/Page_cabi Home/a_Contact Manager' is clicked on

2019-05-16 19:10:29 - [MESSAGE][PASSED] - Object: 'Object Repository/Page_cabi Home/a_Contact Manager' is clicked on

2019-05-16 19:10:29 - [TEST_STEP][PASSED] - click(findTestObject("Page_cabi/span_SEND eBLAST")): Object: 'Object Repository/Page_cabi/span_SEND eBLAST' is clicked on

2019-05-16 19:10:30 - [MESSAGE][PASSED] - Object: 'Object Repository/Page_cabi/span_SEND eBLAST' is clicked on

2019-05-16 19:10:30 - [TEST_STEP][PASSED] - click(findTestObject("Object Repository/Page_cabi Eblast/a_Stylist Picks")): Object: 'Object Repository/Page_cabi Eblast/a_Stylist Picks' is clicked on

2019-05-16 19:10:39 - [MESSAGE][PASSED] - Object: 'Object Repository/Page_cabi Eblast/a_Stylist Picks' is clicked on

2019-05-16 19:10:39 - [TEST_STEP][PASSED] - click(findTestObject("Object Repository/Page_cabi Eblast/button_ADD PRODUCTS TO EBLAST")): Object: 'Object Repository/Page_cabi Eblast/button_ADD PRODUCTS TO EBLAST' is clicked on

2019-05-16 19:10:40 - [MESSAGE][PASSED] - Object: 'Object Repository/Page_cabi Eblast/button_ADD PRODUCTS TO EBLAST' is clicked on

2019-05-16 19:10:40 - [TEST_STEP][PASSED] - for ([row = 1, row <= findTestData("productData").getRowNumbers(), (row++)]): null

2019-05-16 19:10:40 - [TEST_STEP][PASSED] - delay(2): Delayed 2 second(s)

2019-05-16 19:10:42 - [MESSAGE][PASSED] - Delayed 2 second(s)

2019-05-16 19:10:42 - [TEST_STEP][PASSED] - setText(findTestObject("Page_cabi Eblast/eBlastStyleSearch"), findTestData("productData").getValue("Style", row)): Text '5618' is set on object 'Object Repository/Page_cabi Eblast/eBlastStyleSearch'

2019-05-16 19:10:42 - [MESSAGE][PASSED] - Text '5618' is set on object 'Object Repository/Page_cabi Eblast/eBlastStyleSearch'

2019-05-16 19:10:42 - [TEST_STEP][PASSED] - delay(2): Delayed 2 second(s)

2019-05-16 19:10:44 - [MESSAGE][PASSED] - Delayed 2 second(s)

2019-05-16 19:10:44 - [TEST_STEP][PASSED] - if (toString().equalsIgnoreCase("no")): null

2019-05-16 19:10:44 - [TEST_STEP][PASSED] - else: null

2019-05-16 19:10:44 - [TEST_STEP][PASSED] - space = " ": null

2019-05-16 19:10:44 - [TEST_STEP][PASSED] - openbrace = "(": null

2019-05-16 19:10:44 - [TEST_STEP][PASSED] - closebrace = ")": null

2019-05-16 19:10:44 - [TEST_STEP][PASSED] - style_id = getText(findTestObject("Page_cabi Eblast/style_id")): Text of object 'Object Repository/Page_cabi Eblast/style_id' is: '5618'

2019-05-16 19:10:44 - [MESSAGE][PASSED] - Text of object 'Object Repository/Page_cabi Eblast/style_id' is: '5618'

2019-05-16 19:10:44 - [TEST_STEP][PASSED] - style_name = getText(findTestObject("Page_cabi Eblast/style_name")): Text of object 'Object Repository/Page_cabi Eblast/style_name' is: 'Breeze Dress'

2019-05-16 19:10:44 - [MESSAGE][PASSED] - Text of object 'Object Repository/Page_cabi Eblast/style_name' is: 'Breeze Dress'

2019-05-16 19:10:44 - [TEST_STEP][PASSED] - style_color = getText(findTestObject("Page_cabi Eblast/style_color")): Text of object 'Object Repository/Page_cabi Eblast/style_color' is: '(Heather Gray)'

2019-05-16 19:10:44 - [MESSAGE][PASSED] - Text of object 'Object Repository/Page_cabi Eblast/style_color' is: '(Heather Gray)'

2019-05-16 19:10:44 - [TEST_STEP][PASSED] - style_web = $style_id$space$style_name$space$style_color: null

2019-05-16 19:10:44 - [TEST_STEP][PASSED] - styleid_data = findTestData("productData").getValue("Style", row): null

2019-05-16 19:10:44 - [TEST_STEP][PASSED] - styleid_name = findTestData("productData").getValue("Description", row): null

2019-05-16 19:10:44 - [TEST_STEP][PASSED] - styleid_color = findTestData("productData").getValue("Color", row): null

2019-05-16 19:10:44 - [TEST_STEP][PASSED] - style_data = $styleid_data$space$styleid_name$space$openbrace$styleid_color$closebrace: null

2019-05-16 19:10:44 - [TEST_STEP][PASSED] - println(style_web): null

2019-05-16 19:10:44 - [TEST_STEP][PASSED] - println(style_data): null

2019-05-16 19:10:44 - [TEST_STEP][PASSED] - assert style_data.equalsIgnoreCase(style_web): null

2019-05-16 19:10:44 - [MESSAGE][PASSED] - Call Test Case 'Test Cases/newArrivalsEblast' successfully

2019-05-16 19:10:44 - [TEST_STEP][PASSED] - callTestCase(findTestCase("populateTimeGlobalVars"), ["row":timeRow], STOP_ON_FAILURE): Call Test Case 'Test Cases/populateTimeGlobalVars' successfully

2019-05-16 19:10:44 - [TEST_CASE][PASSED] - Test Cases/populateTimeGlobalVars: Test Cases/populateTimeGlobalVars

2019-05-16 19:10:44 - [TEST_STEP][PASSED] - dataFile = "timezoneData": null

2019-05-16 19:10:44 - [TEST_STEP][PASSED] - serverTarget = UtilityMethods.getTestData(dataFile, "serverTarget", row): null

2019-05-16 19:10:44 - [TEST_STEP][PASSED] - orderType = UtilityMethods.getTestData(dataFile, "orderType", row): null

2019-05-16 19:10:44 - [TEST_STEP][PASSED] - timeZone = UtilityMethods.getTestData(dataFile, "timeZone", row): null

2019-05-16 19:10:44 - [TEST_STEP][PASSED] - BOPersonal = UtilityMethods.getTestData(dataFile, "BOPersonal", row): null

2019-05-16 19:10:44 - [TEST_STEP][PASSED] - BOAddonPersonal = UtilityMethods.getTestData(dataFile, "BOAddonPersonal", row): null

2019-05-16 19:10:44 - [TEST_STEP][PASSED] - BOAddonRetail = UtilityMethods.getTestData(dataFile, "BOAddonRetail", row): null

2019-05-16 19:10:44 - [TEST_STEP][PASSED] - BORetail = UtilityMethods.getTestData(dataFile, "BORetail", row): null

2019-05-16 19:10:44 - [TEST_STEP][PASSED] - BOShow = UtilityMethods.getTestData(dataFile, "BOShow", row): null

2019-05-16 19:10:44 - [TEST_STEP][PASSED] - BOOnlineoutlet = UtilityMethods.getTestData(dataFile, "BOOnlineoutlet", row): null

2019-05-16 19:10:44 - [TEST_STEP][PASSED] - BOEmployee = UtilityMethods.getTestData(dataFile, "BOEmployee", row): null

2019-05-16 19:10:44 - [TEST_STEP][PASSED] - CCPersonal = UtilityMethods.getTestData(dataFile, "CCPersonal", row): null

2019-05-16 19:10:44 - [TEST_STEP][PASSED] - CCRetail = UtilityMethods.getTestData(dataFile, "CCRetail", row): null

2019-05-16 19:10:44 - [TEST_STEP][PASSED] - CCShow = UtilityMethods.getTestData(dataFile, "CCShow", row): null

2019-05-16 19:10:44 - [TEST_STEP][PASSED] - BOEblast = UtilityMethods.getTestData(dataFile, "BOEblast", row): null

2019-05-16 19:10:44 - [MESSAGE][PASSED] - Call Test Case 'Test Cases/populateTimeGlobalVars' successfully

2019-05-16 19:10:44 - [TEST_STEP][PASSED] - callTestCase(findTestCase("newArrivalsSetTimezone"), ["ofbizURL":ofbizURL, "ofbizuser":ofbizuser, "ofbizpass":ofbizpass, "orderType":orderType, "timeZone":timeZone, "serverTarget":serverTarget], STOP_ON_FAILURE): Call Test Case 'Test Cases/newArrivalsSetTimezone' successfully

2019-05-16 19:10:44 - [TEST_CASE][PASSED] - Test Cases/newArrivalsSetTimezone: Test Cases/newArrivalsSetTimezone

2019-05-16 19:10:44 - [TEST_STEP][NOT_RUN] - openBrowser(""): NOT_RUN: openBrowser("")

2019-05-16 19:10:44 - [MESSAGE][NOT_RUN] - NOT_RUN: openBrowser("")

2019-05-16 19:10:44 - [TEST_STEP][NOT_RUN] - maximizeWindow(): NOT_RUN: maximizeWindow()

2019-05-16 19:10:44 - [MESSAGE][NOT_RUN] - NOT_RUN: maximizeWindow()

2019-05-16 19:10:44 - [TEST_STEP][PASSED] - navigateToUrl(ofbizURL): Navigate to 'https://pushofbiz.cliotest.com/login.php' successfully

2019-05-16 19:10:46 - [MESSAGE][PASSED] - Navigate to 'https://pushofbiz.cliotest.com/login.php' successfully

2019-05-16 19:10:46 - [TEST_STEP][PASSED] - setText(findTestObject("Page_/input_Username_username"), ofbizuser): Text 'sshinde' is set on object 'Object Repository/Page_/input_Username_username'

2019-05-16 19:10:46 - [MESSAGE][PASSED] - Text 'sshinde' is set on object 'Object Repository/Page_/input_Username_username'

2019-05-16 19:10:46 - [TEST_STEP][PASSED] - setText(findTestObject("Page_/input_Password_password"), ofbizpass): Text 'C@bi$ush5' is set on object 'Object Repository/Page_/input_Password_password'

2019-05-16 19:10:46 - [MESSAGE][PASSED] - Text 'C@bi$ush5' is set on object 'Object Repository/Page_/input_Password_password'

2019-05-16 19:10:46 - [TEST_STEP][PASSED] - click(findTestObject("Page_/input_Password_Submit")): Object: 'Object Repository/Page_/input_Password_Submit' is clicked on

2019-05-16 19:10:49 - [MESSAGE][PASSED] - Object: 'Object Repository/Page_/input_Password_Submit' is clicked on

2019-05-16 19:10:49 - [TEST_STEP][PASSED] - click(findTestObject("Object Repository/Page_/a_Clock set")): Object: 'Object Repository/Page_/a_Clock set' is clicked on

2019-05-16 19:10:49 - [MESSAGE][PASSED] - Object: 'Object Repository/Page_/a_Clock set' is clicked on

2019-05-16 19:10:49 - [TEST_STEP][PASSED] - selectOptionByLabel(findTestObject("Object Repository/Page_/serverTarget"), serverTarget, true): All options with label 'test17' are selected in object 'Object Repository/Page_/serverTarget'  using regular expression

2019-05-16 19:10:51 - [MESSAGE][PASSED] - All options with label 'test17' are selected in object 'Object Repository/Page_/serverTarget'  using regular expression

2019-05-16 19:10:51 - [TEST_STEP][PASSED] - click(findTestObject("Page_/thisDateAndTime")): Object: 'Object Repository/Page_/thisDateAndTime' is clicked on

2019-05-16 19:10:51 - [MESSAGE][PASSED] - Object: 'Object Repository/Page_/thisDateAndTime' is clicked on

2019-05-16 19:10:51 - [TEST_STEP][PASSED] - setText(findTestObject("Object Repository/Page_/setTargetTime"), timeZone): Text ' 05/08/2019 7:00' is set on object 'Object Repository/Page_/setTargetTime'

2019-05-16 19:10:51 - [MESSAGE][PASSED] - Text ' 05/08/2019 7:00' is set on object 'Object Repository/Page_/setTargetTime'

2019-05-16 19:10:51 - [TEST_STEP][PASSED] - click(findTestObject("Object Repository/Page_/input")): Object: 'Object Repository/Page_/input' is clicked on

2019-05-16 19:10:51 - [MESSAGE][PASSED] - Object: 'Object Repository/Page_/input' is clicked on

2019-05-16 19:10:51 - [TEST_STEP][PASSED] - delay(10): Delayed 10 second(s)

2019-05-16 19:11:01 - [MESSAGE][PASSED] - Delayed 10 second(s)

2019-05-16 19:11:01 - [TEST_STEP][PASSED] - closeBrowser(): Browser is closed

2019-05-16 19:11:02 - [MESSAGE][PASSED] - Browser is closed

2019-05-16 19:11:02 - [MESSAGE][PASSED] - Call Test Case 'Test Cases/newArrivalsSetTimezone' successfully

2019-05-16 19:11:02 - [TEST_STEP][PASSED] - callTestCase(findTestCase("productWatchlist"), ["available":BOEblast], STOP_ON_FAILURE): Call Test Case 'Test Cases/productWatchlist' successfully

2019-05-16 19:11:02 - [TEST_CASE][PASSED] - Test Cases/productWatchlist: Test Cases/productWatchlist

2019-05-16 19:11:02 - [TEST_STEP][PASSED] - openBrowser(""): Browser is opened with url: ''

2019-05-16 19:11:02 - [MESSAGE][INFO] - Starting 'Chrome' driver

2019-05-16 19:11:05 - [MESSAGE][PASSED] - Browser is opened with url: ''

2019-05-16 19:11:05 - [TEST_STEP][PASSED] - callTestCase(findTestCase("backOfficeLogin"), ["BOURL":"", "BOuser":"", "BOpass":""], STOP_ON_FAILURE): Call Test Case 'Test Cases/backOfficeLogin' successfully

2019-05-16 19:11:05 - [TEST_CASE][PASSED] - Test Cases/backOfficeLogin: Test Cases/backOfficeLogin

2019-05-16 19:11:05 - [TEST_STEP][PASSED] - BOURL = findTestData("credData").getValue("BOURL", 1): null

2019-05-16 19:11:05 - [TEST_STEP][PASSED] - BOuser = findTestData("credData").getValue("BOuser", 1): null

2019-05-16 19:11:05 - [TEST_STEP][PASSED] - BOpass = findTestData("credData").getValue("BOpass", 1): null

2019-05-16 19:11:05 - [TEST_STEP][NOT_RUN] - openBrowser(""): NOT_RUN: openBrowser("")

2019-05-16 19:11:05 - [MESSAGE][NOT_RUN] - NOT_RUN: openBrowser("")

2019-05-16 19:11:05 - [TEST_STEP][PASSED] - maximizeWindow(): Current window maximized

2019-05-16 19:11:06 - [MESSAGE][PASSED] - Current window maximized

2019-05-16 19:11:06 - [TEST_STEP][PASSED] - navigateToUrl(BOURL): Navigate to 'https://test17.cliotest.com/backoffice/control/main' successfully

2019-05-16 19:11:14 - [MESSAGE][PASSED] - Navigate to 'https://test17.cliotest.com/backoffice/control/main' successfully

2019-05-16 19:11:14 - [TEST_STEP][PASSED] - logOut = findWebElements(findTestObject("Object Repository/Page_cabi Home/log_out"), 1): Unable to find the element located by 'By.xpath: //a[contains(text(),'Log Out')]'. Please recheck the objects properties to make sure the desired element is located. 

2019-05-16 19:11:15 - [MESSAGE][INFO] - Unable to find the element located by 'By.xpath: //a[contains(text(),'Log Out')]'. Please recheck the objects properties to make sure the desired element is located. 

2019-05-16 19:11:15 - [TEST_STEP][PASSED] - if (logOut.size() == 0): Object: 'Object Repository/Page_cabi/input_Welcome to_consultantLogin' is clicked on

2019-05-16 19:11:15 - [TEST_STEP][PASSED] - setText(findTestObject("Page_cabi/input_Welcome to_USERNAME"), BOuser): Text '400000002' is set on object 'Object Repository/Page_cabi/input_Welcome to_USERNAME'

2019-05-16 19:11:15 - [MESSAGE][PASSED] - Text '400000002' is set on object 'Object Repository/Page_cabi/input_Welcome to_USERNAME'

2019-05-16 19:11:15 - [TEST_STEP][PASSED] - setText(findTestObject("Object Repository/Page_cabi/input_Welcome to_PASSWORD"), BOpass): Text 'blackdress19' is set on object 'Object Repository/Page_cabi/input_Welcome to_PASSWORD'

2019-05-16 19:11:15 - [MESSAGE][PASSED] - Text 'blackdress19' is set on object 'Object Repository/Page_cabi/input_Welcome to_PASSWORD'

2019-05-16 19:11:15 - [TEST_STEP][PASSED] - click(findTestObject("Object Repository/Page_cabi/input_Welcome to_consultantLogin")): Object: 'Object Repository/Page_cabi/input_Welcome to_consultantLogin' is clicked on

2019-05-16 19:11:22 - [MESSAGE][PASSED] - Object: 'Object Repository/Page_cabi/input_Welcome to_consultantLogin' is clicked on

2019-05-16 19:11:22 - [TEST_STEP][PASSED] - delay(3): Delayed 3 second(s)

2019-05-16 19:11:25 - [MESSAGE][PASSED] - Delayed 3 second(s)

2019-05-16 19:11:25 - [MESSAGE][PASSED] - Call Test Case 'Test Cases/backOfficeLogin' successfully

2019-05-16 19:11:25 - [TEST_STEP][PASSED] - click(findTestObject("Object Repository/Page_cabi Home/a_Shows  Orders")): Object: 'Object Repository/Page_cabi Home/a_Shows  Orders' is clicked on

2019-05-16 19:11:25 - [MESSAGE][PASSED] - Object: 'Object Repository/Page_cabi Home/a_Shows  Orders' is clicked on

2019-05-16 19:11:25 - [TEST_STEP][PASSED] - click(findTestObject("Object Repository/Page_cabi Home/a_Product Watch List")): Object: 'Object Repository/Page_cabi Home/a_Product Watch List' is clicked on

2019-05-16 19:11:29 - [MESSAGE][PASSED] - Object: 'Object Repository/Page_cabi Home/a_Product Watch List' is clicked on

2019-05-16 19:11:29 - [TEST_STEP][PASSED] - if (toString().equalsIgnoreCase("no")): null

2019-05-16 19:11:29 - [TEST_STEP][PASSED] - else: null

2019-05-16 19:11:29 - [TEST_STEP][PASSED] - click(findTestObject("Object Repository/Page_cabi Product Watch list/span_(New Arrivals 2)")): Object: 'Object Repository/Page_cabi Product Watch list/span_(New Arrivals 2)' is clicked on

2019-05-16 19:11:31 - [MESSAGE][PASSED] - Object: 'Object Repository/Page_cabi Product Watch list/span_(New Arrivals 2)' is clicked on

2019-05-16 19:11:31 - [TEST_STEP][PASSED] - verifyElementText(findTestObject("Page_cabi Product Watch list/span_(New Arrivals 2)"), "(New Arrivals 2)"): Actual text and expected text of test object 'Object Repository/Page_cabi Product Watch list/span_(New Arrivals 2)' are matched.

2019-05-16 19:11:31 - [MESSAGE][PASSED] - Actual text and expected text of test object 'Object Repository/Page_cabi Product Watch list/span_(New Arrivals 2)' are matched.

2019-05-16 19:11:31 - [TEST_STEP][PASSED] - actualProductList = findWebElements(findTestObject("Object Repository/Page_cabi Product Watch list/div_product_list"), 5): null

2019-05-16 19:11:31 - [TEST_STEP][PASSED] - println(actualProductList.size()): null

2019-05-16 19:11:31 - [TEST_STEP][PASSED] - actualList = new java.util.ArrayList(): null

2019-05-16 19:11:31 - [TEST_STEP][PASSED] - expectedList = new java.util.ArrayList(): null

2019-05-16 19:11:31 - [TEST_STEP][PASSED] - for (org.openqa.selenium.WebElement product : actualProductList): null

2019-05-16 19:11:31 - [TEST_STEP][PASSED] - actualList.add(product.getText()): null

2019-05-16 19:11:31 - [TEST_STEP][PASSED] - println(product.getText()): null

2019-05-16 19:11:31 - [TEST_STEP][PASSED] - actualList.add(product.getText()): null

2019-05-16 19:11:31 - [TEST_STEP][PASSED] - println(product.getText()): null

2019-05-16 19:11:31 - [TEST_STEP][PASSED] - actualList.add(product.getText()): null

2019-05-16 19:11:31 - [TEST_STEP][PASSED] - println(product.getText()): null

2019-05-16 19:11:31 - [TEST_STEP][PASSED] - actualList.add(product.getText()): null

2019-05-16 19:11:31 - [TEST_STEP][PASSED] - println(product.getText()): null

2019-05-16 19:11:31 - [TEST_STEP][PASSED] - actualList.add(product.getText()): null

2019-05-16 19:11:31 - [TEST_STEP][PASSED] - println(product.getText()): null

2019-05-16 19:11:31 - [TEST_STEP][PASSED] - actualList.add(product.getText()): null

2019-05-16 19:11:31 - [TEST_STEP][PASSED] - println(product.getText()): null

2019-05-16 19:11:31 - [TEST_STEP][PASSED] - actualList.add(product.getText()): null

2019-05-16 19:11:31 - [TEST_STEP][PASSED] - println(product.getText()): null

2019-05-16 19:11:31 - [TEST_STEP][PASSED] - actualList.add(product.getText()): null

2019-05-16 19:11:31 - [TEST_STEP][PASSED] - println(product.getText()): null

2019-05-16 19:11:31 - [TEST_STEP][PASSED] - actualList.add(product.getText()): null

2019-05-16 19:11:31 - [TEST_STEP][PASSED] - println(product.getText()): null

2019-05-16 19:11:31 - [TEST_STEP][PASSED] - actualList.add(product.getText()): null

2019-05-16 19:11:31 - [TEST_STEP][PASSED] - println(product.getText()): null

2019-05-16 19:11:31 - [TEST_STEP][PASSED] - actualList.add(product.getText()): null

2019-05-16 19:11:31 - [TEST_STEP][PASSED] - println(product.getText()): null

2019-05-16 19:11:31 - [TEST_STEP][PASSED] - actualList.add(product.getText()): null

2019-05-16 19:11:31 - [TEST_STEP][PASSED] - println(product.getText()): null

2019-05-16 19:11:31 - [TEST_STEP][PASSED] - for ([row = 1, row <= findTestData("productData1").getRowNumbers(), (row++)]): null

2019-05-16 19:11:31 - [TEST_STEP][PASSED] - productStyle = findTestData("productData1").getValue("Style", row): null

2019-05-16 19:11:31 - [TEST_STEP][PASSED] - productDescription = findTestData("productData1").getValue("Description", row): null

2019-05-16 19:11:31 - [TEST_STEP][PASSED] - productColor = findTestData("productData1").getValue("Color", row): null

2019-05-16 19:11:31 - [TEST_STEP][PASSED] - expectedString = UtilityMethods.createSkuForPWL(productStyle, productDescription, productColor): null

2019-05-16 19:11:31 - [TEST_STEP][PASSED] - println(expectedString): null

2019-05-16 19:11:31 - [TEST_STEP][PASSED] - expectedList.add(expectedString): null

2019-05-16 19:11:31 - [TEST_STEP][PASSED] - productStyle = findTestData("productData1").getValue("Style", row): null

2019-05-16 19:11:32 - [TEST_STEP][PASSED] - productDescription = findTestData("productData1").getValue("Description", row): null

2019-05-16 19:11:32 - [TEST_STEP][PASSED] - productColor = findTestData("productData1").getValue("Color", row): null

2019-05-16 19:11:32 - [TEST_STEP][PASSED] - expectedString = UtilityMethods.createSkuForPWL(productStyle, productDescription, productColor): null

2019-05-16 19:11:32 - [TEST_STEP][PASSED] - println(expectedString): null

2019-05-16 19:11:32 - [TEST_STEP][PASSED] - expectedList.add(expectedString): null

2019-05-16 19:11:32 - [TEST_STEP][PASSED] - productStyle = findTestData("productData1").getValue("Style", row): null

2019-05-16 19:11:32 - [TEST_STEP][PASSED] - productDescription = findTestData("productData1").getValue("Description", row): null

2019-05-16 19:11:32 - [TEST_STEP][PASSED] - productColor = findTestData("productData1").getValue("Color", row): null

2019-05-16 19:11:32 - [TEST_STEP][PASSED] - expectedString = UtilityMethods.createSkuForPWL(productStyle, productDescription, productColor): null

2019-05-16 19:11:32 - [TEST_STEP][PASSED] - println(expectedString): null

2019-05-16 19:11:32 - [TEST_STEP][PASSED] - expectedList.add(expectedString): null

2019-05-16 19:11:32 - [TEST_STEP][PASSED] - productStyle = findTestData("productData1").getValue("Style", row): null

2019-05-16 19:11:32 - [TEST_STEP][PASSED] - productDescription = findTestData("productData1").getValue("Description", row): null

2019-05-16 19:11:32 - [TEST_STEP][PASSED] - productColor = findTestData("productData1").getValue("Color", row): null

2019-05-16 19:11:32 - [TEST_STEP][PASSED] - expectedString = UtilityMethods.createSkuForPWL(productStyle, productDescription, productColor): null

2019-05-16 19:11:32 - [TEST_STEP][PASSED] - println(expectedString): null

2019-05-16 19:11:32 - [TEST_STEP][PASSED] - expectedList.add(expectedString): null

2019-05-16 19:11:32 - [TEST_STEP][PASSED] - productStyle = findTestData("productData1").getValue("Style", row): null

2019-05-16 19:11:32 - [TEST_STEP][PASSED] - productDescription = findTestData("productData1").getValue("Description", row): null

2019-05-16 19:11:32 - [TEST_STEP][PASSED] - productColor = findTestData("productData1").getValue("Color", row): null

2019-05-16 19:11:32 - [TEST_STEP][PASSED] - expectedString = UtilityMethods.createSkuForPWL(productStyle, productDescription, productColor): null

2019-05-16 19:11:32 - [TEST_STEP][PASSED] - println(expectedString): null

2019-05-16 19:11:32 - [TEST_STEP][PASSED] - expectedList.add(expectedString): null

2019-05-16 19:11:32 - [TEST_STEP][PASSED] - productStyle = findTestData("productData1").getValue("Style", row): null

2019-05-16 19:11:32 - [TEST_STEP][PASSED] - productDescription = findTestData("productData1").getValue("Description", row): null

2019-05-16 19:11:32 - [TEST_STEP][PASSED] - productColor = findTestData("productData1").getValue("Color", row): null

2019-05-16 19:11:32 - [TEST_STEP][PASSED] - expectedString = UtilityMethods.createSkuForPWL(productStyle, productDescription, productColor): null

2019-05-16 19:11:32 - [TEST_STEP][PASSED] - println(expectedString): null

2019-05-16 19:11:32 - [TEST_STEP][PASSED] - expectedList.add(expectedString): null

2019-05-16 19:11:32 - [TEST_STEP][PASSED] - productStyle = findTestData("productData1").getValue("Style", row): null

2019-05-16 19:11:32 - [TEST_STEP][PASSED] - productDescription = findTestData("productData1").getValue("Description", row): null

2019-05-16 19:11:32 - [TEST_STEP][PASSED] - productColor = findTestData("productData1").getValue("Color", row): null

2019-05-16 19:11:32 - [TEST_STEP][PASSED] - expectedString = UtilityMethods.createSkuForPWL(productStyle, productDescription, productColor): null

2019-05-16 19:11:32 - [TEST_STEP][PASSED] - println(expectedString): null

2019-05-16 19:11:32 - [TEST_STEP][PASSED] - expectedList.add(expectedString): null

2019-05-16 19:11:32 - [TEST_STEP][PASSED] - productStyle = findTestData("productData1").getValue("Style", row): null

2019-05-16 19:11:32 - [TEST_STEP][PASSED] - productDescription = findTestData("productData1").getValue("Description", row): null

2019-05-16 19:11:32 - [TEST_STEP][PASSED] - productColor = findTestData("productData1").getValue("Color", row): null

2019-05-16 19:11:32 - [TEST_STEP][PASSED] - expectedString = UtilityMethods.createSkuForPWL(productStyle, productDescription, productColor): null

2019-05-16 19:11:32 - [TEST_STEP][PASSED] - println(expectedString): null

2019-05-16 19:11:32 - [TEST_STEP][PASSED] - expectedList.add(expectedString): null

2019-05-16 19:11:32 - [TEST_STEP][PASSED] - productStyle = findTestData("productData1").getValue("Style", row): null

2019-05-16 19:11:32 - [TEST_STEP][PASSED] - productDescription = findTestData("productData1").getValue("Description", row): null

2019-05-16 19:11:32 - [TEST_STEP][PASSED] - productColor = findTestData("productData1").getValue("Color", row): null

2019-05-16 19:11:32 - [TEST_STEP][PASSED] - expectedString = UtilityMethods.createSkuForPWL(productStyle, productDescription, productColor): null

2019-05-16 19:11:32 - [TEST_STEP][PASSED] - println(expectedString): null

2019-05-16 19:11:32 - [TEST_STEP][PASSED] - expectedList.add(expectedString): null

2019-05-16 19:11:32 - [TEST_STEP][PASSED] - productStyle = findTestData("productData1").getValue("Style", row): null

2019-05-16 19:11:32 - [TEST_STEP][PASSED] - productDescription = findTestData("productData1").getValue("Description", row): null

2019-05-16 19:11:32 - [TEST_STEP][PASSED] - productColor = findTestData("productData1").getValue("Color", row): null

2019-05-16 19:11:32 - [TEST_STEP][PASSED] - expectedString = UtilityMethods.createSkuForPWL(productStyle, productDescription, productColor): null

2019-05-16 19:11:32 - [TEST_STEP][PASSED] - println(expectedString): null

2019-05-16 19:11:32 - [TEST_STEP][PASSED] - expectedList.add(expectedString): null

2019-05-16 19:11:32 - [TEST_STEP][PASSED] - productStyle = findTestData("productData1").getValue("Style", row): null

2019-05-16 19:11:32 - [TEST_STEP][PASSED] - productDescription = findTestData("productData1").getValue("Description", row): null

2019-05-16 19:11:32 - [TEST_STEP][PASSED] - productColor = findTestData("productData1").getValue("Color", row): null

2019-05-16 19:11:32 - [TEST_STEP][PASSED] - expectedString = UtilityMethods.createSkuForPWL(productStyle, productDescription, productColor): null

2019-05-16 19:11:32 - [TEST_STEP][PASSED] - println(expectedString): null

2019-05-16 19:11:32 - [TEST_STEP][PASSED] - expectedList.add(expectedString): null

2019-05-16 19:11:32 - [TEST_STEP][PASSED] - productStyle = findTestData("productData1").getValue("Style", row): null

2019-05-16 19:11:32 - [TEST_STEP][PASSED] - productDescription = findTestData("productData1").getValue("Description", row): null

2019-05-16 19:11:32 - [TEST_STEP][PASSED] - productColor = findTestData("productData1").getValue("Color", row): null

2019-05-16 19:11:32 - [TEST_STEP][PASSED] - expectedString = UtilityMethods.createSkuForPWL(productStyle, productDescription, productColor): null

2019-05-16 19:11:32 - [TEST_STEP][PASSED] - println(expectedString): null

2019-05-16 19:11:32 - [TEST_STEP][PASSED] - expectedList.add(expectedString): null

2019-05-16 19:11:33 - [TEST_STEP][PASSED] - assert UtilityMethods.listEquals(expectedList, actualList) == true: null

2019-05-16 19:11:33 - [MESSAGE][PASSED] - Call Test Case 'Test Cases/productWatchlist' successfully

2019-05-16 19:11:33 - [TEST_STEP][PASSED] - callTestCase(findTestCase("newArrivalsEblast"), ["available":BOEblast], STOP_ON_FAILURE): Call Test Case 'Test Cases/newArrivalsEblast' successfully

2019-05-16 19:11:33 - [TEST_CASE][PASSED] - Test Cases/newArrivalsEblast: Test Cases/newArrivalsEblast

2019-05-16 19:11:33 - [TEST_STEP][PASSED] - openBrowser(""): Browser is opened with url: ''

2019-05-16 19:11:33 - [MESSAGE][WARNING] - A browser is already opened. Closing browser and opening a new one

2019-05-16 19:11:33 - [MESSAGE][INFO] - Starting 'Chrome' driver

2019-05-16 19:11:35 - [MESSAGE][PASSED] - Browser is opened with url: ''

2019-05-16 19:11:35 - [TEST_STEP][PASSED] - callTestCase(findTestCase("backOfficeLogin"), ["BOURL":"", "BOuser":"", "BOpass":""], STOP_ON_FAILURE): Call Test Case 'Test Cases/backOfficeLogin' successfully

2019-05-16 19:11:36 - [TEST_CASE][PASSED] - Test Cases/backOfficeLogin: Test Cases/backOfficeLogin

2019-05-16 19:11:36 - [TEST_STEP][PASSED] - BOURL = findTestData("credData").getValue("BOURL", 1): null

2019-05-16 19:11:36 - [TEST_STEP][PASSED] - BOuser = findTestData("credData").getValue("BOuser", 1): null

2019-05-16 19:11:36 - [TEST_STEP][PASSED] - BOpass = findTestData("credData").getValue("BOpass", 1): null

2019-05-16 19:11:36 - [TEST_STEP][NOT_RUN] - openBrowser(""): NOT_RUN: openBrowser("")

2019-05-16 19:11:36 - [MESSAGE][NOT_RUN] - NOT_RUN: openBrowser("")

2019-05-16 19:11:36 - [TEST_STEP][PASSED] - maximizeWindow(): Current window maximized

2019-05-16 19:11:37 - [MESSAGE][PASSED] - Current window maximized

2019-05-16 19:11:37 - [TEST_STEP][PASSED] - navigateToUrl(BOURL): Navigate to 'https://test17.cliotest.com/backoffice/control/main' successfully

2019-05-16 19:11:45 - [MESSAGE][PASSED] - Navigate to 'https://test17.cliotest.com/backoffice/control/main' successfully

2019-05-16 19:11:45 - [TEST_STEP][PASSED] - logOut = findWebElements(findTestObject("Object Repository/Page_cabi Home/log_out"), 1): Unable to find the element located by 'By.xpath: //a[contains(text(),'Log Out')]'. Please recheck the objects properties to make sure the desired element is located. 

2019-05-16 19:11:46 - [MESSAGE][INFO] - Unable to find the element located by 'By.xpath: //a[contains(text(),'Log Out')]'. Please recheck the objects properties to make sure the desired element is located. 

2019-05-16 19:11:46 - [TEST_STEP][PASSED] - if (logOut.size() == 0): Object: 'Object Repository/Page_cabi/input_Welcome to_consultantLogin' is clicked on

2019-05-16 19:11:46 - [TEST_STEP][PASSED] - setText(findTestObject("Page_cabi/input_Welcome to_USERNAME"), BOuser): Text '400000002' is set on object 'Object Repository/Page_cabi/input_Welcome to_USERNAME'

2019-05-16 19:11:46 - [MESSAGE][PASSED] - Text '400000002' is set on object 'Object Repository/Page_cabi/input_Welcome to_USERNAME'

2019-05-16 19:11:46 - [TEST_STEP][PASSED] - setText(findTestObject("Object Repository/Page_cabi/input_Welcome to_PASSWORD"), BOpass): Text 'blackdress19' is set on object 'Object Repository/Page_cabi/input_Welcome to_PASSWORD'

2019-05-16 19:11:46 - [MESSAGE][PASSED] - Text 'blackdress19' is set on object 'Object Repository/Page_cabi/input_Welcome to_PASSWORD'

2019-05-16 19:11:46 - [TEST_STEP][PASSED] - click(findTestObject("Object Repository/Page_cabi/input_Welcome to_consultantLogin")): Object: 'Object Repository/Page_cabi/input_Welcome to_consultantLogin' is clicked on

2019-05-16 19:11:54 - [MESSAGE][PASSED] - Object: 'Object Repository/Page_cabi/input_Welcome to_consultantLogin' is clicked on

2019-05-16 19:11:54 - [TEST_STEP][PASSED] - delay(3): Delayed 3 second(s)

2019-05-16 19:11:57 - [MESSAGE][PASSED] - Delayed 3 second(s)

2019-05-16 19:11:57 - [MESSAGE][PASSED] - Call Test Case 'Test Cases/backOfficeLogin' successfully

2019-05-16 19:11:57 - [TEST_STEP][PASSED] - click(findTestObject("Page_cabi Home/a_Connections")): Object: 'Object Repository/Page_cabi Home/a_Connections' is clicked on

2019-05-16 19:11:57 - [MESSAGE][PASSED] - Object: 'Object Repository/Page_cabi Home/a_Connections' is clicked on

2019-05-16 19:11:57 - [TEST_STEP][PASSED] - click(findTestObject("Page_cabi Home/a_Contact Manager")): Object: 'Object Repository/Page_cabi Home/a_Contact Manager' is clicked on

2019-05-16 19:12:01 - [MESSAGE][PASSED] - Object: 'Object Repository/Page_cabi Home/a_Contact Manager' is clicked on

2019-05-16 19:12:01 - [TEST_STEP][PASSED] - click(findTestObject("Page_cabi/span_SEND eBLAST")): Object: 'Object Repository/Page_cabi/span_SEND eBLAST' is clicked on

2019-05-16 19:12:01 - [MESSAGE][PASSED] - Object: 'Object Repository/Page_cabi/span_SEND eBLAST' is clicked on

2019-05-16 19:12:01 - [TEST_STEP][PASSED] - click(findTestObject("Object Repository/Page_cabi Eblast/a_Stylist Picks")): Object: 'Object Repository/Page_cabi Eblast/a_Stylist Picks' is clicked on

2019-05-16 19:12:11 - [MESSAGE][PASSED] - Object: 'Object Repository/Page_cabi Eblast/a_Stylist Picks' is clicked on

2019-05-16 19:12:11 - [TEST_STEP][PASSED] - click(findTestObject("Object Repository/Page_cabi Eblast/button_ADD PRODUCTS TO EBLAST")): Object: 'Object Repository/Page_cabi Eblast/button_ADD PRODUCTS TO EBLAST' is clicked on

2019-05-16 19:12:11 - [MESSAGE][PASSED] - Object: 'Object Repository/Page_cabi Eblast/button_ADD PRODUCTS TO EBLAST' is clicked on

2019-05-16 19:12:11 - [TEST_STEP][PASSED] - for ([row = 1, row <= findTestData("productData").getRowNumbers(), (row++)]): null

2019-05-16 19:12:11 - [TEST_STEP][PASSED] - delay(2): Delayed 2 second(s)

2019-05-16 19:12:13 - [MESSAGE][PASSED] - Delayed 2 second(s)

2019-05-16 19:12:13 - [TEST_STEP][PASSED] - setText(findTestObject("Page_cabi Eblast/eBlastStyleSearch"), findTestData("productData").getValue("Style", row)): Text '5618' is set on object 'Object Repository/Page_cabi Eblast/eBlastStyleSearch'

2019-05-16 19:12:13 - [MESSAGE][PASSED] - Text '5618' is set on object 'Object Repository/Page_cabi Eblast/eBlastStyleSearch'

2019-05-16 19:12:13 - [TEST_STEP][PASSED] - delay(2): Delayed 2 second(s)

2019-05-16 19:12:15 - [MESSAGE][PASSED] - Delayed 2 second(s)

2019-05-16 19:12:15 - [TEST_STEP][PASSED] - if (toString().equalsIgnoreCase("no")): null

2019-05-16 19:12:15 - [TEST_STEP][PASSED] - else: null

2019-05-16 19:12:15 - [TEST_STEP][PASSED] - space = " ": null

2019-05-16 19:12:15 - [TEST_STEP][PASSED] - openbrace = "(": null

2019-05-16 19:12:15 - [TEST_STEP][PASSED] - closebrace = ")": null

2019-05-16 19:12:15 - [TEST_STEP][PASSED] - style_id = getText(findTestObject("Page_cabi Eblast/style_id")): Text of object 'Object Repository/Page_cabi Eblast/style_id' is: '5618'

2019-05-16 19:12:16 - [MESSAGE][PASSED] - Text of object 'Object Repository/Page_cabi Eblast/style_id' is: '5618'

2019-05-16 19:12:16 - [TEST_STEP][PASSED] - style_name = getText(findTestObject("Page_cabi Eblast/style_name")): Text of object 'Object Repository/Page_cabi Eblast/style_name' is: 'Breeze Dress'

2019-05-16 19:12:16 - [MESSAGE][PASSED] - Text of object 'Object Repository/Page_cabi Eblast/style_name' is: 'Breeze Dress'

2019-05-16 19:12:16 - [TEST_STEP][PASSED] - style_color = getText(findTestObject("Page_cabi Eblast/style_color")): Text of object 'Object Repository/Page_cabi Eblast/style_color' is: '(Heather Gray)'

2019-05-16 19:12:16 - [MESSAGE][PASSED] - Text of object 'Object Repository/Page_cabi Eblast/style_color' is: '(Heather Gray)'

2019-05-16 19:12:16 - [TEST_STEP][PASSED] - style_web = $style_id$space$style_name$space$style_color: null

2019-05-16 19:12:16 - [TEST_STEP][PASSED] - styleid_data = findTestData("productData").getValue("Style", row): null

2019-05-16 19:12:16 - [TEST_STEP][PASSED] - styleid_name = findTestData("productData").getValue("Description", row): null

2019-05-16 19:12:16 - [TEST_STEP][PASSED] - styleid_color = findTestData("productData").getValue("Color", row): null

2019-05-16 19:12:16 - [TEST_STEP][PASSED] - style_data = $styleid_data$space$styleid_name$space$openbrace$styleid_color$closebrace: null

2019-05-16 19:12:16 - [TEST_STEP][PASSED] - println(style_web): null

2019-05-16 19:12:16 - [TEST_STEP][PASSED] - println(style_data): null

2019-05-16 19:12:16 - [TEST_STEP][PASSED] - assert style_data.equalsIgnoreCase(style_web): null

2019-05-16 19:12:16 - [MESSAGE][PASSED] - Call Test Case 'Test Cases/newArrivalsEblast' successfully

2019-05-16 19:12:16 - [TEST_STEP][PASSED] - callTestCase(findTestCase("populateTimeGlobalVars"), ["row":timeRow], STOP_ON_FAILURE): Call Test Case 'Test Cases/populateTimeGlobalVars' successfully

2019-05-16 19:12:16 - [TEST_CASE][PASSED] - Test Cases/populateTimeGlobalVars: Test Cases/populateTimeGlobalVars

2019-05-16 19:12:16 - [TEST_STEP][PASSED] - dataFile = "timezoneData": null

2019-05-16 19:12:16 - [TEST_STEP][PASSED] - serverTarget = UtilityMethods.getTestData(dataFile, "serverTarget", row): null

2019-05-16 19:12:16 - [TEST_STEP][PASSED] - orderType = UtilityMethods.getTestData(dataFile, "orderType", row): null

2019-05-16 19:12:16 - [TEST_STEP][PASSED] - timeZone = UtilityMethods.getTestData(dataFile, "timeZone", row): null

2019-05-16 19:12:16 - [TEST_STEP][PASSED] - BOPersonal = UtilityMethods.getTestData(dataFile, "BOPersonal", row): null

2019-05-16 19:12:16 - [TEST_STEP][PASSED] - BOAddonPersonal = UtilityMethods.getTestData(dataFile, "BOAddonPersonal", row): null

2019-05-16 19:12:16 - [TEST_STEP][PASSED] - BOAddonRetail = UtilityMethods.getTestData(dataFile, "BOAddonRetail", row): null

2019-05-16 19:12:16 - [TEST_STEP][PASSED] - BORetail = UtilityMethods.getTestData(dataFile, "BORetail", row): null

2019-05-16 19:12:16 - [TEST_STEP][PASSED] - BOShow = UtilityMethods.getTestData(dataFile, "BOShow", row): null

2019-05-16 19:12:16 - [TEST_STEP][PASSED] - BOOnlineoutlet = UtilityMethods.getTestData(dataFile, "BOOnlineoutlet", row): null

2019-05-16 19:12:16 - [TEST_STEP][PASSED] - BOEmployee = UtilityMethods.getTestData(dataFile, "BOEmployee", row): null

2019-05-16 19:12:16 - [TEST_STEP][PASSED] - CCPersonal = UtilityMethods.getTestData(dataFile, "CCPersonal", row): null

2019-05-16 19:12:16 - [TEST_STEP][PASSED] - CCRetail = UtilityMethods.getTestData(dataFile, "CCRetail", row): null

2019-05-16 19:12:16 - [TEST_STEP][PASSED] - CCShow = UtilityMethods.getTestData(dataFile, "CCShow", row): null

2019-05-16 19:12:16 - [TEST_STEP][PASSED] - BOEblast = UtilityMethods.getTestData(dataFile, "BOEblast", row): null

2019-05-16 19:12:16 - [MESSAGE][PASSED] - Call Test Case 'Test Cases/populateTimeGlobalVars' successfully

2019-05-16 19:12:16 - [TEST_STEP][PASSED] - callTestCase(findTestCase("newArrivalsSetTimezone"), ["ofbizURL":ofbizURL, "ofbizuser":ofbizuser, "ofbizpass":ofbizpass, "orderType":orderType, "timeZone":timeZone, "serverTarget":serverTarget], STOP_ON_FAILURE): Call Test Case 'Test Cases/newArrivalsSetTimezone' successfully

2019-05-16 19:12:16 - [TEST_CASE][PASSED] - Test Cases/newArrivalsSetTimezone: Test Cases/newArrivalsSetTimezone

2019-05-16 19:12:16 - [TEST_STEP][NOT_RUN] - openBrowser(""): NOT_RUN: openBrowser("")

2019-05-16 19:12:16 - [MESSAGE][NOT_RUN] - NOT_RUN: openBrowser("")

2019-05-16 19:12:16 - [TEST_STEP][NOT_RUN] - maximizeWindow(): NOT_RUN: maximizeWindow()

2019-05-16 19:12:16 - [MESSAGE][NOT_RUN] - NOT_RUN: maximizeWindow()

2019-05-16 19:12:16 - [TEST_STEP][PASSED] - navigateToUrl(ofbizURL): Navigate to 'https://pushofbiz.cliotest.com/login.php' successfully

2019-05-16 19:12:18 - [MESSAGE][PASSED] - Navigate to 'https://pushofbiz.cliotest.com/login.php' successfully

2019-05-16 19:12:18 - [TEST_STEP][PASSED] - setText(findTestObject("Page_/input_Username_username"), ofbizuser): Text 'sshinde' is set on object 'Object Repository/Page_/input_Username_username'

2019-05-16 19:12:18 - [MESSAGE][PASSED] - Text 'sshinde' is set on object 'Object Repository/Page_/input_Username_username'

2019-05-16 19:12:18 - [TEST_STEP][PASSED] - setText(findTestObject("Page_/input_Password_password"), ofbizpass): Text 'C@bi$ush5' is set on object 'Object Repository/Page_/input_Password_password'

2019-05-16 19:12:18 - [MESSAGE][PASSED] - Text 'C@bi$ush5' is set on object 'Object Repository/Page_/input_Password_password'

2019-05-16 19:12:18 - [TEST_STEP][PASSED] - click(findTestObject("Page_/input_Password_Submit")): Object: 'Object Repository/Page_/input_Password_Submit' is clicked on

2019-05-16 19:12:21 - [MESSAGE][PASSED] - Object: 'Object Repository/Page_/input_Password_Submit' is clicked on

2019-05-16 19:12:21 - [TEST_STEP][PASSED] - click(findTestObject("Object Repository/Page_/a_Clock set")): Object: 'Object Repository/Page_/a_Clock set' is clicked on

2019-05-16 19:12:21 - [MESSAGE][PASSED] - Object: 'Object Repository/Page_/a_Clock set' is clicked on

2019-05-16 19:12:21 - [TEST_STEP][PASSED] - selectOptionByLabel(findTestObject("Object Repository/Page_/serverTarget"), serverTarget, true): All options with label 'test17' are selected in object 'Object Repository/Page_/serverTarget'  using regular expression

2019-05-16 19:12:22 - [MESSAGE][PASSED] - All options with label 'test17' are selected in object 'Object Repository/Page_/serverTarget'  using regular expression

2019-05-16 19:12:22 - [TEST_STEP][PASSED] - click(findTestObject("Page_/thisDateAndTime")): Object: 'Object Repository/Page_/thisDateAndTime' is clicked on

2019-05-16 19:12:23 - [MESSAGE][PASSED] - Object: 'Object Repository/Page_/thisDateAndTime' is clicked on

2019-05-16 19:12:23 - [TEST_STEP][PASSED] - setText(findTestObject("Object Repository/Page_/setTargetTime"), timeZone): Text ' 05/22/2019 00:00' is set on object 'Object Repository/Page_/setTargetTime'

2019-05-16 19:12:23 - [MESSAGE][PASSED] - Text ' 05/22/2019 00:00' is set on object 'Object Repository/Page_/setTargetTime'

2019-05-16 19:12:23 - [TEST_STEP][PASSED] - click(findTestObject("Object Repository/Page_/input")): Object: 'Object Repository/Page_/input' is clicked on

2019-05-16 19:12:23 - [MESSAGE][PASSED] - Object: 'Object Repository/Page_/input' is clicked on

2019-05-16 19:12:23 - [TEST_STEP][PASSED] - delay(10): Delayed 10 second(s)

2019-05-16 19:12:33 - [MESSAGE][PASSED] - Delayed 10 second(s)

2019-05-16 19:12:33 - [TEST_STEP][PASSED] - closeBrowser(): Browser is closed

2019-05-16 19:12:34 - [MESSAGE][PASSED] - Browser is closed

2019-05-16 19:12:34 - [MESSAGE][PASSED] - Call Test Case 'Test Cases/newArrivalsSetTimezone' successfully

2019-05-16 19:12:34 - [TEST_STEP][PASSED] - callTestCase(findTestCase("productWatchlist"), ["available":BOEblast], STOP_ON_FAILURE): Call Test Case 'Test Cases/productWatchlist' successfully

2019-05-16 19:12:34 - [TEST_CASE][PASSED] - Test Cases/productWatchlist: Test Cases/productWatchlist

2019-05-16 19:12:34 - [TEST_STEP][PASSED] - openBrowser(""): Browser is opened with url: ''

2019-05-16 19:12:34 - [MESSAGE][INFO] - Starting 'Chrome' driver

2019-05-16 19:12:36 - [MESSAGE][PASSED] - Browser is opened with url: ''

2019-05-16 19:12:36 - [TEST_STEP][PASSED] - callTestCase(findTestCase("backOfficeLogin"), ["BOURL":"", "BOuser":"", "BOpass":""], STOP_ON_FAILURE): Call Test Case 'Test Cases/backOfficeLogin' successfully

2019-05-16 19:12:36 - [TEST_CASE][PASSED] - Test Cases/backOfficeLogin: Test Cases/backOfficeLogin

2019-05-16 19:12:36 - [TEST_STEP][PASSED] - BOURL = findTestData("credData").getValue("BOURL", 1): null

2019-05-16 19:12:36 - [TEST_STEP][PASSED] - BOuser = findTestData("credData").getValue("BOuser", 1): null

2019-05-16 19:12:36 - [TEST_STEP][PASSED] - BOpass = findTestData("credData").getValue("BOpass", 1): null

2019-05-16 19:12:36 - [TEST_STEP][NOT_RUN] - openBrowser(""): NOT_RUN: openBrowser("")

2019-05-16 19:12:36 - [MESSAGE][NOT_RUN] - NOT_RUN: openBrowser("")

2019-05-16 19:12:36 - [TEST_STEP][PASSED] - maximizeWindow(): Current window maximized

2019-05-16 19:12:38 - [MESSAGE][PASSED] - Current window maximized

2019-05-16 19:12:38 - [TEST_STEP][PASSED] - navigateToUrl(BOURL): Navigate to 'https://test17.cliotest.com/backoffice/control/main' successfully

2019-05-16 19:12:46 - [MESSAGE][PASSED] - Navigate to 'https://test17.cliotest.com/backoffice/control/main' successfully

2019-05-16 19:12:46 - [TEST_STEP][PASSED] - logOut = findWebElements(findTestObject("Object Repository/Page_cabi Home/log_out"), 1): Unable to find the element located by 'By.xpath: //a[contains(text(),'Log Out')]'. Please recheck the objects properties to make sure the desired element is located. 

2019-05-16 19:12:47 - [MESSAGE][INFO] - Unable to find the element located by 'By.xpath: //a[contains(text(),'Log Out')]'. Please recheck the objects properties to make sure the desired element is located. 

2019-05-16 19:12:47 - [TEST_STEP][PASSED] - if (logOut.size() == 0): Object: 'Object Repository/Page_cabi/input_Welcome to_consultantLogin' is clicked on

2019-05-16 19:12:47 - [TEST_STEP][PASSED] - setText(findTestObject("Page_cabi/input_Welcome to_USERNAME"), BOuser): Text '400000002' is set on object 'Object Repository/Page_cabi/input_Welcome to_USERNAME'

2019-05-16 19:12:47 - [MESSAGE][PASSED] - Text '400000002' is set on object 'Object Repository/Page_cabi/input_Welcome to_USERNAME'

2019-05-16 19:12:47 - [TEST_STEP][PASSED] - setText(findTestObject("Object Repository/Page_cabi/input_Welcome to_PASSWORD"), BOpass): Text 'blackdress19' is set on object 'Object Repository/Page_cabi/input_Welcome to_PASSWORD'

2019-05-16 19:12:47 - [MESSAGE][PASSED] - Text 'blackdress19' is set on object 'Object Repository/Page_cabi/input_Welcome to_PASSWORD'

2019-05-16 19:12:47 - [TEST_STEP][PASSED] - click(findTestObject("Object Repository/Page_cabi/input_Welcome to_consultantLogin")): Object: 'Object Repository/Page_cabi/input_Welcome to_consultantLogin' is clicked on

2019-05-16 19:12:54 - [MESSAGE][PASSED] - Object: 'Object Repository/Page_cabi/input_Welcome to_consultantLogin' is clicked on

2019-05-16 19:12:54 - [TEST_STEP][PASSED] - delay(3): Delayed 3 second(s)

2019-05-16 19:12:57 - [MESSAGE][PASSED] - Delayed 3 second(s)

2019-05-16 19:12:57 - [MESSAGE][PASSED] - Call Test Case 'Test Cases/backOfficeLogin' successfully

2019-05-16 19:12:57 - [TEST_STEP][PASSED] - click(findTestObject("Object Repository/Page_cabi Home/a_Shows  Orders")): Object: 'Object Repository/Page_cabi Home/a_Shows  Orders' is clicked on

2019-05-16 19:12:57 - [MESSAGE][PASSED] - Object: 'Object Repository/Page_cabi Home/a_Shows  Orders' is clicked on

2019-05-16 19:12:57 - [TEST_STEP][PASSED] - click(findTestObject("Object Repository/Page_cabi Home/a_Product Watch List")): Object: 'Object Repository/Page_cabi Home/a_Product Watch List' is clicked on

2019-05-16 19:13:01 - [MESSAGE][PASSED] - Object: 'Object Repository/Page_cabi Home/a_Product Watch List' is clicked on

2019-05-16 19:13:01 - [TEST_STEP][PASSED] - if (toString().equalsIgnoreCase("no")): null

2019-05-16 19:13:01 - [TEST_STEP][PASSED] - else: null

2019-05-16 19:13:01 - [TEST_STEP][PASSED] - click(findTestObject("Object Repository/Page_cabi Product Watch list/span_(New Arrivals 2)")): Object: 'Object Repository/Page_cabi Product Watch list/span_(New Arrivals 2)' is clicked on

2019-05-16 19:13:04 - [MESSAGE][PASSED] - Object: 'Object Repository/Page_cabi Product Watch list/span_(New Arrivals 2)' is clicked on

2019-05-16 19:13:04 - [TEST_STEP][PASSED] - verifyElementText(findTestObject("Page_cabi Product Watch list/span_(New Arrivals 2)"), "(New Arrivals 2)"): Actual text and expected text of test object 'Object Repository/Page_cabi Product Watch list/span_(New Arrivals 2)' are matched.

2019-05-16 19:13:04 - [MESSAGE][PASSED] - Actual text and expected text of test object 'Object Repository/Page_cabi Product Watch list/span_(New Arrivals 2)' are matched.

2019-05-16 19:13:04 - [TEST_STEP][PASSED] - actualProductList = findWebElements(findTestObject("Object Repository/Page_cabi Product Watch list/div_product_list"), 5): null

2019-05-16 19:13:04 - [TEST_STEP][PASSED] - println(actualProductList.size()): null

2019-05-16 19:13:04 - [TEST_STEP][PASSED] - actualList = new java.util.ArrayList(): null

2019-05-16 19:13:04 - [TEST_STEP][PASSED] - expectedList = new java.util.ArrayList(): null

2019-05-16 19:13:04 - [TEST_STEP][PASSED] - for (org.openqa.selenium.WebElement product : actualProductList): null

2019-05-16 19:13:04 - [TEST_STEP][PASSED] - actualList.add(product.getText()): null

2019-05-16 19:13:04 - [TEST_STEP][PASSED] - println(product.getText()): null

2019-05-16 19:13:04 - [TEST_STEP][PASSED] - actualList.add(product.getText()): null

2019-05-16 19:13:04 - [TEST_STEP][PASSED] - println(product.getText()): null

2019-05-16 19:13:04 - [TEST_STEP][PASSED] - actualList.add(product.getText()): null

2019-05-16 19:13:04 - [TEST_STEP][PASSED] - println(product.getText()): null

2019-05-16 19:13:04 - [TEST_STEP][PASSED] - actualList.add(product.getText()): null

2019-05-16 19:13:04 - [TEST_STEP][PASSED] - println(product.getText()): null

2019-05-16 19:13:04 - [TEST_STEP][PASSED] - actualList.add(product.getText()): null

2019-05-16 19:13:04 - [TEST_STEP][PASSED] - println(product.getText()): null

2019-05-16 19:13:04 - [TEST_STEP][PASSED] - actualList.add(product.getText()): null

2019-05-16 19:13:04 - [TEST_STEP][PASSED] - println(product.getText()): null

2019-05-16 19:13:04 - [TEST_STEP][PASSED] - actualList.add(product.getText()): null

2019-05-16 19:13:04 - [TEST_STEP][PASSED] - println(product.getText()): null

2019-05-16 19:13:04 - [TEST_STEP][PASSED] - actualList.add(product.getText()): null

2019-05-16 19:13:04 - [TEST_STEP][PASSED] - println(product.getText()): null

2019-05-16 19:13:04 - [TEST_STEP][PASSED] - actualList.add(product.getText()): null

2019-05-16 19:13:04 - [TEST_STEP][PASSED] - println(product.getText()): null

2019-05-16 19:13:04 - [TEST_STEP][PASSED] - actualList.add(product.getText()): null

2019-05-16 19:13:04 - [TEST_STEP][PASSED] - println(product.getText()): null

2019-05-16 19:13:04 - [TEST_STEP][PASSED] - actualList.add(product.getText()): null

2019-05-16 19:13:04 - [TEST_STEP][PASSED] - println(product.getText()): null

2019-05-16 19:13:04 - [TEST_STEP][PASSED] - actualList.add(product.getText()): null

2019-05-16 19:13:04 - [TEST_STEP][PASSED] - println(product.getText()): null

2019-05-16 19:13:04 - [TEST_STEP][PASSED] - for ([row = 1, row <= findTestData("productData1").getRowNumbers(), (row++)]): null

2019-05-16 19:13:04 - [TEST_STEP][PASSED] - productStyle = findTestData("productData1").getValue("Style", row): null

2019-05-16 19:13:04 - [TEST_STEP][PASSED] - productDescription = findTestData("productData1").getValue("Description", row): null

2019-05-16 19:13:04 - [TEST_STEP][PASSED] - productColor = findTestData("productData1").getValue("Color", row): null

2019-05-16 19:13:04 - [TEST_STEP][PASSED] - expectedString = UtilityMethods.createSkuForPWL(productStyle, productDescription, productColor): null

2019-05-16 19:13:04 - [TEST_STEP][PASSED] - println(expectedString): null

2019-05-16 19:13:04 - [TEST_STEP][PASSED] - expectedList.add(expectedString): null

2019-05-16 19:13:04 - [TEST_STEP][PASSED] - productStyle = findTestData("productData1").getValue("Style", row): null

2019-05-16 19:13:04 - [TEST_STEP][PASSED] - productDescription = findTestData("productData1").getValue("Description", row): null

2019-05-16 19:13:04 - [TEST_STEP][PASSED] - productColor = findTestData("productData1").getValue("Color", row): null

2019-05-16 19:13:04 - [TEST_STEP][PASSED] - expectedString = UtilityMethods.createSkuForPWL(productStyle, productDescription, productColor): null

2019-05-16 19:13:04 - [TEST_STEP][PASSED] - println(expectedString): null

2019-05-16 19:13:04 - [TEST_STEP][PASSED] - expectedList.add(expectedString): null

2019-05-16 19:13:04 - [TEST_STEP][PASSED] - productStyle = findTestData("productData1").getValue("Style", row): null

2019-05-16 19:13:04 - [TEST_STEP][PASSED] - productDescription = findTestData("productData1").getValue("Description", row): null

2019-05-16 19:13:04 - [TEST_STEP][PASSED] - productColor = findTestData("productData1").getValue("Color", row): null

2019-05-16 19:13:04 - [TEST_STEP][PASSED] - expectedString = UtilityMethods.createSkuForPWL(productStyle, productDescription, productColor): null

2019-05-16 19:13:04 - [TEST_STEP][PASSED] - println(expectedString): null

2019-05-16 19:13:04 - [TEST_STEP][PASSED] - expectedList.add(expectedString): null

2019-05-16 19:13:04 - [TEST_STEP][PASSED] - productStyle = findTestData("productData1").getValue("Style", row): null

2019-05-16 19:13:04 - [TEST_STEP][PASSED] - productDescription = findTestData("productData1").getValue("Description", row): null

2019-05-16 19:13:04 - [TEST_STEP][PASSED] - productColor = findTestData("productData1").getValue("Color", row): null

2019-05-16 19:13:04 - [TEST_STEP][PASSED] - expectedString = UtilityMethods.createSkuForPWL(productStyle, productDescription, productColor): null

2019-05-16 19:13:04 - [TEST_STEP][PASSED] - println(expectedString): null

2019-05-16 19:13:04 - [TEST_STEP][PASSED] - expectedList.add(expectedString): null

2019-05-16 19:13:04 - [TEST_STEP][PASSED] - productStyle = findTestData("productData1").getValue("Style", row): null

2019-05-16 19:13:04 - [TEST_STEP][PASSED] - productDescription = findTestData("productData1").getValue("Description", row): null

2019-05-16 19:13:04 - [TEST_STEP][PASSED] - productColor = findTestData("productData1").getValue("Color", row): null

2019-05-16 19:13:04 - [TEST_STEP][PASSED] - expectedString = UtilityMethods.createSkuForPWL(productStyle, productDescription, productColor): null

2019-05-16 19:13:04 - [TEST_STEP][PASSED] - println(expectedString): null

2019-05-16 19:13:04 - [TEST_STEP][PASSED] - expectedList.add(expectedString): null

2019-05-16 19:13:04 - [TEST_STEP][PASSED] - productStyle = findTestData("productData1").getValue("Style", row): null

2019-05-16 19:13:04 - [TEST_STEP][PASSED] - productDescription = findTestData("productData1").getValue("Description", row): null

2019-05-16 19:13:05 - [TEST_STEP][PASSED] - productColor = findTestData("productData1").getValue("Color", row): null

2019-05-16 19:13:05 - [TEST_STEP][PASSED] - expectedString = UtilityMethods.createSkuForPWL(productStyle, productDescription, productColor): null

2019-05-16 19:13:05 - [TEST_STEP][PASSED] - println(expectedString): null

2019-05-16 19:13:05 - [TEST_STEP][PASSED] - expectedList.add(expectedString): null

2019-05-16 19:13:05 - [TEST_STEP][PASSED] - productStyle = findTestData("productData1").getValue("Style", row): null

2019-05-16 19:13:05 - [TEST_STEP][PASSED] - productDescription = findTestData("productData1").getValue("Description", row): null

2019-05-16 19:13:05 - [TEST_STEP][PASSED] - productColor = findTestData("productData1").getValue("Color", row): null

2019-05-16 19:13:05 - [TEST_STEP][PASSED] - expectedString = UtilityMethods.createSkuForPWL(productStyle, productDescription, productColor): null

2019-05-16 19:13:05 - [TEST_STEP][PASSED] - println(expectedString): null

2019-05-16 19:13:05 - [TEST_STEP][PASSED] - expectedList.add(expectedString): null

2019-05-16 19:13:05 - [TEST_STEP][PASSED] - productStyle = findTestData("productData1").getValue("Style", row): null

2019-05-16 19:13:05 - [TEST_STEP][PASSED] - productDescription = findTestData("productData1").getValue("Description", row): null

2019-05-16 19:13:05 - [TEST_STEP][PASSED] - productColor = findTestData("productData1").getValue("Color", row): null

2019-05-16 19:13:05 - [TEST_STEP][PASSED] - expectedString = UtilityMethods.createSkuForPWL(productStyle, productDescription, productColor): null

2019-05-16 19:13:05 - [TEST_STEP][PASSED] - println(expectedString): null

2019-05-16 19:13:05 - [TEST_STEP][PASSED] - expectedList.add(expectedString): null

2019-05-16 19:13:05 - [TEST_STEP][PASSED] - productStyle = findTestData("productData1").getValue("Style", row): null

2019-05-16 19:13:05 - [TEST_STEP][PASSED] - productDescription = findTestData("productData1").getValue("Description", row): null

2019-05-16 19:13:05 - [TEST_STEP][PASSED] - productColor = findTestData("productData1").getValue("Color", row): null

2019-05-16 19:13:05 - [TEST_STEP][PASSED] - expectedString = UtilityMethods.createSkuForPWL(productStyle, productDescription, productColor): null

2019-05-16 19:13:05 - [TEST_STEP][PASSED] - println(expectedString): null

2019-05-16 19:13:05 - [TEST_STEP][PASSED] - expectedList.add(expectedString): null

2019-05-16 19:13:05 - [TEST_STEP][PASSED] - productStyle = findTestData("productData1").getValue("Style", row): null

2019-05-16 19:13:05 - [TEST_STEP][PASSED] - productDescription = findTestData("productData1").getValue("Description", row): null

2019-05-16 19:13:05 - [TEST_STEP][PASSED] - productColor = findTestData("productData1").getValue("Color", row): null

2019-05-16 19:13:05 - [TEST_STEP][PASSED] - expectedString = UtilityMethods.createSkuForPWL(productStyle, productDescription, productColor): null

2019-05-16 19:13:05 - [TEST_STEP][PASSED] - println(expectedString): null

2019-05-16 19:13:05 - [TEST_STEP][PASSED] - expectedList.add(expectedString): null

2019-05-16 19:13:05 - [TEST_STEP][PASSED] - productStyle = findTestData("productData1").getValue("Style", row): null

2019-05-16 19:13:05 - [TEST_STEP][PASSED] - productDescription = findTestData("productData1").getValue("Description", row): null

2019-05-16 19:13:05 - [TEST_STEP][PASSED] - productColor = findTestData("productData1").getValue("Color", row): null

2019-05-16 19:13:05 - [TEST_STEP][PASSED] - expectedString = UtilityMethods.createSkuForPWL(productStyle, productDescription, productColor): null

2019-05-16 19:13:05 - [TEST_STEP][PASSED] - println(expectedString): null

2019-05-16 19:13:05 - [TEST_STEP][PASSED] - expectedList.add(expectedString): null

2019-05-16 19:13:05 - [TEST_STEP][PASSED] - productStyle = findTestData("productData1").getValue("Style", row): null

2019-05-16 19:13:05 - [TEST_STEP][PASSED] - productDescription = findTestData("productData1").getValue("Description", row): null

2019-05-16 19:13:05 - [TEST_STEP][PASSED] - productColor = findTestData("productData1").getValue("Color", row): null

2019-05-16 19:13:05 - [TEST_STEP][PASSED] - expectedString = UtilityMethods.createSkuForPWL(productStyle, productDescription, productColor): null

2019-05-16 19:13:05 - [TEST_STEP][PASSED] - println(expectedString): null

2019-05-16 19:13:05 - [TEST_STEP][PASSED] - expectedList.add(expectedString): null

2019-05-16 19:13:05 - [TEST_STEP][PASSED] - assert UtilityMethods.listEquals(expectedList, actualList) == true: null

2019-05-16 19:13:05 - [MESSAGE][PASSED] - Call Test Case 'Test Cases/productWatchlist' successfully

2019-05-16 19:13:05 - [TEST_STEP][PASSED] - callTestCase(findTestCase("newArrivalsEblast"), ["available":BOEblast], STOP_ON_FAILURE): Call Test Case 'Test Cases/newArrivalsEblast' successfully

2019-05-16 19:13:05 - [TEST_CASE][PASSED] - Test Cases/newArrivalsEblast: Test Cases/newArrivalsEblast

2019-05-16 19:13:05 - [TEST_STEP][PASSED] - openBrowser(""): Browser is opened with url: ''

2019-05-16 19:13:05 - [MESSAGE][WARNING] - A browser is already opened. Closing browser and opening a new one

2019-05-16 19:13:06 - [MESSAGE][INFO] - Starting 'Chrome' driver

2019-05-16 19:13:08 - [MESSAGE][PASSED] - Browser is opened with url: ''

2019-05-16 19:13:08 - [TEST_STEP][PASSED] - callTestCase(findTestCase("backOfficeLogin"), ["BOURL":"", "BOuser":"", "BOpass":""], STOP_ON_FAILURE): Call Test Case 'Test Cases/backOfficeLogin' successfully

2019-05-16 19:13:08 - [TEST_CASE][PASSED] - Test Cases/backOfficeLogin: Test Cases/backOfficeLogin

2019-05-16 19:13:08 - [TEST_STEP][PASSED] - BOURL = findTestData("credData").getValue("BOURL", 1): null

2019-05-16 19:13:08 - [TEST_STEP][PASSED] - BOuser = findTestData("credData").getValue("BOuser", 1): null

2019-05-16 19:13:08 - [TEST_STEP][PASSED] - BOpass = findTestData("credData").getValue("BOpass", 1): null

2019-05-16 19:13:08 - [TEST_STEP][NOT_RUN] - openBrowser(""): NOT_RUN: openBrowser("")

2019-05-16 19:13:08 - [MESSAGE][NOT_RUN] - NOT_RUN: openBrowser("")

2019-05-16 19:13:08 - [TEST_STEP][PASSED] - maximizeWindow(): Current window maximized

2019-05-16 19:13:09 - [MESSAGE][PASSED] - Current window maximized

2019-05-16 19:13:09 - [TEST_STEP][PASSED] - navigateToUrl(BOURL): Navigate to 'https://test17.cliotest.com/backoffice/control/main' successfully

2019-05-16 19:13:17 - [MESSAGE][PASSED] - Navigate to 'https://test17.cliotest.com/backoffice/control/main' successfully

2019-05-16 19:13:17 - [TEST_STEP][PASSED] - logOut = findWebElements(findTestObject("Object Repository/Page_cabi Home/log_out"), 1): Unable to find the element located by 'By.xpath: //a[contains(text(),'Log Out')]'. Please recheck the objects properties to make sure the desired element is located. 

2019-05-16 19:13:18 - [MESSAGE][INFO] - Unable to find the element located by 'By.xpath: //a[contains(text(),'Log Out')]'. Please recheck the objects properties to make sure the desired element is located. 

2019-05-16 19:13:18 - [TEST_STEP][PASSED] - if (logOut.size() == 0): Object: 'Object Repository/Page_cabi/input_Welcome to_consultantLogin' is clicked on

2019-05-16 19:13:18 - [TEST_STEP][PASSED] - setText(findTestObject("Page_cabi/input_Welcome to_USERNAME"), BOuser): Text '400000002' is set on object 'Object Repository/Page_cabi/input_Welcome to_USERNAME'

2019-05-16 19:13:18 - [MESSAGE][PASSED] - Text '400000002' is set on object 'Object Repository/Page_cabi/input_Welcome to_USERNAME'

2019-05-16 19:13:18 - [TEST_STEP][PASSED] - setText(findTestObject("Object Repository/Page_cabi/input_Welcome to_PASSWORD"), BOpass): Text 'blackdress19' is set on object 'Object Repository/Page_cabi/input_Welcome to_PASSWORD'

2019-05-16 19:13:19 - [MESSAGE][PASSED] - Text 'blackdress19' is set on object 'Object Repository/Page_cabi/input_Welcome to_PASSWORD'

2019-05-16 19:13:19 - [TEST_STEP][PASSED] - click(findTestObject("Object Repository/Page_cabi/input_Welcome to_consultantLogin")): Object: 'Object Repository/Page_cabi/input_Welcome to_consultantLogin' is clicked on

2019-05-16 19:13:27 - [MESSAGE][PASSED] - Object: 'Object Repository/Page_cabi/input_Welcome to_consultantLogin' is clicked on

2019-05-16 19:13:27 - [TEST_STEP][PASSED] - delay(3): Delayed 3 second(s)

2019-05-16 19:13:30 - [MESSAGE][PASSED] - Delayed 3 second(s)

2019-05-16 19:13:30 - [MESSAGE][PASSED] - Call Test Case 'Test Cases/backOfficeLogin' successfully

2019-05-16 19:13:30 - [TEST_STEP][PASSED] - click(findTestObject("Page_cabi Home/a_Connections")): Object: 'Object Repository/Page_cabi Home/a_Connections' is clicked on

2019-05-16 19:13:30 - [MESSAGE][PASSED] - Object: 'Object Repository/Page_cabi Home/a_Connections' is clicked on

2019-05-16 19:13:30 - [TEST_STEP][PASSED] - click(findTestObject("Page_cabi Home/a_Contact Manager")): Object: 'Object Repository/Page_cabi Home/a_Contact Manager' is clicked on

2019-05-16 19:13:35 - [MESSAGE][PASSED] - Object: 'Object Repository/Page_cabi Home/a_Contact Manager' is clicked on

2019-05-16 19:13:35 - [TEST_STEP][PASSED] - click(findTestObject("Page_cabi/span_SEND eBLAST")): Object: 'Object Repository/Page_cabi/span_SEND eBLAST' is clicked on

2019-05-16 19:13:35 - [MESSAGE][PASSED] - Object: 'Object Repository/Page_cabi/span_SEND eBLAST' is clicked on

2019-05-16 19:13:35 - [TEST_STEP][PASSED] - click(findTestObject("Object Repository/Page_cabi Eblast/a_Stylist Picks")): Object: 'Object Repository/Page_cabi Eblast/a_Stylist Picks' is clicked on

2019-05-16 19:13:44 - [MESSAGE][PASSED] - Object: 'Object Repository/Page_cabi Eblast/a_Stylist Picks' is clicked on

2019-05-16 19:13:44 - [TEST_STEP][PASSED] - click(findTestObject("Object Repository/Page_cabi Eblast/button_ADD PRODUCTS TO EBLAST")): Object: 'Object Repository/Page_cabi Eblast/button_ADD PRODUCTS TO EBLAST' is clicked on

2019-05-16 19:13:44 - [MESSAGE][PASSED] - Object: 'Object Repository/Page_cabi Eblast/button_ADD PRODUCTS TO EBLAST' is clicked on

2019-05-16 19:13:44 - [TEST_STEP][PASSED] - for ([row = 1, row <= findTestData("productData").getRowNumbers(), (row++)]): null

2019-05-16 19:13:44 - [TEST_STEP][PASSED] - delay(2): Delayed 2 second(s)

2019-05-16 19:13:46 - [MESSAGE][PASSED] - Delayed 2 second(s)

2019-05-16 19:13:46 - [TEST_STEP][PASSED] - setText(findTestObject("Page_cabi Eblast/eBlastStyleSearch"), findTestData("productData").getValue("Style", row)): Text '5618' is set on object 'Object Repository/Page_cabi Eblast/eBlastStyleSearch'

2019-05-16 19:13:46 - [MESSAGE][PASSED] - Text '5618' is set on object 'Object Repository/Page_cabi Eblast/eBlastStyleSearch'

2019-05-16 19:13:46 - [TEST_STEP][PASSED] - delay(2): Delayed 2 second(s)

2019-05-16 19:13:48 - [MESSAGE][PASSED] - Delayed 2 second(s)

2019-05-16 19:13:48 - [TEST_STEP][PASSED] - if (toString().equalsIgnoreCase("no")): null

2019-05-16 19:13:48 - [TEST_STEP][PASSED] - else: null

2019-05-16 19:13:48 - [TEST_STEP][PASSED] - space = " ": null

2019-05-16 19:13:48 - [TEST_STEP][PASSED] - openbrace = "(": null

2019-05-16 19:13:48 - [TEST_STEP][PASSED] - closebrace = ")": null

2019-05-16 19:13:48 - [TEST_STEP][PASSED] - style_id = getText(findTestObject("Page_cabi Eblast/style_id")): Text of object 'Object Repository/Page_cabi Eblast/style_id' is: '5618'

2019-05-16 19:13:48 - [MESSAGE][PASSED] - Text of object 'Object Repository/Page_cabi Eblast/style_id' is: '5618'

2019-05-16 19:13:48 - [TEST_STEP][PASSED] - style_name = getText(findTestObject("Page_cabi Eblast/style_name")): Text of object 'Object Repository/Page_cabi Eblast/style_name' is: 'Breeze Dress'

2019-05-16 19:13:48 - [MESSAGE][PASSED] - Text of object 'Object Repository/Page_cabi Eblast/style_name' is: 'Breeze Dress'

2019-05-16 19:13:48 - [TEST_STEP][PASSED] - style_color = getText(findTestObject("Page_cabi Eblast/style_color")): Text of object 'Object Repository/Page_cabi Eblast/style_color' is: '(Heather Gray)'

2019-05-16 19:13:48 - [MESSAGE][PASSED] - Text of object 'Object Repository/Page_cabi Eblast/style_color' is: '(Heather Gray)'

2019-05-16 19:13:48 - [TEST_STEP][PASSED] - style_web = $style_id$space$style_name$space$style_color: null

2019-05-16 19:13:48 - [TEST_STEP][PASSED] - styleid_data = findTestData("productData").getValue("Style", row): null

2019-05-16 19:13:48 - [TEST_STEP][PASSED] - styleid_name = findTestData("productData").getValue("Description", row): null

2019-05-16 19:13:48 - [TEST_STEP][PASSED] - styleid_color = findTestData("productData").getValue("Color", row): null

2019-05-16 19:13:48 - [TEST_STEP][PASSED] - style_data = $styleid_data$space$styleid_name$space$openbrace$styleid_color$closebrace: null

2019-05-16 19:13:48 - [TEST_STEP][PASSED] - println(style_web): null

2019-05-16 19:13:48 - [TEST_STEP][PASSED] - println(style_data): null

2019-05-16 19:13:48 - [TEST_STEP][PASSED] - assert style_data.equalsIgnoreCase(style_web): null

2019-05-16 19:13:49 - [MESSAGE][PASSED] - Call Test Case 'Test Cases/newArrivalsEblast' successfully]]></system-out>
         <system-err><![CDATA[]]></system-err>
      </testcase>
      <system-out><![CDATA[2019-05-16 19:07:27 - [TEST_SUITE][PASSED] - NewArrivalSuite: Test Cases/NewArrivals]]></system-out>
      <system-err><![CDATA[]]></system-err>
   </testsuite>
</testsuites>
