<?xml version="1.0" encoding="UTF-8"?>
<testsuites name="TestSuiteFor_NewArrival" time="103" tests="1" failures="0" errors="0">
   <testsuite name="TestSuiteFor_NewArrival" tests="1" failures="0" errors="0" time="103" timestamp="2019-04-22 12:27:55" hostname="user - 10.0.102.159" id="Test Suites/TestSuiteFor_NewArrival">
      <properties>
         <property name="deviceName" value=""/>
         <property name="devicePlatform" value=""/>
         <property name="logFolder" value="F:\\my katalon bkp\\CabiClio\\Reports\\TestSuiteFor_NewArrival\\20190422_122753"/>
         <property name="logFiles" value="F:\\my katalon bkp\\CabiClio\\Reports\\TestSuiteFor_NewArrival\\20190422_122753\\execution0.log"/>
         <property name="attachments" value=""/>
         <property name="hostName" value="user - 10.0.102.159"/>
         <property name="os" value="Windows 8.1 64bit"/>
         <property name="katalonVersion" value="6.1.1.1"/>
         <property name="browser" value="Chrome 73.0.3683.103"/>
         <property name="hostAddress" value="10.0.102.159"/>
         <property name="sessionId" value="17c4e6566857f96da8d88c174981ff02"/>
         <property name="seleniumVersion" value="3.7.1"/>
         <property name="proxyInformation" value="ProxyInformation{proxyOption=NO_PROXY, proxyServerType=HTTP, password=, proxyServerAddress=, proxyServerPort=0}"/>
         <property name="platform" value="Windows 8.1"/>
      </properties>
      <testcase name="Test Cases/NewArrivals" classname="Test Cases/NewArrivals" status="PASSED">
         <system-out><![CDATA[2019-04-22 12:27:56 - [TEST_CASE][PASSED] - Test Cases/NewArrivals: Test Cases/NewArrivals

2019-04-22 12:27:56 - [TEST_STEP][PASSED] - Start listener action : sampleBeforeTestCase: null

2019-04-22 12:27:56 - [TEST_STEP][PASSED] - println(testCaseContext.getTestCaseId()): null

2019-04-22 12:27:56 - [TEST_STEP][PASSED] - println(testCaseContext.getTestCaseVariables()): null

2019-04-22 12:27:57 - [TEST_STEP][PASSED] - openBrowser(""): Browser is opened with url: ''

2019-04-22 12:27:57 - [MESSAGE][INFO] - Starting 'Chrome' driver

2019-04-22 12:27:57 - [MESSAGE][INFO] - Action delay is set to 0 seconds

2019-04-22 12:28:00 - [MESSAGE][PASSED] - Browser is opened with url: ''

2019-04-22 12:28:00 - [TEST_STEP][PASSED] - navigateToUrl(CabiUrl): Navigate to 'https://test14.cliotest.com/backoffice/control/main' successfully

2019-04-22 12:28:07 - [MESSAGE][PASSED] - Navigate to 'https://test14.cliotest.com/backoffice/control/main' successfully

2019-04-22 12:28:07 - [TEST_STEP][PASSED] - maximizeWindow(): Current window maximized

2019-04-22 12:28:09 - [MESSAGE][PASSED] - Current window maximized

2019-04-22 12:28:09 - [TEST_STEP][PASSED] - setText(findTestObject("Page_cabi/input_Welcome to_USERNAME"), Username): Text '400000002' is set on object 'Object Repository/Page_cabi/input_Welcome to_USERNAME'

2019-04-22 12:28:09 - [MESSAGE][PASSED] - Text '400000002' is set on object 'Object Repository/Page_cabi/input_Welcome to_USERNAME'

2019-04-22 12:28:09 - [TEST_STEP][PASSED] - setText(findTestObject("Object Repository/Page_cabi/input_Welcome to_PASSWORD"), Password): Text 'blackdress19' is set on object 'Object Repository/Page_cabi/input_Welcome to_PASSWORD'

2019-04-22 12:28:09 - [MESSAGE][PASSED] - Text 'blackdress19' is set on object 'Object Repository/Page_cabi/input_Welcome to_PASSWORD'

2019-04-22 12:28:09 - [TEST_STEP][PASSED] - click(findTestObject("Object Repository/Page_cabi/input_Welcome to_consultantLogin")): Object: 'Object Repository/Page_cabi/input_Welcome to_consultantLogin' is clicked on

2019-04-22 12:28:18 - [MESSAGE][PASSED] - Object: 'Object Repository/Page_cabi/input_Welcome to_consultantLogin' is clicked on

2019-04-22 12:28:18 - [TEST_STEP][PASSED] - click(findTestObject("Object Repository/Page_cabi Home/a_Shows  Orders")): Object: 'Object Repository/Page_cabi Home/a_Shows  Orders' is clicked on

2019-04-22 12:28:18 - [MESSAGE][PASSED] - Object: 'Object Repository/Page_cabi Home/a_Shows  Orders' is clicked on

2019-04-22 12:28:18 - [TEST_STEP][PASSED] - click(findTestObject("Object Repository/Page_cabi Home/a_Personal Purchases")): Object: 'Object Repository/Page_cabi Home/a_Personal Purchases' is clicked on

2019-04-22 12:28:23 - [MESSAGE][PASSED] - Object: 'Object Repository/Page_cabi Home/a_Personal Purchases' is clicked on

2019-04-22 12:28:23 - [TEST_STEP][PASSED] - click(findTestObject("Object Repository/Page_cabi Personal Store/span_Continue to Order")): Object: 'Object Repository/Page_cabi Personal Store/span_Continue to Order' is clicked on

2019-04-22 12:28:23 - [MESSAGE][PASSED] - Object: 'Object Repository/Page_cabi Personal Store/span_Continue to Order' is clicked on

2019-04-22 12:28:23 - [TEST_STEP][PASSED] - for ([row = 1, row <= findTestData("New Test Data").getRowNumbers(), (row++)]): null

2019-04-22 12:28:24 - [TEST_STEP][PASSED] - setText(findTestObject("Object Repository/Page_cabi Order Items/input_New Arrivals - Blooming Blush_style"), findTestData("New Test Data").getValue("Style", row)): Text '5618' is set on object 'Object Repository/Page_cabi Order Items/input_New Arrivals - Blooming Blush_style'

2019-04-22 12:28:24 - [MESSAGE][PASSED] - Text '5618' is set on object 'Object Repository/Page_cabi Order Items/input_New Arrivals - Blooming Blush_style'

2019-04-22 12:28:24 - [TEST_STEP][PASSED] - delay(5): Delayed 5 second(s)

2019-04-22 12:28:29 - [MESSAGE][PASSED] - Delayed 5 second(s)

2019-04-22 12:28:29 - [TEST_STEP][PASSED] - sendKeys(findTestObject("Object Repository/Page_cabi Order Items/input_New Arrivals - Blooming Blush_style"), Keys.chord(ENTER)): Keys 'ENTER + ' sent to object: 'Object Repository/Page_cabi Order Items/input_New Arrivals - Blooming Blush_style'

2019-04-22 12:28:29 - [MESSAGE][PASSED] - Keys 'ENTER + ' sent to object: 'Object Repository/Page_cabi Order Items/input_New Arrivals - Blooming Blush_style'

2019-04-22 12:28:29 - [TEST_STEP][PASSED] - click(findTestObject("Page_cabi Order Items/li_5618 Breeze Dress")): Object: 'Object Repository/Page_cabi Order Items/li_5618 Breeze Dress' is clicked on

2019-04-22 12:28:34 - [MESSAGE][PASSED] - Object: 'Object Repository/Page_cabi Order Items/li_5618 Breeze Dress' is clicked on

2019-04-22 12:28:34 - [TEST_STEP][PASSED] - verifyElementText(findTestObject("Page_cabi Order Items/GetAttribute_getID"), findTestData("New Test Data").getValue("Style", row)): Actual text and expected text of test object 'Object Repository/Page_cabi Order Items/GetAttribute_getID' are matched.

2019-04-22 12:28:34 - [MESSAGE][PASSED] - Actual text and expected text of test object 'Object Repository/Page_cabi Order Items/GetAttribute_getID' are matched.

2019-04-22 12:28:34 - [TEST_STEP][PASSED] - delay(3): Delayed 3 second(s)

2019-04-22 12:28:37 - [MESSAGE][PASSED] - Delayed 3 second(s)

2019-04-22 12:28:37 - [TEST_STEP][PASSED] - colorOptions = findWebElements(findTestObject("Page_cabi Order Items/GetAttribute_Color"), 5): null

2019-04-22 12:28:37 - [TEST_STEP][PASSED] - println(colorOptions.size()): null

2019-04-22 12:28:37 - [TEST_STEP][PASSED] - expectedColour = findTestData("New Test Data").getValue("Color", row): null

2019-04-22 12:28:37 - [TEST_STEP][PASSED] - println("expected colour is"): null

2019-04-22 12:28:37 - [TEST_STEP][PASSED] - println(expectedColour): null

2019-04-22 12:28:37 - [TEST_STEP][PASSED] - colourVerified = false: null

2019-04-22 12:28:37 - [TEST_STEP][PASSED] - for (org.openqa.selenium.WebElement op : colorOptions): null

2019-04-22 12:28:37 - [TEST_STEP][PASSED] - println(op.getText()): null

2019-04-22 12:28:37 - [TEST_STEP][PASSED] - if (expectedColour.equalsIgnoreCase(op.getText())): null

2019-04-22 12:28:37 - [TEST_STEP][PASSED] - colourVerified = true: null

2019-04-22 12:28:37 - [TEST_STEP][PASSED] - break: null

2019-04-22 12:28:37 - [TEST_STEP][PASSED] - assert colourVerified == true: null

2019-04-22 12:28:37 - [TEST_STEP][PASSED] - getPrice = getText(findTestObject("Page_cabi Order Items/GetAttribute_Price")): Text of object 'Object Repository/Page_cabi Order Items/GetAttribute_Price' is: 'Price : $119.00'

2019-04-22 12:28:37 - [MESSAGE][PASSED] - Text of object 'Object Repository/Page_cabi Order Items/GetAttribute_Price' is: 'Price : $119.00'

2019-04-22 12:28:37 - [TEST_STEP][PASSED] - Split_Data = UtilityMethods.SplitData(getPrice): null

2019-04-22 12:28:37 - [TEST_STEP][PASSED] - verifyMatch(Split_Data, findTestData("New Test Data").getValue("Retail", row), true): Actual text '119' and expected text '119' are matched  using regular expression

2019-04-22 12:28:37 - [MESSAGE][PASSED] - Actual text '119' and expected text '119' are matched  using regular expression

2019-04-22 12:28:37 - [TEST_STEP][PASSED] - sizeType = getText(findTestObject("Object Repository/Page_cabi Order Items/Size")): Text of object 'Object Repository/Page_cabi Order Items/Size' is: 'Select'

2019-04-22 12:28:38 - [MESSAGE][PASSED] - Text of object 'Object Repository/Page_cabi Order Items/Size' is: 'Select'

2019-04-22 12:28:38 - [TEST_STEP][PASSED] - println("size type ="): null

2019-04-22 12:28:38 - [TEST_STEP][PASSED] - switch (sizeType): null

2019-04-22 12:28:38 - [TEST_STEP][PASSED] - sizeOptions = findWebElements(findTestObject("Object Repository/Page_cabi Order Items/Size"), 5): null

2019-04-22 12:28:38 - [TEST_STEP][PASSED] - s = sizeOptions.size(): null

2019-04-22 12:28:38 - [TEST_STEP][PASSED] - setText(findTestObject("Object Repository/Page_cabi Order Items/input_New Arrivals - Blooming Blush_style"), findTestData("New Test Data").getValue("Style", row)): Text '5558' is set on object 'Object Repository/Page_cabi Order Items/input_New Arrivals - Blooming Blush_style'

2019-04-22 12:28:38 - [MESSAGE][PASSED] - Text '5558' is set on object 'Object Repository/Page_cabi Order Items/input_New Arrivals - Blooming Blush_style'

2019-04-22 12:28:38 - [TEST_STEP][PASSED] - delay(5): Delayed 5 second(s)

2019-04-22 12:28:43 - [MESSAGE][PASSED] - Delayed 5 second(s)

2019-04-22 12:28:43 - [TEST_STEP][PASSED] - sendKeys(findTestObject("Object Repository/Page_cabi Order Items/input_New Arrivals - Blooming Blush_style"), Keys.chord(ENTER)): Keys 'ENTER + ' sent to object: 'Object Repository/Page_cabi Order Items/input_New Arrivals - Blooming Blush_style'

2019-04-22 12:28:43 - [MESSAGE][PASSED] - Keys 'ENTER + ' sent to object: 'Object Repository/Page_cabi Order Items/input_New Arrivals - Blooming Blush_style'

2019-04-22 12:28:43 - [TEST_STEP][PASSED] - click(findTestObject("Page_cabi Order Items/li_5618 Breeze Dress")): Object: 'Object Repository/Page_cabi Order Items/li_5618 Breeze Dress' is clicked on

2019-04-22 12:28:49 - [MESSAGE][PASSED] - Object: 'Object Repository/Page_cabi Order Items/li_5618 Breeze Dress' is clicked on

2019-04-22 12:28:49 - [TEST_STEP][PASSED] - verifyElementText(findTestObject("Page_cabi Order Items/GetAttribute_getID"), findTestData("New Test Data").getValue("Style", row)): Actual text and expected text of test object 'Object Repository/Page_cabi Order Items/GetAttribute_getID' are matched.

2019-04-22 12:28:49 - [MESSAGE][PASSED] - Actual text and expected text of test object 'Object Repository/Page_cabi Order Items/GetAttribute_getID' are matched.

2019-04-22 12:28:49 - [TEST_STEP][PASSED] - delay(3): Delayed 3 second(s)

2019-04-22 12:28:52 - [MESSAGE][PASSED] - Delayed 3 second(s)

2019-04-22 12:28:52 - [TEST_STEP][PASSED] - colorOptions = findWebElements(findTestObject("Page_cabi Order Items/GetAttribute_Color"), 5): null

2019-04-22 12:28:52 - [TEST_STEP][PASSED] - println(colorOptions.size()): null

2019-04-22 12:28:52 - [TEST_STEP][PASSED] - expectedColour = findTestData("New Test Data").getValue("Color", row): null

2019-04-22 12:28:52 - [TEST_STEP][PASSED] - println("expected colour is"): null

2019-04-22 12:28:52 - [TEST_STEP][PASSED] - println(expectedColour): null

2019-04-22 12:28:52 - [TEST_STEP][PASSED] - colourVerified = false: null

2019-04-22 12:28:52 - [TEST_STEP][PASSED] - for (org.openqa.selenium.WebElement op : colorOptions): null

2019-04-22 12:28:52 - [TEST_STEP][PASSED] - println(op.getText()): null

2019-04-22 12:28:52 - [TEST_STEP][PASSED] - if (expectedColour.equalsIgnoreCase(op.getText())): null

2019-04-22 12:28:52 - [TEST_STEP][PASSED] - println(op.getText()): null

2019-04-22 12:28:52 - [TEST_STEP][PASSED] - if (expectedColour.equalsIgnoreCase(op.getText())): null

2019-04-22 12:28:52 - [TEST_STEP][PASSED] - println(op.getText()): null

2019-04-22 12:28:52 - [TEST_STEP][PASSED] - if (expectedColour.equalsIgnoreCase(op.getText())): null

2019-04-22 12:28:52 - [TEST_STEP][PASSED] - colourVerified = true: null

2019-04-22 12:28:52 - [TEST_STEP][PASSED] - break: null

2019-04-22 12:28:52 - [TEST_STEP][PASSED] - assert colourVerified == true: null

2019-04-22 12:28:52 - [TEST_STEP][PASSED] - getPrice = getText(findTestObject("Page_cabi Order Items/GetAttribute_Price")): Text of object 'Object Repository/Page_cabi Order Items/GetAttribute_Price' is: 'Price : $66.00'

2019-04-22 12:28:52 - [MESSAGE][PASSED] - Text of object 'Object Repository/Page_cabi Order Items/GetAttribute_Price' is: 'Price : $66.00'

2019-04-22 12:28:52 - [TEST_STEP][PASSED] - Split_Data = UtilityMethods.SplitData(getPrice): null

2019-04-22 12:28:52 - [TEST_STEP][PASSED] - verifyMatch(Split_Data, findTestData("New Test Data").getValue("Retail", row), true): Actual text '66' and expected text '66' are matched  using regular expression

2019-04-22 12:28:52 - [MESSAGE][PASSED] - Actual text '66' and expected text '66' are matched  using regular expression

2019-04-22 12:28:52 - [TEST_STEP][PASSED] - sizeType = getText(findTestObject("Object Repository/Page_cabi Order Items/Size")): Text of object 'Object Repository/Page_cabi Order Items/Size' is: 'N/A'

2019-04-22 12:28:52 - [MESSAGE][PASSED] - Text of object 'Object Repository/Page_cabi Order Items/Size' is: 'N/A'

2019-04-22 12:28:52 - [TEST_STEP][PASSED] - println("size type ="): null

2019-04-22 12:28:52 - [TEST_STEP][PASSED] - switch (sizeType): null

2019-04-22 12:28:52 - [TEST_STEP][PASSED] - sizeOptions = findWebElements(findTestObject("Object Repository/Page_cabi Order Items/Size"), 5): null

2019-04-22 12:28:52 - [TEST_STEP][PASSED] - s = sizeOptions.size(): null

2019-04-22 12:28:52 - [TEST_STEP][PASSED] - setText(findTestObject("Object Repository/Page_cabi Order Items/input_New Arrivals - Blooming Blush_style"), findTestData("New Test Data").getValue("Style", row)): Text '5559' is set on object 'Object Repository/Page_cabi Order Items/input_New Arrivals - Blooming Blush_style'

2019-04-22 12:28:52 - [MESSAGE][PASSED] - Text '5559' is set on object 'Object Repository/Page_cabi Order Items/input_New Arrivals - Blooming Blush_style'

2019-04-22 12:28:52 - [TEST_STEP][PASSED] - delay(5): Delayed 5 second(s)

2019-04-22 12:28:57 - [MESSAGE][PASSED] - Delayed 5 second(s)

2019-04-22 12:28:57 - [TEST_STEP][PASSED] - sendKeys(findTestObject("Object Repository/Page_cabi Order Items/input_New Arrivals - Blooming Blush_style"), Keys.chord(ENTER)): Keys 'ENTER + ' sent to object: 'Object Repository/Page_cabi Order Items/input_New Arrivals - Blooming Blush_style'

2019-04-22 12:28:57 - [MESSAGE][PASSED] - Keys 'ENTER + ' sent to object: 'Object Repository/Page_cabi Order Items/input_New Arrivals - Blooming Blush_style'

2019-04-22 12:28:57 - [TEST_STEP][PASSED] - click(findTestObject("Page_cabi Order Items/li_5618 Breeze Dress")): Object: 'Object Repository/Page_cabi Order Items/li_5618 Breeze Dress' is clicked on

2019-04-22 12:29:02 - [MESSAGE][PASSED] - Object: 'Object Repository/Page_cabi Order Items/li_5618 Breeze Dress' is clicked on

2019-04-22 12:29:02 - [TEST_STEP][PASSED] - verifyElementText(findTestObject("Page_cabi Order Items/GetAttribute_getID"), findTestData("New Test Data").getValue("Style", row)): Actual text and expected text of test object 'Object Repository/Page_cabi Order Items/GetAttribute_getID' are matched.

2019-04-22 12:29:03 - [MESSAGE][PASSED] - Actual text and expected text of test object 'Object Repository/Page_cabi Order Items/GetAttribute_getID' are matched.

2019-04-22 12:29:03 - [TEST_STEP][PASSED] - delay(3): Delayed 3 second(s)

2019-04-22 12:29:06 - [MESSAGE][PASSED] - Delayed 3 second(s)

2019-04-22 12:29:06 - [TEST_STEP][PASSED] - colorOptions = findWebElements(findTestObject("Page_cabi Order Items/GetAttribute_Color"), 5): null

2019-04-22 12:29:06 - [TEST_STEP][PASSED] - println(colorOptions.size()): null

2019-04-22 12:29:06 - [TEST_STEP][PASSED] - expectedColour = findTestData("New Test Data").getValue("Color", row): null

2019-04-22 12:29:06 - [TEST_STEP][PASSED] - println("expected colour is"): null

2019-04-22 12:29:06 - [TEST_STEP][PASSED] - println(expectedColour): null

2019-04-22 12:29:06 - [TEST_STEP][PASSED] - colourVerified = false: null

2019-04-22 12:29:06 - [TEST_STEP][PASSED] - for (org.openqa.selenium.WebElement op : colorOptions): null

2019-04-22 12:29:06 - [TEST_STEP][PASSED] - println(op.getText()): null

2019-04-22 12:29:06 - [TEST_STEP][PASSED] - if (expectedColour.equalsIgnoreCase(op.getText())): null

2019-04-22 12:29:06 - [TEST_STEP][PASSED] - println(op.getText()): null

2019-04-22 12:29:06 - [TEST_STEP][PASSED] - if (expectedColour.equalsIgnoreCase(op.getText())): null

2019-04-22 12:29:06 - [TEST_STEP][PASSED] - println(op.getText()): null

2019-04-22 12:29:06 - [TEST_STEP][PASSED] - if (expectedColour.equalsIgnoreCase(op.getText())): null

2019-04-22 12:29:06 - [TEST_STEP][PASSED] - colourVerified = true: null

2019-04-22 12:29:06 - [TEST_STEP][PASSED] - break: null

2019-04-22 12:29:06 - [TEST_STEP][PASSED] - assert colourVerified == true: null

2019-04-22 12:29:06 - [TEST_STEP][PASSED] - getPrice = getText(findTestObject("Page_cabi Order Items/GetAttribute_Price")): Text of object 'Object Repository/Page_cabi Order Items/GetAttribute_Price' is: 'Price : $59.00'

2019-04-22 12:29:06 - [MESSAGE][PASSED] - Text of object 'Object Repository/Page_cabi Order Items/GetAttribute_Price' is: 'Price : $59.00'

2019-04-22 12:29:06 - [TEST_STEP][PASSED] - Split_Data = UtilityMethods.SplitData(getPrice): null

2019-04-22 12:29:06 - [TEST_STEP][PASSED] - verifyMatch(Split_Data, findTestData("New Test Data").getValue("Retail", row), true): Actual text '59' and expected text '59' are matched  using regular expression

2019-04-22 12:29:06 - [MESSAGE][PASSED] - Actual text '59' and expected text '59' are matched  using regular expression

2019-04-22 12:29:06 - [TEST_STEP][PASSED] - sizeType = getText(findTestObject("Object Repository/Page_cabi Order Items/Size")): Text of object 'Object Repository/Page_cabi Order Items/Size' is: 'N/A'

2019-04-22 12:29:06 - [MESSAGE][PASSED] - Text of object 'Object Repository/Page_cabi Order Items/Size' is: 'N/A'

2019-04-22 12:29:06 - [TEST_STEP][PASSED] - println("size type ="): null

2019-04-22 12:29:06 - [TEST_STEP][PASSED] - switch (sizeType): null

2019-04-22 12:29:06 - [TEST_STEP][PASSED] - sizeOptions = findWebElements(findTestObject("Object Repository/Page_cabi Order Items/Size"), 5): null

2019-04-22 12:29:06 - [TEST_STEP][PASSED] - s = sizeOptions.size(): null

2019-04-22 12:29:06 - [TEST_STEP][PASSED] - setText(findTestObject("Object Repository/Page_cabi Order Items/input_New Arrivals - Blooming Blush_style"), findTestData("New Test Data").getValue("Style", row)): Text '5595' is set on object 'Object Repository/Page_cabi Order Items/input_New Arrivals - Blooming Blush_style'

2019-04-22 12:29:06 - [MESSAGE][PASSED] - Text '5595' is set on object 'Object Repository/Page_cabi Order Items/input_New Arrivals - Blooming Blush_style'

2019-04-22 12:29:06 - [TEST_STEP][PASSED] - delay(5): Delayed 5 second(s)

2019-04-22 12:29:11 - [MESSAGE][PASSED] - Delayed 5 second(s)

2019-04-22 12:29:11 - [TEST_STEP][PASSED] - sendKeys(findTestObject("Object Repository/Page_cabi Order Items/input_New Arrivals - Blooming Blush_style"), Keys.chord(ENTER)): Keys 'ENTER + ' sent to object: 'Object Repository/Page_cabi Order Items/input_New Arrivals - Blooming Blush_style'

2019-04-22 12:29:11 - [MESSAGE][PASSED] - Keys 'ENTER + ' sent to object: 'Object Repository/Page_cabi Order Items/input_New Arrivals - Blooming Blush_style'

2019-04-22 12:29:11 - [TEST_STEP][PASSED] - click(findTestObject("Page_cabi Order Items/li_5618 Breeze Dress")): Object: 'Object Repository/Page_cabi Order Items/li_5618 Breeze Dress' is clicked on

2019-04-22 12:29:17 - [MESSAGE][PASSED] - Object: 'Object Repository/Page_cabi Order Items/li_5618 Breeze Dress' is clicked on

2019-04-22 12:29:17 - [TEST_STEP][PASSED] - verifyElementText(findTestObject("Page_cabi Order Items/GetAttribute_getID"), findTestData("New Test Data").getValue("Style", row)): Actual text and expected text of test object 'Object Repository/Page_cabi Order Items/GetAttribute_getID' are matched.

2019-04-22 12:29:17 - [MESSAGE][PASSED] - Actual text and expected text of test object 'Object Repository/Page_cabi Order Items/GetAttribute_getID' are matched.

2019-04-22 12:29:17 - [TEST_STEP][PASSED] - delay(3): Delayed 3 second(s)

2019-04-22 12:29:20 - [MESSAGE][PASSED] - Delayed 3 second(s)

2019-04-22 12:29:20 - [TEST_STEP][PASSED] - colorOptions = findWebElements(findTestObject("Page_cabi Order Items/GetAttribute_Color"), 5): null

2019-04-22 12:29:20 - [TEST_STEP][PASSED] - println(colorOptions.size()): null

2019-04-22 12:29:20 - [TEST_STEP][PASSED] - expectedColour = findTestData("New Test Data").getValue("Color", row): null

2019-04-22 12:29:20 - [TEST_STEP][PASSED] - println("expected colour is"): null

2019-04-22 12:29:20 - [TEST_STEP][PASSED] - println(expectedColour): null

2019-04-22 12:29:20 - [TEST_STEP][PASSED] - colourVerified = false: null

2019-04-22 12:29:20 - [TEST_STEP][PASSED] - for (org.openqa.selenium.WebElement op : colorOptions): null

2019-04-22 12:29:20 - [TEST_STEP][PASSED] - println(op.getText()): null

2019-04-22 12:29:20 - [TEST_STEP][PASSED] - if (expectedColour.equalsIgnoreCase(op.getText())): null

2019-04-22 12:29:20 - [TEST_STEP][PASSED] - colourVerified = true: null

2019-04-22 12:29:20 - [TEST_STEP][PASSED] - break: null

2019-04-22 12:29:20 - [TEST_STEP][PASSED] - assert colourVerified == true: null

2019-04-22 12:29:20 - [TEST_STEP][PASSED] - getPrice = getText(findTestObject("Page_cabi Order Items/GetAttribute_Price")): Text of object 'Object Repository/Page_cabi Order Items/GetAttribute_Price' is: 'Price : $89.00'

2019-04-22 12:29:20 - [MESSAGE][PASSED] - Text of object 'Object Repository/Page_cabi Order Items/GetAttribute_Price' is: 'Price : $89.00'

2019-04-22 12:29:20 - [TEST_STEP][PASSED] - Split_Data = UtilityMethods.SplitData(getPrice): null

2019-04-22 12:29:20 - [TEST_STEP][PASSED] - verifyMatch(Split_Data, findTestData("New Test Data").getValue("Retail", row), true): Actual text '89' and expected text '89' are matched  using regular expression

2019-04-22 12:29:20 - [MESSAGE][PASSED] - Actual text '89' and expected text '89' are matched  using regular expression

2019-04-22 12:29:20 - [TEST_STEP][PASSED] - sizeType = getText(findTestObject("Object Repository/Page_cabi Order Items/Size")): Text of object 'Object Repository/Page_cabi Order Items/Size' is: 'Select'

2019-04-22 12:29:21 - [MESSAGE][PASSED] - Text of object 'Object Repository/Page_cabi Order Items/Size' is: 'Select'

2019-04-22 12:29:21 - [TEST_STEP][PASSED] - println("size type ="): null

2019-04-22 12:29:21 - [TEST_STEP][PASSED] - switch (sizeType): null

2019-04-22 12:29:21 - [TEST_STEP][PASSED] - sizeOptions = findWebElements(findTestObject("Object Repository/Page_cabi Order Items/Size"), 5): null

2019-04-22 12:29:21 - [TEST_STEP][PASSED] - s = sizeOptions.size(): null

2019-04-22 12:29:21 - [TEST_STEP][PASSED] - setText(findTestObject("Object Repository/Page_cabi Order Items/input_New Arrivals - Blooming Blush_style"), findTestData("New Test Data").getValue("Style", row)): Text '5590' is set on object 'Object Repository/Page_cabi Order Items/input_New Arrivals - Blooming Blush_style'

2019-04-22 12:29:21 - [MESSAGE][PASSED] - Text '5590' is set on object 'Object Repository/Page_cabi Order Items/input_New Arrivals - Blooming Blush_style'

2019-04-22 12:29:21 - [TEST_STEP][PASSED] - delay(5): Delayed 5 second(s)

2019-04-22 12:29:26 - [MESSAGE][PASSED] - Delayed 5 second(s)

2019-04-22 12:29:26 - [TEST_STEP][PASSED] - sendKeys(findTestObject("Object Repository/Page_cabi Order Items/input_New Arrivals - Blooming Blush_style"), Keys.chord(ENTER)): Keys 'ENTER + ' sent to object: 'Object Repository/Page_cabi Order Items/input_New Arrivals - Blooming Blush_style'

2019-04-22 12:29:26 - [MESSAGE][PASSED] - Keys 'ENTER + ' sent to object: 'Object Repository/Page_cabi Order Items/input_New Arrivals - Blooming Blush_style'

2019-04-22 12:29:26 - [TEST_STEP][PASSED] - click(findTestObject("Page_cabi Order Items/li_5618 Breeze Dress")): Object: 'Object Repository/Page_cabi Order Items/li_5618 Breeze Dress' is clicked on

2019-04-22 12:29:34 - [MESSAGE][PASSED] - Object: 'Object Repository/Page_cabi Order Items/li_5618 Breeze Dress' is clicked on

2019-04-22 12:29:34 - [TEST_STEP][PASSED] - verifyElementText(findTestObject("Page_cabi Order Items/GetAttribute_getID"), findTestData("New Test Data").getValue("Style", row)): Actual text and expected text of test object 'Object Repository/Page_cabi Order Items/GetAttribute_getID' are matched.

2019-04-22 12:29:34 - [MESSAGE][PASSED] - Actual text and expected text of test object 'Object Repository/Page_cabi Order Items/GetAttribute_getID' are matched.

2019-04-22 12:29:34 - [TEST_STEP][PASSED] - delay(3): Delayed 3 second(s)

2019-04-22 12:29:37 - [MESSAGE][PASSED] - Delayed 3 second(s)

2019-04-22 12:29:37 - [TEST_STEP][PASSED] - colorOptions = findWebElements(findTestObject("Page_cabi Order Items/GetAttribute_Color"), 5): null

2019-04-22 12:29:37 - [TEST_STEP][PASSED] - println(colorOptions.size()): null

2019-04-22 12:29:37 - [TEST_STEP][PASSED] - expectedColour = findTestData("New Test Data").getValue("Color", row): null

2019-04-22 12:29:38 - [TEST_STEP][PASSED] - println("expected colour is"): null

2019-04-22 12:29:38 - [TEST_STEP][PASSED] - println(expectedColour): null

2019-04-22 12:29:38 - [TEST_STEP][PASSED] - colourVerified = false: null

2019-04-22 12:29:38 - [TEST_STEP][PASSED] - for (org.openqa.selenium.WebElement op : colorOptions): null

2019-04-22 12:29:38 - [TEST_STEP][PASSED] - println(op.getText()): null

2019-04-22 12:29:38 - [TEST_STEP][PASSED] - if (expectedColour.equalsIgnoreCase(op.getText())): null

2019-04-22 12:29:38 - [TEST_STEP][PASSED] - colourVerified = true: null

2019-04-22 12:29:38 - [TEST_STEP][PASSED] - break: null

2019-04-22 12:29:38 - [TEST_STEP][PASSED] - assert colourVerified == true: null

2019-04-22 12:29:38 - [TEST_STEP][PASSED] - getPrice = getText(findTestObject("Page_cabi Order Items/GetAttribute_Price")): Text of object 'Object Repository/Page_cabi Order Items/GetAttribute_Price' is: 'Price : $89.00'

2019-04-22 12:29:38 - [MESSAGE][PASSED] - Text of object 'Object Repository/Page_cabi Order Items/GetAttribute_Price' is: 'Price : $89.00'

2019-04-22 12:29:38 - [TEST_STEP][PASSED] - Split_Data = UtilityMethods.SplitData(getPrice): null

2019-04-22 12:29:38 - [TEST_STEP][PASSED] - verifyMatch(Split_Data, findTestData("New Test Data").getValue("Retail", row), true): Actual text '89' and expected text '89' are matched  using regular expression

2019-04-22 12:29:38 - [MESSAGE][PASSED] - Actual text '89' and expected text '89' are matched  using regular expression

2019-04-22 12:29:38 - [TEST_STEP][PASSED] - sizeType = getText(findTestObject("Object Repository/Page_cabi Order Items/Size")): Text of object 'Object Repository/Page_cabi Order Items/Size' is: 'Select'

2019-04-22 12:29:38 - [MESSAGE][PASSED] - Text of object 'Object Repository/Page_cabi Order Items/Size' is: 'Select'

2019-04-22 12:29:38 - [TEST_STEP][PASSED] - println("size type ="): null

2019-04-22 12:29:38 - [TEST_STEP][PASSED] - switch (sizeType): null

2019-04-22 12:29:38 - [TEST_STEP][PASSED] - sizeOptions = findWebElements(findTestObject("Object Repository/Page_cabi Order Items/Size"), 5): null

2019-04-22 12:29:38 - [TEST_STEP][PASSED] - s = sizeOptions.size(): null]]></system-out>
         <system-err><![CDATA[]]></system-err>
      </testcase>
      <system-out><![CDATA[2019-04-22 12:27:55 - [TEST_SUITE][PASSED] - TestSuiteFor_NewArrival: Test Cases/NewArrivals]]></system-out>
      <system-err><![CDATA[]]></system-err>
   </testsuite>
</testsuites>
