<?xml version="1.0" encoding="UTF-8"?>
<testsuites name="MicrositeTestSuite" time="102" tests="1" failures="0" errors="1">
   <testsuite name="MicrositeTestSuite" tests="1" failures="0" errors="1" time="102" timestamp="2019-06-10 16:57:32" hostname="user - Nivedita" id="Test Suites/VirtualShowRSVPSuites/MicrositeTestSuite">
      <properties>
         <property name="deviceName" value=""/>
         <property name="devicePlatform" value=""/>
         <property name="logFolder" value="C:\\Users\\user\\Documents\\testautomation\\NewArrivals\\Reports\\VirtualShowRSVPSuites\\MicrositeTestSuite\\20190610_165728"/>
         <property name="logFiles" value="C:\\Users\\user\\Documents\\testautomation\\NewArrivals\\Reports\\VirtualShowRSVPSuites\\MicrositeTestSuite\\20190610_165728\\execution0.log"/>
         <property name="attachments" value=""/>
         <property name="hostName" value="user - Nivedita"/>
         <property name="os" value="Windows 8.1 64bit"/>
         <property name="katalonVersion" value="6.1.1.1"/>
         <property name="browser" value="Chrome 74.0.3729.169"/>
         <property name="hostAddress" value="192.168.43.31"/>
         <property name="sessionId" value="276113bb81ad0a5f6cad97fe686569e2"/>
         <property name="seleniumVersion" value="3.7.1"/>
         <property name="proxyInformation" value="ProxyInformation{proxyOption=NO_PROXY, proxyServerType=HTTP, password=, proxyServerAddress=, proxyServerPort=0}"/>
         <property name="platform" value="Windows 8.1"/>
      </properties>
      <testcase name="Test Cases/virtualShowRSVP/createShow" classname="Test Cases/virtualShowRSVP/createShow" status="ERROR">
         <error type="ERROR" message="Test Cases/virtualShowRSVP/createShow FAILED.
Reason:
groovy.lang.MissingPropertyException: No such property: WriteToExcel for class: Script1553596975738
	at createShow.run(createShow:210)
	at com.kms.katalon.core.main.ScriptEngine.run(ScriptEngine.java:194)
	at com.kms.katalon.core.main.ScriptEngine.runScriptAsRawText(ScriptEngine.java:119)
	at com.kms.katalon.core.main.TestCaseExecutor.runScript(TestCaseExecutor.java:342)
	at com.kms.katalon.core.main.TestCaseExecutor.doExecute(TestCaseExecutor.java:333)
	at com.kms.katalon.core.main.TestCaseExecutor.processExecutionPhase(TestCaseExecutor.java:312)
	at com.kms.katalon.core.main.TestCaseExecutor.accessMainPhase(TestCaseExecutor.java:304)
	at com.kms.katalon.core.main.TestCaseExecutor.execute(TestCaseExecutor.java:238)
	at com.kms.katalon.core.main.TestSuiteExecutor.accessTestCaseMainPhase(TestSuiteExecutor.java:129)
	at com.kms.katalon.core.main.TestSuiteExecutor.accessTestSuiteMainPhase(TestSuiteExecutor.java:112)
	at com.kms.katalon.core.main.TestSuiteExecutor.execute(TestSuiteExecutor.java:81)
	at com.kms.katalon.core.main.TestCaseMain.startTestSuite(TestCaseMain.java:157)
	at com.kms.katalon.core.main.TestCaseMain$startTestSuite$0.call(Unknown Source)
	at TempTestSuite1560166048595.run(TempTestSuite1560166048595.groovy:35)
"/>
         <system-out><![CDATA[2019-06-10 16:57:32 - [TEST_CASE][ERROR] - Test Cases/virtualShowRSVP/createShow: Test Cases/virtualShowRSVP/createShow FAILED.
Reason:
groovy.lang.MissingPropertyException: No such property: WriteToExcel for class: Script1553596975738
	at createShow.run(createShow:210)
	at com.kms.katalon.core.main.ScriptEngine.run(ScriptEngine.java:194)
	at com.kms.katalon.core.main.ScriptEngine.runScriptAsRawText(ScriptEngine.java:119)
	at com.kms.katalon.core.main.TestCaseExecutor.runScript(TestCaseExecutor.java:342)
	at com.kms.katalon.core.main.TestCaseExecutor.doExecute(TestCaseExecutor.java:333)
	at com.kms.katalon.core.main.TestCaseExecutor.processExecutionPhase(TestCaseExecutor.java:312)
	at com.kms.katalon.core.main.TestCaseExecutor.accessMainPhase(TestCaseExecutor.java:304)
	at com.kms.katalon.core.main.TestCaseExecutor.execute(TestCaseExecutor.java:238)
	at com.kms.katalon.core.main.TestSuiteExecutor.accessTestCaseMainPhase(TestSuiteExecutor.java:129)
	at com.kms.katalon.core.main.TestSuiteExecutor.accessTestSuiteMainPhase(TestSuiteExecutor.java:112)
	at com.kms.katalon.core.main.TestSuiteExecutor.execute(TestSuiteExecutor.java:81)
	at com.kms.katalon.core.main.TestCaseMain.startTestSuite(TestCaseMain.java:157)
	at com.kms.katalon.core.main.TestCaseMain$startTestSuite$0.call(Unknown Source)
	at TempTestSuite1560166048595.run(TempTestSuite1560166048595.groovy:35)


2019-06-10 16:57:32 - [TEST_STEP][PASSED] - Start listener action : sampleBeforeTestCase: null

2019-06-10 16:57:32 - [TEST_STEP][PASSED] - println(testCaseContext.getTestCaseId()): null

2019-06-10 16:57:32 - [TEST_STEP][PASSED] - println(testCaseContext.getTestCaseVariables()): null

2019-06-10 16:57:33 - [TEST_STEP][PASSED] - openBrowser(""): Browser is opened with url: ''

2019-06-10 16:57:33 - [MESSAGE][INFO] - Starting 'Chrome' driver

2019-06-10 16:57:34 - [MESSAGE][INFO] - Action delay is set to 0 seconds

2019-06-10 16:57:37 - [MESSAGE][PASSED] - Browser is opened with url: ''

2019-06-10 16:57:37 - [TEST_STEP][PASSED] - maximizeWindow(): Current window maximized

2019-06-10 16:57:38 - [MESSAGE][PASSED] - Current window maximized

2019-06-10 16:57:38 - [TEST_STEP][PASSED] - navigateToUrl(testEnvt): Navigate to 'https://test19.cliotest.com/backoffice/control/main' successfully

2019-06-10 16:57:46 - [MESSAGE][PASSED] - Navigate to 'https://test19.cliotest.com/backoffice/control/main' successfully

2019-06-10 16:57:46 - [TEST_STEP][PASSED] - setText(findTestObject("Object Repository/virualShowRSVPOR/Page_cabi/input_username"), username): Text '400000002' is set on object 'Object Repository/virualShowRSVPOR/Page_cabi/input_username'

2019-06-10 16:57:47 - [MESSAGE][PASSED] - Text '400000002' is set on object 'Object Repository/virualShowRSVPOR/Page_cabi/input_username'

2019-06-10 16:57:47 - [TEST_STEP][PASSED] - setText(findTestObject("Object Repository/virualShowRSVPOR/Page_cabi/input_password"), password): Text 'blackdress19' is set on object 'Object Repository/virualShowRSVPOR/Page_cabi/input_password'

2019-06-10 16:57:47 - [MESSAGE][PASSED] - Text 'blackdress19' is set on object 'Object Repository/virualShowRSVPOR/Page_cabi/input_password'

2019-06-10 16:57:47 - [TEST_STEP][PASSED] - click(findTestObject("Object Repository/virualShowRSVPOR/Page_cabi/input_consultantLogin")): Object: 'Object Repository/virualShowRSVPOR/Page_cabi/input_consultantLogin' is clicked on

2019-06-10 16:57:56 - [MESSAGE][PASSED] - Object: 'Object Repository/virualShowRSVPOR/Page_cabi/input_consultantLogin' is clicked on

2019-06-10 16:57:56 - [TEST_STEP][PASSED] - delay(10): Delayed 10 second(s)

2019-06-10 16:58:06 - [MESSAGE][PASSED] - Delayed 10 second(s)

2019-06-10 16:58:06 - [TEST_STEP][PASSED] - verifyElementText(findTestObject("Object Repository/virualShowRSVPOR/Page_cabi/span_username"), stylist): Actual text and expected text of test object 'Object Repository/virualShowRSVPOR/Page_cabi/span_username' are matched.

2019-06-10 16:58:06 - [MESSAGE][PASSED] - Actual text and expected text of test object 'Object Repository/virualShowRSVPOR/Page_cabi/span_username' are matched.

2019-06-10 16:58:06 - [TEST_STEP][PASSED] - rightClick(findTestObject("Object Repository/virualShowRSVPOR/Page_cabi Home/a_shows _orders")): Object: 'Object Repository/virualShowRSVPOR/Page_cabi Home/a_shows _orders' is right clicked on

2019-06-10 16:58:06 - [MESSAGE][PASSED] - Object: 'Object Repository/virualShowRSVPOR/Page_cabi Home/a_shows _orders' is right clicked on

2019-06-10 16:58:06 - [TEST_STEP][PASSED] - click(findTestObject("Object Repository/virualShowRSVPOR/Page_cabi Home/a_Create_A_Show")): Object: 'Object Repository/virualShowRSVPOR/Page_cabi Home/a_Create_A_Show' is clicked on

2019-06-10 16:58:09 - [MESSAGE][PASSED] - Object: 'Object Repository/virualShowRSVPOR/Page_cabi Home/a_Create_A_Show' is clicked on

2019-06-10 16:58:09 - [TEST_STEP][PASSED] - setText(findTestObject("Object Repository/virualShowRSVPOR/Page_cabi Create Show - Set Hostess/input_Hostess"), hostess): Text 'neohost1 abc' is set on object 'Object Repository/virualShowRSVPOR/Page_cabi Create Show - Set Hostess/input_Hostess'

2019-06-10 16:58:10 - [MESSAGE][PASSED] - Text 'neohost1 abc' is set on object 'Object Repository/virualShowRSVPOR/Page_cabi Create Show - Set Hostess/input_Hostess'

2019-06-10 16:58:10 - [TEST_STEP][PASSED] - rightClick(findTestObject("Object Repository/virualShowRSVPOR/Page_cabi Create Show - Set Hostess/input_Hostess")): Object: 'Object Repository/virualShowRSVPOR/Page_cabi Create Show - Set Hostess/input_Hostess' is right clicked on

2019-06-10 16:58:10 - [MESSAGE][PASSED] - Object: 'Object Repository/virualShowRSVPOR/Page_cabi Create Show - Set Hostess/input_Hostess' is right clicked on

2019-06-10 16:58:10 - [TEST_STEP][PASSED] - click(findTestObject("Object Repository/virualShowRSVPOR/Page_cabi Create Show - Set Hostess/a_select_hostess")): Object: 'Object Repository/virualShowRSVPOR/Page_cabi Create Show - Set Hostess/a_select_hostess' is clicked on

2019-06-10 16:58:10 - [MESSAGE][PASSED] - Object: 'Object Repository/virualShowRSVPOR/Page_cabi Create Show - Set Hostess/a_select_hostess' is clicked on

2019-06-10 16:58:10 - [TEST_STEP][PASSED] - setText(findTestObject("Object Repository/virualShowRSVPOR/Page_cabi Create Show - Set Hostess/input_Hostess_Txt"), hostess): Text 'neohost1 abc' is set on object 'Object Repository/virualShowRSVPOR/Page_cabi Create Show - Set Hostess/input_Hostess_Txt'

2019-06-10 16:58:11 - [MESSAGE][PASSED] - Text 'neohost1 abc' is set on object 'Object Repository/virualShowRSVPOR/Page_cabi Create Show - Set Hostess/input_Hostess_Txt'

2019-06-10 16:58:11 - [TEST_STEP][PASSED] - delay(3): Delayed 3 second(s)

2019-06-10 16:58:14 - [MESSAGE][PASSED] - Delayed 3 second(s)

2019-06-10 16:58:14 - [TEST_STEP][PASSED] - validateHostessAddressMsg = findWebElements(findTestObject("Object Repository/virualShowRSVPOR/Page_cabi Create Show - Set Hostess/validate_address_msg"), 5): null

2019-06-10 16:58:14 - [TEST_STEP][PASSED] - println(validateHostessAddressMsg.size()): null

2019-06-10 16:58:14 - [TEST_STEP][PASSED] - if (validateHostessAddressMsg.isEmpty()): null

2019-06-10 16:58:14 - [TEST_STEP][PASSED] - selectOptionByValue(findTestObject("Object Repository/virualShowRSVPOR/Page_cabi Create Show - Set Hostess/select_Choose_From_Contacts_Co-Hostess"), "3", true): All options with value '3' are selected in object 'Object Repository/virualShowRSVPOR/Page_cabi Create Show - Set Hostess/select_Choose_From_Contacts_Co-Hostess'  using regular expression

2019-06-10 16:58:14 - [MESSAGE][PASSED] - All options with value '3' are selected in object 'Object Repository/virualShowRSVPOR/Page_cabi Create Show - Set Hostess/select_Choose_From_Contacts_Co-Hostess'  using regular expression

2019-06-10 16:58:14 - [TEST_STEP][PASSED] - setText(findTestObject("Object Repository/virualShowRSVPOR/Page_cabi Create Show - Set Hostess/input_Cohostess"), cohostess): Text 'neocohost1 abc' is set on object 'Object Repository/virualShowRSVPOR/Page_cabi Create Show - Set Hostess/input_Cohostess'

2019-06-10 16:58:14 - [MESSAGE][PASSED] - Text 'neocohost1 abc' is set on object 'Object Repository/virualShowRSVPOR/Page_cabi Create Show - Set Hostess/input_Cohostess'

2019-06-10 16:58:14 - [TEST_STEP][PASSED] - rightClick(findTestObject("Object Repository/virualShowRSVPOR/Page_cabi Create Show - Set Hostess/input_Cohostess")): Object: 'Object Repository/virualShowRSVPOR/Page_cabi Create Show - Set Hostess/input_Cohostess' is right clicked on

2019-06-10 16:58:14 - [MESSAGE][PASSED] - Object: 'Object Repository/virualShowRSVPOR/Page_cabi Create Show - Set Hostess/input_Cohostess' is right clicked on

2019-06-10 16:58:14 - [TEST_STEP][PASSED] - rightClick(findTestObject("Object Repository/virualShowRSVPOR/Page_cabi Create Show - Set Hostess/input_Cohostess")): Object: 'Object Repository/virualShowRSVPOR/Page_cabi Create Show - Set Hostess/input_Cohostess' is right clicked on

2019-06-10 16:58:14 - [MESSAGE][PASSED] - Object: 'Object Repository/virualShowRSVPOR/Page_cabi Create Show - Set Hostess/input_Cohostess' is right clicked on

2019-06-10 16:58:14 - [TEST_STEP][PASSED] - click(findTestObject("Object Repository/virualShowRSVPOR/Page_cabi Create Show - Set Hostess/a_select_cohostess")): Object: 'Object Repository/virualShowRSVPOR/Page_cabi Create Show - Set Hostess/a_select_cohostess' is clicked on

2019-06-10 16:58:15 - [MESSAGE][PASSED] - Object: 'Object Repository/virualShowRSVPOR/Page_cabi Create Show - Set Hostess/a_select_cohostess' is clicked on

2019-06-10 16:58:15 - [TEST_STEP][PASSED] - setText(findTestObject("Object Repository/virualShowRSVPOR/Page_cabi Create Show - Set Hostess/input_Cohostess"), cohostess): Text 'neocohost1 abc' is set on object 'Object Repository/virualShowRSVPOR/Page_cabi Create Show - Set Hostess/input_Cohostess'

2019-06-10 16:58:15 - [MESSAGE][PASSED] - Text 'neocohost1 abc' is set on object 'Object Repository/virualShowRSVPOR/Page_cabi Create Show - Set Hostess/input_Cohostess'

2019-06-10 16:58:15 - [TEST_STEP][PASSED] - delay(3): Delayed 3 second(s)

2019-06-10 16:58:18 - [MESSAGE][PASSED] - Delayed 3 second(s)

2019-06-10 16:58:18 - [TEST_STEP][PASSED] - validateHostessAddressMsg = findWebElements(findTestObject("Object Repository/virualShowRSVPOR/Page_cabi Create Show - Set Hostess/validate_address_msg"), 5): null

2019-06-10 16:58:18 - [TEST_STEP][PASSED] - if (validateHostessAddressMsg.size() != 4): null

2019-06-10 16:58:18 - [TEST_STEP][PASSED] - click(findTestObject("Object Repository/virualShowRSVPOR/Page_cabi Create Show - Set Hostess/input_next")): Object: 'Object Repository/virualShowRSVPOR/Page_cabi Create Show - Set Hostess/input_next' is clicked on

2019-06-10 16:58:20 - [MESSAGE][PASSED] - Object: 'Object Repository/virualShowRSVPOR/Page_cabi Create Show - Set Hostess/input_next' is clicked on

2019-06-10 16:58:20 - [TEST_STEP][PASSED] - delay(5): Delayed 5 second(s)

2019-06-10 16:58:25 - [MESSAGE][PASSED] - Delayed 5 second(s)

2019-06-10 16:58:25 - [TEST_STEP][PASSED] - click(findTestObject("Object Repository/virualShowRSVPOR/Page_cabi Create Show - Time and Place/check_Virtual_Show")): Object: 'Object Repository/virualShowRSVPOR/Page_cabi Create Show - Time and Place/check_Virtual_Show' is clicked on

2019-06-10 16:58:26 - [MESSAGE][PASSED] - Object: 'Object Repository/virualShowRSVPOR/Page_cabi Create Show - Time and Place/check_Virtual_Show' is clicked on

2019-06-10 16:58:26 - [TEST_STEP][PASSED] - rightClick(findTestObject("Object Repository/virualShowRSVPOR/Page_cabi Create Show - Time and Place/input_Show_Date_Time")): Object: 'Object Repository/virualShowRSVPOR/Page_cabi Create Show - Time and Place/input_Show_Date_Time' is right clicked on

2019-06-10 16:58:26 - [MESSAGE][PASSED] - Object: 'Object Repository/virualShowRSVPOR/Page_cabi Create Show - Time and Place/input_Show_Date_Time' is right clicked on

2019-06-10 16:58:26 - [TEST_STEP][PASSED] - year = findTestData("virtualShowData").getValue("vsyear", 1): null

2019-06-10 16:58:27 - [TEST_STEP][PASSED] - month = findTestData("virtualShowData").getValue("vsmonth", 1): null

2019-06-10 16:58:27 - [TEST_STEP][PASSED] - day = findTestData("virtualShowData").getValue("vsday", 1): null

2019-06-10 16:58:27 - [TEST_STEP][PASSED] - xpath = UtilityMethods.concat("//td[@data-month='" + month - 1 + "' and @data-year='" + year + "']/a[contains(text(), '" + day + "')]"): null

2019-06-10 16:58:27 - [TEST_STEP][PASSED] - dateObj = new com.kms.katalon.core.testobject.TestObject(td_month_year_day): null

2019-06-10 16:58:27 - [TEST_STEP][PASSED] - dateObj.addProperty("xpath", EQUALS, xpath): null

2019-06-10 16:58:27 - [TEST_STEP][PASSED] - monthBound = 12: null

2019-06-10 16:58:27 - [TEST_STEP][PASSED] - dateObjList = findWebElements(dateObj, 5): Unable to find the element located by 'By.xpath: //td[@data-month='6' and @data-year='2019']/a[contains(text(), '15')]'. Please recheck the objects properties to make sure the desired element is located. 

2019-06-10 16:58:32 - [MESSAGE][INFO] - Unable to find the element located by 'By.xpath: //td[@data-month='6' and @data-year='2019']/a[contains(text(), '15')]'. Please recheck the objects properties to make sure the desired element is located. 

2019-06-10 16:58:32 - [TEST_STEP][PASSED] - while (dateObjList.size() == 0 && monthBound > 0): null

2019-06-10 16:58:32 - [TEST_STEP][PASSED] - click(findTestObject("Object Repository/virualShowRSVPOR/Page_cabi Edit Show - Add Guests/a_next_month")): Object: 'Object Repository/virualShowRSVPOR/Page_cabi Edit Show - Add Guests/a_next_month' is clicked on

2019-06-10 16:58:32 - [MESSAGE][PASSED] - Object: 'Object Repository/virualShowRSVPOR/Page_cabi Edit Show - Add Guests/a_next_month' is clicked on

2019-06-10 16:58:32 - [TEST_STEP][PASSED] - delay(3): Delayed 3 second(s)

2019-06-10 16:58:35 - [MESSAGE][PASSED] - Delayed 3 second(s)

2019-06-10 16:58:35 - [TEST_STEP][PASSED] - dateObjList = findWebElements(dateObj, 5): null

2019-06-10 16:58:35 - [TEST_STEP][PASSED] - (monthBound--): null

2019-06-10 16:58:35 - [TEST_STEP][PASSED] - println(dateObjList): null

2019-06-10 16:58:35 - [TEST_STEP][PASSED] - click(dateObj): Object: 'td_month_year_day' is clicked on

2019-06-10 16:58:35 - [MESSAGE][PASSED] - Object: 'td_month_year_day' is clicked on

2019-06-10 16:58:35 - [TEST_STEP][PASSED] - click(findTestObject("Object Repository/virualShowRSVPOR/Page_cabi Create Show - Time and Place/a_select_End_Time")): Object: 'Object Repository/virualShowRSVPOR/Page_cabi Create Show - Time and Place/a_select_End_Time' is clicked on

2019-06-10 16:58:35 - [MESSAGE][PASSED] - Object: 'Object Repository/virualShowRSVPOR/Page_cabi Create Show - Time and Place/a_select_End_Time' is clicked on

2019-06-10 16:58:35 - [TEST_STEP][PASSED] - click(findTestObject("Object Repository/virualShowRSVPOR/Page_cabi Create Show - Time and Place/input_next")): Object: 'Object Repository/virualShowRSVPOR/Page_cabi Create Show - Time and Place/input_next' is clicked on

2019-06-10 16:58:36 - [MESSAGE][PASSED] - Object: 'Object Repository/virualShowRSVPOR/Page_cabi Create Show - Time and Place/input_next' is clicked on

2019-06-10 16:58:36 - [TEST_STEP][PASSED] - delay(5): Delayed 5 second(s)

2019-06-10 16:58:41 - [MESSAGE][PASSED] - Delayed 5 second(s)

2019-06-10 16:58:41 - [TEST_STEP][PASSED] - click(findTestObject("Object Repository/virualShowRSVPOR/Page_cabi Create Show - Invite Hostess/input_Skip_Invite")): Object: 'Object Repository/virualShowRSVPOR/Page_cabi Create Show - Invite Hostess/input_Skip_Invite' is clicked on

2019-06-10 16:58:43 - [MESSAGE][PASSED] - Object: 'Object Repository/virualShowRSVPOR/Page_cabi Create Show - Invite Hostess/input_Skip_Invite' is clicked on

2019-06-10 16:58:43 - [TEST_STEP][PASSED] - rightClick(findTestObject("Object Repository/virualShowRSVPOR/Page_cabi Edit Show - Add Guests/contact_search_box")): Object: 'Object Repository/virualShowRSVPOR/Page_cabi Edit Show - Add Guests/contact_search_box' is right clicked on

2019-06-10 16:58:43 - [MESSAGE][PASSED] - Object: 'Object Repository/virualShowRSVPOR/Page_cabi Edit Show - Add Guests/contact_search_box' is right clicked on

2019-06-10 16:58:43 - [TEST_STEP][PASSED] - setText(findTestObject("Object Repository/virualShowRSVPOR/Page_cabi Edit Show - Add Guests/contact_search_box"), guest1): Text 'neoguest1 abc' is set on object 'Object Repository/virualShowRSVPOR/Page_cabi Edit Show - Add Guests/contact_search_box'

2019-06-10 16:58:44 - [MESSAGE][PASSED] - Text 'neoguest1 abc' is set on object 'Object Repository/virualShowRSVPOR/Page_cabi Edit Show - Add Guests/contact_search_box'

2019-06-10 16:58:44 - [TEST_STEP][PASSED] - click(findTestObject("Object Repository/virualShowRSVPOR/Page_cabi Edit Show - Add Guests/plus_add_guest")): Object: 'Object Repository/virualShowRSVPOR/Page_cabi Edit Show - Add Guests/plus_add_guest' is clicked on

2019-06-10 16:58:44 - [MESSAGE][PASSED] - Object: 'Object Repository/virualShowRSVPOR/Page_cabi Edit Show - Add Guests/plus_add_guest' is clicked on

2019-06-10 16:58:44 - [TEST_STEP][PASSED] - rightClick(findTestObject("Object Repository/virualShowRSVPOR/Page_cabi Edit Show - Add Guests/plus_add_guest")): Object: 'Object Repository/virualShowRSVPOR/Page_cabi Edit Show - Add Guests/plus_add_guest' is right clicked on

2019-06-10 16:58:44 - [MESSAGE][PASSED] - Object: 'Object Repository/virualShowRSVPOR/Page_cabi Edit Show - Add Guests/plus_add_guest' is right clicked on

2019-06-10 16:58:44 - [TEST_STEP][PASSED] - rightClick(findTestObject("Object Repository/virualShowRSVPOR/Page_cabi Edit Show - Add Guests/plus_add_guest")): Object: 'Object Repository/virualShowRSVPOR/Page_cabi Edit Show - Add Guests/plus_add_guest' is right clicked on

2019-06-10 16:58:44 - [MESSAGE][PASSED] - Object: 'Object Repository/virualShowRSVPOR/Page_cabi Edit Show - Add Guests/plus_add_guest' is right clicked on

2019-06-10 16:58:44 - [TEST_STEP][PASSED] - click(findTestObject("Object Repository/virualShowRSVPOR/Page_cabi Edit Show - Add Guests/plus_add_guest")): Object: 'Object Repository/virualShowRSVPOR/Page_cabi Edit Show - Add Guests/plus_add_guest' is clicked on

2019-06-10 16:58:44 - [MESSAGE][PASSED] - Object: 'Object Repository/virualShowRSVPOR/Page_cabi Edit Show - Add Guests/plus_add_guest' is clicked on

2019-06-10 16:58:44 - [TEST_STEP][PASSED] - delay(5): Delayed 5 second(s)

2019-06-10 16:58:49 - [MESSAGE][PASSED] - Delayed 5 second(s)

2019-06-10 16:58:49 - [TEST_STEP][PASSED] - click(findTestObject("Object Repository/virualShowRSVPOR/Page_cabi Edit Show - Add Guests/i_span_add_guest")): Object: 'Object Repository/virualShowRSVPOR/Page_cabi Edit Show - Add Guests/i_span_add_guest' is clicked on

2019-06-10 16:58:49 - [MESSAGE][PASSED] - Object: 'Object Repository/virualShowRSVPOR/Page_cabi Edit Show - Add Guests/i_span_add_guest' is clicked on

2019-06-10 16:58:49 - [TEST_STEP][PASSED] - rightClick(findTestObject("Object Repository/virualShowRSVPOR/Page_cabi Edit Show - Add Guests/contact_search_box")): Object: 'Object Repository/virualShowRSVPOR/Page_cabi Edit Show - Add Guests/contact_search_box' is right clicked on

2019-06-10 16:58:50 - [MESSAGE][PASSED] - Object: 'Object Repository/virualShowRSVPOR/Page_cabi Edit Show - Add Guests/contact_search_box' is right clicked on

2019-06-10 16:58:50 - [TEST_STEP][PASSED] - setText(findTestObject("Object Repository/virualShowRSVPOR/Page_cabi Edit Show - Add Guests/contact_search_box"), guest2): Text 'michigan contact' is set on object 'Object Repository/virualShowRSVPOR/Page_cabi Edit Show - Add Guests/contact_search_box'

2019-06-10 16:58:50 - [MESSAGE][PASSED] - Text 'michigan contact' is set on object 'Object Repository/virualShowRSVPOR/Page_cabi Edit Show - Add Guests/contact_search_box'

2019-06-10 16:58:50 - [TEST_STEP][PASSED] - rightClick(findTestObject("Object Repository/virualShowRSVPOR/Page_cabi Edit Show - Add Guests/contact_search_box")): Object: 'Object Repository/virualShowRSVPOR/Page_cabi Edit Show - Add Guests/contact_search_box' is right clicked on

2019-06-10 16:58:50 - [MESSAGE][PASSED] - Object: 'Object Repository/virualShowRSVPOR/Page_cabi Edit Show - Add Guests/contact_search_box' is right clicked on

2019-06-10 16:58:50 - [TEST_STEP][PASSED] - click(findTestObject("Object Repository/virualShowRSVPOR/Page_cabi Edit Show - Add Guests/plus_add_guest")): Object: 'Object Repository/virualShowRSVPOR/Page_cabi Edit Show - Add Guests/plus_add_guest' is clicked on

2019-06-10 16:58:50 - [MESSAGE][PASSED] - Object: 'Object Repository/virualShowRSVPOR/Page_cabi Edit Show - Add Guests/plus_add_guest' is clicked on

2019-06-10 16:58:50 - [TEST_STEP][PASSED] - rightClick(findTestObject("Object Repository/virualShowRSVPOR/Page_cabi Edit Show - Add Guests/plus_add_guest")): Object: 'Object Repository/virualShowRSVPOR/Page_cabi Edit Show - Add Guests/plus_add_guest' is right clicked on

2019-06-10 16:58:50 - [MESSAGE][PASSED] - Object: 'Object Repository/virualShowRSVPOR/Page_cabi Edit Show - Add Guests/plus_add_guest' is right clicked on

2019-06-10 16:58:50 - [TEST_STEP][PASSED] - rightClick(findTestObject("Object Repository/virualShowRSVPOR/Page_cabi Edit Show - Add Guests/plus_add_guest")): Object: 'Object Repository/virualShowRSVPOR/Page_cabi Edit Show - Add Guests/plus_add_guest' is right clicked on

2019-06-10 16:58:50 - [MESSAGE][PASSED] - Object: 'Object Repository/virualShowRSVPOR/Page_cabi Edit Show - Add Guests/plus_add_guest' is right clicked on

2019-06-10 16:58:50 - [TEST_STEP][PASSED] - click(findTestObject("Object Repository/virualShowRSVPOR/Page_cabi Edit Show - Add Guests/plus_add_guest")): Object: 'Object Repository/virualShowRSVPOR/Page_cabi Edit Show - Add Guests/plus_add_guest' is clicked on

2019-06-10 16:58:50 - [MESSAGE][PASSED] - Object: 'Object Repository/virualShowRSVPOR/Page_cabi Edit Show - Add Guests/plus_add_guest' is clicked on

2019-06-10 16:58:50 - [TEST_STEP][PASSED] - delay(5): Delayed 5 second(s)

2019-06-10 16:58:55 - [MESSAGE][PASSED] - Delayed 5 second(s)

2019-06-10 16:58:55 - [TEST_STEP][PASSED] - click(findTestObject("Object Repository/virualShowRSVPOR/Page_cabi Edit Show - Add Guests/i_span_add_guest")): Object: 'Object Repository/virualShowRSVPOR/Page_cabi Edit Show - Add Guests/i_span_add_guest' is clicked on

2019-06-10 16:58:55 - [MESSAGE][PASSED] - Object: 'Object Repository/virualShowRSVPOR/Page_cabi Edit Show - Add Guests/i_span_add_guest' is clicked on

2019-06-10 16:58:55 - [TEST_STEP][PASSED] - delay(5): Delayed 5 second(s)

2019-06-10 16:59:00 - [MESSAGE][PASSED] - Delayed 5 second(s)

2019-06-10 16:59:00 - [TEST_STEP][PASSED] - verifyElementText(findTestObject("Object Repository/virualShowRSVPOR/Page_cabi Edit Show - Add Guests/span_hostess_name"), verifyHostess): Actual text and expected text of test object 'Object Repository/virualShowRSVPOR/Page_cabi Edit Show - Add Guests/span_hostess_name' are matched.

2019-06-10 16:59:00 - [MESSAGE][PASSED] - Actual text and expected text of test object 'Object Repository/virualShowRSVPOR/Page_cabi Edit Show - Add Guests/span_hostess_name' are matched.

2019-06-10 16:59:00 - [TEST_STEP][PASSED] - verifyElementText(findTestObject("Object Repository/virualShowRSVPOR/Page_cabi Edit Show - Add Guests/span_cohostess_name"), verifyCoHostess): Actual text and expected text of test object 'Object Repository/virualShowRSVPOR/Page_cabi Edit Show - Add Guests/span_cohostess_name' are matched.

2019-06-10 16:59:00 - [MESSAGE][PASSED] - Actual text and expected text of test object 'Object Repository/virualShowRSVPOR/Page_cabi Edit Show - Add Guests/span_cohostess_name' are matched.

2019-06-10 16:59:00 - [TEST_STEP][PASSED] - listElement = findWebElements(findTestObject("Object Repository/virualShowRSVPOR/Page_cabi Edit Show - Add Guests/span_guest_name_list"), 5): null

2019-06-10 16:59:01 - [TEST_STEP][PASSED] - guestCount = Integer.parseInt(verifyGuestCount): null

2019-06-10 16:59:01 - [TEST_STEP][PASSED] - assert listElement.size() == guestCount: null

2019-06-10 16:59:01 - [TEST_STEP][PASSED] - flag = false: null

2019-06-10 16:59:01 - [TEST_STEP][PASSED] - for ([i = 0, i < guestCount, (i++)]): null

2019-06-10 16:59:01 - [TEST_STEP][PASSED] - flag = false: null

2019-06-10 16:59:01 - [TEST_STEP][PASSED] - if (getText().equals(verifyGuest1)): null

2019-06-10 16:59:01 - [TEST_STEP][PASSED] - if (getText().equals(verifyGuest2)): null

2019-06-10 16:59:01 - [TEST_STEP][PASSED] - flag = true: null

2019-06-10 16:59:01 - [TEST_STEP][PASSED] - flag = false: null

2019-06-10 16:59:01 - [TEST_STEP][PASSED] - if (getText().equals(verifyGuest1)): null

2019-06-10 16:59:01 - [TEST_STEP][PASSED] - flag = true: null

2019-06-10 16:59:01 - [TEST_STEP][PASSED] - if (getText().equals(verifyGuest2)): null

2019-06-10 16:59:01 - [TEST_STEP][PASSED] - assert flag == true: null

2019-06-10 16:59:01 - [TEST_STEP][PASSED] - click(findTestObject("Object Repository/virualShowRSVPOR/Page_cabi Edit Show - Add Guests/input_Next")): Object: 'Object Repository/virualShowRSVPOR/Page_cabi Edit Show - Add Guests/input_Next' is clicked on

2019-06-10 16:59:04 - [MESSAGE][PASSED] - Object: 'Object Repository/virualShowRSVPOR/Page_cabi Edit Show - Add Guests/input_Next' is clicked on

2019-06-10 16:59:04 - [TEST_STEP][PASSED] - delay(5): Delayed 5 second(s)

2019-06-10 16:59:09 - [MESSAGE][PASSED] - Delayed 5 second(s)

2019-06-10 16:59:09 - [TEST_STEP][PASSED] - click(findTestObject("Object Repository/virualShowRSVPOR/Page_cabi Edit Show - Send Invitations/input_Overview")): Object: 'Object Repository/virualShowRSVPOR/Page_cabi Edit Show - Send Invitations/input_Overview' is clicked on

2019-06-10 16:59:12 - [MESSAGE][PASSED] - Object: 'Object Repository/virualShowRSVPOR/Page_cabi Edit Show - Send Invitations/input_Overview' is clicked on

2019-06-10 16:59:12 - [TEST_STEP][PASSED] - showID = getText(findTestObject("Object Repository/virualShowRSVPOR/Page_cabi Orders/li_Show_ID_Text")): Text of object 'Object Repository/virualShowRSVPOR/Page_cabi Orders/li_Show_ID_Text' is: 'Show #: 104595908'

2019-06-10 16:59:12 - [MESSAGE][PASSED] - Text of object 'Object Repository/virualShowRSVPOR/Page_cabi Orders/li_Show_ID_Text' is: 'Show #: 104595908'

2019-06-10 16:59:12 - [TEST_STEP][PASSED] - rightClick(findTestObject("Object Repository/virualShowRSVPOR/Page_cabi Orders/a_Account")): Object: 'Object Repository/virualShowRSVPOR/Page_cabi Orders/a_Account' is right clicked on

2019-06-10 16:59:12 - [MESSAGE][PASSED] - Object: 'Object Repository/virualShowRSVPOR/Page_cabi Orders/a_Account' is right clicked on

2019-06-10 16:59:12 - [TEST_STEP][PASSED] - click(findTestObject("Object Repository/virualShowRSVPOR/Page_cabi Orders/a_My Profile")): Object: 'Object Repository/virualShowRSVPOR/Page_cabi Orders/a_My Profile' is clicked on

2019-06-10 16:59:14 - [MESSAGE][PASSED] - Object: 'Object Repository/virualShowRSVPOR/Page_cabi Orders/a_My Profile' is clicked on

2019-06-10 16:59:14 - [TEST_STEP][PASSED] - rsName = getText(findTestObject("Object Repository/virualShowRSVPOR/Page_cabi My Profile/span_rsName")): Text of object 'Object Repository/virualShowRSVPOR/Page_cabi My Profile/span_rsName' is: 'MirandaKate'

2019-06-10 16:59:14 - [MESSAGE][PASSED] - Text of object 'Object Repository/virualShowRSVPOR/Page_cabi My Profile/span_rsName' is: 'MirandaKate'

2019-06-10 16:59:14 - [TEST_STEP][PASSED] - cabitTestEnvt = cabiTestEnvt: null

2019-06-10 16:59:14 - [TEST_STEP][ERROR] - micrositeURL = WriteToExcel.createURL(rsName, cabitTestEnvt, showID): micrositeURL = WriteToExcel.createURL(rsName, cabitTestEnvt, showID) FAILED.
Reason:
groovy.lang.MissingPropertyException: No such property: WriteToExcel for class: Script1553596975738
	at createShow.run(createShow:210)
	at com.kms.katalon.core.main.ScriptEngine.run(ScriptEngine.java:194)
	at com.kms.katalon.core.main.ScriptEngine.runScriptAsRawText(ScriptEngine.java:119)
	at com.kms.katalon.core.main.TestCaseExecutor.runScript(TestCaseExecutor.java:342)
	at com.kms.katalon.core.main.TestCaseExecutor.doExecute(TestCaseExecutor.java:333)
	at com.kms.katalon.core.main.TestCaseExecutor.processExecutionPhase(TestCaseExecutor.java:312)
	at com.kms.katalon.core.main.TestCaseExecutor.accessMainPhase(TestCaseExecutor.java:304)
	at com.kms.katalon.core.main.TestCaseExecutor.execute(TestCaseExecutor.java:238)
	at com.kms.katalon.core.main.TestSuiteExecutor.accessTestCaseMainPhase(TestSuiteExecutor.java:129)
	at com.kms.katalon.core.main.TestSuiteExecutor.accessTestSuiteMainPhase(TestSuiteExecutor.java:112)
	at com.kms.katalon.core.main.TestSuiteExecutor.execute(TestSuiteExecutor.java:81)
	at com.kms.katalon.core.main.TestCaseMain.startTestSuite(TestCaseMain.java:157)
	at com.kms.katalon.core.main.TestCaseMain$startTestSuite$0.call(Unknown Source)
	at TempTestSuite1560166048595.run(TempTestSuite1560166048595.groovy:35)


2019-06-10 16:59:14 - [MESSAGE][ERROR] - micrositeURL = WriteToExcel.createURL(rsName, cabitTestEnvt, showID) FAILED.
Reason:
groovy.lang.MissingPropertyException: No such property: WriteToExcel for class: Script1553596975738
	at createShow.run(createShow:210)
	at com.kms.katalon.core.main.ScriptEngine.run(ScriptEngine.java:194)
	at com.kms.katalon.core.main.ScriptEngine.runScriptAsRawText(ScriptEngine.java:119)
	at com.kms.katalon.core.main.TestCaseExecutor.runScript(TestCaseExecutor.java:342)
	at com.kms.katalon.core.main.TestCaseExecutor.doExecute(TestCaseExecutor.java:333)
	at com.kms.katalon.core.main.TestCaseExecutor.processExecutionPhase(TestCaseExecutor.java:312)
	at com.kms.katalon.core.main.TestCaseExecutor.accessMainPhase(TestCaseExecutor.java:304)
	at com.kms.katalon.core.main.TestCaseExecutor.execute(TestCaseExecutor.java:238)
	at com.kms.katalon.core.main.TestSuiteExecutor.accessTestCaseMainPhase(TestSuiteExecutor.java:129)
	at com.kms.katalon.core.main.TestSuiteExecutor.accessTestSuiteMainPhase(TestSuiteExecutor.java:112)
	at com.kms.katalon.core.main.TestSuiteExecutor.execute(TestSuiteExecutor.java:81)
	at com.kms.katalon.core.main.TestCaseMain.startTestSuite(TestCaseMain.java:157)
	at com.kms.katalon.core.main.TestCaseMain$startTestSuite$0.call(Unknown Source)
	at TempTestSuite1560166048595.run(TempTestSuite1560166048595.groovy:35)]]></system-out>
         <system-err><![CDATA[2019-06-10 16:57:32 - [TEST_CASE][ERROR] - Test Cases/virtualShowRSVP/createShow: Test Cases/virtualShowRSVP/createShow FAILED.
Reason:
groovy.lang.MissingPropertyException: No such property: WriteToExcel for class: Script1553596975738
	at createShow.run(createShow:210)
	at com.kms.katalon.core.main.ScriptEngine.run(ScriptEngine.java:194)
	at com.kms.katalon.core.main.ScriptEngine.runScriptAsRawText(ScriptEngine.java:119)
	at com.kms.katalon.core.main.TestCaseExecutor.runScript(TestCaseExecutor.java:342)
	at com.kms.katalon.core.main.TestCaseExecutor.doExecute(TestCaseExecutor.java:333)
	at com.kms.katalon.core.main.TestCaseExecutor.processExecutionPhase(TestCaseExecutor.java:312)
	at com.kms.katalon.core.main.TestCaseExecutor.accessMainPhase(TestCaseExecutor.java:304)
	at com.kms.katalon.core.main.TestCaseExecutor.execute(TestCaseExecutor.java:238)
	at com.kms.katalon.core.main.TestSuiteExecutor.accessTestCaseMainPhase(TestSuiteExecutor.java:129)
	at com.kms.katalon.core.main.TestSuiteExecutor.accessTestSuiteMainPhase(TestSuiteExecutor.java:112)
	at com.kms.katalon.core.main.TestSuiteExecutor.execute(TestSuiteExecutor.java:81)
	at com.kms.katalon.core.main.TestCaseMain.startTestSuite(TestCaseMain.java:157)
	at com.kms.katalon.core.main.TestCaseMain$startTestSuite$0.call(Unknown Source)
	at TempTestSuite1560166048595.run(TempTestSuite1560166048595.groovy:35)]]></system-err>
      </testcase>
      <testcase name="Test Cases/virtualShowRSVP/micrositeRSVPValidUser" classname="Test Cases/virtualShowRSVP/micrositeRSVPValidUser" status="PASSED">
         <system-out><![CDATA[2019-06-10 16:59:14 - [TEST_CASE][PASSED] - Test Cases/virtualShowRSVP/micrositeRSVPValidUser: null]]></system-out>
         <system-err><![CDATA[]]></system-err>
      </testcase>
      <system-out><![CDATA[2019-06-10 16:57:32 - [TEST_SUITE][INCOMPLETE] - MicrositeTestSuite: null]]></system-out>
      <system-err><![CDATA[2019-06-10 16:57:32 - [TEST_SUITE][INCOMPLETE] - MicrositeTestSuite: null]]></system-err>
   </testsuite>
</testsuites>
