<?xml version="1.0" encoding="UTF-8"?>
<testsuites name="EditOrderSuite" time="124" tests="0" failures="0" errors="0">
   <testsuite name="EditOrderSuite" tests="0" failures="0" errors="0" time="124" timestamp="2019-08-26 19:44:17" hostname="user - 10.0.102.200" id="Test Suites/EditOrderSuites/EditOrderSuite">
      <properties>
         <property name="deviceName" value=""/>
         <property name="devicePlatform" value=""/>
         <property name="logFolder" value="C:\\Users\\user\\Documents\\testautomation\\KatalonProjects\\Reports\\EditOrderSuites\\EditOrderSuite\\20190826_194413"/>
         <property name="logFiles" value="C:\\Users\\user\\Documents\\testautomation\\KatalonProjects\\Reports\\EditOrderSuites\\EditOrderSuite\\20190826_194413\\execution0.log"/>
         <property name="attachments" value=""/>
         <property name="hostName" value="user - 10.0.102.200"/>
         <property name="os" value="Windows 8.1 64bit"/>
         <property name="katalonVersion" value="6.1.1.1"/>
         <property name="browser" value="Chrome 76.0.3809.100"/>
         <property name="hostAddress" value="10.0.102.200"/>
         <property name="sessionId" value="77ec79d6444e416503b0969d7eb87964"/>
         <property name="seleniumVersion" value="3.7.1"/>
         <property name="proxyInformation" value="ProxyInformation{proxyOption=NO_PROXY, proxyServerType=HTTP, password=, proxyServerAddress=, proxyServerPort=0}"/>
         <property name="platform" value="Windows 8.1"/>
      </properties>
      <testcase name="Test Cases/EditOrder/rsEditOrderPartialShip" classname="Test Cases/EditOrder/rsEditOrderPartialShip" status="INCOMPLETE">
         <system-out><![CDATA[2019-08-26 19:44:17 - [TEST_CASE][INCOMPLETE] - Test Cases/EditOrder/rsEditOrderPartialShip: null

2019-08-26 19:44:17 - [TEST_STEP][PASSED] - Start listener action : sampleBeforeTestCase: null

2019-08-26 19:44:17 - [TEST_STEP][PASSED] - println(testCaseContext.getTestCaseId()): null

2019-08-26 19:44:17 - [TEST_STEP][PASSED] - println(testCaseContext.getTestCaseVariables()): null

2019-08-26 19:44:18 - [TEST_STEP][PASSED] - callTestCase(findTestCase("EditOrder/retailOrderBO"), ["editScenarioNumber":5], STOP_ON_FAILURE): Call Test Case 'Test Cases/EditOrder/retailOrderBO' successfully

2019-08-26 19:44:18 - [TEST_CASE][PASSED] - Test Cases/EditOrder/retailOrderBO: Test Cases/EditOrder/retailOrderBO

2019-08-26 19:44:19 - [TEST_STEP][PASSED] - openBrowser(""): Browser is opened with url: ''

2019-08-26 19:44:19 - [MESSAGE][INFO] - Starting 'Chrome' driver

2019-08-26 19:44:19 - [MESSAGE][INFO] - User set preference: ['args', '[--use-fake-ui-for-media-stream, --start-maximized]']

2019-08-26 19:44:19 - [MESSAGE][INFO] - Action delay is set to 0 seconds

2019-08-26 19:44:22 - [MESSAGE][PASSED] - Browser is opened with url: ''

2019-08-26 19:44:22 - [TEST_STEP][PASSED] - callTestCase(findTestCase("TestCaseUtilities/backOfficeLogin"), ["BOURL":"", "BOuser":"", "BOpass":""], STOP_ON_FAILURE): Call Test Case 'Test Cases/TestCaseUtilities/backOfficeLogin' successfully

2019-08-26 19:44:22 - [TEST_CASE][PASSED] - Test Cases/TestCaseUtilities/backOfficeLogin: Test Cases/TestCaseUtilities/backOfficeLogin

2019-08-26 19:44:23 - [TEST_STEP][PASSED] - BOURL = findTestData("envtData").getValue("BOURL", 1): null

2019-08-26 19:44:24 - [TEST_STEP][PASSED] - BOuser = findTestData("credData").getValue("BOuser", 1): null

2019-08-26 19:44:24 - [TEST_STEP][PASSED] - BOpass = findTestData("credData").getValue("BOpass", 1): null

2019-08-26 19:44:24 - [TEST_STEP][PASSED] - openBrowser(""): Browser is opened with url: ''

2019-08-26 19:44:24 - [MESSAGE][WARNING] - A browser is already opened. Closing browser and opening a new one

2019-08-26 19:44:25 - [MESSAGE][INFO] - Starting 'Chrome' driver

2019-08-26 19:44:25 - [MESSAGE][INFO] - User set preference: ['args', '[--use-fake-ui-for-media-stream, --start-maximized]']

2019-08-26 19:44:27 - [MESSAGE][PASSED] - Browser is opened with url: ''

2019-08-26 19:44:27 - [TEST_STEP][PASSED] - navigateToUrl(BOURL): Navigate to 'https://test18.cliotest.com/backoffice/control/main' successfully

2019-08-26 19:44:35 - [MESSAGE][PASSED] - Navigate to 'https://test18.cliotest.com/backoffice/control/main' successfully

2019-08-26 19:44:35 - [TEST_STEP][PASSED] - logOut = findWebElements(findTestObject("Object Repository/Page_cabi Home/log_out"), 1): Unable to find the element located by 'By.xpath: //a[contains(text(),'Log Out')]'. Please recheck the objects properties to make sure the desired element is located. 

2019-08-26 19:44:36 - [MESSAGE][INFO] - Unable to find the element located by 'By.xpath: //a[contains(text(),'Log Out')]'. Please recheck the objects properties to make sure the desired element is located. 

2019-08-26 19:44:36 - [TEST_STEP][PASSED] - if (logOut.size() == 0): Object: 'Object Repository/Page_cabi/input_Welcome to_consultantLogin' is clicked on

2019-08-26 19:44:36 - [TEST_STEP][PASSED] - setText(findTestObject("Page_cabi/input_Welcome to_USERNAME"), BOuser): Text '400000002' is set on object 'Object Repository/Page_cabi/input_Welcome to_USERNAME'

2019-08-26 19:44:36 - [MESSAGE][PASSED] - Text '400000002' is set on object 'Object Repository/Page_cabi/input_Welcome to_USERNAME'

2019-08-26 19:44:36 - [TEST_STEP][PASSED] - setText(findTestObject("Object Repository/Page_cabi/input_Welcome to_PASSWORD"), BOpass): Text 'blackdress19' is set on object 'Object Repository/Page_cabi/input_Welcome to_PASSWORD'

2019-08-26 19:44:36 - [MESSAGE][PASSED] - Text 'blackdress19' is set on object 'Object Repository/Page_cabi/input_Welcome to_PASSWORD'

2019-08-26 19:44:36 - [TEST_STEP][PASSED] - click(findTestObject("Object Repository/Page_cabi/input_Welcome to_consultantLogin")): Object: 'Object Repository/Page_cabi/input_Welcome to_consultantLogin' is clicked on

2019-08-26 19:44:48 - [MESSAGE][PASSED] - Object: 'Object Repository/Page_cabi/input_Welcome to_consultantLogin' is clicked on

2019-08-26 19:44:48 - [TEST_STEP][PASSED] - delay(3): Delayed 3 second(s)

2019-08-26 19:44:51 - [MESSAGE][PASSED] - Delayed 3 second(s)

2019-08-26 19:44:51 - [MESSAGE][PASSED] - Call Test Case 'Test Cases/TestCaseUtilities/backOfficeLogin' successfully

2019-08-26 19:44:51 - [TEST_STEP][PASSED] - click(findTestObject("Object Repository/Page_cabi Home/a_Shows  Orders")): Object: 'Object Repository/Page_cabi Home/a_Shows  Orders' is clicked on

2019-08-26 19:44:52 - [MESSAGE][PASSED] - Object: 'Object Repository/Page_cabi Home/a_Shows  Orders' is clicked on

2019-08-26 19:44:52 - [TEST_STEP][PASSED] - delay(1): Delayed 1 second(s)

2019-08-26 19:44:53 - [MESSAGE][PASSED] - Delayed 1 second(s)

2019-08-26 19:44:53 - [TEST_STEP][PASSED] - click(findTestObject("Page_cabi Home/a_Shows  Orders")): Object: 'Object Repository/Page_cabi Home/a_Shows  Orders' is clicked on

2019-08-26 19:44:53 - [MESSAGE][PASSED] - Object: 'Object Repository/Page_cabi Home/a_Shows  Orders' is clicked on

2019-08-26 19:44:53 - [TEST_STEP][PASSED] - click(findTestObject("Page_cabi Home/a_retail_purchases")): Object: 'Object Repository/Page_cabi Home/a_retail_purchases' is clicked on

2019-08-26 19:44:56 - [MESSAGE][PASSED] - Object: 'Object Repository/Page_cabi Home/a_retail_purchases' is clicked on

2019-08-26 19:44:56 - [TEST_STEP][PASSED] - delay(3): Delayed 3 second(s)

2019-08-26 19:44:59 - [MESSAGE][PASSED] - Delayed 3 second(s)

2019-08-26 19:44:59 - [TEST_STEP][PASSED] - click(findTestObject("Object Repository/Page_cabi Home/existingCustomer")): Object: 'Object Repository/Page_cabi Home/existingCustomer' is clicked on

2019-08-26 19:45:00 - [MESSAGE][PASSED] - Object: 'Object Repository/Page_cabi Home/existingCustomer' is clicked on

2019-08-26 19:45:00 - [TEST_STEP][PASSED] - contactNumber = 3: null

2019-08-26 19:45:00 - [TEST_STEP][PASSED] - firstName = findTestData("contactData").getValue("firstName", contactNumber): null

2019-08-26 19:45:00 - [TEST_STEP][PASSED] - lastName = findTestData("contactData").getValue("lastName", contactNumber): null

2019-08-26 19:45:00 - [TEST_STEP][PASSED] - email = findTestData("contactData").getValue("email", contactNumber): null

2019-08-26 19:45:00 - [TEST_STEP][PASSED] - address1 = findTestData("contactData").getValue("address1", contactNumber): null

2019-08-26 19:45:00 - [TEST_STEP][PASSED] - city = findTestData("contactData").getValue("city", contactNumber): null

2019-08-26 19:45:00 - [TEST_STEP][PASSED] - state = findTestData("contactData").getValue("state", contactNumber): null

2019-08-26 19:45:00 - [TEST_STEP][PASSED] - zip = findTestData("contactData").getValue("zip", contactNumber): null

2019-08-26 19:45:00 - [TEST_STEP][PASSED] - existingCustFName = firstName: null

2019-08-26 19:45:00 - [TEST_STEP][PASSED] - existingCustLName = lastName: null

2019-08-26 19:45:00 - [TEST_STEP][PASSED] - space = " ": null

2019-08-26 19:45:00 - [TEST_STEP][PASSED] - existingCust = $existingCustFName$space$existingCustLName: null

2019-08-26 19:45:00 - [TEST_STEP][PASSED] - setText(findTestObject("Object Repository/Page_cabi Home/input_existing_guest"), existingCust): Text 'guest1-test abc' is set on object 'Object Repository/Page_cabi Home/input_existing_guest'

2019-08-26 19:45:00 - [MESSAGE][PASSED] - Text 'guest1-test abc' is set on object 'Object Repository/Page_cabi Home/input_existing_guest'

2019-08-26 19:45:00 - [TEST_STEP][PASSED] - delay(2): Delayed 2 second(s)

2019-08-26 19:45:02 - [MESSAGE][PASSED] - Delayed 2 second(s)

2019-08-26 19:45:02 - [TEST_STEP][PASSED] - sendKeys(findTestObject("Object Repository/Page_cabi Home/input_existing_guest"), Keys.chord(ARROW_DOWN)): Keys 'DOWN + ' sent to object: 'Object Repository/Page_cabi Home/input_existing_guest'

2019-08-26 19:45:02 - [MESSAGE][PASSED] - Keys 'DOWN + ' sent to object: 'Object Repository/Page_cabi Home/input_existing_guest'

2019-08-26 19:45:02 - [TEST_STEP][PASSED] - sendKeys(findTestObject("Object Repository/Page_cabi Home/input_existing_guest"), Keys.chord(ENTER)): Keys 'ENTER + ' sent to object: 'Object Repository/Page_cabi Home/input_existing_guest'

2019-08-26 19:45:03 - [MESSAGE][PASSED] - Keys 'ENTER + ' sent to object: 'Object Repository/Page_cabi Home/input_existing_guest'

2019-08-26 19:45:03 - [TEST_STEP][PASSED] - setText(findTestObject("Object Repository/Page_cabi Retail Store/input_email"), email): Text 'guest1-test@test.com' is set on object 'Object Repository/Page_cabi Retail Store/input_email'

2019-08-26 19:45:03 - [MESSAGE][PASSED] - Text 'guest1-test@test.com' is set on object 'Object Repository/Page_cabi Retail Store/input_email'

2019-08-26 19:45:03 - [TEST_STEP][PASSED] - setText(findTestObject("Object Repository/Page_cabi Edit Customer Profile/input_Address1_address1"), address1): Text '975 BRAHMS CT' is set on object 'Object Repository/Page_cabi Edit Customer Profile/input_Address1_address1'

2019-08-26 19:45:04 - [MESSAGE][PASSED] - Text '975 BRAHMS CT' is set on object 'Object Repository/Page_cabi Edit Customer Profile/input_Address1_address1'

2019-08-26 19:45:04 - [TEST_STEP][PASSED] - setText(findTestObject("Object Repository/Page_cabi Edit Customer Profile/input_Address2_address2"), ""): Text '' is set on object 'Object Repository/Page_cabi Edit Customer Profile/input_Address2_address2'

2019-08-26 19:45:04 - [MESSAGE][PASSED] - Text '' is set on object 'Object Repository/Page_cabi Edit Customer Profile/input_Address2_address2'

2019-08-26 19:45:04 - [TEST_STEP][PASSED] - setText(findTestObject("Object Repository/Page_cabi Edit Customer Profile/input_City_city"), city): Text 'TROY' is set on object 'Object Repository/Page_cabi Edit Customer Profile/input_City_city'

2019-08-26 19:45:04 - [MESSAGE][PASSED] - Text 'TROY' is set on object 'Object Repository/Page_cabi Edit Customer Profile/input_City_city'

2019-08-26 19:45:04 - [TEST_STEP][PASSED] - click(findTestObject("Page_cabi Edit Customer Profile/span_select_a_state")): Object: 'Object Repository/Page_cabi Edit Customer Profile/span_select_a_state' is clicked on

2019-08-26 19:45:04 - [MESSAGE][PASSED] - Object: 'Object Repository/Page_cabi Edit Customer Profile/span_select_a_state' is clicked on

2019-08-26 19:45:04 - [TEST_STEP][PASSED] - delay(1): Delayed 1 second(s)

2019-08-26 19:45:05 - [MESSAGE][PASSED] - Delayed 1 second(s)

2019-08-26 19:45:05 - [TEST_STEP][PASSED] - setText(findTestObject("Page_cabi Edit Customer Profile/input_state_postalCode"), zip): Text '48085' is set on object 'Object Repository/Page_cabi Edit Customer Profile/input_state_postalCode'

2019-08-26 19:45:05 - [MESSAGE][PASSED] - Text '48085' is set on object 'Object Repository/Page_cabi Edit Customer Profile/input_state_postalCode'

2019-08-26 19:45:05 - [TEST_STEP][PASSED] - delay(5): Delayed 5 second(s)

2019-08-26 19:45:10 - [MESSAGE][PASSED] - Delayed 5 second(s)

2019-08-26 19:45:10 - [TEST_STEP][PASSED] - check(findTestObject("Object Repository/Page_cabi Home/a_same_shipping_address")): Object 'Object Repository/Page_cabi Home/a_same_shipping_address' is checked

2019-08-26 19:45:11 - [MESSAGE][PASSED] - Object 'Object Repository/Page_cabi Home/a_same_shipping_address' is checked

2019-08-26 19:45:11 - [TEST_STEP][PASSED] - delay(5): Delayed 5 second(s)

2019-08-26 19:45:16 - [MESSAGE][PASSED] - Delayed 5 second(s)

2019-08-26 19:45:16 - [TEST_STEP][PASSED] - check(findTestObject("Object Repository/Page_cabi Home/a_same_shipping_address")): Object 'Object Repository/Page_cabi Home/a_same_shipping_address' is checked

2019-08-26 19:45:16 - [MESSAGE][PASSED] - Object 'Object Repository/Page_cabi Home/a_same_shipping_address' is checked

2019-08-26 19:45:16 - [TEST_STEP][PASSED] - delay(5): Delayed 5 second(s)

2019-08-26 19:45:21 - [MESSAGE][PASSED] - Delayed 5 second(s)

2019-08-26 19:45:21 - [TEST_STEP][PASSED] - driver = getWebDriver(): null

2019-08-26 19:45:21 - [TEST_STEP][PASSED] - executor = driver: null

2019-08-26 19:45:21 - [TEST_STEP][PASSED] - nextButton = driver.findElement(By.xpath("//li/a/span[@id='returnToActionLabel']")): null

2019-08-26 19:45:21 - [TEST_STEP][PASSED] - executor.executeScript("arguments[0].click();", nextButton): null

2019-08-26 19:45:21 - [TEST_STEP][PASSED] - delay(3): Delayed 3 second(s)

2019-08-26 19:45:24 - [MESSAGE][PASSED] - Delayed 3 second(s)

2019-08-26 19:45:24 - [TEST_STEP][PASSED] - click(findTestObject("Object Repository/Page_cabi Retail Store/span_quick_entry")): Object: 'Object Repository/Page_cabi Retail Store/span_quick_entry' is clicked on

2019-08-26 19:45:27 - [MESSAGE][PASSED] - Object: 'Object Repository/Page_cabi Retail Store/span_quick_entry' is clicked on

2019-08-26 19:45:27 - [TEST_STEP][PASSED] - delay(3): Delayed 3 second(s)

2019-08-26 19:45:30 - [MESSAGE][PASSED] - Delayed 3 second(s)

2019-08-26 19:45:30 - [TEST_STEP][PASSED] - emptyCart = findWebElements(findTestObject("Object Repository/Page_cabi Personal Store/removeFromCart"), 5): Unable to find the element located by 'By.xpath: //*[@id="removeFromCart_0"]/span'. Please recheck the objects properties to make sure the desired element is located. 

2019-08-26 19:45:36 - [MESSAGE][INFO] - Unable to find the element located by 'By.xpath: //*[@id="removeFromCart_0"]/span'. Please recheck the objects properties to make sure the desired element is located. 

2019-08-26 19:45:36 - [TEST_STEP][PASSED] - if (emptyCart.size() > 0): null

2019-08-26 19:45:36 - [TEST_STEP][PASSED] - addOnStyle = findTestData("miscData").getValue("addOnStyle", 1): null

2019-08-26 19:45:36 - [TEST_STEP][PASSED] - addOnStyle2 = findTestData("miscData").getValue("addOnStyle", 2): null

2019-08-26 19:45:36 - [TEST_STEP][PASSED] - setText(findTestObject("Object Repository/Page_cabi Create Order/input_Manual Discount_stylelookup_0"), addOnStyle): Text '3701' is set on object 'Object Repository/Page_cabi Create Order/input_Manual Discount_stylelookup_0'

2019-08-26 19:45:36 - [MESSAGE][PASSED] - Text '3701' is set on object 'Object Repository/Page_cabi Create Order/input_Manual Discount_stylelookup_0'

2019-08-26 19:45:36 - [TEST_STEP][PASSED] - delay(2): Delayed 2 second(s)

2019-08-26 19:45:38 - [MESSAGE][PASSED] - Delayed 2 second(s)

2019-08-26 19:45:38 - [TEST_STEP][PASSED] - sendKeys(findTestObject("Object Repository/Page_cabi Create Order/input_Manual Discount_stylelookup_0"), Keys.chord(ARROW_DOWN)): Keys 'DOWN + ' sent to object: 'Object Repository/Page_cabi Create Order/input_Manual Discount_stylelookup_0'

2019-08-26 19:45:38 - [MESSAGE][PASSED] - Keys 'DOWN + ' sent to object: 'Object Repository/Page_cabi Create Order/input_Manual Discount_stylelookup_0'

2019-08-26 19:45:38 - [TEST_STEP][PASSED] - delay(2): Delayed 2 second(s)

2019-08-26 19:45:40 - [MESSAGE][PASSED] - Delayed 2 second(s)

2019-08-26 19:45:40 - [TEST_STEP][PASSED] - sendKeys(findTestObject("Object Repository/Page_cabi Create Order/input_Manual Discount_stylelookup_0"), Keys.chord(ARROW_DOWN)): Keys 'DOWN + ' sent to object: 'Object Repository/Page_cabi Create Order/input_Manual Discount_stylelookup_0'

2019-08-26 19:45:40 - [MESSAGE][PASSED] - Keys 'DOWN + ' sent to object: 'Object Repository/Page_cabi Create Order/input_Manual Discount_stylelookup_0'

2019-08-26 19:45:40 - [TEST_STEP][PASSED] - sendKeys(findTestObject("Object Repository/Page_cabi Create Order/input_Manual Discount_stylelookup_0"), Keys.chord(ENTER)): Keys 'ENTER + ' sent to object: 'Object Repository/Page_cabi Create Order/input_Manual Discount_stylelookup_0'

2019-08-26 19:45:40 - [MESSAGE][PASSED] - Keys 'ENTER + ' sent to object: 'Object Repository/Page_cabi Create Order/input_Manual Discount_stylelookup_0'

2019-08-26 19:45:40 - [TEST_STEP][PASSED] - delay(5): Delayed 5 second(s)

2019-08-26 19:45:45 - [MESSAGE][PASSED] - Delayed 5 second(s)

2019-08-26 19:45:45 - [TEST_STEP][PASSED] - click(findTestObject("Object Repository/Page_cabi Order Items/selectSize")): Object: 'Object Repository/Page_cabi Order Items/selectSize' is clicked on

2019-08-26 19:45:45 - [MESSAGE][PASSED] - Object: 'Object Repository/Page_cabi Order Items/selectSize' is clicked on

2019-08-26 19:45:45 - [TEST_STEP][PASSED] - delay(3): Delayed 3 second(s)

2019-08-26 19:45:48 - [MESSAGE][PASSED] - Delayed 3 second(s)

2019-08-26 19:45:48 - [TEST_STEP][PASSED] - click(findTestObject("Object Repository/Page_cabi Order Items/span_Add to Cart")): Object: 'Object Repository/Page_cabi Order Items/span_Add to Cart' is clicked on

2019-08-26 19:45:48 - [MESSAGE][PASSED] - Object: 'Object Repository/Page_cabi Order Items/span_Add to Cart' is clicked on

2019-08-26 19:45:48 - [TEST_STEP][PASSED] - delay(5): Delayed 5 second(s)

2019-08-26 19:45:53 - [MESSAGE][PASSED] - Delayed 5 second(s)

2019-08-26 19:45:53 - [TEST_STEP][PASSED] - click(findTestObject("Object Repository/Page_cabi Create Order/inputStyleLookup1")): Object: 'Object Repository/Page_cabi Create Order/inputStyleLookup1' is clicked on

2019-08-26 19:45:53 - [MESSAGE][PASSED] - Object: 'Object Repository/Page_cabi Create Order/inputStyleLookup1' is clicked on

2019-08-26 19:45:53 - [TEST_STEP][PASSED] - setText(findTestObject("Object Repository/Page_cabi Create Order/inputStyleLookup1"), addOnStyle2): Text '3703' is set on object 'Object Repository/Page_cabi Create Order/inputStyleLookup1'

2019-08-26 19:45:54 - [MESSAGE][PASSED] - Text '3703' is set on object 'Object Repository/Page_cabi Create Order/inputStyleLookup1'

2019-08-26 19:45:54 - [TEST_STEP][PASSED] - delay(3): Delayed 3 second(s)

2019-08-26 19:45:57 - [MESSAGE][PASSED] - Delayed 3 second(s)

2019-08-26 19:45:57 - [TEST_STEP][PASSED] - prod_message2 = getText(findTestObject("Page_cabi Create Order/first_option")): Text of object 'Object Repository/Page_cabi Create Order/first_option' is: '3703 Turn Back Cardigan'

2019-08-26 19:45:57 - [MESSAGE][PASSED] - Text of object 'Object Repository/Page_cabi Create Order/first_option' is: '3703 Turn Back Cardigan'

2019-08-26 19:45:57 - [TEST_STEP][PASSED] - click(findTestObject("Page_cabi Create Order/first_option")): Object: 'Object Repository/Page_cabi Create Order/first_option' is clicked on

2019-08-26 19:45:57 - [MESSAGE][PASSED] - Object: 'Object Repository/Page_cabi Create Order/first_option' is clicked on

2019-08-26 19:45:57 - [TEST_STEP][PASSED] - delay(5): Delayed 5 second(s)

2019-08-26 19:46:02 - [MESSAGE][PASSED] - Delayed 5 second(s)

2019-08-26 19:46:02 - [TEST_STEP][PASSED] - click(findTestObject("Object Repository/Page_cabi Order Items/selectSize2")): Object: 'Object Repository/Page_cabi Order Items/selectSize2' is clicked on

2019-08-26 19:46:02 - [MESSAGE][PASSED] - Object: 'Object Repository/Page_cabi Order Items/selectSize2' is clicked on

2019-08-26 19:46:02 - [TEST_STEP][PASSED] - delay(3): Delayed 3 second(s)

2019-08-26 19:46:05 - [MESSAGE][PASSED] - Delayed 3 second(s)

2019-08-26 19:46:05 - [TEST_STEP][PASSED] - click(findTestObject("Object Repository/Page_cabi Order Items/addToCart2")): Object: 'Object Repository/Page_cabi Order Items/addToCart2' is clicked on

2019-08-26 19:46:05 - [MESSAGE][PASSED] - Object: 'Object Repository/Page_cabi Order Items/addToCart2' is clicked on

2019-08-26 19:46:05 - [TEST_STEP][PASSED] - delay(5): Delayed 5 second(s)

2019-08-26 19:46:10 - [MESSAGE][PASSED] - Delayed 5 second(s)

2019-08-26 19:46:10 - [TEST_STEP][PASSED] - if (editScenarioNumber == 1): null

2019-08-26 19:46:10 - [TEST_STEP][PASSED] - else if (editScenarioNumber == 2): null

2019-08-26 19:46:10 - [TEST_STEP][PASSED] - else if (editScenarioNumber == 3): null

2019-08-26 19:46:10 - [TEST_STEP][PASSED] - else if (editScenarioNumber == 4): null

2019-08-26 19:46:10 - [TEST_STEP][PASSED] - else if (editScenarioNumber == 5): null

2019-08-26 19:46:10 - [TEST_STEP][PASSED] - click(findTestObject("Object Repository/Page_cabi Order Items/a_checkout")): Object: 'Object Repository/Page_cabi Order Items/a_checkout' is clicked on

2019-08-26 19:46:12 - [MESSAGE][PASSED] - Object: 'Object Repository/Page_cabi Order Items/a_checkout' is clicked on

2019-08-26 19:46:12 - [TEST_STEP][PASSED] - delay(3): Delayed 3 second(s)

2019-08-26 19:46:15 - [MESSAGE][PASSED] - Delayed 3 second(s)

2019-08-26 19:46:15 - [TEST_STEP][PASSED] - click(findTestObject("Page_cabi Personal Store/nextButtonShipping")): Object: 'Object Repository/Page_cabi Personal Store/nextButtonShipping' is clicked on

2019-08-26 19:46:15 - [MESSAGE][PASSED] - Object: 'Object Repository/Page_cabi Personal Store/nextButtonShipping' is clicked on

2019-08-26 19:46:15 - [TEST_STEP][PASSED] - delay(3): Delayed 3 second(s)

2019-08-26 19:46:18 - [MESSAGE][PASSED] - Delayed 3 second(s)

2019-08-26 19:46:18 - [TEST_STEP][PASSED] - click(findTestObject("Page_cabi Personal Store/makeFirstPayment")): Object: 'Object Repository/Page_cabi Personal Store/makeFirstPayment' is clicked on

2019-08-26 19:46:18 - [MESSAGE][PASSED] - Object: 'Object Repository/Page_cabi Personal Store/makeFirstPayment' is clicked on

2019-08-26 19:46:18 - [TEST_STEP][PASSED] - click(findTestObject("Object Repository/Page_cabi Personal Store/select_cash")): Object: 'Object Repository/Page_cabi Personal Store/select_cash' is clicked on

2019-08-26 19:46:18 - [MESSAGE][PASSED] - Object: 'Object Repository/Page_cabi Personal Store/select_cash' is clicked on

2019-08-26 19:46:18 - [TEST_STEP][PASSED] - click(findTestObject("Page_cabi Personal Store/submitPayment")): Object: 'Object Repository/Page_cabi Personal Store/submitPayment' is clicked on

2019-08-26 19:46:18 - [MESSAGE][PASSED] - Object: 'Object Repository/Page_cabi Personal Store/submitPayment' is clicked on

2019-08-26 19:46:18 - [TEST_STEP][PASSED] - click(findTestObject("Page_cabi Personal Store/submitOrderId")): Object: 'Object Repository/Page_cabi Personal Store/submitOrderId' is clicked on

2019-08-26 19:46:21 - [MESSAGE][PASSED] - Object: 'Object Repository/Page_cabi Personal Store/submitOrderId' is clicked on

2019-08-26 19:46:21 - [TEST_STEP][PASSED] - successMsg = "": null

2019-08-26 19:46:21 - [TEST_STEP][PASSED] - orderSuccess = false: null

2019-08-26 19:46:21 - [TEST_STEP][PASSED] - successMsgs = findWebElements(findTestObject("Object Repository/Page_cabi Personal Store/p_success_msg"), 5): null

2019-08-26 19:46:21 - [TEST_STEP][PASSED] - if (successMsgs.size() > 0): Text of object 'Object Repository/Page_cabi Personal Store/p_order_id' is: 'RT708165510'

2019-08-26 19:46:21 - [TEST_STEP][PASSED] - successMsg = getText(findTestObject("Object Repository/Page_cabi Personal Store/p_success_msg")): Text of object 'Object Repository/Page_cabi Personal Store/p_success_msg' is: 'Order Created Successfully!!
Order #:  RT708165510

CONTINUE SHOPPING'

2019-08-26 19:46:21 - [MESSAGE][PASSED] - Text of object 'Object Repository/Page_cabi Personal Store/p_success_msg' is: 'Order Created Successfully!!
Order #:  RT708165510

CONTINUE SHOPPING'

2019-08-26 19:46:21 - [TEST_STEP][PASSED] - orderSuccess = true: null

2019-08-26 19:46:21 - [TEST_STEP][PASSED] - retailOrderID = getText(findTestObject("Object Repository/Page_cabi Personal Store/p_order_id")): Text of object 'Object Repository/Page_cabi Personal Store/p_order_id' is: 'RT708165510'

2019-08-26 19:46:21 - [MESSAGE][PASSED] - Text of object 'Object Repository/Page_cabi Personal Store/p_order_id' is: 'RT708165510'

2019-08-26 19:46:22 - [TEST_STEP][PASSED] - assert orderSuccess == true: null

2019-08-26 19:46:22 - [TEST_STEP][NOT_RUN] - closeBrowser(): NOT_RUN: closeBrowser()

2019-08-26 19:46:22 - [MESSAGE][NOT_RUN] - NOT_RUN: closeBrowser()

2019-08-26 19:46:22 - [MESSAGE][PASSED] - Call Test Case 'Test Cases/EditOrder/retailOrderBO' successfully

2019-08-26 19:46:22 - [TEST_STEP][INCOMPLETE] - delay(10): null]]></system-out>
         <system-err><![CDATA[2019-08-26 19:44:17 - [TEST_CASE][INCOMPLETE] - Test Cases/EditOrder/rsEditOrderPartialShip: null]]></system-err>
      </testcase>
      <system-out><![CDATA[2019-08-26 19:44:17 - [TEST_SUITE][INCOMPLETE] - EditOrderSuite: null]]></system-out>
      <system-err><![CDATA[2019-08-26 19:44:17 - [TEST_SUITE][INCOMPLETE] - EditOrderSuite: null]]></system-err>
   </testsuite>
</testsuites>
