<?xml version="1.0" encoding="UTF-8"?>
<testsuites name="NewArrivalsSuite" time="2892" tests="3" failures="4" errors="0">
   <testsuite name="NewArrivalsSuite" tests="3" failures="4" errors="0" time="2892" timestamp="2019-06-27 17:16:38" hostname="user - 10.0.102.159" id="Test Suites/NewArrivalsSuites/NewArrivalsSuite">
      <properties>
         <property name="deviceName" value=""/>
         <property name="devicePlatform" value=""/>
         <property name="logFolder" value="C:\\Users\\user\\Documents\\testautomation\\KatalonProjects\\Reports\\NewArrivalsSuites\\NewArrivalsSuite\\20190627_171634"/>
         <property name="logFiles" value="C:\\Users\\user\\Documents\\testautomation\\KatalonProjects\\Reports\\NewArrivalsSuites\\NewArrivalsSuite\\20190627_171634\\execution0.log"/>
         <property name="attachments" value="C:\\Users\\user\\Documents\\testautomation\\KatalonProjects\\productImages\\BOPersonal_5618 image.png, C:\\Users\\user\\Documents\\testautomation\\KatalonProjects\\productImages\\BOPersonal_5618 image.png, C:\\Users\\user\\Documents\\testautomation\\KatalonProjects\\productImages\\BOPersonal_5618 image.png, C:\\Users\\user\\Documents\\testautomation\\KatalonProjects\\productImages\\BOPersonal_5618 image.png, C:\\Users\\user\\Documents\\testautomation\\KatalonProjects\\Reports\\NewArrivalsSuites\\NewArrivalsSuite\\20190627_171634\\1561636763838.png, C:\\Users\\user\\Documents\\testautomation\\KatalonProjects\\Reports\\NewArrivalsSuites\\NewArrivalsSuite\\20190627_171634\\1561636828867.png, C:\\Users\\user\\Documents\\testautomation\\KatalonProjects\\Reports\\NewArrivalsSuites\\NewArrivalsSuite\\20190627_171634\\1561638889876.png"/>
         <property name="hostName" value="user - 10.0.102.159"/>
         <property name="os" value="Windows 8.1 64bit"/>
         <property name="katalonVersion" value="6.1.1.1"/>
         <property name="browser" value="Chrome 75.0.3770.100"/>
         <property name="hostAddress" value="10.0.102.159"/>
         <property name="sessionId" value="23ab4afb312630037dc41a539958f6f5"/>
         <property name="seleniumVersion" value="3.7.1"/>
         <property name="proxyInformation" value="ProxyInformation{proxyOption=NO_PROXY, proxyServerType=HTTP, password=, proxyServerAddress=, proxyServerPort=0}"/>
         <property name="platform" value="Windows 8.1"/>
      </properties>
      <testcase name="Test Cases/NewArrival/BOOnline" classname="Test Cases/NewArrival/BOOnline" status="PASSED">
         <system-out><![CDATA[2019-06-27 17:16:39 - [TEST_CASE][PASSED] - Test Cases/NewArrival/BOOnline: Test Cases/NewArrival/BOOnline

2019-06-27 17:16:39 - [TEST_STEP][PASSED] - Start listener action : sampleBeforeTestCase: null

2019-06-27 17:16:39 - [TEST_STEP][PASSED] - println(testCaseContext.getTestCaseId()): null

2019-06-27 17:16:39 - [TEST_STEP][PASSED] - println(testCaseContext.getTestCaseVariables()): null

2019-06-27 17:16:39 - [TEST_STEP][PASSED] - openBrowser(""): Browser is opened with url: ''

2019-06-27 17:16:40 - [MESSAGE][INFO] - Starting 'Chrome' driver

2019-06-27 17:16:40 - [MESSAGE][INFO] - User set preference: ['args', '[--use-fake-ui-for-media-stream, --start-maximized]']

2019-06-27 17:16:40 - [MESSAGE][INFO] - Action delay is set to 0 seconds

2019-06-27 17:16:44 - [MESSAGE][PASSED] - Browser is opened with url: ''

2019-06-27 17:16:44 - [TEST_STEP][PASSED] - for ([timeRow = 1, timeRow <= findTestData("timezoneData").getRowNumbers(), (timeRow++)]): Call Test Case 'Test Cases/NewArrival/productVerify' successfully

2019-06-27 17:16:45 - [TEST_STEP][PASSED] - callTestCase(findTestCase("NewArrival/populateTimeGlobalVars"), ["row":timeRow], STOP_ON_FAILURE): Call Test Case 'Test Cases/NewArrival/populateTimeGlobalVars' successfully

2019-06-27 17:16:45 - [TEST_CASE][PASSED] - Test Cases/NewArrival/populateTimeGlobalVars: Test Cases/NewArrival/populateTimeGlobalVars

2019-06-27 17:16:46 - [TEST_STEP][PASSED] - dataFile = "timezoneData": null

2019-06-27 17:16:46 - [TEST_STEP][PASSED] - serverTarget = UtilityMethods.getTestData(dataFile, "serverTarget", row): null

2019-06-27 17:16:46 - [TEST_STEP][PASSED] - orderType = UtilityMethods.getTestData(dataFile, "orderType", row): null

2019-06-27 17:16:47 - [TEST_STEP][PASSED] - timeZone = UtilityMethods.getTestData(dataFile, "timeZone", row): null

2019-06-27 17:16:47 - [TEST_STEP][PASSED] - BOPersonal = UtilityMethods.getTestData(dataFile, "BOPersonal", row): null

2019-06-27 17:16:47 - [TEST_STEP][PASSED] - BOAddonPersonal = UtilityMethods.getTestData(dataFile, "BOAddonPersonal", row): null

2019-06-27 17:16:47 - [TEST_STEP][PASSED] - BOAddonRetail = UtilityMethods.getTestData(dataFile, "BOAddonRetail", row): null

2019-06-27 17:16:47 - [TEST_STEP][PASSED] - BORetail = UtilityMethods.getTestData(dataFile, "BORetail", row): null

2019-06-27 17:16:47 - [TEST_STEP][PASSED] - BOShow = UtilityMethods.getTestData(dataFile, "BOShow", row): null

2019-06-27 17:16:47 - [TEST_STEP][PASSED] - BOOnlineoutlet = UtilityMethods.getTestData(dataFile, "BOOnlineoutlet", row): null

2019-06-27 17:16:47 - [TEST_STEP][PASSED] - BOEmployee = UtilityMethods.getTestData(dataFile, "BOEmployee", row): null

2019-06-27 17:16:47 - [TEST_STEP][PASSED] - CCPersonal = UtilityMethods.getTestData(dataFile, "CCPersonal", row): null

2019-06-27 17:16:47 - [TEST_STEP][PASSED] - CCRetail = UtilityMethods.getTestData(dataFile, "CCRetail", row): null

2019-06-27 17:16:47 - [TEST_STEP][PASSED] - CCShow = UtilityMethods.getTestData(dataFile, "CCShow", row): null

2019-06-27 17:16:47 - [TEST_STEP][PASSED] - BOEblast = UtilityMethods.getTestData(dataFile, "BOEblast", row): null

2019-06-27 17:16:47 - [MESSAGE][PASSED] - Call Test Case 'Test Cases/NewArrival/populateTimeGlobalVars' successfully

2019-06-27 17:16:47 - [TEST_STEP][PASSED] - callTestCase(findTestCase("NewArrival/setTimezone"), ["ofbizURL":"", "ofbizuser":"", "ofbizpass":"", "orderType":orderType, "timeZone":timeZone, "serverTarget":serverTarget], STOP_ON_FAILURE): Call Test Case 'Test Cases/NewArrival/setTimezone' successfully

2019-06-27 17:16:47 - [TEST_CASE][PASSED] - Test Cases/NewArrival/setTimezone: Test Cases/NewArrival/setTimezone

2019-06-27 17:16:47 - [TEST_STEP][NOT_RUN] - openBrowser(""): NOT_RUN: openBrowser("")

2019-06-27 17:16:47 - [MESSAGE][NOT_RUN] - NOT_RUN: openBrowser("")

2019-06-27 17:16:47 - [TEST_STEP][NOT_RUN] - maximizeWindow(): NOT_RUN: maximizeWindow()

2019-06-27 17:16:47 - [MESSAGE][NOT_RUN] - NOT_RUN: maximizeWindow()

2019-06-27 17:16:47 - [TEST_STEP][PASSED] - ofbizURL = findTestData("credData").getValue("ofbizURL", 1): null

2019-06-27 17:16:48 - [TEST_STEP][PASSED] - ofbizuser = findTestData("credData").getValue("ofbizuser", 1): null

2019-06-27 17:16:48 - [TEST_STEP][PASSED] - ofbizpass = findTestData("credData").getValue("ofbizpass", 1): null

2019-06-27 17:16:48 - [TEST_STEP][PASSED] - navigateToUrl(ofbizURL): Navigate to 'https://pushofbiz.cliotest.com/login.php' successfully

2019-06-27 17:16:50 - [MESSAGE][PASSED] - Navigate to 'https://pushofbiz.cliotest.com/login.php' successfully

2019-06-27 17:16:50 - [TEST_STEP][PASSED] - setText(findTestObject("Page_/input_Username_username"), ofbizuser): Text 'automation' is set on object 'Object Repository/Page_/input_Username_username'

2019-06-27 17:16:50 - [MESSAGE][PASSED] - Text 'automation' is set on object 'Object Repository/Page_/input_Username_username'

2019-06-27 17:16:50 - [TEST_STEP][PASSED] - setText(findTestObject("Page_/input_Password_password"), ofbizpass): Text 'cabiautomation' is set on object 'Object Repository/Page_/input_Password_password'

2019-06-27 17:16:50 - [MESSAGE][PASSED] - Text 'cabiautomation' is set on object 'Object Repository/Page_/input_Password_password'

2019-06-27 17:16:50 - [TEST_STEP][PASSED] - click(findTestObject("Page_/input_Password_Submit")): Object: 'Object Repository/Page_/input_Password_Submit' is clicked on

2019-06-27 17:16:54 - [MESSAGE][PASSED] - Object: 'Object Repository/Page_/input_Password_Submit' is clicked on

2019-06-27 17:16:54 - [TEST_STEP][PASSED] - click(findTestObject("Object Repository/Page_/a_Clock set")): Object: 'Object Repository/Page_/a_Clock set' is clicked on

2019-06-27 17:16:55 - [MESSAGE][PASSED] - Object: 'Object Repository/Page_/a_Clock set' is clicked on

2019-06-27 17:16:55 - [TEST_STEP][PASSED] - click(UtilityMethods.createTestObject("select_target", "//select[@name='Target']/option[contains(text(), '", serverTarget, "')]")): Object: 'select_target' is clicked on

2019-06-27 17:16:55 - [MESSAGE][PASSED] - Object: 'select_target' is clicked on

2019-06-27 17:16:55 - [TEST_STEP][PASSED] - click(findTestObject("Page_/thisDateAndTime")): Object: 'Object Repository/Page_/thisDateAndTime' is clicked on

2019-06-27 17:16:55 - [MESSAGE][PASSED] - Object: 'Object Repository/Page_/thisDateAndTime' is clicked on

2019-06-27 17:16:55 - [TEST_STEP][PASSED] - setText(findTestObject("Object Repository/Page_/setTargetTime"), timeZone): Text ' 04/17/2019 7:00' is set on object 'Object Repository/Page_/setTargetTime'

2019-06-27 17:16:56 - [MESSAGE][PASSED] - Text ' 04/17/2019 7:00' is set on object 'Object Repository/Page_/setTargetTime'

2019-06-27 17:16:56 - [TEST_STEP][PASSED] - click(findTestObject("Object Repository/Page_/input")): Object: 'Object Repository/Page_/input' is clicked on

2019-06-27 17:16:56 - [MESSAGE][PASSED] - Object: 'Object Repository/Page_/input' is clicked on

2019-06-27 17:16:56 - [TEST_STEP][PASSED] - delay(10): Delayed 10 second(s)

2019-06-27 17:17:06 - [MESSAGE][PASSED] - Delayed 10 second(s)

2019-06-27 17:17:06 - [TEST_STEP][NOT_RUN] - closeBrowser(): NOT_RUN: closeBrowser()

2019-06-27 17:17:06 - [MESSAGE][NOT_RUN] - NOT_RUN: closeBrowser()

2019-06-27 17:17:07 - [MESSAGE][PASSED] - Call Test Case 'Test Cases/NewArrival/setTimezone' successfully

2019-06-27 17:17:07 - [TEST_STEP][PASSED] - callTestCase(findTestCase("TestCaseUtilities/backOfficeLogin"), ["BOURL":"", "BOuser":"", "BOpass":""], STOP_ON_FAILURE): Call Test Case 'Test Cases/TestCaseUtilities/backOfficeLogin' successfully

2019-06-27 17:17:07 - [TEST_CASE][PASSED] - Test Cases/TestCaseUtilities/backOfficeLogin: Test Cases/TestCaseUtilities/backOfficeLogin

2019-06-27 17:17:07 - [TEST_STEP][PASSED] - BOURL = findTestData("credData").getValue("BOURL", 1): null

2019-06-27 17:17:07 - [TEST_STEP][PASSED] - BOuser = findTestData("credData").getValue("BOuser", 1): null

2019-06-27 17:17:07 - [TEST_STEP][PASSED] - BOpass = findTestData("credData").getValue("BOpass", 1): null

2019-06-27 17:17:07 - [TEST_STEP][PASSED] - navigateToUrl(BOURL): Navigate to 'https://test14.cliotest.com/backoffice/control/main' successfully

2019-06-27 17:17:17 - [MESSAGE][PASSED] - Navigate to 'https://test14.cliotest.com/backoffice/control/main' successfully

2019-06-27 17:17:17 - [TEST_STEP][PASSED] - logOut = findWebElements(findTestObject("Object Repository/Page_cabi Home/log_out"), 1): Unable to find the element located by 'By.xpath: //a[contains(text(),'Log Out')]'. Please recheck the objects properties to make sure the desired element is located. 

2019-06-27 17:17:18 - [MESSAGE][INFO] - Unable to find the element located by 'By.xpath: //a[contains(text(),'Log Out')]'. Please recheck the objects properties to make sure the desired element is located. 

2019-06-27 17:17:18 - [TEST_STEP][PASSED] - if (logOut.size() == 0): Object: 'Object Repository/Page_cabi/input_Welcome to_consultantLogin' is clicked on

2019-06-27 17:17:18 - [TEST_STEP][PASSED] - setText(findTestObject("Page_cabi/input_Welcome to_USERNAME"), BOuser): Text '400000002' is set on object 'Object Repository/Page_cabi/input_Welcome to_USERNAME'

2019-06-27 17:17:18 - [MESSAGE][PASSED] - Text '400000002' is set on object 'Object Repository/Page_cabi/input_Welcome to_USERNAME'

2019-06-27 17:17:18 - [TEST_STEP][PASSED] - setText(findTestObject("Object Repository/Page_cabi/input_Welcome to_PASSWORD"), BOpass): Text 'blackdress19' is set on object 'Object Repository/Page_cabi/input_Welcome to_PASSWORD'

2019-06-27 17:17:19 - [MESSAGE][PASSED] - Text 'blackdress19' is set on object 'Object Repository/Page_cabi/input_Welcome to_PASSWORD'

2019-06-27 17:17:19 - [TEST_STEP][PASSED] - click(findTestObject("Object Repository/Page_cabi/input_Welcome to_consultantLogin")): Object: 'Object Repository/Page_cabi/input_Welcome to_consultantLogin' is clicked on

2019-06-27 17:17:31 - [MESSAGE][PASSED] - Object: 'Object Repository/Page_cabi/input_Welcome to_consultantLogin' is clicked on

2019-06-27 17:17:31 - [TEST_STEP][PASSED] - delay(3): Delayed 3 second(s)

2019-06-27 17:17:34 - [MESSAGE][PASSED] - Delayed 3 second(s)

2019-06-27 17:17:34 - [MESSAGE][PASSED] - Call Test Case 'Test Cases/TestCaseUtilities/backOfficeLogin' successfully

2019-06-27 17:17:34 - [TEST_STEP][PASSED] - click(findTestObject("Object Repository/Page_cabi Home/a_Shows  Orders")): Object: 'Object Repository/Page_cabi Home/a_Shows  Orders' is clicked on

2019-06-27 17:17:34 - [MESSAGE][PASSED] - Object: 'Object Repository/Page_cabi Home/a_Shows  Orders' is clicked on

2019-06-27 17:17:34 - [TEST_STEP][PASSED] - delay(3): Delayed 3 second(s)

2019-06-27 17:17:37 - [MESSAGE][PASSED] - Delayed 3 second(s)

2019-06-27 17:17:37 - [TEST_STEP][PASSED] - rightClick(findTestObject("Page_cabi Home/a_online_outline_purchases")): Object: 'Object Repository/Page_cabi Home/a_online_outline_purchases' is right clicked on

2019-06-27 17:17:38 - [MESSAGE][PASSED] - Object: 'Object Repository/Page_cabi Home/a_online_outline_purchases' is right clicked on

2019-06-27 17:17:38 - [TEST_STEP][PASSED] - click(findTestObject("Page_cabi Home/a_online_outline_purchases")): Object: 'Object Repository/Page_cabi Home/a_online_outline_purchases' is clicked on

2019-06-27 17:17:44 - [MESSAGE][PASSED] - Object: 'Object Repository/Page_cabi Home/a_online_outline_purchases' is clicked on

2019-06-27 17:17:44 - [TEST_STEP][PASSED] - click(findTestObject("Object Repository/Page_cabi Online Outlet Store/span_Continue to Order")): Object: 'Object Repository/Page_cabi Online Outlet Store/span_Continue to Order' is clicked on

2019-06-27 17:17:45 - [MESSAGE][PASSED] - Object: 'Object Repository/Page_cabi Online Outlet Store/span_Continue to Order' is clicked on

2019-06-27 17:17:45 - [TEST_STEP][PASSED] - callTestCase(findTestCase("NewArrival/productVerify"), ["available":BOOnlineoutlet, "storeType":"BOOnlineoutlet"], STOP_ON_FAILURE): Call Test Case 'Test Cases/NewArrival/productVerify' successfully

2019-06-27 17:17:45 - [TEST_CASE][PASSED] - Test Cases/NewArrival/productVerify: Test Cases/NewArrival/productVerify

2019-06-27 17:17:47 - [TEST_STEP][PASSED] - for ([row = 1, row <= findTestData("productData").getRowNumbers(), (row++)]): Actual text and expected text of test object 'Object Repository/Page_cabi Order Items/no_result_found' are matched.

2019-06-27 17:17:47 - [TEST_STEP][PASSED] - setText(findTestObject("Object Repository/Page_cabi Order Items/input_New Arrivals - Blooming Blush_style"), findTestData("productData").getValue("Style", row)): Text '5618' is set on object 'Object Repository/Page_cabi Order Items/input_New Arrivals - Blooming Blush_style'

2019-06-27 17:17:49 - [MESSAGE][PASSED] - Text '5618' is set on object 'Object Repository/Page_cabi Order Items/input_New Arrivals - Blooming Blush_style'

2019-06-27 17:17:49 - [TEST_STEP][PASSED] - sendKeys(findTestObject("Object Repository/Page_cabi Order Items/input_New Arrivals - Blooming Blush_style"), Keys.chord(ENTER)): Keys 'ENTER + ' sent to object: 'Object Repository/Page_cabi Order Items/input_New Arrivals - Blooming Blush_style'

2019-06-27 17:17:49 - [MESSAGE][PASSED] - Keys 'ENTER + ' sent to object: 'Object Repository/Page_cabi Order Items/input_New Arrivals - Blooming Blush_style'

2019-06-27 17:17:49 - [TEST_STEP][PASSED] - delay(5): Delayed 5 second(s)

2019-06-27 17:17:54 - [MESSAGE][PASSED] - Delayed 5 second(s)

2019-06-27 17:17:54 - [TEST_STEP][PASSED] - if (toString().equalsIgnoreCase("no")): Actual text and expected text of test object 'Object Repository/Page_cabi Order Items/no_result_found' are matched.

2019-06-27 17:17:54 - [TEST_STEP][PASSED] - noResultMessages = findWebElements(findTestObject("Page_cabi Order Items/no_result_found"), 5): null

2019-06-27 17:17:55 - [TEST_STEP][PASSED] - assert noResultMessages.size() > 0: null

2019-06-27 17:17:55 - [TEST_STEP][PASSED] - verifyElementText(findTestObject("Page_cabi Order Items/no_result_found"), "No Results Found!"): Actual text and expected text of test object 'Object Repository/Page_cabi Order Items/no_result_found' are matched.

2019-06-27 17:17:55 - [MESSAGE][PASSED] - Actual text and expected text of test object 'Object Repository/Page_cabi Order Items/no_result_found' are matched.

2019-06-27 17:17:55 - [MESSAGE][PASSED] - Call Test Case 'Test Cases/NewArrival/productVerify' successfully

2019-06-27 17:17:55 - [TEST_STEP][PASSED] - callTestCase(findTestCase("NewArrival/populateTimeGlobalVars"), ["row":timeRow], STOP_ON_FAILURE): Call Test Case 'Test Cases/NewArrival/populateTimeGlobalVars' successfully

2019-06-27 17:17:55 - [TEST_CASE][PASSED] - Test Cases/NewArrival/populateTimeGlobalVars: Test Cases/NewArrival/populateTimeGlobalVars

2019-06-27 17:17:55 - [TEST_STEP][PASSED] - dataFile = "timezoneData": null

2019-06-27 17:17:55 - [TEST_STEP][PASSED] - serverTarget = UtilityMethods.getTestData(dataFile, "serverTarget", row): null

2019-06-27 17:17:55 - [TEST_STEP][PASSED] - orderType = UtilityMethods.getTestData(dataFile, "orderType", row): null

2019-06-27 17:17:55 - [TEST_STEP][PASSED] - timeZone = UtilityMethods.getTestData(dataFile, "timeZone", row): null

2019-06-27 17:17:56 - [TEST_STEP][PASSED] - BOPersonal = UtilityMethods.getTestData(dataFile, "BOPersonal", row): null

2019-06-27 17:17:56 - [TEST_STEP][PASSED] - BOAddonPersonal = UtilityMethods.getTestData(dataFile, "BOAddonPersonal", row): null

2019-06-27 17:17:56 - [TEST_STEP][PASSED] - BOAddonRetail = UtilityMethods.getTestData(dataFile, "BOAddonRetail", row): null

2019-06-27 17:17:56 - [TEST_STEP][PASSED] - BORetail = UtilityMethods.getTestData(dataFile, "BORetail", row): null

2019-06-27 17:17:56 - [TEST_STEP][PASSED] - BOShow = UtilityMethods.getTestData(dataFile, "BOShow", row): null

2019-06-27 17:17:56 - [TEST_STEP][PASSED] - BOOnlineoutlet = UtilityMethods.getTestData(dataFile, "BOOnlineoutlet", row): null

2019-06-27 17:17:56 - [TEST_STEP][PASSED] - BOEmployee = UtilityMethods.getTestData(dataFile, "BOEmployee", row): null

2019-06-27 17:17:56 - [TEST_STEP][PASSED] - CCPersonal = UtilityMethods.getTestData(dataFile, "CCPersonal", row): null

2019-06-27 17:17:56 - [TEST_STEP][PASSED] - CCRetail = UtilityMethods.getTestData(dataFile, "CCRetail", row): null

2019-06-27 17:17:56 - [TEST_STEP][PASSED] - CCShow = UtilityMethods.getTestData(dataFile, "CCShow", row): null

2019-06-27 17:17:56 - [TEST_STEP][PASSED] - BOEblast = UtilityMethods.getTestData(dataFile, "BOEblast", row): null

2019-06-27 17:17:56 - [MESSAGE][PASSED] - Call Test Case 'Test Cases/NewArrival/populateTimeGlobalVars' successfully

2019-06-27 17:17:56 - [TEST_STEP][PASSED] - callTestCase(findTestCase("NewArrival/setTimezone"), ["ofbizURL":"", "ofbizuser":"", "ofbizpass":"", "orderType":orderType, "timeZone":timeZone, "serverTarget":serverTarget], STOP_ON_FAILURE): Call Test Case 'Test Cases/NewArrival/setTimezone' successfully

2019-06-27 17:17:56 - [TEST_CASE][PASSED] - Test Cases/NewArrival/setTimezone: Test Cases/NewArrival/setTimezone

2019-06-27 17:17:56 - [TEST_STEP][NOT_RUN] - openBrowser(""): NOT_RUN: openBrowser("")

2019-06-27 17:17:56 - [MESSAGE][NOT_RUN] - NOT_RUN: openBrowser("")

2019-06-27 17:17:56 - [TEST_STEP][NOT_RUN] - maximizeWindow(): NOT_RUN: maximizeWindow()

2019-06-27 17:17:56 - [MESSAGE][NOT_RUN] - NOT_RUN: maximizeWindow()

2019-06-27 17:17:56 - [TEST_STEP][PASSED] - ofbizURL = findTestData("credData").getValue("ofbizURL", 1): null

2019-06-27 17:17:56 - [TEST_STEP][PASSED] - ofbizuser = findTestData("credData").getValue("ofbizuser", 1): null

2019-06-27 17:17:56 - [TEST_STEP][PASSED] - ofbizpass = findTestData("credData").getValue("ofbizpass", 1): null

2019-06-27 17:17:56 - [TEST_STEP][PASSED] - navigateToUrl(ofbizURL): Navigate to 'https://pushofbiz.cliotest.com/login.php' successfully

2019-06-27 17:17:58 - [MESSAGE][PASSED] - Navigate to 'https://pushofbiz.cliotest.com/login.php' successfully

2019-06-27 17:17:58 - [TEST_STEP][PASSED] - setText(findTestObject("Page_/input_Username_username"), ofbizuser): Text 'automation' is set on object 'Object Repository/Page_/input_Username_username'

2019-06-27 17:17:59 - [MESSAGE][PASSED] - Text 'automation' is set on object 'Object Repository/Page_/input_Username_username'

2019-06-27 17:17:59 - [TEST_STEP][PASSED] - setText(findTestObject("Page_/input_Password_password"), ofbizpass): Text 'cabiautomation' is set on object 'Object Repository/Page_/input_Password_password'

2019-06-27 17:17:59 - [MESSAGE][PASSED] - Text 'cabiautomation' is set on object 'Object Repository/Page_/input_Password_password'

2019-06-27 17:17:59 - [TEST_STEP][PASSED] - click(findTestObject("Page_/input_Password_Submit")): Object: 'Object Repository/Page_/input_Password_Submit' is clicked on

2019-06-27 17:18:02 - [MESSAGE][PASSED] - Object: 'Object Repository/Page_/input_Password_Submit' is clicked on

2019-06-27 17:18:02 - [TEST_STEP][PASSED] - click(findTestObject("Object Repository/Page_/a_Clock set")): Object: 'Object Repository/Page_/a_Clock set' is clicked on

2019-06-27 17:18:03 - [MESSAGE][PASSED] - Object: 'Object Repository/Page_/a_Clock set' is clicked on

2019-06-27 17:18:03 - [TEST_STEP][PASSED] - click(UtilityMethods.createTestObject("select_target", "//select[@name='Target']/option[contains(text(), '", serverTarget, "')]")): Object: 'select_target' is clicked on

2019-06-27 17:18:03 - [MESSAGE][PASSED] - Object: 'select_target' is clicked on

2019-06-27 17:18:03 - [TEST_STEP][PASSED] - click(findTestObject("Page_/thisDateAndTime")): Object: 'Object Repository/Page_/thisDateAndTime' is clicked on

2019-06-27 17:18:03 - [MESSAGE][PASSED] - Object: 'Object Repository/Page_/thisDateAndTime' is clicked on

2019-06-27 17:18:03 - [TEST_STEP][PASSED] - setText(findTestObject("Object Repository/Page_/setTargetTime"), timeZone): Text ' 04/25/2019 12:00' is set on object 'Object Repository/Page_/setTargetTime'

2019-06-27 17:18:03 - [MESSAGE][PASSED] - Text ' 04/25/2019 12:00' is set on object 'Object Repository/Page_/setTargetTime'

2019-06-27 17:18:03 - [TEST_STEP][PASSED] - click(findTestObject("Object Repository/Page_/input")): Object: 'Object Repository/Page_/input' is clicked on

2019-06-27 17:18:04 - [MESSAGE][PASSED] - Object: 'Object Repository/Page_/input' is clicked on

2019-06-27 17:18:04 - [TEST_STEP][PASSED] - delay(10): Delayed 10 second(s)

2019-06-27 17:18:14 - [MESSAGE][PASSED] - Delayed 10 second(s)

2019-06-27 17:18:14 - [TEST_STEP][NOT_RUN] - closeBrowser(): NOT_RUN: closeBrowser()

2019-06-27 17:18:14 - [MESSAGE][NOT_RUN] - NOT_RUN: closeBrowser()

2019-06-27 17:18:14 - [MESSAGE][PASSED] - Call Test Case 'Test Cases/NewArrival/setTimezone' successfully

2019-06-27 17:18:14 - [TEST_STEP][PASSED] - callTestCase(findTestCase("TestCaseUtilities/backOfficeLogin"), ["BOURL":"", "BOuser":"", "BOpass":""], STOP_ON_FAILURE): Call Test Case 'Test Cases/TestCaseUtilities/backOfficeLogin' successfully

2019-06-27 17:18:14 - [TEST_CASE][PASSED] - Test Cases/TestCaseUtilities/backOfficeLogin: Test Cases/TestCaseUtilities/backOfficeLogin

2019-06-27 17:18:14 - [TEST_STEP][PASSED] - BOURL = findTestData("credData").getValue("BOURL", 1): null

2019-06-27 17:18:14 - [TEST_STEP][PASSED] - BOuser = findTestData("credData").getValue("BOuser", 1): null

2019-06-27 17:18:14 - [TEST_STEP][PASSED] - BOpass = findTestData("credData").getValue("BOpass", 1): null

2019-06-27 17:18:14 - [TEST_STEP][PASSED] - navigateToUrl(BOURL): Navigate to 'https://test14.cliotest.com/backoffice/control/main' successfully

2019-06-27 17:18:18 - [MESSAGE][PASSED] - Navigate to 'https://test14.cliotest.com/backoffice/control/main' successfully

2019-06-27 17:18:18 - [TEST_STEP][PASSED] - logOut = findWebElements(findTestObject("Object Repository/Page_cabi Home/log_out"), 1): Unable to find the element located by 'By.xpath: //a[contains(text(),'Log Out')]'. Please recheck the objects properties to make sure the desired element is located. 

2019-06-27 17:18:19 - [MESSAGE][INFO] - Unable to find the element located by 'By.xpath: //a[contains(text(),'Log Out')]'. Please recheck the objects properties to make sure the desired element is located. 

2019-06-27 17:18:19 - [TEST_STEP][PASSED] - if (logOut.size() == 0): Object: 'Object Repository/Page_cabi/input_Welcome to_consultantLogin' is clicked on

2019-06-27 17:18:19 - [TEST_STEP][PASSED] - setText(findTestObject("Page_cabi/input_Welcome to_USERNAME"), BOuser): Text '400000002' is set on object 'Object Repository/Page_cabi/input_Welcome to_USERNAME'

2019-06-27 17:18:20 - [MESSAGE][PASSED] - Text '400000002' is set on object 'Object Repository/Page_cabi/input_Welcome to_USERNAME'

2019-06-27 17:18:20 - [TEST_STEP][PASSED] - setText(findTestObject("Object Repository/Page_cabi/input_Welcome to_PASSWORD"), BOpass): Text 'blackdress19' is set on object 'Object Repository/Page_cabi/input_Welcome to_PASSWORD'

2019-06-27 17:18:20 - [MESSAGE][PASSED] - Text 'blackdress19' is set on object 'Object Repository/Page_cabi/input_Welcome to_PASSWORD'

2019-06-27 17:18:20 - [TEST_STEP][PASSED] - click(findTestObject("Object Repository/Page_cabi/input_Welcome to_consultantLogin")): Object: 'Object Repository/Page_cabi/input_Welcome to_consultantLogin' is clicked on

2019-06-27 17:18:27 - [MESSAGE][PASSED] - Object: 'Object Repository/Page_cabi/input_Welcome to_consultantLogin' is clicked on

2019-06-27 17:18:27 - [TEST_STEP][PASSED] - delay(3): Delayed 3 second(s)

2019-06-27 17:18:30 - [MESSAGE][PASSED] - Delayed 3 second(s)

2019-06-27 17:18:30 - [MESSAGE][PASSED] - Call Test Case 'Test Cases/TestCaseUtilities/backOfficeLogin' successfully

2019-06-27 17:18:30 - [TEST_STEP][PASSED] - click(findTestObject("Object Repository/Page_cabi Home/a_Shows  Orders")): Object: 'Object Repository/Page_cabi Home/a_Shows  Orders' is clicked on

2019-06-27 17:18:30 - [MESSAGE][PASSED] - Object: 'Object Repository/Page_cabi Home/a_Shows  Orders' is clicked on

2019-06-27 17:18:30 - [TEST_STEP][PASSED] - delay(3): Delayed 3 second(s)

2019-06-27 17:18:33 - [MESSAGE][PASSED] - Delayed 3 second(s)

2019-06-27 17:18:33 - [TEST_STEP][PASSED] - rightClick(findTestObject("Page_cabi Home/a_online_outline_purchases")): Object: 'Object Repository/Page_cabi Home/a_online_outline_purchases' is right clicked on

2019-06-27 17:18:34 - [MESSAGE][PASSED] - Object: 'Object Repository/Page_cabi Home/a_online_outline_purchases' is right clicked on

2019-06-27 17:18:34 - [TEST_STEP][PASSED] - click(findTestObject("Page_cabi Home/a_online_outline_purchases")): Object: 'Object Repository/Page_cabi Home/a_online_outline_purchases' is clicked on

2019-06-27 17:18:38 - [MESSAGE][PASSED] - Object: 'Object Repository/Page_cabi Home/a_online_outline_purchases' is clicked on

2019-06-27 17:18:38 - [TEST_STEP][PASSED] - click(findTestObject("Object Repository/Page_cabi Online Outlet Store/span_Continue to Order")): Object: 'Object Repository/Page_cabi Online Outlet Store/span_Continue to Order' is clicked on

2019-06-27 17:18:40 - [MESSAGE][PASSED] - Object: 'Object Repository/Page_cabi Online Outlet Store/span_Continue to Order' is clicked on

2019-06-27 17:18:40 - [TEST_STEP][PASSED] - callTestCase(findTestCase("NewArrival/productVerify"), ["available":BOOnlineoutlet, "storeType":"BOOnlineoutlet"], STOP_ON_FAILURE): Call Test Case 'Test Cases/NewArrival/productVerify' successfully

2019-06-27 17:18:40 - [TEST_CASE][PASSED] - Test Cases/NewArrival/productVerify: Test Cases/NewArrival/productVerify

2019-06-27 17:18:40 - [TEST_STEP][PASSED] - for ([row = 1, row <= findTestData("productData").getRowNumbers(), (row++)]): Actual text and expected text of test object 'Object Repository/Page_cabi Order Items/no_result_found' are matched.

2019-06-27 17:18:40 - [TEST_STEP][PASSED] - setText(findTestObject("Object Repository/Page_cabi Order Items/input_New Arrivals - Blooming Blush_style"), findTestData("productData").getValue("Style", row)): Text '5618' is set on object 'Object Repository/Page_cabi Order Items/input_New Arrivals - Blooming Blush_style'

2019-06-27 17:18:41 - [MESSAGE][PASSED] - Text '5618' is set on object 'Object Repository/Page_cabi Order Items/input_New Arrivals - Blooming Blush_style'

2019-06-27 17:18:41 - [TEST_STEP][PASSED] - sendKeys(findTestObject("Object Repository/Page_cabi Order Items/input_New Arrivals - Blooming Blush_style"), Keys.chord(ENTER)): Keys 'ENTER + ' sent to object: 'Object Repository/Page_cabi Order Items/input_New Arrivals - Blooming Blush_style'

2019-06-27 17:18:41 - [MESSAGE][PASSED] - Keys 'ENTER + ' sent to object: 'Object Repository/Page_cabi Order Items/input_New Arrivals - Blooming Blush_style'

2019-06-27 17:18:41 - [TEST_STEP][PASSED] - delay(5): Delayed 5 second(s)

2019-06-27 17:18:46 - [MESSAGE][PASSED] - Delayed 5 second(s)

2019-06-27 17:18:46 - [TEST_STEP][PASSED] - if (toString().equalsIgnoreCase("no")): Actual text and expected text of test object 'Object Repository/Page_cabi Order Items/no_result_found' are matched.

2019-06-27 17:18:46 - [TEST_STEP][PASSED] - noResultMessages = findWebElements(findTestObject("Page_cabi Order Items/no_result_found"), 5): null

2019-06-27 17:18:46 - [TEST_STEP][PASSED] - assert noResultMessages.size() > 0: null

2019-06-27 17:18:46 - [TEST_STEP][PASSED] - verifyElementText(findTestObject("Page_cabi Order Items/no_result_found"), "No Results Found!"): Actual text and expected text of test object 'Object Repository/Page_cabi Order Items/no_result_found' are matched.

2019-06-27 17:18:46 - [MESSAGE][PASSED] - Actual text and expected text of test object 'Object Repository/Page_cabi Order Items/no_result_found' are matched.

2019-06-27 17:18:46 - [MESSAGE][PASSED] - Call Test Case 'Test Cases/NewArrival/productVerify' successfully

2019-06-27 17:18:46 - [TEST_STEP][PASSED] - callTestCase(findTestCase("NewArrival/populateTimeGlobalVars"), ["row":timeRow], STOP_ON_FAILURE): Call Test Case 'Test Cases/NewArrival/populateTimeGlobalVars' successfully

2019-06-27 17:18:46 - [TEST_CASE][PASSED] - Test Cases/NewArrival/populateTimeGlobalVars: Test Cases/NewArrival/populateTimeGlobalVars

2019-06-27 17:18:46 - [TEST_STEP][PASSED] - dataFile = "timezoneData": null

2019-06-27 17:18:46 - [TEST_STEP][PASSED] - serverTarget = UtilityMethods.getTestData(dataFile, "serverTarget", row): null

2019-06-27 17:18:46 - [TEST_STEP][PASSED] - orderType = UtilityMethods.getTestData(dataFile, "orderType", row): null

2019-06-27 17:18:46 - [TEST_STEP][PASSED] - timeZone = UtilityMethods.getTestData(dataFile, "timeZone", row): null

2019-06-27 17:18:46 - [TEST_STEP][PASSED] - BOPersonal = UtilityMethods.getTestData(dataFile, "BOPersonal", row): null

2019-06-27 17:18:46 - [TEST_STEP][PASSED] - BOAddonPersonal = UtilityMethods.getTestData(dataFile, "BOAddonPersonal", row): null

2019-06-27 17:18:46 - [TEST_STEP][PASSED] - BOAddonRetail = UtilityMethods.getTestData(dataFile, "BOAddonRetail", row): null

2019-06-27 17:18:46 - [TEST_STEP][PASSED] - BORetail = UtilityMethods.getTestData(dataFile, "BORetail", row): null

2019-06-27 17:18:46 - [TEST_STEP][PASSED] - BOShow = UtilityMethods.getTestData(dataFile, "BOShow", row): null

2019-06-27 17:18:46 - [TEST_STEP][PASSED] - BOOnlineoutlet = UtilityMethods.getTestData(dataFile, "BOOnlineoutlet", row): null

2019-06-27 17:18:46 - [TEST_STEP][PASSED] - BOEmployee = UtilityMethods.getTestData(dataFile, "BOEmployee", row): null

2019-06-27 17:18:46 - [TEST_STEP][PASSED] - CCPersonal = UtilityMethods.getTestData(dataFile, "CCPersonal", row): null

2019-06-27 17:18:46 - [TEST_STEP][PASSED] - CCRetail = UtilityMethods.getTestData(dataFile, "CCRetail", row): null

2019-06-27 17:18:46 - [TEST_STEP][PASSED] - CCShow = UtilityMethods.getTestData(dataFile, "CCShow", row): null

2019-06-27 17:18:46 - [TEST_STEP][PASSED] - BOEblast = UtilityMethods.getTestData(dataFile, "BOEblast", row): null

2019-06-27 17:18:46 - [MESSAGE][PASSED] - Call Test Case 'Test Cases/NewArrival/populateTimeGlobalVars' successfully

2019-06-27 17:18:46 - [TEST_STEP][PASSED] - callTestCase(findTestCase("NewArrival/setTimezone"), ["ofbizURL":"", "ofbizuser":"", "ofbizpass":"", "orderType":orderType, "timeZone":timeZone, "serverTarget":serverTarget], STOP_ON_FAILURE): Call Test Case 'Test Cases/NewArrival/setTimezone' successfully

2019-06-27 17:18:47 - [TEST_CASE][PASSED] - Test Cases/NewArrival/setTimezone: Test Cases/NewArrival/setTimezone

2019-06-27 17:18:47 - [TEST_STEP][NOT_RUN] - openBrowser(""): NOT_RUN: openBrowser("")

2019-06-27 17:18:47 - [MESSAGE][NOT_RUN] - NOT_RUN: openBrowser("")

2019-06-27 17:18:47 - [TEST_STEP][NOT_RUN] - maximizeWindow(): NOT_RUN: maximizeWindow()

2019-06-27 17:18:47 - [MESSAGE][NOT_RUN] - NOT_RUN: maximizeWindow()

2019-06-27 17:18:47 - [TEST_STEP][PASSED] - ofbizURL = findTestData("credData").getValue("ofbizURL", 1): null

2019-06-27 17:18:47 - [TEST_STEP][PASSED] - ofbizuser = findTestData("credData").getValue("ofbizuser", 1): null

2019-06-27 17:18:47 - [TEST_STEP][PASSED] - ofbizpass = findTestData("credData").getValue("ofbizpass", 1): null

2019-06-27 17:18:47 - [TEST_STEP][PASSED] - navigateToUrl(ofbizURL): Navigate to 'https://pushofbiz.cliotest.com/login.php' successfully

2019-06-27 17:18:48 - [MESSAGE][PASSED] - Navigate to 'https://pushofbiz.cliotest.com/login.php' successfully

2019-06-27 17:18:48 - [TEST_STEP][PASSED] - setText(findTestObject("Page_/input_Username_username"), ofbizuser): Text 'automation' is set on object 'Object Repository/Page_/input_Username_username'

2019-06-27 17:18:49 - [MESSAGE][PASSED] - Text 'automation' is set on object 'Object Repository/Page_/input_Username_username'

2019-06-27 17:18:49 - [TEST_STEP][PASSED] - setText(findTestObject("Page_/input_Password_password"), ofbizpass): Text 'cabiautomation' is set on object 'Object Repository/Page_/input_Password_password'

2019-06-27 17:18:49 - [MESSAGE][PASSED] - Text 'cabiautomation' is set on object 'Object Repository/Page_/input_Password_password'

2019-06-27 17:18:49 - [TEST_STEP][PASSED] - click(findTestObject("Page_/input_Password_Submit")): Object: 'Object Repository/Page_/input_Password_Submit' is clicked on

2019-06-27 17:18:53 - [MESSAGE][PASSED] - Object: 'Object Repository/Page_/input_Password_Submit' is clicked on

2019-06-27 17:18:53 - [TEST_STEP][PASSED] - click(findTestObject("Object Repository/Page_/a_Clock set")): Object: 'Object Repository/Page_/a_Clock set' is clicked on

2019-06-27 17:18:53 - [MESSAGE][PASSED] - Object: 'Object Repository/Page_/a_Clock set' is clicked on

2019-06-27 17:18:53 - [TEST_STEP][PASSED] - click(UtilityMethods.createTestObject("select_target", "//select[@name='Target']/option[contains(text(), '", serverTarget, "')]")): Object: 'select_target' is clicked on

2019-06-27 17:18:53 - [MESSAGE][PASSED] - Object: 'select_target' is clicked on

2019-06-27 17:18:53 - [TEST_STEP][PASSED] - click(findTestObject("Page_/thisDateAndTime")): Object: 'Object Repository/Page_/thisDateAndTime' is clicked on

2019-06-27 17:18:54 - [MESSAGE][PASSED] - Object: 'Object Repository/Page_/thisDateAndTime' is clicked on

2019-06-27 17:18:54 - [TEST_STEP][PASSED] - setText(findTestObject("Object Repository/Page_/setTargetTime"), timeZone): Text ' 05/03/2019 12:00' is set on object 'Object Repository/Page_/setTargetTime'

2019-06-27 17:18:54 - [MESSAGE][PASSED] - Text ' 05/03/2019 12:00' is set on object 'Object Repository/Page_/setTargetTime'

2019-06-27 17:18:54 - [TEST_STEP][PASSED] - click(findTestObject("Object Repository/Page_/input")): Object: 'Object Repository/Page_/input' is clicked on

2019-06-27 17:18:55 - [MESSAGE][PASSED] - Object: 'Object Repository/Page_/input' is clicked on

2019-06-27 17:18:55 - [TEST_STEP][PASSED] - delay(10): Delayed 10 second(s)

2019-06-27 17:19:05 - [MESSAGE][PASSED] - Delayed 10 second(s)

2019-06-27 17:19:05 - [TEST_STEP][NOT_RUN] - closeBrowser(): NOT_RUN: closeBrowser()

2019-06-27 17:19:05 - [MESSAGE][NOT_RUN] - NOT_RUN: closeBrowser()

2019-06-27 17:19:05 - [MESSAGE][PASSED] - Call Test Case 'Test Cases/NewArrival/setTimezone' successfully

2019-06-27 17:19:05 - [TEST_STEP][PASSED] - callTestCase(findTestCase("TestCaseUtilities/backOfficeLogin"), ["BOURL":"", "BOuser":"", "BOpass":""], STOP_ON_FAILURE): Call Test Case 'Test Cases/TestCaseUtilities/backOfficeLogin' successfully

2019-06-27 17:19:05 - [TEST_CASE][PASSED] - Test Cases/TestCaseUtilities/backOfficeLogin: Test Cases/TestCaseUtilities/backOfficeLogin

2019-06-27 17:19:05 - [TEST_STEP][PASSED] - BOURL = findTestData("credData").getValue("BOURL", 1): null

2019-06-27 17:19:05 - [TEST_STEP][PASSED] - BOuser = findTestData("credData").getValue("BOuser", 1): null

2019-06-27 17:19:05 - [TEST_STEP][PASSED] - BOpass = findTestData("credData").getValue("BOpass", 1): null

2019-06-27 17:19:05 - [TEST_STEP][PASSED] - navigateToUrl(BOURL): Navigate to 'https://test14.cliotest.com/backoffice/control/main' successfully

2019-06-27 17:19:07 - [MESSAGE][PASSED] - Navigate to 'https://test14.cliotest.com/backoffice/control/main' successfully

2019-06-27 17:19:07 - [TEST_STEP][PASSED] - logOut = findWebElements(findTestObject("Object Repository/Page_cabi Home/log_out"), 1): Unable to find the element located by 'By.xpath: //a[contains(text(),'Log Out')]'. Please recheck the objects properties to make sure the desired element is located. 

2019-06-27 17:19:08 - [MESSAGE][INFO] - Unable to find the element located by 'By.xpath: //a[contains(text(),'Log Out')]'. Please recheck the objects properties to make sure the desired element is located. 

2019-06-27 17:19:08 - [TEST_STEP][PASSED] - if (logOut.size() == 0): Object: 'Object Repository/Page_cabi/input_Welcome to_consultantLogin' is clicked on

2019-06-27 17:19:08 - [TEST_STEP][PASSED] - setText(findTestObject("Page_cabi/input_Welcome to_USERNAME"), BOuser): Text '400000002' is set on object 'Object Repository/Page_cabi/input_Welcome to_USERNAME'

2019-06-27 17:19:08 - [MESSAGE][PASSED] - Text '400000002' is set on object 'Object Repository/Page_cabi/input_Welcome to_USERNAME'

2019-06-27 17:19:08 - [TEST_STEP][PASSED] - setText(findTestObject("Object Repository/Page_cabi/input_Welcome to_PASSWORD"), BOpass): Text 'blackdress19' is set on object 'Object Repository/Page_cabi/input_Welcome to_PASSWORD'

2019-06-27 17:19:09 - [MESSAGE][PASSED] - Text 'blackdress19' is set on object 'Object Repository/Page_cabi/input_Welcome to_PASSWORD'

2019-06-27 17:19:09 - [TEST_STEP][PASSED] - click(findTestObject("Object Repository/Page_cabi/input_Welcome to_consultantLogin")): Object: 'Object Repository/Page_cabi/input_Welcome to_consultantLogin' is clicked on

2019-06-27 17:19:13 - [MESSAGE][PASSED] - Object: 'Object Repository/Page_cabi/input_Welcome to_consultantLogin' is clicked on

2019-06-27 17:19:13 - [TEST_STEP][PASSED] - delay(3): Delayed 3 second(s)

2019-06-27 17:19:16 - [MESSAGE][PASSED] - Delayed 3 second(s)

2019-06-27 17:19:16 - [MESSAGE][PASSED] - Call Test Case 'Test Cases/TestCaseUtilities/backOfficeLogin' successfully

2019-06-27 17:19:16 - [TEST_STEP][PASSED] - click(findTestObject("Object Repository/Page_cabi Home/a_Shows  Orders")): Object: 'Object Repository/Page_cabi Home/a_Shows  Orders' is clicked on

2019-06-27 17:19:17 - [MESSAGE][PASSED] - Object: 'Object Repository/Page_cabi Home/a_Shows  Orders' is clicked on

2019-06-27 17:19:17 - [TEST_STEP][PASSED] - delay(3): Delayed 3 second(s)

2019-06-27 17:19:20 - [MESSAGE][PASSED] - Delayed 3 second(s)

2019-06-27 17:19:20 - [TEST_STEP][PASSED] - rightClick(findTestObject("Page_cabi Home/a_online_outline_purchases")): Object: 'Object Repository/Page_cabi Home/a_online_outline_purchases' is right clicked on

2019-06-27 17:19:20 - [MESSAGE][PASSED] - Object: 'Object Repository/Page_cabi Home/a_online_outline_purchases' is right clicked on

2019-06-27 17:19:20 - [TEST_STEP][PASSED] - click(findTestObject("Page_cabi Home/a_online_outline_purchases")): Object: 'Object Repository/Page_cabi Home/a_online_outline_purchases' is clicked on

2019-06-27 17:19:24 - [MESSAGE][PASSED] - Object: 'Object Repository/Page_cabi Home/a_online_outline_purchases' is clicked on

2019-06-27 17:19:24 - [TEST_STEP][PASSED] - click(findTestObject("Object Repository/Page_cabi Online Outlet Store/span_Continue to Order")): Object: 'Object Repository/Page_cabi Online Outlet Store/span_Continue to Order' is clicked on

2019-06-27 17:19:24 - [MESSAGE][PASSED] - Object: 'Object Repository/Page_cabi Online Outlet Store/span_Continue to Order' is clicked on

2019-06-27 17:19:24 - [TEST_STEP][PASSED] - callTestCase(findTestCase("NewArrival/productVerify"), ["available":BOOnlineoutlet, "storeType":"BOOnlineoutlet"], STOP_ON_FAILURE): Call Test Case 'Test Cases/NewArrival/productVerify' successfully

2019-06-27 17:19:24 - [TEST_CASE][PASSED] - Test Cases/NewArrival/productVerify: Test Cases/NewArrival/productVerify

2019-06-27 17:19:24 - [TEST_STEP][PASSED] - for ([row = 1, row <= findTestData("productData").getRowNumbers(), (row++)]): Actual text and expected text of test object 'Object Repository/Page_cabi Order Items/no_result_found' are matched.

2019-06-27 17:19:24 - [TEST_STEP][PASSED] - setText(findTestObject("Object Repository/Page_cabi Order Items/input_New Arrivals - Blooming Blush_style"), findTestData("productData").getValue("Style", row)): Text '5618' is set on object 'Object Repository/Page_cabi Order Items/input_New Arrivals - Blooming Blush_style'

2019-06-27 17:19:26 - [MESSAGE][PASSED] - Text '5618' is set on object 'Object Repository/Page_cabi Order Items/input_New Arrivals - Blooming Blush_style'

2019-06-27 17:19:26 - [TEST_STEP][PASSED] - sendKeys(findTestObject("Object Repository/Page_cabi Order Items/input_New Arrivals - Blooming Blush_style"), Keys.chord(ENTER)): Keys 'ENTER + ' sent to object: 'Object Repository/Page_cabi Order Items/input_New Arrivals - Blooming Blush_style'

2019-06-27 17:19:26 - [MESSAGE][PASSED] - Keys 'ENTER + ' sent to object: 'Object Repository/Page_cabi Order Items/input_New Arrivals - Blooming Blush_style'

2019-06-27 17:19:26 - [TEST_STEP][PASSED] - delay(5): Delayed 5 second(s)

2019-06-27 17:19:31 - [MESSAGE][PASSED] - Delayed 5 second(s)

2019-06-27 17:19:31 - [TEST_STEP][PASSED] - if (toString().equalsIgnoreCase("no")): Actual text and expected text of test object 'Object Repository/Page_cabi Order Items/no_result_found' are matched.

2019-06-27 17:19:31 - [TEST_STEP][PASSED] - noResultMessages = findWebElements(findTestObject("Page_cabi Order Items/no_result_found"), 5): null

2019-06-27 17:19:31 - [TEST_STEP][PASSED] - assert noResultMessages.size() > 0: null

2019-06-27 17:19:31 - [TEST_STEP][PASSED] - verifyElementText(findTestObject("Page_cabi Order Items/no_result_found"), "No Results Found!"): Actual text and expected text of test object 'Object Repository/Page_cabi Order Items/no_result_found' are matched.

2019-06-27 17:19:31 - [MESSAGE][PASSED] - Actual text and expected text of test object 'Object Repository/Page_cabi Order Items/no_result_found' are matched.

2019-06-27 17:19:31 - [MESSAGE][PASSED] - Call Test Case 'Test Cases/NewArrival/productVerify' successfully

2019-06-27 17:19:31 - [TEST_STEP][PASSED] - callTestCase(findTestCase("NewArrival/populateTimeGlobalVars"), ["row":timeRow], STOP_ON_FAILURE): Call Test Case 'Test Cases/NewArrival/populateTimeGlobalVars' successfully

2019-06-27 17:19:31 - [TEST_CASE][PASSED] - Test Cases/NewArrival/populateTimeGlobalVars: Test Cases/NewArrival/populateTimeGlobalVars

2019-06-27 17:19:31 - [TEST_STEP][PASSED] - dataFile = "timezoneData": null

2019-06-27 17:19:31 - [TEST_STEP][PASSED] - serverTarget = UtilityMethods.getTestData(dataFile, "serverTarget", row): null

2019-06-27 17:19:31 - [TEST_STEP][PASSED] - orderType = UtilityMethods.getTestData(dataFile, "orderType", row): null

2019-06-27 17:19:31 - [TEST_STEP][PASSED] - timeZone = UtilityMethods.getTestData(dataFile, "timeZone", row): null

2019-06-27 17:19:31 - [TEST_STEP][PASSED] - BOPersonal = UtilityMethods.getTestData(dataFile, "BOPersonal", row): null

2019-06-27 17:19:31 - [TEST_STEP][PASSED] - BOAddonPersonal = UtilityMethods.getTestData(dataFile, "BOAddonPersonal", row): null

2019-06-27 17:19:31 - [TEST_STEP][PASSED] - BOAddonRetail = UtilityMethods.getTestData(dataFile, "BOAddonRetail", row): null

2019-06-27 17:19:31 - [TEST_STEP][PASSED] - BORetail = UtilityMethods.getTestData(dataFile, "BORetail", row): null

2019-06-27 17:19:31 - [TEST_STEP][PASSED] - BOShow = UtilityMethods.getTestData(dataFile, "BOShow", row): null

2019-06-27 17:19:31 - [TEST_STEP][PASSED] - BOOnlineoutlet = UtilityMethods.getTestData(dataFile, "BOOnlineoutlet", row): null

2019-06-27 17:19:31 - [TEST_STEP][PASSED] - BOEmployee = UtilityMethods.getTestData(dataFile, "BOEmployee", row): null

2019-06-27 17:19:31 - [TEST_STEP][PASSED] - CCPersonal = UtilityMethods.getTestData(dataFile, "CCPersonal", row): null

2019-06-27 17:19:31 - [TEST_STEP][PASSED] - CCRetail = UtilityMethods.getTestData(dataFile, "CCRetail", row): null

2019-06-27 17:19:31 - [TEST_STEP][PASSED] - CCShow = UtilityMethods.getTestData(dataFile, "CCShow", row): null

2019-06-27 17:19:32 - [TEST_STEP][PASSED] - BOEblast = UtilityMethods.getTestData(dataFile, "BOEblast", row): null

2019-06-27 17:19:32 - [MESSAGE][PASSED] - Call Test Case 'Test Cases/NewArrival/populateTimeGlobalVars' successfully

2019-06-27 17:19:32 - [TEST_STEP][PASSED] - callTestCase(findTestCase("NewArrival/setTimezone"), ["ofbizURL":"", "ofbizuser":"", "ofbizpass":"", "orderType":orderType, "timeZone":timeZone, "serverTarget":serverTarget], STOP_ON_FAILURE): Call Test Case 'Test Cases/NewArrival/setTimezone' successfully

2019-06-27 17:19:32 - [TEST_CASE][PASSED] - Test Cases/NewArrival/setTimezone: Test Cases/NewArrival/setTimezone

2019-06-27 17:19:32 - [TEST_STEP][NOT_RUN] - openBrowser(""): NOT_RUN: openBrowser("")

2019-06-27 17:19:32 - [MESSAGE][NOT_RUN] - NOT_RUN: openBrowser("")

2019-06-27 17:19:32 - [TEST_STEP][NOT_RUN] - maximizeWindow(): NOT_RUN: maximizeWindow()

2019-06-27 17:19:32 - [MESSAGE][NOT_RUN] - NOT_RUN: maximizeWindow()

2019-06-27 17:19:32 - [TEST_STEP][PASSED] - ofbizURL = findTestData("credData").getValue("ofbizURL", 1): null

2019-06-27 17:19:32 - [TEST_STEP][PASSED] - ofbizuser = findTestData("credData").getValue("ofbizuser", 1): null

2019-06-27 17:19:32 - [TEST_STEP][PASSED] - ofbizpass = findTestData("credData").getValue("ofbizpass", 1): null

2019-06-27 17:19:32 - [TEST_STEP][PASSED] - navigateToUrl(ofbizURL): Navigate to 'https://pushofbiz.cliotest.com/login.php' successfully

2019-06-27 17:19:34 - [MESSAGE][PASSED] - Navigate to 'https://pushofbiz.cliotest.com/login.php' successfully

2019-06-27 17:19:34 - [TEST_STEP][PASSED] - setText(findTestObject("Page_/input_Username_username"), ofbizuser): Text 'automation' is set on object 'Object Repository/Page_/input_Username_username'

2019-06-27 17:19:34 - [MESSAGE][PASSED] - Text 'automation' is set on object 'Object Repository/Page_/input_Username_username'

2019-06-27 17:19:34 - [TEST_STEP][PASSED] - setText(findTestObject("Page_/input_Password_password"), ofbizpass): Text 'cabiautomation' is set on object 'Object Repository/Page_/input_Password_password'

2019-06-27 17:19:34 - [MESSAGE][PASSED] - Text 'cabiautomation' is set on object 'Object Repository/Page_/input_Password_password'

2019-06-27 17:19:34 - [TEST_STEP][PASSED] - click(findTestObject("Page_/input_Password_Submit")): Object: 'Object Repository/Page_/input_Password_Submit' is clicked on

2019-06-27 17:19:37 - [MESSAGE][PASSED] - Object: 'Object Repository/Page_/input_Password_Submit' is clicked on

2019-06-27 17:19:37 - [TEST_STEP][PASSED] - click(findTestObject("Object Repository/Page_/a_Clock set")): Object: 'Object Repository/Page_/a_Clock set' is clicked on

2019-06-27 17:19:38 - [MESSAGE][PASSED] - Object: 'Object Repository/Page_/a_Clock set' is clicked on

2019-06-27 17:19:38 - [TEST_STEP][PASSED] - click(UtilityMethods.createTestObject("select_target", "//select[@name='Target']/option[contains(text(), '", serverTarget, "')]")): Object: 'select_target' is clicked on

2019-06-27 17:19:38 - [MESSAGE][PASSED] - Object: 'select_target' is clicked on

2019-06-27 17:19:38 - [TEST_STEP][PASSED] - click(findTestObject("Page_/thisDateAndTime")): Object: 'Object Repository/Page_/thisDateAndTime' is clicked on

2019-06-27 17:19:38 - [MESSAGE][PASSED] - Object: 'Object Repository/Page_/thisDateAndTime' is clicked on

2019-06-27 17:19:38 - [TEST_STEP][PASSED] - setText(findTestObject("Object Repository/Page_/setTargetTime"), timeZone): Text ' 05/07/2019 12:00' is set on object 'Object Repository/Page_/setTargetTime'

2019-06-27 17:19:38 - [MESSAGE][PASSED] - Text ' 05/07/2019 12:00' is set on object 'Object Repository/Page_/setTargetTime'

2019-06-27 17:19:38 - [TEST_STEP][PASSED] - click(findTestObject("Object Repository/Page_/input")): Object: 'Object Repository/Page_/input' is clicked on

2019-06-27 17:19:39 - [MESSAGE][PASSED] - Object: 'Object Repository/Page_/input' is clicked on

2019-06-27 17:19:39 - [TEST_STEP][PASSED] - delay(10): Delayed 10 second(s)

2019-06-27 17:19:49 - [MESSAGE][PASSED] - Delayed 10 second(s)

2019-06-27 17:19:49 - [TEST_STEP][NOT_RUN] - closeBrowser(): NOT_RUN: closeBrowser()

2019-06-27 17:19:49 - [MESSAGE][NOT_RUN] - NOT_RUN: closeBrowser()

2019-06-27 17:19:49 - [MESSAGE][PASSED] - Call Test Case 'Test Cases/NewArrival/setTimezone' successfully

2019-06-27 17:19:49 - [TEST_STEP][PASSED] - callTestCase(findTestCase("TestCaseUtilities/backOfficeLogin"), ["BOURL":"", "BOuser":"", "BOpass":""], STOP_ON_FAILURE): Call Test Case 'Test Cases/TestCaseUtilities/backOfficeLogin' successfully

2019-06-27 17:19:49 - [TEST_CASE][PASSED] - Test Cases/TestCaseUtilities/backOfficeLogin: Test Cases/TestCaseUtilities/backOfficeLogin

2019-06-27 17:19:49 - [TEST_STEP][PASSED] - BOURL = findTestData("credData").getValue("BOURL", 1): null

2019-06-27 17:19:49 - [TEST_STEP][PASSED] - BOuser = findTestData("credData").getValue("BOuser", 1): null

2019-06-27 17:19:49 - [TEST_STEP][PASSED] - BOpass = findTestData("credData").getValue("BOpass", 1): null

2019-06-27 17:19:49 - [TEST_STEP][PASSED] - navigateToUrl(BOURL): Navigate to 'https://test14.cliotest.com/backoffice/control/main' successfully

2019-06-27 17:19:52 - [MESSAGE][PASSED] - Navigate to 'https://test14.cliotest.com/backoffice/control/main' successfully

2019-06-27 17:19:52 - [TEST_STEP][PASSED] - logOut = findWebElements(findTestObject("Object Repository/Page_cabi Home/log_out"), 1): Unable to find the element located by 'By.xpath: //a[contains(text(),'Log Out')]'. Please recheck the objects properties to make sure the desired element is located. 

2019-06-27 17:19:53 - [MESSAGE][INFO] - Unable to find the element located by 'By.xpath: //a[contains(text(),'Log Out')]'. Please recheck the objects properties to make sure the desired element is located. 

2019-06-27 17:19:53 - [TEST_STEP][PASSED] - if (logOut.size() == 0): Object: 'Object Repository/Page_cabi/input_Welcome to_consultantLogin' is clicked on

2019-06-27 17:19:53 - [TEST_STEP][PASSED] - setText(findTestObject("Page_cabi/input_Welcome to_USERNAME"), BOuser): Text '400000002' is set on object 'Object Repository/Page_cabi/input_Welcome to_USERNAME'

2019-06-27 17:19:53 - [MESSAGE][PASSED] - Text '400000002' is set on object 'Object Repository/Page_cabi/input_Welcome to_USERNAME'

2019-06-27 17:19:53 - [TEST_STEP][PASSED] - setText(findTestObject("Object Repository/Page_cabi/input_Welcome to_PASSWORD"), BOpass): Text 'blackdress19' is set on object 'Object Repository/Page_cabi/input_Welcome to_PASSWORD'

2019-06-27 17:19:54 - [MESSAGE][PASSED] - Text 'blackdress19' is set on object 'Object Repository/Page_cabi/input_Welcome to_PASSWORD'

2019-06-27 17:19:54 - [TEST_STEP][PASSED] - click(findTestObject("Object Repository/Page_cabi/input_Welcome to_consultantLogin")): Object: 'Object Repository/Page_cabi/input_Welcome to_consultantLogin' is clicked on

2019-06-27 17:20:00 - [MESSAGE][PASSED] - Object: 'Object Repository/Page_cabi/input_Welcome to_consultantLogin' is clicked on

2019-06-27 17:20:00 - [TEST_STEP][PASSED] - delay(3): Delayed 3 second(s)

2019-06-27 17:20:03 - [MESSAGE][PASSED] - Delayed 3 second(s)

2019-06-27 17:20:03 - [MESSAGE][PASSED] - Call Test Case 'Test Cases/TestCaseUtilities/backOfficeLogin' successfully

2019-06-27 17:20:03 - [TEST_STEP][PASSED] - click(findTestObject("Object Repository/Page_cabi Home/a_Shows  Orders")): Object: 'Object Repository/Page_cabi Home/a_Shows  Orders' is clicked on

2019-06-27 17:20:03 - [MESSAGE][PASSED] - Object: 'Object Repository/Page_cabi Home/a_Shows  Orders' is clicked on

2019-06-27 17:20:03 - [TEST_STEP][PASSED] - delay(3): Delayed 3 second(s)

2019-06-27 17:20:06 - [MESSAGE][PASSED] - Delayed 3 second(s)

2019-06-27 17:20:06 - [TEST_STEP][PASSED] - rightClick(findTestObject("Page_cabi Home/a_online_outline_purchases")): Object: 'Object Repository/Page_cabi Home/a_online_outline_purchases' is right clicked on

2019-06-27 17:20:06 - [MESSAGE][PASSED] - Object: 'Object Repository/Page_cabi Home/a_online_outline_purchases' is right clicked on

2019-06-27 17:20:06 - [TEST_STEP][PASSED] - click(findTestObject("Page_cabi Home/a_online_outline_purchases")): Object: 'Object Repository/Page_cabi Home/a_online_outline_purchases' is clicked on

2019-06-27 17:20:11 - [MESSAGE][PASSED] - Object: 'Object Repository/Page_cabi Home/a_online_outline_purchases' is clicked on

2019-06-27 17:20:11 - [TEST_STEP][PASSED] - click(findTestObject("Object Repository/Page_cabi Online Outlet Store/span_Continue to Order")): Object: 'Object Repository/Page_cabi Online Outlet Store/span_Continue to Order' is clicked on

2019-06-27 17:20:11 - [MESSAGE][PASSED] - Object: 'Object Repository/Page_cabi Online Outlet Store/span_Continue to Order' is clicked on

2019-06-27 17:20:11 - [TEST_STEP][PASSED] - callTestCase(findTestCase("NewArrival/productVerify"), ["available":BOOnlineoutlet, "storeType":"BOOnlineoutlet"], STOP_ON_FAILURE): Call Test Case 'Test Cases/NewArrival/productVerify' successfully

2019-06-27 17:20:11 - [TEST_CASE][PASSED] - Test Cases/NewArrival/productVerify: Test Cases/NewArrival/productVerify

2019-06-27 17:20:11 - [TEST_STEP][PASSED] - for ([row = 1, row <= findTestData("productData").getRowNumbers(), (row++)]): Actual text and expected text of test object 'Object Repository/Page_cabi Order Items/no_result_found' are matched.

2019-06-27 17:20:11 - [TEST_STEP][PASSED] - setText(findTestObject("Object Repository/Page_cabi Order Items/input_New Arrivals - Blooming Blush_style"), findTestData("productData").getValue("Style", row)): Text '5618' is set on object 'Object Repository/Page_cabi Order Items/input_New Arrivals - Blooming Blush_style'

2019-06-27 17:20:13 - [MESSAGE][PASSED] - Text '5618' is set on object 'Object Repository/Page_cabi Order Items/input_New Arrivals - Blooming Blush_style'

2019-06-27 17:20:13 - [TEST_STEP][PASSED] - sendKeys(findTestObject("Object Repository/Page_cabi Order Items/input_New Arrivals - Blooming Blush_style"), Keys.chord(ENTER)): Keys 'ENTER + ' sent to object: 'Object Repository/Page_cabi Order Items/input_New Arrivals - Blooming Blush_style'

2019-06-27 17:20:13 - [MESSAGE][PASSED] - Keys 'ENTER + ' sent to object: 'Object Repository/Page_cabi Order Items/input_New Arrivals - Blooming Blush_style'

2019-06-27 17:20:13 - [TEST_STEP][PASSED] - delay(5): Delayed 5 second(s)

2019-06-27 17:20:18 - [MESSAGE][PASSED] - Delayed 5 second(s)

2019-06-27 17:20:18 - [TEST_STEP][PASSED] - if (toString().equalsIgnoreCase("no")): Actual text and expected text of test object 'Object Repository/Page_cabi Order Items/no_result_found' are matched.

2019-06-27 17:20:18 - [TEST_STEP][PASSED] - noResultMessages = findWebElements(findTestObject("Page_cabi Order Items/no_result_found"), 5): null

2019-06-27 17:20:18 - [TEST_STEP][PASSED] - assert noResultMessages.size() > 0: null

2019-06-27 17:20:18 - [TEST_STEP][PASSED] - verifyElementText(findTestObject("Page_cabi Order Items/no_result_found"), "No Results Found!"): Actual text and expected text of test object 'Object Repository/Page_cabi Order Items/no_result_found' are matched.

2019-06-27 17:20:18 - [MESSAGE][PASSED] - Actual text and expected text of test object 'Object Repository/Page_cabi Order Items/no_result_found' are matched.

2019-06-27 17:20:18 - [MESSAGE][PASSED] - Call Test Case 'Test Cases/NewArrival/productVerify' successfully

2019-06-27 17:20:18 - [TEST_STEP][PASSED] - callTestCase(findTestCase("NewArrival/populateTimeGlobalVars"), ["row":timeRow], STOP_ON_FAILURE): Call Test Case 'Test Cases/NewArrival/populateTimeGlobalVars' successfully

2019-06-27 17:20:18 - [TEST_CASE][PASSED] - Test Cases/NewArrival/populateTimeGlobalVars: Test Cases/NewArrival/populateTimeGlobalVars

2019-06-27 17:20:18 - [TEST_STEP][PASSED] - dataFile = "timezoneData": null

2019-06-27 17:20:18 - [TEST_STEP][PASSED] - serverTarget = UtilityMethods.getTestData(dataFile, "serverTarget", row): null

2019-06-27 17:20:18 - [TEST_STEP][PASSED] - orderType = UtilityMethods.getTestData(dataFile, "orderType", row): null

2019-06-27 17:20:18 - [TEST_STEP][PASSED] - timeZone = UtilityMethods.getTestData(dataFile, "timeZone", row): null

2019-06-27 17:20:18 - [TEST_STEP][PASSED] - BOPersonal = UtilityMethods.getTestData(dataFile, "BOPersonal", row): null

2019-06-27 17:20:18 - [TEST_STEP][PASSED] - BOAddonPersonal = UtilityMethods.getTestData(dataFile, "BOAddonPersonal", row): null

2019-06-27 17:20:18 - [TEST_STEP][PASSED] - BOAddonRetail = UtilityMethods.getTestData(dataFile, "BOAddonRetail", row): null

2019-06-27 17:20:18 - [TEST_STEP][PASSED] - BORetail = UtilityMethods.getTestData(dataFile, "BORetail", row): null

2019-06-27 17:20:18 - [TEST_STEP][PASSED] - BOShow = UtilityMethods.getTestData(dataFile, "BOShow", row): null

2019-06-27 17:20:18 - [TEST_STEP][PASSED] - BOOnlineoutlet = UtilityMethods.getTestData(dataFile, "BOOnlineoutlet", row): null

2019-06-27 17:20:18 - [TEST_STEP][PASSED] - BOEmployee = UtilityMethods.getTestData(dataFile, "BOEmployee", row): null

2019-06-27 17:20:18 - [TEST_STEP][PASSED] - CCPersonal = UtilityMethods.getTestData(dataFile, "CCPersonal", row): null

2019-06-27 17:20:18 - [TEST_STEP][PASSED] - CCRetail = UtilityMethods.getTestData(dataFile, "CCRetail", row): null

2019-06-27 17:20:18 - [TEST_STEP][PASSED] - CCShow = UtilityMethods.getTestData(dataFile, "CCShow", row): null

2019-06-27 17:20:18 - [TEST_STEP][PASSED] - BOEblast = UtilityMethods.getTestData(dataFile, "BOEblast", row): null

2019-06-27 17:20:18 - [MESSAGE][PASSED] - Call Test Case 'Test Cases/NewArrival/populateTimeGlobalVars' successfully

2019-06-27 17:20:18 - [TEST_STEP][PASSED] - callTestCase(findTestCase("NewArrival/setTimezone"), ["ofbizURL":"", "ofbizuser":"", "ofbizpass":"", "orderType":orderType, "timeZone":timeZone, "serverTarget":serverTarget], STOP_ON_FAILURE): Call Test Case 'Test Cases/NewArrival/setTimezone' successfully

2019-06-27 17:20:18 - [TEST_CASE][PASSED] - Test Cases/NewArrival/setTimezone: Test Cases/NewArrival/setTimezone

2019-06-27 17:20:18 - [TEST_STEP][NOT_RUN] - openBrowser(""): NOT_RUN: openBrowser("")

2019-06-27 17:20:18 - [MESSAGE][NOT_RUN] - NOT_RUN: openBrowser("")

2019-06-27 17:20:18 - [TEST_STEP][NOT_RUN] - maximizeWindow(): NOT_RUN: maximizeWindow()

2019-06-27 17:20:18 - [MESSAGE][NOT_RUN] - NOT_RUN: maximizeWindow()

2019-06-27 17:20:18 - [TEST_STEP][PASSED] - ofbizURL = findTestData("credData").getValue("ofbizURL", 1): null

2019-06-27 17:20:19 - [TEST_STEP][PASSED] - ofbizuser = findTestData("credData").getValue("ofbizuser", 1): null

2019-06-27 17:20:19 - [TEST_STEP][PASSED] - ofbizpass = findTestData("credData").getValue("ofbizpass", 1): null

2019-06-27 17:20:19 - [TEST_STEP][PASSED] - navigateToUrl(ofbizURL): Navigate to 'https://pushofbiz.cliotest.com/login.php' successfully

2019-06-27 17:20:21 - [MESSAGE][PASSED] - Navigate to 'https://pushofbiz.cliotest.com/login.php' successfully

2019-06-27 17:20:21 - [TEST_STEP][PASSED] - setText(findTestObject("Page_/input_Username_username"), ofbizuser): Text 'automation' is set on object 'Object Repository/Page_/input_Username_username'

2019-06-27 17:20:21 - [MESSAGE][PASSED] - Text 'automation' is set on object 'Object Repository/Page_/input_Username_username'

2019-06-27 17:20:21 - [TEST_STEP][PASSED] - setText(findTestObject("Page_/input_Password_password"), ofbizpass): Text 'cabiautomation' is set on object 'Object Repository/Page_/input_Password_password'

2019-06-27 17:20:21 - [MESSAGE][PASSED] - Text 'cabiautomation' is set on object 'Object Repository/Page_/input_Password_password'

2019-06-27 17:20:21 - [TEST_STEP][PASSED] - click(findTestObject("Page_/input_Password_Submit")): Object: 'Object Repository/Page_/input_Password_Submit' is clicked on

2019-06-27 17:20:24 - [MESSAGE][PASSED] - Object: 'Object Repository/Page_/input_Password_Submit' is clicked on

2019-06-27 17:20:24 - [TEST_STEP][PASSED] - click(findTestObject("Object Repository/Page_/a_Clock set")): Object: 'Object Repository/Page_/a_Clock set' is clicked on

2019-06-27 17:20:25 - [MESSAGE][PASSED] - Object: 'Object Repository/Page_/a_Clock set' is clicked on

2019-06-27 17:20:25 - [TEST_STEP][PASSED] - click(UtilityMethods.createTestObject("select_target", "//select[@name='Target']/option[contains(text(), '", serverTarget, "')]")): Object: 'select_target' is clicked on

2019-06-27 17:20:25 - [MESSAGE][PASSED] - Object: 'select_target' is clicked on

2019-06-27 17:20:25 - [TEST_STEP][PASSED] - click(findTestObject("Page_/thisDateAndTime")): Object: 'Object Repository/Page_/thisDateAndTime' is clicked on

2019-06-27 17:20:25 - [MESSAGE][PASSED] - Object: 'Object Repository/Page_/thisDateAndTime' is clicked on

2019-06-27 17:20:25 - [TEST_STEP][PASSED] - setText(findTestObject("Object Repository/Page_/setTargetTime"), timeZone): Text ' 05/08/2019 7:00' is set on object 'Object Repository/Page_/setTargetTime'

2019-06-27 17:20:25 - [MESSAGE][PASSED] - Text ' 05/08/2019 7:00' is set on object 'Object Repository/Page_/setTargetTime'

2019-06-27 17:20:25 - [TEST_STEP][PASSED] - click(findTestObject("Object Repository/Page_/input")): Object: 'Object Repository/Page_/input' is clicked on

2019-06-27 17:20:26 - [MESSAGE][PASSED] - Object: 'Object Repository/Page_/input' is clicked on

2019-06-27 17:20:26 - [TEST_STEP][PASSED] - delay(10): Delayed 10 second(s)

2019-06-27 17:20:36 - [MESSAGE][PASSED] - Delayed 10 second(s)

2019-06-27 17:20:36 - [TEST_STEP][NOT_RUN] - closeBrowser(): NOT_RUN: closeBrowser()

2019-06-27 17:20:36 - [MESSAGE][NOT_RUN] - NOT_RUN: closeBrowser()

2019-06-27 17:20:36 - [MESSAGE][PASSED] - Call Test Case 'Test Cases/NewArrival/setTimezone' successfully

2019-06-27 17:20:36 - [TEST_STEP][PASSED] - callTestCase(findTestCase("TestCaseUtilities/backOfficeLogin"), ["BOURL":"", "BOuser":"", "BOpass":""], STOP_ON_FAILURE): Call Test Case 'Test Cases/TestCaseUtilities/backOfficeLogin' successfully

2019-06-27 17:20:36 - [TEST_CASE][PASSED] - Test Cases/TestCaseUtilities/backOfficeLogin: Test Cases/TestCaseUtilities/backOfficeLogin

2019-06-27 17:20:36 - [TEST_STEP][PASSED] - BOURL = findTestData("credData").getValue("BOURL", 1): null

2019-06-27 17:20:36 - [TEST_STEP][PASSED] - BOuser = findTestData("credData").getValue("BOuser", 1): null

2019-06-27 17:20:36 - [TEST_STEP][PASSED] - BOpass = findTestData("credData").getValue("BOpass", 1): null

2019-06-27 17:20:36 - [TEST_STEP][PASSED] - navigateToUrl(BOURL): Navigate to 'https://test14.cliotest.com/backoffice/control/main' successfully

2019-06-27 17:20:38 - [MESSAGE][PASSED] - Navigate to 'https://test14.cliotest.com/backoffice/control/main' successfully

2019-06-27 17:20:38 - [TEST_STEP][PASSED] - logOut = findWebElements(findTestObject("Object Repository/Page_cabi Home/log_out"), 1): Unable to find the element located by 'By.xpath: //a[contains(text(),'Log Out')]'. Please recheck the objects properties to make sure the desired element is located. 

2019-06-27 17:20:40 - [MESSAGE][INFO] - Unable to find the element located by 'By.xpath: //a[contains(text(),'Log Out')]'. Please recheck the objects properties to make sure the desired element is located. 

2019-06-27 17:20:40 - [TEST_STEP][PASSED] - if (logOut.size() == 0): Object: 'Object Repository/Page_cabi/input_Welcome to_consultantLogin' is clicked on

2019-06-27 17:20:40 - [TEST_STEP][PASSED] - setText(findTestObject("Page_cabi/input_Welcome to_USERNAME"), BOuser): Text '400000002' is set on object 'Object Repository/Page_cabi/input_Welcome to_USERNAME'

2019-06-27 17:20:40 - [MESSAGE][PASSED] - Text '400000002' is set on object 'Object Repository/Page_cabi/input_Welcome to_USERNAME'

2019-06-27 17:20:40 - [TEST_STEP][PASSED] - setText(findTestObject("Object Repository/Page_cabi/input_Welcome to_PASSWORD"), BOpass): Text 'blackdress19' is set on object 'Object Repository/Page_cabi/input_Welcome to_PASSWORD'

2019-06-27 17:20:40 - [MESSAGE][PASSED] - Text 'blackdress19' is set on object 'Object Repository/Page_cabi/input_Welcome to_PASSWORD'

2019-06-27 17:20:40 - [TEST_STEP][PASSED] - click(findTestObject("Object Repository/Page_cabi/input_Welcome to_consultantLogin")): Object: 'Object Repository/Page_cabi/input_Welcome to_consultantLogin' is clicked on

2019-06-27 17:20:45 - [MESSAGE][PASSED] - Object: 'Object Repository/Page_cabi/input_Welcome to_consultantLogin' is clicked on

2019-06-27 17:20:45 - [TEST_STEP][PASSED] - delay(3): Delayed 3 second(s)

2019-06-27 17:20:48 - [MESSAGE][PASSED] - Delayed 3 second(s)

2019-06-27 17:20:48 - [MESSAGE][PASSED] - Call Test Case 'Test Cases/TestCaseUtilities/backOfficeLogin' successfully

2019-06-27 17:20:48 - [TEST_STEP][PASSED] - click(findTestObject("Object Repository/Page_cabi Home/a_Shows  Orders")): Object: 'Object Repository/Page_cabi Home/a_Shows  Orders' is clicked on

2019-06-27 17:20:48 - [MESSAGE][PASSED] - Object: 'Object Repository/Page_cabi Home/a_Shows  Orders' is clicked on

2019-06-27 17:20:48 - [TEST_STEP][PASSED] - delay(3): Delayed 3 second(s)

2019-06-27 17:20:51 - [MESSAGE][PASSED] - Delayed 3 second(s)

2019-06-27 17:20:51 - [TEST_STEP][PASSED] - rightClick(findTestObject("Page_cabi Home/a_online_outline_purchases")): Object: 'Object Repository/Page_cabi Home/a_online_outline_purchases' is right clicked on

2019-06-27 17:20:51 - [MESSAGE][PASSED] - Object: 'Object Repository/Page_cabi Home/a_online_outline_purchases' is right clicked on

2019-06-27 17:20:51 - [TEST_STEP][PASSED] - click(findTestObject("Page_cabi Home/a_online_outline_purchases")): Object: 'Object Repository/Page_cabi Home/a_online_outline_purchases' is clicked on

2019-06-27 17:20:56 - [MESSAGE][PASSED] - Object: 'Object Repository/Page_cabi Home/a_online_outline_purchases' is clicked on

2019-06-27 17:20:56 - [TEST_STEP][PASSED] - click(findTestObject("Object Repository/Page_cabi Online Outlet Store/span_Continue to Order")): Object: 'Object Repository/Page_cabi Online Outlet Store/span_Continue to Order' is clicked on

2019-06-27 17:20:56 - [MESSAGE][PASSED] - Object: 'Object Repository/Page_cabi Online Outlet Store/span_Continue to Order' is clicked on

2019-06-27 17:20:56 - [TEST_STEP][PASSED] - callTestCase(findTestCase("NewArrival/productVerify"), ["available":BOOnlineoutlet, "storeType":"BOOnlineoutlet"], STOP_ON_FAILURE): Call Test Case 'Test Cases/NewArrival/productVerify' successfully

2019-06-27 17:20:56 - [TEST_CASE][PASSED] - Test Cases/NewArrival/productVerify: Test Cases/NewArrival/productVerify

2019-06-27 17:20:56 - [TEST_STEP][PASSED] - for ([row = 1, row <= findTestData("productData").getRowNumbers(), (row++)]): Actual text and expected text of test object 'Object Repository/Page_cabi Order Items/no_result_found' are matched.

2019-06-27 17:20:56 - [TEST_STEP][PASSED] - setText(findTestObject("Object Repository/Page_cabi Order Items/input_New Arrivals - Blooming Blush_style"), findTestData("productData").getValue("Style", row)): Text '5618' is set on object 'Object Repository/Page_cabi Order Items/input_New Arrivals - Blooming Blush_style'

2019-06-27 17:20:58 - [MESSAGE][PASSED] - Text '5618' is set on object 'Object Repository/Page_cabi Order Items/input_New Arrivals - Blooming Blush_style'

2019-06-27 17:20:58 - [TEST_STEP][PASSED] - sendKeys(findTestObject("Object Repository/Page_cabi Order Items/input_New Arrivals - Blooming Blush_style"), Keys.chord(ENTER)): Keys 'ENTER + ' sent to object: 'Object Repository/Page_cabi Order Items/input_New Arrivals - Blooming Blush_style'

2019-06-27 17:20:58 - [MESSAGE][PASSED] - Keys 'ENTER + ' sent to object: 'Object Repository/Page_cabi Order Items/input_New Arrivals - Blooming Blush_style'

2019-06-27 17:20:58 - [TEST_STEP][PASSED] - delay(5): Delayed 5 second(s)

2019-06-27 17:21:03 - [MESSAGE][PASSED] - Delayed 5 second(s)

2019-06-27 17:21:03 - [TEST_STEP][PASSED] - if (toString().equalsIgnoreCase("no")): Actual text and expected text of test object 'Object Repository/Page_cabi Order Items/no_result_found' are matched.

2019-06-27 17:21:03 - [TEST_STEP][PASSED] - noResultMessages = findWebElements(findTestObject("Page_cabi Order Items/no_result_found"), 5): null

2019-06-27 17:21:03 - [TEST_STEP][PASSED] - assert noResultMessages.size() > 0: null

2019-06-27 17:21:03 - [TEST_STEP][PASSED] - verifyElementText(findTestObject("Page_cabi Order Items/no_result_found"), "No Results Found!"): Actual text and expected text of test object 'Object Repository/Page_cabi Order Items/no_result_found' are matched.

2019-06-27 17:21:03 - [MESSAGE][PASSED] - Actual text and expected text of test object 'Object Repository/Page_cabi Order Items/no_result_found' are matched.

2019-06-27 17:21:03 - [MESSAGE][PASSED] - Call Test Case 'Test Cases/NewArrival/productVerify' successfully

2019-06-27 17:21:03 - [TEST_STEP][PASSED] - callTestCase(findTestCase("NewArrival/populateTimeGlobalVars"), ["row":timeRow], STOP_ON_FAILURE): Call Test Case 'Test Cases/NewArrival/populateTimeGlobalVars' successfully

2019-06-27 17:21:04 - [TEST_CASE][PASSED] - Test Cases/NewArrival/populateTimeGlobalVars: Test Cases/NewArrival/populateTimeGlobalVars

2019-06-27 17:21:04 - [TEST_STEP][PASSED] - dataFile = "timezoneData": null

2019-06-27 17:21:04 - [TEST_STEP][PASSED] - serverTarget = UtilityMethods.getTestData(dataFile, "serverTarget", row): null

2019-06-27 17:21:04 - [TEST_STEP][PASSED] - orderType = UtilityMethods.getTestData(dataFile, "orderType", row): null

2019-06-27 17:21:04 - [TEST_STEP][PASSED] - timeZone = UtilityMethods.getTestData(dataFile, "timeZone", row): null

2019-06-27 17:21:04 - [TEST_STEP][PASSED] - BOPersonal = UtilityMethods.getTestData(dataFile, "BOPersonal", row): null

2019-06-27 17:21:04 - [TEST_STEP][PASSED] - BOAddonPersonal = UtilityMethods.getTestData(dataFile, "BOAddonPersonal", row): null

2019-06-27 17:21:04 - [TEST_STEP][PASSED] - BOAddonRetail = UtilityMethods.getTestData(dataFile, "BOAddonRetail", row): null

2019-06-27 17:21:04 - [TEST_STEP][PASSED] - BORetail = UtilityMethods.getTestData(dataFile, "BORetail", row): null

2019-06-27 17:21:04 - [TEST_STEP][PASSED] - BOShow = UtilityMethods.getTestData(dataFile, "BOShow", row): null

2019-06-27 17:21:04 - [TEST_STEP][PASSED] - BOOnlineoutlet = UtilityMethods.getTestData(dataFile, "BOOnlineoutlet", row): null

2019-06-27 17:21:04 - [TEST_STEP][PASSED] - BOEmployee = UtilityMethods.getTestData(dataFile, "BOEmployee", row): null

2019-06-27 17:21:04 - [TEST_STEP][PASSED] - CCPersonal = UtilityMethods.getTestData(dataFile, "CCPersonal", row): null

2019-06-27 17:21:04 - [TEST_STEP][PASSED] - CCRetail = UtilityMethods.getTestData(dataFile, "CCRetail", row): null

2019-06-27 17:21:04 - [TEST_STEP][PASSED] - CCShow = UtilityMethods.getTestData(dataFile, "CCShow", row): null

2019-06-27 17:21:04 - [TEST_STEP][PASSED] - BOEblast = UtilityMethods.getTestData(dataFile, "BOEblast", row): null

2019-06-27 17:21:04 - [MESSAGE][PASSED] - Call Test Case 'Test Cases/NewArrival/populateTimeGlobalVars' successfully

2019-06-27 17:21:04 - [TEST_STEP][PASSED] - callTestCase(findTestCase("NewArrival/setTimezone"), ["ofbizURL":"", "ofbizuser":"", "ofbizpass":"", "orderType":orderType, "timeZone":timeZone, "serverTarget":serverTarget], STOP_ON_FAILURE): Call Test Case 'Test Cases/NewArrival/setTimezone' successfully

2019-06-27 17:21:04 - [TEST_CASE][PASSED] - Test Cases/NewArrival/setTimezone: Test Cases/NewArrival/setTimezone

2019-06-27 17:21:04 - [TEST_STEP][NOT_RUN] - openBrowser(""): NOT_RUN: openBrowser("")

2019-06-27 17:21:04 - [MESSAGE][NOT_RUN] - NOT_RUN: openBrowser("")

2019-06-27 17:21:04 - [TEST_STEP][NOT_RUN] - maximizeWindow(): NOT_RUN: maximizeWindow()

2019-06-27 17:21:04 - [MESSAGE][NOT_RUN] - NOT_RUN: maximizeWindow()

2019-06-27 17:21:04 - [TEST_STEP][PASSED] - ofbizURL = findTestData("credData").getValue("ofbizURL", 1): null

2019-06-27 17:21:04 - [TEST_STEP][PASSED] - ofbizuser = findTestData("credData").getValue("ofbizuser", 1): null

2019-06-27 17:21:04 - [TEST_STEP][PASSED] - ofbizpass = findTestData("credData").getValue("ofbizpass", 1): null

2019-06-27 17:21:04 - [TEST_STEP][PASSED] - navigateToUrl(ofbizURL): Navigate to 'https://pushofbiz.cliotest.com/login.php' successfully

2019-06-27 17:21:06 - [MESSAGE][PASSED] - Navigate to 'https://pushofbiz.cliotest.com/login.php' successfully

2019-06-27 17:21:06 - [TEST_STEP][PASSED] - setText(findTestObject("Page_/input_Username_username"), ofbizuser): Text 'automation' is set on object 'Object Repository/Page_/input_Username_username'

2019-06-27 17:21:06 - [MESSAGE][PASSED] - Text 'automation' is set on object 'Object Repository/Page_/input_Username_username'

2019-06-27 17:21:06 - [TEST_STEP][PASSED] - setText(findTestObject("Page_/input_Password_password"), ofbizpass): Text 'cabiautomation' is set on object 'Object Repository/Page_/input_Password_password'

2019-06-27 17:21:06 - [MESSAGE][PASSED] - Text 'cabiautomation' is set on object 'Object Repository/Page_/input_Password_password'

2019-06-27 17:21:06 - [TEST_STEP][PASSED] - click(findTestObject("Page_/input_Password_Submit")): Object: 'Object Repository/Page_/input_Password_Submit' is clicked on

2019-06-27 17:21:10 - [MESSAGE][PASSED] - Object: 'Object Repository/Page_/input_Password_Submit' is clicked on

2019-06-27 17:21:10 - [TEST_STEP][PASSED] - click(findTestObject("Object Repository/Page_/a_Clock set")): Object: 'Object Repository/Page_/a_Clock set' is clicked on

2019-06-27 17:21:10 - [MESSAGE][PASSED] - Object: 'Object Repository/Page_/a_Clock set' is clicked on

2019-06-27 17:21:10 - [TEST_STEP][PASSED] - click(UtilityMethods.createTestObject("select_target", "//select[@name='Target']/option[contains(text(), '", serverTarget, "')]")): Object: 'select_target' is clicked on

2019-06-27 17:21:10 - [MESSAGE][PASSED] - Object: 'select_target' is clicked on

2019-06-27 17:21:10 - [TEST_STEP][PASSED] - click(findTestObject("Page_/thisDateAndTime")): Object: 'Object Repository/Page_/thisDateAndTime' is clicked on

2019-06-27 17:21:11 - [MESSAGE][PASSED] - Object: 'Object Repository/Page_/thisDateAndTime' is clicked on

2019-06-27 17:21:11 - [TEST_STEP][PASSED] - setText(findTestObject("Object Repository/Page_/setTargetTime"), timeZone): Text ' 05/22/2019 00:00' is set on object 'Object Repository/Page_/setTargetTime'

2019-06-27 17:21:11 - [MESSAGE][PASSED] - Text ' 05/22/2019 00:00' is set on object 'Object Repository/Page_/setTargetTime'

2019-06-27 17:21:11 - [TEST_STEP][PASSED] - click(findTestObject("Object Repository/Page_/input")): Object: 'Object Repository/Page_/input' is clicked on

2019-06-27 17:21:11 - [MESSAGE][PASSED] - Object: 'Object Repository/Page_/input' is clicked on

2019-06-27 17:21:11 - [TEST_STEP][PASSED] - delay(10): Delayed 10 second(s)

2019-06-27 17:21:22 - [MESSAGE][PASSED] - Delayed 10 second(s)

2019-06-27 17:21:22 - [TEST_STEP][NOT_RUN] - closeBrowser(): NOT_RUN: closeBrowser()

2019-06-27 17:21:22 - [MESSAGE][NOT_RUN] - NOT_RUN: closeBrowser()

2019-06-27 17:21:22 - [MESSAGE][PASSED] - Call Test Case 'Test Cases/NewArrival/setTimezone' successfully

2019-06-27 17:21:22 - [TEST_STEP][PASSED] - callTestCase(findTestCase("TestCaseUtilities/backOfficeLogin"), ["BOURL":"", "BOuser":"", "BOpass":""], STOP_ON_FAILURE): Call Test Case 'Test Cases/TestCaseUtilities/backOfficeLogin' successfully

2019-06-27 17:21:22 - [TEST_CASE][PASSED] - Test Cases/TestCaseUtilities/backOfficeLogin: Test Cases/TestCaseUtilities/backOfficeLogin

2019-06-27 17:21:22 - [TEST_STEP][PASSED] - BOURL = findTestData("credData").getValue("BOURL", 1): null

2019-06-27 17:21:22 - [TEST_STEP][PASSED] - BOuser = findTestData("credData").getValue("BOuser", 1): null

2019-06-27 17:21:22 - [TEST_STEP][PASSED] - BOpass = findTestData("credData").getValue("BOpass", 1): null

2019-06-27 17:21:22 - [TEST_STEP][PASSED] - navigateToUrl(BOURL): Navigate to 'https://test14.cliotest.com/backoffice/control/main' successfully

2019-06-27 17:21:24 - [MESSAGE][PASSED] - Navigate to 'https://test14.cliotest.com/backoffice/control/main' successfully

2019-06-27 17:21:24 - [TEST_STEP][PASSED] - logOut = findWebElements(findTestObject("Object Repository/Page_cabi Home/log_out"), 1): Unable to find the element located by 'By.xpath: //a[contains(text(),'Log Out')]'. Please recheck the objects properties to make sure the desired element is located. 

2019-06-27 17:21:25 - [MESSAGE][INFO] - Unable to find the element located by 'By.xpath: //a[contains(text(),'Log Out')]'. Please recheck the objects properties to make sure the desired element is located. 

2019-06-27 17:21:25 - [TEST_STEP][PASSED] - if (logOut.size() == 0): Object: 'Object Repository/Page_cabi/input_Welcome to_consultantLogin' is clicked on

2019-06-27 17:21:25 - [TEST_STEP][PASSED] - setText(findTestObject("Page_cabi/input_Welcome to_USERNAME"), BOuser): Text '400000002' is set on object 'Object Repository/Page_cabi/input_Welcome to_USERNAME'

2019-06-27 17:21:25 - [MESSAGE][PASSED] - Text '400000002' is set on object 'Object Repository/Page_cabi/input_Welcome to_USERNAME'

2019-06-27 17:21:25 - [TEST_STEP][PASSED] - setText(findTestObject("Object Repository/Page_cabi/input_Welcome to_PASSWORD"), BOpass): Text 'blackdress19' is set on object 'Object Repository/Page_cabi/input_Welcome to_PASSWORD'

2019-06-27 17:21:26 - [MESSAGE][PASSED] - Text 'blackdress19' is set on object 'Object Repository/Page_cabi/input_Welcome to_PASSWORD'

2019-06-27 17:21:26 - [TEST_STEP][PASSED] - click(findTestObject("Object Repository/Page_cabi/input_Welcome to_consultantLogin")): Object: 'Object Repository/Page_cabi/input_Welcome to_consultantLogin' is clicked on

2019-06-27 17:21:32 - [MESSAGE][PASSED] - Object: 'Object Repository/Page_cabi/input_Welcome to_consultantLogin' is clicked on

2019-06-27 17:21:32 - [TEST_STEP][PASSED] - delay(3): Delayed 3 second(s)

2019-06-27 17:21:35 - [MESSAGE][PASSED] - Delayed 3 second(s)

2019-06-27 17:21:35 - [MESSAGE][PASSED] - Call Test Case 'Test Cases/TestCaseUtilities/backOfficeLogin' successfully

2019-06-27 17:21:35 - [TEST_STEP][PASSED] - click(findTestObject("Object Repository/Page_cabi Home/a_Shows  Orders")): Object: 'Object Repository/Page_cabi Home/a_Shows  Orders' is clicked on

2019-06-27 17:21:36 - [MESSAGE][PASSED] - Object: 'Object Repository/Page_cabi Home/a_Shows  Orders' is clicked on

2019-06-27 17:21:36 - [TEST_STEP][PASSED] - delay(3): Delayed 3 second(s)

2019-06-27 17:21:39 - [MESSAGE][PASSED] - Delayed 3 second(s)

2019-06-27 17:21:39 - [TEST_STEP][PASSED] - rightClick(findTestObject("Page_cabi Home/a_online_outline_purchases")): Object: 'Object Repository/Page_cabi Home/a_online_outline_purchases' is right clicked on

2019-06-27 17:21:39 - [MESSAGE][PASSED] - Object: 'Object Repository/Page_cabi Home/a_online_outline_purchases' is right clicked on

2019-06-27 17:21:39 - [TEST_STEP][PASSED] - click(findTestObject("Page_cabi Home/a_online_outline_purchases")): Object: 'Object Repository/Page_cabi Home/a_online_outline_purchases' is clicked on

2019-06-27 17:21:44 - [MESSAGE][PASSED] - Object: 'Object Repository/Page_cabi Home/a_online_outline_purchases' is clicked on

2019-06-27 17:21:44 - [TEST_STEP][PASSED] - click(findTestObject("Object Repository/Page_cabi Online Outlet Store/span_Continue to Order")): Object: 'Object Repository/Page_cabi Online Outlet Store/span_Continue to Order' is clicked on

2019-06-27 17:21:44 - [MESSAGE][PASSED] - Object: 'Object Repository/Page_cabi Online Outlet Store/span_Continue to Order' is clicked on

2019-06-27 17:21:44 - [TEST_STEP][PASSED] - callTestCase(findTestCase("NewArrival/productVerify"), ["available":BOOnlineoutlet, "storeType":"BOOnlineoutlet"], STOP_ON_FAILURE): Call Test Case 'Test Cases/NewArrival/productVerify' successfully

2019-06-27 17:21:44 - [TEST_CASE][PASSED] - Test Cases/NewArrival/productVerify: Test Cases/NewArrival/productVerify

2019-06-27 17:21:44 - [TEST_STEP][PASSED] - for ([row = 1, row <= findTestData("productData").getRowNumbers(), (row++)]): Actual text and expected text of test object 'Object Repository/Page_cabi Order Items/no_result_found' are matched.

2019-06-27 17:21:44 - [TEST_STEP][PASSED] - setText(findTestObject("Object Repository/Page_cabi Order Items/input_New Arrivals - Blooming Blush_style"), findTestData("productData").getValue("Style", row)): Text '5618' is set on object 'Object Repository/Page_cabi Order Items/input_New Arrivals - Blooming Blush_style'

2019-06-27 17:21:46 - [MESSAGE][PASSED] - Text '5618' is set on object 'Object Repository/Page_cabi Order Items/input_New Arrivals - Blooming Blush_style'

2019-06-27 17:21:46 - [TEST_STEP][PASSED] - sendKeys(findTestObject("Object Repository/Page_cabi Order Items/input_New Arrivals - Blooming Blush_style"), Keys.chord(ENTER)): Keys 'ENTER + ' sent to object: 'Object Repository/Page_cabi Order Items/input_New Arrivals - Blooming Blush_style'

2019-06-27 17:21:46 - [MESSAGE][PASSED] - Keys 'ENTER + ' sent to object: 'Object Repository/Page_cabi Order Items/input_New Arrivals - Blooming Blush_style'

2019-06-27 17:21:46 - [TEST_STEP][PASSED] - delay(5): Delayed 5 second(s)

2019-06-27 17:21:51 - [MESSAGE][PASSED] - Delayed 5 second(s)

2019-06-27 17:21:51 - [TEST_STEP][PASSED] - if (toString().equalsIgnoreCase("no")): Actual text and expected text of test object 'Object Repository/Page_cabi Order Items/no_result_found' are matched.

2019-06-27 17:21:51 - [TEST_STEP][PASSED] - noResultMessages = findWebElements(findTestObject("Page_cabi Order Items/no_result_found"), 5): null

2019-06-27 17:21:51 - [TEST_STEP][PASSED] - assert noResultMessages.size() > 0: null

2019-06-27 17:21:51 - [TEST_STEP][PASSED] - verifyElementText(findTestObject("Page_cabi Order Items/no_result_found"), "No Results Found!"): Actual text and expected text of test object 'Object Repository/Page_cabi Order Items/no_result_found' are matched.

2019-06-27 17:21:51 - [MESSAGE][PASSED] - Actual text and expected text of test object 'Object Repository/Page_cabi Order Items/no_result_found' are matched.

2019-06-27 17:21:51 - [MESSAGE][PASSED] - Call Test Case 'Test Cases/NewArrival/productVerify' successfully]]></system-out>
         <system-err><![CDATA[]]></system-err>
      </testcase>
      <testcase name="Test Cases/NewArrival/BOPersonal" classname="Test Cases/NewArrival/BOPersonal" status="PASSED">
         <system-out><![CDATA[2019-06-27 17:21:51 - [TEST_CASE][PASSED] - Test Cases/NewArrival/BOPersonal: Test Cases/NewArrival/BOPersonal

2019-06-27 17:21:51 - [TEST_STEP][PASSED] - Start listener action : sampleBeforeTestCase: null

2019-06-27 17:21:51 - [TEST_STEP][PASSED] - println(testCaseContext.getTestCaseId()): null

2019-06-27 17:21:51 - [TEST_STEP][PASSED] - println(testCaseContext.getTestCaseVariables()): null

2019-06-27 17:21:52 - [TEST_STEP][PASSED] - openBrowser(""): Browser is opened with url: ''

2019-06-27 17:21:52 - [MESSAGE][WARNING] - A browser is already opened. Closing browser and opening a new one

2019-06-27 17:21:53 - [MESSAGE][INFO] - Starting 'Chrome' driver

2019-06-27 17:21:53 - [MESSAGE][INFO] - User set preference: ['args', '[--use-fake-ui-for-media-stream, --start-maximized]']

2019-06-27 17:21:55 - [MESSAGE][PASSED] - Browser is opened with url: ''

2019-06-27 17:21:55 - [TEST_STEP][PASSED] - for ([timeRow = 1, timeRow <= findTestData("timezoneData").getRowNumbers(), (timeRow++)]): Call Test Case 'Test Cases/NewArrival/productVerify' successfully

2019-06-27 17:21:55 - [TEST_STEP][PASSED] - callTestCase(findTestCase("NewArrival/populateTimeGlobalVars"), ["row":timeRow], STOP_ON_FAILURE): Call Test Case 'Test Cases/NewArrival/populateTimeGlobalVars' successfully

2019-06-27 17:21:55 - [TEST_CASE][PASSED] - Test Cases/NewArrival/populateTimeGlobalVars: Test Cases/NewArrival/populateTimeGlobalVars

2019-06-27 17:21:55 - [TEST_STEP][PASSED] - dataFile = "timezoneData": null

2019-06-27 17:21:55 - [TEST_STEP][PASSED] - serverTarget = UtilityMethods.getTestData(dataFile, "serverTarget", row): null

2019-06-27 17:21:55 - [TEST_STEP][PASSED] - orderType = UtilityMethods.getTestData(dataFile, "orderType", row): null

2019-06-27 17:21:55 - [TEST_STEP][PASSED] - timeZone = UtilityMethods.getTestData(dataFile, "timeZone", row): null

2019-06-27 17:21:55 - [TEST_STEP][PASSED] - BOPersonal = UtilityMethods.getTestData(dataFile, "BOPersonal", row): null

2019-06-27 17:21:55 - [TEST_STEP][PASSED] - BOAddonPersonal = UtilityMethods.getTestData(dataFile, "BOAddonPersonal", row): null

2019-06-27 17:21:55 - [TEST_STEP][PASSED] - BOAddonRetail = UtilityMethods.getTestData(dataFile, "BOAddonRetail", row): null

2019-06-27 17:21:55 - [TEST_STEP][PASSED] - BORetail = UtilityMethods.getTestData(dataFile, "BORetail", row): null

2019-06-27 17:21:55 - [TEST_STEP][PASSED] - BOShow = UtilityMethods.getTestData(dataFile, "BOShow", row): null

2019-06-27 17:21:55 - [TEST_STEP][PASSED] - BOOnlineoutlet = UtilityMethods.getTestData(dataFile, "BOOnlineoutlet", row): null

2019-06-27 17:21:55 - [TEST_STEP][PASSED] - BOEmployee = UtilityMethods.getTestData(dataFile, "BOEmployee", row): null

2019-06-27 17:21:55 - [TEST_STEP][PASSED] - CCPersonal = UtilityMethods.getTestData(dataFile, "CCPersonal", row): null

2019-06-27 17:21:55 - [TEST_STEP][PASSED] - CCRetail = UtilityMethods.getTestData(dataFile, "CCRetail", row): null

2019-06-27 17:21:55 - [TEST_STEP][PASSED] - CCShow = UtilityMethods.getTestData(dataFile, "CCShow", row): null

2019-06-27 17:21:55 - [TEST_STEP][PASSED] - BOEblast = UtilityMethods.getTestData(dataFile, "BOEblast", row): null

2019-06-27 17:21:55 - [MESSAGE][PASSED] - Call Test Case 'Test Cases/NewArrival/populateTimeGlobalVars' successfully

2019-06-27 17:21:55 - [TEST_STEP][PASSED] - callTestCase(findTestCase("NewArrival/setTimezone"), ["ofbizURL":"", "ofbizuser":"", "ofbizpass":"", "orderType":orderType, "timeZone":timeZone, "serverTarget":serverTarget], STOP_ON_FAILURE): Call Test Case 'Test Cases/NewArrival/setTimezone' successfully

2019-06-27 17:21:55 - [TEST_CASE][PASSED] - Test Cases/NewArrival/setTimezone: Test Cases/NewArrival/setTimezone

2019-06-27 17:21:55 - [TEST_STEP][NOT_RUN] - openBrowser(""): NOT_RUN: openBrowser("")

2019-06-27 17:21:55 - [MESSAGE][NOT_RUN] - NOT_RUN: openBrowser("")

2019-06-27 17:21:55 - [TEST_STEP][NOT_RUN] - maximizeWindow(): NOT_RUN: maximizeWindow()

2019-06-27 17:21:55 - [MESSAGE][NOT_RUN] - NOT_RUN: maximizeWindow()

2019-06-27 17:21:55 - [TEST_STEP][PASSED] - ofbizURL = findTestData("credData").getValue("ofbizURL", 1): null

2019-06-27 17:21:55 - [TEST_STEP][PASSED] - ofbizuser = findTestData("credData").getValue("ofbizuser", 1): null

2019-06-27 17:21:55 - [TEST_STEP][PASSED] - ofbizpass = findTestData("credData").getValue("ofbizpass", 1): null

2019-06-27 17:21:55 - [TEST_STEP][PASSED] - navigateToUrl(ofbizURL): Navigate to 'https://pushofbiz.cliotest.com/login.php' successfully

2019-06-27 17:21:57 - [MESSAGE][PASSED] - Navigate to 'https://pushofbiz.cliotest.com/login.php' successfully

2019-06-27 17:21:57 - [TEST_STEP][PASSED] - setText(findTestObject("Page_/input_Username_username"), ofbizuser): Text 'automation' is set on object 'Object Repository/Page_/input_Username_username'

2019-06-27 17:21:58 - [MESSAGE][PASSED] - Text 'automation' is set on object 'Object Repository/Page_/input_Username_username'

2019-06-27 17:21:58 - [TEST_STEP][PASSED] - setText(findTestObject("Page_/input_Password_password"), ofbizpass): Text 'cabiautomation' is set on object 'Object Repository/Page_/input_Password_password'

2019-06-27 17:21:58 - [MESSAGE][PASSED] - Text 'cabiautomation' is set on object 'Object Repository/Page_/input_Password_password'

2019-06-27 17:21:58 - [TEST_STEP][PASSED] - click(findTestObject("Page_/input_Password_Submit")): Object: 'Object Repository/Page_/input_Password_Submit' is clicked on

2019-06-27 17:22:01 - [MESSAGE][PASSED] - Object: 'Object Repository/Page_/input_Password_Submit' is clicked on

2019-06-27 17:22:01 - [TEST_STEP][PASSED] - click(findTestObject("Object Repository/Page_/a_Clock set")): Object: 'Object Repository/Page_/a_Clock set' is clicked on

2019-06-27 17:22:02 - [MESSAGE][PASSED] - Object: 'Object Repository/Page_/a_Clock set' is clicked on

2019-06-27 17:22:02 - [TEST_STEP][PASSED] - click(UtilityMethods.createTestObject("select_target", "//select[@name='Target']/option[contains(text(), '", serverTarget, "')]")): Object: 'select_target' is clicked on

2019-06-27 17:22:02 - [MESSAGE][PASSED] - Object: 'select_target' is clicked on

2019-06-27 17:22:02 - [TEST_STEP][PASSED] - click(findTestObject("Page_/thisDateAndTime")): Object: 'Object Repository/Page_/thisDateAndTime' is clicked on

2019-06-27 17:22:02 - [MESSAGE][PASSED] - Object: 'Object Repository/Page_/thisDateAndTime' is clicked on

2019-06-27 17:22:02 - [TEST_STEP][PASSED] - setText(findTestObject("Object Repository/Page_/setTargetTime"), timeZone): Text ' 04/17/2019 7:00' is set on object 'Object Repository/Page_/setTargetTime'

2019-06-27 17:22:02 - [MESSAGE][PASSED] - Text ' 04/17/2019 7:00' is set on object 'Object Repository/Page_/setTargetTime'

2019-06-27 17:22:02 - [TEST_STEP][PASSED] - click(findTestObject("Object Repository/Page_/input")): Object: 'Object Repository/Page_/input' is clicked on

2019-06-27 17:22:03 - [MESSAGE][PASSED] - Object: 'Object Repository/Page_/input' is clicked on

2019-06-27 17:22:03 - [TEST_STEP][PASSED] - delay(10): Delayed 10 second(s)

2019-06-27 17:22:13 - [MESSAGE][PASSED] - Delayed 10 second(s)

2019-06-27 17:22:13 - [TEST_STEP][NOT_RUN] - closeBrowser(): NOT_RUN: closeBrowser()

2019-06-27 17:22:13 - [MESSAGE][NOT_RUN] - NOT_RUN: closeBrowser()

2019-06-27 17:22:13 - [MESSAGE][PASSED] - Call Test Case 'Test Cases/NewArrival/setTimezone' successfully

2019-06-27 17:22:13 - [TEST_STEP][PASSED] - callTestCase(findTestCase("TestCaseUtilities/backOfficeLogin"), ["BOURL":"", "BOuser":"", "BOpass":""], STOP_ON_FAILURE): Call Test Case 'Test Cases/TestCaseUtilities/backOfficeLogin' successfully

2019-06-27 17:22:13 - [TEST_CASE][PASSED] - Test Cases/TestCaseUtilities/backOfficeLogin: Test Cases/TestCaseUtilities/backOfficeLogin

2019-06-27 17:22:13 - [TEST_STEP][PASSED] - BOURL = findTestData("credData").getValue("BOURL", 1): null

2019-06-27 17:22:13 - [TEST_STEP][PASSED] - BOuser = findTestData("credData").getValue("BOuser", 1): null

2019-06-27 17:22:13 - [TEST_STEP][PASSED] - BOpass = findTestData("credData").getValue("BOpass", 1): null

2019-06-27 17:22:13 - [TEST_STEP][PASSED] - navigateToUrl(BOURL): Navigate to 'https://test14.cliotest.com/backoffice/control/main' successfully

2019-06-27 17:22:22 - [MESSAGE][PASSED] - Navigate to 'https://test14.cliotest.com/backoffice/control/main' successfully

2019-06-27 17:22:22 - [TEST_STEP][PASSED] - logOut = findWebElements(findTestObject("Object Repository/Page_cabi Home/log_out"), 1): Unable to find the element located by 'By.xpath: //a[contains(text(),'Log Out')]'. Please recheck the objects properties to make sure the desired element is located. 

2019-06-27 17:22:23 - [MESSAGE][INFO] - Unable to find the element located by 'By.xpath: //a[contains(text(),'Log Out')]'. Please recheck the objects properties to make sure the desired element is located. 

2019-06-27 17:22:23 - [TEST_STEP][PASSED] - if (logOut.size() == 0): Object: 'Object Repository/Page_cabi/input_Welcome to_consultantLogin' is clicked on

2019-06-27 17:22:23 - [TEST_STEP][PASSED] - setText(findTestObject("Page_cabi/input_Welcome to_USERNAME"), BOuser): Text '400000002' is set on object 'Object Repository/Page_cabi/input_Welcome to_USERNAME'

2019-06-27 17:22:24 - [MESSAGE][PASSED] - Text '400000002' is set on object 'Object Repository/Page_cabi/input_Welcome to_USERNAME'

2019-06-27 17:22:24 - [TEST_STEP][PASSED] - setText(findTestObject("Object Repository/Page_cabi/input_Welcome to_PASSWORD"), BOpass): Text 'blackdress19' is set on object 'Object Repository/Page_cabi/input_Welcome to_PASSWORD'

2019-06-27 17:22:24 - [MESSAGE][PASSED] - Text 'blackdress19' is set on object 'Object Repository/Page_cabi/input_Welcome to_PASSWORD'

2019-06-27 17:22:24 - [TEST_STEP][PASSED] - click(findTestObject("Object Repository/Page_cabi/input_Welcome to_consultantLogin")): Object: 'Object Repository/Page_cabi/input_Welcome to_consultantLogin' is clicked on

2019-06-27 17:22:37 - [MESSAGE][PASSED] - Object: 'Object Repository/Page_cabi/input_Welcome to_consultantLogin' is clicked on

2019-06-27 17:22:37 - [TEST_STEP][PASSED] - delay(3): Delayed 3 second(s)

2019-06-27 17:22:40 - [MESSAGE][PASSED] - Delayed 3 second(s)

2019-06-27 17:22:40 - [MESSAGE][PASSED] - Call Test Case 'Test Cases/TestCaseUtilities/backOfficeLogin' successfully

2019-06-27 17:22:40 - [TEST_STEP][PASSED] - click(findTestObject("Object Repository/Page_cabi Home/a_Shows  Orders")): Object: 'Object Repository/Page_cabi Home/a_Shows  Orders' is clicked on

2019-06-27 17:22:41 - [MESSAGE][PASSED] - Object: 'Object Repository/Page_cabi Home/a_Shows  Orders' is clicked on

2019-06-27 17:22:41 - [TEST_STEP][PASSED] - click(findTestObject("Page_cabi Home/a_personal_purchases")): Object: 'Object Repository/Page_cabi Home/a_personal_purchases' is clicked on

2019-06-27 17:22:44 - [MESSAGE][PASSED] - Object: 'Object Repository/Page_cabi Home/a_personal_purchases' is clicked on

2019-06-27 17:22:44 - [TEST_STEP][PASSED] - click(findTestObject("Object Repository/Page_cabi Personal Store/span_Continue to Order")): Object: 'Object Repository/Page_cabi Personal Store/span_Continue to Order' is clicked on

2019-06-27 17:22:44 - [MESSAGE][PASSED] - Object: 'Object Repository/Page_cabi Personal Store/span_Continue to Order' is clicked on

2019-06-27 17:22:44 - [TEST_STEP][PASSED] - callTestCase(findTestCase("NewArrival/productVerify"), ["available":BOPersonal, "storeType":"BOPersonal"], STOP_ON_FAILURE): Call Test Case 'Test Cases/NewArrival/productVerify' successfully

2019-06-27 17:22:44 - [TEST_CASE][PASSED] - Test Cases/NewArrival/productVerify: Test Cases/NewArrival/productVerify

2019-06-27 17:22:44 - [TEST_STEP][PASSED] - for ([row = 1, row <= findTestData("productData").getRowNumbers(), (row++)]): null

2019-06-27 17:22:44 - [TEST_STEP][PASSED] - setText(findTestObject("Object Repository/Page_cabi Order Items/input_New Arrivals - Blooming Blush_style"), findTestData("productData").getValue("Style", row)): Text '5618' is set on object 'Object Repository/Page_cabi Order Items/input_New Arrivals - Blooming Blush_style'

2019-06-27 17:22:45 - [MESSAGE][PASSED] - Text '5618' is set on object 'Object Repository/Page_cabi Order Items/input_New Arrivals - Blooming Blush_style'

2019-06-27 17:22:45 - [TEST_STEP][PASSED] - sendKeys(findTestObject("Object Repository/Page_cabi Order Items/input_New Arrivals - Blooming Blush_style"), Keys.chord(ENTER)): Keys 'ENTER + ' sent to object: 'Object Repository/Page_cabi Order Items/input_New Arrivals - Blooming Blush_style'

2019-06-27 17:22:45 - [MESSAGE][PASSED] - Keys 'ENTER + ' sent to object: 'Object Repository/Page_cabi Order Items/input_New Arrivals - Blooming Blush_style'

2019-06-27 17:22:45 - [TEST_STEP][PASSED] - delay(5): Delayed 5 second(s)

2019-06-27 17:22:50 - [MESSAGE][PASSED] - Delayed 5 second(s)

2019-06-27 17:22:50 - [TEST_STEP][PASSED] - if (toString().equalsIgnoreCase("no")): null

2019-06-27 17:22:50 - [TEST_STEP][PASSED] - else: null

2019-06-27 17:22:50 - [TEST_STEP][PASSED] - click(findTestObject("Page_cabi Order Items/li_order_item")): Object: 'Object Repository/Page_cabi Order Items/li_order_item' is clicked on

2019-06-27 17:22:50 - [MESSAGE][PASSED] - Object: 'Object Repository/Page_cabi Order Items/li_order_item' is clicked on

2019-06-27 17:22:50 - [TEST_STEP][PASSED] - delay(5): Delayed 5 second(s)

2019-06-27 17:22:55 - [MESSAGE][PASSED] - Delayed 5 second(s)

2019-06-27 17:22:55 - [TEST_STEP][PASSED] - imgString1 = getValue("Style", row).toString(): null

2019-06-27 17:22:55 - [TEST_STEP][PASSED] - imagePath = UtilityMethods.createScreenshotImagePath(storeType, imgString1): null

2019-06-27 17:22:55 - [TEST_STEP][PASSED] - println(imagePath): null

2019-06-27 17:22:55 - [TEST_STEP][PASSED] - takeScreenshot(imagePath): Taking screenshot successfully

2019-06-27 17:22:56 - [MESSAGE][PASSED] - Taking screenshot successfully
[[ATTACHMENT|C:\\Users\\user\\Documents\\testautomation\\KatalonProjects\\productImages\\BOPersonal_5618 image.png]]

2019-06-27 17:22:56 - [TEST_STEP][PASSED] - verifyElementText(findTestObject("Page_cabi Order Items/GetAttribute_getID"), findTestData("productData").getValue("Style", row)): Actual text and expected text of test object 'Object Repository/Page_cabi Order Items/GetAttribute_getID' are matched.

2019-06-27 17:22:56 - [MESSAGE][PASSED] - Actual text and expected text of test object 'Object Repository/Page_cabi Order Items/GetAttribute_getID' are matched.

2019-06-27 17:22:56 - [TEST_STEP][PASSED] - colorOptions = findWebElements(findTestObject("Page_cabi Order Items/GetAttribute_Color"), 5): null

2019-06-27 17:22:56 - [TEST_STEP][PASSED] - println(colorOptions.size()): null

2019-06-27 17:22:56 - [TEST_STEP][PASSED] - expectedColour = findTestData("productData").getValue("Color", row): null

2019-06-27 17:22:56 - [TEST_STEP][PASSED] - println("expected colour is"): null

2019-06-27 17:22:56 - [TEST_STEP][PASSED] - println(expectedColour): null

2019-06-27 17:22:56 - [TEST_STEP][PASSED] - colourVerified = false: null

2019-06-27 17:22:56 - [TEST_STEP][PASSED] - for (org.openqa.selenium.WebElement op : colorOptions): null

2019-06-27 17:22:56 - [TEST_STEP][PASSED] - println(op.getText()): null

2019-06-27 17:22:56 - [TEST_STEP][PASSED] - if (expectedColour.equalsIgnoreCase(op.getText())): null

2019-06-27 17:22:56 - [TEST_STEP][PASSED] - colourVerified = true: null

2019-06-27 17:22:56 - [TEST_STEP][PASSED] - break: null

2019-06-27 17:22:56 - [TEST_STEP][PASSED] - assert colourVerified == true: null

2019-06-27 17:22:56 - [TEST_STEP][PASSED] - getPrice = getText(findTestObject("Page_cabi Order Items/GetAttribute_Price")): Text of object 'Object Repository/Page_cabi Order Items/GetAttribute_Price' is: 'Price : $119.00'

2019-06-27 17:22:56 - [MESSAGE][PASSED] - Text of object 'Object Repository/Page_cabi Order Items/GetAttribute_Price' is: 'Price : $119.00'

2019-06-27 17:22:56 - [TEST_STEP][PASSED] - Split_Data = UtilityMethods.SplitData(getPrice): null

2019-06-27 17:22:56 - [TEST_STEP][PASSED] - verifyMatch(Split_Data, findTestData("productData").getValue("Retail", row), true): Actual text '119' and expected text '119' are matched  using regular expression

2019-06-27 17:22:56 - [MESSAGE][PASSED] - Actual text '119' and expected text '119' are matched  using regular expression

2019-06-27 17:22:56 - [TEST_STEP][PASSED] - sizeRange1 = ["XXS", "XS", "S", "M", "L", "XL"]: null

2019-06-27 17:22:56 - [TEST_STEP][PASSED] - sizeRange2 = ["00", "0", "2", "4", "6", "8", "10", "12", "14", "16"]: null

2019-06-27 17:22:56 - [TEST_STEP][PASSED] - sizeRange3 = ["Long", "Regular", "Short"]: null

2019-06-27 17:22:56 - [TEST_STEP][PASSED] - sizeRange4 = ["5", "6", "6.5", "7", "7.5", "8", "8.5", "9", "9.5", "10", "11"]: null

2019-06-27 17:22:56 - [TEST_STEP][PASSED] - sizeRangeSplit = UtilityMethods.SplitSizes(findTestData("productData").getValue("SzRange", row)): null

2019-06-27 17:22:56 - [TEST_STEP][PASSED] - sizeType = getText(findTestObject("Object Repository/Page_cabi Order Items/Size")): Text of object 'Object Repository/Page_cabi Order Items/Size' is: 'Select'

2019-06-27 17:22:56 - [MESSAGE][PASSED] - Text of object 'Object Repository/Page_cabi Order Items/Size' is: 'Select'

2019-06-27 17:22:56 - [TEST_STEP][PASSED] - sizeOptions = findWebElements(findTestObject("Object Repository/Page_cabi Order Items/Size"), 5): null

2019-06-27 17:22:56 - [TEST_STEP][PASSED] - actualRange = new java.util.ArrayList(): null

2019-06-27 17:22:56 - [TEST_STEP][PASSED] - expectedRange = <not implemented yet for class: org.codehaus.groovy.ast.expr.EmptyExpression>: null

2019-06-27 17:22:56 - [TEST_STEP][PASSED] - if (sizeType.equalsIgnoreCase("Select")): null

2019-06-27 17:22:56 - [TEST_STEP][PASSED] - for ([i = 1, i < sizeOptions.size(), (i++)]): null

2019-06-27 17:22:56 - [TEST_STEP][PASSED] - actualRange.add(getAttribute("value").toString()): null

2019-06-27 17:22:56 - [TEST_STEP][PASSED] - actualRange.add(getAttribute("value").toString()): null

2019-06-27 17:22:56 - [TEST_STEP][PASSED] - actualRange.add(getAttribute("value").toString()): null

2019-06-27 17:22:56 - [TEST_STEP][PASSED] - actualRange.add(getAttribute("value").toString()): null

2019-06-27 17:22:56 - [TEST_STEP][PASSED] - actualRange.add(getAttribute("value").toString()): null

2019-06-27 17:22:56 - [TEST_STEP][PASSED] - if (toString().equalsIgnoreCase("XS") || toString().equalsIgnoreCase("XXS")): null

2019-06-27 17:22:56 - [TEST_STEP][PASSED] - expectedRange = UtilityMethods.getExpectedRange(sizeRange1, sizeRangeSplit): null

2019-06-27 17:22:56 - [TEST_STEP][PASSED] - println("XS"): null

2019-06-27 17:22:56 - [TEST_STEP][PASSED] - println(expectedRange.toString()): null

2019-06-27 17:22:56 - [TEST_STEP][PASSED] - assert UtilityMethods.listEquals(expectedRange, actualRange) == true: null

2019-06-27 17:22:56 - [TEST_STEP][PASSED] - delay(2): Delayed 2 second(s)

2019-06-27 17:22:58 - [MESSAGE][PASSED] - Delayed 2 second(s)

2019-06-27 17:22:58 - [TEST_STEP][PASSED] - verifyElementText(findTestObject("Page_cabi Order Items/product_title"), findTestData("productData").getValue("Description", row)): Actual text and expected text of test object 'Object Repository/Page_cabi Order Items/product_title' are matched.

2019-06-27 17:22:58 - [MESSAGE][PASSED] - Actual text and expected text of test object 'Object Repository/Page_cabi Order Items/product_title' are matched.

2019-06-27 17:22:58 - [TEST_STEP][PASSED] - verifyElementText(findTestObject("Page_cabi Order Items/product_fabric"), findTestData("productData").getValue("FinalContent", row)): Actual text and expected text of test object 'Object Repository/Page_cabi Order Items/product_fabric' are matched.

2019-06-27 17:22:58 - [MESSAGE][PASSED] - Actual text and expected text of test object 'Object Repository/Page_cabi Order Items/product_fabric' are matched.

2019-06-27 17:22:58 - [TEST_STEP][PASSED] - actualCasreIntrn = "<div>" + getText(findTestObject("Page_cabi Order Items/care_instruction")) + "</div>": Text of object 'Object Repository/Page_cabi Order Items/care_instruction' is: 'Turn garment inside out and place in a mesh bag. Machine wash separately in cold water on the delicate cycle. Only non-chlorine bleach if needed. Do not twist or wring. Lay flat to dry. Warm iron if needed. Can be dry cleaned.'

2019-06-27 17:22:58 - [MESSAGE][PASSED] - Text of object 'Object Repository/Page_cabi Order Items/care_instruction' is: 'Turn garment inside out and place in a mesh bag. Machine wash separately in cold water on the delicate cycle. Only non-chlorine bleach if needed. Do not twist or wring. Lay flat to dry. Warm iron if needed. Can be dry cleaned.'

2019-06-27 17:22:58 - [TEST_STEP][PASSED] - assert actualCasreIntrn.equals(findTestData("productData").getValue("CareInstr", row)): null

2019-06-27 17:22:59 - [MESSAGE][PASSED] - Call Test Case 'Test Cases/NewArrival/productVerify' successfully

2019-06-27 17:22:59 - [TEST_STEP][PASSED] - callTestCase(findTestCase("NewArrival/populateTimeGlobalVars"), ["row":timeRow], STOP_ON_FAILURE): Call Test Case 'Test Cases/NewArrival/populateTimeGlobalVars' successfully

2019-06-27 17:22:59 - [TEST_CASE][PASSED] - Test Cases/NewArrival/populateTimeGlobalVars: Test Cases/NewArrival/populateTimeGlobalVars

2019-06-27 17:22:59 - [TEST_STEP][PASSED] - dataFile = "timezoneData": null

2019-06-27 17:22:59 - [TEST_STEP][PASSED] - serverTarget = UtilityMethods.getTestData(dataFile, "serverTarget", row): null

2019-06-27 17:22:59 - [TEST_STEP][PASSED] - orderType = UtilityMethods.getTestData(dataFile, "orderType", row): null

2019-06-27 17:22:59 - [TEST_STEP][PASSED] - timeZone = UtilityMethods.getTestData(dataFile, "timeZone", row): null

2019-06-27 17:22:59 - [TEST_STEP][PASSED] - BOPersonal = UtilityMethods.getTestData(dataFile, "BOPersonal", row): null

2019-06-27 17:22:59 - [TEST_STEP][PASSED] - BOAddonPersonal = UtilityMethods.getTestData(dataFile, "BOAddonPersonal", row): null

2019-06-27 17:22:59 - [TEST_STEP][PASSED] - BOAddonRetail = UtilityMethods.getTestData(dataFile, "BOAddonRetail", row): null

2019-06-27 17:22:59 - [TEST_STEP][PASSED] - BORetail = UtilityMethods.getTestData(dataFile, "BORetail", row): null

2019-06-27 17:22:59 - [TEST_STEP][PASSED] - BOShow = UtilityMethods.getTestData(dataFile, "BOShow", row): null

2019-06-27 17:22:59 - [TEST_STEP][PASSED] - BOOnlineoutlet = UtilityMethods.getTestData(dataFile, "BOOnlineoutlet", row): null

2019-06-27 17:22:59 - [TEST_STEP][PASSED] - BOEmployee = UtilityMethods.getTestData(dataFile, "BOEmployee", row): null

2019-06-27 17:22:59 - [TEST_STEP][PASSED] - CCPersonal = UtilityMethods.getTestData(dataFile, "CCPersonal", row): null

2019-06-27 17:22:59 - [TEST_STEP][PASSED] - CCRetail = UtilityMethods.getTestData(dataFile, "CCRetail", row): null

2019-06-27 17:22:59 - [TEST_STEP][PASSED] - CCShow = UtilityMethods.getTestData(dataFile, "CCShow", row): null

2019-06-27 17:22:59 - [TEST_STEP][PASSED] - BOEblast = UtilityMethods.getTestData(dataFile, "BOEblast", row): null

2019-06-27 17:22:59 - [MESSAGE][PASSED] - Call Test Case 'Test Cases/NewArrival/populateTimeGlobalVars' successfully

2019-06-27 17:22:59 - [TEST_STEP][PASSED] - callTestCase(findTestCase("NewArrival/setTimezone"), ["ofbizURL":"", "ofbizuser":"", "ofbizpass":"", "orderType":orderType, "timeZone":timeZone, "serverTarget":serverTarget], STOP_ON_FAILURE): Call Test Case 'Test Cases/NewArrival/setTimezone' successfully

2019-06-27 17:22:59 - [TEST_CASE][PASSED] - Test Cases/NewArrival/setTimezone: Test Cases/NewArrival/setTimezone

2019-06-27 17:22:59 - [TEST_STEP][NOT_RUN] - openBrowser(""): NOT_RUN: openBrowser("")

2019-06-27 17:22:59 - [MESSAGE][NOT_RUN] - NOT_RUN: openBrowser("")

2019-06-27 17:22:59 - [TEST_STEP][NOT_RUN] - maximizeWindow(): NOT_RUN: maximizeWindow()

2019-06-27 17:22:59 - [MESSAGE][NOT_RUN] - NOT_RUN: maximizeWindow()

2019-06-27 17:22:59 - [TEST_STEP][PASSED] - ofbizURL = findTestData("credData").getValue("ofbizURL", 1): null

2019-06-27 17:22:59 - [TEST_STEP][PASSED] - ofbizuser = findTestData("credData").getValue("ofbizuser", 1): null

2019-06-27 17:22:59 - [TEST_STEP][PASSED] - ofbizpass = findTestData("credData").getValue("ofbizpass", 1): null

2019-06-27 17:22:59 - [TEST_STEP][PASSED] - navigateToUrl(ofbizURL): Navigate to 'https://pushofbiz.cliotest.com/login.php' successfully

2019-06-27 17:23:01 - [MESSAGE][PASSED] - Navigate to 'https://pushofbiz.cliotest.com/login.php' successfully

2019-06-27 17:23:01 - [TEST_STEP][PASSED] - setText(findTestObject("Page_/input_Username_username"), ofbizuser): Text 'automation' is set on object 'Object Repository/Page_/input_Username_username'

2019-06-27 17:23:01 - [MESSAGE][PASSED] - Text 'automation' is set on object 'Object Repository/Page_/input_Username_username'

2019-06-27 17:23:01 - [TEST_STEP][PASSED] - setText(findTestObject("Page_/input_Password_password"), ofbizpass): Text 'cabiautomation' is set on object 'Object Repository/Page_/input_Password_password'

2019-06-27 17:23:02 - [MESSAGE][PASSED] - Text 'cabiautomation' is set on object 'Object Repository/Page_/input_Password_password'

2019-06-27 17:23:02 - [TEST_STEP][PASSED] - click(findTestObject("Page_/input_Password_Submit")): Object: 'Object Repository/Page_/input_Password_Submit' is clicked on

2019-06-27 17:23:05 - [MESSAGE][PASSED] - Object: 'Object Repository/Page_/input_Password_Submit' is clicked on

2019-06-27 17:23:05 - [TEST_STEP][PASSED] - click(findTestObject("Object Repository/Page_/a_Clock set")): Object: 'Object Repository/Page_/a_Clock set' is clicked on

2019-06-27 17:23:05 - [MESSAGE][PASSED] - Object: 'Object Repository/Page_/a_Clock set' is clicked on

2019-06-27 17:23:05 - [TEST_STEP][PASSED] - click(UtilityMethods.createTestObject("select_target", "//select[@name='Target']/option[contains(text(), '", serverTarget, "')]")): Object: 'select_target' is clicked on

2019-06-27 17:23:05 - [MESSAGE][PASSED] - Object: 'select_target' is clicked on

2019-06-27 17:23:05 - [TEST_STEP][PASSED] - click(findTestObject("Page_/thisDateAndTime")): Object: 'Object Repository/Page_/thisDateAndTime' is clicked on

2019-06-27 17:23:06 - [MESSAGE][PASSED] - Object: 'Object Repository/Page_/thisDateAndTime' is clicked on

2019-06-27 17:23:06 - [TEST_STEP][PASSED] - setText(findTestObject("Object Repository/Page_/setTargetTime"), timeZone): Text ' 04/25/2019 12:00' is set on object 'Object Repository/Page_/setTargetTime'

2019-06-27 17:23:06 - [MESSAGE][PASSED] - Text ' 04/25/2019 12:00' is set on object 'Object Repository/Page_/setTargetTime'

2019-06-27 17:23:06 - [TEST_STEP][PASSED] - click(findTestObject("Object Repository/Page_/input")): Object: 'Object Repository/Page_/input' is clicked on

2019-06-27 17:23:06 - [MESSAGE][PASSED] - Object: 'Object Repository/Page_/input' is clicked on

2019-06-27 17:23:06 - [TEST_STEP][PASSED] - delay(10): Delayed 10 second(s)

2019-06-27 17:23:16 - [MESSAGE][PASSED] - Delayed 10 second(s)

2019-06-27 17:23:16 - [TEST_STEP][NOT_RUN] - closeBrowser(): NOT_RUN: closeBrowser()

2019-06-27 17:23:16 - [MESSAGE][NOT_RUN] - NOT_RUN: closeBrowser()

2019-06-27 17:23:16 - [MESSAGE][PASSED] - Call Test Case 'Test Cases/NewArrival/setTimezone' successfully

2019-06-27 17:23:16 - [TEST_STEP][PASSED] - callTestCase(findTestCase("TestCaseUtilities/backOfficeLogin"), ["BOURL":"", "BOuser":"", "BOpass":""], STOP_ON_FAILURE): Call Test Case 'Test Cases/TestCaseUtilities/backOfficeLogin' successfully

2019-06-27 17:23:17 - [TEST_CASE][PASSED] - Test Cases/TestCaseUtilities/backOfficeLogin: Test Cases/TestCaseUtilities/backOfficeLogin

2019-06-27 17:23:17 - [TEST_STEP][PASSED] - BOURL = findTestData("credData").getValue("BOURL", 1): null

2019-06-27 17:23:17 - [TEST_STEP][PASSED] - BOuser = findTestData("credData").getValue("BOuser", 1): null

2019-06-27 17:23:17 - [TEST_STEP][PASSED] - BOpass = findTestData("credData").getValue("BOpass", 1): null

2019-06-27 17:23:17 - [TEST_STEP][PASSED] - navigateToUrl(BOURL): Navigate to 'https://test14.cliotest.com/backoffice/control/main' successfully

2019-06-27 17:23:19 - [MESSAGE][PASSED] - Navigate to 'https://test14.cliotest.com/backoffice/control/main' successfully

2019-06-27 17:23:19 - [TEST_STEP][PASSED] - logOut = findWebElements(findTestObject("Object Repository/Page_cabi Home/log_out"), 1): Unable to find the element located by 'By.xpath: //a[contains(text(),'Log Out')]'. Please recheck the objects properties to make sure the desired element is located. 

2019-06-27 17:23:20 - [MESSAGE][INFO] - Unable to find the element located by 'By.xpath: //a[contains(text(),'Log Out')]'. Please recheck the objects properties to make sure the desired element is located. 

2019-06-27 17:23:20 - [TEST_STEP][PASSED] - if (logOut.size() == 0): Object: 'Object Repository/Page_cabi/input_Welcome to_consultantLogin' is clicked on

2019-06-27 17:23:20 - [TEST_STEP][PASSED] - setText(findTestObject("Page_cabi/input_Welcome to_USERNAME"), BOuser): Text '400000002' is set on object 'Object Repository/Page_cabi/input_Welcome to_USERNAME'

2019-06-27 17:23:20 - [MESSAGE][PASSED] - Text '400000002' is set on object 'Object Repository/Page_cabi/input_Welcome to_USERNAME'

2019-06-27 17:23:20 - [TEST_STEP][PASSED] - setText(findTestObject("Object Repository/Page_cabi/input_Welcome to_PASSWORD"), BOpass): Text 'blackdress19' is set on object 'Object Repository/Page_cabi/input_Welcome to_PASSWORD'

2019-06-27 17:23:20 - [MESSAGE][PASSED] - Text 'blackdress19' is set on object 'Object Repository/Page_cabi/input_Welcome to_PASSWORD'

2019-06-27 17:23:20 - [TEST_STEP][PASSED] - click(findTestObject("Object Repository/Page_cabi/input_Welcome to_consultantLogin")): Object: 'Object Repository/Page_cabi/input_Welcome to_consultantLogin' is clicked on

2019-06-27 17:23:26 - [MESSAGE][PASSED] - Object: 'Object Repository/Page_cabi/input_Welcome to_consultantLogin' is clicked on

2019-06-27 17:23:26 - [TEST_STEP][PASSED] - delay(3): Delayed 3 second(s)

2019-06-27 17:23:29 - [MESSAGE][PASSED] - Delayed 3 second(s)

2019-06-27 17:23:29 - [MESSAGE][PASSED] - Call Test Case 'Test Cases/TestCaseUtilities/backOfficeLogin' successfully

2019-06-27 17:23:29 - [TEST_STEP][PASSED] - click(findTestObject("Object Repository/Page_cabi Home/a_Shows  Orders")): Object: 'Object Repository/Page_cabi Home/a_Shows  Orders' is clicked on

2019-06-27 17:23:29 - [MESSAGE][PASSED] - Object: 'Object Repository/Page_cabi Home/a_Shows  Orders' is clicked on

2019-06-27 17:23:29 - [TEST_STEP][PASSED] - click(findTestObject("Page_cabi Home/a_personal_purchases")): Object: 'Object Repository/Page_cabi Home/a_personal_purchases' is clicked on

2019-06-27 17:23:33 - [MESSAGE][PASSED] - Object: 'Object Repository/Page_cabi Home/a_personal_purchases' is clicked on

2019-06-27 17:23:33 - [TEST_STEP][PASSED] - click(findTestObject("Object Repository/Page_cabi Personal Store/span_Continue to Order")): Object: 'Object Repository/Page_cabi Personal Store/span_Continue to Order' is clicked on

2019-06-27 17:23:34 - [MESSAGE][PASSED] - Object: 'Object Repository/Page_cabi Personal Store/span_Continue to Order' is clicked on

2019-06-27 17:23:34 - [TEST_STEP][PASSED] - callTestCase(findTestCase("NewArrival/productVerify"), ["available":BOPersonal, "storeType":"BOPersonal"], STOP_ON_FAILURE): Call Test Case 'Test Cases/NewArrival/productVerify' successfully

2019-06-27 17:23:34 - [TEST_CASE][PASSED] - Test Cases/NewArrival/productVerify: Test Cases/NewArrival/productVerify

2019-06-27 17:23:34 - [TEST_STEP][PASSED] - for ([row = 1, row <= findTestData("productData").getRowNumbers(), (row++)]): Actual text and expected text of test object 'Object Repository/Page_cabi Order Items/no_result_found' are matched.

2019-06-27 17:23:34 - [TEST_STEP][PASSED] - setText(findTestObject("Object Repository/Page_cabi Order Items/input_New Arrivals - Blooming Blush_style"), findTestData("productData").getValue("Style", row)): Text '5618' is set on object 'Object Repository/Page_cabi Order Items/input_New Arrivals - Blooming Blush_style'

2019-06-27 17:23:35 - [MESSAGE][PASSED] - Text '5618' is set on object 'Object Repository/Page_cabi Order Items/input_New Arrivals - Blooming Blush_style'

2019-06-27 17:23:35 - [TEST_STEP][PASSED] - sendKeys(findTestObject("Object Repository/Page_cabi Order Items/input_New Arrivals - Blooming Blush_style"), Keys.chord(ENTER)): Keys 'ENTER + ' sent to object: 'Object Repository/Page_cabi Order Items/input_New Arrivals - Blooming Blush_style'

2019-06-27 17:23:35 - [MESSAGE][PASSED] - Keys 'ENTER + ' sent to object: 'Object Repository/Page_cabi Order Items/input_New Arrivals - Blooming Blush_style'

2019-06-27 17:23:35 - [TEST_STEP][PASSED] - delay(5): Delayed 5 second(s)

2019-06-27 17:23:40 - [MESSAGE][PASSED] - Delayed 5 second(s)

2019-06-27 17:23:40 - [TEST_STEP][PASSED] - if (toString().equalsIgnoreCase("no")): Actual text and expected text of test object 'Object Repository/Page_cabi Order Items/no_result_found' are matched.

2019-06-27 17:23:40 - [TEST_STEP][PASSED] - noResultMessages = findWebElements(findTestObject("Page_cabi Order Items/no_result_found"), 5): null

2019-06-27 17:23:40 - [TEST_STEP][PASSED] - assert noResultMessages.size() > 0: null

2019-06-27 17:23:40 - [TEST_STEP][PASSED] - verifyElementText(findTestObject("Page_cabi Order Items/no_result_found"), "No Results Found!"): Actual text and expected text of test object 'Object Repository/Page_cabi Order Items/no_result_found' are matched.

2019-06-27 17:23:40 - [MESSAGE][PASSED] - Actual text and expected text of test object 'Object Repository/Page_cabi Order Items/no_result_found' are matched.

2019-06-27 17:23:40 - [MESSAGE][PASSED] - Call Test Case 'Test Cases/NewArrival/productVerify' successfully

2019-06-27 17:23:40 - [TEST_STEP][PASSED] - callTestCase(findTestCase("NewArrival/populateTimeGlobalVars"), ["row":timeRow], STOP_ON_FAILURE): Call Test Case 'Test Cases/NewArrival/populateTimeGlobalVars' successfully

2019-06-27 17:23:40 - [TEST_CASE][PASSED] - Test Cases/NewArrival/populateTimeGlobalVars: Test Cases/NewArrival/populateTimeGlobalVars

2019-06-27 17:23:40 - [TEST_STEP][PASSED] - dataFile = "timezoneData": null

2019-06-27 17:23:40 - [TEST_STEP][PASSED] - serverTarget = UtilityMethods.getTestData(dataFile, "serverTarget", row): null

2019-06-27 17:23:40 - [TEST_STEP][PASSED] - orderType = UtilityMethods.getTestData(dataFile, "orderType", row): null

2019-06-27 17:23:40 - [TEST_STEP][PASSED] - timeZone = UtilityMethods.getTestData(dataFile, "timeZone", row): null

2019-06-27 17:23:40 - [TEST_STEP][PASSED] - BOPersonal = UtilityMethods.getTestData(dataFile, "BOPersonal", row): null

2019-06-27 17:23:40 - [TEST_STEP][PASSED] - BOAddonPersonal = UtilityMethods.getTestData(dataFile, "BOAddonPersonal", row): null

2019-06-27 17:23:40 - [TEST_STEP][PASSED] - BOAddonRetail = UtilityMethods.getTestData(dataFile, "BOAddonRetail", row): null

2019-06-27 17:23:40 - [TEST_STEP][PASSED] - BORetail = UtilityMethods.getTestData(dataFile, "BORetail", row): null

2019-06-27 17:23:40 - [TEST_STEP][PASSED] - BOShow = UtilityMethods.getTestData(dataFile, "BOShow", row): null

2019-06-27 17:23:40 - [TEST_STEP][PASSED] - BOOnlineoutlet = UtilityMethods.getTestData(dataFile, "BOOnlineoutlet", row): null

2019-06-27 17:23:40 - [TEST_STEP][PASSED] - BOEmployee = UtilityMethods.getTestData(dataFile, "BOEmployee", row): null

2019-06-27 17:23:40 - [TEST_STEP][PASSED] - CCPersonal = UtilityMethods.getTestData(dataFile, "CCPersonal", row): null

2019-06-27 17:23:40 - [TEST_STEP][PASSED] - CCRetail = UtilityMethods.getTestData(dataFile, "CCRetail", row): null

2019-06-27 17:23:40 - [TEST_STEP][PASSED] - CCShow = UtilityMethods.getTestData(dataFile, "CCShow", row): null

2019-06-27 17:23:40 - [TEST_STEP][PASSED] - BOEblast = UtilityMethods.getTestData(dataFile, "BOEblast", row): null

2019-06-27 17:23:40 - [MESSAGE][PASSED] - Call Test Case 'Test Cases/NewArrival/populateTimeGlobalVars' successfully

2019-06-27 17:23:40 - [TEST_STEP][PASSED] - callTestCase(findTestCase("NewArrival/setTimezone"), ["ofbizURL":"", "ofbizuser":"", "ofbizpass":"", "orderType":orderType, "timeZone":timeZone, "serverTarget":serverTarget], STOP_ON_FAILURE): Call Test Case 'Test Cases/NewArrival/setTimezone' successfully

2019-06-27 17:23:40 - [TEST_CASE][PASSED] - Test Cases/NewArrival/setTimezone: Test Cases/NewArrival/setTimezone

2019-06-27 17:23:40 - [TEST_STEP][NOT_RUN] - openBrowser(""): NOT_RUN: openBrowser("")

2019-06-27 17:23:40 - [MESSAGE][NOT_RUN] - NOT_RUN: openBrowser("")

2019-06-27 17:23:40 - [TEST_STEP][NOT_RUN] - maximizeWindow(): NOT_RUN: maximizeWindow()

2019-06-27 17:23:40 - [MESSAGE][NOT_RUN] - NOT_RUN: maximizeWindow()

2019-06-27 17:23:40 - [TEST_STEP][PASSED] - ofbizURL = findTestData("credData").getValue("ofbizURL", 1): null

2019-06-27 17:23:40 - [TEST_STEP][PASSED] - ofbizuser = findTestData("credData").getValue("ofbizuser", 1): null

2019-06-27 17:23:40 - [TEST_STEP][PASSED] - ofbizpass = findTestData("credData").getValue("ofbizpass", 1): null

2019-06-27 17:23:41 - [TEST_STEP][PASSED] - navigateToUrl(ofbizURL): Navigate to 'https://pushofbiz.cliotest.com/login.php' successfully

2019-06-27 17:23:43 - [MESSAGE][PASSED] - Navigate to 'https://pushofbiz.cliotest.com/login.php' successfully

2019-06-27 17:23:43 - [TEST_STEP][PASSED] - setText(findTestObject("Page_/input_Username_username"), ofbizuser): Text 'automation' is set on object 'Object Repository/Page_/input_Username_username'

2019-06-27 17:23:43 - [MESSAGE][PASSED] - Text 'automation' is set on object 'Object Repository/Page_/input_Username_username'

2019-06-27 17:23:43 - [TEST_STEP][PASSED] - setText(findTestObject("Page_/input_Password_password"), ofbizpass): Text 'cabiautomation' is set on object 'Object Repository/Page_/input_Password_password'

2019-06-27 17:23:43 - [MESSAGE][PASSED] - Text 'cabiautomation' is set on object 'Object Repository/Page_/input_Password_password'

2019-06-27 17:23:43 - [TEST_STEP][PASSED] - click(findTestObject("Page_/input_Password_Submit")): Object: 'Object Repository/Page_/input_Password_Submit' is clicked on

2019-06-27 17:23:46 - [MESSAGE][PASSED] - Object: 'Object Repository/Page_/input_Password_Submit' is clicked on

2019-06-27 17:23:46 - [TEST_STEP][PASSED] - click(findTestObject("Object Repository/Page_/a_Clock set")): Object: 'Object Repository/Page_/a_Clock set' is clicked on

2019-06-27 17:23:47 - [MESSAGE][PASSED] - Object: 'Object Repository/Page_/a_Clock set' is clicked on

2019-06-27 17:23:47 - [TEST_STEP][PASSED] - click(UtilityMethods.createTestObject("select_target", "//select[@name='Target']/option[contains(text(), '", serverTarget, "')]")): Object: 'select_target' is clicked on

2019-06-27 17:23:47 - [MESSAGE][PASSED] - Object: 'select_target' is clicked on

2019-06-27 17:23:47 - [TEST_STEP][PASSED] - click(findTestObject("Page_/thisDateAndTime")): Object: 'Object Repository/Page_/thisDateAndTime' is clicked on

2019-06-27 17:23:47 - [MESSAGE][PASSED] - Object: 'Object Repository/Page_/thisDateAndTime' is clicked on

2019-06-27 17:23:47 - [TEST_STEP][PASSED] - setText(findTestObject("Object Repository/Page_/setTargetTime"), timeZone): Text ' 05/03/2019 12:00' is set on object 'Object Repository/Page_/setTargetTime'

2019-06-27 17:23:47 - [MESSAGE][PASSED] - Text ' 05/03/2019 12:00' is set on object 'Object Repository/Page_/setTargetTime'

2019-06-27 17:23:47 - [TEST_STEP][PASSED] - click(findTestObject("Object Repository/Page_/input")): Object: 'Object Repository/Page_/input' is clicked on

2019-06-27 17:23:48 - [MESSAGE][PASSED] - Object: 'Object Repository/Page_/input' is clicked on

2019-06-27 17:23:48 - [TEST_STEP][PASSED] - delay(10): Delayed 10 second(s)

2019-06-27 17:23:58 - [MESSAGE][PASSED] - Delayed 10 second(s)

2019-06-27 17:23:58 - [TEST_STEP][NOT_RUN] - closeBrowser(): NOT_RUN: closeBrowser()

2019-06-27 17:23:58 - [MESSAGE][NOT_RUN] - NOT_RUN: closeBrowser()

2019-06-27 17:23:58 - [MESSAGE][PASSED] - Call Test Case 'Test Cases/NewArrival/setTimezone' successfully

2019-06-27 17:23:58 - [TEST_STEP][PASSED] - callTestCase(findTestCase("TestCaseUtilities/backOfficeLogin"), ["BOURL":"", "BOuser":"", "BOpass":""], STOP_ON_FAILURE): Call Test Case 'Test Cases/TestCaseUtilities/backOfficeLogin' successfully

2019-06-27 17:23:58 - [TEST_CASE][PASSED] - Test Cases/TestCaseUtilities/backOfficeLogin: Test Cases/TestCaseUtilities/backOfficeLogin

2019-06-27 17:23:58 - [TEST_STEP][PASSED] - BOURL = findTestData("credData").getValue("BOURL", 1): null

2019-06-27 17:23:58 - [TEST_STEP][PASSED] - BOuser = findTestData("credData").getValue("BOuser", 1): null

2019-06-27 17:23:58 - [TEST_STEP][PASSED] - BOpass = findTestData("credData").getValue("BOpass", 1): null

2019-06-27 17:23:58 - [TEST_STEP][PASSED] - navigateToUrl(BOURL): Navigate to 'https://test14.cliotest.com/backoffice/control/main' successfully

2019-06-27 17:24:01 - [MESSAGE][PASSED] - Navigate to 'https://test14.cliotest.com/backoffice/control/main' successfully

2019-06-27 17:24:01 - [TEST_STEP][PASSED] - logOut = findWebElements(findTestObject("Object Repository/Page_cabi Home/log_out"), 1): Unable to find the element located by 'By.xpath: //a[contains(text(),'Log Out')]'. Please recheck the objects properties to make sure the desired element is located. 

2019-06-27 17:24:02 - [MESSAGE][INFO] - Unable to find the element located by 'By.xpath: //a[contains(text(),'Log Out')]'. Please recheck the objects properties to make sure the desired element is located. 

2019-06-27 17:24:02 - [TEST_STEP][PASSED] - if (logOut.size() == 0): Object: 'Object Repository/Page_cabi/input_Welcome to_consultantLogin' is clicked on

2019-06-27 17:24:02 - [TEST_STEP][PASSED] - setText(findTestObject("Page_cabi/input_Welcome to_USERNAME"), BOuser): Text '400000002' is set on object 'Object Repository/Page_cabi/input_Welcome to_USERNAME'

2019-06-27 17:24:02 - [MESSAGE][PASSED] - Text '400000002' is set on object 'Object Repository/Page_cabi/input_Welcome to_USERNAME'

2019-06-27 17:24:02 - [TEST_STEP][PASSED] - setText(findTestObject("Object Repository/Page_cabi/input_Welcome to_PASSWORD"), BOpass): Text 'blackdress19' is set on object 'Object Repository/Page_cabi/input_Welcome to_PASSWORD'

2019-06-27 17:24:02 - [MESSAGE][PASSED] - Text 'blackdress19' is set on object 'Object Repository/Page_cabi/input_Welcome to_PASSWORD'

2019-06-27 17:24:02 - [TEST_STEP][PASSED] - click(findTestObject("Object Repository/Page_cabi/input_Welcome to_consultantLogin")): Object: 'Object Repository/Page_cabi/input_Welcome to_consultantLogin' is clicked on

2019-06-27 17:24:08 - [MESSAGE][PASSED] - Object: 'Object Repository/Page_cabi/input_Welcome to_consultantLogin' is clicked on

2019-06-27 17:24:08 - [TEST_STEP][PASSED] - delay(3): Delayed 3 second(s)

2019-06-27 17:24:11 - [MESSAGE][PASSED] - Delayed 3 second(s)

2019-06-27 17:24:11 - [MESSAGE][PASSED] - Call Test Case 'Test Cases/TestCaseUtilities/backOfficeLogin' successfully

2019-06-27 17:24:11 - [TEST_STEP][PASSED] - click(findTestObject("Object Repository/Page_cabi Home/a_Shows  Orders")): Object: 'Object Repository/Page_cabi Home/a_Shows  Orders' is clicked on

2019-06-27 17:24:11 - [MESSAGE][PASSED] - Object: 'Object Repository/Page_cabi Home/a_Shows  Orders' is clicked on

2019-06-27 17:24:11 - [TEST_STEP][PASSED] - click(findTestObject("Page_cabi Home/a_personal_purchases")): Object: 'Object Repository/Page_cabi Home/a_personal_purchases' is clicked on

2019-06-27 17:24:16 - [MESSAGE][PASSED] - Object: 'Object Repository/Page_cabi Home/a_personal_purchases' is clicked on

2019-06-27 17:24:16 - [TEST_STEP][PASSED] - click(findTestObject("Object Repository/Page_cabi Personal Store/span_Continue to Order")): Object: 'Object Repository/Page_cabi Personal Store/span_Continue to Order' is clicked on

2019-06-27 17:24:16 - [MESSAGE][PASSED] - Object: 'Object Repository/Page_cabi Personal Store/span_Continue to Order' is clicked on

2019-06-27 17:24:16 - [TEST_STEP][PASSED] - callTestCase(findTestCase("NewArrival/productVerify"), ["available":BOPersonal, "storeType":"BOPersonal"], STOP_ON_FAILURE): Call Test Case 'Test Cases/NewArrival/productVerify' successfully

2019-06-27 17:24:16 - [TEST_CASE][PASSED] - Test Cases/NewArrival/productVerify: Test Cases/NewArrival/productVerify

2019-06-27 17:24:16 - [TEST_STEP][PASSED] - for ([row = 1, row <= findTestData("productData").getRowNumbers(), (row++)]): null

2019-06-27 17:24:16 - [TEST_STEP][PASSED] - setText(findTestObject("Object Repository/Page_cabi Order Items/input_New Arrivals - Blooming Blush_style"), findTestData("productData").getValue("Style", row)): Text '5618' is set on object 'Object Repository/Page_cabi Order Items/input_New Arrivals - Blooming Blush_style'

2019-06-27 17:24:17 - [MESSAGE][PASSED] - Text '5618' is set on object 'Object Repository/Page_cabi Order Items/input_New Arrivals - Blooming Blush_style'

2019-06-27 17:24:17 - [TEST_STEP][PASSED] - sendKeys(findTestObject("Object Repository/Page_cabi Order Items/input_New Arrivals - Blooming Blush_style"), Keys.chord(ENTER)): Keys 'ENTER + ' sent to object: 'Object Repository/Page_cabi Order Items/input_New Arrivals - Blooming Blush_style'

2019-06-27 17:24:17 - [MESSAGE][PASSED] - Keys 'ENTER + ' sent to object: 'Object Repository/Page_cabi Order Items/input_New Arrivals - Blooming Blush_style'

2019-06-27 17:24:17 - [TEST_STEP][PASSED] - delay(5): Delayed 5 second(s)

2019-06-27 17:24:22 - [MESSAGE][PASSED] - Delayed 5 second(s)

2019-06-27 17:24:22 - [TEST_STEP][PASSED] - if (toString().equalsIgnoreCase("no")): null

2019-06-27 17:24:22 - [TEST_STEP][PASSED] - else: null

2019-06-27 17:24:22 - [TEST_STEP][PASSED] - click(findTestObject("Page_cabi Order Items/li_order_item")): Object: 'Object Repository/Page_cabi Order Items/li_order_item' is clicked on

2019-06-27 17:24:22 - [MESSAGE][PASSED] - Object: 'Object Repository/Page_cabi Order Items/li_order_item' is clicked on

2019-06-27 17:24:22 - [TEST_STEP][PASSED] - delay(5): Delayed 5 second(s)

2019-06-27 17:24:27 - [MESSAGE][PASSED] - Delayed 5 second(s)

2019-06-27 17:24:27 - [TEST_STEP][PASSED] - imgString1 = getValue("Style", row).toString(): null

2019-06-27 17:24:27 - [TEST_STEP][PASSED] - imagePath = UtilityMethods.createScreenshotImagePath(storeType, imgString1): null

2019-06-27 17:24:27 - [TEST_STEP][PASSED] - println(imagePath): null

2019-06-27 17:24:27 - [TEST_STEP][PASSED] - takeScreenshot(imagePath): Taking screenshot successfully

2019-06-27 17:24:27 - [MESSAGE][PASSED] - Taking screenshot successfully
[[ATTACHMENT|C:\\Users\\user\\Documents\\testautomation\\KatalonProjects\\productImages\\BOPersonal_5618 image.png]]

2019-06-27 17:24:27 - [TEST_STEP][PASSED] - verifyElementText(findTestObject("Page_cabi Order Items/GetAttribute_getID"), findTestData("productData").getValue("Style", row)): Actual text and expected text of test object 'Object Repository/Page_cabi Order Items/GetAttribute_getID' are matched.

2019-06-27 17:24:28 - [MESSAGE][PASSED] - Actual text and expected text of test object 'Object Repository/Page_cabi Order Items/GetAttribute_getID' are matched.

2019-06-27 17:24:28 - [TEST_STEP][PASSED] - colorOptions = findWebElements(findTestObject("Page_cabi Order Items/GetAttribute_Color"), 5): null

2019-06-27 17:24:28 - [TEST_STEP][PASSED] - println(colorOptions.size()): null

2019-06-27 17:24:28 - [TEST_STEP][PASSED] - expectedColour = findTestData("productData").getValue("Color", row): null

2019-06-27 17:24:28 - [TEST_STEP][PASSED] - println("expected colour is"): null

2019-06-27 17:24:28 - [TEST_STEP][PASSED] - println(expectedColour): null

2019-06-27 17:24:28 - [TEST_STEP][PASSED] - colourVerified = false: null

2019-06-27 17:24:28 - [TEST_STEP][PASSED] - for (org.openqa.selenium.WebElement op : colorOptions): null

2019-06-27 17:24:28 - [TEST_STEP][PASSED] - println(op.getText()): null

2019-06-27 17:24:28 - [TEST_STEP][PASSED] - if (expectedColour.equalsIgnoreCase(op.getText())): null

2019-06-27 17:24:28 - [TEST_STEP][PASSED] - colourVerified = true: null

2019-06-27 17:24:28 - [TEST_STEP][PASSED] - break: null

2019-06-27 17:24:28 - [TEST_STEP][PASSED] - assert colourVerified == true: null

2019-06-27 17:24:28 - [TEST_STEP][PASSED] - getPrice = getText(findTestObject("Page_cabi Order Items/GetAttribute_Price")): Text of object 'Object Repository/Page_cabi Order Items/GetAttribute_Price' is: 'Price : $119.00'

2019-06-27 17:24:28 - [MESSAGE][PASSED] - Text of object 'Object Repository/Page_cabi Order Items/GetAttribute_Price' is: 'Price : $119.00'

2019-06-27 17:24:28 - [TEST_STEP][PASSED] - Split_Data = UtilityMethods.SplitData(getPrice): null

2019-06-27 17:24:28 - [TEST_STEP][PASSED] - verifyMatch(Split_Data, findTestData("productData").getValue("Retail", row), true): Actual text '119' and expected text '119' are matched  using regular expression

2019-06-27 17:24:28 - [MESSAGE][PASSED] - Actual text '119' and expected text '119' are matched  using regular expression

2019-06-27 17:24:28 - [TEST_STEP][PASSED] - sizeRange1 = ["XXS", "XS", "S", "M", "L", "XL"]: null

2019-06-27 17:24:28 - [TEST_STEP][PASSED] - sizeRange2 = ["00", "0", "2", "4", "6", "8", "10", "12", "14", "16"]: null

2019-06-27 17:24:28 - [TEST_STEP][PASSED] - sizeRange3 = ["Long", "Regular", "Short"]: null

2019-06-27 17:24:28 - [TEST_STEP][PASSED] - sizeRange4 = ["5", "6", "6.5", "7", "7.5", "8", "8.5", "9", "9.5", "10", "11"]: null

2019-06-27 17:24:28 - [TEST_STEP][PASSED] - sizeRangeSplit = UtilityMethods.SplitSizes(findTestData("productData").getValue("SzRange", row)): null

2019-06-27 17:24:28 - [TEST_STEP][PASSED] - sizeType = getText(findTestObject("Object Repository/Page_cabi Order Items/Size")): Text of object 'Object Repository/Page_cabi Order Items/Size' is: 'Select'

2019-06-27 17:24:28 - [MESSAGE][PASSED] - Text of object 'Object Repository/Page_cabi Order Items/Size' is: 'Select'

2019-06-27 17:24:28 - [TEST_STEP][PASSED] - sizeOptions = findWebElements(findTestObject("Object Repository/Page_cabi Order Items/Size"), 5): null

2019-06-27 17:24:28 - [TEST_STEP][PASSED] - actualRange = new java.util.ArrayList(): null

2019-06-27 17:24:28 - [TEST_STEP][PASSED] - expectedRange = <not implemented yet for class: org.codehaus.groovy.ast.expr.EmptyExpression>: null

2019-06-27 17:24:28 - [TEST_STEP][PASSED] - if (sizeType.equalsIgnoreCase("Select")): null

2019-06-27 17:24:28 - [TEST_STEP][PASSED] - for ([i = 1, i < sizeOptions.size(), (i++)]): null

2019-06-27 17:24:28 - [TEST_STEP][PASSED] - actualRange.add(getAttribute("value").toString()): null

2019-06-27 17:24:28 - [TEST_STEP][PASSED] - actualRange.add(getAttribute("value").toString()): null

2019-06-27 17:24:28 - [TEST_STEP][PASSED] - actualRange.add(getAttribute("value").toString()): null

2019-06-27 17:24:28 - [TEST_STEP][PASSED] - actualRange.add(getAttribute("value").toString()): null

2019-06-27 17:24:28 - [TEST_STEP][PASSED] - actualRange.add(getAttribute("value").toString()): null

2019-06-27 17:24:28 - [TEST_STEP][PASSED] - if (toString().equalsIgnoreCase("XS") || toString().equalsIgnoreCase("XXS")): null

2019-06-27 17:24:28 - [TEST_STEP][PASSED] - expectedRange = UtilityMethods.getExpectedRange(sizeRange1, sizeRangeSplit): null

2019-06-27 17:24:28 - [TEST_STEP][PASSED] - println("XS"): null

2019-06-27 17:24:28 - [TEST_STEP][PASSED] - println(expectedRange.toString()): null

2019-06-27 17:24:28 - [TEST_STEP][PASSED] - assert UtilityMethods.listEquals(expectedRange, actualRange) == true: null

2019-06-27 17:24:28 - [TEST_STEP][PASSED] - delay(2): Delayed 2 second(s)

2019-06-27 17:24:30 - [MESSAGE][PASSED] - Delayed 2 second(s)

2019-06-27 17:24:30 - [TEST_STEP][PASSED] - verifyElementText(findTestObject("Page_cabi Order Items/product_title"), findTestData("productData").getValue("Description", row)): Actual text and expected text of test object 'Object Repository/Page_cabi Order Items/product_title' are matched.

2019-06-27 17:24:30 - [MESSAGE][PASSED] - Actual text and expected text of test object 'Object Repository/Page_cabi Order Items/product_title' are matched.

2019-06-27 17:24:30 - [TEST_STEP][PASSED] - verifyElementText(findTestObject("Page_cabi Order Items/product_fabric"), findTestData("productData").getValue("FinalContent", row)): Actual text and expected text of test object 'Object Repository/Page_cabi Order Items/product_fabric' are matched.

2019-06-27 17:24:30 - [MESSAGE][PASSED] - Actual text and expected text of test object 'Object Repository/Page_cabi Order Items/product_fabric' are matched.

2019-06-27 17:24:30 - [TEST_STEP][PASSED] - actualCasreIntrn = "<div>" + getText(findTestObject("Page_cabi Order Items/care_instruction")) + "</div>": Text of object 'Object Repository/Page_cabi Order Items/care_instruction' is: 'Turn garment inside out and place in a mesh bag. Machine wash separately in cold water on the delicate cycle. Only non-chlorine bleach if needed. Do not twist or wring. Lay flat to dry. Warm iron if needed. Can be dry cleaned.'

2019-06-27 17:24:30 - [MESSAGE][PASSED] - Text of object 'Object Repository/Page_cabi Order Items/care_instruction' is: 'Turn garment inside out and place in a mesh bag. Machine wash separately in cold water on the delicate cycle. Only non-chlorine bleach if needed. Do not twist or wring. Lay flat to dry. Warm iron if needed. Can be dry cleaned.'

2019-06-27 17:24:30 - [TEST_STEP][PASSED] - assert actualCasreIntrn.equals(findTestData("productData").getValue("CareInstr", row)): null

2019-06-27 17:24:30 - [MESSAGE][PASSED] - Call Test Case 'Test Cases/NewArrival/productVerify' successfully

2019-06-27 17:24:30 - [TEST_STEP][PASSED] - callTestCase(findTestCase("NewArrival/populateTimeGlobalVars"), ["row":timeRow], STOP_ON_FAILURE): Call Test Case 'Test Cases/NewArrival/populateTimeGlobalVars' successfully

2019-06-27 17:24:30 - [TEST_CASE][PASSED] - Test Cases/NewArrival/populateTimeGlobalVars: Test Cases/NewArrival/populateTimeGlobalVars

2019-06-27 17:24:30 - [TEST_STEP][PASSED] - dataFile = "timezoneData": null

2019-06-27 17:24:30 - [TEST_STEP][PASSED] - serverTarget = UtilityMethods.getTestData(dataFile, "serverTarget", row): null

2019-06-27 17:24:30 - [TEST_STEP][PASSED] - orderType = UtilityMethods.getTestData(dataFile, "orderType", row): null

2019-06-27 17:24:30 - [TEST_STEP][PASSED] - timeZone = UtilityMethods.getTestData(dataFile, "timeZone", row): null

2019-06-27 17:24:30 - [TEST_STEP][PASSED] - BOPersonal = UtilityMethods.getTestData(dataFile, "BOPersonal", row): null

2019-06-27 17:24:30 - [TEST_STEP][PASSED] - BOAddonPersonal = UtilityMethods.getTestData(dataFile, "BOAddonPersonal", row): null

2019-06-27 17:24:30 - [TEST_STEP][PASSED] - BOAddonRetail = UtilityMethods.getTestData(dataFile, "BOAddonRetail", row): null

2019-06-27 17:24:30 - [TEST_STEP][PASSED] - BORetail = UtilityMethods.getTestData(dataFile, "BORetail", row): null

2019-06-27 17:24:30 - [TEST_STEP][PASSED] - BOShow = UtilityMethods.getTestData(dataFile, "BOShow", row): null

2019-06-27 17:24:31 - [TEST_STEP][PASSED] - BOOnlineoutlet = UtilityMethods.getTestData(dataFile, "BOOnlineoutlet", row): null

2019-06-27 17:24:31 - [TEST_STEP][PASSED] - BOEmployee = UtilityMethods.getTestData(dataFile, "BOEmployee", row): null

2019-06-27 17:24:31 - [TEST_STEP][PASSED] - CCPersonal = UtilityMethods.getTestData(dataFile, "CCPersonal", row): null

2019-06-27 17:24:31 - [TEST_STEP][PASSED] - CCRetail = UtilityMethods.getTestData(dataFile, "CCRetail", row): null

2019-06-27 17:24:31 - [TEST_STEP][PASSED] - CCShow = UtilityMethods.getTestData(dataFile, "CCShow", row): null

2019-06-27 17:24:31 - [TEST_STEP][PASSED] - BOEblast = UtilityMethods.getTestData(dataFile, "BOEblast", row): null

2019-06-27 17:24:31 - [MESSAGE][PASSED] - Call Test Case 'Test Cases/NewArrival/populateTimeGlobalVars' successfully

2019-06-27 17:24:31 - [TEST_STEP][PASSED] - callTestCase(findTestCase("NewArrival/setTimezone"), ["ofbizURL":"", "ofbizuser":"", "ofbizpass":"", "orderType":orderType, "timeZone":timeZone, "serverTarget":serverTarget], STOP_ON_FAILURE): Call Test Case 'Test Cases/NewArrival/setTimezone' successfully

2019-06-27 17:24:31 - [TEST_CASE][PASSED] - Test Cases/NewArrival/setTimezone: Test Cases/NewArrival/setTimezone

2019-06-27 17:24:31 - [TEST_STEP][NOT_RUN] - openBrowser(""): NOT_RUN: openBrowser("")

2019-06-27 17:24:31 - [MESSAGE][NOT_RUN] - NOT_RUN: openBrowser("")

2019-06-27 17:24:31 - [TEST_STEP][NOT_RUN] - maximizeWindow(): NOT_RUN: maximizeWindow()

2019-06-27 17:24:31 - [MESSAGE][NOT_RUN] - NOT_RUN: maximizeWindow()

2019-06-27 17:24:31 - [TEST_STEP][PASSED] - ofbizURL = findTestData("credData").getValue("ofbizURL", 1): null

2019-06-27 17:24:31 - [TEST_STEP][PASSED] - ofbizuser = findTestData("credData").getValue("ofbizuser", 1): null

2019-06-27 17:24:31 - [TEST_STEP][PASSED] - ofbizpass = findTestData("credData").getValue("ofbizpass", 1): null

2019-06-27 17:24:31 - [TEST_STEP][PASSED] - navigateToUrl(ofbizURL): Navigate to 'https://pushofbiz.cliotest.com/login.php' successfully

2019-06-27 17:24:33 - [MESSAGE][PASSED] - Navigate to 'https://pushofbiz.cliotest.com/login.php' successfully

2019-06-27 17:24:33 - [TEST_STEP][PASSED] - setText(findTestObject("Page_/input_Username_username"), ofbizuser): Text 'automation' is set on object 'Object Repository/Page_/input_Username_username'

2019-06-27 17:24:33 - [MESSAGE][PASSED] - Text 'automation' is set on object 'Object Repository/Page_/input_Username_username'

2019-06-27 17:24:33 - [TEST_STEP][PASSED] - setText(findTestObject("Page_/input_Password_password"), ofbizpass): Text 'cabiautomation' is set on object 'Object Repository/Page_/input_Password_password'

2019-06-27 17:24:33 - [MESSAGE][PASSED] - Text 'cabiautomation' is set on object 'Object Repository/Page_/input_Password_password'

2019-06-27 17:24:33 - [TEST_STEP][PASSED] - click(findTestObject("Page_/input_Password_Submit")): Object: 'Object Repository/Page_/input_Password_Submit' is clicked on

2019-06-27 17:24:37 - [MESSAGE][PASSED] - Object: 'Object Repository/Page_/input_Password_Submit' is clicked on

2019-06-27 17:24:37 - [TEST_STEP][PASSED] - click(findTestObject("Object Repository/Page_/a_Clock set")): Object: 'Object Repository/Page_/a_Clock set' is clicked on

2019-06-27 17:24:37 - [MESSAGE][PASSED] - Object: 'Object Repository/Page_/a_Clock set' is clicked on

2019-06-27 17:24:37 - [TEST_STEP][PASSED] - click(UtilityMethods.createTestObject("select_target", "//select[@name='Target']/option[contains(text(), '", serverTarget, "')]")): Object: 'select_target' is clicked on

2019-06-27 17:24:37 - [MESSAGE][PASSED] - Object: 'select_target' is clicked on

2019-06-27 17:24:37 - [TEST_STEP][PASSED] - click(findTestObject("Page_/thisDateAndTime")): Object: 'Object Repository/Page_/thisDateAndTime' is clicked on

2019-06-27 17:24:37 - [MESSAGE][PASSED] - Object: 'Object Repository/Page_/thisDateAndTime' is clicked on

2019-06-27 17:24:37 - [TEST_STEP][PASSED] - setText(findTestObject("Object Repository/Page_/setTargetTime"), timeZone): Text ' 05/07/2019 12:00' is set on object 'Object Repository/Page_/setTargetTime'

2019-06-27 17:24:37 - [MESSAGE][PASSED] - Text ' 05/07/2019 12:00' is set on object 'Object Repository/Page_/setTargetTime'

2019-06-27 17:24:37 - [TEST_STEP][PASSED] - click(findTestObject("Object Repository/Page_/input")): Object: 'Object Repository/Page_/input' is clicked on

2019-06-27 17:24:38 - [MESSAGE][PASSED] - Object: 'Object Repository/Page_/input' is clicked on

2019-06-27 17:24:38 - [TEST_STEP][PASSED] - delay(10): Delayed 10 second(s)

2019-06-27 17:24:48 - [MESSAGE][PASSED] - Delayed 10 second(s)

2019-06-27 17:24:48 - [TEST_STEP][NOT_RUN] - closeBrowser(): NOT_RUN: closeBrowser()

2019-06-27 17:24:48 - [MESSAGE][NOT_RUN] - NOT_RUN: closeBrowser()

2019-06-27 17:24:48 - [MESSAGE][PASSED] - Call Test Case 'Test Cases/NewArrival/setTimezone' successfully

2019-06-27 17:24:48 - [TEST_STEP][PASSED] - callTestCase(findTestCase("TestCaseUtilities/backOfficeLogin"), ["BOURL":"", "BOuser":"", "BOpass":""], STOP_ON_FAILURE): Call Test Case 'Test Cases/TestCaseUtilities/backOfficeLogin' successfully

2019-06-27 17:24:48 - [TEST_CASE][PASSED] - Test Cases/TestCaseUtilities/backOfficeLogin: Test Cases/TestCaseUtilities/backOfficeLogin

2019-06-27 17:24:48 - [TEST_STEP][PASSED] - BOURL = findTestData("credData").getValue("BOURL", 1): null

2019-06-27 17:24:48 - [TEST_STEP][PASSED] - BOuser = findTestData("credData").getValue("BOuser", 1): null

2019-06-27 17:24:48 - [TEST_STEP][PASSED] - BOpass = findTestData("credData").getValue("BOpass", 1): null

2019-06-27 17:24:48 - [TEST_STEP][PASSED] - navigateToUrl(BOURL): Navigate to 'https://test14.cliotest.com/backoffice/control/main' successfully

2019-06-27 17:24:51 - [MESSAGE][PASSED] - Navigate to 'https://test14.cliotest.com/backoffice/control/main' successfully

2019-06-27 17:24:51 - [TEST_STEP][PASSED] - logOut = findWebElements(findTestObject("Object Repository/Page_cabi Home/log_out"), 1): Unable to find the element located by 'By.xpath: //a[contains(text(),'Log Out')]'. Please recheck the objects properties to make sure the desired element is located. 

2019-06-27 17:24:52 - [MESSAGE][INFO] - Unable to find the element located by 'By.xpath: //a[contains(text(),'Log Out')]'. Please recheck the objects properties to make sure the desired element is located. 

2019-06-27 17:24:52 - [TEST_STEP][PASSED] - if (logOut.size() == 0): Object: 'Object Repository/Page_cabi/input_Welcome to_consultantLogin' is clicked on

2019-06-27 17:24:52 - [TEST_STEP][PASSED] - setText(findTestObject("Page_cabi/input_Welcome to_USERNAME"), BOuser): Text '400000002' is set on object 'Object Repository/Page_cabi/input_Welcome to_USERNAME'

2019-06-27 17:24:52 - [MESSAGE][PASSED] - Text '400000002' is set on object 'Object Repository/Page_cabi/input_Welcome to_USERNAME'

2019-06-27 17:24:52 - [TEST_STEP][PASSED] - setText(findTestObject("Object Repository/Page_cabi/input_Welcome to_PASSWORD"), BOpass): Text 'blackdress19' is set on object 'Object Repository/Page_cabi/input_Welcome to_PASSWORD'

2019-06-27 17:24:52 - [MESSAGE][PASSED] - Text 'blackdress19' is set on object 'Object Repository/Page_cabi/input_Welcome to_PASSWORD'

2019-06-27 17:24:52 - [TEST_STEP][PASSED] - click(findTestObject("Object Repository/Page_cabi/input_Welcome to_consultantLogin")): Object: 'Object Repository/Page_cabi/input_Welcome to_consultantLogin' is clicked on

2019-06-27 17:24:59 - [MESSAGE][PASSED] - Object: 'Object Repository/Page_cabi/input_Welcome to_consultantLogin' is clicked on

2019-06-27 17:24:59 - [TEST_STEP][PASSED] - delay(3): Delayed 3 second(s)

2019-06-27 17:25:02 - [MESSAGE][PASSED] - Delayed 3 second(s)

2019-06-27 17:25:02 - [MESSAGE][PASSED] - Call Test Case 'Test Cases/TestCaseUtilities/backOfficeLogin' successfully

2019-06-27 17:25:02 - [TEST_STEP][PASSED] - click(findTestObject("Object Repository/Page_cabi Home/a_Shows  Orders")): Object: 'Object Repository/Page_cabi Home/a_Shows  Orders' is clicked on

2019-06-27 17:25:03 - [MESSAGE][PASSED] - Object: 'Object Repository/Page_cabi Home/a_Shows  Orders' is clicked on

2019-06-27 17:25:03 - [TEST_STEP][PASSED] - click(findTestObject("Page_cabi Home/a_personal_purchases")): Object: 'Object Repository/Page_cabi Home/a_personal_purchases' is clicked on

2019-06-27 17:25:07 - [MESSAGE][PASSED] - Object: 'Object Repository/Page_cabi Home/a_personal_purchases' is clicked on

2019-06-27 17:25:07 - [TEST_STEP][PASSED] - click(findTestObject("Object Repository/Page_cabi Personal Store/span_Continue to Order")): Object: 'Object Repository/Page_cabi Personal Store/span_Continue to Order' is clicked on

2019-06-27 17:25:07 - [MESSAGE][PASSED] - Object: 'Object Repository/Page_cabi Personal Store/span_Continue to Order' is clicked on

2019-06-27 17:25:07 - [TEST_STEP][PASSED] - callTestCase(findTestCase("NewArrival/productVerify"), ["available":BOPersonal, "storeType":"BOPersonal"], STOP_ON_FAILURE): Call Test Case 'Test Cases/NewArrival/productVerify' successfully

2019-06-27 17:25:07 - [TEST_CASE][PASSED] - Test Cases/NewArrival/productVerify: Test Cases/NewArrival/productVerify

2019-06-27 17:25:07 - [TEST_STEP][PASSED] - for ([row = 1, row <= findTestData("productData").getRowNumbers(), (row++)]): Actual text and expected text of test object 'Object Repository/Page_cabi Order Items/no_result_found' are matched.

2019-06-27 17:25:07 - [TEST_STEP][PASSED] - setText(findTestObject("Object Repository/Page_cabi Order Items/input_New Arrivals - Blooming Blush_style"), findTestData("productData").getValue("Style", row)): Text '5618' is set on object 'Object Repository/Page_cabi Order Items/input_New Arrivals - Blooming Blush_style'

2019-06-27 17:25:08 - [MESSAGE][PASSED] - Text '5618' is set on object 'Object Repository/Page_cabi Order Items/input_New Arrivals - Blooming Blush_style'

2019-06-27 17:25:08 - [TEST_STEP][PASSED] - sendKeys(findTestObject("Object Repository/Page_cabi Order Items/input_New Arrivals - Blooming Blush_style"), Keys.chord(ENTER)): Keys 'ENTER + ' sent to object: 'Object Repository/Page_cabi Order Items/input_New Arrivals - Blooming Blush_style'

2019-06-27 17:25:08 - [MESSAGE][PASSED] - Keys 'ENTER + ' sent to object: 'Object Repository/Page_cabi Order Items/input_New Arrivals - Blooming Blush_style'

2019-06-27 17:25:08 - [TEST_STEP][PASSED] - delay(5): Delayed 5 second(s)

2019-06-27 17:25:13 - [MESSAGE][PASSED] - Delayed 5 second(s)

2019-06-27 17:25:13 - [TEST_STEP][PASSED] - if (toString().equalsIgnoreCase("no")): Actual text and expected text of test object 'Object Repository/Page_cabi Order Items/no_result_found' are matched.

2019-06-27 17:25:13 - [TEST_STEP][PASSED] - noResultMessages = findWebElements(findTestObject("Page_cabi Order Items/no_result_found"), 5): null

2019-06-27 17:25:13 - [TEST_STEP][PASSED] - assert noResultMessages.size() > 0: null

2019-06-27 17:25:13 - [TEST_STEP][PASSED] - verifyElementText(findTestObject("Page_cabi Order Items/no_result_found"), "No Results Found!"): Actual text and expected text of test object 'Object Repository/Page_cabi Order Items/no_result_found' are matched.

2019-06-27 17:25:13 - [MESSAGE][PASSED] - Actual text and expected text of test object 'Object Repository/Page_cabi Order Items/no_result_found' are matched.

2019-06-27 17:25:13 - [MESSAGE][PASSED] - Call Test Case 'Test Cases/NewArrival/productVerify' successfully

2019-06-27 17:25:13 - [TEST_STEP][PASSED] - callTestCase(findTestCase("NewArrival/populateTimeGlobalVars"), ["row":timeRow], STOP_ON_FAILURE): Call Test Case 'Test Cases/NewArrival/populateTimeGlobalVars' successfully

2019-06-27 17:25:13 - [TEST_CASE][PASSED] - Test Cases/NewArrival/populateTimeGlobalVars: Test Cases/NewArrival/populateTimeGlobalVars

2019-06-27 17:25:13 - [TEST_STEP][PASSED] - dataFile = "timezoneData": null

2019-06-27 17:25:13 - [TEST_STEP][PASSED] - serverTarget = UtilityMethods.getTestData(dataFile, "serverTarget", row): null

2019-06-27 17:25:13 - [TEST_STEP][PASSED] - orderType = UtilityMethods.getTestData(dataFile, "orderType", row): null

2019-06-27 17:25:13 - [TEST_STEP][PASSED] - timeZone = UtilityMethods.getTestData(dataFile, "timeZone", row): null

2019-06-27 17:25:13 - [TEST_STEP][PASSED] - BOPersonal = UtilityMethods.getTestData(dataFile, "BOPersonal", row): null

2019-06-27 17:25:13 - [TEST_STEP][PASSED] - BOAddonPersonal = UtilityMethods.getTestData(dataFile, "BOAddonPersonal", row): null

2019-06-27 17:25:13 - [TEST_STEP][PASSED] - BOAddonRetail = UtilityMethods.getTestData(dataFile, "BOAddonRetail", row): null

2019-06-27 17:25:13 - [TEST_STEP][PASSED] - BORetail = UtilityMethods.getTestData(dataFile, "BORetail", row): null

2019-06-27 17:25:13 - [TEST_STEP][PASSED] - BOShow = UtilityMethods.getTestData(dataFile, "BOShow", row): null

2019-06-27 17:25:14 - [TEST_STEP][PASSED] - BOOnlineoutlet = UtilityMethods.getTestData(dataFile, "BOOnlineoutlet", row): null

2019-06-27 17:25:14 - [TEST_STEP][PASSED] - BOEmployee = UtilityMethods.getTestData(dataFile, "BOEmployee", row): null

2019-06-27 17:25:14 - [TEST_STEP][PASSED] - CCPersonal = UtilityMethods.getTestData(dataFile, "CCPersonal", row): null

2019-06-27 17:25:14 - [TEST_STEP][PASSED] - CCRetail = UtilityMethods.getTestData(dataFile, "CCRetail", row): null

2019-06-27 17:25:14 - [TEST_STEP][PASSED] - CCShow = UtilityMethods.getTestData(dataFile, "CCShow", row): null

2019-06-27 17:25:14 - [TEST_STEP][PASSED] - BOEblast = UtilityMethods.getTestData(dataFile, "BOEblast", row): null

2019-06-27 17:25:14 - [MESSAGE][PASSED] - Call Test Case 'Test Cases/NewArrival/populateTimeGlobalVars' successfully

2019-06-27 17:25:14 - [TEST_STEP][PASSED] - callTestCase(findTestCase("NewArrival/setTimezone"), ["ofbizURL":"", "ofbizuser":"", "ofbizpass":"", "orderType":orderType, "timeZone":timeZone, "serverTarget":serverTarget], STOP_ON_FAILURE): Call Test Case 'Test Cases/NewArrival/setTimezone' successfully

2019-06-27 17:25:14 - [TEST_CASE][PASSED] - Test Cases/NewArrival/setTimezone: Test Cases/NewArrival/setTimezone

2019-06-27 17:25:14 - [TEST_STEP][NOT_RUN] - openBrowser(""): NOT_RUN: openBrowser("")

2019-06-27 17:25:14 - [MESSAGE][NOT_RUN] - NOT_RUN: openBrowser("")

2019-06-27 17:25:14 - [TEST_STEP][NOT_RUN] - maximizeWindow(): NOT_RUN: maximizeWindow()

2019-06-27 17:25:14 - [MESSAGE][NOT_RUN] - NOT_RUN: maximizeWindow()

2019-06-27 17:25:14 - [TEST_STEP][PASSED] - ofbizURL = findTestData("credData").getValue("ofbizURL", 1): null

2019-06-27 17:25:14 - [TEST_STEP][PASSED] - ofbizuser = findTestData("credData").getValue("ofbizuser", 1): null

2019-06-27 17:25:14 - [TEST_STEP][PASSED] - ofbizpass = findTestData("credData").getValue("ofbizpass", 1): null

2019-06-27 17:25:14 - [TEST_STEP][PASSED] - navigateToUrl(ofbizURL): Navigate to 'https://pushofbiz.cliotest.com/login.php' successfully

2019-06-27 17:25:16 - [MESSAGE][PASSED] - Navigate to 'https://pushofbiz.cliotest.com/login.php' successfully

2019-06-27 17:25:16 - [TEST_STEP][PASSED] - setText(findTestObject("Page_/input_Username_username"), ofbizuser): Text 'automation' is set on object 'Object Repository/Page_/input_Username_username'

2019-06-27 17:25:16 - [MESSAGE][PASSED] - Text 'automation' is set on object 'Object Repository/Page_/input_Username_username'

2019-06-27 17:25:16 - [TEST_STEP][PASSED] - setText(findTestObject("Page_/input_Password_password"), ofbizpass): Text 'cabiautomation' is set on object 'Object Repository/Page_/input_Password_password'

2019-06-27 17:25:16 - [MESSAGE][PASSED] - Text 'cabiautomation' is set on object 'Object Repository/Page_/input_Password_password'

2019-06-27 17:25:16 - [TEST_STEP][PASSED] - click(findTestObject("Page_/input_Password_Submit")): Object: 'Object Repository/Page_/input_Password_Submit' is clicked on

2019-06-27 17:25:20 - [MESSAGE][PASSED] - Object: 'Object Repository/Page_/input_Password_Submit' is clicked on

2019-06-27 17:25:20 - [TEST_STEP][PASSED] - click(findTestObject("Object Repository/Page_/a_Clock set")): Object: 'Object Repository/Page_/a_Clock set' is clicked on

2019-06-27 17:25:20 - [MESSAGE][PASSED] - Object: 'Object Repository/Page_/a_Clock set' is clicked on

2019-06-27 17:25:20 - [TEST_STEP][PASSED] - click(UtilityMethods.createTestObject("select_target", "//select[@name='Target']/option[contains(text(), '", serverTarget, "')]")): Object: 'select_target' is clicked on

2019-06-27 17:25:20 - [MESSAGE][PASSED] - Object: 'select_target' is clicked on

2019-06-27 17:25:20 - [TEST_STEP][PASSED] - click(findTestObject("Page_/thisDateAndTime")): Object: 'Object Repository/Page_/thisDateAndTime' is clicked on

2019-06-27 17:25:21 - [MESSAGE][PASSED] - Object: 'Object Repository/Page_/thisDateAndTime' is clicked on

2019-06-27 17:25:21 - [TEST_STEP][PASSED] - setText(findTestObject("Object Repository/Page_/setTargetTime"), timeZone): Text ' 05/08/2019 7:00' is set on object 'Object Repository/Page_/setTargetTime'

2019-06-27 17:25:21 - [MESSAGE][PASSED] - Text ' 05/08/2019 7:00' is set on object 'Object Repository/Page_/setTargetTime'

2019-06-27 17:25:21 - [TEST_STEP][PASSED] - click(findTestObject("Object Repository/Page_/input")): Object: 'Object Repository/Page_/input' is clicked on

2019-06-27 17:25:21 - [MESSAGE][PASSED] - Object: 'Object Repository/Page_/input' is clicked on

2019-06-27 17:25:21 - [TEST_STEP][PASSED] - delay(10): Delayed 10 second(s)

2019-06-27 17:25:31 - [MESSAGE][PASSED] - Delayed 10 second(s)

2019-06-27 17:25:31 - [TEST_STEP][NOT_RUN] - closeBrowser(): NOT_RUN: closeBrowser()

2019-06-27 17:25:31 - [MESSAGE][NOT_RUN] - NOT_RUN: closeBrowser()

2019-06-27 17:25:31 - [MESSAGE][PASSED] - Call Test Case 'Test Cases/NewArrival/setTimezone' successfully

2019-06-27 17:25:31 - [TEST_STEP][PASSED] - callTestCase(findTestCase("TestCaseUtilities/backOfficeLogin"), ["BOURL":"", "BOuser":"", "BOpass":""], STOP_ON_FAILURE): Call Test Case 'Test Cases/TestCaseUtilities/backOfficeLogin' successfully

2019-06-27 17:25:32 - [TEST_CASE][PASSED] - Test Cases/TestCaseUtilities/backOfficeLogin: Test Cases/TestCaseUtilities/backOfficeLogin

2019-06-27 17:25:32 - [TEST_STEP][PASSED] - BOURL = findTestData("credData").getValue("BOURL", 1): null

2019-06-27 17:25:32 - [TEST_STEP][PASSED] - BOuser = findTestData("credData").getValue("BOuser", 1): null

2019-06-27 17:25:32 - [TEST_STEP][PASSED] - BOpass = findTestData("credData").getValue("BOpass", 1): null

2019-06-27 17:25:32 - [TEST_STEP][PASSED] - navigateToUrl(BOURL): Navigate to 'https://test14.cliotest.com/backoffice/control/main' successfully

2019-06-27 17:25:34 - [MESSAGE][PASSED] - Navigate to 'https://test14.cliotest.com/backoffice/control/main' successfully

2019-06-27 17:25:34 - [TEST_STEP][PASSED] - logOut = findWebElements(findTestObject("Object Repository/Page_cabi Home/log_out"), 1): Unable to find the element located by 'By.xpath: //a[contains(text(),'Log Out')]'. Please recheck the objects properties to make sure the desired element is located. 

2019-06-27 17:25:35 - [MESSAGE][INFO] - Unable to find the element located by 'By.xpath: //a[contains(text(),'Log Out')]'. Please recheck the objects properties to make sure the desired element is located. 

2019-06-27 17:25:35 - [TEST_STEP][PASSED] - if (logOut.size() == 0): Object: 'Object Repository/Page_cabi/input_Welcome to_consultantLogin' is clicked on

2019-06-27 17:25:35 - [TEST_STEP][PASSED] - setText(findTestObject("Page_cabi/input_Welcome to_USERNAME"), BOuser): Text '400000002' is set on object 'Object Repository/Page_cabi/input_Welcome to_USERNAME'

2019-06-27 17:25:35 - [MESSAGE][PASSED] - Text '400000002' is set on object 'Object Repository/Page_cabi/input_Welcome to_USERNAME'

2019-06-27 17:25:35 - [TEST_STEP][PASSED] - setText(findTestObject("Object Repository/Page_cabi/input_Welcome to_PASSWORD"), BOpass): Text 'blackdress19' is set on object 'Object Repository/Page_cabi/input_Welcome to_PASSWORD'

2019-06-27 17:25:36 - [MESSAGE][PASSED] - Text 'blackdress19' is set on object 'Object Repository/Page_cabi/input_Welcome to_PASSWORD'

2019-06-27 17:25:36 - [TEST_STEP][PASSED] - click(findTestObject("Object Repository/Page_cabi/input_Welcome to_consultantLogin")): Object: 'Object Repository/Page_cabi/input_Welcome to_consultantLogin' is clicked on

2019-06-27 17:25:42 - [MESSAGE][PASSED] - Object: 'Object Repository/Page_cabi/input_Welcome to_consultantLogin' is clicked on

2019-06-27 17:25:42 - [TEST_STEP][PASSED] - delay(3): Delayed 3 second(s)

2019-06-27 17:25:45 - [MESSAGE][PASSED] - Delayed 3 second(s)

2019-06-27 17:25:45 - [MESSAGE][PASSED] - Call Test Case 'Test Cases/TestCaseUtilities/backOfficeLogin' successfully

2019-06-27 17:25:45 - [TEST_STEP][PASSED] - click(findTestObject("Object Repository/Page_cabi Home/a_Shows  Orders")): Object: 'Object Repository/Page_cabi Home/a_Shows  Orders' is clicked on

2019-06-27 17:25:45 - [MESSAGE][PASSED] - Object: 'Object Repository/Page_cabi Home/a_Shows  Orders' is clicked on

2019-06-27 17:25:45 - [TEST_STEP][PASSED] - click(findTestObject("Page_cabi Home/a_personal_purchases")): Object: 'Object Repository/Page_cabi Home/a_personal_purchases' is clicked on

2019-06-27 17:25:49 - [MESSAGE][PASSED] - Object: 'Object Repository/Page_cabi Home/a_personal_purchases' is clicked on

2019-06-27 17:25:49 - [TEST_STEP][PASSED] - click(findTestObject("Object Repository/Page_cabi Personal Store/span_Continue to Order")): Object: 'Object Repository/Page_cabi Personal Store/span_Continue to Order' is clicked on

2019-06-27 17:25:50 - [MESSAGE][PASSED] - Object: 'Object Repository/Page_cabi Personal Store/span_Continue to Order' is clicked on

2019-06-27 17:25:50 - [TEST_STEP][PASSED] - callTestCase(findTestCase("NewArrival/productVerify"), ["available":BOPersonal, "storeType":"BOPersonal"], STOP_ON_FAILURE): Call Test Case 'Test Cases/NewArrival/productVerify' successfully

2019-06-27 17:25:50 - [TEST_CASE][PASSED] - Test Cases/NewArrival/productVerify: Test Cases/NewArrival/productVerify

2019-06-27 17:25:50 - [TEST_STEP][PASSED] - for ([row = 1, row <= findTestData("productData").getRowNumbers(), (row++)]): null

2019-06-27 17:25:50 - [TEST_STEP][PASSED] - setText(findTestObject("Object Repository/Page_cabi Order Items/input_New Arrivals - Blooming Blush_style"), findTestData("productData").getValue("Style", row)): Text '5618' is set on object 'Object Repository/Page_cabi Order Items/input_New Arrivals - Blooming Blush_style'

2019-06-27 17:25:51 - [MESSAGE][PASSED] - Text '5618' is set on object 'Object Repository/Page_cabi Order Items/input_New Arrivals - Blooming Blush_style'

2019-06-27 17:25:51 - [TEST_STEP][PASSED] - sendKeys(findTestObject("Object Repository/Page_cabi Order Items/input_New Arrivals - Blooming Blush_style"), Keys.chord(ENTER)): Keys 'ENTER + ' sent to object: 'Object Repository/Page_cabi Order Items/input_New Arrivals - Blooming Blush_style'

2019-06-27 17:25:51 - [MESSAGE][PASSED] - Keys 'ENTER + ' sent to object: 'Object Repository/Page_cabi Order Items/input_New Arrivals - Blooming Blush_style'

2019-06-27 17:25:51 - [TEST_STEP][PASSED] - delay(5): Delayed 5 second(s)

2019-06-27 17:25:56 - [MESSAGE][PASSED] - Delayed 5 second(s)

2019-06-27 17:25:56 - [TEST_STEP][PASSED] - if (toString().equalsIgnoreCase("no")): null

2019-06-27 17:25:56 - [TEST_STEP][PASSED] - else: null

2019-06-27 17:25:56 - [TEST_STEP][PASSED] - click(findTestObject("Page_cabi Order Items/li_order_item")): Object: 'Object Repository/Page_cabi Order Items/li_order_item' is clicked on

2019-06-27 17:25:56 - [MESSAGE][PASSED] - Object: 'Object Repository/Page_cabi Order Items/li_order_item' is clicked on

2019-06-27 17:25:56 - [TEST_STEP][PASSED] - delay(5): Delayed 5 second(s)

2019-06-27 17:26:01 - [MESSAGE][PASSED] - Delayed 5 second(s)

2019-06-27 17:26:01 - [TEST_STEP][PASSED] - imgString1 = getValue("Style", row).toString(): null

2019-06-27 17:26:01 - [TEST_STEP][PASSED] - imagePath = UtilityMethods.createScreenshotImagePath(storeType, imgString1): null

2019-06-27 17:26:01 - [TEST_STEP][PASSED] - println(imagePath): null

2019-06-27 17:26:01 - [TEST_STEP][PASSED] - takeScreenshot(imagePath): Taking screenshot successfully

2019-06-27 17:26:01 - [MESSAGE][PASSED] - Taking screenshot successfully
[[ATTACHMENT|C:\\Users\\user\\Documents\\testautomation\\KatalonProjects\\productImages\\BOPersonal_5618 image.png]]

2019-06-27 17:26:01 - [TEST_STEP][PASSED] - verifyElementText(findTestObject("Page_cabi Order Items/GetAttribute_getID"), findTestData("productData").getValue("Style", row)): Actual text and expected text of test object 'Object Repository/Page_cabi Order Items/GetAttribute_getID' are matched.

2019-06-27 17:26:01 - [MESSAGE][PASSED] - Actual text and expected text of test object 'Object Repository/Page_cabi Order Items/GetAttribute_getID' are matched.

2019-06-27 17:26:01 - [TEST_STEP][PASSED] - colorOptions = findWebElements(findTestObject("Page_cabi Order Items/GetAttribute_Color"), 5): null

2019-06-27 17:26:01 - [TEST_STEP][PASSED] - println(colorOptions.size()): null

2019-06-27 17:26:01 - [TEST_STEP][PASSED] - expectedColour = findTestData("productData").getValue("Color", row): null

2019-06-27 17:26:01 - [TEST_STEP][PASSED] - println("expected colour is"): null

2019-06-27 17:26:01 - [TEST_STEP][PASSED] - println(expectedColour): null

2019-06-27 17:26:01 - [TEST_STEP][PASSED] - colourVerified = false: null

2019-06-27 17:26:01 - [TEST_STEP][PASSED] - for (org.openqa.selenium.WebElement op : colorOptions): null

2019-06-27 17:26:01 - [TEST_STEP][PASSED] - println(op.getText()): null

2019-06-27 17:26:01 - [TEST_STEP][PASSED] - if (expectedColour.equalsIgnoreCase(op.getText())): null

2019-06-27 17:26:01 - [TEST_STEP][PASSED] - colourVerified = true: null

2019-06-27 17:26:01 - [TEST_STEP][PASSED] - break: null

2019-06-27 17:26:01 - [TEST_STEP][PASSED] - assert colourVerified == true: null

2019-06-27 17:26:01 - [TEST_STEP][PASSED] - getPrice = getText(findTestObject("Page_cabi Order Items/GetAttribute_Price")): Text of object 'Object Repository/Page_cabi Order Items/GetAttribute_Price' is: 'Price : $119.00'

2019-06-27 17:26:01 - [MESSAGE][PASSED] - Text of object 'Object Repository/Page_cabi Order Items/GetAttribute_Price' is: 'Price : $119.00'

2019-06-27 17:26:01 - [TEST_STEP][PASSED] - Split_Data = UtilityMethods.SplitData(getPrice): null

2019-06-27 17:26:01 - [TEST_STEP][PASSED] - verifyMatch(Split_Data, findTestData("productData").getValue("Retail", row), true): Actual text '119' and expected text '119' are matched  using regular expression

2019-06-27 17:26:01 - [MESSAGE][PASSED] - Actual text '119' and expected text '119' are matched  using regular expression

2019-06-27 17:26:01 - [TEST_STEP][PASSED] - sizeRange1 = ["XXS", "XS", "S", "M", "L", "XL"]: null

2019-06-27 17:26:01 - [TEST_STEP][PASSED] - sizeRange2 = ["00", "0", "2", "4", "6", "8", "10", "12", "14", "16"]: null

2019-06-27 17:26:01 - [TEST_STEP][PASSED] - sizeRange3 = ["Long", "Regular", "Short"]: null

2019-06-27 17:26:01 - [TEST_STEP][PASSED] - sizeRange4 = ["5", "6", "6.5", "7", "7.5", "8", "8.5", "9", "9.5", "10", "11"]: null

2019-06-27 17:26:01 - [TEST_STEP][PASSED] - sizeRangeSplit = UtilityMethods.SplitSizes(findTestData("productData").getValue("SzRange", row)): null

2019-06-27 17:26:01 - [TEST_STEP][PASSED] - sizeType = getText(findTestObject("Object Repository/Page_cabi Order Items/Size")): Text of object 'Object Repository/Page_cabi Order Items/Size' is: 'Select'

2019-06-27 17:26:02 - [MESSAGE][PASSED] - Text of object 'Object Repository/Page_cabi Order Items/Size' is: 'Select'

2019-06-27 17:26:02 - [TEST_STEP][PASSED] - sizeOptions = findWebElements(findTestObject("Object Repository/Page_cabi Order Items/Size"), 5): null

2019-06-27 17:26:02 - [TEST_STEP][PASSED] - actualRange = new java.util.ArrayList(): null

2019-06-27 17:26:02 - [TEST_STEP][PASSED] - expectedRange = <not implemented yet for class: org.codehaus.groovy.ast.expr.EmptyExpression>: null

2019-06-27 17:26:02 - [TEST_STEP][PASSED] - if (sizeType.equalsIgnoreCase("Select")): null

2019-06-27 17:26:02 - [TEST_STEP][PASSED] - for ([i = 1, i < sizeOptions.size(), (i++)]): null

2019-06-27 17:26:02 - [TEST_STEP][PASSED] - actualRange.add(getAttribute("value").toString()): null

2019-06-27 17:26:02 - [TEST_STEP][PASSED] - actualRange.add(getAttribute("value").toString()): null

2019-06-27 17:26:02 - [TEST_STEP][PASSED] - actualRange.add(getAttribute("value").toString()): null

2019-06-27 17:26:02 - [TEST_STEP][PASSED] - actualRange.add(getAttribute("value").toString()): null

2019-06-27 17:26:02 - [TEST_STEP][PASSED] - actualRange.add(getAttribute("value").toString()): null

2019-06-27 17:26:02 - [TEST_STEP][PASSED] - if (toString().equalsIgnoreCase("XS") || toString().equalsIgnoreCase("XXS")): null

2019-06-27 17:26:02 - [TEST_STEP][PASSED] - expectedRange = UtilityMethods.getExpectedRange(sizeRange1, sizeRangeSplit): null

2019-06-27 17:26:02 - [TEST_STEP][PASSED] - println("XS"): null

2019-06-27 17:26:02 - [TEST_STEP][PASSED] - println(expectedRange.toString()): null

2019-06-27 17:26:02 - [TEST_STEP][PASSED] - assert UtilityMethods.listEquals(expectedRange, actualRange) == true: null

2019-06-27 17:26:02 - [TEST_STEP][PASSED] - delay(2): Delayed 2 second(s)

2019-06-27 17:26:04 - [MESSAGE][PASSED] - Delayed 2 second(s)

2019-06-27 17:26:04 - [TEST_STEP][PASSED] - verifyElementText(findTestObject("Page_cabi Order Items/product_title"), findTestData("productData").getValue("Description", row)): Actual text and expected text of test object 'Object Repository/Page_cabi Order Items/product_title' are matched.

2019-06-27 17:26:04 - [MESSAGE][PASSED] - Actual text and expected text of test object 'Object Repository/Page_cabi Order Items/product_title' are matched.

2019-06-27 17:26:04 - [TEST_STEP][PASSED] - verifyElementText(findTestObject("Page_cabi Order Items/product_fabric"), findTestData("productData").getValue("FinalContent", row)): Actual text and expected text of test object 'Object Repository/Page_cabi Order Items/product_fabric' are matched.

2019-06-27 17:26:04 - [MESSAGE][PASSED] - Actual text and expected text of test object 'Object Repository/Page_cabi Order Items/product_fabric' are matched.

2019-06-27 17:26:04 - [TEST_STEP][PASSED] - actualCasreIntrn = "<div>" + getText(findTestObject("Page_cabi Order Items/care_instruction")) + "</div>": Text of object 'Object Repository/Page_cabi Order Items/care_instruction' is: 'Turn garment inside out and place in a mesh bag. Machine wash separately in cold water on the delicate cycle. Only non-chlorine bleach if needed. Do not twist or wring. Lay flat to dry. Warm iron if needed. Can be dry cleaned.'

2019-06-27 17:26:04 - [MESSAGE][PASSED] - Text of object 'Object Repository/Page_cabi Order Items/care_instruction' is: 'Turn garment inside out and place in a mesh bag. Machine wash separately in cold water on the delicate cycle. Only non-chlorine bleach if needed. Do not twist or wring. Lay flat to dry. Warm iron if needed. Can be dry cleaned.'

2019-06-27 17:26:04 - [TEST_STEP][PASSED] - assert actualCasreIntrn.equals(findTestData("productData").getValue("CareInstr", row)): null

2019-06-27 17:26:04 - [MESSAGE][PASSED] - Call Test Case 'Test Cases/NewArrival/productVerify' successfully

2019-06-27 17:26:04 - [TEST_STEP][PASSED] - callTestCase(findTestCase("NewArrival/populateTimeGlobalVars"), ["row":timeRow], STOP_ON_FAILURE): Call Test Case 'Test Cases/NewArrival/populateTimeGlobalVars' successfully

2019-06-27 17:26:04 - [TEST_CASE][PASSED] - Test Cases/NewArrival/populateTimeGlobalVars: Test Cases/NewArrival/populateTimeGlobalVars

2019-06-27 17:26:04 - [TEST_STEP][PASSED] - dataFile = "timezoneData": null

2019-06-27 17:26:04 - [TEST_STEP][PASSED] - serverTarget = UtilityMethods.getTestData(dataFile, "serverTarget", row): null

2019-06-27 17:26:04 - [TEST_STEP][PASSED] - orderType = UtilityMethods.getTestData(dataFile, "orderType", row): null

2019-06-27 17:26:04 - [TEST_STEP][PASSED] - timeZone = UtilityMethods.getTestData(dataFile, "timeZone", row): null

2019-06-27 17:26:04 - [TEST_STEP][PASSED] - BOPersonal = UtilityMethods.getTestData(dataFile, "BOPersonal", row): null

2019-06-27 17:26:04 - [TEST_STEP][PASSED] - BOAddonPersonal = UtilityMethods.getTestData(dataFile, "BOAddonPersonal", row): null

2019-06-27 17:26:04 - [TEST_STEP][PASSED] - BOAddonRetail = UtilityMethods.getTestData(dataFile, "BOAddonRetail", row): null

2019-06-27 17:26:04 - [TEST_STEP][PASSED] - BORetail = UtilityMethods.getTestData(dataFile, "BORetail", row): null

2019-06-27 17:26:04 - [TEST_STEP][PASSED] - BOShow = UtilityMethods.getTestData(dataFile, "BOShow", row): null

2019-06-27 17:26:04 - [TEST_STEP][PASSED] - BOOnlineoutlet = UtilityMethods.getTestData(dataFile, "BOOnlineoutlet", row): null

2019-06-27 17:26:04 - [TEST_STEP][PASSED] - BOEmployee = UtilityMethods.getTestData(dataFile, "BOEmployee", row): null

2019-06-27 17:26:04 - [TEST_STEP][PASSED] - CCPersonal = UtilityMethods.getTestData(dataFile, "CCPersonal", row): null

2019-06-27 17:26:04 - [TEST_STEP][PASSED] - CCRetail = UtilityMethods.getTestData(dataFile, "CCRetail", row): null

2019-06-27 17:26:04 - [TEST_STEP][PASSED] - CCShow = UtilityMethods.getTestData(dataFile, "CCShow", row): null

2019-06-27 17:26:04 - [TEST_STEP][PASSED] - BOEblast = UtilityMethods.getTestData(dataFile, "BOEblast", row): null

2019-06-27 17:26:04 - [MESSAGE][PASSED] - Call Test Case 'Test Cases/NewArrival/populateTimeGlobalVars' successfully

2019-06-27 17:26:04 - [TEST_STEP][PASSED] - callTestCase(findTestCase("NewArrival/setTimezone"), ["ofbizURL":"", "ofbizuser":"", "ofbizpass":"", "orderType":orderType, "timeZone":timeZone, "serverTarget":serverTarget], STOP_ON_FAILURE): Call Test Case 'Test Cases/NewArrival/setTimezone' successfully

2019-06-27 17:26:04 - [TEST_CASE][PASSED] - Test Cases/NewArrival/setTimezone: Test Cases/NewArrival/setTimezone

2019-06-27 17:26:04 - [TEST_STEP][NOT_RUN] - openBrowser(""): NOT_RUN: openBrowser("")

2019-06-27 17:26:04 - [MESSAGE][NOT_RUN] - NOT_RUN: openBrowser("")

2019-06-27 17:26:04 - [TEST_STEP][NOT_RUN] - maximizeWindow(): NOT_RUN: maximizeWindow()

2019-06-27 17:26:04 - [MESSAGE][NOT_RUN] - NOT_RUN: maximizeWindow()

2019-06-27 17:26:04 - [TEST_STEP][PASSED] - ofbizURL = findTestData("credData").getValue("ofbizURL", 1): null

2019-06-27 17:26:04 - [TEST_STEP][PASSED] - ofbizuser = findTestData("credData").getValue("ofbizuser", 1): null

2019-06-27 17:26:04 - [TEST_STEP][PASSED] - ofbizpass = findTestData("credData").getValue("ofbizpass", 1): null

2019-06-27 17:26:04 - [TEST_STEP][PASSED] - navigateToUrl(ofbizURL): Navigate to 'https://pushofbiz.cliotest.com/login.php' successfully

2019-06-27 17:26:07 - [MESSAGE][PASSED] - Navigate to 'https://pushofbiz.cliotest.com/login.php' successfully

2019-06-27 17:26:07 - [TEST_STEP][PASSED] - setText(findTestObject("Page_/input_Username_username"), ofbizuser): Text 'automation' is set on object 'Object Repository/Page_/input_Username_username'

2019-06-27 17:26:07 - [MESSAGE][PASSED] - Text 'automation' is set on object 'Object Repository/Page_/input_Username_username'

2019-06-27 17:26:07 - [TEST_STEP][PASSED] - setText(findTestObject("Page_/input_Password_password"), ofbizpass): Text 'cabiautomation' is set on object 'Object Repository/Page_/input_Password_password'

2019-06-27 17:26:07 - [MESSAGE][PASSED] - Text 'cabiautomation' is set on object 'Object Repository/Page_/input_Password_password'

2019-06-27 17:26:07 - [TEST_STEP][PASSED] - click(findTestObject("Page_/input_Password_Submit")): Object: 'Object Repository/Page_/input_Password_Submit' is clicked on

2019-06-27 17:26:10 - [MESSAGE][PASSED] - Object: 'Object Repository/Page_/input_Password_Submit' is clicked on

2019-06-27 17:26:10 - [TEST_STEP][PASSED] - click(findTestObject("Object Repository/Page_/a_Clock set")): Object: 'Object Repository/Page_/a_Clock set' is clicked on

2019-06-27 17:26:11 - [MESSAGE][PASSED] - Object: 'Object Repository/Page_/a_Clock set' is clicked on

2019-06-27 17:26:11 - [TEST_STEP][PASSED] - click(UtilityMethods.createTestObject("select_target", "//select[@name='Target']/option[contains(text(), '", serverTarget, "')]")): Object: 'select_target' is clicked on

2019-06-27 17:26:11 - [MESSAGE][PASSED] - Object: 'select_target' is clicked on

2019-06-27 17:26:11 - [TEST_STEP][PASSED] - click(findTestObject("Page_/thisDateAndTime")): Object: 'Object Repository/Page_/thisDateAndTime' is clicked on

2019-06-27 17:26:11 - [MESSAGE][PASSED] - Object: 'Object Repository/Page_/thisDateAndTime' is clicked on

2019-06-27 17:26:11 - [TEST_STEP][PASSED] - setText(findTestObject("Object Repository/Page_/setTargetTime"), timeZone): Text ' 05/22/2019 00:00' is set on object 'Object Repository/Page_/setTargetTime'

2019-06-27 17:26:11 - [MESSAGE][PASSED] - Text ' 05/22/2019 00:00' is set on object 'Object Repository/Page_/setTargetTime'

2019-06-27 17:26:11 - [TEST_STEP][PASSED] - click(findTestObject("Object Repository/Page_/input")): Object: 'Object Repository/Page_/input' is clicked on

2019-06-27 17:26:12 - [MESSAGE][PASSED] - Object: 'Object Repository/Page_/input' is clicked on

2019-06-27 17:26:12 - [TEST_STEP][PASSED] - delay(10): Delayed 10 second(s)

2019-06-27 17:26:22 - [MESSAGE][PASSED] - Delayed 10 second(s)

2019-06-27 17:26:22 - [TEST_STEP][NOT_RUN] - closeBrowser(): NOT_RUN: closeBrowser()

2019-06-27 17:26:22 - [MESSAGE][NOT_RUN] - NOT_RUN: closeBrowser()

2019-06-27 17:26:22 - [MESSAGE][PASSED] - Call Test Case 'Test Cases/NewArrival/setTimezone' successfully

2019-06-27 17:26:22 - [TEST_STEP][PASSED] - callTestCase(findTestCase("TestCaseUtilities/backOfficeLogin"), ["BOURL":"", "BOuser":"", "BOpass":""], STOP_ON_FAILURE): Call Test Case 'Test Cases/TestCaseUtilities/backOfficeLogin' successfully

2019-06-27 17:26:22 - [TEST_CASE][PASSED] - Test Cases/TestCaseUtilities/backOfficeLogin: Test Cases/TestCaseUtilities/backOfficeLogin

2019-06-27 17:26:22 - [TEST_STEP][PASSED] - BOURL = findTestData("credData").getValue("BOURL", 1): null

2019-06-27 17:26:22 - [TEST_STEP][PASSED] - BOuser = findTestData("credData").getValue("BOuser", 1): null

2019-06-27 17:26:22 - [TEST_STEP][PASSED] - BOpass = findTestData("credData").getValue("BOpass", 1): null

2019-06-27 17:26:22 - [TEST_STEP][PASSED] - navigateToUrl(BOURL): Navigate to 'https://test14.cliotest.com/backoffice/control/main' successfully

2019-06-27 17:26:25 - [MESSAGE][PASSED] - Navigate to 'https://test14.cliotest.com/backoffice/control/main' successfully

2019-06-27 17:26:25 - [TEST_STEP][PASSED] - logOut = findWebElements(findTestObject("Object Repository/Page_cabi Home/log_out"), 1): Unable to find the element located by 'By.xpath: //a[contains(text(),'Log Out')]'. Please recheck the objects properties to make sure the desired element is located. 

2019-06-27 17:26:26 - [MESSAGE][INFO] - Unable to find the element located by 'By.xpath: //a[contains(text(),'Log Out')]'. Please recheck the objects properties to make sure the desired element is located. 

2019-06-27 17:26:26 - [TEST_STEP][PASSED] - if (logOut.size() == 0): Object: 'Object Repository/Page_cabi/input_Welcome to_consultantLogin' is clicked on

2019-06-27 17:26:26 - [TEST_STEP][PASSED] - setText(findTestObject("Page_cabi/input_Welcome to_USERNAME"), BOuser): Text '400000002' is set on object 'Object Repository/Page_cabi/input_Welcome to_USERNAME'

2019-06-27 17:26:26 - [MESSAGE][PASSED] - Text '400000002' is set on object 'Object Repository/Page_cabi/input_Welcome to_USERNAME'

2019-06-27 17:26:26 - [TEST_STEP][PASSED] - setText(findTestObject("Object Repository/Page_cabi/input_Welcome to_PASSWORD"), BOpass): Text 'blackdress19' is set on object 'Object Repository/Page_cabi/input_Welcome to_PASSWORD'

2019-06-27 17:26:26 - [MESSAGE][PASSED] - Text 'blackdress19' is set on object 'Object Repository/Page_cabi/input_Welcome to_PASSWORD'

2019-06-27 17:26:26 - [TEST_STEP][PASSED] - click(findTestObject("Object Repository/Page_cabi/input_Welcome to_consultantLogin")): Object: 'Object Repository/Page_cabi/input_Welcome to_consultantLogin' is clicked on

2019-06-27 17:26:31 - [MESSAGE][PASSED] - Object: 'Object Repository/Page_cabi/input_Welcome to_consultantLogin' is clicked on

2019-06-27 17:26:31 - [TEST_STEP][PASSED] - delay(3): Delayed 3 second(s)

2019-06-27 17:26:34 - [MESSAGE][PASSED] - Delayed 3 second(s)

2019-06-27 17:26:34 - [MESSAGE][PASSED] - Call Test Case 'Test Cases/TestCaseUtilities/backOfficeLogin' successfully

2019-06-27 17:26:34 - [TEST_STEP][PASSED] - click(findTestObject("Object Repository/Page_cabi Home/a_Shows  Orders")): Object: 'Object Repository/Page_cabi Home/a_Shows  Orders' is clicked on

2019-06-27 17:26:34 - [MESSAGE][PASSED] - Object: 'Object Repository/Page_cabi Home/a_Shows  Orders' is clicked on

2019-06-27 17:26:34 - [TEST_STEP][PASSED] - click(findTestObject("Page_cabi Home/a_personal_purchases")): Object: 'Object Repository/Page_cabi Home/a_personal_purchases' is clicked on

2019-06-27 17:26:37 - [MESSAGE][PASSED] - Object: 'Object Repository/Page_cabi Home/a_personal_purchases' is clicked on

2019-06-27 17:26:37 - [TEST_STEP][PASSED] - click(findTestObject("Object Repository/Page_cabi Personal Store/span_Continue to Order")): Object: 'Object Repository/Page_cabi Personal Store/span_Continue to Order' is clicked on

2019-06-27 17:26:37 - [MESSAGE][PASSED] - Object: 'Object Repository/Page_cabi Personal Store/span_Continue to Order' is clicked on

2019-06-27 17:26:37 - [TEST_STEP][PASSED] - callTestCase(findTestCase("NewArrival/productVerify"), ["available":BOPersonal, "storeType":"BOPersonal"], STOP_ON_FAILURE): Call Test Case 'Test Cases/NewArrival/productVerify' successfully

2019-06-27 17:26:37 - [TEST_CASE][PASSED] - Test Cases/NewArrival/productVerify: Test Cases/NewArrival/productVerify

2019-06-27 17:26:37 - [TEST_STEP][PASSED] - for ([row = 1, row <= findTestData("productData").getRowNumbers(), (row++)]): null

2019-06-27 17:26:37 - [TEST_STEP][PASSED] - setText(findTestObject("Object Repository/Page_cabi Order Items/input_New Arrivals - Blooming Blush_style"), findTestData("productData").getValue("Style", row)): Text '5618' is set on object 'Object Repository/Page_cabi Order Items/input_New Arrivals - Blooming Blush_style'

2019-06-27 17:26:38 - [MESSAGE][PASSED] - Text '5618' is set on object 'Object Repository/Page_cabi Order Items/input_New Arrivals - Blooming Blush_style'

2019-06-27 17:26:38 - [TEST_STEP][PASSED] - sendKeys(findTestObject("Object Repository/Page_cabi Order Items/input_New Arrivals - Blooming Blush_style"), Keys.chord(ENTER)): Keys 'ENTER + ' sent to object: 'Object Repository/Page_cabi Order Items/input_New Arrivals - Blooming Blush_style'

2019-06-27 17:26:38 - [MESSAGE][PASSED] - Keys 'ENTER + ' sent to object: 'Object Repository/Page_cabi Order Items/input_New Arrivals - Blooming Blush_style'

2019-06-27 17:26:38 - [TEST_STEP][PASSED] - delay(5): Delayed 5 second(s)

2019-06-27 17:26:43 - [MESSAGE][PASSED] - Delayed 5 second(s)

2019-06-27 17:26:43 - [TEST_STEP][PASSED] - if (toString().equalsIgnoreCase("no")): null

2019-06-27 17:26:43 - [TEST_STEP][PASSED] - else: null

2019-06-27 17:26:43 - [TEST_STEP][PASSED] - click(findTestObject("Page_cabi Order Items/li_order_item")): Object: 'Object Repository/Page_cabi Order Items/li_order_item' is clicked on

2019-06-27 17:26:43 - [MESSAGE][PASSED] - Object: 'Object Repository/Page_cabi Order Items/li_order_item' is clicked on

2019-06-27 17:26:43 - [TEST_STEP][PASSED] - delay(5): Delayed 5 second(s)

2019-06-27 17:26:48 - [MESSAGE][PASSED] - Delayed 5 second(s)

2019-06-27 17:26:48 - [TEST_STEP][PASSED] - imgString1 = getValue("Style", row).toString(): null

2019-06-27 17:26:48 - [TEST_STEP][PASSED] - imagePath = UtilityMethods.createScreenshotImagePath(storeType, imgString1): null

2019-06-27 17:26:48 - [TEST_STEP][PASSED] - println(imagePath): null

2019-06-27 17:26:48 - [TEST_STEP][PASSED] - takeScreenshot(imagePath): Taking screenshot successfully

2019-06-27 17:26:49 - [MESSAGE][PASSED] - Taking screenshot successfully
[[ATTACHMENT|C:\\Users\\user\\Documents\\testautomation\\KatalonProjects\\productImages\\BOPersonal_5618 image.png]]

2019-06-27 17:26:49 - [TEST_STEP][PASSED] - verifyElementText(findTestObject("Page_cabi Order Items/GetAttribute_getID"), findTestData("productData").getValue("Style", row)): Actual text and expected text of test object 'Object Repository/Page_cabi Order Items/GetAttribute_getID' are matched.

2019-06-27 17:26:49 - [MESSAGE][PASSED] - Actual text and expected text of test object 'Object Repository/Page_cabi Order Items/GetAttribute_getID' are matched.

2019-06-27 17:26:49 - [TEST_STEP][PASSED] - colorOptions = findWebElements(findTestObject("Page_cabi Order Items/GetAttribute_Color"), 5): null

2019-06-27 17:26:49 - [TEST_STEP][PASSED] - println(colorOptions.size()): null

2019-06-27 17:26:49 - [TEST_STEP][PASSED] - expectedColour = findTestData("productData").getValue("Color", row): null

2019-06-27 17:26:49 - [TEST_STEP][PASSED] - println("expected colour is"): null

2019-06-27 17:26:49 - [TEST_STEP][PASSED] - println(expectedColour): null

2019-06-27 17:26:49 - [TEST_STEP][PASSED] - colourVerified = false: null

2019-06-27 17:26:49 - [TEST_STEP][PASSED] - for (org.openqa.selenium.WebElement op : colorOptions): null

2019-06-27 17:26:49 - [TEST_STEP][PASSED] - println(op.getText()): null

2019-06-27 17:26:49 - [TEST_STEP][PASSED] - if (expectedColour.equalsIgnoreCase(op.getText())): null

2019-06-27 17:26:49 - [TEST_STEP][PASSED] - colourVerified = true: null

2019-06-27 17:26:49 - [TEST_STEP][PASSED] - break: null

2019-06-27 17:26:49 - [TEST_STEP][PASSED] - assert colourVerified == true: null

2019-06-27 17:26:49 - [TEST_STEP][PASSED] - getPrice = getText(findTestObject("Page_cabi Order Items/GetAttribute_Price")): Text of object 'Object Repository/Page_cabi Order Items/GetAttribute_Price' is: 'Price : $119.00'

2019-06-27 17:26:49 - [MESSAGE][PASSED] - Text of object 'Object Repository/Page_cabi Order Items/GetAttribute_Price' is: 'Price : $119.00'

2019-06-27 17:26:49 - [TEST_STEP][PASSED] - Split_Data = UtilityMethods.SplitData(getPrice): null

2019-06-27 17:26:49 - [TEST_STEP][PASSED] - verifyMatch(Split_Data, findTestData("productData").getValue("Retail", row), true): Actual text '119' and expected text '119' are matched  using regular expression

2019-06-27 17:26:49 - [MESSAGE][PASSED] - Actual text '119' and expected text '119' are matched  using regular expression

2019-06-27 17:26:49 - [TEST_STEP][PASSED] - sizeRange1 = ["XXS", "XS", "S", "M", "L", "XL"]: null

2019-06-27 17:26:49 - [TEST_STEP][PASSED] - sizeRange2 = ["00", "0", "2", "4", "6", "8", "10", "12", "14", "16"]: null

2019-06-27 17:26:49 - [TEST_STEP][PASSED] - sizeRange3 = ["Long", "Regular", "Short"]: null

2019-06-27 17:26:49 - [TEST_STEP][PASSED] - sizeRange4 = ["5", "6", "6.5", "7", "7.5", "8", "8.5", "9", "9.5", "10", "11"]: null

2019-06-27 17:26:49 - [TEST_STEP][PASSED] - sizeRangeSplit = UtilityMethods.SplitSizes(findTestData("productData").getValue("SzRange", row)): null

2019-06-27 17:26:49 - [TEST_STEP][PASSED] - sizeType = getText(findTestObject("Object Repository/Page_cabi Order Items/Size")): Text of object 'Object Repository/Page_cabi Order Items/Size' is: 'Select'

2019-06-27 17:26:49 - [MESSAGE][PASSED] - Text of object 'Object Repository/Page_cabi Order Items/Size' is: 'Select'

2019-06-27 17:26:49 - [TEST_STEP][PASSED] - sizeOptions = findWebElements(findTestObject("Object Repository/Page_cabi Order Items/Size"), 5): null

2019-06-27 17:26:49 - [TEST_STEP][PASSED] - actualRange = new java.util.ArrayList(): null

2019-06-27 17:26:49 - [TEST_STEP][PASSED] - expectedRange = <not implemented yet for class: org.codehaus.groovy.ast.expr.EmptyExpression>: null

2019-06-27 17:26:49 - [TEST_STEP][PASSED] - if (sizeType.equalsIgnoreCase("Select")): null

2019-06-27 17:26:49 - [TEST_STEP][PASSED] - for ([i = 1, i < sizeOptions.size(), (i++)]): null

2019-06-27 17:26:49 - [TEST_STEP][PASSED] - actualRange.add(getAttribute("value").toString()): null

2019-06-27 17:26:49 - [TEST_STEP][PASSED] - actualRange.add(getAttribute("value").toString()): null

2019-06-27 17:26:49 - [TEST_STEP][PASSED] - actualRange.add(getAttribute("value").toString()): null

2019-06-27 17:26:49 - [TEST_STEP][PASSED] - actualRange.add(getAttribute("value").toString()): null

2019-06-27 17:26:49 - [TEST_STEP][PASSED] - actualRange.add(getAttribute("value").toString()): null

2019-06-27 17:26:49 - [TEST_STEP][PASSED] - if (toString().equalsIgnoreCase("XS") || toString().equalsIgnoreCase("XXS")): null

2019-06-27 17:26:49 - [TEST_STEP][PASSED] - expectedRange = UtilityMethods.getExpectedRange(sizeRange1, sizeRangeSplit): null

2019-06-27 17:26:49 - [TEST_STEP][PASSED] - println("XS"): null

2019-06-27 17:26:49 - [TEST_STEP][PASSED] - println(expectedRange.toString()): null

2019-06-27 17:26:49 - [TEST_STEP][PASSED] - assert UtilityMethods.listEquals(expectedRange, actualRange) == true: null

2019-06-27 17:26:49 - [TEST_STEP][PASSED] - delay(2): Delayed 2 second(s)

2019-06-27 17:26:51 - [MESSAGE][PASSED] - Delayed 2 second(s)

2019-06-27 17:26:51 - [TEST_STEP][PASSED] - verifyElementText(findTestObject("Page_cabi Order Items/product_title"), findTestData("productData").getValue("Description", row)): Actual text and expected text of test object 'Object Repository/Page_cabi Order Items/product_title' are matched.

2019-06-27 17:26:51 - [MESSAGE][PASSED] - Actual text and expected text of test object 'Object Repository/Page_cabi Order Items/product_title' are matched.

2019-06-27 17:26:51 - [TEST_STEP][PASSED] - verifyElementText(findTestObject("Page_cabi Order Items/product_fabric"), findTestData("productData").getValue("FinalContent", row)): Actual text and expected text of test object 'Object Repository/Page_cabi Order Items/product_fabric' are matched.

2019-06-27 17:26:52 - [MESSAGE][PASSED] - Actual text and expected text of test object 'Object Repository/Page_cabi Order Items/product_fabric' are matched.

2019-06-27 17:26:52 - [TEST_STEP][PASSED] - actualCasreIntrn = "<div>" + getText(findTestObject("Page_cabi Order Items/care_instruction")) + "</div>": Text of object 'Object Repository/Page_cabi Order Items/care_instruction' is: 'Turn garment inside out and place in a mesh bag. Machine wash separately in cold water on the delicate cycle. Only non-chlorine bleach if needed. Do not twist or wring. Lay flat to dry. Warm iron if needed. Can be dry cleaned.'

2019-06-27 17:26:52 - [MESSAGE][PASSED] - Text of object 'Object Repository/Page_cabi Order Items/care_instruction' is: 'Turn garment inside out and place in a mesh bag. Machine wash separately in cold water on the delicate cycle. Only non-chlorine bleach if needed. Do not twist or wring. Lay flat to dry. Warm iron if needed. Can be dry cleaned.'

2019-06-27 17:26:52 - [TEST_STEP][PASSED] - assert actualCasreIntrn.equals(findTestData("productData").getValue("CareInstr", row)): null

2019-06-27 17:26:52 - [MESSAGE][PASSED] - Call Test Case 'Test Cases/NewArrival/productVerify' successfully]]></system-out>
         <system-err><![CDATA[]]></system-err>
      </testcase>
      <testcase name="Test Cases/NewArrival/BORetail" classname="Test Cases/NewArrival/BORetail" status="FAILED">
         <failure type="FAILED" message="Test Cases/NewArrival/BORetail FAILED.
Reason:
com.kms.katalon.core.exception.StepFailedException: Unable to click on object 'Object Repository/Page_cabi Home/a_same_shipping_address'
	at com.kms.katalon.core.webui.keyword.internal.WebUIKeywordMain.stepFailed(WebUIKeywordMain.groovy:64)
	at com.kms.katalon.core.webui.keyword.internal.WebUIKeywordMain.runKeyword(WebUIKeywordMain.groovy:26)
	at com.kms.katalon.core.webui.keyword.builtin.ClickKeyword.click(ClickKeyword.groovy:86)
	at com.kms.katalon.core.webui.keyword.builtin.ClickKeyword.execute(ClickKeyword.groovy:67)
	at com.kms.katalon.core.keyword.internal.KeywordExecutor.executeKeywordForPlatform(KeywordExecutor.groovy:56)
	at com.kms.katalon.core.webui.keyword.WebUiBuiltInKeywords.click(WebUiBuiltInKeywords.groovy:616)
	at com.kms.katalon.core.webui.keyword.WebUiBuiltInKeywords$click$2.call(Unknown Source)
	at BORetail.run(BORetail:98)
	at com.kms.katalon.core.main.ScriptEngine.run(ScriptEngine.java:194)
	at com.kms.katalon.core.main.ScriptEngine.runScriptAsRawText(ScriptEngine.java:119)
	at com.kms.katalon.core.main.TestCaseExecutor.runScript(TestCaseExecutor.java:342)
	at com.kms.katalon.core.main.TestCaseExecutor.doExecute(TestCaseExecutor.java:333)
	at com.kms.katalon.core.main.TestCaseExecutor.processExecutionPhase(TestCaseExecutor.java:312)
	at com.kms.katalon.core.main.TestCaseExecutor.accessMainPhase(TestCaseExecutor.java:304)
	at com.kms.katalon.core.main.TestCaseExecutor.execute(TestCaseExecutor.java:238)
	at com.kms.katalon.core.main.TestSuiteExecutor.accessTestCaseMainPhase(TestSuiteExecutor.java:129)
	at com.kms.katalon.core.main.TestSuiteExecutor.accessTestSuiteMainPhase(TestSuiteExecutor.java:112)
	at com.kms.katalon.core.main.TestSuiteExecutor.execute(TestSuiteExecutor.java:81)
	at com.kms.katalon.core.main.TestCaseMain.startTestSuite(TestCaseMain.java:157)
	at com.kms.katalon.core.main.TestCaseMain$startTestSuite$0.call(Unknown Source)
	at TempTestSuite1561635994222.run(TempTestSuite1561635994222.groovy:35)
Caused by: org.openqa.selenium.ElementClickInterceptedException: element click intercepted: Element &lt;input type=&quot;checkbox&quot; id=&quot;copyMailAddrCheck&quot;> is not clickable at point (212, 452). Other element would receive the click: &lt;div id=&quot;addloader&quot; class=&quot;loading&quot;>...&lt;/div>
  (Session info: chrome=75.0.3770.100)
  (Driver info: chromedriver=74.0.3729.6 (255758eccf3d244491b8a1317aa76e1ce10d57e9-refs/branch-heads/3729@{#29}),platform=Windows NT 6.3.9600 x86_64) (WARNING: The server did not provide any stacktrace information)
Command duration or timeout: 0 milliseconds
Build info: version: '3.7.1', revision: '8a0099a', time: '2017-11-06T21:07:36.161Z'
System info: host: 'NIVEDITA', ip: '10.0.102.159', os.name: 'Windows 8.1', os.arch: 'amd64', os.version: '6.3', java.version: '1.8.0_181'
Driver info: com.kms.katalon.selenium.driver.CChromeDriver
Capabilities {acceptInsecureCerts: false, acceptSslCerts: false, applicationCacheEnabled: false, browserConnectionEnabled: false, browserName: chrome, chrome: {chromedriverVersion: 74.0.3729.6 (255758eccf3d24..., userDataDir: C:\Users\user\AppData\Local...}, cssSelectorsEnabled: true, databaseEnabled: false, goog:chromeOptions: {debuggerAddress: localhost:55506}, handlesAlerts: true, hasTouchScreen: false, javascriptEnabled: true, locationContextEnabled: true, mobileEmulationEnabled: false, nativeEvents: true, networkConnectionEnabled: false, pageLoadStrategy: normal, platform: XP, platformName: XP, proxy: Proxy(direct), rotatable: false, setWindowRect: true, strictFileInteractability: false, takesHeapSnapshot: true, takesScreenshot: true, timeouts: {implicit: 0, pageLoad: 300000, script: 30000}, unexpectedAlertBehaviour: ignore, unhandledPromptBehavior: ignore, version: 75.0.3770.100, webStorageEnabled: true}
Session ID: de44e60b919478e1efc6050888c3784a
	at org.openqa.selenium.remote.ErrorHandler.createThrowable(ErrorHandler.java:214)
	at org.openqa.selenium.remote.ErrorHandler.throwIfResponseFailed(ErrorHandler.java:166)
	at org.openqa.selenium.remote.http.JsonHttpResponseCodec.reconstructValue(JsonHttpResponseCodec.java:40)
	at org.openqa.selenium.remote.http.AbstractHttpResponseCodec.decode(AbstractHttpResponseCodec.java:80)
	at org.openqa.selenium.remote.http.AbstractHttpResponseCodec.decode(AbstractHttpResponseCodec.java:44)
	at org.openqa.selenium.remote.HttpCommandExecutor.execute(HttpCommandExecutor.java:164)
	at org.openqa.selenium.remote.service.DriverCommandExecutor.execute(DriverCommandExecutor.java:83)
	at org.openqa.selenium.remote.RemoteWebDriver.execute(RemoteWebDriver.java:600)
	at com.kms.katalon.selenium.driver.CChromeDriver.execute(CChromeDriver.java:20)
	at org.openqa.selenium.remote.RemoteWebElement.execute(RemoteWebElement.java:279)
	at org.openqa.selenium.remote.RemoteWebElement.click(RemoteWebElement.java:83)
	at com.kms.katalon.core.webui.keyword.builtin.ClickKeyword$_click_closure1.doCall(ClickKeyword.groovy:79)
	at com.kms.katalon.core.webui.keyword.builtin.ClickKeyword$_click_closure1.call(ClickKeyword.groovy)
	at com.kms.katalon.core.webui.keyword.internal.WebUIKeywordMain.runKeyword(WebUIKeywordMain.groovy:20)
	at com.kms.katalon.core.webui.keyword.builtin.ClickKeyword.click(ClickKeyword.groovy:86)
	at com.kms.katalon.core.webui.keyword.builtin.ClickKeyword.execute(ClickKeyword.groovy:67)
	at com.kms.katalon.core.keyword.internal.KeywordExecutor.executeKeywordForPlatform(KeywordExecutor.groovy:56)
	at com.kms.katalon.core.webui.keyword.WebUiBuiltInKeywords.click(WebUiBuiltInKeywords.groovy:616)
	at com.kms.katalon.core.webui.keyword.WebUiBuiltInKeywords$click$2.call(Unknown Source)
	at Script1561622058769.run(Script1561622058769.groovy:98)
	... 13 more
"/>
         <system-out><![CDATA[2019-06-27 17:26:52 - [TEST_CASE][FAILED] - Test Cases/NewArrival/BORetail: Test Cases/NewArrival/BORetail FAILED.
Reason:
com.kms.katalon.core.exception.StepFailedException: Unable to click on object 'Object Repository/Page_cabi Home/a_same_shipping_address'
	at com.kms.katalon.core.webui.keyword.internal.WebUIKeywordMain.stepFailed(WebUIKeywordMain.groovy:64)
	at com.kms.katalon.core.webui.keyword.internal.WebUIKeywordMain.runKeyword(WebUIKeywordMain.groovy:26)
	at com.kms.katalon.core.webui.keyword.builtin.ClickKeyword.click(ClickKeyword.groovy:86)
	at com.kms.katalon.core.webui.keyword.builtin.ClickKeyword.execute(ClickKeyword.groovy:67)
	at com.kms.katalon.core.keyword.internal.KeywordExecutor.executeKeywordForPlatform(KeywordExecutor.groovy:56)
	at com.kms.katalon.core.webui.keyword.WebUiBuiltInKeywords.click(WebUiBuiltInKeywords.groovy:616)
	at com.kms.katalon.core.webui.keyword.WebUiBuiltInKeywords$click$2.call(Unknown Source)
	at BORetail.run(BORetail:98)
	at com.kms.katalon.core.main.ScriptEngine.run(ScriptEngine.java:194)
	at com.kms.katalon.core.main.ScriptEngine.runScriptAsRawText(ScriptEngine.java:119)
	at com.kms.katalon.core.main.TestCaseExecutor.runScript(TestCaseExecutor.java:342)
	at com.kms.katalon.core.main.TestCaseExecutor.doExecute(TestCaseExecutor.java:333)
	at com.kms.katalon.core.main.TestCaseExecutor.processExecutionPhase(TestCaseExecutor.java:312)
	at com.kms.katalon.core.main.TestCaseExecutor.accessMainPhase(TestCaseExecutor.java:304)
	at com.kms.katalon.core.main.TestCaseExecutor.execute(TestCaseExecutor.java:238)
	at com.kms.katalon.core.main.TestSuiteExecutor.accessTestCaseMainPhase(TestSuiteExecutor.java:129)
	at com.kms.katalon.core.main.TestSuiteExecutor.accessTestSuiteMainPhase(TestSuiteExecutor.java:112)
	at com.kms.katalon.core.main.TestSuiteExecutor.execute(TestSuiteExecutor.java:81)
	at com.kms.katalon.core.main.TestCaseMain.startTestSuite(TestCaseMain.java:157)
	at com.kms.katalon.core.main.TestCaseMain$startTestSuite$0.call(Unknown Source)
	at TempTestSuite1561635994222.run(TempTestSuite1561635994222.groovy:35)
Caused by: org.openqa.selenium.ElementClickInterceptedException: element click intercepted: Element <input type="checkbox" id="copyMailAddrCheck"> is not clickable at point (212, 452). Other element would receive the click: <div id="addloader" class="loading">...</div>
  (Session info: chrome=75.0.3770.100)
  (Driver info: chromedriver=74.0.3729.6 (255758eccf3d244491b8a1317aa76e1ce10d57e9-refs/branch-heads/3729@{#29}),platform=Windows NT 6.3.9600 x86_64) (WARNING: The server did not provide any stacktrace information)
Command duration or timeout: 0 milliseconds
Build info: version: '3.7.1', revision: '8a0099a', time: '2017-11-06T21:07:36.161Z'
System info: host: 'NIVEDITA', ip: '10.0.102.159', os.name: 'Windows 8.1', os.arch: 'amd64', os.version: '6.3', java.version: '1.8.0_181'
Driver info: com.kms.katalon.selenium.driver.CChromeDriver
Capabilities {acceptInsecureCerts: false, acceptSslCerts: false, applicationCacheEnabled: false, browserConnectionEnabled: false, browserName: chrome, chrome: {chromedriverVersion: 74.0.3729.6 (255758eccf3d24..., userDataDir: C:\Users\user\AppData\Local...}, cssSelectorsEnabled: true, databaseEnabled: false, goog:chromeOptions: {debuggerAddress: localhost:55506}, handlesAlerts: true, hasTouchScreen: false, javascriptEnabled: true, locationContextEnabled: true, mobileEmulationEnabled: false, nativeEvents: true, networkConnectionEnabled: false, pageLoadStrategy: normal, platform: XP, platformName: XP, proxy: Proxy(direct), rotatable: false, setWindowRect: true, strictFileInteractability: false, takesHeapSnapshot: true, takesScreenshot: true, timeouts: {implicit: 0, pageLoad: 300000, script: 30000}, unexpectedAlertBehaviour: ignore, unhandledPromptBehavior: ignore, version: 75.0.3770.100, webStorageEnabled: true}
Session ID: de44e60b919478e1efc6050888c3784a
	at org.openqa.selenium.remote.ErrorHandler.createThrowable(ErrorHandler.java:214)
	at org.openqa.selenium.remote.ErrorHandler.throwIfResponseFailed(ErrorHandler.java:166)
	at org.openqa.selenium.remote.http.JsonHttpResponseCodec.reconstructValue(JsonHttpResponseCodec.java:40)
	at org.openqa.selenium.remote.http.AbstractHttpResponseCodec.decode(AbstractHttpResponseCodec.java:80)
	at org.openqa.selenium.remote.http.AbstractHttpResponseCodec.decode(AbstractHttpResponseCodec.java:44)
	at org.openqa.selenium.remote.HttpCommandExecutor.execute(HttpCommandExecutor.java:164)
	at org.openqa.selenium.remote.service.DriverCommandExecutor.execute(DriverCommandExecutor.java:83)
	at org.openqa.selenium.remote.RemoteWebDriver.execute(RemoteWebDriver.java:600)
	at com.kms.katalon.selenium.driver.CChromeDriver.execute(CChromeDriver.java:20)
	at org.openqa.selenium.remote.RemoteWebElement.execute(RemoteWebElement.java:279)
	at org.openqa.selenium.remote.RemoteWebElement.click(RemoteWebElement.java:83)
	at com.kms.katalon.core.webui.keyword.builtin.ClickKeyword$_click_closure1.doCall(ClickKeyword.groovy:79)
	at com.kms.katalon.core.webui.keyword.builtin.ClickKeyword$_click_closure1.call(ClickKeyword.groovy)
	at com.kms.katalon.core.webui.keyword.internal.WebUIKeywordMain.runKeyword(WebUIKeywordMain.groovy:20)
	at com.kms.katalon.core.webui.keyword.builtin.ClickKeyword.click(ClickKeyword.groovy:86)
	at com.kms.katalon.core.webui.keyword.builtin.ClickKeyword.execute(ClickKeyword.groovy:67)
	at com.kms.katalon.core.keyword.internal.KeywordExecutor.executeKeywordForPlatform(KeywordExecutor.groovy:56)
	at com.kms.katalon.core.webui.keyword.WebUiBuiltInKeywords.click(WebUiBuiltInKeywords.groovy:616)
	at com.kms.katalon.core.webui.keyword.WebUiBuiltInKeywords$click$2.call(Unknown Source)
	at Script1561622058769.run(Script1561622058769.groovy:98)
	... 13 more


2019-06-27 17:26:52 - [TEST_STEP][PASSED] - Start listener action : sampleBeforeTestCase: null

2019-06-27 17:26:52 - [TEST_STEP][PASSED] - println(testCaseContext.getTestCaseId()): null

2019-06-27 17:26:52 - [TEST_STEP][PASSED] - println(testCaseContext.getTestCaseVariables()): null

2019-06-27 17:26:52 - [TEST_STEP][PASSED] - openBrowser(""): Browser is opened with url: ''

2019-06-27 17:26:52 - [MESSAGE][WARNING] - A browser is already opened. Closing browser and opening a new one

2019-06-27 17:26:53 - [MESSAGE][INFO] - Starting 'Chrome' driver

2019-06-27 17:26:53 - [MESSAGE][INFO] - User set preference: ['args', '[--use-fake-ui-for-media-stream, --start-maximized]']

2019-06-27 17:26:55 - [MESSAGE][PASSED] - Browser is opened with url: ''

2019-06-27 17:26:55 - [TEST_STEP][FAILED] - for ([timeRow = 1, timeRow <= findTestData("timezoneData").getRowNumbers(), (timeRow++)]): for ([timeRow = 1, timeRow <= findTestData("timezoneData").getRowNumbers(), (timeRow++)]) FAILED.
Reason:
com.kms.katalon.core.exception.StepFailedException: Unable to click on object 'Object Repository/Page_cabi Home/a_same_shipping_address'
	at com.kms.katalon.core.webui.keyword.internal.WebUIKeywordMain.stepFailed(WebUIKeywordMain.groovy:64)
	at com.kms.katalon.core.webui.keyword.internal.WebUIKeywordMain.runKeyword(WebUIKeywordMain.groovy:26)
	at com.kms.katalon.core.webui.keyword.builtin.ClickKeyword.click(ClickKeyword.groovy:86)
	at com.kms.katalon.core.webui.keyword.builtin.ClickKeyword.execute(ClickKeyword.groovy:67)
	at com.kms.katalon.core.keyword.internal.KeywordExecutor.executeKeywordForPlatform(KeywordExecutor.groovy:56)
	at com.kms.katalon.core.webui.keyword.WebUiBuiltInKeywords.click(WebUiBuiltInKeywords.groovy:616)
	at com.kms.katalon.core.webui.keyword.WebUiBuiltInKeywords$click$2.call(Unknown Source)
	at BORetail.run(BORetail:98)
	at com.kms.katalon.core.main.ScriptEngine.run(ScriptEngine.java:194)
	at com.kms.katalon.core.main.ScriptEngine.runScriptAsRawText(ScriptEngine.java:119)
	at com.kms.katalon.core.main.TestCaseExecutor.runScript(TestCaseExecutor.java:342)
	at com.kms.katalon.core.main.TestCaseExecutor.doExecute(TestCaseExecutor.java:333)
	at com.kms.katalon.core.main.TestCaseExecutor.processExecutionPhase(TestCaseExecutor.java:312)
	at com.kms.katalon.core.main.TestCaseExecutor.accessMainPhase(TestCaseExecutor.java:304)
	at com.kms.katalon.core.main.TestCaseExecutor.execute(TestCaseExecutor.java:238)
	at com.kms.katalon.core.main.TestSuiteExecutor.accessTestCaseMainPhase(TestSuiteExecutor.java:129)
	at com.kms.katalon.core.main.TestSuiteExecutor.accessTestSuiteMainPhase(TestSuiteExecutor.java:112)
	at com.kms.katalon.core.main.TestSuiteExecutor.execute(TestSuiteExecutor.java:81)
	at com.kms.katalon.core.main.TestCaseMain.startTestSuite(TestCaseMain.java:157)
	at com.kms.katalon.core.main.TestCaseMain$startTestSuite$0.call(Unknown Source)
	at TempTestSuite1561635994222.run(TempTestSuite1561635994222.groovy:35)
Caused by: org.openqa.selenium.ElementClickInterceptedException: element click intercepted: Element <input type="checkbox" id="copyMailAddrCheck"> is not clickable at point (212, 452). Other element would receive the click: <div id="addloader" class="loading">...</div>
  (Session info: chrome=75.0.3770.100)
  (Driver info: chromedriver=74.0.3729.6 (255758eccf3d244491b8a1317aa76e1ce10d57e9-refs/branch-heads/3729@{#29}),platform=Windows NT 6.3.9600 x86_64) (WARNING: The server did not provide any stacktrace information)
Command duration or timeout: 0 milliseconds
Build info: version: '3.7.1', revision: '8a0099a', time: '2017-11-06T21:07:36.161Z'
System info: host: 'NIVEDITA', ip: '10.0.102.159', os.name: 'Windows 8.1', os.arch: 'amd64', os.version: '6.3', java.version: '1.8.0_181'
Driver info: com.kms.katalon.selenium.driver.CChromeDriver
Capabilities {acceptInsecureCerts: false, acceptSslCerts: false, applicationCacheEnabled: false, browserConnectionEnabled: false, browserName: chrome, chrome: {chromedriverVersion: 74.0.3729.6 (255758eccf3d24..., userDataDir: C:\Users\user\AppData\Local...}, cssSelectorsEnabled: true, databaseEnabled: false, goog:chromeOptions: {debuggerAddress: localhost:55506}, handlesAlerts: true, hasTouchScreen: false, javascriptEnabled: true, locationContextEnabled: true, mobileEmulationEnabled: false, nativeEvents: true, networkConnectionEnabled: false, pageLoadStrategy: normal, platform: XP, platformName: XP, proxy: Proxy(direct), rotatable: false, setWindowRect: true, strictFileInteractability: false, takesHeapSnapshot: true, takesScreenshot: true, timeouts: {implicit: 0, pageLoad: 300000, script: 30000}, unexpectedAlertBehaviour: ignore, unhandledPromptBehavior: ignore, version: 75.0.3770.100, webStorageEnabled: true}
Session ID: de44e60b919478e1efc6050888c3784a
	at org.openqa.selenium.remote.ErrorHandler.createThrowable(ErrorHandler.java:214)
	at org.openqa.selenium.remote.ErrorHandler.throwIfResponseFailed(ErrorHandler.java:166)
	at org.openqa.selenium.remote.http.JsonHttpResponseCodec.reconstructValue(JsonHttpResponseCodec.java:40)
	at org.openqa.selenium.remote.http.AbstractHttpResponseCodec.decode(AbstractHttpResponseCodec.java:80)
	at org.openqa.selenium.remote.http.AbstractHttpResponseCodec.decode(AbstractHttpResponseCodec.java:44)
	at org.openqa.selenium.remote.HttpCommandExecutor.execute(HttpCommandExecutor.java:164)
	at org.openqa.selenium.remote.service.DriverCommandExecutor.execute(DriverCommandExecutor.java:83)
	at org.openqa.selenium.remote.RemoteWebDriver.execute(RemoteWebDriver.java:600)
	at com.kms.katalon.selenium.driver.CChromeDriver.execute(CChromeDriver.java:20)
	at org.openqa.selenium.remote.RemoteWebElement.execute(RemoteWebElement.java:279)
	at org.openqa.selenium.remote.RemoteWebElement.click(RemoteWebElement.java:83)
	at com.kms.katalon.core.webui.keyword.builtin.ClickKeyword$_click_closure1.doCall(ClickKeyword.groovy:79)
	at com.kms.katalon.core.webui.keyword.builtin.ClickKeyword$_click_closure1.call(ClickKeyword.groovy)
	at com.kms.katalon.core.webui.keyword.internal.WebUIKeywordMain.runKeyword(WebUIKeywordMain.groovy:20)
	at com.kms.katalon.core.webui.keyword.builtin.ClickKeyword.click(ClickKeyword.groovy:86)
	at com.kms.katalon.core.webui.keyword.builtin.ClickKeyword.execute(ClickKeyword.groovy:67)
	at com.kms.katalon.core.keyword.internal.KeywordExecutor.executeKeywordForPlatform(KeywordExecutor.groovy:56)
	at com.kms.katalon.core.webui.keyword.WebUiBuiltInKeywords.click(WebUiBuiltInKeywords.groovy:616)
	at com.kms.katalon.core.webui.keyword.WebUiBuiltInKeywords$click$2.call(Unknown Source)
	at Script1561622058769.run(Script1561622058769.groovy:98)
	... 13 more


2019-06-27 17:26:55 - [TEST_STEP][PASSED] - callTestCase(findTestCase("NewArrival/populateTimeGlobalVars"), ["row":timeRow], STOP_ON_FAILURE): Call Test Case 'Test Cases/NewArrival/populateTimeGlobalVars' successfully

2019-06-27 17:26:55 - [TEST_CASE][PASSED] - Test Cases/NewArrival/populateTimeGlobalVars: Test Cases/NewArrival/populateTimeGlobalVars

2019-06-27 17:26:55 - [TEST_STEP][PASSED] - dataFile = "timezoneData": null

2019-06-27 17:26:55 - [TEST_STEP][PASSED] - serverTarget = UtilityMethods.getTestData(dataFile, "serverTarget", row): null

2019-06-27 17:26:55 - [TEST_STEP][PASSED] - orderType = UtilityMethods.getTestData(dataFile, "orderType", row): null

2019-06-27 17:26:55 - [TEST_STEP][PASSED] - timeZone = UtilityMethods.getTestData(dataFile, "timeZone", row): null

2019-06-27 17:26:55 - [TEST_STEP][PASSED] - BOPersonal = UtilityMethods.getTestData(dataFile, "BOPersonal", row): null

2019-06-27 17:26:55 - [TEST_STEP][PASSED] - BOAddonPersonal = UtilityMethods.getTestData(dataFile, "BOAddonPersonal", row): null

2019-06-27 17:26:55 - [TEST_STEP][PASSED] - BOAddonRetail = UtilityMethods.getTestData(dataFile, "BOAddonRetail", row): null

2019-06-27 17:26:55 - [TEST_STEP][PASSED] - BORetail = UtilityMethods.getTestData(dataFile, "BORetail", row): null

2019-06-27 17:26:55 - [TEST_STEP][PASSED] - BOShow = UtilityMethods.getTestData(dataFile, "BOShow", row): null

2019-06-27 17:26:55 - [TEST_STEP][PASSED] - BOOnlineoutlet = UtilityMethods.getTestData(dataFile, "BOOnlineoutlet", row): null

2019-06-27 17:26:55 - [TEST_STEP][PASSED] - BOEmployee = UtilityMethods.getTestData(dataFile, "BOEmployee", row): null

2019-06-27 17:26:55 - [TEST_STEP][PASSED] - CCPersonal = UtilityMethods.getTestData(dataFile, "CCPersonal", row): null

2019-06-27 17:26:55 - [TEST_STEP][PASSED] - CCRetail = UtilityMethods.getTestData(dataFile, "CCRetail", row): null

2019-06-27 17:26:55 - [TEST_STEP][PASSED] - CCShow = UtilityMethods.getTestData(dataFile, "CCShow", row): null

2019-06-27 17:26:55 - [TEST_STEP][PASSED] - BOEblast = UtilityMethods.getTestData(dataFile, "BOEblast", row): null

2019-06-27 17:26:55 - [MESSAGE][PASSED] - Call Test Case 'Test Cases/NewArrival/populateTimeGlobalVars' successfully

2019-06-27 17:26:55 - [TEST_STEP][PASSED] - callTestCase(findTestCase("NewArrival/setTimezone"), ["ofbizURL":"", "ofbizuser":"", "ofbizpass":"", "orderType":orderType, "timeZone":timeZone, "serverTarget":serverTarget], STOP_ON_FAILURE): Call Test Case 'Test Cases/NewArrival/setTimezone' successfully

2019-06-27 17:26:55 - [TEST_CASE][PASSED] - Test Cases/NewArrival/setTimezone: Test Cases/NewArrival/setTimezone

2019-06-27 17:26:55 - [TEST_STEP][NOT_RUN] - openBrowser(""): NOT_RUN: openBrowser("")

2019-06-27 17:26:55 - [MESSAGE][NOT_RUN] - NOT_RUN: openBrowser("")

2019-06-27 17:26:55 - [TEST_STEP][NOT_RUN] - maximizeWindow(): NOT_RUN: maximizeWindow()

2019-06-27 17:26:55 - [MESSAGE][NOT_RUN] - NOT_RUN: maximizeWindow()

2019-06-27 17:26:55 - [TEST_STEP][PASSED] - ofbizURL = findTestData("credData").getValue("ofbizURL", 1): null

2019-06-27 17:26:55 - [TEST_STEP][PASSED] - ofbizuser = findTestData("credData").getValue("ofbizuser", 1): null

2019-06-27 17:26:55 - [TEST_STEP][PASSED] - ofbizpass = findTestData("credData").getValue("ofbizpass", 1): null

2019-06-27 17:26:56 - [TEST_STEP][PASSED] - navigateToUrl(ofbizURL): Navigate to 'https://pushofbiz.cliotest.com/login.php' successfully

2019-06-27 17:26:58 - [MESSAGE][PASSED] - Navigate to 'https://pushofbiz.cliotest.com/login.php' successfully

2019-06-27 17:26:58 - [TEST_STEP][PASSED] - setText(findTestObject("Page_/input_Username_username"), ofbizuser): Text 'automation' is set on object 'Object Repository/Page_/input_Username_username'

2019-06-27 17:26:58 - [MESSAGE][PASSED] - Text 'automation' is set on object 'Object Repository/Page_/input_Username_username'

2019-06-27 17:26:58 - [TEST_STEP][PASSED] - setText(findTestObject("Page_/input_Password_password"), ofbizpass): Text 'cabiautomation' is set on object 'Object Repository/Page_/input_Password_password'

2019-06-27 17:26:58 - [MESSAGE][PASSED] - Text 'cabiautomation' is set on object 'Object Repository/Page_/input_Password_password'

2019-06-27 17:26:58 - [TEST_STEP][PASSED] - click(findTestObject("Page_/input_Password_Submit")): Object: 'Object Repository/Page_/input_Password_Submit' is clicked on

2019-06-27 17:27:02 - [MESSAGE][PASSED] - Object: 'Object Repository/Page_/input_Password_Submit' is clicked on

2019-06-27 17:27:02 - [TEST_STEP][PASSED] - click(findTestObject("Object Repository/Page_/a_Clock set")): Object: 'Object Repository/Page_/a_Clock set' is clicked on

2019-06-27 17:27:02 - [MESSAGE][PASSED] - Object: 'Object Repository/Page_/a_Clock set' is clicked on

2019-06-27 17:27:02 - [TEST_STEP][PASSED] - click(UtilityMethods.createTestObject("select_target", "//select[@name='Target']/option[contains(text(), '", serverTarget, "')]")): Object: 'select_target' is clicked on

2019-06-27 17:27:02 - [MESSAGE][PASSED] - Object: 'select_target' is clicked on

2019-06-27 17:27:02 - [TEST_STEP][PASSED] - click(findTestObject("Page_/thisDateAndTime")): Object: 'Object Repository/Page_/thisDateAndTime' is clicked on

2019-06-27 17:27:02 - [MESSAGE][PASSED] - Object: 'Object Repository/Page_/thisDateAndTime' is clicked on

2019-06-27 17:27:02 - [TEST_STEP][PASSED] - setText(findTestObject("Object Repository/Page_/setTargetTime"), timeZone): Text ' 04/17/2019 7:00' is set on object 'Object Repository/Page_/setTargetTime'

2019-06-27 17:27:03 - [MESSAGE][PASSED] - Text ' 04/17/2019 7:00' is set on object 'Object Repository/Page_/setTargetTime'

2019-06-27 17:27:03 - [TEST_STEP][PASSED] - click(findTestObject("Object Repository/Page_/input")): Object: 'Object Repository/Page_/input' is clicked on

2019-06-27 17:27:03 - [MESSAGE][PASSED] - Object: 'Object Repository/Page_/input' is clicked on

2019-06-27 17:27:03 - [TEST_STEP][PASSED] - delay(10): Delayed 10 second(s)

2019-06-27 17:27:13 - [MESSAGE][PASSED] - Delayed 10 second(s)

2019-06-27 17:27:13 - [TEST_STEP][NOT_RUN] - closeBrowser(): NOT_RUN: closeBrowser()

2019-06-27 17:27:13 - [MESSAGE][NOT_RUN] - NOT_RUN: closeBrowser()

2019-06-27 17:27:13 - [MESSAGE][PASSED] - Call Test Case 'Test Cases/NewArrival/setTimezone' successfully

2019-06-27 17:27:13 - [TEST_STEP][PASSED] - callTestCase(findTestCase("TestCaseUtilities/backOfficeLogin"), ["BOURL":"", "BOuser":"", "BOpass":""], STOP_ON_FAILURE): Call Test Case 'Test Cases/TestCaseUtilities/backOfficeLogin' successfully

2019-06-27 17:27:13 - [TEST_CASE][PASSED] - Test Cases/TestCaseUtilities/backOfficeLogin: Test Cases/TestCaseUtilities/backOfficeLogin

2019-06-27 17:27:13 - [TEST_STEP][PASSED] - BOURL = findTestData("credData").getValue("BOURL", 1): null

2019-06-27 17:27:13 - [TEST_STEP][PASSED] - BOuser = findTestData("credData").getValue("BOuser", 1): null

2019-06-27 17:27:13 - [TEST_STEP][PASSED] - BOpass = findTestData("credData").getValue("BOpass", 1): null

2019-06-27 17:27:13 - [TEST_STEP][PASSED] - navigateToUrl(BOURL): Navigate to 'https://test14.cliotest.com/backoffice/control/main' successfully

2019-06-27 17:27:23 - [MESSAGE][PASSED] - Navigate to 'https://test14.cliotest.com/backoffice/control/main' successfully

2019-06-27 17:27:23 - [TEST_STEP][PASSED] - logOut = findWebElements(findTestObject("Object Repository/Page_cabi Home/log_out"), 1): Unable to find the element located by 'By.xpath: //a[contains(text(),'Log Out')]'. Please recheck the objects properties to make sure the desired element is located. 

2019-06-27 17:27:24 - [MESSAGE][INFO] - Unable to find the element located by 'By.xpath: //a[contains(text(),'Log Out')]'. Please recheck the objects properties to make sure the desired element is located. 

2019-06-27 17:27:24 - [TEST_STEP][PASSED] - if (logOut.size() == 0): Object: 'Object Repository/Page_cabi/input_Welcome to_consultantLogin' is clicked on

2019-06-27 17:27:24 - [TEST_STEP][PASSED] - setText(findTestObject("Page_cabi/input_Welcome to_USERNAME"), BOuser): Text '400000002' is set on object 'Object Repository/Page_cabi/input_Welcome to_USERNAME'

2019-06-27 17:27:24 - [MESSAGE][PASSED] - Text '400000002' is set on object 'Object Repository/Page_cabi/input_Welcome to_USERNAME'

2019-06-27 17:27:24 - [TEST_STEP][PASSED] - setText(findTestObject("Object Repository/Page_cabi/input_Welcome to_PASSWORD"), BOpass): Text 'blackdress19' is set on object 'Object Repository/Page_cabi/input_Welcome to_PASSWORD'

2019-06-27 17:27:24 - [MESSAGE][PASSED] - Text 'blackdress19' is set on object 'Object Repository/Page_cabi/input_Welcome to_PASSWORD'

2019-06-27 17:27:24 - [TEST_STEP][PASSED] - click(findTestObject("Object Repository/Page_cabi/input_Welcome to_consultantLogin")): Object: 'Object Repository/Page_cabi/input_Welcome to_consultantLogin' is clicked on

2019-06-27 17:27:34 - [MESSAGE][PASSED] - Object: 'Object Repository/Page_cabi/input_Welcome to_consultantLogin' is clicked on

2019-06-27 17:27:34 - [TEST_STEP][PASSED] - delay(3): Delayed 3 second(s)

2019-06-27 17:27:37 - [MESSAGE][PASSED] - Delayed 3 second(s)

2019-06-27 17:27:37 - [MESSAGE][PASSED] - Call Test Case 'Test Cases/TestCaseUtilities/backOfficeLogin' successfully

2019-06-27 17:27:37 - [TEST_STEP][PASSED] - rightClick(findTestObject("Page_cabi Home/a_Shows  Orders")): Object: 'Object Repository/Page_cabi Home/a_Shows  Orders' is right clicked on

2019-06-27 17:27:38 - [MESSAGE][PASSED] - Object: 'Object Repository/Page_cabi Home/a_Shows  Orders' is right clicked on

2019-06-27 17:27:38 - [TEST_STEP][PASSED] - click(findTestObject("Page_cabi Home/a_retail_purchases")): Object: 'Object Repository/Page_cabi Home/a_retail_purchases' is clicked on

2019-06-27 17:27:41 - [MESSAGE][PASSED] - Object: 'Object Repository/Page_cabi Home/a_retail_purchases' is clicked on

2019-06-27 17:27:41 - [TEST_STEP][PASSED] - delay(3): Delayed 3 second(s)

2019-06-27 17:27:44 - [MESSAGE][PASSED] - Delayed 3 second(s)

2019-06-27 17:27:44 - [TEST_STEP][PASSED] - click(findTestObject("Object Repository/Page_cabi Home/existingCustomer")): Object: 'Object Repository/Page_cabi Home/existingCustomer' is clicked on

2019-06-27 17:27:44 - [MESSAGE][PASSED] - Object: 'Object Repository/Page_cabi Home/existingCustomer' is clicked on

2019-06-27 17:27:44 - [TEST_STEP][PASSED] - contactNumber = 5: null

2019-06-27 17:27:44 - [TEST_STEP][PASSED] - firstName = findTestData("contactData").getValue("firstName", contactNumber): null

2019-06-27 17:27:44 - [TEST_STEP][PASSED] - lastName = findTestData("contactData").getValue("lastName", contactNumber): null

2019-06-27 17:27:44 - [TEST_STEP][PASSED] - email = findTestData("contactData").getValue("email", contactNumber): null

2019-06-27 17:27:44 - [TEST_STEP][PASSED] - address1 = findTestData("contactData").getValue("address1", contactNumber): null

2019-06-27 17:27:44 - [TEST_STEP][PASSED] - city = findTestData("contactData").getValue("city", contactNumber): null

2019-06-27 17:27:45 - [TEST_STEP][PASSED] - state = findTestData("contactData").getValue("state", contactNumber): null

2019-06-27 17:27:45 - [TEST_STEP][PASSED] - zip = findTestData("contactData").getValue("zip", contactNumber): null

2019-06-27 17:27:45 - [TEST_STEP][PASSED] - existingCustFName = firstName: null

2019-06-27 17:27:45 - [TEST_STEP][PASSED] - existingCustLName = lastName: null

2019-06-27 17:27:45 - [TEST_STEP][PASSED] - space = " ": null

2019-06-27 17:27:45 - [TEST_STEP][PASSED] - existingCust = $existingCustFName$space$existingCustLName: null

2019-06-27 17:27:45 - [TEST_STEP][PASSED] - setText(findTestObject("Object Repository/Page_cabi Home/input_existing_guest"), existingCust): Text 'Michigan Contact' is set on object 'Object Repository/Page_cabi Home/input_existing_guest'

2019-06-27 17:27:45 - [MESSAGE][PASSED] - Text 'Michigan Contact' is set on object 'Object Repository/Page_cabi Home/input_existing_guest'

2019-06-27 17:27:45 - [TEST_STEP][PASSED] - delay(3): Delayed 3 second(s)

2019-06-27 17:27:48 - [MESSAGE][PASSED] - Delayed 3 second(s)

2019-06-27 17:27:48 - [TEST_STEP][PASSED] - rightClick(findTestObject("Object Repository/Page_cabi Home/input_existing_guest")): Object: 'Object Repository/Page_cabi Home/input_existing_guest' is right clicked on

2019-06-27 17:27:48 - [MESSAGE][PASSED] - Object: 'Object Repository/Page_cabi Home/input_existing_guest' is right clicked on

2019-06-27 17:27:48 - [TEST_STEP][PASSED] - rightClick(findTestObject("Object Repository/Page_cabi Home/input_existing_guest")): Object: 'Object Repository/Page_cabi Home/input_existing_guest' is right clicked on

2019-06-27 17:27:48 - [MESSAGE][PASSED] - Object: 'Object Repository/Page_cabi Home/input_existing_guest' is right clicked on

2019-06-27 17:27:48 - [TEST_STEP][PASSED] - click(findTestObject("Object Repository/Page_cabi Create Show - Set Hostess/a_select_customer")): Object: 'Object Repository/Page_cabi Create Show - Set Hostess/a_select_customer' is clicked on

2019-06-27 17:27:49 - [MESSAGE][PASSED] - Object: 'Object Repository/Page_cabi Create Show - Set Hostess/a_select_customer' is clicked on

2019-06-27 17:27:49 - [TEST_STEP][PASSED] - setText(findTestObject("Object Repository/Page_cabi Home/input_existing_guest"), existingCust): Text 'Michigan Contact' is set on object 'Object Repository/Page_cabi Home/input_existing_guest'

2019-06-27 17:27:49 - [MESSAGE][PASSED] - Text 'Michigan Contact' is set on object 'Object Repository/Page_cabi Home/input_existing_guest'

2019-06-27 17:27:49 - [TEST_STEP][PASSED] - setText(findTestObject("Object Repository/Page_cabi Retail Store/input_email"), email): Text 'michigan@na.com' is set on object 'Object Repository/Page_cabi Retail Store/input_email'

2019-06-27 17:27:50 - [MESSAGE][PASSED] - Text 'michigan@na.com' is set on object 'Object Repository/Page_cabi Retail Store/input_email'

2019-06-27 17:27:50 - [TEST_STEP][PASSED] - setText(findTestObject("Object Repository/Page_cabi Edit Customer Profile/input_Address1_address1"), address1): Text '972 BRAHMS CT' is set on object 'Object Repository/Page_cabi Edit Customer Profile/input_Address1_address1'

2019-06-27 17:27:50 - [MESSAGE][PASSED] - Text '972 BRAHMS CT' is set on object 'Object Repository/Page_cabi Edit Customer Profile/input_Address1_address1'

2019-06-27 17:27:50 - [TEST_STEP][PASSED] - setText(findTestObject("Object Repository/Page_cabi Edit Customer Profile/input_Address2_address2"), ""): Text '' is set on object 'Object Repository/Page_cabi Edit Customer Profile/input_Address2_address2'

2019-06-27 17:27:50 - [MESSAGE][PASSED] - Text '' is set on object 'Object Repository/Page_cabi Edit Customer Profile/input_Address2_address2'

2019-06-27 17:27:50 - [TEST_STEP][PASSED] - setText(findTestObject("Object Repository/Page_cabi Edit Customer Profile/input_City_city"), city): Text 'TROY' is set on object 'Object Repository/Page_cabi Edit Customer Profile/input_City_city'

2019-06-27 17:27:50 - [MESSAGE][PASSED] - Text 'TROY' is set on object 'Object Repository/Page_cabi Edit Customer Profile/input_City_city'

2019-06-27 17:27:50 - [TEST_STEP][PASSED] - click(findTestObject("Page_cabi Edit Customer Profile/span_select_a_state")): Object: 'Object Repository/Page_cabi Edit Customer Profile/span_select_a_state' is clicked on

2019-06-27 17:27:51 - [MESSAGE][PASSED] - Object: 'Object Repository/Page_cabi Edit Customer Profile/span_select_a_state' is clicked on

2019-06-27 17:27:51 - [TEST_STEP][PASSED] - delay(1): Delayed 1 second(s)

2019-06-27 17:27:52 - [MESSAGE][PASSED] - Delayed 1 second(s)

2019-06-27 17:27:52 - [TEST_STEP][PASSED] - setText(findTestObject("Object Repository/Page_cabi Edit Customer Profile/input_state_1"), state): Text 'Michigan' is set on object 'Object Repository/Page_cabi Edit Customer Profile/input_state_1'

2019-06-27 17:27:52 - [MESSAGE][PASSED] - Text 'Michigan' is set on object 'Object Repository/Page_cabi Edit Customer Profile/input_state_1'

2019-06-27 17:27:52 - [TEST_STEP][PASSED] - delay(2): Delayed 2 second(s)

2019-06-27 17:27:54 - [MESSAGE][PASSED] - Delayed 2 second(s)

2019-06-27 17:27:54 - [TEST_STEP][PASSED] - click(findTestObject("Page_cabi Edit Customer Profile/span_state")): Object: 'Object Repository/Page_cabi Edit Customer Profile/span_state' is clicked on

2019-06-27 17:27:54 - [MESSAGE][PASSED] - Object: 'Object Repository/Page_cabi Edit Customer Profile/span_state' is clicked on

2019-06-27 17:27:54 - [TEST_STEP][PASSED] - setText(findTestObject("Page_cabi Edit Customer Profile/input_state_postalCode"), zip): Text '48085' is set on object 'Object Repository/Page_cabi Edit Customer Profile/input_state_postalCode'

2019-06-27 17:27:54 - [MESSAGE][PASSED] - Text '48085' is set on object 'Object Repository/Page_cabi Edit Customer Profile/input_state_postalCode'

2019-06-27 17:27:54 - [TEST_STEP][PASSED] - delay(10): Delayed 10 second(s)

2019-06-27 17:28:04 - [MESSAGE][PASSED] - Delayed 10 second(s)

2019-06-27 17:28:04 - [TEST_STEP][PASSED] - click(findTestObject("Object Repository/Page_cabi Home/a_same_shipping_address")): Object: 'Object Repository/Page_cabi Home/a_same_shipping_address' is clicked on

2019-06-27 17:28:04 - [MESSAGE][PASSED] - Object: 'Object Repository/Page_cabi Home/a_same_shipping_address' is clicked on

2019-06-27 17:28:04 - [TEST_STEP][PASSED] - delay(10): Delayed 10 second(s)

2019-06-27 17:28:14 - [MESSAGE][PASSED] - Delayed 10 second(s)

2019-06-27 17:28:14 - [TEST_STEP][PASSED] - click(findTestObject("Page_cabi Retail Store/span_next_1")): Object: 'Object Repository/Page_cabi Retail Store/span_next_1' is clicked on

2019-06-27 17:28:15 - [MESSAGE][PASSED] - Object: 'Object Repository/Page_cabi Retail Store/span_next_1' is clicked on

2019-06-27 17:28:15 - [TEST_STEP][PASSED] - delay(3): Delayed 3 second(s)

2019-06-27 17:28:18 - [MESSAGE][PASSED] - Delayed 3 second(s)

2019-06-27 17:28:18 - [TEST_STEP][PASSED] - callTestCase(findTestCase("NewArrival/productVerify"), ["available":BORetail, "storeType":"BORetail"], STOP_ON_FAILURE): Call Test Case 'Test Cases/NewArrival/productVerify' successfully

2019-06-27 17:28:18 - [TEST_CASE][PASSED] - Test Cases/NewArrival/productVerify: Test Cases/NewArrival/productVerify

2019-06-27 17:28:18 - [TEST_STEP][PASSED] - for ([row = 1, row <= findTestData("productData").getRowNumbers(), (row++)]): Actual text and expected text of test object 'Object Repository/Page_cabi Order Items/no_result_found' are matched.

2019-06-27 17:28:18 - [TEST_STEP][PASSED] - setText(findTestObject("Object Repository/Page_cabi Order Items/input_New Arrivals - Blooming Blush_style"), findTestData("productData").getValue("Style", row)): Text '5618' is set on object 'Object Repository/Page_cabi Order Items/input_New Arrivals - Blooming Blush_style'

2019-06-27 17:28:20 - [MESSAGE][PASSED] - Text '5618' is set on object 'Object Repository/Page_cabi Order Items/input_New Arrivals - Blooming Blush_style'

2019-06-27 17:28:20 - [TEST_STEP][PASSED] - sendKeys(findTestObject("Object Repository/Page_cabi Order Items/input_New Arrivals - Blooming Blush_style"), Keys.chord(ENTER)): Keys 'ENTER + ' sent to object: 'Object Repository/Page_cabi Order Items/input_New Arrivals - Blooming Blush_style'

2019-06-27 17:28:20 - [MESSAGE][PASSED] - Keys 'ENTER + ' sent to object: 'Object Repository/Page_cabi Order Items/input_New Arrivals - Blooming Blush_style'

2019-06-27 17:28:20 - [TEST_STEP][PASSED] - delay(5): Delayed 5 second(s)

2019-06-27 17:28:25 - [MESSAGE][PASSED] - Delayed 5 second(s)

2019-06-27 17:28:25 - [TEST_STEP][PASSED] - if (toString().equalsIgnoreCase("no")): Actual text and expected text of test object 'Object Repository/Page_cabi Order Items/no_result_found' are matched.

2019-06-27 17:28:25 - [TEST_STEP][PASSED] - noResultMessages = findWebElements(findTestObject("Page_cabi Order Items/no_result_found"), 5): null

2019-06-27 17:28:25 - [TEST_STEP][PASSED] - assert noResultMessages.size() > 0: null

2019-06-27 17:28:25 - [TEST_STEP][PASSED] - verifyElementText(findTestObject("Page_cabi Order Items/no_result_found"), "No Results Found!"): Actual text and expected text of test object 'Object Repository/Page_cabi Order Items/no_result_found' are matched.

2019-06-27 17:28:25 - [MESSAGE][PASSED] - Actual text and expected text of test object 'Object Repository/Page_cabi Order Items/no_result_found' are matched.

2019-06-27 17:28:25 - [MESSAGE][PASSED] - Call Test Case 'Test Cases/NewArrival/productVerify' successfully

2019-06-27 17:28:25 - [TEST_STEP][PASSED] - callTestCase(findTestCase("NewArrival/populateTimeGlobalVars"), ["row":timeRow], STOP_ON_FAILURE): Call Test Case 'Test Cases/NewArrival/populateTimeGlobalVars' successfully

2019-06-27 17:28:26 - [TEST_CASE][PASSED] - Test Cases/NewArrival/populateTimeGlobalVars: Test Cases/NewArrival/populateTimeGlobalVars

2019-06-27 17:28:26 - [TEST_STEP][PASSED] - dataFile = "timezoneData": null

2019-06-27 17:28:26 - [TEST_STEP][PASSED] - serverTarget = UtilityMethods.getTestData(dataFile, "serverTarget", row): null

2019-06-27 17:28:26 - [TEST_STEP][PASSED] - orderType = UtilityMethods.getTestData(dataFile, "orderType", row): null

2019-06-27 17:28:26 - [TEST_STEP][PASSED] - timeZone = UtilityMethods.getTestData(dataFile, "timeZone", row): null

2019-06-27 17:28:26 - [TEST_STEP][PASSED] - BOPersonal = UtilityMethods.getTestData(dataFile, "BOPersonal", row): null

2019-06-27 17:28:26 - [TEST_STEP][PASSED] - BOAddonPersonal = UtilityMethods.getTestData(dataFile, "BOAddonPersonal", row): null

2019-06-27 17:28:26 - [TEST_STEP][PASSED] - BOAddonRetail = UtilityMethods.getTestData(dataFile, "BOAddonRetail", row): null

2019-06-27 17:28:26 - [TEST_STEP][PASSED] - BORetail = UtilityMethods.getTestData(dataFile, "BORetail", row): null

2019-06-27 17:28:26 - [TEST_STEP][PASSED] - BOShow = UtilityMethods.getTestData(dataFile, "BOShow", row): null

2019-06-27 17:28:26 - [TEST_STEP][PASSED] - BOOnlineoutlet = UtilityMethods.getTestData(dataFile, "BOOnlineoutlet", row): null

2019-06-27 17:28:26 - [TEST_STEP][PASSED] - BOEmployee = UtilityMethods.getTestData(dataFile, "BOEmployee", row): null

2019-06-27 17:28:26 - [TEST_STEP][PASSED] - CCPersonal = UtilityMethods.getTestData(dataFile, "CCPersonal", row): null

2019-06-27 17:28:26 - [TEST_STEP][PASSED] - CCRetail = UtilityMethods.getTestData(dataFile, "CCRetail", row): null

2019-06-27 17:28:26 - [TEST_STEP][PASSED] - CCShow = UtilityMethods.getTestData(dataFile, "CCShow", row): null

2019-06-27 17:28:26 - [TEST_STEP][PASSED] - BOEblast = UtilityMethods.getTestData(dataFile, "BOEblast", row): null

2019-06-27 17:28:26 - [MESSAGE][PASSED] - Call Test Case 'Test Cases/NewArrival/populateTimeGlobalVars' successfully

2019-06-27 17:28:26 - [TEST_STEP][PASSED] - callTestCase(findTestCase("NewArrival/setTimezone"), ["ofbizURL":"", "ofbizuser":"", "ofbizpass":"", "orderType":orderType, "timeZone":timeZone, "serverTarget":serverTarget], STOP_ON_FAILURE): Call Test Case 'Test Cases/NewArrival/setTimezone' successfully

2019-06-27 17:28:26 - [TEST_CASE][PASSED] - Test Cases/NewArrival/setTimezone: Test Cases/NewArrival/setTimezone

2019-06-27 17:28:26 - [TEST_STEP][NOT_RUN] - openBrowser(""): NOT_RUN: openBrowser("")

2019-06-27 17:28:26 - [MESSAGE][NOT_RUN] - NOT_RUN: openBrowser("")

2019-06-27 17:28:26 - [TEST_STEP][NOT_RUN] - maximizeWindow(): NOT_RUN: maximizeWindow()

2019-06-27 17:28:26 - [MESSAGE][NOT_RUN] - NOT_RUN: maximizeWindow()

2019-06-27 17:28:26 - [TEST_STEP][PASSED] - ofbizURL = findTestData("credData").getValue("ofbizURL", 1): null

2019-06-27 17:28:26 - [TEST_STEP][PASSED] - ofbizuser = findTestData("credData").getValue("ofbizuser", 1): null

2019-06-27 17:28:26 - [TEST_STEP][PASSED] - ofbizpass = findTestData("credData").getValue("ofbizpass", 1): null

2019-06-27 17:28:26 - [TEST_STEP][PASSED] - navigateToUrl(ofbizURL): Navigate to 'https://pushofbiz.cliotest.com/login.php' successfully

2019-06-27 17:28:27 - [MESSAGE][PASSED] - Navigate to 'https://pushofbiz.cliotest.com/login.php' successfully

2019-06-27 17:28:27 - [TEST_STEP][PASSED] - setText(findTestObject("Page_/input_Username_username"), ofbizuser): Text 'automation' is set on object 'Object Repository/Page_/input_Username_username'

2019-06-27 17:28:28 - [MESSAGE][PASSED] - Text 'automation' is set on object 'Object Repository/Page_/input_Username_username'

2019-06-27 17:28:28 - [TEST_STEP][PASSED] - setText(findTestObject("Page_/input_Password_password"), ofbizpass): Text 'cabiautomation' is set on object 'Object Repository/Page_/input_Password_password'

2019-06-27 17:28:28 - [MESSAGE][PASSED] - Text 'cabiautomation' is set on object 'Object Repository/Page_/input_Password_password'

2019-06-27 17:28:28 - [TEST_STEP][PASSED] - click(findTestObject("Page_/input_Password_Submit")): Object: 'Object Repository/Page_/input_Password_Submit' is clicked on

2019-06-27 17:28:31 - [MESSAGE][PASSED] - Object: 'Object Repository/Page_/input_Password_Submit' is clicked on

2019-06-27 17:28:31 - [TEST_STEP][PASSED] - click(findTestObject("Object Repository/Page_/a_Clock set")): Object: 'Object Repository/Page_/a_Clock set' is clicked on

2019-06-27 17:28:32 - [MESSAGE][PASSED] - Object: 'Object Repository/Page_/a_Clock set' is clicked on

2019-06-27 17:28:32 - [TEST_STEP][PASSED] - click(UtilityMethods.createTestObject("select_target", "//select[@name='Target']/option[contains(text(), '", serverTarget, "')]")): Object: 'select_target' is clicked on

2019-06-27 17:28:32 - [MESSAGE][PASSED] - Object: 'select_target' is clicked on

2019-06-27 17:28:32 - [TEST_STEP][PASSED] - click(findTestObject("Page_/thisDateAndTime")): Object: 'Object Repository/Page_/thisDateAndTime' is clicked on

2019-06-27 17:28:32 - [MESSAGE][PASSED] - Object: 'Object Repository/Page_/thisDateAndTime' is clicked on

2019-06-27 17:28:32 - [TEST_STEP][PASSED] - setText(findTestObject("Object Repository/Page_/setTargetTime"), timeZone): Text ' 04/25/2019 12:00' is set on object 'Object Repository/Page_/setTargetTime'

2019-06-27 17:28:32 - [MESSAGE][PASSED] - Text ' 04/25/2019 12:00' is set on object 'Object Repository/Page_/setTargetTime'

2019-06-27 17:28:32 - [TEST_STEP][PASSED] - click(findTestObject("Object Repository/Page_/input")): Object: 'Object Repository/Page_/input' is clicked on

2019-06-27 17:28:33 - [MESSAGE][PASSED] - Object: 'Object Repository/Page_/input' is clicked on

2019-06-27 17:28:33 - [TEST_STEP][PASSED] - delay(10): Delayed 10 second(s)

2019-06-27 17:28:43 - [MESSAGE][PASSED] - Delayed 10 second(s)

2019-06-27 17:28:43 - [TEST_STEP][NOT_RUN] - closeBrowser(): NOT_RUN: closeBrowser()

2019-06-27 17:28:43 - [MESSAGE][NOT_RUN] - NOT_RUN: closeBrowser()

2019-06-27 17:28:43 - [MESSAGE][PASSED] - Call Test Case 'Test Cases/NewArrival/setTimezone' successfully

2019-06-27 17:28:43 - [TEST_STEP][PASSED] - callTestCase(findTestCase("TestCaseUtilities/backOfficeLogin"), ["BOURL":"", "BOuser":"", "BOpass":""], STOP_ON_FAILURE): Call Test Case 'Test Cases/TestCaseUtilities/backOfficeLogin' successfully

2019-06-27 17:28:43 - [TEST_CASE][PASSED] - Test Cases/TestCaseUtilities/backOfficeLogin: Test Cases/TestCaseUtilities/backOfficeLogin

2019-06-27 17:28:43 - [TEST_STEP][PASSED] - BOURL = findTestData("credData").getValue("BOURL", 1): null

2019-06-27 17:28:43 - [TEST_STEP][PASSED] - BOuser = findTestData("credData").getValue("BOuser", 1): null

2019-06-27 17:28:43 - [TEST_STEP][PASSED] - BOpass = findTestData("credData").getValue("BOpass", 1): null

2019-06-27 17:28:43 - [TEST_STEP][PASSED] - navigateToUrl(BOURL): Navigate to 'https://test14.cliotest.com/backoffice/control/main' successfully

2019-06-27 17:28:45 - [MESSAGE][PASSED] - Navigate to 'https://test14.cliotest.com/backoffice/control/main' successfully

2019-06-27 17:28:45 - [TEST_STEP][PASSED] - logOut = findWebElements(findTestObject("Object Repository/Page_cabi Home/log_out"), 1): Unable to find the element located by 'By.xpath: //a[contains(text(),'Log Out')]'. Please recheck the objects properties to make sure the desired element is located. 

2019-06-27 17:28:46 - [MESSAGE][INFO] - Unable to find the element located by 'By.xpath: //a[contains(text(),'Log Out')]'. Please recheck the objects properties to make sure the desired element is located. 

2019-06-27 17:28:46 - [TEST_STEP][PASSED] - if (logOut.size() == 0): Object: 'Object Repository/Page_cabi/input_Welcome to_consultantLogin' is clicked on

2019-06-27 17:28:46 - [TEST_STEP][PASSED] - setText(findTestObject("Page_cabi/input_Welcome to_USERNAME"), BOuser): Text '400000002' is set on object 'Object Repository/Page_cabi/input_Welcome to_USERNAME'

2019-06-27 17:28:46 - [MESSAGE][PASSED] - Text '400000002' is set on object 'Object Repository/Page_cabi/input_Welcome to_USERNAME'

2019-06-27 17:28:46 - [TEST_STEP][PASSED] - setText(findTestObject("Object Repository/Page_cabi/input_Welcome to_PASSWORD"), BOpass): Text 'blackdress19' is set on object 'Object Repository/Page_cabi/input_Welcome to_PASSWORD'

2019-06-27 17:28:47 - [MESSAGE][PASSED] - Text 'blackdress19' is set on object 'Object Repository/Page_cabi/input_Welcome to_PASSWORD'

2019-06-27 17:28:47 - [TEST_STEP][PASSED] - click(findTestObject("Object Repository/Page_cabi/input_Welcome to_consultantLogin")): Object: 'Object Repository/Page_cabi/input_Welcome to_consultantLogin' is clicked on

2019-06-27 17:28:52 - [MESSAGE][PASSED] - Object: 'Object Repository/Page_cabi/input_Welcome to_consultantLogin' is clicked on

2019-06-27 17:28:52 - [TEST_STEP][PASSED] - delay(3): Delayed 3 second(s)

2019-06-27 17:28:55 - [MESSAGE][PASSED] - Delayed 3 second(s)

2019-06-27 17:28:55 - [MESSAGE][PASSED] - Call Test Case 'Test Cases/TestCaseUtilities/backOfficeLogin' successfully

2019-06-27 17:28:55 - [TEST_STEP][PASSED] - rightClick(findTestObject("Page_cabi Home/a_Shows  Orders")): Object: 'Object Repository/Page_cabi Home/a_Shows  Orders' is right clicked on

2019-06-27 17:28:55 - [MESSAGE][PASSED] - Object: 'Object Repository/Page_cabi Home/a_Shows  Orders' is right clicked on

2019-06-27 17:28:55 - [TEST_STEP][PASSED] - click(findTestObject("Page_cabi Home/a_retail_purchases")): Object: 'Object Repository/Page_cabi Home/a_retail_purchases' is clicked on

2019-06-27 17:29:00 - [MESSAGE][PASSED] - Object: 'Object Repository/Page_cabi Home/a_retail_purchases' is clicked on

2019-06-27 17:29:00 - [TEST_STEP][PASSED] - delay(3): Delayed 3 second(s)

2019-06-27 17:29:03 - [MESSAGE][PASSED] - Delayed 3 second(s)

2019-06-27 17:29:03 - [TEST_STEP][PASSED] - click(findTestObject("Object Repository/Page_cabi Home/existingCustomer")): Object: 'Object Repository/Page_cabi Home/existingCustomer' is clicked on

2019-06-27 17:29:03 - [MESSAGE][PASSED] - Object: 'Object Repository/Page_cabi Home/existingCustomer' is clicked on

2019-06-27 17:29:03 - [TEST_STEP][PASSED] - contactNumber = 5: null

2019-06-27 17:29:03 - [TEST_STEP][PASSED] - firstName = findTestData("contactData").getValue("firstName", contactNumber): null

2019-06-27 17:29:03 - [TEST_STEP][PASSED] - lastName = findTestData("contactData").getValue("lastName", contactNumber): null

2019-06-27 17:29:03 - [TEST_STEP][PASSED] - email = findTestData("contactData").getValue("email", contactNumber): null

2019-06-27 17:29:03 - [TEST_STEP][PASSED] - address1 = findTestData("contactData").getValue("address1", contactNumber): null

2019-06-27 17:29:03 - [TEST_STEP][PASSED] - city = findTestData("contactData").getValue("city", contactNumber): null

2019-06-27 17:29:03 - [TEST_STEP][PASSED] - state = findTestData("contactData").getValue("state", contactNumber): null

2019-06-27 17:29:03 - [TEST_STEP][PASSED] - zip = findTestData("contactData").getValue("zip", contactNumber): null

2019-06-27 17:29:03 - [TEST_STEP][PASSED] - existingCustFName = firstName: null

2019-06-27 17:29:04 - [TEST_STEP][PASSED] - existingCustLName = lastName: null

2019-06-27 17:29:04 - [TEST_STEP][PASSED] - space = " ": null

2019-06-27 17:29:04 - [TEST_STEP][PASSED] - existingCust = $existingCustFName$space$existingCustLName: null

2019-06-27 17:29:04 - [TEST_STEP][PASSED] - setText(findTestObject("Object Repository/Page_cabi Home/input_existing_guest"), existingCust): Text 'Michigan Contact' is set on object 'Object Repository/Page_cabi Home/input_existing_guest'

2019-06-27 17:29:04 - [MESSAGE][PASSED] - Text 'Michigan Contact' is set on object 'Object Repository/Page_cabi Home/input_existing_guest'

2019-06-27 17:29:04 - [TEST_STEP][PASSED] - delay(3): Delayed 3 second(s)

2019-06-27 17:29:07 - [MESSAGE][PASSED] - Delayed 3 second(s)

2019-06-27 17:29:07 - [TEST_STEP][PASSED] - rightClick(findTestObject("Object Repository/Page_cabi Home/input_existing_guest")): Object: 'Object Repository/Page_cabi Home/input_existing_guest' is right clicked on

2019-06-27 17:29:07 - [MESSAGE][PASSED] - Object: 'Object Repository/Page_cabi Home/input_existing_guest' is right clicked on

2019-06-27 17:29:07 - [TEST_STEP][PASSED] - rightClick(findTestObject("Object Repository/Page_cabi Home/input_existing_guest")): Object: 'Object Repository/Page_cabi Home/input_existing_guest' is right clicked on

2019-06-27 17:29:07 - [MESSAGE][PASSED] - Object: 'Object Repository/Page_cabi Home/input_existing_guest' is right clicked on

2019-06-27 17:29:07 - [TEST_STEP][PASSED] - click(findTestObject("Object Repository/Page_cabi Create Show - Set Hostess/a_select_customer")): Object: 'Object Repository/Page_cabi Create Show - Set Hostess/a_select_customer' is clicked on

2019-06-27 17:29:08 - [MESSAGE][PASSED] - Object: 'Object Repository/Page_cabi Create Show - Set Hostess/a_select_customer' is clicked on

2019-06-27 17:29:08 - [TEST_STEP][PASSED] - setText(findTestObject("Object Repository/Page_cabi Home/input_existing_guest"), existingCust): Text 'Michigan Contact' is set on object 'Object Repository/Page_cabi Home/input_existing_guest'

2019-06-27 17:29:08 - [MESSAGE][PASSED] - Text 'Michigan Contact' is set on object 'Object Repository/Page_cabi Home/input_existing_guest'

2019-06-27 17:29:08 - [TEST_STEP][PASSED] - setText(findTestObject("Object Repository/Page_cabi Retail Store/input_email"), email): Text 'michigan@na.com' is set on object 'Object Repository/Page_cabi Retail Store/input_email'

2019-06-27 17:29:09 - [MESSAGE][PASSED] - Text 'michigan@na.com' is set on object 'Object Repository/Page_cabi Retail Store/input_email'

2019-06-27 17:29:09 - [TEST_STEP][PASSED] - setText(findTestObject("Object Repository/Page_cabi Edit Customer Profile/input_Address1_address1"), address1): Text '972 BRAHMS CT' is set on object 'Object Repository/Page_cabi Edit Customer Profile/input_Address1_address1'

2019-06-27 17:29:09 - [MESSAGE][PASSED] - Text '972 BRAHMS CT' is set on object 'Object Repository/Page_cabi Edit Customer Profile/input_Address1_address1'

2019-06-27 17:29:09 - [TEST_STEP][PASSED] - setText(findTestObject("Object Repository/Page_cabi Edit Customer Profile/input_Address2_address2"), ""): Text '' is set on object 'Object Repository/Page_cabi Edit Customer Profile/input_Address2_address2'

2019-06-27 17:29:09 - [MESSAGE][PASSED] - Text '' is set on object 'Object Repository/Page_cabi Edit Customer Profile/input_Address2_address2'

2019-06-27 17:29:09 - [TEST_STEP][PASSED] - setText(findTestObject("Object Repository/Page_cabi Edit Customer Profile/input_City_city"), city): Text 'TROY' is set on object 'Object Repository/Page_cabi Edit Customer Profile/input_City_city'

2019-06-27 17:29:09 - [MESSAGE][PASSED] - Text 'TROY' is set on object 'Object Repository/Page_cabi Edit Customer Profile/input_City_city'

2019-06-27 17:29:09 - [TEST_STEP][PASSED] - click(findTestObject("Page_cabi Edit Customer Profile/span_select_a_state")): Object: 'Object Repository/Page_cabi Edit Customer Profile/span_select_a_state' is clicked on

2019-06-27 17:29:09 - [MESSAGE][PASSED] - Object: 'Object Repository/Page_cabi Edit Customer Profile/span_select_a_state' is clicked on

2019-06-27 17:29:09 - [TEST_STEP][PASSED] - delay(1): Delayed 1 second(s)

2019-06-27 17:29:10 - [MESSAGE][PASSED] - Delayed 1 second(s)

2019-06-27 17:29:10 - [TEST_STEP][PASSED] - setText(findTestObject("Object Repository/Page_cabi Edit Customer Profile/input_state_1"), state): Text 'Michigan' is set on object 'Object Repository/Page_cabi Edit Customer Profile/input_state_1'

2019-06-27 17:29:11 - [MESSAGE][PASSED] - Text 'Michigan' is set on object 'Object Repository/Page_cabi Edit Customer Profile/input_state_1'

2019-06-27 17:29:11 - [TEST_STEP][PASSED] - delay(2): Delayed 2 second(s)

2019-06-27 17:29:13 - [MESSAGE][PASSED] - Delayed 2 second(s)

2019-06-27 17:29:13 - [TEST_STEP][PASSED] - click(findTestObject("Page_cabi Edit Customer Profile/span_state")): Object: 'Object Repository/Page_cabi Edit Customer Profile/span_state' is clicked on

2019-06-27 17:29:13 - [MESSAGE][PASSED] - Object: 'Object Repository/Page_cabi Edit Customer Profile/span_state' is clicked on

2019-06-27 17:29:13 - [TEST_STEP][PASSED] - setText(findTestObject("Page_cabi Edit Customer Profile/input_state_postalCode"), zip): Text '48085' is set on object 'Object Repository/Page_cabi Edit Customer Profile/input_state_postalCode'

2019-06-27 17:29:13 - [MESSAGE][PASSED] - Text '48085' is set on object 'Object Repository/Page_cabi Edit Customer Profile/input_state_postalCode'

2019-06-27 17:29:13 - [TEST_STEP][PASSED] - delay(10): Delayed 10 second(s)

2019-06-27 17:29:23 - [MESSAGE][PASSED] - Delayed 10 second(s)

2019-06-27 17:29:23 - [TEST_STEP][FAILED] - click(findTestObject("Object Repository/Page_cabi Home/a_same_shipping_address")): for ([timeRow = 1, timeRow <= findTestData("timezoneData").getRowNumbers(), (timeRow++)]) FAILED.
Reason:
com.kms.katalon.core.exception.StepFailedException: Unable to click on object 'Object Repository/Page_cabi Home/a_same_shipping_address'
	at com.kms.katalon.core.webui.keyword.internal.WebUIKeywordMain.stepFailed(WebUIKeywordMain.groovy:64)
	at com.kms.katalon.core.webui.keyword.internal.WebUIKeywordMain.runKeyword(WebUIKeywordMain.groovy:26)
	at com.kms.katalon.core.webui.keyword.builtin.ClickKeyword.click(ClickKeyword.groovy:86)
	at com.kms.katalon.core.webui.keyword.builtin.ClickKeyword.execute(ClickKeyword.groovy:67)
	at com.kms.katalon.core.keyword.internal.KeywordExecutor.executeKeywordForPlatform(KeywordExecutor.groovy:56)
	at com.kms.katalon.core.webui.keyword.WebUiBuiltInKeywords.click(WebUiBuiltInKeywords.groovy:616)
	at com.kms.katalon.core.webui.keyword.WebUiBuiltInKeywords$click$2.call(Unknown Source)
	at BORetail.run(BORetail:98)
	at com.kms.katalon.core.main.ScriptEngine.run(ScriptEngine.java:194)
	at com.kms.katalon.core.main.ScriptEngine.runScriptAsRawText(ScriptEngine.java:119)
	at com.kms.katalon.core.main.TestCaseExecutor.runScript(TestCaseExecutor.java:342)
	at com.kms.katalon.core.main.TestCaseExecutor.doExecute(TestCaseExecutor.java:333)
	at com.kms.katalon.core.main.TestCaseExecutor.processExecutionPhase(TestCaseExecutor.java:312)
	at com.kms.katalon.core.main.TestCaseExecutor.accessMainPhase(TestCaseExecutor.java:304)
	at com.kms.katalon.core.main.TestCaseExecutor.execute(TestCaseExecutor.java:238)
	at com.kms.katalon.core.main.TestSuiteExecutor.accessTestCaseMainPhase(TestSuiteExecutor.java:129)
	at com.kms.katalon.core.main.TestSuiteExecutor.accessTestSuiteMainPhase(TestSuiteExecutor.java:112)
	at com.kms.katalon.core.main.TestSuiteExecutor.execute(TestSuiteExecutor.java:81)
	at com.kms.katalon.core.main.TestCaseMain.startTestSuite(TestCaseMain.java:157)
	at com.kms.katalon.core.main.TestCaseMain$startTestSuite$0.call(Unknown Source)
	at TempTestSuite1561635994222.run(TempTestSuite1561635994222.groovy:35)
Caused by: org.openqa.selenium.ElementClickInterceptedException: element click intercepted: Element <input type="checkbox" id="copyMailAddrCheck"> is not clickable at point (212, 452). Other element would receive the click: <div id="addloader" class="loading">...</div>
  (Session info: chrome=75.0.3770.100)
  (Driver info: chromedriver=74.0.3729.6 (255758eccf3d244491b8a1317aa76e1ce10d57e9-refs/branch-heads/3729@{#29}),platform=Windows NT 6.3.9600 x86_64) (WARNING: The server did not provide any stacktrace information)
Command duration or timeout: 0 milliseconds
Build info: version: '3.7.1', revision: '8a0099a', time: '2017-11-06T21:07:36.161Z'
System info: host: 'NIVEDITA', ip: '10.0.102.159', os.name: 'Windows 8.1', os.arch: 'amd64', os.version: '6.3', java.version: '1.8.0_181'
Driver info: com.kms.katalon.selenium.driver.CChromeDriver
Capabilities {acceptInsecureCerts: false, acceptSslCerts: false, applicationCacheEnabled: false, browserConnectionEnabled: false, browserName: chrome, chrome: {chromedriverVersion: 74.0.3729.6 (255758eccf3d24..., userDataDir: C:\Users\user\AppData\Local...}, cssSelectorsEnabled: true, databaseEnabled: false, goog:chromeOptions: {debuggerAddress: localhost:55506}, handlesAlerts: true, hasTouchScreen: false, javascriptEnabled: true, locationContextEnabled: true, mobileEmulationEnabled: false, nativeEvents: true, networkConnectionEnabled: false, pageLoadStrategy: normal, platform: XP, platformName: XP, proxy: Proxy(direct), rotatable: false, setWindowRect: true, strictFileInteractability: false, takesHeapSnapshot: true, takesScreenshot: true, timeouts: {implicit: 0, pageLoad: 300000, script: 30000}, unexpectedAlertBehaviour: ignore, unhandledPromptBehavior: ignore, version: 75.0.3770.100, webStorageEnabled: true}
Session ID: de44e60b919478e1efc6050888c3784a
	at org.openqa.selenium.remote.ErrorHandler.createThrowable(ErrorHandler.java:214)
	at org.openqa.selenium.remote.ErrorHandler.throwIfResponseFailed(ErrorHandler.java:166)
	at org.openqa.selenium.remote.http.JsonHttpResponseCodec.reconstructValue(JsonHttpResponseCodec.java:40)
	at org.openqa.selenium.remote.http.AbstractHttpResponseCodec.decode(AbstractHttpResponseCodec.java:80)
	at org.openqa.selenium.remote.http.AbstractHttpResponseCodec.decode(AbstractHttpResponseCodec.java:44)
	at org.openqa.selenium.remote.HttpCommandExecutor.execute(HttpCommandExecutor.java:164)
	at org.openqa.selenium.remote.service.DriverCommandExecutor.execute(DriverCommandExecutor.java:83)
	at org.openqa.selenium.remote.RemoteWebDriver.execute(RemoteWebDriver.java:600)
	at com.kms.katalon.selenium.driver.CChromeDriver.execute(CChromeDriver.java:20)
	at org.openqa.selenium.remote.RemoteWebElement.execute(RemoteWebElement.java:279)
	at org.openqa.selenium.remote.RemoteWebElement.click(RemoteWebElement.java:83)
	at com.kms.katalon.core.webui.keyword.builtin.ClickKeyword$_click_closure1.doCall(ClickKeyword.groovy:79)
	at com.kms.katalon.core.webui.keyword.builtin.ClickKeyword$_click_closure1.call(ClickKeyword.groovy)
	at com.kms.katalon.core.webui.keyword.internal.WebUIKeywordMain.runKeyword(WebUIKeywordMain.groovy:20)
	at com.kms.katalon.core.webui.keyword.builtin.ClickKeyword.click(ClickKeyword.groovy:86)
	at com.kms.katalon.core.webui.keyword.builtin.ClickKeyword.execute(ClickKeyword.groovy:67)
	at com.kms.katalon.core.keyword.internal.KeywordExecutor.executeKeywordForPlatform(KeywordExecutor.groovy:56)
	at com.kms.katalon.core.webui.keyword.WebUiBuiltInKeywords.click(WebUiBuiltInKeywords.groovy:616)
	at com.kms.katalon.core.webui.keyword.WebUiBuiltInKeywords$click$2.call(Unknown Source)
	at Script1561622058769.run(Script1561622058769.groovy:98)
	... 13 more


2019-06-27 17:29:24 - [MESSAGE][FAILED] - Unable to click on object 'Object Repository/Page_cabi Home/a_same_shipping_address' (Root cause: com.kms.katalon.core.exception.StepFailedException: Unable to click on object 'Object Repository/Page_cabi Home/a_same_shipping_address'
	at com.kms.katalon.core.webui.keyword.internal.WebUIKeywordMain.stepFailed(WebUIKeywordMain.groovy:64)
	at com.kms.katalon.core.webui.keyword.internal.WebUIKeywordMain.runKeyword(WebUIKeywordMain.groovy:26)
	at com.kms.katalon.core.webui.keyword.builtin.ClickKeyword.click(ClickKeyword.groovy:86)
	at com.kms.katalon.core.webui.keyword.builtin.ClickKeyword.execute(ClickKeyword.groovy:67)
	at com.kms.katalon.core.keyword.internal.KeywordExecutor.executeKeywordForPlatform(KeywordExecutor.groovy:56)
	at com.kms.katalon.core.webui.keyword.WebUiBuiltInKeywords.click(WebUiBuiltInKeywords.groovy:616)
	at com.kms.katalon.core.webui.keyword.WebUiBuiltInKeywords$click$2.call(Unknown Source)
	at BORetail.run(BORetail:98)
	at com.kms.katalon.core.main.ScriptEngine.run(ScriptEngine.java:194)
	at com.kms.katalon.core.main.ScriptEngine.runScriptAsRawText(ScriptEngine.java:119)
	at com.kms.katalon.core.main.TestCaseExecutor.runScript(TestCaseExecutor.java:342)
	at com.kms.katalon.core.main.TestCaseExecutor.doExecute(TestCaseExecutor.java:333)
	at com.kms.katalon.core.main.TestCaseExecutor.processExecutionPhase(TestCaseExecutor.java:312)
	at com.kms.katalon.core.main.TestCaseExecutor.accessMainPhase(TestCaseExecutor.java:304)
	at com.kms.katalon.core.main.TestCaseExecutor.execute(TestCaseExecutor.java:238)
	at com.kms.katalon.core.main.TestSuiteExecutor.accessTestCaseMainPhase(TestSuiteExecutor.java:129)
	at com.kms.katalon.core.main.TestSuiteExecutor.accessTestSuiteMainPhase(TestSuiteExecutor.java:112)
	at com.kms.katalon.core.main.TestSuiteExecutor.execute(TestSuiteExecutor.java:81)
	at com.kms.katalon.core.main.TestCaseMain.startTestSuite(TestCaseMain.java:157)
	at com.kms.katalon.core.main.TestCaseMain$startTestSuite$0.call(Unknown Source)
	at TempTestSuite1561635994222.run(TempTestSuite1561635994222.groovy:35)
Caused by: org.openqa.selenium.ElementClickInterceptedException: element click intercepted: Element <input type="checkbox" id="copyMailAddrCheck"> is not clickable at point (212, 452). Other element would receive the click: <div id="addloader" class="loading">...</div>
  (Session info: chrome=75.0.3770.100)
  (Driver info: chromedriver=74.0.3729.6 (255758eccf3d244491b8a1317aa76e1ce10d57e9-refs/branch-heads/3729@{#29}),platform=Windows NT 6.3.9600 x86_64) (WARNING: The server did not provide any stacktrace information)
Command duration or timeout: 0 milliseconds
Build info: version: '3.7.1', revision: '8a0099a', time: '2017-11-06T21:07:36.161Z'
System info: host: 'NIVEDITA', ip: '10.0.102.159', os.name: 'Windows 8.1', os.arch: 'amd64', os.version: '6.3', java.version: '1.8.0_181'
Driver info: com.kms.katalon.selenium.driver.CChromeDriver
Capabilities {acceptInsecureCerts: false, acceptSslCerts: false, applicationCacheEnabled: false, browserConnectionEnabled: false, browserName: chrome, chrome: {chromedriverVersion: 74.0.3729.6 (255758eccf3d24..., userDataDir: C:\Users\user\AppData\Local...}, cssSelectorsEnabled: true, databaseEnabled: false, goog:chromeOptions: {debuggerAddress: localhost:55506}, handlesAlerts: true, hasTouchScreen: false, javascriptEnabled: true, locationContextEnabled: true, mobileEmulationEnabled: false, nativeEvents: true, networkConnectionEnabled: false, pageLoadStrategy: normal, platform: XP, platformName: XP, proxy: Proxy(direct), rotatable: false, setWindowRect: true, strictFileInteractability: false, takesHeapSnapshot: true, takesScreenshot: true, timeouts: {implicit: 0, pageLoad: 300000, script: 30000}, unexpectedAlertBehaviour: ignore, unhandledPromptBehavior: ignore, version: 75.0.3770.100, webStorageEnabled: true}
Session ID: de44e60b919478e1efc6050888c3784a
	at org.openqa.selenium.remote.ErrorHandler.createThrowable(ErrorHandler.java:214)
	at org.openqa.selenium.remote.ErrorHandler.throwIfResponseFailed(ErrorHandler.java:166)
	at org.openqa.selenium.remote.http.JsonHttpResponseCodec.reconstructValue(JsonHttpResponseCodec.java:40)
	at org.openqa.selenium.remote.http.AbstractHttpResponseCodec.decode(AbstractHttpResponseCodec.java:80)
	at org.openqa.selenium.remote.http.AbstractHttpResponseCodec.decode(AbstractHttpResponseCodec.java:44)
	at org.openqa.selenium.remote.HttpCommandExecutor.execute(HttpCommandExecutor.java:164)
	at org.openqa.selenium.remote.service.DriverCommandExecutor.execute(DriverCommandExecutor.java:83)
	at org.openqa.selenium.remote.RemoteWebDriver.execute(RemoteWebDriver.java:600)
	at com.kms.katalon.selenium.driver.CChromeDriver.execute(CChromeDriver.java:20)
	at org.openqa.selenium.remote.RemoteWebElement.execute(RemoteWebElement.java:279)
	at org.openqa.selenium.remote.RemoteWebElement.click(RemoteWebElement.java:83)
	at com.kms.katalon.core.webui.keyword.builtin.ClickKeyword$_click_closure1.doCall(ClickKeyword.groovy:79)
	at com.kms.katalon.core.webui.keyword.builtin.ClickKeyword$_click_closure1.call(ClickKeyword.groovy)
	at com.kms.katalon.core.webui.keyword.internal.WebUIKeywordMain.runKeyword(WebUIKeywordMain.groovy:20)
	at com.kms.katalon.core.webui.keyword.builtin.ClickKeyword.click(ClickKeyword.groovy:86)
	at com.kms.katalon.core.webui.keyword.builtin.ClickKeyword.execute(ClickKeyword.groovy:67)
	at com.kms.katalon.core.keyword.internal.KeywordExecutor.executeKeywordForPlatform(KeywordExecutor.groovy:56)
	at com.kms.katalon.core.webui.keyword.WebUiBuiltInKeywords.click(WebUiBuiltInKeywords.groovy:616)
	at com.kms.katalon.core.webui.keyword.WebUiBuiltInKeywords$click$2.call(Unknown Source)
	at Script1561622058769.run(Script1561622058769.groovy:98)
	... 13 more
)
[[ATTACHMENT|C:\\Users\\user\\Documents\\testautomation\\KatalonProjects\\Reports\\NewArrivalsSuites\\NewArrivalsSuite\\20190627_171634\\1561636763838.png]]

2019-06-27 17:29:24 - [MESSAGE][FAILED] - for ([timeRow = 1, timeRow <= findTestData("timezoneData").getRowNumbers(), (timeRow++)]) FAILED.
Reason:
com.kms.katalon.core.exception.StepFailedException: Unable to click on object 'Object Repository/Page_cabi Home/a_same_shipping_address'
	at com.kms.katalon.core.webui.keyword.internal.WebUIKeywordMain.stepFailed(WebUIKeywordMain.groovy:64)
	at com.kms.katalon.core.webui.keyword.internal.WebUIKeywordMain.runKeyword(WebUIKeywordMain.groovy:26)
	at com.kms.katalon.core.webui.keyword.builtin.ClickKeyword.click(ClickKeyword.groovy:86)
	at com.kms.katalon.core.webui.keyword.builtin.ClickKeyword.execute(ClickKeyword.groovy:67)
	at com.kms.katalon.core.keyword.internal.KeywordExecutor.executeKeywordForPlatform(KeywordExecutor.groovy:56)
	at com.kms.katalon.core.webui.keyword.WebUiBuiltInKeywords.click(WebUiBuiltInKeywords.groovy:616)
	at com.kms.katalon.core.webui.keyword.WebUiBuiltInKeywords$click$2.call(Unknown Source)
	at BORetail.run(BORetail:98)
	at com.kms.katalon.core.main.ScriptEngine.run(ScriptEngine.java:194)
	at com.kms.katalon.core.main.ScriptEngine.runScriptAsRawText(ScriptEngine.java:119)
	at com.kms.katalon.core.main.TestCaseExecutor.runScript(TestCaseExecutor.java:342)
	at com.kms.katalon.core.main.TestCaseExecutor.doExecute(TestCaseExecutor.java:333)
	at com.kms.katalon.core.main.TestCaseExecutor.processExecutionPhase(TestCaseExecutor.java:312)
	at com.kms.katalon.core.main.TestCaseExecutor.accessMainPhase(TestCaseExecutor.java:304)
	at com.kms.katalon.core.main.TestCaseExecutor.execute(TestCaseExecutor.java:238)
	at com.kms.katalon.core.main.TestSuiteExecutor.accessTestCaseMainPhase(TestSuiteExecutor.java:129)
	at com.kms.katalon.core.main.TestSuiteExecutor.accessTestSuiteMainPhase(TestSuiteExecutor.java:112)
	at com.kms.katalon.core.main.TestSuiteExecutor.execute(TestSuiteExecutor.java:81)
	at com.kms.katalon.core.main.TestCaseMain.startTestSuite(TestCaseMain.java:157)
	at com.kms.katalon.core.main.TestCaseMain$startTestSuite$0.call(Unknown Source)
	at TempTestSuite1561635994222.run(TempTestSuite1561635994222.groovy:35)
Caused by: org.openqa.selenium.ElementClickInterceptedException: element click intercepted: Element <input type="checkbox" id="copyMailAddrCheck"> is not clickable at point (212, 452). Other element would receive the click: <div id="addloader" class="loading">...</div>
  (Session info: chrome=75.0.3770.100)
  (Driver info: chromedriver=74.0.3729.6 (255758eccf3d244491b8a1317aa76e1ce10d57e9-refs/branch-heads/3729@{#29}),platform=Windows NT 6.3.9600 x86_64) (WARNING: The server did not provide any stacktrace information)
Command duration or timeout: 0 milliseconds
Build info: version: '3.7.1', revision: '8a0099a', time: '2017-11-06T21:07:36.161Z'
System info: host: 'NIVEDITA', ip: '10.0.102.159', os.name: 'Windows 8.1', os.arch: 'amd64', os.version: '6.3', java.version: '1.8.0_181'
Driver info: com.kms.katalon.selenium.driver.CChromeDriver
Capabilities {acceptInsecureCerts: false, acceptSslCerts: false, applicationCacheEnabled: false, browserConnectionEnabled: false, browserName: chrome, chrome: {chromedriverVersion: 74.0.3729.6 (255758eccf3d24..., userDataDir: C:\Users\user\AppData\Local...}, cssSelectorsEnabled: true, databaseEnabled: false, goog:chromeOptions: {debuggerAddress: localhost:55506}, handlesAlerts: true, hasTouchScreen: false, javascriptEnabled: true, locationContextEnabled: true, mobileEmulationEnabled: false, nativeEvents: true, networkConnectionEnabled: false, pageLoadStrategy: normal, platform: XP, platformName: XP, proxy: Proxy(direct), rotatable: false, setWindowRect: true, strictFileInteractability: false, takesHeapSnapshot: true, takesScreenshot: true, timeouts: {implicit: 0, pageLoad: 300000, script: 30000}, unexpectedAlertBehaviour: ignore, unhandledPromptBehavior: ignore, version: 75.0.3770.100, webStorageEnabled: true}
Session ID: de44e60b919478e1efc6050888c3784a
	at org.openqa.selenium.remote.ErrorHandler.createThrowable(ErrorHandler.java:214)
	at org.openqa.selenium.remote.ErrorHandler.throwIfResponseFailed(ErrorHandler.java:166)
	at org.openqa.selenium.remote.http.JsonHttpResponseCodec.reconstructValue(JsonHttpResponseCodec.java:40)
	at org.openqa.selenium.remote.http.AbstractHttpResponseCodec.decode(AbstractHttpResponseCodec.java:80)
	at org.openqa.selenium.remote.http.AbstractHttpResponseCodec.decode(AbstractHttpResponseCodec.java:44)
	at org.openqa.selenium.remote.HttpCommandExecutor.execute(HttpCommandExecutor.java:164)
	at org.openqa.selenium.remote.service.DriverCommandExecutor.execute(DriverCommandExecutor.java:83)
	at org.openqa.selenium.remote.RemoteWebDriver.execute(RemoteWebDriver.java:600)
	at com.kms.katalon.selenium.driver.CChromeDriver.execute(CChromeDriver.java:20)
	at org.openqa.selenium.remote.RemoteWebElement.execute(RemoteWebElement.java:279)
	at org.openqa.selenium.remote.RemoteWebElement.click(RemoteWebElement.java:83)
	at com.kms.katalon.core.webui.keyword.builtin.ClickKeyword$_click_closure1.doCall(ClickKeyword.groovy:79)
	at com.kms.katalon.core.webui.keyword.builtin.ClickKeyword$_click_closure1.call(ClickKeyword.groovy)
	at com.kms.katalon.core.webui.keyword.internal.WebUIKeywordMain.runKeyword(WebUIKeywordMain.groovy:20)
	at com.kms.katalon.core.webui.keyword.builtin.ClickKeyword.click(ClickKeyword.groovy:86)
	at com.kms.katalon.core.webui.keyword.builtin.ClickKeyword.execute(ClickKeyword.groovy:67)
	at com.kms.katalon.core.keyword.internal.KeywordExecutor.executeKeywordForPlatform(KeywordExecutor.groovy:56)
	at com.kms.katalon.core.webui.keyword.WebUiBuiltInKeywords.click(WebUiBuiltInKeywords.groovy:616)
	at com.kms.katalon.core.webui.keyword.WebUiBuiltInKeywords$click$2.call(Unknown Source)
	at Script1561622058769.run(Script1561622058769.groovy:98)
	... 13 more]]></system-out>
         <system-err><![CDATA[2019-06-27 17:26:52 - [TEST_CASE][FAILED] - Test Cases/NewArrival/BORetail: Test Cases/NewArrival/BORetail FAILED.
Reason:
com.kms.katalon.core.exception.StepFailedException: Unable to click on object 'Object Repository/Page_cabi Home/a_same_shipping_address'
	at com.kms.katalon.core.webui.keyword.internal.WebUIKeywordMain.stepFailed(WebUIKeywordMain.groovy:64)
	at com.kms.katalon.core.webui.keyword.internal.WebUIKeywordMain.runKeyword(WebUIKeywordMain.groovy:26)
	at com.kms.katalon.core.webui.keyword.builtin.ClickKeyword.click(ClickKeyword.groovy:86)
	at com.kms.katalon.core.webui.keyword.builtin.ClickKeyword.execute(ClickKeyword.groovy:67)
	at com.kms.katalon.core.keyword.internal.KeywordExecutor.executeKeywordForPlatform(KeywordExecutor.groovy:56)
	at com.kms.katalon.core.webui.keyword.WebUiBuiltInKeywords.click(WebUiBuiltInKeywords.groovy:616)
	at com.kms.katalon.core.webui.keyword.WebUiBuiltInKeywords$click$2.call(Unknown Source)
	at BORetail.run(BORetail:98)
	at com.kms.katalon.core.main.ScriptEngine.run(ScriptEngine.java:194)
	at com.kms.katalon.core.main.ScriptEngine.runScriptAsRawText(ScriptEngine.java:119)
	at com.kms.katalon.core.main.TestCaseExecutor.runScript(TestCaseExecutor.java:342)
	at com.kms.katalon.core.main.TestCaseExecutor.doExecute(TestCaseExecutor.java:333)
	at com.kms.katalon.core.main.TestCaseExecutor.processExecutionPhase(TestCaseExecutor.java:312)
	at com.kms.katalon.core.main.TestCaseExecutor.accessMainPhase(TestCaseExecutor.java:304)
	at com.kms.katalon.core.main.TestCaseExecutor.execute(TestCaseExecutor.java:238)
	at com.kms.katalon.core.main.TestSuiteExecutor.accessTestCaseMainPhase(TestSuiteExecutor.java:129)
	at com.kms.katalon.core.main.TestSuiteExecutor.accessTestSuiteMainPhase(TestSuiteExecutor.java:112)
	at com.kms.katalon.core.main.TestSuiteExecutor.execute(TestSuiteExecutor.java:81)
	at com.kms.katalon.core.main.TestCaseMain.startTestSuite(TestCaseMain.java:157)
	at com.kms.katalon.core.main.TestCaseMain$startTestSuite$0.call(Unknown Source)
	at TempTestSuite1561635994222.run(TempTestSuite1561635994222.groovy:35)
Caused by: org.openqa.selenium.ElementClickInterceptedException: element click intercepted: Element <input type="checkbox" id="copyMailAddrCheck"> is not clickable at point (212, 452). Other element would receive the click: <div id="addloader" class="loading">...</div>
  (Session info: chrome=75.0.3770.100)
  (Driver info: chromedriver=74.0.3729.6 (255758eccf3d244491b8a1317aa76e1ce10d57e9-refs/branch-heads/3729@{#29}),platform=Windows NT 6.3.9600 x86_64) (WARNING: The server did not provide any stacktrace information)
Command duration or timeout: 0 milliseconds
Build info: version: '3.7.1', revision: '8a0099a', time: '2017-11-06T21:07:36.161Z'
System info: host: 'NIVEDITA', ip: '10.0.102.159', os.name: 'Windows 8.1', os.arch: 'amd64', os.version: '6.3', java.version: '1.8.0_181'
Driver info: com.kms.katalon.selenium.driver.CChromeDriver
Capabilities {acceptInsecureCerts: false, acceptSslCerts: false, applicationCacheEnabled: false, browserConnectionEnabled: false, browserName: chrome, chrome: {chromedriverVersion: 74.0.3729.6 (255758eccf3d24..., userDataDir: C:\Users\user\AppData\Local...}, cssSelectorsEnabled: true, databaseEnabled: false, goog:chromeOptions: {debuggerAddress: localhost:55506}, handlesAlerts: true, hasTouchScreen: false, javascriptEnabled: true, locationContextEnabled: true, mobileEmulationEnabled: false, nativeEvents: true, networkConnectionEnabled: false, pageLoadStrategy: normal, platform: XP, platformName: XP, proxy: Proxy(direct), rotatable: false, setWindowRect: true, strictFileInteractability: false, takesHeapSnapshot: true, takesScreenshot: true, timeouts: {implicit: 0, pageLoad: 300000, script: 30000}, unexpectedAlertBehaviour: ignore, unhandledPromptBehavior: ignore, version: 75.0.3770.100, webStorageEnabled: true}
Session ID: de44e60b919478e1efc6050888c3784a
	at org.openqa.selenium.remote.ErrorHandler.createThrowable(ErrorHandler.java:214)
	at org.openqa.selenium.remote.ErrorHandler.throwIfResponseFailed(ErrorHandler.java:166)
	at org.openqa.selenium.remote.http.JsonHttpResponseCodec.reconstructValue(JsonHttpResponseCodec.java:40)
	at org.openqa.selenium.remote.http.AbstractHttpResponseCodec.decode(AbstractHttpResponseCodec.java:80)
	at org.openqa.selenium.remote.http.AbstractHttpResponseCodec.decode(AbstractHttpResponseCodec.java:44)
	at org.openqa.selenium.remote.HttpCommandExecutor.execute(HttpCommandExecutor.java:164)
	at org.openqa.selenium.remote.service.DriverCommandExecutor.execute(DriverCommandExecutor.java:83)
	at org.openqa.selenium.remote.RemoteWebDriver.execute(RemoteWebDriver.java:600)
	at com.kms.katalon.selenium.driver.CChromeDriver.execute(CChromeDriver.java:20)
	at org.openqa.selenium.remote.RemoteWebElement.execute(RemoteWebElement.java:279)
	at org.openqa.selenium.remote.RemoteWebElement.click(RemoteWebElement.java:83)
	at com.kms.katalon.core.webui.keyword.builtin.ClickKeyword$_click_closure1.doCall(ClickKeyword.groovy:79)
	at com.kms.katalon.core.webui.keyword.builtin.ClickKeyword$_click_closure1.call(ClickKeyword.groovy)
	at com.kms.katalon.core.webui.keyword.internal.WebUIKeywordMain.runKeyword(WebUIKeywordMain.groovy:20)
	at com.kms.katalon.core.webui.keyword.builtin.ClickKeyword.click(ClickKeyword.groovy:86)
	at com.kms.katalon.core.webui.keyword.builtin.ClickKeyword.execute(ClickKeyword.groovy:67)
	at com.kms.katalon.core.keyword.internal.KeywordExecutor.executeKeywordForPlatform(KeywordExecutor.groovy:56)
	at com.kms.katalon.core.webui.keyword.WebUiBuiltInKeywords.click(WebUiBuiltInKeywords.groovy:616)
	at com.kms.katalon.core.webui.keyword.WebUiBuiltInKeywords$click$2.call(Unknown Source)
	at Script1561622058769.run(Script1561622058769.groovy:98)
	... 13 more]]></system-err>
      </testcase>
      <testcase name="Test Cases/NewArrival/BOShowOrder" classname="Test Cases/NewArrival/BOShowOrder" status="FAILED">
         <failure type="FAILED" message="Test Cases/NewArrival/BOShowOrder FAILED.
Reason:
com.kms.katalon.core.exception.StepFailedException: Call Test Case 'Test Cases/NewArrival/createAPhysicalShow_IMHostess' failed
	at com.kms.katalon.core.keyword.builtin.CallTestCaseKeyword$_callTestCase_closure1.doCall(CallTestCaseKeyword.groovy:63)
	at com.kms.katalon.core.keyword.builtin.CallTestCaseKeyword$_callTestCase_closure1.call(CallTestCaseKeyword.groovy)
	at com.kms.katalon.core.keyword.internal.KeywordMain.runKeyword(KeywordMain.groovy:66)
	at com.kms.katalon.core.keyword.builtin.CallTestCaseKeyword.callTestCase(CallTestCaseKeyword.groovy:81)
	at com.kms.katalon.core.keyword.builtin.CallTestCaseKeyword.execute(CallTestCaseKeyword.groovy:44)
	at com.kms.katalon.core.keyword.internal.KeywordExecutor.executeKeywordForPlatform(KeywordExecutor.groovy:56)
	at com.kms.katalon.core.keyword.BuiltinKeywords.callTestCase(BuiltinKeywords.groovy:334)
	at BOShowOrder.run(BOShowOrder:24)
	at com.kms.katalon.core.main.ScriptEngine.run(ScriptEngine.java:194)
	at com.kms.katalon.core.main.ScriptEngine.runScriptAsRawText(ScriptEngine.java:119)
	at com.kms.katalon.core.main.TestCaseExecutor.runScript(TestCaseExecutor.java:342)
	at com.kms.katalon.core.main.TestCaseExecutor.doExecute(TestCaseExecutor.java:333)
	at com.kms.katalon.core.main.TestCaseExecutor.processExecutionPhase(TestCaseExecutor.java:312)
	at com.kms.katalon.core.main.TestCaseExecutor.accessMainPhase(TestCaseExecutor.java:304)
	at com.kms.katalon.core.main.TestCaseExecutor.execute(TestCaseExecutor.java:238)
	at com.kms.katalon.core.main.TestSuiteExecutor.accessTestCaseMainPhase(TestSuiteExecutor.java:129)
	at com.kms.katalon.core.main.TestSuiteExecutor.accessTestSuiteMainPhase(TestSuiteExecutor.java:112)
	at com.kms.katalon.core.main.TestSuiteExecutor.execute(TestSuiteExecutor.java:81)
	at com.kms.katalon.core.main.TestCaseMain.startTestSuite(TestCaseMain.java:157)
	at com.kms.katalon.core.main.TestCaseMain$startTestSuite$0.call(Unknown Source)
	at TempTestSuite1561635994222.run(TempTestSuite1561635994222.groovy:35)
Caused by: com.kms.katalon.core.exception.StepFailedException: Unable to click on object 'Object Repository/Page_cabi Create ShowTime_Place/label_Tax Rate Calculated'
	at com.kms.katalon.core.webui.keyword.internal.WebUIKeywordMain.stepFailed(WebUIKeywordMain.groovy:64)
	at com.kms.katalon.core.webui.keyword.internal.WebUIKeywordMain.runKeyword(WebUIKeywordMain.groovy:26)
	at com.kms.katalon.core.webui.keyword.builtin.ClickKeyword.click(ClickKeyword.groovy:86)
	at com.kms.katalon.core.webui.keyword.builtin.ClickKeyword.execute(ClickKeyword.groovy:67)
	at com.kms.katalon.core.keyword.internal.KeywordExecutor.executeKeywordForPlatform(KeywordExecutor.groovy:56)
	at com.kms.katalon.core.webui.keyword.WebUiBuiltInKeywords.click(WebUiBuiltInKeywords.groovy:616)
	at com.kms.katalon.core.webui.keyword.WebUiBuiltInKeywords$click$2.call(Unknown Source)
	at createAPhysicalShow_IMHostess.run(createAPhysicalShow_IMHostess:62)
	at com.kms.katalon.core.main.ScriptEngine.run(ScriptEngine.java:194)
	at com.kms.katalon.core.main.ScriptEngine.runScriptAsRawText(ScriptEngine.java:119)
	at com.kms.katalon.core.main.TestCaseExecutor.runScript(TestCaseExecutor.java:342)
	at com.kms.katalon.core.main.TestCaseExecutor.doExecute(TestCaseExecutor.java:333)
	at com.kms.katalon.core.main.TestCaseExecutor.processExecutionPhase(TestCaseExecutor.java:312)
	at com.kms.katalon.core.main.TestCaseExecutor.accessMainPhase(TestCaseExecutor.java:304)
	at com.kms.katalon.core.main.TestCaseExecutor.execute(TestCaseExecutor.java:238)
	at com.kms.katalon.core.main.TestCaseMain.runTestCase(TestCaseMain.java:114)
	at com.kms.katalon.core.keyword.builtin.CallTestCaseKeyword$_callTestCase_closure1.doCall(CallTestCaseKeyword.groovy:59)
	... 20 more
Caused by: org.openqa.selenium.ElementClickInterceptedException: element click intercepted: Element &lt;label id=&quot;calculatedTaxDetails&quot;>...&lt;/label> is not clickable at point (858, 606). Other element would receive the click: &lt;ul class=&quot;form-list&quot;>...&lt;/ul>
  (Session info: chrome=75.0.3770.100)
  (Driver info: chromedriver=74.0.3729.6 (255758eccf3d244491b8a1317aa76e1ce10d57e9-refs/branch-heads/3729@{#29}),platform=Windows NT 6.3.9600 x86_64) (WARNING: The server did not provide any stacktrace information)
Command duration or timeout: 0 milliseconds
Build info: version: '3.7.1', revision: '8a0099a', time: '2017-11-06T21:07:36.161Z'
System info: host: 'NIVEDITA', ip: '10.0.102.159', os.name: 'Windows 8.1', os.arch: 'amd64', os.version: '6.3', java.version: '1.8.0_181'
Driver info: com.kms.katalon.selenium.driver.CChromeDriver
Capabilities {acceptInsecureCerts: false, acceptSslCerts: false, applicationCacheEnabled: false, browserConnectionEnabled: false, browserName: chrome, chrome: {chromedriverVersion: 74.0.3729.6 (255758eccf3d24..., userDataDir: C:\Users\user\AppData\Local...}, cssSelectorsEnabled: true, databaseEnabled: false, goog:chromeOptions: {debuggerAddress: localhost:55733}, handlesAlerts: true, hasTouchScreen: false, javascriptEnabled: true, locationContextEnabled: true, mobileEmulationEnabled: false, nativeEvents: true, networkConnectionEnabled: false, pageLoadStrategy: normal, platform: XP, platformName: XP, proxy: Proxy(direct), rotatable: false, setWindowRect: true, strictFileInteractability: false, takesHeapSnapshot: true, takesScreenshot: true, timeouts: {implicit: 0, pageLoad: 300000, script: 30000}, unexpectedAlertBehaviour: ignore, unhandledPromptBehavior: ignore, version: 75.0.3770.100, webStorageEnabled: true}
Session ID: 35a402264747c5092bc8a79f79ee00d5
	at org.openqa.selenium.remote.ErrorHandler.createThrowable(ErrorHandler.java:214)
	at org.openqa.selenium.remote.ErrorHandler.throwIfResponseFailed(ErrorHandler.java:166)
	at org.openqa.selenium.remote.http.JsonHttpResponseCodec.reconstructValue(JsonHttpResponseCodec.java:40)
	at org.openqa.selenium.remote.http.AbstractHttpResponseCodec.decode(AbstractHttpResponseCodec.java:80)
	at org.openqa.selenium.remote.http.AbstractHttpResponseCodec.decode(AbstractHttpResponseCodec.java:44)
	at org.openqa.selenium.remote.HttpCommandExecutor.execute(HttpCommandExecutor.java:164)
	at org.openqa.selenium.remote.service.DriverCommandExecutor.execute(DriverCommandExecutor.java:83)
	at org.openqa.selenium.remote.RemoteWebDriver.execute(RemoteWebDriver.java:600)
	at com.kms.katalon.selenium.driver.CChromeDriver.execute(CChromeDriver.java:20)
	at org.openqa.selenium.remote.RemoteWebElement.execute(RemoteWebElement.java:279)
	at org.openqa.selenium.remote.RemoteWebElement.click(RemoteWebElement.java:83)
	at com.kms.katalon.core.webui.keyword.builtin.ClickKeyword$_click_closure1.doCall(ClickKeyword.groovy:79)
	at com.kms.katalon.core.webui.keyword.builtin.ClickKeyword$_click_closure1.call(ClickKeyword.groovy)
	at com.kms.katalon.core.webui.keyword.internal.WebUIKeywordMain.runKeyword(WebUIKeywordMain.groovy:20)
	at com.kms.katalon.core.webui.keyword.builtin.ClickKeyword.click(ClickKeyword.groovy:86)
	at com.kms.katalon.core.webui.keyword.builtin.ClickKeyword.execute(ClickKeyword.groovy:67)
	at com.kms.katalon.core.keyword.internal.KeywordExecutor.executeKeywordForPlatform(KeywordExecutor.groovy:56)
	at com.kms.katalon.core.webui.keyword.WebUiBuiltInKeywords.click(WebUiBuiltInKeywords.groovy:616)
	at com.kms.katalon.core.webui.keyword.WebUiBuiltInKeywords$click$2.call(Unknown Source)
	at Script1557406804628.run(Script1557406804628.groovy:62)
	at com.kms.katalon.core.main.ScriptEngine.run(ScriptEngine.java:194)
	at com.kms.katalon.core.main.ScriptEngine.runScriptAsRawText(ScriptEngine.java:119)
	at com.kms.katalon.core.main.TestCaseExecutor.runScript(TestCaseExecutor.java:342)
	at com.kms.katalon.core.main.TestCaseExecutor.doExecute(TestCaseExecutor.java:333)
	at com.kms.katalon.core.main.TestCaseExecutor.processExecutionPhase(TestCaseExecutor.java:312)
	at com.kms.katalon.core.main.TestCaseExecutor.accessMainPhase(TestCaseExecutor.java:304)
	at com.kms.katalon.core.main.TestCaseExecutor.execute(TestCaseExecutor.java:238)
	at com.kms.katalon.core.main.TestCaseMain.runTestCase(TestCaseMain.java:114)
	at com.kms.katalon.core.keyword.builtin.CallTestCaseKeyword$_callTestCase_closure1.doCall(CallTestCaseKeyword.groovy:59)
	at com.kms.katalon.core.keyword.builtin.CallTestCaseKeyword$_callTestCase_closure1.call(CallTestCaseKeyword.groovy)
	at com.kms.katalon.core.keyword.internal.KeywordMain.runKeyword(KeywordMain.groovy:66)
	at com.kms.katalon.core.keyword.builtin.CallTestCaseKeyword.callTestCase(CallTestCaseKeyword.groovy:81)
	at com.kms.katalon.core.keyword.builtin.CallTestCaseKeyword.execute(CallTestCaseKeyword.groovy:44)
	at com.kms.katalon.core.keyword.internal.KeywordExecutor.executeKeywordForPlatform(KeywordExecutor.groovy:56)
	at com.kms.katalon.core.keyword.BuiltinKeywords.callTestCase(BuiltinKeywords.groovy:334)
	at Script1561622381078.run(Script1561622381078.groovy:24)
	... 13 more
"/>
         <system-out><![CDATA[2019-06-27 17:29:24 - [TEST_CASE][FAILED] - Test Cases/NewArrival/BOShowOrder: Test Cases/NewArrival/BOShowOrder FAILED.
Reason:
com.kms.katalon.core.exception.StepFailedException: Call Test Case 'Test Cases/NewArrival/createAPhysicalShow_IMHostess' failed
	at com.kms.katalon.core.keyword.builtin.CallTestCaseKeyword$_callTestCase_closure1.doCall(CallTestCaseKeyword.groovy:63)
	at com.kms.katalon.core.keyword.builtin.CallTestCaseKeyword$_callTestCase_closure1.call(CallTestCaseKeyword.groovy)
	at com.kms.katalon.core.keyword.internal.KeywordMain.runKeyword(KeywordMain.groovy:66)
	at com.kms.katalon.core.keyword.builtin.CallTestCaseKeyword.callTestCase(CallTestCaseKeyword.groovy:81)
	at com.kms.katalon.core.keyword.builtin.CallTestCaseKeyword.execute(CallTestCaseKeyword.groovy:44)
	at com.kms.katalon.core.keyword.internal.KeywordExecutor.executeKeywordForPlatform(KeywordExecutor.groovy:56)
	at com.kms.katalon.core.keyword.BuiltinKeywords.callTestCase(BuiltinKeywords.groovy:334)
	at BOShowOrder.run(BOShowOrder:24)
	at com.kms.katalon.core.main.ScriptEngine.run(ScriptEngine.java:194)
	at com.kms.katalon.core.main.ScriptEngine.runScriptAsRawText(ScriptEngine.java:119)
	at com.kms.katalon.core.main.TestCaseExecutor.runScript(TestCaseExecutor.java:342)
	at com.kms.katalon.core.main.TestCaseExecutor.doExecute(TestCaseExecutor.java:333)
	at com.kms.katalon.core.main.TestCaseExecutor.processExecutionPhase(TestCaseExecutor.java:312)
	at com.kms.katalon.core.main.TestCaseExecutor.accessMainPhase(TestCaseExecutor.java:304)
	at com.kms.katalon.core.main.TestCaseExecutor.execute(TestCaseExecutor.java:238)
	at com.kms.katalon.core.main.TestSuiteExecutor.accessTestCaseMainPhase(TestSuiteExecutor.java:129)
	at com.kms.katalon.core.main.TestSuiteExecutor.accessTestSuiteMainPhase(TestSuiteExecutor.java:112)
	at com.kms.katalon.core.main.TestSuiteExecutor.execute(TestSuiteExecutor.java:81)
	at com.kms.katalon.core.main.TestCaseMain.startTestSuite(TestCaseMain.java:157)
	at com.kms.katalon.core.main.TestCaseMain$startTestSuite$0.call(Unknown Source)
	at TempTestSuite1561635994222.run(TempTestSuite1561635994222.groovy:35)
Caused by: com.kms.katalon.core.exception.StepFailedException: Unable to click on object 'Object Repository/Page_cabi Create ShowTime_Place/label_Tax Rate Calculated'
	at com.kms.katalon.core.webui.keyword.internal.WebUIKeywordMain.stepFailed(WebUIKeywordMain.groovy:64)
	at com.kms.katalon.core.webui.keyword.internal.WebUIKeywordMain.runKeyword(WebUIKeywordMain.groovy:26)
	at com.kms.katalon.core.webui.keyword.builtin.ClickKeyword.click(ClickKeyword.groovy:86)
	at com.kms.katalon.core.webui.keyword.builtin.ClickKeyword.execute(ClickKeyword.groovy:67)
	at com.kms.katalon.core.keyword.internal.KeywordExecutor.executeKeywordForPlatform(KeywordExecutor.groovy:56)
	at com.kms.katalon.core.webui.keyword.WebUiBuiltInKeywords.click(WebUiBuiltInKeywords.groovy:616)
	at com.kms.katalon.core.webui.keyword.WebUiBuiltInKeywords$click$2.call(Unknown Source)
	at createAPhysicalShow_IMHostess.run(createAPhysicalShow_IMHostess:62)
	at com.kms.katalon.core.main.ScriptEngine.run(ScriptEngine.java:194)
	at com.kms.katalon.core.main.ScriptEngine.runScriptAsRawText(ScriptEngine.java:119)
	at com.kms.katalon.core.main.TestCaseExecutor.runScript(TestCaseExecutor.java:342)
	at com.kms.katalon.core.main.TestCaseExecutor.doExecute(TestCaseExecutor.java:333)
	at com.kms.katalon.core.main.TestCaseExecutor.processExecutionPhase(TestCaseExecutor.java:312)
	at com.kms.katalon.core.main.TestCaseExecutor.accessMainPhase(TestCaseExecutor.java:304)
	at com.kms.katalon.core.main.TestCaseExecutor.execute(TestCaseExecutor.java:238)
	at com.kms.katalon.core.main.TestCaseMain.runTestCase(TestCaseMain.java:114)
	at com.kms.katalon.core.keyword.builtin.CallTestCaseKeyword$_callTestCase_closure1.doCall(CallTestCaseKeyword.groovy:59)
	... 20 more
Caused by: org.openqa.selenium.ElementClickInterceptedException: element click intercepted: Element <label id="calculatedTaxDetails">...</label> is not clickable at point (858, 606). Other element would receive the click: <ul class="form-list">...</ul>
  (Session info: chrome=75.0.3770.100)
  (Driver info: chromedriver=74.0.3729.6 (255758eccf3d244491b8a1317aa76e1ce10d57e9-refs/branch-heads/3729@{#29}),platform=Windows NT 6.3.9600 x86_64) (WARNING: The server did not provide any stacktrace information)
Command duration or timeout: 0 milliseconds
Build info: version: '3.7.1', revision: '8a0099a', time: '2017-11-06T21:07:36.161Z'
System info: host: 'NIVEDITA', ip: '10.0.102.159', os.name: 'Windows 8.1', os.arch: 'amd64', os.version: '6.3', java.version: '1.8.0_181'
Driver info: com.kms.katalon.selenium.driver.CChromeDriver
Capabilities {acceptInsecureCerts: false, acceptSslCerts: false, applicationCacheEnabled: false, browserConnectionEnabled: false, browserName: chrome, chrome: {chromedriverVersion: 74.0.3729.6 (255758eccf3d24..., userDataDir: C:\Users\user\AppData\Local...}, cssSelectorsEnabled: true, databaseEnabled: false, goog:chromeOptions: {debuggerAddress: localhost:55733}, handlesAlerts: true, hasTouchScreen: false, javascriptEnabled: true, locationContextEnabled: true, mobileEmulationEnabled: false, nativeEvents: true, networkConnectionEnabled: false, pageLoadStrategy: normal, platform: XP, platformName: XP, proxy: Proxy(direct), rotatable: false, setWindowRect: true, strictFileInteractability: false, takesHeapSnapshot: true, takesScreenshot: true, timeouts: {implicit: 0, pageLoad: 300000, script: 30000}, unexpectedAlertBehaviour: ignore, unhandledPromptBehavior: ignore, version: 75.0.3770.100, webStorageEnabled: true}
Session ID: 35a402264747c5092bc8a79f79ee00d5
	at org.openqa.selenium.remote.ErrorHandler.createThrowable(ErrorHandler.java:214)
	at org.openqa.selenium.remote.ErrorHandler.throwIfResponseFailed(ErrorHandler.java:166)
	at org.openqa.selenium.remote.http.JsonHttpResponseCodec.reconstructValue(JsonHttpResponseCodec.java:40)
	at org.openqa.selenium.remote.http.AbstractHttpResponseCodec.decode(AbstractHttpResponseCodec.java:80)
	at org.openqa.selenium.remote.http.AbstractHttpResponseCodec.decode(AbstractHttpResponseCodec.java:44)
	at org.openqa.selenium.remote.HttpCommandExecutor.execute(HttpCommandExecutor.java:164)
	at org.openqa.selenium.remote.service.DriverCommandExecutor.execute(DriverCommandExecutor.java:83)
	at org.openqa.selenium.remote.RemoteWebDriver.execute(RemoteWebDriver.java:600)
	at com.kms.katalon.selenium.driver.CChromeDriver.execute(CChromeDriver.java:20)
	at org.openqa.selenium.remote.RemoteWebElement.execute(RemoteWebElement.java:279)
	at org.openqa.selenium.remote.RemoteWebElement.click(RemoteWebElement.java:83)
	at com.kms.katalon.core.webui.keyword.builtin.ClickKeyword$_click_closure1.doCall(ClickKeyword.groovy:79)
	at com.kms.katalon.core.webui.keyword.builtin.ClickKeyword$_click_closure1.call(ClickKeyword.groovy)
	at com.kms.katalon.core.webui.keyword.internal.WebUIKeywordMain.runKeyword(WebUIKeywordMain.groovy:20)
	at com.kms.katalon.core.webui.keyword.builtin.ClickKeyword.click(ClickKeyword.groovy:86)
	at com.kms.katalon.core.webui.keyword.builtin.ClickKeyword.execute(ClickKeyword.groovy:67)
	at com.kms.katalon.core.keyword.internal.KeywordExecutor.executeKeywordForPlatform(KeywordExecutor.groovy:56)
	at com.kms.katalon.core.webui.keyword.WebUiBuiltInKeywords.click(WebUiBuiltInKeywords.groovy:616)
	at com.kms.katalon.core.webui.keyword.WebUiBuiltInKeywords$click$2.call(Unknown Source)
	at Script1557406804628.run(Script1557406804628.groovy:62)
	at com.kms.katalon.core.main.ScriptEngine.run(ScriptEngine.java:194)
	at com.kms.katalon.core.main.ScriptEngine.runScriptAsRawText(ScriptEngine.java:119)
	at com.kms.katalon.core.main.TestCaseExecutor.runScript(TestCaseExecutor.java:342)
	at com.kms.katalon.core.main.TestCaseExecutor.doExecute(TestCaseExecutor.java:333)
	at com.kms.katalon.core.main.TestCaseExecutor.processExecutionPhase(TestCaseExecutor.java:312)
	at com.kms.katalon.core.main.TestCaseExecutor.accessMainPhase(TestCaseExecutor.java:304)
	at com.kms.katalon.core.main.TestCaseExecutor.execute(TestCaseExecutor.java:238)
	at com.kms.katalon.core.main.TestCaseMain.runTestCase(TestCaseMain.java:114)
	at com.kms.katalon.core.keyword.builtin.CallTestCaseKeyword$_callTestCase_closure1.doCall(CallTestCaseKeyword.groovy:59)
	at com.kms.katalon.core.keyword.builtin.CallTestCaseKeyword$_callTestCase_closure1.call(CallTestCaseKeyword.groovy)
	at com.kms.katalon.core.keyword.internal.KeywordMain.runKeyword(KeywordMain.groovy:66)
	at com.kms.katalon.core.keyword.builtin.CallTestCaseKeyword.callTestCase(CallTestCaseKeyword.groovy:81)
	at com.kms.katalon.core.keyword.builtin.CallTestCaseKeyword.execute(CallTestCaseKeyword.groovy:44)
	at com.kms.katalon.core.keyword.internal.KeywordExecutor.executeKeywordForPlatform(KeywordExecutor.groovy:56)
	at com.kms.katalon.core.keyword.BuiltinKeywords.callTestCase(BuiltinKeywords.groovy:334)
	at Script1561622381078.run(Script1561622381078.groovy:24)
	... 13 more


2019-06-27 17:29:24 - [TEST_STEP][PASSED] - Start listener action : sampleBeforeTestCase: null

2019-06-27 17:29:24 - [TEST_STEP][PASSED] - println(testCaseContext.getTestCaseId()): null

2019-06-27 17:29:24 - [TEST_STEP][PASSED] - println(testCaseContext.getTestCaseVariables()): null

2019-06-27 17:29:24 - [TEST_STEP][PASSED] - openBrowser(""): Browser is opened with url: ''

2019-06-27 17:29:24 - [MESSAGE][WARNING] - A browser is already opened. Closing browser and opening a new one

2019-06-27 17:29:25 - [MESSAGE][INFO] - Starting 'Chrome' driver

2019-06-27 17:29:25 - [MESSAGE][INFO] - User set preference: ['args', '[--use-fake-ui-for-media-stream, --start-maximized]']

2019-06-27 17:29:27 - [MESSAGE][PASSED] - Browser is opened with url: ''

2019-06-27 17:29:27 - [TEST_STEP][FAILED] - for ([timeRow = 1, timeRow <= findTestData("timezoneData").getRowNumbers(), (timeRow++)]): for ([timeRow = 1, timeRow <= findTestData("timezoneData").getRowNumbers(), (timeRow++)]) FAILED.
Reason:
com.kms.katalon.core.exception.StepFailedException: Call Test Case 'Test Cases/NewArrival/createAPhysicalShow_IMHostess' failed
	at com.kms.katalon.core.keyword.builtin.CallTestCaseKeyword$_callTestCase_closure1.doCall(CallTestCaseKeyword.groovy:63)
	at com.kms.katalon.core.keyword.builtin.CallTestCaseKeyword$_callTestCase_closure1.call(CallTestCaseKeyword.groovy)
	at com.kms.katalon.core.keyword.internal.KeywordMain.runKeyword(KeywordMain.groovy:66)
	at com.kms.katalon.core.keyword.builtin.CallTestCaseKeyword.callTestCase(CallTestCaseKeyword.groovy:81)
	at com.kms.katalon.core.keyword.builtin.CallTestCaseKeyword.execute(CallTestCaseKeyword.groovy:44)
	at com.kms.katalon.core.keyword.internal.KeywordExecutor.executeKeywordForPlatform(KeywordExecutor.groovy:56)
	at com.kms.katalon.core.keyword.BuiltinKeywords.callTestCase(BuiltinKeywords.groovy:334)
	at BOShowOrder.run(BOShowOrder:24)
	at com.kms.katalon.core.main.ScriptEngine.run(ScriptEngine.java:194)
	at com.kms.katalon.core.main.ScriptEngine.runScriptAsRawText(ScriptEngine.java:119)
	at com.kms.katalon.core.main.TestCaseExecutor.runScript(TestCaseExecutor.java:342)
	at com.kms.katalon.core.main.TestCaseExecutor.doExecute(TestCaseExecutor.java:333)
	at com.kms.katalon.core.main.TestCaseExecutor.processExecutionPhase(TestCaseExecutor.java:312)
	at com.kms.katalon.core.main.TestCaseExecutor.accessMainPhase(TestCaseExecutor.java:304)
	at com.kms.katalon.core.main.TestCaseExecutor.execute(TestCaseExecutor.java:238)
	at com.kms.katalon.core.main.TestSuiteExecutor.accessTestCaseMainPhase(TestSuiteExecutor.java:129)
	at com.kms.katalon.core.main.TestSuiteExecutor.accessTestSuiteMainPhase(TestSuiteExecutor.java:112)
	at com.kms.katalon.core.main.TestSuiteExecutor.execute(TestSuiteExecutor.java:81)
	at com.kms.katalon.core.main.TestCaseMain.startTestSuite(TestCaseMain.java:157)
	at com.kms.katalon.core.main.TestCaseMain$startTestSuite$0.call(Unknown Source)
	at TempTestSuite1561635994222.run(TempTestSuite1561635994222.groovy:35)
Caused by: com.kms.katalon.core.exception.StepFailedException: Unable to click on object 'Object Repository/Page_cabi Create ShowTime_Place/label_Tax Rate Calculated'
	at com.kms.katalon.core.webui.keyword.internal.WebUIKeywordMain.stepFailed(WebUIKeywordMain.groovy:64)
	at com.kms.katalon.core.webui.keyword.internal.WebUIKeywordMain.runKeyword(WebUIKeywordMain.groovy:26)
	at com.kms.katalon.core.webui.keyword.builtin.ClickKeyword.click(ClickKeyword.groovy:86)
	at com.kms.katalon.core.webui.keyword.builtin.ClickKeyword.execute(ClickKeyword.groovy:67)
	at com.kms.katalon.core.keyword.internal.KeywordExecutor.executeKeywordForPlatform(KeywordExecutor.groovy:56)
	at com.kms.katalon.core.webui.keyword.WebUiBuiltInKeywords.click(WebUiBuiltInKeywords.groovy:616)
	at com.kms.katalon.core.webui.keyword.WebUiBuiltInKeywords$click$2.call(Unknown Source)
	at createAPhysicalShow_IMHostess.run(createAPhysicalShow_IMHostess:62)
	at com.kms.katalon.core.main.ScriptEngine.run(ScriptEngine.java:194)
	at com.kms.katalon.core.main.ScriptEngine.runScriptAsRawText(ScriptEngine.java:119)
	at com.kms.katalon.core.main.TestCaseExecutor.runScript(TestCaseExecutor.java:342)
	at com.kms.katalon.core.main.TestCaseExecutor.doExecute(TestCaseExecutor.java:333)
	at com.kms.katalon.core.main.TestCaseExecutor.processExecutionPhase(TestCaseExecutor.java:312)
	at com.kms.katalon.core.main.TestCaseExecutor.accessMainPhase(TestCaseExecutor.java:304)
	at com.kms.katalon.core.main.TestCaseExecutor.execute(TestCaseExecutor.java:238)
	at com.kms.katalon.core.main.TestCaseMain.runTestCase(TestCaseMain.java:114)
	at com.kms.katalon.core.keyword.builtin.CallTestCaseKeyword$_callTestCase_closure1.doCall(CallTestCaseKeyword.groovy:59)
	... 20 more
Caused by: org.openqa.selenium.ElementClickInterceptedException: element click intercepted: Element <label id="calculatedTaxDetails">...</label> is not clickable at point (858, 606). Other element would receive the click: <ul class="form-list">...</ul>
  (Session info: chrome=75.0.3770.100)
  (Driver info: chromedriver=74.0.3729.6 (255758eccf3d244491b8a1317aa76e1ce10d57e9-refs/branch-heads/3729@{#29}),platform=Windows NT 6.3.9600 x86_64) (WARNING: The server did not provide any stacktrace information)
Command duration or timeout: 0 milliseconds
Build info: version: '3.7.1', revision: '8a0099a', time: '2017-11-06T21:07:36.161Z'
System info: host: 'NIVEDITA', ip: '10.0.102.159', os.name: 'Windows 8.1', os.arch: 'amd64', os.version: '6.3', java.version: '1.8.0_181'
Driver info: com.kms.katalon.selenium.driver.CChromeDriver
Capabilities {acceptInsecureCerts: false, acceptSslCerts: false, applicationCacheEnabled: false, browserConnectionEnabled: false, browserName: chrome, chrome: {chromedriverVersion: 74.0.3729.6 (255758eccf3d24..., userDataDir: C:\Users\user\AppData\Local...}, cssSelectorsEnabled: true, databaseEnabled: false, goog:chromeOptions: {debuggerAddress: localhost:55733}, handlesAlerts: true, hasTouchScreen: false, javascriptEnabled: true, locationContextEnabled: true, mobileEmulationEnabled: false, nativeEvents: true, networkConnectionEnabled: false, pageLoadStrategy: normal, platform: XP, platformName: XP, proxy: Proxy(direct), rotatable: false, setWindowRect: true, strictFileInteractability: false, takesHeapSnapshot: true, takesScreenshot: true, timeouts: {implicit: 0, pageLoad: 300000, script: 30000}, unexpectedAlertBehaviour: ignore, unhandledPromptBehavior: ignore, version: 75.0.3770.100, webStorageEnabled: true}
Session ID: 35a402264747c5092bc8a79f79ee00d5
	at org.openqa.selenium.remote.ErrorHandler.createThrowable(ErrorHandler.java:214)
	at org.openqa.selenium.remote.ErrorHandler.throwIfResponseFailed(ErrorHandler.java:166)
	at org.openqa.selenium.remote.http.JsonHttpResponseCodec.reconstructValue(JsonHttpResponseCodec.java:40)
	at org.openqa.selenium.remote.http.AbstractHttpResponseCodec.decode(AbstractHttpResponseCodec.java:80)
	at org.openqa.selenium.remote.http.AbstractHttpResponseCodec.decode(AbstractHttpResponseCodec.java:44)
	at org.openqa.selenium.remote.HttpCommandExecutor.execute(HttpCommandExecutor.java:164)
	at org.openqa.selenium.remote.service.DriverCommandExecutor.execute(DriverCommandExecutor.java:83)
	at org.openqa.selenium.remote.RemoteWebDriver.execute(RemoteWebDriver.java:600)
	at com.kms.katalon.selenium.driver.CChromeDriver.execute(CChromeDriver.java:20)
	at org.openqa.selenium.remote.RemoteWebElement.execute(RemoteWebElement.java:279)
	at org.openqa.selenium.remote.RemoteWebElement.click(RemoteWebElement.java:83)
	at com.kms.katalon.core.webui.keyword.builtin.ClickKeyword$_click_closure1.doCall(ClickKeyword.groovy:79)
	at com.kms.katalon.core.webui.keyword.builtin.ClickKeyword$_click_closure1.call(ClickKeyword.groovy)
	at com.kms.katalon.core.webui.keyword.internal.WebUIKeywordMain.runKeyword(WebUIKeywordMain.groovy:20)
	at com.kms.katalon.core.webui.keyword.builtin.ClickKeyword.click(ClickKeyword.groovy:86)
	at com.kms.katalon.core.webui.keyword.builtin.ClickKeyword.execute(ClickKeyword.groovy:67)
	at com.kms.katalon.core.keyword.internal.KeywordExecutor.executeKeywordForPlatform(KeywordExecutor.groovy:56)
	at com.kms.katalon.core.webui.keyword.WebUiBuiltInKeywords.click(WebUiBuiltInKeywords.groovy:616)
	at com.kms.katalon.core.webui.keyword.WebUiBuiltInKeywords$click$2.call(Unknown Source)
	at Script1557406804628.run(Script1557406804628.groovy:62)
	at com.kms.katalon.core.main.ScriptEngine.run(ScriptEngine.java:194)
	at com.kms.katalon.core.main.ScriptEngine.runScriptAsRawText(ScriptEngine.java:119)
	at com.kms.katalon.core.main.TestCaseExecutor.runScript(TestCaseExecutor.java:342)
	at com.kms.katalon.core.main.TestCaseExecutor.doExecute(TestCaseExecutor.java:333)
	at com.kms.katalon.core.main.TestCaseExecutor.processExecutionPhase(TestCaseExecutor.java:312)
	at com.kms.katalon.core.main.TestCaseExecutor.accessMainPhase(TestCaseExecutor.java:304)
	at com.kms.katalon.core.main.TestCaseExecutor.execute(TestCaseExecutor.java:238)
	at com.kms.katalon.core.main.TestCaseMain.runTestCase(TestCaseMain.java:114)
	at com.kms.katalon.core.keyword.builtin.CallTestCaseKeyword$_callTestCase_closure1.doCall(CallTestCaseKeyword.groovy:59)
	at com.kms.katalon.core.keyword.builtin.CallTestCaseKeyword$_callTestCase_closure1.call(CallTestCaseKeyword.groovy)
	at com.kms.katalon.core.keyword.internal.KeywordMain.runKeyword(KeywordMain.groovy:66)
	at com.kms.katalon.core.keyword.builtin.CallTestCaseKeyword.callTestCase(CallTestCaseKeyword.groovy:81)
	at com.kms.katalon.core.keyword.builtin.CallTestCaseKeyword.execute(CallTestCaseKeyword.groovy:44)
	at com.kms.katalon.core.keyword.internal.KeywordExecutor.executeKeywordForPlatform(KeywordExecutor.groovy:56)
	at com.kms.katalon.core.keyword.BuiltinKeywords.callTestCase(BuiltinKeywords.groovy:334)
	at Script1561622381078.run(Script1561622381078.groovy:24)
	... 13 more


2019-06-27 17:29:27 - [TEST_STEP][PASSED] - callTestCase(findTestCase("NewArrival/populateTimeGlobalVars"), ["row":timeRow], STOP_ON_FAILURE): Call Test Case 'Test Cases/NewArrival/populateTimeGlobalVars' successfully

2019-06-27 17:29:27 - [TEST_CASE][PASSED] - Test Cases/NewArrival/populateTimeGlobalVars: Test Cases/NewArrival/populateTimeGlobalVars

2019-06-27 17:29:27 - [TEST_STEP][PASSED] - dataFile = "timezoneData": null

2019-06-27 17:29:27 - [TEST_STEP][PASSED] - serverTarget = UtilityMethods.getTestData(dataFile, "serverTarget", row): null

2019-06-27 17:29:27 - [TEST_STEP][PASSED] - orderType = UtilityMethods.getTestData(dataFile, "orderType", row): null

2019-06-27 17:29:27 - [TEST_STEP][PASSED] - timeZone = UtilityMethods.getTestData(dataFile, "timeZone", row): null

2019-06-27 17:29:27 - [TEST_STEP][PASSED] - BOPersonal = UtilityMethods.getTestData(dataFile, "BOPersonal", row): null

2019-06-27 17:29:28 - [TEST_STEP][PASSED] - BOAddonPersonal = UtilityMethods.getTestData(dataFile, "BOAddonPersonal", row): null

2019-06-27 17:29:28 - [TEST_STEP][PASSED] - BOAddonRetail = UtilityMethods.getTestData(dataFile, "BOAddonRetail", row): null

2019-06-27 17:29:28 - [TEST_STEP][PASSED] - BORetail = UtilityMethods.getTestData(dataFile, "BORetail", row): null

2019-06-27 17:29:28 - [TEST_STEP][PASSED] - BOShow = UtilityMethods.getTestData(dataFile, "BOShow", row): null

2019-06-27 17:29:28 - [TEST_STEP][PASSED] - BOOnlineoutlet = UtilityMethods.getTestData(dataFile, "BOOnlineoutlet", row): null

2019-06-27 17:29:28 - [TEST_STEP][PASSED] - BOEmployee = UtilityMethods.getTestData(dataFile, "BOEmployee", row): null

2019-06-27 17:29:28 - [TEST_STEP][PASSED] - CCPersonal = UtilityMethods.getTestData(dataFile, "CCPersonal", row): null

2019-06-27 17:29:28 - [TEST_STEP][PASSED] - CCRetail = UtilityMethods.getTestData(dataFile, "CCRetail", row): null

2019-06-27 17:29:28 - [TEST_STEP][PASSED] - CCShow = UtilityMethods.getTestData(dataFile, "CCShow", row): null

2019-06-27 17:29:28 - [TEST_STEP][PASSED] - BOEblast = UtilityMethods.getTestData(dataFile, "BOEblast", row): null

2019-06-27 17:29:28 - [MESSAGE][PASSED] - Call Test Case 'Test Cases/NewArrival/populateTimeGlobalVars' successfully

2019-06-27 17:29:28 - [TEST_STEP][PASSED] - callTestCase(findTestCase("NewArrival/setTimezone"), ["ofbizURL":"", "ofbizuser":"", "ofbizpass":"", "orderType":orderType, "timeZone":timeZone, "serverTarget":serverTarget], STOP_ON_FAILURE): Call Test Case 'Test Cases/NewArrival/setTimezone' successfully

2019-06-27 17:29:28 - [TEST_CASE][PASSED] - Test Cases/NewArrival/setTimezone: Test Cases/NewArrival/setTimezone

2019-06-27 17:29:28 - [TEST_STEP][NOT_RUN] - openBrowser(""): NOT_RUN: openBrowser("")

2019-06-27 17:29:28 - [MESSAGE][NOT_RUN] - NOT_RUN: openBrowser("")

2019-06-27 17:29:28 - [TEST_STEP][NOT_RUN] - maximizeWindow(): NOT_RUN: maximizeWindow()

2019-06-27 17:29:28 - [MESSAGE][NOT_RUN] - NOT_RUN: maximizeWindow()

2019-06-27 17:29:28 - [TEST_STEP][PASSED] - ofbizURL = findTestData("credData").getValue("ofbizURL", 1): null

2019-06-27 17:29:28 - [TEST_STEP][PASSED] - ofbizuser = findTestData("credData").getValue("ofbizuser", 1): null

2019-06-27 17:29:28 - [TEST_STEP][PASSED] - ofbizpass = findTestData("credData").getValue("ofbizpass", 1): null

2019-06-27 17:29:28 - [TEST_STEP][PASSED] - navigateToUrl(ofbizURL): Navigate to 'https://pushofbiz.cliotest.com/login.php' successfully

2019-06-27 17:29:30 - [MESSAGE][PASSED] - Navigate to 'https://pushofbiz.cliotest.com/login.php' successfully

2019-06-27 17:29:30 - [TEST_STEP][PASSED] - setText(findTestObject("Page_/input_Username_username"), ofbizuser): Text 'automation' is set on object 'Object Repository/Page_/input_Username_username'

2019-06-27 17:29:30 - [MESSAGE][PASSED] - Text 'automation' is set on object 'Object Repository/Page_/input_Username_username'

2019-06-27 17:29:30 - [TEST_STEP][PASSED] - setText(findTestObject("Page_/input_Password_password"), ofbizpass): Text 'cabiautomation' is set on object 'Object Repository/Page_/input_Password_password'

2019-06-27 17:29:30 - [MESSAGE][PASSED] - Text 'cabiautomation' is set on object 'Object Repository/Page_/input_Password_password'

2019-06-27 17:29:30 - [TEST_STEP][PASSED] - click(findTestObject("Page_/input_Password_Submit")): Object: 'Object Repository/Page_/input_Password_Submit' is clicked on

2019-06-27 17:29:34 - [MESSAGE][PASSED] - Object: 'Object Repository/Page_/input_Password_Submit' is clicked on

2019-06-27 17:29:34 - [TEST_STEP][PASSED] - click(findTestObject("Object Repository/Page_/a_Clock set")): Object: 'Object Repository/Page_/a_Clock set' is clicked on

2019-06-27 17:29:35 - [MESSAGE][PASSED] - Object: 'Object Repository/Page_/a_Clock set' is clicked on

2019-06-27 17:29:35 - [TEST_STEP][PASSED] - click(UtilityMethods.createTestObject("select_target", "//select[@name='Target']/option[contains(text(), '", serverTarget, "')]")): Object: 'select_target' is clicked on

2019-06-27 17:29:35 - [MESSAGE][PASSED] - Object: 'select_target' is clicked on

2019-06-27 17:29:35 - [TEST_STEP][PASSED] - click(findTestObject("Page_/thisDateAndTime")): Object: 'Object Repository/Page_/thisDateAndTime' is clicked on

2019-06-27 17:29:35 - [MESSAGE][PASSED] - Object: 'Object Repository/Page_/thisDateAndTime' is clicked on

2019-06-27 17:29:35 - [TEST_STEP][PASSED] - setText(findTestObject("Object Repository/Page_/setTargetTime"), timeZone): Text ' 04/17/2019 7:00' is set on object 'Object Repository/Page_/setTargetTime'

2019-06-27 17:29:35 - [MESSAGE][PASSED] - Text ' 04/17/2019 7:00' is set on object 'Object Repository/Page_/setTargetTime'

2019-06-27 17:29:35 - [TEST_STEP][PASSED] - click(findTestObject("Object Repository/Page_/input")): Object: 'Object Repository/Page_/input' is clicked on

2019-06-27 17:29:36 - [MESSAGE][PASSED] - Object: 'Object Repository/Page_/input' is clicked on

2019-06-27 17:29:36 - [TEST_STEP][PASSED] - delay(10): Delayed 10 second(s)

2019-06-27 17:29:46 - [MESSAGE][PASSED] - Delayed 10 second(s)

2019-06-27 17:29:46 - [TEST_STEP][NOT_RUN] - closeBrowser(): NOT_RUN: closeBrowser()

2019-06-27 17:29:46 - [MESSAGE][NOT_RUN] - NOT_RUN: closeBrowser()

2019-06-27 17:29:46 - [MESSAGE][PASSED] - Call Test Case 'Test Cases/NewArrival/setTimezone' successfully

2019-06-27 17:29:46 - [TEST_STEP][FAILED] - callTestCase(findTestCase("NewArrival/createAPhysicalShow_IMHostess"), ["BOURL":"", "BOuser":"", "BOpass":""], STOP_ON_FAILURE): for ([timeRow = 1, timeRow <= findTestData("timezoneData").getRowNumbers(), (timeRow++)]) FAILED.
Reason:
com.kms.katalon.core.exception.StepFailedException: Call Test Case 'Test Cases/NewArrival/createAPhysicalShow_IMHostess' failed
	at com.kms.katalon.core.keyword.builtin.CallTestCaseKeyword$_callTestCase_closure1.doCall(CallTestCaseKeyword.groovy:63)
	at com.kms.katalon.core.keyword.builtin.CallTestCaseKeyword$_callTestCase_closure1.call(CallTestCaseKeyword.groovy)
	at com.kms.katalon.core.keyword.internal.KeywordMain.runKeyword(KeywordMain.groovy:66)
	at com.kms.katalon.core.keyword.builtin.CallTestCaseKeyword.callTestCase(CallTestCaseKeyword.groovy:81)
	at com.kms.katalon.core.keyword.builtin.CallTestCaseKeyword.execute(CallTestCaseKeyword.groovy:44)
	at com.kms.katalon.core.keyword.internal.KeywordExecutor.executeKeywordForPlatform(KeywordExecutor.groovy:56)
	at com.kms.katalon.core.keyword.BuiltinKeywords.callTestCase(BuiltinKeywords.groovy:334)
	at BOShowOrder.run(BOShowOrder:24)
	at com.kms.katalon.core.main.ScriptEngine.run(ScriptEngine.java:194)
	at com.kms.katalon.core.main.ScriptEngine.runScriptAsRawText(ScriptEngine.java:119)
	at com.kms.katalon.core.main.TestCaseExecutor.runScript(TestCaseExecutor.java:342)
	at com.kms.katalon.core.main.TestCaseExecutor.doExecute(TestCaseExecutor.java:333)
	at com.kms.katalon.core.main.TestCaseExecutor.processExecutionPhase(TestCaseExecutor.java:312)
	at com.kms.katalon.core.main.TestCaseExecutor.accessMainPhase(TestCaseExecutor.java:304)
	at com.kms.katalon.core.main.TestCaseExecutor.execute(TestCaseExecutor.java:238)
	at com.kms.katalon.core.main.TestSuiteExecutor.accessTestCaseMainPhase(TestSuiteExecutor.java:129)
	at com.kms.katalon.core.main.TestSuiteExecutor.accessTestSuiteMainPhase(TestSuiteExecutor.java:112)
	at com.kms.katalon.core.main.TestSuiteExecutor.execute(TestSuiteExecutor.java:81)
	at com.kms.katalon.core.main.TestCaseMain.startTestSuite(TestCaseMain.java:157)
	at com.kms.katalon.core.main.TestCaseMain$startTestSuite$0.call(Unknown Source)
	at TempTestSuite1561635994222.run(TempTestSuite1561635994222.groovy:35)
Caused by: com.kms.katalon.core.exception.StepFailedException: Unable to click on object 'Object Repository/Page_cabi Create ShowTime_Place/label_Tax Rate Calculated'
	at com.kms.katalon.core.webui.keyword.internal.WebUIKeywordMain.stepFailed(WebUIKeywordMain.groovy:64)
	at com.kms.katalon.core.webui.keyword.internal.WebUIKeywordMain.runKeyword(WebUIKeywordMain.groovy:26)
	at com.kms.katalon.core.webui.keyword.builtin.ClickKeyword.click(ClickKeyword.groovy:86)
	at com.kms.katalon.core.webui.keyword.builtin.ClickKeyword.execute(ClickKeyword.groovy:67)
	at com.kms.katalon.core.keyword.internal.KeywordExecutor.executeKeywordForPlatform(KeywordExecutor.groovy:56)
	at com.kms.katalon.core.webui.keyword.WebUiBuiltInKeywords.click(WebUiBuiltInKeywords.groovy:616)
	at com.kms.katalon.core.webui.keyword.WebUiBuiltInKeywords$click$2.call(Unknown Source)
	at createAPhysicalShow_IMHostess.run(createAPhysicalShow_IMHostess:62)
	at com.kms.katalon.core.main.ScriptEngine.run(ScriptEngine.java:194)
	at com.kms.katalon.core.main.ScriptEngine.runScriptAsRawText(ScriptEngine.java:119)
	at com.kms.katalon.core.main.TestCaseExecutor.runScript(TestCaseExecutor.java:342)
	at com.kms.katalon.core.main.TestCaseExecutor.doExecute(TestCaseExecutor.java:333)
	at com.kms.katalon.core.main.TestCaseExecutor.processExecutionPhase(TestCaseExecutor.java:312)
	at com.kms.katalon.core.main.TestCaseExecutor.accessMainPhase(TestCaseExecutor.java:304)
	at com.kms.katalon.core.main.TestCaseExecutor.execute(TestCaseExecutor.java:238)
	at com.kms.katalon.core.main.TestCaseMain.runTestCase(TestCaseMain.java:114)
	at com.kms.katalon.core.keyword.builtin.CallTestCaseKeyword$_callTestCase_closure1.doCall(CallTestCaseKeyword.groovy:59)
	... 20 more
Caused by: org.openqa.selenium.ElementClickInterceptedException: element click intercepted: Element <label id="calculatedTaxDetails">...</label> is not clickable at point (858, 606). Other element would receive the click: <ul class="form-list">...</ul>
  (Session info: chrome=75.0.3770.100)
  (Driver info: chromedriver=74.0.3729.6 (255758eccf3d244491b8a1317aa76e1ce10d57e9-refs/branch-heads/3729@{#29}),platform=Windows NT 6.3.9600 x86_64) (WARNING: The server did not provide any stacktrace information)
Command duration or timeout: 0 milliseconds
Build info: version: '3.7.1', revision: '8a0099a', time: '2017-11-06T21:07:36.161Z'
System info: host: 'NIVEDITA', ip: '10.0.102.159', os.name: 'Windows 8.1', os.arch: 'amd64', os.version: '6.3', java.version: '1.8.0_181'
Driver info: com.kms.katalon.selenium.driver.CChromeDriver
Capabilities {acceptInsecureCerts: false, acceptSslCerts: false, applicationCacheEnabled: false, browserConnectionEnabled: false, browserName: chrome, chrome: {chromedriverVersion: 74.0.3729.6 (255758eccf3d24..., userDataDir: C:\Users\user\AppData\Local...}, cssSelectorsEnabled: true, databaseEnabled: false, goog:chromeOptions: {debuggerAddress: localhost:55733}, handlesAlerts: true, hasTouchScreen: false, javascriptEnabled: true, locationContextEnabled: true, mobileEmulationEnabled: false, nativeEvents: true, networkConnectionEnabled: false, pageLoadStrategy: normal, platform: XP, platformName: XP, proxy: Proxy(direct), rotatable: false, setWindowRect: true, strictFileInteractability: false, takesHeapSnapshot: true, takesScreenshot: true, timeouts: {implicit: 0, pageLoad: 300000, script: 30000}, unexpectedAlertBehaviour: ignore, unhandledPromptBehavior: ignore, version: 75.0.3770.100, webStorageEnabled: true}
Session ID: 35a402264747c5092bc8a79f79ee00d5
	at org.openqa.selenium.remote.ErrorHandler.createThrowable(ErrorHandler.java:214)
	at org.openqa.selenium.remote.ErrorHandler.throwIfResponseFailed(ErrorHandler.java:166)
	at org.openqa.selenium.remote.http.JsonHttpResponseCodec.reconstructValue(JsonHttpResponseCodec.java:40)
	at org.openqa.selenium.remote.http.AbstractHttpResponseCodec.decode(AbstractHttpResponseCodec.java:80)
	at org.openqa.selenium.remote.http.AbstractHttpResponseCodec.decode(AbstractHttpResponseCodec.java:44)
	at org.openqa.selenium.remote.HttpCommandExecutor.execute(HttpCommandExecutor.java:164)
	at org.openqa.selenium.remote.service.DriverCommandExecutor.execute(DriverCommandExecutor.java:83)
	at org.openqa.selenium.remote.RemoteWebDriver.execute(RemoteWebDriver.java:600)
	at com.kms.katalon.selenium.driver.CChromeDriver.execute(CChromeDriver.java:20)
	at org.openqa.selenium.remote.RemoteWebElement.execute(RemoteWebElement.java:279)
	at org.openqa.selenium.remote.RemoteWebElement.click(RemoteWebElement.java:83)
	at com.kms.katalon.core.webui.keyword.builtin.ClickKeyword$_click_closure1.doCall(ClickKeyword.groovy:79)
	at com.kms.katalon.core.webui.keyword.builtin.ClickKeyword$_click_closure1.call(ClickKeyword.groovy)
	at com.kms.katalon.core.webui.keyword.internal.WebUIKeywordMain.runKeyword(WebUIKeywordMain.groovy:20)
	at com.kms.katalon.core.webui.keyword.builtin.ClickKeyword.click(ClickKeyword.groovy:86)
	at com.kms.katalon.core.webui.keyword.builtin.ClickKeyword.execute(ClickKeyword.groovy:67)
	at com.kms.katalon.core.keyword.internal.KeywordExecutor.executeKeywordForPlatform(KeywordExecutor.groovy:56)
	at com.kms.katalon.core.webui.keyword.WebUiBuiltInKeywords.click(WebUiBuiltInKeywords.groovy:616)
	at com.kms.katalon.core.webui.keyword.WebUiBuiltInKeywords$click$2.call(Unknown Source)
	at Script1557406804628.run(Script1557406804628.groovy:62)
	at com.kms.katalon.core.main.ScriptEngine.run(ScriptEngine.java:194)
	at com.kms.katalon.core.main.ScriptEngine.runScriptAsRawText(ScriptEngine.java:119)
	at com.kms.katalon.core.main.TestCaseExecutor.runScript(TestCaseExecutor.java:342)
	at com.kms.katalon.core.main.TestCaseExecutor.doExecute(TestCaseExecutor.java:333)
	at com.kms.katalon.core.main.TestCaseExecutor.processExecutionPhase(TestCaseExecutor.java:312)
	at com.kms.katalon.core.main.TestCaseExecutor.accessMainPhase(TestCaseExecutor.java:304)
	at com.kms.katalon.core.main.TestCaseExecutor.execute(TestCaseExecutor.java:238)
	at com.kms.katalon.core.main.TestCaseMain.runTestCase(TestCaseMain.java:114)
	at com.kms.katalon.core.keyword.builtin.CallTestCaseKeyword$_callTestCase_closure1.doCall(CallTestCaseKeyword.groovy:59)
	at com.kms.katalon.core.keyword.builtin.CallTestCaseKeyword$_callTestCase_closure1.call(CallTestCaseKeyword.groovy)
	at com.kms.katalon.core.keyword.internal.KeywordMain.runKeyword(KeywordMain.groovy:66)
	at com.kms.katalon.core.keyword.builtin.CallTestCaseKeyword.callTestCase(CallTestCaseKeyword.groovy:81)
	at com.kms.katalon.core.keyword.builtin.CallTestCaseKeyword.execute(CallTestCaseKeyword.groovy:44)
	at com.kms.katalon.core.keyword.internal.KeywordExecutor.executeKeywordForPlatform(KeywordExecutor.groovy:56)
	at com.kms.katalon.core.keyword.BuiltinKeywords.callTestCase(BuiltinKeywords.groovy:334)
	at Script1561622381078.run(Script1561622381078.groovy:24)
	... 13 more


2019-06-27 17:29:46 - [TEST_CASE][FAILED] - Test Cases/NewArrival/createAPhysicalShow_IMHostess: Test Cases/NewArrival/createAPhysicalShow_IMHostess FAILED.
Reason:
com.kms.katalon.core.exception.StepFailedException: Unable to click on object 'Object Repository/Page_cabi Create ShowTime_Place/label_Tax Rate Calculated'
	at com.kms.katalon.core.webui.keyword.internal.WebUIKeywordMain.stepFailed(WebUIKeywordMain.groovy:64)
	at com.kms.katalon.core.webui.keyword.internal.WebUIKeywordMain.runKeyword(WebUIKeywordMain.groovy:26)
	at com.kms.katalon.core.webui.keyword.builtin.ClickKeyword.click(ClickKeyword.groovy:86)
	at com.kms.katalon.core.webui.keyword.builtin.ClickKeyword.execute(ClickKeyword.groovy:67)
	at com.kms.katalon.core.keyword.internal.KeywordExecutor.executeKeywordForPlatform(KeywordExecutor.groovy:56)
	at com.kms.katalon.core.webui.keyword.WebUiBuiltInKeywords.click(WebUiBuiltInKeywords.groovy:616)
	at com.kms.katalon.core.webui.keyword.WebUiBuiltInKeywords$click$2.call(Unknown Source)
	at createAPhysicalShow_IMHostess.run(createAPhysicalShow_IMHostess:62)
	at com.kms.katalon.core.main.ScriptEngine.run(ScriptEngine.java:194)
	at com.kms.katalon.core.main.ScriptEngine.runScriptAsRawText(ScriptEngine.java:119)
	at com.kms.katalon.core.main.TestCaseExecutor.runScript(TestCaseExecutor.java:342)
	at com.kms.katalon.core.main.TestCaseExecutor.doExecute(TestCaseExecutor.java:333)
	at com.kms.katalon.core.main.TestCaseExecutor.processExecutionPhase(TestCaseExecutor.java:312)
	at com.kms.katalon.core.main.TestCaseExecutor.accessMainPhase(TestCaseExecutor.java:304)
	at com.kms.katalon.core.main.TestCaseExecutor.execute(TestCaseExecutor.java:238)
	at com.kms.katalon.core.main.TestCaseMain.runTestCase(TestCaseMain.java:114)
	at com.kms.katalon.core.keyword.builtin.CallTestCaseKeyword$_callTestCase_closure1.doCall(CallTestCaseKeyword.groovy:59)
	at com.kms.katalon.core.keyword.builtin.CallTestCaseKeyword$_callTestCase_closure1.call(CallTestCaseKeyword.groovy)
	at com.kms.katalon.core.keyword.internal.KeywordMain.runKeyword(KeywordMain.groovy:66)
	at com.kms.katalon.core.keyword.builtin.CallTestCaseKeyword.callTestCase(CallTestCaseKeyword.groovy:81)
	at com.kms.katalon.core.keyword.builtin.CallTestCaseKeyword.execute(CallTestCaseKeyword.groovy:44)
	at com.kms.katalon.core.keyword.internal.KeywordExecutor.executeKeywordForPlatform(KeywordExecutor.groovy:56)
	at com.kms.katalon.core.keyword.BuiltinKeywords.callTestCase(BuiltinKeywords.groovy:334)
	at BOShowOrder.run(BOShowOrder:24)
	at com.kms.katalon.core.main.ScriptEngine.run(ScriptEngine.java:194)
	at com.kms.katalon.core.main.ScriptEngine.runScriptAsRawText(ScriptEngine.java:119)
	at com.kms.katalon.core.main.TestCaseExecutor.runScript(TestCaseExecutor.java:342)
	at com.kms.katalon.core.main.TestCaseExecutor.doExecute(TestCaseExecutor.java:333)
	at com.kms.katalon.core.main.TestCaseExecutor.processExecutionPhase(TestCaseExecutor.java:312)
	at com.kms.katalon.core.main.TestCaseExecutor.accessMainPhase(TestCaseExecutor.java:304)
	at com.kms.katalon.core.main.TestCaseExecutor.execute(TestCaseExecutor.java:238)
	at com.kms.katalon.core.main.TestSuiteExecutor.accessTestCaseMainPhase(TestSuiteExecutor.java:129)
	at com.kms.katalon.core.main.TestSuiteExecutor.accessTestSuiteMainPhase(TestSuiteExecutor.java:112)
	at com.kms.katalon.core.main.TestSuiteExecutor.execute(TestSuiteExecutor.java:81)
	at com.kms.katalon.core.main.TestCaseMain.startTestSuite(TestCaseMain.java:157)
	at com.kms.katalon.core.main.TestCaseMain$startTestSuite$0.call(Unknown Source)
	at TempTestSuite1561635994222.run(TempTestSuite1561635994222.groovy:35)
Caused by: org.openqa.selenium.ElementClickInterceptedException: element click intercepted: Element <label id="calculatedTaxDetails">...</label> is not clickable at point (858, 606). Other element would receive the click: <ul class="form-list">...</ul>
  (Session info: chrome=75.0.3770.100)
  (Driver info: chromedriver=74.0.3729.6 (255758eccf3d244491b8a1317aa76e1ce10d57e9-refs/branch-heads/3729@{#29}),platform=Windows NT 6.3.9600 x86_64) (WARNING: The server did not provide any stacktrace information)
Command duration or timeout: 0 milliseconds
Build info: version: '3.7.1', revision: '8a0099a', time: '2017-11-06T21:07:36.161Z'
System info: host: 'NIVEDITA', ip: '10.0.102.159', os.name: 'Windows 8.1', os.arch: 'amd64', os.version: '6.3', java.version: '1.8.0_181'
Driver info: com.kms.katalon.selenium.driver.CChromeDriver
Capabilities {acceptInsecureCerts: false, acceptSslCerts: false, applicationCacheEnabled: false, browserConnectionEnabled: false, browserName: chrome, chrome: {chromedriverVersion: 74.0.3729.6 (255758eccf3d24..., userDataDir: C:\Users\user\AppData\Local...}, cssSelectorsEnabled: true, databaseEnabled: false, goog:chromeOptions: {debuggerAddress: localhost:55733}, handlesAlerts: true, hasTouchScreen: false, javascriptEnabled: true, locationContextEnabled: true, mobileEmulationEnabled: false, nativeEvents: true, networkConnectionEnabled: false, pageLoadStrategy: normal, platform: XP, platformName: XP, proxy: Proxy(direct), rotatable: false, setWindowRect: true, strictFileInteractability: false, takesHeapSnapshot: true, takesScreenshot: true, timeouts: {implicit: 0, pageLoad: 300000, script: 30000}, unexpectedAlertBehaviour: ignore, unhandledPromptBehavior: ignore, version: 75.0.3770.100, webStorageEnabled: true}
Session ID: 35a402264747c5092bc8a79f79ee00d5
	at org.openqa.selenium.remote.ErrorHandler.createThrowable(ErrorHandler.java:214)
	at org.openqa.selenium.remote.ErrorHandler.throwIfResponseFailed(ErrorHandler.java:166)
	at org.openqa.selenium.remote.http.JsonHttpResponseCodec.reconstructValue(JsonHttpResponseCodec.java:40)
	at org.openqa.selenium.remote.http.AbstractHttpResponseCodec.decode(AbstractHttpResponseCodec.java:80)
	at org.openqa.selenium.remote.http.AbstractHttpResponseCodec.decode(AbstractHttpResponseCodec.java:44)
	at org.openqa.selenium.remote.HttpCommandExecutor.execute(HttpCommandExecutor.java:164)
	at org.openqa.selenium.remote.service.DriverCommandExecutor.execute(DriverCommandExecutor.java:83)
	at org.openqa.selenium.remote.RemoteWebDriver.execute(RemoteWebDriver.java:600)
	at com.kms.katalon.selenium.driver.CChromeDriver.execute(CChromeDriver.java:20)
	at org.openqa.selenium.remote.RemoteWebElement.execute(RemoteWebElement.java:279)
	at org.openqa.selenium.remote.RemoteWebElement.click(RemoteWebElement.java:83)
	at com.kms.katalon.core.webui.keyword.builtin.ClickKeyword$_click_closure1.doCall(ClickKeyword.groovy:79)
	at com.kms.katalon.core.webui.keyword.builtin.ClickKeyword$_click_closure1.call(ClickKeyword.groovy)
	at com.kms.katalon.core.webui.keyword.internal.WebUIKeywordMain.runKeyword(WebUIKeywordMain.groovy:20)
	at com.kms.katalon.core.webui.keyword.builtin.ClickKeyword.click(ClickKeyword.groovy:86)
	at com.kms.katalon.core.webui.keyword.builtin.ClickKeyword.execute(ClickKeyword.groovy:67)
	at com.kms.katalon.core.keyword.internal.KeywordExecutor.executeKeywordForPlatform(KeywordExecutor.groovy:56)
	at com.kms.katalon.core.webui.keyword.WebUiBuiltInKeywords.click(WebUiBuiltInKeywords.groovy:616)
	at com.kms.katalon.core.webui.keyword.WebUiBuiltInKeywords$click$2.call(Unknown Source)
	at Script1557406804628.run(Script1557406804628.groovy:62)
	at com.kms.katalon.core.main.ScriptEngine.run(ScriptEngine.java:194)
	at com.kms.katalon.core.main.ScriptEngine.runScriptAsRawText(ScriptEngine.java:119)
	at com.kms.katalon.core.main.TestCaseExecutor.runScript(TestCaseExecutor.java:342)
	at com.kms.katalon.core.main.TestCaseExecutor.doExecute(TestCaseExecutor.java:333)
	at com.kms.katalon.core.main.TestCaseExecutor.processExecutionPhase(TestCaseExecutor.java:312)
	at com.kms.katalon.core.main.TestCaseExecutor.accessMainPhase(TestCaseExecutor.java:304)
	at com.kms.katalon.core.main.TestCaseExecutor.execute(TestCaseExecutor.java:238)
	at com.kms.katalon.core.main.TestCaseMain.runTestCase(TestCaseMain.java:114)
	at com.kms.katalon.core.keyword.builtin.CallTestCaseKeyword$_callTestCase_closure1.doCall(CallTestCaseKeyword.groovy:59)
	at com.kms.katalon.core.keyword.builtin.CallTestCaseKeyword$_callTestCase_closure1.call(CallTestCaseKeyword.groovy)
	at com.kms.katalon.core.keyword.internal.KeywordMain.runKeyword(KeywordMain.groovy:66)
	at com.kms.katalon.core.keyword.builtin.CallTestCaseKeyword.callTestCase(CallTestCaseKeyword.groovy:81)
	at com.kms.katalon.core.keyword.builtin.CallTestCaseKeyword.execute(CallTestCaseKeyword.groovy:44)
	at com.kms.katalon.core.keyword.internal.KeywordExecutor.executeKeywordForPlatform(KeywordExecutor.groovy:56)
	at com.kms.katalon.core.keyword.BuiltinKeywords.callTestCase(BuiltinKeywords.groovy:334)
	at Script1561622381078.run(Script1561622381078.groovy:24)
	... 13 more


2019-06-27 17:29:46 - [TEST_STEP][PASSED] - BOURL = findTestData("credData").getValue("BOURL", 1): null

2019-06-27 17:29:46 - [TEST_STEP][PASSED] - BOuser = findTestData("credData").getValue("BOuser", 1): null

2019-06-27 17:29:46 - [TEST_STEP][PASSED] - BOpass = findTestData("credData").getValue("BOpass", 1): null

2019-06-27 17:29:46 - [TEST_STEP][PASSED] - callTestCase(findTestCase("TestCaseUtilities/backOfficeLogin"), ["BOURL":"", "BOuser":"", "BOpass":""], STOP_ON_FAILURE): Call Test Case 'Test Cases/TestCaseUtilities/backOfficeLogin' successfully

2019-06-27 17:29:46 - [TEST_CASE][PASSED] - Test Cases/TestCaseUtilities/backOfficeLogin: Test Cases/TestCaseUtilities/backOfficeLogin

2019-06-27 17:29:46 - [TEST_STEP][PASSED] - BOURL = findTestData("credData").getValue("BOURL", 1): null

2019-06-27 17:29:46 - [TEST_STEP][PASSED] - BOuser = findTestData("credData").getValue("BOuser", 1): null

2019-06-27 17:29:46 - [TEST_STEP][PASSED] - BOpass = findTestData("credData").getValue("BOpass", 1): null

2019-06-27 17:29:46 - [TEST_STEP][PASSED] - navigateToUrl(BOURL): Navigate to 'https://test14.cliotest.com/backoffice/control/main' successfully

2019-06-27 17:29:54 - [MESSAGE][PASSED] - Navigate to 'https://test14.cliotest.com/backoffice/control/main' successfully

2019-06-27 17:29:54 - [TEST_STEP][PASSED] - logOut = findWebElements(findTestObject("Object Repository/Page_cabi Home/log_out"), 1): Unable to find the element located by 'By.xpath: //a[contains(text(),'Log Out')]'. Please recheck the objects properties to make sure the desired element is located. 

2019-06-27 17:29:55 - [MESSAGE][INFO] - Unable to find the element located by 'By.xpath: //a[contains(text(),'Log Out')]'. Please recheck the objects properties to make sure the desired element is located. 

2019-06-27 17:29:55 - [TEST_STEP][PASSED] - if (logOut.size() == 0): Object: 'Object Repository/Page_cabi/input_Welcome to_consultantLogin' is clicked on

2019-06-27 17:29:55 - [TEST_STEP][PASSED] - setText(findTestObject("Page_cabi/input_Welcome to_USERNAME"), BOuser): Text '400000002' is set on object 'Object Repository/Page_cabi/input_Welcome to_USERNAME'

2019-06-27 17:29:55 - [MESSAGE][PASSED] - Text '400000002' is set on object 'Object Repository/Page_cabi/input_Welcome to_USERNAME'

2019-06-27 17:29:55 - [TEST_STEP][PASSED] - setText(findTestObject("Object Repository/Page_cabi/input_Welcome to_PASSWORD"), BOpass): Text 'blackdress19' is set on object 'Object Repository/Page_cabi/input_Welcome to_PASSWORD'

2019-06-27 17:29:55 - [MESSAGE][PASSED] - Text 'blackdress19' is set on object 'Object Repository/Page_cabi/input_Welcome to_PASSWORD'

2019-06-27 17:29:55 - [TEST_STEP][PASSED] - click(findTestObject("Object Repository/Page_cabi/input_Welcome to_consultantLogin")): Object: 'Object Repository/Page_cabi/input_Welcome to_consultantLogin' is clicked on

2019-06-27 17:30:03 - [MESSAGE][PASSED] - Object: 'Object Repository/Page_cabi/input_Welcome to_consultantLogin' is clicked on

2019-06-27 17:30:03 - [TEST_STEP][PASSED] - delay(3): Delayed 3 second(s)

2019-06-27 17:30:06 - [MESSAGE][PASSED] - Delayed 3 second(s)

2019-06-27 17:30:06 - [MESSAGE][PASSED] - Call Test Case 'Test Cases/TestCaseUtilities/backOfficeLogin' successfully

2019-06-27 17:30:06 - [TEST_STEP][PASSED] - delay(3): Delayed 3 second(s)

2019-06-27 17:30:09 - [MESSAGE][PASSED] - Delayed 3 second(s)

2019-06-27 17:30:09 - [TEST_STEP][PASSED] - rightClick(findTestObject("Page_cabi Home/a_Shows  Orders")): Object: 'Object Repository/Page_cabi Home/a_Shows  Orders' is right clicked on

2019-06-27 17:30:09 - [MESSAGE][PASSED] - Object: 'Object Repository/Page_cabi Home/a_Shows  Orders' is right clicked on

2019-06-27 17:30:09 - [TEST_STEP][PASSED] - click(findTestObject("Page_cabi Home/a_Create_A_Show")): Object: 'Object Repository/Page_cabi Home/a_Create_A_Show' is clicked on

2019-06-27 17:30:13 - [MESSAGE][PASSED] - Object: 'Object Repository/Page_cabi Home/a_Create_A_Show' is clicked on

2019-06-27 17:30:13 - [TEST_STEP][PASSED] - click(findTestObject("Page_cabi Home/select_i_am_hostess")): Object: 'Object Repository/Page_cabi Home/select_i_am_hostess' is clicked on

2019-06-27 17:30:13 - [MESSAGE][PASSED] - Object: 'Object Repository/Page_cabi Home/select_i_am_hostess' is clicked on

2019-06-27 17:30:13 - [TEST_STEP][PASSED] - delay(5): Delayed 5 second(s)

2019-06-27 17:30:18 - [MESSAGE][PASSED] - Delayed 5 second(s)

2019-06-27 17:30:18 - [TEST_STEP][PASSED] - click(findTestObject("Page_cabi Create Show - Set Hostess/input_next")): Object: 'Object Repository/Page_cabi Create Show - Set Hostess/input_next' is clicked on

2019-06-27 17:30:21 - [MESSAGE][PASSED] - Object: 'Object Repository/Page_cabi Create Show - Set Hostess/input_next' is clicked on

2019-06-27 17:30:21 - [TEST_STEP][PASSED] - delay(3): Delayed 3 second(s)

2019-06-27 17:30:24 - [MESSAGE][PASSED] - Delayed 3 second(s)

2019-06-27 17:30:24 - [TEST_STEP][PASSED] - rightClick(findTestObject("Object Repository/Page_cabi Create ShowTime_Place/input_Show_date_time")): Object: 'Object Repository/Page_cabi Create ShowTime_Place/input_Show_date_time' is right clicked on

2019-06-27 17:30:24 - [MESSAGE][PASSED] - Object: 'Object Repository/Page_cabi Create ShowTime_Place/input_Show_date_time' is right clicked on

2019-06-27 17:30:24 - [TEST_STEP][PASSED] - rightClick(findTestObject("Object Repository/Page_cabi Create ShowTime_Place/a_16")): Object: 'Object Repository/Page_cabi Create ShowTime_Place/a_16' is right clicked on

2019-06-27 17:30:24 - [MESSAGE][PASSED] - Object: 'Object Repository/Page_cabi Create ShowTime_Place/a_16' is right clicked on

2019-06-27 17:30:24 - [TEST_STEP][PASSED] - click(findTestObject("Object Repository/Page_cabi Create ShowTime_Place/a_16")): Object: 'Object Repository/Page_cabi Create ShowTime_Place/a_16' is clicked on

2019-06-27 17:30:24 - [MESSAGE][PASSED] - Object: 'Object Repository/Page_cabi Create ShowTime_Place/a_16' is clicked on

2019-06-27 17:30:24 - [TEST_STEP][PASSED] - click(findTestObject("Object Repository/Page_cabi Create ShowTime_Place/b")): Object: 'Object Repository/Page_cabi Create ShowTime_Place/b' is clicked on

2019-06-27 17:30:25 - [MESSAGE][PASSED] - Object: 'Object Repository/Page_cabi Create ShowTime_Place/b' is clicked on

2019-06-27 17:30:25 - [TEST_STEP][PASSED] - click(findTestObject("Object Repository/Page_cabi Create ShowTime_Place/div_Location for ShowSame as Hostess Home Address")): Object: 'Object Repository/Page_cabi Create ShowTime_Place/div_Location for ShowSame as Hostess Home Address' is clicked on

2019-06-27 17:30:25 - [MESSAGE][PASSED] - Object: 'Object Repository/Page_cabi Create ShowTime_Place/div_Location for ShowSame as Hostess Home Address' is clicked on

2019-06-27 17:30:25 - [TEST_STEP][PASSED] - click(findTestObject("Object Repository/Page_cabi Create ShowTime_Place/input__address_Same_as_hostess")): Object: 'Object Repository/Page_cabi Create ShowTime_Place/input__address_Same_as_hostess' is clicked on

2019-06-27 17:30:25 - [MESSAGE][PASSED] - Object: 'Object Repository/Page_cabi Create ShowTime_Place/input__address_Same_as_hostess' is clicked on

2019-06-27 17:30:25 - [TEST_STEP][PASSED] - click(findTestObject("Object Repository/Page_cabi Create ShowTime_Place/input_Same as show location")): Object: 'Object Repository/Page_cabi Create ShowTime_Place/input_Same as show location' is clicked on

2019-06-27 17:30:25 - [MESSAGE][PASSED] - Object: 'Object Repository/Page_cabi Create ShowTime_Place/input_Same as show location' is clicked on

2019-06-27 17:30:25 - [TEST_STEP][PASSED] - delay(3): Delayed 3 second(s)

2019-06-27 17:30:28 - [MESSAGE][PASSED] - Delayed 3 second(s)

2019-06-27 17:30:28 - [TEST_STEP][FAILED] - click(findTestObject("Object Repository/Page_cabi Create ShowTime_Place/label_Tax Rate Calculated")): click(findTestObject("Object Repository/Page_cabi Create ShowTime_Place/label_Tax Rate Calculated")) FAILED.
Reason:
com.kms.katalon.core.exception.StepFailedException: Unable to click on object 'Object Repository/Page_cabi Create ShowTime_Place/label_Tax Rate Calculated'
	at com.kms.katalon.core.webui.keyword.internal.WebUIKeywordMain.stepFailed(WebUIKeywordMain.groovy:64)
	at com.kms.katalon.core.webui.keyword.internal.WebUIKeywordMain.runKeyword(WebUIKeywordMain.groovy:26)
	at com.kms.katalon.core.webui.keyword.builtin.ClickKeyword.click(ClickKeyword.groovy:86)
	at com.kms.katalon.core.webui.keyword.builtin.ClickKeyword.execute(ClickKeyword.groovy:67)
	at com.kms.katalon.core.keyword.internal.KeywordExecutor.executeKeywordForPlatform(KeywordExecutor.groovy:56)
	at com.kms.katalon.core.webui.keyword.WebUiBuiltInKeywords.click(WebUiBuiltInKeywords.groovy:616)
	at com.kms.katalon.core.webui.keyword.WebUiBuiltInKeywords$click$2.call(Unknown Source)
	at createAPhysicalShow_IMHostess.run(createAPhysicalShow_IMHostess:62)
	at com.kms.katalon.core.main.ScriptEngine.run(ScriptEngine.java:194)
	at com.kms.katalon.core.main.ScriptEngine.runScriptAsRawText(ScriptEngine.java:119)
	at com.kms.katalon.core.main.TestCaseExecutor.runScript(TestCaseExecutor.java:342)
	at com.kms.katalon.core.main.TestCaseExecutor.doExecute(TestCaseExecutor.java:333)
	at com.kms.katalon.core.main.TestCaseExecutor.processExecutionPhase(TestCaseExecutor.java:312)
	at com.kms.katalon.core.main.TestCaseExecutor.accessMainPhase(TestCaseExecutor.java:304)
	at com.kms.katalon.core.main.TestCaseExecutor.execute(TestCaseExecutor.java:238)
	at com.kms.katalon.core.main.TestCaseMain.runTestCase(TestCaseMain.java:114)
	at com.kms.katalon.core.keyword.builtin.CallTestCaseKeyword$_callTestCase_closure1.doCall(CallTestCaseKeyword.groovy:59)
	at com.kms.katalon.core.keyword.builtin.CallTestCaseKeyword$_callTestCase_closure1.call(CallTestCaseKeyword.groovy)
	at com.kms.katalon.core.keyword.internal.KeywordMain.runKeyword(KeywordMain.groovy:66)
	at com.kms.katalon.core.keyword.builtin.CallTestCaseKeyword.callTestCase(CallTestCaseKeyword.groovy:81)
	at com.kms.katalon.core.keyword.builtin.CallTestCaseKeyword.execute(CallTestCaseKeyword.groovy:44)
	at com.kms.katalon.core.keyword.internal.KeywordExecutor.executeKeywordForPlatform(KeywordExecutor.groovy:56)
	at com.kms.katalon.core.keyword.BuiltinKeywords.callTestCase(BuiltinKeywords.groovy:334)
	at BOShowOrder.run(BOShowOrder:24)
	at com.kms.katalon.core.main.ScriptEngine.run(ScriptEngine.java:194)
	at com.kms.katalon.core.main.ScriptEngine.runScriptAsRawText(ScriptEngine.java:119)
	at com.kms.katalon.core.main.TestCaseExecutor.runScript(TestCaseExecutor.java:342)
	at com.kms.katalon.core.main.TestCaseExecutor.doExecute(TestCaseExecutor.java:333)
	at com.kms.katalon.core.main.TestCaseExecutor.processExecutionPhase(TestCaseExecutor.java:312)
	at com.kms.katalon.core.main.TestCaseExecutor.accessMainPhase(TestCaseExecutor.java:304)
	at com.kms.katalon.core.main.TestCaseExecutor.execute(TestCaseExecutor.java:238)
	at com.kms.katalon.core.main.TestSuiteExecutor.accessTestCaseMainPhase(TestSuiteExecutor.java:129)
	at com.kms.katalon.core.main.TestSuiteExecutor.accessTestSuiteMainPhase(TestSuiteExecutor.java:112)
	at com.kms.katalon.core.main.TestSuiteExecutor.execute(TestSuiteExecutor.java:81)
	at com.kms.katalon.core.main.TestCaseMain.startTestSuite(TestCaseMain.java:157)
	at com.kms.katalon.core.main.TestCaseMain$startTestSuite$0.call(Unknown Source)
	at TempTestSuite1561635994222.run(TempTestSuite1561635994222.groovy:35)
Caused by: org.openqa.selenium.ElementClickInterceptedException: element click intercepted: Element <label id="calculatedTaxDetails">...</label> is not clickable at point (858, 606). Other element would receive the click: <ul class="form-list">...</ul>
  (Session info: chrome=75.0.3770.100)
  (Driver info: chromedriver=74.0.3729.6 (255758eccf3d244491b8a1317aa76e1ce10d57e9-refs/branch-heads/3729@{#29}),platform=Windows NT 6.3.9600 x86_64) (WARNING: The server did not provide any stacktrace information)
Command duration or timeout: 0 milliseconds
Build info: version: '3.7.1', revision: '8a0099a', time: '2017-11-06T21:07:36.161Z'
System info: host: 'NIVEDITA', ip: '10.0.102.159', os.name: 'Windows 8.1', os.arch: 'amd64', os.version: '6.3', java.version: '1.8.0_181'
Driver info: com.kms.katalon.selenium.driver.CChromeDriver
Capabilities {acceptInsecureCerts: false, acceptSslCerts: false, applicationCacheEnabled: false, browserConnectionEnabled: false, browserName: chrome, chrome: {chromedriverVersion: 74.0.3729.6 (255758eccf3d24..., userDataDir: C:\Users\user\AppData\Local...}, cssSelectorsEnabled: true, databaseEnabled: false, goog:chromeOptions: {debuggerAddress: localhost:55733}, handlesAlerts: true, hasTouchScreen: false, javascriptEnabled: true, locationContextEnabled: true, mobileEmulationEnabled: false, nativeEvents: true, networkConnectionEnabled: false, pageLoadStrategy: normal, platform: XP, platformName: XP, proxy: Proxy(direct), rotatable: false, setWindowRect: true, strictFileInteractability: false, takesHeapSnapshot: true, takesScreenshot: true, timeouts: {implicit: 0, pageLoad: 300000, script: 30000}, unexpectedAlertBehaviour: ignore, unhandledPromptBehavior: ignore, version: 75.0.3770.100, webStorageEnabled: true}
Session ID: 35a402264747c5092bc8a79f79ee00d5
	at org.openqa.selenium.remote.ErrorHandler.createThrowable(ErrorHandler.java:214)
	at org.openqa.selenium.remote.ErrorHandler.throwIfResponseFailed(ErrorHandler.java:166)
	at org.openqa.selenium.remote.http.JsonHttpResponseCodec.reconstructValue(JsonHttpResponseCodec.java:40)
	at org.openqa.selenium.remote.http.AbstractHttpResponseCodec.decode(AbstractHttpResponseCodec.java:80)
	at org.openqa.selenium.remote.http.AbstractHttpResponseCodec.decode(AbstractHttpResponseCodec.java:44)
	at org.openqa.selenium.remote.HttpCommandExecutor.execute(HttpCommandExecutor.java:164)
	at org.openqa.selenium.remote.service.DriverCommandExecutor.execute(DriverCommandExecutor.java:83)
	at org.openqa.selenium.remote.RemoteWebDriver.execute(RemoteWebDriver.java:600)
	at com.kms.katalon.selenium.driver.CChromeDriver.execute(CChromeDriver.java:20)
	at org.openqa.selenium.remote.RemoteWebElement.execute(RemoteWebElement.java:279)
	at org.openqa.selenium.remote.RemoteWebElement.click(RemoteWebElement.java:83)
	at com.kms.katalon.core.webui.keyword.builtin.ClickKeyword$_click_closure1.doCall(ClickKeyword.groovy:79)
	at com.kms.katalon.core.webui.keyword.builtin.ClickKeyword$_click_closure1.call(ClickKeyword.groovy)
	at com.kms.katalon.core.webui.keyword.internal.WebUIKeywordMain.runKeyword(WebUIKeywordMain.groovy:20)
	at com.kms.katalon.core.webui.keyword.builtin.ClickKeyword.click(ClickKeyword.groovy:86)
	at com.kms.katalon.core.webui.keyword.builtin.ClickKeyword.execute(ClickKeyword.groovy:67)
	at com.kms.katalon.core.keyword.internal.KeywordExecutor.executeKeywordForPlatform(KeywordExecutor.groovy:56)
	at com.kms.katalon.core.webui.keyword.WebUiBuiltInKeywords.click(WebUiBuiltInKeywords.groovy:616)
	at com.kms.katalon.core.webui.keyword.WebUiBuiltInKeywords$click$2.call(Unknown Source)
	at Script1557406804628.run(Script1557406804628.groovy:62)
	at com.kms.katalon.core.main.ScriptEngine.run(ScriptEngine.java:194)
	at com.kms.katalon.core.main.ScriptEngine.runScriptAsRawText(ScriptEngine.java:119)
	at com.kms.katalon.core.main.TestCaseExecutor.runScript(TestCaseExecutor.java:342)
	at com.kms.katalon.core.main.TestCaseExecutor.doExecute(TestCaseExecutor.java:333)
	at com.kms.katalon.core.main.TestCaseExecutor.processExecutionPhase(TestCaseExecutor.java:312)
	at com.kms.katalon.core.main.TestCaseExecutor.accessMainPhase(TestCaseExecutor.java:304)
	at com.kms.katalon.core.main.TestCaseExecutor.execute(TestCaseExecutor.java:238)
	at com.kms.katalon.core.main.TestCaseMain.runTestCase(TestCaseMain.java:114)
	at com.kms.katalon.core.keyword.builtin.CallTestCaseKeyword$_callTestCase_closure1.doCall(CallTestCaseKeyword.groovy:59)
	at com.kms.katalon.core.keyword.builtin.CallTestCaseKeyword$_callTestCase_closure1.call(CallTestCaseKeyword.groovy)
	at com.kms.katalon.core.keyword.internal.KeywordMain.runKeyword(KeywordMain.groovy:66)
	at com.kms.katalon.core.keyword.builtin.CallTestCaseKeyword.callTestCase(CallTestCaseKeyword.groovy:81)
	at com.kms.katalon.core.keyword.builtin.CallTestCaseKeyword.execute(CallTestCaseKeyword.groovy:44)
	at com.kms.katalon.core.keyword.internal.KeywordExecutor.executeKeywordForPlatform(KeywordExecutor.groovy:56)
	at com.kms.katalon.core.keyword.BuiltinKeywords.callTestCase(BuiltinKeywords.groovy:334)
	at Script1561622381078.run(Script1561622381078.groovy:24)
	... 13 more


2019-06-27 17:30:29 - [MESSAGE][FAILED] - Unable to click on object 'Object Repository/Page_cabi Create ShowTime_Place/label_Tax Rate Calculated' (Root cause: com.kms.katalon.core.exception.StepFailedException: Unable to click on object 'Object Repository/Page_cabi Create ShowTime_Place/label_Tax Rate Calculated'
	at com.kms.katalon.core.webui.keyword.internal.WebUIKeywordMain.stepFailed(WebUIKeywordMain.groovy:64)
	at com.kms.katalon.core.webui.keyword.internal.WebUIKeywordMain.runKeyword(WebUIKeywordMain.groovy:26)
	at com.kms.katalon.core.webui.keyword.builtin.ClickKeyword.click(ClickKeyword.groovy:86)
	at com.kms.katalon.core.webui.keyword.builtin.ClickKeyword.execute(ClickKeyword.groovy:67)
	at com.kms.katalon.core.keyword.internal.KeywordExecutor.executeKeywordForPlatform(KeywordExecutor.groovy:56)
	at com.kms.katalon.core.webui.keyword.WebUiBuiltInKeywords.click(WebUiBuiltInKeywords.groovy:616)
	at com.kms.katalon.core.webui.keyword.WebUiBuiltInKeywords$click$2.call(Unknown Source)
	at createAPhysicalShow_IMHostess.run(createAPhysicalShow_IMHostess:62)
	at com.kms.katalon.core.main.ScriptEngine.run(ScriptEngine.java:194)
	at com.kms.katalon.core.main.ScriptEngine.runScriptAsRawText(ScriptEngine.java:119)
	at com.kms.katalon.core.main.TestCaseExecutor.runScript(TestCaseExecutor.java:342)
	at com.kms.katalon.core.main.TestCaseExecutor.doExecute(TestCaseExecutor.java:333)
	at com.kms.katalon.core.main.TestCaseExecutor.processExecutionPhase(TestCaseExecutor.java:312)
	at com.kms.katalon.core.main.TestCaseExecutor.accessMainPhase(TestCaseExecutor.java:304)
	at com.kms.katalon.core.main.TestCaseExecutor.execute(TestCaseExecutor.java:238)
	at com.kms.katalon.core.main.TestCaseMain.runTestCase(TestCaseMain.java:114)
	at com.kms.katalon.core.keyword.builtin.CallTestCaseKeyword$_callTestCase_closure1.doCall(CallTestCaseKeyword.groovy:59)
	at com.kms.katalon.core.keyword.builtin.CallTestCaseKeyword$_callTestCase_closure1.call(CallTestCaseKeyword.groovy)
	at com.kms.katalon.core.keyword.internal.KeywordMain.runKeyword(KeywordMain.groovy:66)
	at com.kms.katalon.core.keyword.builtin.CallTestCaseKeyword.callTestCase(CallTestCaseKeyword.groovy:81)
	at com.kms.katalon.core.keyword.builtin.CallTestCaseKeyword.execute(CallTestCaseKeyword.groovy:44)
	at com.kms.katalon.core.keyword.internal.KeywordExecutor.executeKeywordForPlatform(KeywordExecutor.groovy:56)
	at com.kms.katalon.core.keyword.BuiltinKeywords.callTestCase(BuiltinKeywords.groovy:334)
	at BOShowOrder.run(BOShowOrder:24)
	at com.kms.katalon.core.main.ScriptEngine.run(ScriptEngine.java:194)
	at com.kms.katalon.core.main.ScriptEngine.runScriptAsRawText(ScriptEngine.java:119)
	at com.kms.katalon.core.main.TestCaseExecutor.runScript(TestCaseExecutor.java:342)
	at com.kms.katalon.core.main.TestCaseExecutor.doExecute(TestCaseExecutor.java:333)
	at com.kms.katalon.core.main.TestCaseExecutor.processExecutionPhase(TestCaseExecutor.java:312)
	at com.kms.katalon.core.main.TestCaseExecutor.accessMainPhase(TestCaseExecutor.java:304)
	at com.kms.katalon.core.main.TestCaseExecutor.execute(TestCaseExecutor.java:238)
	at com.kms.katalon.core.main.TestSuiteExecutor.accessTestCaseMainPhase(TestSuiteExecutor.java:129)
	at com.kms.katalon.core.main.TestSuiteExecutor.accessTestSuiteMainPhase(TestSuiteExecutor.java:112)
	at com.kms.katalon.core.main.TestSuiteExecutor.execute(TestSuiteExecutor.java:81)
	at com.kms.katalon.core.main.TestCaseMain.startTestSuite(TestCaseMain.java:157)
	at com.kms.katalon.core.main.TestCaseMain$startTestSuite$0.call(Unknown Source)
	at TempTestSuite1561635994222.run(TempTestSuite1561635994222.groovy:35)
Caused by: org.openqa.selenium.ElementClickInterceptedException: element click intercepted: Element <label id="calculatedTaxDetails">...</label> is not clickable at point (858, 606). Other element would receive the click: <ul class="form-list">...</ul>
  (Session info: chrome=75.0.3770.100)
  (Driver info: chromedriver=74.0.3729.6 (255758eccf3d244491b8a1317aa76e1ce10d57e9-refs/branch-heads/3729@{#29}),platform=Windows NT 6.3.9600 x86_64) (WARNING: The server did not provide any stacktrace information)
Command duration or timeout: 0 milliseconds
Build info: version: '3.7.1', revision: '8a0099a', time: '2017-11-06T21:07:36.161Z'
System info: host: 'NIVEDITA', ip: '10.0.102.159', os.name: 'Windows 8.1', os.arch: 'amd64', os.version: '6.3', java.version: '1.8.0_181'
Driver info: com.kms.katalon.selenium.driver.CChromeDriver
Capabilities {acceptInsecureCerts: false, acceptSslCerts: false, applicationCacheEnabled: false, browserConnectionEnabled: false, browserName: chrome, chrome: {chromedriverVersion: 74.0.3729.6 (255758eccf3d24..., userDataDir: C:\Users\user\AppData\Local...}, cssSelectorsEnabled: true, databaseEnabled: false, goog:chromeOptions: {debuggerAddress: localhost:55733}, handlesAlerts: true, hasTouchScreen: false, javascriptEnabled: true, locationContextEnabled: true, mobileEmulationEnabled: false, nativeEvents: true, networkConnectionEnabled: false, pageLoadStrategy: normal, platform: XP, platformName: XP, proxy: Proxy(direct), rotatable: false, setWindowRect: true, strictFileInteractability: false, takesHeapSnapshot: true, takesScreenshot: true, timeouts: {implicit: 0, pageLoad: 300000, script: 30000}, unexpectedAlertBehaviour: ignore, unhandledPromptBehavior: ignore, version: 75.0.3770.100, webStorageEnabled: true}
Session ID: 35a402264747c5092bc8a79f79ee00d5
	at org.openqa.selenium.remote.ErrorHandler.createThrowable(ErrorHandler.java:214)
	at org.openqa.selenium.remote.ErrorHandler.throwIfResponseFailed(ErrorHandler.java:166)
	at org.openqa.selenium.remote.http.JsonHttpResponseCodec.reconstructValue(JsonHttpResponseCodec.java:40)
	at org.openqa.selenium.remote.http.AbstractHttpResponseCodec.decode(AbstractHttpResponseCodec.java:80)
	at org.openqa.selenium.remote.http.AbstractHttpResponseCodec.decode(AbstractHttpResponseCodec.java:44)
	at org.openqa.selenium.remote.HttpCommandExecutor.execute(HttpCommandExecutor.java:164)
	at org.openqa.selenium.remote.service.DriverCommandExecutor.execute(DriverCommandExecutor.java:83)
	at org.openqa.selenium.remote.RemoteWebDriver.execute(RemoteWebDriver.java:600)
	at com.kms.katalon.selenium.driver.CChromeDriver.execute(CChromeDriver.java:20)
	at org.openqa.selenium.remote.RemoteWebElement.execute(RemoteWebElement.java:279)
	at org.openqa.selenium.remote.RemoteWebElement.click(RemoteWebElement.java:83)
	at com.kms.katalon.core.webui.keyword.builtin.ClickKeyword$_click_closure1.doCall(ClickKeyword.groovy:79)
	at com.kms.katalon.core.webui.keyword.builtin.ClickKeyword$_click_closure1.call(ClickKeyword.groovy)
	at com.kms.katalon.core.webui.keyword.internal.WebUIKeywordMain.runKeyword(WebUIKeywordMain.groovy:20)
	at com.kms.katalon.core.webui.keyword.builtin.ClickKeyword.click(ClickKeyword.groovy:86)
	at com.kms.katalon.core.webui.keyword.builtin.ClickKeyword.execute(ClickKeyword.groovy:67)
	at com.kms.katalon.core.keyword.internal.KeywordExecutor.executeKeywordForPlatform(KeywordExecutor.groovy:56)
	at com.kms.katalon.core.webui.keyword.WebUiBuiltInKeywords.click(WebUiBuiltInKeywords.groovy:616)
	at com.kms.katalon.core.webui.keyword.WebUiBuiltInKeywords$click$2.call(Unknown Source)
	at Script1557406804628.run(Script1557406804628.groovy:62)
	at com.kms.katalon.core.main.ScriptEngine.run(ScriptEngine.java:194)
	at com.kms.katalon.core.main.ScriptEngine.runScriptAsRawText(ScriptEngine.java:119)
	at com.kms.katalon.core.main.TestCaseExecutor.runScript(TestCaseExecutor.java:342)
	at com.kms.katalon.core.main.TestCaseExecutor.doExecute(TestCaseExecutor.java:333)
	at com.kms.katalon.core.main.TestCaseExecutor.processExecutionPhase(TestCaseExecutor.java:312)
	at com.kms.katalon.core.main.TestCaseExecutor.accessMainPhase(TestCaseExecutor.java:304)
	at com.kms.katalon.core.main.TestCaseExecutor.execute(TestCaseExecutor.java:238)
	at com.kms.katalon.core.main.TestCaseMain.runTestCase(TestCaseMain.java:114)
	at com.kms.katalon.core.keyword.builtin.CallTestCaseKeyword$_callTestCase_closure1.doCall(CallTestCaseKeyword.groovy:59)
	at com.kms.katalon.core.keyword.builtin.CallTestCaseKeyword$_callTestCase_closure1.call(CallTestCaseKeyword.groovy)
	at com.kms.katalon.core.keyword.internal.KeywordMain.runKeyword(KeywordMain.groovy:66)
	at com.kms.katalon.core.keyword.builtin.CallTestCaseKeyword.callTestCase(CallTestCaseKeyword.groovy:81)
	at com.kms.katalon.core.keyword.builtin.CallTestCaseKeyword.execute(CallTestCaseKeyword.groovy:44)
	at com.kms.katalon.core.keyword.internal.KeywordExecutor.executeKeywordForPlatform(KeywordExecutor.groovy:56)
	at com.kms.katalon.core.keyword.BuiltinKeywords.callTestCase(BuiltinKeywords.groovy:334)
	at Script1561622381078.run(Script1561622381078.groovy:24)
	... 13 more
)
[[ATTACHMENT|C:\\Users\\user\\Documents\\testautomation\\KatalonProjects\\Reports\\NewArrivalsSuites\\NewArrivalsSuite\\20190627_171634\\1561636828867.png]]

2019-06-27 17:30:29 - [MESSAGE][FAILED] - click(findTestObject("Object Repository/Page_cabi Create ShowTime_Place/label_Tax Rate Calculated")) FAILED.
Reason:
com.kms.katalon.core.exception.StepFailedException: Unable to click on object 'Object Repository/Page_cabi Create ShowTime_Place/label_Tax Rate Calculated'
	at com.kms.katalon.core.webui.keyword.internal.WebUIKeywordMain.stepFailed(WebUIKeywordMain.groovy:64)
	at com.kms.katalon.core.webui.keyword.internal.WebUIKeywordMain.runKeyword(WebUIKeywordMain.groovy:26)
	at com.kms.katalon.core.webui.keyword.builtin.ClickKeyword.click(ClickKeyword.groovy:86)
	at com.kms.katalon.core.webui.keyword.builtin.ClickKeyword.execute(ClickKeyword.groovy:67)
	at com.kms.katalon.core.keyword.internal.KeywordExecutor.executeKeywordForPlatform(KeywordExecutor.groovy:56)
	at com.kms.katalon.core.webui.keyword.WebUiBuiltInKeywords.click(WebUiBuiltInKeywords.groovy:616)
	at com.kms.katalon.core.webui.keyword.WebUiBuiltInKeywords$click$2.call(Unknown Source)
	at createAPhysicalShow_IMHostess.run(createAPhysicalShow_IMHostess:62)
	at com.kms.katalon.core.main.ScriptEngine.run(ScriptEngine.java:194)
	at com.kms.katalon.core.main.ScriptEngine.runScriptAsRawText(ScriptEngine.java:119)
	at com.kms.katalon.core.main.TestCaseExecutor.runScript(TestCaseExecutor.java:342)
	at com.kms.katalon.core.main.TestCaseExecutor.doExecute(TestCaseExecutor.java:333)
	at com.kms.katalon.core.main.TestCaseExecutor.processExecutionPhase(TestCaseExecutor.java:312)
	at com.kms.katalon.core.main.TestCaseExecutor.accessMainPhase(TestCaseExecutor.java:304)
	at com.kms.katalon.core.main.TestCaseExecutor.execute(TestCaseExecutor.java:238)
	at com.kms.katalon.core.main.TestCaseMain.runTestCase(TestCaseMain.java:114)
	at com.kms.katalon.core.keyword.builtin.CallTestCaseKeyword$_callTestCase_closure1.doCall(CallTestCaseKeyword.groovy:59)
	at com.kms.katalon.core.keyword.builtin.CallTestCaseKeyword$_callTestCase_closure1.call(CallTestCaseKeyword.groovy)
	at com.kms.katalon.core.keyword.internal.KeywordMain.runKeyword(KeywordMain.groovy:66)
	at com.kms.katalon.core.keyword.builtin.CallTestCaseKeyword.callTestCase(CallTestCaseKeyword.groovy:81)
	at com.kms.katalon.core.keyword.builtin.CallTestCaseKeyword.execute(CallTestCaseKeyword.groovy:44)
	at com.kms.katalon.core.keyword.internal.KeywordExecutor.executeKeywordForPlatform(KeywordExecutor.groovy:56)
	at com.kms.katalon.core.keyword.BuiltinKeywords.callTestCase(BuiltinKeywords.groovy:334)
	at BOShowOrder.run(BOShowOrder:24)
	at com.kms.katalon.core.main.ScriptEngine.run(ScriptEngine.java:194)
	at com.kms.katalon.core.main.ScriptEngine.runScriptAsRawText(ScriptEngine.java:119)
	at com.kms.katalon.core.main.TestCaseExecutor.runScript(TestCaseExecutor.java:342)
	at com.kms.katalon.core.main.TestCaseExecutor.doExecute(TestCaseExecutor.java:333)
	at com.kms.katalon.core.main.TestCaseExecutor.processExecutionPhase(TestCaseExecutor.java:312)
	at com.kms.katalon.core.main.TestCaseExecutor.accessMainPhase(TestCaseExecutor.java:304)
	at com.kms.katalon.core.main.TestCaseExecutor.execute(TestCaseExecutor.java:238)
	at com.kms.katalon.core.main.TestSuiteExecutor.accessTestCaseMainPhase(TestSuiteExecutor.java:129)
	at com.kms.katalon.core.main.TestSuiteExecutor.accessTestSuiteMainPhase(TestSuiteExecutor.java:112)
	at com.kms.katalon.core.main.TestSuiteExecutor.execute(TestSuiteExecutor.java:81)
	at com.kms.katalon.core.main.TestCaseMain.startTestSuite(TestCaseMain.java:157)
	at com.kms.katalon.core.main.TestCaseMain$startTestSuite$0.call(Unknown Source)
	at TempTestSuite1561635994222.run(TempTestSuite1561635994222.groovy:35)
Caused by: org.openqa.selenium.ElementClickInterceptedException: element click intercepted: Element <label id="calculatedTaxDetails">...</label> is not clickable at point (858, 606). Other element would receive the click: <ul class="form-list">...</ul>
  (Session info: chrome=75.0.3770.100)
  (Driver info: chromedriver=74.0.3729.6 (255758eccf3d244491b8a1317aa76e1ce10d57e9-refs/branch-heads/3729@{#29}),platform=Windows NT 6.3.9600 x86_64) (WARNING: The server did not provide any stacktrace information)
Command duration or timeout: 0 milliseconds
Build info: version: '3.7.1', revision: '8a0099a', time: '2017-11-06T21:07:36.161Z'
System info: host: 'NIVEDITA', ip: '10.0.102.159', os.name: 'Windows 8.1', os.arch: 'amd64', os.version: '6.3', java.version: '1.8.0_181'
Driver info: com.kms.katalon.selenium.driver.CChromeDriver
Capabilities {acceptInsecureCerts: false, acceptSslCerts: false, applicationCacheEnabled: false, browserConnectionEnabled: false, browserName: chrome, chrome: {chromedriverVersion: 74.0.3729.6 (255758eccf3d24..., userDataDir: C:\Users\user\AppData\Local...}, cssSelectorsEnabled: true, databaseEnabled: false, goog:chromeOptions: {debuggerAddress: localhost:55733}, handlesAlerts: true, hasTouchScreen: false, javascriptEnabled: true, locationContextEnabled: true, mobileEmulationEnabled: false, nativeEvents: true, networkConnectionEnabled: false, pageLoadStrategy: normal, platform: XP, platformName: XP, proxy: Proxy(direct), rotatable: false, setWindowRect: true, strictFileInteractability: false, takesHeapSnapshot: true, takesScreenshot: true, timeouts: {implicit: 0, pageLoad: 300000, script: 30000}, unexpectedAlertBehaviour: ignore, unhandledPromptBehavior: ignore, version: 75.0.3770.100, webStorageEnabled: true}
Session ID: 35a402264747c5092bc8a79f79ee00d5
	at org.openqa.selenium.remote.ErrorHandler.createThrowable(ErrorHandler.java:214)
	at org.openqa.selenium.remote.ErrorHandler.throwIfResponseFailed(ErrorHandler.java:166)
	at org.openqa.selenium.remote.http.JsonHttpResponseCodec.reconstructValue(JsonHttpResponseCodec.java:40)
	at org.openqa.selenium.remote.http.AbstractHttpResponseCodec.decode(AbstractHttpResponseCodec.java:80)
	at org.openqa.selenium.remote.http.AbstractHttpResponseCodec.decode(AbstractHttpResponseCodec.java:44)
	at org.openqa.selenium.remote.HttpCommandExecutor.execute(HttpCommandExecutor.java:164)
	at org.openqa.selenium.remote.service.DriverCommandExecutor.execute(DriverCommandExecutor.java:83)
	at org.openqa.selenium.remote.RemoteWebDriver.execute(RemoteWebDriver.java:600)
	at com.kms.katalon.selenium.driver.CChromeDriver.execute(CChromeDriver.java:20)
	at org.openqa.selenium.remote.RemoteWebElement.execute(RemoteWebElement.java:279)
	at org.openqa.selenium.remote.RemoteWebElement.click(RemoteWebElement.java:83)
	at com.kms.katalon.core.webui.keyword.builtin.ClickKeyword$_click_closure1.doCall(ClickKeyword.groovy:79)
	at com.kms.katalon.core.webui.keyword.builtin.ClickKeyword$_click_closure1.call(ClickKeyword.groovy)
	at com.kms.katalon.core.webui.keyword.internal.WebUIKeywordMain.runKeyword(WebUIKeywordMain.groovy:20)
	at com.kms.katalon.core.webui.keyword.builtin.ClickKeyword.click(ClickKeyword.groovy:86)
	at com.kms.katalon.core.webui.keyword.builtin.ClickKeyword.execute(ClickKeyword.groovy:67)
	at com.kms.katalon.core.keyword.internal.KeywordExecutor.executeKeywordForPlatform(KeywordExecutor.groovy:56)
	at com.kms.katalon.core.webui.keyword.WebUiBuiltInKeywords.click(WebUiBuiltInKeywords.groovy:616)
	at com.kms.katalon.core.webui.keyword.WebUiBuiltInKeywords$click$2.call(Unknown Source)
	at Script1557406804628.run(Script1557406804628.groovy:62)
	at com.kms.katalon.core.main.ScriptEngine.run(ScriptEngine.java:194)
	at com.kms.katalon.core.main.ScriptEngine.runScriptAsRawText(ScriptEngine.java:119)
	at com.kms.katalon.core.main.TestCaseExecutor.runScript(TestCaseExecutor.java:342)
	at com.kms.katalon.core.main.TestCaseExecutor.doExecute(TestCaseExecutor.java:333)
	at com.kms.katalon.core.main.TestCaseExecutor.processExecutionPhase(TestCaseExecutor.java:312)
	at com.kms.katalon.core.main.TestCaseExecutor.accessMainPhase(TestCaseExecutor.java:304)
	at com.kms.katalon.core.main.TestCaseExecutor.execute(TestCaseExecutor.java:238)
	at com.kms.katalon.core.main.TestCaseMain.runTestCase(TestCaseMain.java:114)
	at com.kms.katalon.core.keyword.builtin.CallTestCaseKeyword$_callTestCase_closure1.doCall(CallTestCaseKeyword.groovy:59)
	at com.kms.katalon.core.keyword.builtin.CallTestCaseKeyword$_callTestCase_closure1.call(CallTestCaseKeyword.groovy)
	at com.kms.katalon.core.keyword.internal.KeywordMain.runKeyword(KeywordMain.groovy:66)
	at com.kms.katalon.core.keyword.builtin.CallTestCaseKeyword.callTestCase(CallTestCaseKeyword.groovy:81)
	at com.kms.katalon.core.keyword.builtin.CallTestCaseKeyword.execute(CallTestCaseKeyword.groovy:44)
	at com.kms.katalon.core.keyword.internal.KeywordExecutor.executeKeywordForPlatform(KeywordExecutor.groovy:56)
	at com.kms.katalon.core.keyword.BuiltinKeywords.callTestCase(BuiltinKeywords.groovy:334)
	at Script1561622381078.run(Script1561622381078.groovy:24)
	... 13 more


2019-06-27 17:30:29 - [MESSAGE][FAILED] - Unable to call Test Case 'Test Cases/NewArrival/createAPhysicalShow_IMHostess' (Root cause: com.kms.katalon.core.exception.StepFailedException: Call Test Case 'Test Cases/NewArrival/createAPhysicalShow_IMHostess' failed
	at com.kms.katalon.core.keyword.builtin.CallTestCaseKeyword$_callTestCase_closure1.doCall(CallTestCaseKeyword.groovy:63)
	at com.kms.katalon.core.keyword.builtin.CallTestCaseKeyword$_callTestCase_closure1.call(CallTestCaseKeyword.groovy)
	at com.kms.katalon.core.keyword.internal.KeywordMain.runKeyword(KeywordMain.groovy:66)
	at com.kms.katalon.core.keyword.builtin.CallTestCaseKeyword.callTestCase(CallTestCaseKeyword.groovy:81)
	at com.kms.katalon.core.keyword.builtin.CallTestCaseKeyword.execute(CallTestCaseKeyword.groovy:44)
	at com.kms.katalon.core.keyword.internal.KeywordExecutor.executeKeywordForPlatform(KeywordExecutor.groovy:56)
	at com.kms.katalon.core.keyword.BuiltinKeywords.callTestCase(BuiltinKeywords.groovy:334)
	at BOShowOrder.run(BOShowOrder:24)
	at com.kms.katalon.core.main.ScriptEngine.run(ScriptEngine.java:194)
	at com.kms.katalon.core.main.ScriptEngine.runScriptAsRawText(ScriptEngine.java:119)
	at com.kms.katalon.core.main.TestCaseExecutor.runScript(TestCaseExecutor.java:342)
	at com.kms.katalon.core.main.TestCaseExecutor.doExecute(TestCaseExecutor.java:333)
	at com.kms.katalon.core.main.TestCaseExecutor.processExecutionPhase(TestCaseExecutor.java:312)
	at com.kms.katalon.core.main.TestCaseExecutor.accessMainPhase(TestCaseExecutor.java:304)
	at com.kms.katalon.core.main.TestCaseExecutor.execute(TestCaseExecutor.java:238)
	at com.kms.katalon.core.main.TestSuiteExecutor.accessTestCaseMainPhase(TestSuiteExecutor.java:129)
	at com.kms.katalon.core.main.TestSuiteExecutor.accessTestSuiteMainPhase(TestSuiteExecutor.java:112)
	at com.kms.katalon.core.main.TestSuiteExecutor.execute(TestSuiteExecutor.java:81)
	at com.kms.katalon.core.main.TestCaseMain.startTestSuite(TestCaseMain.java:157)
	at com.kms.katalon.core.main.TestCaseMain$startTestSuite$0.call(Unknown Source)
	at TempTestSuite1561635994222.run(TempTestSuite1561635994222.groovy:35)
Caused by: com.kms.katalon.core.exception.StepFailedException: Unable to click on object 'Object Repository/Page_cabi Create ShowTime_Place/label_Tax Rate Calculated'
	at com.kms.katalon.core.webui.keyword.internal.WebUIKeywordMain.stepFailed(WebUIKeywordMain.groovy:64)
	at com.kms.katalon.core.webui.keyword.internal.WebUIKeywordMain.runKeyword(WebUIKeywordMain.groovy:26)
	at com.kms.katalon.core.webui.keyword.builtin.ClickKeyword.click(ClickKeyword.groovy:86)
	at com.kms.katalon.core.webui.keyword.builtin.ClickKeyword.execute(ClickKeyword.groovy:67)
	at com.kms.katalon.core.keyword.internal.KeywordExecutor.executeKeywordForPlatform(KeywordExecutor.groovy:56)
	at com.kms.katalon.core.webui.keyword.WebUiBuiltInKeywords.click(WebUiBuiltInKeywords.groovy:616)
	at com.kms.katalon.core.webui.keyword.WebUiBuiltInKeywords$click$2.call(Unknown Source)
	at createAPhysicalShow_IMHostess.run(createAPhysicalShow_IMHostess:62)
	at com.kms.katalon.core.main.ScriptEngine.run(ScriptEngine.java:194)
	at com.kms.katalon.core.main.ScriptEngine.runScriptAsRawText(ScriptEngine.java:119)
	at com.kms.katalon.core.main.TestCaseExecutor.runScript(TestCaseExecutor.java:342)
	at com.kms.katalon.core.main.TestCaseExecutor.doExecute(TestCaseExecutor.java:333)
	at com.kms.katalon.core.main.TestCaseExecutor.processExecutionPhase(TestCaseExecutor.java:312)
	at com.kms.katalon.core.main.TestCaseExecutor.accessMainPhase(TestCaseExecutor.java:304)
	at com.kms.katalon.core.main.TestCaseExecutor.execute(TestCaseExecutor.java:238)
	at com.kms.katalon.core.main.TestCaseMain.runTestCase(TestCaseMain.java:114)
	at com.kms.katalon.core.keyword.builtin.CallTestCaseKeyword$_callTestCase_closure1.doCall(CallTestCaseKeyword.groovy:59)
	... 20 more
Caused by: org.openqa.selenium.ElementClickInterceptedException: element click intercepted: Element <label id="calculatedTaxDetails">...</label> is not clickable at point (858, 606). Other element would receive the click: <ul class="form-list">...</ul>
  (Session info: chrome=75.0.3770.100)
  (Driver info: chromedriver=74.0.3729.6 (255758eccf3d244491b8a1317aa76e1ce10d57e9-refs/branch-heads/3729@{#29}),platform=Windows NT 6.3.9600 x86_64) (WARNING: The server did not provide any stacktrace information)
Command duration or timeout: 0 milliseconds
Build info: version: '3.7.1', revision: '8a0099a', time: '2017-11-06T21:07:36.161Z'
System info: host: 'NIVEDITA', ip: '10.0.102.159', os.name: 'Windows 8.1', os.arch: 'amd64', os.version: '6.3', java.version: '1.8.0_181'
Driver info: com.kms.katalon.selenium.driver.CChromeDriver
Capabilities {acceptInsecureCerts: false, acceptSslCerts: false, applicationCacheEnabled: false, browserConnectionEnabled: false, browserName: chrome, chrome: {chromedriverVersion: 74.0.3729.6 (255758eccf3d24..., userDataDir: C:\Users\user\AppData\Local...}, cssSelectorsEnabled: true, databaseEnabled: false, goog:chromeOptions: {debuggerAddress: localhost:55733}, handlesAlerts: true, hasTouchScreen: false, javascriptEnabled: true, locationContextEnabled: true, mobileEmulationEnabled: false, nativeEvents: true, networkConnectionEnabled: false, pageLoadStrategy: normal, platform: XP, platformName: XP, proxy: Proxy(direct), rotatable: false, setWindowRect: true, strictFileInteractability: false, takesHeapSnapshot: true, takesScreenshot: true, timeouts: {implicit: 0, pageLoad: 300000, script: 30000}, unexpectedAlertBehaviour: ignore, unhandledPromptBehavior: ignore, version: 75.0.3770.100, webStorageEnabled: true}
Session ID: 35a402264747c5092bc8a79f79ee00d5
	at org.openqa.selenium.remote.ErrorHandler.createThrowable(ErrorHandler.java:214)
	at org.openqa.selenium.remote.ErrorHandler.throwIfResponseFailed(ErrorHandler.java:166)
	at org.openqa.selenium.remote.http.JsonHttpResponseCodec.reconstructValue(JsonHttpResponseCodec.java:40)
	at org.openqa.selenium.remote.http.AbstractHttpResponseCodec.decode(AbstractHttpResponseCodec.java:80)
	at org.openqa.selenium.remote.http.AbstractHttpResponseCodec.decode(AbstractHttpResponseCodec.java:44)
	at org.openqa.selenium.remote.HttpCommandExecutor.execute(HttpCommandExecutor.java:164)
	at org.openqa.selenium.remote.service.DriverCommandExecutor.execute(DriverCommandExecutor.java:83)
	at org.openqa.selenium.remote.RemoteWebDriver.execute(RemoteWebDriver.java:600)
	at com.kms.katalon.selenium.driver.CChromeDriver.execute(CChromeDriver.java:20)
	at org.openqa.selenium.remote.RemoteWebElement.execute(RemoteWebElement.java:279)
	at org.openqa.selenium.remote.RemoteWebElement.click(RemoteWebElement.java:83)
	at com.kms.katalon.core.webui.keyword.builtin.ClickKeyword$_click_closure1.doCall(ClickKeyword.groovy:79)
	at com.kms.katalon.core.webui.keyword.builtin.ClickKeyword$_click_closure1.call(ClickKeyword.groovy)
	at com.kms.katalon.core.webui.keyword.internal.WebUIKeywordMain.runKeyword(WebUIKeywordMain.groovy:20)
	at com.kms.katalon.core.webui.keyword.builtin.ClickKeyword.click(ClickKeyword.groovy:86)
	at com.kms.katalon.core.webui.keyword.builtin.ClickKeyword.execute(ClickKeyword.groovy:67)
	at com.kms.katalon.core.keyword.internal.KeywordExecutor.executeKeywordForPlatform(KeywordExecutor.groovy:56)
	at com.kms.katalon.core.webui.keyword.WebUiBuiltInKeywords.click(WebUiBuiltInKeywords.groovy:616)
	at com.kms.katalon.core.webui.keyword.WebUiBuiltInKeywords$click$2.call(Unknown Source)
	at Script1557406804628.run(Script1557406804628.groovy:62)
	at com.kms.katalon.core.main.ScriptEngine.run(ScriptEngine.java:194)
	at com.kms.katalon.core.main.ScriptEngine.runScriptAsRawText(ScriptEngine.java:119)
	at com.kms.katalon.core.main.TestCaseExecutor.runScript(TestCaseExecutor.java:342)
	at com.kms.katalon.core.main.TestCaseExecutor.doExecute(TestCaseExecutor.java:333)
	at com.kms.katalon.core.main.TestCaseExecutor.processExecutionPhase(TestCaseExecutor.java:312)
	at com.kms.katalon.core.main.TestCaseExecutor.accessMainPhase(TestCaseExecutor.java:304)
	at com.kms.katalon.core.main.TestCaseExecutor.execute(TestCaseExecutor.java:238)
	at com.kms.katalon.core.main.TestCaseMain.runTestCase(TestCaseMain.java:114)
	at com.kms.katalon.core.keyword.builtin.CallTestCaseKeyword$_callTestCase_closure1.doCall(CallTestCaseKeyword.groovy:59)
	at com.kms.katalon.core.keyword.builtin.CallTestCaseKeyword$_callTestCase_closure1.call(CallTestCaseKeyword.groovy)
	at com.kms.katalon.core.keyword.internal.KeywordMain.runKeyword(KeywordMain.groovy:66)
	at com.kms.katalon.core.keyword.builtin.CallTestCaseKeyword.callTestCase(CallTestCaseKeyword.groovy:81)
	at com.kms.katalon.core.keyword.builtin.CallTestCaseKeyword.execute(CallTestCaseKeyword.groovy:44)
	at com.kms.katalon.core.keyword.internal.KeywordExecutor.executeKeywordForPlatform(KeywordExecutor.groovy:56)
	at com.kms.katalon.core.keyword.BuiltinKeywords.callTestCase(BuiltinKeywords.groovy:334)
	at Script1561622381078.run(Script1561622381078.groovy:24)
	... 13 more
)

2019-06-27 17:30:29 - [MESSAGE][FAILED] - for ([timeRow = 1, timeRow <= findTestData("timezoneData").getRowNumbers(), (timeRow++)]) FAILED.
Reason:
com.kms.katalon.core.exception.StepFailedException: Call Test Case 'Test Cases/NewArrival/createAPhysicalShow_IMHostess' failed
	at com.kms.katalon.core.keyword.builtin.CallTestCaseKeyword$_callTestCase_closure1.doCall(CallTestCaseKeyword.groovy:63)
	at com.kms.katalon.core.keyword.builtin.CallTestCaseKeyword$_callTestCase_closure1.call(CallTestCaseKeyword.groovy)
	at com.kms.katalon.core.keyword.internal.KeywordMain.runKeyword(KeywordMain.groovy:66)
	at com.kms.katalon.core.keyword.builtin.CallTestCaseKeyword.callTestCase(CallTestCaseKeyword.groovy:81)
	at com.kms.katalon.core.keyword.builtin.CallTestCaseKeyword.execute(CallTestCaseKeyword.groovy:44)
	at com.kms.katalon.core.keyword.internal.KeywordExecutor.executeKeywordForPlatform(KeywordExecutor.groovy:56)
	at com.kms.katalon.core.keyword.BuiltinKeywords.callTestCase(BuiltinKeywords.groovy:334)
	at BOShowOrder.run(BOShowOrder:24)
	at com.kms.katalon.core.main.ScriptEngine.run(ScriptEngine.java:194)
	at com.kms.katalon.core.main.ScriptEngine.runScriptAsRawText(ScriptEngine.java:119)
	at com.kms.katalon.core.main.TestCaseExecutor.runScript(TestCaseExecutor.java:342)
	at com.kms.katalon.core.main.TestCaseExecutor.doExecute(TestCaseExecutor.java:333)
	at com.kms.katalon.core.main.TestCaseExecutor.processExecutionPhase(TestCaseExecutor.java:312)
	at com.kms.katalon.core.main.TestCaseExecutor.accessMainPhase(TestCaseExecutor.java:304)
	at com.kms.katalon.core.main.TestCaseExecutor.execute(TestCaseExecutor.java:238)
	at com.kms.katalon.core.main.TestSuiteExecutor.accessTestCaseMainPhase(TestSuiteExecutor.java:129)
	at com.kms.katalon.core.main.TestSuiteExecutor.accessTestSuiteMainPhase(TestSuiteExecutor.java:112)
	at com.kms.katalon.core.main.TestSuiteExecutor.execute(TestSuiteExecutor.java:81)
	at com.kms.katalon.core.main.TestCaseMain.startTestSuite(TestCaseMain.java:157)
	at com.kms.katalon.core.main.TestCaseMain$startTestSuite$0.call(Unknown Source)
	at TempTestSuite1561635994222.run(TempTestSuite1561635994222.groovy:35)
Caused by: com.kms.katalon.core.exception.StepFailedException: Unable to click on object 'Object Repository/Page_cabi Create ShowTime_Place/label_Tax Rate Calculated'
	at com.kms.katalon.core.webui.keyword.internal.WebUIKeywordMain.stepFailed(WebUIKeywordMain.groovy:64)
	at com.kms.katalon.core.webui.keyword.internal.WebUIKeywordMain.runKeyword(WebUIKeywordMain.groovy:26)
	at com.kms.katalon.core.webui.keyword.builtin.ClickKeyword.click(ClickKeyword.groovy:86)
	at com.kms.katalon.core.webui.keyword.builtin.ClickKeyword.execute(ClickKeyword.groovy:67)
	at com.kms.katalon.core.keyword.internal.KeywordExecutor.executeKeywordForPlatform(KeywordExecutor.groovy:56)
	at com.kms.katalon.core.webui.keyword.WebUiBuiltInKeywords.click(WebUiBuiltInKeywords.groovy:616)
	at com.kms.katalon.core.webui.keyword.WebUiBuiltInKeywords$click$2.call(Unknown Source)
	at createAPhysicalShow_IMHostess.run(createAPhysicalShow_IMHostess:62)
	at com.kms.katalon.core.main.ScriptEngine.run(ScriptEngine.java:194)
	at com.kms.katalon.core.main.ScriptEngine.runScriptAsRawText(ScriptEngine.java:119)
	at com.kms.katalon.core.main.TestCaseExecutor.runScript(TestCaseExecutor.java:342)
	at com.kms.katalon.core.main.TestCaseExecutor.doExecute(TestCaseExecutor.java:333)
	at com.kms.katalon.core.main.TestCaseExecutor.processExecutionPhase(TestCaseExecutor.java:312)
	at com.kms.katalon.core.main.TestCaseExecutor.accessMainPhase(TestCaseExecutor.java:304)
	at com.kms.katalon.core.main.TestCaseExecutor.execute(TestCaseExecutor.java:238)
	at com.kms.katalon.core.main.TestCaseMain.runTestCase(TestCaseMain.java:114)
	at com.kms.katalon.core.keyword.builtin.CallTestCaseKeyword$_callTestCase_closure1.doCall(CallTestCaseKeyword.groovy:59)
	... 20 more
Caused by: org.openqa.selenium.ElementClickInterceptedException: element click intercepted: Element <label id="calculatedTaxDetails">...</label> is not clickable at point (858, 606). Other element would receive the click: <ul class="form-list">...</ul>
  (Session info: chrome=75.0.3770.100)
  (Driver info: chromedriver=74.0.3729.6 (255758eccf3d244491b8a1317aa76e1ce10d57e9-refs/branch-heads/3729@{#29}),platform=Windows NT 6.3.9600 x86_64) (WARNING: The server did not provide any stacktrace information)
Command duration or timeout: 0 milliseconds
Build info: version: '3.7.1', revision: '8a0099a', time: '2017-11-06T21:07:36.161Z'
System info: host: 'NIVEDITA', ip: '10.0.102.159', os.name: 'Windows 8.1', os.arch: 'amd64', os.version: '6.3', java.version: '1.8.0_181'
Driver info: com.kms.katalon.selenium.driver.CChromeDriver
Capabilities {acceptInsecureCerts: false, acceptSslCerts: false, applicationCacheEnabled: false, browserConnectionEnabled: false, browserName: chrome, chrome: {chromedriverVersion: 74.0.3729.6 (255758eccf3d24..., userDataDir: C:\Users\user\AppData\Local...}, cssSelectorsEnabled: true, databaseEnabled: false, goog:chromeOptions: {debuggerAddress: localhost:55733}, handlesAlerts: true, hasTouchScreen: false, javascriptEnabled: true, locationContextEnabled: true, mobileEmulationEnabled: false, nativeEvents: true, networkConnectionEnabled: false, pageLoadStrategy: normal, platform: XP, platformName: XP, proxy: Proxy(direct), rotatable: false, setWindowRect: true, strictFileInteractability: false, takesHeapSnapshot: true, takesScreenshot: true, timeouts: {implicit: 0, pageLoad: 300000, script: 30000}, unexpectedAlertBehaviour: ignore, unhandledPromptBehavior: ignore, version: 75.0.3770.100, webStorageEnabled: true}
Session ID: 35a402264747c5092bc8a79f79ee00d5
	at org.openqa.selenium.remote.ErrorHandler.createThrowable(ErrorHandler.java:214)
	at org.openqa.selenium.remote.ErrorHandler.throwIfResponseFailed(ErrorHandler.java:166)
	at org.openqa.selenium.remote.http.JsonHttpResponseCodec.reconstructValue(JsonHttpResponseCodec.java:40)
	at org.openqa.selenium.remote.http.AbstractHttpResponseCodec.decode(AbstractHttpResponseCodec.java:80)
	at org.openqa.selenium.remote.http.AbstractHttpResponseCodec.decode(AbstractHttpResponseCodec.java:44)
	at org.openqa.selenium.remote.HttpCommandExecutor.execute(HttpCommandExecutor.java:164)
	at org.openqa.selenium.remote.service.DriverCommandExecutor.execute(DriverCommandExecutor.java:83)
	at org.openqa.selenium.remote.RemoteWebDriver.execute(RemoteWebDriver.java:600)
	at com.kms.katalon.selenium.driver.CChromeDriver.execute(CChromeDriver.java:20)
	at org.openqa.selenium.remote.RemoteWebElement.execute(RemoteWebElement.java:279)
	at org.openqa.selenium.remote.RemoteWebElement.click(RemoteWebElement.java:83)
	at com.kms.katalon.core.webui.keyword.builtin.ClickKeyword$_click_closure1.doCall(ClickKeyword.groovy:79)
	at com.kms.katalon.core.webui.keyword.builtin.ClickKeyword$_click_closure1.call(ClickKeyword.groovy)
	at com.kms.katalon.core.webui.keyword.internal.WebUIKeywordMain.runKeyword(WebUIKeywordMain.groovy:20)
	at com.kms.katalon.core.webui.keyword.builtin.ClickKeyword.click(ClickKeyword.groovy:86)
	at com.kms.katalon.core.webui.keyword.builtin.ClickKeyword.execute(ClickKeyword.groovy:67)
	at com.kms.katalon.core.keyword.internal.KeywordExecutor.executeKeywordForPlatform(KeywordExecutor.groovy:56)
	at com.kms.katalon.core.webui.keyword.WebUiBuiltInKeywords.click(WebUiBuiltInKeywords.groovy:616)
	at com.kms.katalon.core.webui.keyword.WebUiBuiltInKeywords$click$2.call(Unknown Source)
	at Script1557406804628.run(Script1557406804628.groovy:62)
	at com.kms.katalon.core.main.ScriptEngine.run(ScriptEngine.java:194)
	at com.kms.katalon.core.main.ScriptEngine.runScriptAsRawText(ScriptEngine.java:119)
	at com.kms.katalon.core.main.TestCaseExecutor.runScript(TestCaseExecutor.java:342)
	at com.kms.katalon.core.main.TestCaseExecutor.doExecute(TestCaseExecutor.java:333)
	at com.kms.katalon.core.main.TestCaseExecutor.processExecutionPhase(TestCaseExecutor.java:312)
	at com.kms.katalon.core.main.TestCaseExecutor.accessMainPhase(TestCaseExecutor.java:304)
	at com.kms.katalon.core.main.TestCaseExecutor.execute(TestCaseExecutor.java:238)
	at com.kms.katalon.core.main.TestCaseMain.runTestCase(TestCaseMain.java:114)
	at com.kms.katalon.core.keyword.builtin.CallTestCaseKeyword$_callTestCase_closure1.doCall(CallTestCaseKeyword.groovy:59)
	at com.kms.katalon.core.keyword.builtin.CallTestCaseKeyword$_callTestCase_closure1.call(CallTestCaseKeyword.groovy)
	at com.kms.katalon.core.keyword.internal.KeywordMain.runKeyword(KeywordMain.groovy:66)
	at com.kms.katalon.core.keyword.builtin.CallTestCaseKeyword.callTestCase(CallTestCaseKeyword.groovy:81)
	at com.kms.katalon.core.keyword.builtin.CallTestCaseKeyword.execute(CallTestCaseKeyword.groovy:44)
	at com.kms.katalon.core.keyword.internal.KeywordExecutor.executeKeywordForPlatform(KeywordExecutor.groovy:56)
	at com.kms.katalon.core.keyword.BuiltinKeywords.callTestCase(BuiltinKeywords.groovy:334)
	at Script1561622381078.run(Script1561622381078.groovy:24)
	... 13 more]]></system-out>
         <system-err><![CDATA[2019-06-27 17:29:24 - [TEST_CASE][FAILED] - Test Cases/NewArrival/BOShowOrder: Test Cases/NewArrival/BOShowOrder FAILED.
Reason:
com.kms.katalon.core.exception.StepFailedException: Call Test Case 'Test Cases/NewArrival/createAPhysicalShow_IMHostess' failed
	at com.kms.katalon.core.keyword.builtin.CallTestCaseKeyword$_callTestCase_closure1.doCall(CallTestCaseKeyword.groovy:63)
	at com.kms.katalon.core.keyword.builtin.CallTestCaseKeyword$_callTestCase_closure1.call(CallTestCaseKeyword.groovy)
	at com.kms.katalon.core.keyword.internal.KeywordMain.runKeyword(KeywordMain.groovy:66)
	at com.kms.katalon.core.keyword.builtin.CallTestCaseKeyword.callTestCase(CallTestCaseKeyword.groovy:81)
	at com.kms.katalon.core.keyword.builtin.CallTestCaseKeyword.execute(CallTestCaseKeyword.groovy:44)
	at com.kms.katalon.core.keyword.internal.KeywordExecutor.executeKeywordForPlatform(KeywordExecutor.groovy:56)
	at com.kms.katalon.core.keyword.BuiltinKeywords.callTestCase(BuiltinKeywords.groovy:334)
	at BOShowOrder.run(BOShowOrder:24)
	at com.kms.katalon.core.main.ScriptEngine.run(ScriptEngine.java:194)
	at com.kms.katalon.core.main.ScriptEngine.runScriptAsRawText(ScriptEngine.java:119)
	at com.kms.katalon.core.main.TestCaseExecutor.runScript(TestCaseExecutor.java:342)
	at com.kms.katalon.core.main.TestCaseExecutor.doExecute(TestCaseExecutor.java:333)
	at com.kms.katalon.core.main.TestCaseExecutor.processExecutionPhase(TestCaseExecutor.java:312)
	at com.kms.katalon.core.main.TestCaseExecutor.accessMainPhase(TestCaseExecutor.java:304)
	at com.kms.katalon.core.main.TestCaseExecutor.execute(TestCaseExecutor.java:238)
	at com.kms.katalon.core.main.TestSuiteExecutor.accessTestCaseMainPhase(TestSuiteExecutor.java:129)
	at com.kms.katalon.core.main.TestSuiteExecutor.accessTestSuiteMainPhase(TestSuiteExecutor.java:112)
	at com.kms.katalon.core.main.TestSuiteExecutor.execute(TestSuiteExecutor.java:81)
	at com.kms.katalon.core.main.TestCaseMain.startTestSuite(TestCaseMain.java:157)
	at com.kms.katalon.core.main.TestCaseMain$startTestSuite$0.call(Unknown Source)
	at TempTestSuite1561635994222.run(TempTestSuite1561635994222.groovy:35)
Caused by: com.kms.katalon.core.exception.StepFailedException: Unable to click on object 'Object Repository/Page_cabi Create ShowTime_Place/label_Tax Rate Calculated'
	at com.kms.katalon.core.webui.keyword.internal.WebUIKeywordMain.stepFailed(WebUIKeywordMain.groovy:64)
	at com.kms.katalon.core.webui.keyword.internal.WebUIKeywordMain.runKeyword(WebUIKeywordMain.groovy:26)
	at com.kms.katalon.core.webui.keyword.builtin.ClickKeyword.click(ClickKeyword.groovy:86)
	at com.kms.katalon.core.webui.keyword.builtin.ClickKeyword.execute(ClickKeyword.groovy:67)
	at com.kms.katalon.core.keyword.internal.KeywordExecutor.executeKeywordForPlatform(KeywordExecutor.groovy:56)
	at com.kms.katalon.core.webui.keyword.WebUiBuiltInKeywords.click(WebUiBuiltInKeywords.groovy:616)
	at com.kms.katalon.core.webui.keyword.WebUiBuiltInKeywords$click$2.call(Unknown Source)
	at createAPhysicalShow_IMHostess.run(createAPhysicalShow_IMHostess:62)
	at com.kms.katalon.core.main.ScriptEngine.run(ScriptEngine.java:194)
	at com.kms.katalon.core.main.ScriptEngine.runScriptAsRawText(ScriptEngine.java:119)
	at com.kms.katalon.core.main.TestCaseExecutor.runScript(TestCaseExecutor.java:342)
	at com.kms.katalon.core.main.TestCaseExecutor.doExecute(TestCaseExecutor.java:333)
	at com.kms.katalon.core.main.TestCaseExecutor.processExecutionPhase(TestCaseExecutor.java:312)
	at com.kms.katalon.core.main.TestCaseExecutor.accessMainPhase(TestCaseExecutor.java:304)
	at com.kms.katalon.core.main.TestCaseExecutor.execute(TestCaseExecutor.java:238)
	at com.kms.katalon.core.main.TestCaseMain.runTestCase(TestCaseMain.java:114)
	at com.kms.katalon.core.keyword.builtin.CallTestCaseKeyword$_callTestCase_closure1.doCall(CallTestCaseKeyword.groovy:59)
	... 20 more
Caused by: org.openqa.selenium.ElementClickInterceptedException: element click intercepted: Element <label id="calculatedTaxDetails">...</label> is not clickable at point (858, 606). Other element would receive the click: <ul class="form-list">...</ul>
  (Session info: chrome=75.0.3770.100)
  (Driver info: chromedriver=74.0.3729.6 (255758eccf3d244491b8a1317aa76e1ce10d57e9-refs/branch-heads/3729@{#29}),platform=Windows NT 6.3.9600 x86_64) (WARNING: The server did not provide any stacktrace information)
Command duration or timeout: 0 milliseconds
Build info: version: '3.7.1', revision: '8a0099a', time: '2017-11-06T21:07:36.161Z'
System info: host: 'NIVEDITA', ip: '10.0.102.159', os.name: 'Windows 8.1', os.arch: 'amd64', os.version: '6.3', java.version: '1.8.0_181'
Driver info: com.kms.katalon.selenium.driver.CChromeDriver
Capabilities {acceptInsecureCerts: false, acceptSslCerts: false, applicationCacheEnabled: false, browserConnectionEnabled: false, browserName: chrome, chrome: {chromedriverVersion: 74.0.3729.6 (255758eccf3d24..., userDataDir: C:\Users\user\AppData\Local...}, cssSelectorsEnabled: true, databaseEnabled: false, goog:chromeOptions: {debuggerAddress: localhost:55733}, handlesAlerts: true, hasTouchScreen: false, javascriptEnabled: true, locationContextEnabled: true, mobileEmulationEnabled: false, nativeEvents: true, networkConnectionEnabled: false, pageLoadStrategy: normal, platform: XP, platformName: XP, proxy: Proxy(direct), rotatable: false, setWindowRect: true, strictFileInteractability: false, takesHeapSnapshot: true, takesScreenshot: true, timeouts: {implicit: 0, pageLoad: 300000, script: 30000}, unexpectedAlertBehaviour: ignore, unhandledPromptBehavior: ignore, version: 75.0.3770.100, webStorageEnabled: true}
Session ID: 35a402264747c5092bc8a79f79ee00d5
	at org.openqa.selenium.remote.ErrorHandler.createThrowable(ErrorHandler.java:214)
	at org.openqa.selenium.remote.ErrorHandler.throwIfResponseFailed(ErrorHandler.java:166)
	at org.openqa.selenium.remote.http.JsonHttpResponseCodec.reconstructValue(JsonHttpResponseCodec.java:40)
	at org.openqa.selenium.remote.http.AbstractHttpResponseCodec.decode(AbstractHttpResponseCodec.java:80)
	at org.openqa.selenium.remote.http.AbstractHttpResponseCodec.decode(AbstractHttpResponseCodec.java:44)
	at org.openqa.selenium.remote.HttpCommandExecutor.execute(HttpCommandExecutor.java:164)
	at org.openqa.selenium.remote.service.DriverCommandExecutor.execute(DriverCommandExecutor.java:83)
	at org.openqa.selenium.remote.RemoteWebDriver.execute(RemoteWebDriver.java:600)
	at com.kms.katalon.selenium.driver.CChromeDriver.execute(CChromeDriver.java:20)
	at org.openqa.selenium.remote.RemoteWebElement.execute(RemoteWebElement.java:279)
	at org.openqa.selenium.remote.RemoteWebElement.click(RemoteWebElement.java:83)
	at com.kms.katalon.core.webui.keyword.builtin.ClickKeyword$_click_closure1.doCall(ClickKeyword.groovy:79)
	at com.kms.katalon.core.webui.keyword.builtin.ClickKeyword$_click_closure1.call(ClickKeyword.groovy)
	at com.kms.katalon.core.webui.keyword.internal.WebUIKeywordMain.runKeyword(WebUIKeywordMain.groovy:20)
	at com.kms.katalon.core.webui.keyword.builtin.ClickKeyword.click(ClickKeyword.groovy:86)
	at com.kms.katalon.core.webui.keyword.builtin.ClickKeyword.execute(ClickKeyword.groovy:67)
	at com.kms.katalon.core.keyword.internal.KeywordExecutor.executeKeywordForPlatform(KeywordExecutor.groovy:56)
	at com.kms.katalon.core.webui.keyword.WebUiBuiltInKeywords.click(WebUiBuiltInKeywords.groovy:616)
	at com.kms.katalon.core.webui.keyword.WebUiBuiltInKeywords$click$2.call(Unknown Source)
	at Script1557406804628.run(Script1557406804628.groovy:62)
	at com.kms.katalon.core.main.ScriptEngine.run(ScriptEngine.java:194)
	at com.kms.katalon.core.main.ScriptEngine.runScriptAsRawText(ScriptEngine.java:119)
	at com.kms.katalon.core.main.TestCaseExecutor.runScript(TestCaseExecutor.java:342)
	at com.kms.katalon.core.main.TestCaseExecutor.doExecute(TestCaseExecutor.java:333)
	at com.kms.katalon.core.main.TestCaseExecutor.processExecutionPhase(TestCaseExecutor.java:312)
	at com.kms.katalon.core.main.TestCaseExecutor.accessMainPhase(TestCaseExecutor.java:304)
	at com.kms.katalon.core.main.TestCaseExecutor.execute(TestCaseExecutor.java:238)
	at com.kms.katalon.core.main.TestCaseMain.runTestCase(TestCaseMain.java:114)
	at com.kms.katalon.core.keyword.builtin.CallTestCaseKeyword$_callTestCase_closure1.doCall(CallTestCaseKeyword.groovy:59)
	at com.kms.katalon.core.keyword.builtin.CallTestCaseKeyword$_callTestCase_closure1.call(CallTestCaseKeyword.groovy)
	at com.kms.katalon.core.keyword.internal.KeywordMain.runKeyword(KeywordMain.groovy:66)
	at com.kms.katalon.core.keyword.builtin.CallTestCaseKeyword.callTestCase(CallTestCaseKeyword.groovy:81)
	at com.kms.katalon.core.keyword.builtin.CallTestCaseKeyword.execute(CallTestCaseKeyword.groovy:44)
	at com.kms.katalon.core.keyword.internal.KeywordExecutor.executeKeywordForPlatform(KeywordExecutor.groovy:56)
	at com.kms.katalon.core.keyword.BuiltinKeywords.callTestCase(BuiltinKeywords.groovy:334)
	at Script1561622381078.run(Script1561622381078.groovy:24)
	... 13 more]]></system-err>
      </testcase>
      <testcase name="Test Cases/NewArrival/CCOrders" classname="Test Cases/NewArrival/CCOrders" status="PASSED">
         <system-out><![CDATA[2019-06-27 17:30:29 - [TEST_CASE][PASSED] - Test Cases/NewArrival/CCOrders: Test Cases/NewArrival/CCOrders

2019-06-27 17:30:29 - [TEST_STEP][PASSED] - Start listener action : sampleBeforeTestCase: null

2019-06-27 17:30:29 - [TEST_STEP][PASSED] - println(testCaseContext.getTestCaseId()): null

2019-06-27 17:30:29 - [TEST_STEP][PASSED] - println(testCaseContext.getTestCaseVariables()): null

2019-06-27 17:30:29 - [TEST_STEP][PASSED] - openBrowser(""): Browser is opened with url: ''

2019-06-27 17:30:29 - [MESSAGE][WARNING] - A browser is already opened. Closing browser and opening a new one

2019-06-27 17:30:30 - [MESSAGE][INFO] - Starting 'Chrome' driver

2019-06-27 17:30:30 - [MESSAGE][INFO] - User set preference: ['args', '[--use-fake-ui-for-media-stream, --start-maximized]']

2019-06-27 17:30:32 - [MESSAGE][PASSED] - Browser is opened with url: ''

2019-06-27 17:30:32 - [TEST_STEP][PASSED] - for ([timeRow = 1, timeRow <= findTestData("timezoneData").getRowNumbers(), (timeRow++)]): Call Test Case 'Test Cases/NewArrival/productVerifyShort' successfully

2019-06-27 17:30:32 - [TEST_STEP][PASSED] - callTestCase(findTestCase("NewArrival/populateTimeGlobalVars"), ["row":timeRow], STOP_ON_FAILURE): Call Test Case 'Test Cases/NewArrival/populateTimeGlobalVars' successfully

2019-06-27 17:30:32 - [TEST_CASE][PASSED] - Test Cases/NewArrival/populateTimeGlobalVars: Test Cases/NewArrival/populateTimeGlobalVars

2019-06-27 17:30:32 - [TEST_STEP][PASSED] - dataFile = "timezoneData": null

2019-06-27 17:30:32 - [TEST_STEP][PASSED] - serverTarget = UtilityMethods.getTestData(dataFile, "serverTarget", row): null

2019-06-27 17:30:32 - [TEST_STEP][PASSED] - orderType = UtilityMethods.getTestData(dataFile, "orderType", row): null

2019-06-27 17:30:32 - [TEST_STEP][PASSED] - timeZone = UtilityMethods.getTestData(dataFile, "timeZone", row): null

2019-06-27 17:30:32 - [TEST_STEP][PASSED] - BOPersonal = UtilityMethods.getTestData(dataFile, "BOPersonal", row): null

2019-06-27 17:30:32 - [TEST_STEP][PASSED] - BOAddonPersonal = UtilityMethods.getTestData(dataFile, "BOAddonPersonal", row): null

2019-06-27 17:30:32 - [TEST_STEP][PASSED] - BOAddonRetail = UtilityMethods.getTestData(dataFile, "BOAddonRetail", row): null

2019-06-27 17:30:32 - [TEST_STEP][PASSED] - BORetail = UtilityMethods.getTestData(dataFile, "BORetail", row): null

2019-06-27 17:30:32 - [TEST_STEP][PASSED] - BOShow = UtilityMethods.getTestData(dataFile, "BOShow", row): null

2019-06-27 17:30:32 - [TEST_STEP][PASSED] - BOOnlineoutlet = UtilityMethods.getTestData(dataFile, "BOOnlineoutlet", row): null

2019-06-27 17:30:32 - [TEST_STEP][PASSED] - BOEmployee = UtilityMethods.getTestData(dataFile, "BOEmployee", row): null

2019-06-27 17:30:32 - [TEST_STEP][PASSED] - CCPersonal = UtilityMethods.getTestData(dataFile, "CCPersonal", row): null

2019-06-27 17:30:33 - [TEST_STEP][PASSED] - CCRetail = UtilityMethods.getTestData(dataFile, "CCRetail", row): null

2019-06-27 17:30:33 - [TEST_STEP][PASSED] - CCShow = UtilityMethods.getTestData(dataFile, "CCShow", row): null

2019-06-27 17:30:33 - [TEST_STEP][PASSED] - BOEblast = UtilityMethods.getTestData(dataFile, "BOEblast", row): null

2019-06-27 17:30:33 - [MESSAGE][PASSED] - Call Test Case 'Test Cases/NewArrival/populateTimeGlobalVars' successfully

2019-06-27 17:30:33 - [TEST_STEP][PASSED] - callTestCase(findTestCase("NewArrival/setTimezone"), ["ofbizURL":"", "ofbizuser":"", "ofbizpass":"", "orderType":orderType, "timeZone":timeZone, "serverTarget":serverTarget], STOP_ON_FAILURE): Call Test Case 'Test Cases/NewArrival/setTimezone' successfully

2019-06-27 17:30:33 - [TEST_CASE][PASSED] - Test Cases/NewArrival/setTimezone: Test Cases/NewArrival/setTimezone

2019-06-27 17:30:33 - [TEST_STEP][NOT_RUN] - openBrowser(""): NOT_RUN: openBrowser("")

2019-06-27 17:30:33 - [MESSAGE][NOT_RUN] - NOT_RUN: openBrowser("")

2019-06-27 17:30:33 - [TEST_STEP][NOT_RUN] - maximizeWindow(): NOT_RUN: maximizeWindow()

2019-06-27 17:30:33 - [MESSAGE][NOT_RUN] - NOT_RUN: maximizeWindow()

2019-06-27 17:30:33 - [TEST_STEP][PASSED] - ofbizURL = findTestData("credData").getValue("ofbizURL", 1): null

2019-06-27 17:30:33 - [TEST_STEP][PASSED] - ofbizuser = findTestData("credData").getValue("ofbizuser", 1): null

2019-06-27 17:30:33 - [TEST_STEP][PASSED] - ofbizpass = findTestData("credData").getValue("ofbizpass", 1): null

2019-06-27 17:30:33 - [TEST_STEP][PASSED] - navigateToUrl(ofbizURL): Navigate to 'https://pushofbiz.cliotest.com/login.php' successfully

2019-06-27 17:30:35 - [MESSAGE][PASSED] - Navigate to 'https://pushofbiz.cliotest.com/login.php' successfully

2019-06-27 17:30:35 - [TEST_STEP][PASSED] - setText(findTestObject("Page_/input_Username_username"), ofbizuser): Text 'automation' is set on object 'Object Repository/Page_/input_Username_username'

2019-06-27 17:30:35 - [MESSAGE][PASSED] - Text 'automation' is set on object 'Object Repository/Page_/input_Username_username'

2019-06-27 17:30:35 - [TEST_STEP][PASSED] - setText(findTestObject("Page_/input_Password_password"), ofbizpass): Text 'cabiautomation' is set on object 'Object Repository/Page_/input_Password_password'

2019-06-27 17:30:35 - [MESSAGE][PASSED] - Text 'cabiautomation' is set on object 'Object Repository/Page_/input_Password_password'

2019-06-27 17:30:35 - [TEST_STEP][PASSED] - click(findTestObject("Page_/input_Password_Submit")): Object: 'Object Repository/Page_/input_Password_Submit' is clicked on

2019-06-27 17:30:39 - [MESSAGE][PASSED] - Object: 'Object Repository/Page_/input_Password_Submit' is clicked on

2019-06-27 17:30:39 - [TEST_STEP][PASSED] - click(findTestObject("Object Repository/Page_/a_Clock set")): Object: 'Object Repository/Page_/a_Clock set' is clicked on

2019-06-27 17:30:40 - [MESSAGE][PASSED] - Object: 'Object Repository/Page_/a_Clock set' is clicked on

2019-06-27 17:30:40 - [TEST_STEP][PASSED] - click(UtilityMethods.createTestObject("select_target", "//select[@name='Target']/option[contains(text(), '", serverTarget, "')]")): Object: 'select_target' is clicked on

2019-06-27 17:30:40 - [MESSAGE][PASSED] - Object: 'select_target' is clicked on

2019-06-27 17:30:40 - [TEST_STEP][PASSED] - click(findTestObject("Page_/thisDateAndTime")): Object: 'Object Repository/Page_/thisDateAndTime' is clicked on

2019-06-27 17:30:40 - [MESSAGE][PASSED] - Object: 'Object Repository/Page_/thisDateAndTime' is clicked on

2019-06-27 17:30:40 - [TEST_STEP][PASSED] - setText(findTestObject("Object Repository/Page_/setTargetTime"), timeZone): Text ' 04/17/2019 7:00' is set on object 'Object Repository/Page_/setTargetTime'

2019-06-27 17:30:40 - [MESSAGE][PASSED] - Text ' 04/17/2019 7:00' is set on object 'Object Repository/Page_/setTargetTime'

2019-06-27 17:30:40 - [TEST_STEP][PASSED] - click(findTestObject("Object Repository/Page_/input")): Object: 'Object Repository/Page_/input' is clicked on

2019-06-27 17:30:41 - [MESSAGE][PASSED] - Object: 'Object Repository/Page_/input' is clicked on

2019-06-27 17:30:41 - [TEST_STEP][PASSED] - delay(10): Delayed 10 second(s)

2019-06-27 17:30:51 - [MESSAGE][PASSED] - Delayed 10 second(s)

2019-06-27 17:30:51 - [TEST_STEP][NOT_RUN] - closeBrowser(): NOT_RUN: closeBrowser()

2019-06-27 17:30:51 - [MESSAGE][NOT_RUN] - NOT_RUN: closeBrowser()

2019-06-27 17:30:51 - [MESSAGE][PASSED] - Call Test Case 'Test Cases/NewArrival/setTimezone' successfully

2019-06-27 17:30:51 - [TEST_STEP][PASSED] - callTestCase(findTestCase("TestCaseUtilities/cabiCentralLogin"), [:], STOP_ON_FAILURE): Call Test Case 'Test Cases/TestCaseUtilities/cabiCentralLogin' successfully

2019-06-27 17:30:51 - [TEST_CASE][PASSED] - Test Cases/TestCaseUtilities/cabiCentralLogin: Test Cases/TestCaseUtilities/cabiCentralLogin

2019-06-27 17:30:51 - [TEST_STEP][PASSED] - CCURL = findTestData("credData").getValue("CCURL", 1): null

2019-06-27 17:30:51 - [TEST_STEP][PASSED] - CCuser = findTestData("credData").getValue("CCuser", 1): null

2019-06-27 17:30:51 - [TEST_STEP][PASSED] - CCpass = findTestData("credData").getValue("CCpass", 1): null

2019-06-27 17:30:51 - [TEST_STEP][PASSED] - openBrowser(""): Browser is opened with url: ''

2019-06-27 17:30:51 - [MESSAGE][WARNING] - A browser is already opened. Closing browser and opening a new one

2019-06-27 17:30:52 - [MESSAGE][INFO] - Starting 'Chrome' driver

2019-06-27 17:30:52 - [MESSAGE][INFO] - User set preference: ['args', '[--use-fake-ui-for-media-stream, --start-maximized]']

2019-06-27 17:30:54 - [MESSAGE][PASSED] - Browser is opened with url: ''

2019-06-27 17:30:54 - [TEST_STEP][PASSED] - navigateToUrl(CCURL): Navigate to 'https://test14.cliotest.com/cabicentral/control/main' successfully

2019-06-27 17:31:01 - [MESSAGE][PASSED] - Navigate to 'https://test14.cliotest.com/cabicentral/control/main' successfully

2019-06-27 17:31:01 - [TEST_STEP][PASSED] - maximizeWindow(): Current window maximized

2019-06-27 17:31:02 - [MESSAGE][PASSED] - Current window maximized

2019-06-27 17:31:02 - [TEST_STEP][PASSED] - logOut = findWebElements(findTestObject("Object Repository/Page_cabi Home/log_out"), 1): Unable to find the element located by 'By.xpath: //a[contains(text(),'Log Out')]'. Please recheck the objects properties to make sure the desired element is located. 

2019-06-27 17:31:03 - [MESSAGE][INFO] - Unable to find the element located by 'By.xpath: //a[contains(text(),'Log Out')]'. Please recheck the objects properties to make sure the desired element is located. 

2019-06-27 17:31:03 - [TEST_STEP][PASSED] - if (logOut.size() == 0): Object: 'Object Repository/Page_cabi/input_Password_section-btn btn-stl-pk rFloat' is clicked on

2019-06-27 17:31:03 - [TEST_STEP][PASSED] - setText(findTestObject("Object Repository/Page_cabi/input_Username_USERNAME"), CCuser): Text 'ehudson' is set on object 'Object Repository/Page_cabi/input_Username_USERNAME'

2019-06-27 17:31:03 - [MESSAGE][PASSED] - Text 'ehudson' is set on object 'Object Repository/Page_cabi/input_Username_USERNAME'

2019-06-27 17:31:03 - [TEST_STEP][PASSED] - setText(findTestObject("Object Repository/Page_cabi/input_Password_PASSWORD"), CCpass): Text 'blackdress19' is set on object 'Object Repository/Page_cabi/input_Password_PASSWORD'

2019-06-27 17:31:04 - [MESSAGE][PASSED] - Text 'blackdress19' is set on object 'Object Repository/Page_cabi/input_Password_PASSWORD'

2019-06-27 17:31:04 - [TEST_STEP][PASSED] - delay(1): Delayed 1 second(s)

2019-06-27 17:31:05 - [MESSAGE][PASSED] - Delayed 1 second(s)

2019-06-27 17:31:05 - [TEST_STEP][PASSED] - click(findTestObject("Object Repository/Page_cabi/input_Password_section-btn btn-stl-pk rFloat")): Object: 'Object Repository/Page_cabi/input_Password_section-btn btn-stl-pk rFloat' is clicked on

2019-06-27 17:31:08 - [MESSAGE][PASSED] - Object: 'Object Repository/Page_cabi/input_Password_section-btn btn-stl-pk rFloat' is clicked on

2019-06-27 17:31:08 - [TEST_STEP][PASSED] - delay(3): Delayed 3 second(s)

2019-06-27 17:31:11 - [MESSAGE][PASSED] - Delayed 3 second(s)

2019-06-27 17:31:11 - [MESSAGE][PASSED] - Call Test Case 'Test Cases/TestCaseUtilities/cabiCentralLogin' successfully

2019-06-27 17:31:11 - [TEST_STEP][PASSED] - delay(3): Delayed 3 second(s)

2019-06-27 17:31:14 - [MESSAGE][PASSED] - Delayed 3 second(s)

2019-06-27 17:31:14 - [TEST_STEP][PASSED] - click(findTestObject("Page_cabi cabiCentral Tasks/a_ORDERS")): Object: 'Object Repository/Page_cabi cabiCentral Tasks/a_ORDERS' is clicked on

2019-06-27 17:31:16 - [MESSAGE][PASSED] - Object: 'Object Repository/Page_cabi cabiCentral Tasks/a_ORDERS' is clicked on

2019-06-27 17:31:16 - [TEST_STEP][PASSED] - delay(3): Delayed 3 second(s)

2019-06-27 17:31:19 - [MESSAGE][PASSED] - Delayed 3 second(s)

2019-06-27 17:31:19 - [TEST_STEP][PASSED] - click(findTestObject("Page_cabi Find Order/a_Create Order")): Object: 'Object Repository/Page_cabi Find Order/a_Create Order' is clicked on

2019-06-27 17:31:20 - [MESSAGE][PASSED] - Object: 'Object Repository/Page_cabi Find Order/a_Create Order' is clicked on

2019-06-27 17:31:20 - [TEST_STEP][PASSED] - selectOptionByValue(findTestObject("Page_cabi Create Order/select_order_type"), "PERSONAL", true): All options with value 'PERSONAL' are selected in object 'Object Repository/Page_cabi Create Order/select_order_type'  using regular expression

2019-06-27 17:31:20 - [MESSAGE][PASSED] - All options with value 'PERSONAL' are selected in object 'Object Repository/Page_cabi Create Order/select_order_type'  using regular expression

2019-06-27 17:31:20 - [TEST_STEP][PASSED] - click(findTestObject("Page_cabi Create Order/input_select_order_type")): Object: 'Object Repository/Page_cabi Create Order/input_select_order_type' is clicked on

2019-06-27 17:31:24 - [MESSAGE][PASSED] - Object: 'Object Repository/Page_cabi Create Order/input_select_order_type' is clicked on

2019-06-27 17:31:24 - [TEST_STEP][PASSED] - callTestCase(findTestCase("NewArrival/productVerifyShort"), ["available":CCPersonal, "storeType":"CCPersonal"], STOP_ON_FAILURE): Call Test Case 'Test Cases/NewArrival/productVerifyShort' successfully

2019-06-27 17:31:24 - [TEST_CASE][PASSED] - Test Cases/NewArrival/productVerifyShort: Test Cases/NewArrival/productVerifyShort

2019-06-27 17:31:25 - [TEST_STEP][PASSED] - for ([row = 1, row <= findTestData("productData").getRowNumbers(), (row++)]): Delayed 3 second(s)

2019-06-27 17:31:25 - [TEST_STEP][PASSED] - delay(2): Delayed 2 second(s)

2019-06-27 17:31:27 - [MESSAGE][PASSED] - Delayed 2 second(s)

2019-06-27 17:31:27 - [TEST_STEP][PASSED] - setText(findTestObject("Object Repository/Page_cabi Create Order/input_Manual Discount_stylelookup_0"), findTestData("productData").getValue("Style", row)): Text '5618' is set on object 'Object Repository/Page_cabi Create Order/input_Manual Discount_stylelookup_0'

2019-06-27 17:31:27 - [MESSAGE][PASSED] - Text '5618' is set on object 'Object Repository/Page_cabi Create Order/input_Manual Discount_stylelookup_0'

2019-06-27 17:31:27 - [TEST_STEP][PASSED] - delay(2): Delayed 2 second(s)

2019-06-27 17:31:29 - [MESSAGE][PASSED] - Delayed 2 second(s)

2019-06-27 17:31:29 - [TEST_STEP][PASSED] - prod_message = getText(findTestObject("Page_cabi Create Order/first_option")): Text of object 'Object Repository/Page_cabi Create Order/first_option' is: '5618 Breeze Dress'

2019-06-27 17:31:29 - [MESSAGE][PASSED] - Text of object 'Object Repository/Page_cabi Create Order/first_option' is: '5618 Breeze Dress'

2019-06-27 17:31:29 - [TEST_STEP][PASSED] - delay(1): Delayed 1 second(s)

2019-06-27 17:31:30 - [MESSAGE][PASSED] - Delayed 1 second(s)

2019-06-27 17:31:30 - [TEST_STEP][PASSED] - click(findTestObject("Page_cabi Create Order/first_option")): Object: 'Object Repository/Page_cabi Create Order/first_option' is clicked on

2019-06-27 17:31:30 - [MESSAGE][PASSED] - Object: 'Object Repository/Page_cabi Create Order/first_option' is clicked on

2019-06-27 17:31:30 - [TEST_STEP][PASSED] - if (toString().equalsIgnoreCase("no")): null

2019-06-27 17:31:30 - [TEST_STEP][PASSED] - else: Delayed 3 second(s)

2019-06-27 17:31:30 - [TEST_STEP][PASSED] - delay(3): Delayed 3 second(s)

2019-06-27 17:31:33 - [MESSAGE][PASSED] - Delayed 3 second(s)

2019-06-27 17:31:33 - [TEST_STEP][PASSED] - s1 = getValue("Style", row).toString(): null

2019-06-27 17:31:33 - [TEST_STEP][PASSED] - s2 = " ": null

2019-06-27 17:31:33 - [TEST_STEP][PASSED] - s3 = getValue("Description", row).toString(): null

2019-06-27 17:31:33 - [TEST_STEP][PASSED] - expectedStyleDescription = $s1$s2$s3: null

2019-06-27 17:31:33 - [TEST_STEP][PASSED] - prod_message = UtilityMethods.splitStyle(prod_message): null

2019-06-27 17:31:33 - [TEST_STEP][PASSED] - println(prod_message): null

2019-06-27 17:31:33 - [TEST_STEP][PASSED] - assert prod_message.equalsIgnoreCase(expectedStyleDescription): null

2019-06-27 17:31:33 - [TEST_STEP][PASSED] - delay(3): Delayed 3 second(s)

2019-06-27 17:31:36 - [MESSAGE][PASSED] - Delayed 3 second(s)

2019-06-27 17:31:36 - [TEST_STEP][PASSED] - colorOptions = findWebElements(findTestObject("Page_cabi Order Items/GetAttribute_Color"), 5): null

2019-06-27 17:31:36 - [TEST_STEP][PASSED] - println(colorOptions.size()): null

2019-06-27 17:31:36 - [TEST_STEP][PASSED] - expectedColour = findTestData("productData").getValue("Color", row): null

2019-06-27 17:31:36 - [TEST_STEP][PASSED] - println("expected colour is"): null

2019-06-27 17:31:36 - [TEST_STEP][PASSED] - println(expectedColour): null

2019-06-27 17:31:36 - [TEST_STEP][PASSED] - colourVerified = false: null

2019-06-27 17:31:36 - [TEST_STEP][PASSED] - for (org.openqa.selenium.WebElement op : colorOptions): null

2019-06-27 17:31:36 - [TEST_STEP][PASSED] - println(op.getText()): null

2019-06-27 17:31:36 - [TEST_STEP][PASSED] - if (expectedColour.equalsIgnoreCase(op.getText())): null

2019-06-27 17:31:36 - [TEST_STEP][PASSED] - colourVerified = true: null

2019-06-27 17:31:36 - [TEST_STEP][PASSED] - break: null

2019-06-27 17:31:36 - [TEST_STEP][PASSED] - assert colourVerified == true: null

2019-06-27 17:31:36 - [TEST_STEP][PASSED] - getPrice = getText(findTestObject("Page_cabi Create Order/retail_price")): Text of object 'Object Repository/Page_cabi Create Order/retail_price' is: '$119.00'

2019-06-27 17:31:37 - [MESSAGE][PASSED] - Text of object 'Object Repository/Page_cabi Create Order/retail_price' is: '$119.00'

2019-06-27 17:31:37 - [TEST_STEP][PASSED] - Split_Data = UtilityMethods.SplitData(getPrice): null

2019-06-27 17:31:37 - [TEST_STEP][PASSED] - verifyMatch(Split_Data, findTestData("productData").getValue("Retail", row), true): Actual text '119' and expected text '119' are matched  using regular expression

2019-06-27 17:31:37 - [MESSAGE][PASSED] - Actual text '119' and expected text '119' are matched  using regular expression

2019-06-27 17:31:37 - [TEST_STEP][PASSED] - sizeRange1 = ["XXS", "XS", "S", "M", "L", "XL"]: null

2019-06-27 17:31:37 - [TEST_STEP][PASSED] - sizeRange2 = ["00", "0", "2", "4", "6", "8", "10", "12", "14", "16"]: null

2019-06-27 17:31:37 - [TEST_STEP][PASSED] - sizeRange3 = ["Long", "Regular", "Short"]: null

2019-06-27 17:31:37 - [TEST_STEP][PASSED] - sizeRange4 = ["5", "6", "6.5", "7", "7.5", "8", "8.5", "9", "9.5", "10", "11"]: null

2019-06-27 17:31:37 - [TEST_STEP][PASSED] - sizeRangeSplit = UtilityMethods.SplitSizes(findTestData("productData").getValue("SzRange", row)): null

2019-06-27 17:31:37 - [TEST_STEP][PASSED] - sizeType = getText(findTestObject("Object Repository/Page_cabi Order Items/Size")): Text of object 'Object Repository/Page_cabi Order Items/Size' is: 'Select'

2019-06-27 17:31:37 - [MESSAGE][PASSED] - Text of object 'Object Repository/Page_cabi Order Items/Size' is: 'Select'

2019-06-27 17:31:37 - [TEST_STEP][PASSED] - sizeOptions = findWebElements(findTestObject("Object Repository/Page_cabi Order Items/Size"), 5): null

2019-06-27 17:31:37 - [TEST_STEP][PASSED] - actualRange = new java.util.ArrayList(): null

2019-06-27 17:31:37 - [TEST_STEP][PASSED] - expectedRange = <not implemented yet for class: org.codehaus.groovy.ast.expr.EmptyExpression>: null

2019-06-27 17:31:37 - [TEST_STEP][PASSED] - if (sizeType.equalsIgnoreCase("Select")): null

2019-06-27 17:31:37 - [TEST_STEP][PASSED] - for ([i = 1, i < sizeOptions.size(), (i++)]): null

2019-06-27 17:31:37 - [TEST_STEP][PASSED] - actualRange.add(get(i).getText()): null

2019-06-27 17:31:37 - [TEST_STEP][PASSED] - actualRange.add(get(i).getText()): null

2019-06-27 17:31:37 - [TEST_STEP][PASSED] - actualRange.add(get(i).getText()): null

2019-06-27 17:31:37 - [TEST_STEP][PASSED] - actualRange.add(get(i).getText()): null

2019-06-27 17:31:37 - [TEST_STEP][PASSED] - actualRange.add(get(i).getText()): null

2019-06-27 17:31:37 - [TEST_STEP][PASSED] - if (toString().equalsIgnoreCase("XS") || toString().equalsIgnoreCase("XXS")): null

2019-06-27 17:31:37 - [TEST_STEP][PASSED] - expectedRange = UtilityMethods.getExpectedRange(sizeRange1, sizeRangeSplit): null

2019-06-27 17:31:37 - [TEST_STEP][PASSED] - println("XS"): null

2019-06-27 17:31:37 - [TEST_STEP][PASSED] - println(expectedRange.toString()): null

2019-06-27 17:31:37 - [TEST_STEP][PASSED] - assert UtilityMethods.listEquals(expectedRange, actualRange) == true: null

2019-06-27 17:31:37 - [TEST_STEP][PASSED] - delay(3): Delayed 3 second(s)

2019-06-27 17:31:40 - [MESSAGE][PASSED] - Delayed 3 second(s)

2019-06-27 17:31:40 - [MESSAGE][PASSED] - Call Test Case 'Test Cases/NewArrival/productVerifyShort' successfully

2019-06-27 17:31:40 - [TEST_STEP][PASSED] - click(findTestObject("Page_cabi Find Order/a_Create Order")): Object: 'Object Repository/Page_cabi Find Order/a_Create Order' is clicked on

2019-06-27 17:31:42 - [MESSAGE][PASSED] - Object: 'Object Repository/Page_cabi Find Order/a_Create Order' is clicked on

2019-06-27 17:31:42 - [TEST_STEP][PASSED] - selectOptionByValue(findTestObject("Page_cabi Create Order/select_order_type"), "RETAIL", true): All options with value 'RETAIL' are selected in object 'Object Repository/Page_cabi Create Order/select_order_type'  using regular expression

2019-06-27 17:31:43 - [MESSAGE][PASSED] - All options with value 'RETAIL' are selected in object 'Object Repository/Page_cabi Create Order/select_order_type'  using regular expression

2019-06-27 17:31:43 - [TEST_STEP][PASSED] - click(findTestObject("Page_cabi Create Order/input_select_order_type")): Object: 'Object Repository/Page_cabi Create Order/input_select_order_type' is clicked on

2019-06-27 17:31:45 - [MESSAGE][PASSED] - Object: 'Object Repository/Page_cabi Create Order/input_select_order_type' is clicked on

2019-06-27 17:31:45 - [TEST_STEP][PASSED] - callTestCase(findTestCase("NewArrival/productVerifyShort"), ["available":CCRetail], STOP_ON_FAILURE): Call Test Case 'Test Cases/NewArrival/productVerifyShort' successfully

2019-06-27 17:31:45 - [TEST_CASE][PASSED] - Test Cases/NewArrival/productVerifyShort: Test Cases/NewArrival/productVerifyShort

2019-06-27 17:31:45 - [TEST_STEP][PASSED] - for ([row = 1, row <= findTestData("productData").getRowNumbers(), (row++)]): Delayed 3 second(s)

2019-06-27 17:31:45 - [TEST_STEP][PASSED] - delay(2): Delayed 2 second(s)

2019-06-27 17:31:47 - [MESSAGE][PASSED] - Delayed 2 second(s)

2019-06-27 17:31:47 - [TEST_STEP][PASSED] - setText(findTestObject("Object Repository/Page_cabi Create Order/input_Manual Discount_stylelookup_0"), findTestData("productData").getValue("Style", row)): Text '5618' is set on object 'Object Repository/Page_cabi Create Order/input_Manual Discount_stylelookup_0'

2019-06-27 17:31:47 - [MESSAGE][PASSED] - Text '5618' is set on object 'Object Repository/Page_cabi Create Order/input_Manual Discount_stylelookup_0'

2019-06-27 17:31:47 - [TEST_STEP][PASSED] - delay(2): Delayed 2 second(s)

2019-06-27 17:31:49 - [MESSAGE][PASSED] - Delayed 2 second(s)

2019-06-27 17:31:49 - [TEST_STEP][PASSED] - prod_message = getText(findTestObject("Page_cabi Create Order/first_option")): Text of object 'Object Repository/Page_cabi Create Order/first_option' is: '5618 Breeze Dress'

2019-06-27 17:31:49 - [MESSAGE][PASSED] - Text of object 'Object Repository/Page_cabi Create Order/first_option' is: '5618 Breeze Dress'

2019-06-27 17:31:49 - [TEST_STEP][PASSED] - delay(1): Delayed 1 second(s)

2019-06-27 17:31:50 - [MESSAGE][PASSED] - Delayed 1 second(s)

2019-06-27 17:31:50 - [TEST_STEP][PASSED] - click(findTestObject("Page_cabi Create Order/first_option")): Object: 'Object Repository/Page_cabi Create Order/first_option' is clicked on

2019-06-27 17:31:50 - [MESSAGE][PASSED] - Object: 'Object Repository/Page_cabi Create Order/first_option' is clicked on

2019-06-27 17:31:50 - [TEST_STEP][PASSED] - if (toString().equalsIgnoreCase("no")): null

2019-06-27 17:31:50 - [TEST_STEP][PASSED] - else: Delayed 3 second(s)

2019-06-27 17:31:50 - [TEST_STEP][PASSED] - delay(3): Delayed 3 second(s)

2019-06-27 17:31:53 - [MESSAGE][PASSED] - Delayed 3 second(s)

2019-06-27 17:31:53 - [TEST_STEP][PASSED] - s1 = getValue("Style", row).toString(): null

2019-06-27 17:31:53 - [TEST_STEP][PASSED] - s2 = " ": null

2019-06-27 17:31:53 - [TEST_STEP][PASSED] - s3 = getValue("Description", row).toString(): null

2019-06-27 17:31:53 - [TEST_STEP][PASSED] - expectedStyleDescription = $s1$s2$s3: null

2019-06-27 17:31:53 - [TEST_STEP][PASSED] - prod_message = UtilityMethods.splitStyle(prod_message): null

2019-06-27 17:31:53 - [TEST_STEP][PASSED] - println(prod_message): null

2019-06-27 17:31:53 - [TEST_STEP][PASSED] - assert prod_message.equalsIgnoreCase(expectedStyleDescription): null

2019-06-27 17:31:53 - [TEST_STEP][PASSED] - delay(3): Delayed 3 second(s)

2019-06-27 17:31:56 - [MESSAGE][PASSED] - Delayed 3 second(s)

2019-06-27 17:31:56 - [TEST_STEP][PASSED] - colorOptions = findWebElements(findTestObject("Page_cabi Order Items/GetAttribute_Color"), 5): null

2019-06-27 17:31:56 - [TEST_STEP][PASSED] - println(colorOptions.size()): null

2019-06-27 17:31:56 - [TEST_STEP][PASSED] - expectedColour = findTestData("productData").getValue("Color", row): null

2019-06-27 17:31:56 - [TEST_STEP][PASSED] - println("expected colour is"): null

2019-06-27 17:31:56 - [TEST_STEP][PASSED] - println(expectedColour): null

2019-06-27 17:31:56 - [TEST_STEP][PASSED] - colourVerified = false: null

2019-06-27 17:31:56 - [TEST_STEP][PASSED] - for (org.openqa.selenium.WebElement op : colorOptions): null

2019-06-27 17:31:56 - [TEST_STEP][PASSED] - println(op.getText()): null

2019-06-27 17:31:56 - [TEST_STEP][PASSED] - if (expectedColour.equalsIgnoreCase(op.getText())): null

2019-06-27 17:31:56 - [TEST_STEP][PASSED] - colourVerified = true: null

2019-06-27 17:31:56 - [TEST_STEP][PASSED] - break: null

2019-06-27 17:31:56 - [TEST_STEP][PASSED] - assert colourVerified == true: null

2019-06-27 17:31:56 - [TEST_STEP][PASSED] - getPrice = getText(findTestObject("Page_cabi Create Order/retail_price")): Text of object 'Object Repository/Page_cabi Create Order/retail_price' is: '$119.00'

2019-06-27 17:31:56 - [MESSAGE][PASSED] - Text of object 'Object Repository/Page_cabi Create Order/retail_price' is: '$119.00'

2019-06-27 17:31:56 - [TEST_STEP][PASSED] - Split_Data = UtilityMethods.SplitData(getPrice): null

2019-06-27 17:31:56 - [TEST_STEP][PASSED] - verifyMatch(Split_Data, findTestData("productData").getValue("Retail", row), true): Actual text '119' and expected text '119' are matched  using regular expression

2019-06-27 17:31:56 - [MESSAGE][PASSED] - Actual text '119' and expected text '119' are matched  using regular expression

2019-06-27 17:31:56 - [TEST_STEP][PASSED] - sizeRange1 = ["XXS", "XS", "S", "M", "L", "XL"]: null

2019-06-27 17:31:56 - [TEST_STEP][PASSED] - sizeRange2 = ["00", "0", "2", "4", "6", "8", "10", "12", "14", "16"]: null

2019-06-27 17:31:56 - [TEST_STEP][PASSED] - sizeRange3 = ["Long", "Regular", "Short"]: null

2019-06-27 17:31:56 - [TEST_STEP][PASSED] - sizeRange4 = ["5", "6", "6.5", "7", "7.5", "8", "8.5", "9", "9.5", "10", "11"]: null

2019-06-27 17:31:56 - [TEST_STEP][PASSED] - sizeRangeSplit = UtilityMethods.SplitSizes(findTestData("productData").getValue("SzRange", row)): null

2019-06-27 17:31:56 - [TEST_STEP][PASSED] - sizeType = getText(findTestObject("Object Repository/Page_cabi Order Items/Size")): Text of object 'Object Repository/Page_cabi Order Items/Size' is: 'Select'

2019-06-27 17:31:56 - [MESSAGE][PASSED] - Text of object 'Object Repository/Page_cabi Order Items/Size' is: 'Select'

2019-06-27 17:31:56 - [TEST_STEP][PASSED] - sizeOptions = findWebElements(findTestObject("Object Repository/Page_cabi Order Items/Size"), 5): null

2019-06-27 17:31:56 - [TEST_STEP][PASSED] - actualRange = new java.util.ArrayList(): null

2019-06-27 17:31:56 - [TEST_STEP][PASSED] - expectedRange = <not implemented yet for class: org.codehaus.groovy.ast.expr.EmptyExpression>: null

2019-06-27 17:31:56 - [TEST_STEP][PASSED] - if (sizeType.equalsIgnoreCase("Select")): null

2019-06-27 17:31:56 - [TEST_STEP][PASSED] - for ([i = 1, i < sizeOptions.size(), (i++)]): null

2019-06-27 17:31:56 - [TEST_STEP][PASSED] - actualRange.add(get(i).getText()): null

2019-06-27 17:31:56 - [TEST_STEP][PASSED] - actualRange.add(get(i).getText()): null

2019-06-27 17:31:56 - [TEST_STEP][PASSED] - actualRange.add(get(i).getText()): null

2019-06-27 17:31:57 - [TEST_STEP][PASSED] - actualRange.add(get(i).getText()): null

2019-06-27 17:31:57 - [TEST_STEP][PASSED] - actualRange.add(get(i).getText()): null

2019-06-27 17:31:57 - [TEST_STEP][PASSED] - if (toString().equalsIgnoreCase("XS") || toString().equalsIgnoreCase("XXS")): null

2019-06-27 17:31:57 - [TEST_STEP][PASSED] - expectedRange = UtilityMethods.getExpectedRange(sizeRange1, sizeRangeSplit): null

2019-06-27 17:31:57 - [TEST_STEP][PASSED] - println("XS"): null

2019-06-27 17:31:57 - [TEST_STEP][PASSED] - println(expectedRange.toString()): null

2019-06-27 17:31:57 - [TEST_STEP][PASSED] - assert UtilityMethods.listEquals(expectedRange, actualRange) == true: null

2019-06-27 17:31:57 - [TEST_STEP][PASSED] - delay(3): Delayed 3 second(s)

2019-06-27 17:32:00 - [MESSAGE][PASSED] - Delayed 3 second(s)

2019-06-27 17:32:00 - [MESSAGE][PASSED] - Call Test Case 'Test Cases/NewArrival/productVerifyShort' successfully

2019-06-27 17:32:00 - [TEST_STEP][PASSED] - click(findTestObject("Page_cabi Find Order/a_Create Order")): Object: 'Object Repository/Page_cabi Find Order/a_Create Order' is clicked on

2019-06-27 17:32:02 - [MESSAGE][PASSED] - Object: 'Object Repository/Page_cabi Find Order/a_Create Order' is clicked on

2019-06-27 17:32:02 - [TEST_STEP][PASSED] - selectOptionByValue(findTestObject("Page_cabi Create Order/select_order_type"), "SHOW", true): All options with value 'SHOW' are selected in object 'Object Repository/Page_cabi Create Order/select_order_type'  using regular expression

2019-06-27 17:32:02 - [MESSAGE][PASSED] - All options with value 'SHOW' are selected in object 'Object Repository/Page_cabi Create Order/select_order_type'  using regular expression

2019-06-27 17:32:02 - [TEST_STEP][PASSED] - click(findTestObject("Page_cabi Create Order/input_select_order_type")): Object: 'Object Repository/Page_cabi Create Order/input_select_order_type' is clicked on

2019-06-27 17:32:06 - [MESSAGE][PASSED] - Object: 'Object Repository/Page_cabi Create Order/input_select_order_type' is clicked on

2019-06-27 17:32:06 - [TEST_STEP][PASSED] - callTestCase(findTestCase("NewArrival/productVerifyShort"), ["available":CCShow], STOP_ON_FAILURE): Call Test Case 'Test Cases/NewArrival/productVerifyShort' successfully

2019-06-27 17:32:06 - [TEST_CASE][PASSED] - Test Cases/NewArrival/productVerifyShort: Test Cases/NewArrival/productVerifyShort

2019-06-27 17:32:06 - [TEST_STEP][PASSED] - for ([row = 1, row <= findTestData("productData").getRowNumbers(), (row++)]): Delayed 3 second(s)

2019-06-27 17:32:06 - [TEST_STEP][PASSED] - delay(2): Delayed 2 second(s)

2019-06-27 17:32:08 - [MESSAGE][PASSED] - Delayed 2 second(s)

2019-06-27 17:32:08 - [TEST_STEP][PASSED] - setText(findTestObject("Object Repository/Page_cabi Create Order/input_Manual Discount_stylelookup_0"), findTestData("productData").getValue("Style", row)): Text '5618' is set on object 'Object Repository/Page_cabi Create Order/input_Manual Discount_stylelookup_0'

2019-06-27 17:32:08 - [MESSAGE][PASSED] - Text '5618' is set on object 'Object Repository/Page_cabi Create Order/input_Manual Discount_stylelookup_0'

2019-06-27 17:32:08 - [TEST_STEP][PASSED] - delay(2): Delayed 2 second(s)

2019-06-27 17:32:10 - [MESSAGE][PASSED] - Delayed 2 second(s)

2019-06-27 17:32:10 - [TEST_STEP][PASSED] - prod_message = getText(findTestObject("Page_cabi Create Order/first_option")): Text of object 'Object Repository/Page_cabi Create Order/first_option' is: '5618 Breeze Dress'

2019-06-27 17:32:11 - [MESSAGE][PASSED] - Text of object 'Object Repository/Page_cabi Create Order/first_option' is: '5618 Breeze Dress'

2019-06-27 17:32:11 - [TEST_STEP][PASSED] - delay(1): Delayed 1 second(s)

2019-06-27 17:32:12 - [MESSAGE][PASSED] - Delayed 1 second(s)

2019-06-27 17:32:12 - [TEST_STEP][PASSED] - click(findTestObject("Page_cabi Create Order/first_option")): Object: 'Object Repository/Page_cabi Create Order/first_option' is clicked on

2019-06-27 17:32:12 - [MESSAGE][PASSED] - Object: 'Object Repository/Page_cabi Create Order/first_option' is clicked on

2019-06-27 17:32:12 - [TEST_STEP][PASSED] - if (toString().equalsIgnoreCase("no")): null

2019-06-27 17:32:12 - [TEST_STEP][PASSED] - else: Delayed 3 second(s)

2019-06-27 17:32:12 - [TEST_STEP][PASSED] - delay(3): Delayed 3 second(s)

2019-06-27 17:32:15 - [MESSAGE][PASSED] - Delayed 3 second(s)

2019-06-27 17:32:15 - [TEST_STEP][PASSED] - s1 = getValue("Style", row).toString(): null

2019-06-27 17:32:15 - [TEST_STEP][PASSED] - s2 = " ": null

2019-06-27 17:32:15 - [TEST_STEP][PASSED] - s3 = getValue("Description", row).toString(): null

2019-06-27 17:32:15 - [TEST_STEP][PASSED] - expectedStyleDescription = $s1$s2$s3: null

2019-06-27 17:32:15 - [TEST_STEP][PASSED] - prod_message = UtilityMethods.splitStyle(prod_message): null

2019-06-27 17:32:15 - [TEST_STEP][PASSED] - println(prod_message): null

2019-06-27 17:32:15 - [TEST_STEP][PASSED] - assert prod_message.equalsIgnoreCase(expectedStyleDescription): null

2019-06-27 17:32:15 - [TEST_STEP][PASSED] - delay(3): Delayed 3 second(s)

2019-06-27 17:32:18 - [MESSAGE][PASSED] - Delayed 3 second(s)

2019-06-27 17:32:18 - [TEST_STEP][PASSED] - colorOptions = findWebElements(findTestObject("Page_cabi Order Items/GetAttribute_Color"), 5): null

2019-06-27 17:32:18 - [TEST_STEP][PASSED] - println(colorOptions.size()): null

2019-06-27 17:32:18 - [TEST_STEP][PASSED] - expectedColour = findTestData("productData").getValue("Color", row): null

2019-06-27 17:32:18 - [TEST_STEP][PASSED] - println("expected colour is"): null

2019-06-27 17:32:18 - [TEST_STEP][PASSED] - println(expectedColour): null

2019-06-27 17:32:18 - [TEST_STEP][PASSED] - colourVerified = false: null

2019-06-27 17:32:18 - [TEST_STEP][PASSED] - for (org.openqa.selenium.WebElement op : colorOptions): null

2019-06-27 17:32:18 - [TEST_STEP][PASSED] - println(op.getText()): null

2019-06-27 17:32:18 - [TEST_STEP][PASSED] - if (expectedColour.equalsIgnoreCase(op.getText())): null

2019-06-27 17:32:18 - [TEST_STEP][PASSED] - colourVerified = true: null

2019-06-27 17:32:18 - [TEST_STEP][PASSED] - break: null

2019-06-27 17:32:18 - [TEST_STEP][PASSED] - assert colourVerified == true: null

2019-06-27 17:32:18 - [TEST_STEP][PASSED] - getPrice = getText(findTestObject("Page_cabi Create Order/retail_price")): Text of object 'Object Repository/Page_cabi Create Order/retail_price' is: '$119.00'

2019-06-27 17:32:18 - [MESSAGE][PASSED] - Text of object 'Object Repository/Page_cabi Create Order/retail_price' is: '$119.00'

2019-06-27 17:32:18 - [TEST_STEP][PASSED] - Split_Data = UtilityMethods.SplitData(getPrice): null

2019-06-27 17:32:18 - [TEST_STEP][PASSED] - verifyMatch(Split_Data, findTestData("productData").getValue("Retail", row), true): Actual text '119' and expected text '119' are matched  using regular expression

2019-06-27 17:32:18 - [MESSAGE][PASSED] - Actual text '119' and expected text '119' are matched  using regular expression

2019-06-27 17:32:18 - [TEST_STEP][PASSED] - sizeRange1 = ["XXS", "XS", "S", "M", "L", "XL"]: null

2019-06-27 17:32:18 - [TEST_STEP][PASSED] - sizeRange2 = ["00", "0", "2", "4", "6", "8", "10", "12", "14", "16"]: null

2019-06-27 17:32:18 - [TEST_STEP][PASSED] - sizeRange3 = ["Long", "Regular", "Short"]: null

2019-06-27 17:32:18 - [TEST_STEP][PASSED] - sizeRange4 = ["5", "6", "6.5", "7", "7.5", "8", "8.5", "9", "9.5", "10", "11"]: null

2019-06-27 17:32:18 - [TEST_STEP][PASSED] - sizeRangeSplit = UtilityMethods.SplitSizes(findTestData("productData").getValue("SzRange", row)): null

2019-06-27 17:32:18 - [TEST_STEP][PASSED] - sizeType = getText(findTestObject("Object Repository/Page_cabi Order Items/Size")): Text of object 'Object Repository/Page_cabi Order Items/Size' is: 'Select'

2019-06-27 17:32:18 - [MESSAGE][PASSED] - Text of object 'Object Repository/Page_cabi Order Items/Size' is: 'Select'

2019-06-27 17:32:18 - [TEST_STEP][PASSED] - sizeOptions = findWebElements(findTestObject("Object Repository/Page_cabi Order Items/Size"), 5): null

2019-06-27 17:32:18 - [TEST_STEP][PASSED] - actualRange = new java.util.ArrayList(): null

2019-06-27 17:32:18 - [TEST_STEP][PASSED] - expectedRange = <not implemented yet for class: org.codehaus.groovy.ast.expr.EmptyExpression>: null

2019-06-27 17:32:18 - [TEST_STEP][PASSED] - if (sizeType.equalsIgnoreCase("Select")): null

2019-06-27 17:32:18 - [TEST_STEP][PASSED] - for ([i = 1, i < sizeOptions.size(), (i++)]): null

2019-06-27 17:32:18 - [TEST_STEP][PASSED] - actualRange.add(get(i).getText()): null

2019-06-27 17:32:18 - [TEST_STEP][PASSED] - actualRange.add(get(i).getText()): null

2019-06-27 17:32:18 - [TEST_STEP][PASSED] - actualRange.add(get(i).getText()): null

2019-06-27 17:32:18 - [TEST_STEP][PASSED] - actualRange.add(get(i).getText()): null

2019-06-27 17:32:18 - [TEST_STEP][PASSED] - actualRange.add(get(i).getText()): null

2019-06-27 17:32:18 - [TEST_STEP][PASSED] - if (toString().equalsIgnoreCase("XS") || toString().equalsIgnoreCase("XXS")): null

2019-06-27 17:32:18 - [TEST_STEP][PASSED] - expectedRange = UtilityMethods.getExpectedRange(sizeRange1, sizeRangeSplit): null

2019-06-27 17:32:18 - [TEST_STEP][PASSED] - println("XS"): null

2019-06-27 17:32:18 - [TEST_STEP][PASSED] - println(expectedRange.toString()): null

2019-06-27 17:32:18 - [TEST_STEP][PASSED] - assert UtilityMethods.listEquals(expectedRange, actualRange) == true: null

2019-06-27 17:32:18 - [TEST_STEP][PASSED] - delay(3): Delayed 3 second(s)

2019-06-27 17:32:21 - [MESSAGE][PASSED] - Delayed 3 second(s)

2019-06-27 17:32:21 - [MESSAGE][PASSED] - Call Test Case 'Test Cases/NewArrival/productVerifyShort' successfully

2019-06-27 17:32:21 - [TEST_STEP][PASSED] - callTestCase(findTestCase("NewArrival/populateTimeGlobalVars"), ["row":timeRow], STOP_ON_FAILURE): Call Test Case 'Test Cases/NewArrival/populateTimeGlobalVars' successfully

2019-06-27 17:32:21 - [TEST_CASE][PASSED] - Test Cases/NewArrival/populateTimeGlobalVars: Test Cases/NewArrival/populateTimeGlobalVars

2019-06-27 17:32:21 - [TEST_STEP][PASSED] - dataFile = "timezoneData": null

2019-06-27 17:32:21 - [TEST_STEP][PASSED] - serverTarget = UtilityMethods.getTestData(dataFile, "serverTarget", row): null

2019-06-27 17:32:21 - [TEST_STEP][PASSED] - orderType = UtilityMethods.getTestData(dataFile, "orderType", row): null

2019-06-27 17:32:21 - [TEST_STEP][PASSED] - timeZone = UtilityMethods.getTestData(dataFile, "timeZone", row): null

2019-06-27 17:32:21 - [TEST_STEP][PASSED] - BOPersonal = UtilityMethods.getTestData(dataFile, "BOPersonal", row): null

2019-06-27 17:32:21 - [TEST_STEP][PASSED] - BOAddonPersonal = UtilityMethods.getTestData(dataFile, "BOAddonPersonal", row): null

2019-06-27 17:32:21 - [TEST_STEP][PASSED] - BOAddonRetail = UtilityMethods.getTestData(dataFile, "BOAddonRetail", row): null

2019-06-27 17:32:21 - [TEST_STEP][PASSED] - BORetail = UtilityMethods.getTestData(dataFile, "BORetail", row): null

2019-06-27 17:32:21 - [TEST_STEP][PASSED] - BOShow = UtilityMethods.getTestData(dataFile, "BOShow", row): null

2019-06-27 17:32:21 - [TEST_STEP][PASSED] - BOOnlineoutlet = UtilityMethods.getTestData(dataFile, "BOOnlineoutlet", row): null

2019-06-27 17:32:21 - [TEST_STEP][PASSED] - BOEmployee = UtilityMethods.getTestData(dataFile, "BOEmployee", row): null

2019-06-27 17:32:21 - [TEST_STEP][PASSED] - CCPersonal = UtilityMethods.getTestData(dataFile, "CCPersonal", row): null

2019-06-27 17:32:21 - [TEST_STEP][PASSED] - CCRetail = UtilityMethods.getTestData(dataFile, "CCRetail", row): null

2019-06-27 17:32:21 - [TEST_STEP][PASSED] - CCShow = UtilityMethods.getTestData(dataFile, "CCShow", row): null

2019-06-27 17:32:22 - [TEST_STEP][PASSED] - BOEblast = UtilityMethods.getTestData(dataFile, "BOEblast", row): null

2019-06-27 17:32:22 - [MESSAGE][PASSED] - Call Test Case 'Test Cases/NewArrival/populateTimeGlobalVars' successfully

2019-06-27 17:32:22 - [TEST_STEP][PASSED] - callTestCase(findTestCase("NewArrival/setTimezone"), ["ofbizURL":"", "ofbizuser":"", "ofbizpass":"", "orderType":orderType, "timeZone":timeZone, "serverTarget":serverTarget], STOP_ON_FAILURE): Call Test Case 'Test Cases/NewArrival/setTimezone' successfully

2019-06-27 17:32:22 - [TEST_CASE][PASSED] - Test Cases/NewArrival/setTimezone: Test Cases/NewArrival/setTimezone

2019-06-27 17:32:22 - [TEST_STEP][NOT_RUN] - openBrowser(""): NOT_RUN: openBrowser("")

2019-06-27 17:32:22 - [MESSAGE][NOT_RUN] - NOT_RUN: openBrowser("")

2019-06-27 17:32:22 - [TEST_STEP][NOT_RUN] - maximizeWindow(): NOT_RUN: maximizeWindow()

2019-06-27 17:32:22 - [MESSAGE][NOT_RUN] - NOT_RUN: maximizeWindow()

2019-06-27 17:32:22 - [TEST_STEP][PASSED] - ofbizURL = findTestData("credData").getValue("ofbizURL", 1): null

2019-06-27 17:32:22 - [TEST_STEP][PASSED] - ofbizuser = findTestData("credData").getValue("ofbizuser", 1): null

2019-06-27 17:32:22 - [TEST_STEP][PASSED] - ofbizpass = findTestData("credData").getValue("ofbizpass", 1): null

2019-06-27 17:32:22 - [TEST_STEP][PASSED] - navigateToUrl(ofbizURL): Navigate to 'https://pushofbiz.cliotest.com/login.php' successfully

2019-06-27 17:32:23 - [MESSAGE][PASSED] - Navigate to 'https://pushofbiz.cliotest.com/login.php' successfully

2019-06-27 17:32:23 - [TEST_STEP][PASSED] - setText(findTestObject("Page_/input_Username_username"), ofbizuser): Text 'automation' is set on object 'Object Repository/Page_/input_Username_username'

2019-06-27 17:32:24 - [MESSAGE][PASSED] - Text 'automation' is set on object 'Object Repository/Page_/input_Username_username'

2019-06-27 17:32:24 - [TEST_STEP][PASSED] - setText(findTestObject("Page_/input_Password_password"), ofbizpass): Text 'cabiautomation' is set on object 'Object Repository/Page_/input_Password_password'

2019-06-27 17:32:24 - [MESSAGE][PASSED] - Text 'cabiautomation' is set on object 'Object Repository/Page_/input_Password_password'

2019-06-27 17:32:24 - [TEST_STEP][PASSED] - click(findTestObject("Page_/input_Password_Submit")): Object: 'Object Repository/Page_/input_Password_Submit' is clicked on

2019-06-27 17:32:28 - [MESSAGE][PASSED] - Object: 'Object Repository/Page_/input_Password_Submit' is clicked on

2019-06-27 17:32:28 - [TEST_STEP][PASSED] - click(findTestObject("Object Repository/Page_/a_Clock set")): Object: 'Object Repository/Page_/a_Clock set' is clicked on

2019-06-27 17:32:28 - [MESSAGE][PASSED] - Object: 'Object Repository/Page_/a_Clock set' is clicked on

2019-06-27 17:32:28 - [TEST_STEP][PASSED] - click(UtilityMethods.createTestObject("select_target", "//select[@name='Target']/option[contains(text(), '", serverTarget, "')]")): Object: 'select_target' is clicked on

2019-06-27 17:32:29 - [MESSAGE][PASSED] - Object: 'select_target' is clicked on

2019-06-27 17:32:29 - [TEST_STEP][PASSED] - click(findTestObject("Page_/thisDateAndTime")): Object: 'Object Repository/Page_/thisDateAndTime' is clicked on

2019-06-27 17:32:29 - [MESSAGE][PASSED] - Object: 'Object Repository/Page_/thisDateAndTime' is clicked on

2019-06-27 17:32:29 - [TEST_STEP][PASSED] - setText(findTestObject("Object Repository/Page_/setTargetTime"), timeZone): Text ' 04/25/2019 12:00' is set on object 'Object Repository/Page_/setTargetTime'

2019-06-27 17:32:29 - [MESSAGE][PASSED] - Text ' 04/25/2019 12:00' is set on object 'Object Repository/Page_/setTargetTime'

2019-06-27 17:32:29 - [TEST_STEP][PASSED] - click(findTestObject("Object Repository/Page_/input")): Object: 'Object Repository/Page_/input' is clicked on

2019-06-27 17:32:30 - [MESSAGE][PASSED] - Object: 'Object Repository/Page_/input' is clicked on

2019-06-27 17:32:30 - [TEST_STEP][PASSED] - delay(10): Delayed 10 second(s)

2019-06-27 17:32:40 - [MESSAGE][PASSED] - Delayed 10 second(s)

2019-06-27 17:32:40 - [TEST_STEP][NOT_RUN] - closeBrowser(): NOT_RUN: closeBrowser()

2019-06-27 17:32:40 - [MESSAGE][NOT_RUN] - NOT_RUN: closeBrowser()

2019-06-27 17:32:40 - [MESSAGE][PASSED] - Call Test Case 'Test Cases/NewArrival/setTimezone' successfully

2019-06-27 17:32:40 - [TEST_STEP][PASSED] - callTestCase(findTestCase("TestCaseUtilities/cabiCentralLogin"), [:], STOP_ON_FAILURE): Call Test Case 'Test Cases/TestCaseUtilities/cabiCentralLogin' successfully

2019-06-27 17:32:40 - [TEST_CASE][PASSED] - Test Cases/TestCaseUtilities/cabiCentralLogin: Test Cases/TestCaseUtilities/cabiCentralLogin

2019-06-27 17:32:40 - [TEST_STEP][PASSED] - CCURL = findTestData("credData").getValue("CCURL", 1): null

2019-06-27 17:32:40 - [TEST_STEP][PASSED] - CCuser = findTestData("credData").getValue("CCuser", 1): null

2019-06-27 17:32:40 - [TEST_STEP][PASSED] - CCpass = findTestData("credData").getValue("CCpass", 1): null

2019-06-27 17:32:40 - [TEST_STEP][PASSED] - openBrowser(""): Browser is opened with url: ''

2019-06-27 17:32:40 - [MESSAGE][WARNING] - A browser is already opened. Closing browser and opening a new one

2019-06-27 17:32:40 - [MESSAGE][INFO] - Starting 'Chrome' driver

2019-06-27 17:32:40 - [MESSAGE][INFO] - User set preference: ['args', '[--use-fake-ui-for-media-stream, --start-maximized]']

2019-06-27 17:32:43 - [MESSAGE][PASSED] - Browser is opened with url: ''

2019-06-27 17:32:43 - [TEST_STEP][PASSED] - navigateToUrl(CCURL): Navigate to 'https://test14.cliotest.com/cabicentral/control/main' successfully

2019-06-27 17:32:52 - [MESSAGE][PASSED] - Navigate to 'https://test14.cliotest.com/cabicentral/control/main' successfully

2019-06-27 17:32:52 - [TEST_STEP][PASSED] - maximizeWindow(): Current window maximized

2019-06-27 17:32:53 - [MESSAGE][PASSED] - Current window maximized

2019-06-27 17:32:53 - [TEST_STEP][PASSED] - logOut = findWebElements(findTestObject("Object Repository/Page_cabi Home/log_out"), 1): Unable to find the element located by 'By.xpath: //a[contains(text(),'Log Out')]'. Please recheck the objects properties to make sure the desired element is located. 

2019-06-27 17:32:54 - [MESSAGE][INFO] - Unable to find the element located by 'By.xpath: //a[contains(text(),'Log Out')]'. Please recheck the objects properties to make sure the desired element is located. 

2019-06-27 17:32:54 - [TEST_STEP][PASSED] - if (logOut.size() == 0): Object: 'Object Repository/Page_cabi/input_Password_section-btn btn-stl-pk rFloat' is clicked on

2019-06-27 17:32:54 - [TEST_STEP][PASSED] - setText(findTestObject("Object Repository/Page_cabi/input_Username_USERNAME"), CCuser): Text 'ehudson' is set on object 'Object Repository/Page_cabi/input_Username_USERNAME'

2019-06-27 17:32:54 - [MESSAGE][PASSED] - Text 'ehudson' is set on object 'Object Repository/Page_cabi/input_Username_USERNAME'

2019-06-27 17:32:54 - [TEST_STEP][PASSED] - setText(findTestObject("Object Repository/Page_cabi/input_Password_PASSWORD"), CCpass): Text 'blackdress19' is set on object 'Object Repository/Page_cabi/input_Password_PASSWORD'

2019-06-27 17:32:54 - [MESSAGE][PASSED] - Text 'blackdress19' is set on object 'Object Repository/Page_cabi/input_Password_PASSWORD'

2019-06-27 17:32:54 - [TEST_STEP][PASSED] - delay(1): Delayed 1 second(s)

2019-06-27 17:32:55 - [MESSAGE][PASSED] - Delayed 1 second(s)

2019-06-27 17:32:55 - [TEST_STEP][PASSED] - click(findTestObject("Object Repository/Page_cabi/input_Password_section-btn btn-stl-pk rFloat")): Object: 'Object Repository/Page_cabi/input_Password_section-btn btn-stl-pk rFloat' is clicked on

2019-06-27 17:32:58 - [MESSAGE][PASSED] - Object: 'Object Repository/Page_cabi/input_Password_section-btn btn-stl-pk rFloat' is clicked on

2019-06-27 17:32:58 - [TEST_STEP][PASSED] - delay(3): Delayed 3 second(s)

2019-06-27 17:33:01 - [MESSAGE][PASSED] - Delayed 3 second(s)

2019-06-27 17:33:01 - [MESSAGE][PASSED] - Call Test Case 'Test Cases/TestCaseUtilities/cabiCentralLogin' successfully

2019-06-27 17:33:01 - [TEST_STEP][PASSED] - delay(3): Delayed 3 second(s)

2019-06-27 17:33:04 - [MESSAGE][PASSED] - Delayed 3 second(s)

2019-06-27 17:33:04 - [TEST_STEP][PASSED] - click(findTestObject("Page_cabi cabiCentral Tasks/a_ORDERS")): Object: 'Object Repository/Page_cabi cabiCentral Tasks/a_ORDERS' is clicked on

2019-06-27 17:33:05 - [MESSAGE][PASSED] - Object: 'Object Repository/Page_cabi cabiCentral Tasks/a_ORDERS' is clicked on

2019-06-27 17:33:05 - [TEST_STEP][PASSED] - delay(3): Delayed 3 second(s)

2019-06-27 17:33:08 - [MESSAGE][PASSED] - Delayed 3 second(s)

2019-06-27 17:33:08 - [TEST_STEP][PASSED] - click(findTestObject("Page_cabi Find Order/a_Create Order")): Object: 'Object Repository/Page_cabi Find Order/a_Create Order' is clicked on

2019-06-27 17:33:09 - [MESSAGE][PASSED] - Object: 'Object Repository/Page_cabi Find Order/a_Create Order' is clicked on

2019-06-27 17:33:09 - [TEST_STEP][PASSED] - selectOptionByValue(findTestObject("Page_cabi Create Order/select_order_type"), "PERSONAL", true): All options with value 'PERSONAL' are selected in object 'Object Repository/Page_cabi Create Order/select_order_type'  using regular expression

2019-06-27 17:33:10 - [MESSAGE][PASSED] - All options with value 'PERSONAL' are selected in object 'Object Repository/Page_cabi Create Order/select_order_type'  using regular expression

2019-06-27 17:33:10 - [TEST_STEP][PASSED] - click(findTestObject("Page_cabi Create Order/input_select_order_type")): Object: 'Object Repository/Page_cabi Create Order/input_select_order_type' is clicked on

2019-06-27 17:33:14 - [MESSAGE][PASSED] - Object: 'Object Repository/Page_cabi Create Order/input_select_order_type' is clicked on

2019-06-27 17:33:14 - [TEST_STEP][PASSED] - callTestCase(findTestCase("NewArrival/productVerifyShort"), ["available":CCPersonal, "storeType":"CCPersonal"], STOP_ON_FAILURE): Call Test Case 'Test Cases/NewArrival/productVerifyShort' successfully

2019-06-27 17:33:14 - [TEST_CASE][PASSED] - Test Cases/NewArrival/productVerifyShort: Test Cases/NewArrival/productVerifyShort

2019-06-27 17:33:14 - [TEST_STEP][PASSED] - for ([row = 1, row <= findTestData("productData").getRowNumbers(), (row++)]): Delayed 3 second(s)

2019-06-27 17:33:14 - [TEST_STEP][PASSED] - delay(2): Delayed 2 second(s)

2019-06-27 17:33:16 - [MESSAGE][PASSED] - Delayed 2 second(s)

2019-06-27 17:33:16 - [TEST_STEP][PASSED] - setText(findTestObject("Object Repository/Page_cabi Create Order/input_Manual Discount_stylelookup_0"), findTestData("productData").getValue("Style", row)): Text '5618' is set on object 'Object Repository/Page_cabi Create Order/input_Manual Discount_stylelookup_0'

2019-06-27 17:33:17 - [MESSAGE][PASSED] - Text '5618' is set on object 'Object Repository/Page_cabi Create Order/input_Manual Discount_stylelookup_0'

2019-06-27 17:33:17 - [TEST_STEP][PASSED] - delay(2): Delayed 2 second(s)

2019-06-27 17:33:19 - [MESSAGE][PASSED] - Delayed 2 second(s)

2019-06-27 17:33:19 - [TEST_STEP][PASSED] - prod_message = getText(findTestObject("Page_cabi Create Order/first_option")): Text of object 'Object Repository/Page_cabi Create Order/first_option' is: '5618 Breeze Dress'

2019-06-27 17:33:19 - [MESSAGE][PASSED] - Text of object 'Object Repository/Page_cabi Create Order/first_option' is: '5618 Breeze Dress'

2019-06-27 17:33:19 - [TEST_STEP][PASSED] - delay(1): Delayed 1 second(s)

2019-06-27 17:33:20 - [MESSAGE][PASSED] - Delayed 1 second(s)

2019-06-27 17:33:20 - [TEST_STEP][PASSED] - click(findTestObject("Page_cabi Create Order/first_option")): Object: 'Object Repository/Page_cabi Create Order/first_option' is clicked on

2019-06-27 17:33:20 - [MESSAGE][PASSED] - Object: 'Object Repository/Page_cabi Create Order/first_option' is clicked on

2019-06-27 17:33:20 - [TEST_STEP][PASSED] - if (toString().equalsIgnoreCase("no")): null

2019-06-27 17:33:20 - [TEST_STEP][PASSED] - else: Delayed 3 second(s)

2019-06-27 17:33:20 - [TEST_STEP][PASSED] - delay(3): Delayed 3 second(s)

2019-06-27 17:33:23 - [MESSAGE][PASSED] - Delayed 3 second(s)

2019-06-27 17:33:23 - [TEST_STEP][PASSED] - s1 = getValue("Style", row).toString(): null

2019-06-27 17:33:23 - [TEST_STEP][PASSED] - s2 = " ": null

2019-06-27 17:33:23 - [TEST_STEP][PASSED] - s3 = getValue("Description", row).toString(): null

2019-06-27 17:33:23 - [TEST_STEP][PASSED] - expectedStyleDescription = $s1$s2$s3: null

2019-06-27 17:33:23 - [TEST_STEP][PASSED] - prod_message = UtilityMethods.splitStyle(prod_message): null

2019-06-27 17:33:23 - [TEST_STEP][PASSED] - println(prod_message): null

2019-06-27 17:33:23 - [TEST_STEP][PASSED] - assert prod_message.equalsIgnoreCase(expectedStyleDescription): null

2019-06-27 17:33:23 - [TEST_STEP][PASSED] - delay(3): Delayed 3 second(s)

2019-06-27 17:33:26 - [MESSAGE][PASSED] - Delayed 3 second(s)

2019-06-27 17:33:26 - [TEST_STEP][PASSED] - colorOptions = findWebElements(findTestObject("Page_cabi Order Items/GetAttribute_Color"), 5): null

2019-06-27 17:33:26 - [TEST_STEP][PASSED] - println(colorOptions.size()): null

2019-06-27 17:33:26 - [TEST_STEP][PASSED] - expectedColour = findTestData("productData").getValue("Color", row): null

2019-06-27 17:33:26 - [TEST_STEP][PASSED] - println("expected colour is"): null

2019-06-27 17:33:26 - [TEST_STEP][PASSED] - println(expectedColour): null

2019-06-27 17:33:26 - [TEST_STEP][PASSED] - colourVerified = false: null

2019-06-27 17:33:26 - [TEST_STEP][PASSED] - for (org.openqa.selenium.WebElement op : colorOptions): null

2019-06-27 17:33:26 - [TEST_STEP][PASSED] - println(op.getText()): null

2019-06-27 17:33:26 - [TEST_STEP][PASSED] - if (expectedColour.equalsIgnoreCase(op.getText())): null

2019-06-27 17:33:26 - [TEST_STEP][PASSED] - colourVerified = true: null

2019-06-27 17:33:26 - [TEST_STEP][PASSED] - break: null

2019-06-27 17:33:26 - [TEST_STEP][PASSED] - assert colourVerified == true: null

2019-06-27 17:33:26 - [TEST_STEP][PASSED] - getPrice = getText(findTestObject("Page_cabi Create Order/retail_price")): Text of object 'Object Repository/Page_cabi Create Order/retail_price' is: '$119.00'

2019-06-27 17:33:26 - [MESSAGE][PASSED] - Text of object 'Object Repository/Page_cabi Create Order/retail_price' is: '$119.00'

2019-06-27 17:33:26 - [TEST_STEP][PASSED] - Split_Data = UtilityMethods.SplitData(getPrice): null

2019-06-27 17:33:26 - [TEST_STEP][PASSED] - verifyMatch(Split_Data, findTestData("productData").getValue("Retail", row), true): Actual text '119' and expected text '119' are matched  using regular expression

2019-06-27 17:33:26 - [MESSAGE][PASSED] - Actual text '119' and expected text '119' are matched  using regular expression

2019-06-27 17:33:26 - [TEST_STEP][PASSED] - sizeRange1 = ["XXS", "XS", "S", "M", "L", "XL"]: null

2019-06-27 17:33:26 - [TEST_STEP][PASSED] - sizeRange2 = ["00", "0", "2", "4", "6", "8", "10", "12", "14", "16"]: null

2019-06-27 17:33:26 - [TEST_STEP][PASSED] - sizeRange3 = ["Long", "Regular", "Short"]: null

2019-06-27 17:33:26 - [TEST_STEP][PASSED] - sizeRange4 = ["5", "6", "6.5", "7", "7.5", "8", "8.5", "9", "9.5", "10", "11"]: null

2019-06-27 17:33:26 - [TEST_STEP][PASSED] - sizeRangeSplit = UtilityMethods.SplitSizes(findTestData("productData").getValue("SzRange", row)): null

2019-06-27 17:33:26 - [TEST_STEP][PASSED] - sizeType = getText(findTestObject("Object Repository/Page_cabi Order Items/Size")): Text of object 'Object Repository/Page_cabi Order Items/Size' is: 'Select'

2019-06-27 17:33:26 - [MESSAGE][PASSED] - Text of object 'Object Repository/Page_cabi Order Items/Size' is: 'Select'

2019-06-27 17:33:26 - [TEST_STEP][PASSED] - sizeOptions = findWebElements(findTestObject("Object Repository/Page_cabi Order Items/Size"), 5): null

2019-06-27 17:33:26 - [TEST_STEP][PASSED] - actualRange = new java.util.ArrayList(): null

2019-06-27 17:33:26 - [TEST_STEP][PASSED] - expectedRange = <not implemented yet for class: org.codehaus.groovy.ast.expr.EmptyExpression>: null

2019-06-27 17:33:26 - [TEST_STEP][PASSED] - if (sizeType.equalsIgnoreCase("Select")): null

2019-06-27 17:33:26 - [TEST_STEP][PASSED] - for ([i = 1, i < sizeOptions.size(), (i++)]): null

2019-06-27 17:33:26 - [TEST_STEP][PASSED] - actualRange.add(get(i).getText()): null

2019-06-27 17:33:26 - [TEST_STEP][PASSED] - actualRange.add(get(i).getText()): null

2019-06-27 17:33:26 - [TEST_STEP][PASSED] - actualRange.add(get(i).getText()): null

2019-06-27 17:33:26 - [TEST_STEP][PASSED] - actualRange.add(get(i).getText()): null

2019-06-27 17:33:26 - [TEST_STEP][PASSED] - actualRange.add(get(i).getText()): null

2019-06-27 17:33:26 - [TEST_STEP][PASSED] - if (toString().equalsIgnoreCase("XS") || toString().equalsIgnoreCase("XXS")): null

2019-06-27 17:33:26 - [TEST_STEP][PASSED] - expectedRange = UtilityMethods.getExpectedRange(sizeRange1, sizeRangeSplit): null

2019-06-27 17:33:26 - [TEST_STEP][PASSED] - println("XS"): null

2019-06-27 17:33:26 - [TEST_STEP][PASSED] - println(expectedRange.toString()): null

2019-06-27 17:33:26 - [TEST_STEP][PASSED] - assert UtilityMethods.listEquals(expectedRange, actualRange) == true: null

2019-06-27 17:33:26 - [TEST_STEP][PASSED] - delay(3): Delayed 3 second(s)

2019-06-27 17:33:29 - [MESSAGE][PASSED] - Delayed 3 second(s)

2019-06-27 17:33:29 - [MESSAGE][PASSED] - Call Test Case 'Test Cases/NewArrival/productVerifyShort' successfully

2019-06-27 17:33:29 - [TEST_STEP][PASSED] - click(findTestObject("Page_cabi Find Order/a_Create Order")): Object: 'Object Repository/Page_cabi Find Order/a_Create Order' is clicked on

2019-06-27 17:33:31 - [MESSAGE][PASSED] - Object: 'Object Repository/Page_cabi Find Order/a_Create Order' is clicked on

2019-06-27 17:33:31 - [TEST_STEP][PASSED] - selectOptionByValue(findTestObject("Page_cabi Create Order/select_order_type"), "RETAIL", true): All options with value 'RETAIL' are selected in object 'Object Repository/Page_cabi Create Order/select_order_type'  using regular expression

2019-06-27 17:33:32 - [MESSAGE][PASSED] - All options with value 'RETAIL' are selected in object 'Object Repository/Page_cabi Create Order/select_order_type'  using regular expression

2019-06-27 17:33:32 - [TEST_STEP][PASSED] - click(findTestObject("Page_cabi Create Order/input_select_order_type")): Object: 'Object Repository/Page_cabi Create Order/input_select_order_type' is clicked on

2019-06-27 17:33:34 - [MESSAGE][PASSED] - Object: 'Object Repository/Page_cabi Create Order/input_select_order_type' is clicked on

2019-06-27 17:33:34 - [TEST_STEP][PASSED] - callTestCase(findTestCase("NewArrival/productVerifyShort"), ["available":CCRetail], STOP_ON_FAILURE): Call Test Case 'Test Cases/NewArrival/productVerifyShort' successfully

2019-06-27 17:33:34 - [TEST_CASE][PASSED] - Test Cases/NewArrival/productVerifyShort: Test Cases/NewArrival/productVerifyShort

2019-06-27 17:33:34 - [TEST_STEP][PASSED] - for ([row = 1, row <= findTestData("productData").getRowNumbers(), (row++)]): Delayed 3 second(s)

2019-06-27 17:33:34 - [TEST_STEP][PASSED] - delay(2): Delayed 2 second(s)

2019-06-27 17:33:36 - [MESSAGE][PASSED] - Delayed 2 second(s)

2019-06-27 17:33:36 - [TEST_STEP][PASSED] - setText(findTestObject("Object Repository/Page_cabi Create Order/input_Manual Discount_stylelookup_0"), findTestData("productData").getValue("Style", row)): Text '5618' is set on object 'Object Repository/Page_cabi Create Order/input_Manual Discount_stylelookup_0'

2019-06-27 17:33:36 - [MESSAGE][PASSED] - Text '5618' is set on object 'Object Repository/Page_cabi Create Order/input_Manual Discount_stylelookup_0'

2019-06-27 17:33:36 - [TEST_STEP][PASSED] - delay(2): Delayed 2 second(s)

2019-06-27 17:33:38 - [MESSAGE][PASSED] - Delayed 2 second(s)

2019-06-27 17:33:38 - [TEST_STEP][PASSED] - prod_message = getText(findTestObject("Page_cabi Create Order/first_option")): Text of object 'Object Repository/Page_cabi Create Order/first_option' is: '5618 Breeze Dress'

2019-06-27 17:33:38 - [MESSAGE][PASSED] - Text of object 'Object Repository/Page_cabi Create Order/first_option' is: '5618 Breeze Dress'

2019-06-27 17:33:38 - [TEST_STEP][PASSED] - delay(1): Delayed 1 second(s)

2019-06-27 17:33:39 - [MESSAGE][PASSED] - Delayed 1 second(s)

2019-06-27 17:33:39 - [TEST_STEP][PASSED] - click(findTestObject("Page_cabi Create Order/first_option")): Object: 'Object Repository/Page_cabi Create Order/first_option' is clicked on

2019-06-27 17:33:39 - [MESSAGE][PASSED] - Object: 'Object Repository/Page_cabi Create Order/first_option' is clicked on

2019-06-27 17:33:39 - [TEST_STEP][PASSED] - if (toString().equalsIgnoreCase("no")): null

2019-06-27 17:33:39 - [TEST_STEP][PASSED] - else: Delayed 3 second(s)

2019-06-27 17:33:39 - [TEST_STEP][PASSED] - delay(3): Delayed 3 second(s)

2019-06-27 17:33:42 - [MESSAGE][PASSED] - Delayed 3 second(s)

2019-06-27 17:33:42 - [TEST_STEP][PASSED] - s1 = getValue("Style", row).toString(): null

2019-06-27 17:33:42 - [TEST_STEP][PASSED] - s2 = " ": null

2019-06-27 17:33:42 - [TEST_STEP][PASSED] - s3 = getValue("Description", row).toString(): null

2019-06-27 17:33:42 - [TEST_STEP][PASSED] - expectedStyleDescription = $s1$s2$s3: null

2019-06-27 17:33:42 - [TEST_STEP][PASSED] - prod_message = UtilityMethods.splitStyle(prod_message): null

2019-06-27 17:33:42 - [TEST_STEP][PASSED] - println(prod_message): null

2019-06-27 17:33:42 - [TEST_STEP][PASSED] - assert prod_message.equalsIgnoreCase(expectedStyleDescription): null

2019-06-27 17:33:42 - [TEST_STEP][PASSED] - delay(3): Delayed 3 second(s)

2019-06-27 17:33:45 - [MESSAGE][PASSED] - Delayed 3 second(s)

2019-06-27 17:33:45 - [TEST_STEP][PASSED] - colorOptions = findWebElements(findTestObject("Page_cabi Order Items/GetAttribute_Color"), 5): null

2019-06-27 17:33:45 - [TEST_STEP][PASSED] - println(colorOptions.size()): null

2019-06-27 17:33:45 - [TEST_STEP][PASSED] - expectedColour = findTestData("productData").getValue("Color", row): null

2019-06-27 17:33:45 - [TEST_STEP][PASSED] - println("expected colour is"): null

2019-06-27 17:33:45 - [TEST_STEP][PASSED] - println(expectedColour): null

2019-06-27 17:33:45 - [TEST_STEP][PASSED] - colourVerified = false: null

2019-06-27 17:33:45 - [TEST_STEP][PASSED] - for (org.openqa.selenium.WebElement op : colorOptions): null

2019-06-27 17:33:45 - [TEST_STEP][PASSED] - println(op.getText()): null

2019-06-27 17:33:45 - [TEST_STEP][PASSED] - if (expectedColour.equalsIgnoreCase(op.getText())): null

2019-06-27 17:33:45 - [TEST_STEP][PASSED] - colourVerified = true: null

2019-06-27 17:33:45 - [TEST_STEP][PASSED] - break: null

2019-06-27 17:33:45 - [TEST_STEP][PASSED] - assert colourVerified == true: null

2019-06-27 17:33:45 - [TEST_STEP][PASSED] - getPrice = getText(findTestObject("Page_cabi Create Order/retail_price")): Text of object 'Object Repository/Page_cabi Create Order/retail_price' is: '$119.00'

2019-06-27 17:33:45 - [MESSAGE][PASSED] - Text of object 'Object Repository/Page_cabi Create Order/retail_price' is: '$119.00'

2019-06-27 17:33:45 - [TEST_STEP][PASSED] - Split_Data = UtilityMethods.SplitData(getPrice): null

2019-06-27 17:33:45 - [TEST_STEP][PASSED] - verifyMatch(Split_Data, findTestData("productData").getValue("Retail", row), true): Actual text '119' and expected text '119' are matched  using regular expression

2019-06-27 17:33:45 - [MESSAGE][PASSED] - Actual text '119' and expected text '119' are matched  using regular expression

2019-06-27 17:33:45 - [TEST_STEP][PASSED] - sizeRange1 = ["XXS", "XS", "S", "M", "L", "XL"]: null

2019-06-27 17:33:45 - [TEST_STEP][PASSED] - sizeRange2 = ["00", "0", "2", "4", "6", "8", "10", "12", "14", "16"]: null

2019-06-27 17:33:45 - [TEST_STEP][PASSED] - sizeRange3 = ["Long", "Regular", "Short"]: null

2019-06-27 17:33:45 - [TEST_STEP][PASSED] - sizeRange4 = ["5", "6", "6.5", "7", "7.5", "8", "8.5", "9", "9.5", "10", "11"]: null

2019-06-27 17:33:45 - [TEST_STEP][PASSED] - sizeRangeSplit = UtilityMethods.SplitSizes(findTestData("productData").getValue("SzRange", row)): null

2019-06-27 17:33:45 - [TEST_STEP][PASSED] - sizeType = getText(findTestObject("Object Repository/Page_cabi Order Items/Size")): Text of object 'Object Repository/Page_cabi Order Items/Size' is: 'Select'

2019-06-27 17:33:45 - [MESSAGE][PASSED] - Text of object 'Object Repository/Page_cabi Order Items/Size' is: 'Select'

2019-06-27 17:33:45 - [TEST_STEP][PASSED] - sizeOptions = findWebElements(findTestObject("Object Repository/Page_cabi Order Items/Size"), 5): null

2019-06-27 17:33:45 - [TEST_STEP][PASSED] - actualRange = new java.util.ArrayList(): null

2019-06-27 17:33:45 - [TEST_STEP][PASSED] - expectedRange = <not implemented yet for class: org.codehaus.groovy.ast.expr.EmptyExpression>: null

2019-06-27 17:33:45 - [TEST_STEP][PASSED] - if (sizeType.equalsIgnoreCase("Select")): null

2019-06-27 17:33:45 - [TEST_STEP][PASSED] - for ([i = 1, i < sizeOptions.size(), (i++)]): null

2019-06-27 17:33:45 - [TEST_STEP][PASSED] - actualRange.add(get(i).getText()): null

2019-06-27 17:33:45 - [TEST_STEP][PASSED] - actualRange.add(get(i).getText()): null

2019-06-27 17:33:45 - [TEST_STEP][PASSED] - actualRange.add(get(i).getText()): null

2019-06-27 17:33:46 - [TEST_STEP][PASSED] - actualRange.add(get(i).getText()): null

2019-06-27 17:33:46 - [TEST_STEP][PASSED] - actualRange.add(get(i).getText()): null

2019-06-27 17:33:46 - [TEST_STEP][PASSED] - if (toString().equalsIgnoreCase("XS") || toString().equalsIgnoreCase("XXS")): null

2019-06-27 17:33:46 - [TEST_STEP][PASSED] - expectedRange = UtilityMethods.getExpectedRange(sizeRange1, sizeRangeSplit): null

2019-06-27 17:33:46 - [TEST_STEP][PASSED] - println("XS"): null

2019-06-27 17:33:46 - [TEST_STEP][PASSED] - println(expectedRange.toString()): null

2019-06-27 17:33:46 - [TEST_STEP][PASSED] - assert UtilityMethods.listEquals(expectedRange, actualRange) == true: null

2019-06-27 17:33:46 - [TEST_STEP][PASSED] - delay(3): Delayed 3 second(s)

2019-06-27 17:33:49 - [MESSAGE][PASSED] - Delayed 3 second(s)

2019-06-27 17:33:49 - [MESSAGE][PASSED] - Call Test Case 'Test Cases/NewArrival/productVerifyShort' successfully

2019-06-27 17:33:49 - [TEST_STEP][PASSED] - click(findTestObject("Page_cabi Find Order/a_Create Order")): Object: 'Object Repository/Page_cabi Find Order/a_Create Order' is clicked on

2019-06-27 17:33:51 - [MESSAGE][PASSED] - Object: 'Object Repository/Page_cabi Find Order/a_Create Order' is clicked on

2019-06-27 17:33:51 - [TEST_STEP][PASSED] - selectOptionByValue(findTestObject("Page_cabi Create Order/select_order_type"), "SHOW", true): All options with value 'SHOW' are selected in object 'Object Repository/Page_cabi Create Order/select_order_type'  using regular expression

2019-06-27 17:33:51 - [MESSAGE][PASSED] - All options with value 'SHOW' are selected in object 'Object Repository/Page_cabi Create Order/select_order_type'  using regular expression

2019-06-27 17:33:51 - [TEST_STEP][PASSED] - click(findTestObject("Page_cabi Create Order/input_select_order_type")): Object: 'Object Repository/Page_cabi Create Order/input_select_order_type' is clicked on

2019-06-27 17:33:54 - [MESSAGE][PASSED] - Object: 'Object Repository/Page_cabi Create Order/input_select_order_type' is clicked on

2019-06-27 17:33:54 - [TEST_STEP][PASSED] - callTestCase(findTestCase("NewArrival/productVerifyShort"), ["available":CCShow], STOP_ON_FAILURE): Call Test Case 'Test Cases/NewArrival/productVerifyShort' successfully

2019-06-27 17:33:55 - [TEST_CASE][PASSED] - Test Cases/NewArrival/productVerifyShort: Test Cases/NewArrival/productVerifyShort

2019-06-27 17:33:55 - [TEST_STEP][PASSED] - for ([row = 1, row <= findTestData("productData").getRowNumbers(), (row++)]): Delayed 3 second(s)

2019-06-27 17:33:55 - [TEST_STEP][PASSED] - delay(2): Delayed 2 second(s)

2019-06-27 17:33:57 - [MESSAGE][PASSED] - Delayed 2 second(s)

2019-06-27 17:33:57 - [TEST_STEP][PASSED] - setText(findTestObject("Object Repository/Page_cabi Create Order/input_Manual Discount_stylelookup_0"), findTestData("productData").getValue("Style", row)): Text '5618' is set on object 'Object Repository/Page_cabi Create Order/input_Manual Discount_stylelookup_0'

2019-06-27 17:33:57 - [MESSAGE][PASSED] - Text '5618' is set on object 'Object Repository/Page_cabi Create Order/input_Manual Discount_stylelookup_0'

2019-06-27 17:33:57 - [TEST_STEP][PASSED] - delay(2): Delayed 2 second(s)

2019-06-27 17:33:59 - [MESSAGE][PASSED] - Delayed 2 second(s)

2019-06-27 17:33:59 - [TEST_STEP][PASSED] - prod_message = getText(findTestObject("Page_cabi Create Order/first_option")): Text of object 'Object Repository/Page_cabi Create Order/first_option' is: '5618 Breeze Dress'

2019-06-27 17:33:59 - [MESSAGE][PASSED] - Text of object 'Object Repository/Page_cabi Create Order/first_option' is: '5618 Breeze Dress'

2019-06-27 17:33:59 - [TEST_STEP][PASSED] - delay(1): Delayed 1 second(s)

2019-06-27 17:34:00 - [MESSAGE][PASSED] - Delayed 1 second(s)

2019-06-27 17:34:00 - [TEST_STEP][PASSED] - click(findTestObject("Page_cabi Create Order/first_option")): Object: 'Object Repository/Page_cabi Create Order/first_option' is clicked on

2019-06-27 17:34:00 - [MESSAGE][PASSED] - Object: 'Object Repository/Page_cabi Create Order/first_option' is clicked on

2019-06-27 17:34:00 - [TEST_STEP][PASSED] - if (toString().equalsIgnoreCase("no")): null

2019-06-27 17:34:00 - [TEST_STEP][PASSED] - else: Delayed 3 second(s)

2019-06-27 17:34:00 - [TEST_STEP][PASSED] - delay(3): Delayed 3 second(s)

2019-06-27 17:34:03 - [MESSAGE][PASSED] - Delayed 3 second(s)

2019-06-27 17:34:03 - [TEST_STEP][PASSED] - s1 = getValue("Style", row).toString(): null

2019-06-27 17:34:03 - [TEST_STEP][PASSED] - s2 = " ": null

2019-06-27 17:34:03 - [TEST_STEP][PASSED] - s3 = getValue("Description", row).toString(): null

2019-06-27 17:34:03 - [TEST_STEP][PASSED] - expectedStyleDescription = $s1$s2$s3: null

2019-06-27 17:34:03 - [TEST_STEP][PASSED] - prod_message = UtilityMethods.splitStyle(prod_message): null

2019-06-27 17:34:03 - [TEST_STEP][PASSED] - println(prod_message): null

2019-06-27 17:34:03 - [TEST_STEP][PASSED] - assert prod_message.equalsIgnoreCase(expectedStyleDescription): null

2019-06-27 17:34:03 - [TEST_STEP][PASSED] - delay(3): Delayed 3 second(s)

2019-06-27 17:34:06 - [MESSAGE][PASSED] - Delayed 3 second(s)

2019-06-27 17:34:06 - [TEST_STEP][PASSED] - colorOptions = findWebElements(findTestObject("Page_cabi Order Items/GetAttribute_Color"), 5): null

2019-06-27 17:34:06 - [TEST_STEP][PASSED] - println(colorOptions.size()): null

2019-06-27 17:34:06 - [TEST_STEP][PASSED] - expectedColour = findTestData("productData").getValue("Color", row): null

2019-06-27 17:34:06 - [TEST_STEP][PASSED] - println("expected colour is"): null

2019-06-27 17:34:06 - [TEST_STEP][PASSED] - println(expectedColour): null

2019-06-27 17:34:06 - [TEST_STEP][PASSED] - colourVerified = false: null

2019-06-27 17:34:06 - [TEST_STEP][PASSED] - for (org.openqa.selenium.WebElement op : colorOptions): null

2019-06-27 17:34:06 - [TEST_STEP][PASSED] - println(op.getText()): null

2019-06-27 17:34:06 - [TEST_STEP][PASSED] - if (expectedColour.equalsIgnoreCase(op.getText())): null

2019-06-27 17:34:06 - [TEST_STEP][PASSED] - colourVerified = true: null

2019-06-27 17:34:06 - [TEST_STEP][PASSED] - break: null

2019-06-27 17:34:06 - [TEST_STEP][PASSED] - assert colourVerified == true: null

2019-06-27 17:34:06 - [TEST_STEP][PASSED] - getPrice = getText(findTestObject("Page_cabi Create Order/retail_price")): Text of object 'Object Repository/Page_cabi Create Order/retail_price' is: '$119.00'

2019-06-27 17:34:06 - [MESSAGE][PASSED] - Text of object 'Object Repository/Page_cabi Create Order/retail_price' is: '$119.00'

2019-06-27 17:34:06 - [TEST_STEP][PASSED] - Split_Data = UtilityMethods.SplitData(getPrice): null

2019-06-27 17:34:06 - [TEST_STEP][PASSED] - verifyMatch(Split_Data, findTestData("productData").getValue("Retail", row), true): Actual text '119' and expected text '119' are matched  using regular expression

2019-06-27 17:34:06 - [MESSAGE][PASSED] - Actual text '119' and expected text '119' are matched  using regular expression

2019-06-27 17:34:06 - [TEST_STEP][PASSED] - sizeRange1 = ["XXS", "XS", "S", "M", "L", "XL"]: null

2019-06-27 17:34:06 - [TEST_STEP][PASSED] - sizeRange2 = ["00", "0", "2", "4", "6", "8", "10", "12", "14", "16"]: null

2019-06-27 17:34:06 - [TEST_STEP][PASSED] - sizeRange3 = ["Long", "Regular", "Short"]: null

2019-06-27 17:34:06 - [TEST_STEP][PASSED] - sizeRange4 = ["5", "6", "6.5", "7", "7.5", "8", "8.5", "9", "9.5", "10", "11"]: null

2019-06-27 17:34:06 - [TEST_STEP][PASSED] - sizeRangeSplit = UtilityMethods.SplitSizes(findTestData("productData").getValue("SzRange", row)): null

2019-06-27 17:34:06 - [TEST_STEP][PASSED] - sizeType = getText(findTestObject("Object Repository/Page_cabi Order Items/Size")): Text of object 'Object Repository/Page_cabi Order Items/Size' is: 'Select'

2019-06-27 17:34:06 - [MESSAGE][PASSED] - Text of object 'Object Repository/Page_cabi Order Items/Size' is: 'Select'

2019-06-27 17:34:06 - [TEST_STEP][PASSED] - sizeOptions = findWebElements(findTestObject("Object Repository/Page_cabi Order Items/Size"), 5): null

2019-06-27 17:34:06 - [TEST_STEP][PASSED] - actualRange = new java.util.ArrayList(): null

2019-06-27 17:34:06 - [TEST_STEP][PASSED] - expectedRange = <not implemented yet for class: org.codehaus.groovy.ast.expr.EmptyExpression>: null

2019-06-27 17:34:06 - [TEST_STEP][PASSED] - if (sizeType.equalsIgnoreCase("Select")): null

2019-06-27 17:34:06 - [TEST_STEP][PASSED] - for ([i = 1, i < sizeOptions.size(), (i++)]): null

2019-06-27 17:34:06 - [TEST_STEP][PASSED] - actualRange.add(get(i).getText()): null

2019-06-27 17:34:06 - [TEST_STEP][PASSED] - actualRange.add(get(i).getText()): null

2019-06-27 17:34:06 - [TEST_STEP][PASSED] - actualRange.add(get(i).getText()): null

2019-06-27 17:34:06 - [TEST_STEP][PASSED] - actualRange.add(get(i).getText()): null

2019-06-27 17:34:06 - [TEST_STEP][PASSED] - actualRange.add(get(i).getText()): null

2019-06-27 17:34:06 - [TEST_STEP][PASSED] - if (toString().equalsIgnoreCase("XS") || toString().equalsIgnoreCase("XXS")): null

2019-06-27 17:34:06 - [TEST_STEP][PASSED] - expectedRange = UtilityMethods.getExpectedRange(sizeRange1, sizeRangeSplit): null

2019-06-27 17:34:06 - [TEST_STEP][PASSED] - println("XS"): null

2019-06-27 17:34:06 - [TEST_STEP][PASSED] - println(expectedRange.toString()): null

2019-06-27 17:34:06 - [TEST_STEP][PASSED] - assert UtilityMethods.listEquals(expectedRange, actualRange) == true: null

2019-06-27 17:34:06 - [TEST_STEP][PASSED] - delay(3): Delayed 3 second(s)

2019-06-27 17:34:09 - [MESSAGE][PASSED] - Delayed 3 second(s)

2019-06-27 17:34:09 - [MESSAGE][PASSED] - Call Test Case 'Test Cases/NewArrival/productVerifyShort' successfully

2019-06-27 17:34:09 - [TEST_STEP][PASSED] - callTestCase(findTestCase("NewArrival/populateTimeGlobalVars"), ["row":timeRow], STOP_ON_FAILURE): Call Test Case 'Test Cases/NewArrival/populateTimeGlobalVars' successfully

2019-06-27 17:34:09 - [TEST_CASE][PASSED] - Test Cases/NewArrival/populateTimeGlobalVars: Test Cases/NewArrival/populateTimeGlobalVars

2019-06-27 17:34:09 - [TEST_STEP][PASSED] - dataFile = "timezoneData": null

2019-06-27 17:34:09 - [TEST_STEP][PASSED] - serverTarget = UtilityMethods.getTestData(dataFile, "serverTarget", row): null

2019-06-27 17:34:09 - [TEST_STEP][PASSED] - orderType = UtilityMethods.getTestData(dataFile, "orderType", row): null

2019-06-27 17:34:10 - [TEST_STEP][PASSED] - timeZone = UtilityMethods.getTestData(dataFile, "timeZone", row): null

2019-06-27 17:34:10 - [TEST_STEP][PASSED] - BOPersonal = UtilityMethods.getTestData(dataFile, "BOPersonal", row): null

2019-06-27 17:34:10 - [TEST_STEP][PASSED] - BOAddonPersonal = UtilityMethods.getTestData(dataFile, "BOAddonPersonal", row): null

2019-06-27 17:34:10 - [TEST_STEP][PASSED] - BOAddonRetail = UtilityMethods.getTestData(dataFile, "BOAddonRetail", row): null

2019-06-27 17:34:10 - [TEST_STEP][PASSED] - BORetail = UtilityMethods.getTestData(dataFile, "BORetail", row): null

2019-06-27 17:34:10 - [TEST_STEP][PASSED] - BOShow = UtilityMethods.getTestData(dataFile, "BOShow", row): null

2019-06-27 17:34:10 - [TEST_STEP][PASSED] - BOOnlineoutlet = UtilityMethods.getTestData(dataFile, "BOOnlineoutlet", row): null

2019-06-27 17:34:10 - [TEST_STEP][PASSED] - BOEmployee = UtilityMethods.getTestData(dataFile, "BOEmployee", row): null

2019-06-27 17:34:10 - [TEST_STEP][PASSED] - CCPersonal = UtilityMethods.getTestData(dataFile, "CCPersonal", row): null

2019-06-27 17:34:10 - [TEST_STEP][PASSED] - CCRetail = UtilityMethods.getTestData(dataFile, "CCRetail", row): null

2019-06-27 17:34:10 - [TEST_STEP][PASSED] - CCShow = UtilityMethods.getTestData(dataFile, "CCShow", row): null

2019-06-27 17:34:10 - [TEST_STEP][PASSED] - BOEblast = UtilityMethods.getTestData(dataFile, "BOEblast", row): null

2019-06-27 17:34:10 - [MESSAGE][PASSED] - Call Test Case 'Test Cases/NewArrival/populateTimeGlobalVars' successfully

2019-06-27 17:34:10 - [TEST_STEP][PASSED] - callTestCase(findTestCase("NewArrival/setTimezone"), ["ofbizURL":"", "ofbizuser":"", "ofbizpass":"", "orderType":orderType, "timeZone":timeZone, "serverTarget":serverTarget], STOP_ON_FAILURE): Call Test Case 'Test Cases/NewArrival/setTimezone' successfully

2019-06-27 17:34:10 - [TEST_CASE][PASSED] - Test Cases/NewArrival/setTimezone: Test Cases/NewArrival/setTimezone

2019-06-27 17:34:10 - [TEST_STEP][NOT_RUN] - openBrowser(""): NOT_RUN: openBrowser("")

2019-06-27 17:34:10 - [MESSAGE][NOT_RUN] - NOT_RUN: openBrowser("")

2019-06-27 17:34:10 - [TEST_STEP][NOT_RUN] - maximizeWindow(): NOT_RUN: maximizeWindow()

2019-06-27 17:34:10 - [MESSAGE][NOT_RUN] - NOT_RUN: maximizeWindow()

2019-06-27 17:34:10 - [TEST_STEP][PASSED] - ofbizURL = findTestData("credData").getValue("ofbizURL", 1): null

2019-06-27 17:34:10 - [TEST_STEP][PASSED] - ofbizuser = findTestData("credData").getValue("ofbizuser", 1): null

2019-06-27 17:34:10 - [TEST_STEP][PASSED] - ofbizpass = findTestData("credData").getValue("ofbizpass", 1): null

2019-06-27 17:34:10 - [TEST_STEP][PASSED] - navigateToUrl(ofbizURL): Navigate to 'https://pushofbiz.cliotest.com/login.php' successfully

2019-06-27 17:34:12 - [MESSAGE][PASSED] - Navigate to 'https://pushofbiz.cliotest.com/login.php' successfully

2019-06-27 17:34:12 - [TEST_STEP][PASSED] - setText(findTestObject("Page_/input_Username_username"), ofbizuser): Text 'automation' is set on object 'Object Repository/Page_/input_Username_username'

2019-06-27 17:34:12 - [MESSAGE][PASSED] - Text 'automation' is set on object 'Object Repository/Page_/input_Username_username'

2019-06-27 17:34:12 - [TEST_STEP][PASSED] - setText(findTestObject("Page_/input_Password_password"), ofbizpass): Text 'cabiautomation' is set on object 'Object Repository/Page_/input_Password_password'

2019-06-27 17:34:12 - [MESSAGE][PASSED] - Text 'cabiautomation' is set on object 'Object Repository/Page_/input_Password_password'

2019-06-27 17:34:12 - [TEST_STEP][PASSED] - click(findTestObject("Page_/input_Password_Submit")): Object: 'Object Repository/Page_/input_Password_Submit' is clicked on

2019-06-27 17:34:16 - [MESSAGE][PASSED] - Object: 'Object Repository/Page_/input_Password_Submit' is clicked on

2019-06-27 17:34:16 - [TEST_STEP][PASSED] - click(findTestObject("Object Repository/Page_/a_Clock set")): Object: 'Object Repository/Page_/a_Clock set' is clicked on

2019-06-27 17:34:17 - [MESSAGE][PASSED] - Object: 'Object Repository/Page_/a_Clock set' is clicked on

2019-06-27 17:34:17 - [TEST_STEP][PASSED] - click(UtilityMethods.createTestObject("select_target", "//select[@name='Target']/option[contains(text(), '", serverTarget, "')]")): Object: 'select_target' is clicked on

2019-06-27 17:34:17 - [MESSAGE][PASSED] - Object: 'select_target' is clicked on

2019-06-27 17:34:17 - [TEST_STEP][PASSED] - click(findTestObject("Page_/thisDateAndTime")): Object: 'Object Repository/Page_/thisDateAndTime' is clicked on

2019-06-27 17:34:17 - [MESSAGE][PASSED] - Object: 'Object Repository/Page_/thisDateAndTime' is clicked on

2019-06-27 17:34:17 - [TEST_STEP][PASSED] - setText(findTestObject("Object Repository/Page_/setTargetTime"), timeZone): Text ' 05/03/2019 12:00' is set on object 'Object Repository/Page_/setTargetTime'

2019-06-27 17:34:17 - [MESSAGE][PASSED] - Text ' 05/03/2019 12:00' is set on object 'Object Repository/Page_/setTargetTime'

2019-06-27 17:34:17 - [TEST_STEP][PASSED] - click(findTestObject("Object Repository/Page_/input")): Object: 'Object Repository/Page_/input' is clicked on

2019-06-27 17:34:18 - [MESSAGE][PASSED] - Object: 'Object Repository/Page_/input' is clicked on

2019-06-27 17:34:18 - [TEST_STEP][PASSED] - delay(10): Delayed 10 second(s)

2019-06-27 17:34:28 - [MESSAGE][PASSED] - Delayed 10 second(s)

2019-06-27 17:34:28 - [TEST_STEP][NOT_RUN] - closeBrowser(): NOT_RUN: closeBrowser()

2019-06-27 17:34:28 - [MESSAGE][NOT_RUN] - NOT_RUN: closeBrowser()

2019-06-27 17:34:28 - [MESSAGE][PASSED] - Call Test Case 'Test Cases/NewArrival/setTimezone' successfully

2019-06-27 17:34:28 - [TEST_STEP][PASSED] - callTestCase(findTestCase("TestCaseUtilities/cabiCentralLogin"), [:], STOP_ON_FAILURE): Call Test Case 'Test Cases/TestCaseUtilities/cabiCentralLogin' successfully

2019-06-27 17:34:28 - [TEST_CASE][PASSED] - Test Cases/TestCaseUtilities/cabiCentralLogin: Test Cases/TestCaseUtilities/cabiCentralLogin

2019-06-27 17:34:28 - [TEST_STEP][PASSED] - CCURL = findTestData("credData").getValue("CCURL", 1): null

2019-06-27 17:34:28 - [TEST_STEP][PASSED] - CCuser = findTestData("credData").getValue("CCuser", 1): null

2019-06-27 17:34:28 - [TEST_STEP][PASSED] - CCpass = findTestData("credData").getValue("CCpass", 1): null

2019-06-27 17:34:28 - [TEST_STEP][PASSED] - openBrowser(""): Browser is opened with url: ''

2019-06-27 17:34:28 - [MESSAGE][WARNING] - A browser is already opened. Closing browser and opening a new one

2019-06-27 17:34:28 - [MESSAGE][INFO] - Starting 'Chrome' driver

2019-06-27 17:34:28 - [MESSAGE][INFO] - User set preference: ['args', '[--use-fake-ui-for-media-stream, --start-maximized]']

2019-06-27 17:34:31 - [MESSAGE][PASSED] - Browser is opened with url: ''

2019-06-27 17:34:31 - [TEST_STEP][PASSED] - navigateToUrl(CCURL): Navigate to 'https://test14.cliotest.com/cabicentral/control/main' successfully

2019-06-27 17:34:43 - [MESSAGE][PASSED] - Navigate to 'https://test14.cliotest.com/cabicentral/control/main' successfully

2019-06-27 17:34:43 - [TEST_STEP][PASSED] - maximizeWindow(): Current window maximized

2019-06-27 17:34:44 - [MESSAGE][PASSED] - Current window maximized

2019-06-27 17:34:44 - [TEST_STEP][PASSED] - logOut = findWebElements(findTestObject("Object Repository/Page_cabi Home/log_out"), 1): Unable to find the element located by 'By.xpath: //a[contains(text(),'Log Out')]'. Please recheck the objects properties to make sure the desired element is located. 

2019-06-27 17:34:45 - [MESSAGE][INFO] - Unable to find the element located by 'By.xpath: //a[contains(text(),'Log Out')]'. Please recheck the objects properties to make sure the desired element is located. 

2019-06-27 17:34:45 - [TEST_STEP][PASSED] - if (logOut.size() == 0): Object: 'Object Repository/Page_cabi/input_Password_section-btn btn-stl-pk rFloat' is clicked on

2019-06-27 17:34:45 - [TEST_STEP][PASSED] - setText(findTestObject("Object Repository/Page_cabi/input_Username_USERNAME"), CCuser): Text 'ehudson' is set on object 'Object Repository/Page_cabi/input_Username_USERNAME'

2019-06-27 17:34:45 - [MESSAGE][PASSED] - Text 'ehudson' is set on object 'Object Repository/Page_cabi/input_Username_USERNAME'

2019-06-27 17:34:45 - [TEST_STEP][PASSED] - setText(findTestObject("Object Repository/Page_cabi/input_Password_PASSWORD"), CCpass): Text 'blackdress19' is set on object 'Object Repository/Page_cabi/input_Password_PASSWORD'

2019-06-27 17:34:46 - [MESSAGE][PASSED] - Text 'blackdress19' is set on object 'Object Repository/Page_cabi/input_Password_PASSWORD'

2019-06-27 17:34:46 - [TEST_STEP][PASSED] - delay(1): Delayed 1 second(s)

2019-06-27 17:34:47 - [MESSAGE][PASSED] - Delayed 1 second(s)

2019-06-27 17:34:47 - [TEST_STEP][PASSED] - click(findTestObject("Object Repository/Page_cabi/input_Password_section-btn btn-stl-pk rFloat")): Object: 'Object Repository/Page_cabi/input_Password_section-btn btn-stl-pk rFloat' is clicked on

2019-06-27 17:34:50 - [MESSAGE][PASSED] - Object: 'Object Repository/Page_cabi/input_Password_section-btn btn-stl-pk rFloat' is clicked on

2019-06-27 17:34:50 - [TEST_STEP][PASSED] - delay(3): Delayed 3 second(s)

2019-06-27 17:34:53 - [MESSAGE][PASSED] - Delayed 3 second(s)

2019-06-27 17:34:53 - [MESSAGE][PASSED] - Call Test Case 'Test Cases/TestCaseUtilities/cabiCentralLogin' successfully

2019-06-27 17:34:53 - [TEST_STEP][PASSED] - delay(3): Delayed 3 second(s)

2019-06-27 17:34:56 - [MESSAGE][PASSED] - Delayed 3 second(s)

2019-06-27 17:34:56 - [TEST_STEP][PASSED] - click(findTestObject("Page_cabi cabiCentral Tasks/a_ORDERS")): Object: 'Object Repository/Page_cabi cabiCentral Tasks/a_ORDERS' is clicked on

2019-06-27 17:34:58 - [MESSAGE][PASSED] - Object: 'Object Repository/Page_cabi cabiCentral Tasks/a_ORDERS' is clicked on

2019-06-27 17:34:58 - [TEST_STEP][PASSED] - delay(3): Delayed 3 second(s)

2019-06-27 17:35:01 - [MESSAGE][PASSED] - Delayed 3 second(s)

2019-06-27 17:35:01 - [TEST_STEP][PASSED] - click(findTestObject("Page_cabi Find Order/a_Create Order")): Object: 'Object Repository/Page_cabi Find Order/a_Create Order' is clicked on

2019-06-27 17:35:02 - [MESSAGE][PASSED] - Object: 'Object Repository/Page_cabi Find Order/a_Create Order' is clicked on

2019-06-27 17:35:02 - [TEST_STEP][PASSED] - selectOptionByValue(findTestObject("Page_cabi Create Order/select_order_type"), "PERSONAL", true): All options with value 'PERSONAL' are selected in object 'Object Repository/Page_cabi Create Order/select_order_type'  using regular expression

2019-06-27 17:35:02 - [MESSAGE][PASSED] - All options with value 'PERSONAL' are selected in object 'Object Repository/Page_cabi Create Order/select_order_type'  using regular expression

2019-06-27 17:35:02 - [TEST_STEP][PASSED] - click(findTestObject("Page_cabi Create Order/input_select_order_type")): Object: 'Object Repository/Page_cabi Create Order/input_select_order_type' is clicked on

2019-06-27 17:35:06 - [MESSAGE][PASSED] - Object: 'Object Repository/Page_cabi Create Order/input_select_order_type' is clicked on

2019-06-27 17:35:06 - [TEST_STEP][PASSED] - callTestCase(findTestCase("NewArrival/productVerifyShort"), ["available":CCPersonal, "storeType":"CCPersonal"], STOP_ON_FAILURE): Call Test Case 'Test Cases/NewArrival/productVerifyShort' successfully

2019-06-27 17:35:06 - [TEST_CASE][PASSED] - Test Cases/NewArrival/productVerifyShort: Test Cases/NewArrival/productVerifyShort

2019-06-27 17:35:06 - [TEST_STEP][PASSED] - for ([row = 1, row <= findTestData("productData").getRowNumbers(), (row++)]): Delayed 3 second(s)

2019-06-27 17:35:06 - [TEST_STEP][PASSED] - delay(2): Delayed 2 second(s)

2019-06-27 17:35:08 - [MESSAGE][PASSED] - Delayed 2 second(s)

2019-06-27 17:35:08 - [TEST_STEP][PASSED] - setText(findTestObject("Object Repository/Page_cabi Create Order/input_Manual Discount_stylelookup_0"), findTestData("productData").getValue("Style", row)): Text '5618' is set on object 'Object Repository/Page_cabi Create Order/input_Manual Discount_stylelookup_0'

2019-06-27 17:35:09 - [MESSAGE][PASSED] - Text '5618' is set on object 'Object Repository/Page_cabi Create Order/input_Manual Discount_stylelookup_0'

2019-06-27 17:35:09 - [TEST_STEP][PASSED] - delay(2): Delayed 2 second(s)

2019-06-27 17:35:11 - [MESSAGE][PASSED] - Delayed 2 second(s)

2019-06-27 17:35:11 - [TEST_STEP][PASSED] - prod_message = getText(findTestObject("Page_cabi Create Order/first_option")): Text of object 'Object Repository/Page_cabi Create Order/first_option' is: '5618 Breeze Dress'

2019-06-27 17:35:11 - [MESSAGE][PASSED] - Text of object 'Object Repository/Page_cabi Create Order/first_option' is: '5618 Breeze Dress'

2019-06-27 17:35:11 - [TEST_STEP][PASSED] - delay(1): Delayed 1 second(s)

2019-06-27 17:35:12 - [MESSAGE][PASSED] - Delayed 1 second(s)

2019-06-27 17:35:12 - [TEST_STEP][PASSED] - click(findTestObject("Page_cabi Create Order/first_option")): Object: 'Object Repository/Page_cabi Create Order/first_option' is clicked on

2019-06-27 17:35:12 - [MESSAGE][PASSED] - Object: 'Object Repository/Page_cabi Create Order/first_option' is clicked on

2019-06-27 17:35:12 - [TEST_STEP][PASSED] - if (toString().equalsIgnoreCase("no")): null

2019-06-27 17:35:12 - [TEST_STEP][PASSED] - else: Delayed 3 second(s)

2019-06-27 17:35:12 - [TEST_STEP][PASSED] - delay(3): Delayed 3 second(s)

2019-06-27 17:35:15 - [MESSAGE][PASSED] - Delayed 3 second(s)

2019-06-27 17:35:15 - [TEST_STEP][PASSED] - s1 = getValue("Style", row).toString(): null

2019-06-27 17:35:15 - [TEST_STEP][PASSED] - s2 = " ": null

2019-06-27 17:35:15 - [TEST_STEP][PASSED] - s3 = getValue("Description", row).toString(): null

2019-06-27 17:35:15 - [TEST_STEP][PASSED] - expectedStyleDescription = $s1$s2$s3: null

2019-06-27 17:35:15 - [TEST_STEP][PASSED] - prod_message = UtilityMethods.splitStyle(prod_message): null

2019-06-27 17:35:15 - [TEST_STEP][PASSED] - println(prod_message): null

2019-06-27 17:35:15 - [TEST_STEP][PASSED] - assert prod_message.equalsIgnoreCase(expectedStyleDescription): null

2019-06-27 17:35:15 - [TEST_STEP][PASSED] - delay(3): Delayed 3 second(s)

2019-06-27 17:35:18 - [MESSAGE][PASSED] - Delayed 3 second(s)

2019-06-27 17:35:18 - [TEST_STEP][PASSED] - colorOptions = findWebElements(findTestObject("Page_cabi Order Items/GetAttribute_Color"), 5): null

2019-06-27 17:35:18 - [TEST_STEP][PASSED] - println(colorOptions.size()): null

2019-06-27 17:35:18 - [TEST_STEP][PASSED] - expectedColour = findTestData("productData").getValue("Color", row): null

2019-06-27 17:35:18 - [TEST_STEP][PASSED] - println("expected colour is"): null

2019-06-27 17:35:18 - [TEST_STEP][PASSED] - println(expectedColour): null

2019-06-27 17:35:18 - [TEST_STEP][PASSED] - colourVerified = false: null

2019-06-27 17:35:18 - [TEST_STEP][PASSED] - for (org.openqa.selenium.WebElement op : colorOptions): null

2019-06-27 17:35:18 - [TEST_STEP][PASSED] - println(op.getText()): null

2019-06-27 17:35:18 - [TEST_STEP][PASSED] - if (expectedColour.equalsIgnoreCase(op.getText())): null

2019-06-27 17:35:18 - [TEST_STEP][PASSED] - colourVerified = true: null

2019-06-27 17:35:18 - [TEST_STEP][PASSED] - break: null

2019-06-27 17:35:18 - [TEST_STEP][PASSED] - assert colourVerified == true: null

2019-06-27 17:35:18 - [TEST_STEP][PASSED] - getPrice = getText(findTestObject("Page_cabi Create Order/retail_price")): Text of object 'Object Repository/Page_cabi Create Order/retail_price' is: '$119.00'

2019-06-27 17:35:18 - [MESSAGE][PASSED] - Text of object 'Object Repository/Page_cabi Create Order/retail_price' is: '$119.00'

2019-06-27 17:35:18 - [TEST_STEP][PASSED] - Split_Data = UtilityMethods.SplitData(getPrice): null

2019-06-27 17:35:18 - [TEST_STEP][PASSED] - verifyMatch(Split_Data, findTestData("productData").getValue("Retail", row), true): Actual text '119' and expected text '119' are matched  using regular expression

2019-06-27 17:35:18 - [MESSAGE][PASSED] - Actual text '119' and expected text '119' are matched  using regular expression

2019-06-27 17:35:18 - [TEST_STEP][PASSED] - sizeRange1 = ["XXS", "XS", "S", "M", "L", "XL"]: null

2019-06-27 17:35:18 - [TEST_STEP][PASSED] - sizeRange2 = ["00", "0", "2", "4", "6", "8", "10", "12", "14", "16"]: null

2019-06-27 17:35:18 - [TEST_STEP][PASSED] - sizeRange3 = ["Long", "Regular", "Short"]: null

2019-06-27 17:35:18 - [TEST_STEP][PASSED] - sizeRange4 = ["5", "6", "6.5", "7", "7.5", "8", "8.5", "9", "9.5", "10", "11"]: null

2019-06-27 17:35:18 - [TEST_STEP][PASSED] - sizeRangeSplit = UtilityMethods.SplitSizes(findTestData("productData").getValue("SzRange", row)): null

2019-06-27 17:35:18 - [TEST_STEP][PASSED] - sizeType = getText(findTestObject("Object Repository/Page_cabi Order Items/Size")): Text of object 'Object Repository/Page_cabi Order Items/Size' is: 'Select'

2019-06-27 17:35:18 - [MESSAGE][PASSED] - Text of object 'Object Repository/Page_cabi Order Items/Size' is: 'Select'

2019-06-27 17:35:18 - [TEST_STEP][PASSED] - sizeOptions = findWebElements(findTestObject("Object Repository/Page_cabi Order Items/Size"), 5): null

2019-06-27 17:35:18 - [TEST_STEP][PASSED] - actualRange = new java.util.ArrayList(): null

2019-06-27 17:35:18 - [TEST_STEP][PASSED] - expectedRange = <not implemented yet for class: org.codehaus.groovy.ast.expr.EmptyExpression>: null

2019-06-27 17:35:18 - [TEST_STEP][PASSED] - if (sizeType.equalsIgnoreCase("Select")): null

2019-06-27 17:35:18 - [TEST_STEP][PASSED] - for ([i = 1, i < sizeOptions.size(), (i++)]): null

2019-06-27 17:35:18 - [TEST_STEP][PASSED] - actualRange.add(get(i).getText()): null

2019-06-27 17:35:18 - [TEST_STEP][PASSED] - actualRange.add(get(i).getText()): null

2019-06-27 17:35:18 - [TEST_STEP][PASSED] - actualRange.add(get(i).getText()): null

2019-06-27 17:35:18 - [TEST_STEP][PASSED] - actualRange.add(get(i).getText()): null

2019-06-27 17:35:18 - [TEST_STEP][PASSED] - actualRange.add(get(i).getText()): null

2019-06-27 17:35:18 - [TEST_STEP][PASSED] - if (toString().equalsIgnoreCase("XS") || toString().equalsIgnoreCase("XXS")): null

2019-06-27 17:35:18 - [TEST_STEP][PASSED] - expectedRange = UtilityMethods.getExpectedRange(sizeRange1, sizeRangeSplit): null

2019-06-27 17:35:18 - [TEST_STEP][PASSED] - println("XS"): null

2019-06-27 17:35:18 - [TEST_STEP][PASSED] - println(expectedRange.toString()): null

2019-06-27 17:35:18 - [TEST_STEP][PASSED] - assert UtilityMethods.listEquals(expectedRange, actualRange) == true: null

2019-06-27 17:35:18 - [TEST_STEP][PASSED] - delay(3): Delayed 3 second(s)

2019-06-27 17:35:21 - [MESSAGE][PASSED] - Delayed 3 second(s)

2019-06-27 17:35:21 - [MESSAGE][PASSED] - Call Test Case 'Test Cases/NewArrival/productVerifyShort' successfully

2019-06-27 17:35:21 - [TEST_STEP][PASSED] - click(findTestObject("Page_cabi Find Order/a_Create Order")): Object: 'Object Repository/Page_cabi Find Order/a_Create Order' is clicked on

2019-06-27 17:35:23 - [MESSAGE][PASSED] - Object: 'Object Repository/Page_cabi Find Order/a_Create Order' is clicked on

2019-06-27 17:35:23 - [TEST_STEP][PASSED] - selectOptionByValue(findTestObject("Page_cabi Create Order/select_order_type"), "RETAIL", true): All options with value 'RETAIL' are selected in object 'Object Repository/Page_cabi Create Order/select_order_type'  using regular expression

2019-06-27 17:35:24 - [MESSAGE][PASSED] - All options with value 'RETAIL' are selected in object 'Object Repository/Page_cabi Create Order/select_order_type'  using regular expression

2019-06-27 17:35:24 - [TEST_STEP][PASSED] - click(findTestObject("Page_cabi Create Order/input_select_order_type")): Object: 'Object Repository/Page_cabi Create Order/input_select_order_type' is clicked on

2019-06-27 17:35:26 - [MESSAGE][PASSED] - Object: 'Object Repository/Page_cabi Create Order/input_select_order_type' is clicked on

2019-06-27 17:35:26 - [TEST_STEP][PASSED] - callTestCase(findTestCase("NewArrival/productVerifyShort"), ["available":CCRetail], STOP_ON_FAILURE): Call Test Case 'Test Cases/NewArrival/productVerifyShort' successfully

2019-06-27 17:35:26 - [TEST_CASE][PASSED] - Test Cases/NewArrival/productVerifyShort: Test Cases/NewArrival/productVerifyShort

2019-06-27 17:35:26 - [TEST_STEP][PASSED] - for ([row = 1, row <= findTestData("productData").getRowNumbers(), (row++)]): Delayed 3 second(s)

2019-06-27 17:35:26 - [TEST_STEP][PASSED] - delay(2): Delayed 2 second(s)

2019-06-27 17:35:28 - [MESSAGE][PASSED] - Delayed 2 second(s)

2019-06-27 17:35:28 - [TEST_STEP][PASSED] - setText(findTestObject("Object Repository/Page_cabi Create Order/input_Manual Discount_stylelookup_0"), findTestData("productData").getValue("Style", row)): Text '5618' is set on object 'Object Repository/Page_cabi Create Order/input_Manual Discount_stylelookup_0'

2019-06-27 17:35:28 - [MESSAGE][PASSED] - Text '5618' is set on object 'Object Repository/Page_cabi Create Order/input_Manual Discount_stylelookup_0'

2019-06-27 17:35:28 - [TEST_STEP][PASSED] - delay(2): Delayed 2 second(s)

2019-06-27 17:35:30 - [MESSAGE][PASSED] - Delayed 2 second(s)

2019-06-27 17:35:30 - [TEST_STEP][PASSED] - prod_message = getText(findTestObject("Page_cabi Create Order/first_option")): Text of object 'Object Repository/Page_cabi Create Order/first_option' is: '5618 Breeze Dress'

2019-06-27 17:35:30 - [MESSAGE][PASSED] - Text of object 'Object Repository/Page_cabi Create Order/first_option' is: '5618 Breeze Dress'

2019-06-27 17:35:30 - [TEST_STEP][PASSED] - delay(1): Delayed 1 second(s)

2019-06-27 17:35:31 - [MESSAGE][PASSED] - Delayed 1 second(s)

2019-06-27 17:35:31 - [TEST_STEP][PASSED] - click(findTestObject("Page_cabi Create Order/first_option")): Object: 'Object Repository/Page_cabi Create Order/first_option' is clicked on

2019-06-27 17:35:31 - [MESSAGE][PASSED] - Object: 'Object Repository/Page_cabi Create Order/first_option' is clicked on

2019-06-27 17:35:31 - [TEST_STEP][PASSED] - if (toString().equalsIgnoreCase("no")): null

2019-06-27 17:35:31 - [TEST_STEP][PASSED] - else: Delayed 3 second(s)

2019-06-27 17:35:31 - [TEST_STEP][PASSED] - delay(3): Delayed 3 second(s)

2019-06-27 17:35:34 - [MESSAGE][PASSED] - Delayed 3 second(s)

2019-06-27 17:35:34 - [TEST_STEP][PASSED] - s1 = getValue("Style", row).toString(): null

2019-06-27 17:35:34 - [TEST_STEP][PASSED] - s2 = " ": null

2019-06-27 17:35:34 - [TEST_STEP][PASSED] - s3 = getValue("Description", row).toString(): null

2019-06-27 17:35:34 - [TEST_STEP][PASSED] - expectedStyleDescription = $s1$s2$s3: null

2019-06-27 17:35:34 - [TEST_STEP][PASSED] - prod_message = UtilityMethods.splitStyle(prod_message): null

2019-06-27 17:35:34 - [TEST_STEP][PASSED] - println(prod_message): null

2019-06-27 17:35:34 - [TEST_STEP][PASSED] - assert prod_message.equalsIgnoreCase(expectedStyleDescription): null

2019-06-27 17:35:34 - [TEST_STEP][PASSED] - delay(3): Delayed 3 second(s)

2019-06-27 17:35:37 - [MESSAGE][PASSED] - Delayed 3 second(s)

2019-06-27 17:35:37 - [TEST_STEP][PASSED] - colorOptions = findWebElements(findTestObject("Page_cabi Order Items/GetAttribute_Color"), 5): null

2019-06-27 17:35:37 - [TEST_STEP][PASSED] - println(colorOptions.size()): null

2019-06-27 17:35:37 - [TEST_STEP][PASSED] - expectedColour = findTestData("productData").getValue("Color", row): null

2019-06-27 17:35:37 - [TEST_STEP][PASSED] - println("expected colour is"): null

2019-06-27 17:35:37 - [TEST_STEP][PASSED] - println(expectedColour): null

2019-06-27 17:35:37 - [TEST_STEP][PASSED] - colourVerified = false: null

2019-06-27 17:35:37 - [TEST_STEP][PASSED] - for (org.openqa.selenium.WebElement op : colorOptions): null

2019-06-27 17:35:37 - [TEST_STEP][PASSED] - println(op.getText()): null

2019-06-27 17:35:37 - [TEST_STEP][PASSED] - if (expectedColour.equalsIgnoreCase(op.getText())): null

2019-06-27 17:35:37 - [TEST_STEP][PASSED] - colourVerified = true: null

2019-06-27 17:35:37 - [TEST_STEP][PASSED] - break: null

2019-06-27 17:35:37 - [TEST_STEP][PASSED] - assert colourVerified == true: null

2019-06-27 17:35:37 - [TEST_STEP][PASSED] - getPrice = getText(findTestObject("Page_cabi Create Order/retail_price")): Text of object 'Object Repository/Page_cabi Create Order/retail_price' is: '$119.00'

2019-06-27 17:35:38 - [MESSAGE][PASSED] - Text of object 'Object Repository/Page_cabi Create Order/retail_price' is: '$119.00'

2019-06-27 17:35:38 - [TEST_STEP][PASSED] - Split_Data = UtilityMethods.SplitData(getPrice): null

2019-06-27 17:35:38 - [TEST_STEP][PASSED] - verifyMatch(Split_Data, findTestData("productData").getValue("Retail", row), true): Actual text '119' and expected text '119' are matched  using regular expression

2019-06-27 17:35:38 - [MESSAGE][PASSED] - Actual text '119' and expected text '119' are matched  using regular expression

2019-06-27 17:35:38 - [TEST_STEP][PASSED] - sizeRange1 = ["XXS", "XS", "S", "M", "L", "XL"]: null

2019-06-27 17:35:38 - [TEST_STEP][PASSED] - sizeRange2 = ["00", "0", "2", "4", "6", "8", "10", "12", "14", "16"]: null

2019-06-27 17:35:38 - [TEST_STEP][PASSED] - sizeRange3 = ["Long", "Regular", "Short"]: null

2019-06-27 17:35:38 - [TEST_STEP][PASSED] - sizeRange4 = ["5", "6", "6.5", "7", "7.5", "8", "8.5", "9", "9.5", "10", "11"]: null

2019-06-27 17:35:38 - [TEST_STEP][PASSED] - sizeRangeSplit = UtilityMethods.SplitSizes(findTestData("productData").getValue("SzRange", row)): null

2019-06-27 17:35:38 - [TEST_STEP][PASSED] - sizeType = getText(findTestObject("Object Repository/Page_cabi Order Items/Size")): Text of object 'Object Repository/Page_cabi Order Items/Size' is: 'Select'

2019-06-27 17:35:38 - [MESSAGE][PASSED] - Text of object 'Object Repository/Page_cabi Order Items/Size' is: 'Select'

2019-06-27 17:35:38 - [TEST_STEP][PASSED] - sizeOptions = findWebElements(findTestObject("Object Repository/Page_cabi Order Items/Size"), 5): null

2019-06-27 17:35:38 - [TEST_STEP][PASSED] - actualRange = new java.util.ArrayList(): null

2019-06-27 17:35:38 - [TEST_STEP][PASSED] - expectedRange = <not implemented yet for class: org.codehaus.groovy.ast.expr.EmptyExpression>: null

2019-06-27 17:35:38 - [TEST_STEP][PASSED] - if (sizeType.equalsIgnoreCase("Select")): null

2019-06-27 17:35:38 - [TEST_STEP][PASSED] - for ([i = 1, i < sizeOptions.size(), (i++)]): null

2019-06-27 17:35:38 - [TEST_STEP][PASSED] - actualRange.add(get(i).getText()): null

2019-06-27 17:35:38 - [TEST_STEP][PASSED] - actualRange.add(get(i).getText()): null

2019-06-27 17:35:38 - [TEST_STEP][PASSED] - actualRange.add(get(i).getText()): null

2019-06-27 17:35:38 - [TEST_STEP][PASSED] - actualRange.add(get(i).getText()): null

2019-06-27 17:35:38 - [TEST_STEP][PASSED] - actualRange.add(get(i).getText()): null

2019-06-27 17:35:38 - [TEST_STEP][PASSED] - if (toString().equalsIgnoreCase("XS") || toString().equalsIgnoreCase("XXS")): null

2019-06-27 17:35:38 - [TEST_STEP][PASSED] - expectedRange = UtilityMethods.getExpectedRange(sizeRange1, sizeRangeSplit): null

2019-06-27 17:35:38 - [TEST_STEP][PASSED] - println("XS"): null

2019-06-27 17:35:38 - [TEST_STEP][PASSED] - println(expectedRange.toString()): null

2019-06-27 17:35:38 - [TEST_STEP][PASSED] - assert UtilityMethods.listEquals(expectedRange, actualRange) == true: null

2019-06-27 17:35:38 - [TEST_STEP][PASSED] - delay(3): Delayed 3 second(s)

2019-06-27 17:35:41 - [MESSAGE][PASSED] - Delayed 3 second(s)

2019-06-27 17:35:41 - [MESSAGE][PASSED] - Call Test Case 'Test Cases/NewArrival/productVerifyShort' successfully

2019-06-27 17:35:41 - [TEST_STEP][PASSED] - click(findTestObject("Page_cabi Find Order/a_Create Order")): Object: 'Object Repository/Page_cabi Find Order/a_Create Order' is clicked on

2019-06-27 17:35:43 - [MESSAGE][PASSED] - Object: 'Object Repository/Page_cabi Find Order/a_Create Order' is clicked on

2019-06-27 17:35:43 - [TEST_STEP][PASSED] - selectOptionByValue(findTestObject("Page_cabi Create Order/select_order_type"), "SHOW", true): All options with value 'SHOW' are selected in object 'Object Repository/Page_cabi Create Order/select_order_type'  using regular expression

2019-06-27 17:35:43 - [MESSAGE][PASSED] - All options with value 'SHOW' are selected in object 'Object Repository/Page_cabi Create Order/select_order_type'  using regular expression

2019-06-27 17:35:43 - [TEST_STEP][PASSED] - click(findTestObject("Page_cabi Create Order/input_select_order_type")): Object: 'Object Repository/Page_cabi Create Order/input_select_order_type' is clicked on

2019-06-27 17:35:47 - [MESSAGE][PASSED] - Object: 'Object Repository/Page_cabi Create Order/input_select_order_type' is clicked on

2019-06-27 17:35:47 - [TEST_STEP][PASSED] - callTestCase(findTestCase("NewArrival/productVerifyShort"), ["available":CCShow], STOP_ON_FAILURE): Call Test Case 'Test Cases/NewArrival/productVerifyShort' successfully

2019-06-27 17:35:47 - [TEST_CASE][PASSED] - Test Cases/NewArrival/productVerifyShort: Test Cases/NewArrival/productVerifyShort

2019-06-27 17:35:47 - [TEST_STEP][PASSED] - for ([row = 1, row <= findTestData("productData").getRowNumbers(), (row++)]): Delayed 3 second(s)

2019-06-27 17:35:47 - [TEST_STEP][PASSED] - delay(2): Delayed 2 second(s)

2019-06-27 17:35:49 - [MESSAGE][PASSED] - Delayed 2 second(s)

2019-06-27 17:35:49 - [TEST_STEP][PASSED] - setText(findTestObject("Object Repository/Page_cabi Create Order/input_Manual Discount_stylelookup_0"), findTestData("productData").getValue("Style", row)): Text '5618' is set on object 'Object Repository/Page_cabi Create Order/input_Manual Discount_stylelookup_0'

2019-06-27 17:35:49 - [MESSAGE][PASSED] - Text '5618' is set on object 'Object Repository/Page_cabi Create Order/input_Manual Discount_stylelookup_0'

2019-06-27 17:35:49 - [TEST_STEP][PASSED] - delay(2): Delayed 2 second(s)

2019-06-27 17:35:51 - [MESSAGE][PASSED] - Delayed 2 second(s)

2019-06-27 17:35:51 - [TEST_STEP][PASSED] - prod_message = getText(findTestObject("Page_cabi Create Order/first_option")): Text of object 'Object Repository/Page_cabi Create Order/first_option' is: '5618 Breeze Dress'

2019-06-27 17:35:51 - [MESSAGE][PASSED] - Text of object 'Object Repository/Page_cabi Create Order/first_option' is: '5618 Breeze Dress'

2019-06-27 17:35:51 - [TEST_STEP][PASSED] - delay(1): Delayed 1 second(s)

2019-06-27 17:35:52 - [MESSAGE][PASSED] - Delayed 1 second(s)

2019-06-27 17:35:52 - [TEST_STEP][PASSED] - click(findTestObject("Page_cabi Create Order/first_option")): Object: 'Object Repository/Page_cabi Create Order/first_option' is clicked on

2019-06-27 17:35:52 - [MESSAGE][PASSED] - Object: 'Object Repository/Page_cabi Create Order/first_option' is clicked on

2019-06-27 17:35:52 - [TEST_STEP][PASSED] - if (toString().equalsIgnoreCase("no")): null

2019-06-27 17:35:52 - [TEST_STEP][PASSED] - else: Delayed 3 second(s)

2019-06-27 17:35:52 - [TEST_STEP][PASSED] - delay(3): Delayed 3 second(s)

2019-06-27 17:35:55 - [MESSAGE][PASSED] - Delayed 3 second(s)

2019-06-27 17:35:55 - [TEST_STEP][PASSED] - s1 = getValue("Style", row).toString(): null

2019-06-27 17:35:55 - [TEST_STEP][PASSED] - s2 = " ": null

2019-06-27 17:35:55 - [TEST_STEP][PASSED] - s3 = getValue("Description", row).toString(): null

2019-06-27 17:35:55 - [TEST_STEP][PASSED] - expectedStyleDescription = $s1$s2$s3: null

2019-06-27 17:35:55 - [TEST_STEP][PASSED] - prod_message = UtilityMethods.splitStyle(prod_message): null

2019-06-27 17:35:55 - [TEST_STEP][PASSED] - println(prod_message): null

2019-06-27 17:35:55 - [TEST_STEP][PASSED] - assert prod_message.equalsIgnoreCase(expectedStyleDescription): null

2019-06-27 17:35:55 - [TEST_STEP][PASSED] - delay(3): Delayed 3 second(s)

2019-06-27 17:35:58 - [MESSAGE][PASSED] - Delayed 3 second(s)

2019-06-27 17:35:58 - [TEST_STEP][PASSED] - colorOptions = findWebElements(findTestObject("Page_cabi Order Items/GetAttribute_Color"), 5): null

2019-06-27 17:35:58 - [TEST_STEP][PASSED] - println(colorOptions.size()): null

2019-06-27 17:35:58 - [TEST_STEP][PASSED] - expectedColour = findTestData("productData").getValue("Color", row): null

2019-06-27 17:35:58 - [TEST_STEP][PASSED] - println("expected colour is"): null

2019-06-27 17:35:58 - [TEST_STEP][PASSED] - println(expectedColour): null

2019-06-27 17:35:58 - [TEST_STEP][PASSED] - colourVerified = false: null

2019-06-27 17:35:58 - [TEST_STEP][PASSED] - for (org.openqa.selenium.WebElement op : colorOptions): null

2019-06-27 17:35:58 - [TEST_STEP][PASSED] - println(op.getText()): null

2019-06-27 17:35:58 - [TEST_STEP][PASSED] - if (expectedColour.equalsIgnoreCase(op.getText())): null

2019-06-27 17:35:58 - [TEST_STEP][PASSED] - colourVerified = true: null

2019-06-27 17:35:58 - [TEST_STEP][PASSED] - break: null

2019-06-27 17:35:58 - [TEST_STEP][PASSED] - assert colourVerified == true: null

2019-06-27 17:35:58 - [TEST_STEP][PASSED] - getPrice = getText(findTestObject("Page_cabi Create Order/retail_price")): Text of object 'Object Repository/Page_cabi Create Order/retail_price' is: '$119.00'

2019-06-27 17:35:58 - [MESSAGE][PASSED] - Text of object 'Object Repository/Page_cabi Create Order/retail_price' is: '$119.00'

2019-06-27 17:35:58 - [TEST_STEP][PASSED] - Split_Data = UtilityMethods.SplitData(getPrice): null

2019-06-27 17:35:58 - [TEST_STEP][PASSED] - verifyMatch(Split_Data, findTestData("productData").getValue("Retail", row), true): Actual text '119' and expected text '119' are matched  using regular expression

2019-06-27 17:35:58 - [MESSAGE][PASSED] - Actual text '119' and expected text '119' are matched  using regular expression

2019-06-27 17:35:58 - [TEST_STEP][PASSED] - sizeRange1 = ["XXS", "XS", "S", "M", "L", "XL"]: null

2019-06-27 17:35:58 - [TEST_STEP][PASSED] - sizeRange2 = ["00", "0", "2", "4", "6", "8", "10", "12", "14", "16"]: null

2019-06-27 17:35:58 - [TEST_STEP][PASSED] - sizeRange3 = ["Long", "Regular", "Short"]: null

2019-06-27 17:35:58 - [TEST_STEP][PASSED] - sizeRange4 = ["5", "6", "6.5", "7", "7.5", "8", "8.5", "9", "9.5", "10", "11"]: null

2019-06-27 17:35:58 - [TEST_STEP][PASSED] - sizeRangeSplit = UtilityMethods.SplitSizes(findTestData("productData").getValue("SzRange", row)): null

2019-06-27 17:35:58 - [TEST_STEP][PASSED] - sizeType = getText(findTestObject("Object Repository/Page_cabi Order Items/Size")): Text of object 'Object Repository/Page_cabi Order Items/Size' is: 'Select'

2019-06-27 17:35:58 - [MESSAGE][PASSED] - Text of object 'Object Repository/Page_cabi Order Items/Size' is: 'Select'

2019-06-27 17:35:58 - [TEST_STEP][PASSED] - sizeOptions = findWebElements(findTestObject("Object Repository/Page_cabi Order Items/Size"), 5): null

2019-06-27 17:35:58 - [TEST_STEP][PASSED] - actualRange = new java.util.ArrayList(): null

2019-06-27 17:35:58 - [TEST_STEP][PASSED] - expectedRange = <not implemented yet for class: org.codehaus.groovy.ast.expr.EmptyExpression>: null

2019-06-27 17:35:58 - [TEST_STEP][PASSED] - if (sizeType.equalsIgnoreCase("Select")): null

2019-06-27 17:35:58 - [TEST_STEP][PASSED] - for ([i = 1, i < sizeOptions.size(), (i++)]): null

2019-06-27 17:35:58 - [TEST_STEP][PASSED] - actualRange.add(get(i).getText()): null

2019-06-27 17:35:58 - [TEST_STEP][PASSED] - actualRange.add(get(i).getText()): null

2019-06-27 17:35:58 - [TEST_STEP][PASSED] - actualRange.add(get(i).getText()): null

2019-06-27 17:35:59 - [TEST_STEP][PASSED] - actualRange.add(get(i).getText()): null

2019-06-27 17:35:59 - [TEST_STEP][PASSED] - actualRange.add(get(i).getText()): null

2019-06-27 17:35:59 - [TEST_STEP][PASSED] - if (toString().equalsIgnoreCase("XS") || toString().equalsIgnoreCase("XXS")): null

2019-06-27 17:35:59 - [TEST_STEP][PASSED] - expectedRange = UtilityMethods.getExpectedRange(sizeRange1, sizeRangeSplit): null

2019-06-27 17:35:59 - [TEST_STEP][PASSED] - println("XS"): null

2019-06-27 17:35:59 - [TEST_STEP][PASSED] - println(expectedRange.toString()): null

2019-06-27 17:35:59 - [TEST_STEP][PASSED] - assert UtilityMethods.listEquals(expectedRange, actualRange) == true: null

2019-06-27 17:35:59 - [TEST_STEP][PASSED] - delay(3): Delayed 3 second(s)

2019-06-27 17:36:02 - [MESSAGE][PASSED] - Delayed 3 second(s)

2019-06-27 17:36:02 - [MESSAGE][PASSED] - Call Test Case 'Test Cases/NewArrival/productVerifyShort' successfully

2019-06-27 17:36:02 - [TEST_STEP][PASSED] - callTestCase(findTestCase("NewArrival/populateTimeGlobalVars"), ["row":timeRow], STOP_ON_FAILURE): Call Test Case 'Test Cases/NewArrival/populateTimeGlobalVars' successfully

2019-06-27 17:36:02 - [TEST_CASE][PASSED] - Test Cases/NewArrival/populateTimeGlobalVars: Test Cases/NewArrival/populateTimeGlobalVars

2019-06-27 17:36:02 - [TEST_STEP][PASSED] - dataFile = "timezoneData": null

2019-06-27 17:36:02 - [TEST_STEP][PASSED] - serverTarget = UtilityMethods.getTestData(dataFile, "serverTarget", row): null

2019-06-27 17:36:02 - [TEST_STEP][PASSED] - orderType = UtilityMethods.getTestData(dataFile, "orderType", row): null

2019-06-27 17:36:02 - [TEST_STEP][PASSED] - timeZone = UtilityMethods.getTestData(dataFile, "timeZone", row): null

2019-06-27 17:36:02 - [TEST_STEP][PASSED] - BOPersonal = UtilityMethods.getTestData(dataFile, "BOPersonal", row): null

2019-06-27 17:36:02 - [TEST_STEP][PASSED] - BOAddonPersonal = UtilityMethods.getTestData(dataFile, "BOAddonPersonal", row): null

2019-06-27 17:36:02 - [TEST_STEP][PASSED] - BOAddonRetail = UtilityMethods.getTestData(dataFile, "BOAddonRetail", row): null

2019-06-27 17:36:02 - [TEST_STEP][PASSED] - BORetail = UtilityMethods.getTestData(dataFile, "BORetail", row): null

2019-06-27 17:36:02 - [TEST_STEP][PASSED] - BOShow = UtilityMethods.getTestData(dataFile, "BOShow", row): null

2019-06-27 17:36:02 - [TEST_STEP][PASSED] - BOOnlineoutlet = UtilityMethods.getTestData(dataFile, "BOOnlineoutlet", row): null

2019-06-27 17:36:02 - [TEST_STEP][PASSED] - BOEmployee = UtilityMethods.getTestData(dataFile, "BOEmployee", row): null

2019-06-27 17:36:02 - [TEST_STEP][PASSED] - CCPersonal = UtilityMethods.getTestData(dataFile, "CCPersonal", row): null

2019-06-27 17:36:02 - [TEST_STEP][PASSED] - CCRetail = UtilityMethods.getTestData(dataFile, "CCRetail", row): null

2019-06-27 17:36:02 - [TEST_STEP][PASSED] - CCShow = UtilityMethods.getTestData(dataFile, "CCShow", row): null

2019-06-27 17:36:02 - [TEST_STEP][PASSED] - BOEblast = UtilityMethods.getTestData(dataFile, "BOEblast", row): null

2019-06-27 17:36:02 - [MESSAGE][PASSED] - Call Test Case 'Test Cases/NewArrival/populateTimeGlobalVars' successfully

2019-06-27 17:36:02 - [TEST_STEP][PASSED] - callTestCase(findTestCase("NewArrival/setTimezone"), ["ofbizURL":"", "ofbizuser":"", "ofbizpass":"", "orderType":orderType, "timeZone":timeZone, "serverTarget":serverTarget], STOP_ON_FAILURE): Call Test Case 'Test Cases/NewArrival/setTimezone' successfully

2019-06-27 17:36:02 - [TEST_CASE][PASSED] - Test Cases/NewArrival/setTimezone: Test Cases/NewArrival/setTimezone

2019-06-27 17:36:02 - [TEST_STEP][NOT_RUN] - openBrowser(""): NOT_RUN: openBrowser("")

2019-06-27 17:36:02 - [MESSAGE][NOT_RUN] - NOT_RUN: openBrowser("")

2019-06-27 17:36:02 - [TEST_STEP][NOT_RUN] - maximizeWindow(): NOT_RUN: maximizeWindow()

2019-06-27 17:36:02 - [MESSAGE][NOT_RUN] - NOT_RUN: maximizeWindow()

2019-06-27 17:36:02 - [TEST_STEP][PASSED] - ofbizURL = findTestData("credData").getValue("ofbizURL", 1): null

2019-06-27 17:36:02 - [TEST_STEP][PASSED] - ofbizuser = findTestData("credData").getValue("ofbizuser", 1): null

2019-06-27 17:36:02 - [TEST_STEP][PASSED] - ofbizpass = findTestData("credData").getValue("ofbizpass", 1): null

2019-06-27 17:36:02 - [TEST_STEP][PASSED] - navigateToUrl(ofbizURL): Navigate to 'https://pushofbiz.cliotest.com/login.php' successfully

2019-06-27 17:36:04 - [MESSAGE][PASSED] - Navigate to 'https://pushofbiz.cliotest.com/login.php' successfully

2019-06-27 17:36:04 - [TEST_STEP][PASSED] - setText(findTestObject("Page_/input_Username_username"), ofbizuser): Text 'automation' is set on object 'Object Repository/Page_/input_Username_username'

2019-06-27 17:36:04 - [MESSAGE][PASSED] - Text 'automation' is set on object 'Object Repository/Page_/input_Username_username'

2019-06-27 17:36:04 - [TEST_STEP][PASSED] - setText(findTestObject("Page_/input_Password_password"), ofbizpass): Text 'cabiautomation' is set on object 'Object Repository/Page_/input_Password_password'

2019-06-27 17:36:04 - [MESSAGE][PASSED] - Text 'cabiautomation' is set on object 'Object Repository/Page_/input_Password_password'

2019-06-27 17:36:04 - [TEST_STEP][PASSED] - click(findTestObject("Page_/input_Password_Submit")): Object: 'Object Repository/Page_/input_Password_Submit' is clicked on

2019-06-27 17:36:09 - [MESSAGE][PASSED] - Object: 'Object Repository/Page_/input_Password_Submit' is clicked on

2019-06-27 17:36:09 - [TEST_STEP][PASSED] - click(findTestObject("Object Repository/Page_/a_Clock set")): Object: 'Object Repository/Page_/a_Clock set' is clicked on

2019-06-27 17:36:09 - [MESSAGE][PASSED] - Object: 'Object Repository/Page_/a_Clock set' is clicked on

2019-06-27 17:36:09 - [TEST_STEP][PASSED] - click(UtilityMethods.createTestObject("select_target", "//select[@name='Target']/option[contains(text(), '", serverTarget, "')]")): Object: 'select_target' is clicked on

2019-06-27 17:36:09 - [MESSAGE][PASSED] - Object: 'select_target' is clicked on

2019-06-27 17:36:09 - [TEST_STEP][PASSED] - click(findTestObject("Page_/thisDateAndTime")): Object: 'Object Repository/Page_/thisDateAndTime' is clicked on

2019-06-27 17:36:09 - [MESSAGE][PASSED] - Object: 'Object Repository/Page_/thisDateAndTime' is clicked on

2019-06-27 17:36:09 - [TEST_STEP][PASSED] - setText(findTestObject("Object Repository/Page_/setTargetTime"), timeZone): Text ' 05/07/2019 12:00' is set on object 'Object Repository/Page_/setTargetTime'

2019-06-27 17:36:09 - [MESSAGE][PASSED] - Text ' 05/07/2019 12:00' is set on object 'Object Repository/Page_/setTargetTime'

2019-06-27 17:36:09 - [TEST_STEP][PASSED] - click(findTestObject("Object Repository/Page_/input")): Object: 'Object Repository/Page_/input' is clicked on

2019-06-27 17:36:10 - [MESSAGE][PASSED] - Object: 'Object Repository/Page_/input' is clicked on

2019-06-27 17:36:10 - [TEST_STEP][PASSED] - delay(10): Delayed 10 second(s)

2019-06-27 17:36:20 - [MESSAGE][PASSED] - Delayed 10 second(s)

2019-06-27 17:36:20 - [TEST_STEP][NOT_RUN] - closeBrowser(): NOT_RUN: closeBrowser()

2019-06-27 17:36:20 - [MESSAGE][NOT_RUN] - NOT_RUN: closeBrowser()

2019-06-27 17:36:20 - [MESSAGE][PASSED] - Call Test Case 'Test Cases/NewArrival/setTimezone' successfully

2019-06-27 17:36:20 - [TEST_STEP][PASSED] - callTestCase(findTestCase("TestCaseUtilities/cabiCentralLogin"), [:], STOP_ON_FAILURE): Call Test Case 'Test Cases/TestCaseUtilities/cabiCentralLogin' successfully

2019-06-27 17:36:20 - [TEST_CASE][PASSED] - Test Cases/TestCaseUtilities/cabiCentralLogin: Test Cases/TestCaseUtilities/cabiCentralLogin

2019-06-27 17:36:20 - [TEST_STEP][PASSED] - CCURL = findTestData("credData").getValue("CCURL", 1): null

2019-06-27 17:36:20 - [TEST_STEP][PASSED] - CCuser = findTestData("credData").getValue("CCuser", 1): null

2019-06-27 17:36:20 - [TEST_STEP][PASSED] - CCpass = findTestData("credData").getValue("CCpass", 1): null

2019-06-27 17:36:20 - [TEST_STEP][PASSED] - openBrowser(""): Browser is opened with url: ''

2019-06-27 17:36:20 - [MESSAGE][WARNING] - A browser is already opened. Closing browser and opening a new one

2019-06-27 17:36:21 - [MESSAGE][INFO] - Starting 'Chrome' driver

2019-06-27 17:36:21 - [MESSAGE][INFO] - User set preference: ['args', '[--use-fake-ui-for-media-stream, --start-maximized]']

2019-06-27 17:36:23 - [MESSAGE][PASSED] - Browser is opened with url: ''

2019-06-27 17:36:23 - [TEST_STEP][PASSED] - navigateToUrl(CCURL): Navigate to 'https://test14.cliotest.com/cabicentral/control/main' successfully

2019-06-27 17:36:41 - [MESSAGE][PASSED] - Navigate to 'https://test14.cliotest.com/cabicentral/control/main' successfully

2019-06-27 17:36:41 - [TEST_STEP][PASSED] - maximizeWindow(): Current window maximized

2019-06-27 17:36:42 - [MESSAGE][PASSED] - Current window maximized

2019-06-27 17:36:42 - [TEST_STEP][PASSED] - logOut = findWebElements(findTestObject("Object Repository/Page_cabi Home/log_out"), 1): Unable to find the element located by 'By.xpath: //a[contains(text(),'Log Out')]'. Please recheck the objects properties to make sure the desired element is located. 

2019-06-27 17:36:43 - [MESSAGE][INFO] - Unable to find the element located by 'By.xpath: //a[contains(text(),'Log Out')]'. Please recheck the objects properties to make sure the desired element is located. 

2019-06-27 17:36:43 - [TEST_STEP][PASSED] - if (logOut.size() == 0): Object: 'Object Repository/Page_cabi/input_Password_section-btn btn-stl-pk rFloat' is clicked on

2019-06-27 17:36:43 - [TEST_STEP][PASSED] - setText(findTestObject("Object Repository/Page_cabi/input_Username_USERNAME"), CCuser): Text 'ehudson' is set on object 'Object Repository/Page_cabi/input_Username_USERNAME'

2019-06-27 17:36:44 - [MESSAGE][PASSED] - Text 'ehudson' is set on object 'Object Repository/Page_cabi/input_Username_USERNAME'

2019-06-27 17:36:44 - [TEST_STEP][PASSED] - setText(findTestObject("Object Repository/Page_cabi/input_Password_PASSWORD"), CCpass): Text 'blackdress19' is set on object 'Object Repository/Page_cabi/input_Password_PASSWORD'

2019-06-27 17:36:44 - [MESSAGE][PASSED] - Text 'blackdress19' is set on object 'Object Repository/Page_cabi/input_Password_PASSWORD'

2019-06-27 17:36:44 - [TEST_STEP][PASSED] - delay(1): Delayed 1 second(s)

2019-06-27 17:36:45 - [MESSAGE][PASSED] - Delayed 1 second(s)

2019-06-27 17:36:45 - [TEST_STEP][PASSED] - click(findTestObject("Object Repository/Page_cabi/input_Password_section-btn btn-stl-pk rFloat")): Object: 'Object Repository/Page_cabi/input_Password_section-btn btn-stl-pk rFloat' is clicked on

2019-06-27 17:36:48 - [MESSAGE][PASSED] - Object: 'Object Repository/Page_cabi/input_Password_section-btn btn-stl-pk rFloat' is clicked on

2019-06-27 17:36:48 - [TEST_STEP][PASSED] - delay(3): Delayed 3 second(s)

2019-06-27 17:36:51 - [MESSAGE][PASSED] - Delayed 3 second(s)

2019-06-27 17:36:51 - [MESSAGE][PASSED] - Call Test Case 'Test Cases/TestCaseUtilities/cabiCentralLogin' successfully

2019-06-27 17:36:51 - [TEST_STEP][PASSED] - delay(3): Delayed 3 second(s)

2019-06-27 17:36:54 - [MESSAGE][PASSED] - Delayed 3 second(s)

2019-06-27 17:36:54 - [TEST_STEP][PASSED] - click(findTestObject("Page_cabi cabiCentral Tasks/a_ORDERS")): Object: 'Object Repository/Page_cabi cabiCentral Tasks/a_ORDERS' is clicked on

2019-06-27 17:36:56 - [MESSAGE][PASSED] - Object: 'Object Repository/Page_cabi cabiCentral Tasks/a_ORDERS' is clicked on

2019-06-27 17:36:56 - [TEST_STEP][PASSED] - delay(3): Delayed 3 second(s)

2019-06-27 17:36:59 - [MESSAGE][PASSED] - Delayed 3 second(s)

2019-06-27 17:36:59 - [TEST_STEP][PASSED] - click(findTestObject("Page_cabi Find Order/a_Create Order")): Object: 'Object Repository/Page_cabi Find Order/a_Create Order' is clicked on

2019-06-27 17:36:59 - [MESSAGE][PASSED] - Object: 'Object Repository/Page_cabi Find Order/a_Create Order' is clicked on

2019-06-27 17:36:59 - [TEST_STEP][PASSED] - selectOptionByValue(findTestObject("Page_cabi Create Order/select_order_type"), "PERSONAL", true): All options with value 'PERSONAL' are selected in object 'Object Repository/Page_cabi Create Order/select_order_type'  using regular expression

2019-06-27 17:37:00 - [MESSAGE][PASSED] - All options with value 'PERSONAL' are selected in object 'Object Repository/Page_cabi Create Order/select_order_type'  using regular expression

2019-06-27 17:37:00 - [TEST_STEP][PASSED] - click(findTestObject("Page_cabi Create Order/input_select_order_type")): Object: 'Object Repository/Page_cabi Create Order/input_select_order_type' is clicked on

2019-06-27 17:37:04 - [MESSAGE][PASSED] - Object: 'Object Repository/Page_cabi Create Order/input_select_order_type' is clicked on

2019-06-27 17:37:04 - [TEST_STEP][PASSED] - callTestCase(findTestCase("NewArrival/productVerifyShort"), ["available":CCPersonal, "storeType":"CCPersonal"], STOP_ON_FAILURE): Call Test Case 'Test Cases/NewArrival/productVerifyShort' successfully

2019-06-27 17:37:04 - [TEST_CASE][PASSED] - Test Cases/NewArrival/productVerifyShort: Test Cases/NewArrival/productVerifyShort

2019-06-27 17:37:04 - [TEST_STEP][PASSED] - for ([row = 1, row <= findTestData("productData").getRowNumbers(), (row++)]): Delayed 3 second(s)

2019-06-27 17:37:04 - [TEST_STEP][PASSED] - delay(2): Delayed 2 second(s)

2019-06-27 17:37:06 - [MESSAGE][PASSED] - Delayed 2 second(s)

2019-06-27 17:37:06 - [TEST_STEP][PASSED] - setText(findTestObject("Object Repository/Page_cabi Create Order/input_Manual Discount_stylelookup_0"), findTestData("productData").getValue("Style", row)): Text '5618' is set on object 'Object Repository/Page_cabi Create Order/input_Manual Discount_stylelookup_0'

2019-06-27 17:37:06 - [MESSAGE][PASSED] - Text '5618' is set on object 'Object Repository/Page_cabi Create Order/input_Manual Discount_stylelookup_0'

2019-06-27 17:37:06 - [TEST_STEP][PASSED] - delay(2): Delayed 2 second(s)

2019-06-27 17:37:08 - [MESSAGE][PASSED] - Delayed 2 second(s)

2019-06-27 17:37:08 - [TEST_STEP][PASSED] - prod_message = getText(findTestObject("Page_cabi Create Order/first_option")): Text of object 'Object Repository/Page_cabi Create Order/first_option' is: '5618 Breeze Dress'

2019-06-27 17:37:08 - [MESSAGE][PASSED] - Text of object 'Object Repository/Page_cabi Create Order/first_option' is: '5618 Breeze Dress'

2019-06-27 17:37:08 - [TEST_STEP][PASSED] - delay(1): Delayed 1 second(s)

2019-06-27 17:37:09 - [MESSAGE][PASSED] - Delayed 1 second(s)

2019-06-27 17:37:09 - [TEST_STEP][PASSED] - click(findTestObject("Page_cabi Create Order/first_option")): Object: 'Object Repository/Page_cabi Create Order/first_option' is clicked on

2019-06-27 17:37:09 - [MESSAGE][PASSED] - Object: 'Object Repository/Page_cabi Create Order/first_option' is clicked on

2019-06-27 17:37:09 - [TEST_STEP][PASSED] - if (toString().equalsIgnoreCase("no")): null

2019-06-27 17:37:09 - [TEST_STEP][PASSED] - else: Delayed 3 second(s)

2019-06-27 17:37:09 - [TEST_STEP][PASSED] - delay(3): Delayed 3 second(s)

2019-06-27 17:37:12 - [MESSAGE][PASSED] - Delayed 3 second(s)

2019-06-27 17:37:12 - [TEST_STEP][PASSED] - s1 = getValue("Style", row).toString(): null

2019-06-27 17:37:12 - [TEST_STEP][PASSED] - s2 = " ": null

2019-06-27 17:37:12 - [TEST_STEP][PASSED] - s3 = getValue("Description", row).toString(): null

2019-06-27 17:37:12 - [TEST_STEP][PASSED] - expectedStyleDescription = $s1$s2$s3: null

2019-06-27 17:37:12 - [TEST_STEP][PASSED] - prod_message = UtilityMethods.splitStyle(prod_message): null

2019-06-27 17:37:12 - [TEST_STEP][PASSED] - println(prod_message): null

2019-06-27 17:37:13 - [TEST_STEP][PASSED] - assert prod_message.equalsIgnoreCase(expectedStyleDescription): null

2019-06-27 17:37:13 - [TEST_STEP][PASSED] - delay(3): Delayed 3 second(s)

2019-06-27 17:37:16 - [MESSAGE][PASSED] - Delayed 3 second(s)

2019-06-27 17:37:16 - [TEST_STEP][PASSED] - colorOptions = findWebElements(findTestObject("Page_cabi Order Items/GetAttribute_Color"), 5): null

2019-06-27 17:37:16 - [TEST_STEP][PASSED] - println(colorOptions.size()): null

2019-06-27 17:37:16 - [TEST_STEP][PASSED] - expectedColour = findTestData("productData").getValue("Color", row): null

2019-06-27 17:37:16 - [TEST_STEP][PASSED] - println("expected colour is"): null

2019-06-27 17:37:16 - [TEST_STEP][PASSED] - println(expectedColour): null

2019-06-27 17:37:16 - [TEST_STEP][PASSED] - colourVerified = false: null

2019-06-27 17:37:16 - [TEST_STEP][PASSED] - for (org.openqa.selenium.WebElement op : colorOptions): null

2019-06-27 17:37:16 - [TEST_STEP][PASSED] - println(op.getText()): null

2019-06-27 17:37:16 - [TEST_STEP][PASSED] - if (expectedColour.equalsIgnoreCase(op.getText())): null

2019-06-27 17:37:16 - [TEST_STEP][PASSED] - colourVerified = true: null

2019-06-27 17:37:16 - [TEST_STEP][PASSED] - break: null

2019-06-27 17:37:16 - [TEST_STEP][PASSED] - assert colourVerified == true: null

2019-06-27 17:37:16 - [TEST_STEP][PASSED] - getPrice = getText(findTestObject("Page_cabi Create Order/retail_price")): Text of object 'Object Repository/Page_cabi Create Order/retail_price' is: '$119.00'

2019-06-27 17:37:16 - [MESSAGE][PASSED] - Text of object 'Object Repository/Page_cabi Create Order/retail_price' is: '$119.00'

2019-06-27 17:37:16 - [TEST_STEP][PASSED] - Split_Data = UtilityMethods.SplitData(getPrice): null

2019-06-27 17:37:16 - [TEST_STEP][PASSED] - verifyMatch(Split_Data, findTestData("productData").getValue("Retail", row), true): Actual text '119' and expected text '119' are matched  using regular expression

2019-06-27 17:37:16 - [MESSAGE][PASSED] - Actual text '119' and expected text '119' are matched  using regular expression

2019-06-27 17:37:16 - [TEST_STEP][PASSED] - sizeRange1 = ["XXS", "XS", "S", "M", "L", "XL"]: null

2019-06-27 17:37:16 - [TEST_STEP][PASSED] - sizeRange2 = ["00", "0", "2", "4", "6", "8", "10", "12", "14", "16"]: null

2019-06-27 17:37:16 - [TEST_STEP][PASSED] - sizeRange3 = ["Long", "Regular", "Short"]: null

2019-06-27 17:37:16 - [TEST_STEP][PASSED] - sizeRange4 = ["5", "6", "6.5", "7", "7.5", "8", "8.5", "9", "9.5", "10", "11"]: null

2019-06-27 17:37:16 - [TEST_STEP][PASSED] - sizeRangeSplit = UtilityMethods.SplitSizes(findTestData("productData").getValue("SzRange", row)): null

2019-06-27 17:37:16 - [TEST_STEP][PASSED] - sizeType = getText(findTestObject("Object Repository/Page_cabi Order Items/Size")): Text of object 'Object Repository/Page_cabi Order Items/Size' is: 'Select'

2019-06-27 17:37:16 - [MESSAGE][PASSED] - Text of object 'Object Repository/Page_cabi Order Items/Size' is: 'Select'

2019-06-27 17:37:16 - [TEST_STEP][PASSED] - sizeOptions = findWebElements(findTestObject("Object Repository/Page_cabi Order Items/Size"), 5): null

2019-06-27 17:37:16 - [TEST_STEP][PASSED] - actualRange = new java.util.ArrayList(): null

2019-06-27 17:37:16 - [TEST_STEP][PASSED] - expectedRange = <not implemented yet for class: org.codehaus.groovy.ast.expr.EmptyExpression>: null

2019-06-27 17:37:16 - [TEST_STEP][PASSED] - if (sizeType.equalsIgnoreCase("Select")): null

2019-06-27 17:37:16 - [TEST_STEP][PASSED] - for ([i = 1, i < sizeOptions.size(), (i++)]): null

2019-06-27 17:37:16 - [TEST_STEP][PASSED] - actualRange.add(get(i).getText()): null

2019-06-27 17:37:16 - [TEST_STEP][PASSED] - actualRange.add(get(i).getText()): null

2019-06-27 17:37:16 - [TEST_STEP][PASSED] - actualRange.add(get(i).getText()): null

2019-06-27 17:37:16 - [TEST_STEP][PASSED] - actualRange.add(get(i).getText()): null

2019-06-27 17:37:16 - [TEST_STEP][PASSED] - actualRange.add(get(i).getText()): null

2019-06-27 17:37:16 - [TEST_STEP][PASSED] - if (toString().equalsIgnoreCase("XS") || toString().equalsIgnoreCase("XXS")): null

2019-06-27 17:37:16 - [TEST_STEP][PASSED] - expectedRange = UtilityMethods.getExpectedRange(sizeRange1, sizeRangeSplit): null

2019-06-27 17:37:16 - [TEST_STEP][PASSED] - println("XS"): null

2019-06-27 17:37:16 - [TEST_STEP][PASSED] - println(expectedRange.toString()): null

2019-06-27 17:37:16 - [TEST_STEP][PASSED] - assert UtilityMethods.listEquals(expectedRange, actualRange) == true: null

2019-06-27 17:37:16 - [TEST_STEP][PASSED] - delay(3): Delayed 3 second(s)

2019-06-27 17:37:19 - [MESSAGE][PASSED] - Delayed 3 second(s)

2019-06-27 17:37:19 - [MESSAGE][PASSED] - Call Test Case 'Test Cases/NewArrival/productVerifyShort' successfully

2019-06-27 17:37:19 - [TEST_STEP][PASSED] - click(findTestObject("Page_cabi Find Order/a_Create Order")): Object: 'Object Repository/Page_cabi Find Order/a_Create Order' is clicked on

2019-06-27 17:37:21 - [MESSAGE][PASSED] - Object: 'Object Repository/Page_cabi Find Order/a_Create Order' is clicked on

2019-06-27 17:37:21 - [TEST_STEP][PASSED] - selectOptionByValue(findTestObject("Page_cabi Create Order/select_order_type"), "RETAIL", true): All options with value 'RETAIL' are selected in object 'Object Repository/Page_cabi Create Order/select_order_type'  using regular expression

2019-06-27 17:37:21 - [MESSAGE][PASSED] - All options with value 'RETAIL' are selected in object 'Object Repository/Page_cabi Create Order/select_order_type'  using regular expression

2019-06-27 17:37:21 - [TEST_STEP][PASSED] - click(findTestObject("Page_cabi Create Order/input_select_order_type")): Object: 'Object Repository/Page_cabi Create Order/input_select_order_type' is clicked on

2019-06-27 17:37:23 - [MESSAGE][PASSED] - Object: 'Object Repository/Page_cabi Create Order/input_select_order_type' is clicked on

2019-06-27 17:37:23 - [TEST_STEP][PASSED] - callTestCase(findTestCase("NewArrival/productVerifyShort"), ["available":CCRetail], STOP_ON_FAILURE): Call Test Case 'Test Cases/NewArrival/productVerifyShort' successfully

2019-06-27 17:37:23 - [TEST_CASE][PASSED] - Test Cases/NewArrival/productVerifyShort: Test Cases/NewArrival/productVerifyShort

2019-06-27 17:37:23 - [TEST_STEP][PASSED] - for ([row = 1, row <= findTestData("productData").getRowNumbers(), (row++)]): Delayed 3 second(s)

2019-06-27 17:37:23 - [TEST_STEP][PASSED] - delay(2): Delayed 2 second(s)

2019-06-27 17:37:25 - [MESSAGE][PASSED] - Delayed 2 second(s)

2019-06-27 17:37:25 - [TEST_STEP][PASSED] - setText(findTestObject("Object Repository/Page_cabi Create Order/input_Manual Discount_stylelookup_0"), findTestData("productData").getValue("Style", row)): Text '5618' is set on object 'Object Repository/Page_cabi Create Order/input_Manual Discount_stylelookup_0'

2019-06-27 17:37:26 - [MESSAGE][PASSED] - Text '5618' is set on object 'Object Repository/Page_cabi Create Order/input_Manual Discount_stylelookup_0'

2019-06-27 17:37:26 - [TEST_STEP][PASSED] - delay(2): Delayed 2 second(s)

2019-06-27 17:37:28 - [MESSAGE][PASSED] - Delayed 2 second(s)

2019-06-27 17:37:28 - [TEST_STEP][PASSED] - prod_message = getText(findTestObject("Page_cabi Create Order/first_option")): Text of object 'Object Repository/Page_cabi Create Order/first_option' is: '5618 Breeze Dress'

2019-06-27 17:37:28 - [MESSAGE][PASSED] - Text of object 'Object Repository/Page_cabi Create Order/first_option' is: '5618 Breeze Dress'

2019-06-27 17:37:28 - [TEST_STEP][PASSED] - delay(1): Delayed 1 second(s)

2019-06-27 17:37:29 - [MESSAGE][PASSED] - Delayed 1 second(s)

2019-06-27 17:37:29 - [TEST_STEP][PASSED] - click(findTestObject("Page_cabi Create Order/first_option")): Object: 'Object Repository/Page_cabi Create Order/first_option' is clicked on

2019-06-27 17:37:29 - [MESSAGE][PASSED] - Object: 'Object Repository/Page_cabi Create Order/first_option' is clicked on

2019-06-27 17:37:29 - [TEST_STEP][PASSED] - if (toString().equalsIgnoreCase("no")): null

2019-06-27 17:37:29 - [TEST_STEP][PASSED] - else: Delayed 3 second(s)

2019-06-27 17:37:29 - [TEST_STEP][PASSED] - delay(3): Delayed 3 second(s)

2019-06-27 17:37:32 - [MESSAGE][PASSED] - Delayed 3 second(s)

2019-06-27 17:37:32 - [TEST_STEP][PASSED] - s1 = getValue("Style", row).toString(): null

2019-06-27 17:37:32 - [TEST_STEP][PASSED] - s2 = " ": null

2019-06-27 17:37:32 - [TEST_STEP][PASSED] - s3 = getValue("Description", row).toString(): null

2019-06-27 17:37:32 - [TEST_STEP][PASSED] - expectedStyleDescription = $s1$s2$s3: null

2019-06-27 17:37:32 - [TEST_STEP][PASSED] - prod_message = UtilityMethods.splitStyle(prod_message): null

2019-06-27 17:37:32 - [TEST_STEP][PASSED] - println(prod_message): null

2019-06-27 17:37:32 - [TEST_STEP][PASSED] - assert prod_message.equalsIgnoreCase(expectedStyleDescription): null

2019-06-27 17:37:32 - [TEST_STEP][PASSED] - delay(3): Delayed 3 second(s)

2019-06-27 17:37:35 - [MESSAGE][PASSED] - Delayed 3 second(s)

2019-06-27 17:37:35 - [TEST_STEP][PASSED] - colorOptions = findWebElements(findTestObject("Page_cabi Order Items/GetAttribute_Color"), 5): null

2019-06-27 17:37:35 - [TEST_STEP][PASSED] - println(colorOptions.size()): null

2019-06-27 17:37:35 - [TEST_STEP][PASSED] - expectedColour = findTestData("productData").getValue("Color", row): null

2019-06-27 17:37:35 - [TEST_STEP][PASSED] - println("expected colour is"): null

2019-06-27 17:37:35 - [TEST_STEP][PASSED] - println(expectedColour): null

2019-06-27 17:37:35 - [TEST_STEP][PASSED] - colourVerified = false: null

2019-06-27 17:37:35 - [TEST_STEP][PASSED] - for (org.openqa.selenium.WebElement op : colorOptions): null

2019-06-27 17:37:35 - [TEST_STEP][PASSED] - println(op.getText()): null

2019-06-27 17:37:35 - [TEST_STEP][PASSED] - if (expectedColour.equalsIgnoreCase(op.getText())): null

2019-06-27 17:37:35 - [TEST_STEP][PASSED] - colourVerified = true: null

2019-06-27 17:37:35 - [TEST_STEP][PASSED] - break: null

2019-06-27 17:37:35 - [TEST_STEP][PASSED] - assert colourVerified == true: null

2019-06-27 17:37:35 - [TEST_STEP][PASSED] - getPrice = getText(findTestObject("Page_cabi Create Order/retail_price")): Text of object 'Object Repository/Page_cabi Create Order/retail_price' is: '$119.00'

2019-06-27 17:37:35 - [MESSAGE][PASSED] - Text of object 'Object Repository/Page_cabi Create Order/retail_price' is: '$119.00'

2019-06-27 17:37:35 - [TEST_STEP][PASSED] - Split_Data = UtilityMethods.SplitData(getPrice): null

2019-06-27 17:37:35 - [TEST_STEP][PASSED] - verifyMatch(Split_Data, findTestData("productData").getValue("Retail", row), true): Actual text '119' and expected text '119' are matched  using regular expression

2019-06-27 17:37:35 - [MESSAGE][PASSED] - Actual text '119' and expected text '119' are matched  using regular expression

2019-06-27 17:37:35 - [TEST_STEP][PASSED] - sizeRange1 = ["XXS", "XS", "S", "M", "L", "XL"]: null

2019-06-27 17:37:35 - [TEST_STEP][PASSED] - sizeRange2 = ["00", "0", "2", "4", "6", "8", "10", "12", "14", "16"]: null

2019-06-27 17:37:35 - [TEST_STEP][PASSED] - sizeRange3 = ["Long", "Regular", "Short"]: null

2019-06-27 17:37:35 - [TEST_STEP][PASSED] - sizeRange4 = ["5", "6", "6.5", "7", "7.5", "8", "8.5", "9", "9.5", "10", "11"]: null

2019-06-27 17:37:35 - [TEST_STEP][PASSED] - sizeRangeSplit = UtilityMethods.SplitSizes(findTestData("productData").getValue("SzRange", row)): null

2019-06-27 17:37:35 - [TEST_STEP][PASSED] - sizeType = getText(findTestObject("Object Repository/Page_cabi Order Items/Size")): Text of object 'Object Repository/Page_cabi Order Items/Size' is: 'Select'

2019-06-27 17:37:35 - [MESSAGE][PASSED] - Text of object 'Object Repository/Page_cabi Order Items/Size' is: 'Select'

2019-06-27 17:37:35 - [TEST_STEP][PASSED] - sizeOptions = findWebElements(findTestObject("Object Repository/Page_cabi Order Items/Size"), 5): null

2019-06-27 17:37:35 - [TEST_STEP][PASSED] - actualRange = new java.util.ArrayList(): null

2019-06-27 17:37:35 - [TEST_STEP][PASSED] - expectedRange = <not implemented yet for class: org.codehaus.groovy.ast.expr.EmptyExpression>: null

2019-06-27 17:37:35 - [TEST_STEP][PASSED] - if (sizeType.equalsIgnoreCase("Select")): null

2019-06-27 17:37:35 - [TEST_STEP][PASSED] - for ([i = 1, i < sizeOptions.size(), (i++)]): null

2019-06-27 17:37:35 - [TEST_STEP][PASSED] - actualRange.add(get(i).getText()): null

2019-06-27 17:37:35 - [TEST_STEP][PASSED] - actualRange.add(get(i).getText()): null

2019-06-27 17:37:35 - [TEST_STEP][PASSED] - actualRange.add(get(i).getText()): null

2019-06-27 17:37:35 - [TEST_STEP][PASSED] - actualRange.add(get(i).getText()): null

2019-06-27 17:37:35 - [TEST_STEP][PASSED] - actualRange.add(get(i).getText()): null

2019-06-27 17:37:35 - [TEST_STEP][PASSED] - if (toString().equalsIgnoreCase("XS") || toString().equalsIgnoreCase("XXS")): null

2019-06-27 17:37:35 - [TEST_STEP][PASSED] - expectedRange = UtilityMethods.getExpectedRange(sizeRange1, sizeRangeSplit): null

2019-06-27 17:37:35 - [TEST_STEP][PASSED] - println("XS"): null

2019-06-27 17:37:35 - [TEST_STEP][PASSED] - println(expectedRange.toString()): null

2019-06-27 17:37:35 - [TEST_STEP][PASSED] - assert UtilityMethods.listEquals(expectedRange, actualRange) == true: null

2019-06-27 17:37:35 - [TEST_STEP][PASSED] - delay(3): Delayed 3 second(s)

2019-06-27 17:37:38 - [MESSAGE][PASSED] - Delayed 3 second(s)

2019-06-27 17:37:38 - [MESSAGE][PASSED] - Call Test Case 'Test Cases/NewArrival/productVerifyShort' successfully

2019-06-27 17:37:38 - [TEST_STEP][PASSED] - click(findTestObject("Page_cabi Find Order/a_Create Order")): Object: 'Object Repository/Page_cabi Find Order/a_Create Order' is clicked on

2019-06-27 17:37:41 - [MESSAGE][PASSED] - Object: 'Object Repository/Page_cabi Find Order/a_Create Order' is clicked on

2019-06-27 17:37:41 - [TEST_STEP][PASSED] - selectOptionByValue(findTestObject("Page_cabi Create Order/select_order_type"), "SHOW", true): All options with value 'SHOW' are selected in object 'Object Repository/Page_cabi Create Order/select_order_type'  using regular expression

2019-06-27 17:37:41 - [MESSAGE][PASSED] - All options with value 'SHOW' are selected in object 'Object Repository/Page_cabi Create Order/select_order_type'  using regular expression

2019-06-27 17:37:41 - [TEST_STEP][PASSED] - click(findTestObject("Page_cabi Create Order/input_select_order_type")): Object: 'Object Repository/Page_cabi Create Order/input_select_order_type' is clicked on

2019-06-27 17:37:44 - [MESSAGE][PASSED] - Object: 'Object Repository/Page_cabi Create Order/input_select_order_type' is clicked on

2019-06-27 17:37:44 - [TEST_STEP][PASSED] - callTestCase(findTestCase("NewArrival/productVerifyShort"), ["available":CCShow], STOP_ON_FAILURE): Call Test Case 'Test Cases/NewArrival/productVerifyShort' successfully

2019-06-27 17:37:44 - [TEST_CASE][PASSED] - Test Cases/NewArrival/productVerifyShort: Test Cases/NewArrival/productVerifyShort

2019-06-27 17:37:44 - [TEST_STEP][PASSED] - for ([row = 1, row <= findTestData("productData").getRowNumbers(), (row++)]): Delayed 3 second(s)

2019-06-27 17:37:44 - [TEST_STEP][PASSED] - delay(2): Delayed 2 second(s)

2019-06-27 17:37:46 - [MESSAGE][PASSED] - Delayed 2 second(s)

2019-06-27 17:37:46 - [TEST_STEP][PASSED] - setText(findTestObject("Object Repository/Page_cabi Create Order/input_Manual Discount_stylelookup_0"), findTestData("productData").getValue("Style", row)): Text '5618' is set on object 'Object Repository/Page_cabi Create Order/input_Manual Discount_stylelookup_0'

2019-06-27 17:37:47 - [MESSAGE][PASSED] - Text '5618' is set on object 'Object Repository/Page_cabi Create Order/input_Manual Discount_stylelookup_0'

2019-06-27 17:37:47 - [TEST_STEP][PASSED] - delay(2): Delayed 2 second(s)

2019-06-27 17:37:49 - [MESSAGE][PASSED] - Delayed 2 second(s)

2019-06-27 17:37:49 - [TEST_STEP][PASSED] - prod_message = getText(findTestObject("Page_cabi Create Order/first_option")): Text of object 'Object Repository/Page_cabi Create Order/first_option' is: '5618 Breeze Dress'

2019-06-27 17:37:49 - [MESSAGE][PASSED] - Text of object 'Object Repository/Page_cabi Create Order/first_option' is: '5618 Breeze Dress'

2019-06-27 17:37:49 - [TEST_STEP][PASSED] - delay(1): Delayed 1 second(s)

2019-06-27 17:37:50 - [MESSAGE][PASSED] - Delayed 1 second(s)

2019-06-27 17:37:50 - [TEST_STEP][PASSED] - click(findTestObject("Page_cabi Create Order/first_option")): Object: 'Object Repository/Page_cabi Create Order/first_option' is clicked on

2019-06-27 17:37:50 - [MESSAGE][PASSED] - Object: 'Object Repository/Page_cabi Create Order/first_option' is clicked on

2019-06-27 17:37:50 - [TEST_STEP][PASSED] - if (toString().equalsIgnoreCase("no")): null

2019-06-27 17:37:50 - [TEST_STEP][PASSED] - else: Delayed 3 second(s)

2019-06-27 17:37:50 - [TEST_STEP][PASSED] - delay(3): Delayed 3 second(s)

2019-06-27 17:37:53 - [MESSAGE][PASSED] - Delayed 3 second(s)

2019-06-27 17:37:53 - [TEST_STEP][PASSED] - s1 = getValue("Style", row).toString(): null

2019-06-27 17:37:53 - [TEST_STEP][PASSED] - s2 = " ": null

2019-06-27 17:37:53 - [TEST_STEP][PASSED] - s3 = getValue("Description", row).toString(): null

2019-06-27 17:37:53 - [TEST_STEP][PASSED] - expectedStyleDescription = $s1$s2$s3: null

2019-06-27 17:37:53 - [TEST_STEP][PASSED] - prod_message = UtilityMethods.splitStyle(prod_message): null

2019-06-27 17:37:53 - [TEST_STEP][PASSED] - println(prod_message): null

2019-06-27 17:37:53 - [TEST_STEP][PASSED] - assert prod_message.equalsIgnoreCase(expectedStyleDescription): null

2019-06-27 17:37:53 - [TEST_STEP][PASSED] - delay(3): Delayed 3 second(s)

2019-06-27 17:37:56 - [MESSAGE][PASSED] - Delayed 3 second(s)

2019-06-27 17:37:56 - [TEST_STEP][PASSED] - colorOptions = findWebElements(findTestObject("Page_cabi Order Items/GetAttribute_Color"), 5): null

2019-06-27 17:37:56 - [TEST_STEP][PASSED] - println(colorOptions.size()): null

2019-06-27 17:37:56 - [TEST_STEP][PASSED] - expectedColour = findTestData("productData").getValue("Color", row): null

2019-06-27 17:37:56 - [TEST_STEP][PASSED] - println("expected colour is"): null

2019-06-27 17:37:56 - [TEST_STEP][PASSED] - println(expectedColour): null

2019-06-27 17:37:56 - [TEST_STEP][PASSED] - colourVerified = false: null

2019-06-27 17:37:56 - [TEST_STEP][PASSED] - for (org.openqa.selenium.WebElement op : colorOptions): null

2019-06-27 17:37:56 - [TEST_STEP][PASSED] - println(op.getText()): null

2019-06-27 17:37:56 - [TEST_STEP][PASSED] - if (expectedColour.equalsIgnoreCase(op.getText())): null

2019-06-27 17:37:56 - [TEST_STEP][PASSED] - colourVerified = true: null

2019-06-27 17:37:56 - [TEST_STEP][PASSED] - break: null

2019-06-27 17:37:56 - [TEST_STEP][PASSED] - assert colourVerified == true: null

2019-06-27 17:37:56 - [TEST_STEP][PASSED] - getPrice = getText(findTestObject("Page_cabi Create Order/retail_price")): Text of object 'Object Repository/Page_cabi Create Order/retail_price' is: '$119.00'

2019-06-27 17:37:56 - [MESSAGE][PASSED] - Text of object 'Object Repository/Page_cabi Create Order/retail_price' is: '$119.00'

2019-06-27 17:37:56 - [TEST_STEP][PASSED] - Split_Data = UtilityMethods.SplitData(getPrice): null

2019-06-27 17:37:56 - [TEST_STEP][PASSED] - verifyMatch(Split_Data, findTestData("productData").getValue("Retail", row), true): Actual text '119' and expected text '119' are matched  using regular expression

2019-06-27 17:37:56 - [MESSAGE][PASSED] - Actual text '119' and expected text '119' are matched  using regular expression

2019-06-27 17:37:56 - [TEST_STEP][PASSED] - sizeRange1 = ["XXS", "XS", "S", "M", "L", "XL"]: null

2019-06-27 17:37:56 - [TEST_STEP][PASSED] - sizeRange2 = ["00", "0", "2", "4", "6", "8", "10", "12", "14", "16"]: null

2019-06-27 17:37:56 - [TEST_STEP][PASSED] - sizeRange3 = ["Long", "Regular", "Short"]: null

2019-06-27 17:37:56 - [TEST_STEP][PASSED] - sizeRange4 = ["5", "6", "6.5", "7", "7.5", "8", "8.5", "9", "9.5", "10", "11"]: null

2019-06-27 17:37:56 - [TEST_STEP][PASSED] - sizeRangeSplit = UtilityMethods.SplitSizes(findTestData("productData").getValue("SzRange", row)): null

2019-06-27 17:37:56 - [TEST_STEP][PASSED] - sizeType = getText(findTestObject("Object Repository/Page_cabi Order Items/Size")): Text of object 'Object Repository/Page_cabi Order Items/Size' is: 'Select'

2019-06-27 17:37:56 - [MESSAGE][PASSED] - Text of object 'Object Repository/Page_cabi Order Items/Size' is: 'Select'

2019-06-27 17:37:56 - [TEST_STEP][PASSED] - sizeOptions = findWebElements(findTestObject("Object Repository/Page_cabi Order Items/Size"), 5): null

2019-06-27 17:37:56 - [TEST_STEP][PASSED] - actualRange = new java.util.ArrayList(): null

2019-06-27 17:37:56 - [TEST_STEP][PASSED] - expectedRange = <not implemented yet for class: org.codehaus.groovy.ast.expr.EmptyExpression>: null

2019-06-27 17:37:56 - [TEST_STEP][PASSED] - if (sizeType.equalsIgnoreCase("Select")): null

2019-06-27 17:37:56 - [TEST_STEP][PASSED] - for ([i = 1, i < sizeOptions.size(), (i++)]): null

2019-06-27 17:37:56 - [TEST_STEP][PASSED] - actualRange.add(get(i).getText()): null

2019-06-27 17:37:56 - [TEST_STEP][PASSED] - actualRange.add(get(i).getText()): null

2019-06-27 17:37:56 - [TEST_STEP][PASSED] - actualRange.add(get(i).getText()): null

2019-06-27 17:37:56 - [TEST_STEP][PASSED] - actualRange.add(get(i).getText()): null

2019-06-27 17:37:56 - [TEST_STEP][PASSED] - actualRange.add(get(i).getText()): null

2019-06-27 17:37:56 - [TEST_STEP][PASSED] - if (toString().equalsIgnoreCase("XS") || toString().equalsIgnoreCase("XXS")): null

2019-06-27 17:37:56 - [TEST_STEP][PASSED] - expectedRange = UtilityMethods.getExpectedRange(sizeRange1, sizeRangeSplit): null

2019-06-27 17:37:56 - [TEST_STEP][PASSED] - println("XS"): null

2019-06-27 17:37:56 - [TEST_STEP][PASSED] - println(expectedRange.toString()): null

2019-06-27 17:37:56 - [TEST_STEP][PASSED] - assert UtilityMethods.listEquals(expectedRange, actualRange) == true: null

2019-06-27 17:37:56 - [TEST_STEP][PASSED] - delay(3): Delayed 3 second(s)

2019-06-27 17:37:59 - [MESSAGE][PASSED] - Delayed 3 second(s)

2019-06-27 17:37:59 - [MESSAGE][PASSED] - Call Test Case 'Test Cases/NewArrival/productVerifyShort' successfully

2019-06-27 17:37:59 - [TEST_STEP][PASSED] - callTestCase(findTestCase("NewArrival/populateTimeGlobalVars"), ["row":timeRow], STOP_ON_FAILURE): Call Test Case 'Test Cases/NewArrival/populateTimeGlobalVars' successfully

2019-06-27 17:37:59 - [TEST_CASE][PASSED] - Test Cases/NewArrival/populateTimeGlobalVars: Test Cases/NewArrival/populateTimeGlobalVars

2019-06-27 17:37:59 - [TEST_STEP][PASSED] - dataFile = "timezoneData": null

2019-06-27 17:37:59 - [TEST_STEP][PASSED] - serverTarget = UtilityMethods.getTestData(dataFile, "serverTarget", row): null

2019-06-27 17:37:59 - [TEST_STEP][PASSED] - orderType = UtilityMethods.getTestData(dataFile, "orderType", row): null

2019-06-27 17:37:59 - [TEST_STEP][PASSED] - timeZone = UtilityMethods.getTestData(dataFile, "timeZone", row): null

2019-06-27 17:37:59 - [TEST_STEP][PASSED] - BOPersonal = UtilityMethods.getTestData(dataFile, "BOPersonal", row): null

2019-06-27 17:37:59 - [TEST_STEP][PASSED] - BOAddonPersonal = UtilityMethods.getTestData(dataFile, "BOAddonPersonal", row): null

2019-06-27 17:37:59 - [TEST_STEP][PASSED] - BOAddonRetail = UtilityMethods.getTestData(dataFile, "BOAddonRetail", row): null

2019-06-27 17:37:59 - [TEST_STEP][PASSED] - BORetail = UtilityMethods.getTestData(dataFile, "BORetail", row): null

2019-06-27 17:37:59 - [TEST_STEP][PASSED] - BOShow = UtilityMethods.getTestData(dataFile, "BOShow", row): null

2019-06-27 17:38:00 - [TEST_STEP][PASSED] - BOOnlineoutlet = UtilityMethods.getTestData(dataFile, "BOOnlineoutlet", row): null

2019-06-27 17:38:00 - [TEST_STEP][PASSED] - BOEmployee = UtilityMethods.getTestData(dataFile, "BOEmployee", row): null

2019-06-27 17:38:00 - [TEST_STEP][PASSED] - CCPersonal = UtilityMethods.getTestData(dataFile, "CCPersonal", row): null

2019-06-27 17:38:00 - [TEST_STEP][PASSED] - CCRetail = UtilityMethods.getTestData(dataFile, "CCRetail", row): null

2019-06-27 17:38:00 - [TEST_STEP][PASSED] - CCShow = UtilityMethods.getTestData(dataFile, "CCShow", row): null

2019-06-27 17:38:00 - [TEST_STEP][PASSED] - BOEblast = UtilityMethods.getTestData(dataFile, "BOEblast", row): null

2019-06-27 17:38:00 - [MESSAGE][PASSED] - Call Test Case 'Test Cases/NewArrival/populateTimeGlobalVars' successfully

2019-06-27 17:38:00 - [TEST_STEP][PASSED] - callTestCase(findTestCase("NewArrival/setTimezone"), ["ofbizURL":"", "ofbizuser":"", "ofbizpass":"", "orderType":orderType, "timeZone":timeZone, "serverTarget":serverTarget], STOP_ON_FAILURE): Call Test Case 'Test Cases/NewArrival/setTimezone' successfully

2019-06-27 17:38:00 - [TEST_CASE][PASSED] - Test Cases/NewArrival/setTimezone: Test Cases/NewArrival/setTimezone

2019-06-27 17:38:00 - [TEST_STEP][NOT_RUN] - openBrowser(""): NOT_RUN: openBrowser("")

2019-06-27 17:38:00 - [MESSAGE][NOT_RUN] - NOT_RUN: openBrowser("")

2019-06-27 17:38:00 - [TEST_STEP][NOT_RUN] - maximizeWindow(): NOT_RUN: maximizeWindow()

2019-06-27 17:38:00 - [MESSAGE][NOT_RUN] - NOT_RUN: maximizeWindow()

2019-06-27 17:38:00 - [TEST_STEP][PASSED] - ofbizURL = findTestData("credData").getValue("ofbizURL", 1): null

2019-06-27 17:38:00 - [TEST_STEP][PASSED] - ofbizuser = findTestData("credData").getValue("ofbizuser", 1): null

2019-06-27 17:38:00 - [TEST_STEP][PASSED] - ofbizpass = findTestData("credData").getValue("ofbizpass", 1): null

2019-06-27 17:38:00 - [TEST_STEP][PASSED] - navigateToUrl(ofbizURL): Navigate to 'https://pushofbiz.cliotest.com/login.php' successfully

2019-06-27 17:38:01 - [MESSAGE][PASSED] - Navigate to 'https://pushofbiz.cliotest.com/login.php' successfully

2019-06-27 17:38:01 - [TEST_STEP][PASSED] - setText(findTestObject("Page_/input_Username_username"), ofbizuser): Text 'automation' is set on object 'Object Repository/Page_/input_Username_username'

2019-06-27 17:38:02 - [MESSAGE][PASSED] - Text 'automation' is set on object 'Object Repository/Page_/input_Username_username'

2019-06-27 17:38:02 - [TEST_STEP][PASSED] - setText(findTestObject("Page_/input_Password_password"), ofbizpass): Text 'cabiautomation' is set on object 'Object Repository/Page_/input_Password_password'

2019-06-27 17:38:02 - [MESSAGE][PASSED] - Text 'cabiautomation' is set on object 'Object Repository/Page_/input_Password_password'

2019-06-27 17:38:02 - [TEST_STEP][PASSED] - click(findTestObject("Page_/input_Password_Submit")): Object: 'Object Repository/Page_/input_Password_Submit' is clicked on

2019-06-27 17:38:06 - [MESSAGE][PASSED] - Object: 'Object Repository/Page_/input_Password_Submit' is clicked on

2019-06-27 17:38:06 - [TEST_STEP][PASSED] - click(findTestObject("Object Repository/Page_/a_Clock set")): Object: 'Object Repository/Page_/a_Clock set' is clicked on

2019-06-27 17:38:06 - [MESSAGE][PASSED] - Object: 'Object Repository/Page_/a_Clock set' is clicked on

2019-06-27 17:38:06 - [TEST_STEP][PASSED] - click(UtilityMethods.createTestObject("select_target", "//select[@name='Target']/option[contains(text(), '", serverTarget, "')]")): Object: 'select_target' is clicked on

2019-06-27 17:38:06 - [MESSAGE][PASSED] - Object: 'select_target' is clicked on

2019-06-27 17:38:06 - [TEST_STEP][PASSED] - click(findTestObject("Page_/thisDateAndTime")): Object: 'Object Repository/Page_/thisDateAndTime' is clicked on

2019-06-27 17:38:06 - [MESSAGE][PASSED] - Object: 'Object Repository/Page_/thisDateAndTime' is clicked on

2019-06-27 17:38:06 - [TEST_STEP][PASSED] - setText(findTestObject("Object Repository/Page_/setTargetTime"), timeZone): Text ' 05/08/2019 7:00' is set on object 'Object Repository/Page_/setTargetTime'

2019-06-27 17:38:06 - [MESSAGE][PASSED] - Text ' 05/08/2019 7:00' is set on object 'Object Repository/Page_/setTargetTime'

2019-06-27 17:38:06 - [TEST_STEP][PASSED] - click(findTestObject("Object Repository/Page_/input")): Object: 'Object Repository/Page_/input' is clicked on

2019-06-27 17:38:07 - [MESSAGE][PASSED] - Object: 'Object Repository/Page_/input' is clicked on

2019-06-27 17:38:07 - [TEST_STEP][PASSED] - delay(10): Delayed 10 second(s)

2019-06-27 17:38:17 - [MESSAGE][PASSED] - Delayed 10 second(s)

2019-06-27 17:38:17 - [TEST_STEP][NOT_RUN] - closeBrowser(): NOT_RUN: closeBrowser()

2019-06-27 17:38:17 - [MESSAGE][NOT_RUN] - NOT_RUN: closeBrowser()

2019-06-27 17:38:17 - [MESSAGE][PASSED] - Call Test Case 'Test Cases/NewArrival/setTimezone' successfully

2019-06-27 17:38:17 - [TEST_STEP][PASSED] - callTestCase(findTestCase("TestCaseUtilities/cabiCentralLogin"), [:], STOP_ON_FAILURE): Call Test Case 'Test Cases/TestCaseUtilities/cabiCentralLogin' successfully

2019-06-27 17:38:17 - [TEST_CASE][PASSED] - Test Cases/TestCaseUtilities/cabiCentralLogin: Test Cases/TestCaseUtilities/cabiCentralLogin

2019-06-27 17:38:17 - [TEST_STEP][PASSED] - CCURL = findTestData("credData").getValue("CCURL", 1): null

2019-06-27 17:38:17 - [TEST_STEP][PASSED] - CCuser = findTestData("credData").getValue("CCuser", 1): null

2019-06-27 17:38:17 - [TEST_STEP][PASSED] - CCpass = findTestData("credData").getValue("CCpass", 1): null

2019-06-27 17:38:17 - [TEST_STEP][PASSED] - openBrowser(""): Browser is opened with url: ''

2019-06-27 17:38:17 - [MESSAGE][WARNING] - A browser is already opened. Closing browser and opening a new one

2019-06-27 17:38:18 - [MESSAGE][INFO] - Starting 'Chrome' driver

2019-06-27 17:38:18 - [MESSAGE][INFO] - User set preference: ['args', '[--use-fake-ui-for-media-stream, --start-maximized]']

2019-06-27 17:38:20 - [MESSAGE][PASSED] - Browser is opened with url: ''

2019-06-27 17:38:20 - [TEST_STEP][PASSED] - navigateToUrl(CCURL): Navigate to 'https://test14.cliotest.com/cabicentral/control/main' successfully

2019-06-27 17:38:29 - [MESSAGE][PASSED] - Navigate to 'https://test14.cliotest.com/cabicentral/control/main' successfully

2019-06-27 17:38:29 - [TEST_STEP][PASSED] - maximizeWindow(): Current window maximized

2019-06-27 17:38:30 - [MESSAGE][PASSED] - Current window maximized

2019-06-27 17:38:30 - [TEST_STEP][PASSED] - logOut = findWebElements(findTestObject("Object Repository/Page_cabi Home/log_out"), 1): Unable to find the element located by 'By.xpath: //a[contains(text(),'Log Out')]'. Please recheck the objects properties to make sure the desired element is located. 

2019-06-27 17:38:31 - [MESSAGE][INFO] - Unable to find the element located by 'By.xpath: //a[contains(text(),'Log Out')]'. Please recheck the objects properties to make sure the desired element is located. 

2019-06-27 17:38:31 - [TEST_STEP][PASSED] - if (logOut.size() == 0): Object: 'Object Repository/Page_cabi/input_Password_section-btn btn-stl-pk rFloat' is clicked on

2019-06-27 17:38:31 - [TEST_STEP][PASSED] - setText(findTestObject("Object Repository/Page_cabi/input_Username_USERNAME"), CCuser): Text 'ehudson' is set on object 'Object Repository/Page_cabi/input_Username_USERNAME'

2019-06-27 17:38:31 - [MESSAGE][PASSED] - Text 'ehudson' is set on object 'Object Repository/Page_cabi/input_Username_USERNAME'

2019-06-27 17:38:31 - [TEST_STEP][PASSED] - setText(findTestObject("Object Repository/Page_cabi/input_Password_PASSWORD"), CCpass): Text 'blackdress19' is set on object 'Object Repository/Page_cabi/input_Password_PASSWORD'

2019-06-27 17:38:31 - [MESSAGE][PASSED] - Text 'blackdress19' is set on object 'Object Repository/Page_cabi/input_Password_PASSWORD'

2019-06-27 17:38:31 - [TEST_STEP][PASSED] - delay(1): Delayed 1 second(s)

2019-06-27 17:38:32 - [MESSAGE][PASSED] - Delayed 1 second(s)

2019-06-27 17:38:32 - [TEST_STEP][PASSED] - click(findTestObject("Object Repository/Page_cabi/input_Password_section-btn btn-stl-pk rFloat")): Object: 'Object Repository/Page_cabi/input_Password_section-btn btn-stl-pk rFloat' is clicked on

2019-06-27 17:38:37 - [MESSAGE][PASSED] - Object: 'Object Repository/Page_cabi/input_Password_section-btn btn-stl-pk rFloat' is clicked on

2019-06-27 17:38:37 - [TEST_STEP][PASSED] - delay(3): Delayed 3 second(s)

2019-06-27 17:38:40 - [MESSAGE][PASSED] - Delayed 3 second(s)

2019-06-27 17:38:40 - [MESSAGE][PASSED] - Call Test Case 'Test Cases/TestCaseUtilities/cabiCentralLogin' successfully

2019-06-27 17:38:40 - [TEST_STEP][PASSED] - delay(3): Delayed 3 second(s)

2019-06-27 17:38:43 - [MESSAGE][PASSED] - Delayed 3 second(s)

2019-06-27 17:38:43 - [TEST_STEP][PASSED] - click(findTestObject("Page_cabi cabiCentral Tasks/a_ORDERS")): Object: 'Object Repository/Page_cabi cabiCentral Tasks/a_ORDERS' is clicked on

2019-06-27 17:38:46 - [MESSAGE][PASSED] - Object: 'Object Repository/Page_cabi cabiCentral Tasks/a_ORDERS' is clicked on

2019-06-27 17:38:46 - [TEST_STEP][PASSED] - delay(3): Delayed 3 second(s)

2019-06-27 17:38:49 - [MESSAGE][PASSED] - Delayed 3 second(s)

2019-06-27 17:38:49 - [TEST_STEP][PASSED] - click(findTestObject("Page_cabi Find Order/a_Create Order")): Object: 'Object Repository/Page_cabi Find Order/a_Create Order' is clicked on

2019-06-27 17:38:50 - [MESSAGE][PASSED] - Object: 'Object Repository/Page_cabi Find Order/a_Create Order' is clicked on

2019-06-27 17:38:50 - [TEST_STEP][PASSED] - selectOptionByValue(findTestObject("Page_cabi Create Order/select_order_type"), "PERSONAL", true): All options with value 'PERSONAL' are selected in object 'Object Repository/Page_cabi Create Order/select_order_type'  using regular expression

2019-06-27 17:38:50 - [MESSAGE][PASSED] - All options with value 'PERSONAL' are selected in object 'Object Repository/Page_cabi Create Order/select_order_type'  using regular expression

2019-06-27 17:38:50 - [TEST_STEP][PASSED] - click(findTestObject("Page_cabi Create Order/input_select_order_type")): Object: 'Object Repository/Page_cabi Create Order/input_select_order_type' is clicked on

2019-06-27 17:38:54 - [MESSAGE][PASSED] - Object: 'Object Repository/Page_cabi Create Order/input_select_order_type' is clicked on

2019-06-27 17:38:54 - [TEST_STEP][PASSED] - callTestCase(findTestCase("NewArrival/productVerifyShort"), ["available":CCPersonal, "storeType":"CCPersonal"], STOP_ON_FAILURE): Call Test Case 'Test Cases/NewArrival/productVerifyShort' successfully

2019-06-27 17:38:54 - [TEST_CASE][PASSED] - Test Cases/NewArrival/productVerifyShort: Test Cases/NewArrival/productVerifyShort

2019-06-27 17:38:54 - [TEST_STEP][PASSED] - for ([row = 1, row <= findTestData("productData").getRowNumbers(), (row++)]): Delayed 3 second(s)

2019-06-27 17:38:55 - [TEST_STEP][PASSED] - delay(2): Delayed 2 second(s)

2019-06-27 17:38:57 - [MESSAGE][PASSED] - Delayed 2 second(s)

2019-06-27 17:38:57 - [TEST_STEP][PASSED] - setText(findTestObject("Object Repository/Page_cabi Create Order/input_Manual Discount_stylelookup_0"), findTestData("productData").getValue("Style", row)): Text '5618' is set on object 'Object Repository/Page_cabi Create Order/input_Manual Discount_stylelookup_0'

2019-06-27 17:38:57 - [MESSAGE][PASSED] - Text '5618' is set on object 'Object Repository/Page_cabi Create Order/input_Manual Discount_stylelookup_0'

2019-06-27 17:38:57 - [TEST_STEP][PASSED] - delay(2): Delayed 2 second(s)

2019-06-27 17:38:59 - [MESSAGE][PASSED] - Delayed 2 second(s)

2019-06-27 17:38:59 - [TEST_STEP][PASSED] - prod_message = getText(findTestObject("Page_cabi Create Order/first_option")): Text of object 'Object Repository/Page_cabi Create Order/first_option' is: '5618 Breeze Dress'

2019-06-27 17:38:59 - [MESSAGE][PASSED] - Text of object 'Object Repository/Page_cabi Create Order/first_option' is: '5618 Breeze Dress'

2019-06-27 17:38:59 - [TEST_STEP][PASSED] - delay(1): Delayed 1 second(s)

2019-06-27 17:39:00 - [MESSAGE][PASSED] - Delayed 1 second(s)

2019-06-27 17:39:00 - [TEST_STEP][PASSED] - click(findTestObject("Page_cabi Create Order/first_option")): Object: 'Object Repository/Page_cabi Create Order/first_option' is clicked on

2019-06-27 17:39:00 - [MESSAGE][PASSED] - Object: 'Object Repository/Page_cabi Create Order/first_option' is clicked on

2019-06-27 17:39:00 - [TEST_STEP][PASSED] - if (toString().equalsIgnoreCase("no")): null

2019-06-27 17:39:00 - [TEST_STEP][PASSED] - else: Delayed 3 second(s)

2019-06-27 17:39:00 - [TEST_STEP][PASSED] - delay(3): Delayed 3 second(s)

2019-06-27 17:39:03 - [MESSAGE][PASSED] - Delayed 3 second(s)

2019-06-27 17:39:03 - [TEST_STEP][PASSED] - s1 = getValue("Style", row).toString(): null

2019-06-27 17:39:03 - [TEST_STEP][PASSED] - s2 = " ": null

2019-06-27 17:39:03 - [TEST_STEP][PASSED] - s3 = getValue("Description", row).toString(): null

2019-06-27 17:39:03 - [TEST_STEP][PASSED] - expectedStyleDescription = $s1$s2$s3: null

2019-06-27 17:39:03 - [TEST_STEP][PASSED] - prod_message = UtilityMethods.splitStyle(prod_message): null

2019-06-27 17:39:03 - [TEST_STEP][PASSED] - println(prod_message): null

2019-06-27 17:39:03 - [TEST_STEP][PASSED] - assert prod_message.equalsIgnoreCase(expectedStyleDescription): null

2019-06-27 17:39:03 - [TEST_STEP][PASSED] - delay(3): Delayed 3 second(s)

2019-06-27 17:39:06 - [MESSAGE][PASSED] - Delayed 3 second(s)

2019-06-27 17:39:06 - [TEST_STEP][PASSED] - colorOptions = findWebElements(findTestObject("Page_cabi Order Items/GetAttribute_Color"), 5): null

2019-06-27 17:39:06 - [TEST_STEP][PASSED] - println(colorOptions.size()): null

2019-06-27 17:39:06 - [TEST_STEP][PASSED] - expectedColour = findTestData("productData").getValue("Color", row): null

2019-06-27 17:39:06 - [TEST_STEP][PASSED] - println("expected colour is"): null

2019-06-27 17:39:06 - [TEST_STEP][PASSED] - println(expectedColour): null

2019-06-27 17:39:06 - [TEST_STEP][PASSED] - colourVerified = false: null

2019-06-27 17:39:06 - [TEST_STEP][PASSED] - for (org.openqa.selenium.WebElement op : colorOptions): null

2019-06-27 17:39:06 - [TEST_STEP][PASSED] - println(op.getText()): null

2019-06-27 17:39:06 - [TEST_STEP][PASSED] - if (expectedColour.equalsIgnoreCase(op.getText())): null

2019-06-27 17:39:06 - [TEST_STEP][PASSED] - colourVerified = true: null

2019-06-27 17:39:06 - [TEST_STEP][PASSED] - break: null

2019-06-27 17:39:06 - [TEST_STEP][PASSED] - assert colourVerified == true: null

2019-06-27 17:39:06 - [TEST_STEP][PASSED] - getPrice = getText(findTestObject("Page_cabi Create Order/retail_price")): Text of object 'Object Repository/Page_cabi Create Order/retail_price' is: '$119.00'

2019-06-27 17:39:06 - [MESSAGE][PASSED] - Text of object 'Object Repository/Page_cabi Create Order/retail_price' is: '$119.00'

2019-06-27 17:39:06 - [TEST_STEP][PASSED] - Split_Data = UtilityMethods.SplitData(getPrice): null

2019-06-27 17:39:06 - [TEST_STEP][PASSED] - verifyMatch(Split_Data, findTestData("productData").getValue("Retail", row), true): Actual text '119' and expected text '119' are matched  using regular expression

2019-06-27 17:39:06 - [MESSAGE][PASSED] - Actual text '119' and expected text '119' are matched  using regular expression

2019-06-27 17:39:06 - [TEST_STEP][PASSED] - sizeRange1 = ["XXS", "XS", "S", "M", "L", "XL"]: null

2019-06-27 17:39:06 - [TEST_STEP][PASSED] - sizeRange2 = ["00", "0", "2", "4", "6", "8", "10", "12", "14", "16"]: null

2019-06-27 17:39:06 - [TEST_STEP][PASSED] - sizeRange3 = ["Long", "Regular", "Short"]: null

2019-06-27 17:39:06 - [TEST_STEP][PASSED] - sizeRange4 = ["5", "6", "6.5", "7", "7.5", "8", "8.5", "9", "9.5", "10", "11"]: null

2019-06-27 17:39:06 - [TEST_STEP][PASSED] - sizeRangeSplit = UtilityMethods.SplitSizes(findTestData("productData").getValue("SzRange", row)): null

2019-06-27 17:39:06 - [TEST_STEP][PASSED] - sizeType = getText(findTestObject("Object Repository/Page_cabi Order Items/Size")): Text of object 'Object Repository/Page_cabi Order Items/Size' is: 'Select'

2019-06-27 17:39:06 - [MESSAGE][PASSED] - Text of object 'Object Repository/Page_cabi Order Items/Size' is: 'Select'

2019-06-27 17:39:06 - [TEST_STEP][PASSED] - sizeOptions = findWebElements(findTestObject("Object Repository/Page_cabi Order Items/Size"), 5): null

2019-06-27 17:39:06 - [TEST_STEP][PASSED] - actualRange = new java.util.ArrayList(): null

2019-06-27 17:39:06 - [TEST_STEP][PASSED] - expectedRange = <not implemented yet for class: org.codehaus.groovy.ast.expr.EmptyExpression>: null

2019-06-27 17:39:06 - [TEST_STEP][PASSED] - if (sizeType.equalsIgnoreCase("Select")): null

2019-06-27 17:39:06 - [TEST_STEP][PASSED] - for ([i = 1, i < sizeOptions.size(), (i++)]): null

2019-06-27 17:39:06 - [TEST_STEP][PASSED] - actualRange.add(get(i).getText()): null

2019-06-27 17:39:06 - [TEST_STEP][PASSED] - actualRange.add(get(i).getText()): null

2019-06-27 17:39:06 - [TEST_STEP][PASSED] - actualRange.add(get(i).getText()): null

2019-06-27 17:39:06 - [TEST_STEP][PASSED] - actualRange.add(get(i).getText()): null

2019-06-27 17:39:06 - [TEST_STEP][PASSED] - actualRange.add(get(i).getText()): null

2019-06-27 17:39:06 - [TEST_STEP][PASSED] - if (toString().equalsIgnoreCase("XS") || toString().equalsIgnoreCase("XXS")): null

2019-06-27 17:39:06 - [TEST_STEP][PASSED] - expectedRange = UtilityMethods.getExpectedRange(sizeRange1, sizeRangeSplit): null

2019-06-27 17:39:06 - [TEST_STEP][PASSED] - println("XS"): null

2019-06-27 17:39:06 - [TEST_STEP][PASSED] - println(expectedRange.toString()): null

2019-06-27 17:39:06 - [TEST_STEP][PASSED] - assert UtilityMethods.listEquals(expectedRange, actualRange) == true: null

2019-06-27 17:39:06 - [TEST_STEP][PASSED] - delay(3): Delayed 3 second(s)

2019-06-27 17:39:09 - [MESSAGE][PASSED] - Delayed 3 second(s)

2019-06-27 17:39:09 - [MESSAGE][PASSED] - Call Test Case 'Test Cases/NewArrival/productVerifyShort' successfully

2019-06-27 17:39:09 - [TEST_STEP][PASSED] - click(findTestObject("Page_cabi Find Order/a_Create Order")): Object: 'Object Repository/Page_cabi Find Order/a_Create Order' is clicked on

2019-06-27 17:39:12 - [MESSAGE][PASSED] - Object: 'Object Repository/Page_cabi Find Order/a_Create Order' is clicked on

2019-06-27 17:39:12 - [TEST_STEP][PASSED] - selectOptionByValue(findTestObject("Page_cabi Create Order/select_order_type"), "RETAIL", true): All options with value 'RETAIL' are selected in object 'Object Repository/Page_cabi Create Order/select_order_type'  using regular expression

2019-06-27 17:39:12 - [MESSAGE][PASSED] - All options with value 'RETAIL' are selected in object 'Object Repository/Page_cabi Create Order/select_order_type'  using regular expression

2019-06-27 17:39:12 - [TEST_STEP][PASSED] - click(findTestObject("Page_cabi Create Order/input_select_order_type")): Object: 'Object Repository/Page_cabi Create Order/input_select_order_type' is clicked on

2019-06-27 17:39:14 - [MESSAGE][PASSED] - Object: 'Object Repository/Page_cabi Create Order/input_select_order_type' is clicked on

2019-06-27 17:39:14 - [TEST_STEP][PASSED] - callTestCase(findTestCase("NewArrival/productVerifyShort"), ["available":CCRetail], STOP_ON_FAILURE): Call Test Case 'Test Cases/NewArrival/productVerifyShort' successfully

2019-06-27 17:39:14 - [TEST_CASE][PASSED] - Test Cases/NewArrival/productVerifyShort: Test Cases/NewArrival/productVerifyShort

2019-06-27 17:39:14 - [TEST_STEP][PASSED] - for ([row = 1, row <= findTestData("productData").getRowNumbers(), (row++)]): Delayed 3 second(s)

2019-06-27 17:39:14 - [TEST_STEP][PASSED] - delay(2): Delayed 2 second(s)

2019-06-27 17:39:16 - [MESSAGE][PASSED] - Delayed 2 second(s)

2019-06-27 17:39:16 - [TEST_STEP][PASSED] - setText(findTestObject("Object Repository/Page_cabi Create Order/input_Manual Discount_stylelookup_0"), findTestData("productData").getValue("Style", row)): Text '5618' is set on object 'Object Repository/Page_cabi Create Order/input_Manual Discount_stylelookup_0'

2019-06-27 17:39:16 - [MESSAGE][PASSED] - Text '5618' is set on object 'Object Repository/Page_cabi Create Order/input_Manual Discount_stylelookup_0'

2019-06-27 17:39:16 - [TEST_STEP][PASSED] - delay(2): Delayed 2 second(s)

2019-06-27 17:39:18 - [MESSAGE][PASSED] - Delayed 2 second(s)

2019-06-27 17:39:18 - [TEST_STEP][PASSED] - prod_message = getText(findTestObject("Page_cabi Create Order/first_option")): Text of object 'Object Repository/Page_cabi Create Order/first_option' is: '5618 Breeze Dress'

2019-06-27 17:39:18 - [MESSAGE][PASSED] - Text of object 'Object Repository/Page_cabi Create Order/first_option' is: '5618 Breeze Dress'

2019-06-27 17:39:18 - [TEST_STEP][PASSED] - delay(1): Delayed 1 second(s)

2019-06-27 17:39:19 - [MESSAGE][PASSED] - Delayed 1 second(s)

2019-06-27 17:39:19 - [TEST_STEP][PASSED] - click(findTestObject("Page_cabi Create Order/first_option")): Object: 'Object Repository/Page_cabi Create Order/first_option' is clicked on

2019-06-27 17:39:19 - [MESSAGE][PASSED] - Object: 'Object Repository/Page_cabi Create Order/first_option' is clicked on

2019-06-27 17:39:19 - [TEST_STEP][PASSED] - if (toString().equalsIgnoreCase("no")): null

2019-06-27 17:39:19 - [TEST_STEP][PASSED] - else: Delayed 3 second(s)

2019-06-27 17:39:19 - [TEST_STEP][PASSED] - delay(3): Delayed 3 second(s)

2019-06-27 17:39:22 - [MESSAGE][PASSED] - Delayed 3 second(s)

2019-06-27 17:39:22 - [TEST_STEP][PASSED] - s1 = getValue("Style", row).toString(): null

2019-06-27 17:39:22 - [TEST_STEP][PASSED] - s2 = " ": null

2019-06-27 17:39:22 - [TEST_STEP][PASSED] - s3 = getValue("Description", row).toString(): null

2019-06-27 17:39:22 - [TEST_STEP][PASSED] - expectedStyleDescription = $s1$s2$s3: null

2019-06-27 17:39:22 - [TEST_STEP][PASSED] - prod_message = UtilityMethods.splitStyle(prod_message): null

2019-06-27 17:39:22 - [TEST_STEP][PASSED] - println(prod_message): null

2019-06-27 17:39:22 - [TEST_STEP][PASSED] - assert prod_message.equalsIgnoreCase(expectedStyleDescription): null

2019-06-27 17:39:22 - [TEST_STEP][PASSED] - delay(3): Delayed 3 second(s)

2019-06-27 17:39:25 - [MESSAGE][PASSED] - Delayed 3 second(s)

2019-06-27 17:39:25 - [TEST_STEP][PASSED] - colorOptions = findWebElements(findTestObject("Page_cabi Order Items/GetAttribute_Color"), 5): null

2019-06-27 17:39:26 - [TEST_STEP][PASSED] - println(colorOptions.size()): null

2019-06-27 17:39:26 - [TEST_STEP][PASSED] - expectedColour = findTestData("productData").getValue("Color", row): null

2019-06-27 17:39:26 - [TEST_STEP][PASSED] - println("expected colour is"): null

2019-06-27 17:39:26 - [TEST_STEP][PASSED] - println(expectedColour): null

2019-06-27 17:39:26 - [TEST_STEP][PASSED] - colourVerified = false: null

2019-06-27 17:39:26 - [TEST_STEP][PASSED] - for (org.openqa.selenium.WebElement op : colorOptions): null

2019-06-27 17:39:26 - [TEST_STEP][PASSED] - println(op.getText()): null

2019-06-27 17:39:26 - [TEST_STEP][PASSED] - if (expectedColour.equalsIgnoreCase(op.getText())): null

2019-06-27 17:39:26 - [TEST_STEP][PASSED] - colourVerified = true: null

2019-06-27 17:39:26 - [TEST_STEP][PASSED] - break: null

2019-06-27 17:39:26 - [TEST_STEP][PASSED] - assert colourVerified == true: null

2019-06-27 17:39:26 - [TEST_STEP][PASSED] - getPrice = getText(findTestObject("Page_cabi Create Order/retail_price")): Text of object 'Object Repository/Page_cabi Create Order/retail_price' is: '$119.00'

2019-06-27 17:39:26 - [MESSAGE][PASSED] - Text of object 'Object Repository/Page_cabi Create Order/retail_price' is: '$119.00'

2019-06-27 17:39:26 - [TEST_STEP][PASSED] - Split_Data = UtilityMethods.SplitData(getPrice): null

2019-06-27 17:39:26 - [TEST_STEP][PASSED] - verifyMatch(Split_Data, findTestData("productData").getValue("Retail", row), true): Actual text '119' and expected text '119' are matched  using regular expression

2019-06-27 17:39:26 - [MESSAGE][PASSED] - Actual text '119' and expected text '119' are matched  using regular expression

2019-06-27 17:39:26 - [TEST_STEP][PASSED] - sizeRange1 = ["XXS", "XS", "S", "M", "L", "XL"]: null

2019-06-27 17:39:26 - [TEST_STEP][PASSED] - sizeRange2 = ["00", "0", "2", "4", "6", "8", "10", "12", "14", "16"]: null

2019-06-27 17:39:26 - [TEST_STEP][PASSED] - sizeRange3 = ["Long", "Regular", "Short"]: null

2019-06-27 17:39:26 - [TEST_STEP][PASSED] - sizeRange4 = ["5", "6", "6.5", "7", "7.5", "8", "8.5", "9", "9.5", "10", "11"]: null

2019-06-27 17:39:26 - [TEST_STEP][PASSED] - sizeRangeSplit = UtilityMethods.SplitSizes(findTestData("productData").getValue("SzRange", row)): null

2019-06-27 17:39:26 - [TEST_STEP][PASSED] - sizeType = getText(findTestObject("Object Repository/Page_cabi Order Items/Size")): Text of object 'Object Repository/Page_cabi Order Items/Size' is: 'Select'

2019-06-27 17:39:26 - [MESSAGE][PASSED] - Text of object 'Object Repository/Page_cabi Order Items/Size' is: 'Select'

2019-06-27 17:39:26 - [TEST_STEP][PASSED] - sizeOptions = findWebElements(findTestObject("Object Repository/Page_cabi Order Items/Size"), 5): null

2019-06-27 17:39:26 - [TEST_STEP][PASSED] - actualRange = new java.util.ArrayList(): null

2019-06-27 17:39:26 - [TEST_STEP][PASSED] - expectedRange = <not implemented yet for class: org.codehaus.groovy.ast.expr.EmptyExpression>: null

2019-06-27 17:39:26 - [TEST_STEP][PASSED] - if (sizeType.equalsIgnoreCase("Select")): null

2019-06-27 17:39:26 - [TEST_STEP][PASSED] - for ([i = 1, i < sizeOptions.size(), (i++)]): null

2019-06-27 17:39:26 - [TEST_STEP][PASSED] - actualRange.add(get(i).getText()): null

2019-06-27 17:39:26 - [TEST_STEP][PASSED] - actualRange.add(get(i).getText()): null

2019-06-27 17:39:26 - [TEST_STEP][PASSED] - actualRange.add(get(i).getText()): null

2019-06-27 17:39:26 - [TEST_STEP][PASSED] - actualRange.add(get(i).getText()): null

2019-06-27 17:39:26 - [TEST_STEP][PASSED] - actualRange.add(get(i).getText()): null

2019-06-27 17:39:26 - [TEST_STEP][PASSED] - if (toString().equalsIgnoreCase("XS") || toString().equalsIgnoreCase("XXS")): null

2019-06-27 17:39:26 - [TEST_STEP][PASSED] - expectedRange = UtilityMethods.getExpectedRange(sizeRange1, sizeRangeSplit): null

2019-06-27 17:39:26 - [TEST_STEP][PASSED] - println("XS"): null

2019-06-27 17:39:26 - [TEST_STEP][PASSED] - println(expectedRange.toString()): null

2019-06-27 17:39:26 - [TEST_STEP][PASSED] - assert UtilityMethods.listEquals(expectedRange, actualRange) == true: null

2019-06-27 17:39:26 - [TEST_STEP][PASSED] - delay(3): Delayed 3 second(s)

2019-06-27 17:39:29 - [MESSAGE][PASSED] - Delayed 3 second(s)

2019-06-27 17:39:29 - [MESSAGE][PASSED] - Call Test Case 'Test Cases/NewArrival/productVerifyShort' successfully

2019-06-27 17:39:29 - [TEST_STEP][PASSED] - click(findTestObject("Page_cabi Find Order/a_Create Order")): Object: 'Object Repository/Page_cabi Find Order/a_Create Order' is clicked on

2019-06-27 17:39:31 - [MESSAGE][PASSED] - Object: 'Object Repository/Page_cabi Find Order/a_Create Order' is clicked on

2019-06-27 17:39:31 - [TEST_STEP][PASSED] - selectOptionByValue(findTestObject("Page_cabi Create Order/select_order_type"), "SHOW", true): All options with value 'SHOW' are selected in object 'Object Repository/Page_cabi Create Order/select_order_type'  using regular expression

2019-06-27 17:39:31 - [MESSAGE][PASSED] - All options with value 'SHOW' are selected in object 'Object Repository/Page_cabi Create Order/select_order_type'  using regular expression

2019-06-27 17:39:31 - [TEST_STEP][PASSED] - click(findTestObject("Page_cabi Create Order/input_select_order_type")): Object: 'Object Repository/Page_cabi Create Order/input_select_order_type' is clicked on

2019-06-27 17:39:35 - [MESSAGE][PASSED] - Object: 'Object Repository/Page_cabi Create Order/input_select_order_type' is clicked on

2019-06-27 17:39:35 - [TEST_STEP][PASSED] - callTestCase(findTestCase("NewArrival/productVerifyShort"), ["available":CCShow], STOP_ON_FAILURE): Call Test Case 'Test Cases/NewArrival/productVerifyShort' successfully

2019-06-27 17:39:35 - [TEST_CASE][PASSED] - Test Cases/NewArrival/productVerifyShort: Test Cases/NewArrival/productVerifyShort

2019-06-27 17:39:35 - [TEST_STEP][PASSED] - for ([row = 1, row <= findTestData("productData").getRowNumbers(), (row++)]): Delayed 3 second(s)

2019-06-27 17:39:35 - [TEST_STEP][PASSED] - delay(2): Delayed 2 second(s)

2019-06-27 17:39:37 - [MESSAGE][PASSED] - Delayed 2 second(s)

2019-06-27 17:39:37 - [TEST_STEP][PASSED] - setText(findTestObject("Object Repository/Page_cabi Create Order/input_Manual Discount_stylelookup_0"), findTestData("productData").getValue("Style", row)): Text '5618' is set on object 'Object Repository/Page_cabi Create Order/input_Manual Discount_stylelookup_0'

2019-06-27 17:39:37 - [MESSAGE][PASSED] - Text '5618' is set on object 'Object Repository/Page_cabi Create Order/input_Manual Discount_stylelookup_0'

2019-06-27 17:39:37 - [TEST_STEP][PASSED] - delay(2): Delayed 2 second(s)

2019-06-27 17:39:39 - [MESSAGE][PASSED] - Delayed 2 second(s)

2019-06-27 17:39:39 - [TEST_STEP][PASSED] - prod_message = getText(findTestObject("Page_cabi Create Order/first_option")): Text of object 'Object Repository/Page_cabi Create Order/first_option' is: '5618 Breeze Dress'

2019-06-27 17:39:39 - [MESSAGE][PASSED] - Text of object 'Object Repository/Page_cabi Create Order/first_option' is: '5618 Breeze Dress'

2019-06-27 17:39:39 - [TEST_STEP][PASSED] - delay(1): Delayed 1 second(s)

2019-06-27 17:39:40 - [MESSAGE][PASSED] - Delayed 1 second(s)

2019-06-27 17:39:40 - [TEST_STEP][PASSED] - click(findTestObject("Page_cabi Create Order/first_option")): Object: 'Object Repository/Page_cabi Create Order/first_option' is clicked on

2019-06-27 17:39:40 - [MESSAGE][PASSED] - Object: 'Object Repository/Page_cabi Create Order/first_option' is clicked on

2019-06-27 17:39:40 - [TEST_STEP][PASSED] - if (toString().equalsIgnoreCase("no")): null

2019-06-27 17:39:40 - [TEST_STEP][PASSED] - else: Delayed 3 second(s)

2019-06-27 17:39:40 - [TEST_STEP][PASSED] - delay(3): Delayed 3 second(s)

2019-06-27 17:39:43 - [MESSAGE][PASSED] - Delayed 3 second(s)

2019-06-27 17:39:43 - [TEST_STEP][PASSED] - s1 = getValue("Style", row).toString(): null

2019-06-27 17:39:43 - [TEST_STEP][PASSED] - s2 = " ": null

2019-06-27 17:39:43 - [TEST_STEP][PASSED] - s3 = getValue("Description", row).toString(): null

2019-06-27 17:39:43 - [TEST_STEP][PASSED] - expectedStyleDescription = $s1$s2$s3: null

2019-06-27 17:39:43 - [TEST_STEP][PASSED] - prod_message = UtilityMethods.splitStyle(prod_message): null

2019-06-27 17:39:43 - [TEST_STEP][PASSED] - println(prod_message): null

2019-06-27 17:39:43 - [TEST_STEP][PASSED] - assert prod_message.equalsIgnoreCase(expectedStyleDescription): null

2019-06-27 17:39:43 - [TEST_STEP][PASSED] - delay(3): Delayed 3 second(s)

2019-06-27 17:39:46 - [MESSAGE][PASSED] - Delayed 3 second(s)

2019-06-27 17:39:46 - [TEST_STEP][PASSED] - colorOptions = findWebElements(findTestObject("Page_cabi Order Items/GetAttribute_Color"), 5): null

2019-06-27 17:39:46 - [TEST_STEP][PASSED] - println(colorOptions.size()): null

2019-06-27 17:39:46 - [TEST_STEP][PASSED] - expectedColour = findTestData("productData").getValue("Color", row): null

2019-06-27 17:39:46 - [TEST_STEP][PASSED] - println("expected colour is"): null

2019-06-27 17:39:46 - [TEST_STEP][PASSED] - println(expectedColour): null

2019-06-27 17:39:46 - [TEST_STEP][PASSED] - colourVerified = false: null

2019-06-27 17:39:46 - [TEST_STEP][PASSED] - for (org.openqa.selenium.WebElement op : colorOptions): null

2019-06-27 17:39:46 - [TEST_STEP][PASSED] - println(op.getText()): null

2019-06-27 17:39:46 - [TEST_STEP][PASSED] - if (expectedColour.equalsIgnoreCase(op.getText())): null

2019-06-27 17:39:46 - [TEST_STEP][PASSED] - colourVerified = true: null

2019-06-27 17:39:46 - [TEST_STEP][PASSED] - break: null

2019-06-27 17:39:46 - [TEST_STEP][PASSED] - assert colourVerified == true: null

2019-06-27 17:39:46 - [TEST_STEP][PASSED] - getPrice = getText(findTestObject("Page_cabi Create Order/retail_price")): Text of object 'Object Repository/Page_cabi Create Order/retail_price' is: '$119.00'

2019-06-27 17:39:47 - [MESSAGE][PASSED] - Text of object 'Object Repository/Page_cabi Create Order/retail_price' is: '$119.00'

2019-06-27 17:39:47 - [TEST_STEP][PASSED] - Split_Data = UtilityMethods.SplitData(getPrice): null

2019-06-27 17:39:47 - [TEST_STEP][PASSED] - verifyMatch(Split_Data, findTestData("productData").getValue("Retail", row), true): Actual text '119' and expected text '119' are matched  using regular expression

2019-06-27 17:39:47 - [MESSAGE][PASSED] - Actual text '119' and expected text '119' are matched  using regular expression

2019-06-27 17:39:47 - [TEST_STEP][PASSED] - sizeRange1 = ["XXS", "XS", "S", "M", "L", "XL"]: null

2019-06-27 17:39:47 - [TEST_STEP][PASSED] - sizeRange2 = ["00", "0", "2", "4", "6", "8", "10", "12", "14", "16"]: null

2019-06-27 17:39:47 - [TEST_STEP][PASSED] - sizeRange3 = ["Long", "Regular", "Short"]: null

2019-06-27 17:39:47 - [TEST_STEP][PASSED] - sizeRange4 = ["5", "6", "6.5", "7", "7.5", "8", "8.5", "9", "9.5", "10", "11"]: null

2019-06-27 17:39:47 - [TEST_STEP][PASSED] - sizeRangeSplit = UtilityMethods.SplitSizes(findTestData("productData").getValue("SzRange", row)): null

2019-06-27 17:39:47 - [TEST_STEP][PASSED] - sizeType = getText(findTestObject("Object Repository/Page_cabi Order Items/Size")): Text of object 'Object Repository/Page_cabi Order Items/Size' is: 'Select'

2019-06-27 17:39:47 - [MESSAGE][PASSED] - Text of object 'Object Repository/Page_cabi Order Items/Size' is: 'Select'

2019-06-27 17:39:47 - [TEST_STEP][PASSED] - sizeOptions = findWebElements(findTestObject("Object Repository/Page_cabi Order Items/Size"), 5): null

2019-06-27 17:39:47 - [TEST_STEP][PASSED] - actualRange = new java.util.ArrayList(): null

2019-06-27 17:39:47 - [TEST_STEP][PASSED] - expectedRange = <not implemented yet for class: org.codehaus.groovy.ast.expr.EmptyExpression>: null

2019-06-27 17:39:47 - [TEST_STEP][PASSED] - if (sizeType.equalsIgnoreCase("Select")): null

2019-06-27 17:39:47 - [TEST_STEP][PASSED] - for ([i = 1, i < sizeOptions.size(), (i++)]): null

2019-06-27 17:39:47 - [TEST_STEP][PASSED] - actualRange.add(get(i).getText()): null

2019-06-27 17:39:47 - [TEST_STEP][PASSED] - actualRange.add(get(i).getText()): null

2019-06-27 17:39:47 - [TEST_STEP][PASSED] - actualRange.add(get(i).getText()): null

2019-06-27 17:39:47 - [TEST_STEP][PASSED] - actualRange.add(get(i).getText()): null

2019-06-27 17:39:47 - [TEST_STEP][PASSED] - actualRange.add(get(i).getText()): null

2019-06-27 17:39:47 - [TEST_STEP][PASSED] - if (toString().equalsIgnoreCase("XS") || toString().equalsIgnoreCase("XXS")): null

2019-06-27 17:39:47 - [TEST_STEP][PASSED] - expectedRange = UtilityMethods.getExpectedRange(sizeRange1, sizeRangeSplit): null

2019-06-27 17:39:47 - [TEST_STEP][PASSED] - println("XS"): null

2019-06-27 17:39:47 - [TEST_STEP][PASSED] - println(expectedRange.toString()): null

2019-06-27 17:39:47 - [TEST_STEP][PASSED] - assert UtilityMethods.listEquals(expectedRange, actualRange) == true: null

2019-06-27 17:39:47 - [TEST_STEP][PASSED] - delay(3): Delayed 3 second(s)

2019-06-27 17:39:50 - [MESSAGE][PASSED] - Delayed 3 second(s)

2019-06-27 17:39:50 - [MESSAGE][PASSED] - Call Test Case 'Test Cases/NewArrival/productVerifyShort' successfully

2019-06-27 17:39:50 - [TEST_STEP][PASSED] - callTestCase(findTestCase("NewArrival/populateTimeGlobalVars"), ["row":timeRow], STOP_ON_FAILURE): Call Test Case 'Test Cases/NewArrival/populateTimeGlobalVars' successfully

2019-06-27 17:39:50 - [TEST_CASE][PASSED] - Test Cases/NewArrival/populateTimeGlobalVars: Test Cases/NewArrival/populateTimeGlobalVars

2019-06-27 17:39:50 - [TEST_STEP][PASSED] - dataFile = "timezoneData": null

2019-06-27 17:39:50 - [TEST_STEP][PASSED] - serverTarget = UtilityMethods.getTestData(dataFile, "serverTarget", row): null

2019-06-27 17:39:50 - [TEST_STEP][PASSED] - orderType = UtilityMethods.getTestData(dataFile, "orderType", row): null

2019-06-27 17:39:50 - [TEST_STEP][PASSED] - timeZone = UtilityMethods.getTestData(dataFile, "timeZone", row): null

2019-06-27 17:39:50 - [TEST_STEP][PASSED] - BOPersonal = UtilityMethods.getTestData(dataFile, "BOPersonal", row): null

2019-06-27 17:39:50 - [TEST_STEP][PASSED] - BOAddonPersonal = UtilityMethods.getTestData(dataFile, "BOAddonPersonal", row): null

2019-06-27 17:39:50 - [TEST_STEP][PASSED] - BOAddonRetail = UtilityMethods.getTestData(dataFile, "BOAddonRetail", row): null

2019-06-27 17:39:50 - [TEST_STEP][PASSED] - BORetail = UtilityMethods.getTestData(dataFile, "BORetail", row): null

2019-06-27 17:39:50 - [TEST_STEP][PASSED] - BOShow = UtilityMethods.getTestData(dataFile, "BOShow", row): null

2019-06-27 17:39:50 - [TEST_STEP][PASSED] - BOOnlineoutlet = UtilityMethods.getTestData(dataFile, "BOOnlineoutlet", row): null

2019-06-27 17:39:50 - [TEST_STEP][PASSED] - BOEmployee = UtilityMethods.getTestData(dataFile, "BOEmployee", row): null

2019-06-27 17:39:50 - [TEST_STEP][PASSED] - CCPersonal = UtilityMethods.getTestData(dataFile, "CCPersonal", row): null

2019-06-27 17:39:50 - [TEST_STEP][PASSED] - CCRetail = UtilityMethods.getTestData(dataFile, "CCRetail", row): null

2019-06-27 17:39:50 - [TEST_STEP][PASSED] - CCShow = UtilityMethods.getTestData(dataFile, "CCShow", row): null

2019-06-27 17:39:50 - [TEST_STEP][PASSED] - BOEblast = UtilityMethods.getTestData(dataFile, "BOEblast", row): null

2019-06-27 17:39:50 - [MESSAGE][PASSED] - Call Test Case 'Test Cases/NewArrival/populateTimeGlobalVars' successfully

2019-06-27 17:39:50 - [TEST_STEP][PASSED] - callTestCase(findTestCase("NewArrival/setTimezone"), ["ofbizURL":"", "ofbizuser":"", "ofbizpass":"", "orderType":orderType, "timeZone":timeZone, "serverTarget":serverTarget], STOP_ON_FAILURE): Call Test Case 'Test Cases/NewArrival/setTimezone' successfully

2019-06-27 17:39:50 - [TEST_CASE][PASSED] - Test Cases/NewArrival/setTimezone: Test Cases/NewArrival/setTimezone

2019-06-27 17:39:50 - [TEST_STEP][NOT_RUN] - openBrowser(""): NOT_RUN: openBrowser("")

2019-06-27 17:39:50 - [MESSAGE][NOT_RUN] - NOT_RUN: openBrowser("")

2019-06-27 17:39:50 - [TEST_STEP][NOT_RUN] - maximizeWindow(): NOT_RUN: maximizeWindow()

2019-06-27 17:39:50 - [MESSAGE][NOT_RUN] - NOT_RUN: maximizeWindow()

2019-06-27 17:39:50 - [TEST_STEP][PASSED] - ofbizURL = findTestData("credData").getValue("ofbizURL", 1): null

2019-06-27 17:39:50 - [TEST_STEP][PASSED] - ofbizuser = findTestData("credData").getValue("ofbizuser", 1): null

2019-06-27 17:39:50 - [TEST_STEP][PASSED] - ofbizpass = findTestData("credData").getValue("ofbizpass", 1): null

2019-06-27 17:39:50 - [TEST_STEP][PASSED] - navigateToUrl(ofbizURL): Navigate to 'https://pushofbiz.cliotest.com/login.php' successfully

2019-06-27 17:39:52 - [MESSAGE][PASSED] - Navigate to 'https://pushofbiz.cliotest.com/login.php' successfully

2019-06-27 17:39:52 - [TEST_STEP][PASSED] - setText(findTestObject("Page_/input_Username_username"), ofbizuser): Text 'automation' is set on object 'Object Repository/Page_/input_Username_username'

2019-06-27 17:39:52 - [MESSAGE][PASSED] - Text 'automation' is set on object 'Object Repository/Page_/input_Username_username'

2019-06-27 17:39:52 - [TEST_STEP][PASSED] - setText(findTestObject("Page_/input_Password_password"), ofbizpass): Text 'cabiautomation' is set on object 'Object Repository/Page_/input_Password_password'

2019-06-27 17:39:53 - [MESSAGE][PASSED] - Text 'cabiautomation' is set on object 'Object Repository/Page_/input_Password_password'

2019-06-27 17:39:53 - [TEST_STEP][PASSED] - click(findTestObject("Page_/input_Password_Submit")): Object: 'Object Repository/Page_/input_Password_Submit' is clicked on

2019-06-27 17:39:56 - [MESSAGE][PASSED] - Object: 'Object Repository/Page_/input_Password_Submit' is clicked on

2019-06-27 17:39:56 - [TEST_STEP][PASSED] - click(findTestObject("Object Repository/Page_/a_Clock set")): Object: 'Object Repository/Page_/a_Clock set' is clicked on

2019-06-27 17:39:57 - [MESSAGE][PASSED] - Object: 'Object Repository/Page_/a_Clock set' is clicked on

2019-06-27 17:39:57 - [TEST_STEP][PASSED] - click(UtilityMethods.createTestObject("select_target", "//select[@name='Target']/option[contains(text(), '", serverTarget, "')]")): Object: 'select_target' is clicked on

2019-06-27 17:39:57 - [MESSAGE][PASSED] - Object: 'select_target' is clicked on

2019-06-27 17:39:57 - [TEST_STEP][PASSED] - click(findTestObject("Page_/thisDateAndTime")): Object: 'Object Repository/Page_/thisDateAndTime' is clicked on

2019-06-27 17:39:57 - [MESSAGE][PASSED] - Object: 'Object Repository/Page_/thisDateAndTime' is clicked on

2019-06-27 17:39:57 - [TEST_STEP][PASSED] - setText(findTestObject("Object Repository/Page_/setTargetTime"), timeZone): Text ' 05/22/2019 00:00' is set on object 'Object Repository/Page_/setTargetTime'

2019-06-27 17:39:57 - [MESSAGE][PASSED] - Text ' 05/22/2019 00:00' is set on object 'Object Repository/Page_/setTargetTime'

2019-06-27 17:39:57 - [TEST_STEP][PASSED] - click(findTestObject("Object Repository/Page_/input")): Object: 'Object Repository/Page_/input' is clicked on

2019-06-27 17:39:58 - [MESSAGE][PASSED] - Object: 'Object Repository/Page_/input' is clicked on

2019-06-27 17:39:58 - [TEST_STEP][PASSED] - delay(10): Delayed 10 second(s)

2019-06-27 17:40:08 - [MESSAGE][PASSED] - Delayed 10 second(s)

2019-06-27 17:40:08 - [TEST_STEP][NOT_RUN] - closeBrowser(): NOT_RUN: closeBrowser()

2019-06-27 17:40:08 - [MESSAGE][NOT_RUN] - NOT_RUN: closeBrowser()

2019-06-27 17:40:08 - [MESSAGE][PASSED] - Call Test Case 'Test Cases/NewArrival/setTimezone' successfully

2019-06-27 17:40:08 - [TEST_STEP][PASSED] - callTestCase(findTestCase("TestCaseUtilities/cabiCentralLogin"), [:], STOP_ON_FAILURE): Call Test Case 'Test Cases/TestCaseUtilities/cabiCentralLogin' successfully

2019-06-27 17:40:08 - [TEST_CASE][PASSED] - Test Cases/TestCaseUtilities/cabiCentralLogin: Test Cases/TestCaseUtilities/cabiCentralLogin

2019-06-27 17:40:08 - [TEST_STEP][PASSED] - CCURL = findTestData("credData").getValue("CCURL", 1): null

2019-06-27 17:40:08 - [TEST_STEP][PASSED] - CCuser = findTestData("credData").getValue("CCuser", 1): null

2019-06-27 17:40:08 - [TEST_STEP][PASSED] - CCpass = findTestData("credData").getValue("CCpass", 1): null

2019-06-27 17:40:08 - [TEST_STEP][PASSED] - openBrowser(""): Browser is opened with url: ''

2019-06-27 17:40:08 - [MESSAGE][WARNING] - A browser is already opened. Closing browser and opening a new one

2019-06-27 17:40:08 - [MESSAGE][INFO] - Starting 'Chrome' driver

2019-06-27 17:40:08 - [MESSAGE][INFO] - User set preference: ['args', '[--use-fake-ui-for-media-stream, --start-maximized]']

2019-06-27 17:40:11 - [MESSAGE][PASSED] - Browser is opened with url: ''

2019-06-27 17:40:11 - [TEST_STEP][PASSED] - navigateToUrl(CCURL): Navigate to 'https://test14.cliotest.com/cabicentral/control/main' successfully

2019-06-27 17:40:21 - [MESSAGE][PASSED] - Navigate to 'https://test14.cliotest.com/cabicentral/control/main' successfully

2019-06-27 17:40:21 - [TEST_STEP][PASSED] - maximizeWindow(): Current window maximized

2019-06-27 17:40:22 - [MESSAGE][PASSED] - Current window maximized

2019-06-27 17:40:22 - [TEST_STEP][PASSED] - logOut = findWebElements(findTestObject("Object Repository/Page_cabi Home/log_out"), 1): Unable to find the element located by 'By.xpath: //a[contains(text(),'Log Out')]'. Please recheck the objects properties to make sure the desired element is located. 

2019-06-27 17:40:23 - [MESSAGE][INFO] - Unable to find the element located by 'By.xpath: //a[contains(text(),'Log Out')]'. Please recheck the objects properties to make sure the desired element is located. 

2019-06-27 17:40:23 - [TEST_STEP][PASSED] - if (logOut.size() == 0): Object: 'Object Repository/Page_cabi/input_Password_section-btn btn-stl-pk rFloat' is clicked on

2019-06-27 17:40:23 - [TEST_STEP][PASSED] - setText(findTestObject("Object Repository/Page_cabi/input_Username_USERNAME"), CCuser): Text 'ehudson' is set on object 'Object Repository/Page_cabi/input_Username_USERNAME'

2019-06-27 17:40:23 - [MESSAGE][PASSED] - Text 'ehudson' is set on object 'Object Repository/Page_cabi/input_Username_USERNAME'

2019-06-27 17:40:23 - [TEST_STEP][PASSED] - setText(findTestObject("Object Repository/Page_cabi/input_Password_PASSWORD"), CCpass): Text 'blackdress19' is set on object 'Object Repository/Page_cabi/input_Password_PASSWORD'

2019-06-27 17:40:23 - [MESSAGE][PASSED] - Text 'blackdress19' is set on object 'Object Repository/Page_cabi/input_Password_PASSWORD'

2019-06-27 17:40:23 - [TEST_STEP][PASSED] - delay(1): Delayed 1 second(s)

2019-06-27 17:40:24 - [MESSAGE][PASSED] - Delayed 1 second(s)

2019-06-27 17:40:24 - [TEST_STEP][PASSED] - click(findTestObject("Object Repository/Page_cabi/input_Password_section-btn btn-stl-pk rFloat")): Object: 'Object Repository/Page_cabi/input_Password_section-btn btn-stl-pk rFloat' is clicked on

2019-06-27 17:40:27 - [MESSAGE][PASSED] - Object: 'Object Repository/Page_cabi/input_Password_section-btn btn-stl-pk rFloat' is clicked on

2019-06-27 17:40:27 - [TEST_STEP][PASSED] - delay(3): Delayed 3 second(s)

2019-06-27 17:40:30 - [MESSAGE][PASSED] - Delayed 3 second(s)

2019-06-27 17:40:30 - [MESSAGE][PASSED] - Call Test Case 'Test Cases/TestCaseUtilities/cabiCentralLogin' successfully

2019-06-27 17:40:30 - [TEST_STEP][PASSED] - delay(3): Delayed 3 second(s)

2019-06-27 17:40:33 - [MESSAGE][PASSED] - Delayed 3 second(s)

2019-06-27 17:40:33 - [TEST_STEP][PASSED] - click(findTestObject("Page_cabi cabiCentral Tasks/a_ORDERS")): Object: 'Object Repository/Page_cabi cabiCentral Tasks/a_ORDERS' is clicked on

2019-06-27 17:40:34 - [MESSAGE][PASSED] - Object: 'Object Repository/Page_cabi cabiCentral Tasks/a_ORDERS' is clicked on

2019-06-27 17:40:34 - [TEST_STEP][PASSED] - delay(3): Delayed 3 second(s)

2019-06-27 17:40:37 - [MESSAGE][PASSED] - Delayed 3 second(s)

2019-06-27 17:40:37 - [TEST_STEP][PASSED] - click(findTestObject("Page_cabi Find Order/a_Create Order")): Object: 'Object Repository/Page_cabi Find Order/a_Create Order' is clicked on

2019-06-27 17:40:39 - [MESSAGE][PASSED] - Object: 'Object Repository/Page_cabi Find Order/a_Create Order' is clicked on

2019-06-27 17:40:39 - [TEST_STEP][PASSED] - selectOptionByValue(findTestObject("Page_cabi Create Order/select_order_type"), "PERSONAL", true): All options with value 'PERSONAL' are selected in object 'Object Repository/Page_cabi Create Order/select_order_type'  using regular expression

2019-06-27 17:40:39 - [MESSAGE][PASSED] - All options with value 'PERSONAL' are selected in object 'Object Repository/Page_cabi Create Order/select_order_type'  using regular expression

2019-06-27 17:40:39 - [TEST_STEP][PASSED] - click(findTestObject("Page_cabi Create Order/input_select_order_type")): Object: 'Object Repository/Page_cabi Create Order/input_select_order_type' is clicked on

2019-06-27 17:40:45 - [MESSAGE][PASSED] - Object: 'Object Repository/Page_cabi Create Order/input_select_order_type' is clicked on

2019-06-27 17:40:45 - [TEST_STEP][PASSED] - callTestCase(findTestCase("NewArrival/productVerifyShort"), ["available":CCPersonal, "storeType":"CCPersonal"], STOP_ON_FAILURE): Call Test Case 'Test Cases/NewArrival/productVerifyShort' successfully

2019-06-27 17:40:45 - [TEST_CASE][PASSED] - Test Cases/NewArrival/productVerifyShort: Test Cases/NewArrival/productVerifyShort

2019-06-27 17:40:45 - [TEST_STEP][PASSED] - for ([row = 1, row <= findTestData("productData").getRowNumbers(), (row++)]): Delayed 3 second(s)

2019-06-27 17:40:45 - [TEST_STEP][PASSED] - delay(2): Delayed 2 second(s)

2019-06-27 17:40:47 - [MESSAGE][PASSED] - Delayed 2 second(s)

2019-06-27 17:40:47 - [TEST_STEP][PASSED] - setText(findTestObject("Object Repository/Page_cabi Create Order/input_Manual Discount_stylelookup_0"), findTestData("productData").getValue("Style", row)): Text '5618' is set on object 'Object Repository/Page_cabi Create Order/input_Manual Discount_stylelookup_0'

2019-06-27 17:40:47 - [MESSAGE][PASSED] - Text '5618' is set on object 'Object Repository/Page_cabi Create Order/input_Manual Discount_stylelookup_0'

2019-06-27 17:40:47 - [TEST_STEP][PASSED] - delay(2): Delayed 2 second(s)

2019-06-27 17:40:49 - [MESSAGE][PASSED] - Delayed 2 second(s)

2019-06-27 17:40:49 - [TEST_STEP][PASSED] - prod_message = getText(findTestObject("Page_cabi Create Order/first_option")): Text of object 'Object Repository/Page_cabi Create Order/first_option' is: '5618 Breeze Dress'

2019-06-27 17:40:49 - [MESSAGE][PASSED] - Text of object 'Object Repository/Page_cabi Create Order/first_option' is: '5618 Breeze Dress'

2019-06-27 17:40:49 - [TEST_STEP][PASSED] - delay(1): Delayed 1 second(s)

2019-06-27 17:40:50 - [MESSAGE][PASSED] - Delayed 1 second(s)

2019-06-27 17:40:50 - [TEST_STEP][PASSED] - click(findTestObject("Page_cabi Create Order/first_option")): Object: 'Object Repository/Page_cabi Create Order/first_option' is clicked on

2019-06-27 17:40:51 - [MESSAGE][PASSED] - Object: 'Object Repository/Page_cabi Create Order/first_option' is clicked on

2019-06-27 17:40:51 - [TEST_STEP][PASSED] - if (toString().equalsIgnoreCase("no")): null

2019-06-27 17:40:51 - [TEST_STEP][PASSED] - else: Delayed 3 second(s)

2019-06-27 17:40:51 - [TEST_STEP][PASSED] - delay(3): Delayed 3 second(s)

2019-06-27 17:40:54 - [MESSAGE][PASSED] - Delayed 3 second(s)

2019-06-27 17:40:54 - [TEST_STEP][PASSED] - s1 = getValue("Style", row).toString(): null

2019-06-27 17:40:54 - [TEST_STEP][PASSED] - s2 = " ": null

2019-06-27 17:40:54 - [TEST_STEP][PASSED] - s3 = getValue("Description", row).toString(): null

2019-06-27 17:40:54 - [TEST_STEP][PASSED] - expectedStyleDescription = $s1$s2$s3: null

2019-06-27 17:40:54 - [TEST_STEP][PASSED] - prod_message = UtilityMethods.splitStyle(prod_message): null

2019-06-27 17:40:54 - [TEST_STEP][PASSED] - println(prod_message): null

2019-06-27 17:40:54 - [TEST_STEP][PASSED] - assert prod_message.equalsIgnoreCase(expectedStyleDescription): null

2019-06-27 17:40:54 - [TEST_STEP][PASSED] - delay(3): Delayed 3 second(s)

2019-06-27 17:40:57 - [MESSAGE][PASSED] - Delayed 3 second(s)

2019-06-27 17:40:57 - [TEST_STEP][PASSED] - colorOptions = findWebElements(findTestObject("Page_cabi Order Items/GetAttribute_Color"), 5): null

2019-06-27 17:40:57 - [TEST_STEP][PASSED] - println(colorOptions.size()): null

2019-06-27 17:40:57 - [TEST_STEP][PASSED] - expectedColour = findTestData("productData").getValue("Color", row): null

2019-06-27 17:40:57 - [TEST_STEP][PASSED] - println("expected colour is"): null

2019-06-27 17:40:57 - [TEST_STEP][PASSED] - println(expectedColour): null

2019-06-27 17:40:57 - [TEST_STEP][PASSED] - colourVerified = false: null

2019-06-27 17:40:57 - [TEST_STEP][PASSED] - for (org.openqa.selenium.WebElement op : colorOptions): null

2019-06-27 17:40:57 - [TEST_STEP][PASSED] - println(op.getText()): null

2019-06-27 17:40:57 - [TEST_STEP][PASSED] - if (expectedColour.equalsIgnoreCase(op.getText())): null

2019-06-27 17:40:57 - [TEST_STEP][PASSED] - colourVerified = true: null

2019-06-27 17:40:57 - [TEST_STEP][PASSED] - break: null

2019-06-27 17:40:57 - [TEST_STEP][PASSED] - assert colourVerified == true: null

2019-06-27 17:40:57 - [TEST_STEP][PASSED] - getPrice = getText(findTestObject("Page_cabi Create Order/retail_price")): Text of object 'Object Repository/Page_cabi Create Order/retail_price' is: '$119.00'

2019-06-27 17:40:57 - [MESSAGE][PASSED] - Text of object 'Object Repository/Page_cabi Create Order/retail_price' is: '$119.00'

2019-06-27 17:40:57 - [TEST_STEP][PASSED] - Split_Data = UtilityMethods.SplitData(getPrice): null

2019-06-27 17:40:57 - [TEST_STEP][PASSED] - verifyMatch(Split_Data, findTestData("productData").getValue("Retail", row), true): Actual text '119' and expected text '119' are matched  using regular expression

2019-06-27 17:40:57 - [MESSAGE][PASSED] - Actual text '119' and expected text '119' are matched  using regular expression

2019-06-27 17:40:57 - [TEST_STEP][PASSED] - sizeRange1 = ["XXS", "XS", "S", "M", "L", "XL"]: null

2019-06-27 17:40:57 - [TEST_STEP][PASSED] - sizeRange2 = ["00", "0", "2", "4", "6", "8", "10", "12", "14", "16"]: null

2019-06-27 17:40:57 - [TEST_STEP][PASSED] - sizeRange3 = ["Long", "Regular", "Short"]: null

2019-06-27 17:40:57 - [TEST_STEP][PASSED] - sizeRange4 = ["5", "6", "6.5", "7", "7.5", "8", "8.5", "9", "9.5", "10", "11"]: null

2019-06-27 17:40:57 - [TEST_STEP][PASSED] - sizeRangeSplit = UtilityMethods.SplitSizes(findTestData("productData").getValue("SzRange", row)): null

2019-06-27 17:40:57 - [TEST_STEP][PASSED] - sizeType = getText(findTestObject("Object Repository/Page_cabi Order Items/Size")): Text of object 'Object Repository/Page_cabi Order Items/Size' is: 'Select'

2019-06-27 17:40:57 - [MESSAGE][PASSED] - Text of object 'Object Repository/Page_cabi Order Items/Size' is: 'Select'

2019-06-27 17:40:57 - [TEST_STEP][PASSED] - sizeOptions = findWebElements(findTestObject("Object Repository/Page_cabi Order Items/Size"), 5): null

2019-06-27 17:40:57 - [TEST_STEP][PASSED] - actualRange = new java.util.ArrayList(): null

2019-06-27 17:40:57 - [TEST_STEP][PASSED] - expectedRange = <not implemented yet for class: org.codehaus.groovy.ast.expr.EmptyExpression>: null

2019-06-27 17:40:57 - [TEST_STEP][PASSED] - if (sizeType.equalsIgnoreCase("Select")): null

2019-06-27 17:40:57 - [TEST_STEP][PASSED] - for ([i = 1, i < sizeOptions.size(), (i++)]): null

2019-06-27 17:40:57 - [TEST_STEP][PASSED] - actualRange.add(get(i).getText()): null

2019-06-27 17:40:57 - [TEST_STEP][PASSED] - actualRange.add(get(i).getText()): null

2019-06-27 17:40:57 - [TEST_STEP][PASSED] - actualRange.add(get(i).getText()): null

2019-06-27 17:40:57 - [TEST_STEP][PASSED] - actualRange.add(get(i).getText()): null

2019-06-27 17:40:57 - [TEST_STEP][PASSED] - actualRange.add(get(i).getText()): null

2019-06-27 17:40:57 - [TEST_STEP][PASSED] - if (toString().equalsIgnoreCase("XS") || toString().equalsIgnoreCase("XXS")): null

2019-06-27 17:40:57 - [TEST_STEP][PASSED] - expectedRange = UtilityMethods.getExpectedRange(sizeRange1, sizeRangeSplit): null

2019-06-27 17:40:57 - [TEST_STEP][PASSED] - println("XS"): null

2019-06-27 17:40:57 - [TEST_STEP][PASSED] - println(expectedRange.toString()): null

2019-06-27 17:40:57 - [TEST_STEP][PASSED] - assert UtilityMethods.listEquals(expectedRange, actualRange) == true: null

2019-06-27 17:40:57 - [TEST_STEP][PASSED] - delay(3): Delayed 3 second(s)

2019-06-27 17:41:00 - [MESSAGE][PASSED] - Delayed 3 second(s)

2019-06-27 17:41:00 - [MESSAGE][PASSED] - Call Test Case 'Test Cases/NewArrival/productVerifyShort' successfully

2019-06-27 17:41:00 - [TEST_STEP][PASSED] - click(findTestObject("Page_cabi Find Order/a_Create Order")): Object: 'Object Repository/Page_cabi Find Order/a_Create Order' is clicked on

2019-06-27 17:41:02 - [MESSAGE][PASSED] - Object: 'Object Repository/Page_cabi Find Order/a_Create Order' is clicked on

2019-06-27 17:41:02 - [TEST_STEP][PASSED] - selectOptionByValue(findTestObject("Page_cabi Create Order/select_order_type"), "RETAIL", true): All options with value 'RETAIL' are selected in object 'Object Repository/Page_cabi Create Order/select_order_type'  using regular expression

2019-06-27 17:41:03 - [MESSAGE][PASSED] - All options with value 'RETAIL' are selected in object 'Object Repository/Page_cabi Create Order/select_order_type'  using regular expression

2019-06-27 17:41:03 - [TEST_STEP][PASSED] - click(findTestObject("Page_cabi Create Order/input_select_order_type")): Object: 'Object Repository/Page_cabi Create Order/input_select_order_type' is clicked on

2019-06-27 17:41:04 - [MESSAGE][PASSED] - Object: 'Object Repository/Page_cabi Create Order/input_select_order_type' is clicked on

2019-06-27 17:41:04 - [TEST_STEP][PASSED] - callTestCase(findTestCase("NewArrival/productVerifyShort"), ["available":CCRetail], STOP_ON_FAILURE): Call Test Case 'Test Cases/NewArrival/productVerifyShort' successfully

2019-06-27 17:41:04 - [TEST_CASE][PASSED] - Test Cases/NewArrival/productVerifyShort: Test Cases/NewArrival/productVerifyShort

2019-06-27 17:41:04 - [TEST_STEP][PASSED] - for ([row = 1, row <= findTestData("productData").getRowNumbers(), (row++)]): Delayed 3 second(s)

2019-06-27 17:41:04 - [TEST_STEP][PASSED] - delay(2): Delayed 2 second(s)

2019-06-27 17:41:06 - [MESSAGE][PASSED] - Delayed 2 second(s)

2019-06-27 17:41:06 - [TEST_STEP][PASSED] - setText(findTestObject("Object Repository/Page_cabi Create Order/input_Manual Discount_stylelookup_0"), findTestData("productData").getValue("Style", row)): Text '5618' is set on object 'Object Repository/Page_cabi Create Order/input_Manual Discount_stylelookup_0'

2019-06-27 17:41:07 - [MESSAGE][PASSED] - Text '5618' is set on object 'Object Repository/Page_cabi Create Order/input_Manual Discount_stylelookup_0'

2019-06-27 17:41:07 - [TEST_STEP][PASSED] - delay(2): Delayed 2 second(s)

2019-06-27 17:41:09 - [MESSAGE][PASSED] - Delayed 2 second(s)

2019-06-27 17:41:09 - [TEST_STEP][PASSED] - prod_message = getText(findTestObject("Page_cabi Create Order/first_option")): Text of object 'Object Repository/Page_cabi Create Order/first_option' is: '5618 Breeze Dress'

2019-06-27 17:41:09 - [MESSAGE][PASSED] - Text of object 'Object Repository/Page_cabi Create Order/first_option' is: '5618 Breeze Dress'

2019-06-27 17:41:09 - [TEST_STEP][PASSED] - delay(1): Delayed 1 second(s)

2019-06-27 17:41:10 - [MESSAGE][PASSED] - Delayed 1 second(s)

2019-06-27 17:41:10 - [TEST_STEP][PASSED] - click(findTestObject("Page_cabi Create Order/first_option")): Object: 'Object Repository/Page_cabi Create Order/first_option' is clicked on

2019-06-27 17:41:10 - [MESSAGE][PASSED] - Object: 'Object Repository/Page_cabi Create Order/first_option' is clicked on

2019-06-27 17:41:10 - [TEST_STEP][PASSED] - if (toString().equalsIgnoreCase("no")): null

2019-06-27 17:41:10 - [TEST_STEP][PASSED] - else: Delayed 3 second(s)

2019-06-27 17:41:10 - [TEST_STEP][PASSED] - delay(3): Delayed 3 second(s)

2019-06-27 17:41:13 - [MESSAGE][PASSED] - Delayed 3 second(s)

2019-06-27 17:41:13 - [TEST_STEP][PASSED] - s1 = getValue("Style", row).toString(): null

2019-06-27 17:41:13 - [TEST_STEP][PASSED] - s2 = " ": null

2019-06-27 17:41:13 - [TEST_STEP][PASSED] - s3 = getValue("Description", row).toString(): null

2019-06-27 17:41:13 - [TEST_STEP][PASSED] - expectedStyleDescription = $s1$s2$s3: null

2019-06-27 17:41:13 - [TEST_STEP][PASSED] - prod_message = UtilityMethods.splitStyle(prod_message): null

2019-06-27 17:41:13 - [TEST_STEP][PASSED] - println(prod_message): null

2019-06-27 17:41:13 - [TEST_STEP][PASSED] - assert prod_message.equalsIgnoreCase(expectedStyleDescription): null

2019-06-27 17:41:13 - [TEST_STEP][PASSED] - delay(3): Delayed 3 second(s)

2019-06-27 17:41:16 - [MESSAGE][PASSED] - Delayed 3 second(s)

2019-06-27 17:41:16 - [TEST_STEP][PASSED] - colorOptions = findWebElements(findTestObject("Page_cabi Order Items/GetAttribute_Color"), 5): null

2019-06-27 17:41:16 - [TEST_STEP][PASSED] - println(colorOptions.size()): null

2019-06-27 17:41:16 - [TEST_STEP][PASSED] - expectedColour = findTestData("productData").getValue("Color", row): null

2019-06-27 17:41:16 - [TEST_STEP][PASSED] - println("expected colour is"): null

2019-06-27 17:41:16 - [TEST_STEP][PASSED] - println(expectedColour): null

2019-06-27 17:41:16 - [TEST_STEP][PASSED] - colourVerified = false: null

2019-06-27 17:41:16 - [TEST_STEP][PASSED] - for (org.openqa.selenium.WebElement op : colorOptions): null

2019-06-27 17:41:16 - [TEST_STEP][PASSED] - println(op.getText()): null

2019-06-27 17:41:16 - [TEST_STEP][PASSED] - if (expectedColour.equalsIgnoreCase(op.getText())): null

2019-06-27 17:41:16 - [TEST_STEP][PASSED] - colourVerified = true: null

2019-06-27 17:41:16 - [TEST_STEP][PASSED] - break: null

2019-06-27 17:41:16 - [TEST_STEP][PASSED] - assert colourVerified == true: null

2019-06-27 17:41:16 - [TEST_STEP][PASSED] - getPrice = getText(findTestObject("Page_cabi Create Order/retail_price")): Text of object 'Object Repository/Page_cabi Create Order/retail_price' is: '$119.00'

2019-06-27 17:41:16 - [MESSAGE][PASSED] - Text of object 'Object Repository/Page_cabi Create Order/retail_price' is: '$119.00'

2019-06-27 17:41:16 - [TEST_STEP][PASSED] - Split_Data = UtilityMethods.SplitData(getPrice): null

2019-06-27 17:41:16 - [TEST_STEP][PASSED] - verifyMatch(Split_Data, findTestData("productData").getValue("Retail", row), true): Actual text '119' and expected text '119' are matched  using regular expression

2019-06-27 17:41:16 - [MESSAGE][PASSED] - Actual text '119' and expected text '119' are matched  using regular expression

2019-06-27 17:41:16 - [TEST_STEP][PASSED] - sizeRange1 = ["XXS", "XS", "S", "M", "L", "XL"]: null

2019-06-27 17:41:16 - [TEST_STEP][PASSED] - sizeRange2 = ["00", "0", "2", "4", "6", "8", "10", "12", "14", "16"]: null

2019-06-27 17:41:16 - [TEST_STEP][PASSED] - sizeRange3 = ["Long", "Regular", "Short"]: null

2019-06-27 17:41:16 - [TEST_STEP][PASSED] - sizeRange4 = ["5", "6", "6.5", "7", "7.5", "8", "8.5", "9", "9.5", "10", "11"]: null

2019-06-27 17:41:16 - [TEST_STEP][PASSED] - sizeRangeSplit = UtilityMethods.SplitSizes(findTestData("productData").getValue("SzRange", row)): null

2019-06-27 17:41:16 - [TEST_STEP][PASSED] - sizeType = getText(findTestObject("Object Repository/Page_cabi Order Items/Size")): Text of object 'Object Repository/Page_cabi Order Items/Size' is: 'Select'

2019-06-27 17:41:16 - [MESSAGE][PASSED] - Text of object 'Object Repository/Page_cabi Order Items/Size' is: 'Select'

2019-06-27 17:41:16 - [TEST_STEP][PASSED] - sizeOptions = findWebElements(findTestObject("Object Repository/Page_cabi Order Items/Size"), 5): null

2019-06-27 17:41:16 - [TEST_STEP][PASSED] - actualRange = new java.util.ArrayList(): null

2019-06-27 17:41:16 - [TEST_STEP][PASSED] - expectedRange = <not implemented yet for class: org.codehaus.groovy.ast.expr.EmptyExpression>: null

2019-06-27 17:41:16 - [TEST_STEP][PASSED] - if (sizeType.equalsIgnoreCase("Select")): null

2019-06-27 17:41:16 - [TEST_STEP][PASSED] - for ([i = 1, i < sizeOptions.size(), (i++)]): null

2019-06-27 17:41:16 - [TEST_STEP][PASSED] - actualRange.add(get(i).getText()): null

2019-06-27 17:41:16 - [TEST_STEP][PASSED] - actualRange.add(get(i).getText()): null

2019-06-27 17:41:16 - [TEST_STEP][PASSED] - actualRange.add(get(i).getText()): null

2019-06-27 17:41:16 - [TEST_STEP][PASSED] - actualRange.add(get(i).getText()): null

2019-06-27 17:41:16 - [TEST_STEP][PASSED] - actualRange.add(get(i).getText()): null

2019-06-27 17:41:16 - [TEST_STEP][PASSED] - if (toString().equalsIgnoreCase("XS") || toString().equalsIgnoreCase("XXS")): null

2019-06-27 17:41:16 - [TEST_STEP][PASSED] - expectedRange = UtilityMethods.getExpectedRange(sizeRange1, sizeRangeSplit): null

2019-06-27 17:41:16 - [TEST_STEP][PASSED] - println("XS"): null

2019-06-27 17:41:16 - [TEST_STEP][PASSED] - println(expectedRange.toString()): null

2019-06-27 17:41:16 - [TEST_STEP][PASSED] - assert UtilityMethods.listEquals(expectedRange, actualRange) == true: null

2019-06-27 17:41:16 - [TEST_STEP][PASSED] - delay(3): Delayed 3 second(s)

2019-06-27 17:41:19 - [MESSAGE][PASSED] - Delayed 3 second(s)

2019-06-27 17:41:19 - [MESSAGE][PASSED] - Call Test Case 'Test Cases/NewArrival/productVerifyShort' successfully

2019-06-27 17:41:19 - [TEST_STEP][PASSED] - click(findTestObject("Page_cabi Find Order/a_Create Order")): Object: 'Object Repository/Page_cabi Find Order/a_Create Order' is clicked on

2019-06-27 17:41:22 - [MESSAGE][PASSED] - Object: 'Object Repository/Page_cabi Find Order/a_Create Order' is clicked on

2019-06-27 17:41:22 - [TEST_STEP][PASSED] - selectOptionByValue(findTestObject("Page_cabi Create Order/select_order_type"), "SHOW", true): All options with value 'SHOW' are selected in object 'Object Repository/Page_cabi Create Order/select_order_type'  using regular expression

2019-06-27 17:41:22 - [MESSAGE][PASSED] - All options with value 'SHOW' are selected in object 'Object Repository/Page_cabi Create Order/select_order_type'  using regular expression

2019-06-27 17:41:22 - [TEST_STEP][PASSED] - click(findTestObject("Page_cabi Create Order/input_select_order_type")): Object: 'Object Repository/Page_cabi Create Order/input_select_order_type' is clicked on

2019-06-27 17:41:25 - [MESSAGE][PASSED] - Object: 'Object Repository/Page_cabi Create Order/input_select_order_type' is clicked on

2019-06-27 17:41:25 - [TEST_STEP][PASSED] - callTestCase(findTestCase("NewArrival/productVerifyShort"), ["available":CCShow], STOP_ON_FAILURE): Call Test Case 'Test Cases/NewArrival/productVerifyShort' successfully

2019-06-27 17:41:25 - [TEST_CASE][PASSED] - Test Cases/NewArrival/productVerifyShort: Test Cases/NewArrival/productVerifyShort

2019-06-27 17:41:25 - [TEST_STEP][PASSED] - for ([row = 1, row <= findTestData("productData").getRowNumbers(), (row++)]): Delayed 3 second(s)

2019-06-27 17:41:25 - [TEST_STEP][PASSED] - delay(2): Delayed 2 second(s)

2019-06-27 17:41:27 - [MESSAGE][PASSED] - Delayed 2 second(s)

2019-06-27 17:41:27 - [TEST_STEP][PASSED] - setText(findTestObject("Object Repository/Page_cabi Create Order/input_Manual Discount_stylelookup_0"), findTestData("productData").getValue("Style", row)): Text '5618' is set on object 'Object Repository/Page_cabi Create Order/input_Manual Discount_stylelookup_0'

2019-06-27 17:41:28 - [MESSAGE][PASSED] - Text '5618' is set on object 'Object Repository/Page_cabi Create Order/input_Manual Discount_stylelookup_0'

2019-06-27 17:41:28 - [TEST_STEP][PASSED] - delay(2): Delayed 2 second(s)

2019-06-27 17:41:30 - [MESSAGE][PASSED] - Delayed 2 second(s)

2019-06-27 17:41:30 - [TEST_STEP][PASSED] - prod_message = getText(findTestObject("Page_cabi Create Order/first_option")): Text of object 'Object Repository/Page_cabi Create Order/first_option' is: '5618 Breeze Dress'

2019-06-27 17:41:30 - [MESSAGE][PASSED] - Text of object 'Object Repository/Page_cabi Create Order/first_option' is: '5618 Breeze Dress'

2019-06-27 17:41:30 - [TEST_STEP][PASSED] - delay(1): Delayed 1 second(s)

2019-06-27 17:41:31 - [MESSAGE][PASSED] - Delayed 1 second(s)

2019-06-27 17:41:31 - [TEST_STEP][PASSED] - click(findTestObject("Page_cabi Create Order/first_option")): Object: 'Object Repository/Page_cabi Create Order/first_option' is clicked on

2019-06-27 17:41:31 - [MESSAGE][PASSED] - Object: 'Object Repository/Page_cabi Create Order/first_option' is clicked on

2019-06-27 17:41:31 - [TEST_STEP][PASSED] - if (toString().equalsIgnoreCase("no")): null

2019-06-27 17:41:31 - [TEST_STEP][PASSED] - else: Delayed 3 second(s)

2019-06-27 17:41:31 - [TEST_STEP][PASSED] - delay(3): Delayed 3 second(s)

2019-06-27 17:41:34 - [MESSAGE][PASSED] - Delayed 3 second(s)

2019-06-27 17:41:34 - [TEST_STEP][PASSED] - s1 = getValue("Style", row).toString(): null

2019-06-27 17:41:34 - [TEST_STEP][PASSED] - s2 = " ": null

2019-06-27 17:41:34 - [TEST_STEP][PASSED] - s3 = getValue("Description", row).toString(): null

2019-06-27 17:41:34 - [TEST_STEP][PASSED] - expectedStyleDescription = $s1$s2$s3: null

2019-06-27 17:41:34 - [TEST_STEP][PASSED] - prod_message = UtilityMethods.splitStyle(prod_message): null

2019-06-27 17:41:34 - [TEST_STEP][PASSED] - println(prod_message): null

2019-06-27 17:41:34 - [TEST_STEP][PASSED] - assert prod_message.equalsIgnoreCase(expectedStyleDescription): null

2019-06-27 17:41:34 - [TEST_STEP][PASSED] - delay(3): Delayed 3 second(s)

2019-06-27 17:41:37 - [MESSAGE][PASSED] - Delayed 3 second(s)

2019-06-27 17:41:37 - [TEST_STEP][PASSED] - colorOptions = findWebElements(findTestObject("Page_cabi Order Items/GetAttribute_Color"), 5): null

2019-06-27 17:41:37 - [TEST_STEP][PASSED] - println(colorOptions.size()): null

2019-06-27 17:41:37 - [TEST_STEP][PASSED] - expectedColour = findTestData("productData").getValue("Color", row): null

2019-06-27 17:41:37 - [TEST_STEP][PASSED] - println("expected colour is"): null

2019-06-27 17:41:37 - [TEST_STEP][PASSED] - println(expectedColour): null

2019-06-27 17:41:37 - [TEST_STEP][PASSED] - colourVerified = false: null

2019-06-27 17:41:37 - [TEST_STEP][PASSED] - for (org.openqa.selenium.WebElement op : colorOptions): null

2019-06-27 17:41:37 - [TEST_STEP][PASSED] - println(op.getText()): null

2019-06-27 17:41:37 - [TEST_STEP][PASSED] - if (expectedColour.equalsIgnoreCase(op.getText())): null

2019-06-27 17:41:37 - [TEST_STEP][PASSED] - colourVerified = true: null

2019-06-27 17:41:37 - [TEST_STEP][PASSED] - break: null

2019-06-27 17:41:37 - [TEST_STEP][PASSED] - assert colourVerified == true: null

2019-06-27 17:41:37 - [TEST_STEP][PASSED] - getPrice = getText(findTestObject("Page_cabi Create Order/retail_price")): Text of object 'Object Repository/Page_cabi Create Order/retail_price' is: '$119.00'

2019-06-27 17:41:37 - [MESSAGE][PASSED] - Text of object 'Object Repository/Page_cabi Create Order/retail_price' is: '$119.00'

2019-06-27 17:41:37 - [TEST_STEP][PASSED] - Split_Data = UtilityMethods.SplitData(getPrice): null

2019-06-27 17:41:37 - [TEST_STEP][PASSED] - verifyMatch(Split_Data, findTestData("productData").getValue("Retail", row), true): Actual text '119' and expected text '119' are matched  using regular expression

2019-06-27 17:41:37 - [MESSAGE][PASSED] - Actual text '119' and expected text '119' are matched  using regular expression

2019-06-27 17:41:37 - [TEST_STEP][PASSED] - sizeRange1 = ["XXS", "XS", "S", "M", "L", "XL"]: null

2019-06-27 17:41:37 - [TEST_STEP][PASSED] - sizeRange2 = ["00", "0", "2", "4", "6", "8", "10", "12", "14", "16"]: null

2019-06-27 17:41:37 - [TEST_STEP][PASSED] - sizeRange3 = ["Long", "Regular", "Short"]: null

2019-06-27 17:41:37 - [TEST_STEP][PASSED] - sizeRange4 = ["5", "6", "6.5", "7", "7.5", "8", "8.5", "9", "9.5", "10", "11"]: null

2019-06-27 17:41:37 - [TEST_STEP][PASSED] - sizeRangeSplit = UtilityMethods.SplitSizes(findTestData("productData").getValue("SzRange", row)): null

2019-06-27 17:41:37 - [TEST_STEP][PASSED] - sizeType = getText(findTestObject("Object Repository/Page_cabi Order Items/Size")): Text of object 'Object Repository/Page_cabi Order Items/Size' is: 'Select'

2019-06-27 17:41:37 - [MESSAGE][PASSED] - Text of object 'Object Repository/Page_cabi Order Items/Size' is: 'Select'

2019-06-27 17:41:37 - [TEST_STEP][PASSED] - sizeOptions = findWebElements(findTestObject("Object Repository/Page_cabi Order Items/Size"), 5): null

2019-06-27 17:41:37 - [TEST_STEP][PASSED] - actualRange = new java.util.ArrayList(): null

2019-06-27 17:41:37 - [TEST_STEP][PASSED] - expectedRange = <not implemented yet for class: org.codehaus.groovy.ast.expr.EmptyExpression>: null

2019-06-27 17:41:37 - [TEST_STEP][PASSED] - if (sizeType.equalsIgnoreCase("Select")): null

2019-06-27 17:41:37 - [TEST_STEP][PASSED] - for ([i = 1, i < sizeOptions.size(), (i++)]): null

2019-06-27 17:41:37 - [TEST_STEP][PASSED] - actualRange.add(get(i).getText()): null

2019-06-27 17:41:37 - [TEST_STEP][PASSED] - actualRange.add(get(i).getText()): null

2019-06-27 17:41:37 - [TEST_STEP][PASSED] - actualRange.add(get(i).getText()): null

2019-06-27 17:41:37 - [TEST_STEP][PASSED] - actualRange.add(get(i).getText()): null

2019-06-27 17:41:37 - [TEST_STEP][PASSED] - actualRange.add(get(i).getText()): null

2019-06-27 17:41:37 - [TEST_STEP][PASSED] - if (toString().equalsIgnoreCase("XS") || toString().equalsIgnoreCase("XXS")): null

2019-06-27 17:41:37 - [TEST_STEP][PASSED] - expectedRange = UtilityMethods.getExpectedRange(sizeRange1, sizeRangeSplit): null

2019-06-27 17:41:37 - [TEST_STEP][PASSED] - println("XS"): null

2019-06-27 17:41:37 - [TEST_STEP][PASSED] - println(expectedRange.toString()): null

2019-06-27 17:41:37 - [TEST_STEP][PASSED] - assert UtilityMethods.listEquals(expectedRange, actualRange) == true: null

2019-06-27 17:41:37 - [TEST_STEP][PASSED] - delay(3): Delayed 3 second(s)

2019-06-27 17:41:40 - [MESSAGE][PASSED] - Delayed 3 second(s)

2019-06-27 17:41:40 - [MESSAGE][PASSED] - Call Test Case 'Test Cases/NewArrival/productVerifyShort' successfully]]></system-out>
         <system-err><![CDATA[]]></system-err>
      </testcase>
      <testcase name="Test Cases/NewArrival/addOnOrderRetail" classname="Test Cases/NewArrival/addOnOrderRetail" status="FAILED">
         <failure type="FAILED" message="Test Cases/NewArrival/addOnOrderRetail FAILED.
Reason:
Assertion failed: 

assert orderSuccess == true
       |            |
       false        false

	at addOnOrderRetail.run(addOnOrderRetail:193)
	at com.kms.katalon.core.main.ScriptEngine.run(ScriptEngine.java:194)
	at com.kms.katalon.core.main.ScriptEngine.runScriptAsRawText(ScriptEngine.java:119)
	at com.kms.katalon.core.main.TestCaseExecutor.runScript(TestCaseExecutor.java:342)
	at com.kms.katalon.core.main.TestCaseExecutor.doExecute(TestCaseExecutor.java:333)
	at com.kms.katalon.core.main.TestCaseExecutor.processExecutionPhase(TestCaseExecutor.java:312)
	at com.kms.katalon.core.main.TestCaseExecutor.accessMainPhase(TestCaseExecutor.java:304)
	at com.kms.katalon.core.main.TestCaseExecutor.execute(TestCaseExecutor.java:238)
	at com.kms.katalon.core.main.TestSuiteExecutor.accessTestCaseMainPhase(TestSuiteExecutor.java:129)
	at com.kms.katalon.core.main.TestSuiteExecutor.accessTestSuiteMainPhase(TestSuiteExecutor.java:112)
	at com.kms.katalon.core.main.TestSuiteExecutor.execute(TestSuiteExecutor.java:81)
	at com.kms.katalon.core.main.TestCaseMain.startTestSuite(TestCaseMain.java:157)
	at com.kms.katalon.core.main.TestCaseMain$startTestSuite$0.call(Unknown Source)
	at TempTestSuite1561635994222.run(TempTestSuite1561635994222.groovy:35)
"/>
         <system-out><![CDATA[2019-06-27 17:41:40 - [TEST_CASE][FAILED] - Test Cases/NewArrival/addOnOrderRetail: Test Cases/NewArrival/addOnOrderRetail FAILED.
Reason:
Assertion failed: 

assert orderSuccess == true
       |            |
       false        false

	at addOnOrderRetail.run(addOnOrderRetail:193)
	at com.kms.katalon.core.main.ScriptEngine.run(ScriptEngine.java:194)
	at com.kms.katalon.core.main.ScriptEngine.runScriptAsRawText(ScriptEngine.java:119)
	at com.kms.katalon.core.main.TestCaseExecutor.runScript(TestCaseExecutor.java:342)
	at com.kms.katalon.core.main.TestCaseExecutor.doExecute(TestCaseExecutor.java:333)
	at com.kms.katalon.core.main.TestCaseExecutor.processExecutionPhase(TestCaseExecutor.java:312)
	at com.kms.katalon.core.main.TestCaseExecutor.accessMainPhase(TestCaseExecutor.java:304)
	at com.kms.katalon.core.main.TestCaseExecutor.execute(TestCaseExecutor.java:238)
	at com.kms.katalon.core.main.TestSuiteExecutor.accessTestCaseMainPhase(TestSuiteExecutor.java:129)
	at com.kms.katalon.core.main.TestSuiteExecutor.accessTestSuiteMainPhase(TestSuiteExecutor.java:112)
	at com.kms.katalon.core.main.TestSuiteExecutor.execute(TestSuiteExecutor.java:81)
	at com.kms.katalon.core.main.TestCaseMain.startTestSuite(TestCaseMain.java:157)
	at com.kms.katalon.core.main.TestCaseMain$startTestSuite$0.call(Unknown Source)
	at TempTestSuite1561635994222.run(TempTestSuite1561635994222.groovy:35)


2019-06-27 17:41:40 - [TEST_STEP][PASSED] - Start listener action : sampleBeforeTestCase: null

2019-06-27 17:41:40 - [TEST_STEP][PASSED] - println(testCaseContext.getTestCaseId()): null

2019-06-27 17:41:40 - [TEST_STEP][PASSED] - println(testCaseContext.getTestCaseVariables()): null

2019-06-27 17:41:41 - [TEST_STEP][PASSED] - openBrowser(""): Browser is opened with url: ''

2019-06-27 17:41:41 - [MESSAGE][WARNING] - A browser is already opened. Closing browser and opening a new one

2019-06-27 17:41:41 - [MESSAGE][INFO] - Starting 'Chrome' driver

2019-06-27 17:41:41 - [MESSAGE][INFO] - User set preference: ['args', '[--use-fake-ui-for-media-stream, --start-maximized]']

2019-06-27 17:41:44 - [MESSAGE][PASSED] - Browser is opened with url: ''

2019-06-27 17:41:44 - [TEST_STEP][PASSED] - addOnStyle = findTestData("miscData").getValue("addOnStyle", 1): null

2019-06-27 17:41:44 - [TEST_STEP][FAILED] - for ([timeRow = 1, timeRow <= findTestData("timezoneData").getRowNumbers(), (timeRow++)]): for ([timeRow = 1, timeRow <= findTestData("timezoneData").getRowNumbers(), (timeRow++)]) FAILED.
Reason:
Assertion failed: 

assert orderSuccess == true
       |            |
       false        false

	at addOnOrderRetail.run(addOnOrderRetail:193)
	at com.kms.katalon.core.main.ScriptEngine.run(ScriptEngine.java:194)
	at com.kms.katalon.core.main.ScriptEngine.runScriptAsRawText(ScriptEngine.java:119)
	at com.kms.katalon.core.main.TestCaseExecutor.runScript(TestCaseExecutor.java:342)
	at com.kms.katalon.core.main.TestCaseExecutor.doExecute(TestCaseExecutor.java:333)
	at com.kms.katalon.core.main.TestCaseExecutor.processExecutionPhase(TestCaseExecutor.java:312)
	at com.kms.katalon.core.main.TestCaseExecutor.accessMainPhase(TestCaseExecutor.java:304)
	at com.kms.katalon.core.main.TestCaseExecutor.execute(TestCaseExecutor.java:238)
	at com.kms.katalon.core.main.TestSuiteExecutor.accessTestCaseMainPhase(TestSuiteExecutor.java:129)
	at com.kms.katalon.core.main.TestSuiteExecutor.accessTestSuiteMainPhase(TestSuiteExecutor.java:112)
	at com.kms.katalon.core.main.TestSuiteExecutor.execute(TestSuiteExecutor.java:81)
	at com.kms.katalon.core.main.TestCaseMain.startTestSuite(TestCaseMain.java:157)
	at com.kms.katalon.core.main.TestCaseMain$startTestSuite$0.call(Unknown Source)
	at TempTestSuite1561635994222.run(TempTestSuite1561635994222.groovy:35)


2019-06-27 17:41:44 - [TEST_STEP][PASSED] - callTestCase(findTestCase("NewArrival/populateTimeGlobalVars"), ["row":timeRow], STOP_ON_FAILURE): Call Test Case 'Test Cases/NewArrival/populateTimeGlobalVars' successfully

2019-06-27 17:41:44 - [TEST_CASE][PASSED] - Test Cases/NewArrival/populateTimeGlobalVars: Test Cases/NewArrival/populateTimeGlobalVars

2019-06-27 17:41:44 - [TEST_STEP][PASSED] - dataFile = "timezoneData": null

2019-06-27 17:41:44 - [TEST_STEP][PASSED] - serverTarget = UtilityMethods.getTestData(dataFile, "serverTarget", row): null

2019-06-27 17:41:44 - [TEST_STEP][PASSED] - orderType = UtilityMethods.getTestData(dataFile, "orderType", row): null

2019-06-27 17:41:44 - [TEST_STEP][PASSED] - timeZone = UtilityMethods.getTestData(dataFile, "timeZone", row): null

2019-06-27 17:41:44 - [TEST_STEP][PASSED] - BOPersonal = UtilityMethods.getTestData(dataFile, "BOPersonal", row): null

2019-06-27 17:41:44 - [TEST_STEP][PASSED] - BOAddonPersonal = UtilityMethods.getTestData(dataFile, "BOAddonPersonal", row): null

2019-06-27 17:41:44 - [TEST_STEP][PASSED] - BOAddonRetail = UtilityMethods.getTestData(dataFile, "BOAddonRetail", row): null

2019-06-27 17:41:44 - [TEST_STEP][PASSED] - BORetail = UtilityMethods.getTestData(dataFile, "BORetail", row): null

2019-06-27 17:41:44 - [TEST_STEP][PASSED] - BOShow = UtilityMethods.getTestData(dataFile, "BOShow", row): null

2019-06-27 17:41:44 - [TEST_STEP][PASSED] - BOOnlineoutlet = UtilityMethods.getTestData(dataFile, "BOOnlineoutlet", row): null

2019-06-27 17:41:44 - [TEST_STEP][PASSED] - BOEmployee = UtilityMethods.getTestData(dataFile, "BOEmployee", row): null

2019-06-27 17:41:44 - [TEST_STEP][PASSED] - CCPersonal = UtilityMethods.getTestData(dataFile, "CCPersonal", row): null

2019-06-27 17:41:44 - [TEST_STEP][PASSED] - CCRetail = UtilityMethods.getTestData(dataFile, "CCRetail", row): null

2019-06-27 17:41:44 - [TEST_STEP][PASSED] - CCShow = UtilityMethods.getTestData(dataFile, "CCShow", row): null

2019-06-27 17:41:44 - [TEST_STEP][PASSED] - BOEblast = UtilityMethods.getTestData(dataFile, "BOEblast", row): null

2019-06-27 17:41:44 - [MESSAGE][PASSED] - Call Test Case 'Test Cases/NewArrival/populateTimeGlobalVars' successfully

2019-06-27 17:41:44 - [TEST_STEP][PASSED] - callTestCase(findTestCase("NewArrival/setTimezone"), ["ofbizURL":"", "ofbizuser":"", "ofbizpass":"", "orderType":orderType, "timeZone":timeZone, "serverTarget":serverTarget], STOP_ON_FAILURE): Call Test Case 'Test Cases/NewArrival/setTimezone' successfully

2019-06-27 17:41:44 - [TEST_CASE][PASSED] - Test Cases/NewArrival/setTimezone: Test Cases/NewArrival/setTimezone

2019-06-27 17:41:44 - [TEST_STEP][NOT_RUN] - openBrowser(""): NOT_RUN: openBrowser("")

2019-06-27 17:41:44 - [MESSAGE][NOT_RUN] - NOT_RUN: openBrowser("")

2019-06-27 17:41:44 - [TEST_STEP][NOT_RUN] - maximizeWindow(): NOT_RUN: maximizeWindow()

2019-06-27 17:41:44 - [MESSAGE][NOT_RUN] - NOT_RUN: maximizeWindow()

2019-06-27 17:41:44 - [TEST_STEP][PASSED] - ofbizURL = findTestData("credData").getValue("ofbizURL", 1): null

2019-06-27 17:41:44 - [TEST_STEP][PASSED] - ofbizuser = findTestData("credData").getValue("ofbizuser", 1): null

2019-06-27 17:41:44 - [TEST_STEP][PASSED] - ofbizpass = findTestData("credData").getValue("ofbizpass", 1): null

2019-06-27 17:41:44 - [TEST_STEP][PASSED] - navigateToUrl(ofbizURL): Navigate to 'https://pushofbiz.cliotest.com/login.php' successfully

2019-06-27 17:41:47 - [MESSAGE][PASSED] - Navigate to 'https://pushofbiz.cliotest.com/login.php' successfully

2019-06-27 17:41:47 - [TEST_STEP][PASSED] - setText(findTestObject("Page_/input_Username_username"), ofbizuser): Text 'automation' is set on object 'Object Repository/Page_/input_Username_username'

2019-06-27 17:41:47 - [MESSAGE][PASSED] - Text 'automation' is set on object 'Object Repository/Page_/input_Username_username'

2019-06-27 17:41:47 - [TEST_STEP][PASSED] - setText(findTestObject("Page_/input_Password_password"), ofbizpass): Text 'cabiautomation' is set on object 'Object Repository/Page_/input_Password_password'

2019-06-27 17:41:47 - [MESSAGE][PASSED] - Text 'cabiautomation' is set on object 'Object Repository/Page_/input_Password_password'

2019-06-27 17:41:47 - [TEST_STEP][PASSED] - click(findTestObject("Page_/input_Password_Submit")): Object: 'Object Repository/Page_/input_Password_Submit' is clicked on

2019-06-27 17:41:51 - [MESSAGE][PASSED] - Object: 'Object Repository/Page_/input_Password_Submit' is clicked on

2019-06-27 17:41:51 - [TEST_STEP][PASSED] - click(findTestObject("Object Repository/Page_/a_Clock set")): Object: 'Object Repository/Page_/a_Clock set' is clicked on

2019-06-27 17:41:51 - [MESSAGE][PASSED] - Object: 'Object Repository/Page_/a_Clock set' is clicked on

2019-06-27 17:41:51 - [TEST_STEP][PASSED] - click(UtilityMethods.createTestObject("select_target", "//select[@name='Target']/option[contains(text(), '", serverTarget, "')]")): Object: 'select_target' is clicked on

2019-06-27 17:41:51 - [MESSAGE][PASSED] - Object: 'select_target' is clicked on

2019-06-27 17:41:51 - [TEST_STEP][PASSED] - click(findTestObject("Page_/thisDateAndTime")): Object: 'Object Repository/Page_/thisDateAndTime' is clicked on

2019-06-27 17:41:52 - [MESSAGE][PASSED] - Object: 'Object Repository/Page_/thisDateAndTime' is clicked on

2019-06-27 17:41:52 - [TEST_STEP][PASSED] - setText(findTestObject("Object Repository/Page_/setTargetTime"), timeZone): Text ' 04/17/2019 7:00' is set on object 'Object Repository/Page_/setTargetTime'

2019-06-27 17:41:52 - [MESSAGE][PASSED] - Text ' 04/17/2019 7:00' is set on object 'Object Repository/Page_/setTargetTime'

2019-06-27 17:41:52 - [TEST_STEP][PASSED] - click(findTestObject("Object Repository/Page_/input")): Object: 'Object Repository/Page_/input' is clicked on

2019-06-27 17:41:52 - [MESSAGE][PASSED] - Object: 'Object Repository/Page_/input' is clicked on

2019-06-27 17:41:52 - [TEST_STEP][PASSED] - delay(10): Delayed 10 second(s)

2019-06-27 17:42:02 - [MESSAGE][PASSED] - Delayed 10 second(s)

2019-06-27 17:42:02 - [TEST_STEP][NOT_RUN] - closeBrowser(): NOT_RUN: closeBrowser()

2019-06-27 17:42:02 - [MESSAGE][NOT_RUN] - NOT_RUN: closeBrowser()

2019-06-27 17:42:02 - [MESSAGE][PASSED] - Call Test Case 'Test Cases/NewArrival/setTimezone' successfully

2019-06-27 17:42:02 - [TEST_STEP][PASSED] - callTestCase(findTestCase("TestCaseUtilities/backOfficeLogin"), ["BOURL":"", "BOuser":"", "BOpass":""], STOP_ON_FAILURE): Call Test Case 'Test Cases/TestCaseUtilities/backOfficeLogin' successfully

2019-06-27 17:42:02 - [TEST_CASE][PASSED] - Test Cases/TestCaseUtilities/backOfficeLogin: Test Cases/TestCaseUtilities/backOfficeLogin

2019-06-27 17:42:02 - [TEST_STEP][PASSED] - BOURL = findTestData("credData").getValue("BOURL", 1): null

2019-06-27 17:42:03 - [TEST_STEP][PASSED] - BOuser = findTestData("credData").getValue("BOuser", 1): null

2019-06-27 17:42:03 - [TEST_STEP][PASSED] - BOpass = findTestData("credData").getValue("BOpass", 1): null

2019-06-27 17:42:03 - [TEST_STEP][PASSED] - navigateToUrl(BOURL): Navigate to 'https://test14.cliotest.com/backoffice/control/main' successfully

2019-06-27 17:42:17 - [MESSAGE][PASSED] - Navigate to 'https://test14.cliotest.com/backoffice/control/main' successfully

2019-06-27 17:42:17 - [TEST_STEP][PASSED] - logOut = findWebElements(findTestObject("Object Repository/Page_cabi Home/log_out"), 1): Unable to find the element located by 'By.xpath: //a[contains(text(),'Log Out')]'. Please recheck the objects properties to make sure the desired element is located. 

2019-06-27 17:42:18 - [MESSAGE][INFO] - Unable to find the element located by 'By.xpath: //a[contains(text(),'Log Out')]'. Please recheck the objects properties to make sure the desired element is located. 

2019-06-27 17:42:18 - [TEST_STEP][PASSED] - if (logOut.size() == 0): Object: 'Object Repository/Page_cabi/input_Welcome to_consultantLogin' is clicked on

2019-06-27 17:42:18 - [TEST_STEP][PASSED] - setText(findTestObject("Page_cabi/input_Welcome to_USERNAME"), BOuser): Text '400000002' is set on object 'Object Repository/Page_cabi/input_Welcome to_USERNAME'

2019-06-27 17:42:18 - [MESSAGE][PASSED] - Text '400000002' is set on object 'Object Repository/Page_cabi/input_Welcome to_USERNAME'

2019-06-27 17:42:18 - [TEST_STEP][PASSED] - setText(findTestObject("Object Repository/Page_cabi/input_Welcome to_PASSWORD"), BOpass): Text 'blackdress19' is set on object 'Object Repository/Page_cabi/input_Welcome to_PASSWORD'

2019-06-27 17:42:18 - [MESSAGE][PASSED] - Text 'blackdress19' is set on object 'Object Repository/Page_cabi/input_Welcome to_PASSWORD'

2019-06-27 17:42:18 - [TEST_STEP][PASSED] - click(findTestObject("Object Repository/Page_cabi/input_Welcome to_consultantLogin")): Object: 'Object Repository/Page_cabi/input_Welcome to_consultantLogin' is clicked on

2019-06-27 17:42:43 - [MESSAGE][PASSED] - Object: 'Object Repository/Page_cabi/input_Welcome to_consultantLogin' is clicked on

2019-06-27 17:42:43 - [TEST_STEP][PASSED] - delay(3): Delayed 3 second(s)

2019-06-27 17:42:46 - [MESSAGE][PASSED] - Delayed 3 second(s)

2019-06-27 17:42:46 - [MESSAGE][PASSED] - Call Test Case 'Test Cases/TestCaseUtilities/backOfficeLogin' successfully

2019-06-27 17:42:46 - [TEST_STEP][PASSED] - click(findTestObject("Object Repository/Page_cabi Home/a_Shows  Orders")): Object: 'Object Repository/Page_cabi Home/a_Shows  Orders' is clicked on

2019-06-27 17:42:51 - [MESSAGE][PASSED] - Object: 'Object Repository/Page_cabi Home/a_Shows  Orders' is clicked on

2019-06-27 17:42:51 - [TEST_STEP][PASSED] - delay(1): Delayed 1 second(s)

2019-06-27 17:42:52 - [MESSAGE][PASSED] - Delayed 1 second(s)

2019-06-27 17:42:52 - [TEST_STEP][PASSED] - rightClick(findTestObject("Page_cabi Home/a_Shows  Orders")): Object: 'Object Repository/Page_cabi Home/a_Shows  Orders' is right clicked on

2019-06-27 17:43:02 - [MESSAGE][PASSED] - Object: 'Object Repository/Page_cabi Home/a_Shows  Orders' is right clicked on

2019-06-27 17:43:02 - [TEST_STEP][PASSED] - click(findTestObject("Page_cabi Home/a_retail_purchases")): Object: 'Object Repository/Page_cabi Home/a_retail_purchases' is clicked on

2019-06-27 17:43:13 - [MESSAGE][PASSED] - Object: 'Object Repository/Page_cabi Home/a_retail_purchases' is clicked on

2019-06-27 17:43:13 - [TEST_STEP][PASSED] - delay(3): Delayed 3 second(s)

2019-06-27 17:43:16 - [MESSAGE][PASSED] - Delayed 3 second(s)

2019-06-27 17:43:16 - [TEST_STEP][PASSED] - click(findTestObject("Object Repository/Page_cabi Home/existingCustomer")): Object: 'Object Repository/Page_cabi Home/existingCustomer' is clicked on

2019-06-27 17:43:21 - [MESSAGE][PASSED] - Object: 'Object Repository/Page_cabi Home/existingCustomer' is clicked on

2019-06-27 17:43:21 - [TEST_STEP][PASSED] - contactNumber = 4: null

2019-06-27 17:43:21 - [TEST_STEP][PASSED] - firstName = findTestData("contactData").getValue("firstName", contactNumber): null

2019-06-27 17:43:21 - [TEST_STEP][PASSED] - lastName = findTestData("contactData").getValue("lastName", contactNumber): null

2019-06-27 17:43:21 - [TEST_STEP][PASSED] - email = findTestData("contactData").getValue("email", contactNumber): null

2019-06-27 17:43:21 - [TEST_STEP][PASSED] - address1 = findTestData("contactData").getValue("address1", contactNumber): null

2019-06-27 17:43:21 - [TEST_STEP][PASSED] - city = findTestData("contactData").getValue("city", contactNumber): null

2019-06-27 17:43:21 - [TEST_STEP][PASSED] - state = findTestData("contactData").getValue("state", contactNumber): null

2019-06-27 17:43:21 - [TEST_STEP][PASSED] - zip = findTestData("contactData").getValue("zip", contactNumber): null

2019-06-27 17:43:21 - [TEST_STEP][PASSED] - existingCustFName = firstName: null

2019-06-27 17:43:21 - [TEST_STEP][PASSED] - existingCustLName = lastName: null

2019-06-27 17:43:21 - [TEST_STEP][PASSED] - space = " ": null

2019-06-27 17:43:21 - [TEST_STEP][PASSED] - existingCust = $existingCustFName$space$existingCustLName: null

2019-06-27 17:43:21 - [TEST_STEP][PASSED] - setText(findTestObject("Object Repository/Page_cabi Home/input_existing_guest"), existingCust): Text 'neoguest2 abc' is set on object 'Object Repository/Page_cabi Home/input_existing_guest'

2019-06-27 17:43:21 - [MESSAGE][PASSED] - Text 'neoguest2 abc' is set on object 'Object Repository/Page_cabi Home/input_existing_guest'

2019-06-27 17:43:21 - [TEST_STEP][PASSED] - delay(3): Delayed 3 second(s)

2019-06-27 17:43:24 - [MESSAGE][PASSED] - Delayed 3 second(s)

2019-06-27 17:43:24 - [TEST_STEP][PASSED] - rightClick(findTestObject("Object Repository/Page_cabi Home/input_existing_guest")): Object: 'Object Repository/Page_cabi Home/input_existing_guest' is right clicked on

2019-06-27 17:43:34 - [MESSAGE][PASSED] - Object: 'Object Repository/Page_cabi Home/input_existing_guest' is right clicked on

2019-06-27 17:43:34 - [TEST_STEP][PASSED] - rightClick(findTestObject("Object Repository/Page_cabi Home/input_existing_guest")): Object: 'Object Repository/Page_cabi Home/input_existing_guest' is right clicked on

2019-06-27 17:43:39 - [MESSAGE][PASSED] - Object: 'Object Repository/Page_cabi Home/input_existing_guest' is right clicked on

2019-06-27 17:43:39 - [TEST_STEP][PASSED] - click(findTestObject("Object Repository/Page_cabi Create Show - Set Hostess/a_select_customer")): Object: 'Object Repository/Page_cabi Create Show - Set Hostess/a_select_customer' is clicked on

2019-06-27 17:43:41 - [MESSAGE][PASSED] - Object: 'Object Repository/Page_cabi Create Show - Set Hostess/a_select_customer' is clicked on

2019-06-27 17:43:41 - [TEST_STEP][PASSED] - setText(findTestObject("Object Repository/Page_cabi Home/input_existing_guest"), existingCust): Text 'neoguest2 abc' is set on object 'Object Repository/Page_cabi Home/input_existing_guest'

2019-06-27 17:43:41 - [MESSAGE][PASSED] - Text 'neoguest2 abc' is set on object 'Object Repository/Page_cabi Home/input_existing_guest'

2019-06-27 17:43:41 - [TEST_STEP][PASSED] - setText(findTestObject("Object Repository/Page_cabi Retail Store/input_email"), email): Text 'neoguest2ab@test.com' is set on object 'Object Repository/Page_cabi Retail Store/input_email'

2019-06-27 17:43:42 - [MESSAGE][PASSED] - Text 'neoguest2ab@test.com' is set on object 'Object Repository/Page_cabi Retail Store/input_email'

2019-06-27 17:43:42 - [TEST_STEP][PASSED] - setText(findTestObject("Object Repository/Page_cabi Edit Customer Profile/input_Address1_address1"), address1): Text '1908 INDUSTRIAL PARK DR' is set on object 'Object Repository/Page_cabi Edit Customer Profile/input_Address1_address1'

2019-06-27 17:43:42 - [MESSAGE][PASSED] - Text '1908 INDUSTRIAL PARK DR' is set on object 'Object Repository/Page_cabi Edit Customer Profile/input_Address1_address1'

2019-06-27 17:43:42 - [TEST_STEP][PASSED] - setText(findTestObject("Object Repository/Page_cabi Edit Customer Profile/input_Address2_address2"), ""): Text '' is set on object 'Object Repository/Page_cabi Edit Customer Profile/input_Address2_address2'

2019-06-27 17:43:42 - [MESSAGE][PASSED] - Text '' is set on object 'Object Repository/Page_cabi Edit Customer Profile/input_Address2_address2'

2019-06-27 17:43:42 - [TEST_STEP][PASSED] - setText(findTestObject("Object Repository/Page_cabi Edit Customer Profile/input_City_city"), city): Text 'PLANT CITY' is set on object 'Object Repository/Page_cabi Edit Customer Profile/input_City_city'

2019-06-27 17:43:42 - [MESSAGE][PASSED] - Text 'PLANT CITY' is set on object 'Object Repository/Page_cabi Edit Customer Profile/input_City_city'

2019-06-27 17:43:42 - [TEST_STEP][PASSED] - click(findTestObject("Page_cabi Edit Customer Profile/span_select_a_state")): Object: 'Object Repository/Page_cabi Edit Customer Profile/span_select_a_state' is clicked on

2019-06-27 17:43:48 - [MESSAGE][PASSED] - Object: 'Object Repository/Page_cabi Edit Customer Profile/span_select_a_state' is clicked on

2019-06-27 17:43:48 - [TEST_STEP][PASSED] - delay(1): Delayed 1 second(s)

2019-06-27 17:43:49 - [MESSAGE][PASSED] - Delayed 1 second(s)

2019-06-27 17:43:49 - [TEST_STEP][PASSED] - setText(findTestObject("Object Repository/Page_cabi Edit Customer Profile/input_state_1"), state): Text 'Florida' is set on object 'Object Repository/Page_cabi Edit Customer Profile/input_state_1'

2019-06-27 17:43:49 - [MESSAGE][PASSED] - Text 'Florida' is set on object 'Object Repository/Page_cabi Edit Customer Profile/input_state_1'

2019-06-27 17:43:49 - [TEST_STEP][PASSED] - delay(2): Delayed 2 second(s)

2019-06-27 17:43:51 - [MESSAGE][PASSED] - Delayed 2 second(s)

2019-06-27 17:43:51 - [TEST_STEP][PASSED] - click(findTestObject("Page_cabi Edit Customer Profile/span_state")): Object: 'Object Repository/Page_cabi Edit Customer Profile/span_state' is clicked on

2019-06-27 17:43:53 - [MESSAGE][PASSED] - Object: 'Object Repository/Page_cabi Edit Customer Profile/span_state' is clicked on

2019-06-27 17:43:53 - [TEST_STEP][PASSED] - setText(findTestObject("Page_cabi Edit Customer Profile/input_state_postalCode"), zip): Text '33566' is set on object 'Object Repository/Page_cabi Edit Customer Profile/input_state_postalCode'

2019-06-27 17:43:53 - [MESSAGE][PASSED] - Text '33566' is set on object 'Object Repository/Page_cabi Edit Customer Profile/input_state_postalCode'

2019-06-27 17:43:53 - [TEST_STEP][PASSED] - delay(5): Delayed 5 second(s)

2019-06-27 17:43:58 - [MESSAGE][PASSED] - Delayed 5 second(s)

2019-06-27 17:43:58 - [TEST_STEP][PASSED] - check(findTestObject("Object Repository/Page_cabi Home/a_same_shipping_address")): Object 'Object Repository/Page_cabi Home/a_same_shipping_address' is checked

2019-06-27 17:43:59 - [MESSAGE][PASSED] - Object 'Object Repository/Page_cabi Home/a_same_shipping_address' is checked

2019-06-27 17:43:59 - [TEST_STEP][PASSED] - delay(5): Delayed 5 second(s)

2019-06-27 17:44:04 - [MESSAGE][PASSED] - Delayed 5 second(s)

2019-06-27 17:44:04 - [TEST_STEP][PASSED] - check(findTestObject("Object Repository/Page_cabi Home/a_same_shipping_address")): Object 'Object Repository/Page_cabi Home/a_same_shipping_address' is checked

2019-06-27 17:44:04 - [MESSAGE][PASSED] - Object 'Object Repository/Page_cabi Home/a_same_shipping_address' is checked

2019-06-27 17:44:04 - [TEST_STEP][PASSED] - delay(10): Delayed 10 second(s)

2019-06-27 17:44:14 - [MESSAGE][PASSED] - Delayed 10 second(s)

2019-06-27 17:44:14 - [TEST_STEP][PASSED] - click(findTestObject("Page_cabi Retail Store/span_next_1")): Object: 'Object Repository/Page_cabi Retail Store/span_next_1' is clicked on

2019-06-27 17:44:14 - [MESSAGE][PASSED] - Object: 'Object Repository/Page_cabi Retail Store/span_next_1' is clicked on

2019-06-27 17:44:14 - [TEST_STEP][PASSED] - delay(3): Delayed 3 second(s)

2019-06-27 17:44:17 - [MESSAGE][PASSED] - Delayed 3 second(s)

2019-06-27 17:44:17 - [TEST_STEP][PASSED] - click(findTestObject("Object Repository/Page_cabi Retail Store/span_quick_entry")): Object: 'Object Repository/Page_cabi Retail Store/span_quick_entry' is clicked on

2019-06-27 17:44:20 - [MESSAGE][PASSED] - Object: 'Object Repository/Page_cabi Retail Store/span_quick_entry' is clicked on

2019-06-27 17:44:20 - [TEST_STEP][PASSED] - delay(3): Delayed 3 second(s)

2019-06-27 17:44:23 - [MESSAGE][PASSED] - Delayed 3 second(s)

2019-06-27 17:44:23 - [TEST_STEP][PASSED] - emptyCart = findWebElements(findTestObject("Object Repository/Page_cabi Personal Store/removeFromCart"), 5): Unable to find the element located by 'By.xpath: //*[@id="removeFromCart_0"]/span'. Please recheck the objects properties to make sure the desired element is located. 

2019-06-27 17:44:29 - [MESSAGE][INFO] - Unable to find the element located by 'By.xpath: //*[@id="removeFromCart_0"]/span'. Please recheck the objects properties to make sure the desired element is located. 

2019-06-27 17:44:29 - [TEST_STEP][PASSED] - while (emptyCart.size() > 0): null

2019-06-27 17:44:29 - [TEST_STEP][PASSED] - click(findTestObject("Object Repository/Page_cabi Create Order/input_Manual Discount_stylelookup_0")): Object: 'Object Repository/Page_cabi Create Order/input_Manual Discount_stylelookup_0' is clicked on

2019-06-27 17:44:29 - [MESSAGE][PASSED] - Object: 'Object Repository/Page_cabi Create Order/input_Manual Discount_stylelookup_0' is clicked on

2019-06-27 17:44:29 - [TEST_STEP][PASSED] - setText(findTestObject("Object Repository/Page_cabi Create Order/input_Manual Discount_stylelookup_0"), addOnStyle): Text '5447' is set on object 'Object Repository/Page_cabi Create Order/input_Manual Discount_stylelookup_0'

2019-06-27 17:44:29 - [MESSAGE][PASSED] - Text '5447' is set on object 'Object Repository/Page_cabi Create Order/input_Manual Discount_stylelookup_0'

2019-06-27 17:44:29 - [TEST_STEP][PASSED] - delay(3): Delayed 3 second(s)

2019-06-27 17:44:32 - [MESSAGE][PASSED] - Delayed 3 second(s)

2019-06-27 17:44:32 - [TEST_STEP][PASSED] - prod_message = getText(findTestObject("Page_cabi Create Order/first_option")): Text of object 'Object Repository/Page_cabi Create Order/first_option' is: '5447 Bishop Cardigan'

2019-06-27 17:44:32 - [MESSAGE][PASSED] - Text of object 'Object Repository/Page_cabi Create Order/first_option' is: '5447 Bishop Cardigan'

2019-06-27 17:44:32 - [TEST_STEP][PASSED] - click(findTestObject("Page_cabi Create Order/first_option")): Object: 'Object Repository/Page_cabi Create Order/first_option' is clicked on

2019-06-27 17:44:32 - [MESSAGE][PASSED] - Object: 'Object Repository/Page_cabi Create Order/first_option' is clicked on

2019-06-27 17:44:32 - [TEST_STEP][PASSED] - delay(5): Delayed 5 second(s)

2019-06-27 17:44:37 - [MESSAGE][PASSED] - Delayed 5 second(s)

2019-06-27 17:44:37 - [TEST_STEP][PASSED] - click(findTestObject("Object Repository/Page_cabi Order Items/selectSize")): Object: 'Object Repository/Page_cabi Order Items/selectSize' is clicked on

2019-06-27 17:44:37 - [MESSAGE][PASSED] - Object: 'Object Repository/Page_cabi Order Items/selectSize' is clicked on

2019-06-27 17:44:37 - [TEST_STEP][PASSED] - click(findTestObject("Object Repository/Page_cabi Order Items/span_Add to Cart")): Object: 'Object Repository/Page_cabi Order Items/span_Add to Cart' is clicked on

2019-06-27 17:44:37 - [MESSAGE][PASSED] - Object: 'Object Repository/Page_cabi Order Items/span_Add to Cart' is clicked on

2019-06-27 17:44:37 - [TEST_STEP][PASSED] - delay(5): Delayed 5 second(s)

2019-06-27 17:44:42 - [MESSAGE][PASSED] - Delayed 5 second(s)

2019-06-27 17:44:42 - [TEST_STEP][PASSED] - click(findTestObject("Object Repository/Page_cabi Order Items/span_Continue to Shipping")): Object: 'Object Repository/Page_cabi Order Items/span_Continue to Shipping' is clicked on

2019-06-27 17:44:42 - [MESSAGE][PASSED] - Object: 'Object Repository/Page_cabi Order Items/span_Continue to Shipping' is clicked on

2019-06-27 17:44:42 - [TEST_STEP][PASSED] - delay(3): Delayed 3 second(s)

2019-06-27 17:44:45 - [MESSAGE][PASSED] - Delayed 3 second(s)

2019-06-27 17:44:45 - [TEST_STEP][PASSED] - click(findTestObject("Page_cabi Personal Store/nextButtonShipping")): Object: 'Object Repository/Page_cabi Personal Store/nextButtonShipping' is clicked on

2019-06-27 17:44:46 - [MESSAGE][PASSED] - Object: 'Object Repository/Page_cabi Personal Store/nextButtonShipping' is clicked on

2019-06-27 17:44:46 - [TEST_STEP][PASSED] - delay(3): Delayed 3 second(s)

2019-06-27 17:44:49 - [MESSAGE][PASSED] - Delayed 3 second(s)

2019-06-27 17:44:49 - [TEST_STEP][PASSED] - click(findTestObject("Page_cabi Personal Store/makeFirstPayment")): Object: 'Object Repository/Page_cabi Personal Store/makeFirstPayment' is clicked on

2019-06-27 17:44:49 - [MESSAGE][PASSED] - Object: 'Object Repository/Page_cabi Personal Store/makeFirstPayment' is clicked on

2019-06-27 17:44:49 - [TEST_STEP][PASSED] - click(findTestObject("Object Repository/Page_cabi Personal Store/select_cash")): Object: 'Object Repository/Page_cabi Personal Store/select_cash' is clicked on

2019-06-27 17:44:49 - [MESSAGE][PASSED] - Object: 'Object Repository/Page_cabi Personal Store/select_cash' is clicked on

2019-06-27 17:44:49 - [TEST_STEP][PASSED] - click(findTestObject("Page_cabi Personal Store/submitPayment")): Object: 'Object Repository/Page_cabi Personal Store/submitPayment' is clicked on

2019-06-27 17:44:49 - [MESSAGE][PASSED] - Object: 'Object Repository/Page_cabi Personal Store/submitPayment' is clicked on

2019-06-27 17:44:49 - [TEST_STEP][PASSED] - click(findTestObject("Page_cabi Personal Store/submitOrderId")): Object: 'Object Repository/Page_cabi Personal Store/submitOrderId' is clicked on

2019-06-27 17:44:52 - [MESSAGE][PASSED] - Object: 'Object Repository/Page_cabi Personal Store/submitOrderId' is clicked on

2019-06-27 17:44:52 - [TEST_STEP][PASSED] - successMsg = "": null

2019-06-27 17:44:52 - [TEST_STEP][PASSED] - orderSuccess = false: null

2019-06-27 17:44:52 - [TEST_STEP][PASSED] - successMsgs = findWebElements(findTestObject("Object Repository/Page_cabi Personal Store/p_success_msg"), 5): null

2019-06-27 17:44:52 - [TEST_STEP][PASSED] - if (successMsgs.size() > 0): Text of object 'Object Repository/Page_cabi Personal Store/p_order_id' is: 'RT708035521'

2019-06-27 17:44:52 - [TEST_STEP][PASSED] - successMsg = getText(findTestObject("Object Repository/Page_cabi Personal Store/p_success_msg")): Text of object 'Object Repository/Page_cabi Personal Store/p_success_msg' is: 'Order Created Successfully!!
Order #:  RT708035521

CONTINUE SHOPPING'

2019-06-27 17:44:52 - [MESSAGE][PASSED] - Text of object 'Object Repository/Page_cabi Personal Store/p_success_msg' is: 'Order Created Successfully!!
Order #:  RT708035521

CONTINUE SHOPPING'

2019-06-27 17:44:52 - [TEST_STEP][PASSED] - orderSuccess = true: null

2019-06-27 17:44:52 - [TEST_STEP][PASSED] - addOnOrderId = getText(findTestObject("Object Repository/Page_cabi Personal Store/p_order_id")): Text of object 'Object Repository/Page_cabi Personal Store/p_order_id' is: 'RT708035521'

2019-06-27 17:44:52 - [MESSAGE][PASSED] - Text of object 'Object Repository/Page_cabi Personal Store/p_order_id' is: 'RT708035521'

2019-06-27 17:44:52 - [TEST_STEP][PASSED] - assert orderSuccess == true: null

2019-06-27 17:44:52 - [TEST_STEP][PASSED] - callTestCase(findTestCase("NewArrival/warehouseShipping"), ["orderId":addOnOrderId], STOP_ON_FAILURE): Call Test Case 'Test Cases/NewArrival/warehouseShipping' successfully

2019-06-27 17:44:52 - [TEST_CASE][PASSED] - Test Cases/NewArrival/warehouseShipping: Test Cases/NewArrival/warehouseShipping

2019-06-27 17:44:52 - [TEST_STEP][PASSED] - callTestCase(findTestCase("TestCaseUtilities/cabiWarehouseLogin"), ["CWURL":"", "CWuser":"", "CWpass":""], STOP_ON_FAILURE): Call Test Case 'Test Cases/TestCaseUtilities/cabiWarehouseLogin' successfully

2019-06-27 17:44:52 - [TEST_CASE][PASSED] - Test Cases/TestCaseUtilities/cabiWarehouseLogin: Test Cases/TestCaseUtilities/cabiWarehouseLogin

2019-06-27 17:44:53 - [TEST_STEP][PASSED] - CWURL = findTestData("credData").getValue("CWURL", 1): null

2019-06-27 17:44:53 - [TEST_STEP][PASSED] - CWuser = findTestData("credData").getValue("CWuser", 1): null

2019-06-27 17:44:53 - [TEST_STEP][PASSED] - CWpass = findTestData("credData").getValue("CWpass", 1): null

2019-06-27 17:44:53 - [TEST_STEP][PASSED] - openBrowser(""): Browser is opened with url: ''

2019-06-27 17:44:53 - [MESSAGE][WARNING] - A browser is already opened. Closing browser and opening a new one

2019-06-27 17:44:54 - [MESSAGE][INFO] - Starting 'Chrome' driver

2019-06-27 17:44:54 - [MESSAGE][INFO] - User set preference: ['args', '[--use-fake-ui-for-media-stream, --start-maximized]']

2019-06-27 17:44:56 - [MESSAGE][PASSED] - Browser is opened with url: ''

2019-06-27 17:44:56 - [TEST_STEP][PASSED] - navigateToUrl(CWURL): Navigate to 'https://test14.cliotest.com/warehouse/control/main' successfully

2019-06-27 17:45:02 - [MESSAGE][PASSED] - Navigate to 'https://test14.cliotest.com/warehouse/control/main' successfully

2019-06-27 17:45:02 - [TEST_STEP][PASSED] - logOut = findWebElements(findTestObject("Object Repository/Cabi warehouse/Page_cabi_home/log_out"), 1): Unable to find the element located by 'By.xpath: //li/a[contains(text(), 'Log Out »')]'. Please recheck the objects properties to make sure the desired element is located. 

2019-06-27 17:45:03 - [MESSAGE][INFO] - Unable to find the element located by 'By.xpath: //li/a[contains(text(), 'Log Out »')]'. Please recheck the objects properties to make sure the desired element is located. 

2019-06-27 17:45:03 - [TEST_STEP][PASSED] - if (logOut.size() == 0): Object: 'Object Repository/Cabi warehouse/Page_cabi/input_Password_section-btn btn-stl-pk rFloat' is clicked on

2019-06-27 17:45:03 - [TEST_STEP][PASSED] - setText(findTestObject("Object Repository/Cabi warehouse/Page_cabi/input_Username_USERNAME"), CWuser): Text 'rsuarez' is set on object 'Object Repository/Cabi warehouse/Page_cabi/input_Username_USERNAME'

2019-06-27 17:45:03 - [MESSAGE][PASSED] - Text 'rsuarez' is set on object 'Object Repository/Cabi warehouse/Page_cabi/input_Username_USERNAME'

2019-06-27 17:45:03 - [TEST_STEP][PASSED] - setText(findTestObject("Object Repository/Cabi warehouse/Page_cabi/input_Password_PASSWORD"), CWpass): Text 'blackdress19' is set on object 'Object Repository/Cabi warehouse/Page_cabi/input_Password_PASSWORD'

2019-06-27 17:45:03 - [MESSAGE][PASSED] - Text 'blackdress19' is set on object 'Object Repository/Cabi warehouse/Page_cabi/input_Password_PASSWORD'

2019-06-27 17:45:03 - [TEST_STEP][PASSED] - click(findTestObject("Object Repository/Cabi warehouse/Page_cabi/input_Password_section-btn btn-stl-pk rFloat")): Object: 'Object Repository/Cabi warehouse/Page_cabi/input_Password_section-btn btn-stl-pk rFloat' is clicked on

2019-06-27 17:45:13 - [MESSAGE][PASSED] - Object: 'Object Repository/Cabi warehouse/Page_cabi/input_Password_section-btn btn-stl-pk rFloat' is clicked on

2019-06-27 17:45:13 - [TEST_STEP][PASSED] - delay(3): Delayed 3 second(s)

2019-06-27 17:45:16 - [MESSAGE][PASSED] - Delayed 3 second(s)

2019-06-27 17:45:16 - [MESSAGE][PASSED] - Call Test Case 'Test Cases/TestCaseUtilities/cabiWarehouseLogin' successfully

2019-06-27 17:45:16 - [TEST_STEP][PASSED] - click(findTestObject("Page_cabi Manage PickLists/a_Create PickLists")): Object: 'Object Repository/Page_cabi Manage PickLists/a_Create PickLists' is clicked on

2019-06-27 17:45:22 - [MESSAGE][PASSED] - Object: 'Object Repository/Page_cabi Manage PickLists/a_Create PickLists' is clicked on

2019-06-27 17:45:22 - [TEST_STEP][PASSED] - click(findTestObject("Object Repository/findOrders/Page_cabi Find Orders/Page_cabi SampleLine Shipment Screen/a_Single Order")): Object: 'Object Repository/findOrders/Page_cabi Find Orders/Page_cabi SampleLine Shipment Screen/a_Single Order' is clicked on

2019-06-27 17:45:29 - [MESSAGE][PASSED] - Object: 'Object Repository/findOrders/Page_cabi Find Orders/Page_cabi SampleLine Shipment Screen/a_Single Order' is clicked on

2019-06-27 17:45:29 - [TEST_STEP][PASSED] - setText(findTestObject("Page_cabi Create Single Order PickList/input_Order Id_orderId"), orderId): Text 'RT708035521' is set on object 'Object Repository/Page_cabi Create Single Order PickList/input_Order Id_orderId'

2019-06-27 17:45:29 - [MESSAGE][PASSED] - Text 'RT708035521' is set on object 'Object Repository/Page_cabi Create Single Order PickList/input_Order Id_orderId'

2019-06-27 17:45:29 - [TEST_STEP][PASSED] - click(findTestObject("Page_cabi Create Single Order PickList/input_Create even if fully backordered_submitButton")): Object: 'Object Repository/Page_cabi Create Single Order PickList/input_Create even if fully backordered_submitButton' is clicked on

2019-06-27 17:45:36 - [MESSAGE][PASSED] - Object: 'Object Repository/Page_cabi Create Single Order PickList/input_Create even if fully backordered_submitButton' is clicked on

2019-06-27 17:45:36 - [TEST_STEP][PASSED] - pickListCreated = findWebElements(findTestObject("Cabi warehouse/picklistCreatedMessage"), 5): null

2019-06-27 17:45:36 - [TEST_STEP][PASSED] - if (pickListCreated.size() == 0): null

2019-06-27 17:45:36 - [TEST_STEP][PASSED] - picklistCreatedMessage = UtilityMethods.concat("Picklist for order: [", orderId, "] has been created successfully."): null

2019-06-27 17:45:36 - [TEST_STEP][PASSED] - verifyElementText(findTestObject("Cabi warehouse/picklistCreatedMessage"), picklistCreatedMessage): Actual text and expected text of test object 'Object Repository/Cabi warehouse/picklistCreatedMessage' are matched.

2019-06-27 17:45:36 - [MESSAGE][PASSED] - Actual text and expected text of test object 'Object Repository/Cabi warehouse/picklistCreatedMessage' are matched.

2019-06-27 17:45:36 - [TEST_STEP][PASSED] - click(findTestObject("Page_cabi Create Single Order PickList/a_Manage PickLists")): Object: 'Object Repository/Page_cabi Create Single Order PickList/a_Manage PickLists' is clicked on

2019-06-27 17:45:42 - [MESSAGE][PASSED] - Object: 'Object Repository/Page_cabi Create Single Order PickList/a_Manage PickLists' is clicked on

2019-06-27 17:45:42 - [TEST_STEP][PASSED] - setText(findTestObject("Page_cabi Manage PickLists/input_Order _orderId"), orderId): Text 'RT708035521' is set on object 'Object Repository/Page_cabi Manage PickLists/input_Order _orderId'

2019-06-27 17:45:42 - [MESSAGE][PASSED] - Text 'RT708035521' is set on object 'Object Repository/Page_cabi Manage PickLists/input_Order _orderId'

2019-06-27 17:45:42 - [TEST_STEP][PASSED] - click(findTestObject("Page_cabi Manage PickLists/input")): Object: 'Object Repository/Page_cabi Manage PickLists/input' is clicked on

2019-06-27 17:45:48 - [MESSAGE][PASSED] - Object: 'Object Repository/Page_cabi Manage PickLists/input' is clicked on

2019-06-27 17:45:48 - [TEST_STEP][PASSED] - delay(3): Delayed 3 second(s)

2019-06-27 17:45:51 - [MESSAGE][PASSED] - Delayed 3 second(s)

2019-06-27 17:45:51 - [TEST_STEP][PASSED] - click(findTestObject("Page_cabi Manage PickLists/td_104238610")): Object: 'Object Repository/Page_cabi Manage PickLists/td_104238610' is clicked on

2019-06-27 17:45:56 - [MESSAGE][PASSED] - Object: 'Object Repository/Page_cabi Manage PickLists/td_104238610' is clicked on

2019-06-27 17:45:56 - [TEST_STEP][PASSED] - picklistId = getText(findTestObject("Page_cabi Manage PickLists/td_104238610")): Text of object 'Object Repository/Page_cabi Manage PickLists/td_104238610' is: '104302029'

2019-06-27 17:45:56 - [MESSAGE][PASSED] - Text of object 'Object Repository/Page_cabi Manage PickLists/td_104238610' is: '104302029'

2019-06-27 17:45:56 - [TEST_STEP][PASSED] - click(findTestObject("Page_cabi Manage PickLists/a_Packing")): Object: 'Object Repository/Page_cabi Manage PickLists/a_Packing' is clicked on

2019-06-27 17:46:03 - [MESSAGE][PASSED] - Object: 'Object Repository/Page_cabi Manage PickLists/a_Packing' is clicked on

2019-06-27 17:46:03 - [TEST_STEP][PASSED] - setText(findTestObject("Page_cabi Pack Init/input_Pack Station_packStationId"), "30"): Text '30' is set on object 'Object Repository/Page_cabi Pack Init/input_Pack Station_packStationId'

2019-06-27 17:46:03 - [MESSAGE][PASSED] - Text '30' is set on object 'Object Repository/Page_cabi Pack Init/input_Pack Station_packStationId'

2019-06-27 17:46:03 - [TEST_STEP][PASSED] - click(findTestObject("Page_cabi Pack Init/input_Pack Station_submitButton")): Object: 'Object Repository/Page_cabi Pack Init/input_Pack Station_submitButton' is clicked on

2019-06-27 17:46:10 - [MESSAGE][PASSED] - Object: 'Object Repository/Page_cabi Pack Init/input_Pack Station_submitButton' is clicked on

2019-06-27 17:46:10 - [TEST_STEP][PASSED] - setText(findTestObject("Page_cabi Pack Init/input_Picklist ID_pickId"), picklistId): Text '104302029' is set on object 'Object Repository/Page_cabi Pack Init/input_Picklist ID_pickId'

2019-06-27 17:46:10 - [MESSAGE][PASSED] - Text '104302029' is set on object 'Object Repository/Page_cabi Pack Init/input_Picklist ID_pickId'

2019-06-27 17:46:10 - [TEST_STEP][PASSED] - click(findTestObject("Page_cabi Pack Init/input_Picklist ID_submitButton")): Object: 'Object Repository/Page_cabi Pack Init/input_Picklist ID_submitButton' is clicked on

2019-06-27 17:46:16 - [MESSAGE][PASSED] - Object: 'Object Repository/Page_cabi Pack Init/input_Picklist ID_submitButton' is clicked on

2019-06-27 17:46:16 - [TEST_STEP][PASSED] - click(findTestObject("Page_cabi General Pack/input_Cream Of Wheat_button addItemForVerification")): Object: 'Object Repository/Page_cabi General Pack/input_Cream Of Wheat_button addItemForVerification' is clicked on

2019-06-27 17:46:21 - [MESSAGE][PASSED] - Object: 'Object Repository/Page_cabi General Pack/input_Cream Of Wheat_button addItemForVerification' is clicked on

2019-06-27 17:46:21 - [TEST_STEP][PASSED] - click(findTestObject("Page_cabi General Pack/input_Pack Station  30_shipConfirmBtn")): Object: 'Object Repository/Page_cabi General Pack/input_Pack Station  30_shipConfirmBtn' is clicked on

2019-06-27 17:46:31 - [MESSAGE][PASSED] - Object: 'Object Repository/Page_cabi General Pack/input_Pack Station  30_shipConfirmBtn' is clicked on

2019-06-27 17:46:31 - [TEST_STEP][PASSED] - delay(3): Delayed 3 second(s)

2019-06-27 17:46:34 - [MESSAGE][PASSED] - Delayed 3 second(s)

2019-06-27 17:46:34 - [TEST_STEP][PASSED] - itemsNotpacked = findWebElements(findTestObject("Cabi warehouse/itemsNotPacked"), 5): Unable to find the element located by 'By.xpath: //*[@id="content-messages"]/p[1]'. Please recheck the objects properties to make sure the desired element is located. 

2019-06-27 17:46:39 - [MESSAGE][INFO] - Unable to find the element located by 'By.xpath: //*[@id="content-messages"]/p[1]'. Please recheck the objects properties to make sure the desired element is located. 

2019-06-27 17:46:39 - [TEST_STEP][PASSED] - if (itemsNotpacked.size() > 0): null

2019-06-27 17:46:39 - [TEST_STEP][PASSED] - click(findTestObject("Cabi warehouse/warehouseLogout")): Object: 'Object Repository/Cabi warehouse/warehouseLogout' is clicked on

2019-06-27 17:46:47 - [MESSAGE][PASSED] - Object: 'Object Repository/Cabi warehouse/warehouseLogout' is clicked on

2019-06-27 17:46:47 - [MESSAGE][PASSED] - Call Test Case 'Test Cases/NewArrival/warehouseShipping' successfully

2019-06-27 17:46:47 - [TEST_STEP][PASSED] - callTestCase(findTestCase("TestCaseUtilities/backOfficeLogin"), ["BOURL":"", "BOuser":"", "BOpass":""], STOP_ON_FAILURE): Call Test Case 'Test Cases/TestCaseUtilities/backOfficeLogin' successfully

2019-06-27 17:46:47 - [TEST_CASE][PASSED] - Test Cases/TestCaseUtilities/backOfficeLogin: Test Cases/TestCaseUtilities/backOfficeLogin

2019-06-27 17:46:47 - [TEST_STEP][PASSED] - BOURL = findTestData("credData").getValue("BOURL", 1): null

2019-06-27 17:46:47 - [TEST_STEP][PASSED] - BOuser = findTestData("credData").getValue("BOuser", 1): null

2019-06-27 17:46:47 - [TEST_STEP][PASSED] - BOpass = findTestData("credData").getValue("BOpass", 1): null

2019-06-27 17:46:47 - [TEST_STEP][PASSED] - navigateToUrl(BOURL): Navigate to 'https://test14.cliotest.com/backoffice/control/main' successfully

2019-06-27 17:46:55 - [MESSAGE][PASSED] - Navigate to 'https://test14.cliotest.com/backoffice/control/main' successfully

2019-06-27 17:46:55 - [TEST_STEP][PASSED] - logOut = findWebElements(findTestObject("Object Repository/Page_cabi Home/log_out"), 1): Unable to find the element located by 'By.xpath: //a[contains(text(),'Log Out')]'. Please recheck the objects properties to make sure the desired element is located. 

2019-06-27 17:46:56 - [MESSAGE][INFO] - Unable to find the element located by 'By.xpath: //a[contains(text(),'Log Out')]'. Please recheck the objects properties to make sure the desired element is located. 

2019-06-27 17:46:56 - [TEST_STEP][PASSED] - if (logOut.size() == 0): Object: 'Object Repository/Page_cabi/input_Welcome to_consultantLogin' is clicked on

2019-06-27 17:46:56 - [TEST_STEP][PASSED] - setText(findTestObject("Page_cabi/input_Welcome to_USERNAME"), BOuser): Text '400000002' is set on object 'Object Repository/Page_cabi/input_Welcome to_USERNAME'

2019-06-27 17:46:56 - [MESSAGE][PASSED] - Text '400000002' is set on object 'Object Repository/Page_cabi/input_Welcome to_USERNAME'

2019-06-27 17:46:56 - [TEST_STEP][PASSED] - setText(findTestObject("Object Repository/Page_cabi/input_Welcome to_PASSWORD"), BOpass): Text 'blackdress19' is set on object 'Object Repository/Page_cabi/input_Welcome to_PASSWORD'

2019-06-27 17:46:57 - [MESSAGE][PASSED] - Text 'blackdress19' is set on object 'Object Repository/Page_cabi/input_Welcome to_PASSWORD'

2019-06-27 17:46:57 - [TEST_STEP][PASSED] - click(findTestObject("Object Repository/Page_cabi/input_Welcome to_consultantLogin")): Object: 'Object Repository/Page_cabi/input_Welcome to_consultantLogin' is clicked on

2019-06-27 17:47:18 - [MESSAGE][PASSED] - Object: 'Object Repository/Page_cabi/input_Welcome to_consultantLogin' is clicked on

2019-06-27 17:47:18 - [TEST_STEP][PASSED] - delay(3): Delayed 3 second(s)

2019-06-27 17:47:21 - [MESSAGE][PASSED] - Delayed 3 second(s)

2019-06-27 17:47:21 - [MESSAGE][PASSED] - Call Test Case 'Test Cases/TestCaseUtilities/backOfficeLogin' successfully

2019-06-27 17:47:21 - [TEST_STEP][PASSED] - click(findTestObject("Object Repository/findOrders/Page_cabi Find Orders/Page_cabi Home/a_Shows  Orders")): Object: 'Object Repository/findOrders/Page_cabi Find Orders/Page_cabi Home/a_Shows  Orders' is clicked on

2019-06-27 17:47:27 - [MESSAGE][PASSED] - Object: 'Object Repository/findOrders/Page_cabi Find Orders/Page_cabi Home/a_Shows  Orders' is clicked on

2019-06-27 17:47:27 - [TEST_STEP][PASSED] - click(findTestObject("Object Repository/findOrders/Page_cabi Find Orders/Page_cabi Home/a_Orders")): Object: 'Object Repository/findOrders/Page_cabi Find Orders/Page_cabi Home/a_Orders' is clicked on

2019-06-27 17:47:35 - [MESSAGE][PASSED] - Object: 'Object Repository/findOrders/Page_cabi Find Orders/Page_cabi Home/a_Orders' is clicked on

2019-06-27 17:47:35 - [TEST_STEP][PASSED] - click(findTestObject("Object Repository/findOrders/Page_cabi Find Orders/Page_cabi Find Orders/b")): Object: 'Object Repository/findOrders/Page_cabi Find Orders/Page_cabi Find Orders/b' is clicked on

2019-06-27 17:47:41 - [MESSAGE][PASSED] - Object: 'Object Repository/findOrders/Page_cabi Find Orders/Page_cabi Find Orders/b' is clicked on

2019-06-27 17:47:41 - [TEST_STEP][PASSED] - delay(3): Delayed 3 second(s)

2019-06-27 17:47:44 - [MESSAGE][PASSED] - Delayed 3 second(s)

2019-06-27 17:47:44 - [TEST_STEP][PASSED] - click(findTestObject("findOrders/Page_cabi Find Orders/orderNo")): Object: 'Object Repository/findOrders/Page_cabi Find Orders/orderNo' is clicked on

2019-06-27 17:47:49 - [MESSAGE][PASSED] - Object: 'Object Repository/findOrders/Page_cabi Find Orders/orderNo' is clicked on

2019-06-27 17:47:49 - [TEST_STEP][PASSED] - delay(3): Delayed 3 second(s)

2019-06-27 17:47:52 - [MESSAGE][PASSED] - Delayed 3 second(s)

2019-06-27 17:47:52 - [TEST_STEP][PASSED] - click(findTestObject("Object Repository/findOrders/Page_cabi Find Orders/Page_cabi Find Orders/pendingShipment")): Object: 'Object Repository/findOrders/Page_cabi Find Orders/Page_cabi Find Orders/pendingShipment' is clicked on

2019-06-27 17:47:57 - [MESSAGE][PASSED] - Object: 'Object Repository/findOrders/Page_cabi Find Orders/Page_cabi Find Orders/pendingShipment' is clicked on

2019-06-27 17:47:57 - [TEST_STEP][PASSED] - click(findTestObject("Object Repository/findOrders/Page_cabi Find Orders/Page_cabi Find Orders/inputShipped")): Object: 'Object Repository/findOrders/Page_cabi Find Orders/Page_cabi Find Orders/inputShipped' is clicked on

2019-06-27 17:48:02 - [MESSAGE][PASSED] - Object: 'Object Repository/findOrders/Page_cabi Find Orders/Page_cabi Find Orders/inputShipped' is clicked on

2019-06-27 17:48:02 - [TEST_STEP][PASSED] - setText(findTestObject("Object Repository/findOrders/Page_cabi Find Orders/Page_cabi Find Orders/inputOrderId"), addOnOrderId): Text 'RT708035521' is set on object 'Object Repository/findOrders/Page_cabi Find Orders/Page_cabi Find Orders/inputOrderId'

2019-06-27 17:48:02 - [MESSAGE][PASSED] - Text 'RT708035521' is set on object 'Object Repository/findOrders/Page_cabi Find Orders/Page_cabi Find Orders/inputOrderId'

2019-06-27 17:48:02 - [TEST_STEP][PASSED] - click(findTestObject("Object Repository/findOrders/Page_cabi Find Orders/Page_cabi Find Orders/findOrders")): Object: 'Object Repository/findOrders/Page_cabi Find Orders/Page_cabi Find Orders/findOrders' is clicked on

2019-06-27 17:48:08 - [MESSAGE][PASSED] - Object: 'Object Repository/findOrders/Page_cabi Find Orders/Page_cabi Find Orders/findOrders' is clicked on

2019-06-27 17:48:08 - [TEST_STEP][PASSED] - click(findTestObject("findOrders/Page_cabi Find Orders/orderView")): Object: 'Object Repository/findOrders/Page_cabi Find Orders/orderView' is clicked on

2019-06-27 17:48:19 - [MESSAGE][PASSED] - Object: 'Object Repository/findOrders/Page_cabi Find Orders/orderView' is clicked on

2019-06-27 17:48:19 - [TEST_STEP][PASSED] - delay(3): Delayed 3 second(s)

2019-06-27 17:48:22 - [MESSAGE][PASSED] - Delayed 3 second(s)

2019-06-27 17:48:22 - [TEST_STEP][PASSED] - refresh(): Refresh successfully

2019-06-27 17:48:22 - [MESSAGE][PASSED] - Refresh successfully

2019-06-27 17:48:22 - [TEST_STEP][PASSED] - delay(3): Delayed 3 second(s)

2019-06-27 17:48:25 - [MESSAGE][PASSED] - Delayed 3 second(s)

2019-06-27 17:48:25 - [TEST_STEP][PASSED] - refresh(): Refresh successfully

2019-06-27 17:48:25 - [MESSAGE][PASSED] - Refresh successfully

2019-06-27 17:48:25 - [TEST_STEP][PASSED] - delay(10): Delayed 10 second(s)

2019-06-27 17:48:35 - [MESSAGE][PASSED] - Delayed 10 second(s)

2019-06-27 17:48:35 - [TEST_STEP][PASSED] - refresh(): Refresh successfully

2019-06-27 17:48:35 - [MESSAGE][PASSED] - Refresh successfully

2019-06-27 17:48:35 - [TEST_STEP][PASSED] - delay(3): Delayed 3 second(s)

2019-06-27 17:48:38 - [MESSAGE][PASSED] - Delayed 3 second(s)

2019-06-27 17:48:38 - [TEST_STEP][PASSED] - click(findTestObject("Object Repository/findOrders/Page_cabi Find Orders/Page_cabi Order View/a_(Return Order)")): Object: 'Object Repository/findOrders/Page_cabi Find Orders/Page_cabi Order View/a_(Return Order)' is clicked on

2019-06-27 17:48:48 - [MESSAGE][PASSED] - Object: 'Object Repository/findOrders/Page_cabi Find Orders/Page_cabi Order View/a_(Return Order)' is clicked on

2019-06-27 17:48:48 - [TEST_STEP][PASSED] - delay(3): Delayed 3 second(s)

2019-06-27 17:48:51 - [MESSAGE][PASSED] - Delayed 3 second(s)

2019-06-27 17:48:51 - [TEST_STEP][PASSED] - selectOptionByValue(findTestObject("Object Repository/findOrders/Page_cabi Find Orders/Page_cabi Stylist Create RMA/selectReason1"), "CABI_c", true): All options with value 'CABI_c' are selected in object 'Object Repository/findOrders/Page_cabi Find Orders/Page_cabi Stylist Create RMA/selectReason1'  using regular expression

2019-06-27 17:48:51 - [MESSAGE][PASSED] - All options with value 'CABI_c' are selected in object 'Object Repository/findOrders/Page_cabi Find Orders/Page_cabi Stylist Create RMA/selectReason1'  using regular expression

2019-06-27 17:48:51 - [TEST_STEP][PASSED] - selectOptionByValue(findTestObject("Object Repository/findOrders/Page_cabi Find Orders/Page_cabi Stylist Create RMA/selectReason2"), "CABI_c_a", true): All options with value 'CABI_c_a' are selected in object 'Object Repository/findOrders/Page_cabi Find Orders/Page_cabi Stylist Create RMA/selectReason2'  using regular expression

2019-06-27 17:48:52 - [MESSAGE][PASSED] - All options with value 'CABI_c_a' are selected in object 'Object Repository/findOrders/Page_cabi Find Orders/Page_cabi Stylist Create RMA/selectReason2'  using regular expression

2019-06-27 17:48:52 - [TEST_STEP][PASSED] - click(findTestObject("Object Repository/findOrders/Page_cabi Find Orders/Page_cabi Stylist Create RMA/inputRefund")): Object: 'Object Repository/findOrders/Page_cabi Find Orders/Page_cabi Stylist Create RMA/inputRefund' is clicked on

2019-06-27 17:48:57 - [MESSAGE][PASSED] - Object: 'Object Repository/findOrders/Page_cabi Find Orders/Page_cabi Stylist Create RMA/inputRefund' is clicked on

2019-06-27 17:48:57 - [TEST_STEP][PASSED] - click(findTestObject("Object Repository/findOrders/Page_cabi Find Orders/Page_cabi Stylist Create RMA/a_Next")): Object: 'Object Repository/findOrders/Page_cabi Find Orders/Page_cabi Stylist Create RMA/a_Next' is clicked on

2019-06-27 17:49:02 - [MESSAGE][PASSED] - Object: 'Object Repository/findOrders/Page_cabi Find Orders/Page_cabi Stylist Create RMA/a_Next' is clicked on

2019-06-27 17:49:02 - [TEST_STEP][PASSED] - click(findTestObject("Object Repository/findOrders/Page_cabi Find Orders/Page_cabi Stylist Create RMA/a_edit_address")): Object: 'Object Repository/findOrders/Page_cabi Find Orders/Page_cabi Stylist Create RMA/a_edit_address' is clicked on

2019-06-27 17:49:06 - [MESSAGE][PASSED] - Object: 'Object Repository/findOrders/Page_cabi Find Orders/Page_cabi Stylist Create RMA/a_edit_address' is clicked on

2019-06-27 17:49:06 - [TEST_STEP][PASSED] - click(findTestObject("Object Repository/findOrders/Page_cabi Find Orders/Page_cabi Stylist Create RMA/select_address")): Object: 'Object Repository/findOrders/Page_cabi Find Orders/Page_cabi Stylist Create RMA/select_address' is clicked on

2019-06-27 17:49:06 - [MESSAGE][PASSED] - Object: 'Object Repository/findOrders/Page_cabi Find Orders/Page_cabi Stylist Create RMA/select_address' is clicked on

2019-06-27 17:49:06 - [TEST_STEP][PASSED] - delay(3): Delayed 3 second(s)

2019-06-27 17:49:09 - [MESSAGE][PASSED] - Delayed 3 second(s)

2019-06-27 17:49:09 - [TEST_STEP][PASSED] - click(findTestObject("Object Repository/findOrders/Page_cabi Find Orders/Page_cabi Stylist Create RMA/inputPostalService")): Object: 'Object Repository/findOrders/Page_cabi Find Orders/Page_cabi Stylist Create RMA/inputPostalService' is clicked on

2019-06-27 17:49:09 - [MESSAGE][PASSED] - Object: 'Object Repository/findOrders/Page_cabi Find Orders/Page_cabi Stylist Create RMA/inputPostalService' is clicked on

2019-06-27 17:49:09 - [TEST_STEP][PASSED] - delay(3): Delayed 3 second(s)

2019-06-27 17:49:12 - [MESSAGE][PASSED] - Delayed 3 second(s)

2019-06-27 17:49:12 - [TEST_STEP][PASSED] - click(findTestObject("Object Repository/findOrders/Page_cabi Find Orders/Page_cabi Stylist Create RMA/inputConfirmAdderess")): Object: 'Object Repository/findOrders/Page_cabi Find Orders/Page_cabi Stylist Create RMA/inputConfirmAdderess' is clicked on

2019-06-27 17:49:12 - [MESSAGE][PASSED] - Object: 'Object Repository/findOrders/Page_cabi Find Orders/Page_cabi Stylist Create RMA/inputConfirmAdderess' is clicked on

2019-06-27 17:49:12 - [TEST_STEP][PASSED] - click(findTestObject("Object Repository/findOrders/Page_cabi Find Orders/Page_cabi Stylist Create RMA/a_Next_1")): Object: 'Object Repository/findOrders/Page_cabi Find Orders/Page_cabi Stylist Create RMA/a_Next_1' is clicked on

2019-06-27 17:49:12 - [MESSAGE][PASSED] - Object: 'Object Repository/findOrders/Page_cabi Find Orders/Page_cabi Stylist Create RMA/a_Next_1' is clicked on

2019-06-27 17:49:12 - [TEST_STEP][PASSED] - delay(5): Delayed 5 second(s)

2019-06-27 17:49:17 - [MESSAGE][PASSED] - Delayed 5 second(s)

2019-06-27 17:49:17 - [TEST_STEP][PASSED] - confirmAddress = findWebElements(findTestObject("Object Repository/findOrders/Page_cabi Find Orders/Page_cabi Stylist Create RMA/inputConfirmAdderess"), 1): Unable to find the element located by 'By.xpath: //input[@id='addressConfirm']'. Please recheck the objects properties to make sure the desired element is located. 

2019-06-27 17:49:18 - [MESSAGE][INFO] - Unable to find the element located by 'By.xpath: //input[@id='addressConfirm']'. Please recheck the objects properties to make sure the desired element is located. 

2019-06-27 17:49:18 - [TEST_STEP][PASSED] - if (confirmAddress.size() != 0): null

2019-06-27 17:49:18 - [TEST_STEP][PASSED] - click(findTestObject("Object Repository/findOrders/Page_cabi Find Orders/Page_cabi Stylist Create RMA/a_Submit RMA")): Object: 'Object Repository/findOrders/Page_cabi Find Orders/Page_cabi Stylist Create RMA/a_Submit RMA' is clicked on

2019-06-27 17:49:19 - [MESSAGE][PASSED] - Object: 'Object Repository/findOrders/Page_cabi Find Orders/Page_cabi Stylist Create RMA/a_Submit RMA' is clicked on

2019-06-27 17:49:19 - [TEST_STEP][PASSED] - click(findTestObject("Object Repository/findOrders/Page_cabi Find Orders/Page_cabi Stylist Create RMA/addonOrder")): Object: 'Object Repository/findOrders/Page_cabi Find Orders/Page_cabi Stylist Create RMA/addonOrder' is clicked on

2019-06-27 17:49:24 - [MESSAGE][PASSED] - Object: 'Object Repository/findOrders/Page_cabi Find Orders/Page_cabi Stylist Create RMA/addonOrder' is clicked on

2019-06-27 17:49:24 - [TEST_STEP][PASSED] - delay(3): Delayed 3 second(s)

2019-06-27 17:49:27 - [MESSAGE][PASSED] - Delayed 3 second(s)

2019-06-27 17:49:27 - [TEST_STEP][PASSED] - click(findTestObject("Object Repository/Page_cabi Retail Store/span_next")): Object: 'Object Repository/Page_cabi Retail Store/span_next' is clicked on

2019-06-27 17:49:27 - [MESSAGE][PASSED] - Object: 'Object Repository/Page_cabi Retail Store/span_next' is clicked on

2019-06-27 17:49:27 - [TEST_STEP][PASSED] - delay(2): Delayed 2 second(s)

2019-06-27 17:49:29 - [MESSAGE][PASSED] - Delayed 2 second(s)

2019-06-27 17:49:29 - [TEST_STEP][PASSED] - callTestCase(findTestCase("NewArrival/productVerifyShort"), ["available":BOAddonRetail], STOP_ON_FAILURE): Call Test Case 'Test Cases/NewArrival/productVerifyShort' successfully

2019-06-27 17:49:29 - [TEST_CASE][PASSED] - Test Cases/NewArrival/productVerifyShort: Test Cases/NewArrival/productVerifyShort

2019-06-27 17:49:29 - [TEST_STEP][PASSED] - for ([row = 1, row <= findTestData("productData").getRowNumbers(), (row++)]): null

2019-06-27 17:49:29 - [TEST_STEP][PASSED] - delay(2): Delayed 2 second(s)

2019-06-27 17:49:31 - [MESSAGE][PASSED] - Delayed 2 second(s)

2019-06-27 17:49:31 - [TEST_STEP][PASSED] - setText(findTestObject("Object Repository/Page_cabi Create Order/input_Manual Discount_stylelookup_0"), findTestData("productData").getValue("Style", row)): Text '5618' is set on object 'Object Repository/Page_cabi Create Order/input_Manual Discount_stylelookup_0'

2019-06-27 17:49:31 - [MESSAGE][PASSED] - Text '5618' is set on object 'Object Repository/Page_cabi Create Order/input_Manual Discount_stylelookup_0'

2019-06-27 17:49:31 - [TEST_STEP][PASSED] - delay(2): Delayed 2 second(s)

2019-06-27 17:49:33 - [MESSAGE][PASSED] - Delayed 2 second(s)

2019-06-27 17:49:33 - [TEST_STEP][PASSED] - prod_message = getText(findTestObject("Page_cabi Create Order/first_option")): Text of object 'Object Repository/Page_cabi Create Order/first_option' is: 'No matching result found'

2019-06-27 17:49:33 - [MESSAGE][PASSED] - Text of object 'Object Repository/Page_cabi Create Order/first_option' is: 'No matching result found'

2019-06-27 17:49:33 - [TEST_STEP][PASSED] - delay(1): Delayed 1 second(s)

2019-06-27 17:49:34 - [MESSAGE][PASSED] - Delayed 1 second(s)

2019-06-27 17:49:34 - [TEST_STEP][PASSED] - click(findTestObject("Page_cabi Create Order/first_option")): Object: 'Object Repository/Page_cabi Create Order/first_option' is clicked on

2019-06-27 17:49:34 - [MESSAGE][PASSED] - Object: 'Object Repository/Page_cabi Create Order/first_option' is clicked on

2019-06-27 17:49:34 - [TEST_STEP][PASSED] - if (toString().equalsIgnoreCase("no")): null

2019-06-27 17:49:34 - [TEST_STEP][PASSED] - assert prod_message.equalsIgnoreCase("No matching result found"): null

2019-06-27 17:49:34 - [MESSAGE][PASSED] - Call Test Case 'Test Cases/NewArrival/productVerifyShort' successfully

2019-06-27 17:49:34 - [TEST_STEP][PASSED] - callTestCase(findTestCase("NewArrival/populateTimeGlobalVars"), ["row":timeRow], STOP_ON_FAILURE): Call Test Case 'Test Cases/NewArrival/populateTimeGlobalVars' successfully

2019-06-27 17:49:34 - [TEST_CASE][PASSED] - Test Cases/NewArrival/populateTimeGlobalVars: Test Cases/NewArrival/populateTimeGlobalVars

2019-06-27 17:49:34 - [TEST_STEP][PASSED] - dataFile = "timezoneData": null

2019-06-27 17:49:34 - [TEST_STEP][PASSED] - serverTarget = UtilityMethods.getTestData(dataFile, "serverTarget", row): null

2019-06-27 17:49:34 - [TEST_STEP][PASSED] - orderType = UtilityMethods.getTestData(dataFile, "orderType", row): null

2019-06-27 17:49:34 - [TEST_STEP][PASSED] - timeZone = UtilityMethods.getTestData(dataFile, "timeZone", row): null

2019-06-27 17:49:34 - [TEST_STEP][PASSED] - BOPersonal = UtilityMethods.getTestData(dataFile, "BOPersonal", row): null

2019-06-27 17:49:34 - [TEST_STEP][PASSED] - BOAddonPersonal = UtilityMethods.getTestData(dataFile, "BOAddonPersonal", row): null

2019-06-27 17:49:34 - [TEST_STEP][PASSED] - BOAddonRetail = UtilityMethods.getTestData(dataFile, "BOAddonRetail", row): null

2019-06-27 17:49:34 - [TEST_STEP][PASSED] - BORetail = UtilityMethods.getTestData(dataFile, "BORetail", row): null

2019-06-27 17:49:35 - [TEST_STEP][PASSED] - BOShow = UtilityMethods.getTestData(dataFile, "BOShow", row): null

2019-06-27 17:49:35 - [TEST_STEP][PASSED] - BOOnlineoutlet = UtilityMethods.getTestData(dataFile, "BOOnlineoutlet", row): null

2019-06-27 17:49:35 - [TEST_STEP][PASSED] - BOEmployee = UtilityMethods.getTestData(dataFile, "BOEmployee", row): null

2019-06-27 17:49:35 - [TEST_STEP][PASSED] - CCPersonal = UtilityMethods.getTestData(dataFile, "CCPersonal", row): null

2019-06-27 17:49:35 - [TEST_STEP][PASSED] - CCRetail = UtilityMethods.getTestData(dataFile, "CCRetail", row): null

2019-06-27 17:49:35 - [TEST_STEP][PASSED] - CCShow = UtilityMethods.getTestData(dataFile, "CCShow", row): null

2019-06-27 17:49:35 - [TEST_STEP][PASSED] - BOEblast = UtilityMethods.getTestData(dataFile, "BOEblast", row): null

2019-06-27 17:49:35 - [MESSAGE][PASSED] - Call Test Case 'Test Cases/NewArrival/populateTimeGlobalVars' successfully

2019-06-27 17:49:35 - [TEST_STEP][PASSED] - callTestCase(findTestCase("NewArrival/setTimezone"), ["ofbizURL":"", "ofbizuser":"", "ofbizpass":"", "orderType":orderType, "timeZone":timeZone, "serverTarget":serverTarget], STOP_ON_FAILURE): Call Test Case 'Test Cases/NewArrival/setTimezone' successfully

2019-06-27 17:49:35 - [TEST_CASE][PASSED] - Test Cases/NewArrival/setTimezone: Test Cases/NewArrival/setTimezone

2019-06-27 17:49:35 - [TEST_STEP][NOT_RUN] - openBrowser(""): NOT_RUN: openBrowser("")

2019-06-27 17:49:35 - [MESSAGE][NOT_RUN] - NOT_RUN: openBrowser("")

2019-06-27 17:49:35 - [TEST_STEP][NOT_RUN] - maximizeWindow(): NOT_RUN: maximizeWindow()

2019-06-27 17:49:35 - [MESSAGE][NOT_RUN] - NOT_RUN: maximizeWindow()

2019-06-27 17:49:35 - [TEST_STEP][PASSED] - ofbizURL = findTestData("credData").getValue("ofbizURL", 1): null

2019-06-27 17:49:35 - [TEST_STEP][PASSED] - ofbizuser = findTestData("credData").getValue("ofbizuser", 1): null

2019-06-27 17:49:35 - [TEST_STEP][PASSED] - ofbizpass = findTestData("credData").getValue("ofbizpass", 1): null

2019-06-27 17:49:35 - [TEST_STEP][PASSED] - navigateToUrl(ofbizURL): Navigate to 'https://pushofbiz.cliotest.com/login.php' successfully

2019-06-27 17:49:37 - [MESSAGE][PASSED] - Navigate to 'https://pushofbiz.cliotest.com/login.php' successfully

2019-06-27 17:49:37 - [TEST_STEP][PASSED] - setText(findTestObject("Page_/input_Username_username"), ofbizuser): Text 'automation' is set on object 'Object Repository/Page_/input_Username_username'

2019-06-27 17:49:37 - [MESSAGE][PASSED] - Text 'automation' is set on object 'Object Repository/Page_/input_Username_username'

2019-06-27 17:49:37 - [TEST_STEP][PASSED] - setText(findTestObject("Page_/input_Password_password"), ofbizpass): Text 'cabiautomation' is set on object 'Object Repository/Page_/input_Password_password'

2019-06-27 17:49:37 - [MESSAGE][PASSED] - Text 'cabiautomation' is set on object 'Object Repository/Page_/input_Password_password'

2019-06-27 17:49:37 - [TEST_STEP][PASSED] - click(findTestObject("Page_/input_Password_Submit")): Object: 'Object Repository/Page_/input_Password_Submit' is clicked on

2019-06-27 17:49:41 - [MESSAGE][PASSED] - Object: 'Object Repository/Page_/input_Password_Submit' is clicked on

2019-06-27 17:49:41 - [TEST_STEP][PASSED] - click(findTestObject("Object Repository/Page_/a_Clock set")): Object: 'Object Repository/Page_/a_Clock set' is clicked on

2019-06-27 17:49:41 - [MESSAGE][PASSED] - Object: 'Object Repository/Page_/a_Clock set' is clicked on

2019-06-27 17:49:41 - [TEST_STEP][PASSED] - click(UtilityMethods.createTestObject("select_target", "//select[@name='Target']/option[contains(text(), '", serverTarget, "')]")): Object: 'select_target' is clicked on

2019-06-27 17:49:42 - [MESSAGE][PASSED] - Object: 'select_target' is clicked on

2019-06-27 17:49:42 - [TEST_STEP][PASSED] - click(findTestObject("Page_/thisDateAndTime")): Object: 'Object Repository/Page_/thisDateAndTime' is clicked on

2019-06-27 17:49:42 - [MESSAGE][PASSED] - Object: 'Object Repository/Page_/thisDateAndTime' is clicked on

2019-06-27 17:49:42 - [TEST_STEP][PASSED] - setText(findTestObject("Object Repository/Page_/setTargetTime"), timeZone): Text ' 04/25/2019 12:00' is set on object 'Object Repository/Page_/setTargetTime'

2019-06-27 17:49:42 - [MESSAGE][PASSED] - Text ' 04/25/2019 12:00' is set on object 'Object Repository/Page_/setTargetTime'

2019-06-27 17:49:42 - [TEST_STEP][PASSED] - click(findTestObject("Object Repository/Page_/input")): Object: 'Object Repository/Page_/input' is clicked on

2019-06-27 17:49:43 - [MESSAGE][PASSED] - Object: 'Object Repository/Page_/input' is clicked on

2019-06-27 17:49:43 - [TEST_STEP][PASSED] - delay(10): Delayed 10 second(s)

2019-06-27 17:49:53 - [MESSAGE][PASSED] - Delayed 10 second(s)

2019-06-27 17:49:53 - [TEST_STEP][NOT_RUN] - closeBrowser(): NOT_RUN: closeBrowser()

2019-06-27 17:49:53 - [MESSAGE][NOT_RUN] - NOT_RUN: closeBrowser()

2019-06-27 17:49:53 - [MESSAGE][PASSED] - Call Test Case 'Test Cases/NewArrival/setTimezone' successfully

2019-06-27 17:49:53 - [TEST_STEP][PASSED] - callTestCase(findTestCase("TestCaseUtilities/backOfficeLogin"), ["BOURL":"", "BOuser":"", "BOpass":""], STOP_ON_FAILURE): Call Test Case 'Test Cases/TestCaseUtilities/backOfficeLogin' successfully

2019-06-27 17:49:53 - [TEST_CASE][PASSED] - Test Cases/TestCaseUtilities/backOfficeLogin: Test Cases/TestCaseUtilities/backOfficeLogin

2019-06-27 17:49:53 - [TEST_STEP][PASSED] - BOURL = findTestData("credData").getValue("BOURL", 1): null

2019-06-27 17:49:53 - [TEST_STEP][PASSED] - BOuser = findTestData("credData").getValue("BOuser", 1): null

2019-06-27 17:49:53 - [TEST_STEP][PASSED] - BOpass = findTestData("credData").getValue("BOpass", 1): null

2019-06-27 17:49:53 - [TEST_STEP][PASSED] - navigateToUrl(BOURL): Navigate to 'https://test14.cliotest.com/backoffice/control/main' successfully

2019-06-27 17:49:55 - [MESSAGE][PASSED] - Navigate to 'https://test14.cliotest.com/backoffice/control/main' successfully

2019-06-27 17:49:55 - [TEST_STEP][PASSED] - logOut = findWebElements(findTestObject("Object Repository/Page_cabi Home/log_out"), 1): Unable to find the element located by 'By.xpath: //a[contains(text(),'Log Out')]'. Please recheck the objects properties to make sure the desired element is located. 

2019-06-27 17:49:56 - [MESSAGE][INFO] - Unable to find the element located by 'By.xpath: //a[contains(text(),'Log Out')]'. Please recheck the objects properties to make sure the desired element is located. 

2019-06-27 17:49:56 - [TEST_STEP][PASSED] - if (logOut.size() == 0): Object: 'Object Repository/Page_cabi/input_Welcome to_consultantLogin' is clicked on

2019-06-27 17:49:56 - [TEST_STEP][PASSED] - setText(findTestObject("Page_cabi/input_Welcome to_USERNAME"), BOuser): Text '400000002' is set on object 'Object Repository/Page_cabi/input_Welcome to_USERNAME'

2019-06-27 17:49:56 - [MESSAGE][PASSED] - Text '400000002' is set on object 'Object Repository/Page_cabi/input_Welcome to_USERNAME'

2019-06-27 17:49:56 - [TEST_STEP][PASSED] - setText(findTestObject("Object Repository/Page_cabi/input_Welcome to_PASSWORD"), BOpass): Text 'blackdress19' is set on object 'Object Repository/Page_cabi/input_Welcome to_PASSWORD'

2019-06-27 17:49:57 - [MESSAGE][PASSED] - Text 'blackdress19' is set on object 'Object Repository/Page_cabi/input_Welcome to_PASSWORD'

2019-06-27 17:49:57 - [TEST_STEP][PASSED] - click(findTestObject("Object Repository/Page_cabi/input_Welcome to_consultantLogin")): Object: 'Object Repository/Page_cabi/input_Welcome to_consultantLogin' is clicked on

2019-06-27 17:50:02 - [MESSAGE][PASSED] - Object: 'Object Repository/Page_cabi/input_Welcome to_consultantLogin' is clicked on

2019-06-27 17:50:02 - [TEST_STEP][PASSED] - delay(3): Delayed 3 second(s)

2019-06-27 17:50:05 - [MESSAGE][PASSED] - Delayed 3 second(s)

2019-06-27 17:50:05 - [MESSAGE][PASSED] - Call Test Case 'Test Cases/TestCaseUtilities/backOfficeLogin' successfully

2019-06-27 17:50:05 - [TEST_STEP][PASSED] - click(findTestObject("Object Repository/Page_cabi Home/a_Shows  Orders")): Object: 'Object Repository/Page_cabi Home/a_Shows  Orders' is clicked on

2019-06-27 17:50:05 - [MESSAGE][PASSED] - Object: 'Object Repository/Page_cabi Home/a_Shows  Orders' is clicked on

2019-06-27 17:50:05 - [TEST_STEP][PASSED] - delay(1): Delayed 1 second(s)

2019-06-27 17:50:06 - [MESSAGE][PASSED] - Delayed 1 second(s)

2019-06-27 17:50:06 - [TEST_STEP][PASSED] - rightClick(findTestObject("Page_cabi Home/a_Shows  Orders")): Object: 'Object Repository/Page_cabi Home/a_Shows  Orders' is right clicked on

2019-06-27 17:50:07 - [MESSAGE][PASSED] - Object: 'Object Repository/Page_cabi Home/a_Shows  Orders' is right clicked on

2019-06-27 17:50:07 - [TEST_STEP][PASSED] - click(findTestObject("Page_cabi Home/a_retail_purchases")): Object: 'Object Repository/Page_cabi Home/a_retail_purchases' is clicked on

2019-06-27 17:50:11 - [MESSAGE][PASSED] - Object: 'Object Repository/Page_cabi Home/a_retail_purchases' is clicked on

2019-06-27 17:50:11 - [TEST_STEP][PASSED] - delay(3): Delayed 3 second(s)

2019-06-27 17:50:14 - [MESSAGE][PASSED] - Delayed 3 second(s)

2019-06-27 17:50:14 - [TEST_STEP][PASSED] - click(findTestObject("Object Repository/Page_cabi Home/existingCustomer")): Object: 'Object Repository/Page_cabi Home/existingCustomer' is clicked on

2019-06-27 17:50:19 - [MESSAGE][PASSED] - Object: 'Object Repository/Page_cabi Home/existingCustomer' is clicked on

2019-06-27 17:50:19 - [TEST_STEP][PASSED] - contactNumber = 4: null

2019-06-27 17:50:19 - [TEST_STEP][PASSED] - firstName = findTestData("contactData").getValue("firstName", contactNumber): null

2019-06-27 17:50:19 - [TEST_STEP][PASSED] - lastName = findTestData("contactData").getValue("lastName", contactNumber): null

2019-06-27 17:50:19 - [TEST_STEP][PASSED] - email = findTestData("contactData").getValue("email", contactNumber): null

2019-06-27 17:50:19 - [TEST_STEP][PASSED] - address1 = findTestData("contactData").getValue("address1", contactNumber): null

2019-06-27 17:50:19 - [TEST_STEP][PASSED] - city = findTestData("contactData").getValue("city", contactNumber): null

2019-06-27 17:50:19 - [TEST_STEP][PASSED] - state = findTestData("contactData").getValue("state", contactNumber): null

2019-06-27 17:50:19 - [TEST_STEP][PASSED] - zip = findTestData("contactData").getValue("zip", contactNumber): null

2019-06-27 17:50:19 - [TEST_STEP][PASSED] - existingCustFName = firstName: null

2019-06-27 17:50:19 - [TEST_STEP][PASSED] - existingCustLName = lastName: null

2019-06-27 17:50:19 - [TEST_STEP][PASSED] - space = " ": null

2019-06-27 17:50:19 - [TEST_STEP][PASSED] - existingCust = $existingCustFName$space$existingCustLName: null

2019-06-27 17:50:19 - [TEST_STEP][PASSED] - setText(findTestObject("Object Repository/Page_cabi Home/input_existing_guest"), existingCust): Text 'neoguest2 abc' is set on object 'Object Repository/Page_cabi Home/input_existing_guest'

2019-06-27 17:50:19 - [MESSAGE][PASSED] - Text 'neoguest2 abc' is set on object 'Object Repository/Page_cabi Home/input_existing_guest'

2019-06-27 17:50:19 - [TEST_STEP][PASSED] - delay(3): Delayed 3 second(s)

2019-06-27 17:50:22 - [MESSAGE][PASSED] - Delayed 3 second(s)

2019-06-27 17:50:22 - [TEST_STEP][PASSED] - rightClick(findTestObject("Object Repository/Page_cabi Home/input_existing_guest")): Object: 'Object Repository/Page_cabi Home/input_existing_guest' is right clicked on

2019-06-27 17:50:32 - [MESSAGE][PASSED] - Object: 'Object Repository/Page_cabi Home/input_existing_guest' is right clicked on

2019-06-27 17:50:32 - [TEST_STEP][PASSED] - rightClick(findTestObject("Object Repository/Page_cabi Home/input_existing_guest")): Object: 'Object Repository/Page_cabi Home/input_existing_guest' is right clicked on

2019-06-27 17:50:43 - [MESSAGE][PASSED] - Object: 'Object Repository/Page_cabi Home/input_existing_guest' is right clicked on

2019-06-27 17:50:43 - [TEST_STEP][PASSED] - click(findTestObject("Object Repository/Page_cabi Create Show - Set Hostess/a_select_customer")): Object: 'Object Repository/Page_cabi Create Show - Set Hostess/a_select_customer' is clicked on

2019-06-27 17:50:50 - [MESSAGE][PASSED] - Object: 'Object Repository/Page_cabi Create Show - Set Hostess/a_select_customer' is clicked on

2019-06-27 17:50:50 - [TEST_STEP][PASSED] - setText(findTestObject("Object Repository/Page_cabi Home/input_existing_guest"), existingCust): Text 'neoguest2 abc' is set on object 'Object Repository/Page_cabi Home/input_existing_guest'

2019-06-27 17:50:50 - [MESSAGE][PASSED] - Text 'neoguest2 abc' is set on object 'Object Repository/Page_cabi Home/input_existing_guest'

2019-06-27 17:50:50 - [TEST_STEP][PASSED] - setText(findTestObject("Object Repository/Page_cabi Retail Store/input_email"), email): Text 'neoguest2ab@test.com' is set on object 'Object Repository/Page_cabi Retail Store/input_email'

2019-06-27 17:50:50 - [MESSAGE][PASSED] - Text 'neoguest2ab@test.com' is set on object 'Object Repository/Page_cabi Retail Store/input_email'

2019-06-27 17:50:50 - [TEST_STEP][PASSED] - setText(findTestObject("Object Repository/Page_cabi Edit Customer Profile/input_Address1_address1"), address1): Text '1908 INDUSTRIAL PARK DR' is set on object 'Object Repository/Page_cabi Edit Customer Profile/input_Address1_address1'

2019-06-27 17:50:51 - [MESSAGE][PASSED] - Text '1908 INDUSTRIAL PARK DR' is set on object 'Object Repository/Page_cabi Edit Customer Profile/input_Address1_address1'

2019-06-27 17:50:51 - [TEST_STEP][PASSED] - setText(findTestObject("Object Repository/Page_cabi Edit Customer Profile/input_Address2_address2"), ""): Text '' is set on object 'Object Repository/Page_cabi Edit Customer Profile/input_Address2_address2'

2019-06-27 17:50:51 - [MESSAGE][PASSED] - Text '' is set on object 'Object Repository/Page_cabi Edit Customer Profile/input_Address2_address2'

2019-06-27 17:50:51 - [TEST_STEP][PASSED] - setText(findTestObject("Object Repository/Page_cabi Edit Customer Profile/input_City_city"), city): Text 'PLANT CITY' is set on object 'Object Repository/Page_cabi Edit Customer Profile/input_City_city'

2019-06-27 17:50:51 - [MESSAGE][PASSED] - Text 'PLANT CITY' is set on object 'Object Repository/Page_cabi Edit Customer Profile/input_City_city'

2019-06-27 17:50:51 - [TEST_STEP][PASSED] - click(findTestObject("Page_cabi Edit Customer Profile/span_select_a_state")): Object: 'Object Repository/Page_cabi Edit Customer Profile/span_select_a_state' is clicked on

2019-06-27 17:50:56 - [MESSAGE][PASSED] - Object: 'Object Repository/Page_cabi Edit Customer Profile/span_select_a_state' is clicked on

2019-06-27 17:50:56 - [TEST_STEP][PASSED] - delay(1): Delayed 1 second(s)

2019-06-27 17:50:57 - [MESSAGE][PASSED] - Delayed 1 second(s)

2019-06-27 17:50:57 - [TEST_STEP][PASSED] - setText(findTestObject("Object Repository/Page_cabi Edit Customer Profile/input_state_1"), state): Text 'Florida' is set on object 'Object Repository/Page_cabi Edit Customer Profile/input_state_1'

2019-06-27 17:50:58 - [MESSAGE][PASSED] - Text 'Florida' is set on object 'Object Repository/Page_cabi Edit Customer Profile/input_state_1'

2019-06-27 17:50:58 - [TEST_STEP][PASSED] - delay(2): Delayed 2 second(s)

2019-06-27 17:51:00 - [MESSAGE][PASSED] - Delayed 2 second(s)

2019-06-27 17:51:00 - [TEST_STEP][PASSED] - click(findTestObject("Page_cabi Edit Customer Profile/span_state")): Object: 'Object Repository/Page_cabi Edit Customer Profile/span_state' is clicked on

2019-06-27 17:51:05 - [MESSAGE][PASSED] - Object: 'Object Repository/Page_cabi Edit Customer Profile/span_state' is clicked on

2019-06-27 17:51:05 - [TEST_STEP][PASSED] - setText(findTestObject("Page_cabi Edit Customer Profile/input_state_postalCode"), zip): Text '33566' is set on object 'Object Repository/Page_cabi Edit Customer Profile/input_state_postalCode'

2019-06-27 17:51:05 - [MESSAGE][PASSED] - Text '33566' is set on object 'Object Repository/Page_cabi Edit Customer Profile/input_state_postalCode'

2019-06-27 17:51:05 - [TEST_STEP][PASSED] - delay(5): Delayed 5 second(s)

2019-06-27 17:51:10 - [MESSAGE][PASSED] - Delayed 5 second(s)

2019-06-27 17:51:10 - [TEST_STEP][PASSED] - check(findTestObject("Object Repository/Page_cabi Home/a_same_shipping_address")): Object 'Object Repository/Page_cabi Home/a_same_shipping_address' is checked

2019-06-27 17:51:15 - [MESSAGE][PASSED] - Object 'Object Repository/Page_cabi Home/a_same_shipping_address' is checked

2019-06-27 17:51:15 - [TEST_STEP][PASSED] - delay(5): Delayed 5 second(s)

2019-06-27 17:51:20 - [MESSAGE][PASSED] - Delayed 5 second(s)

2019-06-27 17:51:20 - [TEST_STEP][PASSED] - check(findTestObject("Object Repository/Page_cabi Home/a_same_shipping_address")): Object 'Object Repository/Page_cabi Home/a_same_shipping_address' is checked

2019-06-27 17:51:25 - [MESSAGE][PASSED] - Object 'Object Repository/Page_cabi Home/a_same_shipping_address' is checked

2019-06-27 17:51:25 - [TEST_STEP][PASSED] - delay(10): Delayed 10 second(s)

2019-06-27 17:51:35 - [MESSAGE][PASSED] - Delayed 10 second(s)

2019-06-27 17:51:35 - [TEST_STEP][PASSED] - click(findTestObject("Page_cabi Retail Store/span_next_1")): Object: 'Object Repository/Page_cabi Retail Store/span_next_1' is clicked on

2019-06-27 17:51:41 - [MESSAGE][PASSED] - Object: 'Object Repository/Page_cabi Retail Store/span_next_1' is clicked on

2019-06-27 17:51:41 - [TEST_STEP][PASSED] - delay(3): Delayed 3 second(s)

2019-06-27 17:51:44 - [MESSAGE][PASSED] - Delayed 3 second(s)

2019-06-27 17:51:44 - [TEST_STEP][PASSED] - click(findTestObject("Object Repository/Page_cabi Retail Store/span_quick_entry")): Object: 'Object Repository/Page_cabi Retail Store/span_quick_entry' is clicked on

2019-06-27 17:51:50 - [MESSAGE][PASSED] - Object: 'Object Repository/Page_cabi Retail Store/span_quick_entry' is clicked on

2019-06-27 17:51:50 - [TEST_STEP][PASSED] - delay(3): Delayed 3 second(s)

2019-06-27 17:51:53 - [MESSAGE][PASSED] - Delayed 3 second(s)

2019-06-27 17:51:53 - [TEST_STEP][PASSED] - emptyCart = findWebElements(findTestObject("Object Repository/Page_cabi Personal Store/removeFromCart"), 5): Unable to find the element located by 'By.xpath: //*[@id="removeFromCart_0"]/span'. Please recheck the objects properties to make sure the desired element is located. 

2019-06-27 17:51:58 - [MESSAGE][INFO] - Unable to find the element located by 'By.xpath: //*[@id="removeFromCart_0"]/span'. Please recheck the objects properties to make sure the desired element is located. 

2019-06-27 17:51:58 - [TEST_STEP][PASSED] - while (emptyCart.size() > 0): null

2019-06-27 17:51:58 - [TEST_STEP][PASSED] - click(findTestObject("Object Repository/Page_cabi Create Order/input_Manual Discount_stylelookup_0")): Object: 'Object Repository/Page_cabi Create Order/input_Manual Discount_stylelookup_0' is clicked on

2019-06-27 17:52:03 - [MESSAGE][PASSED] - Object: 'Object Repository/Page_cabi Create Order/input_Manual Discount_stylelookup_0' is clicked on

2019-06-27 17:52:03 - [TEST_STEP][PASSED] - setText(findTestObject("Object Repository/Page_cabi Create Order/input_Manual Discount_stylelookup_0"), addOnStyle): Text '5447' is set on object 'Object Repository/Page_cabi Create Order/input_Manual Discount_stylelookup_0'

2019-06-27 17:52:03 - [MESSAGE][PASSED] - Text '5447' is set on object 'Object Repository/Page_cabi Create Order/input_Manual Discount_stylelookup_0'

2019-06-27 17:52:03 - [TEST_STEP][PASSED] - delay(3): Delayed 3 second(s)

2019-06-27 17:52:06 - [MESSAGE][PASSED] - Delayed 3 second(s)

2019-06-27 17:52:06 - [TEST_STEP][PASSED] - prod_message = getText(findTestObject("Page_cabi Create Order/first_option")): Text of object 'Object Repository/Page_cabi Create Order/first_option' is: '5447 Bishop Cardigan'

2019-06-27 17:52:06 - [MESSAGE][PASSED] - Text of object 'Object Repository/Page_cabi Create Order/first_option' is: '5447 Bishop Cardigan'

2019-06-27 17:52:06 - [TEST_STEP][PASSED] - click(findTestObject("Page_cabi Create Order/first_option")): Object: 'Object Repository/Page_cabi Create Order/first_option' is clicked on

2019-06-27 17:52:12 - [MESSAGE][PASSED] - Object: 'Object Repository/Page_cabi Create Order/first_option' is clicked on

2019-06-27 17:52:12 - [TEST_STEP][PASSED] - delay(5): Delayed 5 second(s)

2019-06-27 17:52:17 - [MESSAGE][PASSED] - Delayed 5 second(s)

2019-06-27 17:52:17 - [TEST_STEP][PASSED] - click(findTestObject("Object Repository/Page_cabi Order Items/selectSize")): Object: 'Object Repository/Page_cabi Order Items/selectSize' is clicked on

2019-06-27 17:52:17 - [MESSAGE][PASSED] - Object: 'Object Repository/Page_cabi Order Items/selectSize' is clicked on

2019-06-27 17:52:17 - [TEST_STEP][PASSED] - click(findTestObject("Object Repository/Page_cabi Order Items/span_Add to Cart")): Object: 'Object Repository/Page_cabi Order Items/span_Add to Cart' is clicked on

2019-06-27 17:52:22 - [MESSAGE][PASSED] - Object: 'Object Repository/Page_cabi Order Items/span_Add to Cart' is clicked on

2019-06-27 17:52:22 - [TEST_STEP][PASSED] - delay(5): Delayed 5 second(s)

2019-06-27 17:52:27 - [MESSAGE][PASSED] - Delayed 5 second(s)

2019-06-27 17:52:27 - [TEST_STEP][PASSED] - click(findTestObject("Object Repository/Page_cabi Order Items/span_Continue to Shipping")): Object: 'Object Repository/Page_cabi Order Items/span_Continue to Shipping' is clicked on

2019-06-27 17:52:32 - [MESSAGE][PASSED] - Object: 'Object Repository/Page_cabi Order Items/span_Continue to Shipping' is clicked on

2019-06-27 17:52:32 - [TEST_STEP][PASSED] - delay(3): Delayed 3 second(s)

2019-06-27 17:52:35 - [MESSAGE][PASSED] - Delayed 3 second(s)

2019-06-27 17:52:35 - [TEST_STEP][PASSED] - click(findTestObject("Page_cabi Personal Store/nextButtonShipping")): Object: 'Object Repository/Page_cabi Personal Store/nextButtonShipping' is clicked on

2019-06-27 17:52:40 - [MESSAGE][PASSED] - Object: 'Object Repository/Page_cabi Personal Store/nextButtonShipping' is clicked on

2019-06-27 17:52:40 - [TEST_STEP][PASSED] - delay(3): Delayed 3 second(s)

2019-06-27 17:52:43 - [MESSAGE][PASSED] - Delayed 3 second(s)

2019-06-27 17:52:43 - [TEST_STEP][PASSED] - click(findTestObject("Page_cabi Personal Store/makeFirstPayment")): Object: 'Object Repository/Page_cabi Personal Store/makeFirstPayment' is clicked on

2019-06-27 17:52:48 - [MESSAGE][PASSED] - Object: 'Object Repository/Page_cabi Personal Store/makeFirstPayment' is clicked on

2019-06-27 17:52:48 - [TEST_STEP][PASSED] - click(findTestObject("Object Repository/Page_cabi Personal Store/select_cash")): Object: 'Object Repository/Page_cabi Personal Store/select_cash' is clicked on

2019-06-27 17:52:48 - [MESSAGE][PASSED] - Object: 'Object Repository/Page_cabi Personal Store/select_cash' is clicked on

2019-06-27 17:52:48 - [TEST_STEP][PASSED] - click(findTestObject("Page_cabi Personal Store/submitPayment")): Object: 'Object Repository/Page_cabi Personal Store/submitPayment' is clicked on

2019-06-27 17:52:53 - [MESSAGE][PASSED] - Object: 'Object Repository/Page_cabi Personal Store/submitPayment' is clicked on

2019-06-27 17:52:53 - [TEST_STEP][PASSED] - click(findTestObject("Page_cabi Personal Store/submitOrderId")): Object: 'Object Repository/Page_cabi Personal Store/submitOrderId' is clicked on

2019-06-27 17:53:01 - [MESSAGE][PASSED] - Object: 'Object Repository/Page_cabi Personal Store/submitOrderId' is clicked on

2019-06-27 17:53:01 - [TEST_STEP][PASSED] - successMsg = "": null

2019-06-27 17:53:01 - [TEST_STEP][PASSED] - orderSuccess = false: null

2019-06-27 17:53:01 - [TEST_STEP][PASSED] - successMsgs = findWebElements(findTestObject("Object Repository/Page_cabi Personal Store/p_success_msg"), 5): Unable to find the element located by 'By.xpath: //div/p[contains(text(), 'Order Created Successfully')]'. Please recheck the objects properties to make sure the desired element is located. 

2019-06-27 17:53:06 - [MESSAGE][INFO] - Unable to find the element located by 'By.xpath: //div/p[contains(text(), 'Order Created Successfully')]'. Please recheck the objects properties to make sure the desired element is located. 

2019-06-27 17:53:06 - [TEST_STEP][PASSED] - if (successMsgs.size() > 0): null

2019-06-27 17:53:06 - [TEST_STEP][FAILED] - assert orderSuccess == true: for ([timeRow = 1, timeRow <= findTestData("timezoneData").getRowNumbers(), (timeRow++)]) FAILED.
Reason:
Assertion failed: 

assert orderSuccess == true
       |            |
       false        false

	at addOnOrderRetail.run(addOnOrderRetail:193)
	at com.kms.katalon.core.main.ScriptEngine.run(ScriptEngine.java:194)
	at com.kms.katalon.core.main.ScriptEngine.runScriptAsRawText(ScriptEngine.java:119)
	at com.kms.katalon.core.main.TestCaseExecutor.runScript(TestCaseExecutor.java:342)
	at com.kms.katalon.core.main.TestCaseExecutor.doExecute(TestCaseExecutor.java:333)
	at com.kms.katalon.core.main.TestCaseExecutor.processExecutionPhase(TestCaseExecutor.java:312)
	at com.kms.katalon.core.main.TestCaseExecutor.accessMainPhase(TestCaseExecutor.java:304)
	at com.kms.katalon.core.main.TestCaseExecutor.execute(TestCaseExecutor.java:238)
	at com.kms.katalon.core.main.TestSuiteExecutor.accessTestCaseMainPhase(TestSuiteExecutor.java:129)
	at com.kms.katalon.core.main.TestSuiteExecutor.accessTestSuiteMainPhase(TestSuiteExecutor.java:112)
	at com.kms.katalon.core.main.TestSuiteExecutor.execute(TestSuiteExecutor.java:81)
	at com.kms.katalon.core.main.TestCaseMain.startTestSuite(TestCaseMain.java:157)
	at com.kms.katalon.core.main.TestCaseMain$startTestSuite$0.call(Unknown Source)
	at TempTestSuite1561635994222.run(TempTestSuite1561635994222.groovy:35)


2019-06-27 17:53:06 - [MESSAGE][FAILED] - for ([timeRow = 1, timeRow <= findTestData("timezoneData").getRowNumbers(), (timeRow++)]) FAILED.
Reason:
Assertion failed: 

assert orderSuccess == true
       |            |
       false        false

	at addOnOrderRetail.run(addOnOrderRetail:193)
	at com.kms.katalon.core.main.ScriptEngine.run(ScriptEngine.java:194)
	at com.kms.katalon.core.main.ScriptEngine.runScriptAsRawText(ScriptEngine.java:119)
	at com.kms.katalon.core.main.TestCaseExecutor.runScript(TestCaseExecutor.java:342)
	at com.kms.katalon.core.main.TestCaseExecutor.doExecute(TestCaseExecutor.java:333)
	at com.kms.katalon.core.main.TestCaseExecutor.processExecutionPhase(TestCaseExecutor.java:312)
	at com.kms.katalon.core.main.TestCaseExecutor.accessMainPhase(TestCaseExecutor.java:304)
	at com.kms.katalon.core.main.TestCaseExecutor.execute(TestCaseExecutor.java:238)
	at com.kms.katalon.core.main.TestSuiteExecutor.accessTestCaseMainPhase(TestSuiteExecutor.java:129)
	at com.kms.katalon.core.main.TestSuiteExecutor.accessTestSuiteMainPhase(TestSuiteExecutor.java:112)
	at com.kms.katalon.core.main.TestSuiteExecutor.execute(TestSuiteExecutor.java:81)
	at com.kms.katalon.core.main.TestCaseMain.startTestSuite(TestCaseMain.java:157)
	at com.kms.katalon.core.main.TestCaseMain$startTestSuite$0.call(Unknown Source)
	at TempTestSuite1561635994222.run(TempTestSuite1561635994222.groovy:35)]]></system-out>
         <system-err><![CDATA[2019-06-27 17:41:40 - [TEST_CASE][FAILED] - Test Cases/NewArrival/addOnOrderRetail: Test Cases/NewArrival/addOnOrderRetail FAILED.
Reason:
Assertion failed: 

assert orderSuccess == true
       |            |
       false        false

	at addOnOrderRetail.run(addOnOrderRetail:193)
	at com.kms.katalon.core.main.ScriptEngine.run(ScriptEngine.java:194)
	at com.kms.katalon.core.main.ScriptEngine.runScriptAsRawText(ScriptEngine.java:119)
	at com.kms.katalon.core.main.TestCaseExecutor.runScript(TestCaseExecutor.java:342)
	at com.kms.katalon.core.main.TestCaseExecutor.doExecute(TestCaseExecutor.java:333)
	at com.kms.katalon.core.main.TestCaseExecutor.processExecutionPhase(TestCaseExecutor.java:312)
	at com.kms.katalon.core.main.TestCaseExecutor.accessMainPhase(TestCaseExecutor.java:304)
	at com.kms.katalon.core.main.TestCaseExecutor.execute(TestCaseExecutor.java:238)
	at com.kms.katalon.core.main.TestSuiteExecutor.accessTestCaseMainPhase(TestSuiteExecutor.java:129)
	at com.kms.katalon.core.main.TestSuiteExecutor.accessTestSuiteMainPhase(TestSuiteExecutor.java:112)
	at com.kms.katalon.core.main.TestSuiteExecutor.execute(TestSuiteExecutor.java:81)
	at com.kms.katalon.core.main.TestCaseMain.startTestSuite(TestCaseMain.java:157)
	at com.kms.katalon.core.main.TestCaseMain$startTestSuite$0.call(Unknown Source)
	at TempTestSuite1561635994222.run(TempTestSuite1561635994222.groovy:35)]]></system-err>
      </testcase>
      <testcase name="Test Cases/NewArrival/addOnOrderPersonal" classname="Test Cases/NewArrival/addOnOrderPersonal" status="FAILED">
         <failure type="FAILED" message="Test Cases/NewArrival/addOnOrderPersonal FAILED.
Reason:
com.kms.katalon.core.exception.StepFailedException: Unable to click on object 'Object Repository/Page_cabi Personal Store/makeFirstPayment'
	at com.kms.katalon.core.webui.keyword.internal.WebUIKeywordMain.stepFailed(WebUIKeywordMain.groovy:64)
	at com.kms.katalon.core.webui.keyword.internal.WebUIKeywordMain.runKeyword(WebUIKeywordMain.groovy:26)
	at com.kms.katalon.core.webui.keyword.builtin.ClickKeyword.click(ClickKeyword.groovy:86)
	at com.kms.katalon.core.webui.keyword.builtin.ClickKeyword.execute(ClickKeyword.groovy:67)
	at com.kms.katalon.core.keyword.internal.KeywordExecutor.executeKeywordForPlatform(KeywordExecutor.groovy:56)
	at com.kms.katalon.core.webui.keyword.WebUiBuiltInKeywords.click(WebUiBuiltInKeywords.groovy:616)
	at com.kms.katalon.core.webui.keyword.WebUiBuiltInKeywords$click$2.call(Unknown Source)
	at addOnOrderPersonal.run(addOnOrderPersonal:88)
	at com.kms.katalon.core.main.ScriptEngine.run(ScriptEngine.java:194)
	at com.kms.katalon.core.main.ScriptEngine.runScriptAsRawText(ScriptEngine.java:119)
	at com.kms.katalon.core.main.TestCaseExecutor.runScript(TestCaseExecutor.java:342)
	at com.kms.katalon.core.main.TestCaseExecutor.doExecute(TestCaseExecutor.java:333)
	at com.kms.katalon.core.main.TestCaseExecutor.processExecutionPhase(TestCaseExecutor.java:312)
	at com.kms.katalon.core.main.TestCaseExecutor.accessMainPhase(TestCaseExecutor.java:304)
	at com.kms.katalon.core.main.TestCaseExecutor.execute(TestCaseExecutor.java:238)
	at com.kms.katalon.core.main.TestSuiteExecutor.accessTestCaseMainPhase(TestSuiteExecutor.java:129)
	at com.kms.katalon.core.main.TestSuiteExecutor.accessTestSuiteMainPhase(TestSuiteExecutor.java:112)
	at com.kms.katalon.core.main.TestSuiteExecutor.execute(TestSuiteExecutor.java:81)
	at com.kms.katalon.core.main.TestCaseMain.startTestSuite(TestCaseMain.java:157)
	at com.kms.katalon.core.main.TestCaseMain$startTestSuite$0.call(Unknown Source)
	at TempTestSuite1561635994222.run(TempTestSuite1561635994222.groovy:35)
Caused by: com.kms.katalon.core.webui.exception.WebElementNotFoundException: Web element with id: 'Object Repository/Page_cabi Personal Store/makeFirstPayment' located by 'By.xpath: //*[@id = 'btn-make-payment']' not found
	at com.kms.katalon.core.webui.common.WebUiCommonHelper.findWebElement(WebUiCommonHelper.java:1097)
	at com.kms.katalon.core.webui.keyword.internal.WebUIAbstractKeyword.findWebElement(WebUIAbstractKeyword.groovy:27)
	at com.kms.katalon.core.webui.keyword.internal.WebUIAbstractKeyword.findWebElement(WebUIAbstractKeyword.groovy:26)
	at com.kms.katalon.core.webui.keyword.builtin.ClickKeyword$_click_closure1.doCall(ClickKeyword.groovy:77)
	at com.kms.katalon.core.webui.keyword.builtin.ClickKeyword$_click_closure1.call(ClickKeyword.groovy)
	at com.kms.katalon.core.webui.keyword.internal.WebUIKeywordMain.runKeyword(WebUIKeywordMain.groovy:20)
	at com.kms.katalon.core.webui.keyword.builtin.ClickKeyword.click(ClickKeyword.groovy:86)
	at com.kms.katalon.core.webui.keyword.builtin.ClickKeyword.execute(ClickKeyword.groovy:67)
	at com.kms.katalon.core.keyword.internal.KeywordExecutor.executeKeywordForPlatform(KeywordExecutor.groovy:56)
	at com.kms.katalon.core.webui.keyword.WebUiBuiltInKeywords.click(WebUiBuiltInKeywords.groovy:616)
	at com.kms.katalon.core.webui.keyword.WebUiBuiltInKeywords$click$2.call(Unknown Source)
	at Script1557928690388.run(Script1557928690388.groovy:88)
	... 13 more
"/>
         <system-out><![CDATA[2019-06-27 17:53:06 - [TEST_CASE][FAILED] - Test Cases/NewArrival/addOnOrderPersonal: Test Cases/NewArrival/addOnOrderPersonal FAILED.
Reason:
com.kms.katalon.core.exception.StepFailedException: Unable to click on object 'Object Repository/Page_cabi Personal Store/makeFirstPayment'
	at com.kms.katalon.core.webui.keyword.internal.WebUIKeywordMain.stepFailed(WebUIKeywordMain.groovy:64)
	at com.kms.katalon.core.webui.keyword.internal.WebUIKeywordMain.runKeyword(WebUIKeywordMain.groovy:26)
	at com.kms.katalon.core.webui.keyword.builtin.ClickKeyword.click(ClickKeyword.groovy:86)
	at com.kms.katalon.core.webui.keyword.builtin.ClickKeyword.execute(ClickKeyword.groovy:67)
	at com.kms.katalon.core.keyword.internal.KeywordExecutor.executeKeywordForPlatform(KeywordExecutor.groovy:56)
	at com.kms.katalon.core.webui.keyword.WebUiBuiltInKeywords.click(WebUiBuiltInKeywords.groovy:616)
	at com.kms.katalon.core.webui.keyword.WebUiBuiltInKeywords$click$2.call(Unknown Source)
	at addOnOrderPersonal.run(addOnOrderPersonal:88)
	at com.kms.katalon.core.main.ScriptEngine.run(ScriptEngine.java:194)
	at com.kms.katalon.core.main.ScriptEngine.runScriptAsRawText(ScriptEngine.java:119)
	at com.kms.katalon.core.main.TestCaseExecutor.runScript(TestCaseExecutor.java:342)
	at com.kms.katalon.core.main.TestCaseExecutor.doExecute(TestCaseExecutor.java:333)
	at com.kms.katalon.core.main.TestCaseExecutor.processExecutionPhase(TestCaseExecutor.java:312)
	at com.kms.katalon.core.main.TestCaseExecutor.accessMainPhase(TestCaseExecutor.java:304)
	at com.kms.katalon.core.main.TestCaseExecutor.execute(TestCaseExecutor.java:238)
	at com.kms.katalon.core.main.TestSuiteExecutor.accessTestCaseMainPhase(TestSuiteExecutor.java:129)
	at com.kms.katalon.core.main.TestSuiteExecutor.accessTestSuiteMainPhase(TestSuiteExecutor.java:112)
	at com.kms.katalon.core.main.TestSuiteExecutor.execute(TestSuiteExecutor.java:81)
	at com.kms.katalon.core.main.TestCaseMain.startTestSuite(TestCaseMain.java:157)
	at com.kms.katalon.core.main.TestCaseMain$startTestSuite$0.call(Unknown Source)
	at TempTestSuite1561635994222.run(TempTestSuite1561635994222.groovy:35)
Caused by: com.kms.katalon.core.webui.exception.WebElementNotFoundException: Web element with id: 'Object Repository/Page_cabi Personal Store/makeFirstPayment' located by 'By.xpath: //*[@id = 'btn-make-payment']' not found
	at com.kms.katalon.core.webui.common.WebUiCommonHelper.findWebElement(WebUiCommonHelper.java:1097)
	at com.kms.katalon.core.webui.keyword.internal.WebUIAbstractKeyword.findWebElement(WebUIAbstractKeyword.groovy:27)
	at com.kms.katalon.core.webui.keyword.internal.WebUIAbstractKeyword.findWebElement(WebUIAbstractKeyword.groovy:26)
	at com.kms.katalon.core.webui.keyword.builtin.ClickKeyword$_click_closure1.doCall(ClickKeyword.groovy:77)
	at com.kms.katalon.core.webui.keyword.builtin.ClickKeyword$_click_closure1.call(ClickKeyword.groovy)
	at com.kms.katalon.core.webui.keyword.internal.WebUIKeywordMain.runKeyword(WebUIKeywordMain.groovy:20)
	at com.kms.katalon.core.webui.keyword.builtin.ClickKeyword.click(ClickKeyword.groovy:86)
	at com.kms.katalon.core.webui.keyword.builtin.ClickKeyword.execute(ClickKeyword.groovy:67)
	at com.kms.katalon.core.keyword.internal.KeywordExecutor.executeKeywordForPlatform(KeywordExecutor.groovy:56)
	at com.kms.katalon.core.webui.keyword.WebUiBuiltInKeywords.click(WebUiBuiltInKeywords.groovy:616)
	at com.kms.katalon.core.webui.keyword.WebUiBuiltInKeywords$click$2.call(Unknown Source)
	at Script1557928690388.run(Script1557928690388.groovy:88)
	... 13 more


2019-06-27 17:53:06 - [TEST_STEP][PASSED] - Start listener action : sampleBeforeTestCase: null

2019-06-27 17:53:06 - [TEST_STEP][PASSED] - println(testCaseContext.getTestCaseId()): null

2019-06-27 17:53:06 - [TEST_STEP][PASSED] - println(testCaseContext.getTestCaseVariables()): null

2019-06-27 17:53:07 - [TEST_STEP][PASSED] - openBrowser(""): Browser is opened with url: ''

2019-06-27 17:53:07 - [MESSAGE][WARNING] - A browser is already opened. Closing browser and opening a new one

2019-06-27 17:53:08 - [MESSAGE][INFO] - Starting 'Chrome' driver

2019-06-27 17:53:08 - [MESSAGE][INFO] - User set preference: ['args', '[--use-fake-ui-for-media-stream, --start-maximized]']

2019-06-27 17:53:10 - [MESSAGE][PASSED] - Browser is opened with url: ''

2019-06-27 17:53:10 - [TEST_STEP][PASSED] - addOnStyle = findTestData("miscData").getValue("addOnStyle", 1): null

2019-06-27 17:53:10 - [TEST_STEP][FAILED] - for ([timeRow = 1, timeRow <= findTestData("timezoneData").getRowNumbers(), (timeRow++)]): for ([timeRow = 1, timeRow <= findTestData("timezoneData").getRowNumbers(), (timeRow++)]) FAILED.
Reason:
com.kms.katalon.core.exception.StepFailedException: Unable to click on object 'Object Repository/Page_cabi Personal Store/makeFirstPayment'
	at com.kms.katalon.core.webui.keyword.internal.WebUIKeywordMain.stepFailed(WebUIKeywordMain.groovy:64)
	at com.kms.katalon.core.webui.keyword.internal.WebUIKeywordMain.runKeyword(WebUIKeywordMain.groovy:26)
	at com.kms.katalon.core.webui.keyword.builtin.ClickKeyword.click(ClickKeyword.groovy:86)
	at com.kms.katalon.core.webui.keyword.builtin.ClickKeyword.execute(ClickKeyword.groovy:67)
	at com.kms.katalon.core.keyword.internal.KeywordExecutor.executeKeywordForPlatform(KeywordExecutor.groovy:56)
	at com.kms.katalon.core.webui.keyword.WebUiBuiltInKeywords.click(WebUiBuiltInKeywords.groovy:616)
	at com.kms.katalon.core.webui.keyword.WebUiBuiltInKeywords$click$2.call(Unknown Source)
	at addOnOrderPersonal.run(addOnOrderPersonal:88)
	at com.kms.katalon.core.main.ScriptEngine.run(ScriptEngine.java:194)
	at com.kms.katalon.core.main.ScriptEngine.runScriptAsRawText(ScriptEngine.java:119)
	at com.kms.katalon.core.main.TestCaseExecutor.runScript(TestCaseExecutor.java:342)
	at com.kms.katalon.core.main.TestCaseExecutor.doExecute(TestCaseExecutor.java:333)
	at com.kms.katalon.core.main.TestCaseExecutor.processExecutionPhase(TestCaseExecutor.java:312)
	at com.kms.katalon.core.main.TestCaseExecutor.accessMainPhase(TestCaseExecutor.java:304)
	at com.kms.katalon.core.main.TestCaseExecutor.execute(TestCaseExecutor.java:238)
	at com.kms.katalon.core.main.TestSuiteExecutor.accessTestCaseMainPhase(TestSuiteExecutor.java:129)
	at com.kms.katalon.core.main.TestSuiteExecutor.accessTestSuiteMainPhase(TestSuiteExecutor.java:112)
	at com.kms.katalon.core.main.TestSuiteExecutor.execute(TestSuiteExecutor.java:81)
	at com.kms.katalon.core.main.TestCaseMain.startTestSuite(TestCaseMain.java:157)
	at com.kms.katalon.core.main.TestCaseMain$startTestSuite$0.call(Unknown Source)
	at TempTestSuite1561635994222.run(TempTestSuite1561635994222.groovy:35)
Caused by: com.kms.katalon.core.webui.exception.WebElementNotFoundException: Web element with id: 'Object Repository/Page_cabi Personal Store/makeFirstPayment' located by 'By.xpath: //*[@id = 'btn-make-payment']' not found
	at com.kms.katalon.core.webui.common.WebUiCommonHelper.findWebElement(WebUiCommonHelper.java:1097)
	at com.kms.katalon.core.webui.keyword.internal.WebUIAbstractKeyword.findWebElement(WebUIAbstractKeyword.groovy:27)
	at com.kms.katalon.core.webui.keyword.internal.WebUIAbstractKeyword.findWebElement(WebUIAbstractKeyword.groovy:26)
	at com.kms.katalon.core.webui.keyword.builtin.ClickKeyword$_click_closure1.doCall(ClickKeyword.groovy:77)
	at com.kms.katalon.core.webui.keyword.builtin.ClickKeyword$_click_closure1.call(ClickKeyword.groovy)
	at com.kms.katalon.core.webui.keyword.internal.WebUIKeywordMain.runKeyword(WebUIKeywordMain.groovy:20)
	at com.kms.katalon.core.webui.keyword.builtin.ClickKeyword.click(ClickKeyword.groovy:86)
	at com.kms.katalon.core.webui.keyword.builtin.ClickKeyword.execute(ClickKeyword.groovy:67)
	at com.kms.katalon.core.keyword.internal.KeywordExecutor.executeKeywordForPlatform(KeywordExecutor.groovy:56)
	at com.kms.katalon.core.webui.keyword.WebUiBuiltInKeywords.click(WebUiBuiltInKeywords.groovy:616)
	at com.kms.katalon.core.webui.keyword.WebUiBuiltInKeywords$click$2.call(Unknown Source)
	at Script1557928690388.run(Script1557928690388.groovy:88)
	... 13 more


2019-06-27 17:53:10 - [TEST_STEP][PASSED] - callTestCase(findTestCase("NewArrival/populateTimeGlobalVars"), ["row":timeRow], STOP_ON_FAILURE): Call Test Case 'Test Cases/NewArrival/populateTimeGlobalVars' successfully

2019-06-27 17:53:10 - [TEST_CASE][PASSED] - Test Cases/NewArrival/populateTimeGlobalVars: Test Cases/NewArrival/populateTimeGlobalVars

2019-06-27 17:53:10 - [TEST_STEP][PASSED] - dataFile = "timezoneData": null

2019-06-27 17:53:10 - [TEST_STEP][PASSED] - serverTarget = UtilityMethods.getTestData(dataFile, "serverTarget", row): null

2019-06-27 17:53:10 - [TEST_STEP][PASSED] - orderType = UtilityMethods.getTestData(dataFile, "orderType", row): null

2019-06-27 17:53:10 - [TEST_STEP][PASSED] - timeZone = UtilityMethods.getTestData(dataFile, "timeZone", row): null

2019-06-27 17:53:10 - [TEST_STEP][PASSED] - BOPersonal = UtilityMethods.getTestData(dataFile, "BOPersonal", row): null

2019-06-27 17:53:10 - [TEST_STEP][PASSED] - BOAddonPersonal = UtilityMethods.getTestData(dataFile, "BOAddonPersonal", row): null

2019-06-27 17:53:10 - [TEST_STEP][PASSED] - BOAddonRetail = UtilityMethods.getTestData(dataFile, "BOAddonRetail", row): null

2019-06-27 17:53:10 - [TEST_STEP][PASSED] - BORetail = UtilityMethods.getTestData(dataFile, "BORetail", row): null

2019-06-27 17:53:10 - [TEST_STEP][PASSED] - BOShow = UtilityMethods.getTestData(dataFile, "BOShow", row): null

2019-06-27 17:53:10 - [TEST_STEP][PASSED] - BOOnlineoutlet = UtilityMethods.getTestData(dataFile, "BOOnlineoutlet", row): null

2019-06-27 17:53:10 - [TEST_STEP][PASSED] - BOEmployee = UtilityMethods.getTestData(dataFile, "BOEmployee", row): null

2019-06-27 17:53:10 - [TEST_STEP][PASSED] - CCPersonal = UtilityMethods.getTestData(dataFile, "CCPersonal", row): null

2019-06-27 17:53:10 - [TEST_STEP][PASSED] - CCRetail = UtilityMethods.getTestData(dataFile, "CCRetail", row): null

2019-06-27 17:53:10 - [TEST_STEP][PASSED] - CCShow = UtilityMethods.getTestData(dataFile, "CCShow", row): null

2019-06-27 17:53:10 - [TEST_STEP][PASSED] - BOEblast = UtilityMethods.getTestData(dataFile, "BOEblast", row): null

2019-06-27 17:53:10 - [MESSAGE][PASSED] - Call Test Case 'Test Cases/NewArrival/populateTimeGlobalVars' successfully

2019-06-27 17:53:10 - [TEST_STEP][PASSED] - callTestCase(findTestCase("NewArrival/setTimezone"), ["ofbizURL":"", "ofbizuser":"", "ofbizpass":"", "orderType":orderType, "timeZone":timeZone, "serverTarget":serverTarget], STOP_ON_FAILURE): Call Test Case 'Test Cases/NewArrival/setTimezone' successfully

2019-06-27 17:53:11 - [TEST_CASE][PASSED] - Test Cases/NewArrival/setTimezone: Test Cases/NewArrival/setTimezone

2019-06-27 17:53:11 - [TEST_STEP][NOT_RUN] - openBrowser(""): NOT_RUN: openBrowser("")

2019-06-27 17:53:11 - [MESSAGE][NOT_RUN] - NOT_RUN: openBrowser("")

2019-06-27 17:53:11 - [TEST_STEP][NOT_RUN] - maximizeWindow(): NOT_RUN: maximizeWindow()

2019-06-27 17:53:11 - [MESSAGE][NOT_RUN] - NOT_RUN: maximizeWindow()

2019-06-27 17:53:11 - [TEST_STEP][PASSED] - ofbizURL = findTestData("credData").getValue("ofbizURL", 1): null

2019-06-27 17:53:11 - [TEST_STEP][PASSED] - ofbizuser = findTestData("credData").getValue("ofbizuser", 1): null

2019-06-27 17:53:11 - [TEST_STEP][PASSED] - ofbizpass = findTestData("credData").getValue("ofbizpass", 1): null

2019-06-27 17:53:11 - [TEST_STEP][PASSED] - navigateToUrl(ofbizURL): Navigate to 'https://pushofbiz.cliotest.com/login.php' successfully

2019-06-27 17:53:12 - [MESSAGE][PASSED] - Navigate to 'https://pushofbiz.cliotest.com/login.php' successfully

2019-06-27 17:53:12 - [TEST_STEP][PASSED] - setText(findTestObject("Page_/input_Username_username"), ofbizuser): Text 'automation' is set on object 'Object Repository/Page_/input_Username_username'

2019-06-27 17:53:13 - [MESSAGE][PASSED] - Text 'automation' is set on object 'Object Repository/Page_/input_Username_username'

2019-06-27 17:53:13 - [TEST_STEP][PASSED] - setText(findTestObject("Page_/input_Password_password"), ofbizpass): Text 'cabiautomation' is set on object 'Object Repository/Page_/input_Password_password'

2019-06-27 17:53:13 - [MESSAGE][PASSED] - Text 'cabiautomation' is set on object 'Object Repository/Page_/input_Password_password'

2019-06-27 17:53:13 - [TEST_STEP][PASSED] - click(findTestObject("Page_/input_Password_Submit")): Object: 'Object Repository/Page_/input_Password_Submit' is clicked on

2019-06-27 17:53:17 - [MESSAGE][PASSED] - Object: 'Object Repository/Page_/input_Password_Submit' is clicked on

2019-06-27 17:53:17 - [TEST_STEP][PASSED] - click(findTestObject("Object Repository/Page_/a_Clock set")): Object: 'Object Repository/Page_/a_Clock set' is clicked on

2019-06-27 17:53:17 - [MESSAGE][PASSED] - Object: 'Object Repository/Page_/a_Clock set' is clicked on

2019-06-27 17:53:17 - [TEST_STEP][PASSED] - click(UtilityMethods.createTestObject("select_target", "//select[@name='Target']/option[contains(text(), '", serverTarget, "')]")): Object: 'select_target' is clicked on

2019-06-27 17:53:17 - [MESSAGE][PASSED] - Object: 'select_target' is clicked on

2019-06-27 17:53:17 - [TEST_STEP][PASSED] - click(findTestObject("Page_/thisDateAndTime")): Object: 'Object Repository/Page_/thisDateAndTime' is clicked on

2019-06-27 17:53:18 - [MESSAGE][PASSED] - Object: 'Object Repository/Page_/thisDateAndTime' is clicked on

2019-06-27 17:53:18 - [TEST_STEP][PASSED] - setText(findTestObject("Object Repository/Page_/setTargetTime"), timeZone): Text ' 04/17/2019 7:00' is set on object 'Object Repository/Page_/setTargetTime'

2019-06-27 17:53:18 - [MESSAGE][PASSED] - Text ' 04/17/2019 7:00' is set on object 'Object Repository/Page_/setTargetTime'

2019-06-27 17:53:18 - [TEST_STEP][PASSED] - click(findTestObject("Object Repository/Page_/input")): Object: 'Object Repository/Page_/input' is clicked on

2019-06-27 17:53:18 - [MESSAGE][PASSED] - Object: 'Object Repository/Page_/input' is clicked on

2019-06-27 17:53:18 - [TEST_STEP][PASSED] - delay(10): Delayed 10 second(s)

2019-06-27 17:53:28 - [MESSAGE][PASSED] - Delayed 10 second(s)

2019-06-27 17:53:28 - [TEST_STEP][NOT_RUN] - closeBrowser(): NOT_RUN: closeBrowser()

2019-06-27 17:53:28 - [MESSAGE][NOT_RUN] - NOT_RUN: closeBrowser()

2019-06-27 17:53:28 - [MESSAGE][PASSED] - Call Test Case 'Test Cases/NewArrival/setTimezone' successfully

2019-06-27 17:53:28 - [TEST_STEP][PASSED] - callTestCase(findTestCase("TestCaseUtilities/backOfficeLogin"), ["BOURL":"", "BOuser":"", "BOpass":""], STOP_ON_FAILURE): Call Test Case 'Test Cases/TestCaseUtilities/backOfficeLogin' successfully

2019-06-27 17:53:28 - [TEST_CASE][PASSED] - Test Cases/TestCaseUtilities/backOfficeLogin: Test Cases/TestCaseUtilities/backOfficeLogin

2019-06-27 17:53:28 - [TEST_STEP][PASSED] - BOURL = findTestData("credData").getValue("BOURL", 1): null

2019-06-27 17:53:28 - [TEST_STEP][PASSED] - BOuser = findTestData("credData").getValue("BOuser", 1): null

2019-06-27 17:53:29 - [TEST_STEP][PASSED] - BOpass = findTestData("credData").getValue("BOpass", 1): null

2019-06-27 17:53:29 - [TEST_STEP][PASSED] - navigateToUrl(BOURL): Navigate to 'https://test14.cliotest.com/backoffice/control/main' successfully

2019-06-27 17:53:36 - [MESSAGE][PASSED] - Navigate to 'https://test14.cliotest.com/backoffice/control/main' successfully

2019-06-27 17:53:36 - [TEST_STEP][PASSED] - logOut = findWebElements(findTestObject("Object Repository/Page_cabi Home/log_out"), 1): Unable to find the element located by 'By.xpath: //a[contains(text(),'Log Out')]'. Please recheck the objects properties to make sure the desired element is located. 

2019-06-27 17:53:37 - [MESSAGE][INFO] - Unable to find the element located by 'By.xpath: //a[contains(text(),'Log Out')]'. Please recheck the objects properties to make sure the desired element is located. 

2019-06-27 17:53:37 - [TEST_STEP][PASSED] - if (logOut.size() == 0): Object: 'Object Repository/Page_cabi/input_Welcome to_consultantLogin' is clicked on

2019-06-27 17:53:37 - [TEST_STEP][PASSED] - setText(findTestObject("Page_cabi/input_Welcome to_USERNAME"), BOuser): Text '400000002' is set on object 'Object Repository/Page_cabi/input_Welcome to_USERNAME'

2019-06-27 17:53:38 - [MESSAGE][PASSED] - Text '400000002' is set on object 'Object Repository/Page_cabi/input_Welcome to_USERNAME'

2019-06-27 17:53:38 - [TEST_STEP][PASSED] - setText(findTestObject("Object Repository/Page_cabi/input_Welcome to_PASSWORD"), BOpass): Text 'blackdress19' is set on object 'Object Repository/Page_cabi/input_Welcome to_PASSWORD'

2019-06-27 17:53:38 - [MESSAGE][PASSED] - Text 'blackdress19' is set on object 'Object Repository/Page_cabi/input_Welcome to_PASSWORD'

2019-06-27 17:53:38 - [TEST_STEP][PASSED] - click(findTestObject("Object Repository/Page_cabi/input_Welcome to_consultantLogin")): Object: 'Object Repository/Page_cabi/input_Welcome to_consultantLogin' is clicked on

2019-06-27 17:53:46 - [MESSAGE][PASSED] - Object: 'Object Repository/Page_cabi/input_Welcome to_consultantLogin' is clicked on

2019-06-27 17:53:46 - [TEST_STEP][PASSED] - delay(3): Delayed 3 second(s)

2019-06-27 17:53:49 - [MESSAGE][PASSED] - Delayed 3 second(s)

2019-06-27 17:53:49 - [MESSAGE][PASSED] - Call Test Case 'Test Cases/TestCaseUtilities/backOfficeLogin' successfully

2019-06-27 17:53:49 - [TEST_STEP][PASSED] - click(findTestObject("Page_cabi Home/a_Shows  Orders")): Object: 'Object Repository/Page_cabi Home/a_Shows  Orders' is clicked on

2019-06-27 17:53:50 - [MESSAGE][PASSED] - Object: 'Object Repository/Page_cabi Home/a_Shows  Orders' is clicked on

2019-06-27 17:53:50 - [TEST_STEP][PASSED] - delay(1): Delayed 1 second(s)

2019-06-27 17:53:51 - [MESSAGE][PASSED] - Delayed 1 second(s)

2019-06-27 17:53:51 - [TEST_STEP][PASSED] - click(findTestObject("Page_cabi Home/a_personal_purchases")): Object: 'Object Repository/Page_cabi Home/a_personal_purchases' is clicked on

2019-06-27 17:53:53 - [MESSAGE][PASSED] - Object: 'Object Repository/Page_cabi Home/a_personal_purchases' is clicked on

2019-06-27 17:53:53 - [TEST_STEP][PASSED] - click(findTestObject("Page_cabi Personal Store/span_Continue to Order")): Object: 'Object Repository/Page_cabi Personal Store/span_Continue to Order' is clicked on

2019-06-27 17:53:54 - [MESSAGE][PASSED] - Object: 'Object Repository/Page_cabi Personal Store/span_Continue to Order' is clicked on

2019-06-27 17:53:54 - [TEST_STEP][PASSED] - delay(5): Delayed 5 second(s)

2019-06-27 17:53:59 - [MESSAGE][PASSED] - Delayed 5 second(s)

2019-06-27 17:53:59 - [TEST_STEP][PASSED] - emptyCart = findWebElements(findTestObject("Object Repository/Page_cabi Personal Store/removeFromCart"), 5): Unable to find the element located by 'By.xpath: //*[@id="removeFromCart_0"]/span'. Please recheck the objects properties to make sure the desired element is located. 

2019-06-27 17:54:04 - [MESSAGE][INFO] - Unable to find the element located by 'By.xpath: //*[@id="removeFromCart_0"]/span'. Please recheck the objects properties to make sure the desired element is located. 

2019-06-27 17:54:04 - [TEST_STEP][PASSED] - while (emptyCart.size() > 0): null

2019-06-27 17:54:04 - [TEST_STEP][PASSED] - click(findTestObject("Object Repository/Page_cabi Create Order/input_Manual Discount_stylelookup_0")): Object: 'Object Repository/Page_cabi Create Order/input_Manual Discount_stylelookup_0' is clicked on

2019-06-27 17:54:04 - [MESSAGE][PASSED] - Object: 'Object Repository/Page_cabi Create Order/input_Manual Discount_stylelookup_0' is clicked on

2019-06-27 17:54:04 - [TEST_STEP][PASSED] - setText(findTestObject("Object Repository/Page_cabi Create Order/input_Manual Discount_stylelookup_0"), addOnStyle): Text '5447' is set on object 'Object Repository/Page_cabi Create Order/input_Manual Discount_stylelookup_0'

2019-06-27 17:54:04 - [MESSAGE][PASSED] - Text '5447' is set on object 'Object Repository/Page_cabi Create Order/input_Manual Discount_stylelookup_0'

2019-06-27 17:54:04 - [TEST_STEP][PASSED] - delay(3): Delayed 3 second(s)

2019-06-27 17:54:07 - [MESSAGE][PASSED] - Delayed 3 second(s)

2019-06-27 17:54:07 - [TEST_STEP][PASSED] - prod_message = getText(findTestObject("Page_cabi Create Order/first_option")): Text of object 'Object Repository/Page_cabi Create Order/first_option' is: '5447 Bishop Cardigan'

2019-06-27 17:54:07 - [MESSAGE][PASSED] - Text of object 'Object Repository/Page_cabi Create Order/first_option' is: '5447 Bishop Cardigan'

2019-06-27 17:54:07 - [TEST_STEP][PASSED] - click(findTestObject("Page_cabi Create Order/first_option")): Object: 'Object Repository/Page_cabi Create Order/first_option' is clicked on

2019-06-27 17:54:07 - [MESSAGE][PASSED] - Object: 'Object Repository/Page_cabi Create Order/first_option' is clicked on

2019-06-27 17:54:07 - [TEST_STEP][PASSED] - delay(5): Delayed 5 second(s)

2019-06-27 17:54:12 - [MESSAGE][PASSED] - Delayed 5 second(s)

2019-06-27 17:54:12 - [TEST_STEP][PASSED] - click(findTestObject("Object Repository/Page_cabi Order Items/selectSize")): Object: 'Object Repository/Page_cabi Order Items/selectSize' is clicked on

2019-06-27 17:54:12 - [MESSAGE][PASSED] - Object: 'Object Repository/Page_cabi Order Items/selectSize' is clicked on

2019-06-27 17:54:12 - [TEST_STEP][PASSED] - click(findTestObject("Object Repository/Page_cabi Order Items/span_Add to Cart")): Object: 'Object Repository/Page_cabi Order Items/span_Add to Cart' is clicked on

2019-06-27 17:54:13 - [MESSAGE][PASSED] - Object: 'Object Repository/Page_cabi Order Items/span_Add to Cart' is clicked on

2019-06-27 17:54:13 - [TEST_STEP][PASSED] - delay(3): Delayed 3 second(s)

2019-06-27 17:54:16 - [MESSAGE][PASSED] - Delayed 3 second(s)

2019-06-27 17:54:16 - [TEST_STEP][PASSED] - click(findTestObject("Object Repository/Page_cabi Order Items/span_Continue to Shipping")): Object: 'Object Repository/Page_cabi Order Items/span_Continue to Shipping' is clicked on

2019-06-27 17:54:16 - [MESSAGE][PASSED] - Object: 'Object Repository/Page_cabi Order Items/span_Continue to Shipping' is clicked on

2019-06-27 17:54:16 - [TEST_STEP][PASSED] - click(findTestObject("Page_cabi Personal Store/nextButtonShipping")): Object: 'Object Repository/Page_cabi Personal Store/nextButtonShipping' is clicked on

2019-06-27 17:54:17 - [MESSAGE][PASSED] - Object: 'Object Repository/Page_cabi Personal Store/nextButtonShipping' is clicked on

2019-06-27 17:54:17 - [TEST_STEP][PASSED] - delay(3): Delayed 3 second(s)

2019-06-27 17:54:20 - [MESSAGE][PASSED] - Delayed 3 second(s)

2019-06-27 17:54:20 - [TEST_STEP][PASSED] - click(findTestObject("Page_cabi Personal Store/makeFirstPayment")): Object: 'Object Repository/Page_cabi Personal Store/makeFirstPayment' is clicked on

2019-06-27 17:54:20 - [MESSAGE][PASSED] - Object: 'Object Repository/Page_cabi Personal Store/makeFirstPayment' is clicked on

2019-06-27 17:54:20 - [TEST_STEP][PASSED] - click(findTestObject("Page_cabi Personal Store/submitPayment")): Object: 'Object Repository/Page_cabi Personal Store/submitPayment' is clicked on

2019-06-27 17:54:20 - [MESSAGE][PASSED] - Object: 'Object Repository/Page_cabi Personal Store/submitPayment' is clicked on

2019-06-27 17:54:20 - [TEST_STEP][PASSED] - click(findTestObject("Page_cabi Personal Store/submitOrderId")): Object: 'Object Repository/Page_cabi Personal Store/submitOrderId' is clicked on

2019-06-27 17:54:23 - [MESSAGE][PASSED] - Object: 'Object Repository/Page_cabi Personal Store/submitOrderId' is clicked on

2019-06-27 17:54:23 - [TEST_STEP][PASSED] - successMsg = "": null

2019-06-27 17:54:23 - [TEST_STEP][PASSED] - orderSuccess = false: null

2019-06-27 17:54:23 - [TEST_STEP][PASSED] - successMsgs = findWebElements(findTestObject("Object Repository/Page_cabi Personal Store/p_success_msg"), 5): null

2019-06-27 17:54:23 - [TEST_STEP][PASSED] - if (successMsgs.size() > 0): Text of object 'Object Repository/Page_cabi Personal Store/p_order_id' is: 'PR708035522'

2019-06-27 17:54:23 - [TEST_STEP][PASSED] - successMsg = getText(findTestObject("Object Repository/Page_cabi Personal Store/p_success_msg")): Text of object 'Object Repository/Page_cabi Personal Store/p_success_msg' is: 'Order Created Successfully!!
Order #:  PR708035522

CONTINUE SHOPPING'

2019-06-27 17:54:23 - [MESSAGE][PASSED] - Text of object 'Object Repository/Page_cabi Personal Store/p_success_msg' is: 'Order Created Successfully!!
Order #:  PR708035522

CONTINUE SHOPPING'

2019-06-27 17:54:23 - [TEST_STEP][PASSED] - orderSuccess = true: null

2019-06-27 17:54:23 - [TEST_STEP][PASSED] - addOnOrderId = getText(findTestObject("Object Repository/Page_cabi Personal Store/p_order_id")): Text of object 'Object Repository/Page_cabi Personal Store/p_order_id' is: 'PR708035522'

2019-06-27 17:54:23 - [MESSAGE][PASSED] - Text of object 'Object Repository/Page_cabi Personal Store/p_order_id' is: 'PR708035522'

2019-06-27 17:54:23 - [TEST_STEP][PASSED] - assert orderSuccess == true: null

2019-06-27 17:54:23 - [TEST_STEP][PASSED] - callTestCase(findTestCase("NewArrival/warehouseShipping"), ["orderId":addOnOrderId], STOP_ON_FAILURE): Call Test Case 'Test Cases/NewArrival/warehouseShipping' successfully

2019-06-27 17:54:23 - [TEST_CASE][PASSED] - Test Cases/NewArrival/warehouseShipping: Test Cases/NewArrival/warehouseShipping

2019-06-27 17:54:23 - [TEST_STEP][PASSED] - callTestCase(findTestCase("TestCaseUtilities/cabiWarehouseLogin"), ["CWURL":"", "CWuser":"", "CWpass":""], STOP_ON_FAILURE): Call Test Case 'Test Cases/TestCaseUtilities/cabiWarehouseLogin' successfully

2019-06-27 17:54:23 - [TEST_CASE][PASSED] - Test Cases/TestCaseUtilities/cabiWarehouseLogin: Test Cases/TestCaseUtilities/cabiWarehouseLogin

2019-06-27 17:54:23 - [TEST_STEP][PASSED] - CWURL = findTestData("credData").getValue("CWURL", 1): null

2019-06-27 17:54:23 - [TEST_STEP][PASSED] - CWuser = findTestData("credData").getValue("CWuser", 1): null

2019-06-27 17:54:23 - [TEST_STEP][PASSED] - CWpass = findTestData("credData").getValue("CWpass", 1): null

2019-06-27 17:54:23 - [TEST_STEP][PASSED] - openBrowser(""): Browser is opened with url: ''

2019-06-27 17:54:23 - [MESSAGE][WARNING] - A browser is already opened. Closing browser and opening a new one

2019-06-27 17:54:24 - [MESSAGE][INFO] - Starting 'Chrome' driver

2019-06-27 17:54:24 - [MESSAGE][INFO] - User set preference: ['args', '[--use-fake-ui-for-media-stream, --start-maximized]']

2019-06-27 17:54:26 - [MESSAGE][PASSED] - Browser is opened with url: ''

2019-06-27 17:54:26 - [TEST_STEP][PASSED] - navigateToUrl(CWURL): Navigate to 'https://test14.cliotest.com/warehouse/control/main' successfully

2019-06-27 17:54:33 - [MESSAGE][PASSED] - Navigate to 'https://test14.cliotest.com/warehouse/control/main' successfully

2019-06-27 17:54:33 - [TEST_STEP][PASSED] - logOut = findWebElements(findTestObject("Object Repository/Cabi warehouse/Page_cabi_home/log_out"), 1): Unable to find the element located by 'By.xpath: //li/a[contains(text(), 'Log Out »')]'. Please recheck the objects properties to make sure the desired element is located. 

2019-06-27 17:54:34 - [MESSAGE][INFO] - Unable to find the element located by 'By.xpath: //li/a[contains(text(), 'Log Out »')]'. Please recheck the objects properties to make sure the desired element is located. 

2019-06-27 17:54:34 - [TEST_STEP][PASSED] - if (logOut.size() == 0): Object: 'Object Repository/Cabi warehouse/Page_cabi/input_Password_section-btn btn-stl-pk rFloat' is clicked on

2019-06-27 17:54:34 - [TEST_STEP][PASSED] - setText(findTestObject("Object Repository/Cabi warehouse/Page_cabi/input_Username_USERNAME"), CWuser): Text 'rsuarez' is set on object 'Object Repository/Cabi warehouse/Page_cabi/input_Username_USERNAME'

2019-06-27 17:54:34 - [MESSAGE][PASSED] - Text 'rsuarez' is set on object 'Object Repository/Cabi warehouse/Page_cabi/input_Username_USERNAME'

2019-06-27 17:54:34 - [TEST_STEP][PASSED] - setText(findTestObject("Object Repository/Cabi warehouse/Page_cabi/input_Password_PASSWORD"), CWpass): Text 'blackdress19' is set on object 'Object Repository/Cabi warehouse/Page_cabi/input_Password_PASSWORD'

2019-06-27 17:54:35 - [MESSAGE][PASSED] - Text 'blackdress19' is set on object 'Object Repository/Cabi warehouse/Page_cabi/input_Password_PASSWORD'

2019-06-27 17:54:35 - [TEST_STEP][PASSED] - click(findTestObject("Object Repository/Cabi warehouse/Page_cabi/input_Password_section-btn btn-stl-pk rFloat")): Object: 'Object Repository/Cabi warehouse/Page_cabi/input_Password_section-btn btn-stl-pk rFloat' is clicked on

2019-06-27 17:54:36 - [MESSAGE][PASSED] - Object: 'Object Repository/Cabi warehouse/Page_cabi/input_Password_section-btn btn-stl-pk rFloat' is clicked on

2019-06-27 17:54:36 - [TEST_STEP][PASSED] - delay(3): Delayed 3 second(s)

2019-06-27 17:54:39 - [MESSAGE][PASSED] - Delayed 3 second(s)

2019-06-27 17:54:39 - [MESSAGE][PASSED] - Call Test Case 'Test Cases/TestCaseUtilities/cabiWarehouseLogin' successfully

2019-06-27 17:54:39 - [TEST_STEP][PASSED] - click(findTestObject("Page_cabi Manage PickLists/a_Create PickLists")): Object: 'Object Repository/Page_cabi Manage PickLists/a_Create PickLists' is clicked on

2019-06-27 17:54:50 - [MESSAGE][PASSED] - Object: 'Object Repository/Page_cabi Manage PickLists/a_Create PickLists' is clicked on

2019-06-27 17:54:50 - [TEST_STEP][PASSED] - click(findTestObject("Object Repository/findOrders/Page_cabi Find Orders/Page_cabi SampleLine Shipment Screen/a_Single Order")): Object: 'Object Repository/findOrders/Page_cabi Find Orders/Page_cabi SampleLine Shipment Screen/a_Single Order' is clicked on

2019-06-27 17:54:51 - [MESSAGE][PASSED] - Object: 'Object Repository/findOrders/Page_cabi Find Orders/Page_cabi SampleLine Shipment Screen/a_Single Order' is clicked on

2019-06-27 17:54:51 - [TEST_STEP][PASSED] - setText(findTestObject("Page_cabi Create Single Order PickList/input_Order Id_orderId"), orderId): Text 'PR708035522' is set on object 'Object Repository/Page_cabi Create Single Order PickList/input_Order Id_orderId'

2019-06-27 17:54:51 - [MESSAGE][PASSED] - Text 'PR708035522' is set on object 'Object Repository/Page_cabi Create Single Order PickList/input_Order Id_orderId'

2019-06-27 17:54:51 - [TEST_STEP][PASSED] - click(findTestObject("Page_cabi Create Single Order PickList/input_Create even if fully backordered_submitButton")): Object: 'Object Repository/Page_cabi Create Single Order PickList/input_Create even if fully backordered_submitButton' is clicked on

2019-06-27 17:54:52 - [MESSAGE][PASSED] - Object: 'Object Repository/Page_cabi Create Single Order PickList/input_Create even if fully backordered_submitButton' is clicked on

2019-06-27 17:54:52 - [TEST_STEP][PASSED] - pickListCreated = findWebElements(findTestObject("Cabi warehouse/picklistCreatedMessage"), 5): null

2019-06-27 17:54:52 - [TEST_STEP][PASSED] - if (pickListCreated.size() == 0): null

2019-06-27 17:54:52 - [TEST_STEP][PASSED] - picklistCreatedMessage = UtilityMethods.concat("Picklist for order: [", orderId, "] has been created successfully."): null

2019-06-27 17:54:52 - [TEST_STEP][PASSED] - verifyElementText(findTestObject("Cabi warehouse/picklistCreatedMessage"), picklistCreatedMessage): Actual text and expected text of test object 'Object Repository/Cabi warehouse/picklistCreatedMessage' are matched.

2019-06-27 17:54:52 - [MESSAGE][PASSED] - Actual text and expected text of test object 'Object Repository/Cabi warehouse/picklistCreatedMessage' are matched.

2019-06-27 17:54:52 - [TEST_STEP][PASSED] - click(findTestObject("Page_cabi Create Single Order PickList/a_Manage PickLists")): Object: 'Object Repository/Page_cabi Create Single Order PickList/a_Manage PickLists' is clicked on

2019-06-27 17:54:53 - [MESSAGE][PASSED] - Object: 'Object Repository/Page_cabi Create Single Order PickList/a_Manage PickLists' is clicked on

2019-06-27 17:54:53 - [TEST_STEP][PASSED] - setText(findTestObject("Page_cabi Manage PickLists/input_Order _orderId"), orderId): Text 'PR708035522' is set on object 'Object Repository/Page_cabi Manage PickLists/input_Order _orderId'

2019-06-27 17:54:53 - [MESSAGE][PASSED] - Text 'PR708035522' is set on object 'Object Repository/Page_cabi Manage PickLists/input_Order _orderId'

2019-06-27 17:54:53 - [TEST_STEP][PASSED] - click(findTestObject("Page_cabi Manage PickLists/input")): Object: 'Object Repository/Page_cabi Manage PickLists/input' is clicked on

2019-06-27 17:54:54 - [MESSAGE][PASSED] - Object: 'Object Repository/Page_cabi Manage PickLists/input' is clicked on

2019-06-27 17:54:54 - [TEST_STEP][PASSED] - delay(3): Delayed 3 second(s)

2019-06-27 17:54:57 - [MESSAGE][PASSED] - Delayed 3 second(s)

2019-06-27 17:54:57 - [TEST_STEP][PASSED] - click(findTestObject("Page_cabi Manage PickLists/td_104238610")): Object: 'Object Repository/Page_cabi Manage PickLists/td_104238610' is clicked on

2019-06-27 17:54:57 - [MESSAGE][PASSED] - Object: 'Object Repository/Page_cabi Manage PickLists/td_104238610' is clicked on

2019-06-27 17:54:57 - [TEST_STEP][PASSED] - picklistId = getText(findTestObject("Page_cabi Manage PickLists/td_104238610")): Text of object 'Object Repository/Page_cabi Manage PickLists/td_104238610' is: '104302030'

2019-06-27 17:54:57 - [MESSAGE][PASSED] - Text of object 'Object Repository/Page_cabi Manage PickLists/td_104238610' is: '104302030'

2019-06-27 17:54:57 - [TEST_STEP][PASSED] - click(findTestObject("Page_cabi Manage PickLists/a_Packing")): Object: 'Object Repository/Page_cabi Manage PickLists/a_Packing' is clicked on

2019-06-27 17:54:58 - [MESSAGE][PASSED] - Object: 'Object Repository/Page_cabi Manage PickLists/a_Packing' is clicked on

2019-06-27 17:54:58 - [TEST_STEP][PASSED] - setText(findTestObject("Page_cabi Pack Init/input_Pack Station_packStationId"), "30"): Text '30' is set on object 'Object Repository/Page_cabi Pack Init/input_Pack Station_packStationId'

2019-06-27 17:54:59 - [MESSAGE][PASSED] - Text '30' is set on object 'Object Repository/Page_cabi Pack Init/input_Pack Station_packStationId'

2019-06-27 17:54:59 - [TEST_STEP][PASSED] - click(findTestObject("Page_cabi Pack Init/input_Pack Station_submitButton")): Object: 'Object Repository/Page_cabi Pack Init/input_Pack Station_submitButton' is clicked on

2019-06-27 17:54:59 - [MESSAGE][PASSED] - Object: 'Object Repository/Page_cabi Pack Init/input_Pack Station_submitButton' is clicked on

2019-06-27 17:54:59 - [TEST_STEP][PASSED] - setText(findTestObject("Page_cabi Pack Init/input_Picklist ID_pickId"), picklistId): Text '104302030' is set on object 'Object Repository/Page_cabi Pack Init/input_Picklist ID_pickId'

2019-06-27 17:55:00 - [MESSAGE][PASSED] - Text '104302030' is set on object 'Object Repository/Page_cabi Pack Init/input_Picklist ID_pickId'

2019-06-27 17:55:00 - [TEST_STEP][PASSED] - click(findTestObject("Page_cabi Pack Init/input_Picklist ID_submitButton")): Object: 'Object Repository/Page_cabi Pack Init/input_Picklist ID_submitButton' is clicked on

2019-06-27 17:55:01 - [MESSAGE][PASSED] - Object: 'Object Repository/Page_cabi Pack Init/input_Picklist ID_submitButton' is clicked on

2019-06-27 17:55:01 - [TEST_STEP][PASSED] - click(findTestObject("Page_cabi General Pack/input_Cream Of Wheat_button addItemForVerification")): Object: 'Object Repository/Page_cabi General Pack/input_Cream Of Wheat_button addItemForVerification' is clicked on

2019-06-27 17:55:01 - [MESSAGE][PASSED] - Object: 'Object Repository/Page_cabi General Pack/input_Cream Of Wheat_button addItemForVerification' is clicked on

2019-06-27 17:55:01 - [TEST_STEP][PASSED] - click(findTestObject("Page_cabi General Pack/input_Pack Station  30_shipConfirmBtn")): Object: 'Object Repository/Page_cabi General Pack/input_Pack Station  30_shipConfirmBtn' is clicked on

2019-06-27 17:55:04 - [MESSAGE][PASSED] - Object: 'Object Repository/Page_cabi General Pack/input_Pack Station  30_shipConfirmBtn' is clicked on

2019-06-27 17:55:04 - [TEST_STEP][PASSED] - delay(3): Delayed 3 second(s)

2019-06-27 17:55:07 - [MESSAGE][PASSED] - Delayed 3 second(s)

2019-06-27 17:55:07 - [TEST_STEP][PASSED] - itemsNotpacked = findWebElements(findTestObject("Cabi warehouse/itemsNotPacked"), 5): Unable to find the element located by 'By.xpath: //*[@id="content-messages"]/p[1]'. Please recheck the objects properties to make sure the desired element is located. 

2019-06-27 17:55:12 - [MESSAGE][INFO] - Unable to find the element located by 'By.xpath: //*[@id="content-messages"]/p[1]'. Please recheck the objects properties to make sure the desired element is located. 

2019-06-27 17:55:12 - [TEST_STEP][PASSED] - if (itemsNotpacked.size() > 0): null

2019-06-27 17:55:12 - [TEST_STEP][PASSED] - click(findTestObject("Cabi warehouse/warehouseLogout")): Object: 'Object Repository/Cabi warehouse/warehouseLogout' is clicked on

2019-06-27 17:55:15 - [MESSAGE][PASSED] - Object: 'Object Repository/Cabi warehouse/warehouseLogout' is clicked on

2019-06-27 17:55:15 - [MESSAGE][PASSED] - Call Test Case 'Test Cases/NewArrival/warehouseShipping' successfully

2019-06-27 17:55:15 - [TEST_STEP][PASSED] - callTestCase(findTestCase("TestCaseUtilities/backOfficeLogin"), ["BOURL":"", "BOuser":"", "BOpass":""], STOP_ON_FAILURE): Call Test Case 'Test Cases/TestCaseUtilities/backOfficeLogin' successfully

2019-06-27 17:55:15 - [TEST_CASE][PASSED] - Test Cases/TestCaseUtilities/backOfficeLogin: Test Cases/TestCaseUtilities/backOfficeLogin

2019-06-27 17:55:15 - [TEST_STEP][PASSED] - BOURL = findTestData("credData").getValue("BOURL", 1): null

2019-06-27 17:55:15 - [TEST_STEP][PASSED] - BOuser = findTestData("credData").getValue("BOuser", 1): null

2019-06-27 17:55:15 - [TEST_STEP][PASSED] - BOpass = findTestData("credData").getValue("BOpass", 1): null

2019-06-27 17:55:15 - [TEST_STEP][PASSED] - navigateToUrl(BOURL): Navigate to 'https://test14.cliotest.com/backoffice/control/main' successfully

2019-06-27 17:55:20 - [MESSAGE][PASSED] - Navigate to 'https://test14.cliotest.com/backoffice/control/main' successfully

2019-06-27 17:55:20 - [TEST_STEP][PASSED] - logOut = findWebElements(findTestObject("Object Repository/Page_cabi Home/log_out"), 1): Unable to find the element located by 'By.xpath: //a[contains(text(),'Log Out')]'. Please recheck the objects properties to make sure the desired element is located. 

2019-06-27 17:55:21 - [MESSAGE][INFO] - Unable to find the element located by 'By.xpath: //a[contains(text(),'Log Out')]'. Please recheck the objects properties to make sure the desired element is located. 

2019-06-27 17:55:21 - [TEST_STEP][PASSED] - if (logOut.size() == 0): Object: 'Object Repository/Page_cabi/input_Welcome to_consultantLogin' is clicked on

2019-06-27 17:55:21 - [TEST_STEP][PASSED] - setText(findTestObject("Page_cabi/input_Welcome to_USERNAME"), BOuser): Text '400000002' is set on object 'Object Repository/Page_cabi/input_Welcome to_USERNAME'

2019-06-27 17:55:21 - [MESSAGE][PASSED] - Text '400000002' is set on object 'Object Repository/Page_cabi/input_Welcome to_USERNAME'

2019-06-27 17:55:21 - [TEST_STEP][PASSED] - setText(findTestObject("Object Repository/Page_cabi/input_Welcome to_PASSWORD"), BOpass): Text 'blackdress19' is set on object 'Object Repository/Page_cabi/input_Welcome to_PASSWORD'

2019-06-27 17:55:22 - [MESSAGE][PASSED] - Text 'blackdress19' is set on object 'Object Repository/Page_cabi/input_Welcome to_PASSWORD'

2019-06-27 17:55:22 - [TEST_STEP][PASSED] - click(findTestObject("Object Repository/Page_cabi/input_Welcome to_consultantLogin")): Object: 'Object Repository/Page_cabi/input_Welcome to_consultantLogin' is clicked on

2019-06-27 17:55:32 - [MESSAGE][PASSED] - Object: 'Object Repository/Page_cabi/input_Welcome to_consultantLogin' is clicked on

2019-06-27 17:55:32 - [TEST_STEP][PASSED] - delay(3): Delayed 3 second(s)

2019-06-27 17:55:35 - [MESSAGE][PASSED] - Delayed 3 second(s)

2019-06-27 17:55:35 - [MESSAGE][PASSED] - Call Test Case 'Test Cases/TestCaseUtilities/backOfficeLogin' successfully

2019-06-27 17:55:35 - [TEST_STEP][PASSED] - click(findTestObject("Object Repository/findOrders/Page_cabi Find Orders/Page_cabi Home/a_Shows  Orders")): Object: 'Object Repository/findOrders/Page_cabi Find Orders/Page_cabi Home/a_Shows  Orders' is clicked on

2019-06-27 17:55:35 - [MESSAGE][PASSED] - Object: 'Object Repository/findOrders/Page_cabi Find Orders/Page_cabi Home/a_Shows  Orders' is clicked on

2019-06-27 17:55:35 - [TEST_STEP][PASSED] - click(findTestObject("Object Repository/findOrders/Page_cabi Find Orders/Page_cabi Home/a_Orders")): Object: 'Object Repository/findOrders/Page_cabi Find Orders/Page_cabi Home/a_Orders' is clicked on

2019-06-27 17:55:37 - [MESSAGE][PASSED] - Object: 'Object Repository/findOrders/Page_cabi Find Orders/Page_cabi Home/a_Orders' is clicked on

2019-06-27 17:55:37 - [TEST_STEP][PASSED] - click(findTestObject("Object Repository/findOrders/Page_cabi Find Orders/Page_cabi Find Orders/b")): Object: 'Object Repository/findOrders/Page_cabi Find Orders/Page_cabi Find Orders/b' is clicked on

2019-06-27 17:55:37 - [MESSAGE][PASSED] - Object: 'Object Repository/findOrders/Page_cabi Find Orders/Page_cabi Find Orders/b' is clicked on

2019-06-27 17:55:37 - [TEST_STEP][PASSED] - delay(3): Delayed 3 second(s)

2019-06-27 17:55:40 - [MESSAGE][PASSED] - Delayed 3 second(s)

2019-06-27 17:55:40 - [TEST_STEP][PASSED] - click(findTestObject("findOrders/Page_cabi Find Orders/orderNo")): Object: 'Object Repository/findOrders/Page_cabi Find Orders/orderNo' is clicked on

2019-06-27 17:55:40 - [MESSAGE][PASSED] - Object: 'Object Repository/findOrders/Page_cabi Find Orders/orderNo' is clicked on

2019-06-27 17:55:40 - [TEST_STEP][PASSED] - delay(3): Delayed 3 second(s)

2019-06-27 17:55:43 - [MESSAGE][PASSED] - Delayed 3 second(s)

2019-06-27 17:55:43 - [TEST_STEP][PASSED] - click(findTestObject("Object Repository/findOrders/Page_cabi Find Orders/Page_cabi Find Orders/pendingShipment")): Object: 'Object Repository/findOrders/Page_cabi Find Orders/Page_cabi Find Orders/pendingShipment' is clicked on

2019-06-27 17:55:43 - [MESSAGE][PASSED] - Object: 'Object Repository/findOrders/Page_cabi Find Orders/Page_cabi Find Orders/pendingShipment' is clicked on

2019-06-27 17:55:43 - [TEST_STEP][PASSED] - click(findTestObject("Object Repository/findOrders/Page_cabi Find Orders/Page_cabi Find Orders/inputShipped")): Object: 'Object Repository/findOrders/Page_cabi Find Orders/Page_cabi Find Orders/inputShipped' is clicked on

2019-06-27 17:55:43 - [MESSAGE][PASSED] - Object: 'Object Repository/findOrders/Page_cabi Find Orders/Page_cabi Find Orders/inputShipped' is clicked on

2019-06-27 17:55:43 - [TEST_STEP][PASSED] - setText(findTestObject("Object Repository/findOrders/Page_cabi Find Orders/Page_cabi Find Orders/inputOrderId"), addOnOrderId): Text 'PR708035522' is set on object 'Object Repository/findOrders/Page_cabi Find Orders/Page_cabi Find Orders/inputOrderId'

2019-06-27 17:55:44 - [MESSAGE][PASSED] - Text 'PR708035522' is set on object 'Object Repository/findOrders/Page_cabi Find Orders/Page_cabi Find Orders/inputOrderId'

2019-06-27 17:55:44 - [TEST_STEP][PASSED] - click(findTestObject("Object Repository/findOrders/Page_cabi Find Orders/Page_cabi Find Orders/findOrders")): Object: 'Object Repository/findOrders/Page_cabi Find Orders/Page_cabi Find Orders/findOrders' is clicked on

2019-06-27 17:55:44 - [MESSAGE][PASSED] - Object: 'Object Repository/findOrders/Page_cabi Find Orders/Page_cabi Find Orders/findOrders' is clicked on

2019-06-27 17:55:44 - [TEST_STEP][PASSED] - click(findTestObject("findOrders/Page_cabi Find Orders/orderView")): Object: 'Object Repository/findOrders/Page_cabi Find Orders/orderView' is clicked on

2019-06-27 17:55:47 - [MESSAGE][PASSED] - Object: 'Object Repository/findOrders/Page_cabi Find Orders/orderView' is clicked on

2019-06-27 17:55:47 - [TEST_STEP][PASSED] - delay(3): Delayed 3 second(s)

2019-06-27 17:55:50 - [MESSAGE][PASSED] - Delayed 3 second(s)

2019-06-27 17:55:50 - [TEST_STEP][PASSED] - refresh(): Refresh successfully

2019-06-27 17:55:50 - [MESSAGE][PASSED] - Refresh successfully

2019-06-27 17:55:50 - [TEST_STEP][PASSED] - delay(3): Delayed 3 second(s)

2019-06-27 17:55:53 - [MESSAGE][PASSED] - Delayed 3 second(s)

2019-06-27 17:55:53 - [TEST_STEP][PASSED] - refresh(): Refresh successfully

2019-06-27 17:55:53 - [MESSAGE][PASSED] - Refresh successfully

2019-06-27 17:55:53 - [TEST_STEP][PASSED] - delay(10): Delayed 10 second(s)

2019-06-27 17:56:03 - [MESSAGE][PASSED] - Delayed 10 second(s)

2019-06-27 17:56:03 - [TEST_STEP][PASSED] - refresh(): Refresh successfully

2019-06-27 17:56:03 - [MESSAGE][PASSED] - Refresh successfully

2019-06-27 17:56:03 - [TEST_STEP][PASSED] - delay(3): Delayed 3 second(s)

2019-06-27 17:56:06 - [MESSAGE][PASSED] - Delayed 3 second(s)

2019-06-27 17:56:06 - [TEST_STEP][PASSED] - click(findTestObject("Object Repository/findOrders/Page_cabi Find Orders/Page_cabi Order View/a_(Return Order)")): Object: 'Object Repository/findOrders/Page_cabi Find Orders/Page_cabi Order View/a_(Return Order)' is clicked on

2019-06-27 17:56:10 - [MESSAGE][PASSED] - Object: 'Object Repository/findOrders/Page_cabi Find Orders/Page_cabi Order View/a_(Return Order)' is clicked on

2019-06-27 17:56:10 - [TEST_STEP][PASSED] - delay(3): Delayed 3 second(s)

2019-06-27 17:56:13 - [MESSAGE][PASSED] - Delayed 3 second(s)

2019-06-27 17:56:13 - [TEST_STEP][PASSED] - selectOptionByValue(findTestObject("Object Repository/findOrders/Page_cabi Find Orders/Page_cabi Stylist Create RMA/selectReason1"), "CABI_c", true): All options with value 'CABI_c' are selected in object 'Object Repository/findOrders/Page_cabi Find Orders/Page_cabi Stylist Create RMA/selectReason1'  using regular expression

2019-06-27 17:56:13 - [MESSAGE][PASSED] - All options with value 'CABI_c' are selected in object 'Object Repository/findOrders/Page_cabi Find Orders/Page_cabi Stylist Create RMA/selectReason1'  using regular expression

2019-06-27 17:56:13 - [TEST_STEP][PASSED] - selectOptionByValue(findTestObject("Object Repository/findOrders/Page_cabi Find Orders/Page_cabi Stylist Create RMA/selectReason2"), "CABI_c_a", true): All options with value 'CABI_c_a' are selected in object 'Object Repository/findOrders/Page_cabi Find Orders/Page_cabi Stylist Create RMA/selectReason2'  using regular expression

2019-06-27 17:56:14 - [MESSAGE][PASSED] - All options with value 'CABI_c_a' are selected in object 'Object Repository/findOrders/Page_cabi Find Orders/Page_cabi Stylist Create RMA/selectReason2'  using regular expression

2019-06-27 17:56:14 - [TEST_STEP][PASSED] - click(findTestObject("Object Repository/findOrders/Page_cabi Find Orders/Page_cabi Stylist Create RMA/inputRefund")): Object: 'Object Repository/findOrders/Page_cabi Find Orders/Page_cabi Stylist Create RMA/inputRefund' is clicked on

2019-06-27 17:56:14 - [MESSAGE][PASSED] - Object: 'Object Repository/findOrders/Page_cabi Find Orders/Page_cabi Stylist Create RMA/inputRefund' is clicked on

2019-06-27 17:56:14 - [TEST_STEP][PASSED] - click(findTestObject("Object Repository/findOrders/Page_cabi Find Orders/Page_cabi Stylist Create RMA/a_Next")): Object: 'Object Repository/findOrders/Page_cabi Find Orders/Page_cabi Stylist Create RMA/a_Next' is clicked on

2019-06-27 17:56:14 - [MESSAGE][PASSED] - Object: 'Object Repository/findOrders/Page_cabi Find Orders/Page_cabi Stylist Create RMA/a_Next' is clicked on

2019-06-27 17:56:14 - [TEST_STEP][PASSED] - click(findTestObject("Object Repository/findOrders/Page_cabi Find Orders/Page_cabi Stylist Create RMA/inputPostalService")): Object: 'Object Repository/findOrders/Page_cabi Find Orders/Page_cabi Stylist Create RMA/inputPostalService' is clicked on

2019-06-27 17:56:16 - [MESSAGE][PASSED] - Object: 'Object Repository/findOrders/Page_cabi Find Orders/Page_cabi Stylist Create RMA/inputPostalService' is clicked on

2019-06-27 17:56:16 - [TEST_STEP][PASSED] - click(findTestObject("Object Repository/findOrders/Page_cabi Find Orders/Page_cabi Stylist Create RMA/inputConfirmAdderess")): Object: 'Object Repository/findOrders/Page_cabi Find Orders/Page_cabi Stylist Create RMA/inputConfirmAdderess' is clicked on

2019-06-27 17:56:16 - [MESSAGE][PASSED] - Object: 'Object Repository/findOrders/Page_cabi Find Orders/Page_cabi Stylist Create RMA/inputConfirmAdderess' is clicked on

2019-06-27 17:56:16 - [TEST_STEP][PASSED] - click(findTestObject("Object Repository/findOrders/Page_cabi Find Orders/Page_cabi Stylist Create RMA/a_Next_1")): Object: 'Object Repository/findOrders/Page_cabi Find Orders/Page_cabi Stylist Create RMA/a_Next_1' is clicked on

2019-06-27 17:56:16 - [MESSAGE][PASSED] - Object: 'Object Repository/findOrders/Page_cabi Find Orders/Page_cabi Stylist Create RMA/a_Next_1' is clicked on

2019-06-27 17:56:16 - [TEST_STEP][PASSED] - click(findTestObject("Object Repository/findOrders/Page_cabi Find Orders/Page_cabi Stylist Create RMA/a_Submit RMA")): Object: 'Object Repository/findOrders/Page_cabi Find Orders/Page_cabi Stylist Create RMA/a_Submit RMA' is clicked on

2019-06-27 17:56:18 - [MESSAGE][PASSED] - Object: 'Object Repository/findOrders/Page_cabi Find Orders/Page_cabi Stylist Create RMA/a_Submit RMA' is clicked on

2019-06-27 17:56:18 - [TEST_STEP][PASSED] - click(findTestObject("Object Repository/findOrders/Page_cabi Find Orders/Page_cabi Stylist Create RMA/addonOrder")): Object: 'Object Repository/findOrders/Page_cabi Find Orders/Page_cabi Stylist Create RMA/addonOrder' is clicked on

2019-06-27 17:56:22 - [MESSAGE][PASSED] - Object: 'Object Repository/findOrders/Page_cabi Find Orders/Page_cabi Stylist Create RMA/addonOrder' is clicked on

2019-06-27 17:56:22 - [TEST_STEP][PASSED] - delay(3): Delayed 3 second(s)

2019-06-27 17:56:25 - [MESSAGE][PASSED] - Delayed 3 second(s)

2019-06-27 17:56:25 - [TEST_STEP][PASSED] - click(findTestObject("Object Repository/Page_cabi_addOn_order/a_continue_to_order")): Object: 'Object Repository/Page_cabi_addOn_order/a_continue_to_order' is clicked on

2019-06-27 17:56:25 - [MESSAGE][PASSED] - Object: 'Object Repository/Page_cabi_addOn_order/a_continue_to_order' is clicked on

2019-06-27 17:56:25 - [TEST_STEP][PASSED] - delay(2): Delayed 2 second(s)

2019-06-27 17:56:27 - [MESSAGE][PASSED] - Delayed 2 second(s)

2019-06-27 17:56:27 - [TEST_STEP][PASSED] - callTestCase(findTestCase("NewArrival/productVerifyShort"), ["available":BOAddonPersonal], STOP_ON_FAILURE): Call Test Case 'Test Cases/NewArrival/productVerifyShort' successfully

2019-06-27 17:56:27 - [TEST_CASE][PASSED] - Test Cases/NewArrival/productVerifyShort: Test Cases/NewArrival/productVerifyShort

2019-06-27 17:56:27 - [TEST_STEP][PASSED] - for ([row = 1, row <= findTestData("productData").getRowNumbers(), (row++)]): Delayed 3 second(s)

2019-06-27 17:56:27 - [TEST_STEP][PASSED] - delay(2): Delayed 2 second(s)

2019-06-27 17:56:29 - [MESSAGE][PASSED] - Delayed 2 second(s)

2019-06-27 17:56:29 - [TEST_STEP][PASSED] - setText(findTestObject("Object Repository/Page_cabi Create Order/input_Manual Discount_stylelookup_0"), findTestData("productData").getValue("Style", row)): Text '5618' is set on object 'Object Repository/Page_cabi Create Order/input_Manual Discount_stylelookup_0'

2019-06-27 17:56:30 - [MESSAGE][PASSED] - Text '5618' is set on object 'Object Repository/Page_cabi Create Order/input_Manual Discount_stylelookup_0'

2019-06-27 17:56:30 - [TEST_STEP][PASSED] - delay(2): Delayed 2 second(s)

2019-06-27 17:56:32 - [MESSAGE][PASSED] - Delayed 2 second(s)

2019-06-27 17:56:32 - [TEST_STEP][PASSED] - prod_message = getText(findTestObject("Page_cabi Create Order/first_option")): Text of object 'Object Repository/Page_cabi Create Order/first_option' is: '5618 Breeze Dress (Spring '19)'

2019-06-27 17:56:32 - [MESSAGE][PASSED] - Text of object 'Object Repository/Page_cabi Create Order/first_option' is: '5618 Breeze Dress (Spring '19)'

2019-06-27 17:56:32 - [TEST_STEP][PASSED] - delay(1): Delayed 1 second(s)

2019-06-27 17:56:33 - [MESSAGE][PASSED] - Delayed 1 second(s)

2019-06-27 17:56:33 - [TEST_STEP][PASSED] - click(findTestObject("Page_cabi Create Order/first_option")): Object: 'Object Repository/Page_cabi Create Order/first_option' is clicked on

2019-06-27 17:56:33 - [MESSAGE][PASSED] - Object: 'Object Repository/Page_cabi Create Order/first_option' is clicked on

2019-06-27 17:56:33 - [TEST_STEP][PASSED] - if (toString().equalsIgnoreCase("no")): null

2019-06-27 17:56:33 - [TEST_STEP][PASSED] - else: Delayed 3 second(s)

2019-06-27 17:56:33 - [TEST_STEP][PASSED] - delay(3): Delayed 3 second(s)

2019-06-27 17:56:36 - [MESSAGE][PASSED] - Delayed 3 second(s)

2019-06-27 17:56:36 - [TEST_STEP][PASSED] - s1 = getValue("Style", row).toString(): null

2019-06-27 17:56:36 - [TEST_STEP][PASSED] - s2 = " ": null

2019-06-27 17:56:36 - [TEST_STEP][PASSED] - s3 = getValue("Description", row).toString(): null

2019-06-27 17:56:36 - [TEST_STEP][PASSED] - expectedStyleDescription = $s1$s2$s3: null

2019-06-27 17:56:36 - [TEST_STEP][PASSED] - prod_message = UtilityMethods.splitStyle(prod_message): null

2019-06-27 17:56:36 - [TEST_STEP][PASSED] - println(prod_message): null

2019-06-27 17:56:36 - [TEST_STEP][PASSED] - assert prod_message.equalsIgnoreCase(expectedStyleDescription): null

2019-06-27 17:56:36 - [TEST_STEP][PASSED] - delay(3): Delayed 3 second(s)

2019-06-27 17:56:39 - [MESSAGE][PASSED] - Delayed 3 second(s)

2019-06-27 17:56:39 - [TEST_STEP][PASSED] - colorOptions = findWebElements(findTestObject("Page_cabi Order Items/GetAttribute_Color"), 5): null

2019-06-27 17:56:39 - [TEST_STEP][PASSED] - println(colorOptions.size()): null

2019-06-27 17:56:39 - [TEST_STEP][PASSED] - expectedColour = findTestData("productData").getValue("Color", row): null

2019-06-27 17:56:39 - [TEST_STEP][PASSED] - println("expected colour is"): null

2019-06-27 17:56:39 - [TEST_STEP][PASSED] - println(expectedColour): null

2019-06-27 17:56:39 - [TEST_STEP][PASSED] - colourVerified = false: null

2019-06-27 17:56:39 - [TEST_STEP][PASSED] - for (org.openqa.selenium.WebElement op : colorOptions): null

2019-06-27 17:56:39 - [TEST_STEP][PASSED] - println(op.getText()): null

2019-06-27 17:56:39 - [TEST_STEP][PASSED] - if (expectedColour.equalsIgnoreCase(op.getText())): null

2019-06-27 17:56:39 - [TEST_STEP][PASSED] - colourVerified = true: null

2019-06-27 17:56:39 - [TEST_STEP][PASSED] - break: null

2019-06-27 17:56:39 - [TEST_STEP][PASSED] - assert colourVerified == true: null

2019-06-27 17:56:39 - [TEST_STEP][PASSED] - getPrice = getText(findTestObject("Page_cabi Create Order/retail_price")): Text of object 'Object Repository/Page_cabi Create Order/retail_price' is: '$119.00'

2019-06-27 17:56:39 - [MESSAGE][PASSED] - Text of object 'Object Repository/Page_cabi Create Order/retail_price' is: '$119.00'

2019-06-27 17:56:39 - [TEST_STEP][PASSED] - Split_Data = UtilityMethods.SplitData(getPrice): null

2019-06-27 17:56:39 - [TEST_STEP][PASSED] - verifyMatch(Split_Data, findTestData("productData").getValue("Retail", row), true): Actual text '119' and expected text '119' are matched  using regular expression

2019-06-27 17:56:39 - [MESSAGE][PASSED] - Actual text '119' and expected text '119' are matched  using regular expression

2019-06-27 17:56:39 - [TEST_STEP][PASSED] - sizeRange1 = ["XXS", "XS", "S", "M", "L", "XL"]: null

2019-06-27 17:56:39 - [TEST_STEP][PASSED] - sizeRange2 = ["00", "0", "2", "4", "6", "8", "10", "12", "14", "16"]: null

2019-06-27 17:56:39 - [TEST_STEP][PASSED] - sizeRange3 = ["Long", "Regular", "Short"]: null

2019-06-27 17:56:39 - [TEST_STEP][PASSED] - sizeRange4 = ["5", "6", "6.5", "7", "7.5", "8", "8.5", "9", "9.5", "10", "11"]: null

2019-06-27 17:56:39 - [TEST_STEP][PASSED] - sizeRangeSplit = UtilityMethods.SplitSizes(findTestData("productData").getValue("SzRange", row)): null

2019-06-27 17:56:39 - [TEST_STEP][PASSED] - sizeType = getText(findTestObject("Object Repository/Page_cabi Order Items/Size")): Text of object 'Object Repository/Page_cabi Order Items/Size' is: 'Select'

2019-06-27 17:56:39 - [MESSAGE][PASSED] - Text of object 'Object Repository/Page_cabi Order Items/Size' is: 'Select'

2019-06-27 17:56:39 - [TEST_STEP][PASSED] - sizeOptions = findWebElements(findTestObject("Object Repository/Page_cabi Order Items/Size"), 5): null

2019-06-27 17:56:39 - [TEST_STEP][PASSED] - actualRange = new java.util.ArrayList(): null

2019-06-27 17:56:39 - [TEST_STEP][PASSED] - expectedRange = <not implemented yet for class: org.codehaus.groovy.ast.expr.EmptyExpression>: null

2019-06-27 17:56:39 - [TEST_STEP][PASSED] - if (sizeType.equalsIgnoreCase("Select")): null

2019-06-27 17:56:39 - [TEST_STEP][PASSED] - for ([i = 1, i < sizeOptions.size(), (i++)]): null

2019-06-27 17:56:39 - [TEST_STEP][PASSED] - actualRange.add(get(i).getText()): null

2019-06-27 17:56:39 - [TEST_STEP][PASSED] - actualRange.add(get(i).getText()): null

2019-06-27 17:56:39 - [TEST_STEP][PASSED] - actualRange.add(get(i).getText()): null

2019-06-27 17:56:39 - [TEST_STEP][PASSED] - actualRange.add(get(i).getText()): null

2019-06-27 17:56:39 - [TEST_STEP][PASSED] - actualRange.add(get(i).getText()): null

2019-06-27 17:56:39 - [TEST_STEP][PASSED] - if (toString().equalsIgnoreCase("XS") || toString().equalsIgnoreCase("XXS")): null

2019-06-27 17:56:39 - [TEST_STEP][PASSED] - expectedRange = UtilityMethods.getExpectedRange(sizeRange1, sizeRangeSplit): null

2019-06-27 17:56:39 - [TEST_STEP][PASSED] - println("XS"): null

2019-06-27 17:56:39 - [TEST_STEP][PASSED] - println(expectedRange.toString()): null

2019-06-27 17:56:39 - [TEST_STEP][PASSED] - assert UtilityMethods.listEquals(expectedRange, actualRange) == true: null

2019-06-27 17:56:39 - [TEST_STEP][PASSED] - delay(3): Delayed 3 second(s)

2019-06-27 17:56:42 - [MESSAGE][PASSED] - Delayed 3 second(s)

2019-06-27 17:56:42 - [MESSAGE][PASSED] - Call Test Case 'Test Cases/NewArrival/productVerifyShort' successfully

2019-06-27 17:56:42 - [TEST_STEP][PASSED] - callTestCase(findTestCase("NewArrival/populateTimeGlobalVars"), ["row":timeRow], STOP_ON_FAILURE): Call Test Case 'Test Cases/NewArrival/populateTimeGlobalVars' successfully

2019-06-27 17:56:42 - [TEST_CASE][PASSED] - Test Cases/NewArrival/populateTimeGlobalVars: Test Cases/NewArrival/populateTimeGlobalVars

2019-06-27 17:56:42 - [TEST_STEP][PASSED] - dataFile = "timezoneData": null

2019-06-27 17:56:42 - [TEST_STEP][PASSED] - serverTarget = UtilityMethods.getTestData(dataFile, "serverTarget", row): null

2019-06-27 17:56:42 - [TEST_STEP][PASSED] - orderType = UtilityMethods.getTestData(dataFile, "orderType", row): null

2019-06-27 17:56:42 - [TEST_STEP][PASSED] - timeZone = UtilityMethods.getTestData(dataFile, "timeZone", row): null

2019-06-27 17:56:42 - [TEST_STEP][PASSED] - BOPersonal = UtilityMethods.getTestData(dataFile, "BOPersonal", row): null

2019-06-27 17:56:42 - [TEST_STEP][PASSED] - BOAddonPersonal = UtilityMethods.getTestData(dataFile, "BOAddonPersonal", row): null

2019-06-27 17:56:42 - [TEST_STEP][PASSED] - BOAddonRetail = UtilityMethods.getTestData(dataFile, "BOAddonRetail", row): null

2019-06-27 17:56:42 - [TEST_STEP][PASSED] - BORetail = UtilityMethods.getTestData(dataFile, "BORetail", row): null

2019-06-27 17:56:42 - [TEST_STEP][PASSED] - BOShow = UtilityMethods.getTestData(dataFile, "BOShow", row): null

2019-06-27 17:56:43 - [TEST_STEP][PASSED] - BOOnlineoutlet = UtilityMethods.getTestData(dataFile, "BOOnlineoutlet", row): null

2019-06-27 17:56:43 - [TEST_STEP][PASSED] - BOEmployee = UtilityMethods.getTestData(dataFile, "BOEmployee", row): null

2019-06-27 17:56:43 - [TEST_STEP][PASSED] - CCPersonal = UtilityMethods.getTestData(dataFile, "CCPersonal", row): null

2019-06-27 17:56:43 - [TEST_STEP][PASSED] - CCRetail = UtilityMethods.getTestData(dataFile, "CCRetail", row): null

2019-06-27 17:56:43 - [TEST_STEP][PASSED] - CCShow = UtilityMethods.getTestData(dataFile, "CCShow", row): null

2019-06-27 17:56:43 - [TEST_STEP][PASSED] - BOEblast = UtilityMethods.getTestData(dataFile, "BOEblast", row): null

2019-06-27 17:56:43 - [MESSAGE][PASSED] - Call Test Case 'Test Cases/NewArrival/populateTimeGlobalVars' successfully

2019-06-27 17:56:43 - [TEST_STEP][PASSED] - callTestCase(findTestCase("NewArrival/setTimezone"), ["ofbizURL":"", "ofbizuser":"", "ofbizpass":"", "orderType":orderType, "timeZone":timeZone, "serverTarget":serverTarget], STOP_ON_FAILURE): Call Test Case 'Test Cases/NewArrival/setTimezone' successfully

2019-06-27 17:56:43 - [TEST_CASE][PASSED] - Test Cases/NewArrival/setTimezone: Test Cases/NewArrival/setTimezone

2019-06-27 17:56:43 - [TEST_STEP][NOT_RUN] - openBrowser(""): NOT_RUN: openBrowser("")

2019-06-27 17:56:43 - [MESSAGE][NOT_RUN] - NOT_RUN: openBrowser("")

2019-06-27 17:56:43 - [TEST_STEP][NOT_RUN] - maximizeWindow(): NOT_RUN: maximizeWindow()

2019-06-27 17:56:43 - [MESSAGE][NOT_RUN] - NOT_RUN: maximizeWindow()

2019-06-27 17:56:43 - [TEST_STEP][PASSED] - ofbizURL = findTestData("credData").getValue("ofbizURL", 1): null

2019-06-27 17:56:43 - [TEST_STEP][PASSED] - ofbizuser = findTestData("credData").getValue("ofbizuser", 1): null

2019-06-27 17:56:43 - [TEST_STEP][PASSED] - ofbizpass = findTestData("credData").getValue("ofbizpass", 1): null

2019-06-27 17:56:43 - [TEST_STEP][PASSED] - navigateToUrl(ofbizURL): Navigate to 'https://pushofbiz.cliotest.com/login.php' successfully

2019-06-27 17:56:45 - [MESSAGE][PASSED] - Navigate to 'https://pushofbiz.cliotest.com/login.php' successfully

2019-06-27 17:56:45 - [TEST_STEP][PASSED] - setText(findTestObject("Page_/input_Username_username"), ofbizuser): Text 'automation' is set on object 'Object Repository/Page_/input_Username_username'

2019-06-27 17:56:45 - [MESSAGE][PASSED] - Text 'automation' is set on object 'Object Repository/Page_/input_Username_username'

2019-06-27 17:56:45 - [TEST_STEP][PASSED] - setText(findTestObject("Page_/input_Password_password"), ofbizpass): Text 'cabiautomation' is set on object 'Object Repository/Page_/input_Password_password'

2019-06-27 17:56:45 - [MESSAGE][PASSED] - Text 'cabiautomation' is set on object 'Object Repository/Page_/input_Password_password'

2019-06-27 17:56:45 - [TEST_STEP][PASSED] - click(findTestObject("Page_/input_Password_Submit")): Object: 'Object Repository/Page_/input_Password_Submit' is clicked on

2019-06-27 17:56:48 - [MESSAGE][PASSED] - Object: 'Object Repository/Page_/input_Password_Submit' is clicked on

2019-06-27 17:56:48 - [TEST_STEP][PASSED] - click(findTestObject("Object Repository/Page_/a_Clock set")): Object: 'Object Repository/Page_/a_Clock set' is clicked on

2019-06-27 17:56:49 - [MESSAGE][PASSED] - Object: 'Object Repository/Page_/a_Clock set' is clicked on

2019-06-27 17:56:49 - [TEST_STEP][PASSED] - click(UtilityMethods.createTestObject("select_target", "//select[@name='Target']/option[contains(text(), '", serverTarget, "')]")): Object: 'select_target' is clicked on

2019-06-27 17:56:49 - [MESSAGE][PASSED] - Object: 'select_target' is clicked on

2019-06-27 17:56:49 - [TEST_STEP][PASSED] - click(findTestObject("Page_/thisDateAndTime")): Object: 'Object Repository/Page_/thisDateAndTime' is clicked on

2019-06-27 17:56:49 - [MESSAGE][PASSED] - Object: 'Object Repository/Page_/thisDateAndTime' is clicked on

2019-06-27 17:56:49 - [TEST_STEP][PASSED] - setText(findTestObject("Object Repository/Page_/setTargetTime"), timeZone): Text ' 04/25/2019 12:00' is set on object 'Object Repository/Page_/setTargetTime'

2019-06-27 17:56:49 - [MESSAGE][PASSED] - Text ' 04/25/2019 12:00' is set on object 'Object Repository/Page_/setTargetTime'

2019-06-27 17:56:49 - [TEST_STEP][PASSED] - click(findTestObject("Object Repository/Page_/input")): Object: 'Object Repository/Page_/input' is clicked on

2019-06-27 17:56:50 - [MESSAGE][PASSED] - Object: 'Object Repository/Page_/input' is clicked on

2019-06-27 17:56:50 - [TEST_STEP][PASSED] - delay(10): Delayed 10 second(s)

2019-06-27 17:57:00 - [MESSAGE][PASSED] - Delayed 10 second(s)

2019-06-27 17:57:00 - [TEST_STEP][NOT_RUN] - closeBrowser(): NOT_RUN: closeBrowser()

2019-06-27 17:57:00 - [MESSAGE][NOT_RUN] - NOT_RUN: closeBrowser()

2019-06-27 17:57:00 - [MESSAGE][PASSED] - Call Test Case 'Test Cases/NewArrival/setTimezone' successfully

2019-06-27 17:57:00 - [TEST_STEP][PASSED] - callTestCase(findTestCase("TestCaseUtilities/backOfficeLogin"), ["BOURL":"", "BOuser":"", "BOpass":""], STOP_ON_FAILURE): Call Test Case 'Test Cases/TestCaseUtilities/backOfficeLogin' successfully

2019-06-27 17:57:00 - [TEST_CASE][PASSED] - Test Cases/TestCaseUtilities/backOfficeLogin: Test Cases/TestCaseUtilities/backOfficeLogin

2019-06-27 17:57:00 - [TEST_STEP][PASSED] - BOURL = findTestData("credData").getValue("BOURL", 1): null

2019-06-27 17:57:00 - [TEST_STEP][PASSED] - BOuser = findTestData("credData").getValue("BOuser", 1): null

2019-06-27 17:57:00 - [TEST_STEP][PASSED] - BOpass = findTestData("credData").getValue("BOpass", 1): null

2019-06-27 17:57:00 - [TEST_STEP][PASSED] - navigateToUrl(BOURL): Navigate to 'https://test14.cliotest.com/backoffice/control/main' successfully

2019-06-27 17:57:02 - [MESSAGE][PASSED] - Navigate to 'https://test14.cliotest.com/backoffice/control/main' successfully

2019-06-27 17:57:02 - [TEST_STEP][PASSED] - logOut = findWebElements(findTestObject("Object Repository/Page_cabi Home/log_out"), 1): Unable to find the element located by 'By.xpath: //a[contains(text(),'Log Out')]'. Please recheck the objects properties to make sure the desired element is located. 

2019-06-27 17:57:03 - [MESSAGE][INFO] - Unable to find the element located by 'By.xpath: //a[contains(text(),'Log Out')]'. Please recheck the objects properties to make sure the desired element is located. 

2019-06-27 17:57:03 - [TEST_STEP][PASSED] - if (logOut.size() == 0): Object: 'Object Repository/Page_cabi/input_Welcome to_consultantLogin' is clicked on

2019-06-27 17:57:03 - [TEST_STEP][PASSED] - setText(findTestObject("Page_cabi/input_Welcome to_USERNAME"), BOuser): Text '400000002' is set on object 'Object Repository/Page_cabi/input_Welcome to_USERNAME'

2019-06-27 17:57:04 - [MESSAGE][PASSED] - Text '400000002' is set on object 'Object Repository/Page_cabi/input_Welcome to_USERNAME'

2019-06-27 17:57:04 - [TEST_STEP][PASSED] - setText(findTestObject("Object Repository/Page_cabi/input_Welcome to_PASSWORD"), BOpass): Text 'blackdress19' is set on object 'Object Repository/Page_cabi/input_Welcome to_PASSWORD'

2019-06-27 17:57:04 - [MESSAGE][PASSED] - Text 'blackdress19' is set on object 'Object Repository/Page_cabi/input_Welcome to_PASSWORD'

2019-06-27 17:57:04 - [TEST_STEP][PASSED] - click(findTestObject("Object Repository/Page_cabi/input_Welcome to_consultantLogin")): Object: 'Object Repository/Page_cabi/input_Welcome to_consultantLogin' is clicked on

2019-06-27 17:57:09 - [MESSAGE][PASSED] - Object: 'Object Repository/Page_cabi/input_Welcome to_consultantLogin' is clicked on

2019-06-27 17:57:09 - [TEST_STEP][PASSED] - delay(3): Delayed 3 second(s)

2019-06-27 17:57:12 - [MESSAGE][PASSED] - Delayed 3 second(s)

2019-06-27 17:57:12 - [MESSAGE][PASSED] - Call Test Case 'Test Cases/TestCaseUtilities/backOfficeLogin' successfully

2019-06-27 17:57:12 - [TEST_STEP][PASSED] - click(findTestObject("Page_cabi Home/a_Shows  Orders")): Object: 'Object Repository/Page_cabi Home/a_Shows  Orders' is clicked on

2019-06-27 17:57:12 - [MESSAGE][PASSED] - Object: 'Object Repository/Page_cabi Home/a_Shows  Orders' is clicked on

2019-06-27 17:57:12 - [TEST_STEP][PASSED] - delay(1): Delayed 1 second(s)

2019-06-27 17:57:13 - [MESSAGE][PASSED] - Delayed 1 second(s)

2019-06-27 17:57:13 - [TEST_STEP][PASSED] - click(findTestObject("Page_cabi Home/a_personal_purchases")): Object: 'Object Repository/Page_cabi Home/a_personal_purchases' is clicked on

2019-06-27 17:57:17 - [MESSAGE][PASSED] - Object: 'Object Repository/Page_cabi Home/a_personal_purchases' is clicked on

2019-06-27 17:57:17 - [TEST_STEP][PASSED] - click(findTestObject("Page_cabi Personal Store/span_Continue to Order")): Object: 'Object Repository/Page_cabi Personal Store/span_Continue to Order' is clicked on

2019-06-27 17:57:17 - [MESSAGE][PASSED] - Object: 'Object Repository/Page_cabi Personal Store/span_Continue to Order' is clicked on

2019-06-27 17:57:17 - [TEST_STEP][PASSED] - delay(5): Delayed 5 second(s)

2019-06-27 17:57:22 - [MESSAGE][PASSED] - Delayed 5 second(s)

2019-06-27 17:57:22 - [TEST_STEP][PASSED] - emptyCart = findWebElements(findTestObject("Object Repository/Page_cabi Personal Store/removeFromCart"), 5): Unable to find the element located by 'By.xpath: //*[@id="removeFromCart_0"]/span'. Please recheck the objects properties to make sure the desired element is located. 

2019-06-27 17:57:27 - [MESSAGE][INFO] - Unable to find the element located by 'By.xpath: //*[@id="removeFromCart_0"]/span'. Please recheck the objects properties to make sure the desired element is located. 

2019-06-27 17:57:27 - [TEST_STEP][PASSED] - while (emptyCart.size() > 0): null

2019-06-27 17:57:27 - [TEST_STEP][PASSED] - click(findTestObject("Object Repository/Page_cabi Create Order/input_Manual Discount_stylelookup_0")): Object: 'Object Repository/Page_cabi Create Order/input_Manual Discount_stylelookup_0' is clicked on

2019-06-27 17:57:27 - [MESSAGE][PASSED] - Object: 'Object Repository/Page_cabi Create Order/input_Manual Discount_stylelookup_0' is clicked on

2019-06-27 17:57:27 - [TEST_STEP][PASSED] - setText(findTestObject("Object Repository/Page_cabi Create Order/input_Manual Discount_stylelookup_0"), addOnStyle): Text '5447' is set on object 'Object Repository/Page_cabi Create Order/input_Manual Discount_stylelookup_0'

2019-06-27 17:57:28 - [MESSAGE][PASSED] - Text '5447' is set on object 'Object Repository/Page_cabi Create Order/input_Manual Discount_stylelookup_0'

2019-06-27 17:57:28 - [TEST_STEP][PASSED] - delay(3): Delayed 3 second(s)

2019-06-27 17:57:31 - [MESSAGE][PASSED] - Delayed 3 second(s)

2019-06-27 17:57:31 - [TEST_STEP][PASSED] - prod_message = getText(findTestObject("Page_cabi Create Order/first_option")): Text of object 'Object Repository/Page_cabi Create Order/first_option' is: '5447 Bishop Cardigan'

2019-06-27 17:57:31 - [MESSAGE][PASSED] - Text of object 'Object Repository/Page_cabi Create Order/first_option' is: '5447 Bishop Cardigan'

2019-06-27 17:57:31 - [TEST_STEP][PASSED] - click(findTestObject("Page_cabi Create Order/first_option")): Object: 'Object Repository/Page_cabi Create Order/first_option' is clicked on

2019-06-27 17:57:31 - [MESSAGE][PASSED] - Object: 'Object Repository/Page_cabi Create Order/first_option' is clicked on

2019-06-27 17:57:31 - [TEST_STEP][PASSED] - delay(5): Delayed 5 second(s)

2019-06-27 17:57:36 - [MESSAGE][PASSED] - Delayed 5 second(s)

2019-06-27 17:57:36 - [TEST_STEP][PASSED] - click(findTestObject("Object Repository/Page_cabi Order Items/selectSize")): Object: 'Object Repository/Page_cabi Order Items/selectSize' is clicked on

2019-06-27 17:57:36 - [MESSAGE][PASSED] - Object: 'Object Repository/Page_cabi Order Items/selectSize' is clicked on

2019-06-27 17:57:36 - [TEST_STEP][PASSED] - click(findTestObject("Object Repository/Page_cabi Order Items/span_Add to Cart")): Object: 'Object Repository/Page_cabi Order Items/span_Add to Cart' is clicked on

2019-06-27 17:57:36 - [MESSAGE][PASSED] - Object: 'Object Repository/Page_cabi Order Items/span_Add to Cart' is clicked on

2019-06-27 17:57:36 - [TEST_STEP][PASSED] - delay(3): Delayed 3 second(s)

2019-06-27 17:57:39 - [MESSAGE][PASSED] - Delayed 3 second(s)

2019-06-27 17:57:39 - [TEST_STEP][PASSED] - click(findTestObject("Object Repository/Page_cabi Order Items/span_Continue to Shipping")): Object: 'Object Repository/Page_cabi Order Items/span_Continue to Shipping' is clicked on

2019-06-27 17:57:39 - [MESSAGE][PASSED] - Object: 'Object Repository/Page_cabi Order Items/span_Continue to Shipping' is clicked on

2019-06-27 17:57:39 - [TEST_STEP][PASSED] - click(findTestObject("Page_cabi Personal Store/nextButtonShipping")): Object: 'Object Repository/Page_cabi Personal Store/nextButtonShipping' is clicked on

2019-06-27 17:57:40 - [MESSAGE][PASSED] - Object: 'Object Repository/Page_cabi Personal Store/nextButtonShipping' is clicked on

2019-06-27 17:57:40 - [TEST_STEP][PASSED] - delay(3): Delayed 3 second(s)

2019-06-27 17:57:43 - [MESSAGE][PASSED] - Delayed 3 second(s)

2019-06-27 17:57:43 - [TEST_STEP][PASSED] - click(findTestObject("Page_cabi Personal Store/makeFirstPayment")): Object: 'Object Repository/Page_cabi Personal Store/makeFirstPayment' is clicked on

2019-06-27 17:57:43 - [MESSAGE][PASSED] - Object: 'Object Repository/Page_cabi Personal Store/makeFirstPayment' is clicked on

2019-06-27 17:57:43 - [TEST_STEP][PASSED] - click(findTestObject("Page_cabi Personal Store/submitPayment")): Object: 'Object Repository/Page_cabi Personal Store/submitPayment' is clicked on

2019-06-27 17:57:43 - [MESSAGE][PASSED] - Object: 'Object Repository/Page_cabi Personal Store/submitPayment' is clicked on

2019-06-27 17:57:43 - [TEST_STEP][PASSED] - click(findTestObject("Page_cabi Personal Store/submitOrderId")): Object: 'Object Repository/Page_cabi Personal Store/submitOrderId' is clicked on

2019-06-27 17:57:46 - [MESSAGE][PASSED] - Object: 'Object Repository/Page_cabi Personal Store/submitOrderId' is clicked on

2019-06-27 17:57:46 - [TEST_STEP][PASSED] - successMsg = "": null

2019-06-27 17:57:46 - [TEST_STEP][PASSED] - orderSuccess = false: null

2019-06-27 17:57:46 - [TEST_STEP][PASSED] - successMsgs = findWebElements(findTestObject("Object Repository/Page_cabi Personal Store/p_success_msg"), 5): null

2019-06-27 17:57:46 - [TEST_STEP][PASSED] - if (successMsgs.size() > 0): Text of object 'Object Repository/Page_cabi Personal Store/p_order_id' is: 'PR708035523'

2019-06-27 17:57:46 - [TEST_STEP][PASSED] - successMsg = getText(findTestObject("Object Repository/Page_cabi Personal Store/p_success_msg")): Text of object 'Object Repository/Page_cabi Personal Store/p_success_msg' is: 'Order Created Successfully!!
Order #:  PR708035523

CONTINUE SHOPPING'

2019-06-27 17:57:46 - [MESSAGE][PASSED] - Text of object 'Object Repository/Page_cabi Personal Store/p_success_msg' is: 'Order Created Successfully!!
Order #:  PR708035523

CONTINUE SHOPPING'

2019-06-27 17:57:46 - [TEST_STEP][PASSED] - orderSuccess = true: null

2019-06-27 17:57:46 - [TEST_STEP][PASSED] - addOnOrderId = getText(findTestObject("Object Repository/Page_cabi Personal Store/p_order_id")): Text of object 'Object Repository/Page_cabi Personal Store/p_order_id' is: 'PR708035523'

2019-06-27 17:57:46 - [MESSAGE][PASSED] - Text of object 'Object Repository/Page_cabi Personal Store/p_order_id' is: 'PR708035523'

2019-06-27 17:57:46 - [TEST_STEP][PASSED] - assert orderSuccess == true: null

2019-06-27 17:57:46 - [TEST_STEP][PASSED] - callTestCase(findTestCase("NewArrival/warehouseShipping"), ["orderId":addOnOrderId], STOP_ON_FAILURE): Call Test Case 'Test Cases/NewArrival/warehouseShipping' successfully

2019-06-27 17:57:46 - [TEST_CASE][PASSED] - Test Cases/NewArrival/warehouseShipping: Test Cases/NewArrival/warehouseShipping

2019-06-27 17:57:46 - [TEST_STEP][PASSED] - callTestCase(findTestCase("TestCaseUtilities/cabiWarehouseLogin"), ["CWURL":"", "CWuser":"", "CWpass":""], STOP_ON_FAILURE): Call Test Case 'Test Cases/TestCaseUtilities/cabiWarehouseLogin' successfully

2019-06-27 17:57:47 - [TEST_CASE][PASSED] - Test Cases/TestCaseUtilities/cabiWarehouseLogin: Test Cases/TestCaseUtilities/cabiWarehouseLogin

2019-06-27 17:57:47 - [TEST_STEP][PASSED] - CWURL = findTestData("credData").getValue("CWURL", 1): null

2019-06-27 17:57:47 - [TEST_STEP][PASSED] - CWuser = findTestData("credData").getValue("CWuser", 1): null

2019-06-27 17:57:47 - [TEST_STEP][PASSED] - CWpass = findTestData("credData").getValue("CWpass", 1): null

2019-06-27 17:57:47 - [TEST_STEP][PASSED] - openBrowser(""): Browser is opened with url: ''

2019-06-27 17:57:47 - [MESSAGE][WARNING] - A browser is already opened. Closing browser and opening a new one

2019-06-27 17:57:47 - [MESSAGE][INFO] - Starting 'Chrome' driver

2019-06-27 17:57:47 - [MESSAGE][INFO] - User set preference: ['args', '[--use-fake-ui-for-media-stream, --start-maximized]']

2019-06-27 17:57:50 - [MESSAGE][PASSED] - Browser is opened with url: ''

2019-06-27 17:57:50 - [TEST_STEP][PASSED] - navigateToUrl(CWURL): Navigate to 'https://test14.cliotest.com/warehouse/control/main' successfully

2019-06-27 17:57:56 - [MESSAGE][PASSED] - Navigate to 'https://test14.cliotest.com/warehouse/control/main' successfully

2019-06-27 17:57:56 - [TEST_STEP][PASSED] - logOut = findWebElements(findTestObject("Object Repository/Cabi warehouse/Page_cabi_home/log_out"), 1): Unable to find the element located by 'By.xpath: //li/a[contains(text(), 'Log Out »')]'. Please recheck the objects properties to make sure the desired element is located. 

2019-06-27 17:57:57 - [MESSAGE][INFO] - Unable to find the element located by 'By.xpath: //li/a[contains(text(), 'Log Out »')]'. Please recheck the objects properties to make sure the desired element is located. 

2019-06-27 17:57:57 - [TEST_STEP][PASSED] - if (logOut.size() == 0): Object: 'Object Repository/Cabi warehouse/Page_cabi/input_Password_section-btn btn-stl-pk rFloat' is clicked on

2019-06-27 17:57:57 - [TEST_STEP][PASSED] - setText(findTestObject("Object Repository/Cabi warehouse/Page_cabi/input_Username_USERNAME"), CWuser): Text 'rsuarez' is set on object 'Object Repository/Cabi warehouse/Page_cabi/input_Username_USERNAME'

2019-06-27 17:57:57 - [MESSAGE][PASSED] - Text 'rsuarez' is set on object 'Object Repository/Cabi warehouse/Page_cabi/input_Username_USERNAME'

2019-06-27 17:57:57 - [TEST_STEP][PASSED] - setText(findTestObject("Object Repository/Cabi warehouse/Page_cabi/input_Password_PASSWORD"), CWpass): Text 'blackdress19' is set on object 'Object Repository/Cabi warehouse/Page_cabi/input_Password_PASSWORD'

2019-06-27 17:57:57 - [MESSAGE][PASSED] - Text 'blackdress19' is set on object 'Object Repository/Cabi warehouse/Page_cabi/input_Password_PASSWORD'

2019-06-27 17:57:57 - [TEST_STEP][PASSED] - click(findTestObject("Object Repository/Cabi warehouse/Page_cabi/input_Password_section-btn btn-stl-pk rFloat")): Object: 'Object Repository/Cabi warehouse/Page_cabi/input_Password_section-btn btn-stl-pk rFloat' is clicked on

2019-06-27 17:57:58 - [MESSAGE][PASSED] - Object: 'Object Repository/Cabi warehouse/Page_cabi/input_Password_section-btn btn-stl-pk rFloat' is clicked on

2019-06-27 17:57:58 - [TEST_STEP][PASSED] - delay(3): Delayed 3 second(s)

2019-06-27 17:58:01 - [MESSAGE][PASSED] - Delayed 3 second(s)

2019-06-27 17:58:01 - [MESSAGE][PASSED] - Call Test Case 'Test Cases/TestCaseUtilities/cabiWarehouseLogin' successfully

2019-06-27 17:58:01 - [TEST_STEP][PASSED] - click(findTestObject("Page_cabi Manage PickLists/a_Create PickLists")): Object: 'Object Repository/Page_cabi Manage PickLists/a_Create PickLists' is clicked on

2019-06-27 17:58:09 - [MESSAGE][PASSED] - Object: 'Object Repository/Page_cabi Manage PickLists/a_Create PickLists' is clicked on

2019-06-27 17:58:09 - [TEST_STEP][PASSED] - click(findTestObject("Object Repository/findOrders/Page_cabi Find Orders/Page_cabi SampleLine Shipment Screen/a_Single Order")): Object: 'Object Repository/findOrders/Page_cabi Find Orders/Page_cabi SampleLine Shipment Screen/a_Single Order' is clicked on

2019-06-27 17:58:10 - [MESSAGE][PASSED] - Object: 'Object Repository/findOrders/Page_cabi Find Orders/Page_cabi SampleLine Shipment Screen/a_Single Order' is clicked on

2019-06-27 17:58:10 - [TEST_STEP][PASSED] - setText(findTestObject("Page_cabi Create Single Order PickList/input_Order Id_orderId"), orderId): Text 'PR708035523' is set on object 'Object Repository/Page_cabi Create Single Order PickList/input_Order Id_orderId'

2019-06-27 17:58:10 - [MESSAGE][PASSED] - Text 'PR708035523' is set on object 'Object Repository/Page_cabi Create Single Order PickList/input_Order Id_orderId'

2019-06-27 17:58:10 - [TEST_STEP][PASSED] - click(findTestObject("Page_cabi Create Single Order PickList/input_Create even if fully backordered_submitButton")): Object: 'Object Repository/Page_cabi Create Single Order PickList/input_Create even if fully backordered_submitButton' is clicked on

2019-06-27 17:58:11 - [MESSAGE][PASSED] - Object: 'Object Repository/Page_cabi Create Single Order PickList/input_Create even if fully backordered_submitButton' is clicked on

2019-06-27 17:58:11 - [TEST_STEP][PASSED] - pickListCreated = findWebElements(findTestObject("Cabi warehouse/picklistCreatedMessage"), 5): null

2019-06-27 17:58:11 - [TEST_STEP][PASSED] - if (pickListCreated.size() == 0): null

2019-06-27 17:58:11 - [TEST_STEP][PASSED] - picklistCreatedMessage = UtilityMethods.concat("Picklist for order: [", orderId, "] has been created successfully."): null

2019-06-27 17:58:11 - [TEST_STEP][PASSED] - verifyElementText(findTestObject("Cabi warehouse/picklistCreatedMessage"), picklistCreatedMessage): Actual text and expected text of test object 'Object Repository/Cabi warehouse/picklistCreatedMessage' are matched.

2019-06-27 17:58:11 - [MESSAGE][PASSED] - Actual text and expected text of test object 'Object Repository/Cabi warehouse/picklistCreatedMessage' are matched.

2019-06-27 17:58:11 - [TEST_STEP][PASSED] - click(findTestObject("Page_cabi Create Single Order PickList/a_Manage PickLists")): Object: 'Object Repository/Page_cabi Create Single Order PickList/a_Manage PickLists' is clicked on

2019-06-27 17:58:12 - [MESSAGE][PASSED] - Object: 'Object Repository/Page_cabi Create Single Order PickList/a_Manage PickLists' is clicked on

2019-06-27 17:58:12 - [TEST_STEP][PASSED] - setText(findTestObject("Page_cabi Manage PickLists/input_Order _orderId"), orderId): Text 'PR708035523' is set on object 'Object Repository/Page_cabi Manage PickLists/input_Order _orderId'

2019-06-27 17:58:12 - [MESSAGE][PASSED] - Text 'PR708035523' is set on object 'Object Repository/Page_cabi Manage PickLists/input_Order _orderId'

2019-06-27 17:58:12 - [TEST_STEP][PASSED] - click(findTestObject("Page_cabi Manage PickLists/input")): Object: 'Object Repository/Page_cabi Manage PickLists/input' is clicked on

2019-06-27 17:58:13 - [MESSAGE][PASSED] - Object: 'Object Repository/Page_cabi Manage PickLists/input' is clicked on

2019-06-27 17:58:13 - [TEST_STEP][PASSED] - delay(3): Delayed 3 second(s)

2019-06-27 17:58:16 - [MESSAGE][PASSED] - Delayed 3 second(s)

2019-06-27 17:58:16 - [TEST_STEP][PASSED] - click(findTestObject("Page_cabi Manage PickLists/td_104238610")): Object: 'Object Repository/Page_cabi Manage PickLists/td_104238610' is clicked on

2019-06-27 17:58:16 - [MESSAGE][PASSED] - Object: 'Object Repository/Page_cabi Manage PickLists/td_104238610' is clicked on

2019-06-27 17:58:16 - [TEST_STEP][PASSED] - picklistId = getText(findTestObject("Page_cabi Manage PickLists/td_104238610")): Text of object 'Object Repository/Page_cabi Manage PickLists/td_104238610' is: '104302031'

2019-06-27 17:58:16 - [MESSAGE][PASSED] - Text of object 'Object Repository/Page_cabi Manage PickLists/td_104238610' is: '104302031'

2019-06-27 17:58:16 - [TEST_STEP][PASSED] - click(findTestObject("Page_cabi Manage PickLists/a_Packing")): Object: 'Object Repository/Page_cabi Manage PickLists/a_Packing' is clicked on

2019-06-27 17:58:17 - [MESSAGE][PASSED] - Object: 'Object Repository/Page_cabi Manage PickLists/a_Packing' is clicked on

2019-06-27 17:58:17 - [TEST_STEP][PASSED] - setText(findTestObject("Page_cabi Pack Init/input_Pack Station_packStationId"), "30"): Text '30' is set on object 'Object Repository/Page_cabi Pack Init/input_Pack Station_packStationId'

2019-06-27 17:58:17 - [MESSAGE][PASSED] - Text '30' is set on object 'Object Repository/Page_cabi Pack Init/input_Pack Station_packStationId'

2019-06-27 17:58:17 - [TEST_STEP][PASSED] - click(findTestObject("Page_cabi Pack Init/input_Pack Station_submitButton")): Object: 'Object Repository/Page_cabi Pack Init/input_Pack Station_submitButton' is clicked on

2019-06-27 17:58:18 - [MESSAGE][PASSED] - Object: 'Object Repository/Page_cabi Pack Init/input_Pack Station_submitButton' is clicked on

2019-06-27 17:58:18 - [TEST_STEP][PASSED] - setText(findTestObject("Page_cabi Pack Init/input_Picklist ID_pickId"), picklistId): Text '104302031' is set on object 'Object Repository/Page_cabi Pack Init/input_Picklist ID_pickId'

2019-06-27 17:58:18 - [MESSAGE][PASSED] - Text '104302031' is set on object 'Object Repository/Page_cabi Pack Init/input_Picklist ID_pickId'

2019-06-27 17:58:18 - [TEST_STEP][PASSED] - click(findTestObject("Page_cabi Pack Init/input_Picklist ID_submitButton")): Object: 'Object Repository/Page_cabi Pack Init/input_Picklist ID_submitButton' is clicked on

2019-06-27 17:58:20 - [MESSAGE][PASSED] - Object: 'Object Repository/Page_cabi Pack Init/input_Picklist ID_submitButton' is clicked on

2019-06-27 17:58:20 - [TEST_STEP][PASSED] - click(findTestObject("Page_cabi General Pack/input_Cream Of Wheat_button addItemForVerification")): Object: 'Object Repository/Page_cabi General Pack/input_Cream Of Wheat_button addItemForVerification' is clicked on

2019-06-27 17:58:20 - [MESSAGE][PASSED] - Object: 'Object Repository/Page_cabi General Pack/input_Cream Of Wheat_button addItemForVerification' is clicked on

2019-06-27 17:58:20 - [TEST_STEP][PASSED] - click(findTestObject("Page_cabi General Pack/input_Pack Station  30_shipConfirmBtn")): Object: 'Object Repository/Page_cabi General Pack/input_Pack Station  30_shipConfirmBtn' is clicked on

2019-06-27 17:58:23 - [MESSAGE][PASSED] - Object: 'Object Repository/Page_cabi General Pack/input_Pack Station  30_shipConfirmBtn' is clicked on

2019-06-27 17:58:23 - [TEST_STEP][PASSED] - delay(3): Delayed 3 second(s)

2019-06-27 17:58:26 - [MESSAGE][PASSED] - Delayed 3 second(s)

2019-06-27 17:58:26 - [TEST_STEP][PASSED] - itemsNotpacked = findWebElements(findTestObject("Cabi warehouse/itemsNotPacked"), 5): Unable to find the element located by 'By.xpath: //*[@id="content-messages"]/p[1]'. Please recheck the objects properties to make sure the desired element is located. 

2019-06-27 17:58:31 - [MESSAGE][INFO] - Unable to find the element located by 'By.xpath: //*[@id="content-messages"]/p[1]'. Please recheck the objects properties to make sure the desired element is located. 

2019-06-27 17:58:31 - [TEST_STEP][PASSED] - if (itemsNotpacked.size() > 0): null

2019-06-27 17:58:31 - [TEST_STEP][PASSED] - click(findTestObject("Cabi warehouse/warehouseLogout")): Object: 'Object Repository/Cabi warehouse/warehouseLogout' is clicked on

2019-06-27 17:58:34 - [MESSAGE][PASSED] - Object: 'Object Repository/Cabi warehouse/warehouseLogout' is clicked on

2019-06-27 17:58:34 - [MESSAGE][PASSED] - Call Test Case 'Test Cases/NewArrival/warehouseShipping' successfully

2019-06-27 17:58:34 - [TEST_STEP][PASSED] - callTestCase(findTestCase("TestCaseUtilities/backOfficeLogin"), ["BOURL":"", "BOuser":"", "BOpass":""], STOP_ON_FAILURE): Call Test Case 'Test Cases/TestCaseUtilities/backOfficeLogin' successfully

2019-06-27 17:58:34 - [TEST_CASE][PASSED] - Test Cases/TestCaseUtilities/backOfficeLogin: Test Cases/TestCaseUtilities/backOfficeLogin

2019-06-27 17:58:34 - [TEST_STEP][PASSED] - BOURL = findTestData("credData").getValue("BOURL", 1): null

2019-06-27 17:58:34 - [TEST_STEP][PASSED] - BOuser = findTestData("credData").getValue("BOuser", 1): null

2019-06-27 17:58:34 - [TEST_STEP][PASSED] - BOpass = findTestData("credData").getValue("BOpass", 1): null

2019-06-27 17:58:34 - [TEST_STEP][PASSED] - navigateToUrl(BOURL): Navigate to 'https://test14.cliotest.com/backoffice/control/main' successfully

2019-06-27 17:58:40 - [MESSAGE][PASSED] - Navigate to 'https://test14.cliotest.com/backoffice/control/main' successfully

2019-06-27 17:58:40 - [TEST_STEP][PASSED] - logOut = findWebElements(findTestObject("Object Repository/Page_cabi Home/log_out"), 1): Unable to find the element located by 'By.xpath: //a[contains(text(),'Log Out')]'. Please recheck the objects properties to make sure the desired element is located. 

2019-06-27 17:58:41 - [MESSAGE][INFO] - Unable to find the element located by 'By.xpath: //a[contains(text(),'Log Out')]'. Please recheck the objects properties to make sure the desired element is located. 

2019-06-27 17:58:41 - [TEST_STEP][PASSED] - if (logOut.size() == 0): Object: 'Object Repository/Page_cabi/input_Welcome to_consultantLogin' is clicked on

2019-06-27 17:58:41 - [TEST_STEP][PASSED] - setText(findTestObject("Page_cabi/input_Welcome to_USERNAME"), BOuser): Text '400000002' is set on object 'Object Repository/Page_cabi/input_Welcome to_USERNAME'

2019-06-27 17:58:41 - [MESSAGE][PASSED] - Text '400000002' is set on object 'Object Repository/Page_cabi/input_Welcome to_USERNAME'

2019-06-27 17:58:41 - [TEST_STEP][PASSED] - setText(findTestObject("Object Repository/Page_cabi/input_Welcome to_PASSWORD"), BOpass): Text 'blackdress19' is set on object 'Object Repository/Page_cabi/input_Welcome to_PASSWORD'

2019-06-27 17:58:42 - [MESSAGE][PASSED] - Text 'blackdress19' is set on object 'Object Repository/Page_cabi/input_Welcome to_PASSWORD'

2019-06-27 17:58:42 - [TEST_STEP][PASSED] - click(findTestObject("Object Repository/Page_cabi/input_Welcome to_consultantLogin")): Object: 'Object Repository/Page_cabi/input_Welcome to_consultantLogin' is clicked on

2019-06-27 17:58:52 - [MESSAGE][PASSED] - Object: 'Object Repository/Page_cabi/input_Welcome to_consultantLogin' is clicked on

2019-06-27 17:58:52 - [TEST_STEP][PASSED] - delay(3): Delayed 3 second(s)

2019-06-27 17:58:55 - [MESSAGE][PASSED] - Delayed 3 second(s)

2019-06-27 17:58:55 - [MESSAGE][PASSED] - Call Test Case 'Test Cases/TestCaseUtilities/backOfficeLogin' successfully

2019-06-27 17:58:55 - [TEST_STEP][PASSED] - click(findTestObject("Object Repository/findOrders/Page_cabi Find Orders/Page_cabi Home/a_Shows  Orders")): Object: 'Object Repository/findOrders/Page_cabi Find Orders/Page_cabi Home/a_Shows  Orders' is clicked on

2019-06-27 17:58:55 - [MESSAGE][PASSED] - Object: 'Object Repository/findOrders/Page_cabi Find Orders/Page_cabi Home/a_Shows  Orders' is clicked on

2019-06-27 17:58:55 - [TEST_STEP][PASSED] - click(findTestObject("Object Repository/findOrders/Page_cabi Find Orders/Page_cabi Home/a_Orders")): Object: 'Object Repository/findOrders/Page_cabi Find Orders/Page_cabi Home/a_Orders' is clicked on

2019-06-27 17:58:58 - [MESSAGE][PASSED] - Object: 'Object Repository/findOrders/Page_cabi Find Orders/Page_cabi Home/a_Orders' is clicked on

2019-06-27 17:58:58 - [TEST_STEP][PASSED] - click(findTestObject("Object Repository/findOrders/Page_cabi Find Orders/Page_cabi Find Orders/b")): Object: 'Object Repository/findOrders/Page_cabi Find Orders/Page_cabi Find Orders/b' is clicked on

2019-06-27 17:58:58 - [MESSAGE][PASSED] - Object: 'Object Repository/findOrders/Page_cabi Find Orders/Page_cabi Find Orders/b' is clicked on

2019-06-27 17:58:58 - [TEST_STEP][PASSED] - delay(3): Delayed 3 second(s)

2019-06-27 17:59:01 - [MESSAGE][PASSED] - Delayed 3 second(s)

2019-06-27 17:59:01 - [TEST_STEP][PASSED] - click(findTestObject("findOrders/Page_cabi Find Orders/orderNo")): Object: 'Object Repository/findOrders/Page_cabi Find Orders/orderNo' is clicked on

2019-06-27 17:59:01 - [MESSAGE][PASSED] - Object: 'Object Repository/findOrders/Page_cabi Find Orders/orderNo' is clicked on

2019-06-27 17:59:01 - [TEST_STEP][PASSED] - delay(3): Delayed 3 second(s)

2019-06-27 17:59:04 - [MESSAGE][PASSED] - Delayed 3 second(s)

2019-06-27 17:59:04 - [TEST_STEP][PASSED] - click(findTestObject("Object Repository/findOrders/Page_cabi Find Orders/Page_cabi Find Orders/pendingShipment")): Object: 'Object Repository/findOrders/Page_cabi Find Orders/Page_cabi Find Orders/pendingShipment' is clicked on

2019-06-27 17:59:04 - [MESSAGE][PASSED] - Object: 'Object Repository/findOrders/Page_cabi Find Orders/Page_cabi Find Orders/pendingShipment' is clicked on

2019-06-27 17:59:04 - [TEST_STEP][PASSED] - click(findTestObject("Object Repository/findOrders/Page_cabi Find Orders/Page_cabi Find Orders/inputShipped")): Object: 'Object Repository/findOrders/Page_cabi Find Orders/Page_cabi Find Orders/inputShipped' is clicked on

2019-06-27 17:59:04 - [MESSAGE][PASSED] - Object: 'Object Repository/findOrders/Page_cabi Find Orders/Page_cabi Find Orders/inputShipped' is clicked on

2019-06-27 17:59:04 - [TEST_STEP][PASSED] - setText(findTestObject("Object Repository/findOrders/Page_cabi Find Orders/Page_cabi Find Orders/inputOrderId"), addOnOrderId): Text 'PR708035523' is set on object 'Object Repository/findOrders/Page_cabi Find Orders/Page_cabi Find Orders/inputOrderId'

2019-06-27 17:59:04 - [MESSAGE][PASSED] - Text 'PR708035523' is set on object 'Object Repository/findOrders/Page_cabi Find Orders/Page_cabi Find Orders/inputOrderId'

2019-06-27 17:59:04 - [TEST_STEP][PASSED] - click(findTestObject("Object Repository/findOrders/Page_cabi Find Orders/Page_cabi Find Orders/findOrders")): Object: 'Object Repository/findOrders/Page_cabi Find Orders/Page_cabi Find Orders/findOrders' is clicked on

2019-06-27 17:59:05 - [MESSAGE][PASSED] - Object: 'Object Repository/findOrders/Page_cabi Find Orders/Page_cabi Find Orders/findOrders' is clicked on

2019-06-27 17:59:05 - [TEST_STEP][PASSED] - click(findTestObject("findOrders/Page_cabi Find Orders/orderView")): Object: 'Object Repository/findOrders/Page_cabi Find Orders/orderView' is clicked on

2019-06-27 17:59:08 - [MESSAGE][PASSED] - Object: 'Object Repository/findOrders/Page_cabi Find Orders/orderView' is clicked on

2019-06-27 17:59:08 - [TEST_STEP][PASSED] - delay(3): Delayed 3 second(s)

2019-06-27 17:59:11 - [MESSAGE][PASSED] - Delayed 3 second(s)

2019-06-27 17:59:11 - [TEST_STEP][PASSED] - refresh(): Refresh successfully

2019-06-27 17:59:11 - [MESSAGE][PASSED] - Refresh successfully

2019-06-27 17:59:11 - [TEST_STEP][PASSED] - delay(3): Delayed 3 second(s)

2019-06-27 17:59:14 - [MESSAGE][PASSED] - Delayed 3 second(s)

2019-06-27 17:59:14 - [TEST_STEP][PASSED] - refresh(): Refresh successfully

2019-06-27 17:59:14 - [MESSAGE][PASSED] - Refresh successfully

2019-06-27 17:59:14 - [TEST_STEP][PASSED] - delay(10): Delayed 10 second(s)

2019-06-27 17:59:24 - [MESSAGE][PASSED] - Delayed 10 second(s)

2019-06-27 17:59:24 - [TEST_STEP][PASSED] - refresh(): Refresh successfully

2019-06-27 17:59:24 - [MESSAGE][PASSED] - Refresh successfully

2019-06-27 17:59:24 - [TEST_STEP][PASSED] - delay(3): Delayed 3 second(s)

2019-06-27 17:59:27 - [MESSAGE][PASSED] - Delayed 3 second(s)

2019-06-27 17:59:27 - [TEST_STEP][PASSED] - click(findTestObject("Object Repository/findOrders/Page_cabi Find Orders/Page_cabi Order View/a_(Return Order)")): Object: 'Object Repository/findOrders/Page_cabi Find Orders/Page_cabi Order View/a_(Return Order)' is clicked on

2019-06-27 17:59:31 - [MESSAGE][PASSED] - Object: 'Object Repository/findOrders/Page_cabi Find Orders/Page_cabi Order View/a_(Return Order)' is clicked on

2019-06-27 17:59:31 - [TEST_STEP][PASSED] - delay(3): Delayed 3 second(s)

2019-06-27 17:59:34 - [MESSAGE][PASSED] - Delayed 3 second(s)

2019-06-27 17:59:34 - [TEST_STEP][PASSED] - selectOptionByValue(findTestObject("Object Repository/findOrders/Page_cabi Find Orders/Page_cabi Stylist Create RMA/selectReason1"), "CABI_c", true): All options with value 'CABI_c' are selected in object 'Object Repository/findOrders/Page_cabi Find Orders/Page_cabi Stylist Create RMA/selectReason1'  using regular expression

2019-06-27 17:59:34 - [MESSAGE][PASSED] - All options with value 'CABI_c' are selected in object 'Object Repository/findOrders/Page_cabi Find Orders/Page_cabi Stylist Create RMA/selectReason1'  using regular expression

2019-06-27 17:59:34 - [TEST_STEP][PASSED] - selectOptionByValue(findTestObject("Object Repository/findOrders/Page_cabi Find Orders/Page_cabi Stylist Create RMA/selectReason2"), "CABI_c_a", true): All options with value 'CABI_c_a' are selected in object 'Object Repository/findOrders/Page_cabi Find Orders/Page_cabi Stylist Create RMA/selectReason2'  using regular expression

2019-06-27 17:59:34 - [MESSAGE][PASSED] - All options with value 'CABI_c_a' are selected in object 'Object Repository/findOrders/Page_cabi Find Orders/Page_cabi Stylist Create RMA/selectReason2'  using regular expression

2019-06-27 17:59:34 - [TEST_STEP][PASSED] - click(findTestObject("Object Repository/findOrders/Page_cabi Find Orders/Page_cabi Stylist Create RMA/inputRefund")): Object: 'Object Repository/findOrders/Page_cabi Find Orders/Page_cabi Stylist Create RMA/inputRefund' is clicked on

2019-06-27 17:59:35 - [MESSAGE][PASSED] - Object: 'Object Repository/findOrders/Page_cabi Find Orders/Page_cabi Stylist Create RMA/inputRefund' is clicked on

2019-06-27 17:59:35 - [TEST_STEP][PASSED] - click(findTestObject("Object Repository/findOrders/Page_cabi Find Orders/Page_cabi Stylist Create RMA/a_Next")): Object: 'Object Repository/findOrders/Page_cabi Find Orders/Page_cabi Stylist Create RMA/a_Next' is clicked on

2019-06-27 17:59:35 - [MESSAGE][PASSED] - Object: 'Object Repository/findOrders/Page_cabi Find Orders/Page_cabi Stylist Create RMA/a_Next' is clicked on

2019-06-27 17:59:35 - [TEST_STEP][PASSED] - click(findTestObject("Object Repository/findOrders/Page_cabi Find Orders/Page_cabi Stylist Create RMA/inputPostalService")): Object: 'Object Repository/findOrders/Page_cabi Find Orders/Page_cabi Stylist Create RMA/inputPostalService' is clicked on

2019-06-27 17:59:37 - [MESSAGE][PASSED] - Object: 'Object Repository/findOrders/Page_cabi Find Orders/Page_cabi Stylist Create RMA/inputPostalService' is clicked on

2019-06-27 17:59:37 - [TEST_STEP][PASSED] - click(findTestObject("Object Repository/findOrders/Page_cabi Find Orders/Page_cabi Stylist Create RMA/inputConfirmAdderess")): Object: 'Object Repository/findOrders/Page_cabi Find Orders/Page_cabi Stylist Create RMA/inputConfirmAdderess' is clicked on

2019-06-27 17:59:37 - [MESSAGE][PASSED] - Object: 'Object Repository/findOrders/Page_cabi Find Orders/Page_cabi Stylist Create RMA/inputConfirmAdderess' is clicked on

2019-06-27 17:59:37 - [TEST_STEP][PASSED] - click(findTestObject("Object Repository/findOrders/Page_cabi Find Orders/Page_cabi Stylist Create RMA/a_Next_1")): Object: 'Object Repository/findOrders/Page_cabi Find Orders/Page_cabi Stylist Create RMA/a_Next_1' is clicked on

2019-06-27 17:59:37 - [MESSAGE][PASSED] - Object: 'Object Repository/findOrders/Page_cabi Find Orders/Page_cabi Stylist Create RMA/a_Next_1' is clicked on

2019-06-27 17:59:37 - [TEST_STEP][PASSED] - click(findTestObject("Object Repository/findOrders/Page_cabi Find Orders/Page_cabi Stylist Create RMA/a_Submit RMA")): Object: 'Object Repository/findOrders/Page_cabi Find Orders/Page_cabi Stylist Create RMA/a_Submit RMA' is clicked on

2019-06-27 17:59:39 - [MESSAGE][PASSED] - Object: 'Object Repository/findOrders/Page_cabi Find Orders/Page_cabi Stylist Create RMA/a_Submit RMA' is clicked on

2019-06-27 17:59:39 - [TEST_STEP][PASSED] - click(findTestObject("Object Repository/findOrders/Page_cabi Find Orders/Page_cabi Stylist Create RMA/addonOrder")): Object: 'Object Repository/findOrders/Page_cabi Find Orders/Page_cabi Stylist Create RMA/addonOrder' is clicked on

2019-06-27 17:59:44 - [MESSAGE][PASSED] - Object: 'Object Repository/findOrders/Page_cabi Find Orders/Page_cabi Stylist Create RMA/addonOrder' is clicked on

2019-06-27 17:59:44 - [TEST_STEP][PASSED] - delay(3): Delayed 3 second(s)

2019-06-27 17:59:47 - [MESSAGE][PASSED] - Delayed 3 second(s)

2019-06-27 17:59:47 - [TEST_STEP][PASSED] - click(findTestObject("Object Repository/Page_cabi_addOn_order/a_continue_to_order")): Object: 'Object Repository/Page_cabi_addOn_order/a_continue_to_order' is clicked on

2019-06-27 17:59:47 - [MESSAGE][PASSED] - Object: 'Object Repository/Page_cabi_addOn_order/a_continue_to_order' is clicked on

2019-06-27 17:59:47 - [TEST_STEP][PASSED] - delay(2): Delayed 2 second(s)

2019-06-27 17:59:49 - [MESSAGE][PASSED] - Delayed 2 second(s)

2019-06-27 17:59:49 - [TEST_STEP][PASSED] - callTestCase(findTestCase("NewArrival/productVerifyShort"), ["available":BOAddonPersonal], STOP_ON_FAILURE): Call Test Case 'Test Cases/NewArrival/productVerifyShort' successfully

2019-06-27 17:59:49 - [TEST_CASE][PASSED] - Test Cases/NewArrival/productVerifyShort: Test Cases/NewArrival/productVerifyShort

2019-06-27 17:59:49 - [TEST_STEP][PASSED] - for ([row = 1, row <= findTestData("productData").getRowNumbers(), (row++)]): null

2019-06-27 17:59:49 - [TEST_STEP][PASSED] - delay(2): Delayed 2 second(s)

2019-06-27 17:59:51 - [MESSAGE][PASSED] - Delayed 2 second(s)

2019-06-27 17:59:51 - [TEST_STEP][PASSED] - setText(findTestObject("Object Repository/Page_cabi Create Order/input_Manual Discount_stylelookup_0"), findTestData("productData").getValue("Style", row)): Text '5618' is set on object 'Object Repository/Page_cabi Create Order/input_Manual Discount_stylelookup_0'

2019-06-27 17:59:51 - [MESSAGE][PASSED] - Text '5618' is set on object 'Object Repository/Page_cabi Create Order/input_Manual Discount_stylelookup_0'

2019-06-27 17:59:51 - [TEST_STEP][PASSED] - delay(2): Delayed 2 second(s)

2019-06-27 17:59:53 - [MESSAGE][PASSED] - Delayed 2 second(s)

2019-06-27 17:59:53 - [TEST_STEP][PASSED] - prod_message = getText(findTestObject("Page_cabi Create Order/first_option")): Text of object 'Object Repository/Page_cabi Create Order/first_option' is: 'No matching result found'

2019-06-27 17:59:53 - [MESSAGE][PASSED] - Text of object 'Object Repository/Page_cabi Create Order/first_option' is: 'No matching result found'

2019-06-27 17:59:53 - [TEST_STEP][PASSED] - delay(1): Delayed 1 second(s)

2019-06-27 17:59:54 - [MESSAGE][PASSED] - Delayed 1 second(s)

2019-06-27 17:59:54 - [TEST_STEP][PASSED] - click(findTestObject("Page_cabi Create Order/first_option")): Object: 'Object Repository/Page_cabi Create Order/first_option' is clicked on

2019-06-27 17:59:54 - [MESSAGE][PASSED] - Object: 'Object Repository/Page_cabi Create Order/first_option' is clicked on

2019-06-27 17:59:54 - [TEST_STEP][PASSED] - if (toString().equalsIgnoreCase("no")): null

2019-06-27 17:59:54 - [TEST_STEP][PASSED] - assert prod_message.equalsIgnoreCase("No matching result found"): null

2019-06-27 17:59:54 - [MESSAGE][PASSED] - Call Test Case 'Test Cases/NewArrival/productVerifyShort' successfully

2019-06-27 17:59:54 - [TEST_STEP][PASSED] - callTestCase(findTestCase("NewArrival/populateTimeGlobalVars"), ["row":timeRow], STOP_ON_FAILURE): Call Test Case 'Test Cases/NewArrival/populateTimeGlobalVars' successfully

2019-06-27 17:59:54 - [TEST_CASE][PASSED] - Test Cases/NewArrival/populateTimeGlobalVars: Test Cases/NewArrival/populateTimeGlobalVars

2019-06-27 17:59:54 - [TEST_STEP][PASSED] - dataFile = "timezoneData": null

2019-06-27 17:59:54 - [TEST_STEP][PASSED] - serverTarget = UtilityMethods.getTestData(dataFile, "serverTarget", row): null

2019-06-27 17:59:54 - [TEST_STEP][PASSED] - orderType = UtilityMethods.getTestData(dataFile, "orderType", row): null

2019-06-27 17:59:54 - [TEST_STEP][PASSED] - timeZone = UtilityMethods.getTestData(dataFile, "timeZone", row): null

2019-06-27 17:59:54 - [TEST_STEP][PASSED] - BOPersonal = UtilityMethods.getTestData(dataFile, "BOPersonal", row): null

2019-06-27 17:59:54 - [TEST_STEP][PASSED] - BOAddonPersonal = UtilityMethods.getTestData(dataFile, "BOAddonPersonal", row): null

2019-06-27 17:59:54 - [TEST_STEP][PASSED] - BOAddonRetail = UtilityMethods.getTestData(dataFile, "BOAddonRetail", row): null

2019-06-27 17:59:54 - [TEST_STEP][PASSED] - BORetail = UtilityMethods.getTestData(dataFile, "BORetail", row): null

2019-06-27 17:59:54 - [TEST_STEP][PASSED] - BOShow = UtilityMethods.getTestData(dataFile, "BOShow", row): null

2019-06-27 17:59:54 - [TEST_STEP][PASSED] - BOOnlineoutlet = UtilityMethods.getTestData(dataFile, "BOOnlineoutlet", row): null

2019-06-27 17:59:54 - [TEST_STEP][PASSED] - BOEmployee = UtilityMethods.getTestData(dataFile, "BOEmployee", row): null

2019-06-27 17:59:55 - [TEST_STEP][PASSED] - CCPersonal = UtilityMethods.getTestData(dataFile, "CCPersonal", row): null

2019-06-27 17:59:55 - [TEST_STEP][PASSED] - CCRetail = UtilityMethods.getTestData(dataFile, "CCRetail", row): null

2019-06-27 17:59:55 - [TEST_STEP][PASSED] - CCShow = UtilityMethods.getTestData(dataFile, "CCShow", row): null

2019-06-27 17:59:55 - [TEST_STEP][PASSED] - BOEblast = UtilityMethods.getTestData(dataFile, "BOEblast", row): null

2019-06-27 17:59:55 - [MESSAGE][PASSED] - Call Test Case 'Test Cases/NewArrival/populateTimeGlobalVars' successfully

2019-06-27 17:59:55 - [TEST_STEP][PASSED] - callTestCase(findTestCase("NewArrival/setTimezone"), ["ofbizURL":"", "ofbizuser":"", "ofbizpass":"", "orderType":orderType, "timeZone":timeZone, "serverTarget":serverTarget], STOP_ON_FAILURE): Call Test Case 'Test Cases/NewArrival/setTimezone' successfully

2019-06-27 17:59:55 - [TEST_CASE][PASSED] - Test Cases/NewArrival/setTimezone: Test Cases/NewArrival/setTimezone

2019-06-27 17:59:55 - [TEST_STEP][NOT_RUN] - openBrowser(""): NOT_RUN: openBrowser("")

2019-06-27 17:59:55 - [MESSAGE][NOT_RUN] - NOT_RUN: openBrowser("")

2019-06-27 17:59:55 - [TEST_STEP][NOT_RUN] - maximizeWindow(): NOT_RUN: maximizeWindow()

2019-06-27 17:59:55 - [MESSAGE][NOT_RUN] - NOT_RUN: maximizeWindow()

2019-06-27 17:59:55 - [TEST_STEP][PASSED] - ofbizURL = findTestData("credData").getValue("ofbizURL", 1): null

2019-06-27 17:59:55 - [TEST_STEP][PASSED] - ofbizuser = findTestData("credData").getValue("ofbizuser", 1): null

2019-06-27 17:59:55 - [TEST_STEP][PASSED] - ofbizpass = findTestData("credData").getValue("ofbizpass", 1): null

2019-06-27 17:59:55 - [TEST_STEP][PASSED] - navigateToUrl(ofbizURL): Navigate to 'https://pushofbiz.cliotest.com/login.php' successfully

2019-06-27 17:59:56 - [MESSAGE][PASSED] - Navigate to 'https://pushofbiz.cliotest.com/login.php' successfully

2019-06-27 17:59:56 - [TEST_STEP][PASSED] - setText(findTestObject("Page_/input_Username_username"), ofbizuser): Text 'automation' is set on object 'Object Repository/Page_/input_Username_username'

2019-06-27 17:59:57 - [MESSAGE][PASSED] - Text 'automation' is set on object 'Object Repository/Page_/input_Username_username'

2019-06-27 17:59:57 - [TEST_STEP][PASSED] - setText(findTestObject("Page_/input_Password_password"), ofbizpass): Text 'cabiautomation' is set on object 'Object Repository/Page_/input_Password_password'

2019-06-27 17:59:57 - [MESSAGE][PASSED] - Text 'cabiautomation' is set on object 'Object Repository/Page_/input_Password_password'

2019-06-27 17:59:57 - [TEST_STEP][PASSED] - click(findTestObject("Page_/input_Password_Submit")): Object: 'Object Repository/Page_/input_Password_Submit' is clicked on

2019-06-27 18:00:00 - [MESSAGE][PASSED] - Object: 'Object Repository/Page_/input_Password_Submit' is clicked on

2019-06-27 18:00:00 - [TEST_STEP][PASSED] - click(findTestObject("Object Repository/Page_/a_Clock set")): Object: 'Object Repository/Page_/a_Clock set' is clicked on

2019-06-27 18:00:01 - [MESSAGE][PASSED] - Object: 'Object Repository/Page_/a_Clock set' is clicked on

2019-06-27 18:00:01 - [TEST_STEP][PASSED] - click(UtilityMethods.createTestObject("select_target", "//select[@name='Target']/option[contains(text(), '", serverTarget, "')]")): Object: 'select_target' is clicked on

2019-06-27 18:00:01 - [MESSAGE][PASSED] - Object: 'select_target' is clicked on

2019-06-27 18:00:01 - [TEST_STEP][PASSED] - click(findTestObject("Page_/thisDateAndTime")): Object: 'Object Repository/Page_/thisDateAndTime' is clicked on

2019-06-27 18:00:01 - [MESSAGE][PASSED] - Object: 'Object Repository/Page_/thisDateAndTime' is clicked on

2019-06-27 18:00:01 - [TEST_STEP][PASSED] - setText(findTestObject("Object Repository/Page_/setTargetTime"), timeZone): Text ' 05/03/2019 12:00' is set on object 'Object Repository/Page_/setTargetTime'

2019-06-27 18:00:01 - [MESSAGE][PASSED] - Text ' 05/03/2019 12:00' is set on object 'Object Repository/Page_/setTargetTime'

2019-06-27 18:00:01 - [TEST_STEP][PASSED] - click(findTestObject("Object Repository/Page_/input")): Object: 'Object Repository/Page_/input' is clicked on

2019-06-27 18:00:02 - [MESSAGE][PASSED] - Object: 'Object Repository/Page_/input' is clicked on

2019-06-27 18:00:02 - [TEST_STEP][PASSED] - delay(10): Delayed 10 second(s)

2019-06-27 18:00:12 - [MESSAGE][PASSED] - Delayed 10 second(s)

2019-06-27 18:00:12 - [TEST_STEP][NOT_RUN] - closeBrowser(): NOT_RUN: closeBrowser()

2019-06-27 18:00:12 - [MESSAGE][NOT_RUN] - NOT_RUN: closeBrowser()

2019-06-27 18:00:12 - [MESSAGE][PASSED] - Call Test Case 'Test Cases/NewArrival/setTimezone' successfully

2019-06-27 18:00:12 - [TEST_STEP][PASSED] - callTestCase(findTestCase("TestCaseUtilities/backOfficeLogin"), ["BOURL":"", "BOuser":"", "BOpass":""], STOP_ON_FAILURE): Call Test Case 'Test Cases/TestCaseUtilities/backOfficeLogin' successfully

2019-06-27 18:00:12 - [TEST_CASE][PASSED] - Test Cases/TestCaseUtilities/backOfficeLogin: Test Cases/TestCaseUtilities/backOfficeLogin

2019-06-27 18:00:12 - [TEST_STEP][PASSED] - BOURL = findTestData("credData").getValue("BOURL", 1): null

2019-06-27 18:00:12 - [TEST_STEP][PASSED] - BOuser = findTestData("credData").getValue("BOuser", 1): null

2019-06-27 18:00:12 - [TEST_STEP][PASSED] - BOpass = findTestData("credData").getValue("BOpass", 1): null

2019-06-27 18:00:12 - [TEST_STEP][PASSED] - navigateToUrl(BOURL): Navigate to 'https://test14.cliotest.com/backoffice/control/main' successfully

2019-06-27 18:00:15 - [MESSAGE][PASSED] - Navigate to 'https://test14.cliotest.com/backoffice/control/main' successfully

2019-06-27 18:00:15 - [TEST_STEP][PASSED] - logOut = findWebElements(findTestObject("Object Repository/Page_cabi Home/log_out"), 1): Unable to find the element located by 'By.xpath: //a[contains(text(),'Log Out')]'. Please recheck the objects properties to make sure the desired element is located. 

2019-06-27 18:00:16 - [MESSAGE][INFO] - Unable to find the element located by 'By.xpath: //a[contains(text(),'Log Out')]'. Please recheck the objects properties to make sure the desired element is located. 

2019-06-27 18:00:16 - [TEST_STEP][PASSED] - if (logOut.size() == 0): Object: 'Object Repository/Page_cabi/input_Welcome to_consultantLogin' is clicked on

2019-06-27 18:00:16 - [TEST_STEP][PASSED] - setText(findTestObject("Page_cabi/input_Welcome to_USERNAME"), BOuser): Text '400000002' is set on object 'Object Repository/Page_cabi/input_Welcome to_USERNAME'

2019-06-27 18:00:16 - [MESSAGE][PASSED] - Text '400000002' is set on object 'Object Repository/Page_cabi/input_Welcome to_USERNAME'

2019-06-27 18:00:16 - [TEST_STEP][PASSED] - setText(findTestObject("Object Repository/Page_cabi/input_Welcome to_PASSWORD"), BOpass): Text 'blackdress19' is set on object 'Object Repository/Page_cabi/input_Welcome to_PASSWORD'

2019-06-27 18:00:16 - [MESSAGE][PASSED] - Text 'blackdress19' is set on object 'Object Repository/Page_cabi/input_Welcome to_PASSWORD'

2019-06-27 18:00:16 - [TEST_STEP][PASSED] - click(findTestObject("Object Repository/Page_cabi/input_Welcome to_consultantLogin")): Object: 'Object Repository/Page_cabi/input_Welcome to_consultantLogin' is clicked on

2019-06-27 18:00:23 - [MESSAGE][PASSED] - Object: 'Object Repository/Page_cabi/input_Welcome to_consultantLogin' is clicked on

2019-06-27 18:00:23 - [TEST_STEP][PASSED] - delay(3): Delayed 3 second(s)

2019-06-27 18:00:26 - [MESSAGE][PASSED] - Delayed 3 second(s)

2019-06-27 18:00:26 - [MESSAGE][PASSED] - Call Test Case 'Test Cases/TestCaseUtilities/backOfficeLogin' successfully

2019-06-27 18:00:26 - [TEST_STEP][PASSED] - click(findTestObject("Page_cabi Home/a_Shows  Orders")): Object: 'Object Repository/Page_cabi Home/a_Shows  Orders' is clicked on

2019-06-27 18:00:26 - [MESSAGE][PASSED] - Object: 'Object Repository/Page_cabi Home/a_Shows  Orders' is clicked on

2019-06-27 18:00:26 - [TEST_STEP][PASSED] - delay(1): Delayed 1 second(s)

2019-06-27 18:00:27 - [MESSAGE][PASSED] - Delayed 1 second(s)

2019-06-27 18:00:27 - [TEST_STEP][PASSED] - click(findTestObject("Page_cabi Home/a_personal_purchases")): Object: 'Object Repository/Page_cabi Home/a_personal_purchases' is clicked on

2019-06-27 18:00:31 - [MESSAGE][PASSED] - Object: 'Object Repository/Page_cabi Home/a_personal_purchases' is clicked on

2019-06-27 18:00:31 - [TEST_STEP][PASSED] - click(findTestObject("Page_cabi Personal Store/span_Continue to Order")): Object: 'Object Repository/Page_cabi Personal Store/span_Continue to Order' is clicked on

2019-06-27 18:00:31 - [MESSAGE][PASSED] - Object: 'Object Repository/Page_cabi Personal Store/span_Continue to Order' is clicked on

2019-06-27 18:00:31 - [TEST_STEP][PASSED] - delay(5): Delayed 5 second(s)

2019-06-27 18:00:36 - [MESSAGE][PASSED] - Delayed 5 second(s)

2019-06-27 18:00:36 - [TEST_STEP][PASSED] - emptyCart = findWebElements(findTestObject("Object Repository/Page_cabi Personal Store/removeFromCart"), 5): Unable to find the element located by 'By.xpath: //*[@id="removeFromCart_0"]/span'. Please recheck the objects properties to make sure the desired element is located. 

2019-06-27 18:00:41 - [MESSAGE][INFO] - Unable to find the element located by 'By.xpath: //*[@id="removeFromCart_0"]/span'. Please recheck the objects properties to make sure the desired element is located. 

2019-06-27 18:00:41 - [TEST_STEP][PASSED] - while (emptyCart.size() > 0): null

2019-06-27 18:00:41 - [TEST_STEP][PASSED] - click(findTestObject("Object Repository/Page_cabi Create Order/input_Manual Discount_stylelookup_0")): Object: 'Object Repository/Page_cabi Create Order/input_Manual Discount_stylelookup_0' is clicked on

2019-06-27 18:00:41 - [MESSAGE][PASSED] - Object: 'Object Repository/Page_cabi Create Order/input_Manual Discount_stylelookup_0' is clicked on

2019-06-27 18:00:41 - [TEST_STEP][PASSED] - setText(findTestObject("Object Repository/Page_cabi Create Order/input_Manual Discount_stylelookup_0"), addOnStyle): Text '5447' is set on object 'Object Repository/Page_cabi Create Order/input_Manual Discount_stylelookup_0'

2019-06-27 18:00:41 - [MESSAGE][PASSED] - Text '5447' is set on object 'Object Repository/Page_cabi Create Order/input_Manual Discount_stylelookup_0'

2019-06-27 18:00:41 - [TEST_STEP][PASSED] - delay(3): Delayed 3 second(s)

2019-06-27 18:00:44 - [MESSAGE][PASSED] - Delayed 3 second(s)

2019-06-27 18:00:44 - [TEST_STEP][PASSED] - prod_message = getText(findTestObject("Page_cabi Create Order/first_option")): Text of object 'Object Repository/Page_cabi Create Order/first_option' is: '5447 Bishop Cardigan'

2019-06-27 18:00:44 - [MESSAGE][PASSED] - Text of object 'Object Repository/Page_cabi Create Order/first_option' is: '5447 Bishop Cardigan'

2019-06-27 18:00:44 - [TEST_STEP][PASSED] - click(findTestObject("Page_cabi Create Order/first_option")): Object: 'Object Repository/Page_cabi Create Order/first_option' is clicked on

2019-06-27 18:00:44 - [MESSAGE][PASSED] - Object: 'Object Repository/Page_cabi Create Order/first_option' is clicked on

2019-06-27 18:00:44 - [TEST_STEP][PASSED] - delay(5): Delayed 5 second(s)

2019-06-27 18:00:49 - [MESSAGE][PASSED] - Delayed 5 second(s)

2019-06-27 18:00:49 - [TEST_STEP][PASSED] - click(findTestObject("Object Repository/Page_cabi Order Items/selectSize")): Object: 'Object Repository/Page_cabi Order Items/selectSize' is clicked on

2019-06-27 18:00:50 - [MESSAGE][PASSED] - Object: 'Object Repository/Page_cabi Order Items/selectSize' is clicked on

2019-06-27 18:00:50 - [TEST_STEP][PASSED] - click(findTestObject("Object Repository/Page_cabi Order Items/span_Add to Cart")): Object: 'Object Repository/Page_cabi Order Items/span_Add to Cart' is clicked on

2019-06-27 18:00:50 - [MESSAGE][PASSED] - Object: 'Object Repository/Page_cabi Order Items/span_Add to Cart' is clicked on

2019-06-27 18:00:50 - [TEST_STEP][PASSED] - delay(3): Delayed 3 second(s)

2019-06-27 18:00:53 - [MESSAGE][PASSED] - Delayed 3 second(s)

2019-06-27 18:00:53 - [TEST_STEP][PASSED] - click(findTestObject("Object Repository/Page_cabi Order Items/span_Continue to Shipping")): Object: 'Object Repository/Page_cabi Order Items/span_Continue to Shipping' is clicked on

2019-06-27 18:00:53 - [MESSAGE][PASSED] - Object: 'Object Repository/Page_cabi Order Items/span_Continue to Shipping' is clicked on

2019-06-27 18:00:53 - [TEST_STEP][PASSED] - click(findTestObject("Page_cabi Personal Store/nextButtonShipping")): Object: 'Object Repository/Page_cabi Personal Store/nextButtonShipping' is clicked on

2019-06-27 18:00:54 - [MESSAGE][PASSED] - Object: 'Object Repository/Page_cabi Personal Store/nextButtonShipping' is clicked on

2019-06-27 18:00:54 - [TEST_STEP][PASSED] - delay(3): Delayed 3 second(s)

2019-06-27 18:00:57 - [MESSAGE][PASSED] - Delayed 3 second(s)

2019-06-27 18:00:57 - [TEST_STEP][PASSED] - click(findTestObject("Page_cabi Personal Store/makeFirstPayment")): Object: 'Object Repository/Page_cabi Personal Store/makeFirstPayment' is clicked on

2019-06-27 18:00:57 - [MESSAGE][PASSED] - Object: 'Object Repository/Page_cabi Personal Store/makeFirstPayment' is clicked on

2019-06-27 18:00:57 - [TEST_STEP][PASSED] - click(findTestObject("Page_cabi Personal Store/submitPayment")): Object: 'Object Repository/Page_cabi Personal Store/submitPayment' is clicked on

2019-06-27 18:00:58 - [MESSAGE][PASSED] - Object: 'Object Repository/Page_cabi Personal Store/submitPayment' is clicked on

2019-06-27 18:00:58 - [TEST_STEP][PASSED] - click(findTestObject("Page_cabi Personal Store/submitOrderId")): Object: 'Object Repository/Page_cabi Personal Store/submitOrderId' is clicked on

2019-06-27 18:01:00 - [MESSAGE][PASSED] - Object: 'Object Repository/Page_cabi Personal Store/submitOrderId' is clicked on

2019-06-27 18:01:00 - [TEST_STEP][PASSED] - successMsg = "": null

2019-06-27 18:01:00 - [TEST_STEP][PASSED] - orderSuccess = false: null

2019-06-27 18:01:00 - [TEST_STEP][PASSED] - successMsgs = findWebElements(findTestObject("Object Repository/Page_cabi Personal Store/p_success_msg"), 5): null

2019-06-27 18:01:00 - [TEST_STEP][PASSED] - if (successMsgs.size() > 0): Text of object 'Object Repository/Page_cabi Personal Store/p_order_id' is: 'PR708035524'

2019-06-27 18:01:00 - [TEST_STEP][PASSED] - successMsg = getText(findTestObject("Object Repository/Page_cabi Personal Store/p_success_msg")): Text of object 'Object Repository/Page_cabi Personal Store/p_success_msg' is: 'Order Created Successfully!!
Order #:  PR708035524

CONTINUE SHOPPING'

2019-06-27 18:01:00 - [MESSAGE][PASSED] - Text of object 'Object Repository/Page_cabi Personal Store/p_success_msg' is: 'Order Created Successfully!!
Order #:  PR708035524

CONTINUE SHOPPING'

2019-06-27 18:01:00 - [TEST_STEP][PASSED] - orderSuccess = true: null

2019-06-27 18:01:00 - [TEST_STEP][PASSED] - addOnOrderId = getText(findTestObject("Object Repository/Page_cabi Personal Store/p_order_id")): Text of object 'Object Repository/Page_cabi Personal Store/p_order_id' is: 'PR708035524'

2019-06-27 18:01:00 - [MESSAGE][PASSED] - Text of object 'Object Repository/Page_cabi Personal Store/p_order_id' is: 'PR708035524'

2019-06-27 18:01:00 - [TEST_STEP][PASSED] - assert orderSuccess == true: null

2019-06-27 18:01:00 - [TEST_STEP][PASSED] - callTestCase(findTestCase("NewArrival/warehouseShipping"), ["orderId":addOnOrderId], STOP_ON_FAILURE): Call Test Case 'Test Cases/NewArrival/warehouseShipping' successfully

2019-06-27 18:01:00 - [TEST_CASE][PASSED] - Test Cases/NewArrival/warehouseShipping: Test Cases/NewArrival/warehouseShipping

2019-06-27 18:01:00 - [TEST_STEP][PASSED] - callTestCase(findTestCase("TestCaseUtilities/cabiWarehouseLogin"), ["CWURL":"", "CWuser":"", "CWpass":""], STOP_ON_FAILURE): Call Test Case 'Test Cases/TestCaseUtilities/cabiWarehouseLogin' successfully

2019-06-27 18:01:01 - [TEST_CASE][PASSED] - Test Cases/TestCaseUtilities/cabiWarehouseLogin: Test Cases/TestCaseUtilities/cabiWarehouseLogin

2019-06-27 18:01:01 - [TEST_STEP][PASSED] - CWURL = findTestData("credData").getValue("CWURL", 1): null

2019-06-27 18:01:01 - [TEST_STEP][PASSED] - CWuser = findTestData("credData").getValue("CWuser", 1): null

2019-06-27 18:01:01 - [TEST_STEP][PASSED] - CWpass = findTestData("credData").getValue("CWpass", 1): null

2019-06-27 18:01:01 - [TEST_STEP][PASSED] - openBrowser(""): Browser is opened with url: ''

2019-06-27 18:01:01 - [MESSAGE][WARNING] - A browser is already opened. Closing browser and opening a new one

2019-06-27 18:01:01 - [MESSAGE][INFO] - Starting 'Chrome' driver

2019-06-27 18:01:01 - [MESSAGE][INFO] - User set preference: ['args', '[--use-fake-ui-for-media-stream, --start-maximized]']

2019-06-27 18:01:04 - [MESSAGE][PASSED] - Browser is opened with url: ''

2019-06-27 18:01:04 - [TEST_STEP][PASSED] - navigateToUrl(CWURL): Navigate to 'https://test14.cliotest.com/warehouse/control/main' successfully

2019-06-27 18:01:10 - [MESSAGE][PASSED] - Navigate to 'https://test14.cliotest.com/warehouse/control/main' successfully

2019-06-27 18:01:10 - [TEST_STEP][PASSED] - logOut = findWebElements(findTestObject("Object Repository/Cabi warehouse/Page_cabi_home/log_out"), 1): Unable to find the element located by 'By.xpath: //li/a[contains(text(), 'Log Out »')]'. Please recheck the objects properties to make sure the desired element is located. 

2019-06-27 18:01:12 - [MESSAGE][INFO] - Unable to find the element located by 'By.xpath: //li/a[contains(text(), 'Log Out »')]'. Please recheck the objects properties to make sure the desired element is located. 

2019-06-27 18:01:12 - [TEST_STEP][PASSED] - if (logOut.size() == 0): Object: 'Object Repository/Cabi warehouse/Page_cabi/input_Password_section-btn btn-stl-pk rFloat' is clicked on

2019-06-27 18:01:12 - [TEST_STEP][PASSED] - setText(findTestObject("Object Repository/Cabi warehouse/Page_cabi/input_Username_USERNAME"), CWuser): Text 'rsuarez' is set on object 'Object Repository/Cabi warehouse/Page_cabi/input_Username_USERNAME'

2019-06-27 18:01:12 - [MESSAGE][PASSED] - Text 'rsuarez' is set on object 'Object Repository/Cabi warehouse/Page_cabi/input_Username_USERNAME'

2019-06-27 18:01:12 - [TEST_STEP][PASSED] - setText(findTestObject("Object Repository/Cabi warehouse/Page_cabi/input_Password_PASSWORD"), CWpass): Text 'blackdress19' is set on object 'Object Repository/Cabi warehouse/Page_cabi/input_Password_PASSWORD'

2019-06-27 18:01:12 - [MESSAGE][PASSED] - Text 'blackdress19' is set on object 'Object Repository/Cabi warehouse/Page_cabi/input_Password_PASSWORD'

2019-06-27 18:01:12 - [TEST_STEP][PASSED] - click(findTestObject("Object Repository/Cabi warehouse/Page_cabi/input_Password_section-btn btn-stl-pk rFloat")): Object: 'Object Repository/Cabi warehouse/Page_cabi/input_Password_section-btn btn-stl-pk rFloat' is clicked on

2019-06-27 18:01:13 - [MESSAGE][PASSED] - Object: 'Object Repository/Cabi warehouse/Page_cabi/input_Password_section-btn btn-stl-pk rFloat' is clicked on

2019-06-27 18:01:13 - [TEST_STEP][PASSED] - delay(3): Delayed 3 second(s)

2019-06-27 18:01:16 - [MESSAGE][PASSED] - Delayed 3 second(s)

2019-06-27 18:01:16 - [MESSAGE][PASSED] - Call Test Case 'Test Cases/TestCaseUtilities/cabiWarehouseLogin' successfully

2019-06-27 18:01:16 - [TEST_STEP][PASSED] - click(findTestObject("Page_cabi Manage PickLists/a_Create PickLists")): Object: 'Object Repository/Page_cabi Manage PickLists/a_Create PickLists' is clicked on

2019-06-27 18:01:28 - [MESSAGE][PASSED] - Object: 'Object Repository/Page_cabi Manage PickLists/a_Create PickLists' is clicked on

2019-06-27 18:01:28 - [TEST_STEP][PASSED] - click(findTestObject("Object Repository/findOrders/Page_cabi Find Orders/Page_cabi SampleLine Shipment Screen/a_Single Order")): Object: 'Object Repository/findOrders/Page_cabi Find Orders/Page_cabi SampleLine Shipment Screen/a_Single Order' is clicked on

2019-06-27 18:01:29 - [MESSAGE][PASSED] - Object: 'Object Repository/findOrders/Page_cabi Find Orders/Page_cabi SampleLine Shipment Screen/a_Single Order' is clicked on

2019-06-27 18:01:29 - [TEST_STEP][PASSED] - setText(findTestObject("Page_cabi Create Single Order PickList/input_Order Id_orderId"), orderId): Text 'PR708035524' is set on object 'Object Repository/Page_cabi Create Single Order PickList/input_Order Id_orderId'

2019-06-27 18:01:29 - [MESSAGE][PASSED] - Text 'PR708035524' is set on object 'Object Repository/Page_cabi Create Single Order PickList/input_Order Id_orderId'

2019-06-27 18:01:29 - [TEST_STEP][PASSED] - click(findTestObject("Page_cabi Create Single Order PickList/input_Create even if fully backordered_submitButton")): Object: 'Object Repository/Page_cabi Create Single Order PickList/input_Create even if fully backordered_submitButton' is clicked on

2019-06-27 18:01:30 - [MESSAGE][PASSED] - Object: 'Object Repository/Page_cabi Create Single Order PickList/input_Create even if fully backordered_submitButton' is clicked on

2019-06-27 18:01:30 - [TEST_STEP][PASSED] - pickListCreated = findWebElements(findTestObject("Cabi warehouse/picklistCreatedMessage"), 5): null

2019-06-27 18:01:30 - [TEST_STEP][PASSED] - if (pickListCreated.size() == 0): null

2019-06-27 18:01:30 - [TEST_STEP][PASSED] - picklistCreatedMessage = UtilityMethods.concat("Picklist for order: [", orderId, "] has been created successfully."): null

2019-06-27 18:01:30 - [TEST_STEP][PASSED] - verifyElementText(findTestObject("Cabi warehouse/picklistCreatedMessage"), picklistCreatedMessage): Actual text and expected text of test object 'Object Repository/Cabi warehouse/picklistCreatedMessage' are matched.

2019-06-27 18:01:30 - [MESSAGE][PASSED] - Actual text and expected text of test object 'Object Repository/Cabi warehouse/picklistCreatedMessage' are matched.

2019-06-27 18:01:30 - [TEST_STEP][PASSED] - click(findTestObject("Page_cabi Create Single Order PickList/a_Manage PickLists")): Object: 'Object Repository/Page_cabi Create Single Order PickList/a_Manage PickLists' is clicked on

2019-06-27 18:01:31 - [MESSAGE][PASSED] - Object: 'Object Repository/Page_cabi Create Single Order PickList/a_Manage PickLists' is clicked on

2019-06-27 18:01:31 - [TEST_STEP][PASSED] - setText(findTestObject("Page_cabi Manage PickLists/input_Order _orderId"), orderId): Text 'PR708035524' is set on object 'Object Repository/Page_cabi Manage PickLists/input_Order _orderId'

2019-06-27 18:01:31 - [MESSAGE][PASSED] - Text 'PR708035524' is set on object 'Object Repository/Page_cabi Manage PickLists/input_Order _orderId'

2019-06-27 18:01:31 - [TEST_STEP][PASSED] - click(findTestObject("Page_cabi Manage PickLists/input")): Object: 'Object Repository/Page_cabi Manage PickLists/input' is clicked on

2019-06-27 18:01:32 - [MESSAGE][PASSED] - Object: 'Object Repository/Page_cabi Manage PickLists/input' is clicked on

2019-06-27 18:01:32 - [TEST_STEP][PASSED] - delay(3): Delayed 3 second(s)

2019-06-27 18:01:35 - [MESSAGE][PASSED] - Delayed 3 second(s)

2019-06-27 18:01:35 - [TEST_STEP][PASSED] - click(findTestObject("Page_cabi Manage PickLists/td_104238610")): Object: 'Object Repository/Page_cabi Manage PickLists/td_104238610' is clicked on

2019-06-27 18:01:35 - [MESSAGE][PASSED] - Object: 'Object Repository/Page_cabi Manage PickLists/td_104238610' is clicked on

2019-06-27 18:01:35 - [TEST_STEP][PASSED] - picklistId = getText(findTestObject("Page_cabi Manage PickLists/td_104238610")): Text of object 'Object Repository/Page_cabi Manage PickLists/td_104238610' is: '104302032'

2019-06-27 18:01:36 - [MESSAGE][PASSED] - Text of object 'Object Repository/Page_cabi Manage PickLists/td_104238610' is: '104302032'

2019-06-27 18:01:36 - [TEST_STEP][PASSED] - click(findTestObject("Page_cabi Manage PickLists/a_Packing")): Object: 'Object Repository/Page_cabi Manage PickLists/a_Packing' is clicked on

2019-06-27 18:01:36 - [MESSAGE][PASSED] - Object: 'Object Repository/Page_cabi Manage PickLists/a_Packing' is clicked on

2019-06-27 18:01:36 - [TEST_STEP][PASSED] - setText(findTestObject("Page_cabi Pack Init/input_Pack Station_packStationId"), "30"): Text '30' is set on object 'Object Repository/Page_cabi Pack Init/input_Pack Station_packStationId'

2019-06-27 18:01:37 - [MESSAGE][PASSED] - Text '30' is set on object 'Object Repository/Page_cabi Pack Init/input_Pack Station_packStationId'

2019-06-27 18:01:37 - [TEST_STEP][PASSED] - click(findTestObject("Page_cabi Pack Init/input_Pack Station_submitButton")): Object: 'Object Repository/Page_cabi Pack Init/input_Pack Station_submitButton' is clicked on

2019-06-27 18:01:38 - [MESSAGE][PASSED] - Object: 'Object Repository/Page_cabi Pack Init/input_Pack Station_submitButton' is clicked on

2019-06-27 18:01:38 - [TEST_STEP][PASSED] - setText(findTestObject("Page_cabi Pack Init/input_Picklist ID_pickId"), picklistId): Text '104302032' is set on object 'Object Repository/Page_cabi Pack Init/input_Picklist ID_pickId'

2019-06-27 18:01:38 - [MESSAGE][PASSED] - Text '104302032' is set on object 'Object Repository/Page_cabi Pack Init/input_Picklist ID_pickId'

2019-06-27 18:01:38 - [TEST_STEP][PASSED] - click(findTestObject("Page_cabi Pack Init/input_Picklist ID_submitButton")): Object: 'Object Repository/Page_cabi Pack Init/input_Picklist ID_submitButton' is clicked on

2019-06-27 18:01:39 - [MESSAGE][PASSED] - Object: 'Object Repository/Page_cabi Pack Init/input_Picklist ID_submitButton' is clicked on

2019-06-27 18:01:39 - [TEST_STEP][PASSED] - click(findTestObject("Page_cabi General Pack/input_Cream Of Wheat_button addItemForVerification")): Object: 'Object Repository/Page_cabi General Pack/input_Cream Of Wheat_button addItemForVerification' is clicked on

2019-06-27 18:01:39 - [MESSAGE][PASSED] - Object: 'Object Repository/Page_cabi General Pack/input_Cream Of Wheat_button addItemForVerification' is clicked on

2019-06-27 18:01:39 - [TEST_STEP][PASSED] - click(findTestObject("Page_cabi General Pack/input_Pack Station  30_shipConfirmBtn")): Object: 'Object Repository/Page_cabi General Pack/input_Pack Station  30_shipConfirmBtn' is clicked on

2019-06-27 18:01:43 - [MESSAGE][PASSED] - Object: 'Object Repository/Page_cabi General Pack/input_Pack Station  30_shipConfirmBtn' is clicked on

2019-06-27 18:01:43 - [TEST_STEP][PASSED] - delay(3): Delayed 3 second(s)

2019-06-27 18:01:46 - [MESSAGE][PASSED] - Delayed 3 second(s)

2019-06-27 18:01:46 - [TEST_STEP][PASSED] - itemsNotpacked = findWebElements(findTestObject("Cabi warehouse/itemsNotPacked"), 5): Unable to find the element located by 'By.xpath: //*[@id="content-messages"]/p[1]'. Please recheck the objects properties to make sure the desired element is located. 

2019-06-27 18:01:51 - [MESSAGE][INFO] - Unable to find the element located by 'By.xpath: //*[@id="content-messages"]/p[1]'. Please recheck the objects properties to make sure the desired element is located. 

2019-06-27 18:01:51 - [TEST_STEP][PASSED] - if (itemsNotpacked.size() > 0): null

2019-06-27 18:01:51 - [TEST_STEP][PASSED] - click(findTestObject("Cabi warehouse/warehouseLogout")): Object: 'Object Repository/Cabi warehouse/warehouseLogout' is clicked on

2019-06-27 18:01:53 - [MESSAGE][PASSED] - Object: 'Object Repository/Cabi warehouse/warehouseLogout' is clicked on

2019-06-27 18:01:53 - [MESSAGE][PASSED] - Call Test Case 'Test Cases/NewArrival/warehouseShipping' successfully

2019-06-27 18:01:53 - [TEST_STEP][PASSED] - callTestCase(findTestCase("TestCaseUtilities/backOfficeLogin"), ["BOURL":"", "BOuser":"", "BOpass":""], STOP_ON_FAILURE): Call Test Case 'Test Cases/TestCaseUtilities/backOfficeLogin' successfully

2019-06-27 18:01:53 - [TEST_CASE][PASSED] - Test Cases/TestCaseUtilities/backOfficeLogin: Test Cases/TestCaseUtilities/backOfficeLogin

2019-06-27 18:01:53 - [TEST_STEP][PASSED] - BOURL = findTestData("credData").getValue("BOURL", 1): null

2019-06-27 18:01:54 - [TEST_STEP][PASSED] - BOuser = findTestData("credData").getValue("BOuser", 1): null

2019-06-27 18:01:54 - [TEST_STEP][PASSED] - BOpass = findTestData("credData").getValue("BOpass", 1): null

2019-06-27 18:01:54 - [TEST_STEP][PASSED] - navigateToUrl(BOURL): Navigate to 'https://test14.cliotest.com/backoffice/control/main' successfully

2019-06-27 18:01:58 - [MESSAGE][PASSED] - Navigate to 'https://test14.cliotest.com/backoffice/control/main' successfully

2019-06-27 18:01:58 - [TEST_STEP][PASSED] - logOut = findWebElements(findTestObject("Object Repository/Page_cabi Home/log_out"), 1): Unable to find the element located by 'By.xpath: //a[contains(text(),'Log Out')]'. Please recheck the objects properties to make sure the desired element is located. 

2019-06-27 18:01:59 - [MESSAGE][INFO] - Unable to find the element located by 'By.xpath: //a[contains(text(),'Log Out')]'. Please recheck the objects properties to make sure the desired element is located. 

2019-06-27 18:01:59 - [TEST_STEP][PASSED] - if (logOut.size() == 0): Object: 'Object Repository/Page_cabi/input_Welcome to_consultantLogin' is clicked on

2019-06-27 18:01:59 - [TEST_STEP][PASSED] - setText(findTestObject("Page_cabi/input_Welcome to_USERNAME"), BOuser): Text '400000002' is set on object 'Object Repository/Page_cabi/input_Welcome to_USERNAME'

2019-06-27 18:01:59 - [MESSAGE][PASSED] - Text '400000002' is set on object 'Object Repository/Page_cabi/input_Welcome to_USERNAME'

2019-06-27 18:01:59 - [TEST_STEP][PASSED] - setText(findTestObject("Object Repository/Page_cabi/input_Welcome to_PASSWORD"), BOpass): Text 'blackdress19' is set on object 'Object Repository/Page_cabi/input_Welcome to_PASSWORD'

2019-06-27 18:02:00 - [MESSAGE][PASSED] - Text 'blackdress19' is set on object 'Object Repository/Page_cabi/input_Welcome to_PASSWORD'

2019-06-27 18:02:00 - [TEST_STEP][PASSED] - click(findTestObject("Object Repository/Page_cabi/input_Welcome to_consultantLogin")): Object: 'Object Repository/Page_cabi/input_Welcome to_consultantLogin' is clicked on

2019-06-27 18:02:08 - [MESSAGE][PASSED] - Object: 'Object Repository/Page_cabi/input_Welcome to_consultantLogin' is clicked on

2019-06-27 18:02:08 - [TEST_STEP][PASSED] - delay(3): Delayed 3 second(s)

2019-06-27 18:02:11 - [MESSAGE][PASSED] - Delayed 3 second(s)

2019-06-27 18:02:11 - [MESSAGE][PASSED] - Call Test Case 'Test Cases/TestCaseUtilities/backOfficeLogin' successfully

2019-06-27 18:02:11 - [TEST_STEP][PASSED] - click(findTestObject("Object Repository/findOrders/Page_cabi Find Orders/Page_cabi Home/a_Shows  Orders")): Object: 'Object Repository/findOrders/Page_cabi Find Orders/Page_cabi Home/a_Shows  Orders' is clicked on

2019-06-27 18:02:11 - [MESSAGE][PASSED] - Object: 'Object Repository/findOrders/Page_cabi Find Orders/Page_cabi Home/a_Shows  Orders' is clicked on

2019-06-27 18:02:11 - [TEST_STEP][PASSED] - click(findTestObject("Object Repository/findOrders/Page_cabi Find Orders/Page_cabi Home/a_Orders")): Object: 'Object Repository/findOrders/Page_cabi Find Orders/Page_cabi Home/a_Orders' is clicked on

2019-06-27 18:02:13 - [MESSAGE][PASSED] - Object: 'Object Repository/findOrders/Page_cabi Find Orders/Page_cabi Home/a_Orders' is clicked on

2019-06-27 18:02:13 - [TEST_STEP][PASSED] - click(findTestObject("Object Repository/findOrders/Page_cabi Find Orders/Page_cabi Find Orders/b")): Object: 'Object Repository/findOrders/Page_cabi Find Orders/Page_cabi Find Orders/b' is clicked on

2019-06-27 18:02:13 - [MESSAGE][PASSED] - Object: 'Object Repository/findOrders/Page_cabi Find Orders/Page_cabi Find Orders/b' is clicked on

2019-06-27 18:02:13 - [TEST_STEP][PASSED] - delay(3): Delayed 3 second(s)

2019-06-27 18:02:16 - [MESSAGE][PASSED] - Delayed 3 second(s)

2019-06-27 18:02:16 - [TEST_STEP][PASSED] - click(findTestObject("findOrders/Page_cabi Find Orders/orderNo")): Object: 'Object Repository/findOrders/Page_cabi Find Orders/orderNo' is clicked on

2019-06-27 18:02:16 - [MESSAGE][PASSED] - Object: 'Object Repository/findOrders/Page_cabi Find Orders/orderNo' is clicked on

2019-06-27 18:02:16 - [TEST_STEP][PASSED] - delay(3): Delayed 3 second(s)

2019-06-27 18:02:19 - [MESSAGE][PASSED] - Delayed 3 second(s)

2019-06-27 18:02:19 - [TEST_STEP][PASSED] - click(findTestObject("Object Repository/findOrders/Page_cabi Find Orders/Page_cabi Find Orders/pendingShipment")): Object: 'Object Repository/findOrders/Page_cabi Find Orders/Page_cabi Find Orders/pendingShipment' is clicked on

2019-06-27 18:02:19 - [MESSAGE][PASSED] - Object: 'Object Repository/findOrders/Page_cabi Find Orders/Page_cabi Find Orders/pendingShipment' is clicked on

2019-06-27 18:02:19 - [TEST_STEP][PASSED] - click(findTestObject("Object Repository/findOrders/Page_cabi Find Orders/Page_cabi Find Orders/inputShipped")): Object: 'Object Repository/findOrders/Page_cabi Find Orders/Page_cabi Find Orders/inputShipped' is clicked on

2019-06-27 18:02:19 - [MESSAGE][PASSED] - Object: 'Object Repository/findOrders/Page_cabi Find Orders/Page_cabi Find Orders/inputShipped' is clicked on

2019-06-27 18:02:19 - [TEST_STEP][PASSED] - setText(findTestObject("Object Repository/findOrders/Page_cabi Find Orders/Page_cabi Find Orders/inputOrderId"), addOnOrderId): Text 'PR708035524' is set on object 'Object Repository/findOrders/Page_cabi Find Orders/Page_cabi Find Orders/inputOrderId'

2019-06-27 18:02:20 - [MESSAGE][PASSED] - Text 'PR708035524' is set on object 'Object Repository/findOrders/Page_cabi Find Orders/Page_cabi Find Orders/inputOrderId'

2019-06-27 18:02:20 - [TEST_STEP][PASSED] - click(findTestObject("Object Repository/findOrders/Page_cabi Find Orders/Page_cabi Find Orders/findOrders")): Object: 'Object Repository/findOrders/Page_cabi Find Orders/Page_cabi Find Orders/findOrders' is clicked on

2019-06-27 18:02:20 - [MESSAGE][PASSED] - Object: 'Object Repository/findOrders/Page_cabi Find Orders/Page_cabi Find Orders/findOrders' is clicked on

2019-06-27 18:02:20 - [TEST_STEP][PASSED] - click(findTestObject("findOrders/Page_cabi Find Orders/orderView")): Object: 'Object Repository/findOrders/Page_cabi Find Orders/orderView' is clicked on

2019-06-27 18:02:23 - [MESSAGE][PASSED] - Object: 'Object Repository/findOrders/Page_cabi Find Orders/orderView' is clicked on

2019-06-27 18:02:23 - [TEST_STEP][PASSED] - delay(3): Delayed 3 second(s)

2019-06-27 18:02:26 - [MESSAGE][PASSED] - Delayed 3 second(s)

2019-06-27 18:02:26 - [TEST_STEP][PASSED] - refresh(): Refresh successfully

2019-06-27 18:02:26 - [MESSAGE][PASSED] - Refresh successfully

2019-06-27 18:02:26 - [TEST_STEP][PASSED] - delay(3): Delayed 3 second(s)

2019-06-27 18:02:29 - [MESSAGE][PASSED] - Delayed 3 second(s)

2019-06-27 18:02:29 - [TEST_STEP][PASSED] - refresh(): Refresh successfully

2019-06-27 18:02:29 - [MESSAGE][PASSED] - Refresh successfully

2019-06-27 18:02:29 - [TEST_STEP][PASSED] - delay(10): Delayed 10 second(s)

2019-06-27 18:02:39 - [MESSAGE][PASSED] - Delayed 10 second(s)

2019-06-27 18:02:39 - [TEST_STEP][PASSED] - refresh(): Refresh successfully

2019-06-27 18:02:39 - [MESSAGE][PASSED] - Refresh successfully

2019-06-27 18:02:39 - [TEST_STEP][PASSED] - delay(3): Delayed 3 second(s)

2019-06-27 18:02:42 - [MESSAGE][PASSED] - Delayed 3 second(s)

2019-06-27 18:02:42 - [TEST_STEP][PASSED] - click(findTestObject("Object Repository/findOrders/Page_cabi Find Orders/Page_cabi Order View/a_(Return Order)")): Object: 'Object Repository/findOrders/Page_cabi Find Orders/Page_cabi Order View/a_(Return Order)' is clicked on

2019-06-27 18:02:46 - [MESSAGE][PASSED] - Object: 'Object Repository/findOrders/Page_cabi Find Orders/Page_cabi Order View/a_(Return Order)' is clicked on

2019-06-27 18:02:46 - [TEST_STEP][PASSED] - delay(3): Delayed 3 second(s)

2019-06-27 18:02:49 - [MESSAGE][PASSED] - Delayed 3 second(s)

2019-06-27 18:02:49 - [TEST_STEP][PASSED] - selectOptionByValue(findTestObject("Object Repository/findOrders/Page_cabi Find Orders/Page_cabi Stylist Create RMA/selectReason1"), "CABI_c", true): All options with value 'CABI_c' are selected in object 'Object Repository/findOrders/Page_cabi Find Orders/Page_cabi Stylist Create RMA/selectReason1'  using regular expression

2019-06-27 18:02:49 - [MESSAGE][PASSED] - All options with value 'CABI_c' are selected in object 'Object Repository/findOrders/Page_cabi Find Orders/Page_cabi Stylist Create RMA/selectReason1'  using regular expression

2019-06-27 18:02:49 - [TEST_STEP][PASSED] - selectOptionByValue(findTestObject("Object Repository/findOrders/Page_cabi Find Orders/Page_cabi Stylist Create RMA/selectReason2"), "CABI_c_a", true): All options with value 'CABI_c_a' are selected in object 'Object Repository/findOrders/Page_cabi Find Orders/Page_cabi Stylist Create RMA/selectReason2'  using regular expression

2019-06-27 18:02:50 - [MESSAGE][PASSED] - All options with value 'CABI_c_a' are selected in object 'Object Repository/findOrders/Page_cabi Find Orders/Page_cabi Stylist Create RMA/selectReason2'  using regular expression

2019-06-27 18:02:50 - [TEST_STEP][PASSED] - click(findTestObject("Object Repository/findOrders/Page_cabi Find Orders/Page_cabi Stylist Create RMA/inputRefund")): Object: 'Object Repository/findOrders/Page_cabi Find Orders/Page_cabi Stylist Create RMA/inputRefund' is clicked on

2019-06-27 18:02:50 - [MESSAGE][PASSED] - Object: 'Object Repository/findOrders/Page_cabi Find Orders/Page_cabi Stylist Create RMA/inputRefund' is clicked on

2019-06-27 18:02:50 - [TEST_STEP][PASSED] - click(findTestObject("Object Repository/findOrders/Page_cabi Find Orders/Page_cabi Stylist Create RMA/a_Next")): Object: 'Object Repository/findOrders/Page_cabi Find Orders/Page_cabi Stylist Create RMA/a_Next' is clicked on

2019-06-27 18:02:52 - [MESSAGE][PASSED] - Object: 'Object Repository/findOrders/Page_cabi Find Orders/Page_cabi Stylist Create RMA/a_Next' is clicked on

2019-06-27 18:02:52 - [TEST_STEP][PASSED] - click(findTestObject("Object Repository/findOrders/Page_cabi Find Orders/Page_cabi Stylist Create RMA/inputPostalService")): Object: 'Object Repository/findOrders/Page_cabi Find Orders/Page_cabi Stylist Create RMA/inputPostalService' is clicked on

2019-06-27 18:02:52 - [MESSAGE][PASSED] - Object: 'Object Repository/findOrders/Page_cabi Find Orders/Page_cabi Stylist Create RMA/inputPostalService' is clicked on

2019-06-27 18:02:52 - [TEST_STEP][PASSED] - click(findTestObject("Object Repository/findOrders/Page_cabi Find Orders/Page_cabi Stylist Create RMA/inputConfirmAdderess")): Object: 'Object Repository/findOrders/Page_cabi Find Orders/Page_cabi Stylist Create RMA/inputConfirmAdderess' is clicked on

2019-06-27 18:02:52 - [MESSAGE][PASSED] - Object: 'Object Repository/findOrders/Page_cabi Find Orders/Page_cabi Stylist Create RMA/inputConfirmAdderess' is clicked on

2019-06-27 18:02:52 - [TEST_STEP][PASSED] - click(findTestObject("Object Repository/findOrders/Page_cabi Find Orders/Page_cabi Stylist Create RMA/a_Next_1")): Object: 'Object Repository/findOrders/Page_cabi Find Orders/Page_cabi Stylist Create RMA/a_Next_1' is clicked on

2019-06-27 18:02:52 - [MESSAGE][PASSED] - Object: 'Object Repository/findOrders/Page_cabi Find Orders/Page_cabi Stylist Create RMA/a_Next_1' is clicked on

2019-06-27 18:02:52 - [TEST_STEP][PASSED] - click(findTestObject("Object Repository/findOrders/Page_cabi Find Orders/Page_cabi Stylist Create RMA/a_Submit RMA")): Object: 'Object Repository/findOrders/Page_cabi Find Orders/Page_cabi Stylist Create RMA/a_Submit RMA' is clicked on

2019-06-27 18:02:54 - [MESSAGE][PASSED] - Object: 'Object Repository/findOrders/Page_cabi Find Orders/Page_cabi Stylist Create RMA/a_Submit RMA' is clicked on

2019-06-27 18:02:54 - [TEST_STEP][PASSED] - click(findTestObject("Object Repository/findOrders/Page_cabi Find Orders/Page_cabi Stylist Create RMA/addonOrder")): Object: 'Object Repository/findOrders/Page_cabi Find Orders/Page_cabi Stylist Create RMA/addonOrder' is clicked on

2019-06-27 18:02:59 - [MESSAGE][PASSED] - Object: 'Object Repository/findOrders/Page_cabi Find Orders/Page_cabi Stylist Create RMA/addonOrder' is clicked on

2019-06-27 18:02:59 - [TEST_STEP][PASSED] - delay(3): Delayed 3 second(s)

2019-06-27 18:03:02 - [MESSAGE][PASSED] - Delayed 3 second(s)

2019-06-27 18:03:02 - [TEST_STEP][PASSED] - click(findTestObject("Object Repository/Page_cabi_addOn_order/a_continue_to_order")): Object: 'Object Repository/Page_cabi_addOn_order/a_continue_to_order' is clicked on

2019-06-27 18:03:02 - [MESSAGE][PASSED] - Object: 'Object Repository/Page_cabi_addOn_order/a_continue_to_order' is clicked on

2019-06-27 18:03:02 - [TEST_STEP][PASSED] - delay(2): Delayed 2 second(s)

2019-06-27 18:03:04 - [MESSAGE][PASSED] - Delayed 2 second(s)

2019-06-27 18:03:04 - [TEST_STEP][PASSED] - callTestCase(findTestCase("NewArrival/productVerifyShort"), ["available":BOAddonPersonal], STOP_ON_FAILURE): Call Test Case 'Test Cases/NewArrival/productVerifyShort' successfully

2019-06-27 18:03:04 - [TEST_CASE][PASSED] - Test Cases/NewArrival/productVerifyShort: Test Cases/NewArrival/productVerifyShort

2019-06-27 18:03:04 - [TEST_STEP][PASSED] - for ([row = 1, row <= findTestData("productData").getRowNumbers(), (row++)]): Delayed 3 second(s)

2019-06-27 18:03:04 - [TEST_STEP][PASSED] - delay(2): Delayed 2 second(s)

2019-06-27 18:03:06 - [MESSAGE][PASSED] - Delayed 2 second(s)

2019-06-27 18:03:06 - [TEST_STEP][PASSED] - setText(findTestObject("Object Repository/Page_cabi Create Order/input_Manual Discount_stylelookup_0"), findTestData("productData").getValue("Style", row)): Text '5618' is set on object 'Object Repository/Page_cabi Create Order/input_Manual Discount_stylelookup_0'

2019-06-27 18:03:06 - [MESSAGE][PASSED] - Text '5618' is set on object 'Object Repository/Page_cabi Create Order/input_Manual Discount_stylelookup_0'

2019-06-27 18:03:06 - [TEST_STEP][PASSED] - delay(2): Delayed 2 second(s)

2019-06-27 18:03:08 - [MESSAGE][PASSED] - Delayed 2 second(s)

2019-06-27 18:03:08 - [TEST_STEP][PASSED] - prod_message = getText(findTestObject("Page_cabi Create Order/first_option")): Text of object 'Object Repository/Page_cabi Create Order/first_option' is: '5618 Breeze Dress (Spring '19)'

2019-06-27 18:03:08 - [MESSAGE][PASSED] - Text of object 'Object Repository/Page_cabi Create Order/first_option' is: '5618 Breeze Dress (Spring '19)'

2019-06-27 18:03:08 - [TEST_STEP][PASSED] - delay(1): Delayed 1 second(s)

2019-06-27 18:03:09 - [MESSAGE][PASSED] - Delayed 1 second(s)

2019-06-27 18:03:09 - [TEST_STEP][PASSED] - click(findTestObject("Page_cabi Create Order/first_option")): Object: 'Object Repository/Page_cabi Create Order/first_option' is clicked on

2019-06-27 18:03:09 - [MESSAGE][PASSED] - Object: 'Object Repository/Page_cabi Create Order/first_option' is clicked on

2019-06-27 18:03:09 - [TEST_STEP][PASSED] - if (toString().equalsIgnoreCase("no")): null

2019-06-27 18:03:09 - [TEST_STEP][PASSED] - else: Delayed 3 second(s)

2019-06-27 18:03:09 - [TEST_STEP][PASSED] - delay(3): Delayed 3 second(s)

2019-06-27 18:03:12 - [MESSAGE][PASSED] - Delayed 3 second(s)

2019-06-27 18:03:12 - [TEST_STEP][PASSED] - s1 = getValue("Style", row).toString(): null

2019-06-27 18:03:12 - [TEST_STEP][PASSED] - s2 = " ": null

2019-06-27 18:03:12 - [TEST_STEP][PASSED] - s3 = getValue("Description", row).toString(): null

2019-06-27 18:03:12 - [TEST_STEP][PASSED] - expectedStyleDescription = $s1$s2$s3: null

2019-06-27 18:03:12 - [TEST_STEP][PASSED] - prod_message = UtilityMethods.splitStyle(prod_message): null

2019-06-27 18:03:12 - [TEST_STEP][PASSED] - println(prod_message): null

2019-06-27 18:03:12 - [TEST_STEP][PASSED] - assert prod_message.equalsIgnoreCase(expectedStyleDescription): null

2019-06-27 18:03:12 - [TEST_STEP][PASSED] - delay(3): Delayed 3 second(s)

2019-06-27 18:03:15 - [MESSAGE][PASSED] - Delayed 3 second(s)

2019-06-27 18:03:15 - [TEST_STEP][PASSED] - colorOptions = findWebElements(findTestObject("Page_cabi Order Items/GetAttribute_Color"), 5): null

2019-06-27 18:03:15 - [TEST_STEP][PASSED] - println(colorOptions.size()): null

2019-06-27 18:03:15 - [TEST_STEP][PASSED] - expectedColour = findTestData("productData").getValue("Color", row): null

2019-06-27 18:03:15 - [TEST_STEP][PASSED] - println("expected colour is"): null

2019-06-27 18:03:15 - [TEST_STEP][PASSED] - println(expectedColour): null

2019-06-27 18:03:15 - [TEST_STEP][PASSED] - colourVerified = false: null

2019-06-27 18:03:15 - [TEST_STEP][PASSED] - for (org.openqa.selenium.WebElement op : colorOptions): null

2019-06-27 18:03:15 - [TEST_STEP][PASSED] - println(op.getText()): null

2019-06-27 18:03:15 - [TEST_STEP][PASSED] - if (expectedColour.equalsIgnoreCase(op.getText())): null

2019-06-27 18:03:15 - [TEST_STEP][PASSED] - colourVerified = true: null

2019-06-27 18:03:15 - [TEST_STEP][PASSED] - break: null

2019-06-27 18:03:15 - [TEST_STEP][PASSED] - assert colourVerified == true: null

2019-06-27 18:03:15 - [TEST_STEP][PASSED] - getPrice = getText(findTestObject("Page_cabi Create Order/retail_price")): Text of object 'Object Repository/Page_cabi Create Order/retail_price' is: '$119.00'

2019-06-27 18:03:15 - [MESSAGE][PASSED] - Text of object 'Object Repository/Page_cabi Create Order/retail_price' is: '$119.00'

2019-06-27 18:03:15 - [TEST_STEP][PASSED] - Split_Data = UtilityMethods.SplitData(getPrice): null

2019-06-27 18:03:15 - [TEST_STEP][PASSED] - verifyMatch(Split_Data, findTestData("productData").getValue("Retail", row), true): Actual text '119' and expected text '119' are matched  using regular expression

2019-06-27 18:03:15 - [MESSAGE][PASSED] - Actual text '119' and expected text '119' are matched  using regular expression

2019-06-27 18:03:15 - [TEST_STEP][PASSED] - sizeRange1 = ["XXS", "XS", "S", "M", "L", "XL"]: null

2019-06-27 18:03:15 - [TEST_STEP][PASSED] - sizeRange2 = ["00", "0", "2", "4", "6", "8", "10", "12", "14", "16"]: null

2019-06-27 18:03:15 - [TEST_STEP][PASSED] - sizeRange3 = ["Long", "Regular", "Short"]: null

2019-06-27 18:03:15 - [TEST_STEP][PASSED] - sizeRange4 = ["5", "6", "6.5", "7", "7.5", "8", "8.5", "9", "9.5", "10", "11"]: null

2019-06-27 18:03:15 - [TEST_STEP][PASSED] - sizeRangeSplit = UtilityMethods.SplitSizes(findTestData("productData").getValue("SzRange", row)): null

2019-06-27 18:03:15 - [TEST_STEP][PASSED] - sizeType = getText(findTestObject("Object Repository/Page_cabi Order Items/Size")): Text of object 'Object Repository/Page_cabi Order Items/Size' is: 'Select'

2019-06-27 18:03:15 - [MESSAGE][PASSED] - Text of object 'Object Repository/Page_cabi Order Items/Size' is: 'Select'

2019-06-27 18:03:15 - [TEST_STEP][PASSED] - sizeOptions = findWebElements(findTestObject("Object Repository/Page_cabi Order Items/Size"), 5): null

2019-06-27 18:03:15 - [TEST_STEP][PASSED] - actualRange = new java.util.ArrayList(): null

2019-06-27 18:03:15 - [TEST_STEP][PASSED] - expectedRange = <not implemented yet for class: org.codehaus.groovy.ast.expr.EmptyExpression>: null

2019-06-27 18:03:15 - [TEST_STEP][PASSED] - if (sizeType.equalsIgnoreCase("Select")): null

2019-06-27 18:03:15 - [TEST_STEP][PASSED] - for ([i = 1, i < sizeOptions.size(), (i++)]): null

2019-06-27 18:03:15 - [TEST_STEP][PASSED] - actualRange.add(get(i).getText()): null

2019-06-27 18:03:16 - [TEST_STEP][PASSED] - actualRange.add(get(i).getText()): null

2019-06-27 18:03:16 - [TEST_STEP][PASSED] - actualRange.add(get(i).getText()): null

2019-06-27 18:03:16 - [TEST_STEP][PASSED] - actualRange.add(get(i).getText()): null

2019-06-27 18:03:16 - [TEST_STEP][PASSED] - actualRange.add(get(i).getText()): null

2019-06-27 18:03:16 - [TEST_STEP][PASSED] - if (toString().equalsIgnoreCase("XS") || toString().equalsIgnoreCase("XXS")): null

2019-06-27 18:03:16 - [TEST_STEP][PASSED] - expectedRange = UtilityMethods.getExpectedRange(sizeRange1, sizeRangeSplit): null

2019-06-27 18:03:16 - [TEST_STEP][PASSED] - println("XS"): null

2019-06-27 18:03:16 - [TEST_STEP][PASSED] - println(expectedRange.toString()): null

2019-06-27 18:03:16 - [TEST_STEP][PASSED] - assert UtilityMethods.listEquals(expectedRange, actualRange) == true: null

2019-06-27 18:03:16 - [TEST_STEP][PASSED] - delay(3): Delayed 3 second(s)

2019-06-27 18:03:19 - [MESSAGE][PASSED] - Delayed 3 second(s)

2019-06-27 18:03:19 - [MESSAGE][PASSED] - Call Test Case 'Test Cases/NewArrival/productVerifyShort' successfully

2019-06-27 18:03:19 - [TEST_STEP][PASSED] - callTestCase(findTestCase("NewArrival/populateTimeGlobalVars"), ["row":timeRow], STOP_ON_FAILURE): Call Test Case 'Test Cases/NewArrival/populateTimeGlobalVars' successfully

2019-06-27 18:03:19 - [TEST_CASE][PASSED] - Test Cases/NewArrival/populateTimeGlobalVars: Test Cases/NewArrival/populateTimeGlobalVars

2019-06-27 18:03:19 - [TEST_STEP][PASSED] - dataFile = "timezoneData": null

2019-06-27 18:03:19 - [TEST_STEP][PASSED] - serverTarget = UtilityMethods.getTestData(dataFile, "serverTarget", row): null

2019-06-27 18:03:19 - [TEST_STEP][PASSED] - orderType = UtilityMethods.getTestData(dataFile, "orderType", row): null

2019-06-27 18:03:19 - [TEST_STEP][PASSED] - timeZone = UtilityMethods.getTestData(dataFile, "timeZone", row): null

2019-06-27 18:03:19 - [TEST_STEP][PASSED] - BOPersonal = UtilityMethods.getTestData(dataFile, "BOPersonal", row): null

2019-06-27 18:03:19 - [TEST_STEP][PASSED] - BOAddonPersonal = UtilityMethods.getTestData(dataFile, "BOAddonPersonal", row): null

2019-06-27 18:03:19 - [TEST_STEP][PASSED] - BOAddonRetail = UtilityMethods.getTestData(dataFile, "BOAddonRetail", row): null

2019-06-27 18:03:19 - [TEST_STEP][PASSED] - BORetail = UtilityMethods.getTestData(dataFile, "BORetail", row): null

2019-06-27 18:03:19 - [TEST_STEP][PASSED] - BOShow = UtilityMethods.getTestData(dataFile, "BOShow", row): null

2019-06-27 18:03:19 - [TEST_STEP][PASSED] - BOOnlineoutlet = UtilityMethods.getTestData(dataFile, "BOOnlineoutlet", row): null

2019-06-27 18:03:19 - [TEST_STEP][PASSED] - BOEmployee = UtilityMethods.getTestData(dataFile, "BOEmployee", row): null

2019-06-27 18:03:19 - [TEST_STEP][PASSED] - CCPersonal = UtilityMethods.getTestData(dataFile, "CCPersonal", row): null

2019-06-27 18:03:19 - [TEST_STEP][PASSED] - CCRetail = UtilityMethods.getTestData(dataFile, "CCRetail", row): null

2019-06-27 18:03:19 - [TEST_STEP][PASSED] - CCShow = UtilityMethods.getTestData(dataFile, "CCShow", row): null

2019-06-27 18:03:19 - [TEST_STEP][PASSED] - BOEblast = UtilityMethods.getTestData(dataFile, "BOEblast", row): null

2019-06-27 18:03:19 - [MESSAGE][PASSED] - Call Test Case 'Test Cases/NewArrival/populateTimeGlobalVars' successfully

2019-06-27 18:03:19 - [TEST_STEP][PASSED] - callTestCase(findTestCase("NewArrival/setTimezone"), ["ofbizURL":"", "ofbizuser":"", "ofbizpass":"", "orderType":orderType, "timeZone":timeZone, "serverTarget":serverTarget], STOP_ON_FAILURE): Call Test Case 'Test Cases/NewArrival/setTimezone' successfully

2019-06-27 18:03:19 - [TEST_CASE][PASSED] - Test Cases/NewArrival/setTimezone: Test Cases/NewArrival/setTimezone

2019-06-27 18:03:19 - [TEST_STEP][NOT_RUN] - openBrowser(""): NOT_RUN: openBrowser("")

2019-06-27 18:03:19 - [MESSAGE][NOT_RUN] - NOT_RUN: openBrowser("")

2019-06-27 18:03:19 - [TEST_STEP][NOT_RUN] - maximizeWindow(): NOT_RUN: maximizeWindow()

2019-06-27 18:03:19 - [MESSAGE][NOT_RUN] - NOT_RUN: maximizeWindow()

2019-06-27 18:03:19 - [TEST_STEP][PASSED] - ofbizURL = findTestData("credData").getValue("ofbizURL", 1): null

2019-06-27 18:03:19 - [TEST_STEP][PASSED] - ofbizuser = findTestData("credData").getValue("ofbizuser", 1): null

2019-06-27 18:03:19 - [TEST_STEP][PASSED] - ofbizpass = findTestData("credData").getValue("ofbizpass", 1): null

2019-06-27 18:03:19 - [TEST_STEP][PASSED] - navigateToUrl(ofbizURL): Navigate to 'https://pushofbiz.cliotest.com/login.php' successfully

2019-06-27 18:03:21 - [MESSAGE][PASSED] - Navigate to 'https://pushofbiz.cliotest.com/login.php' successfully

2019-06-27 18:03:21 - [TEST_STEP][PASSED] - setText(findTestObject("Page_/input_Username_username"), ofbizuser): Text 'automation' is set on object 'Object Repository/Page_/input_Username_username'

2019-06-27 18:03:21 - [MESSAGE][PASSED] - Text 'automation' is set on object 'Object Repository/Page_/input_Username_username'

2019-06-27 18:03:21 - [TEST_STEP][PASSED] - setText(findTestObject("Page_/input_Password_password"), ofbizpass): Text 'cabiautomation' is set on object 'Object Repository/Page_/input_Password_password'

2019-06-27 18:03:21 - [MESSAGE][PASSED] - Text 'cabiautomation' is set on object 'Object Repository/Page_/input_Password_password'

2019-06-27 18:03:21 - [TEST_STEP][PASSED] - click(findTestObject("Page_/input_Password_Submit")): Object: 'Object Repository/Page_/input_Password_Submit' is clicked on

2019-06-27 18:03:25 - [MESSAGE][PASSED] - Object: 'Object Repository/Page_/input_Password_Submit' is clicked on

2019-06-27 18:03:25 - [TEST_STEP][PASSED] - click(findTestObject("Object Repository/Page_/a_Clock set")): Object: 'Object Repository/Page_/a_Clock set' is clicked on

2019-06-27 18:03:25 - [MESSAGE][PASSED] - Object: 'Object Repository/Page_/a_Clock set' is clicked on

2019-06-27 18:03:25 - [TEST_STEP][PASSED] - click(UtilityMethods.createTestObject("select_target", "//select[@name='Target']/option[contains(text(), '", serverTarget, "')]")): Object: 'select_target' is clicked on

2019-06-27 18:03:25 - [MESSAGE][PASSED] - Object: 'select_target' is clicked on

2019-06-27 18:03:25 - [TEST_STEP][PASSED] - click(findTestObject("Page_/thisDateAndTime")): Object: 'Object Repository/Page_/thisDateAndTime' is clicked on

2019-06-27 18:03:25 - [MESSAGE][PASSED] - Object: 'Object Repository/Page_/thisDateAndTime' is clicked on

2019-06-27 18:03:25 - [TEST_STEP][PASSED] - setText(findTestObject("Object Repository/Page_/setTargetTime"), timeZone): Text ' 05/07/2019 12:00' is set on object 'Object Repository/Page_/setTargetTime'

2019-06-27 18:03:25 - [MESSAGE][PASSED] - Text ' 05/07/2019 12:00' is set on object 'Object Repository/Page_/setTargetTime'

2019-06-27 18:03:25 - [TEST_STEP][PASSED] - click(findTestObject("Object Repository/Page_/input")): Object: 'Object Repository/Page_/input' is clicked on

2019-06-27 18:03:26 - [MESSAGE][PASSED] - Object: 'Object Repository/Page_/input' is clicked on

2019-06-27 18:03:26 - [TEST_STEP][PASSED] - delay(10): Delayed 10 second(s)

2019-06-27 18:03:36 - [MESSAGE][PASSED] - Delayed 10 second(s)

2019-06-27 18:03:36 - [TEST_STEP][NOT_RUN] - closeBrowser(): NOT_RUN: closeBrowser()

2019-06-27 18:03:36 - [MESSAGE][NOT_RUN] - NOT_RUN: closeBrowser()

2019-06-27 18:03:36 - [MESSAGE][PASSED] - Call Test Case 'Test Cases/NewArrival/setTimezone' successfully

2019-06-27 18:03:36 - [TEST_STEP][PASSED] - callTestCase(findTestCase("TestCaseUtilities/backOfficeLogin"), ["BOURL":"", "BOuser":"", "BOpass":""], STOP_ON_FAILURE): Call Test Case 'Test Cases/TestCaseUtilities/backOfficeLogin' successfully

2019-06-27 18:03:36 - [TEST_CASE][PASSED] - Test Cases/TestCaseUtilities/backOfficeLogin: Test Cases/TestCaseUtilities/backOfficeLogin

2019-06-27 18:03:36 - [TEST_STEP][PASSED] - BOURL = findTestData("credData").getValue("BOURL", 1): null

2019-06-27 18:03:36 - [TEST_STEP][PASSED] - BOuser = findTestData("credData").getValue("BOuser", 1): null

2019-06-27 18:03:36 - [TEST_STEP][PASSED] - BOpass = findTestData("credData").getValue("BOpass", 1): null

2019-06-27 18:03:36 - [TEST_STEP][PASSED] - navigateToUrl(BOURL): Navigate to 'https://test14.cliotest.com/backoffice/control/main' successfully

2019-06-27 18:03:43 - [MESSAGE][PASSED] - Navigate to 'https://test14.cliotest.com/backoffice/control/main' successfully

2019-06-27 18:03:43 - [TEST_STEP][PASSED] - logOut = findWebElements(findTestObject("Object Repository/Page_cabi Home/log_out"), 1): null

2019-06-27 18:03:43 - [TEST_STEP][PASSED] - if (logOut.size() == 0): null

2019-06-27 18:03:43 - [TEST_STEP][PASSED] - delay(3): Delayed 3 second(s)

2019-06-27 18:03:46 - [MESSAGE][PASSED] - Delayed 3 second(s)

2019-06-27 18:03:46 - [MESSAGE][PASSED] - Call Test Case 'Test Cases/TestCaseUtilities/backOfficeLogin' successfully

2019-06-27 18:03:46 - [TEST_STEP][PASSED] - click(findTestObject("Page_cabi Home/a_Shows  Orders")): Object: 'Object Repository/Page_cabi Home/a_Shows  Orders' is clicked on

2019-06-27 18:03:46 - [MESSAGE][PASSED] - Object: 'Object Repository/Page_cabi Home/a_Shows  Orders' is clicked on

2019-06-27 18:03:46 - [TEST_STEP][PASSED] - delay(1): Delayed 1 second(s)

2019-06-27 18:03:47 - [MESSAGE][PASSED] - Delayed 1 second(s)

2019-06-27 18:03:47 - [TEST_STEP][PASSED] - click(findTestObject("Page_cabi Home/a_personal_purchases")): Object: 'Object Repository/Page_cabi Home/a_personal_purchases' is clicked on

2019-06-27 18:03:51 - [MESSAGE][PASSED] - Object: 'Object Repository/Page_cabi Home/a_personal_purchases' is clicked on

2019-06-27 18:03:51 - [TEST_STEP][PASSED] - click(findTestObject("Page_cabi Personal Store/span_Continue to Order")): Object: 'Object Repository/Page_cabi Personal Store/span_Continue to Order' is clicked on

2019-06-27 18:03:51 - [MESSAGE][PASSED] - Object: 'Object Repository/Page_cabi Personal Store/span_Continue to Order' is clicked on

2019-06-27 18:03:51 - [TEST_STEP][PASSED] - delay(5): Delayed 5 second(s)

2019-06-27 18:03:56 - [MESSAGE][PASSED] - Delayed 5 second(s)

2019-06-27 18:03:56 - [TEST_STEP][PASSED] - emptyCart = findWebElements(findTestObject("Object Repository/Page_cabi Personal Store/removeFromCart"), 5): Unable to find the element located by 'By.xpath: //*[@id="removeFromCart_0"]/span'. Please recheck the objects properties to make sure the desired element is located. 

2019-06-27 18:04:01 - [MESSAGE][INFO] - Unable to find the element located by 'By.xpath: //*[@id="removeFromCart_0"]/span'. Please recheck the objects properties to make sure the desired element is located. 

2019-06-27 18:04:01 - [TEST_STEP][PASSED] - while (emptyCart.size() > 0): null

2019-06-27 18:04:01 - [TEST_STEP][PASSED] - click(findTestObject("Object Repository/Page_cabi Create Order/input_Manual Discount_stylelookup_0")): Object: 'Object Repository/Page_cabi Create Order/input_Manual Discount_stylelookup_0' is clicked on

2019-06-27 18:04:01 - [MESSAGE][PASSED] - Object: 'Object Repository/Page_cabi Create Order/input_Manual Discount_stylelookup_0' is clicked on

2019-06-27 18:04:01 - [TEST_STEP][PASSED] - setText(findTestObject("Object Repository/Page_cabi Create Order/input_Manual Discount_stylelookup_0"), addOnStyle): Text '5447' is set on object 'Object Repository/Page_cabi Create Order/input_Manual Discount_stylelookup_0'

2019-06-27 18:04:01 - [MESSAGE][PASSED] - Text '5447' is set on object 'Object Repository/Page_cabi Create Order/input_Manual Discount_stylelookup_0'

2019-06-27 18:04:01 - [TEST_STEP][PASSED] - delay(3): Delayed 3 second(s)

2019-06-27 18:04:04 - [MESSAGE][PASSED] - Delayed 3 second(s)

2019-06-27 18:04:04 - [TEST_STEP][PASSED] - prod_message = getText(findTestObject("Page_cabi Create Order/first_option")): Text of object 'Object Repository/Page_cabi Create Order/first_option' is: '5447 Bishop Cardigan'

2019-06-27 18:04:04 - [MESSAGE][PASSED] - Text of object 'Object Repository/Page_cabi Create Order/first_option' is: '5447 Bishop Cardigan'

2019-06-27 18:04:04 - [TEST_STEP][PASSED] - click(findTestObject("Page_cabi Create Order/first_option")): Object: 'Object Repository/Page_cabi Create Order/first_option' is clicked on

2019-06-27 18:04:05 - [MESSAGE][PASSED] - Object: 'Object Repository/Page_cabi Create Order/first_option' is clicked on

2019-06-27 18:04:05 - [TEST_STEP][PASSED] - delay(5): Delayed 5 second(s)

2019-06-27 18:04:10 - [MESSAGE][PASSED] - Delayed 5 second(s)

2019-06-27 18:04:10 - [TEST_STEP][PASSED] - click(findTestObject("Object Repository/Page_cabi Order Items/selectSize")): Object: 'Object Repository/Page_cabi Order Items/selectSize' is clicked on

2019-06-27 18:04:10 - [MESSAGE][PASSED] - Object: 'Object Repository/Page_cabi Order Items/selectSize' is clicked on

2019-06-27 18:04:10 - [TEST_STEP][PASSED] - click(findTestObject("Object Repository/Page_cabi Order Items/span_Add to Cart")): Object: 'Object Repository/Page_cabi Order Items/span_Add to Cart' is clicked on

2019-06-27 18:04:10 - [MESSAGE][PASSED] - Object: 'Object Repository/Page_cabi Order Items/span_Add to Cart' is clicked on

2019-06-27 18:04:10 - [TEST_STEP][PASSED] - delay(3): Delayed 3 second(s)

2019-06-27 18:04:13 - [MESSAGE][PASSED] - Delayed 3 second(s)

2019-06-27 18:04:13 - [TEST_STEP][PASSED] - click(findTestObject("Object Repository/Page_cabi Order Items/span_Continue to Shipping")): Object: 'Object Repository/Page_cabi Order Items/span_Continue to Shipping' is clicked on

2019-06-27 18:04:13 - [MESSAGE][PASSED] - Object: 'Object Repository/Page_cabi Order Items/span_Continue to Shipping' is clicked on

2019-06-27 18:04:13 - [TEST_STEP][PASSED] - click(findTestObject("Page_cabi Personal Store/nextButtonShipping")): Object: 'Object Repository/Page_cabi Personal Store/nextButtonShipping' is clicked on

2019-06-27 18:04:15 - [MESSAGE][PASSED] - Object: 'Object Repository/Page_cabi Personal Store/nextButtonShipping' is clicked on

2019-06-27 18:04:15 - [TEST_STEP][PASSED] - delay(3): Delayed 3 second(s)

2019-06-27 18:04:18 - [MESSAGE][PASSED] - Delayed 3 second(s)

2019-06-27 18:04:18 - [TEST_STEP][FAILED] - click(findTestObject("Page_cabi Personal Store/makeFirstPayment")): for ([timeRow = 1, timeRow <= findTestData("timezoneData").getRowNumbers(), (timeRow++)]) FAILED.
Reason:
com.kms.katalon.core.exception.StepFailedException: Unable to click on object 'Object Repository/Page_cabi Personal Store/makeFirstPayment'
	at com.kms.katalon.core.webui.keyword.internal.WebUIKeywordMain.stepFailed(WebUIKeywordMain.groovy:64)
	at com.kms.katalon.core.webui.keyword.internal.WebUIKeywordMain.runKeyword(WebUIKeywordMain.groovy:26)
	at com.kms.katalon.core.webui.keyword.builtin.ClickKeyword.click(ClickKeyword.groovy:86)
	at com.kms.katalon.core.webui.keyword.builtin.ClickKeyword.execute(ClickKeyword.groovy:67)
	at com.kms.katalon.core.keyword.internal.KeywordExecutor.executeKeywordForPlatform(KeywordExecutor.groovy:56)
	at com.kms.katalon.core.webui.keyword.WebUiBuiltInKeywords.click(WebUiBuiltInKeywords.groovy:616)
	at com.kms.katalon.core.webui.keyword.WebUiBuiltInKeywords$click$2.call(Unknown Source)
	at addOnOrderPersonal.run(addOnOrderPersonal:88)
	at com.kms.katalon.core.main.ScriptEngine.run(ScriptEngine.java:194)
	at com.kms.katalon.core.main.ScriptEngine.runScriptAsRawText(ScriptEngine.java:119)
	at com.kms.katalon.core.main.TestCaseExecutor.runScript(TestCaseExecutor.java:342)
	at com.kms.katalon.core.main.TestCaseExecutor.doExecute(TestCaseExecutor.java:333)
	at com.kms.katalon.core.main.TestCaseExecutor.processExecutionPhase(TestCaseExecutor.java:312)
	at com.kms.katalon.core.main.TestCaseExecutor.accessMainPhase(TestCaseExecutor.java:304)
	at com.kms.katalon.core.main.TestCaseExecutor.execute(TestCaseExecutor.java:238)
	at com.kms.katalon.core.main.TestSuiteExecutor.accessTestCaseMainPhase(TestSuiteExecutor.java:129)
	at com.kms.katalon.core.main.TestSuiteExecutor.accessTestSuiteMainPhase(TestSuiteExecutor.java:112)
	at com.kms.katalon.core.main.TestSuiteExecutor.execute(TestSuiteExecutor.java:81)
	at com.kms.katalon.core.main.TestCaseMain.startTestSuite(TestCaseMain.java:157)
	at com.kms.katalon.core.main.TestCaseMain$startTestSuite$0.call(Unknown Source)
	at TempTestSuite1561635994222.run(TempTestSuite1561635994222.groovy:35)
Caused by: com.kms.katalon.core.webui.exception.WebElementNotFoundException: Web element with id: 'Object Repository/Page_cabi Personal Store/makeFirstPayment' located by 'By.xpath: //*[@id = 'btn-make-payment']' not found
	at com.kms.katalon.core.webui.common.WebUiCommonHelper.findWebElement(WebUiCommonHelper.java:1097)
	at com.kms.katalon.core.webui.keyword.internal.WebUIAbstractKeyword.findWebElement(WebUIAbstractKeyword.groovy:27)
	at com.kms.katalon.core.webui.keyword.internal.WebUIAbstractKeyword.findWebElement(WebUIAbstractKeyword.groovy:26)
	at com.kms.katalon.core.webui.keyword.builtin.ClickKeyword$_click_closure1.doCall(ClickKeyword.groovy:77)
	at com.kms.katalon.core.webui.keyword.builtin.ClickKeyword$_click_closure1.call(ClickKeyword.groovy)
	at com.kms.katalon.core.webui.keyword.internal.WebUIKeywordMain.runKeyword(WebUIKeywordMain.groovy:20)
	at com.kms.katalon.core.webui.keyword.builtin.ClickKeyword.click(ClickKeyword.groovy:86)
	at com.kms.katalon.core.webui.keyword.builtin.ClickKeyword.execute(ClickKeyword.groovy:67)
	at com.kms.katalon.core.keyword.internal.KeywordExecutor.executeKeywordForPlatform(KeywordExecutor.groovy:56)
	at com.kms.katalon.core.webui.keyword.WebUiBuiltInKeywords.click(WebUiBuiltInKeywords.groovy:616)
	at com.kms.katalon.core.webui.keyword.WebUiBuiltInKeywords$click$2.call(Unknown Source)
	at Script1557928690388.run(Script1557928690388.groovy:88)
	... 13 more


2019-06-27 18:04:49 - [MESSAGE][INFO] - Unable to find the element located by 'By.xpath: //*[@id = 'btn-make-payment']'. Please recheck the objects properties to make sure the desired element is located. 

2019-06-27 18:04:50 - [MESSAGE][FAILED] - Unable to click on object 'Object Repository/Page_cabi Personal Store/makeFirstPayment' (Root cause: com.kms.katalon.core.exception.StepFailedException: Unable to click on object 'Object Repository/Page_cabi Personal Store/makeFirstPayment'
	at com.kms.katalon.core.webui.keyword.internal.WebUIKeywordMain.stepFailed(WebUIKeywordMain.groovy:64)
	at com.kms.katalon.core.webui.keyword.internal.WebUIKeywordMain.runKeyword(WebUIKeywordMain.groovy:26)
	at com.kms.katalon.core.webui.keyword.builtin.ClickKeyword.click(ClickKeyword.groovy:86)
	at com.kms.katalon.core.webui.keyword.builtin.ClickKeyword.execute(ClickKeyword.groovy:67)
	at com.kms.katalon.core.keyword.internal.KeywordExecutor.executeKeywordForPlatform(KeywordExecutor.groovy:56)
	at com.kms.katalon.core.webui.keyword.WebUiBuiltInKeywords.click(WebUiBuiltInKeywords.groovy:616)
	at com.kms.katalon.core.webui.keyword.WebUiBuiltInKeywords$click$2.call(Unknown Source)
	at addOnOrderPersonal.run(addOnOrderPersonal:88)
	at com.kms.katalon.core.main.ScriptEngine.run(ScriptEngine.java:194)
	at com.kms.katalon.core.main.ScriptEngine.runScriptAsRawText(ScriptEngine.java:119)
	at com.kms.katalon.core.main.TestCaseExecutor.runScript(TestCaseExecutor.java:342)
	at com.kms.katalon.core.main.TestCaseExecutor.doExecute(TestCaseExecutor.java:333)
	at com.kms.katalon.core.main.TestCaseExecutor.processExecutionPhase(TestCaseExecutor.java:312)
	at com.kms.katalon.core.main.TestCaseExecutor.accessMainPhase(TestCaseExecutor.java:304)
	at com.kms.katalon.core.main.TestCaseExecutor.execute(TestCaseExecutor.java:238)
	at com.kms.katalon.core.main.TestSuiteExecutor.accessTestCaseMainPhase(TestSuiteExecutor.java:129)
	at com.kms.katalon.core.main.TestSuiteExecutor.accessTestSuiteMainPhase(TestSuiteExecutor.java:112)
	at com.kms.katalon.core.main.TestSuiteExecutor.execute(TestSuiteExecutor.java:81)
	at com.kms.katalon.core.main.TestCaseMain.startTestSuite(TestCaseMain.java:157)
	at com.kms.katalon.core.main.TestCaseMain$startTestSuite$0.call(Unknown Source)
	at TempTestSuite1561635994222.run(TempTestSuite1561635994222.groovy:35)
Caused by: com.kms.katalon.core.webui.exception.WebElementNotFoundException: Web element with id: 'Object Repository/Page_cabi Personal Store/makeFirstPayment' located by 'By.xpath: //*[@id = 'btn-make-payment']' not found
	at com.kms.katalon.core.webui.common.WebUiCommonHelper.findWebElement(WebUiCommonHelper.java:1097)
	at com.kms.katalon.core.webui.keyword.internal.WebUIAbstractKeyword.findWebElement(WebUIAbstractKeyword.groovy:27)
	at com.kms.katalon.core.webui.keyword.internal.WebUIAbstractKeyword.findWebElement(WebUIAbstractKeyword.groovy:26)
	at com.kms.katalon.core.webui.keyword.builtin.ClickKeyword$_click_closure1.doCall(ClickKeyword.groovy:77)
	at com.kms.katalon.core.webui.keyword.builtin.ClickKeyword$_click_closure1.call(ClickKeyword.groovy)
	at com.kms.katalon.core.webui.keyword.internal.WebUIKeywordMain.runKeyword(WebUIKeywordMain.groovy:20)
	at com.kms.katalon.core.webui.keyword.builtin.ClickKeyword.click(ClickKeyword.groovy:86)
	at com.kms.katalon.core.webui.keyword.builtin.ClickKeyword.execute(ClickKeyword.groovy:67)
	at com.kms.katalon.core.keyword.internal.KeywordExecutor.executeKeywordForPlatform(KeywordExecutor.groovy:56)
	at com.kms.katalon.core.webui.keyword.WebUiBuiltInKeywords.click(WebUiBuiltInKeywords.groovy:616)
	at com.kms.katalon.core.webui.keyword.WebUiBuiltInKeywords$click$2.call(Unknown Source)
	at Script1557928690388.run(Script1557928690388.groovy:88)
	... 13 more
)
[[ATTACHMENT|C:\\Users\\user\\Documents\\testautomation\\KatalonProjects\\Reports\\NewArrivalsSuites\\NewArrivalsSuite\\20190627_171634\\1561638889876.png]]

2019-06-27 18:04:50 - [MESSAGE][FAILED] - for ([timeRow = 1, timeRow <= findTestData("timezoneData").getRowNumbers(), (timeRow++)]) FAILED.
Reason:
com.kms.katalon.core.exception.StepFailedException: Unable to click on object 'Object Repository/Page_cabi Personal Store/makeFirstPayment'
	at com.kms.katalon.core.webui.keyword.internal.WebUIKeywordMain.stepFailed(WebUIKeywordMain.groovy:64)
	at com.kms.katalon.core.webui.keyword.internal.WebUIKeywordMain.runKeyword(WebUIKeywordMain.groovy:26)
	at com.kms.katalon.core.webui.keyword.builtin.ClickKeyword.click(ClickKeyword.groovy:86)
	at com.kms.katalon.core.webui.keyword.builtin.ClickKeyword.execute(ClickKeyword.groovy:67)
	at com.kms.katalon.core.keyword.internal.KeywordExecutor.executeKeywordForPlatform(KeywordExecutor.groovy:56)
	at com.kms.katalon.core.webui.keyword.WebUiBuiltInKeywords.click(WebUiBuiltInKeywords.groovy:616)
	at com.kms.katalon.core.webui.keyword.WebUiBuiltInKeywords$click$2.call(Unknown Source)
	at addOnOrderPersonal.run(addOnOrderPersonal:88)
	at com.kms.katalon.core.main.ScriptEngine.run(ScriptEngine.java:194)
	at com.kms.katalon.core.main.ScriptEngine.runScriptAsRawText(ScriptEngine.java:119)
	at com.kms.katalon.core.main.TestCaseExecutor.runScript(TestCaseExecutor.java:342)
	at com.kms.katalon.core.main.TestCaseExecutor.doExecute(TestCaseExecutor.java:333)
	at com.kms.katalon.core.main.TestCaseExecutor.processExecutionPhase(TestCaseExecutor.java:312)
	at com.kms.katalon.core.main.TestCaseExecutor.accessMainPhase(TestCaseExecutor.java:304)
	at com.kms.katalon.core.main.TestCaseExecutor.execute(TestCaseExecutor.java:238)
	at com.kms.katalon.core.main.TestSuiteExecutor.accessTestCaseMainPhase(TestSuiteExecutor.java:129)
	at com.kms.katalon.core.main.TestSuiteExecutor.accessTestSuiteMainPhase(TestSuiteExecutor.java:112)
	at com.kms.katalon.core.main.TestSuiteExecutor.execute(TestSuiteExecutor.java:81)
	at com.kms.katalon.core.main.TestCaseMain.startTestSuite(TestCaseMain.java:157)
	at com.kms.katalon.core.main.TestCaseMain$startTestSuite$0.call(Unknown Source)
	at TempTestSuite1561635994222.run(TempTestSuite1561635994222.groovy:35)
Caused by: com.kms.katalon.core.webui.exception.WebElementNotFoundException: Web element with id: 'Object Repository/Page_cabi Personal Store/makeFirstPayment' located by 'By.xpath: //*[@id = 'btn-make-payment']' not found
	at com.kms.katalon.core.webui.common.WebUiCommonHelper.findWebElement(WebUiCommonHelper.java:1097)
	at com.kms.katalon.core.webui.keyword.internal.WebUIAbstractKeyword.findWebElement(WebUIAbstractKeyword.groovy:27)
	at com.kms.katalon.core.webui.keyword.internal.WebUIAbstractKeyword.findWebElement(WebUIAbstractKeyword.groovy:26)
	at com.kms.katalon.core.webui.keyword.builtin.ClickKeyword$_click_closure1.doCall(ClickKeyword.groovy:77)
	at com.kms.katalon.core.webui.keyword.builtin.ClickKeyword$_click_closure1.call(ClickKeyword.groovy)
	at com.kms.katalon.core.webui.keyword.internal.WebUIKeywordMain.runKeyword(WebUIKeywordMain.groovy:20)
	at com.kms.katalon.core.webui.keyword.builtin.ClickKeyword.click(ClickKeyword.groovy:86)
	at com.kms.katalon.core.webui.keyword.builtin.ClickKeyword.execute(ClickKeyword.groovy:67)
	at com.kms.katalon.core.keyword.internal.KeywordExecutor.executeKeywordForPlatform(KeywordExecutor.groovy:56)
	at com.kms.katalon.core.webui.keyword.WebUiBuiltInKeywords.click(WebUiBuiltInKeywords.groovy:616)
	at com.kms.katalon.core.webui.keyword.WebUiBuiltInKeywords$click$2.call(Unknown Source)
	at Script1557928690388.run(Script1557928690388.groovy:88)
	... 13 more]]></system-out>
         <system-err><![CDATA[2019-06-27 17:53:06 - [TEST_CASE][FAILED] - Test Cases/NewArrival/addOnOrderPersonal: Test Cases/NewArrival/addOnOrderPersonal FAILED.
Reason:
com.kms.katalon.core.exception.StepFailedException: Unable to click on object 'Object Repository/Page_cabi Personal Store/makeFirstPayment'
	at com.kms.katalon.core.webui.keyword.internal.WebUIKeywordMain.stepFailed(WebUIKeywordMain.groovy:64)
	at com.kms.katalon.core.webui.keyword.internal.WebUIKeywordMain.runKeyword(WebUIKeywordMain.groovy:26)
	at com.kms.katalon.core.webui.keyword.builtin.ClickKeyword.click(ClickKeyword.groovy:86)
	at com.kms.katalon.core.webui.keyword.builtin.ClickKeyword.execute(ClickKeyword.groovy:67)
	at com.kms.katalon.core.keyword.internal.KeywordExecutor.executeKeywordForPlatform(KeywordExecutor.groovy:56)
	at com.kms.katalon.core.webui.keyword.WebUiBuiltInKeywords.click(WebUiBuiltInKeywords.groovy:616)
	at com.kms.katalon.core.webui.keyword.WebUiBuiltInKeywords$click$2.call(Unknown Source)
	at addOnOrderPersonal.run(addOnOrderPersonal:88)
	at com.kms.katalon.core.main.ScriptEngine.run(ScriptEngine.java:194)
	at com.kms.katalon.core.main.ScriptEngine.runScriptAsRawText(ScriptEngine.java:119)
	at com.kms.katalon.core.main.TestCaseExecutor.runScript(TestCaseExecutor.java:342)
	at com.kms.katalon.core.main.TestCaseExecutor.doExecute(TestCaseExecutor.java:333)
	at com.kms.katalon.core.main.TestCaseExecutor.processExecutionPhase(TestCaseExecutor.java:312)
	at com.kms.katalon.core.main.TestCaseExecutor.accessMainPhase(TestCaseExecutor.java:304)
	at com.kms.katalon.core.main.TestCaseExecutor.execute(TestCaseExecutor.java:238)
	at com.kms.katalon.core.main.TestSuiteExecutor.accessTestCaseMainPhase(TestSuiteExecutor.java:129)
	at com.kms.katalon.core.main.TestSuiteExecutor.accessTestSuiteMainPhase(TestSuiteExecutor.java:112)
	at com.kms.katalon.core.main.TestSuiteExecutor.execute(TestSuiteExecutor.java:81)
	at com.kms.katalon.core.main.TestCaseMain.startTestSuite(TestCaseMain.java:157)
	at com.kms.katalon.core.main.TestCaseMain$startTestSuite$0.call(Unknown Source)
	at TempTestSuite1561635994222.run(TempTestSuite1561635994222.groovy:35)
Caused by: com.kms.katalon.core.webui.exception.WebElementNotFoundException: Web element with id: 'Object Repository/Page_cabi Personal Store/makeFirstPayment' located by 'By.xpath: //*[@id = 'btn-make-payment']' not found
	at com.kms.katalon.core.webui.common.WebUiCommonHelper.findWebElement(WebUiCommonHelper.java:1097)
	at com.kms.katalon.core.webui.keyword.internal.WebUIAbstractKeyword.findWebElement(WebUIAbstractKeyword.groovy:27)
	at com.kms.katalon.core.webui.keyword.internal.WebUIAbstractKeyword.findWebElement(WebUIAbstractKeyword.groovy:26)
	at com.kms.katalon.core.webui.keyword.builtin.ClickKeyword$_click_closure1.doCall(ClickKeyword.groovy:77)
	at com.kms.katalon.core.webui.keyword.builtin.ClickKeyword$_click_closure1.call(ClickKeyword.groovy)
	at com.kms.katalon.core.webui.keyword.internal.WebUIKeywordMain.runKeyword(WebUIKeywordMain.groovy:20)
	at com.kms.katalon.core.webui.keyword.builtin.ClickKeyword.click(ClickKeyword.groovy:86)
	at com.kms.katalon.core.webui.keyword.builtin.ClickKeyword.execute(ClickKeyword.groovy:67)
	at com.kms.katalon.core.keyword.internal.KeywordExecutor.executeKeywordForPlatform(KeywordExecutor.groovy:56)
	at com.kms.katalon.core.webui.keyword.WebUiBuiltInKeywords.click(WebUiBuiltInKeywords.groovy:616)
	at com.kms.katalon.core.webui.keyword.WebUiBuiltInKeywords$click$2.call(Unknown Source)
	at Script1557928690388.run(Script1557928690388.groovy:88)
	... 13 more]]></system-err>
      </testcase>
      <system-out><![CDATA[2019-06-27 17:16:38 - [TEST_SUITE][FAILED] - NewArrivalsSuite: Test Cases/NewArrival/BORetail FAILED.
Reason:
com.kms.katalon.core.exception.StepFailedException: Unable to click on object 'Object Repository/Page_cabi Home/a_same_shipping_address'
	at com.kms.katalon.core.webui.keyword.internal.WebUIKeywordMain.stepFailed(WebUIKeywordMain.groovy:64)
	at com.kms.katalon.core.webui.keyword.internal.WebUIKeywordMain.runKeyword(WebUIKeywordMain.groovy:26)
	at com.kms.katalon.core.webui.keyword.builtin.ClickKeyword.click(ClickKeyword.groovy:86)
	at com.kms.katalon.core.webui.keyword.builtin.ClickKeyword.execute(ClickKeyword.groovy:67)
	at com.kms.katalon.core.keyword.internal.KeywordExecutor.executeKeywordForPlatform(KeywordExecutor.groovy:56)
	at com.kms.katalon.core.webui.keyword.WebUiBuiltInKeywords.click(WebUiBuiltInKeywords.groovy:616)
	at com.kms.katalon.core.webui.keyword.WebUiBuiltInKeywords$click$2.call(Unknown Source)
	at BORetail.run(BORetail:98)
	at com.kms.katalon.core.main.ScriptEngine.run(ScriptEngine.java:194)
	at com.kms.katalon.core.main.ScriptEngine.runScriptAsRawText(ScriptEngine.java:119)
	at com.kms.katalon.core.main.TestCaseExecutor.runScript(TestCaseExecutor.java:342)
	at com.kms.katalon.core.main.TestCaseExecutor.doExecute(TestCaseExecutor.java:333)
	at com.kms.katalon.core.main.TestCaseExecutor.processExecutionPhase(TestCaseExecutor.java:312)
	at com.kms.katalon.core.main.TestCaseExecutor.accessMainPhase(TestCaseExecutor.java:304)
	at com.kms.katalon.core.main.TestCaseExecutor.execute(TestCaseExecutor.java:238)
	at com.kms.katalon.core.main.TestSuiteExecutor.accessTestCaseMainPhase(TestSuiteExecutor.java:129)
	at com.kms.katalon.core.main.TestSuiteExecutor.accessTestSuiteMainPhase(TestSuiteExecutor.java:112)
	at com.kms.katalon.core.main.TestSuiteExecutor.execute(TestSuiteExecutor.java:81)
	at com.kms.katalon.core.main.TestCaseMain.startTestSuite(TestCaseMain.java:157)
	at com.kms.katalon.core.main.TestCaseMain$startTestSuite$0.call(Unknown Source)
	at TempTestSuite1561635994222.run(TempTestSuite1561635994222.groovy:35)
Caused by: org.openqa.selenium.ElementClickInterceptedException: element click intercepted: Element <input type="checkbox" id="copyMailAddrCheck"> is not clickable at point (212, 452). Other element would receive the click: <div id="addloader" class="loading">...</div>
  (Session info: chrome=75.0.3770.100)
  (Driver info: chromedriver=74.0.3729.6 (255758eccf3d244491b8a1317aa76e1ce10d57e9-refs/branch-heads/3729@{#29}),platform=Windows NT 6.3.9600 x86_64) (WARNING: The server did not provide any stacktrace information)
Command duration or timeout: 0 milliseconds
Build info: version: '3.7.1', revision: '8a0099a', time: '2017-11-06T21:07:36.161Z'
System info: host: 'NIVEDITA', ip: '10.0.102.159', os.name: 'Windows 8.1', os.arch: 'amd64', os.version: '6.3', java.version: '1.8.0_181'
Driver info: com.kms.katalon.selenium.driver.CChromeDriver
Capabilities {acceptInsecureCerts: false, acceptSslCerts: false, applicationCacheEnabled: false, browserConnectionEnabled: false, browserName: chrome, chrome: {chromedriverVersion: 74.0.3729.6 (255758eccf3d24..., userDataDir: C:\Users\user\AppData\Local...}, cssSelectorsEnabled: true, databaseEnabled: false, goog:chromeOptions: {debuggerAddress: localhost:55506}, handlesAlerts: true, hasTouchScreen: false, javascriptEnabled: true, locationContextEnabled: true, mobileEmulationEnabled: false, nativeEvents: true, networkConnectionEnabled: false, pageLoadStrategy: normal, platform: XP, platformName: XP, proxy: Proxy(direct), rotatable: false, setWindowRect: true, strictFileInteractability: false, takesHeapSnapshot: true, takesScreenshot: true, timeouts: {implicit: 0, pageLoad: 300000, script: 30000}, unexpectedAlertBehaviour: ignore, unhandledPromptBehavior: ignore, version: 75.0.3770.100, webStorageEnabled: true}
Session ID: de44e60b919478e1efc6050888c3784a
	at org.openqa.selenium.remote.ErrorHandler.createThrowable(ErrorHandler.java:214)
	at org.openqa.selenium.remote.ErrorHandler.throwIfResponseFailed(ErrorHandler.java:166)
	at org.openqa.selenium.remote.http.JsonHttpResponseCodec.reconstructValue(JsonHttpResponseCodec.java:40)
	at org.openqa.selenium.remote.http.AbstractHttpResponseCodec.decode(AbstractHttpResponseCodec.java:80)
	at org.openqa.selenium.remote.http.AbstractHttpResponseCodec.decode(AbstractHttpResponseCodec.java:44)
	at org.openqa.selenium.remote.HttpCommandExecutor.execute(HttpCommandExecutor.java:164)
	at org.openqa.selenium.remote.service.DriverCommandExecutor.execute(DriverCommandExecutor.java:83)
	at org.openqa.selenium.remote.RemoteWebDriver.execute(RemoteWebDriver.java:600)
	at com.kms.katalon.selenium.driver.CChromeDriver.execute(CChromeDriver.java:20)
	at org.openqa.selenium.remote.RemoteWebElement.execute(RemoteWebElement.java:279)
	at org.openqa.selenium.remote.RemoteWebElement.click(RemoteWebElement.java:83)
	at com.kms.katalon.core.webui.keyword.builtin.ClickKeyword$_click_closure1.doCall(ClickKeyword.groovy:79)
	at com.kms.katalon.core.webui.keyword.builtin.ClickKeyword$_click_closure1.call(ClickKeyword.groovy)
	at com.kms.katalon.core.webui.keyword.internal.WebUIKeywordMain.runKeyword(WebUIKeywordMain.groovy:20)
	at com.kms.katalon.core.webui.keyword.builtin.ClickKeyword.click(ClickKeyword.groovy:86)
	at com.kms.katalon.core.webui.keyword.builtin.ClickKeyword.execute(ClickKeyword.groovy:67)
	at com.kms.katalon.core.keyword.internal.KeywordExecutor.executeKeywordForPlatform(KeywordExecutor.groovy:56)
	at com.kms.katalon.core.webui.keyword.WebUiBuiltInKeywords.click(WebUiBuiltInKeywords.groovy:616)
	at com.kms.katalon.core.webui.keyword.WebUiBuiltInKeywords$click$2.call(Unknown Source)
	at Script1561622058769.run(Script1561622058769.groovy:98)
	... 13 more]]></system-out>
      <system-err><![CDATA[2019-06-27 17:16:38 - [TEST_SUITE][FAILED] - NewArrivalsSuite: Test Cases/NewArrival/BORetail FAILED.
Reason:
com.kms.katalon.core.exception.StepFailedException: Unable to click on object 'Object Repository/Page_cabi Home/a_same_shipping_address'
	at com.kms.katalon.core.webui.keyword.internal.WebUIKeywordMain.stepFailed(WebUIKeywordMain.groovy:64)
	at com.kms.katalon.core.webui.keyword.internal.WebUIKeywordMain.runKeyword(WebUIKeywordMain.groovy:26)
	at com.kms.katalon.core.webui.keyword.builtin.ClickKeyword.click(ClickKeyword.groovy:86)
	at com.kms.katalon.core.webui.keyword.builtin.ClickKeyword.execute(ClickKeyword.groovy:67)
	at com.kms.katalon.core.keyword.internal.KeywordExecutor.executeKeywordForPlatform(KeywordExecutor.groovy:56)
	at com.kms.katalon.core.webui.keyword.WebUiBuiltInKeywords.click(WebUiBuiltInKeywords.groovy:616)
	at com.kms.katalon.core.webui.keyword.WebUiBuiltInKeywords$click$2.call(Unknown Source)
	at BORetail.run(BORetail:98)
	at com.kms.katalon.core.main.ScriptEngine.run(ScriptEngine.java:194)
	at com.kms.katalon.core.main.ScriptEngine.runScriptAsRawText(ScriptEngine.java:119)
	at com.kms.katalon.core.main.TestCaseExecutor.runScript(TestCaseExecutor.java:342)
	at com.kms.katalon.core.main.TestCaseExecutor.doExecute(TestCaseExecutor.java:333)
	at com.kms.katalon.core.main.TestCaseExecutor.processExecutionPhase(TestCaseExecutor.java:312)
	at com.kms.katalon.core.main.TestCaseExecutor.accessMainPhase(TestCaseExecutor.java:304)
	at com.kms.katalon.core.main.TestCaseExecutor.execute(TestCaseExecutor.java:238)
	at com.kms.katalon.core.main.TestSuiteExecutor.accessTestCaseMainPhase(TestSuiteExecutor.java:129)
	at com.kms.katalon.core.main.TestSuiteExecutor.accessTestSuiteMainPhase(TestSuiteExecutor.java:112)
	at com.kms.katalon.core.main.TestSuiteExecutor.execute(TestSuiteExecutor.java:81)
	at com.kms.katalon.core.main.TestCaseMain.startTestSuite(TestCaseMain.java:157)
	at com.kms.katalon.core.main.TestCaseMain$startTestSuite$0.call(Unknown Source)
	at TempTestSuite1561635994222.run(TempTestSuite1561635994222.groovy:35)
Caused by: org.openqa.selenium.ElementClickInterceptedException: element click intercepted: Element <input type="checkbox" id="copyMailAddrCheck"> is not clickable at point (212, 452). Other element would receive the click: <div id="addloader" class="loading">...</div>
  (Session info: chrome=75.0.3770.100)
  (Driver info: chromedriver=74.0.3729.6 (255758eccf3d244491b8a1317aa76e1ce10d57e9-refs/branch-heads/3729@{#29}),platform=Windows NT 6.3.9600 x86_64) (WARNING: The server did not provide any stacktrace information)
Command duration or timeout: 0 milliseconds
Build info: version: '3.7.1', revision: '8a0099a', time: '2017-11-06T21:07:36.161Z'
System info: host: 'NIVEDITA', ip: '10.0.102.159', os.name: 'Windows 8.1', os.arch: 'amd64', os.version: '6.3', java.version: '1.8.0_181'
Driver info: com.kms.katalon.selenium.driver.CChromeDriver
Capabilities {acceptInsecureCerts: false, acceptSslCerts: false, applicationCacheEnabled: false, browserConnectionEnabled: false, browserName: chrome, chrome: {chromedriverVersion: 74.0.3729.6 (255758eccf3d24..., userDataDir: C:\Users\user\AppData\Local...}, cssSelectorsEnabled: true, databaseEnabled: false, goog:chromeOptions: {debuggerAddress: localhost:55506}, handlesAlerts: true, hasTouchScreen: false, javascriptEnabled: true, locationContextEnabled: true, mobileEmulationEnabled: false, nativeEvents: true, networkConnectionEnabled: false, pageLoadStrategy: normal, platform: XP, platformName: XP, proxy: Proxy(direct), rotatable: false, setWindowRect: true, strictFileInteractability: false, takesHeapSnapshot: true, takesScreenshot: true, timeouts: {implicit: 0, pageLoad: 300000, script: 30000}, unexpectedAlertBehaviour: ignore, unhandledPromptBehavior: ignore, version: 75.0.3770.100, webStorageEnabled: true}
Session ID: de44e60b919478e1efc6050888c3784a
	at org.openqa.selenium.remote.ErrorHandler.createThrowable(ErrorHandler.java:214)
	at org.openqa.selenium.remote.ErrorHandler.throwIfResponseFailed(ErrorHandler.java:166)
	at org.openqa.selenium.remote.http.JsonHttpResponseCodec.reconstructValue(JsonHttpResponseCodec.java:40)
	at org.openqa.selenium.remote.http.AbstractHttpResponseCodec.decode(AbstractHttpResponseCodec.java:80)
	at org.openqa.selenium.remote.http.AbstractHttpResponseCodec.decode(AbstractHttpResponseCodec.java:44)
	at org.openqa.selenium.remote.HttpCommandExecutor.execute(HttpCommandExecutor.java:164)
	at org.openqa.selenium.remote.service.DriverCommandExecutor.execute(DriverCommandExecutor.java:83)
	at org.openqa.selenium.remote.RemoteWebDriver.execute(RemoteWebDriver.java:600)
	at com.kms.katalon.selenium.driver.CChromeDriver.execute(CChromeDriver.java:20)
	at org.openqa.selenium.remote.RemoteWebElement.execute(RemoteWebElement.java:279)
	at org.openqa.selenium.remote.RemoteWebElement.click(RemoteWebElement.java:83)
	at com.kms.katalon.core.webui.keyword.builtin.ClickKeyword$_click_closure1.doCall(ClickKeyword.groovy:79)
	at com.kms.katalon.core.webui.keyword.builtin.ClickKeyword$_click_closure1.call(ClickKeyword.groovy)
	at com.kms.katalon.core.webui.keyword.internal.WebUIKeywordMain.runKeyword(WebUIKeywordMain.groovy:20)
	at com.kms.katalon.core.webui.keyword.builtin.ClickKeyword.click(ClickKeyword.groovy:86)
	at com.kms.katalon.core.webui.keyword.builtin.ClickKeyword.execute(ClickKeyword.groovy:67)
	at com.kms.katalon.core.keyword.internal.KeywordExecutor.executeKeywordForPlatform(KeywordExecutor.groovy:56)
	at com.kms.katalon.core.webui.keyword.WebUiBuiltInKeywords.click(WebUiBuiltInKeywords.groovy:616)
	at com.kms.katalon.core.webui.keyword.WebUiBuiltInKeywords$click$2.call(Unknown Source)
	at Script1561622058769.run(Script1561622058769.groovy:98)
	... 13 more]]></system-err>
   </testsuite>
</testsuites>
