<?xml version="1.0" encoding="UTF-8"?>
<testsuites name="NASuit2_addOnOrderRetail" time="212" tests="1" failures="0" errors="0">
   <testsuite name="NASuit2_addOnOrderRetail" tests="1" failures="0" errors="0" time="212" timestamp="2019-05-22 17:06:15" hostname="user - 10.0.102.159" id="Test Suites/NASuit2_addOnOrderRetail">
      <properties>
         <property name="deviceName" value=""/>
         <property name="devicePlatform" value=""/>
         <property name="logFolder" value="C:\\Users\\user\\Documents\\testautomation\\NewArrivals\\Reports\\NASuit2_addOnOrderRetail\\20190522_170610"/>
         <property name="logFiles" value="C:\\Users\\user\\Documents\\testautomation\\NewArrivals\\Reports\\NASuit2_addOnOrderRetail\\20190522_170610\\execution0.log"/>
         <property name="attachments" value=""/>
         <property name="hostName" value="user - 10.0.102.159"/>
         <property name="os" value="Windows 8.1 64bit"/>
         <property name="katalonVersion" value="6.1.1.1"/>
         <property name="browser" value="Chrome 74.0.3729.157"/>
         <property name="hostAddress" value="10.0.102.159"/>
         <property name="sessionId" value="a3cd8cad0c67ff1a216b0173aecea445"/>
         <property name="seleniumVersion" value="3.7.1"/>
         <property name="proxyInformation" value="ProxyInformation{proxyOption=NO_PROXY, proxyServerType=HTTP, password=, proxyServerAddress=, proxyServerPort=0}"/>
         <property name="platform" value="Windows 8.1"/>
      </properties>
      <testcase name="Test Cases/addOnOrderRetail" classname="Test Cases/addOnOrderRetail" status="PASSED">
         <system-out><![CDATA[2019-05-22 17:06:16 - [TEST_CASE][PASSED] - Test Cases/addOnOrderRetail: Test Cases/addOnOrderRetail

2019-05-22 17:06:17 - [TEST_STEP][PASSED] - Start listener action : sampleBeforeTestCase: null

2019-05-22 17:06:18 - [TEST_STEP][PASSED] - println(testCaseContext.getTestCaseId()): null

2019-05-22 17:06:18 - [TEST_STEP][PASSED] - println(testCaseContext.getTestCaseVariables()): null

2019-05-22 17:06:18 - [TEST_STEP][PASSED] - openBrowser(""): Browser is opened with url: ''

2019-05-22 17:06:19 - [MESSAGE][INFO] - Starting 'Chrome' driver

2019-05-22 17:06:19 - [MESSAGE][INFO] - Action delay is set to 0 seconds

2019-05-22 17:06:23 - [MESSAGE][PASSED] - Browser is opened with url: ''

2019-05-22 17:06:23 - [TEST_STEP][PASSED] - callTestCase(findTestCase("backOfficeLogin"), ["BOURL":"", "BOuser":"", "BOpass":""], STOP_ON_FAILURE): Call Test Case 'Test Cases/backOfficeLogin' successfully

2019-05-22 17:06:23 - [TEST_CASE][PASSED] - Test Cases/backOfficeLogin: Test Cases/backOfficeLogin

2019-05-22 17:06:23 - [TEST_STEP][PASSED] - BOURL = findTestData("credData").getValue("BOURL", 1): null

2019-05-22 17:06:24 - [TEST_STEP][PASSED] - BOuser = findTestData("credData").getValue("BOuser", 1): null

2019-05-22 17:06:24 - [TEST_STEP][PASSED] - BOpass = findTestData("credData").getValue("BOpass", 1): null

2019-05-22 17:06:24 - [TEST_STEP][PASSED] - navigateToUrl(BOURL): Navigate to 'https://test14.cliotest.com/backoffice/control/main' successfully

2019-05-22 17:06:36 - [MESSAGE][PASSED] - Navigate to 'https://test14.cliotest.com/backoffice/control/main' successfully

2019-05-22 17:06:36 - [TEST_STEP][PASSED] - logOut = findWebElements(findTestObject("Object Repository/Page_cabi Home/log_out"), 1): Unable to find the element located by 'By.xpath: //a[contains(text(),'Log Out')]'. Please recheck the objects properties to make sure the desired element is located. 

2019-05-22 17:06:37 - [MESSAGE][INFO] - Unable to find the element located by 'By.xpath: //a[contains(text(),'Log Out')]'. Please recheck the objects properties to make sure the desired element is located. 

2019-05-22 17:06:37 - [TEST_STEP][PASSED] - if (logOut.size() == 0): Object: 'Object Repository/Page_cabi/input_Welcome to_consultantLogin' is clicked on

2019-05-22 17:06:37 - [TEST_STEP][PASSED] - setText(findTestObject("Page_cabi/input_Welcome to_USERNAME"), BOuser): Text '400000002' is set on object 'Object Repository/Page_cabi/input_Welcome to_USERNAME'

2019-05-22 17:06:38 - [MESSAGE][PASSED] - Text '400000002' is set on object 'Object Repository/Page_cabi/input_Welcome to_USERNAME'

2019-05-22 17:06:38 - [TEST_STEP][PASSED] - setText(findTestObject("Object Repository/Page_cabi/input_Welcome to_PASSWORD"), BOpass): Text 'blackdress19' is set on object 'Object Repository/Page_cabi/input_Welcome to_PASSWORD'

2019-05-22 17:06:38 - [MESSAGE][PASSED] - Text 'blackdress19' is set on object 'Object Repository/Page_cabi/input_Welcome to_PASSWORD'

2019-05-22 17:06:38 - [TEST_STEP][PASSED] - click(findTestObject("Object Repository/Page_cabi/input_Welcome to_consultantLogin")): Object: 'Object Repository/Page_cabi/input_Welcome to_consultantLogin' is clicked on

2019-05-22 17:06:53 - [MESSAGE][PASSED] - Object: 'Object Repository/Page_cabi/input_Welcome to_consultantLogin' is clicked on

2019-05-22 17:06:53 - [TEST_STEP][PASSED] - delay(3): Delayed 3 second(s)

2019-05-22 17:06:56 - [MESSAGE][PASSED] - Delayed 3 second(s)

2019-05-22 17:06:56 - [MESSAGE][PASSED] - Call Test Case 'Test Cases/backOfficeLogin' successfully

2019-05-22 17:06:56 - [TEST_STEP][PASSED] - click(findTestObject("Object Repository/Page_cabi Home/a_Shows  Orders")): Object: 'Object Repository/Page_cabi Home/a_Shows  Orders' is clicked on

2019-05-22 17:06:56 - [MESSAGE][PASSED] - Object: 'Object Repository/Page_cabi Home/a_Shows  Orders' is clicked on

2019-05-22 17:06:56 - [TEST_STEP][PASSED] - delay(1): Delayed 1 second(s)

2019-05-22 17:06:57 - [MESSAGE][PASSED] - Delayed 1 second(s)

2019-05-22 17:06:57 - [TEST_STEP][PASSED] - rightClick(findTestObject("Page_cabi Home/a_Shows  Orders")): Object: 'Object Repository/Page_cabi Home/a_Shows  Orders' is right clicked on

2019-05-22 17:06:58 - [MESSAGE][PASSED] - Object: 'Object Repository/Page_cabi Home/a_Shows  Orders' is right clicked on

2019-05-22 17:06:58 - [TEST_STEP][PASSED] - click(findTestObject("Page_cabi Home/a_retail_purchases")): Object: 'Object Repository/Page_cabi Home/a_retail_purchases' is clicked on

2019-05-22 17:07:00 - [MESSAGE][PASSED] - Object: 'Object Repository/Page_cabi Home/a_retail_purchases' is clicked on

2019-05-22 17:07:00 - [TEST_STEP][PASSED] - delay(3): Delayed 3 second(s)

2019-05-22 17:07:03 - [MESSAGE][PASSED] - Delayed 3 second(s)

2019-05-22 17:07:03 - [TEST_STEP][PASSED] - click(findTestObject("Object Repository/Page_cabi Home/existingCustomer")): Object: 'Object Repository/Page_cabi Home/existingCustomer' is clicked on

2019-05-22 17:07:03 - [MESSAGE][PASSED] - Object: 'Object Repository/Page_cabi Home/existingCustomer' is clicked on

2019-05-22 17:07:03 - [TEST_STEP][PASSED] - contactNumber = 3: null

2019-05-22 17:07:03 - [TEST_STEP][PASSED] - firstName = findTestData("contactData").getValue("firstName", contactNumber): null

2019-05-22 17:07:03 - [TEST_STEP][PASSED] - lastName = findTestData("contactData").getValue("lastName", contactNumber): null

2019-05-22 17:07:03 - [TEST_STEP][PASSED] - email = findTestData("contactData").getValue("email", contactNumber): null

2019-05-22 17:07:04 - [TEST_STEP][PASSED] - address1 = findTestData("contactData").getValue("address1", contactNumber): null

2019-05-22 17:07:04 - [TEST_STEP][PASSED] - city = findTestData("contactData").getValue("city", contactNumber): null

2019-05-22 17:07:04 - [TEST_STEP][PASSED] - state = findTestData("contactData").getValue("state", contactNumber): null

2019-05-22 17:07:04 - [TEST_STEP][PASSED] - zip = findTestData("contactData").getValue("zip", contactNumber): null

2019-05-22 17:07:04 - [TEST_STEP][PASSED] - existingCustFName = firstName: null

2019-05-22 17:07:04 - [TEST_STEP][PASSED] - existingCustLName = lastName: null

2019-05-22 17:07:04 - [TEST_STEP][PASSED] - space = " ": null

2019-05-22 17:07:04 - [TEST_STEP][PASSED] - existingCust = $existingCustFName$space$existingCustLName: null

2019-05-22 17:07:04 - [TEST_STEP][PASSED] - setText(findTestObject("Object Repository/Page_cabi Home/input_existing_guest"), existingCust): Text 'neoguest1 abc' is set on object 'Object Repository/Page_cabi Home/input_existing_guest'

2019-05-22 17:07:04 - [MESSAGE][PASSED] - Text 'neoguest1 abc' is set on object 'Object Repository/Page_cabi Home/input_existing_guest'

2019-05-22 17:07:04 - [TEST_STEP][PASSED] - delay(3): Delayed 3 second(s)

2019-05-22 17:07:07 - [MESSAGE][PASSED] - Delayed 3 second(s)

2019-05-22 17:07:07 - [TEST_STEP][PASSED] - click(findTestObject("Object Repository/Page_cabi Create Show - Set Hostess/a_select_customer")): Object: 'Object Repository/Page_cabi Create Show - Set Hostess/a_select_customer' is clicked on

2019-05-22 17:07:08 - [MESSAGE][PASSED] - Object: 'Object Repository/Page_cabi Create Show - Set Hostess/a_select_customer' is clicked on

2019-05-22 17:07:08 - [TEST_STEP][PASSED] - setText(findTestObject("Object Repository/Page_cabi Home/input_existing_guest"), existingCust): Text 'neoguest1 abc' is set on object 'Object Repository/Page_cabi Home/input_existing_guest'

2019-05-22 17:07:08 - [MESSAGE][PASSED] - Text 'neoguest1 abc' is set on object 'Object Repository/Page_cabi Home/input_existing_guest'

2019-05-22 17:07:08 - [TEST_STEP][PASSED] - setText(findTestObject("Object Repository/Page_cabi Retail Store/input_email"), email): Text 'neoguest1ab@test.com' is set on object 'Object Repository/Page_cabi Retail Store/input_email'

2019-05-22 17:07:08 - [MESSAGE][PASSED] - Text 'neoguest1ab@test.com' is set on object 'Object Repository/Page_cabi Retail Store/input_email'

2019-05-22 17:07:08 - [TEST_STEP][PASSED] - setText(findTestObject("Object Repository/Page_cabi Edit Customer Profile/input_Address1_address1"), address1): Text '3218 S MACDILL AVE' is set on object 'Object Repository/Page_cabi Edit Customer Profile/input_Address1_address1'

2019-05-22 17:07:08 - [MESSAGE][PASSED] - Text '3218 S MACDILL AVE' is set on object 'Object Repository/Page_cabi Edit Customer Profile/input_Address1_address1'

2019-05-22 17:07:08 - [TEST_STEP][PASSED] - setText(findTestObject("Object Repository/Page_cabi Edit Customer Profile/input_Address2_address2"), ""): Text '' is set on object 'Object Repository/Page_cabi Edit Customer Profile/input_Address2_address2'

2019-05-22 17:07:08 - [MESSAGE][PASSED] - Text '' is set on object 'Object Repository/Page_cabi Edit Customer Profile/input_Address2_address2'

2019-05-22 17:07:08 - [TEST_STEP][PASSED] - setText(findTestObject("Object Repository/Page_cabi Edit Customer Profile/input_City_city"), city): Text 'TAMPA' is set on object 'Object Repository/Page_cabi Edit Customer Profile/input_City_city'

2019-05-22 17:07:08 - [MESSAGE][PASSED] - Text 'TAMPA' is set on object 'Object Repository/Page_cabi Edit Customer Profile/input_City_city'

2019-05-22 17:07:08 - [TEST_STEP][PASSED] - click(findTestObject("Page_cabi Edit Customer Profile/span_select_a_state")): Object: 'Object Repository/Page_cabi Edit Customer Profile/span_select_a_state' is clicked on

2019-05-22 17:07:09 - [MESSAGE][PASSED] - Object: 'Object Repository/Page_cabi Edit Customer Profile/span_select_a_state' is clicked on

2019-05-22 17:07:09 - [TEST_STEP][PASSED] - delay(1): Delayed 1 second(s)

2019-05-22 17:07:10 - [MESSAGE][PASSED] - Delayed 1 second(s)

2019-05-22 17:07:10 - [TEST_STEP][PASSED] - setText(findTestObject("Object Repository/Page_cabi Edit Customer Profile/input_state_1"), state): Text 'FLORIDA' is set on object 'Object Repository/Page_cabi Edit Customer Profile/input_state_1'

2019-05-22 17:07:10 - [MESSAGE][PASSED] - Text 'FLORIDA' is set on object 'Object Repository/Page_cabi Edit Customer Profile/input_state_1'

2019-05-22 17:07:10 - [TEST_STEP][PASSED] - delay(2): Delayed 2 second(s)

2019-05-22 17:07:12 - [MESSAGE][PASSED] - Delayed 2 second(s)

2019-05-22 17:07:12 - [TEST_STEP][PASSED] - click(findTestObject("Page_cabi Edit Customer Profile/span_state")): Object: 'Object Repository/Page_cabi Edit Customer Profile/span_state' is clicked on

2019-05-22 17:07:12 - [MESSAGE][PASSED] - Object: 'Object Repository/Page_cabi Edit Customer Profile/span_state' is clicked on

2019-05-22 17:07:12 - [TEST_STEP][PASSED] - setText(findTestObject("Page_cabi Edit Customer Profile/input_state_postalCode"), zip): Text '33629' is set on object 'Object Repository/Page_cabi Edit Customer Profile/input_state_postalCode'

2019-05-22 17:07:12 - [MESSAGE][PASSED] - Text '33629' is set on object 'Object Repository/Page_cabi Edit Customer Profile/input_state_postalCode'

2019-05-22 17:07:12 - [TEST_STEP][PASSED] - delay(5): Delayed 5 second(s)

2019-05-22 17:07:17 - [MESSAGE][PASSED] - Delayed 5 second(s)

2019-05-22 17:07:17 - [TEST_STEP][PASSED] - check(findTestObject("Object Repository/Page_cabi Home/a_same_shipping_address")): Object 'Object Repository/Page_cabi Home/a_same_shipping_address' is checked

2019-05-22 17:07:17 - [MESSAGE][PASSED] - Object 'Object Repository/Page_cabi Home/a_same_shipping_address' is checked

2019-05-22 17:07:17 - [TEST_STEP][PASSED] - delay(5): Delayed 5 second(s)

2019-05-22 17:07:22 - [MESSAGE][PASSED] - Delayed 5 second(s)

2019-05-22 17:07:22 - [TEST_STEP][PASSED] - check(findTestObject("Object Repository/Page_cabi Home/a_same_shipping_address")): Object 'Object Repository/Page_cabi Home/a_same_shipping_address' is checked

2019-05-22 17:07:22 - [MESSAGE][PASSED] - Object 'Object Repository/Page_cabi Home/a_same_shipping_address' is checked

2019-05-22 17:07:22 - [TEST_STEP][PASSED] - delay(10): Delayed 10 second(s)

2019-05-22 17:07:32 - [MESSAGE][PASSED] - Delayed 10 second(s)

2019-05-22 17:07:32 - [TEST_STEP][PASSED] - click(findTestObject("Page_cabi Retail Store/span_next_1")): Object: 'Object Repository/Page_cabi Retail Store/span_next_1' is clicked on

2019-05-22 17:07:32 - [MESSAGE][PASSED] - Object: 'Object Repository/Page_cabi Retail Store/span_next_1' is clicked on

2019-05-22 17:07:32 - [TEST_STEP][PASSED] - delay(3): Delayed 3 second(s)

2019-05-22 17:07:35 - [MESSAGE][PASSED] - Delayed 3 second(s)

2019-05-22 17:07:35 - [TEST_STEP][PASSED] - click(findTestObject("Object Repository/Page_cabi Retail Store/span_quick_entry")): Object: 'Object Repository/Page_cabi Retail Store/span_quick_entry' is clicked on

2019-05-22 17:07:39 - [MESSAGE][PASSED] - Object: 'Object Repository/Page_cabi Retail Store/span_quick_entry' is clicked on

2019-05-22 17:07:39 - [TEST_STEP][PASSED] - delay(3): Delayed 3 second(s)

2019-05-22 17:07:42 - [MESSAGE][PASSED] - Delayed 3 second(s)

2019-05-22 17:07:42 - [TEST_STEP][PASSED] - emptyCart = findWebElements(findTestObject("Object Repository/Page_cabi Personal Store/removeFromCart"), 5): Unable to find the element located by 'By.xpath: //*[@id="removeFromCart_0"]/span'. Please recheck the objects properties to make sure the desired element is located. 

2019-05-22 17:07:47 - [MESSAGE][INFO] - Unable to find the element located by 'By.xpath: //*[@id="removeFromCart_0"]/span'. Please recheck the objects properties to make sure the desired element is located. 

2019-05-22 17:07:47 - [TEST_STEP][PASSED] - if (emptyCart.size() > 0): null

2019-05-22 17:07:47 - [TEST_STEP][PASSED] - addOnStyle = findTestData("miscData").getValue("addOnStyle", 1): null

2019-05-22 17:07:47 - [TEST_STEP][PASSED] - click(findTestObject("Object Repository/Page_cabi Create Order/input_Manual Discount_stylelookup_0")): Object: 'Object Repository/Page_cabi Create Order/input_Manual Discount_stylelookup_0' is clicked on

2019-05-22 17:07:47 - [MESSAGE][PASSED] - Object: 'Object Repository/Page_cabi Create Order/input_Manual Discount_stylelookup_0' is clicked on

2019-05-22 17:07:47 - [TEST_STEP][PASSED] - setText(findTestObject("Object Repository/Page_cabi Create Order/input_Manual Discount_stylelookup_0"), addOnStyle): Text '5447' is set on object 'Object Repository/Page_cabi Create Order/input_Manual Discount_stylelookup_0'

2019-05-22 17:07:47 - [MESSAGE][PASSED] - Text '5447' is set on object 'Object Repository/Page_cabi Create Order/input_Manual Discount_stylelookup_0'

2019-05-22 17:07:47 - [TEST_STEP][PASSED] - delay(3): Delayed 3 second(s)

2019-05-22 17:07:50 - [MESSAGE][PASSED] - Delayed 3 second(s)

2019-05-22 17:07:50 - [TEST_STEP][PASSED] - prod_message = getText(findTestObject("Page_cabi Create Order/first_option")): Text of object 'Object Repository/Page_cabi Create Order/first_option' is: '5447 Bishop Cardigan'

2019-05-22 17:07:50 - [MESSAGE][PASSED] - Text of object 'Object Repository/Page_cabi Create Order/first_option' is: '5447 Bishop Cardigan'

2019-05-22 17:07:50 - [TEST_STEP][PASSED] - click(findTestObject("Page_cabi Create Order/first_option")): Object: 'Object Repository/Page_cabi Create Order/first_option' is clicked on

2019-05-22 17:07:51 - [MESSAGE][PASSED] - Object: 'Object Repository/Page_cabi Create Order/first_option' is clicked on

2019-05-22 17:07:51 - [TEST_STEP][PASSED] - delay(5): Delayed 5 second(s)

2019-05-22 17:07:56 - [MESSAGE][PASSED] - Delayed 5 second(s)

2019-05-22 17:07:56 - [TEST_STEP][PASSED] - click(findTestObject("Object Repository/Page_cabi Order Items/selectSize")): Object: 'Object Repository/Page_cabi Order Items/selectSize' is clicked on

2019-05-22 17:07:56 - [MESSAGE][PASSED] - Object: 'Object Repository/Page_cabi Order Items/selectSize' is clicked on

2019-05-22 17:07:56 - [TEST_STEP][PASSED] - click(findTestObject("Object Repository/Page_cabi Order Items/span_Add to Cart")): Object: 'Object Repository/Page_cabi Order Items/span_Add to Cart' is clicked on

2019-05-22 17:07:56 - [MESSAGE][PASSED] - Object: 'Object Repository/Page_cabi Order Items/span_Add to Cart' is clicked on

2019-05-22 17:07:56 - [TEST_STEP][PASSED] - delay(5): Delayed 5 second(s)

2019-05-22 17:08:01 - [MESSAGE][PASSED] - Delayed 5 second(s)

2019-05-22 17:08:01 - [TEST_STEP][PASSED] - click(findTestObject("Object Repository/Page_cabi Order Items/span_Continue to Shipping")): Object: 'Object Repository/Page_cabi Order Items/span_Continue to Shipping' is clicked on

2019-05-22 17:08:01 - [MESSAGE][PASSED] - Object: 'Object Repository/Page_cabi Order Items/span_Continue to Shipping' is clicked on

2019-05-22 17:08:01 - [TEST_STEP][PASSED] - delay(3): Delayed 3 second(s)

2019-05-22 17:08:04 - [MESSAGE][PASSED] - Delayed 3 second(s)

2019-05-22 17:08:04 - [TEST_STEP][PASSED] - click(findTestObject("Page_cabi Personal Store/nextButtonShipping")): Object: 'Object Repository/Page_cabi Personal Store/nextButtonShipping' is clicked on

2019-05-22 17:08:04 - [MESSAGE][PASSED] - Object: 'Object Repository/Page_cabi Personal Store/nextButtonShipping' is clicked on

2019-05-22 17:08:04 - [TEST_STEP][PASSED] - delay(3): Delayed 3 second(s)

2019-05-22 17:08:07 - [MESSAGE][PASSED] - Delayed 3 second(s)

2019-05-22 17:08:07 - [TEST_STEP][PASSED] - click(findTestObject("Page_cabi Personal Store/makeFirstPayment")): Object: 'Object Repository/Page_cabi Personal Store/makeFirstPayment' is clicked on

2019-05-22 17:08:07 - [MESSAGE][PASSED] - Object: 'Object Repository/Page_cabi Personal Store/makeFirstPayment' is clicked on

2019-05-22 17:08:07 - [TEST_STEP][PASSED] - click(findTestObject("Page_cabi Personal Store/submitPayment")): Object: 'Object Repository/Page_cabi Personal Store/submitPayment' is clicked on

2019-05-22 17:08:07 - [MESSAGE][PASSED] - Object: 'Object Repository/Page_cabi Personal Store/submitPayment' is clicked on

2019-05-22 17:08:07 - [TEST_STEP][PASSED] - click(findTestObject("Page_cabi Personal Store/submitOrderId")): Object: 'Object Repository/Page_cabi Personal Store/submitOrderId' is clicked on

2019-05-22 17:08:10 - [MESSAGE][PASSED] - Object: 'Object Repository/Page_cabi Personal Store/submitOrderId' is clicked on

2019-05-22 17:08:10 - [TEST_STEP][PASSED] - successMsg = "": null

2019-05-22 17:08:10 - [TEST_STEP][PASSED] - orderSuccess = false: null

2019-05-22 17:08:10 - [TEST_STEP][PASSED] - successMsgs = findWebElements(findTestObject("Object Repository/Page_cabi Personal Store/p_success_msg"), 5): null

2019-05-22 17:08:10 - [TEST_STEP][PASSED] - if (successMsgs.size() > 0): Text of object 'Object Repository/Page_cabi Personal Store/p_order_id' is: 'RT707963625'

2019-05-22 17:08:10 - [TEST_STEP][PASSED] - successMsg = getText(findTestObject("Object Repository/Page_cabi Personal Store/p_success_msg")): Text of object 'Object Repository/Page_cabi Personal Store/p_success_msg' is: 'Order Created Successfully!!
Order #:  RT707963625

CONTINUE SHOPPING'

2019-05-22 17:08:10 - [MESSAGE][PASSED] - Text of object 'Object Repository/Page_cabi Personal Store/p_success_msg' is: 'Order Created Successfully!!
Order #:  RT707963625

CONTINUE SHOPPING'

2019-05-22 17:08:10 - [TEST_STEP][PASSED] - orderSuccess = true: null

2019-05-22 17:08:10 - [TEST_STEP][PASSED] - addOnOrderId = getText(findTestObject("Object Repository/Page_cabi Personal Store/p_order_id")): Text of object 'Object Repository/Page_cabi Personal Store/p_order_id' is: 'RT707963625'

2019-05-22 17:08:10 - [MESSAGE][PASSED] - Text of object 'Object Repository/Page_cabi Personal Store/p_order_id' is: 'RT707963625'

2019-05-22 17:08:11 - [TEST_STEP][PASSED] - assert orderSuccess == true: null

2019-05-22 17:08:11 - [TEST_STEP][PASSED] - callTestCase(findTestCase("warehouseShipping"), ["orderId":addOnOrderId], STOP_ON_FAILURE): Call Test Case 'Test Cases/warehouseShipping' successfully

2019-05-22 17:08:11 - [TEST_CASE][PASSED] - Test Cases/warehouseShipping: Test Cases/warehouseShipping

2019-05-22 17:08:11 - [TEST_STEP][PASSED] - callTestCase(findTestCase("cabiWarehouseLogin"), ["CWURL":"", "CWuser":"", "CWpass":""], STOP_ON_FAILURE): Call Test Case 'Test Cases/cabiWarehouseLogin' successfully

2019-05-22 17:08:11 - [TEST_CASE][PASSED] - Test Cases/cabiWarehouseLogin: Test Cases/cabiWarehouseLogin

2019-05-22 17:08:11 - [TEST_STEP][PASSED] - CWURL = findTestData("credData").getValue("CWURL", 1): null

2019-05-22 17:08:11 - [TEST_STEP][PASSED] - CWuser = findTestData("credData").getValue("CWuser", 1): null

2019-05-22 17:08:11 - [TEST_STEP][PASSED] - CWpass = findTestData("credData").getValue("CWpass", 1): null

2019-05-22 17:08:11 - [TEST_STEP][PASSED] - maximizeWindow(): Current window maximized

2019-05-22 17:08:12 - [MESSAGE][PASSED] - Current window maximized

2019-05-22 17:08:12 - [TEST_STEP][PASSED] - navigateToUrl(CWURL): Navigate to 'https://test14.cliotest.com/warehouse/control/main' successfully

2019-05-22 17:08:16 - [MESSAGE][PASSED] - Navigate to 'https://test14.cliotest.com/warehouse/control/main' successfully

2019-05-22 17:08:16 - [TEST_STEP][PASSED] - logOut = findWebElements(findTestObject("Object Repository/Cabi warehouse/Page_cabi_home/log_out"), 1): Unable to find the element located by 'By.xpath: //li/a[contains(text(), 'Log Out »')]'. Please recheck the objects properties to make sure the desired element is located. 

2019-05-22 17:08:17 - [MESSAGE][INFO] - Unable to find the element located by 'By.xpath: //li/a[contains(text(), 'Log Out »')]'. Please recheck the objects properties to make sure the desired element is located. 

2019-05-22 17:08:17 - [TEST_STEP][PASSED] - if (logOut.size() == 0): Object: 'Object Repository/Cabi warehouse/Page_cabi/input_Password_section-btn btn-stl-pk rFloat' is clicked on

2019-05-22 17:08:17 - [TEST_STEP][PASSED] - setText(findTestObject("Object Repository/Cabi warehouse/Page_cabi/input_Username_USERNAME"), CWuser): Text 'rsuarez' is set on object 'Object Repository/Cabi warehouse/Page_cabi/input_Username_USERNAME'

2019-05-22 17:08:17 - [MESSAGE][PASSED] - Text 'rsuarez' is set on object 'Object Repository/Cabi warehouse/Page_cabi/input_Username_USERNAME'

2019-05-22 17:08:17 - [TEST_STEP][PASSED] - setText(findTestObject("Object Repository/Cabi warehouse/Page_cabi/input_Password_PASSWORD"), CWpass): Text 'blackdress19' is set on object 'Object Repository/Cabi warehouse/Page_cabi/input_Password_PASSWORD'

2019-05-22 17:08:18 - [MESSAGE][PASSED] - Text 'blackdress19' is set on object 'Object Repository/Cabi warehouse/Page_cabi/input_Password_PASSWORD'

2019-05-22 17:08:18 - [TEST_STEP][PASSED] - click(findTestObject("Object Repository/Cabi warehouse/Page_cabi/input_Password_section-btn btn-stl-pk rFloat")): Object: 'Object Repository/Cabi warehouse/Page_cabi/input_Password_section-btn btn-stl-pk rFloat' is clicked on

2019-05-22 17:08:19 - [MESSAGE][PASSED] - Object: 'Object Repository/Cabi warehouse/Page_cabi/input_Password_section-btn btn-stl-pk rFloat' is clicked on

2019-05-22 17:08:19 - [TEST_STEP][PASSED] - delay(3): Delayed 3 second(s)

2019-05-22 17:08:22 - [MESSAGE][PASSED] - Delayed 3 second(s)

2019-05-22 17:08:22 - [MESSAGE][PASSED] - Call Test Case 'Test Cases/cabiWarehouseLogin' successfully

2019-05-22 17:08:22 - [TEST_STEP][PASSED] - click(findTestObject("Page_cabi Manage PickLists/a_Create PickLists")): Object: 'Object Repository/Page_cabi Manage PickLists/a_Create PickLists' is clicked on

2019-05-22 17:08:23 - [MESSAGE][PASSED] - Object: 'Object Repository/Page_cabi Manage PickLists/a_Create PickLists' is clicked on

2019-05-22 17:08:23 - [TEST_STEP][PASSED] - click(findTestObject("Object Repository/findOrders/Page_cabi Find Orders/Page_cabi SampleLine Shipment Screen/a_Single Order")): Object: 'Object Repository/findOrders/Page_cabi Find Orders/Page_cabi SampleLine Shipment Screen/a_Single Order' is clicked on

2019-05-22 17:08:23 - [MESSAGE][PASSED] - Object: 'Object Repository/findOrders/Page_cabi Find Orders/Page_cabi SampleLine Shipment Screen/a_Single Order' is clicked on

2019-05-22 17:08:23 - [TEST_STEP][PASSED] - setText(findTestObject("Page_cabi Create Single Order PickList/input_Order Id_orderId"), orderId): Text 'RT707963625' is set on object 'Object Repository/Page_cabi Create Single Order PickList/input_Order Id_orderId'

2019-05-22 17:08:23 - [MESSAGE][PASSED] - Text 'RT707963625' is set on object 'Object Repository/Page_cabi Create Single Order PickList/input_Order Id_orderId'

2019-05-22 17:08:23 - [TEST_STEP][PASSED] - click(findTestObject("Page_cabi Create Single Order PickList/input_Create even if fully backordered_submitButton")): Object: 'Object Repository/Page_cabi Create Single Order PickList/input_Create even if fully backordered_submitButton' is clicked on

2019-05-22 17:08:24 - [MESSAGE][PASSED] - Object: 'Object Repository/Page_cabi Create Single Order PickList/input_Create even if fully backordered_submitButton' is clicked on

2019-05-22 17:08:24 - [TEST_STEP][NOT_RUN] - verifyElementText(findTestObject("Cabi warehouse/picklistCreatedMessage"), "Picklist for order has been created successfully."): NOT_RUN: verifyElementText(findTestObject("Cabi warehouse/picklistCreatedMessage"), "Picklist for order has been created successfully.")

2019-05-22 17:08:24 - [MESSAGE][NOT_RUN] - NOT_RUN: verifyElementText(findTestObject("Cabi warehouse/picklistCreatedMessage"), "Picklist for order has been created successfully.")

2019-05-22 17:08:24 - [TEST_STEP][PASSED] - click(findTestObject("Page_cabi Create Single Order PickList/a_Manage PickLists")): Object: 'Object Repository/Page_cabi Create Single Order PickList/a_Manage PickLists' is clicked on

2019-05-22 17:08:25 - [MESSAGE][PASSED] - Object: 'Object Repository/Page_cabi Create Single Order PickList/a_Manage PickLists' is clicked on

2019-05-22 17:08:25 - [TEST_STEP][PASSED] - setText(findTestObject("Page_cabi Manage PickLists/input_Order _orderId"), orderId): Text 'RT707963625' is set on object 'Object Repository/Page_cabi Manage PickLists/input_Order _orderId'

2019-05-22 17:08:25 - [MESSAGE][PASSED] - Text 'RT707963625' is set on object 'Object Repository/Page_cabi Manage PickLists/input_Order _orderId'

2019-05-22 17:08:25 - [TEST_STEP][PASSED] - click(findTestObject("Page_cabi Manage PickLists/input")): Object: 'Object Repository/Page_cabi Manage PickLists/input' is clicked on

2019-05-22 17:08:26 - [MESSAGE][PASSED] - Object: 'Object Repository/Page_cabi Manage PickLists/input' is clicked on

2019-05-22 17:08:26 - [TEST_STEP][PASSED] - delay(3): Delayed 3 second(s)

2019-05-22 17:08:29 - [MESSAGE][PASSED] - Delayed 3 second(s)

2019-05-22 17:08:29 - [TEST_STEP][PASSED] - click(findTestObject("Page_cabi Manage PickLists/td_104238610")): Object: 'Object Repository/Page_cabi Manage PickLists/td_104238610' is clicked on

2019-05-22 17:08:29 - [MESSAGE][PASSED] - Object: 'Object Repository/Page_cabi Manage PickLists/td_104238610' is clicked on

2019-05-22 17:08:29 - [TEST_STEP][PASSED] - picklistId = getText(findTestObject("Page_cabi Manage PickLists/td_104238610")): Text of object 'Object Repository/Page_cabi Manage PickLists/td_104238610' is: '104256731'

2019-05-22 17:08:29 - [MESSAGE][PASSED] - Text of object 'Object Repository/Page_cabi Manage PickLists/td_104238610' is: '104256731'

2019-05-22 17:08:29 - [TEST_STEP][PASSED] - click(findTestObject("Page_cabi Manage PickLists/a_Packing")): Object: 'Object Repository/Page_cabi Manage PickLists/a_Packing' is clicked on

2019-05-22 17:08:30 - [MESSAGE][PASSED] - Object: 'Object Repository/Page_cabi Manage PickLists/a_Packing' is clicked on

2019-05-22 17:08:30 - [TEST_STEP][PASSED] - setText(findTestObject("Page_cabi Pack Init/input_Pack Station_packStationId"), "30"): Text '30' is set on object 'Object Repository/Page_cabi Pack Init/input_Pack Station_packStationId'

2019-05-22 17:08:30 - [MESSAGE][PASSED] - Text '30' is set on object 'Object Repository/Page_cabi Pack Init/input_Pack Station_packStationId'

2019-05-22 17:08:30 - [TEST_STEP][PASSED] - click(findTestObject("Page_cabi Pack Init/input_Pack Station_submitButton")): Object: 'Object Repository/Page_cabi Pack Init/input_Pack Station_submitButton' is clicked on

2019-05-22 17:08:31 - [MESSAGE][PASSED] - Object: 'Object Repository/Page_cabi Pack Init/input_Pack Station_submitButton' is clicked on

2019-05-22 17:08:31 - [TEST_STEP][PASSED] - setText(findTestObject("Page_cabi Pack Init/input_Picklist ID_pickId"), picklistId): Text '104256731' is set on object 'Object Repository/Page_cabi Pack Init/input_Picklist ID_pickId'

2019-05-22 17:08:31 - [MESSAGE][PASSED] - Text '104256731' is set on object 'Object Repository/Page_cabi Pack Init/input_Picklist ID_pickId'

2019-05-22 17:08:31 - [TEST_STEP][PASSED] - click(findTestObject("Page_cabi Pack Init/input_Picklist ID_submitButton")): Object: 'Object Repository/Page_cabi Pack Init/input_Picklist ID_submitButton' is clicked on

2019-05-22 17:08:32 - [MESSAGE][PASSED] - Object: 'Object Repository/Page_cabi Pack Init/input_Picklist ID_submitButton' is clicked on

2019-05-22 17:08:32 - [TEST_STEP][PASSED] - click(findTestObject("Page_cabi General Pack/input_Cream Of Wheat_button addItemForVerification")): Object: 'Object Repository/Page_cabi General Pack/input_Cream Of Wheat_button addItemForVerification' is clicked on

2019-05-22 17:08:32 - [MESSAGE][PASSED] - Object: 'Object Repository/Page_cabi General Pack/input_Cream Of Wheat_button addItemForVerification' is clicked on

2019-05-22 17:08:32 - [TEST_STEP][PASSED] - click(findTestObject("Page_cabi General Pack/input_Pack Station  30_shipConfirmBtn")): Object: 'Object Repository/Page_cabi General Pack/input_Pack Station  30_shipConfirmBtn' is clicked on

2019-05-22 17:08:35 - [MESSAGE][PASSED] - Object: 'Object Repository/Page_cabi General Pack/input_Pack Station  30_shipConfirmBtn' is clicked on

2019-05-22 17:08:35 - [TEST_STEP][PASSED] - click(findTestObject("Cabi warehouse/warehouseLogout")): Object: 'Object Repository/Cabi warehouse/warehouseLogout' is clicked on

2019-05-22 17:08:36 - [MESSAGE][PASSED] - Object: 'Object Repository/Cabi warehouse/warehouseLogout' is clicked on

2019-05-22 17:08:36 - [MESSAGE][PASSED] - Call Test Case 'Test Cases/warehouseShipping' successfully

2019-05-22 17:08:36 - [TEST_STEP][PASSED] - callTestCase(findTestCase("backOfficeLogin"), ["BOURL":"", "BOuser":"", "BOpass":""], STOP_ON_FAILURE): Call Test Case 'Test Cases/backOfficeLogin' successfully

2019-05-22 17:08:36 - [TEST_CASE][PASSED] - Test Cases/backOfficeLogin: Test Cases/backOfficeLogin

2019-05-22 17:08:36 - [TEST_STEP][PASSED] - BOURL = findTestData("credData").getValue("BOURL", 1): null

2019-05-22 17:08:36 - [TEST_STEP][PASSED] - BOuser = findTestData("credData").getValue("BOuser", 1): null

2019-05-22 17:08:36 - [TEST_STEP][PASSED] - BOpass = findTestData("credData").getValue("BOpass", 1): null

2019-05-22 17:08:36 - [TEST_STEP][PASSED] - navigateToUrl(BOURL): Navigate to 'https://test14.cliotest.com/backoffice/control/main' successfully

2019-05-22 17:08:41 - [MESSAGE][PASSED] - Navigate to 'https://test14.cliotest.com/backoffice/control/main' successfully

2019-05-22 17:08:41 - [TEST_STEP][PASSED] - logOut = findWebElements(findTestObject("Object Repository/Page_cabi Home/log_out"), 1): null

2019-05-22 17:08:41 - [TEST_STEP][PASSED] - if (logOut.size() == 0): null

2019-05-22 17:08:41 - [TEST_STEP][PASSED] - delay(3): Delayed 3 second(s)

2019-05-22 17:08:44 - [MESSAGE][PASSED] - Delayed 3 second(s)

2019-05-22 17:08:44 - [MESSAGE][PASSED] - Call Test Case 'Test Cases/backOfficeLogin' successfully

2019-05-22 17:08:44 - [TEST_STEP][PASSED] - click(findTestObject("Object Repository/findOrders/Page_cabi Find Orders/Page_cabi Home/a_Shows  Orders")): Object: 'Object Repository/findOrders/Page_cabi Find Orders/Page_cabi Home/a_Shows  Orders' is clicked on

2019-05-22 17:08:44 - [MESSAGE][PASSED] - Object: 'Object Repository/findOrders/Page_cabi Find Orders/Page_cabi Home/a_Shows  Orders' is clicked on

2019-05-22 17:08:44 - [TEST_STEP][PASSED] - click(findTestObject("Object Repository/findOrders/Page_cabi Find Orders/Page_cabi Home/a_Orders")): Object: 'Object Repository/findOrders/Page_cabi Find Orders/Page_cabi Home/a_Orders' is clicked on

2019-05-22 17:08:45 - [MESSAGE][PASSED] - Object: 'Object Repository/findOrders/Page_cabi Find Orders/Page_cabi Home/a_Orders' is clicked on

2019-05-22 17:08:45 - [TEST_STEP][PASSED] - click(findTestObject("Object Repository/findOrders/Page_cabi Find Orders/Page_cabi Find Orders/b")): Object: 'Object Repository/findOrders/Page_cabi Find Orders/Page_cabi Find Orders/b' is clicked on

2019-05-22 17:08:46 - [MESSAGE][PASSED] - Object: 'Object Repository/findOrders/Page_cabi Find Orders/Page_cabi Find Orders/b' is clicked on

2019-05-22 17:08:46 - [TEST_STEP][PASSED] - delay(3): Delayed 3 second(s)

2019-05-22 17:08:49 - [MESSAGE][PASSED] - Delayed 3 second(s)

2019-05-22 17:08:49 - [TEST_STEP][PASSED] - click(findTestObject("findOrders/Page_cabi Find Orders/orderNo")): Object: 'Object Repository/findOrders/Page_cabi Find Orders/orderNo' is clicked on

2019-05-22 17:08:49 - [MESSAGE][PASSED] - Object: 'Object Repository/findOrders/Page_cabi Find Orders/orderNo' is clicked on

2019-05-22 17:08:49 - [TEST_STEP][PASSED] - delay(3): Delayed 3 second(s)

2019-05-22 17:08:52 - [MESSAGE][PASSED] - Delayed 3 second(s)

2019-05-22 17:08:52 - [TEST_STEP][PASSED] - click(findTestObject("Object Repository/findOrders/Page_cabi Find Orders/Page_cabi Find Orders/pendingShipment")): Object: 'Object Repository/findOrders/Page_cabi Find Orders/Page_cabi Find Orders/pendingShipment' is clicked on

2019-05-22 17:08:52 - [MESSAGE][PASSED] - Object: 'Object Repository/findOrders/Page_cabi Find Orders/Page_cabi Find Orders/pendingShipment' is clicked on

2019-05-22 17:08:52 - [TEST_STEP][PASSED] - click(findTestObject("Object Repository/findOrders/Page_cabi Find Orders/Page_cabi Find Orders/inputShipped")): Object: 'Object Repository/findOrders/Page_cabi Find Orders/Page_cabi Find Orders/inputShipped' is clicked on

2019-05-22 17:08:52 - [MESSAGE][PASSED] - Object: 'Object Repository/findOrders/Page_cabi Find Orders/Page_cabi Find Orders/inputShipped' is clicked on

2019-05-22 17:08:52 - [TEST_STEP][PASSED] - setText(findTestObject("Object Repository/findOrders/Page_cabi Find Orders/Page_cabi Find Orders/inputOrderId"), addOnOrderId): Text 'RT707963625' is set on object 'Object Repository/findOrders/Page_cabi Find Orders/Page_cabi Find Orders/inputOrderId'

2019-05-22 17:08:52 - [MESSAGE][PASSED] - Text 'RT707963625' is set on object 'Object Repository/findOrders/Page_cabi Find Orders/Page_cabi Find Orders/inputOrderId'

2019-05-22 17:08:52 - [TEST_STEP][PASSED] - click(findTestObject("Object Repository/findOrders/Page_cabi Find Orders/Page_cabi Find Orders/findOrders")): Object: 'Object Repository/findOrders/Page_cabi Find Orders/Page_cabi Find Orders/findOrders' is clicked on

2019-05-22 17:08:52 - [MESSAGE][PASSED] - Object: 'Object Repository/findOrders/Page_cabi Find Orders/Page_cabi Find Orders/findOrders' is clicked on

2019-05-22 17:08:52 - [TEST_STEP][PASSED] - click(findTestObject("findOrders/Page_cabi Find Orders/orderView")): Object: 'Object Repository/findOrders/Page_cabi Find Orders/orderView' is clicked on

2019-05-22 17:08:57 - [MESSAGE][PASSED] - Object: 'Object Repository/findOrders/Page_cabi Find Orders/orderView' is clicked on

2019-05-22 17:08:57 - [TEST_STEP][PASSED] - delay(3): Delayed 3 second(s)

2019-05-22 17:09:00 - [MESSAGE][PASSED] - Delayed 3 second(s)

2019-05-22 17:09:00 - [TEST_STEP][PASSED] - refresh(): Refresh successfully

2019-05-22 17:09:00 - [MESSAGE][PASSED] - Refresh successfully

2019-05-22 17:09:00 - [TEST_STEP][PASSED] - delay(3): Delayed 3 second(s)

2019-05-22 17:09:03 - [MESSAGE][PASSED] - Delayed 3 second(s)

2019-05-22 17:09:03 - [TEST_STEP][PASSED] - refresh(): Refresh successfully

2019-05-22 17:09:03 - [MESSAGE][PASSED] - Refresh successfully

2019-05-22 17:09:03 - [TEST_STEP][PASSED] - delay(10): Delayed 10 second(s)

2019-05-22 17:09:13 - [MESSAGE][PASSED] - Delayed 10 second(s)

2019-05-22 17:09:13 - [TEST_STEP][PASSED] - refresh(): Refresh successfully

2019-05-22 17:09:16 - [MESSAGE][PASSED] - Refresh successfully

2019-05-22 17:09:16 - [TEST_STEP][PASSED] - delay(3): Delayed 3 second(s)

2019-05-22 17:09:19 - [MESSAGE][PASSED] - Delayed 3 second(s)

2019-05-22 17:09:19 - [TEST_STEP][PASSED] - click(findTestObject("Object Repository/findOrders/Page_cabi Find Orders/Page_cabi Order View/a_(Return Order)")): Object: 'Object Repository/findOrders/Page_cabi Find Orders/Page_cabi Order View/a_(Return Order)' is clicked on

2019-05-22 17:09:22 - [MESSAGE][PASSED] - Object: 'Object Repository/findOrders/Page_cabi Find Orders/Page_cabi Order View/a_(Return Order)' is clicked on

2019-05-22 17:09:22 - [TEST_STEP][PASSED] - delay(3): Delayed 3 second(s)

2019-05-22 17:09:25 - [MESSAGE][PASSED] - Delayed 3 second(s)

2019-05-22 17:09:25 - [TEST_STEP][PASSED] - selectOptionByValue(findTestObject("Object Repository/findOrders/Page_cabi Find Orders/Page_cabi Stylist Create RMA/selectReason1"), "CABI_c", true): All options with value 'CABI_c' are selected in object 'Object Repository/findOrders/Page_cabi Find Orders/Page_cabi Stylist Create RMA/selectReason1'  using regular expression

2019-05-22 17:09:25 - [MESSAGE][PASSED] - All options with value 'CABI_c' are selected in object 'Object Repository/findOrders/Page_cabi Find Orders/Page_cabi Stylist Create RMA/selectReason1'  using regular expression

2019-05-22 17:09:25 - [TEST_STEP][PASSED] - selectOptionByValue(findTestObject("Object Repository/findOrders/Page_cabi Find Orders/Page_cabi Stylist Create RMA/selectReason2"), "CABI_c_a", true): All options with value 'CABI_c_a' are selected in object 'Object Repository/findOrders/Page_cabi Find Orders/Page_cabi Stylist Create RMA/selectReason2'  using regular expression

2019-05-22 17:09:26 - [MESSAGE][PASSED] - All options with value 'CABI_c_a' are selected in object 'Object Repository/findOrders/Page_cabi Find Orders/Page_cabi Stylist Create RMA/selectReason2'  using regular expression

2019-05-22 17:09:26 - [TEST_STEP][PASSED] - click(findTestObject("Object Repository/findOrders/Page_cabi Find Orders/Page_cabi Stylist Create RMA/inputRefund")): Object: 'Object Repository/findOrders/Page_cabi Find Orders/Page_cabi Stylist Create RMA/inputRefund' is clicked on

2019-05-22 17:09:26 - [MESSAGE][PASSED] - Object: 'Object Repository/findOrders/Page_cabi Find Orders/Page_cabi Stylist Create RMA/inputRefund' is clicked on

2019-05-22 17:09:26 - [TEST_STEP][PASSED] - click(findTestObject("Object Repository/findOrders/Page_cabi Find Orders/Page_cabi Stylist Create RMA/a_Next")): Object: 'Object Repository/findOrders/Page_cabi Find Orders/Page_cabi Stylist Create RMA/a_Next' is clicked on

2019-05-22 17:09:26 - [MESSAGE][PASSED] - Object: 'Object Repository/findOrders/Page_cabi Find Orders/Page_cabi Stylist Create RMA/a_Next' is clicked on

2019-05-22 17:09:26 - [TEST_STEP][PASSED] - delay(3): Delayed 3 second(s)

2019-05-22 17:09:29 - [MESSAGE][PASSED] - Delayed 3 second(s)

2019-05-22 17:09:29 - [TEST_STEP][PASSED] - refresh(): Refresh successfully

2019-05-22 17:09:29 - [MESSAGE][PASSED] - Refresh successfully

2019-05-22 17:09:29 - [TEST_STEP][PASSED] - click(findTestObject("Object Repository/findOrders/Page_cabi Find Orders/Page_cabi Stylist Create RMA/inputPostalService")): Object: 'Object Repository/findOrders/Page_cabi Find Orders/Page_cabi Stylist Create RMA/inputPostalService' is clicked on

2019-05-22 17:09:30 - [MESSAGE][PASSED] - Object: 'Object Repository/findOrders/Page_cabi Find Orders/Page_cabi Stylist Create RMA/inputPostalService' is clicked on

2019-05-22 17:09:30 - [TEST_STEP][PASSED] - click(findTestObject("Object Repository/findOrders/Page_cabi Find Orders/Page_cabi Stylist Create RMA/inputConfirmAdderess")): Object: 'Object Repository/findOrders/Page_cabi Find Orders/Page_cabi Stylist Create RMA/inputConfirmAdderess' is clicked on

2019-05-22 17:09:30 - [MESSAGE][PASSED] - Object: 'Object Repository/findOrders/Page_cabi Find Orders/Page_cabi Stylist Create RMA/inputConfirmAdderess' is clicked on

2019-05-22 17:09:30 - [TEST_STEP][PASSED] - click(findTestObject("Object Repository/findOrders/Page_cabi Find Orders/Page_cabi Stylist Create RMA/a_Next_1")): Object: 'Object Repository/findOrders/Page_cabi Find Orders/Page_cabi Stylist Create RMA/a_Next_1' is clicked on

2019-05-22 17:09:30 - [MESSAGE][PASSED] - Object: 'Object Repository/findOrders/Page_cabi Find Orders/Page_cabi Stylist Create RMA/a_Next_1' is clicked on

2019-05-22 17:09:30 - [TEST_STEP][PASSED] - click(findTestObject("Object Repository/findOrders/Page_cabi Find Orders/Page_cabi Stylist Create RMA/a_Submit RMA")): Object: 'Object Repository/findOrders/Page_cabi Find Orders/Page_cabi Stylist Create RMA/a_Submit RMA' is clicked on

2019-05-22 17:09:32 - [MESSAGE][PASSED] - Object: 'Object Repository/findOrders/Page_cabi Find Orders/Page_cabi Stylist Create RMA/a_Submit RMA' is clicked on

2019-05-22 17:09:32 - [TEST_STEP][PASSED] - click(findTestObject("Object Repository/findOrders/Page_cabi Find Orders/Page_cabi Stylist Create RMA/addonOrder")): Object: 'Object Repository/findOrders/Page_cabi Find Orders/Page_cabi Stylist Create RMA/addonOrder' is clicked on

2019-05-22 17:09:36 - [MESSAGE][PASSED] - Object: 'Object Repository/findOrders/Page_cabi Find Orders/Page_cabi Stylist Create RMA/addonOrder' is clicked on

2019-05-22 17:09:36 - [TEST_STEP][PASSED] - delay(3): Delayed 3 second(s)

2019-05-22 17:09:39 - [MESSAGE][PASSED] - Delayed 3 second(s)

2019-05-22 17:09:39 - [TEST_STEP][PASSED] - click(findTestObject("Object Repository/Page_cabi Retail Store/span_next")): Object: 'Object Repository/Page_cabi Retail Store/span_next' is clicked on

2019-05-22 17:09:39 - [MESSAGE][PASSED] - Object: 'Object Repository/Page_cabi Retail Store/span_next' is clicked on

2019-05-22 17:09:39 - [TEST_STEP][PASSED] - delay(2): Delayed 2 second(s)

2019-05-22 17:09:41 - [MESSAGE][PASSED] - Delayed 2 second(s)

2019-05-22 17:09:41 - [TEST_STEP][PASSED] - callTestCase(findTestCase("productVerifyShort"), ["available":"no"], STOP_ON_FAILURE): Call Test Case 'Test Cases/productVerifyShort' successfully

2019-05-22 17:09:41 - [TEST_CASE][PASSED] - Test Cases/productVerifyShort: Test Cases/productVerifyShort

2019-05-22 17:09:41 - [TEST_STEP][PASSED] - for ([row = 1, row <= findTestData("productData").getRowNumbers(), (row++)]): null

2019-05-22 17:09:41 - [TEST_STEP][PASSED] - delay(2): Delayed 2 second(s)

2019-05-22 17:09:43 - [MESSAGE][PASSED] - Delayed 2 second(s)

2019-05-22 17:09:43 - [TEST_STEP][PASSED] - setText(findTestObject("Object Repository/Page_cabi Create Order/input_Manual Discount_stylelookup_0"), findTestData("productData").getValue("Style", row)): Text '5618' is set on object 'Object Repository/Page_cabi Create Order/input_Manual Discount_stylelookup_0'

2019-05-22 17:09:44 - [MESSAGE][PASSED] - Text '5618' is set on object 'Object Repository/Page_cabi Create Order/input_Manual Discount_stylelookup_0'

2019-05-22 17:09:44 - [TEST_STEP][PASSED] - delay(2): Delayed 2 second(s)

2019-05-22 17:09:46 - [MESSAGE][PASSED] - Delayed 2 second(s)

2019-05-22 17:09:46 - [TEST_STEP][PASSED] - prod_message = getText(findTestObject("Page_cabi Create Order/first_option")): Text of object 'Object Repository/Page_cabi Create Order/first_option' is: 'No matching result found'

2019-05-22 17:09:46 - [MESSAGE][PASSED] - Text of object 'Object Repository/Page_cabi Create Order/first_option' is: 'No matching result found'

2019-05-22 17:09:46 - [TEST_STEP][PASSED] - delay(1): Delayed 1 second(s)

2019-05-22 17:09:47 - [MESSAGE][PASSED] - Delayed 1 second(s)

2019-05-22 17:09:47 - [TEST_STEP][PASSED] - click(findTestObject("Page_cabi Create Order/first_option")): Object: 'Object Repository/Page_cabi Create Order/first_option' is clicked on

2019-05-22 17:09:47 - [MESSAGE][PASSED] - Object: 'Object Repository/Page_cabi Create Order/first_option' is clicked on

2019-05-22 17:09:47 - [TEST_STEP][PASSED] - if (toString().equalsIgnoreCase("no")): null

2019-05-22 17:09:47 - [TEST_STEP][PASSED] - assert prod_message.equalsIgnoreCase("No matching result found"): null

2019-05-22 17:09:47 - [MESSAGE][PASSED] - Call Test Case 'Test Cases/productVerifyShort' successfully]]></system-out>
         <system-err><![CDATA[]]></system-err>
      </testcase>
      <system-out><![CDATA[2019-05-22 17:06:15 - [TEST_SUITE][PASSED] - NASuit2_addOnOrderRetail: Test Cases/addOnOrderRetail]]></system-out>
      <system-err><![CDATA[]]></system-err>
   </testsuite>
</testsuites>
