<?xml version="1.0" encoding="UTF-8"?>
<testsuites name="NewArrivalsSuite1" time="511" tests="1" failures="0" errors="0">
   <testsuite name="NewArrivalsSuite1" tests="1" failures="0" errors="0" time="511" timestamp="2019-11-21 18:27:29" hostname="user - Tester-pc" id="Test Suites/NewArrivalsSuites/NewArrivalsSuite1">
      <properties>
         <property name="deviceName" value=""/>
         <property name="devicePlatform" value=""/>
         <property name="logFolder" value="C:\\Users\\user\\Documents\\testautomation\\KatalonProjects\\Reports\\NewArrivalsSuites\\NewArrivalsSuite1\\20191121_182723"/>
         <property name="logFiles" value="C:\\Users\\user\\Documents\\testautomation\\KatalonProjects\\Reports\\NewArrivalsSuites\\NewArrivalsSuite1\\20191121_182723\\execution0.log"/>
         <property name="attachments" value="C:\\Users\\user\\Documents\\testautomation\\KatalonProjects\\productImages\\BOPersonal_5639 image.png, C:\\Users\\user\\Documents\\testautomation\\KatalonProjects\\productImages\\BOPersonal_5640 image.png, C:\\Users\\user\\Documents\\testautomation\\KatalonProjects\\productImages\\BOPersonal_5641 image.png, C:\\Users\\user\\Documents\\testautomation\\KatalonProjects\\productImages\\BOPersonal_5653 image.png, C:\\Users\\user\\Documents\\testautomation\\KatalonProjects\\productImages\\BOPersonal_5654 image.png, C:\\Users\\user\\Documents\\testautomation\\KatalonProjects\\productImages\\BOPersonal_5655 image.png, C:\\Users\\user\\Documents\\testautomation\\KatalonProjects\\productImages\\BOPersonal_5656 image.png, C:\\Users\\user\\Documents\\testautomation\\KatalonProjects\\productImages\\BOPersonal_5657 image.png, C:\\Users\\user\\Documents\\testautomation\\KatalonProjects\\productImages\\BOPersonal_5658 image.png, C:\\Users\\user\\Documents\\testautomation\\KatalonProjects\\productImages\\BOPersonal_5659 image.png, C:\\Users\\user\\Documents\\testautomation\\KatalonProjects\\productImages\\BOPersonal_5660 image.png, C:\\Users\\user\\Documents\\testautomation\\KatalonProjects\\productImages\\BOPersonal_5661 image.png, C:\\Users\\user\\Documents\\testautomation\\KatalonProjects\\productImages\\BOPersonal_5662 image.png, C:\\Users\\user\\Documents\\testautomation\\KatalonProjects\\productImages\\BOPersonal_5664 image.png, C:\\Users\\user\\Documents\\testautomation\\KatalonProjects\\productImages\\BOPersonal_5677 image.png, C:\\Users\\user\\Documents\\testautomation\\KatalonProjects\\productImages\\BOPersonal_5678 image.png, C:\\Users\\user\\Documents\\testautomation\\KatalonProjects\\productImages\\BOPersonal_5679 image.png, C:\\Users\\user\\Documents\\testautomation\\KatalonProjects\\productImages\\BOPersonal_5680 image.png, C:\\Users\\user\\Documents\\testautomation\\KatalonProjects\\productImages\\BOPersonal_5681 image.png, C:\\Users\\user\\Documents\\testautomation\\KatalonProjects\\productImages\\BOPersonal_5686 image.png"/>
         <property name="hostName" value="user - Tester-pc"/>
         <property name="os" value="Windows 8.1 64bit"/>
         <property name="katalonVersion" value="6.1.1.1"/>
         <property name="browser" value="Chrome 77.0.3865.120"/>
         <property name="hostAddress" value="10.0.61.249"/>
         <property name="sessionId" value="c452a8728e5c34c420dc2820e2bb5ed1"/>
         <property name="seleniumVersion" value="3.7.1"/>
         <property name="proxyInformation" value="ProxyInformation{proxyOption=NO_PROXY, proxyServerType=HTTP, password=, proxyServerAddress=, proxyServerPort=0}"/>
         <property name="platform" value="Windows 8.1"/>
      </properties>
      <testcase name="Test Cases/NA_Timezone_Separated/BOPersonal1" classname="Test Cases/NA_Timezone_Separated/BOPersonal1" status="PASSED">
         <system-out><![CDATA[2019-11-21 18:27:29 - [TEST_CASE][PASSED] - Test Cases/NA_Timezone_Separated/BOPersonal1: Test Cases/NA_Timezone_Separated/BOPersonal1

2019-11-21 18:27:29 - [TEST_STEP][PASSED] - Start listener action : sampleBeforeTestCase: null

2019-11-21 18:27:29 - [TEST_STEP][PASSED] - println(testCaseContext.getTestCaseId()): null

2019-11-21 18:27:29 - [TEST_STEP][PASSED] - println(testCaseContext.getTestCaseVariables()): null

2019-11-21 18:27:30 - [TEST_STEP][PASSED] - openBrowser(""): Browser is opened with url: ''

2019-11-21 18:27:30 - [MESSAGE][INFO] - Starting 'Chrome' driver

2019-11-21 18:27:30 - [MESSAGE][INFO] - User set preference: ['args', '[--use-fake-ui-for-media-stream, --start-maximized]']

2019-11-21 18:27:30 - [MESSAGE][INFO] - Action delay is set to 0 seconds

2019-11-21 18:27:35 - [MESSAGE][PASSED] - Browser is opened with url: ''

2019-11-21 18:27:35 - [TEST_STEP][PASSED] - for ([timeRow = 1, timeRow <= 1, (timeRow++)]): Call Test Case 'Test Cases/NewArrival/productVerify' successfully

2019-11-21 18:27:35 - [TEST_STEP][PASSED] - callTestCase(findTestCase("NewArrival/populateTimeGlobalVars"), ["row":timeRow], CONTINUE_ON_FAILURE): Call Test Case 'Test Cases/NewArrival/populateTimeGlobalVars' successfully

2019-11-21 18:27:35 - [TEST_CASE][PASSED] - Test Cases/NewArrival/populateTimeGlobalVars: Test Cases/NewArrival/populateTimeGlobalVars

2019-11-21 18:27:36 - [TEST_STEP][PASSED] - dataFile = "timezoneData": null

2019-11-21 18:27:36 - [TEST_STEP][PASSED] - clockServerTarget = UtilityMethods.getTestData("envtData", "clockServerTarget", 1): null

2019-11-21 18:27:38 - [TEST_STEP][PASSED] - println(clockServerTarget): null

2019-11-21 18:27:38 - [TEST_STEP][PASSED] - orderType = UtilityMethods.getTestData(dataFile, "orderType", row): null

2019-11-21 18:27:38 - [TEST_STEP][PASSED] - timeZone = UtilityMethods.getTestData(dataFile, "timeZone", row): null

2019-11-21 18:27:38 - [TEST_STEP][PASSED] - BOPersonal = UtilityMethods.getTestData(dataFile, "BOPersonal", row): null

2019-11-21 18:27:38 - [TEST_STEP][PASSED] - BOAddonPersonal = UtilityMethods.getTestData(dataFile, "BOAddonPersonal", row): null

2019-11-21 18:27:38 - [TEST_STEP][PASSED] - BOAddonRetail = UtilityMethods.getTestData(dataFile, "BOAddonRetail", row): null

2019-11-21 18:27:38 - [TEST_STEP][PASSED] - BORetail = UtilityMethods.getTestData(dataFile, "BORetail", row): null

2019-11-21 18:27:38 - [TEST_STEP][PASSED] - BOShow = UtilityMethods.getTestData(dataFile, "BOShow", row): null

2019-11-21 18:27:39 - [TEST_STEP][PASSED] - BOOnlineoutlet = UtilityMethods.getTestData(dataFile, "BOOnlineoutlet", row): null

2019-11-21 18:27:39 - [TEST_STEP][PASSED] - BOEmployee = UtilityMethods.getTestData(dataFile, "BOEmployee", row): null

2019-11-21 18:27:39 - [TEST_STEP][PASSED] - CCPersonal = UtilityMethods.getTestData(dataFile, "CCPersonal", row): null

2019-11-21 18:27:39 - [TEST_STEP][PASSED] - CCRetail = UtilityMethods.getTestData(dataFile, "CCRetail", row): null

2019-11-21 18:27:39 - [TEST_STEP][PASSED] - CCShow = UtilityMethods.getTestData(dataFile, "CCShow", row): null

2019-11-21 18:27:39 - [TEST_STEP][PASSED] - BOEblast = UtilityMethods.getTestData(dataFile, "BOEblast", row): null

2019-11-21 18:27:39 - [TEST_STEP][PASSED] - println(row): null

2019-11-21 18:27:39 - [TEST_STEP][PASSED] - println(BOPersonal): null

2019-11-21 18:27:39 - [MESSAGE][PASSED] - Call Test Case 'Test Cases/NewArrival/populateTimeGlobalVars' successfully

2019-11-21 18:27:39 - [TEST_STEP][PASSED] - callTestCase(findTestCase("NewArrival/setTimezone"), ["ofbizURL":"", "ofbizuser":"", "ofbizpass":"", "orderType":orderType, "timeZone":timeZone, "serverTarget":serverTarget, "clockServerTarget":clockServerTarget], CONTINUE_ON_FAILURE): Call Test Case 'Test Cases/NewArrival/setTimezone' successfully

2019-11-21 18:27:39 - [TEST_CASE][PASSED] - Test Cases/NewArrival/setTimezone: Test Cases/NewArrival/setTimezone

2019-11-21 18:27:39 - [TEST_STEP][PASSED] - openBrowser(""): Browser is opened with url: ''

2019-11-21 18:27:39 - [MESSAGE][WARNING] - A browser is already opened. Closing browser and opening a new one

2019-11-21 18:27:40 - [MESSAGE][INFO] - Starting 'Chrome' driver

2019-11-21 18:27:40 - [MESSAGE][INFO] - User set preference: ['args', '[--use-fake-ui-for-media-stream, --start-maximized]']

2019-11-21 18:27:43 - [MESSAGE][PASSED] - Browser is opened with url: ''

2019-11-21 18:27:43 - [TEST_STEP][NOT_RUN] - maximizeWindow(): NOT_RUN: maximizeWindow()

2019-11-21 18:27:43 - [MESSAGE][NOT_RUN] - NOT_RUN: maximizeWindow()

2019-11-21 18:27:43 - [TEST_STEP][PASSED] - ofbizURL = findTestData("envtData").getValue("ofbizURL", 1): null

2019-11-21 18:27:43 - [TEST_STEP][PASSED] - ofbizuser = findTestData("credData").getValue("ofbizuser", 1): null

2019-11-21 18:27:43 - [TEST_STEP][PASSED] - ofbizpass = findTestData("credData").getValue("ofbizpass", 1): null

2019-11-21 18:27:43 - [TEST_STEP][PASSED] - navigateToUrl(ofbizURL): Navigate to 'https://pushofbiz.cliotest.com/login.php' successfully

2019-11-21 18:27:45 - [MESSAGE][PASSED] - Navigate to 'https://pushofbiz.cliotest.com/login.php' successfully

2019-11-21 18:27:45 - [TEST_STEP][PASSED] - setText(findTestObject("Page_/input_Username_username"), ofbizuser): Text 'automation' is set on object 'Object Repository/Page_/input_Username_username'

2019-11-21 18:27:46 - [MESSAGE][PASSED] - Text 'automation' is set on object 'Object Repository/Page_/input_Username_username'

2019-11-21 18:27:46 - [TEST_STEP][PASSED] - setText(findTestObject("Page_/input_Password_password"), ofbizpass): Text 'cabiautomation' is set on object 'Object Repository/Page_/input_Password_password'

2019-11-21 18:27:46 - [MESSAGE][PASSED] - Text 'cabiautomation' is set on object 'Object Repository/Page_/input_Password_password'

2019-11-21 18:27:46 - [TEST_STEP][PASSED] - click(findTestObject("Page_/input_Password_Submit")): Object: 'Object Repository/Page_/input_Password_Submit' is clicked on

2019-11-21 18:27:50 - [MESSAGE][PASSED] - Object: 'Object Repository/Page_/input_Password_Submit' is clicked on

2019-11-21 18:27:50 - [TEST_STEP][PASSED] - click(findTestObject("Object Repository/Page_/a_Clock set")): Object: 'Object Repository/Page_/a_Clock set' is clicked on

2019-11-21 18:27:50 - [MESSAGE][PASSED] - Object: 'Object Repository/Page_/a_Clock set' is clicked on

2019-11-21 18:27:50 - [TEST_STEP][PASSED] - cst = UtilityMethods.createTestObject("select_target", "//select[@name='Target']/option[contains(text(), '", clockServerTarget, "')]"): null

2019-11-21 18:27:50 - [TEST_STEP][PASSED] - println(clockServerTarget): null

2019-11-21 18:27:50 - [TEST_STEP][PASSED] - click(cst): Object: 'select_target' is clicked on

2019-11-21 18:27:51 - [MESSAGE][PASSED] - Object: 'select_target' is clicked on

2019-11-21 18:27:51 - [TEST_STEP][PASSED] - click(findTestObject("Page_/thisDateAndTime")): Object: 'Object Repository/Page_/thisDateAndTime' is clicked on

2019-11-21 18:27:51 - [MESSAGE][PASSED] - Object: 'Object Repository/Page_/thisDateAndTime' is clicked on

2019-11-21 18:27:51 - [TEST_STEP][PASSED] - setText(findTestObject("Object Repository/Page_/setTargetTime"), timeZone): Text ' 01/24/2020 7:00' is set on object 'Object Repository/Page_/setTargetTime'

2019-11-21 18:27:51 - [MESSAGE][PASSED] - Text ' 01/24/2020 7:00' is set on object 'Object Repository/Page_/setTargetTime'

2019-11-21 18:27:51 - [TEST_STEP][PASSED] - click(findTestObject("Object Repository/Page_/input")): Object: 'Object Repository/Page_/input' is clicked on

2019-11-21 18:27:52 - [MESSAGE][PASSED] - Object: 'Object Repository/Page_/input' is clicked on

2019-11-21 18:27:52 - [TEST_STEP][PASSED] - delay(10): Delayed 10 second(s)

2019-11-21 18:28:02 - [MESSAGE][PASSED] - Delayed 10 second(s)

2019-11-21 18:28:02 - [TEST_STEP][NOT_RUN] - closeBrowser(): NOT_RUN: closeBrowser()

2019-11-21 18:28:02 - [MESSAGE][NOT_RUN] - NOT_RUN: closeBrowser()

2019-11-21 18:28:02 - [MESSAGE][PASSED] - Call Test Case 'Test Cases/NewArrival/setTimezone' successfully

2019-11-21 18:28:02 - [TEST_STEP][PASSED] - callTestCase(findTestCase("TestCaseUtilities/backOfficeLogin"), ["BOURL":"", "BOuser":"", "BOpass":""], CONTINUE_ON_FAILURE): Call Test Case 'Test Cases/TestCaseUtilities/backOfficeLogin' successfully

2019-11-21 18:28:02 - [TEST_CASE][PASSED] - Test Cases/TestCaseUtilities/backOfficeLogin: Test Cases/TestCaseUtilities/backOfficeLogin

2019-11-21 18:28:02 - [TEST_STEP][PASSED] - BOURL = findTestData("envtData").getValue("BOURL", 1): null

2019-11-21 18:28:02 - [TEST_STEP][PASSED] - BOuser = findTestData("credData").getValue("BOuser", 1): null

2019-11-21 18:28:02 - [TEST_STEP][PASSED] - BOpass = findTestData("credData").getValue("BOpass", 1): null

2019-11-21 18:28:02 - [TEST_STEP][PASSED] - openBrowser(""): Browser is opened with url: ''

2019-11-21 18:28:02 - [MESSAGE][WARNING] - A browser is already opened. Closing browser and opening a new one

2019-11-21 18:28:03 - [MESSAGE][INFO] - Starting 'Chrome' driver

2019-11-21 18:28:03 - [MESSAGE][INFO] - User set preference: ['args', '[--use-fake-ui-for-media-stream, --start-maximized]']

2019-11-21 18:28:06 - [MESSAGE][PASSED] - Browser is opened with url: ''

2019-11-21 18:28:06 - [TEST_STEP][PASSED] - navigateToUrl(BOURL): Navigate to 'https://test7uk.cliotest.com/backoffice/control/main' successfully

2019-11-21 18:28:13 - [MESSAGE][PASSED] - Navigate to 'https://test7uk.cliotest.com/backoffice/control/main' successfully

2019-11-21 18:28:13 - [TEST_STEP][PASSED] - logOut = findWebElements(findTestObject("Object Repository/Page_cabi Home/log_out"), 1): Unable to find the element located by 'By.xpath: //a[contains(text(),'Log Out')]'. Please recheck the objects properties to make sure the desired element is located. 

2019-11-21 18:28:14 - [MESSAGE][INFO] - Unable to find the element located by 'By.xpath: //a[contains(text(),'Log Out')]'. Please recheck the objects properties to make sure the desired element is located. 

2019-11-21 18:28:14 - [TEST_STEP][PASSED] - if (logOut.size() == 0): Object: 'Object Repository/Page_cabi/input_Welcome to_consultantLogin' is clicked on

2019-11-21 18:28:14 - [TEST_STEP][PASSED] - setText(findTestObject("Page_cabi/input_Welcome to_USERNAME"), BOuser): Text 'uk1312' is set on object 'Object Repository/Page_cabi/input_Welcome to_USERNAME'

2019-11-21 18:28:14 - [MESSAGE][PASSED] - Text 'uk1312' is set on object 'Object Repository/Page_cabi/input_Welcome to_USERNAME'

2019-11-21 18:28:14 - [TEST_STEP][PASSED] - setText(findTestObject("Object Repository/Page_cabi/input_Welcome to_PASSWORD"), BOpass): Text 'blackdress19' is set on object 'Object Repository/Page_cabi/input_Welcome to_PASSWORD'

2019-11-21 18:28:15 - [MESSAGE][PASSED] - Text 'blackdress19' is set on object 'Object Repository/Page_cabi/input_Welcome to_PASSWORD'

2019-11-21 18:28:15 - [TEST_STEP][PASSED] - click(findTestObject("Object Repository/Page_cabi/input_Welcome to_consultantLogin")): Object: 'Object Repository/Page_cabi/input_Welcome to_consultantLogin' is clicked on

2019-11-21 18:28:24 - [MESSAGE][PASSED] - Object: 'Object Repository/Page_cabi/input_Welcome to_consultantLogin' is clicked on

2019-11-21 18:28:24 - [TEST_STEP][PASSED] - delay(3): Delayed 3 second(s)

2019-11-21 18:28:27 - [MESSAGE][PASSED] - Delayed 3 second(s)

2019-11-21 18:28:27 - [MESSAGE][PASSED] - Call Test Case 'Test Cases/TestCaseUtilities/backOfficeLogin' successfully

2019-11-21 18:28:27 - [TEST_STEP][PASSED] - click(findTestObject("Object Repository/Page_cabi Home/a_Shows  Orders")): Object: 'Object Repository/Page_cabi Home/a_Shows  Orders' is clicked on

2019-11-21 18:28:27 - [MESSAGE][PASSED] - Object: 'Object Repository/Page_cabi Home/a_Shows  Orders' is clicked on

2019-11-21 18:28:27 - [TEST_STEP][PASSED] - click(findTestObject("Page_cabi Home/a_personal_purchases")): Object: 'Object Repository/Page_cabi Home/a_personal_purchases' is clicked on

2019-11-21 18:28:30 - [MESSAGE][PASSED] - Object: 'Object Repository/Page_cabi Home/a_personal_purchases' is clicked on

2019-11-21 18:28:30 - [TEST_STEP][PASSED] - click(findTestObject("Object Repository/Page_cabi Personal Store/span_Continue to Order")): Object: 'Object Repository/Page_cabi Personal Store/span_Continue to Order' is clicked on

2019-11-21 18:28:31 - [MESSAGE][PASSED] - Object: 'Object Repository/Page_cabi Personal Store/span_Continue to Order' is clicked on

2019-11-21 18:28:31 - [TEST_STEP][PASSED] - println(BOPersonal): null

2019-11-21 18:28:31 - [TEST_STEP][PASSED] - callTestCase(findTestCase("NewArrival/productVerify"), ["available":BOPersonal, "storeType":"BOPersonal"], CONTINUE_ON_FAILURE): Call Test Case 'Test Cases/NewArrival/productVerify' successfully

2019-11-21 18:28:31 - [TEST_CASE][PASSED] - Test Cases/NewArrival/productVerify: Test Cases/NewArrival/productVerify

2019-11-21 18:28:32 - [TEST_STEP][PASSED] - sa = <not implemented yet for class: org.codehaus.groovy.ast.expr.EmptyExpression>: null

2019-11-21 18:28:32 - [TEST_STEP][PASSED] - styleid_data = <not implemented yet for class: org.codehaus.groovy.ast.expr.EmptyExpression>: null

2019-11-21 18:28:32 - [TEST_STEP][PASSED] - by = <not implemented yet for class: org.codehaus.groovy.ast.expr.EmptyExpression>: null

2019-11-21 18:28:32 - [TEST_STEP][PASSED] - styleWe = <not implemented yet for class: org.codehaus.groovy.ast.expr.EmptyExpression>: null

2019-11-21 18:28:32 - [TEST_STEP][PASSED] - to = <not implemented yet for class: org.codehaus.groovy.ast.expr.EmptyExpression>: null

2019-11-21 18:28:32 - [TEST_STEP][PASSED] - driver = getWebDriver(): null

2019-11-21 18:28:32 - [TEST_STEP][PASSED] - rowNumbers = findTestData("productData").getRowNumbers(): null

2019-11-21 18:28:32 - [TEST_STEP][PASSED] - println(rowNumbers): null

2019-11-21 18:28:32 - [TEST_STEP][PASSED] - for ([row = 1, row <= rowNumbers, (row++)]): null

2019-11-21 18:28:32 - [TEST_STEP][PASSED] - delay(5): Delayed 5 second(s)

2019-11-21 18:28:37 - [MESSAGE][PASSED] - Delayed 5 second(s)

2019-11-21 18:28:37 - [TEST_STEP][PASSED] - sa = new org.testng.asserts.SoftAssert(): null

2019-11-21 18:28:37 - [TEST_STEP][PASSED] - styleid_data = findTestData("productData").getValue("Style", row): null

2019-11-21 18:28:37 - [TEST_STEP][PASSED] - println(styleid_data): null

2019-11-21 18:28:37 - [TEST_STEP][PASSED] - by = By.xpath("//input[@name='style']"): null

2019-11-21 18:28:37 - [TEST_STEP][PASSED] - styleWe = UtilityMethods.getElementByLocator(by, driver): null

2019-11-21 18:28:37 - [TEST_STEP][PASSED] - to = UtilityMethods.fromElement(styleWe): null

2019-11-21 18:28:37 - [TEST_STEP][PASSED] - println("******************+++++++++++++++++++**********************************************"): null

2019-11-21 18:28:37 - [TEST_STEP][PASSED] - setText(to, styleid_data): Text '5639' is set on object ''

2019-11-21 18:28:38 - [MESSAGE][PASSED] - Text '5639' is set on object ''

2019-11-21 18:28:38 - [TEST_STEP][PASSED] - sendKeys(to, Keys.chord(ENTER)): Keys 'ENTER + ' sent to object: ''

2019-11-21 18:28:38 - [MESSAGE][PASSED] - Keys 'ENTER + ' sent to object: ''

2019-11-21 18:28:38 - [TEST_STEP][PASSED] - delay(2): Delayed 2 second(s)

2019-11-21 18:28:40 - [MESSAGE][PASSED] - Delayed 2 second(s)

2019-11-21 18:28:40 - [TEST_STEP][PASSED] - if (toString().equalsIgnoreCase("no")): null

2019-11-21 18:28:40 - [TEST_STEP][PASSED] - else: null

2019-11-21 18:28:40 - [TEST_STEP][PASSED] - click(findTestObject("Page_cabi Order Items/li_order_item")): Object: 'Object Repository/Page_cabi Order Items/li_order_item' is clicked on

2019-11-21 18:28:45 - [MESSAGE][PASSED] - Object: 'Object Repository/Page_cabi Order Items/li_order_item' is clicked on

2019-11-21 18:28:45 - [TEST_STEP][PASSED] - delay(5): Delayed 5 second(s)

2019-11-21 18:28:50 - [MESSAGE][PASSED] - Delayed 5 second(s)

2019-11-21 18:28:50 - [TEST_STEP][PASSED] - imagePath = UtilityMethods.createScreenshotImagePath(storeType, styleid_data): null

2019-11-21 18:28:50 - [TEST_STEP][PASSED] - println(imagePath): null

2019-11-21 18:28:50 - [TEST_STEP][PASSED] - takeScreenshot(imagePath): Taking screenshot successfully

2019-11-21 18:28:50 - [MESSAGE][PASSED] - Taking screenshot successfully
[[ATTACHMENT|C:\\Users\\user\\Documents\\testautomation\\KatalonProjects\\productImages\\BOPersonal_5639 image.png]]

2019-11-21 18:28:50 - [TEST_STEP][PASSED] - verifyElementText(findTestObject("Page_cabi Order Items/GetAttribute_getID"), styleid_data, CONTINUE_ON_FAILURE): Actual text and expected text of test object 'Object Repository/Page_cabi Order Items/GetAttribute_getID' are matched.

2019-11-21 18:28:51 - [MESSAGE][PASSED] - Actual text and expected text of test object 'Object Repository/Page_cabi Order Items/GetAttribute_getID' are matched.

2019-11-21 18:28:51 - [TEST_STEP][PASSED] - colorOptions = findWebElements(findTestObject("Page_cabi Order Items/GetAttribute_Color"), 5): null

2019-11-21 18:28:51 - [TEST_STEP][PASSED] - println(colorOptions.size()): null

2019-11-21 18:28:51 - [TEST_STEP][PASSED] - expectedColour = findTestData("productData").getValue("Color", row): null

2019-11-21 18:28:51 - [TEST_STEP][PASSED] - println("expected colour is"): null

2019-11-21 18:28:51 - [TEST_STEP][PASSED] - println(expectedColour): null

2019-11-21 18:28:51 - [TEST_STEP][PASSED] - colourVerified = false: null

2019-11-21 18:28:51 - [TEST_STEP][PASSED] - for (org.openqa.selenium.WebElement op : colorOptions): null

2019-11-21 18:28:51 - [TEST_STEP][PASSED] - println(op.getText()): null

2019-11-21 18:28:51 - [TEST_STEP][PASSED] - if (expectedColour.equalsIgnoreCase(op.getText())): null

2019-11-21 18:28:51 - [TEST_STEP][PASSED] - colourVerified = true: null

2019-11-21 18:28:51 - [TEST_STEP][PASSED] - break: null

2019-11-21 18:28:51 - [TEST_STEP][PASSED] - sa.assertTrue(colourVerified): null

2019-11-21 18:28:51 - [TEST_STEP][PASSED] - getPrice = getText(findTestObject("Page_cabi Order Items/GetAttribute_Price")): Text of object 'Object Repository/Page_cabi Order Items/GetAttribute_Price' is: 'Price : £84.00'

2019-11-21 18:28:51 - [MESSAGE][PASSED] - Text of object 'Object Repository/Page_cabi Order Items/GetAttribute_Price' is: 'Price : £84.00'

2019-11-21 18:28:51 - [TEST_STEP][PASSED] - Split_Data = UtilityMethods.SplitData(getPrice): null

2019-11-21 18:28:51 - [TEST_STEP][PASSED] - verifyMatch(Split_Data, findTestData("productData").getValue("Retail", row), true, CONTINUE_ON_FAILURE): Actual text '84' and expected text '84' are matched  using regular expression

2019-11-21 18:28:51 - [MESSAGE][PASSED] - Actual text '84' and expected text '84' are matched  using regular expression

2019-11-21 18:28:51 - [TEST_STEP][PASSED] - sizeRange1 = ["XXS", "XS", "S", "M", "L", "XL", "XXL"]: null

2019-11-21 18:28:51 - [TEST_STEP][PASSED] - sizeRange2 = ["00", "0", "2", "4", "6", "8", "10", "12", "14", "16"]: null

2019-11-21 18:28:51 - [TEST_STEP][PASSED] - sizeRange3 = ["Long", "Regular", "Short"]: null

2019-11-21 18:28:51 - [TEST_STEP][PASSED] - sizeRange4 = ["5", "6", "6.5", "7", "7.5", "8", "8.5", "9", "9.5", "10", "11"]: null

2019-11-21 18:28:51 - [TEST_STEP][PASSED] - sizeRange5 = ["XS/S", "M/L"]: null

2019-11-21 18:28:51 - [TEST_STEP][PASSED] - sizeRange6 = ["One Size"]: null

2019-11-21 18:28:51 - [TEST_STEP][PASSED] - sizeRangeSplit = UtilityMethods.SplitSizes(findTestData("productData").getValue("SzRange", row)): null

2019-11-21 18:28:51 - [TEST_STEP][PASSED] - sizeType = getText(findTestObject("Object Repository/Page_cabi Order Items/Size")): Text of object 'Object Repository/Page_cabi Order Items/Size' is: 'Select'

2019-11-21 18:28:51 - [MESSAGE][PASSED] - Text of object 'Object Repository/Page_cabi Order Items/Size' is: 'Select'

2019-11-21 18:28:51 - [TEST_STEP][PASSED] - sizeOptions = findWebElements(findTestObject("Object Repository/Page_cabi Order Items/Size"), 5): null

2019-11-21 18:28:52 - [TEST_STEP][PASSED] - actualRange = new java.util.ArrayList(): null

2019-11-21 18:28:52 - [TEST_STEP][PASSED] - expectedRange = <not implemented yet for class: org.codehaus.groovy.ast.expr.EmptyExpression>: null

2019-11-21 18:28:52 - [TEST_STEP][PASSED] - if (sizeType.equalsIgnoreCase("Select")): null

2019-11-21 18:28:52 - [TEST_STEP][PASSED] - for ([i = 1, i < sizeOptions.size(), (i++)]): null

2019-11-21 18:28:52 - [TEST_STEP][PASSED] - actualRange.add(getAttribute("value").toString()): null

2019-11-21 18:28:52 - [TEST_STEP][PASSED] - actualRange.add(getAttribute("value").toString()): null

2019-11-21 18:28:52 - [TEST_STEP][PASSED] - actualRange.add(getAttribute("value").toString()): null

2019-11-21 18:28:52 - [TEST_STEP][PASSED] - actualRange.add(getAttribute("value").toString()): null

2019-11-21 18:28:52 - [TEST_STEP][PASSED] - actualRange.add(getAttribute("value").toString()): null

2019-11-21 18:28:52 - [TEST_STEP][PASSED] - if (toString().equalsIgnoreCase("XS") || toString().equalsIgnoreCase("XXS")): null

2019-11-21 18:28:52 - [TEST_STEP][PASSED] - expectedRange = UtilityMethods.getExpectedRange(sizeRange1, sizeRangeSplit): null

2019-11-21 18:28:52 - [TEST_STEP][PASSED] - println("XS"): null

2019-11-21 18:28:52 - [TEST_STEP][PASSED] - println(expectedRange.toString()): null

2019-11-21 18:28:52 - [TEST_STEP][PASSED] - sa.assertTrue(UtilityMethods.listEquals(expectedRange, actualRange)): null

2019-11-21 18:28:52 - [TEST_STEP][PASSED] - delay(2): Delayed 2 second(s)

2019-11-21 18:28:54 - [MESSAGE][PASSED] - Delayed 2 second(s)

2019-11-21 18:28:54 - [TEST_STEP][PASSED] - verifyElementText(findTestObject("Page_cabi Order Items/product_title"), findTestData("productData").getValue("Description", row), CONTINUE_ON_FAILURE): Actual text and expected text of test object 'Object Repository/Page_cabi Order Items/product_title' are matched.

2019-11-21 18:28:54 - [MESSAGE][PASSED] - Actual text and expected text of test object 'Object Repository/Page_cabi Order Items/product_title' are matched.

2019-11-21 18:28:54 - [TEST_STEP][PASSED] - finalContent = findTestData("productData").getValue("FinalContent", row): null

2019-11-21 18:28:54 - [TEST_STEP][PASSED] - if (finalContent.equalsIgnoreCase("")): null

2019-11-21 18:28:54 - [TEST_STEP][PASSED] - else: Actual text and expected text of test object 'Object Repository/Page_cabi Order Items/product_fabric' are matched.

2019-11-21 18:28:54 - [TEST_STEP][PASSED] - verifyElementText(findTestObject("Page_cabi Order Items/product_fabric"), finalContent, CONTINUE_ON_FAILURE): Actual text and expected text of test object 'Object Repository/Page_cabi Order Items/product_fabric' are matched.

2019-11-21 18:28:54 - [MESSAGE][PASSED] - Actual text and expected text of test object 'Object Repository/Page_cabi Order Items/product_fabric' are matched.

2019-11-21 18:28:54 - [TEST_STEP][PASSED] - expectedCasreIntrn = findTestData("productData").getValue("CareInstr", row): null

2019-11-21 18:28:54 - [TEST_STEP][PASSED] - if (expectedCasreIntrn.equalsIgnoreCase("")): null

2019-11-21 18:28:54 - [TEST_STEP][PASSED] - else: null

2019-11-21 18:28:54 - [TEST_STEP][PASSED] - actualCasreIntrn = "<div>" + getText(findTestObject("Page_cabi Order Items/care_instruction")) + "</div>": Text of object 'Object Repository/Page_cabi Order Items/care_instruction' is: 'Turn garment inside out and place in a mesh bag. Machine wash separately in cold water on the delicate cycle. Only non-chlorine bleach if needed. Do not twist or wring. Lay flat to dry. Warm iron if needed. Can be dry cleaned.'

2019-11-21 18:28:54 - [MESSAGE][PASSED] - Text of object 'Object Repository/Page_cabi Order Items/care_instruction' is: 'Turn garment inside out and place in a mesh bag. Machine wash separately in cold water on the delicate cycle. Only non-chlorine bleach if needed. Do not twist or wring. Lay flat to dry. Warm iron if needed. Can be dry cleaned.'

2019-11-21 18:28:54 - [TEST_STEP][PASSED] - sa.assertTrue(actualCasreIntrn.equals(expectedCasreIntrn)): null

2019-11-21 18:28:54 - [TEST_STEP][PASSED] - delay(5): Delayed 5 second(s)

2019-11-21 18:28:59 - [MESSAGE][PASSED] - Delayed 5 second(s)

2019-11-21 18:28:59 - [TEST_STEP][PASSED] - sa = new org.testng.asserts.SoftAssert(): null

2019-11-21 18:28:59 - [TEST_STEP][PASSED] - styleid_data = findTestData("productData").getValue("Style", row): null

2019-11-21 18:28:59 - [TEST_STEP][PASSED] - println(styleid_data): null

2019-11-21 18:28:59 - [TEST_STEP][PASSED] - by = By.xpath("//input[@name='style']"): null

2019-11-21 18:28:59 - [TEST_STEP][PASSED] - styleWe = UtilityMethods.getElementByLocator(by, driver): null

2019-11-21 18:28:59 - [TEST_STEP][PASSED] - to = UtilityMethods.fromElement(styleWe): null

2019-11-21 18:28:59 - [TEST_STEP][PASSED] - println("******************+++++++++++++++++++**********************************************"): null

2019-11-21 18:28:59 - [TEST_STEP][PASSED] - setText(to, styleid_data): Text '5640' is set on object ''

2019-11-21 18:29:00 - [MESSAGE][PASSED] - Text '5640' is set on object ''

2019-11-21 18:29:00 - [TEST_STEP][PASSED] - sendKeys(to, Keys.chord(ENTER)): Keys 'ENTER + ' sent to object: ''

2019-11-21 18:29:00 - [MESSAGE][PASSED] - Keys 'ENTER + ' sent to object: ''

2019-11-21 18:29:00 - [TEST_STEP][PASSED] - delay(2): Delayed 2 second(s)

2019-11-21 18:29:02 - [MESSAGE][PASSED] - Delayed 2 second(s)

2019-11-21 18:29:02 - [TEST_STEP][PASSED] - if (toString().equalsIgnoreCase("no")): null

2019-11-21 18:29:02 - [TEST_STEP][PASSED] - else: null

2019-11-21 18:29:02 - [TEST_STEP][PASSED] - click(findTestObject("Page_cabi Order Items/li_order_item")): Object: 'Object Repository/Page_cabi Order Items/li_order_item' is clicked on

2019-11-21 18:29:08 - [MESSAGE][PASSED] - Object: 'Object Repository/Page_cabi Order Items/li_order_item' is clicked on

2019-11-21 18:29:08 - [TEST_STEP][PASSED] - delay(5): Delayed 5 second(s)

2019-11-21 18:29:13 - [MESSAGE][PASSED] - Delayed 5 second(s)

2019-11-21 18:29:13 - [TEST_STEP][PASSED] - imagePath = UtilityMethods.createScreenshotImagePath(storeType, styleid_data): null

2019-11-21 18:29:13 - [TEST_STEP][PASSED] - println(imagePath): null

2019-11-21 18:29:13 - [TEST_STEP][PASSED] - takeScreenshot(imagePath): Taking screenshot successfully

2019-11-21 18:29:14 - [MESSAGE][PASSED] - Taking screenshot successfully
[[ATTACHMENT|C:\\Users\\user\\Documents\\testautomation\\KatalonProjects\\productImages\\BOPersonal_5640 image.png]]

2019-11-21 18:29:14 - [TEST_STEP][PASSED] - verifyElementText(findTestObject("Page_cabi Order Items/GetAttribute_getID"), styleid_data, CONTINUE_ON_FAILURE): Actual text and expected text of test object 'Object Repository/Page_cabi Order Items/GetAttribute_getID' are matched.

2019-11-21 18:29:14 - [MESSAGE][PASSED] - Actual text and expected text of test object 'Object Repository/Page_cabi Order Items/GetAttribute_getID' are matched.

2019-11-21 18:29:14 - [TEST_STEP][PASSED] - colorOptions = findWebElements(findTestObject("Page_cabi Order Items/GetAttribute_Color"), 5): null

2019-11-21 18:29:14 - [TEST_STEP][PASSED] - println(colorOptions.size()): null

2019-11-21 18:29:14 - [TEST_STEP][PASSED] - expectedColour = findTestData("productData").getValue("Color", row): null

2019-11-21 18:29:14 - [TEST_STEP][PASSED] - println("expected colour is"): null

2019-11-21 18:29:14 - [TEST_STEP][PASSED] - println(expectedColour): null

2019-11-21 18:29:14 - [TEST_STEP][PASSED] - colourVerified = false: null

2019-11-21 18:29:14 - [TEST_STEP][PASSED] - for (org.openqa.selenium.WebElement op : colorOptions): null

2019-11-21 18:29:14 - [TEST_STEP][PASSED] - println(op.getText()): null

2019-11-21 18:29:14 - [TEST_STEP][PASSED] - if (expectedColour.equalsIgnoreCase(op.getText())): null

2019-11-21 18:29:14 - [TEST_STEP][PASSED] - colourVerified = true: null

2019-11-21 18:29:14 - [TEST_STEP][PASSED] - break: null

2019-11-21 18:29:14 - [TEST_STEP][PASSED] - sa.assertTrue(colourVerified): null

2019-11-21 18:29:14 - [TEST_STEP][PASSED] - getPrice = getText(findTestObject("Page_cabi Order Items/GetAttribute_Price")): Text of object 'Object Repository/Page_cabi Order Items/GetAttribute_Price' is: 'Price : £99.00'

2019-11-21 18:29:14 - [MESSAGE][PASSED] - Text of object 'Object Repository/Page_cabi Order Items/GetAttribute_Price' is: 'Price : £99.00'

2019-11-21 18:29:14 - [TEST_STEP][PASSED] - Split_Data = UtilityMethods.SplitData(getPrice): null

2019-11-21 18:29:14 - [TEST_STEP][PASSED] - verifyMatch(Split_Data, findTestData("productData").getValue("Retail", row), true, CONTINUE_ON_FAILURE): Actual text '99' and expected text '99' are matched  using regular expression

2019-11-21 18:29:14 - [MESSAGE][PASSED] - Actual text '99' and expected text '99' are matched  using regular expression

2019-11-21 18:29:14 - [TEST_STEP][PASSED] - sizeRange1 = ["XXS", "XS", "S", "M", "L", "XL", "XXL"]: null

2019-11-21 18:29:14 - [TEST_STEP][PASSED] - sizeRange2 = ["00", "0", "2", "4", "6", "8", "10", "12", "14", "16"]: null

2019-11-21 18:29:14 - [TEST_STEP][PASSED] - sizeRange3 = ["Long", "Regular", "Short"]: null

2019-11-21 18:29:14 - [TEST_STEP][PASSED] - sizeRange4 = ["5", "6", "6.5", "7", "7.5", "8", "8.5", "9", "9.5", "10", "11"]: null

2019-11-21 18:29:14 - [TEST_STEP][PASSED] - sizeRange5 = ["XS/S", "M/L"]: null

2019-11-21 18:29:14 - [TEST_STEP][PASSED] - sizeRange6 = ["One Size"]: null

2019-11-21 18:29:14 - [TEST_STEP][PASSED] - sizeRangeSplit = UtilityMethods.SplitSizes(findTestData("productData").getValue("SzRange", row)): null

2019-11-21 18:29:14 - [TEST_STEP][PASSED] - sizeType = getText(findTestObject("Object Repository/Page_cabi Order Items/Size")): Text of object 'Object Repository/Page_cabi Order Items/Size' is: 'Select'

2019-11-21 18:29:15 - [MESSAGE][PASSED] - Text of object 'Object Repository/Page_cabi Order Items/Size' is: 'Select'

2019-11-21 18:29:15 - [TEST_STEP][PASSED] - sizeOptions = findWebElements(findTestObject("Object Repository/Page_cabi Order Items/Size"), 5): null

2019-11-21 18:29:15 - [TEST_STEP][PASSED] - actualRange = new java.util.ArrayList(): null

2019-11-21 18:29:15 - [TEST_STEP][PASSED] - expectedRange = <not implemented yet for class: org.codehaus.groovy.ast.expr.EmptyExpression>: null

2019-11-21 18:29:15 - [TEST_STEP][PASSED] - if (sizeType.equalsIgnoreCase("Select")): null

2019-11-21 18:29:15 - [TEST_STEP][PASSED] - for ([i = 1, i < sizeOptions.size(), (i++)]): null

2019-11-21 18:29:15 - [TEST_STEP][PASSED] - actualRange.add(getAttribute("value").toString()): null

2019-11-21 18:29:15 - [TEST_STEP][PASSED] - actualRange.add(getAttribute("value").toString()): null

2019-11-21 18:29:15 - [TEST_STEP][PASSED] - actualRange.add(getAttribute("value").toString()): null

2019-11-21 18:29:15 - [TEST_STEP][PASSED] - actualRange.add(getAttribute("value").toString()): null

2019-11-21 18:29:15 - [TEST_STEP][PASSED] - actualRange.add(getAttribute("value").toString()): null

2019-11-21 18:29:15 - [TEST_STEP][PASSED] - actualRange.add(getAttribute("value").toString()): null

2019-11-21 18:29:15 - [TEST_STEP][PASSED] - if (toString().equalsIgnoreCase("XS") || toString().equalsIgnoreCase("XXS")): null

2019-11-21 18:29:15 - [TEST_STEP][PASSED] - expectedRange = UtilityMethods.getExpectedRange(sizeRange1, sizeRangeSplit): null

2019-11-21 18:29:15 - [TEST_STEP][PASSED] - println("XS"): null

2019-11-21 18:29:15 - [TEST_STEP][PASSED] - println(expectedRange.toString()): null

2019-11-21 18:29:15 - [TEST_STEP][PASSED] - sa.assertTrue(UtilityMethods.listEquals(expectedRange, actualRange)): null

2019-11-21 18:29:15 - [TEST_STEP][PASSED] - delay(2): Delayed 2 second(s)

2019-11-21 18:29:17 - [MESSAGE][PASSED] - Delayed 2 second(s)

2019-11-21 18:29:17 - [TEST_STEP][PASSED] - verifyElementText(findTestObject("Page_cabi Order Items/product_title"), findTestData("productData").getValue("Description", row), CONTINUE_ON_FAILURE): Actual text and expected text of test object 'Object Repository/Page_cabi Order Items/product_title' are matched.

2019-11-21 18:29:17 - [MESSAGE][PASSED] - Actual text and expected text of test object 'Object Repository/Page_cabi Order Items/product_title' are matched.

2019-11-21 18:29:17 - [TEST_STEP][PASSED] - finalContent = findTestData("productData").getValue("FinalContent", row): null

2019-11-21 18:29:17 - [TEST_STEP][PASSED] - if (finalContent.equalsIgnoreCase("")): null

2019-11-21 18:29:17 - [TEST_STEP][PASSED] - else: Actual text and expected text of test object 'Object Repository/Page_cabi Order Items/product_fabric' are matched.

2019-11-21 18:29:17 - [TEST_STEP][PASSED] - verifyElementText(findTestObject("Page_cabi Order Items/product_fabric"), finalContent, CONTINUE_ON_FAILURE): Actual text and expected text of test object 'Object Repository/Page_cabi Order Items/product_fabric' are matched.

2019-11-21 18:29:17 - [MESSAGE][PASSED] - Actual text and expected text of test object 'Object Repository/Page_cabi Order Items/product_fabric' are matched.

2019-11-21 18:29:17 - [TEST_STEP][PASSED] - expectedCasreIntrn = findTestData("productData").getValue("CareInstr", row): null

2019-11-21 18:29:17 - [TEST_STEP][PASSED] - if (expectedCasreIntrn.equalsIgnoreCase("")): null

2019-11-21 18:29:17 - [TEST_STEP][PASSED] - else: null

2019-11-21 18:29:17 - [TEST_STEP][PASSED] - actualCasreIntrn = "<div>" + getText(findTestObject("Page_cabi Order Items/care_instruction")) + "</div>": Text of object 'Object Repository/Page_cabi Order Items/care_instruction' is: 'Turn garment inside out and place in a mesh bag. Machine wash separately in cold water on the delicate cycle. Only non-chlorine bleach if needed. Do not twist or wring. Lay flat to dry. Warm iron if needed. Can be dry cleaned.'

2019-11-21 18:29:17 - [MESSAGE][PASSED] - Text of object 'Object Repository/Page_cabi Order Items/care_instruction' is: 'Turn garment inside out and place in a mesh bag. Machine wash separately in cold water on the delicate cycle. Only non-chlorine bleach if needed. Do not twist or wring. Lay flat to dry. Warm iron if needed. Can be dry cleaned.'

2019-11-21 18:29:17 - [TEST_STEP][PASSED] - sa.assertTrue(actualCasreIntrn.equals(expectedCasreIntrn)): null

2019-11-21 18:29:17 - [TEST_STEP][PASSED] - delay(5): Delayed 5 second(s)

2019-11-21 18:29:22 - [MESSAGE][PASSED] - Delayed 5 second(s)

2019-11-21 18:29:22 - [TEST_STEP][PASSED] - sa = new org.testng.asserts.SoftAssert(): null

2019-11-21 18:29:22 - [TEST_STEP][PASSED] - styleid_data = findTestData("productData").getValue("Style", row): null

2019-11-21 18:29:22 - [TEST_STEP][PASSED] - println(styleid_data): null

2019-11-21 18:29:22 - [TEST_STEP][PASSED] - by = By.xpath("//input[@name='style']"): null

2019-11-21 18:29:22 - [TEST_STEP][PASSED] - styleWe = UtilityMethods.getElementByLocator(by, driver): null

2019-11-21 18:29:23 - [TEST_STEP][PASSED] - to = UtilityMethods.fromElement(styleWe): null

2019-11-21 18:29:23 - [TEST_STEP][PASSED] - println("******************+++++++++++++++++++**********************************************"): null

2019-11-21 18:29:23 - [TEST_STEP][PASSED] - setText(to, styleid_data): Text '5641' is set on object ''

2019-11-21 18:29:23 - [MESSAGE][PASSED] - Text '5641' is set on object ''

2019-11-21 18:29:23 - [TEST_STEP][PASSED] - sendKeys(to, Keys.chord(ENTER)): Keys 'ENTER + ' sent to object: ''

2019-11-21 18:29:23 - [MESSAGE][PASSED] - Keys 'ENTER + ' sent to object: ''

2019-11-21 18:29:23 - [TEST_STEP][PASSED] - delay(2): Delayed 2 second(s)

2019-11-21 18:29:25 - [MESSAGE][PASSED] - Delayed 2 second(s)

2019-11-21 18:29:25 - [TEST_STEP][PASSED] - if (toString().equalsIgnoreCase("no")): null

2019-11-21 18:29:25 - [TEST_STEP][PASSED] - else: null

2019-11-21 18:29:25 - [TEST_STEP][PASSED] - click(findTestObject("Page_cabi Order Items/li_order_item")): Object: 'Object Repository/Page_cabi Order Items/li_order_item' is clicked on

2019-11-21 18:29:31 - [MESSAGE][PASSED] - Object: 'Object Repository/Page_cabi Order Items/li_order_item' is clicked on

2019-11-21 18:29:31 - [TEST_STEP][PASSED] - delay(5): Delayed 5 second(s)

2019-11-21 18:29:36 - [MESSAGE][PASSED] - Delayed 5 second(s)

2019-11-21 18:29:36 - [TEST_STEP][PASSED] - imagePath = UtilityMethods.createScreenshotImagePath(storeType, styleid_data): null

2019-11-21 18:29:36 - [TEST_STEP][PASSED] - println(imagePath): null

2019-11-21 18:29:36 - [TEST_STEP][PASSED] - takeScreenshot(imagePath): Taking screenshot successfully

2019-11-21 18:29:37 - [MESSAGE][PASSED] - Taking screenshot successfully
[[ATTACHMENT|C:\\Users\\user\\Documents\\testautomation\\KatalonProjects\\productImages\\BOPersonal_5641 image.png]]

2019-11-21 18:29:37 - [TEST_STEP][PASSED] - verifyElementText(findTestObject("Page_cabi Order Items/GetAttribute_getID"), styleid_data, CONTINUE_ON_FAILURE): Actual text and expected text of test object 'Object Repository/Page_cabi Order Items/GetAttribute_getID' are matched.

2019-11-21 18:29:37 - [MESSAGE][PASSED] - Actual text and expected text of test object 'Object Repository/Page_cabi Order Items/GetAttribute_getID' are matched.

2019-11-21 18:29:37 - [TEST_STEP][PASSED] - colorOptions = findWebElements(findTestObject("Page_cabi Order Items/GetAttribute_Color"), 5): null

2019-11-21 18:29:37 - [TEST_STEP][PASSED] - println(colorOptions.size()): null

2019-11-21 18:29:37 - [TEST_STEP][PASSED] - expectedColour = findTestData("productData").getValue("Color", row): null

2019-11-21 18:29:37 - [TEST_STEP][PASSED] - println("expected colour is"): null

2019-11-21 18:29:37 - [TEST_STEP][PASSED] - println(expectedColour): null

2019-11-21 18:29:37 - [TEST_STEP][PASSED] - colourVerified = false: null

2019-11-21 18:29:37 - [TEST_STEP][PASSED] - for (org.openqa.selenium.WebElement op : colorOptions): null

2019-11-21 18:29:37 - [TEST_STEP][PASSED] - println(op.getText()): null

2019-11-21 18:29:37 - [TEST_STEP][PASSED] - if (expectedColour.equalsIgnoreCase(op.getText())): null

2019-11-21 18:29:37 - [TEST_STEP][PASSED] - colourVerified = true: null

2019-11-21 18:29:37 - [TEST_STEP][PASSED] - break: null

2019-11-21 18:29:37 - [TEST_STEP][PASSED] - sa.assertTrue(colourVerified): null

2019-11-21 18:29:37 - [TEST_STEP][PASSED] - getPrice = getText(findTestObject("Page_cabi Order Items/GetAttribute_Price")): Text of object 'Object Repository/Page_cabi Order Items/GetAttribute_Price' is: 'Price : £69.00'

2019-11-21 18:29:37 - [MESSAGE][PASSED] - Text of object 'Object Repository/Page_cabi Order Items/GetAttribute_Price' is: 'Price : £69.00'

2019-11-21 18:29:37 - [TEST_STEP][PASSED] - Split_Data = UtilityMethods.SplitData(getPrice): null

2019-11-21 18:29:37 - [TEST_STEP][PASSED] - verifyMatch(Split_Data, findTestData("productData").getValue("Retail", row), true, CONTINUE_ON_FAILURE): Actual text '69' and expected text '69' are matched  using regular expression

2019-11-21 18:29:37 - [MESSAGE][PASSED] - Actual text '69' and expected text '69' are matched  using regular expression

2019-11-21 18:29:37 - [TEST_STEP][PASSED] - sizeRange1 = ["XXS", "XS", "S", "M", "L", "XL", "XXL"]: null

2019-11-21 18:29:38 - [TEST_STEP][PASSED] - sizeRange2 = ["00", "0", "2", "4", "6", "8", "10", "12", "14", "16"]: null

2019-11-21 18:29:38 - [TEST_STEP][PASSED] - sizeRange3 = ["Long", "Regular", "Short"]: null

2019-11-21 18:29:38 - [TEST_STEP][PASSED] - sizeRange4 = ["5", "6", "6.5", "7", "7.5", "8", "8.5", "9", "9.5", "10", "11"]: null

2019-11-21 18:29:38 - [TEST_STEP][PASSED] - sizeRange5 = ["XS/S", "M/L"]: null

2019-11-21 18:29:38 - [TEST_STEP][PASSED] - sizeRange6 = ["One Size"]: null

2019-11-21 18:29:38 - [TEST_STEP][PASSED] - sizeRangeSplit = UtilityMethods.SplitSizes(findTestData("productData").getValue("SzRange", row)): null

2019-11-21 18:29:38 - [TEST_STEP][PASSED] - sizeType = getText(findTestObject("Object Repository/Page_cabi Order Items/Size")): Text of object 'Object Repository/Page_cabi Order Items/Size' is: 'Select'

2019-11-21 18:29:38 - [MESSAGE][PASSED] - Text of object 'Object Repository/Page_cabi Order Items/Size' is: 'Select'

2019-11-21 18:29:38 - [TEST_STEP][PASSED] - sizeOptions = findWebElements(findTestObject("Object Repository/Page_cabi Order Items/Size"), 5): null

2019-11-21 18:29:38 - [TEST_STEP][PASSED] - actualRange = new java.util.ArrayList(): null

2019-11-21 18:29:38 - [TEST_STEP][PASSED] - expectedRange = <not implemented yet for class: org.codehaus.groovy.ast.expr.EmptyExpression>: null

2019-11-21 18:29:38 - [TEST_STEP][PASSED] - if (sizeType.equalsIgnoreCase("Select")): null

2019-11-21 18:29:38 - [TEST_STEP][PASSED] - for ([i = 1, i < sizeOptions.size(), (i++)]): null

2019-11-21 18:29:38 - [TEST_STEP][PASSED] - actualRange.add(getAttribute("value").toString()): null

2019-11-21 18:29:38 - [TEST_STEP][PASSED] - actualRange.add(getAttribute("value").toString()): null

2019-11-21 18:29:38 - [TEST_STEP][PASSED] - actualRange.add(getAttribute("value").toString()): null

2019-11-21 18:29:38 - [TEST_STEP][PASSED] - actualRange.add(getAttribute("value").toString()): null

2019-11-21 18:29:38 - [TEST_STEP][PASSED] - actualRange.add(getAttribute("value").toString()): null

2019-11-21 18:29:38 - [TEST_STEP][PASSED] - if (toString().equalsIgnoreCase("XS") || toString().equalsIgnoreCase("XXS")): null

2019-11-21 18:29:38 - [TEST_STEP][PASSED] - expectedRange = UtilityMethods.getExpectedRange(sizeRange1, sizeRangeSplit): null

2019-11-21 18:29:38 - [TEST_STEP][PASSED] - println("XS"): null

2019-11-21 18:29:38 - [TEST_STEP][PASSED] - println(expectedRange.toString()): null

2019-11-21 18:29:38 - [TEST_STEP][PASSED] - sa.assertTrue(UtilityMethods.listEquals(expectedRange, actualRange)): null

2019-11-21 18:29:38 - [TEST_STEP][PASSED] - delay(2): Delayed 2 second(s)

2019-11-21 18:29:40 - [MESSAGE][PASSED] - Delayed 2 second(s)

2019-11-21 18:29:40 - [TEST_STEP][PASSED] - verifyElementText(findTestObject("Page_cabi Order Items/product_title"), findTestData("productData").getValue("Description", row), CONTINUE_ON_FAILURE): Actual text and expected text of test object 'Object Repository/Page_cabi Order Items/product_title' are matched.

2019-11-21 18:29:40 - [MESSAGE][PASSED] - Actual text and expected text of test object 'Object Repository/Page_cabi Order Items/product_title' are matched.

2019-11-21 18:29:40 - [TEST_STEP][PASSED] - finalContent = findTestData("productData").getValue("FinalContent", row): null

2019-11-21 18:29:40 - [TEST_STEP][PASSED] - if (finalContent.equalsIgnoreCase("")): null

2019-11-21 18:29:40 - [TEST_STEP][PASSED] - else: Actual text and expected text of test object 'Object Repository/Page_cabi Order Items/product_fabric' are matched.

2019-11-21 18:29:40 - [TEST_STEP][PASSED] - verifyElementText(findTestObject("Page_cabi Order Items/product_fabric"), finalContent, CONTINUE_ON_FAILURE): Actual text and expected text of test object 'Object Repository/Page_cabi Order Items/product_fabric' are matched.

2019-11-21 18:29:40 - [MESSAGE][PASSED] - Actual text and expected text of test object 'Object Repository/Page_cabi Order Items/product_fabric' are matched.

2019-11-21 18:29:40 - [TEST_STEP][PASSED] - expectedCasreIntrn = findTestData("productData").getValue("CareInstr", row): null

2019-11-21 18:29:40 - [TEST_STEP][PASSED] - if (expectedCasreIntrn.equalsIgnoreCase("")): null

2019-11-21 18:29:40 - [TEST_STEP][PASSED] - else: null

2019-11-21 18:29:40 - [TEST_STEP][PASSED] - actualCasreIntrn = "<div>" + getText(findTestObject("Page_cabi Order Items/care_instruction")) + "</div>": Text of object 'Object Repository/Page_cabi Order Items/care_instruction' is: 'Turn garment inside out and place in a mesh bag. Machine wash separately in cold water on the delicate cycle. Only non-chlorine bleach if needed. Do not twist or wring. Lay flat to dry. Warm iron if needed. Can be dry cleaned.'

2019-11-21 18:29:40 - [MESSAGE][PASSED] - Text of object 'Object Repository/Page_cabi Order Items/care_instruction' is: 'Turn garment inside out and place in a mesh bag. Machine wash separately in cold water on the delicate cycle. Only non-chlorine bleach if needed. Do not twist or wring. Lay flat to dry. Warm iron if needed. Can be dry cleaned.'

2019-11-21 18:29:40 - [TEST_STEP][PASSED] - sa.assertTrue(actualCasreIntrn.equals(expectedCasreIntrn)): null

2019-11-21 18:29:40 - [TEST_STEP][PASSED] - delay(5): Delayed 5 second(s)

2019-11-21 18:29:45 - [MESSAGE][PASSED] - Delayed 5 second(s)

2019-11-21 18:29:45 - [TEST_STEP][PASSED] - sa = new org.testng.asserts.SoftAssert(): null

2019-11-21 18:29:45 - [TEST_STEP][PASSED] - styleid_data = findTestData("productData").getValue("Style", row): null

2019-11-21 18:29:46 - [TEST_STEP][PASSED] - println(styleid_data): null

2019-11-21 18:29:46 - [TEST_STEP][PASSED] - by = By.xpath("//input[@name='style']"): null

2019-11-21 18:29:46 - [TEST_STEP][PASSED] - styleWe = UtilityMethods.getElementByLocator(by, driver): null

2019-11-21 18:29:46 - [TEST_STEP][PASSED] - to = UtilityMethods.fromElement(styleWe): null

2019-11-21 18:29:46 - [TEST_STEP][PASSED] - println("******************+++++++++++++++++++**********************************************"): null

2019-11-21 18:29:46 - [TEST_STEP][PASSED] - setText(to, styleid_data): Text '5653' is set on object ''

2019-11-21 18:29:46 - [MESSAGE][PASSED] - Text '5653' is set on object ''

2019-11-21 18:29:46 - [TEST_STEP][PASSED] - sendKeys(to, Keys.chord(ENTER)): Keys 'ENTER + ' sent to object: ''

2019-11-21 18:29:46 - [MESSAGE][PASSED] - Keys 'ENTER + ' sent to object: ''

2019-11-21 18:29:46 - [TEST_STEP][PASSED] - delay(2): Delayed 2 second(s)

2019-11-21 18:29:48 - [MESSAGE][PASSED] - Delayed 2 second(s)

2019-11-21 18:29:48 - [TEST_STEP][PASSED] - if (toString().equalsIgnoreCase("no")): null

2019-11-21 18:29:48 - [TEST_STEP][PASSED] - else: null

2019-11-21 18:29:48 - [TEST_STEP][PASSED] - click(findTestObject("Page_cabi Order Items/li_order_item")): Object: 'Object Repository/Page_cabi Order Items/li_order_item' is clicked on

2019-11-21 18:29:54 - [MESSAGE][PASSED] - Object: 'Object Repository/Page_cabi Order Items/li_order_item' is clicked on

2019-11-21 18:29:54 - [TEST_STEP][PASSED] - delay(5): Delayed 5 second(s)

2019-11-21 18:29:59 - [MESSAGE][PASSED] - Delayed 5 second(s)

2019-11-21 18:29:59 - [TEST_STEP][PASSED] - imagePath = UtilityMethods.createScreenshotImagePath(storeType, styleid_data): null

2019-11-21 18:29:59 - [TEST_STEP][PASSED] - println(imagePath): null

2019-11-21 18:29:59 - [TEST_STEP][PASSED] - takeScreenshot(imagePath): Taking screenshot successfully

2019-11-21 18:30:00 - [MESSAGE][PASSED] - Taking screenshot successfully
[[ATTACHMENT|C:\\Users\\user\\Documents\\testautomation\\KatalonProjects\\productImages\\BOPersonal_5653 image.png]]

2019-11-21 18:30:00 - [TEST_STEP][PASSED] - verifyElementText(findTestObject("Page_cabi Order Items/GetAttribute_getID"), styleid_data, CONTINUE_ON_FAILURE): Actual text and expected text of test object 'Object Repository/Page_cabi Order Items/GetAttribute_getID' are matched.

2019-11-21 18:30:00 - [MESSAGE][PASSED] - Actual text and expected text of test object 'Object Repository/Page_cabi Order Items/GetAttribute_getID' are matched.

2019-11-21 18:30:00 - [TEST_STEP][PASSED] - colorOptions = findWebElements(findTestObject("Page_cabi Order Items/GetAttribute_Color"), 5): null

2019-11-21 18:30:00 - [TEST_STEP][PASSED] - println(colorOptions.size()): null

2019-11-21 18:30:00 - [TEST_STEP][PASSED] - expectedColour = findTestData("productData").getValue("Color", row): null

2019-11-21 18:30:00 - [TEST_STEP][PASSED] - println("expected colour is"): null

2019-11-21 18:30:00 - [TEST_STEP][PASSED] - println(expectedColour): null

2019-11-21 18:30:00 - [TEST_STEP][PASSED] - colourVerified = false: null

2019-11-21 18:30:00 - [TEST_STEP][PASSED] - for (org.openqa.selenium.WebElement op : colorOptions): null

2019-11-21 18:30:00 - [TEST_STEP][PASSED] - println(op.getText()): null

2019-11-21 18:30:00 - [TEST_STEP][PASSED] - if (expectedColour.equalsIgnoreCase(op.getText())): null

2019-11-21 18:30:00 - [TEST_STEP][PASSED] - colourVerified = true: null

2019-11-21 18:30:00 - [TEST_STEP][PASSED] - break: null

2019-11-21 18:30:00 - [TEST_STEP][PASSED] - sa.assertTrue(colourVerified): null

2019-11-21 18:30:00 - [TEST_STEP][PASSED] - getPrice = getText(findTestObject("Page_cabi Order Items/GetAttribute_Price")): Text of object 'Object Repository/Page_cabi Order Items/GetAttribute_Price' is: 'Price : £136.00'

2019-11-21 18:30:01 - [MESSAGE][PASSED] - Text of object 'Object Repository/Page_cabi Order Items/GetAttribute_Price' is: 'Price : £136.00'

2019-11-21 18:30:01 - [TEST_STEP][PASSED] - Split_Data = UtilityMethods.SplitData(getPrice): null

2019-11-21 18:30:01 - [TEST_STEP][PASSED] - verifyMatch(Split_Data, findTestData("productData").getValue("Retail", row), true, CONTINUE_ON_FAILURE): Actual text '136' and expected text '136' are matched  using regular expression

2019-11-21 18:30:01 - [MESSAGE][PASSED] - Actual text '136' and expected text '136' are matched  using regular expression

2019-11-21 18:30:01 - [TEST_STEP][PASSED] - sizeRange1 = ["XXS", "XS", "S", "M", "L", "XL", "XXL"]: null

2019-11-21 18:30:01 - [TEST_STEP][PASSED] - sizeRange2 = ["00", "0", "2", "4", "6", "8", "10", "12", "14", "16"]: null

2019-11-21 18:30:01 - [TEST_STEP][PASSED] - sizeRange3 = ["Long", "Regular", "Short"]: null

2019-11-21 18:30:01 - [TEST_STEP][PASSED] - sizeRange4 = ["5", "6", "6.5", "7", "7.5", "8", "8.5", "9", "9.5", "10", "11"]: null

2019-11-21 18:30:01 - [TEST_STEP][PASSED] - sizeRange5 = ["XS/S", "M/L"]: null

2019-11-21 18:30:01 - [TEST_STEP][PASSED] - sizeRange6 = ["One Size"]: null

2019-11-21 18:30:01 - [TEST_STEP][PASSED] - sizeRangeSplit = UtilityMethods.SplitSizes(findTestData("productData").getValue("SzRange", row)): null

2019-11-21 18:30:01 - [TEST_STEP][PASSED] - sizeType = getText(findTestObject("Object Repository/Page_cabi Order Items/Size")): Text of object 'Object Repository/Page_cabi Order Items/Size' is: 'Select'

2019-11-21 18:30:01 - [MESSAGE][PASSED] - Text of object 'Object Repository/Page_cabi Order Items/Size' is: 'Select'

2019-11-21 18:30:01 - [TEST_STEP][PASSED] - sizeOptions = findWebElements(findTestObject("Object Repository/Page_cabi Order Items/Size"), 5): null

2019-11-21 18:30:01 - [TEST_STEP][PASSED] - actualRange = new java.util.ArrayList(): null

2019-11-21 18:30:01 - [TEST_STEP][PASSED] - expectedRange = <not implemented yet for class: org.codehaus.groovy.ast.expr.EmptyExpression>: null

2019-11-21 18:30:01 - [TEST_STEP][PASSED] - if (sizeType.equalsIgnoreCase("Select")): null

2019-11-21 18:30:01 - [TEST_STEP][PASSED] - for ([i = 1, i < sizeOptions.size(), (i++)]): null

2019-11-21 18:30:01 - [TEST_STEP][PASSED] - actualRange.add(getAttribute("value").toString()): null

2019-11-21 18:30:01 - [TEST_STEP][PASSED] - actualRange.add(getAttribute("value").toString()): null

2019-11-21 18:30:01 - [TEST_STEP][PASSED] - actualRange.add(getAttribute("value").toString()): null

2019-11-21 18:30:01 - [TEST_STEP][PASSED] - actualRange.add(getAttribute("value").toString()): null

2019-11-21 18:30:01 - [TEST_STEP][PASSED] - actualRange.add(getAttribute("value").toString()): null

2019-11-21 18:30:01 - [TEST_STEP][PASSED] - if (toString().equalsIgnoreCase("XS") || toString().equalsIgnoreCase("XXS")): null

2019-11-21 18:30:01 - [TEST_STEP][PASSED] - expectedRange = UtilityMethods.getExpectedRange(sizeRange1, sizeRangeSplit): null

2019-11-21 18:30:01 - [TEST_STEP][PASSED] - println("XS"): null

2019-11-21 18:30:01 - [TEST_STEP][PASSED] - println(expectedRange.toString()): null

2019-11-21 18:30:01 - [TEST_STEP][PASSED] - sa.assertTrue(UtilityMethods.listEquals(expectedRange, actualRange)): null

2019-11-21 18:30:01 - [TEST_STEP][PASSED] - delay(2): Delayed 2 second(s)

2019-11-21 18:30:03 - [MESSAGE][PASSED] - Delayed 2 second(s)

2019-11-21 18:30:03 - [TEST_STEP][PASSED] - verifyElementText(findTestObject("Page_cabi Order Items/product_title"), findTestData("productData").getValue("Description", row), CONTINUE_ON_FAILURE): Actual text and expected text of test object 'Object Repository/Page_cabi Order Items/product_title' are matched.

2019-11-21 18:30:03 - [MESSAGE][PASSED] - Actual text and expected text of test object 'Object Repository/Page_cabi Order Items/product_title' are matched.

2019-11-21 18:30:03 - [TEST_STEP][PASSED] - finalContent = findTestData("productData").getValue("FinalContent", row): null

2019-11-21 18:30:03 - [TEST_STEP][PASSED] - if (finalContent.equalsIgnoreCase("")): null

2019-11-21 18:30:03 - [TEST_STEP][PASSED] - else: Actual text and expected text of test object 'Object Repository/Page_cabi Order Items/product_fabric' are matched.

2019-11-21 18:30:03 - [TEST_STEP][PASSED] - verifyElementText(findTestObject("Page_cabi Order Items/product_fabric"), finalContent, CONTINUE_ON_FAILURE): Actual text and expected text of test object 'Object Repository/Page_cabi Order Items/product_fabric' are matched.

2019-11-21 18:30:03 - [MESSAGE][PASSED] - Actual text and expected text of test object 'Object Repository/Page_cabi Order Items/product_fabric' are matched.

2019-11-21 18:30:03 - [TEST_STEP][PASSED] - expectedCasreIntrn = findTestData("productData").getValue("CareInstr", row): null

2019-11-21 18:30:03 - [TEST_STEP][PASSED] - if (expectedCasreIntrn.equalsIgnoreCase("")): null

2019-11-21 18:30:03 - [TEST_STEP][PASSED] - else: null

2019-11-21 18:30:03 - [TEST_STEP][PASSED] - actualCasreIntrn = "<div>" + getText(findTestObject("Page_cabi Order Items/care_instruction")) + "</div>": Text of object 'Object Repository/Page_cabi Order Items/care_instruction' is: 'Turn garment inside out and place in a mesh bag. Machine wash separately in cold water on the delicate cycle. Only non-chlorine bleach if needed. Do not twist or wring. Lay flat to dry. Warm iron if needed. Can be dry cleaned.'

2019-11-21 18:30:03 - [MESSAGE][PASSED] - Text of object 'Object Repository/Page_cabi Order Items/care_instruction' is: 'Turn garment inside out and place in a mesh bag. Machine wash separately in cold water on the delicate cycle. Only non-chlorine bleach if needed. Do not twist or wring. Lay flat to dry. Warm iron if needed. Can be dry cleaned.'

2019-11-21 18:30:04 - [TEST_STEP][PASSED] - sa.assertTrue(actualCasreIntrn.equals(expectedCasreIntrn)): null

2019-11-21 18:30:04 - [TEST_STEP][PASSED] - delay(5): Delayed 5 second(s)

2019-11-21 18:30:09 - [MESSAGE][PASSED] - Delayed 5 second(s)

2019-11-21 18:30:09 - [TEST_STEP][PASSED] - sa = new org.testng.asserts.SoftAssert(): null

2019-11-21 18:30:09 - [TEST_STEP][PASSED] - styleid_data = findTestData("productData").getValue("Style", row): null

2019-11-21 18:30:09 - [TEST_STEP][PASSED] - println(styleid_data): null

2019-11-21 18:30:09 - [TEST_STEP][PASSED] - by = By.xpath("//input[@name='style']"): null

2019-11-21 18:30:09 - [TEST_STEP][PASSED] - styleWe = UtilityMethods.getElementByLocator(by, driver): null

2019-11-21 18:30:09 - [TEST_STEP][PASSED] - to = UtilityMethods.fromElement(styleWe): null

2019-11-21 18:30:09 - [TEST_STEP][PASSED] - println("******************+++++++++++++++++++**********************************************"): null

2019-11-21 18:30:09 - [TEST_STEP][PASSED] - setText(to, styleid_data): Text '5654' is set on object ''

2019-11-21 18:30:09 - [MESSAGE][PASSED] - Text '5654' is set on object ''

2019-11-21 18:30:09 - [TEST_STEP][PASSED] - sendKeys(to, Keys.chord(ENTER)): Keys 'ENTER + ' sent to object: ''

2019-11-21 18:30:09 - [MESSAGE][PASSED] - Keys 'ENTER + ' sent to object: ''

2019-11-21 18:30:09 - [TEST_STEP][PASSED] - delay(2): Delayed 2 second(s)

2019-11-21 18:30:11 - [MESSAGE][PASSED] - Delayed 2 second(s)

2019-11-21 18:30:11 - [TEST_STEP][PASSED] - if (toString().equalsIgnoreCase("no")): null

2019-11-21 18:30:11 - [TEST_STEP][PASSED] - else: null

2019-11-21 18:30:11 - [TEST_STEP][PASSED] - click(findTestObject("Page_cabi Order Items/li_order_item")): Object: 'Object Repository/Page_cabi Order Items/li_order_item' is clicked on

2019-11-21 18:30:17 - [MESSAGE][PASSED] - Object: 'Object Repository/Page_cabi Order Items/li_order_item' is clicked on

2019-11-21 18:30:17 - [TEST_STEP][PASSED] - delay(5): Delayed 5 second(s)

2019-11-21 18:30:22 - [MESSAGE][PASSED] - Delayed 5 second(s)

2019-11-21 18:30:22 - [TEST_STEP][PASSED] - imagePath = UtilityMethods.createScreenshotImagePath(storeType, styleid_data): null

2019-11-21 18:30:22 - [TEST_STEP][PASSED] - println(imagePath): null

2019-11-21 18:30:22 - [TEST_STEP][PASSED] - takeScreenshot(imagePath): Taking screenshot successfully

2019-11-21 18:30:22 - [MESSAGE][PASSED] - Taking screenshot successfully
[[ATTACHMENT|C:\\Users\\user\\Documents\\testautomation\\KatalonProjects\\productImages\\BOPersonal_5654 image.png]]

2019-11-21 18:30:22 - [TEST_STEP][PASSED] - verifyElementText(findTestObject("Page_cabi Order Items/GetAttribute_getID"), styleid_data, CONTINUE_ON_FAILURE): Actual text and expected text of test object 'Object Repository/Page_cabi Order Items/GetAttribute_getID' are matched.

2019-11-21 18:30:22 - [MESSAGE][PASSED] - Actual text and expected text of test object 'Object Repository/Page_cabi Order Items/GetAttribute_getID' are matched.

2019-11-21 18:30:22 - [TEST_STEP][PASSED] - colorOptions = findWebElements(findTestObject("Page_cabi Order Items/GetAttribute_Color"), 5): null

2019-11-21 18:30:22 - [TEST_STEP][PASSED] - println(colorOptions.size()): null

2019-11-21 18:30:22 - [TEST_STEP][PASSED] - expectedColour = findTestData("productData").getValue("Color", row): null

2019-11-21 18:30:23 - [TEST_STEP][PASSED] - println("expected colour is"): null

2019-11-21 18:30:23 - [TEST_STEP][PASSED] - println(expectedColour): null

2019-11-21 18:30:23 - [TEST_STEP][PASSED] - colourVerified = false: null

2019-11-21 18:30:23 - [TEST_STEP][PASSED] - for (org.openqa.selenium.WebElement op : colorOptions): null

2019-11-21 18:30:23 - [TEST_STEP][PASSED] - println(op.getText()): null

2019-11-21 18:30:23 - [TEST_STEP][PASSED] - if (expectedColour.equalsIgnoreCase(op.getText())): null

2019-11-21 18:30:23 - [TEST_STEP][PASSED] - colourVerified = true: null

2019-11-21 18:30:23 - [TEST_STEP][PASSED] - break: null

2019-11-21 18:30:23 - [TEST_STEP][PASSED] - sa.assertTrue(colourVerified): null

2019-11-21 18:30:23 - [TEST_STEP][PASSED] - getPrice = getText(findTestObject("Page_cabi Order Items/GetAttribute_Price")): Text of object 'Object Repository/Page_cabi Order Items/GetAttribute_Price' is: 'Price : £129.00'

2019-11-21 18:30:23 - [MESSAGE][PASSED] - Text of object 'Object Repository/Page_cabi Order Items/GetAttribute_Price' is: 'Price : £129.00'

2019-11-21 18:30:23 - [TEST_STEP][PASSED] - Split_Data = UtilityMethods.SplitData(getPrice): null

2019-11-21 18:30:23 - [TEST_STEP][PASSED] - verifyMatch(Split_Data, findTestData("productData").getValue("Retail", row), true, CONTINUE_ON_FAILURE): Actual text '129' and expected text '129' are matched  using regular expression

2019-11-21 18:30:23 - [MESSAGE][PASSED] - Actual text '129' and expected text '129' are matched  using regular expression

2019-11-21 18:30:23 - [TEST_STEP][PASSED] - sizeRange1 = ["XXS", "XS", "S", "M", "L", "XL", "XXL"]: null

2019-11-21 18:30:23 - [TEST_STEP][PASSED] - sizeRange2 = ["00", "0", "2", "4", "6", "8", "10", "12", "14", "16"]: null

2019-11-21 18:30:23 - [TEST_STEP][PASSED] - sizeRange3 = ["Long", "Regular", "Short"]: null

2019-11-21 18:30:23 - [TEST_STEP][PASSED] - sizeRange4 = ["5", "6", "6.5", "7", "7.5", "8", "8.5", "9", "9.5", "10", "11"]: null

2019-11-21 18:30:23 - [TEST_STEP][PASSED] - sizeRange5 = ["XS/S", "M/L"]: null

2019-11-21 18:30:23 - [TEST_STEP][PASSED] - sizeRange6 = ["One Size"]: null

2019-11-21 18:30:23 - [TEST_STEP][PASSED] - sizeRangeSplit = UtilityMethods.SplitSizes(findTestData("productData").getValue("SzRange", row)): null

2019-11-21 18:30:23 - [TEST_STEP][PASSED] - sizeType = getText(findTestObject("Object Repository/Page_cabi Order Items/Size")): Text of object 'Object Repository/Page_cabi Order Items/Size' is: 'Select'

2019-11-21 18:30:23 - [MESSAGE][PASSED] - Text of object 'Object Repository/Page_cabi Order Items/Size' is: 'Select'

2019-11-21 18:30:23 - [TEST_STEP][PASSED] - sizeOptions = findWebElements(findTestObject("Object Repository/Page_cabi Order Items/Size"), 5): null

2019-11-21 18:30:23 - [TEST_STEP][PASSED] - actualRange = new java.util.ArrayList(): null

2019-11-21 18:30:23 - [TEST_STEP][PASSED] - expectedRange = <not implemented yet for class: org.codehaus.groovy.ast.expr.EmptyExpression>: null

2019-11-21 18:30:23 - [TEST_STEP][PASSED] - if (sizeType.equalsIgnoreCase("Select")): null

2019-11-21 18:30:23 - [TEST_STEP][PASSED] - for ([i = 1, i < sizeOptions.size(), (i++)]): null

2019-11-21 18:30:23 - [TEST_STEP][PASSED] - actualRange.add(getAttribute("value").toString()): null

2019-11-21 18:30:23 - [TEST_STEP][PASSED] - actualRange.add(getAttribute("value").toString()): null

2019-11-21 18:30:23 - [TEST_STEP][PASSED] - actualRange.add(getAttribute("value").toString()): null

2019-11-21 18:30:23 - [TEST_STEP][PASSED] - actualRange.add(getAttribute("value").toString()): null

2019-11-21 18:30:23 - [TEST_STEP][PASSED] - actualRange.add(getAttribute("value").toString()): null

2019-11-21 18:30:23 - [TEST_STEP][PASSED] - actualRange.add(getAttribute("value").toString()): null

2019-11-21 18:30:23 - [TEST_STEP][PASSED] - if (toString().equalsIgnoreCase("XS") || toString().equalsIgnoreCase("XXS")): null

2019-11-21 18:30:23 - [TEST_STEP][PASSED] - expectedRange = UtilityMethods.getExpectedRange(sizeRange1, sizeRangeSplit): null

2019-11-21 18:30:23 - [TEST_STEP][PASSED] - println("XS"): null

2019-11-21 18:30:23 - [TEST_STEP][PASSED] - println(expectedRange.toString()): null

2019-11-21 18:30:23 - [TEST_STEP][PASSED] - sa.assertTrue(UtilityMethods.listEquals(expectedRange, actualRange)): null

2019-11-21 18:30:23 - [TEST_STEP][PASSED] - delay(2): Delayed 2 second(s)

2019-11-21 18:30:25 - [MESSAGE][PASSED] - Delayed 2 second(s)

2019-11-21 18:30:25 - [TEST_STEP][PASSED] - verifyElementText(findTestObject("Page_cabi Order Items/product_title"), findTestData("productData").getValue("Description", row), CONTINUE_ON_FAILURE): Actual text and expected text of test object 'Object Repository/Page_cabi Order Items/product_title' are matched.

2019-11-21 18:30:25 - [MESSAGE][PASSED] - Actual text and expected text of test object 'Object Repository/Page_cabi Order Items/product_title' are matched.

2019-11-21 18:30:25 - [TEST_STEP][PASSED] - finalContent = findTestData("productData").getValue("FinalContent", row): null

2019-11-21 18:30:26 - [TEST_STEP][PASSED] - if (finalContent.equalsIgnoreCase("")): null

2019-11-21 18:30:26 - [TEST_STEP][PASSED] - else: Actual text and expected text of test object 'Object Repository/Page_cabi Order Items/product_fabric' are matched.

2019-11-21 18:30:26 - [TEST_STEP][PASSED] - verifyElementText(findTestObject("Page_cabi Order Items/product_fabric"), finalContent, CONTINUE_ON_FAILURE): Actual text and expected text of test object 'Object Repository/Page_cabi Order Items/product_fabric' are matched.

2019-11-21 18:30:26 - [MESSAGE][PASSED] - Actual text and expected text of test object 'Object Repository/Page_cabi Order Items/product_fabric' are matched.

2019-11-21 18:30:26 - [TEST_STEP][PASSED] - expectedCasreIntrn = findTestData("productData").getValue("CareInstr", row): null

2019-11-21 18:30:26 - [TEST_STEP][PASSED] - if (expectedCasreIntrn.equalsIgnoreCase("")): null

2019-11-21 18:30:26 - [TEST_STEP][PASSED] - else: null

2019-11-21 18:30:26 - [TEST_STEP][PASSED] - actualCasreIntrn = "<div>" + getText(findTestObject("Page_cabi Order Items/care_instruction")) + "</div>": Text of object 'Object Repository/Page_cabi Order Items/care_instruction' is: 'Turn garment inside out and place in a mesh bag. Machine wash separately in cold water on the delicate cycle. Only non-chlorine bleach if needed. Do not twist or wring. Lay flat to dry. Warm iron if needed. Can be dry cleaned.'

2019-11-21 18:30:26 - [MESSAGE][PASSED] - Text of object 'Object Repository/Page_cabi Order Items/care_instruction' is: 'Turn garment inside out and place in a mesh bag. Machine wash separately in cold water on the delicate cycle. Only non-chlorine bleach if needed. Do not twist or wring. Lay flat to dry. Warm iron if needed. Can be dry cleaned.'

2019-11-21 18:30:26 - [TEST_STEP][PASSED] - sa.assertTrue(actualCasreIntrn.equals(expectedCasreIntrn)): null

2019-11-21 18:30:26 - [TEST_STEP][PASSED] - delay(5): Delayed 5 second(s)

2019-11-21 18:30:31 - [MESSAGE][PASSED] - Delayed 5 second(s)

2019-11-21 18:30:31 - [TEST_STEP][PASSED] - sa = new org.testng.asserts.SoftAssert(): null

2019-11-21 18:30:31 - [TEST_STEP][PASSED] - styleid_data = findTestData("productData").getValue("Style", row): null

2019-11-21 18:30:31 - [TEST_STEP][PASSED] - println(styleid_data): null

2019-11-21 18:30:31 - [TEST_STEP][PASSED] - by = By.xpath("//input[@name='style']"): null

2019-11-21 18:30:31 - [TEST_STEP][PASSED] - styleWe = UtilityMethods.getElementByLocator(by, driver): null

2019-11-21 18:30:31 - [TEST_STEP][PASSED] - to = UtilityMethods.fromElement(styleWe): null

2019-11-21 18:30:31 - [TEST_STEP][PASSED] - println("******************+++++++++++++++++++**********************************************"): null

2019-11-21 18:30:31 - [TEST_STEP][PASSED] - setText(to, styleid_data): Text '5655' is set on object ''

2019-11-21 18:30:31 - [MESSAGE][PASSED] - Text '5655' is set on object ''

2019-11-21 18:30:31 - [TEST_STEP][PASSED] - sendKeys(to, Keys.chord(ENTER)): Keys 'ENTER + ' sent to object: ''

2019-11-21 18:30:31 - [MESSAGE][PASSED] - Keys 'ENTER + ' sent to object: ''

2019-11-21 18:30:31 - [TEST_STEP][PASSED] - delay(2): Delayed 2 second(s)

2019-11-21 18:30:33 - [MESSAGE][PASSED] - Delayed 2 second(s)

2019-11-21 18:30:33 - [TEST_STEP][PASSED] - if (toString().equalsIgnoreCase("no")): null

2019-11-21 18:30:33 - [TEST_STEP][PASSED] - else: null

2019-11-21 18:30:33 - [TEST_STEP][PASSED] - click(findTestObject("Page_cabi Order Items/li_order_item")): Object: 'Object Repository/Page_cabi Order Items/li_order_item' is clicked on

2019-11-21 18:30:38 - [MESSAGE][PASSED] - Object: 'Object Repository/Page_cabi Order Items/li_order_item' is clicked on

2019-11-21 18:30:38 - [TEST_STEP][PASSED] - delay(5): Delayed 5 second(s)

2019-11-21 18:30:43 - [MESSAGE][PASSED] - Delayed 5 second(s)

2019-11-21 18:30:43 - [TEST_STEP][PASSED] - imagePath = UtilityMethods.createScreenshotImagePath(storeType, styleid_data): null

2019-11-21 18:30:43 - [TEST_STEP][PASSED] - println(imagePath): null

2019-11-21 18:30:43 - [TEST_STEP][PASSED] - takeScreenshot(imagePath): Taking screenshot successfully

2019-11-21 18:30:44 - [MESSAGE][PASSED] - Taking screenshot successfully
[[ATTACHMENT|C:\\Users\\user\\Documents\\testautomation\\KatalonProjects\\productImages\\BOPersonal_5655 image.png]]

2019-11-21 18:30:44 - [TEST_STEP][PASSED] - verifyElementText(findTestObject("Page_cabi Order Items/GetAttribute_getID"), styleid_data, CONTINUE_ON_FAILURE): Actual text and expected text of test object 'Object Repository/Page_cabi Order Items/GetAttribute_getID' are matched.

2019-11-21 18:30:44 - [MESSAGE][PASSED] - Actual text and expected text of test object 'Object Repository/Page_cabi Order Items/GetAttribute_getID' are matched.

2019-11-21 18:30:44 - [TEST_STEP][PASSED] - colorOptions = findWebElements(findTestObject("Page_cabi Order Items/GetAttribute_Color"), 5): null

2019-11-21 18:30:44 - [TEST_STEP][PASSED] - println(colorOptions.size()): null

2019-11-21 18:30:44 - [TEST_STEP][PASSED] - expectedColour = findTestData("productData").getValue("Color", row): null

2019-11-21 18:30:44 - [TEST_STEP][PASSED] - println("expected colour is"): null

2019-11-21 18:30:44 - [TEST_STEP][PASSED] - println(expectedColour): null

2019-11-21 18:30:44 - [TEST_STEP][PASSED] - colourVerified = false: null

2019-11-21 18:30:44 - [TEST_STEP][PASSED] - for (org.openqa.selenium.WebElement op : colorOptions): null

2019-11-21 18:30:44 - [TEST_STEP][PASSED] - println(op.getText()): null

2019-11-21 18:30:44 - [TEST_STEP][PASSED] - if (expectedColour.equalsIgnoreCase(op.getText())): null

2019-11-21 18:30:44 - [TEST_STEP][PASSED] - colourVerified = true: null

2019-11-21 18:30:44 - [TEST_STEP][PASSED] - break: null

2019-11-21 18:30:44 - [TEST_STEP][PASSED] - sa.assertTrue(colourVerified): null

2019-11-21 18:30:44 - [TEST_STEP][PASSED] - getPrice = getText(findTestObject("Page_cabi Order Items/GetAttribute_Price")): Text of object 'Object Repository/Page_cabi Order Items/GetAttribute_Price' is: 'Price : £108.00'

2019-11-21 18:30:45 - [MESSAGE][PASSED] - Text of object 'Object Repository/Page_cabi Order Items/GetAttribute_Price' is: 'Price : £108.00'

2019-11-21 18:30:45 - [TEST_STEP][PASSED] - Split_Data = UtilityMethods.SplitData(getPrice): null

2019-11-21 18:30:45 - [TEST_STEP][PASSED] - verifyMatch(Split_Data, findTestData("productData").getValue("Retail", row), true, CONTINUE_ON_FAILURE): Actual text '108' and expected text '108' are matched  using regular expression

2019-11-21 18:30:45 - [MESSAGE][PASSED] - Actual text '108' and expected text '108' are matched  using regular expression

2019-11-21 18:30:45 - [TEST_STEP][PASSED] - sizeRange1 = ["XXS", "XS", "S", "M", "L", "XL", "XXL"]: null

2019-11-21 18:30:45 - [TEST_STEP][PASSED] - sizeRange2 = ["00", "0", "2", "4", "6", "8", "10", "12", "14", "16"]: null

2019-11-21 18:30:45 - [TEST_STEP][PASSED] - sizeRange3 = ["Long", "Regular", "Short"]: null

2019-11-21 18:30:45 - [TEST_STEP][PASSED] - sizeRange4 = ["5", "6", "6.5", "7", "7.5", "8", "8.5", "9", "9.5", "10", "11"]: null

2019-11-21 18:30:45 - [TEST_STEP][PASSED] - sizeRange5 = ["XS/S", "M/L"]: null

2019-11-21 18:30:45 - [TEST_STEP][PASSED] - sizeRange6 = ["One Size"]: null

2019-11-21 18:30:45 - [TEST_STEP][PASSED] - sizeRangeSplit = UtilityMethods.SplitSizes(findTestData("productData").getValue("SzRange", row)): null

2019-11-21 18:30:45 - [TEST_STEP][PASSED] - sizeType = getText(findTestObject("Object Repository/Page_cabi Order Items/Size")): Text of object 'Object Repository/Page_cabi Order Items/Size' is: 'Select'

2019-11-21 18:30:45 - [MESSAGE][PASSED] - Text of object 'Object Repository/Page_cabi Order Items/Size' is: 'Select'

2019-11-21 18:30:45 - [TEST_STEP][PASSED] - sizeOptions = findWebElements(findTestObject("Object Repository/Page_cabi Order Items/Size"), 5): null

2019-11-21 18:30:45 - [TEST_STEP][PASSED] - actualRange = new java.util.ArrayList(): null

2019-11-21 18:30:45 - [TEST_STEP][PASSED] - expectedRange = <not implemented yet for class: org.codehaus.groovy.ast.expr.EmptyExpression>: null

2019-11-21 18:30:45 - [TEST_STEP][PASSED] - if (sizeType.equalsIgnoreCase("Select")): null

2019-11-21 18:30:45 - [TEST_STEP][PASSED] - for ([i = 1, i < sizeOptions.size(), (i++)]): null

2019-11-21 18:30:45 - [TEST_STEP][PASSED] - actualRange.add(getAttribute("value").toString()): null

2019-11-21 18:30:45 - [TEST_STEP][PASSED] - actualRange.add(getAttribute("value").toString()): null

2019-11-21 18:30:45 - [TEST_STEP][PASSED] - actualRange.add(getAttribute("value").toString()): null

2019-11-21 18:30:45 - [TEST_STEP][PASSED] - actualRange.add(getAttribute("value").toString()): null

2019-11-21 18:30:45 - [TEST_STEP][PASSED] - actualRange.add(getAttribute("value").toString()): null

2019-11-21 18:30:45 - [TEST_STEP][PASSED] - if (toString().equalsIgnoreCase("XS") || toString().equalsIgnoreCase("XXS")): null

2019-11-21 18:30:45 - [TEST_STEP][PASSED] - expectedRange = UtilityMethods.getExpectedRange(sizeRange1, sizeRangeSplit): null

2019-11-21 18:30:45 - [TEST_STEP][PASSED] - println("XS"): null

2019-11-21 18:30:45 - [TEST_STEP][PASSED] - println(expectedRange.toString()): null

2019-11-21 18:30:45 - [TEST_STEP][PASSED] - sa.assertTrue(UtilityMethods.listEquals(expectedRange, actualRange)): null

2019-11-21 18:30:45 - [TEST_STEP][PASSED] - delay(2): Delayed 2 second(s)

2019-11-21 18:30:47 - [MESSAGE][PASSED] - Delayed 2 second(s)

2019-11-21 18:30:47 - [TEST_STEP][PASSED] - verifyElementText(findTestObject("Page_cabi Order Items/product_title"), findTestData("productData").getValue("Description", row), CONTINUE_ON_FAILURE): Actual text and expected text of test object 'Object Repository/Page_cabi Order Items/product_title' are matched.

2019-11-21 18:30:47 - [MESSAGE][PASSED] - Actual text and expected text of test object 'Object Repository/Page_cabi Order Items/product_title' are matched.

2019-11-21 18:30:47 - [TEST_STEP][PASSED] - finalContent = findTestData("productData").getValue("FinalContent", row): null

2019-11-21 18:30:47 - [TEST_STEP][PASSED] - if (finalContent.equalsIgnoreCase("")): null

2019-11-21 18:30:47 - [TEST_STEP][PASSED] - else: Actual text and expected text of test object 'Object Repository/Page_cabi Order Items/product_fabric' are matched.

2019-11-21 18:30:47 - [TEST_STEP][PASSED] - verifyElementText(findTestObject("Page_cabi Order Items/product_fabric"), finalContent, CONTINUE_ON_FAILURE): Actual text and expected text of test object 'Object Repository/Page_cabi Order Items/product_fabric' are matched.

2019-11-21 18:30:47 - [MESSAGE][PASSED] - Actual text and expected text of test object 'Object Repository/Page_cabi Order Items/product_fabric' are matched.

2019-11-21 18:30:47 - [TEST_STEP][PASSED] - expectedCasreIntrn = findTestData("productData").getValue("CareInstr", row): null

2019-11-21 18:30:47 - [TEST_STEP][PASSED] - if (expectedCasreIntrn.equalsIgnoreCase("")): null

2019-11-21 18:30:47 - [TEST_STEP][PASSED] - else: null

2019-11-21 18:30:47 - [TEST_STEP][PASSED] - actualCasreIntrn = "<div>" + getText(findTestObject("Page_cabi Order Items/care_instruction")) + "</div>": Text of object 'Object Repository/Page_cabi Order Items/care_instruction' is: 'Turn garment inside out and place in a mesh bag. Machine wash separately in cold water on the delicate cycle. Only non-chlorine bleach if needed. Do not twist or wring. Lay flat to dry. Warm iron if needed. Can be dry cleaned.'

2019-11-21 18:30:47 - [MESSAGE][PASSED] - Text of object 'Object Repository/Page_cabi Order Items/care_instruction' is: 'Turn garment inside out and place in a mesh bag. Machine wash separately in cold water on the delicate cycle. Only non-chlorine bleach if needed. Do not twist or wring. Lay flat to dry. Warm iron if needed. Can be dry cleaned.'

2019-11-21 18:30:47 - [TEST_STEP][PASSED] - sa.assertTrue(actualCasreIntrn.equals(expectedCasreIntrn)): null

2019-11-21 18:30:47 - [TEST_STEP][PASSED] - delay(5): Delayed 5 second(s)

2019-11-21 18:30:52 - [MESSAGE][PASSED] - Delayed 5 second(s)

2019-11-21 18:30:52 - [TEST_STEP][PASSED] - sa = new org.testng.asserts.SoftAssert(): null

2019-11-21 18:30:52 - [TEST_STEP][PASSED] - styleid_data = findTestData("productData").getValue("Style", row): null

2019-11-21 18:30:53 - [TEST_STEP][PASSED] - println(styleid_data): null

2019-11-21 18:30:53 - [TEST_STEP][PASSED] - by = By.xpath("//input[@name='style']"): null

2019-11-21 18:30:53 - [TEST_STEP][PASSED] - styleWe = UtilityMethods.getElementByLocator(by, driver): null

2019-11-21 18:30:53 - [TEST_STEP][PASSED] - to = UtilityMethods.fromElement(styleWe): null

2019-11-21 18:30:53 - [TEST_STEP][PASSED] - println("******************+++++++++++++++++++**********************************************"): null

2019-11-21 18:30:53 - [TEST_STEP][PASSED] - setText(to, styleid_data): Text '5656' is set on object ''

2019-11-21 18:30:53 - [MESSAGE][PASSED] - Text '5656' is set on object ''

2019-11-21 18:30:53 - [TEST_STEP][PASSED] - sendKeys(to, Keys.chord(ENTER)): Keys 'ENTER + ' sent to object: ''

2019-11-21 18:30:53 - [MESSAGE][PASSED] - Keys 'ENTER + ' sent to object: ''

2019-11-21 18:30:53 - [TEST_STEP][PASSED] - delay(2): Delayed 2 second(s)

2019-11-21 18:30:55 - [MESSAGE][PASSED] - Delayed 2 second(s)

2019-11-21 18:30:55 - [TEST_STEP][PASSED] - if (toString().equalsIgnoreCase("no")): null

2019-11-21 18:30:55 - [TEST_STEP][PASSED] - else: null

2019-11-21 18:30:55 - [TEST_STEP][PASSED] - click(findTestObject("Page_cabi Order Items/li_order_item")): Object: 'Object Repository/Page_cabi Order Items/li_order_item' is clicked on

2019-11-21 18:31:00 - [MESSAGE][PASSED] - Object: 'Object Repository/Page_cabi Order Items/li_order_item' is clicked on

2019-11-21 18:31:00 - [TEST_STEP][PASSED] - delay(5): Delayed 5 second(s)

2019-11-21 18:31:05 - [MESSAGE][PASSED] - Delayed 5 second(s)

2019-11-21 18:31:05 - [TEST_STEP][PASSED] - imagePath = UtilityMethods.createScreenshotImagePath(storeType, styleid_data): null

2019-11-21 18:31:05 - [TEST_STEP][PASSED] - println(imagePath): null

2019-11-21 18:31:05 - [TEST_STEP][PASSED] - takeScreenshot(imagePath): Taking screenshot successfully

2019-11-21 18:31:06 - [MESSAGE][PASSED] - Taking screenshot successfully
[[ATTACHMENT|C:\\Users\\user\\Documents\\testautomation\\KatalonProjects\\productImages\\BOPersonal_5656 image.png]]

2019-11-21 18:31:06 - [TEST_STEP][PASSED] - verifyElementText(findTestObject("Page_cabi Order Items/GetAttribute_getID"), styleid_data, CONTINUE_ON_FAILURE): Actual text and expected text of test object 'Object Repository/Page_cabi Order Items/GetAttribute_getID' are matched.

2019-11-21 18:31:06 - [MESSAGE][PASSED] - Actual text and expected text of test object 'Object Repository/Page_cabi Order Items/GetAttribute_getID' are matched.

2019-11-21 18:31:06 - [TEST_STEP][PASSED] - colorOptions = findWebElements(findTestObject("Page_cabi Order Items/GetAttribute_Color"), 5): null

2019-11-21 18:31:06 - [TEST_STEP][PASSED] - println(colorOptions.size()): null

2019-11-21 18:31:06 - [TEST_STEP][PASSED] - expectedColour = findTestData("productData").getValue("Color", row): null

2019-11-21 18:31:06 - [TEST_STEP][PASSED] - println("expected colour is"): null

2019-11-21 18:31:06 - [TEST_STEP][PASSED] - println(expectedColour): null

2019-11-21 18:31:06 - [TEST_STEP][PASSED] - colourVerified = false: null

2019-11-21 18:31:06 - [TEST_STEP][PASSED] - for (org.openqa.selenium.WebElement op : colorOptions): null

2019-11-21 18:31:06 - [TEST_STEP][PASSED] - println(op.getText()): null

2019-11-21 18:31:06 - [TEST_STEP][PASSED] - if (expectedColour.equalsIgnoreCase(op.getText())): null

2019-11-21 18:31:06 - [TEST_STEP][PASSED] - colourVerified = true: null

2019-11-21 18:31:06 - [TEST_STEP][PASSED] - break: null

2019-11-21 18:31:06 - [TEST_STEP][PASSED] - sa.assertTrue(colourVerified): null

2019-11-21 18:31:06 - [TEST_STEP][PASSED] - getPrice = getText(findTestObject("Page_cabi Order Items/GetAttribute_Price")): Text of object 'Object Repository/Page_cabi Order Items/GetAttribute_Price' is: 'Price : £129.00'

2019-11-21 18:31:07 - [MESSAGE][PASSED] - Text of object 'Object Repository/Page_cabi Order Items/GetAttribute_Price' is: 'Price : £129.00'

2019-11-21 18:31:07 - [TEST_STEP][PASSED] - Split_Data = UtilityMethods.SplitData(getPrice): null

2019-11-21 18:31:07 - [TEST_STEP][PASSED] - verifyMatch(Split_Data, findTestData("productData").getValue("Retail", row), true, CONTINUE_ON_FAILURE): Actual text '129' and expected text '129' are matched  using regular expression

2019-11-21 18:31:07 - [MESSAGE][PASSED] - Actual text '129' and expected text '129' are matched  using regular expression

2019-11-21 18:31:07 - [TEST_STEP][PASSED] - sizeRange1 = ["XXS", "XS", "S", "M", "L", "XL", "XXL"]: null

2019-11-21 18:31:07 - [TEST_STEP][PASSED] - sizeRange2 = ["00", "0", "2", "4", "6", "8", "10", "12", "14", "16"]: null

2019-11-21 18:31:07 - [TEST_STEP][PASSED] - sizeRange3 = ["Long", "Regular", "Short"]: null

2019-11-21 18:31:07 - [TEST_STEP][PASSED] - sizeRange4 = ["5", "6", "6.5", "7", "7.5", "8", "8.5", "9", "9.5", "10", "11"]: null

2019-11-21 18:31:07 - [TEST_STEP][PASSED] - sizeRange5 = ["XS/S", "M/L"]: null

2019-11-21 18:31:07 - [TEST_STEP][PASSED] - sizeRange6 = ["One Size"]: null

2019-11-21 18:31:07 - [TEST_STEP][PASSED] - sizeRangeSplit = UtilityMethods.SplitSizes(findTestData("productData").getValue("SzRange", row)): null

2019-11-21 18:31:07 - [TEST_STEP][PASSED] - sizeType = getText(findTestObject("Object Repository/Page_cabi Order Items/Size")): Text of object 'Object Repository/Page_cabi Order Items/Size' is: 'Select'

2019-11-21 18:31:07 - [MESSAGE][PASSED] - Text of object 'Object Repository/Page_cabi Order Items/Size' is: 'Select'

2019-11-21 18:31:07 - [TEST_STEP][PASSED] - sizeOptions = findWebElements(findTestObject("Object Repository/Page_cabi Order Items/Size"), 5): null

2019-11-21 18:31:07 - [TEST_STEP][PASSED] - actualRange = new java.util.ArrayList(): null

2019-11-21 18:31:07 - [TEST_STEP][PASSED] - expectedRange = <not implemented yet for class: org.codehaus.groovy.ast.expr.EmptyExpression>: null

2019-11-21 18:31:07 - [TEST_STEP][PASSED] - if (sizeType.equalsIgnoreCase("Select")): null

2019-11-21 18:31:07 - [TEST_STEP][PASSED] - for ([i = 1, i < sizeOptions.size(), (i++)]): null

2019-11-21 18:31:07 - [TEST_STEP][PASSED] - actualRange.add(getAttribute("value").toString()): null

2019-11-21 18:31:07 - [TEST_STEP][PASSED] - actualRange.add(getAttribute("value").toString()): null

2019-11-21 18:31:07 - [TEST_STEP][PASSED] - actualRange.add(getAttribute("value").toString()): null

2019-11-21 18:31:07 - [TEST_STEP][PASSED] - actualRange.add(getAttribute("value").toString()): null

2019-11-21 18:31:07 - [TEST_STEP][PASSED] - actualRange.add(getAttribute("value").toString()): null

2019-11-21 18:31:07 - [TEST_STEP][PASSED] - actualRange.add(getAttribute("value").toString()): null

2019-11-21 18:31:07 - [TEST_STEP][PASSED] - actualRange.add(getAttribute("value").toString()): null

2019-11-21 18:31:07 - [TEST_STEP][PASSED] - actualRange.add(getAttribute("value").toString()): null

2019-11-21 18:31:07 - [TEST_STEP][PASSED] - actualRange.add(getAttribute("value").toString()): null

2019-11-21 18:31:07 - [TEST_STEP][PASSED] - if (toString().equalsIgnoreCase("XS") || toString().equalsIgnoreCase("XXS")): null

2019-11-21 18:31:07 - [TEST_STEP][PASSED] - else if (toString().equalsIgnoreCase("00") || toString().equalsIgnoreCase("0")): null

2019-11-21 18:31:07 - [TEST_STEP][PASSED] - expectedRange = UtilityMethods.getExpectedRange(sizeRange2, sizeRangeSplit): null

2019-11-21 18:31:07 - [TEST_STEP][PASSED] - println("00"): null

2019-11-21 18:31:07 - [TEST_STEP][PASSED] - println(expectedRange.toString()): null

2019-11-21 18:31:07 - [TEST_STEP][PASSED] - sa.assertTrue(UtilityMethods.listEquals(expectedRange, actualRange)): null

2019-11-21 18:31:07 - [TEST_STEP][PASSED] - delay(2): Delayed 2 second(s)

2019-11-21 18:31:09 - [MESSAGE][PASSED] - Delayed 2 second(s)

2019-11-21 18:31:09 - [TEST_STEP][PASSED] - verifyElementText(findTestObject("Page_cabi Order Items/product_title"), findTestData("productData").getValue("Description", row), CONTINUE_ON_FAILURE): Actual text and expected text of test object 'Object Repository/Page_cabi Order Items/product_title' are matched.

2019-11-21 18:31:09 - [MESSAGE][PASSED] - Actual text and expected text of test object 'Object Repository/Page_cabi Order Items/product_title' are matched.

2019-11-21 18:31:09 - [TEST_STEP][PASSED] - finalContent = findTestData("productData").getValue("FinalContent", row): null

2019-11-21 18:31:09 - [TEST_STEP][PASSED] - if (finalContent.equalsIgnoreCase("")): null

2019-11-21 18:31:09 - [TEST_STEP][PASSED] - else: Actual text and expected text of test object 'Object Repository/Page_cabi Order Items/product_fabric' are matched.

2019-11-21 18:31:09 - [TEST_STEP][PASSED] - verifyElementText(findTestObject("Page_cabi Order Items/product_fabric"), finalContent, CONTINUE_ON_FAILURE): Actual text and expected text of test object 'Object Repository/Page_cabi Order Items/product_fabric' are matched.

2019-11-21 18:31:09 - [MESSAGE][PASSED] - Actual text and expected text of test object 'Object Repository/Page_cabi Order Items/product_fabric' are matched.

2019-11-21 18:31:09 - [TEST_STEP][PASSED] - expectedCasreIntrn = findTestData("productData").getValue("CareInstr", row): null

2019-11-21 18:31:10 - [TEST_STEP][PASSED] - if (expectedCasreIntrn.equalsIgnoreCase("")): null

2019-11-21 18:31:10 - [TEST_STEP][PASSED] - else: null

2019-11-21 18:31:10 - [TEST_STEP][PASSED] - actualCasreIntrn = "<div>" + getText(findTestObject("Page_cabi Order Items/care_instruction")) + "</div>": Text of object 'Object Repository/Page_cabi Order Items/care_instruction' is: 'Dry clean for best results. Can be machine washed in a mesh bag in cold water on the delicate cycle. Only non-chlorine bleach if needed. Lay flat to dry. Steam iron only if needed.'

2019-11-21 18:31:10 - [MESSAGE][PASSED] - Text of object 'Object Repository/Page_cabi Order Items/care_instruction' is: 'Dry clean for best results. Can be machine washed in a mesh bag in cold water on the delicate cycle. Only non-chlorine bleach if needed. Lay flat to dry. Steam iron only if needed.'

2019-11-21 18:31:10 - [TEST_STEP][PASSED] - sa.assertTrue(actualCasreIntrn.equals(expectedCasreIntrn)): null

2019-11-21 18:31:10 - [TEST_STEP][PASSED] - delay(5): Delayed 5 second(s)

2019-11-21 18:31:15 - [MESSAGE][PASSED] - Delayed 5 second(s)

2019-11-21 18:31:15 - [TEST_STEP][PASSED] - sa = new org.testng.asserts.SoftAssert(): null

2019-11-21 18:31:15 - [TEST_STEP][PASSED] - styleid_data = findTestData("productData").getValue("Style", row): null

2019-11-21 18:31:15 - [TEST_STEP][PASSED] - println(styleid_data): null

2019-11-21 18:31:15 - [TEST_STEP][PASSED] - by = By.xpath("//input[@name='style']"): null

2019-11-21 18:31:15 - [TEST_STEP][PASSED] - styleWe = UtilityMethods.getElementByLocator(by, driver): null

2019-11-21 18:31:15 - [TEST_STEP][PASSED] - to = UtilityMethods.fromElement(styleWe): null

2019-11-21 18:31:15 - [TEST_STEP][PASSED] - println("******************+++++++++++++++++++**********************************************"): null

2019-11-21 18:31:15 - [TEST_STEP][PASSED] - setText(to, styleid_data): Text '5657' is set on object ''

2019-11-21 18:31:15 - [MESSAGE][PASSED] - Text '5657' is set on object ''

2019-11-21 18:31:15 - [TEST_STEP][PASSED] - sendKeys(to, Keys.chord(ENTER)): Keys 'ENTER + ' sent to object: ''

2019-11-21 18:31:15 - [MESSAGE][PASSED] - Keys 'ENTER + ' sent to object: ''

2019-11-21 18:31:15 - [TEST_STEP][PASSED] - delay(2): Delayed 2 second(s)

2019-11-21 18:31:17 - [MESSAGE][PASSED] - Delayed 2 second(s)

2019-11-21 18:31:17 - [TEST_STEP][PASSED] - if (toString().equalsIgnoreCase("no")): null

2019-11-21 18:31:17 - [TEST_STEP][PASSED] - else: null

2019-11-21 18:31:17 - [TEST_STEP][PASSED] - click(findTestObject("Page_cabi Order Items/li_order_item")): Object: 'Object Repository/Page_cabi Order Items/li_order_item' is clicked on

2019-11-21 18:31:23 - [MESSAGE][PASSED] - Object: 'Object Repository/Page_cabi Order Items/li_order_item' is clicked on

2019-11-21 18:31:23 - [TEST_STEP][PASSED] - delay(5): Delayed 5 second(s)

2019-11-21 18:31:28 - [MESSAGE][PASSED] - Delayed 5 second(s)

2019-11-21 18:31:28 - [TEST_STEP][PASSED] - imagePath = UtilityMethods.createScreenshotImagePath(storeType, styleid_data): null

2019-11-21 18:31:28 - [TEST_STEP][PASSED] - println(imagePath): null

2019-11-21 18:31:28 - [TEST_STEP][PASSED] - takeScreenshot(imagePath): Taking screenshot successfully

2019-11-21 18:31:28 - [MESSAGE][PASSED] - Taking screenshot successfully
[[ATTACHMENT|C:\\Users\\user\\Documents\\testautomation\\KatalonProjects\\productImages\\BOPersonal_5657 image.png]]

2019-11-21 18:31:28 - [TEST_STEP][PASSED] - verifyElementText(findTestObject("Page_cabi Order Items/GetAttribute_getID"), styleid_data, CONTINUE_ON_FAILURE): Actual text and expected text of test object 'Object Repository/Page_cabi Order Items/GetAttribute_getID' are matched.

2019-11-21 18:31:29 - [MESSAGE][PASSED] - Actual text and expected text of test object 'Object Repository/Page_cabi Order Items/GetAttribute_getID' are matched.

2019-11-21 18:31:29 - [TEST_STEP][PASSED] - colorOptions = findWebElements(findTestObject("Page_cabi Order Items/GetAttribute_Color"), 5): null

2019-11-21 18:31:29 - [TEST_STEP][PASSED] - println(colorOptions.size()): null

2019-11-21 18:31:29 - [TEST_STEP][PASSED] - expectedColour = findTestData("productData").getValue("Color", row): null

2019-11-21 18:31:29 - [TEST_STEP][PASSED] - println("expected colour is"): null

2019-11-21 18:31:29 - [TEST_STEP][PASSED] - println(expectedColour): null

2019-11-21 18:31:29 - [TEST_STEP][PASSED] - colourVerified = false: null

2019-11-21 18:31:29 - [TEST_STEP][PASSED] - for (org.openqa.selenium.WebElement op : colorOptions): null

2019-11-21 18:31:29 - [TEST_STEP][PASSED] - println(op.getText()): null

2019-11-21 18:31:29 - [TEST_STEP][PASSED] - if (expectedColour.equalsIgnoreCase(op.getText())): null

2019-11-21 18:31:29 - [TEST_STEP][PASSED] - println(op.getText()): null

2019-11-21 18:31:29 - [TEST_STEP][PASSED] - if (expectedColour.equalsIgnoreCase(op.getText())): null

2019-11-21 18:31:29 - [TEST_STEP][PASSED] - colourVerified = true: null

2019-11-21 18:31:29 - [TEST_STEP][PASSED] - break: null

2019-11-21 18:31:29 - [TEST_STEP][PASSED] - sa.assertTrue(colourVerified): null

2019-11-21 18:31:29 - [TEST_STEP][PASSED] - getPrice = getText(findTestObject("Page_cabi Order Items/GetAttribute_Price")): Text of object 'Object Repository/Page_cabi Order Items/GetAttribute_Price' is: 'Price : £99.00'

2019-11-21 18:31:29 - [MESSAGE][PASSED] - Text of object 'Object Repository/Page_cabi Order Items/GetAttribute_Price' is: 'Price : £99.00'

2019-11-21 18:31:29 - [TEST_STEP][PASSED] - Split_Data = UtilityMethods.SplitData(getPrice): null

2019-11-21 18:31:29 - [TEST_STEP][PASSED] - verifyMatch(Split_Data, findTestData("productData").getValue("Retail", row), true, CONTINUE_ON_FAILURE): Actual text '99' and expected text '99' are matched  using regular expression

2019-11-21 18:31:29 - [MESSAGE][PASSED] - Actual text '99' and expected text '99' are matched  using regular expression

2019-11-21 18:31:29 - [TEST_STEP][PASSED] - sizeRange1 = ["XXS", "XS", "S", "M", "L", "XL", "XXL"]: null

2019-11-21 18:31:29 - [TEST_STEP][PASSED] - sizeRange2 = ["00", "0", "2", "4", "6", "8", "10", "12", "14", "16"]: null

2019-11-21 18:31:29 - [TEST_STEP][PASSED] - sizeRange3 = ["Long", "Regular", "Short"]: null

2019-11-21 18:31:29 - [TEST_STEP][PASSED] - sizeRange4 = ["5", "6", "6.5", "7", "7.5", "8", "8.5", "9", "9.5", "10", "11"]: null

2019-11-21 18:31:29 - [TEST_STEP][PASSED] - sizeRange5 = ["XS/S", "M/L"]: null

2019-11-21 18:31:29 - [TEST_STEP][PASSED] - sizeRange6 = ["One Size"]: null

2019-11-21 18:31:29 - [TEST_STEP][PASSED] - sizeRangeSplit = UtilityMethods.SplitSizes(findTestData("productData").getValue("SzRange", row)): null

2019-11-21 18:31:29 - [TEST_STEP][PASSED] - sizeType = getText(findTestObject("Object Repository/Page_cabi Order Items/Size")): Text of object 'Object Repository/Page_cabi Order Items/Size' is: 'N/A'

2019-11-21 18:31:29 - [MESSAGE][PASSED] - Text of object 'Object Repository/Page_cabi Order Items/Size' is: 'N/A'

2019-11-21 18:31:29 - [TEST_STEP][PASSED] - sizeOptions = findWebElements(findTestObject("Object Repository/Page_cabi Order Items/Size"), 5): null

2019-11-21 18:31:29 - [TEST_STEP][PASSED] - actualRange = new java.util.ArrayList(): null

2019-11-21 18:31:29 - [TEST_STEP][PASSED] - expectedRange = <not implemented yet for class: org.codehaus.groovy.ast.expr.EmptyExpression>: null

2019-11-21 18:31:29 - [TEST_STEP][PASSED] - if (sizeType.equalsIgnoreCase("Select")): null

2019-11-21 18:31:29 - [TEST_STEP][PASSED] - else: null

2019-11-21 18:31:29 - [TEST_STEP][PASSED] - sa.assertTrue(sizeType.equalsIgnoreCase("N/A") || sizeType.equalsIgnoreCase(sizeRangeSplit[0])): null

2019-11-21 18:31:29 - [TEST_STEP][PASSED] - delay(2): Delayed 2 second(s)

2019-11-21 18:31:31 - [MESSAGE][PASSED] - Delayed 2 second(s)

2019-11-21 18:31:31 - [TEST_STEP][PASSED] - verifyElementText(findTestObject("Page_cabi Order Items/product_title"), findTestData("productData").getValue("Description", row), CONTINUE_ON_FAILURE): Actual text and expected text of test object 'Object Repository/Page_cabi Order Items/product_title' are matched.

2019-11-21 18:31:31 - [MESSAGE][PASSED] - Actual text and expected text of test object 'Object Repository/Page_cabi Order Items/product_title' are matched.

2019-11-21 18:31:31 - [TEST_STEP][PASSED] - finalContent = findTestData("productData").getValue("FinalContent", row): null

2019-11-21 18:31:31 - [TEST_STEP][PASSED] - if (finalContent.equalsIgnoreCase("")): null

2019-11-21 18:31:31 - [TEST_STEP][PASSED] - else: Actual text and expected text of test object 'Object Repository/Page_cabi Order Items/product_fabric' are matched.

2019-11-21 18:31:31 - [TEST_STEP][PASSED] - verifyElementText(findTestObject("Page_cabi Order Items/product_fabric"), finalContent, CONTINUE_ON_FAILURE): Actual text and expected text of test object 'Object Repository/Page_cabi Order Items/product_fabric' are matched.

2019-11-21 18:31:32 - [MESSAGE][PASSED] - Actual text and expected text of test object 'Object Repository/Page_cabi Order Items/product_fabric' are matched.

2019-11-21 18:31:32 - [TEST_STEP][PASSED] - expectedCasreIntrn = findTestData("productData").getValue("CareInstr", row): null

2019-11-21 18:31:32 - [TEST_STEP][PASSED] - if (expectedCasreIntrn.equalsIgnoreCase("")): null

2019-11-21 18:31:32 - [TEST_STEP][PASSED] - else: null

2019-11-21 18:31:32 - [TEST_STEP][PASSED] - actualCasreIntrn = "<div>" + getText(findTestObject("Page_cabi Order Items/care_instruction")) + "</div>": Text of object 'Object Repository/Page_cabi Order Items/care_instruction' is: 'Turn garment inside out and place in a mesh bag. Machine wash separately in cold water on the delicate cycle. Only non-chlorine bleach if needed. Do not twist or wring. Lay flat to dry. Warm iron if needed. Can be dry cleaned.'

2019-11-21 18:31:32 - [MESSAGE][PASSED] - Text of object 'Object Repository/Page_cabi Order Items/care_instruction' is: 'Turn garment inside out and place in a mesh bag. Machine wash separately in cold water on the delicate cycle. Only non-chlorine bleach if needed. Do not twist or wring. Lay flat to dry. Warm iron if needed. Can be dry cleaned.'

2019-11-21 18:31:32 - [TEST_STEP][PASSED] - sa.assertTrue(actualCasreIntrn.equals(expectedCasreIntrn)): null

2019-11-21 18:31:32 - [TEST_STEP][PASSED] - delay(5): Delayed 5 second(s)

2019-11-21 18:31:37 - [MESSAGE][PASSED] - Delayed 5 second(s)

2019-11-21 18:31:37 - [TEST_STEP][PASSED] - sa = new org.testng.asserts.SoftAssert(): null

2019-11-21 18:31:37 - [TEST_STEP][PASSED] - styleid_data = findTestData("productData").getValue("Style", row): null

2019-11-21 18:31:37 - [TEST_STEP][PASSED] - println(styleid_data): null

2019-11-21 18:31:37 - [TEST_STEP][PASSED] - by = By.xpath("//input[@name='style']"): null

2019-11-21 18:31:37 - [TEST_STEP][PASSED] - styleWe = UtilityMethods.getElementByLocator(by, driver): null

2019-11-21 18:31:37 - [TEST_STEP][PASSED] - to = UtilityMethods.fromElement(styleWe): null

2019-11-21 18:31:37 - [TEST_STEP][PASSED] - println("******************+++++++++++++++++++**********************************************"): null

2019-11-21 18:31:37 - [TEST_STEP][PASSED] - setText(to, styleid_data): Text '5658' is set on object ''

2019-11-21 18:31:37 - [MESSAGE][PASSED] - Text '5658' is set on object ''

2019-11-21 18:31:37 - [TEST_STEP][PASSED] - sendKeys(to, Keys.chord(ENTER)): Keys 'ENTER + ' sent to object: ''

2019-11-21 18:31:37 - [MESSAGE][PASSED] - Keys 'ENTER + ' sent to object: ''

2019-11-21 18:31:37 - [TEST_STEP][PASSED] - delay(2): Delayed 2 second(s)

2019-11-21 18:31:39 - [MESSAGE][PASSED] - Delayed 2 second(s)

2019-11-21 18:31:39 - [TEST_STEP][PASSED] - if (toString().equalsIgnoreCase("no")): null

2019-11-21 18:31:39 - [TEST_STEP][PASSED] - else: null

2019-11-21 18:31:39 - [TEST_STEP][PASSED] - click(findTestObject("Page_cabi Order Items/li_order_item")): Object: 'Object Repository/Page_cabi Order Items/li_order_item' is clicked on

2019-11-21 18:31:45 - [MESSAGE][PASSED] - Object: 'Object Repository/Page_cabi Order Items/li_order_item' is clicked on

2019-11-21 18:31:45 - [TEST_STEP][PASSED] - delay(5): Delayed 5 second(s)

2019-11-21 18:31:50 - [MESSAGE][PASSED] - Delayed 5 second(s)

2019-11-21 18:31:50 - [TEST_STEP][PASSED] - imagePath = UtilityMethods.createScreenshotImagePath(storeType, styleid_data): null

2019-11-21 18:31:50 - [TEST_STEP][PASSED] - println(imagePath): null

2019-11-21 18:31:50 - [TEST_STEP][PASSED] - takeScreenshot(imagePath): Taking screenshot successfully

2019-11-21 18:31:50 - [MESSAGE][PASSED] - Taking screenshot successfully
[[ATTACHMENT|C:\\Users\\user\\Documents\\testautomation\\KatalonProjects\\productImages\\BOPersonal_5658 image.png]]

2019-11-21 18:31:50 - [TEST_STEP][PASSED] - verifyElementText(findTestObject("Page_cabi Order Items/GetAttribute_getID"), styleid_data, CONTINUE_ON_FAILURE): Actual text and expected text of test object 'Object Repository/Page_cabi Order Items/GetAttribute_getID' are matched.

2019-11-21 18:31:51 - [MESSAGE][PASSED] - Actual text and expected text of test object 'Object Repository/Page_cabi Order Items/GetAttribute_getID' are matched.

2019-11-21 18:31:51 - [TEST_STEP][PASSED] - colorOptions = findWebElements(findTestObject("Page_cabi Order Items/GetAttribute_Color"), 5): null

2019-11-21 18:31:51 - [TEST_STEP][PASSED] - println(colorOptions.size()): null

2019-11-21 18:31:51 - [TEST_STEP][PASSED] - expectedColour = findTestData("productData").getValue("Color", row): null

2019-11-21 18:31:51 - [TEST_STEP][PASSED] - println("expected colour is"): null

2019-11-21 18:31:51 - [TEST_STEP][PASSED] - println(expectedColour): null

2019-11-21 18:31:51 - [TEST_STEP][PASSED] - colourVerified = false: null

2019-11-21 18:31:51 - [TEST_STEP][PASSED] - for (org.openqa.selenium.WebElement op : colorOptions): null

2019-11-21 18:31:51 - [TEST_STEP][PASSED] - println(op.getText()): null

2019-11-21 18:31:51 - [TEST_STEP][PASSED] - if (expectedColour.equalsIgnoreCase(op.getText())): null

2019-11-21 18:31:51 - [TEST_STEP][PASSED] - colourVerified = true: null

2019-11-21 18:31:51 - [TEST_STEP][PASSED] - break: null

2019-11-21 18:31:51 - [TEST_STEP][PASSED] - sa.assertTrue(colourVerified): null

2019-11-21 18:31:51 - [TEST_STEP][PASSED] - getPrice = getText(findTestObject("Page_cabi Order Items/GetAttribute_Price")): Text of object 'Object Repository/Page_cabi Order Items/GetAttribute_Price' is: 'Price : £136.00'

2019-11-21 18:31:51 - [MESSAGE][PASSED] - Text of object 'Object Repository/Page_cabi Order Items/GetAttribute_Price' is: 'Price : £136.00'

2019-11-21 18:31:51 - [TEST_STEP][PASSED] - Split_Data = UtilityMethods.SplitData(getPrice): null

2019-11-21 18:31:51 - [TEST_STEP][PASSED] - verifyMatch(Split_Data, findTestData("productData").getValue("Retail", row), true, CONTINUE_ON_FAILURE): Actual text '136' and expected text '136' are matched  using regular expression

2019-11-21 18:31:51 - [MESSAGE][PASSED] - Actual text '136' and expected text '136' are matched  using regular expression

2019-11-21 18:31:51 - [TEST_STEP][PASSED] - sizeRange1 = ["XXS", "XS", "S", "M", "L", "XL", "XXL"]: null

2019-11-21 18:31:51 - [TEST_STEP][PASSED] - sizeRange2 = ["00", "0", "2", "4", "6", "8", "10", "12", "14", "16"]: null

2019-11-21 18:31:51 - [TEST_STEP][PASSED] - sizeRange3 = ["Long", "Regular", "Short"]: null

2019-11-21 18:31:51 - [TEST_STEP][PASSED] - sizeRange4 = ["5", "6", "6.5", "7", "7.5", "8", "8.5", "9", "9.5", "10", "11"]: null

2019-11-21 18:31:51 - [TEST_STEP][PASSED] - sizeRange5 = ["XS/S", "M/L"]: null

2019-11-21 18:31:51 - [TEST_STEP][PASSED] - sizeRange6 = ["One Size"]: null

2019-11-21 18:31:51 - [TEST_STEP][PASSED] - sizeRangeSplit = UtilityMethods.SplitSizes(findTestData("productData").getValue("SzRange", row)): null

2019-11-21 18:31:51 - [TEST_STEP][PASSED] - sizeType = getText(findTestObject("Object Repository/Page_cabi Order Items/Size")): Text of object 'Object Repository/Page_cabi Order Items/Size' is: 'Select'

2019-11-21 18:31:51 - [MESSAGE][PASSED] - Text of object 'Object Repository/Page_cabi Order Items/Size' is: 'Select'

2019-11-21 18:31:51 - [TEST_STEP][PASSED] - sizeOptions = findWebElements(findTestObject("Object Repository/Page_cabi Order Items/Size"), 5): null

2019-11-21 18:31:51 - [TEST_STEP][PASSED] - actualRange = new java.util.ArrayList(): null

2019-11-21 18:31:51 - [TEST_STEP][PASSED] - expectedRange = <not implemented yet for class: org.codehaus.groovy.ast.expr.EmptyExpression>: null

2019-11-21 18:31:51 - [TEST_STEP][PASSED] - if (sizeType.equalsIgnoreCase("Select")): null

2019-11-21 18:31:51 - [TEST_STEP][PASSED] - for ([i = 1, i < sizeOptions.size(), (i++)]): null

2019-11-21 18:31:51 - [TEST_STEP][PASSED] - actualRange.add(getAttribute("value").toString()): null

2019-11-21 18:31:51 - [TEST_STEP][PASSED] - actualRange.add(getAttribute("value").toString()): null

2019-11-21 18:31:51 - [TEST_STEP][PASSED] - actualRange.add(getAttribute("value").toString()): null

2019-11-21 18:31:51 - [TEST_STEP][PASSED] - actualRange.add(getAttribute("value").toString()): null

2019-11-21 18:31:51 - [TEST_STEP][PASSED] - actualRange.add(getAttribute("value").toString()): null

2019-11-21 18:31:51 - [TEST_STEP][PASSED] - actualRange.add(getAttribute("value").toString()): null

2019-11-21 18:31:51 - [TEST_STEP][PASSED] - if (toString().equalsIgnoreCase("XS") || toString().equalsIgnoreCase("XXS")): null

2019-11-21 18:31:51 - [TEST_STEP][PASSED] - expectedRange = UtilityMethods.getExpectedRange(sizeRange1, sizeRangeSplit): null

2019-11-21 18:31:51 - [TEST_STEP][PASSED] - println("XS"): null

2019-11-21 18:31:51 - [TEST_STEP][PASSED] - println(expectedRange.toString()): null

2019-11-21 18:31:51 - [TEST_STEP][PASSED] - sa.assertTrue(UtilityMethods.listEquals(expectedRange, actualRange)): null

2019-11-21 18:31:51 - [TEST_STEP][PASSED] - delay(2): Delayed 2 second(s)

2019-11-21 18:31:53 - [MESSAGE][PASSED] - Delayed 2 second(s)

2019-11-21 18:31:53 - [TEST_STEP][PASSED] - verifyElementText(findTestObject("Page_cabi Order Items/product_title"), findTestData("productData").getValue("Description", row), CONTINUE_ON_FAILURE): Actual text and expected text of test object 'Object Repository/Page_cabi Order Items/product_title' are matched.

2019-11-21 18:31:53 - [MESSAGE][PASSED] - Actual text and expected text of test object 'Object Repository/Page_cabi Order Items/product_title' are matched.

2019-11-21 18:31:53 - [TEST_STEP][PASSED] - finalContent = findTestData("productData").getValue("FinalContent", row): null

2019-11-21 18:31:54 - [TEST_STEP][PASSED] - if (finalContent.equalsIgnoreCase("")): null

2019-11-21 18:31:54 - [TEST_STEP][PASSED] - else: Actual text and expected text of test object 'Object Repository/Page_cabi Order Items/product_fabric' are matched.

2019-11-21 18:31:54 - [TEST_STEP][PASSED] - verifyElementText(findTestObject("Page_cabi Order Items/product_fabric"), finalContent, CONTINUE_ON_FAILURE): Actual text and expected text of test object 'Object Repository/Page_cabi Order Items/product_fabric' are matched.

2019-11-21 18:31:54 - [MESSAGE][PASSED] - Actual text and expected text of test object 'Object Repository/Page_cabi Order Items/product_fabric' are matched.

2019-11-21 18:31:54 - [TEST_STEP][PASSED] - expectedCasreIntrn = findTestData("productData").getValue("CareInstr", row): null

2019-11-21 18:31:54 - [TEST_STEP][PASSED] - if (expectedCasreIntrn.equalsIgnoreCase("")): null

2019-11-21 18:31:54 - [TEST_STEP][PASSED] - else: null

2019-11-21 18:31:54 - [TEST_STEP][PASSED] - actualCasreIntrn = "<div>" + getText(findTestObject("Page_cabi Order Items/care_instruction")) + "</div>": Text of object 'Object Repository/Page_cabi Order Items/care_instruction' is: 'Turn garment inside out and place in a mesh bag. Machine wash separately in cold water on the delicate cycle. Only non-chlorine bleach if needed. Do not twist or wring. Lay flat to dry. Warm iron if needed. Can be dry cleaned.'

2019-11-21 18:31:54 - [MESSAGE][PASSED] - Text of object 'Object Repository/Page_cabi Order Items/care_instruction' is: 'Turn garment inside out and place in a mesh bag. Machine wash separately in cold water on the delicate cycle. Only non-chlorine bleach if needed. Do not twist or wring. Lay flat to dry. Warm iron if needed. Can be dry cleaned.'

2019-11-21 18:31:54 - [TEST_STEP][PASSED] - sa.assertTrue(actualCasreIntrn.equals(expectedCasreIntrn)): null

2019-11-21 18:31:54 - [TEST_STEP][PASSED] - delay(5): Delayed 5 second(s)

2019-11-21 18:31:59 - [MESSAGE][PASSED] - Delayed 5 second(s)

2019-11-21 18:31:59 - [TEST_STEP][PASSED] - sa = new org.testng.asserts.SoftAssert(): null

2019-11-21 18:31:59 - [TEST_STEP][PASSED] - styleid_data = findTestData("productData").getValue("Style", row): null

2019-11-21 18:31:59 - [TEST_STEP][PASSED] - println(styleid_data): null

2019-11-21 18:31:59 - [TEST_STEP][PASSED] - by = By.xpath("//input[@name='style']"): null

2019-11-21 18:31:59 - [TEST_STEP][PASSED] - styleWe = UtilityMethods.getElementByLocator(by, driver): null

2019-11-21 18:31:59 - [TEST_STEP][PASSED] - to = UtilityMethods.fromElement(styleWe): null

2019-11-21 18:31:59 - [TEST_STEP][PASSED] - println("******************+++++++++++++++++++**********************************************"): null

2019-11-21 18:31:59 - [TEST_STEP][PASSED] - setText(to, styleid_data): Text '5659' is set on object ''

2019-11-21 18:31:59 - [MESSAGE][PASSED] - Text '5659' is set on object ''

2019-11-21 18:31:59 - [TEST_STEP][PASSED] - sendKeys(to, Keys.chord(ENTER)): Keys 'ENTER + ' sent to object: ''

2019-11-21 18:31:59 - [MESSAGE][PASSED] - Keys 'ENTER + ' sent to object: ''

2019-11-21 18:31:59 - [TEST_STEP][PASSED] - delay(2): Delayed 2 second(s)

2019-11-21 18:32:01 - [MESSAGE][PASSED] - Delayed 2 second(s)

2019-11-21 18:32:01 - [TEST_STEP][PASSED] - if (toString().equalsIgnoreCase("no")): null

2019-11-21 18:32:01 - [TEST_STEP][PASSED] - else: null

2019-11-21 18:32:01 - [TEST_STEP][PASSED] - click(findTestObject("Page_cabi Order Items/li_order_item")): Object: 'Object Repository/Page_cabi Order Items/li_order_item' is clicked on

2019-11-21 18:32:07 - [MESSAGE][PASSED] - Object: 'Object Repository/Page_cabi Order Items/li_order_item' is clicked on

2019-11-21 18:32:07 - [TEST_STEP][PASSED] - delay(5): Delayed 5 second(s)

2019-11-21 18:32:12 - [MESSAGE][PASSED] - Delayed 5 second(s)

2019-11-21 18:32:12 - [TEST_STEP][PASSED] - imagePath = UtilityMethods.createScreenshotImagePath(storeType, styleid_data): null

2019-11-21 18:32:12 - [TEST_STEP][PASSED] - println(imagePath): null

2019-11-21 18:32:12 - [TEST_STEP][PASSED] - takeScreenshot(imagePath): Taking screenshot successfully

2019-11-21 18:32:13 - [MESSAGE][PASSED] - Taking screenshot successfully
[[ATTACHMENT|C:\\Users\\user\\Documents\\testautomation\\KatalonProjects\\productImages\\BOPersonal_5659 image.png]]

2019-11-21 18:32:13 - [TEST_STEP][PASSED] - verifyElementText(findTestObject("Page_cabi Order Items/GetAttribute_getID"), styleid_data, CONTINUE_ON_FAILURE): Actual text and expected text of test object 'Object Repository/Page_cabi Order Items/GetAttribute_getID' are matched.

2019-11-21 18:32:13 - [MESSAGE][PASSED] - Actual text and expected text of test object 'Object Repository/Page_cabi Order Items/GetAttribute_getID' are matched.

2019-11-21 18:32:13 - [TEST_STEP][PASSED] - colorOptions = findWebElements(findTestObject("Page_cabi Order Items/GetAttribute_Color"), 5): null

2019-11-21 18:32:13 - [TEST_STEP][PASSED] - println(colorOptions.size()): null

2019-11-21 18:32:13 - [TEST_STEP][PASSED] - expectedColour = findTestData("productData").getValue("Color", row): null

2019-11-21 18:32:13 - [TEST_STEP][PASSED] - println("expected colour is"): null

2019-11-21 18:32:13 - [TEST_STEP][PASSED] - println(expectedColour): null

2019-11-21 18:32:13 - [TEST_STEP][PASSED] - colourVerified = false: null

2019-11-21 18:32:13 - [TEST_STEP][PASSED] - for (org.openqa.selenium.WebElement op : colorOptions): null

2019-11-21 18:32:13 - [TEST_STEP][PASSED] - println(op.getText()): null

2019-11-21 18:32:13 - [TEST_STEP][PASSED] - if (expectedColour.equalsIgnoreCase(op.getText())): null

2019-11-21 18:32:13 - [TEST_STEP][PASSED] - colourVerified = true: null

2019-11-21 18:32:13 - [TEST_STEP][PASSED] - break: null

2019-11-21 18:32:13 - [TEST_STEP][PASSED] - sa.assertTrue(colourVerified): null

2019-11-21 18:32:13 - [TEST_STEP][PASSED] - getPrice = getText(findTestObject("Page_cabi Order Items/GetAttribute_Price")): Text of object 'Object Repository/Page_cabi Order Items/GetAttribute_Price' is: 'Price : £124.00'

2019-11-21 18:32:13 - [MESSAGE][PASSED] - Text of object 'Object Repository/Page_cabi Order Items/GetAttribute_Price' is: 'Price : £124.00'

2019-11-21 18:32:13 - [TEST_STEP][PASSED] - Split_Data = UtilityMethods.SplitData(getPrice): null

2019-11-21 18:32:13 - [TEST_STEP][PASSED] - verifyMatch(Split_Data, findTestData("productData").getValue("Retail", row), true, CONTINUE_ON_FAILURE): Actual text '124' and expected text '124' are matched  using regular expression

2019-11-21 18:32:13 - [MESSAGE][PASSED] - Actual text '124' and expected text '124' are matched  using regular expression

2019-11-21 18:32:13 - [TEST_STEP][PASSED] - sizeRange1 = ["XXS", "XS", "S", "M", "L", "XL", "XXL"]: null

2019-11-21 18:32:13 - [TEST_STEP][PASSED] - sizeRange2 = ["00", "0", "2", "4", "6", "8", "10", "12", "14", "16"]: null

2019-11-21 18:32:13 - [TEST_STEP][PASSED] - sizeRange3 = ["Long", "Regular", "Short"]: null

2019-11-21 18:32:13 - [TEST_STEP][PASSED] - sizeRange4 = ["5", "6", "6.5", "7", "7.5", "8", "8.5", "9", "9.5", "10", "11"]: null

2019-11-21 18:32:13 - [TEST_STEP][PASSED] - sizeRange5 = ["XS/S", "M/L"]: null

2019-11-21 18:32:13 - [TEST_STEP][PASSED] - sizeRange6 = ["One Size"]: null

2019-11-21 18:32:13 - [TEST_STEP][PASSED] - sizeRangeSplit = UtilityMethods.SplitSizes(findTestData("productData").getValue("SzRange", row)): null

2019-11-21 18:32:13 - [TEST_STEP][PASSED] - sizeType = getText(findTestObject("Object Repository/Page_cabi Order Items/Size")): Text of object 'Object Repository/Page_cabi Order Items/Size' is: 'Select'

2019-11-21 18:32:13 - [MESSAGE][PASSED] - Text of object 'Object Repository/Page_cabi Order Items/Size' is: 'Select'

2019-11-21 18:32:13 - [TEST_STEP][PASSED] - sizeOptions = findWebElements(findTestObject("Object Repository/Page_cabi Order Items/Size"), 5): null

2019-11-21 18:32:13 - [TEST_STEP][PASSED] - actualRange = new java.util.ArrayList(): null

2019-11-21 18:32:13 - [TEST_STEP][PASSED] - expectedRange = <not implemented yet for class: org.codehaus.groovy.ast.expr.EmptyExpression>: null

2019-11-21 18:32:13 - [TEST_STEP][PASSED] - if (sizeType.equalsIgnoreCase("Select")): null

2019-11-21 18:32:13 - [TEST_STEP][PASSED] - for ([i = 1, i < sizeOptions.size(), (i++)]): null

2019-11-21 18:32:13 - [TEST_STEP][PASSED] - actualRange.add(getAttribute("value").toString()): null

2019-11-21 18:32:13 - [TEST_STEP][PASSED] - actualRange.add(getAttribute("value").toString()): null

2019-11-21 18:32:14 - [TEST_STEP][PASSED] - actualRange.add(getAttribute("value").toString()): null

2019-11-21 18:32:14 - [TEST_STEP][PASSED] - actualRange.add(getAttribute("value").toString()): null

2019-11-21 18:32:14 - [TEST_STEP][PASSED] - actualRange.add(getAttribute("value").toString()): null

2019-11-21 18:32:14 - [TEST_STEP][PASSED] - actualRange.add(getAttribute("value").toString()): null

2019-11-21 18:32:14 - [TEST_STEP][PASSED] - if (toString().equalsIgnoreCase("XS") || toString().equalsIgnoreCase("XXS")): null

2019-11-21 18:32:14 - [TEST_STEP][PASSED] - expectedRange = UtilityMethods.getExpectedRange(sizeRange1, sizeRangeSplit): null

2019-11-21 18:32:14 - [TEST_STEP][PASSED] - println("XS"): null

2019-11-21 18:32:14 - [TEST_STEP][PASSED] - println(expectedRange.toString()): null

2019-11-21 18:32:14 - [TEST_STEP][PASSED] - sa.assertTrue(UtilityMethods.listEquals(expectedRange, actualRange)): null

2019-11-21 18:32:14 - [TEST_STEP][PASSED] - delay(2): Delayed 2 second(s)

2019-11-21 18:32:16 - [MESSAGE][PASSED] - Delayed 2 second(s)

2019-11-21 18:32:16 - [TEST_STEP][PASSED] - verifyElementText(findTestObject("Page_cabi Order Items/product_title"), findTestData("productData").getValue("Description", row), CONTINUE_ON_FAILURE): Actual text and expected text of test object 'Object Repository/Page_cabi Order Items/product_title' are matched.

2019-11-21 18:32:16 - [MESSAGE][PASSED] - Actual text and expected text of test object 'Object Repository/Page_cabi Order Items/product_title' are matched.

2019-11-21 18:32:16 - [TEST_STEP][PASSED] - finalContent = findTestData("productData").getValue("FinalContent", row): null

2019-11-21 18:32:16 - [TEST_STEP][PASSED] - if (finalContent.equalsIgnoreCase("")): null

2019-11-21 18:32:16 - [TEST_STEP][PASSED] - else: Actual text and expected text of test object 'Object Repository/Page_cabi Order Items/product_fabric' are matched.

2019-11-21 18:32:16 - [TEST_STEP][PASSED] - verifyElementText(findTestObject("Page_cabi Order Items/product_fabric"), finalContent, CONTINUE_ON_FAILURE): Actual text and expected text of test object 'Object Repository/Page_cabi Order Items/product_fabric' are matched.

2019-11-21 18:32:16 - [MESSAGE][PASSED] - Actual text and expected text of test object 'Object Repository/Page_cabi Order Items/product_fabric' are matched.

2019-11-21 18:32:16 - [TEST_STEP][PASSED] - expectedCasreIntrn = findTestData("productData").getValue("CareInstr", row): null

2019-11-21 18:32:16 - [TEST_STEP][PASSED] - if (expectedCasreIntrn.equalsIgnoreCase("")): null

2019-11-21 18:32:16 - [TEST_STEP][PASSED] - else: null

2019-11-21 18:32:16 - [TEST_STEP][PASSED] - actualCasreIntrn = "<div>" + getText(findTestObject("Page_cabi Order Items/care_instruction")) + "</div>": Text of object 'Object Repository/Page_cabi Order Items/care_instruction' is: 'Turn garment inside out and place in a mesh bag. Machine wash separately in cold water on the delicate cycle. Only non-chlorine bleach if needed. Do not twist or wring. Lay flat to dry. Warm iron if needed. Can be dry cleaned.'

2019-11-21 18:32:16 - [MESSAGE][PASSED] - Text of object 'Object Repository/Page_cabi Order Items/care_instruction' is: 'Turn garment inside out and place in a mesh bag. Machine wash separately in cold water on the delicate cycle. Only non-chlorine bleach if needed. Do not twist or wring. Lay flat to dry. Warm iron if needed. Can be dry cleaned.'

2019-11-21 18:32:16 - [TEST_STEP][PASSED] - sa.assertTrue(actualCasreIntrn.equals(expectedCasreIntrn)): null

2019-11-21 18:32:16 - [TEST_STEP][PASSED] - delay(5): Delayed 5 second(s)

2019-11-21 18:32:21 - [MESSAGE][PASSED] - Delayed 5 second(s)

2019-11-21 18:32:21 - [TEST_STEP][PASSED] - sa = new org.testng.asserts.SoftAssert(): null

2019-11-21 18:32:21 - [TEST_STEP][PASSED] - styleid_data = findTestData("productData").getValue("Style", row): null

2019-11-21 18:32:21 - [TEST_STEP][PASSED] - println(styleid_data): null

2019-11-21 18:32:21 - [TEST_STEP][PASSED] - by = By.xpath("//input[@name='style']"): null

2019-11-21 18:32:21 - [TEST_STEP][PASSED] - styleWe = UtilityMethods.getElementByLocator(by, driver): null

2019-11-21 18:32:21 - [TEST_STEP][PASSED] - to = UtilityMethods.fromElement(styleWe): null

2019-11-21 18:32:21 - [TEST_STEP][PASSED] - println("******************+++++++++++++++++++**********************************************"): null

2019-11-21 18:32:21 - [TEST_STEP][PASSED] - setText(to, styleid_data): Text '5660' is set on object ''

2019-11-21 18:32:22 - [MESSAGE][PASSED] - Text '5660' is set on object ''

2019-11-21 18:32:22 - [TEST_STEP][PASSED] - sendKeys(to, Keys.chord(ENTER)): Keys 'ENTER + ' sent to object: ''

2019-11-21 18:32:22 - [MESSAGE][PASSED] - Keys 'ENTER + ' sent to object: ''

2019-11-21 18:32:22 - [TEST_STEP][PASSED] - delay(2): Delayed 2 second(s)

2019-11-21 18:32:24 - [MESSAGE][PASSED] - Delayed 2 second(s)

2019-11-21 18:32:24 - [TEST_STEP][PASSED] - if (toString().equalsIgnoreCase("no")): null

2019-11-21 18:32:24 - [TEST_STEP][PASSED] - else: null

2019-11-21 18:32:24 - [TEST_STEP][PASSED] - click(findTestObject("Page_cabi Order Items/li_order_item")): Object: 'Object Repository/Page_cabi Order Items/li_order_item' is clicked on

2019-11-21 18:32:30 - [MESSAGE][PASSED] - Object: 'Object Repository/Page_cabi Order Items/li_order_item' is clicked on

2019-11-21 18:32:30 - [TEST_STEP][PASSED] - delay(5): Delayed 5 second(s)

2019-11-21 18:32:35 - [MESSAGE][PASSED] - Delayed 5 second(s)

2019-11-21 18:32:35 - [TEST_STEP][PASSED] - imagePath = UtilityMethods.createScreenshotImagePath(storeType, styleid_data): null

2019-11-21 18:32:35 - [TEST_STEP][PASSED] - println(imagePath): null

2019-11-21 18:32:35 - [TEST_STEP][PASSED] - takeScreenshot(imagePath): Taking screenshot successfully

2019-11-21 18:32:35 - [MESSAGE][PASSED] - Taking screenshot successfully
[[ATTACHMENT|C:\\Users\\user\\Documents\\testautomation\\KatalonProjects\\productImages\\BOPersonal_5660 image.png]]

2019-11-21 18:32:35 - [TEST_STEP][PASSED] - verifyElementText(findTestObject("Page_cabi Order Items/GetAttribute_getID"), styleid_data, CONTINUE_ON_FAILURE): Actual text and expected text of test object 'Object Repository/Page_cabi Order Items/GetAttribute_getID' are matched.

2019-11-21 18:32:35 - [MESSAGE][PASSED] - Actual text and expected text of test object 'Object Repository/Page_cabi Order Items/GetAttribute_getID' are matched.

2019-11-21 18:32:35 - [TEST_STEP][PASSED] - colorOptions = findWebElements(findTestObject("Page_cabi Order Items/GetAttribute_Color"), 5): null

2019-11-21 18:32:35 - [TEST_STEP][PASSED] - println(colorOptions.size()): null

2019-11-21 18:32:35 - [TEST_STEP][PASSED] - expectedColour = findTestData("productData").getValue("Color", row): null

2019-11-21 18:32:36 - [TEST_STEP][PASSED] - println("expected colour is"): null

2019-11-21 18:32:36 - [TEST_STEP][PASSED] - println(expectedColour): null

2019-11-21 18:32:36 - [TEST_STEP][PASSED] - colourVerified = false: null

2019-11-21 18:32:36 - [TEST_STEP][PASSED] - for (org.openqa.selenium.WebElement op : colorOptions): null

2019-11-21 18:32:36 - [TEST_STEP][PASSED] - println(op.getText()): null

2019-11-21 18:32:36 - [TEST_STEP][PASSED] - if (expectedColour.equalsIgnoreCase(op.getText())): null

2019-11-21 18:32:36 - [TEST_STEP][PASSED] - sa.assertTrue(colourVerified): null

2019-11-21 18:32:36 - [TEST_STEP][PASSED] - getPrice = getText(findTestObject("Page_cabi Order Items/GetAttribute_Price")): Text of object 'Object Repository/Page_cabi Order Items/GetAttribute_Price' is: 'Price : £234.00'

2019-11-21 18:32:36 - [MESSAGE][PASSED] - Text of object 'Object Repository/Page_cabi Order Items/GetAttribute_Price' is: 'Price : £234.00'

2019-11-21 18:32:36 - [TEST_STEP][PASSED] - Split_Data = UtilityMethods.SplitData(getPrice): null

2019-11-21 18:32:36 - [TEST_STEP][PASSED] - verifyMatch(Split_Data, findTestData("productData").getValue("Retail", row), true, CONTINUE_ON_FAILURE): Actual text '234' and expected text '234' are matched  using regular expression

2019-11-21 18:32:36 - [MESSAGE][PASSED] - Actual text '234' and expected text '234' are matched  using regular expression

2019-11-21 18:32:36 - [TEST_STEP][PASSED] - sizeRange1 = ["XXS", "XS", "S", "M", "L", "XL", "XXL"]: null

2019-11-21 18:32:36 - [TEST_STEP][PASSED] - sizeRange2 = ["00", "0", "2", "4", "6", "8", "10", "12", "14", "16"]: null

2019-11-21 18:32:36 - [TEST_STEP][PASSED] - sizeRange3 = ["Long", "Regular", "Short"]: null

2019-11-21 18:32:36 - [TEST_STEP][PASSED] - sizeRange4 = ["5", "6", "6.5", "7", "7.5", "8", "8.5", "9", "9.5", "10", "11"]: null

2019-11-21 18:32:36 - [TEST_STEP][PASSED] - sizeRange5 = ["XS/S", "M/L"]: null

2019-11-21 18:32:36 - [TEST_STEP][PASSED] - sizeRange6 = ["One Size"]: null

2019-11-21 18:32:36 - [TEST_STEP][PASSED] - sizeRangeSplit = UtilityMethods.SplitSizes(findTestData("productData").getValue("SzRange", row)): null

2019-11-21 18:32:36 - [TEST_STEP][PASSED] - sizeType = getText(findTestObject("Object Repository/Page_cabi Order Items/Size")): Text of object 'Object Repository/Page_cabi Order Items/Size' is: 'Select'

2019-11-21 18:32:36 - [MESSAGE][PASSED] - Text of object 'Object Repository/Page_cabi Order Items/Size' is: 'Select'

2019-11-21 18:32:36 - [TEST_STEP][PASSED] - sizeOptions = findWebElements(findTestObject("Object Repository/Page_cabi Order Items/Size"), 5): null

2019-11-21 18:32:36 - [TEST_STEP][PASSED] - actualRange = new java.util.ArrayList(): null

2019-11-21 18:32:36 - [TEST_STEP][PASSED] - expectedRange = <not implemented yet for class: org.codehaus.groovy.ast.expr.EmptyExpression>: null

2019-11-21 18:32:36 - [TEST_STEP][PASSED] - if (sizeType.equalsIgnoreCase("Select")): null

2019-11-21 18:32:36 - [TEST_STEP][PASSED] - for ([i = 1, i < sizeOptions.size(), (i++)]): null

2019-11-21 18:32:36 - [TEST_STEP][PASSED] - actualRange.add(getAttribute("value").toString()): null

2019-11-21 18:32:36 - [TEST_STEP][PASSED] - actualRange.add(getAttribute("value").toString()): null

2019-11-21 18:32:36 - [TEST_STEP][PASSED] - actualRange.add(getAttribute("value").toString()): null

2019-11-21 18:32:36 - [TEST_STEP][PASSED] - actualRange.add(getAttribute("value").toString()): null

2019-11-21 18:32:36 - [TEST_STEP][PASSED] - actualRange.add(getAttribute("value").toString()): null

2019-11-21 18:32:36 - [TEST_STEP][PASSED] - actualRange.add(getAttribute("value").toString()): null

2019-11-21 18:32:36 - [TEST_STEP][PASSED] - actualRange.add(getAttribute("value").toString()): null

2019-11-21 18:32:36 - [TEST_STEP][PASSED] - actualRange.add(getAttribute("value").toString()): null

2019-11-21 18:32:36 - [TEST_STEP][PASSED] - actualRange.add(getAttribute("value").toString()): null

2019-11-21 18:32:36 - [TEST_STEP][PASSED] - if (toString().equalsIgnoreCase("XS") || toString().equalsIgnoreCase("XXS")): null

2019-11-21 18:32:36 - [TEST_STEP][PASSED] - else if (toString().equalsIgnoreCase("00") || toString().equalsIgnoreCase("0")): null

2019-11-21 18:32:36 - [TEST_STEP][PASSED] - expectedRange = UtilityMethods.getExpectedRange(sizeRange2, sizeRangeSplit): null

2019-11-21 18:32:36 - [TEST_STEP][PASSED] - println("00"): null

2019-11-21 18:32:36 - [TEST_STEP][PASSED] - println(expectedRange.toString()): null

2019-11-21 18:32:36 - [TEST_STEP][PASSED] - sa.assertTrue(UtilityMethods.listEquals(expectedRange, actualRange)): null

2019-11-21 18:32:36 - [TEST_STEP][PASSED] - delay(2): Delayed 2 second(s)

2019-11-21 18:32:38 - [MESSAGE][PASSED] - Delayed 2 second(s)

2019-11-21 18:32:38 - [TEST_STEP][PASSED] - verifyElementText(findTestObject("Page_cabi Order Items/product_title"), findTestData("productData").getValue("Description", row), CONTINUE_ON_FAILURE): Actual text and expected text of test object 'Object Repository/Page_cabi Order Items/product_title' are matched.

2019-11-21 18:32:38 - [MESSAGE][PASSED] - Actual text and expected text of test object 'Object Repository/Page_cabi Order Items/product_title' are matched.

2019-11-21 18:32:38 - [TEST_STEP][PASSED] - finalContent = findTestData("productData").getValue("FinalContent", row): null

2019-11-21 18:32:38 - [TEST_STEP][PASSED] - if (finalContent.equalsIgnoreCase("")): null

2019-11-21 18:32:38 - [TEST_STEP][PASSED] - else: Actual text and expected text of test object 'Object Repository/Page_cabi Order Items/product_fabric' are matched.

2019-11-21 18:32:38 - [TEST_STEP][PASSED] - verifyElementText(findTestObject("Page_cabi Order Items/product_fabric"), finalContent, CONTINUE_ON_FAILURE): Actual text and expected text of test object 'Object Repository/Page_cabi Order Items/product_fabric' are matched.

2019-11-21 18:32:39 - [MESSAGE][PASSED] - Actual text and expected text of test object 'Object Repository/Page_cabi Order Items/product_fabric' are matched.

2019-11-21 18:32:39 - [TEST_STEP][PASSED] - expectedCasreIntrn = findTestData("productData").getValue("CareInstr", row): null

2019-11-21 18:32:39 - [TEST_STEP][PASSED] - if (expectedCasreIntrn.equalsIgnoreCase("")): null

2019-11-21 18:32:39 - [TEST_STEP][PASSED] - else: null

2019-11-21 18:32:39 - [TEST_STEP][PASSED] - actualCasreIntrn = "<div>" + getText(findTestObject("Page_cabi Order Items/care_instruction")) + "</div>": Text of object 'Object Repository/Page_cabi Order Items/care_instruction' is: 'Dry clean for best results. Can be machine washed in a mesh bag in cold water on the delicate cycle. Only non-chlorine bleach if needed. Lay flat to dry. Steam iron only if needed.'

2019-11-21 18:32:39 - [MESSAGE][PASSED] - Text of object 'Object Repository/Page_cabi Order Items/care_instruction' is: 'Dry clean for best results. Can be machine washed in a mesh bag in cold water on the delicate cycle. Only non-chlorine bleach if needed. Lay flat to dry. Steam iron only if needed.'

2019-11-21 18:32:39 - [TEST_STEP][PASSED] - sa.assertTrue(actualCasreIntrn.equals(expectedCasreIntrn)): null

2019-11-21 18:32:39 - [TEST_STEP][PASSED] - delay(5): Delayed 5 second(s)

2019-11-21 18:32:44 - [MESSAGE][PASSED] - Delayed 5 second(s)

2019-11-21 18:32:44 - [TEST_STEP][PASSED] - sa = new org.testng.asserts.SoftAssert(): null

2019-11-21 18:32:44 - [TEST_STEP][PASSED] - styleid_data = findTestData("productData").getValue("Style", row): null

2019-11-21 18:32:44 - [TEST_STEP][PASSED] - println(styleid_data): null

2019-11-21 18:32:44 - [TEST_STEP][PASSED] - by = By.xpath("//input[@name='style']"): null

2019-11-21 18:32:44 - [TEST_STEP][PASSED] - styleWe = UtilityMethods.getElementByLocator(by, driver): null

2019-11-21 18:32:44 - [TEST_STEP][PASSED] - to = UtilityMethods.fromElement(styleWe): null

2019-11-21 18:32:44 - [TEST_STEP][PASSED] - println("******************+++++++++++++++++++**********************************************"): null

2019-11-21 18:32:44 - [TEST_STEP][PASSED] - setText(to, styleid_data): Text '5661' is set on object ''

2019-11-21 18:32:44 - [MESSAGE][PASSED] - Text '5661' is set on object ''

2019-11-21 18:32:44 - [TEST_STEP][PASSED] - sendKeys(to, Keys.chord(ENTER)): Keys 'ENTER + ' sent to object: ''

2019-11-21 18:32:44 - [MESSAGE][PASSED] - Keys 'ENTER + ' sent to object: ''

2019-11-21 18:32:44 - [TEST_STEP][PASSED] - delay(2): Delayed 2 second(s)

2019-11-21 18:32:46 - [MESSAGE][PASSED] - Delayed 2 second(s)

2019-11-21 18:32:46 - [TEST_STEP][PASSED] - if (toString().equalsIgnoreCase("no")): null

2019-11-21 18:32:46 - [TEST_STEP][PASSED] - else: null

2019-11-21 18:32:46 - [TEST_STEP][PASSED] - click(findTestObject("Page_cabi Order Items/li_order_item")): Object: 'Object Repository/Page_cabi Order Items/li_order_item' is clicked on

2019-11-21 18:32:52 - [MESSAGE][PASSED] - Object: 'Object Repository/Page_cabi Order Items/li_order_item' is clicked on

2019-11-21 18:32:52 - [TEST_STEP][PASSED] - delay(5): Delayed 5 second(s)

2019-11-21 18:32:57 - [MESSAGE][PASSED] - Delayed 5 second(s)

2019-11-21 18:32:57 - [TEST_STEP][PASSED] - imagePath = UtilityMethods.createScreenshotImagePath(storeType, styleid_data): null

2019-11-21 18:32:57 - [TEST_STEP][PASSED] - println(imagePath): null

2019-11-21 18:32:57 - [TEST_STEP][PASSED] - takeScreenshot(imagePath): Taking screenshot successfully

2019-11-21 18:32:58 - [MESSAGE][PASSED] - Taking screenshot successfully
[[ATTACHMENT|C:\\Users\\user\\Documents\\testautomation\\KatalonProjects\\productImages\\BOPersonal_5661 image.png]]

2019-11-21 18:32:58 - [TEST_STEP][PASSED] - verifyElementText(findTestObject("Page_cabi Order Items/GetAttribute_getID"), styleid_data, CONTINUE_ON_FAILURE): Actual text and expected text of test object 'Object Repository/Page_cabi Order Items/GetAttribute_getID' are matched.

2019-11-21 18:32:58 - [MESSAGE][PASSED] - Actual text and expected text of test object 'Object Repository/Page_cabi Order Items/GetAttribute_getID' are matched.

2019-11-21 18:32:58 - [TEST_STEP][PASSED] - colorOptions = findWebElements(findTestObject("Page_cabi Order Items/GetAttribute_Color"), 5): null

2019-11-21 18:32:58 - [TEST_STEP][PASSED] - println(colorOptions.size()): null

2019-11-21 18:32:58 - [TEST_STEP][PASSED] - expectedColour = findTestData("productData").getValue("Color", row): null

2019-11-21 18:32:58 - [TEST_STEP][PASSED] - println("expected colour is"): null

2019-11-21 18:32:58 - [TEST_STEP][PASSED] - println(expectedColour): null

2019-11-21 18:32:58 - [TEST_STEP][PASSED] - colourVerified = false: null

2019-11-21 18:32:58 - [TEST_STEP][PASSED] - for (org.openqa.selenium.WebElement op : colorOptions): null

2019-11-21 18:32:58 - [TEST_STEP][PASSED] - println(op.getText()): null

2019-11-21 18:32:58 - [TEST_STEP][PASSED] - if (expectedColour.equalsIgnoreCase(op.getText())): null

2019-11-21 18:32:58 - [TEST_STEP][PASSED] - colourVerified = true: null

2019-11-21 18:32:58 - [TEST_STEP][PASSED] - break: null

2019-11-21 18:32:58 - [TEST_STEP][PASSED] - sa.assertTrue(colourVerified): null

2019-11-21 18:32:58 - [TEST_STEP][PASSED] - getPrice = getText(findTestObject("Page_cabi Order Items/GetAttribute_Price")): Text of object 'Object Repository/Page_cabi Order Items/GetAttribute_Price' is: 'Price : £84.00'

2019-11-21 18:32:58 - [MESSAGE][PASSED] - Text of object 'Object Repository/Page_cabi Order Items/GetAttribute_Price' is: 'Price : £84.00'

2019-11-21 18:32:58 - [TEST_STEP][PASSED] - Split_Data = UtilityMethods.SplitData(getPrice): null

2019-11-21 18:32:58 - [TEST_STEP][PASSED] - verifyMatch(Split_Data, findTestData("productData").getValue("Retail", row), true, CONTINUE_ON_FAILURE): Actual text '84' and expected text '84' are matched  using regular expression

2019-11-21 18:32:58 - [MESSAGE][PASSED] - Actual text '84' and expected text '84' are matched  using regular expression

2019-11-21 18:32:58 - [TEST_STEP][PASSED] - sizeRange1 = ["XXS", "XS", "S", "M", "L", "XL", "XXL"]: null

2019-11-21 18:32:58 - [TEST_STEP][PASSED] - sizeRange2 = ["00", "0", "2", "4", "6", "8", "10", "12", "14", "16"]: null

2019-11-21 18:32:58 - [TEST_STEP][PASSED] - sizeRange3 = ["Long", "Regular", "Short"]: null

2019-11-21 18:32:58 - [TEST_STEP][PASSED] - sizeRange4 = ["5", "6", "6.5", "7", "7.5", "8", "8.5", "9", "9.5", "10", "11"]: null

2019-11-21 18:32:58 - [TEST_STEP][PASSED] - sizeRange5 = ["XS/S", "M/L"]: null

2019-11-21 18:32:58 - [TEST_STEP][PASSED] - sizeRange6 = ["One Size"]: null

2019-11-21 18:32:58 - [TEST_STEP][PASSED] - sizeRangeSplit = UtilityMethods.SplitSizes(findTestData("productData").getValue("SzRange", row)): null

2019-11-21 18:32:58 - [TEST_STEP][PASSED] - sizeType = getText(findTestObject("Object Repository/Page_cabi Order Items/Size")): Text of object 'Object Repository/Page_cabi Order Items/Size' is: 'Select'

2019-11-21 18:32:58 - [MESSAGE][PASSED] - Text of object 'Object Repository/Page_cabi Order Items/Size' is: 'Select'

2019-11-21 18:32:58 - [TEST_STEP][PASSED] - sizeOptions = findWebElements(findTestObject("Object Repository/Page_cabi Order Items/Size"), 5): null

2019-11-21 18:32:58 - [TEST_STEP][PASSED] - actualRange = new java.util.ArrayList(): null

2019-11-21 18:32:58 - [TEST_STEP][PASSED] - expectedRange = <not implemented yet for class: org.codehaus.groovy.ast.expr.EmptyExpression>: null

2019-11-21 18:32:58 - [TEST_STEP][PASSED] - if (sizeType.equalsIgnoreCase("Select")): null

2019-11-21 18:32:58 - [TEST_STEP][PASSED] - for ([i = 1, i < sizeOptions.size(), (i++)]): null

2019-11-21 18:32:58 - [TEST_STEP][PASSED] - actualRange.add(getAttribute("value").toString()): null

2019-11-21 18:32:58 - [TEST_STEP][PASSED] - actualRange.add(getAttribute("value").toString()): null

2019-11-21 18:32:58 - [TEST_STEP][PASSED] - if (toString().equalsIgnoreCase("XS") || toString().equalsIgnoreCase("XXS")): null

2019-11-21 18:32:58 - [TEST_STEP][PASSED] - else if (toString().equalsIgnoreCase("00") || toString().equalsIgnoreCase("0")): null

2019-11-21 18:32:58 - [TEST_STEP][PASSED] - else if (toString().equalsIgnoreCase("Long")): null

2019-11-21 18:32:58 - [TEST_STEP][PASSED] - else if (toString().equalsIgnoreCase("5")): null

2019-11-21 18:32:58 - [TEST_STEP][PASSED] - else if (toString().equalsIgnoreCase("XS/S")): null

2019-11-21 18:32:58 - [TEST_STEP][PASSED] - expectedRange = UtilityMethods.getExpectedRange(sizeRange5, sizeRangeSplit): null

2019-11-21 18:32:58 - [TEST_STEP][PASSED] - println("XS/S"): null

2019-11-21 18:32:58 - [TEST_STEP][PASSED] - println(expectedRange.toString()): null

2019-11-21 18:32:58 - [TEST_STEP][PASSED] - sa.assertTrue(UtilityMethods.listEquals(expectedRange, actualRange)): null

2019-11-21 18:32:58 - [TEST_STEP][PASSED] - delay(2): Delayed 2 second(s)

2019-11-21 18:33:00 - [MESSAGE][PASSED] - Delayed 2 second(s)

2019-11-21 18:33:00 - [TEST_STEP][PASSED] - verifyElementText(findTestObject("Page_cabi Order Items/product_title"), findTestData("productData").getValue("Description", row), CONTINUE_ON_FAILURE): Actual text and expected text of test object 'Object Repository/Page_cabi Order Items/product_title' are matched.

2019-11-21 18:33:01 - [MESSAGE][PASSED] - Actual text and expected text of test object 'Object Repository/Page_cabi Order Items/product_title' are matched.

2019-11-21 18:33:01 - [TEST_STEP][PASSED] - finalContent = findTestData("productData").getValue("FinalContent", row): null

2019-11-21 18:33:01 - [TEST_STEP][PASSED] - if (finalContent.equalsIgnoreCase("")): null

2019-11-21 18:33:01 - [TEST_STEP][PASSED] - else: Actual text and expected text of test object 'Object Repository/Page_cabi Order Items/product_fabric' are matched.

2019-11-21 18:33:01 - [TEST_STEP][PASSED] - verifyElementText(findTestObject("Page_cabi Order Items/product_fabric"), finalContent, CONTINUE_ON_FAILURE): Actual text and expected text of test object 'Object Repository/Page_cabi Order Items/product_fabric' are matched.

2019-11-21 18:33:01 - [MESSAGE][PASSED] - Actual text and expected text of test object 'Object Repository/Page_cabi Order Items/product_fabric' are matched.

2019-11-21 18:33:01 - [TEST_STEP][PASSED] - expectedCasreIntrn = findTestData("productData").getValue("CareInstr", row): null

2019-11-21 18:33:01 - [TEST_STEP][PASSED] - if (expectedCasreIntrn.equalsIgnoreCase("")): null

2019-11-21 18:33:01 - [TEST_STEP][PASSED] - else: null

2019-11-21 18:33:01 - [TEST_STEP][PASSED] - actualCasreIntrn = "<div>" + getText(findTestObject("Page_cabi Order Items/care_instruction")) + "</div>": Text of object 'Object Repository/Page_cabi Order Items/care_instruction' is: 'Turn garment inside out and place in a mesh bag. Machine wash separately in cold water on the delicate cycle. Only non-chloroine bleach if needed. Do not twist or wring. Lay flat to dry. Warm iron if needed. Can be dry cleaned.'

2019-11-21 18:33:01 - [MESSAGE][PASSED] - Text of object 'Object Repository/Page_cabi Order Items/care_instruction' is: 'Turn garment inside out and place in a mesh bag. Machine wash separately in cold water on the delicate cycle. Only non-chloroine bleach if needed. Do not twist or wring. Lay flat to dry. Warm iron if needed. Can be dry cleaned.'

2019-11-21 18:33:01 - [TEST_STEP][PASSED] - sa.assertTrue(actualCasreIntrn.equals(expectedCasreIntrn)): null

2019-11-21 18:33:01 - [TEST_STEP][PASSED] - delay(5): Delayed 5 second(s)

2019-11-21 18:33:06 - [MESSAGE][PASSED] - Delayed 5 second(s)

2019-11-21 18:33:06 - [TEST_STEP][PASSED] - sa = new org.testng.asserts.SoftAssert(): null

2019-11-21 18:33:06 - [TEST_STEP][PASSED] - styleid_data = findTestData("productData").getValue("Style", row): null

2019-11-21 18:33:06 - [TEST_STEP][PASSED] - println(styleid_data): null

2019-11-21 18:33:06 - [TEST_STEP][PASSED] - by = By.xpath("//input[@name='style']"): null

2019-11-21 18:33:06 - [TEST_STEP][PASSED] - styleWe = UtilityMethods.getElementByLocator(by, driver): null

2019-11-21 18:33:06 - [TEST_STEP][PASSED] - to = UtilityMethods.fromElement(styleWe): null

2019-11-21 18:33:06 - [TEST_STEP][PASSED] - println("******************+++++++++++++++++++**********************************************"): null

2019-11-21 18:33:06 - [TEST_STEP][PASSED] - setText(to, styleid_data): Text '5662' is set on object ''

2019-11-21 18:33:06 - [MESSAGE][PASSED] - Text '5662' is set on object ''

2019-11-21 18:33:06 - [TEST_STEP][PASSED] - sendKeys(to, Keys.chord(ENTER)): Keys 'ENTER + ' sent to object: ''

2019-11-21 18:33:06 - [MESSAGE][PASSED] - Keys 'ENTER + ' sent to object: ''

2019-11-21 18:33:06 - [TEST_STEP][PASSED] - delay(2): Delayed 2 second(s)

2019-11-21 18:33:08 - [MESSAGE][PASSED] - Delayed 2 second(s)

2019-11-21 18:33:08 - [TEST_STEP][PASSED] - if (toString().equalsIgnoreCase("no")): null

2019-11-21 18:33:08 - [TEST_STEP][PASSED] - else: null

2019-11-21 18:33:08 - [TEST_STEP][PASSED] - click(findTestObject("Page_cabi Order Items/li_order_item")): Object: 'Object Repository/Page_cabi Order Items/li_order_item' is clicked on

2019-11-21 18:33:14 - [MESSAGE][PASSED] - Object: 'Object Repository/Page_cabi Order Items/li_order_item' is clicked on

2019-11-21 18:33:14 - [TEST_STEP][PASSED] - delay(5): Delayed 5 second(s)

2019-11-21 18:33:19 - [MESSAGE][PASSED] - Delayed 5 second(s)

2019-11-21 18:33:19 - [TEST_STEP][PASSED] - imagePath = UtilityMethods.createScreenshotImagePath(storeType, styleid_data): null

2019-11-21 18:33:19 - [TEST_STEP][PASSED] - println(imagePath): null

2019-11-21 18:33:19 - [TEST_STEP][PASSED] - takeScreenshot(imagePath): Taking screenshot successfully

2019-11-21 18:33:20 - [MESSAGE][PASSED] - Taking screenshot successfully
[[ATTACHMENT|C:\\Users\\user\\Documents\\testautomation\\KatalonProjects\\productImages\\BOPersonal_5662 image.png]]

2019-11-21 18:33:20 - [TEST_STEP][PASSED] - verifyElementText(findTestObject("Page_cabi Order Items/GetAttribute_getID"), styleid_data, CONTINUE_ON_FAILURE): Actual text and expected text of test object 'Object Repository/Page_cabi Order Items/GetAttribute_getID' are matched.

2019-11-21 18:33:20 - [MESSAGE][PASSED] - Actual text and expected text of test object 'Object Repository/Page_cabi Order Items/GetAttribute_getID' are matched.

2019-11-21 18:33:20 - [TEST_STEP][PASSED] - colorOptions = findWebElements(findTestObject("Page_cabi Order Items/GetAttribute_Color"), 5): null

2019-11-21 18:33:20 - [TEST_STEP][PASSED] - println(colorOptions.size()): null

2019-11-21 18:33:20 - [TEST_STEP][PASSED] - expectedColour = findTestData("productData").getValue("Color", row): null

2019-11-21 18:33:20 - [TEST_STEP][PASSED] - println("expected colour is"): null

2019-11-21 18:33:20 - [TEST_STEP][PASSED] - println(expectedColour): null

2019-11-21 18:33:20 - [TEST_STEP][PASSED] - colourVerified = false: null

2019-11-21 18:33:20 - [TEST_STEP][PASSED] - for (org.openqa.selenium.WebElement op : colorOptions): null

2019-11-21 18:33:20 - [TEST_STEP][PASSED] - println(op.getText()): null

2019-11-21 18:33:20 - [TEST_STEP][PASSED] - if (expectedColour.equalsIgnoreCase(op.getText())): null

2019-11-21 18:33:20 - [TEST_STEP][PASSED] - colourVerified = true: null

2019-11-21 18:33:20 - [TEST_STEP][PASSED] - break: null

2019-11-21 18:33:20 - [TEST_STEP][PASSED] - sa.assertTrue(colourVerified): null

2019-11-21 18:33:20 - [TEST_STEP][PASSED] - getPrice = getText(findTestObject("Page_cabi Order Items/GetAttribute_Price")): Text of object 'Object Repository/Page_cabi Order Items/GetAttribute_Price' is: 'Price : £124.00'

2019-11-21 18:33:20 - [MESSAGE][PASSED] - Text of object 'Object Repository/Page_cabi Order Items/GetAttribute_Price' is: 'Price : £124.00'

2019-11-21 18:33:20 - [TEST_STEP][PASSED] - Split_Data = UtilityMethods.SplitData(getPrice): null

2019-11-21 18:33:20 - [TEST_STEP][PASSED] - verifyMatch(Split_Data, findTestData("productData").getValue("Retail", row), true, CONTINUE_ON_FAILURE): Actual text '124' and expected text '124' are matched  using regular expression

2019-11-21 18:33:20 - [MESSAGE][PASSED] - Actual text '124' and expected text '124' are matched  using regular expression

2019-11-21 18:33:20 - [TEST_STEP][PASSED] - sizeRange1 = ["XXS", "XS", "S", "M", "L", "XL", "XXL"]: null

2019-11-21 18:33:20 - [TEST_STEP][PASSED] - sizeRange2 = ["00", "0", "2", "4", "6", "8", "10", "12", "14", "16"]: null

2019-11-21 18:33:20 - [TEST_STEP][PASSED] - sizeRange3 = ["Long", "Regular", "Short"]: null

2019-11-21 18:33:20 - [TEST_STEP][PASSED] - sizeRange4 = ["5", "6", "6.5", "7", "7.5", "8", "8.5", "9", "9.5", "10", "11"]: null

2019-11-21 18:33:20 - [TEST_STEP][PASSED] - sizeRange5 = ["XS/S", "M/L"]: null

2019-11-21 18:33:20 - [TEST_STEP][PASSED] - sizeRange6 = ["One Size"]: null

2019-11-21 18:33:20 - [TEST_STEP][PASSED] - sizeRangeSplit = UtilityMethods.SplitSizes(findTestData("productData").getValue("SzRange", row)): null

2019-11-21 18:33:20 - [TEST_STEP][PASSED] - sizeType = getText(findTestObject("Object Repository/Page_cabi Order Items/Size")): Text of object 'Object Repository/Page_cabi Order Items/Size' is: 'Select'

2019-11-21 18:33:20 - [MESSAGE][PASSED] - Text of object 'Object Repository/Page_cabi Order Items/Size' is: 'Select'

2019-11-21 18:33:20 - [TEST_STEP][PASSED] - sizeOptions = findWebElements(findTestObject("Object Repository/Page_cabi Order Items/Size"), 5): null

2019-11-21 18:33:20 - [TEST_STEP][PASSED] - actualRange = new java.util.ArrayList(): null

2019-11-21 18:33:20 - [TEST_STEP][PASSED] - expectedRange = <not implemented yet for class: org.codehaus.groovy.ast.expr.EmptyExpression>: null

2019-11-21 18:33:20 - [TEST_STEP][PASSED] - if (sizeType.equalsIgnoreCase("Select")): null

2019-11-21 18:33:20 - [TEST_STEP][PASSED] - for ([i = 1, i < sizeOptions.size(), (i++)]): null

2019-11-21 18:33:20 - [TEST_STEP][PASSED] - actualRange.add(getAttribute("value").toString()): null

2019-11-21 18:33:20 - [TEST_STEP][PASSED] - actualRange.add(getAttribute("value").toString()): null

2019-11-21 18:33:20 - [TEST_STEP][PASSED] - actualRange.add(getAttribute("value").toString()): null

2019-11-21 18:33:20 - [TEST_STEP][PASSED] - actualRange.add(getAttribute("value").toString()): null

2019-11-21 18:33:20 - [TEST_STEP][PASSED] - actualRange.add(getAttribute("value").toString()): null

2019-11-21 18:33:20 - [TEST_STEP][PASSED] - if (toString().equalsIgnoreCase("XS") || toString().equalsIgnoreCase("XXS")): null

2019-11-21 18:33:20 - [TEST_STEP][PASSED] - expectedRange = UtilityMethods.getExpectedRange(sizeRange1, sizeRangeSplit): null

2019-11-21 18:33:20 - [TEST_STEP][PASSED] - println("XS"): null

2019-11-21 18:33:20 - [TEST_STEP][PASSED] - println(expectedRange.toString()): null

2019-11-21 18:33:20 - [TEST_STEP][PASSED] - sa.assertTrue(UtilityMethods.listEquals(expectedRange, actualRange)): null

2019-11-21 18:33:20 - [TEST_STEP][PASSED] - delay(2): Delayed 2 second(s)

2019-11-21 18:33:22 - [MESSAGE][PASSED] - Delayed 2 second(s)

2019-11-21 18:33:22 - [TEST_STEP][PASSED] - verifyElementText(findTestObject("Page_cabi Order Items/product_title"), findTestData("productData").getValue("Description", row), CONTINUE_ON_FAILURE): Actual text and expected text of test object 'Object Repository/Page_cabi Order Items/product_title' are matched.

2019-11-21 18:33:23 - [MESSAGE][PASSED] - Actual text and expected text of test object 'Object Repository/Page_cabi Order Items/product_title' are matched.

2019-11-21 18:33:23 - [TEST_STEP][PASSED] - finalContent = findTestData("productData").getValue("FinalContent", row): null

2019-11-21 18:33:23 - [TEST_STEP][PASSED] - if (finalContent.equalsIgnoreCase("")): null

2019-11-21 18:33:23 - [TEST_STEP][PASSED] - else: Actual text and expected text of test object 'Object Repository/Page_cabi Order Items/product_fabric' are matched.

2019-11-21 18:33:23 - [TEST_STEP][PASSED] - verifyElementText(findTestObject("Page_cabi Order Items/product_fabric"), finalContent, CONTINUE_ON_FAILURE): Actual text and expected text of test object 'Object Repository/Page_cabi Order Items/product_fabric' are matched.

2019-11-21 18:33:23 - [MESSAGE][PASSED] - Actual text and expected text of test object 'Object Repository/Page_cabi Order Items/product_fabric' are matched.

2019-11-21 18:33:23 - [TEST_STEP][PASSED] - expectedCasreIntrn = findTestData("productData").getValue("CareInstr", row): null

2019-11-21 18:33:23 - [TEST_STEP][PASSED] - if (expectedCasreIntrn.equalsIgnoreCase("")): null

2019-11-21 18:33:23 - [TEST_STEP][PASSED] - else: null

2019-11-21 18:33:23 - [TEST_STEP][PASSED] - actualCasreIntrn = "<div>" + getText(findTestObject("Page_cabi Order Items/care_instruction")) + "</div>": Text of object 'Object Repository/Page_cabi Order Items/care_instruction' is: 'Machine wash separately, inside out, in cold water on the delicate cycle. Do not bleach. Tumble dry low, remove promptly. Warm iron if needed.'

2019-11-21 18:33:23 - [MESSAGE][PASSED] - Text of object 'Object Repository/Page_cabi Order Items/care_instruction' is: 'Machine wash separately, inside out, in cold water on the delicate cycle. Do not bleach. Tumble dry low, remove promptly. Warm iron if needed.'

2019-11-21 18:33:23 - [TEST_STEP][PASSED] - sa.assertTrue(actualCasreIntrn.equals(expectedCasreIntrn)): null

2019-11-21 18:33:23 - [TEST_STEP][PASSED] - delay(5): Delayed 5 second(s)

2019-11-21 18:33:28 - [MESSAGE][PASSED] - Delayed 5 second(s)

2019-11-21 18:33:28 - [TEST_STEP][PASSED] - sa = new org.testng.asserts.SoftAssert(): null

2019-11-21 18:33:28 - [TEST_STEP][PASSED] - styleid_data = findTestData("productData").getValue("Style", row): null

2019-11-21 18:33:28 - [TEST_STEP][PASSED] - println(styleid_data): null

2019-11-21 18:33:28 - [TEST_STEP][PASSED] - by = By.xpath("//input[@name='style']"): null

2019-11-21 18:33:28 - [TEST_STEP][PASSED] - styleWe = UtilityMethods.getElementByLocator(by, driver): null

2019-11-21 18:33:28 - [TEST_STEP][PASSED] - to = UtilityMethods.fromElement(styleWe): null

2019-11-21 18:33:28 - [TEST_STEP][PASSED] - println("******************+++++++++++++++++++**********************************************"): null

2019-11-21 18:33:28 - [TEST_STEP][PASSED] - setText(to, styleid_data): Text '5664' is set on object ''

2019-11-21 18:33:29 - [MESSAGE][PASSED] - Text '5664' is set on object ''

2019-11-21 18:33:29 - [TEST_STEP][PASSED] - sendKeys(to, Keys.chord(ENTER)): Keys 'ENTER + ' sent to object: ''

2019-11-21 18:33:29 - [MESSAGE][PASSED] - Keys 'ENTER + ' sent to object: ''

2019-11-21 18:33:29 - [TEST_STEP][PASSED] - delay(2): Delayed 2 second(s)

2019-11-21 18:33:31 - [MESSAGE][PASSED] - Delayed 2 second(s)

2019-11-21 18:33:31 - [TEST_STEP][PASSED] - if (toString().equalsIgnoreCase("no")): null

2019-11-21 18:33:31 - [TEST_STEP][PASSED] - else: null

2019-11-21 18:33:31 - [TEST_STEP][PASSED] - click(findTestObject("Page_cabi Order Items/li_order_item")): Object: 'Object Repository/Page_cabi Order Items/li_order_item' is clicked on

2019-11-21 18:33:36 - [MESSAGE][PASSED] - Object: 'Object Repository/Page_cabi Order Items/li_order_item' is clicked on

2019-11-21 18:33:36 - [TEST_STEP][PASSED] - delay(5): Delayed 5 second(s)

2019-11-21 18:33:41 - [MESSAGE][PASSED] - Delayed 5 second(s)

2019-11-21 18:33:41 - [TEST_STEP][PASSED] - imagePath = UtilityMethods.createScreenshotImagePath(storeType, styleid_data): null

2019-11-21 18:33:41 - [TEST_STEP][PASSED] - println(imagePath): null

2019-11-21 18:33:41 - [TEST_STEP][PASSED] - takeScreenshot(imagePath): Taking screenshot successfully

2019-11-21 18:33:42 - [MESSAGE][PASSED] - Taking screenshot successfully
[[ATTACHMENT|C:\\Users\\user\\Documents\\testautomation\\KatalonProjects\\productImages\\BOPersonal_5664 image.png]]

2019-11-21 18:33:42 - [TEST_STEP][PASSED] - verifyElementText(findTestObject("Page_cabi Order Items/GetAttribute_getID"), styleid_data, CONTINUE_ON_FAILURE): Actual text and expected text of test object 'Object Repository/Page_cabi Order Items/GetAttribute_getID' are matched.

2019-11-21 18:33:42 - [MESSAGE][PASSED] - Actual text and expected text of test object 'Object Repository/Page_cabi Order Items/GetAttribute_getID' are matched.

2019-11-21 18:33:42 - [TEST_STEP][PASSED] - colorOptions = findWebElements(findTestObject("Page_cabi Order Items/GetAttribute_Color"), 5): null

2019-11-21 18:33:42 - [TEST_STEP][PASSED] - println(colorOptions.size()): null

2019-11-21 18:33:42 - [TEST_STEP][PASSED] - expectedColour = findTestData("productData").getValue("Color", row): null

2019-11-21 18:33:42 - [TEST_STEP][PASSED] - println("expected colour is"): null

2019-11-21 18:33:42 - [TEST_STEP][PASSED] - println(expectedColour): null

2019-11-21 18:33:42 - [TEST_STEP][PASSED] - colourVerified = false: null

2019-11-21 18:33:42 - [TEST_STEP][PASSED] - for (org.openqa.selenium.WebElement op : colorOptions): null

2019-11-21 18:33:42 - [TEST_STEP][PASSED] - println(op.getText()): null

2019-11-21 18:33:42 - [TEST_STEP][PASSED] - if (expectedColour.equalsIgnoreCase(op.getText())): null

2019-11-21 18:33:43 - [TEST_STEP][PASSED] - colourVerified = true: null

2019-11-21 18:33:43 - [TEST_STEP][PASSED] - break: null

2019-11-21 18:33:43 - [TEST_STEP][PASSED] - sa.assertTrue(colourVerified): null

2019-11-21 18:33:43 - [TEST_STEP][PASSED] - getPrice = getText(findTestObject("Page_cabi Order Items/GetAttribute_Price")): Text of object 'Object Repository/Page_cabi Order Items/GetAttribute_Price' is: 'Price : £119.00'

2019-11-21 18:33:43 - [MESSAGE][PASSED] - Text of object 'Object Repository/Page_cabi Order Items/GetAttribute_Price' is: 'Price : £119.00'

2019-11-21 18:33:43 - [TEST_STEP][PASSED] - Split_Data = UtilityMethods.SplitData(getPrice): null

2019-11-21 18:33:43 - [TEST_STEP][PASSED] - verifyMatch(Split_Data, findTestData("productData").getValue("Retail", row), true, CONTINUE_ON_FAILURE): Actual text '119' and expected text '119' are matched  using regular expression

2019-11-21 18:33:43 - [MESSAGE][PASSED] - Actual text '119' and expected text '119' are matched  using regular expression

2019-11-21 18:33:43 - [TEST_STEP][PASSED] - sizeRange1 = ["XXS", "XS", "S", "M", "L", "XL", "XXL"]: null

2019-11-21 18:33:43 - [TEST_STEP][PASSED] - sizeRange2 = ["00", "0", "2", "4", "6", "8", "10", "12", "14", "16"]: null

2019-11-21 18:33:43 - [TEST_STEP][PASSED] - sizeRange3 = ["Long", "Regular", "Short"]: null

2019-11-21 18:33:43 - [TEST_STEP][PASSED] - sizeRange4 = ["5", "6", "6.5", "7", "7.5", "8", "8.5", "9", "9.5", "10", "11"]: null

2019-11-21 18:33:43 - [TEST_STEP][PASSED] - sizeRange5 = ["XS/S", "M/L"]: null

2019-11-21 18:33:43 - [TEST_STEP][PASSED] - sizeRange6 = ["One Size"]: null

2019-11-21 18:33:43 - [TEST_STEP][PASSED] - sizeRangeSplit = UtilityMethods.SplitSizes(findTestData("productData").getValue("SzRange", row)): null

2019-11-21 18:33:43 - [TEST_STEP][PASSED] - sizeType = getText(findTestObject("Object Repository/Page_cabi Order Items/Size")): Text of object 'Object Repository/Page_cabi Order Items/Size' is: 'Select'

2019-11-21 18:33:43 - [MESSAGE][PASSED] - Text of object 'Object Repository/Page_cabi Order Items/Size' is: 'Select'

2019-11-21 18:33:43 - [TEST_STEP][PASSED] - sizeOptions = findWebElements(findTestObject("Object Repository/Page_cabi Order Items/Size"), 5): null

2019-11-21 18:33:43 - [TEST_STEP][PASSED] - actualRange = new java.util.ArrayList(): null

2019-11-21 18:33:43 - [TEST_STEP][PASSED] - expectedRange = <not implemented yet for class: org.codehaus.groovy.ast.expr.EmptyExpression>: null

2019-11-21 18:33:43 - [TEST_STEP][PASSED] - if (sizeType.equalsIgnoreCase("Select")): null

2019-11-21 18:33:43 - [TEST_STEP][PASSED] - for ([i = 1, i < sizeOptions.size(), (i++)]): null

2019-11-21 18:33:43 - [TEST_STEP][PASSED] - actualRange.add(getAttribute("value").toString()): null

2019-11-21 18:33:43 - [TEST_STEP][PASSED] - actualRange.add(getAttribute("value").toString()): null

2019-11-21 18:33:43 - [TEST_STEP][PASSED] - actualRange.add(getAttribute("value").toString()): null

2019-11-21 18:33:43 - [TEST_STEP][PASSED] - actualRange.add(getAttribute("value").toString()): null

2019-11-21 18:33:43 - [TEST_STEP][PASSED] - actualRange.add(getAttribute("value").toString()): null

2019-11-21 18:33:43 - [TEST_STEP][PASSED] - if (toString().equalsIgnoreCase("XS") || toString().equalsIgnoreCase("XXS")): null

2019-11-21 18:33:43 - [TEST_STEP][PASSED] - expectedRange = UtilityMethods.getExpectedRange(sizeRange1, sizeRangeSplit): null

2019-11-21 18:33:43 - [TEST_STEP][PASSED] - println("XS"): null

2019-11-21 18:33:43 - [TEST_STEP][PASSED] - println(expectedRange.toString()): null

2019-11-21 18:33:43 - [TEST_STEP][PASSED] - sa.assertTrue(UtilityMethods.listEquals(expectedRange, actualRange)): null

2019-11-21 18:33:43 - [TEST_STEP][PASSED] - delay(2): Delayed 2 second(s)

2019-11-21 18:33:45 - [MESSAGE][PASSED] - Delayed 2 second(s)

2019-11-21 18:33:45 - [TEST_STEP][PASSED] - verifyElementText(findTestObject("Page_cabi Order Items/product_title"), findTestData("productData").getValue("Description", row), CONTINUE_ON_FAILURE): Actual text and expected text of test object 'Object Repository/Page_cabi Order Items/product_title' are matched.

2019-11-21 18:33:45 - [MESSAGE][PASSED] - Actual text and expected text of test object 'Object Repository/Page_cabi Order Items/product_title' are matched.

2019-11-21 18:33:45 - [TEST_STEP][PASSED] - finalContent = findTestData("productData").getValue("FinalContent", row): null

2019-11-21 18:33:45 - [TEST_STEP][PASSED] - if (finalContent.equalsIgnoreCase("")): null

2019-11-21 18:33:45 - [TEST_STEP][PASSED] - else: Actual text and expected text of test object 'Object Repository/Page_cabi Order Items/product_fabric' are matched.

2019-11-21 18:33:45 - [TEST_STEP][PASSED] - verifyElementText(findTestObject("Page_cabi Order Items/product_fabric"), finalContent, CONTINUE_ON_FAILURE): Actual text and expected text of test object 'Object Repository/Page_cabi Order Items/product_fabric' are matched.

2019-11-21 18:33:45 - [MESSAGE][PASSED] - Actual text and expected text of test object 'Object Repository/Page_cabi Order Items/product_fabric' are matched.

2019-11-21 18:33:45 - [TEST_STEP][PASSED] - expectedCasreIntrn = findTestData("productData").getValue("CareInstr", row): null

2019-11-21 18:33:45 - [TEST_STEP][PASSED] - if (expectedCasreIntrn.equalsIgnoreCase("")): null

2019-11-21 18:33:45 - [TEST_STEP][PASSED] - else: null

2019-11-21 18:33:45 - [TEST_STEP][PASSED] - actualCasreIntrn = "<div>" + getText(findTestObject("Page_cabi Order Items/care_instruction")) + "</div>": Text of object 'Object Repository/Page_cabi Order Items/care_instruction' is: 'Turn garment inside out and place in a mesh bag. Machine wash separately in cold water on the delicate cycle. Only non-chlorine bleach if needed. Do not twist or wring. Lay flat to dry. Warm iron if needed. Can be dry cleaned.'

2019-11-21 18:33:45 - [MESSAGE][PASSED] - Text of object 'Object Repository/Page_cabi Order Items/care_instruction' is: 'Turn garment inside out and place in a mesh bag. Machine wash separately in cold water on the delicate cycle. Only non-chlorine bleach if needed. Do not twist or wring. Lay flat to dry. Warm iron if needed. Can be dry cleaned.'

2019-11-21 18:33:45 - [TEST_STEP][PASSED] - sa.assertTrue(actualCasreIntrn.equals(expectedCasreIntrn)): null

2019-11-21 18:33:45 - [TEST_STEP][PASSED] - delay(5): Delayed 5 second(s)

2019-11-21 18:33:50 - [MESSAGE][PASSED] - Delayed 5 second(s)

2019-11-21 18:33:50 - [TEST_STEP][PASSED] - sa = new org.testng.asserts.SoftAssert(): null

2019-11-21 18:33:50 - [TEST_STEP][PASSED] - styleid_data = findTestData("productData").getValue("Style", row): null

2019-11-21 18:33:51 - [TEST_STEP][PASSED] - println(styleid_data): null

2019-11-21 18:33:51 - [TEST_STEP][PASSED] - by = By.xpath("//input[@name='style']"): null

2019-11-21 18:33:51 - [TEST_STEP][PASSED] - styleWe = UtilityMethods.getElementByLocator(by, driver): null

2019-11-21 18:33:51 - [TEST_STEP][PASSED] - to = UtilityMethods.fromElement(styleWe): null

2019-11-21 18:33:51 - [TEST_STEP][PASSED] - println("******************+++++++++++++++++++**********************************************"): null

2019-11-21 18:33:51 - [TEST_STEP][PASSED] - setText(to, styleid_data): Text '5677' is set on object ''

2019-11-21 18:33:51 - [MESSAGE][PASSED] - Text '5677' is set on object ''

2019-11-21 18:33:51 - [TEST_STEP][PASSED] - sendKeys(to, Keys.chord(ENTER)): Keys 'ENTER + ' sent to object: ''

2019-11-21 18:33:51 - [MESSAGE][PASSED] - Keys 'ENTER + ' sent to object: ''

2019-11-21 18:33:51 - [TEST_STEP][PASSED] - delay(2): Delayed 2 second(s)

2019-11-21 18:33:53 - [MESSAGE][PASSED] - Delayed 2 second(s)

2019-11-21 18:33:53 - [TEST_STEP][PASSED] - if (toString().equalsIgnoreCase("no")): null

2019-11-21 18:33:53 - [TEST_STEP][PASSED] - else: null

2019-11-21 18:33:53 - [TEST_STEP][PASSED] - click(findTestObject("Page_cabi Order Items/li_order_item")): Object: 'Object Repository/Page_cabi Order Items/li_order_item' is clicked on

2019-11-21 18:33:59 - [MESSAGE][PASSED] - Object: 'Object Repository/Page_cabi Order Items/li_order_item' is clicked on

2019-11-21 18:33:59 - [TEST_STEP][PASSED] - delay(5): Delayed 5 second(s)

2019-11-21 18:34:04 - [MESSAGE][PASSED] - Delayed 5 second(s)

2019-11-21 18:34:04 - [TEST_STEP][PASSED] - imagePath = UtilityMethods.createScreenshotImagePath(storeType, styleid_data): null

2019-11-21 18:34:04 - [TEST_STEP][PASSED] - println(imagePath): null

2019-11-21 18:34:04 - [TEST_STEP][PASSED] - takeScreenshot(imagePath): Taking screenshot successfully

2019-11-21 18:34:04 - [MESSAGE][PASSED] - Taking screenshot successfully
[[ATTACHMENT|C:\\Users\\user\\Documents\\testautomation\\KatalonProjects\\productImages\\BOPersonal_5677 image.png]]

2019-11-21 18:34:04 - [TEST_STEP][PASSED] - verifyElementText(findTestObject("Page_cabi Order Items/GetAttribute_getID"), styleid_data, CONTINUE_ON_FAILURE): Actual text and expected text of test object 'Object Repository/Page_cabi Order Items/GetAttribute_getID' are matched.

2019-11-21 18:34:04 - [MESSAGE][PASSED] - Actual text and expected text of test object 'Object Repository/Page_cabi Order Items/GetAttribute_getID' are matched.

2019-11-21 18:34:04 - [TEST_STEP][PASSED] - colorOptions = findWebElements(findTestObject("Page_cabi Order Items/GetAttribute_Color"), 5): null

2019-11-21 18:34:04 - [TEST_STEP][PASSED] - println(colorOptions.size()): null

2019-11-21 18:34:04 - [TEST_STEP][PASSED] - expectedColour = findTestData("productData").getValue("Color", row): null

2019-11-21 18:34:04 - [TEST_STEP][PASSED] - println("expected colour is"): null

2019-11-21 18:34:04 - [TEST_STEP][PASSED] - println(expectedColour): null

2019-11-21 18:34:04 - [TEST_STEP][PASSED] - colourVerified = false: null

2019-11-21 18:34:04 - [TEST_STEP][PASSED] - for (org.openqa.selenium.WebElement op : colorOptions): null

2019-11-21 18:34:04 - [TEST_STEP][PASSED] - println(op.getText()): null

2019-11-21 18:34:04 - [TEST_STEP][PASSED] - if (expectedColour.equalsIgnoreCase(op.getText())): null

2019-11-21 18:34:05 - [TEST_STEP][PASSED] - colourVerified = true: null

2019-11-21 18:34:05 - [TEST_STEP][PASSED] - break: null

2019-11-21 18:34:05 - [TEST_STEP][PASSED] - sa.assertTrue(colourVerified): null

2019-11-21 18:34:05 - [TEST_STEP][PASSED] - getPrice = getText(findTestObject("Page_cabi Order Items/GetAttribute_Price")): Text of object 'Object Repository/Page_cabi Order Items/GetAttribute_Price' is: 'Price : £94.00'

2019-11-21 18:34:05 - [MESSAGE][PASSED] - Text of object 'Object Repository/Page_cabi Order Items/GetAttribute_Price' is: 'Price : £94.00'

2019-11-21 18:34:05 - [TEST_STEP][PASSED] - Split_Data = UtilityMethods.SplitData(getPrice): null

2019-11-21 18:34:05 - [TEST_STEP][PASSED] - verifyMatch(Split_Data, findTestData("productData").getValue("Retail", row), true, CONTINUE_ON_FAILURE): Actual text '94' and expected text '94' are matched  using regular expression

2019-11-21 18:34:05 - [MESSAGE][PASSED] - Actual text '94' and expected text '94' are matched  using regular expression

2019-11-21 18:34:05 - [TEST_STEP][PASSED] - sizeRange1 = ["XXS", "XS", "S", "M", "L", "XL", "XXL"]: null

2019-11-21 18:34:05 - [TEST_STEP][PASSED] - sizeRange2 = ["00", "0", "2", "4", "6", "8", "10", "12", "14", "16"]: null

2019-11-21 18:34:05 - [TEST_STEP][PASSED] - sizeRange3 = ["Long", "Regular", "Short"]: null

2019-11-21 18:34:05 - [TEST_STEP][PASSED] - sizeRange4 = ["5", "6", "6.5", "7", "7.5", "8", "8.5", "9", "9.5", "10", "11"]: null

2019-11-21 18:34:05 - [TEST_STEP][PASSED] - sizeRange5 = ["XS/S", "M/L"]: null

2019-11-21 18:34:05 - [TEST_STEP][PASSED] - sizeRange6 = ["One Size"]: null

2019-11-21 18:34:05 - [TEST_STEP][PASSED] - sizeRangeSplit = UtilityMethods.SplitSizes(findTestData("productData").getValue("SzRange", row)): null

2019-11-21 18:34:05 - [TEST_STEP][PASSED] - sizeType = getText(findTestObject("Object Repository/Page_cabi Order Items/Size")): Text of object 'Object Repository/Page_cabi Order Items/Size' is: 'Select'

2019-11-21 18:34:05 - [MESSAGE][PASSED] - Text of object 'Object Repository/Page_cabi Order Items/Size' is: 'Select'

2019-11-21 18:34:05 - [TEST_STEP][PASSED] - sizeOptions = findWebElements(findTestObject("Object Repository/Page_cabi Order Items/Size"), 5): null

2019-11-21 18:34:05 - [TEST_STEP][PASSED] - actualRange = new java.util.ArrayList(): null

2019-11-21 18:34:05 - [TEST_STEP][PASSED] - expectedRange = <not implemented yet for class: org.codehaus.groovy.ast.expr.EmptyExpression>: null

2019-11-21 18:34:05 - [TEST_STEP][PASSED] - if (sizeType.equalsIgnoreCase("Select")): null

2019-11-21 18:34:05 - [TEST_STEP][PASSED] - for ([i = 1, i < sizeOptions.size(), (i++)]): null

2019-11-21 18:34:05 - [TEST_STEP][PASSED] - actualRange.add(getAttribute("value").toString()): null

2019-11-21 18:34:05 - [TEST_STEP][PASSED] - actualRange.add(getAttribute("value").toString()): null

2019-11-21 18:34:05 - [TEST_STEP][PASSED] - actualRange.add(getAttribute("value").toString()): null

2019-11-21 18:34:05 - [TEST_STEP][PASSED] - actualRange.add(getAttribute("value").toString()): null

2019-11-21 18:34:05 - [TEST_STEP][PASSED] - actualRange.add(getAttribute("value").toString()): null

2019-11-21 18:34:05 - [TEST_STEP][PASSED] - actualRange.add(getAttribute("value").toString()): null

2019-11-21 18:34:05 - [TEST_STEP][PASSED] - if (toString().equalsIgnoreCase("XS") || toString().equalsIgnoreCase("XXS")): null

2019-11-21 18:34:05 - [TEST_STEP][PASSED] - expectedRange = UtilityMethods.getExpectedRange(sizeRange1, sizeRangeSplit): null

2019-11-21 18:34:05 - [TEST_STEP][PASSED] - println("XS"): null

2019-11-21 18:34:05 - [TEST_STEP][PASSED] - println(expectedRange.toString()): null

2019-11-21 18:34:05 - [TEST_STEP][PASSED] - sa.assertTrue(UtilityMethods.listEquals(expectedRange, actualRange)): null

2019-11-21 18:34:05 - [TEST_STEP][PASSED] - delay(2): Delayed 2 second(s)

2019-11-21 18:34:07 - [MESSAGE][PASSED] - Delayed 2 second(s)

2019-11-21 18:34:07 - [TEST_STEP][PASSED] - verifyElementText(findTestObject("Page_cabi Order Items/product_title"), findTestData("productData").getValue("Description", row), CONTINUE_ON_FAILURE): Actual text and expected text of test object 'Object Repository/Page_cabi Order Items/product_title' are matched.

2019-11-21 18:34:07 - [MESSAGE][PASSED] - Actual text and expected text of test object 'Object Repository/Page_cabi Order Items/product_title' are matched.

2019-11-21 18:34:07 - [TEST_STEP][PASSED] - finalContent = findTestData("productData").getValue("FinalContent", row): null

2019-11-21 18:34:07 - [TEST_STEP][PASSED] - if (finalContent.equalsIgnoreCase("")): null

2019-11-21 18:34:07 - [TEST_STEP][PASSED] - else: Actual text and expected text of test object 'Object Repository/Page_cabi Order Items/product_fabric' are matched.

2019-11-21 18:34:07 - [TEST_STEP][PASSED] - verifyElementText(findTestObject("Page_cabi Order Items/product_fabric"), finalContent, CONTINUE_ON_FAILURE): Actual text and expected text of test object 'Object Repository/Page_cabi Order Items/product_fabric' are matched.

2019-11-21 18:34:07 - [MESSAGE][PASSED] - Actual text and expected text of test object 'Object Repository/Page_cabi Order Items/product_fabric' are matched.

2019-11-21 18:34:07 - [TEST_STEP][PASSED] - expectedCasreIntrn = findTestData("productData").getValue("CareInstr", row): null

2019-11-21 18:34:07 - [TEST_STEP][PASSED] - if (expectedCasreIntrn.equalsIgnoreCase("")): null

2019-11-21 18:34:08 - [TEST_STEP][PASSED] - else: null

2019-11-21 18:34:08 - [TEST_STEP][PASSED] - actualCasreIntrn = "<div>" + getText(findTestObject("Page_cabi Order Items/care_instruction")) + "</div>": Text of object 'Object Repository/Page_cabi Order Items/care_instruction' is: 'Machine wash with like colors in cold water on the delicate cycle. Only non-chlorine bleach if needed. Lay flat to dry. Steam iron on the reverse side if needed.'

2019-11-21 18:34:08 - [MESSAGE][PASSED] - Text of object 'Object Repository/Page_cabi Order Items/care_instruction' is: 'Machine wash with like colors in cold water on the delicate cycle. Only non-chlorine bleach if needed. Lay flat to dry. Steam iron on the reverse side if needed.'

2019-11-21 18:34:08 - [TEST_STEP][PASSED] - sa.assertTrue(actualCasreIntrn.equals(expectedCasreIntrn)): null

2019-11-21 18:34:08 - [TEST_STEP][PASSED] - delay(5): Delayed 5 second(s)

2019-11-21 18:34:13 - [MESSAGE][PASSED] - Delayed 5 second(s)

2019-11-21 18:34:13 - [TEST_STEP][PASSED] - sa = new org.testng.asserts.SoftAssert(): null

2019-11-21 18:34:13 - [TEST_STEP][PASSED] - styleid_data = findTestData("productData").getValue("Style", row): null

2019-11-21 18:34:13 - [TEST_STEP][PASSED] - println(styleid_data): null

2019-11-21 18:34:13 - [TEST_STEP][PASSED] - by = By.xpath("//input[@name='style']"): null

2019-11-21 18:34:13 - [TEST_STEP][PASSED] - styleWe = UtilityMethods.getElementByLocator(by, driver): null

2019-11-21 18:34:13 - [TEST_STEP][PASSED] - to = UtilityMethods.fromElement(styleWe): null

2019-11-21 18:34:13 - [TEST_STEP][PASSED] - println("******************+++++++++++++++++++**********************************************"): null

2019-11-21 18:34:13 - [TEST_STEP][PASSED] - setText(to, styleid_data): Text '5678' is set on object ''

2019-11-21 18:34:13 - [MESSAGE][PASSED] - Text '5678' is set on object ''

2019-11-21 18:34:13 - [TEST_STEP][PASSED] - sendKeys(to, Keys.chord(ENTER)): Keys 'ENTER + ' sent to object: ''

2019-11-21 18:34:13 - [MESSAGE][PASSED] - Keys 'ENTER + ' sent to object: ''

2019-11-21 18:34:13 - [TEST_STEP][PASSED] - delay(2): Delayed 2 second(s)

2019-11-21 18:34:15 - [MESSAGE][PASSED] - Delayed 2 second(s)

2019-11-21 18:34:15 - [TEST_STEP][PASSED] - if (toString().equalsIgnoreCase("no")): null

2019-11-21 18:34:15 - [TEST_STEP][PASSED] - else: null

2019-11-21 18:34:15 - [TEST_STEP][PASSED] - click(findTestObject("Page_cabi Order Items/li_order_item")): Object: 'Object Repository/Page_cabi Order Items/li_order_item' is clicked on

2019-11-21 18:34:21 - [MESSAGE][PASSED] - Object: 'Object Repository/Page_cabi Order Items/li_order_item' is clicked on

2019-11-21 18:34:21 - [TEST_STEP][PASSED] - delay(5): Delayed 5 second(s)

2019-11-21 18:34:26 - [MESSAGE][PASSED] - Delayed 5 second(s)

2019-11-21 18:34:26 - [TEST_STEP][PASSED] - imagePath = UtilityMethods.createScreenshotImagePath(storeType, styleid_data): null

2019-11-21 18:34:26 - [TEST_STEP][PASSED] - println(imagePath): null

2019-11-21 18:34:26 - [TEST_STEP][PASSED] - takeScreenshot(imagePath): Taking screenshot successfully

2019-11-21 18:34:26 - [MESSAGE][PASSED] - Taking screenshot successfully
[[ATTACHMENT|C:\\Users\\user\\Documents\\testautomation\\KatalonProjects\\productImages\\BOPersonal_5678 image.png]]

2019-11-21 18:34:26 - [TEST_STEP][PASSED] - verifyElementText(findTestObject("Page_cabi Order Items/GetAttribute_getID"), styleid_data, CONTINUE_ON_FAILURE): Actual text and expected text of test object 'Object Repository/Page_cabi Order Items/GetAttribute_getID' are matched.

2019-11-21 18:34:26 - [MESSAGE][PASSED] - Actual text and expected text of test object 'Object Repository/Page_cabi Order Items/GetAttribute_getID' are matched.

2019-11-21 18:34:26 - [TEST_STEP][PASSED] - colorOptions = findWebElements(findTestObject("Page_cabi Order Items/GetAttribute_Color"), 5): null

2019-11-21 18:34:26 - [TEST_STEP][PASSED] - println(colorOptions.size()): null

2019-11-21 18:34:26 - [TEST_STEP][PASSED] - expectedColour = findTestData("productData").getValue("Color", row): null

2019-11-21 18:34:26 - [TEST_STEP][PASSED] - println("expected colour is"): null

2019-11-21 18:34:26 - [TEST_STEP][PASSED] - println(expectedColour): null

2019-11-21 18:34:26 - [TEST_STEP][PASSED] - colourVerified = false: null

2019-11-21 18:34:26 - [TEST_STEP][PASSED] - for (org.openqa.selenium.WebElement op : colorOptions): null

2019-11-21 18:34:26 - [TEST_STEP][PASSED] - println(op.getText()): null

2019-11-21 18:34:26 - [TEST_STEP][PASSED] - if (expectedColour.equalsIgnoreCase(op.getText())): null

2019-11-21 18:34:26 - [TEST_STEP][PASSED] - colourVerified = true: null

2019-11-21 18:34:26 - [TEST_STEP][PASSED] - break: null

2019-11-21 18:34:26 - [TEST_STEP][PASSED] - sa.assertTrue(colourVerified): null

2019-11-21 18:34:26 - [TEST_STEP][PASSED] - getPrice = getText(findTestObject("Page_cabi Order Items/GetAttribute_Price")): Text of object 'Object Repository/Page_cabi Order Items/GetAttribute_Price' is: 'Price : £94.00'

2019-11-21 18:34:27 - [MESSAGE][PASSED] - Text of object 'Object Repository/Page_cabi Order Items/GetAttribute_Price' is: 'Price : £94.00'

2019-11-21 18:34:27 - [TEST_STEP][PASSED] - Split_Data = UtilityMethods.SplitData(getPrice): null

2019-11-21 18:34:27 - [TEST_STEP][PASSED] - verifyMatch(Split_Data, findTestData("productData").getValue("Retail", row), true, CONTINUE_ON_FAILURE): Actual text '94' and expected text '94' are matched  using regular expression

2019-11-21 18:34:27 - [MESSAGE][PASSED] - Actual text '94' and expected text '94' are matched  using regular expression

2019-11-21 18:34:27 - [TEST_STEP][PASSED] - sizeRange1 = ["XXS", "XS", "S", "M", "L", "XL", "XXL"]: null

2019-11-21 18:34:27 - [TEST_STEP][PASSED] - sizeRange2 = ["00", "0", "2", "4", "6", "8", "10", "12", "14", "16"]: null

2019-11-21 18:34:27 - [TEST_STEP][PASSED] - sizeRange3 = ["Long", "Regular", "Short"]: null

2019-11-21 18:34:27 - [TEST_STEP][PASSED] - sizeRange4 = ["5", "6", "6.5", "7", "7.5", "8", "8.5", "9", "9.5", "10", "11"]: null

2019-11-21 18:34:27 - [TEST_STEP][PASSED] - sizeRange5 = ["XS/S", "M/L"]: null

2019-11-21 18:34:27 - [TEST_STEP][PASSED] - sizeRange6 = ["One Size"]: null

2019-11-21 18:34:27 - [TEST_STEP][PASSED] - sizeRangeSplit = UtilityMethods.SplitSizes(findTestData("productData").getValue("SzRange", row)): null

2019-11-21 18:34:27 - [TEST_STEP][PASSED] - sizeType = getText(findTestObject("Object Repository/Page_cabi Order Items/Size")): Text of object 'Object Repository/Page_cabi Order Items/Size' is: 'Select'

2019-11-21 18:34:27 - [MESSAGE][PASSED] - Text of object 'Object Repository/Page_cabi Order Items/Size' is: 'Select'

2019-11-21 18:34:27 - [TEST_STEP][PASSED] - sizeOptions = findWebElements(findTestObject("Object Repository/Page_cabi Order Items/Size"), 5): null

2019-11-21 18:34:27 - [TEST_STEP][PASSED] - actualRange = new java.util.ArrayList(): null

2019-11-21 18:34:27 - [TEST_STEP][PASSED] - expectedRange = <not implemented yet for class: org.codehaus.groovy.ast.expr.EmptyExpression>: null

2019-11-21 18:34:27 - [TEST_STEP][PASSED] - if (sizeType.equalsIgnoreCase("Select")): null

2019-11-21 18:34:27 - [TEST_STEP][PASSED] - for ([i = 1, i < sizeOptions.size(), (i++)]): null

2019-11-21 18:34:27 - [TEST_STEP][PASSED] - actualRange.add(getAttribute("value").toString()): null

2019-11-21 18:34:27 - [TEST_STEP][PASSED] - actualRange.add(getAttribute("value").toString()): null

2019-11-21 18:34:27 - [TEST_STEP][PASSED] - actualRange.add(getAttribute("value").toString()): null

2019-11-21 18:34:27 - [TEST_STEP][PASSED] - actualRange.add(getAttribute("value").toString()): null

2019-11-21 18:34:27 - [TEST_STEP][PASSED] - actualRange.add(getAttribute("value").toString()): null

2019-11-21 18:34:27 - [TEST_STEP][PASSED] - actualRange.add(getAttribute("value").toString()): null

2019-11-21 18:34:27 - [TEST_STEP][PASSED] - actualRange.add(getAttribute("value").toString()): null

2019-11-21 18:34:27 - [TEST_STEP][PASSED] - actualRange.add(getAttribute("value").toString()): null

2019-11-21 18:34:27 - [TEST_STEP][PASSED] - actualRange.add(getAttribute("value").toString()): null

2019-11-21 18:34:27 - [TEST_STEP][PASSED] - if (toString().equalsIgnoreCase("XS") || toString().equalsIgnoreCase("XXS")): null

2019-11-21 18:34:27 - [TEST_STEP][PASSED] - else if (toString().equalsIgnoreCase("00") || toString().equalsIgnoreCase("0")): null

2019-11-21 18:34:27 - [TEST_STEP][PASSED] - expectedRange = UtilityMethods.getExpectedRange(sizeRange2, sizeRangeSplit): null

2019-11-21 18:34:27 - [TEST_STEP][PASSED] - println("00"): null

2019-11-21 18:34:27 - [TEST_STEP][PASSED] - println(expectedRange.toString()): null

2019-11-21 18:34:27 - [TEST_STEP][PASSED] - sa.assertTrue(UtilityMethods.listEquals(expectedRange, actualRange)): null

2019-11-21 18:34:27 - [TEST_STEP][PASSED] - delay(2): Delayed 2 second(s)

2019-11-21 18:34:29 - [MESSAGE][PASSED] - Delayed 2 second(s)

2019-11-21 18:34:29 - [TEST_STEP][PASSED] - verifyElementText(findTestObject("Page_cabi Order Items/product_title"), findTestData("productData").getValue("Description", row), CONTINUE_ON_FAILURE): Actual text and expected text of test object 'Object Repository/Page_cabi Order Items/product_title' are matched.

2019-11-21 18:34:29 - [MESSAGE][PASSED] - Actual text and expected text of test object 'Object Repository/Page_cabi Order Items/product_title' are matched.

2019-11-21 18:34:29 - [TEST_STEP][PASSED] - finalContent = findTestData("productData").getValue("FinalContent", row): null

2019-11-21 18:34:29 - [TEST_STEP][PASSED] - if (finalContent.equalsIgnoreCase("")): null

2019-11-21 18:34:29 - [TEST_STEP][PASSED] - else: Actual text and expected text of test object 'Object Repository/Page_cabi Order Items/product_fabric' are matched.

2019-11-21 18:34:29 - [TEST_STEP][PASSED] - verifyElementText(findTestObject("Page_cabi Order Items/product_fabric"), finalContent, CONTINUE_ON_FAILURE): Actual text and expected text of test object 'Object Repository/Page_cabi Order Items/product_fabric' are matched.

2019-11-21 18:34:29 - [MESSAGE][PASSED] - Actual text and expected text of test object 'Object Repository/Page_cabi Order Items/product_fabric' are matched.

2019-11-21 18:34:29 - [TEST_STEP][PASSED] - expectedCasreIntrn = findTestData("productData").getValue("CareInstr", row): null

2019-11-21 18:34:30 - [TEST_STEP][PASSED] - if (expectedCasreIntrn.equalsIgnoreCase("")): null

2019-11-21 18:34:30 - [TEST_STEP][PASSED] - else: null

2019-11-21 18:34:30 - [TEST_STEP][PASSED] - actualCasreIntrn = "<div>" + getText(findTestObject("Page_cabi Order Items/care_instruction")) + "</div>": Text of object 'Object Repository/Page_cabi Order Items/care_instruction' is: 'Dry clean for best results. Can be machine washed in a mesh bag in cold water on the delicate cycle. Only non-chlorine bleach if needed. Lay flat to dry. Steam iron only if needed.'

2019-11-21 18:34:30 - [MESSAGE][PASSED] - Text of object 'Object Repository/Page_cabi Order Items/care_instruction' is: 'Dry clean for best results. Can be machine washed in a mesh bag in cold water on the delicate cycle. Only non-chlorine bleach if needed. Lay flat to dry. Steam iron only if needed.'

2019-11-21 18:34:30 - [TEST_STEP][PASSED] - sa.assertTrue(actualCasreIntrn.equals(expectedCasreIntrn)): null

2019-11-21 18:34:30 - [TEST_STEP][PASSED] - delay(5): Delayed 5 second(s)

2019-11-21 18:34:35 - [MESSAGE][PASSED] - Delayed 5 second(s)

2019-11-21 18:34:35 - [TEST_STEP][PASSED] - sa = new org.testng.asserts.SoftAssert(): null

2019-11-21 18:34:35 - [TEST_STEP][PASSED] - styleid_data = findTestData("productData").getValue("Style", row): null

2019-11-21 18:34:35 - [TEST_STEP][PASSED] - println(styleid_data): null

2019-11-21 18:34:35 - [TEST_STEP][PASSED] - by = By.xpath("//input[@name='style']"): null

2019-11-21 18:34:35 - [TEST_STEP][PASSED] - styleWe = UtilityMethods.getElementByLocator(by, driver): null

2019-11-21 18:34:35 - [TEST_STEP][PASSED] - to = UtilityMethods.fromElement(styleWe): null

2019-11-21 18:34:35 - [TEST_STEP][PASSED] - println("******************+++++++++++++++++++**********************************************"): null

2019-11-21 18:34:35 - [TEST_STEP][PASSED] - setText(to, styleid_data): Text '5679' is set on object ''

2019-11-21 18:34:35 - [MESSAGE][PASSED] - Text '5679' is set on object ''

2019-11-21 18:34:35 - [TEST_STEP][PASSED] - sendKeys(to, Keys.chord(ENTER)): Keys 'ENTER + ' sent to object: ''

2019-11-21 18:34:35 - [MESSAGE][PASSED] - Keys 'ENTER + ' sent to object: ''

2019-11-21 18:34:35 - [TEST_STEP][PASSED] - delay(2): Delayed 2 second(s)

2019-11-21 18:34:37 - [MESSAGE][PASSED] - Delayed 2 second(s)

2019-11-21 18:34:37 - [TEST_STEP][PASSED] - if (toString().equalsIgnoreCase("no")): null

2019-11-21 18:34:37 - [TEST_STEP][PASSED] - else: null

2019-11-21 18:34:37 - [TEST_STEP][PASSED] - click(findTestObject("Page_cabi Order Items/li_order_item")): Object: 'Object Repository/Page_cabi Order Items/li_order_item' is clicked on

2019-11-21 18:34:43 - [MESSAGE][PASSED] - Object: 'Object Repository/Page_cabi Order Items/li_order_item' is clicked on

2019-11-21 18:34:43 - [TEST_STEP][PASSED] - delay(5): Delayed 5 second(s)

2019-11-21 18:34:48 - [MESSAGE][PASSED] - Delayed 5 second(s)

2019-11-21 18:34:48 - [TEST_STEP][PASSED] - imagePath = UtilityMethods.createScreenshotImagePath(storeType, styleid_data): null

2019-11-21 18:34:48 - [TEST_STEP][PASSED] - println(imagePath): null

2019-11-21 18:34:48 - [TEST_STEP][PASSED] - takeScreenshot(imagePath): Taking screenshot successfully

2019-11-21 18:34:49 - [MESSAGE][PASSED] - Taking screenshot successfully
[[ATTACHMENT|C:\\Users\\user\\Documents\\testautomation\\KatalonProjects\\productImages\\BOPersonal_5679 image.png]]

2019-11-21 18:34:49 - [TEST_STEP][PASSED] - verifyElementText(findTestObject("Page_cabi Order Items/GetAttribute_getID"), styleid_data, CONTINUE_ON_FAILURE): Actual text and expected text of test object 'Object Repository/Page_cabi Order Items/GetAttribute_getID' are matched.

2019-11-21 18:34:49 - [MESSAGE][PASSED] - Actual text and expected text of test object 'Object Repository/Page_cabi Order Items/GetAttribute_getID' are matched.

2019-11-21 18:34:49 - [TEST_STEP][PASSED] - colorOptions = findWebElements(findTestObject("Page_cabi Order Items/GetAttribute_Color"), 5): null

2019-11-21 18:34:49 - [TEST_STEP][PASSED] - println(colorOptions.size()): null

2019-11-21 18:34:49 - [TEST_STEP][PASSED] - expectedColour = findTestData("productData").getValue("Color", row): null

2019-11-21 18:34:49 - [TEST_STEP][PASSED] - println("expected colour is"): null

2019-11-21 18:34:49 - [TEST_STEP][PASSED] - println(expectedColour): null

2019-11-21 18:34:49 - [TEST_STEP][PASSED] - colourVerified = false: null

2019-11-21 18:34:49 - [TEST_STEP][PASSED] - for (org.openqa.selenium.WebElement op : colorOptions): null

2019-11-21 18:34:49 - [TEST_STEP][PASSED] - println(op.getText()): null

2019-11-21 18:34:49 - [TEST_STEP][PASSED] - if (expectedColour.equalsIgnoreCase(op.getText())): null

2019-11-21 18:34:49 - [TEST_STEP][PASSED] - colourVerified = true: null

2019-11-21 18:34:49 - [TEST_STEP][PASSED] - break: null

2019-11-21 18:34:49 - [TEST_STEP][PASSED] - sa.assertTrue(colourVerified): null

2019-11-21 18:34:49 - [TEST_STEP][PASSED] - getPrice = getText(findTestObject("Page_cabi Order Items/GetAttribute_Price")): Text of object 'Object Repository/Page_cabi Order Items/GetAttribute_Price' is: 'Price : £94.00'

2019-11-21 18:34:49 - [MESSAGE][PASSED] - Text of object 'Object Repository/Page_cabi Order Items/GetAttribute_Price' is: 'Price : £94.00'

2019-11-21 18:34:49 - [TEST_STEP][PASSED] - Split_Data = UtilityMethods.SplitData(getPrice): null

2019-11-21 18:34:49 - [TEST_STEP][PASSED] - verifyMatch(Split_Data, findTestData("productData").getValue("Retail", row), true, CONTINUE_ON_FAILURE): Actual text '94' and expected text '94' are matched  using regular expression

2019-11-21 18:34:49 - [MESSAGE][PASSED] - Actual text '94' and expected text '94' are matched  using regular expression

2019-11-21 18:34:49 - [TEST_STEP][PASSED] - sizeRange1 = ["XXS", "XS", "S", "M", "L", "XL", "XXL"]: null

2019-11-21 18:34:49 - [TEST_STEP][PASSED] - sizeRange2 = ["00", "0", "2", "4", "6", "8", "10", "12", "14", "16"]: null

2019-11-21 18:34:49 - [TEST_STEP][PASSED] - sizeRange3 = ["Long", "Regular", "Short"]: null

2019-11-21 18:34:49 - [TEST_STEP][PASSED] - sizeRange4 = ["5", "6", "6.5", "7", "7.5", "8", "8.5", "9", "9.5", "10", "11"]: null

2019-11-21 18:34:49 - [TEST_STEP][PASSED] - sizeRange5 = ["XS/S", "M/L"]: null

2019-11-21 18:34:49 - [TEST_STEP][PASSED] - sizeRange6 = ["One Size"]: null

2019-11-21 18:34:49 - [TEST_STEP][PASSED] - sizeRangeSplit = UtilityMethods.SplitSizes(findTestData("productData").getValue("SzRange", row)): null

2019-11-21 18:34:49 - [TEST_STEP][PASSED] - sizeType = getText(findTestObject("Object Repository/Page_cabi Order Items/Size")): Text of object 'Object Repository/Page_cabi Order Items/Size' is: 'Select'

2019-11-21 18:34:50 - [MESSAGE][PASSED] - Text of object 'Object Repository/Page_cabi Order Items/Size' is: 'Select'

2019-11-21 18:34:50 - [TEST_STEP][PASSED] - sizeOptions = findWebElements(findTestObject("Object Repository/Page_cabi Order Items/Size"), 5): null

2019-11-21 18:34:50 - [TEST_STEP][PASSED] - actualRange = new java.util.ArrayList(): null

2019-11-21 18:34:50 - [TEST_STEP][PASSED] - expectedRange = <not implemented yet for class: org.codehaus.groovy.ast.expr.EmptyExpression>: null

2019-11-21 18:34:50 - [TEST_STEP][PASSED] - if (sizeType.equalsIgnoreCase("Select")): null

2019-11-21 18:34:50 - [TEST_STEP][PASSED] - for ([i = 1, i < sizeOptions.size(), (i++)]): null

2019-11-21 18:34:50 - [TEST_STEP][PASSED] - actualRange.add(getAttribute("value").toString()): null

2019-11-21 18:34:50 - [TEST_STEP][PASSED] - actualRange.add(getAttribute("value").toString()): null

2019-11-21 18:34:50 - [TEST_STEP][PASSED] - actualRange.add(getAttribute("value").toString()): null

2019-11-21 18:34:50 - [TEST_STEP][PASSED] - actualRange.add(getAttribute("value").toString()): null

2019-11-21 18:34:50 - [TEST_STEP][PASSED] - actualRange.add(getAttribute("value").toString()): null

2019-11-21 18:34:50 - [TEST_STEP][PASSED] - actualRange.add(getAttribute("value").toString()): null

2019-11-21 18:34:50 - [TEST_STEP][PASSED] - actualRange.add(getAttribute("value").toString()): null

2019-11-21 18:34:50 - [TEST_STEP][PASSED] - actualRange.add(getAttribute("value").toString()): null

2019-11-21 18:34:50 - [TEST_STEP][PASSED] - actualRange.add(getAttribute("value").toString()): null

2019-11-21 18:34:50 - [TEST_STEP][PASSED] - actualRange.add(getAttribute("value").toString()): null

2019-11-21 18:34:50 - [TEST_STEP][PASSED] - actualRange.add(getAttribute("value").toString()): null

2019-11-21 18:34:50 - [TEST_STEP][PASSED] - if (toString().equalsIgnoreCase("XS") || toString().equalsIgnoreCase("XXS")): null

2019-11-21 18:34:50 - [TEST_STEP][PASSED] - else if (toString().equalsIgnoreCase("00") || toString().equalsIgnoreCase("0")): null

2019-11-21 18:34:50 - [TEST_STEP][PASSED] - expectedRange = UtilityMethods.getExpectedRange(sizeRange2, sizeRangeSplit): null

2019-11-21 18:34:50 - [TEST_STEP][PASSED] - println("00"): null

2019-11-21 18:34:50 - [TEST_STEP][PASSED] - println(expectedRange.toString()): null

2019-11-21 18:34:50 - [TEST_STEP][PASSED] - sa.assertTrue(UtilityMethods.listEquals(expectedRange, actualRange)): null

2019-11-21 18:34:50 - [TEST_STEP][PASSED] - delay(2): Delayed 2 second(s)

2019-11-21 18:34:52 - [MESSAGE][PASSED] - Delayed 2 second(s)

2019-11-21 18:34:52 - [TEST_STEP][PASSED] - verifyElementText(findTestObject("Page_cabi Order Items/product_title"), findTestData("productData").getValue("Description", row), CONTINUE_ON_FAILURE): Actual text and expected text of test object 'Object Repository/Page_cabi Order Items/product_title' are matched.

2019-11-21 18:34:52 - [MESSAGE][PASSED] - Actual text and expected text of test object 'Object Repository/Page_cabi Order Items/product_title' are matched.

2019-11-21 18:34:52 - [TEST_STEP][PASSED] - finalContent = findTestData("productData").getValue("FinalContent", row): null

2019-11-21 18:34:52 - [TEST_STEP][PASSED] - if (finalContent.equalsIgnoreCase("")): null

2019-11-21 18:34:52 - [TEST_STEP][PASSED] - else: Actual text and expected text of test object 'Object Repository/Page_cabi Order Items/product_fabric' are matched.

2019-11-21 18:34:52 - [TEST_STEP][PASSED] - verifyElementText(findTestObject("Page_cabi Order Items/product_fabric"), finalContent, CONTINUE_ON_FAILURE): Actual text and expected text of test object 'Object Repository/Page_cabi Order Items/product_fabric' are matched.

2019-11-21 18:34:52 - [MESSAGE][PASSED] - Actual text and expected text of test object 'Object Repository/Page_cabi Order Items/product_fabric' are matched.

2019-11-21 18:34:52 - [TEST_STEP][PASSED] - expectedCasreIntrn = findTestData("productData").getValue("CareInstr", row): null

2019-11-21 18:34:52 - [TEST_STEP][PASSED] - if (expectedCasreIntrn.equalsIgnoreCase("")): null

2019-11-21 18:34:52 - [TEST_STEP][PASSED] - else: null

2019-11-21 18:34:52 - [TEST_STEP][PASSED] - actualCasreIntrn = "<div>" + getText(findTestObject("Page_cabi Order Items/care_instruction")) + "</div>": Text of object 'Object Repository/Page_cabi Order Items/care_instruction' is: 'Machine wash, inside out, with mild detergent in cold water on the delicate cycle. Only non-chlorine bleach if needed. Do not twist or wring. Lay flat to dry. Warm iron if needed. Can be dry cleaned.'

2019-11-21 18:34:52 - [MESSAGE][PASSED] - Text of object 'Object Repository/Page_cabi Order Items/care_instruction' is: 'Machine wash, inside out, with mild detergent in cold water on the delicate cycle. Only non-chlorine bleach if needed. Do not twist or wring. Lay flat to dry. Warm iron if needed. Can be dry cleaned.'

2019-11-21 18:34:52 - [TEST_STEP][PASSED] - sa.assertTrue(actualCasreIntrn.equals(expectedCasreIntrn)): null

2019-11-21 18:34:52 - [TEST_STEP][PASSED] - delay(5): Delayed 5 second(s)

2019-11-21 18:34:57 - [MESSAGE][PASSED] - Delayed 5 second(s)

2019-11-21 18:34:57 - [TEST_STEP][PASSED] - sa = new org.testng.asserts.SoftAssert(): null

2019-11-21 18:34:57 - [TEST_STEP][PASSED] - styleid_data = findTestData("productData").getValue("Style", row): null

2019-11-21 18:34:58 - [TEST_STEP][PASSED] - println(styleid_data): null

2019-11-21 18:34:58 - [TEST_STEP][PASSED] - by = By.xpath("//input[@name='style']"): null

2019-11-21 18:34:58 - [TEST_STEP][PASSED] - styleWe = UtilityMethods.getElementByLocator(by, driver): null

2019-11-21 18:34:58 - [TEST_STEP][PASSED] - to = UtilityMethods.fromElement(styleWe): null

2019-11-21 18:34:58 - [TEST_STEP][PASSED] - println("******************+++++++++++++++++++**********************************************"): null

2019-11-21 18:34:58 - [TEST_STEP][PASSED] - setText(to, styleid_data): Text '5680' is set on object ''

2019-11-21 18:34:58 - [MESSAGE][PASSED] - Text '5680' is set on object ''

2019-11-21 18:34:58 - [TEST_STEP][PASSED] - sendKeys(to, Keys.chord(ENTER)): Keys 'ENTER + ' sent to object: ''

2019-11-21 18:34:58 - [MESSAGE][PASSED] - Keys 'ENTER + ' sent to object: ''

2019-11-21 18:34:58 - [TEST_STEP][PASSED] - delay(2): Delayed 2 second(s)

2019-11-21 18:35:00 - [MESSAGE][PASSED] - Delayed 2 second(s)

2019-11-21 18:35:00 - [TEST_STEP][PASSED] - if (toString().equalsIgnoreCase("no")): null

2019-11-21 18:35:00 - [TEST_STEP][PASSED] - else: null

2019-11-21 18:35:00 - [TEST_STEP][PASSED] - click(findTestObject("Page_cabi Order Items/li_order_item")): Object: 'Object Repository/Page_cabi Order Items/li_order_item' is clicked on

2019-11-21 18:35:06 - [MESSAGE][PASSED] - Object: 'Object Repository/Page_cabi Order Items/li_order_item' is clicked on

2019-11-21 18:35:06 - [TEST_STEP][PASSED] - delay(5): Delayed 5 second(s)

2019-11-21 18:35:11 - [MESSAGE][PASSED] - Delayed 5 second(s)

2019-11-21 18:35:11 - [TEST_STEP][PASSED] - imagePath = UtilityMethods.createScreenshotImagePath(storeType, styleid_data): null

2019-11-21 18:35:11 - [TEST_STEP][PASSED] - println(imagePath): null

2019-11-21 18:35:11 - [TEST_STEP][PASSED] - takeScreenshot(imagePath): Taking screenshot successfully

2019-11-21 18:35:12 - [MESSAGE][PASSED] - Taking screenshot successfully
[[ATTACHMENT|C:\\Users\\user\\Documents\\testautomation\\KatalonProjects\\productImages\\BOPersonal_5680 image.png]]

2019-11-21 18:35:12 - [TEST_STEP][PASSED] - verifyElementText(findTestObject("Page_cabi Order Items/GetAttribute_getID"), styleid_data, CONTINUE_ON_FAILURE): Actual text and expected text of test object 'Object Repository/Page_cabi Order Items/GetAttribute_getID' are matched.

2019-11-21 18:35:12 - [MESSAGE][PASSED] - Actual text and expected text of test object 'Object Repository/Page_cabi Order Items/GetAttribute_getID' are matched.

2019-11-21 18:35:12 - [TEST_STEP][PASSED] - colorOptions = findWebElements(findTestObject("Page_cabi Order Items/GetAttribute_Color"), 5): null

2019-11-21 18:35:12 - [TEST_STEP][PASSED] - println(colorOptions.size()): null

2019-11-21 18:35:12 - [TEST_STEP][PASSED] - expectedColour = findTestData("productData").getValue("Color", row): null

2019-11-21 18:35:12 - [TEST_STEP][PASSED] - println("expected colour is"): null

2019-11-21 18:35:12 - [TEST_STEP][PASSED] - println(expectedColour): null

2019-11-21 18:35:12 - [TEST_STEP][PASSED] - colourVerified = false: null

2019-11-21 18:35:12 - [TEST_STEP][PASSED] - for (org.openqa.selenium.WebElement op : colorOptions): null

2019-11-21 18:35:12 - [TEST_STEP][PASSED] - println(op.getText()): null

2019-11-21 18:35:12 - [TEST_STEP][PASSED] - if (expectedColour.equalsIgnoreCase(op.getText())): null

2019-11-21 18:35:12 - [TEST_STEP][PASSED] - colourVerified = true: null

2019-11-21 18:35:12 - [TEST_STEP][PASSED] - break: null

2019-11-21 18:35:12 - [TEST_STEP][PASSED] - sa.assertTrue(colourVerified): null

2019-11-21 18:35:12 - [TEST_STEP][PASSED] - getPrice = getText(findTestObject("Page_cabi Order Items/GetAttribute_Price")): Text of object 'Object Repository/Page_cabi Order Items/GetAttribute_Price' is: 'Price : £84.00'

2019-11-21 18:35:12 - [MESSAGE][PASSED] - Text of object 'Object Repository/Page_cabi Order Items/GetAttribute_Price' is: 'Price : £84.00'

2019-11-21 18:35:12 - [TEST_STEP][PASSED] - Split_Data = UtilityMethods.SplitData(getPrice): null

2019-11-21 18:35:12 - [TEST_STEP][PASSED] - verifyMatch(Split_Data, findTestData("productData").getValue("Retail", row), true, CONTINUE_ON_FAILURE): Actual text '84' and expected text '84' are matched  using regular expression

2019-11-21 18:35:12 - [MESSAGE][PASSED] - Actual text '84' and expected text '84' are matched  using regular expression

2019-11-21 18:35:12 - [TEST_STEP][PASSED] - sizeRange1 = ["XXS", "XS", "S", "M", "L", "XL", "XXL"]: null

2019-11-21 18:35:12 - [TEST_STEP][PASSED] - sizeRange2 = ["00", "0", "2", "4", "6", "8", "10", "12", "14", "16"]: null

2019-11-21 18:35:12 - [TEST_STEP][PASSED] - sizeRange3 = ["Long", "Regular", "Short"]: null

2019-11-21 18:35:12 - [TEST_STEP][PASSED] - sizeRange4 = ["5", "6", "6.5", "7", "7.5", "8", "8.5", "9", "9.5", "10", "11"]: null

2019-11-21 18:35:12 - [TEST_STEP][PASSED] - sizeRange5 = ["XS/S", "M/L"]: null

2019-11-21 18:35:12 - [TEST_STEP][PASSED] - sizeRange6 = ["One Size"]: null

2019-11-21 18:35:12 - [TEST_STEP][PASSED] - sizeRangeSplit = UtilityMethods.SplitSizes(findTestData("productData").getValue("SzRange", row)): null

2019-11-21 18:35:12 - [TEST_STEP][PASSED] - sizeType = getText(findTestObject("Object Repository/Page_cabi Order Items/Size")): Text of object 'Object Repository/Page_cabi Order Items/Size' is: 'Select'

2019-11-21 18:35:12 - [MESSAGE][PASSED] - Text of object 'Object Repository/Page_cabi Order Items/Size' is: 'Select'

2019-11-21 18:35:12 - [TEST_STEP][PASSED] - sizeOptions = findWebElements(findTestObject("Object Repository/Page_cabi Order Items/Size"), 5): null

2019-11-21 18:35:12 - [TEST_STEP][PASSED] - actualRange = new java.util.ArrayList(): null

2019-11-21 18:35:12 - [TEST_STEP][PASSED] - expectedRange = <not implemented yet for class: org.codehaus.groovy.ast.expr.EmptyExpression>: null

2019-11-21 18:35:12 - [TEST_STEP][PASSED] - if (sizeType.equalsIgnoreCase("Select")): null

2019-11-21 18:35:12 - [TEST_STEP][PASSED] - for ([i = 1, i < sizeOptions.size(), (i++)]): null

2019-11-21 18:35:12 - [TEST_STEP][PASSED] - actualRange.add(getAttribute("value").toString()): null

2019-11-21 18:35:12 - [TEST_STEP][PASSED] - actualRange.add(getAttribute("value").toString()): null

2019-11-21 18:35:12 - [TEST_STEP][PASSED] - actualRange.add(getAttribute("value").toString()): null

2019-11-21 18:35:12 - [TEST_STEP][PASSED] - actualRange.add(getAttribute("value").toString()): null

2019-11-21 18:35:12 - [TEST_STEP][PASSED] - actualRange.add(getAttribute("value").toString()): null

2019-11-21 18:35:12 - [TEST_STEP][PASSED] - if (toString().equalsIgnoreCase("XS") || toString().equalsIgnoreCase("XXS")): null

2019-11-21 18:35:12 - [TEST_STEP][PASSED] - expectedRange = UtilityMethods.getExpectedRange(sizeRange1, sizeRangeSplit): null

2019-11-21 18:35:12 - [TEST_STEP][PASSED] - println("XS"): null

2019-11-21 18:35:12 - [TEST_STEP][PASSED] - println(expectedRange.toString()): null

2019-11-21 18:35:12 - [TEST_STEP][PASSED] - sa.assertTrue(UtilityMethods.listEquals(expectedRange, actualRange)): null

2019-11-21 18:35:12 - [TEST_STEP][PASSED] - delay(2): Delayed 2 second(s)

2019-11-21 18:35:14 - [MESSAGE][PASSED] - Delayed 2 second(s)

2019-11-21 18:35:14 - [TEST_STEP][PASSED] - verifyElementText(findTestObject("Page_cabi Order Items/product_title"), findTestData("productData").getValue("Description", row), CONTINUE_ON_FAILURE): Actual text and expected text of test object 'Object Repository/Page_cabi Order Items/product_title' are matched.

2019-11-21 18:35:15 - [MESSAGE][PASSED] - Actual text and expected text of test object 'Object Repository/Page_cabi Order Items/product_title' are matched.

2019-11-21 18:35:15 - [TEST_STEP][PASSED] - finalContent = findTestData("productData").getValue("FinalContent", row): null

2019-11-21 18:35:15 - [TEST_STEP][PASSED] - if (finalContent.equalsIgnoreCase("")): null

2019-11-21 18:35:15 - [TEST_STEP][PASSED] - else: Actual text and expected text of test object 'Object Repository/Page_cabi Order Items/product_fabric' are matched.

2019-11-21 18:35:15 - [TEST_STEP][PASSED] - verifyElementText(findTestObject("Page_cabi Order Items/product_fabric"), finalContent, CONTINUE_ON_FAILURE): Actual text and expected text of test object 'Object Repository/Page_cabi Order Items/product_fabric' are matched.

2019-11-21 18:35:15 - [MESSAGE][PASSED] - Actual text and expected text of test object 'Object Repository/Page_cabi Order Items/product_fabric' are matched.

2019-11-21 18:35:15 - [TEST_STEP][PASSED] - expectedCasreIntrn = findTestData("productData").getValue("CareInstr", row): null

2019-11-21 18:35:15 - [TEST_STEP][PASSED] - if (expectedCasreIntrn.equalsIgnoreCase("")): null

2019-11-21 18:35:15 - [TEST_STEP][PASSED] - else: null

2019-11-21 18:35:15 - [TEST_STEP][PASSED] - actualCasreIntrn = "<div>" + getText(findTestObject("Page_cabi Order Items/care_instruction")) + "</div>": Text of object 'Object Repository/Page_cabi Order Items/care_instruction' is: 'Wash by hand separately with cold water. Only non-chlorine bleach if needed. Do not twist or wring. Lay flat to dry. Steam iron only if needed. Can be dry cleaned.'

2019-11-21 18:35:15 - [MESSAGE][PASSED] - Text of object 'Object Repository/Page_cabi Order Items/care_instruction' is: 'Wash by hand separately with cold water. Only non-chlorine bleach if needed. Do not twist or wring. Lay flat to dry. Steam iron only if needed. Can be dry cleaned.'

2019-11-21 18:35:15 - [TEST_STEP][PASSED] - sa.assertTrue(actualCasreIntrn.equals(expectedCasreIntrn)): null

2019-11-21 18:35:15 - [TEST_STEP][PASSED] - delay(5): Delayed 5 second(s)

2019-11-21 18:35:20 - [MESSAGE][PASSED] - Delayed 5 second(s)

2019-11-21 18:35:20 - [TEST_STEP][PASSED] - sa = new org.testng.asserts.SoftAssert(): null

2019-11-21 18:35:20 - [TEST_STEP][PASSED] - styleid_data = findTestData("productData").getValue("Style", row): null

2019-11-21 18:35:20 - [TEST_STEP][PASSED] - println(styleid_data): null

2019-11-21 18:35:20 - [TEST_STEP][PASSED] - by = By.xpath("//input[@name='style']"): null

2019-11-21 18:35:20 - [TEST_STEP][PASSED] - styleWe = UtilityMethods.getElementByLocator(by, driver): null

2019-11-21 18:35:20 - [TEST_STEP][PASSED] - to = UtilityMethods.fromElement(styleWe): null

2019-11-21 18:35:20 - [TEST_STEP][PASSED] - println("******************+++++++++++++++++++**********************************************"): null

2019-11-21 18:35:20 - [TEST_STEP][PASSED] - setText(to, styleid_data): Text '5681' is set on object ''

2019-11-21 18:35:20 - [MESSAGE][PASSED] - Text '5681' is set on object ''

2019-11-21 18:35:20 - [TEST_STEP][PASSED] - sendKeys(to, Keys.chord(ENTER)): Keys 'ENTER + ' sent to object: ''

2019-11-21 18:35:20 - [MESSAGE][PASSED] - Keys 'ENTER + ' sent to object: ''

2019-11-21 18:35:20 - [TEST_STEP][PASSED] - delay(2): Delayed 2 second(s)

2019-11-21 18:35:22 - [MESSAGE][PASSED] - Delayed 2 second(s)

2019-11-21 18:35:22 - [TEST_STEP][PASSED] - if (toString().equalsIgnoreCase("no")): null

2019-11-21 18:35:22 - [TEST_STEP][PASSED] - else: null

2019-11-21 18:35:22 - [TEST_STEP][PASSED] - click(findTestObject("Page_cabi Order Items/li_order_item")): Object: 'Object Repository/Page_cabi Order Items/li_order_item' is clicked on

2019-11-21 18:35:28 - [MESSAGE][PASSED] - Object: 'Object Repository/Page_cabi Order Items/li_order_item' is clicked on

2019-11-21 18:35:28 - [TEST_STEP][PASSED] - delay(5): Delayed 5 second(s)

2019-11-21 18:35:33 - [MESSAGE][PASSED] - Delayed 5 second(s)

2019-11-21 18:35:33 - [TEST_STEP][PASSED] - imagePath = UtilityMethods.createScreenshotImagePath(storeType, styleid_data): null

2019-11-21 18:35:33 - [TEST_STEP][PASSED] - println(imagePath): null

2019-11-21 18:35:33 - [TEST_STEP][PASSED] - takeScreenshot(imagePath): Taking screenshot successfully

2019-11-21 18:35:33 - [MESSAGE][PASSED] - Taking screenshot successfully
[[ATTACHMENT|C:\\Users\\user\\Documents\\testautomation\\KatalonProjects\\productImages\\BOPersonal_5681 image.png]]

2019-11-21 18:35:33 - [TEST_STEP][PASSED] - verifyElementText(findTestObject("Page_cabi Order Items/GetAttribute_getID"), styleid_data, CONTINUE_ON_FAILURE): Actual text and expected text of test object 'Object Repository/Page_cabi Order Items/GetAttribute_getID' are matched.

2019-11-21 18:35:33 - [MESSAGE][PASSED] - Actual text and expected text of test object 'Object Repository/Page_cabi Order Items/GetAttribute_getID' are matched.

2019-11-21 18:35:33 - [TEST_STEP][PASSED] - colorOptions = findWebElements(findTestObject("Page_cabi Order Items/GetAttribute_Color"), 5): null

2019-11-21 18:35:34 - [TEST_STEP][PASSED] - println(colorOptions.size()): null

2019-11-21 18:35:34 - [TEST_STEP][PASSED] - expectedColour = findTestData("productData").getValue("Color", row): null

2019-11-21 18:35:34 - [TEST_STEP][PASSED] - println("expected colour is"): null

2019-11-21 18:35:34 - [TEST_STEP][PASSED] - println(expectedColour): null

2019-11-21 18:35:34 - [TEST_STEP][PASSED] - colourVerified = false: null

2019-11-21 18:35:34 - [TEST_STEP][PASSED] - for (org.openqa.selenium.WebElement op : colorOptions): null

2019-11-21 18:35:34 - [TEST_STEP][PASSED] - println(op.getText()): null

2019-11-21 18:35:34 - [TEST_STEP][PASSED] - if (expectedColour.equalsIgnoreCase(op.getText())): null

2019-11-21 18:35:34 - [TEST_STEP][PASSED] - colourVerified = true: null

2019-11-21 18:35:34 - [TEST_STEP][PASSED] - break: null

2019-11-21 18:35:34 - [TEST_STEP][PASSED] - sa.assertTrue(colourVerified): null

2019-11-21 18:35:34 - [TEST_STEP][PASSED] - getPrice = getText(findTestObject("Page_cabi Order Items/GetAttribute_Price")): Text of object 'Object Repository/Page_cabi Order Items/GetAttribute_Price' is: 'Price : £94.00'

2019-11-21 18:35:34 - [MESSAGE][PASSED] - Text of object 'Object Repository/Page_cabi Order Items/GetAttribute_Price' is: 'Price : £94.00'

2019-11-21 18:35:34 - [TEST_STEP][PASSED] - Split_Data = UtilityMethods.SplitData(getPrice): null

2019-11-21 18:35:34 - [TEST_STEP][PASSED] - verifyMatch(Split_Data, findTestData("productData").getValue("Retail", row), true, CONTINUE_ON_FAILURE): Actual text '94' and expected text '94' are matched  using regular expression

2019-11-21 18:35:34 - [MESSAGE][PASSED] - Actual text '94' and expected text '94' are matched  using regular expression

2019-11-21 18:35:34 - [TEST_STEP][PASSED] - sizeRange1 = ["XXS", "XS", "S", "M", "L", "XL", "XXL"]: null

2019-11-21 18:35:34 - [TEST_STEP][PASSED] - sizeRange2 = ["00", "0", "2", "4", "6", "8", "10", "12", "14", "16"]: null

2019-11-21 18:35:34 - [TEST_STEP][PASSED] - sizeRange3 = ["Long", "Regular", "Short"]: null

2019-11-21 18:35:34 - [TEST_STEP][PASSED] - sizeRange4 = ["5", "6", "6.5", "7", "7.5", "8", "8.5", "9", "9.5", "10", "11"]: null

2019-11-21 18:35:34 - [TEST_STEP][PASSED] - sizeRange5 = ["XS/S", "M/L"]: null

2019-11-21 18:35:34 - [TEST_STEP][PASSED] - sizeRange6 = ["One Size"]: null

2019-11-21 18:35:34 - [TEST_STEP][PASSED] - sizeRangeSplit = UtilityMethods.SplitSizes(findTestData("productData").getValue("SzRange", row)): null

2019-11-21 18:35:34 - [TEST_STEP][PASSED] - sizeType = getText(findTestObject("Object Repository/Page_cabi Order Items/Size")): Text of object 'Object Repository/Page_cabi Order Items/Size' is: 'Select'

2019-11-21 18:35:34 - [MESSAGE][PASSED] - Text of object 'Object Repository/Page_cabi Order Items/Size' is: 'Select'

2019-11-21 18:35:34 - [TEST_STEP][PASSED] - sizeOptions = findWebElements(findTestObject("Object Repository/Page_cabi Order Items/Size"), 5): null

2019-11-21 18:35:34 - [TEST_STEP][PASSED] - actualRange = new java.util.ArrayList(): null

2019-11-21 18:35:34 - [TEST_STEP][PASSED] - expectedRange = <not implemented yet for class: org.codehaus.groovy.ast.expr.EmptyExpression>: null

2019-11-21 18:35:34 - [TEST_STEP][PASSED] - if (sizeType.equalsIgnoreCase("Select")): null

2019-11-21 18:35:34 - [TEST_STEP][PASSED] - for ([i = 1, i < sizeOptions.size(), (i++)]): null

2019-11-21 18:35:34 - [TEST_STEP][PASSED] - actualRange.add(getAttribute("value").toString()): null

2019-11-21 18:35:34 - [TEST_STEP][PASSED] - actualRange.add(getAttribute("value").toString()): null

2019-11-21 18:35:34 - [TEST_STEP][PASSED] - actualRange.add(getAttribute("value").toString()): null

2019-11-21 18:35:34 - [TEST_STEP][PASSED] - actualRange.add(getAttribute("value").toString()): null

2019-11-21 18:35:34 - [TEST_STEP][PASSED] - actualRange.add(getAttribute("value").toString()): null

2019-11-21 18:35:34 - [TEST_STEP][PASSED] - actualRange.add(getAttribute("value").toString()): null

2019-11-21 18:35:34 - [TEST_STEP][PASSED] - actualRange.add(getAttribute("value").toString()): null

2019-11-21 18:35:34 - [TEST_STEP][PASSED] - if (toString().equalsIgnoreCase("XS") || toString().equalsIgnoreCase("XXS")): null

2019-11-21 18:35:34 - [TEST_STEP][PASSED] - expectedRange = UtilityMethods.getExpectedRange(sizeRange1, sizeRangeSplit): null

2019-11-21 18:35:34 - [TEST_STEP][PASSED] - println("XS"): null

2019-11-21 18:35:34 - [TEST_STEP][PASSED] - println(expectedRange.toString()): null

2019-11-21 18:35:34 - [TEST_STEP][PASSED] - sa.assertTrue(UtilityMethods.listEquals(expectedRange, actualRange)): null

2019-11-21 18:35:34 - [TEST_STEP][PASSED] - delay(2): Delayed 2 second(s)

2019-11-21 18:35:36 - [MESSAGE][PASSED] - Delayed 2 second(s)

2019-11-21 18:35:36 - [TEST_STEP][PASSED] - verifyElementText(findTestObject("Page_cabi Order Items/product_title"), findTestData("productData").getValue("Description", row), CONTINUE_ON_FAILURE): Actual text and expected text of test object 'Object Repository/Page_cabi Order Items/product_title' are matched.

2019-11-21 18:35:36 - [MESSAGE][PASSED] - Actual text and expected text of test object 'Object Repository/Page_cabi Order Items/product_title' are matched.

2019-11-21 18:35:36 - [TEST_STEP][PASSED] - finalContent = findTestData("productData").getValue("FinalContent", row): null

2019-11-21 18:35:36 - [TEST_STEP][PASSED] - if (finalContent.equalsIgnoreCase("")): null

2019-11-21 18:35:36 - [TEST_STEP][PASSED] - else: Actual text and expected text of test object 'Object Repository/Page_cabi Order Items/product_fabric' are matched.

2019-11-21 18:35:36 - [TEST_STEP][PASSED] - verifyElementText(findTestObject("Page_cabi Order Items/product_fabric"), finalContent, CONTINUE_ON_FAILURE): Actual text and expected text of test object 'Object Repository/Page_cabi Order Items/product_fabric' are matched.

2019-11-21 18:35:37 - [MESSAGE][PASSED] - Actual text and expected text of test object 'Object Repository/Page_cabi Order Items/product_fabric' are matched.

2019-11-21 18:35:37 - [TEST_STEP][PASSED] - expectedCasreIntrn = findTestData("productData").getValue("CareInstr", row): null

2019-11-21 18:35:37 - [TEST_STEP][PASSED] - if (expectedCasreIntrn.equalsIgnoreCase("")): null

2019-11-21 18:35:37 - [TEST_STEP][PASSED] - else: null

2019-11-21 18:35:37 - [TEST_STEP][PASSED] - actualCasreIntrn = "<div>" + getText(findTestObject("Page_cabi Order Items/care_instruction")) + "</div>": Text of object 'Object Repository/Page_cabi Order Items/care_instruction' is: 'Machine wash separately, inside out, in cold water on the delicate cycle. Only non-chlorine bleach if needed. Lay flat to dry. Cool iron on the reverse side if needed. Can be dry cleaned.'

2019-11-21 18:35:37 - [MESSAGE][PASSED] - Text of object 'Object Repository/Page_cabi Order Items/care_instruction' is: 'Machine wash separately, inside out, in cold water on the delicate cycle. Only non-chlorine bleach if needed. Lay flat to dry. Cool iron on the reverse side if needed. Can be dry cleaned.'

2019-11-21 18:35:37 - [TEST_STEP][PASSED] - sa.assertTrue(actualCasreIntrn.equals(expectedCasreIntrn)): null

2019-11-21 18:35:37 - [TEST_STEP][PASSED] - delay(5): Delayed 5 second(s)

2019-11-21 18:35:42 - [MESSAGE][PASSED] - Delayed 5 second(s)

2019-11-21 18:35:42 - [TEST_STEP][PASSED] - sa = new org.testng.asserts.SoftAssert(): null

2019-11-21 18:35:42 - [TEST_STEP][PASSED] - styleid_data = findTestData("productData").getValue("Style", row): null

2019-11-21 18:35:42 - [TEST_STEP][PASSED] - println(styleid_data): null

2019-11-21 18:35:42 - [TEST_STEP][PASSED] - by = By.xpath("//input[@name='style']"): null

2019-11-21 18:35:42 - [TEST_STEP][PASSED] - styleWe = UtilityMethods.getElementByLocator(by, driver): null

2019-11-21 18:35:42 - [TEST_STEP][PASSED] - to = UtilityMethods.fromElement(styleWe): null

2019-11-21 18:35:42 - [TEST_STEP][PASSED] - println("******************+++++++++++++++++++**********************************************"): null

2019-11-21 18:35:42 - [TEST_STEP][PASSED] - setText(to, styleid_data): Text '5686' is set on object ''

2019-11-21 18:35:42 - [MESSAGE][PASSED] - Text '5686' is set on object ''

2019-11-21 18:35:42 - [TEST_STEP][PASSED] - sendKeys(to, Keys.chord(ENTER)): Keys 'ENTER + ' sent to object: ''

2019-11-21 18:35:42 - [MESSAGE][PASSED] - Keys 'ENTER + ' sent to object: ''

2019-11-21 18:35:42 - [TEST_STEP][PASSED] - delay(2): Delayed 2 second(s)

2019-11-21 18:35:44 - [MESSAGE][PASSED] - Delayed 2 second(s)

2019-11-21 18:35:44 - [TEST_STEP][PASSED] - if (toString().equalsIgnoreCase("no")): null

2019-11-21 18:35:44 - [TEST_STEP][PASSED] - else: null

2019-11-21 18:35:44 - [TEST_STEP][PASSED] - click(findTestObject("Page_cabi Order Items/li_order_item")): Object: 'Object Repository/Page_cabi Order Items/li_order_item' is clicked on

2019-11-21 18:35:50 - [MESSAGE][PASSED] - Object: 'Object Repository/Page_cabi Order Items/li_order_item' is clicked on

2019-11-21 18:35:50 - [TEST_STEP][PASSED] - delay(5): Delayed 5 second(s)

2019-11-21 18:35:55 - [MESSAGE][PASSED] - Delayed 5 second(s)

2019-11-21 18:35:55 - [TEST_STEP][PASSED] - imagePath = UtilityMethods.createScreenshotImagePath(storeType, styleid_data): null

2019-11-21 18:35:55 - [TEST_STEP][PASSED] - println(imagePath): null

2019-11-21 18:35:55 - [TEST_STEP][PASSED] - takeScreenshot(imagePath): Taking screenshot successfully

2019-11-21 18:35:56 - [MESSAGE][PASSED] - Taking screenshot successfully
[[ATTACHMENT|C:\\Users\\user\\Documents\\testautomation\\KatalonProjects\\productImages\\BOPersonal_5686 image.png]]

2019-11-21 18:35:56 - [TEST_STEP][PASSED] - verifyElementText(findTestObject("Page_cabi Order Items/GetAttribute_getID"), styleid_data, CONTINUE_ON_FAILURE): Actual text and expected text of test object 'Object Repository/Page_cabi Order Items/GetAttribute_getID' are matched.

2019-11-21 18:35:56 - [MESSAGE][PASSED] - Actual text and expected text of test object 'Object Repository/Page_cabi Order Items/GetAttribute_getID' are matched.

2019-11-21 18:35:56 - [TEST_STEP][PASSED] - colorOptions = findWebElements(findTestObject("Page_cabi Order Items/GetAttribute_Color"), 5): null

2019-11-21 18:35:56 - [TEST_STEP][PASSED] - println(colorOptions.size()): null

2019-11-21 18:35:56 - [TEST_STEP][PASSED] - expectedColour = findTestData("productData").getValue("Color", row): null

2019-11-21 18:35:56 - [TEST_STEP][PASSED] - println("expected colour is"): null

2019-11-21 18:35:56 - [TEST_STEP][PASSED] - println(expectedColour): null

2019-11-21 18:35:56 - [TEST_STEP][PASSED] - colourVerified = false: null

2019-11-21 18:35:56 - [TEST_STEP][PASSED] - for (org.openqa.selenium.WebElement op : colorOptions): null

2019-11-21 18:35:56 - [TEST_STEP][PASSED] - println(op.getText()): null

2019-11-21 18:35:56 - [TEST_STEP][PASSED] - if (expectedColour.equalsIgnoreCase(op.getText())): null

2019-11-21 18:35:56 - [TEST_STEP][PASSED] - colourVerified = true: null

2019-11-21 18:35:56 - [TEST_STEP][PASSED] - break: null

2019-11-21 18:35:56 - [TEST_STEP][PASSED] - sa.assertTrue(colourVerified): null

2019-11-21 18:35:56 - [TEST_STEP][PASSED] - getPrice = getText(findTestObject("Page_cabi Order Items/GetAttribute_Price")): Text of object 'Object Repository/Page_cabi Order Items/GetAttribute_Price' is: 'Price : £69.00'

2019-11-21 18:35:57 - [MESSAGE][PASSED] - Text of object 'Object Repository/Page_cabi Order Items/GetAttribute_Price' is: 'Price : £69.00'

2019-11-21 18:35:57 - [TEST_STEP][PASSED] - Split_Data = UtilityMethods.SplitData(getPrice): null

2019-11-21 18:35:57 - [TEST_STEP][PASSED] - verifyMatch(Split_Data, findTestData("productData").getValue("Retail", row), true, CONTINUE_ON_FAILURE): Actual text '69' and expected text '69' are matched  using regular expression

2019-11-21 18:35:57 - [MESSAGE][PASSED] - Actual text '69' and expected text '69' are matched  using regular expression

2019-11-21 18:35:57 - [TEST_STEP][PASSED] - sizeRange1 = ["XXS", "XS", "S", "M", "L", "XL", "XXL"]: null

2019-11-21 18:35:57 - [TEST_STEP][PASSED] - sizeRange2 = ["00", "0", "2", "4", "6", "8", "10", "12", "14", "16"]: null

2019-11-21 18:35:57 - [TEST_STEP][PASSED] - sizeRange3 = ["Long", "Regular", "Short"]: null

2019-11-21 18:35:57 - [TEST_STEP][PASSED] - sizeRange4 = ["5", "6", "6.5", "7", "7.5", "8", "8.5", "9", "9.5", "10", "11"]: null

2019-11-21 18:35:57 - [TEST_STEP][PASSED] - sizeRange5 = ["XS/S", "M/L"]: null

2019-11-21 18:35:57 - [TEST_STEP][PASSED] - sizeRange6 = ["One Size"]: null

2019-11-21 18:35:57 - [TEST_STEP][PASSED] - sizeRangeSplit = UtilityMethods.SplitSizes(findTestData("productData").getValue("SzRange", row)): null

2019-11-21 18:35:57 - [TEST_STEP][PASSED] - sizeType = getText(findTestObject("Object Repository/Page_cabi Order Items/Size")): Text of object 'Object Repository/Page_cabi Order Items/Size' is: 'Select'

2019-11-21 18:35:57 - [MESSAGE][PASSED] - Text of object 'Object Repository/Page_cabi Order Items/Size' is: 'Select'

2019-11-21 18:35:57 - [TEST_STEP][PASSED] - sizeOptions = findWebElements(findTestObject("Object Repository/Page_cabi Order Items/Size"), 5): null

2019-11-21 18:35:57 - [TEST_STEP][PASSED] - actualRange = new java.util.ArrayList(): null

2019-11-21 18:35:57 - [TEST_STEP][PASSED] - expectedRange = <not implemented yet for class: org.codehaus.groovy.ast.expr.EmptyExpression>: null

2019-11-21 18:35:57 - [TEST_STEP][PASSED] - if (sizeType.equalsIgnoreCase("Select")): null

2019-11-21 18:35:57 - [TEST_STEP][PASSED] - for ([i = 1, i < sizeOptions.size(), (i++)]): null

2019-11-21 18:35:57 - [TEST_STEP][PASSED] - actualRange.add(getAttribute("value").toString()): null

2019-11-21 18:35:57 - [TEST_STEP][PASSED] - actualRange.add(getAttribute("value").toString()): null

2019-11-21 18:35:57 - [TEST_STEP][PASSED] - actualRange.add(getAttribute("value").toString()): null

2019-11-21 18:35:57 - [TEST_STEP][PASSED] - actualRange.add(getAttribute("value").toString()): null

2019-11-21 18:35:57 - [TEST_STEP][PASSED] - actualRange.add(getAttribute("value").toString()): null

2019-11-21 18:35:57 - [TEST_STEP][PASSED] - if (toString().equalsIgnoreCase("XS") || toString().equalsIgnoreCase("XXS")): null

2019-11-21 18:35:57 - [TEST_STEP][PASSED] - expectedRange = UtilityMethods.getExpectedRange(sizeRange1, sizeRangeSplit): null

2019-11-21 18:35:57 - [TEST_STEP][PASSED] - println("XS"): null

2019-11-21 18:35:57 - [TEST_STEP][PASSED] - println(expectedRange.toString()): null

2019-11-21 18:35:57 - [TEST_STEP][PASSED] - sa.assertTrue(UtilityMethods.listEquals(expectedRange, actualRange)): null

2019-11-21 18:35:57 - [TEST_STEP][PASSED] - delay(2): Delayed 2 second(s)

2019-11-21 18:35:59 - [MESSAGE][PASSED] - Delayed 2 second(s)

2019-11-21 18:35:59 - [TEST_STEP][PASSED] - verifyElementText(findTestObject("Page_cabi Order Items/product_title"), findTestData("productData").getValue("Description", row), CONTINUE_ON_FAILURE): Actual text and expected text of test object 'Object Repository/Page_cabi Order Items/product_title' are matched.

2019-11-21 18:35:59 - [MESSAGE][PASSED] - Actual text and expected text of test object 'Object Repository/Page_cabi Order Items/product_title' are matched.

2019-11-21 18:35:59 - [TEST_STEP][PASSED] - finalContent = findTestData("productData").getValue("FinalContent", row): null

2019-11-21 18:35:59 - [TEST_STEP][PASSED] - if (finalContent.equalsIgnoreCase("")): null

2019-11-21 18:35:59 - [TEST_STEP][PASSED] - else: Actual text and expected text of test object 'Object Repository/Page_cabi Order Items/product_fabric' are matched.

2019-11-21 18:35:59 - [TEST_STEP][PASSED] - verifyElementText(findTestObject("Page_cabi Order Items/product_fabric"), finalContent, CONTINUE_ON_FAILURE): Actual text and expected text of test object 'Object Repository/Page_cabi Order Items/product_fabric' are matched.

2019-11-21 18:35:59 - [MESSAGE][PASSED] - Actual text and expected text of test object 'Object Repository/Page_cabi Order Items/product_fabric' are matched.

2019-11-21 18:35:59 - [TEST_STEP][PASSED] - expectedCasreIntrn = findTestData("productData").getValue("CareInstr", row): null

2019-11-21 18:35:59 - [TEST_STEP][PASSED] - if (expectedCasreIntrn.equalsIgnoreCase("")): null

2019-11-21 18:35:59 - [TEST_STEP][PASSED] - else: null

2019-11-21 18:35:59 - [TEST_STEP][PASSED] - actualCasreIntrn = "<div>" + getText(findTestObject("Page_cabi Order Items/care_instruction")) + "</div>": Text of object 'Object Repository/Page_cabi Order Items/care_instruction' is: 'Machine wash with like colors in cold water on the delicate cycle. Only non-chlorine bleach if needed. Lay flat to dry. Steam iron on the reverse side if needed.'

2019-11-21 18:35:59 - [MESSAGE][PASSED] - Text of object 'Object Repository/Page_cabi Order Items/care_instruction' is: 'Machine wash with like colors in cold water on the delicate cycle. Only non-chlorine bleach if needed. Lay flat to dry. Steam iron on the reverse side if needed.'

2019-11-21 18:35:59 - [TEST_STEP][PASSED] - sa.assertTrue(actualCasreIntrn.equals(expectedCasreIntrn)): null

2019-11-21 18:35:59 - [MESSAGE][PASSED] - Call Test Case 'Test Cases/NewArrival/productVerify' successfully]]></system-out>
         <system-err><![CDATA[]]></system-err>
      </testcase>
      <system-out><![CDATA[2019-11-21 18:27:29 - [TEST_SUITE][PASSED] - NewArrivalsSuite1: Test Cases/NA_Timezone_Separated/BOPersonal1]]></system-out>
      <system-err><![CDATA[]]></system-err>
   </testsuite>
</testsuites>
