<?xml version="1.0" encoding="UTF-8"?>
<testsuites name="MicrositeTestSuite" time="25" tests="0" failures="2" errors="0">
   <testsuite name="MicrositeTestSuite" tests="0" failures="2" errors="0" time="25" timestamp="2019-06-24 15:53:45" hostname="user - 10.0.102.159" id="Test Suites/VirtualShowRSVPSuites/MicrositeTestSuite">
      <properties>
         <property name="deviceName" value=""/>
         <property name="devicePlatform" value=""/>
         <property name="logFolder" value="C:\\Users\\user\\Documents\\testautomation\\KatalonProjects\\Reports\\VirtualShowRSVPSuites\\MicrositeTestSuite\\20190624_155341"/>
         <property name="logFiles" value="C:\\Users\\user\\Documents\\testautomation\\KatalonProjects\\Reports\\VirtualShowRSVPSuites\\MicrositeTestSuite\\20190624_155341\\execution0.log"/>
         <property name="attachments" value="C:\\Users\\user\\Documents\\testautomation\\KatalonProjects\\Reports\\VirtualShowRSVPSuites\\MicrositeTestSuite\\20190624_155341\\1561371833778.png, C:\\Users\\user\\Documents\\testautomation\\KatalonProjects\\Reports\\VirtualShowRSVPSuites\\MicrositeTestSuite\\20190624_155341\\1561371849883.png"/>
         <property name="hostName" value="user - 10.0.102.159"/>
         <property name="os" value="Windows 8.1 64bit"/>
         <property name="katalonVersion" value="6.1.1.1"/>
         <property name="browser" value="Chrome 75.0.3770.100"/>
         <property name="hostAddress" value="10.0.102.159"/>
         <property name="sessionId" value="a84f7b1477cc61919998b1bfbbcd916e"/>
         <property name="seleniumVersion" value="3.7.1"/>
         <property name="proxyInformation" value="ProxyInformation{proxyOption=NO_PROXY, proxyServerType=HTTP, password=, proxyServerAddress=, proxyServerPort=0}"/>
         <property name="platform" value="Windows 8.1"/>
      </properties>
      <testcase name="Test Cases/virtualShowRSVP/createShow" classname="Test Cases/virtualShowRSVP/createShow" status="FAILED">
         <failure type="FAILED" message="Test Cases/virtualShowRSVP/createShow FAILED.
Reason:
com.kms.katalon.core.exception.StepFailedException: Unable to maximize current window
	at com.kms.katalon.core.webui.keyword.internal.WebUIKeywordMain.stepFailed(WebUIKeywordMain.groovy:64)
	at com.kms.katalon.core.webui.keyword.internal.WebUIKeywordMain.runKeyword(WebUIKeywordMain.groovy:26)
	at com.kms.katalon.core.webui.keyword.builtin.MaximizeWindowKeyword.maximizeWindow(MaximizeWindowKeyword.groovy:74)
	at com.kms.katalon.core.webui.keyword.builtin.MaximizeWindowKeyword.execute(MaximizeWindowKeyword.groovy:69)
	at com.kms.katalon.core.keyword.internal.KeywordExecutor.executeKeywordForPlatform(KeywordExecutor.groovy:56)
	at com.kms.katalon.core.webui.keyword.WebUiBuiltInKeywords.maximizeWindow(WebUiBuiltInKeywords.groovy:279)
	at com.kms.katalon.core.webui.keyword.WebUiBuiltInKeywords$maximizeWindow$0.call(Unknown Source)
	at createShow.run(createShow:34)
	at com.kms.katalon.core.main.ScriptEngine.run(ScriptEngine.java:194)
	at com.kms.katalon.core.main.ScriptEngine.runScriptAsRawText(ScriptEngine.java:119)
	at com.kms.katalon.core.main.TestCaseExecutor.runScript(TestCaseExecutor.java:342)
	at com.kms.katalon.core.main.TestCaseExecutor.doExecute(TestCaseExecutor.java:333)
	at com.kms.katalon.core.main.TestCaseExecutor.processExecutionPhase(TestCaseExecutor.java:312)
	at com.kms.katalon.core.main.TestCaseExecutor.accessMainPhase(TestCaseExecutor.java:304)
	at com.kms.katalon.core.main.TestCaseExecutor.execute(TestCaseExecutor.java:238)
	at com.kms.katalon.core.main.TestSuiteExecutor.accessTestCaseMainPhase(TestSuiteExecutor.java:129)
	at com.kms.katalon.core.main.TestSuiteExecutor.accessTestSuiteMainPhase(TestSuiteExecutor.java:112)
	at com.kms.katalon.core.main.TestSuiteExecutor.execute(TestSuiteExecutor.java:81)
	at com.kms.katalon.core.main.TestCaseMain.startTestSuite(TestCaseMain.java:157)
	at com.kms.katalon.core.main.TestCaseMain$startTestSuite$0.call(Unknown Source)
	at TempTestSuite1561371821608.run(TempTestSuite1561371821608.groovy:35)
Caused by: org.openqa.selenium.WebDriverException: unknown error: failed to change window state to normal, current state is maximized
  (Session info: chrome=75.0.3770.100)
  (Driver info: chromedriver=74.0.3729.6 (255758eccf3d244491b8a1317aa76e1ce10d57e9-refs/branch-heads/3729@{#29}),platform=Windows NT 6.3.9600 x86_64) (WARNING: The server did not provide any stacktrace information)
Command duration or timeout: 0 milliseconds
Build info: version: '3.7.1', revision: '8a0099a', time: '2017-11-06T21:07:36.161Z'
System info: host: 'NIVEDITA', ip: '10.0.102.159', os.name: 'Windows 8.1', os.arch: 'amd64', os.version: '6.3', java.version: '1.8.0_181'
Driver info: com.kms.katalon.selenium.driver.CChromeDriver
Capabilities {acceptInsecureCerts: false, acceptSslCerts: false, applicationCacheEnabled: false, browserConnectionEnabled: false, browserName: chrome, chrome: {chromedriverVersion: 74.0.3729.6 (255758eccf3d24..., userDataDir: C:\Users\user\AppData\Local...}, cssSelectorsEnabled: true, databaseEnabled: false, goog:chromeOptions: {debuggerAddress: localhost:54350}, handlesAlerts: true, hasTouchScreen: false, javascriptEnabled: true, locationContextEnabled: true, mobileEmulationEnabled: false, nativeEvents: true, networkConnectionEnabled: false, pageLoadStrategy: normal, platform: XP, platformName: XP, proxy: Proxy(direct), rotatable: false, setWindowRect: true, strictFileInteractability: false, takesHeapSnapshot: true, takesScreenshot: true, timeouts: {implicit: 0, pageLoad: 300000, script: 30000}, unexpectedAlertBehaviour: ignore, unhandledPromptBehavior: ignore, version: 75.0.3770.100, webStorageEnabled: true}
Session ID: 54e3dd8dd918d5e1d30aea469d0c2d2c
	at org.openqa.selenium.remote.ErrorHandler.createThrowable(ErrorHandler.java:214)
	at org.openqa.selenium.remote.ErrorHandler.throwIfResponseFailed(ErrorHandler.java:166)
	at org.openqa.selenium.remote.http.JsonHttpResponseCodec.reconstructValue(JsonHttpResponseCodec.java:40)
	at org.openqa.selenium.remote.http.AbstractHttpResponseCodec.decode(AbstractHttpResponseCodec.java:80)
	at org.openqa.selenium.remote.http.AbstractHttpResponseCodec.decode(AbstractHttpResponseCodec.java:44)
	at org.openqa.selenium.remote.HttpCommandExecutor.execute(HttpCommandExecutor.java:164)
	at org.openqa.selenium.remote.service.DriverCommandExecutor.execute(DriverCommandExecutor.java:83)
	at org.openqa.selenium.remote.RemoteWebDriver.execute(RemoteWebDriver.java:600)
	at com.kms.katalon.selenium.driver.CChromeDriver.execute(CChromeDriver.java:20)
	at org.openqa.selenium.remote.RemoteWebDriver.execute(RemoteWebDriver.java:657)
	at org.openqa.selenium.remote.RemoteWebDriver$RemoteWebDriverOptions$RemoteWindow.maximize(RemoteWebDriver.java:891)
	at com.kms.katalon.core.webui.keyword.builtin.MaximizeWindowKeyword$_maximizeWindow_closure1.doCall(MaximizeWindowKeyword.groovy:85)
	at com.kms.katalon.core.webui.keyword.builtin.MaximizeWindowKeyword$_maximizeWindow_closure1.call(MaximizeWindowKeyword.groovy)
	at com.kms.katalon.core.webui.keyword.internal.WebUIKeywordMain.runKeyword(WebUIKeywordMain.groovy:20)
	at com.kms.katalon.core.webui.keyword.builtin.MaximizeWindowKeyword.maximizeWindow(MaximizeWindowKeyword.groovy:74)
	at com.kms.katalon.core.webui.keyword.builtin.MaximizeWindowKeyword.execute(MaximizeWindowKeyword.groovy:69)
	at com.kms.katalon.core.keyword.internal.KeywordExecutor.executeKeywordForPlatform(KeywordExecutor.groovy:56)
	at com.kms.katalon.core.webui.keyword.WebUiBuiltInKeywords.maximizeWindow(WebUiBuiltInKeywords.groovy:279)
	at com.kms.katalon.core.webui.keyword.WebUiBuiltInKeywords$maximizeWindow$0.call(Unknown Source)
	at Script1553596975738.run(Script1553596975738.groovy:34)
	... 13 more
"/>
         <system-out><![CDATA[2019-06-24 15:53:45 - [TEST_CASE][FAILED] - Test Cases/virtualShowRSVP/createShow: Test Cases/virtualShowRSVP/createShow FAILED.
Reason:
com.kms.katalon.core.exception.StepFailedException: Unable to maximize current window
	at com.kms.katalon.core.webui.keyword.internal.WebUIKeywordMain.stepFailed(WebUIKeywordMain.groovy:64)
	at com.kms.katalon.core.webui.keyword.internal.WebUIKeywordMain.runKeyword(WebUIKeywordMain.groovy:26)
	at com.kms.katalon.core.webui.keyword.builtin.MaximizeWindowKeyword.maximizeWindow(MaximizeWindowKeyword.groovy:74)
	at com.kms.katalon.core.webui.keyword.builtin.MaximizeWindowKeyword.execute(MaximizeWindowKeyword.groovy:69)
	at com.kms.katalon.core.keyword.internal.KeywordExecutor.executeKeywordForPlatform(KeywordExecutor.groovy:56)
	at com.kms.katalon.core.webui.keyword.WebUiBuiltInKeywords.maximizeWindow(WebUiBuiltInKeywords.groovy:279)
	at com.kms.katalon.core.webui.keyword.WebUiBuiltInKeywords$maximizeWindow$0.call(Unknown Source)
	at createShow.run(createShow:34)
	at com.kms.katalon.core.main.ScriptEngine.run(ScriptEngine.java:194)
	at com.kms.katalon.core.main.ScriptEngine.runScriptAsRawText(ScriptEngine.java:119)
	at com.kms.katalon.core.main.TestCaseExecutor.runScript(TestCaseExecutor.java:342)
	at com.kms.katalon.core.main.TestCaseExecutor.doExecute(TestCaseExecutor.java:333)
	at com.kms.katalon.core.main.TestCaseExecutor.processExecutionPhase(TestCaseExecutor.java:312)
	at com.kms.katalon.core.main.TestCaseExecutor.accessMainPhase(TestCaseExecutor.java:304)
	at com.kms.katalon.core.main.TestCaseExecutor.execute(TestCaseExecutor.java:238)
	at com.kms.katalon.core.main.TestSuiteExecutor.accessTestCaseMainPhase(TestSuiteExecutor.java:129)
	at com.kms.katalon.core.main.TestSuiteExecutor.accessTestSuiteMainPhase(TestSuiteExecutor.java:112)
	at com.kms.katalon.core.main.TestSuiteExecutor.execute(TestSuiteExecutor.java:81)
	at com.kms.katalon.core.main.TestCaseMain.startTestSuite(TestCaseMain.java:157)
	at com.kms.katalon.core.main.TestCaseMain$startTestSuite$0.call(Unknown Source)
	at TempTestSuite1561371821608.run(TempTestSuite1561371821608.groovy:35)
Caused by: org.openqa.selenium.WebDriverException: unknown error: failed to change window state to normal, current state is maximized
  (Session info: chrome=75.0.3770.100)
  (Driver info: chromedriver=74.0.3729.6 (255758eccf3d244491b8a1317aa76e1ce10d57e9-refs/branch-heads/3729@{#29}),platform=Windows NT 6.3.9600 x86_64) (WARNING: The server did not provide any stacktrace information)
Command duration or timeout: 0 milliseconds
Build info: version: '3.7.1', revision: '8a0099a', time: '2017-11-06T21:07:36.161Z'
System info: host: 'NIVEDITA', ip: '10.0.102.159', os.name: 'Windows 8.1', os.arch: 'amd64', os.version: '6.3', java.version: '1.8.0_181'
Driver info: com.kms.katalon.selenium.driver.CChromeDriver
Capabilities {acceptInsecureCerts: false, acceptSslCerts: false, applicationCacheEnabled: false, browserConnectionEnabled: false, browserName: chrome, chrome: {chromedriverVersion: 74.0.3729.6 (255758eccf3d24..., userDataDir: C:\Users\user\AppData\Local...}, cssSelectorsEnabled: true, databaseEnabled: false, goog:chromeOptions: {debuggerAddress: localhost:54350}, handlesAlerts: true, hasTouchScreen: false, javascriptEnabled: true, locationContextEnabled: true, mobileEmulationEnabled: false, nativeEvents: true, networkConnectionEnabled: false, pageLoadStrategy: normal, platform: XP, platformName: XP, proxy: Proxy(direct), rotatable: false, setWindowRect: true, strictFileInteractability: false, takesHeapSnapshot: true, takesScreenshot: true, timeouts: {implicit: 0, pageLoad: 300000, script: 30000}, unexpectedAlertBehaviour: ignore, unhandledPromptBehavior: ignore, version: 75.0.3770.100, webStorageEnabled: true}
Session ID: 54e3dd8dd918d5e1d30aea469d0c2d2c
	at org.openqa.selenium.remote.ErrorHandler.createThrowable(ErrorHandler.java:214)
	at org.openqa.selenium.remote.ErrorHandler.throwIfResponseFailed(ErrorHandler.java:166)
	at org.openqa.selenium.remote.http.JsonHttpResponseCodec.reconstructValue(JsonHttpResponseCodec.java:40)
	at org.openqa.selenium.remote.http.AbstractHttpResponseCodec.decode(AbstractHttpResponseCodec.java:80)
	at org.openqa.selenium.remote.http.AbstractHttpResponseCodec.decode(AbstractHttpResponseCodec.java:44)
	at org.openqa.selenium.remote.HttpCommandExecutor.execute(HttpCommandExecutor.java:164)
	at org.openqa.selenium.remote.service.DriverCommandExecutor.execute(DriverCommandExecutor.java:83)
	at org.openqa.selenium.remote.RemoteWebDriver.execute(RemoteWebDriver.java:600)
	at com.kms.katalon.selenium.driver.CChromeDriver.execute(CChromeDriver.java:20)
	at org.openqa.selenium.remote.RemoteWebDriver.execute(RemoteWebDriver.java:657)
	at org.openqa.selenium.remote.RemoteWebDriver$RemoteWebDriverOptions$RemoteWindow.maximize(RemoteWebDriver.java:891)
	at com.kms.katalon.core.webui.keyword.builtin.MaximizeWindowKeyword$_maximizeWindow_closure1.doCall(MaximizeWindowKeyword.groovy:85)
	at com.kms.katalon.core.webui.keyword.builtin.MaximizeWindowKeyword$_maximizeWindow_closure1.call(MaximizeWindowKeyword.groovy)
	at com.kms.katalon.core.webui.keyword.internal.WebUIKeywordMain.runKeyword(WebUIKeywordMain.groovy:20)
	at com.kms.katalon.core.webui.keyword.builtin.MaximizeWindowKeyword.maximizeWindow(MaximizeWindowKeyword.groovy:74)
	at com.kms.katalon.core.webui.keyword.builtin.MaximizeWindowKeyword.execute(MaximizeWindowKeyword.groovy:69)
	at com.kms.katalon.core.keyword.internal.KeywordExecutor.executeKeywordForPlatform(KeywordExecutor.groovy:56)
	at com.kms.katalon.core.webui.keyword.WebUiBuiltInKeywords.maximizeWindow(WebUiBuiltInKeywords.groovy:279)
	at com.kms.katalon.core.webui.keyword.WebUiBuiltInKeywords$maximizeWindow$0.call(Unknown Source)
	at Script1553596975738.run(Script1553596975738.groovy:34)
	... 13 more


2019-06-24 15:53:45 - [TEST_STEP][PASSED] - Start listener action : sampleBeforeTestCase: null

2019-06-24 15:53:46 - [TEST_STEP][PASSED] - println(testCaseContext.getTestCaseId()): null

2019-06-24 15:53:46 - [TEST_STEP][PASSED] - println(testCaseContext.getTestCaseVariables()): null

2019-06-24 15:53:46 - [TEST_STEP][PASSED] - dataFile = "virtualShowData": null

2019-06-24 15:53:46 - [TEST_STEP][PASSED] - testEnvt = findTestData(dataFile).getValue("testEnvt", 1): null

2019-06-24 15:53:47 - [TEST_STEP][PASSED] - username = findTestData(dataFile).getValue("username", 1): null

2019-06-24 15:53:47 - [TEST_STEP][PASSED] - password = findTestData(dataFile).getValue("password", 1): null

2019-06-24 15:53:48 - [TEST_STEP][PASSED] - stylist = findTestData(dataFile).getValue("stylist", 1): null

2019-06-24 15:53:48 - [TEST_STEP][PASSED] - hostess = findTestData(dataFile).getValue("hostess", 1): null

2019-06-24 15:53:48 - [TEST_STEP][PASSED] - cohostess = findTestData(dataFile).getValue("cohostess", 1): null

2019-06-24 15:53:48 - [TEST_STEP][PASSED] - guest1 = findTestData(dataFile).getValue("guest1", 1): null

2019-06-24 15:53:48 - [TEST_STEP][PASSED] - guest2 = findTestData(dataFile).getValue("guest2", 1): null

2019-06-24 15:53:48 - [TEST_STEP][PASSED] - verifyHostess = findTestData(dataFile).getValue("verifyHostess", 1): null

2019-06-24 15:53:48 - [TEST_STEP][PASSED] - verifyCohostess = findTestData(dataFile).getValue("verifyCohostess", 1): null

2019-06-24 15:53:48 - [TEST_STEP][PASSED] - verifyGuestCount = findTestData(dataFile).getValue("verifyGuestCount", 1): null

2019-06-24 15:53:48 - [TEST_STEP][PASSED] - verifyGuest1 = findTestData(dataFile).getValue("verifyGuest1", 1): null

2019-06-24 15:53:48 - [TEST_STEP][PASSED] - verifyGuest2 = findTestData(dataFile).getValue("verifyGuest2", 1): null

2019-06-24 15:53:48 - [TEST_STEP][PASSED] - cabiTestEnvt = findTestData(dataFile).getValue("cabiTestEnvt", 1): null

2019-06-24 15:53:48 - [TEST_STEP][PASSED] - openBrowser(""): Browser is opened with url: ''

2019-06-24 15:53:49 - [MESSAGE][INFO] - Starting 'Chrome' driver

2019-06-24 15:53:49 - [MESSAGE][INFO] - User set preference: ['args', '[--use-fake-ui-for-media-stream, --start-maximized]']

2019-06-24 15:53:49 - [MESSAGE][INFO] - Action delay is set to 0 seconds

2019-06-24 15:53:52 - [MESSAGE][PASSED] - Browser is opened with url: ''

2019-06-24 15:53:52 - [TEST_STEP][FAILED] - maximizeWindow(): maximizeWindow() FAILED.
Reason:
com.kms.katalon.core.exception.StepFailedException: Unable to maximize current window
	at com.kms.katalon.core.webui.keyword.internal.WebUIKeywordMain.stepFailed(WebUIKeywordMain.groovy:64)
	at com.kms.katalon.core.webui.keyword.internal.WebUIKeywordMain.runKeyword(WebUIKeywordMain.groovy:26)
	at com.kms.katalon.core.webui.keyword.builtin.MaximizeWindowKeyword.maximizeWindow(MaximizeWindowKeyword.groovy:74)
	at com.kms.katalon.core.webui.keyword.builtin.MaximizeWindowKeyword.execute(MaximizeWindowKeyword.groovy:69)
	at com.kms.katalon.core.keyword.internal.KeywordExecutor.executeKeywordForPlatform(KeywordExecutor.groovy:56)
	at com.kms.katalon.core.webui.keyword.WebUiBuiltInKeywords.maximizeWindow(WebUiBuiltInKeywords.groovy:279)
	at com.kms.katalon.core.webui.keyword.WebUiBuiltInKeywords$maximizeWindow$0.call(Unknown Source)
	at createShow.run(createShow:34)
	at com.kms.katalon.core.main.ScriptEngine.run(ScriptEngine.java:194)
	at com.kms.katalon.core.main.ScriptEngine.runScriptAsRawText(ScriptEngine.java:119)
	at com.kms.katalon.core.main.TestCaseExecutor.runScript(TestCaseExecutor.java:342)
	at com.kms.katalon.core.main.TestCaseExecutor.doExecute(TestCaseExecutor.java:333)
	at com.kms.katalon.core.main.TestCaseExecutor.processExecutionPhase(TestCaseExecutor.java:312)
	at com.kms.katalon.core.main.TestCaseExecutor.accessMainPhase(TestCaseExecutor.java:304)
	at com.kms.katalon.core.main.TestCaseExecutor.execute(TestCaseExecutor.java:238)
	at com.kms.katalon.core.main.TestSuiteExecutor.accessTestCaseMainPhase(TestSuiteExecutor.java:129)
	at com.kms.katalon.core.main.TestSuiteExecutor.accessTestSuiteMainPhase(TestSuiteExecutor.java:112)
	at com.kms.katalon.core.main.TestSuiteExecutor.execute(TestSuiteExecutor.java:81)
	at com.kms.katalon.core.main.TestCaseMain.startTestSuite(TestCaseMain.java:157)
	at com.kms.katalon.core.main.TestCaseMain$startTestSuite$0.call(Unknown Source)
	at TempTestSuite1561371821608.run(TempTestSuite1561371821608.groovy:35)
Caused by: org.openqa.selenium.WebDriverException: unknown error: failed to change window state to normal, current state is maximized
  (Session info: chrome=75.0.3770.100)
  (Driver info: chromedriver=74.0.3729.6 (255758eccf3d244491b8a1317aa76e1ce10d57e9-refs/branch-heads/3729@{#29}),platform=Windows NT 6.3.9600 x86_64) (WARNING: The server did not provide any stacktrace information)
Command duration or timeout: 0 milliseconds
Build info: version: '3.7.1', revision: '8a0099a', time: '2017-11-06T21:07:36.161Z'
System info: host: 'NIVEDITA', ip: '10.0.102.159', os.name: 'Windows 8.1', os.arch: 'amd64', os.version: '6.3', java.version: '1.8.0_181'
Driver info: com.kms.katalon.selenium.driver.CChromeDriver
Capabilities {acceptInsecureCerts: false, acceptSslCerts: false, applicationCacheEnabled: false, browserConnectionEnabled: false, browserName: chrome, chrome: {chromedriverVersion: 74.0.3729.6 (255758eccf3d24..., userDataDir: C:\Users\user\AppData\Local...}, cssSelectorsEnabled: true, databaseEnabled: false, goog:chromeOptions: {debuggerAddress: localhost:54350}, handlesAlerts: true, hasTouchScreen: false, javascriptEnabled: true, locationContextEnabled: true, mobileEmulationEnabled: false, nativeEvents: true, networkConnectionEnabled: false, pageLoadStrategy: normal, platform: XP, platformName: XP, proxy: Proxy(direct), rotatable: false, setWindowRect: true, strictFileInteractability: false, takesHeapSnapshot: true, takesScreenshot: true, timeouts: {implicit: 0, pageLoad: 300000, script: 30000}, unexpectedAlertBehaviour: ignore, unhandledPromptBehavior: ignore, version: 75.0.3770.100, webStorageEnabled: true}
Session ID: 54e3dd8dd918d5e1d30aea469d0c2d2c
	at org.openqa.selenium.remote.ErrorHandler.createThrowable(ErrorHandler.java:214)
	at org.openqa.selenium.remote.ErrorHandler.throwIfResponseFailed(ErrorHandler.java:166)
	at org.openqa.selenium.remote.http.JsonHttpResponseCodec.reconstructValue(JsonHttpResponseCodec.java:40)
	at org.openqa.selenium.remote.http.AbstractHttpResponseCodec.decode(AbstractHttpResponseCodec.java:80)
	at org.openqa.selenium.remote.http.AbstractHttpResponseCodec.decode(AbstractHttpResponseCodec.java:44)
	at org.openqa.selenium.remote.HttpCommandExecutor.execute(HttpCommandExecutor.java:164)
	at org.openqa.selenium.remote.service.DriverCommandExecutor.execute(DriverCommandExecutor.java:83)
	at org.openqa.selenium.remote.RemoteWebDriver.execute(RemoteWebDriver.java:600)
	at com.kms.katalon.selenium.driver.CChromeDriver.execute(CChromeDriver.java:20)
	at org.openqa.selenium.remote.RemoteWebDriver.execute(RemoteWebDriver.java:657)
	at org.openqa.selenium.remote.RemoteWebDriver$RemoteWebDriverOptions$RemoteWindow.maximize(RemoteWebDriver.java:891)
	at com.kms.katalon.core.webui.keyword.builtin.MaximizeWindowKeyword$_maximizeWindow_closure1.doCall(MaximizeWindowKeyword.groovy:85)
	at com.kms.katalon.core.webui.keyword.builtin.MaximizeWindowKeyword$_maximizeWindow_closure1.call(MaximizeWindowKeyword.groovy)
	at com.kms.katalon.core.webui.keyword.internal.WebUIKeywordMain.runKeyword(WebUIKeywordMain.groovy:20)
	at com.kms.katalon.core.webui.keyword.builtin.MaximizeWindowKeyword.maximizeWindow(MaximizeWindowKeyword.groovy:74)
	at com.kms.katalon.core.webui.keyword.builtin.MaximizeWindowKeyword.execute(MaximizeWindowKeyword.groovy:69)
	at com.kms.katalon.core.keyword.internal.KeywordExecutor.executeKeywordForPlatform(KeywordExecutor.groovy:56)
	at com.kms.katalon.core.webui.keyword.WebUiBuiltInKeywords.maximizeWindow(WebUiBuiltInKeywords.groovy:279)
	at com.kms.katalon.core.webui.keyword.WebUiBuiltInKeywords$maximizeWindow$0.call(Unknown Source)
	at Script1553596975738.run(Script1553596975738.groovy:34)
	... 13 more


2019-06-24 15:53:54 - [MESSAGE][FAILED] - Unable to maximize current window (Root cause: com.kms.katalon.core.exception.StepFailedException: Unable to maximize current window
	at com.kms.katalon.core.webui.keyword.internal.WebUIKeywordMain.stepFailed(WebUIKeywordMain.groovy:64)
	at com.kms.katalon.core.webui.keyword.internal.WebUIKeywordMain.runKeyword(WebUIKeywordMain.groovy:26)
	at com.kms.katalon.core.webui.keyword.builtin.MaximizeWindowKeyword.maximizeWindow(MaximizeWindowKeyword.groovy:74)
	at com.kms.katalon.core.webui.keyword.builtin.MaximizeWindowKeyword.execute(MaximizeWindowKeyword.groovy:69)
	at com.kms.katalon.core.keyword.internal.KeywordExecutor.executeKeywordForPlatform(KeywordExecutor.groovy:56)
	at com.kms.katalon.core.webui.keyword.WebUiBuiltInKeywords.maximizeWindow(WebUiBuiltInKeywords.groovy:279)
	at com.kms.katalon.core.webui.keyword.WebUiBuiltInKeywords$maximizeWindow$0.call(Unknown Source)
	at createShow.run(createShow:34)
	at com.kms.katalon.core.main.ScriptEngine.run(ScriptEngine.java:194)
	at com.kms.katalon.core.main.ScriptEngine.runScriptAsRawText(ScriptEngine.java:119)
	at com.kms.katalon.core.main.TestCaseExecutor.runScript(TestCaseExecutor.java:342)
	at com.kms.katalon.core.main.TestCaseExecutor.doExecute(TestCaseExecutor.java:333)
	at com.kms.katalon.core.main.TestCaseExecutor.processExecutionPhase(TestCaseExecutor.java:312)
	at com.kms.katalon.core.main.TestCaseExecutor.accessMainPhase(TestCaseExecutor.java:304)
	at com.kms.katalon.core.main.TestCaseExecutor.execute(TestCaseExecutor.java:238)
	at com.kms.katalon.core.main.TestSuiteExecutor.accessTestCaseMainPhase(TestSuiteExecutor.java:129)
	at com.kms.katalon.core.main.TestSuiteExecutor.accessTestSuiteMainPhase(TestSuiteExecutor.java:112)
	at com.kms.katalon.core.main.TestSuiteExecutor.execute(TestSuiteExecutor.java:81)
	at com.kms.katalon.core.main.TestCaseMain.startTestSuite(TestCaseMain.java:157)
	at com.kms.katalon.core.main.TestCaseMain$startTestSuite$0.call(Unknown Source)
	at TempTestSuite1561371821608.run(TempTestSuite1561371821608.groovy:35)
Caused by: org.openqa.selenium.WebDriverException: unknown error: failed to change window state to normal, current state is maximized
  (Session info: chrome=75.0.3770.100)
  (Driver info: chromedriver=74.0.3729.6 (255758eccf3d244491b8a1317aa76e1ce10d57e9-refs/branch-heads/3729@{#29}),platform=Windows NT 6.3.9600 x86_64) (WARNING: The server did not provide any stacktrace information)
Command duration or timeout: 0 milliseconds
Build info: version: '3.7.1', revision: '8a0099a', time: '2017-11-06T21:07:36.161Z'
System info: host: 'NIVEDITA', ip: '10.0.102.159', os.name: 'Windows 8.1', os.arch: 'amd64', os.version: '6.3', java.version: '1.8.0_181'
Driver info: com.kms.katalon.selenium.driver.CChromeDriver
Capabilities {acceptInsecureCerts: false, acceptSslCerts: false, applicationCacheEnabled: false, browserConnectionEnabled: false, browserName: chrome, chrome: {chromedriverVersion: 74.0.3729.6 (255758eccf3d24..., userDataDir: C:\Users\user\AppData\Local...}, cssSelectorsEnabled: true, databaseEnabled: false, goog:chromeOptions: {debuggerAddress: localhost:54350}, handlesAlerts: true, hasTouchScreen: false, javascriptEnabled: true, locationContextEnabled: true, mobileEmulationEnabled: false, nativeEvents: true, networkConnectionEnabled: false, pageLoadStrategy: normal, platform: XP, platformName: XP, proxy: Proxy(direct), rotatable: false, setWindowRect: true, strictFileInteractability: false, takesHeapSnapshot: true, takesScreenshot: true, timeouts: {implicit: 0, pageLoad: 300000, script: 30000}, unexpectedAlertBehaviour: ignore, unhandledPromptBehavior: ignore, version: 75.0.3770.100, webStorageEnabled: true}
Session ID: 54e3dd8dd918d5e1d30aea469d0c2d2c
	at org.openqa.selenium.remote.ErrorHandler.createThrowable(ErrorHandler.java:214)
	at org.openqa.selenium.remote.ErrorHandler.throwIfResponseFailed(ErrorHandler.java:166)
	at org.openqa.selenium.remote.http.JsonHttpResponseCodec.reconstructValue(JsonHttpResponseCodec.java:40)
	at org.openqa.selenium.remote.http.AbstractHttpResponseCodec.decode(AbstractHttpResponseCodec.java:80)
	at org.openqa.selenium.remote.http.AbstractHttpResponseCodec.decode(AbstractHttpResponseCodec.java:44)
	at org.openqa.selenium.remote.HttpCommandExecutor.execute(HttpCommandExecutor.java:164)
	at org.openqa.selenium.remote.service.DriverCommandExecutor.execute(DriverCommandExecutor.java:83)
	at org.openqa.selenium.remote.RemoteWebDriver.execute(RemoteWebDriver.java:600)
	at com.kms.katalon.selenium.driver.CChromeDriver.execute(CChromeDriver.java:20)
	at org.openqa.selenium.remote.RemoteWebDriver.execute(RemoteWebDriver.java:657)
	at org.openqa.selenium.remote.RemoteWebDriver$RemoteWebDriverOptions$RemoteWindow.maximize(RemoteWebDriver.java:891)
	at com.kms.katalon.core.webui.keyword.builtin.MaximizeWindowKeyword$_maximizeWindow_closure1.doCall(MaximizeWindowKeyword.groovy:85)
	at com.kms.katalon.core.webui.keyword.builtin.MaximizeWindowKeyword$_maximizeWindow_closure1.call(MaximizeWindowKeyword.groovy)
	at com.kms.katalon.core.webui.keyword.internal.WebUIKeywordMain.runKeyword(WebUIKeywordMain.groovy:20)
	at com.kms.katalon.core.webui.keyword.builtin.MaximizeWindowKeyword.maximizeWindow(MaximizeWindowKeyword.groovy:74)
	at com.kms.katalon.core.webui.keyword.builtin.MaximizeWindowKeyword.execute(MaximizeWindowKeyword.groovy:69)
	at com.kms.katalon.core.keyword.internal.KeywordExecutor.executeKeywordForPlatform(KeywordExecutor.groovy:56)
	at com.kms.katalon.core.webui.keyword.WebUiBuiltInKeywords.maximizeWindow(WebUiBuiltInKeywords.groovy:279)
	at com.kms.katalon.core.webui.keyword.WebUiBuiltInKeywords$maximizeWindow$0.call(Unknown Source)
	at Script1553596975738.run(Script1553596975738.groovy:34)
	... 13 more
)
[[ATTACHMENT|C:\\Users\\user\\Documents\\testautomation\\KatalonProjects\\Reports\\VirtualShowRSVPSuites\\MicrositeTestSuite\\20190624_155341\\1561371833778.png]]

2019-06-24 15:53:54 - [MESSAGE][FAILED] - maximizeWindow() FAILED.
Reason:
com.kms.katalon.core.exception.StepFailedException: Unable to maximize current window
	at com.kms.katalon.core.webui.keyword.internal.WebUIKeywordMain.stepFailed(WebUIKeywordMain.groovy:64)
	at com.kms.katalon.core.webui.keyword.internal.WebUIKeywordMain.runKeyword(WebUIKeywordMain.groovy:26)
	at com.kms.katalon.core.webui.keyword.builtin.MaximizeWindowKeyword.maximizeWindow(MaximizeWindowKeyword.groovy:74)
	at com.kms.katalon.core.webui.keyword.builtin.MaximizeWindowKeyword.execute(MaximizeWindowKeyword.groovy:69)
	at com.kms.katalon.core.keyword.internal.KeywordExecutor.executeKeywordForPlatform(KeywordExecutor.groovy:56)
	at com.kms.katalon.core.webui.keyword.WebUiBuiltInKeywords.maximizeWindow(WebUiBuiltInKeywords.groovy:279)
	at com.kms.katalon.core.webui.keyword.WebUiBuiltInKeywords$maximizeWindow$0.call(Unknown Source)
	at createShow.run(createShow:34)
	at com.kms.katalon.core.main.ScriptEngine.run(ScriptEngine.java:194)
	at com.kms.katalon.core.main.ScriptEngine.runScriptAsRawText(ScriptEngine.java:119)
	at com.kms.katalon.core.main.TestCaseExecutor.runScript(TestCaseExecutor.java:342)
	at com.kms.katalon.core.main.TestCaseExecutor.doExecute(TestCaseExecutor.java:333)
	at com.kms.katalon.core.main.TestCaseExecutor.processExecutionPhase(TestCaseExecutor.java:312)
	at com.kms.katalon.core.main.TestCaseExecutor.accessMainPhase(TestCaseExecutor.java:304)
	at com.kms.katalon.core.main.TestCaseExecutor.execute(TestCaseExecutor.java:238)
	at com.kms.katalon.core.main.TestSuiteExecutor.accessTestCaseMainPhase(TestSuiteExecutor.java:129)
	at com.kms.katalon.core.main.TestSuiteExecutor.accessTestSuiteMainPhase(TestSuiteExecutor.java:112)
	at com.kms.katalon.core.main.TestSuiteExecutor.execute(TestSuiteExecutor.java:81)
	at com.kms.katalon.core.main.TestCaseMain.startTestSuite(TestCaseMain.java:157)
	at com.kms.katalon.core.main.TestCaseMain$startTestSuite$0.call(Unknown Source)
	at TempTestSuite1561371821608.run(TempTestSuite1561371821608.groovy:35)
Caused by: org.openqa.selenium.WebDriverException: unknown error: failed to change window state to normal, current state is maximized
  (Session info: chrome=75.0.3770.100)
  (Driver info: chromedriver=74.0.3729.6 (255758eccf3d244491b8a1317aa76e1ce10d57e9-refs/branch-heads/3729@{#29}),platform=Windows NT 6.3.9600 x86_64) (WARNING: The server did not provide any stacktrace information)
Command duration or timeout: 0 milliseconds
Build info: version: '3.7.1', revision: '8a0099a', time: '2017-11-06T21:07:36.161Z'
System info: host: 'NIVEDITA', ip: '10.0.102.159', os.name: 'Windows 8.1', os.arch: 'amd64', os.version: '6.3', java.version: '1.8.0_181'
Driver info: com.kms.katalon.selenium.driver.CChromeDriver
Capabilities {acceptInsecureCerts: false, acceptSslCerts: false, applicationCacheEnabled: false, browserConnectionEnabled: false, browserName: chrome, chrome: {chromedriverVersion: 74.0.3729.6 (255758eccf3d24..., userDataDir: C:\Users\user\AppData\Local...}, cssSelectorsEnabled: true, databaseEnabled: false, goog:chromeOptions: {debuggerAddress: localhost:54350}, handlesAlerts: true, hasTouchScreen: false, javascriptEnabled: true, locationContextEnabled: true, mobileEmulationEnabled: false, nativeEvents: true, networkConnectionEnabled: false, pageLoadStrategy: normal, platform: XP, platformName: XP, proxy: Proxy(direct), rotatable: false, setWindowRect: true, strictFileInteractability: false, takesHeapSnapshot: true, takesScreenshot: true, timeouts: {implicit: 0, pageLoad: 300000, script: 30000}, unexpectedAlertBehaviour: ignore, unhandledPromptBehavior: ignore, version: 75.0.3770.100, webStorageEnabled: true}
Session ID: 54e3dd8dd918d5e1d30aea469d0c2d2c
	at org.openqa.selenium.remote.ErrorHandler.createThrowable(ErrorHandler.java:214)
	at org.openqa.selenium.remote.ErrorHandler.throwIfResponseFailed(ErrorHandler.java:166)
	at org.openqa.selenium.remote.http.JsonHttpResponseCodec.reconstructValue(JsonHttpResponseCodec.java:40)
	at org.openqa.selenium.remote.http.AbstractHttpResponseCodec.decode(AbstractHttpResponseCodec.java:80)
	at org.openqa.selenium.remote.http.AbstractHttpResponseCodec.decode(AbstractHttpResponseCodec.java:44)
	at org.openqa.selenium.remote.HttpCommandExecutor.execute(HttpCommandExecutor.java:164)
	at org.openqa.selenium.remote.service.DriverCommandExecutor.execute(DriverCommandExecutor.java:83)
	at org.openqa.selenium.remote.RemoteWebDriver.execute(RemoteWebDriver.java:600)
	at com.kms.katalon.selenium.driver.CChromeDriver.execute(CChromeDriver.java:20)
	at org.openqa.selenium.remote.RemoteWebDriver.execute(RemoteWebDriver.java:657)
	at org.openqa.selenium.remote.RemoteWebDriver$RemoteWebDriverOptions$RemoteWindow.maximize(RemoteWebDriver.java:891)
	at com.kms.katalon.core.webui.keyword.builtin.MaximizeWindowKeyword$_maximizeWindow_closure1.doCall(MaximizeWindowKeyword.groovy:85)
	at com.kms.katalon.core.webui.keyword.builtin.MaximizeWindowKeyword$_maximizeWindow_closure1.call(MaximizeWindowKeyword.groovy)
	at com.kms.katalon.core.webui.keyword.internal.WebUIKeywordMain.runKeyword(WebUIKeywordMain.groovy:20)
	at com.kms.katalon.core.webui.keyword.builtin.MaximizeWindowKeyword.maximizeWindow(MaximizeWindowKeyword.groovy:74)
	at com.kms.katalon.core.webui.keyword.builtin.MaximizeWindowKeyword.execute(MaximizeWindowKeyword.groovy:69)
	at com.kms.katalon.core.keyword.internal.KeywordExecutor.executeKeywordForPlatform(KeywordExecutor.groovy:56)
	at com.kms.katalon.core.webui.keyword.WebUiBuiltInKeywords.maximizeWindow(WebUiBuiltInKeywords.groovy:279)
	at com.kms.katalon.core.webui.keyword.WebUiBuiltInKeywords$maximizeWindow$0.call(Unknown Source)
	at Script1553596975738.run(Script1553596975738.groovy:34)
	... 13 more]]></system-out>
         <system-err><![CDATA[2019-06-24 15:53:45 - [TEST_CASE][FAILED] - Test Cases/virtualShowRSVP/createShow: Test Cases/virtualShowRSVP/createShow FAILED.
Reason:
com.kms.katalon.core.exception.StepFailedException: Unable to maximize current window
	at com.kms.katalon.core.webui.keyword.internal.WebUIKeywordMain.stepFailed(WebUIKeywordMain.groovy:64)
	at com.kms.katalon.core.webui.keyword.internal.WebUIKeywordMain.runKeyword(WebUIKeywordMain.groovy:26)
	at com.kms.katalon.core.webui.keyword.builtin.MaximizeWindowKeyword.maximizeWindow(MaximizeWindowKeyword.groovy:74)
	at com.kms.katalon.core.webui.keyword.builtin.MaximizeWindowKeyword.execute(MaximizeWindowKeyword.groovy:69)
	at com.kms.katalon.core.keyword.internal.KeywordExecutor.executeKeywordForPlatform(KeywordExecutor.groovy:56)
	at com.kms.katalon.core.webui.keyword.WebUiBuiltInKeywords.maximizeWindow(WebUiBuiltInKeywords.groovy:279)
	at com.kms.katalon.core.webui.keyword.WebUiBuiltInKeywords$maximizeWindow$0.call(Unknown Source)
	at createShow.run(createShow:34)
	at com.kms.katalon.core.main.ScriptEngine.run(ScriptEngine.java:194)
	at com.kms.katalon.core.main.ScriptEngine.runScriptAsRawText(ScriptEngine.java:119)
	at com.kms.katalon.core.main.TestCaseExecutor.runScript(TestCaseExecutor.java:342)
	at com.kms.katalon.core.main.TestCaseExecutor.doExecute(TestCaseExecutor.java:333)
	at com.kms.katalon.core.main.TestCaseExecutor.processExecutionPhase(TestCaseExecutor.java:312)
	at com.kms.katalon.core.main.TestCaseExecutor.accessMainPhase(TestCaseExecutor.java:304)
	at com.kms.katalon.core.main.TestCaseExecutor.execute(TestCaseExecutor.java:238)
	at com.kms.katalon.core.main.TestSuiteExecutor.accessTestCaseMainPhase(TestSuiteExecutor.java:129)
	at com.kms.katalon.core.main.TestSuiteExecutor.accessTestSuiteMainPhase(TestSuiteExecutor.java:112)
	at com.kms.katalon.core.main.TestSuiteExecutor.execute(TestSuiteExecutor.java:81)
	at com.kms.katalon.core.main.TestCaseMain.startTestSuite(TestCaseMain.java:157)
	at com.kms.katalon.core.main.TestCaseMain$startTestSuite$0.call(Unknown Source)
	at TempTestSuite1561371821608.run(TempTestSuite1561371821608.groovy:35)
Caused by: org.openqa.selenium.WebDriverException: unknown error: failed to change window state to normal, current state is maximized
  (Session info: chrome=75.0.3770.100)
  (Driver info: chromedriver=74.0.3729.6 (255758eccf3d244491b8a1317aa76e1ce10d57e9-refs/branch-heads/3729@{#29}),platform=Windows NT 6.3.9600 x86_64) (WARNING: The server did not provide any stacktrace information)
Command duration or timeout: 0 milliseconds
Build info: version: '3.7.1', revision: '8a0099a', time: '2017-11-06T21:07:36.161Z'
System info: host: 'NIVEDITA', ip: '10.0.102.159', os.name: 'Windows 8.1', os.arch: 'amd64', os.version: '6.3', java.version: '1.8.0_181'
Driver info: com.kms.katalon.selenium.driver.CChromeDriver
Capabilities {acceptInsecureCerts: false, acceptSslCerts: false, applicationCacheEnabled: false, browserConnectionEnabled: false, browserName: chrome, chrome: {chromedriverVersion: 74.0.3729.6 (255758eccf3d24..., userDataDir: C:\Users\user\AppData\Local...}, cssSelectorsEnabled: true, databaseEnabled: false, goog:chromeOptions: {debuggerAddress: localhost:54350}, handlesAlerts: true, hasTouchScreen: false, javascriptEnabled: true, locationContextEnabled: true, mobileEmulationEnabled: false, nativeEvents: true, networkConnectionEnabled: false, pageLoadStrategy: normal, platform: XP, platformName: XP, proxy: Proxy(direct), rotatable: false, setWindowRect: true, strictFileInteractability: false, takesHeapSnapshot: true, takesScreenshot: true, timeouts: {implicit: 0, pageLoad: 300000, script: 30000}, unexpectedAlertBehaviour: ignore, unhandledPromptBehavior: ignore, version: 75.0.3770.100, webStorageEnabled: true}
Session ID: 54e3dd8dd918d5e1d30aea469d0c2d2c
	at org.openqa.selenium.remote.ErrorHandler.createThrowable(ErrorHandler.java:214)
	at org.openqa.selenium.remote.ErrorHandler.throwIfResponseFailed(ErrorHandler.java:166)
	at org.openqa.selenium.remote.http.JsonHttpResponseCodec.reconstructValue(JsonHttpResponseCodec.java:40)
	at org.openqa.selenium.remote.http.AbstractHttpResponseCodec.decode(AbstractHttpResponseCodec.java:80)
	at org.openqa.selenium.remote.http.AbstractHttpResponseCodec.decode(AbstractHttpResponseCodec.java:44)
	at org.openqa.selenium.remote.HttpCommandExecutor.execute(HttpCommandExecutor.java:164)
	at org.openqa.selenium.remote.service.DriverCommandExecutor.execute(DriverCommandExecutor.java:83)
	at org.openqa.selenium.remote.RemoteWebDriver.execute(RemoteWebDriver.java:600)
	at com.kms.katalon.selenium.driver.CChromeDriver.execute(CChromeDriver.java:20)
	at org.openqa.selenium.remote.RemoteWebDriver.execute(RemoteWebDriver.java:657)
	at org.openqa.selenium.remote.RemoteWebDriver$RemoteWebDriverOptions$RemoteWindow.maximize(RemoteWebDriver.java:891)
	at com.kms.katalon.core.webui.keyword.builtin.MaximizeWindowKeyword$_maximizeWindow_closure1.doCall(MaximizeWindowKeyword.groovy:85)
	at com.kms.katalon.core.webui.keyword.builtin.MaximizeWindowKeyword$_maximizeWindow_closure1.call(MaximizeWindowKeyword.groovy)
	at com.kms.katalon.core.webui.keyword.internal.WebUIKeywordMain.runKeyword(WebUIKeywordMain.groovy:20)
	at com.kms.katalon.core.webui.keyword.builtin.MaximizeWindowKeyword.maximizeWindow(MaximizeWindowKeyword.groovy:74)
	at com.kms.katalon.core.webui.keyword.builtin.MaximizeWindowKeyword.execute(MaximizeWindowKeyword.groovy:69)
	at com.kms.katalon.core.keyword.internal.KeywordExecutor.executeKeywordForPlatform(KeywordExecutor.groovy:56)
	at com.kms.katalon.core.webui.keyword.WebUiBuiltInKeywords.maximizeWindow(WebUiBuiltInKeywords.groovy:279)
	at com.kms.katalon.core.webui.keyword.WebUiBuiltInKeywords$maximizeWindow$0.call(Unknown Source)
	at Script1553596975738.run(Script1553596975738.groovy:34)
	... 13 more]]></system-err>
      </testcase>
      <testcase name="Test Cases/virtualShowRSVP/micrositeRSVPValidUser" classname="Test Cases/virtualShowRSVP/micrositeRSVPValidUser" status="FAILED">
         <failure type="FAILED" message="Test Cases/virtualShowRSVP/micrositeRSVPValidUser FAILED.
Reason:
com.kms.katalon.core.exception.StepFailedException: Unable to navigate to 'null'
	at com.kms.katalon.core.webui.keyword.internal.WebUIKeywordMain.stepFailed(WebUIKeywordMain.groovy:64)
	at com.kms.katalon.core.webui.keyword.internal.WebUIKeywordMain.runKeyword(WebUIKeywordMain.groovy:26)
	at com.kms.katalon.core.webui.keyword.builtin.NavigateToUrlKeyword.navigateToUrl(NavigateToUrlKeyword.groovy:83)
	at com.kms.katalon.core.webui.keyword.builtin.NavigateToUrlKeyword.execute(NavigateToUrlKeyword.groovy:67)
	at com.kms.katalon.core.keyword.internal.KeywordExecutor.executeKeywordForPlatform(KeywordExecutor.groovy:56)
	at com.kms.katalon.core.webui.keyword.WebUiBuiltInKeywords.navigateToUrl(WebUiBuiltInKeywords.groovy:183)
	at com.kms.katalon.core.webui.keyword.WebUiBuiltInKeywords$navigateToUrl$1.call(Unknown Source)
	at micrositeRSVPValidUser.run(micrositeRSVPValidUser:57)
	at com.kms.katalon.core.main.ScriptEngine.run(ScriptEngine.java:194)
	at com.kms.katalon.core.main.ScriptEngine.runScriptAsRawText(ScriptEngine.java:119)
	at com.kms.katalon.core.main.TestCaseExecutor.runScript(TestCaseExecutor.java:342)
	at com.kms.katalon.core.main.TestCaseExecutor.doExecute(TestCaseExecutor.java:333)
	at com.kms.katalon.core.main.TestCaseExecutor.processExecutionPhase(TestCaseExecutor.java:312)
	at com.kms.katalon.core.main.TestCaseExecutor.accessMainPhase(TestCaseExecutor.java:304)
	at com.kms.katalon.core.main.TestCaseExecutor.execute(TestCaseExecutor.java:238)
	at com.kms.katalon.core.main.TestSuiteExecutor.accessTestCaseMainPhase(TestSuiteExecutor.java:129)
	at com.kms.katalon.core.main.TestSuiteExecutor.accessTestSuiteMainPhase(TestSuiteExecutor.java:112)
	at com.kms.katalon.core.main.TestSuiteExecutor.execute(TestSuiteExecutor.java:81)
	at com.kms.katalon.core.main.TestCaseMain.startTestSuite(TestCaseMain.java:157)
	at com.kms.katalon.core.main.TestCaseMain$startTestSuite$0.call(Unknown Source)
	at TempTestSuite1561371821608.run(TempTestSuite1561371821608.groovy:35)
Caused by: java.lang.IllegalArgumentException: Url cannot be null or empty
	at com.kms.katalon.core.webui.keyword.builtin.NavigateToUrlKeyword$_navigateToUrl_closure1.doCall(NavigateToUrlKeyword.groovy:75)
	at com.kms.katalon.core.webui.keyword.builtin.NavigateToUrlKeyword$_navigateToUrl_closure1.call(NavigateToUrlKeyword.groovy)
	at com.kms.katalon.core.webui.keyword.internal.WebUIKeywordMain.runKeyword(WebUIKeywordMain.groovy:20)
	at com.kms.katalon.core.webui.keyword.builtin.NavigateToUrlKeyword.navigateToUrl(NavigateToUrlKeyword.groovy:83)
	at com.kms.katalon.core.webui.keyword.builtin.NavigateToUrlKeyword.execute(NavigateToUrlKeyword.groovy:67)
	at com.kms.katalon.core.keyword.internal.KeywordExecutor.executeKeywordForPlatform(KeywordExecutor.groovy:56)
	at com.kms.katalon.core.webui.keyword.WebUiBuiltInKeywords.navigateToUrl(WebUiBuiltInKeywords.groovy:183)
	at com.kms.katalon.core.webui.keyword.WebUiBuiltInKeywords$navigateToUrl$1.call(Unknown Source)
	at Script1553241488977.run(Script1553241488977.groovy:57)
	... 13 more
"/>
         <system-out><![CDATA[2019-06-24 15:53:54 - [TEST_CASE][FAILED] - Test Cases/virtualShowRSVP/micrositeRSVPValidUser: Test Cases/virtualShowRSVP/micrositeRSVPValidUser FAILED.
Reason:
com.kms.katalon.core.exception.StepFailedException: Unable to navigate to 'null'
	at com.kms.katalon.core.webui.keyword.internal.WebUIKeywordMain.stepFailed(WebUIKeywordMain.groovy:64)
	at com.kms.katalon.core.webui.keyword.internal.WebUIKeywordMain.runKeyword(WebUIKeywordMain.groovy:26)
	at com.kms.katalon.core.webui.keyword.builtin.NavigateToUrlKeyword.navigateToUrl(NavigateToUrlKeyword.groovy:83)
	at com.kms.katalon.core.webui.keyword.builtin.NavigateToUrlKeyword.execute(NavigateToUrlKeyword.groovy:67)
	at com.kms.katalon.core.keyword.internal.KeywordExecutor.executeKeywordForPlatform(KeywordExecutor.groovy:56)
	at com.kms.katalon.core.webui.keyword.WebUiBuiltInKeywords.navigateToUrl(WebUiBuiltInKeywords.groovy:183)
	at com.kms.katalon.core.webui.keyword.WebUiBuiltInKeywords$navigateToUrl$1.call(Unknown Source)
	at micrositeRSVPValidUser.run(micrositeRSVPValidUser:57)
	at com.kms.katalon.core.main.ScriptEngine.run(ScriptEngine.java:194)
	at com.kms.katalon.core.main.ScriptEngine.runScriptAsRawText(ScriptEngine.java:119)
	at com.kms.katalon.core.main.TestCaseExecutor.runScript(TestCaseExecutor.java:342)
	at com.kms.katalon.core.main.TestCaseExecutor.doExecute(TestCaseExecutor.java:333)
	at com.kms.katalon.core.main.TestCaseExecutor.processExecutionPhase(TestCaseExecutor.java:312)
	at com.kms.katalon.core.main.TestCaseExecutor.accessMainPhase(TestCaseExecutor.java:304)
	at com.kms.katalon.core.main.TestCaseExecutor.execute(TestCaseExecutor.java:238)
	at com.kms.katalon.core.main.TestSuiteExecutor.accessTestCaseMainPhase(TestSuiteExecutor.java:129)
	at com.kms.katalon.core.main.TestSuiteExecutor.accessTestSuiteMainPhase(TestSuiteExecutor.java:112)
	at com.kms.katalon.core.main.TestSuiteExecutor.execute(TestSuiteExecutor.java:81)
	at com.kms.katalon.core.main.TestCaseMain.startTestSuite(TestCaseMain.java:157)
	at com.kms.katalon.core.main.TestCaseMain$startTestSuite$0.call(Unknown Source)
	at TempTestSuite1561371821608.run(TempTestSuite1561371821608.groovy:35)
Caused by: java.lang.IllegalArgumentException: Url cannot be null or empty
	at com.kms.katalon.core.webui.keyword.builtin.NavigateToUrlKeyword$_navigateToUrl_closure1.doCall(NavigateToUrlKeyword.groovy:75)
	at com.kms.katalon.core.webui.keyword.builtin.NavigateToUrlKeyword$_navigateToUrl_closure1.call(NavigateToUrlKeyword.groovy)
	at com.kms.katalon.core.webui.keyword.internal.WebUIKeywordMain.runKeyword(WebUIKeywordMain.groovy:20)
	at com.kms.katalon.core.webui.keyword.builtin.NavigateToUrlKeyword.navigateToUrl(NavigateToUrlKeyword.groovy:83)
	at com.kms.katalon.core.webui.keyword.builtin.NavigateToUrlKeyword.execute(NavigateToUrlKeyword.groovy:67)
	at com.kms.katalon.core.keyword.internal.KeywordExecutor.executeKeywordForPlatform(KeywordExecutor.groovy:56)
	at com.kms.katalon.core.webui.keyword.WebUiBuiltInKeywords.navigateToUrl(WebUiBuiltInKeywords.groovy:183)
	at com.kms.katalon.core.webui.keyword.WebUiBuiltInKeywords$navigateToUrl$1.call(Unknown Source)
	at Script1553241488977.run(Script1553241488977.groovy:57)
	... 13 more


2019-06-24 15:53:54 - [TEST_STEP][PASSED] - Start listener action : sampleBeforeTestCase: null

2019-06-24 15:53:54 - [TEST_STEP][PASSED] - println(testCaseContext.getTestCaseId()): null

2019-06-24 15:53:54 - [TEST_STEP][PASSED] - println(testCaseContext.getTestCaseVariables()): null

2019-06-24 15:53:55 - [TEST_STEP][PASSED] - dataFile = "micrositeData": null

2019-06-24 15:53:55 - [TEST_STEP][PASSED] - hostessMail = findTestData(dataFile).getValue("hostessMail", 1): null

2019-06-24 15:53:55 - [TEST_STEP][PASSED] - hostessPass = findTestData(dataFile).getValue("hostessPass", 1): null

2019-06-24 15:53:55 - [TEST_STEP][PASSED] - cohostessMail = findTestData(dataFile).getValue("cohostessMail", 1): null

2019-06-24 15:53:55 - [TEST_STEP][PASSED] - cohostessPass = findTestData(dataFile).getValue("cohostessPass", 1): null

2019-06-24 15:53:55 - [TEST_STEP][PASSED] - guest1Mail = findTestData(dataFile).getValue("guest1Mail", 1): null

2019-06-24 15:53:55 - [TEST_STEP][PASSED] - guest1Pass = findTestData(dataFile).getValue("guest1Pass", 1): null

2019-06-24 15:53:55 - [TEST_STEP][PASSED] - guestUninvitedMail = findTestData(dataFile).getValue("guestUninvitedMail", 1): null

2019-06-24 15:53:55 - [TEST_STEP][PASSED] - guestUninvitedPass = findTestData(dataFile).getValue("guestUninvitedPass", 1): null

2019-06-24 15:53:55 - [TEST_STEP][PASSED] - ofbizURL = findTestData(dataFile).getValue("ofbizURL", 1): null

2019-06-24 15:53:55 - [TEST_STEP][PASSED] - ofbizUser = findTestData(dataFile).getValue("ofbizUser", 1): null

2019-06-24 15:53:55 - [TEST_STEP][PASSED] - ofbizPass = findTestData(dataFile).getValue("ofbizPass", 1): null

2019-06-24 15:53:55 - [TEST_STEP][PASSED] - vhostTarget = findTestData(dataFile).getValue("vhostTarget", 1): null

2019-06-24 15:53:55 - [TEST_STEP][PASSED] - openBrowser(""): Browser is opened with url: ''

2019-06-24 15:53:56 - [MESSAGE][WARNING] - A browser is already opened. Closing browser and opening a new one

2019-06-24 15:53:56 - [MESSAGE][INFO] - Starting 'Chrome' driver

2019-06-24 15:53:56 - [MESSAGE][INFO] - User set preference: ['args', '[--use-fake-ui-for-media-stream, --start-maximized]']

2019-06-24 15:53:58 - [MESSAGE][PASSED] - Browser is opened with url: ''

2019-06-24 15:53:58 - [TEST_STEP][PASSED] - maximizeWindow(): Current window maximized

2019-06-24 15:53:59 - [MESSAGE][PASSED] - Current window maximized

2019-06-24 15:53:59 - [TEST_STEP][PASSED] - callTestCase(findTestCase("virtualShowRSVP/setVHost"), [:], STOP_ON_FAILURE): Call Test Case 'Test Cases/virtualShowRSVP/setVHost' successfully

2019-06-24 15:53:59 - [TEST_CASE][PASSED] - Test Cases/virtualShowRSVP/setVHost: Test Cases/virtualShowRSVP/setVHost

2019-06-24 15:54:00 - [TEST_STEP][PASSED] - dataFile = "micrositeData": null

2019-06-24 15:54:00 - [TEST_STEP][PASSED] - ofbizURL = findTestData(dataFile).getValue("ofbizURL", 1): null

2019-06-24 15:54:00 - [TEST_STEP][PASSED] - ofbizUser = findTestData(dataFile).getValue("ofbizUser", 1): null

2019-06-24 15:54:00 - [TEST_STEP][PASSED] - ofbizPass = findTestData(dataFile).getValue("ofbizPass", 1): null

2019-06-24 15:54:00 - [TEST_STEP][PASSED] - vhostTarget = findTestData(dataFile).getValue("vhostTarget", 1): null

2019-06-24 15:54:00 - [TEST_STEP][PASSED] - navigateToUrl(ofbizURL): Navigate to 'https://pushofbiz.cliotest.com/login.php' successfully

2019-06-24 15:54:02 - [MESSAGE][PASSED] - Navigate to 'https://pushofbiz.cliotest.com/login.php' successfully

2019-06-24 15:54:02 - [TEST_STEP][PASSED] - setText(findTestObject("Object Repository/virualShowRSVPOR/Page_/input_Username_username"), ofbizUser): Text 'automation' is set on object 'Object Repository/virualShowRSVPOR/Page_/input_Username_username'

2019-06-24 15:54:02 - [MESSAGE][PASSED] - Text 'automation' is set on object 'Object Repository/virualShowRSVPOR/Page_/input_Username_username'

2019-06-24 15:54:02 - [TEST_STEP][PASSED] - setText(findTestObject("Object Repository/virualShowRSVPOR/Page_/input_Password_password"), ofbizPass): Text 'cabiautomation' is set on object 'Object Repository/virualShowRSVPOR/Page_/input_Password_password'

2019-06-24 15:54:02 - [MESSAGE][PASSED] - Text 'cabiautomation' is set on object 'Object Repository/virualShowRSVPOR/Page_/input_Password_password'

2019-06-24 15:54:02 - [TEST_STEP][PASSED] - click(findTestObject("Object Repository/virualShowRSVPOR/Page_/input_Password_Submit")): Object: 'Object Repository/virualShowRSVPOR/Page_/input_Password_Submit' is clicked on

2019-06-24 15:54:06 - [MESSAGE][PASSED] - Object: 'Object Repository/virualShowRSVPOR/Page_/input_Password_Submit' is clicked on

2019-06-24 15:54:06 - [TEST_STEP][PASSED] - click(findTestObject("Object Repository/virualShowRSVPOR/Page_/a_Set Vhost")): Object: 'Object Repository/virualShowRSVPOR/Page_/a_Set Vhost' is clicked on

2019-06-24 15:54:06 - [MESSAGE][PASSED] - Object: 'Object Repository/virualShowRSVPOR/Page_/a_Set Vhost' is clicked on

2019-06-24 15:54:06 - [TEST_STEP][PASSED] - click(UtilityMethods.createTestObject("select_target", "//select[@name='Target']/option[contains(text(), '", vhostTarget, "')]")): Object: 'select_target' is clicked on

2019-06-24 15:54:06 - [MESSAGE][PASSED] - Object: 'select_target' is clicked on

2019-06-24 15:54:06 - [TEST_STEP][PASSED] - click(findTestObject("Object Repository/virualShowRSVPOR/Page_/input")): Object: 'Object Repository/virualShowRSVPOR/Page_/input' is clicked on

2019-06-24 15:54:09 - [MESSAGE][PASSED] - Object: 'Object Repository/virualShowRSVPOR/Page_/input' is clicked on

2019-06-24 15:54:09 - [MESSAGE][PASSED] - Call Test Case 'Test Cases/virtualShowRSVP/setVHost' successfully

2019-06-24 15:54:09 - [TEST_STEP][FAILED] - navigateToUrl(micrositeURL): navigateToUrl(micrositeURL) FAILED.
Reason:
com.kms.katalon.core.exception.StepFailedException: Unable to navigate to 'null'
	at com.kms.katalon.core.webui.keyword.internal.WebUIKeywordMain.stepFailed(WebUIKeywordMain.groovy:64)
	at com.kms.katalon.core.webui.keyword.internal.WebUIKeywordMain.runKeyword(WebUIKeywordMain.groovy:26)
	at com.kms.katalon.core.webui.keyword.builtin.NavigateToUrlKeyword.navigateToUrl(NavigateToUrlKeyword.groovy:83)
	at com.kms.katalon.core.webui.keyword.builtin.NavigateToUrlKeyword.execute(NavigateToUrlKeyword.groovy:67)
	at com.kms.katalon.core.keyword.internal.KeywordExecutor.executeKeywordForPlatform(KeywordExecutor.groovy:56)
	at com.kms.katalon.core.webui.keyword.WebUiBuiltInKeywords.navigateToUrl(WebUiBuiltInKeywords.groovy:183)
	at com.kms.katalon.core.webui.keyword.WebUiBuiltInKeywords$navigateToUrl$1.call(Unknown Source)
	at micrositeRSVPValidUser.run(micrositeRSVPValidUser:57)
	at com.kms.katalon.core.main.ScriptEngine.run(ScriptEngine.java:194)
	at com.kms.katalon.core.main.ScriptEngine.runScriptAsRawText(ScriptEngine.java:119)
	at com.kms.katalon.core.main.TestCaseExecutor.runScript(TestCaseExecutor.java:342)
	at com.kms.katalon.core.main.TestCaseExecutor.doExecute(TestCaseExecutor.java:333)
	at com.kms.katalon.core.main.TestCaseExecutor.processExecutionPhase(TestCaseExecutor.java:312)
	at com.kms.katalon.core.main.TestCaseExecutor.accessMainPhase(TestCaseExecutor.java:304)
	at com.kms.katalon.core.main.TestCaseExecutor.execute(TestCaseExecutor.java:238)
	at com.kms.katalon.core.main.TestSuiteExecutor.accessTestCaseMainPhase(TestSuiteExecutor.java:129)
	at com.kms.katalon.core.main.TestSuiteExecutor.accessTestSuiteMainPhase(TestSuiteExecutor.java:112)
	at com.kms.katalon.core.main.TestSuiteExecutor.execute(TestSuiteExecutor.java:81)
	at com.kms.katalon.core.main.TestCaseMain.startTestSuite(TestCaseMain.java:157)
	at com.kms.katalon.core.main.TestCaseMain$startTestSuite$0.call(Unknown Source)
	at TempTestSuite1561371821608.run(TempTestSuite1561371821608.groovy:35)
Caused by: java.lang.IllegalArgumentException: Url cannot be null or empty
	at com.kms.katalon.core.webui.keyword.builtin.NavigateToUrlKeyword$_navigateToUrl_closure1.doCall(NavigateToUrlKeyword.groovy:75)
	at com.kms.katalon.core.webui.keyword.builtin.NavigateToUrlKeyword$_navigateToUrl_closure1.call(NavigateToUrlKeyword.groovy)
	at com.kms.katalon.core.webui.keyword.internal.WebUIKeywordMain.runKeyword(WebUIKeywordMain.groovy:20)
	at com.kms.katalon.core.webui.keyword.builtin.NavigateToUrlKeyword.navigateToUrl(NavigateToUrlKeyword.groovy:83)
	at com.kms.katalon.core.webui.keyword.builtin.NavigateToUrlKeyword.execute(NavigateToUrlKeyword.groovy:67)
	at com.kms.katalon.core.keyword.internal.KeywordExecutor.executeKeywordForPlatform(KeywordExecutor.groovy:56)
	at com.kms.katalon.core.webui.keyword.WebUiBuiltInKeywords.navigateToUrl(WebUiBuiltInKeywords.groovy:183)
	at com.kms.katalon.core.webui.keyword.WebUiBuiltInKeywords$navigateToUrl$1.call(Unknown Source)
	at Script1553241488977.run(Script1553241488977.groovy:57)
	... 13 more


2019-06-24 15:54:10 - [MESSAGE][FAILED] - Unable to navigate to 'null' (Root cause: com.kms.katalon.core.exception.StepFailedException: Unable to navigate to 'null'
	at com.kms.katalon.core.webui.keyword.internal.WebUIKeywordMain.stepFailed(WebUIKeywordMain.groovy:64)
	at com.kms.katalon.core.webui.keyword.internal.WebUIKeywordMain.runKeyword(WebUIKeywordMain.groovy:26)
	at com.kms.katalon.core.webui.keyword.builtin.NavigateToUrlKeyword.navigateToUrl(NavigateToUrlKeyword.groovy:83)
	at com.kms.katalon.core.webui.keyword.builtin.NavigateToUrlKeyword.execute(NavigateToUrlKeyword.groovy:67)
	at com.kms.katalon.core.keyword.internal.KeywordExecutor.executeKeywordForPlatform(KeywordExecutor.groovy:56)
	at com.kms.katalon.core.webui.keyword.WebUiBuiltInKeywords.navigateToUrl(WebUiBuiltInKeywords.groovy:183)
	at com.kms.katalon.core.webui.keyword.WebUiBuiltInKeywords$navigateToUrl$1.call(Unknown Source)
	at micrositeRSVPValidUser.run(micrositeRSVPValidUser:57)
	at com.kms.katalon.core.main.ScriptEngine.run(ScriptEngine.java:194)
	at com.kms.katalon.core.main.ScriptEngine.runScriptAsRawText(ScriptEngine.java:119)
	at com.kms.katalon.core.main.TestCaseExecutor.runScript(TestCaseExecutor.java:342)
	at com.kms.katalon.core.main.TestCaseExecutor.doExecute(TestCaseExecutor.java:333)
	at com.kms.katalon.core.main.TestCaseExecutor.processExecutionPhase(TestCaseExecutor.java:312)
	at com.kms.katalon.core.main.TestCaseExecutor.accessMainPhase(TestCaseExecutor.java:304)
	at com.kms.katalon.core.main.TestCaseExecutor.execute(TestCaseExecutor.java:238)
	at com.kms.katalon.core.main.TestSuiteExecutor.accessTestCaseMainPhase(TestSuiteExecutor.java:129)
	at com.kms.katalon.core.main.TestSuiteExecutor.accessTestSuiteMainPhase(TestSuiteExecutor.java:112)
	at com.kms.katalon.core.main.TestSuiteExecutor.execute(TestSuiteExecutor.java:81)
	at com.kms.katalon.core.main.TestCaseMain.startTestSuite(TestCaseMain.java:157)
	at com.kms.katalon.core.main.TestCaseMain$startTestSuite$0.call(Unknown Source)
	at TempTestSuite1561371821608.run(TempTestSuite1561371821608.groovy:35)
Caused by: java.lang.IllegalArgumentException: Url cannot be null or empty
	at com.kms.katalon.core.webui.keyword.builtin.NavigateToUrlKeyword$_navigateToUrl_closure1.doCall(NavigateToUrlKeyword.groovy:75)
	at com.kms.katalon.core.webui.keyword.builtin.NavigateToUrlKeyword$_navigateToUrl_closure1.call(NavigateToUrlKeyword.groovy)
	at com.kms.katalon.core.webui.keyword.internal.WebUIKeywordMain.runKeyword(WebUIKeywordMain.groovy:20)
	at com.kms.katalon.core.webui.keyword.builtin.NavigateToUrlKeyword.navigateToUrl(NavigateToUrlKeyword.groovy:83)
	at com.kms.katalon.core.webui.keyword.builtin.NavigateToUrlKeyword.execute(NavigateToUrlKeyword.groovy:67)
	at com.kms.katalon.core.keyword.internal.KeywordExecutor.executeKeywordForPlatform(KeywordExecutor.groovy:56)
	at com.kms.katalon.core.webui.keyword.WebUiBuiltInKeywords.navigateToUrl(WebUiBuiltInKeywords.groovy:183)
	at com.kms.katalon.core.webui.keyword.WebUiBuiltInKeywords$navigateToUrl$1.call(Unknown Source)
	at Script1553241488977.run(Script1553241488977.groovy:57)
	... 13 more
)
[[ATTACHMENT|C:\\Users\\user\\Documents\\testautomation\\KatalonProjects\\Reports\\VirtualShowRSVPSuites\\MicrositeTestSuite\\20190624_155341\\1561371849883.png]]

2019-06-24 15:54:10 - [MESSAGE][FAILED] - navigateToUrl(micrositeURL) FAILED.
Reason:
com.kms.katalon.core.exception.StepFailedException: Unable to navigate to 'null'
	at com.kms.katalon.core.webui.keyword.internal.WebUIKeywordMain.stepFailed(WebUIKeywordMain.groovy:64)
	at com.kms.katalon.core.webui.keyword.internal.WebUIKeywordMain.runKeyword(WebUIKeywordMain.groovy:26)
	at com.kms.katalon.core.webui.keyword.builtin.NavigateToUrlKeyword.navigateToUrl(NavigateToUrlKeyword.groovy:83)
	at com.kms.katalon.core.webui.keyword.builtin.NavigateToUrlKeyword.execute(NavigateToUrlKeyword.groovy:67)
	at com.kms.katalon.core.keyword.internal.KeywordExecutor.executeKeywordForPlatform(KeywordExecutor.groovy:56)
	at com.kms.katalon.core.webui.keyword.WebUiBuiltInKeywords.navigateToUrl(WebUiBuiltInKeywords.groovy:183)
	at com.kms.katalon.core.webui.keyword.WebUiBuiltInKeywords$navigateToUrl$1.call(Unknown Source)
	at micrositeRSVPValidUser.run(micrositeRSVPValidUser:57)
	at com.kms.katalon.core.main.ScriptEngine.run(ScriptEngine.java:194)
	at com.kms.katalon.core.main.ScriptEngine.runScriptAsRawText(ScriptEngine.java:119)
	at com.kms.katalon.core.main.TestCaseExecutor.runScript(TestCaseExecutor.java:342)
	at com.kms.katalon.core.main.TestCaseExecutor.doExecute(TestCaseExecutor.java:333)
	at com.kms.katalon.core.main.TestCaseExecutor.processExecutionPhase(TestCaseExecutor.java:312)
	at com.kms.katalon.core.main.TestCaseExecutor.accessMainPhase(TestCaseExecutor.java:304)
	at com.kms.katalon.core.main.TestCaseExecutor.execute(TestCaseExecutor.java:238)
	at com.kms.katalon.core.main.TestSuiteExecutor.accessTestCaseMainPhase(TestSuiteExecutor.java:129)
	at com.kms.katalon.core.main.TestSuiteExecutor.accessTestSuiteMainPhase(TestSuiteExecutor.java:112)
	at com.kms.katalon.core.main.TestSuiteExecutor.execute(TestSuiteExecutor.java:81)
	at com.kms.katalon.core.main.TestCaseMain.startTestSuite(TestCaseMain.java:157)
	at com.kms.katalon.core.main.TestCaseMain$startTestSuite$0.call(Unknown Source)
	at TempTestSuite1561371821608.run(TempTestSuite1561371821608.groovy:35)
Caused by: java.lang.IllegalArgumentException: Url cannot be null or empty
	at com.kms.katalon.core.webui.keyword.builtin.NavigateToUrlKeyword$_navigateToUrl_closure1.doCall(NavigateToUrlKeyword.groovy:75)
	at com.kms.katalon.core.webui.keyword.builtin.NavigateToUrlKeyword$_navigateToUrl_closure1.call(NavigateToUrlKeyword.groovy)
	at com.kms.katalon.core.webui.keyword.internal.WebUIKeywordMain.runKeyword(WebUIKeywordMain.groovy:20)
	at com.kms.katalon.core.webui.keyword.builtin.NavigateToUrlKeyword.navigateToUrl(NavigateToUrlKeyword.groovy:83)
	at com.kms.katalon.core.webui.keyword.builtin.NavigateToUrlKeyword.execute(NavigateToUrlKeyword.groovy:67)
	at com.kms.katalon.core.keyword.internal.KeywordExecutor.executeKeywordForPlatform(KeywordExecutor.groovy:56)
	at com.kms.katalon.core.webui.keyword.WebUiBuiltInKeywords.navigateToUrl(WebUiBuiltInKeywords.groovy:183)
	at com.kms.katalon.core.webui.keyword.WebUiBuiltInKeywords$navigateToUrl$1.call(Unknown Source)
	at Script1553241488977.run(Script1553241488977.groovy:57)
	... 13 more]]></system-out>
         <system-err><![CDATA[2019-06-24 15:53:54 - [TEST_CASE][FAILED] - Test Cases/virtualShowRSVP/micrositeRSVPValidUser: Test Cases/virtualShowRSVP/micrositeRSVPValidUser FAILED.
Reason:
com.kms.katalon.core.exception.StepFailedException: Unable to navigate to 'null'
	at com.kms.katalon.core.webui.keyword.internal.WebUIKeywordMain.stepFailed(WebUIKeywordMain.groovy:64)
	at com.kms.katalon.core.webui.keyword.internal.WebUIKeywordMain.runKeyword(WebUIKeywordMain.groovy:26)
	at com.kms.katalon.core.webui.keyword.builtin.NavigateToUrlKeyword.navigateToUrl(NavigateToUrlKeyword.groovy:83)
	at com.kms.katalon.core.webui.keyword.builtin.NavigateToUrlKeyword.execute(NavigateToUrlKeyword.groovy:67)
	at com.kms.katalon.core.keyword.internal.KeywordExecutor.executeKeywordForPlatform(KeywordExecutor.groovy:56)
	at com.kms.katalon.core.webui.keyword.WebUiBuiltInKeywords.navigateToUrl(WebUiBuiltInKeywords.groovy:183)
	at com.kms.katalon.core.webui.keyword.WebUiBuiltInKeywords$navigateToUrl$1.call(Unknown Source)
	at micrositeRSVPValidUser.run(micrositeRSVPValidUser:57)
	at com.kms.katalon.core.main.ScriptEngine.run(ScriptEngine.java:194)
	at com.kms.katalon.core.main.ScriptEngine.runScriptAsRawText(ScriptEngine.java:119)
	at com.kms.katalon.core.main.TestCaseExecutor.runScript(TestCaseExecutor.java:342)
	at com.kms.katalon.core.main.TestCaseExecutor.doExecute(TestCaseExecutor.java:333)
	at com.kms.katalon.core.main.TestCaseExecutor.processExecutionPhase(TestCaseExecutor.java:312)
	at com.kms.katalon.core.main.TestCaseExecutor.accessMainPhase(TestCaseExecutor.java:304)
	at com.kms.katalon.core.main.TestCaseExecutor.execute(TestCaseExecutor.java:238)
	at com.kms.katalon.core.main.TestSuiteExecutor.accessTestCaseMainPhase(TestSuiteExecutor.java:129)
	at com.kms.katalon.core.main.TestSuiteExecutor.accessTestSuiteMainPhase(TestSuiteExecutor.java:112)
	at com.kms.katalon.core.main.TestSuiteExecutor.execute(TestSuiteExecutor.java:81)
	at com.kms.katalon.core.main.TestCaseMain.startTestSuite(TestCaseMain.java:157)
	at com.kms.katalon.core.main.TestCaseMain$startTestSuite$0.call(Unknown Source)
	at TempTestSuite1561371821608.run(TempTestSuite1561371821608.groovy:35)
Caused by: java.lang.IllegalArgumentException: Url cannot be null or empty
	at com.kms.katalon.core.webui.keyword.builtin.NavigateToUrlKeyword$_navigateToUrl_closure1.doCall(NavigateToUrlKeyword.groovy:75)
	at com.kms.katalon.core.webui.keyword.builtin.NavigateToUrlKeyword$_navigateToUrl_closure1.call(NavigateToUrlKeyword.groovy)
	at com.kms.katalon.core.webui.keyword.internal.WebUIKeywordMain.runKeyword(WebUIKeywordMain.groovy:20)
	at com.kms.katalon.core.webui.keyword.builtin.NavigateToUrlKeyword.navigateToUrl(NavigateToUrlKeyword.groovy:83)
	at com.kms.katalon.core.webui.keyword.builtin.NavigateToUrlKeyword.execute(NavigateToUrlKeyword.groovy:67)
	at com.kms.katalon.core.keyword.internal.KeywordExecutor.executeKeywordForPlatform(KeywordExecutor.groovy:56)
	at com.kms.katalon.core.webui.keyword.WebUiBuiltInKeywords.navigateToUrl(WebUiBuiltInKeywords.groovy:183)
	at com.kms.katalon.core.webui.keyword.WebUiBuiltInKeywords$navigateToUrl$1.call(Unknown Source)
	at Script1553241488977.run(Script1553241488977.groovy:57)
	... 13 more]]></system-err>
      </testcase>
      <system-out><![CDATA[2019-06-24 15:53:45 - [TEST_SUITE][FAILED] - MicrositeTestSuite: Test Cases/virtualShowRSVP/createShow FAILED.
Reason:
com.kms.katalon.core.exception.StepFailedException: Unable to maximize current window
	at com.kms.katalon.core.webui.keyword.internal.WebUIKeywordMain.stepFailed(WebUIKeywordMain.groovy:64)
	at com.kms.katalon.core.webui.keyword.internal.WebUIKeywordMain.runKeyword(WebUIKeywordMain.groovy:26)
	at com.kms.katalon.core.webui.keyword.builtin.MaximizeWindowKeyword.maximizeWindow(MaximizeWindowKeyword.groovy:74)
	at com.kms.katalon.core.webui.keyword.builtin.MaximizeWindowKeyword.execute(MaximizeWindowKeyword.groovy:69)
	at com.kms.katalon.core.keyword.internal.KeywordExecutor.executeKeywordForPlatform(KeywordExecutor.groovy:56)
	at com.kms.katalon.core.webui.keyword.WebUiBuiltInKeywords.maximizeWindow(WebUiBuiltInKeywords.groovy:279)
	at com.kms.katalon.core.webui.keyword.WebUiBuiltInKeywords$maximizeWindow$0.call(Unknown Source)
	at createShow.run(createShow:34)
	at com.kms.katalon.core.main.ScriptEngine.run(ScriptEngine.java:194)
	at com.kms.katalon.core.main.ScriptEngine.runScriptAsRawText(ScriptEngine.java:119)
	at com.kms.katalon.core.main.TestCaseExecutor.runScript(TestCaseExecutor.java:342)
	at com.kms.katalon.core.main.TestCaseExecutor.doExecute(TestCaseExecutor.java:333)
	at com.kms.katalon.core.main.TestCaseExecutor.processExecutionPhase(TestCaseExecutor.java:312)
	at com.kms.katalon.core.main.TestCaseExecutor.accessMainPhase(TestCaseExecutor.java:304)
	at com.kms.katalon.core.main.TestCaseExecutor.execute(TestCaseExecutor.java:238)
	at com.kms.katalon.core.main.TestSuiteExecutor.accessTestCaseMainPhase(TestSuiteExecutor.java:129)
	at com.kms.katalon.core.main.TestSuiteExecutor.accessTestSuiteMainPhase(TestSuiteExecutor.java:112)
	at com.kms.katalon.core.main.TestSuiteExecutor.execute(TestSuiteExecutor.java:81)
	at com.kms.katalon.core.main.TestCaseMain.startTestSuite(TestCaseMain.java:157)
	at com.kms.katalon.core.main.TestCaseMain$startTestSuite$0.call(Unknown Source)
	at TempTestSuite1561371821608.run(TempTestSuite1561371821608.groovy:35)
Caused by: org.openqa.selenium.WebDriverException: unknown error: failed to change window state to normal, current state is maximized
  (Session info: chrome=75.0.3770.100)
  (Driver info: chromedriver=74.0.3729.6 (255758eccf3d244491b8a1317aa76e1ce10d57e9-refs/branch-heads/3729@{#29}),platform=Windows NT 6.3.9600 x86_64) (WARNING: The server did not provide any stacktrace information)
Command duration or timeout: 0 milliseconds
Build info: version: '3.7.1', revision: '8a0099a', time: '2017-11-06T21:07:36.161Z'
System info: host: 'NIVEDITA', ip: '10.0.102.159', os.name: 'Windows 8.1', os.arch: 'amd64', os.version: '6.3', java.version: '1.8.0_181'
Driver info: com.kms.katalon.selenium.driver.CChromeDriver
Capabilities {acceptInsecureCerts: false, acceptSslCerts: false, applicationCacheEnabled: false, browserConnectionEnabled: false, browserName: chrome, chrome: {chromedriverVersion: 74.0.3729.6 (255758eccf3d24..., userDataDir: C:\Users\user\AppData\Local...}, cssSelectorsEnabled: true, databaseEnabled: false, goog:chromeOptions: {debuggerAddress: localhost:54350}, handlesAlerts: true, hasTouchScreen: false, javascriptEnabled: true, locationContextEnabled: true, mobileEmulationEnabled: false, nativeEvents: true, networkConnectionEnabled: false, pageLoadStrategy: normal, platform: XP, platformName: XP, proxy: Proxy(direct), rotatable: false, setWindowRect: true, strictFileInteractability: false, takesHeapSnapshot: true, takesScreenshot: true, timeouts: {implicit: 0, pageLoad: 300000, script: 30000}, unexpectedAlertBehaviour: ignore, unhandledPromptBehavior: ignore, version: 75.0.3770.100, webStorageEnabled: true}
Session ID: 54e3dd8dd918d5e1d30aea469d0c2d2c
	at org.openqa.selenium.remote.ErrorHandler.createThrowable(ErrorHandler.java:214)
	at org.openqa.selenium.remote.ErrorHandler.throwIfResponseFailed(ErrorHandler.java:166)
	at org.openqa.selenium.remote.http.JsonHttpResponseCodec.reconstructValue(JsonHttpResponseCodec.java:40)
	at org.openqa.selenium.remote.http.AbstractHttpResponseCodec.decode(AbstractHttpResponseCodec.java:80)
	at org.openqa.selenium.remote.http.AbstractHttpResponseCodec.decode(AbstractHttpResponseCodec.java:44)
	at org.openqa.selenium.remote.HttpCommandExecutor.execute(HttpCommandExecutor.java:164)
	at org.openqa.selenium.remote.service.DriverCommandExecutor.execute(DriverCommandExecutor.java:83)
	at org.openqa.selenium.remote.RemoteWebDriver.execute(RemoteWebDriver.java:600)
	at com.kms.katalon.selenium.driver.CChromeDriver.execute(CChromeDriver.java:20)
	at org.openqa.selenium.remote.RemoteWebDriver.execute(RemoteWebDriver.java:657)
	at org.openqa.selenium.remote.RemoteWebDriver$RemoteWebDriverOptions$RemoteWindow.maximize(RemoteWebDriver.java:891)
	at com.kms.katalon.core.webui.keyword.builtin.MaximizeWindowKeyword$_maximizeWindow_closure1.doCall(MaximizeWindowKeyword.groovy:85)
	at com.kms.katalon.core.webui.keyword.builtin.MaximizeWindowKeyword$_maximizeWindow_closure1.call(MaximizeWindowKeyword.groovy)
	at com.kms.katalon.core.webui.keyword.internal.WebUIKeywordMain.runKeyword(WebUIKeywordMain.groovy:20)
	at com.kms.katalon.core.webui.keyword.builtin.MaximizeWindowKeyword.maximizeWindow(MaximizeWindowKeyword.groovy:74)
	at com.kms.katalon.core.webui.keyword.builtin.MaximizeWindowKeyword.execute(MaximizeWindowKeyword.groovy:69)
	at com.kms.katalon.core.keyword.internal.KeywordExecutor.executeKeywordForPlatform(KeywordExecutor.groovy:56)
	at com.kms.katalon.core.webui.keyword.WebUiBuiltInKeywords.maximizeWindow(WebUiBuiltInKeywords.groovy:279)
	at com.kms.katalon.core.webui.keyword.WebUiBuiltInKeywords$maximizeWindow$0.call(Unknown Source)
	at Script1553596975738.run(Script1553596975738.groovy:34)
	... 13 more]]></system-out>
      <system-err><![CDATA[2019-06-24 15:53:45 - [TEST_SUITE][FAILED] - MicrositeTestSuite: Test Cases/virtualShowRSVP/createShow FAILED.
Reason:
com.kms.katalon.core.exception.StepFailedException: Unable to maximize current window
	at com.kms.katalon.core.webui.keyword.internal.WebUIKeywordMain.stepFailed(WebUIKeywordMain.groovy:64)
	at com.kms.katalon.core.webui.keyword.internal.WebUIKeywordMain.runKeyword(WebUIKeywordMain.groovy:26)
	at com.kms.katalon.core.webui.keyword.builtin.MaximizeWindowKeyword.maximizeWindow(MaximizeWindowKeyword.groovy:74)
	at com.kms.katalon.core.webui.keyword.builtin.MaximizeWindowKeyword.execute(MaximizeWindowKeyword.groovy:69)
	at com.kms.katalon.core.keyword.internal.KeywordExecutor.executeKeywordForPlatform(KeywordExecutor.groovy:56)
	at com.kms.katalon.core.webui.keyword.WebUiBuiltInKeywords.maximizeWindow(WebUiBuiltInKeywords.groovy:279)
	at com.kms.katalon.core.webui.keyword.WebUiBuiltInKeywords$maximizeWindow$0.call(Unknown Source)
	at createShow.run(createShow:34)
	at com.kms.katalon.core.main.ScriptEngine.run(ScriptEngine.java:194)
	at com.kms.katalon.core.main.ScriptEngine.runScriptAsRawText(ScriptEngine.java:119)
	at com.kms.katalon.core.main.TestCaseExecutor.runScript(TestCaseExecutor.java:342)
	at com.kms.katalon.core.main.TestCaseExecutor.doExecute(TestCaseExecutor.java:333)
	at com.kms.katalon.core.main.TestCaseExecutor.processExecutionPhase(TestCaseExecutor.java:312)
	at com.kms.katalon.core.main.TestCaseExecutor.accessMainPhase(TestCaseExecutor.java:304)
	at com.kms.katalon.core.main.TestCaseExecutor.execute(TestCaseExecutor.java:238)
	at com.kms.katalon.core.main.TestSuiteExecutor.accessTestCaseMainPhase(TestSuiteExecutor.java:129)
	at com.kms.katalon.core.main.TestSuiteExecutor.accessTestSuiteMainPhase(TestSuiteExecutor.java:112)
	at com.kms.katalon.core.main.TestSuiteExecutor.execute(TestSuiteExecutor.java:81)
	at com.kms.katalon.core.main.TestCaseMain.startTestSuite(TestCaseMain.java:157)
	at com.kms.katalon.core.main.TestCaseMain$startTestSuite$0.call(Unknown Source)
	at TempTestSuite1561371821608.run(TempTestSuite1561371821608.groovy:35)
Caused by: org.openqa.selenium.WebDriverException: unknown error: failed to change window state to normal, current state is maximized
  (Session info: chrome=75.0.3770.100)
  (Driver info: chromedriver=74.0.3729.6 (255758eccf3d244491b8a1317aa76e1ce10d57e9-refs/branch-heads/3729@{#29}),platform=Windows NT 6.3.9600 x86_64) (WARNING: The server did not provide any stacktrace information)
Command duration or timeout: 0 milliseconds
Build info: version: '3.7.1', revision: '8a0099a', time: '2017-11-06T21:07:36.161Z'
System info: host: 'NIVEDITA', ip: '10.0.102.159', os.name: 'Windows 8.1', os.arch: 'amd64', os.version: '6.3', java.version: '1.8.0_181'
Driver info: com.kms.katalon.selenium.driver.CChromeDriver
Capabilities {acceptInsecureCerts: false, acceptSslCerts: false, applicationCacheEnabled: false, browserConnectionEnabled: false, browserName: chrome, chrome: {chromedriverVersion: 74.0.3729.6 (255758eccf3d24..., userDataDir: C:\Users\user\AppData\Local...}, cssSelectorsEnabled: true, databaseEnabled: false, goog:chromeOptions: {debuggerAddress: localhost:54350}, handlesAlerts: true, hasTouchScreen: false, javascriptEnabled: true, locationContextEnabled: true, mobileEmulationEnabled: false, nativeEvents: true, networkConnectionEnabled: false, pageLoadStrategy: normal, platform: XP, platformName: XP, proxy: Proxy(direct), rotatable: false, setWindowRect: true, strictFileInteractability: false, takesHeapSnapshot: true, takesScreenshot: true, timeouts: {implicit: 0, pageLoad: 300000, script: 30000}, unexpectedAlertBehaviour: ignore, unhandledPromptBehavior: ignore, version: 75.0.3770.100, webStorageEnabled: true}
Session ID: 54e3dd8dd918d5e1d30aea469d0c2d2c
	at org.openqa.selenium.remote.ErrorHandler.createThrowable(ErrorHandler.java:214)
	at org.openqa.selenium.remote.ErrorHandler.throwIfResponseFailed(ErrorHandler.java:166)
	at org.openqa.selenium.remote.http.JsonHttpResponseCodec.reconstructValue(JsonHttpResponseCodec.java:40)
	at org.openqa.selenium.remote.http.AbstractHttpResponseCodec.decode(AbstractHttpResponseCodec.java:80)
	at org.openqa.selenium.remote.http.AbstractHttpResponseCodec.decode(AbstractHttpResponseCodec.java:44)
	at org.openqa.selenium.remote.HttpCommandExecutor.execute(HttpCommandExecutor.java:164)
	at org.openqa.selenium.remote.service.DriverCommandExecutor.execute(DriverCommandExecutor.java:83)
	at org.openqa.selenium.remote.RemoteWebDriver.execute(RemoteWebDriver.java:600)
	at com.kms.katalon.selenium.driver.CChromeDriver.execute(CChromeDriver.java:20)
	at org.openqa.selenium.remote.RemoteWebDriver.execute(RemoteWebDriver.java:657)
	at org.openqa.selenium.remote.RemoteWebDriver$RemoteWebDriverOptions$RemoteWindow.maximize(RemoteWebDriver.java:891)
	at com.kms.katalon.core.webui.keyword.builtin.MaximizeWindowKeyword$_maximizeWindow_closure1.doCall(MaximizeWindowKeyword.groovy:85)
	at com.kms.katalon.core.webui.keyword.builtin.MaximizeWindowKeyword$_maximizeWindow_closure1.call(MaximizeWindowKeyword.groovy)
	at com.kms.katalon.core.webui.keyword.internal.WebUIKeywordMain.runKeyword(WebUIKeywordMain.groovy:20)
	at com.kms.katalon.core.webui.keyword.builtin.MaximizeWindowKeyword.maximizeWindow(MaximizeWindowKeyword.groovy:74)
	at com.kms.katalon.core.webui.keyword.builtin.MaximizeWindowKeyword.execute(MaximizeWindowKeyword.groovy:69)
	at com.kms.katalon.core.keyword.internal.KeywordExecutor.executeKeywordForPlatform(KeywordExecutor.groovy:56)
	at com.kms.katalon.core.webui.keyword.WebUiBuiltInKeywords.maximizeWindow(WebUiBuiltInKeywords.groovy:279)
	at com.kms.katalon.core.webui.keyword.WebUiBuiltInKeywords$maximizeWindow$0.call(Unknown Source)
	at Script1553596975738.run(Script1553596975738.groovy:34)
	... 13 more]]></system-err>
   </testsuite>
</testsuites>
