<?xml version="1.0" encoding="UTF-8"?>
<testsuites name="NewArrivalsSuite" time="1978" tests="3" failures="6" errors="0">
   <testsuite name="NewArrivalsSuite" tests="3" failures="6" errors="0" time="1978" timestamp="2019-08-23 07:54:37" hostname="user - Nivedita" id="Test Suites/NewArrivalsSuites/NewArrivalsSuite">
      <properties>
         <property name="deviceName" value=""/>
         <property name="devicePlatform" value=""/>
         <property name="logFolder" value="C:\\Users\\user\\Documents\\testautomation\\KatalonProjects\\Reports\\NewArrivalsSuites\\NewArrivalsSuite\\20190823_075432"/>
         <property name="logFiles" value="C:\\Users\\user\\Documents\\testautomation\\KatalonProjects\\Reports\\NewArrivalsSuites\\NewArrivalsSuite\\20190823_075432\\execution0.log"/>
         <property name="attachments" value="C:\\Users\\user\\Documents\\testautomation\\KatalonProjects\\productImages\\BOPersonal_3842 image.png, C:\\Users\\user\\Documents\\testautomation\\KatalonProjects\\Reports\\NewArrivalsSuites\\NewArrivalsSuite\\20190823_075432\\1566528460715.png, C:\\Users\\user\\Documents\\testautomation\\KatalonProjects\\Reports\\NewArrivalsSuites\\NewArrivalsSuite\\20190823_075432\\1566528992735.png, C:\\Users\\user\\Documents\\testautomation\\KatalonProjects\\Reports\\NewArrivalsSuites\\NewArrivalsSuite\\20190823_075432\\1566529055295.png"/>
         <property name="hostName" value="user - Nivedita"/>
         <property name="os" value="Windows 8.1 64bit"/>
         <property name="katalonVersion" value="6.1.1.1"/>
         <property name="browser" value="Chrome 76.0.3809.100"/>
         <property name="hostAddress" value="192.168.43.31"/>
         <property name="sessionId" value="1f155ddd24b65a59d165ae609d5299d1"/>
         <property name="seleniumVersion" value="3.7.1"/>
         <property name="proxyInformation" value="ProxyInformation{proxyOption=NO_PROXY, proxyServerType=HTTP, password=, proxyServerAddress=, proxyServerPort=0}"/>
         <property name="platform" value="Windows 8.1"/>
      </properties>
      <testcase name="Test Cases/NewArrival/productWatchlist" classname="Test Cases/NewArrival/productWatchlist" status="PASSED">
         <system-out><![CDATA[2019-08-23 07:54:37 - [TEST_CASE][PASSED] - Test Cases/NewArrival/productWatchlist: Test Cases/NewArrival/productWatchlist

2019-08-23 07:54:38 - [TEST_STEP][PASSED] - Start listener action : sampleBeforeTestCase: null

2019-08-23 07:54:38 - [TEST_STEP][PASSED] - println(testCaseContext.getTestCaseId()): null

2019-08-23 07:54:38 - [TEST_STEP][PASSED] - println(testCaseContext.getTestCaseVariables()): null

2019-08-23 07:54:38 - [TEST_STEP][PASSED] - openBrowser(""): Browser is opened with url: ''

2019-08-23 07:54:39 - [MESSAGE][INFO] - Starting 'Chrome' driver

2019-08-23 07:54:39 - [MESSAGE][INFO] - User set preference: ['args', '[--use-fake-ui-for-media-stream, --start-maximized]']

2019-08-23 07:54:39 - [MESSAGE][INFO] - Action delay is set to 0 seconds

2019-08-23 07:54:43 - [MESSAGE][PASSED] - Browser is opened with url: ''

2019-08-23 07:54:43 - [TEST_STEP][PASSED] - for ([timeRow = 1, timeRow <= findTestData("timezoneData").getRowNumbers(), (timeRow++)]): null

2019-08-23 07:54:44 - [TEST_STEP][PASSED] - callTestCase(findTestCase("NewArrival/populateTimeGlobalVars"), ["row":timeRow], STOP_ON_FAILURE): Call Test Case 'Test Cases/NewArrival/populateTimeGlobalVars' successfully

2019-08-23 07:54:44 - [TEST_CASE][PASSED] - Test Cases/NewArrival/populateTimeGlobalVars: Test Cases/NewArrival/populateTimeGlobalVars

2019-08-23 07:54:45 - [TEST_STEP][PASSED] - dataFile = "timezoneData": null

2019-08-23 07:54:45 - [TEST_STEP][PASSED] - clockServerTarget = UtilityMethods.getTestData("envtData", "clockServerTarget", 1): null

2019-08-23 07:54:46 - [TEST_STEP][PASSED] - println(clockServerTarget): null

2019-08-23 07:54:46 - [TEST_STEP][PASSED] - orderType = UtilityMethods.getTestData(dataFile, "orderType", row): null

2019-08-23 07:54:46 - [TEST_STEP][PASSED] - timeZone = UtilityMethods.getTestData(dataFile, "timeZone", row): null

2019-08-23 07:54:46 - [TEST_STEP][PASSED] - BOPersonal = UtilityMethods.getTestData(dataFile, "BOPersonal", row): null

2019-08-23 07:54:46 - [TEST_STEP][PASSED] - BOAddonPersonal = UtilityMethods.getTestData(dataFile, "BOAddonPersonal", row): null

2019-08-23 07:54:46 - [TEST_STEP][PASSED] - BOAddonRetail = UtilityMethods.getTestData(dataFile, "BOAddonRetail", row): null

2019-08-23 07:54:46 - [TEST_STEP][PASSED] - BORetail = UtilityMethods.getTestData(dataFile, "BORetail", row): null

2019-08-23 07:54:46 - [TEST_STEP][PASSED] - BOShow = UtilityMethods.getTestData(dataFile, "BOShow", row): null

2019-08-23 07:54:46 - [TEST_STEP][PASSED] - BOOnlineoutlet = UtilityMethods.getTestData(dataFile, "BOOnlineoutlet", row): null

2019-08-23 07:54:46 - [TEST_STEP][PASSED] - BOEmployee = UtilityMethods.getTestData(dataFile, "BOEmployee", row): null

2019-08-23 07:54:46 - [TEST_STEP][PASSED] - CCPersonal = UtilityMethods.getTestData(dataFile, "CCPersonal", row): null

2019-08-23 07:54:46 - [TEST_STEP][PASSED] - CCRetail = UtilityMethods.getTestData(dataFile, "CCRetail", row): null

2019-08-23 07:54:46 - [TEST_STEP][PASSED] - CCShow = UtilityMethods.getTestData(dataFile, "CCShow", row): null

2019-08-23 07:54:46 - [TEST_STEP][PASSED] - BOEblast = UtilityMethods.getTestData(dataFile, "BOEblast", row): null

2019-08-23 07:54:46 - [MESSAGE][PASSED] - Call Test Case 'Test Cases/NewArrival/populateTimeGlobalVars' successfully

2019-08-23 07:54:46 - [TEST_STEP][PASSED] - available = BOEblast: null

2019-08-23 07:54:46 - [TEST_STEP][PASSED] - callTestCase(findTestCase("NewArrival/setTimezone"), ["ofbizURL":"", "ofbizuser":"", "ofbizpass":"", "orderType":orderType, "timeZone":timeZone, "clockServerTarget":clockServerTarget], STOP_ON_FAILURE): Call Test Case 'Test Cases/NewArrival/setTimezone' successfully

2019-08-23 07:54:46 - [TEST_CASE][PASSED] - Test Cases/NewArrival/setTimezone: Test Cases/NewArrival/setTimezone

2019-08-23 07:54:47 - [TEST_STEP][PASSED] - openBrowser(""): Browser is opened with url: ''

2019-08-23 07:54:47 - [MESSAGE][WARNING] - A browser is already opened. Closing browser and opening a new one

2019-08-23 07:54:47 - [MESSAGE][INFO] - Starting 'Chrome' driver

2019-08-23 07:54:47 - [MESSAGE][INFO] - User set preference: ['args', '[--use-fake-ui-for-media-stream, --start-maximized]']

2019-08-23 07:54:49 - [MESSAGE][PASSED] - Browser is opened with url: ''

2019-08-23 07:54:49 - [TEST_STEP][NOT_RUN] - maximizeWindow(): NOT_RUN: maximizeWindow()

2019-08-23 07:54:49 - [MESSAGE][NOT_RUN] - NOT_RUN: maximizeWindow()

2019-08-23 07:54:49 - [TEST_STEP][PASSED] - ofbizURL = findTestData("envtData").getValue("ofbizURL", 1): null

2019-08-23 07:54:49 - [TEST_STEP][PASSED] - ofbizuser = findTestData("credData").getValue("ofbizuser", 1): null

2019-08-23 07:54:50 - [TEST_STEP][PASSED] - ofbizpass = findTestData("credData").getValue("ofbizpass", 1): null

2019-08-23 07:54:50 - [TEST_STEP][PASSED] - navigateToUrl(ofbizURL): Navigate to 'https://pushofbiz.cliotest.com/login.php' successfully

2019-08-23 07:54:51 - [MESSAGE][PASSED] - Navigate to 'https://pushofbiz.cliotest.com/login.php' successfully

2019-08-23 07:54:51 - [TEST_STEP][PASSED] - setText(findTestObject("Page_/input_Username_username"), ofbizuser): Text 'automation' is set on object 'Object Repository/Page_/input_Username_username'

2019-08-23 07:54:52 - [MESSAGE][PASSED] - Text 'automation' is set on object 'Object Repository/Page_/input_Username_username'

2019-08-23 07:54:52 - [TEST_STEP][PASSED] - setText(findTestObject("Page_/input_Password_password"), ofbizpass): Text 'cabiautomation' is set on object 'Object Repository/Page_/input_Password_password'

2019-08-23 07:54:52 - [MESSAGE][PASSED] - Text 'cabiautomation' is set on object 'Object Repository/Page_/input_Password_password'

2019-08-23 07:54:52 - [TEST_STEP][PASSED] - click(findTestObject("Page_/input_Password_Submit")): Object: 'Object Repository/Page_/input_Password_Submit' is clicked on

2019-08-23 07:54:57 - [MESSAGE][PASSED] - Object: 'Object Repository/Page_/input_Password_Submit' is clicked on

2019-08-23 07:54:57 - [TEST_STEP][PASSED] - click(findTestObject("Object Repository/Page_/a_Clock set")): Object: 'Object Repository/Page_/a_Clock set' is clicked on

2019-08-23 07:54:57 - [MESSAGE][PASSED] - Object: 'Object Repository/Page_/a_Clock set' is clicked on

2019-08-23 07:54:57 - [TEST_STEP][PASSED] - cst = UtilityMethods.createTestObject("select_target", "//select[@name='Target']/option[contains(text(), '", clockServerTarget, "')]"): null

2019-08-23 07:54:57 - [TEST_STEP][PASSED] - println(clockServerTarget): null

2019-08-23 07:54:57 - [TEST_STEP][PASSED] - click(cst): Object: 'select_target' is clicked on

2019-08-23 07:54:57 - [MESSAGE][PASSED] - Object: 'select_target' is clicked on

2019-08-23 07:54:57 - [TEST_STEP][PASSED] - click(findTestObject("Page_/thisDateAndTime")): Object: 'Object Repository/Page_/thisDateAndTime' is clicked on

2019-08-23 07:54:57 - [MESSAGE][PASSED] - Object: 'Object Repository/Page_/thisDateAndTime' is clicked on

2019-08-23 07:54:57 - [TEST_STEP][PASSED] - setText(findTestObject("Object Repository/Page_/setTargetTime"), timeZone): Text ' 09/06/2019 7:00' is set on object 'Object Repository/Page_/setTargetTime'

2019-08-23 07:54:58 - [MESSAGE][PASSED] - Text ' 09/06/2019 7:00' is set on object 'Object Repository/Page_/setTargetTime'

2019-08-23 07:54:58 - [TEST_STEP][PASSED] - click(findTestObject("Object Repository/Page_/input")): Object: 'Object Repository/Page_/input' is clicked on

2019-08-23 07:54:59 - [MESSAGE][PASSED] - Object: 'Object Repository/Page_/input' is clicked on

2019-08-23 07:54:59 - [TEST_STEP][PASSED] - delay(10): Delayed 10 second(s)

2019-08-23 07:55:09 - [MESSAGE][PASSED] - Delayed 10 second(s)

2019-08-23 07:55:09 - [TEST_STEP][NOT_RUN] - closeBrowser(): NOT_RUN: closeBrowser()

2019-08-23 07:55:09 - [MESSAGE][NOT_RUN] - NOT_RUN: closeBrowser()

2019-08-23 07:55:09 - [MESSAGE][PASSED] - Call Test Case 'Test Cases/NewArrival/setTimezone' successfully

2019-08-23 07:55:09 - [TEST_STEP][PASSED] - callTestCase(findTestCase("TestCaseUtilities/backOfficeLogin"), ["BOURL":"", "BOuser":"", "BOpass":""], STOP_ON_FAILURE): Call Test Case 'Test Cases/TestCaseUtilities/backOfficeLogin' successfully

2019-08-23 07:55:09 - [TEST_CASE][PASSED] - Test Cases/TestCaseUtilities/backOfficeLogin: Test Cases/TestCaseUtilities/backOfficeLogin

2019-08-23 07:55:09 - [TEST_STEP][PASSED] - BOURL = findTestData("envtData").getValue("BOURL", 1): null

2019-08-23 07:55:09 - [TEST_STEP][PASSED] - BOuser = findTestData("credData").getValue("BOuser", 1): null

2019-08-23 07:55:09 - [TEST_STEP][PASSED] - BOpass = findTestData("credData").getValue("BOpass", 1): null

2019-08-23 07:55:09 - [TEST_STEP][PASSED] - openBrowser(""): Browser is opened with url: ''

2019-08-23 07:55:09 - [MESSAGE][WARNING] - A browser is already opened. Closing browser and opening a new one

2019-08-23 07:55:10 - [MESSAGE][INFO] - Starting 'Chrome' driver

2019-08-23 07:55:10 - [MESSAGE][INFO] - User set preference: ['args', '[--use-fake-ui-for-media-stream, --start-maximized]']

2019-08-23 07:55:12 - [MESSAGE][PASSED] - Browser is opened with url: ''

2019-08-23 07:55:12 - [TEST_STEP][PASSED] - navigateToUrl(BOURL): Navigate to 'https://test4.cliotest.com/backoffice/control/main' successfully

2019-08-23 07:55:18 - [MESSAGE][PASSED] - Navigate to 'https://test4.cliotest.com/backoffice/control/main' successfully

2019-08-23 07:55:18 - [TEST_STEP][PASSED] - logOut = findWebElements(findTestObject("Object Repository/Page_cabi Home/log_out"), 1): Unable to find the element located by 'By.xpath: //a[contains(text(),'Log Out')]'. Please recheck the objects properties to make sure the desired element is located. 

2019-08-23 07:55:20 - [MESSAGE][INFO] - Unable to find the element located by 'By.xpath: //a[contains(text(),'Log Out')]'. Please recheck the objects properties to make sure the desired element is located. 

2019-08-23 07:55:20 - [TEST_STEP][PASSED] - if (logOut.size() == 0): Object: 'Object Repository/Page_cabi/input_Welcome to_consultantLogin' is clicked on

2019-08-23 07:55:20 - [TEST_STEP][PASSED] - setText(findTestObject("Page_cabi/input_Welcome to_USERNAME"), BOuser): Text '400000002' is set on object 'Object Repository/Page_cabi/input_Welcome to_USERNAME'

2019-08-23 07:55:20 - [MESSAGE][PASSED] - Text '400000002' is set on object 'Object Repository/Page_cabi/input_Welcome to_USERNAME'

2019-08-23 07:55:20 - [TEST_STEP][PASSED] - setText(findTestObject("Object Repository/Page_cabi/input_Welcome to_PASSWORD"), BOpass): Text 'blackdress19' is set on object 'Object Repository/Page_cabi/input_Welcome to_PASSWORD'

2019-08-23 07:55:20 - [MESSAGE][PASSED] - Text 'blackdress19' is set on object 'Object Repository/Page_cabi/input_Welcome to_PASSWORD'

2019-08-23 07:55:20 - [TEST_STEP][PASSED] - click(findTestObject("Object Repository/Page_cabi/input_Welcome to_consultantLogin")): Object: 'Object Repository/Page_cabi/input_Welcome to_consultantLogin' is clicked on

2019-08-23 07:55:29 - [MESSAGE][PASSED] - Object: 'Object Repository/Page_cabi/input_Welcome to_consultantLogin' is clicked on

2019-08-23 07:55:29 - [TEST_STEP][PASSED] - delay(3): Delayed 3 second(s)

2019-08-23 07:55:32 - [MESSAGE][PASSED] - Delayed 3 second(s)

2019-08-23 07:55:32 - [MESSAGE][PASSED] - Call Test Case 'Test Cases/TestCaseUtilities/backOfficeLogin' successfully

2019-08-23 07:55:32 - [TEST_STEP][PASSED] - click(findTestObject("Object Repository/Page_cabi Home/a_Shows  Orders")): Object: 'Object Repository/Page_cabi Home/a_Shows  Orders' is clicked on

2019-08-23 07:55:32 - [MESSAGE][PASSED] - Object: 'Object Repository/Page_cabi Home/a_Shows  Orders' is clicked on

2019-08-23 07:55:32 - [TEST_STEP][PASSED] - click(findTestObject("Object Repository/Page_cabi Home/a_Product Watch List")): Object: 'Object Repository/Page_cabi Home/a_Product Watch List' is clicked on

2019-08-23 07:55:35 - [MESSAGE][PASSED] - Object: 'Object Repository/Page_cabi Home/a_Product Watch List' is clicked on

2019-08-23 07:55:35 - [TEST_STEP][PASSED] - if (toString().equalsIgnoreCase("no")): null

2019-08-23 07:55:35 - [TEST_STEP][PASSED] - noResultFound = findWebElements(findTestObject("Object Repository/Page_cabi Product Watch list/span_(New Arrivals 1)"), 5): Unable to find the element located by 'By.xpath: //table[@ng-if='products']/thead/tr[@class='table-header-description']/th/span[contains(text(), ' (New Arrivals 1)')]'. Please recheck the objects properties to make sure the desired element is located. 

2019-08-23 07:55:41 - [MESSAGE][INFO] - Unable to find the element located by 'By.xpath: //table[@ng-if='products']/thead/tr[@class='table-header-description']/th/span[contains(text(), ' (New Arrivals 1)')]'. Please recheck the objects properties to make sure the desired element is located. 

2019-08-23 07:55:41 - [TEST_STEP][PASSED] - assert noResultFound.size() == 0: null

2019-08-23 07:55:41 - [TEST_STEP][PASSED] - callTestCase(findTestCase("NewArrival/populateTimeGlobalVars"), ["row":timeRow], STOP_ON_FAILURE): Call Test Case 'Test Cases/NewArrival/populateTimeGlobalVars' successfully

2019-08-23 07:55:41 - [TEST_CASE][PASSED] - Test Cases/NewArrival/populateTimeGlobalVars: Test Cases/NewArrival/populateTimeGlobalVars

2019-08-23 07:55:41 - [TEST_STEP][PASSED] - dataFile = "timezoneData": null

2019-08-23 07:55:41 - [TEST_STEP][PASSED] - clockServerTarget = UtilityMethods.getTestData("envtData", "clockServerTarget", 1): null

2019-08-23 07:55:41 - [TEST_STEP][PASSED] - println(clockServerTarget): null

2019-08-23 07:55:41 - [TEST_STEP][PASSED] - orderType = UtilityMethods.getTestData(dataFile, "orderType", row): null

2019-08-23 07:55:41 - [TEST_STEP][PASSED] - timeZone = UtilityMethods.getTestData(dataFile, "timeZone", row): null

2019-08-23 07:55:41 - [TEST_STEP][PASSED] - BOPersonal = UtilityMethods.getTestData(dataFile, "BOPersonal", row): null

2019-08-23 07:55:41 - [TEST_STEP][PASSED] - BOAddonPersonal = UtilityMethods.getTestData(dataFile, "BOAddonPersonal", row): null

2019-08-23 07:55:41 - [TEST_STEP][PASSED] - BOAddonRetail = UtilityMethods.getTestData(dataFile, "BOAddonRetail", row): null

2019-08-23 07:55:41 - [TEST_STEP][PASSED] - BORetail = UtilityMethods.getTestData(dataFile, "BORetail", row): null

2019-08-23 07:55:41 - [TEST_STEP][PASSED] - BOShow = UtilityMethods.getTestData(dataFile, "BOShow", row): null

2019-08-23 07:55:41 - [TEST_STEP][PASSED] - BOOnlineoutlet = UtilityMethods.getTestData(dataFile, "BOOnlineoutlet", row): null

2019-08-23 07:55:41 - [TEST_STEP][PASSED] - BOEmployee = UtilityMethods.getTestData(dataFile, "BOEmployee", row): null

2019-08-23 07:55:41 - [TEST_STEP][PASSED] - CCPersonal = UtilityMethods.getTestData(dataFile, "CCPersonal", row): null

2019-08-23 07:55:41 - [TEST_STEP][PASSED] - CCRetail = UtilityMethods.getTestData(dataFile, "CCRetail", row): null

2019-08-23 07:55:41 - [TEST_STEP][PASSED] - CCShow = UtilityMethods.getTestData(dataFile, "CCShow", row): null

2019-08-23 07:55:41 - [TEST_STEP][PASSED] - BOEblast = UtilityMethods.getTestData(dataFile, "BOEblast", row): null

2019-08-23 07:55:41 - [MESSAGE][PASSED] - Call Test Case 'Test Cases/NewArrival/populateTimeGlobalVars' successfully

2019-08-23 07:55:41 - [TEST_STEP][PASSED] - available = BOEblast: null

2019-08-23 07:55:41 - [TEST_STEP][PASSED] - callTestCase(findTestCase("NewArrival/setTimezone"), ["ofbizURL":"", "ofbizuser":"", "ofbizpass":"", "orderType":orderType, "timeZone":timeZone, "clockServerTarget":clockServerTarget], STOP_ON_FAILURE): Call Test Case 'Test Cases/NewArrival/setTimezone' successfully

2019-08-23 07:55:41 - [TEST_CASE][PASSED] - Test Cases/NewArrival/setTimezone: Test Cases/NewArrival/setTimezone

2019-08-23 07:55:41 - [TEST_STEP][PASSED] - openBrowser(""): Browser is opened with url: ''

2019-08-23 07:55:41 - [MESSAGE][WARNING] - A browser is already opened. Closing browser and opening a new one

2019-08-23 07:55:42 - [MESSAGE][INFO] - Starting 'Chrome' driver

2019-08-23 07:55:42 - [MESSAGE][INFO] - User set preference: ['args', '[--use-fake-ui-for-media-stream, --start-maximized]']

2019-08-23 07:55:44 - [MESSAGE][PASSED] - Browser is opened with url: ''

2019-08-23 07:55:44 - [TEST_STEP][NOT_RUN] - maximizeWindow(): NOT_RUN: maximizeWindow()

2019-08-23 07:55:44 - [MESSAGE][NOT_RUN] - NOT_RUN: maximizeWindow()

2019-08-23 07:55:44 - [TEST_STEP][PASSED] - ofbizURL = findTestData("envtData").getValue("ofbizURL", 1): null

2019-08-23 07:55:45 - [TEST_STEP][PASSED] - ofbizuser = findTestData("credData").getValue("ofbizuser", 1): null

2019-08-23 07:55:45 - [TEST_STEP][PASSED] - ofbizpass = findTestData("credData").getValue("ofbizpass", 1): null

2019-08-23 07:55:45 - [TEST_STEP][PASSED] - navigateToUrl(ofbizURL): Navigate to 'https://pushofbiz.cliotest.com/login.php' successfully

2019-08-23 07:55:46 - [MESSAGE][PASSED] - Navigate to 'https://pushofbiz.cliotest.com/login.php' successfully

2019-08-23 07:55:46 - [TEST_STEP][PASSED] - setText(findTestObject("Page_/input_Username_username"), ofbizuser): Text 'automation' is set on object 'Object Repository/Page_/input_Username_username'

2019-08-23 07:55:46 - [MESSAGE][PASSED] - Text 'automation' is set on object 'Object Repository/Page_/input_Username_username'

2019-08-23 07:55:46 - [TEST_STEP][PASSED] - setText(findTestObject("Page_/input_Password_password"), ofbizpass): Text 'cabiautomation' is set on object 'Object Repository/Page_/input_Password_password'

2019-08-23 07:55:46 - [MESSAGE][PASSED] - Text 'cabiautomation' is set on object 'Object Repository/Page_/input_Password_password'

2019-08-23 07:55:46 - [TEST_STEP][PASSED] - click(findTestObject("Page_/input_Password_Submit")): Object: 'Object Repository/Page_/input_Password_Submit' is clicked on

2019-08-23 07:55:51 - [MESSAGE][PASSED] - Object: 'Object Repository/Page_/input_Password_Submit' is clicked on

2019-08-23 07:55:51 - [TEST_STEP][PASSED] - click(findTestObject("Object Repository/Page_/a_Clock set")): Object: 'Object Repository/Page_/a_Clock set' is clicked on

2019-08-23 07:55:52 - [MESSAGE][PASSED] - Object: 'Object Repository/Page_/a_Clock set' is clicked on

2019-08-23 07:55:52 - [TEST_STEP][PASSED] - cst = UtilityMethods.createTestObject("select_target", "//select[@name='Target']/option[contains(text(), '", clockServerTarget, "')]"): null

2019-08-23 07:55:52 - [TEST_STEP][PASSED] - println(clockServerTarget): null

2019-08-23 07:55:52 - [TEST_STEP][PASSED] - click(cst): Object: 'select_target' is clicked on

2019-08-23 07:55:52 - [MESSAGE][PASSED] - Object: 'select_target' is clicked on

2019-08-23 07:55:52 - [TEST_STEP][PASSED] - click(findTestObject("Page_/thisDateAndTime")): Object: 'Object Repository/Page_/thisDateAndTime' is clicked on

2019-08-23 07:55:52 - [MESSAGE][PASSED] - Object: 'Object Repository/Page_/thisDateAndTime' is clicked on

2019-08-23 07:55:52 - [TEST_STEP][PASSED] - setText(findTestObject("Object Repository/Page_/setTargetTime"), timeZone): Text ' 09/12/2019 00:00' is set on object 'Object Repository/Page_/setTargetTime'

2019-08-23 07:55:52 - [MESSAGE][PASSED] - Text ' 09/12/2019 00:00' is set on object 'Object Repository/Page_/setTargetTime'

2019-08-23 07:55:52 - [TEST_STEP][PASSED] - click(findTestObject("Object Repository/Page_/input")): Object: 'Object Repository/Page_/input' is clicked on

2019-08-23 07:55:53 - [MESSAGE][PASSED] - Object: 'Object Repository/Page_/input' is clicked on

2019-08-23 07:55:53 - [TEST_STEP][PASSED] - delay(10): Delayed 10 second(s)

2019-08-23 07:56:03 - [MESSAGE][PASSED] - Delayed 10 second(s)

2019-08-23 07:56:03 - [TEST_STEP][NOT_RUN] - closeBrowser(): NOT_RUN: closeBrowser()

2019-08-23 07:56:03 - [MESSAGE][NOT_RUN] - NOT_RUN: closeBrowser()

2019-08-23 07:56:03 - [MESSAGE][PASSED] - Call Test Case 'Test Cases/NewArrival/setTimezone' successfully

2019-08-23 07:56:03 - [TEST_STEP][PASSED] - callTestCase(findTestCase("TestCaseUtilities/backOfficeLogin"), ["BOURL":"", "BOuser":"", "BOpass":""], STOP_ON_FAILURE): Call Test Case 'Test Cases/TestCaseUtilities/backOfficeLogin' successfully

2019-08-23 07:56:03 - [TEST_CASE][PASSED] - Test Cases/TestCaseUtilities/backOfficeLogin: Test Cases/TestCaseUtilities/backOfficeLogin

2019-08-23 07:56:03 - [TEST_STEP][PASSED] - BOURL = findTestData("envtData").getValue("BOURL", 1): null

2019-08-23 07:56:03 - [TEST_STEP][PASSED] - BOuser = findTestData("credData").getValue("BOuser", 1): null

2019-08-23 07:56:03 - [TEST_STEP][PASSED] - BOpass = findTestData("credData").getValue("BOpass", 1): null

2019-08-23 07:56:03 - [TEST_STEP][PASSED] - openBrowser(""): Browser is opened with url: ''

2019-08-23 07:56:03 - [MESSAGE][WARNING] - A browser is already opened. Closing browser and opening a new one

2019-08-23 07:56:04 - [MESSAGE][INFO] - Starting 'Chrome' driver

2019-08-23 07:56:04 - [MESSAGE][INFO] - User set preference: ['args', '[--use-fake-ui-for-media-stream, --start-maximized]']

2019-08-23 07:56:06 - [MESSAGE][PASSED] - Browser is opened with url: ''

2019-08-23 07:56:06 - [TEST_STEP][PASSED] - navigateToUrl(BOURL): Navigate to 'https://test4.cliotest.com/backoffice/control/main' successfully

2019-08-23 07:56:12 - [MESSAGE][PASSED] - Navigate to 'https://test4.cliotest.com/backoffice/control/main' successfully

2019-08-23 07:56:12 - [TEST_STEP][PASSED] - logOut = findWebElements(findTestObject("Object Repository/Page_cabi Home/log_out"), 1): Unable to find the element located by 'By.xpath: //a[contains(text(),'Log Out')]'. Please recheck the objects properties to make sure the desired element is located. 

2019-08-23 07:56:13 - [MESSAGE][INFO] - Unable to find the element located by 'By.xpath: //a[contains(text(),'Log Out')]'. Please recheck the objects properties to make sure the desired element is located. 

2019-08-23 07:56:13 - [TEST_STEP][PASSED] - if (logOut.size() == 0): Object: 'Object Repository/Page_cabi/input_Welcome to_consultantLogin' is clicked on

2019-08-23 07:56:13 - [TEST_STEP][PASSED] - setText(findTestObject("Page_cabi/input_Welcome to_USERNAME"), BOuser): Text '400000002' is set on object 'Object Repository/Page_cabi/input_Welcome to_USERNAME'

2019-08-23 07:56:13 - [MESSAGE][PASSED] - Text '400000002' is set on object 'Object Repository/Page_cabi/input_Welcome to_USERNAME'

2019-08-23 07:56:13 - [TEST_STEP][PASSED] - setText(findTestObject("Object Repository/Page_cabi/input_Welcome to_PASSWORD"), BOpass): Text 'blackdress19' is set on object 'Object Repository/Page_cabi/input_Welcome to_PASSWORD'

2019-08-23 07:56:13 - [MESSAGE][PASSED] - Text 'blackdress19' is set on object 'Object Repository/Page_cabi/input_Welcome to_PASSWORD'

2019-08-23 07:56:13 - [TEST_STEP][PASSED] - click(findTestObject("Object Repository/Page_cabi/input_Welcome to_consultantLogin")): Object: 'Object Repository/Page_cabi/input_Welcome to_consultantLogin' is clicked on

2019-08-23 07:56:23 - [MESSAGE][PASSED] - Object: 'Object Repository/Page_cabi/input_Welcome to_consultantLogin' is clicked on

2019-08-23 07:56:23 - [TEST_STEP][PASSED] - delay(3): Delayed 3 second(s)

2019-08-23 07:56:26 - [MESSAGE][PASSED] - Delayed 3 second(s)

2019-08-23 07:56:26 - [MESSAGE][PASSED] - Call Test Case 'Test Cases/TestCaseUtilities/backOfficeLogin' successfully

2019-08-23 07:56:26 - [TEST_STEP][PASSED] - click(findTestObject("Object Repository/Page_cabi Home/a_Shows  Orders")): Object: 'Object Repository/Page_cabi Home/a_Shows  Orders' is clicked on

2019-08-23 07:56:26 - [MESSAGE][PASSED] - Object: 'Object Repository/Page_cabi Home/a_Shows  Orders' is clicked on

2019-08-23 07:56:26 - [TEST_STEP][PASSED] - click(findTestObject("Object Repository/Page_cabi Home/a_Product Watch List")): Object: 'Object Repository/Page_cabi Home/a_Product Watch List' is clicked on

2019-08-23 07:56:31 - [MESSAGE][PASSED] - Object: 'Object Repository/Page_cabi Home/a_Product Watch List' is clicked on

2019-08-23 07:56:31 - [TEST_STEP][PASSED] - if (toString().equalsIgnoreCase("no")): null

2019-08-23 07:56:31 - [TEST_STEP][PASSED] - noResultFound = findWebElements(findTestObject("Object Repository/Page_cabi Product Watch list/span_(New Arrivals 1)"), 5): Unable to find the element located by 'By.xpath: //table[@ng-if='products']/thead/tr[@class='table-header-description']/th/span[contains(text(), ' (New Arrivals 1)')]'. Please recheck the objects properties to make sure the desired element is located. 

2019-08-23 07:56:37 - [MESSAGE][INFO] - Unable to find the element located by 'By.xpath: //table[@ng-if='products']/thead/tr[@class='table-header-description']/th/span[contains(text(), ' (New Arrivals 1)')]'. Please recheck the objects properties to make sure the desired element is located. 

2019-08-23 07:56:37 - [TEST_STEP][PASSED] - assert noResultFound.size() == 0: null

2019-08-23 07:56:37 - [TEST_STEP][PASSED] - callTestCase(findTestCase("NewArrival/populateTimeGlobalVars"), ["row":timeRow], STOP_ON_FAILURE): Call Test Case 'Test Cases/NewArrival/populateTimeGlobalVars' successfully

2019-08-23 07:56:37 - [TEST_CASE][PASSED] - Test Cases/NewArrival/populateTimeGlobalVars: Test Cases/NewArrival/populateTimeGlobalVars

2019-08-23 07:56:37 - [TEST_STEP][PASSED] - dataFile = "timezoneData": null

2019-08-23 07:56:37 - [TEST_STEP][PASSED] - clockServerTarget = UtilityMethods.getTestData("envtData", "clockServerTarget", 1): null

2019-08-23 07:56:37 - [TEST_STEP][PASSED] - println(clockServerTarget): null

2019-08-23 07:56:37 - [TEST_STEP][PASSED] - orderType = UtilityMethods.getTestData(dataFile, "orderType", row): null

2019-08-23 07:56:37 - [TEST_STEP][PASSED] - timeZone = UtilityMethods.getTestData(dataFile, "timeZone", row): null

2019-08-23 07:56:37 - [TEST_STEP][PASSED] - BOPersonal = UtilityMethods.getTestData(dataFile, "BOPersonal", row): null

2019-08-23 07:56:37 - [TEST_STEP][PASSED] - BOAddonPersonal = UtilityMethods.getTestData(dataFile, "BOAddonPersonal", row): null

2019-08-23 07:56:37 - [TEST_STEP][PASSED] - BOAddonRetail = UtilityMethods.getTestData(dataFile, "BOAddonRetail", row): null

2019-08-23 07:56:37 - [TEST_STEP][PASSED] - BORetail = UtilityMethods.getTestData(dataFile, "BORetail", row): null

2019-08-23 07:56:37 - [TEST_STEP][PASSED] - BOShow = UtilityMethods.getTestData(dataFile, "BOShow", row): null

2019-08-23 07:56:37 - [TEST_STEP][PASSED] - BOOnlineoutlet = UtilityMethods.getTestData(dataFile, "BOOnlineoutlet", row): null

2019-08-23 07:56:37 - [TEST_STEP][PASSED] - BOEmployee = UtilityMethods.getTestData(dataFile, "BOEmployee", row): null

2019-08-23 07:56:37 - [TEST_STEP][PASSED] - CCPersonal = UtilityMethods.getTestData(dataFile, "CCPersonal", row): null

2019-08-23 07:56:37 - [TEST_STEP][PASSED] - CCRetail = UtilityMethods.getTestData(dataFile, "CCRetail", row): null

2019-08-23 07:56:37 - [TEST_STEP][PASSED] - CCShow = UtilityMethods.getTestData(dataFile, "CCShow", row): null

2019-08-23 07:56:37 - [TEST_STEP][PASSED] - BOEblast = UtilityMethods.getTestData(dataFile, "BOEblast", row): null

2019-08-23 07:56:37 - [MESSAGE][PASSED] - Call Test Case 'Test Cases/NewArrival/populateTimeGlobalVars' successfully

2019-08-23 07:56:37 - [TEST_STEP][PASSED] - available = BOEblast: null

2019-08-23 07:56:37 - [TEST_STEP][PASSED] - callTestCase(findTestCase("NewArrival/setTimezone"), ["ofbizURL":"", "ofbizuser":"", "ofbizpass":"", "orderType":orderType, "timeZone":timeZone, "clockServerTarget":clockServerTarget], STOP_ON_FAILURE): Call Test Case 'Test Cases/NewArrival/setTimezone' successfully

2019-08-23 07:56:37 - [TEST_CASE][PASSED] - Test Cases/NewArrival/setTimezone: Test Cases/NewArrival/setTimezone

2019-08-23 07:56:37 - [TEST_STEP][PASSED] - openBrowser(""): Browser is opened with url: ''

2019-08-23 07:56:37 - [MESSAGE][WARNING] - A browser is already opened. Closing browser and opening a new one

2019-08-23 07:56:38 - [MESSAGE][INFO] - Starting 'Chrome' driver

2019-08-23 07:56:38 - [MESSAGE][INFO] - User set preference: ['args', '[--use-fake-ui-for-media-stream, --start-maximized]']

2019-08-23 07:56:40 - [MESSAGE][PASSED] - Browser is opened with url: ''

2019-08-23 07:56:40 - [TEST_STEP][NOT_RUN] - maximizeWindow(): NOT_RUN: maximizeWindow()

2019-08-23 07:56:40 - [MESSAGE][NOT_RUN] - NOT_RUN: maximizeWindow()

2019-08-23 07:56:40 - [TEST_STEP][PASSED] - ofbizURL = findTestData("envtData").getValue("ofbizURL", 1): null

2019-08-23 07:56:40 - [TEST_STEP][PASSED] - ofbizuser = findTestData("credData").getValue("ofbizuser", 1): null

2019-08-23 07:56:40 - [TEST_STEP][PASSED] - ofbizpass = findTestData("credData").getValue("ofbizpass", 1): null

2019-08-23 07:56:40 - [TEST_STEP][PASSED] - navigateToUrl(ofbizURL): Navigate to 'https://pushofbiz.cliotest.com/login.php' successfully

2019-08-23 07:56:42 - [MESSAGE][PASSED] - Navigate to 'https://pushofbiz.cliotest.com/login.php' successfully

2019-08-23 07:56:42 - [TEST_STEP][PASSED] - setText(findTestObject("Page_/input_Username_username"), ofbizuser): Text 'automation' is set on object 'Object Repository/Page_/input_Username_username'

2019-08-23 07:56:42 - [MESSAGE][PASSED] - Text 'automation' is set on object 'Object Repository/Page_/input_Username_username'

2019-08-23 07:56:42 - [TEST_STEP][PASSED] - setText(findTestObject("Page_/input_Password_password"), ofbizpass): Text 'cabiautomation' is set on object 'Object Repository/Page_/input_Password_password'

2019-08-23 07:56:42 - [MESSAGE][PASSED] - Text 'cabiautomation' is set on object 'Object Repository/Page_/input_Password_password'

2019-08-23 07:56:42 - [TEST_STEP][PASSED] - click(findTestObject("Page_/input_Password_Submit")): Object: 'Object Repository/Page_/input_Password_Submit' is clicked on

2019-08-23 07:56:47 - [MESSAGE][PASSED] - Object: 'Object Repository/Page_/input_Password_Submit' is clicked on

2019-08-23 07:56:47 - [TEST_STEP][PASSED] - click(findTestObject("Object Repository/Page_/a_Clock set")): Object: 'Object Repository/Page_/a_Clock set' is clicked on

2019-08-23 07:56:48 - [MESSAGE][PASSED] - Object: 'Object Repository/Page_/a_Clock set' is clicked on

2019-08-23 07:56:48 - [TEST_STEP][PASSED] - cst = UtilityMethods.createTestObject("select_target", "//select[@name='Target']/option[contains(text(), '", clockServerTarget, "')]"): null

2019-08-23 07:56:48 - [TEST_STEP][PASSED] - println(clockServerTarget): null

2019-08-23 07:56:48 - [TEST_STEP][PASSED] - click(cst): Object: 'select_target' is clicked on

2019-08-23 07:56:48 - [MESSAGE][PASSED] - Object: 'select_target' is clicked on

2019-08-23 07:56:48 - [TEST_STEP][PASSED] - click(findTestObject("Page_/thisDateAndTime")): Object: 'Object Repository/Page_/thisDateAndTime' is clicked on

2019-08-23 07:56:48 - [MESSAGE][PASSED] - Object: 'Object Repository/Page_/thisDateAndTime' is clicked on

2019-08-23 07:56:48 - [TEST_STEP][PASSED] - setText(findTestObject("Object Repository/Page_/setTargetTime"), timeZone): Text ' 09/20/2019 12:00' is set on object 'Object Repository/Page_/setTargetTime'

2019-08-23 07:56:48 - [MESSAGE][PASSED] - Text ' 09/20/2019 12:00' is set on object 'Object Repository/Page_/setTargetTime'

2019-08-23 07:56:48 - [TEST_STEP][PASSED] - click(findTestObject("Object Repository/Page_/input")): Object: 'Object Repository/Page_/input' is clicked on

2019-08-23 07:56:49 - [MESSAGE][PASSED] - Object: 'Object Repository/Page_/input' is clicked on

2019-08-23 07:56:49 - [TEST_STEP][PASSED] - delay(10): Delayed 10 second(s)

2019-08-23 07:56:59 - [MESSAGE][PASSED] - Delayed 10 second(s)

2019-08-23 07:56:59 - [TEST_STEP][NOT_RUN] - closeBrowser(): NOT_RUN: closeBrowser()

2019-08-23 07:56:59 - [MESSAGE][NOT_RUN] - NOT_RUN: closeBrowser()

2019-08-23 07:56:59 - [MESSAGE][PASSED] - Call Test Case 'Test Cases/NewArrival/setTimezone' successfully

2019-08-23 07:56:59 - [TEST_STEP][PASSED] - callTestCase(findTestCase("TestCaseUtilities/backOfficeLogin"), ["BOURL":"", "BOuser":"", "BOpass":""], STOP_ON_FAILURE): Call Test Case 'Test Cases/TestCaseUtilities/backOfficeLogin' successfully

2019-08-23 07:56:59 - [TEST_CASE][PASSED] - Test Cases/TestCaseUtilities/backOfficeLogin: Test Cases/TestCaseUtilities/backOfficeLogin

2019-08-23 07:56:59 - [TEST_STEP][PASSED] - BOURL = findTestData("envtData").getValue("BOURL", 1): null

2019-08-23 07:56:59 - [TEST_STEP][PASSED] - BOuser = findTestData("credData").getValue("BOuser", 1): null

2019-08-23 07:56:59 - [TEST_STEP][PASSED] - BOpass = findTestData("credData").getValue("BOpass", 1): null

2019-08-23 07:56:59 - [TEST_STEP][PASSED] - openBrowser(""): Browser is opened with url: ''

2019-08-23 07:56:59 - [MESSAGE][WARNING] - A browser is already opened. Closing browser and opening a new one

2019-08-23 07:57:00 - [MESSAGE][INFO] - Starting 'Chrome' driver

2019-08-23 07:57:00 - [MESSAGE][INFO] - User set preference: ['args', '[--use-fake-ui-for-media-stream, --start-maximized]']

2019-08-23 07:57:02 - [MESSAGE][PASSED] - Browser is opened with url: ''

2019-08-23 07:57:02 - [TEST_STEP][PASSED] - navigateToUrl(BOURL): Navigate to 'https://test4.cliotest.com/backoffice/control/main' successfully

2019-08-23 07:57:10 - [MESSAGE][PASSED] - Navigate to 'https://test4.cliotest.com/backoffice/control/main' successfully

2019-08-23 07:57:10 - [TEST_STEP][PASSED] - logOut = findWebElements(findTestObject("Object Repository/Page_cabi Home/log_out"), 1): Unable to find the element located by 'By.xpath: //a[contains(text(),'Log Out')]'. Please recheck the objects properties to make sure the desired element is located. 

2019-08-23 07:57:11 - [MESSAGE][INFO] - Unable to find the element located by 'By.xpath: //a[contains(text(),'Log Out')]'. Please recheck the objects properties to make sure the desired element is located. 

2019-08-23 07:57:11 - [TEST_STEP][PASSED] - if (logOut.size() == 0): Object: 'Object Repository/Page_cabi/input_Welcome to_consultantLogin' is clicked on

2019-08-23 07:57:11 - [TEST_STEP][PASSED] - setText(findTestObject("Page_cabi/input_Welcome to_USERNAME"), BOuser): Text '400000002' is set on object 'Object Repository/Page_cabi/input_Welcome to_USERNAME'

2019-08-23 07:57:11 - [MESSAGE][PASSED] - Text '400000002' is set on object 'Object Repository/Page_cabi/input_Welcome to_USERNAME'

2019-08-23 07:57:11 - [TEST_STEP][PASSED] - setText(findTestObject("Object Repository/Page_cabi/input_Welcome to_PASSWORD"), BOpass): Text 'blackdress19' is set on object 'Object Repository/Page_cabi/input_Welcome to_PASSWORD'

2019-08-23 07:57:12 - [MESSAGE][PASSED] - Text 'blackdress19' is set on object 'Object Repository/Page_cabi/input_Welcome to_PASSWORD'

2019-08-23 07:57:12 - [TEST_STEP][PASSED] - click(findTestObject("Object Repository/Page_cabi/input_Welcome to_consultantLogin")): Object: 'Object Repository/Page_cabi/input_Welcome to_consultantLogin' is clicked on

2019-08-23 07:57:26 - [MESSAGE][PASSED] - Object: 'Object Repository/Page_cabi/input_Welcome to_consultantLogin' is clicked on

2019-08-23 07:57:26 - [TEST_STEP][PASSED] - delay(3): Delayed 3 second(s)

2019-08-23 07:57:29 - [MESSAGE][PASSED] - Delayed 3 second(s)

2019-08-23 07:57:29 - [MESSAGE][PASSED] - Call Test Case 'Test Cases/TestCaseUtilities/backOfficeLogin' successfully

2019-08-23 07:57:29 - [TEST_STEP][PASSED] - click(findTestObject("Object Repository/Page_cabi Home/a_Shows  Orders")): Object: 'Object Repository/Page_cabi Home/a_Shows  Orders' is clicked on

2019-08-23 07:57:29 - [MESSAGE][PASSED] - Object: 'Object Repository/Page_cabi Home/a_Shows  Orders' is clicked on

2019-08-23 07:57:29 - [TEST_STEP][PASSED] - click(findTestObject("Object Repository/Page_cabi Home/a_Product Watch List")): Object: 'Object Repository/Page_cabi Home/a_Product Watch List' is clicked on

2019-08-23 07:57:35 - [MESSAGE][PASSED] - Object: 'Object Repository/Page_cabi Home/a_Product Watch List' is clicked on

2019-08-23 07:57:35 - [TEST_STEP][PASSED] - if (toString().equalsIgnoreCase("no")): null

2019-08-23 07:57:35 - [TEST_STEP][PASSED] - else: null

2019-08-23 07:57:35 - [TEST_STEP][PASSED] - click(findTestObject("Object Repository/Page_cabi Product Watch list/span_(New Arrivals 1)")): Object: 'Object Repository/Page_cabi Product Watch list/span_(New Arrivals 1)' is clicked on

2019-08-23 07:57:37 - [MESSAGE][PASSED] - Object: 'Object Repository/Page_cabi Product Watch list/span_(New Arrivals 1)' is clicked on

2019-08-23 07:57:37 - [TEST_STEP][PASSED] - verifyElementText(findTestObject("Object Repository/Page_cabi Product Watch list/span_(New Arrivals 1)"), "(New Arrivals 1)"): Actual text and expected text of test object 'Object Repository/Page_cabi Product Watch list/span_(New Arrivals 1)' are matched.

2019-08-23 07:57:37 - [MESSAGE][PASSED] - Actual text and expected text of test object 'Object Repository/Page_cabi Product Watch list/span_(New Arrivals 1)' are matched.

2019-08-23 07:57:37 - [TEST_STEP][PASSED] - actualProductList = findWebElements(findTestObject("Page_cabi Product Watch list/div_product_list_na1"), 5): null

2019-08-23 07:57:37 - [TEST_STEP][PASSED] - println(actualProductList.size()): null

2019-08-23 07:57:37 - [TEST_STEP][PASSED] - actualList = new java.util.ArrayList(): null

2019-08-23 07:57:37 - [TEST_STEP][PASSED] - expectedList = new java.util.ArrayList(): null

2019-08-23 07:57:37 - [TEST_STEP][PASSED] - for (org.openqa.selenium.WebElement product : actualProductList): null

2019-08-23 07:57:37 - [TEST_STEP][PASSED] - actualList.add(product.getText()): null

2019-08-23 07:57:37 - [TEST_STEP][PASSED] - println(product.getText()): null

2019-08-23 07:57:37 - [TEST_STEP][PASSED] - actualList.add(product.getText()): null

2019-08-23 07:57:37 - [TEST_STEP][PASSED] - println(product.getText()): null

2019-08-23 07:57:37 - [TEST_STEP][PASSED] - actualList.add(product.getText()): null

2019-08-23 07:57:37 - [TEST_STEP][PASSED] - println(product.getText()): null

2019-08-23 07:57:37 - [TEST_STEP][PASSED] - actualList.add(product.getText()): null

2019-08-23 07:57:38 - [TEST_STEP][PASSED] - println(product.getText()): null

2019-08-23 07:57:38 - [TEST_STEP][PASSED] - actualList.add(product.getText()): null

2019-08-23 07:57:38 - [TEST_STEP][PASSED] - println(product.getText()): null

2019-08-23 07:57:38 - [TEST_STEP][PASSED] - actualList.add(product.getText()): null

2019-08-23 07:57:38 - [TEST_STEP][PASSED] - println(product.getText()): null

2019-08-23 07:57:38 - [TEST_STEP][PASSED] - actualList.add(product.getText()): null

2019-08-23 07:57:38 - [TEST_STEP][PASSED] - println(product.getText()): null

2019-08-23 07:57:38 - [TEST_STEP][PASSED] - actualList.add(product.getText()): null

2019-08-23 07:57:38 - [TEST_STEP][PASSED] - println(product.getText()): null

2019-08-23 07:57:38 - [TEST_STEP][PASSED] - actualList.add(product.getText()): null

2019-08-23 07:57:38 - [TEST_STEP][PASSED] - println(product.getText()): null

2019-08-23 07:57:38 - [TEST_STEP][PASSED] - actualList.add(product.getText()): null

2019-08-23 07:57:38 - [TEST_STEP][PASSED] - println(product.getText()): null

2019-08-23 07:57:38 - [TEST_STEP][PASSED] - actualList.add(product.getText()): null

2019-08-23 07:57:38 - [TEST_STEP][PASSED] - println(product.getText()): null

2019-08-23 07:57:38 - [TEST_STEP][PASSED] - actualList.add(product.getText()): null

2019-08-23 07:57:38 - [TEST_STEP][PASSED] - println(product.getText()): null

2019-08-23 07:57:38 - [TEST_STEP][PASSED] - actualList.add(product.getText()): null

2019-08-23 07:57:38 - [TEST_STEP][PASSED] - println(product.getText()): null

2019-08-23 07:57:38 - [TEST_STEP][PASSED] - actualList.add(product.getText()): null

2019-08-23 07:57:38 - [TEST_STEP][PASSED] - println(product.getText()): null

2019-08-23 07:57:38 - [TEST_STEP][PASSED] - p1Rows = findTestData("productData1").getRowNumbers(): null

2019-08-23 07:57:38 - [TEST_STEP][PASSED] - println(p1Rows): null

2019-08-23 07:57:38 - [TEST_STEP][PASSED] - for ([row = 1, row <= p1Rows, (row++)]): null

2019-08-23 07:57:38 - [TEST_STEP][PASSED] - productStyle = findTestData("productData1").getValue("Style", row): null

2019-08-23 07:57:38 - [TEST_STEP][PASSED] - productDescription = findTestData("productData1").getValue("Description", row): null

2019-08-23 07:57:38 - [TEST_STEP][PASSED] - productColor = findTestData("productData1").getValue("Color", row): null

2019-08-23 07:57:39 - [TEST_STEP][PASSED] - expectedString = UtilityMethods.createSkuForPWL(productStyle, productDescription, productColor): null

2019-08-23 07:57:39 - [TEST_STEP][PASSED] - println(expectedString): null

2019-08-23 07:57:39 - [TEST_STEP][PASSED] - expectedList.add(expectedString): null

2019-08-23 07:57:39 - [TEST_STEP][PASSED] - productStyle = findTestData("productData1").getValue("Style", row): null

2019-08-23 07:57:39 - [TEST_STEP][PASSED] - productDescription = findTestData("productData1").getValue("Description", row): null

2019-08-23 07:57:39 - [TEST_STEP][PASSED] - productColor = findTestData("productData1").getValue("Color", row): null

2019-08-23 07:57:39 - [TEST_STEP][PASSED] - expectedString = UtilityMethods.createSkuForPWL(productStyle, productDescription, productColor): null

2019-08-23 07:57:39 - [TEST_STEP][PASSED] - println(expectedString): null

2019-08-23 07:57:39 - [TEST_STEP][PASSED] - expectedList.add(expectedString): null

2019-08-23 07:57:39 - [TEST_STEP][PASSED] - productStyle = findTestData("productData1").getValue("Style", row): null

2019-08-23 07:57:39 - [TEST_STEP][PASSED] - productDescription = findTestData("productData1").getValue("Description", row): null

2019-08-23 07:57:39 - [TEST_STEP][PASSED] - productColor = findTestData("productData1").getValue("Color", row): null

2019-08-23 07:57:39 - [TEST_STEP][PASSED] - expectedString = UtilityMethods.createSkuForPWL(productStyle, productDescription, productColor): null

2019-08-23 07:57:39 - [TEST_STEP][PASSED] - println(expectedString): null

2019-08-23 07:57:39 - [TEST_STEP][PASSED] - expectedList.add(expectedString): null

2019-08-23 07:57:39 - [TEST_STEP][PASSED] - productStyle = findTestData("productData1").getValue("Style", row): null

2019-08-23 07:57:39 - [TEST_STEP][PASSED] - productDescription = findTestData("productData1").getValue("Description", row): null

2019-08-23 07:57:39 - [TEST_STEP][PASSED] - productColor = findTestData("productData1").getValue("Color", row): null

2019-08-23 07:57:39 - [TEST_STEP][PASSED] - expectedString = UtilityMethods.createSkuForPWL(productStyle, productDescription, productColor): null

2019-08-23 07:57:39 - [TEST_STEP][PASSED] - println(expectedString): null

2019-08-23 07:57:39 - [TEST_STEP][PASSED] - expectedList.add(expectedString): null

2019-08-23 07:57:39 - [TEST_STEP][PASSED] - productStyle = findTestData("productData1").getValue("Style", row): null

2019-08-23 07:57:39 - [TEST_STEP][PASSED] - productDescription = findTestData("productData1").getValue("Description", row): null

2019-08-23 07:57:39 - [TEST_STEP][PASSED] - productColor = findTestData("productData1").getValue("Color", row): null

2019-08-23 07:57:39 - [TEST_STEP][PASSED] - expectedString = UtilityMethods.createSkuForPWL(productStyle, productDescription, productColor): null

2019-08-23 07:57:39 - [TEST_STEP][PASSED] - println(expectedString): null

2019-08-23 07:57:39 - [TEST_STEP][PASSED] - expectedList.add(expectedString): null

2019-08-23 07:57:39 - [TEST_STEP][PASSED] - productStyle = findTestData("productData1").getValue("Style", row): null

2019-08-23 07:57:39 - [TEST_STEP][PASSED] - productDescription = findTestData("productData1").getValue("Description", row): null

2019-08-23 07:57:39 - [TEST_STEP][PASSED] - productColor = findTestData("productData1").getValue("Color", row): null

2019-08-23 07:57:39 - [TEST_STEP][PASSED] - expectedString = UtilityMethods.createSkuForPWL(productStyle, productDescription, productColor): null

2019-08-23 07:57:39 - [TEST_STEP][PASSED] - println(expectedString): null

2019-08-23 07:57:39 - [TEST_STEP][PASSED] - expectedList.add(expectedString): null

2019-08-23 07:57:39 - [TEST_STEP][PASSED] - productStyle = findTestData("productData1").getValue("Style", row): null

2019-08-23 07:57:39 - [TEST_STEP][PASSED] - productDescription = findTestData("productData1").getValue("Description", row): null

2019-08-23 07:57:39 - [TEST_STEP][PASSED] - productColor = findTestData("productData1").getValue("Color", row): null

2019-08-23 07:57:39 - [TEST_STEP][PASSED] - expectedString = UtilityMethods.createSkuForPWL(productStyle, productDescription, productColor): null

2019-08-23 07:57:39 - [TEST_STEP][PASSED] - println(expectedString): null

2019-08-23 07:57:39 - [TEST_STEP][PASSED] - expectedList.add(expectedString): null

2019-08-23 07:57:39 - [TEST_STEP][PASSED] - productStyle = findTestData("productData1").getValue("Style", row): null

2019-08-23 07:57:39 - [TEST_STEP][PASSED] - productDescription = findTestData("productData1").getValue("Description", row): null

2019-08-23 07:57:39 - [TEST_STEP][PASSED] - productColor = findTestData("productData1").getValue("Color", row): null

2019-08-23 07:57:39 - [TEST_STEP][PASSED] - expectedString = UtilityMethods.createSkuForPWL(productStyle, productDescription, productColor): null

2019-08-23 07:57:39 - [TEST_STEP][PASSED] - println(expectedString): null

2019-08-23 07:57:39 - [TEST_STEP][PASSED] - expectedList.add(expectedString): null

2019-08-23 07:57:39 - [TEST_STEP][PASSED] - productStyle = findTestData("productData1").getValue("Style", row): null

2019-08-23 07:57:39 - [TEST_STEP][PASSED] - productDescription = findTestData("productData1").getValue("Description", row): null

2019-08-23 07:57:39 - [TEST_STEP][PASSED] - productColor = findTestData("productData1").getValue("Color", row): null

2019-08-23 07:57:39 - [TEST_STEP][PASSED] - expectedString = UtilityMethods.createSkuForPWL(productStyle, productDescription, productColor): null

2019-08-23 07:57:39 - [TEST_STEP][PASSED] - println(expectedString): null

2019-08-23 07:57:39 - [TEST_STEP][PASSED] - expectedList.add(expectedString): null

2019-08-23 07:57:39 - [TEST_STEP][PASSED] - productStyle = findTestData("productData1").getValue("Style", row): null

2019-08-23 07:57:39 - [TEST_STEP][PASSED] - productDescription = findTestData("productData1").getValue("Description", row): null

2019-08-23 07:57:39 - [TEST_STEP][PASSED] - productColor = findTestData("productData1").getValue("Color", row): null

2019-08-23 07:57:39 - [TEST_STEP][PASSED] - expectedString = UtilityMethods.createSkuForPWL(productStyle, productDescription, productColor): null

2019-08-23 07:57:39 - [TEST_STEP][PASSED] - println(expectedString): null

2019-08-23 07:57:39 - [TEST_STEP][PASSED] - expectedList.add(expectedString): null

2019-08-23 07:57:39 - [TEST_STEP][PASSED] - productStyle = findTestData("productData1").getValue("Style", row): null

2019-08-23 07:57:39 - [TEST_STEP][PASSED] - productDescription = findTestData("productData1").getValue("Description", row): null

2019-08-23 07:57:39 - [TEST_STEP][PASSED] - productColor = findTestData("productData1").getValue("Color", row): null

2019-08-23 07:57:39 - [TEST_STEP][PASSED] - expectedString = UtilityMethods.createSkuForPWL(productStyle, productDescription, productColor): null

2019-08-23 07:57:39 - [TEST_STEP][PASSED] - println(expectedString): null

2019-08-23 07:57:39 - [TEST_STEP][PASSED] - expectedList.add(expectedString): null

2019-08-23 07:57:39 - [TEST_STEP][PASSED] - productStyle = findTestData("productData1").getValue("Style", row): null

2019-08-23 07:57:39 - [TEST_STEP][PASSED] - productDescription = findTestData("productData1").getValue("Description", row): null

2019-08-23 07:57:39 - [TEST_STEP][PASSED] - productColor = findTestData("productData1").getValue("Color", row): null

2019-08-23 07:57:39 - [TEST_STEP][PASSED] - expectedString = UtilityMethods.createSkuForPWL(productStyle, productDescription, productColor): null

2019-08-23 07:57:39 - [TEST_STEP][PASSED] - println(expectedString): null

2019-08-23 07:57:39 - [TEST_STEP][PASSED] - expectedList.add(expectedString): null

2019-08-23 07:57:39 - [TEST_STEP][PASSED] - productStyle = findTestData("productData1").getValue("Style", row): null

2019-08-23 07:57:39 - [TEST_STEP][PASSED] - productDescription = findTestData("productData1").getValue("Description", row): null

2019-08-23 07:57:39 - [TEST_STEP][PASSED] - productColor = findTestData("productData1").getValue("Color", row): null

2019-08-23 07:57:39 - [TEST_STEP][PASSED] - expectedString = UtilityMethods.createSkuForPWL(productStyle, productDescription, productColor): null

2019-08-23 07:57:39 - [TEST_STEP][PASSED] - println(expectedString): null

2019-08-23 07:57:39 - [TEST_STEP][PASSED] - expectedList.add(expectedString): null

2019-08-23 07:57:39 - [TEST_STEP][PASSED] - productStyle = findTestData("productData1").getValue("Style", row): null

2019-08-23 07:57:39 - [TEST_STEP][PASSED] - productDescription = findTestData("productData1").getValue("Description", row): null

2019-08-23 07:57:39 - [TEST_STEP][PASSED] - productColor = findTestData("productData1").getValue("Color", row): null

2019-08-23 07:57:39 - [TEST_STEP][PASSED] - expectedString = UtilityMethods.createSkuForPWL(productStyle, productDescription, productColor): null

2019-08-23 07:57:39 - [TEST_STEP][PASSED] - println(expectedString): null

2019-08-23 07:57:39 - [TEST_STEP][PASSED] - expectedList.add(expectedString): null

2019-08-23 07:57:39 - [TEST_STEP][PASSED] - println(expectedList.size()): null

2019-08-23 07:57:39 - [TEST_STEP][PASSED] - assert UtilityMethods.listEquals(expectedList, actualList) == true: null

2019-08-23 07:57:40 - [TEST_STEP][PASSED] - callTestCase(findTestCase("NewArrival/populateTimeGlobalVars"), ["row":timeRow], STOP_ON_FAILURE): Call Test Case 'Test Cases/NewArrival/populateTimeGlobalVars' successfully

2019-08-23 07:57:40 - [TEST_CASE][PASSED] - Test Cases/NewArrival/populateTimeGlobalVars: Test Cases/NewArrival/populateTimeGlobalVars

2019-08-23 07:57:40 - [TEST_STEP][PASSED] - dataFile = "timezoneData": null

2019-08-23 07:57:40 - [TEST_STEP][PASSED] - clockServerTarget = UtilityMethods.getTestData("envtData", "clockServerTarget", 1): null

2019-08-23 07:57:40 - [TEST_STEP][PASSED] - println(clockServerTarget): null

2019-08-23 07:57:40 - [TEST_STEP][PASSED] - orderType = UtilityMethods.getTestData(dataFile, "orderType", row): null

2019-08-23 07:57:40 - [TEST_STEP][PASSED] - timeZone = UtilityMethods.getTestData(dataFile, "timeZone", row): null

2019-08-23 07:57:40 - [TEST_STEP][PASSED] - BOPersonal = UtilityMethods.getTestData(dataFile, "BOPersonal", row): null

2019-08-23 07:57:40 - [TEST_STEP][PASSED] - BOAddonPersonal = UtilityMethods.getTestData(dataFile, "BOAddonPersonal", row): null

2019-08-23 07:57:40 - [TEST_STEP][PASSED] - BOAddonRetail = UtilityMethods.getTestData(dataFile, "BOAddonRetail", row): null

2019-08-23 07:57:40 - [TEST_STEP][PASSED] - BORetail = UtilityMethods.getTestData(dataFile, "BORetail", row): null

2019-08-23 07:57:40 - [TEST_STEP][PASSED] - BOShow = UtilityMethods.getTestData(dataFile, "BOShow", row): null

2019-08-23 07:57:40 - [TEST_STEP][PASSED] - BOOnlineoutlet = UtilityMethods.getTestData(dataFile, "BOOnlineoutlet", row): null

2019-08-23 07:57:40 - [TEST_STEP][PASSED] - BOEmployee = UtilityMethods.getTestData(dataFile, "BOEmployee", row): null

2019-08-23 07:57:40 - [TEST_STEP][PASSED] - CCPersonal = UtilityMethods.getTestData(dataFile, "CCPersonal", row): null

2019-08-23 07:57:40 - [TEST_STEP][PASSED] - CCRetail = UtilityMethods.getTestData(dataFile, "CCRetail", row): null

2019-08-23 07:57:40 - [TEST_STEP][PASSED] - CCShow = UtilityMethods.getTestData(dataFile, "CCShow", row): null

2019-08-23 07:57:40 - [TEST_STEP][PASSED] - BOEblast = UtilityMethods.getTestData(dataFile, "BOEblast", row): null

2019-08-23 07:57:40 - [MESSAGE][PASSED] - Call Test Case 'Test Cases/NewArrival/populateTimeGlobalVars' successfully

2019-08-23 07:57:40 - [TEST_STEP][PASSED] - available = BOEblast: null

2019-08-23 07:57:40 - [TEST_STEP][PASSED] - callTestCase(findTestCase("NewArrival/setTimezone"), ["ofbizURL":"", "ofbizuser":"", "ofbizpass":"", "orderType":orderType, "timeZone":timeZone, "clockServerTarget":clockServerTarget], STOP_ON_FAILURE): Call Test Case 'Test Cases/NewArrival/setTimezone' successfully

2019-08-23 07:57:40 - [TEST_CASE][PASSED] - Test Cases/NewArrival/setTimezone: Test Cases/NewArrival/setTimezone

2019-08-23 07:57:40 - [TEST_STEP][PASSED] - openBrowser(""): Browser is opened with url: ''

2019-08-23 07:57:40 - [MESSAGE][WARNING] - A browser is already opened. Closing browser and opening a new one

2019-08-23 07:57:41 - [MESSAGE][INFO] - Starting 'Chrome' driver

2019-08-23 07:57:41 - [MESSAGE][INFO] - User set preference: ['args', '[--use-fake-ui-for-media-stream, --start-maximized]']

2019-08-23 07:57:43 - [MESSAGE][PASSED] - Browser is opened with url: ''

2019-08-23 07:57:43 - [TEST_STEP][NOT_RUN] - maximizeWindow(): NOT_RUN: maximizeWindow()

2019-08-23 07:57:43 - [MESSAGE][NOT_RUN] - NOT_RUN: maximizeWindow()

2019-08-23 07:57:43 - [TEST_STEP][PASSED] - ofbizURL = findTestData("envtData").getValue("ofbizURL", 1): null

2019-08-23 07:57:43 - [TEST_STEP][PASSED] - ofbizuser = findTestData("credData").getValue("ofbizuser", 1): null

2019-08-23 07:57:43 - [TEST_STEP][PASSED] - ofbizpass = findTestData("credData").getValue("ofbizpass", 1): null

2019-08-23 07:57:43 - [TEST_STEP][PASSED] - navigateToUrl(ofbizURL): Navigate to 'https://pushofbiz.cliotest.com/login.php' successfully

2019-08-23 07:57:45 - [MESSAGE][PASSED] - Navigate to 'https://pushofbiz.cliotest.com/login.php' successfully

2019-08-23 07:57:45 - [TEST_STEP][PASSED] - setText(findTestObject("Page_/input_Username_username"), ofbizuser): Text 'automation' is set on object 'Object Repository/Page_/input_Username_username'

2019-08-23 07:57:45 - [MESSAGE][PASSED] - Text 'automation' is set on object 'Object Repository/Page_/input_Username_username'

2019-08-23 07:57:45 - [TEST_STEP][PASSED] - setText(findTestObject("Page_/input_Password_password"), ofbizpass): Text 'cabiautomation' is set on object 'Object Repository/Page_/input_Password_password'

2019-08-23 07:57:45 - [MESSAGE][PASSED] - Text 'cabiautomation' is set on object 'Object Repository/Page_/input_Password_password'

2019-08-23 07:57:45 - [TEST_STEP][PASSED] - click(findTestObject("Page_/input_Password_Submit")): Object: 'Object Repository/Page_/input_Password_Submit' is clicked on

2019-08-23 07:57:50 - [MESSAGE][PASSED] - Object: 'Object Repository/Page_/input_Password_Submit' is clicked on

2019-08-23 07:57:50 - [TEST_STEP][PASSED] - click(findTestObject("Object Repository/Page_/a_Clock set")): Object: 'Object Repository/Page_/a_Clock set' is clicked on

2019-08-23 07:57:51 - [MESSAGE][PASSED] - Object: 'Object Repository/Page_/a_Clock set' is clicked on

2019-08-23 07:57:51 - [TEST_STEP][PASSED] - cst = UtilityMethods.createTestObject("select_target", "//select[@name='Target']/option[contains(text(), '", clockServerTarget, "')]"): null

2019-08-23 07:57:51 - [TEST_STEP][PASSED] - println(clockServerTarget): null

2019-08-23 07:57:51 - [TEST_STEP][PASSED] - click(cst): Object: 'select_target' is clicked on

2019-08-23 07:57:51 - [MESSAGE][PASSED] - Object: 'select_target' is clicked on

2019-08-23 07:57:51 - [TEST_STEP][PASSED] - click(findTestObject("Page_/thisDateAndTime")): Object: 'Object Repository/Page_/thisDateAndTime' is clicked on

2019-08-23 07:57:51 - [MESSAGE][PASSED] - Object: 'Object Repository/Page_/thisDateAndTime' is clicked on

2019-08-23 07:57:51 - [TEST_STEP][PASSED] - setText(findTestObject("Object Repository/Page_/setTargetTime"), timeZone): Text ' 09/24/2019 00:00' is set on object 'Object Repository/Page_/setTargetTime'

2019-08-23 07:57:51 - [MESSAGE][PASSED] - Text ' 09/24/2019 00:00' is set on object 'Object Repository/Page_/setTargetTime'

2019-08-23 07:57:51 - [TEST_STEP][PASSED] - click(findTestObject("Object Repository/Page_/input")): Object: 'Object Repository/Page_/input' is clicked on

2019-08-23 07:57:52 - [MESSAGE][PASSED] - Object: 'Object Repository/Page_/input' is clicked on

2019-08-23 07:57:52 - [TEST_STEP][PASSED] - delay(10): Delayed 10 second(s)

2019-08-23 07:58:02 - [MESSAGE][PASSED] - Delayed 10 second(s)

2019-08-23 07:58:02 - [TEST_STEP][NOT_RUN] - closeBrowser(): NOT_RUN: closeBrowser()

2019-08-23 07:58:02 - [MESSAGE][NOT_RUN] - NOT_RUN: closeBrowser()

2019-08-23 07:58:02 - [MESSAGE][PASSED] - Call Test Case 'Test Cases/NewArrival/setTimezone' successfully

2019-08-23 07:58:02 - [TEST_STEP][PASSED] - callTestCase(findTestCase("TestCaseUtilities/backOfficeLogin"), ["BOURL":"", "BOuser":"", "BOpass":""], STOP_ON_FAILURE): Call Test Case 'Test Cases/TestCaseUtilities/backOfficeLogin' successfully

2019-08-23 07:58:02 - [TEST_CASE][PASSED] - Test Cases/TestCaseUtilities/backOfficeLogin: Test Cases/TestCaseUtilities/backOfficeLogin

2019-08-23 07:58:02 - [TEST_STEP][PASSED] - BOURL = findTestData("envtData").getValue("BOURL", 1): null

2019-08-23 07:58:02 - [TEST_STEP][PASSED] - BOuser = findTestData("credData").getValue("BOuser", 1): null

2019-08-23 07:58:02 - [TEST_STEP][PASSED] - BOpass = findTestData("credData").getValue("BOpass", 1): null

2019-08-23 07:58:02 - [TEST_STEP][PASSED] - openBrowser(""): Browser is opened with url: ''

2019-08-23 07:58:02 - [MESSAGE][WARNING] - A browser is already opened. Closing browser and opening a new one

2019-08-23 07:58:03 - [MESSAGE][INFO] - Starting 'Chrome' driver

2019-08-23 07:58:03 - [MESSAGE][INFO] - User set preference: ['args', '[--use-fake-ui-for-media-stream, --start-maximized]']

2019-08-23 07:58:05 - [MESSAGE][PASSED] - Browser is opened with url: ''

2019-08-23 07:58:05 - [TEST_STEP][PASSED] - navigateToUrl(BOURL): Navigate to 'https://test4.cliotest.com/backoffice/control/main' successfully

2019-08-23 07:58:18 - [MESSAGE][PASSED] - Navigate to 'https://test4.cliotest.com/backoffice/control/main' successfully

2019-08-23 07:58:18 - [TEST_STEP][PASSED] - logOut = findWebElements(findTestObject("Object Repository/Page_cabi Home/log_out"), 1): Unable to find the element located by 'By.xpath: //a[contains(text(),'Log Out')]'. Please recheck the objects properties to make sure the desired element is located. 

2019-08-23 07:58:19 - [MESSAGE][INFO] - Unable to find the element located by 'By.xpath: //a[contains(text(),'Log Out')]'. Please recheck the objects properties to make sure the desired element is located. 

2019-08-23 07:58:19 - [TEST_STEP][PASSED] - if (logOut.size() == 0): Object: 'Object Repository/Page_cabi/input_Welcome to_consultantLogin' is clicked on

2019-08-23 07:58:19 - [TEST_STEP][PASSED] - setText(findTestObject("Page_cabi/input_Welcome to_USERNAME"), BOuser): Text '400000002' is set on object 'Object Repository/Page_cabi/input_Welcome to_USERNAME'

2019-08-23 07:58:19 - [MESSAGE][PASSED] - Text '400000002' is set on object 'Object Repository/Page_cabi/input_Welcome to_USERNAME'

2019-08-23 07:58:19 - [TEST_STEP][PASSED] - setText(findTestObject("Object Repository/Page_cabi/input_Welcome to_PASSWORD"), BOpass): Text 'blackdress19' is set on object 'Object Repository/Page_cabi/input_Welcome to_PASSWORD'

2019-08-23 07:58:19 - [MESSAGE][PASSED] - Text 'blackdress19' is set on object 'Object Repository/Page_cabi/input_Welcome to_PASSWORD'

2019-08-23 07:58:19 - [TEST_STEP][PASSED] - click(findTestObject("Object Repository/Page_cabi/input_Welcome to_consultantLogin")): Object: 'Object Repository/Page_cabi/input_Welcome to_consultantLogin' is clicked on

2019-08-23 07:58:37 - [MESSAGE][PASSED] - Object: 'Object Repository/Page_cabi/input_Welcome to_consultantLogin' is clicked on

2019-08-23 07:58:37 - [TEST_STEP][PASSED] - delay(3): Delayed 3 second(s)

2019-08-23 07:58:40 - [MESSAGE][PASSED] - Delayed 3 second(s)

2019-08-23 07:58:40 - [MESSAGE][PASSED] - Call Test Case 'Test Cases/TestCaseUtilities/backOfficeLogin' successfully

2019-08-23 07:58:40 - [TEST_STEP][PASSED] - click(findTestObject("Object Repository/Page_cabi Home/a_Shows  Orders")): Object: 'Object Repository/Page_cabi Home/a_Shows  Orders' is clicked on

2019-08-23 07:58:40 - [MESSAGE][PASSED] - Object: 'Object Repository/Page_cabi Home/a_Shows  Orders' is clicked on

2019-08-23 07:58:40 - [TEST_STEP][PASSED] - click(findTestObject("Object Repository/Page_cabi Home/a_Product Watch List")): Object: 'Object Repository/Page_cabi Home/a_Product Watch List' is clicked on

2019-08-23 07:58:46 - [MESSAGE][PASSED] - Object: 'Object Repository/Page_cabi Home/a_Product Watch List' is clicked on

2019-08-23 07:58:46 - [TEST_STEP][PASSED] - if (toString().equalsIgnoreCase("no")): null

2019-08-23 07:58:46 - [TEST_STEP][PASSED] - noResultFound = findWebElements(findTestObject("Object Repository/Page_cabi Product Watch list/span_(New Arrivals 1)"), 5): Unable to find the element located by 'By.xpath: //table[@ng-if='products']/thead/tr[@class='table-header-description']/th/span[contains(text(), ' (New Arrivals 1)')]'. Please recheck the objects properties to make sure the desired element is located. 

2019-08-23 07:58:51 - [MESSAGE][INFO] - Unable to find the element located by 'By.xpath: //table[@ng-if='products']/thead/tr[@class='table-header-description']/th/span[contains(text(), ' (New Arrivals 1)')]'. Please recheck the objects properties to make sure the desired element is located. 

2019-08-23 07:58:51 - [TEST_STEP][PASSED] - assert noResultFound.size() == 0: null

2019-08-23 07:58:51 - [TEST_STEP][PASSED] - callTestCase(findTestCase("NewArrival/populateTimeGlobalVars"), ["row":timeRow], STOP_ON_FAILURE): Call Test Case 'Test Cases/NewArrival/populateTimeGlobalVars' successfully

2019-08-23 07:58:51 - [TEST_CASE][PASSED] - Test Cases/NewArrival/populateTimeGlobalVars: Test Cases/NewArrival/populateTimeGlobalVars

2019-08-23 07:58:51 - [TEST_STEP][PASSED] - dataFile = "timezoneData": null

2019-08-23 07:58:51 - [TEST_STEP][PASSED] - clockServerTarget = UtilityMethods.getTestData("envtData", "clockServerTarget", 1): null

2019-08-23 07:58:51 - [TEST_STEP][PASSED] - println(clockServerTarget): null

2019-08-23 07:58:52 - [TEST_STEP][PASSED] - orderType = UtilityMethods.getTestData(dataFile, "orderType", row): null

2019-08-23 07:58:52 - [TEST_STEP][PASSED] - timeZone = UtilityMethods.getTestData(dataFile, "timeZone", row): null

2019-08-23 07:58:52 - [TEST_STEP][PASSED] - BOPersonal = UtilityMethods.getTestData(dataFile, "BOPersonal", row): null

2019-08-23 07:58:52 - [TEST_STEP][PASSED] - BOAddonPersonal = UtilityMethods.getTestData(dataFile, "BOAddonPersonal", row): null

2019-08-23 07:58:52 - [TEST_STEP][PASSED] - BOAddonRetail = UtilityMethods.getTestData(dataFile, "BOAddonRetail", row): null

2019-08-23 07:58:52 - [TEST_STEP][PASSED] - BORetail = UtilityMethods.getTestData(dataFile, "BORetail", row): null

2019-08-23 07:58:52 - [TEST_STEP][PASSED] - BOShow = UtilityMethods.getTestData(dataFile, "BOShow", row): null

2019-08-23 07:58:52 - [TEST_STEP][PASSED] - BOOnlineoutlet = UtilityMethods.getTestData(dataFile, "BOOnlineoutlet", row): null

2019-08-23 07:58:52 - [TEST_STEP][PASSED] - BOEmployee = UtilityMethods.getTestData(dataFile, "BOEmployee", row): null

2019-08-23 07:58:52 - [TEST_STEP][PASSED] - CCPersonal = UtilityMethods.getTestData(dataFile, "CCPersonal", row): null

2019-08-23 07:58:52 - [TEST_STEP][PASSED] - CCRetail = UtilityMethods.getTestData(dataFile, "CCRetail", row): null

2019-08-23 07:58:52 - [TEST_STEP][PASSED] - CCShow = UtilityMethods.getTestData(dataFile, "CCShow", row): null

2019-08-23 07:58:52 - [TEST_STEP][PASSED] - BOEblast = UtilityMethods.getTestData(dataFile, "BOEblast", row): null

2019-08-23 07:58:52 - [MESSAGE][PASSED] - Call Test Case 'Test Cases/NewArrival/populateTimeGlobalVars' successfully

2019-08-23 07:58:52 - [TEST_STEP][PASSED] - available = BOEblast: null

2019-08-23 07:58:52 - [TEST_STEP][PASSED] - callTestCase(findTestCase("NewArrival/setTimezone"), ["ofbizURL":"", "ofbizuser":"", "ofbizpass":"", "orderType":orderType, "timeZone":timeZone, "clockServerTarget":clockServerTarget], STOP_ON_FAILURE): Call Test Case 'Test Cases/NewArrival/setTimezone' successfully

2019-08-23 07:58:52 - [TEST_CASE][PASSED] - Test Cases/NewArrival/setTimezone: Test Cases/NewArrival/setTimezone

2019-08-23 07:58:52 - [TEST_STEP][PASSED] - openBrowser(""): Browser is opened with url: ''

2019-08-23 07:58:52 - [MESSAGE][WARNING] - A browser is already opened. Closing browser and opening a new one

2019-08-23 07:58:53 - [MESSAGE][INFO] - Starting 'Chrome' driver

2019-08-23 07:58:53 - [MESSAGE][INFO] - User set preference: ['args', '[--use-fake-ui-for-media-stream, --start-maximized]']

2019-08-23 07:58:55 - [MESSAGE][PASSED] - Browser is opened with url: ''

2019-08-23 07:58:55 - [TEST_STEP][NOT_RUN] - maximizeWindow(): NOT_RUN: maximizeWindow()

2019-08-23 07:58:55 - [MESSAGE][NOT_RUN] - NOT_RUN: maximizeWindow()

2019-08-23 07:58:55 - [TEST_STEP][PASSED] - ofbizURL = findTestData("envtData").getValue("ofbizURL", 1): null

2019-08-23 07:58:55 - [TEST_STEP][PASSED] - ofbizuser = findTestData("credData").getValue("ofbizuser", 1): null

2019-08-23 07:58:55 - [TEST_STEP][PASSED] - ofbizpass = findTestData("credData").getValue("ofbizpass", 1): null

2019-08-23 07:58:55 - [TEST_STEP][PASSED] - navigateToUrl(ofbizURL): Navigate to 'https://pushofbiz.cliotest.com/login.php' successfully

2019-08-23 07:58:56 - [MESSAGE][PASSED] - Navigate to 'https://pushofbiz.cliotest.com/login.php' successfully

2019-08-23 07:58:56 - [TEST_STEP][PASSED] - setText(findTestObject("Page_/input_Username_username"), ofbizuser): Text 'automation' is set on object 'Object Repository/Page_/input_Username_username'

2019-08-23 07:58:57 - [MESSAGE][PASSED] - Text 'automation' is set on object 'Object Repository/Page_/input_Username_username'

2019-08-23 07:58:57 - [TEST_STEP][PASSED] - setText(findTestObject("Page_/input_Password_password"), ofbizpass): Text 'cabiautomation' is set on object 'Object Repository/Page_/input_Password_password'

2019-08-23 07:58:57 - [MESSAGE][PASSED] - Text 'cabiautomation' is set on object 'Object Repository/Page_/input_Password_password'

2019-08-23 07:58:57 - [TEST_STEP][PASSED] - click(findTestObject("Page_/input_Password_Submit")): Object: 'Object Repository/Page_/input_Password_Submit' is clicked on

2019-08-23 07:59:02 - [MESSAGE][PASSED] - Object: 'Object Repository/Page_/input_Password_Submit' is clicked on

2019-08-23 07:59:02 - [TEST_STEP][PASSED] - click(findTestObject("Object Repository/Page_/a_Clock set")): Object: 'Object Repository/Page_/a_Clock set' is clicked on

2019-08-23 07:59:03 - [MESSAGE][PASSED] - Object: 'Object Repository/Page_/a_Clock set' is clicked on

2019-08-23 07:59:03 - [TEST_STEP][PASSED] - cst = UtilityMethods.createTestObject("select_target", "//select[@name='Target']/option[contains(text(), '", clockServerTarget, "')]"): null

2019-08-23 07:59:03 - [TEST_STEP][PASSED] - println(clockServerTarget): null

2019-08-23 07:59:03 - [TEST_STEP][PASSED] - click(cst): Object: 'select_target' is clicked on

2019-08-23 07:59:04 - [MESSAGE][PASSED] - Object: 'select_target' is clicked on

2019-08-23 07:59:04 - [TEST_STEP][PASSED] - click(findTestObject("Page_/thisDateAndTime")): Object: 'Object Repository/Page_/thisDateAndTime' is clicked on

2019-08-23 07:59:04 - [MESSAGE][PASSED] - Object: 'Object Repository/Page_/thisDateAndTime' is clicked on

2019-08-23 07:59:04 - [TEST_STEP][PASSED] - setText(findTestObject("Object Repository/Page_/setTargetTime"), timeZone): Text ' 09/25/2019 7:00' is set on object 'Object Repository/Page_/setTargetTime'

2019-08-23 07:59:04 - [MESSAGE][PASSED] - Text ' 09/25/2019 7:00' is set on object 'Object Repository/Page_/setTargetTime'

2019-08-23 07:59:04 - [TEST_STEP][PASSED] - click(findTestObject("Object Repository/Page_/input")): Object: 'Object Repository/Page_/input' is clicked on

2019-08-23 07:59:05 - [MESSAGE][PASSED] - Object: 'Object Repository/Page_/input' is clicked on

2019-08-23 07:59:05 - [TEST_STEP][PASSED] - delay(10): Delayed 10 second(s)

2019-08-23 07:59:15 - [MESSAGE][PASSED] - Delayed 10 second(s)

2019-08-23 07:59:15 - [TEST_STEP][NOT_RUN] - closeBrowser(): NOT_RUN: closeBrowser()

2019-08-23 07:59:15 - [MESSAGE][NOT_RUN] - NOT_RUN: closeBrowser()

2019-08-23 07:59:15 - [MESSAGE][PASSED] - Call Test Case 'Test Cases/NewArrival/setTimezone' successfully

2019-08-23 07:59:15 - [TEST_STEP][PASSED] - callTestCase(findTestCase("TestCaseUtilities/backOfficeLogin"), ["BOURL":"", "BOuser":"", "BOpass":""], STOP_ON_FAILURE): Call Test Case 'Test Cases/TestCaseUtilities/backOfficeLogin' successfully

2019-08-23 07:59:15 - [TEST_CASE][PASSED] - Test Cases/TestCaseUtilities/backOfficeLogin: Test Cases/TestCaseUtilities/backOfficeLogin

2019-08-23 07:59:15 - [TEST_STEP][PASSED] - BOURL = findTestData("envtData").getValue("BOURL", 1): null

2019-08-23 07:59:15 - [TEST_STEP][PASSED] - BOuser = findTestData("credData").getValue("BOuser", 1): null

2019-08-23 07:59:16 - [TEST_STEP][PASSED] - BOpass = findTestData("credData").getValue("BOpass", 1): null

2019-08-23 07:59:16 - [TEST_STEP][PASSED] - openBrowser(""): Browser is opened with url: ''

2019-08-23 07:59:16 - [MESSAGE][WARNING] - A browser is already opened. Closing browser and opening a new one

2019-08-23 07:59:16 - [MESSAGE][INFO] - Starting 'Chrome' driver

2019-08-23 07:59:16 - [MESSAGE][INFO] - User set preference: ['args', '[--use-fake-ui-for-media-stream, --start-maximized]']

2019-08-23 07:59:18 - [MESSAGE][PASSED] - Browser is opened with url: ''

2019-08-23 07:59:18 - [TEST_STEP][PASSED] - navigateToUrl(BOURL): Navigate to 'https://test4.cliotest.com/backoffice/control/main' successfully

2019-08-23 07:59:26 - [MESSAGE][PASSED] - Navigate to 'https://test4.cliotest.com/backoffice/control/main' successfully

2019-08-23 07:59:26 - [TEST_STEP][PASSED] - logOut = findWebElements(findTestObject("Object Repository/Page_cabi Home/log_out"), 1): Unable to find the element located by 'By.xpath: //a[contains(text(),'Log Out')]'. Please recheck the objects properties to make sure the desired element is located. 

2019-08-23 07:59:27 - [MESSAGE][INFO] - Unable to find the element located by 'By.xpath: //a[contains(text(),'Log Out')]'. Please recheck the objects properties to make sure the desired element is located. 

2019-08-23 07:59:27 - [TEST_STEP][PASSED] - if (logOut.size() == 0): Object: 'Object Repository/Page_cabi/input_Welcome to_consultantLogin' is clicked on

2019-08-23 07:59:27 - [TEST_STEP][PASSED] - setText(findTestObject("Page_cabi/input_Welcome to_USERNAME"), BOuser): Text '400000002' is set on object 'Object Repository/Page_cabi/input_Welcome to_USERNAME'

2019-08-23 07:59:28 - [MESSAGE][PASSED] - Text '400000002' is set on object 'Object Repository/Page_cabi/input_Welcome to_USERNAME'

2019-08-23 07:59:28 - [TEST_STEP][PASSED] - setText(findTestObject("Object Repository/Page_cabi/input_Welcome to_PASSWORD"), BOpass): Text 'blackdress19' is set on object 'Object Repository/Page_cabi/input_Welcome to_PASSWORD'

2019-08-23 07:59:28 - [MESSAGE][PASSED] - Text 'blackdress19' is set on object 'Object Repository/Page_cabi/input_Welcome to_PASSWORD'

2019-08-23 07:59:28 - [TEST_STEP][PASSED] - click(findTestObject("Object Repository/Page_cabi/input_Welcome to_consultantLogin")): Object: 'Object Repository/Page_cabi/input_Welcome to_consultantLogin' is clicked on

2019-08-23 07:59:40 - [MESSAGE][PASSED] - Object: 'Object Repository/Page_cabi/input_Welcome to_consultantLogin' is clicked on

2019-08-23 07:59:40 - [TEST_STEP][PASSED] - delay(3): Delayed 3 second(s)

2019-08-23 07:59:43 - [MESSAGE][PASSED] - Delayed 3 second(s)

2019-08-23 07:59:43 - [MESSAGE][PASSED] - Call Test Case 'Test Cases/TestCaseUtilities/backOfficeLogin' successfully

2019-08-23 07:59:43 - [TEST_STEP][PASSED] - click(findTestObject("Object Repository/Page_cabi Home/a_Shows  Orders")): Object: 'Object Repository/Page_cabi Home/a_Shows  Orders' is clicked on

2019-08-23 07:59:43 - [MESSAGE][PASSED] - Object: 'Object Repository/Page_cabi Home/a_Shows  Orders' is clicked on

2019-08-23 07:59:43 - [TEST_STEP][PASSED] - click(findTestObject("Object Repository/Page_cabi Home/a_Product Watch List")): Object: 'Object Repository/Page_cabi Home/a_Product Watch List' is clicked on

2019-08-23 07:59:56 - [MESSAGE][PASSED] - Object: 'Object Repository/Page_cabi Home/a_Product Watch List' is clicked on

2019-08-23 07:59:56 - [TEST_STEP][PASSED] - if (toString().equalsIgnoreCase("no")): null

2019-08-23 07:59:56 - [TEST_STEP][PASSED] - else: null

2019-08-23 07:59:56 - [TEST_STEP][PASSED] - click(findTestObject("Object Repository/Page_cabi Product Watch list/span_(New Arrivals 1)")): Object: 'Object Repository/Page_cabi Product Watch list/span_(New Arrivals 1)' is clicked on

2019-08-23 07:59:56 - [MESSAGE][PASSED] - Object: 'Object Repository/Page_cabi Product Watch list/span_(New Arrivals 1)' is clicked on

2019-08-23 07:59:56 - [TEST_STEP][PASSED] - verifyElementText(findTestObject("Object Repository/Page_cabi Product Watch list/span_(New Arrivals 1)"), "(New Arrivals 1)"): Actual text and expected text of test object 'Object Repository/Page_cabi Product Watch list/span_(New Arrivals 1)' are matched.

2019-08-23 07:59:56 - [MESSAGE][PASSED] - Actual text and expected text of test object 'Object Repository/Page_cabi Product Watch list/span_(New Arrivals 1)' are matched.

2019-08-23 07:59:56 - [TEST_STEP][PASSED] - actualProductList = findWebElements(findTestObject("Page_cabi Product Watch list/div_product_list_na1"), 5): null

2019-08-23 07:59:56 - [TEST_STEP][PASSED] - println(actualProductList.size()): null

2019-08-23 07:59:56 - [TEST_STEP][PASSED] - actualList = new java.util.ArrayList(): null

2019-08-23 07:59:56 - [TEST_STEP][PASSED] - expectedList = new java.util.ArrayList(): null

2019-08-23 07:59:56 - [TEST_STEP][PASSED] - for (org.openqa.selenium.WebElement product : actualProductList): null

2019-08-23 07:59:56 - [TEST_STEP][PASSED] - actualList.add(product.getText()): null

2019-08-23 07:59:56 - [TEST_STEP][PASSED] - println(product.getText()): null

2019-08-23 07:59:56 - [TEST_STEP][PASSED] - actualList.add(product.getText()): null

2019-08-23 07:59:56 - [TEST_STEP][PASSED] - println(product.getText()): null

2019-08-23 07:59:56 - [TEST_STEP][PASSED] - actualList.add(product.getText()): null

2019-08-23 07:59:56 - [TEST_STEP][PASSED] - println(product.getText()): null

2019-08-23 07:59:56 - [TEST_STEP][PASSED] - actualList.add(product.getText()): null

2019-08-23 07:59:56 - [TEST_STEP][PASSED] - println(product.getText()): null

2019-08-23 07:59:56 - [TEST_STEP][PASSED] - actualList.add(product.getText()): null

2019-08-23 07:59:56 - [TEST_STEP][PASSED] - println(product.getText()): null

2019-08-23 07:59:56 - [TEST_STEP][PASSED] - actualList.add(product.getText()): null

2019-08-23 07:59:56 - [TEST_STEP][PASSED] - println(product.getText()): null

2019-08-23 07:59:56 - [TEST_STEP][PASSED] - actualList.add(product.getText()): null

2019-08-23 07:59:56 - [TEST_STEP][PASSED] - println(product.getText()): null

2019-08-23 07:59:57 - [TEST_STEP][PASSED] - actualList.add(product.getText()): null

2019-08-23 07:59:57 - [TEST_STEP][PASSED] - println(product.getText()): null

2019-08-23 07:59:57 - [TEST_STEP][PASSED] - actualList.add(product.getText()): null

2019-08-23 07:59:57 - [TEST_STEP][PASSED] - println(product.getText()): null

2019-08-23 07:59:57 - [TEST_STEP][PASSED] - actualList.add(product.getText()): null

2019-08-23 07:59:57 - [TEST_STEP][PASSED] - println(product.getText()): null

2019-08-23 07:59:57 - [TEST_STEP][PASSED] - actualList.add(product.getText()): null

2019-08-23 07:59:57 - [TEST_STEP][PASSED] - println(product.getText()): null

2019-08-23 07:59:57 - [TEST_STEP][PASSED] - actualList.add(product.getText()): null

2019-08-23 07:59:57 - [TEST_STEP][PASSED] - println(product.getText()): null

2019-08-23 07:59:57 - [TEST_STEP][PASSED] - actualList.add(product.getText()): null

2019-08-23 07:59:57 - [TEST_STEP][PASSED] - println(product.getText()): null

2019-08-23 07:59:57 - [TEST_STEP][PASSED] - actualList.add(product.getText()): null

2019-08-23 07:59:57 - [TEST_STEP][PASSED] - println(product.getText()): null

2019-08-23 07:59:57 - [TEST_STEP][PASSED] - p1Rows = findTestData("productData1").getRowNumbers(): null

2019-08-23 07:59:57 - [TEST_STEP][PASSED] - println(p1Rows): null

2019-08-23 07:59:57 - [TEST_STEP][PASSED] - for ([row = 1, row <= p1Rows, (row++)]): null

2019-08-23 07:59:57 - [TEST_STEP][PASSED] - productStyle = findTestData("productData1").getValue("Style", row): null

2019-08-23 07:59:57 - [TEST_STEP][PASSED] - productDescription = findTestData("productData1").getValue("Description", row): null

2019-08-23 07:59:57 - [TEST_STEP][PASSED] - productColor = findTestData("productData1").getValue("Color", row): null

2019-08-23 07:59:57 - [TEST_STEP][PASSED] - expectedString = UtilityMethods.createSkuForPWL(productStyle, productDescription, productColor): null

2019-08-23 07:59:57 - [TEST_STEP][PASSED] - println(expectedString): null

2019-08-23 07:59:57 - [TEST_STEP][PASSED] - expectedList.add(expectedString): null

2019-08-23 07:59:57 - [TEST_STEP][PASSED] - productStyle = findTestData("productData1").getValue("Style", row): null

2019-08-23 07:59:57 - [TEST_STEP][PASSED] - productDescription = findTestData("productData1").getValue("Description", row): null

2019-08-23 07:59:57 - [TEST_STEP][PASSED] - productColor = findTestData("productData1").getValue("Color", row): null

2019-08-23 07:59:57 - [TEST_STEP][PASSED] - expectedString = UtilityMethods.createSkuForPWL(productStyle, productDescription, productColor): null

2019-08-23 07:59:57 - [TEST_STEP][PASSED] - println(expectedString): null

2019-08-23 07:59:57 - [TEST_STEP][PASSED] - expectedList.add(expectedString): null

2019-08-23 07:59:57 - [TEST_STEP][PASSED] - productStyle = findTestData("productData1").getValue("Style", row): null

2019-08-23 07:59:57 - [TEST_STEP][PASSED] - productDescription = findTestData("productData1").getValue("Description", row): null

2019-08-23 07:59:57 - [TEST_STEP][PASSED] - productColor = findTestData("productData1").getValue("Color", row): null

2019-08-23 07:59:57 - [TEST_STEP][PASSED] - expectedString = UtilityMethods.createSkuForPWL(productStyle, productDescription, productColor): null

2019-08-23 07:59:57 - [TEST_STEP][PASSED] - println(expectedString): null

2019-08-23 07:59:57 - [TEST_STEP][PASSED] - expectedList.add(expectedString): null

2019-08-23 07:59:57 - [TEST_STEP][PASSED] - productStyle = findTestData("productData1").getValue("Style", row): null

2019-08-23 07:59:57 - [TEST_STEP][PASSED] - productDescription = findTestData("productData1").getValue("Description", row): null

2019-08-23 07:59:57 - [TEST_STEP][PASSED] - productColor = findTestData("productData1").getValue("Color", row): null

2019-08-23 07:59:57 - [TEST_STEP][PASSED] - expectedString = UtilityMethods.createSkuForPWL(productStyle, productDescription, productColor): null

2019-08-23 07:59:57 - [TEST_STEP][PASSED] - println(expectedString): null

2019-08-23 07:59:57 - [TEST_STEP][PASSED] - expectedList.add(expectedString): null

2019-08-23 07:59:57 - [TEST_STEP][PASSED] - productStyle = findTestData("productData1").getValue("Style", row): null

2019-08-23 07:59:57 - [TEST_STEP][PASSED] - productDescription = findTestData("productData1").getValue("Description", row): null

2019-08-23 07:59:57 - [TEST_STEP][PASSED] - productColor = findTestData("productData1").getValue("Color", row): null

2019-08-23 07:59:57 - [TEST_STEP][PASSED] - expectedString = UtilityMethods.createSkuForPWL(productStyle, productDescription, productColor): null

2019-08-23 07:59:57 - [TEST_STEP][PASSED] - println(expectedString): null

2019-08-23 07:59:57 - [TEST_STEP][PASSED] - expectedList.add(expectedString): null

2019-08-23 07:59:57 - [TEST_STEP][PASSED] - productStyle = findTestData("productData1").getValue("Style", row): null

2019-08-23 07:59:57 - [TEST_STEP][PASSED] - productDescription = findTestData("productData1").getValue("Description", row): null

2019-08-23 07:59:57 - [TEST_STEP][PASSED] - productColor = findTestData("productData1").getValue("Color", row): null

2019-08-23 07:59:57 - [TEST_STEP][PASSED] - expectedString = UtilityMethods.createSkuForPWL(productStyle, productDescription, productColor): null

2019-08-23 07:59:57 - [TEST_STEP][PASSED] - println(expectedString): null

2019-08-23 07:59:57 - [TEST_STEP][PASSED] - expectedList.add(expectedString): null

2019-08-23 07:59:57 - [TEST_STEP][PASSED] - productStyle = findTestData("productData1").getValue("Style", row): null

2019-08-23 07:59:57 - [TEST_STEP][PASSED] - productDescription = findTestData("productData1").getValue("Description", row): null

2019-08-23 07:59:57 - [TEST_STEP][PASSED] - productColor = findTestData("productData1").getValue("Color", row): null

2019-08-23 07:59:57 - [TEST_STEP][PASSED] - expectedString = UtilityMethods.createSkuForPWL(productStyle, productDescription, productColor): null

2019-08-23 07:59:57 - [TEST_STEP][PASSED] - println(expectedString): null

2019-08-23 07:59:57 - [TEST_STEP][PASSED] - expectedList.add(expectedString): null

2019-08-23 07:59:57 - [TEST_STEP][PASSED] - productStyle = findTestData("productData1").getValue("Style", row): null

2019-08-23 07:59:57 - [TEST_STEP][PASSED] - productDescription = findTestData("productData1").getValue("Description", row): null

2019-08-23 07:59:57 - [TEST_STEP][PASSED] - productColor = findTestData("productData1").getValue("Color", row): null

2019-08-23 07:59:58 - [TEST_STEP][PASSED] - expectedString = UtilityMethods.createSkuForPWL(productStyle, productDescription, productColor): null

2019-08-23 07:59:58 - [TEST_STEP][PASSED] - println(expectedString): null

2019-08-23 07:59:58 - [TEST_STEP][PASSED] - expectedList.add(expectedString): null

2019-08-23 07:59:58 - [TEST_STEP][PASSED] - productStyle = findTestData("productData1").getValue("Style", row): null

2019-08-23 07:59:58 - [TEST_STEP][PASSED] - productDescription = findTestData("productData1").getValue("Description", row): null

2019-08-23 07:59:58 - [TEST_STEP][PASSED] - productColor = findTestData("productData1").getValue("Color", row): null

2019-08-23 07:59:58 - [TEST_STEP][PASSED] - expectedString = UtilityMethods.createSkuForPWL(productStyle, productDescription, productColor): null

2019-08-23 07:59:58 - [TEST_STEP][PASSED] - println(expectedString): null

2019-08-23 07:59:58 - [TEST_STEP][PASSED] - expectedList.add(expectedString): null

2019-08-23 07:59:58 - [TEST_STEP][PASSED] - productStyle = findTestData("productData1").getValue("Style", row): null

2019-08-23 07:59:58 - [TEST_STEP][PASSED] - productDescription = findTestData("productData1").getValue("Description", row): null

2019-08-23 07:59:58 - [TEST_STEP][PASSED] - productColor = findTestData("productData1").getValue("Color", row): null

2019-08-23 07:59:58 - [TEST_STEP][PASSED] - expectedString = UtilityMethods.createSkuForPWL(productStyle, productDescription, productColor): null

2019-08-23 07:59:58 - [TEST_STEP][PASSED] - println(expectedString): null

2019-08-23 07:59:58 - [TEST_STEP][PASSED] - expectedList.add(expectedString): null

2019-08-23 07:59:58 - [TEST_STEP][PASSED] - productStyle = findTestData("productData1").getValue("Style", row): null

2019-08-23 07:59:58 - [TEST_STEP][PASSED] - productDescription = findTestData("productData1").getValue("Description", row): null

2019-08-23 07:59:58 - [TEST_STEP][PASSED] - productColor = findTestData("productData1").getValue("Color", row): null

2019-08-23 07:59:58 - [TEST_STEP][PASSED] - expectedString = UtilityMethods.createSkuForPWL(productStyle, productDescription, productColor): null

2019-08-23 07:59:58 - [TEST_STEP][PASSED] - println(expectedString): null

2019-08-23 07:59:58 - [TEST_STEP][PASSED] - expectedList.add(expectedString): null

2019-08-23 07:59:58 - [TEST_STEP][PASSED] - productStyle = findTestData("productData1").getValue("Style", row): null

2019-08-23 07:59:58 - [TEST_STEP][PASSED] - productDescription = findTestData("productData1").getValue("Description", row): null

2019-08-23 07:59:58 - [TEST_STEP][PASSED] - productColor = findTestData("productData1").getValue("Color", row): null

2019-08-23 07:59:58 - [TEST_STEP][PASSED] - expectedString = UtilityMethods.createSkuForPWL(productStyle, productDescription, productColor): null

2019-08-23 07:59:58 - [TEST_STEP][PASSED] - println(expectedString): null

2019-08-23 07:59:58 - [TEST_STEP][PASSED] - expectedList.add(expectedString): null

2019-08-23 07:59:58 - [TEST_STEP][PASSED] - productStyle = findTestData("productData1").getValue("Style", row): null

2019-08-23 07:59:58 - [TEST_STEP][PASSED] - productDescription = findTestData("productData1").getValue("Description", row): null

2019-08-23 07:59:58 - [TEST_STEP][PASSED] - productColor = findTestData("productData1").getValue("Color", row): null

2019-08-23 07:59:58 - [TEST_STEP][PASSED] - expectedString = UtilityMethods.createSkuForPWL(productStyle, productDescription, productColor): null

2019-08-23 07:59:58 - [TEST_STEP][PASSED] - println(expectedString): null

2019-08-23 07:59:58 - [TEST_STEP][PASSED] - expectedList.add(expectedString): null

2019-08-23 07:59:58 - [TEST_STEP][PASSED] - productStyle = findTestData("productData1").getValue("Style", row): null

2019-08-23 07:59:58 - [TEST_STEP][PASSED] - productDescription = findTestData("productData1").getValue("Description", row): null

2019-08-23 07:59:58 - [TEST_STEP][PASSED] - productColor = findTestData("productData1").getValue("Color", row): null

2019-08-23 07:59:58 - [TEST_STEP][PASSED] - expectedString = UtilityMethods.createSkuForPWL(productStyle, productDescription, productColor): null

2019-08-23 07:59:58 - [TEST_STEP][PASSED] - println(expectedString): null

2019-08-23 07:59:58 - [TEST_STEP][PASSED] - expectedList.add(expectedString): null

2019-08-23 07:59:58 - [TEST_STEP][PASSED] - println(expectedList.size()): null

2019-08-23 07:59:58 - [TEST_STEP][PASSED] - assert UtilityMethods.listEquals(expectedList, actualList) == true: null

2019-08-23 07:59:58 - [TEST_STEP][PASSED] - callTestCase(findTestCase("NewArrival/populateTimeGlobalVars"), ["row":timeRow], STOP_ON_FAILURE): Call Test Case 'Test Cases/NewArrival/populateTimeGlobalVars' successfully

2019-08-23 07:59:58 - [TEST_CASE][PASSED] - Test Cases/NewArrival/populateTimeGlobalVars: Test Cases/NewArrival/populateTimeGlobalVars

2019-08-23 07:59:58 - [TEST_STEP][PASSED] - dataFile = "timezoneData": null

2019-08-23 07:59:58 - [TEST_STEP][PASSED] - clockServerTarget = UtilityMethods.getTestData("envtData", "clockServerTarget", 1): null

2019-08-23 07:59:58 - [TEST_STEP][PASSED] - println(clockServerTarget): null

2019-08-23 07:59:58 - [TEST_STEP][PASSED] - orderType = UtilityMethods.getTestData(dataFile, "orderType", row): null

2019-08-23 07:59:58 - [TEST_STEP][PASSED] - timeZone = UtilityMethods.getTestData(dataFile, "timeZone", row): null

2019-08-23 07:59:58 - [TEST_STEP][PASSED] - BOPersonal = UtilityMethods.getTestData(dataFile, "BOPersonal", row): null

2019-08-23 07:59:58 - [TEST_STEP][PASSED] - BOAddonPersonal = UtilityMethods.getTestData(dataFile, "BOAddonPersonal", row): null

2019-08-23 07:59:58 - [TEST_STEP][PASSED] - BOAddonRetail = UtilityMethods.getTestData(dataFile, "BOAddonRetail", row): null

2019-08-23 07:59:58 - [TEST_STEP][PASSED] - BORetail = UtilityMethods.getTestData(dataFile, "BORetail", row): null

2019-08-23 07:59:58 - [TEST_STEP][PASSED] - BOShow = UtilityMethods.getTestData(dataFile, "BOShow", row): null

2019-08-23 07:59:58 - [TEST_STEP][PASSED] - BOOnlineoutlet = UtilityMethods.getTestData(dataFile, "BOOnlineoutlet", row): null

2019-08-23 07:59:58 - [TEST_STEP][PASSED] - BOEmployee = UtilityMethods.getTestData(dataFile, "BOEmployee", row): null

2019-08-23 07:59:58 - [TEST_STEP][PASSED] - CCPersonal = UtilityMethods.getTestData(dataFile, "CCPersonal", row): null

2019-08-23 07:59:58 - [TEST_STEP][PASSED] - CCRetail = UtilityMethods.getTestData(dataFile, "CCRetail", row): null

2019-08-23 07:59:58 - [TEST_STEP][PASSED] - CCShow = UtilityMethods.getTestData(dataFile, "CCShow", row): null

2019-08-23 07:59:58 - [TEST_STEP][PASSED] - BOEblast = UtilityMethods.getTestData(dataFile, "BOEblast", row): null

2019-08-23 07:59:58 - [MESSAGE][PASSED] - Call Test Case 'Test Cases/NewArrival/populateTimeGlobalVars' successfully

2019-08-23 07:59:58 - [TEST_STEP][PASSED] - available = BOEblast: null

2019-08-23 07:59:58 - [TEST_STEP][PASSED] - callTestCase(findTestCase("NewArrival/setTimezone"), ["ofbizURL":"", "ofbizuser":"", "ofbizpass":"", "orderType":orderType, "timeZone":timeZone, "clockServerTarget":clockServerTarget], STOP_ON_FAILURE): Call Test Case 'Test Cases/NewArrival/setTimezone' successfully

2019-08-23 07:59:58 - [TEST_CASE][PASSED] - Test Cases/NewArrival/setTimezone: Test Cases/NewArrival/setTimezone

2019-08-23 07:59:58 - [TEST_STEP][PASSED] - openBrowser(""): Browser is opened with url: ''

2019-08-23 07:59:58 - [MESSAGE][WARNING] - A browser is already opened. Closing browser and opening a new one

2019-08-23 07:59:59 - [MESSAGE][INFO] - Starting 'Chrome' driver

2019-08-23 07:59:59 - [MESSAGE][INFO] - User set preference: ['args', '[--use-fake-ui-for-media-stream, --start-maximized]']

2019-08-23 08:00:01 - [MESSAGE][PASSED] - Browser is opened with url: ''

2019-08-23 08:00:01 - [TEST_STEP][NOT_RUN] - maximizeWindow(): NOT_RUN: maximizeWindow()

2019-08-23 08:00:01 - [MESSAGE][NOT_RUN] - NOT_RUN: maximizeWindow()

2019-08-23 08:00:01 - [TEST_STEP][PASSED] - ofbizURL = findTestData("envtData").getValue("ofbizURL", 1): null

2019-08-23 08:00:02 - [TEST_STEP][PASSED] - ofbizuser = findTestData("credData").getValue("ofbizuser", 1): null

2019-08-23 08:00:02 - [TEST_STEP][PASSED] - ofbizpass = findTestData("credData").getValue("ofbizpass", 1): null

2019-08-23 08:00:02 - [TEST_STEP][PASSED] - navigateToUrl(ofbizURL): Navigate to 'https://pushofbiz.cliotest.com/login.php' successfully

2019-08-23 08:00:03 - [MESSAGE][PASSED] - Navigate to 'https://pushofbiz.cliotest.com/login.php' successfully

2019-08-23 08:00:03 - [TEST_STEP][PASSED] - setText(findTestObject("Page_/input_Username_username"), ofbizuser): Text 'automation' is set on object 'Object Repository/Page_/input_Username_username'

2019-08-23 08:00:03 - [MESSAGE][PASSED] - Text 'automation' is set on object 'Object Repository/Page_/input_Username_username'

2019-08-23 08:00:03 - [TEST_STEP][PASSED] - setText(findTestObject("Page_/input_Password_password"), ofbizpass): Text 'cabiautomation' is set on object 'Object Repository/Page_/input_Password_password'

2019-08-23 08:00:04 - [MESSAGE][PASSED] - Text 'cabiautomation' is set on object 'Object Repository/Page_/input_Password_password'

2019-08-23 08:00:04 - [TEST_STEP][PASSED] - click(findTestObject("Page_/input_Password_Submit")): Object: 'Object Repository/Page_/input_Password_Submit' is clicked on

2019-08-23 08:00:09 - [MESSAGE][PASSED] - Object: 'Object Repository/Page_/input_Password_Submit' is clicked on

2019-08-23 08:00:09 - [TEST_STEP][PASSED] - click(findTestObject("Object Repository/Page_/a_Clock set")): Object: 'Object Repository/Page_/a_Clock set' is clicked on

2019-08-23 08:00:13 - [MESSAGE][PASSED] - Object: 'Object Repository/Page_/a_Clock set' is clicked on

2019-08-23 08:00:13 - [TEST_STEP][PASSED] - cst = UtilityMethods.createTestObject("select_target", "//select[@name='Target']/option[contains(text(), '", clockServerTarget, "')]"): null

2019-08-23 08:00:13 - [TEST_STEP][PASSED] - println(clockServerTarget): null

2019-08-23 08:00:13 - [TEST_STEP][PASSED] - click(cst): Object: 'select_target' is clicked on

2019-08-23 08:00:13 - [MESSAGE][PASSED] - Object: 'select_target' is clicked on

2019-08-23 08:00:13 - [TEST_STEP][PASSED] - click(findTestObject("Page_/thisDateAndTime")): Object: 'Object Repository/Page_/thisDateAndTime' is clicked on

2019-08-23 08:00:13 - [MESSAGE][PASSED] - Object: 'Object Repository/Page_/thisDateAndTime' is clicked on

2019-08-23 08:00:13 - [TEST_STEP][PASSED] - setText(findTestObject("Object Repository/Page_/setTargetTime"), timeZone): Text ' 10/09/2019 00:00' is set on object 'Object Repository/Page_/setTargetTime'

2019-08-23 08:00:13 - [MESSAGE][PASSED] - Text ' 10/09/2019 00:00' is set on object 'Object Repository/Page_/setTargetTime'

2019-08-23 08:00:13 - [TEST_STEP][PASSED] - click(findTestObject("Object Repository/Page_/input")): Object: 'Object Repository/Page_/input' is clicked on

2019-08-23 08:00:14 - [MESSAGE][PASSED] - Object: 'Object Repository/Page_/input' is clicked on

2019-08-23 08:00:14 - [TEST_STEP][PASSED] - delay(10): Delayed 10 second(s)

2019-08-23 08:00:24 - [MESSAGE][PASSED] - Delayed 10 second(s)

2019-08-23 08:00:24 - [TEST_STEP][NOT_RUN] - closeBrowser(): NOT_RUN: closeBrowser()

2019-08-23 08:00:24 - [MESSAGE][NOT_RUN] - NOT_RUN: closeBrowser()

2019-08-23 08:00:24 - [MESSAGE][PASSED] - Call Test Case 'Test Cases/NewArrival/setTimezone' successfully

2019-08-23 08:00:24 - [TEST_STEP][PASSED] - callTestCase(findTestCase("TestCaseUtilities/backOfficeLogin"), ["BOURL":"", "BOuser":"", "BOpass":""], STOP_ON_FAILURE): Call Test Case 'Test Cases/TestCaseUtilities/backOfficeLogin' successfully

2019-08-23 08:00:25 - [TEST_CASE][PASSED] - Test Cases/TestCaseUtilities/backOfficeLogin: Test Cases/TestCaseUtilities/backOfficeLogin

2019-08-23 08:00:25 - [TEST_STEP][PASSED] - BOURL = findTestData("envtData").getValue("BOURL", 1): null

2019-08-23 08:00:25 - [TEST_STEP][PASSED] - BOuser = findTestData("credData").getValue("BOuser", 1): null

2019-08-23 08:00:25 - [TEST_STEP][PASSED] - BOpass = findTestData("credData").getValue("BOpass", 1): null

2019-08-23 08:00:25 - [TEST_STEP][PASSED] - openBrowser(""): Browser is opened with url: ''

2019-08-23 08:00:25 - [MESSAGE][WARNING] - A browser is already opened. Closing browser and opening a new one

2019-08-23 08:00:25 - [MESSAGE][INFO] - Starting 'Chrome' driver

2019-08-23 08:00:25 - [MESSAGE][INFO] - User set preference: ['args', '[--use-fake-ui-for-media-stream, --start-maximized]']

2019-08-23 08:00:28 - [MESSAGE][PASSED] - Browser is opened with url: ''

2019-08-23 08:00:28 - [TEST_STEP][PASSED] - navigateToUrl(BOURL): Navigate to 'https://test4.cliotest.com/backoffice/control/main' successfully

2019-08-23 08:00:44 - [MESSAGE][PASSED] - Navigate to 'https://test4.cliotest.com/backoffice/control/main' successfully

2019-08-23 08:00:44 - [TEST_STEP][PASSED] - logOut = findWebElements(findTestObject("Object Repository/Page_cabi Home/log_out"), 1): Unable to find the element located by 'By.xpath: //a[contains(text(),'Log Out')]'. Please recheck the objects properties to make sure the desired element is located. 

2019-08-23 08:00:45 - [MESSAGE][INFO] - Unable to find the element located by 'By.xpath: //a[contains(text(),'Log Out')]'. Please recheck the objects properties to make sure the desired element is located. 

2019-08-23 08:00:45 - [TEST_STEP][PASSED] - if (logOut.size() == 0): Object: 'Object Repository/Page_cabi/input_Welcome to_consultantLogin' is clicked on

2019-08-23 08:00:45 - [TEST_STEP][PASSED] - setText(findTestObject("Page_cabi/input_Welcome to_USERNAME"), BOuser): Text '400000002' is set on object 'Object Repository/Page_cabi/input_Welcome to_USERNAME'

2019-08-23 08:00:45 - [MESSAGE][PASSED] - Text '400000002' is set on object 'Object Repository/Page_cabi/input_Welcome to_USERNAME'

2019-08-23 08:00:45 - [TEST_STEP][PASSED] - setText(findTestObject("Object Repository/Page_cabi/input_Welcome to_PASSWORD"), BOpass): Text 'blackdress19' is set on object 'Object Repository/Page_cabi/input_Welcome to_PASSWORD'

2019-08-23 08:00:46 - [MESSAGE][PASSED] - Text 'blackdress19' is set on object 'Object Repository/Page_cabi/input_Welcome to_PASSWORD'

2019-08-23 08:00:46 - [TEST_STEP][PASSED] - click(findTestObject("Object Repository/Page_cabi/input_Welcome to_consultantLogin")): Object: 'Object Repository/Page_cabi/input_Welcome to_consultantLogin' is clicked on

2019-08-23 08:01:08 - [MESSAGE][PASSED] - Object: 'Object Repository/Page_cabi/input_Welcome to_consultantLogin' is clicked on

2019-08-23 08:01:08 - [TEST_STEP][PASSED] - delay(3): Delayed 3 second(s)

2019-08-23 08:01:11 - [MESSAGE][PASSED] - Delayed 3 second(s)

2019-08-23 08:01:11 - [MESSAGE][PASSED] - Call Test Case 'Test Cases/TestCaseUtilities/backOfficeLogin' successfully

2019-08-23 08:01:11 - [TEST_STEP][PASSED] - click(findTestObject("Object Repository/Page_cabi Home/a_Shows  Orders")): Object: 'Object Repository/Page_cabi Home/a_Shows  Orders' is clicked on

2019-08-23 08:01:12 - [MESSAGE][PASSED] - Object: 'Object Repository/Page_cabi Home/a_Shows  Orders' is clicked on

2019-08-23 08:01:12 - [TEST_STEP][PASSED] - click(findTestObject("Object Repository/Page_cabi Home/a_Product Watch List")): Object: 'Object Repository/Page_cabi Home/a_Product Watch List' is clicked on

2019-08-23 08:01:17 - [MESSAGE][PASSED] - Object: 'Object Repository/Page_cabi Home/a_Product Watch List' is clicked on

2019-08-23 08:01:17 - [TEST_STEP][PASSED] - if (toString().equalsIgnoreCase("no")): null

2019-08-23 08:01:17 - [TEST_STEP][PASSED] - else: null

2019-08-23 08:01:17 - [TEST_STEP][PASSED] - click(findTestObject("Object Repository/Page_cabi Product Watch list/span_(New Arrivals 1)")): Object: 'Object Repository/Page_cabi Product Watch list/span_(New Arrivals 1)' is clicked on

2019-08-23 08:01:17 - [MESSAGE][PASSED] - Object: 'Object Repository/Page_cabi Product Watch list/span_(New Arrivals 1)' is clicked on

2019-08-23 08:01:17 - [TEST_STEP][PASSED] - verifyElementText(findTestObject("Object Repository/Page_cabi Product Watch list/span_(New Arrivals 1)"), "(New Arrivals 1)"): Actual text and expected text of test object 'Object Repository/Page_cabi Product Watch list/span_(New Arrivals 1)' are matched.

2019-08-23 08:01:17 - [MESSAGE][PASSED] - Actual text and expected text of test object 'Object Repository/Page_cabi Product Watch list/span_(New Arrivals 1)' are matched.

2019-08-23 08:01:17 - [TEST_STEP][PASSED] - actualProductList = findWebElements(findTestObject("Page_cabi Product Watch list/div_product_list_na1"), 5): null

2019-08-23 08:01:17 - [TEST_STEP][PASSED] - println(actualProductList.size()): null

2019-08-23 08:01:17 - [TEST_STEP][PASSED] - actualList = new java.util.ArrayList(): null

2019-08-23 08:01:17 - [TEST_STEP][PASSED] - expectedList = new java.util.ArrayList(): null

2019-08-23 08:01:17 - [TEST_STEP][PASSED] - for (org.openqa.selenium.WebElement product : actualProductList): null

2019-08-23 08:01:17 - [TEST_STEP][PASSED] - actualList.add(product.getText()): null

2019-08-23 08:01:17 - [TEST_STEP][PASSED] - println(product.getText()): null

2019-08-23 08:01:18 - [TEST_STEP][PASSED] - actualList.add(product.getText()): null

2019-08-23 08:01:18 - [TEST_STEP][PASSED] - println(product.getText()): null

2019-08-23 08:01:18 - [TEST_STEP][PASSED] - actualList.add(product.getText()): null

2019-08-23 08:01:18 - [TEST_STEP][PASSED] - println(product.getText()): null

2019-08-23 08:01:18 - [TEST_STEP][PASSED] - actualList.add(product.getText()): null

2019-08-23 08:01:18 - [TEST_STEP][PASSED] - println(product.getText()): null

2019-08-23 08:01:18 - [TEST_STEP][PASSED] - actualList.add(product.getText()): null

2019-08-23 08:01:18 - [TEST_STEP][PASSED] - println(product.getText()): null

2019-08-23 08:01:18 - [TEST_STEP][PASSED] - actualList.add(product.getText()): null

2019-08-23 08:01:18 - [TEST_STEP][PASSED] - println(product.getText()): null

2019-08-23 08:01:18 - [TEST_STEP][PASSED] - actualList.add(product.getText()): null

2019-08-23 08:01:18 - [TEST_STEP][PASSED] - println(product.getText()): null

2019-08-23 08:01:18 - [TEST_STEP][PASSED] - actualList.add(product.getText()): null

2019-08-23 08:01:18 - [TEST_STEP][PASSED] - println(product.getText()): null

2019-08-23 08:01:18 - [TEST_STEP][PASSED] - actualList.add(product.getText()): null

2019-08-23 08:01:18 - [TEST_STEP][PASSED] - println(product.getText()): null

2019-08-23 08:01:18 - [TEST_STEP][PASSED] - actualList.add(product.getText()): null

2019-08-23 08:01:18 - [TEST_STEP][PASSED] - println(product.getText()): null

2019-08-23 08:01:18 - [TEST_STEP][PASSED] - actualList.add(product.getText()): null

2019-08-23 08:01:18 - [TEST_STEP][PASSED] - println(product.getText()): null

2019-08-23 08:01:18 - [TEST_STEP][PASSED] - actualList.add(product.getText()): null

2019-08-23 08:01:18 - [TEST_STEP][PASSED] - println(product.getText()): null

2019-08-23 08:01:18 - [TEST_STEP][PASSED] - actualList.add(product.getText()): null

2019-08-23 08:01:18 - [TEST_STEP][PASSED] - println(product.getText()): null

2019-08-23 08:01:18 - [TEST_STEP][PASSED] - actualList.add(product.getText()): null

2019-08-23 08:01:18 - [TEST_STEP][PASSED] - println(product.getText()): null

2019-08-23 08:01:18 - [TEST_STEP][PASSED] - p1Rows = findTestData("productData1").getRowNumbers(): null

2019-08-23 08:01:18 - [TEST_STEP][PASSED] - println(p1Rows): null

2019-08-23 08:01:18 - [TEST_STEP][PASSED] - for ([row = 1, row <= p1Rows, (row++)]): null

2019-08-23 08:01:18 - [TEST_STEP][PASSED] - productStyle = findTestData("productData1").getValue("Style", row): null

2019-08-23 08:01:18 - [TEST_STEP][PASSED] - productDescription = findTestData("productData1").getValue("Description", row): null

2019-08-23 08:01:18 - [TEST_STEP][PASSED] - productColor = findTestData("productData1").getValue("Color", row): null

2019-08-23 08:01:18 - [TEST_STEP][PASSED] - expectedString = UtilityMethods.createSkuForPWL(productStyle, productDescription, productColor): null

2019-08-23 08:01:18 - [TEST_STEP][PASSED] - println(expectedString): null

2019-08-23 08:01:18 - [TEST_STEP][PASSED] - expectedList.add(expectedString): null

2019-08-23 08:01:18 - [TEST_STEP][PASSED] - productStyle = findTestData("productData1").getValue("Style", row): null

2019-08-23 08:01:19 - [TEST_STEP][PASSED] - productDescription = findTestData("productData1").getValue("Description", row): null

2019-08-23 08:01:19 - [TEST_STEP][PASSED] - productColor = findTestData("productData1").getValue("Color", row): null

2019-08-23 08:01:19 - [TEST_STEP][PASSED] - expectedString = UtilityMethods.createSkuForPWL(productStyle, productDescription, productColor): null

2019-08-23 08:01:19 - [TEST_STEP][PASSED] - println(expectedString): null

2019-08-23 08:01:19 - [TEST_STEP][PASSED] - expectedList.add(expectedString): null

2019-08-23 08:01:19 - [TEST_STEP][PASSED] - productStyle = findTestData("productData1").getValue("Style", row): null

2019-08-23 08:01:19 - [TEST_STEP][PASSED] - productDescription = findTestData("productData1").getValue("Description", row): null

2019-08-23 08:01:19 - [TEST_STEP][PASSED] - productColor = findTestData("productData1").getValue("Color", row): null

2019-08-23 08:01:19 - [TEST_STEP][PASSED] - expectedString = UtilityMethods.createSkuForPWL(productStyle, productDescription, productColor): null

2019-08-23 08:01:19 - [TEST_STEP][PASSED] - println(expectedString): null

2019-08-23 08:01:19 - [TEST_STEP][PASSED] - expectedList.add(expectedString): null

2019-08-23 08:01:19 - [TEST_STEP][PASSED] - productStyle = findTestData("productData1").getValue("Style", row): null

2019-08-23 08:01:19 - [TEST_STEP][PASSED] - productDescription = findTestData("productData1").getValue("Description", row): null

2019-08-23 08:01:19 - [TEST_STEP][PASSED] - productColor = findTestData("productData1").getValue("Color", row): null

2019-08-23 08:01:19 - [TEST_STEP][PASSED] - expectedString = UtilityMethods.createSkuForPWL(productStyle, productDescription, productColor): null

2019-08-23 08:01:19 - [TEST_STEP][PASSED] - println(expectedString): null

2019-08-23 08:01:19 - [TEST_STEP][PASSED] - expectedList.add(expectedString): null

2019-08-23 08:01:19 - [TEST_STEP][PASSED] - productStyle = findTestData("productData1").getValue("Style", row): null

2019-08-23 08:01:19 - [TEST_STEP][PASSED] - productDescription = findTestData("productData1").getValue("Description", row): null

2019-08-23 08:01:19 - [TEST_STEP][PASSED] - productColor = findTestData("productData1").getValue("Color", row): null

2019-08-23 08:01:19 - [TEST_STEP][PASSED] - expectedString = UtilityMethods.createSkuForPWL(productStyle, productDescription, productColor): null

2019-08-23 08:01:19 - [TEST_STEP][PASSED] - println(expectedString): null

2019-08-23 08:01:19 - [TEST_STEP][PASSED] - expectedList.add(expectedString): null

2019-08-23 08:01:19 - [TEST_STEP][PASSED] - productStyle = findTestData("productData1").getValue("Style", row): null

2019-08-23 08:01:19 - [TEST_STEP][PASSED] - productDescription = findTestData("productData1").getValue("Description", row): null

2019-08-23 08:01:19 - [TEST_STEP][PASSED] - productColor = findTestData("productData1").getValue("Color", row): null

2019-08-23 08:01:19 - [TEST_STEP][PASSED] - expectedString = UtilityMethods.createSkuForPWL(productStyle, productDescription, productColor): null

2019-08-23 08:01:19 - [TEST_STEP][PASSED] - println(expectedString): null

2019-08-23 08:01:19 - [TEST_STEP][PASSED] - expectedList.add(expectedString): null

2019-08-23 08:01:19 - [TEST_STEP][PASSED] - productStyle = findTestData("productData1").getValue("Style", row): null

2019-08-23 08:01:19 - [TEST_STEP][PASSED] - productDescription = findTestData("productData1").getValue("Description", row): null

2019-08-23 08:01:19 - [TEST_STEP][PASSED] - productColor = findTestData("productData1").getValue("Color", row): null

2019-08-23 08:01:19 - [TEST_STEP][PASSED] - expectedString = UtilityMethods.createSkuForPWL(productStyle, productDescription, productColor): null

2019-08-23 08:01:19 - [TEST_STEP][PASSED] - println(expectedString): null

2019-08-23 08:01:19 - [TEST_STEP][PASSED] - expectedList.add(expectedString): null

2019-08-23 08:01:19 - [TEST_STEP][PASSED] - productStyle = findTestData("productData1").getValue("Style", row): null

2019-08-23 08:01:19 - [TEST_STEP][PASSED] - productDescription = findTestData("productData1").getValue("Description", row): null

2019-08-23 08:01:19 - [TEST_STEP][PASSED] - productColor = findTestData("productData1").getValue("Color", row): null

2019-08-23 08:01:19 - [TEST_STEP][PASSED] - expectedString = UtilityMethods.createSkuForPWL(productStyle, productDescription, productColor): null

2019-08-23 08:01:19 - [TEST_STEP][PASSED] - println(expectedString): null

2019-08-23 08:01:19 - [TEST_STEP][PASSED] - expectedList.add(expectedString): null

2019-08-23 08:01:19 - [TEST_STEP][PASSED] - productStyle = findTestData("productData1").getValue("Style", row): null

2019-08-23 08:01:19 - [TEST_STEP][PASSED] - productDescription = findTestData("productData1").getValue("Description", row): null

2019-08-23 08:01:19 - [TEST_STEP][PASSED] - productColor = findTestData("productData1").getValue("Color", row): null

2019-08-23 08:01:19 - [TEST_STEP][PASSED] - expectedString = UtilityMethods.createSkuForPWL(productStyle, productDescription, productColor): null

2019-08-23 08:01:19 - [TEST_STEP][PASSED] - println(expectedString): null

2019-08-23 08:01:19 - [TEST_STEP][PASSED] - expectedList.add(expectedString): null

2019-08-23 08:01:19 - [TEST_STEP][PASSED] - productStyle = findTestData("productData1").getValue("Style", row): null

2019-08-23 08:01:19 - [TEST_STEP][PASSED] - productDescription = findTestData("productData1").getValue("Description", row): null

2019-08-23 08:01:19 - [TEST_STEP][PASSED] - productColor = findTestData("productData1").getValue("Color", row): null

2019-08-23 08:01:19 - [TEST_STEP][PASSED] - expectedString = UtilityMethods.createSkuForPWL(productStyle, productDescription, productColor): null

2019-08-23 08:01:19 - [TEST_STEP][PASSED] - println(expectedString): null

2019-08-23 08:01:19 - [TEST_STEP][PASSED] - expectedList.add(expectedString): null

2019-08-23 08:01:19 - [TEST_STEP][PASSED] - productStyle = findTestData("productData1").getValue("Style", row): null

2019-08-23 08:01:19 - [TEST_STEP][PASSED] - productDescription = findTestData("productData1").getValue("Description", row): null

2019-08-23 08:01:19 - [TEST_STEP][PASSED] - productColor = findTestData("productData1").getValue("Color", row): null

2019-08-23 08:01:19 - [TEST_STEP][PASSED] - expectedString = UtilityMethods.createSkuForPWL(productStyle, productDescription, productColor): null

2019-08-23 08:01:19 - [TEST_STEP][PASSED] - println(expectedString): null

2019-08-23 08:01:19 - [TEST_STEP][PASSED] - expectedList.add(expectedString): null

2019-08-23 08:01:19 - [TEST_STEP][PASSED] - productStyle = findTestData("productData1").getValue("Style", row): null

2019-08-23 08:01:19 - [TEST_STEP][PASSED] - productDescription = findTestData("productData1").getValue("Description", row): null

2019-08-23 08:01:19 - [TEST_STEP][PASSED] - productColor = findTestData("productData1").getValue("Color", row): null

2019-08-23 08:01:19 - [TEST_STEP][PASSED] - expectedString = UtilityMethods.createSkuForPWL(productStyle, productDescription, productColor): null

2019-08-23 08:01:19 - [TEST_STEP][PASSED] - println(expectedString): null

2019-08-23 08:01:19 - [TEST_STEP][PASSED] - expectedList.add(expectedString): null

2019-08-23 08:01:19 - [TEST_STEP][PASSED] - productStyle = findTestData("productData1").getValue("Style", row): null

2019-08-23 08:01:19 - [TEST_STEP][PASSED] - productDescription = findTestData("productData1").getValue("Description", row): null

2019-08-23 08:01:19 - [TEST_STEP][PASSED] - productColor = findTestData("productData1").getValue("Color", row): null

2019-08-23 08:01:19 - [TEST_STEP][PASSED] - expectedString = UtilityMethods.createSkuForPWL(productStyle, productDescription, productColor): null

2019-08-23 08:01:19 - [TEST_STEP][PASSED] - println(expectedString): null

2019-08-23 08:01:19 - [TEST_STEP][PASSED] - expectedList.add(expectedString): null

2019-08-23 08:01:19 - [TEST_STEP][PASSED] - productStyle = findTestData("productData1").getValue("Style", row): null

2019-08-23 08:01:19 - [TEST_STEP][PASSED] - productDescription = findTestData("productData1").getValue("Description", row): null

2019-08-23 08:01:19 - [TEST_STEP][PASSED] - productColor = findTestData("productData1").getValue("Color", row): null

2019-08-23 08:01:19 - [TEST_STEP][PASSED] - expectedString = UtilityMethods.createSkuForPWL(productStyle, productDescription, productColor): null

2019-08-23 08:01:19 - [TEST_STEP][PASSED] - println(expectedString): null

2019-08-23 08:01:19 - [TEST_STEP][PASSED] - expectedList.add(expectedString): null

2019-08-23 08:01:19 - [TEST_STEP][PASSED] - println(expectedList.size()): null

2019-08-23 08:01:19 - [TEST_STEP][PASSED] - assert UtilityMethods.listEquals(expectedList, actualList) == true: null]]></system-out>
         <system-err><![CDATA[]]></system-err>
      </testcase>
      <testcase name="Test Cases/NewArrival/productEblast" classname="Test Cases/NewArrival/productEblast" status="PASSED">
         <system-out><![CDATA[2019-08-23 08:01:19 - [TEST_CASE][PASSED] - Test Cases/NewArrival/productEblast: Test Cases/NewArrival/productEblast

2019-08-23 08:01:19 - [TEST_STEP][PASSED] - Start listener action : sampleBeforeTestCase: null

2019-08-23 08:01:19 - [TEST_STEP][PASSED] - println(testCaseContext.getTestCaseId()): null

2019-08-23 08:01:19 - [TEST_STEP][PASSED] - println(testCaseContext.getTestCaseVariables()): null

2019-08-23 08:01:20 - [TEST_STEP][PASSED] - openBrowser(""): Browser is opened with url: ''

2019-08-23 08:01:20 - [MESSAGE][WARNING] - A browser is already opened. Closing browser and opening a new one

2019-08-23 08:01:21 - [MESSAGE][INFO] - Starting 'Chrome' driver

2019-08-23 08:01:21 - [MESSAGE][INFO] - User set preference: ['args', '[--use-fake-ui-for-media-stream, --start-maximized]']

2019-08-23 08:01:23 - [MESSAGE][PASSED] - Browser is opened with url: ''

2019-08-23 08:01:23 - [TEST_STEP][PASSED] - for ([timeRow = 1, timeRow <= findTestData("timezoneData").getRowNumbers(), (timeRow++)]): null

2019-08-23 08:01:23 - [TEST_STEP][PASSED] - callTestCase(findTestCase("NewArrival/populateTimeGlobalVars"), ["row":timeRow], STOP_ON_FAILURE): Call Test Case 'Test Cases/NewArrival/populateTimeGlobalVars' successfully

2019-08-23 08:01:23 - [TEST_CASE][PASSED] - Test Cases/NewArrival/populateTimeGlobalVars: Test Cases/NewArrival/populateTimeGlobalVars

2019-08-23 08:01:23 - [TEST_STEP][PASSED] - dataFile = "timezoneData": null

2019-08-23 08:01:23 - [TEST_STEP][PASSED] - clockServerTarget = UtilityMethods.getTestData("envtData", "clockServerTarget", 1): null

2019-08-23 08:01:23 - [TEST_STEP][PASSED] - println(clockServerTarget): null

2019-08-23 08:01:23 - [TEST_STEP][PASSED] - orderType = UtilityMethods.getTestData(dataFile, "orderType", row): null

2019-08-23 08:01:23 - [TEST_STEP][PASSED] - timeZone = UtilityMethods.getTestData(dataFile, "timeZone", row): null

2019-08-23 08:01:23 - [TEST_STEP][PASSED] - BOPersonal = UtilityMethods.getTestData(dataFile, "BOPersonal", row): null

2019-08-23 08:01:23 - [TEST_STEP][PASSED] - BOAddonPersonal = UtilityMethods.getTestData(dataFile, "BOAddonPersonal", row): null

2019-08-23 08:01:23 - [TEST_STEP][PASSED] - BOAddonRetail = UtilityMethods.getTestData(dataFile, "BOAddonRetail", row): null

2019-08-23 08:01:23 - [TEST_STEP][PASSED] - BORetail = UtilityMethods.getTestData(dataFile, "BORetail", row): null

2019-08-23 08:01:23 - [TEST_STEP][PASSED] - BOShow = UtilityMethods.getTestData(dataFile, "BOShow", row): null

2019-08-23 08:01:23 - [TEST_STEP][PASSED] - BOOnlineoutlet = UtilityMethods.getTestData(dataFile, "BOOnlineoutlet", row): null

2019-08-23 08:01:23 - [TEST_STEP][PASSED] - BOEmployee = UtilityMethods.getTestData(dataFile, "BOEmployee", row): null

2019-08-23 08:01:23 - [TEST_STEP][PASSED] - CCPersonal = UtilityMethods.getTestData(dataFile, "CCPersonal", row): null

2019-08-23 08:01:23 - [TEST_STEP][PASSED] - CCRetail = UtilityMethods.getTestData(dataFile, "CCRetail", row): null

2019-08-23 08:01:23 - [TEST_STEP][PASSED] - CCShow = UtilityMethods.getTestData(dataFile, "CCShow", row): null

2019-08-23 08:01:23 - [TEST_STEP][PASSED] - BOEblast = UtilityMethods.getTestData(dataFile, "BOEblast", row): null

2019-08-23 08:01:23 - [MESSAGE][PASSED] - Call Test Case 'Test Cases/NewArrival/populateTimeGlobalVars' successfully

2019-08-23 08:01:23 - [TEST_STEP][PASSED] - available = BOEblast: null

2019-08-23 08:01:23 - [TEST_STEP][PASSED] - callTestCase(findTestCase("NewArrival/setTimezone"), ["ofbizURL":"", "ofbizuser":"", "ofbizpass":"", "orderType":orderType, "timeZone":timeZone, "clockServerTarget":clockServerTarget], STOP_ON_FAILURE): Call Test Case 'Test Cases/NewArrival/setTimezone' successfully

2019-08-23 08:01:23 - [TEST_CASE][PASSED] - Test Cases/NewArrival/setTimezone: Test Cases/NewArrival/setTimezone

2019-08-23 08:01:23 - [TEST_STEP][PASSED] - openBrowser(""): Browser is opened with url: ''

2019-08-23 08:01:23 - [MESSAGE][WARNING] - A browser is already opened. Closing browser and opening a new one

2019-08-23 08:01:24 - [MESSAGE][INFO] - Starting 'Chrome' driver

2019-08-23 08:01:24 - [MESSAGE][INFO] - User set preference: ['args', '[--use-fake-ui-for-media-stream, --start-maximized]']

2019-08-23 08:01:26 - [MESSAGE][PASSED] - Browser is opened with url: ''

2019-08-23 08:01:26 - [TEST_STEP][NOT_RUN] - maximizeWindow(): NOT_RUN: maximizeWindow()

2019-08-23 08:01:26 - [MESSAGE][NOT_RUN] - NOT_RUN: maximizeWindow()

2019-08-23 08:01:26 - [TEST_STEP][PASSED] - ofbizURL = findTestData("envtData").getValue("ofbizURL", 1): null

2019-08-23 08:01:26 - [TEST_STEP][PASSED] - ofbizuser = findTestData("credData").getValue("ofbizuser", 1): null

2019-08-23 08:01:26 - [TEST_STEP][PASSED] - ofbizpass = findTestData("credData").getValue("ofbizpass", 1): null

2019-08-23 08:01:26 - [TEST_STEP][PASSED] - navigateToUrl(ofbizURL): Navigate to 'https://pushofbiz.cliotest.com/login.php' successfully

2019-08-23 08:01:28 - [MESSAGE][PASSED] - Navigate to 'https://pushofbiz.cliotest.com/login.php' successfully

2019-08-23 08:01:28 - [TEST_STEP][PASSED] - setText(findTestObject("Page_/input_Username_username"), ofbizuser): Text 'automation' is set on object 'Object Repository/Page_/input_Username_username'

2019-08-23 08:01:28 - [MESSAGE][PASSED] - Text 'automation' is set on object 'Object Repository/Page_/input_Username_username'

2019-08-23 08:01:28 - [TEST_STEP][PASSED] - setText(findTestObject("Page_/input_Password_password"), ofbizpass): Text 'cabiautomation' is set on object 'Object Repository/Page_/input_Password_password'

2019-08-23 08:01:28 - [MESSAGE][PASSED] - Text 'cabiautomation' is set on object 'Object Repository/Page_/input_Password_password'

2019-08-23 08:01:28 - [TEST_STEP][PASSED] - click(findTestObject("Page_/input_Password_Submit")): Object: 'Object Repository/Page_/input_Password_Submit' is clicked on

2019-08-23 08:01:33 - [MESSAGE][PASSED] - Object: 'Object Repository/Page_/input_Password_Submit' is clicked on

2019-08-23 08:01:33 - [TEST_STEP][PASSED] - click(findTestObject("Object Repository/Page_/a_Clock set")): Object: 'Object Repository/Page_/a_Clock set' is clicked on

2019-08-23 08:01:34 - [MESSAGE][PASSED] - Object: 'Object Repository/Page_/a_Clock set' is clicked on

2019-08-23 08:01:34 - [TEST_STEP][PASSED] - cst = UtilityMethods.createTestObject("select_target", "//select[@name='Target']/option[contains(text(), '", clockServerTarget, "')]"): null

2019-08-23 08:01:34 - [TEST_STEP][PASSED] - println(clockServerTarget): null

2019-08-23 08:01:34 - [TEST_STEP][PASSED] - click(cst): Object: 'select_target' is clicked on

2019-08-23 08:01:34 - [MESSAGE][PASSED] - Object: 'select_target' is clicked on

2019-08-23 08:01:34 - [TEST_STEP][PASSED] - click(findTestObject("Page_/thisDateAndTime")): Object: 'Object Repository/Page_/thisDateAndTime' is clicked on

2019-08-23 08:01:34 - [MESSAGE][PASSED] - Object: 'Object Repository/Page_/thisDateAndTime' is clicked on

2019-08-23 08:01:34 - [TEST_STEP][PASSED] - setText(findTestObject("Object Repository/Page_/setTargetTime"), timeZone): Text ' 09/06/2019 7:00' is set on object 'Object Repository/Page_/setTargetTime'

2019-08-23 08:01:34 - [MESSAGE][PASSED] - Text ' 09/06/2019 7:00' is set on object 'Object Repository/Page_/setTargetTime'

2019-08-23 08:01:34 - [TEST_STEP][PASSED] - click(findTestObject("Object Repository/Page_/input")): Object: 'Object Repository/Page_/input' is clicked on

2019-08-23 08:01:35 - [MESSAGE][PASSED] - Object: 'Object Repository/Page_/input' is clicked on

2019-08-23 08:01:35 - [TEST_STEP][PASSED] - delay(10): Delayed 10 second(s)

2019-08-23 08:01:45 - [MESSAGE][PASSED] - Delayed 10 second(s)

2019-08-23 08:01:45 - [TEST_STEP][NOT_RUN] - closeBrowser(): NOT_RUN: closeBrowser()

2019-08-23 08:01:45 - [MESSAGE][NOT_RUN] - NOT_RUN: closeBrowser()

2019-08-23 08:01:45 - [MESSAGE][PASSED] - Call Test Case 'Test Cases/NewArrival/setTimezone' successfully

2019-08-23 08:01:45 - [TEST_STEP][PASSED] - callTestCase(findTestCase("TestCaseUtilities/backOfficeLogin"), ["BOURL":"", "BOuser":"", "BOpass":""], STOP_ON_FAILURE): Call Test Case 'Test Cases/TestCaseUtilities/backOfficeLogin' successfully

2019-08-23 08:01:46 - [TEST_CASE][PASSED] - Test Cases/TestCaseUtilities/backOfficeLogin: Test Cases/TestCaseUtilities/backOfficeLogin

2019-08-23 08:01:46 - [TEST_STEP][PASSED] - BOURL = findTestData("envtData").getValue("BOURL", 1): null

2019-08-23 08:01:46 - [TEST_STEP][PASSED] - BOuser = findTestData("credData").getValue("BOuser", 1): null

2019-08-23 08:01:46 - [TEST_STEP][PASSED] - BOpass = findTestData("credData").getValue("BOpass", 1): null

2019-08-23 08:01:46 - [TEST_STEP][PASSED] - openBrowser(""): Browser is opened with url: ''

2019-08-23 08:01:46 - [MESSAGE][WARNING] - A browser is already opened. Closing browser and opening a new one

2019-08-23 08:01:46 - [MESSAGE][INFO] - Starting 'Chrome' driver

2019-08-23 08:01:46 - [MESSAGE][INFO] - User set preference: ['args', '[--use-fake-ui-for-media-stream, --start-maximized]']

2019-08-23 08:01:48 - [MESSAGE][PASSED] - Browser is opened with url: ''

2019-08-23 08:01:48 - [TEST_STEP][PASSED] - navigateToUrl(BOURL): Navigate to 'https://test4.cliotest.com/backoffice/control/main' successfully

2019-08-23 08:01:56 - [MESSAGE][PASSED] - Navigate to 'https://test4.cliotest.com/backoffice/control/main' successfully

2019-08-23 08:01:56 - [TEST_STEP][PASSED] - logOut = findWebElements(findTestObject("Object Repository/Page_cabi Home/log_out"), 1): Unable to find the element located by 'By.xpath: //a[contains(text(),'Log Out')]'. Please recheck the objects properties to make sure the desired element is located. 

2019-08-23 08:01:57 - [MESSAGE][INFO] - Unable to find the element located by 'By.xpath: //a[contains(text(),'Log Out')]'. Please recheck the objects properties to make sure the desired element is located. 

2019-08-23 08:01:57 - [TEST_STEP][PASSED] - if (logOut.size() == 0): Object: 'Object Repository/Page_cabi/input_Welcome to_consultantLogin' is clicked on

2019-08-23 08:01:57 - [TEST_STEP][PASSED] - setText(findTestObject("Page_cabi/input_Welcome to_USERNAME"), BOuser): Text '400000002' is set on object 'Object Repository/Page_cabi/input_Welcome to_USERNAME'

2019-08-23 08:01:57 - [MESSAGE][PASSED] - Text '400000002' is set on object 'Object Repository/Page_cabi/input_Welcome to_USERNAME'

2019-08-23 08:01:57 - [TEST_STEP][PASSED] - setText(findTestObject("Object Repository/Page_cabi/input_Welcome to_PASSWORD"), BOpass): Text 'blackdress19' is set on object 'Object Repository/Page_cabi/input_Welcome to_PASSWORD'

2019-08-23 08:01:57 - [MESSAGE][PASSED] - Text 'blackdress19' is set on object 'Object Repository/Page_cabi/input_Welcome to_PASSWORD'

2019-08-23 08:01:57 - [TEST_STEP][PASSED] - click(findTestObject("Object Repository/Page_cabi/input_Welcome to_consultantLogin")): Object: 'Object Repository/Page_cabi/input_Welcome to_consultantLogin' is clicked on

2019-08-23 08:02:07 - [MESSAGE][PASSED] - Object: 'Object Repository/Page_cabi/input_Welcome to_consultantLogin' is clicked on

2019-08-23 08:02:07 - [TEST_STEP][PASSED] - delay(3): Delayed 3 second(s)

2019-08-23 08:02:10 - [MESSAGE][PASSED] - Delayed 3 second(s)

2019-08-23 08:02:10 - [MESSAGE][PASSED] - Call Test Case 'Test Cases/TestCaseUtilities/backOfficeLogin' successfully

2019-08-23 08:02:10 - [TEST_STEP][PASSED] - click(findTestObject("Page_cabi Home/a_Connections")): Object: 'Object Repository/Page_cabi Home/a_Connections' is clicked on

2019-08-23 08:02:10 - [MESSAGE][PASSED] - Object: 'Object Repository/Page_cabi Home/a_Connections' is clicked on

2019-08-23 08:02:10 - [TEST_STEP][PASSED] - click(findTestObject("Page_cabi Home/a_Contact Manager")): Object: 'Object Repository/Page_cabi Home/a_Contact Manager' is clicked on

2019-08-23 08:02:16 - [MESSAGE][PASSED] - Object: 'Object Repository/Page_cabi Home/a_Contact Manager' is clicked on

2019-08-23 08:02:16 - [TEST_STEP][PASSED] - click(findTestObject("Page_cabi/span_SEND eBLAST")): Object: 'Object Repository/Page_cabi/span_SEND eBLAST' is clicked on

2019-08-23 08:02:16 - [MESSAGE][PASSED] - Object: 'Object Repository/Page_cabi/span_SEND eBLAST' is clicked on

2019-08-23 08:02:16 - [TEST_STEP][PASSED] - click(findTestObject("Object Repository/Page_cabi Eblast/a_Stylist Picks")): Object: 'Object Repository/Page_cabi Eblast/a_Stylist Picks' is clicked on

2019-08-23 08:02:27 - [MESSAGE][PASSED] - Object: 'Object Repository/Page_cabi Eblast/a_Stylist Picks' is clicked on

2019-08-23 08:02:27 - [TEST_STEP][PASSED] - click(findTestObject("Object Repository/Page_cabi Eblast/button_ADD PRODUCTS TO EBLAST")): Object: 'Object Repository/Page_cabi Eblast/button_ADD PRODUCTS TO EBLAST' is clicked on

2019-08-23 08:02:27 - [MESSAGE][PASSED] - Object: 'Object Repository/Page_cabi Eblast/button_ADD PRODUCTS TO EBLAST' is clicked on

2019-08-23 08:02:27 - [TEST_STEP][PASSED] - for ([row = 1, row <= findTestData("productData").getRowNumbers(), (row++)]): Actual text and expected text of test object 'Object Repository/Page_cabi Eblast/styleNotFound' are matched.

2019-08-23 08:02:27 - [TEST_STEP][PASSED] - delay(2): Delayed 2 second(s)

2019-08-23 08:02:29 - [MESSAGE][PASSED] - Delayed 2 second(s)

2019-08-23 08:02:29 - [TEST_STEP][PASSED] - setText(findTestObject("Page_cabi Eblast/eBlastStyleSearch"), findTestData("productData").getValue("Style", row)): Text '3842' is set on object 'Object Repository/Page_cabi Eblast/eBlastStyleSearch'

2019-08-23 08:02:29 - [MESSAGE][PASSED] - Text '3842' is set on object 'Object Repository/Page_cabi Eblast/eBlastStyleSearch'

2019-08-23 08:02:29 - [TEST_STEP][PASSED] - delay(4): Delayed 4 second(s)

2019-08-23 08:02:33 - [MESSAGE][PASSED] - Delayed 4 second(s)

2019-08-23 08:02:33 - [TEST_STEP][PASSED] - if (toString().equalsIgnoreCase("no")): Actual text and expected text of test object 'Object Repository/Page_cabi Eblast/styleNotFound' are matched.

2019-08-23 08:02:33 - [TEST_STEP][PASSED] - style_notfound = findWebElements(findTestObject("Page_cabi Eblast/styleNotFound"), 5): null

2019-08-23 08:02:33 - [TEST_STEP][PASSED] - println(style_notfound.size()): null

2019-08-23 08:02:33 - [TEST_STEP][PASSED] - assert style_notfound.size() > 0: null

2019-08-23 08:02:33 - [TEST_STEP][PASSED] - verifyElementText(findTestObject("Page_cabi Eblast/styleNotFound"), "No matching product"): Actual text and expected text of test object 'Object Repository/Page_cabi Eblast/styleNotFound' are matched.

2019-08-23 08:02:33 - [MESSAGE][PASSED] - Actual text and expected text of test object 'Object Repository/Page_cabi Eblast/styleNotFound' are matched.

2019-08-23 08:02:33 - [TEST_STEP][PASSED] - callTestCase(findTestCase("NewArrival/populateTimeGlobalVars"), ["row":timeRow], STOP_ON_FAILURE): Call Test Case 'Test Cases/NewArrival/populateTimeGlobalVars' successfully

2019-08-23 08:02:33 - [TEST_CASE][PASSED] - Test Cases/NewArrival/populateTimeGlobalVars: Test Cases/NewArrival/populateTimeGlobalVars

2019-08-23 08:02:33 - [TEST_STEP][PASSED] - dataFile = "timezoneData": null

2019-08-23 08:02:33 - [TEST_STEP][PASSED] - clockServerTarget = UtilityMethods.getTestData("envtData", "clockServerTarget", 1): null

2019-08-23 08:02:33 - [TEST_STEP][PASSED] - println(clockServerTarget): null

2019-08-23 08:02:33 - [TEST_STEP][PASSED] - orderType = UtilityMethods.getTestData(dataFile, "orderType", row): null

2019-08-23 08:02:33 - [TEST_STEP][PASSED] - timeZone = UtilityMethods.getTestData(dataFile, "timeZone", row): null

2019-08-23 08:02:33 - [TEST_STEP][PASSED] - BOPersonal = UtilityMethods.getTestData(dataFile, "BOPersonal", row): null

2019-08-23 08:02:33 - [TEST_STEP][PASSED] - BOAddonPersonal = UtilityMethods.getTestData(dataFile, "BOAddonPersonal", row): null

2019-08-23 08:02:33 - [TEST_STEP][PASSED] - BOAddonRetail = UtilityMethods.getTestData(dataFile, "BOAddonRetail", row): null

2019-08-23 08:02:33 - [TEST_STEP][PASSED] - BORetail = UtilityMethods.getTestData(dataFile, "BORetail", row): null

2019-08-23 08:02:33 - [TEST_STEP][PASSED] - BOShow = UtilityMethods.getTestData(dataFile, "BOShow", row): null

2019-08-23 08:02:34 - [TEST_STEP][PASSED] - BOOnlineoutlet = UtilityMethods.getTestData(dataFile, "BOOnlineoutlet", row): null

2019-08-23 08:02:34 - [TEST_STEP][PASSED] - BOEmployee = UtilityMethods.getTestData(dataFile, "BOEmployee", row): null

2019-08-23 08:02:34 - [TEST_STEP][PASSED] - CCPersonal = UtilityMethods.getTestData(dataFile, "CCPersonal", row): null

2019-08-23 08:02:34 - [TEST_STEP][PASSED] - CCRetail = UtilityMethods.getTestData(dataFile, "CCRetail", row): null

2019-08-23 08:02:34 - [TEST_STEP][PASSED] - CCShow = UtilityMethods.getTestData(dataFile, "CCShow", row): null

2019-08-23 08:02:34 - [TEST_STEP][PASSED] - BOEblast = UtilityMethods.getTestData(dataFile, "BOEblast", row): null

2019-08-23 08:02:34 - [MESSAGE][PASSED] - Call Test Case 'Test Cases/NewArrival/populateTimeGlobalVars' successfully

2019-08-23 08:02:34 - [TEST_STEP][PASSED] - available = BOEblast: null

2019-08-23 08:02:34 - [TEST_STEP][PASSED] - callTestCase(findTestCase("NewArrival/setTimezone"), ["ofbizURL":"", "ofbizuser":"", "ofbizpass":"", "orderType":orderType, "timeZone":timeZone, "clockServerTarget":clockServerTarget], STOP_ON_FAILURE): Call Test Case 'Test Cases/NewArrival/setTimezone' successfully

2019-08-23 08:02:34 - [TEST_CASE][PASSED] - Test Cases/NewArrival/setTimezone: Test Cases/NewArrival/setTimezone

2019-08-23 08:02:34 - [TEST_STEP][PASSED] - openBrowser(""): Browser is opened with url: ''

2019-08-23 08:02:34 - [MESSAGE][WARNING] - A browser is already opened. Closing browser and opening a new one

2019-08-23 08:02:34 - [MESSAGE][INFO] - Starting 'Chrome' driver

2019-08-23 08:02:34 - [MESSAGE][INFO] - User set preference: ['args', '[--use-fake-ui-for-media-stream, --start-maximized]']

2019-08-23 08:02:37 - [MESSAGE][PASSED] - Browser is opened with url: ''

2019-08-23 08:02:37 - [TEST_STEP][NOT_RUN] - maximizeWindow(): NOT_RUN: maximizeWindow()

2019-08-23 08:02:37 - [MESSAGE][NOT_RUN] - NOT_RUN: maximizeWindow()

2019-08-23 08:02:37 - [TEST_STEP][PASSED] - ofbizURL = findTestData("envtData").getValue("ofbizURL", 1): null

2019-08-23 08:02:37 - [TEST_STEP][PASSED] - ofbizuser = findTestData("credData").getValue("ofbizuser", 1): null

2019-08-23 08:02:37 - [TEST_STEP][PASSED] - ofbizpass = findTestData("credData").getValue("ofbizpass", 1): null

2019-08-23 08:02:37 - [TEST_STEP][PASSED] - navigateToUrl(ofbizURL): Navigate to 'https://pushofbiz.cliotest.com/login.php' successfully

2019-08-23 08:02:38 - [MESSAGE][PASSED] - Navigate to 'https://pushofbiz.cliotest.com/login.php' successfully

2019-08-23 08:02:38 - [TEST_STEP][PASSED] - setText(findTestObject("Page_/input_Username_username"), ofbizuser): Text 'automation' is set on object 'Object Repository/Page_/input_Username_username'

2019-08-23 08:02:38 - [MESSAGE][PASSED] - Text 'automation' is set on object 'Object Repository/Page_/input_Username_username'

2019-08-23 08:02:38 - [TEST_STEP][PASSED] - setText(findTestObject("Page_/input_Password_password"), ofbizpass): Text 'cabiautomation' is set on object 'Object Repository/Page_/input_Password_password'

2019-08-23 08:02:39 - [MESSAGE][PASSED] - Text 'cabiautomation' is set on object 'Object Repository/Page_/input_Password_password'

2019-08-23 08:02:39 - [TEST_STEP][PASSED] - click(findTestObject("Page_/input_Password_Submit")): Object: 'Object Repository/Page_/input_Password_Submit' is clicked on

2019-08-23 08:02:44 - [MESSAGE][PASSED] - Object: 'Object Repository/Page_/input_Password_Submit' is clicked on

2019-08-23 08:02:44 - [TEST_STEP][PASSED] - click(findTestObject("Object Repository/Page_/a_Clock set")): Object: 'Object Repository/Page_/a_Clock set' is clicked on

2019-08-23 08:02:45 - [MESSAGE][PASSED] - Object: 'Object Repository/Page_/a_Clock set' is clicked on

2019-08-23 08:02:45 - [TEST_STEP][PASSED] - cst = UtilityMethods.createTestObject("select_target", "//select[@name='Target']/option[contains(text(), '", clockServerTarget, "')]"): null

2019-08-23 08:02:45 - [TEST_STEP][PASSED] - println(clockServerTarget): null

2019-08-23 08:02:45 - [TEST_STEP][PASSED] - click(cst): Object: 'select_target' is clicked on

2019-08-23 08:02:45 - [MESSAGE][PASSED] - Object: 'select_target' is clicked on

2019-08-23 08:02:45 - [TEST_STEP][PASSED] - click(findTestObject("Page_/thisDateAndTime")): Object: 'Object Repository/Page_/thisDateAndTime' is clicked on

2019-08-23 08:02:45 - [MESSAGE][PASSED] - Object: 'Object Repository/Page_/thisDateAndTime' is clicked on

2019-08-23 08:02:45 - [TEST_STEP][PASSED] - setText(findTestObject("Object Repository/Page_/setTargetTime"), timeZone): Text ' 09/12/2019 00:00' is set on object 'Object Repository/Page_/setTargetTime'

2019-08-23 08:02:45 - [MESSAGE][PASSED] - Text ' 09/12/2019 00:00' is set on object 'Object Repository/Page_/setTargetTime'

2019-08-23 08:02:45 - [TEST_STEP][PASSED] - click(findTestObject("Object Repository/Page_/input")): Object: 'Object Repository/Page_/input' is clicked on

2019-08-23 08:02:46 - [MESSAGE][PASSED] - Object: 'Object Repository/Page_/input' is clicked on

2019-08-23 08:02:46 - [TEST_STEP][PASSED] - delay(10): Delayed 10 second(s)

2019-08-23 08:02:56 - [MESSAGE][PASSED] - Delayed 10 second(s)

2019-08-23 08:02:56 - [TEST_STEP][NOT_RUN] - closeBrowser(): NOT_RUN: closeBrowser()

2019-08-23 08:02:56 - [MESSAGE][NOT_RUN] - NOT_RUN: closeBrowser()

2019-08-23 08:02:56 - [MESSAGE][PASSED] - Call Test Case 'Test Cases/NewArrival/setTimezone' successfully

2019-08-23 08:02:56 - [TEST_STEP][PASSED] - callTestCase(findTestCase("TestCaseUtilities/backOfficeLogin"), ["BOURL":"", "BOuser":"", "BOpass":""], STOP_ON_FAILURE): Call Test Case 'Test Cases/TestCaseUtilities/backOfficeLogin' successfully

2019-08-23 08:02:56 - [TEST_CASE][PASSED] - Test Cases/TestCaseUtilities/backOfficeLogin: Test Cases/TestCaseUtilities/backOfficeLogin

2019-08-23 08:02:56 - [TEST_STEP][PASSED] - BOURL = findTestData("envtData").getValue("BOURL", 1): null

2019-08-23 08:02:56 - [TEST_STEP][PASSED] - BOuser = findTestData("credData").getValue("BOuser", 1): null

2019-08-23 08:02:56 - [TEST_STEP][PASSED] - BOpass = findTestData("credData").getValue("BOpass", 1): null

2019-08-23 08:02:56 - [TEST_STEP][PASSED] - openBrowser(""): Browser is opened with url: ''

2019-08-23 08:02:56 - [MESSAGE][WARNING] - A browser is already opened. Closing browser and opening a new one

2019-08-23 08:02:57 - [MESSAGE][INFO] - Starting 'Chrome' driver

2019-08-23 08:02:57 - [MESSAGE][INFO] - User set preference: ['args', '[--use-fake-ui-for-media-stream, --start-maximized]']

2019-08-23 08:02:59 - [MESSAGE][PASSED] - Browser is opened with url: ''

2019-08-23 08:02:59 - [TEST_STEP][PASSED] - navigateToUrl(BOURL): Navigate to 'https://test4.cliotest.com/backoffice/control/main' successfully

2019-08-23 08:03:07 - [MESSAGE][PASSED] - Navigate to 'https://test4.cliotest.com/backoffice/control/main' successfully

2019-08-23 08:03:07 - [TEST_STEP][PASSED] - logOut = findWebElements(findTestObject("Object Repository/Page_cabi Home/log_out"), 1): Unable to find the element located by 'By.xpath: //a[contains(text(),'Log Out')]'. Please recheck the objects properties to make sure the desired element is located. 

2019-08-23 08:03:08 - [MESSAGE][INFO] - Unable to find the element located by 'By.xpath: //a[contains(text(),'Log Out')]'. Please recheck the objects properties to make sure the desired element is located. 

2019-08-23 08:03:08 - [TEST_STEP][PASSED] - if (logOut.size() == 0): Object: 'Object Repository/Page_cabi/input_Welcome to_consultantLogin' is clicked on

2019-08-23 08:03:08 - [TEST_STEP][PASSED] - setText(findTestObject("Page_cabi/input_Welcome to_USERNAME"), BOuser): Text '400000002' is set on object 'Object Repository/Page_cabi/input_Welcome to_USERNAME'

2019-08-23 08:03:08 - [MESSAGE][PASSED] - Text '400000002' is set on object 'Object Repository/Page_cabi/input_Welcome to_USERNAME'

2019-08-23 08:03:08 - [TEST_STEP][PASSED] - setText(findTestObject("Object Repository/Page_cabi/input_Welcome to_PASSWORD"), BOpass): Text 'blackdress19' is set on object 'Object Repository/Page_cabi/input_Welcome to_PASSWORD'

2019-08-23 08:03:08 - [MESSAGE][PASSED] - Text 'blackdress19' is set on object 'Object Repository/Page_cabi/input_Welcome to_PASSWORD'

2019-08-23 08:03:08 - [TEST_STEP][PASSED] - click(findTestObject("Object Repository/Page_cabi/input_Welcome to_consultantLogin")): Object: 'Object Repository/Page_cabi/input_Welcome to_consultantLogin' is clicked on

2019-08-23 08:03:25 - [MESSAGE][PASSED] - Object: 'Object Repository/Page_cabi/input_Welcome to_consultantLogin' is clicked on

2019-08-23 08:03:25 - [TEST_STEP][PASSED] - delay(3): Delayed 3 second(s)

2019-08-23 08:03:28 - [MESSAGE][PASSED] - Delayed 3 second(s)

2019-08-23 08:03:28 - [MESSAGE][PASSED] - Call Test Case 'Test Cases/TestCaseUtilities/backOfficeLogin' successfully

2019-08-23 08:03:28 - [TEST_STEP][PASSED] - click(findTestObject("Page_cabi Home/a_Connections")): Object: 'Object Repository/Page_cabi Home/a_Connections' is clicked on

2019-08-23 08:03:28 - [MESSAGE][PASSED] - Object: 'Object Repository/Page_cabi Home/a_Connections' is clicked on

2019-08-23 08:03:28 - [TEST_STEP][PASSED] - click(findTestObject("Page_cabi Home/a_Contact Manager")): Object: 'Object Repository/Page_cabi Home/a_Contact Manager' is clicked on

2019-08-23 08:03:34 - [MESSAGE][PASSED] - Object: 'Object Repository/Page_cabi Home/a_Contact Manager' is clicked on

2019-08-23 08:03:34 - [TEST_STEP][PASSED] - click(findTestObject("Page_cabi/span_SEND eBLAST")): Object: 'Object Repository/Page_cabi/span_SEND eBLAST' is clicked on

2019-08-23 08:03:35 - [MESSAGE][PASSED] - Object: 'Object Repository/Page_cabi/span_SEND eBLAST' is clicked on

2019-08-23 08:03:35 - [TEST_STEP][PASSED] - click(findTestObject("Object Repository/Page_cabi Eblast/a_Stylist Picks")): Object: 'Object Repository/Page_cabi Eblast/a_Stylist Picks' is clicked on

2019-08-23 08:03:45 - [MESSAGE][PASSED] - Object: 'Object Repository/Page_cabi Eblast/a_Stylist Picks' is clicked on

2019-08-23 08:03:45 - [TEST_STEP][PASSED] - click(findTestObject("Object Repository/Page_cabi Eblast/button_ADD PRODUCTS TO EBLAST")): Object: 'Object Repository/Page_cabi Eblast/button_ADD PRODUCTS TO EBLAST' is clicked on

2019-08-23 08:03:45 - [MESSAGE][PASSED] - Object: 'Object Repository/Page_cabi Eblast/button_ADD PRODUCTS TO EBLAST' is clicked on

2019-08-23 08:03:45 - [TEST_STEP][PASSED] - for ([row = 1, row <= findTestData("productData").getRowNumbers(), (row++)]): Actual text and expected text of test object 'Object Repository/Page_cabi Eblast/styleNotFound' are matched.

2019-08-23 08:03:45 - [TEST_STEP][PASSED] - delay(2): Delayed 2 second(s)

2019-08-23 08:03:47 - [MESSAGE][PASSED] - Delayed 2 second(s)

2019-08-23 08:03:47 - [TEST_STEP][PASSED] - setText(findTestObject("Page_cabi Eblast/eBlastStyleSearch"), findTestData("productData").getValue("Style", row)): Text '3842' is set on object 'Object Repository/Page_cabi Eblast/eBlastStyleSearch'

2019-08-23 08:03:47 - [MESSAGE][PASSED] - Text '3842' is set on object 'Object Repository/Page_cabi Eblast/eBlastStyleSearch'

2019-08-23 08:03:47 - [TEST_STEP][PASSED] - delay(4): Delayed 4 second(s)

2019-08-23 08:03:51 - [MESSAGE][PASSED] - Delayed 4 second(s)

2019-08-23 08:03:51 - [TEST_STEP][PASSED] - if (toString().equalsIgnoreCase("no")): Actual text and expected text of test object 'Object Repository/Page_cabi Eblast/styleNotFound' are matched.

2019-08-23 08:03:51 - [TEST_STEP][PASSED] - style_notfound = findWebElements(findTestObject("Page_cabi Eblast/styleNotFound"), 5): null

2019-08-23 08:03:51 - [TEST_STEP][PASSED] - println(style_notfound.size()): null

2019-08-23 08:03:51 - [TEST_STEP][PASSED] - assert style_notfound.size() > 0: null

2019-08-23 08:03:51 - [TEST_STEP][PASSED] - verifyElementText(findTestObject("Page_cabi Eblast/styleNotFound"), "No matching product"): Actual text and expected text of test object 'Object Repository/Page_cabi Eblast/styleNotFound' are matched.

2019-08-23 08:03:51 - [MESSAGE][PASSED] - Actual text and expected text of test object 'Object Repository/Page_cabi Eblast/styleNotFound' are matched.

2019-08-23 08:03:51 - [TEST_STEP][PASSED] - callTestCase(findTestCase("NewArrival/populateTimeGlobalVars"), ["row":timeRow], STOP_ON_FAILURE): Call Test Case 'Test Cases/NewArrival/populateTimeGlobalVars' successfully

2019-08-23 08:03:52 - [TEST_CASE][PASSED] - Test Cases/NewArrival/populateTimeGlobalVars: Test Cases/NewArrival/populateTimeGlobalVars

2019-08-23 08:03:52 - [TEST_STEP][PASSED] - dataFile = "timezoneData": null

2019-08-23 08:03:52 - [TEST_STEP][PASSED] - clockServerTarget = UtilityMethods.getTestData("envtData", "clockServerTarget", 1): null

2019-08-23 08:03:52 - [TEST_STEP][PASSED] - println(clockServerTarget): null

2019-08-23 08:03:52 - [TEST_STEP][PASSED] - orderType = UtilityMethods.getTestData(dataFile, "orderType", row): null

2019-08-23 08:03:52 - [TEST_STEP][PASSED] - timeZone = UtilityMethods.getTestData(dataFile, "timeZone", row): null

2019-08-23 08:03:52 - [TEST_STEP][PASSED] - BOPersonal = UtilityMethods.getTestData(dataFile, "BOPersonal", row): null

2019-08-23 08:03:52 - [TEST_STEP][PASSED] - BOAddonPersonal = UtilityMethods.getTestData(dataFile, "BOAddonPersonal", row): null

2019-08-23 08:03:52 - [TEST_STEP][PASSED] - BOAddonRetail = UtilityMethods.getTestData(dataFile, "BOAddonRetail", row): null

2019-08-23 08:03:52 - [TEST_STEP][PASSED] - BORetail = UtilityMethods.getTestData(dataFile, "BORetail", row): null

2019-08-23 08:03:52 - [TEST_STEP][PASSED] - BOShow = UtilityMethods.getTestData(dataFile, "BOShow", row): null

2019-08-23 08:03:52 - [TEST_STEP][PASSED] - BOOnlineoutlet = UtilityMethods.getTestData(dataFile, "BOOnlineoutlet", row): null

2019-08-23 08:03:52 - [TEST_STEP][PASSED] - BOEmployee = UtilityMethods.getTestData(dataFile, "BOEmployee", row): null

2019-08-23 08:03:52 - [TEST_STEP][PASSED] - CCPersonal = UtilityMethods.getTestData(dataFile, "CCPersonal", row): null

2019-08-23 08:03:52 - [TEST_STEP][PASSED] - CCRetail = UtilityMethods.getTestData(dataFile, "CCRetail", row): null

2019-08-23 08:03:52 - [TEST_STEP][PASSED] - CCShow = UtilityMethods.getTestData(dataFile, "CCShow", row): null

2019-08-23 08:03:52 - [TEST_STEP][PASSED] - BOEblast = UtilityMethods.getTestData(dataFile, "BOEblast", row): null

2019-08-23 08:03:52 - [MESSAGE][PASSED] - Call Test Case 'Test Cases/NewArrival/populateTimeGlobalVars' successfully

2019-08-23 08:03:52 - [TEST_STEP][PASSED] - available = BOEblast: null

2019-08-23 08:03:52 - [TEST_STEP][PASSED] - callTestCase(findTestCase("NewArrival/setTimezone"), ["ofbizURL":"", "ofbizuser":"", "ofbizpass":"", "orderType":orderType, "timeZone":timeZone, "clockServerTarget":clockServerTarget], STOP_ON_FAILURE): Call Test Case 'Test Cases/NewArrival/setTimezone' successfully

2019-08-23 08:03:52 - [TEST_CASE][PASSED] - Test Cases/NewArrival/setTimezone: Test Cases/NewArrival/setTimezone

2019-08-23 08:03:52 - [TEST_STEP][PASSED] - openBrowser(""): Browser is opened with url: ''

2019-08-23 08:03:52 - [MESSAGE][WARNING] - A browser is already opened. Closing browser and opening a new one

2019-08-23 08:03:53 - [MESSAGE][INFO] - Starting 'Chrome' driver

2019-08-23 08:03:53 - [MESSAGE][INFO] - User set preference: ['args', '[--use-fake-ui-for-media-stream, --start-maximized]']

2019-08-23 08:03:55 - [MESSAGE][PASSED] - Browser is opened with url: ''

2019-08-23 08:03:55 - [TEST_STEP][NOT_RUN] - maximizeWindow(): NOT_RUN: maximizeWindow()

2019-08-23 08:03:55 - [MESSAGE][NOT_RUN] - NOT_RUN: maximizeWindow()

2019-08-23 08:03:55 - [TEST_STEP][PASSED] - ofbizURL = findTestData("envtData").getValue("ofbizURL", 1): null

2019-08-23 08:03:55 - [TEST_STEP][PASSED] - ofbizuser = findTestData("credData").getValue("ofbizuser", 1): null

2019-08-23 08:03:55 - [TEST_STEP][PASSED] - ofbizpass = findTestData("credData").getValue("ofbizpass", 1): null

2019-08-23 08:03:55 - [TEST_STEP][PASSED] - navigateToUrl(ofbizURL): Navigate to 'https://pushofbiz.cliotest.com/login.php' successfully

2019-08-23 08:03:57 - [MESSAGE][PASSED] - Navigate to 'https://pushofbiz.cliotest.com/login.php' successfully

2019-08-23 08:03:57 - [TEST_STEP][PASSED] - setText(findTestObject("Page_/input_Username_username"), ofbizuser): Text 'automation' is set on object 'Object Repository/Page_/input_Username_username'

2019-08-23 08:03:57 - [MESSAGE][PASSED] - Text 'automation' is set on object 'Object Repository/Page_/input_Username_username'

2019-08-23 08:03:57 - [TEST_STEP][PASSED] - setText(findTestObject("Page_/input_Password_password"), ofbizpass): Text 'cabiautomation' is set on object 'Object Repository/Page_/input_Password_password'

2019-08-23 08:03:57 - [MESSAGE][PASSED] - Text 'cabiautomation' is set on object 'Object Repository/Page_/input_Password_password'

2019-08-23 08:03:57 - [TEST_STEP][PASSED] - click(findTestObject("Page_/input_Password_Submit")): Object: 'Object Repository/Page_/input_Password_Submit' is clicked on

2019-08-23 08:04:03 - [MESSAGE][PASSED] - Object: 'Object Repository/Page_/input_Password_Submit' is clicked on

2019-08-23 08:04:03 - [TEST_STEP][PASSED] - click(findTestObject("Object Repository/Page_/a_Clock set")): Object: 'Object Repository/Page_/a_Clock set' is clicked on

2019-08-23 08:04:03 - [MESSAGE][PASSED] - Object: 'Object Repository/Page_/a_Clock set' is clicked on

2019-08-23 08:04:03 - [TEST_STEP][PASSED] - cst = UtilityMethods.createTestObject("select_target", "//select[@name='Target']/option[contains(text(), '", clockServerTarget, "')]"): null

2019-08-23 08:04:03 - [TEST_STEP][PASSED] - println(clockServerTarget): null

2019-08-23 08:04:03 - [TEST_STEP][PASSED] - click(cst): Object: 'select_target' is clicked on

2019-08-23 08:04:04 - [MESSAGE][PASSED] - Object: 'select_target' is clicked on

2019-08-23 08:04:04 - [TEST_STEP][PASSED] - click(findTestObject("Page_/thisDateAndTime")): Object: 'Object Repository/Page_/thisDateAndTime' is clicked on

2019-08-23 08:04:04 - [MESSAGE][PASSED] - Object: 'Object Repository/Page_/thisDateAndTime' is clicked on

2019-08-23 08:04:04 - [TEST_STEP][PASSED] - setText(findTestObject("Object Repository/Page_/setTargetTime"), timeZone): Text ' 09/20/2019 12:00' is set on object 'Object Repository/Page_/setTargetTime'

2019-08-23 08:04:04 - [MESSAGE][PASSED] - Text ' 09/20/2019 12:00' is set on object 'Object Repository/Page_/setTargetTime'

2019-08-23 08:04:04 - [TEST_STEP][PASSED] - click(findTestObject("Object Repository/Page_/input")): Object: 'Object Repository/Page_/input' is clicked on

2019-08-23 08:04:06 - [MESSAGE][PASSED] - Object: 'Object Repository/Page_/input' is clicked on

2019-08-23 08:04:06 - [TEST_STEP][PASSED] - delay(10): Delayed 10 second(s)

2019-08-23 08:04:16 - [MESSAGE][PASSED] - Delayed 10 second(s)

2019-08-23 08:04:16 - [TEST_STEP][NOT_RUN] - closeBrowser(): NOT_RUN: closeBrowser()

2019-08-23 08:04:16 - [MESSAGE][NOT_RUN] - NOT_RUN: closeBrowser()

2019-08-23 08:04:16 - [MESSAGE][PASSED] - Call Test Case 'Test Cases/NewArrival/setTimezone' successfully

2019-08-23 08:04:16 - [TEST_STEP][PASSED] - callTestCase(findTestCase("TestCaseUtilities/backOfficeLogin"), ["BOURL":"", "BOuser":"", "BOpass":""], STOP_ON_FAILURE): Call Test Case 'Test Cases/TestCaseUtilities/backOfficeLogin' successfully

2019-08-23 08:04:16 - [TEST_CASE][PASSED] - Test Cases/TestCaseUtilities/backOfficeLogin: Test Cases/TestCaseUtilities/backOfficeLogin

2019-08-23 08:04:16 - [TEST_STEP][PASSED] - BOURL = findTestData("envtData").getValue("BOURL", 1): null

2019-08-23 08:04:16 - [TEST_STEP][PASSED] - BOuser = findTestData("credData").getValue("BOuser", 1): null

2019-08-23 08:04:16 - [TEST_STEP][PASSED] - BOpass = findTestData("credData").getValue("BOpass", 1): null

2019-08-23 08:04:16 - [TEST_STEP][PASSED] - openBrowser(""): Browser is opened with url: ''

2019-08-23 08:04:16 - [MESSAGE][WARNING] - A browser is already opened. Closing browser and opening a new one

2019-08-23 08:04:16 - [MESSAGE][INFO] - Starting 'Chrome' driver

2019-08-23 08:04:16 - [MESSAGE][INFO] - User set preference: ['args', '[--use-fake-ui-for-media-stream, --start-maximized]']

2019-08-23 08:04:19 - [MESSAGE][PASSED] - Browser is opened with url: ''

2019-08-23 08:04:19 - [TEST_STEP][PASSED] - navigateToUrl(BOURL): Navigate to 'https://test4.cliotest.com/backoffice/control/main' successfully

2019-08-23 08:04:25 - [MESSAGE][PASSED] - Navigate to 'https://test4.cliotest.com/backoffice/control/main' successfully

2019-08-23 08:04:25 - [TEST_STEP][PASSED] - logOut = findWebElements(findTestObject("Object Repository/Page_cabi Home/log_out"), 1): Unable to find the element located by 'By.xpath: //a[contains(text(),'Log Out')]'. Please recheck the objects properties to make sure the desired element is located. 

2019-08-23 08:04:26 - [MESSAGE][INFO] - Unable to find the element located by 'By.xpath: //a[contains(text(),'Log Out')]'. Please recheck the objects properties to make sure the desired element is located. 

2019-08-23 08:04:26 - [TEST_STEP][PASSED] - if (logOut.size() == 0): Object: 'Object Repository/Page_cabi/input_Welcome to_consultantLogin' is clicked on

2019-08-23 08:04:26 - [TEST_STEP][PASSED] - setText(findTestObject("Page_cabi/input_Welcome to_USERNAME"), BOuser): Text '400000002' is set on object 'Object Repository/Page_cabi/input_Welcome to_USERNAME'

2019-08-23 08:04:27 - [MESSAGE][PASSED] - Text '400000002' is set on object 'Object Repository/Page_cabi/input_Welcome to_USERNAME'

2019-08-23 08:04:27 - [TEST_STEP][PASSED] - setText(findTestObject("Object Repository/Page_cabi/input_Welcome to_PASSWORD"), BOpass): Text 'blackdress19' is set on object 'Object Repository/Page_cabi/input_Welcome to_PASSWORD'

2019-08-23 08:04:27 - [MESSAGE][PASSED] - Text 'blackdress19' is set on object 'Object Repository/Page_cabi/input_Welcome to_PASSWORD'

2019-08-23 08:04:27 - [TEST_STEP][PASSED] - click(findTestObject("Object Repository/Page_cabi/input_Welcome to_consultantLogin")): Object: 'Object Repository/Page_cabi/input_Welcome to_consultantLogin' is clicked on

2019-08-23 08:04:38 - [MESSAGE][PASSED] - Object: 'Object Repository/Page_cabi/input_Welcome to_consultantLogin' is clicked on

2019-08-23 08:04:38 - [TEST_STEP][PASSED] - delay(3): Delayed 3 second(s)

2019-08-23 08:04:41 - [MESSAGE][PASSED] - Delayed 3 second(s)

2019-08-23 08:04:41 - [MESSAGE][PASSED] - Call Test Case 'Test Cases/TestCaseUtilities/backOfficeLogin' successfully

2019-08-23 08:04:41 - [TEST_STEP][PASSED] - click(findTestObject("Page_cabi Home/a_Connections")): Object: 'Object Repository/Page_cabi Home/a_Connections' is clicked on

2019-08-23 08:04:41 - [MESSAGE][PASSED] - Object: 'Object Repository/Page_cabi Home/a_Connections' is clicked on

2019-08-23 08:04:41 - [TEST_STEP][PASSED] - click(findTestObject("Page_cabi Home/a_Contact Manager")): Object: 'Object Repository/Page_cabi Home/a_Contact Manager' is clicked on

2019-08-23 08:04:46 - [MESSAGE][PASSED] - Object: 'Object Repository/Page_cabi Home/a_Contact Manager' is clicked on

2019-08-23 08:04:46 - [TEST_STEP][PASSED] - click(findTestObject("Page_cabi/span_SEND eBLAST")): Object: 'Object Repository/Page_cabi/span_SEND eBLAST' is clicked on

2019-08-23 08:04:47 - [MESSAGE][PASSED] - Object: 'Object Repository/Page_cabi/span_SEND eBLAST' is clicked on

2019-08-23 08:04:47 - [TEST_STEP][PASSED] - click(findTestObject("Object Repository/Page_cabi Eblast/a_Stylist Picks")): Object: 'Object Repository/Page_cabi Eblast/a_Stylist Picks' is clicked on

2019-08-23 08:04:58 - [MESSAGE][PASSED] - Object: 'Object Repository/Page_cabi Eblast/a_Stylist Picks' is clicked on

2019-08-23 08:04:58 - [TEST_STEP][PASSED] - click(findTestObject("Object Repository/Page_cabi Eblast/button_ADD PRODUCTS TO EBLAST")): Object: 'Object Repository/Page_cabi Eblast/button_ADD PRODUCTS TO EBLAST' is clicked on

2019-08-23 08:04:58 - [MESSAGE][PASSED] - Object: 'Object Repository/Page_cabi Eblast/button_ADD PRODUCTS TO EBLAST' is clicked on

2019-08-23 08:04:58 - [TEST_STEP][PASSED] - for ([row = 1, row <= findTestData("productData").getRowNumbers(), (row++)]): null

2019-08-23 08:04:58 - [TEST_STEP][PASSED] - delay(2): Delayed 2 second(s)

2019-08-23 08:05:00 - [MESSAGE][PASSED] - Delayed 2 second(s)

2019-08-23 08:05:00 - [TEST_STEP][PASSED] - setText(findTestObject("Page_cabi Eblast/eBlastStyleSearch"), findTestData("productData").getValue("Style", row)): Text '3842' is set on object 'Object Repository/Page_cabi Eblast/eBlastStyleSearch'

2019-08-23 08:05:00 - [MESSAGE][PASSED] - Text '3842' is set on object 'Object Repository/Page_cabi Eblast/eBlastStyleSearch'

2019-08-23 08:05:00 - [TEST_STEP][PASSED] - delay(4): Delayed 4 second(s)

2019-08-23 08:05:04 - [MESSAGE][PASSED] - Delayed 4 second(s)

2019-08-23 08:05:04 - [TEST_STEP][PASSED] - if (toString().equalsIgnoreCase("no")): null

2019-08-23 08:05:04 - [TEST_STEP][PASSED] - else: null

2019-08-23 08:05:04 - [TEST_STEP][PASSED] - space = " ": null

2019-08-23 08:05:04 - [TEST_STEP][PASSED] - openbrace = "(": null

2019-08-23 08:05:04 - [TEST_STEP][PASSED] - closebrace = ")": null

2019-08-23 08:05:04 - [TEST_STEP][PASSED] - style_id = getText(findTestObject("Page_cabi Eblast/style_id")): Text of object 'Object Repository/Page_cabi Eblast/style_id' is: '3842'

2019-08-23 08:05:05 - [MESSAGE][PASSED] - Text of object 'Object Repository/Page_cabi Eblast/style_id' is: '3842'

2019-08-23 08:05:05 - [TEST_STEP][PASSED] - style_name = getText(findTestObject("Page_cabi Eblast/style_name")): Text of object 'Object Repository/Page_cabi Eblast/style_name' is: 'Luxe Turtleneck'

2019-08-23 08:05:05 - [MESSAGE][PASSED] - Text of object 'Object Repository/Page_cabi Eblast/style_name' is: 'Luxe Turtleneck'

2019-08-23 08:05:05 - [TEST_STEP][PASSED] - style_color = getText(findTestObject("Page_cabi Eblast/style_color")): Text of object 'Object Repository/Page_cabi Eblast/style_color' is: '(Winter White)'

2019-08-23 08:05:05 - [MESSAGE][PASSED] - Text of object 'Object Repository/Page_cabi Eblast/style_color' is: '(Winter White)'

2019-08-23 08:05:05 - [TEST_STEP][PASSED] - style_web = $style_id$space$style_name$space$style_color: null

2019-08-23 08:05:05 - [TEST_STEP][PASSED] - styleid_data = findTestData("productData").getValue("Style", row): null

2019-08-23 08:05:05 - [TEST_STEP][PASSED] - styleid_name = findTestData("productData").getValue("Description", row): null

2019-08-23 08:05:05 - [TEST_STEP][PASSED] - styleid_color = findTestData("productData").getValue("Color", row): null

2019-08-23 08:05:05 - [TEST_STEP][PASSED] - style_data = $styleid_data$space$styleid_name$space$openbrace$styleid_color$closebrace: null

2019-08-23 08:05:05 - [TEST_STEP][PASSED] - println(style_web): null

2019-08-23 08:05:05 - [TEST_STEP][PASSED] - println(style_data): null

2019-08-23 08:05:05 - [TEST_STEP][PASSED] - assert style_data.equalsIgnoreCase(style_web): null

2019-08-23 08:05:05 - [TEST_STEP][PASSED] - callTestCase(findTestCase("NewArrival/populateTimeGlobalVars"), ["row":timeRow], STOP_ON_FAILURE): Call Test Case 'Test Cases/NewArrival/populateTimeGlobalVars' successfully

2019-08-23 08:05:05 - [TEST_CASE][PASSED] - Test Cases/NewArrival/populateTimeGlobalVars: Test Cases/NewArrival/populateTimeGlobalVars

2019-08-23 08:05:05 - [TEST_STEP][PASSED] - dataFile = "timezoneData": null

2019-08-23 08:05:05 - [TEST_STEP][PASSED] - clockServerTarget = UtilityMethods.getTestData("envtData", "clockServerTarget", 1): null

2019-08-23 08:05:05 - [TEST_STEP][PASSED] - println(clockServerTarget): null

2019-08-23 08:05:05 - [TEST_STEP][PASSED] - orderType = UtilityMethods.getTestData(dataFile, "orderType", row): null

2019-08-23 08:05:05 - [TEST_STEP][PASSED] - timeZone = UtilityMethods.getTestData(dataFile, "timeZone", row): null

2019-08-23 08:05:05 - [TEST_STEP][PASSED] - BOPersonal = UtilityMethods.getTestData(dataFile, "BOPersonal", row): null

2019-08-23 08:05:05 - [TEST_STEP][PASSED] - BOAddonPersonal = UtilityMethods.getTestData(dataFile, "BOAddonPersonal", row): null

2019-08-23 08:05:05 - [TEST_STEP][PASSED] - BOAddonRetail = UtilityMethods.getTestData(dataFile, "BOAddonRetail", row): null

2019-08-23 08:05:05 - [TEST_STEP][PASSED] - BORetail = UtilityMethods.getTestData(dataFile, "BORetail", row): null

2019-08-23 08:05:05 - [TEST_STEP][PASSED] - BOShow = UtilityMethods.getTestData(dataFile, "BOShow", row): null

2019-08-23 08:05:05 - [TEST_STEP][PASSED] - BOOnlineoutlet = UtilityMethods.getTestData(dataFile, "BOOnlineoutlet", row): null

2019-08-23 08:05:05 - [TEST_STEP][PASSED] - BOEmployee = UtilityMethods.getTestData(dataFile, "BOEmployee", row): null

2019-08-23 08:05:05 - [TEST_STEP][PASSED] - CCPersonal = UtilityMethods.getTestData(dataFile, "CCPersonal", row): null

2019-08-23 08:05:05 - [TEST_STEP][PASSED] - CCRetail = UtilityMethods.getTestData(dataFile, "CCRetail", row): null

2019-08-23 08:05:05 - [TEST_STEP][PASSED] - CCShow = UtilityMethods.getTestData(dataFile, "CCShow", row): null

2019-08-23 08:05:05 - [TEST_STEP][PASSED] - BOEblast = UtilityMethods.getTestData(dataFile, "BOEblast", row): null

2019-08-23 08:05:05 - [MESSAGE][PASSED] - Call Test Case 'Test Cases/NewArrival/populateTimeGlobalVars' successfully

2019-08-23 08:05:05 - [TEST_STEP][PASSED] - available = BOEblast: null

2019-08-23 08:05:05 - [TEST_STEP][PASSED] - callTestCase(findTestCase("NewArrival/setTimezone"), ["ofbizURL":"", "ofbizuser":"", "ofbizpass":"", "orderType":orderType, "timeZone":timeZone, "clockServerTarget":clockServerTarget], STOP_ON_FAILURE): Call Test Case 'Test Cases/NewArrival/setTimezone' successfully

2019-08-23 08:05:05 - [TEST_CASE][PASSED] - Test Cases/NewArrival/setTimezone: Test Cases/NewArrival/setTimezone

2019-08-23 08:05:05 - [TEST_STEP][PASSED] - openBrowser(""): Browser is opened with url: ''

2019-08-23 08:05:05 - [MESSAGE][WARNING] - A browser is already opened. Closing browser and opening a new one

2019-08-23 08:05:06 - [MESSAGE][INFO] - Starting 'Chrome' driver

2019-08-23 08:05:06 - [MESSAGE][INFO] - User set preference: ['args', '[--use-fake-ui-for-media-stream, --start-maximized]']

2019-08-23 08:05:08 - [MESSAGE][PASSED] - Browser is opened with url: ''

2019-08-23 08:05:08 - [TEST_STEP][NOT_RUN] - maximizeWindow(): NOT_RUN: maximizeWindow()

2019-08-23 08:05:08 - [MESSAGE][NOT_RUN] - NOT_RUN: maximizeWindow()

2019-08-23 08:05:08 - [TEST_STEP][PASSED] - ofbizURL = findTestData("envtData").getValue("ofbizURL", 1): null

2019-08-23 08:05:08 - [TEST_STEP][PASSED] - ofbizuser = findTestData("credData").getValue("ofbizuser", 1): null

2019-08-23 08:05:08 - [TEST_STEP][PASSED] - ofbizpass = findTestData("credData").getValue("ofbizpass", 1): null

2019-08-23 08:05:08 - [TEST_STEP][PASSED] - navigateToUrl(ofbizURL): Navigate to 'https://pushofbiz.cliotest.com/login.php' successfully

2019-08-23 08:05:10 - [MESSAGE][PASSED] - Navigate to 'https://pushofbiz.cliotest.com/login.php' successfully

2019-08-23 08:05:10 - [TEST_STEP][PASSED] - setText(findTestObject("Page_/input_Username_username"), ofbizuser): Text 'automation' is set on object 'Object Repository/Page_/input_Username_username'

2019-08-23 08:05:10 - [MESSAGE][PASSED] - Text 'automation' is set on object 'Object Repository/Page_/input_Username_username'

2019-08-23 08:05:10 - [TEST_STEP][PASSED] - setText(findTestObject("Page_/input_Password_password"), ofbizpass): Text 'cabiautomation' is set on object 'Object Repository/Page_/input_Password_password'

2019-08-23 08:05:11 - [MESSAGE][PASSED] - Text 'cabiautomation' is set on object 'Object Repository/Page_/input_Password_password'

2019-08-23 08:05:11 - [TEST_STEP][PASSED] - click(findTestObject("Page_/input_Password_Submit")): Object: 'Object Repository/Page_/input_Password_Submit' is clicked on

2019-08-23 08:05:16 - [MESSAGE][PASSED] - Object: 'Object Repository/Page_/input_Password_Submit' is clicked on

2019-08-23 08:05:16 - [TEST_STEP][PASSED] - click(findTestObject("Object Repository/Page_/a_Clock set")): Object: 'Object Repository/Page_/a_Clock set' is clicked on

2019-08-23 08:05:16 - [MESSAGE][PASSED] - Object: 'Object Repository/Page_/a_Clock set' is clicked on

2019-08-23 08:05:16 - [TEST_STEP][PASSED] - cst = UtilityMethods.createTestObject("select_target", "//select[@name='Target']/option[contains(text(), '", clockServerTarget, "')]"): null

2019-08-23 08:05:16 - [TEST_STEP][PASSED] - println(clockServerTarget): null

2019-08-23 08:05:16 - [TEST_STEP][PASSED] - click(cst): Object: 'select_target' is clicked on

2019-08-23 08:05:16 - [MESSAGE][PASSED] - Object: 'select_target' is clicked on

2019-08-23 08:05:16 - [TEST_STEP][PASSED] - click(findTestObject("Page_/thisDateAndTime")): Object: 'Object Repository/Page_/thisDateAndTime' is clicked on

2019-08-23 08:05:17 - [MESSAGE][PASSED] - Object: 'Object Repository/Page_/thisDateAndTime' is clicked on

2019-08-23 08:05:17 - [TEST_STEP][PASSED] - setText(findTestObject("Object Repository/Page_/setTargetTime"), timeZone): Text ' 09/24/2019 00:00' is set on object 'Object Repository/Page_/setTargetTime'

2019-08-23 08:05:17 - [MESSAGE][PASSED] - Text ' 09/24/2019 00:00' is set on object 'Object Repository/Page_/setTargetTime'

2019-08-23 08:05:17 - [TEST_STEP][PASSED] - click(findTestObject("Object Repository/Page_/input")): Object: 'Object Repository/Page_/input' is clicked on

2019-08-23 08:05:18 - [MESSAGE][PASSED] - Object: 'Object Repository/Page_/input' is clicked on

2019-08-23 08:05:18 - [TEST_STEP][PASSED] - delay(10): Delayed 10 second(s)

2019-08-23 08:05:28 - [MESSAGE][PASSED] - Delayed 10 second(s)

2019-08-23 08:05:28 - [TEST_STEP][NOT_RUN] - closeBrowser(): NOT_RUN: closeBrowser()

2019-08-23 08:05:28 - [MESSAGE][NOT_RUN] - NOT_RUN: closeBrowser()

2019-08-23 08:05:28 - [MESSAGE][PASSED] - Call Test Case 'Test Cases/NewArrival/setTimezone' successfully

2019-08-23 08:05:28 - [TEST_STEP][PASSED] - callTestCase(findTestCase("TestCaseUtilities/backOfficeLogin"), ["BOURL":"", "BOuser":"", "BOpass":""], STOP_ON_FAILURE): Call Test Case 'Test Cases/TestCaseUtilities/backOfficeLogin' successfully

2019-08-23 08:05:28 - [TEST_CASE][PASSED] - Test Cases/TestCaseUtilities/backOfficeLogin: Test Cases/TestCaseUtilities/backOfficeLogin

2019-08-23 08:05:28 - [TEST_STEP][PASSED] - BOURL = findTestData("envtData").getValue("BOURL", 1): null

2019-08-23 08:05:28 - [TEST_STEP][PASSED] - BOuser = findTestData("credData").getValue("BOuser", 1): null

2019-08-23 08:05:28 - [TEST_STEP][PASSED] - BOpass = findTestData("credData").getValue("BOpass", 1): null

2019-08-23 08:05:28 - [TEST_STEP][PASSED] - openBrowser(""): Browser is opened with url: ''

2019-08-23 08:05:28 - [MESSAGE][WARNING] - A browser is already opened. Closing browser and opening a new one

2019-08-23 08:05:29 - [MESSAGE][INFO] - Starting 'Chrome' driver

2019-08-23 08:05:29 - [MESSAGE][INFO] - User set preference: ['args', '[--use-fake-ui-for-media-stream, --start-maximized]']

2019-08-23 08:05:31 - [MESSAGE][PASSED] - Browser is opened with url: ''

2019-08-23 08:05:31 - [TEST_STEP][PASSED] - navigateToUrl(BOURL): Navigate to 'https://test4.cliotest.com/backoffice/control/main' successfully

2019-08-23 08:05:38 - [MESSAGE][PASSED] - Navigate to 'https://test4.cliotest.com/backoffice/control/main' successfully

2019-08-23 08:05:38 - [TEST_STEP][PASSED] - logOut = findWebElements(findTestObject("Object Repository/Page_cabi Home/log_out"), 1): Unable to find the element located by 'By.xpath: //a[contains(text(),'Log Out')]'. Please recheck the objects properties to make sure the desired element is located. 

2019-08-23 08:05:39 - [MESSAGE][INFO] - Unable to find the element located by 'By.xpath: //a[contains(text(),'Log Out')]'. Please recheck the objects properties to make sure the desired element is located. 

2019-08-23 08:05:39 - [TEST_STEP][PASSED] - if (logOut.size() == 0): Object: 'Object Repository/Page_cabi/input_Welcome to_consultantLogin' is clicked on

2019-08-23 08:05:39 - [TEST_STEP][PASSED] - setText(findTestObject("Page_cabi/input_Welcome to_USERNAME"), BOuser): Text '400000002' is set on object 'Object Repository/Page_cabi/input_Welcome to_USERNAME'

2019-08-23 08:05:40 - [MESSAGE][PASSED] - Text '400000002' is set on object 'Object Repository/Page_cabi/input_Welcome to_USERNAME'

2019-08-23 08:05:40 - [TEST_STEP][PASSED] - setText(findTestObject("Object Repository/Page_cabi/input_Welcome to_PASSWORD"), BOpass): Text 'blackdress19' is set on object 'Object Repository/Page_cabi/input_Welcome to_PASSWORD'

2019-08-23 08:05:40 - [MESSAGE][PASSED] - Text 'blackdress19' is set on object 'Object Repository/Page_cabi/input_Welcome to_PASSWORD'

2019-08-23 08:05:40 - [TEST_STEP][PASSED] - click(findTestObject("Object Repository/Page_cabi/input_Welcome to_consultantLogin")): Object: 'Object Repository/Page_cabi/input_Welcome to_consultantLogin' is clicked on

2019-08-23 08:05:51 - [MESSAGE][PASSED] - Object: 'Object Repository/Page_cabi/input_Welcome to_consultantLogin' is clicked on

2019-08-23 08:05:51 - [TEST_STEP][PASSED] - delay(3): Delayed 3 second(s)

2019-08-23 08:05:54 - [MESSAGE][PASSED] - Delayed 3 second(s)

2019-08-23 08:05:54 - [MESSAGE][PASSED] - Call Test Case 'Test Cases/TestCaseUtilities/backOfficeLogin' successfully

2019-08-23 08:05:54 - [TEST_STEP][PASSED] - click(findTestObject("Page_cabi Home/a_Connections")): Object: 'Object Repository/Page_cabi Home/a_Connections' is clicked on

2019-08-23 08:05:54 - [MESSAGE][PASSED] - Object: 'Object Repository/Page_cabi Home/a_Connections' is clicked on

2019-08-23 08:05:54 - [TEST_STEP][PASSED] - click(findTestObject("Page_cabi Home/a_Contact Manager")): Object: 'Object Repository/Page_cabi Home/a_Contact Manager' is clicked on

2019-08-23 08:06:00 - [MESSAGE][PASSED] - Object: 'Object Repository/Page_cabi Home/a_Contact Manager' is clicked on

2019-08-23 08:06:00 - [TEST_STEP][PASSED] - click(findTestObject("Page_cabi/span_SEND eBLAST")): Object: 'Object Repository/Page_cabi/span_SEND eBLAST' is clicked on

2019-08-23 08:06:00 - [MESSAGE][PASSED] - Object: 'Object Repository/Page_cabi/span_SEND eBLAST' is clicked on

2019-08-23 08:06:00 - [TEST_STEP][PASSED] - click(findTestObject("Object Repository/Page_cabi Eblast/a_Stylist Picks")): Object: 'Object Repository/Page_cabi Eblast/a_Stylist Picks' is clicked on

2019-08-23 08:06:11 - [MESSAGE][PASSED] - Object: 'Object Repository/Page_cabi Eblast/a_Stylist Picks' is clicked on

2019-08-23 08:06:11 - [TEST_STEP][PASSED] - click(findTestObject("Object Repository/Page_cabi Eblast/button_ADD PRODUCTS TO EBLAST")): Object: 'Object Repository/Page_cabi Eblast/button_ADD PRODUCTS TO EBLAST' is clicked on

2019-08-23 08:06:11 - [MESSAGE][PASSED] - Object: 'Object Repository/Page_cabi Eblast/button_ADD PRODUCTS TO EBLAST' is clicked on

2019-08-23 08:06:11 - [TEST_STEP][PASSED] - for ([row = 1, row <= findTestData("productData").getRowNumbers(), (row++)]): Actual text and expected text of test object 'Object Repository/Page_cabi Eblast/styleNotFound' are matched.

2019-08-23 08:06:11 - [TEST_STEP][PASSED] - delay(2): Delayed 2 second(s)

2019-08-23 08:06:14 - [MESSAGE][PASSED] - Delayed 2 second(s)

2019-08-23 08:06:14 - [TEST_STEP][PASSED] - setText(findTestObject("Page_cabi Eblast/eBlastStyleSearch"), findTestData("productData").getValue("Style", row)): Text '3842' is set on object 'Object Repository/Page_cabi Eblast/eBlastStyleSearch'

2019-08-23 08:06:14 - [MESSAGE][PASSED] - Text '3842' is set on object 'Object Repository/Page_cabi Eblast/eBlastStyleSearch'

2019-08-23 08:06:14 - [TEST_STEP][PASSED] - delay(4): Delayed 4 second(s)

2019-08-23 08:06:18 - [MESSAGE][PASSED] - Delayed 4 second(s)

2019-08-23 08:06:18 - [TEST_STEP][PASSED] - if (toString().equalsIgnoreCase("no")): Actual text and expected text of test object 'Object Repository/Page_cabi Eblast/styleNotFound' are matched.

2019-08-23 08:06:18 - [TEST_STEP][PASSED] - style_notfound = findWebElements(findTestObject("Page_cabi Eblast/styleNotFound"), 5): null

2019-08-23 08:06:18 - [TEST_STEP][PASSED] - println(style_notfound.size()): null

2019-08-23 08:06:18 - [TEST_STEP][PASSED] - assert style_notfound.size() > 0: null

2019-08-23 08:06:18 - [TEST_STEP][PASSED] - verifyElementText(findTestObject("Page_cabi Eblast/styleNotFound"), "No matching product"): Actual text and expected text of test object 'Object Repository/Page_cabi Eblast/styleNotFound' are matched.

2019-08-23 08:06:18 - [MESSAGE][PASSED] - Actual text and expected text of test object 'Object Repository/Page_cabi Eblast/styleNotFound' are matched.

2019-08-23 08:06:18 - [TEST_STEP][PASSED] - callTestCase(findTestCase("NewArrival/populateTimeGlobalVars"), ["row":timeRow], STOP_ON_FAILURE): Call Test Case 'Test Cases/NewArrival/populateTimeGlobalVars' successfully

2019-08-23 08:06:18 - [TEST_CASE][PASSED] - Test Cases/NewArrival/populateTimeGlobalVars: Test Cases/NewArrival/populateTimeGlobalVars

2019-08-23 08:06:18 - [TEST_STEP][PASSED] - dataFile = "timezoneData": null

2019-08-23 08:06:18 - [TEST_STEP][PASSED] - clockServerTarget = UtilityMethods.getTestData("envtData", "clockServerTarget", 1): null

2019-08-23 08:06:18 - [TEST_STEP][PASSED] - println(clockServerTarget): null

2019-08-23 08:06:18 - [TEST_STEP][PASSED] - orderType = UtilityMethods.getTestData(dataFile, "orderType", row): null

2019-08-23 08:06:18 - [TEST_STEP][PASSED] - timeZone = UtilityMethods.getTestData(dataFile, "timeZone", row): null

2019-08-23 08:06:18 - [TEST_STEP][PASSED] - BOPersonal = UtilityMethods.getTestData(dataFile, "BOPersonal", row): null

2019-08-23 08:06:18 - [TEST_STEP][PASSED] - BOAddonPersonal = UtilityMethods.getTestData(dataFile, "BOAddonPersonal", row): null

2019-08-23 08:06:18 - [TEST_STEP][PASSED] - BOAddonRetail = UtilityMethods.getTestData(dataFile, "BOAddonRetail", row): null

2019-08-23 08:06:18 - [TEST_STEP][PASSED] - BORetail = UtilityMethods.getTestData(dataFile, "BORetail", row): null

2019-08-23 08:06:18 - [TEST_STEP][PASSED] - BOShow = UtilityMethods.getTestData(dataFile, "BOShow", row): null

2019-08-23 08:06:18 - [TEST_STEP][PASSED] - BOOnlineoutlet = UtilityMethods.getTestData(dataFile, "BOOnlineoutlet", row): null

2019-08-23 08:06:18 - [TEST_STEP][PASSED] - BOEmployee = UtilityMethods.getTestData(dataFile, "BOEmployee", row): null

2019-08-23 08:06:18 - [TEST_STEP][PASSED] - CCPersonal = UtilityMethods.getTestData(dataFile, "CCPersonal", row): null

2019-08-23 08:06:18 - [TEST_STEP][PASSED] - CCRetail = UtilityMethods.getTestData(dataFile, "CCRetail", row): null

2019-08-23 08:06:18 - [TEST_STEP][PASSED] - CCShow = UtilityMethods.getTestData(dataFile, "CCShow", row): null

2019-08-23 08:06:18 - [TEST_STEP][PASSED] - BOEblast = UtilityMethods.getTestData(dataFile, "BOEblast", row): null

2019-08-23 08:06:18 - [MESSAGE][PASSED] - Call Test Case 'Test Cases/NewArrival/populateTimeGlobalVars' successfully

2019-08-23 08:06:18 - [TEST_STEP][PASSED] - available = BOEblast: null

2019-08-23 08:06:18 - [TEST_STEP][PASSED] - callTestCase(findTestCase("NewArrival/setTimezone"), ["ofbizURL":"", "ofbizuser":"", "ofbizpass":"", "orderType":orderType, "timeZone":timeZone, "clockServerTarget":clockServerTarget], STOP_ON_FAILURE): Call Test Case 'Test Cases/NewArrival/setTimezone' successfully

2019-08-23 08:06:18 - [TEST_CASE][PASSED] - Test Cases/NewArrival/setTimezone: Test Cases/NewArrival/setTimezone

2019-08-23 08:06:18 - [TEST_STEP][PASSED] - openBrowser(""): Browser is opened with url: ''

2019-08-23 08:06:18 - [MESSAGE][WARNING] - A browser is already opened. Closing browser and opening a new one

2019-08-23 08:06:19 - [MESSAGE][INFO] - Starting 'Chrome' driver

2019-08-23 08:06:19 - [MESSAGE][INFO] - User set preference: ['args', '[--use-fake-ui-for-media-stream, --start-maximized]']

2019-08-23 08:06:21 - [MESSAGE][PASSED] - Browser is opened with url: ''

2019-08-23 08:06:21 - [TEST_STEP][NOT_RUN] - maximizeWindow(): NOT_RUN: maximizeWindow()

2019-08-23 08:06:21 - [MESSAGE][NOT_RUN] - NOT_RUN: maximizeWindow()

2019-08-23 08:06:21 - [TEST_STEP][PASSED] - ofbizURL = findTestData("envtData").getValue("ofbizURL", 1): null

2019-08-23 08:06:21 - [TEST_STEP][PASSED] - ofbizuser = findTestData("credData").getValue("ofbizuser", 1): null

2019-08-23 08:06:21 - [TEST_STEP][PASSED] - ofbizpass = findTestData("credData").getValue("ofbizpass", 1): null

2019-08-23 08:06:21 - [TEST_STEP][PASSED] - navigateToUrl(ofbizURL): Navigate to 'https://pushofbiz.cliotest.com/login.php' successfully

2019-08-23 08:06:23 - [MESSAGE][PASSED] - Navigate to 'https://pushofbiz.cliotest.com/login.php' successfully

2019-08-23 08:06:23 - [TEST_STEP][PASSED] - setText(findTestObject("Page_/input_Username_username"), ofbizuser): Text 'automation' is set on object 'Object Repository/Page_/input_Username_username'

2019-08-23 08:06:23 - [MESSAGE][PASSED] - Text 'automation' is set on object 'Object Repository/Page_/input_Username_username'

2019-08-23 08:06:23 - [TEST_STEP][PASSED] - setText(findTestObject("Page_/input_Password_password"), ofbizpass): Text 'cabiautomation' is set on object 'Object Repository/Page_/input_Password_password'

2019-08-23 08:06:23 - [MESSAGE][PASSED] - Text 'cabiautomation' is set on object 'Object Repository/Page_/input_Password_password'

2019-08-23 08:06:23 - [TEST_STEP][PASSED] - click(findTestObject("Page_/input_Password_Submit")): Object: 'Object Repository/Page_/input_Password_Submit' is clicked on

2019-08-23 08:06:28 - [MESSAGE][PASSED] - Object: 'Object Repository/Page_/input_Password_Submit' is clicked on

2019-08-23 08:06:28 - [TEST_STEP][PASSED] - click(findTestObject("Object Repository/Page_/a_Clock set")): Object: 'Object Repository/Page_/a_Clock set' is clicked on

2019-08-23 08:06:29 - [MESSAGE][PASSED] - Object: 'Object Repository/Page_/a_Clock set' is clicked on

2019-08-23 08:06:29 - [TEST_STEP][PASSED] - cst = UtilityMethods.createTestObject("select_target", "//select[@name='Target']/option[contains(text(), '", clockServerTarget, "')]"): null

2019-08-23 08:06:29 - [TEST_STEP][PASSED] - println(clockServerTarget): null

2019-08-23 08:06:29 - [TEST_STEP][PASSED] - click(cst): Object: 'select_target' is clicked on

2019-08-23 08:06:29 - [MESSAGE][PASSED] - Object: 'select_target' is clicked on

2019-08-23 08:06:29 - [TEST_STEP][PASSED] - click(findTestObject("Page_/thisDateAndTime")): Object: 'Object Repository/Page_/thisDateAndTime' is clicked on

2019-08-23 08:06:30 - [MESSAGE][PASSED] - Object: 'Object Repository/Page_/thisDateAndTime' is clicked on

2019-08-23 08:06:30 - [TEST_STEP][PASSED] - setText(findTestObject("Object Repository/Page_/setTargetTime"), timeZone): Text ' 09/25/2019 7:00' is set on object 'Object Repository/Page_/setTargetTime'

2019-08-23 08:06:30 - [MESSAGE][PASSED] - Text ' 09/25/2019 7:00' is set on object 'Object Repository/Page_/setTargetTime'

2019-08-23 08:06:30 - [TEST_STEP][PASSED] - click(findTestObject("Object Repository/Page_/input")): Object: 'Object Repository/Page_/input' is clicked on

2019-08-23 08:06:31 - [MESSAGE][PASSED] - Object: 'Object Repository/Page_/input' is clicked on

2019-08-23 08:06:31 - [TEST_STEP][PASSED] - delay(10): Delayed 10 second(s)

2019-08-23 08:06:41 - [MESSAGE][PASSED] - Delayed 10 second(s)

2019-08-23 08:06:41 - [TEST_STEP][NOT_RUN] - closeBrowser(): NOT_RUN: closeBrowser()

2019-08-23 08:06:41 - [MESSAGE][NOT_RUN] - NOT_RUN: closeBrowser()

2019-08-23 08:06:41 - [MESSAGE][PASSED] - Call Test Case 'Test Cases/NewArrival/setTimezone' successfully

2019-08-23 08:06:41 - [TEST_STEP][PASSED] - callTestCase(findTestCase("TestCaseUtilities/backOfficeLogin"), ["BOURL":"", "BOuser":"", "BOpass":""], STOP_ON_FAILURE): Call Test Case 'Test Cases/TestCaseUtilities/backOfficeLogin' successfully

2019-08-23 08:06:41 - [TEST_CASE][PASSED] - Test Cases/TestCaseUtilities/backOfficeLogin: Test Cases/TestCaseUtilities/backOfficeLogin

2019-08-23 08:06:41 - [TEST_STEP][PASSED] - BOURL = findTestData("envtData").getValue("BOURL", 1): null

2019-08-23 08:06:41 - [TEST_STEP][PASSED] - BOuser = findTestData("credData").getValue("BOuser", 1): null

2019-08-23 08:06:41 - [TEST_STEP][PASSED] - BOpass = findTestData("credData").getValue("BOpass", 1): null

2019-08-23 08:06:41 - [TEST_STEP][PASSED] - openBrowser(""): Browser is opened with url: ''

2019-08-23 08:06:41 - [MESSAGE][WARNING] - A browser is already opened. Closing browser and opening a new one

2019-08-23 08:06:42 - [MESSAGE][INFO] - Starting 'Chrome' driver

2019-08-23 08:06:42 - [MESSAGE][INFO] - User set preference: ['args', '[--use-fake-ui-for-media-stream, --start-maximized]']

2019-08-23 08:06:44 - [MESSAGE][PASSED] - Browser is opened with url: ''

2019-08-23 08:06:44 - [TEST_STEP][PASSED] - navigateToUrl(BOURL): Navigate to 'https://test4.cliotest.com/backoffice/control/main' successfully

2019-08-23 08:06:51 - [MESSAGE][PASSED] - Navigate to 'https://test4.cliotest.com/backoffice/control/main' successfully

2019-08-23 08:06:51 - [TEST_STEP][PASSED] - logOut = findWebElements(findTestObject("Object Repository/Page_cabi Home/log_out"), 1): Unable to find the element located by 'By.xpath: //a[contains(text(),'Log Out')]'. Please recheck the objects properties to make sure the desired element is located. 

2019-08-23 08:06:52 - [MESSAGE][INFO] - Unable to find the element located by 'By.xpath: //a[contains(text(),'Log Out')]'. Please recheck the objects properties to make sure the desired element is located. 

2019-08-23 08:06:52 - [TEST_STEP][PASSED] - if (logOut.size() == 0): Object: 'Object Repository/Page_cabi/input_Welcome to_consultantLogin' is clicked on

2019-08-23 08:06:52 - [TEST_STEP][PASSED] - setText(findTestObject("Page_cabi/input_Welcome to_USERNAME"), BOuser): Text '400000002' is set on object 'Object Repository/Page_cabi/input_Welcome to_USERNAME'

2019-08-23 08:06:52 - [MESSAGE][PASSED] - Text '400000002' is set on object 'Object Repository/Page_cabi/input_Welcome to_USERNAME'

2019-08-23 08:06:52 - [TEST_STEP][PASSED] - setText(findTestObject("Object Repository/Page_cabi/input_Welcome to_PASSWORD"), BOpass): Text 'blackdress19' is set on object 'Object Repository/Page_cabi/input_Welcome to_PASSWORD'

2019-08-23 08:06:53 - [MESSAGE][PASSED] - Text 'blackdress19' is set on object 'Object Repository/Page_cabi/input_Welcome to_PASSWORD'

2019-08-23 08:06:53 - [TEST_STEP][PASSED] - click(findTestObject("Object Repository/Page_cabi/input_Welcome to_consultantLogin")): Object: 'Object Repository/Page_cabi/input_Welcome to_consultantLogin' is clicked on

2019-08-23 08:07:02 - [MESSAGE][PASSED] - Object: 'Object Repository/Page_cabi/input_Welcome to_consultantLogin' is clicked on

2019-08-23 08:07:02 - [TEST_STEP][PASSED] - delay(3): Delayed 3 second(s)

2019-08-23 08:07:05 - [MESSAGE][PASSED] - Delayed 3 second(s)

2019-08-23 08:07:05 - [MESSAGE][PASSED] - Call Test Case 'Test Cases/TestCaseUtilities/backOfficeLogin' successfully

2019-08-23 08:07:05 - [TEST_STEP][PASSED] - click(findTestObject("Page_cabi Home/a_Connections")): Object: 'Object Repository/Page_cabi Home/a_Connections' is clicked on

2019-08-23 08:07:06 - [MESSAGE][PASSED] - Object: 'Object Repository/Page_cabi Home/a_Connections' is clicked on

2019-08-23 08:07:06 - [TEST_STEP][PASSED] - click(findTestObject("Page_cabi Home/a_Contact Manager")): Object: 'Object Repository/Page_cabi Home/a_Contact Manager' is clicked on

2019-08-23 08:07:12 - [MESSAGE][PASSED] - Object: 'Object Repository/Page_cabi Home/a_Contact Manager' is clicked on

2019-08-23 08:07:12 - [TEST_STEP][PASSED] - click(findTestObject("Page_cabi/span_SEND eBLAST")): Object: 'Object Repository/Page_cabi/span_SEND eBLAST' is clicked on

2019-08-23 08:07:12 - [MESSAGE][PASSED] - Object: 'Object Repository/Page_cabi/span_SEND eBLAST' is clicked on

2019-08-23 08:07:12 - [TEST_STEP][PASSED] - click(findTestObject("Object Repository/Page_cabi Eblast/a_Stylist Picks")): Object: 'Object Repository/Page_cabi Eblast/a_Stylist Picks' is clicked on

2019-08-23 08:07:24 - [MESSAGE][PASSED] - Object: 'Object Repository/Page_cabi Eblast/a_Stylist Picks' is clicked on

2019-08-23 08:07:24 - [TEST_STEP][PASSED] - click(findTestObject("Object Repository/Page_cabi Eblast/button_ADD PRODUCTS TO EBLAST")): Object: 'Object Repository/Page_cabi Eblast/button_ADD PRODUCTS TO EBLAST' is clicked on

2019-08-23 08:07:24 - [MESSAGE][PASSED] - Object: 'Object Repository/Page_cabi Eblast/button_ADD PRODUCTS TO EBLAST' is clicked on

2019-08-23 08:07:24 - [TEST_STEP][PASSED] - for ([row = 1, row <= findTestData("productData").getRowNumbers(), (row++)]): null

2019-08-23 08:07:24 - [TEST_STEP][PASSED] - delay(2): Delayed 2 second(s)

2019-08-23 08:07:26 - [MESSAGE][PASSED] - Delayed 2 second(s)

2019-08-23 08:07:26 - [TEST_STEP][PASSED] - setText(findTestObject("Page_cabi Eblast/eBlastStyleSearch"), findTestData("productData").getValue("Style", row)): Text '3842' is set on object 'Object Repository/Page_cabi Eblast/eBlastStyleSearch'

2019-08-23 08:07:26 - [MESSAGE][PASSED] - Text '3842' is set on object 'Object Repository/Page_cabi Eblast/eBlastStyleSearch'

2019-08-23 08:07:26 - [TEST_STEP][PASSED] - delay(4): Delayed 4 second(s)

2019-08-23 08:07:30 - [MESSAGE][PASSED] - Delayed 4 second(s)

2019-08-23 08:07:30 - [TEST_STEP][PASSED] - if (toString().equalsIgnoreCase("no")): null

2019-08-23 08:07:30 - [TEST_STEP][PASSED] - else: null

2019-08-23 08:07:30 - [TEST_STEP][PASSED] - space = " ": null

2019-08-23 08:07:30 - [TEST_STEP][PASSED] - openbrace = "(": null

2019-08-23 08:07:30 - [TEST_STEP][PASSED] - closebrace = ")": null

2019-08-23 08:07:30 - [TEST_STEP][PASSED] - style_id = getText(findTestObject("Page_cabi Eblast/style_id")): Text of object 'Object Repository/Page_cabi Eblast/style_id' is: '3842'

2019-08-23 08:07:30 - [MESSAGE][PASSED] - Text of object 'Object Repository/Page_cabi Eblast/style_id' is: '3842'

2019-08-23 08:07:30 - [TEST_STEP][PASSED] - style_name = getText(findTestObject("Page_cabi Eblast/style_name")): Text of object 'Object Repository/Page_cabi Eblast/style_name' is: 'Luxe Turtleneck'

2019-08-23 08:07:30 - [MESSAGE][PASSED] - Text of object 'Object Repository/Page_cabi Eblast/style_name' is: 'Luxe Turtleneck'

2019-08-23 08:07:30 - [TEST_STEP][PASSED] - style_color = getText(findTestObject("Page_cabi Eblast/style_color")): Text of object 'Object Repository/Page_cabi Eblast/style_color' is: '(Winter White)'

2019-08-23 08:07:30 - [MESSAGE][PASSED] - Text of object 'Object Repository/Page_cabi Eblast/style_color' is: '(Winter White)'

2019-08-23 08:07:30 - [TEST_STEP][PASSED] - style_web = $style_id$space$style_name$space$style_color: null

2019-08-23 08:07:30 - [TEST_STEP][PASSED] - styleid_data = findTestData("productData").getValue("Style", row): null

2019-08-23 08:07:30 - [TEST_STEP][PASSED] - styleid_name = findTestData("productData").getValue("Description", row): null

2019-08-23 08:07:30 - [TEST_STEP][PASSED] - styleid_color = findTestData("productData").getValue("Color", row): null

2019-08-23 08:07:30 - [TEST_STEP][PASSED] - style_data = $styleid_data$space$styleid_name$space$openbrace$styleid_color$closebrace: null

2019-08-23 08:07:30 - [TEST_STEP][PASSED] - println(style_web): null

2019-08-23 08:07:30 - [TEST_STEP][PASSED] - println(style_data): null

2019-08-23 08:07:30 - [TEST_STEP][PASSED] - assert style_data.equalsIgnoreCase(style_web): null

2019-08-23 08:07:30 - [TEST_STEP][PASSED] - callTestCase(findTestCase("NewArrival/populateTimeGlobalVars"), ["row":timeRow], STOP_ON_FAILURE): Call Test Case 'Test Cases/NewArrival/populateTimeGlobalVars' successfully

2019-08-23 08:07:30 - [TEST_CASE][PASSED] - Test Cases/NewArrival/populateTimeGlobalVars: Test Cases/NewArrival/populateTimeGlobalVars

2019-08-23 08:07:30 - [TEST_STEP][PASSED] - dataFile = "timezoneData": null

2019-08-23 08:07:30 - [TEST_STEP][PASSED] - clockServerTarget = UtilityMethods.getTestData("envtData", "clockServerTarget", 1): null

2019-08-23 08:07:30 - [TEST_STEP][PASSED] - println(clockServerTarget): null

2019-08-23 08:07:30 - [TEST_STEP][PASSED] - orderType = UtilityMethods.getTestData(dataFile, "orderType", row): null

2019-08-23 08:07:30 - [TEST_STEP][PASSED] - timeZone = UtilityMethods.getTestData(dataFile, "timeZone", row): null

2019-08-23 08:07:30 - [TEST_STEP][PASSED] - BOPersonal = UtilityMethods.getTestData(dataFile, "BOPersonal", row): null

2019-08-23 08:07:30 - [TEST_STEP][PASSED] - BOAddonPersonal = UtilityMethods.getTestData(dataFile, "BOAddonPersonal", row): null

2019-08-23 08:07:31 - [TEST_STEP][PASSED] - BOAddonRetail = UtilityMethods.getTestData(dataFile, "BOAddonRetail", row): null

2019-08-23 08:07:31 - [TEST_STEP][PASSED] - BORetail = UtilityMethods.getTestData(dataFile, "BORetail", row): null

2019-08-23 08:07:31 - [TEST_STEP][PASSED] - BOShow = UtilityMethods.getTestData(dataFile, "BOShow", row): null

2019-08-23 08:07:31 - [TEST_STEP][PASSED] - BOOnlineoutlet = UtilityMethods.getTestData(dataFile, "BOOnlineoutlet", row): null

2019-08-23 08:07:31 - [TEST_STEP][PASSED] - BOEmployee = UtilityMethods.getTestData(dataFile, "BOEmployee", row): null

2019-08-23 08:07:31 - [TEST_STEP][PASSED] - CCPersonal = UtilityMethods.getTestData(dataFile, "CCPersonal", row): null

2019-08-23 08:07:31 - [TEST_STEP][PASSED] - CCRetail = UtilityMethods.getTestData(dataFile, "CCRetail", row): null

2019-08-23 08:07:31 - [TEST_STEP][PASSED] - CCShow = UtilityMethods.getTestData(dataFile, "CCShow", row): null

2019-08-23 08:07:31 - [TEST_STEP][PASSED] - BOEblast = UtilityMethods.getTestData(dataFile, "BOEblast", row): null

2019-08-23 08:07:31 - [MESSAGE][PASSED] - Call Test Case 'Test Cases/NewArrival/populateTimeGlobalVars' successfully

2019-08-23 08:07:31 - [TEST_STEP][PASSED] - available = BOEblast: null

2019-08-23 08:07:31 - [TEST_STEP][PASSED] - callTestCase(findTestCase("NewArrival/setTimezone"), ["ofbizURL":"", "ofbizuser":"", "ofbizpass":"", "orderType":orderType, "timeZone":timeZone, "clockServerTarget":clockServerTarget], STOP_ON_FAILURE): Call Test Case 'Test Cases/NewArrival/setTimezone' successfully

2019-08-23 08:07:31 - [TEST_CASE][PASSED] - Test Cases/NewArrival/setTimezone: Test Cases/NewArrival/setTimezone

2019-08-23 08:07:31 - [TEST_STEP][PASSED] - openBrowser(""): Browser is opened with url: ''

2019-08-23 08:07:31 - [MESSAGE][WARNING] - A browser is already opened. Closing browser and opening a new one

2019-08-23 08:07:31 - [MESSAGE][INFO] - Starting 'Chrome' driver

2019-08-23 08:07:31 - [MESSAGE][INFO] - User set preference: ['args', '[--use-fake-ui-for-media-stream, --start-maximized]']

2019-08-23 08:07:34 - [MESSAGE][PASSED] - Browser is opened with url: ''

2019-08-23 08:07:34 - [TEST_STEP][NOT_RUN] - maximizeWindow(): NOT_RUN: maximizeWindow()

2019-08-23 08:07:34 - [MESSAGE][NOT_RUN] - NOT_RUN: maximizeWindow()

2019-08-23 08:07:34 - [TEST_STEP][PASSED] - ofbizURL = findTestData("envtData").getValue("ofbizURL", 1): null

2019-08-23 08:07:34 - [TEST_STEP][PASSED] - ofbizuser = findTestData("credData").getValue("ofbizuser", 1): null

2019-08-23 08:07:34 - [TEST_STEP][PASSED] - ofbizpass = findTestData("credData").getValue("ofbizpass", 1): null

2019-08-23 08:07:34 - [TEST_STEP][PASSED] - navigateToUrl(ofbizURL): Navigate to 'https://pushofbiz.cliotest.com/login.php' successfully

2019-08-23 08:07:36 - [MESSAGE][PASSED] - Navigate to 'https://pushofbiz.cliotest.com/login.php' successfully

2019-08-23 08:07:36 - [TEST_STEP][PASSED] - setText(findTestObject("Page_/input_Username_username"), ofbizuser): Text 'automation' is set on object 'Object Repository/Page_/input_Username_username'

2019-08-23 08:07:36 - [MESSAGE][PASSED] - Text 'automation' is set on object 'Object Repository/Page_/input_Username_username'

2019-08-23 08:07:36 - [TEST_STEP][PASSED] - setText(findTestObject("Page_/input_Password_password"), ofbizpass): Text 'cabiautomation' is set on object 'Object Repository/Page_/input_Password_password'

2019-08-23 08:07:36 - [MESSAGE][PASSED] - Text 'cabiautomation' is set on object 'Object Repository/Page_/input_Password_password'

2019-08-23 08:07:36 - [TEST_STEP][PASSED] - click(findTestObject("Page_/input_Password_Submit")): Object: 'Object Repository/Page_/input_Password_Submit' is clicked on

2019-08-23 08:07:41 - [MESSAGE][PASSED] - Object: 'Object Repository/Page_/input_Password_Submit' is clicked on

2019-08-23 08:07:41 - [TEST_STEP][PASSED] - click(findTestObject("Object Repository/Page_/a_Clock set")): Object: 'Object Repository/Page_/a_Clock set' is clicked on

2019-08-23 08:07:42 - [MESSAGE][PASSED] - Object: 'Object Repository/Page_/a_Clock set' is clicked on

2019-08-23 08:07:42 - [TEST_STEP][PASSED] - cst = UtilityMethods.createTestObject("select_target", "//select[@name='Target']/option[contains(text(), '", clockServerTarget, "')]"): null

2019-08-23 08:07:42 - [TEST_STEP][PASSED] - println(clockServerTarget): null

2019-08-23 08:07:42 - [TEST_STEP][PASSED] - click(cst): Object: 'select_target' is clicked on

2019-08-23 08:07:42 - [MESSAGE][PASSED] - Object: 'select_target' is clicked on

2019-08-23 08:07:42 - [TEST_STEP][PASSED] - click(findTestObject("Page_/thisDateAndTime")): Object: 'Object Repository/Page_/thisDateAndTime' is clicked on

2019-08-23 08:07:42 - [MESSAGE][PASSED] - Object: 'Object Repository/Page_/thisDateAndTime' is clicked on

2019-08-23 08:07:42 - [TEST_STEP][PASSED] - setText(findTestObject("Object Repository/Page_/setTargetTime"), timeZone): Text ' 10/09/2019 00:00' is set on object 'Object Repository/Page_/setTargetTime'

2019-08-23 08:07:43 - [MESSAGE][PASSED] - Text ' 10/09/2019 00:00' is set on object 'Object Repository/Page_/setTargetTime'

2019-08-23 08:07:43 - [TEST_STEP][PASSED] - click(findTestObject("Object Repository/Page_/input")): Object: 'Object Repository/Page_/input' is clicked on

2019-08-23 08:07:44 - [MESSAGE][PASSED] - Object: 'Object Repository/Page_/input' is clicked on

2019-08-23 08:07:44 - [TEST_STEP][PASSED] - delay(10): Delayed 10 second(s)

2019-08-23 08:07:54 - [MESSAGE][PASSED] - Delayed 10 second(s)

2019-08-23 08:07:54 - [TEST_STEP][NOT_RUN] - closeBrowser(): NOT_RUN: closeBrowser()

2019-08-23 08:07:54 - [MESSAGE][NOT_RUN] - NOT_RUN: closeBrowser()

2019-08-23 08:07:54 - [MESSAGE][PASSED] - Call Test Case 'Test Cases/NewArrival/setTimezone' successfully

2019-08-23 08:07:54 - [TEST_STEP][PASSED] - callTestCase(findTestCase("TestCaseUtilities/backOfficeLogin"), ["BOURL":"", "BOuser":"", "BOpass":""], STOP_ON_FAILURE): Call Test Case 'Test Cases/TestCaseUtilities/backOfficeLogin' successfully

2019-08-23 08:07:54 - [TEST_CASE][PASSED] - Test Cases/TestCaseUtilities/backOfficeLogin: Test Cases/TestCaseUtilities/backOfficeLogin

2019-08-23 08:07:54 - [TEST_STEP][PASSED] - BOURL = findTestData("envtData").getValue("BOURL", 1): null

2019-08-23 08:07:54 - [TEST_STEP][PASSED] - BOuser = findTestData("credData").getValue("BOuser", 1): null

2019-08-23 08:07:54 - [TEST_STEP][PASSED] - BOpass = findTestData("credData").getValue("BOpass", 1): null

2019-08-23 08:07:54 - [TEST_STEP][PASSED] - openBrowser(""): Browser is opened with url: ''

2019-08-23 08:07:54 - [MESSAGE][WARNING] - A browser is already opened. Closing browser and opening a new one

2019-08-23 08:07:55 - [MESSAGE][INFO] - Starting 'Chrome' driver

2019-08-23 08:07:55 - [MESSAGE][INFO] - User set preference: ['args', '[--use-fake-ui-for-media-stream, --start-maximized]']

2019-08-23 08:07:57 - [MESSAGE][PASSED] - Browser is opened with url: ''

2019-08-23 08:07:57 - [TEST_STEP][PASSED] - navigateToUrl(BOURL): Navigate to 'https://test4.cliotest.com/backoffice/control/main' successfully

2019-08-23 08:08:05 - [MESSAGE][PASSED] - Navigate to 'https://test4.cliotest.com/backoffice/control/main' successfully

2019-08-23 08:08:05 - [TEST_STEP][PASSED] - logOut = findWebElements(findTestObject("Object Repository/Page_cabi Home/log_out"), 1): Unable to find the element located by 'By.xpath: //a[contains(text(),'Log Out')]'. Please recheck the objects properties to make sure the desired element is located. 

2019-08-23 08:08:06 - [MESSAGE][INFO] - Unable to find the element located by 'By.xpath: //a[contains(text(),'Log Out')]'. Please recheck the objects properties to make sure the desired element is located. 

2019-08-23 08:08:06 - [TEST_STEP][PASSED] - if (logOut.size() == 0): Object: 'Object Repository/Page_cabi/input_Welcome to_consultantLogin' is clicked on

2019-08-23 08:08:06 - [TEST_STEP][PASSED] - setText(findTestObject("Page_cabi/input_Welcome to_USERNAME"), BOuser): Text '400000002' is set on object 'Object Repository/Page_cabi/input_Welcome to_USERNAME'

2019-08-23 08:08:06 - [MESSAGE][PASSED] - Text '400000002' is set on object 'Object Repository/Page_cabi/input_Welcome to_USERNAME'

2019-08-23 08:08:06 - [TEST_STEP][PASSED] - setText(findTestObject("Object Repository/Page_cabi/input_Welcome to_PASSWORD"), BOpass): Text 'blackdress19' is set on object 'Object Repository/Page_cabi/input_Welcome to_PASSWORD'

2019-08-23 08:08:06 - [MESSAGE][PASSED] - Text 'blackdress19' is set on object 'Object Repository/Page_cabi/input_Welcome to_PASSWORD'

2019-08-23 08:08:06 - [TEST_STEP][PASSED] - click(findTestObject("Object Repository/Page_cabi/input_Welcome to_consultantLogin")): Object: 'Object Repository/Page_cabi/input_Welcome to_consultantLogin' is clicked on

2019-08-23 08:08:17 - [MESSAGE][PASSED] - Object: 'Object Repository/Page_cabi/input_Welcome to_consultantLogin' is clicked on

2019-08-23 08:08:17 - [TEST_STEP][PASSED] - delay(3): Delayed 3 second(s)

2019-08-23 08:08:20 - [MESSAGE][PASSED] - Delayed 3 second(s)

2019-08-23 08:08:20 - [MESSAGE][PASSED] - Call Test Case 'Test Cases/TestCaseUtilities/backOfficeLogin' successfully

2019-08-23 08:08:20 - [TEST_STEP][PASSED] - click(findTestObject("Page_cabi Home/a_Connections")): Object: 'Object Repository/Page_cabi Home/a_Connections' is clicked on

2019-08-23 08:08:20 - [MESSAGE][PASSED] - Object: 'Object Repository/Page_cabi Home/a_Connections' is clicked on

2019-08-23 08:08:20 - [TEST_STEP][PASSED] - click(findTestObject("Page_cabi Home/a_Contact Manager")): Object: 'Object Repository/Page_cabi Home/a_Contact Manager' is clicked on

2019-08-23 08:08:26 - [MESSAGE][PASSED] - Object: 'Object Repository/Page_cabi Home/a_Contact Manager' is clicked on

2019-08-23 08:08:26 - [TEST_STEP][PASSED] - click(findTestObject("Page_cabi/span_SEND eBLAST")): Object: 'Object Repository/Page_cabi/span_SEND eBLAST' is clicked on

2019-08-23 08:08:26 - [MESSAGE][PASSED] - Object: 'Object Repository/Page_cabi/span_SEND eBLAST' is clicked on

2019-08-23 08:08:26 - [TEST_STEP][PASSED] - click(findTestObject("Object Repository/Page_cabi Eblast/a_Stylist Picks")): Object: 'Object Repository/Page_cabi Eblast/a_Stylist Picks' is clicked on

2019-08-23 08:08:38 - [MESSAGE][PASSED] - Object: 'Object Repository/Page_cabi Eblast/a_Stylist Picks' is clicked on

2019-08-23 08:08:38 - [TEST_STEP][PASSED] - click(findTestObject("Object Repository/Page_cabi Eblast/button_ADD PRODUCTS TO EBLAST")): Object: 'Object Repository/Page_cabi Eblast/button_ADD PRODUCTS TO EBLAST' is clicked on

2019-08-23 08:08:39 - [MESSAGE][PASSED] - Object: 'Object Repository/Page_cabi Eblast/button_ADD PRODUCTS TO EBLAST' is clicked on

2019-08-23 08:08:39 - [TEST_STEP][PASSED] - for ([row = 1, row <= findTestData("productData").getRowNumbers(), (row++)]): null

2019-08-23 08:08:39 - [TEST_STEP][PASSED] - delay(2): Delayed 2 second(s)

2019-08-23 08:08:41 - [MESSAGE][PASSED] - Delayed 2 second(s)

2019-08-23 08:08:41 - [TEST_STEP][PASSED] - setText(findTestObject("Page_cabi Eblast/eBlastStyleSearch"), findTestData("productData").getValue("Style", row)): Text '3842' is set on object 'Object Repository/Page_cabi Eblast/eBlastStyleSearch'

2019-08-23 08:08:41 - [MESSAGE][PASSED] - Text '3842' is set on object 'Object Repository/Page_cabi Eblast/eBlastStyleSearch'

2019-08-23 08:08:41 - [TEST_STEP][PASSED] - delay(4): Delayed 4 second(s)

2019-08-23 08:08:45 - [MESSAGE][PASSED] - Delayed 4 second(s)

2019-08-23 08:08:45 - [TEST_STEP][PASSED] - if (toString().equalsIgnoreCase("no")): null

2019-08-23 08:08:45 - [TEST_STEP][PASSED] - else: null

2019-08-23 08:08:45 - [TEST_STEP][PASSED] - space = " ": null

2019-08-23 08:08:45 - [TEST_STEP][PASSED] - openbrace = "(": null

2019-08-23 08:08:45 - [TEST_STEP][PASSED] - closebrace = ")": null

2019-08-23 08:08:45 - [TEST_STEP][PASSED] - style_id = getText(findTestObject("Page_cabi Eblast/style_id")): Text of object 'Object Repository/Page_cabi Eblast/style_id' is: '3842'

2019-08-23 08:08:45 - [MESSAGE][PASSED] - Text of object 'Object Repository/Page_cabi Eblast/style_id' is: '3842'

2019-08-23 08:08:45 - [TEST_STEP][PASSED] - style_name = getText(findTestObject("Page_cabi Eblast/style_name")): Text of object 'Object Repository/Page_cabi Eblast/style_name' is: 'Luxe Turtleneck'

2019-08-23 08:08:45 - [MESSAGE][PASSED] - Text of object 'Object Repository/Page_cabi Eblast/style_name' is: 'Luxe Turtleneck'

2019-08-23 08:08:45 - [TEST_STEP][PASSED] - style_color = getText(findTestObject("Page_cabi Eblast/style_color")): Text of object 'Object Repository/Page_cabi Eblast/style_color' is: '(Winter White)'

2019-08-23 08:08:45 - [MESSAGE][PASSED] - Text of object 'Object Repository/Page_cabi Eblast/style_color' is: '(Winter White)'

2019-08-23 08:08:45 - [TEST_STEP][PASSED] - style_web = $style_id$space$style_name$space$style_color: null

2019-08-23 08:08:45 - [TEST_STEP][PASSED] - styleid_data = findTestData("productData").getValue("Style", row): null

2019-08-23 08:08:45 - [TEST_STEP][PASSED] - styleid_name = findTestData("productData").getValue("Description", row): null

2019-08-23 08:08:45 - [TEST_STEP][PASSED] - styleid_color = findTestData("productData").getValue("Color", row): null

2019-08-23 08:08:45 - [TEST_STEP][PASSED] - style_data = $styleid_data$space$styleid_name$space$openbrace$styleid_color$closebrace: null

2019-08-23 08:08:45 - [TEST_STEP][PASSED] - println(style_web): null

2019-08-23 08:08:45 - [TEST_STEP][PASSED] - println(style_data): null

2019-08-23 08:08:45 - [TEST_STEP][PASSED] - assert style_data.equalsIgnoreCase(style_web): null]]></system-out>
         <system-err><![CDATA[]]></system-err>
      </testcase>
      <testcase name="Test Cases/NewArrival/BOOnline" classname="Test Cases/NewArrival/BOOnline" status="PASSED">
         <system-out><![CDATA[2019-08-23 08:08:45 - [TEST_CASE][PASSED] - Test Cases/NewArrival/BOOnline: Test Cases/NewArrival/BOOnline

2019-08-23 08:08:45 - [TEST_STEP][PASSED] - Start listener action : sampleBeforeTestCase: null

2019-08-23 08:08:45 - [TEST_STEP][PASSED] - println(testCaseContext.getTestCaseId()): null

2019-08-23 08:08:45 - [TEST_STEP][PASSED] - println(testCaseContext.getTestCaseVariables()): null

2019-08-23 08:08:46 - [TEST_STEP][PASSED] - openBrowser(""): Browser is opened with url: ''

2019-08-23 08:08:46 - [MESSAGE][WARNING] - A browser is already opened. Closing browser and opening a new one

2019-08-23 08:08:46 - [MESSAGE][INFO] - Starting 'Chrome' driver

2019-08-23 08:08:46 - [MESSAGE][INFO] - User set preference: ['args', '[--use-fake-ui-for-media-stream, --start-maximized]']

2019-08-23 08:08:48 - [MESSAGE][PASSED] - Browser is opened with url: ''

2019-08-23 08:08:48 - [TEST_STEP][PASSED] - for ([timeRow = 1, timeRow <= findTestData("timezoneData").getRowNumbers(), (timeRow++)]): Call Test Case 'Test Cases/NewArrival/productVerify' successfully

2019-08-23 08:08:49 - [TEST_STEP][PASSED] - callTestCase(findTestCase("NewArrival/populateTimeGlobalVars"), ["row":timeRow], STOP_ON_FAILURE): Call Test Case 'Test Cases/NewArrival/populateTimeGlobalVars' successfully

2019-08-23 08:08:49 - [TEST_CASE][PASSED] - Test Cases/NewArrival/populateTimeGlobalVars: Test Cases/NewArrival/populateTimeGlobalVars

2019-08-23 08:08:49 - [TEST_STEP][PASSED] - dataFile = "timezoneData": null

2019-08-23 08:08:49 - [TEST_STEP][PASSED] - clockServerTarget = UtilityMethods.getTestData("envtData", "clockServerTarget", 1): null

2019-08-23 08:08:49 - [TEST_STEP][PASSED] - println(clockServerTarget): null

2019-08-23 08:08:49 - [TEST_STEP][PASSED] - orderType = UtilityMethods.getTestData(dataFile, "orderType", row): null

2019-08-23 08:08:49 - [TEST_STEP][PASSED] - timeZone = UtilityMethods.getTestData(dataFile, "timeZone", row): null

2019-08-23 08:08:49 - [TEST_STEP][PASSED] - BOPersonal = UtilityMethods.getTestData(dataFile, "BOPersonal", row): null

2019-08-23 08:08:49 - [TEST_STEP][PASSED] - BOAddonPersonal = UtilityMethods.getTestData(dataFile, "BOAddonPersonal", row): null

2019-08-23 08:08:49 - [TEST_STEP][PASSED] - BOAddonRetail = UtilityMethods.getTestData(dataFile, "BOAddonRetail", row): null

2019-08-23 08:08:49 - [TEST_STEP][PASSED] - BORetail = UtilityMethods.getTestData(dataFile, "BORetail", row): null

2019-08-23 08:08:49 - [TEST_STEP][PASSED] - BOShow = UtilityMethods.getTestData(dataFile, "BOShow", row): null

2019-08-23 08:08:49 - [TEST_STEP][PASSED] - BOOnlineoutlet = UtilityMethods.getTestData(dataFile, "BOOnlineoutlet", row): null

2019-08-23 08:08:49 - [TEST_STEP][PASSED] - BOEmployee = UtilityMethods.getTestData(dataFile, "BOEmployee", row): null

2019-08-23 08:08:49 - [TEST_STEP][PASSED] - CCPersonal = UtilityMethods.getTestData(dataFile, "CCPersonal", row): null

2019-08-23 08:08:49 - [TEST_STEP][PASSED] - CCRetail = UtilityMethods.getTestData(dataFile, "CCRetail", row): null

2019-08-23 08:08:49 - [TEST_STEP][PASSED] - CCShow = UtilityMethods.getTestData(dataFile, "CCShow", row): null

2019-08-23 08:08:49 - [TEST_STEP][PASSED] - BOEblast = UtilityMethods.getTestData(dataFile, "BOEblast", row): null

2019-08-23 08:08:49 - [MESSAGE][PASSED] - Call Test Case 'Test Cases/NewArrival/populateTimeGlobalVars' successfully

2019-08-23 08:08:49 - [TEST_STEP][PASSED] - callTestCase(findTestCase("NewArrival/setTimezone"), ["ofbizURL":"", "ofbizuser":"", "ofbizpass":"", "orderType":orderType, "timeZone":timeZone, "serverTarget":serverTarget, "clockServerTarget":clockServerTarget], STOP_ON_FAILURE): Call Test Case 'Test Cases/NewArrival/setTimezone' successfully

2019-08-23 08:08:49 - [TEST_CASE][PASSED] - Test Cases/NewArrival/setTimezone: Test Cases/NewArrival/setTimezone

2019-08-23 08:08:49 - [TEST_STEP][PASSED] - openBrowser(""): Browser is opened with url: ''

2019-08-23 08:08:49 - [MESSAGE][WARNING] - A browser is already opened. Closing browser and opening a new one

2019-08-23 08:08:50 - [MESSAGE][INFO] - Starting 'Chrome' driver

2019-08-23 08:08:50 - [MESSAGE][INFO] - User set preference: ['args', '[--use-fake-ui-for-media-stream, --start-maximized]']

2019-08-23 08:08:52 - [MESSAGE][PASSED] - Browser is opened with url: ''

2019-08-23 08:08:52 - [TEST_STEP][NOT_RUN] - maximizeWindow(): NOT_RUN: maximizeWindow()

2019-08-23 08:08:52 - [MESSAGE][NOT_RUN] - NOT_RUN: maximizeWindow()

2019-08-23 08:08:52 - [TEST_STEP][PASSED] - ofbizURL = findTestData("envtData").getValue("ofbizURL", 1): null

2019-08-23 08:08:52 - [TEST_STEP][PASSED] - ofbizuser = findTestData("credData").getValue("ofbizuser", 1): null

2019-08-23 08:08:52 - [TEST_STEP][PASSED] - ofbizpass = findTestData("credData").getValue("ofbizpass", 1): null

2019-08-23 08:08:52 - [TEST_STEP][PASSED] - navigateToUrl(ofbizURL): Navigate to 'https://pushofbiz.cliotest.com/login.php' successfully

2019-08-23 08:08:54 - [MESSAGE][PASSED] - Navigate to 'https://pushofbiz.cliotest.com/login.php' successfully

2019-08-23 08:08:54 - [TEST_STEP][PASSED] - setText(findTestObject("Page_/input_Username_username"), ofbizuser): Text 'automation' is set on object 'Object Repository/Page_/input_Username_username'

2019-08-23 08:08:55 - [MESSAGE][PASSED] - Text 'automation' is set on object 'Object Repository/Page_/input_Username_username'

2019-08-23 08:08:55 - [TEST_STEP][PASSED] - setText(findTestObject("Page_/input_Password_password"), ofbizpass): Text 'cabiautomation' is set on object 'Object Repository/Page_/input_Password_password'

2019-08-23 08:08:55 - [MESSAGE][PASSED] - Text 'cabiautomation' is set on object 'Object Repository/Page_/input_Password_password'

2019-08-23 08:08:55 - [TEST_STEP][PASSED] - click(findTestObject("Page_/input_Password_Submit")): Object: 'Object Repository/Page_/input_Password_Submit' is clicked on

2019-08-23 08:09:01 - [MESSAGE][PASSED] - Object: 'Object Repository/Page_/input_Password_Submit' is clicked on

2019-08-23 08:09:01 - [TEST_STEP][PASSED] - click(findTestObject("Object Repository/Page_/a_Clock set")): Object: 'Object Repository/Page_/a_Clock set' is clicked on

2019-08-23 08:09:02 - [MESSAGE][PASSED] - Object: 'Object Repository/Page_/a_Clock set' is clicked on

2019-08-23 08:09:02 - [TEST_STEP][PASSED] - cst = UtilityMethods.createTestObject("select_target", "//select[@name='Target']/option[contains(text(), '", clockServerTarget, "')]"): null

2019-08-23 08:09:02 - [TEST_STEP][PASSED] - println(clockServerTarget): null

2019-08-23 08:09:02 - [TEST_STEP][PASSED] - click(cst): Object: 'select_target' is clicked on

2019-08-23 08:09:02 - [MESSAGE][PASSED] - Object: 'select_target' is clicked on

2019-08-23 08:09:02 - [TEST_STEP][PASSED] - click(findTestObject("Page_/thisDateAndTime")): Object: 'Object Repository/Page_/thisDateAndTime' is clicked on

2019-08-23 08:09:02 - [MESSAGE][PASSED] - Object: 'Object Repository/Page_/thisDateAndTime' is clicked on

2019-08-23 08:09:02 - [TEST_STEP][PASSED] - setText(findTestObject("Object Repository/Page_/setTargetTime"), timeZone): Text ' 09/06/2019 7:00' is set on object 'Object Repository/Page_/setTargetTime'

2019-08-23 08:09:02 - [MESSAGE][PASSED] - Text ' 09/06/2019 7:00' is set on object 'Object Repository/Page_/setTargetTime'

2019-08-23 08:09:02 - [TEST_STEP][PASSED] - click(findTestObject("Object Repository/Page_/input")): Object: 'Object Repository/Page_/input' is clicked on

2019-08-23 08:09:04 - [MESSAGE][PASSED] - Object: 'Object Repository/Page_/input' is clicked on

2019-08-23 08:09:04 - [TEST_STEP][PASSED] - delay(10): Delayed 10 second(s)

2019-08-23 08:09:14 - [MESSAGE][PASSED] - Delayed 10 second(s)

2019-08-23 08:09:14 - [TEST_STEP][NOT_RUN] - closeBrowser(): NOT_RUN: closeBrowser()

2019-08-23 08:09:14 - [MESSAGE][NOT_RUN] - NOT_RUN: closeBrowser()

2019-08-23 08:09:14 - [MESSAGE][PASSED] - Call Test Case 'Test Cases/NewArrival/setTimezone' successfully

2019-08-23 08:09:14 - [TEST_STEP][PASSED] - callTestCase(findTestCase("TestCaseUtilities/backOfficeLogin"), ["BOURL":"", "BOuser":"", "BOpass":""], STOP_ON_FAILURE): Call Test Case 'Test Cases/TestCaseUtilities/backOfficeLogin' successfully

2019-08-23 08:09:14 - [TEST_CASE][PASSED] - Test Cases/TestCaseUtilities/backOfficeLogin: Test Cases/TestCaseUtilities/backOfficeLogin

2019-08-23 08:09:14 - [TEST_STEP][PASSED] - BOURL = findTestData("envtData").getValue("BOURL", 1): null

2019-08-23 08:09:14 - [TEST_STEP][PASSED] - BOuser = findTestData("credData").getValue("BOuser", 1): null

2019-08-23 08:09:14 - [TEST_STEP][PASSED] - BOpass = findTestData("credData").getValue("BOpass", 1): null

2019-08-23 08:09:14 - [TEST_STEP][PASSED] - openBrowser(""): Browser is opened with url: ''

2019-08-23 08:09:14 - [MESSAGE][WARNING] - A browser is already opened. Closing browser and opening a new one

2019-08-23 08:09:14 - [MESSAGE][INFO] - Starting 'Chrome' driver

2019-08-23 08:09:14 - [MESSAGE][INFO] - User set preference: ['args', '[--use-fake-ui-for-media-stream, --start-maximized]']

2019-08-23 08:09:16 - [MESSAGE][PASSED] - Browser is opened with url: ''

2019-08-23 08:09:16 - [TEST_STEP][PASSED] - navigateToUrl(BOURL): Navigate to 'https://test4.cliotest.com/backoffice/control/main' successfully

2019-08-23 08:09:24 - [MESSAGE][PASSED] - Navigate to 'https://test4.cliotest.com/backoffice/control/main' successfully

2019-08-23 08:09:24 - [TEST_STEP][PASSED] - logOut = findWebElements(findTestObject("Object Repository/Page_cabi Home/log_out"), 1): Unable to find the element located by 'By.xpath: //a[contains(text(),'Log Out')]'. Please recheck the objects properties to make sure the desired element is located. 

2019-08-23 08:09:25 - [MESSAGE][INFO] - Unable to find the element located by 'By.xpath: //a[contains(text(),'Log Out')]'. Please recheck the objects properties to make sure the desired element is located. 

2019-08-23 08:09:25 - [TEST_STEP][PASSED] - if (logOut.size() == 0): Object: 'Object Repository/Page_cabi/input_Welcome to_consultantLogin' is clicked on

2019-08-23 08:09:25 - [TEST_STEP][PASSED] - setText(findTestObject("Page_cabi/input_Welcome to_USERNAME"), BOuser): Text '400000002' is set on object 'Object Repository/Page_cabi/input_Welcome to_USERNAME'

2019-08-23 08:09:25 - [MESSAGE][PASSED] - Text '400000002' is set on object 'Object Repository/Page_cabi/input_Welcome to_USERNAME'

2019-08-23 08:09:25 - [TEST_STEP][PASSED] - setText(findTestObject("Object Repository/Page_cabi/input_Welcome to_PASSWORD"), BOpass): Text 'blackdress19' is set on object 'Object Repository/Page_cabi/input_Welcome to_PASSWORD'

2019-08-23 08:09:25 - [MESSAGE][PASSED] - Text 'blackdress19' is set on object 'Object Repository/Page_cabi/input_Welcome to_PASSWORD'

2019-08-23 08:09:25 - [TEST_STEP][PASSED] - click(findTestObject("Object Repository/Page_cabi/input_Welcome to_consultantLogin")): Object: 'Object Repository/Page_cabi/input_Welcome to_consultantLogin' is clicked on

2019-08-23 08:09:36 - [MESSAGE][PASSED] - Object: 'Object Repository/Page_cabi/input_Welcome to_consultantLogin' is clicked on

2019-08-23 08:09:36 - [TEST_STEP][PASSED] - delay(3): Delayed 3 second(s)

2019-08-23 08:09:39 - [MESSAGE][PASSED] - Delayed 3 second(s)

2019-08-23 08:09:39 - [MESSAGE][PASSED] - Call Test Case 'Test Cases/TestCaseUtilities/backOfficeLogin' successfully

2019-08-23 08:09:39 - [TEST_STEP][PASSED] - click(findTestObject("Object Repository/Page_cabi Home/a_Shows  Orders")): Object: 'Object Repository/Page_cabi Home/a_Shows  Orders' is clicked on

2019-08-23 08:09:39 - [MESSAGE][PASSED] - Object: 'Object Repository/Page_cabi Home/a_Shows  Orders' is clicked on

2019-08-23 08:09:39 - [TEST_STEP][PASSED] - delay(3): Delayed 3 second(s)

2019-08-23 08:09:42 - [MESSAGE][PASSED] - Delayed 3 second(s)

2019-08-23 08:09:42 - [TEST_STEP][PASSED] - rightClick(findTestObject("Page_cabi Home/a_online_outline_purchases")): Object: 'Object Repository/Page_cabi Home/a_online_outline_purchases' is right clicked on

2019-08-23 08:09:42 - [MESSAGE][PASSED] - Object: 'Object Repository/Page_cabi Home/a_online_outline_purchases' is right clicked on

2019-08-23 08:09:42 - [TEST_STEP][PASSED] - click(findTestObject("Page_cabi Home/a_online_outline_purchases")): Object: 'Object Repository/Page_cabi Home/a_online_outline_purchases' is clicked on

2019-08-23 08:09:47 - [MESSAGE][PASSED] - Object: 'Object Repository/Page_cabi Home/a_online_outline_purchases' is clicked on

2019-08-23 08:09:47 - [TEST_STEP][PASSED] - click(findTestObject("Object Repository/Page_cabi Online Outlet Store/span_Continue to Order")): Object: 'Object Repository/Page_cabi Online Outlet Store/span_Continue to Order' is clicked on

2019-08-23 08:09:48 - [MESSAGE][PASSED] - Object: 'Object Repository/Page_cabi Online Outlet Store/span_Continue to Order' is clicked on

2019-08-23 08:09:48 - [TEST_STEP][PASSED] - callTestCase(findTestCase("NewArrival/productVerify"), ["available":BOOnlineoutlet, "storeType":"BOOnlineoutlet"], STOP_ON_FAILURE): Call Test Case 'Test Cases/NewArrival/productVerify' successfully

2019-08-23 08:09:48 - [TEST_CASE][PASSED] - Test Cases/NewArrival/productVerify: Test Cases/NewArrival/productVerify

2019-08-23 08:09:48 - [TEST_STEP][PASSED] - for ([row = 1, row <= findTestData("productData").getRowNumbers(), (row++)]): Actual text and expected text of test object 'Object Repository/Page_cabi Order Items/no_result_found' are matched.

2019-08-23 08:09:49 - [TEST_STEP][PASSED] - setText(findTestObject("Object Repository/Page_cabi Order Items/input_New Arrivals - Blooming Blush_style"), findTestData("productData").getValue("Style", row)): Text '3842' is set on object 'Object Repository/Page_cabi Order Items/input_New Arrivals - Blooming Blush_style'

2019-08-23 08:09:50 - [MESSAGE][PASSED] - Text '3842' is set on object 'Object Repository/Page_cabi Order Items/input_New Arrivals - Blooming Blush_style'

2019-08-23 08:09:50 - [TEST_STEP][PASSED] - sendKeys(findTestObject("Object Repository/Page_cabi Order Items/input_New Arrivals - Blooming Blush_style"), Keys.chord(ENTER)): Keys 'ENTER + ' sent to object: 'Object Repository/Page_cabi Order Items/input_New Arrivals - Blooming Blush_style'

2019-08-23 08:09:51 - [MESSAGE][PASSED] - Keys 'ENTER + ' sent to object: 'Object Repository/Page_cabi Order Items/input_New Arrivals - Blooming Blush_style'

2019-08-23 08:09:51 - [TEST_STEP][PASSED] - delay(5): Delayed 5 second(s)

2019-08-23 08:09:56 - [MESSAGE][PASSED] - Delayed 5 second(s)

2019-08-23 08:09:56 - [TEST_STEP][PASSED] - if (toString().equalsIgnoreCase("no")): Actual text and expected text of test object 'Object Repository/Page_cabi Order Items/no_result_found' are matched.

2019-08-23 08:09:56 - [TEST_STEP][PASSED] - noResultMessages = findWebElements(findTestObject("Page_cabi Order Items/no_result_found"), 5): null

2019-08-23 08:09:56 - [TEST_STEP][PASSED] - assert noResultMessages.size() > 0: null

2019-08-23 08:09:56 - [TEST_STEP][PASSED] - verifyElementText(findTestObject("Page_cabi Order Items/no_result_found"), "No Results Found!", CONTINUE_ON_FAILURE): Actual text and expected text of test object 'Object Repository/Page_cabi Order Items/no_result_found' are matched.

2019-08-23 08:09:56 - [MESSAGE][PASSED] - Actual text and expected text of test object 'Object Repository/Page_cabi Order Items/no_result_found' are matched.

2019-08-23 08:09:56 - [MESSAGE][PASSED] - Call Test Case 'Test Cases/NewArrival/productVerify' successfully

2019-08-23 08:09:56 - [TEST_STEP][PASSED] - callTestCase(findTestCase("NewArrival/populateTimeGlobalVars"), ["row":timeRow], STOP_ON_FAILURE): Call Test Case 'Test Cases/NewArrival/populateTimeGlobalVars' successfully

2019-08-23 08:09:56 - [TEST_CASE][PASSED] - Test Cases/NewArrival/populateTimeGlobalVars: Test Cases/NewArrival/populateTimeGlobalVars

2019-08-23 08:09:56 - [TEST_STEP][PASSED] - dataFile = "timezoneData": null

2019-08-23 08:09:56 - [TEST_STEP][PASSED] - clockServerTarget = UtilityMethods.getTestData("envtData", "clockServerTarget", 1): null

2019-08-23 08:09:56 - [TEST_STEP][PASSED] - println(clockServerTarget): null

2019-08-23 08:09:56 - [TEST_STEP][PASSED] - orderType = UtilityMethods.getTestData(dataFile, "orderType", row): null

2019-08-23 08:09:56 - [TEST_STEP][PASSED] - timeZone = UtilityMethods.getTestData(dataFile, "timeZone", row): null

2019-08-23 08:09:56 - [TEST_STEP][PASSED] - BOPersonal = UtilityMethods.getTestData(dataFile, "BOPersonal", row): null

2019-08-23 08:09:56 - [TEST_STEP][PASSED] - BOAddonPersonal = UtilityMethods.getTestData(dataFile, "BOAddonPersonal", row): null

2019-08-23 08:09:56 - [TEST_STEP][PASSED] - BOAddonRetail = UtilityMethods.getTestData(dataFile, "BOAddonRetail", row): null

2019-08-23 08:09:56 - [TEST_STEP][PASSED] - BORetail = UtilityMethods.getTestData(dataFile, "BORetail", row): null

2019-08-23 08:09:56 - [TEST_STEP][PASSED] - BOShow = UtilityMethods.getTestData(dataFile, "BOShow", row): null

2019-08-23 08:09:56 - [TEST_STEP][PASSED] - BOOnlineoutlet = UtilityMethods.getTestData(dataFile, "BOOnlineoutlet", row): null

2019-08-23 08:09:56 - [TEST_STEP][PASSED] - BOEmployee = UtilityMethods.getTestData(dataFile, "BOEmployee", row): null

2019-08-23 08:09:56 - [TEST_STEP][PASSED] - CCPersonal = UtilityMethods.getTestData(dataFile, "CCPersonal", row): null

2019-08-23 08:09:56 - [TEST_STEP][PASSED] - CCRetail = UtilityMethods.getTestData(dataFile, "CCRetail", row): null

2019-08-23 08:09:56 - [TEST_STEP][PASSED] - CCShow = UtilityMethods.getTestData(dataFile, "CCShow", row): null

2019-08-23 08:09:56 - [TEST_STEP][PASSED] - BOEblast = UtilityMethods.getTestData(dataFile, "BOEblast", row): null

2019-08-23 08:09:56 - [MESSAGE][PASSED] - Call Test Case 'Test Cases/NewArrival/populateTimeGlobalVars' successfully

2019-08-23 08:09:56 - [TEST_STEP][PASSED] - callTestCase(findTestCase("NewArrival/setTimezone"), ["ofbizURL":"", "ofbizuser":"", "ofbizpass":"", "orderType":orderType, "timeZone":timeZone, "serverTarget":serverTarget, "clockServerTarget":clockServerTarget], STOP_ON_FAILURE): Call Test Case 'Test Cases/NewArrival/setTimezone' successfully

2019-08-23 08:09:56 - [TEST_CASE][PASSED] - Test Cases/NewArrival/setTimezone: Test Cases/NewArrival/setTimezone

2019-08-23 08:09:56 - [TEST_STEP][PASSED] - openBrowser(""): Browser is opened with url: ''

2019-08-23 08:09:56 - [MESSAGE][WARNING] - A browser is already opened. Closing browser and opening a new one

2019-08-23 08:09:57 - [MESSAGE][INFO] - Starting 'Chrome' driver

2019-08-23 08:09:57 - [MESSAGE][INFO] - User set preference: ['args', '[--use-fake-ui-for-media-stream, --start-maximized]']

2019-08-23 08:09:59 - [MESSAGE][PASSED] - Browser is opened with url: ''

2019-08-23 08:09:59 - [TEST_STEP][NOT_RUN] - maximizeWindow(): NOT_RUN: maximizeWindow()

2019-08-23 08:09:59 - [MESSAGE][NOT_RUN] - NOT_RUN: maximizeWindow()

2019-08-23 08:09:59 - [TEST_STEP][PASSED] - ofbizURL = findTestData("envtData").getValue("ofbizURL", 1): null

2019-08-23 08:09:59 - [TEST_STEP][PASSED] - ofbizuser = findTestData("credData").getValue("ofbizuser", 1): null

2019-08-23 08:09:59 - [TEST_STEP][PASSED] - ofbizpass = findTestData("credData").getValue("ofbizpass", 1): null

2019-08-23 08:09:59 - [TEST_STEP][PASSED] - navigateToUrl(ofbizURL): Navigate to 'https://pushofbiz.cliotest.com/login.php' successfully

2019-08-23 08:10:01 - [MESSAGE][PASSED] - Navigate to 'https://pushofbiz.cliotest.com/login.php' successfully

2019-08-23 08:10:01 - [TEST_STEP][PASSED] - setText(findTestObject("Page_/input_Username_username"), ofbizuser): Text 'automation' is set on object 'Object Repository/Page_/input_Username_username'

2019-08-23 08:10:01 - [MESSAGE][PASSED] - Text 'automation' is set on object 'Object Repository/Page_/input_Username_username'

2019-08-23 08:10:01 - [TEST_STEP][PASSED] - setText(findTestObject("Page_/input_Password_password"), ofbizpass): Text 'cabiautomation' is set on object 'Object Repository/Page_/input_Password_password'

2019-08-23 08:10:01 - [MESSAGE][PASSED] - Text 'cabiautomation' is set on object 'Object Repository/Page_/input_Password_password'

2019-08-23 08:10:01 - [TEST_STEP][PASSED] - click(findTestObject("Page_/input_Password_Submit")): Object: 'Object Repository/Page_/input_Password_Submit' is clicked on

2019-08-23 08:10:06 - [MESSAGE][PASSED] - Object: 'Object Repository/Page_/input_Password_Submit' is clicked on

2019-08-23 08:10:06 - [TEST_STEP][PASSED] - click(findTestObject("Object Repository/Page_/a_Clock set")): Object: 'Object Repository/Page_/a_Clock set' is clicked on

2019-08-23 08:10:07 - [MESSAGE][PASSED] - Object: 'Object Repository/Page_/a_Clock set' is clicked on

2019-08-23 08:10:07 - [TEST_STEP][PASSED] - cst = UtilityMethods.createTestObject("select_target", "//select[@name='Target']/option[contains(text(), '", clockServerTarget, "')]"): null

2019-08-23 08:10:07 - [TEST_STEP][PASSED] - println(clockServerTarget): null

2019-08-23 08:10:07 - [TEST_STEP][PASSED] - click(cst): Object: 'select_target' is clicked on

2019-08-23 08:10:07 - [MESSAGE][PASSED] - Object: 'select_target' is clicked on

2019-08-23 08:10:07 - [TEST_STEP][PASSED] - click(findTestObject("Page_/thisDateAndTime")): Object: 'Object Repository/Page_/thisDateAndTime' is clicked on

2019-08-23 08:10:07 - [MESSAGE][PASSED] - Object: 'Object Repository/Page_/thisDateAndTime' is clicked on

2019-08-23 08:10:07 - [TEST_STEP][PASSED] - setText(findTestObject("Object Repository/Page_/setTargetTime"), timeZone): Text ' 09/12/2019 00:00' is set on object 'Object Repository/Page_/setTargetTime'

2019-08-23 08:10:07 - [MESSAGE][PASSED] - Text ' 09/12/2019 00:00' is set on object 'Object Repository/Page_/setTargetTime'

2019-08-23 08:10:07 - [TEST_STEP][PASSED] - click(findTestObject("Object Repository/Page_/input")): Object: 'Object Repository/Page_/input' is clicked on

2019-08-23 08:10:09 - [MESSAGE][PASSED] - Object: 'Object Repository/Page_/input' is clicked on

2019-08-23 08:10:09 - [TEST_STEP][PASSED] - delay(10): Delayed 10 second(s)

2019-08-23 08:10:19 - [MESSAGE][PASSED] - Delayed 10 second(s)

2019-08-23 08:10:19 - [TEST_STEP][NOT_RUN] - closeBrowser(): NOT_RUN: closeBrowser()

2019-08-23 08:10:19 - [MESSAGE][NOT_RUN] - NOT_RUN: closeBrowser()

2019-08-23 08:10:19 - [MESSAGE][PASSED] - Call Test Case 'Test Cases/NewArrival/setTimezone' successfully

2019-08-23 08:10:19 - [TEST_STEP][PASSED] - callTestCase(findTestCase("TestCaseUtilities/backOfficeLogin"), ["BOURL":"", "BOuser":"", "BOpass":""], STOP_ON_FAILURE): Call Test Case 'Test Cases/TestCaseUtilities/backOfficeLogin' successfully

2019-08-23 08:10:19 - [TEST_CASE][PASSED] - Test Cases/TestCaseUtilities/backOfficeLogin: Test Cases/TestCaseUtilities/backOfficeLogin

2019-08-23 08:10:19 - [TEST_STEP][PASSED] - BOURL = findTestData("envtData").getValue("BOURL", 1): null

2019-08-23 08:10:19 - [TEST_STEP][PASSED] - BOuser = findTestData("credData").getValue("BOuser", 1): null

2019-08-23 08:10:19 - [TEST_STEP][PASSED] - BOpass = findTestData("credData").getValue("BOpass", 1): null

2019-08-23 08:10:19 - [TEST_STEP][PASSED] - openBrowser(""): Browser is opened with url: ''

2019-08-23 08:10:19 - [MESSAGE][WARNING] - A browser is already opened. Closing browser and opening a new one

2019-08-23 08:10:19 - [MESSAGE][INFO] - Starting 'Chrome' driver

2019-08-23 08:10:19 - [MESSAGE][INFO] - User set preference: ['args', '[--use-fake-ui-for-media-stream, --start-maximized]']

2019-08-23 08:10:22 - [MESSAGE][PASSED] - Browser is opened with url: ''

2019-08-23 08:10:22 - [TEST_STEP][PASSED] - navigateToUrl(BOURL): Navigate to 'https://test4.cliotest.com/backoffice/control/main' successfully

2019-08-23 08:10:30 - [MESSAGE][PASSED] - Navigate to 'https://test4.cliotest.com/backoffice/control/main' successfully

2019-08-23 08:10:30 - [TEST_STEP][PASSED] - logOut = findWebElements(findTestObject("Object Repository/Page_cabi Home/log_out"), 1): Unable to find the element located by 'By.xpath: //a[contains(text(),'Log Out')]'. Please recheck the objects properties to make sure the desired element is located. 

2019-08-23 08:10:31 - [MESSAGE][INFO] - Unable to find the element located by 'By.xpath: //a[contains(text(),'Log Out')]'. Please recheck the objects properties to make sure the desired element is located. 

2019-08-23 08:10:31 - [TEST_STEP][PASSED] - if (logOut.size() == 0): Object: 'Object Repository/Page_cabi/input_Welcome to_consultantLogin' is clicked on

2019-08-23 08:10:31 - [TEST_STEP][PASSED] - setText(findTestObject("Page_cabi/input_Welcome to_USERNAME"), BOuser): Text '400000002' is set on object 'Object Repository/Page_cabi/input_Welcome to_USERNAME'

2019-08-23 08:10:31 - [MESSAGE][PASSED] - Text '400000002' is set on object 'Object Repository/Page_cabi/input_Welcome to_USERNAME'

2019-08-23 08:10:31 - [TEST_STEP][PASSED] - setText(findTestObject("Object Repository/Page_cabi/input_Welcome to_PASSWORD"), BOpass): Text 'blackdress19' is set on object 'Object Repository/Page_cabi/input_Welcome to_PASSWORD'

2019-08-23 08:10:31 - [MESSAGE][PASSED] - Text 'blackdress19' is set on object 'Object Repository/Page_cabi/input_Welcome to_PASSWORD'

2019-08-23 08:10:31 - [TEST_STEP][PASSED] - click(findTestObject("Object Repository/Page_cabi/input_Welcome to_consultantLogin")): Object: 'Object Repository/Page_cabi/input_Welcome to_consultantLogin' is clicked on

2019-08-23 08:10:41 - [MESSAGE][PASSED] - Object: 'Object Repository/Page_cabi/input_Welcome to_consultantLogin' is clicked on

2019-08-23 08:10:41 - [TEST_STEP][PASSED] - delay(3): Delayed 3 second(s)

2019-08-23 08:10:44 - [MESSAGE][PASSED] - Delayed 3 second(s)

2019-08-23 08:10:44 - [MESSAGE][PASSED] - Call Test Case 'Test Cases/TestCaseUtilities/backOfficeLogin' successfully

2019-08-23 08:10:44 - [TEST_STEP][PASSED] - click(findTestObject("Object Repository/Page_cabi Home/a_Shows  Orders")): Object: 'Object Repository/Page_cabi Home/a_Shows  Orders' is clicked on

2019-08-23 08:10:44 - [MESSAGE][PASSED] - Object: 'Object Repository/Page_cabi Home/a_Shows  Orders' is clicked on

2019-08-23 08:10:44 - [TEST_STEP][PASSED] - delay(3): Delayed 3 second(s)

2019-08-23 08:10:47 - [MESSAGE][PASSED] - Delayed 3 second(s)

2019-08-23 08:10:47 - [TEST_STEP][PASSED] - rightClick(findTestObject("Page_cabi Home/a_online_outline_purchases")): Object: 'Object Repository/Page_cabi Home/a_online_outline_purchases' is right clicked on

2019-08-23 08:10:47 - [MESSAGE][PASSED] - Object: 'Object Repository/Page_cabi Home/a_online_outline_purchases' is right clicked on

2019-08-23 08:10:47 - [TEST_STEP][PASSED] - click(findTestObject("Page_cabi Home/a_online_outline_purchases")): Object: 'Object Repository/Page_cabi Home/a_online_outline_purchases' is clicked on

2019-08-23 08:10:53 - [MESSAGE][PASSED] - Object: 'Object Repository/Page_cabi Home/a_online_outline_purchases' is clicked on

2019-08-23 08:10:53 - [TEST_STEP][PASSED] - click(findTestObject("Object Repository/Page_cabi Online Outlet Store/span_Continue to Order")): Object: 'Object Repository/Page_cabi Online Outlet Store/span_Continue to Order' is clicked on

2019-08-23 08:10:53 - [MESSAGE][PASSED] - Object: 'Object Repository/Page_cabi Online Outlet Store/span_Continue to Order' is clicked on

2019-08-23 08:10:53 - [TEST_STEP][PASSED] - callTestCase(findTestCase("NewArrival/productVerify"), ["available":BOOnlineoutlet, "storeType":"BOOnlineoutlet"], STOP_ON_FAILURE): Call Test Case 'Test Cases/NewArrival/productVerify' successfully

2019-08-23 08:10:53 - [TEST_CASE][PASSED] - Test Cases/NewArrival/productVerify: Test Cases/NewArrival/productVerify

2019-08-23 08:10:53 - [TEST_STEP][PASSED] - for ([row = 1, row <= findTestData("productData").getRowNumbers(), (row++)]): Actual text and expected text of test object 'Object Repository/Page_cabi Order Items/no_result_found' are matched.

2019-08-23 08:10:53 - [TEST_STEP][PASSED] - setText(findTestObject("Object Repository/Page_cabi Order Items/input_New Arrivals - Blooming Blush_style"), findTestData("productData").getValue("Style", row)): Text '3842' is set on object 'Object Repository/Page_cabi Order Items/input_New Arrivals - Blooming Blush_style'

2019-08-23 08:10:56 - [MESSAGE][PASSED] - Text '3842' is set on object 'Object Repository/Page_cabi Order Items/input_New Arrivals - Blooming Blush_style'

2019-08-23 08:10:56 - [TEST_STEP][PASSED] - sendKeys(findTestObject("Object Repository/Page_cabi Order Items/input_New Arrivals - Blooming Blush_style"), Keys.chord(ENTER)): Keys 'ENTER + ' sent to object: 'Object Repository/Page_cabi Order Items/input_New Arrivals - Blooming Blush_style'

2019-08-23 08:10:56 - [MESSAGE][PASSED] - Keys 'ENTER + ' sent to object: 'Object Repository/Page_cabi Order Items/input_New Arrivals - Blooming Blush_style'

2019-08-23 08:10:56 - [TEST_STEP][PASSED] - delay(5): Delayed 5 second(s)

2019-08-23 08:11:01 - [MESSAGE][PASSED] - Delayed 5 second(s)

2019-08-23 08:11:01 - [TEST_STEP][PASSED] - if (toString().equalsIgnoreCase("no")): Actual text and expected text of test object 'Object Repository/Page_cabi Order Items/no_result_found' are matched.

2019-08-23 08:11:01 - [TEST_STEP][PASSED] - noResultMessages = findWebElements(findTestObject("Page_cabi Order Items/no_result_found"), 5): null

2019-08-23 08:11:01 - [TEST_STEP][PASSED] - assert noResultMessages.size() > 0: null

2019-08-23 08:11:01 - [TEST_STEP][PASSED] - verifyElementText(findTestObject("Page_cabi Order Items/no_result_found"), "No Results Found!", CONTINUE_ON_FAILURE): Actual text and expected text of test object 'Object Repository/Page_cabi Order Items/no_result_found' are matched.

2019-08-23 08:11:01 - [MESSAGE][PASSED] - Actual text and expected text of test object 'Object Repository/Page_cabi Order Items/no_result_found' are matched.

2019-08-23 08:11:01 - [MESSAGE][PASSED] - Call Test Case 'Test Cases/NewArrival/productVerify' successfully

2019-08-23 08:11:01 - [TEST_STEP][PASSED] - callTestCase(findTestCase("NewArrival/populateTimeGlobalVars"), ["row":timeRow], STOP_ON_FAILURE): Call Test Case 'Test Cases/NewArrival/populateTimeGlobalVars' successfully

2019-08-23 08:11:01 - [TEST_CASE][PASSED] - Test Cases/NewArrival/populateTimeGlobalVars: Test Cases/NewArrival/populateTimeGlobalVars

2019-08-23 08:11:01 - [TEST_STEP][PASSED] - dataFile = "timezoneData": null

2019-08-23 08:11:01 - [TEST_STEP][PASSED] - clockServerTarget = UtilityMethods.getTestData("envtData", "clockServerTarget", 1): null

2019-08-23 08:11:01 - [TEST_STEP][PASSED] - println(clockServerTarget): null

2019-08-23 08:11:01 - [TEST_STEP][PASSED] - orderType = UtilityMethods.getTestData(dataFile, "orderType", row): null

2019-08-23 08:11:01 - [TEST_STEP][PASSED] - timeZone = UtilityMethods.getTestData(dataFile, "timeZone", row): null

2019-08-23 08:11:01 - [TEST_STEP][PASSED] - BOPersonal = UtilityMethods.getTestData(dataFile, "BOPersonal", row): null

2019-08-23 08:11:01 - [TEST_STEP][PASSED] - BOAddonPersonal = UtilityMethods.getTestData(dataFile, "BOAddonPersonal", row): null

2019-08-23 08:11:01 - [TEST_STEP][PASSED] - BOAddonRetail = UtilityMethods.getTestData(dataFile, "BOAddonRetail", row): null

2019-08-23 08:11:01 - [TEST_STEP][PASSED] - BORetail = UtilityMethods.getTestData(dataFile, "BORetail", row): null

2019-08-23 08:11:01 - [TEST_STEP][PASSED] - BOShow = UtilityMethods.getTestData(dataFile, "BOShow", row): null

2019-08-23 08:11:01 - [TEST_STEP][PASSED] - BOOnlineoutlet = UtilityMethods.getTestData(dataFile, "BOOnlineoutlet", row): null

2019-08-23 08:11:02 - [TEST_STEP][PASSED] - BOEmployee = UtilityMethods.getTestData(dataFile, "BOEmployee", row): null

2019-08-23 08:11:02 - [TEST_STEP][PASSED] - CCPersonal = UtilityMethods.getTestData(dataFile, "CCPersonal", row): null

2019-08-23 08:11:02 - [TEST_STEP][PASSED] - CCRetail = UtilityMethods.getTestData(dataFile, "CCRetail", row): null

2019-08-23 08:11:02 - [TEST_STEP][PASSED] - CCShow = UtilityMethods.getTestData(dataFile, "CCShow", row): null

2019-08-23 08:11:02 - [TEST_STEP][PASSED] - BOEblast = UtilityMethods.getTestData(dataFile, "BOEblast", row): null

2019-08-23 08:11:02 - [MESSAGE][PASSED] - Call Test Case 'Test Cases/NewArrival/populateTimeGlobalVars' successfully

2019-08-23 08:11:02 - [TEST_STEP][PASSED] - callTestCase(findTestCase("NewArrival/setTimezone"), ["ofbizURL":"", "ofbizuser":"", "ofbizpass":"", "orderType":orderType, "timeZone":timeZone, "serverTarget":serverTarget, "clockServerTarget":clockServerTarget], STOP_ON_FAILURE): Call Test Case 'Test Cases/NewArrival/setTimezone' successfully

2019-08-23 08:11:02 - [TEST_CASE][PASSED] - Test Cases/NewArrival/setTimezone: Test Cases/NewArrival/setTimezone

2019-08-23 08:11:02 - [TEST_STEP][PASSED] - openBrowser(""): Browser is opened with url: ''

2019-08-23 08:11:02 - [MESSAGE][WARNING] - A browser is already opened. Closing browser and opening a new one

2019-08-23 08:11:02 - [MESSAGE][INFO] - Starting 'Chrome' driver

2019-08-23 08:11:02 - [MESSAGE][INFO] - User set preference: ['args', '[--use-fake-ui-for-media-stream, --start-maximized]']

2019-08-23 08:11:05 - [MESSAGE][PASSED] - Browser is opened with url: ''

2019-08-23 08:11:05 - [TEST_STEP][NOT_RUN] - maximizeWindow(): NOT_RUN: maximizeWindow()

2019-08-23 08:11:05 - [MESSAGE][NOT_RUN] - NOT_RUN: maximizeWindow()

2019-08-23 08:11:05 - [TEST_STEP][PASSED] - ofbizURL = findTestData("envtData").getValue("ofbizURL", 1): null

2019-08-23 08:11:05 - [TEST_STEP][PASSED] - ofbizuser = findTestData("credData").getValue("ofbizuser", 1): null

2019-08-23 08:11:05 - [TEST_STEP][PASSED] - ofbizpass = findTestData("credData").getValue("ofbizpass", 1): null

2019-08-23 08:11:05 - [TEST_STEP][PASSED] - navigateToUrl(ofbizURL): Navigate to 'https://pushofbiz.cliotest.com/login.php' successfully

2019-08-23 08:11:06 - [MESSAGE][PASSED] - Navigate to 'https://pushofbiz.cliotest.com/login.php' successfully

2019-08-23 08:11:06 - [TEST_STEP][PASSED] - setText(findTestObject("Page_/input_Username_username"), ofbizuser): Text 'automation' is set on object 'Object Repository/Page_/input_Username_username'

2019-08-23 08:11:07 - [MESSAGE][PASSED] - Text 'automation' is set on object 'Object Repository/Page_/input_Username_username'

2019-08-23 08:11:07 - [TEST_STEP][PASSED] - setText(findTestObject("Page_/input_Password_password"), ofbizpass): Text 'cabiautomation' is set on object 'Object Repository/Page_/input_Password_password'

2019-08-23 08:11:07 - [MESSAGE][PASSED] - Text 'cabiautomation' is set on object 'Object Repository/Page_/input_Password_password'

2019-08-23 08:11:07 - [TEST_STEP][PASSED] - click(findTestObject("Page_/input_Password_Submit")): Object: 'Object Repository/Page_/input_Password_Submit' is clicked on

2019-08-23 08:11:12 - [MESSAGE][PASSED] - Object: 'Object Repository/Page_/input_Password_Submit' is clicked on

2019-08-23 08:11:12 - [TEST_STEP][PASSED] - click(findTestObject("Object Repository/Page_/a_Clock set")): Object: 'Object Repository/Page_/a_Clock set' is clicked on

2019-08-23 08:11:13 - [MESSAGE][PASSED] - Object: 'Object Repository/Page_/a_Clock set' is clicked on

2019-08-23 08:11:13 - [TEST_STEP][PASSED] - cst = UtilityMethods.createTestObject("select_target", "//select[@name='Target']/option[contains(text(), '", clockServerTarget, "')]"): null

2019-08-23 08:11:13 - [TEST_STEP][PASSED] - println(clockServerTarget): null

2019-08-23 08:11:13 - [TEST_STEP][PASSED] - click(cst): Object: 'select_target' is clicked on

2019-08-23 08:11:13 - [MESSAGE][PASSED] - Object: 'select_target' is clicked on

2019-08-23 08:11:13 - [TEST_STEP][PASSED] - click(findTestObject("Page_/thisDateAndTime")): Object: 'Object Repository/Page_/thisDateAndTime' is clicked on

2019-08-23 08:11:13 - [MESSAGE][PASSED] - Object: 'Object Repository/Page_/thisDateAndTime' is clicked on

2019-08-23 08:11:13 - [TEST_STEP][PASSED] - setText(findTestObject("Object Repository/Page_/setTargetTime"), timeZone): Text ' 09/20/2019 12:00' is set on object 'Object Repository/Page_/setTargetTime'

2019-08-23 08:11:14 - [MESSAGE][PASSED] - Text ' 09/20/2019 12:00' is set on object 'Object Repository/Page_/setTargetTime'

2019-08-23 08:11:14 - [TEST_STEP][PASSED] - click(findTestObject("Object Repository/Page_/input")): Object: 'Object Repository/Page_/input' is clicked on

2019-08-23 08:11:15 - [MESSAGE][PASSED] - Object: 'Object Repository/Page_/input' is clicked on

2019-08-23 08:11:15 - [TEST_STEP][PASSED] - delay(10): Delayed 10 second(s)

2019-08-23 08:11:25 - [MESSAGE][PASSED] - Delayed 10 second(s)

2019-08-23 08:11:25 - [TEST_STEP][NOT_RUN] - closeBrowser(): NOT_RUN: closeBrowser()

2019-08-23 08:11:25 - [MESSAGE][NOT_RUN] - NOT_RUN: closeBrowser()

2019-08-23 08:11:25 - [MESSAGE][PASSED] - Call Test Case 'Test Cases/NewArrival/setTimezone' successfully

2019-08-23 08:11:25 - [TEST_STEP][PASSED] - callTestCase(findTestCase("TestCaseUtilities/backOfficeLogin"), ["BOURL":"", "BOuser":"", "BOpass":""], STOP_ON_FAILURE): Call Test Case 'Test Cases/TestCaseUtilities/backOfficeLogin' successfully

2019-08-23 08:11:25 - [TEST_CASE][PASSED] - Test Cases/TestCaseUtilities/backOfficeLogin: Test Cases/TestCaseUtilities/backOfficeLogin

2019-08-23 08:11:25 - [TEST_STEP][PASSED] - BOURL = findTestData("envtData").getValue("BOURL", 1): null

2019-08-23 08:11:25 - [TEST_STEP][PASSED] - BOuser = findTestData("credData").getValue("BOuser", 1): null

2019-08-23 08:11:25 - [TEST_STEP][PASSED] - BOpass = findTestData("credData").getValue("BOpass", 1): null

2019-08-23 08:11:25 - [TEST_STEP][PASSED] - openBrowser(""): Browser is opened with url: ''

2019-08-23 08:11:25 - [MESSAGE][WARNING] - A browser is already opened. Closing browser and opening a new one

2019-08-23 08:11:26 - [MESSAGE][INFO] - Starting 'Chrome' driver

2019-08-23 08:11:26 - [MESSAGE][INFO] - User set preference: ['args', '[--use-fake-ui-for-media-stream, --start-maximized]']

2019-08-23 08:11:28 - [MESSAGE][PASSED] - Browser is opened with url: ''

2019-08-23 08:11:28 - [TEST_STEP][PASSED] - navigateToUrl(BOURL): Navigate to 'https://test4.cliotest.com/backoffice/control/main' successfully

2019-08-23 08:11:36 - [MESSAGE][PASSED] - Navigate to 'https://test4.cliotest.com/backoffice/control/main' successfully

2019-08-23 08:11:36 - [TEST_STEP][PASSED] - logOut = findWebElements(findTestObject("Object Repository/Page_cabi Home/log_out"), 1): Unable to find the element located by 'By.xpath: //a[contains(text(),'Log Out')]'. Please recheck the objects properties to make sure the desired element is located. 

2019-08-23 08:11:37 - [MESSAGE][INFO] - Unable to find the element located by 'By.xpath: //a[contains(text(),'Log Out')]'. Please recheck the objects properties to make sure the desired element is located. 

2019-08-23 08:11:37 - [TEST_STEP][PASSED] - if (logOut.size() == 0): Object: 'Object Repository/Page_cabi/input_Welcome to_consultantLogin' is clicked on

2019-08-23 08:11:37 - [TEST_STEP][PASSED] - setText(findTestObject("Page_cabi/input_Welcome to_USERNAME"), BOuser): Text '400000002' is set on object 'Object Repository/Page_cabi/input_Welcome to_USERNAME'

2019-08-23 08:11:37 - [MESSAGE][PASSED] - Text '400000002' is set on object 'Object Repository/Page_cabi/input_Welcome to_USERNAME'

2019-08-23 08:11:37 - [TEST_STEP][PASSED] - setText(findTestObject("Object Repository/Page_cabi/input_Welcome to_PASSWORD"), BOpass): Text 'blackdress19' is set on object 'Object Repository/Page_cabi/input_Welcome to_PASSWORD'

2019-08-23 08:11:37 - [MESSAGE][PASSED] - Text 'blackdress19' is set on object 'Object Repository/Page_cabi/input_Welcome to_PASSWORD'

2019-08-23 08:11:37 - [TEST_STEP][PASSED] - click(findTestObject("Object Repository/Page_cabi/input_Welcome to_consultantLogin")): Object: 'Object Repository/Page_cabi/input_Welcome to_consultantLogin' is clicked on

2019-08-23 08:11:47 - [MESSAGE][PASSED] - Object: 'Object Repository/Page_cabi/input_Welcome to_consultantLogin' is clicked on

2019-08-23 08:11:47 - [TEST_STEP][PASSED] - delay(3): Delayed 3 second(s)

2019-08-23 08:11:50 - [MESSAGE][PASSED] - Delayed 3 second(s)

2019-08-23 08:11:50 - [MESSAGE][PASSED] - Call Test Case 'Test Cases/TestCaseUtilities/backOfficeLogin' successfully

2019-08-23 08:11:50 - [TEST_STEP][PASSED] - click(findTestObject("Object Repository/Page_cabi Home/a_Shows  Orders")): Object: 'Object Repository/Page_cabi Home/a_Shows  Orders' is clicked on

2019-08-23 08:11:50 - [MESSAGE][PASSED] - Object: 'Object Repository/Page_cabi Home/a_Shows  Orders' is clicked on

2019-08-23 08:11:50 - [TEST_STEP][PASSED] - delay(3): Delayed 3 second(s)

2019-08-23 08:11:53 - [MESSAGE][PASSED] - Delayed 3 second(s)

2019-08-23 08:11:53 - [TEST_STEP][PASSED] - rightClick(findTestObject("Page_cabi Home/a_online_outline_purchases")): Object: 'Object Repository/Page_cabi Home/a_online_outline_purchases' is right clicked on

2019-08-23 08:11:54 - [MESSAGE][PASSED] - Object: 'Object Repository/Page_cabi Home/a_online_outline_purchases' is right clicked on

2019-08-23 08:11:54 - [TEST_STEP][PASSED] - click(findTestObject("Page_cabi Home/a_online_outline_purchases")): Object: 'Object Repository/Page_cabi Home/a_online_outline_purchases' is clicked on

2019-08-23 08:11:58 - [MESSAGE][PASSED] - Object: 'Object Repository/Page_cabi Home/a_online_outline_purchases' is clicked on

2019-08-23 08:11:58 - [TEST_STEP][PASSED] - click(findTestObject("Object Repository/Page_cabi Online Outlet Store/span_Continue to Order")): Object: 'Object Repository/Page_cabi Online Outlet Store/span_Continue to Order' is clicked on

2019-08-23 08:11:59 - [MESSAGE][PASSED] - Object: 'Object Repository/Page_cabi Online Outlet Store/span_Continue to Order' is clicked on

2019-08-23 08:11:59 - [TEST_STEP][PASSED] - callTestCase(findTestCase("NewArrival/productVerify"), ["available":BOOnlineoutlet, "storeType":"BOOnlineoutlet"], STOP_ON_FAILURE): Call Test Case 'Test Cases/NewArrival/productVerify' successfully

2019-08-23 08:11:59 - [TEST_CASE][PASSED] - Test Cases/NewArrival/productVerify: Test Cases/NewArrival/productVerify

2019-08-23 08:11:59 - [TEST_STEP][PASSED] - for ([row = 1, row <= findTestData("productData").getRowNumbers(), (row++)]): Actual text and expected text of test object 'Object Repository/Page_cabi Order Items/no_result_found' are matched.

2019-08-23 08:11:59 - [TEST_STEP][PASSED] - setText(findTestObject("Object Repository/Page_cabi Order Items/input_New Arrivals - Blooming Blush_style"), findTestData("productData").getValue("Style", row)): Text '3842' is set on object 'Object Repository/Page_cabi Order Items/input_New Arrivals - Blooming Blush_style'

2019-08-23 08:12:01 - [MESSAGE][PASSED] - Text '3842' is set on object 'Object Repository/Page_cabi Order Items/input_New Arrivals - Blooming Blush_style'

2019-08-23 08:12:01 - [TEST_STEP][PASSED] - sendKeys(findTestObject("Object Repository/Page_cabi Order Items/input_New Arrivals - Blooming Blush_style"), Keys.chord(ENTER)): Keys 'ENTER + ' sent to object: 'Object Repository/Page_cabi Order Items/input_New Arrivals - Blooming Blush_style'

2019-08-23 08:12:01 - [MESSAGE][PASSED] - Keys 'ENTER + ' sent to object: 'Object Repository/Page_cabi Order Items/input_New Arrivals - Blooming Blush_style'

2019-08-23 08:12:01 - [TEST_STEP][PASSED] - delay(5): Delayed 5 second(s)

2019-08-23 08:12:06 - [MESSAGE][PASSED] - Delayed 5 second(s)

2019-08-23 08:12:06 - [TEST_STEP][PASSED] - if (toString().equalsIgnoreCase("no")): Actual text and expected text of test object 'Object Repository/Page_cabi Order Items/no_result_found' are matched.

2019-08-23 08:12:06 - [TEST_STEP][PASSED] - noResultMessages = findWebElements(findTestObject("Page_cabi Order Items/no_result_found"), 5): null

2019-08-23 08:12:06 - [TEST_STEP][PASSED] - assert noResultMessages.size() > 0: null

2019-08-23 08:12:06 - [TEST_STEP][PASSED] - verifyElementText(findTestObject("Page_cabi Order Items/no_result_found"), "No Results Found!", CONTINUE_ON_FAILURE): Actual text and expected text of test object 'Object Repository/Page_cabi Order Items/no_result_found' are matched.

2019-08-23 08:12:06 - [MESSAGE][PASSED] - Actual text and expected text of test object 'Object Repository/Page_cabi Order Items/no_result_found' are matched.

2019-08-23 08:12:07 - [MESSAGE][PASSED] - Call Test Case 'Test Cases/NewArrival/productVerify' successfully

2019-08-23 08:12:07 - [TEST_STEP][PASSED] - callTestCase(findTestCase("NewArrival/populateTimeGlobalVars"), ["row":timeRow], STOP_ON_FAILURE): Call Test Case 'Test Cases/NewArrival/populateTimeGlobalVars' successfully

2019-08-23 08:12:07 - [TEST_CASE][PASSED] - Test Cases/NewArrival/populateTimeGlobalVars: Test Cases/NewArrival/populateTimeGlobalVars

2019-08-23 08:12:07 - [TEST_STEP][PASSED] - dataFile = "timezoneData": null

2019-08-23 08:12:07 - [TEST_STEP][PASSED] - clockServerTarget = UtilityMethods.getTestData("envtData", "clockServerTarget", 1): null

2019-08-23 08:12:07 - [TEST_STEP][PASSED] - println(clockServerTarget): null

2019-08-23 08:12:07 - [TEST_STEP][PASSED] - orderType = UtilityMethods.getTestData(dataFile, "orderType", row): null

2019-08-23 08:12:07 - [TEST_STEP][PASSED] - timeZone = UtilityMethods.getTestData(dataFile, "timeZone", row): null

2019-08-23 08:12:07 - [TEST_STEP][PASSED] - BOPersonal = UtilityMethods.getTestData(dataFile, "BOPersonal", row): null

2019-08-23 08:12:07 - [TEST_STEP][PASSED] - BOAddonPersonal = UtilityMethods.getTestData(dataFile, "BOAddonPersonal", row): null

2019-08-23 08:12:07 - [TEST_STEP][PASSED] - BOAddonRetail = UtilityMethods.getTestData(dataFile, "BOAddonRetail", row): null

2019-08-23 08:12:07 - [TEST_STEP][PASSED] - BORetail = UtilityMethods.getTestData(dataFile, "BORetail", row): null

2019-08-23 08:12:07 - [TEST_STEP][PASSED] - BOShow = UtilityMethods.getTestData(dataFile, "BOShow", row): null

2019-08-23 08:12:07 - [TEST_STEP][PASSED] - BOOnlineoutlet = UtilityMethods.getTestData(dataFile, "BOOnlineoutlet", row): null

2019-08-23 08:12:07 - [TEST_STEP][PASSED] - BOEmployee = UtilityMethods.getTestData(dataFile, "BOEmployee", row): null

2019-08-23 08:12:07 - [TEST_STEP][PASSED] - CCPersonal = UtilityMethods.getTestData(dataFile, "CCPersonal", row): null

2019-08-23 08:12:07 - [TEST_STEP][PASSED] - CCRetail = UtilityMethods.getTestData(dataFile, "CCRetail", row): null

2019-08-23 08:12:07 - [TEST_STEP][PASSED] - CCShow = UtilityMethods.getTestData(dataFile, "CCShow", row): null

2019-08-23 08:12:07 - [TEST_STEP][PASSED] - BOEblast = UtilityMethods.getTestData(dataFile, "BOEblast", row): null

2019-08-23 08:12:07 - [MESSAGE][PASSED] - Call Test Case 'Test Cases/NewArrival/populateTimeGlobalVars' successfully

2019-08-23 08:12:07 - [TEST_STEP][PASSED] - callTestCase(findTestCase("NewArrival/setTimezone"), ["ofbizURL":"", "ofbizuser":"", "ofbizpass":"", "orderType":orderType, "timeZone":timeZone, "serverTarget":serverTarget, "clockServerTarget":clockServerTarget], STOP_ON_FAILURE): Call Test Case 'Test Cases/NewArrival/setTimezone' successfully

2019-08-23 08:12:07 - [TEST_CASE][PASSED] - Test Cases/NewArrival/setTimezone: Test Cases/NewArrival/setTimezone

2019-08-23 08:12:07 - [TEST_STEP][PASSED] - openBrowser(""): Browser is opened with url: ''

2019-08-23 08:12:07 - [MESSAGE][WARNING] - A browser is already opened. Closing browser and opening a new one

2019-08-23 08:12:08 - [MESSAGE][INFO] - Starting 'Chrome' driver

2019-08-23 08:12:08 - [MESSAGE][INFO] - User set preference: ['args', '[--use-fake-ui-for-media-stream, --start-maximized]']

2019-08-23 08:12:10 - [MESSAGE][PASSED] - Browser is opened with url: ''

2019-08-23 08:12:10 - [TEST_STEP][NOT_RUN] - maximizeWindow(): NOT_RUN: maximizeWindow()

2019-08-23 08:12:10 - [MESSAGE][NOT_RUN] - NOT_RUN: maximizeWindow()

2019-08-23 08:12:10 - [TEST_STEP][PASSED] - ofbizURL = findTestData("envtData").getValue("ofbizURL", 1): null

2019-08-23 08:12:10 - [TEST_STEP][PASSED] - ofbizuser = findTestData("credData").getValue("ofbizuser", 1): null

2019-08-23 08:12:10 - [TEST_STEP][PASSED] - ofbizpass = findTestData("credData").getValue("ofbizpass", 1): null

2019-08-23 08:12:10 - [TEST_STEP][PASSED] - navigateToUrl(ofbizURL): Navigate to 'https://pushofbiz.cliotest.com/login.php' successfully

2019-08-23 08:12:12 - [MESSAGE][PASSED] - Navigate to 'https://pushofbiz.cliotest.com/login.php' successfully

2019-08-23 08:12:12 - [TEST_STEP][PASSED] - setText(findTestObject("Page_/input_Username_username"), ofbizuser): Text 'automation' is set on object 'Object Repository/Page_/input_Username_username'

2019-08-23 08:12:12 - [MESSAGE][PASSED] - Text 'automation' is set on object 'Object Repository/Page_/input_Username_username'

2019-08-23 08:12:12 - [TEST_STEP][PASSED] - setText(findTestObject("Page_/input_Password_password"), ofbizpass): Text 'cabiautomation' is set on object 'Object Repository/Page_/input_Password_password'

2019-08-23 08:12:12 - [MESSAGE][PASSED] - Text 'cabiautomation' is set on object 'Object Repository/Page_/input_Password_password'

2019-08-23 08:12:12 - [TEST_STEP][PASSED] - click(findTestObject("Page_/input_Password_Submit")): Object: 'Object Repository/Page_/input_Password_Submit' is clicked on

2019-08-23 08:12:18 - [MESSAGE][PASSED] - Object: 'Object Repository/Page_/input_Password_Submit' is clicked on

2019-08-23 08:12:18 - [TEST_STEP][PASSED] - click(findTestObject("Object Repository/Page_/a_Clock set")): Object: 'Object Repository/Page_/a_Clock set' is clicked on

2019-08-23 08:12:18 - [MESSAGE][PASSED] - Object: 'Object Repository/Page_/a_Clock set' is clicked on

2019-08-23 08:12:18 - [TEST_STEP][PASSED] - cst = UtilityMethods.createTestObject("select_target", "//select[@name='Target']/option[contains(text(), '", clockServerTarget, "')]"): null

2019-08-23 08:12:18 - [TEST_STEP][PASSED] - println(clockServerTarget): null

2019-08-23 08:12:18 - [TEST_STEP][PASSED] - click(cst): Object: 'select_target' is clicked on

2019-08-23 08:12:19 - [MESSAGE][PASSED] - Object: 'select_target' is clicked on

2019-08-23 08:12:19 - [TEST_STEP][PASSED] - click(findTestObject("Page_/thisDateAndTime")): Object: 'Object Repository/Page_/thisDateAndTime' is clicked on

2019-08-23 08:12:19 - [MESSAGE][PASSED] - Object: 'Object Repository/Page_/thisDateAndTime' is clicked on

2019-08-23 08:12:19 - [TEST_STEP][PASSED] - setText(findTestObject("Object Repository/Page_/setTargetTime"), timeZone): Text ' 09/24/2019 00:00' is set on object 'Object Repository/Page_/setTargetTime'

2019-08-23 08:12:19 - [MESSAGE][PASSED] - Text ' 09/24/2019 00:00' is set on object 'Object Repository/Page_/setTargetTime'

2019-08-23 08:12:19 - [TEST_STEP][PASSED] - click(findTestObject("Object Repository/Page_/input")): Object: 'Object Repository/Page_/input' is clicked on

2019-08-23 08:12:20 - [MESSAGE][PASSED] - Object: 'Object Repository/Page_/input' is clicked on

2019-08-23 08:12:20 - [TEST_STEP][PASSED] - delay(10): Delayed 10 second(s)

2019-08-23 08:12:30 - [MESSAGE][PASSED] - Delayed 10 second(s)

2019-08-23 08:12:30 - [TEST_STEP][NOT_RUN] - closeBrowser(): NOT_RUN: closeBrowser()

2019-08-23 08:12:30 - [MESSAGE][NOT_RUN] - NOT_RUN: closeBrowser()

2019-08-23 08:12:30 - [MESSAGE][PASSED] - Call Test Case 'Test Cases/NewArrival/setTimezone' successfully

2019-08-23 08:12:30 - [TEST_STEP][PASSED] - callTestCase(findTestCase("TestCaseUtilities/backOfficeLogin"), ["BOURL":"", "BOuser":"", "BOpass":""], STOP_ON_FAILURE): Call Test Case 'Test Cases/TestCaseUtilities/backOfficeLogin' successfully

2019-08-23 08:12:30 - [TEST_CASE][PASSED] - Test Cases/TestCaseUtilities/backOfficeLogin: Test Cases/TestCaseUtilities/backOfficeLogin

2019-08-23 08:12:30 - [TEST_STEP][PASSED] - BOURL = findTestData("envtData").getValue("BOURL", 1): null

2019-08-23 08:12:30 - [TEST_STEP][PASSED] - BOuser = findTestData("credData").getValue("BOuser", 1): null

2019-08-23 08:12:30 - [TEST_STEP][PASSED] - BOpass = findTestData("credData").getValue("BOpass", 1): null

2019-08-23 08:12:30 - [TEST_STEP][PASSED] - openBrowser(""): Browser is opened with url: ''

2019-08-23 08:12:30 - [MESSAGE][WARNING] - A browser is already opened. Closing browser and opening a new one

2019-08-23 08:12:31 - [MESSAGE][INFO] - Starting 'Chrome' driver

2019-08-23 08:12:31 - [MESSAGE][INFO] - User set preference: ['args', '[--use-fake-ui-for-media-stream, --start-maximized]']

2019-08-23 08:12:33 - [MESSAGE][PASSED] - Browser is opened with url: ''

2019-08-23 08:12:33 - [TEST_STEP][PASSED] - navigateToUrl(BOURL): Navigate to 'https://test4.cliotest.com/backoffice/control/main' successfully

2019-08-23 08:12:42 - [MESSAGE][PASSED] - Navigate to 'https://test4.cliotest.com/backoffice/control/main' successfully

2019-08-23 08:12:42 - [TEST_STEP][PASSED] - logOut = findWebElements(findTestObject("Object Repository/Page_cabi Home/log_out"), 1): Unable to find the element located by 'By.xpath: //a[contains(text(),'Log Out')]'. Please recheck the objects properties to make sure the desired element is located. 

2019-08-23 08:12:43 - [MESSAGE][INFO] - Unable to find the element located by 'By.xpath: //a[contains(text(),'Log Out')]'. Please recheck the objects properties to make sure the desired element is located. 

2019-08-23 08:12:43 - [TEST_STEP][PASSED] - if (logOut.size() == 0): Object: 'Object Repository/Page_cabi/input_Welcome to_consultantLogin' is clicked on

2019-08-23 08:12:43 - [TEST_STEP][PASSED] - setText(findTestObject("Page_cabi/input_Welcome to_USERNAME"), BOuser): Text '400000002' is set on object 'Object Repository/Page_cabi/input_Welcome to_USERNAME'

2019-08-23 08:12:43 - [MESSAGE][PASSED] - Text '400000002' is set on object 'Object Repository/Page_cabi/input_Welcome to_USERNAME'

2019-08-23 08:12:43 - [TEST_STEP][PASSED] - setText(findTestObject("Object Repository/Page_cabi/input_Welcome to_PASSWORD"), BOpass): Text 'blackdress19' is set on object 'Object Repository/Page_cabi/input_Welcome to_PASSWORD'

2019-08-23 08:12:43 - [MESSAGE][PASSED] - Text 'blackdress19' is set on object 'Object Repository/Page_cabi/input_Welcome to_PASSWORD'

2019-08-23 08:12:43 - [TEST_STEP][PASSED] - click(findTestObject("Object Repository/Page_cabi/input_Welcome to_consultantLogin")): Object: 'Object Repository/Page_cabi/input_Welcome to_consultantLogin' is clicked on

2019-08-23 08:12:53 - [MESSAGE][PASSED] - Object: 'Object Repository/Page_cabi/input_Welcome to_consultantLogin' is clicked on

2019-08-23 08:12:53 - [TEST_STEP][PASSED] - delay(3): Delayed 3 second(s)

2019-08-23 08:12:56 - [MESSAGE][PASSED] - Delayed 3 second(s)

2019-08-23 08:12:56 - [MESSAGE][PASSED] - Call Test Case 'Test Cases/TestCaseUtilities/backOfficeLogin' successfully

2019-08-23 08:12:56 - [TEST_STEP][PASSED] - click(findTestObject("Object Repository/Page_cabi Home/a_Shows  Orders")): Object: 'Object Repository/Page_cabi Home/a_Shows  Orders' is clicked on

2019-08-23 08:12:56 - [MESSAGE][PASSED] - Object: 'Object Repository/Page_cabi Home/a_Shows  Orders' is clicked on

2019-08-23 08:12:56 - [TEST_STEP][PASSED] - delay(3): Delayed 3 second(s)

2019-08-23 08:12:59 - [MESSAGE][PASSED] - Delayed 3 second(s)

2019-08-23 08:12:59 - [TEST_STEP][PASSED] - rightClick(findTestObject("Page_cabi Home/a_online_outline_purchases")): Object: 'Object Repository/Page_cabi Home/a_online_outline_purchases' is right clicked on

2019-08-23 08:12:59 - [MESSAGE][PASSED] - Object: 'Object Repository/Page_cabi Home/a_online_outline_purchases' is right clicked on

2019-08-23 08:12:59 - [TEST_STEP][PASSED] - click(findTestObject("Page_cabi Home/a_online_outline_purchases")): Object: 'Object Repository/Page_cabi Home/a_online_outline_purchases' is clicked on

2019-08-23 08:13:04 - [MESSAGE][PASSED] - Object: 'Object Repository/Page_cabi Home/a_online_outline_purchases' is clicked on

2019-08-23 08:13:04 - [TEST_STEP][PASSED] - click(findTestObject("Object Repository/Page_cabi Online Outlet Store/span_Continue to Order")): Object: 'Object Repository/Page_cabi Online Outlet Store/span_Continue to Order' is clicked on

2019-08-23 08:13:05 - [MESSAGE][PASSED] - Object: 'Object Repository/Page_cabi Online Outlet Store/span_Continue to Order' is clicked on

2019-08-23 08:13:05 - [TEST_STEP][PASSED] - callTestCase(findTestCase("NewArrival/productVerify"), ["available":BOOnlineoutlet, "storeType":"BOOnlineoutlet"], STOP_ON_FAILURE): Call Test Case 'Test Cases/NewArrival/productVerify' successfully

2019-08-23 08:13:05 - [TEST_CASE][PASSED] - Test Cases/NewArrival/productVerify: Test Cases/NewArrival/productVerify

2019-08-23 08:13:05 - [TEST_STEP][PASSED] - for ([row = 1, row <= findTestData("productData").getRowNumbers(), (row++)]): Actual text and expected text of test object 'Object Repository/Page_cabi Order Items/no_result_found' are matched.

2019-08-23 08:13:05 - [TEST_STEP][PASSED] - setText(findTestObject("Object Repository/Page_cabi Order Items/input_New Arrivals - Blooming Blush_style"), findTestData("productData").getValue("Style", row)): Text '3842' is set on object 'Object Repository/Page_cabi Order Items/input_New Arrivals - Blooming Blush_style'

2019-08-23 08:13:07 - [MESSAGE][PASSED] - Text '3842' is set on object 'Object Repository/Page_cabi Order Items/input_New Arrivals - Blooming Blush_style'

2019-08-23 08:13:07 - [TEST_STEP][PASSED] - sendKeys(findTestObject("Object Repository/Page_cabi Order Items/input_New Arrivals - Blooming Blush_style"), Keys.chord(ENTER)): Keys 'ENTER + ' sent to object: 'Object Repository/Page_cabi Order Items/input_New Arrivals - Blooming Blush_style'

2019-08-23 08:13:07 - [MESSAGE][PASSED] - Keys 'ENTER + ' sent to object: 'Object Repository/Page_cabi Order Items/input_New Arrivals - Blooming Blush_style'

2019-08-23 08:13:07 - [TEST_STEP][PASSED] - delay(5): Delayed 5 second(s)

2019-08-23 08:13:12 - [MESSAGE][PASSED] - Delayed 5 second(s)

2019-08-23 08:13:12 - [TEST_STEP][PASSED] - if (toString().equalsIgnoreCase("no")): Actual text and expected text of test object 'Object Repository/Page_cabi Order Items/no_result_found' are matched.

2019-08-23 08:13:12 - [TEST_STEP][PASSED] - noResultMessages = findWebElements(findTestObject("Page_cabi Order Items/no_result_found"), 5): null

2019-08-23 08:13:12 - [TEST_STEP][PASSED] - assert noResultMessages.size() > 0: null

2019-08-23 08:13:12 - [TEST_STEP][PASSED] - verifyElementText(findTestObject("Page_cabi Order Items/no_result_found"), "No Results Found!", CONTINUE_ON_FAILURE): Actual text and expected text of test object 'Object Repository/Page_cabi Order Items/no_result_found' are matched.

2019-08-23 08:13:12 - [MESSAGE][PASSED] - Actual text and expected text of test object 'Object Repository/Page_cabi Order Items/no_result_found' are matched.

2019-08-23 08:13:12 - [MESSAGE][PASSED] - Call Test Case 'Test Cases/NewArrival/productVerify' successfully

2019-08-23 08:13:12 - [TEST_STEP][PASSED] - callTestCase(findTestCase("NewArrival/populateTimeGlobalVars"), ["row":timeRow], STOP_ON_FAILURE): Call Test Case 'Test Cases/NewArrival/populateTimeGlobalVars' successfully

2019-08-23 08:13:12 - [TEST_CASE][PASSED] - Test Cases/NewArrival/populateTimeGlobalVars: Test Cases/NewArrival/populateTimeGlobalVars

2019-08-23 08:13:12 - [TEST_STEP][PASSED] - dataFile = "timezoneData": null

2019-08-23 08:13:12 - [TEST_STEP][PASSED] - clockServerTarget = UtilityMethods.getTestData("envtData", "clockServerTarget", 1): null

2019-08-23 08:13:12 - [TEST_STEP][PASSED] - println(clockServerTarget): null

2019-08-23 08:13:12 - [TEST_STEP][PASSED] - orderType = UtilityMethods.getTestData(dataFile, "orderType", row): null

2019-08-23 08:13:12 - [TEST_STEP][PASSED] - timeZone = UtilityMethods.getTestData(dataFile, "timeZone", row): null

2019-08-23 08:13:12 - [TEST_STEP][PASSED] - BOPersonal = UtilityMethods.getTestData(dataFile, "BOPersonal", row): null

2019-08-23 08:13:12 - [TEST_STEP][PASSED] - BOAddonPersonal = UtilityMethods.getTestData(dataFile, "BOAddonPersonal", row): null

2019-08-23 08:13:12 - [TEST_STEP][PASSED] - BOAddonRetail = UtilityMethods.getTestData(dataFile, "BOAddonRetail", row): null

2019-08-23 08:13:12 - [TEST_STEP][PASSED] - BORetail = UtilityMethods.getTestData(dataFile, "BORetail", row): null

2019-08-23 08:13:12 - [TEST_STEP][PASSED] - BOShow = UtilityMethods.getTestData(dataFile, "BOShow", row): null

2019-08-23 08:13:12 - [TEST_STEP][PASSED] - BOOnlineoutlet = UtilityMethods.getTestData(dataFile, "BOOnlineoutlet", row): null

2019-08-23 08:13:12 - [TEST_STEP][PASSED] - BOEmployee = UtilityMethods.getTestData(dataFile, "BOEmployee", row): null

2019-08-23 08:13:12 - [TEST_STEP][PASSED] - CCPersonal = UtilityMethods.getTestData(dataFile, "CCPersonal", row): null

2019-08-23 08:13:12 - [TEST_STEP][PASSED] - CCRetail = UtilityMethods.getTestData(dataFile, "CCRetail", row): null

2019-08-23 08:13:12 - [TEST_STEP][PASSED] - CCShow = UtilityMethods.getTestData(dataFile, "CCShow", row): null

2019-08-23 08:13:13 - [TEST_STEP][PASSED] - BOEblast = UtilityMethods.getTestData(dataFile, "BOEblast", row): null

2019-08-23 08:13:13 - [MESSAGE][PASSED] - Call Test Case 'Test Cases/NewArrival/populateTimeGlobalVars' successfully

2019-08-23 08:13:13 - [TEST_STEP][PASSED] - callTestCase(findTestCase("NewArrival/setTimezone"), ["ofbizURL":"", "ofbizuser":"", "ofbizpass":"", "orderType":orderType, "timeZone":timeZone, "serverTarget":serverTarget, "clockServerTarget":clockServerTarget], STOP_ON_FAILURE): Call Test Case 'Test Cases/NewArrival/setTimezone' successfully

2019-08-23 08:13:13 - [TEST_CASE][PASSED] - Test Cases/NewArrival/setTimezone: Test Cases/NewArrival/setTimezone

2019-08-23 08:13:13 - [TEST_STEP][PASSED] - openBrowser(""): Browser is opened with url: ''

2019-08-23 08:13:13 - [MESSAGE][WARNING] - A browser is already opened. Closing browser and opening a new one

2019-08-23 08:13:13 - [MESSAGE][INFO] - Starting 'Chrome' driver

2019-08-23 08:13:13 - [MESSAGE][INFO] - User set preference: ['args', '[--use-fake-ui-for-media-stream, --start-maximized]']

2019-08-23 08:13:16 - [MESSAGE][PASSED] - Browser is opened with url: ''

2019-08-23 08:13:16 - [TEST_STEP][NOT_RUN] - maximizeWindow(): NOT_RUN: maximizeWindow()

2019-08-23 08:13:16 - [MESSAGE][NOT_RUN] - NOT_RUN: maximizeWindow()

2019-08-23 08:13:16 - [TEST_STEP][PASSED] - ofbizURL = findTestData("envtData").getValue("ofbizURL", 1): null

2019-08-23 08:13:16 - [TEST_STEP][PASSED] - ofbizuser = findTestData("credData").getValue("ofbizuser", 1): null

2019-08-23 08:13:16 - [TEST_STEP][PASSED] - ofbizpass = findTestData("credData").getValue("ofbizpass", 1): null

2019-08-23 08:13:16 - [TEST_STEP][PASSED] - navigateToUrl(ofbizURL): Navigate to 'https://pushofbiz.cliotest.com/login.php' successfully

2019-08-23 08:13:17 - [MESSAGE][PASSED] - Navigate to 'https://pushofbiz.cliotest.com/login.php' successfully

2019-08-23 08:13:17 - [TEST_STEP][PASSED] - setText(findTestObject("Page_/input_Username_username"), ofbizuser): Text 'automation' is set on object 'Object Repository/Page_/input_Username_username'

2019-08-23 08:13:17 - [MESSAGE][PASSED] - Text 'automation' is set on object 'Object Repository/Page_/input_Username_username'

2019-08-23 08:13:17 - [TEST_STEP][PASSED] - setText(findTestObject("Page_/input_Password_password"), ofbizpass): Text 'cabiautomation' is set on object 'Object Repository/Page_/input_Password_password'

2019-08-23 08:13:17 - [MESSAGE][PASSED] - Text 'cabiautomation' is set on object 'Object Repository/Page_/input_Password_password'

2019-08-23 08:13:17 - [TEST_STEP][PASSED] - click(findTestObject("Page_/input_Password_Submit")): Object: 'Object Repository/Page_/input_Password_Submit' is clicked on

2019-08-23 08:13:22 - [MESSAGE][PASSED] - Object: 'Object Repository/Page_/input_Password_Submit' is clicked on

2019-08-23 08:13:22 - [TEST_STEP][PASSED] - click(findTestObject("Object Repository/Page_/a_Clock set")): Object: 'Object Repository/Page_/a_Clock set' is clicked on

2019-08-23 08:13:22 - [MESSAGE][PASSED] - Object: 'Object Repository/Page_/a_Clock set' is clicked on

2019-08-23 08:13:22 - [TEST_STEP][PASSED] - cst = UtilityMethods.createTestObject("select_target", "//select[@name='Target']/option[contains(text(), '", clockServerTarget, "')]"): null

2019-08-23 08:13:22 - [TEST_STEP][PASSED] - println(clockServerTarget): null

2019-08-23 08:13:22 - [TEST_STEP][PASSED] - click(cst): Object: 'select_target' is clicked on

2019-08-23 08:13:23 - [MESSAGE][PASSED] - Object: 'select_target' is clicked on

2019-08-23 08:13:23 - [TEST_STEP][PASSED] - click(findTestObject("Page_/thisDateAndTime")): Object: 'Object Repository/Page_/thisDateAndTime' is clicked on

2019-08-23 08:13:23 - [MESSAGE][PASSED] - Object: 'Object Repository/Page_/thisDateAndTime' is clicked on

2019-08-23 08:13:23 - [TEST_STEP][PASSED] - setText(findTestObject("Object Repository/Page_/setTargetTime"), timeZone): Text ' 09/25/2019 7:00' is set on object 'Object Repository/Page_/setTargetTime'

2019-08-23 08:13:23 - [MESSAGE][PASSED] - Text ' 09/25/2019 7:00' is set on object 'Object Repository/Page_/setTargetTime'

2019-08-23 08:13:23 - [TEST_STEP][PASSED] - click(findTestObject("Object Repository/Page_/input")): Object: 'Object Repository/Page_/input' is clicked on

2019-08-23 08:13:24 - [MESSAGE][PASSED] - Object: 'Object Repository/Page_/input' is clicked on

2019-08-23 08:13:24 - [TEST_STEP][PASSED] - delay(10): Delayed 10 second(s)

2019-08-23 08:13:34 - [MESSAGE][PASSED] - Delayed 10 second(s)

2019-08-23 08:13:34 - [TEST_STEP][NOT_RUN] - closeBrowser(): NOT_RUN: closeBrowser()

2019-08-23 08:13:34 - [MESSAGE][NOT_RUN] - NOT_RUN: closeBrowser()

2019-08-23 08:13:34 - [MESSAGE][PASSED] - Call Test Case 'Test Cases/NewArrival/setTimezone' successfully

2019-08-23 08:13:34 - [TEST_STEP][PASSED] - callTestCase(findTestCase("TestCaseUtilities/backOfficeLogin"), ["BOURL":"", "BOuser":"", "BOpass":""], STOP_ON_FAILURE): Call Test Case 'Test Cases/TestCaseUtilities/backOfficeLogin' successfully

2019-08-23 08:13:34 - [TEST_CASE][PASSED] - Test Cases/TestCaseUtilities/backOfficeLogin: Test Cases/TestCaseUtilities/backOfficeLogin

2019-08-23 08:13:34 - [TEST_STEP][PASSED] - BOURL = findTestData("envtData").getValue("BOURL", 1): null

2019-08-23 08:13:34 - [TEST_STEP][PASSED] - BOuser = findTestData("credData").getValue("BOuser", 1): null

2019-08-23 08:13:34 - [TEST_STEP][PASSED] - BOpass = findTestData("credData").getValue("BOpass", 1): null

2019-08-23 08:13:34 - [TEST_STEP][PASSED] - openBrowser(""): Browser is opened with url: ''

2019-08-23 08:13:34 - [MESSAGE][WARNING] - A browser is already opened. Closing browser and opening a new one

2019-08-23 08:13:35 - [MESSAGE][INFO] - Starting 'Chrome' driver

2019-08-23 08:13:35 - [MESSAGE][INFO] - User set preference: ['args', '[--use-fake-ui-for-media-stream, --start-maximized]']

2019-08-23 08:13:37 - [MESSAGE][PASSED] - Browser is opened with url: ''

2019-08-23 08:13:37 - [TEST_STEP][PASSED] - navigateToUrl(BOURL): Navigate to 'https://test4.cliotest.com/backoffice/control/main' successfully

2019-08-23 08:13:45 - [MESSAGE][PASSED] - Navigate to 'https://test4.cliotest.com/backoffice/control/main' successfully

2019-08-23 08:13:45 - [TEST_STEP][PASSED] - logOut = findWebElements(findTestObject("Object Repository/Page_cabi Home/log_out"), 1): Unable to find the element located by 'By.xpath: //a[contains(text(),'Log Out')]'. Please recheck the objects properties to make sure the desired element is located. 

2019-08-23 08:13:46 - [MESSAGE][INFO] - Unable to find the element located by 'By.xpath: //a[contains(text(),'Log Out')]'. Please recheck the objects properties to make sure the desired element is located. 

2019-08-23 08:13:46 - [TEST_STEP][PASSED] - if (logOut.size() == 0): Object: 'Object Repository/Page_cabi/input_Welcome to_consultantLogin' is clicked on

2019-08-23 08:13:46 - [TEST_STEP][PASSED] - setText(findTestObject("Page_cabi/input_Welcome to_USERNAME"), BOuser): Text '400000002' is set on object 'Object Repository/Page_cabi/input_Welcome to_USERNAME'

2019-08-23 08:13:46 - [MESSAGE][PASSED] - Text '400000002' is set on object 'Object Repository/Page_cabi/input_Welcome to_USERNAME'

2019-08-23 08:13:46 - [TEST_STEP][PASSED] - setText(findTestObject("Object Repository/Page_cabi/input_Welcome to_PASSWORD"), BOpass): Text 'blackdress19' is set on object 'Object Repository/Page_cabi/input_Welcome to_PASSWORD'

2019-08-23 08:13:47 - [MESSAGE][PASSED] - Text 'blackdress19' is set on object 'Object Repository/Page_cabi/input_Welcome to_PASSWORD'

2019-08-23 08:13:47 - [TEST_STEP][PASSED] - click(findTestObject("Object Repository/Page_cabi/input_Welcome to_consultantLogin")): Object: 'Object Repository/Page_cabi/input_Welcome to_consultantLogin' is clicked on

2019-08-23 08:14:04 - [MESSAGE][PASSED] - Object: 'Object Repository/Page_cabi/input_Welcome to_consultantLogin' is clicked on

2019-08-23 08:14:04 - [TEST_STEP][PASSED] - delay(3): Delayed 3 second(s)

2019-08-23 08:14:07 - [MESSAGE][PASSED] - Delayed 3 second(s)

2019-08-23 08:14:07 - [MESSAGE][PASSED] - Call Test Case 'Test Cases/TestCaseUtilities/backOfficeLogin' successfully

2019-08-23 08:14:07 - [TEST_STEP][PASSED] - click(findTestObject("Object Repository/Page_cabi Home/a_Shows  Orders")): Object: 'Object Repository/Page_cabi Home/a_Shows  Orders' is clicked on

2019-08-23 08:14:07 - [MESSAGE][PASSED] - Object: 'Object Repository/Page_cabi Home/a_Shows  Orders' is clicked on

2019-08-23 08:14:07 - [TEST_STEP][PASSED] - delay(3): Delayed 3 second(s)

2019-08-23 08:14:10 - [MESSAGE][PASSED] - Delayed 3 second(s)

2019-08-23 08:14:10 - [TEST_STEP][PASSED] - rightClick(findTestObject("Page_cabi Home/a_online_outline_purchases")): Object: 'Object Repository/Page_cabi Home/a_online_outline_purchases' is right clicked on

2019-08-23 08:14:11 - [MESSAGE][PASSED] - Object: 'Object Repository/Page_cabi Home/a_online_outline_purchases' is right clicked on

2019-08-23 08:14:11 - [TEST_STEP][PASSED] - click(findTestObject("Page_cabi Home/a_online_outline_purchases")): Object: 'Object Repository/Page_cabi Home/a_online_outline_purchases' is clicked on

2019-08-23 08:14:16 - [MESSAGE][PASSED] - Object: 'Object Repository/Page_cabi Home/a_online_outline_purchases' is clicked on

2019-08-23 08:14:16 - [TEST_STEP][PASSED] - click(findTestObject("Object Repository/Page_cabi Online Outlet Store/span_Continue to Order")): Object: 'Object Repository/Page_cabi Online Outlet Store/span_Continue to Order' is clicked on

2019-08-23 08:14:17 - [MESSAGE][PASSED] - Object: 'Object Repository/Page_cabi Online Outlet Store/span_Continue to Order' is clicked on

2019-08-23 08:14:17 - [TEST_STEP][PASSED] - callTestCase(findTestCase("NewArrival/productVerify"), ["available":BOOnlineoutlet, "storeType":"BOOnlineoutlet"], STOP_ON_FAILURE): Call Test Case 'Test Cases/NewArrival/productVerify' successfully

2019-08-23 08:14:17 - [TEST_CASE][PASSED] - Test Cases/NewArrival/productVerify: Test Cases/NewArrival/productVerify

2019-08-23 08:14:17 - [TEST_STEP][PASSED] - for ([row = 1, row <= findTestData("productData").getRowNumbers(), (row++)]): Actual text and expected text of test object 'Object Repository/Page_cabi Order Items/no_result_found' are matched.

2019-08-23 08:14:17 - [TEST_STEP][PASSED] - setText(findTestObject("Object Repository/Page_cabi Order Items/input_New Arrivals - Blooming Blush_style"), findTestData("productData").getValue("Style", row)): Text '3842' is set on object 'Object Repository/Page_cabi Order Items/input_New Arrivals - Blooming Blush_style'

2019-08-23 08:14:19 - [MESSAGE][PASSED] - Text '3842' is set on object 'Object Repository/Page_cabi Order Items/input_New Arrivals - Blooming Blush_style'

2019-08-23 08:14:19 - [TEST_STEP][PASSED] - sendKeys(findTestObject("Object Repository/Page_cabi Order Items/input_New Arrivals - Blooming Blush_style"), Keys.chord(ENTER)): Keys 'ENTER + ' sent to object: 'Object Repository/Page_cabi Order Items/input_New Arrivals - Blooming Blush_style'

2019-08-23 08:14:19 - [MESSAGE][PASSED] - Keys 'ENTER + ' sent to object: 'Object Repository/Page_cabi Order Items/input_New Arrivals - Blooming Blush_style'

2019-08-23 08:14:19 - [TEST_STEP][PASSED] - delay(5): Delayed 5 second(s)

2019-08-23 08:14:24 - [MESSAGE][PASSED] - Delayed 5 second(s)

2019-08-23 08:14:24 - [TEST_STEP][PASSED] - if (toString().equalsIgnoreCase("no")): Actual text and expected text of test object 'Object Repository/Page_cabi Order Items/no_result_found' are matched.

2019-08-23 08:14:24 - [TEST_STEP][PASSED] - noResultMessages = findWebElements(findTestObject("Page_cabi Order Items/no_result_found"), 5): null

2019-08-23 08:14:24 - [TEST_STEP][PASSED] - assert noResultMessages.size() > 0: null

2019-08-23 08:14:24 - [TEST_STEP][PASSED] - verifyElementText(findTestObject("Page_cabi Order Items/no_result_found"), "No Results Found!", CONTINUE_ON_FAILURE): Actual text and expected text of test object 'Object Repository/Page_cabi Order Items/no_result_found' are matched.

2019-08-23 08:14:24 - [MESSAGE][PASSED] - Actual text and expected text of test object 'Object Repository/Page_cabi Order Items/no_result_found' are matched.

2019-08-23 08:14:24 - [MESSAGE][PASSED] - Call Test Case 'Test Cases/NewArrival/productVerify' successfully

2019-08-23 08:14:24 - [TEST_STEP][PASSED] - callTestCase(findTestCase("NewArrival/populateTimeGlobalVars"), ["row":timeRow], STOP_ON_FAILURE): Call Test Case 'Test Cases/NewArrival/populateTimeGlobalVars' successfully

2019-08-23 08:14:24 - [TEST_CASE][PASSED] - Test Cases/NewArrival/populateTimeGlobalVars: Test Cases/NewArrival/populateTimeGlobalVars

2019-08-23 08:14:24 - [TEST_STEP][PASSED] - dataFile = "timezoneData": null

2019-08-23 08:14:24 - [TEST_STEP][PASSED] - clockServerTarget = UtilityMethods.getTestData("envtData", "clockServerTarget", 1): null

2019-08-23 08:14:24 - [TEST_STEP][PASSED] - println(clockServerTarget): null

2019-08-23 08:14:24 - [TEST_STEP][PASSED] - orderType = UtilityMethods.getTestData(dataFile, "orderType", row): null

2019-08-23 08:14:24 - [TEST_STEP][PASSED] - timeZone = UtilityMethods.getTestData(dataFile, "timeZone", row): null

2019-08-23 08:14:24 - [TEST_STEP][PASSED] - BOPersonal = UtilityMethods.getTestData(dataFile, "BOPersonal", row): null

2019-08-23 08:14:24 - [TEST_STEP][PASSED] - BOAddonPersonal = UtilityMethods.getTestData(dataFile, "BOAddonPersonal", row): null

2019-08-23 08:14:24 - [TEST_STEP][PASSED] - BOAddonRetail = UtilityMethods.getTestData(dataFile, "BOAddonRetail", row): null

2019-08-23 08:14:25 - [TEST_STEP][PASSED] - BORetail = UtilityMethods.getTestData(dataFile, "BORetail", row): null

2019-08-23 08:14:25 - [TEST_STEP][PASSED] - BOShow = UtilityMethods.getTestData(dataFile, "BOShow", row): null

2019-08-23 08:14:25 - [TEST_STEP][PASSED] - BOOnlineoutlet = UtilityMethods.getTestData(dataFile, "BOOnlineoutlet", row): null

2019-08-23 08:14:25 - [TEST_STEP][PASSED] - BOEmployee = UtilityMethods.getTestData(dataFile, "BOEmployee", row): null

2019-08-23 08:14:25 - [TEST_STEP][PASSED] - CCPersonal = UtilityMethods.getTestData(dataFile, "CCPersonal", row): null

2019-08-23 08:14:25 - [TEST_STEP][PASSED] - CCRetail = UtilityMethods.getTestData(dataFile, "CCRetail", row): null

2019-08-23 08:14:25 - [TEST_STEP][PASSED] - CCShow = UtilityMethods.getTestData(dataFile, "CCShow", row): null

2019-08-23 08:14:25 - [TEST_STEP][PASSED] - BOEblast = UtilityMethods.getTestData(dataFile, "BOEblast", row): null

2019-08-23 08:14:25 - [MESSAGE][PASSED] - Call Test Case 'Test Cases/NewArrival/populateTimeGlobalVars' successfully

2019-08-23 08:14:25 - [TEST_STEP][PASSED] - callTestCase(findTestCase("NewArrival/setTimezone"), ["ofbizURL":"", "ofbizuser":"", "ofbizpass":"", "orderType":orderType, "timeZone":timeZone, "serverTarget":serverTarget, "clockServerTarget":clockServerTarget], STOP_ON_FAILURE): Call Test Case 'Test Cases/NewArrival/setTimezone' successfully

2019-08-23 08:14:25 - [TEST_CASE][PASSED] - Test Cases/NewArrival/setTimezone: Test Cases/NewArrival/setTimezone

2019-08-23 08:14:25 - [TEST_STEP][PASSED] - openBrowser(""): Browser is opened with url: ''

2019-08-23 08:14:25 - [MESSAGE][WARNING] - A browser is already opened. Closing browser and opening a new one

2019-08-23 08:14:25 - [MESSAGE][INFO] - Starting 'Chrome' driver

2019-08-23 08:14:25 - [MESSAGE][INFO] - User set preference: ['args', '[--use-fake-ui-for-media-stream, --start-maximized]']

2019-08-23 08:14:28 - [MESSAGE][PASSED] - Browser is opened with url: ''

2019-08-23 08:14:28 - [TEST_STEP][NOT_RUN] - maximizeWindow(): NOT_RUN: maximizeWindow()

2019-08-23 08:14:28 - [MESSAGE][NOT_RUN] - NOT_RUN: maximizeWindow()

2019-08-23 08:14:28 - [TEST_STEP][PASSED] - ofbizURL = findTestData("envtData").getValue("ofbizURL", 1): null

2019-08-23 08:14:28 - [TEST_STEP][PASSED] - ofbizuser = findTestData("credData").getValue("ofbizuser", 1): null

2019-08-23 08:14:28 - [TEST_STEP][PASSED] - ofbizpass = findTestData("credData").getValue("ofbizpass", 1): null

2019-08-23 08:14:28 - [TEST_STEP][PASSED] - navigateToUrl(ofbizURL): Navigate to 'https://pushofbiz.cliotest.com/login.php' successfully

2019-08-23 08:14:30 - [MESSAGE][PASSED] - Navigate to 'https://pushofbiz.cliotest.com/login.php' successfully

2019-08-23 08:14:30 - [TEST_STEP][PASSED] - setText(findTestObject("Page_/input_Username_username"), ofbizuser): Text 'automation' is set on object 'Object Repository/Page_/input_Username_username'

2019-08-23 08:14:30 - [MESSAGE][PASSED] - Text 'automation' is set on object 'Object Repository/Page_/input_Username_username'

2019-08-23 08:14:30 - [TEST_STEP][PASSED] - setText(findTestObject("Page_/input_Password_password"), ofbizpass): Text 'cabiautomation' is set on object 'Object Repository/Page_/input_Password_password'

2019-08-23 08:14:30 - [MESSAGE][PASSED] - Text 'cabiautomation' is set on object 'Object Repository/Page_/input_Password_password'

2019-08-23 08:14:30 - [TEST_STEP][PASSED] - click(findTestObject("Page_/input_Password_Submit")): Object: 'Object Repository/Page_/input_Password_Submit' is clicked on

2019-08-23 08:14:34 - [MESSAGE][PASSED] - Object: 'Object Repository/Page_/input_Password_Submit' is clicked on

2019-08-23 08:14:34 - [TEST_STEP][PASSED] - click(findTestObject("Object Repository/Page_/a_Clock set")): Object: 'Object Repository/Page_/a_Clock set' is clicked on

2019-08-23 08:14:35 - [MESSAGE][PASSED] - Object: 'Object Repository/Page_/a_Clock set' is clicked on

2019-08-23 08:14:35 - [TEST_STEP][PASSED] - cst = UtilityMethods.createTestObject("select_target", "//select[@name='Target']/option[contains(text(), '", clockServerTarget, "')]"): null

2019-08-23 08:14:35 - [TEST_STEP][PASSED] - println(clockServerTarget): null

2019-08-23 08:14:35 - [TEST_STEP][PASSED] - click(cst): Object: 'select_target' is clicked on

2019-08-23 08:14:35 - [MESSAGE][PASSED] - Object: 'select_target' is clicked on

2019-08-23 08:14:35 - [TEST_STEP][PASSED] - click(findTestObject("Page_/thisDateAndTime")): Object: 'Object Repository/Page_/thisDateAndTime' is clicked on

2019-08-23 08:14:35 - [MESSAGE][PASSED] - Object: 'Object Repository/Page_/thisDateAndTime' is clicked on

2019-08-23 08:14:35 - [TEST_STEP][PASSED] - setText(findTestObject("Object Repository/Page_/setTargetTime"), timeZone): Text ' 10/09/2019 00:00' is set on object 'Object Repository/Page_/setTargetTime'

2019-08-23 08:14:36 - [MESSAGE][PASSED] - Text ' 10/09/2019 00:00' is set on object 'Object Repository/Page_/setTargetTime'

2019-08-23 08:14:36 - [TEST_STEP][PASSED] - click(findTestObject("Object Repository/Page_/input")): Object: 'Object Repository/Page_/input' is clicked on

2019-08-23 08:14:37 - [MESSAGE][PASSED] - Object: 'Object Repository/Page_/input' is clicked on

2019-08-23 08:14:37 - [TEST_STEP][PASSED] - delay(10): Delayed 10 second(s)

2019-08-23 08:14:47 - [MESSAGE][PASSED] - Delayed 10 second(s)

2019-08-23 08:14:47 - [TEST_STEP][NOT_RUN] - closeBrowser(): NOT_RUN: closeBrowser()

2019-08-23 08:14:47 - [MESSAGE][NOT_RUN] - NOT_RUN: closeBrowser()

2019-08-23 08:14:47 - [MESSAGE][PASSED] - Call Test Case 'Test Cases/NewArrival/setTimezone' successfully

2019-08-23 08:14:47 - [TEST_STEP][PASSED] - callTestCase(findTestCase("TestCaseUtilities/backOfficeLogin"), ["BOURL":"", "BOuser":"", "BOpass":""], STOP_ON_FAILURE): Call Test Case 'Test Cases/TestCaseUtilities/backOfficeLogin' successfully

2019-08-23 08:14:47 - [TEST_CASE][PASSED] - Test Cases/TestCaseUtilities/backOfficeLogin: Test Cases/TestCaseUtilities/backOfficeLogin

2019-08-23 08:14:47 - [TEST_STEP][PASSED] - BOURL = findTestData("envtData").getValue("BOURL", 1): null

2019-08-23 08:14:47 - [TEST_STEP][PASSED] - BOuser = findTestData("credData").getValue("BOuser", 1): null

2019-08-23 08:14:47 - [TEST_STEP][PASSED] - BOpass = findTestData("credData").getValue("BOpass", 1): null

2019-08-23 08:14:47 - [TEST_STEP][PASSED] - openBrowser(""): Browser is opened with url: ''

2019-08-23 08:14:47 - [MESSAGE][WARNING] - A browser is already opened. Closing browser and opening a new one

2019-08-23 08:14:48 - [MESSAGE][INFO] - Starting 'Chrome' driver

2019-08-23 08:14:48 - [MESSAGE][INFO] - User set preference: ['args', '[--use-fake-ui-for-media-stream, --start-maximized]']

2019-08-23 08:14:50 - [MESSAGE][PASSED] - Browser is opened with url: ''

2019-08-23 08:14:50 - [TEST_STEP][PASSED] - navigateToUrl(BOURL): Navigate to 'https://test4.cliotest.com/backoffice/control/main' successfully

2019-08-23 08:15:00 - [MESSAGE][PASSED] - Navigate to 'https://test4.cliotest.com/backoffice/control/main' successfully

2019-08-23 08:15:00 - [TEST_STEP][PASSED] - logOut = findWebElements(findTestObject("Object Repository/Page_cabi Home/log_out"), 1): Unable to find the element located by 'By.xpath: //a[contains(text(),'Log Out')]'. Please recheck the objects properties to make sure the desired element is located. 

2019-08-23 08:15:01 - [MESSAGE][INFO] - Unable to find the element located by 'By.xpath: //a[contains(text(),'Log Out')]'. Please recheck the objects properties to make sure the desired element is located. 

2019-08-23 08:15:01 - [TEST_STEP][PASSED] - if (logOut.size() == 0): Object: 'Object Repository/Page_cabi/input_Welcome to_consultantLogin' is clicked on

2019-08-23 08:15:01 - [TEST_STEP][PASSED] - setText(findTestObject("Page_cabi/input_Welcome to_USERNAME"), BOuser): Text '400000002' is set on object 'Object Repository/Page_cabi/input_Welcome to_USERNAME'

2019-08-23 08:15:01 - [MESSAGE][PASSED] - Text '400000002' is set on object 'Object Repository/Page_cabi/input_Welcome to_USERNAME'

2019-08-23 08:15:01 - [TEST_STEP][PASSED] - setText(findTestObject("Object Repository/Page_cabi/input_Welcome to_PASSWORD"), BOpass): Text 'blackdress19' is set on object 'Object Repository/Page_cabi/input_Welcome to_PASSWORD'

2019-08-23 08:15:01 - [MESSAGE][PASSED] - Text 'blackdress19' is set on object 'Object Repository/Page_cabi/input_Welcome to_PASSWORD'

2019-08-23 08:15:01 - [TEST_STEP][PASSED] - click(findTestObject("Object Repository/Page_cabi/input_Welcome to_consultantLogin")): Object: 'Object Repository/Page_cabi/input_Welcome to_consultantLogin' is clicked on

2019-08-23 08:15:11 - [MESSAGE][PASSED] - Object: 'Object Repository/Page_cabi/input_Welcome to_consultantLogin' is clicked on

2019-08-23 08:15:11 - [TEST_STEP][PASSED] - delay(3): Delayed 3 second(s)

2019-08-23 08:15:14 - [MESSAGE][PASSED] - Delayed 3 second(s)

2019-08-23 08:15:14 - [MESSAGE][PASSED] - Call Test Case 'Test Cases/TestCaseUtilities/backOfficeLogin' successfully

2019-08-23 08:15:14 - [TEST_STEP][PASSED] - click(findTestObject("Object Repository/Page_cabi Home/a_Shows  Orders")): Object: 'Object Repository/Page_cabi Home/a_Shows  Orders' is clicked on

2019-08-23 08:15:15 - [MESSAGE][PASSED] - Object: 'Object Repository/Page_cabi Home/a_Shows  Orders' is clicked on

2019-08-23 08:15:15 - [TEST_STEP][PASSED] - delay(3): Delayed 3 second(s)

2019-08-23 08:15:18 - [MESSAGE][PASSED] - Delayed 3 second(s)

2019-08-23 08:15:18 - [TEST_STEP][PASSED] - rightClick(findTestObject("Page_cabi Home/a_online_outline_purchases")): Object: 'Object Repository/Page_cabi Home/a_online_outline_purchases' is right clicked on

2019-08-23 08:15:18 - [MESSAGE][PASSED] - Object: 'Object Repository/Page_cabi Home/a_online_outline_purchases' is right clicked on

2019-08-23 08:15:18 - [TEST_STEP][PASSED] - click(findTestObject("Page_cabi Home/a_online_outline_purchases")): Object: 'Object Repository/Page_cabi Home/a_online_outline_purchases' is clicked on

2019-08-23 08:15:22 - [MESSAGE][PASSED] - Object: 'Object Repository/Page_cabi Home/a_online_outline_purchases' is clicked on

2019-08-23 08:15:22 - [TEST_STEP][PASSED] - click(findTestObject("Object Repository/Page_cabi Online Outlet Store/span_Continue to Order")): Object: 'Object Repository/Page_cabi Online Outlet Store/span_Continue to Order' is clicked on

2019-08-23 08:15:23 - [MESSAGE][PASSED] - Object: 'Object Repository/Page_cabi Online Outlet Store/span_Continue to Order' is clicked on

2019-08-23 08:15:23 - [TEST_STEP][PASSED] - callTestCase(findTestCase("NewArrival/productVerify"), ["available":BOOnlineoutlet, "storeType":"BOOnlineoutlet"], STOP_ON_FAILURE): Call Test Case 'Test Cases/NewArrival/productVerify' successfully

2019-08-23 08:15:23 - [TEST_CASE][PASSED] - Test Cases/NewArrival/productVerify: Test Cases/NewArrival/productVerify

2019-08-23 08:15:23 - [TEST_STEP][PASSED] - for ([row = 1, row <= findTestData("productData").getRowNumbers(), (row++)]): Actual text and expected text of test object 'Object Repository/Page_cabi Order Items/no_result_found' are matched.

2019-08-23 08:15:23 - [TEST_STEP][PASSED] - setText(findTestObject("Object Repository/Page_cabi Order Items/input_New Arrivals - Blooming Blush_style"), findTestData("productData").getValue("Style", row)): Text '3842' is set on object 'Object Repository/Page_cabi Order Items/input_New Arrivals - Blooming Blush_style'

2019-08-23 08:15:25 - [MESSAGE][PASSED] - Text '3842' is set on object 'Object Repository/Page_cabi Order Items/input_New Arrivals - Blooming Blush_style'

2019-08-23 08:15:25 - [TEST_STEP][PASSED] - sendKeys(findTestObject("Object Repository/Page_cabi Order Items/input_New Arrivals - Blooming Blush_style"), Keys.chord(ENTER)): Keys 'ENTER + ' sent to object: 'Object Repository/Page_cabi Order Items/input_New Arrivals - Blooming Blush_style'

2019-08-23 08:15:25 - [MESSAGE][PASSED] - Keys 'ENTER + ' sent to object: 'Object Repository/Page_cabi Order Items/input_New Arrivals - Blooming Blush_style'

2019-08-23 08:15:25 - [TEST_STEP][PASSED] - delay(5): Delayed 5 second(s)

2019-08-23 08:15:30 - [MESSAGE][PASSED] - Delayed 5 second(s)

2019-08-23 08:15:30 - [TEST_STEP][PASSED] - if (toString().equalsIgnoreCase("no")): Actual text and expected text of test object 'Object Repository/Page_cabi Order Items/no_result_found' are matched.

2019-08-23 08:15:30 - [TEST_STEP][PASSED] - noResultMessages = findWebElements(findTestObject("Page_cabi Order Items/no_result_found"), 5): null

2019-08-23 08:15:30 - [TEST_STEP][PASSED] - assert noResultMessages.size() > 0: null

2019-08-23 08:15:30 - [TEST_STEP][PASSED] - verifyElementText(findTestObject("Page_cabi Order Items/no_result_found"), "No Results Found!", CONTINUE_ON_FAILURE): Actual text and expected text of test object 'Object Repository/Page_cabi Order Items/no_result_found' are matched.

2019-08-23 08:15:30 - [MESSAGE][PASSED] - Actual text and expected text of test object 'Object Repository/Page_cabi Order Items/no_result_found' are matched.

2019-08-23 08:15:30 - [MESSAGE][PASSED] - Call Test Case 'Test Cases/NewArrival/productVerify' successfully]]></system-out>
         <system-err><![CDATA[]]></system-err>
      </testcase>
      <testcase name="Test Cases/NewArrival/BOPersonal" classname="Test Cases/NewArrival/BOPersonal" status="FAILED">
         <failure type="FAILED" message="Test Cases/NewArrival/BOPersonal FAILED.
Reason:
com.kms.katalon.core.exception.StepFailedException: Call Test Case 'Test Cases/NewArrival/productVerify' failed
	at com.kms.katalon.core.keyword.builtin.CallTestCaseKeyword$_callTestCase_closure1.doCall(CallTestCaseKeyword.groovy:63)
	at com.kms.katalon.core.keyword.builtin.CallTestCaseKeyword$_callTestCase_closure1.call(CallTestCaseKeyword.groovy)
	at com.kms.katalon.core.keyword.internal.KeywordMain.runKeyword(KeywordMain.groovy:66)
	at com.kms.katalon.core.keyword.builtin.CallTestCaseKeyword.callTestCase(CallTestCaseKeyword.groovy:81)
	at com.kms.katalon.core.keyword.builtin.CallTestCaseKeyword.execute(CallTestCaseKeyword.groovy:44)
	at com.kms.katalon.core.keyword.internal.KeywordExecutor.executeKeywordForPlatform(KeywordExecutor.groovy:56)
	at com.kms.katalon.core.keyword.BuiltinKeywords.callTestCase(BuiltinKeywords.groovy:334)
	at BOPersonal.run(BOPersonal:33)
	at com.kms.katalon.core.main.ScriptEngine.run(ScriptEngine.java:194)
	at com.kms.katalon.core.main.ScriptEngine.runScriptAsRawText(ScriptEngine.java:119)
	at com.kms.katalon.core.main.TestCaseExecutor.runScript(TestCaseExecutor.java:342)
	at com.kms.katalon.core.main.TestCaseExecutor.doExecute(TestCaseExecutor.java:333)
	at com.kms.katalon.core.main.TestCaseExecutor.processExecutionPhase(TestCaseExecutor.java:312)
	at com.kms.katalon.core.main.TestCaseExecutor.accessMainPhase(TestCaseExecutor.java:304)
	at com.kms.katalon.core.main.TestCaseExecutor.execute(TestCaseExecutor.java:238)
	at com.kms.katalon.core.main.TestSuiteExecutor.accessTestCaseMainPhase(TestSuiteExecutor.java:129)
	at com.kms.katalon.core.main.TestSuiteExecutor.accessTestSuiteMainPhase(TestSuiteExecutor.java:112)
	at com.kms.katalon.core.main.TestSuiteExecutor.execute(TestSuiteExecutor.java:81)
	at com.kms.katalon.core.main.TestCaseMain.startTestSuite(TestCaseMain.java:157)
	at com.kms.katalon.core.main.TestCaseMain$startTestSuite$0.call(Unknown Source)
	at TempTestSuite1566527072754.run(TempTestSuite1566527072754.groovy:35)
Caused by: com.kms.katalon.core.exception.StepFailedException: Unable to verify match between actual text '119' and expected text '149' using regular expression (Root cause: com.kms.katalon.core.exception.StepFailedException: Actual text '119' and expected text '149' are not matched using regular expression
	at com.kms.katalon.core.keyword.builtin.VerifyMatchKeyword$_verifyMatch_closure1.doCall(VerifyMatchKeyword.groovy:57)
	at com.kms.katalon.core.keyword.builtin.VerifyMatchKeyword$_verifyMatch_closure1.call(VerifyMatchKeyword.groovy)
	at com.kms.katalon.core.keyword.internal.KeywordMain.runKeyword(KeywordMain.groovy:66)
	at com.kms.katalon.core.keyword.builtin.VerifyMatchKeyword.verifyMatch(VerifyMatchKeyword.groovy:60)
	at com.kms.katalon.core.keyword.builtin.VerifyMatchKeyword.execute(VerifyMatchKeyword.groovy:45)
	at com.kms.katalon.core.keyword.internal.KeywordExecutor.executeKeywordForPlatform(KeywordExecutor.groovy:56)
	at com.kms.katalon.core.keyword.BuiltinKeywords.verifyMatch(BuiltinKeywords.groovy:55)
	at productVerify.run(productVerify:95)
	at com.kms.katalon.core.main.ScriptEngine.run(ScriptEngine.java:194)
	at com.kms.katalon.core.main.ScriptEngine.runScriptAsRawText(ScriptEngine.java:119)
	at com.kms.katalon.core.main.TestCaseExecutor.runScript(TestCaseExecutor.java:342)
	at com.kms.katalon.core.main.TestCaseExecutor.doExecute(TestCaseExecutor.java:333)
	at com.kms.katalon.core.main.TestCaseExecutor.processExecutionPhase(TestCaseExecutor.java:312)
	at com.kms.katalon.core.main.TestCaseExecutor.accessMainPhase(TestCaseExecutor.java:304)
	at com.kms.katalon.core.main.TestCaseExecutor.execute(TestCaseExecutor.java:238)
	at com.kms.katalon.core.main.TestCaseMain.runTestCase(TestCaseMain.java:114)
	at com.kms.katalon.core.keyword.builtin.CallTestCaseKeyword$_callTestCase_closure1.doCall(CallTestCaseKeyword.groovy:59)
	at com.kms.katalon.core.keyword.builtin.CallTestCaseKeyword$_callTestCase_closure1.call(CallTestCaseKeyword.groovy)
	at com.kms.katalon.core.keyword.internal.KeywordMain.runKeyword(KeywordMain.groovy:66)
	at com.kms.katalon.core.keyword.builtin.CallTestCaseKeyword.callTestCase(CallTestCaseKeyword.groovy:81)
	at com.kms.katalon.core.keyword.builtin.CallTestCaseKeyword.execute(CallTestCaseKeyword.groovy:44)
	at com.kms.katalon.core.keyword.internal.KeywordExecutor.executeKeywordForPlatform(KeywordExecutor.groovy:56)
	at com.kms.katalon.core.keyword.BuiltinKeywords.callTestCase(BuiltinKeywords.groovy:334)
	at BOPersonal.run(BOPersonal:33)
	at com.kms.katalon.core.main.ScriptEngine.run(ScriptEngine.java:194)
	at com.kms.katalon.core.main.ScriptEngine.runScriptAsRawText(ScriptEngine.java:119)
	at com.kms.katalon.core.main.TestCaseExecutor.runScript(TestCaseExecutor.java:342)
	at com.kms.katalon.core.main.TestCaseExecutor.doExecute(TestCaseExecutor.java:333)
	at com.kms.katalon.core.main.TestCaseExecutor.processExecutionPhase(TestCaseExecutor.java:312)
	at com.kms.katalon.core.main.TestCaseExecutor.accessMainPhase(TestCaseExecutor.java:304)
	at com.kms.katalon.core.main.TestCaseExecutor.execute(TestCaseExecutor.java:238)
	at com.kms.katalon.core.main.TestSuiteExecutor.accessTestCaseMainPhase(TestSuiteExecutor.java:129)
	at com.kms.katalon.core.main.TestSuiteExecutor.accessTestSuiteMainPhase(TestSuiteExecutor.java:112)
	at com.kms.katalon.core.main.TestSuiteExecutor.execute(TestSuiteExecutor.java:81)
	at com.kms.katalon.core.main.TestCaseMain.startTestSuite(TestCaseMain.java:157)
	at com.kms.katalon.core.main.TestCaseMain$startTestSuite$0.call(Unknown Source)
	at TempTestSuite1566527072754.run(TempTestSuite1566527072754.groovy:35)
)
	at com.kms.katalon.core.keyword.internal.KeywordMain.stepFailed(KeywordMain.groovy:37)
	at com.kms.katalon.core.keyword.internal.KeywordMain.stepFailed(KeywordMain.groovy)
	at com.kms.katalon.core.keyword.internal.KeywordMain.runKeyword(KeywordMain.groovy:68)
	at com.kms.katalon.core.keyword.builtin.VerifyMatchKeyword.verifyMatch(VerifyMatchKeyword.groovy:60)
	at com.kms.katalon.core.keyword.builtin.VerifyMatchKeyword.execute(VerifyMatchKeyword.groovy:45)
	at com.kms.katalon.core.keyword.internal.KeywordExecutor.executeKeywordForPlatform(KeywordExecutor.groovy:56)
	at com.kms.katalon.core.keyword.BuiltinKeywords.verifyMatch(BuiltinKeywords.groovy:55)
	at productVerify.run(productVerify:95)
	at com.kms.katalon.core.main.ScriptEngine.run(ScriptEngine.java:194)
	at com.kms.katalon.core.main.ScriptEngine.runScriptAsRawText(ScriptEngine.java:119)
	at com.kms.katalon.core.main.TestCaseExecutor.runScript(TestCaseExecutor.java:342)
	at com.kms.katalon.core.main.TestCaseExecutor.doExecute(TestCaseExecutor.java:333)
	at com.kms.katalon.core.main.TestCaseExecutor.processExecutionPhase(TestCaseExecutor.java:312)
	at com.kms.katalon.core.main.TestCaseExecutor.accessMainPhase(TestCaseExecutor.java:304)
	at com.kms.katalon.core.main.TestCaseExecutor.execute(TestCaseExecutor.java:238)
	at com.kms.katalon.core.main.TestCaseMain.runTestCase(TestCaseMain.java:114)
	at com.kms.katalon.core.keyword.builtin.CallTestCaseKeyword$_callTestCase_closure1.doCall(CallTestCaseKeyword.groovy:59)
	... 20 more
Caused by: com.kms.katalon.core.exception.StepFailedException: Actual text '119' and expected text '149' are not matched using regular expression
	at com.kms.katalon.core.keyword.builtin.VerifyMatchKeyword$_verifyMatch_closure1.doCall(VerifyMatchKeyword.groovy:57)
	at com.kms.katalon.core.keyword.builtin.VerifyMatchKeyword$_verifyMatch_closure1.call(VerifyMatchKeyword.groovy)
	at com.kms.katalon.core.keyword.internal.KeywordMain.runKeyword(KeywordMain.groovy:66)
	... 34 more
"/>
         <system-out><![CDATA[2019-08-23 08:15:30 - [TEST_CASE][FAILED] - Test Cases/NewArrival/BOPersonal: Test Cases/NewArrival/BOPersonal FAILED.
Reason:
com.kms.katalon.core.exception.StepFailedException: Call Test Case 'Test Cases/NewArrival/productVerify' failed
	at com.kms.katalon.core.keyword.builtin.CallTestCaseKeyword$_callTestCase_closure1.doCall(CallTestCaseKeyword.groovy:63)
	at com.kms.katalon.core.keyword.builtin.CallTestCaseKeyword$_callTestCase_closure1.call(CallTestCaseKeyword.groovy)
	at com.kms.katalon.core.keyword.internal.KeywordMain.runKeyword(KeywordMain.groovy:66)
	at com.kms.katalon.core.keyword.builtin.CallTestCaseKeyword.callTestCase(CallTestCaseKeyword.groovy:81)
	at com.kms.katalon.core.keyword.builtin.CallTestCaseKeyword.execute(CallTestCaseKeyword.groovy:44)
	at com.kms.katalon.core.keyword.internal.KeywordExecutor.executeKeywordForPlatform(KeywordExecutor.groovy:56)
	at com.kms.katalon.core.keyword.BuiltinKeywords.callTestCase(BuiltinKeywords.groovy:334)
	at BOPersonal.run(BOPersonal:33)
	at com.kms.katalon.core.main.ScriptEngine.run(ScriptEngine.java:194)
	at com.kms.katalon.core.main.ScriptEngine.runScriptAsRawText(ScriptEngine.java:119)
	at com.kms.katalon.core.main.TestCaseExecutor.runScript(TestCaseExecutor.java:342)
	at com.kms.katalon.core.main.TestCaseExecutor.doExecute(TestCaseExecutor.java:333)
	at com.kms.katalon.core.main.TestCaseExecutor.processExecutionPhase(TestCaseExecutor.java:312)
	at com.kms.katalon.core.main.TestCaseExecutor.accessMainPhase(TestCaseExecutor.java:304)
	at com.kms.katalon.core.main.TestCaseExecutor.execute(TestCaseExecutor.java:238)
	at com.kms.katalon.core.main.TestSuiteExecutor.accessTestCaseMainPhase(TestSuiteExecutor.java:129)
	at com.kms.katalon.core.main.TestSuiteExecutor.accessTestSuiteMainPhase(TestSuiteExecutor.java:112)
	at com.kms.katalon.core.main.TestSuiteExecutor.execute(TestSuiteExecutor.java:81)
	at com.kms.katalon.core.main.TestCaseMain.startTestSuite(TestCaseMain.java:157)
	at com.kms.katalon.core.main.TestCaseMain$startTestSuite$0.call(Unknown Source)
	at TempTestSuite1566527072754.run(TempTestSuite1566527072754.groovy:35)
Caused by: com.kms.katalon.core.exception.StepFailedException: Unable to verify match between actual text '119' and expected text '149' using regular expression (Root cause: com.kms.katalon.core.exception.StepFailedException: Actual text '119' and expected text '149' are not matched using regular expression
	at com.kms.katalon.core.keyword.builtin.VerifyMatchKeyword$_verifyMatch_closure1.doCall(VerifyMatchKeyword.groovy:57)
	at com.kms.katalon.core.keyword.builtin.VerifyMatchKeyword$_verifyMatch_closure1.call(VerifyMatchKeyword.groovy)
	at com.kms.katalon.core.keyword.internal.KeywordMain.runKeyword(KeywordMain.groovy:66)
	at com.kms.katalon.core.keyword.builtin.VerifyMatchKeyword.verifyMatch(VerifyMatchKeyword.groovy:60)
	at com.kms.katalon.core.keyword.builtin.VerifyMatchKeyword.execute(VerifyMatchKeyword.groovy:45)
	at com.kms.katalon.core.keyword.internal.KeywordExecutor.executeKeywordForPlatform(KeywordExecutor.groovy:56)
	at com.kms.katalon.core.keyword.BuiltinKeywords.verifyMatch(BuiltinKeywords.groovy:55)
	at productVerify.run(productVerify:95)
	at com.kms.katalon.core.main.ScriptEngine.run(ScriptEngine.java:194)
	at com.kms.katalon.core.main.ScriptEngine.runScriptAsRawText(ScriptEngine.java:119)
	at com.kms.katalon.core.main.TestCaseExecutor.runScript(TestCaseExecutor.java:342)
	at com.kms.katalon.core.main.TestCaseExecutor.doExecute(TestCaseExecutor.java:333)
	at com.kms.katalon.core.main.TestCaseExecutor.processExecutionPhase(TestCaseExecutor.java:312)
	at com.kms.katalon.core.main.TestCaseExecutor.accessMainPhase(TestCaseExecutor.java:304)
	at com.kms.katalon.core.main.TestCaseExecutor.execute(TestCaseExecutor.java:238)
	at com.kms.katalon.core.main.TestCaseMain.runTestCase(TestCaseMain.java:114)
	at com.kms.katalon.core.keyword.builtin.CallTestCaseKeyword$_callTestCase_closure1.doCall(CallTestCaseKeyword.groovy:59)
	at com.kms.katalon.core.keyword.builtin.CallTestCaseKeyword$_callTestCase_closure1.call(CallTestCaseKeyword.groovy)
	at com.kms.katalon.core.keyword.internal.KeywordMain.runKeyword(KeywordMain.groovy:66)
	at com.kms.katalon.core.keyword.builtin.CallTestCaseKeyword.callTestCase(CallTestCaseKeyword.groovy:81)
	at com.kms.katalon.core.keyword.builtin.CallTestCaseKeyword.execute(CallTestCaseKeyword.groovy:44)
	at com.kms.katalon.core.keyword.internal.KeywordExecutor.executeKeywordForPlatform(KeywordExecutor.groovy:56)
	at com.kms.katalon.core.keyword.BuiltinKeywords.callTestCase(BuiltinKeywords.groovy:334)
	at BOPersonal.run(BOPersonal:33)
	at com.kms.katalon.core.main.ScriptEngine.run(ScriptEngine.java:194)
	at com.kms.katalon.core.main.ScriptEngine.runScriptAsRawText(ScriptEngine.java:119)
	at com.kms.katalon.core.main.TestCaseExecutor.runScript(TestCaseExecutor.java:342)
	at com.kms.katalon.core.main.TestCaseExecutor.doExecute(TestCaseExecutor.java:333)
	at com.kms.katalon.core.main.TestCaseExecutor.processExecutionPhase(TestCaseExecutor.java:312)
	at com.kms.katalon.core.main.TestCaseExecutor.accessMainPhase(TestCaseExecutor.java:304)
	at com.kms.katalon.core.main.TestCaseExecutor.execute(TestCaseExecutor.java:238)
	at com.kms.katalon.core.main.TestSuiteExecutor.accessTestCaseMainPhase(TestSuiteExecutor.java:129)
	at com.kms.katalon.core.main.TestSuiteExecutor.accessTestSuiteMainPhase(TestSuiteExecutor.java:112)
	at com.kms.katalon.core.main.TestSuiteExecutor.execute(TestSuiteExecutor.java:81)
	at com.kms.katalon.core.main.TestCaseMain.startTestSuite(TestCaseMain.java:157)
	at com.kms.katalon.core.main.TestCaseMain$startTestSuite$0.call(Unknown Source)
	at TempTestSuite1566527072754.run(TempTestSuite1566527072754.groovy:35)
)
	at com.kms.katalon.core.keyword.internal.KeywordMain.stepFailed(KeywordMain.groovy:37)
	at com.kms.katalon.core.keyword.internal.KeywordMain.stepFailed(KeywordMain.groovy)
	at com.kms.katalon.core.keyword.internal.KeywordMain.runKeyword(KeywordMain.groovy:68)
	at com.kms.katalon.core.keyword.builtin.VerifyMatchKeyword.verifyMatch(VerifyMatchKeyword.groovy:60)
	at com.kms.katalon.core.keyword.builtin.VerifyMatchKeyword.execute(VerifyMatchKeyword.groovy:45)
	at com.kms.katalon.core.keyword.internal.KeywordExecutor.executeKeywordForPlatform(KeywordExecutor.groovy:56)
	at com.kms.katalon.core.keyword.BuiltinKeywords.verifyMatch(BuiltinKeywords.groovy:55)
	at productVerify.run(productVerify:95)
	at com.kms.katalon.core.main.ScriptEngine.run(ScriptEngine.java:194)
	at com.kms.katalon.core.main.ScriptEngine.runScriptAsRawText(ScriptEngine.java:119)
	at com.kms.katalon.core.main.TestCaseExecutor.runScript(TestCaseExecutor.java:342)
	at com.kms.katalon.core.main.TestCaseExecutor.doExecute(TestCaseExecutor.java:333)
	at com.kms.katalon.core.main.TestCaseExecutor.processExecutionPhase(TestCaseExecutor.java:312)
	at com.kms.katalon.core.main.TestCaseExecutor.accessMainPhase(TestCaseExecutor.java:304)
	at com.kms.katalon.core.main.TestCaseExecutor.execute(TestCaseExecutor.java:238)
	at com.kms.katalon.core.main.TestCaseMain.runTestCase(TestCaseMain.java:114)
	at com.kms.katalon.core.keyword.builtin.CallTestCaseKeyword$_callTestCase_closure1.doCall(CallTestCaseKeyword.groovy:59)
	... 20 more
Caused by: com.kms.katalon.core.exception.StepFailedException: Actual text '119' and expected text '149' are not matched using regular expression
	at com.kms.katalon.core.keyword.builtin.VerifyMatchKeyword$_verifyMatch_closure1.doCall(VerifyMatchKeyword.groovy:57)
	at com.kms.katalon.core.keyword.builtin.VerifyMatchKeyword$_verifyMatch_closure1.call(VerifyMatchKeyword.groovy)
	at com.kms.katalon.core.keyword.internal.KeywordMain.runKeyword(KeywordMain.groovy:66)
	... 34 more


2019-08-23 08:15:30 - [TEST_STEP][PASSED] - Start listener action : sampleBeforeTestCase: null

2019-08-23 08:15:30 - [TEST_STEP][PASSED] - println(testCaseContext.getTestCaseId()): null

2019-08-23 08:15:30 - [TEST_STEP][PASSED] - println(testCaseContext.getTestCaseVariables()): null

2019-08-23 08:15:30 - [TEST_STEP][PASSED] - openBrowser(""): Browser is opened with url: ''

2019-08-23 08:15:30 - [MESSAGE][WARNING] - A browser is already opened. Closing browser and opening a new one

2019-08-23 08:15:31 - [MESSAGE][INFO] - Starting 'Chrome' driver

2019-08-23 08:15:31 - [MESSAGE][INFO] - User set preference: ['args', '[--use-fake-ui-for-media-stream, --start-maximized]']

2019-08-23 08:15:34 - [MESSAGE][PASSED] - Browser is opened with url: ''

2019-08-23 08:15:34 - [TEST_STEP][FAILED] - for ([timeRow = 1, timeRow <= findTestData("timezoneData").getRowNumbers(), (timeRow++)]): for ([timeRow = 1, timeRow <= findTestData("timezoneData").getRowNumbers(), (timeRow++)]) FAILED.
Reason:
com.kms.katalon.core.exception.StepFailedException: Call Test Case 'Test Cases/NewArrival/productVerify' failed
	at com.kms.katalon.core.keyword.builtin.CallTestCaseKeyword$_callTestCase_closure1.doCall(CallTestCaseKeyword.groovy:63)
	at com.kms.katalon.core.keyword.builtin.CallTestCaseKeyword$_callTestCase_closure1.call(CallTestCaseKeyword.groovy)
	at com.kms.katalon.core.keyword.internal.KeywordMain.runKeyword(KeywordMain.groovy:66)
	at com.kms.katalon.core.keyword.builtin.CallTestCaseKeyword.callTestCase(CallTestCaseKeyword.groovy:81)
	at com.kms.katalon.core.keyword.builtin.CallTestCaseKeyword.execute(CallTestCaseKeyword.groovy:44)
	at com.kms.katalon.core.keyword.internal.KeywordExecutor.executeKeywordForPlatform(KeywordExecutor.groovy:56)
	at com.kms.katalon.core.keyword.BuiltinKeywords.callTestCase(BuiltinKeywords.groovy:334)
	at BOPersonal.run(BOPersonal:33)
	at com.kms.katalon.core.main.ScriptEngine.run(ScriptEngine.java:194)
	at com.kms.katalon.core.main.ScriptEngine.runScriptAsRawText(ScriptEngine.java:119)
	at com.kms.katalon.core.main.TestCaseExecutor.runScript(TestCaseExecutor.java:342)
	at com.kms.katalon.core.main.TestCaseExecutor.doExecute(TestCaseExecutor.java:333)
	at com.kms.katalon.core.main.TestCaseExecutor.processExecutionPhase(TestCaseExecutor.java:312)
	at com.kms.katalon.core.main.TestCaseExecutor.accessMainPhase(TestCaseExecutor.java:304)
	at com.kms.katalon.core.main.TestCaseExecutor.execute(TestCaseExecutor.java:238)
	at com.kms.katalon.core.main.TestSuiteExecutor.accessTestCaseMainPhase(TestSuiteExecutor.java:129)
	at com.kms.katalon.core.main.TestSuiteExecutor.accessTestSuiteMainPhase(TestSuiteExecutor.java:112)
	at com.kms.katalon.core.main.TestSuiteExecutor.execute(TestSuiteExecutor.java:81)
	at com.kms.katalon.core.main.TestCaseMain.startTestSuite(TestCaseMain.java:157)
	at com.kms.katalon.core.main.TestCaseMain$startTestSuite$0.call(Unknown Source)
	at TempTestSuite1566527072754.run(TempTestSuite1566527072754.groovy:35)
Caused by: com.kms.katalon.core.exception.StepFailedException: Unable to verify match between actual text '119' and expected text '149' using regular expression (Root cause: com.kms.katalon.core.exception.StepFailedException: Actual text '119' and expected text '149' are not matched using regular expression
	at com.kms.katalon.core.keyword.builtin.VerifyMatchKeyword$_verifyMatch_closure1.doCall(VerifyMatchKeyword.groovy:57)
	at com.kms.katalon.core.keyword.builtin.VerifyMatchKeyword$_verifyMatch_closure1.call(VerifyMatchKeyword.groovy)
	at com.kms.katalon.core.keyword.internal.KeywordMain.runKeyword(KeywordMain.groovy:66)
	at com.kms.katalon.core.keyword.builtin.VerifyMatchKeyword.verifyMatch(VerifyMatchKeyword.groovy:60)
	at com.kms.katalon.core.keyword.builtin.VerifyMatchKeyword.execute(VerifyMatchKeyword.groovy:45)
	at com.kms.katalon.core.keyword.internal.KeywordExecutor.executeKeywordForPlatform(KeywordExecutor.groovy:56)
	at com.kms.katalon.core.keyword.BuiltinKeywords.verifyMatch(BuiltinKeywords.groovy:55)
	at productVerify.run(productVerify:95)
	at com.kms.katalon.core.main.ScriptEngine.run(ScriptEngine.java:194)
	at com.kms.katalon.core.main.ScriptEngine.runScriptAsRawText(ScriptEngine.java:119)
	at com.kms.katalon.core.main.TestCaseExecutor.runScript(TestCaseExecutor.java:342)
	at com.kms.katalon.core.main.TestCaseExecutor.doExecute(TestCaseExecutor.java:333)
	at com.kms.katalon.core.main.TestCaseExecutor.processExecutionPhase(TestCaseExecutor.java:312)
	at com.kms.katalon.core.main.TestCaseExecutor.accessMainPhase(TestCaseExecutor.java:304)
	at com.kms.katalon.core.main.TestCaseExecutor.execute(TestCaseExecutor.java:238)
	at com.kms.katalon.core.main.TestCaseMain.runTestCase(TestCaseMain.java:114)
	at com.kms.katalon.core.keyword.builtin.CallTestCaseKeyword$_callTestCase_closure1.doCall(CallTestCaseKeyword.groovy:59)
	at com.kms.katalon.core.keyword.builtin.CallTestCaseKeyword$_callTestCase_closure1.call(CallTestCaseKeyword.groovy)
	at com.kms.katalon.core.keyword.internal.KeywordMain.runKeyword(KeywordMain.groovy:66)
	at com.kms.katalon.core.keyword.builtin.CallTestCaseKeyword.callTestCase(CallTestCaseKeyword.groovy:81)
	at com.kms.katalon.core.keyword.builtin.CallTestCaseKeyword.execute(CallTestCaseKeyword.groovy:44)
	at com.kms.katalon.core.keyword.internal.KeywordExecutor.executeKeywordForPlatform(KeywordExecutor.groovy:56)
	at com.kms.katalon.core.keyword.BuiltinKeywords.callTestCase(BuiltinKeywords.groovy:334)
	at BOPersonal.run(BOPersonal:33)
	at com.kms.katalon.core.main.ScriptEngine.run(ScriptEngine.java:194)
	at com.kms.katalon.core.main.ScriptEngine.runScriptAsRawText(ScriptEngine.java:119)
	at com.kms.katalon.core.main.TestCaseExecutor.runScript(TestCaseExecutor.java:342)
	at com.kms.katalon.core.main.TestCaseExecutor.doExecute(TestCaseExecutor.java:333)
	at com.kms.katalon.core.main.TestCaseExecutor.processExecutionPhase(TestCaseExecutor.java:312)
	at com.kms.katalon.core.main.TestCaseExecutor.accessMainPhase(TestCaseExecutor.java:304)
	at com.kms.katalon.core.main.TestCaseExecutor.execute(TestCaseExecutor.java:238)
	at com.kms.katalon.core.main.TestSuiteExecutor.accessTestCaseMainPhase(TestSuiteExecutor.java:129)
	at com.kms.katalon.core.main.TestSuiteExecutor.accessTestSuiteMainPhase(TestSuiteExecutor.java:112)
	at com.kms.katalon.core.main.TestSuiteExecutor.execute(TestSuiteExecutor.java:81)
	at com.kms.katalon.core.main.TestCaseMain.startTestSuite(TestCaseMain.java:157)
	at com.kms.katalon.core.main.TestCaseMain$startTestSuite$0.call(Unknown Source)
	at TempTestSuite1566527072754.run(TempTestSuite1566527072754.groovy:35)
)
	at com.kms.katalon.core.keyword.internal.KeywordMain.stepFailed(KeywordMain.groovy:37)
	at com.kms.katalon.core.keyword.internal.KeywordMain.stepFailed(KeywordMain.groovy)
	at com.kms.katalon.core.keyword.internal.KeywordMain.runKeyword(KeywordMain.groovy:68)
	at com.kms.katalon.core.keyword.builtin.VerifyMatchKeyword.verifyMatch(VerifyMatchKeyword.groovy:60)
	at com.kms.katalon.core.keyword.builtin.VerifyMatchKeyword.execute(VerifyMatchKeyword.groovy:45)
	at com.kms.katalon.core.keyword.internal.KeywordExecutor.executeKeywordForPlatform(KeywordExecutor.groovy:56)
	at com.kms.katalon.core.keyword.BuiltinKeywords.verifyMatch(BuiltinKeywords.groovy:55)
	at productVerify.run(productVerify:95)
	at com.kms.katalon.core.main.ScriptEngine.run(ScriptEngine.java:194)
	at com.kms.katalon.core.main.ScriptEngine.runScriptAsRawText(ScriptEngine.java:119)
	at com.kms.katalon.core.main.TestCaseExecutor.runScript(TestCaseExecutor.java:342)
	at com.kms.katalon.core.main.TestCaseExecutor.doExecute(TestCaseExecutor.java:333)
	at com.kms.katalon.core.main.TestCaseExecutor.processExecutionPhase(TestCaseExecutor.java:312)
	at com.kms.katalon.core.main.TestCaseExecutor.accessMainPhase(TestCaseExecutor.java:304)
	at com.kms.katalon.core.main.TestCaseExecutor.execute(TestCaseExecutor.java:238)
	at com.kms.katalon.core.main.TestCaseMain.runTestCase(TestCaseMain.java:114)
	at com.kms.katalon.core.keyword.builtin.CallTestCaseKeyword$_callTestCase_closure1.doCall(CallTestCaseKeyword.groovy:59)
	... 20 more
Caused by: com.kms.katalon.core.exception.StepFailedException: Actual text '119' and expected text '149' are not matched using regular expression
	at com.kms.katalon.core.keyword.builtin.VerifyMatchKeyword$_verifyMatch_closure1.doCall(VerifyMatchKeyword.groovy:57)
	at com.kms.katalon.core.keyword.builtin.VerifyMatchKeyword$_verifyMatch_closure1.call(VerifyMatchKeyword.groovy)
	at com.kms.katalon.core.keyword.internal.KeywordMain.runKeyword(KeywordMain.groovy:66)
	... 34 more


2019-08-23 08:15:34 - [TEST_STEP][PASSED] - callTestCase(findTestCase("NewArrival/populateTimeGlobalVars"), ["row":timeRow], STOP_ON_FAILURE): Call Test Case 'Test Cases/NewArrival/populateTimeGlobalVars' successfully

2019-08-23 08:15:34 - [TEST_CASE][PASSED] - Test Cases/NewArrival/populateTimeGlobalVars: Test Cases/NewArrival/populateTimeGlobalVars

2019-08-23 08:15:34 - [TEST_STEP][PASSED] - dataFile = "timezoneData": null

2019-08-23 08:15:34 - [TEST_STEP][PASSED] - clockServerTarget = UtilityMethods.getTestData("envtData", "clockServerTarget", 1): null

2019-08-23 08:15:34 - [TEST_STEP][PASSED] - println(clockServerTarget): null

2019-08-23 08:15:34 - [TEST_STEP][PASSED] - orderType = UtilityMethods.getTestData(dataFile, "orderType", row): null

2019-08-23 08:15:34 - [TEST_STEP][PASSED] - timeZone = UtilityMethods.getTestData(dataFile, "timeZone", row): null

2019-08-23 08:15:34 - [TEST_STEP][PASSED] - BOPersonal = UtilityMethods.getTestData(dataFile, "BOPersonal", row): null

2019-08-23 08:15:34 - [TEST_STEP][PASSED] - BOAddonPersonal = UtilityMethods.getTestData(dataFile, "BOAddonPersonal", row): null

2019-08-23 08:15:34 - [TEST_STEP][PASSED] - BOAddonRetail = UtilityMethods.getTestData(dataFile, "BOAddonRetail", row): null

2019-08-23 08:15:34 - [TEST_STEP][PASSED] - BORetail = UtilityMethods.getTestData(dataFile, "BORetail", row): null

2019-08-23 08:15:34 - [TEST_STEP][PASSED] - BOShow = UtilityMethods.getTestData(dataFile, "BOShow", row): null

2019-08-23 08:15:34 - [TEST_STEP][PASSED] - BOOnlineoutlet = UtilityMethods.getTestData(dataFile, "BOOnlineoutlet", row): null

2019-08-23 08:15:34 - [TEST_STEP][PASSED] - BOEmployee = UtilityMethods.getTestData(dataFile, "BOEmployee", row): null

2019-08-23 08:15:34 - [TEST_STEP][PASSED] - CCPersonal = UtilityMethods.getTestData(dataFile, "CCPersonal", row): null

2019-08-23 08:15:34 - [TEST_STEP][PASSED] - CCRetail = UtilityMethods.getTestData(dataFile, "CCRetail", row): null

2019-08-23 08:15:34 - [TEST_STEP][PASSED] - CCShow = UtilityMethods.getTestData(dataFile, "CCShow", row): null

2019-08-23 08:15:34 - [TEST_STEP][PASSED] - BOEblast = UtilityMethods.getTestData(dataFile, "BOEblast", row): null

2019-08-23 08:15:34 - [MESSAGE][PASSED] - Call Test Case 'Test Cases/NewArrival/populateTimeGlobalVars' successfully

2019-08-23 08:15:34 - [TEST_STEP][PASSED] - callTestCase(findTestCase("NewArrival/setTimezone"), ["ofbizURL":"", "ofbizuser":"", "ofbizpass":"", "orderType":orderType, "timeZone":timeZone, "serverTarget":serverTarget, "clockServerTarget":clockServerTarget], STOP_ON_FAILURE): Call Test Case 'Test Cases/NewArrival/setTimezone' successfully

2019-08-23 08:15:34 - [TEST_CASE][PASSED] - Test Cases/NewArrival/setTimezone: Test Cases/NewArrival/setTimezone

2019-08-23 08:15:34 - [TEST_STEP][PASSED] - openBrowser(""): Browser is opened with url: ''

2019-08-23 08:15:34 - [MESSAGE][WARNING] - A browser is already opened. Closing browser and opening a new one

2019-08-23 08:15:35 - [MESSAGE][INFO] - Starting 'Chrome' driver

2019-08-23 08:15:35 - [MESSAGE][INFO] - User set preference: ['args', '[--use-fake-ui-for-media-stream, --start-maximized]']

2019-08-23 08:15:37 - [MESSAGE][PASSED] - Browser is opened with url: ''

2019-08-23 08:15:37 - [TEST_STEP][NOT_RUN] - maximizeWindow(): NOT_RUN: maximizeWindow()

2019-08-23 08:15:37 - [MESSAGE][NOT_RUN] - NOT_RUN: maximizeWindow()

2019-08-23 08:15:37 - [TEST_STEP][PASSED] - ofbizURL = findTestData("envtData").getValue("ofbizURL", 1): null

2019-08-23 08:15:37 - [TEST_STEP][PASSED] - ofbizuser = findTestData("credData").getValue("ofbizuser", 1): null

2019-08-23 08:15:37 - [TEST_STEP][PASSED] - ofbizpass = findTestData("credData").getValue("ofbizpass", 1): null

2019-08-23 08:15:37 - [TEST_STEP][PASSED] - navigateToUrl(ofbizURL): Navigate to 'https://pushofbiz.cliotest.com/login.php' successfully

2019-08-23 08:15:39 - [MESSAGE][PASSED] - Navigate to 'https://pushofbiz.cliotest.com/login.php' successfully

2019-08-23 08:15:39 - [TEST_STEP][PASSED] - setText(findTestObject("Page_/input_Username_username"), ofbizuser): Text 'automation' is set on object 'Object Repository/Page_/input_Username_username'

2019-08-23 08:15:39 - [MESSAGE][PASSED] - Text 'automation' is set on object 'Object Repository/Page_/input_Username_username'

2019-08-23 08:15:39 - [TEST_STEP][PASSED] - setText(findTestObject("Page_/input_Password_password"), ofbizpass): Text 'cabiautomation' is set on object 'Object Repository/Page_/input_Password_password'

2019-08-23 08:15:39 - [MESSAGE][PASSED] - Text 'cabiautomation' is set on object 'Object Repository/Page_/input_Password_password'

2019-08-23 08:15:39 - [TEST_STEP][PASSED] - click(findTestObject("Page_/input_Password_Submit")): Object: 'Object Repository/Page_/input_Password_Submit' is clicked on

2019-08-23 08:15:44 - [MESSAGE][PASSED] - Object: 'Object Repository/Page_/input_Password_Submit' is clicked on

2019-08-23 08:15:44 - [TEST_STEP][PASSED] - click(findTestObject("Object Repository/Page_/a_Clock set")): Object: 'Object Repository/Page_/a_Clock set' is clicked on

2019-08-23 08:15:45 - [MESSAGE][PASSED] - Object: 'Object Repository/Page_/a_Clock set' is clicked on

2019-08-23 08:15:45 - [TEST_STEP][PASSED] - cst = UtilityMethods.createTestObject("select_target", "//select[@name='Target']/option[contains(text(), '", clockServerTarget, "')]"): null

2019-08-23 08:15:45 - [TEST_STEP][PASSED] - println(clockServerTarget): null

2019-08-23 08:15:45 - [TEST_STEP][PASSED] - click(cst): Object: 'select_target' is clicked on

2019-08-23 08:15:45 - [MESSAGE][PASSED] - Object: 'select_target' is clicked on

2019-08-23 08:15:45 - [TEST_STEP][PASSED] - click(findTestObject("Page_/thisDateAndTime")): Object: 'Object Repository/Page_/thisDateAndTime' is clicked on

2019-08-23 08:15:45 - [MESSAGE][PASSED] - Object: 'Object Repository/Page_/thisDateAndTime' is clicked on

2019-08-23 08:15:45 - [TEST_STEP][PASSED] - setText(findTestObject("Object Repository/Page_/setTargetTime"), timeZone): Text ' 09/06/2019 7:00' is set on object 'Object Repository/Page_/setTargetTime'

2019-08-23 08:15:45 - [MESSAGE][PASSED] - Text ' 09/06/2019 7:00' is set on object 'Object Repository/Page_/setTargetTime'

2019-08-23 08:15:45 - [TEST_STEP][PASSED] - click(findTestObject("Object Repository/Page_/input")): Object: 'Object Repository/Page_/input' is clicked on

2019-08-23 08:15:46 - [MESSAGE][PASSED] - Object: 'Object Repository/Page_/input' is clicked on

2019-08-23 08:15:46 - [TEST_STEP][PASSED] - delay(10): Delayed 10 second(s)

2019-08-23 08:15:56 - [MESSAGE][PASSED] - Delayed 10 second(s)

2019-08-23 08:15:56 - [TEST_STEP][NOT_RUN] - closeBrowser(): NOT_RUN: closeBrowser()

2019-08-23 08:15:56 - [MESSAGE][NOT_RUN] - NOT_RUN: closeBrowser()

2019-08-23 08:15:56 - [MESSAGE][PASSED] - Call Test Case 'Test Cases/NewArrival/setTimezone' successfully

2019-08-23 08:15:56 - [TEST_STEP][PASSED] - callTestCase(findTestCase("TestCaseUtilities/backOfficeLogin"), ["BOURL":"", "BOuser":"", "BOpass":""], STOP_ON_FAILURE): Call Test Case 'Test Cases/TestCaseUtilities/backOfficeLogin' successfully

2019-08-23 08:15:56 - [TEST_CASE][PASSED] - Test Cases/TestCaseUtilities/backOfficeLogin: Test Cases/TestCaseUtilities/backOfficeLogin

2019-08-23 08:15:56 - [TEST_STEP][PASSED] - BOURL = findTestData("envtData").getValue("BOURL", 1): null

2019-08-23 08:15:56 - [TEST_STEP][PASSED] - BOuser = findTestData("credData").getValue("BOuser", 1): null

2019-08-23 08:15:56 - [TEST_STEP][PASSED] - BOpass = findTestData("credData").getValue("BOpass", 1): null

2019-08-23 08:15:57 - [TEST_STEP][PASSED] - openBrowser(""): Browser is opened with url: ''

2019-08-23 08:15:57 - [MESSAGE][WARNING] - A browser is already opened. Closing browser and opening a new one

2019-08-23 08:15:57 - [MESSAGE][INFO] - Starting 'Chrome' driver

2019-08-23 08:15:57 - [MESSAGE][INFO] - User set preference: ['args', '[--use-fake-ui-for-media-stream, --start-maximized]']

2019-08-23 08:15:59 - [MESSAGE][PASSED] - Browser is opened with url: ''

2019-08-23 08:15:59 - [TEST_STEP][PASSED] - navigateToUrl(BOURL): Navigate to 'https://test4.cliotest.com/backoffice/control/main' successfully

2019-08-23 08:16:06 - [MESSAGE][PASSED] - Navigate to 'https://test4.cliotest.com/backoffice/control/main' successfully

2019-08-23 08:16:06 - [TEST_STEP][PASSED] - logOut = findWebElements(findTestObject("Object Repository/Page_cabi Home/log_out"), 1): Unable to find the element located by 'By.xpath: //a[contains(text(),'Log Out')]'. Please recheck the objects properties to make sure the desired element is located. 

2019-08-23 08:16:07 - [MESSAGE][INFO] - Unable to find the element located by 'By.xpath: //a[contains(text(),'Log Out')]'. Please recheck the objects properties to make sure the desired element is located. 

2019-08-23 08:16:07 - [TEST_STEP][PASSED] - if (logOut.size() == 0): Object: 'Object Repository/Page_cabi/input_Welcome to_consultantLogin' is clicked on

2019-08-23 08:16:07 - [TEST_STEP][PASSED] - setText(findTestObject("Page_cabi/input_Welcome to_USERNAME"), BOuser): Text '400000002' is set on object 'Object Repository/Page_cabi/input_Welcome to_USERNAME'

2019-08-23 08:16:08 - [MESSAGE][PASSED] - Text '400000002' is set on object 'Object Repository/Page_cabi/input_Welcome to_USERNAME'

2019-08-23 08:16:08 - [TEST_STEP][PASSED] - setText(findTestObject("Object Repository/Page_cabi/input_Welcome to_PASSWORD"), BOpass): Text 'blackdress19' is set on object 'Object Repository/Page_cabi/input_Welcome to_PASSWORD'

2019-08-23 08:16:08 - [MESSAGE][PASSED] - Text 'blackdress19' is set on object 'Object Repository/Page_cabi/input_Welcome to_PASSWORD'

2019-08-23 08:16:08 - [TEST_STEP][PASSED] - click(findTestObject("Object Repository/Page_cabi/input_Welcome to_consultantLogin")): Object: 'Object Repository/Page_cabi/input_Welcome to_consultantLogin' is clicked on

2019-08-23 08:16:17 - [MESSAGE][PASSED] - Object: 'Object Repository/Page_cabi/input_Welcome to_consultantLogin' is clicked on

2019-08-23 08:16:17 - [TEST_STEP][PASSED] - delay(3): Delayed 3 second(s)

2019-08-23 08:16:20 - [MESSAGE][PASSED] - Delayed 3 second(s)

2019-08-23 08:16:20 - [MESSAGE][PASSED] - Call Test Case 'Test Cases/TestCaseUtilities/backOfficeLogin' successfully

2019-08-23 08:16:20 - [TEST_STEP][PASSED] - click(findTestObject("Object Repository/Page_cabi Home/a_Shows  Orders")): Object: 'Object Repository/Page_cabi Home/a_Shows  Orders' is clicked on

2019-08-23 08:16:20 - [MESSAGE][PASSED] - Object: 'Object Repository/Page_cabi Home/a_Shows  Orders' is clicked on

2019-08-23 08:16:20 - [TEST_STEP][PASSED] - click(findTestObject("Page_cabi Home/a_personal_purchases")): Object: 'Object Repository/Page_cabi Home/a_personal_purchases' is clicked on

2019-08-23 08:16:24 - [MESSAGE][PASSED] - Object: 'Object Repository/Page_cabi Home/a_personal_purchases' is clicked on

2019-08-23 08:16:24 - [TEST_STEP][PASSED] - click(findTestObject("Object Repository/Page_cabi Personal Store/span_Continue to Order")): Object: 'Object Repository/Page_cabi Personal Store/span_Continue to Order' is clicked on

2019-08-23 08:16:24 - [MESSAGE][PASSED] - Object: 'Object Repository/Page_cabi Personal Store/span_Continue to Order' is clicked on

2019-08-23 08:16:24 - [TEST_STEP][FAILED] - callTestCase(findTestCase("NewArrival/productVerify"), ["available":BOPersonal, "storeType":"BOPersonal"], STOP_ON_FAILURE): for ([timeRow = 1, timeRow <= findTestData("timezoneData").getRowNumbers(), (timeRow++)]) FAILED.
Reason:
com.kms.katalon.core.exception.StepFailedException: Call Test Case 'Test Cases/NewArrival/productVerify' failed
	at com.kms.katalon.core.keyword.builtin.CallTestCaseKeyword$_callTestCase_closure1.doCall(CallTestCaseKeyword.groovy:63)
	at com.kms.katalon.core.keyword.builtin.CallTestCaseKeyword$_callTestCase_closure1.call(CallTestCaseKeyword.groovy)
	at com.kms.katalon.core.keyword.internal.KeywordMain.runKeyword(KeywordMain.groovy:66)
	at com.kms.katalon.core.keyword.builtin.CallTestCaseKeyword.callTestCase(CallTestCaseKeyword.groovy:81)
	at com.kms.katalon.core.keyword.builtin.CallTestCaseKeyword.execute(CallTestCaseKeyword.groovy:44)
	at com.kms.katalon.core.keyword.internal.KeywordExecutor.executeKeywordForPlatform(KeywordExecutor.groovy:56)
	at com.kms.katalon.core.keyword.BuiltinKeywords.callTestCase(BuiltinKeywords.groovy:334)
	at BOPersonal.run(BOPersonal:33)
	at com.kms.katalon.core.main.ScriptEngine.run(ScriptEngine.java:194)
	at com.kms.katalon.core.main.ScriptEngine.runScriptAsRawText(ScriptEngine.java:119)
	at com.kms.katalon.core.main.TestCaseExecutor.runScript(TestCaseExecutor.java:342)
	at com.kms.katalon.core.main.TestCaseExecutor.doExecute(TestCaseExecutor.java:333)
	at com.kms.katalon.core.main.TestCaseExecutor.processExecutionPhase(TestCaseExecutor.java:312)
	at com.kms.katalon.core.main.TestCaseExecutor.accessMainPhase(TestCaseExecutor.java:304)
	at com.kms.katalon.core.main.TestCaseExecutor.execute(TestCaseExecutor.java:238)
	at com.kms.katalon.core.main.TestSuiteExecutor.accessTestCaseMainPhase(TestSuiteExecutor.java:129)
	at com.kms.katalon.core.main.TestSuiteExecutor.accessTestSuiteMainPhase(TestSuiteExecutor.java:112)
	at com.kms.katalon.core.main.TestSuiteExecutor.execute(TestSuiteExecutor.java:81)
	at com.kms.katalon.core.main.TestCaseMain.startTestSuite(TestCaseMain.java:157)
	at com.kms.katalon.core.main.TestCaseMain$startTestSuite$0.call(Unknown Source)
	at TempTestSuite1566527072754.run(TempTestSuite1566527072754.groovy:35)
Caused by: com.kms.katalon.core.exception.StepFailedException: Unable to verify match between actual text '119' and expected text '149' using regular expression (Root cause: com.kms.katalon.core.exception.StepFailedException: Actual text '119' and expected text '149' are not matched using regular expression
	at com.kms.katalon.core.keyword.builtin.VerifyMatchKeyword$_verifyMatch_closure1.doCall(VerifyMatchKeyword.groovy:57)
	at com.kms.katalon.core.keyword.builtin.VerifyMatchKeyword$_verifyMatch_closure1.call(VerifyMatchKeyword.groovy)
	at com.kms.katalon.core.keyword.internal.KeywordMain.runKeyword(KeywordMain.groovy:66)
	at com.kms.katalon.core.keyword.builtin.VerifyMatchKeyword.verifyMatch(VerifyMatchKeyword.groovy:60)
	at com.kms.katalon.core.keyword.builtin.VerifyMatchKeyword.execute(VerifyMatchKeyword.groovy:45)
	at com.kms.katalon.core.keyword.internal.KeywordExecutor.executeKeywordForPlatform(KeywordExecutor.groovy:56)
	at com.kms.katalon.core.keyword.BuiltinKeywords.verifyMatch(BuiltinKeywords.groovy:55)
	at productVerify.run(productVerify:95)
	at com.kms.katalon.core.main.ScriptEngine.run(ScriptEngine.java:194)
	at com.kms.katalon.core.main.ScriptEngine.runScriptAsRawText(ScriptEngine.java:119)
	at com.kms.katalon.core.main.TestCaseExecutor.runScript(TestCaseExecutor.java:342)
	at com.kms.katalon.core.main.TestCaseExecutor.doExecute(TestCaseExecutor.java:333)
	at com.kms.katalon.core.main.TestCaseExecutor.processExecutionPhase(TestCaseExecutor.java:312)
	at com.kms.katalon.core.main.TestCaseExecutor.accessMainPhase(TestCaseExecutor.java:304)
	at com.kms.katalon.core.main.TestCaseExecutor.execute(TestCaseExecutor.java:238)
	at com.kms.katalon.core.main.TestCaseMain.runTestCase(TestCaseMain.java:114)
	at com.kms.katalon.core.keyword.builtin.CallTestCaseKeyword$_callTestCase_closure1.doCall(CallTestCaseKeyword.groovy:59)
	at com.kms.katalon.core.keyword.builtin.CallTestCaseKeyword$_callTestCase_closure1.call(CallTestCaseKeyword.groovy)
	at com.kms.katalon.core.keyword.internal.KeywordMain.runKeyword(KeywordMain.groovy:66)
	at com.kms.katalon.core.keyword.builtin.CallTestCaseKeyword.callTestCase(CallTestCaseKeyword.groovy:81)
	at com.kms.katalon.core.keyword.builtin.CallTestCaseKeyword.execute(CallTestCaseKeyword.groovy:44)
	at com.kms.katalon.core.keyword.internal.KeywordExecutor.executeKeywordForPlatform(KeywordExecutor.groovy:56)
	at com.kms.katalon.core.keyword.BuiltinKeywords.callTestCase(BuiltinKeywords.groovy:334)
	at BOPersonal.run(BOPersonal:33)
	at com.kms.katalon.core.main.ScriptEngine.run(ScriptEngine.java:194)
	at com.kms.katalon.core.main.ScriptEngine.runScriptAsRawText(ScriptEngine.java:119)
	at com.kms.katalon.core.main.TestCaseExecutor.runScript(TestCaseExecutor.java:342)
	at com.kms.katalon.core.main.TestCaseExecutor.doExecute(TestCaseExecutor.java:333)
	at com.kms.katalon.core.main.TestCaseExecutor.processExecutionPhase(TestCaseExecutor.java:312)
	at com.kms.katalon.core.main.TestCaseExecutor.accessMainPhase(TestCaseExecutor.java:304)
	at com.kms.katalon.core.main.TestCaseExecutor.execute(TestCaseExecutor.java:238)
	at com.kms.katalon.core.main.TestSuiteExecutor.accessTestCaseMainPhase(TestSuiteExecutor.java:129)
	at com.kms.katalon.core.main.TestSuiteExecutor.accessTestSuiteMainPhase(TestSuiteExecutor.java:112)
	at com.kms.katalon.core.main.TestSuiteExecutor.execute(TestSuiteExecutor.java:81)
	at com.kms.katalon.core.main.TestCaseMain.startTestSuite(TestCaseMain.java:157)
	at com.kms.katalon.core.main.TestCaseMain$startTestSuite$0.call(Unknown Source)
	at TempTestSuite1566527072754.run(TempTestSuite1566527072754.groovy:35)
)
	at com.kms.katalon.core.keyword.internal.KeywordMain.stepFailed(KeywordMain.groovy:37)
	at com.kms.katalon.core.keyword.internal.KeywordMain.stepFailed(KeywordMain.groovy)
	at com.kms.katalon.core.keyword.internal.KeywordMain.runKeyword(KeywordMain.groovy:68)
	at com.kms.katalon.core.keyword.builtin.VerifyMatchKeyword.verifyMatch(VerifyMatchKeyword.groovy:60)
	at com.kms.katalon.core.keyword.builtin.VerifyMatchKeyword.execute(VerifyMatchKeyword.groovy:45)
	at com.kms.katalon.core.keyword.internal.KeywordExecutor.executeKeywordForPlatform(KeywordExecutor.groovy:56)
	at com.kms.katalon.core.keyword.BuiltinKeywords.verifyMatch(BuiltinKeywords.groovy:55)
	at productVerify.run(productVerify:95)
	at com.kms.katalon.core.main.ScriptEngine.run(ScriptEngine.java:194)
	at com.kms.katalon.core.main.ScriptEngine.runScriptAsRawText(ScriptEngine.java:119)
	at com.kms.katalon.core.main.TestCaseExecutor.runScript(TestCaseExecutor.java:342)
	at com.kms.katalon.core.main.TestCaseExecutor.doExecute(TestCaseExecutor.java:333)
	at com.kms.katalon.core.main.TestCaseExecutor.processExecutionPhase(TestCaseExecutor.java:312)
	at com.kms.katalon.core.main.TestCaseExecutor.accessMainPhase(TestCaseExecutor.java:304)
	at com.kms.katalon.core.main.TestCaseExecutor.execute(TestCaseExecutor.java:238)
	at com.kms.katalon.core.main.TestCaseMain.runTestCase(TestCaseMain.java:114)
	at com.kms.katalon.core.keyword.builtin.CallTestCaseKeyword$_callTestCase_closure1.doCall(CallTestCaseKeyword.groovy:59)
	... 20 more
Caused by: com.kms.katalon.core.exception.StepFailedException: Actual text '119' and expected text '149' are not matched using regular expression
	at com.kms.katalon.core.keyword.builtin.VerifyMatchKeyword$_verifyMatch_closure1.doCall(VerifyMatchKeyword.groovy:57)
	at com.kms.katalon.core.keyword.builtin.VerifyMatchKeyword$_verifyMatch_closure1.call(VerifyMatchKeyword.groovy)
	at com.kms.katalon.core.keyword.internal.KeywordMain.runKeyword(KeywordMain.groovy:66)
	... 34 more


2019-08-23 08:16:24 - [TEST_CASE][FAILED] - Test Cases/NewArrival/productVerify: Test Cases/NewArrival/productVerify FAILED.
Reason:
com.kms.katalon.core.exception.StepFailedException: Unable to verify match between actual text '119' and expected text '149' using regular expression (Root cause: com.kms.katalon.core.exception.StepFailedException: Actual text '119' and expected text '149' are not matched using regular expression
	at com.kms.katalon.core.keyword.builtin.VerifyMatchKeyword$_verifyMatch_closure1.doCall(VerifyMatchKeyword.groovy:57)
	at com.kms.katalon.core.keyword.builtin.VerifyMatchKeyword$_verifyMatch_closure1.call(VerifyMatchKeyword.groovy)
	at com.kms.katalon.core.keyword.internal.KeywordMain.runKeyword(KeywordMain.groovy:66)
	at com.kms.katalon.core.keyword.builtin.VerifyMatchKeyword.verifyMatch(VerifyMatchKeyword.groovy:60)
	at com.kms.katalon.core.keyword.builtin.VerifyMatchKeyword.execute(VerifyMatchKeyword.groovy:45)
	at com.kms.katalon.core.keyword.internal.KeywordExecutor.executeKeywordForPlatform(KeywordExecutor.groovy:56)
	at com.kms.katalon.core.keyword.BuiltinKeywords.verifyMatch(BuiltinKeywords.groovy:55)
	at productVerify.run(productVerify:95)
	at com.kms.katalon.core.main.ScriptEngine.run(ScriptEngine.java:194)
	at com.kms.katalon.core.main.ScriptEngine.runScriptAsRawText(ScriptEngine.java:119)
	at com.kms.katalon.core.main.TestCaseExecutor.runScript(TestCaseExecutor.java:342)
	at com.kms.katalon.core.main.TestCaseExecutor.doExecute(TestCaseExecutor.java:333)
	at com.kms.katalon.core.main.TestCaseExecutor.processExecutionPhase(TestCaseExecutor.java:312)
	at com.kms.katalon.core.main.TestCaseExecutor.accessMainPhase(TestCaseExecutor.java:304)
	at com.kms.katalon.core.main.TestCaseExecutor.execute(TestCaseExecutor.java:238)
	at com.kms.katalon.core.main.TestCaseMain.runTestCase(TestCaseMain.java:114)
	at com.kms.katalon.core.keyword.builtin.CallTestCaseKeyword$_callTestCase_closure1.doCall(CallTestCaseKeyword.groovy:59)
	at com.kms.katalon.core.keyword.builtin.CallTestCaseKeyword$_callTestCase_closure1.call(CallTestCaseKeyword.groovy)
	at com.kms.katalon.core.keyword.internal.KeywordMain.runKeyword(KeywordMain.groovy:66)
	at com.kms.katalon.core.keyword.builtin.CallTestCaseKeyword.callTestCase(CallTestCaseKeyword.groovy:81)
	at com.kms.katalon.core.keyword.builtin.CallTestCaseKeyword.execute(CallTestCaseKeyword.groovy:44)
	at com.kms.katalon.core.keyword.internal.KeywordExecutor.executeKeywordForPlatform(KeywordExecutor.groovy:56)
	at com.kms.katalon.core.keyword.BuiltinKeywords.callTestCase(BuiltinKeywords.groovy:334)
	at BOPersonal.run(BOPersonal:33)
	at com.kms.katalon.core.main.ScriptEngine.run(ScriptEngine.java:194)
	at com.kms.katalon.core.main.ScriptEngine.runScriptAsRawText(ScriptEngine.java:119)
	at com.kms.katalon.core.main.TestCaseExecutor.runScript(TestCaseExecutor.java:342)
	at com.kms.katalon.core.main.TestCaseExecutor.doExecute(TestCaseExecutor.java:333)
	at com.kms.katalon.core.main.TestCaseExecutor.processExecutionPhase(TestCaseExecutor.java:312)
	at com.kms.katalon.core.main.TestCaseExecutor.accessMainPhase(TestCaseExecutor.java:304)
	at com.kms.katalon.core.main.TestCaseExecutor.execute(TestCaseExecutor.java:238)
	at com.kms.katalon.core.main.TestSuiteExecutor.accessTestCaseMainPhase(TestSuiteExecutor.java:129)
	at com.kms.katalon.core.main.TestSuiteExecutor.accessTestSuiteMainPhase(TestSuiteExecutor.java:112)
	at com.kms.katalon.core.main.TestSuiteExecutor.execute(TestSuiteExecutor.java:81)
	at com.kms.katalon.core.main.TestCaseMain.startTestSuite(TestCaseMain.java:157)
	at com.kms.katalon.core.main.TestCaseMain$startTestSuite$0.call(Unknown Source)
	at TempTestSuite1566527072754.run(TempTestSuite1566527072754.groovy:35)
)
	at com.kms.katalon.core.keyword.internal.KeywordMain.stepFailed(KeywordMain.groovy:37)
	at com.kms.katalon.core.keyword.internal.KeywordMain.stepFailed(KeywordMain.groovy)
	at com.kms.katalon.core.keyword.internal.KeywordMain.runKeyword(KeywordMain.groovy:68)
	at com.kms.katalon.core.keyword.builtin.VerifyMatchKeyword.verifyMatch(VerifyMatchKeyword.groovy:60)
	at com.kms.katalon.core.keyword.builtin.VerifyMatchKeyword.execute(VerifyMatchKeyword.groovy:45)
	at com.kms.katalon.core.keyword.internal.KeywordExecutor.executeKeywordForPlatform(KeywordExecutor.groovy:56)
	at com.kms.katalon.core.keyword.BuiltinKeywords.verifyMatch(BuiltinKeywords.groovy:55)
	at productVerify.run(productVerify:95)
	at com.kms.katalon.core.main.ScriptEngine.run(ScriptEngine.java:194)
	at com.kms.katalon.core.main.ScriptEngine.runScriptAsRawText(ScriptEngine.java:119)
	at com.kms.katalon.core.main.TestCaseExecutor.runScript(TestCaseExecutor.java:342)
	at com.kms.katalon.core.main.TestCaseExecutor.doExecute(TestCaseExecutor.java:333)
	at com.kms.katalon.core.main.TestCaseExecutor.processExecutionPhase(TestCaseExecutor.java:312)
	at com.kms.katalon.core.main.TestCaseExecutor.accessMainPhase(TestCaseExecutor.java:304)
	at com.kms.katalon.core.main.TestCaseExecutor.execute(TestCaseExecutor.java:238)
	at com.kms.katalon.core.main.TestCaseMain.runTestCase(TestCaseMain.java:114)
	at com.kms.katalon.core.keyword.builtin.CallTestCaseKeyword$_callTestCase_closure1.doCall(CallTestCaseKeyword.groovy:59)
	at com.kms.katalon.core.keyword.builtin.CallTestCaseKeyword$_callTestCase_closure1.call(CallTestCaseKeyword.groovy)
	at com.kms.katalon.core.keyword.internal.KeywordMain.runKeyword(KeywordMain.groovy:66)
	at com.kms.katalon.core.keyword.builtin.CallTestCaseKeyword.callTestCase(CallTestCaseKeyword.groovy:81)
	at com.kms.katalon.core.keyword.builtin.CallTestCaseKeyword.execute(CallTestCaseKeyword.groovy:44)
	at com.kms.katalon.core.keyword.internal.KeywordExecutor.executeKeywordForPlatform(KeywordExecutor.groovy:56)
	at com.kms.katalon.core.keyword.BuiltinKeywords.callTestCase(BuiltinKeywords.groovy:334)
	at BOPersonal.run(BOPersonal:33)
	at com.kms.katalon.core.main.ScriptEngine.run(ScriptEngine.java:194)
	at com.kms.katalon.core.main.ScriptEngine.runScriptAsRawText(ScriptEngine.java:119)
	at com.kms.katalon.core.main.TestCaseExecutor.runScript(TestCaseExecutor.java:342)
	at com.kms.katalon.core.main.TestCaseExecutor.doExecute(TestCaseExecutor.java:333)
	at com.kms.katalon.core.main.TestCaseExecutor.processExecutionPhase(TestCaseExecutor.java:312)
	at com.kms.katalon.core.main.TestCaseExecutor.accessMainPhase(TestCaseExecutor.java:304)
	at com.kms.katalon.core.main.TestCaseExecutor.execute(TestCaseExecutor.java:238)
	at com.kms.katalon.core.main.TestSuiteExecutor.accessTestCaseMainPhase(TestSuiteExecutor.java:129)
	at com.kms.katalon.core.main.TestSuiteExecutor.accessTestSuiteMainPhase(TestSuiteExecutor.java:112)
	at com.kms.katalon.core.main.TestSuiteExecutor.execute(TestSuiteExecutor.java:81)
	at com.kms.katalon.core.main.TestCaseMain.startTestSuite(TestCaseMain.java:157)
	at com.kms.katalon.core.main.TestCaseMain$startTestSuite$0.call(Unknown Source)
	at TempTestSuite1566527072754.run(TempTestSuite1566527072754.groovy:35)
Caused by: com.kms.katalon.core.exception.StepFailedException: Actual text '119' and expected text '149' are not matched using regular expression
	at com.kms.katalon.core.keyword.builtin.VerifyMatchKeyword$_verifyMatch_closure1.doCall(VerifyMatchKeyword.groovy:57)
	at com.kms.katalon.core.keyword.builtin.VerifyMatchKeyword$_verifyMatch_closure1.call(VerifyMatchKeyword.groovy)
	at com.kms.katalon.core.keyword.internal.KeywordMain.runKeyword(KeywordMain.groovy:66)
	... 34 more


2019-08-23 08:16:24 - [TEST_STEP][FAILED] - for ([row = 1, row <= findTestData("productData").getRowNumbers(), (row++)]): for ([row = 1, row <= findTestData("productData").getRowNumbers(), (row++)]) FAILED.
Reason:
com.kms.katalon.core.exception.StepFailedException: Unable to verify match between actual text '119' and expected text '149' using regular expression (Root cause: com.kms.katalon.core.exception.StepFailedException: Actual text '119' and expected text '149' are not matched using regular expression
	at com.kms.katalon.core.keyword.builtin.VerifyMatchKeyword$_verifyMatch_closure1.doCall(VerifyMatchKeyword.groovy:57)
	at com.kms.katalon.core.keyword.builtin.VerifyMatchKeyword$_verifyMatch_closure1.call(VerifyMatchKeyword.groovy)
	at com.kms.katalon.core.keyword.internal.KeywordMain.runKeyword(KeywordMain.groovy:66)
	at com.kms.katalon.core.keyword.builtin.VerifyMatchKeyword.verifyMatch(VerifyMatchKeyword.groovy:60)
	at com.kms.katalon.core.keyword.builtin.VerifyMatchKeyword.execute(VerifyMatchKeyword.groovy:45)
	at com.kms.katalon.core.keyword.internal.KeywordExecutor.executeKeywordForPlatform(KeywordExecutor.groovy:56)
	at com.kms.katalon.core.keyword.BuiltinKeywords.verifyMatch(BuiltinKeywords.groovy:55)
	at productVerify.run(productVerify:95)
	at com.kms.katalon.core.main.ScriptEngine.run(ScriptEngine.java:194)
	at com.kms.katalon.core.main.ScriptEngine.runScriptAsRawText(ScriptEngine.java:119)
	at com.kms.katalon.core.main.TestCaseExecutor.runScript(TestCaseExecutor.java:342)
	at com.kms.katalon.core.main.TestCaseExecutor.doExecute(TestCaseExecutor.java:333)
	at com.kms.katalon.core.main.TestCaseExecutor.processExecutionPhase(TestCaseExecutor.java:312)
	at com.kms.katalon.core.main.TestCaseExecutor.accessMainPhase(TestCaseExecutor.java:304)
	at com.kms.katalon.core.main.TestCaseExecutor.execute(TestCaseExecutor.java:238)
	at com.kms.katalon.core.main.TestCaseMain.runTestCase(TestCaseMain.java:114)
	at com.kms.katalon.core.keyword.builtin.CallTestCaseKeyword$_callTestCase_closure1.doCall(CallTestCaseKeyword.groovy:59)
	at com.kms.katalon.core.keyword.builtin.CallTestCaseKeyword$_callTestCase_closure1.call(CallTestCaseKeyword.groovy)
	at com.kms.katalon.core.keyword.internal.KeywordMain.runKeyword(KeywordMain.groovy:66)
	at com.kms.katalon.core.keyword.builtin.CallTestCaseKeyword.callTestCase(CallTestCaseKeyword.groovy:81)
	at com.kms.katalon.core.keyword.builtin.CallTestCaseKeyword.execute(CallTestCaseKeyword.groovy:44)
	at com.kms.katalon.core.keyword.internal.KeywordExecutor.executeKeywordForPlatform(KeywordExecutor.groovy:56)
	at com.kms.katalon.core.keyword.BuiltinKeywords.callTestCase(BuiltinKeywords.groovy:334)
	at BOPersonal.run(BOPersonal:33)
	at com.kms.katalon.core.main.ScriptEngine.run(ScriptEngine.java:194)
	at com.kms.katalon.core.main.ScriptEngine.runScriptAsRawText(ScriptEngine.java:119)
	at com.kms.katalon.core.main.TestCaseExecutor.runScript(TestCaseExecutor.java:342)
	at com.kms.katalon.core.main.TestCaseExecutor.doExecute(TestCaseExecutor.java:333)
	at com.kms.katalon.core.main.TestCaseExecutor.processExecutionPhase(TestCaseExecutor.java:312)
	at com.kms.katalon.core.main.TestCaseExecutor.accessMainPhase(TestCaseExecutor.java:304)
	at com.kms.katalon.core.main.TestCaseExecutor.execute(TestCaseExecutor.java:238)
	at com.kms.katalon.core.main.TestSuiteExecutor.accessTestCaseMainPhase(TestSuiteExecutor.java:129)
	at com.kms.katalon.core.main.TestSuiteExecutor.accessTestSuiteMainPhase(TestSuiteExecutor.java:112)
	at com.kms.katalon.core.main.TestSuiteExecutor.execute(TestSuiteExecutor.java:81)
	at com.kms.katalon.core.main.TestCaseMain.startTestSuite(TestCaseMain.java:157)
	at com.kms.katalon.core.main.TestCaseMain$startTestSuite$0.call(Unknown Source)
	at TempTestSuite1566527072754.run(TempTestSuite1566527072754.groovy:35)
)
	at com.kms.katalon.core.keyword.internal.KeywordMain.stepFailed(KeywordMain.groovy:37)
	at com.kms.katalon.core.keyword.internal.KeywordMain.stepFailed(KeywordMain.groovy)
	at com.kms.katalon.core.keyword.internal.KeywordMain.runKeyword(KeywordMain.groovy:68)
	at com.kms.katalon.core.keyword.builtin.VerifyMatchKeyword.verifyMatch(VerifyMatchKeyword.groovy:60)
	at com.kms.katalon.core.keyword.builtin.VerifyMatchKeyword.execute(VerifyMatchKeyword.groovy:45)
	at com.kms.katalon.core.keyword.internal.KeywordExecutor.executeKeywordForPlatform(KeywordExecutor.groovy:56)
	at com.kms.katalon.core.keyword.BuiltinKeywords.verifyMatch(BuiltinKeywords.groovy:55)
	at productVerify.run(productVerify:95)
	at com.kms.katalon.core.main.ScriptEngine.run(ScriptEngine.java:194)
	at com.kms.katalon.core.main.ScriptEngine.runScriptAsRawText(ScriptEngine.java:119)
	at com.kms.katalon.core.main.TestCaseExecutor.runScript(TestCaseExecutor.java:342)
	at com.kms.katalon.core.main.TestCaseExecutor.doExecute(TestCaseExecutor.java:333)
	at com.kms.katalon.core.main.TestCaseExecutor.processExecutionPhase(TestCaseExecutor.java:312)
	at com.kms.katalon.core.main.TestCaseExecutor.accessMainPhase(TestCaseExecutor.java:304)
	at com.kms.katalon.core.main.TestCaseExecutor.execute(TestCaseExecutor.java:238)
	at com.kms.katalon.core.main.TestCaseMain.runTestCase(TestCaseMain.java:114)
	at com.kms.katalon.core.keyword.builtin.CallTestCaseKeyword$_callTestCase_closure1.doCall(CallTestCaseKeyword.groovy:59)
	at com.kms.katalon.core.keyword.builtin.CallTestCaseKeyword$_callTestCase_closure1.call(CallTestCaseKeyword.groovy)
	at com.kms.katalon.core.keyword.internal.KeywordMain.runKeyword(KeywordMain.groovy:66)
	at com.kms.katalon.core.keyword.builtin.CallTestCaseKeyword.callTestCase(CallTestCaseKeyword.groovy:81)
	at com.kms.katalon.core.keyword.builtin.CallTestCaseKeyword.execute(CallTestCaseKeyword.groovy:44)
	at com.kms.katalon.core.keyword.internal.KeywordExecutor.executeKeywordForPlatform(KeywordExecutor.groovy:56)
	at com.kms.katalon.core.keyword.BuiltinKeywords.callTestCase(BuiltinKeywords.groovy:334)
	at BOPersonal.run(BOPersonal:33)
	at com.kms.katalon.core.main.ScriptEngine.run(ScriptEngine.java:194)
	at com.kms.katalon.core.main.ScriptEngine.runScriptAsRawText(ScriptEngine.java:119)
	at com.kms.katalon.core.main.TestCaseExecutor.runScript(TestCaseExecutor.java:342)
	at com.kms.katalon.core.main.TestCaseExecutor.doExecute(TestCaseExecutor.java:333)
	at com.kms.katalon.core.main.TestCaseExecutor.processExecutionPhase(TestCaseExecutor.java:312)
	at com.kms.katalon.core.main.TestCaseExecutor.accessMainPhase(TestCaseExecutor.java:304)
	at com.kms.katalon.core.main.TestCaseExecutor.execute(TestCaseExecutor.java:238)
	at com.kms.katalon.core.main.TestSuiteExecutor.accessTestCaseMainPhase(TestSuiteExecutor.java:129)
	at com.kms.katalon.core.main.TestSuiteExecutor.accessTestSuiteMainPhase(TestSuiteExecutor.java:112)
	at com.kms.katalon.core.main.TestSuiteExecutor.execute(TestSuiteExecutor.java:81)
	at com.kms.katalon.core.main.TestCaseMain.startTestSuite(TestCaseMain.java:157)
	at com.kms.katalon.core.main.TestCaseMain$startTestSuite$0.call(Unknown Source)
	at TempTestSuite1566527072754.run(TempTestSuite1566527072754.groovy:35)
Caused by: com.kms.katalon.core.exception.StepFailedException: Actual text '119' and expected text '149' are not matched using regular expression
	at com.kms.katalon.core.keyword.builtin.VerifyMatchKeyword$_verifyMatch_closure1.doCall(VerifyMatchKeyword.groovy:57)
	at com.kms.katalon.core.keyword.builtin.VerifyMatchKeyword$_verifyMatch_closure1.call(VerifyMatchKeyword.groovy)
	at com.kms.katalon.core.keyword.internal.KeywordMain.runKeyword(KeywordMain.groovy:66)
	... 34 more


2019-08-23 08:16:24 - [TEST_STEP][PASSED] - setText(findTestObject("Object Repository/Page_cabi Order Items/input_New Arrivals - Blooming Blush_style"), findTestData("productData").getValue("Style", row)): Text '3842' is set on object 'Object Repository/Page_cabi Order Items/input_New Arrivals - Blooming Blush_style'

2019-08-23 08:16:26 - [MESSAGE][PASSED] - Text '3842' is set on object 'Object Repository/Page_cabi Order Items/input_New Arrivals - Blooming Blush_style'

2019-08-23 08:16:26 - [TEST_STEP][PASSED] - sendKeys(findTestObject("Object Repository/Page_cabi Order Items/input_New Arrivals - Blooming Blush_style"), Keys.chord(ENTER)): Keys 'ENTER + ' sent to object: 'Object Repository/Page_cabi Order Items/input_New Arrivals - Blooming Blush_style'

2019-08-23 08:16:26 - [MESSAGE][PASSED] - Keys 'ENTER + ' sent to object: 'Object Repository/Page_cabi Order Items/input_New Arrivals - Blooming Blush_style'

2019-08-23 08:16:26 - [TEST_STEP][PASSED] - delay(5): Delayed 5 second(s)

2019-08-23 08:16:31 - [MESSAGE][PASSED] - Delayed 5 second(s)

2019-08-23 08:16:31 - [TEST_STEP][PASSED] - if (toString().equalsIgnoreCase("no")): null

2019-08-23 08:16:31 - [TEST_STEP][FAILED] - else: for ([row = 1, row <= findTestData("productData").getRowNumbers(), (row++)]) FAILED.
Reason:
com.kms.katalon.core.exception.StepFailedException: Unable to verify match between actual text '119' and expected text '149' using regular expression (Root cause: com.kms.katalon.core.exception.StepFailedException: Actual text '119' and expected text '149' are not matched using regular expression
	at com.kms.katalon.core.keyword.builtin.VerifyMatchKeyword$_verifyMatch_closure1.doCall(VerifyMatchKeyword.groovy:57)
	at com.kms.katalon.core.keyword.builtin.VerifyMatchKeyword$_verifyMatch_closure1.call(VerifyMatchKeyword.groovy)
	at com.kms.katalon.core.keyword.internal.KeywordMain.runKeyword(KeywordMain.groovy:66)
	at com.kms.katalon.core.keyword.builtin.VerifyMatchKeyword.verifyMatch(VerifyMatchKeyword.groovy:60)
	at com.kms.katalon.core.keyword.builtin.VerifyMatchKeyword.execute(VerifyMatchKeyword.groovy:45)
	at com.kms.katalon.core.keyword.internal.KeywordExecutor.executeKeywordForPlatform(KeywordExecutor.groovy:56)
	at com.kms.katalon.core.keyword.BuiltinKeywords.verifyMatch(BuiltinKeywords.groovy:55)
	at productVerify.run(productVerify:95)
	at com.kms.katalon.core.main.ScriptEngine.run(ScriptEngine.java:194)
	at com.kms.katalon.core.main.ScriptEngine.runScriptAsRawText(ScriptEngine.java:119)
	at com.kms.katalon.core.main.TestCaseExecutor.runScript(TestCaseExecutor.java:342)
	at com.kms.katalon.core.main.TestCaseExecutor.doExecute(TestCaseExecutor.java:333)
	at com.kms.katalon.core.main.TestCaseExecutor.processExecutionPhase(TestCaseExecutor.java:312)
	at com.kms.katalon.core.main.TestCaseExecutor.accessMainPhase(TestCaseExecutor.java:304)
	at com.kms.katalon.core.main.TestCaseExecutor.execute(TestCaseExecutor.java:238)
	at com.kms.katalon.core.main.TestCaseMain.runTestCase(TestCaseMain.java:114)
	at com.kms.katalon.core.keyword.builtin.CallTestCaseKeyword$_callTestCase_closure1.doCall(CallTestCaseKeyword.groovy:59)
	at com.kms.katalon.core.keyword.builtin.CallTestCaseKeyword$_callTestCase_closure1.call(CallTestCaseKeyword.groovy)
	at com.kms.katalon.core.keyword.internal.KeywordMain.runKeyword(KeywordMain.groovy:66)
	at com.kms.katalon.core.keyword.builtin.CallTestCaseKeyword.callTestCase(CallTestCaseKeyword.groovy:81)
	at com.kms.katalon.core.keyword.builtin.CallTestCaseKeyword.execute(CallTestCaseKeyword.groovy:44)
	at com.kms.katalon.core.keyword.internal.KeywordExecutor.executeKeywordForPlatform(KeywordExecutor.groovy:56)
	at com.kms.katalon.core.keyword.BuiltinKeywords.callTestCase(BuiltinKeywords.groovy:334)
	at BOPersonal.run(BOPersonal:33)
	at com.kms.katalon.core.main.ScriptEngine.run(ScriptEngine.java:194)
	at com.kms.katalon.core.main.ScriptEngine.runScriptAsRawText(ScriptEngine.java:119)
	at com.kms.katalon.core.main.TestCaseExecutor.runScript(TestCaseExecutor.java:342)
	at com.kms.katalon.core.main.TestCaseExecutor.doExecute(TestCaseExecutor.java:333)
	at com.kms.katalon.core.main.TestCaseExecutor.processExecutionPhase(TestCaseExecutor.java:312)
	at com.kms.katalon.core.main.TestCaseExecutor.accessMainPhase(TestCaseExecutor.java:304)
	at com.kms.katalon.core.main.TestCaseExecutor.execute(TestCaseExecutor.java:238)
	at com.kms.katalon.core.main.TestSuiteExecutor.accessTestCaseMainPhase(TestSuiteExecutor.java:129)
	at com.kms.katalon.core.main.TestSuiteExecutor.accessTestSuiteMainPhase(TestSuiteExecutor.java:112)
	at com.kms.katalon.core.main.TestSuiteExecutor.execute(TestSuiteExecutor.java:81)
	at com.kms.katalon.core.main.TestCaseMain.startTestSuite(TestCaseMain.java:157)
	at com.kms.katalon.core.main.TestCaseMain$startTestSuite$0.call(Unknown Source)
	at TempTestSuite1566527072754.run(TempTestSuite1566527072754.groovy:35)
)
	at com.kms.katalon.core.keyword.internal.KeywordMain.stepFailed(KeywordMain.groovy:37)
	at com.kms.katalon.core.keyword.internal.KeywordMain.stepFailed(KeywordMain.groovy)
	at com.kms.katalon.core.keyword.internal.KeywordMain.runKeyword(KeywordMain.groovy:68)
	at com.kms.katalon.core.keyword.builtin.VerifyMatchKeyword.verifyMatch(VerifyMatchKeyword.groovy:60)
	at com.kms.katalon.core.keyword.builtin.VerifyMatchKeyword.execute(VerifyMatchKeyword.groovy:45)
	at com.kms.katalon.core.keyword.internal.KeywordExecutor.executeKeywordForPlatform(KeywordExecutor.groovy:56)
	at com.kms.katalon.core.keyword.BuiltinKeywords.verifyMatch(BuiltinKeywords.groovy:55)
	at productVerify.run(productVerify:95)
	at com.kms.katalon.core.main.ScriptEngine.run(ScriptEngine.java:194)
	at com.kms.katalon.core.main.ScriptEngine.runScriptAsRawText(ScriptEngine.java:119)
	at com.kms.katalon.core.main.TestCaseExecutor.runScript(TestCaseExecutor.java:342)
	at com.kms.katalon.core.main.TestCaseExecutor.doExecute(TestCaseExecutor.java:333)
	at com.kms.katalon.core.main.TestCaseExecutor.processExecutionPhase(TestCaseExecutor.java:312)
	at com.kms.katalon.core.main.TestCaseExecutor.accessMainPhase(TestCaseExecutor.java:304)
	at com.kms.katalon.core.main.TestCaseExecutor.execute(TestCaseExecutor.java:238)
	at com.kms.katalon.core.main.TestCaseMain.runTestCase(TestCaseMain.java:114)
	at com.kms.katalon.core.keyword.builtin.CallTestCaseKeyword$_callTestCase_closure1.doCall(CallTestCaseKeyword.groovy:59)
	at com.kms.katalon.core.keyword.builtin.CallTestCaseKeyword$_callTestCase_closure1.call(CallTestCaseKeyword.groovy)
	at com.kms.katalon.core.keyword.internal.KeywordMain.runKeyword(KeywordMain.groovy:66)
	at com.kms.katalon.core.keyword.builtin.CallTestCaseKeyword.callTestCase(CallTestCaseKeyword.groovy:81)
	at com.kms.katalon.core.keyword.builtin.CallTestCaseKeyword.execute(CallTestCaseKeyword.groovy:44)
	at com.kms.katalon.core.keyword.internal.KeywordExecutor.executeKeywordForPlatform(KeywordExecutor.groovy:56)
	at com.kms.katalon.core.keyword.BuiltinKeywords.callTestCase(BuiltinKeywords.groovy:334)
	at BOPersonal.run(BOPersonal:33)
	at com.kms.katalon.core.main.ScriptEngine.run(ScriptEngine.java:194)
	at com.kms.katalon.core.main.ScriptEngine.runScriptAsRawText(ScriptEngine.java:119)
	at com.kms.katalon.core.main.TestCaseExecutor.runScript(TestCaseExecutor.java:342)
	at com.kms.katalon.core.main.TestCaseExecutor.doExecute(TestCaseExecutor.java:333)
	at com.kms.katalon.core.main.TestCaseExecutor.processExecutionPhase(TestCaseExecutor.java:312)
	at com.kms.katalon.core.main.TestCaseExecutor.accessMainPhase(TestCaseExecutor.java:304)
	at com.kms.katalon.core.main.TestCaseExecutor.execute(TestCaseExecutor.java:238)
	at com.kms.katalon.core.main.TestSuiteExecutor.accessTestCaseMainPhase(TestSuiteExecutor.java:129)
	at com.kms.katalon.core.main.TestSuiteExecutor.accessTestSuiteMainPhase(TestSuiteExecutor.java:112)
	at com.kms.katalon.core.main.TestSuiteExecutor.execute(TestSuiteExecutor.java:81)
	at com.kms.katalon.core.main.TestCaseMain.startTestSuite(TestCaseMain.java:157)
	at com.kms.katalon.core.main.TestCaseMain$startTestSuite$0.call(Unknown Source)
	at TempTestSuite1566527072754.run(TempTestSuite1566527072754.groovy:35)
Caused by: com.kms.katalon.core.exception.StepFailedException: Actual text '119' and expected text '149' are not matched using regular expression
	at com.kms.katalon.core.keyword.builtin.VerifyMatchKeyword$_verifyMatch_closure1.doCall(VerifyMatchKeyword.groovy:57)
	at com.kms.katalon.core.keyword.builtin.VerifyMatchKeyword$_verifyMatch_closure1.call(VerifyMatchKeyword.groovy)
	at com.kms.katalon.core.keyword.internal.KeywordMain.runKeyword(KeywordMain.groovy:66)
	... 34 more


2019-08-23 08:16:31 - [TEST_STEP][PASSED] - click(findTestObject("Page_cabi Order Items/li_order_item")): Object: 'Object Repository/Page_cabi Order Items/li_order_item' is clicked on

2019-08-23 08:16:31 - [MESSAGE][PASSED] - Object: 'Object Repository/Page_cabi Order Items/li_order_item' is clicked on

2019-08-23 08:16:31 - [TEST_STEP][PASSED] - delay(5): Delayed 5 second(s)

2019-08-23 08:16:36 - [MESSAGE][PASSED] - Delayed 5 second(s)

2019-08-23 08:16:36 - [TEST_STEP][PASSED] - imgString1 = getValue("Style", row).toString(): null

2019-08-23 08:16:36 - [TEST_STEP][PASSED] - imagePath = UtilityMethods.createScreenshotImagePath(storeType, imgString1): null

2019-08-23 08:16:36 - [TEST_STEP][PASSED] - println(imagePath): null

2019-08-23 08:16:36 - [TEST_STEP][PASSED] - takeScreenshot(imagePath): Taking screenshot successfully

2019-08-23 08:16:36 - [MESSAGE][PASSED] - Taking screenshot successfully
[[ATTACHMENT|C:\\Users\\user\\Documents\\testautomation\\KatalonProjects\\productImages\\BOPersonal_3842 image.png]]

2019-08-23 08:16:36 - [TEST_STEP][PASSED] - verifyElementText(findTestObject("Page_cabi Order Items/GetAttribute_getID"), findTestData("productData").getValue("Style", row), CONTINUE_ON_FAILURE): Actual text and expected text of test object 'Object Repository/Page_cabi Order Items/GetAttribute_getID' are matched.

2019-08-23 08:16:36 - [MESSAGE][PASSED] - Actual text and expected text of test object 'Object Repository/Page_cabi Order Items/GetAttribute_getID' are matched.

2019-08-23 08:16:36 - [TEST_STEP][PASSED] - colorOptions = findWebElements(findTestObject("Page_cabi Order Items/GetAttribute_Color"), 5): null

2019-08-23 08:16:36 - [TEST_STEP][PASSED] - println(colorOptions.size()): null

2019-08-23 08:16:36 - [TEST_STEP][PASSED] - expectedColour = findTestData("productData").getValue("Color", row): null

2019-08-23 08:16:36 - [TEST_STEP][PASSED] - println("expected colour is"): null

2019-08-23 08:16:36 - [TEST_STEP][PASSED] - println(expectedColour): null

2019-08-23 08:16:36 - [TEST_STEP][PASSED] - colourVerified = false: null

2019-08-23 08:16:36 - [TEST_STEP][PASSED] - for (org.openqa.selenium.WebElement op : colorOptions): null

2019-08-23 08:16:36 - [TEST_STEP][PASSED] - println(op.getText()): null

2019-08-23 08:16:36 - [TEST_STEP][PASSED] - if (expectedColour.equalsIgnoreCase(op.getText())): null

2019-08-23 08:16:37 - [TEST_STEP][PASSED] - colourVerified = true: null

2019-08-23 08:16:37 - [TEST_STEP][PASSED] - break: null

2019-08-23 08:16:37 - [TEST_STEP][PASSED] - assert colourVerified == true: null

2019-08-23 08:16:37 - [TEST_STEP][PASSED] - getPrice = getText(findTestObject("Page_cabi Order Items/GetAttribute_Price")): Text of object 'Object Repository/Page_cabi Order Items/GetAttribute_Price' is: 'Price : $119.00'

2019-08-23 08:16:37 - [MESSAGE][PASSED] - Text of object 'Object Repository/Page_cabi Order Items/GetAttribute_Price' is: 'Price : $119.00'

2019-08-23 08:16:37 - [TEST_STEP][PASSED] - Split_Data = UtilityMethods.SplitData(getPrice): null

2019-08-23 08:16:37 - [TEST_STEP][FAILED] - verifyMatch(Split_Data, findTestData("productData").getValue("Retail", row), true, CONTINUE_ON_FAILURE): Unable to verify match between actual text '119' and expected text '149' using regular expression (Root cause: com.kms.katalon.core.exception.StepFailedException: Actual text '119' and expected text '149' are not matched using regular expression
	at com.kms.katalon.core.keyword.builtin.VerifyMatchKeyword$_verifyMatch_closure1.doCall(VerifyMatchKeyword.groovy:57)
	at com.kms.katalon.core.keyword.builtin.VerifyMatchKeyword$_verifyMatch_closure1.call(VerifyMatchKeyword.groovy)
	at com.kms.katalon.core.keyword.internal.KeywordMain.runKeyword(KeywordMain.groovy:66)
	at com.kms.katalon.core.keyword.builtin.VerifyMatchKeyword.verifyMatch(VerifyMatchKeyword.groovy:60)
	at com.kms.katalon.core.keyword.builtin.VerifyMatchKeyword.execute(VerifyMatchKeyword.groovy:45)
	at com.kms.katalon.core.keyword.internal.KeywordExecutor.executeKeywordForPlatform(KeywordExecutor.groovy:56)
	at com.kms.katalon.core.keyword.BuiltinKeywords.verifyMatch(BuiltinKeywords.groovy:55)
	at productVerify.run(productVerify:95)
	at com.kms.katalon.core.main.ScriptEngine.run(ScriptEngine.java:194)
	at com.kms.katalon.core.main.ScriptEngine.runScriptAsRawText(ScriptEngine.java:119)
	at com.kms.katalon.core.main.TestCaseExecutor.runScript(TestCaseExecutor.java:342)
	at com.kms.katalon.core.main.TestCaseExecutor.doExecute(TestCaseExecutor.java:333)
	at com.kms.katalon.core.main.TestCaseExecutor.processExecutionPhase(TestCaseExecutor.java:312)
	at com.kms.katalon.core.main.TestCaseExecutor.accessMainPhase(TestCaseExecutor.java:304)
	at com.kms.katalon.core.main.TestCaseExecutor.execute(TestCaseExecutor.java:238)
	at com.kms.katalon.core.main.TestCaseMain.runTestCase(TestCaseMain.java:114)
	at com.kms.katalon.core.keyword.builtin.CallTestCaseKeyword$_callTestCase_closure1.doCall(CallTestCaseKeyword.groovy:59)
	at com.kms.katalon.core.keyword.builtin.CallTestCaseKeyword$_callTestCase_closure1.call(CallTestCaseKeyword.groovy)
	at com.kms.katalon.core.keyword.internal.KeywordMain.runKeyword(KeywordMain.groovy:66)
	at com.kms.katalon.core.keyword.builtin.CallTestCaseKeyword.callTestCase(CallTestCaseKeyword.groovy:81)
	at com.kms.katalon.core.keyword.builtin.CallTestCaseKeyword.execute(CallTestCaseKeyword.groovy:44)
	at com.kms.katalon.core.keyword.internal.KeywordExecutor.executeKeywordForPlatform(KeywordExecutor.groovy:56)
	at com.kms.katalon.core.keyword.BuiltinKeywords.callTestCase(BuiltinKeywords.groovy:334)
	at BOPersonal.run(BOPersonal:33)
	at com.kms.katalon.core.main.ScriptEngine.run(ScriptEngine.java:194)
	at com.kms.katalon.core.main.ScriptEngine.runScriptAsRawText(ScriptEngine.java:119)
	at com.kms.katalon.core.main.TestCaseExecutor.runScript(TestCaseExecutor.java:342)
	at com.kms.katalon.core.main.TestCaseExecutor.doExecute(TestCaseExecutor.java:333)
	at com.kms.katalon.core.main.TestCaseExecutor.processExecutionPhase(TestCaseExecutor.java:312)
	at com.kms.katalon.core.main.TestCaseExecutor.accessMainPhase(TestCaseExecutor.java:304)
	at com.kms.katalon.core.main.TestCaseExecutor.execute(TestCaseExecutor.java:238)
	at com.kms.katalon.core.main.TestSuiteExecutor.accessTestCaseMainPhase(TestSuiteExecutor.java:129)
	at com.kms.katalon.core.main.TestSuiteExecutor.accessTestSuiteMainPhase(TestSuiteExecutor.java:112)
	at com.kms.katalon.core.main.TestSuiteExecutor.execute(TestSuiteExecutor.java:81)
	at com.kms.katalon.core.main.TestCaseMain.startTestSuite(TestCaseMain.java:157)
	at com.kms.katalon.core.main.TestCaseMain$startTestSuite$0.call(Unknown Source)
	at TempTestSuite1566527072754.run(TempTestSuite1566527072754.groovy:35)
)

2019-08-23 08:16:37 - [MESSAGE][FAILED] - Unable to verify match between actual text '119' and expected text '149' using regular expression (Root cause: com.kms.katalon.core.exception.StepFailedException: Actual text '119' and expected text '149' are not matched using regular expression
	at com.kms.katalon.core.keyword.builtin.VerifyMatchKeyword$_verifyMatch_closure1.doCall(VerifyMatchKeyword.groovy:57)
	at com.kms.katalon.core.keyword.builtin.VerifyMatchKeyword$_verifyMatch_closure1.call(VerifyMatchKeyword.groovy)
	at com.kms.katalon.core.keyword.internal.KeywordMain.runKeyword(KeywordMain.groovy:66)
	at com.kms.katalon.core.keyword.builtin.VerifyMatchKeyword.verifyMatch(VerifyMatchKeyword.groovy:60)
	at com.kms.katalon.core.keyword.builtin.VerifyMatchKeyword.execute(VerifyMatchKeyword.groovy:45)
	at com.kms.katalon.core.keyword.internal.KeywordExecutor.executeKeywordForPlatform(KeywordExecutor.groovy:56)
	at com.kms.katalon.core.keyword.BuiltinKeywords.verifyMatch(BuiltinKeywords.groovy:55)
	at productVerify.run(productVerify:95)
	at com.kms.katalon.core.main.ScriptEngine.run(ScriptEngine.java:194)
	at com.kms.katalon.core.main.ScriptEngine.runScriptAsRawText(ScriptEngine.java:119)
	at com.kms.katalon.core.main.TestCaseExecutor.runScript(TestCaseExecutor.java:342)
	at com.kms.katalon.core.main.TestCaseExecutor.doExecute(TestCaseExecutor.java:333)
	at com.kms.katalon.core.main.TestCaseExecutor.processExecutionPhase(TestCaseExecutor.java:312)
	at com.kms.katalon.core.main.TestCaseExecutor.accessMainPhase(TestCaseExecutor.java:304)
	at com.kms.katalon.core.main.TestCaseExecutor.execute(TestCaseExecutor.java:238)
	at com.kms.katalon.core.main.TestCaseMain.runTestCase(TestCaseMain.java:114)
	at com.kms.katalon.core.keyword.builtin.CallTestCaseKeyword$_callTestCase_closure1.doCall(CallTestCaseKeyword.groovy:59)
	at com.kms.katalon.core.keyword.builtin.CallTestCaseKeyword$_callTestCase_closure1.call(CallTestCaseKeyword.groovy)
	at com.kms.katalon.core.keyword.internal.KeywordMain.runKeyword(KeywordMain.groovy:66)
	at com.kms.katalon.core.keyword.builtin.CallTestCaseKeyword.callTestCase(CallTestCaseKeyword.groovy:81)
	at com.kms.katalon.core.keyword.builtin.CallTestCaseKeyword.execute(CallTestCaseKeyword.groovy:44)
	at com.kms.katalon.core.keyword.internal.KeywordExecutor.executeKeywordForPlatform(KeywordExecutor.groovy:56)
	at com.kms.katalon.core.keyword.BuiltinKeywords.callTestCase(BuiltinKeywords.groovy:334)
	at BOPersonal.run(BOPersonal:33)
	at com.kms.katalon.core.main.ScriptEngine.run(ScriptEngine.java:194)
	at com.kms.katalon.core.main.ScriptEngine.runScriptAsRawText(ScriptEngine.java:119)
	at com.kms.katalon.core.main.TestCaseExecutor.runScript(TestCaseExecutor.java:342)
	at com.kms.katalon.core.main.TestCaseExecutor.doExecute(TestCaseExecutor.java:333)
	at com.kms.katalon.core.main.TestCaseExecutor.processExecutionPhase(TestCaseExecutor.java:312)
	at com.kms.katalon.core.main.TestCaseExecutor.accessMainPhase(TestCaseExecutor.java:304)
	at com.kms.katalon.core.main.TestCaseExecutor.execute(TestCaseExecutor.java:238)
	at com.kms.katalon.core.main.TestSuiteExecutor.accessTestCaseMainPhase(TestSuiteExecutor.java:129)
	at com.kms.katalon.core.main.TestSuiteExecutor.accessTestSuiteMainPhase(TestSuiteExecutor.java:112)
	at com.kms.katalon.core.main.TestSuiteExecutor.execute(TestSuiteExecutor.java:81)
	at com.kms.katalon.core.main.TestCaseMain.startTestSuite(TestCaseMain.java:157)
	at com.kms.katalon.core.main.TestCaseMain$startTestSuite$0.call(Unknown Source)
	at TempTestSuite1566527072754.run(TempTestSuite1566527072754.groovy:35)
)

2019-08-23 08:16:37 - [TEST_STEP][PASSED] - sizeRange1 = ["XXS", "XS", "S", "M", "L", "XL"]: null

2019-08-23 08:16:37 - [TEST_STEP][PASSED] - sizeRange2 = ["00", "0", "2", "4", "6", "8", "10", "12", "14", "16"]: null

2019-08-23 08:16:37 - [TEST_STEP][PASSED] - sizeRange3 = ["Long", "Regular", "Short"]: null

2019-08-23 08:16:37 - [TEST_STEP][PASSED] - sizeRange4 = ["5", "6", "6.5", "7", "7.5", "8", "8.5", "9", "9.5", "10", "11"]: null

2019-08-23 08:16:37 - [TEST_STEP][PASSED] - sizeRangeSplit = UtilityMethods.SplitSizes(findTestData("productData").getValue("SzRange", row)): null

2019-08-23 08:16:37 - [TEST_STEP][PASSED] - sizeType = getText(findTestObject("Object Repository/Page_cabi Order Items/Size")): Text of object 'Object Repository/Page_cabi Order Items/Size' is: 'Select'

2019-08-23 08:16:37 - [MESSAGE][PASSED] - Text of object 'Object Repository/Page_cabi Order Items/Size' is: 'Select'

2019-08-23 08:16:37 - [TEST_STEP][PASSED] - sizeOptions = findWebElements(findTestObject("Object Repository/Page_cabi Order Items/Size"), 5): null

2019-08-23 08:16:37 - [TEST_STEP][PASSED] - actualRange = new java.util.ArrayList(): null

2019-08-23 08:16:37 - [TEST_STEP][PASSED] - expectedRange = <not implemented yet for class: org.codehaus.groovy.ast.expr.EmptyExpression>: null

2019-08-23 08:16:37 - [TEST_STEP][PASSED] - if (sizeType.equalsIgnoreCase("Select")): null

2019-08-23 08:16:37 - [TEST_STEP][PASSED] - for ([i = 1, i < sizeOptions.size(), (i++)]): null

2019-08-23 08:16:37 - [TEST_STEP][PASSED] - actualRange.add(getAttribute("value").toString()): null

2019-08-23 08:16:37 - [TEST_STEP][PASSED] - actualRange.add(getAttribute("value").toString()): null

2019-08-23 08:16:37 - [TEST_STEP][PASSED] - actualRange.add(getAttribute("value").toString()): null

2019-08-23 08:16:37 - [TEST_STEP][PASSED] - actualRange.add(getAttribute("value").toString()): null

2019-08-23 08:16:37 - [TEST_STEP][PASSED] - actualRange.add(getAttribute("value").toString()): null

2019-08-23 08:16:37 - [TEST_STEP][PASSED] - if (toString().equalsIgnoreCase("XS") || toString().equalsIgnoreCase("XXS")): null

2019-08-23 08:16:37 - [TEST_STEP][PASSED] - expectedRange = UtilityMethods.getExpectedRange(sizeRange1, sizeRangeSplit): null

2019-08-23 08:16:37 - [TEST_STEP][PASSED] - println("XS"): null

2019-08-23 08:16:37 - [TEST_STEP][PASSED] - println(expectedRange.toString()): null

2019-08-23 08:16:37 - [TEST_STEP][PASSED] - assert UtilityMethods.listEquals(expectedRange, actualRange) == true: null

2019-08-23 08:16:37 - [TEST_STEP][PASSED] - delay(2): Delayed 2 second(s)

2019-08-23 08:16:39 - [MESSAGE][PASSED] - Delayed 2 second(s)

2019-08-23 08:16:39 - [TEST_STEP][PASSED] - verifyElementText(findTestObject("Page_cabi Order Items/product_title"), findTestData("productData").getValue("Description", row), CONTINUE_ON_FAILURE): Actual text and expected text of test object 'Object Repository/Page_cabi Order Items/product_title' are matched.

2019-08-23 08:16:39 - [MESSAGE][PASSED] - Actual text and expected text of test object 'Object Repository/Page_cabi Order Items/product_title' are matched.

2019-08-23 08:16:39 - [TEST_STEP][PASSED] - verifyElementText(findTestObject("Page_cabi Order Items/product_fabric"), findTestData("productData").getValue("FinalContent", row), CONTINUE_ON_FAILURE): Actual text and expected text of test object 'Object Repository/Page_cabi Order Items/product_fabric' are matched.

2019-08-23 08:16:39 - [MESSAGE][PASSED] - Actual text and expected text of test object 'Object Repository/Page_cabi Order Items/product_fabric' are matched.

2019-08-23 08:16:39 - [TEST_STEP][PASSED] - actualCasreIntrn = "<div>" + getText(findTestObject("Page_cabi Order Items/care_instruction")) + "</div>": Text of object 'Object Repository/Page_cabi Order Items/care_instruction' is: 'Turn garment inside out and place in a mesh bag. Machine wash separately in cold water on the delicate cycle. Only non-chlorine bleach if needed. Do not twist or wring. Lay flat to dry. Warm iron if needed. Can be dry cleaned.'

2019-08-23 08:16:39 - [MESSAGE][PASSED] - Text of object 'Object Repository/Page_cabi Order Items/care_instruction' is: 'Turn garment inside out and place in a mesh bag. Machine wash separately in cold water on the delicate cycle. Only non-chlorine bleach if needed. Do not twist or wring. Lay flat to dry. Warm iron if needed. Can be dry cleaned.'

2019-08-23 08:16:39 - [TEST_STEP][FAILED] - assert actualCasreIntrn.equals(findTestData("productData").getValue("CareInstr", row)): for ([row = 1, row <= findTestData("productData").getRowNumbers(), (row++)]) FAILED.
Reason:
com.kms.katalon.core.exception.StepFailedException: Unable to verify match between actual text '119' and expected text '149' using regular expression (Root cause: com.kms.katalon.core.exception.StepFailedException: Actual text '119' and expected text '149' are not matched using regular expression
	at com.kms.katalon.core.keyword.builtin.VerifyMatchKeyword$_verifyMatch_closure1.doCall(VerifyMatchKeyword.groovy:57)
	at com.kms.katalon.core.keyword.builtin.VerifyMatchKeyword$_verifyMatch_closure1.call(VerifyMatchKeyword.groovy)
	at com.kms.katalon.core.keyword.internal.KeywordMain.runKeyword(KeywordMain.groovy:66)
	at com.kms.katalon.core.keyword.builtin.VerifyMatchKeyword.verifyMatch(VerifyMatchKeyword.groovy:60)
	at com.kms.katalon.core.keyword.builtin.VerifyMatchKeyword.execute(VerifyMatchKeyword.groovy:45)
	at com.kms.katalon.core.keyword.internal.KeywordExecutor.executeKeywordForPlatform(KeywordExecutor.groovy:56)
	at com.kms.katalon.core.keyword.BuiltinKeywords.verifyMatch(BuiltinKeywords.groovy:55)
	at productVerify.run(productVerify:95)
	at com.kms.katalon.core.main.ScriptEngine.run(ScriptEngine.java:194)
	at com.kms.katalon.core.main.ScriptEngine.runScriptAsRawText(ScriptEngine.java:119)
	at com.kms.katalon.core.main.TestCaseExecutor.runScript(TestCaseExecutor.java:342)
	at com.kms.katalon.core.main.TestCaseExecutor.doExecute(TestCaseExecutor.java:333)
	at com.kms.katalon.core.main.TestCaseExecutor.processExecutionPhase(TestCaseExecutor.java:312)
	at com.kms.katalon.core.main.TestCaseExecutor.accessMainPhase(TestCaseExecutor.java:304)
	at com.kms.katalon.core.main.TestCaseExecutor.execute(TestCaseExecutor.java:238)
	at com.kms.katalon.core.main.TestCaseMain.runTestCase(TestCaseMain.java:114)
	at com.kms.katalon.core.keyword.builtin.CallTestCaseKeyword$_callTestCase_closure1.doCall(CallTestCaseKeyword.groovy:59)
	at com.kms.katalon.core.keyword.builtin.CallTestCaseKeyword$_callTestCase_closure1.call(CallTestCaseKeyword.groovy)
	at com.kms.katalon.core.keyword.internal.KeywordMain.runKeyword(KeywordMain.groovy:66)
	at com.kms.katalon.core.keyword.builtin.CallTestCaseKeyword.callTestCase(CallTestCaseKeyword.groovy:81)
	at com.kms.katalon.core.keyword.builtin.CallTestCaseKeyword.execute(CallTestCaseKeyword.groovy:44)
	at com.kms.katalon.core.keyword.internal.KeywordExecutor.executeKeywordForPlatform(KeywordExecutor.groovy:56)
	at com.kms.katalon.core.keyword.BuiltinKeywords.callTestCase(BuiltinKeywords.groovy:334)
	at BOPersonal.run(BOPersonal:33)
	at com.kms.katalon.core.main.ScriptEngine.run(ScriptEngine.java:194)
	at com.kms.katalon.core.main.ScriptEngine.runScriptAsRawText(ScriptEngine.java:119)
	at com.kms.katalon.core.main.TestCaseExecutor.runScript(TestCaseExecutor.java:342)
	at com.kms.katalon.core.main.TestCaseExecutor.doExecute(TestCaseExecutor.java:333)
	at com.kms.katalon.core.main.TestCaseExecutor.processExecutionPhase(TestCaseExecutor.java:312)
	at com.kms.katalon.core.main.TestCaseExecutor.accessMainPhase(TestCaseExecutor.java:304)
	at com.kms.katalon.core.main.TestCaseExecutor.execute(TestCaseExecutor.java:238)
	at com.kms.katalon.core.main.TestSuiteExecutor.accessTestCaseMainPhase(TestSuiteExecutor.java:129)
	at com.kms.katalon.core.main.TestSuiteExecutor.accessTestSuiteMainPhase(TestSuiteExecutor.java:112)
	at com.kms.katalon.core.main.TestSuiteExecutor.execute(TestSuiteExecutor.java:81)
	at com.kms.katalon.core.main.TestCaseMain.startTestSuite(TestCaseMain.java:157)
	at com.kms.katalon.core.main.TestCaseMain$startTestSuite$0.call(Unknown Source)
	at TempTestSuite1566527072754.run(TempTestSuite1566527072754.groovy:35)
)
	at com.kms.katalon.core.keyword.internal.KeywordMain.stepFailed(KeywordMain.groovy:37)
	at com.kms.katalon.core.keyword.internal.KeywordMain.stepFailed(KeywordMain.groovy)
	at com.kms.katalon.core.keyword.internal.KeywordMain.runKeyword(KeywordMain.groovy:68)
	at com.kms.katalon.core.keyword.builtin.VerifyMatchKeyword.verifyMatch(VerifyMatchKeyword.groovy:60)
	at com.kms.katalon.core.keyword.builtin.VerifyMatchKeyword.execute(VerifyMatchKeyword.groovy:45)
	at com.kms.katalon.core.keyword.internal.KeywordExecutor.executeKeywordForPlatform(KeywordExecutor.groovy:56)
	at com.kms.katalon.core.keyword.BuiltinKeywords.verifyMatch(BuiltinKeywords.groovy:55)
	at productVerify.run(productVerify:95)
	at com.kms.katalon.core.main.ScriptEngine.run(ScriptEngine.java:194)
	at com.kms.katalon.core.main.ScriptEngine.runScriptAsRawText(ScriptEngine.java:119)
	at com.kms.katalon.core.main.TestCaseExecutor.runScript(TestCaseExecutor.java:342)
	at com.kms.katalon.core.main.TestCaseExecutor.doExecute(TestCaseExecutor.java:333)
	at com.kms.katalon.core.main.TestCaseExecutor.processExecutionPhase(TestCaseExecutor.java:312)
	at com.kms.katalon.core.main.TestCaseExecutor.accessMainPhase(TestCaseExecutor.java:304)
	at com.kms.katalon.core.main.TestCaseExecutor.execute(TestCaseExecutor.java:238)
	at com.kms.katalon.core.main.TestCaseMain.runTestCase(TestCaseMain.java:114)
	at com.kms.katalon.core.keyword.builtin.CallTestCaseKeyword$_callTestCase_closure1.doCall(CallTestCaseKeyword.groovy:59)
	at com.kms.katalon.core.keyword.builtin.CallTestCaseKeyword$_callTestCase_closure1.call(CallTestCaseKeyword.groovy)
	at com.kms.katalon.core.keyword.internal.KeywordMain.runKeyword(KeywordMain.groovy:66)
	at com.kms.katalon.core.keyword.builtin.CallTestCaseKeyword.callTestCase(CallTestCaseKeyword.groovy:81)
	at com.kms.katalon.core.keyword.builtin.CallTestCaseKeyword.execute(CallTestCaseKeyword.groovy:44)
	at com.kms.katalon.core.keyword.internal.KeywordExecutor.executeKeywordForPlatform(KeywordExecutor.groovy:56)
	at com.kms.katalon.core.keyword.BuiltinKeywords.callTestCase(BuiltinKeywords.groovy:334)
	at BOPersonal.run(BOPersonal:33)
	at com.kms.katalon.core.main.ScriptEngine.run(ScriptEngine.java:194)
	at com.kms.katalon.core.main.ScriptEngine.runScriptAsRawText(ScriptEngine.java:119)
	at com.kms.katalon.core.main.TestCaseExecutor.runScript(TestCaseExecutor.java:342)
	at com.kms.katalon.core.main.TestCaseExecutor.doExecute(TestCaseExecutor.java:333)
	at com.kms.katalon.core.main.TestCaseExecutor.processExecutionPhase(TestCaseExecutor.java:312)
	at com.kms.katalon.core.main.TestCaseExecutor.accessMainPhase(TestCaseExecutor.java:304)
	at com.kms.katalon.core.main.TestCaseExecutor.execute(TestCaseExecutor.java:238)
	at com.kms.katalon.core.main.TestSuiteExecutor.accessTestCaseMainPhase(TestSuiteExecutor.java:129)
	at com.kms.katalon.core.main.TestSuiteExecutor.accessTestSuiteMainPhase(TestSuiteExecutor.java:112)
	at com.kms.katalon.core.main.TestSuiteExecutor.execute(TestSuiteExecutor.java:81)
	at com.kms.katalon.core.main.TestCaseMain.startTestSuite(TestCaseMain.java:157)
	at com.kms.katalon.core.main.TestCaseMain$startTestSuite$0.call(Unknown Source)
	at TempTestSuite1566527072754.run(TempTestSuite1566527072754.groovy:35)
Caused by: com.kms.katalon.core.exception.StepFailedException: Actual text '119' and expected text '149' are not matched using regular expression
	at com.kms.katalon.core.keyword.builtin.VerifyMatchKeyword$_verifyMatch_closure1.doCall(VerifyMatchKeyword.groovy:57)
	at com.kms.katalon.core.keyword.builtin.VerifyMatchKeyword$_verifyMatch_closure1.call(VerifyMatchKeyword.groovy)
	at com.kms.katalon.core.keyword.internal.KeywordMain.runKeyword(KeywordMain.groovy:66)
	... 34 more


2019-08-23 08:16:39 - [MESSAGE][FAILED] - for ([row = 1, row <= findTestData("productData").getRowNumbers(), (row++)]) FAILED.
Reason:
com.kms.katalon.core.exception.StepFailedException: Unable to verify match between actual text '119' and expected text '149' using regular expression (Root cause: com.kms.katalon.core.exception.StepFailedException: Actual text '119' and expected text '149' are not matched using regular expression
	at com.kms.katalon.core.keyword.builtin.VerifyMatchKeyword$_verifyMatch_closure1.doCall(VerifyMatchKeyword.groovy:57)
	at com.kms.katalon.core.keyword.builtin.VerifyMatchKeyword$_verifyMatch_closure1.call(VerifyMatchKeyword.groovy)
	at com.kms.katalon.core.keyword.internal.KeywordMain.runKeyword(KeywordMain.groovy:66)
	at com.kms.katalon.core.keyword.builtin.VerifyMatchKeyword.verifyMatch(VerifyMatchKeyword.groovy:60)
	at com.kms.katalon.core.keyword.builtin.VerifyMatchKeyword.execute(VerifyMatchKeyword.groovy:45)
	at com.kms.katalon.core.keyword.internal.KeywordExecutor.executeKeywordForPlatform(KeywordExecutor.groovy:56)
	at com.kms.katalon.core.keyword.BuiltinKeywords.verifyMatch(BuiltinKeywords.groovy:55)
	at productVerify.run(productVerify:95)
	at com.kms.katalon.core.main.ScriptEngine.run(ScriptEngine.java:194)
	at com.kms.katalon.core.main.ScriptEngine.runScriptAsRawText(ScriptEngine.java:119)
	at com.kms.katalon.core.main.TestCaseExecutor.runScript(TestCaseExecutor.java:342)
	at com.kms.katalon.core.main.TestCaseExecutor.doExecute(TestCaseExecutor.java:333)
	at com.kms.katalon.core.main.TestCaseExecutor.processExecutionPhase(TestCaseExecutor.java:312)
	at com.kms.katalon.core.main.TestCaseExecutor.accessMainPhase(TestCaseExecutor.java:304)
	at com.kms.katalon.core.main.TestCaseExecutor.execute(TestCaseExecutor.java:238)
	at com.kms.katalon.core.main.TestCaseMain.runTestCase(TestCaseMain.java:114)
	at com.kms.katalon.core.keyword.builtin.CallTestCaseKeyword$_callTestCase_closure1.doCall(CallTestCaseKeyword.groovy:59)
	at com.kms.katalon.core.keyword.builtin.CallTestCaseKeyword$_callTestCase_closure1.call(CallTestCaseKeyword.groovy)
	at com.kms.katalon.core.keyword.internal.KeywordMain.runKeyword(KeywordMain.groovy:66)
	at com.kms.katalon.core.keyword.builtin.CallTestCaseKeyword.callTestCase(CallTestCaseKeyword.groovy:81)
	at com.kms.katalon.core.keyword.builtin.CallTestCaseKeyword.execute(CallTestCaseKeyword.groovy:44)
	at com.kms.katalon.core.keyword.internal.KeywordExecutor.executeKeywordForPlatform(KeywordExecutor.groovy:56)
	at com.kms.katalon.core.keyword.BuiltinKeywords.callTestCase(BuiltinKeywords.groovy:334)
	at BOPersonal.run(BOPersonal:33)
	at com.kms.katalon.core.main.ScriptEngine.run(ScriptEngine.java:194)
	at com.kms.katalon.core.main.ScriptEngine.runScriptAsRawText(ScriptEngine.java:119)
	at com.kms.katalon.core.main.TestCaseExecutor.runScript(TestCaseExecutor.java:342)
	at com.kms.katalon.core.main.TestCaseExecutor.doExecute(TestCaseExecutor.java:333)
	at com.kms.katalon.core.main.TestCaseExecutor.processExecutionPhase(TestCaseExecutor.java:312)
	at com.kms.katalon.core.main.TestCaseExecutor.accessMainPhase(TestCaseExecutor.java:304)
	at com.kms.katalon.core.main.TestCaseExecutor.execute(TestCaseExecutor.java:238)
	at com.kms.katalon.core.main.TestSuiteExecutor.accessTestCaseMainPhase(TestSuiteExecutor.java:129)
	at com.kms.katalon.core.main.TestSuiteExecutor.accessTestSuiteMainPhase(TestSuiteExecutor.java:112)
	at com.kms.katalon.core.main.TestSuiteExecutor.execute(TestSuiteExecutor.java:81)
	at com.kms.katalon.core.main.TestCaseMain.startTestSuite(TestCaseMain.java:157)
	at com.kms.katalon.core.main.TestCaseMain$startTestSuite$0.call(Unknown Source)
	at TempTestSuite1566527072754.run(TempTestSuite1566527072754.groovy:35)
)
	at com.kms.katalon.core.keyword.internal.KeywordMain.stepFailed(KeywordMain.groovy:37)
	at com.kms.katalon.core.keyword.internal.KeywordMain.stepFailed(KeywordMain.groovy)
	at com.kms.katalon.core.keyword.internal.KeywordMain.runKeyword(KeywordMain.groovy:68)
	at com.kms.katalon.core.keyword.builtin.VerifyMatchKeyword.verifyMatch(VerifyMatchKeyword.groovy:60)
	at com.kms.katalon.core.keyword.builtin.VerifyMatchKeyword.execute(VerifyMatchKeyword.groovy:45)
	at com.kms.katalon.core.keyword.internal.KeywordExecutor.executeKeywordForPlatform(KeywordExecutor.groovy:56)
	at com.kms.katalon.core.keyword.BuiltinKeywords.verifyMatch(BuiltinKeywords.groovy:55)
	at productVerify.run(productVerify:95)
	at com.kms.katalon.core.main.ScriptEngine.run(ScriptEngine.java:194)
	at com.kms.katalon.core.main.ScriptEngine.runScriptAsRawText(ScriptEngine.java:119)
	at com.kms.katalon.core.main.TestCaseExecutor.runScript(TestCaseExecutor.java:342)
	at com.kms.katalon.core.main.TestCaseExecutor.doExecute(TestCaseExecutor.java:333)
	at com.kms.katalon.core.main.TestCaseExecutor.processExecutionPhase(TestCaseExecutor.java:312)
	at com.kms.katalon.core.main.TestCaseExecutor.accessMainPhase(TestCaseExecutor.java:304)
	at com.kms.katalon.core.main.TestCaseExecutor.execute(TestCaseExecutor.java:238)
	at com.kms.katalon.core.main.TestCaseMain.runTestCase(TestCaseMain.java:114)
	at com.kms.katalon.core.keyword.builtin.CallTestCaseKeyword$_callTestCase_closure1.doCall(CallTestCaseKeyword.groovy:59)
	at com.kms.katalon.core.keyword.builtin.CallTestCaseKeyword$_callTestCase_closure1.call(CallTestCaseKeyword.groovy)
	at com.kms.katalon.core.keyword.internal.KeywordMain.runKeyword(KeywordMain.groovy:66)
	at com.kms.katalon.core.keyword.builtin.CallTestCaseKeyword.callTestCase(CallTestCaseKeyword.groovy:81)
	at com.kms.katalon.core.keyword.builtin.CallTestCaseKeyword.execute(CallTestCaseKeyword.groovy:44)
	at com.kms.katalon.core.keyword.internal.KeywordExecutor.executeKeywordForPlatform(KeywordExecutor.groovy:56)
	at com.kms.katalon.core.keyword.BuiltinKeywords.callTestCase(BuiltinKeywords.groovy:334)
	at BOPersonal.run(BOPersonal:33)
	at com.kms.katalon.core.main.ScriptEngine.run(ScriptEngine.java:194)
	at com.kms.katalon.core.main.ScriptEngine.runScriptAsRawText(ScriptEngine.java:119)
	at com.kms.katalon.core.main.TestCaseExecutor.runScript(TestCaseExecutor.java:342)
	at com.kms.katalon.core.main.TestCaseExecutor.doExecute(TestCaseExecutor.java:333)
	at com.kms.katalon.core.main.TestCaseExecutor.processExecutionPhase(TestCaseExecutor.java:312)
	at com.kms.katalon.core.main.TestCaseExecutor.accessMainPhase(TestCaseExecutor.java:304)
	at com.kms.katalon.core.main.TestCaseExecutor.execute(TestCaseExecutor.java:238)
	at com.kms.katalon.core.main.TestSuiteExecutor.accessTestCaseMainPhase(TestSuiteExecutor.java:129)
	at com.kms.katalon.core.main.TestSuiteExecutor.accessTestSuiteMainPhase(TestSuiteExecutor.java:112)
	at com.kms.katalon.core.main.TestSuiteExecutor.execute(TestSuiteExecutor.java:81)
	at com.kms.katalon.core.main.TestCaseMain.startTestSuite(TestCaseMain.java:157)
	at com.kms.katalon.core.main.TestCaseMain$startTestSuite$0.call(Unknown Source)
	at TempTestSuite1566527072754.run(TempTestSuite1566527072754.groovy:35)
Caused by: com.kms.katalon.core.exception.StepFailedException: Actual text '119' and expected text '149' are not matched using regular expression
	at com.kms.katalon.core.keyword.builtin.VerifyMatchKeyword$_verifyMatch_closure1.doCall(VerifyMatchKeyword.groovy:57)
	at com.kms.katalon.core.keyword.builtin.VerifyMatchKeyword$_verifyMatch_closure1.call(VerifyMatchKeyword.groovy)
	at com.kms.katalon.core.keyword.internal.KeywordMain.runKeyword(KeywordMain.groovy:66)
	... 34 more


2019-08-23 08:16:39 - [MESSAGE][FAILED] - Unable to call Test Case 'Test Cases/NewArrival/productVerify' (Root cause: com.kms.katalon.core.exception.StepFailedException: Call Test Case 'Test Cases/NewArrival/productVerify' failed
	at com.kms.katalon.core.keyword.builtin.CallTestCaseKeyword$_callTestCase_closure1.doCall(CallTestCaseKeyword.groovy:63)
	at com.kms.katalon.core.keyword.builtin.CallTestCaseKeyword$_callTestCase_closure1.call(CallTestCaseKeyword.groovy)
	at com.kms.katalon.core.keyword.internal.KeywordMain.runKeyword(KeywordMain.groovy:66)
	at com.kms.katalon.core.keyword.builtin.CallTestCaseKeyword.callTestCase(CallTestCaseKeyword.groovy:81)
	at com.kms.katalon.core.keyword.builtin.CallTestCaseKeyword.execute(CallTestCaseKeyword.groovy:44)
	at com.kms.katalon.core.keyword.internal.KeywordExecutor.executeKeywordForPlatform(KeywordExecutor.groovy:56)
	at com.kms.katalon.core.keyword.BuiltinKeywords.callTestCase(BuiltinKeywords.groovy:334)
	at BOPersonal.run(BOPersonal:33)
	at com.kms.katalon.core.main.ScriptEngine.run(ScriptEngine.java:194)
	at com.kms.katalon.core.main.ScriptEngine.runScriptAsRawText(ScriptEngine.java:119)
	at com.kms.katalon.core.main.TestCaseExecutor.runScript(TestCaseExecutor.java:342)
	at com.kms.katalon.core.main.TestCaseExecutor.doExecute(TestCaseExecutor.java:333)
	at com.kms.katalon.core.main.TestCaseExecutor.processExecutionPhase(TestCaseExecutor.java:312)
	at com.kms.katalon.core.main.TestCaseExecutor.accessMainPhase(TestCaseExecutor.java:304)
	at com.kms.katalon.core.main.TestCaseExecutor.execute(TestCaseExecutor.java:238)
	at com.kms.katalon.core.main.TestSuiteExecutor.accessTestCaseMainPhase(TestSuiteExecutor.java:129)
	at com.kms.katalon.core.main.TestSuiteExecutor.accessTestSuiteMainPhase(TestSuiteExecutor.java:112)
	at com.kms.katalon.core.main.TestSuiteExecutor.execute(TestSuiteExecutor.java:81)
	at com.kms.katalon.core.main.TestCaseMain.startTestSuite(TestCaseMain.java:157)
	at com.kms.katalon.core.main.TestCaseMain$startTestSuite$0.call(Unknown Source)
	at TempTestSuite1566527072754.run(TempTestSuite1566527072754.groovy:35)
Caused by: com.kms.katalon.core.exception.StepFailedException: Unable to verify match between actual text '119' and expected text '149' using regular expression (Root cause: com.kms.katalon.core.exception.StepFailedException: Actual text '119' and expected text '149' are not matched using regular expression
	at com.kms.katalon.core.keyword.builtin.VerifyMatchKeyword$_verifyMatch_closure1.doCall(VerifyMatchKeyword.groovy:57)
	at com.kms.katalon.core.keyword.builtin.VerifyMatchKeyword$_verifyMatch_closure1.call(VerifyMatchKeyword.groovy)
	at com.kms.katalon.core.keyword.internal.KeywordMain.runKeyword(KeywordMain.groovy:66)
	at com.kms.katalon.core.keyword.builtin.VerifyMatchKeyword.verifyMatch(VerifyMatchKeyword.groovy:60)
	at com.kms.katalon.core.keyword.builtin.VerifyMatchKeyword.execute(VerifyMatchKeyword.groovy:45)
	at com.kms.katalon.core.keyword.internal.KeywordExecutor.executeKeywordForPlatform(KeywordExecutor.groovy:56)
	at com.kms.katalon.core.keyword.BuiltinKeywords.verifyMatch(BuiltinKeywords.groovy:55)
	at productVerify.run(productVerify:95)
	at com.kms.katalon.core.main.ScriptEngine.run(ScriptEngine.java:194)
	at com.kms.katalon.core.main.ScriptEngine.runScriptAsRawText(ScriptEngine.java:119)
	at com.kms.katalon.core.main.TestCaseExecutor.runScript(TestCaseExecutor.java:342)
	at com.kms.katalon.core.main.TestCaseExecutor.doExecute(TestCaseExecutor.java:333)
	at com.kms.katalon.core.main.TestCaseExecutor.processExecutionPhase(TestCaseExecutor.java:312)
	at com.kms.katalon.core.main.TestCaseExecutor.accessMainPhase(TestCaseExecutor.java:304)
	at com.kms.katalon.core.main.TestCaseExecutor.execute(TestCaseExecutor.java:238)
	at com.kms.katalon.core.main.TestCaseMain.runTestCase(TestCaseMain.java:114)
	at com.kms.katalon.core.keyword.builtin.CallTestCaseKeyword$_callTestCase_closure1.doCall(CallTestCaseKeyword.groovy:59)
	at com.kms.katalon.core.keyword.builtin.CallTestCaseKeyword$_callTestCase_closure1.call(CallTestCaseKeyword.groovy)
	at com.kms.katalon.core.keyword.internal.KeywordMain.runKeyword(KeywordMain.groovy:66)
	at com.kms.katalon.core.keyword.builtin.CallTestCaseKeyword.callTestCase(CallTestCaseKeyword.groovy:81)
	at com.kms.katalon.core.keyword.builtin.CallTestCaseKeyword.execute(CallTestCaseKeyword.groovy:44)
	at com.kms.katalon.core.keyword.internal.KeywordExecutor.executeKeywordForPlatform(KeywordExecutor.groovy:56)
	at com.kms.katalon.core.keyword.BuiltinKeywords.callTestCase(BuiltinKeywords.groovy:334)
	at BOPersonal.run(BOPersonal:33)
	at com.kms.katalon.core.main.ScriptEngine.run(ScriptEngine.java:194)
	at com.kms.katalon.core.main.ScriptEngine.runScriptAsRawText(ScriptEngine.java:119)
	at com.kms.katalon.core.main.TestCaseExecutor.runScript(TestCaseExecutor.java:342)
	at com.kms.katalon.core.main.TestCaseExecutor.doExecute(TestCaseExecutor.java:333)
	at com.kms.katalon.core.main.TestCaseExecutor.processExecutionPhase(TestCaseExecutor.java:312)
	at com.kms.katalon.core.main.TestCaseExecutor.accessMainPhase(TestCaseExecutor.java:304)
	at com.kms.katalon.core.main.TestCaseExecutor.execute(TestCaseExecutor.java:238)
	at com.kms.katalon.core.main.TestSuiteExecutor.accessTestCaseMainPhase(TestSuiteExecutor.java:129)
	at com.kms.katalon.core.main.TestSuiteExecutor.accessTestSuiteMainPhase(TestSuiteExecutor.java:112)
	at com.kms.katalon.core.main.TestSuiteExecutor.execute(TestSuiteExecutor.java:81)
	at com.kms.katalon.core.main.TestCaseMain.startTestSuite(TestCaseMain.java:157)
	at com.kms.katalon.core.main.TestCaseMain$startTestSuite$0.call(Unknown Source)
	at TempTestSuite1566527072754.run(TempTestSuite1566527072754.groovy:35)
)
	at com.kms.katalon.core.keyword.internal.KeywordMain.stepFailed(KeywordMain.groovy:37)
	at com.kms.katalon.core.keyword.internal.KeywordMain.stepFailed(KeywordMain.groovy)
	at com.kms.katalon.core.keyword.internal.KeywordMain.runKeyword(KeywordMain.groovy:68)
	at com.kms.katalon.core.keyword.builtin.VerifyMatchKeyword.verifyMatch(VerifyMatchKeyword.groovy:60)
	at com.kms.katalon.core.keyword.builtin.VerifyMatchKeyword.execute(VerifyMatchKeyword.groovy:45)
	at com.kms.katalon.core.keyword.internal.KeywordExecutor.executeKeywordForPlatform(KeywordExecutor.groovy:56)
	at com.kms.katalon.core.keyword.BuiltinKeywords.verifyMatch(BuiltinKeywords.groovy:55)
	at productVerify.run(productVerify:95)
	at com.kms.katalon.core.main.ScriptEngine.run(ScriptEngine.java:194)
	at com.kms.katalon.core.main.ScriptEngine.runScriptAsRawText(ScriptEngine.java:119)
	at com.kms.katalon.core.main.TestCaseExecutor.runScript(TestCaseExecutor.java:342)
	at com.kms.katalon.core.main.TestCaseExecutor.doExecute(TestCaseExecutor.java:333)
	at com.kms.katalon.core.main.TestCaseExecutor.processExecutionPhase(TestCaseExecutor.java:312)
	at com.kms.katalon.core.main.TestCaseExecutor.accessMainPhase(TestCaseExecutor.java:304)
	at com.kms.katalon.core.main.TestCaseExecutor.execute(TestCaseExecutor.java:238)
	at com.kms.katalon.core.main.TestCaseMain.runTestCase(TestCaseMain.java:114)
	at com.kms.katalon.core.keyword.builtin.CallTestCaseKeyword$_callTestCase_closure1.doCall(CallTestCaseKeyword.groovy:59)
	... 20 more
Caused by: com.kms.katalon.core.exception.StepFailedException: Actual text '119' and expected text '149' are not matched using regular expression
	at com.kms.katalon.core.keyword.builtin.VerifyMatchKeyword$_verifyMatch_closure1.doCall(VerifyMatchKeyword.groovy:57)
	at com.kms.katalon.core.keyword.builtin.VerifyMatchKeyword$_verifyMatch_closure1.call(VerifyMatchKeyword.groovy)
	at com.kms.katalon.core.keyword.internal.KeywordMain.runKeyword(KeywordMain.groovy:66)
	... 34 more
)

2019-08-23 08:16:39 - [MESSAGE][FAILED] - for ([timeRow = 1, timeRow <= findTestData("timezoneData").getRowNumbers(), (timeRow++)]) FAILED.
Reason:
com.kms.katalon.core.exception.StepFailedException: Call Test Case 'Test Cases/NewArrival/productVerify' failed
	at com.kms.katalon.core.keyword.builtin.CallTestCaseKeyword$_callTestCase_closure1.doCall(CallTestCaseKeyword.groovy:63)
	at com.kms.katalon.core.keyword.builtin.CallTestCaseKeyword$_callTestCase_closure1.call(CallTestCaseKeyword.groovy)
	at com.kms.katalon.core.keyword.internal.KeywordMain.runKeyword(KeywordMain.groovy:66)
	at com.kms.katalon.core.keyword.builtin.CallTestCaseKeyword.callTestCase(CallTestCaseKeyword.groovy:81)
	at com.kms.katalon.core.keyword.builtin.CallTestCaseKeyword.execute(CallTestCaseKeyword.groovy:44)
	at com.kms.katalon.core.keyword.internal.KeywordExecutor.executeKeywordForPlatform(KeywordExecutor.groovy:56)
	at com.kms.katalon.core.keyword.BuiltinKeywords.callTestCase(BuiltinKeywords.groovy:334)
	at BOPersonal.run(BOPersonal:33)
	at com.kms.katalon.core.main.ScriptEngine.run(ScriptEngine.java:194)
	at com.kms.katalon.core.main.ScriptEngine.runScriptAsRawText(ScriptEngine.java:119)
	at com.kms.katalon.core.main.TestCaseExecutor.runScript(TestCaseExecutor.java:342)
	at com.kms.katalon.core.main.TestCaseExecutor.doExecute(TestCaseExecutor.java:333)
	at com.kms.katalon.core.main.TestCaseExecutor.processExecutionPhase(TestCaseExecutor.java:312)
	at com.kms.katalon.core.main.TestCaseExecutor.accessMainPhase(TestCaseExecutor.java:304)
	at com.kms.katalon.core.main.TestCaseExecutor.execute(TestCaseExecutor.java:238)
	at com.kms.katalon.core.main.TestSuiteExecutor.accessTestCaseMainPhase(TestSuiteExecutor.java:129)
	at com.kms.katalon.core.main.TestSuiteExecutor.accessTestSuiteMainPhase(TestSuiteExecutor.java:112)
	at com.kms.katalon.core.main.TestSuiteExecutor.execute(TestSuiteExecutor.java:81)
	at com.kms.katalon.core.main.TestCaseMain.startTestSuite(TestCaseMain.java:157)
	at com.kms.katalon.core.main.TestCaseMain$startTestSuite$0.call(Unknown Source)
	at TempTestSuite1566527072754.run(TempTestSuite1566527072754.groovy:35)
Caused by: com.kms.katalon.core.exception.StepFailedException: Unable to verify match between actual text '119' and expected text '149' using regular expression (Root cause: com.kms.katalon.core.exception.StepFailedException: Actual text '119' and expected text '149' are not matched using regular expression
	at com.kms.katalon.core.keyword.builtin.VerifyMatchKeyword$_verifyMatch_closure1.doCall(VerifyMatchKeyword.groovy:57)
	at com.kms.katalon.core.keyword.builtin.VerifyMatchKeyword$_verifyMatch_closure1.call(VerifyMatchKeyword.groovy)
	at com.kms.katalon.core.keyword.internal.KeywordMain.runKeyword(KeywordMain.groovy:66)
	at com.kms.katalon.core.keyword.builtin.VerifyMatchKeyword.verifyMatch(VerifyMatchKeyword.groovy:60)
	at com.kms.katalon.core.keyword.builtin.VerifyMatchKeyword.execute(VerifyMatchKeyword.groovy:45)
	at com.kms.katalon.core.keyword.internal.KeywordExecutor.executeKeywordForPlatform(KeywordExecutor.groovy:56)
	at com.kms.katalon.core.keyword.BuiltinKeywords.verifyMatch(BuiltinKeywords.groovy:55)
	at productVerify.run(productVerify:95)
	at com.kms.katalon.core.main.ScriptEngine.run(ScriptEngine.java:194)
	at com.kms.katalon.core.main.ScriptEngine.runScriptAsRawText(ScriptEngine.java:119)
	at com.kms.katalon.core.main.TestCaseExecutor.runScript(TestCaseExecutor.java:342)
	at com.kms.katalon.core.main.TestCaseExecutor.doExecute(TestCaseExecutor.java:333)
	at com.kms.katalon.core.main.TestCaseExecutor.processExecutionPhase(TestCaseExecutor.java:312)
	at com.kms.katalon.core.main.TestCaseExecutor.accessMainPhase(TestCaseExecutor.java:304)
	at com.kms.katalon.core.main.TestCaseExecutor.execute(TestCaseExecutor.java:238)
	at com.kms.katalon.core.main.TestCaseMain.runTestCase(TestCaseMain.java:114)
	at com.kms.katalon.core.keyword.builtin.CallTestCaseKeyword$_callTestCase_closure1.doCall(CallTestCaseKeyword.groovy:59)
	at com.kms.katalon.core.keyword.builtin.CallTestCaseKeyword$_callTestCase_closure1.call(CallTestCaseKeyword.groovy)
	at com.kms.katalon.core.keyword.internal.KeywordMain.runKeyword(KeywordMain.groovy:66)
	at com.kms.katalon.core.keyword.builtin.CallTestCaseKeyword.callTestCase(CallTestCaseKeyword.groovy:81)
	at com.kms.katalon.core.keyword.builtin.CallTestCaseKeyword.execute(CallTestCaseKeyword.groovy:44)
	at com.kms.katalon.core.keyword.internal.KeywordExecutor.executeKeywordForPlatform(KeywordExecutor.groovy:56)
	at com.kms.katalon.core.keyword.BuiltinKeywords.callTestCase(BuiltinKeywords.groovy:334)
	at BOPersonal.run(BOPersonal:33)
	at com.kms.katalon.core.main.ScriptEngine.run(ScriptEngine.java:194)
	at com.kms.katalon.core.main.ScriptEngine.runScriptAsRawText(ScriptEngine.java:119)
	at com.kms.katalon.core.main.TestCaseExecutor.runScript(TestCaseExecutor.java:342)
	at com.kms.katalon.core.main.TestCaseExecutor.doExecute(TestCaseExecutor.java:333)
	at com.kms.katalon.core.main.TestCaseExecutor.processExecutionPhase(TestCaseExecutor.java:312)
	at com.kms.katalon.core.main.TestCaseExecutor.accessMainPhase(TestCaseExecutor.java:304)
	at com.kms.katalon.core.main.TestCaseExecutor.execute(TestCaseExecutor.java:238)
	at com.kms.katalon.core.main.TestSuiteExecutor.accessTestCaseMainPhase(TestSuiteExecutor.java:129)
	at com.kms.katalon.core.main.TestSuiteExecutor.accessTestSuiteMainPhase(TestSuiteExecutor.java:112)
	at com.kms.katalon.core.main.TestSuiteExecutor.execute(TestSuiteExecutor.java:81)
	at com.kms.katalon.core.main.TestCaseMain.startTestSuite(TestCaseMain.java:157)
	at com.kms.katalon.core.main.TestCaseMain$startTestSuite$0.call(Unknown Source)
	at TempTestSuite1566527072754.run(TempTestSuite1566527072754.groovy:35)
)
	at com.kms.katalon.core.keyword.internal.KeywordMain.stepFailed(KeywordMain.groovy:37)
	at com.kms.katalon.core.keyword.internal.KeywordMain.stepFailed(KeywordMain.groovy)
	at com.kms.katalon.core.keyword.internal.KeywordMain.runKeyword(KeywordMain.groovy:68)
	at com.kms.katalon.core.keyword.builtin.VerifyMatchKeyword.verifyMatch(VerifyMatchKeyword.groovy:60)
	at com.kms.katalon.core.keyword.builtin.VerifyMatchKeyword.execute(VerifyMatchKeyword.groovy:45)
	at com.kms.katalon.core.keyword.internal.KeywordExecutor.executeKeywordForPlatform(KeywordExecutor.groovy:56)
	at com.kms.katalon.core.keyword.BuiltinKeywords.verifyMatch(BuiltinKeywords.groovy:55)
	at productVerify.run(productVerify:95)
	at com.kms.katalon.core.main.ScriptEngine.run(ScriptEngine.java:194)
	at com.kms.katalon.core.main.ScriptEngine.runScriptAsRawText(ScriptEngine.java:119)
	at com.kms.katalon.core.main.TestCaseExecutor.runScript(TestCaseExecutor.java:342)
	at com.kms.katalon.core.main.TestCaseExecutor.doExecute(TestCaseExecutor.java:333)
	at com.kms.katalon.core.main.TestCaseExecutor.processExecutionPhase(TestCaseExecutor.java:312)
	at com.kms.katalon.core.main.TestCaseExecutor.accessMainPhase(TestCaseExecutor.java:304)
	at com.kms.katalon.core.main.TestCaseExecutor.execute(TestCaseExecutor.java:238)
	at com.kms.katalon.core.main.TestCaseMain.runTestCase(TestCaseMain.java:114)
	at com.kms.katalon.core.keyword.builtin.CallTestCaseKeyword$_callTestCase_closure1.doCall(CallTestCaseKeyword.groovy:59)
	... 20 more
Caused by: com.kms.katalon.core.exception.StepFailedException: Actual text '119' and expected text '149' are not matched using regular expression
	at com.kms.katalon.core.keyword.builtin.VerifyMatchKeyword$_verifyMatch_closure1.doCall(VerifyMatchKeyword.groovy:57)
	at com.kms.katalon.core.keyword.builtin.VerifyMatchKeyword$_verifyMatch_closure1.call(VerifyMatchKeyword.groovy)
	at com.kms.katalon.core.keyword.internal.KeywordMain.runKeyword(KeywordMain.groovy:66)
	... 34 more]]></system-out>
         <system-err><![CDATA[2019-08-23 08:15:30 - [TEST_CASE][FAILED] - Test Cases/NewArrival/BOPersonal: Test Cases/NewArrival/BOPersonal FAILED.
Reason:
com.kms.katalon.core.exception.StepFailedException: Call Test Case 'Test Cases/NewArrival/productVerify' failed
	at com.kms.katalon.core.keyword.builtin.CallTestCaseKeyword$_callTestCase_closure1.doCall(CallTestCaseKeyword.groovy:63)
	at com.kms.katalon.core.keyword.builtin.CallTestCaseKeyword$_callTestCase_closure1.call(CallTestCaseKeyword.groovy)
	at com.kms.katalon.core.keyword.internal.KeywordMain.runKeyword(KeywordMain.groovy:66)
	at com.kms.katalon.core.keyword.builtin.CallTestCaseKeyword.callTestCase(CallTestCaseKeyword.groovy:81)
	at com.kms.katalon.core.keyword.builtin.CallTestCaseKeyword.execute(CallTestCaseKeyword.groovy:44)
	at com.kms.katalon.core.keyword.internal.KeywordExecutor.executeKeywordForPlatform(KeywordExecutor.groovy:56)
	at com.kms.katalon.core.keyword.BuiltinKeywords.callTestCase(BuiltinKeywords.groovy:334)
	at BOPersonal.run(BOPersonal:33)
	at com.kms.katalon.core.main.ScriptEngine.run(ScriptEngine.java:194)
	at com.kms.katalon.core.main.ScriptEngine.runScriptAsRawText(ScriptEngine.java:119)
	at com.kms.katalon.core.main.TestCaseExecutor.runScript(TestCaseExecutor.java:342)
	at com.kms.katalon.core.main.TestCaseExecutor.doExecute(TestCaseExecutor.java:333)
	at com.kms.katalon.core.main.TestCaseExecutor.processExecutionPhase(TestCaseExecutor.java:312)
	at com.kms.katalon.core.main.TestCaseExecutor.accessMainPhase(TestCaseExecutor.java:304)
	at com.kms.katalon.core.main.TestCaseExecutor.execute(TestCaseExecutor.java:238)
	at com.kms.katalon.core.main.TestSuiteExecutor.accessTestCaseMainPhase(TestSuiteExecutor.java:129)
	at com.kms.katalon.core.main.TestSuiteExecutor.accessTestSuiteMainPhase(TestSuiteExecutor.java:112)
	at com.kms.katalon.core.main.TestSuiteExecutor.execute(TestSuiteExecutor.java:81)
	at com.kms.katalon.core.main.TestCaseMain.startTestSuite(TestCaseMain.java:157)
	at com.kms.katalon.core.main.TestCaseMain$startTestSuite$0.call(Unknown Source)
	at TempTestSuite1566527072754.run(TempTestSuite1566527072754.groovy:35)
Caused by: com.kms.katalon.core.exception.StepFailedException: Unable to verify match between actual text '119' and expected text '149' using regular expression (Root cause: com.kms.katalon.core.exception.StepFailedException: Actual text '119' and expected text '149' are not matched using regular expression
	at com.kms.katalon.core.keyword.builtin.VerifyMatchKeyword$_verifyMatch_closure1.doCall(VerifyMatchKeyword.groovy:57)
	at com.kms.katalon.core.keyword.builtin.VerifyMatchKeyword$_verifyMatch_closure1.call(VerifyMatchKeyword.groovy)
	at com.kms.katalon.core.keyword.internal.KeywordMain.runKeyword(KeywordMain.groovy:66)
	at com.kms.katalon.core.keyword.builtin.VerifyMatchKeyword.verifyMatch(VerifyMatchKeyword.groovy:60)
	at com.kms.katalon.core.keyword.builtin.VerifyMatchKeyword.execute(VerifyMatchKeyword.groovy:45)
	at com.kms.katalon.core.keyword.internal.KeywordExecutor.executeKeywordForPlatform(KeywordExecutor.groovy:56)
	at com.kms.katalon.core.keyword.BuiltinKeywords.verifyMatch(BuiltinKeywords.groovy:55)
	at productVerify.run(productVerify:95)
	at com.kms.katalon.core.main.ScriptEngine.run(ScriptEngine.java:194)
	at com.kms.katalon.core.main.ScriptEngine.runScriptAsRawText(ScriptEngine.java:119)
	at com.kms.katalon.core.main.TestCaseExecutor.runScript(TestCaseExecutor.java:342)
	at com.kms.katalon.core.main.TestCaseExecutor.doExecute(TestCaseExecutor.java:333)
	at com.kms.katalon.core.main.TestCaseExecutor.processExecutionPhase(TestCaseExecutor.java:312)
	at com.kms.katalon.core.main.TestCaseExecutor.accessMainPhase(TestCaseExecutor.java:304)
	at com.kms.katalon.core.main.TestCaseExecutor.execute(TestCaseExecutor.java:238)
	at com.kms.katalon.core.main.TestCaseMain.runTestCase(TestCaseMain.java:114)
	at com.kms.katalon.core.keyword.builtin.CallTestCaseKeyword$_callTestCase_closure1.doCall(CallTestCaseKeyword.groovy:59)
	at com.kms.katalon.core.keyword.builtin.CallTestCaseKeyword$_callTestCase_closure1.call(CallTestCaseKeyword.groovy)
	at com.kms.katalon.core.keyword.internal.KeywordMain.runKeyword(KeywordMain.groovy:66)
	at com.kms.katalon.core.keyword.builtin.CallTestCaseKeyword.callTestCase(CallTestCaseKeyword.groovy:81)
	at com.kms.katalon.core.keyword.builtin.CallTestCaseKeyword.execute(CallTestCaseKeyword.groovy:44)
	at com.kms.katalon.core.keyword.internal.KeywordExecutor.executeKeywordForPlatform(KeywordExecutor.groovy:56)
	at com.kms.katalon.core.keyword.BuiltinKeywords.callTestCase(BuiltinKeywords.groovy:334)
	at BOPersonal.run(BOPersonal:33)
	at com.kms.katalon.core.main.ScriptEngine.run(ScriptEngine.java:194)
	at com.kms.katalon.core.main.ScriptEngine.runScriptAsRawText(ScriptEngine.java:119)
	at com.kms.katalon.core.main.TestCaseExecutor.runScript(TestCaseExecutor.java:342)
	at com.kms.katalon.core.main.TestCaseExecutor.doExecute(TestCaseExecutor.java:333)
	at com.kms.katalon.core.main.TestCaseExecutor.processExecutionPhase(TestCaseExecutor.java:312)
	at com.kms.katalon.core.main.TestCaseExecutor.accessMainPhase(TestCaseExecutor.java:304)
	at com.kms.katalon.core.main.TestCaseExecutor.execute(TestCaseExecutor.java:238)
	at com.kms.katalon.core.main.TestSuiteExecutor.accessTestCaseMainPhase(TestSuiteExecutor.java:129)
	at com.kms.katalon.core.main.TestSuiteExecutor.accessTestSuiteMainPhase(TestSuiteExecutor.java:112)
	at com.kms.katalon.core.main.TestSuiteExecutor.execute(TestSuiteExecutor.java:81)
	at com.kms.katalon.core.main.TestCaseMain.startTestSuite(TestCaseMain.java:157)
	at com.kms.katalon.core.main.TestCaseMain$startTestSuite$0.call(Unknown Source)
	at TempTestSuite1566527072754.run(TempTestSuite1566527072754.groovy:35)
)
	at com.kms.katalon.core.keyword.internal.KeywordMain.stepFailed(KeywordMain.groovy:37)
	at com.kms.katalon.core.keyword.internal.KeywordMain.stepFailed(KeywordMain.groovy)
	at com.kms.katalon.core.keyword.internal.KeywordMain.runKeyword(KeywordMain.groovy:68)
	at com.kms.katalon.core.keyword.builtin.VerifyMatchKeyword.verifyMatch(VerifyMatchKeyword.groovy:60)
	at com.kms.katalon.core.keyword.builtin.VerifyMatchKeyword.execute(VerifyMatchKeyword.groovy:45)
	at com.kms.katalon.core.keyword.internal.KeywordExecutor.executeKeywordForPlatform(KeywordExecutor.groovy:56)
	at com.kms.katalon.core.keyword.BuiltinKeywords.verifyMatch(BuiltinKeywords.groovy:55)
	at productVerify.run(productVerify:95)
	at com.kms.katalon.core.main.ScriptEngine.run(ScriptEngine.java:194)
	at com.kms.katalon.core.main.ScriptEngine.runScriptAsRawText(ScriptEngine.java:119)
	at com.kms.katalon.core.main.TestCaseExecutor.runScript(TestCaseExecutor.java:342)
	at com.kms.katalon.core.main.TestCaseExecutor.doExecute(TestCaseExecutor.java:333)
	at com.kms.katalon.core.main.TestCaseExecutor.processExecutionPhase(TestCaseExecutor.java:312)
	at com.kms.katalon.core.main.TestCaseExecutor.accessMainPhase(TestCaseExecutor.java:304)
	at com.kms.katalon.core.main.TestCaseExecutor.execute(TestCaseExecutor.java:238)
	at com.kms.katalon.core.main.TestCaseMain.runTestCase(TestCaseMain.java:114)
	at com.kms.katalon.core.keyword.builtin.CallTestCaseKeyword$_callTestCase_closure1.doCall(CallTestCaseKeyword.groovy:59)
	... 20 more
Caused by: com.kms.katalon.core.exception.StepFailedException: Actual text '119' and expected text '149' are not matched using regular expression
	at com.kms.katalon.core.keyword.builtin.VerifyMatchKeyword$_verifyMatch_closure1.doCall(VerifyMatchKeyword.groovy:57)
	at com.kms.katalon.core.keyword.builtin.VerifyMatchKeyword$_verifyMatch_closure1.call(VerifyMatchKeyword.groovy)
	at com.kms.katalon.core.keyword.internal.KeywordMain.runKeyword(KeywordMain.groovy:66)
	... 34 more]]></system-err>
      </testcase>
      <testcase name="Test Cases/NewArrival/BORetail" classname="Test Cases/NewArrival/BORetail" status="FAILED">
         <failure type="FAILED" message="Test Cases/NewArrival/BORetail FAILED.
Reason:
com.kms.katalon.core.exception.StepFailedException: Unable to set text 'guest1-test1@test.com' of object 'Object Repository/Page_cabi Retail Store/input_email'
	at com.kms.katalon.core.webui.keyword.internal.WebUIKeywordMain.stepFailed(WebUIKeywordMain.groovy:64)
	at com.kms.katalon.core.webui.keyword.internal.WebUIKeywordMain.runKeyword(WebUIKeywordMain.groovy:26)
	at com.kms.katalon.core.webui.keyword.builtin.SetTextKeyword.setText(SetTextKeyword.groovy:66)
	at com.kms.katalon.core.webui.keyword.builtin.SetTextKeyword.execute(SetTextKeyword.groovy:37)
	at com.kms.katalon.core.keyword.internal.KeywordExecutor.executeKeywordForPlatform(KeywordExecutor.groovy:56)
	at com.kms.katalon.core.webui.keyword.WebUiBuiltInKeywords.setText(WebUiBuiltInKeywords.groovy:950)
	at com.kms.katalon.core.webui.keyword.WebUiBuiltInKeywords$setText$1.call(Unknown Source)
	at BORetail.run(BORetail:72)
	at com.kms.katalon.core.main.ScriptEngine.run(ScriptEngine.java:194)
	at com.kms.katalon.core.main.ScriptEngine.runScriptAsRawText(ScriptEngine.java:119)
	at com.kms.katalon.core.main.TestCaseExecutor.runScript(TestCaseExecutor.java:342)
	at com.kms.katalon.core.main.TestCaseExecutor.doExecute(TestCaseExecutor.java:333)
	at com.kms.katalon.core.main.TestCaseExecutor.processExecutionPhase(TestCaseExecutor.java:312)
	at com.kms.katalon.core.main.TestCaseExecutor.accessMainPhase(TestCaseExecutor.java:304)
	at com.kms.katalon.core.main.TestCaseExecutor.execute(TestCaseExecutor.java:238)
	at com.kms.katalon.core.main.TestSuiteExecutor.accessTestCaseMainPhase(TestSuiteExecutor.java:129)
	at com.kms.katalon.core.main.TestSuiteExecutor.accessTestSuiteMainPhase(TestSuiteExecutor.java:112)
	at com.kms.katalon.core.main.TestSuiteExecutor.execute(TestSuiteExecutor.java:81)
	at com.kms.katalon.core.main.TestCaseMain.startTestSuite(TestCaseMain.java:157)
	at com.kms.katalon.core.main.TestCaseMain$startTestSuite$0.call(Unknown Source)
	at TempTestSuite1566527072754.run(TempTestSuite1566527072754.groovy:35)
Caused by: org.openqa.selenium.ElementNotInteractableException: element not interactable
  (Session info: chrome=76.0.3809.100)
Build info: version: '3.7.1', revision: '8a0099a', time: '2017-11-06T21:07:36.161Z'
System info: host: 'NIVEDITA', ip: '192.168.43.31', os.name: 'Windows 8.1', os.arch: 'amd64', os.version: '6.3', java.version: '1.8.0_181'
Driver info: com.kms.katalon.selenium.driver.CChromeDriver
Capabilities {acceptInsecureCerts: false, browserName: chrome, browserVersion: 76.0.3809.100, chrome: {chromedriverVersion: 76.0.3809.68 (420c9498db8ce..., userDataDir: C:\Users\user\AppData\Local...}, goog:chromeOptions: {debuggerAddress: localhost:53762}, javascriptEnabled: true, networkConnectionEnabled: false, pageLoadStrategy: normal, platform: XP, platformName: XP, proxy: Proxy(direct), setWindowRect: true, strictFileInteractability: false, timeouts: {implicit: 0, pageLoad: 300000, script: 30000}, unhandledPromptBehavior: dismiss and notify}
Session ID: 05c52e5f9cc540207ae51d79d4de2987
	at org.openqa.selenium.remote.http.W3CHttpResponseCodec.createException(W3CHttpResponseCodec.java:187)
	at org.openqa.selenium.remote.http.W3CHttpResponseCodec.decode(W3CHttpResponseCodec.java:122)
	at org.openqa.selenium.remote.http.W3CHttpResponseCodec.decode(W3CHttpResponseCodec.java:49)
	at org.openqa.selenium.remote.HttpCommandExecutor.execute(HttpCommandExecutor.java:164)
	at org.openqa.selenium.remote.service.DriverCommandExecutor.execute(DriverCommandExecutor.java:83)
	at org.openqa.selenium.remote.RemoteWebDriver.execute(RemoteWebDriver.java:600)
	at com.kms.katalon.selenium.driver.CChromeDriver.execute(CChromeDriver.java:20)
	at org.openqa.selenium.remote.RemoteWebElement.execute(RemoteWebElement.java:279)
	at org.openqa.selenium.remote.RemoteWebElement.clear(RemoteWebElement.java:118)
	at com.kms.katalon.core.webui.keyword.builtin.SetTextKeyword$_setText_closure1.doCall(SetTextKeyword.groovy:53)
	at com.kms.katalon.core.webui.keyword.builtin.SetTextKeyword$_setText_closure1.call(SetTextKeyword.groovy)
	at com.kms.katalon.core.webui.keyword.internal.WebUIKeywordMain.runKeyword(WebUIKeywordMain.groovy:20)
	at com.kms.katalon.core.webui.keyword.builtin.SetTextKeyword.setText(SetTextKeyword.groovy:66)
	at com.kms.katalon.core.webui.keyword.builtin.SetTextKeyword.execute(SetTextKeyword.groovy:37)
	at com.kms.katalon.core.keyword.internal.KeywordExecutor.executeKeywordForPlatform(KeywordExecutor.groovy:56)
	at com.kms.katalon.core.webui.keyword.WebUiBuiltInKeywords.setText(WebUiBuiltInKeywords.groovy:950)
	at com.kms.katalon.core.webui.keyword.WebUiBuiltInKeywords$setText$1.call(Unknown Source)
	at Script1561622058769.run(Script1561622058769.groovy:72)
	... 13 more
"/>
         <system-out><![CDATA[2019-08-23 08:16:39 - [TEST_CASE][FAILED] - Test Cases/NewArrival/BORetail: Test Cases/NewArrival/BORetail FAILED.
Reason:
com.kms.katalon.core.exception.StepFailedException: Unable to set text 'guest1-test1@test.com' of object 'Object Repository/Page_cabi Retail Store/input_email'
	at com.kms.katalon.core.webui.keyword.internal.WebUIKeywordMain.stepFailed(WebUIKeywordMain.groovy:64)
	at com.kms.katalon.core.webui.keyword.internal.WebUIKeywordMain.runKeyword(WebUIKeywordMain.groovy:26)
	at com.kms.katalon.core.webui.keyword.builtin.SetTextKeyword.setText(SetTextKeyword.groovy:66)
	at com.kms.katalon.core.webui.keyword.builtin.SetTextKeyword.execute(SetTextKeyword.groovy:37)
	at com.kms.katalon.core.keyword.internal.KeywordExecutor.executeKeywordForPlatform(KeywordExecutor.groovy:56)
	at com.kms.katalon.core.webui.keyword.WebUiBuiltInKeywords.setText(WebUiBuiltInKeywords.groovy:950)
	at com.kms.katalon.core.webui.keyword.WebUiBuiltInKeywords$setText$1.call(Unknown Source)
	at BORetail.run(BORetail:72)
	at com.kms.katalon.core.main.ScriptEngine.run(ScriptEngine.java:194)
	at com.kms.katalon.core.main.ScriptEngine.runScriptAsRawText(ScriptEngine.java:119)
	at com.kms.katalon.core.main.TestCaseExecutor.runScript(TestCaseExecutor.java:342)
	at com.kms.katalon.core.main.TestCaseExecutor.doExecute(TestCaseExecutor.java:333)
	at com.kms.katalon.core.main.TestCaseExecutor.processExecutionPhase(TestCaseExecutor.java:312)
	at com.kms.katalon.core.main.TestCaseExecutor.accessMainPhase(TestCaseExecutor.java:304)
	at com.kms.katalon.core.main.TestCaseExecutor.execute(TestCaseExecutor.java:238)
	at com.kms.katalon.core.main.TestSuiteExecutor.accessTestCaseMainPhase(TestSuiteExecutor.java:129)
	at com.kms.katalon.core.main.TestSuiteExecutor.accessTestSuiteMainPhase(TestSuiteExecutor.java:112)
	at com.kms.katalon.core.main.TestSuiteExecutor.execute(TestSuiteExecutor.java:81)
	at com.kms.katalon.core.main.TestCaseMain.startTestSuite(TestCaseMain.java:157)
	at com.kms.katalon.core.main.TestCaseMain$startTestSuite$0.call(Unknown Source)
	at TempTestSuite1566527072754.run(TempTestSuite1566527072754.groovy:35)
Caused by: org.openqa.selenium.ElementNotInteractableException: element not interactable
  (Session info: chrome=76.0.3809.100)
Build info: version: '3.7.1', revision: '8a0099a', time: '2017-11-06T21:07:36.161Z'
System info: host: 'NIVEDITA', ip: '192.168.43.31', os.name: 'Windows 8.1', os.arch: 'amd64', os.version: '6.3', java.version: '1.8.0_181'
Driver info: com.kms.katalon.selenium.driver.CChromeDriver
Capabilities {acceptInsecureCerts: false, browserName: chrome, browserVersion: 76.0.3809.100, chrome: {chromedriverVersion: 76.0.3809.68 (420c9498db8ce..., userDataDir: C:\Users\user\AppData\Local...}, goog:chromeOptions: {debuggerAddress: localhost:53762}, javascriptEnabled: true, networkConnectionEnabled: false, pageLoadStrategy: normal, platform: XP, platformName: XP, proxy: Proxy(direct), setWindowRect: true, strictFileInteractability: false, timeouts: {implicit: 0, pageLoad: 300000, script: 30000}, unhandledPromptBehavior: dismiss and notify}
Session ID: 05c52e5f9cc540207ae51d79d4de2987
	at org.openqa.selenium.remote.http.W3CHttpResponseCodec.createException(W3CHttpResponseCodec.java:187)
	at org.openqa.selenium.remote.http.W3CHttpResponseCodec.decode(W3CHttpResponseCodec.java:122)
	at org.openqa.selenium.remote.http.W3CHttpResponseCodec.decode(W3CHttpResponseCodec.java:49)
	at org.openqa.selenium.remote.HttpCommandExecutor.execute(HttpCommandExecutor.java:164)
	at org.openqa.selenium.remote.service.DriverCommandExecutor.execute(DriverCommandExecutor.java:83)
	at org.openqa.selenium.remote.RemoteWebDriver.execute(RemoteWebDriver.java:600)
	at com.kms.katalon.selenium.driver.CChromeDriver.execute(CChromeDriver.java:20)
	at org.openqa.selenium.remote.RemoteWebElement.execute(RemoteWebElement.java:279)
	at org.openqa.selenium.remote.RemoteWebElement.clear(RemoteWebElement.java:118)
	at com.kms.katalon.core.webui.keyword.builtin.SetTextKeyword$_setText_closure1.doCall(SetTextKeyword.groovy:53)
	at com.kms.katalon.core.webui.keyword.builtin.SetTextKeyword$_setText_closure1.call(SetTextKeyword.groovy)
	at com.kms.katalon.core.webui.keyword.internal.WebUIKeywordMain.runKeyword(WebUIKeywordMain.groovy:20)
	at com.kms.katalon.core.webui.keyword.builtin.SetTextKeyword.setText(SetTextKeyword.groovy:66)
	at com.kms.katalon.core.webui.keyword.builtin.SetTextKeyword.execute(SetTextKeyword.groovy:37)
	at com.kms.katalon.core.keyword.internal.KeywordExecutor.executeKeywordForPlatform(KeywordExecutor.groovy:56)
	at com.kms.katalon.core.webui.keyword.WebUiBuiltInKeywords.setText(WebUiBuiltInKeywords.groovy:950)
	at com.kms.katalon.core.webui.keyword.WebUiBuiltInKeywords$setText$1.call(Unknown Source)
	at Script1561622058769.run(Script1561622058769.groovy:72)
	... 13 more


2019-08-23 08:16:39 - [TEST_STEP][PASSED] - Start listener action : sampleBeforeTestCase: null

2019-08-23 08:16:39 - [TEST_STEP][PASSED] - println(testCaseContext.getTestCaseId()): null

2019-08-23 08:16:39 - [TEST_STEP][PASSED] - println(testCaseContext.getTestCaseVariables()): null

2019-08-23 08:16:40 - [TEST_STEP][PASSED] - openBrowser(""): Browser is opened with url: ''

2019-08-23 08:16:40 - [MESSAGE][WARNING] - A browser is already opened. Closing browser and opening a new one

2019-08-23 08:16:40 - [MESSAGE][INFO] - Starting 'Chrome' driver

2019-08-23 08:16:40 - [MESSAGE][INFO] - User set preference: ['args', '[--use-fake-ui-for-media-stream, --start-maximized]']

2019-08-23 08:16:43 - [MESSAGE][PASSED] - Browser is opened with url: ''

2019-08-23 08:16:43 - [TEST_STEP][PASSED] - driver = <not implemented yet for class: org.codehaus.groovy.ast.expr.EmptyExpression>: null

2019-08-23 08:16:43 - [TEST_STEP][PASSED] - executor = <not implemented yet for class: org.codehaus.groovy.ast.expr.EmptyExpression>: null

2019-08-23 08:16:43 - [TEST_STEP][FAILED] - for ([timeRow = 1, timeRow <= findTestData("timezoneData").getRowNumbers(), (timeRow++)]): for ([timeRow = 1, timeRow <= findTestData("timezoneData").getRowNumbers(), (timeRow++)]) FAILED.
Reason:
com.kms.katalon.core.exception.StepFailedException: Unable to set text 'guest1-test1@test.com' of object 'Object Repository/Page_cabi Retail Store/input_email'
	at com.kms.katalon.core.webui.keyword.internal.WebUIKeywordMain.stepFailed(WebUIKeywordMain.groovy:64)
	at com.kms.katalon.core.webui.keyword.internal.WebUIKeywordMain.runKeyword(WebUIKeywordMain.groovy:26)
	at com.kms.katalon.core.webui.keyword.builtin.SetTextKeyword.setText(SetTextKeyword.groovy:66)
	at com.kms.katalon.core.webui.keyword.builtin.SetTextKeyword.execute(SetTextKeyword.groovy:37)
	at com.kms.katalon.core.keyword.internal.KeywordExecutor.executeKeywordForPlatform(KeywordExecutor.groovy:56)
	at com.kms.katalon.core.webui.keyword.WebUiBuiltInKeywords.setText(WebUiBuiltInKeywords.groovy:950)
	at com.kms.katalon.core.webui.keyword.WebUiBuiltInKeywords$setText$1.call(Unknown Source)
	at BORetail.run(BORetail:72)
	at com.kms.katalon.core.main.ScriptEngine.run(ScriptEngine.java:194)
	at com.kms.katalon.core.main.ScriptEngine.runScriptAsRawText(ScriptEngine.java:119)
	at com.kms.katalon.core.main.TestCaseExecutor.runScript(TestCaseExecutor.java:342)
	at com.kms.katalon.core.main.TestCaseExecutor.doExecute(TestCaseExecutor.java:333)
	at com.kms.katalon.core.main.TestCaseExecutor.processExecutionPhase(TestCaseExecutor.java:312)
	at com.kms.katalon.core.main.TestCaseExecutor.accessMainPhase(TestCaseExecutor.java:304)
	at com.kms.katalon.core.main.TestCaseExecutor.execute(TestCaseExecutor.java:238)
	at com.kms.katalon.core.main.TestSuiteExecutor.accessTestCaseMainPhase(TestSuiteExecutor.java:129)
	at com.kms.katalon.core.main.TestSuiteExecutor.accessTestSuiteMainPhase(TestSuiteExecutor.java:112)
	at com.kms.katalon.core.main.TestSuiteExecutor.execute(TestSuiteExecutor.java:81)
	at com.kms.katalon.core.main.TestCaseMain.startTestSuite(TestCaseMain.java:157)
	at com.kms.katalon.core.main.TestCaseMain$startTestSuite$0.call(Unknown Source)
	at TempTestSuite1566527072754.run(TempTestSuite1566527072754.groovy:35)
Caused by: org.openqa.selenium.ElementNotInteractableException: element not interactable
  (Session info: chrome=76.0.3809.100)
Build info: version: '3.7.1', revision: '8a0099a', time: '2017-11-06T21:07:36.161Z'
System info: host: 'NIVEDITA', ip: '192.168.43.31', os.name: 'Windows 8.1', os.arch: 'amd64', os.version: '6.3', java.version: '1.8.0_181'
Driver info: com.kms.katalon.selenium.driver.CChromeDriver
Capabilities {acceptInsecureCerts: false, browserName: chrome, browserVersion: 76.0.3809.100, chrome: {chromedriverVersion: 76.0.3809.68 (420c9498db8ce..., userDataDir: C:\Users\user\AppData\Local...}, goog:chromeOptions: {debuggerAddress: localhost:53762}, javascriptEnabled: true, networkConnectionEnabled: false, pageLoadStrategy: normal, platform: XP, platformName: XP, proxy: Proxy(direct), setWindowRect: true, strictFileInteractability: false, timeouts: {implicit: 0, pageLoad: 300000, script: 30000}, unhandledPromptBehavior: dismiss and notify}
Session ID: 05c52e5f9cc540207ae51d79d4de2987
	at org.openqa.selenium.remote.http.W3CHttpResponseCodec.createException(W3CHttpResponseCodec.java:187)
	at org.openqa.selenium.remote.http.W3CHttpResponseCodec.decode(W3CHttpResponseCodec.java:122)
	at org.openqa.selenium.remote.http.W3CHttpResponseCodec.decode(W3CHttpResponseCodec.java:49)
	at org.openqa.selenium.remote.HttpCommandExecutor.execute(HttpCommandExecutor.java:164)
	at org.openqa.selenium.remote.service.DriverCommandExecutor.execute(DriverCommandExecutor.java:83)
	at org.openqa.selenium.remote.RemoteWebDriver.execute(RemoteWebDriver.java:600)
	at com.kms.katalon.selenium.driver.CChromeDriver.execute(CChromeDriver.java:20)
	at org.openqa.selenium.remote.RemoteWebElement.execute(RemoteWebElement.java:279)
	at org.openqa.selenium.remote.RemoteWebElement.clear(RemoteWebElement.java:118)
	at com.kms.katalon.core.webui.keyword.builtin.SetTextKeyword$_setText_closure1.doCall(SetTextKeyword.groovy:53)
	at com.kms.katalon.core.webui.keyword.builtin.SetTextKeyword$_setText_closure1.call(SetTextKeyword.groovy)
	at com.kms.katalon.core.webui.keyword.internal.WebUIKeywordMain.runKeyword(WebUIKeywordMain.groovy:20)
	at com.kms.katalon.core.webui.keyword.builtin.SetTextKeyword.setText(SetTextKeyword.groovy:66)
	at com.kms.katalon.core.webui.keyword.builtin.SetTextKeyword.execute(SetTextKeyword.groovy:37)
	at com.kms.katalon.core.keyword.internal.KeywordExecutor.executeKeywordForPlatform(KeywordExecutor.groovy:56)
	at com.kms.katalon.core.webui.keyword.WebUiBuiltInKeywords.setText(WebUiBuiltInKeywords.groovy:950)
	at com.kms.katalon.core.webui.keyword.WebUiBuiltInKeywords$setText$1.call(Unknown Source)
	at Script1561622058769.run(Script1561622058769.groovy:72)
	... 13 more


2019-08-23 08:16:43 - [TEST_STEP][PASSED] - callTestCase(findTestCase("NewArrival/populateTimeGlobalVars"), ["row":timeRow], STOP_ON_FAILURE): Call Test Case 'Test Cases/NewArrival/populateTimeGlobalVars' successfully

2019-08-23 08:16:43 - [TEST_CASE][PASSED] - Test Cases/NewArrival/populateTimeGlobalVars: Test Cases/NewArrival/populateTimeGlobalVars

2019-08-23 08:16:43 - [TEST_STEP][PASSED] - dataFile = "timezoneData": null

2019-08-23 08:16:43 - [TEST_STEP][PASSED] - clockServerTarget = UtilityMethods.getTestData("envtData", "clockServerTarget", 1): null

2019-08-23 08:16:43 - [TEST_STEP][PASSED] - println(clockServerTarget): null

2019-08-23 08:16:43 - [TEST_STEP][PASSED] - orderType = UtilityMethods.getTestData(dataFile, "orderType", row): null

2019-08-23 08:16:43 - [TEST_STEP][PASSED] - timeZone = UtilityMethods.getTestData(dataFile, "timeZone", row): null

2019-08-23 08:16:43 - [TEST_STEP][PASSED] - BOPersonal = UtilityMethods.getTestData(dataFile, "BOPersonal", row): null

2019-08-23 08:16:43 - [TEST_STEP][PASSED] - BOAddonPersonal = UtilityMethods.getTestData(dataFile, "BOAddonPersonal", row): null

2019-08-23 08:16:43 - [TEST_STEP][PASSED] - BOAddonRetail = UtilityMethods.getTestData(dataFile, "BOAddonRetail", row): null

2019-08-23 08:16:43 - [TEST_STEP][PASSED] - BORetail = UtilityMethods.getTestData(dataFile, "BORetail", row): null

2019-08-23 08:16:43 - [TEST_STEP][PASSED] - BOShow = UtilityMethods.getTestData(dataFile, "BOShow", row): null

2019-08-23 08:16:43 - [TEST_STEP][PASSED] - BOOnlineoutlet = UtilityMethods.getTestData(dataFile, "BOOnlineoutlet", row): null

2019-08-23 08:16:43 - [TEST_STEP][PASSED] - BOEmployee = UtilityMethods.getTestData(dataFile, "BOEmployee", row): null

2019-08-23 08:16:43 - [TEST_STEP][PASSED] - CCPersonal = UtilityMethods.getTestData(dataFile, "CCPersonal", row): null

2019-08-23 08:16:43 - [TEST_STEP][PASSED] - CCRetail = UtilityMethods.getTestData(dataFile, "CCRetail", row): null

2019-08-23 08:16:43 - [TEST_STEP][PASSED] - CCShow = UtilityMethods.getTestData(dataFile, "CCShow", row): null

2019-08-23 08:16:43 - [TEST_STEP][PASSED] - BOEblast = UtilityMethods.getTestData(dataFile, "BOEblast", row): null

2019-08-23 08:16:43 - [MESSAGE][PASSED] - Call Test Case 'Test Cases/NewArrival/populateTimeGlobalVars' successfully

2019-08-23 08:16:43 - [TEST_STEP][PASSED] - callTestCase(findTestCase("NewArrival/setTimezone"), ["ofbizURL":"", "ofbizuser":"", "ofbizpass":"", "orderType":orderType, "timeZone":timeZone, "serverTarget":serverTarget, "clockServerTarget":clockServerTarget], STOP_ON_FAILURE): Call Test Case 'Test Cases/NewArrival/setTimezone' successfully

2019-08-23 08:16:43 - [TEST_CASE][PASSED] - Test Cases/NewArrival/setTimezone: Test Cases/NewArrival/setTimezone

2019-08-23 08:16:43 - [TEST_STEP][PASSED] - openBrowser(""): Browser is opened with url: ''

2019-08-23 08:16:43 - [MESSAGE][WARNING] - A browser is already opened. Closing browser and opening a new one

2019-08-23 08:16:44 - [MESSAGE][INFO] - Starting 'Chrome' driver

2019-08-23 08:16:44 - [MESSAGE][INFO] - User set preference: ['args', '[--use-fake-ui-for-media-stream, --start-maximized]']

2019-08-23 08:16:46 - [MESSAGE][PASSED] - Browser is opened with url: ''

2019-08-23 08:16:46 - [TEST_STEP][NOT_RUN] - maximizeWindow(): NOT_RUN: maximizeWindow()

2019-08-23 08:16:46 - [MESSAGE][NOT_RUN] - NOT_RUN: maximizeWindow()

2019-08-23 08:16:46 - [TEST_STEP][PASSED] - ofbizURL = findTestData("envtData").getValue("ofbizURL", 1): null

2019-08-23 08:16:46 - [TEST_STEP][PASSED] - ofbizuser = findTestData("credData").getValue("ofbizuser", 1): null

2019-08-23 08:16:46 - [TEST_STEP][PASSED] - ofbizpass = findTestData("credData").getValue("ofbizpass", 1): null

2019-08-23 08:16:46 - [TEST_STEP][PASSED] - navigateToUrl(ofbizURL): Navigate to 'https://pushofbiz.cliotest.com/login.php' successfully

2019-08-23 08:16:48 - [MESSAGE][PASSED] - Navigate to 'https://pushofbiz.cliotest.com/login.php' successfully

2019-08-23 08:16:48 - [TEST_STEP][PASSED] - setText(findTestObject("Page_/input_Username_username"), ofbizuser): Text 'automation' is set on object 'Object Repository/Page_/input_Username_username'

2019-08-23 08:16:48 - [MESSAGE][PASSED] - Text 'automation' is set on object 'Object Repository/Page_/input_Username_username'

2019-08-23 08:16:48 - [TEST_STEP][PASSED] - setText(findTestObject("Page_/input_Password_password"), ofbizpass): Text 'cabiautomation' is set on object 'Object Repository/Page_/input_Password_password'

2019-08-23 08:16:48 - [MESSAGE][PASSED] - Text 'cabiautomation' is set on object 'Object Repository/Page_/input_Password_password'

2019-08-23 08:16:48 - [TEST_STEP][PASSED] - click(findTestObject("Page_/input_Password_Submit")): Object: 'Object Repository/Page_/input_Password_Submit' is clicked on

2019-08-23 08:16:53 - [MESSAGE][PASSED] - Object: 'Object Repository/Page_/input_Password_Submit' is clicked on

2019-08-23 08:16:53 - [TEST_STEP][PASSED] - click(findTestObject("Object Repository/Page_/a_Clock set")): Object: 'Object Repository/Page_/a_Clock set' is clicked on

2019-08-23 08:16:53 - [MESSAGE][PASSED] - Object: 'Object Repository/Page_/a_Clock set' is clicked on

2019-08-23 08:16:53 - [TEST_STEP][PASSED] - cst = UtilityMethods.createTestObject("select_target", "//select[@name='Target']/option[contains(text(), '", clockServerTarget, "')]"): null

2019-08-23 08:16:53 - [TEST_STEP][PASSED] - println(clockServerTarget): null

2019-08-23 08:16:53 - [TEST_STEP][PASSED] - click(cst): Object: 'select_target' is clicked on

2019-08-23 08:16:53 - [MESSAGE][PASSED] - Object: 'select_target' is clicked on

2019-08-23 08:16:53 - [TEST_STEP][PASSED] - click(findTestObject("Page_/thisDateAndTime")): Object: 'Object Repository/Page_/thisDateAndTime' is clicked on

2019-08-23 08:16:54 - [MESSAGE][PASSED] - Object: 'Object Repository/Page_/thisDateAndTime' is clicked on

2019-08-23 08:16:54 - [TEST_STEP][PASSED] - setText(findTestObject("Object Repository/Page_/setTargetTime"), timeZone): Text ' 09/06/2019 7:00' is set on object 'Object Repository/Page_/setTargetTime'

2019-08-23 08:16:54 - [MESSAGE][PASSED] - Text ' 09/06/2019 7:00' is set on object 'Object Repository/Page_/setTargetTime'

2019-08-23 08:16:54 - [TEST_STEP][PASSED] - click(findTestObject("Object Repository/Page_/input")): Object: 'Object Repository/Page_/input' is clicked on

2019-08-23 08:16:55 - [MESSAGE][PASSED] - Object: 'Object Repository/Page_/input' is clicked on

2019-08-23 08:16:55 - [TEST_STEP][PASSED] - delay(10): Delayed 10 second(s)

2019-08-23 08:17:05 - [MESSAGE][PASSED] - Delayed 10 second(s)

2019-08-23 08:17:05 - [TEST_STEP][NOT_RUN] - closeBrowser(): NOT_RUN: closeBrowser()

2019-08-23 08:17:05 - [MESSAGE][NOT_RUN] - NOT_RUN: closeBrowser()

2019-08-23 08:17:05 - [MESSAGE][PASSED] - Call Test Case 'Test Cases/NewArrival/setTimezone' successfully

2019-08-23 08:17:05 - [TEST_STEP][PASSED] - callTestCase(findTestCase("TestCaseUtilities/backOfficeLogin"), ["BOURL":"", "BOuser":"", "BOpass":""], STOP_ON_FAILURE): Call Test Case 'Test Cases/TestCaseUtilities/backOfficeLogin' successfully

2019-08-23 08:17:05 - [TEST_CASE][PASSED] - Test Cases/TestCaseUtilities/backOfficeLogin: Test Cases/TestCaseUtilities/backOfficeLogin

2019-08-23 08:17:05 - [TEST_STEP][PASSED] - BOURL = findTestData("envtData").getValue("BOURL", 1): null

2019-08-23 08:17:05 - [TEST_STEP][PASSED] - BOuser = findTestData("credData").getValue("BOuser", 1): null

2019-08-23 08:17:05 - [TEST_STEP][PASSED] - BOpass = findTestData("credData").getValue("BOpass", 1): null

2019-08-23 08:17:05 - [TEST_STEP][PASSED] - openBrowser(""): Browser is opened with url: ''

2019-08-23 08:17:05 - [MESSAGE][WARNING] - A browser is already opened. Closing browser and opening a new one

2019-08-23 08:17:06 - [MESSAGE][INFO] - Starting 'Chrome' driver

2019-08-23 08:17:06 - [MESSAGE][INFO] - User set preference: ['args', '[--use-fake-ui-for-media-stream, --start-maximized]']

2019-08-23 08:17:08 - [MESSAGE][PASSED] - Browser is opened with url: ''

2019-08-23 08:17:08 - [TEST_STEP][PASSED] - navigateToUrl(BOURL): Navigate to 'https://test4.cliotest.com/backoffice/control/main' successfully

2019-08-23 08:17:15 - [MESSAGE][PASSED] - Navigate to 'https://test4.cliotest.com/backoffice/control/main' successfully

2019-08-23 08:17:15 - [TEST_STEP][PASSED] - logOut = findWebElements(findTestObject("Object Repository/Page_cabi Home/log_out"), 1): Unable to find the element located by 'By.xpath: //a[contains(text(),'Log Out')]'. Please recheck the objects properties to make sure the desired element is located. 

2019-08-23 08:17:16 - [MESSAGE][INFO] - Unable to find the element located by 'By.xpath: //a[contains(text(),'Log Out')]'. Please recheck the objects properties to make sure the desired element is located. 

2019-08-23 08:17:16 - [TEST_STEP][PASSED] - if (logOut.size() == 0): Object: 'Object Repository/Page_cabi/input_Welcome to_consultantLogin' is clicked on

2019-08-23 08:17:16 - [TEST_STEP][PASSED] - setText(findTestObject("Page_cabi/input_Welcome to_USERNAME"), BOuser): Text '400000002' is set on object 'Object Repository/Page_cabi/input_Welcome to_USERNAME'

2019-08-23 08:17:16 - [MESSAGE][PASSED] - Text '400000002' is set on object 'Object Repository/Page_cabi/input_Welcome to_USERNAME'

2019-08-23 08:17:16 - [TEST_STEP][PASSED] - setText(findTestObject("Object Repository/Page_cabi/input_Welcome to_PASSWORD"), BOpass): Text 'blackdress19' is set on object 'Object Repository/Page_cabi/input_Welcome to_PASSWORD'

2019-08-23 08:17:16 - [MESSAGE][PASSED] - Text 'blackdress19' is set on object 'Object Repository/Page_cabi/input_Welcome to_PASSWORD'

2019-08-23 08:17:16 - [TEST_STEP][PASSED] - click(findTestObject("Object Repository/Page_cabi/input_Welcome to_consultantLogin")): Object: 'Object Repository/Page_cabi/input_Welcome to_consultantLogin' is clicked on

2019-08-23 08:17:25 - [MESSAGE][PASSED] - Object: 'Object Repository/Page_cabi/input_Welcome to_consultantLogin' is clicked on

2019-08-23 08:17:25 - [TEST_STEP][PASSED] - delay(3): Delayed 3 second(s)

2019-08-23 08:17:28 - [MESSAGE][PASSED] - Delayed 3 second(s)

2019-08-23 08:17:28 - [MESSAGE][PASSED] - Call Test Case 'Test Cases/TestCaseUtilities/backOfficeLogin' successfully

2019-08-23 08:17:28 - [TEST_STEP][PASSED] - driver = getWebDriver(): null

2019-08-23 08:17:28 - [TEST_STEP][PASSED] - executor = driver: null

2019-08-23 08:17:28 - [TEST_STEP][PASSED] - click(findTestObject("Page_cabi Home/a_Shows  Orders")): Object: 'Object Repository/Page_cabi Home/a_Shows  Orders' is clicked on

2019-08-23 08:17:28 - [MESSAGE][PASSED] - Object: 'Object Repository/Page_cabi Home/a_Shows  Orders' is clicked on

2019-08-23 08:17:28 - [TEST_STEP][PASSED] - delay(1): Delayed 1 second(s)

2019-08-23 08:17:29 - [MESSAGE][PASSED] - Delayed 1 second(s)

2019-08-23 08:17:29 - [TEST_STEP][PASSED] - click(findTestObject("Page_cabi Home/a_retail_purchases")): Object: 'Object Repository/Page_cabi Home/a_retail_purchases' is clicked on

2019-08-23 08:17:34 - [MESSAGE][PASSED] - Object: 'Object Repository/Page_cabi Home/a_retail_purchases' is clicked on

2019-08-23 08:17:34 - [TEST_STEP][PASSED] - delay(3): Delayed 3 second(s)

2019-08-23 08:17:37 - [MESSAGE][PASSED] - Delayed 3 second(s)

2019-08-23 08:17:37 - [TEST_STEP][PASSED] - click(findTestObject("Object Repository/Page_cabi Home/existingCustomer")): Object: 'Object Repository/Page_cabi Home/existingCustomer' is clicked on

2019-08-23 08:17:37 - [MESSAGE][PASSED] - Object: 'Object Repository/Page_cabi Home/existingCustomer' is clicked on

2019-08-23 08:17:37 - [TEST_STEP][PASSED] - contactNumber = 3: null

2019-08-23 08:17:37 - [TEST_STEP][PASSED] - firstName = findTestData("contactData").getValue("firstName", contactNumber): null

2019-08-23 08:17:37 - [TEST_STEP][PASSED] - lastName = findTestData("contactData").getValue("lastName", contactNumber): null

2019-08-23 08:17:37 - [TEST_STEP][PASSED] - email = findTestData("contactData").getValue("email", contactNumber): null

2019-08-23 08:17:37 - [TEST_STEP][PASSED] - address1 = findTestData("contactData").getValue("address1", contactNumber): null

2019-08-23 08:17:37 - [TEST_STEP][PASSED] - city = findTestData("contactData").getValue("city", contactNumber): null

2019-08-23 08:17:37 - [TEST_STEP][PASSED] - state = findTestData("contactData").getValue("state", contactNumber): null

2019-08-23 08:17:38 - [TEST_STEP][PASSED] - zip = findTestData("contactData").getValue("zip", contactNumber): null

2019-08-23 08:17:38 - [TEST_STEP][PASSED] - existingCustFName = firstName: null

2019-08-23 08:17:38 - [TEST_STEP][PASSED] - existingCustLName = lastName: null

2019-08-23 08:17:38 - [TEST_STEP][PASSED] - space = " ": null

2019-08-23 08:17:38 - [TEST_STEP][PASSED] - existingCust = $existingCustFName$space$existingCustLName: null

2019-08-23 08:17:38 - [TEST_STEP][PASSED] - setText(findTestObject("Object Repository/Page_cabi Home/input_existing_guest"), existingCust): Text 'guest1-test1 abc' is set on object 'Object Repository/Page_cabi Home/input_existing_guest'

2019-08-23 08:17:38 - [MESSAGE][PASSED] - Text 'guest1-test1 abc' is set on object 'Object Repository/Page_cabi Home/input_existing_guest'

2019-08-23 08:17:38 - [TEST_STEP][PASSED] - delay(2): Delayed 2 second(s)

2019-08-23 08:17:40 - [MESSAGE][PASSED] - Delayed 2 second(s)

2019-08-23 08:17:40 - [TEST_STEP][PASSED] - sendKeys(findTestObject("Object Repository/Page_cabi Home/input_existing_guest"), Keys.chord(ARROW_DOWN)): Keys 'DOWN + ' sent to object: 'Object Repository/Page_cabi Home/input_existing_guest'

2019-08-23 08:17:40 - [MESSAGE][PASSED] - Keys 'DOWN + ' sent to object: 'Object Repository/Page_cabi Home/input_existing_guest'

2019-08-23 08:17:40 - [TEST_STEP][PASSED] - sendKeys(findTestObject("Object Repository/Page_cabi Home/input_existing_guest"), Keys.chord(ENTER)): Keys 'ENTER + ' sent to object: 'Object Repository/Page_cabi Home/input_existing_guest'

2019-08-23 08:17:40 - [MESSAGE][PASSED] - Keys 'ENTER + ' sent to object: 'Object Repository/Page_cabi Home/input_existing_guest'

2019-08-23 08:17:40 - [TEST_STEP][FAILED] - setText(findTestObject("Object Repository/Page_cabi Retail Store/input_email"), email): for ([timeRow = 1, timeRow <= findTestData("timezoneData").getRowNumbers(), (timeRow++)]) FAILED.
Reason:
com.kms.katalon.core.exception.StepFailedException: Unable to set text 'guest1-test1@test.com' of object 'Object Repository/Page_cabi Retail Store/input_email'
	at com.kms.katalon.core.webui.keyword.internal.WebUIKeywordMain.stepFailed(WebUIKeywordMain.groovy:64)
	at com.kms.katalon.core.webui.keyword.internal.WebUIKeywordMain.runKeyword(WebUIKeywordMain.groovy:26)
	at com.kms.katalon.core.webui.keyword.builtin.SetTextKeyword.setText(SetTextKeyword.groovy:66)
	at com.kms.katalon.core.webui.keyword.builtin.SetTextKeyword.execute(SetTextKeyword.groovy:37)
	at com.kms.katalon.core.keyword.internal.KeywordExecutor.executeKeywordForPlatform(KeywordExecutor.groovy:56)
	at com.kms.katalon.core.webui.keyword.WebUiBuiltInKeywords.setText(WebUiBuiltInKeywords.groovy:950)
	at com.kms.katalon.core.webui.keyword.WebUiBuiltInKeywords$setText$1.call(Unknown Source)
	at BORetail.run(BORetail:72)
	at com.kms.katalon.core.main.ScriptEngine.run(ScriptEngine.java:194)
	at com.kms.katalon.core.main.ScriptEngine.runScriptAsRawText(ScriptEngine.java:119)
	at com.kms.katalon.core.main.TestCaseExecutor.runScript(TestCaseExecutor.java:342)
	at com.kms.katalon.core.main.TestCaseExecutor.doExecute(TestCaseExecutor.java:333)
	at com.kms.katalon.core.main.TestCaseExecutor.processExecutionPhase(TestCaseExecutor.java:312)
	at com.kms.katalon.core.main.TestCaseExecutor.accessMainPhase(TestCaseExecutor.java:304)
	at com.kms.katalon.core.main.TestCaseExecutor.execute(TestCaseExecutor.java:238)
	at com.kms.katalon.core.main.TestSuiteExecutor.accessTestCaseMainPhase(TestSuiteExecutor.java:129)
	at com.kms.katalon.core.main.TestSuiteExecutor.accessTestSuiteMainPhase(TestSuiteExecutor.java:112)
	at com.kms.katalon.core.main.TestSuiteExecutor.execute(TestSuiteExecutor.java:81)
	at com.kms.katalon.core.main.TestCaseMain.startTestSuite(TestCaseMain.java:157)
	at com.kms.katalon.core.main.TestCaseMain$startTestSuite$0.call(Unknown Source)
	at TempTestSuite1566527072754.run(TempTestSuite1566527072754.groovy:35)
Caused by: org.openqa.selenium.ElementNotInteractableException: element not interactable
  (Session info: chrome=76.0.3809.100)
Build info: version: '3.7.1', revision: '8a0099a', time: '2017-11-06T21:07:36.161Z'
System info: host: 'NIVEDITA', ip: '192.168.43.31', os.name: 'Windows 8.1', os.arch: 'amd64', os.version: '6.3', java.version: '1.8.0_181'
Driver info: com.kms.katalon.selenium.driver.CChromeDriver
Capabilities {acceptInsecureCerts: false, browserName: chrome, browserVersion: 76.0.3809.100, chrome: {chromedriverVersion: 76.0.3809.68 (420c9498db8ce..., userDataDir: C:\Users\user\AppData\Local...}, goog:chromeOptions: {debuggerAddress: localhost:53762}, javascriptEnabled: true, networkConnectionEnabled: false, pageLoadStrategy: normal, platform: XP, platformName: XP, proxy: Proxy(direct), setWindowRect: true, strictFileInteractability: false, timeouts: {implicit: 0, pageLoad: 300000, script: 30000}, unhandledPromptBehavior: dismiss and notify}
Session ID: 05c52e5f9cc540207ae51d79d4de2987
	at org.openqa.selenium.remote.http.W3CHttpResponseCodec.createException(W3CHttpResponseCodec.java:187)
	at org.openqa.selenium.remote.http.W3CHttpResponseCodec.decode(W3CHttpResponseCodec.java:122)
	at org.openqa.selenium.remote.http.W3CHttpResponseCodec.decode(W3CHttpResponseCodec.java:49)
	at org.openqa.selenium.remote.HttpCommandExecutor.execute(HttpCommandExecutor.java:164)
	at org.openqa.selenium.remote.service.DriverCommandExecutor.execute(DriverCommandExecutor.java:83)
	at org.openqa.selenium.remote.RemoteWebDriver.execute(RemoteWebDriver.java:600)
	at com.kms.katalon.selenium.driver.CChromeDriver.execute(CChromeDriver.java:20)
	at org.openqa.selenium.remote.RemoteWebElement.execute(RemoteWebElement.java:279)
	at org.openqa.selenium.remote.RemoteWebElement.clear(RemoteWebElement.java:118)
	at com.kms.katalon.core.webui.keyword.builtin.SetTextKeyword$_setText_closure1.doCall(SetTextKeyword.groovy:53)
	at com.kms.katalon.core.webui.keyword.builtin.SetTextKeyword$_setText_closure1.call(SetTextKeyword.groovy)
	at com.kms.katalon.core.webui.keyword.internal.WebUIKeywordMain.runKeyword(WebUIKeywordMain.groovy:20)
	at com.kms.katalon.core.webui.keyword.builtin.SetTextKeyword.setText(SetTextKeyword.groovy:66)
	at com.kms.katalon.core.webui.keyword.builtin.SetTextKeyword.execute(SetTextKeyword.groovy:37)
	at com.kms.katalon.core.keyword.internal.KeywordExecutor.executeKeywordForPlatform(KeywordExecutor.groovy:56)
	at com.kms.katalon.core.webui.keyword.WebUiBuiltInKeywords.setText(WebUiBuiltInKeywords.groovy:950)
	at com.kms.katalon.core.webui.keyword.WebUiBuiltInKeywords$setText$1.call(Unknown Source)
	at Script1561622058769.run(Script1561622058769.groovy:72)
	... 13 more


2019-08-23 08:17:41 - [MESSAGE][FAILED] - Unable to set text 'guest1-test1@test.com' of object 'Object Repository/Page_cabi Retail Store/input_email' (Root cause: com.kms.katalon.core.exception.StepFailedException: Unable to set text 'guest1-test1@test.com' of object 'Object Repository/Page_cabi Retail Store/input_email'
	at com.kms.katalon.core.webui.keyword.internal.WebUIKeywordMain.stepFailed(WebUIKeywordMain.groovy:64)
	at com.kms.katalon.core.webui.keyword.internal.WebUIKeywordMain.runKeyword(WebUIKeywordMain.groovy:26)
	at com.kms.katalon.core.webui.keyword.builtin.SetTextKeyword.setText(SetTextKeyword.groovy:66)
	at com.kms.katalon.core.webui.keyword.builtin.SetTextKeyword.execute(SetTextKeyword.groovy:37)
	at com.kms.katalon.core.keyword.internal.KeywordExecutor.executeKeywordForPlatform(KeywordExecutor.groovy:56)
	at com.kms.katalon.core.webui.keyword.WebUiBuiltInKeywords.setText(WebUiBuiltInKeywords.groovy:950)
	at com.kms.katalon.core.webui.keyword.WebUiBuiltInKeywords$setText$1.call(Unknown Source)
	at BORetail.run(BORetail:72)
	at com.kms.katalon.core.main.ScriptEngine.run(ScriptEngine.java:194)
	at com.kms.katalon.core.main.ScriptEngine.runScriptAsRawText(ScriptEngine.java:119)
	at com.kms.katalon.core.main.TestCaseExecutor.runScript(TestCaseExecutor.java:342)
	at com.kms.katalon.core.main.TestCaseExecutor.doExecute(TestCaseExecutor.java:333)
	at com.kms.katalon.core.main.TestCaseExecutor.processExecutionPhase(TestCaseExecutor.java:312)
	at com.kms.katalon.core.main.TestCaseExecutor.accessMainPhase(TestCaseExecutor.java:304)
	at com.kms.katalon.core.main.TestCaseExecutor.execute(TestCaseExecutor.java:238)
	at com.kms.katalon.core.main.TestSuiteExecutor.accessTestCaseMainPhase(TestSuiteExecutor.java:129)
	at com.kms.katalon.core.main.TestSuiteExecutor.accessTestSuiteMainPhase(TestSuiteExecutor.java:112)
	at com.kms.katalon.core.main.TestSuiteExecutor.execute(TestSuiteExecutor.java:81)
	at com.kms.katalon.core.main.TestCaseMain.startTestSuite(TestCaseMain.java:157)
	at com.kms.katalon.core.main.TestCaseMain$startTestSuite$0.call(Unknown Source)
	at TempTestSuite1566527072754.run(TempTestSuite1566527072754.groovy:35)
Caused by: org.openqa.selenium.ElementNotInteractableException: element not interactable
  (Session info: chrome=76.0.3809.100)
Build info: version: '3.7.1', revision: '8a0099a', time: '2017-11-06T21:07:36.161Z'
System info: host: 'NIVEDITA', ip: '192.168.43.31', os.name: 'Windows 8.1', os.arch: 'amd64', os.version: '6.3', java.version: '1.8.0_181'
Driver info: com.kms.katalon.selenium.driver.CChromeDriver
Capabilities {acceptInsecureCerts: false, browserName: chrome, browserVersion: 76.0.3809.100, chrome: {chromedriverVersion: 76.0.3809.68 (420c9498db8ce..., userDataDir: C:\Users\user\AppData\Local...}, goog:chromeOptions: {debuggerAddress: localhost:53762}, javascriptEnabled: true, networkConnectionEnabled: false, pageLoadStrategy: normal, platform: XP, platformName: XP, proxy: Proxy(direct), setWindowRect: true, strictFileInteractability: false, timeouts: {implicit: 0, pageLoad: 300000, script: 30000}, unhandledPromptBehavior: dismiss and notify}
Session ID: 05c52e5f9cc540207ae51d79d4de2987
	at org.openqa.selenium.remote.http.W3CHttpResponseCodec.createException(W3CHttpResponseCodec.java:187)
	at org.openqa.selenium.remote.http.W3CHttpResponseCodec.decode(W3CHttpResponseCodec.java:122)
	at org.openqa.selenium.remote.http.W3CHttpResponseCodec.decode(W3CHttpResponseCodec.java:49)
	at org.openqa.selenium.remote.HttpCommandExecutor.execute(HttpCommandExecutor.java:164)
	at org.openqa.selenium.remote.service.DriverCommandExecutor.execute(DriverCommandExecutor.java:83)
	at org.openqa.selenium.remote.RemoteWebDriver.execute(RemoteWebDriver.java:600)
	at com.kms.katalon.selenium.driver.CChromeDriver.execute(CChromeDriver.java:20)
	at org.openqa.selenium.remote.RemoteWebElement.execute(RemoteWebElement.java:279)
	at org.openqa.selenium.remote.RemoteWebElement.clear(RemoteWebElement.java:118)
	at com.kms.katalon.core.webui.keyword.builtin.SetTextKeyword$_setText_closure1.doCall(SetTextKeyword.groovy:53)
	at com.kms.katalon.core.webui.keyword.builtin.SetTextKeyword$_setText_closure1.call(SetTextKeyword.groovy)
	at com.kms.katalon.core.webui.keyword.internal.WebUIKeywordMain.runKeyword(WebUIKeywordMain.groovy:20)
	at com.kms.katalon.core.webui.keyword.builtin.SetTextKeyword.setText(SetTextKeyword.groovy:66)
	at com.kms.katalon.core.webui.keyword.builtin.SetTextKeyword.execute(SetTextKeyword.groovy:37)
	at com.kms.katalon.core.keyword.internal.KeywordExecutor.executeKeywordForPlatform(KeywordExecutor.groovy:56)
	at com.kms.katalon.core.webui.keyword.WebUiBuiltInKeywords.setText(WebUiBuiltInKeywords.groovy:950)
	at com.kms.katalon.core.webui.keyword.WebUiBuiltInKeywords$setText$1.call(Unknown Source)
	at Script1561622058769.run(Script1561622058769.groovy:72)
	... 13 more
)
[[ATTACHMENT|C:\\Users\\user\\Documents\\testautomation\\KatalonProjects\\Reports\\NewArrivalsSuites\\NewArrivalsSuite\\20190823_075432\\1566528460715.png]]

2019-08-23 08:17:41 - [MESSAGE][FAILED] - for ([timeRow = 1, timeRow <= findTestData("timezoneData").getRowNumbers(), (timeRow++)]) FAILED.
Reason:
com.kms.katalon.core.exception.StepFailedException: Unable to set text 'guest1-test1@test.com' of object 'Object Repository/Page_cabi Retail Store/input_email'
	at com.kms.katalon.core.webui.keyword.internal.WebUIKeywordMain.stepFailed(WebUIKeywordMain.groovy:64)
	at com.kms.katalon.core.webui.keyword.internal.WebUIKeywordMain.runKeyword(WebUIKeywordMain.groovy:26)
	at com.kms.katalon.core.webui.keyword.builtin.SetTextKeyword.setText(SetTextKeyword.groovy:66)
	at com.kms.katalon.core.webui.keyword.builtin.SetTextKeyword.execute(SetTextKeyword.groovy:37)
	at com.kms.katalon.core.keyword.internal.KeywordExecutor.executeKeywordForPlatform(KeywordExecutor.groovy:56)
	at com.kms.katalon.core.webui.keyword.WebUiBuiltInKeywords.setText(WebUiBuiltInKeywords.groovy:950)
	at com.kms.katalon.core.webui.keyword.WebUiBuiltInKeywords$setText$1.call(Unknown Source)
	at BORetail.run(BORetail:72)
	at com.kms.katalon.core.main.ScriptEngine.run(ScriptEngine.java:194)
	at com.kms.katalon.core.main.ScriptEngine.runScriptAsRawText(ScriptEngine.java:119)
	at com.kms.katalon.core.main.TestCaseExecutor.runScript(TestCaseExecutor.java:342)
	at com.kms.katalon.core.main.TestCaseExecutor.doExecute(TestCaseExecutor.java:333)
	at com.kms.katalon.core.main.TestCaseExecutor.processExecutionPhase(TestCaseExecutor.java:312)
	at com.kms.katalon.core.main.TestCaseExecutor.accessMainPhase(TestCaseExecutor.java:304)
	at com.kms.katalon.core.main.TestCaseExecutor.execute(TestCaseExecutor.java:238)
	at com.kms.katalon.core.main.TestSuiteExecutor.accessTestCaseMainPhase(TestSuiteExecutor.java:129)
	at com.kms.katalon.core.main.TestSuiteExecutor.accessTestSuiteMainPhase(TestSuiteExecutor.java:112)
	at com.kms.katalon.core.main.TestSuiteExecutor.execute(TestSuiteExecutor.java:81)
	at com.kms.katalon.core.main.TestCaseMain.startTestSuite(TestCaseMain.java:157)
	at com.kms.katalon.core.main.TestCaseMain$startTestSuite$0.call(Unknown Source)
	at TempTestSuite1566527072754.run(TempTestSuite1566527072754.groovy:35)
Caused by: org.openqa.selenium.ElementNotInteractableException: element not interactable
  (Session info: chrome=76.0.3809.100)
Build info: version: '3.7.1', revision: '8a0099a', time: '2017-11-06T21:07:36.161Z'
System info: host: 'NIVEDITA', ip: '192.168.43.31', os.name: 'Windows 8.1', os.arch: 'amd64', os.version: '6.3', java.version: '1.8.0_181'
Driver info: com.kms.katalon.selenium.driver.CChromeDriver
Capabilities {acceptInsecureCerts: false, browserName: chrome, browserVersion: 76.0.3809.100, chrome: {chromedriverVersion: 76.0.3809.68 (420c9498db8ce..., userDataDir: C:\Users\user\AppData\Local...}, goog:chromeOptions: {debuggerAddress: localhost:53762}, javascriptEnabled: true, networkConnectionEnabled: false, pageLoadStrategy: normal, platform: XP, platformName: XP, proxy: Proxy(direct), setWindowRect: true, strictFileInteractability: false, timeouts: {implicit: 0, pageLoad: 300000, script: 30000}, unhandledPromptBehavior: dismiss and notify}
Session ID: 05c52e5f9cc540207ae51d79d4de2987
	at org.openqa.selenium.remote.http.W3CHttpResponseCodec.createException(W3CHttpResponseCodec.java:187)
	at org.openqa.selenium.remote.http.W3CHttpResponseCodec.decode(W3CHttpResponseCodec.java:122)
	at org.openqa.selenium.remote.http.W3CHttpResponseCodec.decode(W3CHttpResponseCodec.java:49)
	at org.openqa.selenium.remote.HttpCommandExecutor.execute(HttpCommandExecutor.java:164)
	at org.openqa.selenium.remote.service.DriverCommandExecutor.execute(DriverCommandExecutor.java:83)
	at org.openqa.selenium.remote.RemoteWebDriver.execute(RemoteWebDriver.java:600)
	at com.kms.katalon.selenium.driver.CChromeDriver.execute(CChromeDriver.java:20)
	at org.openqa.selenium.remote.RemoteWebElement.execute(RemoteWebElement.java:279)
	at org.openqa.selenium.remote.RemoteWebElement.clear(RemoteWebElement.java:118)
	at com.kms.katalon.core.webui.keyword.builtin.SetTextKeyword$_setText_closure1.doCall(SetTextKeyword.groovy:53)
	at com.kms.katalon.core.webui.keyword.builtin.SetTextKeyword$_setText_closure1.call(SetTextKeyword.groovy)
	at com.kms.katalon.core.webui.keyword.internal.WebUIKeywordMain.runKeyword(WebUIKeywordMain.groovy:20)
	at com.kms.katalon.core.webui.keyword.builtin.SetTextKeyword.setText(SetTextKeyword.groovy:66)
	at com.kms.katalon.core.webui.keyword.builtin.SetTextKeyword.execute(SetTextKeyword.groovy:37)
	at com.kms.katalon.core.keyword.internal.KeywordExecutor.executeKeywordForPlatform(KeywordExecutor.groovy:56)
	at com.kms.katalon.core.webui.keyword.WebUiBuiltInKeywords.setText(WebUiBuiltInKeywords.groovy:950)
	at com.kms.katalon.core.webui.keyword.WebUiBuiltInKeywords$setText$1.call(Unknown Source)
	at Script1561622058769.run(Script1561622058769.groovy:72)
	... 13 more]]></system-out>
         <system-err><![CDATA[2019-08-23 08:16:39 - [TEST_CASE][FAILED] - Test Cases/NewArrival/BORetail: Test Cases/NewArrival/BORetail FAILED.
Reason:
com.kms.katalon.core.exception.StepFailedException: Unable to set text 'guest1-test1@test.com' of object 'Object Repository/Page_cabi Retail Store/input_email'
	at com.kms.katalon.core.webui.keyword.internal.WebUIKeywordMain.stepFailed(WebUIKeywordMain.groovy:64)
	at com.kms.katalon.core.webui.keyword.internal.WebUIKeywordMain.runKeyword(WebUIKeywordMain.groovy:26)
	at com.kms.katalon.core.webui.keyword.builtin.SetTextKeyword.setText(SetTextKeyword.groovy:66)
	at com.kms.katalon.core.webui.keyword.builtin.SetTextKeyword.execute(SetTextKeyword.groovy:37)
	at com.kms.katalon.core.keyword.internal.KeywordExecutor.executeKeywordForPlatform(KeywordExecutor.groovy:56)
	at com.kms.katalon.core.webui.keyword.WebUiBuiltInKeywords.setText(WebUiBuiltInKeywords.groovy:950)
	at com.kms.katalon.core.webui.keyword.WebUiBuiltInKeywords$setText$1.call(Unknown Source)
	at BORetail.run(BORetail:72)
	at com.kms.katalon.core.main.ScriptEngine.run(ScriptEngine.java:194)
	at com.kms.katalon.core.main.ScriptEngine.runScriptAsRawText(ScriptEngine.java:119)
	at com.kms.katalon.core.main.TestCaseExecutor.runScript(TestCaseExecutor.java:342)
	at com.kms.katalon.core.main.TestCaseExecutor.doExecute(TestCaseExecutor.java:333)
	at com.kms.katalon.core.main.TestCaseExecutor.processExecutionPhase(TestCaseExecutor.java:312)
	at com.kms.katalon.core.main.TestCaseExecutor.accessMainPhase(TestCaseExecutor.java:304)
	at com.kms.katalon.core.main.TestCaseExecutor.execute(TestCaseExecutor.java:238)
	at com.kms.katalon.core.main.TestSuiteExecutor.accessTestCaseMainPhase(TestSuiteExecutor.java:129)
	at com.kms.katalon.core.main.TestSuiteExecutor.accessTestSuiteMainPhase(TestSuiteExecutor.java:112)
	at com.kms.katalon.core.main.TestSuiteExecutor.execute(TestSuiteExecutor.java:81)
	at com.kms.katalon.core.main.TestCaseMain.startTestSuite(TestCaseMain.java:157)
	at com.kms.katalon.core.main.TestCaseMain$startTestSuite$0.call(Unknown Source)
	at TempTestSuite1566527072754.run(TempTestSuite1566527072754.groovy:35)
Caused by: org.openqa.selenium.ElementNotInteractableException: element not interactable
  (Session info: chrome=76.0.3809.100)
Build info: version: '3.7.1', revision: '8a0099a', time: '2017-11-06T21:07:36.161Z'
System info: host: 'NIVEDITA', ip: '192.168.43.31', os.name: 'Windows 8.1', os.arch: 'amd64', os.version: '6.3', java.version: '1.8.0_181'
Driver info: com.kms.katalon.selenium.driver.CChromeDriver
Capabilities {acceptInsecureCerts: false, browserName: chrome, browserVersion: 76.0.3809.100, chrome: {chromedriverVersion: 76.0.3809.68 (420c9498db8ce..., userDataDir: C:\Users\user\AppData\Local...}, goog:chromeOptions: {debuggerAddress: localhost:53762}, javascriptEnabled: true, networkConnectionEnabled: false, pageLoadStrategy: normal, platform: XP, platformName: XP, proxy: Proxy(direct), setWindowRect: true, strictFileInteractability: false, timeouts: {implicit: 0, pageLoad: 300000, script: 30000}, unhandledPromptBehavior: dismiss and notify}
Session ID: 05c52e5f9cc540207ae51d79d4de2987
	at org.openqa.selenium.remote.http.W3CHttpResponseCodec.createException(W3CHttpResponseCodec.java:187)
	at org.openqa.selenium.remote.http.W3CHttpResponseCodec.decode(W3CHttpResponseCodec.java:122)
	at org.openqa.selenium.remote.http.W3CHttpResponseCodec.decode(W3CHttpResponseCodec.java:49)
	at org.openqa.selenium.remote.HttpCommandExecutor.execute(HttpCommandExecutor.java:164)
	at org.openqa.selenium.remote.service.DriverCommandExecutor.execute(DriverCommandExecutor.java:83)
	at org.openqa.selenium.remote.RemoteWebDriver.execute(RemoteWebDriver.java:600)
	at com.kms.katalon.selenium.driver.CChromeDriver.execute(CChromeDriver.java:20)
	at org.openqa.selenium.remote.RemoteWebElement.execute(RemoteWebElement.java:279)
	at org.openqa.selenium.remote.RemoteWebElement.clear(RemoteWebElement.java:118)
	at com.kms.katalon.core.webui.keyword.builtin.SetTextKeyword$_setText_closure1.doCall(SetTextKeyword.groovy:53)
	at com.kms.katalon.core.webui.keyword.builtin.SetTextKeyword$_setText_closure1.call(SetTextKeyword.groovy)
	at com.kms.katalon.core.webui.keyword.internal.WebUIKeywordMain.runKeyword(WebUIKeywordMain.groovy:20)
	at com.kms.katalon.core.webui.keyword.builtin.SetTextKeyword.setText(SetTextKeyword.groovy:66)
	at com.kms.katalon.core.webui.keyword.builtin.SetTextKeyword.execute(SetTextKeyword.groovy:37)
	at com.kms.katalon.core.keyword.internal.KeywordExecutor.executeKeywordForPlatform(KeywordExecutor.groovy:56)
	at com.kms.katalon.core.webui.keyword.WebUiBuiltInKeywords.setText(WebUiBuiltInKeywords.groovy:950)
	at com.kms.katalon.core.webui.keyword.WebUiBuiltInKeywords$setText$1.call(Unknown Source)
	at Script1561622058769.run(Script1561622058769.groovy:72)
	... 13 more]]></system-err>
      </testcase>
      <testcase name="Test Cases/NewArrival/BOShowOrder" classname="Test Cases/NewArrival/BOShowOrder" status="FAILED">
         <failure type="FAILED" message="Test Cases/NewArrival/BOShowOrder FAILED.
Reason:
com.kms.katalon.core.exception.StepFailedException: Call Test Case 'Test Cases/NewArrival/productVerifyShort' failed
	at com.kms.katalon.core.keyword.builtin.CallTestCaseKeyword$_callTestCase_closure1.doCall(CallTestCaseKeyword.groovy:63)
	at com.kms.katalon.core.keyword.builtin.CallTestCaseKeyword$_callTestCase_closure1.call(CallTestCaseKeyword.groovy)
	at com.kms.katalon.core.keyword.internal.KeywordMain.runKeyword(KeywordMain.groovy:66)
	at com.kms.katalon.core.keyword.builtin.CallTestCaseKeyword.callTestCase(CallTestCaseKeyword.groovy:81)
	at com.kms.katalon.core.keyword.builtin.CallTestCaseKeyword.execute(CallTestCaseKeyword.groovy:44)
	at com.kms.katalon.core.keyword.internal.KeywordExecutor.executeKeywordForPlatform(KeywordExecutor.groovy:56)
	at com.kms.katalon.core.keyword.BuiltinKeywords.callTestCase(BuiltinKeywords.groovy:334)
	at BOShowOrder.run(BOShowOrder:40)
	at com.kms.katalon.core.main.ScriptEngine.run(ScriptEngine.java:194)
	at com.kms.katalon.core.main.ScriptEngine.runScriptAsRawText(ScriptEngine.java:119)
	at com.kms.katalon.core.main.TestCaseExecutor.runScript(TestCaseExecutor.java:342)
	at com.kms.katalon.core.main.TestCaseExecutor.doExecute(TestCaseExecutor.java:333)
	at com.kms.katalon.core.main.TestCaseExecutor.processExecutionPhase(TestCaseExecutor.java:312)
	at com.kms.katalon.core.main.TestCaseExecutor.accessMainPhase(TestCaseExecutor.java:304)
	at com.kms.katalon.core.main.TestCaseExecutor.execute(TestCaseExecutor.java:238)
	at com.kms.katalon.core.main.TestSuiteExecutor.accessTestCaseMainPhase(TestSuiteExecutor.java:129)
	at com.kms.katalon.core.main.TestSuiteExecutor.accessTestSuiteMainPhase(TestSuiteExecutor.java:112)
	at com.kms.katalon.core.main.TestSuiteExecutor.execute(TestSuiteExecutor.java:81)
	at com.kms.katalon.core.main.TestCaseMain.startTestSuite(TestCaseMain.java:157)
	at com.kms.katalon.core.main.TestCaseMain$startTestSuite$0.call(Unknown Source)
	at TempTestSuite1566527072754.run(TempTestSuite1566527072754.groovy:35)
Caused by: com.kms.katalon.core.exception.StepFailedException: Unable to verify match between actual text '119' and expected text '149' using regular expression (Root cause: com.kms.katalon.core.exception.StepFailedException: Actual text '119' and expected text '149' are not matched using regular expression
	at com.kms.katalon.core.keyword.builtin.VerifyMatchKeyword$_verifyMatch_closure1.doCall(VerifyMatchKeyword.groovy:57)
	at com.kms.katalon.core.keyword.builtin.VerifyMatchKeyword$_verifyMatch_closure1.call(VerifyMatchKeyword.groovy)
	at com.kms.katalon.core.keyword.internal.KeywordMain.runKeyword(KeywordMain.groovy:66)
	at com.kms.katalon.core.keyword.builtin.VerifyMatchKeyword.verifyMatch(VerifyMatchKeyword.groovy:60)
	at com.kms.katalon.core.keyword.builtin.VerifyMatchKeyword.execute(VerifyMatchKeyword.groovy:45)
	at com.kms.katalon.core.keyword.internal.KeywordExecutor.executeKeywordForPlatform(KeywordExecutor.groovy:56)
	at com.kms.katalon.core.keyword.BuiltinKeywords.verifyMatch(BuiltinKeywords.groovy:55)
	at productVerifyShort.run(productVerifyShort:96)
	at com.kms.katalon.core.main.ScriptEngine.run(ScriptEngine.java:194)
	at com.kms.katalon.core.main.ScriptEngine.runScriptAsRawText(ScriptEngine.java:119)
	at com.kms.katalon.core.main.TestCaseExecutor.runScript(TestCaseExecutor.java:342)
	at com.kms.katalon.core.main.TestCaseExecutor.doExecute(TestCaseExecutor.java:333)
	at com.kms.katalon.core.main.TestCaseExecutor.processExecutionPhase(TestCaseExecutor.java:312)
	at com.kms.katalon.core.main.TestCaseExecutor.accessMainPhase(TestCaseExecutor.java:304)
	at com.kms.katalon.core.main.TestCaseExecutor.execute(TestCaseExecutor.java:238)
	at com.kms.katalon.core.main.TestCaseMain.runTestCase(TestCaseMain.java:114)
	at com.kms.katalon.core.keyword.builtin.CallTestCaseKeyword$_callTestCase_closure1.doCall(CallTestCaseKeyword.groovy:59)
	at com.kms.katalon.core.keyword.builtin.CallTestCaseKeyword$_callTestCase_closure1.call(CallTestCaseKeyword.groovy)
	at com.kms.katalon.core.keyword.internal.KeywordMain.runKeyword(KeywordMain.groovy:66)
	at com.kms.katalon.core.keyword.builtin.CallTestCaseKeyword.callTestCase(CallTestCaseKeyword.groovy:81)
	at com.kms.katalon.core.keyword.builtin.CallTestCaseKeyword.execute(CallTestCaseKeyword.groovy:44)
	at com.kms.katalon.core.keyword.internal.KeywordExecutor.executeKeywordForPlatform(KeywordExecutor.groovy:56)
	at com.kms.katalon.core.keyword.BuiltinKeywords.callTestCase(BuiltinKeywords.groovy:334)
	at BOShowOrder.run(BOShowOrder:40)
	at com.kms.katalon.core.main.ScriptEngine.run(ScriptEngine.java:194)
	at com.kms.katalon.core.main.ScriptEngine.runScriptAsRawText(ScriptEngine.java:119)
	at com.kms.katalon.core.main.TestCaseExecutor.runScript(TestCaseExecutor.java:342)
	at com.kms.katalon.core.main.TestCaseExecutor.doExecute(TestCaseExecutor.java:333)
	at com.kms.katalon.core.main.TestCaseExecutor.processExecutionPhase(TestCaseExecutor.java:312)
	at com.kms.katalon.core.main.TestCaseExecutor.accessMainPhase(TestCaseExecutor.java:304)
	at com.kms.katalon.core.main.TestCaseExecutor.execute(TestCaseExecutor.java:238)
	at com.kms.katalon.core.main.TestSuiteExecutor.accessTestCaseMainPhase(TestSuiteExecutor.java:129)
	at com.kms.katalon.core.main.TestSuiteExecutor.accessTestSuiteMainPhase(TestSuiteExecutor.java:112)
	at com.kms.katalon.core.main.TestSuiteExecutor.execute(TestSuiteExecutor.java:81)
	at com.kms.katalon.core.main.TestCaseMain.startTestSuite(TestCaseMain.java:157)
	at com.kms.katalon.core.main.TestCaseMain$startTestSuite$0.call(Unknown Source)
	at TempTestSuite1566527072754.run(TempTestSuite1566527072754.groovy:35)
)
	at com.kms.katalon.core.keyword.internal.KeywordMain.stepFailed(KeywordMain.groovy:37)
	at com.kms.katalon.core.keyword.internal.KeywordMain.stepFailed(KeywordMain.groovy)
	at com.kms.katalon.core.keyword.internal.KeywordMain.runKeyword(KeywordMain.groovy:68)
	at com.kms.katalon.core.keyword.builtin.VerifyMatchKeyword.verifyMatch(VerifyMatchKeyword.groovy:60)
	at com.kms.katalon.core.keyword.builtin.VerifyMatchKeyword.execute(VerifyMatchKeyword.groovy:45)
	at com.kms.katalon.core.keyword.internal.KeywordExecutor.executeKeywordForPlatform(KeywordExecutor.groovy:56)
	at com.kms.katalon.core.keyword.BuiltinKeywords.verifyMatch(BuiltinKeywords.groovy:55)
	at productVerifyShort.run(productVerifyShort:96)
	at com.kms.katalon.core.main.ScriptEngine.run(ScriptEngine.java:194)
	at com.kms.katalon.core.main.ScriptEngine.runScriptAsRawText(ScriptEngine.java:119)
	at com.kms.katalon.core.main.TestCaseExecutor.runScript(TestCaseExecutor.java:342)
	at com.kms.katalon.core.main.TestCaseExecutor.doExecute(TestCaseExecutor.java:333)
	at com.kms.katalon.core.main.TestCaseExecutor.processExecutionPhase(TestCaseExecutor.java:312)
	at com.kms.katalon.core.main.TestCaseExecutor.accessMainPhase(TestCaseExecutor.java:304)
	at com.kms.katalon.core.main.TestCaseExecutor.execute(TestCaseExecutor.java:238)
	at com.kms.katalon.core.main.TestCaseMain.runTestCase(TestCaseMain.java:114)
	at com.kms.katalon.core.keyword.builtin.CallTestCaseKeyword$_callTestCase_closure1.doCall(CallTestCaseKeyword.groovy:59)
	... 20 more
Caused by: com.kms.katalon.core.exception.StepFailedException: Actual text '119' and expected text '149' are not matched using regular expression
	at com.kms.katalon.core.keyword.builtin.VerifyMatchKeyword$_verifyMatch_closure1.doCall(VerifyMatchKeyword.groovy:57)
	at com.kms.katalon.core.keyword.builtin.VerifyMatchKeyword$_verifyMatch_closure1.call(VerifyMatchKeyword.groovy)
	at com.kms.katalon.core.keyword.internal.KeywordMain.runKeyword(KeywordMain.groovy:66)
	... 34 more
"/>
         <system-out><![CDATA[2019-08-23 08:17:41 - [TEST_CASE][FAILED] - Test Cases/NewArrival/BOShowOrder: Test Cases/NewArrival/BOShowOrder FAILED.
Reason:
com.kms.katalon.core.exception.StepFailedException: Call Test Case 'Test Cases/NewArrival/productVerifyShort' failed
	at com.kms.katalon.core.keyword.builtin.CallTestCaseKeyword$_callTestCase_closure1.doCall(CallTestCaseKeyword.groovy:63)
	at com.kms.katalon.core.keyword.builtin.CallTestCaseKeyword$_callTestCase_closure1.call(CallTestCaseKeyword.groovy)
	at com.kms.katalon.core.keyword.internal.KeywordMain.runKeyword(KeywordMain.groovy:66)
	at com.kms.katalon.core.keyword.builtin.CallTestCaseKeyword.callTestCase(CallTestCaseKeyword.groovy:81)
	at com.kms.katalon.core.keyword.builtin.CallTestCaseKeyword.execute(CallTestCaseKeyword.groovy:44)
	at com.kms.katalon.core.keyword.internal.KeywordExecutor.executeKeywordForPlatform(KeywordExecutor.groovy:56)
	at com.kms.katalon.core.keyword.BuiltinKeywords.callTestCase(BuiltinKeywords.groovy:334)
	at BOShowOrder.run(BOShowOrder:40)
	at com.kms.katalon.core.main.ScriptEngine.run(ScriptEngine.java:194)
	at com.kms.katalon.core.main.ScriptEngine.runScriptAsRawText(ScriptEngine.java:119)
	at com.kms.katalon.core.main.TestCaseExecutor.runScript(TestCaseExecutor.java:342)
	at com.kms.katalon.core.main.TestCaseExecutor.doExecute(TestCaseExecutor.java:333)
	at com.kms.katalon.core.main.TestCaseExecutor.processExecutionPhase(TestCaseExecutor.java:312)
	at com.kms.katalon.core.main.TestCaseExecutor.accessMainPhase(TestCaseExecutor.java:304)
	at com.kms.katalon.core.main.TestCaseExecutor.execute(TestCaseExecutor.java:238)
	at com.kms.katalon.core.main.TestSuiteExecutor.accessTestCaseMainPhase(TestSuiteExecutor.java:129)
	at com.kms.katalon.core.main.TestSuiteExecutor.accessTestSuiteMainPhase(TestSuiteExecutor.java:112)
	at com.kms.katalon.core.main.TestSuiteExecutor.execute(TestSuiteExecutor.java:81)
	at com.kms.katalon.core.main.TestCaseMain.startTestSuite(TestCaseMain.java:157)
	at com.kms.katalon.core.main.TestCaseMain$startTestSuite$0.call(Unknown Source)
	at TempTestSuite1566527072754.run(TempTestSuite1566527072754.groovy:35)
Caused by: com.kms.katalon.core.exception.StepFailedException: Unable to verify match between actual text '119' and expected text '149' using regular expression (Root cause: com.kms.katalon.core.exception.StepFailedException: Actual text '119' and expected text '149' are not matched using regular expression
	at com.kms.katalon.core.keyword.builtin.VerifyMatchKeyword$_verifyMatch_closure1.doCall(VerifyMatchKeyword.groovy:57)
	at com.kms.katalon.core.keyword.builtin.VerifyMatchKeyword$_verifyMatch_closure1.call(VerifyMatchKeyword.groovy)
	at com.kms.katalon.core.keyword.internal.KeywordMain.runKeyword(KeywordMain.groovy:66)
	at com.kms.katalon.core.keyword.builtin.VerifyMatchKeyword.verifyMatch(VerifyMatchKeyword.groovy:60)
	at com.kms.katalon.core.keyword.builtin.VerifyMatchKeyword.execute(VerifyMatchKeyword.groovy:45)
	at com.kms.katalon.core.keyword.internal.KeywordExecutor.executeKeywordForPlatform(KeywordExecutor.groovy:56)
	at com.kms.katalon.core.keyword.BuiltinKeywords.verifyMatch(BuiltinKeywords.groovy:55)
	at productVerifyShort.run(productVerifyShort:96)
	at com.kms.katalon.core.main.ScriptEngine.run(ScriptEngine.java:194)
	at com.kms.katalon.core.main.ScriptEngine.runScriptAsRawText(ScriptEngine.java:119)
	at com.kms.katalon.core.main.TestCaseExecutor.runScript(TestCaseExecutor.java:342)
	at com.kms.katalon.core.main.TestCaseExecutor.doExecute(TestCaseExecutor.java:333)
	at com.kms.katalon.core.main.TestCaseExecutor.processExecutionPhase(TestCaseExecutor.java:312)
	at com.kms.katalon.core.main.TestCaseExecutor.accessMainPhase(TestCaseExecutor.java:304)
	at com.kms.katalon.core.main.TestCaseExecutor.execute(TestCaseExecutor.java:238)
	at com.kms.katalon.core.main.TestCaseMain.runTestCase(TestCaseMain.java:114)
	at com.kms.katalon.core.keyword.builtin.CallTestCaseKeyword$_callTestCase_closure1.doCall(CallTestCaseKeyword.groovy:59)
	at com.kms.katalon.core.keyword.builtin.CallTestCaseKeyword$_callTestCase_closure1.call(CallTestCaseKeyword.groovy)
	at com.kms.katalon.core.keyword.internal.KeywordMain.runKeyword(KeywordMain.groovy:66)
	at com.kms.katalon.core.keyword.builtin.CallTestCaseKeyword.callTestCase(CallTestCaseKeyword.groovy:81)
	at com.kms.katalon.core.keyword.builtin.CallTestCaseKeyword.execute(CallTestCaseKeyword.groovy:44)
	at com.kms.katalon.core.keyword.internal.KeywordExecutor.executeKeywordForPlatform(KeywordExecutor.groovy:56)
	at com.kms.katalon.core.keyword.BuiltinKeywords.callTestCase(BuiltinKeywords.groovy:334)
	at BOShowOrder.run(BOShowOrder:40)
	at com.kms.katalon.core.main.ScriptEngine.run(ScriptEngine.java:194)
	at com.kms.katalon.core.main.ScriptEngine.runScriptAsRawText(ScriptEngine.java:119)
	at com.kms.katalon.core.main.TestCaseExecutor.runScript(TestCaseExecutor.java:342)
	at com.kms.katalon.core.main.TestCaseExecutor.doExecute(TestCaseExecutor.java:333)
	at com.kms.katalon.core.main.TestCaseExecutor.processExecutionPhase(TestCaseExecutor.java:312)
	at com.kms.katalon.core.main.TestCaseExecutor.accessMainPhase(TestCaseExecutor.java:304)
	at com.kms.katalon.core.main.TestCaseExecutor.execute(TestCaseExecutor.java:238)
	at com.kms.katalon.core.main.TestSuiteExecutor.accessTestCaseMainPhase(TestSuiteExecutor.java:129)
	at com.kms.katalon.core.main.TestSuiteExecutor.accessTestSuiteMainPhase(TestSuiteExecutor.java:112)
	at com.kms.katalon.core.main.TestSuiteExecutor.execute(TestSuiteExecutor.java:81)
	at com.kms.katalon.core.main.TestCaseMain.startTestSuite(TestCaseMain.java:157)
	at com.kms.katalon.core.main.TestCaseMain$startTestSuite$0.call(Unknown Source)
	at TempTestSuite1566527072754.run(TempTestSuite1566527072754.groovy:35)
)
	at com.kms.katalon.core.keyword.internal.KeywordMain.stepFailed(KeywordMain.groovy:37)
	at com.kms.katalon.core.keyword.internal.KeywordMain.stepFailed(KeywordMain.groovy)
	at com.kms.katalon.core.keyword.internal.KeywordMain.runKeyword(KeywordMain.groovy:68)
	at com.kms.katalon.core.keyword.builtin.VerifyMatchKeyword.verifyMatch(VerifyMatchKeyword.groovy:60)
	at com.kms.katalon.core.keyword.builtin.VerifyMatchKeyword.execute(VerifyMatchKeyword.groovy:45)
	at com.kms.katalon.core.keyword.internal.KeywordExecutor.executeKeywordForPlatform(KeywordExecutor.groovy:56)
	at com.kms.katalon.core.keyword.BuiltinKeywords.verifyMatch(BuiltinKeywords.groovy:55)
	at productVerifyShort.run(productVerifyShort:96)
	at com.kms.katalon.core.main.ScriptEngine.run(ScriptEngine.java:194)
	at com.kms.katalon.core.main.ScriptEngine.runScriptAsRawText(ScriptEngine.java:119)
	at com.kms.katalon.core.main.TestCaseExecutor.runScript(TestCaseExecutor.java:342)
	at com.kms.katalon.core.main.TestCaseExecutor.doExecute(TestCaseExecutor.java:333)
	at com.kms.katalon.core.main.TestCaseExecutor.processExecutionPhase(TestCaseExecutor.java:312)
	at com.kms.katalon.core.main.TestCaseExecutor.accessMainPhase(TestCaseExecutor.java:304)
	at com.kms.katalon.core.main.TestCaseExecutor.execute(TestCaseExecutor.java:238)
	at com.kms.katalon.core.main.TestCaseMain.runTestCase(TestCaseMain.java:114)
	at com.kms.katalon.core.keyword.builtin.CallTestCaseKeyword$_callTestCase_closure1.doCall(CallTestCaseKeyword.groovy:59)
	... 20 more
Caused by: com.kms.katalon.core.exception.StepFailedException: Actual text '119' and expected text '149' are not matched using regular expression
	at com.kms.katalon.core.keyword.builtin.VerifyMatchKeyword$_verifyMatch_closure1.doCall(VerifyMatchKeyword.groovy:57)
	at com.kms.katalon.core.keyword.builtin.VerifyMatchKeyword$_verifyMatch_closure1.call(VerifyMatchKeyword.groovy)
	at com.kms.katalon.core.keyword.internal.KeywordMain.runKeyword(KeywordMain.groovy:66)
	... 34 more


2019-08-23 08:17:41 - [TEST_STEP][PASSED] - Start listener action : sampleBeforeTestCase: null

2019-08-23 08:17:41 - [TEST_STEP][PASSED] - println(testCaseContext.getTestCaseId()): null

2019-08-23 08:17:41 - [TEST_STEP][PASSED] - println(testCaseContext.getTestCaseVariables()): null

2019-08-23 08:17:41 - [TEST_STEP][PASSED] - openBrowser(""): Browser is opened with url: ''

2019-08-23 08:17:41 - [MESSAGE][WARNING] - A browser is already opened. Closing browser and opening a new one

2019-08-23 08:17:42 - [MESSAGE][INFO] - Starting 'Chrome' driver

2019-08-23 08:17:42 - [MESSAGE][INFO] - User set preference: ['args', '[--use-fake-ui-for-media-stream, --start-maximized]']

2019-08-23 08:17:44 - [MESSAGE][PASSED] - Browser is opened with url: ''

2019-08-23 08:17:44 - [TEST_STEP][FAILED] - for ([timeRow = 1, timeRow <= findTestData("timezoneData").getRowNumbers(), (timeRow++)]): for ([timeRow = 1, timeRow <= findTestData("timezoneData").getRowNumbers(), (timeRow++)]) FAILED.
Reason:
com.kms.katalon.core.exception.StepFailedException: Call Test Case 'Test Cases/NewArrival/productVerifyShort' failed
	at com.kms.katalon.core.keyword.builtin.CallTestCaseKeyword$_callTestCase_closure1.doCall(CallTestCaseKeyword.groovy:63)
	at com.kms.katalon.core.keyword.builtin.CallTestCaseKeyword$_callTestCase_closure1.call(CallTestCaseKeyword.groovy)
	at com.kms.katalon.core.keyword.internal.KeywordMain.runKeyword(KeywordMain.groovy:66)
	at com.kms.katalon.core.keyword.builtin.CallTestCaseKeyword.callTestCase(CallTestCaseKeyword.groovy:81)
	at com.kms.katalon.core.keyword.builtin.CallTestCaseKeyword.execute(CallTestCaseKeyword.groovy:44)
	at com.kms.katalon.core.keyword.internal.KeywordExecutor.executeKeywordForPlatform(KeywordExecutor.groovy:56)
	at com.kms.katalon.core.keyword.BuiltinKeywords.callTestCase(BuiltinKeywords.groovy:334)
	at BOShowOrder.run(BOShowOrder:40)
	at com.kms.katalon.core.main.ScriptEngine.run(ScriptEngine.java:194)
	at com.kms.katalon.core.main.ScriptEngine.runScriptAsRawText(ScriptEngine.java:119)
	at com.kms.katalon.core.main.TestCaseExecutor.runScript(TestCaseExecutor.java:342)
	at com.kms.katalon.core.main.TestCaseExecutor.doExecute(TestCaseExecutor.java:333)
	at com.kms.katalon.core.main.TestCaseExecutor.processExecutionPhase(TestCaseExecutor.java:312)
	at com.kms.katalon.core.main.TestCaseExecutor.accessMainPhase(TestCaseExecutor.java:304)
	at com.kms.katalon.core.main.TestCaseExecutor.execute(TestCaseExecutor.java:238)
	at com.kms.katalon.core.main.TestSuiteExecutor.accessTestCaseMainPhase(TestSuiteExecutor.java:129)
	at com.kms.katalon.core.main.TestSuiteExecutor.accessTestSuiteMainPhase(TestSuiteExecutor.java:112)
	at com.kms.katalon.core.main.TestSuiteExecutor.execute(TestSuiteExecutor.java:81)
	at com.kms.katalon.core.main.TestCaseMain.startTestSuite(TestCaseMain.java:157)
	at com.kms.katalon.core.main.TestCaseMain$startTestSuite$0.call(Unknown Source)
	at TempTestSuite1566527072754.run(TempTestSuite1566527072754.groovy:35)
Caused by: com.kms.katalon.core.exception.StepFailedException: Unable to verify match between actual text '119' and expected text '149' using regular expression (Root cause: com.kms.katalon.core.exception.StepFailedException: Actual text '119' and expected text '149' are not matched using regular expression
	at com.kms.katalon.core.keyword.builtin.VerifyMatchKeyword$_verifyMatch_closure1.doCall(VerifyMatchKeyword.groovy:57)
	at com.kms.katalon.core.keyword.builtin.VerifyMatchKeyword$_verifyMatch_closure1.call(VerifyMatchKeyword.groovy)
	at com.kms.katalon.core.keyword.internal.KeywordMain.runKeyword(KeywordMain.groovy:66)
	at com.kms.katalon.core.keyword.builtin.VerifyMatchKeyword.verifyMatch(VerifyMatchKeyword.groovy:60)
	at com.kms.katalon.core.keyword.builtin.VerifyMatchKeyword.execute(VerifyMatchKeyword.groovy:45)
	at com.kms.katalon.core.keyword.internal.KeywordExecutor.executeKeywordForPlatform(KeywordExecutor.groovy:56)
	at com.kms.katalon.core.keyword.BuiltinKeywords.verifyMatch(BuiltinKeywords.groovy:55)
	at productVerifyShort.run(productVerifyShort:96)
	at com.kms.katalon.core.main.ScriptEngine.run(ScriptEngine.java:194)
	at com.kms.katalon.core.main.ScriptEngine.runScriptAsRawText(ScriptEngine.java:119)
	at com.kms.katalon.core.main.TestCaseExecutor.runScript(TestCaseExecutor.java:342)
	at com.kms.katalon.core.main.TestCaseExecutor.doExecute(TestCaseExecutor.java:333)
	at com.kms.katalon.core.main.TestCaseExecutor.processExecutionPhase(TestCaseExecutor.java:312)
	at com.kms.katalon.core.main.TestCaseExecutor.accessMainPhase(TestCaseExecutor.java:304)
	at com.kms.katalon.core.main.TestCaseExecutor.execute(TestCaseExecutor.java:238)
	at com.kms.katalon.core.main.TestCaseMain.runTestCase(TestCaseMain.java:114)
	at com.kms.katalon.core.keyword.builtin.CallTestCaseKeyword$_callTestCase_closure1.doCall(CallTestCaseKeyword.groovy:59)
	at com.kms.katalon.core.keyword.builtin.CallTestCaseKeyword$_callTestCase_closure1.call(CallTestCaseKeyword.groovy)
	at com.kms.katalon.core.keyword.internal.KeywordMain.runKeyword(KeywordMain.groovy:66)
	at com.kms.katalon.core.keyword.builtin.CallTestCaseKeyword.callTestCase(CallTestCaseKeyword.groovy:81)
	at com.kms.katalon.core.keyword.builtin.CallTestCaseKeyword.execute(CallTestCaseKeyword.groovy:44)
	at com.kms.katalon.core.keyword.internal.KeywordExecutor.executeKeywordForPlatform(KeywordExecutor.groovy:56)
	at com.kms.katalon.core.keyword.BuiltinKeywords.callTestCase(BuiltinKeywords.groovy:334)
	at BOShowOrder.run(BOShowOrder:40)
	at com.kms.katalon.core.main.ScriptEngine.run(ScriptEngine.java:194)
	at com.kms.katalon.core.main.ScriptEngine.runScriptAsRawText(ScriptEngine.java:119)
	at com.kms.katalon.core.main.TestCaseExecutor.runScript(TestCaseExecutor.java:342)
	at com.kms.katalon.core.main.TestCaseExecutor.doExecute(TestCaseExecutor.java:333)
	at com.kms.katalon.core.main.TestCaseExecutor.processExecutionPhase(TestCaseExecutor.java:312)
	at com.kms.katalon.core.main.TestCaseExecutor.accessMainPhase(TestCaseExecutor.java:304)
	at com.kms.katalon.core.main.TestCaseExecutor.execute(TestCaseExecutor.java:238)
	at com.kms.katalon.core.main.TestSuiteExecutor.accessTestCaseMainPhase(TestSuiteExecutor.java:129)
	at com.kms.katalon.core.main.TestSuiteExecutor.accessTestSuiteMainPhase(TestSuiteExecutor.java:112)
	at com.kms.katalon.core.main.TestSuiteExecutor.execute(TestSuiteExecutor.java:81)
	at com.kms.katalon.core.main.TestCaseMain.startTestSuite(TestCaseMain.java:157)
	at com.kms.katalon.core.main.TestCaseMain$startTestSuite$0.call(Unknown Source)
	at TempTestSuite1566527072754.run(TempTestSuite1566527072754.groovy:35)
)
	at com.kms.katalon.core.keyword.internal.KeywordMain.stepFailed(KeywordMain.groovy:37)
	at com.kms.katalon.core.keyword.internal.KeywordMain.stepFailed(KeywordMain.groovy)
	at com.kms.katalon.core.keyword.internal.KeywordMain.runKeyword(KeywordMain.groovy:68)
	at com.kms.katalon.core.keyword.builtin.VerifyMatchKeyword.verifyMatch(VerifyMatchKeyword.groovy:60)
	at com.kms.katalon.core.keyword.builtin.VerifyMatchKeyword.execute(VerifyMatchKeyword.groovy:45)
	at com.kms.katalon.core.keyword.internal.KeywordExecutor.executeKeywordForPlatform(KeywordExecutor.groovy:56)
	at com.kms.katalon.core.keyword.BuiltinKeywords.verifyMatch(BuiltinKeywords.groovy:55)
	at productVerifyShort.run(productVerifyShort:96)
	at com.kms.katalon.core.main.ScriptEngine.run(ScriptEngine.java:194)
	at com.kms.katalon.core.main.ScriptEngine.runScriptAsRawText(ScriptEngine.java:119)
	at com.kms.katalon.core.main.TestCaseExecutor.runScript(TestCaseExecutor.java:342)
	at com.kms.katalon.core.main.TestCaseExecutor.doExecute(TestCaseExecutor.java:333)
	at com.kms.katalon.core.main.TestCaseExecutor.processExecutionPhase(TestCaseExecutor.java:312)
	at com.kms.katalon.core.main.TestCaseExecutor.accessMainPhase(TestCaseExecutor.java:304)
	at com.kms.katalon.core.main.TestCaseExecutor.execute(TestCaseExecutor.java:238)
	at com.kms.katalon.core.main.TestCaseMain.runTestCase(TestCaseMain.java:114)
	at com.kms.katalon.core.keyword.builtin.CallTestCaseKeyword$_callTestCase_closure1.doCall(CallTestCaseKeyword.groovy:59)
	... 20 more
Caused by: com.kms.katalon.core.exception.StepFailedException: Actual text '119' and expected text '149' are not matched using regular expression
	at com.kms.katalon.core.keyword.builtin.VerifyMatchKeyword$_verifyMatch_closure1.doCall(VerifyMatchKeyword.groovy:57)
	at com.kms.katalon.core.keyword.builtin.VerifyMatchKeyword$_verifyMatch_closure1.call(VerifyMatchKeyword.groovy)
	at com.kms.katalon.core.keyword.internal.KeywordMain.runKeyword(KeywordMain.groovy:66)
	... 34 more


2019-08-23 08:17:44 - [TEST_STEP][PASSED] - callTestCase(findTestCase("NewArrival/populateTimeGlobalVars"), ["row":timeRow], STOP_ON_FAILURE): Call Test Case 'Test Cases/NewArrival/populateTimeGlobalVars' successfully

2019-08-23 08:17:44 - [TEST_CASE][PASSED] - Test Cases/NewArrival/populateTimeGlobalVars: Test Cases/NewArrival/populateTimeGlobalVars

2019-08-23 08:17:44 - [TEST_STEP][PASSED] - dataFile = "timezoneData": null

2019-08-23 08:17:44 - [TEST_STEP][PASSED] - clockServerTarget = UtilityMethods.getTestData("envtData", "clockServerTarget", 1): null

2019-08-23 08:17:44 - [TEST_STEP][PASSED] - println(clockServerTarget): null

2019-08-23 08:17:44 - [TEST_STEP][PASSED] - orderType = UtilityMethods.getTestData(dataFile, "orderType", row): null

2019-08-23 08:17:44 - [TEST_STEP][PASSED] - timeZone = UtilityMethods.getTestData(dataFile, "timeZone", row): null

2019-08-23 08:17:44 - [TEST_STEP][PASSED] - BOPersonal = UtilityMethods.getTestData(dataFile, "BOPersonal", row): null

2019-08-23 08:17:44 - [TEST_STEP][PASSED] - BOAddonPersonal = UtilityMethods.getTestData(dataFile, "BOAddonPersonal", row): null

2019-08-23 08:17:44 - [TEST_STEP][PASSED] - BOAddonRetail = UtilityMethods.getTestData(dataFile, "BOAddonRetail", row): null

2019-08-23 08:17:44 - [TEST_STEP][PASSED] - BORetail = UtilityMethods.getTestData(dataFile, "BORetail", row): null

2019-08-23 08:17:44 - [TEST_STEP][PASSED] - BOShow = UtilityMethods.getTestData(dataFile, "BOShow", row): null

2019-08-23 08:17:44 - [TEST_STEP][PASSED] - BOOnlineoutlet = UtilityMethods.getTestData(dataFile, "BOOnlineoutlet", row): null

2019-08-23 08:17:44 - [TEST_STEP][PASSED] - BOEmployee = UtilityMethods.getTestData(dataFile, "BOEmployee", row): null

2019-08-23 08:17:44 - [TEST_STEP][PASSED] - CCPersonal = UtilityMethods.getTestData(dataFile, "CCPersonal", row): null

2019-08-23 08:17:44 - [TEST_STEP][PASSED] - CCRetail = UtilityMethods.getTestData(dataFile, "CCRetail", row): null

2019-08-23 08:17:44 - [TEST_STEP][PASSED] - CCShow = UtilityMethods.getTestData(dataFile, "CCShow", row): null

2019-08-23 08:17:44 - [TEST_STEP][PASSED] - BOEblast = UtilityMethods.getTestData(dataFile, "BOEblast", row): null

2019-08-23 08:17:44 - [MESSAGE][PASSED] - Call Test Case 'Test Cases/NewArrival/populateTimeGlobalVars' successfully

2019-08-23 08:17:44 - [TEST_STEP][PASSED] - callTestCase(findTestCase("NewArrival/setTimezone"), ["ofbizURL":"", "ofbizuser":"", "ofbizpass":"", "orderType":orderType, "timeZone":timeZone, "serverTarget":serverTarget, "clockServerTarget":clockServerTarget], STOP_ON_FAILURE): Call Test Case 'Test Cases/NewArrival/setTimezone' successfully

2019-08-23 08:17:44 - [TEST_CASE][PASSED] - Test Cases/NewArrival/setTimezone: Test Cases/NewArrival/setTimezone

2019-08-23 08:17:44 - [TEST_STEP][PASSED] - openBrowser(""): Browser is opened with url: ''

2019-08-23 08:17:44 - [MESSAGE][WARNING] - A browser is already opened. Closing browser and opening a new one

2019-08-23 08:17:45 - [MESSAGE][INFO] - Starting 'Chrome' driver

2019-08-23 08:17:45 - [MESSAGE][INFO] - User set preference: ['args', '[--use-fake-ui-for-media-stream, --start-maximized]']

2019-08-23 08:17:47 - [MESSAGE][PASSED] - Browser is opened with url: ''

2019-08-23 08:17:47 - [TEST_STEP][NOT_RUN] - maximizeWindow(): NOT_RUN: maximizeWindow()

2019-08-23 08:17:47 - [MESSAGE][NOT_RUN] - NOT_RUN: maximizeWindow()

2019-08-23 08:17:47 - [TEST_STEP][PASSED] - ofbizURL = findTestData("envtData").getValue("ofbizURL", 1): null

2019-08-23 08:17:47 - [TEST_STEP][PASSED] - ofbizuser = findTestData("credData").getValue("ofbizuser", 1): null

2019-08-23 08:17:47 - [TEST_STEP][PASSED] - ofbizpass = findTestData("credData").getValue("ofbizpass", 1): null

2019-08-23 08:17:47 - [TEST_STEP][PASSED] - navigateToUrl(ofbizURL): Navigate to 'https://pushofbiz.cliotest.com/login.php' successfully

2019-08-23 08:17:49 - [MESSAGE][PASSED] - Navigate to 'https://pushofbiz.cliotest.com/login.php' successfully

2019-08-23 08:17:49 - [TEST_STEP][PASSED] - setText(findTestObject("Page_/input_Username_username"), ofbizuser): Text 'automation' is set on object 'Object Repository/Page_/input_Username_username'

2019-08-23 08:17:49 - [MESSAGE][PASSED] - Text 'automation' is set on object 'Object Repository/Page_/input_Username_username'

2019-08-23 08:17:49 - [TEST_STEP][PASSED] - setText(findTestObject("Page_/input_Password_password"), ofbizpass): Text 'cabiautomation' is set on object 'Object Repository/Page_/input_Password_password'

2019-08-23 08:17:49 - [MESSAGE][PASSED] - Text 'cabiautomation' is set on object 'Object Repository/Page_/input_Password_password'

2019-08-23 08:17:49 - [TEST_STEP][PASSED] - click(findTestObject("Page_/input_Password_Submit")): Object: 'Object Repository/Page_/input_Password_Submit' is clicked on

2019-08-23 08:17:54 - [MESSAGE][PASSED] - Object: 'Object Repository/Page_/input_Password_Submit' is clicked on

2019-08-23 08:17:54 - [TEST_STEP][PASSED] - click(findTestObject("Object Repository/Page_/a_Clock set")): Object: 'Object Repository/Page_/a_Clock set' is clicked on

2019-08-23 08:17:54 - [MESSAGE][PASSED] - Object: 'Object Repository/Page_/a_Clock set' is clicked on

2019-08-23 08:17:54 - [TEST_STEP][PASSED] - cst = UtilityMethods.createTestObject("select_target", "//select[@name='Target']/option[contains(text(), '", clockServerTarget, "')]"): null

2019-08-23 08:17:54 - [TEST_STEP][PASSED] - println(clockServerTarget): null

2019-08-23 08:17:54 - [TEST_STEP][PASSED] - click(cst): Object: 'select_target' is clicked on

2019-08-23 08:17:55 - [MESSAGE][PASSED] - Object: 'select_target' is clicked on

2019-08-23 08:17:55 - [TEST_STEP][PASSED] - click(findTestObject("Page_/thisDateAndTime")): Object: 'Object Repository/Page_/thisDateAndTime' is clicked on

2019-08-23 08:17:55 - [MESSAGE][PASSED] - Object: 'Object Repository/Page_/thisDateAndTime' is clicked on

2019-08-23 08:17:55 - [TEST_STEP][PASSED] - setText(findTestObject("Object Repository/Page_/setTargetTime"), timeZone): Text ' 09/06/2019 7:00' is set on object 'Object Repository/Page_/setTargetTime'

2019-08-23 08:17:55 - [MESSAGE][PASSED] - Text ' 09/06/2019 7:00' is set on object 'Object Repository/Page_/setTargetTime'

2019-08-23 08:17:55 - [TEST_STEP][PASSED] - click(findTestObject("Object Repository/Page_/input")): Object: 'Object Repository/Page_/input' is clicked on

2019-08-23 08:17:56 - [MESSAGE][PASSED] - Object: 'Object Repository/Page_/input' is clicked on

2019-08-23 08:17:56 - [TEST_STEP][PASSED] - delay(10): Delayed 10 second(s)

2019-08-23 08:18:06 - [MESSAGE][PASSED] - Delayed 10 second(s)

2019-08-23 08:18:06 - [TEST_STEP][NOT_RUN] - closeBrowser(): NOT_RUN: closeBrowser()

2019-08-23 08:18:06 - [MESSAGE][NOT_RUN] - NOT_RUN: closeBrowser()

2019-08-23 08:18:06 - [MESSAGE][PASSED] - Call Test Case 'Test Cases/NewArrival/setTimezone' successfully

2019-08-23 08:18:06 - [TEST_STEP][PASSED] - callTestCase(findTestCase("NewArrival/createAPhysicalShow_IMHostess"), ["BOURL":"", "BOuser":"", "BOpass":""], STOP_ON_FAILURE): Call Test Case 'Test Cases/NewArrival/createAPhysicalShow_IMHostess' successfully

2019-08-23 08:18:06 - [TEST_CASE][PASSED] - Test Cases/NewArrival/createAPhysicalShow_IMHostess: Test Cases/NewArrival/createAPhysicalShow_IMHostess

2019-08-23 08:18:06 - [TEST_STEP][PASSED] - BOURL = findTestData("envtData").getValue("BOURL", 1): null

2019-08-23 08:18:06 - [TEST_STEP][PASSED] - BOuser = findTestData("credData").getValue("BOuser", 1): null

2019-08-23 08:18:06 - [TEST_STEP][PASSED] - BOpass = findTestData("credData").getValue("BOpass", 1): null

2019-08-23 08:18:06 - [TEST_STEP][PASSED] - callTestCase(findTestCase("TestCaseUtilities/backOfficeLogin"), ["BOURL":"", "BOuser":"", "BOpass":""], STOP_ON_FAILURE): Call Test Case 'Test Cases/TestCaseUtilities/backOfficeLogin' successfully

2019-08-23 08:18:06 - [TEST_CASE][PASSED] - Test Cases/TestCaseUtilities/backOfficeLogin: Test Cases/TestCaseUtilities/backOfficeLogin

2019-08-23 08:18:06 - [TEST_STEP][PASSED] - BOURL = findTestData("envtData").getValue("BOURL", 1): null

2019-08-23 08:18:06 - [TEST_STEP][PASSED] - BOuser = findTestData("credData").getValue("BOuser", 1): null

2019-08-23 08:18:06 - [TEST_STEP][PASSED] - BOpass = findTestData("credData").getValue("BOpass", 1): null

2019-08-23 08:18:06 - [TEST_STEP][PASSED] - openBrowser(""): Browser is opened with url: ''

2019-08-23 08:18:06 - [MESSAGE][WARNING] - A browser is already opened. Closing browser and opening a new one

2019-08-23 08:18:07 - [MESSAGE][INFO] - Starting 'Chrome' driver

2019-08-23 08:18:07 - [MESSAGE][INFO] - User set preference: ['args', '[--use-fake-ui-for-media-stream, --start-maximized]']

2019-08-23 08:18:09 - [MESSAGE][PASSED] - Browser is opened with url: ''

2019-08-23 08:18:09 - [TEST_STEP][PASSED] - navigateToUrl(BOURL): Navigate to 'https://test4.cliotest.com/backoffice/control/main' successfully

2019-08-23 08:18:16 - [MESSAGE][PASSED] - Navigate to 'https://test4.cliotest.com/backoffice/control/main' successfully

2019-08-23 08:18:16 - [TEST_STEP][PASSED] - logOut = findWebElements(findTestObject("Object Repository/Page_cabi Home/log_out"), 1): Unable to find the element located by 'By.xpath: //a[contains(text(),'Log Out')]'. Please recheck the objects properties to make sure the desired element is located. 

2019-08-23 08:18:17 - [MESSAGE][INFO] - Unable to find the element located by 'By.xpath: //a[contains(text(),'Log Out')]'. Please recheck the objects properties to make sure the desired element is located. 

2019-08-23 08:18:17 - [TEST_STEP][PASSED] - if (logOut.size() == 0): Object: 'Object Repository/Page_cabi/input_Welcome to_consultantLogin' is clicked on

2019-08-23 08:18:17 - [TEST_STEP][PASSED] - setText(findTestObject("Page_cabi/input_Welcome to_USERNAME"), BOuser): Text '400000002' is set on object 'Object Repository/Page_cabi/input_Welcome to_USERNAME'

2019-08-23 08:18:17 - [MESSAGE][PASSED] - Text '400000002' is set on object 'Object Repository/Page_cabi/input_Welcome to_USERNAME'

2019-08-23 08:18:17 - [TEST_STEP][PASSED] - setText(findTestObject("Object Repository/Page_cabi/input_Welcome to_PASSWORD"), BOpass): Text 'blackdress19' is set on object 'Object Repository/Page_cabi/input_Welcome to_PASSWORD'

2019-08-23 08:18:17 - [MESSAGE][PASSED] - Text 'blackdress19' is set on object 'Object Repository/Page_cabi/input_Welcome to_PASSWORD'

2019-08-23 08:18:17 - [TEST_STEP][PASSED] - click(findTestObject("Object Repository/Page_cabi/input_Welcome to_consultantLogin")): Object: 'Object Repository/Page_cabi/input_Welcome to_consultantLogin' is clicked on

2019-08-23 08:18:26 - [MESSAGE][PASSED] - Object: 'Object Repository/Page_cabi/input_Welcome to_consultantLogin' is clicked on

2019-08-23 08:18:26 - [TEST_STEP][PASSED] - delay(3): Delayed 3 second(s)

2019-08-23 08:18:29 - [MESSAGE][PASSED] - Delayed 3 second(s)

2019-08-23 08:18:29 - [MESSAGE][PASSED] - Call Test Case 'Test Cases/TestCaseUtilities/backOfficeLogin' successfully

2019-08-23 08:18:29 - [TEST_STEP][PASSED] - delay(3): Delayed 3 second(s)

2019-08-23 08:18:32 - [MESSAGE][PASSED] - Delayed 3 second(s)

2019-08-23 08:18:32 - [TEST_STEP][PASSED] - rightClick(findTestObject("Page_cabi Home/a_Shows  Orders")): Object: 'Object Repository/Page_cabi Home/a_Shows  Orders' is right clicked on

2019-08-23 08:18:33 - [MESSAGE][PASSED] - Object: 'Object Repository/Page_cabi Home/a_Shows  Orders' is right clicked on

2019-08-23 08:18:33 - [TEST_STEP][PASSED] - click(findTestObject("Page_cabi Home/a_Create_A_Show")): Object: 'Object Repository/Page_cabi Home/a_Create_A_Show' is clicked on

2019-08-23 08:18:35 - [MESSAGE][PASSED] - Object: 'Object Repository/Page_cabi Home/a_Create_A_Show' is clicked on

2019-08-23 08:18:35 - [TEST_STEP][PASSED] - click(findTestObject("Page_cabi Home/select_i_am_hostess")): Object: 'Object Repository/Page_cabi Home/select_i_am_hostess' is clicked on

2019-08-23 08:18:35 - [MESSAGE][PASSED] - Object: 'Object Repository/Page_cabi Home/select_i_am_hostess' is clicked on

2019-08-23 08:18:35 - [TEST_STEP][PASSED] - delay(5): Delayed 5 second(s)

2019-08-23 08:18:40 - [MESSAGE][PASSED] - Delayed 5 second(s)

2019-08-23 08:18:40 - [TEST_STEP][PASSED] - click(findTestObject("Page_cabi Create Show - Set Hostess/input_next")): Object: 'Object Repository/Page_cabi Create Show - Set Hostess/input_next' is clicked on

2019-08-23 08:18:43 - [MESSAGE][PASSED] - Object: 'Object Repository/Page_cabi Create Show - Set Hostess/input_next' is clicked on

2019-08-23 08:18:43 - [TEST_STEP][PASSED] - delay(3): Delayed 3 second(s)

2019-08-23 08:18:46 - [MESSAGE][PASSED] - Delayed 3 second(s)

2019-08-23 08:18:46 - [TEST_STEP][PASSED] - rightClick(findTestObject("Object Repository/Page_cabi Create ShowTime_Place/input_Show_date_time")): Object: 'Object Repository/Page_cabi Create ShowTime_Place/input_Show_date_time' is right clicked on

2019-08-23 08:18:46 - [MESSAGE][PASSED] - Object: 'Object Repository/Page_cabi Create ShowTime_Place/input_Show_date_time' is right clicked on

2019-08-23 08:18:46 - [TEST_STEP][PASSED] - year = findTestData("virtualShowData").getValue("vsyear", 1): null

2019-08-23 08:18:46 - [TEST_STEP][PASSED] - month = findTestData("virtualShowData").getValue("vsmonth", 1): null

2019-08-23 08:18:46 - [TEST_STEP][PASSED] - day = findTestData("virtualShowData").getValue("vsday", 1): null

2019-08-23 08:18:46 - [TEST_STEP][PASSED] - pastdate = findTestData("virtualShowData").getValue("pastdate", 1): null

2019-08-23 08:18:46 - [TEST_STEP][PASSED] - xpath = UtilityMethods.concat("//td[@data-month='" + month - 1 + "' and @data-year='" + year + "']/a[contains(text(), '" + day + "')]"): null

2019-08-23 08:18:46 - [TEST_STEP][PASSED] - dateObj = new com.kms.katalon.core.testobject.TestObject(td_month_year_day): null

2019-08-23 08:18:46 - [TEST_STEP][PASSED] - dateObj.addProperty("xpath", EQUALS, xpath): null

2019-08-23 08:18:46 - [TEST_STEP][PASSED] - monthBound = 12: null

2019-08-23 08:18:46 - [TEST_STEP][PASSED] - dateObjList = findWebElements(dateObj, 5): null

2019-08-23 08:18:46 - [TEST_STEP][PASSED] - while (dateObjList.size() == 0 && monthBound > 0): null

2019-08-23 08:18:46 - [TEST_STEP][PASSED] - click(dateObj): Object: 'td_month_year_day' is clicked on

2019-08-23 08:18:46 - [MESSAGE][PASSED] - Object: 'td_month_year_day' is clicked on

2019-08-23 08:18:46 - [TEST_STEP][PASSED] - click(findTestObject("Object Repository/Page_cabi Create ShowTime_Place/div_Location for ShowSame as Hostess Home Address")): Object: 'Object Repository/Page_cabi Create ShowTime_Place/div_Location for ShowSame as Hostess Home Address' is clicked on

2019-08-23 08:18:47 - [MESSAGE][PASSED] - Object: 'Object Repository/Page_cabi Create ShowTime_Place/div_Location for ShowSame as Hostess Home Address' is clicked on

2019-08-23 08:18:47 - [TEST_STEP][PASSED] - click(findTestObject("Object Repository/Page_cabi Create ShowTime_Place/input__address_Same_as_hostess")): Object: 'Object Repository/Page_cabi Create ShowTime_Place/input__address_Same_as_hostess' is clicked on

2019-08-23 08:18:47 - [MESSAGE][PASSED] - Object: 'Object Repository/Page_cabi Create ShowTime_Place/input__address_Same_as_hostess' is clicked on

2019-08-23 08:18:47 - [TEST_STEP][PASSED] - click(findTestObject("Object Repository/Page_cabi Create ShowTime_Place/input_Same as show location")): Object: 'Object Repository/Page_cabi Create ShowTime_Place/input_Same as show location' is clicked on

2019-08-23 08:18:47 - [MESSAGE][PASSED] - Object: 'Object Repository/Page_cabi Create ShowTime_Place/input_Same as show location' is clicked on

2019-08-23 08:18:47 - [TEST_STEP][PASSED] - delay(3): Delayed 3 second(s)

2019-08-23 08:18:50 - [MESSAGE][PASSED] - Delayed 3 second(s)

2019-08-23 08:18:50 - [TEST_STEP][PASSED] - click(findTestObject("Object Repository/Page_cabi Create ShowTime_Place/label_Tax Rate Calculated")): Object: 'Object Repository/Page_cabi Create ShowTime_Place/label_Tax Rate Calculated' is clicked on

2019-08-23 08:18:50 - [MESSAGE][PASSED] - Object: 'Object Repository/Page_cabi Create ShowTime_Place/label_Tax Rate Calculated' is clicked on

2019-08-23 08:18:50 - [TEST_STEP][PASSED] - click(findTestObject("Object Repository/Page_cabi Create ShowTime_Place/input_Back_section")): Object: 'Object Repository/Page_cabi Create ShowTime_Place/input_Back_section' is clicked on

2019-08-23 08:18:50 - [MESSAGE][PASSED] - Object: 'Object Repository/Page_cabi Create ShowTime_Place/input_Back_section' is clicked on

2019-08-23 08:18:50 - [TEST_STEP][PASSED] - delay(3): Delayed 3 second(s)

2019-08-23 08:18:53 - [MESSAGE][PASSED] - Delayed 3 second(s)

2019-08-23 08:18:53 - [MESSAGE][PASSED] - Call Test Case 'Test Cases/NewArrival/createAPhysicalShow_IMHostess' successfully

2019-08-23 08:18:53 - [TEST_STEP][PASSED] - delay(2): Delayed 2 second(s)

2019-08-23 08:18:55 - [MESSAGE][PASSED] - Delayed 2 second(s)

2019-08-23 08:18:55 - [TEST_STEP][PASSED] - click(findTestObject("Object Repository/Page_cabi Orders/span_orders")): Object: 'Object Repository/Page_cabi Orders/span_orders' is clicked on

2019-08-23 08:19:00 - [MESSAGE][PASSED] - Object: 'Object Repository/Page_cabi Orders/span_orders' is clicked on

2019-08-23 08:19:00 - [TEST_STEP][PASSED] - click(findTestObject("Object Repository/Page_cabi Orders/button_placeOrder")): Object: 'Object Repository/Page_cabi Orders/button_placeOrder' is clicked on

2019-08-23 08:19:03 - [MESSAGE][PASSED] - Object: 'Object Repository/Page_cabi Orders/button_placeOrder' is clicked on

2019-08-23 08:19:03 - [TEST_STEP][PASSED] - delay(2): Delayed 2 second(s)

2019-08-23 08:19:05 - [MESSAGE][PASSED] - Delayed 2 second(s)

2019-08-23 08:19:05 - [TEST_STEP][PASSED] - click(findTestObject("Object Repository/Page_cabi Order Entry/span_orderItems")): Object: 'Object Repository/Page_cabi Order Entry/span_orderItems' is clicked on

2019-08-23 08:19:05 - [MESSAGE][PASSED] - Object: 'Object Repository/Page_cabi Order Entry/span_orderItems' is clicked on

2019-08-23 08:19:05 - [TEST_STEP][PASSED] - delay(2): Delayed 2 second(s)

2019-08-23 08:19:07 - [MESSAGE][PASSED] - Delayed 2 second(s)

2019-08-23 08:19:07 - [TEST_STEP][PASSED] - callTestCase(findTestCase("NewArrival/productVerifyShort"), ["available":BOShow], STOP_ON_FAILURE): Call Test Case 'Test Cases/NewArrival/productVerifyShort' successfully

2019-08-23 08:19:07 - [TEST_CASE][PASSED] - Test Cases/NewArrival/productVerifyShort: Test Cases/NewArrival/productVerifyShort

2019-08-23 08:19:08 - [TEST_STEP][PASSED] - for ([row = 1, row <= findTestData("productData").getRowNumbers(), (row++)]): null

2019-08-23 08:19:08 - [TEST_STEP][PASSED] - delay(2): Delayed 2 second(s)

2019-08-23 08:19:10 - [MESSAGE][PASSED] - Delayed 2 second(s)

2019-08-23 08:19:10 - [TEST_STEP][PASSED] - setText(findTestObject("Object Repository/Page_cabi Create Order/input_Manual Discount_stylelookup_0"), findTestData("productData").getValue("Style", row)): Text '3842' is set on object 'Object Repository/Page_cabi Create Order/input_Manual Discount_stylelookup_0'

2019-08-23 08:19:10 - [MESSAGE][PASSED] - Text '3842' is set on object 'Object Repository/Page_cabi Create Order/input_Manual Discount_stylelookup_0'

2019-08-23 08:19:10 - [TEST_STEP][PASSED] - delay(2): Delayed 2 second(s)

2019-08-23 08:19:12 - [MESSAGE][PASSED] - Delayed 2 second(s)

2019-08-23 08:19:12 - [TEST_STEP][PASSED] - prod_message = getText(findTestObject("Page_cabi Create Order/first_option")): Text of object 'Object Repository/Page_cabi Create Order/first_option' is: 'No matching result found'

2019-08-23 08:19:12 - [MESSAGE][PASSED] - Text of object 'Object Repository/Page_cabi Create Order/first_option' is: 'No matching result found'

2019-08-23 08:19:12 - [TEST_STEP][PASSED] - delay(1): Delayed 1 second(s)

2019-08-23 08:19:13 - [MESSAGE][PASSED] - Delayed 1 second(s)

2019-08-23 08:19:13 - [TEST_STEP][PASSED] - click(findTestObject("Page_cabi Create Order/first_option")): Object: 'Object Repository/Page_cabi Create Order/first_option' is clicked on

2019-08-23 08:19:14 - [MESSAGE][PASSED] - Object: 'Object Repository/Page_cabi Create Order/first_option' is clicked on

2019-08-23 08:19:14 - [TEST_STEP][PASSED] - if (toString().equalsIgnoreCase("no")): null

2019-08-23 08:19:14 - [TEST_STEP][PASSED] - assert prod_message.equalsIgnoreCase("No matching result found"): null

2019-08-23 08:19:14 - [MESSAGE][PASSED] - Call Test Case 'Test Cases/NewArrival/productVerifyShort' successfully

2019-08-23 08:19:14 - [TEST_STEP][PASSED] - callTestCase(findTestCase("NewArrival/populateTimeGlobalVars"), ["row":timeRow], STOP_ON_FAILURE): Call Test Case 'Test Cases/NewArrival/populateTimeGlobalVars' successfully

2019-08-23 08:19:14 - [TEST_CASE][PASSED] - Test Cases/NewArrival/populateTimeGlobalVars: Test Cases/NewArrival/populateTimeGlobalVars

2019-08-23 08:19:14 - [TEST_STEP][PASSED] - dataFile = "timezoneData": null

2019-08-23 08:19:14 - [TEST_STEP][PASSED] - clockServerTarget = UtilityMethods.getTestData("envtData", "clockServerTarget", 1): null

2019-08-23 08:19:14 - [TEST_STEP][PASSED] - println(clockServerTarget): null

2019-08-23 08:19:14 - [TEST_STEP][PASSED] - orderType = UtilityMethods.getTestData(dataFile, "orderType", row): null

2019-08-23 08:19:14 - [TEST_STEP][PASSED] - timeZone = UtilityMethods.getTestData(dataFile, "timeZone", row): null

2019-08-23 08:19:14 - [TEST_STEP][PASSED] - BOPersonal = UtilityMethods.getTestData(dataFile, "BOPersonal", row): null

2019-08-23 08:19:14 - [TEST_STEP][PASSED] - BOAddonPersonal = UtilityMethods.getTestData(dataFile, "BOAddonPersonal", row): null

2019-08-23 08:19:14 - [TEST_STEP][PASSED] - BOAddonRetail = UtilityMethods.getTestData(dataFile, "BOAddonRetail", row): null

2019-08-23 08:19:14 - [TEST_STEP][PASSED] - BORetail = UtilityMethods.getTestData(dataFile, "BORetail", row): null

2019-08-23 08:19:14 - [TEST_STEP][PASSED] - BOShow = UtilityMethods.getTestData(dataFile, "BOShow", row): null

2019-08-23 08:19:14 - [TEST_STEP][PASSED] - BOOnlineoutlet = UtilityMethods.getTestData(dataFile, "BOOnlineoutlet", row): null

2019-08-23 08:19:14 - [TEST_STEP][PASSED] - BOEmployee = UtilityMethods.getTestData(dataFile, "BOEmployee", row): null

2019-08-23 08:19:14 - [TEST_STEP][PASSED] - CCPersonal = UtilityMethods.getTestData(dataFile, "CCPersonal", row): null

2019-08-23 08:19:14 - [TEST_STEP][PASSED] - CCRetail = UtilityMethods.getTestData(dataFile, "CCRetail", row): null

2019-08-23 08:19:14 - [TEST_STEP][PASSED] - CCShow = UtilityMethods.getTestData(dataFile, "CCShow", row): null

2019-08-23 08:19:14 - [TEST_STEP][PASSED] - BOEblast = UtilityMethods.getTestData(dataFile, "BOEblast", row): null

2019-08-23 08:19:14 - [MESSAGE][PASSED] - Call Test Case 'Test Cases/NewArrival/populateTimeGlobalVars' successfully

2019-08-23 08:19:14 - [TEST_STEP][PASSED] - callTestCase(findTestCase("NewArrival/setTimezone"), ["ofbizURL":"", "ofbizuser":"", "ofbizpass":"", "orderType":orderType, "timeZone":timeZone, "serverTarget":serverTarget, "clockServerTarget":clockServerTarget], STOP_ON_FAILURE): Call Test Case 'Test Cases/NewArrival/setTimezone' successfully

2019-08-23 08:19:14 - [TEST_CASE][PASSED] - Test Cases/NewArrival/setTimezone: Test Cases/NewArrival/setTimezone

2019-08-23 08:19:14 - [TEST_STEP][PASSED] - openBrowser(""): Browser is opened with url: ''

2019-08-23 08:19:14 - [MESSAGE][WARNING] - A browser is already opened. Closing browser and opening a new one

2019-08-23 08:19:15 - [MESSAGE][INFO] - Starting 'Chrome' driver

2019-08-23 08:19:15 - [MESSAGE][INFO] - User set preference: ['args', '[--use-fake-ui-for-media-stream, --start-maximized]']

2019-08-23 08:19:17 - [MESSAGE][PASSED] - Browser is opened with url: ''

2019-08-23 08:19:17 - [TEST_STEP][NOT_RUN] - maximizeWindow(): NOT_RUN: maximizeWindow()

2019-08-23 08:19:17 - [MESSAGE][NOT_RUN] - NOT_RUN: maximizeWindow()

2019-08-23 08:19:17 - [TEST_STEP][PASSED] - ofbizURL = findTestData("envtData").getValue("ofbizURL", 1): null

2019-08-23 08:19:17 - [TEST_STEP][PASSED] - ofbizuser = findTestData("credData").getValue("ofbizuser", 1): null

2019-08-23 08:19:17 - [TEST_STEP][PASSED] - ofbizpass = findTestData("credData").getValue("ofbizpass", 1): null

2019-08-23 08:19:17 - [TEST_STEP][PASSED] - navigateToUrl(ofbizURL): Navigate to 'https://pushofbiz.cliotest.com/login.php' successfully

2019-08-23 08:19:19 - [MESSAGE][PASSED] - Navigate to 'https://pushofbiz.cliotest.com/login.php' successfully

2019-08-23 08:19:19 - [TEST_STEP][PASSED] - setText(findTestObject("Page_/input_Username_username"), ofbizuser): Text 'automation' is set on object 'Object Repository/Page_/input_Username_username'

2019-08-23 08:19:19 - [MESSAGE][PASSED] - Text 'automation' is set on object 'Object Repository/Page_/input_Username_username'

2019-08-23 08:19:19 - [TEST_STEP][PASSED] - setText(findTestObject("Page_/input_Password_password"), ofbizpass): Text 'cabiautomation' is set on object 'Object Repository/Page_/input_Password_password'

2019-08-23 08:19:20 - [MESSAGE][PASSED] - Text 'cabiautomation' is set on object 'Object Repository/Page_/input_Password_password'

2019-08-23 08:19:20 - [TEST_STEP][PASSED] - click(findTestObject("Page_/input_Password_Submit")): Object: 'Object Repository/Page_/input_Password_Submit' is clicked on

2019-08-23 08:19:24 - [MESSAGE][PASSED] - Object: 'Object Repository/Page_/input_Password_Submit' is clicked on

2019-08-23 08:19:24 - [TEST_STEP][PASSED] - click(findTestObject("Object Repository/Page_/a_Clock set")): Object: 'Object Repository/Page_/a_Clock set' is clicked on

2019-08-23 08:19:25 - [MESSAGE][PASSED] - Object: 'Object Repository/Page_/a_Clock set' is clicked on

2019-08-23 08:19:25 - [TEST_STEP][PASSED] - cst = UtilityMethods.createTestObject("select_target", "//select[@name='Target']/option[contains(text(), '", clockServerTarget, "')]"): null

2019-08-23 08:19:25 - [TEST_STEP][PASSED] - println(clockServerTarget): null

2019-08-23 08:19:25 - [TEST_STEP][PASSED] - click(cst): Object: 'select_target' is clicked on

2019-08-23 08:19:25 - [MESSAGE][PASSED] - Object: 'select_target' is clicked on

2019-08-23 08:19:25 - [TEST_STEP][PASSED] - click(findTestObject("Page_/thisDateAndTime")): Object: 'Object Repository/Page_/thisDateAndTime' is clicked on

2019-08-23 08:19:25 - [MESSAGE][PASSED] - Object: 'Object Repository/Page_/thisDateAndTime' is clicked on

2019-08-23 08:19:25 - [TEST_STEP][PASSED] - setText(findTestObject("Object Repository/Page_/setTargetTime"), timeZone): Text ' 09/12/2019 00:00' is set on object 'Object Repository/Page_/setTargetTime'

2019-08-23 08:19:25 - [MESSAGE][PASSED] - Text ' 09/12/2019 00:00' is set on object 'Object Repository/Page_/setTargetTime'

2019-08-23 08:19:25 - [TEST_STEP][PASSED] - click(findTestObject("Object Repository/Page_/input")): Object: 'Object Repository/Page_/input' is clicked on

2019-08-23 08:19:26 - [MESSAGE][PASSED] - Object: 'Object Repository/Page_/input' is clicked on

2019-08-23 08:19:26 - [TEST_STEP][PASSED] - delay(10): Delayed 10 second(s)

2019-08-23 08:19:36 - [MESSAGE][PASSED] - Delayed 10 second(s)

2019-08-23 08:19:36 - [TEST_STEP][NOT_RUN] - closeBrowser(): NOT_RUN: closeBrowser()

2019-08-23 08:19:36 - [MESSAGE][NOT_RUN] - NOT_RUN: closeBrowser()

2019-08-23 08:19:36 - [MESSAGE][PASSED] - Call Test Case 'Test Cases/NewArrival/setTimezone' successfully

2019-08-23 08:19:36 - [TEST_STEP][PASSED] - callTestCase(findTestCase("NewArrival/createAPhysicalShow_IMHostess"), ["BOURL":"", "BOuser":"", "BOpass":""], STOP_ON_FAILURE): Call Test Case 'Test Cases/NewArrival/createAPhysicalShow_IMHostess' successfully

2019-08-23 08:19:36 - [TEST_CASE][PASSED] - Test Cases/NewArrival/createAPhysicalShow_IMHostess: Test Cases/NewArrival/createAPhysicalShow_IMHostess

2019-08-23 08:19:36 - [TEST_STEP][PASSED] - BOURL = findTestData("envtData").getValue("BOURL", 1): null

2019-08-23 08:19:36 - [TEST_STEP][PASSED] - BOuser = findTestData("credData").getValue("BOuser", 1): null

2019-08-23 08:19:36 - [TEST_STEP][PASSED] - BOpass = findTestData("credData").getValue("BOpass", 1): null

2019-08-23 08:19:36 - [TEST_STEP][PASSED] - callTestCase(findTestCase("TestCaseUtilities/backOfficeLogin"), ["BOURL":"", "BOuser":"", "BOpass":""], STOP_ON_FAILURE): Call Test Case 'Test Cases/TestCaseUtilities/backOfficeLogin' successfully

2019-08-23 08:19:36 - [TEST_CASE][PASSED] - Test Cases/TestCaseUtilities/backOfficeLogin: Test Cases/TestCaseUtilities/backOfficeLogin

2019-08-23 08:19:36 - [TEST_STEP][PASSED] - BOURL = findTestData("envtData").getValue("BOURL", 1): null

2019-08-23 08:19:36 - [TEST_STEP][PASSED] - BOuser = findTestData("credData").getValue("BOuser", 1): null

2019-08-23 08:19:36 - [TEST_STEP][PASSED] - BOpass = findTestData("credData").getValue("BOpass", 1): null

2019-08-23 08:19:36 - [TEST_STEP][PASSED] - openBrowser(""): Browser is opened with url: ''

2019-08-23 08:19:36 - [MESSAGE][WARNING] - A browser is already opened. Closing browser and opening a new one

2019-08-23 08:19:37 - [MESSAGE][INFO] - Starting 'Chrome' driver

2019-08-23 08:19:37 - [MESSAGE][INFO] - User set preference: ['args', '[--use-fake-ui-for-media-stream, --start-maximized]']

2019-08-23 08:19:39 - [MESSAGE][PASSED] - Browser is opened with url: ''

2019-08-23 08:19:39 - [TEST_STEP][PASSED] - navigateToUrl(BOURL): Navigate to 'https://test4.cliotest.com/backoffice/control/main' successfully

2019-08-23 08:19:46 - [MESSAGE][PASSED] - Navigate to 'https://test4.cliotest.com/backoffice/control/main' successfully

2019-08-23 08:19:46 - [TEST_STEP][PASSED] - logOut = findWebElements(findTestObject("Object Repository/Page_cabi Home/log_out"), 1): Unable to find the element located by 'By.xpath: //a[contains(text(),'Log Out')]'. Please recheck the objects properties to make sure the desired element is located. 

2019-08-23 08:19:47 - [MESSAGE][INFO] - Unable to find the element located by 'By.xpath: //a[contains(text(),'Log Out')]'. Please recheck the objects properties to make sure the desired element is located. 

2019-08-23 08:19:47 - [TEST_STEP][PASSED] - if (logOut.size() == 0): Object: 'Object Repository/Page_cabi/input_Welcome to_consultantLogin' is clicked on

2019-08-23 08:19:47 - [TEST_STEP][PASSED] - setText(findTestObject("Page_cabi/input_Welcome to_USERNAME"), BOuser): Text '400000002' is set on object 'Object Repository/Page_cabi/input_Welcome to_USERNAME'

2019-08-23 08:19:47 - [MESSAGE][PASSED] - Text '400000002' is set on object 'Object Repository/Page_cabi/input_Welcome to_USERNAME'

2019-08-23 08:19:47 - [TEST_STEP][PASSED] - setText(findTestObject("Object Repository/Page_cabi/input_Welcome to_PASSWORD"), BOpass): Text 'blackdress19' is set on object 'Object Repository/Page_cabi/input_Welcome to_PASSWORD'

2019-08-23 08:19:47 - [MESSAGE][PASSED] - Text 'blackdress19' is set on object 'Object Repository/Page_cabi/input_Welcome to_PASSWORD'

2019-08-23 08:19:47 - [TEST_STEP][PASSED] - click(findTestObject("Object Repository/Page_cabi/input_Welcome to_consultantLogin")): Object: 'Object Repository/Page_cabi/input_Welcome to_consultantLogin' is clicked on

2019-08-23 08:19:57 - [MESSAGE][PASSED] - Object: 'Object Repository/Page_cabi/input_Welcome to_consultantLogin' is clicked on

2019-08-23 08:19:57 - [TEST_STEP][PASSED] - delay(3): Delayed 3 second(s)

2019-08-23 08:20:00 - [MESSAGE][PASSED] - Delayed 3 second(s)

2019-08-23 08:20:00 - [MESSAGE][PASSED] - Call Test Case 'Test Cases/TestCaseUtilities/backOfficeLogin' successfully

2019-08-23 08:20:00 - [TEST_STEP][PASSED] - delay(3): Delayed 3 second(s)

2019-08-23 08:20:03 - [MESSAGE][PASSED] - Delayed 3 second(s)

2019-08-23 08:20:03 - [TEST_STEP][PASSED] - rightClick(findTestObject("Page_cabi Home/a_Shows  Orders")): Object: 'Object Repository/Page_cabi Home/a_Shows  Orders' is right clicked on

2019-08-23 08:20:03 - [MESSAGE][PASSED] - Object: 'Object Repository/Page_cabi Home/a_Shows  Orders' is right clicked on

2019-08-23 08:20:03 - [TEST_STEP][PASSED] - click(findTestObject("Page_cabi Home/a_Create_A_Show")): Object: 'Object Repository/Page_cabi Home/a_Create_A_Show' is clicked on

2019-08-23 08:20:05 - [MESSAGE][PASSED] - Object: 'Object Repository/Page_cabi Home/a_Create_A_Show' is clicked on

2019-08-23 08:20:05 - [TEST_STEP][PASSED] - click(findTestObject("Page_cabi Home/select_i_am_hostess")): Object: 'Object Repository/Page_cabi Home/select_i_am_hostess' is clicked on

2019-08-23 08:20:06 - [MESSAGE][PASSED] - Object: 'Object Repository/Page_cabi Home/select_i_am_hostess' is clicked on

2019-08-23 08:20:06 - [TEST_STEP][PASSED] - delay(5): Delayed 5 second(s)

2019-08-23 08:20:11 - [MESSAGE][PASSED] - Delayed 5 second(s)

2019-08-23 08:20:11 - [TEST_STEP][PASSED] - click(findTestObject("Page_cabi Create Show - Set Hostess/input_next")): Object: 'Object Repository/Page_cabi Create Show - Set Hostess/input_next' is clicked on

2019-08-23 08:20:13 - [MESSAGE][PASSED] - Object: 'Object Repository/Page_cabi Create Show - Set Hostess/input_next' is clicked on

2019-08-23 08:20:13 - [TEST_STEP][PASSED] - delay(3): Delayed 3 second(s)

2019-08-23 08:20:16 - [MESSAGE][PASSED] - Delayed 3 second(s)

2019-08-23 08:20:16 - [TEST_STEP][PASSED] - rightClick(findTestObject("Object Repository/Page_cabi Create ShowTime_Place/input_Show_date_time")): Object: 'Object Repository/Page_cabi Create ShowTime_Place/input_Show_date_time' is right clicked on

2019-08-23 08:20:16 - [MESSAGE][PASSED] - Object: 'Object Repository/Page_cabi Create ShowTime_Place/input_Show_date_time' is right clicked on

2019-08-23 08:20:16 - [TEST_STEP][PASSED] - year = findTestData("virtualShowData").getValue("vsyear", 1): null

2019-08-23 08:20:16 - [TEST_STEP][PASSED] - month = findTestData("virtualShowData").getValue("vsmonth", 1): null

2019-08-23 08:20:16 - [TEST_STEP][PASSED] - day = findTestData("virtualShowData").getValue("vsday", 1): null

2019-08-23 08:20:16 - [TEST_STEP][PASSED] - pastdate = findTestData("virtualShowData").getValue("pastdate", 1): null

2019-08-23 08:20:16 - [TEST_STEP][PASSED] - xpath = UtilityMethods.concat("//td[@data-month='" + month - 1 + "' and @data-year='" + year + "']/a[contains(text(), '" + day + "')]"): null

2019-08-23 08:20:16 - [TEST_STEP][PASSED] - dateObj = new com.kms.katalon.core.testobject.TestObject(td_month_year_day): null

2019-08-23 08:20:16 - [TEST_STEP][PASSED] - dateObj.addProperty("xpath", EQUALS, xpath): null

2019-08-23 08:20:16 - [TEST_STEP][PASSED] - monthBound = 12: null

2019-08-23 08:20:16 - [TEST_STEP][PASSED] - dateObjList = findWebElements(dateObj, 5): null

2019-08-23 08:20:16 - [TEST_STEP][PASSED] - while (dateObjList.size() == 0 && monthBound > 0): null

2019-08-23 08:20:16 - [TEST_STEP][PASSED] - click(dateObj): Object: 'td_month_year_day' is clicked on

2019-08-23 08:20:16 - [MESSAGE][PASSED] - Object: 'td_month_year_day' is clicked on

2019-08-23 08:20:16 - [TEST_STEP][PASSED] - click(findTestObject("Object Repository/Page_cabi Create ShowTime_Place/div_Location for ShowSame as Hostess Home Address")): Object: 'Object Repository/Page_cabi Create ShowTime_Place/div_Location for ShowSame as Hostess Home Address' is clicked on

2019-08-23 08:20:17 - [MESSAGE][PASSED] - Object: 'Object Repository/Page_cabi Create ShowTime_Place/div_Location for ShowSame as Hostess Home Address' is clicked on

2019-08-23 08:20:17 - [TEST_STEP][PASSED] - click(findTestObject("Object Repository/Page_cabi Create ShowTime_Place/input__address_Same_as_hostess")): Object: 'Object Repository/Page_cabi Create ShowTime_Place/input__address_Same_as_hostess' is clicked on

2019-08-23 08:20:17 - [MESSAGE][PASSED] - Object: 'Object Repository/Page_cabi Create ShowTime_Place/input__address_Same_as_hostess' is clicked on

2019-08-23 08:20:17 - [TEST_STEP][PASSED] - click(findTestObject("Object Repository/Page_cabi Create ShowTime_Place/input_Same as show location")): Object: 'Object Repository/Page_cabi Create ShowTime_Place/input_Same as show location' is clicked on

2019-08-23 08:20:17 - [MESSAGE][PASSED] - Object: 'Object Repository/Page_cabi Create ShowTime_Place/input_Same as show location' is clicked on

2019-08-23 08:20:17 - [TEST_STEP][PASSED] - delay(3): Delayed 3 second(s)

2019-08-23 08:20:20 - [MESSAGE][PASSED] - Delayed 3 second(s)

2019-08-23 08:20:20 - [TEST_STEP][PASSED] - click(findTestObject("Object Repository/Page_cabi Create ShowTime_Place/label_Tax Rate Calculated")): Object: 'Object Repository/Page_cabi Create ShowTime_Place/label_Tax Rate Calculated' is clicked on

2019-08-23 08:20:20 - [MESSAGE][PASSED] - Object: 'Object Repository/Page_cabi Create ShowTime_Place/label_Tax Rate Calculated' is clicked on

2019-08-23 08:20:20 - [TEST_STEP][PASSED] - click(findTestObject("Object Repository/Page_cabi Create ShowTime_Place/input_Back_section")): Object: 'Object Repository/Page_cabi Create ShowTime_Place/input_Back_section' is clicked on

2019-08-23 08:20:20 - [MESSAGE][PASSED] - Object: 'Object Repository/Page_cabi Create ShowTime_Place/input_Back_section' is clicked on

2019-08-23 08:20:20 - [TEST_STEP][PASSED] - delay(3): Delayed 3 second(s)

2019-08-23 08:20:23 - [MESSAGE][PASSED] - Delayed 3 second(s)

2019-08-23 08:20:23 - [MESSAGE][PASSED] - Call Test Case 'Test Cases/NewArrival/createAPhysicalShow_IMHostess' successfully

2019-08-23 08:20:23 - [TEST_STEP][PASSED] - delay(2): Delayed 2 second(s)

2019-08-23 08:20:25 - [MESSAGE][PASSED] - Delayed 2 second(s)

2019-08-23 08:20:25 - [TEST_STEP][PASSED] - click(findTestObject("Object Repository/Page_cabi Orders/span_orders")): Object: 'Object Repository/Page_cabi Orders/span_orders' is clicked on

2019-08-23 08:20:28 - [MESSAGE][PASSED] - Object: 'Object Repository/Page_cabi Orders/span_orders' is clicked on

2019-08-23 08:20:28 - [TEST_STEP][PASSED] - click(findTestObject("Object Repository/Page_cabi Orders/button_placeOrder")): Object: 'Object Repository/Page_cabi Orders/button_placeOrder' is clicked on

2019-08-23 08:20:31 - [MESSAGE][PASSED] - Object: 'Object Repository/Page_cabi Orders/button_placeOrder' is clicked on

2019-08-23 08:20:31 - [TEST_STEP][PASSED] - delay(2): Delayed 2 second(s)

2019-08-23 08:20:33 - [MESSAGE][PASSED] - Delayed 2 second(s)

2019-08-23 08:20:33 - [TEST_STEP][PASSED] - click(findTestObject("Object Repository/Page_cabi Order Entry/span_orderItems")): Object: 'Object Repository/Page_cabi Order Entry/span_orderItems' is clicked on

2019-08-23 08:20:33 - [MESSAGE][PASSED] - Object: 'Object Repository/Page_cabi Order Entry/span_orderItems' is clicked on

2019-08-23 08:20:33 - [TEST_STEP][PASSED] - delay(2): Delayed 2 second(s)

2019-08-23 08:20:35 - [MESSAGE][PASSED] - Delayed 2 second(s)

2019-08-23 08:20:35 - [TEST_STEP][PASSED] - callTestCase(findTestCase("NewArrival/productVerifyShort"), ["available":BOShow], STOP_ON_FAILURE): Call Test Case 'Test Cases/NewArrival/productVerifyShort' successfully

2019-08-23 08:20:35 - [TEST_CASE][PASSED] - Test Cases/NewArrival/productVerifyShort: Test Cases/NewArrival/productVerifyShort

2019-08-23 08:20:35 - [TEST_STEP][PASSED] - for ([row = 1, row <= findTestData("productData").getRowNumbers(), (row++)]): null

2019-08-23 08:20:35 - [TEST_STEP][PASSED] - delay(2): Delayed 2 second(s)

2019-08-23 08:20:37 - [MESSAGE][PASSED] - Delayed 2 second(s)

2019-08-23 08:20:37 - [TEST_STEP][PASSED] - setText(findTestObject("Object Repository/Page_cabi Create Order/input_Manual Discount_stylelookup_0"), findTestData("productData").getValue("Style", row)): Text '3842' is set on object 'Object Repository/Page_cabi Create Order/input_Manual Discount_stylelookup_0'

2019-08-23 08:20:38 - [MESSAGE][PASSED] - Text '3842' is set on object 'Object Repository/Page_cabi Create Order/input_Manual Discount_stylelookup_0'

2019-08-23 08:20:38 - [TEST_STEP][PASSED] - delay(2): Delayed 2 second(s)

2019-08-23 08:20:40 - [MESSAGE][PASSED] - Delayed 2 second(s)

2019-08-23 08:20:40 - [TEST_STEP][PASSED] - prod_message = getText(findTestObject("Page_cabi Create Order/first_option")): Text of object 'Object Repository/Page_cabi Create Order/first_option' is: 'No matching result found'

2019-08-23 08:20:40 - [MESSAGE][PASSED] - Text of object 'Object Repository/Page_cabi Create Order/first_option' is: 'No matching result found'

2019-08-23 08:20:40 - [TEST_STEP][PASSED] - delay(1): Delayed 1 second(s)

2019-08-23 08:20:41 - [MESSAGE][PASSED] - Delayed 1 second(s)

2019-08-23 08:20:41 - [TEST_STEP][PASSED] - click(findTestObject("Page_cabi Create Order/first_option")): Object: 'Object Repository/Page_cabi Create Order/first_option' is clicked on

2019-08-23 08:20:41 - [MESSAGE][PASSED] - Object: 'Object Repository/Page_cabi Create Order/first_option' is clicked on

2019-08-23 08:20:41 - [TEST_STEP][PASSED] - if (toString().equalsIgnoreCase("no")): null

2019-08-23 08:20:41 - [TEST_STEP][PASSED] - assert prod_message.equalsIgnoreCase("No matching result found"): null

2019-08-23 08:20:41 - [MESSAGE][PASSED] - Call Test Case 'Test Cases/NewArrival/productVerifyShort' successfully

2019-08-23 08:20:41 - [TEST_STEP][PASSED] - callTestCase(findTestCase("NewArrival/populateTimeGlobalVars"), ["row":timeRow], STOP_ON_FAILURE): Call Test Case 'Test Cases/NewArrival/populateTimeGlobalVars' successfully

2019-08-23 08:20:41 - [TEST_CASE][PASSED] - Test Cases/NewArrival/populateTimeGlobalVars: Test Cases/NewArrival/populateTimeGlobalVars

2019-08-23 08:20:41 - [TEST_STEP][PASSED] - dataFile = "timezoneData": null

2019-08-23 08:20:41 - [TEST_STEP][PASSED] - clockServerTarget = UtilityMethods.getTestData("envtData", "clockServerTarget", 1): null

2019-08-23 08:20:41 - [TEST_STEP][PASSED] - println(clockServerTarget): null

2019-08-23 08:20:41 - [TEST_STEP][PASSED] - orderType = UtilityMethods.getTestData(dataFile, "orderType", row): null

2019-08-23 08:20:41 - [TEST_STEP][PASSED] - timeZone = UtilityMethods.getTestData(dataFile, "timeZone", row): null

2019-08-23 08:20:41 - [TEST_STEP][PASSED] - BOPersonal = UtilityMethods.getTestData(dataFile, "BOPersonal", row): null

2019-08-23 08:20:41 - [TEST_STEP][PASSED] - BOAddonPersonal = UtilityMethods.getTestData(dataFile, "BOAddonPersonal", row): null

2019-08-23 08:20:41 - [TEST_STEP][PASSED] - BOAddonRetail = UtilityMethods.getTestData(dataFile, "BOAddonRetail", row): null

2019-08-23 08:20:41 - [TEST_STEP][PASSED] - BORetail = UtilityMethods.getTestData(dataFile, "BORetail", row): null

2019-08-23 08:20:41 - [TEST_STEP][PASSED] - BOShow = UtilityMethods.getTestData(dataFile, "BOShow", row): null

2019-08-23 08:20:41 - [TEST_STEP][PASSED] - BOOnlineoutlet = UtilityMethods.getTestData(dataFile, "BOOnlineoutlet", row): null

2019-08-23 08:20:41 - [TEST_STEP][PASSED] - BOEmployee = UtilityMethods.getTestData(dataFile, "BOEmployee", row): null

2019-08-23 08:20:41 - [TEST_STEP][PASSED] - CCPersonal = UtilityMethods.getTestData(dataFile, "CCPersonal", row): null

2019-08-23 08:20:41 - [TEST_STEP][PASSED] - CCRetail = UtilityMethods.getTestData(dataFile, "CCRetail", row): null

2019-08-23 08:20:41 - [TEST_STEP][PASSED] - CCShow = UtilityMethods.getTestData(dataFile, "CCShow", row): null

2019-08-23 08:20:41 - [TEST_STEP][PASSED] - BOEblast = UtilityMethods.getTestData(dataFile, "BOEblast", row): null

2019-08-23 08:20:41 - [MESSAGE][PASSED] - Call Test Case 'Test Cases/NewArrival/populateTimeGlobalVars' successfully

2019-08-23 08:20:41 - [TEST_STEP][PASSED] - callTestCase(findTestCase("NewArrival/setTimezone"), ["ofbizURL":"", "ofbizuser":"", "ofbizpass":"", "orderType":orderType, "timeZone":timeZone, "serverTarget":serverTarget, "clockServerTarget":clockServerTarget], STOP_ON_FAILURE): Call Test Case 'Test Cases/NewArrival/setTimezone' successfully

2019-08-23 08:20:41 - [TEST_CASE][PASSED] - Test Cases/NewArrival/setTimezone: Test Cases/NewArrival/setTimezone

2019-08-23 08:20:41 - [TEST_STEP][PASSED] - openBrowser(""): Browser is opened with url: ''

2019-08-23 08:20:41 - [MESSAGE][WARNING] - A browser is already opened. Closing browser and opening a new one

2019-08-23 08:20:42 - [MESSAGE][INFO] - Starting 'Chrome' driver

2019-08-23 08:20:42 - [MESSAGE][INFO] - User set preference: ['args', '[--use-fake-ui-for-media-stream, --start-maximized]']

2019-08-23 08:20:44 - [MESSAGE][PASSED] - Browser is opened with url: ''

2019-08-23 08:20:44 - [TEST_STEP][NOT_RUN] - maximizeWindow(): NOT_RUN: maximizeWindow()

2019-08-23 08:20:44 - [MESSAGE][NOT_RUN] - NOT_RUN: maximizeWindow()

2019-08-23 08:20:44 - [TEST_STEP][PASSED] - ofbizURL = findTestData("envtData").getValue("ofbizURL", 1): null

2019-08-23 08:20:44 - [TEST_STEP][PASSED] - ofbizuser = findTestData("credData").getValue("ofbizuser", 1): null

2019-08-23 08:20:44 - [TEST_STEP][PASSED] - ofbizpass = findTestData("credData").getValue("ofbizpass", 1): null

2019-08-23 08:20:44 - [TEST_STEP][PASSED] - navigateToUrl(ofbizURL): Navigate to 'https://pushofbiz.cliotest.com/login.php' successfully

2019-08-23 08:20:46 - [MESSAGE][PASSED] - Navigate to 'https://pushofbiz.cliotest.com/login.php' successfully

2019-08-23 08:20:46 - [TEST_STEP][PASSED] - setText(findTestObject("Page_/input_Username_username"), ofbizuser): Text 'automation' is set on object 'Object Repository/Page_/input_Username_username'

2019-08-23 08:20:46 - [MESSAGE][PASSED] - Text 'automation' is set on object 'Object Repository/Page_/input_Username_username'

2019-08-23 08:20:46 - [TEST_STEP][PASSED] - setText(findTestObject("Page_/input_Password_password"), ofbizpass): Text 'cabiautomation' is set on object 'Object Repository/Page_/input_Password_password'

2019-08-23 08:20:46 - [MESSAGE][PASSED] - Text 'cabiautomation' is set on object 'Object Repository/Page_/input_Password_password'

2019-08-23 08:20:46 - [TEST_STEP][PASSED] - click(findTestObject("Page_/input_Password_Submit")): Object: 'Object Repository/Page_/input_Password_Submit' is clicked on

2019-08-23 08:20:51 - [MESSAGE][PASSED] - Object: 'Object Repository/Page_/input_Password_Submit' is clicked on

2019-08-23 08:20:51 - [TEST_STEP][PASSED] - click(findTestObject("Object Repository/Page_/a_Clock set")): Object: 'Object Repository/Page_/a_Clock set' is clicked on

2019-08-23 08:20:51 - [MESSAGE][PASSED] - Object: 'Object Repository/Page_/a_Clock set' is clicked on

2019-08-23 08:20:51 - [TEST_STEP][PASSED] - cst = UtilityMethods.createTestObject("select_target", "//select[@name='Target']/option[contains(text(), '", clockServerTarget, "')]"): null

2019-08-23 08:20:51 - [TEST_STEP][PASSED] - println(clockServerTarget): null

2019-08-23 08:20:51 - [TEST_STEP][PASSED] - click(cst): Object: 'select_target' is clicked on

2019-08-23 08:20:51 - [MESSAGE][PASSED] - Object: 'select_target' is clicked on

2019-08-23 08:20:51 - [TEST_STEP][PASSED] - click(findTestObject("Page_/thisDateAndTime")): Object: 'Object Repository/Page_/thisDateAndTime' is clicked on

2019-08-23 08:20:52 - [MESSAGE][PASSED] - Object: 'Object Repository/Page_/thisDateAndTime' is clicked on

2019-08-23 08:20:52 - [TEST_STEP][PASSED] - setText(findTestObject("Object Repository/Page_/setTargetTime"), timeZone): Text ' 09/20/2019 12:00' is set on object 'Object Repository/Page_/setTargetTime'

2019-08-23 08:20:52 - [MESSAGE][PASSED] - Text ' 09/20/2019 12:00' is set on object 'Object Repository/Page_/setTargetTime'

2019-08-23 08:20:52 - [TEST_STEP][PASSED] - click(findTestObject("Object Repository/Page_/input")): Object: 'Object Repository/Page_/input' is clicked on

2019-08-23 08:20:53 - [MESSAGE][PASSED] - Object: 'Object Repository/Page_/input' is clicked on

2019-08-23 08:20:53 - [TEST_STEP][PASSED] - delay(10): Delayed 10 second(s)

2019-08-23 08:21:03 - [MESSAGE][PASSED] - Delayed 10 second(s)

2019-08-23 08:21:03 - [TEST_STEP][NOT_RUN] - closeBrowser(): NOT_RUN: closeBrowser()

2019-08-23 08:21:03 - [MESSAGE][NOT_RUN] - NOT_RUN: closeBrowser()

2019-08-23 08:21:03 - [MESSAGE][PASSED] - Call Test Case 'Test Cases/NewArrival/setTimezone' successfully

2019-08-23 08:21:03 - [TEST_STEP][PASSED] - callTestCase(findTestCase("NewArrival/createAPhysicalShow_IMHostess"), ["BOURL":"", "BOuser":"", "BOpass":""], STOP_ON_FAILURE): Call Test Case 'Test Cases/NewArrival/createAPhysicalShow_IMHostess' successfully

2019-08-23 08:21:03 - [TEST_CASE][PASSED] - Test Cases/NewArrival/createAPhysicalShow_IMHostess: Test Cases/NewArrival/createAPhysicalShow_IMHostess

2019-08-23 08:21:03 - [TEST_STEP][PASSED] - BOURL = findTestData("envtData").getValue("BOURL", 1): null

2019-08-23 08:21:03 - [TEST_STEP][PASSED] - BOuser = findTestData("credData").getValue("BOuser", 1): null

2019-08-23 08:21:03 - [TEST_STEP][PASSED] - BOpass = findTestData("credData").getValue("BOpass", 1): null

2019-08-23 08:21:03 - [TEST_STEP][PASSED] - callTestCase(findTestCase("TestCaseUtilities/backOfficeLogin"), ["BOURL":"", "BOuser":"", "BOpass":""], STOP_ON_FAILURE): Call Test Case 'Test Cases/TestCaseUtilities/backOfficeLogin' successfully

2019-08-23 08:21:03 - [TEST_CASE][PASSED] - Test Cases/TestCaseUtilities/backOfficeLogin: Test Cases/TestCaseUtilities/backOfficeLogin

2019-08-23 08:21:03 - [TEST_STEP][PASSED] - BOURL = findTestData("envtData").getValue("BOURL", 1): null

2019-08-23 08:21:03 - [TEST_STEP][PASSED] - BOuser = findTestData("credData").getValue("BOuser", 1): null

2019-08-23 08:21:03 - [TEST_STEP][PASSED] - BOpass = findTestData("credData").getValue("BOpass", 1): null

2019-08-23 08:21:03 - [TEST_STEP][PASSED] - openBrowser(""): Browser is opened with url: ''

2019-08-23 08:21:03 - [MESSAGE][WARNING] - A browser is already opened. Closing browser and opening a new one

2019-08-23 08:21:04 - [MESSAGE][INFO] - Starting 'Chrome' driver

2019-08-23 08:21:04 - [MESSAGE][INFO] - User set preference: ['args', '[--use-fake-ui-for-media-stream, --start-maximized]']

2019-08-23 08:21:06 - [MESSAGE][PASSED] - Browser is opened with url: ''

2019-08-23 08:21:06 - [TEST_STEP][PASSED] - navigateToUrl(BOURL): Navigate to 'https://test4.cliotest.com/backoffice/control/main' successfully

2019-08-23 08:21:13 - [MESSAGE][PASSED] - Navigate to 'https://test4.cliotest.com/backoffice/control/main' successfully

2019-08-23 08:21:13 - [TEST_STEP][PASSED] - logOut = findWebElements(findTestObject("Object Repository/Page_cabi Home/log_out"), 1): Unable to find the element located by 'By.xpath: //a[contains(text(),'Log Out')]'. Please recheck the objects properties to make sure the desired element is located. 

2019-08-23 08:21:14 - [MESSAGE][INFO] - Unable to find the element located by 'By.xpath: //a[contains(text(),'Log Out')]'. Please recheck the objects properties to make sure the desired element is located. 

2019-08-23 08:21:14 - [TEST_STEP][PASSED] - if (logOut.size() == 0): Object: 'Object Repository/Page_cabi/input_Welcome to_consultantLogin' is clicked on

2019-08-23 08:21:14 - [TEST_STEP][PASSED] - setText(findTestObject("Page_cabi/input_Welcome to_USERNAME"), BOuser): Text '400000002' is set on object 'Object Repository/Page_cabi/input_Welcome to_USERNAME'

2019-08-23 08:21:14 - [MESSAGE][PASSED] - Text '400000002' is set on object 'Object Repository/Page_cabi/input_Welcome to_USERNAME'

2019-08-23 08:21:14 - [TEST_STEP][PASSED] - setText(findTestObject("Object Repository/Page_cabi/input_Welcome to_PASSWORD"), BOpass): Text 'blackdress19' is set on object 'Object Repository/Page_cabi/input_Welcome to_PASSWORD'

2019-08-23 08:21:14 - [MESSAGE][PASSED] - Text 'blackdress19' is set on object 'Object Repository/Page_cabi/input_Welcome to_PASSWORD'

2019-08-23 08:21:14 - [TEST_STEP][PASSED] - click(findTestObject("Object Repository/Page_cabi/input_Welcome to_consultantLogin")): Object: 'Object Repository/Page_cabi/input_Welcome to_consultantLogin' is clicked on

2019-08-23 08:21:24 - [MESSAGE][PASSED] - Object: 'Object Repository/Page_cabi/input_Welcome to_consultantLogin' is clicked on

2019-08-23 08:21:24 - [TEST_STEP][PASSED] - delay(3): Delayed 3 second(s)

2019-08-23 08:21:27 - [MESSAGE][PASSED] - Delayed 3 second(s)

2019-08-23 08:21:27 - [MESSAGE][PASSED] - Call Test Case 'Test Cases/TestCaseUtilities/backOfficeLogin' successfully

2019-08-23 08:21:27 - [TEST_STEP][PASSED] - delay(3): Delayed 3 second(s)

2019-08-23 08:21:30 - [MESSAGE][PASSED] - Delayed 3 second(s)

2019-08-23 08:21:30 - [TEST_STEP][PASSED] - rightClick(findTestObject("Page_cabi Home/a_Shows  Orders")): Object: 'Object Repository/Page_cabi Home/a_Shows  Orders' is right clicked on

2019-08-23 08:21:30 - [MESSAGE][PASSED] - Object: 'Object Repository/Page_cabi Home/a_Shows  Orders' is right clicked on

2019-08-23 08:21:30 - [TEST_STEP][PASSED] - click(findTestObject("Page_cabi Home/a_Create_A_Show")): Object: 'Object Repository/Page_cabi Home/a_Create_A_Show' is clicked on

2019-08-23 08:21:32 - [MESSAGE][PASSED] - Object: 'Object Repository/Page_cabi Home/a_Create_A_Show' is clicked on

2019-08-23 08:21:32 - [TEST_STEP][PASSED] - click(findTestObject("Page_cabi Home/select_i_am_hostess")): Object: 'Object Repository/Page_cabi Home/select_i_am_hostess' is clicked on

2019-08-23 08:21:33 - [MESSAGE][PASSED] - Object: 'Object Repository/Page_cabi Home/select_i_am_hostess' is clicked on

2019-08-23 08:21:33 - [TEST_STEP][PASSED] - delay(5): Delayed 5 second(s)

2019-08-23 08:21:38 - [MESSAGE][PASSED] - Delayed 5 second(s)

2019-08-23 08:21:38 - [TEST_STEP][PASSED] - click(findTestObject("Page_cabi Create Show - Set Hostess/input_next")): Object: 'Object Repository/Page_cabi Create Show - Set Hostess/input_next' is clicked on

2019-08-23 08:21:40 - [MESSAGE][PASSED] - Object: 'Object Repository/Page_cabi Create Show - Set Hostess/input_next' is clicked on

2019-08-23 08:21:40 - [TEST_STEP][PASSED] - delay(3): Delayed 3 second(s)

2019-08-23 08:21:43 - [MESSAGE][PASSED] - Delayed 3 second(s)

2019-08-23 08:21:43 - [TEST_STEP][PASSED] - rightClick(findTestObject("Object Repository/Page_cabi Create ShowTime_Place/input_Show_date_time")): Object: 'Object Repository/Page_cabi Create ShowTime_Place/input_Show_date_time' is right clicked on

2019-08-23 08:21:43 - [MESSAGE][PASSED] - Object: 'Object Repository/Page_cabi Create ShowTime_Place/input_Show_date_time' is right clicked on

2019-08-23 08:21:43 - [TEST_STEP][PASSED] - year = findTestData("virtualShowData").getValue("vsyear", 1): null

2019-08-23 08:21:43 - [TEST_STEP][PASSED] - month = findTestData("virtualShowData").getValue("vsmonth", 1): null

2019-08-23 08:21:43 - [TEST_STEP][PASSED] - day = findTestData("virtualShowData").getValue("vsday", 1): null

2019-08-23 08:21:43 - [TEST_STEP][PASSED] - pastdate = findTestData("virtualShowData").getValue("pastdate", 1): null

2019-08-23 08:21:43 - [TEST_STEP][PASSED] - xpath = UtilityMethods.concat("//td[@data-month='" + month - 1 + "' and @data-year='" + year + "']/a[contains(text(), '" + day + "')]"): null

2019-08-23 08:21:43 - [TEST_STEP][PASSED] - dateObj = new com.kms.katalon.core.testobject.TestObject(td_month_year_day): null

2019-08-23 08:21:43 - [TEST_STEP][PASSED] - dateObj.addProperty("xpath", EQUALS, xpath): null

2019-08-23 08:21:43 - [TEST_STEP][PASSED] - monthBound = 12: null

2019-08-23 08:21:43 - [TEST_STEP][PASSED] - dateObjList = findWebElements(dateObj, 5): null

2019-08-23 08:21:43 - [TEST_STEP][PASSED] - while (dateObjList.size() == 0 && monthBound > 0): null

2019-08-23 08:21:43 - [TEST_STEP][PASSED] - click(dateObj): Object: 'td_month_year_day' is clicked on

2019-08-23 08:21:43 - [MESSAGE][PASSED] - Object: 'td_month_year_day' is clicked on

2019-08-23 08:21:43 - [TEST_STEP][PASSED] - click(findTestObject("Object Repository/Page_cabi Create ShowTime_Place/div_Location for ShowSame as Hostess Home Address")): Object: 'Object Repository/Page_cabi Create ShowTime_Place/div_Location for ShowSame as Hostess Home Address' is clicked on

2019-08-23 08:21:43 - [MESSAGE][PASSED] - Object: 'Object Repository/Page_cabi Create ShowTime_Place/div_Location for ShowSame as Hostess Home Address' is clicked on

2019-08-23 08:21:43 - [TEST_STEP][PASSED] - click(findTestObject("Object Repository/Page_cabi Create ShowTime_Place/input__address_Same_as_hostess")): Object: 'Object Repository/Page_cabi Create ShowTime_Place/input__address_Same_as_hostess' is clicked on

2019-08-23 08:21:44 - [MESSAGE][PASSED] - Object: 'Object Repository/Page_cabi Create ShowTime_Place/input__address_Same_as_hostess' is clicked on

2019-08-23 08:21:44 - [TEST_STEP][PASSED] - click(findTestObject("Object Repository/Page_cabi Create ShowTime_Place/input_Same as show location")): Object: 'Object Repository/Page_cabi Create ShowTime_Place/input_Same as show location' is clicked on

2019-08-23 08:21:44 - [MESSAGE][PASSED] - Object: 'Object Repository/Page_cabi Create ShowTime_Place/input_Same as show location' is clicked on

2019-08-23 08:21:44 - [TEST_STEP][PASSED] - delay(3): Delayed 3 second(s)

2019-08-23 08:21:47 - [MESSAGE][PASSED] - Delayed 3 second(s)

2019-08-23 08:21:47 - [TEST_STEP][PASSED] - click(findTestObject("Object Repository/Page_cabi Create ShowTime_Place/label_Tax Rate Calculated")): Object: 'Object Repository/Page_cabi Create ShowTime_Place/label_Tax Rate Calculated' is clicked on

2019-08-23 08:21:47 - [MESSAGE][PASSED] - Object: 'Object Repository/Page_cabi Create ShowTime_Place/label_Tax Rate Calculated' is clicked on

2019-08-23 08:21:47 - [TEST_STEP][PASSED] - click(findTestObject("Object Repository/Page_cabi Create ShowTime_Place/input_Back_section")): Object: 'Object Repository/Page_cabi Create ShowTime_Place/input_Back_section' is clicked on

2019-08-23 08:21:47 - [MESSAGE][PASSED] - Object: 'Object Repository/Page_cabi Create ShowTime_Place/input_Back_section' is clicked on

2019-08-23 08:21:47 - [TEST_STEP][PASSED] - delay(3): Delayed 3 second(s)

2019-08-23 08:21:50 - [MESSAGE][PASSED] - Delayed 3 second(s)

2019-08-23 08:21:50 - [MESSAGE][PASSED] - Call Test Case 'Test Cases/NewArrival/createAPhysicalShow_IMHostess' successfully

2019-08-23 08:21:50 - [TEST_STEP][PASSED] - delay(2): Delayed 2 second(s)

2019-08-23 08:21:52 - [MESSAGE][PASSED] - Delayed 2 second(s)

2019-08-23 08:21:52 - [TEST_STEP][PASSED] - click(findTestObject("Object Repository/Page_cabi Orders/span_orders")): Object: 'Object Repository/Page_cabi Orders/span_orders' is clicked on

2019-08-23 08:21:54 - [MESSAGE][PASSED] - Object: 'Object Repository/Page_cabi Orders/span_orders' is clicked on

2019-08-23 08:21:54 - [TEST_STEP][PASSED] - click(findTestObject("Object Repository/Page_cabi Orders/button_placeOrder")): Object: 'Object Repository/Page_cabi Orders/button_placeOrder' is clicked on

2019-08-23 08:21:58 - [MESSAGE][PASSED] - Object: 'Object Repository/Page_cabi Orders/button_placeOrder' is clicked on

2019-08-23 08:21:58 - [TEST_STEP][PASSED] - delay(2): Delayed 2 second(s)

2019-08-23 08:22:00 - [MESSAGE][PASSED] - Delayed 2 second(s)

2019-08-23 08:22:00 - [TEST_STEP][PASSED] - click(findTestObject("Object Repository/Page_cabi Order Entry/span_orderItems")): Object: 'Object Repository/Page_cabi Order Entry/span_orderItems' is clicked on

2019-08-23 08:22:00 - [MESSAGE][PASSED] - Object: 'Object Repository/Page_cabi Order Entry/span_orderItems' is clicked on

2019-08-23 08:22:00 - [TEST_STEP][PASSED] - delay(2): Delayed 2 second(s)

2019-08-23 08:22:02 - [MESSAGE][PASSED] - Delayed 2 second(s)

2019-08-23 08:22:02 - [TEST_STEP][FAILED] - callTestCase(findTestCase("NewArrival/productVerifyShort"), ["available":BOShow], STOP_ON_FAILURE): for ([timeRow = 1, timeRow <= findTestData("timezoneData").getRowNumbers(), (timeRow++)]) FAILED.
Reason:
com.kms.katalon.core.exception.StepFailedException: Call Test Case 'Test Cases/NewArrival/productVerifyShort' failed
	at com.kms.katalon.core.keyword.builtin.CallTestCaseKeyword$_callTestCase_closure1.doCall(CallTestCaseKeyword.groovy:63)
	at com.kms.katalon.core.keyword.builtin.CallTestCaseKeyword$_callTestCase_closure1.call(CallTestCaseKeyword.groovy)
	at com.kms.katalon.core.keyword.internal.KeywordMain.runKeyword(KeywordMain.groovy:66)
	at com.kms.katalon.core.keyword.builtin.CallTestCaseKeyword.callTestCase(CallTestCaseKeyword.groovy:81)
	at com.kms.katalon.core.keyword.builtin.CallTestCaseKeyword.execute(CallTestCaseKeyword.groovy:44)
	at com.kms.katalon.core.keyword.internal.KeywordExecutor.executeKeywordForPlatform(KeywordExecutor.groovy:56)
	at com.kms.katalon.core.keyword.BuiltinKeywords.callTestCase(BuiltinKeywords.groovy:334)
	at BOShowOrder.run(BOShowOrder:40)
	at com.kms.katalon.core.main.ScriptEngine.run(ScriptEngine.java:194)
	at com.kms.katalon.core.main.ScriptEngine.runScriptAsRawText(ScriptEngine.java:119)
	at com.kms.katalon.core.main.TestCaseExecutor.runScript(TestCaseExecutor.java:342)
	at com.kms.katalon.core.main.TestCaseExecutor.doExecute(TestCaseExecutor.java:333)
	at com.kms.katalon.core.main.TestCaseExecutor.processExecutionPhase(TestCaseExecutor.java:312)
	at com.kms.katalon.core.main.TestCaseExecutor.accessMainPhase(TestCaseExecutor.java:304)
	at com.kms.katalon.core.main.TestCaseExecutor.execute(TestCaseExecutor.java:238)
	at com.kms.katalon.core.main.TestSuiteExecutor.accessTestCaseMainPhase(TestSuiteExecutor.java:129)
	at com.kms.katalon.core.main.TestSuiteExecutor.accessTestSuiteMainPhase(TestSuiteExecutor.java:112)
	at com.kms.katalon.core.main.TestSuiteExecutor.execute(TestSuiteExecutor.java:81)
	at com.kms.katalon.core.main.TestCaseMain.startTestSuite(TestCaseMain.java:157)
	at com.kms.katalon.core.main.TestCaseMain$startTestSuite$0.call(Unknown Source)
	at TempTestSuite1566527072754.run(TempTestSuite1566527072754.groovy:35)
Caused by: com.kms.katalon.core.exception.StepFailedException: Unable to verify match between actual text '119' and expected text '149' using regular expression (Root cause: com.kms.katalon.core.exception.StepFailedException: Actual text '119' and expected text '149' are not matched using regular expression
	at com.kms.katalon.core.keyword.builtin.VerifyMatchKeyword$_verifyMatch_closure1.doCall(VerifyMatchKeyword.groovy:57)
	at com.kms.katalon.core.keyword.builtin.VerifyMatchKeyword$_verifyMatch_closure1.call(VerifyMatchKeyword.groovy)
	at com.kms.katalon.core.keyword.internal.KeywordMain.runKeyword(KeywordMain.groovy:66)
	at com.kms.katalon.core.keyword.builtin.VerifyMatchKeyword.verifyMatch(VerifyMatchKeyword.groovy:60)
	at com.kms.katalon.core.keyword.builtin.VerifyMatchKeyword.execute(VerifyMatchKeyword.groovy:45)
	at com.kms.katalon.core.keyword.internal.KeywordExecutor.executeKeywordForPlatform(KeywordExecutor.groovy:56)
	at com.kms.katalon.core.keyword.BuiltinKeywords.verifyMatch(BuiltinKeywords.groovy:55)
	at productVerifyShort.run(productVerifyShort:96)
	at com.kms.katalon.core.main.ScriptEngine.run(ScriptEngine.java:194)
	at com.kms.katalon.core.main.ScriptEngine.runScriptAsRawText(ScriptEngine.java:119)
	at com.kms.katalon.core.main.TestCaseExecutor.runScript(TestCaseExecutor.java:342)
	at com.kms.katalon.core.main.TestCaseExecutor.doExecute(TestCaseExecutor.java:333)
	at com.kms.katalon.core.main.TestCaseExecutor.processExecutionPhase(TestCaseExecutor.java:312)
	at com.kms.katalon.core.main.TestCaseExecutor.accessMainPhase(TestCaseExecutor.java:304)
	at com.kms.katalon.core.main.TestCaseExecutor.execute(TestCaseExecutor.java:238)
	at com.kms.katalon.core.main.TestCaseMain.runTestCase(TestCaseMain.java:114)
	at com.kms.katalon.core.keyword.builtin.CallTestCaseKeyword$_callTestCase_closure1.doCall(CallTestCaseKeyword.groovy:59)
	at com.kms.katalon.core.keyword.builtin.CallTestCaseKeyword$_callTestCase_closure1.call(CallTestCaseKeyword.groovy)
	at com.kms.katalon.core.keyword.internal.KeywordMain.runKeyword(KeywordMain.groovy:66)
	at com.kms.katalon.core.keyword.builtin.CallTestCaseKeyword.callTestCase(CallTestCaseKeyword.groovy:81)
	at com.kms.katalon.core.keyword.builtin.CallTestCaseKeyword.execute(CallTestCaseKeyword.groovy:44)
	at com.kms.katalon.core.keyword.internal.KeywordExecutor.executeKeywordForPlatform(KeywordExecutor.groovy:56)
	at com.kms.katalon.core.keyword.BuiltinKeywords.callTestCase(BuiltinKeywords.groovy:334)
	at BOShowOrder.run(BOShowOrder:40)
	at com.kms.katalon.core.main.ScriptEngine.run(ScriptEngine.java:194)
	at com.kms.katalon.core.main.ScriptEngine.runScriptAsRawText(ScriptEngine.java:119)
	at com.kms.katalon.core.main.TestCaseExecutor.runScript(TestCaseExecutor.java:342)
	at com.kms.katalon.core.main.TestCaseExecutor.doExecute(TestCaseExecutor.java:333)
	at com.kms.katalon.core.main.TestCaseExecutor.processExecutionPhase(TestCaseExecutor.java:312)
	at com.kms.katalon.core.main.TestCaseExecutor.accessMainPhase(TestCaseExecutor.java:304)
	at com.kms.katalon.core.main.TestCaseExecutor.execute(TestCaseExecutor.java:238)
	at com.kms.katalon.core.main.TestSuiteExecutor.accessTestCaseMainPhase(TestSuiteExecutor.java:129)
	at com.kms.katalon.core.main.TestSuiteExecutor.accessTestSuiteMainPhase(TestSuiteExecutor.java:112)
	at com.kms.katalon.core.main.TestSuiteExecutor.execute(TestSuiteExecutor.java:81)
	at com.kms.katalon.core.main.TestCaseMain.startTestSuite(TestCaseMain.java:157)
	at com.kms.katalon.core.main.TestCaseMain$startTestSuite$0.call(Unknown Source)
	at TempTestSuite1566527072754.run(TempTestSuite1566527072754.groovy:35)
)
	at com.kms.katalon.core.keyword.internal.KeywordMain.stepFailed(KeywordMain.groovy:37)
	at com.kms.katalon.core.keyword.internal.KeywordMain.stepFailed(KeywordMain.groovy)
	at com.kms.katalon.core.keyword.internal.KeywordMain.runKeyword(KeywordMain.groovy:68)
	at com.kms.katalon.core.keyword.builtin.VerifyMatchKeyword.verifyMatch(VerifyMatchKeyword.groovy:60)
	at com.kms.katalon.core.keyword.builtin.VerifyMatchKeyword.execute(VerifyMatchKeyword.groovy:45)
	at com.kms.katalon.core.keyword.internal.KeywordExecutor.executeKeywordForPlatform(KeywordExecutor.groovy:56)
	at com.kms.katalon.core.keyword.BuiltinKeywords.verifyMatch(BuiltinKeywords.groovy:55)
	at productVerifyShort.run(productVerifyShort:96)
	at com.kms.katalon.core.main.ScriptEngine.run(ScriptEngine.java:194)
	at com.kms.katalon.core.main.ScriptEngine.runScriptAsRawText(ScriptEngine.java:119)
	at com.kms.katalon.core.main.TestCaseExecutor.runScript(TestCaseExecutor.java:342)
	at com.kms.katalon.core.main.TestCaseExecutor.doExecute(TestCaseExecutor.java:333)
	at com.kms.katalon.core.main.TestCaseExecutor.processExecutionPhase(TestCaseExecutor.java:312)
	at com.kms.katalon.core.main.TestCaseExecutor.accessMainPhase(TestCaseExecutor.java:304)
	at com.kms.katalon.core.main.TestCaseExecutor.execute(TestCaseExecutor.java:238)
	at com.kms.katalon.core.main.TestCaseMain.runTestCase(TestCaseMain.java:114)
	at com.kms.katalon.core.keyword.builtin.CallTestCaseKeyword$_callTestCase_closure1.doCall(CallTestCaseKeyword.groovy:59)
	... 20 more
Caused by: com.kms.katalon.core.exception.StepFailedException: Actual text '119' and expected text '149' are not matched using regular expression
	at com.kms.katalon.core.keyword.builtin.VerifyMatchKeyword$_verifyMatch_closure1.doCall(VerifyMatchKeyword.groovy:57)
	at com.kms.katalon.core.keyword.builtin.VerifyMatchKeyword$_verifyMatch_closure1.call(VerifyMatchKeyword.groovy)
	at com.kms.katalon.core.keyword.internal.KeywordMain.runKeyword(KeywordMain.groovy:66)
	... 34 more


2019-08-23 08:22:02 - [TEST_CASE][FAILED] - Test Cases/NewArrival/productVerifyShort: Test Cases/NewArrival/productVerifyShort FAILED.
Reason:
com.kms.katalon.core.exception.StepFailedException: Unable to verify match between actual text '119' and expected text '149' using regular expression (Root cause: com.kms.katalon.core.exception.StepFailedException: Actual text '119' and expected text '149' are not matched using regular expression
	at com.kms.katalon.core.keyword.builtin.VerifyMatchKeyword$_verifyMatch_closure1.doCall(VerifyMatchKeyword.groovy:57)
	at com.kms.katalon.core.keyword.builtin.VerifyMatchKeyword$_verifyMatch_closure1.call(VerifyMatchKeyword.groovy)
	at com.kms.katalon.core.keyword.internal.KeywordMain.runKeyword(KeywordMain.groovy:66)
	at com.kms.katalon.core.keyword.builtin.VerifyMatchKeyword.verifyMatch(VerifyMatchKeyword.groovy:60)
	at com.kms.katalon.core.keyword.builtin.VerifyMatchKeyword.execute(VerifyMatchKeyword.groovy:45)
	at com.kms.katalon.core.keyword.internal.KeywordExecutor.executeKeywordForPlatform(KeywordExecutor.groovy:56)
	at com.kms.katalon.core.keyword.BuiltinKeywords.verifyMatch(BuiltinKeywords.groovy:55)
	at productVerifyShort.run(productVerifyShort:96)
	at com.kms.katalon.core.main.ScriptEngine.run(ScriptEngine.java:194)
	at com.kms.katalon.core.main.ScriptEngine.runScriptAsRawText(ScriptEngine.java:119)
	at com.kms.katalon.core.main.TestCaseExecutor.runScript(TestCaseExecutor.java:342)
	at com.kms.katalon.core.main.TestCaseExecutor.doExecute(TestCaseExecutor.java:333)
	at com.kms.katalon.core.main.TestCaseExecutor.processExecutionPhase(TestCaseExecutor.java:312)
	at com.kms.katalon.core.main.TestCaseExecutor.accessMainPhase(TestCaseExecutor.java:304)
	at com.kms.katalon.core.main.TestCaseExecutor.execute(TestCaseExecutor.java:238)
	at com.kms.katalon.core.main.TestCaseMain.runTestCase(TestCaseMain.java:114)
	at com.kms.katalon.core.keyword.builtin.CallTestCaseKeyword$_callTestCase_closure1.doCall(CallTestCaseKeyword.groovy:59)
	at com.kms.katalon.core.keyword.builtin.CallTestCaseKeyword$_callTestCase_closure1.call(CallTestCaseKeyword.groovy)
	at com.kms.katalon.core.keyword.internal.KeywordMain.runKeyword(KeywordMain.groovy:66)
	at com.kms.katalon.core.keyword.builtin.CallTestCaseKeyword.callTestCase(CallTestCaseKeyword.groovy:81)
	at com.kms.katalon.core.keyword.builtin.CallTestCaseKeyword.execute(CallTestCaseKeyword.groovy:44)
	at com.kms.katalon.core.keyword.internal.KeywordExecutor.executeKeywordForPlatform(KeywordExecutor.groovy:56)
	at com.kms.katalon.core.keyword.BuiltinKeywords.callTestCase(BuiltinKeywords.groovy:334)
	at BOShowOrder.run(BOShowOrder:40)
	at com.kms.katalon.core.main.ScriptEngine.run(ScriptEngine.java:194)
	at com.kms.katalon.core.main.ScriptEngine.runScriptAsRawText(ScriptEngine.java:119)
	at com.kms.katalon.core.main.TestCaseExecutor.runScript(TestCaseExecutor.java:342)
	at com.kms.katalon.core.main.TestCaseExecutor.doExecute(TestCaseExecutor.java:333)
	at com.kms.katalon.core.main.TestCaseExecutor.processExecutionPhase(TestCaseExecutor.java:312)
	at com.kms.katalon.core.main.TestCaseExecutor.accessMainPhase(TestCaseExecutor.java:304)
	at com.kms.katalon.core.main.TestCaseExecutor.execute(TestCaseExecutor.java:238)
	at com.kms.katalon.core.main.TestSuiteExecutor.accessTestCaseMainPhase(TestSuiteExecutor.java:129)
	at com.kms.katalon.core.main.TestSuiteExecutor.accessTestSuiteMainPhase(TestSuiteExecutor.java:112)
	at com.kms.katalon.core.main.TestSuiteExecutor.execute(TestSuiteExecutor.java:81)
	at com.kms.katalon.core.main.TestCaseMain.startTestSuite(TestCaseMain.java:157)
	at com.kms.katalon.core.main.TestCaseMain$startTestSuite$0.call(Unknown Source)
	at TempTestSuite1566527072754.run(TempTestSuite1566527072754.groovy:35)
)
	at com.kms.katalon.core.keyword.internal.KeywordMain.stepFailed(KeywordMain.groovy:37)
	at com.kms.katalon.core.keyword.internal.KeywordMain.stepFailed(KeywordMain.groovy)
	at com.kms.katalon.core.keyword.internal.KeywordMain.runKeyword(KeywordMain.groovy:68)
	at com.kms.katalon.core.keyword.builtin.VerifyMatchKeyword.verifyMatch(VerifyMatchKeyword.groovy:60)
	at com.kms.katalon.core.keyword.builtin.VerifyMatchKeyword.execute(VerifyMatchKeyword.groovy:45)
	at com.kms.katalon.core.keyword.internal.KeywordExecutor.executeKeywordForPlatform(KeywordExecutor.groovy:56)
	at com.kms.katalon.core.keyword.BuiltinKeywords.verifyMatch(BuiltinKeywords.groovy:55)
	at productVerifyShort.run(productVerifyShort:96)
	at com.kms.katalon.core.main.ScriptEngine.run(ScriptEngine.java:194)
	at com.kms.katalon.core.main.ScriptEngine.runScriptAsRawText(ScriptEngine.java:119)
	at com.kms.katalon.core.main.TestCaseExecutor.runScript(TestCaseExecutor.java:342)
	at com.kms.katalon.core.main.TestCaseExecutor.doExecute(TestCaseExecutor.java:333)
	at com.kms.katalon.core.main.TestCaseExecutor.processExecutionPhase(TestCaseExecutor.java:312)
	at com.kms.katalon.core.main.TestCaseExecutor.accessMainPhase(TestCaseExecutor.java:304)
	at com.kms.katalon.core.main.TestCaseExecutor.execute(TestCaseExecutor.java:238)
	at com.kms.katalon.core.main.TestCaseMain.runTestCase(TestCaseMain.java:114)
	at com.kms.katalon.core.keyword.builtin.CallTestCaseKeyword$_callTestCase_closure1.doCall(CallTestCaseKeyword.groovy:59)
	at com.kms.katalon.core.keyword.builtin.CallTestCaseKeyword$_callTestCase_closure1.call(CallTestCaseKeyword.groovy)
	at com.kms.katalon.core.keyword.internal.KeywordMain.runKeyword(KeywordMain.groovy:66)
	at com.kms.katalon.core.keyword.builtin.CallTestCaseKeyword.callTestCase(CallTestCaseKeyword.groovy:81)
	at com.kms.katalon.core.keyword.builtin.CallTestCaseKeyword.execute(CallTestCaseKeyword.groovy:44)
	at com.kms.katalon.core.keyword.internal.KeywordExecutor.executeKeywordForPlatform(KeywordExecutor.groovy:56)
	at com.kms.katalon.core.keyword.BuiltinKeywords.callTestCase(BuiltinKeywords.groovy:334)
	at BOShowOrder.run(BOShowOrder:40)
	at com.kms.katalon.core.main.ScriptEngine.run(ScriptEngine.java:194)
	at com.kms.katalon.core.main.ScriptEngine.runScriptAsRawText(ScriptEngine.java:119)
	at com.kms.katalon.core.main.TestCaseExecutor.runScript(TestCaseExecutor.java:342)
	at com.kms.katalon.core.main.TestCaseExecutor.doExecute(TestCaseExecutor.java:333)
	at com.kms.katalon.core.main.TestCaseExecutor.processExecutionPhase(TestCaseExecutor.java:312)
	at com.kms.katalon.core.main.TestCaseExecutor.accessMainPhase(TestCaseExecutor.java:304)
	at com.kms.katalon.core.main.TestCaseExecutor.execute(TestCaseExecutor.java:238)
	at com.kms.katalon.core.main.TestSuiteExecutor.accessTestCaseMainPhase(TestSuiteExecutor.java:129)
	at com.kms.katalon.core.main.TestSuiteExecutor.accessTestSuiteMainPhase(TestSuiteExecutor.java:112)
	at com.kms.katalon.core.main.TestSuiteExecutor.execute(TestSuiteExecutor.java:81)
	at com.kms.katalon.core.main.TestCaseMain.startTestSuite(TestCaseMain.java:157)
	at com.kms.katalon.core.main.TestCaseMain$startTestSuite$0.call(Unknown Source)
	at TempTestSuite1566527072754.run(TempTestSuite1566527072754.groovy:35)
Caused by: com.kms.katalon.core.exception.StepFailedException: Actual text '119' and expected text '149' are not matched using regular expression
	at com.kms.katalon.core.keyword.builtin.VerifyMatchKeyword$_verifyMatch_closure1.doCall(VerifyMatchKeyword.groovy:57)
	at com.kms.katalon.core.keyword.builtin.VerifyMatchKeyword$_verifyMatch_closure1.call(VerifyMatchKeyword.groovy)
	at com.kms.katalon.core.keyword.internal.KeywordMain.runKeyword(KeywordMain.groovy:66)
	... 34 more


2019-08-23 08:22:02 - [TEST_STEP][FAILED] - for ([row = 1, row <= findTestData("productData").getRowNumbers(), (row++)]): for ([row = 1, row <= findTestData("productData").getRowNumbers(), (row++)]) FAILED.
Reason:
com.kms.katalon.core.exception.StepFailedException: Unable to verify match between actual text '119' and expected text '149' using regular expression (Root cause: com.kms.katalon.core.exception.StepFailedException: Actual text '119' and expected text '149' are not matched using regular expression
	at com.kms.katalon.core.keyword.builtin.VerifyMatchKeyword$_verifyMatch_closure1.doCall(VerifyMatchKeyword.groovy:57)
	at com.kms.katalon.core.keyword.builtin.VerifyMatchKeyword$_verifyMatch_closure1.call(VerifyMatchKeyword.groovy)
	at com.kms.katalon.core.keyword.internal.KeywordMain.runKeyword(KeywordMain.groovy:66)
	at com.kms.katalon.core.keyword.builtin.VerifyMatchKeyword.verifyMatch(VerifyMatchKeyword.groovy:60)
	at com.kms.katalon.core.keyword.builtin.VerifyMatchKeyword.execute(VerifyMatchKeyword.groovy:45)
	at com.kms.katalon.core.keyword.internal.KeywordExecutor.executeKeywordForPlatform(KeywordExecutor.groovy:56)
	at com.kms.katalon.core.keyword.BuiltinKeywords.verifyMatch(BuiltinKeywords.groovy:55)
	at productVerifyShort.run(productVerifyShort:96)
	at com.kms.katalon.core.main.ScriptEngine.run(ScriptEngine.java:194)
	at com.kms.katalon.core.main.ScriptEngine.runScriptAsRawText(ScriptEngine.java:119)
	at com.kms.katalon.core.main.TestCaseExecutor.runScript(TestCaseExecutor.java:342)
	at com.kms.katalon.core.main.TestCaseExecutor.doExecute(TestCaseExecutor.java:333)
	at com.kms.katalon.core.main.TestCaseExecutor.processExecutionPhase(TestCaseExecutor.java:312)
	at com.kms.katalon.core.main.TestCaseExecutor.accessMainPhase(TestCaseExecutor.java:304)
	at com.kms.katalon.core.main.TestCaseExecutor.execute(TestCaseExecutor.java:238)
	at com.kms.katalon.core.main.TestCaseMain.runTestCase(TestCaseMain.java:114)
	at com.kms.katalon.core.keyword.builtin.CallTestCaseKeyword$_callTestCase_closure1.doCall(CallTestCaseKeyword.groovy:59)
	at com.kms.katalon.core.keyword.builtin.CallTestCaseKeyword$_callTestCase_closure1.call(CallTestCaseKeyword.groovy)
	at com.kms.katalon.core.keyword.internal.KeywordMain.runKeyword(KeywordMain.groovy:66)
	at com.kms.katalon.core.keyword.builtin.CallTestCaseKeyword.callTestCase(CallTestCaseKeyword.groovy:81)
	at com.kms.katalon.core.keyword.builtin.CallTestCaseKeyword.execute(CallTestCaseKeyword.groovy:44)
	at com.kms.katalon.core.keyword.internal.KeywordExecutor.executeKeywordForPlatform(KeywordExecutor.groovy:56)
	at com.kms.katalon.core.keyword.BuiltinKeywords.callTestCase(BuiltinKeywords.groovy:334)
	at BOShowOrder.run(BOShowOrder:40)
	at com.kms.katalon.core.main.ScriptEngine.run(ScriptEngine.java:194)
	at com.kms.katalon.core.main.ScriptEngine.runScriptAsRawText(ScriptEngine.java:119)
	at com.kms.katalon.core.main.TestCaseExecutor.runScript(TestCaseExecutor.java:342)
	at com.kms.katalon.core.main.TestCaseExecutor.doExecute(TestCaseExecutor.java:333)
	at com.kms.katalon.core.main.TestCaseExecutor.processExecutionPhase(TestCaseExecutor.java:312)
	at com.kms.katalon.core.main.TestCaseExecutor.accessMainPhase(TestCaseExecutor.java:304)
	at com.kms.katalon.core.main.TestCaseExecutor.execute(TestCaseExecutor.java:238)
	at com.kms.katalon.core.main.TestSuiteExecutor.accessTestCaseMainPhase(TestSuiteExecutor.java:129)
	at com.kms.katalon.core.main.TestSuiteExecutor.accessTestSuiteMainPhase(TestSuiteExecutor.java:112)
	at com.kms.katalon.core.main.TestSuiteExecutor.execute(TestSuiteExecutor.java:81)
	at com.kms.katalon.core.main.TestCaseMain.startTestSuite(TestCaseMain.java:157)
	at com.kms.katalon.core.main.TestCaseMain$startTestSuite$0.call(Unknown Source)
	at TempTestSuite1566527072754.run(TempTestSuite1566527072754.groovy:35)
)
	at com.kms.katalon.core.keyword.internal.KeywordMain.stepFailed(KeywordMain.groovy:37)
	at com.kms.katalon.core.keyword.internal.KeywordMain.stepFailed(KeywordMain.groovy)
	at com.kms.katalon.core.keyword.internal.KeywordMain.runKeyword(KeywordMain.groovy:68)
	at com.kms.katalon.core.keyword.builtin.VerifyMatchKeyword.verifyMatch(VerifyMatchKeyword.groovy:60)
	at com.kms.katalon.core.keyword.builtin.VerifyMatchKeyword.execute(VerifyMatchKeyword.groovy:45)
	at com.kms.katalon.core.keyword.internal.KeywordExecutor.executeKeywordForPlatform(KeywordExecutor.groovy:56)
	at com.kms.katalon.core.keyword.BuiltinKeywords.verifyMatch(BuiltinKeywords.groovy:55)
	at productVerifyShort.run(productVerifyShort:96)
	at com.kms.katalon.core.main.ScriptEngine.run(ScriptEngine.java:194)
	at com.kms.katalon.core.main.ScriptEngine.runScriptAsRawText(ScriptEngine.java:119)
	at com.kms.katalon.core.main.TestCaseExecutor.runScript(TestCaseExecutor.java:342)
	at com.kms.katalon.core.main.TestCaseExecutor.doExecute(TestCaseExecutor.java:333)
	at com.kms.katalon.core.main.TestCaseExecutor.processExecutionPhase(TestCaseExecutor.java:312)
	at com.kms.katalon.core.main.TestCaseExecutor.accessMainPhase(TestCaseExecutor.java:304)
	at com.kms.katalon.core.main.TestCaseExecutor.execute(TestCaseExecutor.java:238)
	at com.kms.katalon.core.main.TestCaseMain.runTestCase(TestCaseMain.java:114)
	at com.kms.katalon.core.keyword.builtin.CallTestCaseKeyword$_callTestCase_closure1.doCall(CallTestCaseKeyword.groovy:59)
	at com.kms.katalon.core.keyword.builtin.CallTestCaseKeyword$_callTestCase_closure1.call(CallTestCaseKeyword.groovy)
	at com.kms.katalon.core.keyword.internal.KeywordMain.runKeyword(KeywordMain.groovy:66)
	at com.kms.katalon.core.keyword.builtin.CallTestCaseKeyword.callTestCase(CallTestCaseKeyword.groovy:81)
	at com.kms.katalon.core.keyword.builtin.CallTestCaseKeyword.execute(CallTestCaseKeyword.groovy:44)
	at com.kms.katalon.core.keyword.internal.KeywordExecutor.executeKeywordForPlatform(KeywordExecutor.groovy:56)
	at com.kms.katalon.core.keyword.BuiltinKeywords.callTestCase(BuiltinKeywords.groovy:334)
	at BOShowOrder.run(BOShowOrder:40)
	at com.kms.katalon.core.main.ScriptEngine.run(ScriptEngine.java:194)
	at com.kms.katalon.core.main.ScriptEngine.runScriptAsRawText(ScriptEngine.java:119)
	at com.kms.katalon.core.main.TestCaseExecutor.runScript(TestCaseExecutor.java:342)
	at com.kms.katalon.core.main.TestCaseExecutor.doExecute(TestCaseExecutor.java:333)
	at com.kms.katalon.core.main.TestCaseExecutor.processExecutionPhase(TestCaseExecutor.java:312)
	at com.kms.katalon.core.main.TestCaseExecutor.accessMainPhase(TestCaseExecutor.java:304)
	at com.kms.katalon.core.main.TestCaseExecutor.execute(TestCaseExecutor.java:238)
	at com.kms.katalon.core.main.TestSuiteExecutor.accessTestCaseMainPhase(TestSuiteExecutor.java:129)
	at com.kms.katalon.core.main.TestSuiteExecutor.accessTestSuiteMainPhase(TestSuiteExecutor.java:112)
	at com.kms.katalon.core.main.TestSuiteExecutor.execute(TestSuiteExecutor.java:81)
	at com.kms.katalon.core.main.TestCaseMain.startTestSuite(TestCaseMain.java:157)
	at com.kms.katalon.core.main.TestCaseMain$startTestSuite$0.call(Unknown Source)
	at TempTestSuite1566527072754.run(TempTestSuite1566527072754.groovy:35)
Caused by: com.kms.katalon.core.exception.StepFailedException: Actual text '119' and expected text '149' are not matched using regular expression
	at com.kms.katalon.core.keyword.builtin.VerifyMatchKeyword$_verifyMatch_closure1.doCall(VerifyMatchKeyword.groovy:57)
	at com.kms.katalon.core.keyword.builtin.VerifyMatchKeyword$_verifyMatch_closure1.call(VerifyMatchKeyword.groovy)
	at com.kms.katalon.core.keyword.internal.KeywordMain.runKeyword(KeywordMain.groovy:66)
	... 34 more


2019-08-23 08:22:02 - [TEST_STEP][PASSED] - delay(2): Delayed 2 second(s)

2019-08-23 08:22:04 - [MESSAGE][PASSED] - Delayed 2 second(s)

2019-08-23 08:22:04 - [TEST_STEP][PASSED] - setText(findTestObject("Object Repository/Page_cabi Create Order/input_Manual Discount_stylelookup_0"), findTestData("productData").getValue("Style", row)): Text '3842' is set on object 'Object Repository/Page_cabi Create Order/input_Manual Discount_stylelookup_0'

2019-08-23 08:22:04 - [MESSAGE][PASSED] - Text '3842' is set on object 'Object Repository/Page_cabi Create Order/input_Manual Discount_stylelookup_0'

2019-08-23 08:22:04 - [TEST_STEP][PASSED] - delay(2): Delayed 2 second(s)

2019-08-23 08:22:06 - [MESSAGE][PASSED] - Delayed 2 second(s)

2019-08-23 08:22:06 - [TEST_STEP][PASSED] - prod_message = getText(findTestObject("Page_cabi Create Order/first_option")): Text of object 'Object Repository/Page_cabi Create Order/first_option' is: '3842 Luxe Turtleneck'

2019-08-23 08:22:06 - [MESSAGE][PASSED] - Text of object 'Object Repository/Page_cabi Create Order/first_option' is: '3842 Luxe Turtleneck'

2019-08-23 08:22:06 - [TEST_STEP][PASSED] - delay(1): Delayed 1 second(s)

2019-08-23 08:22:07 - [MESSAGE][PASSED] - Delayed 1 second(s)

2019-08-23 08:22:07 - [TEST_STEP][PASSED] - click(findTestObject("Page_cabi Create Order/first_option")): Object: 'Object Repository/Page_cabi Create Order/first_option' is clicked on

2019-08-23 08:22:07 - [MESSAGE][PASSED] - Object: 'Object Repository/Page_cabi Create Order/first_option' is clicked on

2019-08-23 08:22:07 - [TEST_STEP][PASSED] - if (toString().equalsIgnoreCase("no")): null

2019-08-23 08:22:07 - [TEST_STEP][FAILED] - else: for ([row = 1, row <= findTestData("productData").getRowNumbers(), (row++)]) FAILED.
Reason:
com.kms.katalon.core.exception.StepFailedException: Unable to verify match between actual text '119' and expected text '149' using regular expression (Root cause: com.kms.katalon.core.exception.StepFailedException: Actual text '119' and expected text '149' are not matched using regular expression
	at com.kms.katalon.core.keyword.builtin.VerifyMatchKeyword$_verifyMatch_closure1.doCall(VerifyMatchKeyword.groovy:57)
	at com.kms.katalon.core.keyword.builtin.VerifyMatchKeyword$_verifyMatch_closure1.call(VerifyMatchKeyword.groovy)
	at com.kms.katalon.core.keyword.internal.KeywordMain.runKeyword(KeywordMain.groovy:66)
	at com.kms.katalon.core.keyword.builtin.VerifyMatchKeyword.verifyMatch(VerifyMatchKeyword.groovy:60)
	at com.kms.katalon.core.keyword.builtin.VerifyMatchKeyword.execute(VerifyMatchKeyword.groovy:45)
	at com.kms.katalon.core.keyword.internal.KeywordExecutor.executeKeywordForPlatform(KeywordExecutor.groovy:56)
	at com.kms.katalon.core.keyword.BuiltinKeywords.verifyMatch(BuiltinKeywords.groovy:55)
	at productVerifyShort.run(productVerifyShort:96)
	at com.kms.katalon.core.main.ScriptEngine.run(ScriptEngine.java:194)
	at com.kms.katalon.core.main.ScriptEngine.runScriptAsRawText(ScriptEngine.java:119)
	at com.kms.katalon.core.main.TestCaseExecutor.runScript(TestCaseExecutor.java:342)
	at com.kms.katalon.core.main.TestCaseExecutor.doExecute(TestCaseExecutor.java:333)
	at com.kms.katalon.core.main.TestCaseExecutor.processExecutionPhase(TestCaseExecutor.java:312)
	at com.kms.katalon.core.main.TestCaseExecutor.accessMainPhase(TestCaseExecutor.java:304)
	at com.kms.katalon.core.main.TestCaseExecutor.execute(TestCaseExecutor.java:238)
	at com.kms.katalon.core.main.TestCaseMain.runTestCase(TestCaseMain.java:114)
	at com.kms.katalon.core.keyword.builtin.CallTestCaseKeyword$_callTestCase_closure1.doCall(CallTestCaseKeyword.groovy:59)
	at com.kms.katalon.core.keyword.builtin.CallTestCaseKeyword$_callTestCase_closure1.call(CallTestCaseKeyword.groovy)
	at com.kms.katalon.core.keyword.internal.KeywordMain.runKeyword(KeywordMain.groovy:66)
	at com.kms.katalon.core.keyword.builtin.CallTestCaseKeyword.callTestCase(CallTestCaseKeyword.groovy:81)
	at com.kms.katalon.core.keyword.builtin.CallTestCaseKeyword.execute(CallTestCaseKeyword.groovy:44)
	at com.kms.katalon.core.keyword.internal.KeywordExecutor.executeKeywordForPlatform(KeywordExecutor.groovy:56)
	at com.kms.katalon.core.keyword.BuiltinKeywords.callTestCase(BuiltinKeywords.groovy:334)
	at BOShowOrder.run(BOShowOrder:40)
	at com.kms.katalon.core.main.ScriptEngine.run(ScriptEngine.java:194)
	at com.kms.katalon.core.main.ScriptEngine.runScriptAsRawText(ScriptEngine.java:119)
	at com.kms.katalon.core.main.TestCaseExecutor.runScript(TestCaseExecutor.java:342)
	at com.kms.katalon.core.main.TestCaseExecutor.doExecute(TestCaseExecutor.java:333)
	at com.kms.katalon.core.main.TestCaseExecutor.processExecutionPhase(TestCaseExecutor.java:312)
	at com.kms.katalon.core.main.TestCaseExecutor.accessMainPhase(TestCaseExecutor.java:304)
	at com.kms.katalon.core.main.TestCaseExecutor.execute(TestCaseExecutor.java:238)
	at com.kms.katalon.core.main.TestSuiteExecutor.accessTestCaseMainPhase(TestSuiteExecutor.java:129)
	at com.kms.katalon.core.main.TestSuiteExecutor.accessTestSuiteMainPhase(TestSuiteExecutor.java:112)
	at com.kms.katalon.core.main.TestSuiteExecutor.execute(TestSuiteExecutor.java:81)
	at com.kms.katalon.core.main.TestCaseMain.startTestSuite(TestCaseMain.java:157)
	at com.kms.katalon.core.main.TestCaseMain$startTestSuite$0.call(Unknown Source)
	at TempTestSuite1566527072754.run(TempTestSuite1566527072754.groovy:35)
)
	at com.kms.katalon.core.keyword.internal.KeywordMain.stepFailed(KeywordMain.groovy:37)
	at com.kms.katalon.core.keyword.internal.KeywordMain.stepFailed(KeywordMain.groovy)
	at com.kms.katalon.core.keyword.internal.KeywordMain.runKeyword(KeywordMain.groovy:68)
	at com.kms.katalon.core.keyword.builtin.VerifyMatchKeyword.verifyMatch(VerifyMatchKeyword.groovy:60)
	at com.kms.katalon.core.keyword.builtin.VerifyMatchKeyword.execute(VerifyMatchKeyword.groovy:45)
	at com.kms.katalon.core.keyword.internal.KeywordExecutor.executeKeywordForPlatform(KeywordExecutor.groovy:56)
	at com.kms.katalon.core.keyword.BuiltinKeywords.verifyMatch(BuiltinKeywords.groovy:55)
	at productVerifyShort.run(productVerifyShort:96)
	at com.kms.katalon.core.main.ScriptEngine.run(ScriptEngine.java:194)
	at com.kms.katalon.core.main.ScriptEngine.runScriptAsRawText(ScriptEngine.java:119)
	at com.kms.katalon.core.main.TestCaseExecutor.runScript(TestCaseExecutor.java:342)
	at com.kms.katalon.core.main.TestCaseExecutor.doExecute(TestCaseExecutor.java:333)
	at com.kms.katalon.core.main.TestCaseExecutor.processExecutionPhase(TestCaseExecutor.java:312)
	at com.kms.katalon.core.main.TestCaseExecutor.accessMainPhase(TestCaseExecutor.java:304)
	at com.kms.katalon.core.main.TestCaseExecutor.execute(TestCaseExecutor.java:238)
	at com.kms.katalon.core.main.TestCaseMain.runTestCase(TestCaseMain.java:114)
	at com.kms.katalon.core.keyword.builtin.CallTestCaseKeyword$_callTestCase_closure1.doCall(CallTestCaseKeyword.groovy:59)
	at com.kms.katalon.core.keyword.builtin.CallTestCaseKeyword$_callTestCase_closure1.call(CallTestCaseKeyword.groovy)
	at com.kms.katalon.core.keyword.internal.KeywordMain.runKeyword(KeywordMain.groovy:66)
	at com.kms.katalon.core.keyword.builtin.CallTestCaseKeyword.callTestCase(CallTestCaseKeyword.groovy:81)
	at com.kms.katalon.core.keyword.builtin.CallTestCaseKeyword.execute(CallTestCaseKeyword.groovy:44)
	at com.kms.katalon.core.keyword.internal.KeywordExecutor.executeKeywordForPlatform(KeywordExecutor.groovy:56)
	at com.kms.katalon.core.keyword.BuiltinKeywords.callTestCase(BuiltinKeywords.groovy:334)
	at BOShowOrder.run(BOShowOrder:40)
	at com.kms.katalon.core.main.ScriptEngine.run(ScriptEngine.java:194)
	at com.kms.katalon.core.main.ScriptEngine.runScriptAsRawText(ScriptEngine.java:119)
	at com.kms.katalon.core.main.TestCaseExecutor.runScript(TestCaseExecutor.java:342)
	at com.kms.katalon.core.main.TestCaseExecutor.doExecute(TestCaseExecutor.java:333)
	at com.kms.katalon.core.main.TestCaseExecutor.processExecutionPhase(TestCaseExecutor.java:312)
	at com.kms.katalon.core.main.TestCaseExecutor.accessMainPhase(TestCaseExecutor.java:304)
	at com.kms.katalon.core.main.TestCaseExecutor.execute(TestCaseExecutor.java:238)
	at com.kms.katalon.core.main.TestSuiteExecutor.accessTestCaseMainPhase(TestSuiteExecutor.java:129)
	at com.kms.katalon.core.main.TestSuiteExecutor.accessTestSuiteMainPhase(TestSuiteExecutor.java:112)
	at com.kms.katalon.core.main.TestSuiteExecutor.execute(TestSuiteExecutor.java:81)
	at com.kms.katalon.core.main.TestCaseMain.startTestSuite(TestCaseMain.java:157)
	at com.kms.katalon.core.main.TestCaseMain$startTestSuite$0.call(Unknown Source)
	at TempTestSuite1566527072754.run(TempTestSuite1566527072754.groovy:35)
Caused by: com.kms.katalon.core.exception.StepFailedException: Actual text '119' and expected text '149' are not matched using regular expression
	at com.kms.katalon.core.keyword.builtin.VerifyMatchKeyword$_verifyMatch_closure1.doCall(VerifyMatchKeyword.groovy:57)
	at com.kms.katalon.core.keyword.builtin.VerifyMatchKeyword$_verifyMatch_closure1.call(VerifyMatchKeyword.groovy)
	at com.kms.katalon.core.keyword.internal.KeywordMain.runKeyword(KeywordMain.groovy:66)
	... 34 more


2019-08-23 08:22:07 - [TEST_STEP][PASSED] - delay(3): Delayed 3 second(s)

2019-08-23 08:22:10 - [MESSAGE][PASSED] - Delayed 3 second(s)

2019-08-23 08:22:10 - [TEST_STEP][PASSED] - s1 = getValue("Style", row).toString(): null

2019-08-23 08:22:10 - [TEST_STEP][PASSED] - s2 = " ": null

2019-08-23 08:22:10 - [TEST_STEP][PASSED] - s3 = getValue("Description", row).toString(): null

2019-08-23 08:22:10 - [TEST_STEP][PASSED] - expectedStyleDescription = $s1$s2$s3: null

2019-08-23 08:22:10 - [TEST_STEP][PASSED] - prod_message = UtilityMethods.splitStyle(prod_message): null

2019-08-23 08:22:10 - [TEST_STEP][PASSED] - println(prod_message): null

2019-08-23 08:22:10 - [TEST_STEP][PASSED] - assert prod_message.equalsIgnoreCase(expectedStyleDescription): null

2019-08-23 08:22:10 - [TEST_STEP][PASSED] - delay(3): Delayed 3 second(s)

2019-08-23 08:22:13 - [MESSAGE][PASSED] - Delayed 3 second(s)

2019-08-23 08:22:13 - [TEST_STEP][PASSED] - colorOptions = findWebElements(findTestObject("Page_cabi Order Items/GetAttribute_Color"), 5): null

2019-08-23 08:22:13 - [TEST_STEP][PASSED] - println(colorOptions.size()): null

2019-08-23 08:22:13 - [TEST_STEP][PASSED] - expectedColour = findTestData("productData").getValue("Color", row): null

2019-08-23 08:22:13 - [TEST_STEP][PASSED] - println("expected colour is"): null

2019-08-23 08:22:13 - [TEST_STEP][PASSED] - println(expectedColour): null

2019-08-23 08:22:13 - [TEST_STEP][PASSED] - colourVerified = false: null

2019-08-23 08:22:13 - [TEST_STEP][PASSED] - for (org.openqa.selenium.WebElement op : colorOptions): null

2019-08-23 08:22:13 - [TEST_STEP][PASSED] - println(op.getText()): null

2019-08-23 08:22:13 - [TEST_STEP][PASSED] - if (expectedColour.equalsIgnoreCase(op.getText())): null

2019-08-23 08:22:13 - [TEST_STEP][PASSED] - colourVerified = true: null

2019-08-23 08:22:13 - [TEST_STEP][PASSED] - break: null

2019-08-23 08:22:13 - [TEST_STEP][PASSED] - assert colourVerified == true: null

2019-08-23 08:22:13 - [TEST_STEP][PASSED] - getPrice = getText(findTestObject("Page_cabi Create Order/retail_price")): Text of object 'Object Repository/Page_cabi Create Order/retail_price' is: '$119.00'

2019-08-23 08:22:13 - [MESSAGE][PASSED] - Text of object 'Object Repository/Page_cabi Create Order/retail_price' is: '$119.00'

2019-08-23 08:22:13 - [TEST_STEP][PASSED] - Split_Data = UtilityMethods.SplitData(getPrice): null

2019-08-23 08:22:13 - [TEST_STEP][FAILED] - verifyMatch(Split_Data, findTestData("productData").getValue("Retail", row), true, CONTINUE_ON_FAILURE): Unable to verify match between actual text '119' and expected text '149' using regular expression (Root cause: com.kms.katalon.core.exception.StepFailedException: Actual text '119' and expected text '149' are not matched using regular expression
	at com.kms.katalon.core.keyword.builtin.VerifyMatchKeyword$_verifyMatch_closure1.doCall(VerifyMatchKeyword.groovy:57)
	at com.kms.katalon.core.keyword.builtin.VerifyMatchKeyword$_verifyMatch_closure1.call(VerifyMatchKeyword.groovy)
	at com.kms.katalon.core.keyword.internal.KeywordMain.runKeyword(KeywordMain.groovy:66)
	at com.kms.katalon.core.keyword.builtin.VerifyMatchKeyword.verifyMatch(VerifyMatchKeyword.groovy:60)
	at com.kms.katalon.core.keyword.builtin.VerifyMatchKeyword.execute(VerifyMatchKeyword.groovy:45)
	at com.kms.katalon.core.keyword.internal.KeywordExecutor.executeKeywordForPlatform(KeywordExecutor.groovy:56)
	at com.kms.katalon.core.keyword.BuiltinKeywords.verifyMatch(BuiltinKeywords.groovy:55)
	at productVerifyShort.run(productVerifyShort:96)
	at com.kms.katalon.core.main.ScriptEngine.run(ScriptEngine.java:194)
	at com.kms.katalon.core.main.ScriptEngine.runScriptAsRawText(ScriptEngine.java:119)
	at com.kms.katalon.core.main.TestCaseExecutor.runScript(TestCaseExecutor.java:342)
	at com.kms.katalon.core.main.TestCaseExecutor.doExecute(TestCaseExecutor.java:333)
	at com.kms.katalon.core.main.TestCaseExecutor.processExecutionPhase(TestCaseExecutor.java:312)
	at com.kms.katalon.core.main.TestCaseExecutor.accessMainPhase(TestCaseExecutor.java:304)
	at com.kms.katalon.core.main.TestCaseExecutor.execute(TestCaseExecutor.java:238)
	at com.kms.katalon.core.main.TestCaseMain.runTestCase(TestCaseMain.java:114)
	at com.kms.katalon.core.keyword.builtin.CallTestCaseKeyword$_callTestCase_closure1.doCall(CallTestCaseKeyword.groovy:59)
	at com.kms.katalon.core.keyword.builtin.CallTestCaseKeyword$_callTestCase_closure1.call(CallTestCaseKeyword.groovy)
	at com.kms.katalon.core.keyword.internal.KeywordMain.runKeyword(KeywordMain.groovy:66)
	at com.kms.katalon.core.keyword.builtin.CallTestCaseKeyword.callTestCase(CallTestCaseKeyword.groovy:81)
	at com.kms.katalon.core.keyword.builtin.CallTestCaseKeyword.execute(CallTestCaseKeyword.groovy:44)
	at com.kms.katalon.core.keyword.internal.KeywordExecutor.executeKeywordForPlatform(KeywordExecutor.groovy:56)
	at com.kms.katalon.core.keyword.BuiltinKeywords.callTestCase(BuiltinKeywords.groovy:334)
	at BOShowOrder.run(BOShowOrder:40)
	at com.kms.katalon.core.main.ScriptEngine.run(ScriptEngine.java:194)
	at com.kms.katalon.core.main.ScriptEngine.runScriptAsRawText(ScriptEngine.java:119)
	at com.kms.katalon.core.main.TestCaseExecutor.runScript(TestCaseExecutor.java:342)
	at com.kms.katalon.core.main.TestCaseExecutor.doExecute(TestCaseExecutor.java:333)
	at com.kms.katalon.core.main.TestCaseExecutor.processExecutionPhase(TestCaseExecutor.java:312)
	at com.kms.katalon.core.main.TestCaseExecutor.accessMainPhase(TestCaseExecutor.java:304)
	at com.kms.katalon.core.main.TestCaseExecutor.execute(TestCaseExecutor.java:238)
	at com.kms.katalon.core.main.TestSuiteExecutor.accessTestCaseMainPhase(TestSuiteExecutor.java:129)
	at com.kms.katalon.core.main.TestSuiteExecutor.accessTestSuiteMainPhase(TestSuiteExecutor.java:112)
	at com.kms.katalon.core.main.TestSuiteExecutor.execute(TestSuiteExecutor.java:81)
	at com.kms.katalon.core.main.TestCaseMain.startTestSuite(TestCaseMain.java:157)
	at com.kms.katalon.core.main.TestCaseMain$startTestSuite$0.call(Unknown Source)
	at TempTestSuite1566527072754.run(TempTestSuite1566527072754.groovy:35)
)

2019-08-23 08:22:13 - [MESSAGE][FAILED] - Unable to verify match between actual text '119' and expected text '149' using regular expression (Root cause: com.kms.katalon.core.exception.StepFailedException: Actual text '119' and expected text '149' are not matched using regular expression
	at com.kms.katalon.core.keyword.builtin.VerifyMatchKeyword$_verifyMatch_closure1.doCall(VerifyMatchKeyword.groovy:57)
	at com.kms.katalon.core.keyword.builtin.VerifyMatchKeyword$_verifyMatch_closure1.call(VerifyMatchKeyword.groovy)
	at com.kms.katalon.core.keyword.internal.KeywordMain.runKeyword(KeywordMain.groovy:66)
	at com.kms.katalon.core.keyword.builtin.VerifyMatchKeyword.verifyMatch(VerifyMatchKeyword.groovy:60)
	at com.kms.katalon.core.keyword.builtin.VerifyMatchKeyword.execute(VerifyMatchKeyword.groovy:45)
	at com.kms.katalon.core.keyword.internal.KeywordExecutor.executeKeywordForPlatform(KeywordExecutor.groovy:56)
	at com.kms.katalon.core.keyword.BuiltinKeywords.verifyMatch(BuiltinKeywords.groovy:55)
	at productVerifyShort.run(productVerifyShort:96)
	at com.kms.katalon.core.main.ScriptEngine.run(ScriptEngine.java:194)
	at com.kms.katalon.core.main.ScriptEngine.runScriptAsRawText(ScriptEngine.java:119)
	at com.kms.katalon.core.main.TestCaseExecutor.runScript(TestCaseExecutor.java:342)
	at com.kms.katalon.core.main.TestCaseExecutor.doExecute(TestCaseExecutor.java:333)
	at com.kms.katalon.core.main.TestCaseExecutor.processExecutionPhase(TestCaseExecutor.java:312)
	at com.kms.katalon.core.main.TestCaseExecutor.accessMainPhase(TestCaseExecutor.java:304)
	at com.kms.katalon.core.main.TestCaseExecutor.execute(TestCaseExecutor.java:238)
	at com.kms.katalon.core.main.TestCaseMain.runTestCase(TestCaseMain.java:114)
	at com.kms.katalon.core.keyword.builtin.CallTestCaseKeyword$_callTestCase_closure1.doCall(CallTestCaseKeyword.groovy:59)
	at com.kms.katalon.core.keyword.builtin.CallTestCaseKeyword$_callTestCase_closure1.call(CallTestCaseKeyword.groovy)
	at com.kms.katalon.core.keyword.internal.KeywordMain.runKeyword(KeywordMain.groovy:66)
	at com.kms.katalon.core.keyword.builtin.CallTestCaseKeyword.callTestCase(CallTestCaseKeyword.groovy:81)
	at com.kms.katalon.core.keyword.builtin.CallTestCaseKeyword.execute(CallTestCaseKeyword.groovy:44)
	at com.kms.katalon.core.keyword.internal.KeywordExecutor.executeKeywordForPlatform(KeywordExecutor.groovy:56)
	at com.kms.katalon.core.keyword.BuiltinKeywords.callTestCase(BuiltinKeywords.groovy:334)
	at BOShowOrder.run(BOShowOrder:40)
	at com.kms.katalon.core.main.ScriptEngine.run(ScriptEngine.java:194)
	at com.kms.katalon.core.main.ScriptEngine.runScriptAsRawText(ScriptEngine.java:119)
	at com.kms.katalon.core.main.TestCaseExecutor.runScript(TestCaseExecutor.java:342)
	at com.kms.katalon.core.main.TestCaseExecutor.doExecute(TestCaseExecutor.java:333)
	at com.kms.katalon.core.main.TestCaseExecutor.processExecutionPhase(TestCaseExecutor.java:312)
	at com.kms.katalon.core.main.TestCaseExecutor.accessMainPhase(TestCaseExecutor.java:304)
	at com.kms.katalon.core.main.TestCaseExecutor.execute(TestCaseExecutor.java:238)
	at com.kms.katalon.core.main.TestSuiteExecutor.accessTestCaseMainPhase(TestSuiteExecutor.java:129)
	at com.kms.katalon.core.main.TestSuiteExecutor.accessTestSuiteMainPhase(TestSuiteExecutor.java:112)
	at com.kms.katalon.core.main.TestSuiteExecutor.execute(TestSuiteExecutor.java:81)
	at com.kms.katalon.core.main.TestCaseMain.startTestSuite(TestCaseMain.java:157)
	at com.kms.katalon.core.main.TestCaseMain$startTestSuite$0.call(Unknown Source)
	at TempTestSuite1566527072754.run(TempTestSuite1566527072754.groovy:35)
)

2019-08-23 08:22:13 - [TEST_STEP][PASSED] - sizeRange1 = ["XXS", "XS", "S", "M", "L", "XL"]: null

2019-08-23 08:22:13 - [TEST_STEP][PASSED] - sizeRange2 = ["00", "0", "2", "4", "6", "8", "10", "12", "14", "16"]: null

2019-08-23 08:22:13 - [TEST_STEP][PASSED] - sizeRange3 = ["Long", "Regular", "Short"]: null

2019-08-23 08:22:13 - [TEST_STEP][PASSED] - sizeRange4 = ["5", "6", "6.5", "7", "7.5", "8", "8.5", "9", "9.5", "10", "11"]: null

2019-08-23 08:22:13 - [TEST_STEP][PASSED] - sizeRangeSplit = UtilityMethods.SplitSizes(findTestData("productData").getValue("SzRange", row)): null

2019-08-23 08:22:13 - [TEST_STEP][PASSED] - sizeType = getText(findTestObject("Object Repository/Page_cabi Order Items/Size")): Text of object 'Object Repository/Page_cabi Order Items/Size' is: 'Select'

2019-08-23 08:22:13 - [MESSAGE][PASSED] - Text of object 'Object Repository/Page_cabi Order Items/Size' is: 'Select'

2019-08-23 08:22:13 - [TEST_STEP][PASSED] - sizeOptions = findWebElements(findTestObject("Object Repository/Page_cabi Order Items/Size"), 5): null

2019-08-23 08:22:14 - [TEST_STEP][PASSED] - actualRange = new java.util.ArrayList(): null

2019-08-23 08:22:14 - [TEST_STEP][PASSED] - expectedRange = <not implemented yet for class: org.codehaus.groovy.ast.expr.EmptyExpression>: null

2019-08-23 08:22:14 - [TEST_STEP][PASSED] - if (sizeType.equalsIgnoreCase("Select")): null

2019-08-23 08:22:14 - [TEST_STEP][PASSED] - for ([i = 1, i < sizeOptions.size(), (i++)]): null

2019-08-23 08:22:14 - [TEST_STEP][PASSED] - actualRange.add(get(i).getAttribute("value")): null

2019-08-23 08:22:14 - [TEST_STEP][PASSED] - actualRange.add(get(i).getAttribute("value")): null

2019-08-23 08:22:14 - [TEST_STEP][PASSED] - actualRange.add(get(i).getAttribute("value")): null

2019-08-23 08:22:14 - [TEST_STEP][PASSED] - actualRange.add(get(i).getAttribute("value")): null

2019-08-23 08:22:14 - [TEST_STEP][PASSED] - actualRange.add(get(i).getAttribute("value")): null

2019-08-23 08:22:14 - [TEST_STEP][PASSED] - if (toString().equalsIgnoreCase("XS") || toString().equalsIgnoreCase("XXS")): null

2019-08-23 08:22:14 - [TEST_STEP][PASSED] - expectedRange = UtilityMethods.getExpectedRange(sizeRange1, sizeRangeSplit): null

2019-08-23 08:22:14 - [TEST_STEP][PASSED] - println("XS"): null

2019-08-23 08:22:14 - [TEST_STEP][PASSED] - println(expectedRange.toString()): null

2019-08-23 08:22:14 - [TEST_STEP][PASSED] - assert UtilityMethods.listEquals(expectedRange, actualRange) == true: null

2019-08-23 08:22:14 - [TEST_STEP][FAILED] - delay(3): for ([row = 1, row <= findTestData("productData").getRowNumbers(), (row++)]) FAILED.
Reason:
com.kms.katalon.core.exception.StepFailedException: Unable to verify match between actual text '119' and expected text '149' using regular expression (Root cause: com.kms.katalon.core.exception.StepFailedException: Actual text '119' and expected text '149' are not matched using regular expression
	at com.kms.katalon.core.keyword.builtin.VerifyMatchKeyword$_verifyMatch_closure1.doCall(VerifyMatchKeyword.groovy:57)
	at com.kms.katalon.core.keyword.builtin.VerifyMatchKeyword$_verifyMatch_closure1.call(VerifyMatchKeyword.groovy)
	at com.kms.katalon.core.keyword.internal.KeywordMain.runKeyword(KeywordMain.groovy:66)
	at com.kms.katalon.core.keyword.builtin.VerifyMatchKeyword.verifyMatch(VerifyMatchKeyword.groovy:60)
	at com.kms.katalon.core.keyword.builtin.VerifyMatchKeyword.execute(VerifyMatchKeyword.groovy:45)
	at com.kms.katalon.core.keyword.internal.KeywordExecutor.executeKeywordForPlatform(KeywordExecutor.groovy:56)
	at com.kms.katalon.core.keyword.BuiltinKeywords.verifyMatch(BuiltinKeywords.groovy:55)
	at productVerifyShort.run(productVerifyShort:96)
	at com.kms.katalon.core.main.ScriptEngine.run(ScriptEngine.java:194)
	at com.kms.katalon.core.main.ScriptEngine.runScriptAsRawText(ScriptEngine.java:119)
	at com.kms.katalon.core.main.TestCaseExecutor.runScript(TestCaseExecutor.java:342)
	at com.kms.katalon.core.main.TestCaseExecutor.doExecute(TestCaseExecutor.java:333)
	at com.kms.katalon.core.main.TestCaseExecutor.processExecutionPhase(TestCaseExecutor.java:312)
	at com.kms.katalon.core.main.TestCaseExecutor.accessMainPhase(TestCaseExecutor.java:304)
	at com.kms.katalon.core.main.TestCaseExecutor.execute(TestCaseExecutor.java:238)
	at com.kms.katalon.core.main.TestCaseMain.runTestCase(TestCaseMain.java:114)
	at com.kms.katalon.core.keyword.builtin.CallTestCaseKeyword$_callTestCase_closure1.doCall(CallTestCaseKeyword.groovy:59)
	at com.kms.katalon.core.keyword.builtin.CallTestCaseKeyword$_callTestCase_closure1.call(CallTestCaseKeyword.groovy)
	at com.kms.katalon.core.keyword.internal.KeywordMain.runKeyword(KeywordMain.groovy:66)
	at com.kms.katalon.core.keyword.builtin.CallTestCaseKeyword.callTestCase(CallTestCaseKeyword.groovy:81)
	at com.kms.katalon.core.keyword.builtin.CallTestCaseKeyword.execute(CallTestCaseKeyword.groovy:44)
	at com.kms.katalon.core.keyword.internal.KeywordExecutor.executeKeywordForPlatform(KeywordExecutor.groovy:56)
	at com.kms.katalon.core.keyword.BuiltinKeywords.callTestCase(BuiltinKeywords.groovy:334)
	at BOShowOrder.run(BOShowOrder:40)
	at com.kms.katalon.core.main.ScriptEngine.run(ScriptEngine.java:194)
	at com.kms.katalon.core.main.ScriptEngine.runScriptAsRawText(ScriptEngine.java:119)
	at com.kms.katalon.core.main.TestCaseExecutor.runScript(TestCaseExecutor.java:342)
	at com.kms.katalon.core.main.TestCaseExecutor.doExecute(TestCaseExecutor.java:333)
	at com.kms.katalon.core.main.TestCaseExecutor.processExecutionPhase(TestCaseExecutor.java:312)
	at com.kms.katalon.core.main.TestCaseExecutor.accessMainPhase(TestCaseExecutor.java:304)
	at com.kms.katalon.core.main.TestCaseExecutor.execute(TestCaseExecutor.java:238)
	at com.kms.katalon.core.main.TestSuiteExecutor.accessTestCaseMainPhase(TestSuiteExecutor.java:129)
	at com.kms.katalon.core.main.TestSuiteExecutor.accessTestSuiteMainPhase(TestSuiteExecutor.java:112)
	at com.kms.katalon.core.main.TestSuiteExecutor.execute(TestSuiteExecutor.java:81)
	at com.kms.katalon.core.main.TestCaseMain.startTestSuite(TestCaseMain.java:157)
	at com.kms.katalon.core.main.TestCaseMain$startTestSuite$0.call(Unknown Source)
	at TempTestSuite1566527072754.run(TempTestSuite1566527072754.groovy:35)
)
	at com.kms.katalon.core.keyword.internal.KeywordMain.stepFailed(KeywordMain.groovy:37)
	at com.kms.katalon.core.keyword.internal.KeywordMain.stepFailed(KeywordMain.groovy)
	at com.kms.katalon.core.keyword.internal.KeywordMain.runKeyword(KeywordMain.groovy:68)
	at com.kms.katalon.core.keyword.builtin.VerifyMatchKeyword.verifyMatch(VerifyMatchKeyword.groovy:60)
	at com.kms.katalon.core.keyword.builtin.VerifyMatchKeyword.execute(VerifyMatchKeyword.groovy:45)
	at com.kms.katalon.core.keyword.internal.KeywordExecutor.executeKeywordForPlatform(KeywordExecutor.groovy:56)
	at com.kms.katalon.core.keyword.BuiltinKeywords.verifyMatch(BuiltinKeywords.groovy:55)
	at productVerifyShort.run(productVerifyShort:96)
	at com.kms.katalon.core.main.ScriptEngine.run(ScriptEngine.java:194)
	at com.kms.katalon.core.main.ScriptEngine.runScriptAsRawText(ScriptEngine.java:119)
	at com.kms.katalon.core.main.TestCaseExecutor.runScript(TestCaseExecutor.java:342)
	at com.kms.katalon.core.main.TestCaseExecutor.doExecute(TestCaseExecutor.java:333)
	at com.kms.katalon.core.main.TestCaseExecutor.processExecutionPhase(TestCaseExecutor.java:312)
	at com.kms.katalon.core.main.TestCaseExecutor.accessMainPhase(TestCaseExecutor.java:304)
	at com.kms.katalon.core.main.TestCaseExecutor.execute(TestCaseExecutor.java:238)
	at com.kms.katalon.core.main.TestCaseMain.runTestCase(TestCaseMain.java:114)
	at com.kms.katalon.core.keyword.builtin.CallTestCaseKeyword$_callTestCase_closure1.doCall(CallTestCaseKeyword.groovy:59)
	at com.kms.katalon.core.keyword.builtin.CallTestCaseKeyword$_callTestCase_closure1.call(CallTestCaseKeyword.groovy)
	at com.kms.katalon.core.keyword.internal.KeywordMain.runKeyword(KeywordMain.groovy:66)
	at com.kms.katalon.core.keyword.builtin.CallTestCaseKeyword.callTestCase(CallTestCaseKeyword.groovy:81)
	at com.kms.katalon.core.keyword.builtin.CallTestCaseKeyword.execute(CallTestCaseKeyword.groovy:44)
	at com.kms.katalon.core.keyword.internal.KeywordExecutor.executeKeywordForPlatform(KeywordExecutor.groovy:56)
	at com.kms.katalon.core.keyword.BuiltinKeywords.callTestCase(BuiltinKeywords.groovy:334)
	at BOShowOrder.run(BOShowOrder:40)
	at com.kms.katalon.core.main.ScriptEngine.run(ScriptEngine.java:194)
	at com.kms.katalon.core.main.ScriptEngine.runScriptAsRawText(ScriptEngine.java:119)
	at com.kms.katalon.core.main.TestCaseExecutor.runScript(TestCaseExecutor.java:342)
	at com.kms.katalon.core.main.TestCaseExecutor.doExecute(TestCaseExecutor.java:333)
	at com.kms.katalon.core.main.TestCaseExecutor.processExecutionPhase(TestCaseExecutor.java:312)
	at com.kms.katalon.core.main.TestCaseExecutor.accessMainPhase(TestCaseExecutor.java:304)
	at com.kms.katalon.core.main.TestCaseExecutor.execute(TestCaseExecutor.java:238)
	at com.kms.katalon.core.main.TestSuiteExecutor.accessTestCaseMainPhase(TestSuiteExecutor.java:129)
	at com.kms.katalon.core.main.TestSuiteExecutor.accessTestSuiteMainPhase(TestSuiteExecutor.java:112)
	at com.kms.katalon.core.main.TestSuiteExecutor.execute(TestSuiteExecutor.java:81)
	at com.kms.katalon.core.main.TestCaseMain.startTestSuite(TestCaseMain.java:157)
	at com.kms.katalon.core.main.TestCaseMain$startTestSuite$0.call(Unknown Source)
	at TempTestSuite1566527072754.run(TempTestSuite1566527072754.groovy:35)
Caused by: com.kms.katalon.core.exception.StepFailedException: Actual text '119' and expected text '149' are not matched using regular expression
	at com.kms.katalon.core.keyword.builtin.VerifyMatchKeyword$_verifyMatch_closure1.doCall(VerifyMatchKeyword.groovy:57)
	at com.kms.katalon.core.keyword.builtin.VerifyMatchKeyword$_verifyMatch_closure1.call(VerifyMatchKeyword.groovy)
	at com.kms.katalon.core.keyword.internal.KeywordMain.runKeyword(KeywordMain.groovy:66)
	... 34 more


2019-08-23 08:22:17 - [MESSAGE][PASSED] - Delayed 3 second(s)

2019-08-23 08:22:17 - [MESSAGE][FAILED] - for ([row = 1, row <= findTestData("productData").getRowNumbers(), (row++)]) FAILED.
Reason:
com.kms.katalon.core.exception.StepFailedException: Unable to verify match between actual text '119' and expected text '149' using regular expression (Root cause: com.kms.katalon.core.exception.StepFailedException: Actual text '119' and expected text '149' are not matched using regular expression
	at com.kms.katalon.core.keyword.builtin.VerifyMatchKeyword$_verifyMatch_closure1.doCall(VerifyMatchKeyword.groovy:57)
	at com.kms.katalon.core.keyword.builtin.VerifyMatchKeyword$_verifyMatch_closure1.call(VerifyMatchKeyword.groovy)
	at com.kms.katalon.core.keyword.internal.KeywordMain.runKeyword(KeywordMain.groovy:66)
	at com.kms.katalon.core.keyword.builtin.VerifyMatchKeyword.verifyMatch(VerifyMatchKeyword.groovy:60)
	at com.kms.katalon.core.keyword.builtin.VerifyMatchKeyword.execute(VerifyMatchKeyword.groovy:45)
	at com.kms.katalon.core.keyword.internal.KeywordExecutor.executeKeywordForPlatform(KeywordExecutor.groovy:56)
	at com.kms.katalon.core.keyword.BuiltinKeywords.verifyMatch(BuiltinKeywords.groovy:55)
	at productVerifyShort.run(productVerifyShort:96)
	at com.kms.katalon.core.main.ScriptEngine.run(ScriptEngine.java:194)
	at com.kms.katalon.core.main.ScriptEngine.runScriptAsRawText(ScriptEngine.java:119)
	at com.kms.katalon.core.main.TestCaseExecutor.runScript(TestCaseExecutor.java:342)
	at com.kms.katalon.core.main.TestCaseExecutor.doExecute(TestCaseExecutor.java:333)
	at com.kms.katalon.core.main.TestCaseExecutor.processExecutionPhase(TestCaseExecutor.java:312)
	at com.kms.katalon.core.main.TestCaseExecutor.accessMainPhase(TestCaseExecutor.java:304)
	at com.kms.katalon.core.main.TestCaseExecutor.execute(TestCaseExecutor.java:238)
	at com.kms.katalon.core.main.TestCaseMain.runTestCase(TestCaseMain.java:114)
	at com.kms.katalon.core.keyword.builtin.CallTestCaseKeyword$_callTestCase_closure1.doCall(CallTestCaseKeyword.groovy:59)
	at com.kms.katalon.core.keyword.builtin.CallTestCaseKeyword$_callTestCase_closure1.call(CallTestCaseKeyword.groovy)
	at com.kms.katalon.core.keyword.internal.KeywordMain.runKeyword(KeywordMain.groovy:66)
	at com.kms.katalon.core.keyword.builtin.CallTestCaseKeyword.callTestCase(CallTestCaseKeyword.groovy:81)
	at com.kms.katalon.core.keyword.builtin.CallTestCaseKeyword.execute(CallTestCaseKeyword.groovy:44)
	at com.kms.katalon.core.keyword.internal.KeywordExecutor.executeKeywordForPlatform(KeywordExecutor.groovy:56)
	at com.kms.katalon.core.keyword.BuiltinKeywords.callTestCase(BuiltinKeywords.groovy:334)
	at BOShowOrder.run(BOShowOrder:40)
	at com.kms.katalon.core.main.ScriptEngine.run(ScriptEngine.java:194)
	at com.kms.katalon.core.main.ScriptEngine.runScriptAsRawText(ScriptEngine.java:119)
	at com.kms.katalon.core.main.TestCaseExecutor.runScript(TestCaseExecutor.java:342)
	at com.kms.katalon.core.main.TestCaseExecutor.doExecute(TestCaseExecutor.java:333)
	at com.kms.katalon.core.main.TestCaseExecutor.processExecutionPhase(TestCaseExecutor.java:312)
	at com.kms.katalon.core.main.TestCaseExecutor.accessMainPhase(TestCaseExecutor.java:304)
	at com.kms.katalon.core.main.TestCaseExecutor.execute(TestCaseExecutor.java:238)
	at com.kms.katalon.core.main.TestSuiteExecutor.accessTestCaseMainPhase(TestSuiteExecutor.java:129)
	at com.kms.katalon.core.main.TestSuiteExecutor.accessTestSuiteMainPhase(TestSuiteExecutor.java:112)
	at com.kms.katalon.core.main.TestSuiteExecutor.execute(TestSuiteExecutor.java:81)
	at com.kms.katalon.core.main.TestCaseMain.startTestSuite(TestCaseMain.java:157)
	at com.kms.katalon.core.main.TestCaseMain$startTestSuite$0.call(Unknown Source)
	at TempTestSuite1566527072754.run(TempTestSuite1566527072754.groovy:35)
)
	at com.kms.katalon.core.keyword.internal.KeywordMain.stepFailed(KeywordMain.groovy:37)
	at com.kms.katalon.core.keyword.internal.KeywordMain.stepFailed(KeywordMain.groovy)
	at com.kms.katalon.core.keyword.internal.KeywordMain.runKeyword(KeywordMain.groovy:68)
	at com.kms.katalon.core.keyword.builtin.VerifyMatchKeyword.verifyMatch(VerifyMatchKeyword.groovy:60)
	at com.kms.katalon.core.keyword.builtin.VerifyMatchKeyword.execute(VerifyMatchKeyword.groovy:45)
	at com.kms.katalon.core.keyword.internal.KeywordExecutor.executeKeywordForPlatform(KeywordExecutor.groovy:56)
	at com.kms.katalon.core.keyword.BuiltinKeywords.verifyMatch(BuiltinKeywords.groovy:55)
	at productVerifyShort.run(productVerifyShort:96)
	at com.kms.katalon.core.main.ScriptEngine.run(ScriptEngine.java:194)
	at com.kms.katalon.core.main.ScriptEngine.runScriptAsRawText(ScriptEngine.java:119)
	at com.kms.katalon.core.main.TestCaseExecutor.runScript(TestCaseExecutor.java:342)
	at com.kms.katalon.core.main.TestCaseExecutor.doExecute(TestCaseExecutor.java:333)
	at com.kms.katalon.core.main.TestCaseExecutor.processExecutionPhase(TestCaseExecutor.java:312)
	at com.kms.katalon.core.main.TestCaseExecutor.accessMainPhase(TestCaseExecutor.java:304)
	at com.kms.katalon.core.main.TestCaseExecutor.execute(TestCaseExecutor.java:238)
	at com.kms.katalon.core.main.TestCaseMain.runTestCase(TestCaseMain.java:114)
	at com.kms.katalon.core.keyword.builtin.CallTestCaseKeyword$_callTestCase_closure1.doCall(CallTestCaseKeyword.groovy:59)
	at com.kms.katalon.core.keyword.builtin.CallTestCaseKeyword$_callTestCase_closure1.call(CallTestCaseKeyword.groovy)
	at com.kms.katalon.core.keyword.internal.KeywordMain.runKeyword(KeywordMain.groovy:66)
	at com.kms.katalon.core.keyword.builtin.CallTestCaseKeyword.callTestCase(CallTestCaseKeyword.groovy:81)
	at com.kms.katalon.core.keyword.builtin.CallTestCaseKeyword.execute(CallTestCaseKeyword.groovy:44)
	at com.kms.katalon.core.keyword.internal.KeywordExecutor.executeKeywordForPlatform(KeywordExecutor.groovy:56)
	at com.kms.katalon.core.keyword.BuiltinKeywords.callTestCase(BuiltinKeywords.groovy:334)
	at BOShowOrder.run(BOShowOrder:40)
	at com.kms.katalon.core.main.ScriptEngine.run(ScriptEngine.java:194)
	at com.kms.katalon.core.main.ScriptEngine.runScriptAsRawText(ScriptEngine.java:119)
	at com.kms.katalon.core.main.TestCaseExecutor.runScript(TestCaseExecutor.java:342)
	at com.kms.katalon.core.main.TestCaseExecutor.doExecute(TestCaseExecutor.java:333)
	at com.kms.katalon.core.main.TestCaseExecutor.processExecutionPhase(TestCaseExecutor.java:312)
	at com.kms.katalon.core.main.TestCaseExecutor.accessMainPhase(TestCaseExecutor.java:304)
	at com.kms.katalon.core.main.TestCaseExecutor.execute(TestCaseExecutor.java:238)
	at com.kms.katalon.core.main.TestSuiteExecutor.accessTestCaseMainPhase(TestSuiteExecutor.java:129)
	at com.kms.katalon.core.main.TestSuiteExecutor.accessTestSuiteMainPhase(TestSuiteExecutor.java:112)
	at com.kms.katalon.core.main.TestSuiteExecutor.execute(TestSuiteExecutor.java:81)
	at com.kms.katalon.core.main.TestCaseMain.startTestSuite(TestCaseMain.java:157)
	at com.kms.katalon.core.main.TestCaseMain$startTestSuite$0.call(Unknown Source)
	at TempTestSuite1566527072754.run(TempTestSuite1566527072754.groovy:35)
Caused by: com.kms.katalon.core.exception.StepFailedException: Actual text '119' and expected text '149' are not matched using regular expression
	at com.kms.katalon.core.keyword.builtin.VerifyMatchKeyword$_verifyMatch_closure1.doCall(VerifyMatchKeyword.groovy:57)
	at com.kms.katalon.core.keyword.builtin.VerifyMatchKeyword$_verifyMatch_closure1.call(VerifyMatchKeyword.groovy)
	at com.kms.katalon.core.keyword.internal.KeywordMain.runKeyword(KeywordMain.groovy:66)
	... 34 more


2019-08-23 08:22:17 - [MESSAGE][FAILED] - Unable to call Test Case 'Test Cases/NewArrival/productVerifyShort' (Root cause: com.kms.katalon.core.exception.StepFailedException: Call Test Case 'Test Cases/NewArrival/productVerifyShort' failed
	at com.kms.katalon.core.keyword.builtin.CallTestCaseKeyword$_callTestCase_closure1.doCall(CallTestCaseKeyword.groovy:63)
	at com.kms.katalon.core.keyword.builtin.CallTestCaseKeyword$_callTestCase_closure1.call(CallTestCaseKeyword.groovy)
	at com.kms.katalon.core.keyword.internal.KeywordMain.runKeyword(KeywordMain.groovy:66)
	at com.kms.katalon.core.keyword.builtin.CallTestCaseKeyword.callTestCase(CallTestCaseKeyword.groovy:81)
	at com.kms.katalon.core.keyword.builtin.CallTestCaseKeyword.execute(CallTestCaseKeyword.groovy:44)
	at com.kms.katalon.core.keyword.internal.KeywordExecutor.executeKeywordForPlatform(KeywordExecutor.groovy:56)
	at com.kms.katalon.core.keyword.BuiltinKeywords.callTestCase(BuiltinKeywords.groovy:334)
	at BOShowOrder.run(BOShowOrder:40)
	at com.kms.katalon.core.main.ScriptEngine.run(ScriptEngine.java:194)
	at com.kms.katalon.core.main.ScriptEngine.runScriptAsRawText(ScriptEngine.java:119)
	at com.kms.katalon.core.main.TestCaseExecutor.runScript(TestCaseExecutor.java:342)
	at com.kms.katalon.core.main.TestCaseExecutor.doExecute(TestCaseExecutor.java:333)
	at com.kms.katalon.core.main.TestCaseExecutor.processExecutionPhase(TestCaseExecutor.java:312)
	at com.kms.katalon.core.main.TestCaseExecutor.accessMainPhase(TestCaseExecutor.java:304)
	at com.kms.katalon.core.main.TestCaseExecutor.execute(TestCaseExecutor.java:238)
	at com.kms.katalon.core.main.TestSuiteExecutor.accessTestCaseMainPhase(TestSuiteExecutor.java:129)
	at com.kms.katalon.core.main.TestSuiteExecutor.accessTestSuiteMainPhase(TestSuiteExecutor.java:112)
	at com.kms.katalon.core.main.TestSuiteExecutor.execute(TestSuiteExecutor.java:81)
	at com.kms.katalon.core.main.TestCaseMain.startTestSuite(TestCaseMain.java:157)
	at com.kms.katalon.core.main.TestCaseMain$startTestSuite$0.call(Unknown Source)
	at TempTestSuite1566527072754.run(TempTestSuite1566527072754.groovy:35)
Caused by: com.kms.katalon.core.exception.StepFailedException: Unable to verify match between actual text '119' and expected text '149' using regular expression (Root cause: com.kms.katalon.core.exception.StepFailedException: Actual text '119' and expected text '149' are not matched using regular expression
	at com.kms.katalon.core.keyword.builtin.VerifyMatchKeyword$_verifyMatch_closure1.doCall(VerifyMatchKeyword.groovy:57)
	at com.kms.katalon.core.keyword.builtin.VerifyMatchKeyword$_verifyMatch_closure1.call(VerifyMatchKeyword.groovy)
	at com.kms.katalon.core.keyword.internal.KeywordMain.runKeyword(KeywordMain.groovy:66)
	at com.kms.katalon.core.keyword.builtin.VerifyMatchKeyword.verifyMatch(VerifyMatchKeyword.groovy:60)
	at com.kms.katalon.core.keyword.builtin.VerifyMatchKeyword.execute(VerifyMatchKeyword.groovy:45)
	at com.kms.katalon.core.keyword.internal.KeywordExecutor.executeKeywordForPlatform(KeywordExecutor.groovy:56)
	at com.kms.katalon.core.keyword.BuiltinKeywords.verifyMatch(BuiltinKeywords.groovy:55)
	at productVerifyShort.run(productVerifyShort:96)
	at com.kms.katalon.core.main.ScriptEngine.run(ScriptEngine.java:194)
	at com.kms.katalon.core.main.ScriptEngine.runScriptAsRawText(ScriptEngine.java:119)
	at com.kms.katalon.core.main.TestCaseExecutor.runScript(TestCaseExecutor.java:342)
	at com.kms.katalon.core.main.TestCaseExecutor.doExecute(TestCaseExecutor.java:333)
	at com.kms.katalon.core.main.TestCaseExecutor.processExecutionPhase(TestCaseExecutor.java:312)
	at com.kms.katalon.core.main.TestCaseExecutor.accessMainPhase(TestCaseExecutor.java:304)
	at com.kms.katalon.core.main.TestCaseExecutor.execute(TestCaseExecutor.java:238)
	at com.kms.katalon.core.main.TestCaseMain.runTestCase(TestCaseMain.java:114)
	at com.kms.katalon.core.keyword.builtin.CallTestCaseKeyword$_callTestCase_closure1.doCall(CallTestCaseKeyword.groovy:59)
	at com.kms.katalon.core.keyword.builtin.CallTestCaseKeyword$_callTestCase_closure1.call(CallTestCaseKeyword.groovy)
	at com.kms.katalon.core.keyword.internal.KeywordMain.runKeyword(KeywordMain.groovy:66)
	at com.kms.katalon.core.keyword.builtin.CallTestCaseKeyword.callTestCase(CallTestCaseKeyword.groovy:81)
	at com.kms.katalon.core.keyword.builtin.CallTestCaseKeyword.execute(CallTestCaseKeyword.groovy:44)
	at com.kms.katalon.core.keyword.internal.KeywordExecutor.executeKeywordForPlatform(KeywordExecutor.groovy:56)
	at com.kms.katalon.core.keyword.BuiltinKeywords.callTestCase(BuiltinKeywords.groovy:334)
	at BOShowOrder.run(BOShowOrder:40)
	at com.kms.katalon.core.main.ScriptEngine.run(ScriptEngine.java:194)
	at com.kms.katalon.core.main.ScriptEngine.runScriptAsRawText(ScriptEngine.java:119)
	at com.kms.katalon.core.main.TestCaseExecutor.runScript(TestCaseExecutor.java:342)
	at com.kms.katalon.core.main.TestCaseExecutor.doExecute(TestCaseExecutor.java:333)
	at com.kms.katalon.core.main.TestCaseExecutor.processExecutionPhase(TestCaseExecutor.java:312)
	at com.kms.katalon.core.main.TestCaseExecutor.accessMainPhase(TestCaseExecutor.java:304)
	at com.kms.katalon.core.main.TestCaseExecutor.execute(TestCaseExecutor.java:238)
	at com.kms.katalon.core.main.TestSuiteExecutor.accessTestCaseMainPhase(TestSuiteExecutor.java:129)
	at com.kms.katalon.core.main.TestSuiteExecutor.accessTestSuiteMainPhase(TestSuiteExecutor.java:112)
	at com.kms.katalon.core.main.TestSuiteExecutor.execute(TestSuiteExecutor.java:81)
	at com.kms.katalon.core.main.TestCaseMain.startTestSuite(TestCaseMain.java:157)
	at com.kms.katalon.core.main.TestCaseMain$startTestSuite$0.call(Unknown Source)
	at TempTestSuite1566527072754.run(TempTestSuite1566527072754.groovy:35)
)
	at com.kms.katalon.core.keyword.internal.KeywordMain.stepFailed(KeywordMain.groovy:37)
	at com.kms.katalon.core.keyword.internal.KeywordMain.stepFailed(KeywordMain.groovy)
	at com.kms.katalon.core.keyword.internal.KeywordMain.runKeyword(KeywordMain.groovy:68)
	at com.kms.katalon.core.keyword.builtin.VerifyMatchKeyword.verifyMatch(VerifyMatchKeyword.groovy:60)
	at com.kms.katalon.core.keyword.builtin.VerifyMatchKeyword.execute(VerifyMatchKeyword.groovy:45)
	at com.kms.katalon.core.keyword.internal.KeywordExecutor.executeKeywordForPlatform(KeywordExecutor.groovy:56)
	at com.kms.katalon.core.keyword.BuiltinKeywords.verifyMatch(BuiltinKeywords.groovy:55)
	at productVerifyShort.run(productVerifyShort:96)
	at com.kms.katalon.core.main.ScriptEngine.run(ScriptEngine.java:194)
	at com.kms.katalon.core.main.ScriptEngine.runScriptAsRawText(ScriptEngine.java:119)
	at com.kms.katalon.core.main.TestCaseExecutor.runScript(TestCaseExecutor.java:342)
	at com.kms.katalon.core.main.TestCaseExecutor.doExecute(TestCaseExecutor.java:333)
	at com.kms.katalon.core.main.TestCaseExecutor.processExecutionPhase(TestCaseExecutor.java:312)
	at com.kms.katalon.core.main.TestCaseExecutor.accessMainPhase(TestCaseExecutor.java:304)
	at com.kms.katalon.core.main.TestCaseExecutor.execute(TestCaseExecutor.java:238)
	at com.kms.katalon.core.main.TestCaseMain.runTestCase(TestCaseMain.java:114)
	at com.kms.katalon.core.keyword.builtin.CallTestCaseKeyword$_callTestCase_closure1.doCall(CallTestCaseKeyword.groovy:59)
	... 20 more
Caused by: com.kms.katalon.core.exception.StepFailedException: Actual text '119' and expected text '149' are not matched using regular expression
	at com.kms.katalon.core.keyword.builtin.VerifyMatchKeyword$_verifyMatch_closure1.doCall(VerifyMatchKeyword.groovy:57)
	at com.kms.katalon.core.keyword.builtin.VerifyMatchKeyword$_verifyMatch_closure1.call(VerifyMatchKeyword.groovy)
	at com.kms.katalon.core.keyword.internal.KeywordMain.runKeyword(KeywordMain.groovy:66)
	... 34 more
)

2019-08-23 08:22:17 - [MESSAGE][FAILED] - for ([timeRow = 1, timeRow <= findTestData("timezoneData").getRowNumbers(), (timeRow++)]) FAILED.
Reason:
com.kms.katalon.core.exception.StepFailedException: Call Test Case 'Test Cases/NewArrival/productVerifyShort' failed
	at com.kms.katalon.core.keyword.builtin.CallTestCaseKeyword$_callTestCase_closure1.doCall(CallTestCaseKeyword.groovy:63)
	at com.kms.katalon.core.keyword.builtin.CallTestCaseKeyword$_callTestCase_closure1.call(CallTestCaseKeyword.groovy)
	at com.kms.katalon.core.keyword.internal.KeywordMain.runKeyword(KeywordMain.groovy:66)
	at com.kms.katalon.core.keyword.builtin.CallTestCaseKeyword.callTestCase(CallTestCaseKeyword.groovy:81)
	at com.kms.katalon.core.keyword.builtin.CallTestCaseKeyword.execute(CallTestCaseKeyword.groovy:44)
	at com.kms.katalon.core.keyword.internal.KeywordExecutor.executeKeywordForPlatform(KeywordExecutor.groovy:56)
	at com.kms.katalon.core.keyword.BuiltinKeywords.callTestCase(BuiltinKeywords.groovy:334)
	at BOShowOrder.run(BOShowOrder:40)
	at com.kms.katalon.core.main.ScriptEngine.run(ScriptEngine.java:194)
	at com.kms.katalon.core.main.ScriptEngine.runScriptAsRawText(ScriptEngine.java:119)
	at com.kms.katalon.core.main.TestCaseExecutor.runScript(TestCaseExecutor.java:342)
	at com.kms.katalon.core.main.TestCaseExecutor.doExecute(TestCaseExecutor.java:333)
	at com.kms.katalon.core.main.TestCaseExecutor.processExecutionPhase(TestCaseExecutor.java:312)
	at com.kms.katalon.core.main.TestCaseExecutor.accessMainPhase(TestCaseExecutor.java:304)
	at com.kms.katalon.core.main.TestCaseExecutor.execute(TestCaseExecutor.java:238)
	at com.kms.katalon.core.main.TestSuiteExecutor.accessTestCaseMainPhase(TestSuiteExecutor.java:129)
	at com.kms.katalon.core.main.TestSuiteExecutor.accessTestSuiteMainPhase(TestSuiteExecutor.java:112)
	at com.kms.katalon.core.main.TestSuiteExecutor.execute(TestSuiteExecutor.java:81)
	at com.kms.katalon.core.main.TestCaseMain.startTestSuite(TestCaseMain.java:157)
	at com.kms.katalon.core.main.TestCaseMain$startTestSuite$0.call(Unknown Source)
	at TempTestSuite1566527072754.run(TempTestSuite1566527072754.groovy:35)
Caused by: com.kms.katalon.core.exception.StepFailedException: Unable to verify match between actual text '119' and expected text '149' using regular expression (Root cause: com.kms.katalon.core.exception.StepFailedException: Actual text '119' and expected text '149' are not matched using regular expression
	at com.kms.katalon.core.keyword.builtin.VerifyMatchKeyword$_verifyMatch_closure1.doCall(VerifyMatchKeyword.groovy:57)
	at com.kms.katalon.core.keyword.builtin.VerifyMatchKeyword$_verifyMatch_closure1.call(VerifyMatchKeyword.groovy)
	at com.kms.katalon.core.keyword.internal.KeywordMain.runKeyword(KeywordMain.groovy:66)
	at com.kms.katalon.core.keyword.builtin.VerifyMatchKeyword.verifyMatch(VerifyMatchKeyword.groovy:60)
	at com.kms.katalon.core.keyword.builtin.VerifyMatchKeyword.execute(VerifyMatchKeyword.groovy:45)
	at com.kms.katalon.core.keyword.internal.KeywordExecutor.executeKeywordForPlatform(KeywordExecutor.groovy:56)
	at com.kms.katalon.core.keyword.BuiltinKeywords.verifyMatch(BuiltinKeywords.groovy:55)
	at productVerifyShort.run(productVerifyShort:96)
	at com.kms.katalon.core.main.ScriptEngine.run(ScriptEngine.java:194)
	at com.kms.katalon.core.main.ScriptEngine.runScriptAsRawText(ScriptEngine.java:119)
	at com.kms.katalon.core.main.TestCaseExecutor.runScript(TestCaseExecutor.java:342)
	at com.kms.katalon.core.main.TestCaseExecutor.doExecute(TestCaseExecutor.java:333)
	at com.kms.katalon.core.main.TestCaseExecutor.processExecutionPhase(TestCaseExecutor.java:312)
	at com.kms.katalon.core.main.TestCaseExecutor.accessMainPhase(TestCaseExecutor.java:304)
	at com.kms.katalon.core.main.TestCaseExecutor.execute(TestCaseExecutor.java:238)
	at com.kms.katalon.core.main.TestCaseMain.runTestCase(TestCaseMain.java:114)
	at com.kms.katalon.core.keyword.builtin.CallTestCaseKeyword$_callTestCase_closure1.doCall(CallTestCaseKeyword.groovy:59)
	at com.kms.katalon.core.keyword.builtin.CallTestCaseKeyword$_callTestCase_closure1.call(CallTestCaseKeyword.groovy)
	at com.kms.katalon.core.keyword.internal.KeywordMain.runKeyword(KeywordMain.groovy:66)
	at com.kms.katalon.core.keyword.builtin.CallTestCaseKeyword.callTestCase(CallTestCaseKeyword.groovy:81)
	at com.kms.katalon.core.keyword.builtin.CallTestCaseKeyword.execute(CallTestCaseKeyword.groovy:44)
	at com.kms.katalon.core.keyword.internal.KeywordExecutor.executeKeywordForPlatform(KeywordExecutor.groovy:56)
	at com.kms.katalon.core.keyword.BuiltinKeywords.callTestCase(BuiltinKeywords.groovy:334)
	at BOShowOrder.run(BOShowOrder:40)
	at com.kms.katalon.core.main.ScriptEngine.run(ScriptEngine.java:194)
	at com.kms.katalon.core.main.ScriptEngine.runScriptAsRawText(ScriptEngine.java:119)
	at com.kms.katalon.core.main.TestCaseExecutor.runScript(TestCaseExecutor.java:342)
	at com.kms.katalon.core.main.TestCaseExecutor.doExecute(TestCaseExecutor.java:333)
	at com.kms.katalon.core.main.TestCaseExecutor.processExecutionPhase(TestCaseExecutor.java:312)
	at com.kms.katalon.core.main.TestCaseExecutor.accessMainPhase(TestCaseExecutor.java:304)
	at com.kms.katalon.core.main.TestCaseExecutor.execute(TestCaseExecutor.java:238)
	at com.kms.katalon.core.main.TestSuiteExecutor.accessTestCaseMainPhase(TestSuiteExecutor.java:129)
	at com.kms.katalon.core.main.TestSuiteExecutor.accessTestSuiteMainPhase(TestSuiteExecutor.java:112)
	at com.kms.katalon.core.main.TestSuiteExecutor.execute(TestSuiteExecutor.java:81)
	at com.kms.katalon.core.main.TestCaseMain.startTestSuite(TestCaseMain.java:157)
	at com.kms.katalon.core.main.TestCaseMain$startTestSuite$0.call(Unknown Source)
	at TempTestSuite1566527072754.run(TempTestSuite1566527072754.groovy:35)
)
	at com.kms.katalon.core.keyword.internal.KeywordMain.stepFailed(KeywordMain.groovy:37)
	at com.kms.katalon.core.keyword.internal.KeywordMain.stepFailed(KeywordMain.groovy)
	at com.kms.katalon.core.keyword.internal.KeywordMain.runKeyword(KeywordMain.groovy:68)
	at com.kms.katalon.core.keyword.builtin.VerifyMatchKeyword.verifyMatch(VerifyMatchKeyword.groovy:60)
	at com.kms.katalon.core.keyword.builtin.VerifyMatchKeyword.execute(VerifyMatchKeyword.groovy:45)
	at com.kms.katalon.core.keyword.internal.KeywordExecutor.executeKeywordForPlatform(KeywordExecutor.groovy:56)
	at com.kms.katalon.core.keyword.BuiltinKeywords.verifyMatch(BuiltinKeywords.groovy:55)
	at productVerifyShort.run(productVerifyShort:96)
	at com.kms.katalon.core.main.ScriptEngine.run(ScriptEngine.java:194)
	at com.kms.katalon.core.main.ScriptEngine.runScriptAsRawText(ScriptEngine.java:119)
	at com.kms.katalon.core.main.TestCaseExecutor.runScript(TestCaseExecutor.java:342)
	at com.kms.katalon.core.main.TestCaseExecutor.doExecute(TestCaseExecutor.java:333)
	at com.kms.katalon.core.main.TestCaseExecutor.processExecutionPhase(TestCaseExecutor.java:312)
	at com.kms.katalon.core.main.TestCaseExecutor.accessMainPhase(TestCaseExecutor.java:304)
	at com.kms.katalon.core.main.TestCaseExecutor.execute(TestCaseExecutor.java:238)
	at com.kms.katalon.core.main.TestCaseMain.runTestCase(TestCaseMain.java:114)
	at com.kms.katalon.core.keyword.builtin.CallTestCaseKeyword$_callTestCase_closure1.doCall(CallTestCaseKeyword.groovy:59)
	... 20 more
Caused by: com.kms.katalon.core.exception.StepFailedException: Actual text '119' and expected text '149' are not matched using regular expression
	at com.kms.katalon.core.keyword.builtin.VerifyMatchKeyword$_verifyMatch_closure1.doCall(VerifyMatchKeyword.groovy:57)
	at com.kms.katalon.core.keyword.builtin.VerifyMatchKeyword$_verifyMatch_closure1.call(VerifyMatchKeyword.groovy)
	at com.kms.katalon.core.keyword.internal.KeywordMain.runKeyword(KeywordMain.groovy:66)
	... 34 more]]></system-out>
         <system-err><![CDATA[2019-08-23 08:17:41 - [TEST_CASE][FAILED] - Test Cases/NewArrival/BOShowOrder: Test Cases/NewArrival/BOShowOrder FAILED.
Reason:
com.kms.katalon.core.exception.StepFailedException: Call Test Case 'Test Cases/NewArrival/productVerifyShort' failed
	at com.kms.katalon.core.keyword.builtin.CallTestCaseKeyword$_callTestCase_closure1.doCall(CallTestCaseKeyword.groovy:63)
	at com.kms.katalon.core.keyword.builtin.CallTestCaseKeyword$_callTestCase_closure1.call(CallTestCaseKeyword.groovy)
	at com.kms.katalon.core.keyword.internal.KeywordMain.runKeyword(KeywordMain.groovy:66)
	at com.kms.katalon.core.keyword.builtin.CallTestCaseKeyword.callTestCase(CallTestCaseKeyword.groovy:81)
	at com.kms.katalon.core.keyword.builtin.CallTestCaseKeyword.execute(CallTestCaseKeyword.groovy:44)
	at com.kms.katalon.core.keyword.internal.KeywordExecutor.executeKeywordForPlatform(KeywordExecutor.groovy:56)
	at com.kms.katalon.core.keyword.BuiltinKeywords.callTestCase(BuiltinKeywords.groovy:334)
	at BOShowOrder.run(BOShowOrder:40)
	at com.kms.katalon.core.main.ScriptEngine.run(ScriptEngine.java:194)
	at com.kms.katalon.core.main.ScriptEngine.runScriptAsRawText(ScriptEngine.java:119)
	at com.kms.katalon.core.main.TestCaseExecutor.runScript(TestCaseExecutor.java:342)
	at com.kms.katalon.core.main.TestCaseExecutor.doExecute(TestCaseExecutor.java:333)
	at com.kms.katalon.core.main.TestCaseExecutor.processExecutionPhase(TestCaseExecutor.java:312)
	at com.kms.katalon.core.main.TestCaseExecutor.accessMainPhase(TestCaseExecutor.java:304)
	at com.kms.katalon.core.main.TestCaseExecutor.execute(TestCaseExecutor.java:238)
	at com.kms.katalon.core.main.TestSuiteExecutor.accessTestCaseMainPhase(TestSuiteExecutor.java:129)
	at com.kms.katalon.core.main.TestSuiteExecutor.accessTestSuiteMainPhase(TestSuiteExecutor.java:112)
	at com.kms.katalon.core.main.TestSuiteExecutor.execute(TestSuiteExecutor.java:81)
	at com.kms.katalon.core.main.TestCaseMain.startTestSuite(TestCaseMain.java:157)
	at com.kms.katalon.core.main.TestCaseMain$startTestSuite$0.call(Unknown Source)
	at TempTestSuite1566527072754.run(TempTestSuite1566527072754.groovy:35)
Caused by: com.kms.katalon.core.exception.StepFailedException: Unable to verify match between actual text '119' and expected text '149' using regular expression (Root cause: com.kms.katalon.core.exception.StepFailedException: Actual text '119' and expected text '149' are not matched using regular expression
	at com.kms.katalon.core.keyword.builtin.VerifyMatchKeyword$_verifyMatch_closure1.doCall(VerifyMatchKeyword.groovy:57)
	at com.kms.katalon.core.keyword.builtin.VerifyMatchKeyword$_verifyMatch_closure1.call(VerifyMatchKeyword.groovy)
	at com.kms.katalon.core.keyword.internal.KeywordMain.runKeyword(KeywordMain.groovy:66)
	at com.kms.katalon.core.keyword.builtin.VerifyMatchKeyword.verifyMatch(VerifyMatchKeyword.groovy:60)
	at com.kms.katalon.core.keyword.builtin.VerifyMatchKeyword.execute(VerifyMatchKeyword.groovy:45)
	at com.kms.katalon.core.keyword.internal.KeywordExecutor.executeKeywordForPlatform(KeywordExecutor.groovy:56)
	at com.kms.katalon.core.keyword.BuiltinKeywords.verifyMatch(BuiltinKeywords.groovy:55)
	at productVerifyShort.run(productVerifyShort:96)
	at com.kms.katalon.core.main.ScriptEngine.run(ScriptEngine.java:194)
	at com.kms.katalon.core.main.ScriptEngine.runScriptAsRawText(ScriptEngine.java:119)
	at com.kms.katalon.core.main.TestCaseExecutor.runScript(TestCaseExecutor.java:342)
	at com.kms.katalon.core.main.TestCaseExecutor.doExecute(TestCaseExecutor.java:333)
	at com.kms.katalon.core.main.TestCaseExecutor.processExecutionPhase(TestCaseExecutor.java:312)
	at com.kms.katalon.core.main.TestCaseExecutor.accessMainPhase(TestCaseExecutor.java:304)
	at com.kms.katalon.core.main.TestCaseExecutor.execute(TestCaseExecutor.java:238)
	at com.kms.katalon.core.main.TestCaseMain.runTestCase(TestCaseMain.java:114)
	at com.kms.katalon.core.keyword.builtin.CallTestCaseKeyword$_callTestCase_closure1.doCall(CallTestCaseKeyword.groovy:59)
	at com.kms.katalon.core.keyword.builtin.CallTestCaseKeyword$_callTestCase_closure1.call(CallTestCaseKeyword.groovy)
	at com.kms.katalon.core.keyword.internal.KeywordMain.runKeyword(KeywordMain.groovy:66)
	at com.kms.katalon.core.keyword.builtin.CallTestCaseKeyword.callTestCase(CallTestCaseKeyword.groovy:81)
	at com.kms.katalon.core.keyword.builtin.CallTestCaseKeyword.execute(CallTestCaseKeyword.groovy:44)
	at com.kms.katalon.core.keyword.internal.KeywordExecutor.executeKeywordForPlatform(KeywordExecutor.groovy:56)
	at com.kms.katalon.core.keyword.BuiltinKeywords.callTestCase(BuiltinKeywords.groovy:334)
	at BOShowOrder.run(BOShowOrder:40)
	at com.kms.katalon.core.main.ScriptEngine.run(ScriptEngine.java:194)
	at com.kms.katalon.core.main.ScriptEngine.runScriptAsRawText(ScriptEngine.java:119)
	at com.kms.katalon.core.main.TestCaseExecutor.runScript(TestCaseExecutor.java:342)
	at com.kms.katalon.core.main.TestCaseExecutor.doExecute(TestCaseExecutor.java:333)
	at com.kms.katalon.core.main.TestCaseExecutor.processExecutionPhase(TestCaseExecutor.java:312)
	at com.kms.katalon.core.main.TestCaseExecutor.accessMainPhase(TestCaseExecutor.java:304)
	at com.kms.katalon.core.main.TestCaseExecutor.execute(TestCaseExecutor.java:238)
	at com.kms.katalon.core.main.TestSuiteExecutor.accessTestCaseMainPhase(TestSuiteExecutor.java:129)
	at com.kms.katalon.core.main.TestSuiteExecutor.accessTestSuiteMainPhase(TestSuiteExecutor.java:112)
	at com.kms.katalon.core.main.TestSuiteExecutor.execute(TestSuiteExecutor.java:81)
	at com.kms.katalon.core.main.TestCaseMain.startTestSuite(TestCaseMain.java:157)
	at com.kms.katalon.core.main.TestCaseMain$startTestSuite$0.call(Unknown Source)
	at TempTestSuite1566527072754.run(TempTestSuite1566527072754.groovy:35)
)
	at com.kms.katalon.core.keyword.internal.KeywordMain.stepFailed(KeywordMain.groovy:37)
	at com.kms.katalon.core.keyword.internal.KeywordMain.stepFailed(KeywordMain.groovy)
	at com.kms.katalon.core.keyword.internal.KeywordMain.runKeyword(KeywordMain.groovy:68)
	at com.kms.katalon.core.keyword.builtin.VerifyMatchKeyword.verifyMatch(VerifyMatchKeyword.groovy:60)
	at com.kms.katalon.core.keyword.builtin.VerifyMatchKeyword.execute(VerifyMatchKeyword.groovy:45)
	at com.kms.katalon.core.keyword.internal.KeywordExecutor.executeKeywordForPlatform(KeywordExecutor.groovy:56)
	at com.kms.katalon.core.keyword.BuiltinKeywords.verifyMatch(BuiltinKeywords.groovy:55)
	at productVerifyShort.run(productVerifyShort:96)
	at com.kms.katalon.core.main.ScriptEngine.run(ScriptEngine.java:194)
	at com.kms.katalon.core.main.ScriptEngine.runScriptAsRawText(ScriptEngine.java:119)
	at com.kms.katalon.core.main.TestCaseExecutor.runScript(TestCaseExecutor.java:342)
	at com.kms.katalon.core.main.TestCaseExecutor.doExecute(TestCaseExecutor.java:333)
	at com.kms.katalon.core.main.TestCaseExecutor.processExecutionPhase(TestCaseExecutor.java:312)
	at com.kms.katalon.core.main.TestCaseExecutor.accessMainPhase(TestCaseExecutor.java:304)
	at com.kms.katalon.core.main.TestCaseExecutor.execute(TestCaseExecutor.java:238)
	at com.kms.katalon.core.main.TestCaseMain.runTestCase(TestCaseMain.java:114)
	at com.kms.katalon.core.keyword.builtin.CallTestCaseKeyword$_callTestCase_closure1.doCall(CallTestCaseKeyword.groovy:59)
	... 20 more
Caused by: com.kms.katalon.core.exception.StepFailedException: Actual text '119' and expected text '149' are not matched using regular expression
	at com.kms.katalon.core.keyword.builtin.VerifyMatchKeyword$_verifyMatch_closure1.doCall(VerifyMatchKeyword.groovy:57)
	at com.kms.katalon.core.keyword.builtin.VerifyMatchKeyword$_verifyMatch_closure1.call(VerifyMatchKeyword.groovy)
	at com.kms.katalon.core.keyword.internal.KeywordMain.runKeyword(KeywordMain.groovy:66)
	... 34 more]]></system-err>
      </testcase>
      <testcase name="Test Cases/NewArrival/CCOrders" classname="Test Cases/NewArrival/CCOrders" status="FAILED">
         <failure type="FAILED" message="Test Cases/NewArrival/CCOrders FAILED.
Reason:
com.kms.katalon.core.exception.StepFailedException: Call Test Case 'Test Cases/NewArrival/productVerifyShort' failed
	at com.kms.katalon.core.keyword.builtin.CallTestCaseKeyword$_callTestCase_closure1.doCall(CallTestCaseKeyword.groovy:63)
	at com.kms.katalon.core.keyword.builtin.CallTestCaseKeyword$_callTestCase_closure1.call(CallTestCaseKeyword.groovy)
	at com.kms.katalon.core.keyword.internal.KeywordMain.runKeyword(KeywordMain.groovy:66)
	at com.kms.katalon.core.keyword.builtin.CallTestCaseKeyword.callTestCase(CallTestCaseKeyword.groovy:81)
	at com.kms.katalon.core.keyword.builtin.CallTestCaseKeyword.execute(CallTestCaseKeyword.groovy:44)
	at com.kms.katalon.core.keyword.internal.KeywordExecutor.executeKeywordForPlatform(KeywordExecutor.groovy:56)
	at com.kms.katalon.core.keyword.BuiltinKeywords.callTestCase(BuiltinKeywords.groovy:334)
	at CCOrders.run(CCOrders:40)
	at com.kms.katalon.core.main.ScriptEngine.run(ScriptEngine.java:194)
	at com.kms.katalon.core.main.ScriptEngine.runScriptAsRawText(ScriptEngine.java:119)
	at com.kms.katalon.core.main.TestCaseExecutor.runScript(TestCaseExecutor.java:342)
	at com.kms.katalon.core.main.TestCaseExecutor.doExecute(TestCaseExecutor.java:333)
	at com.kms.katalon.core.main.TestCaseExecutor.processExecutionPhase(TestCaseExecutor.java:312)
	at com.kms.katalon.core.main.TestCaseExecutor.accessMainPhase(TestCaseExecutor.java:304)
	at com.kms.katalon.core.main.TestCaseExecutor.execute(TestCaseExecutor.java:238)
	at com.kms.katalon.core.main.TestSuiteExecutor.accessTestCaseMainPhase(TestSuiteExecutor.java:129)
	at com.kms.katalon.core.main.TestSuiteExecutor.accessTestSuiteMainPhase(TestSuiteExecutor.java:112)
	at com.kms.katalon.core.main.TestSuiteExecutor.execute(TestSuiteExecutor.java:81)
	at com.kms.katalon.core.main.TestCaseMain.startTestSuite(TestCaseMain.java:157)
	at com.kms.katalon.core.main.TestCaseMain$startTestSuite$0.call(Unknown Source)
	at TempTestSuite1566527072754.run(TempTestSuite1566527072754.groovy:35)
Caused by: com.kms.katalon.core.exception.StepFailedException: Unable to verify match between actual text '119' and expected text '149' using regular expression (Root cause: com.kms.katalon.core.exception.StepFailedException: Actual text '119' and expected text '149' are not matched using regular expression
	at com.kms.katalon.core.keyword.builtin.VerifyMatchKeyword$_verifyMatch_closure1.doCall(VerifyMatchKeyword.groovy:57)
	at com.kms.katalon.core.keyword.builtin.VerifyMatchKeyword$_verifyMatch_closure1.call(VerifyMatchKeyword.groovy)
	at com.kms.katalon.core.keyword.internal.KeywordMain.runKeyword(KeywordMain.groovy:66)
	at com.kms.katalon.core.keyword.builtin.VerifyMatchKeyword.verifyMatch(VerifyMatchKeyword.groovy:60)
	at com.kms.katalon.core.keyword.builtin.VerifyMatchKeyword.execute(VerifyMatchKeyword.groovy:45)
	at com.kms.katalon.core.keyword.internal.KeywordExecutor.executeKeywordForPlatform(KeywordExecutor.groovy:56)
	at com.kms.katalon.core.keyword.BuiltinKeywords.verifyMatch(BuiltinKeywords.groovy:55)
	at productVerifyShort.run(productVerifyShort:96)
	at com.kms.katalon.core.main.ScriptEngine.run(ScriptEngine.java:194)
	at com.kms.katalon.core.main.ScriptEngine.runScriptAsRawText(ScriptEngine.java:119)
	at com.kms.katalon.core.main.TestCaseExecutor.runScript(TestCaseExecutor.java:342)
	at com.kms.katalon.core.main.TestCaseExecutor.doExecute(TestCaseExecutor.java:333)
	at com.kms.katalon.core.main.TestCaseExecutor.processExecutionPhase(TestCaseExecutor.java:312)
	at com.kms.katalon.core.main.TestCaseExecutor.accessMainPhase(TestCaseExecutor.java:304)
	at com.kms.katalon.core.main.TestCaseExecutor.execute(TestCaseExecutor.java:238)
	at com.kms.katalon.core.main.TestCaseMain.runTestCase(TestCaseMain.java:114)
	at com.kms.katalon.core.keyword.builtin.CallTestCaseKeyword$_callTestCase_closure1.doCall(CallTestCaseKeyword.groovy:59)
	at com.kms.katalon.core.keyword.builtin.CallTestCaseKeyword$_callTestCase_closure1.call(CallTestCaseKeyword.groovy)
	at com.kms.katalon.core.keyword.internal.KeywordMain.runKeyword(KeywordMain.groovy:66)
	at com.kms.katalon.core.keyword.builtin.CallTestCaseKeyword.callTestCase(CallTestCaseKeyword.groovy:81)
	at com.kms.katalon.core.keyword.builtin.CallTestCaseKeyword.execute(CallTestCaseKeyword.groovy:44)
	at com.kms.katalon.core.keyword.internal.KeywordExecutor.executeKeywordForPlatform(KeywordExecutor.groovy:56)
	at com.kms.katalon.core.keyword.BuiltinKeywords.callTestCase(BuiltinKeywords.groovy:334)
	at CCOrders.run(CCOrders:40)
	at com.kms.katalon.core.main.ScriptEngine.run(ScriptEngine.java:194)
	at com.kms.katalon.core.main.ScriptEngine.runScriptAsRawText(ScriptEngine.java:119)
	at com.kms.katalon.core.main.TestCaseExecutor.runScript(TestCaseExecutor.java:342)
	at com.kms.katalon.core.main.TestCaseExecutor.doExecute(TestCaseExecutor.java:333)
	at com.kms.katalon.core.main.TestCaseExecutor.processExecutionPhase(TestCaseExecutor.java:312)
	at com.kms.katalon.core.main.TestCaseExecutor.accessMainPhase(TestCaseExecutor.java:304)
	at com.kms.katalon.core.main.TestCaseExecutor.execute(TestCaseExecutor.java:238)
	at com.kms.katalon.core.main.TestSuiteExecutor.accessTestCaseMainPhase(TestSuiteExecutor.java:129)
	at com.kms.katalon.core.main.TestSuiteExecutor.accessTestSuiteMainPhase(TestSuiteExecutor.java:112)
	at com.kms.katalon.core.main.TestSuiteExecutor.execute(TestSuiteExecutor.java:81)
	at com.kms.katalon.core.main.TestCaseMain.startTestSuite(TestCaseMain.java:157)
	at com.kms.katalon.core.main.TestCaseMain$startTestSuite$0.call(Unknown Source)
	at TempTestSuite1566527072754.run(TempTestSuite1566527072754.groovy:35)
)
	at com.kms.katalon.core.keyword.internal.KeywordMain.stepFailed(KeywordMain.groovy:37)
	at com.kms.katalon.core.keyword.internal.KeywordMain.stepFailed(KeywordMain.groovy)
	at com.kms.katalon.core.keyword.internal.KeywordMain.runKeyword(KeywordMain.groovy:68)
	at com.kms.katalon.core.keyword.builtin.VerifyMatchKeyword.verifyMatch(VerifyMatchKeyword.groovy:60)
	at com.kms.katalon.core.keyword.builtin.VerifyMatchKeyword.execute(VerifyMatchKeyword.groovy:45)
	at com.kms.katalon.core.keyword.internal.KeywordExecutor.executeKeywordForPlatform(KeywordExecutor.groovy:56)
	at com.kms.katalon.core.keyword.BuiltinKeywords.verifyMatch(BuiltinKeywords.groovy:55)
	at productVerifyShort.run(productVerifyShort:96)
	at com.kms.katalon.core.main.ScriptEngine.run(ScriptEngine.java:194)
	at com.kms.katalon.core.main.ScriptEngine.runScriptAsRawText(ScriptEngine.java:119)
	at com.kms.katalon.core.main.TestCaseExecutor.runScript(TestCaseExecutor.java:342)
	at com.kms.katalon.core.main.TestCaseExecutor.doExecute(TestCaseExecutor.java:333)
	at com.kms.katalon.core.main.TestCaseExecutor.processExecutionPhase(TestCaseExecutor.java:312)
	at com.kms.katalon.core.main.TestCaseExecutor.accessMainPhase(TestCaseExecutor.java:304)
	at com.kms.katalon.core.main.TestCaseExecutor.execute(TestCaseExecutor.java:238)
	at com.kms.katalon.core.main.TestCaseMain.runTestCase(TestCaseMain.java:114)
	at com.kms.katalon.core.keyword.builtin.CallTestCaseKeyword$_callTestCase_closure1.doCall(CallTestCaseKeyword.groovy:59)
	... 20 more
Caused by: com.kms.katalon.core.exception.StepFailedException: Actual text '119' and expected text '149' are not matched using regular expression
	at com.kms.katalon.core.keyword.builtin.VerifyMatchKeyword$_verifyMatch_closure1.doCall(VerifyMatchKeyword.groovy:57)
	at com.kms.katalon.core.keyword.builtin.VerifyMatchKeyword$_verifyMatch_closure1.call(VerifyMatchKeyword.groovy)
	at com.kms.katalon.core.keyword.internal.KeywordMain.runKeyword(KeywordMain.groovy:66)
	... 34 more
"/>
         <system-out><![CDATA[2019-08-23 08:22:17 - [TEST_CASE][FAILED] - Test Cases/NewArrival/CCOrders: Test Cases/NewArrival/CCOrders FAILED.
Reason:
com.kms.katalon.core.exception.StepFailedException: Call Test Case 'Test Cases/NewArrival/productVerifyShort' failed
	at com.kms.katalon.core.keyword.builtin.CallTestCaseKeyword$_callTestCase_closure1.doCall(CallTestCaseKeyword.groovy:63)
	at com.kms.katalon.core.keyword.builtin.CallTestCaseKeyword$_callTestCase_closure1.call(CallTestCaseKeyword.groovy)
	at com.kms.katalon.core.keyword.internal.KeywordMain.runKeyword(KeywordMain.groovy:66)
	at com.kms.katalon.core.keyword.builtin.CallTestCaseKeyword.callTestCase(CallTestCaseKeyword.groovy:81)
	at com.kms.katalon.core.keyword.builtin.CallTestCaseKeyword.execute(CallTestCaseKeyword.groovy:44)
	at com.kms.katalon.core.keyword.internal.KeywordExecutor.executeKeywordForPlatform(KeywordExecutor.groovy:56)
	at com.kms.katalon.core.keyword.BuiltinKeywords.callTestCase(BuiltinKeywords.groovy:334)
	at CCOrders.run(CCOrders:40)
	at com.kms.katalon.core.main.ScriptEngine.run(ScriptEngine.java:194)
	at com.kms.katalon.core.main.ScriptEngine.runScriptAsRawText(ScriptEngine.java:119)
	at com.kms.katalon.core.main.TestCaseExecutor.runScript(TestCaseExecutor.java:342)
	at com.kms.katalon.core.main.TestCaseExecutor.doExecute(TestCaseExecutor.java:333)
	at com.kms.katalon.core.main.TestCaseExecutor.processExecutionPhase(TestCaseExecutor.java:312)
	at com.kms.katalon.core.main.TestCaseExecutor.accessMainPhase(TestCaseExecutor.java:304)
	at com.kms.katalon.core.main.TestCaseExecutor.execute(TestCaseExecutor.java:238)
	at com.kms.katalon.core.main.TestSuiteExecutor.accessTestCaseMainPhase(TestSuiteExecutor.java:129)
	at com.kms.katalon.core.main.TestSuiteExecutor.accessTestSuiteMainPhase(TestSuiteExecutor.java:112)
	at com.kms.katalon.core.main.TestSuiteExecutor.execute(TestSuiteExecutor.java:81)
	at com.kms.katalon.core.main.TestCaseMain.startTestSuite(TestCaseMain.java:157)
	at com.kms.katalon.core.main.TestCaseMain$startTestSuite$0.call(Unknown Source)
	at TempTestSuite1566527072754.run(TempTestSuite1566527072754.groovy:35)
Caused by: com.kms.katalon.core.exception.StepFailedException: Unable to verify match between actual text '119' and expected text '149' using regular expression (Root cause: com.kms.katalon.core.exception.StepFailedException: Actual text '119' and expected text '149' are not matched using regular expression
	at com.kms.katalon.core.keyword.builtin.VerifyMatchKeyword$_verifyMatch_closure1.doCall(VerifyMatchKeyword.groovy:57)
	at com.kms.katalon.core.keyword.builtin.VerifyMatchKeyword$_verifyMatch_closure1.call(VerifyMatchKeyword.groovy)
	at com.kms.katalon.core.keyword.internal.KeywordMain.runKeyword(KeywordMain.groovy:66)
	at com.kms.katalon.core.keyword.builtin.VerifyMatchKeyword.verifyMatch(VerifyMatchKeyword.groovy:60)
	at com.kms.katalon.core.keyword.builtin.VerifyMatchKeyword.execute(VerifyMatchKeyword.groovy:45)
	at com.kms.katalon.core.keyword.internal.KeywordExecutor.executeKeywordForPlatform(KeywordExecutor.groovy:56)
	at com.kms.katalon.core.keyword.BuiltinKeywords.verifyMatch(BuiltinKeywords.groovy:55)
	at productVerifyShort.run(productVerifyShort:96)
	at com.kms.katalon.core.main.ScriptEngine.run(ScriptEngine.java:194)
	at com.kms.katalon.core.main.ScriptEngine.runScriptAsRawText(ScriptEngine.java:119)
	at com.kms.katalon.core.main.TestCaseExecutor.runScript(TestCaseExecutor.java:342)
	at com.kms.katalon.core.main.TestCaseExecutor.doExecute(TestCaseExecutor.java:333)
	at com.kms.katalon.core.main.TestCaseExecutor.processExecutionPhase(TestCaseExecutor.java:312)
	at com.kms.katalon.core.main.TestCaseExecutor.accessMainPhase(TestCaseExecutor.java:304)
	at com.kms.katalon.core.main.TestCaseExecutor.execute(TestCaseExecutor.java:238)
	at com.kms.katalon.core.main.TestCaseMain.runTestCase(TestCaseMain.java:114)
	at com.kms.katalon.core.keyword.builtin.CallTestCaseKeyword$_callTestCase_closure1.doCall(CallTestCaseKeyword.groovy:59)
	at com.kms.katalon.core.keyword.builtin.CallTestCaseKeyword$_callTestCase_closure1.call(CallTestCaseKeyword.groovy)
	at com.kms.katalon.core.keyword.internal.KeywordMain.runKeyword(KeywordMain.groovy:66)
	at com.kms.katalon.core.keyword.builtin.CallTestCaseKeyword.callTestCase(CallTestCaseKeyword.groovy:81)
	at com.kms.katalon.core.keyword.builtin.CallTestCaseKeyword.execute(CallTestCaseKeyword.groovy:44)
	at com.kms.katalon.core.keyword.internal.KeywordExecutor.executeKeywordForPlatform(KeywordExecutor.groovy:56)
	at com.kms.katalon.core.keyword.BuiltinKeywords.callTestCase(BuiltinKeywords.groovy:334)
	at CCOrders.run(CCOrders:40)
	at com.kms.katalon.core.main.ScriptEngine.run(ScriptEngine.java:194)
	at com.kms.katalon.core.main.ScriptEngine.runScriptAsRawText(ScriptEngine.java:119)
	at com.kms.katalon.core.main.TestCaseExecutor.runScript(TestCaseExecutor.java:342)
	at com.kms.katalon.core.main.TestCaseExecutor.doExecute(TestCaseExecutor.java:333)
	at com.kms.katalon.core.main.TestCaseExecutor.processExecutionPhase(TestCaseExecutor.java:312)
	at com.kms.katalon.core.main.TestCaseExecutor.accessMainPhase(TestCaseExecutor.java:304)
	at com.kms.katalon.core.main.TestCaseExecutor.execute(TestCaseExecutor.java:238)
	at com.kms.katalon.core.main.TestSuiteExecutor.accessTestCaseMainPhase(TestSuiteExecutor.java:129)
	at com.kms.katalon.core.main.TestSuiteExecutor.accessTestSuiteMainPhase(TestSuiteExecutor.java:112)
	at com.kms.katalon.core.main.TestSuiteExecutor.execute(TestSuiteExecutor.java:81)
	at com.kms.katalon.core.main.TestCaseMain.startTestSuite(TestCaseMain.java:157)
	at com.kms.katalon.core.main.TestCaseMain$startTestSuite$0.call(Unknown Source)
	at TempTestSuite1566527072754.run(TempTestSuite1566527072754.groovy:35)
)
	at com.kms.katalon.core.keyword.internal.KeywordMain.stepFailed(KeywordMain.groovy:37)
	at com.kms.katalon.core.keyword.internal.KeywordMain.stepFailed(KeywordMain.groovy)
	at com.kms.katalon.core.keyword.internal.KeywordMain.runKeyword(KeywordMain.groovy:68)
	at com.kms.katalon.core.keyword.builtin.VerifyMatchKeyword.verifyMatch(VerifyMatchKeyword.groovy:60)
	at com.kms.katalon.core.keyword.builtin.VerifyMatchKeyword.execute(VerifyMatchKeyword.groovy:45)
	at com.kms.katalon.core.keyword.internal.KeywordExecutor.executeKeywordForPlatform(KeywordExecutor.groovy:56)
	at com.kms.katalon.core.keyword.BuiltinKeywords.verifyMatch(BuiltinKeywords.groovy:55)
	at productVerifyShort.run(productVerifyShort:96)
	at com.kms.katalon.core.main.ScriptEngine.run(ScriptEngine.java:194)
	at com.kms.katalon.core.main.ScriptEngine.runScriptAsRawText(ScriptEngine.java:119)
	at com.kms.katalon.core.main.TestCaseExecutor.runScript(TestCaseExecutor.java:342)
	at com.kms.katalon.core.main.TestCaseExecutor.doExecute(TestCaseExecutor.java:333)
	at com.kms.katalon.core.main.TestCaseExecutor.processExecutionPhase(TestCaseExecutor.java:312)
	at com.kms.katalon.core.main.TestCaseExecutor.accessMainPhase(TestCaseExecutor.java:304)
	at com.kms.katalon.core.main.TestCaseExecutor.execute(TestCaseExecutor.java:238)
	at com.kms.katalon.core.main.TestCaseMain.runTestCase(TestCaseMain.java:114)
	at com.kms.katalon.core.keyword.builtin.CallTestCaseKeyword$_callTestCase_closure1.doCall(CallTestCaseKeyword.groovy:59)
	... 20 more
Caused by: com.kms.katalon.core.exception.StepFailedException: Actual text '119' and expected text '149' are not matched using regular expression
	at com.kms.katalon.core.keyword.builtin.VerifyMatchKeyword$_verifyMatch_closure1.doCall(VerifyMatchKeyword.groovy:57)
	at com.kms.katalon.core.keyword.builtin.VerifyMatchKeyword$_verifyMatch_closure1.call(VerifyMatchKeyword.groovy)
	at com.kms.katalon.core.keyword.internal.KeywordMain.runKeyword(KeywordMain.groovy:66)
	... 34 more


2019-08-23 08:22:17 - [TEST_STEP][PASSED] - Start listener action : sampleBeforeTestCase: null

2019-08-23 08:22:17 - [TEST_STEP][PASSED] - println(testCaseContext.getTestCaseId()): null

2019-08-23 08:22:17 - [TEST_STEP][PASSED] - println(testCaseContext.getTestCaseVariables()): null

2019-08-23 08:22:17 - [TEST_STEP][PASSED] - openBrowser(""): Browser is opened with url: ''

2019-08-23 08:22:17 - [MESSAGE][WARNING] - A browser is already opened. Closing browser and opening a new one

2019-08-23 08:22:18 - [MESSAGE][INFO] - Starting 'Chrome' driver

2019-08-23 08:22:18 - [MESSAGE][INFO] - User set preference: ['args', '[--use-fake-ui-for-media-stream, --start-maximized]']

2019-08-23 08:22:20 - [MESSAGE][PASSED] - Browser is opened with url: ''

2019-08-23 08:22:20 - [TEST_STEP][FAILED] - for ([timeRow = 1, timeRow <= findTestData("timezoneData").getRowNumbers(), (timeRow++)]): for ([timeRow = 1, timeRow <= findTestData("timezoneData").getRowNumbers(), (timeRow++)]) FAILED.
Reason:
com.kms.katalon.core.exception.StepFailedException: Call Test Case 'Test Cases/NewArrival/productVerifyShort' failed
	at com.kms.katalon.core.keyword.builtin.CallTestCaseKeyword$_callTestCase_closure1.doCall(CallTestCaseKeyword.groovy:63)
	at com.kms.katalon.core.keyword.builtin.CallTestCaseKeyword$_callTestCase_closure1.call(CallTestCaseKeyword.groovy)
	at com.kms.katalon.core.keyword.internal.KeywordMain.runKeyword(KeywordMain.groovy:66)
	at com.kms.katalon.core.keyword.builtin.CallTestCaseKeyword.callTestCase(CallTestCaseKeyword.groovy:81)
	at com.kms.katalon.core.keyword.builtin.CallTestCaseKeyword.execute(CallTestCaseKeyword.groovy:44)
	at com.kms.katalon.core.keyword.internal.KeywordExecutor.executeKeywordForPlatform(KeywordExecutor.groovy:56)
	at com.kms.katalon.core.keyword.BuiltinKeywords.callTestCase(BuiltinKeywords.groovy:334)
	at CCOrders.run(CCOrders:40)
	at com.kms.katalon.core.main.ScriptEngine.run(ScriptEngine.java:194)
	at com.kms.katalon.core.main.ScriptEngine.runScriptAsRawText(ScriptEngine.java:119)
	at com.kms.katalon.core.main.TestCaseExecutor.runScript(TestCaseExecutor.java:342)
	at com.kms.katalon.core.main.TestCaseExecutor.doExecute(TestCaseExecutor.java:333)
	at com.kms.katalon.core.main.TestCaseExecutor.processExecutionPhase(TestCaseExecutor.java:312)
	at com.kms.katalon.core.main.TestCaseExecutor.accessMainPhase(TestCaseExecutor.java:304)
	at com.kms.katalon.core.main.TestCaseExecutor.execute(TestCaseExecutor.java:238)
	at com.kms.katalon.core.main.TestSuiteExecutor.accessTestCaseMainPhase(TestSuiteExecutor.java:129)
	at com.kms.katalon.core.main.TestSuiteExecutor.accessTestSuiteMainPhase(TestSuiteExecutor.java:112)
	at com.kms.katalon.core.main.TestSuiteExecutor.execute(TestSuiteExecutor.java:81)
	at com.kms.katalon.core.main.TestCaseMain.startTestSuite(TestCaseMain.java:157)
	at com.kms.katalon.core.main.TestCaseMain$startTestSuite$0.call(Unknown Source)
	at TempTestSuite1566527072754.run(TempTestSuite1566527072754.groovy:35)
Caused by: com.kms.katalon.core.exception.StepFailedException: Unable to verify match between actual text '119' and expected text '149' using regular expression (Root cause: com.kms.katalon.core.exception.StepFailedException: Actual text '119' and expected text '149' are not matched using regular expression
	at com.kms.katalon.core.keyword.builtin.VerifyMatchKeyword$_verifyMatch_closure1.doCall(VerifyMatchKeyword.groovy:57)
	at com.kms.katalon.core.keyword.builtin.VerifyMatchKeyword$_verifyMatch_closure1.call(VerifyMatchKeyword.groovy)
	at com.kms.katalon.core.keyword.internal.KeywordMain.runKeyword(KeywordMain.groovy:66)
	at com.kms.katalon.core.keyword.builtin.VerifyMatchKeyword.verifyMatch(VerifyMatchKeyword.groovy:60)
	at com.kms.katalon.core.keyword.builtin.VerifyMatchKeyword.execute(VerifyMatchKeyword.groovy:45)
	at com.kms.katalon.core.keyword.internal.KeywordExecutor.executeKeywordForPlatform(KeywordExecutor.groovy:56)
	at com.kms.katalon.core.keyword.BuiltinKeywords.verifyMatch(BuiltinKeywords.groovy:55)
	at productVerifyShort.run(productVerifyShort:96)
	at com.kms.katalon.core.main.ScriptEngine.run(ScriptEngine.java:194)
	at com.kms.katalon.core.main.ScriptEngine.runScriptAsRawText(ScriptEngine.java:119)
	at com.kms.katalon.core.main.TestCaseExecutor.runScript(TestCaseExecutor.java:342)
	at com.kms.katalon.core.main.TestCaseExecutor.doExecute(TestCaseExecutor.java:333)
	at com.kms.katalon.core.main.TestCaseExecutor.processExecutionPhase(TestCaseExecutor.java:312)
	at com.kms.katalon.core.main.TestCaseExecutor.accessMainPhase(TestCaseExecutor.java:304)
	at com.kms.katalon.core.main.TestCaseExecutor.execute(TestCaseExecutor.java:238)
	at com.kms.katalon.core.main.TestCaseMain.runTestCase(TestCaseMain.java:114)
	at com.kms.katalon.core.keyword.builtin.CallTestCaseKeyword$_callTestCase_closure1.doCall(CallTestCaseKeyword.groovy:59)
	at com.kms.katalon.core.keyword.builtin.CallTestCaseKeyword$_callTestCase_closure1.call(CallTestCaseKeyword.groovy)
	at com.kms.katalon.core.keyword.internal.KeywordMain.runKeyword(KeywordMain.groovy:66)
	at com.kms.katalon.core.keyword.builtin.CallTestCaseKeyword.callTestCase(CallTestCaseKeyword.groovy:81)
	at com.kms.katalon.core.keyword.builtin.CallTestCaseKeyword.execute(CallTestCaseKeyword.groovy:44)
	at com.kms.katalon.core.keyword.internal.KeywordExecutor.executeKeywordForPlatform(KeywordExecutor.groovy:56)
	at com.kms.katalon.core.keyword.BuiltinKeywords.callTestCase(BuiltinKeywords.groovy:334)
	at CCOrders.run(CCOrders:40)
	at com.kms.katalon.core.main.ScriptEngine.run(ScriptEngine.java:194)
	at com.kms.katalon.core.main.ScriptEngine.runScriptAsRawText(ScriptEngine.java:119)
	at com.kms.katalon.core.main.TestCaseExecutor.runScript(TestCaseExecutor.java:342)
	at com.kms.katalon.core.main.TestCaseExecutor.doExecute(TestCaseExecutor.java:333)
	at com.kms.katalon.core.main.TestCaseExecutor.processExecutionPhase(TestCaseExecutor.java:312)
	at com.kms.katalon.core.main.TestCaseExecutor.accessMainPhase(TestCaseExecutor.java:304)
	at com.kms.katalon.core.main.TestCaseExecutor.execute(TestCaseExecutor.java:238)
	at com.kms.katalon.core.main.TestSuiteExecutor.accessTestCaseMainPhase(TestSuiteExecutor.java:129)
	at com.kms.katalon.core.main.TestSuiteExecutor.accessTestSuiteMainPhase(TestSuiteExecutor.java:112)
	at com.kms.katalon.core.main.TestSuiteExecutor.execute(TestSuiteExecutor.java:81)
	at com.kms.katalon.core.main.TestCaseMain.startTestSuite(TestCaseMain.java:157)
	at com.kms.katalon.core.main.TestCaseMain$startTestSuite$0.call(Unknown Source)
	at TempTestSuite1566527072754.run(TempTestSuite1566527072754.groovy:35)
)
	at com.kms.katalon.core.keyword.internal.KeywordMain.stepFailed(KeywordMain.groovy:37)
	at com.kms.katalon.core.keyword.internal.KeywordMain.stepFailed(KeywordMain.groovy)
	at com.kms.katalon.core.keyword.internal.KeywordMain.runKeyword(KeywordMain.groovy:68)
	at com.kms.katalon.core.keyword.builtin.VerifyMatchKeyword.verifyMatch(VerifyMatchKeyword.groovy:60)
	at com.kms.katalon.core.keyword.builtin.VerifyMatchKeyword.execute(VerifyMatchKeyword.groovy:45)
	at com.kms.katalon.core.keyword.internal.KeywordExecutor.executeKeywordForPlatform(KeywordExecutor.groovy:56)
	at com.kms.katalon.core.keyword.BuiltinKeywords.verifyMatch(BuiltinKeywords.groovy:55)
	at productVerifyShort.run(productVerifyShort:96)
	at com.kms.katalon.core.main.ScriptEngine.run(ScriptEngine.java:194)
	at com.kms.katalon.core.main.ScriptEngine.runScriptAsRawText(ScriptEngine.java:119)
	at com.kms.katalon.core.main.TestCaseExecutor.runScript(TestCaseExecutor.java:342)
	at com.kms.katalon.core.main.TestCaseExecutor.doExecute(TestCaseExecutor.java:333)
	at com.kms.katalon.core.main.TestCaseExecutor.processExecutionPhase(TestCaseExecutor.java:312)
	at com.kms.katalon.core.main.TestCaseExecutor.accessMainPhase(TestCaseExecutor.java:304)
	at com.kms.katalon.core.main.TestCaseExecutor.execute(TestCaseExecutor.java:238)
	at com.kms.katalon.core.main.TestCaseMain.runTestCase(TestCaseMain.java:114)
	at com.kms.katalon.core.keyword.builtin.CallTestCaseKeyword$_callTestCase_closure1.doCall(CallTestCaseKeyword.groovy:59)
	... 20 more
Caused by: com.kms.katalon.core.exception.StepFailedException: Actual text '119' and expected text '149' are not matched using regular expression
	at com.kms.katalon.core.keyword.builtin.VerifyMatchKeyword$_verifyMatch_closure1.doCall(VerifyMatchKeyword.groovy:57)
	at com.kms.katalon.core.keyword.builtin.VerifyMatchKeyword$_verifyMatch_closure1.call(VerifyMatchKeyword.groovy)
	at com.kms.katalon.core.keyword.internal.KeywordMain.runKeyword(KeywordMain.groovy:66)
	... 34 more


2019-08-23 08:22:20 - [TEST_STEP][PASSED] - callTestCase(findTestCase("NewArrival/populateTimeGlobalVars"), ["row":timeRow], STOP_ON_FAILURE): Call Test Case 'Test Cases/NewArrival/populateTimeGlobalVars' successfully

2019-08-23 08:22:20 - [TEST_CASE][PASSED] - Test Cases/NewArrival/populateTimeGlobalVars: Test Cases/NewArrival/populateTimeGlobalVars

2019-08-23 08:22:20 - [TEST_STEP][PASSED] - dataFile = "timezoneData": null

2019-08-23 08:22:20 - [TEST_STEP][PASSED] - clockServerTarget = UtilityMethods.getTestData("envtData", "clockServerTarget", 1): null

2019-08-23 08:22:20 - [TEST_STEP][PASSED] - println(clockServerTarget): null

2019-08-23 08:22:20 - [TEST_STEP][PASSED] - orderType = UtilityMethods.getTestData(dataFile, "orderType", row): null

2019-08-23 08:22:20 - [TEST_STEP][PASSED] - timeZone = UtilityMethods.getTestData(dataFile, "timeZone", row): null

2019-08-23 08:22:20 - [TEST_STEP][PASSED] - BOPersonal = UtilityMethods.getTestData(dataFile, "BOPersonal", row): null

2019-08-23 08:22:20 - [TEST_STEP][PASSED] - BOAddonPersonal = UtilityMethods.getTestData(dataFile, "BOAddonPersonal", row): null

2019-08-23 08:22:20 - [TEST_STEP][PASSED] - BOAddonRetail = UtilityMethods.getTestData(dataFile, "BOAddonRetail", row): null

2019-08-23 08:22:20 - [TEST_STEP][PASSED] - BORetail = UtilityMethods.getTestData(dataFile, "BORetail", row): null

2019-08-23 08:22:20 - [TEST_STEP][PASSED] - BOShow = UtilityMethods.getTestData(dataFile, "BOShow", row): null

2019-08-23 08:22:20 - [TEST_STEP][PASSED] - BOOnlineoutlet = UtilityMethods.getTestData(dataFile, "BOOnlineoutlet", row): null

2019-08-23 08:22:20 - [TEST_STEP][PASSED] - BOEmployee = UtilityMethods.getTestData(dataFile, "BOEmployee", row): null

2019-08-23 08:22:20 - [TEST_STEP][PASSED] - CCPersonal = UtilityMethods.getTestData(dataFile, "CCPersonal", row): null

2019-08-23 08:22:20 - [TEST_STEP][PASSED] - CCRetail = UtilityMethods.getTestData(dataFile, "CCRetail", row): null

2019-08-23 08:22:20 - [TEST_STEP][PASSED] - CCShow = UtilityMethods.getTestData(dataFile, "CCShow", row): null

2019-08-23 08:22:20 - [TEST_STEP][PASSED] - BOEblast = UtilityMethods.getTestData(dataFile, "BOEblast", row): null

2019-08-23 08:22:20 - [MESSAGE][PASSED] - Call Test Case 'Test Cases/NewArrival/populateTimeGlobalVars' successfully

2019-08-23 08:22:20 - [TEST_STEP][PASSED] - callTestCase(findTestCase("NewArrival/setTimezone"), ["ofbizURL":"", "ofbizuser":"", "ofbizpass":"", "orderType":orderType, "timeZone":timeZone, "serverTarget":serverTarget, "clockServerTarget":clockServerTarget], STOP_ON_FAILURE): Call Test Case 'Test Cases/NewArrival/setTimezone' successfully

2019-08-23 08:22:20 - [TEST_CASE][PASSED] - Test Cases/NewArrival/setTimezone: Test Cases/NewArrival/setTimezone

2019-08-23 08:22:20 - [TEST_STEP][PASSED] - openBrowser(""): Browser is opened with url: ''

2019-08-23 08:22:20 - [MESSAGE][WARNING] - A browser is already opened. Closing browser and opening a new one

2019-08-23 08:22:21 - [MESSAGE][INFO] - Starting 'Chrome' driver

2019-08-23 08:22:21 - [MESSAGE][INFO] - User set preference: ['args', '[--use-fake-ui-for-media-stream, --start-maximized]']

2019-08-23 08:22:23 - [MESSAGE][PASSED] - Browser is opened with url: ''

2019-08-23 08:22:23 - [TEST_STEP][NOT_RUN] - maximizeWindow(): NOT_RUN: maximizeWindow()

2019-08-23 08:22:23 - [MESSAGE][NOT_RUN] - NOT_RUN: maximizeWindow()

2019-08-23 08:22:23 - [TEST_STEP][PASSED] - ofbizURL = findTestData("envtData").getValue("ofbizURL", 1): null

2019-08-23 08:22:23 - [TEST_STEP][PASSED] - ofbizuser = findTestData("credData").getValue("ofbizuser", 1): null

2019-08-23 08:22:23 - [TEST_STEP][PASSED] - ofbizpass = findTestData("credData").getValue("ofbizpass", 1): null

2019-08-23 08:22:23 - [TEST_STEP][PASSED] - navigateToUrl(ofbizURL): Navigate to 'https://pushofbiz.cliotest.com/login.php' successfully

2019-08-23 08:22:25 - [MESSAGE][PASSED] - Navigate to 'https://pushofbiz.cliotest.com/login.php' successfully

2019-08-23 08:22:25 - [TEST_STEP][PASSED] - setText(findTestObject("Page_/input_Username_username"), ofbizuser): Text 'automation' is set on object 'Object Repository/Page_/input_Username_username'

2019-08-23 08:22:25 - [MESSAGE][PASSED] - Text 'automation' is set on object 'Object Repository/Page_/input_Username_username'

2019-08-23 08:22:25 - [TEST_STEP][PASSED] - setText(findTestObject("Page_/input_Password_password"), ofbizpass): Text 'cabiautomation' is set on object 'Object Repository/Page_/input_Password_password'

2019-08-23 08:22:25 - [MESSAGE][PASSED] - Text 'cabiautomation' is set on object 'Object Repository/Page_/input_Password_password'

2019-08-23 08:22:25 - [TEST_STEP][PASSED] - click(findTestObject("Page_/input_Password_Submit")): Object: 'Object Repository/Page_/input_Password_Submit' is clicked on

2019-08-23 08:22:31 - [MESSAGE][PASSED] - Object: 'Object Repository/Page_/input_Password_Submit' is clicked on

2019-08-23 08:22:31 - [TEST_STEP][PASSED] - click(findTestObject("Object Repository/Page_/a_Clock set")): Object: 'Object Repository/Page_/a_Clock set' is clicked on

2019-08-23 08:22:32 - [MESSAGE][PASSED] - Object: 'Object Repository/Page_/a_Clock set' is clicked on

2019-08-23 08:22:32 - [TEST_STEP][PASSED] - cst = UtilityMethods.createTestObject("select_target", "//select[@name='Target']/option[contains(text(), '", clockServerTarget, "')]"): null

2019-08-23 08:22:32 - [TEST_STEP][PASSED] - println(clockServerTarget): null

2019-08-23 08:22:32 - [TEST_STEP][PASSED] - click(cst): Object: 'select_target' is clicked on

2019-08-23 08:22:32 - [MESSAGE][PASSED] - Object: 'select_target' is clicked on

2019-08-23 08:22:32 - [TEST_STEP][PASSED] - click(findTestObject("Page_/thisDateAndTime")): Object: 'Object Repository/Page_/thisDateAndTime' is clicked on

2019-08-23 08:22:32 - [MESSAGE][PASSED] - Object: 'Object Repository/Page_/thisDateAndTime' is clicked on

2019-08-23 08:22:32 - [TEST_STEP][PASSED] - setText(findTestObject("Object Repository/Page_/setTargetTime"), timeZone): Text ' 09/06/2019 7:00' is set on object 'Object Repository/Page_/setTargetTime'

2019-08-23 08:22:33 - [MESSAGE][PASSED] - Text ' 09/06/2019 7:00' is set on object 'Object Repository/Page_/setTargetTime'

2019-08-23 08:22:33 - [TEST_STEP][PASSED] - click(findTestObject("Object Repository/Page_/input")): Object: 'Object Repository/Page_/input' is clicked on

2019-08-23 08:22:34 - [MESSAGE][PASSED] - Object: 'Object Repository/Page_/input' is clicked on

2019-08-23 08:22:34 - [TEST_STEP][PASSED] - delay(10): Delayed 10 second(s)

2019-08-23 08:22:44 - [MESSAGE][PASSED] - Delayed 10 second(s)

2019-08-23 08:22:44 - [TEST_STEP][NOT_RUN] - closeBrowser(): NOT_RUN: closeBrowser()

2019-08-23 08:22:44 - [MESSAGE][NOT_RUN] - NOT_RUN: closeBrowser()

2019-08-23 08:22:44 - [MESSAGE][PASSED] - Call Test Case 'Test Cases/NewArrival/setTimezone' successfully

2019-08-23 08:22:44 - [TEST_STEP][PASSED] - callTestCase(findTestCase("TestCaseUtilities/cabiCentralLogin"), [:], STOP_ON_FAILURE): Call Test Case 'Test Cases/TestCaseUtilities/cabiCentralLogin' successfully

2019-08-23 08:22:44 - [TEST_CASE][PASSED] - Test Cases/TestCaseUtilities/cabiCentralLogin: Test Cases/TestCaseUtilities/cabiCentralLogin

2019-08-23 08:22:44 - [TEST_STEP][PASSED] - CCURL = findTestData("envtData").getValue("CCURL", 1): null

2019-08-23 08:22:44 - [TEST_STEP][PASSED] - CCuser = findTestData("credData").getValue("CCuser", 1): null

2019-08-23 08:22:44 - [TEST_STEP][PASSED] - CCpass = findTestData("credData").getValue("CCpass", 1): null

2019-08-23 08:22:44 - [TEST_STEP][PASSED] - openBrowser(""): Browser is opened with url: ''

2019-08-23 08:22:44 - [MESSAGE][WARNING] - A browser is already opened. Closing browser and opening a new one

2019-08-23 08:22:45 - [MESSAGE][INFO] - Starting 'Chrome' driver

2019-08-23 08:22:45 - [MESSAGE][INFO] - User set preference: ['args', '[--use-fake-ui-for-media-stream, --start-maximized]']

2019-08-23 08:22:47 - [MESSAGE][PASSED] - Browser is opened with url: ''

2019-08-23 08:22:47 - [TEST_STEP][PASSED] - navigateToUrl(CCURL): Navigate to 'https://test4.cliotest.com/cabicentral/control/main' successfully

2019-08-23 08:22:55 - [MESSAGE][PASSED] - Navigate to 'https://test4.cliotest.com/cabicentral/control/main' successfully

2019-08-23 08:22:55 - [TEST_STEP][PASSED] - maximizeWindow(): Current window maximized

2019-08-23 08:22:56 - [MESSAGE][PASSED] - Current window maximized

2019-08-23 08:22:56 - [TEST_STEP][PASSED] - logOut = findWebElements(findTestObject("Object Repository/Page_cabi Home/log_out"), 1): Unable to find the element located by 'By.xpath: //a[contains(text(),'Log Out')]'. Please recheck the objects properties to make sure the desired element is located. 

2019-08-23 08:22:57 - [MESSAGE][INFO] - Unable to find the element located by 'By.xpath: //a[contains(text(),'Log Out')]'. Please recheck the objects properties to make sure the desired element is located. 

2019-08-23 08:22:57 - [TEST_STEP][PASSED] - if (logOut.size() == 0): Object: 'Object Repository/Page_cabi/input_Password_section-btn btn-stl-pk rFloat' is clicked on

2019-08-23 08:22:57 - [TEST_STEP][PASSED] - setText(findTestObject("Object Repository/Page_cabi/input_Username_USERNAME"), CCuser): Text 'ehudson' is set on object 'Object Repository/Page_cabi/input_Username_USERNAME'

2019-08-23 08:22:57 - [MESSAGE][PASSED] - Text 'ehudson' is set on object 'Object Repository/Page_cabi/input_Username_USERNAME'

2019-08-23 08:22:57 - [TEST_STEP][PASSED] - setText(findTestObject("Object Repository/Page_cabi/input_Password_PASSWORD"), CCpass): Text 'blackdress19' is set on object 'Object Repository/Page_cabi/input_Password_PASSWORD'

2019-08-23 08:22:57 - [MESSAGE][PASSED] - Text 'blackdress19' is set on object 'Object Repository/Page_cabi/input_Password_PASSWORD'

2019-08-23 08:22:57 - [TEST_STEP][PASSED] - delay(1): Delayed 1 second(s)

2019-08-23 08:22:58 - [MESSAGE][PASSED] - Delayed 1 second(s)

2019-08-23 08:22:58 - [TEST_STEP][PASSED] - click(findTestObject("Object Repository/Page_cabi/input_Password_section-btn btn-stl-pk rFloat")): Object: 'Object Repository/Page_cabi/input_Password_section-btn btn-stl-pk rFloat' is clicked on

2019-08-23 08:23:02 - [MESSAGE][PASSED] - Object: 'Object Repository/Page_cabi/input_Password_section-btn btn-stl-pk rFloat' is clicked on

2019-08-23 08:23:02 - [TEST_STEP][PASSED] - delay(3): Delayed 3 second(s)

2019-08-23 08:23:05 - [MESSAGE][PASSED] - Delayed 3 second(s)

2019-08-23 08:23:05 - [MESSAGE][PASSED] - Call Test Case 'Test Cases/TestCaseUtilities/cabiCentralLogin' successfully

2019-08-23 08:23:05 - [TEST_STEP][PASSED] - delay(3): Delayed 3 second(s)

2019-08-23 08:23:08 - [MESSAGE][PASSED] - Delayed 3 second(s)

2019-08-23 08:23:08 - [TEST_STEP][PASSED] - click(findTestObject("Page_cabi cabiCentral Tasks/a_ORDERS")): Object: 'Object Repository/Page_cabi cabiCentral Tasks/a_ORDERS' is clicked on

2019-08-23 08:23:11 - [MESSAGE][PASSED] - Object: 'Object Repository/Page_cabi cabiCentral Tasks/a_ORDERS' is clicked on

2019-08-23 08:23:11 - [TEST_STEP][PASSED] - delay(3): Delayed 3 second(s)

2019-08-23 08:23:14 - [MESSAGE][PASSED] - Delayed 3 second(s)

2019-08-23 08:23:14 - [TEST_STEP][PASSED] - click(findTestObject("Page_cabi Find Order/a_Create Order")): Object: 'Object Repository/Page_cabi Find Order/a_Create Order' is clicked on

2019-08-23 08:23:15 - [MESSAGE][PASSED] - Object: 'Object Repository/Page_cabi Find Order/a_Create Order' is clicked on

2019-08-23 08:23:15 - [TEST_STEP][PASSED] - selectOptionByValue(findTestObject("Page_cabi Create Order/select_order_type"), "PERSONAL", true): All options with value 'PERSONAL' are selected in object 'Object Repository/Page_cabi Create Order/select_order_type'  using regular expression

2019-08-23 08:23:16 - [MESSAGE][PASSED] - All options with value 'PERSONAL' are selected in object 'Object Repository/Page_cabi Create Order/select_order_type'  using regular expression

2019-08-23 08:23:16 - [TEST_STEP][PASSED] - click(findTestObject("Page_cabi Create Order/input_select_order_type")): Object: 'Object Repository/Page_cabi Create Order/input_select_order_type' is clicked on

2019-08-23 08:23:22 - [MESSAGE][PASSED] - Object: 'Object Repository/Page_cabi Create Order/input_select_order_type' is clicked on

2019-08-23 08:23:22 - [TEST_STEP][FAILED] - callTestCase(findTestCase("NewArrival/productVerifyShort"), ["available":CCPersonal, "storeType":"CCPersonal"], STOP_ON_FAILURE): for ([timeRow = 1, timeRow <= findTestData("timezoneData").getRowNumbers(), (timeRow++)]) FAILED.
Reason:
com.kms.katalon.core.exception.StepFailedException: Call Test Case 'Test Cases/NewArrival/productVerifyShort' failed
	at com.kms.katalon.core.keyword.builtin.CallTestCaseKeyword$_callTestCase_closure1.doCall(CallTestCaseKeyword.groovy:63)
	at com.kms.katalon.core.keyword.builtin.CallTestCaseKeyword$_callTestCase_closure1.call(CallTestCaseKeyword.groovy)
	at com.kms.katalon.core.keyword.internal.KeywordMain.runKeyword(KeywordMain.groovy:66)
	at com.kms.katalon.core.keyword.builtin.CallTestCaseKeyword.callTestCase(CallTestCaseKeyword.groovy:81)
	at com.kms.katalon.core.keyword.builtin.CallTestCaseKeyword.execute(CallTestCaseKeyword.groovy:44)
	at com.kms.katalon.core.keyword.internal.KeywordExecutor.executeKeywordForPlatform(KeywordExecutor.groovy:56)
	at com.kms.katalon.core.keyword.BuiltinKeywords.callTestCase(BuiltinKeywords.groovy:334)
	at CCOrders.run(CCOrders:40)
	at com.kms.katalon.core.main.ScriptEngine.run(ScriptEngine.java:194)
	at com.kms.katalon.core.main.ScriptEngine.runScriptAsRawText(ScriptEngine.java:119)
	at com.kms.katalon.core.main.TestCaseExecutor.runScript(TestCaseExecutor.java:342)
	at com.kms.katalon.core.main.TestCaseExecutor.doExecute(TestCaseExecutor.java:333)
	at com.kms.katalon.core.main.TestCaseExecutor.processExecutionPhase(TestCaseExecutor.java:312)
	at com.kms.katalon.core.main.TestCaseExecutor.accessMainPhase(TestCaseExecutor.java:304)
	at com.kms.katalon.core.main.TestCaseExecutor.execute(TestCaseExecutor.java:238)
	at com.kms.katalon.core.main.TestSuiteExecutor.accessTestCaseMainPhase(TestSuiteExecutor.java:129)
	at com.kms.katalon.core.main.TestSuiteExecutor.accessTestSuiteMainPhase(TestSuiteExecutor.java:112)
	at com.kms.katalon.core.main.TestSuiteExecutor.execute(TestSuiteExecutor.java:81)
	at com.kms.katalon.core.main.TestCaseMain.startTestSuite(TestCaseMain.java:157)
	at com.kms.katalon.core.main.TestCaseMain$startTestSuite$0.call(Unknown Source)
	at TempTestSuite1566527072754.run(TempTestSuite1566527072754.groovy:35)
Caused by: com.kms.katalon.core.exception.StepFailedException: Unable to verify match between actual text '119' and expected text '149' using regular expression (Root cause: com.kms.katalon.core.exception.StepFailedException: Actual text '119' and expected text '149' are not matched using regular expression
	at com.kms.katalon.core.keyword.builtin.VerifyMatchKeyword$_verifyMatch_closure1.doCall(VerifyMatchKeyword.groovy:57)
	at com.kms.katalon.core.keyword.builtin.VerifyMatchKeyword$_verifyMatch_closure1.call(VerifyMatchKeyword.groovy)
	at com.kms.katalon.core.keyword.internal.KeywordMain.runKeyword(KeywordMain.groovy:66)
	at com.kms.katalon.core.keyword.builtin.VerifyMatchKeyword.verifyMatch(VerifyMatchKeyword.groovy:60)
	at com.kms.katalon.core.keyword.builtin.VerifyMatchKeyword.execute(VerifyMatchKeyword.groovy:45)
	at com.kms.katalon.core.keyword.internal.KeywordExecutor.executeKeywordForPlatform(KeywordExecutor.groovy:56)
	at com.kms.katalon.core.keyword.BuiltinKeywords.verifyMatch(BuiltinKeywords.groovy:55)
	at productVerifyShort.run(productVerifyShort:96)
	at com.kms.katalon.core.main.ScriptEngine.run(ScriptEngine.java:194)
	at com.kms.katalon.core.main.ScriptEngine.runScriptAsRawText(ScriptEngine.java:119)
	at com.kms.katalon.core.main.TestCaseExecutor.runScript(TestCaseExecutor.java:342)
	at com.kms.katalon.core.main.TestCaseExecutor.doExecute(TestCaseExecutor.java:333)
	at com.kms.katalon.core.main.TestCaseExecutor.processExecutionPhase(TestCaseExecutor.java:312)
	at com.kms.katalon.core.main.TestCaseExecutor.accessMainPhase(TestCaseExecutor.java:304)
	at com.kms.katalon.core.main.TestCaseExecutor.execute(TestCaseExecutor.java:238)
	at com.kms.katalon.core.main.TestCaseMain.runTestCase(TestCaseMain.java:114)
	at com.kms.katalon.core.keyword.builtin.CallTestCaseKeyword$_callTestCase_closure1.doCall(CallTestCaseKeyword.groovy:59)
	at com.kms.katalon.core.keyword.builtin.CallTestCaseKeyword$_callTestCase_closure1.call(CallTestCaseKeyword.groovy)
	at com.kms.katalon.core.keyword.internal.KeywordMain.runKeyword(KeywordMain.groovy:66)
	at com.kms.katalon.core.keyword.builtin.CallTestCaseKeyword.callTestCase(CallTestCaseKeyword.groovy:81)
	at com.kms.katalon.core.keyword.builtin.CallTestCaseKeyword.execute(CallTestCaseKeyword.groovy:44)
	at com.kms.katalon.core.keyword.internal.KeywordExecutor.executeKeywordForPlatform(KeywordExecutor.groovy:56)
	at com.kms.katalon.core.keyword.BuiltinKeywords.callTestCase(BuiltinKeywords.groovy:334)
	at CCOrders.run(CCOrders:40)
	at com.kms.katalon.core.main.ScriptEngine.run(ScriptEngine.java:194)
	at com.kms.katalon.core.main.ScriptEngine.runScriptAsRawText(ScriptEngine.java:119)
	at com.kms.katalon.core.main.TestCaseExecutor.runScript(TestCaseExecutor.java:342)
	at com.kms.katalon.core.main.TestCaseExecutor.doExecute(TestCaseExecutor.java:333)
	at com.kms.katalon.core.main.TestCaseExecutor.processExecutionPhase(TestCaseExecutor.java:312)
	at com.kms.katalon.core.main.TestCaseExecutor.accessMainPhase(TestCaseExecutor.java:304)
	at com.kms.katalon.core.main.TestCaseExecutor.execute(TestCaseExecutor.java:238)
	at com.kms.katalon.core.main.TestSuiteExecutor.accessTestCaseMainPhase(TestSuiteExecutor.java:129)
	at com.kms.katalon.core.main.TestSuiteExecutor.accessTestSuiteMainPhase(TestSuiteExecutor.java:112)
	at com.kms.katalon.core.main.TestSuiteExecutor.execute(TestSuiteExecutor.java:81)
	at com.kms.katalon.core.main.TestCaseMain.startTestSuite(TestCaseMain.java:157)
	at com.kms.katalon.core.main.TestCaseMain$startTestSuite$0.call(Unknown Source)
	at TempTestSuite1566527072754.run(TempTestSuite1566527072754.groovy:35)
)
	at com.kms.katalon.core.keyword.internal.KeywordMain.stepFailed(KeywordMain.groovy:37)
	at com.kms.katalon.core.keyword.internal.KeywordMain.stepFailed(KeywordMain.groovy)
	at com.kms.katalon.core.keyword.internal.KeywordMain.runKeyword(KeywordMain.groovy:68)
	at com.kms.katalon.core.keyword.builtin.VerifyMatchKeyword.verifyMatch(VerifyMatchKeyword.groovy:60)
	at com.kms.katalon.core.keyword.builtin.VerifyMatchKeyword.execute(VerifyMatchKeyword.groovy:45)
	at com.kms.katalon.core.keyword.internal.KeywordExecutor.executeKeywordForPlatform(KeywordExecutor.groovy:56)
	at com.kms.katalon.core.keyword.BuiltinKeywords.verifyMatch(BuiltinKeywords.groovy:55)
	at productVerifyShort.run(productVerifyShort:96)
	at com.kms.katalon.core.main.ScriptEngine.run(ScriptEngine.java:194)
	at com.kms.katalon.core.main.ScriptEngine.runScriptAsRawText(ScriptEngine.java:119)
	at com.kms.katalon.core.main.TestCaseExecutor.runScript(TestCaseExecutor.java:342)
	at com.kms.katalon.core.main.TestCaseExecutor.doExecute(TestCaseExecutor.java:333)
	at com.kms.katalon.core.main.TestCaseExecutor.processExecutionPhase(TestCaseExecutor.java:312)
	at com.kms.katalon.core.main.TestCaseExecutor.accessMainPhase(TestCaseExecutor.java:304)
	at com.kms.katalon.core.main.TestCaseExecutor.execute(TestCaseExecutor.java:238)
	at com.kms.katalon.core.main.TestCaseMain.runTestCase(TestCaseMain.java:114)
	at com.kms.katalon.core.keyword.builtin.CallTestCaseKeyword$_callTestCase_closure1.doCall(CallTestCaseKeyword.groovy:59)
	... 20 more
Caused by: com.kms.katalon.core.exception.StepFailedException: Actual text '119' and expected text '149' are not matched using regular expression
	at com.kms.katalon.core.keyword.builtin.VerifyMatchKeyword$_verifyMatch_closure1.doCall(VerifyMatchKeyword.groovy:57)
	at com.kms.katalon.core.keyword.builtin.VerifyMatchKeyword$_verifyMatch_closure1.call(VerifyMatchKeyword.groovy)
	at com.kms.katalon.core.keyword.internal.KeywordMain.runKeyword(KeywordMain.groovy:66)
	... 34 more


2019-08-23 08:23:22 - [TEST_CASE][FAILED] - Test Cases/NewArrival/productVerifyShort: Test Cases/NewArrival/productVerifyShort FAILED.
Reason:
com.kms.katalon.core.exception.StepFailedException: Unable to verify match between actual text '119' and expected text '149' using regular expression (Root cause: com.kms.katalon.core.exception.StepFailedException: Actual text '119' and expected text '149' are not matched using regular expression
	at com.kms.katalon.core.keyword.builtin.VerifyMatchKeyword$_verifyMatch_closure1.doCall(VerifyMatchKeyword.groovy:57)
	at com.kms.katalon.core.keyword.builtin.VerifyMatchKeyword$_verifyMatch_closure1.call(VerifyMatchKeyword.groovy)
	at com.kms.katalon.core.keyword.internal.KeywordMain.runKeyword(KeywordMain.groovy:66)
	at com.kms.katalon.core.keyword.builtin.VerifyMatchKeyword.verifyMatch(VerifyMatchKeyword.groovy:60)
	at com.kms.katalon.core.keyword.builtin.VerifyMatchKeyword.execute(VerifyMatchKeyword.groovy:45)
	at com.kms.katalon.core.keyword.internal.KeywordExecutor.executeKeywordForPlatform(KeywordExecutor.groovy:56)
	at com.kms.katalon.core.keyword.BuiltinKeywords.verifyMatch(BuiltinKeywords.groovy:55)
	at productVerifyShort.run(productVerifyShort:96)
	at com.kms.katalon.core.main.ScriptEngine.run(ScriptEngine.java:194)
	at com.kms.katalon.core.main.ScriptEngine.runScriptAsRawText(ScriptEngine.java:119)
	at com.kms.katalon.core.main.TestCaseExecutor.runScript(TestCaseExecutor.java:342)
	at com.kms.katalon.core.main.TestCaseExecutor.doExecute(TestCaseExecutor.java:333)
	at com.kms.katalon.core.main.TestCaseExecutor.processExecutionPhase(TestCaseExecutor.java:312)
	at com.kms.katalon.core.main.TestCaseExecutor.accessMainPhase(TestCaseExecutor.java:304)
	at com.kms.katalon.core.main.TestCaseExecutor.execute(TestCaseExecutor.java:238)
	at com.kms.katalon.core.main.TestCaseMain.runTestCase(TestCaseMain.java:114)
	at com.kms.katalon.core.keyword.builtin.CallTestCaseKeyword$_callTestCase_closure1.doCall(CallTestCaseKeyword.groovy:59)
	at com.kms.katalon.core.keyword.builtin.CallTestCaseKeyword$_callTestCase_closure1.call(CallTestCaseKeyword.groovy)
	at com.kms.katalon.core.keyword.internal.KeywordMain.runKeyword(KeywordMain.groovy:66)
	at com.kms.katalon.core.keyword.builtin.CallTestCaseKeyword.callTestCase(CallTestCaseKeyword.groovy:81)
	at com.kms.katalon.core.keyword.builtin.CallTestCaseKeyword.execute(CallTestCaseKeyword.groovy:44)
	at com.kms.katalon.core.keyword.internal.KeywordExecutor.executeKeywordForPlatform(KeywordExecutor.groovy:56)
	at com.kms.katalon.core.keyword.BuiltinKeywords.callTestCase(BuiltinKeywords.groovy:334)
	at CCOrders.run(CCOrders:40)
	at com.kms.katalon.core.main.ScriptEngine.run(ScriptEngine.java:194)
	at com.kms.katalon.core.main.ScriptEngine.runScriptAsRawText(ScriptEngine.java:119)
	at com.kms.katalon.core.main.TestCaseExecutor.runScript(TestCaseExecutor.java:342)
	at com.kms.katalon.core.main.TestCaseExecutor.doExecute(TestCaseExecutor.java:333)
	at com.kms.katalon.core.main.TestCaseExecutor.processExecutionPhase(TestCaseExecutor.java:312)
	at com.kms.katalon.core.main.TestCaseExecutor.accessMainPhase(TestCaseExecutor.java:304)
	at com.kms.katalon.core.main.TestCaseExecutor.execute(TestCaseExecutor.java:238)
	at com.kms.katalon.core.main.TestSuiteExecutor.accessTestCaseMainPhase(TestSuiteExecutor.java:129)
	at com.kms.katalon.core.main.TestSuiteExecutor.accessTestSuiteMainPhase(TestSuiteExecutor.java:112)
	at com.kms.katalon.core.main.TestSuiteExecutor.execute(TestSuiteExecutor.java:81)
	at com.kms.katalon.core.main.TestCaseMain.startTestSuite(TestCaseMain.java:157)
	at com.kms.katalon.core.main.TestCaseMain$startTestSuite$0.call(Unknown Source)
	at TempTestSuite1566527072754.run(TempTestSuite1566527072754.groovy:35)
)
	at com.kms.katalon.core.keyword.internal.KeywordMain.stepFailed(KeywordMain.groovy:37)
	at com.kms.katalon.core.keyword.internal.KeywordMain.stepFailed(KeywordMain.groovy)
	at com.kms.katalon.core.keyword.internal.KeywordMain.runKeyword(KeywordMain.groovy:68)
	at com.kms.katalon.core.keyword.builtin.VerifyMatchKeyword.verifyMatch(VerifyMatchKeyword.groovy:60)
	at com.kms.katalon.core.keyword.builtin.VerifyMatchKeyword.execute(VerifyMatchKeyword.groovy:45)
	at com.kms.katalon.core.keyword.internal.KeywordExecutor.executeKeywordForPlatform(KeywordExecutor.groovy:56)
	at com.kms.katalon.core.keyword.BuiltinKeywords.verifyMatch(BuiltinKeywords.groovy:55)
	at productVerifyShort.run(productVerifyShort:96)
	at com.kms.katalon.core.main.ScriptEngine.run(ScriptEngine.java:194)
	at com.kms.katalon.core.main.ScriptEngine.runScriptAsRawText(ScriptEngine.java:119)
	at com.kms.katalon.core.main.TestCaseExecutor.runScript(TestCaseExecutor.java:342)
	at com.kms.katalon.core.main.TestCaseExecutor.doExecute(TestCaseExecutor.java:333)
	at com.kms.katalon.core.main.TestCaseExecutor.processExecutionPhase(TestCaseExecutor.java:312)
	at com.kms.katalon.core.main.TestCaseExecutor.accessMainPhase(TestCaseExecutor.java:304)
	at com.kms.katalon.core.main.TestCaseExecutor.execute(TestCaseExecutor.java:238)
	at com.kms.katalon.core.main.TestCaseMain.runTestCase(TestCaseMain.java:114)
	at com.kms.katalon.core.keyword.builtin.CallTestCaseKeyword$_callTestCase_closure1.doCall(CallTestCaseKeyword.groovy:59)
	at com.kms.katalon.core.keyword.builtin.CallTestCaseKeyword$_callTestCase_closure1.call(CallTestCaseKeyword.groovy)
	at com.kms.katalon.core.keyword.internal.KeywordMain.runKeyword(KeywordMain.groovy:66)
	at com.kms.katalon.core.keyword.builtin.CallTestCaseKeyword.callTestCase(CallTestCaseKeyword.groovy:81)
	at com.kms.katalon.core.keyword.builtin.CallTestCaseKeyword.execute(CallTestCaseKeyword.groovy:44)
	at com.kms.katalon.core.keyword.internal.KeywordExecutor.executeKeywordForPlatform(KeywordExecutor.groovy:56)
	at com.kms.katalon.core.keyword.BuiltinKeywords.callTestCase(BuiltinKeywords.groovy:334)
	at CCOrders.run(CCOrders:40)
	at com.kms.katalon.core.main.ScriptEngine.run(ScriptEngine.java:194)
	at com.kms.katalon.core.main.ScriptEngine.runScriptAsRawText(ScriptEngine.java:119)
	at com.kms.katalon.core.main.TestCaseExecutor.runScript(TestCaseExecutor.java:342)
	at com.kms.katalon.core.main.TestCaseExecutor.doExecute(TestCaseExecutor.java:333)
	at com.kms.katalon.core.main.TestCaseExecutor.processExecutionPhase(TestCaseExecutor.java:312)
	at com.kms.katalon.core.main.TestCaseExecutor.accessMainPhase(TestCaseExecutor.java:304)
	at com.kms.katalon.core.main.TestCaseExecutor.execute(TestCaseExecutor.java:238)
	at com.kms.katalon.core.main.TestSuiteExecutor.accessTestCaseMainPhase(TestSuiteExecutor.java:129)
	at com.kms.katalon.core.main.TestSuiteExecutor.accessTestSuiteMainPhase(TestSuiteExecutor.java:112)
	at com.kms.katalon.core.main.TestSuiteExecutor.execute(TestSuiteExecutor.java:81)
	at com.kms.katalon.core.main.TestCaseMain.startTestSuite(TestCaseMain.java:157)
	at com.kms.katalon.core.main.TestCaseMain$startTestSuite$0.call(Unknown Source)
	at TempTestSuite1566527072754.run(TempTestSuite1566527072754.groovy:35)
Caused by: com.kms.katalon.core.exception.StepFailedException: Actual text '119' and expected text '149' are not matched using regular expression
	at com.kms.katalon.core.keyword.builtin.VerifyMatchKeyword$_verifyMatch_closure1.doCall(VerifyMatchKeyword.groovy:57)
	at com.kms.katalon.core.keyword.builtin.VerifyMatchKeyword$_verifyMatch_closure1.call(VerifyMatchKeyword.groovy)
	at com.kms.katalon.core.keyword.internal.KeywordMain.runKeyword(KeywordMain.groovy:66)
	... 34 more


2019-08-23 08:23:22 - [TEST_STEP][FAILED] - for ([row = 1, row <= findTestData("productData").getRowNumbers(), (row++)]): for ([row = 1, row <= findTestData("productData").getRowNumbers(), (row++)]) FAILED.
Reason:
com.kms.katalon.core.exception.StepFailedException: Unable to verify match between actual text '119' and expected text '149' using regular expression (Root cause: com.kms.katalon.core.exception.StepFailedException: Actual text '119' and expected text '149' are not matched using regular expression
	at com.kms.katalon.core.keyword.builtin.VerifyMatchKeyword$_verifyMatch_closure1.doCall(VerifyMatchKeyword.groovy:57)
	at com.kms.katalon.core.keyword.builtin.VerifyMatchKeyword$_verifyMatch_closure1.call(VerifyMatchKeyword.groovy)
	at com.kms.katalon.core.keyword.internal.KeywordMain.runKeyword(KeywordMain.groovy:66)
	at com.kms.katalon.core.keyword.builtin.VerifyMatchKeyword.verifyMatch(VerifyMatchKeyword.groovy:60)
	at com.kms.katalon.core.keyword.builtin.VerifyMatchKeyword.execute(VerifyMatchKeyword.groovy:45)
	at com.kms.katalon.core.keyword.internal.KeywordExecutor.executeKeywordForPlatform(KeywordExecutor.groovy:56)
	at com.kms.katalon.core.keyword.BuiltinKeywords.verifyMatch(BuiltinKeywords.groovy:55)
	at productVerifyShort.run(productVerifyShort:96)
	at com.kms.katalon.core.main.ScriptEngine.run(ScriptEngine.java:194)
	at com.kms.katalon.core.main.ScriptEngine.runScriptAsRawText(ScriptEngine.java:119)
	at com.kms.katalon.core.main.TestCaseExecutor.runScript(TestCaseExecutor.java:342)
	at com.kms.katalon.core.main.TestCaseExecutor.doExecute(TestCaseExecutor.java:333)
	at com.kms.katalon.core.main.TestCaseExecutor.processExecutionPhase(TestCaseExecutor.java:312)
	at com.kms.katalon.core.main.TestCaseExecutor.accessMainPhase(TestCaseExecutor.java:304)
	at com.kms.katalon.core.main.TestCaseExecutor.execute(TestCaseExecutor.java:238)
	at com.kms.katalon.core.main.TestCaseMain.runTestCase(TestCaseMain.java:114)
	at com.kms.katalon.core.keyword.builtin.CallTestCaseKeyword$_callTestCase_closure1.doCall(CallTestCaseKeyword.groovy:59)
	at com.kms.katalon.core.keyword.builtin.CallTestCaseKeyword$_callTestCase_closure1.call(CallTestCaseKeyword.groovy)
	at com.kms.katalon.core.keyword.internal.KeywordMain.runKeyword(KeywordMain.groovy:66)
	at com.kms.katalon.core.keyword.builtin.CallTestCaseKeyword.callTestCase(CallTestCaseKeyword.groovy:81)
	at com.kms.katalon.core.keyword.builtin.CallTestCaseKeyword.execute(CallTestCaseKeyword.groovy:44)
	at com.kms.katalon.core.keyword.internal.KeywordExecutor.executeKeywordForPlatform(KeywordExecutor.groovy:56)
	at com.kms.katalon.core.keyword.BuiltinKeywords.callTestCase(BuiltinKeywords.groovy:334)
	at CCOrders.run(CCOrders:40)
	at com.kms.katalon.core.main.ScriptEngine.run(ScriptEngine.java:194)
	at com.kms.katalon.core.main.ScriptEngine.runScriptAsRawText(ScriptEngine.java:119)
	at com.kms.katalon.core.main.TestCaseExecutor.runScript(TestCaseExecutor.java:342)
	at com.kms.katalon.core.main.TestCaseExecutor.doExecute(TestCaseExecutor.java:333)
	at com.kms.katalon.core.main.TestCaseExecutor.processExecutionPhase(TestCaseExecutor.java:312)
	at com.kms.katalon.core.main.TestCaseExecutor.accessMainPhase(TestCaseExecutor.java:304)
	at com.kms.katalon.core.main.TestCaseExecutor.execute(TestCaseExecutor.java:238)
	at com.kms.katalon.core.main.TestSuiteExecutor.accessTestCaseMainPhase(TestSuiteExecutor.java:129)
	at com.kms.katalon.core.main.TestSuiteExecutor.accessTestSuiteMainPhase(TestSuiteExecutor.java:112)
	at com.kms.katalon.core.main.TestSuiteExecutor.execute(TestSuiteExecutor.java:81)
	at com.kms.katalon.core.main.TestCaseMain.startTestSuite(TestCaseMain.java:157)
	at com.kms.katalon.core.main.TestCaseMain$startTestSuite$0.call(Unknown Source)
	at TempTestSuite1566527072754.run(TempTestSuite1566527072754.groovy:35)
)
	at com.kms.katalon.core.keyword.internal.KeywordMain.stepFailed(KeywordMain.groovy:37)
	at com.kms.katalon.core.keyword.internal.KeywordMain.stepFailed(KeywordMain.groovy)
	at com.kms.katalon.core.keyword.internal.KeywordMain.runKeyword(KeywordMain.groovy:68)
	at com.kms.katalon.core.keyword.builtin.VerifyMatchKeyword.verifyMatch(VerifyMatchKeyword.groovy:60)
	at com.kms.katalon.core.keyword.builtin.VerifyMatchKeyword.execute(VerifyMatchKeyword.groovy:45)
	at com.kms.katalon.core.keyword.internal.KeywordExecutor.executeKeywordForPlatform(KeywordExecutor.groovy:56)
	at com.kms.katalon.core.keyword.BuiltinKeywords.verifyMatch(BuiltinKeywords.groovy:55)
	at productVerifyShort.run(productVerifyShort:96)
	at com.kms.katalon.core.main.ScriptEngine.run(ScriptEngine.java:194)
	at com.kms.katalon.core.main.ScriptEngine.runScriptAsRawText(ScriptEngine.java:119)
	at com.kms.katalon.core.main.TestCaseExecutor.runScript(TestCaseExecutor.java:342)
	at com.kms.katalon.core.main.TestCaseExecutor.doExecute(TestCaseExecutor.java:333)
	at com.kms.katalon.core.main.TestCaseExecutor.processExecutionPhase(TestCaseExecutor.java:312)
	at com.kms.katalon.core.main.TestCaseExecutor.accessMainPhase(TestCaseExecutor.java:304)
	at com.kms.katalon.core.main.TestCaseExecutor.execute(TestCaseExecutor.java:238)
	at com.kms.katalon.core.main.TestCaseMain.runTestCase(TestCaseMain.java:114)
	at com.kms.katalon.core.keyword.builtin.CallTestCaseKeyword$_callTestCase_closure1.doCall(CallTestCaseKeyword.groovy:59)
	at com.kms.katalon.core.keyword.builtin.CallTestCaseKeyword$_callTestCase_closure1.call(CallTestCaseKeyword.groovy)
	at com.kms.katalon.core.keyword.internal.KeywordMain.runKeyword(KeywordMain.groovy:66)
	at com.kms.katalon.core.keyword.builtin.CallTestCaseKeyword.callTestCase(CallTestCaseKeyword.groovy:81)
	at com.kms.katalon.core.keyword.builtin.CallTestCaseKeyword.execute(CallTestCaseKeyword.groovy:44)
	at com.kms.katalon.core.keyword.internal.KeywordExecutor.executeKeywordForPlatform(KeywordExecutor.groovy:56)
	at com.kms.katalon.core.keyword.BuiltinKeywords.callTestCase(BuiltinKeywords.groovy:334)
	at CCOrders.run(CCOrders:40)
	at com.kms.katalon.core.main.ScriptEngine.run(ScriptEngine.java:194)
	at com.kms.katalon.core.main.ScriptEngine.runScriptAsRawText(ScriptEngine.java:119)
	at com.kms.katalon.core.main.TestCaseExecutor.runScript(TestCaseExecutor.java:342)
	at com.kms.katalon.core.main.TestCaseExecutor.doExecute(TestCaseExecutor.java:333)
	at com.kms.katalon.core.main.TestCaseExecutor.processExecutionPhase(TestCaseExecutor.java:312)
	at com.kms.katalon.core.main.TestCaseExecutor.accessMainPhase(TestCaseExecutor.java:304)
	at com.kms.katalon.core.main.TestCaseExecutor.execute(TestCaseExecutor.java:238)
	at com.kms.katalon.core.main.TestSuiteExecutor.accessTestCaseMainPhase(TestSuiteExecutor.java:129)
	at com.kms.katalon.core.main.TestSuiteExecutor.accessTestSuiteMainPhase(TestSuiteExecutor.java:112)
	at com.kms.katalon.core.main.TestSuiteExecutor.execute(TestSuiteExecutor.java:81)
	at com.kms.katalon.core.main.TestCaseMain.startTestSuite(TestCaseMain.java:157)
	at com.kms.katalon.core.main.TestCaseMain$startTestSuite$0.call(Unknown Source)
	at TempTestSuite1566527072754.run(TempTestSuite1566527072754.groovy:35)
Caused by: com.kms.katalon.core.exception.StepFailedException: Actual text '119' and expected text '149' are not matched using regular expression
	at com.kms.katalon.core.keyword.builtin.VerifyMatchKeyword$_verifyMatch_closure1.doCall(VerifyMatchKeyword.groovy:57)
	at com.kms.katalon.core.keyword.builtin.VerifyMatchKeyword$_verifyMatch_closure1.call(VerifyMatchKeyword.groovy)
	at com.kms.katalon.core.keyword.internal.KeywordMain.runKeyword(KeywordMain.groovy:66)
	... 34 more


2019-08-23 08:23:22 - [TEST_STEP][PASSED] - delay(2): Delayed 2 second(s)

2019-08-23 08:23:24 - [MESSAGE][PASSED] - Delayed 2 second(s)

2019-08-23 08:23:24 - [TEST_STEP][PASSED] - setText(findTestObject("Object Repository/Page_cabi Create Order/input_Manual Discount_stylelookup_0"), findTestData("productData").getValue("Style", row)): Text '3842' is set on object 'Object Repository/Page_cabi Create Order/input_Manual Discount_stylelookup_0'

2019-08-23 08:23:24 - [MESSAGE][PASSED] - Text '3842' is set on object 'Object Repository/Page_cabi Create Order/input_Manual Discount_stylelookup_0'

2019-08-23 08:23:24 - [TEST_STEP][PASSED] - delay(2): Delayed 2 second(s)

2019-08-23 08:23:26 - [MESSAGE][PASSED] - Delayed 2 second(s)

2019-08-23 08:23:26 - [TEST_STEP][PASSED] - prod_message = getText(findTestObject("Page_cabi Create Order/first_option")): Text of object 'Object Repository/Page_cabi Create Order/first_option' is: '3842 Luxe Turtleneck'

2019-08-23 08:23:26 - [MESSAGE][PASSED] - Text of object 'Object Repository/Page_cabi Create Order/first_option' is: '3842 Luxe Turtleneck'

2019-08-23 08:23:26 - [TEST_STEP][PASSED] - delay(1): Delayed 1 second(s)

2019-08-23 08:23:27 - [MESSAGE][PASSED] - Delayed 1 second(s)

2019-08-23 08:23:27 - [TEST_STEP][PASSED] - click(findTestObject("Page_cabi Create Order/first_option")): Object: 'Object Repository/Page_cabi Create Order/first_option' is clicked on

2019-08-23 08:23:27 - [MESSAGE][PASSED] - Object: 'Object Repository/Page_cabi Create Order/first_option' is clicked on

2019-08-23 08:23:27 - [TEST_STEP][PASSED] - if (toString().equalsIgnoreCase("no")): null

2019-08-23 08:23:27 - [TEST_STEP][FAILED] - else: for ([row = 1, row <= findTestData("productData").getRowNumbers(), (row++)]) FAILED.
Reason:
com.kms.katalon.core.exception.StepFailedException: Unable to verify match between actual text '119' and expected text '149' using regular expression (Root cause: com.kms.katalon.core.exception.StepFailedException: Actual text '119' and expected text '149' are not matched using regular expression
	at com.kms.katalon.core.keyword.builtin.VerifyMatchKeyword$_verifyMatch_closure1.doCall(VerifyMatchKeyword.groovy:57)
	at com.kms.katalon.core.keyword.builtin.VerifyMatchKeyword$_verifyMatch_closure1.call(VerifyMatchKeyword.groovy)
	at com.kms.katalon.core.keyword.internal.KeywordMain.runKeyword(KeywordMain.groovy:66)
	at com.kms.katalon.core.keyword.builtin.VerifyMatchKeyword.verifyMatch(VerifyMatchKeyword.groovy:60)
	at com.kms.katalon.core.keyword.builtin.VerifyMatchKeyword.execute(VerifyMatchKeyword.groovy:45)
	at com.kms.katalon.core.keyword.internal.KeywordExecutor.executeKeywordForPlatform(KeywordExecutor.groovy:56)
	at com.kms.katalon.core.keyword.BuiltinKeywords.verifyMatch(BuiltinKeywords.groovy:55)
	at productVerifyShort.run(productVerifyShort:96)
	at com.kms.katalon.core.main.ScriptEngine.run(ScriptEngine.java:194)
	at com.kms.katalon.core.main.ScriptEngine.runScriptAsRawText(ScriptEngine.java:119)
	at com.kms.katalon.core.main.TestCaseExecutor.runScript(TestCaseExecutor.java:342)
	at com.kms.katalon.core.main.TestCaseExecutor.doExecute(TestCaseExecutor.java:333)
	at com.kms.katalon.core.main.TestCaseExecutor.processExecutionPhase(TestCaseExecutor.java:312)
	at com.kms.katalon.core.main.TestCaseExecutor.accessMainPhase(TestCaseExecutor.java:304)
	at com.kms.katalon.core.main.TestCaseExecutor.execute(TestCaseExecutor.java:238)
	at com.kms.katalon.core.main.TestCaseMain.runTestCase(TestCaseMain.java:114)
	at com.kms.katalon.core.keyword.builtin.CallTestCaseKeyword$_callTestCase_closure1.doCall(CallTestCaseKeyword.groovy:59)
	at com.kms.katalon.core.keyword.builtin.CallTestCaseKeyword$_callTestCase_closure1.call(CallTestCaseKeyword.groovy)
	at com.kms.katalon.core.keyword.internal.KeywordMain.runKeyword(KeywordMain.groovy:66)
	at com.kms.katalon.core.keyword.builtin.CallTestCaseKeyword.callTestCase(CallTestCaseKeyword.groovy:81)
	at com.kms.katalon.core.keyword.builtin.CallTestCaseKeyword.execute(CallTestCaseKeyword.groovy:44)
	at com.kms.katalon.core.keyword.internal.KeywordExecutor.executeKeywordForPlatform(KeywordExecutor.groovy:56)
	at com.kms.katalon.core.keyword.BuiltinKeywords.callTestCase(BuiltinKeywords.groovy:334)
	at CCOrders.run(CCOrders:40)
	at com.kms.katalon.core.main.ScriptEngine.run(ScriptEngine.java:194)
	at com.kms.katalon.core.main.ScriptEngine.runScriptAsRawText(ScriptEngine.java:119)
	at com.kms.katalon.core.main.TestCaseExecutor.runScript(TestCaseExecutor.java:342)
	at com.kms.katalon.core.main.TestCaseExecutor.doExecute(TestCaseExecutor.java:333)
	at com.kms.katalon.core.main.TestCaseExecutor.processExecutionPhase(TestCaseExecutor.java:312)
	at com.kms.katalon.core.main.TestCaseExecutor.accessMainPhase(TestCaseExecutor.java:304)
	at com.kms.katalon.core.main.TestCaseExecutor.execute(TestCaseExecutor.java:238)
	at com.kms.katalon.core.main.TestSuiteExecutor.accessTestCaseMainPhase(TestSuiteExecutor.java:129)
	at com.kms.katalon.core.main.TestSuiteExecutor.accessTestSuiteMainPhase(TestSuiteExecutor.java:112)
	at com.kms.katalon.core.main.TestSuiteExecutor.execute(TestSuiteExecutor.java:81)
	at com.kms.katalon.core.main.TestCaseMain.startTestSuite(TestCaseMain.java:157)
	at com.kms.katalon.core.main.TestCaseMain$startTestSuite$0.call(Unknown Source)
	at TempTestSuite1566527072754.run(TempTestSuite1566527072754.groovy:35)
)
	at com.kms.katalon.core.keyword.internal.KeywordMain.stepFailed(KeywordMain.groovy:37)
	at com.kms.katalon.core.keyword.internal.KeywordMain.stepFailed(KeywordMain.groovy)
	at com.kms.katalon.core.keyword.internal.KeywordMain.runKeyword(KeywordMain.groovy:68)
	at com.kms.katalon.core.keyword.builtin.VerifyMatchKeyword.verifyMatch(VerifyMatchKeyword.groovy:60)
	at com.kms.katalon.core.keyword.builtin.VerifyMatchKeyword.execute(VerifyMatchKeyword.groovy:45)
	at com.kms.katalon.core.keyword.internal.KeywordExecutor.executeKeywordForPlatform(KeywordExecutor.groovy:56)
	at com.kms.katalon.core.keyword.BuiltinKeywords.verifyMatch(BuiltinKeywords.groovy:55)
	at productVerifyShort.run(productVerifyShort:96)
	at com.kms.katalon.core.main.ScriptEngine.run(ScriptEngine.java:194)
	at com.kms.katalon.core.main.ScriptEngine.runScriptAsRawText(ScriptEngine.java:119)
	at com.kms.katalon.core.main.TestCaseExecutor.runScript(TestCaseExecutor.java:342)
	at com.kms.katalon.core.main.TestCaseExecutor.doExecute(TestCaseExecutor.java:333)
	at com.kms.katalon.core.main.TestCaseExecutor.processExecutionPhase(TestCaseExecutor.java:312)
	at com.kms.katalon.core.main.TestCaseExecutor.accessMainPhase(TestCaseExecutor.java:304)
	at com.kms.katalon.core.main.TestCaseExecutor.execute(TestCaseExecutor.java:238)
	at com.kms.katalon.core.main.TestCaseMain.runTestCase(TestCaseMain.java:114)
	at com.kms.katalon.core.keyword.builtin.CallTestCaseKeyword$_callTestCase_closure1.doCall(CallTestCaseKeyword.groovy:59)
	at com.kms.katalon.core.keyword.builtin.CallTestCaseKeyword$_callTestCase_closure1.call(CallTestCaseKeyword.groovy)
	at com.kms.katalon.core.keyword.internal.KeywordMain.runKeyword(KeywordMain.groovy:66)
	at com.kms.katalon.core.keyword.builtin.CallTestCaseKeyword.callTestCase(CallTestCaseKeyword.groovy:81)
	at com.kms.katalon.core.keyword.builtin.CallTestCaseKeyword.execute(CallTestCaseKeyword.groovy:44)
	at com.kms.katalon.core.keyword.internal.KeywordExecutor.executeKeywordForPlatform(KeywordExecutor.groovy:56)
	at com.kms.katalon.core.keyword.BuiltinKeywords.callTestCase(BuiltinKeywords.groovy:334)
	at CCOrders.run(CCOrders:40)
	at com.kms.katalon.core.main.ScriptEngine.run(ScriptEngine.java:194)
	at com.kms.katalon.core.main.ScriptEngine.runScriptAsRawText(ScriptEngine.java:119)
	at com.kms.katalon.core.main.TestCaseExecutor.runScript(TestCaseExecutor.java:342)
	at com.kms.katalon.core.main.TestCaseExecutor.doExecute(TestCaseExecutor.java:333)
	at com.kms.katalon.core.main.TestCaseExecutor.processExecutionPhase(TestCaseExecutor.java:312)
	at com.kms.katalon.core.main.TestCaseExecutor.accessMainPhase(TestCaseExecutor.java:304)
	at com.kms.katalon.core.main.TestCaseExecutor.execute(TestCaseExecutor.java:238)
	at com.kms.katalon.core.main.TestSuiteExecutor.accessTestCaseMainPhase(TestSuiteExecutor.java:129)
	at com.kms.katalon.core.main.TestSuiteExecutor.accessTestSuiteMainPhase(TestSuiteExecutor.java:112)
	at com.kms.katalon.core.main.TestSuiteExecutor.execute(TestSuiteExecutor.java:81)
	at com.kms.katalon.core.main.TestCaseMain.startTestSuite(TestCaseMain.java:157)
	at com.kms.katalon.core.main.TestCaseMain$startTestSuite$0.call(Unknown Source)
	at TempTestSuite1566527072754.run(TempTestSuite1566527072754.groovy:35)
Caused by: com.kms.katalon.core.exception.StepFailedException: Actual text '119' and expected text '149' are not matched using regular expression
	at com.kms.katalon.core.keyword.builtin.VerifyMatchKeyword$_verifyMatch_closure1.doCall(VerifyMatchKeyword.groovy:57)
	at com.kms.katalon.core.keyword.builtin.VerifyMatchKeyword$_verifyMatch_closure1.call(VerifyMatchKeyword.groovy)
	at com.kms.katalon.core.keyword.internal.KeywordMain.runKeyword(KeywordMain.groovy:66)
	... 34 more


2019-08-23 08:23:27 - [TEST_STEP][PASSED] - delay(3): Delayed 3 second(s)

2019-08-23 08:23:30 - [MESSAGE][PASSED] - Delayed 3 second(s)

2019-08-23 08:23:30 - [TEST_STEP][PASSED] - s1 = getValue("Style", row).toString(): null

2019-08-23 08:23:30 - [TEST_STEP][PASSED] - s2 = " ": null

2019-08-23 08:23:30 - [TEST_STEP][PASSED] - s3 = getValue("Description", row).toString(): null

2019-08-23 08:23:30 - [TEST_STEP][PASSED] - expectedStyleDescription = $s1$s2$s3: null

2019-08-23 08:23:30 - [TEST_STEP][PASSED] - prod_message = UtilityMethods.splitStyle(prod_message): null

2019-08-23 08:23:30 - [TEST_STEP][PASSED] - println(prod_message): null

2019-08-23 08:23:30 - [TEST_STEP][PASSED] - assert prod_message.equalsIgnoreCase(expectedStyleDescription): null

2019-08-23 08:23:30 - [TEST_STEP][PASSED] - delay(3): Delayed 3 second(s)

2019-08-23 08:23:33 - [MESSAGE][PASSED] - Delayed 3 second(s)

2019-08-23 08:23:33 - [TEST_STEP][PASSED] - colorOptions = findWebElements(findTestObject("Page_cabi Order Items/GetAttribute_Color"), 5): null

2019-08-23 08:23:33 - [TEST_STEP][PASSED] - println(colorOptions.size()): null

2019-08-23 08:23:33 - [TEST_STEP][PASSED] - expectedColour = findTestData("productData").getValue("Color", row): null

2019-08-23 08:23:33 - [TEST_STEP][PASSED] - println("expected colour is"): null

2019-08-23 08:23:33 - [TEST_STEP][PASSED] - println(expectedColour): null

2019-08-23 08:23:33 - [TEST_STEP][PASSED] - colourVerified = false: null

2019-08-23 08:23:33 - [TEST_STEP][PASSED] - for (org.openqa.selenium.WebElement op : colorOptions): null

2019-08-23 08:23:33 - [TEST_STEP][PASSED] - println(op.getText()): null

2019-08-23 08:23:33 - [TEST_STEP][PASSED] - if (expectedColour.equalsIgnoreCase(op.getText())): null

2019-08-23 08:23:33 - [TEST_STEP][PASSED] - colourVerified = true: null

2019-08-23 08:23:33 - [TEST_STEP][PASSED] - break: null

2019-08-23 08:23:33 - [TEST_STEP][PASSED] - assert colourVerified == true: null

2019-08-23 08:23:33 - [TEST_STEP][PASSED] - getPrice = getText(findTestObject("Page_cabi Create Order/retail_price")): Text of object 'Object Repository/Page_cabi Create Order/retail_price' is: '$119.00'

2019-08-23 08:23:33 - [MESSAGE][PASSED] - Text of object 'Object Repository/Page_cabi Create Order/retail_price' is: '$119.00'

2019-08-23 08:23:33 - [TEST_STEP][PASSED] - Split_Data = UtilityMethods.SplitData(getPrice): null

2019-08-23 08:23:33 - [TEST_STEP][FAILED] - verifyMatch(Split_Data, findTestData("productData").getValue("Retail", row), true, CONTINUE_ON_FAILURE): Unable to verify match between actual text '119' and expected text '149' using regular expression (Root cause: com.kms.katalon.core.exception.StepFailedException: Actual text '119' and expected text '149' are not matched using regular expression
	at com.kms.katalon.core.keyword.builtin.VerifyMatchKeyword$_verifyMatch_closure1.doCall(VerifyMatchKeyword.groovy:57)
	at com.kms.katalon.core.keyword.builtin.VerifyMatchKeyword$_verifyMatch_closure1.call(VerifyMatchKeyword.groovy)
	at com.kms.katalon.core.keyword.internal.KeywordMain.runKeyword(KeywordMain.groovy:66)
	at com.kms.katalon.core.keyword.builtin.VerifyMatchKeyword.verifyMatch(VerifyMatchKeyword.groovy:60)
	at com.kms.katalon.core.keyword.builtin.VerifyMatchKeyword.execute(VerifyMatchKeyword.groovy:45)
	at com.kms.katalon.core.keyword.internal.KeywordExecutor.executeKeywordForPlatform(KeywordExecutor.groovy:56)
	at com.kms.katalon.core.keyword.BuiltinKeywords.verifyMatch(BuiltinKeywords.groovy:55)
	at productVerifyShort.run(productVerifyShort:96)
	at com.kms.katalon.core.main.ScriptEngine.run(ScriptEngine.java:194)
	at com.kms.katalon.core.main.ScriptEngine.runScriptAsRawText(ScriptEngine.java:119)
	at com.kms.katalon.core.main.TestCaseExecutor.runScript(TestCaseExecutor.java:342)
	at com.kms.katalon.core.main.TestCaseExecutor.doExecute(TestCaseExecutor.java:333)
	at com.kms.katalon.core.main.TestCaseExecutor.processExecutionPhase(TestCaseExecutor.java:312)
	at com.kms.katalon.core.main.TestCaseExecutor.accessMainPhase(TestCaseExecutor.java:304)
	at com.kms.katalon.core.main.TestCaseExecutor.execute(TestCaseExecutor.java:238)
	at com.kms.katalon.core.main.TestCaseMain.runTestCase(TestCaseMain.java:114)
	at com.kms.katalon.core.keyword.builtin.CallTestCaseKeyword$_callTestCase_closure1.doCall(CallTestCaseKeyword.groovy:59)
	at com.kms.katalon.core.keyword.builtin.CallTestCaseKeyword$_callTestCase_closure1.call(CallTestCaseKeyword.groovy)
	at com.kms.katalon.core.keyword.internal.KeywordMain.runKeyword(KeywordMain.groovy:66)
	at com.kms.katalon.core.keyword.builtin.CallTestCaseKeyword.callTestCase(CallTestCaseKeyword.groovy:81)
	at com.kms.katalon.core.keyword.builtin.CallTestCaseKeyword.execute(CallTestCaseKeyword.groovy:44)
	at com.kms.katalon.core.keyword.internal.KeywordExecutor.executeKeywordForPlatform(KeywordExecutor.groovy:56)
	at com.kms.katalon.core.keyword.BuiltinKeywords.callTestCase(BuiltinKeywords.groovy:334)
	at CCOrders.run(CCOrders:40)
	at com.kms.katalon.core.main.ScriptEngine.run(ScriptEngine.java:194)
	at com.kms.katalon.core.main.ScriptEngine.runScriptAsRawText(ScriptEngine.java:119)
	at com.kms.katalon.core.main.TestCaseExecutor.runScript(TestCaseExecutor.java:342)
	at com.kms.katalon.core.main.TestCaseExecutor.doExecute(TestCaseExecutor.java:333)
	at com.kms.katalon.core.main.TestCaseExecutor.processExecutionPhase(TestCaseExecutor.java:312)
	at com.kms.katalon.core.main.TestCaseExecutor.accessMainPhase(TestCaseExecutor.java:304)
	at com.kms.katalon.core.main.TestCaseExecutor.execute(TestCaseExecutor.java:238)
	at com.kms.katalon.core.main.TestSuiteExecutor.accessTestCaseMainPhase(TestSuiteExecutor.java:129)
	at com.kms.katalon.core.main.TestSuiteExecutor.accessTestSuiteMainPhase(TestSuiteExecutor.java:112)
	at com.kms.katalon.core.main.TestSuiteExecutor.execute(TestSuiteExecutor.java:81)
	at com.kms.katalon.core.main.TestCaseMain.startTestSuite(TestCaseMain.java:157)
	at com.kms.katalon.core.main.TestCaseMain$startTestSuite$0.call(Unknown Source)
	at TempTestSuite1566527072754.run(TempTestSuite1566527072754.groovy:35)
)

2019-08-23 08:23:33 - [MESSAGE][FAILED] - Unable to verify match between actual text '119' and expected text '149' using regular expression (Root cause: com.kms.katalon.core.exception.StepFailedException: Actual text '119' and expected text '149' are not matched using regular expression
	at com.kms.katalon.core.keyword.builtin.VerifyMatchKeyword$_verifyMatch_closure1.doCall(VerifyMatchKeyword.groovy:57)
	at com.kms.katalon.core.keyword.builtin.VerifyMatchKeyword$_verifyMatch_closure1.call(VerifyMatchKeyword.groovy)
	at com.kms.katalon.core.keyword.internal.KeywordMain.runKeyword(KeywordMain.groovy:66)
	at com.kms.katalon.core.keyword.builtin.VerifyMatchKeyword.verifyMatch(VerifyMatchKeyword.groovy:60)
	at com.kms.katalon.core.keyword.builtin.VerifyMatchKeyword.execute(VerifyMatchKeyword.groovy:45)
	at com.kms.katalon.core.keyword.internal.KeywordExecutor.executeKeywordForPlatform(KeywordExecutor.groovy:56)
	at com.kms.katalon.core.keyword.BuiltinKeywords.verifyMatch(BuiltinKeywords.groovy:55)
	at productVerifyShort.run(productVerifyShort:96)
	at com.kms.katalon.core.main.ScriptEngine.run(ScriptEngine.java:194)
	at com.kms.katalon.core.main.ScriptEngine.runScriptAsRawText(ScriptEngine.java:119)
	at com.kms.katalon.core.main.TestCaseExecutor.runScript(TestCaseExecutor.java:342)
	at com.kms.katalon.core.main.TestCaseExecutor.doExecute(TestCaseExecutor.java:333)
	at com.kms.katalon.core.main.TestCaseExecutor.processExecutionPhase(TestCaseExecutor.java:312)
	at com.kms.katalon.core.main.TestCaseExecutor.accessMainPhase(TestCaseExecutor.java:304)
	at com.kms.katalon.core.main.TestCaseExecutor.execute(TestCaseExecutor.java:238)
	at com.kms.katalon.core.main.TestCaseMain.runTestCase(TestCaseMain.java:114)
	at com.kms.katalon.core.keyword.builtin.CallTestCaseKeyword$_callTestCase_closure1.doCall(CallTestCaseKeyword.groovy:59)
	at com.kms.katalon.core.keyword.builtin.CallTestCaseKeyword$_callTestCase_closure1.call(CallTestCaseKeyword.groovy)
	at com.kms.katalon.core.keyword.internal.KeywordMain.runKeyword(KeywordMain.groovy:66)
	at com.kms.katalon.core.keyword.builtin.CallTestCaseKeyword.callTestCase(CallTestCaseKeyword.groovy:81)
	at com.kms.katalon.core.keyword.builtin.CallTestCaseKeyword.execute(CallTestCaseKeyword.groovy:44)
	at com.kms.katalon.core.keyword.internal.KeywordExecutor.executeKeywordForPlatform(KeywordExecutor.groovy:56)
	at com.kms.katalon.core.keyword.BuiltinKeywords.callTestCase(BuiltinKeywords.groovy:334)
	at CCOrders.run(CCOrders:40)
	at com.kms.katalon.core.main.ScriptEngine.run(ScriptEngine.java:194)
	at com.kms.katalon.core.main.ScriptEngine.runScriptAsRawText(ScriptEngine.java:119)
	at com.kms.katalon.core.main.TestCaseExecutor.runScript(TestCaseExecutor.java:342)
	at com.kms.katalon.core.main.TestCaseExecutor.doExecute(TestCaseExecutor.java:333)
	at com.kms.katalon.core.main.TestCaseExecutor.processExecutionPhase(TestCaseExecutor.java:312)
	at com.kms.katalon.core.main.TestCaseExecutor.accessMainPhase(TestCaseExecutor.java:304)
	at com.kms.katalon.core.main.TestCaseExecutor.execute(TestCaseExecutor.java:238)
	at com.kms.katalon.core.main.TestSuiteExecutor.accessTestCaseMainPhase(TestSuiteExecutor.java:129)
	at com.kms.katalon.core.main.TestSuiteExecutor.accessTestSuiteMainPhase(TestSuiteExecutor.java:112)
	at com.kms.katalon.core.main.TestSuiteExecutor.execute(TestSuiteExecutor.java:81)
	at com.kms.katalon.core.main.TestCaseMain.startTestSuite(TestCaseMain.java:157)
	at com.kms.katalon.core.main.TestCaseMain$startTestSuite$0.call(Unknown Source)
	at TempTestSuite1566527072754.run(TempTestSuite1566527072754.groovy:35)
)

2019-08-23 08:23:33 - [TEST_STEP][PASSED] - sizeRange1 = ["XXS", "XS", "S", "M", "L", "XL"]: null

2019-08-23 08:23:33 - [TEST_STEP][PASSED] - sizeRange2 = ["00", "0", "2", "4", "6", "8", "10", "12", "14", "16"]: null

2019-08-23 08:23:33 - [TEST_STEP][PASSED] - sizeRange3 = ["Long", "Regular", "Short"]: null

2019-08-23 08:23:33 - [TEST_STEP][PASSED] - sizeRange4 = ["5", "6", "6.5", "7", "7.5", "8", "8.5", "9", "9.5", "10", "11"]: null

2019-08-23 08:23:33 - [TEST_STEP][PASSED] - sizeRangeSplit = UtilityMethods.SplitSizes(findTestData("productData").getValue("SzRange", row)): null

2019-08-23 08:23:33 - [TEST_STEP][PASSED] - sizeType = getText(findTestObject("Object Repository/Page_cabi Order Items/Size")): Text of object 'Object Repository/Page_cabi Order Items/Size' is: 'Select'

2019-08-23 08:23:33 - [MESSAGE][PASSED] - Text of object 'Object Repository/Page_cabi Order Items/Size' is: 'Select'

2019-08-23 08:23:33 - [TEST_STEP][PASSED] - sizeOptions = findWebElements(findTestObject("Object Repository/Page_cabi Order Items/Size"), 5): null

2019-08-23 08:23:33 - [TEST_STEP][PASSED] - actualRange = new java.util.ArrayList(): null

2019-08-23 08:23:33 - [TEST_STEP][PASSED] - expectedRange = <not implemented yet for class: org.codehaus.groovy.ast.expr.EmptyExpression>: null

2019-08-23 08:23:33 - [TEST_STEP][PASSED] - if (sizeType.equalsIgnoreCase("Select")): null

2019-08-23 08:23:33 - [TEST_STEP][PASSED] - for ([i = 1, i < sizeOptions.size(), (i++)]): null

2019-08-23 08:23:33 - [TEST_STEP][PASSED] - actualRange.add(get(i).getAttribute("value")): null

2019-08-23 08:23:33 - [TEST_STEP][PASSED] - actualRange.add(get(i).getAttribute("value")): null

2019-08-23 08:23:33 - [TEST_STEP][PASSED] - actualRange.add(get(i).getAttribute("value")): null

2019-08-23 08:23:33 - [TEST_STEP][PASSED] - actualRange.add(get(i).getAttribute("value")): null

2019-08-23 08:23:34 - [TEST_STEP][PASSED] - actualRange.add(get(i).getAttribute("value")): null

2019-08-23 08:23:34 - [TEST_STEP][PASSED] - if (toString().equalsIgnoreCase("XS") || toString().equalsIgnoreCase("XXS")): null

2019-08-23 08:23:34 - [TEST_STEP][PASSED] - expectedRange = UtilityMethods.getExpectedRange(sizeRange1, sizeRangeSplit): null

2019-08-23 08:23:34 - [TEST_STEP][PASSED] - println("XS"): null

2019-08-23 08:23:34 - [TEST_STEP][PASSED] - println(expectedRange.toString()): null

2019-08-23 08:23:34 - [TEST_STEP][PASSED] - assert UtilityMethods.listEquals(expectedRange, actualRange) == true: null

2019-08-23 08:23:34 - [TEST_STEP][FAILED] - delay(3): for ([row = 1, row <= findTestData("productData").getRowNumbers(), (row++)]) FAILED.
Reason:
com.kms.katalon.core.exception.StepFailedException: Unable to verify match between actual text '119' and expected text '149' using regular expression (Root cause: com.kms.katalon.core.exception.StepFailedException: Actual text '119' and expected text '149' are not matched using regular expression
	at com.kms.katalon.core.keyword.builtin.VerifyMatchKeyword$_verifyMatch_closure1.doCall(VerifyMatchKeyword.groovy:57)
	at com.kms.katalon.core.keyword.builtin.VerifyMatchKeyword$_verifyMatch_closure1.call(VerifyMatchKeyword.groovy)
	at com.kms.katalon.core.keyword.internal.KeywordMain.runKeyword(KeywordMain.groovy:66)
	at com.kms.katalon.core.keyword.builtin.VerifyMatchKeyword.verifyMatch(VerifyMatchKeyword.groovy:60)
	at com.kms.katalon.core.keyword.builtin.VerifyMatchKeyword.execute(VerifyMatchKeyword.groovy:45)
	at com.kms.katalon.core.keyword.internal.KeywordExecutor.executeKeywordForPlatform(KeywordExecutor.groovy:56)
	at com.kms.katalon.core.keyword.BuiltinKeywords.verifyMatch(BuiltinKeywords.groovy:55)
	at productVerifyShort.run(productVerifyShort:96)
	at com.kms.katalon.core.main.ScriptEngine.run(ScriptEngine.java:194)
	at com.kms.katalon.core.main.ScriptEngine.runScriptAsRawText(ScriptEngine.java:119)
	at com.kms.katalon.core.main.TestCaseExecutor.runScript(TestCaseExecutor.java:342)
	at com.kms.katalon.core.main.TestCaseExecutor.doExecute(TestCaseExecutor.java:333)
	at com.kms.katalon.core.main.TestCaseExecutor.processExecutionPhase(TestCaseExecutor.java:312)
	at com.kms.katalon.core.main.TestCaseExecutor.accessMainPhase(TestCaseExecutor.java:304)
	at com.kms.katalon.core.main.TestCaseExecutor.execute(TestCaseExecutor.java:238)
	at com.kms.katalon.core.main.TestCaseMain.runTestCase(TestCaseMain.java:114)
	at com.kms.katalon.core.keyword.builtin.CallTestCaseKeyword$_callTestCase_closure1.doCall(CallTestCaseKeyword.groovy:59)
	at com.kms.katalon.core.keyword.builtin.CallTestCaseKeyword$_callTestCase_closure1.call(CallTestCaseKeyword.groovy)
	at com.kms.katalon.core.keyword.internal.KeywordMain.runKeyword(KeywordMain.groovy:66)
	at com.kms.katalon.core.keyword.builtin.CallTestCaseKeyword.callTestCase(CallTestCaseKeyword.groovy:81)
	at com.kms.katalon.core.keyword.builtin.CallTestCaseKeyword.execute(CallTestCaseKeyword.groovy:44)
	at com.kms.katalon.core.keyword.internal.KeywordExecutor.executeKeywordForPlatform(KeywordExecutor.groovy:56)
	at com.kms.katalon.core.keyword.BuiltinKeywords.callTestCase(BuiltinKeywords.groovy:334)
	at CCOrders.run(CCOrders:40)
	at com.kms.katalon.core.main.ScriptEngine.run(ScriptEngine.java:194)
	at com.kms.katalon.core.main.ScriptEngine.runScriptAsRawText(ScriptEngine.java:119)
	at com.kms.katalon.core.main.TestCaseExecutor.runScript(TestCaseExecutor.java:342)
	at com.kms.katalon.core.main.TestCaseExecutor.doExecute(TestCaseExecutor.java:333)
	at com.kms.katalon.core.main.TestCaseExecutor.processExecutionPhase(TestCaseExecutor.java:312)
	at com.kms.katalon.core.main.TestCaseExecutor.accessMainPhase(TestCaseExecutor.java:304)
	at com.kms.katalon.core.main.TestCaseExecutor.execute(TestCaseExecutor.java:238)
	at com.kms.katalon.core.main.TestSuiteExecutor.accessTestCaseMainPhase(TestSuiteExecutor.java:129)
	at com.kms.katalon.core.main.TestSuiteExecutor.accessTestSuiteMainPhase(TestSuiteExecutor.java:112)
	at com.kms.katalon.core.main.TestSuiteExecutor.execute(TestSuiteExecutor.java:81)
	at com.kms.katalon.core.main.TestCaseMain.startTestSuite(TestCaseMain.java:157)
	at com.kms.katalon.core.main.TestCaseMain$startTestSuite$0.call(Unknown Source)
	at TempTestSuite1566527072754.run(TempTestSuite1566527072754.groovy:35)
)
	at com.kms.katalon.core.keyword.internal.KeywordMain.stepFailed(KeywordMain.groovy:37)
	at com.kms.katalon.core.keyword.internal.KeywordMain.stepFailed(KeywordMain.groovy)
	at com.kms.katalon.core.keyword.internal.KeywordMain.runKeyword(KeywordMain.groovy:68)
	at com.kms.katalon.core.keyword.builtin.VerifyMatchKeyword.verifyMatch(VerifyMatchKeyword.groovy:60)
	at com.kms.katalon.core.keyword.builtin.VerifyMatchKeyword.execute(VerifyMatchKeyword.groovy:45)
	at com.kms.katalon.core.keyword.internal.KeywordExecutor.executeKeywordForPlatform(KeywordExecutor.groovy:56)
	at com.kms.katalon.core.keyword.BuiltinKeywords.verifyMatch(BuiltinKeywords.groovy:55)
	at productVerifyShort.run(productVerifyShort:96)
	at com.kms.katalon.core.main.ScriptEngine.run(ScriptEngine.java:194)
	at com.kms.katalon.core.main.ScriptEngine.runScriptAsRawText(ScriptEngine.java:119)
	at com.kms.katalon.core.main.TestCaseExecutor.runScript(TestCaseExecutor.java:342)
	at com.kms.katalon.core.main.TestCaseExecutor.doExecute(TestCaseExecutor.java:333)
	at com.kms.katalon.core.main.TestCaseExecutor.processExecutionPhase(TestCaseExecutor.java:312)
	at com.kms.katalon.core.main.TestCaseExecutor.accessMainPhase(TestCaseExecutor.java:304)
	at com.kms.katalon.core.main.TestCaseExecutor.execute(TestCaseExecutor.java:238)
	at com.kms.katalon.core.main.TestCaseMain.runTestCase(TestCaseMain.java:114)
	at com.kms.katalon.core.keyword.builtin.CallTestCaseKeyword$_callTestCase_closure1.doCall(CallTestCaseKeyword.groovy:59)
	at com.kms.katalon.core.keyword.builtin.CallTestCaseKeyword$_callTestCase_closure1.call(CallTestCaseKeyword.groovy)
	at com.kms.katalon.core.keyword.internal.KeywordMain.runKeyword(KeywordMain.groovy:66)
	at com.kms.katalon.core.keyword.builtin.CallTestCaseKeyword.callTestCase(CallTestCaseKeyword.groovy:81)
	at com.kms.katalon.core.keyword.builtin.CallTestCaseKeyword.execute(CallTestCaseKeyword.groovy:44)
	at com.kms.katalon.core.keyword.internal.KeywordExecutor.executeKeywordForPlatform(KeywordExecutor.groovy:56)
	at com.kms.katalon.core.keyword.BuiltinKeywords.callTestCase(BuiltinKeywords.groovy:334)
	at CCOrders.run(CCOrders:40)
	at com.kms.katalon.core.main.ScriptEngine.run(ScriptEngine.java:194)
	at com.kms.katalon.core.main.ScriptEngine.runScriptAsRawText(ScriptEngine.java:119)
	at com.kms.katalon.core.main.TestCaseExecutor.runScript(TestCaseExecutor.java:342)
	at com.kms.katalon.core.main.TestCaseExecutor.doExecute(TestCaseExecutor.java:333)
	at com.kms.katalon.core.main.TestCaseExecutor.processExecutionPhase(TestCaseExecutor.java:312)
	at com.kms.katalon.core.main.TestCaseExecutor.accessMainPhase(TestCaseExecutor.java:304)
	at com.kms.katalon.core.main.TestCaseExecutor.execute(TestCaseExecutor.java:238)
	at com.kms.katalon.core.main.TestSuiteExecutor.accessTestCaseMainPhase(TestSuiteExecutor.java:129)
	at com.kms.katalon.core.main.TestSuiteExecutor.accessTestSuiteMainPhase(TestSuiteExecutor.java:112)
	at com.kms.katalon.core.main.TestSuiteExecutor.execute(TestSuiteExecutor.java:81)
	at com.kms.katalon.core.main.TestCaseMain.startTestSuite(TestCaseMain.java:157)
	at com.kms.katalon.core.main.TestCaseMain$startTestSuite$0.call(Unknown Source)
	at TempTestSuite1566527072754.run(TempTestSuite1566527072754.groovy:35)
Caused by: com.kms.katalon.core.exception.StepFailedException: Actual text '119' and expected text '149' are not matched using regular expression
	at com.kms.katalon.core.keyword.builtin.VerifyMatchKeyword$_verifyMatch_closure1.doCall(VerifyMatchKeyword.groovy:57)
	at com.kms.katalon.core.keyword.builtin.VerifyMatchKeyword$_verifyMatch_closure1.call(VerifyMatchKeyword.groovy)
	at com.kms.katalon.core.keyword.internal.KeywordMain.runKeyword(KeywordMain.groovy:66)
	... 34 more


2019-08-23 08:23:37 - [MESSAGE][PASSED] - Delayed 3 second(s)

2019-08-23 08:23:37 - [MESSAGE][FAILED] - for ([row = 1, row <= findTestData("productData").getRowNumbers(), (row++)]) FAILED.
Reason:
com.kms.katalon.core.exception.StepFailedException: Unable to verify match between actual text '119' and expected text '149' using regular expression (Root cause: com.kms.katalon.core.exception.StepFailedException: Actual text '119' and expected text '149' are not matched using regular expression
	at com.kms.katalon.core.keyword.builtin.VerifyMatchKeyword$_verifyMatch_closure1.doCall(VerifyMatchKeyword.groovy:57)
	at com.kms.katalon.core.keyword.builtin.VerifyMatchKeyword$_verifyMatch_closure1.call(VerifyMatchKeyword.groovy)
	at com.kms.katalon.core.keyword.internal.KeywordMain.runKeyword(KeywordMain.groovy:66)
	at com.kms.katalon.core.keyword.builtin.VerifyMatchKeyword.verifyMatch(VerifyMatchKeyword.groovy:60)
	at com.kms.katalon.core.keyword.builtin.VerifyMatchKeyword.execute(VerifyMatchKeyword.groovy:45)
	at com.kms.katalon.core.keyword.internal.KeywordExecutor.executeKeywordForPlatform(KeywordExecutor.groovy:56)
	at com.kms.katalon.core.keyword.BuiltinKeywords.verifyMatch(BuiltinKeywords.groovy:55)
	at productVerifyShort.run(productVerifyShort:96)
	at com.kms.katalon.core.main.ScriptEngine.run(ScriptEngine.java:194)
	at com.kms.katalon.core.main.ScriptEngine.runScriptAsRawText(ScriptEngine.java:119)
	at com.kms.katalon.core.main.TestCaseExecutor.runScript(TestCaseExecutor.java:342)
	at com.kms.katalon.core.main.TestCaseExecutor.doExecute(TestCaseExecutor.java:333)
	at com.kms.katalon.core.main.TestCaseExecutor.processExecutionPhase(TestCaseExecutor.java:312)
	at com.kms.katalon.core.main.TestCaseExecutor.accessMainPhase(TestCaseExecutor.java:304)
	at com.kms.katalon.core.main.TestCaseExecutor.execute(TestCaseExecutor.java:238)
	at com.kms.katalon.core.main.TestCaseMain.runTestCase(TestCaseMain.java:114)
	at com.kms.katalon.core.keyword.builtin.CallTestCaseKeyword$_callTestCase_closure1.doCall(CallTestCaseKeyword.groovy:59)
	at com.kms.katalon.core.keyword.builtin.CallTestCaseKeyword$_callTestCase_closure1.call(CallTestCaseKeyword.groovy)
	at com.kms.katalon.core.keyword.internal.KeywordMain.runKeyword(KeywordMain.groovy:66)
	at com.kms.katalon.core.keyword.builtin.CallTestCaseKeyword.callTestCase(CallTestCaseKeyword.groovy:81)
	at com.kms.katalon.core.keyword.builtin.CallTestCaseKeyword.execute(CallTestCaseKeyword.groovy:44)
	at com.kms.katalon.core.keyword.internal.KeywordExecutor.executeKeywordForPlatform(KeywordExecutor.groovy:56)
	at com.kms.katalon.core.keyword.BuiltinKeywords.callTestCase(BuiltinKeywords.groovy:334)
	at CCOrders.run(CCOrders:40)
	at com.kms.katalon.core.main.ScriptEngine.run(ScriptEngine.java:194)
	at com.kms.katalon.core.main.ScriptEngine.runScriptAsRawText(ScriptEngine.java:119)
	at com.kms.katalon.core.main.TestCaseExecutor.runScript(TestCaseExecutor.java:342)
	at com.kms.katalon.core.main.TestCaseExecutor.doExecute(TestCaseExecutor.java:333)
	at com.kms.katalon.core.main.TestCaseExecutor.processExecutionPhase(TestCaseExecutor.java:312)
	at com.kms.katalon.core.main.TestCaseExecutor.accessMainPhase(TestCaseExecutor.java:304)
	at com.kms.katalon.core.main.TestCaseExecutor.execute(TestCaseExecutor.java:238)
	at com.kms.katalon.core.main.TestSuiteExecutor.accessTestCaseMainPhase(TestSuiteExecutor.java:129)
	at com.kms.katalon.core.main.TestSuiteExecutor.accessTestSuiteMainPhase(TestSuiteExecutor.java:112)
	at com.kms.katalon.core.main.TestSuiteExecutor.execute(TestSuiteExecutor.java:81)
	at com.kms.katalon.core.main.TestCaseMain.startTestSuite(TestCaseMain.java:157)
	at com.kms.katalon.core.main.TestCaseMain$startTestSuite$0.call(Unknown Source)
	at TempTestSuite1566527072754.run(TempTestSuite1566527072754.groovy:35)
)
	at com.kms.katalon.core.keyword.internal.KeywordMain.stepFailed(KeywordMain.groovy:37)
	at com.kms.katalon.core.keyword.internal.KeywordMain.stepFailed(KeywordMain.groovy)
	at com.kms.katalon.core.keyword.internal.KeywordMain.runKeyword(KeywordMain.groovy:68)
	at com.kms.katalon.core.keyword.builtin.VerifyMatchKeyword.verifyMatch(VerifyMatchKeyword.groovy:60)
	at com.kms.katalon.core.keyword.builtin.VerifyMatchKeyword.execute(VerifyMatchKeyword.groovy:45)
	at com.kms.katalon.core.keyword.internal.KeywordExecutor.executeKeywordForPlatform(KeywordExecutor.groovy:56)
	at com.kms.katalon.core.keyword.BuiltinKeywords.verifyMatch(BuiltinKeywords.groovy:55)
	at productVerifyShort.run(productVerifyShort:96)
	at com.kms.katalon.core.main.ScriptEngine.run(ScriptEngine.java:194)
	at com.kms.katalon.core.main.ScriptEngine.runScriptAsRawText(ScriptEngine.java:119)
	at com.kms.katalon.core.main.TestCaseExecutor.runScript(TestCaseExecutor.java:342)
	at com.kms.katalon.core.main.TestCaseExecutor.doExecute(TestCaseExecutor.java:333)
	at com.kms.katalon.core.main.TestCaseExecutor.processExecutionPhase(TestCaseExecutor.java:312)
	at com.kms.katalon.core.main.TestCaseExecutor.accessMainPhase(TestCaseExecutor.java:304)
	at com.kms.katalon.core.main.TestCaseExecutor.execute(TestCaseExecutor.java:238)
	at com.kms.katalon.core.main.TestCaseMain.runTestCase(TestCaseMain.java:114)
	at com.kms.katalon.core.keyword.builtin.CallTestCaseKeyword$_callTestCase_closure1.doCall(CallTestCaseKeyword.groovy:59)
	at com.kms.katalon.core.keyword.builtin.CallTestCaseKeyword$_callTestCase_closure1.call(CallTestCaseKeyword.groovy)
	at com.kms.katalon.core.keyword.internal.KeywordMain.runKeyword(KeywordMain.groovy:66)
	at com.kms.katalon.core.keyword.builtin.CallTestCaseKeyword.callTestCase(CallTestCaseKeyword.groovy:81)
	at com.kms.katalon.core.keyword.builtin.CallTestCaseKeyword.execute(CallTestCaseKeyword.groovy:44)
	at com.kms.katalon.core.keyword.internal.KeywordExecutor.executeKeywordForPlatform(KeywordExecutor.groovy:56)
	at com.kms.katalon.core.keyword.BuiltinKeywords.callTestCase(BuiltinKeywords.groovy:334)
	at CCOrders.run(CCOrders:40)
	at com.kms.katalon.core.main.ScriptEngine.run(ScriptEngine.java:194)
	at com.kms.katalon.core.main.ScriptEngine.runScriptAsRawText(ScriptEngine.java:119)
	at com.kms.katalon.core.main.TestCaseExecutor.runScript(TestCaseExecutor.java:342)
	at com.kms.katalon.core.main.TestCaseExecutor.doExecute(TestCaseExecutor.java:333)
	at com.kms.katalon.core.main.TestCaseExecutor.processExecutionPhase(TestCaseExecutor.java:312)
	at com.kms.katalon.core.main.TestCaseExecutor.accessMainPhase(TestCaseExecutor.java:304)
	at com.kms.katalon.core.main.TestCaseExecutor.execute(TestCaseExecutor.java:238)
	at com.kms.katalon.core.main.TestSuiteExecutor.accessTestCaseMainPhase(TestSuiteExecutor.java:129)
	at com.kms.katalon.core.main.TestSuiteExecutor.accessTestSuiteMainPhase(TestSuiteExecutor.java:112)
	at com.kms.katalon.core.main.TestSuiteExecutor.execute(TestSuiteExecutor.java:81)
	at com.kms.katalon.core.main.TestCaseMain.startTestSuite(TestCaseMain.java:157)
	at com.kms.katalon.core.main.TestCaseMain$startTestSuite$0.call(Unknown Source)
	at TempTestSuite1566527072754.run(TempTestSuite1566527072754.groovy:35)
Caused by: com.kms.katalon.core.exception.StepFailedException: Actual text '119' and expected text '149' are not matched using regular expression
	at com.kms.katalon.core.keyword.builtin.VerifyMatchKeyword$_verifyMatch_closure1.doCall(VerifyMatchKeyword.groovy:57)
	at com.kms.katalon.core.keyword.builtin.VerifyMatchKeyword$_verifyMatch_closure1.call(VerifyMatchKeyword.groovy)
	at com.kms.katalon.core.keyword.internal.KeywordMain.runKeyword(KeywordMain.groovy:66)
	... 34 more


2019-08-23 08:23:37 - [MESSAGE][FAILED] - Unable to call Test Case 'Test Cases/NewArrival/productVerifyShort' (Root cause: com.kms.katalon.core.exception.StepFailedException: Call Test Case 'Test Cases/NewArrival/productVerifyShort' failed
	at com.kms.katalon.core.keyword.builtin.CallTestCaseKeyword$_callTestCase_closure1.doCall(CallTestCaseKeyword.groovy:63)
	at com.kms.katalon.core.keyword.builtin.CallTestCaseKeyword$_callTestCase_closure1.call(CallTestCaseKeyword.groovy)
	at com.kms.katalon.core.keyword.internal.KeywordMain.runKeyword(KeywordMain.groovy:66)
	at com.kms.katalon.core.keyword.builtin.CallTestCaseKeyword.callTestCase(CallTestCaseKeyword.groovy:81)
	at com.kms.katalon.core.keyword.builtin.CallTestCaseKeyword.execute(CallTestCaseKeyword.groovy:44)
	at com.kms.katalon.core.keyword.internal.KeywordExecutor.executeKeywordForPlatform(KeywordExecutor.groovy:56)
	at com.kms.katalon.core.keyword.BuiltinKeywords.callTestCase(BuiltinKeywords.groovy:334)
	at CCOrders.run(CCOrders:40)
	at com.kms.katalon.core.main.ScriptEngine.run(ScriptEngine.java:194)
	at com.kms.katalon.core.main.ScriptEngine.runScriptAsRawText(ScriptEngine.java:119)
	at com.kms.katalon.core.main.TestCaseExecutor.runScript(TestCaseExecutor.java:342)
	at com.kms.katalon.core.main.TestCaseExecutor.doExecute(TestCaseExecutor.java:333)
	at com.kms.katalon.core.main.TestCaseExecutor.processExecutionPhase(TestCaseExecutor.java:312)
	at com.kms.katalon.core.main.TestCaseExecutor.accessMainPhase(TestCaseExecutor.java:304)
	at com.kms.katalon.core.main.TestCaseExecutor.execute(TestCaseExecutor.java:238)
	at com.kms.katalon.core.main.TestSuiteExecutor.accessTestCaseMainPhase(TestSuiteExecutor.java:129)
	at com.kms.katalon.core.main.TestSuiteExecutor.accessTestSuiteMainPhase(TestSuiteExecutor.java:112)
	at com.kms.katalon.core.main.TestSuiteExecutor.execute(TestSuiteExecutor.java:81)
	at com.kms.katalon.core.main.TestCaseMain.startTestSuite(TestCaseMain.java:157)
	at com.kms.katalon.core.main.TestCaseMain$startTestSuite$0.call(Unknown Source)
	at TempTestSuite1566527072754.run(TempTestSuite1566527072754.groovy:35)
Caused by: com.kms.katalon.core.exception.StepFailedException: Unable to verify match between actual text '119' and expected text '149' using regular expression (Root cause: com.kms.katalon.core.exception.StepFailedException: Actual text '119' and expected text '149' are not matched using regular expression
	at com.kms.katalon.core.keyword.builtin.VerifyMatchKeyword$_verifyMatch_closure1.doCall(VerifyMatchKeyword.groovy:57)
	at com.kms.katalon.core.keyword.builtin.VerifyMatchKeyword$_verifyMatch_closure1.call(VerifyMatchKeyword.groovy)
	at com.kms.katalon.core.keyword.internal.KeywordMain.runKeyword(KeywordMain.groovy:66)
	at com.kms.katalon.core.keyword.builtin.VerifyMatchKeyword.verifyMatch(VerifyMatchKeyword.groovy:60)
	at com.kms.katalon.core.keyword.builtin.VerifyMatchKeyword.execute(VerifyMatchKeyword.groovy:45)
	at com.kms.katalon.core.keyword.internal.KeywordExecutor.executeKeywordForPlatform(KeywordExecutor.groovy:56)
	at com.kms.katalon.core.keyword.BuiltinKeywords.verifyMatch(BuiltinKeywords.groovy:55)
	at productVerifyShort.run(productVerifyShort:96)
	at com.kms.katalon.core.main.ScriptEngine.run(ScriptEngine.java:194)
	at com.kms.katalon.core.main.ScriptEngine.runScriptAsRawText(ScriptEngine.java:119)
	at com.kms.katalon.core.main.TestCaseExecutor.runScript(TestCaseExecutor.java:342)
	at com.kms.katalon.core.main.TestCaseExecutor.doExecute(TestCaseExecutor.java:333)
	at com.kms.katalon.core.main.TestCaseExecutor.processExecutionPhase(TestCaseExecutor.java:312)
	at com.kms.katalon.core.main.TestCaseExecutor.accessMainPhase(TestCaseExecutor.java:304)
	at com.kms.katalon.core.main.TestCaseExecutor.execute(TestCaseExecutor.java:238)
	at com.kms.katalon.core.main.TestCaseMain.runTestCase(TestCaseMain.java:114)
	at com.kms.katalon.core.keyword.builtin.CallTestCaseKeyword$_callTestCase_closure1.doCall(CallTestCaseKeyword.groovy:59)
	at com.kms.katalon.core.keyword.builtin.CallTestCaseKeyword$_callTestCase_closure1.call(CallTestCaseKeyword.groovy)
	at com.kms.katalon.core.keyword.internal.KeywordMain.runKeyword(KeywordMain.groovy:66)
	at com.kms.katalon.core.keyword.builtin.CallTestCaseKeyword.callTestCase(CallTestCaseKeyword.groovy:81)
	at com.kms.katalon.core.keyword.builtin.CallTestCaseKeyword.execute(CallTestCaseKeyword.groovy:44)
	at com.kms.katalon.core.keyword.internal.KeywordExecutor.executeKeywordForPlatform(KeywordExecutor.groovy:56)
	at com.kms.katalon.core.keyword.BuiltinKeywords.callTestCase(BuiltinKeywords.groovy:334)
	at CCOrders.run(CCOrders:40)
	at com.kms.katalon.core.main.ScriptEngine.run(ScriptEngine.java:194)
	at com.kms.katalon.core.main.ScriptEngine.runScriptAsRawText(ScriptEngine.java:119)
	at com.kms.katalon.core.main.TestCaseExecutor.runScript(TestCaseExecutor.java:342)
	at com.kms.katalon.core.main.TestCaseExecutor.doExecute(TestCaseExecutor.java:333)
	at com.kms.katalon.core.main.TestCaseExecutor.processExecutionPhase(TestCaseExecutor.java:312)
	at com.kms.katalon.core.main.TestCaseExecutor.accessMainPhase(TestCaseExecutor.java:304)
	at com.kms.katalon.core.main.TestCaseExecutor.execute(TestCaseExecutor.java:238)
	at com.kms.katalon.core.main.TestSuiteExecutor.accessTestCaseMainPhase(TestSuiteExecutor.java:129)
	at com.kms.katalon.core.main.TestSuiteExecutor.accessTestSuiteMainPhase(TestSuiteExecutor.java:112)
	at com.kms.katalon.core.main.TestSuiteExecutor.execute(TestSuiteExecutor.java:81)
	at com.kms.katalon.core.main.TestCaseMain.startTestSuite(TestCaseMain.java:157)
	at com.kms.katalon.core.main.TestCaseMain$startTestSuite$0.call(Unknown Source)
	at TempTestSuite1566527072754.run(TempTestSuite1566527072754.groovy:35)
)
	at com.kms.katalon.core.keyword.internal.KeywordMain.stepFailed(KeywordMain.groovy:37)
	at com.kms.katalon.core.keyword.internal.KeywordMain.stepFailed(KeywordMain.groovy)
	at com.kms.katalon.core.keyword.internal.KeywordMain.runKeyword(KeywordMain.groovy:68)
	at com.kms.katalon.core.keyword.builtin.VerifyMatchKeyword.verifyMatch(VerifyMatchKeyword.groovy:60)
	at com.kms.katalon.core.keyword.builtin.VerifyMatchKeyword.execute(VerifyMatchKeyword.groovy:45)
	at com.kms.katalon.core.keyword.internal.KeywordExecutor.executeKeywordForPlatform(KeywordExecutor.groovy:56)
	at com.kms.katalon.core.keyword.BuiltinKeywords.verifyMatch(BuiltinKeywords.groovy:55)
	at productVerifyShort.run(productVerifyShort:96)
	at com.kms.katalon.core.main.ScriptEngine.run(ScriptEngine.java:194)
	at com.kms.katalon.core.main.ScriptEngine.runScriptAsRawText(ScriptEngine.java:119)
	at com.kms.katalon.core.main.TestCaseExecutor.runScript(TestCaseExecutor.java:342)
	at com.kms.katalon.core.main.TestCaseExecutor.doExecute(TestCaseExecutor.java:333)
	at com.kms.katalon.core.main.TestCaseExecutor.processExecutionPhase(TestCaseExecutor.java:312)
	at com.kms.katalon.core.main.TestCaseExecutor.accessMainPhase(TestCaseExecutor.java:304)
	at com.kms.katalon.core.main.TestCaseExecutor.execute(TestCaseExecutor.java:238)
	at com.kms.katalon.core.main.TestCaseMain.runTestCase(TestCaseMain.java:114)
	at com.kms.katalon.core.keyword.builtin.CallTestCaseKeyword$_callTestCase_closure1.doCall(CallTestCaseKeyword.groovy:59)
	... 20 more
Caused by: com.kms.katalon.core.exception.StepFailedException: Actual text '119' and expected text '149' are not matched using regular expression
	at com.kms.katalon.core.keyword.builtin.VerifyMatchKeyword$_verifyMatch_closure1.doCall(VerifyMatchKeyword.groovy:57)
	at com.kms.katalon.core.keyword.builtin.VerifyMatchKeyword$_verifyMatch_closure1.call(VerifyMatchKeyword.groovy)
	at com.kms.katalon.core.keyword.internal.KeywordMain.runKeyword(KeywordMain.groovy:66)
	... 34 more
)

2019-08-23 08:23:37 - [MESSAGE][FAILED] - for ([timeRow = 1, timeRow <= findTestData("timezoneData").getRowNumbers(), (timeRow++)]) FAILED.
Reason:
com.kms.katalon.core.exception.StepFailedException: Call Test Case 'Test Cases/NewArrival/productVerifyShort' failed
	at com.kms.katalon.core.keyword.builtin.CallTestCaseKeyword$_callTestCase_closure1.doCall(CallTestCaseKeyword.groovy:63)
	at com.kms.katalon.core.keyword.builtin.CallTestCaseKeyword$_callTestCase_closure1.call(CallTestCaseKeyword.groovy)
	at com.kms.katalon.core.keyword.internal.KeywordMain.runKeyword(KeywordMain.groovy:66)
	at com.kms.katalon.core.keyword.builtin.CallTestCaseKeyword.callTestCase(CallTestCaseKeyword.groovy:81)
	at com.kms.katalon.core.keyword.builtin.CallTestCaseKeyword.execute(CallTestCaseKeyword.groovy:44)
	at com.kms.katalon.core.keyword.internal.KeywordExecutor.executeKeywordForPlatform(KeywordExecutor.groovy:56)
	at com.kms.katalon.core.keyword.BuiltinKeywords.callTestCase(BuiltinKeywords.groovy:334)
	at CCOrders.run(CCOrders:40)
	at com.kms.katalon.core.main.ScriptEngine.run(ScriptEngine.java:194)
	at com.kms.katalon.core.main.ScriptEngine.runScriptAsRawText(ScriptEngine.java:119)
	at com.kms.katalon.core.main.TestCaseExecutor.runScript(TestCaseExecutor.java:342)
	at com.kms.katalon.core.main.TestCaseExecutor.doExecute(TestCaseExecutor.java:333)
	at com.kms.katalon.core.main.TestCaseExecutor.processExecutionPhase(TestCaseExecutor.java:312)
	at com.kms.katalon.core.main.TestCaseExecutor.accessMainPhase(TestCaseExecutor.java:304)
	at com.kms.katalon.core.main.TestCaseExecutor.execute(TestCaseExecutor.java:238)
	at com.kms.katalon.core.main.TestSuiteExecutor.accessTestCaseMainPhase(TestSuiteExecutor.java:129)
	at com.kms.katalon.core.main.TestSuiteExecutor.accessTestSuiteMainPhase(TestSuiteExecutor.java:112)
	at com.kms.katalon.core.main.TestSuiteExecutor.execute(TestSuiteExecutor.java:81)
	at com.kms.katalon.core.main.TestCaseMain.startTestSuite(TestCaseMain.java:157)
	at com.kms.katalon.core.main.TestCaseMain$startTestSuite$0.call(Unknown Source)
	at TempTestSuite1566527072754.run(TempTestSuite1566527072754.groovy:35)
Caused by: com.kms.katalon.core.exception.StepFailedException: Unable to verify match between actual text '119' and expected text '149' using regular expression (Root cause: com.kms.katalon.core.exception.StepFailedException: Actual text '119' and expected text '149' are not matched using regular expression
	at com.kms.katalon.core.keyword.builtin.VerifyMatchKeyword$_verifyMatch_closure1.doCall(VerifyMatchKeyword.groovy:57)
	at com.kms.katalon.core.keyword.builtin.VerifyMatchKeyword$_verifyMatch_closure1.call(VerifyMatchKeyword.groovy)
	at com.kms.katalon.core.keyword.internal.KeywordMain.runKeyword(KeywordMain.groovy:66)
	at com.kms.katalon.core.keyword.builtin.VerifyMatchKeyword.verifyMatch(VerifyMatchKeyword.groovy:60)
	at com.kms.katalon.core.keyword.builtin.VerifyMatchKeyword.execute(VerifyMatchKeyword.groovy:45)
	at com.kms.katalon.core.keyword.internal.KeywordExecutor.executeKeywordForPlatform(KeywordExecutor.groovy:56)
	at com.kms.katalon.core.keyword.BuiltinKeywords.verifyMatch(BuiltinKeywords.groovy:55)
	at productVerifyShort.run(productVerifyShort:96)
	at com.kms.katalon.core.main.ScriptEngine.run(ScriptEngine.java:194)
	at com.kms.katalon.core.main.ScriptEngine.runScriptAsRawText(ScriptEngine.java:119)
	at com.kms.katalon.core.main.TestCaseExecutor.runScript(TestCaseExecutor.java:342)
	at com.kms.katalon.core.main.TestCaseExecutor.doExecute(TestCaseExecutor.java:333)
	at com.kms.katalon.core.main.TestCaseExecutor.processExecutionPhase(TestCaseExecutor.java:312)
	at com.kms.katalon.core.main.TestCaseExecutor.accessMainPhase(TestCaseExecutor.java:304)
	at com.kms.katalon.core.main.TestCaseExecutor.execute(TestCaseExecutor.java:238)
	at com.kms.katalon.core.main.TestCaseMain.runTestCase(TestCaseMain.java:114)
	at com.kms.katalon.core.keyword.builtin.CallTestCaseKeyword$_callTestCase_closure1.doCall(CallTestCaseKeyword.groovy:59)
	at com.kms.katalon.core.keyword.builtin.CallTestCaseKeyword$_callTestCase_closure1.call(CallTestCaseKeyword.groovy)
	at com.kms.katalon.core.keyword.internal.KeywordMain.runKeyword(KeywordMain.groovy:66)
	at com.kms.katalon.core.keyword.builtin.CallTestCaseKeyword.callTestCase(CallTestCaseKeyword.groovy:81)
	at com.kms.katalon.core.keyword.builtin.CallTestCaseKeyword.execute(CallTestCaseKeyword.groovy:44)
	at com.kms.katalon.core.keyword.internal.KeywordExecutor.executeKeywordForPlatform(KeywordExecutor.groovy:56)
	at com.kms.katalon.core.keyword.BuiltinKeywords.callTestCase(BuiltinKeywords.groovy:334)
	at CCOrders.run(CCOrders:40)
	at com.kms.katalon.core.main.ScriptEngine.run(ScriptEngine.java:194)
	at com.kms.katalon.core.main.ScriptEngine.runScriptAsRawText(ScriptEngine.java:119)
	at com.kms.katalon.core.main.TestCaseExecutor.runScript(TestCaseExecutor.java:342)
	at com.kms.katalon.core.main.TestCaseExecutor.doExecute(TestCaseExecutor.java:333)
	at com.kms.katalon.core.main.TestCaseExecutor.processExecutionPhase(TestCaseExecutor.java:312)
	at com.kms.katalon.core.main.TestCaseExecutor.accessMainPhase(TestCaseExecutor.java:304)
	at com.kms.katalon.core.main.TestCaseExecutor.execute(TestCaseExecutor.java:238)
	at com.kms.katalon.core.main.TestSuiteExecutor.accessTestCaseMainPhase(TestSuiteExecutor.java:129)
	at com.kms.katalon.core.main.TestSuiteExecutor.accessTestSuiteMainPhase(TestSuiteExecutor.java:112)
	at com.kms.katalon.core.main.TestSuiteExecutor.execute(TestSuiteExecutor.java:81)
	at com.kms.katalon.core.main.TestCaseMain.startTestSuite(TestCaseMain.java:157)
	at com.kms.katalon.core.main.TestCaseMain$startTestSuite$0.call(Unknown Source)
	at TempTestSuite1566527072754.run(TempTestSuite1566527072754.groovy:35)
)
	at com.kms.katalon.core.keyword.internal.KeywordMain.stepFailed(KeywordMain.groovy:37)
	at com.kms.katalon.core.keyword.internal.KeywordMain.stepFailed(KeywordMain.groovy)
	at com.kms.katalon.core.keyword.internal.KeywordMain.runKeyword(KeywordMain.groovy:68)
	at com.kms.katalon.core.keyword.builtin.VerifyMatchKeyword.verifyMatch(VerifyMatchKeyword.groovy:60)
	at com.kms.katalon.core.keyword.builtin.VerifyMatchKeyword.execute(VerifyMatchKeyword.groovy:45)
	at com.kms.katalon.core.keyword.internal.KeywordExecutor.executeKeywordForPlatform(KeywordExecutor.groovy:56)
	at com.kms.katalon.core.keyword.BuiltinKeywords.verifyMatch(BuiltinKeywords.groovy:55)
	at productVerifyShort.run(productVerifyShort:96)
	at com.kms.katalon.core.main.ScriptEngine.run(ScriptEngine.java:194)
	at com.kms.katalon.core.main.ScriptEngine.runScriptAsRawText(ScriptEngine.java:119)
	at com.kms.katalon.core.main.TestCaseExecutor.runScript(TestCaseExecutor.java:342)
	at com.kms.katalon.core.main.TestCaseExecutor.doExecute(TestCaseExecutor.java:333)
	at com.kms.katalon.core.main.TestCaseExecutor.processExecutionPhase(TestCaseExecutor.java:312)
	at com.kms.katalon.core.main.TestCaseExecutor.accessMainPhase(TestCaseExecutor.java:304)
	at com.kms.katalon.core.main.TestCaseExecutor.execute(TestCaseExecutor.java:238)
	at com.kms.katalon.core.main.TestCaseMain.runTestCase(TestCaseMain.java:114)
	at com.kms.katalon.core.keyword.builtin.CallTestCaseKeyword$_callTestCase_closure1.doCall(CallTestCaseKeyword.groovy:59)
	... 20 more
Caused by: com.kms.katalon.core.exception.StepFailedException: Actual text '119' and expected text '149' are not matched using regular expression
	at com.kms.katalon.core.keyword.builtin.VerifyMatchKeyword$_verifyMatch_closure1.doCall(VerifyMatchKeyword.groovy:57)
	at com.kms.katalon.core.keyword.builtin.VerifyMatchKeyword$_verifyMatch_closure1.call(VerifyMatchKeyword.groovy)
	at com.kms.katalon.core.keyword.internal.KeywordMain.runKeyword(KeywordMain.groovy:66)
	... 34 more]]></system-out>
         <system-err><![CDATA[2019-08-23 08:22:17 - [TEST_CASE][FAILED] - Test Cases/NewArrival/CCOrders: Test Cases/NewArrival/CCOrders FAILED.
Reason:
com.kms.katalon.core.exception.StepFailedException: Call Test Case 'Test Cases/NewArrival/productVerifyShort' failed
	at com.kms.katalon.core.keyword.builtin.CallTestCaseKeyword$_callTestCase_closure1.doCall(CallTestCaseKeyword.groovy:63)
	at com.kms.katalon.core.keyword.builtin.CallTestCaseKeyword$_callTestCase_closure1.call(CallTestCaseKeyword.groovy)
	at com.kms.katalon.core.keyword.internal.KeywordMain.runKeyword(KeywordMain.groovy:66)
	at com.kms.katalon.core.keyword.builtin.CallTestCaseKeyword.callTestCase(CallTestCaseKeyword.groovy:81)
	at com.kms.katalon.core.keyword.builtin.CallTestCaseKeyword.execute(CallTestCaseKeyword.groovy:44)
	at com.kms.katalon.core.keyword.internal.KeywordExecutor.executeKeywordForPlatform(KeywordExecutor.groovy:56)
	at com.kms.katalon.core.keyword.BuiltinKeywords.callTestCase(BuiltinKeywords.groovy:334)
	at CCOrders.run(CCOrders:40)
	at com.kms.katalon.core.main.ScriptEngine.run(ScriptEngine.java:194)
	at com.kms.katalon.core.main.ScriptEngine.runScriptAsRawText(ScriptEngine.java:119)
	at com.kms.katalon.core.main.TestCaseExecutor.runScript(TestCaseExecutor.java:342)
	at com.kms.katalon.core.main.TestCaseExecutor.doExecute(TestCaseExecutor.java:333)
	at com.kms.katalon.core.main.TestCaseExecutor.processExecutionPhase(TestCaseExecutor.java:312)
	at com.kms.katalon.core.main.TestCaseExecutor.accessMainPhase(TestCaseExecutor.java:304)
	at com.kms.katalon.core.main.TestCaseExecutor.execute(TestCaseExecutor.java:238)
	at com.kms.katalon.core.main.TestSuiteExecutor.accessTestCaseMainPhase(TestSuiteExecutor.java:129)
	at com.kms.katalon.core.main.TestSuiteExecutor.accessTestSuiteMainPhase(TestSuiteExecutor.java:112)
	at com.kms.katalon.core.main.TestSuiteExecutor.execute(TestSuiteExecutor.java:81)
	at com.kms.katalon.core.main.TestCaseMain.startTestSuite(TestCaseMain.java:157)
	at com.kms.katalon.core.main.TestCaseMain$startTestSuite$0.call(Unknown Source)
	at TempTestSuite1566527072754.run(TempTestSuite1566527072754.groovy:35)
Caused by: com.kms.katalon.core.exception.StepFailedException: Unable to verify match between actual text '119' and expected text '149' using regular expression (Root cause: com.kms.katalon.core.exception.StepFailedException: Actual text '119' and expected text '149' are not matched using regular expression
	at com.kms.katalon.core.keyword.builtin.VerifyMatchKeyword$_verifyMatch_closure1.doCall(VerifyMatchKeyword.groovy:57)
	at com.kms.katalon.core.keyword.builtin.VerifyMatchKeyword$_verifyMatch_closure1.call(VerifyMatchKeyword.groovy)
	at com.kms.katalon.core.keyword.internal.KeywordMain.runKeyword(KeywordMain.groovy:66)
	at com.kms.katalon.core.keyword.builtin.VerifyMatchKeyword.verifyMatch(VerifyMatchKeyword.groovy:60)
	at com.kms.katalon.core.keyword.builtin.VerifyMatchKeyword.execute(VerifyMatchKeyword.groovy:45)
	at com.kms.katalon.core.keyword.internal.KeywordExecutor.executeKeywordForPlatform(KeywordExecutor.groovy:56)
	at com.kms.katalon.core.keyword.BuiltinKeywords.verifyMatch(BuiltinKeywords.groovy:55)
	at productVerifyShort.run(productVerifyShort:96)
	at com.kms.katalon.core.main.ScriptEngine.run(ScriptEngine.java:194)
	at com.kms.katalon.core.main.ScriptEngine.runScriptAsRawText(ScriptEngine.java:119)
	at com.kms.katalon.core.main.TestCaseExecutor.runScript(TestCaseExecutor.java:342)
	at com.kms.katalon.core.main.TestCaseExecutor.doExecute(TestCaseExecutor.java:333)
	at com.kms.katalon.core.main.TestCaseExecutor.processExecutionPhase(TestCaseExecutor.java:312)
	at com.kms.katalon.core.main.TestCaseExecutor.accessMainPhase(TestCaseExecutor.java:304)
	at com.kms.katalon.core.main.TestCaseExecutor.execute(TestCaseExecutor.java:238)
	at com.kms.katalon.core.main.TestCaseMain.runTestCase(TestCaseMain.java:114)
	at com.kms.katalon.core.keyword.builtin.CallTestCaseKeyword$_callTestCase_closure1.doCall(CallTestCaseKeyword.groovy:59)
	at com.kms.katalon.core.keyword.builtin.CallTestCaseKeyword$_callTestCase_closure1.call(CallTestCaseKeyword.groovy)
	at com.kms.katalon.core.keyword.internal.KeywordMain.runKeyword(KeywordMain.groovy:66)
	at com.kms.katalon.core.keyword.builtin.CallTestCaseKeyword.callTestCase(CallTestCaseKeyword.groovy:81)
	at com.kms.katalon.core.keyword.builtin.CallTestCaseKeyword.execute(CallTestCaseKeyword.groovy:44)
	at com.kms.katalon.core.keyword.internal.KeywordExecutor.executeKeywordForPlatform(KeywordExecutor.groovy:56)
	at com.kms.katalon.core.keyword.BuiltinKeywords.callTestCase(BuiltinKeywords.groovy:334)
	at CCOrders.run(CCOrders:40)
	at com.kms.katalon.core.main.ScriptEngine.run(ScriptEngine.java:194)
	at com.kms.katalon.core.main.ScriptEngine.runScriptAsRawText(ScriptEngine.java:119)
	at com.kms.katalon.core.main.TestCaseExecutor.runScript(TestCaseExecutor.java:342)
	at com.kms.katalon.core.main.TestCaseExecutor.doExecute(TestCaseExecutor.java:333)
	at com.kms.katalon.core.main.TestCaseExecutor.processExecutionPhase(TestCaseExecutor.java:312)
	at com.kms.katalon.core.main.TestCaseExecutor.accessMainPhase(TestCaseExecutor.java:304)
	at com.kms.katalon.core.main.TestCaseExecutor.execute(TestCaseExecutor.java:238)
	at com.kms.katalon.core.main.TestSuiteExecutor.accessTestCaseMainPhase(TestSuiteExecutor.java:129)
	at com.kms.katalon.core.main.TestSuiteExecutor.accessTestSuiteMainPhase(TestSuiteExecutor.java:112)
	at com.kms.katalon.core.main.TestSuiteExecutor.execute(TestSuiteExecutor.java:81)
	at com.kms.katalon.core.main.TestCaseMain.startTestSuite(TestCaseMain.java:157)
	at com.kms.katalon.core.main.TestCaseMain$startTestSuite$0.call(Unknown Source)
	at TempTestSuite1566527072754.run(TempTestSuite1566527072754.groovy:35)
)
	at com.kms.katalon.core.keyword.internal.KeywordMain.stepFailed(KeywordMain.groovy:37)
	at com.kms.katalon.core.keyword.internal.KeywordMain.stepFailed(KeywordMain.groovy)
	at com.kms.katalon.core.keyword.internal.KeywordMain.runKeyword(KeywordMain.groovy:68)
	at com.kms.katalon.core.keyword.builtin.VerifyMatchKeyword.verifyMatch(VerifyMatchKeyword.groovy:60)
	at com.kms.katalon.core.keyword.builtin.VerifyMatchKeyword.execute(VerifyMatchKeyword.groovy:45)
	at com.kms.katalon.core.keyword.internal.KeywordExecutor.executeKeywordForPlatform(KeywordExecutor.groovy:56)
	at com.kms.katalon.core.keyword.BuiltinKeywords.verifyMatch(BuiltinKeywords.groovy:55)
	at productVerifyShort.run(productVerifyShort:96)
	at com.kms.katalon.core.main.ScriptEngine.run(ScriptEngine.java:194)
	at com.kms.katalon.core.main.ScriptEngine.runScriptAsRawText(ScriptEngine.java:119)
	at com.kms.katalon.core.main.TestCaseExecutor.runScript(TestCaseExecutor.java:342)
	at com.kms.katalon.core.main.TestCaseExecutor.doExecute(TestCaseExecutor.java:333)
	at com.kms.katalon.core.main.TestCaseExecutor.processExecutionPhase(TestCaseExecutor.java:312)
	at com.kms.katalon.core.main.TestCaseExecutor.accessMainPhase(TestCaseExecutor.java:304)
	at com.kms.katalon.core.main.TestCaseExecutor.execute(TestCaseExecutor.java:238)
	at com.kms.katalon.core.main.TestCaseMain.runTestCase(TestCaseMain.java:114)
	at com.kms.katalon.core.keyword.builtin.CallTestCaseKeyword$_callTestCase_closure1.doCall(CallTestCaseKeyword.groovy:59)
	... 20 more
Caused by: com.kms.katalon.core.exception.StepFailedException: Actual text '119' and expected text '149' are not matched using regular expression
	at com.kms.katalon.core.keyword.builtin.VerifyMatchKeyword$_verifyMatch_closure1.doCall(VerifyMatchKeyword.groovy:57)
	at com.kms.katalon.core.keyword.builtin.VerifyMatchKeyword$_verifyMatch_closure1.call(VerifyMatchKeyword.groovy)
	at com.kms.katalon.core.keyword.internal.KeywordMain.runKeyword(KeywordMain.groovy:66)
	... 34 more]]></system-err>
      </testcase>
      <testcase name="Test Cases/NewArrival/addOnOrderPersonal" classname="Test Cases/NewArrival/addOnOrderPersonal" status="FAILED">
         <failure type="FAILED" message="Test Cases/NewArrival/addOnOrderPersonal FAILED.
Reason:
com.kms.katalon.core.exception.StepFailedException: Call Test Case 'Test Cases/NewArrival/warehouseShipping' failed
	at com.kms.katalon.core.keyword.builtin.CallTestCaseKeyword$_callTestCase_closure1.doCall(CallTestCaseKeyword.groovy:63)
	at com.kms.katalon.core.keyword.builtin.CallTestCaseKeyword$_callTestCase_closure1.call(CallTestCaseKeyword.groovy)
	at com.kms.katalon.core.keyword.internal.KeywordMain.runKeyword(KeywordMain.groovy:66)
	at com.kms.katalon.core.keyword.builtin.CallTestCaseKeyword.callTestCase(CallTestCaseKeyword.groovy:81)
	at com.kms.katalon.core.keyword.builtin.CallTestCaseKeyword.execute(CallTestCaseKeyword.groovy:44)
	at com.kms.katalon.core.keyword.internal.KeywordExecutor.executeKeywordForPlatform(KeywordExecutor.groovy:56)
	at com.kms.katalon.core.keyword.BuiltinKeywords.callTestCase(BuiltinKeywords.groovy:334)
	at addOnOrderPersonal.run(addOnOrderPersonal:114)
	at com.kms.katalon.core.main.ScriptEngine.run(ScriptEngine.java:194)
	at com.kms.katalon.core.main.ScriptEngine.runScriptAsRawText(ScriptEngine.java:119)
	at com.kms.katalon.core.main.TestCaseExecutor.runScript(TestCaseExecutor.java:342)
	at com.kms.katalon.core.main.TestCaseExecutor.doExecute(TestCaseExecutor.java:333)
	at com.kms.katalon.core.main.TestCaseExecutor.processExecutionPhase(TestCaseExecutor.java:312)
	at com.kms.katalon.core.main.TestCaseExecutor.accessMainPhase(TestCaseExecutor.java:304)
	at com.kms.katalon.core.main.TestCaseExecutor.execute(TestCaseExecutor.java:238)
	at com.kms.katalon.core.main.TestSuiteExecutor.accessTestCaseMainPhase(TestSuiteExecutor.java:129)
	at com.kms.katalon.core.main.TestSuiteExecutor.accessTestSuiteMainPhase(TestSuiteExecutor.java:112)
	at com.kms.katalon.core.main.TestSuiteExecutor.execute(TestSuiteExecutor.java:81)
	at com.kms.katalon.core.main.TestCaseMain.startTestSuite(TestCaseMain.java:157)
	at com.kms.katalon.core.main.TestCaseMain$startTestSuite$0.call(Unknown Source)
	at TempTestSuite1566527072754.run(TempTestSuite1566527072754.groovy:35)
Caused by: com.kms.katalon.core.exception.StepFailedException: Unable to click on object 'Object Repository/Cabi warehouse/warehouseLogout'
	at com.kms.katalon.core.webui.keyword.internal.WebUIKeywordMain.stepFailed(WebUIKeywordMain.groovy:64)
	at com.kms.katalon.core.webui.keyword.internal.WebUIKeywordMain.runKeyword(WebUIKeywordMain.groovy:26)
	at com.kms.katalon.core.webui.keyword.builtin.ClickKeyword.click(ClickKeyword.groovy:86)
	at com.kms.katalon.core.webui.keyword.builtin.ClickKeyword.execute(ClickKeyword.groovy:67)
	at com.kms.katalon.core.keyword.internal.KeywordExecutor.executeKeywordForPlatform(KeywordExecutor.groovy:56)
	at com.kms.katalon.core.webui.keyword.WebUiBuiltInKeywords.click(WebUiBuiltInKeywords.groovy:616)
	at com.kms.katalon.core.webui.keyword.WebUiBuiltInKeywords$click$2.call(Unknown Source)
	at warehouseShipping.run(warehouseShipping:78)
	at com.kms.katalon.core.main.ScriptEngine.run(ScriptEngine.java:194)
	at com.kms.katalon.core.main.ScriptEngine.runScriptAsRawText(ScriptEngine.java:119)
	at com.kms.katalon.core.main.TestCaseExecutor.runScript(TestCaseExecutor.java:342)
	at com.kms.katalon.core.main.TestCaseExecutor.doExecute(TestCaseExecutor.java:333)
	at com.kms.katalon.core.main.TestCaseExecutor.processExecutionPhase(TestCaseExecutor.java:312)
	at com.kms.katalon.core.main.TestCaseExecutor.accessMainPhase(TestCaseExecutor.java:304)
	at com.kms.katalon.core.main.TestCaseExecutor.execute(TestCaseExecutor.java:238)
	at com.kms.katalon.core.main.TestCaseMain.runTestCase(TestCaseMain.java:114)
	at com.kms.katalon.core.keyword.builtin.CallTestCaseKeyword$_callTestCase_closure1.doCall(CallTestCaseKeyword.groovy:59)
	... 20 more
Caused by: com.kms.katalon.core.webui.exception.WebElementNotFoundException: Web element with id: 'Object Repository/Cabi warehouse/warehouseLogout' located by 'By.xpath: //*[@id=&quot;user-utility&quot;]/li[3]/a' not found
	at com.kms.katalon.core.webui.common.WebUiCommonHelper.findWebElement(WebUiCommonHelper.java:1097)
	at com.kms.katalon.core.webui.keyword.internal.WebUIAbstractKeyword.findWebElement(WebUIAbstractKeyword.groovy:27)
	at com.kms.katalon.core.webui.keyword.internal.WebUIAbstractKeyword.findWebElement(WebUIAbstractKeyword.groovy:26)
	at com.kms.katalon.core.webui.keyword.builtin.ClickKeyword$_click_closure1.doCall(ClickKeyword.groovy:77)
	at com.kms.katalon.core.webui.keyword.builtin.ClickKeyword$_click_closure1.call(ClickKeyword.groovy)
	at com.kms.katalon.core.webui.keyword.internal.WebUIKeywordMain.runKeyword(WebUIKeywordMain.groovy:20)
	at com.kms.katalon.core.webui.keyword.builtin.ClickKeyword.click(ClickKeyword.groovy:86)
	at com.kms.katalon.core.webui.keyword.builtin.ClickKeyword.execute(ClickKeyword.groovy:67)
	at com.kms.katalon.core.keyword.internal.KeywordExecutor.executeKeywordForPlatform(KeywordExecutor.groovy:56)
	at com.kms.katalon.core.webui.keyword.WebUiBuiltInKeywords.click(WebUiBuiltInKeywords.groovy:616)
	at com.kms.katalon.core.webui.keyword.WebUiBuiltInKeywords$click$2.call(Unknown Source)
	at Script1557465123910.run(Script1557465123910.groovy:78)
	at com.kms.katalon.core.main.ScriptEngine.run(ScriptEngine.java:194)
	at com.kms.katalon.core.main.ScriptEngine.runScriptAsRawText(ScriptEngine.java:119)
	at com.kms.katalon.core.main.TestCaseExecutor.runScript(TestCaseExecutor.java:342)
	at com.kms.katalon.core.main.TestCaseExecutor.doExecute(TestCaseExecutor.java:333)
	at com.kms.katalon.core.main.TestCaseExecutor.processExecutionPhase(TestCaseExecutor.java:312)
	at com.kms.katalon.core.main.TestCaseExecutor.accessMainPhase(TestCaseExecutor.java:304)
	at com.kms.katalon.core.main.TestCaseExecutor.execute(TestCaseExecutor.java:238)
	at com.kms.katalon.core.main.TestCaseMain.runTestCase(TestCaseMain.java:114)
	at com.kms.katalon.core.keyword.builtin.CallTestCaseKeyword$_callTestCase_closure1.doCall(CallTestCaseKeyword.groovy:59)
	at com.kms.katalon.core.keyword.builtin.CallTestCaseKeyword$_callTestCase_closure1.call(CallTestCaseKeyword.groovy)
	at com.kms.katalon.core.keyword.internal.KeywordMain.runKeyword(KeywordMain.groovy:66)
	at com.kms.katalon.core.keyword.builtin.CallTestCaseKeyword.callTestCase(CallTestCaseKeyword.groovy:81)
	at com.kms.katalon.core.keyword.builtin.CallTestCaseKeyword.execute(CallTestCaseKeyword.groovy:44)
	at com.kms.katalon.core.keyword.internal.KeywordExecutor.executeKeywordForPlatform(KeywordExecutor.groovy:56)
	at com.kms.katalon.core.keyword.BuiltinKeywords.callTestCase(BuiltinKeywords.groovy:334)
	at Script1557928690388.run(Script1557928690388.groovy:114)
	... 13 more
"/>
         <system-out><![CDATA[2019-08-23 08:23:37 - [TEST_CASE][FAILED] - Test Cases/NewArrival/addOnOrderPersonal: Test Cases/NewArrival/addOnOrderPersonal FAILED.
Reason:
com.kms.katalon.core.exception.StepFailedException: Call Test Case 'Test Cases/NewArrival/warehouseShipping' failed
	at com.kms.katalon.core.keyword.builtin.CallTestCaseKeyword$_callTestCase_closure1.doCall(CallTestCaseKeyword.groovy:63)
	at com.kms.katalon.core.keyword.builtin.CallTestCaseKeyword$_callTestCase_closure1.call(CallTestCaseKeyword.groovy)
	at com.kms.katalon.core.keyword.internal.KeywordMain.runKeyword(KeywordMain.groovy:66)
	at com.kms.katalon.core.keyword.builtin.CallTestCaseKeyword.callTestCase(CallTestCaseKeyword.groovy:81)
	at com.kms.katalon.core.keyword.builtin.CallTestCaseKeyword.execute(CallTestCaseKeyword.groovy:44)
	at com.kms.katalon.core.keyword.internal.KeywordExecutor.executeKeywordForPlatform(KeywordExecutor.groovy:56)
	at com.kms.katalon.core.keyword.BuiltinKeywords.callTestCase(BuiltinKeywords.groovy:334)
	at addOnOrderPersonal.run(addOnOrderPersonal:114)
	at com.kms.katalon.core.main.ScriptEngine.run(ScriptEngine.java:194)
	at com.kms.katalon.core.main.ScriptEngine.runScriptAsRawText(ScriptEngine.java:119)
	at com.kms.katalon.core.main.TestCaseExecutor.runScript(TestCaseExecutor.java:342)
	at com.kms.katalon.core.main.TestCaseExecutor.doExecute(TestCaseExecutor.java:333)
	at com.kms.katalon.core.main.TestCaseExecutor.processExecutionPhase(TestCaseExecutor.java:312)
	at com.kms.katalon.core.main.TestCaseExecutor.accessMainPhase(TestCaseExecutor.java:304)
	at com.kms.katalon.core.main.TestCaseExecutor.execute(TestCaseExecutor.java:238)
	at com.kms.katalon.core.main.TestSuiteExecutor.accessTestCaseMainPhase(TestSuiteExecutor.java:129)
	at com.kms.katalon.core.main.TestSuiteExecutor.accessTestSuiteMainPhase(TestSuiteExecutor.java:112)
	at com.kms.katalon.core.main.TestSuiteExecutor.execute(TestSuiteExecutor.java:81)
	at com.kms.katalon.core.main.TestCaseMain.startTestSuite(TestCaseMain.java:157)
	at com.kms.katalon.core.main.TestCaseMain$startTestSuite$0.call(Unknown Source)
	at TempTestSuite1566527072754.run(TempTestSuite1566527072754.groovy:35)
Caused by: com.kms.katalon.core.exception.StepFailedException: Unable to click on object 'Object Repository/Cabi warehouse/warehouseLogout'
	at com.kms.katalon.core.webui.keyword.internal.WebUIKeywordMain.stepFailed(WebUIKeywordMain.groovy:64)
	at com.kms.katalon.core.webui.keyword.internal.WebUIKeywordMain.runKeyword(WebUIKeywordMain.groovy:26)
	at com.kms.katalon.core.webui.keyword.builtin.ClickKeyword.click(ClickKeyword.groovy:86)
	at com.kms.katalon.core.webui.keyword.builtin.ClickKeyword.execute(ClickKeyword.groovy:67)
	at com.kms.katalon.core.keyword.internal.KeywordExecutor.executeKeywordForPlatform(KeywordExecutor.groovy:56)
	at com.kms.katalon.core.webui.keyword.WebUiBuiltInKeywords.click(WebUiBuiltInKeywords.groovy:616)
	at com.kms.katalon.core.webui.keyword.WebUiBuiltInKeywords$click$2.call(Unknown Source)
	at warehouseShipping.run(warehouseShipping:78)
	at com.kms.katalon.core.main.ScriptEngine.run(ScriptEngine.java:194)
	at com.kms.katalon.core.main.ScriptEngine.runScriptAsRawText(ScriptEngine.java:119)
	at com.kms.katalon.core.main.TestCaseExecutor.runScript(TestCaseExecutor.java:342)
	at com.kms.katalon.core.main.TestCaseExecutor.doExecute(TestCaseExecutor.java:333)
	at com.kms.katalon.core.main.TestCaseExecutor.processExecutionPhase(TestCaseExecutor.java:312)
	at com.kms.katalon.core.main.TestCaseExecutor.accessMainPhase(TestCaseExecutor.java:304)
	at com.kms.katalon.core.main.TestCaseExecutor.execute(TestCaseExecutor.java:238)
	at com.kms.katalon.core.main.TestCaseMain.runTestCase(TestCaseMain.java:114)
	at com.kms.katalon.core.keyword.builtin.CallTestCaseKeyword$_callTestCase_closure1.doCall(CallTestCaseKeyword.groovy:59)
	... 20 more
Caused by: com.kms.katalon.core.webui.exception.WebElementNotFoundException: Web element with id: 'Object Repository/Cabi warehouse/warehouseLogout' located by 'By.xpath: //*[@id="user-utility"]/li[3]/a' not found
	at com.kms.katalon.core.webui.common.WebUiCommonHelper.findWebElement(WebUiCommonHelper.java:1097)
	at com.kms.katalon.core.webui.keyword.internal.WebUIAbstractKeyword.findWebElement(WebUIAbstractKeyword.groovy:27)
	at com.kms.katalon.core.webui.keyword.internal.WebUIAbstractKeyword.findWebElement(WebUIAbstractKeyword.groovy:26)
	at com.kms.katalon.core.webui.keyword.builtin.ClickKeyword$_click_closure1.doCall(ClickKeyword.groovy:77)
	at com.kms.katalon.core.webui.keyword.builtin.ClickKeyword$_click_closure1.call(ClickKeyword.groovy)
	at com.kms.katalon.core.webui.keyword.internal.WebUIKeywordMain.runKeyword(WebUIKeywordMain.groovy:20)
	at com.kms.katalon.core.webui.keyword.builtin.ClickKeyword.click(ClickKeyword.groovy:86)
	at com.kms.katalon.core.webui.keyword.builtin.ClickKeyword.execute(ClickKeyword.groovy:67)
	at com.kms.katalon.core.keyword.internal.KeywordExecutor.executeKeywordForPlatform(KeywordExecutor.groovy:56)
	at com.kms.katalon.core.webui.keyword.WebUiBuiltInKeywords.click(WebUiBuiltInKeywords.groovy:616)
	at com.kms.katalon.core.webui.keyword.WebUiBuiltInKeywords$click$2.call(Unknown Source)
	at Script1557465123910.run(Script1557465123910.groovy:78)
	at com.kms.katalon.core.main.ScriptEngine.run(ScriptEngine.java:194)
	at com.kms.katalon.core.main.ScriptEngine.runScriptAsRawText(ScriptEngine.java:119)
	at com.kms.katalon.core.main.TestCaseExecutor.runScript(TestCaseExecutor.java:342)
	at com.kms.katalon.core.main.TestCaseExecutor.doExecute(TestCaseExecutor.java:333)
	at com.kms.katalon.core.main.TestCaseExecutor.processExecutionPhase(TestCaseExecutor.java:312)
	at com.kms.katalon.core.main.TestCaseExecutor.accessMainPhase(TestCaseExecutor.java:304)
	at com.kms.katalon.core.main.TestCaseExecutor.execute(TestCaseExecutor.java:238)
	at com.kms.katalon.core.main.TestCaseMain.runTestCase(TestCaseMain.java:114)
	at com.kms.katalon.core.keyword.builtin.CallTestCaseKeyword$_callTestCase_closure1.doCall(CallTestCaseKeyword.groovy:59)
	at com.kms.katalon.core.keyword.builtin.CallTestCaseKeyword$_callTestCase_closure1.call(CallTestCaseKeyword.groovy)
	at com.kms.katalon.core.keyword.internal.KeywordMain.runKeyword(KeywordMain.groovy:66)
	at com.kms.katalon.core.keyword.builtin.CallTestCaseKeyword.callTestCase(CallTestCaseKeyword.groovy:81)
	at com.kms.katalon.core.keyword.builtin.CallTestCaseKeyword.execute(CallTestCaseKeyword.groovy:44)
	at com.kms.katalon.core.keyword.internal.KeywordExecutor.executeKeywordForPlatform(KeywordExecutor.groovy:56)
	at com.kms.katalon.core.keyword.BuiltinKeywords.callTestCase(BuiltinKeywords.groovy:334)
	at Script1557928690388.run(Script1557928690388.groovy:114)
	... 13 more


2019-08-23 08:23:37 - [TEST_STEP][PASSED] - Start listener action : sampleBeforeTestCase: null

2019-08-23 08:23:37 - [TEST_STEP][PASSED] - println(testCaseContext.getTestCaseId()): null

2019-08-23 08:23:37 - [TEST_STEP][PASSED] - println(testCaseContext.getTestCaseVariables()): null

2019-08-23 08:23:37 - [TEST_STEP][PASSED] - openBrowser(""): Browser is opened with url: ''

2019-08-23 08:23:37 - [MESSAGE][WARNING] - A browser is already opened. Closing browser and opening a new one

2019-08-23 08:23:38 - [MESSAGE][INFO] - Starting 'Chrome' driver

2019-08-23 08:23:38 - [MESSAGE][INFO] - User set preference: ['args', '[--use-fake-ui-for-media-stream, --start-maximized]']

2019-08-23 08:23:40 - [MESSAGE][PASSED] - Browser is opened with url: ''

2019-08-23 08:23:40 - [TEST_STEP][PASSED] - addOnStyle = findTestData("miscData").getValue("addOnStyle", 1): null

2019-08-23 08:23:40 - [TEST_STEP][FAILED] - for ([timeRow = 1, timeRow <= findTestData("timezoneData").getRowNumbers(), (timeRow++)]): for ([timeRow = 1, timeRow <= findTestData("timezoneData").getRowNumbers(), (timeRow++)]) FAILED.
Reason:
com.kms.katalon.core.exception.StepFailedException: Call Test Case 'Test Cases/NewArrival/warehouseShipping' failed
	at com.kms.katalon.core.keyword.builtin.CallTestCaseKeyword$_callTestCase_closure1.doCall(CallTestCaseKeyword.groovy:63)
	at com.kms.katalon.core.keyword.builtin.CallTestCaseKeyword$_callTestCase_closure1.call(CallTestCaseKeyword.groovy)
	at com.kms.katalon.core.keyword.internal.KeywordMain.runKeyword(KeywordMain.groovy:66)
	at com.kms.katalon.core.keyword.builtin.CallTestCaseKeyword.callTestCase(CallTestCaseKeyword.groovy:81)
	at com.kms.katalon.core.keyword.builtin.CallTestCaseKeyword.execute(CallTestCaseKeyword.groovy:44)
	at com.kms.katalon.core.keyword.internal.KeywordExecutor.executeKeywordForPlatform(KeywordExecutor.groovy:56)
	at com.kms.katalon.core.keyword.BuiltinKeywords.callTestCase(BuiltinKeywords.groovy:334)
	at addOnOrderPersonal.run(addOnOrderPersonal:114)
	at com.kms.katalon.core.main.ScriptEngine.run(ScriptEngine.java:194)
	at com.kms.katalon.core.main.ScriptEngine.runScriptAsRawText(ScriptEngine.java:119)
	at com.kms.katalon.core.main.TestCaseExecutor.runScript(TestCaseExecutor.java:342)
	at com.kms.katalon.core.main.TestCaseExecutor.doExecute(TestCaseExecutor.java:333)
	at com.kms.katalon.core.main.TestCaseExecutor.processExecutionPhase(TestCaseExecutor.java:312)
	at com.kms.katalon.core.main.TestCaseExecutor.accessMainPhase(TestCaseExecutor.java:304)
	at com.kms.katalon.core.main.TestCaseExecutor.execute(TestCaseExecutor.java:238)
	at com.kms.katalon.core.main.TestSuiteExecutor.accessTestCaseMainPhase(TestSuiteExecutor.java:129)
	at com.kms.katalon.core.main.TestSuiteExecutor.accessTestSuiteMainPhase(TestSuiteExecutor.java:112)
	at com.kms.katalon.core.main.TestSuiteExecutor.execute(TestSuiteExecutor.java:81)
	at com.kms.katalon.core.main.TestCaseMain.startTestSuite(TestCaseMain.java:157)
	at com.kms.katalon.core.main.TestCaseMain$startTestSuite$0.call(Unknown Source)
	at TempTestSuite1566527072754.run(TempTestSuite1566527072754.groovy:35)
Caused by: com.kms.katalon.core.exception.StepFailedException: Unable to click on object 'Object Repository/Cabi warehouse/warehouseLogout'
	at com.kms.katalon.core.webui.keyword.internal.WebUIKeywordMain.stepFailed(WebUIKeywordMain.groovy:64)
	at com.kms.katalon.core.webui.keyword.internal.WebUIKeywordMain.runKeyword(WebUIKeywordMain.groovy:26)
	at com.kms.katalon.core.webui.keyword.builtin.ClickKeyword.click(ClickKeyword.groovy:86)
	at com.kms.katalon.core.webui.keyword.builtin.ClickKeyword.execute(ClickKeyword.groovy:67)
	at com.kms.katalon.core.keyword.internal.KeywordExecutor.executeKeywordForPlatform(KeywordExecutor.groovy:56)
	at com.kms.katalon.core.webui.keyword.WebUiBuiltInKeywords.click(WebUiBuiltInKeywords.groovy:616)
	at com.kms.katalon.core.webui.keyword.WebUiBuiltInKeywords$click$2.call(Unknown Source)
	at warehouseShipping.run(warehouseShipping:78)
	at com.kms.katalon.core.main.ScriptEngine.run(ScriptEngine.java:194)
	at com.kms.katalon.core.main.ScriptEngine.runScriptAsRawText(ScriptEngine.java:119)
	at com.kms.katalon.core.main.TestCaseExecutor.runScript(TestCaseExecutor.java:342)
	at com.kms.katalon.core.main.TestCaseExecutor.doExecute(TestCaseExecutor.java:333)
	at com.kms.katalon.core.main.TestCaseExecutor.processExecutionPhase(TestCaseExecutor.java:312)
	at com.kms.katalon.core.main.TestCaseExecutor.accessMainPhase(TestCaseExecutor.java:304)
	at com.kms.katalon.core.main.TestCaseExecutor.execute(TestCaseExecutor.java:238)
	at com.kms.katalon.core.main.TestCaseMain.runTestCase(TestCaseMain.java:114)
	at com.kms.katalon.core.keyword.builtin.CallTestCaseKeyword$_callTestCase_closure1.doCall(CallTestCaseKeyword.groovy:59)
	... 20 more
Caused by: com.kms.katalon.core.webui.exception.WebElementNotFoundException: Web element with id: 'Object Repository/Cabi warehouse/warehouseLogout' located by 'By.xpath: //*[@id="user-utility"]/li[3]/a' not found
	at com.kms.katalon.core.webui.common.WebUiCommonHelper.findWebElement(WebUiCommonHelper.java:1097)
	at com.kms.katalon.core.webui.keyword.internal.WebUIAbstractKeyword.findWebElement(WebUIAbstractKeyword.groovy:27)
	at com.kms.katalon.core.webui.keyword.internal.WebUIAbstractKeyword.findWebElement(WebUIAbstractKeyword.groovy:26)
	at com.kms.katalon.core.webui.keyword.builtin.ClickKeyword$_click_closure1.doCall(ClickKeyword.groovy:77)
	at com.kms.katalon.core.webui.keyword.builtin.ClickKeyword$_click_closure1.call(ClickKeyword.groovy)
	at com.kms.katalon.core.webui.keyword.internal.WebUIKeywordMain.runKeyword(WebUIKeywordMain.groovy:20)
	at com.kms.katalon.core.webui.keyword.builtin.ClickKeyword.click(ClickKeyword.groovy:86)
	at com.kms.katalon.core.webui.keyword.builtin.ClickKeyword.execute(ClickKeyword.groovy:67)
	at com.kms.katalon.core.keyword.internal.KeywordExecutor.executeKeywordForPlatform(KeywordExecutor.groovy:56)
	at com.kms.katalon.core.webui.keyword.WebUiBuiltInKeywords.click(WebUiBuiltInKeywords.groovy:616)
	at com.kms.katalon.core.webui.keyword.WebUiBuiltInKeywords$click$2.call(Unknown Source)
	at Script1557465123910.run(Script1557465123910.groovy:78)
	at com.kms.katalon.core.main.ScriptEngine.run(ScriptEngine.java:194)
	at com.kms.katalon.core.main.ScriptEngine.runScriptAsRawText(ScriptEngine.java:119)
	at com.kms.katalon.core.main.TestCaseExecutor.runScript(TestCaseExecutor.java:342)
	at com.kms.katalon.core.main.TestCaseExecutor.doExecute(TestCaseExecutor.java:333)
	at com.kms.katalon.core.main.TestCaseExecutor.processExecutionPhase(TestCaseExecutor.java:312)
	at com.kms.katalon.core.main.TestCaseExecutor.accessMainPhase(TestCaseExecutor.java:304)
	at com.kms.katalon.core.main.TestCaseExecutor.execute(TestCaseExecutor.java:238)
	at com.kms.katalon.core.main.TestCaseMain.runTestCase(TestCaseMain.java:114)
	at com.kms.katalon.core.keyword.builtin.CallTestCaseKeyword$_callTestCase_closure1.doCall(CallTestCaseKeyword.groovy:59)
	at com.kms.katalon.core.keyword.builtin.CallTestCaseKeyword$_callTestCase_closure1.call(CallTestCaseKeyword.groovy)
	at com.kms.katalon.core.keyword.internal.KeywordMain.runKeyword(KeywordMain.groovy:66)
	at com.kms.katalon.core.keyword.builtin.CallTestCaseKeyword.callTestCase(CallTestCaseKeyword.groovy:81)
	at com.kms.katalon.core.keyword.builtin.CallTestCaseKeyword.execute(CallTestCaseKeyword.groovy:44)
	at com.kms.katalon.core.keyword.internal.KeywordExecutor.executeKeywordForPlatform(KeywordExecutor.groovy:56)
	at com.kms.katalon.core.keyword.BuiltinKeywords.callTestCase(BuiltinKeywords.groovy:334)
	at Script1557928690388.run(Script1557928690388.groovy:114)
	... 13 more


2019-08-23 08:23:40 - [TEST_STEP][PASSED] - callTestCase(findTestCase("NewArrival/populateTimeGlobalVars"), ["row":timeRow], STOP_ON_FAILURE): Call Test Case 'Test Cases/NewArrival/populateTimeGlobalVars' successfully

2019-08-23 08:23:40 - [TEST_CASE][PASSED] - Test Cases/NewArrival/populateTimeGlobalVars: Test Cases/NewArrival/populateTimeGlobalVars

2019-08-23 08:23:40 - [TEST_STEP][PASSED] - dataFile = "timezoneData": null

2019-08-23 08:23:40 - [TEST_STEP][PASSED] - clockServerTarget = UtilityMethods.getTestData("envtData", "clockServerTarget", 1): null

2019-08-23 08:23:40 - [TEST_STEP][PASSED] - println(clockServerTarget): null

2019-08-23 08:23:40 - [TEST_STEP][PASSED] - orderType = UtilityMethods.getTestData(dataFile, "orderType", row): null

2019-08-23 08:23:40 - [TEST_STEP][PASSED] - timeZone = UtilityMethods.getTestData(dataFile, "timeZone", row): null

2019-08-23 08:23:40 - [TEST_STEP][PASSED] - BOPersonal = UtilityMethods.getTestData(dataFile, "BOPersonal", row): null

2019-08-23 08:23:40 - [TEST_STEP][PASSED] - BOAddonPersonal = UtilityMethods.getTestData(dataFile, "BOAddonPersonal", row): null

2019-08-23 08:23:40 - [TEST_STEP][PASSED] - BOAddonRetail = UtilityMethods.getTestData(dataFile, "BOAddonRetail", row): null

2019-08-23 08:23:40 - [TEST_STEP][PASSED] - BORetail = UtilityMethods.getTestData(dataFile, "BORetail", row): null

2019-08-23 08:23:40 - [TEST_STEP][PASSED] - BOShow = UtilityMethods.getTestData(dataFile, "BOShow", row): null

2019-08-23 08:23:40 - [TEST_STEP][PASSED] - BOOnlineoutlet = UtilityMethods.getTestData(dataFile, "BOOnlineoutlet", row): null

2019-08-23 08:23:40 - [TEST_STEP][PASSED] - BOEmployee = UtilityMethods.getTestData(dataFile, "BOEmployee", row): null

2019-08-23 08:23:40 - [TEST_STEP][PASSED] - CCPersonal = UtilityMethods.getTestData(dataFile, "CCPersonal", row): null

2019-08-23 08:23:40 - [TEST_STEP][PASSED] - CCRetail = UtilityMethods.getTestData(dataFile, "CCRetail", row): null

2019-08-23 08:23:41 - [TEST_STEP][PASSED] - CCShow = UtilityMethods.getTestData(dataFile, "CCShow", row): null

2019-08-23 08:23:41 - [TEST_STEP][PASSED] - BOEblast = UtilityMethods.getTestData(dataFile, "BOEblast", row): null

2019-08-23 08:23:41 - [MESSAGE][PASSED] - Call Test Case 'Test Cases/NewArrival/populateTimeGlobalVars' successfully

2019-08-23 08:23:41 - [TEST_STEP][PASSED] - callTestCase(findTestCase("NewArrival/setTimezone"), ["ofbizURL":"", "ofbizuser":"", "ofbizpass":"", "orderType":orderType, "timeZone":timeZone, "serverTarget":serverTarget, "clockServerTarget":clockServerTarget], STOP_ON_FAILURE): Call Test Case 'Test Cases/NewArrival/setTimezone' successfully

2019-08-23 08:23:41 - [TEST_CASE][PASSED] - Test Cases/NewArrival/setTimezone: Test Cases/NewArrival/setTimezone

2019-08-23 08:23:41 - [TEST_STEP][PASSED] - openBrowser(""): Browser is opened with url: ''

2019-08-23 08:23:41 - [MESSAGE][WARNING] - A browser is already opened. Closing browser and opening a new one

2019-08-23 08:23:41 - [MESSAGE][INFO] - Starting 'Chrome' driver

2019-08-23 08:23:41 - [MESSAGE][INFO] - User set preference: ['args', '[--use-fake-ui-for-media-stream, --start-maximized]']

2019-08-23 08:23:43 - [MESSAGE][PASSED] - Browser is opened with url: ''

2019-08-23 08:23:43 - [TEST_STEP][NOT_RUN] - maximizeWindow(): NOT_RUN: maximizeWindow()

2019-08-23 08:23:43 - [MESSAGE][NOT_RUN] - NOT_RUN: maximizeWindow()

2019-08-23 08:23:43 - [TEST_STEP][PASSED] - ofbizURL = findTestData("envtData").getValue("ofbizURL", 1): null

2019-08-23 08:23:44 - [TEST_STEP][PASSED] - ofbizuser = findTestData("credData").getValue("ofbizuser", 1): null

2019-08-23 08:23:44 - [TEST_STEP][PASSED] - ofbizpass = findTestData("credData").getValue("ofbizpass", 1): null

2019-08-23 08:23:44 - [TEST_STEP][PASSED] - navigateToUrl(ofbizURL): Navigate to 'https://pushofbiz.cliotest.com/login.php' successfully

2019-08-23 08:23:45 - [MESSAGE][PASSED] - Navigate to 'https://pushofbiz.cliotest.com/login.php' successfully

2019-08-23 08:23:45 - [TEST_STEP][PASSED] - setText(findTestObject("Page_/input_Username_username"), ofbizuser): Text 'automation' is set on object 'Object Repository/Page_/input_Username_username'

2019-08-23 08:23:45 - [MESSAGE][PASSED] - Text 'automation' is set on object 'Object Repository/Page_/input_Username_username'

2019-08-23 08:23:45 - [TEST_STEP][PASSED] - setText(findTestObject("Page_/input_Password_password"), ofbizpass): Text 'cabiautomation' is set on object 'Object Repository/Page_/input_Password_password'

2019-08-23 08:23:46 - [MESSAGE][PASSED] - Text 'cabiautomation' is set on object 'Object Repository/Page_/input_Password_password'

2019-08-23 08:23:46 - [TEST_STEP][PASSED] - click(findTestObject("Page_/input_Password_Submit")): Object: 'Object Repository/Page_/input_Password_Submit' is clicked on

2019-08-23 08:23:51 - [MESSAGE][PASSED] - Object: 'Object Repository/Page_/input_Password_Submit' is clicked on

2019-08-23 08:23:51 - [TEST_STEP][PASSED] - click(findTestObject("Object Repository/Page_/a_Clock set")): Object: 'Object Repository/Page_/a_Clock set' is clicked on

2019-08-23 08:23:52 - [MESSAGE][PASSED] - Object: 'Object Repository/Page_/a_Clock set' is clicked on

2019-08-23 08:23:52 - [TEST_STEP][PASSED] - cst = UtilityMethods.createTestObject("select_target", "//select[@name='Target']/option[contains(text(), '", clockServerTarget, "')]"): null

2019-08-23 08:23:52 - [TEST_STEP][PASSED] - println(clockServerTarget): null

2019-08-23 08:23:52 - [TEST_STEP][PASSED] - click(cst): Object: 'select_target' is clicked on

2019-08-23 08:23:52 - [MESSAGE][PASSED] - Object: 'select_target' is clicked on

2019-08-23 08:23:52 - [TEST_STEP][PASSED] - click(findTestObject("Page_/thisDateAndTime")): Object: 'Object Repository/Page_/thisDateAndTime' is clicked on

2019-08-23 08:23:52 - [MESSAGE][PASSED] - Object: 'Object Repository/Page_/thisDateAndTime' is clicked on

2019-08-23 08:23:52 - [TEST_STEP][PASSED] - setText(findTestObject("Object Repository/Page_/setTargetTime"), timeZone): Text ' 09/06/2019 7:00' is set on object 'Object Repository/Page_/setTargetTime'

2019-08-23 08:23:52 - [MESSAGE][PASSED] - Text ' 09/06/2019 7:00' is set on object 'Object Repository/Page_/setTargetTime'

2019-08-23 08:23:52 - [TEST_STEP][PASSED] - click(findTestObject("Object Repository/Page_/input")): Object: 'Object Repository/Page_/input' is clicked on

2019-08-23 08:23:53 - [MESSAGE][PASSED] - Object: 'Object Repository/Page_/input' is clicked on

2019-08-23 08:23:53 - [TEST_STEP][PASSED] - delay(10): Delayed 10 second(s)

2019-08-23 08:24:03 - [MESSAGE][PASSED] - Delayed 10 second(s)

2019-08-23 08:24:03 - [TEST_STEP][NOT_RUN] - closeBrowser(): NOT_RUN: closeBrowser()

2019-08-23 08:24:03 - [MESSAGE][NOT_RUN] - NOT_RUN: closeBrowser()

2019-08-23 08:24:03 - [MESSAGE][PASSED] - Call Test Case 'Test Cases/NewArrival/setTimezone' successfully

2019-08-23 08:24:03 - [TEST_STEP][PASSED] - callTestCase(findTestCase("TestCaseUtilities/backOfficeLogin"), ["BOURL":"", "BOuser":"", "BOpass":""], STOP_ON_FAILURE): Call Test Case 'Test Cases/TestCaseUtilities/backOfficeLogin' successfully

2019-08-23 08:24:03 - [TEST_CASE][PASSED] - Test Cases/TestCaseUtilities/backOfficeLogin: Test Cases/TestCaseUtilities/backOfficeLogin

2019-08-23 08:24:03 - [TEST_STEP][PASSED] - BOURL = findTestData("envtData").getValue("BOURL", 1): null

2019-08-23 08:24:04 - [TEST_STEP][PASSED] - BOuser = findTestData("credData").getValue("BOuser", 1): null

2019-08-23 08:24:04 - [TEST_STEP][PASSED] - BOpass = findTestData("credData").getValue("BOpass", 1): null

2019-08-23 08:24:04 - [TEST_STEP][PASSED] - openBrowser(""): Browser is opened with url: ''

2019-08-23 08:24:04 - [MESSAGE][WARNING] - A browser is already opened. Closing browser and opening a new one

2019-08-23 08:24:04 - [MESSAGE][INFO] - Starting 'Chrome' driver

2019-08-23 08:24:04 - [MESSAGE][INFO] - User set preference: ['args', '[--use-fake-ui-for-media-stream, --start-maximized]']

2019-08-23 08:24:06 - [MESSAGE][PASSED] - Browser is opened with url: ''

2019-08-23 08:24:06 - [TEST_STEP][PASSED] - navigateToUrl(BOURL): Navigate to 'https://test4.cliotest.com/backoffice/control/main' successfully

2019-08-23 08:24:13 - [MESSAGE][PASSED] - Navigate to 'https://test4.cliotest.com/backoffice/control/main' successfully

2019-08-23 08:24:13 - [TEST_STEP][PASSED] - logOut = findWebElements(findTestObject("Object Repository/Page_cabi Home/log_out"), 1): Unable to find the element located by 'By.xpath: //a[contains(text(),'Log Out')]'. Please recheck the objects properties to make sure the desired element is located. 

2019-08-23 08:24:14 - [MESSAGE][INFO] - Unable to find the element located by 'By.xpath: //a[contains(text(),'Log Out')]'. Please recheck the objects properties to make sure the desired element is located. 

2019-08-23 08:24:14 - [TEST_STEP][PASSED] - if (logOut.size() == 0): Object: 'Object Repository/Page_cabi/input_Welcome to_consultantLogin' is clicked on

2019-08-23 08:24:14 - [TEST_STEP][PASSED] - setText(findTestObject("Page_cabi/input_Welcome to_USERNAME"), BOuser): Text '400000002' is set on object 'Object Repository/Page_cabi/input_Welcome to_USERNAME'

2019-08-23 08:24:14 - [MESSAGE][PASSED] - Text '400000002' is set on object 'Object Repository/Page_cabi/input_Welcome to_USERNAME'

2019-08-23 08:24:14 - [TEST_STEP][PASSED] - setText(findTestObject("Object Repository/Page_cabi/input_Welcome to_PASSWORD"), BOpass): Text 'blackdress19' is set on object 'Object Repository/Page_cabi/input_Welcome to_PASSWORD'

2019-08-23 08:24:14 - [MESSAGE][PASSED] - Text 'blackdress19' is set on object 'Object Repository/Page_cabi/input_Welcome to_PASSWORD'

2019-08-23 08:24:14 - [TEST_STEP][PASSED] - click(findTestObject("Object Repository/Page_cabi/input_Welcome to_consultantLogin")): Object: 'Object Repository/Page_cabi/input_Welcome to_consultantLogin' is clicked on

2019-08-23 08:24:23 - [MESSAGE][PASSED] - Object: 'Object Repository/Page_cabi/input_Welcome to_consultantLogin' is clicked on

2019-08-23 08:24:23 - [TEST_STEP][PASSED] - delay(3): Delayed 3 second(s)

2019-08-23 08:24:26 - [MESSAGE][PASSED] - Delayed 3 second(s)

2019-08-23 08:24:26 - [MESSAGE][PASSED] - Call Test Case 'Test Cases/TestCaseUtilities/backOfficeLogin' successfully

2019-08-23 08:24:26 - [TEST_STEP][PASSED] - click(findTestObject("Page_cabi Home/a_Shows  Orders")): Object: 'Object Repository/Page_cabi Home/a_Shows  Orders' is clicked on

2019-08-23 08:24:26 - [MESSAGE][PASSED] - Object: 'Object Repository/Page_cabi Home/a_Shows  Orders' is clicked on

2019-08-23 08:24:26 - [TEST_STEP][PASSED] - delay(1): Delayed 1 second(s)

2019-08-23 08:24:27 - [MESSAGE][PASSED] - Delayed 1 second(s)

2019-08-23 08:24:27 - [TEST_STEP][PASSED] - click(findTestObject("Page_cabi Home/a_personal_purchases")): Object: 'Object Repository/Page_cabi Home/a_personal_purchases' is clicked on

2019-08-23 08:24:30 - [MESSAGE][PASSED] - Object: 'Object Repository/Page_cabi Home/a_personal_purchases' is clicked on

2019-08-23 08:24:30 - [TEST_STEP][PASSED] - delay(3): Delayed 3 second(s)

2019-08-23 08:24:33 - [MESSAGE][PASSED] - Delayed 3 second(s)

2019-08-23 08:24:33 - [TEST_STEP][PASSED] - click(findTestObject("Page_cabi Personal Store/span_Continue to Order")): Object: 'Object Repository/Page_cabi Personal Store/span_Continue to Order' is clicked on

2019-08-23 08:24:33 - [MESSAGE][PASSED] - Object: 'Object Repository/Page_cabi Personal Store/span_Continue to Order' is clicked on

2019-08-23 08:24:33 - [TEST_STEP][PASSED] - delay(5): Delayed 5 second(s)

2019-08-23 08:24:38 - [MESSAGE][PASSED] - Delayed 5 second(s)

2019-08-23 08:24:38 - [TEST_STEP][PASSED] - emptyCart = findWebElements(findTestObject("Object Repository/Page_cabi Personal Store/removeFromCart"), 5): Unable to find the element located by 'By.xpath: //*[@id="removeFromCart_0"]/span'. Please recheck the objects properties to make sure the desired element is located. 

2019-08-23 08:24:43 - [MESSAGE][INFO] - Unable to find the element located by 'By.xpath: //*[@id="removeFromCart_0"]/span'. Please recheck the objects properties to make sure the desired element is located. 

2019-08-23 08:24:43 - [TEST_STEP][PASSED] - while (emptyCart.size() > 0): null

2019-08-23 08:24:43 - [TEST_STEP][PASSED] - click(findTestObject("Object Repository/Page_cabi Create Order/input_Manual Discount_stylelookup_0")): Object: 'Object Repository/Page_cabi Create Order/input_Manual Discount_stylelookup_0' is clicked on

2019-08-23 08:24:44 - [MESSAGE][PASSED] - Object: 'Object Repository/Page_cabi Create Order/input_Manual Discount_stylelookup_0' is clicked on

2019-08-23 08:24:44 - [TEST_STEP][PASSED] - setText(findTestObject("Object Repository/Page_cabi Create Order/input_Manual Discount_stylelookup_0"), addOnStyle): Text '3701' is set on object 'Object Repository/Page_cabi Create Order/input_Manual Discount_stylelookup_0'

2019-08-23 08:24:44 - [MESSAGE][PASSED] - Text '3701' is set on object 'Object Repository/Page_cabi Create Order/input_Manual Discount_stylelookup_0'

2019-08-23 08:24:44 - [TEST_STEP][PASSED] - delay(3): Delayed 3 second(s)

2019-08-23 08:24:47 - [MESSAGE][PASSED] - Delayed 3 second(s)

2019-08-23 08:24:47 - [TEST_STEP][PASSED] - prod_message = getText(findTestObject("Page_cabi Create Order/first_option")): Text of object 'Object Repository/Page_cabi Create Order/first_option' is: '3701 Shetland Sweater'

2019-08-23 08:24:47 - [MESSAGE][PASSED] - Text of object 'Object Repository/Page_cabi Create Order/first_option' is: '3701 Shetland Sweater'

2019-08-23 08:24:47 - [TEST_STEP][PASSED] - click(findTestObject("Page_cabi Create Order/first_option")): Object: 'Object Repository/Page_cabi Create Order/first_option' is clicked on

2019-08-23 08:24:47 - [MESSAGE][PASSED] - Object: 'Object Repository/Page_cabi Create Order/first_option' is clicked on

2019-08-23 08:24:47 - [TEST_STEP][PASSED] - delay(5): Delayed 5 second(s)

2019-08-23 08:24:52 - [MESSAGE][PASSED] - Delayed 5 second(s)

2019-08-23 08:24:52 - [TEST_STEP][PASSED] - click(findTestObject("Object Repository/Page_cabi Order Items/selectSize")): Object: 'Object Repository/Page_cabi Order Items/selectSize' is clicked on

2019-08-23 08:24:52 - [MESSAGE][PASSED] - Object: 'Object Repository/Page_cabi Order Items/selectSize' is clicked on

2019-08-23 08:24:52 - [TEST_STEP][PASSED] - click(findTestObject("Object Repository/Page_cabi Order Items/span_Add to Cart")): Object: 'Object Repository/Page_cabi Order Items/span_Add to Cart' is clicked on

2019-08-23 08:24:52 - [MESSAGE][PASSED] - Object: 'Object Repository/Page_cabi Order Items/span_Add to Cart' is clicked on

2019-08-23 08:24:52 - [TEST_STEP][PASSED] - delay(3): Delayed 3 second(s)

2019-08-23 08:24:55 - [MESSAGE][PASSED] - Delayed 3 second(s)

2019-08-23 08:24:55 - [TEST_STEP][PASSED] - click(findTestObject("Object Repository/Page_cabi Order Items/span_Continue to Shipping")): Object: 'Object Repository/Page_cabi Order Items/span_Continue to Shipping' is clicked on

2019-08-23 08:24:58 - [MESSAGE][PASSED] - Object: 'Object Repository/Page_cabi Order Items/span_Continue to Shipping' is clicked on

2019-08-23 08:24:58 - [TEST_STEP][PASSED] - click(findTestObject("Page_cabi Personal Store/nextButtonShipping")): Object: 'Object Repository/Page_cabi Personal Store/nextButtonShipping' is clicked on

2019-08-23 08:24:58 - [MESSAGE][PASSED] - Object: 'Object Repository/Page_cabi Personal Store/nextButtonShipping' is clicked on

2019-08-23 08:24:58 - [TEST_STEP][PASSED] - delay(3): Delayed 3 second(s)

2019-08-23 08:25:01 - [MESSAGE][PASSED] - Delayed 3 second(s)

2019-08-23 08:25:01 - [TEST_STEP][PASSED] - click(findTestObject("Page_cabi Personal Store/makeFirstPayment")): Object: 'Object Repository/Page_cabi Personal Store/makeFirstPayment' is clicked on

2019-08-23 08:25:01 - [MESSAGE][PASSED] - Object: 'Object Repository/Page_cabi Personal Store/makeFirstPayment' is clicked on

2019-08-23 08:25:01 - [TEST_STEP][PASSED] - click(findTestObject("Object Repository/Page_cabi Personal Store/select_ach_payment")): Object: 'Object Repository/Page_cabi Personal Store/select_ach_payment' is clicked on

2019-08-23 08:25:02 - [MESSAGE][PASSED] - Object: 'Object Repository/Page_cabi Personal Store/select_ach_payment' is clicked on

2019-08-23 08:25:02 - [TEST_STEP][PASSED] - click(findTestObject("Page_cabi Personal Store/submitPayment")): Object: 'Object Repository/Page_cabi Personal Store/submitPayment' is clicked on

2019-08-23 08:25:02 - [MESSAGE][PASSED] - Object: 'Object Repository/Page_cabi Personal Store/submitPayment' is clicked on

2019-08-23 08:25:02 - [TEST_STEP][PASSED] - click(findTestObject("Page_cabi Personal Store/submitOrderId")): Object: 'Object Repository/Page_cabi Personal Store/submitOrderId' is clicked on

2019-08-23 08:25:05 - [MESSAGE][PASSED] - Object: 'Object Repository/Page_cabi Personal Store/submitOrderId' is clicked on

2019-08-23 08:25:05 - [TEST_STEP][PASSED] - successMsg = "": null

2019-08-23 08:25:05 - [TEST_STEP][PASSED] - orderSuccess = false: null

2019-08-23 08:25:05 - [TEST_STEP][PASSED] - successMsgs = findWebElements(findTestObject("Object Repository/Page_cabi Personal Store/p_success_msg"), 5): null

2019-08-23 08:25:07 - [TEST_STEP][PASSED] - if (successMsgs.size() > 0): Text of object 'Object Repository/Page_cabi Personal Store/p_order_id' is: 'PR708147329'

2019-08-23 08:25:07 - [TEST_STEP][PASSED] - successMsg = getText(findTestObject("Object Repository/Page_cabi Personal Store/p_success_msg")): Text of object 'Object Repository/Page_cabi Personal Store/p_success_msg' is: 'Order Created Successfully!!
Order #:  PR708147329

CONTINUE SHOPPING'

2019-08-23 08:25:07 - [MESSAGE][PASSED] - Text of object 'Object Repository/Page_cabi Personal Store/p_success_msg' is: 'Order Created Successfully!!
Order #:  PR708147329

CONTINUE SHOPPING'

2019-08-23 08:25:07 - [TEST_STEP][PASSED] - orderSuccess = true: null

2019-08-23 08:25:07 - [TEST_STEP][PASSED] - addOnOrderId = getText(findTestObject("Object Repository/Page_cabi Personal Store/p_order_id")): Text of object 'Object Repository/Page_cabi Personal Store/p_order_id' is: 'PR708147329'

2019-08-23 08:25:07 - [MESSAGE][PASSED] - Text of object 'Object Repository/Page_cabi Personal Store/p_order_id' is: 'PR708147329'

2019-08-23 08:25:07 - [TEST_STEP][PASSED] - assert orderSuccess == true: null

2019-08-23 08:25:07 - [TEST_STEP][FAILED] - callTestCase(findTestCase("NewArrival/warehouseShipping"), ["orderId":addOnOrderId], STOP_ON_FAILURE): for ([timeRow = 1, timeRow <= findTestData("timezoneData").getRowNumbers(), (timeRow++)]) FAILED.
Reason:
com.kms.katalon.core.exception.StepFailedException: Call Test Case 'Test Cases/NewArrival/warehouseShipping' failed
	at com.kms.katalon.core.keyword.builtin.CallTestCaseKeyword$_callTestCase_closure1.doCall(CallTestCaseKeyword.groovy:63)
	at com.kms.katalon.core.keyword.builtin.CallTestCaseKeyword$_callTestCase_closure1.call(CallTestCaseKeyword.groovy)
	at com.kms.katalon.core.keyword.internal.KeywordMain.runKeyword(KeywordMain.groovy:66)
	at com.kms.katalon.core.keyword.builtin.CallTestCaseKeyword.callTestCase(CallTestCaseKeyword.groovy:81)
	at com.kms.katalon.core.keyword.builtin.CallTestCaseKeyword.execute(CallTestCaseKeyword.groovy:44)
	at com.kms.katalon.core.keyword.internal.KeywordExecutor.executeKeywordForPlatform(KeywordExecutor.groovy:56)
	at com.kms.katalon.core.keyword.BuiltinKeywords.callTestCase(BuiltinKeywords.groovy:334)
	at addOnOrderPersonal.run(addOnOrderPersonal:114)
	at com.kms.katalon.core.main.ScriptEngine.run(ScriptEngine.java:194)
	at com.kms.katalon.core.main.ScriptEngine.runScriptAsRawText(ScriptEngine.java:119)
	at com.kms.katalon.core.main.TestCaseExecutor.runScript(TestCaseExecutor.java:342)
	at com.kms.katalon.core.main.TestCaseExecutor.doExecute(TestCaseExecutor.java:333)
	at com.kms.katalon.core.main.TestCaseExecutor.processExecutionPhase(TestCaseExecutor.java:312)
	at com.kms.katalon.core.main.TestCaseExecutor.accessMainPhase(TestCaseExecutor.java:304)
	at com.kms.katalon.core.main.TestCaseExecutor.execute(TestCaseExecutor.java:238)
	at com.kms.katalon.core.main.TestSuiteExecutor.accessTestCaseMainPhase(TestSuiteExecutor.java:129)
	at com.kms.katalon.core.main.TestSuiteExecutor.accessTestSuiteMainPhase(TestSuiteExecutor.java:112)
	at com.kms.katalon.core.main.TestSuiteExecutor.execute(TestSuiteExecutor.java:81)
	at com.kms.katalon.core.main.TestCaseMain.startTestSuite(TestCaseMain.java:157)
	at com.kms.katalon.core.main.TestCaseMain$startTestSuite$0.call(Unknown Source)
	at TempTestSuite1566527072754.run(TempTestSuite1566527072754.groovy:35)
Caused by: com.kms.katalon.core.exception.StepFailedException: Unable to click on object 'Object Repository/Cabi warehouse/warehouseLogout'
	at com.kms.katalon.core.webui.keyword.internal.WebUIKeywordMain.stepFailed(WebUIKeywordMain.groovy:64)
	at com.kms.katalon.core.webui.keyword.internal.WebUIKeywordMain.runKeyword(WebUIKeywordMain.groovy:26)
	at com.kms.katalon.core.webui.keyword.builtin.ClickKeyword.click(ClickKeyword.groovy:86)
	at com.kms.katalon.core.webui.keyword.builtin.ClickKeyword.execute(ClickKeyword.groovy:67)
	at com.kms.katalon.core.keyword.internal.KeywordExecutor.executeKeywordForPlatform(KeywordExecutor.groovy:56)
	at com.kms.katalon.core.webui.keyword.WebUiBuiltInKeywords.click(WebUiBuiltInKeywords.groovy:616)
	at com.kms.katalon.core.webui.keyword.WebUiBuiltInKeywords$click$2.call(Unknown Source)
	at warehouseShipping.run(warehouseShipping:78)
	at com.kms.katalon.core.main.ScriptEngine.run(ScriptEngine.java:194)
	at com.kms.katalon.core.main.ScriptEngine.runScriptAsRawText(ScriptEngine.java:119)
	at com.kms.katalon.core.main.TestCaseExecutor.runScript(TestCaseExecutor.java:342)
	at com.kms.katalon.core.main.TestCaseExecutor.doExecute(TestCaseExecutor.java:333)
	at com.kms.katalon.core.main.TestCaseExecutor.processExecutionPhase(TestCaseExecutor.java:312)
	at com.kms.katalon.core.main.TestCaseExecutor.accessMainPhase(TestCaseExecutor.java:304)
	at com.kms.katalon.core.main.TestCaseExecutor.execute(TestCaseExecutor.java:238)
	at com.kms.katalon.core.main.TestCaseMain.runTestCase(TestCaseMain.java:114)
	at com.kms.katalon.core.keyword.builtin.CallTestCaseKeyword$_callTestCase_closure1.doCall(CallTestCaseKeyword.groovy:59)
	... 20 more
Caused by: com.kms.katalon.core.webui.exception.WebElementNotFoundException: Web element with id: 'Object Repository/Cabi warehouse/warehouseLogout' located by 'By.xpath: //*[@id="user-utility"]/li[3]/a' not found
	at com.kms.katalon.core.webui.common.WebUiCommonHelper.findWebElement(WebUiCommonHelper.java:1097)
	at com.kms.katalon.core.webui.keyword.internal.WebUIAbstractKeyword.findWebElement(WebUIAbstractKeyword.groovy:27)
	at com.kms.katalon.core.webui.keyword.internal.WebUIAbstractKeyword.findWebElement(WebUIAbstractKeyword.groovy:26)
	at com.kms.katalon.core.webui.keyword.builtin.ClickKeyword$_click_closure1.doCall(ClickKeyword.groovy:77)
	at com.kms.katalon.core.webui.keyword.builtin.ClickKeyword$_click_closure1.call(ClickKeyword.groovy)
	at com.kms.katalon.core.webui.keyword.internal.WebUIKeywordMain.runKeyword(WebUIKeywordMain.groovy:20)
	at com.kms.katalon.core.webui.keyword.builtin.ClickKeyword.click(ClickKeyword.groovy:86)
	at com.kms.katalon.core.webui.keyword.builtin.ClickKeyword.execute(ClickKeyword.groovy:67)
	at com.kms.katalon.core.keyword.internal.KeywordExecutor.executeKeywordForPlatform(KeywordExecutor.groovy:56)
	at com.kms.katalon.core.webui.keyword.WebUiBuiltInKeywords.click(WebUiBuiltInKeywords.groovy:616)
	at com.kms.katalon.core.webui.keyword.WebUiBuiltInKeywords$click$2.call(Unknown Source)
	at Script1557465123910.run(Script1557465123910.groovy:78)
	at com.kms.katalon.core.main.ScriptEngine.run(ScriptEngine.java:194)
	at com.kms.katalon.core.main.ScriptEngine.runScriptAsRawText(ScriptEngine.java:119)
	at com.kms.katalon.core.main.TestCaseExecutor.runScript(TestCaseExecutor.java:342)
	at com.kms.katalon.core.main.TestCaseExecutor.doExecute(TestCaseExecutor.java:333)
	at com.kms.katalon.core.main.TestCaseExecutor.processExecutionPhase(TestCaseExecutor.java:312)
	at com.kms.katalon.core.main.TestCaseExecutor.accessMainPhase(TestCaseExecutor.java:304)
	at com.kms.katalon.core.main.TestCaseExecutor.execute(TestCaseExecutor.java:238)
	at com.kms.katalon.core.main.TestCaseMain.runTestCase(TestCaseMain.java:114)
	at com.kms.katalon.core.keyword.builtin.CallTestCaseKeyword$_callTestCase_closure1.doCall(CallTestCaseKeyword.groovy:59)
	at com.kms.katalon.core.keyword.builtin.CallTestCaseKeyword$_callTestCase_closure1.call(CallTestCaseKeyword.groovy)
	at com.kms.katalon.core.keyword.internal.KeywordMain.runKeyword(KeywordMain.groovy:66)
	at com.kms.katalon.core.keyword.builtin.CallTestCaseKeyword.callTestCase(CallTestCaseKeyword.groovy:81)
	at com.kms.katalon.core.keyword.builtin.CallTestCaseKeyword.execute(CallTestCaseKeyword.groovy:44)
	at com.kms.katalon.core.keyword.internal.KeywordExecutor.executeKeywordForPlatform(KeywordExecutor.groovy:56)
	at com.kms.katalon.core.keyword.BuiltinKeywords.callTestCase(BuiltinKeywords.groovy:334)
	at Script1557928690388.run(Script1557928690388.groovy:114)
	... 13 more


2019-08-23 08:25:07 - [TEST_CASE][FAILED] - Test Cases/NewArrival/warehouseShipping: Test Cases/NewArrival/warehouseShipping FAILED.
Reason:
com.kms.katalon.core.exception.StepFailedException: Unable to click on object 'Object Repository/Cabi warehouse/warehouseLogout'
	at com.kms.katalon.core.webui.keyword.internal.WebUIKeywordMain.stepFailed(WebUIKeywordMain.groovy:64)
	at com.kms.katalon.core.webui.keyword.internal.WebUIKeywordMain.runKeyword(WebUIKeywordMain.groovy:26)
	at com.kms.katalon.core.webui.keyword.builtin.ClickKeyword.click(ClickKeyword.groovy:86)
	at com.kms.katalon.core.webui.keyword.builtin.ClickKeyword.execute(ClickKeyword.groovy:67)
	at com.kms.katalon.core.keyword.internal.KeywordExecutor.executeKeywordForPlatform(KeywordExecutor.groovy:56)
	at com.kms.katalon.core.webui.keyword.WebUiBuiltInKeywords.click(WebUiBuiltInKeywords.groovy:616)
	at com.kms.katalon.core.webui.keyword.WebUiBuiltInKeywords$click$2.call(Unknown Source)
	at warehouseShipping.run(warehouseShipping:78)
	at com.kms.katalon.core.main.ScriptEngine.run(ScriptEngine.java:194)
	at com.kms.katalon.core.main.ScriptEngine.runScriptAsRawText(ScriptEngine.java:119)
	at com.kms.katalon.core.main.TestCaseExecutor.runScript(TestCaseExecutor.java:342)
	at com.kms.katalon.core.main.TestCaseExecutor.doExecute(TestCaseExecutor.java:333)
	at com.kms.katalon.core.main.TestCaseExecutor.processExecutionPhase(TestCaseExecutor.java:312)
	at com.kms.katalon.core.main.TestCaseExecutor.accessMainPhase(TestCaseExecutor.java:304)
	at com.kms.katalon.core.main.TestCaseExecutor.execute(TestCaseExecutor.java:238)
	at com.kms.katalon.core.main.TestCaseMain.runTestCase(TestCaseMain.java:114)
	at com.kms.katalon.core.keyword.builtin.CallTestCaseKeyword$_callTestCase_closure1.doCall(CallTestCaseKeyword.groovy:59)
	at com.kms.katalon.core.keyword.builtin.CallTestCaseKeyword$_callTestCase_closure1.call(CallTestCaseKeyword.groovy)
	at com.kms.katalon.core.keyword.internal.KeywordMain.runKeyword(KeywordMain.groovy:66)
	at com.kms.katalon.core.keyword.builtin.CallTestCaseKeyword.callTestCase(CallTestCaseKeyword.groovy:81)
	at com.kms.katalon.core.keyword.builtin.CallTestCaseKeyword.execute(CallTestCaseKeyword.groovy:44)
	at com.kms.katalon.core.keyword.internal.KeywordExecutor.executeKeywordForPlatform(KeywordExecutor.groovy:56)
	at com.kms.katalon.core.keyword.BuiltinKeywords.callTestCase(BuiltinKeywords.groovy:334)
	at addOnOrderPersonal.run(addOnOrderPersonal:114)
	at com.kms.katalon.core.main.ScriptEngine.run(ScriptEngine.java:194)
	at com.kms.katalon.core.main.ScriptEngine.runScriptAsRawText(ScriptEngine.java:119)
	at com.kms.katalon.core.main.TestCaseExecutor.runScript(TestCaseExecutor.java:342)
	at com.kms.katalon.core.main.TestCaseExecutor.doExecute(TestCaseExecutor.java:333)
	at com.kms.katalon.core.main.TestCaseExecutor.processExecutionPhase(TestCaseExecutor.java:312)
	at com.kms.katalon.core.main.TestCaseExecutor.accessMainPhase(TestCaseExecutor.java:304)
	at com.kms.katalon.core.main.TestCaseExecutor.execute(TestCaseExecutor.java:238)
	at com.kms.katalon.core.main.TestSuiteExecutor.accessTestCaseMainPhase(TestSuiteExecutor.java:129)
	at com.kms.katalon.core.main.TestSuiteExecutor.accessTestSuiteMainPhase(TestSuiteExecutor.java:112)
	at com.kms.katalon.core.main.TestSuiteExecutor.execute(TestSuiteExecutor.java:81)
	at com.kms.katalon.core.main.TestCaseMain.startTestSuite(TestCaseMain.java:157)
	at com.kms.katalon.core.main.TestCaseMain$startTestSuite$0.call(Unknown Source)
	at TempTestSuite1566527072754.run(TempTestSuite1566527072754.groovy:35)
Caused by: com.kms.katalon.core.webui.exception.WebElementNotFoundException: Web element with id: 'Object Repository/Cabi warehouse/warehouseLogout' located by 'By.xpath: //*[@id="user-utility"]/li[3]/a' not found
	at com.kms.katalon.core.webui.common.WebUiCommonHelper.findWebElement(WebUiCommonHelper.java:1097)
	at com.kms.katalon.core.webui.keyword.internal.WebUIAbstractKeyword.findWebElement(WebUIAbstractKeyword.groovy:27)
	at com.kms.katalon.core.webui.keyword.internal.WebUIAbstractKeyword.findWebElement(WebUIAbstractKeyword.groovy:26)
	at com.kms.katalon.core.webui.keyword.builtin.ClickKeyword$_click_closure1.doCall(ClickKeyword.groovy:77)
	at com.kms.katalon.core.webui.keyword.builtin.ClickKeyword$_click_closure1.call(ClickKeyword.groovy)
	at com.kms.katalon.core.webui.keyword.internal.WebUIKeywordMain.runKeyword(WebUIKeywordMain.groovy:20)
	at com.kms.katalon.core.webui.keyword.builtin.ClickKeyword.click(ClickKeyword.groovy:86)
	at com.kms.katalon.core.webui.keyword.builtin.ClickKeyword.execute(ClickKeyword.groovy:67)
	at com.kms.katalon.core.keyword.internal.KeywordExecutor.executeKeywordForPlatform(KeywordExecutor.groovy:56)
	at com.kms.katalon.core.webui.keyword.WebUiBuiltInKeywords.click(WebUiBuiltInKeywords.groovy:616)
	at com.kms.katalon.core.webui.keyword.WebUiBuiltInKeywords$click$2.call(Unknown Source)
	at Script1557465123910.run(Script1557465123910.groovy:78)
	at com.kms.katalon.core.main.ScriptEngine.run(ScriptEngine.java:194)
	at com.kms.katalon.core.main.ScriptEngine.runScriptAsRawText(ScriptEngine.java:119)
	at com.kms.katalon.core.main.TestCaseExecutor.runScript(TestCaseExecutor.java:342)
	at com.kms.katalon.core.main.TestCaseExecutor.doExecute(TestCaseExecutor.java:333)
	at com.kms.katalon.core.main.TestCaseExecutor.processExecutionPhase(TestCaseExecutor.java:312)
	at com.kms.katalon.core.main.TestCaseExecutor.accessMainPhase(TestCaseExecutor.java:304)
	at com.kms.katalon.core.main.TestCaseExecutor.execute(TestCaseExecutor.java:238)
	at com.kms.katalon.core.main.TestCaseMain.runTestCase(TestCaseMain.java:114)
	at com.kms.katalon.core.keyword.builtin.CallTestCaseKeyword$_callTestCase_closure1.doCall(CallTestCaseKeyword.groovy:59)
	at com.kms.katalon.core.keyword.builtin.CallTestCaseKeyword$_callTestCase_closure1.call(CallTestCaseKeyword.groovy)
	at com.kms.katalon.core.keyword.internal.KeywordMain.runKeyword(KeywordMain.groovy:66)
	at com.kms.katalon.core.keyword.builtin.CallTestCaseKeyword.callTestCase(CallTestCaseKeyword.groovy:81)
	at com.kms.katalon.core.keyword.builtin.CallTestCaseKeyword.execute(CallTestCaseKeyword.groovy:44)
	at com.kms.katalon.core.keyword.internal.KeywordExecutor.executeKeywordForPlatform(KeywordExecutor.groovy:56)
	at com.kms.katalon.core.keyword.BuiltinKeywords.callTestCase(BuiltinKeywords.groovy:334)
	at Script1557928690388.run(Script1557928690388.groovy:114)
	... 13 more


2019-08-23 08:25:07 - [TEST_STEP][PASSED] - callTestCase(findTestCase("TestCaseUtilities/cabiWarehouseLogin"), ["CWURL":"", "CWuser":"", "CWpass":""], STOP_ON_FAILURE): Call Test Case 'Test Cases/TestCaseUtilities/cabiWarehouseLogin' successfully

2019-08-23 08:25:07 - [TEST_CASE][PASSED] - Test Cases/TestCaseUtilities/cabiWarehouseLogin: Test Cases/TestCaseUtilities/cabiWarehouseLogin

2019-08-23 08:25:08 - [TEST_STEP][PASSED] - CWURL = findTestData("envtData").getValue("CWURL", 1): null

2019-08-23 08:25:08 - [TEST_STEP][PASSED] - CWuser = findTestData("credData").getValue("CWuser", 1): null

2019-08-23 08:25:08 - [TEST_STEP][PASSED] - CWpass = findTestData("credData").getValue("CWpass", 1): null

2019-08-23 08:25:08 - [TEST_STEP][PASSED] - openBrowser(""): Browser is opened with url: ''

2019-08-23 08:25:08 - [MESSAGE][WARNING] - A browser is already opened. Closing browser and opening a new one

2019-08-23 08:25:09 - [MESSAGE][INFO] - Starting 'Chrome' driver

2019-08-23 08:25:09 - [MESSAGE][INFO] - User set preference: ['args', '[--use-fake-ui-for-media-stream, --start-maximized]']

2019-08-23 08:25:11 - [MESSAGE][PASSED] - Browser is opened with url: ''

2019-08-23 08:25:11 - [TEST_STEP][PASSED] - navigateToUrl(CWURL): Navigate to 'https://test4.cliotest.com/warehouse/control/main' successfully

2019-08-23 08:25:18 - [MESSAGE][PASSED] - Navigate to 'https://test4.cliotest.com/warehouse/control/main' successfully

2019-08-23 08:25:18 - [TEST_STEP][PASSED] - logOut = findWebElements(findTestObject("Object Repository/Cabi warehouse/Page_cabi_home/log_out"), 1): Unable to find the element located by 'By.xpath: //li/a[contains(text(), 'Log Out »')]'. Please recheck the objects properties to make sure the desired element is located. 

2019-08-23 08:25:19 - [MESSAGE][INFO] - Unable to find the element located by 'By.xpath: //li/a[contains(text(), 'Log Out »')]'. Please recheck the objects properties to make sure the desired element is located. 

2019-08-23 08:25:19 - [TEST_STEP][PASSED] - if (logOut.size() == 0): Object: 'Object Repository/Cabi warehouse/Page_cabi/input_Password_section-btn btn-stl-pk rFloat' is clicked on

2019-08-23 08:25:19 - [TEST_STEP][PASSED] - setText(findTestObject("Object Repository/Cabi warehouse/Page_cabi/input_Username_USERNAME"), CWuser): Text 'rsuarez' is set on object 'Object Repository/Cabi warehouse/Page_cabi/input_Username_USERNAME'

2019-08-23 08:25:19 - [MESSAGE][PASSED] - Text 'rsuarez' is set on object 'Object Repository/Cabi warehouse/Page_cabi/input_Username_USERNAME'

2019-08-23 08:25:19 - [TEST_STEP][PASSED] - setText(findTestObject("Object Repository/Cabi warehouse/Page_cabi/input_Password_PASSWORD"), CWpass): Text 'blackdress19' is set on object 'Object Repository/Cabi warehouse/Page_cabi/input_Password_PASSWORD'

2019-08-23 08:25:19 - [MESSAGE][PASSED] - Text 'blackdress19' is set on object 'Object Repository/Cabi warehouse/Page_cabi/input_Password_PASSWORD'

2019-08-23 08:25:19 - [TEST_STEP][PASSED] - click(findTestObject("Object Repository/Cabi warehouse/Page_cabi/input_Password_section-btn btn-stl-pk rFloat")): Object: 'Object Repository/Cabi warehouse/Page_cabi/input_Password_section-btn btn-stl-pk rFloat' is clicked on

2019-08-23 08:25:23 - [MESSAGE][PASSED] - Object: 'Object Repository/Cabi warehouse/Page_cabi/input_Password_section-btn btn-stl-pk rFloat' is clicked on

2019-08-23 08:25:23 - [TEST_STEP][PASSED] - delay(3): Delayed 3 second(s)

2019-08-23 08:25:26 - [MESSAGE][PASSED] - Delayed 3 second(s)

2019-08-23 08:25:26 - [MESSAGE][PASSED] - Call Test Case 'Test Cases/TestCaseUtilities/cabiWarehouseLogin' successfully

2019-08-23 08:25:26 - [TEST_STEP][PASSED] - click(findTestObject("Page_cabi Manage PickLists/a_Create PickLists")): Object: 'Object Repository/Page_cabi Manage PickLists/a_Create PickLists' is clicked on

2019-08-23 08:25:27 - [MESSAGE][PASSED] - Object: 'Object Repository/Page_cabi Manage PickLists/a_Create PickLists' is clicked on

2019-08-23 08:25:27 - [TEST_STEP][PASSED] - delay(2): Delayed 2 second(s)

2019-08-23 08:25:29 - [MESSAGE][PASSED] - Delayed 2 second(s)

2019-08-23 08:25:29 - [TEST_STEP][PASSED] - click(findTestObject("Object Repository/findOrders/Page_cabi Find Orders/Page_cabi SampleLine Shipment Screen/a_Single Order")): Object: 'Object Repository/findOrders/Page_cabi Find Orders/Page_cabi SampleLine Shipment Screen/a_Single Order' is clicked on

2019-08-23 08:25:30 - [MESSAGE][PASSED] - Object: 'Object Repository/findOrders/Page_cabi Find Orders/Page_cabi SampleLine Shipment Screen/a_Single Order' is clicked on

2019-08-23 08:25:30 - [TEST_STEP][PASSED] - setText(findTestObject("Page_cabi Create Single Order PickList/input_Order Id_orderId"), orderId): Text 'PR708147329' is set on object 'Object Repository/Page_cabi Create Single Order PickList/input_Order Id_orderId'

2019-08-23 08:25:30 - [MESSAGE][PASSED] - Text 'PR708147329' is set on object 'Object Repository/Page_cabi Create Single Order PickList/input_Order Id_orderId'

2019-08-23 08:25:30 - [TEST_STEP][PASSED] - click(findTestObject("Page_cabi Create Single Order PickList/input_Create even if fully backordered_submitButton")): Object: 'Object Repository/Page_cabi Create Single Order PickList/input_Create even if fully backordered_submitButton' is clicked on

2019-08-23 08:25:32 - [MESSAGE][PASSED] - Object: 'Object Repository/Page_cabi Create Single Order PickList/input_Create even if fully backordered_submitButton' is clicked on

2019-08-23 08:25:32 - [TEST_STEP][PASSED] - delay(2): Delayed 2 second(s)

2019-08-23 08:25:34 - [MESSAGE][PASSED] - Delayed 2 second(s)

2019-08-23 08:25:34 - [TEST_STEP][PASSED] - pickListCreated = findWebElements(findTestObject("Cabi warehouse/picklistCreatedMessage"), 5): null

2019-08-23 08:25:34 - [TEST_STEP][PASSED] - if (pickListCreated.size() == 0): null

2019-08-23 08:25:34 - [TEST_STEP][PASSED] - picklistCreatedMessage = UtilityMethods.concat("Picklist for order: [", orderId, "] has been created successfully."): null

2019-08-23 08:25:34 - [TEST_STEP][PASSED] - verifyElementText(findTestObject("Cabi warehouse/picklistCreatedMessage"), picklistCreatedMessage): Actual text and expected text of test object 'Object Repository/Cabi warehouse/picklistCreatedMessage' are matched.

2019-08-23 08:25:34 - [MESSAGE][PASSED] - Actual text and expected text of test object 'Object Repository/Cabi warehouse/picklistCreatedMessage' are matched.

2019-08-23 08:25:34 - [TEST_STEP][PASSED] - click(findTestObject("Page_cabi Create Single Order PickList/a_Manage PickLists")): Object: 'Object Repository/Page_cabi Create Single Order PickList/a_Manage PickLists' is clicked on

2019-08-23 08:25:35 - [MESSAGE][PASSED] - Object: 'Object Repository/Page_cabi Create Single Order PickList/a_Manage PickLists' is clicked on

2019-08-23 08:25:35 - [TEST_STEP][PASSED] - delay(2): Delayed 2 second(s)

2019-08-23 08:25:37 - [MESSAGE][PASSED] - Delayed 2 second(s)

2019-08-23 08:25:37 - [TEST_STEP][PASSED] - setText(findTestObject("Page_cabi Manage PickLists/input_Order _orderId"), orderId): Text 'PR708147329' is set on object 'Object Repository/Page_cabi Manage PickLists/input_Order _orderId'

2019-08-23 08:25:38 - [MESSAGE][PASSED] - Text 'PR708147329' is set on object 'Object Repository/Page_cabi Manage PickLists/input_Order _orderId'

2019-08-23 08:25:38 - [TEST_STEP][PASSED] - click(findTestObject("Page_cabi Manage PickLists/input")): Object: 'Object Repository/Page_cabi Manage PickLists/input' is clicked on

2019-08-23 08:25:39 - [MESSAGE][PASSED] - Object: 'Object Repository/Page_cabi Manage PickLists/input' is clicked on

2019-08-23 08:25:39 - [TEST_STEP][PASSED] - delay(3): Delayed 3 second(s)

2019-08-23 08:25:42 - [MESSAGE][PASSED] - Delayed 3 second(s)

2019-08-23 08:25:42 - [TEST_STEP][PASSED] - click(findTestObject("Page_cabi Manage PickLists/td_104238610")): Object: 'Object Repository/Page_cabi Manage PickLists/td_104238610' is clicked on

2019-08-23 08:25:42 - [MESSAGE][PASSED] - Object: 'Object Repository/Page_cabi Manage PickLists/td_104238610' is clicked on

2019-08-23 08:25:42 - [TEST_STEP][PASSED] - delay(2): Delayed 2 second(s)

2019-08-23 08:25:44 - [MESSAGE][PASSED] - Delayed 2 second(s)

2019-08-23 08:25:44 - [TEST_STEP][PASSED] - picklistId = getText(findTestObject("Page_cabi Manage PickLists/td_104238610")): Text of object 'Object Repository/Page_cabi Manage PickLists/td_104238610' is: '104363211'

2019-08-23 08:25:44 - [MESSAGE][PASSED] - Text of object 'Object Repository/Page_cabi Manage PickLists/td_104238610' is: '104363211'

2019-08-23 08:25:44 - [TEST_STEP][PASSED] - click(findTestObject("Page_cabi Manage PickLists/a_Packing")): Object: 'Object Repository/Page_cabi Manage PickLists/a_Packing' is clicked on

2019-08-23 08:25:46 - [MESSAGE][PASSED] - Object: 'Object Repository/Page_cabi Manage PickLists/a_Packing' is clicked on

2019-08-23 08:25:46 - [TEST_STEP][PASSED] - setText(findTestObject("Page_cabi Pack Init/input_Pack Station_packStationId"), "30"): Text '30' is set on object 'Object Repository/Page_cabi Pack Init/input_Pack Station_packStationId'

2019-08-23 08:25:46 - [MESSAGE][PASSED] - Text '30' is set on object 'Object Repository/Page_cabi Pack Init/input_Pack Station_packStationId'

2019-08-23 08:25:46 - [TEST_STEP][PASSED] - click(findTestObject("Page_cabi Pack Init/input_Pack Station_submitButton")): Object: 'Object Repository/Page_cabi Pack Init/input_Pack Station_submitButton' is clicked on

2019-08-23 08:25:47 - [MESSAGE][PASSED] - Object: 'Object Repository/Page_cabi Pack Init/input_Pack Station_submitButton' is clicked on

2019-08-23 08:25:47 - [TEST_STEP][PASSED] - delay(2): Delayed 2 second(s)

2019-08-23 08:25:49 - [MESSAGE][PASSED] - Delayed 2 second(s)

2019-08-23 08:25:49 - [TEST_STEP][PASSED] - setText(findTestObject("Page_cabi Pack Init/input_Picklist ID_pickId"), picklistId): Text '104363211' is set on object 'Object Repository/Page_cabi Pack Init/input_Picklist ID_pickId'

2019-08-23 08:25:49 - [MESSAGE][PASSED] - Text '104363211' is set on object 'Object Repository/Page_cabi Pack Init/input_Picklist ID_pickId'

2019-08-23 08:25:49 - [TEST_STEP][PASSED] - click(findTestObject("Page_cabi Pack Init/input_Picklist ID_submitButton")): Object: 'Object Repository/Page_cabi Pack Init/input_Picklist ID_submitButton' is clicked on

2019-08-23 08:25:51 - [MESSAGE][PASSED] - Object: 'Object Repository/Page_cabi Pack Init/input_Picklist ID_submitButton' is clicked on

2019-08-23 08:25:51 - [TEST_STEP][PASSED] - delay(2): Delayed 2 second(s)

2019-08-23 08:25:53 - [MESSAGE][PASSED] - Delayed 2 second(s)

2019-08-23 08:25:53 - [TEST_STEP][PASSED] - click(findTestObject("Page_cabi General Pack/input_Cream Of Wheat_button addItemForVerification")): Object: 'Object Repository/Page_cabi General Pack/input_Cream Of Wheat_button addItemForVerification' is clicked on

2019-08-23 08:25:53 - [MESSAGE][PASSED] - Object: 'Object Repository/Page_cabi General Pack/input_Cream Of Wheat_button addItemForVerification' is clicked on

2019-08-23 08:25:53 - [TEST_STEP][PASSED] - delay(2): Delayed 2 second(s)

2019-08-23 08:25:55 - [MESSAGE][PASSED] - Delayed 2 second(s)

2019-08-23 08:25:55 - [TEST_STEP][PASSED] - click(findTestObject("Page_cabi General Pack/input_Pack Station  30_shipConfirmBtn")): Object: 'Object Repository/Page_cabi General Pack/input_Pack Station  30_shipConfirmBtn' is clicked on

2019-08-23 08:25:57 - [MESSAGE][PASSED] - Object: 'Object Repository/Page_cabi General Pack/input_Pack Station  30_shipConfirmBtn' is clicked on

2019-08-23 08:25:57 - [TEST_STEP][PASSED] - delay(3): Delayed 3 second(s)

2019-08-23 08:26:00 - [MESSAGE][PASSED] - Delayed 3 second(s)

2019-08-23 08:26:00 - [TEST_STEP][PASSED] - itemsNotpacked = findWebElements(findTestObject("Cabi warehouse/itemsNotPacked"), 5): null

2019-08-23 08:26:00 - [TEST_STEP][PASSED] - if (itemsNotpacked.size() > 0): Object: 'Object Repository/Cabi warehouse/completeAnywayButton' is clicked on

2019-08-23 08:26:00 - [TEST_STEP][PASSED] - click(findTestObject("Cabi warehouse/completeAnywayButton")): Object: 'Object Repository/Cabi warehouse/completeAnywayButton' is clicked on

2019-08-23 08:26:01 - [MESSAGE][PASSED] - Object: 'Object Repository/Cabi warehouse/completeAnywayButton' is clicked on

2019-08-23 08:26:01 - [TEST_STEP][FAILED] - click(findTestObject("Cabi warehouse/warehouseLogout")): click(findTestObject("Cabi warehouse/warehouseLogout")) FAILED.
Reason:
com.kms.katalon.core.exception.StepFailedException: Unable to click on object 'Object Repository/Cabi warehouse/warehouseLogout'
	at com.kms.katalon.core.webui.keyword.internal.WebUIKeywordMain.stepFailed(WebUIKeywordMain.groovy:64)
	at com.kms.katalon.core.webui.keyword.internal.WebUIKeywordMain.runKeyword(WebUIKeywordMain.groovy:26)
	at com.kms.katalon.core.webui.keyword.builtin.ClickKeyword.click(ClickKeyword.groovy:86)
	at com.kms.katalon.core.webui.keyword.builtin.ClickKeyword.execute(ClickKeyword.groovy:67)
	at com.kms.katalon.core.keyword.internal.KeywordExecutor.executeKeywordForPlatform(KeywordExecutor.groovy:56)
	at com.kms.katalon.core.webui.keyword.WebUiBuiltInKeywords.click(WebUiBuiltInKeywords.groovy:616)
	at com.kms.katalon.core.webui.keyword.WebUiBuiltInKeywords$click$2.call(Unknown Source)
	at warehouseShipping.run(warehouseShipping:78)
	at com.kms.katalon.core.main.ScriptEngine.run(ScriptEngine.java:194)
	at com.kms.katalon.core.main.ScriptEngine.runScriptAsRawText(ScriptEngine.java:119)
	at com.kms.katalon.core.main.TestCaseExecutor.runScript(TestCaseExecutor.java:342)
	at com.kms.katalon.core.main.TestCaseExecutor.doExecute(TestCaseExecutor.java:333)
	at com.kms.katalon.core.main.TestCaseExecutor.processExecutionPhase(TestCaseExecutor.java:312)
	at com.kms.katalon.core.main.TestCaseExecutor.accessMainPhase(TestCaseExecutor.java:304)
	at com.kms.katalon.core.main.TestCaseExecutor.execute(TestCaseExecutor.java:238)
	at com.kms.katalon.core.main.TestCaseMain.runTestCase(TestCaseMain.java:114)
	at com.kms.katalon.core.keyword.builtin.CallTestCaseKeyword$_callTestCase_closure1.doCall(CallTestCaseKeyword.groovy:59)
	at com.kms.katalon.core.keyword.builtin.CallTestCaseKeyword$_callTestCase_closure1.call(CallTestCaseKeyword.groovy)
	at com.kms.katalon.core.keyword.internal.KeywordMain.runKeyword(KeywordMain.groovy:66)
	at com.kms.katalon.core.keyword.builtin.CallTestCaseKeyword.callTestCase(CallTestCaseKeyword.groovy:81)
	at com.kms.katalon.core.keyword.builtin.CallTestCaseKeyword.execute(CallTestCaseKeyword.groovy:44)
	at com.kms.katalon.core.keyword.internal.KeywordExecutor.executeKeywordForPlatform(KeywordExecutor.groovy:56)
	at com.kms.katalon.core.keyword.BuiltinKeywords.callTestCase(BuiltinKeywords.groovy:334)
	at addOnOrderPersonal.run(addOnOrderPersonal:114)
	at com.kms.katalon.core.main.ScriptEngine.run(ScriptEngine.java:194)
	at com.kms.katalon.core.main.ScriptEngine.runScriptAsRawText(ScriptEngine.java:119)
	at com.kms.katalon.core.main.TestCaseExecutor.runScript(TestCaseExecutor.java:342)
	at com.kms.katalon.core.main.TestCaseExecutor.doExecute(TestCaseExecutor.java:333)
	at com.kms.katalon.core.main.TestCaseExecutor.processExecutionPhase(TestCaseExecutor.java:312)
	at com.kms.katalon.core.main.TestCaseExecutor.accessMainPhase(TestCaseExecutor.java:304)
	at com.kms.katalon.core.main.TestCaseExecutor.execute(TestCaseExecutor.java:238)
	at com.kms.katalon.core.main.TestSuiteExecutor.accessTestCaseMainPhase(TestSuiteExecutor.java:129)
	at com.kms.katalon.core.main.TestSuiteExecutor.accessTestSuiteMainPhase(TestSuiteExecutor.java:112)
	at com.kms.katalon.core.main.TestSuiteExecutor.execute(TestSuiteExecutor.java:81)
	at com.kms.katalon.core.main.TestCaseMain.startTestSuite(TestCaseMain.java:157)
	at com.kms.katalon.core.main.TestCaseMain$startTestSuite$0.call(Unknown Source)
	at TempTestSuite1566527072754.run(TempTestSuite1566527072754.groovy:35)
Caused by: com.kms.katalon.core.webui.exception.WebElementNotFoundException: Web element with id: 'Object Repository/Cabi warehouse/warehouseLogout' located by 'By.xpath: //*[@id="user-utility"]/li[3]/a' not found
	at com.kms.katalon.core.webui.common.WebUiCommonHelper.findWebElement(WebUiCommonHelper.java:1097)
	at com.kms.katalon.core.webui.keyword.internal.WebUIAbstractKeyword.findWebElement(WebUIAbstractKeyword.groovy:27)
	at com.kms.katalon.core.webui.keyword.internal.WebUIAbstractKeyword.findWebElement(WebUIAbstractKeyword.groovy:26)
	at com.kms.katalon.core.webui.keyword.builtin.ClickKeyword$_click_closure1.doCall(ClickKeyword.groovy:77)
	at com.kms.katalon.core.webui.keyword.builtin.ClickKeyword$_click_closure1.call(ClickKeyword.groovy)
	at com.kms.katalon.core.webui.keyword.internal.WebUIKeywordMain.runKeyword(WebUIKeywordMain.groovy:20)
	at com.kms.katalon.core.webui.keyword.builtin.ClickKeyword.click(ClickKeyword.groovy:86)
	at com.kms.katalon.core.webui.keyword.builtin.ClickKeyword.execute(ClickKeyword.groovy:67)
	at com.kms.katalon.core.keyword.internal.KeywordExecutor.executeKeywordForPlatform(KeywordExecutor.groovy:56)
	at com.kms.katalon.core.webui.keyword.WebUiBuiltInKeywords.click(WebUiBuiltInKeywords.groovy:616)
	at com.kms.katalon.core.webui.keyword.WebUiBuiltInKeywords$click$2.call(Unknown Source)
	at Script1557465123910.run(Script1557465123910.groovy:78)
	at com.kms.katalon.core.main.ScriptEngine.run(ScriptEngine.java:194)
	at com.kms.katalon.core.main.ScriptEngine.runScriptAsRawText(ScriptEngine.java:119)
	at com.kms.katalon.core.main.TestCaseExecutor.runScript(TestCaseExecutor.java:342)
	at com.kms.katalon.core.main.TestCaseExecutor.doExecute(TestCaseExecutor.java:333)
	at com.kms.katalon.core.main.TestCaseExecutor.processExecutionPhase(TestCaseExecutor.java:312)
	at com.kms.katalon.core.main.TestCaseExecutor.accessMainPhase(TestCaseExecutor.java:304)
	at com.kms.katalon.core.main.TestCaseExecutor.execute(TestCaseExecutor.java:238)
	at com.kms.katalon.core.main.TestCaseMain.runTestCase(TestCaseMain.java:114)
	at com.kms.katalon.core.keyword.builtin.CallTestCaseKeyword$_callTestCase_closure1.doCall(CallTestCaseKeyword.groovy:59)
	at com.kms.katalon.core.keyword.builtin.CallTestCaseKeyword$_callTestCase_closure1.call(CallTestCaseKeyword.groovy)
	at com.kms.katalon.core.keyword.internal.KeywordMain.runKeyword(KeywordMain.groovy:66)
	at com.kms.katalon.core.keyword.builtin.CallTestCaseKeyword.callTestCase(CallTestCaseKeyword.groovy:81)
	at com.kms.katalon.core.keyword.builtin.CallTestCaseKeyword.execute(CallTestCaseKeyword.groovy:44)
	at com.kms.katalon.core.keyword.internal.KeywordExecutor.executeKeywordForPlatform(KeywordExecutor.groovy:56)
	at com.kms.katalon.core.keyword.BuiltinKeywords.callTestCase(BuiltinKeywords.groovy:334)
	at Script1557928690388.run(Script1557928690388.groovy:114)
	... 13 more


2019-08-23 08:26:32 - [MESSAGE][INFO] - Unable to find the element located by 'By.xpath: //*[@id="user-utility"]/li[3]/a'. Please recheck the objects properties to make sure the desired element is located. 

2019-08-23 08:26:33 - [MESSAGE][FAILED] - Unable to click on object 'Object Repository/Cabi warehouse/warehouseLogout' (Root cause: com.kms.katalon.core.exception.StepFailedException: Unable to click on object 'Object Repository/Cabi warehouse/warehouseLogout'
	at com.kms.katalon.core.webui.keyword.internal.WebUIKeywordMain.stepFailed(WebUIKeywordMain.groovy:64)
	at com.kms.katalon.core.webui.keyword.internal.WebUIKeywordMain.runKeyword(WebUIKeywordMain.groovy:26)
	at com.kms.katalon.core.webui.keyword.builtin.ClickKeyword.click(ClickKeyword.groovy:86)
	at com.kms.katalon.core.webui.keyword.builtin.ClickKeyword.execute(ClickKeyword.groovy:67)
	at com.kms.katalon.core.keyword.internal.KeywordExecutor.executeKeywordForPlatform(KeywordExecutor.groovy:56)
	at com.kms.katalon.core.webui.keyword.WebUiBuiltInKeywords.click(WebUiBuiltInKeywords.groovy:616)
	at com.kms.katalon.core.webui.keyword.WebUiBuiltInKeywords$click$2.call(Unknown Source)
	at warehouseShipping.run(warehouseShipping:78)
	at com.kms.katalon.core.main.ScriptEngine.run(ScriptEngine.java:194)
	at com.kms.katalon.core.main.ScriptEngine.runScriptAsRawText(ScriptEngine.java:119)
	at com.kms.katalon.core.main.TestCaseExecutor.runScript(TestCaseExecutor.java:342)
	at com.kms.katalon.core.main.TestCaseExecutor.doExecute(TestCaseExecutor.java:333)
	at com.kms.katalon.core.main.TestCaseExecutor.processExecutionPhase(TestCaseExecutor.java:312)
	at com.kms.katalon.core.main.TestCaseExecutor.accessMainPhase(TestCaseExecutor.java:304)
	at com.kms.katalon.core.main.TestCaseExecutor.execute(TestCaseExecutor.java:238)
	at com.kms.katalon.core.main.TestCaseMain.runTestCase(TestCaseMain.java:114)
	at com.kms.katalon.core.keyword.builtin.CallTestCaseKeyword$_callTestCase_closure1.doCall(CallTestCaseKeyword.groovy:59)
	at com.kms.katalon.core.keyword.builtin.CallTestCaseKeyword$_callTestCase_closure1.call(CallTestCaseKeyword.groovy)
	at com.kms.katalon.core.keyword.internal.KeywordMain.runKeyword(KeywordMain.groovy:66)
	at com.kms.katalon.core.keyword.builtin.CallTestCaseKeyword.callTestCase(CallTestCaseKeyword.groovy:81)
	at com.kms.katalon.core.keyword.builtin.CallTestCaseKeyword.execute(CallTestCaseKeyword.groovy:44)
	at com.kms.katalon.core.keyword.internal.KeywordExecutor.executeKeywordForPlatform(KeywordExecutor.groovy:56)
	at com.kms.katalon.core.keyword.BuiltinKeywords.callTestCase(BuiltinKeywords.groovy:334)
	at addOnOrderPersonal.run(addOnOrderPersonal:114)
	at com.kms.katalon.core.main.ScriptEngine.run(ScriptEngine.java:194)
	at com.kms.katalon.core.main.ScriptEngine.runScriptAsRawText(ScriptEngine.java:119)
	at com.kms.katalon.core.main.TestCaseExecutor.runScript(TestCaseExecutor.java:342)
	at com.kms.katalon.core.main.TestCaseExecutor.doExecute(TestCaseExecutor.java:333)
	at com.kms.katalon.core.main.TestCaseExecutor.processExecutionPhase(TestCaseExecutor.java:312)
	at com.kms.katalon.core.main.TestCaseExecutor.accessMainPhase(TestCaseExecutor.java:304)
	at com.kms.katalon.core.main.TestCaseExecutor.execute(TestCaseExecutor.java:238)
	at com.kms.katalon.core.main.TestSuiteExecutor.accessTestCaseMainPhase(TestSuiteExecutor.java:129)
	at com.kms.katalon.core.main.TestSuiteExecutor.accessTestSuiteMainPhase(TestSuiteExecutor.java:112)
	at com.kms.katalon.core.main.TestSuiteExecutor.execute(TestSuiteExecutor.java:81)
	at com.kms.katalon.core.main.TestCaseMain.startTestSuite(TestCaseMain.java:157)
	at com.kms.katalon.core.main.TestCaseMain$startTestSuite$0.call(Unknown Source)
	at TempTestSuite1566527072754.run(TempTestSuite1566527072754.groovy:35)
Caused by: com.kms.katalon.core.webui.exception.WebElementNotFoundException: Web element with id: 'Object Repository/Cabi warehouse/warehouseLogout' located by 'By.xpath: //*[@id="user-utility"]/li[3]/a' not found
	at com.kms.katalon.core.webui.common.WebUiCommonHelper.findWebElement(WebUiCommonHelper.java:1097)
	at com.kms.katalon.core.webui.keyword.internal.WebUIAbstractKeyword.findWebElement(WebUIAbstractKeyword.groovy:27)
	at com.kms.katalon.core.webui.keyword.internal.WebUIAbstractKeyword.findWebElement(WebUIAbstractKeyword.groovy:26)
	at com.kms.katalon.core.webui.keyword.builtin.ClickKeyword$_click_closure1.doCall(ClickKeyword.groovy:77)
	at com.kms.katalon.core.webui.keyword.builtin.ClickKeyword$_click_closure1.call(ClickKeyword.groovy)
	at com.kms.katalon.core.webui.keyword.internal.WebUIKeywordMain.runKeyword(WebUIKeywordMain.groovy:20)
	at com.kms.katalon.core.webui.keyword.builtin.ClickKeyword.click(ClickKeyword.groovy:86)
	at com.kms.katalon.core.webui.keyword.builtin.ClickKeyword.execute(ClickKeyword.groovy:67)
	at com.kms.katalon.core.keyword.internal.KeywordExecutor.executeKeywordForPlatform(KeywordExecutor.groovy:56)
	at com.kms.katalon.core.webui.keyword.WebUiBuiltInKeywords.click(WebUiBuiltInKeywords.groovy:616)
	at com.kms.katalon.core.webui.keyword.WebUiBuiltInKeywords$click$2.call(Unknown Source)
	at Script1557465123910.run(Script1557465123910.groovy:78)
	at com.kms.katalon.core.main.ScriptEngine.run(ScriptEngine.java:194)
	at com.kms.katalon.core.main.ScriptEngine.runScriptAsRawText(ScriptEngine.java:119)
	at com.kms.katalon.core.main.TestCaseExecutor.runScript(TestCaseExecutor.java:342)
	at com.kms.katalon.core.main.TestCaseExecutor.doExecute(TestCaseExecutor.java:333)
	at com.kms.katalon.core.main.TestCaseExecutor.processExecutionPhase(TestCaseExecutor.java:312)
	at com.kms.katalon.core.main.TestCaseExecutor.accessMainPhase(TestCaseExecutor.java:304)
	at com.kms.katalon.core.main.TestCaseExecutor.execute(TestCaseExecutor.java:238)
	at com.kms.katalon.core.main.TestCaseMain.runTestCase(TestCaseMain.java:114)
	at com.kms.katalon.core.keyword.builtin.CallTestCaseKeyword$_callTestCase_closure1.doCall(CallTestCaseKeyword.groovy:59)
	at com.kms.katalon.core.keyword.builtin.CallTestCaseKeyword$_callTestCase_closure1.call(CallTestCaseKeyword.groovy)
	at com.kms.katalon.core.keyword.internal.KeywordMain.runKeyword(KeywordMain.groovy:66)
	at com.kms.katalon.core.keyword.builtin.CallTestCaseKeyword.callTestCase(CallTestCaseKeyword.groovy:81)
	at com.kms.katalon.core.keyword.builtin.CallTestCaseKeyword.execute(CallTestCaseKeyword.groovy:44)
	at com.kms.katalon.core.keyword.internal.KeywordExecutor.executeKeywordForPlatform(KeywordExecutor.groovy:56)
	at com.kms.katalon.core.keyword.BuiltinKeywords.callTestCase(BuiltinKeywords.groovy:334)
	at Script1557928690388.run(Script1557928690388.groovy:114)
	... 13 more
)
[[ATTACHMENT|C:\\Users\\user\\Documents\\testautomation\\KatalonProjects\\Reports\\NewArrivalsSuites\\NewArrivalsSuite\\20190823_075432\\1566528992735.png]]

2019-08-23 08:26:33 - [MESSAGE][FAILED] - click(findTestObject("Cabi warehouse/warehouseLogout")) FAILED.
Reason:
com.kms.katalon.core.exception.StepFailedException: Unable to click on object 'Object Repository/Cabi warehouse/warehouseLogout'
	at com.kms.katalon.core.webui.keyword.internal.WebUIKeywordMain.stepFailed(WebUIKeywordMain.groovy:64)
	at com.kms.katalon.core.webui.keyword.internal.WebUIKeywordMain.runKeyword(WebUIKeywordMain.groovy:26)
	at com.kms.katalon.core.webui.keyword.builtin.ClickKeyword.click(ClickKeyword.groovy:86)
	at com.kms.katalon.core.webui.keyword.builtin.ClickKeyword.execute(ClickKeyword.groovy:67)
	at com.kms.katalon.core.keyword.internal.KeywordExecutor.executeKeywordForPlatform(KeywordExecutor.groovy:56)
	at com.kms.katalon.core.webui.keyword.WebUiBuiltInKeywords.click(WebUiBuiltInKeywords.groovy:616)
	at com.kms.katalon.core.webui.keyword.WebUiBuiltInKeywords$click$2.call(Unknown Source)
	at warehouseShipping.run(warehouseShipping:78)
	at com.kms.katalon.core.main.ScriptEngine.run(ScriptEngine.java:194)
	at com.kms.katalon.core.main.ScriptEngine.runScriptAsRawText(ScriptEngine.java:119)
	at com.kms.katalon.core.main.TestCaseExecutor.runScript(TestCaseExecutor.java:342)
	at com.kms.katalon.core.main.TestCaseExecutor.doExecute(TestCaseExecutor.java:333)
	at com.kms.katalon.core.main.TestCaseExecutor.processExecutionPhase(TestCaseExecutor.java:312)
	at com.kms.katalon.core.main.TestCaseExecutor.accessMainPhase(TestCaseExecutor.java:304)
	at com.kms.katalon.core.main.TestCaseExecutor.execute(TestCaseExecutor.java:238)
	at com.kms.katalon.core.main.TestCaseMain.runTestCase(TestCaseMain.java:114)
	at com.kms.katalon.core.keyword.builtin.CallTestCaseKeyword$_callTestCase_closure1.doCall(CallTestCaseKeyword.groovy:59)
	at com.kms.katalon.core.keyword.builtin.CallTestCaseKeyword$_callTestCase_closure1.call(CallTestCaseKeyword.groovy)
	at com.kms.katalon.core.keyword.internal.KeywordMain.runKeyword(KeywordMain.groovy:66)
	at com.kms.katalon.core.keyword.builtin.CallTestCaseKeyword.callTestCase(CallTestCaseKeyword.groovy:81)
	at com.kms.katalon.core.keyword.builtin.CallTestCaseKeyword.execute(CallTestCaseKeyword.groovy:44)
	at com.kms.katalon.core.keyword.internal.KeywordExecutor.executeKeywordForPlatform(KeywordExecutor.groovy:56)
	at com.kms.katalon.core.keyword.BuiltinKeywords.callTestCase(BuiltinKeywords.groovy:334)
	at addOnOrderPersonal.run(addOnOrderPersonal:114)
	at com.kms.katalon.core.main.ScriptEngine.run(ScriptEngine.java:194)
	at com.kms.katalon.core.main.ScriptEngine.runScriptAsRawText(ScriptEngine.java:119)
	at com.kms.katalon.core.main.TestCaseExecutor.runScript(TestCaseExecutor.java:342)
	at com.kms.katalon.core.main.TestCaseExecutor.doExecute(TestCaseExecutor.java:333)
	at com.kms.katalon.core.main.TestCaseExecutor.processExecutionPhase(TestCaseExecutor.java:312)
	at com.kms.katalon.core.main.TestCaseExecutor.accessMainPhase(TestCaseExecutor.java:304)
	at com.kms.katalon.core.main.TestCaseExecutor.execute(TestCaseExecutor.java:238)
	at com.kms.katalon.core.main.TestSuiteExecutor.accessTestCaseMainPhase(TestSuiteExecutor.java:129)
	at com.kms.katalon.core.main.TestSuiteExecutor.accessTestSuiteMainPhase(TestSuiteExecutor.java:112)
	at com.kms.katalon.core.main.TestSuiteExecutor.execute(TestSuiteExecutor.java:81)
	at com.kms.katalon.core.main.TestCaseMain.startTestSuite(TestCaseMain.java:157)
	at com.kms.katalon.core.main.TestCaseMain$startTestSuite$0.call(Unknown Source)
	at TempTestSuite1566527072754.run(TempTestSuite1566527072754.groovy:35)
Caused by: com.kms.katalon.core.webui.exception.WebElementNotFoundException: Web element with id: 'Object Repository/Cabi warehouse/warehouseLogout' located by 'By.xpath: //*[@id="user-utility"]/li[3]/a' not found
	at com.kms.katalon.core.webui.common.WebUiCommonHelper.findWebElement(WebUiCommonHelper.java:1097)
	at com.kms.katalon.core.webui.keyword.internal.WebUIAbstractKeyword.findWebElement(WebUIAbstractKeyword.groovy:27)
	at com.kms.katalon.core.webui.keyword.internal.WebUIAbstractKeyword.findWebElement(WebUIAbstractKeyword.groovy:26)
	at com.kms.katalon.core.webui.keyword.builtin.ClickKeyword$_click_closure1.doCall(ClickKeyword.groovy:77)
	at com.kms.katalon.core.webui.keyword.builtin.ClickKeyword$_click_closure1.call(ClickKeyword.groovy)
	at com.kms.katalon.core.webui.keyword.internal.WebUIKeywordMain.runKeyword(WebUIKeywordMain.groovy:20)
	at com.kms.katalon.core.webui.keyword.builtin.ClickKeyword.click(ClickKeyword.groovy:86)
	at com.kms.katalon.core.webui.keyword.builtin.ClickKeyword.execute(ClickKeyword.groovy:67)
	at com.kms.katalon.core.keyword.internal.KeywordExecutor.executeKeywordForPlatform(KeywordExecutor.groovy:56)
	at com.kms.katalon.core.webui.keyword.WebUiBuiltInKeywords.click(WebUiBuiltInKeywords.groovy:616)
	at com.kms.katalon.core.webui.keyword.WebUiBuiltInKeywords$click$2.call(Unknown Source)
	at Script1557465123910.run(Script1557465123910.groovy:78)
	at com.kms.katalon.core.main.ScriptEngine.run(ScriptEngine.java:194)
	at com.kms.katalon.core.main.ScriptEngine.runScriptAsRawText(ScriptEngine.java:119)
	at com.kms.katalon.core.main.TestCaseExecutor.runScript(TestCaseExecutor.java:342)
	at com.kms.katalon.core.main.TestCaseExecutor.doExecute(TestCaseExecutor.java:333)
	at com.kms.katalon.core.main.TestCaseExecutor.processExecutionPhase(TestCaseExecutor.java:312)
	at com.kms.katalon.core.main.TestCaseExecutor.accessMainPhase(TestCaseExecutor.java:304)
	at com.kms.katalon.core.main.TestCaseExecutor.execute(TestCaseExecutor.java:238)
	at com.kms.katalon.core.main.TestCaseMain.runTestCase(TestCaseMain.java:114)
	at com.kms.katalon.core.keyword.builtin.CallTestCaseKeyword$_callTestCase_closure1.doCall(CallTestCaseKeyword.groovy:59)
	at com.kms.katalon.core.keyword.builtin.CallTestCaseKeyword$_callTestCase_closure1.call(CallTestCaseKeyword.groovy)
	at com.kms.katalon.core.keyword.internal.KeywordMain.runKeyword(KeywordMain.groovy:66)
	at com.kms.katalon.core.keyword.builtin.CallTestCaseKeyword.callTestCase(CallTestCaseKeyword.groovy:81)
	at com.kms.katalon.core.keyword.builtin.CallTestCaseKeyword.execute(CallTestCaseKeyword.groovy:44)
	at com.kms.katalon.core.keyword.internal.KeywordExecutor.executeKeywordForPlatform(KeywordExecutor.groovy:56)
	at com.kms.katalon.core.keyword.BuiltinKeywords.callTestCase(BuiltinKeywords.groovy:334)
	at Script1557928690388.run(Script1557928690388.groovy:114)
	... 13 more


2019-08-23 08:26:33 - [MESSAGE][FAILED] - Unable to call Test Case 'Test Cases/NewArrival/warehouseShipping' (Root cause: com.kms.katalon.core.exception.StepFailedException: Call Test Case 'Test Cases/NewArrival/warehouseShipping' failed
	at com.kms.katalon.core.keyword.builtin.CallTestCaseKeyword$_callTestCase_closure1.doCall(CallTestCaseKeyword.groovy:63)
	at com.kms.katalon.core.keyword.builtin.CallTestCaseKeyword$_callTestCase_closure1.call(CallTestCaseKeyword.groovy)
	at com.kms.katalon.core.keyword.internal.KeywordMain.runKeyword(KeywordMain.groovy:66)
	at com.kms.katalon.core.keyword.builtin.CallTestCaseKeyword.callTestCase(CallTestCaseKeyword.groovy:81)
	at com.kms.katalon.core.keyword.builtin.CallTestCaseKeyword.execute(CallTestCaseKeyword.groovy:44)
	at com.kms.katalon.core.keyword.internal.KeywordExecutor.executeKeywordForPlatform(KeywordExecutor.groovy:56)
	at com.kms.katalon.core.keyword.BuiltinKeywords.callTestCase(BuiltinKeywords.groovy:334)
	at addOnOrderPersonal.run(addOnOrderPersonal:114)
	at com.kms.katalon.core.main.ScriptEngine.run(ScriptEngine.java:194)
	at com.kms.katalon.core.main.ScriptEngine.runScriptAsRawText(ScriptEngine.java:119)
	at com.kms.katalon.core.main.TestCaseExecutor.runScript(TestCaseExecutor.java:342)
	at com.kms.katalon.core.main.TestCaseExecutor.doExecute(TestCaseExecutor.java:333)
	at com.kms.katalon.core.main.TestCaseExecutor.processExecutionPhase(TestCaseExecutor.java:312)
	at com.kms.katalon.core.main.TestCaseExecutor.accessMainPhase(TestCaseExecutor.java:304)
	at com.kms.katalon.core.main.TestCaseExecutor.execute(TestCaseExecutor.java:238)
	at com.kms.katalon.core.main.TestSuiteExecutor.accessTestCaseMainPhase(TestSuiteExecutor.java:129)
	at com.kms.katalon.core.main.TestSuiteExecutor.accessTestSuiteMainPhase(TestSuiteExecutor.java:112)
	at com.kms.katalon.core.main.TestSuiteExecutor.execute(TestSuiteExecutor.java:81)
	at com.kms.katalon.core.main.TestCaseMain.startTestSuite(TestCaseMain.java:157)
	at com.kms.katalon.core.main.TestCaseMain$startTestSuite$0.call(Unknown Source)
	at TempTestSuite1566527072754.run(TempTestSuite1566527072754.groovy:35)
Caused by: com.kms.katalon.core.exception.StepFailedException: Unable to click on object 'Object Repository/Cabi warehouse/warehouseLogout'
	at com.kms.katalon.core.webui.keyword.internal.WebUIKeywordMain.stepFailed(WebUIKeywordMain.groovy:64)
	at com.kms.katalon.core.webui.keyword.internal.WebUIKeywordMain.runKeyword(WebUIKeywordMain.groovy:26)
	at com.kms.katalon.core.webui.keyword.builtin.ClickKeyword.click(ClickKeyword.groovy:86)
	at com.kms.katalon.core.webui.keyword.builtin.ClickKeyword.execute(ClickKeyword.groovy:67)
	at com.kms.katalon.core.keyword.internal.KeywordExecutor.executeKeywordForPlatform(KeywordExecutor.groovy:56)
	at com.kms.katalon.core.webui.keyword.WebUiBuiltInKeywords.click(WebUiBuiltInKeywords.groovy:616)
	at com.kms.katalon.core.webui.keyword.WebUiBuiltInKeywords$click$2.call(Unknown Source)
	at warehouseShipping.run(warehouseShipping:78)
	at com.kms.katalon.core.main.ScriptEngine.run(ScriptEngine.java:194)
	at com.kms.katalon.core.main.ScriptEngine.runScriptAsRawText(ScriptEngine.java:119)
	at com.kms.katalon.core.main.TestCaseExecutor.runScript(TestCaseExecutor.java:342)
	at com.kms.katalon.core.main.TestCaseExecutor.doExecute(TestCaseExecutor.java:333)
	at com.kms.katalon.core.main.TestCaseExecutor.processExecutionPhase(TestCaseExecutor.java:312)
	at com.kms.katalon.core.main.TestCaseExecutor.accessMainPhase(TestCaseExecutor.java:304)
	at com.kms.katalon.core.main.TestCaseExecutor.execute(TestCaseExecutor.java:238)
	at com.kms.katalon.core.main.TestCaseMain.runTestCase(TestCaseMain.java:114)
	at com.kms.katalon.core.keyword.builtin.CallTestCaseKeyword$_callTestCase_closure1.doCall(CallTestCaseKeyword.groovy:59)
	... 20 more
Caused by: com.kms.katalon.core.webui.exception.WebElementNotFoundException: Web element with id: 'Object Repository/Cabi warehouse/warehouseLogout' located by 'By.xpath: //*[@id="user-utility"]/li[3]/a' not found
	at com.kms.katalon.core.webui.common.WebUiCommonHelper.findWebElement(WebUiCommonHelper.java:1097)
	at com.kms.katalon.core.webui.keyword.internal.WebUIAbstractKeyword.findWebElement(WebUIAbstractKeyword.groovy:27)
	at com.kms.katalon.core.webui.keyword.internal.WebUIAbstractKeyword.findWebElement(WebUIAbstractKeyword.groovy:26)
	at com.kms.katalon.core.webui.keyword.builtin.ClickKeyword$_click_closure1.doCall(ClickKeyword.groovy:77)
	at com.kms.katalon.core.webui.keyword.builtin.ClickKeyword$_click_closure1.call(ClickKeyword.groovy)
	at com.kms.katalon.core.webui.keyword.internal.WebUIKeywordMain.runKeyword(WebUIKeywordMain.groovy:20)
	at com.kms.katalon.core.webui.keyword.builtin.ClickKeyword.click(ClickKeyword.groovy:86)
	at com.kms.katalon.core.webui.keyword.builtin.ClickKeyword.execute(ClickKeyword.groovy:67)
	at com.kms.katalon.core.keyword.internal.KeywordExecutor.executeKeywordForPlatform(KeywordExecutor.groovy:56)
	at com.kms.katalon.core.webui.keyword.WebUiBuiltInKeywords.click(WebUiBuiltInKeywords.groovy:616)
	at com.kms.katalon.core.webui.keyword.WebUiBuiltInKeywords$click$2.call(Unknown Source)
	at Script1557465123910.run(Script1557465123910.groovy:78)
	at com.kms.katalon.core.main.ScriptEngine.run(ScriptEngine.java:194)
	at com.kms.katalon.core.main.ScriptEngine.runScriptAsRawText(ScriptEngine.java:119)
	at com.kms.katalon.core.main.TestCaseExecutor.runScript(TestCaseExecutor.java:342)
	at com.kms.katalon.core.main.TestCaseExecutor.doExecute(TestCaseExecutor.java:333)
	at com.kms.katalon.core.main.TestCaseExecutor.processExecutionPhase(TestCaseExecutor.java:312)
	at com.kms.katalon.core.main.TestCaseExecutor.accessMainPhase(TestCaseExecutor.java:304)
	at com.kms.katalon.core.main.TestCaseExecutor.execute(TestCaseExecutor.java:238)
	at com.kms.katalon.core.main.TestCaseMain.runTestCase(TestCaseMain.java:114)
	at com.kms.katalon.core.keyword.builtin.CallTestCaseKeyword$_callTestCase_closure1.doCall(CallTestCaseKeyword.groovy:59)
	at com.kms.katalon.core.keyword.builtin.CallTestCaseKeyword$_callTestCase_closure1.call(CallTestCaseKeyword.groovy)
	at com.kms.katalon.core.keyword.internal.KeywordMain.runKeyword(KeywordMain.groovy:66)
	at com.kms.katalon.core.keyword.builtin.CallTestCaseKeyword.callTestCase(CallTestCaseKeyword.groovy:81)
	at com.kms.katalon.core.keyword.builtin.CallTestCaseKeyword.execute(CallTestCaseKeyword.groovy:44)
	at com.kms.katalon.core.keyword.internal.KeywordExecutor.executeKeywordForPlatform(KeywordExecutor.groovy:56)
	at com.kms.katalon.core.keyword.BuiltinKeywords.callTestCase(BuiltinKeywords.groovy:334)
	at Script1557928690388.run(Script1557928690388.groovy:114)
	... 13 more
)

2019-08-23 08:26:33 - [MESSAGE][FAILED] - for ([timeRow = 1, timeRow <= findTestData("timezoneData").getRowNumbers(), (timeRow++)]) FAILED.
Reason:
com.kms.katalon.core.exception.StepFailedException: Call Test Case 'Test Cases/NewArrival/warehouseShipping' failed
	at com.kms.katalon.core.keyword.builtin.CallTestCaseKeyword$_callTestCase_closure1.doCall(CallTestCaseKeyword.groovy:63)
	at com.kms.katalon.core.keyword.builtin.CallTestCaseKeyword$_callTestCase_closure1.call(CallTestCaseKeyword.groovy)
	at com.kms.katalon.core.keyword.internal.KeywordMain.runKeyword(KeywordMain.groovy:66)
	at com.kms.katalon.core.keyword.builtin.CallTestCaseKeyword.callTestCase(CallTestCaseKeyword.groovy:81)
	at com.kms.katalon.core.keyword.builtin.CallTestCaseKeyword.execute(CallTestCaseKeyword.groovy:44)
	at com.kms.katalon.core.keyword.internal.KeywordExecutor.executeKeywordForPlatform(KeywordExecutor.groovy:56)
	at com.kms.katalon.core.keyword.BuiltinKeywords.callTestCase(BuiltinKeywords.groovy:334)
	at addOnOrderPersonal.run(addOnOrderPersonal:114)
	at com.kms.katalon.core.main.ScriptEngine.run(ScriptEngine.java:194)
	at com.kms.katalon.core.main.ScriptEngine.runScriptAsRawText(ScriptEngine.java:119)
	at com.kms.katalon.core.main.TestCaseExecutor.runScript(TestCaseExecutor.java:342)
	at com.kms.katalon.core.main.TestCaseExecutor.doExecute(TestCaseExecutor.java:333)
	at com.kms.katalon.core.main.TestCaseExecutor.processExecutionPhase(TestCaseExecutor.java:312)
	at com.kms.katalon.core.main.TestCaseExecutor.accessMainPhase(TestCaseExecutor.java:304)
	at com.kms.katalon.core.main.TestCaseExecutor.execute(TestCaseExecutor.java:238)
	at com.kms.katalon.core.main.TestSuiteExecutor.accessTestCaseMainPhase(TestSuiteExecutor.java:129)
	at com.kms.katalon.core.main.TestSuiteExecutor.accessTestSuiteMainPhase(TestSuiteExecutor.java:112)
	at com.kms.katalon.core.main.TestSuiteExecutor.execute(TestSuiteExecutor.java:81)
	at com.kms.katalon.core.main.TestCaseMain.startTestSuite(TestCaseMain.java:157)
	at com.kms.katalon.core.main.TestCaseMain$startTestSuite$0.call(Unknown Source)
	at TempTestSuite1566527072754.run(TempTestSuite1566527072754.groovy:35)
Caused by: com.kms.katalon.core.exception.StepFailedException: Unable to click on object 'Object Repository/Cabi warehouse/warehouseLogout'
	at com.kms.katalon.core.webui.keyword.internal.WebUIKeywordMain.stepFailed(WebUIKeywordMain.groovy:64)
	at com.kms.katalon.core.webui.keyword.internal.WebUIKeywordMain.runKeyword(WebUIKeywordMain.groovy:26)
	at com.kms.katalon.core.webui.keyword.builtin.ClickKeyword.click(ClickKeyword.groovy:86)
	at com.kms.katalon.core.webui.keyword.builtin.ClickKeyword.execute(ClickKeyword.groovy:67)
	at com.kms.katalon.core.keyword.internal.KeywordExecutor.executeKeywordForPlatform(KeywordExecutor.groovy:56)
	at com.kms.katalon.core.webui.keyword.WebUiBuiltInKeywords.click(WebUiBuiltInKeywords.groovy:616)
	at com.kms.katalon.core.webui.keyword.WebUiBuiltInKeywords$click$2.call(Unknown Source)
	at warehouseShipping.run(warehouseShipping:78)
	at com.kms.katalon.core.main.ScriptEngine.run(ScriptEngine.java:194)
	at com.kms.katalon.core.main.ScriptEngine.runScriptAsRawText(ScriptEngine.java:119)
	at com.kms.katalon.core.main.TestCaseExecutor.runScript(TestCaseExecutor.java:342)
	at com.kms.katalon.core.main.TestCaseExecutor.doExecute(TestCaseExecutor.java:333)
	at com.kms.katalon.core.main.TestCaseExecutor.processExecutionPhase(TestCaseExecutor.java:312)
	at com.kms.katalon.core.main.TestCaseExecutor.accessMainPhase(TestCaseExecutor.java:304)
	at com.kms.katalon.core.main.TestCaseExecutor.execute(TestCaseExecutor.java:238)
	at com.kms.katalon.core.main.TestCaseMain.runTestCase(TestCaseMain.java:114)
	at com.kms.katalon.core.keyword.builtin.CallTestCaseKeyword$_callTestCase_closure1.doCall(CallTestCaseKeyword.groovy:59)
	... 20 more
Caused by: com.kms.katalon.core.webui.exception.WebElementNotFoundException: Web element with id: 'Object Repository/Cabi warehouse/warehouseLogout' located by 'By.xpath: //*[@id="user-utility"]/li[3]/a' not found
	at com.kms.katalon.core.webui.common.WebUiCommonHelper.findWebElement(WebUiCommonHelper.java:1097)
	at com.kms.katalon.core.webui.keyword.internal.WebUIAbstractKeyword.findWebElement(WebUIAbstractKeyword.groovy:27)
	at com.kms.katalon.core.webui.keyword.internal.WebUIAbstractKeyword.findWebElement(WebUIAbstractKeyword.groovy:26)
	at com.kms.katalon.core.webui.keyword.builtin.ClickKeyword$_click_closure1.doCall(ClickKeyword.groovy:77)
	at com.kms.katalon.core.webui.keyword.builtin.ClickKeyword$_click_closure1.call(ClickKeyword.groovy)
	at com.kms.katalon.core.webui.keyword.internal.WebUIKeywordMain.runKeyword(WebUIKeywordMain.groovy:20)
	at com.kms.katalon.core.webui.keyword.builtin.ClickKeyword.click(ClickKeyword.groovy:86)
	at com.kms.katalon.core.webui.keyword.builtin.ClickKeyword.execute(ClickKeyword.groovy:67)
	at com.kms.katalon.core.keyword.internal.KeywordExecutor.executeKeywordForPlatform(KeywordExecutor.groovy:56)
	at com.kms.katalon.core.webui.keyword.WebUiBuiltInKeywords.click(WebUiBuiltInKeywords.groovy:616)
	at com.kms.katalon.core.webui.keyword.WebUiBuiltInKeywords$click$2.call(Unknown Source)
	at Script1557465123910.run(Script1557465123910.groovy:78)
	at com.kms.katalon.core.main.ScriptEngine.run(ScriptEngine.java:194)
	at com.kms.katalon.core.main.ScriptEngine.runScriptAsRawText(ScriptEngine.java:119)
	at com.kms.katalon.core.main.TestCaseExecutor.runScript(TestCaseExecutor.java:342)
	at com.kms.katalon.core.main.TestCaseExecutor.doExecute(TestCaseExecutor.java:333)
	at com.kms.katalon.core.main.TestCaseExecutor.processExecutionPhase(TestCaseExecutor.java:312)
	at com.kms.katalon.core.main.TestCaseExecutor.accessMainPhase(TestCaseExecutor.java:304)
	at com.kms.katalon.core.main.TestCaseExecutor.execute(TestCaseExecutor.java:238)
	at com.kms.katalon.core.main.TestCaseMain.runTestCase(TestCaseMain.java:114)
	at com.kms.katalon.core.keyword.builtin.CallTestCaseKeyword$_callTestCase_closure1.doCall(CallTestCaseKeyword.groovy:59)
	at com.kms.katalon.core.keyword.builtin.CallTestCaseKeyword$_callTestCase_closure1.call(CallTestCaseKeyword.groovy)
	at com.kms.katalon.core.keyword.internal.KeywordMain.runKeyword(KeywordMain.groovy:66)
	at com.kms.katalon.core.keyword.builtin.CallTestCaseKeyword.callTestCase(CallTestCaseKeyword.groovy:81)
	at com.kms.katalon.core.keyword.builtin.CallTestCaseKeyword.execute(CallTestCaseKeyword.groovy:44)
	at com.kms.katalon.core.keyword.internal.KeywordExecutor.executeKeywordForPlatform(KeywordExecutor.groovy:56)
	at com.kms.katalon.core.keyword.BuiltinKeywords.callTestCase(BuiltinKeywords.groovy:334)
	at Script1557928690388.run(Script1557928690388.groovy:114)
	... 13 more]]></system-out>
         <system-err><![CDATA[2019-08-23 08:23:37 - [TEST_CASE][FAILED] - Test Cases/NewArrival/addOnOrderPersonal: Test Cases/NewArrival/addOnOrderPersonal FAILED.
Reason:
com.kms.katalon.core.exception.StepFailedException: Call Test Case 'Test Cases/NewArrival/warehouseShipping' failed
	at com.kms.katalon.core.keyword.builtin.CallTestCaseKeyword$_callTestCase_closure1.doCall(CallTestCaseKeyword.groovy:63)
	at com.kms.katalon.core.keyword.builtin.CallTestCaseKeyword$_callTestCase_closure1.call(CallTestCaseKeyword.groovy)
	at com.kms.katalon.core.keyword.internal.KeywordMain.runKeyword(KeywordMain.groovy:66)
	at com.kms.katalon.core.keyword.builtin.CallTestCaseKeyword.callTestCase(CallTestCaseKeyword.groovy:81)
	at com.kms.katalon.core.keyword.builtin.CallTestCaseKeyword.execute(CallTestCaseKeyword.groovy:44)
	at com.kms.katalon.core.keyword.internal.KeywordExecutor.executeKeywordForPlatform(KeywordExecutor.groovy:56)
	at com.kms.katalon.core.keyword.BuiltinKeywords.callTestCase(BuiltinKeywords.groovy:334)
	at addOnOrderPersonal.run(addOnOrderPersonal:114)
	at com.kms.katalon.core.main.ScriptEngine.run(ScriptEngine.java:194)
	at com.kms.katalon.core.main.ScriptEngine.runScriptAsRawText(ScriptEngine.java:119)
	at com.kms.katalon.core.main.TestCaseExecutor.runScript(TestCaseExecutor.java:342)
	at com.kms.katalon.core.main.TestCaseExecutor.doExecute(TestCaseExecutor.java:333)
	at com.kms.katalon.core.main.TestCaseExecutor.processExecutionPhase(TestCaseExecutor.java:312)
	at com.kms.katalon.core.main.TestCaseExecutor.accessMainPhase(TestCaseExecutor.java:304)
	at com.kms.katalon.core.main.TestCaseExecutor.execute(TestCaseExecutor.java:238)
	at com.kms.katalon.core.main.TestSuiteExecutor.accessTestCaseMainPhase(TestSuiteExecutor.java:129)
	at com.kms.katalon.core.main.TestSuiteExecutor.accessTestSuiteMainPhase(TestSuiteExecutor.java:112)
	at com.kms.katalon.core.main.TestSuiteExecutor.execute(TestSuiteExecutor.java:81)
	at com.kms.katalon.core.main.TestCaseMain.startTestSuite(TestCaseMain.java:157)
	at com.kms.katalon.core.main.TestCaseMain$startTestSuite$0.call(Unknown Source)
	at TempTestSuite1566527072754.run(TempTestSuite1566527072754.groovy:35)
Caused by: com.kms.katalon.core.exception.StepFailedException: Unable to click on object 'Object Repository/Cabi warehouse/warehouseLogout'
	at com.kms.katalon.core.webui.keyword.internal.WebUIKeywordMain.stepFailed(WebUIKeywordMain.groovy:64)
	at com.kms.katalon.core.webui.keyword.internal.WebUIKeywordMain.runKeyword(WebUIKeywordMain.groovy:26)
	at com.kms.katalon.core.webui.keyword.builtin.ClickKeyword.click(ClickKeyword.groovy:86)
	at com.kms.katalon.core.webui.keyword.builtin.ClickKeyword.execute(ClickKeyword.groovy:67)
	at com.kms.katalon.core.keyword.internal.KeywordExecutor.executeKeywordForPlatform(KeywordExecutor.groovy:56)
	at com.kms.katalon.core.webui.keyword.WebUiBuiltInKeywords.click(WebUiBuiltInKeywords.groovy:616)
	at com.kms.katalon.core.webui.keyword.WebUiBuiltInKeywords$click$2.call(Unknown Source)
	at warehouseShipping.run(warehouseShipping:78)
	at com.kms.katalon.core.main.ScriptEngine.run(ScriptEngine.java:194)
	at com.kms.katalon.core.main.ScriptEngine.runScriptAsRawText(ScriptEngine.java:119)
	at com.kms.katalon.core.main.TestCaseExecutor.runScript(TestCaseExecutor.java:342)
	at com.kms.katalon.core.main.TestCaseExecutor.doExecute(TestCaseExecutor.java:333)
	at com.kms.katalon.core.main.TestCaseExecutor.processExecutionPhase(TestCaseExecutor.java:312)
	at com.kms.katalon.core.main.TestCaseExecutor.accessMainPhase(TestCaseExecutor.java:304)
	at com.kms.katalon.core.main.TestCaseExecutor.execute(TestCaseExecutor.java:238)
	at com.kms.katalon.core.main.TestCaseMain.runTestCase(TestCaseMain.java:114)
	at com.kms.katalon.core.keyword.builtin.CallTestCaseKeyword$_callTestCase_closure1.doCall(CallTestCaseKeyword.groovy:59)
	... 20 more
Caused by: com.kms.katalon.core.webui.exception.WebElementNotFoundException: Web element with id: 'Object Repository/Cabi warehouse/warehouseLogout' located by 'By.xpath: //*[@id="user-utility"]/li[3]/a' not found
	at com.kms.katalon.core.webui.common.WebUiCommonHelper.findWebElement(WebUiCommonHelper.java:1097)
	at com.kms.katalon.core.webui.keyword.internal.WebUIAbstractKeyword.findWebElement(WebUIAbstractKeyword.groovy:27)
	at com.kms.katalon.core.webui.keyword.internal.WebUIAbstractKeyword.findWebElement(WebUIAbstractKeyword.groovy:26)
	at com.kms.katalon.core.webui.keyword.builtin.ClickKeyword$_click_closure1.doCall(ClickKeyword.groovy:77)
	at com.kms.katalon.core.webui.keyword.builtin.ClickKeyword$_click_closure1.call(ClickKeyword.groovy)
	at com.kms.katalon.core.webui.keyword.internal.WebUIKeywordMain.runKeyword(WebUIKeywordMain.groovy:20)
	at com.kms.katalon.core.webui.keyword.builtin.ClickKeyword.click(ClickKeyword.groovy:86)
	at com.kms.katalon.core.webui.keyword.builtin.ClickKeyword.execute(ClickKeyword.groovy:67)
	at com.kms.katalon.core.keyword.internal.KeywordExecutor.executeKeywordForPlatform(KeywordExecutor.groovy:56)
	at com.kms.katalon.core.webui.keyword.WebUiBuiltInKeywords.click(WebUiBuiltInKeywords.groovy:616)
	at com.kms.katalon.core.webui.keyword.WebUiBuiltInKeywords$click$2.call(Unknown Source)
	at Script1557465123910.run(Script1557465123910.groovy:78)
	at com.kms.katalon.core.main.ScriptEngine.run(ScriptEngine.java:194)
	at com.kms.katalon.core.main.ScriptEngine.runScriptAsRawText(ScriptEngine.java:119)
	at com.kms.katalon.core.main.TestCaseExecutor.runScript(TestCaseExecutor.java:342)
	at com.kms.katalon.core.main.TestCaseExecutor.doExecute(TestCaseExecutor.java:333)
	at com.kms.katalon.core.main.TestCaseExecutor.processExecutionPhase(TestCaseExecutor.java:312)
	at com.kms.katalon.core.main.TestCaseExecutor.accessMainPhase(TestCaseExecutor.java:304)
	at com.kms.katalon.core.main.TestCaseExecutor.execute(TestCaseExecutor.java:238)
	at com.kms.katalon.core.main.TestCaseMain.runTestCase(TestCaseMain.java:114)
	at com.kms.katalon.core.keyword.builtin.CallTestCaseKeyword$_callTestCase_closure1.doCall(CallTestCaseKeyword.groovy:59)
	at com.kms.katalon.core.keyword.builtin.CallTestCaseKeyword$_callTestCase_closure1.call(CallTestCaseKeyword.groovy)
	at com.kms.katalon.core.keyword.internal.KeywordMain.runKeyword(KeywordMain.groovy:66)
	at com.kms.katalon.core.keyword.builtin.CallTestCaseKeyword.callTestCase(CallTestCaseKeyword.groovy:81)
	at com.kms.katalon.core.keyword.builtin.CallTestCaseKeyword.execute(CallTestCaseKeyword.groovy:44)
	at com.kms.katalon.core.keyword.internal.KeywordExecutor.executeKeywordForPlatform(KeywordExecutor.groovy:56)
	at com.kms.katalon.core.keyword.BuiltinKeywords.callTestCase(BuiltinKeywords.groovy:334)
	at Script1557928690388.run(Script1557928690388.groovy:114)
	... 13 more]]></system-err>
      </testcase>
      <testcase name="Test Cases/NewArrival/addOnOrderRetail" classname="Test Cases/NewArrival/addOnOrderRetail" status="FAILED">
         <failure type="FAILED" message="Test Cases/NewArrival/addOnOrderRetail FAILED.
Reason:
com.kms.katalon.core.exception.StepFailedException: Unable to set text 'guest1-test1@test.com' of object 'Object Repository/Page_cabi Retail Store/input_email'
	at com.kms.katalon.core.webui.keyword.internal.WebUIKeywordMain.stepFailed(WebUIKeywordMain.groovy:64)
	at com.kms.katalon.core.webui.keyword.internal.WebUIKeywordMain.runKeyword(WebUIKeywordMain.groovy:26)
	at com.kms.katalon.core.webui.keyword.builtin.SetTextKeyword.setText(SetTextKeyword.groovy:66)
	at com.kms.katalon.core.webui.keyword.builtin.SetTextKeyword.execute(SetTextKeyword.groovy:37)
	at com.kms.katalon.core.keyword.internal.KeywordExecutor.executeKeywordForPlatform(KeywordExecutor.groovy:56)
	at com.kms.katalon.core.webui.keyword.WebUiBuiltInKeywords.setText(WebUiBuiltInKeywords.groovy:950)
	at com.kms.katalon.core.webui.keyword.WebUiBuiltInKeywords$setText$1.call(Unknown Source)
	at addOnOrderRetail.run(addOnOrderRetail:82)
	at com.kms.katalon.core.main.ScriptEngine.run(ScriptEngine.java:194)
	at com.kms.katalon.core.main.ScriptEngine.runScriptAsRawText(ScriptEngine.java:119)
	at com.kms.katalon.core.main.TestCaseExecutor.runScript(TestCaseExecutor.java:342)
	at com.kms.katalon.core.main.TestCaseExecutor.doExecute(TestCaseExecutor.java:333)
	at com.kms.katalon.core.main.TestCaseExecutor.processExecutionPhase(TestCaseExecutor.java:312)
	at com.kms.katalon.core.main.TestCaseExecutor.accessMainPhase(TestCaseExecutor.java:304)
	at com.kms.katalon.core.main.TestCaseExecutor.execute(TestCaseExecutor.java:238)
	at com.kms.katalon.core.main.TestSuiteExecutor.accessTestCaseMainPhase(TestSuiteExecutor.java:129)
	at com.kms.katalon.core.main.TestSuiteExecutor.accessTestSuiteMainPhase(TestSuiteExecutor.java:112)
	at com.kms.katalon.core.main.TestSuiteExecutor.execute(TestSuiteExecutor.java:81)
	at com.kms.katalon.core.main.TestCaseMain.startTestSuite(TestCaseMain.java:157)
	at com.kms.katalon.core.main.TestCaseMain$startTestSuite$0.call(Unknown Source)
	at TempTestSuite1566527072754.run(TempTestSuite1566527072754.groovy:35)
Caused by: org.openqa.selenium.ElementNotInteractableException: element not interactable
  (Session info: chrome=76.0.3809.100)
Build info: version: '3.7.1', revision: '8a0099a', time: '2017-11-06T21:07:36.161Z'
System info: host: 'NIVEDITA', ip: '192.168.43.31', os.name: 'Windows 8.1', os.arch: 'amd64', os.version: '6.3', java.version: '1.8.0_181'
Driver info: com.kms.katalon.selenium.driver.CChromeDriver
Capabilities {acceptInsecureCerts: false, browserName: chrome, browserVersion: 76.0.3809.100, chrome: {chromedriverVersion: 76.0.3809.68 (420c9498db8ce..., userDataDir: C:\Users\user\AppData\Local...}, goog:chromeOptions: {debuggerAddress: localhost:59501}, javascriptEnabled: true, networkConnectionEnabled: false, pageLoadStrategy: normal, platform: XP, platformName: XP, proxy: Proxy(direct), setWindowRect: true, strictFileInteractability: false, timeouts: {implicit: 0, pageLoad: 300000, script: 30000}, unhandledPromptBehavior: dismiss and notify}
Session ID: 1f155ddd24b65a59d165ae609d5299d1
	at org.openqa.selenium.remote.http.W3CHttpResponseCodec.createException(W3CHttpResponseCodec.java:187)
	at org.openqa.selenium.remote.http.W3CHttpResponseCodec.decode(W3CHttpResponseCodec.java:122)
	at org.openqa.selenium.remote.http.W3CHttpResponseCodec.decode(W3CHttpResponseCodec.java:49)
	at org.openqa.selenium.remote.HttpCommandExecutor.execute(HttpCommandExecutor.java:164)
	at org.openqa.selenium.remote.service.DriverCommandExecutor.execute(DriverCommandExecutor.java:83)
	at org.openqa.selenium.remote.RemoteWebDriver.execute(RemoteWebDriver.java:600)
	at com.kms.katalon.selenium.driver.CChromeDriver.execute(CChromeDriver.java:20)
	at org.openqa.selenium.remote.RemoteWebElement.execute(RemoteWebElement.java:279)
	at org.openqa.selenium.remote.RemoteWebElement.clear(RemoteWebElement.java:118)
	at com.kms.katalon.core.webui.keyword.builtin.SetTextKeyword$_setText_closure1.doCall(SetTextKeyword.groovy:53)
	at com.kms.katalon.core.webui.keyword.builtin.SetTextKeyword$_setText_closure1.call(SetTextKeyword.groovy)
	at com.kms.katalon.core.webui.keyword.internal.WebUIKeywordMain.runKeyword(WebUIKeywordMain.groovy:20)
	at com.kms.katalon.core.webui.keyword.builtin.SetTextKeyword.setText(SetTextKeyword.groovy:66)
	at com.kms.katalon.core.webui.keyword.builtin.SetTextKeyword.execute(SetTextKeyword.groovy:37)
	at com.kms.katalon.core.keyword.internal.KeywordExecutor.executeKeywordForPlatform(KeywordExecutor.groovy:56)
	at com.kms.katalon.core.webui.keyword.WebUiBuiltInKeywords.setText(WebUiBuiltInKeywords.groovy:950)
	at com.kms.katalon.core.webui.keyword.WebUiBuiltInKeywords$setText$1.call(Unknown Source)
	at Script1557930374333.run(Script1557930374333.groovy:82)
	... 13 more
"/>
         <system-out><![CDATA[2019-08-23 08:26:33 - [TEST_CASE][FAILED] - Test Cases/NewArrival/addOnOrderRetail: Test Cases/NewArrival/addOnOrderRetail FAILED.
Reason:
com.kms.katalon.core.exception.StepFailedException: Unable to set text 'guest1-test1@test.com' of object 'Object Repository/Page_cabi Retail Store/input_email'
	at com.kms.katalon.core.webui.keyword.internal.WebUIKeywordMain.stepFailed(WebUIKeywordMain.groovy:64)
	at com.kms.katalon.core.webui.keyword.internal.WebUIKeywordMain.runKeyword(WebUIKeywordMain.groovy:26)
	at com.kms.katalon.core.webui.keyword.builtin.SetTextKeyword.setText(SetTextKeyword.groovy:66)
	at com.kms.katalon.core.webui.keyword.builtin.SetTextKeyword.execute(SetTextKeyword.groovy:37)
	at com.kms.katalon.core.keyword.internal.KeywordExecutor.executeKeywordForPlatform(KeywordExecutor.groovy:56)
	at com.kms.katalon.core.webui.keyword.WebUiBuiltInKeywords.setText(WebUiBuiltInKeywords.groovy:950)
	at com.kms.katalon.core.webui.keyword.WebUiBuiltInKeywords$setText$1.call(Unknown Source)
	at addOnOrderRetail.run(addOnOrderRetail:82)
	at com.kms.katalon.core.main.ScriptEngine.run(ScriptEngine.java:194)
	at com.kms.katalon.core.main.ScriptEngine.runScriptAsRawText(ScriptEngine.java:119)
	at com.kms.katalon.core.main.TestCaseExecutor.runScript(TestCaseExecutor.java:342)
	at com.kms.katalon.core.main.TestCaseExecutor.doExecute(TestCaseExecutor.java:333)
	at com.kms.katalon.core.main.TestCaseExecutor.processExecutionPhase(TestCaseExecutor.java:312)
	at com.kms.katalon.core.main.TestCaseExecutor.accessMainPhase(TestCaseExecutor.java:304)
	at com.kms.katalon.core.main.TestCaseExecutor.execute(TestCaseExecutor.java:238)
	at com.kms.katalon.core.main.TestSuiteExecutor.accessTestCaseMainPhase(TestSuiteExecutor.java:129)
	at com.kms.katalon.core.main.TestSuiteExecutor.accessTestSuiteMainPhase(TestSuiteExecutor.java:112)
	at com.kms.katalon.core.main.TestSuiteExecutor.execute(TestSuiteExecutor.java:81)
	at com.kms.katalon.core.main.TestCaseMain.startTestSuite(TestCaseMain.java:157)
	at com.kms.katalon.core.main.TestCaseMain$startTestSuite$0.call(Unknown Source)
	at TempTestSuite1566527072754.run(TempTestSuite1566527072754.groovy:35)
Caused by: org.openqa.selenium.ElementNotInteractableException: element not interactable
  (Session info: chrome=76.0.3809.100)
Build info: version: '3.7.1', revision: '8a0099a', time: '2017-11-06T21:07:36.161Z'
System info: host: 'NIVEDITA', ip: '192.168.43.31', os.name: 'Windows 8.1', os.arch: 'amd64', os.version: '6.3', java.version: '1.8.0_181'
Driver info: com.kms.katalon.selenium.driver.CChromeDriver
Capabilities {acceptInsecureCerts: false, browserName: chrome, browserVersion: 76.0.3809.100, chrome: {chromedriverVersion: 76.0.3809.68 (420c9498db8ce..., userDataDir: C:\Users\user\AppData\Local...}, goog:chromeOptions: {debuggerAddress: localhost:59501}, javascriptEnabled: true, networkConnectionEnabled: false, pageLoadStrategy: normal, platform: XP, platformName: XP, proxy: Proxy(direct), setWindowRect: true, strictFileInteractability: false, timeouts: {implicit: 0, pageLoad: 300000, script: 30000}, unhandledPromptBehavior: dismiss and notify}
Session ID: 1f155ddd24b65a59d165ae609d5299d1
	at org.openqa.selenium.remote.http.W3CHttpResponseCodec.createException(W3CHttpResponseCodec.java:187)
	at org.openqa.selenium.remote.http.W3CHttpResponseCodec.decode(W3CHttpResponseCodec.java:122)
	at org.openqa.selenium.remote.http.W3CHttpResponseCodec.decode(W3CHttpResponseCodec.java:49)
	at org.openqa.selenium.remote.HttpCommandExecutor.execute(HttpCommandExecutor.java:164)
	at org.openqa.selenium.remote.service.DriverCommandExecutor.execute(DriverCommandExecutor.java:83)
	at org.openqa.selenium.remote.RemoteWebDriver.execute(RemoteWebDriver.java:600)
	at com.kms.katalon.selenium.driver.CChromeDriver.execute(CChromeDriver.java:20)
	at org.openqa.selenium.remote.RemoteWebElement.execute(RemoteWebElement.java:279)
	at org.openqa.selenium.remote.RemoteWebElement.clear(RemoteWebElement.java:118)
	at com.kms.katalon.core.webui.keyword.builtin.SetTextKeyword$_setText_closure1.doCall(SetTextKeyword.groovy:53)
	at com.kms.katalon.core.webui.keyword.builtin.SetTextKeyword$_setText_closure1.call(SetTextKeyword.groovy)
	at com.kms.katalon.core.webui.keyword.internal.WebUIKeywordMain.runKeyword(WebUIKeywordMain.groovy:20)
	at com.kms.katalon.core.webui.keyword.builtin.SetTextKeyword.setText(SetTextKeyword.groovy:66)
	at com.kms.katalon.core.webui.keyword.builtin.SetTextKeyword.execute(SetTextKeyword.groovy:37)
	at com.kms.katalon.core.keyword.internal.KeywordExecutor.executeKeywordForPlatform(KeywordExecutor.groovy:56)
	at com.kms.katalon.core.webui.keyword.WebUiBuiltInKeywords.setText(WebUiBuiltInKeywords.groovy:950)
	at com.kms.katalon.core.webui.keyword.WebUiBuiltInKeywords$setText$1.call(Unknown Source)
	at Script1557930374333.run(Script1557930374333.groovy:82)
	... 13 more


2019-08-23 08:26:33 - [TEST_STEP][PASSED] - Start listener action : sampleBeforeTestCase: null

2019-08-23 08:26:33 - [TEST_STEP][PASSED] - println(testCaseContext.getTestCaseId()): null

2019-08-23 08:26:33 - [TEST_STEP][PASSED] - println(testCaseContext.getTestCaseVariables()): null

2019-08-23 08:26:33 - [TEST_STEP][PASSED] - openBrowser(""): Browser is opened with url: ''

2019-08-23 08:26:33 - [MESSAGE][WARNING] - A browser is already opened. Closing browser and opening a new one

2019-08-23 08:26:34 - [MESSAGE][INFO] - Starting 'Chrome' driver

2019-08-23 08:26:34 - [MESSAGE][INFO] - User set preference: ['args', '[--use-fake-ui-for-media-stream, --start-maximized]']

2019-08-23 08:26:36 - [MESSAGE][PASSED] - Browser is opened with url: ''

2019-08-23 08:26:36 - [TEST_STEP][PASSED] - driver = <not implemented yet for class: org.codehaus.groovy.ast.expr.EmptyExpression>: null

2019-08-23 08:26:36 - [TEST_STEP][PASSED] - executor = <not implemented yet for class: org.codehaus.groovy.ast.expr.EmptyExpression>: null

2019-08-23 08:26:36 - [TEST_STEP][PASSED] - addOnStyle = findTestData("miscData").getValue("addOnStyle", 1): null

2019-08-23 08:26:36 - [TEST_STEP][FAILED] - for ([timeRow = 1, timeRow <= findTestData("timezoneData").getRowNumbers(), (timeRow++)]): for ([timeRow = 1, timeRow <= findTestData("timezoneData").getRowNumbers(), (timeRow++)]) FAILED.
Reason:
com.kms.katalon.core.exception.StepFailedException: Unable to set text 'guest1-test1@test.com' of object 'Object Repository/Page_cabi Retail Store/input_email'
	at com.kms.katalon.core.webui.keyword.internal.WebUIKeywordMain.stepFailed(WebUIKeywordMain.groovy:64)
	at com.kms.katalon.core.webui.keyword.internal.WebUIKeywordMain.runKeyword(WebUIKeywordMain.groovy:26)
	at com.kms.katalon.core.webui.keyword.builtin.SetTextKeyword.setText(SetTextKeyword.groovy:66)
	at com.kms.katalon.core.webui.keyword.builtin.SetTextKeyword.execute(SetTextKeyword.groovy:37)
	at com.kms.katalon.core.keyword.internal.KeywordExecutor.executeKeywordForPlatform(KeywordExecutor.groovy:56)
	at com.kms.katalon.core.webui.keyword.WebUiBuiltInKeywords.setText(WebUiBuiltInKeywords.groovy:950)
	at com.kms.katalon.core.webui.keyword.WebUiBuiltInKeywords$setText$1.call(Unknown Source)
	at addOnOrderRetail.run(addOnOrderRetail:82)
	at com.kms.katalon.core.main.ScriptEngine.run(ScriptEngine.java:194)
	at com.kms.katalon.core.main.ScriptEngine.runScriptAsRawText(ScriptEngine.java:119)
	at com.kms.katalon.core.main.TestCaseExecutor.runScript(TestCaseExecutor.java:342)
	at com.kms.katalon.core.main.TestCaseExecutor.doExecute(TestCaseExecutor.java:333)
	at com.kms.katalon.core.main.TestCaseExecutor.processExecutionPhase(TestCaseExecutor.java:312)
	at com.kms.katalon.core.main.TestCaseExecutor.accessMainPhase(TestCaseExecutor.java:304)
	at com.kms.katalon.core.main.TestCaseExecutor.execute(TestCaseExecutor.java:238)
	at com.kms.katalon.core.main.TestSuiteExecutor.accessTestCaseMainPhase(TestSuiteExecutor.java:129)
	at com.kms.katalon.core.main.TestSuiteExecutor.accessTestSuiteMainPhase(TestSuiteExecutor.java:112)
	at com.kms.katalon.core.main.TestSuiteExecutor.execute(TestSuiteExecutor.java:81)
	at com.kms.katalon.core.main.TestCaseMain.startTestSuite(TestCaseMain.java:157)
	at com.kms.katalon.core.main.TestCaseMain$startTestSuite$0.call(Unknown Source)
	at TempTestSuite1566527072754.run(TempTestSuite1566527072754.groovy:35)
Caused by: org.openqa.selenium.ElementNotInteractableException: element not interactable
  (Session info: chrome=76.0.3809.100)
Build info: version: '3.7.1', revision: '8a0099a', time: '2017-11-06T21:07:36.161Z'
System info: host: 'NIVEDITA', ip: '192.168.43.31', os.name: 'Windows 8.1', os.arch: 'amd64', os.version: '6.3', java.version: '1.8.0_181'
Driver info: com.kms.katalon.selenium.driver.CChromeDriver
Capabilities {acceptInsecureCerts: false, browserName: chrome, browserVersion: 76.0.3809.100, chrome: {chromedriverVersion: 76.0.3809.68 (420c9498db8ce..., userDataDir: C:\Users\user\AppData\Local...}, goog:chromeOptions: {debuggerAddress: localhost:59501}, javascriptEnabled: true, networkConnectionEnabled: false, pageLoadStrategy: normal, platform: XP, platformName: XP, proxy: Proxy(direct), setWindowRect: true, strictFileInteractability: false, timeouts: {implicit: 0, pageLoad: 300000, script: 30000}, unhandledPromptBehavior: dismiss and notify}
Session ID: 1f155ddd24b65a59d165ae609d5299d1
	at org.openqa.selenium.remote.http.W3CHttpResponseCodec.createException(W3CHttpResponseCodec.java:187)
	at org.openqa.selenium.remote.http.W3CHttpResponseCodec.decode(W3CHttpResponseCodec.java:122)
	at org.openqa.selenium.remote.http.W3CHttpResponseCodec.decode(W3CHttpResponseCodec.java:49)
	at org.openqa.selenium.remote.HttpCommandExecutor.execute(HttpCommandExecutor.java:164)
	at org.openqa.selenium.remote.service.DriverCommandExecutor.execute(DriverCommandExecutor.java:83)
	at org.openqa.selenium.remote.RemoteWebDriver.execute(RemoteWebDriver.java:600)
	at com.kms.katalon.selenium.driver.CChromeDriver.execute(CChromeDriver.java:20)
	at org.openqa.selenium.remote.RemoteWebElement.execute(RemoteWebElement.java:279)
	at org.openqa.selenium.remote.RemoteWebElement.clear(RemoteWebElement.java:118)
	at com.kms.katalon.core.webui.keyword.builtin.SetTextKeyword$_setText_closure1.doCall(SetTextKeyword.groovy:53)
	at com.kms.katalon.core.webui.keyword.builtin.SetTextKeyword$_setText_closure1.call(SetTextKeyword.groovy)
	at com.kms.katalon.core.webui.keyword.internal.WebUIKeywordMain.runKeyword(WebUIKeywordMain.groovy:20)
	at com.kms.katalon.core.webui.keyword.builtin.SetTextKeyword.setText(SetTextKeyword.groovy:66)
	at com.kms.katalon.core.webui.keyword.builtin.SetTextKeyword.execute(SetTextKeyword.groovy:37)
	at com.kms.katalon.core.keyword.internal.KeywordExecutor.executeKeywordForPlatform(KeywordExecutor.groovy:56)
	at com.kms.katalon.core.webui.keyword.WebUiBuiltInKeywords.setText(WebUiBuiltInKeywords.groovy:950)
	at com.kms.katalon.core.webui.keyword.WebUiBuiltInKeywords$setText$1.call(Unknown Source)
	at Script1557930374333.run(Script1557930374333.groovy:82)
	... 13 more


2019-08-23 08:26:36 - [TEST_STEP][PASSED] - callTestCase(findTestCase("NewArrival/populateTimeGlobalVars"), ["row":timeRow], STOP_ON_FAILURE): Call Test Case 'Test Cases/NewArrival/populateTimeGlobalVars' successfully

2019-08-23 08:26:36 - [TEST_CASE][PASSED] - Test Cases/NewArrival/populateTimeGlobalVars: Test Cases/NewArrival/populateTimeGlobalVars

2019-08-23 08:26:36 - [TEST_STEP][PASSED] - dataFile = "timezoneData": null

2019-08-23 08:26:36 - [TEST_STEP][PASSED] - clockServerTarget = UtilityMethods.getTestData("envtData", "clockServerTarget", 1): null

2019-08-23 08:26:36 - [TEST_STEP][PASSED] - println(clockServerTarget): null

2019-08-23 08:26:36 - [TEST_STEP][PASSED] - orderType = UtilityMethods.getTestData(dataFile, "orderType", row): null

2019-08-23 08:26:36 - [TEST_STEP][PASSED] - timeZone = UtilityMethods.getTestData(dataFile, "timeZone", row): null

2019-08-23 08:26:36 - [TEST_STEP][PASSED] - BOPersonal = UtilityMethods.getTestData(dataFile, "BOPersonal", row): null

2019-08-23 08:26:36 - [TEST_STEP][PASSED] - BOAddonPersonal = UtilityMethods.getTestData(dataFile, "BOAddonPersonal", row): null

2019-08-23 08:26:36 - [TEST_STEP][PASSED] - BOAddonRetail = UtilityMethods.getTestData(dataFile, "BOAddonRetail", row): null

2019-08-23 08:26:36 - [TEST_STEP][PASSED] - BORetail = UtilityMethods.getTestData(dataFile, "BORetail", row): null

2019-08-23 08:26:36 - [TEST_STEP][PASSED] - BOShow = UtilityMethods.getTestData(dataFile, "BOShow", row): null

2019-08-23 08:26:36 - [TEST_STEP][PASSED] - BOOnlineoutlet = UtilityMethods.getTestData(dataFile, "BOOnlineoutlet", row): null

2019-08-23 08:26:36 - [TEST_STEP][PASSED] - BOEmployee = UtilityMethods.getTestData(dataFile, "BOEmployee", row): null

2019-08-23 08:26:36 - [TEST_STEP][PASSED] - CCPersonal = UtilityMethods.getTestData(dataFile, "CCPersonal", row): null

2019-08-23 08:26:36 - [TEST_STEP][PASSED] - CCRetail = UtilityMethods.getTestData(dataFile, "CCRetail", row): null

2019-08-23 08:26:36 - [TEST_STEP][PASSED] - CCShow = UtilityMethods.getTestData(dataFile, "CCShow", row): null

2019-08-23 08:26:36 - [TEST_STEP][PASSED] - BOEblast = UtilityMethods.getTestData(dataFile, "BOEblast", row): null

2019-08-23 08:26:36 - [MESSAGE][PASSED] - Call Test Case 'Test Cases/NewArrival/populateTimeGlobalVars' successfully

2019-08-23 08:26:36 - [TEST_STEP][PASSED] - callTestCase(findTestCase("NewArrival/setTimezone"), ["ofbizURL":"", "ofbizuser":"", "ofbizpass":"", "orderType":orderType, "timeZone":timeZone, "serverTarget":serverTarget, "clockServerTarget":clockServerTarget], STOP_ON_FAILURE): Call Test Case 'Test Cases/NewArrival/setTimezone' successfully

2019-08-23 08:26:36 - [TEST_CASE][PASSED] - Test Cases/NewArrival/setTimezone: Test Cases/NewArrival/setTimezone

2019-08-23 08:26:36 - [TEST_STEP][PASSED] - openBrowser(""): Browser is opened with url: ''

2019-08-23 08:26:36 - [MESSAGE][WARNING] - A browser is already opened. Closing browser and opening a new one

2019-08-23 08:26:37 - [MESSAGE][INFO] - Starting 'Chrome' driver

2019-08-23 08:26:37 - [MESSAGE][INFO] - User set preference: ['args', '[--use-fake-ui-for-media-stream, --start-maximized]']

2019-08-23 08:26:39 - [MESSAGE][PASSED] - Browser is opened with url: ''

2019-08-23 08:26:39 - [TEST_STEP][NOT_RUN] - maximizeWindow(): NOT_RUN: maximizeWindow()

2019-08-23 08:26:39 - [MESSAGE][NOT_RUN] - NOT_RUN: maximizeWindow()

2019-08-23 08:26:39 - [TEST_STEP][PASSED] - ofbizURL = findTestData("envtData").getValue("ofbizURL", 1): null

2019-08-23 08:26:39 - [TEST_STEP][PASSED] - ofbizuser = findTestData("credData").getValue("ofbizuser", 1): null

2019-08-23 08:26:39 - [TEST_STEP][PASSED] - ofbizpass = findTestData("credData").getValue("ofbizpass", 1): null

2019-08-23 08:26:39 - [TEST_STEP][PASSED] - navigateToUrl(ofbizURL): Navigate to 'https://pushofbiz.cliotest.com/login.php' successfully

2019-08-23 08:26:41 - [MESSAGE][PASSED] - Navigate to 'https://pushofbiz.cliotest.com/login.php' successfully

2019-08-23 08:26:41 - [TEST_STEP][PASSED] - setText(findTestObject("Page_/input_Username_username"), ofbizuser): Text 'automation' is set on object 'Object Repository/Page_/input_Username_username'

2019-08-23 08:26:41 - [MESSAGE][PASSED] - Text 'automation' is set on object 'Object Repository/Page_/input_Username_username'

2019-08-23 08:26:41 - [TEST_STEP][PASSED] - setText(findTestObject("Page_/input_Password_password"), ofbizpass): Text 'cabiautomation' is set on object 'Object Repository/Page_/input_Password_password'

2019-08-23 08:26:41 - [MESSAGE][PASSED] - Text 'cabiautomation' is set on object 'Object Repository/Page_/input_Password_password'

2019-08-23 08:26:41 - [TEST_STEP][PASSED] - click(findTestObject("Page_/input_Password_Submit")): Object: 'Object Repository/Page_/input_Password_Submit' is clicked on

2019-08-23 08:26:46 - [MESSAGE][PASSED] - Object: 'Object Repository/Page_/input_Password_Submit' is clicked on

2019-08-23 08:26:46 - [TEST_STEP][PASSED] - click(findTestObject("Object Repository/Page_/a_Clock set")): Object: 'Object Repository/Page_/a_Clock set' is clicked on

2019-08-23 08:26:46 - [MESSAGE][PASSED] - Object: 'Object Repository/Page_/a_Clock set' is clicked on

2019-08-23 08:26:46 - [TEST_STEP][PASSED] - cst = UtilityMethods.createTestObject("select_target", "//select[@name='Target']/option[contains(text(), '", clockServerTarget, "')]"): null

2019-08-23 08:26:46 - [TEST_STEP][PASSED] - println(clockServerTarget): null

2019-08-23 08:26:46 - [TEST_STEP][PASSED] - click(cst): Object: 'select_target' is clicked on

2019-08-23 08:26:46 - [MESSAGE][PASSED] - Object: 'select_target' is clicked on

2019-08-23 08:26:46 - [TEST_STEP][PASSED] - click(findTestObject("Page_/thisDateAndTime")): Object: 'Object Repository/Page_/thisDateAndTime' is clicked on

2019-08-23 08:26:47 - [MESSAGE][PASSED] - Object: 'Object Repository/Page_/thisDateAndTime' is clicked on

2019-08-23 08:26:47 - [TEST_STEP][PASSED] - setText(findTestObject("Object Repository/Page_/setTargetTime"), timeZone): Text ' 09/06/2019 7:00' is set on object 'Object Repository/Page_/setTargetTime'

2019-08-23 08:26:47 - [MESSAGE][PASSED] - Text ' 09/06/2019 7:00' is set on object 'Object Repository/Page_/setTargetTime'

2019-08-23 08:26:47 - [TEST_STEP][PASSED] - click(findTestObject("Object Repository/Page_/input")): Object: 'Object Repository/Page_/input' is clicked on

2019-08-23 08:26:48 - [MESSAGE][PASSED] - Object: 'Object Repository/Page_/input' is clicked on

2019-08-23 08:26:48 - [TEST_STEP][PASSED] - delay(10): Delayed 10 second(s)

2019-08-23 08:26:58 - [MESSAGE][PASSED] - Delayed 10 second(s)

2019-08-23 08:26:58 - [TEST_STEP][NOT_RUN] - closeBrowser(): NOT_RUN: closeBrowser()

2019-08-23 08:26:58 - [MESSAGE][NOT_RUN] - NOT_RUN: closeBrowser()

2019-08-23 08:26:58 - [MESSAGE][PASSED] - Call Test Case 'Test Cases/NewArrival/setTimezone' successfully

2019-08-23 08:26:58 - [TEST_STEP][PASSED] - callTestCase(findTestCase("TestCaseUtilities/backOfficeLogin"), ["BOURL":"", "BOuser":"", "BOpass":""], STOP_ON_FAILURE): Call Test Case 'Test Cases/TestCaseUtilities/backOfficeLogin' successfully

2019-08-23 08:26:58 - [TEST_CASE][PASSED] - Test Cases/TestCaseUtilities/backOfficeLogin: Test Cases/TestCaseUtilities/backOfficeLogin

2019-08-23 08:26:58 - [TEST_STEP][PASSED] - BOURL = findTestData("envtData").getValue("BOURL", 1): null

2019-08-23 08:26:58 - [TEST_STEP][PASSED] - BOuser = findTestData("credData").getValue("BOuser", 1): null

2019-08-23 08:26:58 - [TEST_STEP][PASSED] - BOpass = findTestData("credData").getValue("BOpass", 1): null

2019-08-23 08:26:58 - [TEST_STEP][PASSED] - openBrowser(""): Browser is opened with url: ''

2019-08-23 08:26:58 - [MESSAGE][WARNING] - A browser is already opened. Closing browser and opening a new one

2019-08-23 08:26:59 - [MESSAGE][INFO] - Starting 'Chrome' driver

2019-08-23 08:26:59 - [MESSAGE][INFO] - User set preference: ['args', '[--use-fake-ui-for-media-stream, --start-maximized]']

2019-08-23 08:27:01 - [MESSAGE][PASSED] - Browser is opened with url: ''

2019-08-23 08:27:01 - [TEST_STEP][PASSED] - navigateToUrl(BOURL): Navigate to 'https://test4.cliotest.com/backoffice/control/main' successfully

2019-08-23 08:27:08 - [MESSAGE][PASSED] - Navigate to 'https://test4.cliotest.com/backoffice/control/main' successfully

2019-08-23 08:27:08 - [TEST_STEP][PASSED] - logOut = findWebElements(findTestObject("Object Repository/Page_cabi Home/log_out"), 1): Unable to find the element located by 'By.xpath: //a[contains(text(),'Log Out')]'. Please recheck the objects properties to make sure the desired element is located. 

2019-08-23 08:27:09 - [MESSAGE][INFO] - Unable to find the element located by 'By.xpath: //a[contains(text(),'Log Out')]'. Please recheck the objects properties to make sure the desired element is located. 

2019-08-23 08:27:09 - [TEST_STEP][PASSED] - if (logOut.size() == 0): Object: 'Object Repository/Page_cabi/input_Welcome to_consultantLogin' is clicked on

2019-08-23 08:27:09 - [TEST_STEP][PASSED] - setText(findTestObject("Page_cabi/input_Welcome to_USERNAME"), BOuser): Text '400000002' is set on object 'Object Repository/Page_cabi/input_Welcome to_USERNAME'

2019-08-23 08:27:09 - [MESSAGE][PASSED] - Text '400000002' is set on object 'Object Repository/Page_cabi/input_Welcome to_USERNAME'

2019-08-23 08:27:09 - [TEST_STEP][PASSED] - setText(findTestObject("Object Repository/Page_cabi/input_Welcome to_PASSWORD"), BOpass): Text 'blackdress19' is set on object 'Object Repository/Page_cabi/input_Welcome to_PASSWORD'

2019-08-23 08:27:09 - [MESSAGE][PASSED] - Text 'blackdress19' is set on object 'Object Repository/Page_cabi/input_Welcome to_PASSWORD'

2019-08-23 08:27:09 - [TEST_STEP][PASSED] - click(findTestObject("Object Repository/Page_cabi/input_Welcome to_consultantLogin")): Object: 'Object Repository/Page_cabi/input_Welcome to_consultantLogin' is clicked on

2019-08-23 08:27:18 - [MESSAGE][PASSED] - Object: 'Object Repository/Page_cabi/input_Welcome to_consultantLogin' is clicked on

2019-08-23 08:27:18 - [TEST_STEP][PASSED] - delay(3): Delayed 3 second(s)

2019-08-23 08:27:21 - [MESSAGE][PASSED] - Delayed 3 second(s)

2019-08-23 08:27:21 - [MESSAGE][PASSED] - Call Test Case 'Test Cases/TestCaseUtilities/backOfficeLogin' successfully

2019-08-23 08:27:21 - [TEST_STEP][PASSED] - driver = getWebDriver(): null

2019-08-23 08:27:21 - [TEST_STEP][PASSED] - executor = driver: null

2019-08-23 08:27:21 - [TEST_STEP][PASSED] - click(findTestObject("Page_cabi Home/a_Shows  Orders")): Object: 'Object Repository/Page_cabi Home/a_Shows  Orders' is clicked on

2019-08-23 08:27:21 - [MESSAGE][PASSED] - Object: 'Object Repository/Page_cabi Home/a_Shows  Orders' is clicked on

2019-08-23 08:27:21 - [TEST_STEP][PASSED] - delay(1): Delayed 1 second(s)

2019-08-23 08:27:22 - [MESSAGE][PASSED] - Delayed 1 second(s)

2019-08-23 08:27:22 - [TEST_STEP][PASSED] - click(findTestObject("Page_cabi Home/a_retail_purchases")): Object: 'Object Repository/Page_cabi Home/a_retail_purchases' is clicked on

2019-08-23 08:27:27 - [MESSAGE][PASSED] - Object: 'Object Repository/Page_cabi Home/a_retail_purchases' is clicked on

2019-08-23 08:27:27 - [TEST_STEP][PASSED] - delay(3): Delayed 3 second(s)

2019-08-23 08:27:30 - [MESSAGE][PASSED] - Delayed 3 second(s)

2019-08-23 08:27:30 - [TEST_STEP][PASSED] - click(findTestObject("Object Repository/Page_cabi Home/existingCustomer")): Object: 'Object Repository/Page_cabi Home/existingCustomer' is clicked on

2019-08-23 08:27:30 - [MESSAGE][PASSED] - Object: 'Object Repository/Page_cabi Home/existingCustomer' is clicked on

2019-08-23 08:27:30 - [TEST_STEP][PASSED] - contactNumber = 3: null

2019-08-23 08:27:30 - [TEST_STEP][PASSED] - firstName = findTestData("contactData").getValue("firstName", contactNumber): null

2019-08-23 08:27:30 - [TEST_STEP][PASSED] - lastName = findTestData("contactData").getValue("lastName", contactNumber): null

2019-08-23 08:27:30 - [TEST_STEP][PASSED] - email = findTestData("contactData").getValue("email", contactNumber): null

2019-08-23 08:27:30 - [TEST_STEP][PASSED] - address1 = findTestData("contactData").getValue("address1", contactNumber): null

2019-08-23 08:27:30 - [TEST_STEP][PASSED] - city = findTestData("contactData").getValue("city", contactNumber): null

2019-08-23 08:27:30 - [TEST_STEP][PASSED] - state = findTestData("contactData").getValue("state", contactNumber): null

2019-08-23 08:27:30 - [TEST_STEP][PASSED] - zip = findTestData("contactData").getValue("zip", contactNumber): null

2019-08-23 08:27:30 - [TEST_STEP][PASSED] - existingCustFName = firstName: null

2019-08-23 08:27:30 - [TEST_STEP][PASSED] - existingCustLName = lastName: null

2019-08-23 08:27:30 - [TEST_STEP][PASSED] - space = " ": null

2019-08-23 08:27:30 - [TEST_STEP][PASSED] - existingCust = $existingCustFName$space$existingCustLName: null

2019-08-23 08:27:30 - [TEST_STEP][PASSED] - setText(findTestObject("Object Repository/Page_cabi Home/input_existing_guest"), existingCust): Text 'guest1-test1 abc' is set on object 'Object Repository/Page_cabi Home/input_existing_guest'

2019-08-23 08:27:31 - [MESSAGE][PASSED] - Text 'guest1-test1 abc' is set on object 'Object Repository/Page_cabi Home/input_existing_guest'

2019-08-23 08:27:31 - [TEST_STEP][PASSED] - delay(2): Delayed 2 second(s)

2019-08-23 08:27:33 - [MESSAGE][PASSED] - Delayed 2 second(s)

2019-08-23 08:27:33 - [TEST_STEP][PASSED] - sendKeys(findTestObject("Object Repository/Page_cabi Home/input_existing_guest"), Keys.chord(ARROW_DOWN)): Keys 'DOWN + ' sent to object: 'Object Repository/Page_cabi Home/input_existing_guest'

2019-08-23 08:27:33 - [MESSAGE][PASSED] - Keys 'DOWN + ' sent to object: 'Object Repository/Page_cabi Home/input_existing_guest'

2019-08-23 08:27:33 - [TEST_STEP][PASSED] - delay(2): Delayed 2 second(s)

2019-08-23 08:27:35 - [MESSAGE][PASSED] - Delayed 2 second(s)

2019-08-23 08:27:35 - [TEST_STEP][PASSED] - sendKeys(findTestObject("Object Repository/Page_cabi Home/input_existing_guest"), Keys.chord(ENTER)): Keys 'ENTER + ' sent to object: 'Object Repository/Page_cabi Home/input_existing_guest'

2019-08-23 08:27:35 - [MESSAGE][PASSED] - Keys 'ENTER + ' sent to object: 'Object Repository/Page_cabi Home/input_existing_guest'

2019-08-23 08:27:35 - [TEST_STEP][FAILED] - setText(findTestObject("Object Repository/Page_cabi Retail Store/input_email"), email): for ([timeRow = 1, timeRow <= findTestData("timezoneData").getRowNumbers(), (timeRow++)]) FAILED.
Reason:
com.kms.katalon.core.exception.StepFailedException: Unable to set text 'guest1-test1@test.com' of object 'Object Repository/Page_cabi Retail Store/input_email'
	at com.kms.katalon.core.webui.keyword.internal.WebUIKeywordMain.stepFailed(WebUIKeywordMain.groovy:64)
	at com.kms.katalon.core.webui.keyword.internal.WebUIKeywordMain.runKeyword(WebUIKeywordMain.groovy:26)
	at com.kms.katalon.core.webui.keyword.builtin.SetTextKeyword.setText(SetTextKeyword.groovy:66)
	at com.kms.katalon.core.webui.keyword.builtin.SetTextKeyword.execute(SetTextKeyword.groovy:37)
	at com.kms.katalon.core.keyword.internal.KeywordExecutor.executeKeywordForPlatform(KeywordExecutor.groovy:56)
	at com.kms.katalon.core.webui.keyword.WebUiBuiltInKeywords.setText(WebUiBuiltInKeywords.groovy:950)
	at com.kms.katalon.core.webui.keyword.WebUiBuiltInKeywords$setText$1.call(Unknown Source)
	at addOnOrderRetail.run(addOnOrderRetail:82)
	at com.kms.katalon.core.main.ScriptEngine.run(ScriptEngine.java:194)
	at com.kms.katalon.core.main.ScriptEngine.runScriptAsRawText(ScriptEngine.java:119)
	at com.kms.katalon.core.main.TestCaseExecutor.runScript(TestCaseExecutor.java:342)
	at com.kms.katalon.core.main.TestCaseExecutor.doExecute(TestCaseExecutor.java:333)
	at com.kms.katalon.core.main.TestCaseExecutor.processExecutionPhase(TestCaseExecutor.java:312)
	at com.kms.katalon.core.main.TestCaseExecutor.accessMainPhase(TestCaseExecutor.java:304)
	at com.kms.katalon.core.main.TestCaseExecutor.execute(TestCaseExecutor.java:238)
	at com.kms.katalon.core.main.TestSuiteExecutor.accessTestCaseMainPhase(TestSuiteExecutor.java:129)
	at com.kms.katalon.core.main.TestSuiteExecutor.accessTestSuiteMainPhase(TestSuiteExecutor.java:112)
	at com.kms.katalon.core.main.TestSuiteExecutor.execute(TestSuiteExecutor.java:81)
	at com.kms.katalon.core.main.TestCaseMain.startTestSuite(TestCaseMain.java:157)
	at com.kms.katalon.core.main.TestCaseMain$startTestSuite$0.call(Unknown Source)
	at TempTestSuite1566527072754.run(TempTestSuite1566527072754.groovy:35)
Caused by: org.openqa.selenium.ElementNotInteractableException: element not interactable
  (Session info: chrome=76.0.3809.100)
Build info: version: '3.7.1', revision: '8a0099a', time: '2017-11-06T21:07:36.161Z'
System info: host: 'NIVEDITA', ip: '192.168.43.31', os.name: 'Windows 8.1', os.arch: 'amd64', os.version: '6.3', java.version: '1.8.0_181'
Driver info: com.kms.katalon.selenium.driver.CChromeDriver
Capabilities {acceptInsecureCerts: false, browserName: chrome, browserVersion: 76.0.3809.100, chrome: {chromedriverVersion: 76.0.3809.68 (420c9498db8ce..., userDataDir: C:\Users\user\AppData\Local...}, goog:chromeOptions: {debuggerAddress: localhost:59501}, javascriptEnabled: true, networkConnectionEnabled: false, pageLoadStrategy: normal, platform: XP, platformName: XP, proxy: Proxy(direct), setWindowRect: true, strictFileInteractability: false, timeouts: {implicit: 0, pageLoad: 300000, script: 30000}, unhandledPromptBehavior: dismiss and notify}
Session ID: 1f155ddd24b65a59d165ae609d5299d1
	at org.openqa.selenium.remote.http.W3CHttpResponseCodec.createException(W3CHttpResponseCodec.java:187)
	at org.openqa.selenium.remote.http.W3CHttpResponseCodec.decode(W3CHttpResponseCodec.java:122)
	at org.openqa.selenium.remote.http.W3CHttpResponseCodec.decode(W3CHttpResponseCodec.java:49)
	at org.openqa.selenium.remote.HttpCommandExecutor.execute(HttpCommandExecutor.java:164)
	at org.openqa.selenium.remote.service.DriverCommandExecutor.execute(DriverCommandExecutor.java:83)
	at org.openqa.selenium.remote.RemoteWebDriver.execute(RemoteWebDriver.java:600)
	at com.kms.katalon.selenium.driver.CChromeDriver.execute(CChromeDriver.java:20)
	at org.openqa.selenium.remote.RemoteWebElement.execute(RemoteWebElement.java:279)
	at org.openqa.selenium.remote.RemoteWebElement.clear(RemoteWebElement.java:118)
	at com.kms.katalon.core.webui.keyword.builtin.SetTextKeyword$_setText_closure1.doCall(SetTextKeyword.groovy:53)
	at com.kms.katalon.core.webui.keyword.builtin.SetTextKeyword$_setText_closure1.call(SetTextKeyword.groovy)
	at com.kms.katalon.core.webui.keyword.internal.WebUIKeywordMain.runKeyword(WebUIKeywordMain.groovy:20)
	at com.kms.katalon.core.webui.keyword.builtin.SetTextKeyword.setText(SetTextKeyword.groovy:66)
	at com.kms.katalon.core.webui.keyword.builtin.SetTextKeyword.execute(SetTextKeyword.groovy:37)
	at com.kms.katalon.core.keyword.internal.KeywordExecutor.executeKeywordForPlatform(KeywordExecutor.groovy:56)
	at com.kms.katalon.core.webui.keyword.WebUiBuiltInKeywords.setText(WebUiBuiltInKeywords.groovy:950)
	at com.kms.katalon.core.webui.keyword.WebUiBuiltInKeywords$setText$1.call(Unknown Source)
	at Script1557930374333.run(Script1557930374333.groovy:82)
	... 13 more


2019-08-23 08:27:35 - [MESSAGE][FAILED] - Unable to set text 'guest1-test1@test.com' of object 'Object Repository/Page_cabi Retail Store/input_email' (Root cause: com.kms.katalon.core.exception.StepFailedException: Unable to set text 'guest1-test1@test.com' of object 'Object Repository/Page_cabi Retail Store/input_email'
	at com.kms.katalon.core.webui.keyword.internal.WebUIKeywordMain.stepFailed(WebUIKeywordMain.groovy:64)
	at com.kms.katalon.core.webui.keyword.internal.WebUIKeywordMain.runKeyword(WebUIKeywordMain.groovy:26)
	at com.kms.katalon.core.webui.keyword.builtin.SetTextKeyword.setText(SetTextKeyword.groovy:66)
	at com.kms.katalon.core.webui.keyword.builtin.SetTextKeyword.execute(SetTextKeyword.groovy:37)
	at com.kms.katalon.core.keyword.internal.KeywordExecutor.executeKeywordForPlatform(KeywordExecutor.groovy:56)
	at com.kms.katalon.core.webui.keyword.WebUiBuiltInKeywords.setText(WebUiBuiltInKeywords.groovy:950)
	at com.kms.katalon.core.webui.keyword.WebUiBuiltInKeywords$setText$1.call(Unknown Source)
	at addOnOrderRetail.run(addOnOrderRetail:82)
	at com.kms.katalon.core.main.ScriptEngine.run(ScriptEngine.java:194)
	at com.kms.katalon.core.main.ScriptEngine.runScriptAsRawText(ScriptEngine.java:119)
	at com.kms.katalon.core.main.TestCaseExecutor.runScript(TestCaseExecutor.java:342)
	at com.kms.katalon.core.main.TestCaseExecutor.doExecute(TestCaseExecutor.java:333)
	at com.kms.katalon.core.main.TestCaseExecutor.processExecutionPhase(TestCaseExecutor.java:312)
	at com.kms.katalon.core.main.TestCaseExecutor.accessMainPhase(TestCaseExecutor.java:304)
	at com.kms.katalon.core.main.TestCaseExecutor.execute(TestCaseExecutor.java:238)
	at com.kms.katalon.core.main.TestSuiteExecutor.accessTestCaseMainPhase(TestSuiteExecutor.java:129)
	at com.kms.katalon.core.main.TestSuiteExecutor.accessTestSuiteMainPhase(TestSuiteExecutor.java:112)
	at com.kms.katalon.core.main.TestSuiteExecutor.execute(TestSuiteExecutor.java:81)
	at com.kms.katalon.core.main.TestCaseMain.startTestSuite(TestCaseMain.java:157)
	at com.kms.katalon.core.main.TestCaseMain$startTestSuite$0.call(Unknown Source)
	at TempTestSuite1566527072754.run(TempTestSuite1566527072754.groovy:35)
Caused by: org.openqa.selenium.ElementNotInteractableException: element not interactable
  (Session info: chrome=76.0.3809.100)
Build info: version: '3.7.1', revision: '8a0099a', time: '2017-11-06T21:07:36.161Z'
System info: host: 'NIVEDITA', ip: '192.168.43.31', os.name: 'Windows 8.1', os.arch: 'amd64', os.version: '6.3', java.version: '1.8.0_181'
Driver info: com.kms.katalon.selenium.driver.CChromeDriver
Capabilities {acceptInsecureCerts: false, browserName: chrome, browserVersion: 76.0.3809.100, chrome: {chromedriverVersion: 76.0.3809.68 (420c9498db8ce..., userDataDir: C:\Users\user\AppData\Local...}, goog:chromeOptions: {debuggerAddress: localhost:59501}, javascriptEnabled: true, networkConnectionEnabled: false, pageLoadStrategy: normal, platform: XP, platformName: XP, proxy: Proxy(direct), setWindowRect: true, strictFileInteractability: false, timeouts: {implicit: 0, pageLoad: 300000, script: 30000}, unhandledPromptBehavior: dismiss and notify}
Session ID: 1f155ddd24b65a59d165ae609d5299d1
	at org.openqa.selenium.remote.http.W3CHttpResponseCodec.createException(W3CHttpResponseCodec.java:187)
	at org.openqa.selenium.remote.http.W3CHttpResponseCodec.decode(W3CHttpResponseCodec.java:122)
	at org.openqa.selenium.remote.http.W3CHttpResponseCodec.decode(W3CHttpResponseCodec.java:49)
	at org.openqa.selenium.remote.HttpCommandExecutor.execute(HttpCommandExecutor.java:164)
	at org.openqa.selenium.remote.service.DriverCommandExecutor.execute(DriverCommandExecutor.java:83)
	at org.openqa.selenium.remote.RemoteWebDriver.execute(RemoteWebDriver.java:600)
	at com.kms.katalon.selenium.driver.CChromeDriver.execute(CChromeDriver.java:20)
	at org.openqa.selenium.remote.RemoteWebElement.execute(RemoteWebElement.java:279)
	at org.openqa.selenium.remote.RemoteWebElement.clear(RemoteWebElement.java:118)
	at com.kms.katalon.core.webui.keyword.builtin.SetTextKeyword$_setText_closure1.doCall(SetTextKeyword.groovy:53)
	at com.kms.katalon.core.webui.keyword.builtin.SetTextKeyword$_setText_closure1.call(SetTextKeyword.groovy)
	at com.kms.katalon.core.webui.keyword.internal.WebUIKeywordMain.runKeyword(WebUIKeywordMain.groovy:20)
	at com.kms.katalon.core.webui.keyword.builtin.SetTextKeyword.setText(SetTextKeyword.groovy:66)
	at com.kms.katalon.core.webui.keyword.builtin.SetTextKeyword.execute(SetTextKeyword.groovy:37)
	at com.kms.katalon.core.keyword.internal.KeywordExecutor.executeKeywordForPlatform(KeywordExecutor.groovy:56)
	at com.kms.katalon.core.webui.keyword.WebUiBuiltInKeywords.setText(WebUiBuiltInKeywords.groovy:950)
	at com.kms.katalon.core.webui.keyword.WebUiBuiltInKeywords$setText$1.call(Unknown Source)
	at Script1557930374333.run(Script1557930374333.groovy:82)
	... 13 more
)
[[ATTACHMENT|C:\\Users\\user\\Documents\\testautomation\\KatalonProjects\\Reports\\NewArrivalsSuites\\NewArrivalsSuite\\20190823_075432\\1566529055295.png]]

2019-08-23 08:27:35 - [MESSAGE][FAILED] - for ([timeRow = 1, timeRow <= findTestData("timezoneData").getRowNumbers(), (timeRow++)]) FAILED.
Reason:
com.kms.katalon.core.exception.StepFailedException: Unable to set text 'guest1-test1@test.com' of object 'Object Repository/Page_cabi Retail Store/input_email'
	at com.kms.katalon.core.webui.keyword.internal.WebUIKeywordMain.stepFailed(WebUIKeywordMain.groovy:64)
	at com.kms.katalon.core.webui.keyword.internal.WebUIKeywordMain.runKeyword(WebUIKeywordMain.groovy:26)
	at com.kms.katalon.core.webui.keyword.builtin.SetTextKeyword.setText(SetTextKeyword.groovy:66)
	at com.kms.katalon.core.webui.keyword.builtin.SetTextKeyword.execute(SetTextKeyword.groovy:37)
	at com.kms.katalon.core.keyword.internal.KeywordExecutor.executeKeywordForPlatform(KeywordExecutor.groovy:56)
	at com.kms.katalon.core.webui.keyword.WebUiBuiltInKeywords.setText(WebUiBuiltInKeywords.groovy:950)
	at com.kms.katalon.core.webui.keyword.WebUiBuiltInKeywords$setText$1.call(Unknown Source)
	at addOnOrderRetail.run(addOnOrderRetail:82)
	at com.kms.katalon.core.main.ScriptEngine.run(ScriptEngine.java:194)
	at com.kms.katalon.core.main.ScriptEngine.runScriptAsRawText(ScriptEngine.java:119)
	at com.kms.katalon.core.main.TestCaseExecutor.runScript(TestCaseExecutor.java:342)
	at com.kms.katalon.core.main.TestCaseExecutor.doExecute(TestCaseExecutor.java:333)
	at com.kms.katalon.core.main.TestCaseExecutor.processExecutionPhase(TestCaseExecutor.java:312)
	at com.kms.katalon.core.main.TestCaseExecutor.accessMainPhase(TestCaseExecutor.java:304)
	at com.kms.katalon.core.main.TestCaseExecutor.execute(TestCaseExecutor.java:238)
	at com.kms.katalon.core.main.TestSuiteExecutor.accessTestCaseMainPhase(TestSuiteExecutor.java:129)
	at com.kms.katalon.core.main.TestSuiteExecutor.accessTestSuiteMainPhase(TestSuiteExecutor.java:112)
	at com.kms.katalon.core.main.TestSuiteExecutor.execute(TestSuiteExecutor.java:81)
	at com.kms.katalon.core.main.TestCaseMain.startTestSuite(TestCaseMain.java:157)
	at com.kms.katalon.core.main.TestCaseMain$startTestSuite$0.call(Unknown Source)
	at TempTestSuite1566527072754.run(TempTestSuite1566527072754.groovy:35)
Caused by: org.openqa.selenium.ElementNotInteractableException: element not interactable
  (Session info: chrome=76.0.3809.100)
Build info: version: '3.7.1', revision: '8a0099a', time: '2017-11-06T21:07:36.161Z'
System info: host: 'NIVEDITA', ip: '192.168.43.31', os.name: 'Windows 8.1', os.arch: 'amd64', os.version: '6.3', java.version: '1.8.0_181'
Driver info: com.kms.katalon.selenium.driver.CChromeDriver
Capabilities {acceptInsecureCerts: false, browserName: chrome, browserVersion: 76.0.3809.100, chrome: {chromedriverVersion: 76.0.3809.68 (420c9498db8ce..., userDataDir: C:\Users\user\AppData\Local...}, goog:chromeOptions: {debuggerAddress: localhost:59501}, javascriptEnabled: true, networkConnectionEnabled: false, pageLoadStrategy: normal, platform: XP, platformName: XP, proxy: Proxy(direct), setWindowRect: true, strictFileInteractability: false, timeouts: {implicit: 0, pageLoad: 300000, script: 30000}, unhandledPromptBehavior: dismiss and notify}
Session ID: 1f155ddd24b65a59d165ae609d5299d1
	at org.openqa.selenium.remote.http.W3CHttpResponseCodec.createException(W3CHttpResponseCodec.java:187)
	at org.openqa.selenium.remote.http.W3CHttpResponseCodec.decode(W3CHttpResponseCodec.java:122)
	at org.openqa.selenium.remote.http.W3CHttpResponseCodec.decode(W3CHttpResponseCodec.java:49)
	at org.openqa.selenium.remote.HttpCommandExecutor.execute(HttpCommandExecutor.java:164)
	at org.openqa.selenium.remote.service.DriverCommandExecutor.execute(DriverCommandExecutor.java:83)
	at org.openqa.selenium.remote.RemoteWebDriver.execute(RemoteWebDriver.java:600)
	at com.kms.katalon.selenium.driver.CChromeDriver.execute(CChromeDriver.java:20)
	at org.openqa.selenium.remote.RemoteWebElement.execute(RemoteWebElement.java:279)
	at org.openqa.selenium.remote.RemoteWebElement.clear(RemoteWebElement.java:118)
	at com.kms.katalon.core.webui.keyword.builtin.SetTextKeyword$_setText_closure1.doCall(SetTextKeyword.groovy:53)
	at com.kms.katalon.core.webui.keyword.builtin.SetTextKeyword$_setText_closure1.call(SetTextKeyword.groovy)
	at com.kms.katalon.core.webui.keyword.internal.WebUIKeywordMain.runKeyword(WebUIKeywordMain.groovy:20)
	at com.kms.katalon.core.webui.keyword.builtin.SetTextKeyword.setText(SetTextKeyword.groovy:66)
	at com.kms.katalon.core.webui.keyword.builtin.SetTextKeyword.execute(SetTextKeyword.groovy:37)
	at com.kms.katalon.core.keyword.internal.KeywordExecutor.executeKeywordForPlatform(KeywordExecutor.groovy:56)
	at com.kms.katalon.core.webui.keyword.WebUiBuiltInKeywords.setText(WebUiBuiltInKeywords.groovy:950)
	at com.kms.katalon.core.webui.keyword.WebUiBuiltInKeywords$setText$1.call(Unknown Source)
	at Script1557930374333.run(Script1557930374333.groovy:82)
	... 13 more]]></system-out>
         <system-err><![CDATA[2019-08-23 08:26:33 - [TEST_CASE][FAILED] - Test Cases/NewArrival/addOnOrderRetail: Test Cases/NewArrival/addOnOrderRetail FAILED.
Reason:
com.kms.katalon.core.exception.StepFailedException: Unable to set text 'guest1-test1@test.com' of object 'Object Repository/Page_cabi Retail Store/input_email'
	at com.kms.katalon.core.webui.keyword.internal.WebUIKeywordMain.stepFailed(WebUIKeywordMain.groovy:64)
	at com.kms.katalon.core.webui.keyword.internal.WebUIKeywordMain.runKeyword(WebUIKeywordMain.groovy:26)
	at com.kms.katalon.core.webui.keyword.builtin.SetTextKeyword.setText(SetTextKeyword.groovy:66)
	at com.kms.katalon.core.webui.keyword.builtin.SetTextKeyword.execute(SetTextKeyword.groovy:37)
	at com.kms.katalon.core.keyword.internal.KeywordExecutor.executeKeywordForPlatform(KeywordExecutor.groovy:56)
	at com.kms.katalon.core.webui.keyword.WebUiBuiltInKeywords.setText(WebUiBuiltInKeywords.groovy:950)
	at com.kms.katalon.core.webui.keyword.WebUiBuiltInKeywords$setText$1.call(Unknown Source)
	at addOnOrderRetail.run(addOnOrderRetail:82)
	at com.kms.katalon.core.main.ScriptEngine.run(ScriptEngine.java:194)
	at com.kms.katalon.core.main.ScriptEngine.runScriptAsRawText(ScriptEngine.java:119)
	at com.kms.katalon.core.main.TestCaseExecutor.runScript(TestCaseExecutor.java:342)
	at com.kms.katalon.core.main.TestCaseExecutor.doExecute(TestCaseExecutor.java:333)
	at com.kms.katalon.core.main.TestCaseExecutor.processExecutionPhase(TestCaseExecutor.java:312)
	at com.kms.katalon.core.main.TestCaseExecutor.accessMainPhase(TestCaseExecutor.java:304)
	at com.kms.katalon.core.main.TestCaseExecutor.execute(TestCaseExecutor.java:238)
	at com.kms.katalon.core.main.TestSuiteExecutor.accessTestCaseMainPhase(TestSuiteExecutor.java:129)
	at com.kms.katalon.core.main.TestSuiteExecutor.accessTestSuiteMainPhase(TestSuiteExecutor.java:112)
	at com.kms.katalon.core.main.TestSuiteExecutor.execute(TestSuiteExecutor.java:81)
	at com.kms.katalon.core.main.TestCaseMain.startTestSuite(TestCaseMain.java:157)
	at com.kms.katalon.core.main.TestCaseMain$startTestSuite$0.call(Unknown Source)
	at TempTestSuite1566527072754.run(TempTestSuite1566527072754.groovy:35)
Caused by: org.openqa.selenium.ElementNotInteractableException: element not interactable
  (Session info: chrome=76.0.3809.100)
Build info: version: '3.7.1', revision: '8a0099a', time: '2017-11-06T21:07:36.161Z'
System info: host: 'NIVEDITA', ip: '192.168.43.31', os.name: 'Windows 8.1', os.arch: 'amd64', os.version: '6.3', java.version: '1.8.0_181'
Driver info: com.kms.katalon.selenium.driver.CChromeDriver
Capabilities {acceptInsecureCerts: false, browserName: chrome, browserVersion: 76.0.3809.100, chrome: {chromedriverVersion: 76.0.3809.68 (420c9498db8ce..., userDataDir: C:\Users\user\AppData\Local...}, goog:chromeOptions: {debuggerAddress: localhost:59501}, javascriptEnabled: true, networkConnectionEnabled: false, pageLoadStrategy: normal, platform: XP, platformName: XP, proxy: Proxy(direct), setWindowRect: true, strictFileInteractability: false, timeouts: {implicit: 0, pageLoad: 300000, script: 30000}, unhandledPromptBehavior: dismiss and notify}
Session ID: 1f155ddd24b65a59d165ae609d5299d1
	at org.openqa.selenium.remote.http.W3CHttpResponseCodec.createException(W3CHttpResponseCodec.java:187)
	at org.openqa.selenium.remote.http.W3CHttpResponseCodec.decode(W3CHttpResponseCodec.java:122)
	at org.openqa.selenium.remote.http.W3CHttpResponseCodec.decode(W3CHttpResponseCodec.java:49)
	at org.openqa.selenium.remote.HttpCommandExecutor.execute(HttpCommandExecutor.java:164)
	at org.openqa.selenium.remote.service.DriverCommandExecutor.execute(DriverCommandExecutor.java:83)
	at org.openqa.selenium.remote.RemoteWebDriver.execute(RemoteWebDriver.java:600)
	at com.kms.katalon.selenium.driver.CChromeDriver.execute(CChromeDriver.java:20)
	at org.openqa.selenium.remote.RemoteWebElement.execute(RemoteWebElement.java:279)
	at org.openqa.selenium.remote.RemoteWebElement.clear(RemoteWebElement.java:118)
	at com.kms.katalon.core.webui.keyword.builtin.SetTextKeyword$_setText_closure1.doCall(SetTextKeyword.groovy:53)
	at com.kms.katalon.core.webui.keyword.builtin.SetTextKeyword$_setText_closure1.call(SetTextKeyword.groovy)
	at com.kms.katalon.core.webui.keyword.internal.WebUIKeywordMain.runKeyword(WebUIKeywordMain.groovy:20)
	at com.kms.katalon.core.webui.keyword.builtin.SetTextKeyword.setText(SetTextKeyword.groovy:66)
	at com.kms.katalon.core.webui.keyword.builtin.SetTextKeyword.execute(SetTextKeyword.groovy:37)
	at com.kms.katalon.core.keyword.internal.KeywordExecutor.executeKeywordForPlatform(KeywordExecutor.groovy:56)
	at com.kms.katalon.core.webui.keyword.WebUiBuiltInKeywords.setText(WebUiBuiltInKeywords.groovy:950)
	at com.kms.katalon.core.webui.keyword.WebUiBuiltInKeywords$setText$1.call(Unknown Source)
	at Script1557930374333.run(Script1557930374333.groovy:82)
	... 13 more]]></system-err>
      </testcase>
      <system-out><![CDATA[2019-08-23 07:54:37 - [TEST_SUITE][FAILED] - NewArrivalsSuite: Test Cases/NewArrival/BOPersonal FAILED.
Reason:
com.kms.katalon.core.exception.StepFailedException: Call Test Case 'Test Cases/NewArrival/productVerify' failed
	at com.kms.katalon.core.keyword.builtin.CallTestCaseKeyword$_callTestCase_closure1.doCall(CallTestCaseKeyword.groovy:63)
	at com.kms.katalon.core.keyword.builtin.CallTestCaseKeyword$_callTestCase_closure1.call(CallTestCaseKeyword.groovy)
	at com.kms.katalon.core.keyword.internal.KeywordMain.runKeyword(KeywordMain.groovy:66)
	at com.kms.katalon.core.keyword.builtin.CallTestCaseKeyword.callTestCase(CallTestCaseKeyword.groovy:81)
	at com.kms.katalon.core.keyword.builtin.CallTestCaseKeyword.execute(CallTestCaseKeyword.groovy:44)
	at com.kms.katalon.core.keyword.internal.KeywordExecutor.executeKeywordForPlatform(KeywordExecutor.groovy:56)
	at com.kms.katalon.core.keyword.BuiltinKeywords.callTestCase(BuiltinKeywords.groovy:334)
	at BOPersonal.run(BOPersonal:33)
	at com.kms.katalon.core.main.ScriptEngine.run(ScriptEngine.java:194)
	at com.kms.katalon.core.main.ScriptEngine.runScriptAsRawText(ScriptEngine.java:119)
	at com.kms.katalon.core.main.TestCaseExecutor.runScript(TestCaseExecutor.java:342)
	at com.kms.katalon.core.main.TestCaseExecutor.doExecute(TestCaseExecutor.java:333)
	at com.kms.katalon.core.main.TestCaseExecutor.processExecutionPhase(TestCaseExecutor.java:312)
	at com.kms.katalon.core.main.TestCaseExecutor.accessMainPhase(TestCaseExecutor.java:304)
	at com.kms.katalon.core.main.TestCaseExecutor.execute(TestCaseExecutor.java:238)
	at com.kms.katalon.core.main.TestSuiteExecutor.accessTestCaseMainPhase(TestSuiteExecutor.java:129)
	at com.kms.katalon.core.main.TestSuiteExecutor.accessTestSuiteMainPhase(TestSuiteExecutor.java:112)
	at com.kms.katalon.core.main.TestSuiteExecutor.execute(TestSuiteExecutor.java:81)
	at com.kms.katalon.core.main.TestCaseMain.startTestSuite(TestCaseMain.java:157)
	at com.kms.katalon.core.main.TestCaseMain$startTestSuite$0.call(Unknown Source)
	at TempTestSuite1566527072754.run(TempTestSuite1566527072754.groovy:35)
Caused by: com.kms.katalon.core.exception.StepFailedException: Unable to verify match between actual text '119' and expected text '149' using regular expression (Root cause: com.kms.katalon.core.exception.StepFailedException: Actual text '119' and expected text '149' are not matched using regular expression
	at com.kms.katalon.core.keyword.builtin.VerifyMatchKeyword$_verifyMatch_closure1.doCall(VerifyMatchKeyword.groovy:57)
	at com.kms.katalon.core.keyword.builtin.VerifyMatchKeyword$_verifyMatch_closure1.call(VerifyMatchKeyword.groovy)
	at com.kms.katalon.core.keyword.internal.KeywordMain.runKeyword(KeywordMain.groovy:66)
	at com.kms.katalon.core.keyword.builtin.VerifyMatchKeyword.verifyMatch(VerifyMatchKeyword.groovy:60)
	at com.kms.katalon.core.keyword.builtin.VerifyMatchKeyword.execute(VerifyMatchKeyword.groovy:45)
	at com.kms.katalon.core.keyword.internal.KeywordExecutor.executeKeywordForPlatform(KeywordExecutor.groovy:56)
	at com.kms.katalon.core.keyword.BuiltinKeywords.verifyMatch(BuiltinKeywords.groovy:55)
	at productVerify.run(productVerify:95)
	at com.kms.katalon.core.main.ScriptEngine.run(ScriptEngine.java:194)
	at com.kms.katalon.core.main.ScriptEngine.runScriptAsRawText(ScriptEngine.java:119)
	at com.kms.katalon.core.main.TestCaseExecutor.runScript(TestCaseExecutor.java:342)
	at com.kms.katalon.core.main.TestCaseExecutor.doExecute(TestCaseExecutor.java:333)
	at com.kms.katalon.core.main.TestCaseExecutor.processExecutionPhase(TestCaseExecutor.java:312)
	at com.kms.katalon.core.main.TestCaseExecutor.accessMainPhase(TestCaseExecutor.java:304)
	at com.kms.katalon.core.main.TestCaseExecutor.execute(TestCaseExecutor.java:238)
	at com.kms.katalon.core.main.TestCaseMain.runTestCase(TestCaseMain.java:114)
	at com.kms.katalon.core.keyword.builtin.CallTestCaseKeyword$_callTestCase_closure1.doCall(CallTestCaseKeyword.groovy:59)
	at com.kms.katalon.core.keyword.builtin.CallTestCaseKeyword$_callTestCase_closure1.call(CallTestCaseKeyword.groovy)
	at com.kms.katalon.core.keyword.internal.KeywordMain.runKeyword(KeywordMain.groovy:66)
	at com.kms.katalon.core.keyword.builtin.CallTestCaseKeyword.callTestCase(CallTestCaseKeyword.groovy:81)
	at com.kms.katalon.core.keyword.builtin.CallTestCaseKeyword.execute(CallTestCaseKeyword.groovy:44)
	at com.kms.katalon.core.keyword.internal.KeywordExecutor.executeKeywordForPlatform(KeywordExecutor.groovy:56)
	at com.kms.katalon.core.keyword.BuiltinKeywords.callTestCase(BuiltinKeywords.groovy:334)
	at BOPersonal.run(BOPersonal:33)
	at com.kms.katalon.core.main.ScriptEngine.run(ScriptEngine.java:194)
	at com.kms.katalon.core.main.ScriptEngine.runScriptAsRawText(ScriptEngine.java:119)
	at com.kms.katalon.core.main.TestCaseExecutor.runScript(TestCaseExecutor.java:342)
	at com.kms.katalon.core.main.TestCaseExecutor.doExecute(TestCaseExecutor.java:333)
	at com.kms.katalon.core.main.TestCaseExecutor.processExecutionPhase(TestCaseExecutor.java:312)
	at com.kms.katalon.core.main.TestCaseExecutor.accessMainPhase(TestCaseExecutor.java:304)
	at com.kms.katalon.core.main.TestCaseExecutor.execute(TestCaseExecutor.java:238)
	at com.kms.katalon.core.main.TestSuiteExecutor.accessTestCaseMainPhase(TestSuiteExecutor.java:129)
	at com.kms.katalon.core.main.TestSuiteExecutor.accessTestSuiteMainPhase(TestSuiteExecutor.java:112)
	at com.kms.katalon.core.main.TestSuiteExecutor.execute(TestSuiteExecutor.java:81)
	at com.kms.katalon.core.main.TestCaseMain.startTestSuite(TestCaseMain.java:157)
	at com.kms.katalon.core.main.TestCaseMain$startTestSuite$0.call(Unknown Source)
	at TempTestSuite1566527072754.run(TempTestSuite1566527072754.groovy:35)
)
	at com.kms.katalon.core.keyword.internal.KeywordMain.stepFailed(KeywordMain.groovy:37)
	at com.kms.katalon.core.keyword.internal.KeywordMain.stepFailed(KeywordMain.groovy)
	at com.kms.katalon.core.keyword.internal.KeywordMain.runKeyword(KeywordMain.groovy:68)
	at com.kms.katalon.core.keyword.builtin.VerifyMatchKeyword.verifyMatch(VerifyMatchKeyword.groovy:60)
	at com.kms.katalon.core.keyword.builtin.VerifyMatchKeyword.execute(VerifyMatchKeyword.groovy:45)
	at com.kms.katalon.core.keyword.internal.KeywordExecutor.executeKeywordForPlatform(KeywordExecutor.groovy:56)
	at com.kms.katalon.core.keyword.BuiltinKeywords.verifyMatch(BuiltinKeywords.groovy:55)
	at productVerify.run(productVerify:95)
	at com.kms.katalon.core.main.ScriptEngine.run(ScriptEngine.java:194)
	at com.kms.katalon.core.main.ScriptEngine.runScriptAsRawText(ScriptEngine.java:119)
	at com.kms.katalon.core.main.TestCaseExecutor.runScript(TestCaseExecutor.java:342)
	at com.kms.katalon.core.main.TestCaseExecutor.doExecute(TestCaseExecutor.java:333)
	at com.kms.katalon.core.main.TestCaseExecutor.processExecutionPhase(TestCaseExecutor.java:312)
	at com.kms.katalon.core.main.TestCaseExecutor.accessMainPhase(TestCaseExecutor.java:304)
	at com.kms.katalon.core.main.TestCaseExecutor.execute(TestCaseExecutor.java:238)
	at com.kms.katalon.core.main.TestCaseMain.runTestCase(TestCaseMain.java:114)
	at com.kms.katalon.core.keyword.builtin.CallTestCaseKeyword$_callTestCase_closure1.doCall(CallTestCaseKeyword.groovy:59)
	... 20 more
Caused by: com.kms.katalon.core.exception.StepFailedException: Actual text '119' and expected text '149' are not matched using regular expression
	at com.kms.katalon.core.keyword.builtin.VerifyMatchKeyword$_verifyMatch_closure1.doCall(VerifyMatchKeyword.groovy:57)
	at com.kms.katalon.core.keyword.builtin.VerifyMatchKeyword$_verifyMatch_closure1.call(VerifyMatchKeyword.groovy)
	at com.kms.katalon.core.keyword.internal.KeywordMain.runKeyword(KeywordMain.groovy:66)
	... 34 more]]></system-out>
      <system-err><![CDATA[2019-08-23 07:54:37 - [TEST_SUITE][FAILED] - NewArrivalsSuite: Test Cases/NewArrival/BOPersonal FAILED.
Reason:
com.kms.katalon.core.exception.StepFailedException: Call Test Case 'Test Cases/NewArrival/productVerify' failed
	at com.kms.katalon.core.keyword.builtin.CallTestCaseKeyword$_callTestCase_closure1.doCall(CallTestCaseKeyword.groovy:63)
	at com.kms.katalon.core.keyword.builtin.CallTestCaseKeyword$_callTestCase_closure1.call(CallTestCaseKeyword.groovy)
	at com.kms.katalon.core.keyword.internal.KeywordMain.runKeyword(KeywordMain.groovy:66)
	at com.kms.katalon.core.keyword.builtin.CallTestCaseKeyword.callTestCase(CallTestCaseKeyword.groovy:81)
	at com.kms.katalon.core.keyword.builtin.CallTestCaseKeyword.execute(CallTestCaseKeyword.groovy:44)
	at com.kms.katalon.core.keyword.internal.KeywordExecutor.executeKeywordForPlatform(KeywordExecutor.groovy:56)
	at com.kms.katalon.core.keyword.BuiltinKeywords.callTestCase(BuiltinKeywords.groovy:334)
	at BOPersonal.run(BOPersonal:33)
	at com.kms.katalon.core.main.ScriptEngine.run(ScriptEngine.java:194)
	at com.kms.katalon.core.main.ScriptEngine.runScriptAsRawText(ScriptEngine.java:119)
	at com.kms.katalon.core.main.TestCaseExecutor.runScript(TestCaseExecutor.java:342)
	at com.kms.katalon.core.main.TestCaseExecutor.doExecute(TestCaseExecutor.java:333)
	at com.kms.katalon.core.main.TestCaseExecutor.processExecutionPhase(TestCaseExecutor.java:312)
	at com.kms.katalon.core.main.TestCaseExecutor.accessMainPhase(TestCaseExecutor.java:304)
	at com.kms.katalon.core.main.TestCaseExecutor.execute(TestCaseExecutor.java:238)
	at com.kms.katalon.core.main.TestSuiteExecutor.accessTestCaseMainPhase(TestSuiteExecutor.java:129)
	at com.kms.katalon.core.main.TestSuiteExecutor.accessTestSuiteMainPhase(TestSuiteExecutor.java:112)
	at com.kms.katalon.core.main.TestSuiteExecutor.execute(TestSuiteExecutor.java:81)
	at com.kms.katalon.core.main.TestCaseMain.startTestSuite(TestCaseMain.java:157)
	at com.kms.katalon.core.main.TestCaseMain$startTestSuite$0.call(Unknown Source)
	at TempTestSuite1566527072754.run(TempTestSuite1566527072754.groovy:35)
Caused by: com.kms.katalon.core.exception.StepFailedException: Unable to verify match between actual text '119' and expected text '149' using regular expression (Root cause: com.kms.katalon.core.exception.StepFailedException: Actual text '119' and expected text '149' are not matched using regular expression
	at com.kms.katalon.core.keyword.builtin.VerifyMatchKeyword$_verifyMatch_closure1.doCall(VerifyMatchKeyword.groovy:57)
	at com.kms.katalon.core.keyword.builtin.VerifyMatchKeyword$_verifyMatch_closure1.call(VerifyMatchKeyword.groovy)
	at com.kms.katalon.core.keyword.internal.KeywordMain.runKeyword(KeywordMain.groovy:66)
	at com.kms.katalon.core.keyword.builtin.VerifyMatchKeyword.verifyMatch(VerifyMatchKeyword.groovy:60)
	at com.kms.katalon.core.keyword.builtin.VerifyMatchKeyword.execute(VerifyMatchKeyword.groovy:45)
	at com.kms.katalon.core.keyword.internal.KeywordExecutor.executeKeywordForPlatform(KeywordExecutor.groovy:56)
	at com.kms.katalon.core.keyword.BuiltinKeywords.verifyMatch(BuiltinKeywords.groovy:55)
	at productVerify.run(productVerify:95)
	at com.kms.katalon.core.main.ScriptEngine.run(ScriptEngine.java:194)
	at com.kms.katalon.core.main.ScriptEngine.runScriptAsRawText(ScriptEngine.java:119)
	at com.kms.katalon.core.main.TestCaseExecutor.runScript(TestCaseExecutor.java:342)
	at com.kms.katalon.core.main.TestCaseExecutor.doExecute(TestCaseExecutor.java:333)
	at com.kms.katalon.core.main.TestCaseExecutor.processExecutionPhase(TestCaseExecutor.java:312)
	at com.kms.katalon.core.main.TestCaseExecutor.accessMainPhase(TestCaseExecutor.java:304)
	at com.kms.katalon.core.main.TestCaseExecutor.execute(TestCaseExecutor.java:238)
	at com.kms.katalon.core.main.TestCaseMain.runTestCase(TestCaseMain.java:114)
	at com.kms.katalon.core.keyword.builtin.CallTestCaseKeyword$_callTestCase_closure1.doCall(CallTestCaseKeyword.groovy:59)
	at com.kms.katalon.core.keyword.builtin.CallTestCaseKeyword$_callTestCase_closure1.call(CallTestCaseKeyword.groovy)
	at com.kms.katalon.core.keyword.internal.KeywordMain.runKeyword(KeywordMain.groovy:66)
	at com.kms.katalon.core.keyword.builtin.CallTestCaseKeyword.callTestCase(CallTestCaseKeyword.groovy:81)
	at com.kms.katalon.core.keyword.builtin.CallTestCaseKeyword.execute(CallTestCaseKeyword.groovy:44)
	at com.kms.katalon.core.keyword.internal.KeywordExecutor.executeKeywordForPlatform(KeywordExecutor.groovy:56)
	at com.kms.katalon.core.keyword.BuiltinKeywords.callTestCase(BuiltinKeywords.groovy:334)
	at BOPersonal.run(BOPersonal:33)
	at com.kms.katalon.core.main.ScriptEngine.run(ScriptEngine.java:194)
	at com.kms.katalon.core.main.ScriptEngine.runScriptAsRawText(ScriptEngine.java:119)
	at com.kms.katalon.core.main.TestCaseExecutor.runScript(TestCaseExecutor.java:342)
	at com.kms.katalon.core.main.TestCaseExecutor.doExecute(TestCaseExecutor.java:333)
	at com.kms.katalon.core.main.TestCaseExecutor.processExecutionPhase(TestCaseExecutor.java:312)
	at com.kms.katalon.core.main.TestCaseExecutor.accessMainPhase(TestCaseExecutor.java:304)
	at com.kms.katalon.core.main.TestCaseExecutor.execute(TestCaseExecutor.java:238)
	at com.kms.katalon.core.main.TestSuiteExecutor.accessTestCaseMainPhase(TestSuiteExecutor.java:129)
	at com.kms.katalon.core.main.TestSuiteExecutor.accessTestSuiteMainPhase(TestSuiteExecutor.java:112)
	at com.kms.katalon.core.main.TestSuiteExecutor.execute(TestSuiteExecutor.java:81)
	at com.kms.katalon.core.main.TestCaseMain.startTestSuite(TestCaseMain.java:157)
	at com.kms.katalon.core.main.TestCaseMain$startTestSuite$0.call(Unknown Source)
	at TempTestSuite1566527072754.run(TempTestSuite1566527072754.groovy:35)
)
	at com.kms.katalon.core.keyword.internal.KeywordMain.stepFailed(KeywordMain.groovy:37)
	at com.kms.katalon.core.keyword.internal.KeywordMain.stepFailed(KeywordMain.groovy)
	at com.kms.katalon.core.keyword.internal.KeywordMain.runKeyword(KeywordMain.groovy:68)
	at com.kms.katalon.core.keyword.builtin.VerifyMatchKeyword.verifyMatch(VerifyMatchKeyword.groovy:60)
	at com.kms.katalon.core.keyword.builtin.VerifyMatchKeyword.execute(VerifyMatchKeyword.groovy:45)
	at com.kms.katalon.core.keyword.internal.KeywordExecutor.executeKeywordForPlatform(KeywordExecutor.groovy:56)
	at com.kms.katalon.core.keyword.BuiltinKeywords.verifyMatch(BuiltinKeywords.groovy:55)
	at productVerify.run(productVerify:95)
	at com.kms.katalon.core.main.ScriptEngine.run(ScriptEngine.java:194)
	at com.kms.katalon.core.main.ScriptEngine.runScriptAsRawText(ScriptEngine.java:119)
	at com.kms.katalon.core.main.TestCaseExecutor.runScript(TestCaseExecutor.java:342)
	at com.kms.katalon.core.main.TestCaseExecutor.doExecute(TestCaseExecutor.java:333)
	at com.kms.katalon.core.main.TestCaseExecutor.processExecutionPhase(TestCaseExecutor.java:312)
	at com.kms.katalon.core.main.TestCaseExecutor.accessMainPhase(TestCaseExecutor.java:304)
	at com.kms.katalon.core.main.TestCaseExecutor.execute(TestCaseExecutor.java:238)
	at com.kms.katalon.core.main.TestCaseMain.runTestCase(TestCaseMain.java:114)
	at com.kms.katalon.core.keyword.builtin.CallTestCaseKeyword$_callTestCase_closure1.doCall(CallTestCaseKeyword.groovy:59)
	... 20 more
Caused by: com.kms.katalon.core.exception.StepFailedException: Actual text '119' and expected text '149' are not matched using regular expression
	at com.kms.katalon.core.keyword.builtin.VerifyMatchKeyword$_verifyMatch_closure1.doCall(VerifyMatchKeyword.groovy:57)
	at com.kms.katalon.core.keyword.builtin.VerifyMatchKeyword$_verifyMatch_closure1.call(VerifyMatchKeyword.groovy)
	at com.kms.katalon.core.keyword.internal.KeywordMain.runKeyword(KeywordMain.groovy:66)
	... 34 more]]></system-err>
   </testsuite>
</testsuites>
