<?xml version="1.0" encoding="UTF-8"?>
<testsuites name="TestSuiteFor_NewArrival" time="18" tests="1" failures="0" errors="0">
   <testsuite name="TestSuiteFor_NewArrival" tests="1" failures="0" errors="0" time="18" timestamp="2019-04-23 20:30:31" hostname="user - 10.0.102.159" id="Test Suites/TestSuiteFor_NewArrival">
      <properties>
         <property name="deviceName" value=""/>
         <property name="devicePlatform" value=""/>
         <property name="logFolder" value="F:\\my katalon bkp\\CabiClio\\Reports\\TestSuiteFor_NewArrival\\20190423_203029"/>
         <property name="logFiles" value="F:\\my katalon bkp\\CabiClio\\Reports\\TestSuiteFor_NewArrival\\20190423_203029\\execution0.log"/>
         <property name="attachments" value=""/>
         <property name="hostName" value="user - 10.0.102.159"/>
         <property name="os" value="Windows 8.1 64bit"/>
         <property name="katalonVersion" value="6.1.1.1"/>
         <property name="browser" value="Chrome 73.0.3683.103"/>
         <property name="hostAddress" value="10.0.102.159"/>
         <property name="sessionId" value="22ae7ff36454c2e47ab4757dbf7175e6"/>
         <property name="seleniumVersion" value="3.7.1"/>
         <property name="proxyInformation" value="ProxyInformation{proxyOption=NO_PROXY, proxyServerType=HTTP, password=, proxyServerAddress=, proxyServerPort=0}"/>
         <property name="platform" value="Windows 8.1"/>
      </properties>
      <testcase name="Test Cases/New Test Case" classname="Test Cases/New Test Case" status="PASSED">
         <system-out><![CDATA[2019-04-23 20:30:32 - [TEST_CASE][PASSED] - Test Cases/New Test Case: Test Cases/New Test Case

2019-04-23 20:30:32 - [TEST_STEP][PASSED] - Start listener action : sampleBeforeTestCase: null

2019-04-23 20:30:32 - [TEST_STEP][PASSED] - println(testCaseContext.getTestCaseId()): null

2019-04-23 20:30:32 - [TEST_STEP][PASSED] - println(testCaseContext.getTestCaseVariables()): null

2019-04-23 20:30:32 - [TEST_STEP][PASSED] - openBrowser(""): Browser is opened with url: ''

2019-04-23 20:30:32 - [MESSAGE][INFO] - Starting 'Chrome' driver

2019-04-23 20:30:32 - [MESSAGE][INFO] - Action delay is set to 0 seconds

2019-04-23 20:30:35 - [MESSAGE][PASSED] - Browser is opened with url: ''

2019-04-23 20:30:35 - [TEST_STEP][PASSED] - navigateToUrl("https://test14.cliotest.com/backoffice/control/main"): Navigate to 'https://test14.cliotest.com/backoffice/control/main' successfully

2019-04-23 20:30:46 - [MESSAGE][PASSED] - Navigate to 'https://test14.cliotest.com/backoffice/control/main' successfully

2019-04-23 20:30:46 - [TEST_STEP][PASSED] - row = 1: null

2019-04-23 20:30:46 - [TEST_STEP][PASSED] - callTestCase(findTestCase("populateGlobalVars"), ["row":row], STOP_ON_FAILURE): Call Test Case 'Test Cases/populateGlobalVars' successfully

2019-04-23 20:30:46 - [TEST_CASE][PASSED] - Test Cases/populateGlobalVars: Test Cases/populateGlobalVars

2019-04-23 20:30:47 - [TEST_STEP][PASSED] - Style = UtilityMethods.getTestData("New Test Data", "Style", 1): null

2019-04-23 20:30:47 - [TEST_STEP][PASSED] - Color = UtilityMethods.getTestData("New Test Data", "Color", 1): null

2019-04-23 20:30:47 - [TEST_STEP][PASSED] - Retail = UtilityMethods.getTestData("New Test Data", "Retail", 1): null

2019-04-23 20:30:47 - [TEST_STEP][PASSED] - SzRange = UtilityMethods.getTestData("New Test Data", "SzRange", 1): null

2019-04-23 20:30:47 - [TEST_STEP][PASSED] - Description = UtilityMethods.getTestData("New Test Data", "Description", 1): null

2019-04-23 20:30:47 - [TEST_STEP][PASSED] - FinalContent = UtilityMethods.getTestData("New Test Data", "FinalContent", 1): null

2019-04-23 20:30:47 - [TEST_STEP][PASSED] - CareInstr = UtilityMethods.getTestData("New Test Data", "CareInstr", 1): null

2019-04-23 20:30:47 - [MESSAGE][PASSED] - Call Test Case 'Test Cases/populateGlobalVars' successfully

2019-04-23 20:30:47 - [TEST_STEP][PASSED] - maximizeWindow(): Current window maximized

2019-04-23 20:30:49 - [MESSAGE][PASSED] - Current window maximized

2019-04-23 20:30:49 - [TEST_STEP][PASSED] - setText(findTestObject("Page_cabi/input_Welcome to_USERNAME"), "abc"): Text 'abc' is set on object 'Object Repository/Page_cabi/input_Welcome to_USERNAME'

2019-04-23 20:30:49 - [MESSAGE][PASSED] - Text 'abc' is set on object 'Object Repository/Page_cabi/input_Welcome to_USERNAME'

2019-04-23 20:30:49 - [TEST_STEP][PASSED] - setText(findTestObject("Object Repository/Page_cabi/input_Welcome to_PASSWORD"), "def"): Text 'def' is set on object 'Object Repository/Page_cabi/input_Welcome to_PASSWORD'

2019-04-23 20:30:49 - [MESSAGE][PASSED] - Text 'def' is set on object 'Object Repository/Page_cabi/input_Welcome to_PASSWORD']]></system-out>
         <system-err><![CDATA[]]></system-err>
      </testcase>
      <system-out><![CDATA[2019-04-23 20:30:31 - [TEST_SUITE][PASSED] - TestSuiteFor_NewArrival: Test Cases/New Test Case]]></system-out>
      <system-err><![CDATA[]]></system-err>
   </testsuite>
</testsuites>
