<?xml version="1.0" encoding="UTF-8"?>
<testsuites name="EditOrderTestSuit" time="1032" tests="1" failures="3" errors="0">
   <testsuite name="EditOrderTestSuit" tests="1" failures="3" errors="0" time="1032" timestamp="2019-06-27 16:23:09" hostname="user - Tester-pc" id="Test Suites/EditOrderSuites/EditOrderTestSuit">
      <properties>
         <property name="deviceName" value=""/>
         <property name="devicePlatform" value=""/>
         <property name="logFolder" value="C:\\Users\\user\\Documents\\testautomation\\KatalonProjects\\Reports\\EditOrderSuites\\EditOrderTestSuit\\20190627_162301"/>
         <property name="logFiles" value="C:\\Users\\user\\Documents\\testautomation\\KatalonProjects\\Reports\\EditOrderSuites\\EditOrderTestSuit\\20190627_162301\\execution0.log"/>
         <property name="attachments" value=""/>
         <property name="hostName" value="user - Tester-pc"/>
         <property name="os" value="Windows 8.1 64bit"/>
         <property name="katalonVersion" value="6.1.1.1"/>
         <property name="browser" value="Chrome 75.0.3770.100"/>
         <property name="hostAddress" value="10.0.60.38"/>
         <property name="sessionId" value="542b2bdf0b9b2d55d8d59348fd14f50d"/>
         <property name="seleniumVersion" value="3.7.1"/>
         <property name="proxyInformation" value="ProxyInformation{proxyOption=NO_PROXY, proxyServerType=HTTP, password=, proxyServerAddress=, proxyServerPort=0}"/>
         <property name="platform" value="Windows 8.1"/>
      </properties>
      <testcase name="Test Cases/editOrder/rsEditOrderSimple" classname="Test Cases/editOrder/rsEditOrderSimple" status="FAILED">
         <failure type="FAILED" message="Test Cases/editOrder/rsEditOrderSimple FAILED.
Reason:
com.kms.katalon.core.exception.StepFailedException: Call Test Case 'Test Cases/editOrder/rsOrderHistoryConfirm' failed
	at com.kms.katalon.core.keyword.builtin.CallTestCaseKeyword$_callTestCase_closure1.doCall(CallTestCaseKeyword.groovy:63)
	at com.kms.katalon.core.keyword.builtin.CallTestCaseKeyword$_callTestCase_closure1.call(CallTestCaseKeyword.groovy)
	at com.kms.katalon.core.keyword.internal.KeywordMain.runKeyword(KeywordMain.groovy:66)
	at com.kms.katalon.core.keyword.builtin.CallTestCaseKeyword.callTestCase(CallTestCaseKeyword.groovy:81)
	at com.kms.katalon.core.keyword.builtin.CallTestCaseKeyword.execute(CallTestCaseKeyword.groovy:44)
	at com.kms.katalon.core.keyword.internal.KeywordExecutor.executeKeywordForPlatform(KeywordExecutor.groovy:56)
	at com.kms.katalon.core.keyword.BuiltinKeywords.callTestCase(BuiltinKeywords.groovy:334)
	at rsEditOrderSimple.run(rsEditOrderSimple:24)
	at com.kms.katalon.core.main.ScriptEngine.run(ScriptEngine.java:194)
	at com.kms.katalon.core.main.ScriptEngine.runScriptAsRawText(ScriptEngine.java:119)
	at com.kms.katalon.core.main.TestCaseExecutor.runScript(TestCaseExecutor.java:342)
	at com.kms.katalon.core.main.TestCaseExecutor.doExecute(TestCaseExecutor.java:333)
	at com.kms.katalon.core.main.TestCaseExecutor.processExecutionPhase(TestCaseExecutor.java:312)
	at com.kms.katalon.core.main.TestCaseExecutor.accessMainPhase(TestCaseExecutor.java:304)
	at com.kms.katalon.core.main.TestCaseExecutor.execute(TestCaseExecutor.java:238)
	at com.kms.katalon.core.main.TestSuiteExecutor.accessTestCaseMainPhase(TestSuiteExecutor.java:129)
	at com.kms.katalon.core.main.TestSuiteExecutor.accessTestSuiteMainPhase(TestSuiteExecutor.java:112)
	at com.kms.katalon.core.main.TestSuiteExecutor.execute(TestSuiteExecutor.java:81)
	at com.kms.katalon.core.main.TestCaseMain.startTestSuite(TestCaseMain.java:157)
	at com.kms.katalon.core.main.TestCaseMain$startTestSuite$0.call(Unknown Source)
	at TempTestSuite1561632781779.run(TempTestSuite1561632781779.groovy:35)
Caused by: Assertion failed: 

assert updateButton.size() > 0
       |            |      |
       []           0      false

	at rsOrderHistoryConfirm.run(rsOrderHistoryConfirm:53)
	at com.kms.katalon.core.main.ScriptEngine.run(ScriptEngine.java:194)
	at com.kms.katalon.core.main.ScriptEngine.runScriptAsRawText(ScriptEngine.java:119)
	at com.kms.katalon.core.main.TestCaseExecutor.runScript(TestCaseExecutor.java:342)
	at com.kms.katalon.core.main.TestCaseExecutor.doExecute(TestCaseExecutor.java:333)
	at com.kms.katalon.core.main.TestCaseExecutor.processExecutionPhase(TestCaseExecutor.java:312)
	at com.kms.katalon.core.main.TestCaseExecutor.accessMainPhase(TestCaseExecutor.java:304)
	at com.kms.katalon.core.main.TestCaseExecutor.execute(TestCaseExecutor.java:238)
	at com.kms.katalon.core.main.TestCaseMain.runTestCase(TestCaseMain.java:114)
	at com.kms.katalon.core.keyword.builtin.CallTestCaseKeyword$_callTestCase_closure1.doCall(CallTestCaseKeyword.groovy:59)
	... 20 more
"/>
         <system-out><![CDATA[2019-06-27 16:23:09 - [TEST_CASE][FAILED] - Test Cases/editOrder/rsEditOrderSimple: Test Cases/editOrder/rsEditOrderSimple FAILED.
Reason:
com.kms.katalon.core.exception.StepFailedException: Call Test Case 'Test Cases/editOrder/rsOrderHistoryConfirm' failed
	at com.kms.katalon.core.keyword.builtin.CallTestCaseKeyword$_callTestCase_closure1.doCall(CallTestCaseKeyword.groovy:63)
	at com.kms.katalon.core.keyword.builtin.CallTestCaseKeyword$_callTestCase_closure1.call(CallTestCaseKeyword.groovy)
	at com.kms.katalon.core.keyword.internal.KeywordMain.runKeyword(KeywordMain.groovy:66)
	at com.kms.katalon.core.keyword.builtin.CallTestCaseKeyword.callTestCase(CallTestCaseKeyword.groovy:81)
	at com.kms.katalon.core.keyword.builtin.CallTestCaseKeyword.execute(CallTestCaseKeyword.groovy:44)
	at com.kms.katalon.core.keyword.internal.KeywordExecutor.executeKeywordForPlatform(KeywordExecutor.groovy:56)
	at com.kms.katalon.core.keyword.BuiltinKeywords.callTestCase(BuiltinKeywords.groovy:334)
	at rsEditOrderSimple.run(rsEditOrderSimple:24)
	at com.kms.katalon.core.main.ScriptEngine.run(ScriptEngine.java:194)
	at com.kms.katalon.core.main.ScriptEngine.runScriptAsRawText(ScriptEngine.java:119)
	at com.kms.katalon.core.main.TestCaseExecutor.runScript(TestCaseExecutor.java:342)
	at com.kms.katalon.core.main.TestCaseExecutor.doExecute(TestCaseExecutor.java:333)
	at com.kms.katalon.core.main.TestCaseExecutor.processExecutionPhase(TestCaseExecutor.java:312)
	at com.kms.katalon.core.main.TestCaseExecutor.accessMainPhase(TestCaseExecutor.java:304)
	at com.kms.katalon.core.main.TestCaseExecutor.execute(TestCaseExecutor.java:238)
	at com.kms.katalon.core.main.TestSuiteExecutor.accessTestCaseMainPhase(TestSuiteExecutor.java:129)
	at com.kms.katalon.core.main.TestSuiteExecutor.accessTestSuiteMainPhase(TestSuiteExecutor.java:112)
	at com.kms.katalon.core.main.TestSuiteExecutor.execute(TestSuiteExecutor.java:81)
	at com.kms.katalon.core.main.TestCaseMain.startTestSuite(TestCaseMain.java:157)
	at com.kms.katalon.core.main.TestCaseMain$startTestSuite$0.call(Unknown Source)
	at TempTestSuite1561632781779.run(TempTestSuite1561632781779.groovy:35)
Caused by: Assertion failed: 

assert updateButton.size() > 0
       |            |      |
       []           0      false

	at rsOrderHistoryConfirm.run(rsOrderHistoryConfirm:53)
	at com.kms.katalon.core.main.ScriptEngine.run(ScriptEngine.java:194)
	at com.kms.katalon.core.main.ScriptEngine.runScriptAsRawText(ScriptEngine.java:119)
	at com.kms.katalon.core.main.TestCaseExecutor.runScript(TestCaseExecutor.java:342)
	at com.kms.katalon.core.main.TestCaseExecutor.doExecute(TestCaseExecutor.java:333)
	at com.kms.katalon.core.main.TestCaseExecutor.processExecutionPhase(TestCaseExecutor.java:312)
	at com.kms.katalon.core.main.TestCaseExecutor.accessMainPhase(TestCaseExecutor.java:304)
	at com.kms.katalon.core.main.TestCaseExecutor.execute(TestCaseExecutor.java:238)
	at com.kms.katalon.core.main.TestCaseMain.runTestCase(TestCaseMain.java:114)
	at com.kms.katalon.core.keyword.builtin.CallTestCaseKeyword$_callTestCase_closure1.doCall(CallTestCaseKeyword.groovy:59)
	... 20 more


2019-06-27 16:23:10 - [TEST_STEP][PASSED] - Start listener action : sampleBeforeTestCase: null

2019-06-27 16:23:10 - [TEST_STEP][PASSED] - println(testCaseContext.getTestCaseId()): null

2019-06-27 16:23:10 - [TEST_STEP][PASSED] - println(testCaseContext.getTestCaseVariables()): null

2019-06-27 16:23:10 - [TEST_STEP][PASSED] - callTestCase(findTestCase("editOrder/retailOrderBO"), ["editScenarioNumber":1], STOP_ON_FAILURE): Call Test Case 'Test Cases/editOrder/retailOrderBO' successfully

2019-06-27 16:23:11 - [TEST_CASE][PASSED] - Test Cases/editOrder/retailOrderBO: Test Cases/editOrder/retailOrderBO

2019-06-27 16:23:12 - [TEST_STEP][PASSED] - openBrowser(""): Browser is opened with url: ''

2019-06-27 16:23:13 - [MESSAGE][INFO] - Starting 'Chrome' driver

2019-06-27 16:23:13 - [MESSAGE][INFO] - User set preference: ['args', '[--use-fake-ui-for-media-stream, --start-maximized]']

2019-06-27 16:23:13 - [MESSAGE][INFO] - Action delay is set to 0 seconds

2019-06-27 16:23:19 - [MESSAGE][PASSED] - Browser is opened with url: ''

2019-06-27 16:23:19 - [TEST_STEP][PASSED] - driver = getWebDriver(): null

2019-06-27 16:23:19 - [TEST_STEP][PASSED] - executor = driver: null

2019-06-27 16:23:19 - [TEST_STEP][PASSED] - callTestCase(findTestCase("TestCaseUtilities/backOfficeLogin"), ["BOURL":"", "BOuser":"", "BOpass":""], STOP_ON_FAILURE): Call Test Case 'Test Cases/TestCaseUtilities/backOfficeLogin' successfully

2019-06-27 16:23:19 - [TEST_CASE][PASSED] - Test Cases/TestCaseUtilities/backOfficeLogin: Test Cases/TestCaseUtilities/backOfficeLogin

2019-06-27 16:23:20 - [TEST_STEP][PASSED] - BOURL = findTestData("credData").getValue("BOURL", 1): null

2019-06-27 16:23:22 - [TEST_STEP][PASSED] - BOuser = findTestData("credData").getValue("BOuser", 1): null

2019-06-27 16:23:23 - [TEST_STEP][PASSED] - BOpass = findTestData("credData").getValue("BOpass", 1): null

2019-06-27 16:23:23 - [TEST_STEP][PASSED] - navigateToUrl(BOURL): Navigate to 'https://test19.cliotest.com/backoffice/control/main' successfully

2019-06-27 16:23:31 - [MESSAGE][PASSED] - Navigate to 'https://test19.cliotest.com/backoffice/control/main' successfully

2019-06-27 16:23:31 - [TEST_STEP][PASSED] - logOut = findWebElements(findTestObject("Object Repository/Page_cabi Home/log_out"), 1): Unable to find the element located by 'By.xpath: //a[contains(text(),'Log Out')]'. Please recheck the objects properties to make sure the desired element is located. 

2019-06-27 16:23:33 - [MESSAGE][INFO] - Unable to find the element located by 'By.xpath: //a[contains(text(),'Log Out')]'. Please recheck the objects properties to make sure the desired element is located. 

2019-06-27 16:23:33 - [TEST_STEP][PASSED] - if (logOut.size() == 0): Object: 'Object Repository/Page_cabi/input_Welcome to_consultantLogin' is clicked on

2019-06-27 16:23:33 - [TEST_STEP][PASSED] - setText(findTestObject("Page_cabi/input_Welcome to_USERNAME"), BOuser): Text '400000002' is set on object 'Object Repository/Page_cabi/input_Welcome to_USERNAME'

2019-06-27 16:23:33 - [MESSAGE][PASSED] - Text '400000002' is set on object 'Object Repository/Page_cabi/input_Welcome to_USERNAME'

2019-06-27 16:23:33 - [TEST_STEP][PASSED] - setText(findTestObject("Object Repository/Page_cabi/input_Welcome to_PASSWORD"), BOpass): Text 'blackdress19' is set on object 'Object Repository/Page_cabi/input_Welcome to_PASSWORD'

2019-06-27 16:23:33 - [MESSAGE][PASSED] - Text 'blackdress19' is set on object 'Object Repository/Page_cabi/input_Welcome to_PASSWORD'

2019-06-27 16:23:33 - [TEST_STEP][PASSED] - click(findTestObject("Object Repository/Page_cabi/input_Welcome to_consultantLogin")): Object: 'Object Repository/Page_cabi/input_Welcome to_consultantLogin' is clicked on

2019-06-27 16:23:45 - [MESSAGE][PASSED] - Object: 'Object Repository/Page_cabi/input_Welcome to_consultantLogin' is clicked on

2019-06-27 16:23:45 - [TEST_STEP][PASSED] - delay(3): Delayed 3 second(s)

2019-06-27 16:23:48 - [MESSAGE][PASSED] - Delayed 3 second(s)

2019-06-27 16:23:48 - [MESSAGE][PASSED] - Call Test Case 'Test Cases/TestCaseUtilities/backOfficeLogin' successfully

2019-06-27 16:23:48 - [TEST_STEP][PASSED] - click(findTestObject("Object Repository/Page_cabi Home/a_Shows  Orders")): Object: 'Object Repository/Page_cabi Home/a_Shows  Orders' is clicked on

2019-06-27 16:23:48 - [MESSAGE][PASSED] - Object: 'Object Repository/Page_cabi Home/a_Shows  Orders' is clicked on

2019-06-27 16:23:48 - [TEST_STEP][PASSED] - delay(1): Delayed 1 second(s)

2019-06-27 16:23:49 - [MESSAGE][PASSED] - Delayed 1 second(s)

2019-06-27 16:23:49 - [TEST_STEP][PASSED] - rightClick(findTestObject("Page_cabi Home/a_Shows  Orders")): Object: 'Object Repository/Page_cabi Home/a_Shows  Orders' is right clicked on

2019-06-27 16:23:49 - [MESSAGE][PASSED] - Object: 'Object Repository/Page_cabi Home/a_Shows  Orders' is right clicked on

2019-06-27 16:23:49 - [TEST_STEP][PASSED] - click(findTestObject("Page_cabi Home/a_retail_purchases")): Object: 'Object Repository/Page_cabi Home/a_retail_purchases' is clicked on

2019-06-27 16:23:53 - [MESSAGE][PASSED] - Object: 'Object Repository/Page_cabi Home/a_retail_purchases' is clicked on

2019-06-27 16:23:53 - [TEST_STEP][PASSED] - delay(3): Delayed 3 second(s)

2019-06-27 16:23:56 - [MESSAGE][PASSED] - Delayed 3 second(s)

2019-06-27 16:23:56 - [TEST_STEP][PASSED] - click(findTestObject("Object Repository/Page_cabi Home/existingCustomer")): Object: 'Object Repository/Page_cabi Home/existingCustomer' is clicked on

2019-06-27 16:23:57 - [MESSAGE][PASSED] - Object: 'Object Repository/Page_cabi Home/existingCustomer' is clicked on

2019-06-27 16:23:57 - [TEST_STEP][PASSED] - contactNumber = 5: null

2019-06-27 16:23:57 - [TEST_STEP][PASSED] - firstName = findTestData("contactData").getValue("firstName", contactNumber): null

2019-06-27 16:23:57 - [TEST_STEP][PASSED] - lastName = findTestData("contactData").getValue("lastName", contactNumber): null

2019-06-27 16:23:57 - [TEST_STEP][PASSED] - email = findTestData("contactData").getValue("email", contactNumber): null

2019-06-27 16:23:57 - [TEST_STEP][PASSED] - address1 = findTestData("contactData").getValue("address1", contactNumber): null

2019-06-27 16:23:57 - [TEST_STEP][PASSED] - city = findTestData("contactData").getValue("city", contactNumber): null

2019-06-27 16:23:57 - [TEST_STEP][PASSED] - state = findTestData("contactData").getValue("state", contactNumber): null

2019-06-27 16:23:57 - [TEST_STEP][PASSED] - zip = findTestData("contactData").getValue("zip", contactNumber): null

2019-06-27 16:23:58 - [TEST_STEP][PASSED] - existingCustFName = firstName: null

2019-06-27 16:23:58 - [TEST_STEP][PASSED] - existingCustLName = lastName: null

2019-06-27 16:23:58 - [TEST_STEP][PASSED] - space = " ": null

2019-06-27 16:23:58 - [TEST_STEP][PASSED] - existingCust = $existingCustFName$space$existingCustLName: null

2019-06-27 16:23:58 - [TEST_STEP][PASSED] - setText(findTestObject("Object Repository/Page_cabi Home/input_existing_guest"), existingCust): Text 'Michigan Contact' is set on object 'Object Repository/Page_cabi Home/input_existing_guest'

2019-06-27 16:23:58 - [MESSAGE][PASSED] - Text 'Michigan Contact' is set on object 'Object Repository/Page_cabi Home/input_existing_guest'

2019-06-27 16:23:58 - [TEST_STEP][PASSED] - delay(3): Delayed 3 second(s)

2019-06-27 16:24:01 - [MESSAGE][PASSED] - Delayed 3 second(s)

2019-06-27 16:24:01 - [TEST_STEP][PASSED] - rightClick(findTestObject("Object Repository/Page_cabi Home/input_existing_guest")): Object: 'Object Repository/Page_cabi Home/input_existing_guest' is right clicked on

2019-06-27 16:24:02 - [MESSAGE][PASSED] - Object: 'Object Repository/Page_cabi Home/input_existing_guest' is right clicked on

2019-06-27 16:24:02 - [TEST_STEP][PASSED] - rightClick(findTestObject("Object Repository/Page_cabi Home/input_existing_guest")): Object: 'Object Repository/Page_cabi Home/input_existing_guest' is right clicked on

2019-06-27 16:24:02 - [MESSAGE][PASSED] - Object: 'Object Repository/Page_cabi Home/input_existing_guest' is right clicked on

2019-06-27 16:24:02 - [TEST_STEP][PASSED] - click(findTestObject("Object Repository/Page_cabi Create Show - Set Hostess/a_select_customer")): Object: 'Object Repository/Page_cabi Create Show - Set Hostess/a_select_customer' is clicked on

2019-06-27 16:24:03 - [MESSAGE][PASSED] - Object: 'Object Repository/Page_cabi Create Show - Set Hostess/a_select_customer' is clicked on

2019-06-27 16:24:03 - [TEST_STEP][PASSED] - setText(findTestObject("Object Repository/Page_cabi Home/input_existing_guest"), existingCust): Text 'Michigan Contact' is set on object 'Object Repository/Page_cabi Home/input_existing_guest'

2019-06-27 16:24:03 - [MESSAGE][PASSED] - Text 'Michigan Contact' is set on object 'Object Repository/Page_cabi Home/input_existing_guest'

2019-06-27 16:24:03 - [TEST_STEP][PASSED] - setText(findTestObject("Object Repository/Page_cabi Retail Store/input_email"), email): Text 'michigan@na.com' is set on object 'Object Repository/Page_cabi Retail Store/input_email'

2019-06-27 16:24:04 - [MESSAGE][PASSED] - Text 'michigan@na.com' is set on object 'Object Repository/Page_cabi Retail Store/input_email'

2019-06-27 16:24:04 - [TEST_STEP][PASSED] - setText(findTestObject("Object Repository/Page_cabi Edit Customer Profile/input_Address1_address1"), address1): Text '972 BRAHMS CT' is set on object 'Object Repository/Page_cabi Edit Customer Profile/input_Address1_address1'

2019-06-27 16:24:05 - [MESSAGE][PASSED] - Text '972 BRAHMS CT' is set on object 'Object Repository/Page_cabi Edit Customer Profile/input_Address1_address1'

2019-06-27 16:24:05 - [TEST_STEP][PASSED] - setText(findTestObject("Object Repository/Page_cabi Edit Customer Profile/input_Address2_address2"), ""): Text '' is set on object 'Object Repository/Page_cabi Edit Customer Profile/input_Address2_address2'

2019-06-27 16:24:05 - [MESSAGE][PASSED] - Text '' is set on object 'Object Repository/Page_cabi Edit Customer Profile/input_Address2_address2'

2019-06-27 16:24:05 - [TEST_STEP][PASSED] - setText(findTestObject("Object Repository/Page_cabi Edit Customer Profile/input_City_city"), city): Text 'TROY' is set on object 'Object Repository/Page_cabi Edit Customer Profile/input_City_city'

2019-06-27 16:24:05 - [MESSAGE][PASSED] - Text 'TROY' is set on object 'Object Repository/Page_cabi Edit Customer Profile/input_City_city'

2019-06-27 16:24:05 - [TEST_STEP][PASSED] - click(findTestObject("Page_cabi Edit Customer Profile/span_select_a_state")): Object: 'Object Repository/Page_cabi Edit Customer Profile/span_select_a_state' is clicked on

2019-06-27 16:24:06 - [MESSAGE][PASSED] - Object: 'Object Repository/Page_cabi Edit Customer Profile/span_select_a_state' is clicked on

2019-06-27 16:24:06 - [TEST_STEP][PASSED] - delay(1): Delayed 1 second(s)

2019-06-27 16:24:07 - [MESSAGE][PASSED] - Delayed 1 second(s)

2019-06-27 16:24:07 - [TEST_STEP][PASSED] - setText(findTestObject("Object Repository/Page_cabi Edit Customer Profile/input_state_1"), state): Text 'Michigan' is set on object 'Object Repository/Page_cabi Edit Customer Profile/input_state_1'

2019-06-27 16:24:07 - [MESSAGE][PASSED] - Text 'Michigan' is set on object 'Object Repository/Page_cabi Edit Customer Profile/input_state_1'

2019-06-27 16:24:07 - [TEST_STEP][PASSED] - delay(2): Delayed 2 second(s)

2019-06-27 16:24:09 - [MESSAGE][PASSED] - Delayed 2 second(s)

2019-06-27 16:24:09 - [TEST_STEP][PASSED] - click(findTestObject("Page_cabi Edit Customer Profile/span_state")): Object: 'Object Repository/Page_cabi Edit Customer Profile/span_state' is clicked on

2019-06-27 16:24:10 - [MESSAGE][PASSED] - Object: 'Object Repository/Page_cabi Edit Customer Profile/span_state' is clicked on

2019-06-27 16:24:10 - [TEST_STEP][PASSED] - setText(findTestObject("Page_cabi Edit Customer Profile/input_state_postalCode"), zip): Text '48085' is set on object 'Object Repository/Page_cabi Edit Customer Profile/input_state_postalCode'

2019-06-27 16:24:10 - [MESSAGE][PASSED] - Text '48085' is set on object 'Object Repository/Page_cabi Edit Customer Profile/input_state_postalCode'

2019-06-27 16:24:10 - [TEST_STEP][PASSED] - delay(5): Delayed 5 second(s)

2019-06-27 16:24:15 - [MESSAGE][PASSED] - Delayed 5 second(s)

2019-06-27 16:24:15 - [TEST_STEP][PASSED] - check(findTestObject("Object Repository/Page_cabi Home/a_same_shipping_address")): Object 'Object Repository/Page_cabi Home/a_same_shipping_address' is checked

2019-06-27 16:24:15 - [MESSAGE][PASSED] - Object 'Object Repository/Page_cabi Home/a_same_shipping_address' is checked

2019-06-27 16:24:15 - [TEST_STEP][PASSED] - delay(5): Delayed 5 second(s)

2019-06-27 16:24:20 - [MESSAGE][PASSED] - Delayed 5 second(s)

2019-06-27 16:24:20 - [TEST_STEP][PASSED] - check(findTestObject("Object Repository/Page_cabi Home/a_same_shipping_address")): Object 'Object Repository/Page_cabi Home/a_same_shipping_address' is checked

2019-06-27 16:24:21 - [MESSAGE][PASSED] - Object 'Object Repository/Page_cabi Home/a_same_shipping_address' is checked

2019-06-27 16:24:21 - [TEST_STEP][PASSED] - delay(5): Delayed 5 second(s)

2019-06-27 16:24:26 - [MESSAGE][PASSED] - Delayed 5 second(s)

2019-06-27 16:24:26 - [TEST_STEP][PASSED] - nextButton = driver.findElement(By.xpath("//li/a/span[@id='returnToActionLabel']")): null

2019-06-27 16:24:26 - [TEST_STEP][PASSED] - executor.executeScript("arguments[0].click();", nextButton): null

2019-06-27 16:24:26 - [TEST_STEP][PASSED] - delay(3): Delayed 3 second(s)

2019-06-27 16:24:29 - [MESSAGE][PASSED] - Delayed 3 second(s)

2019-06-27 16:24:29 - [TEST_STEP][PASSED] - click(findTestObject("Object Repository/Page_cabi Retail Store/span_quick_entry")): Object: 'Object Repository/Page_cabi Retail Store/span_quick_entry' is clicked on

2019-06-27 16:24:35 - [MESSAGE][PASSED] - Object: 'Object Repository/Page_cabi Retail Store/span_quick_entry' is clicked on

2019-06-27 16:24:35 - [TEST_STEP][PASSED] - delay(3): Delayed 3 second(s)

2019-06-27 16:24:38 - [MESSAGE][PASSED] - Delayed 3 second(s)

2019-06-27 16:24:38 - [TEST_STEP][PASSED] - emptyCart = findWebElements(findTestObject("Object Repository/Page_cabi Personal Store/removeFromCart"), 5): Unable to find the element located by 'By.xpath: //*[@id="removeFromCart_0"]/span'. Please recheck the objects properties to make sure the desired element is located. 

2019-06-27 16:24:43 - [MESSAGE][INFO] - Unable to find the element located by 'By.xpath: //*[@id="removeFromCart_0"]/span'. Please recheck the objects properties to make sure the desired element is located. 

2019-06-27 16:24:43 - [TEST_STEP][PASSED] - if (emptyCart.size() > 0): null

2019-06-27 16:24:43 - [TEST_STEP][PASSED] - addOnStyle = findTestData("miscData").getValue("addOnStyle", 1): null

2019-06-27 16:24:43 - [TEST_STEP][PASSED] - addOnStyle2 = findTestData("miscData").getValue("addOnStyle", 2): null

2019-06-27 16:24:43 - [TEST_STEP][PASSED] - click(findTestObject("Object Repository/Page_cabi Create Order/input_Manual Discount_stylelookup_0")): Object: 'Object Repository/Page_cabi Create Order/input_Manual Discount_stylelookup_0' is clicked on

2019-06-27 16:24:44 - [MESSAGE][PASSED] - Object: 'Object Repository/Page_cabi Create Order/input_Manual Discount_stylelookup_0' is clicked on

2019-06-27 16:24:44 - [TEST_STEP][PASSED] - setText(findTestObject("Object Repository/Page_cabi Create Order/input_Manual Discount_stylelookup_0"), addOnStyle): Text '5447' is set on object 'Object Repository/Page_cabi Create Order/input_Manual Discount_stylelookup_0'

2019-06-27 16:24:44 - [MESSAGE][PASSED] - Text '5447' is set on object 'Object Repository/Page_cabi Create Order/input_Manual Discount_stylelookup_0'

2019-06-27 16:24:44 - [TEST_STEP][PASSED] - delay(3): Delayed 3 second(s)

2019-06-27 16:24:47 - [MESSAGE][PASSED] - Delayed 3 second(s)

2019-06-27 16:24:47 - [TEST_STEP][PASSED] - prod_message = getText(findTestObject("Page_cabi Create Order/first_option")): Text of object 'Object Repository/Page_cabi Create Order/first_option' is: '5447 Bishop Cardigan'

2019-06-27 16:24:47 - [MESSAGE][PASSED] - Text of object 'Object Repository/Page_cabi Create Order/first_option' is: '5447 Bishop Cardigan'

2019-06-27 16:24:47 - [TEST_STEP][PASSED] - click(findTestObject("Page_cabi Create Order/first_option")): Object: 'Object Repository/Page_cabi Create Order/first_option' is clicked on

2019-06-27 16:24:47 - [MESSAGE][PASSED] - Object: 'Object Repository/Page_cabi Create Order/first_option' is clicked on

2019-06-27 16:24:47 - [TEST_STEP][PASSED] - delay(5): Delayed 5 second(s)

2019-06-27 16:24:52 - [MESSAGE][PASSED] - Delayed 5 second(s)

2019-06-27 16:24:52 - [TEST_STEP][PASSED] - click(findTestObject("Object Repository/Page_cabi Order Items/selectSize")): Object: 'Object Repository/Page_cabi Order Items/selectSize' is clicked on

2019-06-27 16:24:52 - [MESSAGE][PASSED] - Object: 'Object Repository/Page_cabi Order Items/selectSize' is clicked on

2019-06-27 16:24:52 - [TEST_STEP][PASSED] - click(findTestObject("Object Repository/Page_cabi Order Items/span_Add to Cart")): Object: 'Object Repository/Page_cabi Order Items/span_Add to Cart' is clicked on

2019-06-27 16:24:53 - [MESSAGE][PASSED] - Object: 'Object Repository/Page_cabi Order Items/span_Add to Cart' is clicked on

2019-06-27 16:24:53 - [TEST_STEP][PASSED] - delay(5): Delayed 5 second(s)

2019-06-27 16:24:58 - [MESSAGE][PASSED] - Delayed 5 second(s)

2019-06-27 16:24:58 - [TEST_STEP][PASSED] - click(findTestObject("Object Repository/Page_cabi Create Order/inputStyleLookup1")): Object: 'Object Repository/Page_cabi Create Order/inputStyleLookup1' is clicked on

2019-06-27 16:24:59 - [MESSAGE][PASSED] - Object: 'Object Repository/Page_cabi Create Order/inputStyleLookup1' is clicked on

2019-06-27 16:24:59 - [TEST_STEP][PASSED] - setText(findTestObject("Object Repository/Page_cabi Create Order/inputStyleLookup1"), addOnStyle2): Text '5448' is set on object 'Object Repository/Page_cabi Create Order/inputStyleLookup1'

2019-06-27 16:25:00 - [MESSAGE][PASSED] - Text '5448' is set on object 'Object Repository/Page_cabi Create Order/inputStyleLookup1'

2019-06-27 16:25:00 - [TEST_STEP][PASSED] - delay(3): Delayed 3 second(s)

2019-06-27 16:25:03 - [MESSAGE][PASSED] - Delayed 3 second(s)

2019-06-27 16:25:03 - [TEST_STEP][PASSED] - prod_message2 = getText(findTestObject("Page_cabi Create Order/first_option")): Text of object 'Object Repository/Page_cabi Create Order/first_option' is: '5448 Sailor Pullover'

2019-06-27 16:25:03 - [MESSAGE][PASSED] - Text of object 'Object Repository/Page_cabi Create Order/first_option' is: '5448 Sailor Pullover'

2019-06-27 16:25:03 - [TEST_STEP][PASSED] - click(findTestObject("Page_cabi Create Order/first_option")): Object: 'Object Repository/Page_cabi Create Order/first_option' is clicked on

2019-06-27 16:25:03 - [MESSAGE][PASSED] - Object: 'Object Repository/Page_cabi Create Order/first_option' is clicked on

2019-06-27 16:25:03 - [TEST_STEP][PASSED] - delay(5): Delayed 5 second(s)

2019-06-27 16:25:08 - [MESSAGE][PASSED] - Delayed 5 second(s)

2019-06-27 16:25:08 - [TEST_STEP][PASSED] - click(findTestObject("Object Repository/Page_cabi Order Items/selectSize2")): Object: 'Object Repository/Page_cabi Order Items/selectSize2' is clicked on

2019-06-27 16:25:08 - [MESSAGE][PASSED] - Object: 'Object Repository/Page_cabi Order Items/selectSize2' is clicked on

2019-06-27 16:25:08 - [TEST_STEP][PASSED] - click(findTestObject("Object Repository/Page_cabi Order Items/addToCart2")): Object: 'Object Repository/Page_cabi Order Items/addToCart2' is clicked on

2019-06-27 16:25:09 - [MESSAGE][PASSED] - Object: 'Object Repository/Page_cabi Order Items/addToCart2' is clicked on

2019-06-27 16:25:09 - [TEST_STEP][PASSED] - delay(5): Delayed 5 second(s)

2019-06-27 16:25:14 - [MESSAGE][PASSED] - Delayed 5 second(s)

2019-06-27 16:25:14 - [TEST_STEP][PASSED] - if (editScenarioNumber == 1): null

2019-06-27 16:25:14 - [TEST_STEP][PASSED] - click(findTestObject("Object Repository/Page_cabi Order Items/a_checkout")): Object: 'Object Repository/Page_cabi Order Items/a_checkout' is clicked on

2019-06-27 16:25:14 - [MESSAGE][PASSED] - Object: 'Object Repository/Page_cabi Order Items/a_checkout' is clicked on

2019-06-27 16:25:14 - [TEST_STEP][PASSED] - delay(3): Delayed 3 second(s)

2019-06-27 16:25:17 - [MESSAGE][PASSED] - Delayed 3 second(s)

2019-06-27 16:25:17 - [TEST_STEP][PASSED] - click(findTestObject("Page_cabi Personal Store/nextButtonShipping")): Object: 'Object Repository/Page_cabi Personal Store/nextButtonShipping' is clicked on

2019-06-27 16:25:17 - [MESSAGE][PASSED] - Object: 'Object Repository/Page_cabi Personal Store/nextButtonShipping' is clicked on

2019-06-27 16:25:17 - [TEST_STEP][PASSED] - delay(3): Delayed 3 second(s)

2019-06-27 16:25:20 - [MESSAGE][PASSED] - Delayed 3 second(s)

2019-06-27 16:25:20 - [TEST_STEP][PASSED] - click(findTestObject("Page_cabi Personal Store/makeFirstPayment")): Object: 'Object Repository/Page_cabi Personal Store/makeFirstPayment' is clicked on

2019-06-27 16:25:20 - [MESSAGE][PASSED] - Object: 'Object Repository/Page_cabi Personal Store/makeFirstPayment' is clicked on

2019-06-27 16:25:20 - [TEST_STEP][PASSED] - click(findTestObject("Object Repository/Page_cabi Personal Store/select_cash")): Object: 'Object Repository/Page_cabi Personal Store/select_cash' is clicked on

2019-06-27 16:25:21 - [MESSAGE][PASSED] - Object: 'Object Repository/Page_cabi Personal Store/select_cash' is clicked on

2019-06-27 16:25:21 - [TEST_STEP][PASSED] - click(findTestObject("Page_cabi Personal Store/submitPayment")): Object: 'Object Repository/Page_cabi Personal Store/submitPayment' is clicked on

2019-06-27 16:25:21 - [MESSAGE][PASSED] - Object: 'Object Repository/Page_cabi Personal Store/submitPayment' is clicked on

2019-06-27 16:25:21 - [TEST_STEP][PASSED] - click(findTestObject("Page_cabi Personal Store/submitOrderId")): Object: 'Object Repository/Page_cabi Personal Store/submitOrderId' is clicked on

2019-06-27 16:25:24 - [MESSAGE][PASSED] - Object: 'Object Repository/Page_cabi Personal Store/submitOrderId' is clicked on

2019-06-27 16:25:24 - [TEST_STEP][PASSED] - successMsg = "": null

2019-06-27 16:25:24 - [TEST_STEP][PASSED] - orderSuccess = false: null

2019-06-27 16:25:24 - [TEST_STEP][PASSED] - successMsgs = findWebElements(findTestObject("Object Repository/Page_cabi Personal Store/p_success_msg"), 5): null

2019-06-27 16:25:25 - [TEST_STEP][PASSED] - if (successMsgs.size() > 0): Text of object 'Object Repository/Page_cabi Personal Store/p_order_id' is: 'RT707974300'

2019-06-27 16:25:25 - [TEST_STEP][PASSED] - successMsg = getText(findTestObject("Object Repository/Page_cabi Personal Store/p_success_msg")): Text of object 'Object Repository/Page_cabi Personal Store/p_success_msg' is: 'Order Created Successfully!!
Order #:  RT707974300

CONTINUE SHOPPING'

2019-06-27 16:25:25 - [MESSAGE][PASSED] - Text of object 'Object Repository/Page_cabi Personal Store/p_success_msg' is: 'Order Created Successfully!!
Order #:  RT707974300

CONTINUE SHOPPING'

2019-06-27 16:25:25 - [TEST_STEP][PASSED] - orderSuccess = true: null

2019-06-27 16:25:25 - [TEST_STEP][PASSED] - retailOrderID = getText(findTestObject("Object Repository/Page_cabi Personal Store/p_order_id")): Text of object 'Object Repository/Page_cabi Personal Store/p_order_id' is: 'RT707974300'

2019-06-27 16:25:25 - [MESSAGE][PASSED] - Text of object 'Object Repository/Page_cabi Personal Store/p_order_id' is: 'RT707974300'

2019-06-27 16:25:26 - [TEST_STEP][PASSED] - assert orderSuccess == true: null

2019-06-27 16:25:26 - [TEST_STEP][NOT_RUN] - closeBrowser(): NOT_RUN: closeBrowser()

2019-06-27 16:25:26 - [MESSAGE][NOT_RUN] - NOT_RUN: closeBrowser()

2019-06-27 16:25:26 - [MESSAGE][PASSED] - Call Test Case 'Test Cases/editOrder/retailOrderBO' successfully

2019-06-27 16:25:26 - [TEST_STEP][PASSED] - delay(10): Delayed 10 second(s)

2019-06-27 16:25:36 - [MESSAGE][PASSED] - Delayed 10 second(s)

2019-06-27 16:25:36 - [TEST_STEP][PASSED] - callTestCase(findTestCase("TestCaseUtilities/setVHost"), [:], STOP_ON_FAILURE): Call Test Case 'Test Cases/TestCaseUtilities/setVHost' successfully

2019-06-27 16:25:36 - [TEST_CASE][PASSED] - Test Cases/TestCaseUtilities/setVHost: Test Cases/TestCaseUtilities/setVHost

2019-06-27 16:25:36 - [TEST_STEP][PASSED] - dataFile = "micrositeData": null

2019-06-27 16:25:36 - [TEST_STEP][PASSED] - ofbizURL = findTestData(dataFile).getValue("ofbizURL", 1): null

2019-06-27 16:25:36 - [TEST_STEP][PASSED] - ofbizUser = findTestData(dataFile).getValue("ofbizUser", 1): null

2019-06-27 16:25:36 - [TEST_STEP][PASSED] - ofbizPass = findTestData(dataFile).getValue("ofbizPass", 1): null

2019-06-27 16:25:36 - [TEST_STEP][PASSED] - vhostTarget = findTestData(dataFile).getValue("vhostTarget", 1): null

2019-06-27 16:25:37 - [TEST_STEP][PASSED] - navigateToUrl(ofbizURL): Navigate to 'https://pushofbiz.cliotest.com/login.php' successfully

2019-06-27 16:25:39 - [MESSAGE][PASSED] - Navigate to 'https://pushofbiz.cliotest.com/login.php' successfully

2019-06-27 16:25:39 - [TEST_STEP][PASSED] - setText(findTestObject("Object Repository/virualShowRSVPOR/Page_/input_Username_username"), ofbizUser): Text 'automation' is set on object 'Object Repository/virualShowRSVPOR/Page_/input_Username_username'

2019-06-27 16:25:39 - [MESSAGE][PASSED] - Text 'automation' is set on object 'Object Repository/virualShowRSVPOR/Page_/input_Username_username'

2019-06-27 16:25:39 - [TEST_STEP][PASSED] - setText(findTestObject("Object Repository/virualShowRSVPOR/Page_/input_Password_password"), ofbizPass): Text 'cabiautomation' is set on object 'Object Repository/virualShowRSVPOR/Page_/input_Password_password'

2019-06-27 16:25:39 - [MESSAGE][PASSED] - Text 'cabiautomation' is set on object 'Object Repository/virualShowRSVPOR/Page_/input_Password_password'

2019-06-27 16:25:39 - [TEST_STEP][PASSED] - click(findTestObject("Object Repository/virualShowRSVPOR/Page_/input_Password_Submit")): Object: 'Object Repository/virualShowRSVPOR/Page_/input_Password_Submit' is clicked on

2019-06-27 16:25:43 - [MESSAGE][PASSED] - Object: 'Object Repository/virualShowRSVPOR/Page_/input_Password_Submit' is clicked on

2019-06-27 16:25:43 - [TEST_STEP][PASSED] - click(findTestObject("Object Repository/virualShowRSVPOR/Page_/a_Set Vhost")): Object: 'Object Repository/virualShowRSVPOR/Page_/a_Set Vhost' is clicked on

2019-06-27 16:25:44 - [MESSAGE][PASSED] - Object: 'Object Repository/virualShowRSVPOR/Page_/a_Set Vhost' is clicked on

2019-06-27 16:25:44 - [TEST_STEP][PASSED] - click(UtilityMethods.createTestObject("select_target", "//select[@name='Target']/option[contains(text(), '", vhostTarget, "')]")): Object: 'select_target' is clicked on

2019-06-27 16:25:44 - [MESSAGE][PASSED] - Object: 'select_target' is clicked on

2019-06-27 16:25:44 - [TEST_STEP][PASSED] - click(findTestObject("Object Repository/virualShowRSVPOR/Page_/input")): Object: 'Object Repository/virualShowRSVPOR/Page_/input' is clicked on

2019-06-27 16:25:47 - [MESSAGE][PASSED] - Object: 'Object Repository/virualShowRSVPOR/Page_/input' is clicked on

2019-06-27 16:25:47 - [MESSAGE][PASSED] - Call Test Case 'Test Cases/TestCaseUtilities/setVHost' successfully

2019-06-27 16:25:47 - [TEST_STEP][PASSED] - callTestCase(findTestCase("TestCaseUtilities/rsLogin"), ["RSURL":"", "RSuser":"", "RSpass":""], STOP_ON_FAILURE): Call Test Case 'Test Cases/TestCaseUtilities/rsLogin' successfully

2019-06-27 16:25:47 - [TEST_CASE][PASSED] - Test Cases/TestCaseUtilities/rsLogin: Test Cases/TestCaseUtilities/rsLogin

2019-06-27 16:25:47 - [TEST_STEP][PASSED] - RSURL = findTestData("credData").getValue("RSURL", 1): null

2019-06-27 16:25:48 - [TEST_STEP][PASSED] - RSuser = findTestData("credData").getValue("RSuser", 1): null

2019-06-27 16:25:48 - [TEST_STEP][PASSED] - RSpass = findTestData("credData").getValue("RSpass", 1): null

2019-06-27 16:25:48 - [TEST_STEP][PASSED] - BSURL = findTestData("credData").getValue("BSURL", 1): null

2019-06-27 16:25:48 - [TEST_STEP][PASSED] - navigateToUrl(RSURL): Navigate to 'https://mirandakate.cabitest5.com' successfully

2019-06-27 16:26:17 - [MESSAGE][PASSED] - Navigate to 'https://mirandakate.cabitest5.com' successfully

2019-06-27 16:26:17 - [TEST_STEP][PASSED] - click(findTestObject("ReplicatedSite/rs_Page_Trendy/i_user_login")): Object: 'Object Repository/ReplicatedSite/rs_Page_Trendy/i_user_login' is clicked on

2019-06-27 16:26:17 - [MESSAGE][PASSED] - Object: 'Object Repository/ReplicatedSite/rs_Page_Trendy/i_user_login' is clicked on

2019-06-27 16:26:17 - [TEST_STEP][PASSED] - setText(findTestObject("ReplicatedSite/rs_Page_Trendy/input_Sign in  Create account_email"), RSuser): Text 'michigan@na.com' is set on object 'Object Repository/ReplicatedSite/rs_Page_Trendy/input_Sign in  Create account_email'

2019-06-27 16:26:19 - [MESSAGE][PASSED] - Text 'michigan@na.com' is set on object 'Object Repository/ReplicatedSite/rs_Page_Trendy/input_Sign in  Create account_email'

2019-06-27 16:26:19 - [TEST_STEP][PASSED] - click(findTestObject("ReplicatedSite/rs_Page_Trendy/button_Continue")): Object: 'Object Repository/ReplicatedSite/rs_Page_Trendy/button_Continue' is clicked on

2019-06-27 16:26:19 - [MESSAGE][PASSED] - Object: 'Object Repository/ReplicatedSite/rs_Page_Trendy/button_Continue' is clicked on

2019-06-27 16:26:19 - [TEST_STEP][PASSED] - setText(findTestObject("ReplicatedSite/rs_Page_Trendy/input_Welcome_password"), RSpass): Text 'blackdress19' is set on object 'Object Repository/ReplicatedSite/rs_Page_Trendy/input_Welcome_password'

2019-06-27 16:26:22 - [MESSAGE][PASSED] - Text 'blackdress19' is set on object 'Object Repository/ReplicatedSite/rs_Page_Trendy/input_Welcome_password'

2019-06-27 16:26:22 - [TEST_STEP][PASSED] - click(findTestObject("ReplicatedSite/rs_Page_Trendy/button_Continue")): Object: 'Object Repository/ReplicatedSite/rs_Page_Trendy/button_Continue' is clicked on

2019-06-27 16:26:22 - [MESSAGE][PASSED] - Object: 'Object Repository/ReplicatedSite/rs_Page_Trendy/button_Continue' is clicked on

2019-06-27 16:26:22 - [TEST_STEP][PASSED] - completeProfileLater = findWebElements(findTestObject("ReplicatedSite/rs_Page_Trendy/completeProfileLater"), 5): null

2019-06-27 16:26:24 - [TEST_STEP][PASSED] - if (completeProfileLater.size() > 0): Object: 'Object Repository/ReplicatedSite/rs_Page_Trendy/completeProfileLater' is clicked on

2019-06-27 16:26:24 - [TEST_STEP][PASSED] - click(findTestObject("ReplicatedSite/rs_Page_Trendy/completeProfileLater")): Object: 'Object Repository/ReplicatedSite/rs_Page_Trendy/completeProfileLater' is clicked on

2019-06-27 16:26:41 - [MESSAGE][PASSED] - Object: 'Object Repository/ReplicatedSite/rs_Page_Trendy/completeProfileLater' is clicked on

2019-06-27 16:26:41 - [TEST_STEP][PASSED] - if (getUrl() == BSURL): Current window's url is: 'https://mirandakate.cabitest5.com/'

2019-06-27 16:26:42 - [MESSAGE][PASSED] - Current window's url is: 'https://mirandakate.cabitest5.com/'

2019-06-27 16:26:42 - [MESSAGE][PASSED] - Call Test Case 'Test Cases/TestCaseUtilities/rsLogin' successfully

2019-06-27 16:26:42 - [TEST_STEP][FAILED] - callTestCase(findTestCase("editOrder/rsOrderHistoryConfirm"), ["orderID":"", "editScenarioNumber":1], STOP_ON_FAILURE): callTestCase(findTestCase("editOrder/rsOrderHistoryConfirm"), ["orderID":"", "editScenarioNumber":1], STOP_ON_FAILURE) FAILED.
Reason:
com.kms.katalon.core.exception.StepFailedException: Call Test Case 'Test Cases/editOrder/rsOrderHistoryConfirm' failed
	at com.kms.katalon.core.keyword.builtin.CallTestCaseKeyword$_callTestCase_closure1.doCall(CallTestCaseKeyword.groovy:63)
	at com.kms.katalon.core.keyword.builtin.CallTestCaseKeyword$_callTestCase_closure1.call(CallTestCaseKeyword.groovy)
	at com.kms.katalon.core.keyword.internal.KeywordMain.runKeyword(KeywordMain.groovy:66)
	at com.kms.katalon.core.keyword.builtin.CallTestCaseKeyword.callTestCase(CallTestCaseKeyword.groovy:81)
	at com.kms.katalon.core.keyword.builtin.CallTestCaseKeyword.execute(CallTestCaseKeyword.groovy:44)
	at com.kms.katalon.core.keyword.internal.KeywordExecutor.executeKeywordForPlatform(KeywordExecutor.groovy:56)
	at com.kms.katalon.core.keyword.BuiltinKeywords.callTestCase(BuiltinKeywords.groovy:334)
	at rsEditOrderSimple.run(rsEditOrderSimple:24)
	at com.kms.katalon.core.main.ScriptEngine.run(ScriptEngine.java:194)
	at com.kms.katalon.core.main.ScriptEngine.runScriptAsRawText(ScriptEngine.java:119)
	at com.kms.katalon.core.main.TestCaseExecutor.runScript(TestCaseExecutor.java:342)
	at com.kms.katalon.core.main.TestCaseExecutor.doExecute(TestCaseExecutor.java:333)
	at com.kms.katalon.core.main.TestCaseExecutor.processExecutionPhase(TestCaseExecutor.java:312)
	at com.kms.katalon.core.main.TestCaseExecutor.accessMainPhase(TestCaseExecutor.java:304)
	at com.kms.katalon.core.main.TestCaseExecutor.execute(TestCaseExecutor.java:238)
	at com.kms.katalon.core.main.TestSuiteExecutor.accessTestCaseMainPhase(TestSuiteExecutor.java:129)
	at com.kms.katalon.core.main.TestSuiteExecutor.accessTestSuiteMainPhase(TestSuiteExecutor.java:112)
	at com.kms.katalon.core.main.TestSuiteExecutor.execute(TestSuiteExecutor.java:81)
	at com.kms.katalon.core.main.TestCaseMain.startTestSuite(TestCaseMain.java:157)
	at com.kms.katalon.core.main.TestCaseMain$startTestSuite$0.call(Unknown Source)
	at TempTestSuite1561632781779.run(TempTestSuite1561632781779.groovy:35)
Caused by: Assertion failed: 

assert updateButton.size() > 0
       |            |      |
       []           0      false

	at rsOrderHistoryConfirm.run(rsOrderHistoryConfirm:53)
	at com.kms.katalon.core.main.ScriptEngine.run(ScriptEngine.java:194)
	at com.kms.katalon.core.main.ScriptEngine.runScriptAsRawText(ScriptEngine.java:119)
	at com.kms.katalon.core.main.TestCaseExecutor.runScript(TestCaseExecutor.java:342)
	at com.kms.katalon.core.main.TestCaseExecutor.doExecute(TestCaseExecutor.java:333)
	at com.kms.katalon.core.main.TestCaseExecutor.processExecutionPhase(TestCaseExecutor.java:312)
	at com.kms.katalon.core.main.TestCaseExecutor.accessMainPhase(TestCaseExecutor.java:304)
	at com.kms.katalon.core.main.TestCaseExecutor.execute(TestCaseExecutor.java:238)
	at com.kms.katalon.core.main.TestCaseMain.runTestCase(TestCaseMain.java:114)
	at com.kms.katalon.core.keyword.builtin.CallTestCaseKeyword$_callTestCase_closure1.doCall(CallTestCaseKeyword.groovy:59)
	... 20 more


2019-06-27 16:26:42 - [TEST_CASE][FAILED] - Test Cases/editOrder/rsOrderHistoryConfirm: Test Cases/editOrder/rsOrderHistoryConfirm FAILED.
Reason:
Assertion failed: 

assert updateButton.size() > 0
       |            |      |
       []           0      false

	at rsOrderHistoryConfirm.run(rsOrderHistoryConfirm:53)
	at com.kms.katalon.core.main.ScriptEngine.run(ScriptEngine.java:194)
	at com.kms.katalon.core.main.ScriptEngine.runScriptAsRawText(ScriptEngine.java:119)
	at com.kms.katalon.core.main.TestCaseExecutor.runScript(TestCaseExecutor.java:342)
	at com.kms.katalon.core.main.TestCaseExecutor.doExecute(TestCaseExecutor.java:333)
	at com.kms.katalon.core.main.TestCaseExecutor.processExecutionPhase(TestCaseExecutor.java:312)
	at com.kms.katalon.core.main.TestCaseExecutor.accessMainPhase(TestCaseExecutor.java:304)
	at com.kms.katalon.core.main.TestCaseExecutor.execute(TestCaseExecutor.java:238)
	at com.kms.katalon.core.main.TestCaseMain.runTestCase(TestCaseMain.java:114)
	at com.kms.katalon.core.keyword.builtin.CallTestCaseKeyword$_callTestCase_closure1.doCall(CallTestCaseKeyword.groovy:59)
	at com.kms.katalon.core.keyword.builtin.CallTestCaseKeyword$_callTestCase_closure1.call(CallTestCaseKeyword.groovy)
	at com.kms.katalon.core.keyword.internal.KeywordMain.runKeyword(KeywordMain.groovy:66)
	at com.kms.katalon.core.keyword.builtin.CallTestCaseKeyword.callTestCase(CallTestCaseKeyword.groovy:81)
	at com.kms.katalon.core.keyword.builtin.CallTestCaseKeyword.execute(CallTestCaseKeyword.groovy:44)
	at com.kms.katalon.core.keyword.internal.KeywordExecutor.executeKeywordForPlatform(KeywordExecutor.groovy:56)
	at com.kms.katalon.core.keyword.BuiltinKeywords.callTestCase(BuiltinKeywords.groovy:334)
	at rsEditOrderSimple.run(rsEditOrderSimple:24)
	at com.kms.katalon.core.main.ScriptEngine.run(ScriptEngine.java:194)
	at com.kms.katalon.core.main.ScriptEngine.runScriptAsRawText(ScriptEngine.java:119)
	at com.kms.katalon.core.main.TestCaseExecutor.runScript(TestCaseExecutor.java:342)
	at com.kms.katalon.core.main.TestCaseExecutor.doExecute(TestCaseExecutor.java:333)
	at com.kms.katalon.core.main.TestCaseExecutor.processExecutionPhase(TestCaseExecutor.java:312)
	at com.kms.katalon.core.main.TestCaseExecutor.accessMainPhase(TestCaseExecutor.java:304)
	at com.kms.katalon.core.main.TestCaseExecutor.execute(TestCaseExecutor.java:238)
	at com.kms.katalon.core.main.TestSuiteExecutor.accessTestCaseMainPhase(TestSuiteExecutor.java:129)
	at com.kms.katalon.core.main.TestSuiteExecutor.accessTestSuiteMainPhase(TestSuiteExecutor.java:112)
	at com.kms.katalon.core.main.TestSuiteExecutor.execute(TestSuiteExecutor.java:81)
	at com.kms.katalon.core.main.TestCaseMain.startTestSuite(TestCaseMain.java:157)
	at com.kms.katalon.core.main.TestCaseMain$startTestSuite$0.call(Unknown Source)
	at TempTestSuite1561632781779.run(TempTestSuite1561632781779.groovy:35)


2019-06-27 16:26:43 - [TEST_STEP][PASSED] - orderID = retailOrderID: null

2019-06-27 16:26:43 - [TEST_STEP][PASSED] - println(orderID): null

2019-06-27 16:26:43 - [TEST_STEP][PASSED] - xpath = UtilityMethods.concat("//span[contains(text(), '", orderID, "')]/parent::div/parent::div/div[@class='table-row-edit-order']//a"): null

2019-06-27 16:26:43 - [TEST_STEP][PASSED] - to = new com.kms.katalon.core.testobject.TestObject(a_link_dynamic): null

2019-06-27 16:26:43 - [TEST_STEP][PASSED] - to.addProperty("xpath", EQUALS, xpath): null

2019-06-27 16:26:43 - [TEST_STEP][PASSED] - click(findTestObject("ReplicatedSite/rs_Page_Trendy/i_Michigan_fa fa-caret-down")): Object: 'Object Repository/ReplicatedSite/rs_Page_Trendy/i_Michigan_fa fa-caret-down' is clicked on

2019-06-27 16:26:43 - [MESSAGE][PASSED] - Object: 'Object Repository/ReplicatedSite/rs_Page_Trendy/i_Michigan_fa fa-caret-down' is clicked on

2019-06-27 16:26:43 - [TEST_STEP][PASSED] - click(findTestObject("ReplicatedSite/rs_Page_Trendy/a_My Profile")): Object: 'Object Repository/ReplicatedSite/rs_Page_Trendy/a_My Profile' is clicked on

2019-06-27 16:26:56 - [MESSAGE][PASSED] - Object: 'Object Repository/ReplicatedSite/rs_Page_Trendy/a_My Profile' is clicked on

2019-06-27 16:26:56 - [TEST_STEP][PASSED] - click(findTestObject("Object Repository/ReplicatedSite/Page_Profile - Cabi Fall 2018 Collection/span_Order History")): Object: 'Object Repository/ReplicatedSite/Page_Profile - Cabi Fall 2018 Collection/span_Order History' is clicked on

2019-06-27 16:26:57 - [MESSAGE][PASSED] - Object: 'Object Repository/ReplicatedSite/Page_Profile - Cabi Fall 2018 Collection/span_Order History' is clicked on

2019-06-27 16:26:57 - [TEST_STEP][PASSED] - delay(5): Delayed 5 second(s)

2019-06-27 16:27:02 - [MESSAGE][PASSED] - Delayed 5 second(s)

2019-06-27 16:27:02 - [TEST_STEP][PASSED] - editButton = findWebElements(to, 1): null

2019-06-27 16:27:02 - [TEST_STEP][PASSED] - assert editButton.size() > 0: null

2019-06-27 16:27:02 - [TEST_STEP][FAILED] - if (editButton.size() > 0): if (editButton.size() > 0) FAILED.
Reason:
Assertion failed: 

assert updateButton.size() > 0
       |            |      |
       []           0      false

	at rsOrderHistoryConfirm.run(rsOrderHistoryConfirm:53)
	at com.kms.katalon.core.main.ScriptEngine.run(ScriptEngine.java:194)
	at com.kms.katalon.core.main.ScriptEngine.runScriptAsRawText(ScriptEngine.java:119)
	at com.kms.katalon.core.main.TestCaseExecutor.runScript(TestCaseExecutor.java:342)
	at com.kms.katalon.core.main.TestCaseExecutor.doExecute(TestCaseExecutor.java:333)
	at com.kms.katalon.core.main.TestCaseExecutor.processExecutionPhase(TestCaseExecutor.java:312)
	at com.kms.katalon.core.main.TestCaseExecutor.accessMainPhase(TestCaseExecutor.java:304)
	at com.kms.katalon.core.main.TestCaseExecutor.execute(TestCaseExecutor.java:238)
	at com.kms.katalon.core.main.TestCaseMain.runTestCase(TestCaseMain.java:114)
	at com.kms.katalon.core.keyword.builtin.CallTestCaseKeyword$_callTestCase_closure1.doCall(CallTestCaseKeyword.groovy:59)
	at com.kms.katalon.core.keyword.builtin.CallTestCaseKeyword$_callTestCase_closure1.call(CallTestCaseKeyword.groovy)
	at com.kms.katalon.core.keyword.internal.KeywordMain.runKeyword(KeywordMain.groovy:66)
	at com.kms.katalon.core.keyword.builtin.CallTestCaseKeyword.callTestCase(CallTestCaseKeyword.groovy:81)
	at com.kms.katalon.core.keyword.builtin.CallTestCaseKeyword.execute(CallTestCaseKeyword.groovy:44)
	at com.kms.katalon.core.keyword.internal.KeywordExecutor.executeKeywordForPlatform(KeywordExecutor.groovy:56)
	at com.kms.katalon.core.keyword.BuiltinKeywords.callTestCase(BuiltinKeywords.groovy:334)
	at rsEditOrderSimple.run(rsEditOrderSimple:24)
	at com.kms.katalon.core.main.ScriptEngine.run(ScriptEngine.java:194)
	at com.kms.katalon.core.main.ScriptEngine.runScriptAsRawText(ScriptEngine.java:119)
	at com.kms.katalon.core.main.TestCaseExecutor.runScript(TestCaseExecutor.java:342)
	at com.kms.katalon.core.main.TestCaseExecutor.doExecute(TestCaseExecutor.java:333)
	at com.kms.katalon.core.main.TestCaseExecutor.processExecutionPhase(TestCaseExecutor.java:312)
	at com.kms.katalon.core.main.TestCaseExecutor.accessMainPhase(TestCaseExecutor.java:304)
	at com.kms.katalon.core.main.TestCaseExecutor.execute(TestCaseExecutor.java:238)
	at com.kms.katalon.core.main.TestSuiteExecutor.accessTestCaseMainPhase(TestSuiteExecutor.java:129)
	at com.kms.katalon.core.main.TestSuiteExecutor.accessTestSuiteMainPhase(TestSuiteExecutor.java:112)
	at com.kms.katalon.core.main.TestSuiteExecutor.execute(TestSuiteExecutor.java:81)
	at com.kms.katalon.core.main.TestCaseMain.startTestSuite(TestCaseMain.java:157)
	at com.kms.katalon.core.main.TestCaseMain$startTestSuite$0.call(Unknown Source)
	at TempTestSuite1561632781779.run(TempTestSuite1561632781779.groovy:35)


2019-06-27 16:27:02 - [TEST_STEP][PASSED] - click(to): Object: 'a_link_dynamic' is clicked on

2019-06-27 16:27:02 - [MESSAGE][PASSED] - Object: 'a_link_dynamic' is clicked on

2019-06-27 16:27:02 - [TEST_STEP][PASSED] - delay(10): Delayed 10 second(s)

2019-06-27 16:27:12 - [MESSAGE][PASSED] - Delayed 10 second(s)

2019-06-27 16:27:12 - [TEST_STEP][FAILED] - if (editScenarioNumber == 1): if (editButton.size() > 0) FAILED.
Reason:
Assertion failed: 

assert updateButton.size() > 0
       |            |      |
       []           0      false

	at rsOrderHistoryConfirm.run(rsOrderHistoryConfirm:53)
	at com.kms.katalon.core.main.ScriptEngine.run(ScriptEngine.java:194)
	at com.kms.katalon.core.main.ScriptEngine.runScriptAsRawText(ScriptEngine.java:119)
	at com.kms.katalon.core.main.TestCaseExecutor.runScript(TestCaseExecutor.java:342)
	at com.kms.katalon.core.main.TestCaseExecutor.doExecute(TestCaseExecutor.java:333)
	at com.kms.katalon.core.main.TestCaseExecutor.processExecutionPhase(TestCaseExecutor.java:312)
	at com.kms.katalon.core.main.TestCaseExecutor.accessMainPhase(TestCaseExecutor.java:304)
	at com.kms.katalon.core.main.TestCaseExecutor.execute(TestCaseExecutor.java:238)
	at com.kms.katalon.core.main.TestCaseMain.runTestCase(TestCaseMain.java:114)
	at com.kms.katalon.core.keyword.builtin.CallTestCaseKeyword$_callTestCase_closure1.doCall(CallTestCaseKeyword.groovy:59)
	at com.kms.katalon.core.keyword.builtin.CallTestCaseKeyword$_callTestCase_closure1.call(CallTestCaseKeyword.groovy)
	at com.kms.katalon.core.keyword.internal.KeywordMain.runKeyword(KeywordMain.groovy:66)
	at com.kms.katalon.core.keyword.builtin.CallTestCaseKeyword.callTestCase(CallTestCaseKeyword.groovy:81)
	at com.kms.katalon.core.keyword.builtin.CallTestCaseKeyword.execute(CallTestCaseKeyword.groovy:44)
	at com.kms.katalon.core.keyword.internal.KeywordExecutor.executeKeywordForPlatform(KeywordExecutor.groovy:56)
	at com.kms.katalon.core.keyword.BuiltinKeywords.callTestCase(BuiltinKeywords.groovy:334)
	at rsEditOrderSimple.run(rsEditOrderSimple:24)
	at com.kms.katalon.core.main.ScriptEngine.run(ScriptEngine.java:194)
	at com.kms.katalon.core.main.ScriptEngine.runScriptAsRawText(ScriptEngine.java:119)
	at com.kms.katalon.core.main.TestCaseExecutor.runScript(TestCaseExecutor.java:342)
	at com.kms.katalon.core.main.TestCaseExecutor.doExecute(TestCaseExecutor.java:333)
	at com.kms.katalon.core.main.TestCaseExecutor.processExecutionPhase(TestCaseExecutor.java:312)
	at com.kms.katalon.core.main.TestCaseExecutor.accessMainPhase(TestCaseExecutor.java:304)
	at com.kms.katalon.core.main.TestCaseExecutor.execute(TestCaseExecutor.java:238)
	at com.kms.katalon.core.main.TestSuiteExecutor.accessTestCaseMainPhase(TestSuiteExecutor.java:129)
	at com.kms.katalon.core.main.TestSuiteExecutor.accessTestSuiteMainPhase(TestSuiteExecutor.java:112)
	at com.kms.katalon.core.main.TestSuiteExecutor.execute(TestSuiteExecutor.java:81)
	at com.kms.katalon.core.main.TestCaseMain.startTestSuite(TestCaseMain.java:157)
	at com.kms.katalon.core.main.TestCaseMain$startTestSuite$0.call(Unknown Source)
	at TempTestSuite1561632781779.run(TempTestSuite1561632781779.groovy:35)


2019-06-27 16:27:12 - [TEST_STEP][PASSED] - println("scen = 1"): null

2019-06-27 16:27:12 - [TEST_STEP][PASSED] - updateButton = findWebElements(findTestObject("Object Repository/ReplicatedSite/a_update_order"), 1): Unable to find the element located by 'By.xpath: (//div/a[contains(text(), 'Update Order')])[3]'. Please recheck the objects properties to make sure the desired element is located. 

2019-06-27 16:27:17 - [MESSAGE][INFO] - Unable to find the element located by 'By.xpath: (//div/a[contains(text(), 'Update Order')])[3]'. Please recheck the objects properties to make sure the desired element is located. 

2019-06-27 16:27:17 - [TEST_STEP][FAILED] - assert updateButton.size() > 0: if (editButton.size() > 0) FAILED.
Reason:
Assertion failed: 

assert updateButton.size() > 0
       |            |      |
       []           0      false

	at rsOrderHistoryConfirm.run(rsOrderHistoryConfirm:53)
	at com.kms.katalon.core.main.ScriptEngine.run(ScriptEngine.java:194)
	at com.kms.katalon.core.main.ScriptEngine.runScriptAsRawText(ScriptEngine.java:119)
	at com.kms.katalon.core.main.TestCaseExecutor.runScript(TestCaseExecutor.java:342)
	at com.kms.katalon.core.main.TestCaseExecutor.doExecute(TestCaseExecutor.java:333)
	at com.kms.katalon.core.main.TestCaseExecutor.processExecutionPhase(TestCaseExecutor.java:312)
	at com.kms.katalon.core.main.TestCaseExecutor.accessMainPhase(TestCaseExecutor.java:304)
	at com.kms.katalon.core.main.TestCaseExecutor.execute(TestCaseExecutor.java:238)
	at com.kms.katalon.core.main.TestCaseMain.runTestCase(TestCaseMain.java:114)
	at com.kms.katalon.core.keyword.builtin.CallTestCaseKeyword$_callTestCase_closure1.doCall(CallTestCaseKeyword.groovy:59)
	at com.kms.katalon.core.keyword.builtin.CallTestCaseKeyword$_callTestCase_closure1.call(CallTestCaseKeyword.groovy)
	at com.kms.katalon.core.keyword.internal.KeywordMain.runKeyword(KeywordMain.groovy:66)
	at com.kms.katalon.core.keyword.builtin.CallTestCaseKeyword.callTestCase(CallTestCaseKeyword.groovy:81)
	at com.kms.katalon.core.keyword.builtin.CallTestCaseKeyword.execute(CallTestCaseKeyword.groovy:44)
	at com.kms.katalon.core.keyword.internal.KeywordExecutor.executeKeywordForPlatform(KeywordExecutor.groovy:56)
	at com.kms.katalon.core.keyword.BuiltinKeywords.callTestCase(BuiltinKeywords.groovy:334)
	at rsEditOrderSimple.run(rsEditOrderSimple:24)
	at com.kms.katalon.core.main.ScriptEngine.run(ScriptEngine.java:194)
	at com.kms.katalon.core.main.ScriptEngine.runScriptAsRawText(ScriptEngine.java:119)
	at com.kms.katalon.core.main.TestCaseExecutor.runScript(TestCaseExecutor.java:342)
	at com.kms.katalon.core.main.TestCaseExecutor.doExecute(TestCaseExecutor.java:333)
	at com.kms.katalon.core.main.TestCaseExecutor.processExecutionPhase(TestCaseExecutor.java:312)
	at com.kms.katalon.core.main.TestCaseExecutor.accessMainPhase(TestCaseExecutor.java:304)
	at com.kms.katalon.core.main.TestCaseExecutor.execute(TestCaseExecutor.java:238)
	at com.kms.katalon.core.main.TestSuiteExecutor.accessTestCaseMainPhase(TestSuiteExecutor.java:129)
	at com.kms.katalon.core.main.TestSuiteExecutor.accessTestSuiteMainPhase(TestSuiteExecutor.java:112)
	at com.kms.katalon.core.main.TestSuiteExecutor.execute(TestSuiteExecutor.java:81)
	at com.kms.katalon.core.main.TestCaseMain.startTestSuite(TestCaseMain.java:157)
	at com.kms.katalon.core.main.TestCaseMain$startTestSuite$0.call(Unknown Source)
	at TempTestSuite1561632781779.run(TempTestSuite1561632781779.groovy:35)


2019-06-27 16:27:18 - [MESSAGE][FAILED] - if (editButton.size() > 0) FAILED.
Reason:
Assertion failed: 

assert updateButton.size() > 0
       |            |      |
       []           0      false

	at rsOrderHistoryConfirm.run(rsOrderHistoryConfirm:53)
	at com.kms.katalon.core.main.ScriptEngine.run(ScriptEngine.java:194)
	at com.kms.katalon.core.main.ScriptEngine.runScriptAsRawText(ScriptEngine.java:119)
	at com.kms.katalon.core.main.TestCaseExecutor.runScript(TestCaseExecutor.java:342)
	at com.kms.katalon.core.main.TestCaseExecutor.doExecute(TestCaseExecutor.java:333)
	at com.kms.katalon.core.main.TestCaseExecutor.processExecutionPhase(TestCaseExecutor.java:312)
	at com.kms.katalon.core.main.TestCaseExecutor.accessMainPhase(TestCaseExecutor.java:304)
	at com.kms.katalon.core.main.TestCaseExecutor.execute(TestCaseExecutor.java:238)
	at com.kms.katalon.core.main.TestCaseMain.runTestCase(TestCaseMain.java:114)
	at com.kms.katalon.core.keyword.builtin.CallTestCaseKeyword$_callTestCase_closure1.doCall(CallTestCaseKeyword.groovy:59)
	at com.kms.katalon.core.keyword.builtin.CallTestCaseKeyword$_callTestCase_closure1.call(CallTestCaseKeyword.groovy)
	at com.kms.katalon.core.keyword.internal.KeywordMain.runKeyword(KeywordMain.groovy:66)
	at com.kms.katalon.core.keyword.builtin.CallTestCaseKeyword.callTestCase(CallTestCaseKeyword.groovy:81)
	at com.kms.katalon.core.keyword.builtin.CallTestCaseKeyword.execute(CallTestCaseKeyword.groovy:44)
	at com.kms.katalon.core.keyword.internal.KeywordExecutor.executeKeywordForPlatform(KeywordExecutor.groovy:56)
	at com.kms.katalon.core.keyword.BuiltinKeywords.callTestCase(BuiltinKeywords.groovy:334)
	at rsEditOrderSimple.run(rsEditOrderSimple:24)
	at com.kms.katalon.core.main.ScriptEngine.run(ScriptEngine.java:194)
	at com.kms.katalon.core.main.ScriptEngine.runScriptAsRawText(ScriptEngine.java:119)
	at com.kms.katalon.core.main.TestCaseExecutor.runScript(TestCaseExecutor.java:342)
	at com.kms.katalon.core.main.TestCaseExecutor.doExecute(TestCaseExecutor.java:333)
	at com.kms.katalon.core.main.TestCaseExecutor.processExecutionPhase(TestCaseExecutor.java:312)
	at com.kms.katalon.core.main.TestCaseExecutor.accessMainPhase(TestCaseExecutor.java:304)
	at com.kms.katalon.core.main.TestCaseExecutor.execute(TestCaseExecutor.java:238)
	at com.kms.katalon.core.main.TestSuiteExecutor.accessTestCaseMainPhase(TestSuiteExecutor.java:129)
	at com.kms.katalon.core.main.TestSuiteExecutor.accessTestSuiteMainPhase(TestSuiteExecutor.java:112)
	at com.kms.katalon.core.main.TestSuiteExecutor.execute(TestSuiteExecutor.java:81)
	at com.kms.katalon.core.main.TestCaseMain.startTestSuite(TestCaseMain.java:157)
	at com.kms.katalon.core.main.TestCaseMain$startTestSuite$0.call(Unknown Source)
	at TempTestSuite1561632781779.run(TempTestSuite1561632781779.groovy:35)


2019-06-27 16:27:18 - [MESSAGE][FAILED] - Unable to call Test Case 'Test Cases/editOrder/rsOrderHistoryConfirm' (Root cause: com.kms.katalon.core.exception.StepFailedException: Call Test Case 'Test Cases/editOrder/rsOrderHistoryConfirm' failed
	at com.kms.katalon.core.keyword.builtin.CallTestCaseKeyword$_callTestCase_closure1.doCall(CallTestCaseKeyword.groovy:63)
	at com.kms.katalon.core.keyword.builtin.CallTestCaseKeyword$_callTestCase_closure1.call(CallTestCaseKeyword.groovy)
	at com.kms.katalon.core.keyword.internal.KeywordMain.runKeyword(KeywordMain.groovy:66)
	at com.kms.katalon.core.keyword.builtin.CallTestCaseKeyword.callTestCase(CallTestCaseKeyword.groovy:81)
	at com.kms.katalon.core.keyword.builtin.CallTestCaseKeyword.execute(CallTestCaseKeyword.groovy:44)
	at com.kms.katalon.core.keyword.internal.KeywordExecutor.executeKeywordForPlatform(KeywordExecutor.groovy:56)
	at com.kms.katalon.core.keyword.BuiltinKeywords.callTestCase(BuiltinKeywords.groovy:334)
	at rsEditOrderSimple.run(rsEditOrderSimple:24)
	at com.kms.katalon.core.main.ScriptEngine.run(ScriptEngine.java:194)
	at com.kms.katalon.core.main.ScriptEngine.runScriptAsRawText(ScriptEngine.java:119)
	at com.kms.katalon.core.main.TestCaseExecutor.runScript(TestCaseExecutor.java:342)
	at com.kms.katalon.core.main.TestCaseExecutor.doExecute(TestCaseExecutor.java:333)
	at com.kms.katalon.core.main.TestCaseExecutor.processExecutionPhase(TestCaseExecutor.java:312)
	at com.kms.katalon.core.main.TestCaseExecutor.accessMainPhase(TestCaseExecutor.java:304)
	at com.kms.katalon.core.main.TestCaseExecutor.execute(TestCaseExecutor.java:238)
	at com.kms.katalon.core.main.TestSuiteExecutor.accessTestCaseMainPhase(TestSuiteExecutor.java:129)
	at com.kms.katalon.core.main.TestSuiteExecutor.accessTestSuiteMainPhase(TestSuiteExecutor.java:112)
	at com.kms.katalon.core.main.TestSuiteExecutor.execute(TestSuiteExecutor.java:81)
	at com.kms.katalon.core.main.TestCaseMain.startTestSuite(TestCaseMain.java:157)
	at com.kms.katalon.core.main.TestCaseMain$startTestSuite$0.call(Unknown Source)
	at TempTestSuite1561632781779.run(TempTestSuite1561632781779.groovy:35)
Caused by: Assertion failed: 

assert updateButton.size() > 0
       |            |      |
       []           0      false

	at rsOrderHistoryConfirm.run(rsOrderHistoryConfirm:53)
	at com.kms.katalon.core.main.ScriptEngine.run(ScriptEngine.java:194)
	at com.kms.katalon.core.main.ScriptEngine.runScriptAsRawText(ScriptEngine.java:119)
	at com.kms.katalon.core.main.TestCaseExecutor.runScript(TestCaseExecutor.java:342)
	at com.kms.katalon.core.main.TestCaseExecutor.doExecute(TestCaseExecutor.java:333)
	at com.kms.katalon.core.main.TestCaseExecutor.processExecutionPhase(TestCaseExecutor.java:312)
	at com.kms.katalon.core.main.TestCaseExecutor.accessMainPhase(TestCaseExecutor.java:304)
	at com.kms.katalon.core.main.TestCaseExecutor.execute(TestCaseExecutor.java:238)
	at com.kms.katalon.core.main.TestCaseMain.runTestCase(TestCaseMain.java:114)
	at com.kms.katalon.core.keyword.builtin.CallTestCaseKeyword$_callTestCase_closure1.doCall(CallTestCaseKeyword.groovy:59)
	... 20 more
)

2019-06-27 16:27:18 - [MESSAGE][FAILED] - callTestCase(findTestCase("editOrder/rsOrderHistoryConfirm"), ["orderID":"", "editScenarioNumber":1], STOP_ON_FAILURE) FAILED.
Reason:
com.kms.katalon.core.exception.StepFailedException: Call Test Case 'Test Cases/editOrder/rsOrderHistoryConfirm' failed
	at com.kms.katalon.core.keyword.builtin.CallTestCaseKeyword$_callTestCase_closure1.doCall(CallTestCaseKeyword.groovy:63)
	at com.kms.katalon.core.keyword.builtin.CallTestCaseKeyword$_callTestCase_closure1.call(CallTestCaseKeyword.groovy)
	at com.kms.katalon.core.keyword.internal.KeywordMain.runKeyword(KeywordMain.groovy:66)
	at com.kms.katalon.core.keyword.builtin.CallTestCaseKeyword.callTestCase(CallTestCaseKeyword.groovy:81)
	at com.kms.katalon.core.keyword.builtin.CallTestCaseKeyword.execute(CallTestCaseKeyword.groovy:44)
	at com.kms.katalon.core.keyword.internal.KeywordExecutor.executeKeywordForPlatform(KeywordExecutor.groovy:56)
	at com.kms.katalon.core.keyword.BuiltinKeywords.callTestCase(BuiltinKeywords.groovy:334)
	at rsEditOrderSimple.run(rsEditOrderSimple:24)
	at com.kms.katalon.core.main.ScriptEngine.run(ScriptEngine.java:194)
	at com.kms.katalon.core.main.ScriptEngine.runScriptAsRawText(ScriptEngine.java:119)
	at com.kms.katalon.core.main.TestCaseExecutor.runScript(TestCaseExecutor.java:342)
	at com.kms.katalon.core.main.TestCaseExecutor.doExecute(TestCaseExecutor.java:333)
	at com.kms.katalon.core.main.TestCaseExecutor.processExecutionPhase(TestCaseExecutor.java:312)
	at com.kms.katalon.core.main.TestCaseExecutor.accessMainPhase(TestCaseExecutor.java:304)
	at com.kms.katalon.core.main.TestCaseExecutor.execute(TestCaseExecutor.java:238)
	at com.kms.katalon.core.main.TestSuiteExecutor.accessTestCaseMainPhase(TestSuiteExecutor.java:129)
	at com.kms.katalon.core.main.TestSuiteExecutor.accessTestSuiteMainPhase(TestSuiteExecutor.java:112)
	at com.kms.katalon.core.main.TestSuiteExecutor.execute(TestSuiteExecutor.java:81)
	at com.kms.katalon.core.main.TestCaseMain.startTestSuite(TestCaseMain.java:157)
	at com.kms.katalon.core.main.TestCaseMain$startTestSuite$0.call(Unknown Source)
	at TempTestSuite1561632781779.run(TempTestSuite1561632781779.groovy:35)
Caused by: Assertion failed: 

assert updateButton.size() > 0
       |            |      |
       []           0      false

	at rsOrderHistoryConfirm.run(rsOrderHistoryConfirm:53)
	at com.kms.katalon.core.main.ScriptEngine.run(ScriptEngine.java:194)
	at com.kms.katalon.core.main.ScriptEngine.runScriptAsRawText(ScriptEngine.java:119)
	at com.kms.katalon.core.main.TestCaseExecutor.runScript(TestCaseExecutor.java:342)
	at com.kms.katalon.core.main.TestCaseExecutor.doExecute(TestCaseExecutor.java:333)
	at com.kms.katalon.core.main.TestCaseExecutor.processExecutionPhase(TestCaseExecutor.java:312)
	at com.kms.katalon.core.main.TestCaseExecutor.accessMainPhase(TestCaseExecutor.java:304)
	at com.kms.katalon.core.main.TestCaseExecutor.execute(TestCaseExecutor.java:238)
	at com.kms.katalon.core.main.TestCaseMain.runTestCase(TestCaseMain.java:114)
	at com.kms.katalon.core.keyword.builtin.CallTestCaseKeyword$_callTestCase_closure1.doCall(CallTestCaseKeyword.groovy:59)
	... 20 more]]></system-out>
         <system-err><![CDATA[2019-06-27 16:23:09 - [TEST_CASE][FAILED] - Test Cases/editOrder/rsEditOrderSimple: Test Cases/editOrder/rsEditOrderSimple FAILED.
Reason:
com.kms.katalon.core.exception.StepFailedException: Call Test Case 'Test Cases/editOrder/rsOrderHistoryConfirm' failed
	at com.kms.katalon.core.keyword.builtin.CallTestCaseKeyword$_callTestCase_closure1.doCall(CallTestCaseKeyword.groovy:63)
	at com.kms.katalon.core.keyword.builtin.CallTestCaseKeyword$_callTestCase_closure1.call(CallTestCaseKeyword.groovy)
	at com.kms.katalon.core.keyword.internal.KeywordMain.runKeyword(KeywordMain.groovy:66)
	at com.kms.katalon.core.keyword.builtin.CallTestCaseKeyword.callTestCase(CallTestCaseKeyword.groovy:81)
	at com.kms.katalon.core.keyword.builtin.CallTestCaseKeyword.execute(CallTestCaseKeyword.groovy:44)
	at com.kms.katalon.core.keyword.internal.KeywordExecutor.executeKeywordForPlatform(KeywordExecutor.groovy:56)
	at com.kms.katalon.core.keyword.BuiltinKeywords.callTestCase(BuiltinKeywords.groovy:334)
	at rsEditOrderSimple.run(rsEditOrderSimple:24)
	at com.kms.katalon.core.main.ScriptEngine.run(ScriptEngine.java:194)
	at com.kms.katalon.core.main.ScriptEngine.runScriptAsRawText(ScriptEngine.java:119)
	at com.kms.katalon.core.main.TestCaseExecutor.runScript(TestCaseExecutor.java:342)
	at com.kms.katalon.core.main.TestCaseExecutor.doExecute(TestCaseExecutor.java:333)
	at com.kms.katalon.core.main.TestCaseExecutor.processExecutionPhase(TestCaseExecutor.java:312)
	at com.kms.katalon.core.main.TestCaseExecutor.accessMainPhase(TestCaseExecutor.java:304)
	at com.kms.katalon.core.main.TestCaseExecutor.execute(TestCaseExecutor.java:238)
	at com.kms.katalon.core.main.TestSuiteExecutor.accessTestCaseMainPhase(TestSuiteExecutor.java:129)
	at com.kms.katalon.core.main.TestSuiteExecutor.accessTestSuiteMainPhase(TestSuiteExecutor.java:112)
	at com.kms.katalon.core.main.TestSuiteExecutor.execute(TestSuiteExecutor.java:81)
	at com.kms.katalon.core.main.TestCaseMain.startTestSuite(TestCaseMain.java:157)
	at com.kms.katalon.core.main.TestCaseMain$startTestSuite$0.call(Unknown Source)
	at TempTestSuite1561632781779.run(TempTestSuite1561632781779.groovy:35)
Caused by: Assertion failed: 

assert updateButton.size() > 0
       |            |      |
       []           0      false

	at rsOrderHistoryConfirm.run(rsOrderHistoryConfirm:53)
	at com.kms.katalon.core.main.ScriptEngine.run(ScriptEngine.java:194)
	at com.kms.katalon.core.main.ScriptEngine.runScriptAsRawText(ScriptEngine.java:119)
	at com.kms.katalon.core.main.TestCaseExecutor.runScript(TestCaseExecutor.java:342)
	at com.kms.katalon.core.main.TestCaseExecutor.doExecute(TestCaseExecutor.java:333)
	at com.kms.katalon.core.main.TestCaseExecutor.processExecutionPhase(TestCaseExecutor.java:312)
	at com.kms.katalon.core.main.TestCaseExecutor.accessMainPhase(TestCaseExecutor.java:304)
	at com.kms.katalon.core.main.TestCaseExecutor.execute(TestCaseExecutor.java:238)
	at com.kms.katalon.core.main.TestCaseMain.runTestCase(TestCaseMain.java:114)
	at com.kms.katalon.core.keyword.builtin.CallTestCaseKeyword$_callTestCase_closure1.doCall(CallTestCaseKeyword.groovy:59)
	... 20 more]]></system-err>
      </testcase>
      <testcase name="Test Cases/editOrder/rsEditOrderDonation" classname="Test Cases/editOrder/rsEditOrderDonation" status="FAILED">
         <failure type="FAILED" message="Test Cases/editOrder/rsEditOrderDonation FAILED.
Reason:
com.kms.katalon.core.exception.StepFailedException: Call Test Case 'Test Cases/editOrder/rsOrderHistoryConfirm' failed
	at com.kms.katalon.core.keyword.builtin.CallTestCaseKeyword$_callTestCase_closure1.doCall(CallTestCaseKeyword.groovy:63)
	at com.kms.katalon.core.keyword.builtin.CallTestCaseKeyword$_callTestCase_closure1.call(CallTestCaseKeyword.groovy)
	at com.kms.katalon.core.keyword.internal.KeywordMain.runKeyword(KeywordMain.groovy:66)
	at com.kms.katalon.core.keyword.builtin.CallTestCaseKeyword.callTestCase(CallTestCaseKeyword.groovy:81)
	at com.kms.katalon.core.keyword.builtin.CallTestCaseKeyword.execute(CallTestCaseKeyword.groovy:44)
	at com.kms.katalon.core.keyword.internal.KeywordExecutor.executeKeywordForPlatform(KeywordExecutor.groovy:56)
	at com.kms.katalon.core.keyword.BuiltinKeywords.callTestCase(BuiltinKeywords.groovy:334)
	at rsEditOrderDonation.run(rsEditOrderDonation:24)
	at com.kms.katalon.core.main.ScriptEngine.run(ScriptEngine.java:194)
	at com.kms.katalon.core.main.ScriptEngine.runScriptAsRawText(ScriptEngine.java:119)
	at com.kms.katalon.core.main.TestCaseExecutor.runScript(TestCaseExecutor.java:342)
	at com.kms.katalon.core.main.TestCaseExecutor.doExecute(TestCaseExecutor.java:333)
	at com.kms.katalon.core.main.TestCaseExecutor.processExecutionPhase(TestCaseExecutor.java:312)
	at com.kms.katalon.core.main.TestCaseExecutor.accessMainPhase(TestCaseExecutor.java:304)
	at com.kms.katalon.core.main.TestCaseExecutor.execute(TestCaseExecutor.java:238)
	at com.kms.katalon.core.main.TestSuiteExecutor.accessTestCaseMainPhase(TestSuiteExecutor.java:129)
	at com.kms.katalon.core.main.TestSuiteExecutor.accessTestSuiteMainPhase(TestSuiteExecutor.java:112)
	at com.kms.katalon.core.main.TestSuiteExecutor.execute(TestSuiteExecutor.java:81)
	at com.kms.katalon.core.main.TestCaseMain.startTestSuite(TestCaseMain.java:157)
	at com.kms.katalon.core.main.TestCaseMain$startTestSuite$0.call(Unknown Source)
	at TempTestSuite1561632781779.run(TempTestSuite1561632781779.groovy:35)
Caused by: Assertion failed: 

assert donationItemPresent.size() > 0
       |                   |      |
       []                  0      false

	at rsOrderHistoryConfirm.run(rsOrderHistoryConfirm:101)
	at com.kms.katalon.core.main.ScriptEngine.run(ScriptEngine.java:194)
	at com.kms.katalon.core.main.ScriptEngine.runScriptAsRawText(ScriptEngine.java:119)
	at com.kms.katalon.core.main.TestCaseExecutor.runScript(TestCaseExecutor.java:342)
	at com.kms.katalon.core.main.TestCaseExecutor.doExecute(TestCaseExecutor.java:333)
	at com.kms.katalon.core.main.TestCaseExecutor.processExecutionPhase(TestCaseExecutor.java:312)
	at com.kms.katalon.core.main.TestCaseExecutor.accessMainPhase(TestCaseExecutor.java:304)
	at com.kms.katalon.core.main.TestCaseExecutor.execute(TestCaseExecutor.java:238)
	at com.kms.katalon.core.main.TestCaseMain.runTestCase(TestCaseMain.java:114)
	at com.kms.katalon.core.keyword.builtin.CallTestCaseKeyword$_callTestCase_closure1.doCall(CallTestCaseKeyword.groovy:59)
	... 20 more
"/>
         <system-out><![CDATA[2019-06-27 16:27:18 - [TEST_CASE][FAILED] - Test Cases/editOrder/rsEditOrderDonation: Test Cases/editOrder/rsEditOrderDonation FAILED.
Reason:
com.kms.katalon.core.exception.StepFailedException: Call Test Case 'Test Cases/editOrder/rsOrderHistoryConfirm' failed
	at com.kms.katalon.core.keyword.builtin.CallTestCaseKeyword$_callTestCase_closure1.doCall(CallTestCaseKeyword.groovy:63)
	at com.kms.katalon.core.keyword.builtin.CallTestCaseKeyword$_callTestCase_closure1.call(CallTestCaseKeyword.groovy)
	at com.kms.katalon.core.keyword.internal.KeywordMain.runKeyword(KeywordMain.groovy:66)
	at com.kms.katalon.core.keyword.builtin.CallTestCaseKeyword.callTestCase(CallTestCaseKeyword.groovy:81)
	at com.kms.katalon.core.keyword.builtin.CallTestCaseKeyword.execute(CallTestCaseKeyword.groovy:44)
	at com.kms.katalon.core.keyword.internal.KeywordExecutor.executeKeywordForPlatform(KeywordExecutor.groovy:56)
	at com.kms.katalon.core.keyword.BuiltinKeywords.callTestCase(BuiltinKeywords.groovy:334)
	at rsEditOrderDonation.run(rsEditOrderDonation:24)
	at com.kms.katalon.core.main.ScriptEngine.run(ScriptEngine.java:194)
	at com.kms.katalon.core.main.ScriptEngine.runScriptAsRawText(ScriptEngine.java:119)
	at com.kms.katalon.core.main.TestCaseExecutor.runScript(TestCaseExecutor.java:342)
	at com.kms.katalon.core.main.TestCaseExecutor.doExecute(TestCaseExecutor.java:333)
	at com.kms.katalon.core.main.TestCaseExecutor.processExecutionPhase(TestCaseExecutor.java:312)
	at com.kms.katalon.core.main.TestCaseExecutor.accessMainPhase(TestCaseExecutor.java:304)
	at com.kms.katalon.core.main.TestCaseExecutor.execute(TestCaseExecutor.java:238)
	at com.kms.katalon.core.main.TestSuiteExecutor.accessTestCaseMainPhase(TestSuiteExecutor.java:129)
	at com.kms.katalon.core.main.TestSuiteExecutor.accessTestSuiteMainPhase(TestSuiteExecutor.java:112)
	at com.kms.katalon.core.main.TestSuiteExecutor.execute(TestSuiteExecutor.java:81)
	at com.kms.katalon.core.main.TestCaseMain.startTestSuite(TestCaseMain.java:157)
	at com.kms.katalon.core.main.TestCaseMain$startTestSuite$0.call(Unknown Source)
	at TempTestSuite1561632781779.run(TempTestSuite1561632781779.groovy:35)
Caused by: Assertion failed: 

assert donationItemPresent.size() > 0
       |                   |      |
       []                  0      false

	at rsOrderHistoryConfirm.run(rsOrderHistoryConfirm:101)
	at com.kms.katalon.core.main.ScriptEngine.run(ScriptEngine.java:194)
	at com.kms.katalon.core.main.ScriptEngine.runScriptAsRawText(ScriptEngine.java:119)
	at com.kms.katalon.core.main.TestCaseExecutor.runScript(TestCaseExecutor.java:342)
	at com.kms.katalon.core.main.TestCaseExecutor.doExecute(TestCaseExecutor.java:333)
	at com.kms.katalon.core.main.TestCaseExecutor.processExecutionPhase(TestCaseExecutor.java:312)
	at com.kms.katalon.core.main.TestCaseExecutor.accessMainPhase(TestCaseExecutor.java:304)
	at com.kms.katalon.core.main.TestCaseExecutor.execute(TestCaseExecutor.java:238)
	at com.kms.katalon.core.main.TestCaseMain.runTestCase(TestCaseMain.java:114)
	at com.kms.katalon.core.keyword.builtin.CallTestCaseKeyword$_callTestCase_closure1.doCall(CallTestCaseKeyword.groovy:59)
	... 20 more


2019-06-27 16:27:18 - [TEST_STEP][PASSED] - Start listener action : sampleBeforeTestCase: null

2019-06-27 16:27:18 - [TEST_STEP][PASSED] - println(testCaseContext.getTestCaseId()): null

2019-06-27 16:27:18 - [TEST_STEP][PASSED] - println(testCaseContext.getTestCaseVariables()): null

2019-06-27 16:27:18 - [TEST_STEP][PASSED] - callTestCase(findTestCase("editOrder/retailOrderBO"), ["editScenarioNumber":4], STOP_ON_FAILURE): Call Test Case 'Test Cases/editOrder/retailOrderBO' successfully

2019-06-27 16:27:18 - [TEST_CASE][PASSED] - Test Cases/editOrder/retailOrderBO: Test Cases/editOrder/retailOrderBO

2019-06-27 16:27:18 - [TEST_STEP][PASSED] - openBrowser(""): Browser is opened with url: ''

2019-06-27 16:27:18 - [MESSAGE][WARNING] - A browser is already opened. Closing browser and opening a new one

2019-06-27 16:27:20 - [MESSAGE][INFO] - Starting 'Chrome' driver

2019-06-27 16:27:20 - [MESSAGE][INFO] - User set preference: ['args', '[--use-fake-ui-for-media-stream, --start-maximized]']

2019-06-27 16:27:22 - [MESSAGE][PASSED] - Browser is opened with url: ''

2019-06-27 16:27:22 - [TEST_STEP][PASSED] - driver = getWebDriver(): null

2019-06-27 16:27:22 - [TEST_STEP][PASSED] - executor = driver: null

2019-06-27 16:27:22 - [TEST_STEP][PASSED] - callTestCase(findTestCase("TestCaseUtilities/backOfficeLogin"), ["BOURL":"", "BOuser":"", "BOpass":""], STOP_ON_FAILURE): Call Test Case 'Test Cases/TestCaseUtilities/backOfficeLogin' successfully

2019-06-27 16:27:23 - [TEST_CASE][PASSED] - Test Cases/TestCaseUtilities/backOfficeLogin: Test Cases/TestCaseUtilities/backOfficeLogin

2019-06-27 16:27:23 - [TEST_STEP][PASSED] - BOURL = findTestData("credData").getValue("BOURL", 1): null

2019-06-27 16:27:23 - [TEST_STEP][PASSED] - BOuser = findTestData("credData").getValue("BOuser", 1): null

2019-06-27 16:27:23 - [TEST_STEP][PASSED] - BOpass = findTestData("credData").getValue("BOpass", 1): null

2019-06-27 16:27:23 - [TEST_STEP][PASSED] - navigateToUrl(BOURL): Navigate to 'https://test19.cliotest.com/backoffice/control/main' successfully

2019-06-27 16:27:32 - [MESSAGE][PASSED] - Navigate to 'https://test19.cliotest.com/backoffice/control/main' successfully

2019-06-27 16:27:32 - [TEST_STEP][PASSED] - logOut = findWebElements(findTestObject("Object Repository/Page_cabi Home/log_out"), 1): Unable to find the element located by 'By.xpath: //a[contains(text(),'Log Out')]'. Please recheck the objects properties to make sure the desired element is located. 

2019-06-27 16:27:33 - [MESSAGE][INFO] - Unable to find the element located by 'By.xpath: //a[contains(text(),'Log Out')]'. Please recheck the objects properties to make sure the desired element is located. 

2019-06-27 16:27:33 - [TEST_STEP][PASSED] - if (logOut.size() == 0): Object: 'Object Repository/Page_cabi/input_Welcome to_consultantLogin' is clicked on

2019-06-27 16:27:33 - [TEST_STEP][PASSED] - setText(findTestObject("Page_cabi/input_Welcome to_USERNAME"), BOuser): Text '400000002' is set on object 'Object Repository/Page_cabi/input_Welcome to_USERNAME'

2019-06-27 16:27:33 - [MESSAGE][PASSED] - Text '400000002' is set on object 'Object Repository/Page_cabi/input_Welcome to_USERNAME'

2019-06-27 16:27:33 - [TEST_STEP][PASSED] - setText(findTestObject("Object Repository/Page_cabi/input_Welcome to_PASSWORD"), BOpass): Text 'blackdress19' is set on object 'Object Repository/Page_cabi/input_Welcome to_PASSWORD'

2019-06-27 16:27:34 - [MESSAGE][PASSED] - Text 'blackdress19' is set on object 'Object Repository/Page_cabi/input_Welcome to_PASSWORD'

2019-06-27 16:27:34 - [TEST_STEP][PASSED] - click(findTestObject("Object Repository/Page_cabi/input_Welcome to_consultantLogin")): Object: 'Object Repository/Page_cabi/input_Welcome to_consultantLogin' is clicked on

2019-06-27 16:27:42 - [MESSAGE][PASSED] - Object: 'Object Repository/Page_cabi/input_Welcome to_consultantLogin' is clicked on

2019-06-27 16:27:42 - [TEST_STEP][PASSED] - delay(3): Delayed 3 second(s)

2019-06-27 16:27:45 - [MESSAGE][PASSED] - Delayed 3 second(s)

2019-06-27 16:27:45 - [MESSAGE][PASSED] - Call Test Case 'Test Cases/TestCaseUtilities/backOfficeLogin' successfully

2019-06-27 16:27:45 - [TEST_STEP][PASSED] - click(findTestObject("Object Repository/Page_cabi Home/a_Shows  Orders")): Object: 'Object Repository/Page_cabi Home/a_Shows  Orders' is clicked on

2019-06-27 16:27:45 - [MESSAGE][PASSED] - Object: 'Object Repository/Page_cabi Home/a_Shows  Orders' is clicked on

2019-06-27 16:27:45 - [TEST_STEP][PASSED] - delay(1): Delayed 1 second(s)

2019-06-27 16:27:46 - [MESSAGE][PASSED] - Delayed 1 second(s)

2019-06-27 16:27:46 - [TEST_STEP][PASSED] - rightClick(findTestObject("Page_cabi Home/a_Shows  Orders")): Object: 'Object Repository/Page_cabi Home/a_Shows  Orders' is right clicked on

2019-06-27 16:27:46 - [MESSAGE][PASSED] - Object: 'Object Repository/Page_cabi Home/a_Shows  Orders' is right clicked on

2019-06-27 16:27:46 - [TEST_STEP][PASSED] - click(findTestObject("Page_cabi Home/a_retail_purchases")): Object: 'Object Repository/Page_cabi Home/a_retail_purchases' is clicked on

2019-06-27 16:27:50 - [MESSAGE][PASSED] - Object: 'Object Repository/Page_cabi Home/a_retail_purchases' is clicked on

2019-06-27 16:27:50 - [TEST_STEP][PASSED] - delay(3): Delayed 3 second(s)

2019-06-27 16:27:53 - [MESSAGE][PASSED] - Delayed 3 second(s)

2019-06-27 16:27:53 - [TEST_STEP][PASSED] - click(findTestObject("Object Repository/Page_cabi Home/existingCustomer")): Object: 'Object Repository/Page_cabi Home/existingCustomer' is clicked on

2019-06-27 16:27:54 - [MESSAGE][PASSED] - Object: 'Object Repository/Page_cabi Home/existingCustomer' is clicked on

2019-06-27 16:27:54 - [TEST_STEP][PASSED] - contactNumber = 5: null

2019-06-27 16:27:54 - [TEST_STEP][PASSED] - firstName = findTestData("contactData").getValue("firstName", contactNumber): null

2019-06-27 16:27:54 - [TEST_STEP][PASSED] - lastName = findTestData("contactData").getValue("lastName", contactNumber): null

2019-06-27 16:27:54 - [TEST_STEP][PASSED] - email = findTestData("contactData").getValue("email", contactNumber): null

2019-06-27 16:27:54 - [TEST_STEP][PASSED] - address1 = findTestData("contactData").getValue("address1", contactNumber): null

2019-06-27 16:27:54 - [TEST_STEP][PASSED] - city = findTestData("contactData").getValue("city", contactNumber): null

2019-06-27 16:27:54 - [TEST_STEP][PASSED] - state = findTestData("contactData").getValue("state", contactNumber): null

2019-06-27 16:27:54 - [TEST_STEP][PASSED] - zip = findTestData("contactData").getValue("zip", contactNumber): null

2019-06-27 16:27:54 - [TEST_STEP][PASSED] - existingCustFName = firstName: null

2019-06-27 16:27:54 - [TEST_STEP][PASSED] - existingCustLName = lastName: null

2019-06-27 16:27:54 - [TEST_STEP][PASSED] - space = " ": null

2019-06-27 16:27:54 - [TEST_STEP][PASSED] - existingCust = $existingCustFName$space$existingCustLName: null

2019-06-27 16:27:54 - [TEST_STEP][PASSED] - setText(findTestObject("Object Repository/Page_cabi Home/input_existing_guest"), existingCust): Text 'Michigan Contact' is set on object 'Object Repository/Page_cabi Home/input_existing_guest'

2019-06-27 16:27:55 - [MESSAGE][PASSED] - Text 'Michigan Contact' is set on object 'Object Repository/Page_cabi Home/input_existing_guest'

2019-06-27 16:27:55 - [TEST_STEP][PASSED] - delay(3): Delayed 3 second(s)

2019-06-27 16:27:58 - [MESSAGE][PASSED] - Delayed 3 second(s)

2019-06-27 16:27:58 - [TEST_STEP][PASSED] - rightClick(findTestObject("Object Repository/Page_cabi Home/input_existing_guest")): Object: 'Object Repository/Page_cabi Home/input_existing_guest' is right clicked on

2019-06-27 16:27:58 - [MESSAGE][PASSED] - Object: 'Object Repository/Page_cabi Home/input_existing_guest' is right clicked on

2019-06-27 16:27:58 - [TEST_STEP][PASSED] - rightClick(findTestObject("Object Repository/Page_cabi Home/input_existing_guest")): Object: 'Object Repository/Page_cabi Home/input_existing_guest' is right clicked on

2019-06-27 16:27:58 - [MESSAGE][PASSED] - Object: 'Object Repository/Page_cabi Home/input_existing_guest' is right clicked on

2019-06-27 16:27:58 - [TEST_STEP][PASSED] - click(findTestObject("Object Repository/Page_cabi Create Show - Set Hostess/a_select_customer")): Object: 'Object Repository/Page_cabi Create Show - Set Hostess/a_select_customer' is clicked on

2019-06-27 16:27:59 - [MESSAGE][PASSED] - Object: 'Object Repository/Page_cabi Create Show - Set Hostess/a_select_customer' is clicked on

2019-06-27 16:27:59 - [TEST_STEP][PASSED] - setText(findTestObject("Object Repository/Page_cabi Home/input_existing_guest"), existingCust): Text 'Michigan Contact' is set on object 'Object Repository/Page_cabi Home/input_existing_guest'

2019-06-27 16:28:00 - [MESSAGE][PASSED] - Text 'Michigan Contact' is set on object 'Object Repository/Page_cabi Home/input_existing_guest'

2019-06-27 16:28:00 - [TEST_STEP][PASSED] - setText(findTestObject("Object Repository/Page_cabi Retail Store/input_email"), email): Text 'michigan@na.com' is set on object 'Object Repository/Page_cabi Retail Store/input_email'

2019-06-27 16:28:00 - [MESSAGE][PASSED] - Text 'michigan@na.com' is set on object 'Object Repository/Page_cabi Retail Store/input_email'

2019-06-27 16:28:00 - [TEST_STEP][PASSED] - setText(findTestObject("Object Repository/Page_cabi Edit Customer Profile/input_Address1_address1"), address1): Text '972 BRAHMS CT' is set on object 'Object Repository/Page_cabi Edit Customer Profile/input_Address1_address1'

2019-06-27 16:28:01 - [MESSAGE][PASSED] - Text '972 BRAHMS CT' is set on object 'Object Repository/Page_cabi Edit Customer Profile/input_Address1_address1'

2019-06-27 16:28:01 - [TEST_STEP][PASSED] - setText(findTestObject("Object Repository/Page_cabi Edit Customer Profile/input_Address2_address2"), ""): Text '' is set on object 'Object Repository/Page_cabi Edit Customer Profile/input_Address2_address2'

2019-06-27 16:28:01 - [MESSAGE][PASSED] - Text '' is set on object 'Object Repository/Page_cabi Edit Customer Profile/input_Address2_address2'

2019-06-27 16:28:01 - [TEST_STEP][PASSED] - setText(findTestObject("Object Repository/Page_cabi Edit Customer Profile/input_City_city"), city): Text 'TROY' is set on object 'Object Repository/Page_cabi Edit Customer Profile/input_City_city'

2019-06-27 16:28:01 - [MESSAGE][PASSED] - Text 'TROY' is set on object 'Object Repository/Page_cabi Edit Customer Profile/input_City_city'

2019-06-27 16:28:01 - [TEST_STEP][PASSED] - click(findTestObject("Page_cabi Edit Customer Profile/span_select_a_state")): Object: 'Object Repository/Page_cabi Edit Customer Profile/span_select_a_state' is clicked on

2019-06-27 16:28:02 - [MESSAGE][PASSED] - Object: 'Object Repository/Page_cabi Edit Customer Profile/span_select_a_state' is clicked on

2019-06-27 16:28:02 - [TEST_STEP][PASSED] - delay(1): Delayed 1 second(s)

2019-06-27 16:28:03 - [MESSAGE][PASSED] - Delayed 1 second(s)

2019-06-27 16:28:03 - [TEST_STEP][PASSED] - setText(findTestObject("Object Repository/Page_cabi Edit Customer Profile/input_state_1"), state): Text 'Michigan' is set on object 'Object Repository/Page_cabi Edit Customer Profile/input_state_1'

2019-06-27 16:28:03 - [MESSAGE][PASSED] - Text 'Michigan' is set on object 'Object Repository/Page_cabi Edit Customer Profile/input_state_1'

2019-06-27 16:28:03 - [TEST_STEP][PASSED] - delay(2): Delayed 2 second(s)

2019-06-27 16:28:05 - [MESSAGE][PASSED] - Delayed 2 second(s)

2019-06-27 16:28:05 - [TEST_STEP][PASSED] - click(findTestObject("Page_cabi Edit Customer Profile/span_state")): Object: 'Object Repository/Page_cabi Edit Customer Profile/span_state' is clicked on

2019-06-27 16:28:05 - [MESSAGE][PASSED] - Object: 'Object Repository/Page_cabi Edit Customer Profile/span_state' is clicked on

2019-06-27 16:28:05 - [TEST_STEP][PASSED] - setText(findTestObject("Page_cabi Edit Customer Profile/input_state_postalCode"), zip): Text '48085' is set on object 'Object Repository/Page_cabi Edit Customer Profile/input_state_postalCode'

2019-06-27 16:28:06 - [MESSAGE][PASSED] - Text '48085' is set on object 'Object Repository/Page_cabi Edit Customer Profile/input_state_postalCode'

2019-06-27 16:28:06 - [TEST_STEP][PASSED] - delay(5): Delayed 5 second(s)

2019-06-27 16:28:11 - [MESSAGE][PASSED] - Delayed 5 second(s)

2019-06-27 16:28:11 - [TEST_STEP][PASSED] - check(findTestObject("Object Repository/Page_cabi Home/a_same_shipping_address")): Object 'Object Repository/Page_cabi Home/a_same_shipping_address' is checked

2019-06-27 16:28:11 - [MESSAGE][PASSED] - Object 'Object Repository/Page_cabi Home/a_same_shipping_address' is checked

2019-06-27 16:28:11 - [TEST_STEP][PASSED] - delay(5): Delayed 5 second(s)

2019-06-27 16:28:16 - [MESSAGE][PASSED] - Delayed 5 second(s)

2019-06-27 16:28:16 - [TEST_STEP][PASSED] - check(findTestObject("Object Repository/Page_cabi Home/a_same_shipping_address")): Object 'Object Repository/Page_cabi Home/a_same_shipping_address' is checked

2019-06-27 16:28:16 - [MESSAGE][PASSED] - Object 'Object Repository/Page_cabi Home/a_same_shipping_address' is checked

2019-06-27 16:28:16 - [TEST_STEP][PASSED] - delay(5): Delayed 5 second(s)

2019-06-27 16:28:21 - [MESSAGE][PASSED] - Delayed 5 second(s)

2019-06-27 16:28:21 - [TEST_STEP][PASSED] - nextButton = driver.findElement(By.xpath("//li/a/span[@id='returnToActionLabel']")): null

2019-06-27 16:28:21 - [TEST_STEP][PASSED] - executor.executeScript("arguments[0].click();", nextButton): null

2019-06-27 16:28:22 - [TEST_STEP][PASSED] - delay(3): Delayed 3 second(s)

2019-06-27 16:28:25 - [MESSAGE][PASSED] - Delayed 3 second(s)

2019-06-27 16:28:25 - [TEST_STEP][PASSED] - click(findTestObject("Object Repository/Page_cabi Retail Store/span_quick_entry")): Object: 'Object Repository/Page_cabi Retail Store/span_quick_entry' is clicked on

2019-06-27 16:28:29 - [MESSAGE][PASSED] - Object: 'Object Repository/Page_cabi Retail Store/span_quick_entry' is clicked on

2019-06-27 16:28:29 - [TEST_STEP][PASSED] - delay(3): Delayed 3 second(s)

2019-06-27 16:28:32 - [MESSAGE][PASSED] - Delayed 3 second(s)

2019-06-27 16:28:32 - [TEST_STEP][PASSED] - emptyCart = findWebElements(findTestObject("Object Repository/Page_cabi Personal Store/removeFromCart"), 5): Unable to find the element located by 'By.xpath: //*[@id="removeFromCart_0"]/span'. Please recheck the objects properties to make sure the desired element is located. 

2019-06-27 16:28:38 - [MESSAGE][INFO] - Unable to find the element located by 'By.xpath: //*[@id="removeFromCart_0"]/span'. Please recheck the objects properties to make sure the desired element is located. 

2019-06-27 16:28:38 - [TEST_STEP][PASSED] - if (emptyCart.size() > 0): null

2019-06-27 16:28:38 - [TEST_STEP][PASSED] - addOnStyle = findTestData("miscData").getValue("addOnStyle", 1): null

2019-06-27 16:28:38 - [TEST_STEP][PASSED] - addOnStyle2 = findTestData("miscData").getValue("addOnStyle", 2): null

2019-06-27 16:28:38 - [TEST_STEP][PASSED] - click(findTestObject("Object Repository/Page_cabi Create Order/input_Manual Discount_stylelookup_0")): Object: 'Object Repository/Page_cabi Create Order/input_Manual Discount_stylelookup_0' is clicked on

2019-06-27 16:28:38 - [MESSAGE][PASSED] - Object: 'Object Repository/Page_cabi Create Order/input_Manual Discount_stylelookup_0' is clicked on

2019-06-27 16:28:38 - [TEST_STEP][PASSED] - setText(findTestObject("Object Repository/Page_cabi Create Order/input_Manual Discount_stylelookup_0"), addOnStyle): Text '5447' is set on object 'Object Repository/Page_cabi Create Order/input_Manual Discount_stylelookup_0'

2019-06-27 16:28:39 - [MESSAGE][PASSED] - Text '5447' is set on object 'Object Repository/Page_cabi Create Order/input_Manual Discount_stylelookup_0'

2019-06-27 16:28:39 - [TEST_STEP][PASSED] - delay(3): Delayed 3 second(s)

2019-06-27 16:28:42 - [MESSAGE][PASSED] - Delayed 3 second(s)

2019-06-27 16:28:42 - [TEST_STEP][PASSED] - prod_message = getText(findTestObject("Page_cabi Create Order/first_option")): Text of object 'Object Repository/Page_cabi Create Order/first_option' is: '5447 Bishop Cardigan'

2019-06-27 16:28:42 - [MESSAGE][PASSED] - Text of object 'Object Repository/Page_cabi Create Order/first_option' is: '5447 Bishop Cardigan'

2019-06-27 16:28:42 - [TEST_STEP][PASSED] - click(findTestObject("Page_cabi Create Order/first_option")): Object: 'Object Repository/Page_cabi Create Order/first_option' is clicked on

2019-06-27 16:28:42 - [MESSAGE][PASSED] - Object: 'Object Repository/Page_cabi Create Order/first_option' is clicked on

2019-06-27 16:28:42 - [TEST_STEP][PASSED] - delay(5): Delayed 5 second(s)

2019-06-27 16:28:47 - [MESSAGE][PASSED] - Delayed 5 second(s)

2019-06-27 16:28:47 - [TEST_STEP][PASSED] - click(findTestObject("Object Repository/Page_cabi Order Items/selectSize")): Object: 'Object Repository/Page_cabi Order Items/selectSize' is clicked on

2019-06-27 16:28:47 - [MESSAGE][PASSED] - Object: 'Object Repository/Page_cabi Order Items/selectSize' is clicked on

2019-06-27 16:28:47 - [TEST_STEP][PASSED] - click(findTestObject("Object Repository/Page_cabi Order Items/span_Add to Cart")): Object: 'Object Repository/Page_cabi Order Items/span_Add to Cart' is clicked on

2019-06-27 16:28:47 - [MESSAGE][PASSED] - Object: 'Object Repository/Page_cabi Order Items/span_Add to Cart' is clicked on

2019-06-27 16:28:47 - [TEST_STEP][PASSED] - delay(5): Delayed 5 second(s)

2019-06-27 16:28:52 - [MESSAGE][PASSED] - Delayed 5 second(s)

2019-06-27 16:28:52 - [TEST_STEP][PASSED] - click(findTestObject("Object Repository/Page_cabi Create Order/inputStyleLookup1")): Object: 'Object Repository/Page_cabi Create Order/inputStyleLookup1' is clicked on

2019-06-27 16:28:53 - [MESSAGE][PASSED] - Object: 'Object Repository/Page_cabi Create Order/inputStyleLookup1' is clicked on

2019-06-27 16:28:53 - [TEST_STEP][PASSED] - setText(findTestObject("Object Repository/Page_cabi Create Order/inputStyleLookup1"), addOnStyle2): Text '5448' is set on object 'Object Repository/Page_cabi Create Order/inputStyleLookup1'

2019-06-27 16:28:53 - [MESSAGE][PASSED] - Text '5448' is set on object 'Object Repository/Page_cabi Create Order/inputStyleLookup1'

2019-06-27 16:28:53 - [TEST_STEP][PASSED] - delay(3): Delayed 3 second(s)

2019-06-27 16:28:56 - [MESSAGE][PASSED] - Delayed 3 second(s)

2019-06-27 16:28:56 - [TEST_STEP][PASSED] - prod_message2 = getText(findTestObject("Page_cabi Create Order/first_option")): Text of object 'Object Repository/Page_cabi Create Order/first_option' is: '5448 Sailor Pullover'

2019-06-27 16:28:56 - [MESSAGE][PASSED] - Text of object 'Object Repository/Page_cabi Create Order/first_option' is: '5448 Sailor Pullover'

2019-06-27 16:28:56 - [TEST_STEP][PASSED] - click(findTestObject("Page_cabi Create Order/first_option")): Object: 'Object Repository/Page_cabi Create Order/first_option' is clicked on

2019-06-27 16:28:56 - [MESSAGE][PASSED] - Object: 'Object Repository/Page_cabi Create Order/first_option' is clicked on

2019-06-27 16:28:56 - [TEST_STEP][PASSED] - delay(5): Delayed 5 second(s)

2019-06-27 16:29:01 - [MESSAGE][PASSED] - Delayed 5 second(s)

2019-06-27 16:29:01 - [TEST_STEP][PASSED] - click(findTestObject("Object Repository/Page_cabi Order Items/selectSize2")): Object: 'Object Repository/Page_cabi Order Items/selectSize2' is clicked on

2019-06-27 16:29:02 - [MESSAGE][PASSED] - Object: 'Object Repository/Page_cabi Order Items/selectSize2' is clicked on

2019-06-27 16:29:02 - [TEST_STEP][PASSED] - click(findTestObject("Object Repository/Page_cabi Order Items/addToCart2")): Object: 'Object Repository/Page_cabi Order Items/addToCart2' is clicked on

2019-06-27 16:29:02 - [MESSAGE][PASSED] - Object: 'Object Repository/Page_cabi Order Items/addToCart2' is clicked on

2019-06-27 16:29:02 - [TEST_STEP][PASSED] - delay(5): Delayed 5 second(s)

2019-06-27 16:29:07 - [MESSAGE][PASSED] - Delayed 5 second(s)

2019-06-27 16:29:07 - [TEST_STEP][PASSED] - if (editScenarioNumber == 1): null

2019-06-27 16:29:07 - [TEST_STEP][PASSED] - else if (editScenarioNumber == 2): null

2019-06-27 16:29:07 - [TEST_STEP][PASSED] - else if (editScenarioNumber == 3): null

2019-06-27 16:29:07 - [TEST_STEP][PASSED] - else if (editScenarioNumber == 4): Object: 'Object Repository/Page_cabi Order Items/span_add_to_cart' is clicked on

2019-06-27 16:29:07 - [TEST_STEP][PASSED] - println("scen = 4"): null

2019-06-27 16:29:07 - [TEST_STEP][PASSED] - click(findTestObject("Object Repository/Page_cabi Retail Store/span_donation")): Object: 'Object Repository/Page_cabi Retail Store/span_donation' is clicked on

2019-06-27 16:29:09 - [MESSAGE][PASSED] - Object: 'Object Repository/Page_cabi Retail Store/span_donation' is clicked on

2019-06-27 16:29:09 - [TEST_STEP][PASSED] - delay(5): Delayed 5 second(s)

2019-06-27 16:29:14 - [MESSAGE][PASSED] - Delayed 5 second(s)

2019-06-27 16:29:14 - [TEST_STEP][PASSED] - click(findTestObject("Object Repository/Page_cabi Order Items/select_donation_amount")): Object: 'Object Repository/Page_cabi Order Items/select_donation_amount' is clicked on

2019-06-27 16:29:14 - [MESSAGE][PASSED] - Object: 'Object Repository/Page_cabi Order Items/select_donation_amount' is clicked on

2019-06-27 16:29:14 - [TEST_STEP][PASSED] - click(findTestObject("Object Repository/Page_cabi Order Items/span_add_to_cart")): Object: 'Object Repository/Page_cabi Order Items/span_add_to_cart' is clicked on

2019-06-27 16:29:14 - [MESSAGE][PASSED] - Object: 'Object Repository/Page_cabi Order Items/span_add_to_cart' is clicked on

2019-06-27 16:29:14 - [TEST_STEP][PASSED] - click(findTestObject("Object Repository/Page_cabi Order Items/a_checkout")): Object: 'Object Repository/Page_cabi Order Items/a_checkout' is clicked on

2019-06-27 16:29:15 - [MESSAGE][PASSED] - Object: 'Object Repository/Page_cabi Order Items/a_checkout' is clicked on

2019-06-27 16:29:15 - [TEST_STEP][PASSED] - delay(3): Delayed 3 second(s)

2019-06-27 16:29:18 - [MESSAGE][PASSED] - Delayed 3 second(s)

2019-06-27 16:29:18 - [TEST_STEP][PASSED] - click(findTestObject("Page_cabi Personal Store/nextButtonShipping")): Object: 'Object Repository/Page_cabi Personal Store/nextButtonShipping' is clicked on

2019-06-27 16:29:18 - [MESSAGE][PASSED] - Object: 'Object Repository/Page_cabi Personal Store/nextButtonShipping' is clicked on

2019-06-27 16:29:18 - [TEST_STEP][PASSED] - delay(3): Delayed 3 second(s)

2019-06-27 16:29:21 - [MESSAGE][PASSED] - Delayed 3 second(s)

2019-06-27 16:29:21 - [TEST_STEP][PASSED] - click(findTestObject("Page_cabi Personal Store/makeFirstPayment")): Object: 'Object Repository/Page_cabi Personal Store/makeFirstPayment' is clicked on

2019-06-27 16:29:21 - [MESSAGE][PASSED] - Object: 'Object Repository/Page_cabi Personal Store/makeFirstPayment' is clicked on

2019-06-27 16:29:21 - [TEST_STEP][PASSED] - click(findTestObject("Object Repository/Page_cabi Personal Store/select_cash")): Object: 'Object Repository/Page_cabi Personal Store/select_cash' is clicked on

2019-06-27 16:29:22 - [MESSAGE][PASSED] - Object: 'Object Repository/Page_cabi Personal Store/select_cash' is clicked on

2019-06-27 16:29:22 - [TEST_STEP][PASSED] - click(findTestObject("Page_cabi Personal Store/submitPayment")): Object: 'Object Repository/Page_cabi Personal Store/submitPayment' is clicked on

2019-06-27 16:29:22 - [MESSAGE][PASSED] - Object: 'Object Repository/Page_cabi Personal Store/submitPayment' is clicked on

2019-06-27 16:29:22 - [TEST_STEP][PASSED] - click(findTestObject("Page_cabi Personal Store/submitOrderId")): Object: 'Object Repository/Page_cabi Personal Store/submitOrderId' is clicked on

2019-06-27 16:29:25 - [MESSAGE][PASSED] - Object: 'Object Repository/Page_cabi Personal Store/submitOrderId' is clicked on

2019-06-27 16:29:25 - [TEST_STEP][PASSED] - successMsg = "": null

2019-06-27 16:29:25 - [TEST_STEP][PASSED] - orderSuccess = false: null

2019-06-27 16:29:25 - [TEST_STEP][PASSED] - successMsgs = findWebElements(findTestObject("Object Repository/Page_cabi Personal Store/p_success_msg"), 5): null

2019-06-27 16:29:25 - [TEST_STEP][PASSED] - if (successMsgs.size() > 0): Text of object 'Object Repository/Page_cabi Personal Store/p_order_id' is: 'RT707974301'

2019-06-27 16:29:25 - [TEST_STEP][PASSED] - successMsg = getText(findTestObject("Object Repository/Page_cabi Personal Store/p_success_msg")): Text of object 'Object Repository/Page_cabi Personal Store/p_success_msg' is: 'Order Created Successfully!!
Order #:  RT707974301

CONTINUE SHOPPING'

2019-06-27 16:29:25 - [MESSAGE][PASSED] - Text of object 'Object Repository/Page_cabi Personal Store/p_success_msg' is: 'Order Created Successfully!!
Order #:  RT707974301

CONTINUE SHOPPING'

2019-06-27 16:29:25 - [TEST_STEP][PASSED] - orderSuccess = true: null

2019-06-27 16:29:25 - [TEST_STEP][PASSED] - retailOrderID = getText(findTestObject("Object Repository/Page_cabi Personal Store/p_order_id")): Text of object 'Object Repository/Page_cabi Personal Store/p_order_id' is: 'RT707974301'

2019-06-27 16:29:25 - [MESSAGE][PASSED] - Text of object 'Object Repository/Page_cabi Personal Store/p_order_id' is: 'RT707974301'

2019-06-27 16:29:25 - [TEST_STEP][PASSED] - assert orderSuccess == true: null

2019-06-27 16:29:25 - [TEST_STEP][NOT_RUN] - closeBrowser(): NOT_RUN: closeBrowser()

2019-06-27 16:29:25 - [MESSAGE][NOT_RUN] - NOT_RUN: closeBrowser()

2019-06-27 16:29:25 - [MESSAGE][PASSED] - Call Test Case 'Test Cases/editOrder/retailOrderBO' successfully

2019-06-27 16:29:25 - [TEST_STEP][PASSED] - delay(10): Delayed 10 second(s)

2019-06-27 16:29:35 - [MESSAGE][PASSED] - Delayed 10 second(s)

2019-06-27 16:29:35 - [TEST_STEP][PASSED] - callTestCase(findTestCase("TestCaseUtilities/setVHost"), [:], STOP_ON_FAILURE): Call Test Case 'Test Cases/TestCaseUtilities/setVHost' successfully

2019-06-27 16:29:35 - [TEST_CASE][PASSED] - Test Cases/TestCaseUtilities/setVHost: Test Cases/TestCaseUtilities/setVHost

2019-06-27 16:29:35 - [TEST_STEP][PASSED] - dataFile = "micrositeData": null

2019-06-27 16:29:35 - [TEST_STEP][PASSED] - ofbizURL = findTestData(dataFile).getValue("ofbizURL", 1): null

2019-06-27 16:29:35 - [TEST_STEP][PASSED] - ofbizUser = findTestData(dataFile).getValue("ofbizUser", 1): null

2019-06-27 16:29:35 - [TEST_STEP][PASSED] - ofbizPass = findTestData(dataFile).getValue("ofbizPass", 1): null

2019-06-27 16:29:35 - [TEST_STEP][PASSED] - vhostTarget = findTestData(dataFile).getValue("vhostTarget", 1): null

2019-06-27 16:29:36 - [TEST_STEP][PASSED] - navigateToUrl(ofbizURL): Navigate to 'https://pushofbiz.cliotest.com/login.php' successfully

2019-06-27 16:29:38 - [MESSAGE][PASSED] - Navigate to 'https://pushofbiz.cliotest.com/login.php' successfully

2019-06-27 16:29:38 - [TEST_STEP][PASSED] - setText(findTestObject("Object Repository/virualShowRSVPOR/Page_/input_Username_username"), ofbizUser): Text 'automation' is set on object 'Object Repository/virualShowRSVPOR/Page_/input_Username_username'

2019-06-27 16:29:38 - [MESSAGE][PASSED] - Text 'automation' is set on object 'Object Repository/virualShowRSVPOR/Page_/input_Username_username'

2019-06-27 16:29:38 - [TEST_STEP][PASSED] - setText(findTestObject("Object Repository/virualShowRSVPOR/Page_/input_Password_password"), ofbizPass): Text 'cabiautomation' is set on object 'Object Repository/virualShowRSVPOR/Page_/input_Password_password'

2019-06-27 16:29:38 - [MESSAGE][PASSED] - Text 'cabiautomation' is set on object 'Object Repository/virualShowRSVPOR/Page_/input_Password_password'

2019-06-27 16:29:38 - [TEST_STEP][PASSED] - click(findTestObject("Object Repository/virualShowRSVPOR/Page_/input_Password_Submit")): Object: 'Object Repository/virualShowRSVPOR/Page_/input_Password_Submit' is clicked on

2019-06-27 16:29:42 - [MESSAGE][PASSED] - Object: 'Object Repository/virualShowRSVPOR/Page_/input_Password_Submit' is clicked on

2019-06-27 16:29:42 - [TEST_STEP][PASSED] - click(findTestObject("Object Repository/virualShowRSVPOR/Page_/a_Set Vhost")): Object: 'Object Repository/virualShowRSVPOR/Page_/a_Set Vhost' is clicked on

2019-06-27 16:29:43 - [MESSAGE][PASSED] - Object: 'Object Repository/virualShowRSVPOR/Page_/a_Set Vhost' is clicked on

2019-06-27 16:29:43 - [TEST_STEP][PASSED] - click(UtilityMethods.createTestObject("select_target", "//select[@name='Target']/option[contains(text(), '", vhostTarget, "')]")): Object: 'select_target' is clicked on

2019-06-27 16:29:43 - [MESSAGE][PASSED] - Object: 'select_target' is clicked on

2019-06-27 16:29:43 - [TEST_STEP][PASSED] - click(findTestObject("Object Repository/virualShowRSVPOR/Page_/input")): Object: 'Object Repository/virualShowRSVPOR/Page_/input' is clicked on

2019-06-27 16:29:46 - [MESSAGE][PASSED] - Object: 'Object Repository/virualShowRSVPOR/Page_/input' is clicked on

2019-06-27 16:29:46 - [MESSAGE][PASSED] - Call Test Case 'Test Cases/TestCaseUtilities/setVHost' successfully

2019-06-27 16:29:46 - [TEST_STEP][PASSED] - callTestCase(findTestCase("TestCaseUtilities/rsLogin"), ["RSURL":"", "RSuser":"", "RSpass":""], STOP_ON_FAILURE): Call Test Case 'Test Cases/TestCaseUtilities/rsLogin' successfully

2019-06-27 16:29:46 - [TEST_CASE][PASSED] - Test Cases/TestCaseUtilities/rsLogin: Test Cases/TestCaseUtilities/rsLogin

2019-06-27 16:29:46 - [TEST_STEP][PASSED] - RSURL = findTestData("credData").getValue("RSURL", 1): null

2019-06-27 16:29:46 - [TEST_STEP][PASSED] - RSuser = findTestData("credData").getValue("RSuser", 1): null

2019-06-27 16:29:46 - [TEST_STEP][PASSED] - RSpass = findTestData("credData").getValue("RSpass", 1): null

2019-06-27 16:29:46 - [TEST_STEP][PASSED] - BSURL = findTestData("credData").getValue("BSURL", 1): null

2019-06-27 16:29:46 - [TEST_STEP][PASSED] - navigateToUrl(RSURL): Navigate to 'https://mirandakate.cabitest5.com' successfully

2019-06-27 16:30:17 - [MESSAGE][PASSED] - Navigate to 'https://mirandakate.cabitest5.com' successfully

2019-06-27 16:30:17 - [TEST_STEP][PASSED] - click(findTestObject("ReplicatedSite/rs_Page_Trendy/i_user_login")): Object: 'Object Repository/ReplicatedSite/rs_Page_Trendy/i_user_login' is clicked on

2019-06-27 16:30:18 - [MESSAGE][PASSED] - Object: 'Object Repository/ReplicatedSite/rs_Page_Trendy/i_user_login' is clicked on

2019-06-27 16:30:18 - [TEST_STEP][PASSED] - setText(findTestObject("ReplicatedSite/rs_Page_Trendy/input_Sign in  Create account_email"), RSuser): Text 'michigan@na.com' is set on object 'Object Repository/ReplicatedSite/rs_Page_Trendy/input_Sign in  Create account_email'

2019-06-27 16:30:20 - [MESSAGE][PASSED] - Text 'michigan@na.com' is set on object 'Object Repository/ReplicatedSite/rs_Page_Trendy/input_Sign in  Create account_email'

2019-06-27 16:30:20 - [TEST_STEP][PASSED] - click(findTestObject("ReplicatedSite/rs_Page_Trendy/button_Continue")): Object: 'Object Repository/ReplicatedSite/rs_Page_Trendy/button_Continue' is clicked on

2019-06-27 16:30:20 - [MESSAGE][PASSED] - Object: 'Object Repository/ReplicatedSite/rs_Page_Trendy/button_Continue' is clicked on

2019-06-27 16:30:20 - [TEST_STEP][PASSED] - setText(findTestObject("ReplicatedSite/rs_Page_Trendy/input_Welcome_password"), RSpass): Text 'blackdress19' is set on object 'Object Repository/ReplicatedSite/rs_Page_Trendy/input_Welcome_password'

2019-06-27 16:30:22 - [MESSAGE][PASSED] - Text 'blackdress19' is set on object 'Object Repository/ReplicatedSite/rs_Page_Trendy/input_Welcome_password'

2019-06-27 16:30:22 - [TEST_STEP][PASSED] - click(findTestObject("ReplicatedSite/rs_Page_Trendy/button_Continue")): Object: 'Object Repository/ReplicatedSite/rs_Page_Trendy/button_Continue' is clicked on

2019-06-27 16:30:22 - [MESSAGE][PASSED] - Object: 'Object Repository/ReplicatedSite/rs_Page_Trendy/button_Continue' is clicked on

2019-06-27 16:30:22 - [TEST_STEP][PASSED] - completeProfileLater = findWebElements(findTestObject("ReplicatedSite/rs_Page_Trendy/completeProfileLater"), 5): null

2019-06-27 16:30:24 - [TEST_STEP][PASSED] - if (completeProfileLater.size() > 0): Object: 'Object Repository/ReplicatedSite/rs_Page_Trendy/completeProfileLater' is clicked on

2019-06-27 16:30:24 - [TEST_STEP][PASSED] - click(findTestObject("ReplicatedSite/rs_Page_Trendy/completeProfileLater")): Object: 'Object Repository/ReplicatedSite/rs_Page_Trendy/completeProfileLater' is clicked on

2019-06-27 16:30:43 - [MESSAGE][PASSED] - Object: 'Object Repository/ReplicatedSite/rs_Page_Trendy/completeProfileLater' is clicked on

2019-06-27 16:30:43 - [TEST_STEP][PASSED] - if (getUrl() == BSURL): Current window's url is: 'https://mirandakate.cabitest5.com/'

2019-06-27 16:30:43 - [MESSAGE][PASSED] - Current window's url is: 'https://mirandakate.cabitest5.com/'

2019-06-27 16:30:43 - [MESSAGE][PASSED] - Call Test Case 'Test Cases/TestCaseUtilities/rsLogin' successfully

2019-06-27 16:30:43 - [TEST_STEP][FAILED] - callTestCase(findTestCase("editOrder/rsOrderHistoryConfirm"), ["orderID":"", "editScenarioNumber":4], STOP_ON_FAILURE): callTestCase(findTestCase("editOrder/rsOrderHistoryConfirm"), ["orderID":"", "editScenarioNumber":4], STOP_ON_FAILURE) FAILED.
Reason:
com.kms.katalon.core.exception.StepFailedException: Call Test Case 'Test Cases/editOrder/rsOrderHistoryConfirm' failed
	at com.kms.katalon.core.keyword.builtin.CallTestCaseKeyword$_callTestCase_closure1.doCall(CallTestCaseKeyword.groovy:63)
	at com.kms.katalon.core.keyword.builtin.CallTestCaseKeyword$_callTestCase_closure1.call(CallTestCaseKeyword.groovy)
	at com.kms.katalon.core.keyword.internal.KeywordMain.runKeyword(KeywordMain.groovy:66)
	at com.kms.katalon.core.keyword.builtin.CallTestCaseKeyword.callTestCase(CallTestCaseKeyword.groovy:81)
	at com.kms.katalon.core.keyword.builtin.CallTestCaseKeyword.execute(CallTestCaseKeyword.groovy:44)
	at com.kms.katalon.core.keyword.internal.KeywordExecutor.executeKeywordForPlatform(KeywordExecutor.groovy:56)
	at com.kms.katalon.core.keyword.BuiltinKeywords.callTestCase(BuiltinKeywords.groovy:334)
	at rsEditOrderDonation.run(rsEditOrderDonation:24)
	at com.kms.katalon.core.main.ScriptEngine.run(ScriptEngine.java:194)
	at com.kms.katalon.core.main.ScriptEngine.runScriptAsRawText(ScriptEngine.java:119)
	at com.kms.katalon.core.main.TestCaseExecutor.runScript(TestCaseExecutor.java:342)
	at com.kms.katalon.core.main.TestCaseExecutor.doExecute(TestCaseExecutor.java:333)
	at com.kms.katalon.core.main.TestCaseExecutor.processExecutionPhase(TestCaseExecutor.java:312)
	at com.kms.katalon.core.main.TestCaseExecutor.accessMainPhase(TestCaseExecutor.java:304)
	at com.kms.katalon.core.main.TestCaseExecutor.execute(TestCaseExecutor.java:238)
	at com.kms.katalon.core.main.TestSuiteExecutor.accessTestCaseMainPhase(TestSuiteExecutor.java:129)
	at com.kms.katalon.core.main.TestSuiteExecutor.accessTestSuiteMainPhase(TestSuiteExecutor.java:112)
	at com.kms.katalon.core.main.TestSuiteExecutor.execute(TestSuiteExecutor.java:81)
	at com.kms.katalon.core.main.TestCaseMain.startTestSuite(TestCaseMain.java:157)
	at com.kms.katalon.core.main.TestCaseMain$startTestSuite$0.call(Unknown Source)
	at TempTestSuite1561632781779.run(TempTestSuite1561632781779.groovy:35)
Caused by: Assertion failed: 

assert donationItemPresent.size() > 0
       |                   |      |
       []                  0      false

	at rsOrderHistoryConfirm.run(rsOrderHistoryConfirm:101)
	at com.kms.katalon.core.main.ScriptEngine.run(ScriptEngine.java:194)
	at com.kms.katalon.core.main.ScriptEngine.runScriptAsRawText(ScriptEngine.java:119)
	at com.kms.katalon.core.main.TestCaseExecutor.runScript(TestCaseExecutor.java:342)
	at com.kms.katalon.core.main.TestCaseExecutor.doExecute(TestCaseExecutor.java:333)
	at com.kms.katalon.core.main.TestCaseExecutor.processExecutionPhase(TestCaseExecutor.java:312)
	at com.kms.katalon.core.main.TestCaseExecutor.accessMainPhase(TestCaseExecutor.java:304)
	at com.kms.katalon.core.main.TestCaseExecutor.execute(TestCaseExecutor.java:238)
	at com.kms.katalon.core.main.TestCaseMain.runTestCase(TestCaseMain.java:114)
	at com.kms.katalon.core.keyword.builtin.CallTestCaseKeyword$_callTestCase_closure1.doCall(CallTestCaseKeyword.groovy:59)
	... 20 more


2019-06-27 16:30:43 - [TEST_CASE][FAILED] - Test Cases/editOrder/rsOrderHistoryConfirm: Test Cases/editOrder/rsOrderHistoryConfirm FAILED.
Reason:
Assertion failed: 

assert donationItemPresent.size() > 0
       |                   |      |
       []                  0      false

	at rsOrderHistoryConfirm.run(rsOrderHistoryConfirm:101)
	at com.kms.katalon.core.main.ScriptEngine.run(ScriptEngine.java:194)
	at com.kms.katalon.core.main.ScriptEngine.runScriptAsRawText(ScriptEngine.java:119)
	at com.kms.katalon.core.main.TestCaseExecutor.runScript(TestCaseExecutor.java:342)
	at com.kms.katalon.core.main.TestCaseExecutor.doExecute(TestCaseExecutor.java:333)
	at com.kms.katalon.core.main.TestCaseExecutor.processExecutionPhase(TestCaseExecutor.java:312)
	at com.kms.katalon.core.main.TestCaseExecutor.accessMainPhase(TestCaseExecutor.java:304)
	at com.kms.katalon.core.main.TestCaseExecutor.execute(TestCaseExecutor.java:238)
	at com.kms.katalon.core.main.TestCaseMain.runTestCase(TestCaseMain.java:114)
	at com.kms.katalon.core.keyword.builtin.CallTestCaseKeyword$_callTestCase_closure1.doCall(CallTestCaseKeyword.groovy:59)
	at com.kms.katalon.core.keyword.builtin.CallTestCaseKeyword$_callTestCase_closure1.call(CallTestCaseKeyword.groovy)
	at com.kms.katalon.core.keyword.internal.KeywordMain.runKeyword(KeywordMain.groovy:66)
	at com.kms.katalon.core.keyword.builtin.CallTestCaseKeyword.callTestCase(CallTestCaseKeyword.groovy:81)
	at com.kms.katalon.core.keyword.builtin.CallTestCaseKeyword.execute(CallTestCaseKeyword.groovy:44)
	at com.kms.katalon.core.keyword.internal.KeywordExecutor.executeKeywordForPlatform(KeywordExecutor.groovy:56)
	at com.kms.katalon.core.keyword.BuiltinKeywords.callTestCase(BuiltinKeywords.groovy:334)
	at rsEditOrderDonation.run(rsEditOrderDonation:24)
	at com.kms.katalon.core.main.ScriptEngine.run(ScriptEngine.java:194)
	at com.kms.katalon.core.main.ScriptEngine.runScriptAsRawText(ScriptEngine.java:119)
	at com.kms.katalon.core.main.TestCaseExecutor.runScript(TestCaseExecutor.java:342)
	at com.kms.katalon.core.main.TestCaseExecutor.doExecute(TestCaseExecutor.java:333)
	at com.kms.katalon.core.main.TestCaseExecutor.processExecutionPhase(TestCaseExecutor.java:312)
	at com.kms.katalon.core.main.TestCaseExecutor.accessMainPhase(TestCaseExecutor.java:304)
	at com.kms.katalon.core.main.TestCaseExecutor.execute(TestCaseExecutor.java:238)
	at com.kms.katalon.core.main.TestSuiteExecutor.accessTestCaseMainPhase(TestSuiteExecutor.java:129)
	at com.kms.katalon.core.main.TestSuiteExecutor.accessTestSuiteMainPhase(TestSuiteExecutor.java:112)
	at com.kms.katalon.core.main.TestSuiteExecutor.execute(TestSuiteExecutor.java:81)
	at com.kms.katalon.core.main.TestCaseMain.startTestSuite(TestCaseMain.java:157)
	at com.kms.katalon.core.main.TestCaseMain$startTestSuite$0.call(Unknown Source)
	at TempTestSuite1561632781779.run(TempTestSuite1561632781779.groovy:35)


2019-06-27 16:30:43 - [TEST_STEP][PASSED] - orderID = retailOrderID: null

2019-06-27 16:30:43 - [TEST_STEP][PASSED] - println(orderID): null

2019-06-27 16:30:43 - [TEST_STEP][PASSED] - xpath = UtilityMethods.concat("//span[contains(text(), '", orderID, "')]/parent::div/parent::div/div[@class='table-row-edit-order']//a"): null

2019-06-27 16:30:43 - [TEST_STEP][PASSED] - to = new com.kms.katalon.core.testobject.TestObject(a_link_dynamic): null

2019-06-27 16:30:43 - [TEST_STEP][PASSED] - to.addProperty("xpath", EQUALS, xpath): null

2019-06-27 16:30:43 - [TEST_STEP][PASSED] - click(findTestObject("ReplicatedSite/rs_Page_Trendy/i_Michigan_fa fa-caret-down")): Object: 'Object Repository/ReplicatedSite/rs_Page_Trendy/i_Michigan_fa fa-caret-down' is clicked on

2019-06-27 16:30:44 - [MESSAGE][PASSED] - Object: 'Object Repository/ReplicatedSite/rs_Page_Trendy/i_Michigan_fa fa-caret-down' is clicked on

2019-06-27 16:30:44 - [TEST_STEP][PASSED] - click(findTestObject("ReplicatedSite/rs_Page_Trendy/a_My Profile")): Object: 'Object Repository/ReplicatedSite/rs_Page_Trendy/a_My Profile' is clicked on

2019-06-27 16:31:01 - [MESSAGE][PASSED] - Object: 'Object Repository/ReplicatedSite/rs_Page_Trendy/a_My Profile' is clicked on

2019-06-27 16:31:01 - [TEST_STEP][PASSED] - click(findTestObject("Object Repository/ReplicatedSite/Page_Profile - Cabi Fall 2018 Collection/span_Order History")): Object: 'Object Repository/ReplicatedSite/Page_Profile - Cabi Fall 2018 Collection/span_Order History' is clicked on

2019-06-27 16:31:01 - [MESSAGE][PASSED] - Object: 'Object Repository/ReplicatedSite/Page_Profile - Cabi Fall 2018 Collection/span_Order History' is clicked on

2019-06-27 16:31:01 - [TEST_STEP][PASSED] - delay(5): Delayed 5 second(s)

2019-06-27 16:31:06 - [MESSAGE][PASSED] - Delayed 5 second(s)

2019-06-27 16:31:06 - [TEST_STEP][PASSED] - editButton = findWebElements(to, 1): null

2019-06-27 16:31:06 - [TEST_STEP][PASSED] - assert editButton.size() > 0: null

2019-06-27 16:31:06 - [TEST_STEP][FAILED] - if (editButton.size() > 0): if (editButton.size() > 0) FAILED.
Reason:
Assertion failed: 

assert donationItemPresent.size() > 0
       |                   |      |
       []                  0      false

	at rsOrderHistoryConfirm.run(rsOrderHistoryConfirm:101)
	at com.kms.katalon.core.main.ScriptEngine.run(ScriptEngine.java:194)
	at com.kms.katalon.core.main.ScriptEngine.runScriptAsRawText(ScriptEngine.java:119)
	at com.kms.katalon.core.main.TestCaseExecutor.runScript(TestCaseExecutor.java:342)
	at com.kms.katalon.core.main.TestCaseExecutor.doExecute(TestCaseExecutor.java:333)
	at com.kms.katalon.core.main.TestCaseExecutor.processExecutionPhase(TestCaseExecutor.java:312)
	at com.kms.katalon.core.main.TestCaseExecutor.accessMainPhase(TestCaseExecutor.java:304)
	at com.kms.katalon.core.main.TestCaseExecutor.execute(TestCaseExecutor.java:238)
	at com.kms.katalon.core.main.TestCaseMain.runTestCase(TestCaseMain.java:114)
	at com.kms.katalon.core.keyword.builtin.CallTestCaseKeyword$_callTestCase_closure1.doCall(CallTestCaseKeyword.groovy:59)
	at com.kms.katalon.core.keyword.builtin.CallTestCaseKeyword$_callTestCase_closure1.call(CallTestCaseKeyword.groovy)
	at com.kms.katalon.core.keyword.internal.KeywordMain.runKeyword(KeywordMain.groovy:66)
	at com.kms.katalon.core.keyword.builtin.CallTestCaseKeyword.callTestCase(CallTestCaseKeyword.groovy:81)
	at com.kms.katalon.core.keyword.builtin.CallTestCaseKeyword.execute(CallTestCaseKeyword.groovy:44)
	at com.kms.katalon.core.keyword.internal.KeywordExecutor.executeKeywordForPlatform(KeywordExecutor.groovy:56)
	at com.kms.katalon.core.keyword.BuiltinKeywords.callTestCase(BuiltinKeywords.groovy:334)
	at rsEditOrderDonation.run(rsEditOrderDonation:24)
	at com.kms.katalon.core.main.ScriptEngine.run(ScriptEngine.java:194)
	at com.kms.katalon.core.main.ScriptEngine.runScriptAsRawText(ScriptEngine.java:119)
	at com.kms.katalon.core.main.TestCaseExecutor.runScript(TestCaseExecutor.java:342)
	at com.kms.katalon.core.main.TestCaseExecutor.doExecute(TestCaseExecutor.java:333)
	at com.kms.katalon.core.main.TestCaseExecutor.processExecutionPhase(TestCaseExecutor.java:312)
	at com.kms.katalon.core.main.TestCaseExecutor.accessMainPhase(TestCaseExecutor.java:304)
	at com.kms.katalon.core.main.TestCaseExecutor.execute(TestCaseExecutor.java:238)
	at com.kms.katalon.core.main.TestSuiteExecutor.accessTestCaseMainPhase(TestSuiteExecutor.java:129)
	at com.kms.katalon.core.main.TestSuiteExecutor.accessTestSuiteMainPhase(TestSuiteExecutor.java:112)
	at com.kms.katalon.core.main.TestSuiteExecutor.execute(TestSuiteExecutor.java:81)
	at com.kms.katalon.core.main.TestCaseMain.startTestSuite(TestCaseMain.java:157)
	at com.kms.katalon.core.main.TestCaseMain$startTestSuite$0.call(Unknown Source)
	at TempTestSuite1561632781779.run(TempTestSuite1561632781779.groovy:35)


2019-06-27 16:31:06 - [TEST_STEP][PASSED] - click(to): Object: 'a_link_dynamic' is clicked on

2019-06-27 16:31:07 - [MESSAGE][PASSED] - Object: 'a_link_dynamic' is clicked on

2019-06-27 16:31:07 - [TEST_STEP][PASSED] - delay(10): Delayed 10 second(s)

2019-06-27 16:31:17 - [MESSAGE][PASSED] - Delayed 10 second(s)

2019-06-27 16:31:17 - [TEST_STEP][PASSED] - if (editScenarioNumber == 1): null

2019-06-27 16:31:17 - [TEST_STEP][PASSED] - else if (editScenarioNumber == 3): null

2019-06-27 16:31:17 - [TEST_STEP][FAILED] - else if (editScenarioNumber == 4): if (editButton.size() > 0) FAILED.
Reason:
Assertion failed: 

assert donationItemPresent.size() > 0
       |                   |      |
       []                  0      false

	at rsOrderHistoryConfirm.run(rsOrderHistoryConfirm:101)
	at com.kms.katalon.core.main.ScriptEngine.run(ScriptEngine.java:194)
	at com.kms.katalon.core.main.ScriptEngine.runScriptAsRawText(ScriptEngine.java:119)
	at com.kms.katalon.core.main.TestCaseExecutor.runScript(TestCaseExecutor.java:342)
	at com.kms.katalon.core.main.TestCaseExecutor.doExecute(TestCaseExecutor.java:333)
	at com.kms.katalon.core.main.TestCaseExecutor.processExecutionPhase(TestCaseExecutor.java:312)
	at com.kms.katalon.core.main.TestCaseExecutor.accessMainPhase(TestCaseExecutor.java:304)
	at com.kms.katalon.core.main.TestCaseExecutor.execute(TestCaseExecutor.java:238)
	at com.kms.katalon.core.main.TestCaseMain.runTestCase(TestCaseMain.java:114)
	at com.kms.katalon.core.keyword.builtin.CallTestCaseKeyword$_callTestCase_closure1.doCall(CallTestCaseKeyword.groovy:59)
	at com.kms.katalon.core.keyword.builtin.CallTestCaseKeyword$_callTestCase_closure1.call(CallTestCaseKeyword.groovy)
	at com.kms.katalon.core.keyword.internal.KeywordMain.runKeyword(KeywordMain.groovy:66)
	at com.kms.katalon.core.keyword.builtin.CallTestCaseKeyword.callTestCase(CallTestCaseKeyword.groovy:81)
	at com.kms.katalon.core.keyword.builtin.CallTestCaseKeyword.execute(CallTestCaseKeyword.groovy:44)
	at com.kms.katalon.core.keyword.internal.KeywordExecutor.executeKeywordForPlatform(KeywordExecutor.groovy:56)
	at com.kms.katalon.core.keyword.BuiltinKeywords.callTestCase(BuiltinKeywords.groovy:334)
	at rsEditOrderDonation.run(rsEditOrderDonation:24)
	at com.kms.katalon.core.main.ScriptEngine.run(ScriptEngine.java:194)
	at com.kms.katalon.core.main.ScriptEngine.runScriptAsRawText(ScriptEngine.java:119)
	at com.kms.katalon.core.main.TestCaseExecutor.runScript(TestCaseExecutor.java:342)
	at com.kms.katalon.core.main.TestCaseExecutor.doExecute(TestCaseExecutor.java:333)
	at com.kms.katalon.core.main.TestCaseExecutor.processExecutionPhase(TestCaseExecutor.java:312)
	at com.kms.katalon.core.main.TestCaseExecutor.accessMainPhase(TestCaseExecutor.java:304)
	at com.kms.katalon.core.main.TestCaseExecutor.execute(TestCaseExecutor.java:238)
	at com.kms.katalon.core.main.TestSuiteExecutor.accessTestCaseMainPhase(TestSuiteExecutor.java:129)
	at com.kms.katalon.core.main.TestSuiteExecutor.accessTestSuiteMainPhase(TestSuiteExecutor.java:112)
	at com.kms.katalon.core.main.TestSuiteExecutor.execute(TestSuiteExecutor.java:81)
	at com.kms.katalon.core.main.TestCaseMain.startTestSuite(TestCaseMain.java:157)
	at com.kms.katalon.core.main.TestCaseMain$startTestSuite$0.call(Unknown Source)
	at TempTestSuite1561632781779.run(TempTestSuite1561632781779.groovy:35)


2019-06-27 16:31:17 - [TEST_STEP][PASSED] - println("scen = 4"): null

2019-06-27 16:31:17 - [TEST_STEP][PASSED] - donationItemPresent = findWebElements(findTestObject("Object Repository/ReplicatedSite/div_donation_present"), 5): Unable to find the element located by 'By.xpath: //p[contains(text(), 'Heart of cabi Foundation')]'. Please recheck the objects properties to make sure the desired element is located. 

2019-06-27 16:31:26 - [MESSAGE][INFO] - Unable to find the element located by 'By.xpath: //p[contains(text(), 'Heart of cabi Foundation')]'. Please recheck the objects properties to make sure the desired element is located. 

2019-06-27 16:31:26 - [TEST_STEP][FAILED] - assert donationItemPresent.size() > 0: if (editButton.size() > 0) FAILED.
Reason:
Assertion failed: 

assert donationItemPresent.size() > 0
       |                   |      |
       []                  0      false

	at rsOrderHistoryConfirm.run(rsOrderHistoryConfirm:101)
	at com.kms.katalon.core.main.ScriptEngine.run(ScriptEngine.java:194)
	at com.kms.katalon.core.main.ScriptEngine.runScriptAsRawText(ScriptEngine.java:119)
	at com.kms.katalon.core.main.TestCaseExecutor.runScript(TestCaseExecutor.java:342)
	at com.kms.katalon.core.main.TestCaseExecutor.doExecute(TestCaseExecutor.java:333)
	at com.kms.katalon.core.main.TestCaseExecutor.processExecutionPhase(TestCaseExecutor.java:312)
	at com.kms.katalon.core.main.TestCaseExecutor.accessMainPhase(TestCaseExecutor.java:304)
	at com.kms.katalon.core.main.TestCaseExecutor.execute(TestCaseExecutor.java:238)
	at com.kms.katalon.core.main.TestCaseMain.runTestCase(TestCaseMain.java:114)
	at com.kms.katalon.core.keyword.builtin.CallTestCaseKeyword$_callTestCase_closure1.doCall(CallTestCaseKeyword.groovy:59)
	at com.kms.katalon.core.keyword.builtin.CallTestCaseKeyword$_callTestCase_closure1.call(CallTestCaseKeyword.groovy)
	at com.kms.katalon.core.keyword.internal.KeywordMain.runKeyword(KeywordMain.groovy:66)
	at com.kms.katalon.core.keyword.builtin.CallTestCaseKeyword.callTestCase(CallTestCaseKeyword.groovy:81)
	at com.kms.katalon.core.keyword.builtin.CallTestCaseKeyword.execute(CallTestCaseKeyword.groovy:44)
	at com.kms.katalon.core.keyword.internal.KeywordExecutor.executeKeywordForPlatform(KeywordExecutor.groovy:56)
	at com.kms.katalon.core.keyword.BuiltinKeywords.callTestCase(BuiltinKeywords.groovy:334)
	at rsEditOrderDonation.run(rsEditOrderDonation:24)
	at com.kms.katalon.core.main.ScriptEngine.run(ScriptEngine.java:194)
	at com.kms.katalon.core.main.ScriptEngine.runScriptAsRawText(ScriptEngine.java:119)
	at com.kms.katalon.core.main.TestCaseExecutor.runScript(TestCaseExecutor.java:342)
	at com.kms.katalon.core.main.TestCaseExecutor.doExecute(TestCaseExecutor.java:333)
	at com.kms.katalon.core.main.TestCaseExecutor.processExecutionPhase(TestCaseExecutor.java:312)
	at com.kms.katalon.core.main.TestCaseExecutor.accessMainPhase(TestCaseExecutor.java:304)
	at com.kms.katalon.core.main.TestCaseExecutor.execute(TestCaseExecutor.java:238)
	at com.kms.katalon.core.main.TestSuiteExecutor.accessTestCaseMainPhase(TestSuiteExecutor.java:129)
	at com.kms.katalon.core.main.TestSuiteExecutor.accessTestSuiteMainPhase(TestSuiteExecutor.java:112)
	at com.kms.katalon.core.main.TestSuiteExecutor.execute(TestSuiteExecutor.java:81)
	at com.kms.katalon.core.main.TestCaseMain.startTestSuite(TestCaseMain.java:157)
	at com.kms.katalon.core.main.TestCaseMain$startTestSuite$0.call(Unknown Source)
	at TempTestSuite1561632781779.run(TempTestSuite1561632781779.groovy:35)


2019-06-27 16:31:26 - [MESSAGE][FAILED] - if (editButton.size() > 0) FAILED.
Reason:
Assertion failed: 

assert donationItemPresent.size() > 0
       |                   |      |
       []                  0      false

	at rsOrderHistoryConfirm.run(rsOrderHistoryConfirm:101)
	at com.kms.katalon.core.main.ScriptEngine.run(ScriptEngine.java:194)
	at com.kms.katalon.core.main.ScriptEngine.runScriptAsRawText(ScriptEngine.java:119)
	at com.kms.katalon.core.main.TestCaseExecutor.runScript(TestCaseExecutor.java:342)
	at com.kms.katalon.core.main.TestCaseExecutor.doExecute(TestCaseExecutor.java:333)
	at com.kms.katalon.core.main.TestCaseExecutor.processExecutionPhase(TestCaseExecutor.java:312)
	at com.kms.katalon.core.main.TestCaseExecutor.accessMainPhase(TestCaseExecutor.java:304)
	at com.kms.katalon.core.main.TestCaseExecutor.execute(TestCaseExecutor.java:238)
	at com.kms.katalon.core.main.TestCaseMain.runTestCase(TestCaseMain.java:114)
	at com.kms.katalon.core.keyword.builtin.CallTestCaseKeyword$_callTestCase_closure1.doCall(CallTestCaseKeyword.groovy:59)
	at com.kms.katalon.core.keyword.builtin.CallTestCaseKeyword$_callTestCase_closure1.call(CallTestCaseKeyword.groovy)
	at com.kms.katalon.core.keyword.internal.KeywordMain.runKeyword(KeywordMain.groovy:66)
	at com.kms.katalon.core.keyword.builtin.CallTestCaseKeyword.callTestCase(CallTestCaseKeyword.groovy:81)
	at com.kms.katalon.core.keyword.builtin.CallTestCaseKeyword.execute(CallTestCaseKeyword.groovy:44)
	at com.kms.katalon.core.keyword.internal.KeywordExecutor.executeKeywordForPlatform(KeywordExecutor.groovy:56)
	at com.kms.katalon.core.keyword.BuiltinKeywords.callTestCase(BuiltinKeywords.groovy:334)
	at rsEditOrderDonation.run(rsEditOrderDonation:24)
	at com.kms.katalon.core.main.ScriptEngine.run(ScriptEngine.java:194)
	at com.kms.katalon.core.main.ScriptEngine.runScriptAsRawText(ScriptEngine.java:119)
	at com.kms.katalon.core.main.TestCaseExecutor.runScript(TestCaseExecutor.java:342)
	at com.kms.katalon.core.main.TestCaseExecutor.doExecute(TestCaseExecutor.java:333)
	at com.kms.katalon.core.main.TestCaseExecutor.processExecutionPhase(TestCaseExecutor.java:312)
	at com.kms.katalon.core.main.TestCaseExecutor.accessMainPhase(TestCaseExecutor.java:304)
	at com.kms.katalon.core.main.TestCaseExecutor.execute(TestCaseExecutor.java:238)
	at com.kms.katalon.core.main.TestSuiteExecutor.accessTestCaseMainPhase(TestSuiteExecutor.java:129)
	at com.kms.katalon.core.main.TestSuiteExecutor.accessTestSuiteMainPhase(TestSuiteExecutor.java:112)
	at com.kms.katalon.core.main.TestSuiteExecutor.execute(TestSuiteExecutor.java:81)
	at com.kms.katalon.core.main.TestCaseMain.startTestSuite(TestCaseMain.java:157)
	at com.kms.katalon.core.main.TestCaseMain$startTestSuite$0.call(Unknown Source)
	at TempTestSuite1561632781779.run(TempTestSuite1561632781779.groovy:35)


2019-06-27 16:31:26 - [MESSAGE][FAILED] - Unable to call Test Case 'Test Cases/editOrder/rsOrderHistoryConfirm' (Root cause: com.kms.katalon.core.exception.StepFailedException: Call Test Case 'Test Cases/editOrder/rsOrderHistoryConfirm' failed
	at com.kms.katalon.core.keyword.builtin.CallTestCaseKeyword$_callTestCase_closure1.doCall(CallTestCaseKeyword.groovy:63)
	at com.kms.katalon.core.keyword.builtin.CallTestCaseKeyword$_callTestCase_closure1.call(CallTestCaseKeyword.groovy)
	at com.kms.katalon.core.keyword.internal.KeywordMain.runKeyword(KeywordMain.groovy:66)
	at com.kms.katalon.core.keyword.builtin.CallTestCaseKeyword.callTestCase(CallTestCaseKeyword.groovy:81)
	at com.kms.katalon.core.keyword.builtin.CallTestCaseKeyword.execute(CallTestCaseKeyword.groovy:44)
	at com.kms.katalon.core.keyword.internal.KeywordExecutor.executeKeywordForPlatform(KeywordExecutor.groovy:56)
	at com.kms.katalon.core.keyword.BuiltinKeywords.callTestCase(BuiltinKeywords.groovy:334)
	at rsEditOrderDonation.run(rsEditOrderDonation:24)
	at com.kms.katalon.core.main.ScriptEngine.run(ScriptEngine.java:194)
	at com.kms.katalon.core.main.ScriptEngine.runScriptAsRawText(ScriptEngine.java:119)
	at com.kms.katalon.core.main.TestCaseExecutor.runScript(TestCaseExecutor.java:342)
	at com.kms.katalon.core.main.TestCaseExecutor.doExecute(TestCaseExecutor.java:333)
	at com.kms.katalon.core.main.TestCaseExecutor.processExecutionPhase(TestCaseExecutor.java:312)
	at com.kms.katalon.core.main.TestCaseExecutor.accessMainPhase(TestCaseExecutor.java:304)
	at com.kms.katalon.core.main.TestCaseExecutor.execute(TestCaseExecutor.java:238)
	at com.kms.katalon.core.main.TestSuiteExecutor.accessTestCaseMainPhase(TestSuiteExecutor.java:129)
	at com.kms.katalon.core.main.TestSuiteExecutor.accessTestSuiteMainPhase(TestSuiteExecutor.java:112)
	at com.kms.katalon.core.main.TestSuiteExecutor.execute(TestSuiteExecutor.java:81)
	at com.kms.katalon.core.main.TestCaseMain.startTestSuite(TestCaseMain.java:157)
	at com.kms.katalon.core.main.TestCaseMain$startTestSuite$0.call(Unknown Source)
	at TempTestSuite1561632781779.run(TempTestSuite1561632781779.groovy:35)
Caused by: Assertion failed: 

assert donationItemPresent.size() > 0
       |                   |      |
       []                  0      false

	at rsOrderHistoryConfirm.run(rsOrderHistoryConfirm:101)
	at com.kms.katalon.core.main.ScriptEngine.run(ScriptEngine.java:194)
	at com.kms.katalon.core.main.ScriptEngine.runScriptAsRawText(ScriptEngine.java:119)
	at com.kms.katalon.core.main.TestCaseExecutor.runScript(TestCaseExecutor.java:342)
	at com.kms.katalon.core.main.TestCaseExecutor.doExecute(TestCaseExecutor.java:333)
	at com.kms.katalon.core.main.TestCaseExecutor.processExecutionPhase(TestCaseExecutor.java:312)
	at com.kms.katalon.core.main.TestCaseExecutor.accessMainPhase(TestCaseExecutor.java:304)
	at com.kms.katalon.core.main.TestCaseExecutor.execute(TestCaseExecutor.java:238)
	at com.kms.katalon.core.main.TestCaseMain.runTestCase(TestCaseMain.java:114)
	at com.kms.katalon.core.keyword.builtin.CallTestCaseKeyword$_callTestCase_closure1.doCall(CallTestCaseKeyword.groovy:59)
	... 20 more
)

2019-06-27 16:31:26 - [MESSAGE][FAILED] - callTestCase(findTestCase("editOrder/rsOrderHistoryConfirm"), ["orderID":"", "editScenarioNumber":4], STOP_ON_FAILURE) FAILED.
Reason:
com.kms.katalon.core.exception.StepFailedException: Call Test Case 'Test Cases/editOrder/rsOrderHistoryConfirm' failed
	at com.kms.katalon.core.keyword.builtin.CallTestCaseKeyword$_callTestCase_closure1.doCall(CallTestCaseKeyword.groovy:63)
	at com.kms.katalon.core.keyword.builtin.CallTestCaseKeyword$_callTestCase_closure1.call(CallTestCaseKeyword.groovy)
	at com.kms.katalon.core.keyword.internal.KeywordMain.runKeyword(KeywordMain.groovy:66)
	at com.kms.katalon.core.keyword.builtin.CallTestCaseKeyword.callTestCase(CallTestCaseKeyword.groovy:81)
	at com.kms.katalon.core.keyword.builtin.CallTestCaseKeyword.execute(CallTestCaseKeyword.groovy:44)
	at com.kms.katalon.core.keyword.internal.KeywordExecutor.executeKeywordForPlatform(KeywordExecutor.groovy:56)
	at com.kms.katalon.core.keyword.BuiltinKeywords.callTestCase(BuiltinKeywords.groovy:334)
	at rsEditOrderDonation.run(rsEditOrderDonation:24)
	at com.kms.katalon.core.main.ScriptEngine.run(ScriptEngine.java:194)
	at com.kms.katalon.core.main.ScriptEngine.runScriptAsRawText(ScriptEngine.java:119)
	at com.kms.katalon.core.main.TestCaseExecutor.runScript(TestCaseExecutor.java:342)
	at com.kms.katalon.core.main.TestCaseExecutor.doExecute(TestCaseExecutor.java:333)
	at com.kms.katalon.core.main.TestCaseExecutor.processExecutionPhase(TestCaseExecutor.java:312)
	at com.kms.katalon.core.main.TestCaseExecutor.accessMainPhase(TestCaseExecutor.java:304)
	at com.kms.katalon.core.main.TestCaseExecutor.execute(TestCaseExecutor.java:238)
	at com.kms.katalon.core.main.TestSuiteExecutor.accessTestCaseMainPhase(TestSuiteExecutor.java:129)
	at com.kms.katalon.core.main.TestSuiteExecutor.accessTestSuiteMainPhase(TestSuiteExecutor.java:112)
	at com.kms.katalon.core.main.TestSuiteExecutor.execute(TestSuiteExecutor.java:81)
	at com.kms.katalon.core.main.TestCaseMain.startTestSuite(TestCaseMain.java:157)
	at com.kms.katalon.core.main.TestCaseMain$startTestSuite$0.call(Unknown Source)
	at TempTestSuite1561632781779.run(TempTestSuite1561632781779.groovy:35)
Caused by: Assertion failed: 

assert donationItemPresent.size() > 0
       |                   |      |
       []                  0      false

	at rsOrderHistoryConfirm.run(rsOrderHistoryConfirm:101)
	at com.kms.katalon.core.main.ScriptEngine.run(ScriptEngine.java:194)
	at com.kms.katalon.core.main.ScriptEngine.runScriptAsRawText(ScriptEngine.java:119)
	at com.kms.katalon.core.main.TestCaseExecutor.runScript(TestCaseExecutor.java:342)
	at com.kms.katalon.core.main.TestCaseExecutor.doExecute(TestCaseExecutor.java:333)
	at com.kms.katalon.core.main.TestCaseExecutor.processExecutionPhase(TestCaseExecutor.java:312)
	at com.kms.katalon.core.main.TestCaseExecutor.accessMainPhase(TestCaseExecutor.java:304)
	at com.kms.katalon.core.main.TestCaseExecutor.execute(TestCaseExecutor.java:238)
	at com.kms.katalon.core.main.TestCaseMain.runTestCase(TestCaseMain.java:114)
	at com.kms.katalon.core.keyword.builtin.CallTestCaseKeyword$_callTestCase_closure1.doCall(CallTestCaseKeyword.groovy:59)
	... 20 more]]></system-out>
         <system-err><![CDATA[2019-06-27 16:27:18 - [TEST_CASE][FAILED] - Test Cases/editOrder/rsEditOrderDonation: Test Cases/editOrder/rsEditOrderDonation FAILED.
Reason:
com.kms.katalon.core.exception.StepFailedException: Call Test Case 'Test Cases/editOrder/rsOrderHistoryConfirm' failed
	at com.kms.katalon.core.keyword.builtin.CallTestCaseKeyword$_callTestCase_closure1.doCall(CallTestCaseKeyword.groovy:63)
	at com.kms.katalon.core.keyword.builtin.CallTestCaseKeyword$_callTestCase_closure1.call(CallTestCaseKeyword.groovy)
	at com.kms.katalon.core.keyword.internal.KeywordMain.runKeyword(KeywordMain.groovy:66)
	at com.kms.katalon.core.keyword.builtin.CallTestCaseKeyword.callTestCase(CallTestCaseKeyword.groovy:81)
	at com.kms.katalon.core.keyword.builtin.CallTestCaseKeyword.execute(CallTestCaseKeyword.groovy:44)
	at com.kms.katalon.core.keyword.internal.KeywordExecutor.executeKeywordForPlatform(KeywordExecutor.groovy:56)
	at com.kms.katalon.core.keyword.BuiltinKeywords.callTestCase(BuiltinKeywords.groovy:334)
	at rsEditOrderDonation.run(rsEditOrderDonation:24)
	at com.kms.katalon.core.main.ScriptEngine.run(ScriptEngine.java:194)
	at com.kms.katalon.core.main.ScriptEngine.runScriptAsRawText(ScriptEngine.java:119)
	at com.kms.katalon.core.main.TestCaseExecutor.runScript(TestCaseExecutor.java:342)
	at com.kms.katalon.core.main.TestCaseExecutor.doExecute(TestCaseExecutor.java:333)
	at com.kms.katalon.core.main.TestCaseExecutor.processExecutionPhase(TestCaseExecutor.java:312)
	at com.kms.katalon.core.main.TestCaseExecutor.accessMainPhase(TestCaseExecutor.java:304)
	at com.kms.katalon.core.main.TestCaseExecutor.execute(TestCaseExecutor.java:238)
	at com.kms.katalon.core.main.TestSuiteExecutor.accessTestCaseMainPhase(TestSuiteExecutor.java:129)
	at com.kms.katalon.core.main.TestSuiteExecutor.accessTestSuiteMainPhase(TestSuiteExecutor.java:112)
	at com.kms.katalon.core.main.TestSuiteExecutor.execute(TestSuiteExecutor.java:81)
	at com.kms.katalon.core.main.TestCaseMain.startTestSuite(TestCaseMain.java:157)
	at com.kms.katalon.core.main.TestCaseMain$startTestSuite$0.call(Unknown Source)
	at TempTestSuite1561632781779.run(TempTestSuite1561632781779.groovy:35)
Caused by: Assertion failed: 

assert donationItemPresent.size() > 0
       |                   |      |
       []                  0      false

	at rsOrderHistoryConfirm.run(rsOrderHistoryConfirm:101)
	at com.kms.katalon.core.main.ScriptEngine.run(ScriptEngine.java:194)
	at com.kms.katalon.core.main.ScriptEngine.runScriptAsRawText(ScriptEngine.java:119)
	at com.kms.katalon.core.main.TestCaseExecutor.runScript(TestCaseExecutor.java:342)
	at com.kms.katalon.core.main.TestCaseExecutor.doExecute(TestCaseExecutor.java:333)
	at com.kms.katalon.core.main.TestCaseExecutor.processExecutionPhase(TestCaseExecutor.java:312)
	at com.kms.katalon.core.main.TestCaseExecutor.accessMainPhase(TestCaseExecutor.java:304)
	at com.kms.katalon.core.main.TestCaseExecutor.execute(TestCaseExecutor.java:238)
	at com.kms.katalon.core.main.TestCaseMain.runTestCase(TestCaseMain.java:114)
	at com.kms.katalon.core.keyword.builtin.CallTestCaseKeyword$_callTestCase_closure1.doCall(CallTestCaseKeyword.groovy:59)
	... 20 more]]></system-err>
      </testcase>
      <testcase name="Test Cases/editOrder/rsEditOrderGiftCard" classname="Test Cases/editOrder/rsEditOrderGiftCard" status="PASSED">
         <system-out><![CDATA[2019-06-27 16:31:26 - [TEST_CASE][PASSED] - Test Cases/editOrder/rsEditOrderGiftCard: Test Cases/editOrder/rsEditOrderGiftCard

2019-06-27 16:31:26 - [TEST_STEP][PASSED] - Start listener action : sampleBeforeTestCase: null

2019-06-27 16:31:26 - [TEST_STEP][PASSED] - println(testCaseContext.getTestCaseId()): null

2019-06-27 16:31:26 - [TEST_STEP][PASSED] - println(testCaseContext.getTestCaseVariables()): null

2019-06-27 16:31:26 - [TEST_STEP][PASSED] - callTestCase(findTestCase("editOrder/retailOrderBO"), ["editScenarioNumber":3], STOP_ON_FAILURE): Call Test Case 'Test Cases/editOrder/retailOrderBO' successfully

2019-06-27 16:31:27 - [TEST_CASE][PASSED] - Test Cases/editOrder/retailOrderBO: Test Cases/editOrder/retailOrderBO

2019-06-27 16:31:27 - [TEST_STEP][PASSED] - openBrowser(""): Browser is opened with url: ''

2019-06-27 16:31:27 - [MESSAGE][WARNING] - A browser is already opened. Closing browser and opening a new one

2019-06-27 16:31:28 - [MESSAGE][INFO] - Starting 'Chrome' driver

2019-06-27 16:31:28 - [MESSAGE][INFO] - User set preference: ['args', '[--use-fake-ui-for-media-stream, --start-maximized]']

2019-06-27 16:31:31 - [MESSAGE][PASSED] - Browser is opened with url: ''

2019-06-27 16:31:31 - [TEST_STEP][PASSED] - driver = getWebDriver(): null

2019-06-27 16:31:31 - [TEST_STEP][PASSED] - executor = driver: null

2019-06-27 16:31:31 - [TEST_STEP][PASSED] - callTestCase(findTestCase("TestCaseUtilities/backOfficeLogin"), ["BOURL":"", "BOuser":"", "BOpass":""], STOP_ON_FAILURE): Call Test Case 'Test Cases/TestCaseUtilities/backOfficeLogin' successfully

2019-06-27 16:31:31 - [TEST_CASE][PASSED] - Test Cases/TestCaseUtilities/backOfficeLogin: Test Cases/TestCaseUtilities/backOfficeLogin

2019-06-27 16:31:31 - [TEST_STEP][PASSED] - BOURL = findTestData("credData").getValue("BOURL", 1): null

2019-06-27 16:31:31 - [TEST_STEP][PASSED] - BOuser = findTestData("credData").getValue("BOuser", 1): null

2019-06-27 16:31:31 - [TEST_STEP][PASSED] - BOpass = findTestData("credData").getValue("BOpass", 1): null

2019-06-27 16:31:31 - [TEST_STEP][PASSED] - navigateToUrl(BOURL): Navigate to 'https://test19.cliotest.com/backoffice/control/main' successfully

2019-06-27 16:31:40 - [MESSAGE][PASSED] - Navigate to 'https://test19.cliotest.com/backoffice/control/main' successfully

2019-06-27 16:31:40 - [TEST_STEP][PASSED] - logOut = findWebElements(findTestObject("Object Repository/Page_cabi Home/log_out"), 1): Unable to find the element located by 'By.xpath: //a[contains(text(),'Log Out')]'. Please recheck the objects properties to make sure the desired element is located. 

2019-06-27 16:31:41 - [MESSAGE][INFO] - Unable to find the element located by 'By.xpath: //a[contains(text(),'Log Out')]'. Please recheck the objects properties to make sure the desired element is located. 

2019-06-27 16:31:41 - [TEST_STEP][PASSED] - if (logOut.size() == 0): Object: 'Object Repository/Page_cabi/input_Welcome to_consultantLogin' is clicked on

2019-06-27 16:31:41 - [TEST_STEP][PASSED] - setText(findTestObject("Page_cabi/input_Welcome to_USERNAME"), BOuser): Text '400000002' is set on object 'Object Repository/Page_cabi/input_Welcome to_USERNAME'

2019-06-27 16:31:41 - [MESSAGE][PASSED] - Text '400000002' is set on object 'Object Repository/Page_cabi/input_Welcome to_USERNAME'

2019-06-27 16:31:41 - [TEST_STEP][PASSED] - setText(findTestObject("Object Repository/Page_cabi/input_Welcome to_PASSWORD"), BOpass): Text 'blackdress19' is set on object 'Object Repository/Page_cabi/input_Welcome to_PASSWORD'

2019-06-27 16:31:42 - [MESSAGE][PASSED] - Text 'blackdress19' is set on object 'Object Repository/Page_cabi/input_Welcome to_PASSWORD'

2019-06-27 16:31:42 - [TEST_STEP][PASSED] - click(findTestObject("Object Repository/Page_cabi/input_Welcome to_consultantLogin")): Object: 'Object Repository/Page_cabi/input_Welcome to_consultantLogin' is clicked on

2019-06-27 16:31:50 - [MESSAGE][PASSED] - Object: 'Object Repository/Page_cabi/input_Welcome to_consultantLogin' is clicked on

2019-06-27 16:31:50 - [TEST_STEP][PASSED] - delay(3): Delayed 3 second(s)

2019-06-27 16:31:53 - [MESSAGE][PASSED] - Delayed 3 second(s)

2019-06-27 16:31:53 - [MESSAGE][PASSED] - Call Test Case 'Test Cases/TestCaseUtilities/backOfficeLogin' successfully

2019-06-27 16:31:53 - [TEST_STEP][PASSED] - click(findTestObject("Object Repository/Page_cabi Home/a_Shows  Orders")): Object: 'Object Repository/Page_cabi Home/a_Shows  Orders' is clicked on

2019-06-27 16:31:53 - [MESSAGE][PASSED] - Object: 'Object Repository/Page_cabi Home/a_Shows  Orders' is clicked on

2019-06-27 16:31:53 - [TEST_STEP][PASSED] - delay(1): Delayed 1 second(s)

2019-06-27 16:31:54 - [MESSAGE][PASSED] - Delayed 1 second(s)

2019-06-27 16:31:54 - [TEST_STEP][PASSED] - rightClick(findTestObject("Page_cabi Home/a_Shows  Orders")): Object: 'Object Repository/Page_cabi Home/a_Shows  Orders' is right clicked on

2019-06-27 16:31:54 - [MESSAGE][PASSED] - Object: 'Object Repository/Page_cabi Home/a_Shows  Orders' is right clicked on

2019-06-27 16:31:54 - [TEST_STEP][PASSED] - click(findTestObject("Page_cabi Home/a_retail_purchases")): Object: 'Object Repository/Page_cabi Home/a_retail_purchases' is clicked on

2019-06-27 16:32:00 - [MESSAGE][PASSED] - Object: 'Object Repository/Page_cabi Home/a_retail_purchases' is clicked on

2019-06-27 16:32:00 - [TEST_STEP][PASSED] - delay(3): Delayed 3 second(s)

2019-06-27 16:32:03 - [MESSAGE][PASSED] - Delayed 3 second(s)

2019-06-27 16:32:03 - [TEST_STEP][PASSED] - click(findTestObject("Object Repository/Page_cabi Home/existingCustomer")): Object: 'Object Repository/Page_cabi Home/existingCustomer' is clicked on

2019-06-27 16:32:03 - [MESSAGE][PASSED] - Object: 'Object Repository/Page_cabi Home/existingCustomer' is clicked on

2019-06-27 16:32:03 - [TEST_STEP][PASSED] - contactNumber = 5: null

2019-06-27 16:32:03 - [TEST_STEP][PASSED] - firstName = findTestData("contactData").getValue("firstName", contactNumber): null

2019-06-27 16:32:03 - [TEST_STEP][PASSED] - lastName = findTestData("contactData").getValue("lastName", contactNumber): null

2019-06-27 16:32:03 - [TEST_STEP][PASSED] - email = findTestData("contactData").getValue("email", contactNumber): null

2019-06-27 16:32:03 - [TEST_STEP][PASSED] - address1 = findTestData("contactData").getValue("address1", contactNumber): null

2019-06-27 16:32:03 - [TEST_STEP][PASSED] - city = findTestData("contactData").getValue("city", contactNumber): null

2019-06-27 16:32:03 - [TEST_STEP][PASSED] - state = findTestData("contactData").getValue("state", contactNumber): null

2019-06-27 16:32:03 - [TEST_STEP][PASSED] - zip = findTestData("contactData").getValue("zip", contactNumber): null

2019-06-27 16:32:03 - [TEST_STEP][PASSED] - existingCustFName = firstName: null

2019-06-27 16:32:03 - [TEST_STEP][PASSED] - existingCustLName = lastName: null

2019-06-27 16:32:03 - [TEST_STEP][PASSED] - space = " ": null

2019-06-27 16:32:03 - [TEST_STEP][PASSED] - existingCust = $existingCustFName$space$existingCustLName: null

2019-06-27 16:32:03 - [TEST_STEP][PASSED] - setText(findTestObject("Object Repository/Page_cabi Home/input_existing_guest"), existingCust): Text 'Michigan Contact' is set on object 'Object Repository/Page_cabi Home/input_existing_guest'

2019-06-27 16:32:04 - [MESSAGE][PASSED] - Text 'Michigan Contact' is set on object 'Object Repository/Page_cabi Home/input_existing_guest'

2019-06-27 16:32:04 - [TEST_STEP][PASSED] - delay(3): Delayed 3 second(s)

2019-06-27 16:32:07 - [MESSAGE][PASSED] - Delayed 3 second(s)

2019-06-27 16:32:07 - [TEST_STEP][PASSED] - rightClick(findTestObject("Object Repository/Page_cabi Home/input_existing_guest")): Object: 'Object Repository/Page_cabi Home/input_existing_guest' is right clicked on

2019-06-27 16:32:07 - [MESSAGE][PASSED] - Object: 'Object Repository/Page_cabi Home/input_existing_guest' is right clicked on

2019-06-27 16:32:07 - [TEST_STEP][PASSED] - rightClick(findTestObject("Object Repository/Page_cabi Home/input_existing_guest")): Object: 'Object Repository/Page_cabi Home/input_existing_guest' is right clicked on

2019-06-27 16:32:07 - [MESSAGE][PASSED] - Object: 'Object Repository/Page_cabi Home/input_existing_guest' is right clicked on

2019-06-27 16:32:07 - [TEST_STEP][PASSED] - click(findTestObject("Object Repository/Page_cabi Create Show - Set Hostess/a_select_customer")): Object: 'Object Repository/Page_cabi Create Show - Set Hostess/a_select_customer' is clicked on

2019-06-27 16:32:08 - [MESSAGE][PASSED] - Object: 'Object Repository/Page_cabi Create Show - Set Hostess/a_select_customer' is clicked on

2019-06-27 16:32:08 - [TEST_STEP][PASSED] - setText(findTestObject("Object Repository/Page_cabi Home/input_existing_guest"), existingCust): Text 'Michigan Contact' is set on object 'Object Repository/Page_cabi Home/input_existing_guest'

2019-06-27 16:32:09 - [MESSAGE][PASSED] - Text 'Michigan Contact' is set on object 'Object Repository/Page_cabi Home/input_existing_guest'

2019-06-27 16:32:09 - [TEST_STEP][PASSED] - setText(findTestObject("Object Repository/Page_cabi Retail Store/input_email"), email): Text 'michigan@na.com' is set on object 'Object Repository/Page_cabi Retail Store/input_email'

2019-06-27 16:32:09 - [MESSAGE][PASSED] - Text 'michigan@na.com' is set on object 'Object Repository/Page_cabi Retail Store/input_email'

2019-06-27 16:32:09 - [TEST_STEP][PASSED] - setText(findTestObject("Object Repository/Page_cabi Edit Customer Profile/input_Address1_address1"), address1): Text '972 BRAHMS CT' is set on object 'Object Repository/Page_cabi Edit Customer Profile/input_Address1_address1'

2019-06-27 16:32:10 - [MESSAGE][PASSED] - Text '972 BRAHMS CT' is set on object 'Object Repository/Page_cabi Edit Customer Profile/input_Address1_address1'

2019-06-27 16:32:10 - [TEST_STEP][PASSED] - setText(findTestObject("Object Repository/Page_cabi Edit Customer Profile/input_Address2_address2"), ""): Text '' is set on object 'Object Repository/Page_cabi Edit Customer Profile/input_Address2_address2'

2019-06-27 16:32:10 - [MESSAGE][PASSED] - Text '' is set on object 'Object Repository/Page_cabi Edit Customer Profile/input_Address2_address2'

2019-06-27 16:32:10 - [TEST_STEP][PASSED] - setText(findTestObject("Object Repository/Page_cabi Edit Customer Profile/input_City_city"), city): Text 'TROY' is set on object 'Object Repository/Page_cabi Edit Customer Profile/input_City_city'

2019-06-27 16:32:10 - [MESSAGE][PASSED] - Text 'TROY' is set on object 'Object Repository/Page_cabi Edit Customer Profile/input_City_city'

2019-06-27 16:32:10 - [TEST_STEP][PASSED] - click(findTestObject("Page_cabi Edit Customer Profile/span_select_a_state")): Object: 'Object Repository/Page_cabi Edit Customer Profile/span_select_a_state' is clicked on

2019-06-27 16:32:11 - [MESSAGE][PASSED] - Object: 'Object Repository/Page_cabi Edit Customer Profile/span_select_a_state' is clicked on

2019-06-27 16:32:11 - [TEST_STEP][PASSED] - delay(1): Delayed 1 second(s)

2019-06-27 16:32:12 - [MESSAGE][PASSED] - Delayed 1 second(s)

2019-06-27 16:32:12 - [TEST_STEP][PASSED] - setText(findTestObject("Object Repository/Page_cabi Edit Customer Profile/input_state_1"), state): Text 'Michigan' is set on object 'Object Repository/Page_cabi Edit Customer Profile/input_state_1'

2019-06-27 16:32:12 - [MESSAGE][PASSED] - Text 'Michigan' is set on object 'Object Repository/Page_cabi Edit Customer Profile/input_state_1'

2019-06-27 16:32:12 - [TEST_STEP][PASSED] - delay(2): Delayed 2 second(s)

2019-06-27 16:32:14 - [MESSAGE][PASSED] - Delayed 2 second(s)

2019-06-27 16:32:14 - [TEST_STEP][PASSED] - click(findTestObject("Page_cabi Edit Customer Profile/span_state")): Object: 'Object Repository/Page_cabi Edit Customer Profile/span_state' is clicked on

2019-06-27 16:32:14 - [MESSAGE][PASSED] - Object: 'Object Repository/Page_cabi Edit Customer Profile/span_state' is clicked on

2019-06-27 16:32:14 - [TEST_STEP][PASSED] - setText(findTestObject("Page_cabi Edit Customer Profile/input_state_postalCode"), zip): Text '48085' is set on object 'Object Repository/Page_cabi Edit Customer Profile/input_state_postalCode'

2019-06-27 16:32:15 - [MESSAGE][PASSED] - Text '48085' is set on object 'Object Repository/Page_cabi Edit Customer Profile/input_state_postalCode'

2019-06-27 16:32:15 - [TEST_STEP][PASSED] - delay(5): Delayed 5 second(s)

2019-06-27 16:32:20 - [MESSAGE][PASSED] - Delayed 5 second(s)

2019-06-27 16:32:20 - [TEST_STEP][PASSED] - check(findTestObject("Object Repository/Page_cabi Home/a_same_shipping_address")): Object 'Object Repository/Page_cabi Home/a_same_shipping_address' is checked

2019-06-27 16:32:20 - [MESSAGE][PASSED] - Object 'Object Repository/Page_cabi Home/a_same_shipping_address' is checked

2019-06-27 16:32:20 - [TEST_STEP][PASSED] - delay(5): Delayed 5 second(s)

2019-06-27 16:32:25 - [MESSAGE][PASSED] - Delayed 5 second(s)

2019-06-27 16:32:25 - [TEST_STEP][PASSED] - check(findTestObject("Object Repository/Page_cabi Home/a_same_shipping_address")): Object 'Object Repository/Page_cabi Home/a_same_shipping_address' is checked

2019-06-27 16:32:25 - [MESSAGE][PASSED] - Object 'Object Repository/Page_cabi Home/a_same_shipping_address' is checked

2019-06-27 16:32:25 - [TEST_STEP][PASSED] - delay(5): Delayed 5 second(s)

2019-06-27 16:32:30 - [MESSAGE][PASSED] - Delayed 5 second(s)

2019-06-27 16:32:30 - [TEST_STEP][PASSED] - nextButton = driver.findElement(By.xpath("//li/a/span[@id='returnToActionLabel']")): null

2019-06-27 16:32:30 - [TEST_STEP][PASSED] - executor.executeScript("arguments[0].click();", nextButton): null

2019-06-27 16:32:31 - [TEST_STEP][PASSED] - delay(3): Delayed 3 second(s)

2019-06-27 16:32:34 - [MESSAGE][PASSED] - Delayed 3 second(s)

2019-06-27 16:32:34 - [TEST_STEP][PASSED] - click(findTestObject("Object Repository/Page_cabi Retail Store/span_quick_entry")): Object: 'Object Repository/Page_cabi Retail Store/span_quick_entry' is clicked on

2019-06-27 16:32:39 - [MESSAGE][PASSED] - Object: 'Object Repository/Page_cabi Retail Store/span_quick_entry' is clicked on

2019-06-27 16:32:39 - [TEST_STEP][PASSED] - delay(3): Delayed 3 second(s)

2019-06-27 16:32:42 - [MESSAGE][PASSED] - Delayed 3 second(s)

2019-06-27 16:32:42 - [TEST_STEP][PASSED] - emptyCart = findWebElements(findTestObject("Object Repository/Page_cabi Personal Store/removeFromCart"), 5): Unable to find the element located by 'By.xpath: //*[@id="removeFromCart_0"]/span'. Please recheck the objects properties to make sure the desired element is located. 

2019-06-27 16:32:47 - [MESSAGE][INFO] - Unable to find the element located by 'By.xpath: //*[@id="removeFromCart_0"]/span'. Please recheck the objects properties to make sure the desired element is located. 

2019-06-27 16:32:47 - [TEST_STEP][PASSED] - if (emptyCart.size() > 0): null

2019-06-27 16:32:47 - [TEST_STEP][PASSED] - addOnStyle = findTestData("miscData").getValue("addOnStyle", 1): null

2019-06-27 16:32:47 - [TEST_STEP][PASSED] - addOnStyle2 = findTestData("miscData").getValue("addOnStyle", 2): null

2019-06-27 16:32:47 - [TEST_STEP][PASSED] - click(findTestObject("Object Repository/Page_cabi Create Order/input_Manual Discount_stylelookup_0")): Object: 'Object Repository/Page_cabi Create Order/input_Manual Discount_stylelookup_0' is clicked on

2019-06-27 16:32:48 - [MESSAGE][PASSED] - Object: 'Object Repository/Page_cabi Create Order/input_Manual Discount_stylelookup_0' is clicked on

2019-06-27 16:32:48 - [TEST_STEP][PASSED] - setText(findTestObject("Object Repository/Page_cabi Create Order/input_Manual Discount_stylelookup_0"), addOnStyle): Text '5447' is set on object 'Object Repository/Page_cabi Create Order/input_Manual Discount_stylelookup_0'

2019-06-27 16:32:48 - [MESSAGE][PASSED] - Text '5447' is set on object 'Object Repository/Page_cabi Create Order/input_Manual Discount_stylelookup_0'

2019-06-27 16:32:48 - [TEST_STEP][PASSED] - delay(3): Delayed 3 second(s)

2019-06-27 16:32:51 - [MESSAGE][PASSED] - Delayed 3 second(s)

2019-06-27 16:32:51 - [TEST_STEP][PASSED] - prod_message = getText(findTestObject("Page_cabi Create Order/first_option")): Text of object 'Object Repository/Page_cabi Create Order/first_option' is: '5447 Bishop Cardigan'

2019-06-27 16:32:51 - [MESSAGE][PASSED] - Text of object 'Object Repository/Page_cabi Create Order/first_option' is: '5447 Bishop Cardigan'

2019-06-27 16:32:51 - [TEST_STEP][PASSED] - click(findTestObject("Page_cabi Create Order/first_option")): Object: 'Object Repository/Page_cabi Create Order/first_option' is clicked on

2019-06-27 16:32:51 - [MESSAGE][PASSED] - Object: 'Object Repository/Page_cabi Create Order/first_option' is clicked on

2019-06-27 16:32:51 - [TEST_STEP][PASSED] - delay(5): Delayed 5 second(s)

2019-06-27 16:32:56 - [MESSAGE][PASSED] - Delayed 5 second(s)

2019-06-27 16:32:56 - [TEST_STEP][PASSED] - click(findTestObject("Object Repository/Page_cabi Order Items/selectSize")): Object: 'Object Repository/Page_cabi Order Items/selectSize' is clicked on

2019-06-27 16:32:56 - [MESSAGE][PASSED] - Object: 'Object Repository/Page_cabi Order Items/selectSize' is clicked on

2019-06-27 16:32:56 - [TEST_STEP][PASSED] - click(findTestObject("Object Repository/Page_cabi Order Items/span_Add to Cart")): Object: 'Object Repository/Page_cabi Order Items/span_Add to Cart' is clicked on

2019-06-27 16:32:57 - [MESSAGE][PASSED] - Object: 'Object Repository/Page_cabi Order Items/span_Add to Cart' is clicked on

2019-06-27 16:32:57 - [TEST_STEP][PASSED] - delay(5): Delayed 5 second(s)

2019-06-27 16:33:02 - [MESSAGE][PASSED] - Delayed 5 second(s)

2019-06-27 16:33:02 - [TEST_STEP][PASSED] - click(findTestObject("Object Repository/Page_cabi Create Order/inputStyleLookup1")): Object: 'Object Repository/Page_cabi Create Order/inputStyleLookup1' is clicked on

2019-06-27 16:33:02 - [MESSAGE][PASSED] - Object: 'Object Repository/Page_cabi Create Order/inputStyleLookup1' is clicked on

2019-06-27 16:33:02 - [TEST_STEP][PASSED] - setText(findTestObject("Object Repository/Page_cabi Create Order/inputStyleLookup1"), addOnStyle2): Text '5448' is set on object 'Object Repository/Page_cabi Create Order/inputStyleLookup1'

2019-06-27 16:33:02 - [MESSAGE][PASSED] - Text '5448' is set on object 'Object Repository/Page_cabi Create Order/inputStyleLookup1'

2019-06-27 16:33:02 - [TEST_STEP][PASSED] - delay(3): Delayed 3 second(s)

2019-06-27 16:33:05 - [MESSAGE][PASSED] - Delayed 3 second(s)

2019-06-27 16:33:05 - [TEST_STEP][PASSED] - prod_message2 = getText(findTestObject("Page_cabi Create Order/first_option")): Text of object 'Object Repository/Page_cabi Create Order/first_option' is: '5448 Sailor Pullover'

2019-06-27 16:33:05 - [MESSAGE][PASSED] - Text of object 'Object Repository/Page_cabi Create Order/first_option' is: '5448 Sailor Pullover'

2019-06-27 16:33:05 - [TEST_STEP][PASSED] - click(findTestObject("Page_cabi Create Order/first_option")): Object: 'Object Repository/Page_cabi Create Order/first_option' is clicked on

2019-06-27 16:33:06 - [MESSAGE][PASSED] - Object: 'Object Repository/Page_cabi Create Order/first_option' is clicked on

2019-06-27 16:33:06 - [TEST_STEP][PASSED] - delay(5): Delayed 5 second(s)

2019-06-27 16:33:11 - [MESSAGE][PASSED] - Delayed 5 second(s)

2019-06-27 16:33:11 - [TEST_STEP][PASSED] - click(findTestObject("Object Repository/Page_cabi Order Items/selectSize2")): Object: 'Object Repository/Page_cabi Order Items/selectSize2' is clicked on

2019-06-27 16:33:11 - [MESSAGE][PASSED] - Object: 'Object Repository/Page_cabi Order Items/selectSize2' is clicked on

2019-06-27 16:33:11 - [TEST_STEP][PASSED] - click(findTestObject("Object Repository/Page_cabi Order Items/addToCart2")): Object: 'Object Repository/Page_cabi Order Items/addToCart2' is clicked on

2019-06-27 16:33:11 - [MESSAGE][PASSED] - Object: 'Object Repository/Page_cabi Order Items/addToCart2' is clicked on

2019-06-27 16:33:11 - [TEST_STEP][PASSED] - delay(5): Delayed 5 second(s)

2019-06-27 16:33:16 - [MESSAGE][PASSED] - Delayed 5 second(s)

2019-06-27 16:33:16 - [TEST_STEP][PASSED] - if (editScenarioNumber == 1): null

2019-06-27 16:33:16 - [TEST_STEP][PASSED] - else if (editScenarioNumber == 2): null

2019-06-27 16:33:16 - [TEST_STEP][PASSED] - else if (editScenarioNumber == 3): Object: 'Object Repository/Page_cabi Order Items/a_submit' is clicked on

2019-06-27 16:33:16 - [TEST_STEP][PASSED] - click(findTestObject("Object Repository/Page_cabi Retail Store/span_gift_card")): Object: 'Object Repository/Page_cabi Retail Store/span_gift_card' is clicked on

2019-06-27 16:33:17 - [MESSAGE][PASSED] - Object: 'Object Repository/Page_cabi Retail Store/span_gift_card' is clicked on

2019-06-27 16:33:17 - [TEST_STEP][PASSED] - delay(5): Delayed 5 second(s)

2019-06-27 16:33:22 - [MESSAGE][PASSED] - Delayed 5 second(s)

2019-06-27 16:33:22 - [TEST_STEP][PASSED] - click(findTestObject("Page_cabi Order Items/select_gc_amount")): Object: 'Object Repository/Page_cabi Order Items/select_gc_amount' is clicked on

2019-06-27 16:33:22 - [MESSAGE][PASSED] - Object: 'Object Repository/Page_cabi Order Items/select_gc_amount' is clicked on

2019-06-27 16:33:22 - [TEST_STEP][PASSED] - click(findTestObject("Object Repository/Page_cabi Order Items/select_delivery_method")): Object: 'Object Repository/Page_cabi Order Items/select_delivery_method' is clicked on

2019-06-27 16:33:22 - [MESSAGE][PASSED] - Object: 'Object Repository/Page_cabi Order Items/select_delivery_method' is clicked on

2019-06-27 16:33:22 - [TEST_STEP][PASSED] - click(findTestObject("Object Repository/Page_cabi Order Items/input_gc_type")): Object: 'Object Repository/Page_cabi Order Items/input_gc_type' is clicked on

2019-06-27 16:33:22 - [MESSAGE][PASSED] - Object: 'Object Repository/Page_cabi Order Items/input_gc_type' is clicked on

2019-06-27 16:33:22 - [TEST_STEP][PASSED] - recContactNumber = 3: null

2019-06-27 16:33:22 - [TEST_STEP][PASSED] - recFName = findTestData("contactData").getValue("firstName", recContactNumber): null

2019-06-27 16:33:22 - [TEST_STEP][PASSED] - recLName = findTestData("contactData").getValue("lastName", recContactNumber): null

2019-06-27 16:33:22 - [TEST_STEP][PASSED] - recEmail = findTestData("contactData").getValue("email", recContactNumber): null

2019-06-27 16:33:23 - [TEST_STEP][PASSED] - setText(findTestObject("Object Repository/Page_cabi Order Items/input_gc_rec_fname"), recFName): Text 'neoguest1' is set on object 'Object Repository/Page_cabi Order Items/input_gc_rec_fname'

2019-06-27 16:33:24 - [MESSAGE][PASSED] - Text 'neoguest1' is set on object 'Object Repository/Page_cabi Order Items/input_gc_rec_fname'

2019-06-27 16:33:24 - [TEST_STEP][PASSED] - setText(findTestObject("Object Repository/Page_cabi Order Items/input_gc_rec_lname"), recLName): Text 'abc' is set on object 'Object Repository/Page_cabi Order Items/input_gc_rec_lname'

2019-06-27 16:33:24 - [MESSAGE][PASSED] - Text 'abc' is set on object 'Object Repository/Page_cabi Order Items/input_gc_rec_lname'

2019-06-27 16:33:24 - [TEST_STEP][PASSED] - setText(findTestObject("Object Repository/Page_cabi Order Items/input_gc_rec_email"), recEmail): Text 'neoguest1ab@test.com' is set on object 'Object Repository/Page_cabi Order Items/input_gc_rec_email'

2019-06-27 16:33:24 - [MESSAGE][PASSED] - Text 'neoguest1ab@test.com' is set on object 'Object Repository/Page_cabi Order Items/input_gc_rec_email'

2019-06-27 16:33:24 - [TEST_STEP][PASSED] - setText(findTestObject("Object Repository/Page_cabi Order Items/input_gc_send_fname"), firstName): Text 'Michigan' is set on object 'Object Repository/Page_cabi Order Items/input_gc_send_fname'

2019-06-27 16:33:25 - [MESSAGE][PASSED] - Text 'Michigan' is set on object 'Object Repository/Page_cabi Order Items/input_gc_send_fname'

2019-06-27 16:33:25 - [TEST_STEP][PASSED] - setText(findTestObject("Object Repository/Page_cabi Order Items/input_gc_send_lname"), lastName): Text 'Contact' is set on object 'Object Repository/Page_cabi Order Items/input_gc_send_lname'

2019-06-27 16:33:25 - [MESSAGE][PASSED] - Text 'Contact' is set on object 'Object Repository/Page_cabi Order Items/input_gc_send_lname'

2019-06-27 16:33:25 - [TEST_STEP][PASSED] - setText(findTestObject("Object Repository/Page_cabi Order Items/input_gc_send_email"), email): Text 'michigan@na.com' is set on object 'Object Repository/Page_cabi Order Items/input_gc_send_email'

2019-06-27 16:33:26 - [MESSAGE][PASSED] - Text 'michigan@na.com' is set on object 'Object Repository/Page_cabi Order Items/input_gc_send_email'

2019-06-27 16:33:26 - [TEST_STEP][PASSED] - click(findTestObject("Object Repository/Page_cabi Order Items/a_submit")): Object: 'Object Repository/Page_cabi Order Items/a_submit' is clicked on

2019-06-27 16:33:26 - [MESSAGE][PASSED] - Object: 'Object Repository/Page_cabi Order Items/a_submit' is clicked on

2019-06-27 16:33:26 - [TEST_STEP][PASSED] - click(findTestObject("Object Repository/Page_cabi Order Items/a_checkout")): Object: 'Object Repository/Page_cabi Order Items/a_checkout' is clicked on

2019-06-27 16:33:27 - [MESSAGE][PASSED] - Object: 'Object Repository/Page_cabi Order Items/a_checkout' is clicked on

2019-06-27 16:33:27 - [TEST_STEP][PASSED] - delay(3): Delayed 3 second(s)

2019-06-27 16:33:30 - [MESSAGE][PASSED] - Delayed 3 second(s)

2019-06-27 16:33:30 - [TEST_STEP][PASSED] - click(findTestObject("Page_cabi Personal Store/nextButtonShipping")): Object: 'Object Repository/Page_cabi Personal Store/nextButtonShipping' is clicked on

2019-06-27 16:33:30 - [MESSAGE][PASSED] - Object: 'Object Repository/Page_cabi Personal Store/nextButtonShipping' is clicked on

2019-06-27 16:33:30 - [TEST_STEP][PASSED] - delay(3): Delayed 3 second(s)

2019-06-27 16:33:33 - [MESSAGE][PASSED] - Delayed 3 second(s)

2019-06-27 16:33:33 - [TEST_STEP][PASSED] - click(findTestObject("Page_cabi Personal Store/makeFirstPayment")): Object: 'Object Repository/Page_cabi Personal Store/makeFirstPayment' is clicked on

2019-06-27 16:33:33 - [MESSAGE][PASSED] - Object: 'Object Repository/Page_cabi Personal Store/makeFirstPayment' is clicked on

2019-06-27 16:33:33 - [TEST_STEP][PASSED] - click(findTestObject("Object Repository/Page_cabi Personal Store/select_cash")): Object: 'Object Repository/Page_cabi Personal Store/select_cash' is clicked on

2019-06-27 16:33:33 - [MESSAGE][PASSED] - Object: 'Object Repository/Page_cabi Personal Store/select_cash' is clicked on

2019-06-27 16:33:33 - [TEST_STEP][PASSED] - click(findTestObject("Page_cabi Personal Store/submitPayment")): Object: 'Object Repository/Page_cabi Personal Store/submitPayment' is clicked on

2019-06-27 16:33:34 - [MESSAGE][PASSED] - Object: 'Object Repository/Page_cabi Personal Store/submitPayment' is clicked on

2019-06-27 16:33:34 - [TEST_STEP][PASSED] - click(findTestObject("Page_cabi Personal Store/submitOrderId")): Object: 'Object Repository/Page_cabi Personal Store/submitOrderId' is clicked on

2019-06-27 16:33:37 - [MESSAGE][PASSED] - Object: 'Object Repository/Page_cabi Personal Store/submitOrderId' is clicked on

2019-06-27 16:33:37 - [TEST_STEP][PASSED] - successMsg = "": null

2019-06-27 16:33:37 - [TEST_STEP][PASSED] - orderSuccess = false: null

2019-06-27 16:33:37 - [TEST_STEP][PASSED] - successMsgs = findWebElements(findTestObject("Object Repository/Page_cabi Personal Store/p_success_msg"), 5): null

2019-06-27 16:33:37 - [TEST_STEP][PASSED] - if (successMsgs.size() > 0): Text of object 'Object Repository/Page_cabi Personal Store/p_order_id' is: 'RT707974302'

2019-06-27 16:33:37 - [TEST_STEP][PASSED] - successMsg = getText(findTestObject("Object Repository/Page_cabi Personal Store/p_success_msg")): Text of object 'Object Repository/Page_cabi Personal Store/p_success_msg' is: 'Order Created Successfully!!
Order #:  RT707974302

CONTINUE SHOPPING'

2019-06-27 16:33:37 - [MESSAGE][PASSED] - Text of object 'Object Repository/Page_cabi Personal Store/p_success_msg' is: 'Order Created Successfully!!
Order #:  RT707974302

CONTINUE SHOPPING'

2019-06-27 16:33:37 - [TEST_STEP][PASSED] - orderSuccess = true: null

2019-06-27 16:33:37 - [TEST_STEP][PASSED] - retailOrderID = getText(findTestObject("Object Repository/Page_cabi Personal Store/p_order_id")): Text of object 'Object Repository/Page_cabi Personal Store/p_order_id' is: 'RT707974302'

2019-06-27 16:33:37 - [MESSAGE][PASSED] - Text of object 'Object Repository/Page_cabi Personal Store/p_order_id' is: 'RT707974302'

2019-06-27 16:33:37 - [TEST_STEP][PASSED] - assert orderSuccess == true: null

2019-06-27 16:33:37 - [TEST_STEP][NOT_RUN] - closeBrowser(): NOT_RUN: closeBrowser()

2019-06-27 16:33:37 - [MESSAGE][NOT_RUN] - NOT_RUN: closeBrowser()

2019-06-27 16:33:37 - [MESSAGE][PASSED] - Call Test Case 'Test Cases/editOrder/retailOrderBO' successfully

2019-06-27 16:33:37 - [TEST_STEP][PASSED] - delay(10): Delayed 10 second(s)

2019-06-27 16:33:47 - [MESSAGE][PASSED] - Delayed 10 second(s)

2019-06-27 16:33:47 - [TEST_STEP][PASSED] - callTestCase(findTestCase("TestCaseUtilities/setVHost"), [:], STOP_ON_FAILURE): Call Test Case 'Test Cases/TestCaseUtilities/setVHost' successfully

2019-06-27 16:33:47 - [TEST_CASE][PASSED] - Test Cases/TestCaseUtilities/setVHost: Test Cases/TestCaseUtilities/setVHost

2019-06-27 16:33:47 - [TEST_STEP][PASSED] - dataFile = "micrositeData": null

2019-06-27 16:33:47 - [TEST_STEP][PASSED] - ofbizURL = findTestData(dataFile).getValue("ofbizURL", 1): null

2019-06-27 16:33:47 - [TEST_STEP][PASSED] - ofbizUser = findTestData(dataFile).getValue("ofbizUser", 1): null

2019-06-27 16:33:47 - [TEST_STEP][PASSED] - ofbizPass = findTestData(dataFile).getValue("ofbizPass", 1): null

2019-06-27 16:33:47 - [TEST_STEP][PASSED] - vhostTarget = findTestData(dataFile).getValue("vhostTarget", 1): null

2019-06-27 16:33:47 - [TEST_STEP][PASSED] - navigateToUrl(ofbizURL): Navigate to 'https://pushofbiz.cliotest.com/login.php' successfully

2019-06-27 16:33:49 - [MESSAGE][PASSED] - Navigate to 'https://pushofbiz.cliotest.com/login.php' successfully

2019-06-27 16:33:49 - [TEST_STEP][PASSED] - setText(findTestObject("Object Repository/virualShowRSVPOR/Page_/input_Username_username"), ofbizUser): Text 'automation' is set on object 'Object Repository/virualShowRSVPOR/Page_/input_Username_username'

2019-06-27 16:33:49 - [MESSAGE][PASSED] - Text 'automation' is set on object 'Object Repository/virualShowRSVPOR/Page_/input_Username_username'

2019-06-27 16:33:49 - [TEST_STEP][PASSED] - setText(findTestObject("Object Repository/virualShowRSVPOR/Page_/input_Password_password"), ofbizPass): Text 'cabiautomation' is set on object 'Object Repository/virualShowRSVPOR/Page_/input_Password_password'

2019-06-27 16:33:50 - [MESSAGE][PASSED] - Text 'cabiautomation' is set on object 'Object Repository/virualShowRSVPOR/Page_/input_Password_password'

2019-06-27 16:33:50 - [TEST_STEP][PASSED] - click(findTestObject("Object Repository/virualShowRSVPOR/Page_/input_Password_Submit")): Object: 'Object Repository/virualShowRSVPOR/Page_/input_Password_Submit' is clicked on

2019-06-27 16:33:54 - [MESSAGE][PASSED] - Object: 'Object Repository/virualShowRSVPOR/Page_/input_Password_Submit' is clicked on

2019-06-27 16:33:54 - [TEST_STEP][PASSED] - click(findTestObject("Object Repository/virualShowRSVPOR/Page_/a_Set Vhost")): Object: 'Object Repository/virualShowRSVPOR/Page_/a_Set Vhost' is clicked on

2019-06-27 16:33:54 - [MESSAGE][PASSED] - Object: 'Object Repository/virualShowRSVPOR/Page_/a_Set Vhost' is clicked on

2019-06-27 16:33:54 - [TEST_STEP][PASSED] - click(UtilityMethods.createTestObject("select_target", "//select[@name='Target']/option[contains(text(), '", vhostTarget, "')]")): Object: 'select_target' is clicked on

2019-06-27 16:33:54 - [MESSAGE][PASSED] - Object: 'select_target' is clicked on

2019-06-27 16:33:54 - [TEST_STEP][PASSED] - click(findTestObject("Object Repository/virualShowRSVPOR/Page_/input")): Object: 'Object Repository/virualShowRSVPOR/Page_/input' is clicked on

2019-06-27 16:33:57 - [MESSAGE][PASSED] - Object: 'Object Repository/virualShowRSVPOR/Page_/input' is clicked on

2019-06-27 16:33:57 - [MESSAGE][PASSED] - Call Test Case 'Test Cases/TestCaseUtilities/setVHost' successfully

2019-06-27 16:33:57 - [TEST_STEP][PASSED] - callTestCase(findTestCase("TestCaseUtilities/rsLogin"), ["RSURL":"", "RSuser":"", "RSpass":""], STOP_ON_FAILURE): Call Test Case 'Test Cases/TestCaseUtilities/rsLogin' successfully

2019-06-27 16:33:57 - [TEST_CASE][PASSED] - Test Cases/TestCaseUtilities/rsLogin: Test Cases/TestCaseUtilities/rsLogin

2019-06-27 16:33:57 - [TEST_STEP][PASSED] - RSURL = findTestData("credData").getValue("RSURL", 1): null

2019-06-27 16:33:58 - [TEST_STEP][PASSED] - RSuser = findTestData("credData").getValue("RSuser", 1): null

2019-06-27 16:33:58 - [TEST_STEP][PASSED] - RSpass = findTestData("credData").getValue("RSpass", 1): null

2019-06-27 16:33:58 - [TEST_STEP][PASSED] - BSURL = findTestData("credData").getValue("BSURL", 1): null

2019-06-27 16:33:58 - [TEST_STEP][PASSED] - navigateToUrl(RSURL): Navigate to 'https://mirandakate.cabitest5.com' successfully

2019-06-27 16:34:26 - [MESSAGE][PASSED] - Navigate to 'https://mirandakate.cabitest5.com' successfully

2019-06-27 16:34:26 - [TEST_STEP][PASSED] - click(findTestObject("ReplicatedSite/rs_Page_Trendy/i_user_login")): Object: 'Object Repository/ReplicatedSite/rs_Page_Trendy/i_user_login' is clicked on

2019-06-27 16:34:26 - [MESSAGE][PASSED] - Object: 'Object Repository/ReplicatedSite/rs_Page_Trendy/i_user_login' is clicked on

2019-06-27 16:34:26 - [TEST_STEP][PASSED] - setText(findTestObject("ReplicatedSite/rs_Page_Trendy/input_Sign in  Create account_email"), RSuser): Text 'michigan@na.com' is set on object 'Object Repository/ReplicatedSite/rs_Page_Trendy/input_Sign in  Create account_email'

2019-06-27 16:34:28 - [MESSAGE][PASSED] - Text 'michigan@na.com' is set on object 'Object Repository/ReplicatedSite/rs_Page_Trendy/input_Sign in  Create account_email'

2019-06-27 16:34:28 - [TEST_STEP][PASSED] - click(findTestObject("ReplicatedSite/rs_Page_Trendy/button_Continue")): Object: 'Object Repository/ReplicatedSite/rs_Page_Trendy/button_Continue' is clicked on

2019-06-27 16:34:34 - [MESSAGE][PASSED] - Object: 'Object Repository/ReplicatedSite/rs_Page_Trendy/button_Continue' is clicked on

2019-06-27 16:34:34 - [TEST_STEP][PASSED] - setText(findTestObject("ReplicatedSite/rs_Page_Trendy/input_Welcome_password"), RSpass): Text 'blackdress19' is set on object 'Object Repository/ReplicatedSite/rs_Page_Trendy/input_Welcome_password'

2019-06-27 16:34:37 - [MESSAGE][PASSED] - Text 'blackdress19' is set on object 'Object Repository/ReplicatedSite/rs_Page_Trendy/input_Welcome_password'

2019-06-27 16:34:37 - [TEST_STEP][PASSED] - click(findTestObject("ReplicatedSite/rs_Page_Trendy/button_Continue")): Object: 'Object Repository/ReplicatedSite/rs_Page_Trendy/button_Continue' is clicked on

2019-06-27 16:34:42 - [MESSAGE][PASSED] - Object: 'Object Repository/ReplicatedSite/rs_Page_Trendy/button_Continue' is clicked on

2019-06-27 16:34:42 - [TEST_STEP][PASSED] - completeProfileLater = findWebElements(findTestObject("ReplicatedSite/rs_Page_Trendy/completeProfileLater"), 5): null

2019-06-27 16:34:46 - [TEST_STEP][PASSED] - if (completeProfileLater.size() > 0): Object: 'Object Repository/ReplicatedSite/rs_Page_Trendy/completeProfileLater' is clicked on

2019-06-27 16:34:46 - [TEST_STEP][PASSED] - click(findTestObject("ReplicatedSite/rs_Page_Trendy/completeProfileLater")): Object: 'Object Repository/ReplicatedSite/rs_Page_Trendy/completeProfileLater' is clicked on

2019-06-27 16:35:12 - [MESSAGE][PASSED] - Object: 'Object Repository/ReplicatedSite/rs_Page_Trendy/completeProfileLater' is clicked on

2019-06-27 16:35:12 - [TEST_STEP][PASSED] - if (getUrl() == BSURL): Current window's url is: 'https://mirandakate.cabitest5.com/'

2019-06-27 16:35:12 - [MESSAGE][PASSED] - Current window's url is: 'https://mirandakate.cabitest5.com/'

2019-06-27 16:35:12 - [MESSAGE][PASSED] - Call Test Case 'Test Cases/TestCaseUtilities/rsLogin' successfully

2019-06-27 16:35:12 - [TEST_STEP][PASSED] - callTestCase(findTestCase("editOrder/rsOrderHistoryConfirm"), ["orderID":"", "editScenarioNumber":3], STOP_ON_FAILURE): Call Test Case 'Test Cases/editOrder/rsOrderHistoryConfirm' successfully

2019-06-27 16:35:12 - [TEST_CASE][PASSED] - Test Cases/editOrder/rsOrderHistoryConfirm: Test Cases/editOrder/rsOrderHistoryConfirm

2019-06-27 16:35:12 - [TEST_STEP][PASSED] - orderID = retailOrderID: null

2019-06-27 16:35:12 - [TEST_STEP][PASSED] - println(orderID): null

2019-06-27 16:35:12 - [TEST_STEP][PASSED] - xpath = UtilityMethods.concat("//span[contains(text(), '", orderID, "')]/parent::div/parent::div/div[@class='table-row-edit-order']//a"): null

2019-06-27 16:35:12 - [TEST_STEP][PASSED] - to = new com.kms.katalon.core.testobject.TestObject(a_link_dynamic): null

2019-06-27 16:35:12 - [TEST_STEP][PASSED] - to.addProperty("xpath", EQUALS, xpath): null

2019-06-27 16:35:12 - [TEST_STEP][PASSED] - click(findTestObject("ReplicatedSite/rs_Page_Trendy/i_Michigan_fa fa-caret-down")): Object: 'Object Repository/ReplicatedSite/rs_Page_Trendy/i_Michigan_fa fa-caret-down' is clicked on

2019-06-27 16:35:17 - [MESSAGE][PASSED] - Object: 'Object Repository/ReplicatedSite/rs_Page_Trendy/i_Michigan_fa fa-caret-down' is clicked on

2019-06-27 16:35:17 - [TEST_STEP][PASSED] - click(findTestObject("ReplicatedSite/rs_Page_Trendy/a_My Profile")): Object: 'Object Repository/ReplicatedSite/rs_Page_Trendy/a_My Profile' is clicked on

2019-06-27 16:35:40 - [MESSAGE][PASSED] - Object: 'Object Repository/ReplicatedSite/rs_Page_Trendy/a_My Profile' is clicked on

2019-06-27 16:35:40 - [TEST_STEP][PASSED] - click(findTestObject("Object Repository/ReplicatedSite/Page_Profile - Cabi Fall 2018 Collection/span_Order History")): Object: 'Object Repository/ReplicatedSite/Page_Profile - Cabi Fall 2018 Collection/span_Order History' is clicked on

2019-06-27 16:35:40 - [MESSAGE][PASSED] - Object: 'Object Repository/ReplicatedSite/Page_Profile - Cabi Fall 2018 Collection/span_Order History' is clicked on

2019-06-27 16:35:40 - [TEST_STEP][PASSED] - delay(5): Delayed 5 second(s)

2019-06-27 16:35:45 - [MESSAGE][PASSED] - Delayed 5 second(s)

2019-06-27 16:35:45 - [TEST_STEP][PASSED] - editButton = findWebElements(to, 1): null

2019-06-27 16:35:46 - [TEST_STEP][PASSED] - assert editButton.size() > 0: null

2019-06-27 16:35:46 - [TEST_STEP][PASSED] - if (editButton.size() > 0): Object: 'Object Repository/ReplicatedSite/button_accept_msg' is clicked on

2019-06-27 16:35:46 - [TEST_STEP][PASSED] - click(to): Object: 'a_link_dynamic' is clicked on

2019-06-27 16:35:46 - [MESSAGE][PASSED] - Object: 'a_link_dynamic' is clicked on

2019-06-27 16:35:46 - [TEST_STEP][PASSED] - delay(10): Delayed 10 second(s)

2019-06-27 16:35:56 - [MESSAGE][PASSED] - Delayed 10 second(s)

2019-06-27 16:35:56 - [TEST_STEP][PASSED] - if (editScenarioNumber == 1): null

2019-06-27 16:35:56 - [TEST_STEP][PASSED] - else if (editScenarioNumber == 3): Object: 'Object Repository/ReplicatedSite/button_accept_msg' is clicked on

2019-06-27 16:35:56 - [TEST_STEP][PASSED] - println("scen = 3"): null

2019-06-27 16:35:56 - [TEST_STEP][PASSED] - expectedNoEditMsg1 = "We're Sorry.": null

2019-06-27 16:35:56 - [TEST_STEP][PASSED] - expectedNoEditMsg2 = "Your order has gift card items and cannot be edited.": null

2019-06-27 16:35:56 - [TEST_STEP][PASSED] - actualNoEditMsg1 = getText(findTestObject("Object Repository/ReplicatedSite/div_no_edit_msg1")): Text of object 'Object Repository/ReplicatedSite/div_no_edit_msg1' is: 'We're Sorry.'

2019-06-27 16:35:56 - [MESSAGE][PASSED] - Text of object 'Object Repository/ReplicatedSite/div_no_edit_msg1' is: 'We're Sorry.'

2019-06-27 16:35:56 - [TEST_STEP][PASSED] - actualNoEditMsg2 = getText(findTestObject("Object Repository/ReplicatedSite/div_no_edit_msg2")): Text of object 'Object Repository/ReplicatedSite/div_no_edit_msg2' is: 'Your order has gift card items and cannot be edited.'

2019-06-27 16:35:56 - [MESSAGE][PASSED] - Text of object 'Object Repository/ReplicatedSite/div_no_edit_msg2' is: 'Your order has gift card items and cannot be edited.'

2019-06-27 16:35:56 - [TEST_STEP][PASSED] - assert actualNoEditMsg1.equalsIgnoreCase(expectedNoEditMsg1): null

2019-06-27 16:35:56 - [TEST_STEP][PASSED] - assert actualNoEditMsg2.equalsIgnoreCase(expectedNoEditMsg2): null

2019-06-27 16:35:56 - [TEST_STEP][PASSED] - click(findTestObject("Object Repository/ReplicatedSite/button_accept_msg")): Object: 'Object Repository/ReplicatedSite/button_accept_msg' is clicked on

2019-06-27 16:35:57 - [MESSAGE][PASSED] - Object: 'Object Repository/ReplicatedSite/button_accept_msg' is clicked on

2019-06-27 16:35:57 - [MESSAGE][PASSED] - Call Test Case 'Test Cases/editOrder/rsOrderHistoryConfirm' successfully]]></system-out>
         <system-err><![CDATA[]]></system-err>
      </testcase>
      <testcase name="Test Cases/editOrder/rsEditOrderPartialShip" classname="Test Cases/editOrder/rsEditOrderPartialShip" status="FAILED">
         <failure type="FAILED" message="Test Cases/editOrder/rsEditOrderPartialShip FAILED.
Reason:
com.kms.katalon.core.exception.StepFailedException: Call Test Case 'Test Cases/editOrder/rsOrderHistoryConfirm' failed
	at com.kms.katalon.core.keyword.builtin.CallTestCaseKeyword$_callTestCase_closure1.doCall(CallTestCaseKeyword.groovy:63)
	at com.kms.katalon.core.keyword.builtin.CallTestCaseKeyword$_callTestCase_closure1.call(CallTestCaseKeyword.groovy)
	at com.kms.katalon.core.keyword.internal.KeywordMain.runKeyword(KeywordMain.groovy:66)
	at com.kms.katalon.core.keyword.builtin.CallTestCaseKeyword.callTestCase(CallTestCaseKeyword.groovy:81)
	at com.kms.katalon.core.keyword.builtin.CallTestCaseKeyword.execute(CallTestCaseKeyword.groovy:44)
	at com.kms.katalon.core.keyword.internal.KeywordExecutor.executeKeywordForPlatform(KeywordExecutor.groovy:56)
	at com.kms.katalon.core.keyword.BuiltinKeywords.callTestCase(BuiltinKeywords.groovy:334)
	at rsEditOrderPartialShip.run(rsEditOrderPartialShip:24)
	at com.kms.katalon.core.main.ScriptEngine.run(ScriptEngine.java:194)
	at com.kms.katalon.core.main.ScriptEngine.runScriptAsRawText(ScriptEngine.java:119)
	at com.kms.katalon.core.main.TestCaseExecutor.runScript(TestCaseExecutor.java:342)
	at com.kms.katalon.core.main.TestCaseExecutor.doExecute(TestCaseExecutor.java:333)
	at com.kms.katalon.core.main.TestCaseExecutor.processExecutionPhase(TestCaseExecutor.java:312)
	at com.kms.katalon.core.main.TestCaseExecutor.accessMainPhase(TestCaseExecutor.java:304)
	at com.kms.katalon.core.main.TestCaseExecutor.execute(TestCaseExecutor.java:238)
	at com.kms.katalon.core.main.TestSuiteExecutor.accessTestCaseMainPhase(TestSuiteExecutor.java:129)
	at com.kms.katalon.core.main.TestSuiteExecutor.accessTestSuiteMainPhase(TestSuiteExecutor.java:112)
	at com.kms.katalon.core.main.TestSuiteExecutor.execute(TestSuiteExecutor.java:81)
	at com.kms.katalon.core.main.TestCaseMain.startTestSuite(TestCaseMain.java:157)
	at com.kms.katalon.core.main.TestCaseMain$startTestSuite$0.call(Unknown Source)
	at TempTestSuite1561632781779.run(TempTestSuite1561632781779.groovy:35)
Caused by: Assertion failed: 

assert editButton.size() > 0
       |          |      |
       []         0      false

	at rsOrderHistoryConfirm.run(rsOrderHistoryConfirm:42)
	at com.kms.katalon.core.main.ScriptEngine.run(ScriptEngine.java:194)
	at com.kms.katalon.core.main.ScriptEngine.runScriptAsRawText(ScriptEngine.java:119)
	at com.kms.katalon.core.main.TestCaseExecutor.runScript(TestCaseExecutor.java:342)
	at com.kms.katalon.core.main.TestCaseExecutor.doExecute(TestCaseExecutor.java:333)
	at com.kms.katalon.core.main.TestCaseExecutor.processExecutionPhase(TestCaseExecutor.java:312)
	at com.kms.katalon.core.main.TestCaseExecutor.accessMainPhase(TestCaseExecutor.java:304)
	at com.kms.katalon.core.main.TestCaseExecutor.execute(TestCaseExecutor.java:238)
	at com.kms.katalon.core.main.TestCaseMain.runTestCase(TestCaseMain.java:114)
	at com.kms.katalon.core.keyword.builtin.CallTestCaseKeyword$_callTestCase_closure1.doCall(CallTestCaseKeyword.groovy:59)
	... 20 more
"/>
         <system-out><![CDATA[2019-06-27 16:35:57 - [TEST_CASE][FAILED] - Test Cases/editOrder/rsEditOrderPartialShip: Test Cases/editOrder/rsEditOrderPartialShip FAILED.
Reason:
com.kms.katalon.core.exception.StepFailedException: Call Test Case 'Test Cases/editOrder/rsOrderHistoryConfirm' failed
	at com.kms.katalon.core.keyword.builtin.CallTestCaseKeyword$_callTestCase_closure1.doCall(CallTestCaseKeyword.groovy:63)
	at com.kms.katalon.core.keyword.builtin.CallTestCaseKeyword$_callTestCase_closure1.call(CallTestCaseKeyword.groovy)
	at com.kms.katalon.core.keyword.internal.KeywordMain.runKeyword(KeywordMain.groovy:66)
	at com.kms.katalon.core.keyword.builtin.CallTestCaseKeyword.callTestCase(CallTestCaseKeyword.groovy:81)
	at com.kms.katalon.core.keyword.builtin.CallTestCaseKeyword.execute(CallTestCaseKeyword.groovy:44)
	at com.kms.katalon.core.keyword.internal.KeywordExecutor.executeKeywordForPlatform(KeywordExecutor.groovy:56)
	at com.kms.katalon.core.keyword.BuiltinKeywords.callTestCase(BuiltinKeywords.groovy:334)
	at rsEditOrderPartialShip.run(rsEditOrderPartialShip:24)
	at com.kms.katalon.core.main.ScriptEngine.run(ScriptEngine.java:194)
	at com.kms.katalon.core.main.ScriptEngine.runScriptAsRawText(ScriptEngine.java:119)
	at com.kms.katalon.core.main.TestCaseExecutor.runScript(TestCaseExecutor.java:342)
	at com.kms.katalon.core.main.TestCaseExecutor.doExecute(TestCaseExecutor.java:333)
	at com.kms.katalon.core.main.TestCaseExecutor.processExecutionPhase(TestCaseExecutor.java:312)
	at com.kms.katalon.core.main.TestCaseExecutor.accessMainPhase(TestCaseExecutor.java:304)
	at com.kms.katalon.core.main.TestCaseExecutor.execute(TestCaseExecutor.java:238)
	at com.kms.katalon.core.main.TestSuiteExecutor.accessTestCaseMainPhase(TestSuiteExecutor.java:129)
	at com.kms.katalon.core.main.TestSuiteExecutor.accessTestSuiteMainPhase(TestSuiteExecutor.java:112)
	at com.kms.katalon.core.main.TestSuiteExecutor.execute(TestSuiteExecutor.java:81)
	at com.kms.katalon.core.main.TestCaseMain.startTestSuite(TestCaseMain.java:157)
	at com.kms.katalon.core.main.TestCaseMain$startTestSuite$0.call(Unknown Source)
	at TempTestSuite1561632781779.run(TempTestSuite1561632781779.groovy:35)
Caused by: Assertion failed: 

assert editButton.size() > 0
       |          |      |
       []         0      false

	at rsOrderHistoryConfirm.run(rsOrderHistoryConfirm:42)
	at com.kms.katalon.core.main.ScriptEngine.run(ScriptEngine.java:194)
	at com.kms.katalon.core.main.ScriptEngine.runScriptAsRawText(ScriptEngine.java:119)
	at com.kms.katalon.core.main.TestCaseExecutor.runScript(TestCaseExecutor.java:342)
	at com.kms.katalon.core.main.TestCaseExecutor.doExecute(TestCaseExecutor.java:333)
	at com.kms.katalon.core.main.TestCaseExecutor.processExecutionPhase(TestCaseExecutor.java:312)
	at com.kms.katalon.core.main.TestCaseExecutor.accessMainPhase(TestCaseExecutor.java:304)
	at com.kms.katalon.core.main.TestCaseExecutor.execute(TestCaseExecutor.java:238)
	at com.kms.katalon.core.main.TestCaseMain.runTestCase(TestCaseMain.java:114)
	at com.kms.katalon.core.keyword.builtin.CallTestCaseKeyword$_callTestCase_closure1.doCall(CallTestCaseKeyword.groovy:59)
	... 20 more


2019-06-27 16:35:57 - [TEST_STEP][PASSED] - Start listener action : sampleBeforeTestCase: null

2019-06-27 16:35:57 - [TEST_STEP][PASSED] - println(testCaseContext.getTestCaseId()): null

2019-06-27 16:35:57 - [TEST_STEP][PASSED] - println(testCaseContext.getTestCaseVariables()): null

2019-06-27 16:35:57 - [TEST_STEP][PASSED] - callTestCase(findTestCase("editOrder/retailOrderBO"), ["editScenarioNumber":5], STOP_ON_FAILURE): Call Test Case 'Test Cases/editOrder/retailOrderBO' successfully

2019-06-27 16:35:57 - [TEST_CASE][PASSED] - Test Cases/editOrder/retailOrderBO: Test Cases/editOrder/retailOrderBO

2019-06-27 16:35:57 - [TEST_STEP][PASSED] - openBrowser(""): Browser is opened with url: ''

2019-06-27 16:35:57 - [MESSAGE][WARNING] - A browser is already opened. Closing browser and opening a new one

2019-06-27 16:35:59 - [MESSAGE][INFO] - Starting 'Chrome' driver

2019-06-27 16:35:59 - [MESSAGE][INFO] - User set preference: ['args', '[--use-fake-ui-for-media-stream, --start-maximized]']

2019-06-27 16:36:02 - [MESSAGE][PASSED] - Browser is opened with url: ''

2019-06-27 16:36:02 - [TEST_STEP][PASSED] - driver = getWebDriver(): null

2019-06-27 16:36:02 - [TEST_STEP][PASSED] - executor = driver: null

2019-06-27 16:36:02 - [TEST_STEP][PASSED] - callTestCase(findTestCase("TestCaseUtilities/backOfficeLogin"), ["BOURL":"", "BOuser":"", "BOpass":""], STOP_ON_FAILURE): Call Test Case 'Test Cases/TestCaseUtilities/backOfficeLogin' successfully

2019-06-27 16:36:02 - [TEST_CASE][PASSED] - Test Cases/TestCaseUtilities/backOfficeLogin: Test Cases/TestCaseUtilities/backOfficeLogin

2019-06-27 16:36:02 - [TEST_STEP][PASSED] - BOURL = findTestData("credData").getValue("BOURL", 1): null

2019-06-27 16:36:02 - [TEST_STEP][PASSED] - BOuser = findTestData("credData").getValue("BOuser", 1): null

2019-06-27 16:36:02 - [TEST_STEP][PASSED] - BOpass = findTestData("credData").getValue("BOpass", 1): null

2019-06-27 16:36:02 - [TEST_STEP][PASSED] - navigateToUrl(BOURL): Navigate to 'https://test19.cliotest.com/backoffice/control/main' successfully

2019-06-27 16:36:12 - [MESSAGE][PASSED] - Navigate to 'https://test19.cliotest.com/backoffice/control/main' successfully

2019-06-27 16:36:12 - [TEST_STEP][PASSED] - logOut = findWebElements(findTestObject("Object Repository/Page_cabi Home/log_out"), 1): Unable to find the element located by 'By.xpath: //a[contains(text(),'Log Out')]'. Please recheck the objects properties to make sure the desired element is located. 

2019-06-27 16:36:13 - [MESSAGE][INFO] - Unable to find the element located by 'By.xpath: //a[contains(text(),'Log Out')]'. Please recheck the objects properties to make sure the desired element is located. 

2019-06-27 16:36:13 - [TEST_STEP][PASSED] - if (logOut.size() == 0): Object: 'Object Repository/Page_cabi/input_Welcome to_consultantLogin' is clicked on

2019-06-27 16:36:13 - [TEST_STEP][PASSED] - setText(findTestObject("Page_cabi/input_Welcome to_USERNAME"), BOuser): Text '400000002' is set on object 'Object Repository/Page_cabi/input_Welcome to_USERNAME'

2019-06-27 16:36:13 - [MESSAGE][PASSED] - Text '400000002' is set on object 'Object Repository/Page_cabi/input_Welcome to_USERNAME'

2019-06-27 16:36:13 - [TEST_STEP][PASSED] - setText(findTestObject("Object Repository/Page_cabi/input_Welcome to_PASSWORD"), BOpass): Text 'blackdress19' is set on object 'Object Repository/Page_cabi/input_Welcome to_PASSWORD'

2019-06-27 16:36:13 - [MESSAGE][PASSED] - Text 'blackdress19' is set on object 'Object Repository/Page_cabi/input_Welcome to_PASSWORD'

2019-06-27 16:36:13 - [TEST_STEP][PASSED] - click(findTestObject("Object Repository/Page_cabi/input_Welcome to_consultantLogin")): Object: 'Object Repository/Page_cabi/input_Welcome to_consultantLogin' is clicked on

2019-06-27 16:36:23 - [MESSAGE][PASSED] - Object: 'Object Repository/Page_cabi/input_Welcome to_consultantLogin' is clicked on

2019-06-27 16:36:23 - [TEST_STEP][PASSED] - delay(3): Delayed 3 second(s)

2019-06-27 16:36:26 - [MESSAGE][PASSED] - Delayed 3 second(s)

2019-06-27 16:36:26 - [MESSAGE][PASSED] - Call Test Case 'Test Cases/TestCaseUtilities/backOfficeLogin' successfully

2019-06-27 16:36:26 - [TEST_STEP][PASSED] - click(findTestObject("Object Repository/Page_cabi Home/a_Shows  Orders")): Object: 'Object Repository/Page_cabi Home/a_Shows  Orders' is clicked on

2019-06-27 16:36:26 - [MESSAGE][PASSED] - Object: 'Object Repository/Page_cabi Home/a_Shows  Orders' is clicked on

2019-06-27 16:36:26 - [TEST_STEP][PASSED] - delay(1): Delayed 1 second(s)

2019-06-27 16:36:27 - [MESSAGE][PASSED] - Delayed 1 second(s)

2019-06-27 16:36:27 - [TEST_STEP][PASSED] - rightClick(findTestObject("Page_cabi Home/a_Shows  Orders")): Object: 'Object Repository/Page_cabi Home/a_Shows  Orders' is right clicked on

2019-06-27 16:36:28 - [MESSAGE][PASSED] - Object: 'Object Repository/Page_cabi Home/a_Shows  Orders' is right clicked on

2019-06-27 16:36:28 - [TEST_STEP][PASSED] - click(findTestObject("Page_cabi Home/a_retail_purchases")): Object: 'Object Repository/Page_cabi Home/a_retail_purchases' is clicked on

2019-06-27 16:36:33 - [MESSAGE][PASSED] - Object: 'Object Repository/Page_cabi Home/a_retail_purchases' is clicked on

2019-06-27 16:36:33 - [TEST_STEP][PASSED] - delay(3): Delayed 3 second(s)

2019-06-27 16:36:36 - [MESSAGE][PASSED] - Delayed 3 second(s)

2019-06-27 16:36:36 - [TEST_STEP][PASSED] - click(findTestObject("Object Repository/Page_cabi Home/existingCustomer")): Object: 'Object Repository/Page_cabi Home/existingCustomer' is clicked on

2019-06-27 16:36:36 - [MESSAGE][PASSED] - Object: 'Object Repository/Page_cabi Home/existingCustomer' is clicked on

2019-06-27 16:36:36 - [TEST_STEP][PASSED] - contactNumber = 5: null

2019-06-27 16:36:36 - [TEST_STEP][PASSED] - firstName = findTestData("contactData").getValue("firstName", contactNumber): null

2019-06-27 16:36:36 - [TEST_STEP][PASSED] - lastName = findTestData("contactData").getValue("lastName", contactNumber): null

2019-06-27 16:36:36 - [TEST_STEP][PASSED] - email = findTestData("contactData").getValue("email", contactNumber): null

2019-06-27 16:36:37 - [TEST_STEP][PASSED] - address1 = findTestData("contactData").getValue("address1", contactNumber): null

2019-06-27 16:36:37 - [TEST_STEP][PASSED] - city = findTestData("contactData").getValue("city", contactNumber): null

2019-06-27 16:36:37 - [TEST_STEP][PASSED] - state = findTestData("contactData").getValue("state", contactNumber): null

2019-06-27 16:36:37 - [TEST_STEP][PASSED] - zip = findTestData("contactData").getValue("zip", contactNumber): null

2019-06-27 16:36:37 - [TEST_STEP][PASSED] - existingCustFName = firstName: null

2019-06-27 16:36:37 - [TEST_STEP][PASSED] - existingCustLName = lastName: null

2019-06-27 16:36:37 - [TEST_STEP][PASSED] - space = " ": null

2019-06-27 16:36:37 - [TEST_STEP][PASSED] - existingCust = $existingCustFName$space$existingCustLName: null

2019-06-27 16:36:37 - [TEST_STEP][PASSED] - setText(findTestObject("Object Repository/Page_cabi Home/input_existing_guest"), existingCust): Text 'Michigan Contact' is set on object 'Object Repository/Page_cabi Home/input_existing_guest'

2019-06-27 16:36:37 - [MESSAGE][PASSED] - Text 'Michigan Contact' is set on object 'Object Repository/Page_cabi Home/input_existing_guest'

2019-06-27 16:36:37 - [TEST_STEP][PASSED] - delay(3): Delayed 3 second(s)

2019-06-27 16:36:40 - [MESSAGE][PASSED] - Delayed 3 second(s)

2019-06-27 16:36:40 - [TEST_STEP][PASSED] - rightClick(findTestObject("Object Repository/Page_cabi Home/input_existing_guest")): Object: 'Object Repository/Page_cabi Home/input_existing_guest' is right clicked on

2019-06-27 16:36:41 - [MESSAGE][PASSED] - Object: 'Object Repository/Page_cabi Home/input_existing_guest' is right clicked on

2019-06-27 16:36:41 - [TEST_STEP][PASSED] - rightClick(findTestObject("Object Repository/Page_cabi Home/input_existing_guest")): Object: 'Object Repository/Page_cabi Home/input_existing_guest' is right clicked on

2019-06-27 16:36:41 - [MESSAGE][PASSED] - Object: 'Object Repository/Page_cabi Home/input_existing_guest' is right clicked on

2019-06-27 16:36:41 - [TEST_STEP][PASSED] - click(findTestObject("Object Repository/Page_cabi Create Show - Set Hostess/a_select_customer")): Object: 'Object Repository/Page_cabi Create Show - Set Hostess/a_select_customer' is clicked on

2019-06-27 16:36:42 - [MESSAGE][PASSED] - Object: 'Object Repository/Page_cabi Create Show - Set Hostess/a_select_customer' is clicked on

2019-06-27 16:36:42 - [TEST_STEP][PASSED] - setText(findTestObject("Object Repository/Page_cabi Home/input_existing_guest"), existingCust): Text 'Michigan Contact' is set on object 'Object Repository/Page_cabi Home/input_existing_guest'

2019-06-27 16:36:42 - [MESSAGE][PASSED] - Text 'Michigan Contact' is set on object 'Object Repository/Page_cabi Home/input_existing_guest'

2019-06-27 16:36:42 - [TEST_STEP][PASSED] - setText(findTestObject("Object Repository/Page_cabi Retail Store/input_email"), email): Text 'michigan@na.com' is set on object 'Object Repository/Page_cabi Retail Store/input_email'

2019-06-27 16:36:43 - [MESSAGE][PASSED] - Text 'michigan@na.com' is set on object 'Object Repository/Page_cabi Retail Store/input_email'

2019-06-27 16:36:43 - [TEST_STEP][PASSED] - setText(findTestObject("Object Repository/Page_cabi Edit Customer Profile/input_Address1_address1"), address1): Text '972 BRAHMS CT' is set on object 'Object Repository/Page_cabi Edit Customer Profile/input_Address1_address1'

2019-06-27 16:36:43 - [MESSAGE][PASSED] - Text '972 BRAHMS CT' is set on object 'Object Repository/Page_cabi Edit Customer Profile/input_Address1_address1'

2019-06-27 16:36:43 - [TEST_STEP][PASSED] - setText(findTestObject("Object Repository/Page_cabi Edit Customer Profile/input_Address2_address2"), ""): Text '' is set on object 'Object Repository/Page_cabi Edit Customer Profile/input_Address2_address2'

2019-06-27 16:36:43 - [MESSAGE][PASSED] - Text '' is set on object 'Object Repository/Page_cabi Edit Customer Profile/input_Address2_address2'

2019-06-27 16:36:43 - [TEST_STEP][PASSED] - setText(findTestObject("Object Repository/Page_cabi Edit Customer Profile/input_City_city"), city): Text 'TROY' is set on object 'Object Repository/Page_cabi Edit Customer Profile/input_City_city'

2019-06-27 16:36:44 - [MESSAGE][PASSED] - Text 'TROY' is set on object 'Object Repository/Page_cabi Edit Customer Profile/input_City_city'

2019-06-27 16:36:44 - [TEST_STEP][PASSED] - click(findTestObject("Page_cabi Edit Customer Profile/span_select_a_state")): Object: 'Object Repository/Page_cabi Edit Customer Profile/span_select_a_state' is clicked on

2019-06-27 16:36:44 - [MESSAGE][PASSED] - Object: 'Object Repository/Page_cabi Edit Customer Profile/span_select_a_state' is clicked on

2019-06-27 16:36:44 - [TEST_STEP][PASSED] - delay(1): Delayed 1 second(s)

2019-06-27 16:36:45 - [MESSAGE][PASSED] - Delayed 1 second(s)

2019-06-27 16:36:45 - [TEST_STEP][PASSED] - setText(findTestObject("Object Repository/Page_cabi Edit Customer Profile/input_state_1"), state): Text 'Michigan' is set on object 'Object Repository/Page_cabi Edit Customer Profile/input_state_1'

2019-06-27 16:36:46 - [MESSAGE][PASSED] - Text 'Michigan' is set on object 'Object Repository/Page_cabi Edit Customer Profile/input_state_1'

2019-06-27 16:36:46 - [TEST_STEP][PASSED] - delay(2): Delayed 2 second(s)

2019-06-27 16:36:48 - [MESSAGE][PASSED] - Delayed 2 second(s)

2019-06-27 16:36:48 - [TEST_STEP][PASSED] - click(findTestObject("Page_cabi Edit Customer Profile/span_state")): Object: 'Object Repository/Page_cabi Edit Customer Profile/span_state' is clicked on

2019-06-27 16:36:48 - [MESSAGE][PASSED] - Object: 'Object Repository/Page_cabi Edit Customer Profile/span_state' is clicked on

2019-06-27 16:36:48 - [TEST_STEP][PASSED] - setText(findTestObject("Page_cabi Edit Customer Profile/input_state_postalCode"), zip): Text '48085' is set on object 'Object Repository/Page_cabi Edit Customer Profile/input_state_postalCode'

2019-06-27 16:36:48 - [MESSAGE][PASSED] - Text '48085' is set on object 'Object Repository/Page_cabi Edit Customer Profile/input_state_postalCode'

2019-06-27 16:36:48 - [TEST_STEP][PASSED] - delay(5): Delayed 5 second(s)

2019-06-27 16:36:53 - [MESSAGE][PASSED] - Delayed 5 second(s)

2019-06-27 16:36:53 - [TEST_STEP][PASSED] - check(findTestObject("Object Repository/Page_cabi Home/a_same_shipping_address")): Object 'Object Repository/Page_cabi Home/a_same_shipping_address' is checked

2019-06-27 16:36:54 - [MESSAGE][PASSED] - Object 'Object Repository/Page_cabi Home/a_same_shipping_address' is checked

2019-06-27 16:36:54 - [TEST_STEP][PASSED] - delay(5): Delayed 5 second(s)

2019-06-27 16:36:59 - [MESSAGE][PASSED] - Delayed 5 second(s)

2019-06-27 16:36:59 - [TEST_STEP][PASSED] - check(findTestObject("Object Repository/Page_cabi Home/a_same_shipping_address")): Object 'Object Repository/Page_cabi Home/a_same_shipping_address' is checked

2019-06-27 16:36:59 - [MESSAGE][PASSED] - Object 'Object Repository/Page_cabi Home/a_same_shipping_address' is checked

2019-06-27 16:36:59 - [TEST_STEP][PASSED] - delay(5): Delayed 5 second(s)

2019-06-27 16:37:04 - [MESSAGE][PASSED] - Delayed 5 second(s)

2019-06-27 16:37:04 - [TEST_STEP][PASSED] - nextButton = driver.findElement(By.xpath("//li/a/span[@id='returnToActionLabel']")): null

2019-06-27 16:37:04 - [TEST_STEP][PASSED] - executor.executeScript("arguments[0].click();", nextButton): null

2019-06-27 16:37:04 - [TEST_STEP][PASSED] - delay(3): Delayed 3 second(s)

2019-06-27 16:37:07 - [MESSAGE][PASSED] - Delayed 3 second(s)

2019-06-27 16:37:07 - [TEST_STEP][PASSED] - click(findTestObject("Object Repository/Page_cabi Retail Store/span_quick_entry")): Object: 'Object Repository/Page_cabi Retail Store/span_quick_entry' is clicked on

2019-06-27 16:37:12 - [MESSAGE][PASSED] - Object: 'Object Repository/Page_cabi Retail Store/span_quick_entry' is clicked on

2019-06-27 16:37:12 - [TEST_STEP][PASSED] - delay(3): Delayed 3 second(s)

2019-06-27 16:37:15 - [MESSAGE][PASSED] - Delayed 3 second(s)

2019-06-27 16:37:15 - [TEST_STEP][PASSED] - emptyCart = findWebElements(findTestObject("Object Repository/Page_cabi Personal Store/removeFromCart"), 5): Unable to find the element located by 'By.xpath: //*[@id="removeFromCart_0"]/span'. Please recheck the objects properties to make sure the desired element is located. 

2019-06-27 16:37:20 - [MESSAGE][INFO] - Unable to find the element located by 'By.xpath: //*[@id="removeFromCart_0"]/span'. Please recheck the objects properties to make sure the desired element is located. 

2019-06-27 16:37:20 - [TEST_STEP][PASSED] - if (emptyCart.size() > 0): null

2019-06-27 16:37:20 - [TEST_STEP][PASSED] - addOnStyle = findTestData("miscData").getValue("addOnStyle", 1): null

2019-06-27 16:37:20 - [TEST_STEP][PASSED] - addOnStyle2 = findTestData("miscData").getValue("addOnStyle", 2): null

2019-06-27 16:37:20 - [TEST_STEP][PASSED] - click(findTestObject("Object Repository/Page_cabi Create Order/input_Manual Discount_stylelookup_0")): Object: 'Object Repository/Page_cabi Create Order/input_Manual Discount_stylelookup_0' is clicked on

2019-06-27 16:37:20 - [MESSAGE][PASSED] - Object: 'Object Repository/Page_cabi Create Order/input_Manual Discount_stylelookup_0' is clicked on

2019-06-27 16:37:20 - [TEST_STEP][PASSED] - setText(findTestObject("Object Repository/Page_cabi Create Order/input_Manual Discount_stylelookup_0"), addOnStyle): Text '5447' is set on object 'Object Repository/Page_cabi Create Order/input_Manual Discount_stylelookup_0'

2019-06-27 16:37:20 - [MESSAGE][PASSED] - Text '5447' is set on object 'Object Repository/Page_cabi Create Order/input_Manual Discount_stylelookup_0'

2019-06-27 16:37:20 - [TEST_STEP][PASSED] - delay(3): Delayed 3 second(s)

2019-06-27 16:37:23 - [MESSAGE][PASSED] - Delayed 3 second(s)

2019-06-27 16:37:23 - [TEST_STEP][PASSED] - prod_message = getText(findTestObject("Page_cabi Create Order/first_option")): Text of object 'Object Repository/Page_cabi Create Order/first_option' is: '5447 Bishop Cardigan'

2019-06-27 16:37:23 - [MESSAGE][PASSED] - Text of object 'Object Repository/Page_cabi Create Order/first_option' is: '5447 Bishop Cardigan'

2019-06-27 16:37:23 - [TEST_STEP][PASSED] - click(findTestObject("Page_cabi Create Order/first_option")): Object: 'Object Repository/Page_cabi Create Order/first_option' is clicked on

2019-06-27 16:37:24 - [MESSAGE][PASSED] - Object: 'Object Repository/Page_cabi Create Order/first_option' is clicked on

2019-06-27 16:37:24 - [TEST_STEP][PASSED] - delay(5): Delayed 5 second(s)

2019-06-27 16:37:29 - [MESSAGE][PASSED] - Delayed 5 second(s)

2019-06-27 16:37:29 - [TEST_STEP][PASSED] - click(findTestObject("Object Repository/Page_cabi Order Items/selectSize")): Object: 'Object Repository/Page_cabi Order Items/selectSize' is clicked on

2019-06-27 16:37:29 - [MESSAGE][PASSED] - Object: 'Object Repository/Page_cabi Order Items/selectSize' is clicked on

2019-06-27 16:37:29 - [TEST_STEP][PASSED] - click(findTestObject("Object Repository/Page_cabi Order Items/span_Add to Cart")): Object: 'Object Repository/Page_cabi Order Items/span_Add to Cart' is clicked on

2019-06-27 16:37:29 - [MESSAGE][PASSED] - Object: 'Object Repository/Page_cabi Order Items/span_Add to Cart' is clicked on

2019-06-27 16:37:29 - [TEST_STEP][PASSED] - delay(5): Delayed 5 second(s)

2019-06-27 16:37:34 - [MESSAGE][PASSED] - Delayed 5 second(s)

2019-06-27 16:37:34 - [TEST_STEP][PASSED] - click(findTestObject("Object Repository/Page_cabi Create Order/inputStyleLookup1")): Object: 'Object Repository/Page_cabi Create Order/inputStyleLookup1' is clicked on

2019-06-27 16:37:34 - [MESSAGE][PASSED] - Object: 'Object Repository/Page_cabi Create Order/inputStyleLookup1' is clicked on

2019-06-27 16:37:34 - [TEST_STEP][PASSED] - setText(findTestObject("Object Repository/Page_cabi Create Order/inputStyleLookup1"), addOnStyle2): Text '5448' is set on object 'Object Repository/Page_cabi Create Order/inputStyleLookup1'

2019-06-27 16:37:35 - [MESSAGE][PASSED] - Text '5448' is set on object 'Object Repository/Page_cabi Create Order/inputStyleLookup1'

2019-06-27 16:37:35 - [TEST_STEP][PASSED] - delay(3): Delayed 3 second(s)

2019-06-27 16:37:38 - [MESSAGE][PASSED] - Delayed 3 second(s)

2019-06-27 16:37:38 - [TEST_STEP][PASSED] - prod_message2 = getText(findTestObject("Page_cabi Create Order/first_option")): Text of object 'Object Repository/Page_cabi Create Order/first_option' is: '5448 Sailor Pullover'

2019-06-27 16:37:38 - [MESSAGE][PASSED] - Text of object 'Object Repository/Page_cabi Create Order/first_option' is: '5448 Sailor Pullover'

2019-06-27 16:37:38 - [TEST_STEP][PASSED] - click(findTestObject("Page_cabi Create Order/first_option")): Object: 'Object Repository/Page_cabi Create Order/first_option' is clicked on

2019-06-27 16:37:38 - [MESSAGE][PASSED] - Object: 'Object Repository/Page_cabi Create Order/first_option' is clicked on

2019-06-27 16:37:38 - [TEST_STEP][PASSED] - delay(5): Delayed 5 second(s)

2019-06-27 16:37:43 - [MESSAGE][PASSED] - Delayed 5 second(s)

2019-06-27 16:37:43 - [TEST_STEP][PASSED] - click(findTestObject("Object Repository/Page_cabi Order Items/selectSize2")): Object: 'Object Repository/Page_cabi Order Items/selectSize2' is clicked on

2019-06-27 16:37:43 - [MESSAGE][PASSED] - Object: 'Object Repository/Page_cabi Order Items/selectSize2' is clicked on

2019-06-27 16:37:43 - [TEST_STEP][PASSED] - click(findTestObject("Object Repository/Page_cabi Order Items/addToCart2")): Object: 'Object Repository/Page_cabi Order Items/addToCart2' is clicked on

2019-06-27 16:37:43 - [MESSAGE][PASSED] - Object: 'Object Repository/Page_cabi Order Items/addToCart2' is clicked on

2019-06-27 16:37:43 - [TEST_STEP][PASSED] - delay(5): Delayed 5 second(s)

2019-06-27 16:37:48 - [MESSAGE][PASSED] - Delayed 5 second(s)

2019-06-27 16:37:48 - [TEST_STEP][PASSED] - if (editScenarioNumber == 1): null

2019-06-27 16:37:48 - [TEST_STEP][PASSED] - else if (editScenarioNumber == 2): null

2019-06-27 16:37:48 - [TEST_STEP][PASSED] - else if (editScenarioNumber == 3): null

2019-06-27 16:37:48 - [TEST_STEP][PASSED] - else if (editScenarioNumber == 4): null

2019-06-27 16:37:48 - [TEST_STEP][PASSED] - else if (editScenarioNumber == 5): null

2019-06-27 16:37:48 - [TEST_STEP][PASSED] - click(findTestObject("Object Repository/Page_cabi Order Items/a_checkout")): Object: 'Object Repository/Page_cabi Order Items/a_checkout' is clicked on

2019-06-27 16:37:49 - [MESSAGE][PASSED] - Object: 'Object Repository/Page_cabi Order Items/a_checkout' is clicked on

2019-06-27 16:37:49 - [TEST_STEP][PASSED] - delay(3): Delayed 3 second(s)

2019-06-27 16:37:52 - [MESSAGE][PASSED] - Delayed 3 second(s)

2019-06-27 16:37:52 - [TEST_STEP][PASSED] - click(findTestObject("Page_cabi Personal Store/nextButtonShipping")): Object: 'Object Repository/Page_cabi Personal Store/nextButtonShipping' is clicked on

2019-06-27 16:37:52 - [MESSAGE][PASSED] - Object: 'Object Repository/Page_cabi Personal Store/nextButtonShipping' is clicked on

2019-06-27 16:37:52 - [TEST_STEP][PASSED] - delay(3): Delayed 3 second(s)

2019-06-27 16:37:55 - [MESSAGE][PASSED] - Delayed 3 second(s)

2019-06-27 16:37:55 - [TEST_STEP][PASSED] - click(findTestObject("Page_cabi Personal Store/makeFirstPayment")): Object: 'Object Repository/Page_cabi Personal Store/makeFirstPayment' is clicked on

2019-06-27 16:37:55 - [MESSAGE][PASSED] - Object: 'Object Repository/Page_cabi Personal Store/makeFirstPayment' is clicked on

2019-06-27 16:37:55 - [TEST_STEP][PASSED] - click(findTestObject("Object Repository/Page_cabi Personal Store/select_cash")): Object: 'Object Repository/Page_cabi Personal Store/select_cash' is clicked on

2019-06-27 16:37:55 - [MESSAGE][PASSED] - Object: 'Object Repository/Page_cabi Personal Store/select_cash' is clicked on

2019-06-27 16:37:55 - [TEST_STEP][PASSED] - click(findTestObject("Page_cabi Personal Store/submitPayment")): Object: 'Object Repository/Page_cabi Personal Store/submitPayment' is clicked on

2019-06-27 16:37:56 - [MESSAGE][PASSED] - Object: 'Object Repository/Page_cabi Personal Store/submitPayment' is clicked on

2019-06-27 16:37:56 - [TEST_STEP][PASSED] - click(findTestObject("Page_cabi Personal Store/submitOrderId")): Object: 'Object Repository/Page_cabi Personal Store/submitOrderId' is clicked on

2019-06-27 16:37:59 - [MESSAGE][PASSED] - Object: 'Object Repository/Page_cabi Personal Store/submitOrderId' is clicked on

2019-06-27 16:37:59 - [TEST_STEP][PASSED] - successMsg = "": null

2019-06-27 16:37:59 - [TEST_STEP][PASSED] - orderSuccess = false: null

2019-06-27 16:37:59 - [TEST_STEP][PASSED] - successMsgs = findWebElements(findTestObject("Object Repository/Page_cabi Personal Store/p_success_msg"), 5): null

2019-06-27 16:37:59 - [TEST_STEP][PASSED] - if (successMsgs.size() > 0): Text of object 'Object Repository/Page_cabi Personal Store/p_order_id' is: 'RT707974303'

2019-06-27 16:37:59 - [TEST_STEP][PASSED] - successMsg = getText(findTestObject("Object Repository/Page_cabi Personal Store/p_success_msg")): Text of object 'Object Repository/Page_cabi Personal Store/p_success_msg' is: 'Order Created Successfully!!
Order #:  RT707974303

CONTINUE SHOPPING'

2019-06-27 16:37:59 - [MESSAGE][PASSED] - Text of object 'Object Repository/Page_cabi Personal Store/p_success_msg' is: 'Order Created Successfully!!
Order #:  RT707974303

CONTINUE SHOPPING'

2019-06-27 16:37:59 - [TEST_STEP][PASSED] - orderSuccess = true: null

2019-06-27 16:37:59 - [TEST_STEP][PASSED] - retailOrderID = getText(findTestObject("Object Repository/Page_cabi Personal Store/p_order_id")): Text of object 'Object Repository/Page_cabi Personal Store/p_order_id' is: 'RT707974303'

2019-06-27 16:37:59 - [MESSAGE][PASSED] - Text of object 'Object Repository/Page_cabi Personal Store/p_order_id' is: 'RT707974303'

2019-06-27 16:37:59 - [TEST_STEP][PASSED] - assert orderSuccess == true: null

2019-06-27 16:37:59 - [TEST_STEP][NOT_RUN] - closeBrowser(): NOT_RUN: closeBrowser()

2019-06-27 16:37:59 - [MESSAGE][NOT_RUN] - NOT_RUN: closeBrowser()

2019-06-27 16:37:59 - [MESSAGE][PASSED] - Call Test Case 'Test Cases/editOrder/retailOrderBO' successfully

2019-06-27 16:37:59 - [TEST_STEP][PASSED] - delay(10): Delayed 10 second(s)

2019-06-27 16:38:09 - [MESSAGE][PASSED] - Delayed 10 second(s)

2019-06-27 16:38:09 - [TEST_STEP][PASSED] - callTestCase(findTestCase("NewArrival/warehouseShipping"), ["orderId":retailOrderID], STOP_ON_FAILURE): Call Test Case 'Test Cases/NewArrival/warehouseShipping' successfully

2019-06-27 16:38:09 - [TEST_CASE][PASSED] - Test Cases/NewArrival/warehouseShipping: Test Cases/NewArrival/warehouseShipping

2019-06-27 16:38:09 - [TEST_STEP][PASSED] - callTestCase(findTestCase("TestCaseUtilities/cabiWarehouseLogin"), ["CWURL":"", "CWuser":"", "CWpass":""], STOP_ON_FAILURE): Call Test Case 'Test Cases/TestCaseUtilities/cabiWarehouseLogin' successfully

2019-06-27 16:38:09 - [TEST_CASE][PASSED] - Test Cases/TestCaseUtilities/cabiWarehouseLogin: Test Cases/TestCaseUtilities/cabiWarehouseLogin

2019-06-27 16:38:10 - [TEST_STEP][PASSED] - CWURL = findTestData("credData").getValue("CWURL", 1): null

2019-06-27 16:38:10 - [TEST_STEP][PASSED] - CWuser = findTestData("credData").getValue("CWuser", 1): null

2019-06-27 16:38:10 - [TEST_STEP][PASSED] - CWpass = findTestData("credData").getValue("CWpass", 1): null

2019-06-27 16:38:10 - [TEST_STEP][PASSED] - openBrowser(""): Browser is opened with url: ''

2019-06-27 16:38:10 - [MESSAGE][WARNING] - A browser is already opened. Closing browser and opening a new one

2019-06-27 16:38:11 - [MESSAGE][INFO] - Starting 'Chrome' driver

2019-06-27 16:38:11 - [MESSAGE][INFO] - User set preference: ['args', '[--use-fake-ui-for-media-stream, --start-maximized]']

2019-06-27 16:38:14 - [MESSAGE][PASSED] - Browser is opened with url: ''

2019-06-27 16:38:14 - [TEST_STEP][PASSED] - navigateToUrl(CWURL): Navigate to 'https://test19.cliotest.com/warehouse/control/main' successfully

2019-06-27 16:38:21 - [MESSAGE][PASSED] - Navigate to 'https://test19.cliotest.com/warehouse/control/main' successfully

2019-06-27 16:38:21 - [TEST_STEP][PASSED] - logOut = findWebElements(findTestObject("Object Repository/Cabi warehouse/Page_cabi_home/log_out"), 1): Unable to find the element located by 'By.xpath: //li/a[contains(text(), 'Log Out »')]'. Please recheck the objects properties to make sure the desired element is located. 

2019-06-27 16:38:22 - [MESSAGE][INFO] - Unable to find the element located by 'By.xpath: //li/a[contains(text(), 'Log Out »')]'. Please recheck the objects properties to make sure the desired element is located. 

2019-06-27 16:38:22 - [TEST_STEP][PASSED] - if (logOut.size() == 0): Object: 'Object Repository/Cabi warehouse/Page_cabi/input_Password_section-btn btn-stl-pk rFloat' is clicked on

2019-06-27 16:38:22 - [TEST_STEP][PASSED] - setText(findTestObject("Object Repository/Cabi warehouse/Page_cabi/input_Username_USERNAME"), CWuser): Text 'rsuarez' is set on object 'Object Repository/Cabi warehouse/Page_cabi/input_Username_USERNAME'

2019-06-27 16:38:23 - [MESSAGE][PASSED] - Text 'rsuarez' is set on object 'Object Repository/Cabi warehouse/Page_cabi/input_Username_USERNAME'

2019-06-27 16:38:23 - [TEST_STEP][PASSED] - setText(findTestObject("Object Repository/Cabi warehouse/Page_cabi/input_Password_PASSWORD"), CWpass): Text 'blackdress19' is set on object 'Object Repository/Cabi warehouse/Page_cabi/input_Password_PASSWORD'

2019-06-27 16:38:23 - [MESSAGE][PASSED] - Text 'blackdress19' is set on object 'Object Repository/Cabi warehouse/Page_cabi/input_Password_PASSWORD'

2019-06-27 16:38:23 - [TEST_STEP][PASSED] - click(findTestObject("Object Repository/Cabi warehouse/Page_cabi/input_Password_section-btn btn-stl-pk rFloat")): Object: 'Object Repository/Cabi warehouse/Page_cabi/input_Password_section-btn btn-stl-pk rFloat' is clicked on

2019-06-27 16:38:27 - [MESSAGE][PASSED] - Object: 'Object Repository/Cabi warehouse/Page_cabi/input_Password_section-btn btn-stl-pk rFloat' is clicked on

2019-06-27 16:38:27 - [TEST_STEP][PASSED] - delay(3): Delayed 3 second(s)

2019-06-27 16:38:30 - [MESSAGE][PASSED] - Delayed 3 second(s)

2019-06-27 16:38:30 - [MESSAGE][PASSED] - Call Test Case 'Test Cases/TestCaseUtilities/cabiWarehouseLogin' successfully

2019-06-27 16:38:30 - [TEST_STEP][PASSED] - click(findTestObject("Page_cabi Manage PickLists/a_Create PickLists")): Object: 'Object Repository/Page_cabi Manage PickLists/a_Create PickLists' is clicked on

2019-06-27 16:38:31 - [MESSAGE][PASSED] - Object: 'Object Repository/Page_cabi Manage PickLists/a_Create PickLists' is clicked on

2019-06-27 16:38:31 - [TEST_STEP][PASSED] - click(findTestObject("Object Repository/findOrders/Page_cabi Find Orders/Page_cabi SampleLine Shipment Screen/a_Single Order")): Object: 'Object Repository/findOrders/Page_cabi Find Orders/Page_cabi SampleLine Shipment Screen/a_Single Order' is clicked on

2019-06-27 16:38:33 - [MESSAGE][PASSED] - Object: 'Object Repository/findOrders/Page_cabi Find Orders/Page_cabi SampleLine Shipment Screen/a_Single Order' is clicked on

2019-06-27 16:38:33 - [TEST_STEP][PASSED] - setText(findTestObject("Page_cabi Create Single Order PickList/input_Order Id_orderId"), orderId): Text 'RT707974303' is set on object 'Object Repository/Page_cabi Create Single Order PickList/input_Order Id_orderId'

2019-06-27 16:38:33 - [MESSAGE][PASSED] - Text 'RT707974303' is set on object 'Object Repository/Page_cabi Create Single Order PickList/input_Order Id_orderId'

2019-06-27 16:38:33 - [TEST_STEP][PASSED] - click(findTestObject("Page_cabi Create Single Order PickList/input_Create even if fully backordered_submitButton")): Object: 'Object Repository/Page_cabi Create Single Order PickList/input_Create even if fully backordered_submitButton' is clicked on

2019-06-27 16:38:35 - [MESSAGE][PASSED] - Object: 'Object Repository/Page_cabi Create Single Order PickList/input_Create even if fully backordered_submitButton' is clicked on

2019-06-27 16:38:35 - [TEST_STEP][PASSED] - pickListCreated = findWebElements(findTestObject("Cabi warehouse/picklistCreatedMessage"), 5): null

2019-06-27 16:38:35 - [TEST_STEP][PASSED] - if (pickListCreated.size() == 0): null

2019-06-27 16:38:35 - [TEST_STEP][PASSED] - picklistCreatedMessage = UtilityMethods.concat("Picklist for order: [", orderId, "] has been created successfully."): null

2019-06-27 16:38:35 - [TEST_STEP][PASSED] - verifyElementText(findTestObject("Cabi warehouse/picklistCreatedMessage"), picklistCreatedMessage): Actual text and expected text of test object 'Object Repository/Cabi warehouse/picklistCreatedMessage' are matched.

2019-06-27 16:38:35 - [MESSAGE][PASSED] - Actual text and expected text of test object 'Object Repository/Cabi warehouse/picklistCreatedMessage' are matched.

2019-06-27 16:38:35 - [TEST_STEP][PASSED] - click(findTestObject("Page_cabi Create Single Order PickList/a_Manage PickLists")): Object: 'Object Repository/Page_cabi Create Single Order PickList/a_Manage PickLists' is clicked on

2019-06-27 16:38:36 - [MESSAGE][PASSED] - Object: 'Object Repository/Page_cabi Create Single Order PickList/a_Manage PickLists' is clicked on

2019-06-27 16:38:36 - [TEST_STEP][PASSED] - setText(findTestObject("Page_cabi Manage PickLists/input_Order _orderId"), orderId): Text 'RT707974303' is set on object 'Object Repository/Page_cabi Manage PickLists/input_Order _orderId'

2019-06-27 16:38:36 - [MESSAGE][PASSED] - Text 'RT707974303' is set on object 'Object Repository/Page_cabi Manage PickLists/input_Order _orderId'

2019-06-27 16:38:36 - [TEST_STEP][PASSED] - click(findTestObject("Page_cabi Manage PickLists/input")): Object: 'Object Repository/Page_cabi Manage PickLists/input' is clicked on

2019-06-27 16:38:38 - [MESSAGE][PASSED] - Object: 'Object Repository/Page_cabi Manage PickLists/input' is clicked on

2019-06-27 16:38:38 - [TEST_STEP][PASSED] - delay(3): Delayed 3 second(s)

2019-06-27 16:38:41 - [MESSAGE][PASSED] - Delayed 3 second(s)

2019-06-27 16:38:41 - [TEST_STEP][PASSED] - click(findTestObject("Page_cabi Manage PickLists/td_104238610")): Object: 'Object Repository/Page_cabi Manage PickLists/td_104238610' is clicked on

2019-06-27 16:38:41 - [MESSAGE][PASSED] - Object: 'Object Repository/Page_cabi Manage PickLists/td_104238610' is clicked on

2019-06-27 16:38:41 - [TEST_STEP][PASSED] - picklistId = getText(findTestObject("Page_cabi Manage PickLists/td_104238610")): Text of object 'Object Repository/Page_cabi Manage PickLists/td_104238610' is: '104261410'

2019-06-27 16:38:41 - [MESSAGE][PASSED] - Text of object 'Object Repository/Page_cabi Manage PickLists/td_104238610' is: '104261410'

2019-06-27 16:38:41 - [TEST_STEP][PASSED] - click(findTestObject("Page_cabi Manage PickLists/a_Packing")): Object: 'Object Repository/Page_cabi Manage PickLists/a_Packing' is clicked on

2019-06-27 16:38:42 - [MESSAGE][PASSED] - Object: 'Object Repository/Page_cabi Manage PickLists/a_Packing' is clicked on

2019-06-27 16:38:42 - [TEST_STEP][PASSED] - setText(findTestObject("Page_cabi Pack Init/input_Pack Station_packStationId"), "30"): Text '30' is set on object 'Object Repository/Page_cabi Pack Init/input_Pack Station_packStationId'

2019-06-27 16:38:42 - [MESSAGE][PASSED] - Text '30' is set on object 'Object Repository/Page_cabi Pack Init/input_Pack Station_packStationId'

2019-06-27 16:38:42 - [TEST_STEP][PASSED] - click(findTestObject("Page_cabi Pack Init/input_Pack Station_submitButton")): Object: 'Object Repository/Page_cabi Pack Init/input_Pack Station_submitButton' is clicked on

2019-06-27 16:38:43 - [MESSAGE][PASSED] - Object: 'Object Repository/Page_cabi Pack Init/input_Pack Station_submitButton' is clicked on

2019-06-27 16:38:43 - [TEST_STEP][PASSED] - setText(findTestObject("Page_cabi Pack Init/input_Picklist ID_pickId"), picklistId): Text '104261410' is set on object 'Object Repository/Page_cabi Pack Init/input_Picklist ID_pickId'

2019-06-27 16:38:44 - [MESSAGE][PASSED] - Text '104261410' is set on object 'Object Repository/Page_cabi Pack Init/input_Picklist ID_pickId'

2019-06-27 16:38:44 - [TEST_STEP][PASSED] - click(findTestObject("Page_cabi Pack Init/input_Picklist ID_submitButton")): Object: 'Object Repository/Page_cabi Pack Init/input_Picklist ID_submitButton' is clicked on

2019-06-27 16:38:45 - [MESSAGE][PASSED] - Object: 'Object Repository/Page_cabi Pack Init/input_Picklist ID_submitButton' is clicked on

2019-06-27 16:38:45 - [TEST_STEP][PASSED] - click(findTestObject("Page_cabi General Pack/input_Cream Of Wheat_button addItemForVerification")): Object: 'Object Repository/Page_cabi General Pack/input_Cream Of Wheat_button addItemForVerification' is clicked on

2019-06-27 16:38:45 - [MESSAGE][PASSED] - Object: 'Object Repository/Page_cabi General Pack/input_Cream Of Wheat_button addItemForVerification' is clicked on

2019-06-27 16:38:45 - [TEST_STEP][PASSED] - click(findTestObject("Page_cabi General Pack/input_Pack Station  30_shipConfirmBtn")): Object: 'Object Repository/Page_cabi General Pack/input_Pack Station  30_shipConfirmBtn' is clicked on

2019-06-27 16:38:47 - [MESSAGE][PASSED] - Object: 'Object Repository/Page_cabi General Pack/input_Pack Station  30_shipConfirmBtn' is clicked on

2019-06-27 16:38:47 - [TEST_STEP][PASSED] - delay(3): Delayed 3 second(s)

2019-06-27 16:38:50 - [MESSAGE][PASSED] - Delayed 3 second(s)

2019-06-27 16:38:50 - [TEST_STEP][PASSED] - itemsNotpacked = findWebElements(findTestObject("Cabi warehouse/itemsNotPacked"), 5): null

2019-06-27 16:38:50 - [TEST_STEP][PASSED] - if (itemsNotpacked.size() > 0): Object: 'Object Repository/Cabi warehouse/completeAnywayButton' is clicked on

2019-06-27 16:38:50 - [TEST_STEP][PASSED] - click(findTestObject("Cabi warehouse/completeAnywayButton")): Object: 'Object Repository/Cabi warehouse/completeAnywayButton' is clicked on

2019-06-27 16:38:55 - [MESSAGE][PASSED] - Object: 'Object Repository/Cabi warehouse/completeAnywayButton' is clicked on

2019-06-27 16:38:55 - [TEST_STEP][PASSED] - click(findTestObject("Cabi warehouse/warehouseLogout")): Object: 'Object Repository/Cabi warehouse/warehouseLogout' is clicked on

2019-06-27 16:38:57 - [MESSAGE][PASSED] - Object: 'Object Repository/Cabi warehouse/warehouseLogout' is clicked on

2019-06-27 16:38:57 - [MESSAGE][PASSED] - Call Test Case 'Test Cases/NewArrival/warehouseShipping' successfully

2019-06-27 16:38:57 - [TEST_STEP][PASSED] - callTestCase(findTestCase("TestCaseUtilities/setVHost"), [:], STOP_ON_FAILURE): Call Test Case 'Test Cases/TestCaseUtilities/setVHost' successfully

2019-06-27 16:38:57 - [TEST_CASE][PASSED] - Test Cases/TestCaseUtilities/setVHost: Test Cases/TestCaseUtilities/setVHost

2019-06-27 16:38:57 - [TEST_STEP][PASSED] - dataFile = "micrositeData": null

2019-06-27 16:38:57 - [TEST_STEP][PASSED] - ofbizURL = findTestData(dataFile).getValue("ofbizURL", 1): null

2019-06-27 16:38:57 - [TEST_STEP][PASSED] - ofbizUser = findTestData(dataFile).getValue("ofbizUser", 1): null

2019-06-27 16:38:57 - [TEST_STEP][PASSED] - ofbizPass = findTestData(dataFile).getValue("ofbizPass", 1): null

2019-06-27 16:38:57 - [TEST_STEP][PASSED] - vhostTarget = findTestData(dataFile).getValue("vhostTarget", 1): null

2019-06-27 16:38:57 - [TEST_STEP][PASSED] - navigateToUrl(ofbizURL): Navigate to 'https://pushofbiz.cliotest.com/login.php' successfully

2019-06-27 16:38:59 - [MESSAGE][PASSED] - Navigate to 'https://pushofbiz.cliotest.com/login.php' successfully

2019-06-27 16:38:59 - [TEST_STEP][PASSED] - setText(findTestObject("Object Repository/virualShowRSVPOR/Page_/input_Username_username"), ofbizUser): Text 'automation' is set on object 'Object Repository/virualShowRSVPOR/Page_/input_Username_username'

2019-06-27 16:38:59 - [MESSAGE][PASSED] - Text 'automation' is set on object 'Object Repository/virualShowRSVPOR/Page_/input_Username_username'

2019-06-27 16:38:59 - [TEST_STEP][PASSED] - setText(findTestObject("Object Repository/virualShowRSVPOR/Page_/input_Password_password"), ofbizPass): Text 'cabiautomation' is set on object 'Object Repository/virualShowRSVPOR/Page_/input_Password_password'

2019-06-27 16:38:59 - [MESSAGE][PASSED] - Text 'cabiautomation' is set on object 'Object Repository/virualShowRSVPOR/Page_/input_Password_password'

2019-06-27 16:38:59 - [TEST_STEP][PASSED] - click(findTestObject("Object Repository/virualShowRSVPOR/Page_/input_Password_Submit")): Object: 'Object Repository/virualShowRSVPOR/Page_/input_Password_Submit' is clicked on

2019-06-27 16:39:03 - [MESSAGE][PASSED] - Object: 'Object Repository/virualShowRSVPOR/Page_/input_Password_Submit' is clicked on

2019-06-27 16:39:03 - [TEST_STEP][PASSED] - click(findTestObject("Object Repository/virualShowRSVPOR/Page_/a_Set Vhost")): Object: 'Object Repository/virualShowRSVPOR/Page_/a_Set Vhost' is clicked on

2019-06-27 16:39:04 - [MESSAGE][PASSED] - Object: 'Object Repository/virualShowRSVPOR/Page_/a_Set Vhost' is clicked on

2019-06-27 16:39:04 - [TEST_STEP][PASSED] - click(UtilityMethods.createTestObject("select_target", "//select[@name='Target']/option[contains(text(), '", vhostTarget, "')]")): Object: 'select_target' is clicked on

2019-06-27 16:39:04 - [MESSAGE][PASSED] - Object: 'select_target' is clicked on

2019-06-27 16:39:04 - [TEST_STEP][PASSED] - click(findTestObject("Object Repository/virualShowRSVPOR/Page_/input")): Object: 'Object Repository/virualShowRSVPOR/Page_/input' is clicked on

2019-06-27 16:39:07 - [MESSAGE][PASSED] - Object: 'Object Repository/virualShowRSVPOR/Page_/input' is clicked on

2019-06-27 16:39:07 - [MESSAGE][PASSED] - Call Test Case 'Test Cases/TestCaseUtilities/setVHost' successfully

2019-06-27 16:39:07 - [TEST_STEP][PASSED] - callTestCase(findTestCase("TestCaseUtilities/rsLogin"), ["RSURL":"", "RSuser":"", "RSpass":""], STOP_ON_FAILURE): Call Test Case 'Test Cases/TestCaseUtilities/rsLogin' successfully

2019-06-27 16:39:07 - [TEST_CASE][PASSED] - Test Cases/TestCaseUtilities/rsLogin: Test Cases/TestCaseUtilities/rsLogin

2019-06-27 16:39:07 - [TEST_STEP][PASSED] - RSURL = findTestData("credData").getValue("RSURL", 1): null

2019-06-27 16:39:07 - [TEST_STEP][PASSED] - RSuser = findTestData("credData").getValue("RSuser", 1): null

2019-06-27 16:39:07 - [TEST_STEP][PASSED] - RSpass = findTestData("credData").getValue("RSpass", 1): null

2019-06-27 16:39:07 - [TEST_STEP][PASSED] - BSURL = findTestData("credData").getValue("BSURL", 1): null

2019-06-27 16:39:07 - [TEST_STEP][PASSED] - navigateToUrl(RSURL): Navigate to 'https://mirandakate.cabitest5.com' successfully

2019-06-27 16:39:36 - [MESSAGE][PASSED] - Navigate to 'https://mirandakate.cabitest5.com' successfully

2019-06-27 16:39:36 - [TEST_STEP][PASSED] - click(findTestObject("ReplicatedSite/rs_Page_Trendy/i_user_login")): Object: 'Object Repository/ReplicatedSite/rs_Page_Trendy/i_user_login' is clicked on

2019-06-27 16:39:36 - [MESSAGE][PASSED] - Object: 'Object Repository/ReplicatedSite/rs_Page_Trendy/i_user_login' is clicked on

2019-06-27 16:39:36 - [TEST_STEP][PASSED] - setText(findTestObject("ReplicatedSite/rs_Page_Trendy/input_Sign in  Create account_email"), RSuser): Text 'michigan@na.com' is set on object 'Object Repository/ReplicatedSite/rs_Page_Trendy/input_Sign in  Create account_email'

2019-06-27 16:39:38 - [MESSAGE][PASSED] - Text 'michigan@na.com' is set on object 'Object Repository/ReplicatedSite/rs_Page_Trendy/input_Sign in  Create account_email'

2019-06-27 16:39:38 - [TEST_STEP][PASSED] - click(findTestObject("ReplicatedSite/rs_Page_Trendy/button_Continue")): Object: 'Object Repository/ReplicatedSite/rs_Page_Trendy/button_Continue' is clicked on

2019-06-27 16:39:38 - [MESSAGE][PASSED] - Object: 'Object Repository/ReplicatedSite/rs_Page_Trendy/button_Continue' is clicked on

2019-06-27 16:39:38 - [TEST_STEP][PASSED] - setText(findTestObject("ReplicatedSite/rs_Page_Trendy/input_Welcome_password"), RSpass): Text 'blackdress19' is set on object 'Object Repository/ReplicatedSite/rs_Page_Trendy/input_Welcome_password'

2019-06-27 16:39:39 - [MESSAGE][PASSED] - Text 'blackdress19' is set on object 'Object Repository/ReplicatedSite/rs_Page_Trendy/input_Welcome_password'

2019-06-27 16:39:39 - [TEST_STEP][PASSED] - click(findTestObject("ReplicatedSite/rs_Page_Trendy/button_Continue")): Object: 'Object Repository/ReplicatedSite/rs_Page_Trendy/button_Continue' is clicked on

2019-06-27 16:39:39 - [MESSAGE][PASSED] - Object: 'Object Repository/ReplicatedSite/rs_Page_Trendy/button_Continue' is clicked on

2019-06-27 16:39:39 - [TEST_STEP][PASSED] - completeProfileLater = findWebElements(findTestObject("ReplicatedSite/rs_Page_Trendy/completeProfileLater"), 5): null

2019-06-27 16:39:41 - [TEST_STEP][PASSED] - if (completeProfileLater.size() > 0): Object: 'Object Repository/ReplicatedSite/rs_Page_Trendy/completeProfileLater' is clicked on

2019-06-27 16:39:41 - [TEST_STEP][PASSED] - click(findTestObject("ReplicatedSite/rs_Page_Trendy/completeProfileLater")): Object: 'Object Repository/ReplicatedSite/rs_Page_Trendy/completeProfileLater' is clicked on

2019-06-27 16:39:57 - [MESSAGE][PASSED] - Object: 'Object Repository/ReplicatedSite/rs_Page_Trendy/completeProfileLater' is clicked on

2019-06-27 16:39:57 - [TEST_STEP][PASSED] - if (getUrl() == BSURL): Current window's url is: 'https://mirandakate.cabitest5.com/'

2019-06-27 16:39:57 - [MESSAGE][PASSED] - Current window's url is: 'https://mirandakate.cabitest5.com/'

2019-06-27 16:39:57 - [MESSAGE][PASSED] - Call Test Case 'Test Cases/TestCaseUtilities/rsLogin' successfully

2019-06-27 16:39:57 - [TEST_STEP][FAILED] - callTestCase(findTestCase("editOrder/rsOrderHistoryConfirm"), ["orderID":"", "editScenarioNumber":5], STOP_ON_FAILURE): callTestCase(findTestCase("editOrder/rsOrderHistoryConfirm"), ["orderID":"", "editScenarioNumber":5], STOP_ON_FAILURE) FAILED.
Reason:
com.kms.katalon.core.exception.StepFailedException: Call Test Case 'Test Cases/editOrder/rsOrderHistoryConfirm' failed
	at com.kms.katalon.core.keyword.builtin.CallTestCaseKeyword$_callTestCase_closure1.doCall(CallTestCaseKeyword.groovy:63)
	at com.kms.katalon.core.keyword.builtin.CallTestCaseKeyword$_callTestCase_closure1.call(CallTestCaseKeyword.groovy)
	at com.kms.katalon.core.keyword.internal.KeywordMain.runKeyword(KeywordMain.groovy:66)
	at com.kms.katalon.core.keyword.builtin.CallTestCaseKeyword.callTestCase(CallTestCaseKeyword.groovy:81)
	at com.kms.katalon.core.keyword.builtin.CallTestCaseKeyword.execute(CallTestCaseKeyword.groovy:44)
	at com.kms.katalon.core.keyword.internal.KeywordExecutor.executeKeywordForPlatform(KeywordExecutor.groovy:56)
	at com.kms.katalon.core.keyword.BuiltinKeywords.callTestCase(BuiltinKeywords.groovy:334)
	at rsEditOrderPartialShip.run(rsEditOrderPartialShip:24)
	at com.kms.katalon.core.main.ScriptEngine.run(ScriptEngine.java:194)
	at com.kms.katalon.core.main.ScriptEngine.runScriptAsRawText(ScriptEngine.java:119)
	at com.kms.katalon.core.main.TestCaseExecutor.runScript(TestCaseExecutor.java:342)
	at com.kms.katalon.core.main.TestCaseExecutor.doExecute(TestCaseExecutor.java:333)
	at com.kms.katalon.core.main.TestCaseExecutor.processExecutionPhase(TestCaseExecutor.java:312)
	at com.kms.katalon.core.main.TestCaseExecutor.accessMainPhase(TestCaseExecutor.java:304)
	at com.kms.katalon.core.main.TestCaseExecutor.execute(TestCaseExecutor.java:238)
	at com.kms.katalon.core.main.TestSuiteExecutor.accessTestCaseMainPhase(TestSuiteExecutor.java:129)
	at com.kms.katalon.core.main.TestSuiteExecutor.accessTestSuiteMainPhase(TestSuiteExecutor.java:112)
	at com.kms.katalon.core.main.TestSuiteExecutor.execute(TestSuiteExecutor.java:81)
	at com.kms.katalon.core.main.TestCaseMain.startTestSuite(TestCaseMain.java:157)
	at com.kms.katalon.core.main.TestCaseMain$startTestSuite$0.call(Unknown Source)
	at TempTestSuite1561632781779.run(TempTestSuite1561632781779.groovy:35)
Caused by: Assertion failed: 

assert editButton.size() > 0
       |          |      |
       []         0      false

	at rsOrderHistoryConfirm.run(rsOrderHistoryConfirm:42)
	at com.kms.katalon.core.main.ScriptEngine.run(ScriptEngine.java:194)
	at com.kms.katalon.core.main.ScriptEngine.runScriptAsRawText(ScriptEngine.java:119)
	at com.kms.katalon.core.main.TestCaseExecutor.runScript(TestCaseExecutor.java:342)
	at com.kms.katalon.core.main.TestCaseExecutor.doExecute(TestCaseExecutor.java:333)
	at com.kms.katalon.core.main.TestCaseExecutor.processExecutionPhase(TestCaseExecutor.java:312)
	at com.kms.katalon.core.main.TestCaseExecutor.accessMainPhase(TestCaseExecutor.java:304)
	at com.kms.katalon.core.main.TestCaseExecutor.execute(TestCaseExecutor.java:238)
	at com.kms.katalon.core.main.TestCaseMain.runTestCase(TestCaseMain.java:114)
	at com.kms.katalon.core.keyword.builtin.CallTestCaseKeyword$_callTestCase_closure1.doCall(CallTestCaseKeyword.groovy:59)
	... 20 more


2019-06-27 16:39:57 - [TEST_CASE][FAILED] - Test Cases/editOrder/rsOrderHistoryConfirm: Test Cases/editOrder/rsOrderHistoryConfirm FAILED.
Reason:
Assertion failed: 

assert editButton.size() > 0
       |          |      |
       []         0      false

	at rsOrderHistoryConfirm.run(rsOrderHistoryConfirm:42)
	at com.kms.katalon.core.main.ScriptEngine.run(ScriptEngine.java:194)
	at com.kms.katalon.core.main.ScriptEngine.runScriptAsRawText(ScriptEngine.java:119)
	at com.kms.katalon.core.main.TestCaseExecutor.runScript(TestCaseExecutor.java:342)
	at com.kms.katalon.core.main.TestCaseExecutor.doExecute(TestCaseExecutor.java:333)
	at com.kms.katalon.core.main.TestCaseExecutor.processExecutionPhase(TestCaseExecutor.java:312)
	at com.kms.katalon.core.main.TestCaseExecutor.accessMainPhase(TestCaseExecutor.java:304)
	at com.kms.katalon.core.main.TestCaseExecutor.execute(TestCaseExecutor.java:238)
	at com.kms.katalon.core.main.TestCaseMain.runTestCase(TestCaseMain.java:114)
	at com.kms.katalon.core.keyword.builtin.CallTestCaseKeyword$_callTestCase_closure1.doCall(CallTestCaseKeyword.groovy:59)
	at com.kms.katalon.core.keyword.builtin.CallTestCaseKeyword$_callTestCase_closure1.call(CallTestCaseKeyword.groovy)
	at com.kms.katalon.core.keyword.internal.KeywordMain.runKeyword(KeywordMain.groovy:66)
	at com.kms.katalon.core.keyword.builtin.CallTestCaseKeyword.callTestCase(CallTestCaseKeyword.groovy:81)
	at com.kms.katalon.core.keyword.builtin.CallTestCaseKeyword.execute(CallTestCaseKeyword.groovy:44)
	at com.kms.katalon.core.keyword.internal.KeywordExecutor.executeKeywordForPlatform(KeywordExecutor.groovy:56)
	at com.kms.katalon.core.keyword.BuiltinKeywords.callTestCase(BuiltinKeywords.groovy:334)
	at rsEditOrderPartialShip.run(rsEditOrderPartialShip:24)
	at com.kms.katalon.core.main.ScriptEngine.run(ScriptEngine.java:194)
	at com.kms.katalon.core.main.ScriptEngine.runScriptAsRawText(ScriptEngine.java:119)
	at com.kms.katalon.core.main.TestCaseExecutor.runScript(TestCaseExecutor.java:342)
	at com.kms.katalon.core.main.TestCaseExecutor.doExecute(TestCaseExecutor.java:333)
	at com.kms.katalon.core.main.TestCaseExecutor.processExecutionPhase(TestCaseExecutor.java:312)
	at com.kms.katalon.core.main.TestCaseExecutor.accessMainPhase(TestCaseExecutor.java:304)
	at com.kms.katalon.core.main.TestCaseExecutor.execute(TestCaseExecutor.java:238)
	at com.kms.katalon.core.main.TestSuiteExecutor.accessTestCaseMainPhase(TestSuiteExecutor.java:129)
	at com.kms.katalon.core.main.TestSuiteExecutor.accessTestSuiteMainPhase(TestSuiteExecutor.java:112)
	at com.kms.katalon.core.main.TestSuiteExecutor.execute(TestSuiteExecutor.java:81)
	at com.kms.katalon.core.main.TestCaseMain.startTestSuite(TestCaseMain.java:157)
	at com.kms.katalon.core.main.TestCaseMain$startTestSuite$0.call(Unknown Source)
	at TempTestSuite1561632781779.run(TempTestSuite1561632781779.groovy:35)


2019-06-27 16:39:57 - [TEST_STEP][PASSED] - orderID = retailOrderID: null

2019-06-27 16:39:57 - [TEST_STEP][PASSED] - println(orderID): null

2019-06-27 16:39:57 - [TEST_STEP][PASSED] - xpath = UtilityMethods.concat("//span[contains(text(), '", orderID, "')]/parent::div/parent::div/div[@class='table-row-edit-order']//a"): null

2019-06-27 16:39:57 - [TEST_STEP][PASSED] - to = new com.kms.katalon.core.testobject.TestObject(a_link_dynamic): null

2019-06-27 16:39:57 - [TEST_STEP][PASSED] - to.addProperty("xpath", EQUALS, xpath): null

2019-06-27 16:39:57 - [TEST_STEP][PASSED] - click(findTestObject("ReplicatedSite/rs_Page_Trendy/i_Michigan_fa fa-caret-down")): Object: 'Object Repository/ReplicatedSite/rs_Page_Trendy/i_Michigan_fa fa-caret-down' is clicked on

2019-06-27 16:39:58 - [MESSAGE][PASSED] - Object: 'Object Repository/ReplicatedSite/rs_Page_Trendy/i_Michigan_fa fa-caret-down' is clicked on

2019-06-27 16:39:58 - [TEST_STEP][PASSED] - click(findTestObject("ReplicatedSite/rs_Page_Trendy/a_My Profile")): Object: 'Object Repository/ReplicatedSite/rs_Page_Trendy/a_My Profile' is clicked on

2019-06-27 16:40:12 - [MESSAGE][PASSED] - Object: 'Object Repository/ReplicatedSite/rs_Page_Trendy/a_My Profile' is clicked on

2019-06-27 16:40:12 - [TEST_STEP][PASSED] - click(findTestObject("Object Repository/ReplicatedSite/Page_Profile - Cabi Fall 2018 Collection/span_Order History")): Object: 'Object Repository/ReplicatedSite/Page_Profile - Cabi Fall 2018 Collection/span_Order History' is clicked on

2019-06-27 16:40:13 - [MESSAGE][PASSED] - Object: 'Object Repository/ReplicatedSite/Page_Profile - Cabi Fall 2018 Collection/span_Order History' is clicked on

2019-06-27 16:40:13 - [TEST_STEP][PASSED] - delay(5): Delayed 5 second(s)

2019-06-27 16:40:18 - [MESSAGE][PASSED] - Delayed 5 second(s)

2019-06-27 16:40:18 - [TEST_STEP][PASSED] - editButton = findWebElements(to, 1): Unable to find the element located by 'By.xpath: //span[contains(text(), 'RT707974303')]/parent::div/parent::div/div[@class='table-row-edit-order']//a'. Please recheck the objects properties to make sure the desired element is located. 

2019-06-27 16:40:19 - [MESSAGE][INFO] - Unable to find the element located by 'By.xpath: //span[contains(text(), 'RT707974303')]/parent::div/parent::div/div[@class='table-row-edit-order']//a'. Please recheck the objects properties to make sure the desired element is located. 

2019-06-27 16:40:19 - [TEST_STEP][FAILED] - assert editButton.size() > 0: assert editButton.size() > 0 FAILED.
Reason:
Assertion failed: 

assert editButton.size() > 0
       |          |      |
       []         0      false

	at rsOrderHistoryConfirm.run(rsOrderHistoryConfirm:42)
	at com.kms.katalon.core.main.ScriptEngine.run(ScriptEngine.java:194)
	at com.kms.katalon.core.main.ScriptEngine.runScriptAsRawText(ScriptEngine.java:119)
	at com.kms.katalon.core.main.TestCaseExecutor.runScript(TestCaseExecutor.java:342)
	at com.kms.katalon.core.main.TestCaseExecutor.doExecute(TestCaseExecutor.java:333)
	at com.kms.katalon.core.main.TestCaseExecutor.processExecutionPhase(TestCaseExecutor.java:312)
	at com.kms.katalon.core.main.TestCaseExecutor.accessMainPhase(TestCaseExecutor.java:304)
	at com.kms.katalon.core.main.TestCaseExecutor.execute(TestCaseExecutor.java:238)
	at com.kms.katalon.core.main.TestCaseMain.runTestCase(TestCaseMain.java:114)
	at com.kms.katalon.core.keyword.builtin.CallTestCaseKeyword$_callTestCase_closure1.doCall(CallTestCaseKeyword.groovy:59)
	at com.kms.katalon.core.keyword.builtin.CallTestCaseKeyword$_callTestCase_closure1.call(CallTestCaseKeyword.groovy)
	at com.kms.katalon.core.keyword.internal.KeywordMain.runKeyword(KeywordMain.groovy:66)
	at com.kms.katalon.core.keyword.builtin.CallTestCaseKeyword.callTestCase(CallTestCaseKeyword.groovy:81)
	at com.kms.katalon.core.keyword.builtin.CallTestCaseKeyword.execute(CallTestCaseKeyword.groovy:44)
	at com.kms.katalon.core.keyword.internal.KeywordExecutor.executeKeywordForPlatform(KeywordExecutor.groovy:56)
	at com.kms.katalon.core.keyword.BuiltinKeywords.callTestCase(BuiltinKeywords.groovy:334)
	at rsEditOrderPartialShip.run(rsEditOrderPartialShip:24)
	at com.kms.katalon.core.main.ScriptEngine.run(ScriptEngine.java:194)
	at com.kms.katalon.core.main.ScriptEngine.runScriptAsRawText(ScriptEngine.java:119)
	at com.kms.katalon.core.main.TestCaseExecutor.runScript(TestCaseExecutor.java:342)
	at com.kms.katalon.core.main.TestCaseExecutor.doExecute(TestCaseExecutor.java:333)
	at com.kms.katalon.core.main.TestCaseExecutor.processExecutionPhase(TestCaseExecutor.java:312)
	at com.kms.katalon.core.main.TestCaseExecutor.accessMainPhase(TestCaseExecutor.java:304)
	at com.kms.katalon.core.main.TestCaseExecutor.execute(TestCaseExecutor.java:238)
	at com.kms.katalon.core.main.TestSuiteExecutor.accessTestCaseMainPhase(TestSuiteExecutor.java:129)
	at com.kms.katalon.core.main.TestSuiteExecutor.accessTestSuiteMainPhase(TestSuiteExecutor.java:112)
	at com.kms.katalon.core.main.TestSuiteExecutor.execute(TestSuiteExecutor.java:81)
	at com.kms.katalon.core.main.TestCaseMain.startTestSuite(TestCaseMain.java:157)
	at com.kms.katalon.core.main.TestCaseMain$startTestSuite$0.call(Unknown Source)
	at TempTestSuite1561632781779.run(TempTestSuite1561632781779.groovy:35)


2019-06-27 16:40:19 - [MESSAGE][FAILED] - assert editButton.size() > 0 FAILED.
Reason:
Assertion failed: 

assert editButton.size() > 0
       |          |      |
       []         0      false

	at rsOrderHistoryConfirm.run(rsOrderHistoryConfirm:42)
	at com.kms.katalon.core.main.ScriptEngine.run(ScriptEngine.java:194)
	at com.kms.katalon.core.main.ScriptEngine.runScriptAsRawText(ScriptEngine.java:119)
	at com.kms.katalon.core.main.TestCaseExecutor.runScript(TestCaseExecutor.java:342)
	at com.kms.katalon.core.main.TestCaseExecutor.doExecute(TestCaseExecutor.java:333)
	at com.kms.katalon.core.main.TestCaseExecutor.processExecutionPhase(TestCaseExecutor.java:312)
	at com.kms.katalon.core.main.TestCaseExecutor.accessMainPhase(TestCaseExecutor.java:304)
	at com.kms.katalon.core.main.TestCaseExecutor.execute(TestCaseExecutor.java:238)
	at com.kms.katalon.core.main.TestCaseMain.runTestCase(TestCaseMain.java:114)
	at com.kms.katalon.core.keyword.builtin.CallTestCaseKeyword$_callTestCase_closure1.doCall(CallTestCaseKeyword.groovy:59)
	at com.kms.katalon.core.keyword.builtin.CallTestCaseKeyword$_callTestCase_closure1.call(CallTestCaseKeyword.groovy)
	at com.kms.katalon.core.keyword.internal.KeywordMain.runKeyword(KeywordMain.groovy:66)
	at com.kms.katalon.core.keyword.builtin.CallTestCaseKeyword.callTestCase(CallTestCaseKeyword.groovy:81)
	at com.kms.katalon.core.keyword.builtin.CallTestCaseKeyword.execute(CallTestCaseKeyword.groovy:44)
	at com.kms.katalon.core.keyword.internal.KeywordExecutor.executeKeywordForPlatform(KeywordExecutor.groovy:56)
	at com.kms.katalon.core.keyword.BuiltinKeywords.callTestCase(BuiltinKeywords.groovy:334)
	at rsEditOrderPartialShip.run(rsEditOrderPartialShip:24)
	at com.kms.katalon.core.main.ScriptEngine.run(ScriptEngine.java:194)
	at com.kms.katalon.core.main.ScriptEngine.runScriptAsRawText(ScriptEngine.java:119)
	at com.kms.katalon.core.main.TestCaseExecutor.runScript(TestCaseExecutor.java:342)
	at com.kms.katalon.core.main.TestCaseExecutor.doExecute(TestCaseExecutor.java:333)
	at com.kms.katalon.core.main.TestCaseExecutor.processExecutionPhase(TestCaseExecutor.java:312)
	at com.kms.katalon.core.main.TestCaseExecutor.accessMainPhase(TestCaseExecutor.java:304)
	at com.kms.katalon.core.main.TestCaseExecutor.execute(TestCaseExecutor.java:238)
	at com.kms.katalon.core.main.TestSuiteExecutor.accessTestCaseMainPhase(TestSuiteExecutor.java:129)
	at com.kms.katalon.core.main.TestSuiteExecutor.accessTestSuiteMainPhase(TestSuiteExecutor.java:112)
	at com.kms.katalon.core.main.TestSuiteExecutor.execute(TestSuiteExecutor.java:81)
	at com.kms.katalon.core.main.TestCaseMain.startTestSuite(TestCaseMain.java:157)
	at com.kms.katalon.core.main.TestCaseMain$startTestSuite$0.call(Unknown Source)
	at TempTestSuite1561632781779.run(TempTestSuite1561632781779.groovy:35)


2019-06-27 16:40:19 - [MESSAGE][FAILED] - Unable to call Test Case 'Test Cases/editOrder/rsOrderHistoryConfirm' (Root cause: com.kms.katalon.core.exception.StepFailedException: Call Test Case 'Test Cases/editOrder/rsOrderHistoryConfirm' failed
	at com.kms.katalon.core.keyword.builtin.CallTestCaseKeyword$_callTestCase_closure1.doCall(CallTestCaseKeyword.groovy:63)
	at com.kms.katalon.core.keyword.builtin.CallTestCaseKeyword$_callTestCase_closure1.call(CallTestCaseKeyword.groovy)
	at com.kms.katalon.core.keyword.internal.KeywordMain.runKeyword(KeywordMain.groovy:66)
	at com.kms.katalon.core.keyword.builtin.CallTestCaseKeyword.callTestCase(CallTestCaseKeyword.groovy:81)
	at com.kms.katalon.core.keyword.builtin.CallTestCaseKeyword.execute(CallTestCaseKeyword.groovy:44)
	at com.kms.katalon.core.keyword.internal.KeywordExecutor.executeKeywordForPlatform(KeywordExecutor.groovy:56)
	at com.kms.katalon.core.keyword.BuiltinKeywords.callTestCase(BuiltinKeywords.groovy:334)
	at rsEditOrderPartialShip.run(rsEditOrderPartialShip:24)
	at com.kms.katalon.core.main.ScriptEngine.run(ScriptEngine.java:194)
	at com.kms.katalon.core.main.ScriptEngine.runScriptAsRawText(ScriptEngine.java:119)
	at com.kms.katalon.core.main.TestCaseExecutor.runScript(TestCaseExecutor.java:342)
	at com.kms.katalon.core.main.TestCaseExecutor.doExecute(TestCaseExecutor.java:333)
	at com.kms.katalon.core.main.TestCaseExecutor.processExecutionPhase(TestCaseExecutor.java:312)
	at com.kms.katalon.core.main.TestCaseExecutor.accessMainPhase(TestCaseExecutor.java:304)
	at com.kms.katalon.core.main.TestCaseExecutor.execute(TestCaseExecutor.java:238)
	at com.kms.katalon.core.main.TestSuiteExecutor.accessTestCaseMainPhase(TestSuiteExecutor.java:129)
	at com.kms.katalon.core.main.TestSuiteExecutor.accessTestSuiteMainPhase(TestSuiteExecutor.java:112)
	at com.kms.katalon.core.main.TestSuiteExecutor.execute(TestSuiteExecutor.java:81)
	at com.kms.katalon.core.main.TestCaseMain.startTestSuite(TestCaseMain.java:157)
	at com.kms.katalon.core.main.TestCaseMain$startTestSuite$0.call(Unknown Source)
	at TempTestSuite1561632781779.run(TempTestSuite1561632781779.groovy:35)
Caused by: Assertion failed: 

assert editButton.size() > 0
       |          |      |
       []         0      false

	at rsOrderHistoryConfirm.run(rsOrderHistoryConfirm:42)
	at com.kms.katalon.core.main.ScriptEngine.run(ScriptEngine.java:194)
	at com.kms.katalon.core.main.ScriptEngine.runScriptAsRawText(ScriptEngine.java:119)
	at com.kms.katalon.core.main.TestCaseExecutor.runScript(TestCaseExecutor.java:342)
	at com.kms.katalon.core.main.TestCaseExecutor.doExecute(TestCaseExecutor.java:333)
	at com.kms.katalon.core.main.TestCaseExecutor.processExecutionPhase(TestCaseExecutor.java:312)
	at com.kms.katalon.core.main.TestCaseExecutor.accessMainPhase(TestCaseExecutor.java:304)
	at com.kms.katalon.core.main.TestCaseExecutor.execute(TestCaseExecutor.java:238)
	at com.kms.katalon.core.main.TestCaseMain.runTestCase(TestCaseMain.java:114)
	at com.kms.katalon.core.keyword.builtin.CallTestCaseKeyword$_callTestCase_closure1.doCall(CallTestCaseKeyword.groovy:59)
	... 20 more
)

2019-06-27 16:40:19 - [MESSAGE][FAILED] - callTestCase(findTestCase("editOrder/rsOrderHistoryConfirm"), ["orderID":"", "editScenarioNumber":5], STOP_ON_FAILURE) FAILED.
Reason:
com.kms.katalon.core.exception.StepFailedException: Call Test Case 'Test Cases/editOrder/rsOrderHistoryConfirm' failed
	at com.kms.katalon.core.keyword.builtin.CallTestCaseKeyword$_callTestCase_closure1.doCall(CallTestCaseKeyword.groovy:63)
	at com.kms.katalon.core.keyword.builtin.CallTestCaseKeyword$_callTestCase_closure1.call(CallTestCaseKeyword.groovy)
	at com.kms.katalon.core.keyword.internal.KeywordMain.runKeyword(KeywordMain.groovy:66)
	at com.kms.katalon.core.keyword.builtin.CallTestCaseKeyword.callTestCase(CallTestCaseKeyword.groovy:81)
	at com.kms.katalon.core.keyword.builtin.CallTestCaseKeyword.execute(CallTestCaseKeyword.groovy:44)
	at com.kms.katalon.core.keyword.internal.KeywordExecutor.executeKeywordForPlatform(KeywordExecutor.groovy:56)
	at com.kms.katalon.core.keyword.BuiltinKeywords.callTestCase(BuiltinKeywords.groovy:334)
	at rsEditOrderPartialShip.run(rsEditOrderPartialShip:24)
	at com.kms.katalon.core.main.ScriptEngine.run(ScriptEngine.java:194)
	at com.kms.katalon.core.main.ScriptEngine.runScriptAsRawText(ScriptEngine.java:119)
	at com.kms.katalon.core.main.TestCaseExecutor.runScript(TestCaseExecutor.java:342)
	at com.kms.katalon.core.main.TestCaseExecutor.doExecute(TestCaseExecutor.java:333)
	at com.kms.katalon.core.main.TestCaseExecutor.processExecutionPhase(TestCaseExecutor.java:312)
	at com.kms.katalon.core.main.TestCaseExecutor.accessMainPhase(TestCaseExecutor.java:304)
	at com.kms.katalon.core.main.TestCaseExecutor.execute(TestCaseExecutor.java:238)
	at com.kms.katalon.core.main.TestSuiteExecutor.accessTestCaseMainPhase(TestSuiteExecutor.java:129)
	at com.kms.katalon.core.main.TestSuiteExecutor.accessTestSuiteMainPhase(TestSuiteExecutor.java:112)
	at com.kms.katalon.core.main.TestSuiteExecutor.execute(TestSuiteExecutor.java:81)
	at com.kms.katalon.core.main.TestCaseMain.startTestSuite(TestCaseMain.java:157)
	at com.kms.katalon.core.main.TestCaseMain$startTestSuite$0.call(Unknown Source)
	at TempTestSuite1561632781779.run(TempTestSuite1561632781779.groovy:35)
Caused by: Assertion failed: 

assert editButton.size() > 0
       |          |      |
       []         0      false

	at rsOrderHistoryConfirm.run(rsOrderHistoryConfirm:42)
	at com.kms.katalon.core.main.ScriptEngine.run(ScriptEngine.java:194)
	at com.kms.katalon.core.main.ScriptEngine.runScriptAsRawText(ScriptEngine.java:119)
	at com.kms.katalon.core.main.TestCaseExecutor.runScript(TestCaseExecutor.java:342)
	at com.kms.katalon.core.main.TestCaseExecutor.doExecute(TestCaseExecutor.java:333)
	at com.kms.katalon.core.main.TestCaseExecutor.processExecutionPhase(TestCaseExecutor.java:312)
	at com.kms.katalon.core.main.TestCaseExecutor.accessMainPhase(TestCaseExecutor.java:304)
	at com.kms.katalon.core.main.TestCaseExecutor.execute(TestCaseExecutor.java:238)
	at com.kms.katalon.core.main.TestCaseMain.runTestCase(TestCaseMain.java:114)
	at com.kms.katalon.core.keyword.builtin.CallTestCaseKeyword$_callTestCase_closure1.doCall(CallTestCaseKeyword.groovy:59)
	... 20 more]]></system-out>
         <system-err><![CDATA[2019-06-27 16:35:57 - [TEST_CASE][FAILED] - Test Cases/editOrder/rsEditOrderPartialShip: Test Cases/editOrder/rsEditOrderPartialShip FAILED.
Reason:
com.kms.katalon.core.exception.StepFailedException: Call Test Case 'Test Cases/editOrder/rsOrderHistoryConfirm' failed
	at com.kms.katalon.core.keyword.builtin.CallTestCaseKeyword$_callTestCase_closure1.doCall(CallTestCaseKeyword.groovy:63)
	at com.kms.katalon.core.keyword.builtin.CallTestCaseKeyword$_callTestCase_closure1.call(CallTestCaseKeyword.groovy)
	at com.kms.katalon.core.keyword.internal.KeywordMain.runKeyword(KeywordMain.groovy:66)
	at com.kms.katalon.core.keyword.builtin.CallTestCaseKeyword.callTestCase(CallTestCaseKeyword.groovy:81)
	at com.kms.katalon.core.keyword.builtin.CallTestCaseKeyword.execute(CallTestCaseKeyword.groovy:44)
	at com.kms.katalon.core.keyword.internal.KeywordExecutor.executeKeywordForPlatform(KeywordExecutor.groovy:56)
	at com.kms.katalon.core.keyword.BuiltinKeywords.callTestCase(BuiltinKeywords.groovy:334)
	at rsEditOrderPartialShip.run(rsEditOrderPartialShip:24)
	at com.kms.katalon.core.main.ScriptEngine.run(ScriptEngine.java:194)
	at com.kms.katalon.core.main.ScriptEngine.runScriptAsRawText(ScriptEngine.java:119)
	at com.kms.katalon.core.main.TestCaseExecutor.runScript(TestCaseExecutor.java:342)
	at com.kms.katalon.core.main.TestCaseExecutor.doExecute(TestCaseExecutor.java:333)
	at com.kms.katalon.core.main.TestCaseExecutor.processExecutionPhase(TestCaseExecutor.java:312)
	at com.kms.katalon.core.main.TestCaseExecutor.accessMainPhase(TestCaseExecutor.java:304)
	at com.kms.katalon.core.main.TestCaseExecutor.execute(TestCaseExecutor.java:238)
	at com.kms.katalon.core.main.TestSuiteExecutor.accessTestCaseMainPhase(TestSuiteExecutor.java:129)
	at com.kms.katalon.core.main.TestSuiteExecutor.accessTestSuiteMainPhase(TestSuiteExecutor.java:112)
	at com.kms.katalon.core.main.TestSuiteExecutor.execute(TestSuiteExecutor.java:81)
	at com.kms.katalon.core.main.TestCaseMain.startTestSuite(TestCaseMain.java:157)
	at com.kms.katalon.core.main.TestCaseMain$startTestSuite$0.call(Unknown Source)
	at TempTestSuite1561632781779.run(TempTestSuite1561632781779.groovy:35)
Caused by: Assertion failed: 

assert editButton.size() > 0
       |          |      |
       []         0      false

	at rsOrderHistoryConfirm.run(rsOrderHistoryConfirm:42)
	at com.kms.katalon.core.main.ScriptEngine.run(ScriptEngine.java:194)
	at com.kms.katalon.core.main.ScriptEngine.runScriptAsRawText(ScriptEngine.java:119)
	at com.kms.katalon.core.main.TestCaseExecutor.runScript(TestCaseExecutor.java:342)
	at com.kms.katalon.core.main.TestCaseExecutor.doExecute(TestCaseExecutor.java:333)
	at com.kms.katalon.core.main.TestCaseExecutor.processExecutionPhase(TestCaseExecutor.java:312)
	at com.kms.katalon.core.main.TestCaseExecutor.accessMainPhase(TestCaseExecutor.java:304)
	at com.kms.katalon.core.main.TestCaseExecutor.execute(TestCaseExecutor.java:238)
	at com.kms.katalon.core.main.TestCaseMain.runTestCase(TestCaseMain.java:114)
	at com.kms.katalon.core.keyword.builtin.CallTestCaseKeyword$_callTestCase_closure1.doCall(CallTestCaseKeyword.groovy:59)
	... 20 more]]></system-err>
      </testcase>
      <system-out><![CDATA[2019-06-27 16:23:09 - [TEST_SUITE][FAILED] - EditOrderTestSuit: Test Cases/editOrder/rsEditOrderSimple FAILED.
Reason:
com.kms.katalon.core.exception.StepFailedException: Call Test Case 'Test Cases/editOrder/rsOrderHistoryConfirm' failed
	at com.kms.katalon.core.keyword.builtin.CallTestCaseKeyword$_callTestCase_closure1.doCall(CallTestCaseKeyword.groovy:63)
	at com.kms.katalon.core.keyword.builtin.CallTestCaseKeyword$_callTestCase_closure1.call(CallTestCaseKeyword.groovy)
	at com.kms.katalon.core.keyword.internal.KeywordMain.runKeyword(KeywordMain.groovy:66)
	at com.kms.katalon.core.keyword.builtin.CallTestCaseKeyword.callTestCase(CallTestCaseKeyword.groovy:81)
	at com.kms.katalon.core.keyword.builtin.CallTestCaseKeyword.execute(CallTestCaseKeyword.groovy:44)
	at com.kms.katalon.core.keyword.internal.KeywordExecutor.executeKeywordForPlatform(KeywordExecutor.groovy:56)
	at com.kms.katalon.core.keyword.BuiltinKeywords.callTestCase(BuiltinKeywords.groovy:334)
	at rsEditOrderSimple.run(rsEditOrderSimple:24)
	at com.kms.katalon.core.main.ScriptEngine.run(ScriptEngine.java:194)
	at com.kms.katalon.core.main.ScriptEngine.runScriptAsRawText(ScriptEngine.java:119)
	at com.kms.katalon.core.main.TestCaseExecutor.runScript(TestCaseExecutor.java:342)
	at com.kms.katalon.core.main.TestCaseExecutor.doExecute(TestCaseExecutor.java:333)
	at com.kms.katalon.core.main.TestCaseExecutor.processExecutionPhase(TestCaseExecutor.java:312)
	at com.kms.katalon.core.main.TestCaseExecutor.accessMainPhase(TestCaseExecutor.java:304)
	at com.kms.katalon.core.main.TestCaseExecutor.execute(TestCaseExecutor.java:238)
	at com.kms.katalon.core.main.TestSuiteExecutor.accessTestCaseMainPhase(TestSuiteExecutor.java:129)
	at com.kms.katalon.core.main.TestSuiteExecutor.accessTestSuiteMainPhase(TestSuiteExecutor.java:112)
	at com.kms.katalon.core.main.TestSuiteExecutor.execute(TestSuiteExecutor.java:81)
	at com.kms.katalon.core.main.TestCaseMain.startTestSuite(TestCaseMain.java:157)
	at com.kms.katalon.core.main.TestCaseMain$startTestSuite$0.call(Unknown Source)
	at TempTestSuite1561632781779.run(TempTestSuite1561632781779.groovy:35)
Caused by: Assertion failed: 

assert updateButton.size() > 0
       |            |      |
       []           0      false

	at rsOrderHistoryConfirm.run(rsOrderHistoryConfirm:53)
	at com.kms.katalon.core.main.ScriptEngine.run(ScriptEngine.java:194)
	at com.kms.katalon.core.main.ScriptEngine.runScriptAsRawText(ScriptEngine.java:119)
	at com.kms.katalon.core.main.TestCaseExecutor.runScript(TestCaseExecutor.java:342)
	at com.kms.katalon.core.main.TestCaseExecutor.doExecute(TestCaseExecutor.java:333)
	at com.kms.katalon.core.main.TestCaseExecutor.processExecutionPhase(TestCaseExecutor.java:312)
	at com.kms.katalon.core.main.TestCaseExecutor.accessMainPhase(TestCaseExecutor.java:304)
	at com.kms.katalon.core.main.TestCaseExecutor.execute(TestCaseExecutor.java:238)
	at com.kms.katalon.core.main.TestCaseMain.runTestCase(TestCaseMain.java:114)
	at com.kms.katalon.core.keyword.builtin.CallTestCaseKeyword$_callTestCase_closure1.doCall(CallTestCaseKeyword.groovy:59)
	... 20 more]]></system-out>
      <system-err><![CDATA[2019-06-27 16:23:09 - [TEST_SUITE][FAILED] - EditOrderTestSuit: Test Cases/editOrder/rsEditOrderSimple FAILED.
Reason:
com.kms.katalon.core.exception.StepFailedException: Call Test Case 'Test Cases/editOrder/rsOrderHistoryConfirm' failed
	at com.kms.katalon.core.keyword.builtin.CallTestCaseKeyword$_callTestCase_closure1.doCall(CallTestCaseKeyword.groovy:63)
	at com.kms.katalon.core.keyword.builtin.CallTestCaseKeyword$_callTestCase_closure1.call(CallTestCaseKeyword.groovy)
	at com.kms.katalon.core.keyword.internal.KeywordMain.runKeyword(KeywordMain.groovy:66)
	at com.kms.katalon.core.keyword.builtin.CallTestCaseKeyword.callTestCase(CallTestCaseKeyword.groovy:81)
	at com.kms.katalon.core.keyword.builtin.CallTestCaseKeyword.execute(CallTestCaseKeyword.groovy:44)
	at com.kms.katalon.core.keyword.internal.KeywordExecutor.executeKeywordForPlatform(KeywordExecutor.groovy:56)
	at com.kms.katalon.core.keyword.BuiltinKeywords.callTestCase(BuiltinKeywords.groovy:334)
	at rsEditOrderSimple.run(rsEditOrderSimple:24)
	at com.kms.katalon.core.main.ScriptEngine.run(ScriptEngine.java:194)
	at com.kms.katalon.core.main.ScriptEngine.runScriptAsRawText(ScriptEngine.java:119)
	at com.kms.katalon.core.main.TestCaseExecutor.runScript(TestCaseExecutor.java:342)
	at com.kms.katalon.core.main.TestCaseExecutor.doExecute(TestCaseExecutor.java:333)
	at com.kms.katalon.core.main.TestCaseExecutor.processExecutionPhase(TestCaseExecutor.java:312)
	at com.kms.katalon.core.main.TestCaseExecutor.accessMainPhase(TestCaseExecutor.java:304)
	at com.kms.katalon.core.main.TestCaseExecutor.execute(TestCaseExecutor.java:238)
	at com.kms.katalon.core.main.TestSuiteExecutor.accessTestCaseMainPhase(TestSuiteExecutor.java:129)
	at com.kms.katalon.core.main.TestSuiteExecutor.accessTestSuiteMainPhase(TestSuiteExecutor.java:112)
	at com.kms.katalon.core.main.TestSuiteExecutor.execute(TestSuiteExecutor.java:81)
	at com.kms.katalon.core.main.TestCaseMain.startTestSuite(TestCaseMain.java:157)
	at com.kms.katalon.core.main.TestCaseMain$startTestSuite$0.call(Unknown Source)
	at TempTestSuite1561632781779.run(TempTestSuite1561632781779.groovy:35)
Caused by: Assertion failed: 

assert updateButton.size() > 0
       |            |      |
       []           0      false

	at rsOrderHistoryConfirm.run(rsOrderHistoryConfirm:53)
	at com.kms.katalon.core.main.ScriptEngine.run(ScriptEngine.java:194)
	at com.kms.katalon.core.main.ScriptEngine.runScriptAsRawText(ScriptEngine.java:119)
	at com.kms.katalon.core.main.TestCaseExecutor.runScript(TestCaseExecutor.java:342)
	at com.kms.katalon.core.main.TestCaseExecutor.doExecute(TestCaseExecutor.java:333)
	at com.kms.katalon.core.main.TestCaseExecutor.processExecutionPhase(TestCaseExecutor.java:312)
	at com.kms.katalon.core.main.TestCaseExecutor.accessMainPhase(TestCaseExecutor.java:304)
	at com.kms.katalon.core.main.TestCaseExecutor.execute(TestCaseExecutor.java:238)
	at com.kms.katalon.core.main.TestCaseMain.runTestCase(TestCaseMain.java:114)
	at com.kms.katalon.core.keyword.builtin.CallTestCaseKeyword$_callTestCase_closure1.doCall(CallTestCaseKeyword.groovy:59)
	... 20 more]]></system-err>
   </testsuite>
</testsuites>
