<?xml version="1.0" encoding="UTF-8"?>
<testsuites name="OrderCreatorSuiteOnline" time="256" tests="1" failures="0" errors="0">
   <testsuite name="OrderCreatorSuiteOnline" tests="1" failures="0" errors="0" time="256" timestamp="2019-10-21 20:23:01" hostname="user - 10.0.102.86" id="Test Suites/OrderCreatorSuites/OrderCreatorSuiteOnline">
      <properties>
         <property name="deviceName" value=""/>
         <property name="devicePlatform" value=""/>
         <property name="logFolder" value="C:\\Users\\user\\Documents\\testautomation\\KatalonProjects\\Reports\\OrderCreatorSuites\\OrderCreatorSuiteOnline\\20191021_202252"/>
         <property name="logFiles" value="C:\\Users\\user\\Documents\\testautomation\\KatalonProjects\\Reports\\OrderCreatorSuites\\OrderCreatorSuiteOnline\\20191021_202252\\execution0.log"/>
         <property name="attachments" value=""/>
         <property name="hostName" value="user - 10.0.102.86"/>
         <property name="os" value="Windows 8.1 64bit"/>
         <property name="katalonVersion" value="6.1.1.1"/>
         <property name="browser" value="Chrome 77.0.3865.120"/>
         <property name="hostAddress" value="10.0.102.86"/>
         <property name="sessionId" value="56336a18bcd68123c174ab13d77ee452"/>
         <property name="seleniumVersion" value="3.7.1"/>
         <property name="proxyInformation" value="ProxyInformation{proxyOption=NO_PROXY, proxyServerType=HTTP, password=, proxyServerAddress=, proxyServerPort=0}"/>
         <property name="platform" value="Windows 8.1"/>
      </properties>
      <testcase name="Test Cases/OrderCreator/massOrderCreationOnline" classname="Test Cases/OrderCreator/massOrderCreationOnline" status="PASSED">
         <system-out><![CDATA[2019-10-21 20:23:02 - [TEST_CASE][PASSED] - Test Cases/OrderCreator/massOrderCreationOnline: Test Cases/OrderCreator/massOrderCreationOnline

2019-10-21 20:23:02 - [TEST_STEP][PASSED] - Start listener action : sampleBeforeTestCase: null

2019-10-21 20:23:02 - [TEST_STEP][PASSED] - println(testCaseContext.getTestCaseId()): null

2019-10-21 20:23:02 - [TEST_STEP][PASSED] - println(testCaseContext.getTestCaseVariables()): null

2019-10-21 20:23:05 - [TEST_STEP][PASSED] - openBrowser(""): Browser is opened with url: ''

2019-10-21 20:23:06 - [MESSAGE][INFO] - Starting 'Chrome' driver

2019-10-21 20:23:06 - [MESSAGE][INFO] - User set preference: ['args', '[--use-fake-ui-for-media-stream, --start-maximized]']

2019-10-21 20:23:07 - [MESSAGE][INFO] - Action delay is set to 0 seconds

2019-10-21 20:23:12 - [MESSAGE][PASSED] - Browser is opened with url: ''

2019-10-21 20:23:12 - [TEST_STEP][PASSED] - dataFile = "orderCreationData": null

2019-10-21 20:23:12 - [TEST_STEP][PASSED] - orderType = 6: null

2019-10-21 20:23:12 - [TEST_STEP][PASSED] - noOfOrders = Integer.parseInt(findTestData(dataFile).getValue("noOfOrders", orderType)): null

2019-10-21 20:23:14 - [TEST_STEP][PASSED] - ship = findTestData(dataFile).getValue("shipping", orderType): null

2019-10-21 20:23:14 - [TEST_STEP][PASSED] - println(noOfOrders): null

2019-10-21 20:23:14 - [TEST_STEP][PASSED] - println(ship): null

2019-10-21 20:23:14 - [TEST_STEP][PASSED] - for ([i = 1, i <= noOfOrders, (i++)]): Call Test Case 'Test Cases/OrderCreator/onlineOrder' successfully

2019-10-21 20:23:14 - [TEST_STEP][PASSED] - callTestCase(findTestCase("Test Cases/OrderCreator/onlineOrder"), ["ship":ship], CONTINUE_ON_FAILURE): Call Test Case 'Test Cases/OrderCreator/onlineOrder' successfully

2019-10-21 20:23:15 - [TEST_CASE][PASSED] - Test Cases/OrderCreator/onlineOrder: Test Cases/OrderCreator/onlineOrder

2019-10-21 20:23:15 - [TEST_STEP][PASSED] - openBrowser(""): Browser is opened with url: ''

2019-10-21 20:23:15 - [MESSAGE][WARNING] - A browser is already opened. Closing browser and opening a new one

2019-10-21 20:23:17 - [MESSAGE][INFO] - Starting 'Chrome' driver

2019-10-21 20:23:17 - [MESSAGE][INFO] - User set preference: ['args', '[--use-fake-ui-for-media-stream, --start-maximized]']

2019-10-21 20:23:20 - [MESSAGE][PASSED] - Browser is opened with url: ''

2019-10-21 20:23:20 - [TEST_STEP][PASSED] - for ([timeRow = 1, timeRow <= 1, (timeRow++)]): Call Test Case 'Test Cases/NewArrival/warehouseShipping' successfully

2019-10-21 20:23:20 - [TEST_STEP][PASSED] - callTestCase(findTestCase("TestCaseUtilities/backOfficeLogin"), ["BOURL":"", "BOuser":"", "BOpass":""], CONTINUE_ON_FAILURE): Call Test Case 'Test Cases/TestCaseUtilities/backOfficeLogin' successfully

2019-10-21 20:23:20 - [TEST_CASE][PASSED] - Test Cases/TestCaseUtilities/backOfficeLogin: Test Cases/TestCaseUtilities/backOfficeLogin

2019-10-21 20:23:20 - [TEST_STEP][PASSED] - BOURL = findTestData("envtData").getValue("BOURL", 1): null

2019-10-21 20:23:20 - [TEST_STEP][PASSED] - BOuser = findTestData("credData").getValue("BOuser", 1): null

2019-10-21 20:23:20 - [TEST_STEP][PASSED] - BOpass = findTestData("credData").getValue("BOpass", 1): null

2019-10-21 20:23:20 - [TEST_STEP][PASSED] - openBrowser(""): Browser is opened with url: ''

2019-10-21 20:23:20 - [MESSAGE][WARNING] - A browser is already opened. Closing browser and opening a new one

2019-10-21 20:23:21 - [MESSAGE][INFO] - Starting 'Chrome' driver

2019-10-21 20:23:21 - [MESSAGE][INFO] - User set preference: ['args', '[--use-fake-ui-for-media-stream, --start-maximized]']

2019-10-21 20:23:24 - [MESSAGE][PASSED] - Browser is opened with url: ''

2019-10-21 20:23:24 - [TEST_STEP][PASSED] - navigateToUrl(BOURL): Navigate to 'https://test14.cliotest.com/backoffice/control/main' successfully

2019-10-21 20:23:35 - [MESSAGE][PASSED] - Navigate to 'https://test14.cliotest.com/backoffice/control/main' successfully

2019-10-21 20:23:35 - [TEST_STEP][PASSED] - logOut = findWebElements(findTestObject("Object Repository/Page_cabi Home/log_out"), 1): Unable to find the element located by 'By.xpath: //a[contains(text(),'Log Out')]'. Please recheck the objects properties to make sure the desired element is located. 

2019-10-21 20:23:36 - [MESSAGE][INFO] - Unable to find the element located by 'By.xpath: //a[contains(text(),'Log Out')]'. Please recheck the objects properties to make sure the desired element is located. 

2019-10-21 20:23:36 - [TEST_STEP][PASSED] - if (logOut.size() == 0): Object: 'Object Repository/Page_cabi/input_Welcome to_consultantLogin' is clicked on

2019-10-21 20:23:36 - [TEST_STEP][PASSED] - setText(findTestObject("Page_cabi/input_Welcome to_USERNAME"), BOuser): Text '400000002' is set on object 'Object Repository/Page_cabi/input_Welcome to_USERNAME'

2019-10-21 20:23:37 - [MESSAGE][PASSED] - Text '400000002' is set on object 'Object Repository/Page_cabi/input_Welcome to_USERNAME'

2019-10-21 20:23:37 - [TEST_STEP][PASSED] - setText(findTestObject("Object Repository/Page_cabi/input_Welcome to_PASSWORD"), BOpass): Text 'blackdress19' is set on object 'Object Repository/Page_cabi/input_Welcome to_PASSWORD'

2019-10-21 20:23:37 - [MESSAGE][PASSED] - Text 'blackdress19' is set on object 'Object Repository/Page_cabi/input_Welcome to_PASSWORD'

2019-10-21 20:23:37 - [TEST_STEP][PASSED] - click(findTestObject("Object Repository/Page_cabi/input_Welcome to_consultantLogin")): Object: 'Object Repository/Page_cabi/input_Welcome to_consultantLogin' is clicked on

2019-10-21 20:23:53 - [MESSAGE][PASSED] - Object: 'Object Repository/Page_cabi/input_Welcome to_consultantLogin' is clicked on

2019-10-21 20:23:53 - [TEST_STEP][PASSED] - delay(3): Delayed 3 second(s)

2019-10-21 20:23:56 - [MESSAGE][PASSED] - Delayed 3 second(s)

2019-10-21 20:23:56 - [MESSAGE][PASSED] - Call Test Case 'Test Cases/TestCaseUtilities/backOfficeLogin' successfully

2019-10-21 20:23:56 - [TEST_STEP][PASSED] - click(findTestObject("Object Repository/Page_cabi Home/a_Shows  Orders")): Object: 'Object Repository/Page_cabi Home/a_Shows  Orders' is clicked on

2019-10-21 20:23:57 - [MESSAGE][PASSED] - Object: 'Object Repository/Page_cabi Home/a_Shows  Orders' is clicked on

2019-10-21 20:23:57 - [TEST_STEP][PASSED] - delay(3): Delayed 3 second(s)

2019-10-21 20:24:00 - [MESSAGE][PASSED] - Delayed 3 second(s)

2019-10-21 20:24:00 - [TEST_STEP][PASSED] - rightClick(findTestObject("Page_cabi Home/a_online_outline_purchases")): Object: 'Object Repository/Page_cabi Home/a_online_outline_purchases' is right clicked on

2019-10-21 20:24:00 - [MESSAGE][PASSED] - Object: 'Object Repository/Page_cabi Home/a_online_outline_purchases' is right clicked on

2019-10-21 20:24:00 - [TEST_STEP][PASSED] - click(findTestObject("Page_cabi Home/a_online_outline_purchases")): Object: 'Object Repository/Page_cabi Home/a_online_outline_purchases' is clicked on

2019-10-21 20:24:03 - [MESSAGE][PASSED] - Object: 'Object Repository/Page_cabi Home/a_online_outline_purchases' is clicked on

2019-10-21 20:24:03 - [TEST_STEP][PASSED] - click(findTestObject("Object Repository/Page_cabi Online Outlet Store/span_Continue to Order")): Object: 'Object Repository/Page_cabi Online Outlet Store/span_Continue to Order' is clicked on

2019-10-21 20:24:04 - [MESSAGE][PASSED] - Object: 'Object Repository/Page_cabi Online Outlet Store/span_Continue to Order' is clicked on

2019-10-21 20:24:04 - [TEST_STEP][PASSED] - addOnStyle = "2147": null

2019-10-21 20:24:04 - [TEST_STEP][PASSED] - setText(findTestObject("Object Repository/Page_cabi Order Items/input_New Arrivals - Blooming Blush_style"), addOnStyle): Text '2147' is set on object 'Object Repository/Page_cabi Order Items/input_New Arrivals - Blooming Blush_style'

2019-10-21 20:24:06 - [MESSAGE][PASSED] - Text '2147' is set on object 'Object Repository/Page_cabi Order Items/input_New Arrivals - Blooming Blush_style'

2019-10-21 20:24:06 - [TEST_STEP][PASSED] - sendKeys(findTestObject("Object Repository/Page_cabi Order Items/input_New Arrivals - Blooming Blush_style"), Keys.chord(ENTER)): Keys 'ENTER + ' sent to object: 'Object Repository/Page_cabi Order Items/input_New Arrivals - Blooming Blush_style'

2019-10-21 20:24:06 - [MESSAGE][PASSED] - Keys 'ENTER + ' sent to object: 'Object Repository/Page_cabi Order Items/input_New Arrivals - Blooming Blush_style'

2019-10-21 20:24:06 - [TEST_STEP][PASSED] - delay(2): Delayed 2 second(s)

2019-10-21 20:24:08 - [MESSAGE][PASSED] - Delayed 2 second(s)

2019-10-21 20:24:08 - [TEST_STEP][PASSED] - executeJavaScript("arguments[0].click()", Arrays.asList(findWebElement(findTestObject("Object Repository/Page_cabi Order Items/a_item_img"), 30))): Execute JavaScript 'arguments[0].click()' successfully

2019-10-21 20:24:10 - [MESSAGE][PASSED] - Execute JavaScript 'arguments[0].click()' successfully

2019-10-21 20:24:10 - [TEST_STEP][PASSED] - delay(2): Delayed 2 second(s)

2019-10-21 20:24:12 - [MESSAGE][PASSED] - Delayed 2 second(s)

2019-10-21 20:24:12 - [TEST_STEP][PASSED] - executeJavaScript("arguments[0].click()", Arrays.asList(findWebElement(findTestObject("Object Repository/Page_cabi Order Items/input_New Arrivals - Blooming Blush_style"), 30))): Execute JavaScript 'arguments[0].click()' successfully

2019-10-21 20:24:12 - [MESSAGE][PASSED] - Execute JavaScript 'arguments[0].click()' successfully

2019-10-21 20:24:12 - [TEST_STEP][PASSED] - availableOptions = findWebElements(findTestObject("Object Repository/Page_cabi Order Items/input_select_available_options"), 5): null

2019-10-21 20:24:12 - [TEST_STEP][PASSED] - for ([i = 1, i <= availableOptions.size(), (i++)]): Delayed 3 second(s)

2019-10-21 20:24:12 - [TEST_STEP][PASSED] - selectFirstOption = UtilityMethods.createTestObject("div_drop_down", "(//li[@class='product-color']/label/following-sibling::select/option[contains(text(), 'Select')])[", String.valueOf(i), "]/following-sibling::option[1]"): null

2019-10-21 20:24:12 - [TEST_STEP][PASSED] - click(selectFirstOption): Object: 'div_drop_down' is clicked on

2019-10-21 20:24:12 - [MESSAGE][PASSED] - Object: 'div_drop_down' is clicked on

2019-10-21 20:24:12 - [TEST_STEP][PASSED] - delay(3): Delayed 3 second(s)

2019-10-21 20:24:15 - [MESSAGE][PASSED] - Delayed 3 second(s)

2019-10-21 20:24:15 - [TEST_STEP][PASSED] - executeJavaScript("arguments[0].click()", Arrays.asList(findWebElement(findTestObject("Object Repository/Page_cabi Order Items/a_add_to_cart"), 30))): Execute JavaScript 'arguments[0].click()' successfully

2019-10-21 20:24:15 - [MESSAGE][PASSED] - Execute JavaScript 'arguments[0].click()' successfully

2019-10-21 20:24:15 - [TEST_STEP][PASSED] - delay(3): Delayed 3 second(s)

2019-10-21 20:24:18 - [MESSAGE][PASSED] - Delayed 3 second(s)

2019-10-21 20:24:18 - [TEST_STEP][PASSED] - executeJavaScript("arguments[0].click()", Arrays.asList(findWebElement(findTestObject("Object Repository/Page_cabi Order Items/a_checkout_online_store"), 30))): Execute JavaScript 'arguments[0].click()' successfully

2019-10-21 20:24:18 - [MESSAGE][PASSED] - Execute JavaScript 'arguments[0].click()' successfully

2019-10-21 20:24:18 - [TEST_STEP][PASSED] - delay(3): Delayed 3 second(s)

2019-10-21 20:24:21 - [MESSAGE][PASSED] - Delayed 3 second(s)

2019-10-21 20:24:21 - [TEST_STEP][PASSED] - click(findTestObject("Page_cabi Personal Store/nextButtonShipping")): Object: 'Object Repository/Page_cabi Personal Store/nextButtonShipping' is clicked on

2019-10-21 20:24:21 - [MESSAGE][PASSED] - Object: 'Object Repository/Page_cabi Personal Store/nextButtonShipping' is clicked on

2019-10-21 20:24:21 - [TEST_STEP][PASSED] - delay(3): Delayed 3 second(s)

2019-10-21 20:24:24 - [MESSAGE][PASSED] - Delayed 3 second(s)

2019-10-21 20:24:24 - [TEST_STEP][PASSED] - click(findTestObject("Page_cabi Personal Store/makeFirstPayment")): Object: 'Object Repository/Page_cabi Personal Store/makeFirstPayment' is clicked on

2019-10-21 20:24:24 - [MESSAGE][PASSED] - Object: 'Object Repository/Page_cabi Personal Store/makeFirstPayment' is clicked on

2019-10-21 20:24:24 - [TEST_STEP][PASSED] - click(findTestObject("Page_cabi Personal Store/submitPayment")): Object: 'Object Repository/Page_cabi Personal Store/submitPayment' is clicked on

2019-10-21 20:24:25 - [MESSAGE][PASSED] - Object: 'Object Repository/Page_cabi Personal Store/submitPayment' is clicked on

2019-10-21 20:24:25 - [TEST_STEP][PASSED] - click(findTestObject("Page_cabi Personal Store/submitOrderId")): Object: 'Object Repository/Page_cabi Personal Store/submitOrderId' is clicked on

2019-10-21 20:24:27 - [MESSAGE][PASSED] - Object: 'Object Repository/Page_cabi Personal Store/submitOrderId' is clicked on

2019-10-21 20:24:27 - [TEST_STEP][PASSED] - successMsg = "": null

2019-10-21 20:24:27 - [TEST_STEP][PASSED] - orderSuccess = false: null

2019-10-21 20:24:27 - [TEST_STEP][PASSED] - successMsgs = findWebElements(findTestObject("Object Repository/Page_cabi Personal Store/p_success_msg"), 5): null

2019-10-21 20:24:27 - [TEST_STEP][PASSED] - orderID = <not implemented yet for class: org.codehaus.groovy.ast.expr.EmptyExpression>: null

2019-10-21 20:24:27 - [TEST_STEP][PASSED] - if (successMsgs.size() > 0): null

2019-10-21 20:24:27 - [TEST_STEP][PASSED] - successMsg = getText(findTestObject("Object Repository/Page_cabi Personal Store/p_success_msg")): Text of object 'Object Repository/Page_cabi Personal Store/p_success_msg' is: 'Order Created Successfully!!
Order #:  FT708383748

CONTINUE SHOPPING'

2019-10-21 20:24:28 - [MESSAGE][PASSED] - Text of object 'Object Repository/Page_cabi Personal Store/p_success_msg' is: 'Order Created Successfully!!
Order #:  FT708383748

CONTINUE SHOPPING'

2019-10-21 20:24:28 - [TEST_STEP][PASSED] - orderSuccess = true: null

2019-10-21 20:24:28 - [TEST_STEP][PASSED] - orderID = getText(findTestObject("Object Repository/Page_cabi Personal Store/p_order_id")): Text of object 'Object Repository/Page_cabi Personal Store/p_order_id' is: 'FT708383748'

2019-10-21 20:24:28 - [MESSAGE][PASSED] - Text of object 'Object Repository/Page_cabi Personal Store/p_order_id' is: 'FT708383748'

2019-10-21 20:24:28 - [TEST_STEP][PASSED] - println(orderID): null

2019-10-21 20:24:28 - [TEST_STEP][PASSED] - sa = new org.testng.asserts.SoftAssert(): null

2019-10-21 20:24:28 - [TEST_STEP][PASSED] - sa.assertTrue(orderSuccess): null

2019-10-21 20:24:28 - [TEST_STEP][PASSED] - println(ship): null

2019-10-21 20:24:28 - [TEST_STEP][PASSED] - shipString = "no": null

2019-10-21 20:24:28 - [TEST_STEP][PASSED] - shipString = ship: null

2019-10-21 20:24:28 - [TEST_STEP][PASSED] - if (shipString.equalsIgnoreCase("y")): Call Test Case 'Test Cases/NewArrival/warehouseShipping' successfully

2019-10-21 20:24:28 - [TEST_STEP][PASSED] - callTestCase(findTestCase("NewArrival/warehouseShipping"), ["orderId":orderID], CONTINUE_ON_FAILURE): Call Test Case 'Test Cases/NewArrival/warehouseShipping' successfully

2019-10-21 20:24:28 - [TEST_CASE][PASSED] - Test Cases/NewArrival/warehouseShipping: Test Cases/NewArrival/warehouseShipping

2019-10-21 20:24:28 - [TEST_STEP][PASSED] - println(orderId): null

2019-10-21 20:24:28 - [TEST_STEP][PASSED] - callTestCase(findTestCase("TestCaseUtilities/cabiWarehouseLogin"), ["CWURL":"", "CWuser":"", "CWpass":""], CONTINUE_ON_FAILURE): Call Test Case 'Test Cases/TestCaseUtilities/cabiWarehouseLogin' successfully

2019-10-21 20:24:28 - [TEST_CASE][PASSED] - Test Cases/TestCaseUtilities/cabiWarehouseLogin: Test Cases/TestCaseUtilities/cabiWarehouseLogin

2019-10-21 20:24:29 - [TEST_STEP][PASSED] - CWURL = findTestData("envtData").getValue("CWURL", 1): null

2019-10-21 20:24:29 - [TEST_STEP][PASSED] - CWuser = findTestData("credData").getValue("CWuser", 1): null

2019-10-21 20:24:29 - [TEST_STEP][PASSED] - CWpass = findTestData("credData").getValue("CWpass", 1): null

2019-10-21 20:24:29 - [TEST_STEP][PASSED] - openBrowser(""): Browser is opened with url: ''

2019-10-21 20:24:29 - [MESSAGE][WARNING] - A browser is already opened. Closing browser and opening a new one

2019-10-21 20:24:30 - [MESSAGE][INFO] - Starting 'Chrome' driver

2019-10-21 20:24:30 - [MESSAGE][INFO] - User set preference: ['args', '[--use-fake-ui-for-media-stream, --start-maximized]']

2019-10-21 20:24:32 - [MESSAGE][PASSED] - Browser is opened with url: ''

2019-10-21 20:24:32 - [TEST_STEP][PASSED] - navigateToUrl(CWURL): Navigate to 'https://test14.cliotest.com/warehouse/control/main' successfully

2019-10-21 20:24:39 - [MESSAGE][PASSED] - Navigate to 'https://test14.cliotest.com/warehouse/control/main' successfully

2019-10-21 20:24:39 - [TEST_STEP][PASSED] - logOut = findWebElements(findTestObject("Object Repository/Cabi warehouse/Page_cabi_home/log_out"), 1): Unable to find the element located by 'By.xpath: //li/a[contains(text(), 'Log Out »')]'. Please recheck the objects properties to make sure the desired element is located. 

2019-10-21 20:24:40 - [MESSAGE][INFO] - Unable to find the element located by 'By.xpath: //li/a[contains(text(), 'Log Out »')]'. Please recheck the objects properties to make sure the desired element is located. 

2019-10-21 20:24:40 - [TEST_STEP][PASSED] - if (logOut.size() == 0): Object: 'Object Repository/Cabi warehouse/Page_cabi/input_Password_section-btn btn-stl-pk rFloat' is clicked on

2019-10-21 20:24:40 - [TEST_STEP][PASSED] - setText(findTestObject("Object Repository/Cabi warehouse/Page_cabi/input_Username_USERNAME"), CWuser): Text 'rsuarez' is set on object 'Object Repository/Cabi warehouse/Page_cabi/input_Username_USERNAME'

2019-10-21 20:24:40 - [MESSAGE][PASSED] - Text 'rsuarez' is set on object 'Object Repository/Cabi warehouse/Page_cabi/input_Username_USERNAME'

2019-10-21 20:24:40 - [TEST_STEP][PASSED] - setText(findTestObject("Object Repository/Cabi warehouse/Page_cabi/input_Password_PASSWORD"), CWpass): Text 'blackdress19' is set on object 'Object Repository/Cabi warehouse/Page_cabi/input_Password_PASSWORD'

2019-10-21 20:24:41 - [MESSAGE][PASSED] - Text 'blackdress19' is set on object 'Object Repository/Cabi warehouse/Page_cabi/input_Password_PASSWORD'

2019-10-21 20:24:41 - [TEST_STEP][PASSED] - click(findTestObject("Object Repository/Cabi warehouse/Page_cabi/input_Password_section-btn btn-stl-pk rFloat")): Object: 'Object Repository/Cabi warehouse/Page_cabi/input_Password_section-btn btn-stl-pk rFloat' is clicked on

2019-10-21 20:24:42 - [MESSAGE][PASSED] - Object: 'Object Repository/Cabi warehouse/Page_cabi/input_Password_section-btn btn-stl-pk rFloat' is clicked on

2019-10-21 20:24:42 - [TEST_STEP][PASSED] - delay(3): Delayed 3 second(s)

2019-10-21 20:24:45 - [MESSAGE][PASSED] - Delayed 3 second(s)

2019-10-21 20:24:45 - [MESSAGE][PASSED] - Call Test Case 'Test Cases/TestCaseUtilities/cabiWarehouseLogin' successfully

2019-10-21 20:24:45 - [TEST_STEP][PASSED] - click(findTestObject("Page_cabi Manage PickLists/a_Create PickLists")): Object: 'Object Repository/Page_cabi Manage PickLists/a_Create PickLists' is clicked on

2019-10-21 20:24:47 - [MESSAGE][PASSED] - Object: 'Object Repository/Page_cabi Manage PickLists/a_Create PickLists' is clicked on

2019-10-21 20:24:47 - [TEST_STEP][PASSED] - delay(2): Delayed 2 second(s)

2019-10-21 20:24:49 - [MESSAGE][PASSED] - Delayed 2 second(s)

2019-10-21 20:24:49 - [TEST_STEP][PASSED] - click(findTestObject("Object Repository/findOrders/Page_cabi Find Orders/Page_cabi SampleLine Shipment Screen/a_Single Order")): Object: 'Object Repository/findOrders/Page_cabi Find Orders/Page_cabi SampleLine Shipment Screen/a_Single Order' is clicked on

2019-10-21 20:24:50 - [MESSAGE][PASSED] - Object: 'Object Repository/findOrders/Page_cabi Find Orders/Page_cabi SampleLine Shipment Screen/a_Single Order' is clicked on

2019-10-21 20:24:50 - [TEST_STEP][PASSED] - setText(findTestObject("Page_cabi Create Single Order PickList/input_Order Id_orderId"), orderId): Text 'FT708383748' is set on object 'Object Repository/Page_cabi Create Single Order PickList/input_Order Id_orderId'

2019-10-21 20:24:50 - [MESSAGE][PASSED] - Text 'FT708383748' is set on object 'Object Repository/Page_cabi Create Single Order PickList/input_Order Id_orderId'

2019-10-21 20:24:50 - [TEST_STEP][PASSED] - click(findTestObject("Page_cabi Create Single Order PickList/input_Create even if fully backordered_submitButton")): Object: 'Object Repository/Page_cabi Create Single Order PickList/input_Create even if fully backordered_submitButton' is clicked on

2019-10-21 20:24:51 - [MESSAGE][PASSED] - Object: 'Object Repository/Page_cabi Create Single Order PickList/input_Create even if fully backordered_submitButton' is clicked on

2019-10-21 20:24:51 - [TEST_STEP][PASSED] - delay(2): Delayed 2 second(s)

2019-10-21 20:24:53 - [MESSAGE][PASSED] - Delayed 2 second(s)

2019-10-21 20:24:53 - [TEST_STEP][PASSED] - pickListCreated = findWebElements(findTestObject("Cabi warehouse/picklistCreatedMessage"), 5): null

2019-10-21 20:24:53 - [TEST_STEP][PASSED] - if (pickListCreated.size() == 0): null

2019-10-21 20:24:53 - [TEST_STEP][PASSED] - picklistCreatedMessage = UtilityMethods.concat("Picklist for order: [", orderId, "] has been created successfully."): null

2019-10-21 20:24:53 - [TEST_STEP][PASSED] - println(picklistCreatedMessage): null

2019-10-21 20:24:53 - [TEST_STEP][PASSED] - verifyElementText(findTestObject("Cabi warehouse/picklistCreatedMessage"), picklistCreatedMessage): Actual text and expected text of test object 'Object Repository/Cabi warehouse/picklistCreatedMessage' are matched.

2019-10-21 20:24:53 - [MESSAGE][PASSED] - Actual text and expected text of test object 'Object Repository/Cabi warehouse/picklistCreatedMessage' are matched.

2019-10-21 20:24:53 - [TEST_STEP][PASSED] - click(findTestObject("Page_cabi Create Single Order PickList/a_Manage PickLists")): Object: 'Object Repository/Page_cabi Create Single Order PickList/a_Manage PickLists' is clicked on

2019-10-21 20:24:54 - [MESSAGE][PASSED] - Object: 'Object Repository/Page_cabi Create Single Order PickList/a_Manage PickLists' is clicked on

2019-10-21 20:24:54 - [TEST_STEP][PASSED] - delay(2): Delayed 2 second(s)

2019-10-21 20:24:56 - [MESSAGE][PASSED] - Delayed 2 second(s)

2019-10-21 20:24:56 - [TEST_STEP][PASSED] - setText(findTestObject("Page_cabi Manage PickLists/input_Order _orderId"), orderId): Text 'FT708383748' is set on object 'Object Repository/Page_cabi Manage PickLists/input_Order _orderId'

2019-10-21 20:24:56 - [MESSAGE][PASSED] - Text 'FT708383748' is set on object 'Object Repository/Page_cabi Manage PickLists/input_Order _orderId'

2019-10-21 20:24:56 - [TEST_STEP][PASSED] - click(findTestObject("Page_cabi Manage PickLists/input")): Object: 'Object Repository/Page_cabi Manage PickLists/input' is clicked on

2019-10-21 20:24:57 - [MESSAGE][PASSED] - Object: 'Object Repository/Page_cabi Manage PickLists/input' is clicked on

2019-10-21 20:24:57 - [TEST_STEP][PASSED] - delay(3): Delayed 3 second(s)

2019-10-21 20:25:00 - [MESSAGE][PASSED] - Delayed 3 second(s)

2019-10-21 20:25:00 - [TEST_STEP][PASSED] - click(findTestObject("Page_cabi Manage PickLists/td_104238610")): Object: 'Object Repository/Page_cabi Manage PickLists/td_104238610' is clicked on

2019-10-21 20:25:00 - [MESSAGE][PASSED] - Object: 'Object Repository/Page_cabi Manage PickLists/td_104238610' is clicked on

2019-10-21 20:25:00 - [TEST_STEP][PASSED] - delay(2): Delayed 2 second(s)

2019-10-21 20:25:02 - [MESSAGE][PASSED] - Delayed 2 second(s)

2019-10-21 20:25:02 - [TEST_STEP][PASSED] - picklistId = getText(findTestObject("Page_cabi Manage PickLists/td_104238610")): Text of object 'Object Repository/Page_cabi Manage PickLists/td_104238610' is: '104456208'

2019-10-21 20:25:03 - [MESSAGE][PASSED] - Text of object 'Object Repository/Page_cabi Manage PickLists/td_104238610' is: '104456208'

2019-10-21 20:25:03 - [TEST_STEP][PASSED] - click(findTestObject("Page_cabi Manage PickLists/a_Packing")): Object: 'Object Repository/Page_cabi Manage PickLists/a_Packing' is clicked on

2019-10-21 20:25:03 - [MESSAGE][PASSED] - Object: 'Object Repository/Page_cabi Manage PickLists/a_Packing' is clicked on

2019-10-21 20:25:03 - [TEST_STEP][PASSED] - setText(findTestObject("Page_cabi Pack Init/input_Pack Station_packStationId"), "30"): Text '30' is set on object 'Object Repository/Page_cabi Pack Init/input_Pack Station_packStationId'

2019-10-21 20:25:04 - [MESSAGE][PASSED] - Text '30' is set on object 'Object Repository/Page_cabi Pack Init/input_Pack Station_packStationId'

2019-10-21 20:25:04 - [TEST_STEP][PASSED] - click(findTestObject("Page_cabi Pack Init/input_Pack Station_submitButton")): Object: 'Object Repository/Page_cabi Pack Init/input_Pack Station_submitButton' is clicked on

2019-10-21 20:25:04 - [MESSAGE][PASSED] - Object: 'Object Repository/Page_cabi Pack Init/input_Pack Station_submitButton' is clicked on

2019-10-21 20:25:04 - [TEST_STEP][PASSED] - delay(2): Delayed 2 second(s)

2019-10-21 20:25:06 - [MESSAGE][PASSED] - Delayed 2 second(s)

2019-10-21 20:25:06 - [TEST_STEP][PASSED] - setText(findTestObject("Page_cabi Pack Init/input_Picklist ID_pickId"), picklistId): Text '104456208' is set on object 'Object Repository/Page_cabi Pack Init/input_Picklist ID_pickId'

2019-10-21 20:25:07 - [MESSAGE][PASSED] - Text '104456208' is set on object 'Object Repository/Page_cabi Pack Init/input_Picklist ID_pickId'

2019-10-21 20:25:07 - [TEST_STEP][PASSED] - click(findTestObject("Page_cabi Pack Init/input_Picklist ID_submitButton")): Object: 'Object Repository/Page_cabi Pack Init/input_Picklist ID_submitButton' is clicked on

2019-10-21 20:25:08 - [MESSAGE][PASSED] - Object: 'Object Repository/Page_cabi Pack Init/input_Picklist ID_submitButton' is clicked on

2019-10-21 20:25:08 - [TEST_STEP][PASSED] - delay(2): Delayed 2 second(s)

2019-10-21 20:25:10 - [MESSAGE][PASSED] - Delayed 2 second(s)

2019-10-21 20:25:10 - [TEST_STEP][PASSED] - click(findTestObject("Page_cabi General Pack/input_Cream Of Wheat_button addItemForVerification")): Object: 'Object Repository/Page_cabi General Pack/input_Cream Of Wheat_button addItemForVerification' is clicked on

2019-10-21 20:25:10 - [MESSAGE][PASSED] - Object: 'Object Repository/Page_cabi General Pack/input_Cream Of Wheat_button addItemForVerification' is clicked on

2019-10-21 20:25:10 - [TEST_STEP][PASSED] - delay(2): Delayed 2 second(s)

2019-10-21 20:25:12 - [MESSAGE][PASSED] - Delayed 2 second(s)

2019-10-21 20:25:12 - [TEST_STEP][PASSED] - click(findTestObject("Page_cabi General Pack/input_Pack Station  30_shipConfirmBtn")): Object: 'Object Repository/Page_cabi General Pack/input_Pack Station  30_shipConfirmBtn' is clicked on

2019-10-21 20:25:16 - [MESSAGE][PASSED] - Object: 'Object Repository/Page_cabi General Pack/input_Pack Station  30_shipConfirmBtn' is clicked on

2019-10-21 20:25:16 - [TEST_STEP][PASSED] - delay(3): Delayed 3 second(s)

2019-10-21 20:25:19 - [MESSAGE][PASSED] - Delayed 3 second(s)

2019-10-21 20:25:19 - [TEST_STEP][PASSED] - itemsNotpacked = findWebElements(findTestObject("Cabi warehouse/itemsNotPacked"), 5): Unable to find the element located by 'By.xpath: //*[@id="content-messages"]/p[1]'. Please recheck the objects properties to make sure the desired element is located. 

2019-10-21 20:25:24 - [MESSAGE][INFO] - Unable to find the element located by 'By.xpath: //*[@id="content-messages"]/p[1]'. Please recheck the objects properties to make sure the desired element is located. 

2019-10-21 20:25:24 - [TEST_STEP][PASSED] - if (itemsNotpacked.size() > 0): null

2019-10-21 20:25:24 - [MESSAGE][PASSED] - Call Test Case 'Test Cases/NewArrival/warehouseShipping' successfully

2019-10-21 20:25:24 - [MESSAGE][PASSED] - Call Test Case 'Test Cases/OrderCreator/onlineOrder' successfully

2019-10-21 20:25:24 - [TEST_STEP][PASSED] - callTestCase(findTestCase("Test Cases/OrderCreator/onlineOrder"), ["ship":ship], CONTINUE_ON_FAILURE): Call Test Case 'Test Cases/OrderCreator/onlineOrder' successfully

2019-10-21 20:25:24 - [TEST_CASE][PASSED] - Test Cases/OrderCreator/onlineOrder: Test Cases/OrderCreator/onlineOrder

2019-10-21 20:25:24 - [TEST_STEP][PASSED] - openBrowser(""): Browser is opened with url: ''

2019-10-21 20:25:24 - [MESSAGE][WARNING] - A browser is already opened. Closing browser and opening a new one

2019-10-21 20:25:25 - [MESSAGE][INFO] - Starting 'Chrome' driver

2019-10-21 20:25:25 - [MESSAGE][INFO] - User set preference: ['args', '[--use-fake-ui-for-media-stream, --start-maximized]']

2019-10-21 20:25:28 - [MESSAGE][PASSED] - Browser is opened with url: ''

2019-10-21 20:25:28 - [TEST_STEP][PASSED] - for ([timeRow = 1, timeRow <= 1, (timeRow++)]): Call Test Case 'Test Cases/NewArrival/warehouseShipping' successfully

2019-10-21 20:25:28 - [TEST_STEP][PASSED] - callTestCase(findTestCase("TestCaseUtilities/backOfficeLogin"), ["BOURL":"", "BOuser":"", "BOpass":""], CONTINUE_ON_FAILURE): Call Test Case 'Test Cases/TestCaseUtilities/backOfficeLogin' successfully

2019-10-21 20:25:28 - [TEST_CASE][PASSED] - Test Cases/TestCaseUtilities/backOfficeLogin: Test Cases/TestCaseUtilities/backOfficeLogin

2019-10-21 20:25:28 - [TEST_STEP][PASSED] - BOURL = findTestData("envtData").getValue("BOURL", 1): null

2019-10-21 20:25:28 - [TEST_STEP][PASSED] - BOuser = findTestData("credData").getValue("BOuser", 1): null

2019-10-21 20:25:28 - [TEST_STEP][PASSED] - BOpass = findTestData("credData").getValue("BOpass", 1): null

2019-10-21 20:25:28 - [TEST_STEP][PASSED] - openBrowser(""): Browser is opened with url: ''

2019-10-21 20:25:28 - [MESSAGE][WARNING] - A browser is already opened. Closing browser and opening a new one

2019-10-21 20:25:28 - [MESSAGE][INFO] - Starting 'Chrome' driver

2019-10-21 20:25:28 - [MESSAGE][INFO] - User set preference: ['args', '[--use-fake-ui-for-media-stream, --start-maximized]']

2019-10-21 20:25:31 - [MESSAGE][PASSED] - Browser is opened with url: ''

2019-10-21 20:25:31 - [TEST_STEP][PASSED] - navigateToUrl(BOURL): Navigate to 'https://test14.cliotest.com/backoffice/control/main' successfully

2019-10-21 20:25:38 - [MESSAGE][PASSED] - Navigate to 'https://test14.cliotest.com/backoffice/control/main' successfully

2019-10-21 20:25:38 - [TEST_STEP][PASSED] - logOut = findWebElements(findTestObject("Object Repository/Page_cabi Home/log_out"), 1): Unable to find the element located by 'By.xpath: //a[contains(text(),'Log Out')]'. Please recheck the objects properties to make sure the desired element is located. 

2019-10-21 20:25:39 - [MESSAGE][INFO] - Unable to find the element located by 'By.xpath: //a[contains(text(),'Log Out')]'. Please recheck the objects properties to make sure the desired element is located. 

2019-10-21 20:25:39 - [TEST_STEP][PASSED] - if (logOut.size() == 0): Object: 'Object Repository/Page_cabi/input_Welcome to_consultantLogin' is clicked on

2019-10-21 20:25:39 - [TEST_STEP][PASSED] - setText(findTestObject("Page_cabi/input_Welcome to_USERNAME"), BOuser): Text '400000002' is set on object 'Object Repository/Page_cabi/input_Welcome to_USERNAME'

2019-10-21 20:25:40 - [MESSAGE][PASSED] - Text '400000002' is set on object 'Object Repository/Page_cabi/input_Welcome to_USERNAME'

2019-10-21 20:25:40 - [TEST_STEP][PASSED] - setText(findTestObject("Object Repository/Page_cabi/input_Welcome to_PASSWORD"), BOpass): Text 'blackdress19' is set on object 'Object Repository/Page_cabi/input_Welcome to_PASSWORD'

2019-10-21 20:25:40 - [MESSAGE][PASSED] - Text 'blackdress19' is set on object 'Object Repository/Page_cabi/input_Welcome to_PASSWORD'

2019-10-21 20:25:40 - [TEST_STEP][PASSED] - click(findTestObject("Object Repository/Page_cabi/input_Welcome to_consultantLogin")): Object: 'Object Repository/Page_cabi/input_Welcome to_consultantLogin' is clicked on

2019-10-21 20:25:48 - [MESSAGE][PASSED] - Object: 'Object Repository/Page_cabi/input_Welcome to_consultantLogin' is clicked on

2019-10-21 20:25:48 - [TEST_STEP][PASSED] - delay(3): Delayed 3 second(s)

2019-10-21 20:25:51 - [MESSAGE][PASSED] - Delayed 3 second(s)

2019-10-21 20:25:51 - [MESSAGE][PASSED] - Call Test Case 'Test Cases/TestCaseUtilities/backOfficeLogin' successfully

2019-10-21 20:25:51 - [TEST_STEP][PASSED] - click(findTestObject("Object Repository/Page_cabi Home/a_Shows  Orders")): Object: 'Object Repository/Page_cabi Home/a_Shows  Orders' is clicked on

2019-10-21 20:25:52 - [MESSAGE][PASSED] - Object: 'Object Repository/Page_cabi Home/a_Shows  Orders' is clicked on

2019-10-21 20:25:52 - [TEST_STEP][PASSED] - delay(3): Delayed 3 second(s)

2019-10-21 20:25:55 - [MESSAGE][PASSED] - Delayed 3 second(s)

2019-10-21 20:25:55 - [TEST_STEP][PASSED] - rightClick(findTestObject("Page_cabi Home/a_online_outline_purchases")): Object: 'Object Repository/Page_cabi Home/a_online_outline_purchases' is right clicked on

2019-10-21 20:25:55 - [MESSAGE][PASSED] - Object: 'Object Repository/Page_cabi Home/a_online_outline_purchases' is right clicked on

2019-10-21 20:25:55 - [TEST_STEP][PASSED] - click(findTestObject("Page_cabi Home/a_online_outline_purchases")): Object: 'Object Repository/Page_cabi Home/a_online_outline_purchases' is clicked on

2019-10-21 20:25:58 - [MESSAGE][PASSED] - Object: 'Object Repository/Page_cabi Home/a_online_outline_purchases' is clicked on

2019-10-21 20:25:58 - [TEST_STEP][PASSED] - click(findTestObject("Object Repository/Page_cabi Online Outlet Store/span_Continue to Order")): Object: 'Object Repository/Page_cabi Online Outlet Store/span_Continue to Order' is clicked on

2019-10-21 20:25:59 - [MESSAGE][PASSED] - Object: 'Object Repository/Page_cabi Online Outlet Store/span_Continue to Order' is clicked on

2019-10-21 20:25:59 - [TEST_STEP][PASSED] - addOnStyle = "2147": null

2019-10-21 20:25:59 - [TEST_STEP][PASSED] - setText(findTestObject("Object Repository/Page_cabi Order Items/input_New Arrivals - Blooming Blush_style"), addOnStyle): Text '2147' is set on object 'Object Repository/Page_cabi Order Items/input_New Arrivals - Blooming Blush_style'

2019-10-21 20:26:01 - [MESSAGE][PASSED] - Text '2147' is set on object 'Object Repository/Page_cabi Order Items/input_New Arrivals - Blooming Blush_style'

2019-10-21 20:26:01 - [TEST_STEP][PASSED] - sendKeys(findTestObject("Object Repository/Page_cabi Order Items/input_New Arrivals - Blooming Blush_style"), Keys.chord(ENTER)): Keys 'ENTER + ' sent to object: 'Object Repository/Page_cabi Order Items/input_New Arrivals - Blooming Blush_style'

2019-10-21 20:26:01 - [MESSAGE][PASSED] - Keys 'ENTER + ' sent to object: 'Object Repository/Page_cabi Order Items/input_New Arrivals - Blooming Blush_style'

2019-10-21 20:26:01 - [TEST_STEP][PASSED] - delay(2): Delayed 2 second(s)

2019-10-21 20:26:03 - [MESSAGE][PASSED] - Delayed 2 second(s)

2019-10-21 20:26:03 - [TEST_STEP][PASSED] - executeJavaScript("arguments[0].click()", Arrays.asList(findWebElement(findTestObject("Object Repository/Page_cabi Order Items/a_item_img"), 30))): Execute JavaScript 'arguments[0].click()' successfully

2019-10-21 20:26:04 - [MESSAGE][PASSED] - Execute JavaScript 'arguments[0].click()' successfully

2019-10-21 20:26:04 - [TEST_STEP][PASSED] - delay(2): Delayed 2 second(s)

2019-10-21 20:26:06 - [MESSAGE][PASSED] - Delayed 2 second(s)

2019-10-21 20:26:06 - [TEST_STEP][PASSED] - executeJavaScript("arguments[0].click()", Arrays.asList(findWebElement(findTestObject("Object Repository/Page_cabi Order Items/input_New Arrivals - Blooming Blush_style"), 30))): Execute JavaScript 'arguments[0].click()' successfully

2019-10-21 20:26:06 - [MESSAGE][PASSED] - Execute JavaScript 'arguments[0].click()' successfully

2019-10-21 20:26:06 - [TEST_STEP][PASSED] - availableOptions = findWebElements(findTestObject("Object Repository/Page_cabi Order Items/input_select_available_options"), 5): null

2019-10-21 20:26:06 - [TEST_STEP][PASSED] - for ([i = 1, i <= availableOptions.size(), (i++)]): Delayed 3 second(s)

2019-10-21 20:26:06 - [TEST_STEP][PASSED] - selectFirstOption = UtilityMethods.createTestObject("div_drop_down", "(//li[@class='product-color']/label/following-sibling::select/option[contains(text(), 'Select')])[", String.valueOf(i), "]/following-sibling::option[1]"): null

2019-10-21 20:26:06 - [TEST_STEP][PASSED] - click(selectFirstOption): Object: 'div_drop_down' is clicked on

2019-10-21 20:26:06 - [MESSAGE][PASSED] - Object: 'div_drop_down' is clicked on

2019-10-21 20:26:06 - [TEST_STEP][PASSED] - delay(3): Delayed 3 second(s)

2019-10-21 20:26:09 - [MESSAGE][PASSED] - Delayed 3 second(s)

2019-10-21 20:26:09 - [TEST_STEP][PASSED] - executeJavaScript("arguments[0].click()", Arrays.asList(findWebElement(findTestObject("Object Repository/Page_cabi Order Items/a_add_to_cart"), 30))): Execute JavaScript 'arguments[0].click()' successfully

2019-10-21 20:26:09 - [MESSAGE][PASSED] - Execute JavaScript 'arguments[0].click()' successfully

2019-10-21 20:26:09 - [TEST_STEP][PASSED] - delay(3): Delayed 3 second(s)

2019-10-21 20:26:12 - [MESSAGE][PASSED] - Delayed 3 second(s)

2019-10-21 20:26:12 - [TEST_STEP][PASSED] - executeJavaScript("arguments[0].click()", Arrays.asList(findWebElement(findTestObject("Object Repository/Page_cabi Order Items/a_checkout_online_store"), 30))): Execute JavaScript 'arguments[0].click()' successfully

2019-10-21 20:26:12 - [MESSAGE][PASSED] - Execute JavaScript 'arguments[0].click()' successfully

2019-10-21 20:26:12 - [TEST_STEP][PASSED] - delay(3): Delayed 3 second(s)

2019-10-21 20:26:15 - [MESSAGE][PASSED] - Delayed 3 second(s)

2019-10-21 20:26:15 - [TEST_STEP][PASSED] - click(findTestObject("Page_cabi Personal Store/nextButtonShipping")): Object: 'Object Repository/Page_cabi Personal Store/nextButtonShipping' is clicked on

2019-10-21 20:26:16 - [MESSAGE][PASSED] - Object: 'Object Repository/Page_cabi Personal Store/nextButtonShipping' is clicked on

2019-10-21 20:26:16 - [TEST_STEP][PASSED] - delay(3): Delayed 3 second(s)

2019-10-21 20:26:19 - [MESSAGE][PASSED] - Delayed 3 second(s)

2019-10-21 20:26:19 - [TEST_STEP][PASSED] - click(findTestObject("Page_cabi Personal Store/makeFirstPayment")): Object: 'Object Repository/Page_cabi Personal Store/makeFirstPayment' is clicked on

2019-10-21 20:26:19 - [MESSAGE][PASSED] - Object: 'Object Repository/Page_cabi Personal Store/makeFirstPayment' is clicked on

2019-10-21 20:26:19 - [TEST_STEP][PASSED] - click(findTestObject("Page_cabi Personal Store/submitPayment")): Object: 'Object Repository/Page_cabi Personal Store/submitPayment' is clicked on

2019-10-21 20:26:19 - [MESSAGE][PASSED] - Object: 'Object Repository/Page_cabi Personal Store/submitPayment' is clicked on

2019-10-21 20:26:19 - [TEST_STEP][PASSED] - click(findTestObject("Page_cabi Personal Store/submitOrderId")): Object: 'Object Repository/Page_cabi Personal Store/submitOrderId' is clicked on

2019-10-21 20:26:22 - [MESSAGE][PASSED] - Object: 'Object Repository/Page_cabi Personal Store/submitOrderId' is clicked on

2019-10-21 20:26:22 - [TEST_STEP][PASSED] - successMsg = "": null

2019-10-21 20:26:22 - [TEST_STEP][PASSED] - orderSuccess = false: null

2019-10-21 20:26:22 - [TEST_STEP][PASSED] - successMsgs = findWebElements(findTestObject("Object Repository/Page_cabi Personal Store/p_success_msg"), 5): null

2019-10-21 20:26:22 - [TEST_STEP][PASSED] - orderID = <not implemented yet for class: org.codehaus.groovy.ast.expr.EmptyExpression>: null

2019-10-21 20:26:22 - [TEST_STEP][PASSED] - if (successMsgs.size() > 0): null

2019-10-21 20:26:22 - [TEST_STEP][PASSED] - successMsg = getText(findTestObject("Object Repository/Page_cabi Personal Store/p_success_msg")): Text of object 'Object Repository/Page_cabi Personal Store/p_success_msg' is: 'Order Created Successfully!!
Order #:  FT708383751

CONTINUE SHOPPING'

2019-10-21 20:26:22 - [MESSAGE][PASSED] - Text of object 'Object Repository/Page_cabi Personal Store/p_success_msg' is: 'Order Created Successfully!!
Order #:  FT708383751

CONTINUE SHOPPING'

2019-10-21 20:26:22 - [TEST_STEP][PASSED] - orderSuccess = true: null

2019-10-21 20:26:22 - [TEST_STEP][PASSED] - orderID = getText(findTestObject("Object Repository/Page_cabi Personal Store/p_order_id")): Text of object 'Object Repository/Page_cabi Personal Store/p_order_id' is: 'FT708383751'

2019-10-21 20:26:22 - [MESSAGE][PASSED] - Text of object 'Object Repository/Page_cabi Personal Store/p_order_id' is: 'FT708383751'

2019-10-21 20:26:22 - [TEST_STEP][PASSED] - println(orderID): null

2019-10-21 20:26:22 - [TEST_STEP][PASSED] - sa = new org.testng.asserts.SoftAssert(): null

2019-10-21 20:26:22 - [TEST_STEP][PASSED] - sa.assertTrue(orderSuccess): null

2019-10-21 20:26:22 - [TEST_STEP][PASSED] - println(ship): null

2019-10-21 20:26:22 - [TEST_STEP][PASSED] - shipString = "no": null

2019-10-21 20:26:22 - [TEST_STEP][PASSED] - shipString = ship: null

2019-10-21 20:26:22 - [TEST_STEP][PASSED] - if (shipString.equalsIgnoreCase("y")): Call Test Case 'Test Cases/NewArrival/warehouseShipping' successfully

2019-10-21 20:26:22 - [TEST_STEP][PASSED] - callTestCase(findTestCase("NewArrival/warehouseShipping"), ["orderId":orderID], CONTINUE_ON_FAILURE): Call Test Case 'Test Cases/NewArrival/warehouseShipping' successfully

2019-10-21 20:26:22 - [TEST_CASE][PASSED] - Test Cases/NewArrival/warehouseShipping: Test Cases/NewArrival/warehouseShipping

2019-10-21 20:26:22 - [TEST_STEP][PASSED] - println(orderId): null

2019-10-21 20:26:22 - [TEST_STEP][PASSED] - callTestCase(findTestCase("TestCaseUtilities/cabiWarehouseLogin"), ["CWURL":"", "CWuser":"", "CWpass":""], CONTINUE_ON_FAILURE): Call Test Case 'Test Cases/TestCaseUtilities/cabiWarehouseLogin' successfully

2019-10-21 20:26:22 - [TEST_CASE][PASSED] - Test Cases/TestCaseUtilities/cabiWarehouseLogin: Test Cases/TestCaseUtilities/cabiWarehouseLogin

2019-10-21 20:26:22 - [TEST_STEP][PASSED] - CWURL = findTestData("envtData").getValue("CWURL", 1): null

2019-10-21 20:26:22 - [TEST_STEP][PASSED] - CWuser = findTestData("credData").getValue("CWuser", 1): null

2019-10-21 20:26:22 - [TEST_STEP][PASSED] - CWpass = findTestData("credData").getValue("CWpass", 1): null

2019-10-21 20:26:22 - [TEST_STEP][PASSED] - openBrowser(""): Browser is opened with url: ''

2019-10-21 20:26:22 - [MESSAGE][WARNING] - A browser is already opened. Closing browser and opening a new one

2019-10-21 20:26:23 - [MESSAGE][INFO] - Starting 'Chrome' driver

2019-10-21 20:26:23 - [MESSAGE][INFO] - User set preference: ['args', '[--use-fake-ui-for-media-stream, --start-maximized]']

2019-10-21 20:26:25 - [MESSAGE][PASSED] - Browser is opened with url: ''

2019-10-21 20:26:25 - [TEST_STEP][PASSED] - navigateToUrl(CWURL): Navigate to 'https://test14.cliotest.com/warehouse/control/main' successfully

2019-10-21 20:26:32 - [MESSAGE][PASSED] - Navigate to 'https://test14.cliotest.com/warehouse/control/main' successfully

2019-10-21 20:26:32 - [TEST_STEP][PASSED] - logOut = findWebElements(findTestObject("Object Repository/Cabi warehouse/Page_cabi_home/log_out"), 1): Unable to find the element located by 'By.xpath: //li/a[contains(text(), 'Log Out »')]'. Please recheck the objects properties to make sure the desired element is located. 

2019-10-21 20:26:33 - [MESSAGE][INFO] - Unable to find the element located by 'By.xpath: //li/a[contains(text(), 'Log Out »')]'. Please recheck the objects properties to make sure the desired element is located. 

2019-10-21 20:26:33 - [TEST_STEP][PASSED] - if (logOut.size() == 0): Object: 'Object Repository/Cabi warehouse/Page_cabi/input_Password_section-btn btn-stl-pk rFloat' is clicked on

2019-10-21 20:26:33 - [TEST_STEP][PASSED] - setText(findTestObject("Object Repository/Cabi warehouse/Page_cabi/input_Username_USERNAME"), CWuser): Text 'rsuarez' is set on object 'Object Repository/Cabi warehouse/Page_cabi/input_Username_USERNAME'

2019-10-21 20:26:33 - [MESSAGE][PASSED] - Text 'rsuarez' is set on object 'Object Repository/Cabi warehouse/Page_cabi/input_Username_USERNAME'

2019-10-21 20:26:33 - [TEST_STEP][PASSED] - setText(findTestObject("Object Repository/Cabi warehouse/Page_cabi/input_Password_PASSWORD"), CWpass): Text 'blackdress19' is set on object 'Object Repository/Cabi warehouse/Page_cabi/input_Password_PASSWORD'

2019-10-21 20:26:34 - [MESSAGE][PASSED] - Text 'blackdress19' is set on object 'Object Repository/Cabi warehouse/Page_cabi/input_Password_PASSWORD'

2019-10-21 20:26:34 - [TEST_STEP][PASSED] - click(findTestObject("Object Repository/Cabi warehouse/Page_cabi/input_Password_section-btn btn-stl-pk rFloat")): Object: 'Object Repository/Cabi warehouse/Page_cabi/input_Password_section-btn btn-stl-pk rFloat' is clicked on

2019-10-21 20:26:35 - [MESSAGE][PASSED] - Object: 'Object Repository/Cabi warehouse/Page_cabi/input_Password_section-btn btn-stl-pk rFloat' is clicked on

2019-10-21 20:26:35 - [TEST_STEP][PASSED] - delay(3): Delayed 3 second(s)

2019-10-21 20:26:38 - [MESSAGE][PASSED] - Delayed 3 second(s)

2019-10-21 20:26:38 - [MESSAGE][PASSED] - Call Test Case 'Test Cases/TestCaseUtilities/cabiWarehouseLogin' successfully

2019-10-21 20:26:38 - [TEST_STEP][PASSED] - click(findTestObject("Page_cabi Manage PickLists/a_Create PickLists")): Object: 'Object Repository/Page_cabi Manage PickLists/a_Create PickLists' is clicked on

2019-10-21 20:26:39 - [MESSAGE][PASSED] - Object: 'Object Repository/Page_cabi Manage PickLists/a_Create PickLists' is clicked on

2019-10-21 20:26:39 - [TEST_STEP][PASSED] - delay(2): Delayed 2 second(s)

2019-10-21 20:26:41 - [MESSAGE][PASSED] - Delayed 2 second(s)

2019-10-21 20:26:41 - [TEST_STEP][PASSED] - click(findTestObject("Object Repository/findOrders/Page_cabi Find Orders/Page_cabi SampleLine Shipment Screen/a_Single Order")): Object: 'Object Repository/findOrders/Page_cabi Find Orders/Page_cabi SampleLine Shipment Screen/a_Single Order' is clicked on

2019-10-21 20:26:42 - [MESSAGE][PASSED] - Object: 'Object Repository/findOrders/Page_cabi Find Orders/Page_cabi SampleLine Shipment Screen/a_Single Order' is clicked on

2019-10-21 20:26:42 - [TEST_STEP][PASSED] - setText(findTestObject("Page_cabi Create Single Order PickList/input_Order Id_orderId"), orderId): Text 'FT708383751' is set on object 'Object Repository/Page_cabi Create Single Order PickList/input_Order Id_orderId'

2019-10-21 20:26:42 - [MESSAGE][PASSED] - Text 'FT708383751' is set on object 'Object Repository/Page_cabi Create Single Order PickList/input_Order Id_orderId'

2019-10-21 20:26:42 - [TEST_STEP][PASSED] - click(findTestObject("Page_cabi Create Single Order PickList/input_Create even if fully backordered_submitButton")): Object: 'Object Repository/Page_cabi Create Single Order PickList/input_Create even if fully backordered_submitButton' is clicked on

2019-10-21 20:26:44 - [MESSAGE][PASSED] - Object: 'Object Repository/Page_cabi Create Single Order PickList/input_Create even if fully backordered_submitButton' is clicked on

2019-10-21 20:26:44 - [TEST_STEP][PASSED] - delay(2): Delayed 2 second(s)

2019-10-21 20:26:46 - [MESSAGE][PASSED] - Delayed 2 second(s)

2019-10-21 20:26:46 - [TEST_STEP][PASSED] - pickListCreated = findWebElements(findTestObject("Cabi warehouse/picklistCreatedMessage"), 5): null

2019-10-21 20:26:46 - [TEST_STEP][PASSED] - if (pickListCreated.size() == 0): null

2019-10-21 20:26:46 - [TEST_STEP][PASSED] - picklistCreatedMessage = UtilityMethods.concat("Picklist for order: [", orderId, "] has been created successfully."): null

2019-10-21 20:26:46 - [TEST_STEP][PASSED] - println(picklistCreatedMessage): null

2019-10-21 20:26:46 - [TEST_STEP][PASSED] - verifyElementText(findTestObject("Cabi warehouse/picklistCreatedMessage"), picklistCreatedMessage): Actual text and expected text of test object 'Object Repository/Cabi warehouse/picklistCreatedMessage' are matched.

2019-10-21 20:26:46 - [MESSAGE][PASSED] - Actual text and expected text of test object 'Object Repository/Cabi warehouse/picklistCreatedMessage' are matched.

2019-10-21 20:26:46 - [TEST_STEP][PASSED] - click(findTestObject("Page_cabi Create Single Order PickList/a_Manage PickLists")): Object: 'Object Repository/Page_cabi Create Single Order PickList/a_Manage PickLists' is clicked on

2019-10-21 20:26:47 - [MESSAGE][PASSED] - Object: 'Object Repository/Page_cabi Create Single Order PickList/a_Manage PickLists' is clicked on

2019-10-21 20:26:47 - [TEST_STEP][PASSED] - delay(2): Delayed 2 second(s)

2019-10-21 20:26:49 - [MESSAGE][PASSED] - Delayed 2 second(s)

2019-10-21 20:26:49 - [TEST_STEP][PASSED] - setText(findTestObject("Page_cabi Manage PickLists/input_Order _orderId"), orderId): Text 'FT708383751' is set on object 'Object Repository/Page_cabi Manage PickLists/input_Order _orderId'

2019-10-21 20:26:49 - [MESSAGE][PASSED] - Text 'FT708383751' is set on object 'Object Repository/Page_cabi Manage PickLists/input_Order _orderId'

2019-10-21 20:26:49 - [TEST_STEP][PASSED] - click(findTestObject("Page_cabi Manage PickLists/input")): Object: 'Object Repository/Page_cabi Manage PickLists/input' is clicked on

2019-10-21 20:26:50 - [MESSAGE][PASSED] - Object: 'Object Repository/Page_cabi Manage PickLists/input' is clicked on

2019-10-21 20:26:50 - [TEST_STEP][PASSED] - delay(3): Delayed 3 second(s)

2019-10-21 20:26:53 - [MESSAGE][PASSED] - Delayed 3 second(s)

2019-10-21 20:26:53 - [TEST_STEP][PASSED] - click(findTestObject("Page_cabi Manage PickLists/td_104238610")): Object: 'Object Repository/Page_cabi Manage PickLists/td_104238610' is clicked on

2019-10-21 20:26:53 - [MESSAGE][PASSED] - Object: 'Object Repository/Page_cabi Manage PickLists/td_104238610' is clicked on

2019-10-21 20:26:53 - [TEST_STEP][PASSED] - delay(2): Delayed 2 second(s)

2019-10-21 20:26:55 - [MESSAGE][PASSED] - Delayed 2 second(s)

2019-10-21 20:26:55 - [TEST_STEP][PASSED] - picklistId = getText(findTestObject("Page_cabi Manage PickLists/td_104238610")): Text of object 'Object Repository/Page_cabi Manage PickLists/td_104238610' is: '104456210'

2019-10-21 20:26:55 - [MESSAGE][PASSED] - Text of object 'Object Repository/Page_cabi Manage PickLists/td_104238610' is: '104456210'

2019-10-21 20:26:55 - [TEST_STEP][PASSED] - click(findTestObject("Page_cabi Manage PickLists/a_Packing")): Object: 'Object Repository/Page_cabi Manage PickLists/a_Packing' is clicked on

2019-10-21 20:26:56 - [MESSAGE][PASSED] - Object: 'Object Repository/Page_cabi Manage PickLists/a_Packing' is clicked on

2019-10-21 20:26:56 - [TEST_STEP][PASSED] - setText(findTestObject("Page_cabi Pack Init/input_Pack Station_packStationId"), "30"): Text '30' is set on object 'Object Repository/Page_cabi Pack Init/input_Pack Station_packStationId'

2019-10-21 20:26:56 - [MESSAGE][PASSED] - Text '30' is set on object 'Object Repository/Page_cabi Pack Init/input_Pack Station_packStationId'

2019-10-21 20:26:56 - [TEST_STEP][PASSED] - click(findTestObject("Page_cabi Pack Init/input_Pack Station_submitButton")): Object: 'Object Repository/Page_cabi Pack Init/input_Pack Station_submitButton' is clicked on

2019-10-21 20:26:57 - [MESSAGE][PASSED] - Object: 'Object Repository/Page_cabi Pack Init/input_Pack Station_submitButton' is clicked on

2019-10-21 20:26:57 - [TEST_STEP][PASSED] - delay(2): Delayed 2 second(s)

2019-10-21 20:26:59 - [MESSAGE][PASSED] - Delayed 2 second(s)

2019-10-21 20:26:59 - [TEST_STEP][PASSED] - setText(findTestObject("Page_cabi Pack Init/input_Picklist ID_pickId"), picklistId): Text '104456210' is set on object 'Object Repository/Page_cabi Pack Init/input_Picklist ID_pickId'

2019-10-21 20:27:00 - [MESSAGE][PASSED] - Text '104456210' is set on object 'Object Repository/Page_cabi Pack Init/input_Picklist ID_pickId'

2019-10-21 20:27:00 - [TEST_STEP][PASSED] - click(findTestObject("Page_cabi Pack Init/input_Picklist ID_submitButton")): Object: 'Object Repository/Page_cabi Pack Init/input_Picklist ID_submitButton' is clicked on

2019-10-21 20:27:01 - [MESSAGE][PASSED] - Object: 'Object Repository/Page_cabi Pack Init/input_Picklist ID_submitButton' is clicked on

2019-10-21 20:27:01 - [TEST_STEP][PASSED] - delay(2): Delayed 2 second(s)

2019-10-21 20:27:03 - [MESSAGE][PASSED] - Delayed 2 second(s)

2019-10-21 20:27:03 - [TEST_STEP][PASSED] - click(findTestObject("Page_cabi General Pack/input_Cream Of Wheat_button addItemForVerification")): Object: 'Object Repository/Page_cabi General Pack/input_Cream Of Wheat_button addItemForVerification' is clicked on

2019-10-21 20:27:03 - [MESSAGE][PASSED] - Object: 'Object Repository/Page_cabi General Pack/input_Cream Of Wheat_button addItemForVerification' is clicked on

2019-10-21 20:27:03 - [TEST_STEP][PASSED] - delay(2): Delayed 2 second(s)

2019-10-21 20:27:05 - [MESSAGE][PASSED] - Delayed 2 second(s)

2019-10-21 20:27:05 - [TEST_STEP][PASSED] - click(findTestObject("Page_cabi General Pack/input_Pack Station  30_shipConfirmBtn")): Object: 'Object Repository/Page_cabi General Pack/input_Pack Station  30_shipConfirmBtn' is clicked on

2019-10-21 20:27:09 - [MESSAGE][PASSED] - Object: 'Object Repository/Page_cabi General Pack/input_Pack Station  30_shipConfirmBtn' is clicked on

2019-10-21 20:27:09 - [TEST_STEP][PASSED] - delay(3): Delayed 3 second(s)

2019-10-21 20:27:12 - [MESSAGE][PASSED] - Delayed 3 second(s)

2019-10-21 20:27:12 - [TEST_STEP][PASSED] - itemsNotpacked = findWebElements(findTestObject("Cabi warehouse/itemsNotPacked"), 5): Unable to find the element located by 'By.xpath: //*[@id="content-messages"]/p[1]'. Please recheck the objects properties to make sure the desired element is located. 

2019-10-21 20:27:17 - [MESSAGE][INFO] - Unable to find the element located by 'By.xpath: //*[@id="content-messages"]/p[1]'. Please recheck the objects properties to make sure the desired element is located. 

2019-10-21 20:27:17 - [TEST_STEP][PASSED] - if (itemsNotpacked.size() > 0): null

2019-10-21 20:27:17 - [MESSAGE][PASSED] - Call Test Case 'Test Cases/NewArrival/warehouseShipping' successfully

2019-10-21 20:27:17 - [MESSAGE][PASSED] - Call Test Case 'Test Cases/OrderCreator/onlineOrder' successfully]]></system-out>
         <system-err><![CDATA[]]></system-err>
      </testcase>
      <system-out><![CDATA[2019-10-21 20:23:01 - [TEST_SUITE][PASSED] - OrderCreatorSuiteOnline: Test Cases/OrderCreator/massOrderCreationOnline]]></system-out>
      <system-err><![CDATA[]]></system-err>
   </testsuite>
</testsuites>
