<?xml version="1.0" encoding="UTF-8"?>
<testsuites name="AddContacts" time="531" tests="2" failures="0" errors="0">
   <testsuite name="AddContacts" tests="2" failures="0" errors="0" time="531" timestamp="2019-12-02 17:13:40" hostname="user - 10.0.102.44" id="Test Suites/AddContacts">
      <properties>
         <property name="deviceName" value=""/>
         <property name="devicePlatform" value=""/>
         <property name="logFolder" value="C:\\Users\\user\\Documents\\testautomation\\KatalonProjects\\Reports\\AddContacts\\20191202_171337"/>
         <property name="logFiles" value="C:\\Users\\user\\Documents\\testautomation\\KatalonProjects\\Reports\\AddContacts\\20191202_171337\\execution0.log"/>
         <property name="attachments" value=""/>
         <property name="hostName" value="user - 10.0.102.44"/>
         <property name="os" value="Windows 8.1 64bit"/>
         <property name="katalonVersion" value="6.1.1.1"/>
         <property name="browser" value="Chrome 78.0.3904.108"/>
         <property name="hostAddress" value="10.0.102.44"/>
         <property name="sessionId" value="d203e51869367a2a29eb80009ecf2a14"/>
         <property name="seleniumVersion" value="3.7.1"/>
         <property name="proxyInformation" value="ProxyInformation{proxyOption=NO_PROXY, proxyServerType=HTTP, password=, proxyServerAddress=, proxyServerPort=0}"/>
         <property name="platform" value="Windows 8.1"/>
      </properties>
      <testcase name="Test Cases/TestCaseUtilities/createContactBO" classname="Test Cases/TestCaseUtilities/createContactBO" status="PASSED">
         <system-out><![CDATA[2019-12-02 17:13:41 - [TEST_CASE][PASSED] - Test Cases/TestCaseUtilities/createContactBO: Test Cases/TestCaseUtilities/createContactBO

2019-12-02 17:13:41 - [TEST_STEP][PASSED] - Start listener action : sampleBeforeTestCase: null

2019-12-02 17:13:41 - [TEST_STEP][PASSED] - println(testCaseContext.getTestCaseId()): null

2019-12-02 17:13:41 - [TEST_STEP][PASSED] - println(testCaseContext.getTestCaseVariables()): null

2019-12-02 17:13:41 - [TEST_STEP][PASSED] - openBrowser(""): Browser is opened with url: ''

2019-12-02 17:13:42 - [MESSAGE][INFO] - Starting 'Chrome' driver

2019-12-02 17:13:42 - [MESSAGE][INFO] - User set preference: ['args', '[--use-fake-ui-for-media-stream, --start-maximized]']

2019-12-02 17:13:42 - [MESSAGE][INFO] - Action delay is set to 0 seconds

2019-12-02 17:13:45 - [MESSAGE][PASSED] - Browser is opened with url: ''

2019-12-02 17:13:45 - [TEST_STEP][PASSED] - callTestCase(findTestCase("TestCaseUtilities/backOfficeLogin"), ["BOURL":"", "BOuser":"", "BOpass":""], STOP_ON_FAILURE): Call Test Case 'Test Cases/TestCaseUtilities/backOfficeLogin' successfully

2019-12-02 17:13:45 - [TEST_CASE][PASSED] - Test Cases/TestCaseUtilities/backOfficeLogin: Test Cases/TestCaseUtilities/backOfficeLogin

2019-12-02 17:13:45 - [TEST_STEP][PASSED] - BOURL = findTestData("envtData").getValue("BOURL", 1): null

2019-12-02 17:13:46 - [TEST_STEP][PASSED] - BOuser = findTestData("credData").getValue("BOuser", 1): null

2019-12-02 17:13:46 - [TEST_STEP][PASSED] - BOpass = findTestData("credData").getValue("BOpass", 1): null

2019-12-02 17:13:46 - [TEST_STEP][PASSED] - openBrowser(""): Browser is opened with url: ''

2019-12-02 17:13:46 - [MESSAGE][WARNING] - A browser is already opened. Closing browser and opening a new one

2019-12-02 17:13:47 - [MESSAGE][INFO] - Starting 'Chrome' driver

2019-12-02 17:13:47 - [MESSAGE][INFO] - User set preference: ['args', '[--use-fake-ui-for-media-stream, --start-maximized]']

2019-12-02 17:13:49 - [MESSAGE][PASSED] - Browser is opened with url: ''

2019-12-02 17:13:49 - [TEST_STEP][PASSED] - navigateToUrl(BOURL): Navigate to 'https://test18.cliotest.com/backoffice/control/main' successfully

2019-12-02 17:13:57 - [MESSAGE][PASSED] - Navigate to 'https://test18.cliotest.com/backoffice/control/main' successfully

2019-12-02 17:13:57 - [TEST_STEP][PASSED] - logOut = findWebElements(findTestObject("Object Repository/Page_cabi Home/log_out"), 1): Unable to find the element located by 'By.xpath: //a[contains(text(),'Log Out')]'. Please recheck the objects properties to make sure the desired element is located. 

2019-12-02 17:13:58 - [MESSAGE][INFO] - Unable to find the element located by 'By.xpath: //a[contains(text(),'Log Out')]'. Please recheck the objects properties to make sure the desired element is located. 

2019-12-02 17:13:58 - [TEST_STEP][PASSED] - if (logOut.size() == 0): Object: 'Object Repository/Page_cabi/input_Welcome to_consultantLogin' is clicked on

2019-12-02 17:13:58 - [TEST_STEP][PASSED] - setText(findTestObject("Page_cabi/input_Welcome to_USERNAME"), BOuser): Text '400000002' is set on object 'Object Repository/Page_cabi/input_Welcome to_USERNAME'

2019-12-02 17:13:58 - [MESSAGE][PASSED] - Text '400000002' is set on object 'Object Repository/Page_cabi/input_Welcome to_USERNAME'

2019-12-02 17:13:58 - [TEST_STEP][PASSED] - setText(findTestObject("Object Repository/Page_cabi/input_Welcome to_PASSWORD"), BOpass): Text 'blackdress19' is set on object 'Object Repository/Page_cabi/input_Welcome to_PASSWORD'

2019-12-02 17:13:58 - [MESSAGE][PASSED] - Text 'blackdress19' is set on object 'Object Repository/Page_cabi/input_Welcome to_PASSWORD'

2019-12-02 17:13:58 - [TEST_STEP][PASSED] - click(findTestObject("Object Repository/Page_cabi/input_Welcome to_consultantLogin")): Object: 'Object Repository/Page_cabi/input_Welcome to_consultantLogin' is clicked on

2019-12-02 17:14:08 - [MESSAGE][PASSED] - Object: 'Object Repository/Page_cabi/input_Welcome to_consultantLogin' is clicked on

2019-12-02 17:14:08 - [TEST_STEP][PASSED] - delay(3): Delayed 3 second(s)

2019-12-02 17:14:11 - [MESSAGE][PASSED] - Delayed 3 second(s)

2019-12-02 17:14:11 - [MESSAGE][PASSED] - Call Test Case 'Test Cases/TestCaseUtilities/backOfficeLogin' successfully

2019-12-02 17:14:11 - [TEST_STEP][PASSED] - noOfContacts = findTestData("contactData").getRowNumbers(): null

2019-12-02 17:14:11 - [TEST_STEP][PASSED] - for ([row = 1, row <= noOfContacts, (row++)]): Actual text and expected text of test object 'Object Repository/Page_cabi View Customer Profile/label_last_name' are matched.

2019-12-02 17:14:11 - [TEST_STEP][PASSED] - println(noOfContacts): null

2019-12-02 17:14:11 - [TEST_STEP][PASSED] - firstName = findTestData("contactData").getValue("firstName", row): null

2019-12-02 17:14:11 - [TEST_STEP][PASSED] - lastName = findTestData("contactData").getValue("lastName", row): null

2019-12-02 17:14:11 - [TEST_STEP][PASSED] - email = findTestData("contactData").getValue("email", row): null

2019-12-02 17:14:11 - [TEST_STEP][PASSED] - address1 = findTestData("contactData").getValue("address1", row): null

2019-12-02 17:14:11 - [TEST_STEP][PASSED] - city = findTestData("contactData").getValue("city", row): null

2019-12-02 17:14:11 - [TEST_STEP][PASSED] - state = findTestData("contactData").getValue("state", row): null

2019-12-02 17:14:11 - [TEST_STEP][PASSED] - zip = findTestData("contactData").getValue("zip", row): null

2019-12-02 17:14:11 - [TEST_STEP][PASSED] - driver = getWebDriver(): null

2019-12-02 17:14:11 - [TEST_STEP][PASSED] - executor = driver: null

2019-12-02 17:14:11 - [TEST_STEP][PASSED] - executor.executeScript("arguments[0].click();", findWebElement(findTestObject("Page_cabi Home/a_Contact Manager"), 5)): null

2019-12-02 17:14:17 - [TEST_STEP][PASSED] - space = " ": null

2019-12-02 17:14:17 - [TEST_STEP][PASSED] - fNameLName = $firstName$space$lastName: null

2019-12-02 17:14:17 - [TEST_STEP][PASSED] - setText(findTestObject("Page_cabi Edit Customer Profile/input_check_contact"), fNameLName): Text 'ahostess-test abc' is set on object 'Object Repository/Page_cabi Edit Customer Profile/input_check_contact'

2019-12-02 17:14:18 - [MESSAGE][PASSED] - Text 'ahostess-test abc' is set on object 'Object Repository/Page_cabi Edit Customer Profile/input_check_contact'

2019-12-02 17:14:18 - [TEST_STEP][PASSED] - delay(2): Delayed 2 second(s)

2019-12-02 17:14:20 - [MESSAGE][PASSED] - Delayed 2 second(s)

2019-12-02 17:14:20 - [TEST_STEP][PASSED] - contactNotFound = findWebElements(findTestObject("Page_cabi/div_contact_not_found"), 5): null

2019-12-02 17:14:20 - [TEST_STEP][PASSED] - if (contactNotFound.size() > 0): Actual text and expected text of test object 'Object Repository/Page_cabi View Customer Profile/label_last_name' are matched.

2019-12-02 17:14:20 - [TEST_STEP][PASSED] - click(findTestObject("Page_cabi/a_NEW CONTACT")): Object: 'Object Repository/Page_cabi/a_NEW CONTACT' is clicked on

2019-12-02 17:14:22 - [MESSAGE][PASSED] - Object: 'Object Repository/Page_cabi/a_NEW CONTACT' is clicked on

2019-12-02 17:14:22 - [TEST_STEP][PASSED] - setText(findTestObject("Object Repository/Page_cabi Edit Customer Profile/input_First Name_firstName"), firstName): Text 'ahostess-test' is set on object 'Object Repository/Page_cabi Edit Customer Profile/input_First Name_firstName'

2019-12-02 17:14:23 - [MESSAGE][PASSED] - Text 'ahostess-test' is set on object 'Object Repository/Page_cabi Edit Customer Profile/input_First Name_firstName'

2019-12-02 17:14:23 - [TEST_STEP][PASSED] - setText(findTestObject("Object Repository/Page_cabi Edit Customer Profile/input_Last Name_lastName"), lastName): Text 'abc' is set on object 'Object Repository/Page_cabi Edit Customer Profile/input_Last Name_lastName'

2019-12-02 17:14:23 - [MESSAGE][PASSED] - Text 'abc' is set on object 'Object Repository/Page_cabi Edit Customer Profile/input_Last Name_lastName'

2019-12-02 17:14:23 - [TEST_STEP][PASSED] - setText(findTestObject("Object Repository/Page_cabi Edit Customer Profile/input_Email Address_emailAddress"), email): Text 'ahostess-test@test.com' is set on object 'Object Repository/Page_cabi Edit Customer Profile/input_Email Address_emailAddress'

2019-12-02 17:14:23 - [MESSAGE][PASSED] - Text 'ahostess-test@test.com' is set on object 'Object Repository/Page_cabi Edit Customer Profile/input_Email Address_emailAddress'

2019-12-02 17:14:23 - [TEST_STEP][PASSED] - setText(findTestObject("Object Repository/Page_cabi Edit Customer Profile/input_Address1_address1"), address1): Text '973 BRAHMS CT' is set on object 'Object Repository/Page_cabi Edit Customer Profile/input_Address1_address1'

2019-12-02 17:14:24 - [MESSAGE][PASSED] - Text '973 BRAHMS CT' is set on object 'Object Repository/Page_cabi Edit Customer Profile/input_Address1_address1'

2019-12-02 17:14:24 - [TEST_STEP][PASSED] - setText(findTestObject("Object Repository/Page_cabi Edit Customer Profile/input_Address2_address2"), ""): Text '' is set on object 'Object Repository/Page_cabi Edit Customer Profile/input_Address2_address2'

2019-12-02 17:14:24 - [MESSAGE][PASSED] - Text '' is set on object 'Object Repository/Page_cabi Edit Customer Profile/input_Address2_address2'

2019-12-02 17:14:24 - [TEST_STEP][PASSED] - setText(findTestObject("Object Repository/Page_cabi Edit Customer Profile/input_City_city"), city): Text 'TROY' is set on object 'Object Repository/Page_cabi Edit Customer Profile/input_City_city'

2019-12-02 17:14:24 - [MESSAGE][PASSED] - Text 'TROY' is set on object 'Object Repository/Page_cabi Edit Customer Profile/input_City_city'

2019-12-02 17:14:24 - [TEST_STEP][PASSED] - click(findTestObject("Page_cabi Edit Customer Profile/span_select_a_state")): Object: 'Object Repository/Page_cabi Edit Customer Profile/span_select_a_state' is clicked on

2019-12-02 17:14:24 - [MESSAGE][PASSED] - Object: 'Object Repository/Page_cabi Edit Customer Profile/span_select_a_state' is clicked on

2019-12-02 17:14:24 - [TEST_STEP][PASSED] - setText(findTestObject("Page_cabi Edit Customer Profile/input_state"), state): Text 'Michigan' is set on object 'Object Repository/Page_cabi Edit Customer Profile/input_state'

2019-12-02 17:14:24 - [MESSAGE][PASSED] - Text 'Michigan' is set on object 'Object Repository/Page_cabi Edit Customer Profile/input_state'

2019-12-02 17:14:24 - [TEST_STEP][PASSED] - delay(2): Delayed 2 second(s)

2019-12-02 17:14:26 - [MESSAGE][PASSED] - Delayed 2 second(s)

2019-12-02 17:14:26 - [TEST_STEP][PASSED] - click(findTestObject("Page_cabi Edit Customer Profile/span_state")): Object: 'Object Repository/Page_cabi Edit Customer Profile/span_state' is clicked on

2019-12-02 17:14:26 - [MESSAGE][PASSED] - Object: 'Object Repository/Page_cabi Edit Customer Profile/span_state' is clicked on

2019-12-02 17:14:26 - [TEST_STEP][PASSED] - setText(findTestObject("Page_cabi Edit Customer Profile/input_state_postalCode"), zip): Text '48085' is set on object 'Object Repository/Page_cabi Edit Customer Profile/input_state_postalCode'

2019-12-02 17:14:26 - [MESSAGE][PASSED] - Text '48085' is set on object 'Object Repository/Page_cabi Edit Customer Profile/input_state_postalCode'

2019-12-02 17:14:26 - [TEST_STEP][PASSED] - click(findTestObject("Page_cabi Edit Customer Profile/span_click_near_address")): Object: 'Object Repository/Page_cabi Edit Customer Profile/span_click_near_address' is clicked on

2019-12-02 17:14:27 - [MESSAGE][PASSED] - Object: 'Object Repository/Page_cabi Edit Customer Profile/span_click_near_address' is clicked on

2019-12-02 17:14:27 - [TEST_STEP][PASSED] - delay(3): Delayed 3 second(s)

2019-12-02 17:14:30 - [MESSAGE][PASSED] - Delayed 3 second(s)

2019-12-02 17:14:30 - [TEST_STEP][PASSED] - addSuggest = findWebElements(findTestObject("Object Repository/Page_cabi Edit Customer Profile/check_address_suggestion"), 5): Unable to find the element located by 'By.xpath: (//li[@id='hint']/h5[contains(text(), 'Address')]/parent::li/table/tbody/tr/td/input[@class='hint_check_mailAddr'])[1]'. Please recheck the objects properties to make sure the desired element is located. 

2019-12-02 17:14:35 - [MESSAGE][INFO] - Unable to find the element located by 'By.xpath: (//li[@id='hint']/h5[contains(text(), 'Address')]/parent::li/table/tbody/tr/td/input[@class='hint_check_mailAddr'])[1]'. Please recheck the objects properties to make sure the desired element is located. 

2019-12-02 17:14:35 - [TEST_STEP][PASSED] - if (addSuggest.size() > 0): null

2019-12-02 17:14:35 - [TEST_STEP][PASSED] - delay(3): Delayed 3 second(s)

2019-12-02 17:14:38 - [MESSAGE][PASSED] - Delayed 3 second(s)

2019-12-02 17:14:38 - [TEST_STEP][PASSED] - verifyElementText(findTestObject("Page_cabi Edit Customer Profile/address_validator_check"), "  Address validated by cabi.", CONTINUE_ON_FAILURE): Actual text and expected text of test object 'Object Repository/Page_cabi Edit Customer Profile/address_validator_check' are matched.

2019-12-02 17:14:38 - [MESSAGE][PASSED] - Actual text and expected text of test object 'Object Repository/Page_cabi Edit Customer Profile/address_validator_check' are matched.

2019-12-02 17:14:38 - [TEST_STEP][PASSED] - click(findTestObject("Page_cabi Edit Customer Profile/input_Interested In_save")): Object: 'Object Repository/Page_cabi Edit Customer Profile/input_Interested In_save' is clicked on

2019-12-02 17:14:38 - [MESSAGE][PASSED] - Object: 'Object Repository/Page_cabi Edit Customer Profile/input_Interested In_save' is clicked on

2019-12-02 17:14:38 - [TEST_STEP][PASSED] - delay(3): Delayed 3 second(s)

2019-12-02 17:14:41 - [MESSAGE][PASSED] - Delayed 3 second(s)

2019-12-02 17:14:41 - [TEST_STEP][PASSED] - verifyElementText(findTestObject("Page_cabi View Customer Profile/label_first_name"), firstName): Actual text and expected text of test object 'Object Repository/Page_cabi View Customer Profile/label_first_name' are matched.

2019-12-02 17:14:47 - [MESSAGE][PASSED] - Actual text and expected text of test object 'Object Repository/Page_cabi View Customer Profile/label_first_name' are matched.

2019-12-02 17:14:47 - [TEST_STEP][PASSED] - verifyElementText(findTestObject("Page_cabi View Customer Profile/label_last_name"), lastName): Actual text and expected text of test object 'Object Repository/Page_cabi View Customer Profile/label_last_name' are matched.

2019-12-02 17:14:47 - [MESSAGE][PASSED] - Actual text and expected text of test object 'Object Repository/Page_cabi View Customer Profile/label_last_name' are matched.

2019-12-02 17:14:47 - [TEST_STEP][PASSED] - println(noOfContacts): null

2019-12-02 17:14:47 - [TEST_STEP][PASSED] - firstName = findTestData("contactData").getValue("firstName", row): null

2019-12-02 17:14:47 - [TEST_STEP][PASSED] - lastName = findTestData("contactData").getValue("lastName", row): null

2019-12-02 17:14:47 - [TEST_STEP][PASSED] - email = findTestData("contactData").getValue("email", row): null

2019-12-02 17:14:47 - [TEST_STEP][PASSED] - address1 = findTestData("contactData").getValue("address1", row): null

2019-12-02 17:14:47 - [TEST_STEP][PASSED] - city = findTestData("contactData").getValue("city", row): null

2019-12-02 17:14:47 - [TEST_STEP][PASSED] - state = findTestData("contactData").getValue("state", row): null

2019-12-02 17:14:47 - [TEST_STEP][PASSED] - zip = findTestData("contactData").getValue("zip", row): null

2019-12-02 17:14:47 - [TEST_STEP][PASSED] - driver = getWebDriver(): null

2019-12-02 17:14:47 - [TEST_STEP][PASSED] - executor = driver: null

2019-12-02 17:14:47 - [TEST_STEP][PASSED] - executor.executeScript("arguments[0].click();", findWebElement(findTestObject("Page_cabi Home/a_Contact Manager"), 5)): null

2019-12-02 17:14:49 - [TEST_STEP][PASSED] - space = " ": null

2019-12-02 17:14:49 - [TEST_STEP][PASSED] - fNameLName = $firstName$space$lastName: null

2019-12-02 17:14:49 - [TEST_STEP][PASSED] - setText(findTestObject("Page_cabi Edit Customer Profile/input_check_contact"), fNameLName): Text 'bcohost-test abc' is set on object 'Object Repository/Page_cabi Edit Customer Profile/input_check_contact'

2019-12-02 17:14:50 - [MESSAGE][PASSED] - Text 'bcohost-test abc' is set on object 'Object Repository/Page_cabi Edit Customer Profile/input_check_contact'

2019-12-02 17:14:50 - [TEST_STEP][PASSED] - delay(2): Delayed 2 second(s)

2019-12-02 17:14:52 - [MESSAGE][PASSED] - Delayed 2 second(s)

2019-12-02 17:14:52 - [TEST_STEP][PASSED] - contactNotFound = findWebElements(findTestObject("Page_cabi/div_contact_not_found"), 5): null

2019-12-02 17:14:52 - [TEST_STEP][PASSED] - if (contactNotFound.size() > 0): Actual text and expected text of test object 'Object Repository/Page_cabi View Customer Profile/label_last_name' are matched.

2019-12-02 17:14:52 - [TEST_STEP][PASSED] - click(findTestObject("Page_cabi/a_NEW CONTACT")): Object: 'Object Repository/Page_cabi/a_NEW CONTACT' is clicked on

2019-12-02 17:14:54 - [MESSAGE][PASSED] - Object: 'Object Repository/Page_cabi/a_NEW CONTACT' is clicked on

2019-12-02 17:14:54 - [TEST_STEP][PASSED] - setText(findTestObject("Object Repository/Page_cabi Edit Customer Profile/input_First Name_firstName"), firstName): Text 'bcohost-test' is set on object 'Object Repository/Page_cabi Edit Customer Profile/input_First Name_firstName'

2019-12-02 17:14:54 - [MESSAGE][PASSED] - Text 'bcohost-test' is set on object 'Object Repository/Page_cabi Edit Customer Profile/input_First Name_firstName'

2019-12-02 17:14:54 - [TEST_STEP][PASSED] - setText(findTestObject("Object Repository/Page_cabi Edit Customer Profile/input_Last Name_lastName"), lastName): Text 'abc' is set on object 'Object Repository/Page_cabi Edit Customer Profile/input_Last Name_lastName'

2019-12-02 17:14:54 - [MESSAGE][PASSED] - Text 'abc' is set on object 'Object Repository/Page_cabi Edit Customer Profile/input_Last Name_lastName'

2019-12-02 17:14:54 - [TEST_STEP][PASSED] - setText(findTestObject("Object Repository/Page_cabi Edit Customer Profile/input_Email Address_emailAddress"), email): Text 'bcohost-test@test.com' is set on object 'Object Repository/Page_cabi Edit Customer Profile/input_Email Address_emailAddress'

2019-12-02 17:14:55 - [MESSAGE][PASSED] - Text 'bcohost-test@test.com' is set on object 'Object Repository/Page_cabi Edit Customer Profile/input_Email Address_emailAddress'

2019-12-02 17:14:55 - [TEST_STEP][PASSED] - setText(findTestObject("Object Repository/Page_cabi Edit Customer Profile/input_Address1_address1"), address1): Text '973 BRAHMS CT' is set on object 'Object Repository/Page_cabi Edit Customer Profile/input_Address1_address1'

2019-12-02 17:14:55 - [MESSAGE][PASSED] - Text '973 BRAHMS CT' is set on object 'Object Repository/Page_cabi Edit Customer Profile/input_Address1_address1'

2019-12-02 17:14:55 - [TEST_STEP][PASSED] - setText(findTestObject("Object Repository/Page_cabi Edit Customer Profile/input_Address2_address2"), ""): Text '' is set on object 'Object Repository/Page_cabi Edit Customer Profile/input_Address2_address2'

2019-12-02 17:14:55 - [MESSAGE][PASSED] - Text '' is set on object 'Object Repository/Page_cabi Edit Customer Profile/input_Address2_address2'

2019-12-02 17:14:55 - [TEST_STEP][PASSED] - setText(findTestObject("Object Repository/Page_cabi Edit Customer Profile/input_City_city"), city): Text 'TROY' is set on object 'Object Repository/Page_cabi Edit Customer Profile/input_City_city'

2019-12-02 17:14:55 - [MESSAGE][PASSED] - Text 'TROY' is set on object 'Object Repository/Page_cabi Edit Customer Profile/input_City_city'

2019-12-02 17:14:55 - [TEST_STEP][PASSED] - click(findTestObject("Page_cabi Edit Customer Profile/span_select_a_state")): Object: 'Object Repository/Page_cabi Edit Customer Profile/span_select_a_state' is clicked on

2019-12-02 17:14:55 - [MESSAGE][PASSED] - Object: 'Object Repository/Page_cabi Edit Customer Profile/span_select_a_state' is clicked on

2019-12-02 17:14:55 - [TEST_STEP][PASSED] - setText(findTestObject("Page_cabi Edit Customer Profile/input_state"), state): Text 'Michigan' is set on object 'Object Repository/Page_cabi Edit Customer Profile/input_state'

2019-12-02 17:14:55 - [MESSAGE][PASSED] - Text 'Michigan' is set on object 'Object Repository/Page_cabi Edit Customer Profile/input_state'

2019-12-02 17:14:55 - [TEST_STEP][PASSED] - delay(2): Delayed 2 second(s)

2019-12-02 17:14:57 - [MESSAGE][PASSED] - Delayed 2 second(s)

2019-12-02 17:14:57 - [TEST_STEP][PASSED] - click(findTestObject("Page_cabi Edit Customer Profile/span_state")): Object: 'Object Repository/Page_cabi Edit Customer Profile/span_state' is clicked on

2019-12-02 17:14:58 - [MESSAGE][PASSED] - Object: 'Object Repository/Page_cabi Edit Customer Profile/span_state' is clicked on

2019-12-02 17:14:58 - [TEST_STEP][PASSED] - setText(findTestObject("Page_cabi Edit Customer Profile/input_state_postalCode"), zip): Text '48085' is set on object 'Object Repository/Page_cabi Edit Customer Profile/input_state_postalCode'

2019-12-02 17:14:58 - [MESSAGE][PASSED] - Text '48085' is set on object 'Object Repository/Page_cabi Edit Customer Profile/input_state_postalCode'

2019-12-02 17:14:58 - [TEST_STEP][PASSED] - click(findTestObject("Page_cabi Edit Customer Profile/span_click_near_address")): Object: 'Object Repository/Page_cabi Edit Customer Profile/span_click_near_address' is clicked on

2019-12-02 17:14:58 - [MESSAGE][PASSED] - Object: 'Object Repository/Page_cabi Edit Customer Profile/span_click_near_address' is clicked on

2019-12-02 17:14:58 - [TEST_STEP][PASSED] - delay(3): Delayed 3 second(s)

2019-12-02 17:15:01 - [MESSAGE][PASSED] - Delayed 3 second(s)

2019-12-02 17:15:01 - [TEST_STEP][PASSED] - addSuggest = findWebElements(findTestObject("Object Repository/Page_cabi Edit Customer Profile/check_address_suggestion"), 5): Unable to find the element located by 'By.xpath: (//li[@id='hint']/h5[contains(text(), 'Address')]/parent::li/table/tbody/tr/td/input[@class='hint_check_mailAddr'])[1]'. Please recheck the objects properties to make sure the desired element is located. 

2019-12-02 17:15:06 - [MESSAGE][INFO] - Unable to find the element located by 'By.xpath: (//li[@id='hint']/h5[contains(text(), 'Address')]/parent::li/table/tbody/tr/td/input[@class='hint_check_mailAddr'])[1]'. Please recheck the objects properties to make sure the desired element is located. 

2019-12-02 17:15:06 - [TEST_STEP][PASSED] - if (addSuggest.size() > 0): null

2019-12-02 17:15:06 - [TEST_STEP][PASSED] - delay(3): Delayed 3 second(s)

2019-12-02 17:15:09 - [MESSAGE][PASSED] - Delayed 3 second(s)

2019-12-02 17:15:09 - [TEST_STEP][PASSED] - verifyElementText(findTestObject("Page_cabi Edit Customer Profile/address_validator_check"), "  Address validated by cabi.", CONTINUE_ON_FAILURE): Actual text and expected text of test object 'Object Repository/Page_cabi Edit Customer Profile/address_validator_check' are matched.

2019-12-02 17:15:09 - [MESSAGE][PASSED] - Actual text and expected text of test object 'Object Repository/Page_cabi Edit Customer Profile/address_validator_check' are matched.

2019-12-02 17:15:09 - [TEST_STEP][PASSED] - click(findTestObject("Page_cabi Edit Customer Profile/input_Interested In_save")): Object: 'Object Repository/Page_cabi Edit Customer Profile/input_Interested In_save' is clicked on

2019-12-02 17:15:09 - [MESSAGE][PASSED] - Object: 'Object Repository/Page_cabi Edit Customer Profile/input_Interested In_save' is clicked on

2019-12-02 17:15:09 - [TEST_STEP][PASSED] - delay(3): Delayed 3 second(s)

2019-12-02 17:15:12 - [MESSAGE][PASSED] - Delayed 3 second(s)

2019-12-02 17:15:12 - [TEST_STEP][PASSED] - verifyElementText(findTestObject("Page_cabi View Customer Profile/label_first_name"), firstName): Actual text and expected text of test object 'Object Repository/Page_cabi View Customer Profile/label_first_name' are matched.

2019-12-02 17:15:15 - [MESSAGE][PASSED] - Actual text and expected text of test object 'Object Repository/Page_cabi View Customer Profile/label_first_name' are matched.

2019-12-02 17:15:15 - [TEST_STEP][PASSED] - verifyElementText(findTestObject("Page_cabi View Customer Profile/label_last_name"), lastName): Actual text and expected text of test object 'Object Repository/Page_cabi View Customer Profile/label_last_name' are matched.

2019-12-02 17:15:15 - [MESSAGE][PASSED] - Actual text and expected text of test object 'Object Repository/Page_cabi View Customer Profile/label_last_name' are matched.

2019-12-02 17:15:15 - [TEST_STEP][PASSED] - println(noOfContacts): null

2019-12-02 17:15:15 - [TEST_STEP][PASSED] - firstName = findTestData("contactData").getValue("firstName", row): null

2019-12-02 17:15:15 - [TEST_STEP][PASSED] - lastName = findTestData("contactData").getValue("lastName", row): null

2019-12-02 17:15:15 - [TEST_STEP][PASSED] - email = findTestData("contactData").getValue("email", row): null

2019-12-02 17:15:15 - [TEST_STEP][PASSED] - address1 = findTestData("contactData").getValue("address1", row): null

2019-12-02 17:15:15 - [TEST_STEP][PASSED] - city = findTestData("contactData").getValue("city", row): null

2019-12-02 17:15:15 - [TEST_STEP][PASSED] - state = findTestData("contactData").getValue("state", row): null

2019-12-02 17:15:15 - [TEST_STEP][PASSED] - zip = findTestData("contactData").getValue("zip", row): null

2019-12-02 17:15:15 - [TEST_STEP][PASSED] - driver = getWebDriver(): null

2019-12-02 17:15:15 - [TEST_STEP][PASSED] - executor = driver: null

2019-12-02 17:15:15 - [TEST_STEP][PASSED] - executor.executeScript("arguments[0].click();", findWebElement(findTestObject("Page_cabi Home/a_Contact Manager"), 5)): null

2019-12-02 17:15:17 - [TEST_STEP][PASSED] - space = " ": null

2019-12-02 17:15:17 - [TEST_STEP][PASSED] - fNameLName = $firstName$space$lastName: null

2019-12-02 17:15:17 - [TEST_STEP][PASSED] - setText(findTestObject("Page_cabi Edit Customer Profile/input_check_contact"), fNameLName): Text 'guest1-test abc' is set on object 'Object Repository/Page_cabi Edit Customer Profile/input_check_contact'

2019-12-02 17:15:18 - [MESSAGE][PASSED] - Text 'guest1-test abc' is set on object 'Object Repository/Page_cabi Edit Customer Profile/input_check_contact'

2019-12-02 17:15:18 - [TEST_STEP][PASSED] - delay(2): Delayed 2 second(s)

2019-12-02 17:15:20 - [MESSAGE][PASSED] - Delayed 2 second(s)

2019-12-02 17:15:20 - [TEST_STEP][PASSED] - contactNotFound = findWebElements(findTestObject("Page_cabi/div_contact_not_found"), 5): null

2019-12-02 17:15:20 - [TEST_STEP][PASSED] - if (contactNotFound.size() > 0): Actual text and expected text of test object 'Object Repository/Page_cabi View Customer Profile/label_last_name' are matched.

2019-12-02 17:15:20 - [TEST_STEP][PASSED] - click(findTestObject("Page_cabi/a_NEW CONTACT")): Object: 'Object Repository/Page_cabi/a_NEW CONTACT' is clicked on

2019-12-02 17:15:22 - [MESSAGE][PASSED] - Object: 'Object Repository/Page_cabi/a_NEW CONTACT' is clicked on

2019-12-02 17:15:22 - [TEST_STEP][PASSED] - setText(findTestObject("Object Repository/Page_cabi Edit Customer Profile/input_First Name_firstName"), firstName): Text 'guest1-test' is set on object 'Object Repository/Page_cabi Edit Customer Profile/input_First Name_firstName'

2019-12-02 17:15:22 - [MESSAGE][PASSED] - Text 'guest1-test' is set on object 'Object Repository/Page_cabi Edit Customer Profile/input_First Name_firstName'

2019-12-02 17:15:22 - [TEST_STEP][PASSED] - setText(findTestObject("Object Repository/Page_cabi Edit Customer Profile/input_Last Name_lastName"), lastName): Text 'abc' is set on object 'Object Repository/Page_cabi Edit Customer Profile/input_Last Name_lastName'

2019-12-02 17:15:22 - [MESSAGE][PASSED] - Text 'abc' is set on object 'Object Repository/Page_cabi Edit Customer Profile/input_Last Name_lastName'

2019-12-02 17:15:22 - [TEST_STEP][PASSED] - setText(findTestObject("Object Repository/Page_cabi Edit Customer Profile/input_Email Address_emailAddress"), email): Text 'guest1-test@test.com' is set on object 'Object Repository/Page_cabi Edit Customer Profile/input_Email Address_emailAddress'

2019-12-02 17:15:22 - [MESSAGE][PASSED] - Text 'guest1-test@test.com' is set on object 'Object Repository/Page_cabi Edit Customer Profile/input_Email Address_emailAddress'

2019-12-02 17:15:22 - [TEST_STEP][PASSED] - setText(findTestObject("Object Repository/Page_cabi Edit Customer Profile/input_Address1_address1"), address1): Text '974 BRAHMS CT' is set on object 'Object Repository/Page_cabi Edit Customer Profile/input_Address1_address1'

2019-12-02 17:15:23 - [MESSAGE][PASSED] - Text '974 BRAHMS CT' is set on object 'Object Repository/Page_cabi Edit Customer Profile/input_Address1_address1'

2019-12-02 17:15:23 - [TEST_STEP][PASSED] - setText(findTestObject("Object Repository/Page_cabi Edit Customer Profile/input_Address2_address2"), ""): Text '' is set on object 'Object Repository/Page_cabi Edit Customer Profile/input_Address2_address2'

2019-12-02 17:15:23 - [MESSAGE][PASSED] - Text '' is set on object 'Object Repository/Page_cabi Edit Customer Profile/input_Address2_address2'

2019-12-02 17:15:23 - [TEST_STEP][PASSED] - setText(findTestObject("Object Repository/Page_cabi Edit Customer Profile/input_City_city"), city): Text 'TROY' is set on object 'Object Repository/Page_cabi Edit Customer Profile/input_City_city'

2019-12-02 17:15:23 - [MESSAGE][PASSED] - Text 'TROY' is set on object 'Object Repository/Page_cabi Edit Customer Profile/input_City_city'

2019-12-02 17:15:23 - [TEST_STEP][PASSED] - click(findTestObject("Page_cabi Edit Customer Profile/span_select_a_state")): Object: 'Object Repository/Page_cabi Edit Customer Profile/span_select_a_state' is clicked on

2019-12-02 17:15:23 - [MESSAGE][PASSED] - Object: 'Object Repository/Page_cabi Edit Customer Profile/span_select_a_state' is clicked on

2019-12-02 17:15:23 - [TEST_STEP][PASSED] - setText(findTestObject("Page_cabi Edit Customer Profile/input_state"), state): Text 'Michigan' is set on object 'Object Repository/Page_cabi Edit Customer Profile/input_state'

2019-12-02 17:15:23 - [MESSAGE][PASSED] - Text 'Michigan' is set on object 'Object Repository/Page_cabi Edit Customer Profile/input_state'

2019-12-02 17:15:23 - [TEST_STEP][PASSED] - delay(2): Delayed 2 second(s)

2019-12-02 17:15:25 - [MESSAGE][PASSED] - Delayed 2 second(s)

2019-12-02 17:15:25 - [TEST_STEP][PASSED] - click(findTestObject("Page_cabi Edit Customer Profile/span_state")): Object: 'Object Repository/Page_cabi Edit Customer Profile/span_state' is clicked on

2019-12-02 17:15:25 - [MESSAGE][PASSED] - Object: 'Object Repository/Page_cabi Edit Customer Profile/span_state' is clicked on

2019-12-02 17:15:25 - [TEST_STEP][PASSED] - setText(findTestObject("Page_cabi Edit Customer Profile/input_state_postalCode"), zip): Text '48085' is set on object 'Object Repository/Page_cabi Edit Customer Profile/input_state_postalCode'

2019-12-02 17:15:25 - [MESSAGE][PASSED] - Text '48085' is set on object 'Object Repository/Page_cabi Edit Customer Profile/input_state_postalCode'

2019-12-02 17:15:25 - [TEST_STEP][PASSED] - click(findTestObject("Page_cabi Edit Customer Profile/span_click_near_address")): Object: 'Object Repository/Page_cabi Edit Customer Profile/span_click_near_address' is clicked on

2019-12-02 17:15:25 - [MESSAGE][PASSED] - Object: 'Object Repository/Page_cabi Edit Customer Profile/span_click_near_address' is clicked on

2019-12-02 17:15:25 - [TEST_STEP][PASSED] - delay(3): Delayed 3 second(s)

2019-12-02 17:15:28 - [MESSAGE][PASSED] - Delayed 3 second(s)

2019-12-02 17:15:28 - [TEST_STEP][PASSED] - addSuggest = findWebElements(findTestObject("Object Repository/Page_cabi Edit Customer Profile/check_address_suggestion"), 5): Unable to find the element located by 'By.xpath: (//li[@id='hint']/h5[contains(text(), 'Address')]/parent::li/table/tbody/tr/td/input[@class='hint_check_mailAddr'])[1]'. Please recheck the objects properties to make sure the desired element is located. 

2019-12-02 17:15:34 - [MESSAGE][INFO] - Unable to find the element located by 'By.xpath: (//li[@id='hint']/h5[contains(text(), 'Address')]/parent::li/table/tbody/tr/td/input[@class='hint_check_mailAddr'])[1]'. Please recheck the objects properties to make sure the desired element is located. 

2019-12-02 17:15:34 - [TEST_STEP][PASSED] - if (addSuggest.size() > 0): null

2019-12-02 17:15:34 - [TEST_STEP][PASSED] - delay(3): Delayed 3 second(s)

2019-12-02 17:15:37 - [MESSAGE][PASSED] - Delayed 3 second(s)

2019-12-02 17:15:37 - [TEST_STEP][PASSED] - verifyElementText(findTestObject("Page_cabi Edit Customer Profile/address_validator_check"), "  Address validated by cabi.", CONTINUE_ON_FAILURE): Actual text and expected text of test object 'Object Repository/Page_cabi Edit Customer Profile/address_validator_check' are matched.

2019-12-02 17:15:37 - [MESSAGE][PASSED] - Actual text and expected text of test object 'Object Repository/Page_cabi Edit Customer Profile/address_validator_check' are matched.

2019-12-02 17:15:37 - [TEST_STEP][PASSED] - click(findTestObject("Page_cabi Edit Customer Profile/input_Interested In_save")): Object: 'Object Repository/Page_cabi Edit Customer Profile/input_Interested In_save' is clicked on

2019-12-02 17:15:37 - [MESSAGE][PASSED] - Object: 'Object Repository/Page_cabi Edit Customer Profile/input_Interested In_save' is clicked on

2019-12-02 17:15:37 - [TEST_STEP][PASSED] - delay(3): Delayed 3 second(s)

2019-12-02 17:15:40 - [MESSAGE][PASSED] - Delayed 3 second(s)

2019-12-02 17:15:40 - [TEST_STEP][PASSED] - verifyElementText(findTestObject("Page_cabi View Customer Profile/label_first_name"), firstName): Actual text and expected text of test object 'Object Repository/Page_cabi View Customer Profile/label_first_name' are matched.

2019-12-02 17:15:44 - [MESSAGE][PASSED] - Actual text and expected text of test object 'Object Repository/Page_cabi View Customer Profile/label_first_name' are matched.

2019-12-02 17:15:44 - [TEST_STEP][PASSED] - verifyElementText(findTestObject("Page_cabi View Customer Profile/label_last_name"), lastName): Actual text and expected text of test object 'Object Repository/Page_cabi View Customer Profile/label_last_name' are matched.

2019-12-02 17:15:44 - [MESSAGE][PASSED] - Actual text and expected text of test object 'Object Repository/Page_cabi View Customer Profile/label_last_name' are matched.

2019-12-02 17:15:44 - [TEST_STEP][PASSED] - println(noOfContacts): null

2019-12-02 17:15:44 - [TEST_STEP][PASSED] - firstName = findTestData("contactData").getValue("firstName", row): null

2019-12-02 17:15:44 - [TEST_STEP][PASSED] - lastName = findTestData("contactData").getValue("lastName", row): null

2019-12-02 17:15:44 - [TEST_STEP][PASSED] - email = findTestData("contactData").getValue("email", row): null

2019-12-02 17:15:44 - [TEST_STEP][PASSED] - address1 = findTestData("contactData").getValue("address1", row): null

2019-12-02 17:15:44 - [TEST_STEP][PASSED] - city = findTestData("contactData").getValue("city", row): null

2019-12-02 17:15:44 - [TEST_STEP][PASSED] - state = findTestData("contactData").getValue("state", row): null

2019-12-02 17:15:44 - [TEST_STEP][PASSED] - zip = findTestData("contactData").getValue("zip", row): null

2019-12-02 17:15:44 - [TEST_STEP][PASSED] - driver = getWebDriver(): null

2019-12-02 17:15:44 - [TEST_STEP][PASSED] - executor = driver: null

2019-12-02 17:15:44 - [TEST_STEP][PASSED] - executor.executeScript("arguments[0].click();", findWebElement(findTestObject("Page_cabi Home/a_Contact Manager"), 5)): null

2019-12-02 17:15:46 - [TEST_STEP][PASSED] - space = " ": null

2019-12-02 17:15:46 - [TEST_STEP][PASSED] - fNameLName = $firstName$space$lastName: null

2019-12-02 17:15:46 - [TEST_STEP][PASSED] - setText(findTestObject("Page_cabi Edit Customer Profile/input_check_contact"), fNameLName): Text 'guest2-test abc' is set on object 'Object Repository/Page_cabi Edit Customer Profile/input_check_contact'

2019-12-02 17:15:47 - [MESSAGE][PASSED] - Text 'guest2-test abc' is set on object 'Object Repository/Page_cabi Edit Customer Profile/input_check_contact'

2019-12-02 17:15:47 - [TEST_STEP][PASSED] - delay(2): Delayed 2 second(s)

2019-12-02 17:15:49 - [MESSAGE][PASSED] - Delayed 2 second(s)

2019-12-02 17:15:49 - [TEST_STEP][PASSED] - contactNotFound = findWebElements(findTestObject("Page_cabi/div_contact_not_found"), 5): null

2019-12-02 17:15:49 - [TEST_STEP][PASSED] - if (contactNotFound.size() > 0): Actual text and expected text of test object 'Object Repository/Page_cabi View Customer Profile/label_last_name' are matched.

2019-12-02 17:15:49 - [TEST_STEP][PASSED] - click(findTestObject("Page_cabi/a_NEW CONTACT")): Object: 'Object Repository/Page_cabi/a_NEW CONTACT' is clicked on

2019-12-02 17:15:50 - [MESSAGE][PASSED] - Object: 'Object Repository/Page_cabi/a_NEW CONTACT' is clicked on

2019-12-02 17:15:50 - [TEST_STEP][PASSED] - setText(findTestObject("Object Repository/Page_cabi Edit Customer Profile/input_First Name_firstName"), firstName): Text 'guest2-test' is set on object 'Object Repository/Page_cabi Edit Customer Profile/input_First Name_firstName'

2019-12-02 17:15:51 - [MESSAGE][PASSED] - Text 'guest2-test' is set on object 'Object Repository/Page_cabi Edit Customer Profile/input_First Name_firstName'

2019-12-02 17:15:51 - [TEST_STEP][PASSED] - setText(findTestObject("Object Repository/Page_cabi Edit Customer Profile/input_Last Name_lastName"), lastName): Text 'abc' is set on object 'Object Repository/Page_cabi Edit Customer Profile/input_Last Name_lastName'

2019-12-02 17:15:51 - [MESSAGE][PASSED] - Text 'abc' is set on object 'Object Repository/Page_cabi Edit Customer Profile/input_Last Name_lastName'

2019-12-02 17:15:51 - [TEST_STEP][PASSED] - setText(findTestObject("Object Repository/Page_cabi Edit Customer Profile/input_Email Address_emailAddress"), email): Text 'guest2-test@test.com' is set on object 'Object Repository/Page_cabi Edit Customer Profile/input_Email Address_emailAddress'

2019-12-02 17:15:51 - [MESSAGE][PASSED] - Text 'guest2-test@test.com' is set on object 'Object Repository/Page_cabi Edit Customer Profile/input_Email Address_emailAddress'

2019-12-02 17:15:51 - [TEST_STEP][PASSED] - setText(findTestObject("Object Repository/Page_cabi Edit Customer Profile/input_Address1_address1"), address1): Text '975 BRAHMS CT' is set on object 'Object Repository/Page_cabi Edit Customer Profile/input_Address1_address1'

2019-12-02 17:15:51 - [MESSAGE][PASSED] - Text '975 BRAHMS CT' is set on object 'Object Repository/Page_cabi Edit Customer Profile/input_Address1_address1'

2019-12-02 17:15:51 - [TEST_STEP][PASSED] - setText(findTestObject("Object Repository/Page_cabi Edit Customer Profile/input_Address2_address2"), ""): Text '' is set on object 'Object Repository/Page_cabi Edit Customer Profile/input_Address2_address2'

2019-12-02 17:15:51 - [MESSAGE][PASSED] - Text '' is set on object 'Object Repository/Page_cabi Edit Customer Profile/input_Address2_address2'

2019-12-02 17:15:51 - [TEST_STEP][PASSED] - setText(findTestObject("Object Repository/Page_cabi Edit Customer Profile/input_City_city"), city): Text 'TROY' is set on object 'Object Repository/Page_cabi Edit Customer Profile/input_City_city'

2019-12-02 17:15:52 - [MESSAGE][PASSED] - Text 'TROY' is set on object 'Object Repository/Page_cabi Edit Customer Profile/input_City_city'

2019-12-02 17:15:52 - [TEST_STEP][PASSED] - click(findTestObject("Page_cabi Edit Customer Profile/span_select_a_state")): Object: 'Object Repository/Page_cabi Edit Customer Profile/span_select_a_state' is clicked on

2019-12-02 17:15:52 - [MESSAGE][PASSED] - Object: 'Object Repository/Page_cabi Edit Customer Profile/span_select_a_state' is clicked on

2019-12-02 17:15:52 - [TEST_STEP][PASSED] - setText(findTestObject("Page_cabi Edit Customer Profile/input_state"), state): Text 'Michigan' is set on object 'Object Repository/Page_cabi Edit Customer Profile/input_state'

2019-12-02 17:15:52 - [MESSAGE][PASSED] - Text 'Michigan' is set on object 'Object Repository/Page_cabi Edit Customer Profile/input_state'

2019-12-02 17:15:52 - [TEST_STEP][PASSED] - delay(2): Delayed 2 second(s)

2019-12-02 17:15:54 - [MESSAGE][PASSED] - Delayed 2 second(s)

2019-12-02 17:15:54 - [TEST_STEP][PASSED] - click(findTestObject("Page_cabi Edit Customer Profile/span_state")): Object: 'Object Repository/Page_cabi Edit Customer Profile/span_state' is clicked on

2019-12-02 17:15:54 - [MESSAGE][PASSED] - Object: 'Object Repository/Page_cabi Edit Customer Profile/span_state' is clicked on

2019-12-02 17:15:54 - [TEST_STEP][PASSED] - setText(findTestObject("Page_cabi Edit Customer Profile/input_state_postalCode"), zip): Text '48085' is set on object 'Object Repository/Page_cabi Edit Customer Profile/input_state_postalCode'

2019-12-02 17:15:54 - [MESSAGE][PASSED] - Text '48085' is set on object 'Object Repository/Page_cabi Edit Customer Profile/input_state_postalCode'

2019-12-02 17:15:54 - [TEST_STEP][PASSED] - click(findTestObject("Page_cabi Edit Customer Profile/span_click_near_address")): Object: 'Object Repository/Page_cabi Edit Customer Profile/span_click_near_address' is clicked on

2019-12-02 17:15:54 - [MESSAGE][PASSED] - Object: 'Object Repository/Page_cabi Edit Customer Profile/span_click_near_address' is clicked on

2019-12-02 17:15:54 - [TEST_STEP][PASSED] - delay(3): Delayed 3 second(s)

2019-12-02 17:15:57 - [MESSAGE][PASSED] - Delayed 3 second(s)

2019-12-02 17:15:57 - [TEST_STEP][PASSED] - addSuggest = findWebElements(findTestObject("Object Repository/Page_cabi Edit Customer Profile/check_address_suggestion"), 5): Unable to find the element located by 'By.xpath: (//li[@id='hint']/h5[contains(text(), 'Address')]/parent::li/table/tbody/tr/td/input[@class='hint_check_mailAddr'])[1]'. Please recheck the objects properties to make sure the desired element is located. 

2019-12-02 17:16:02 - [MESSAGE][INFO] - Unable to find the element located by 'By.xpath: (//li[@id='hint']/h5[contains(text(), 'Address')]/parent::li/table/tbody/tr/td/input[@class='hint_check_mailAddr'])[1]'. Please recheck the objects properties to make sure the desired element is located. 

2019-12-02 17:16:02 - [TEST_STEP][PASSED] - if (addSuggest.size() > 0): null

2019-12-02 17:16:02 - [TEST_STEP][PASSED] - delay(3): Delayed 3 second(s)

2019-12-02 17:16:05 - [MESSAGE][PASSED] - Delayed 3 second(s)

2019-12-02 17:16:05 - [TEST_STEP][PASSED] - verifyElementText(findTestObject("Page_cabi Edit Customer Profile/address_validator_check"), "  Address validated by cabi.", CONTINUE_ON_FAILURE): Actual text and expected text of test object 'Object Repository/Page_cabi Edit Customer Profile/address_validator_check' are matched.

2019-12-02 17:16:06 - [MESSAGE][PASSED] - Actual text and expected text of test object 'Object Repository/Page_cabi Edit Customer Profile/address_validator_check' are matched.

2019-12-02 17:16:06 - [TEST_STEP][PASSED] - click(findTestObject("Page_cabi Edit Customer Profile/input_Interested In_save")): Object: 'Object Repository/Page_cabi Edit Customer Profile/input_Interested In_save' is clicked on

2019-12-02 17:16:06 - [MESSAGE][PASSED] - Object: 'Object Repository/Page_cabi Edit Customer Profile/input_Interested In_save' is clicked on

2019-12-02 17:16:06 - [TEST_STEP][PASSED] - delay(3): Delayed 3 second(s)

2019-12-02 17:16:09 - [MESSAGE][PASSED] - Delayed 3 second(s)

2019-12-02 17:16:09 - [TEST_STEP][PASSED] - verifyElementText(findTestObject("Page_cabi View Customer Profile/label_first_name"), firstName): Actual text and expected text of test object 'Object Repository/Page_cabi View Customer Profile/label_first_name' are matched.

2019-12-02 17:16:21 - [MESSAGE][PASSED] - Actual text and expected text of test object 'Object Repository/Page_cabi View Customer Profile/label_first_name' are matched.

2019-12-02 17:16:21 - [TEST_STEP][PASSED] - verifyElementText(findTestObject("Page_cabi View Customer Profile/label_last_name"), lastName): Actual text and expected text of test object 'Object Repository/Page_cabi View Customer Profile/label_last_name' are matched.

2019-12-02 17:16:21 - [MESSAGE][PASSED] - Actual text and expected text of test object 'Object Repository/Page_cabi View Customer Profile/label_last_name' are matched.

2019-12-02 17:16:21 - [TEST_STEP][PASSED] - println(noOfContacts): null

2019-12-02 17:16:21 - [TEST_STEP][PASSED] - firstName = findTestData("contactData").getValue("firstName", row): null

2019-12-02 17:16:21 - [TEST_STEP][PASSED] - lastName = findTestData("contactData").getValue("lastName", row): null

2019-12-02 17:16:21 - [TEST_STEP][PASSED] - email = findTestData("contactData").getValue("email", row): null

2019-12-02 17:16:21 - [TEST_STEP][PASSED] - address1 = findTestData("contactData").getValue("address1", row): null

2019-12-02 17:16:21 - [TEST_STEP][PASSED] - city = findTestData("contactData").getValue("city", row): null

2019-12-02 17:16:21 - [TEST_STEP][PASSED] - state = findTestData("contactData").getValue("state", row): null

2019-12-02 17:16:21 - [TEST_STEP][PASSED] - zip = findTestData("contactData").getValue("zip", row): null

2019-12-02 17:16:21 - [TEST_STEP][PASSED] - driver = getWebDriver(): null

2019-12-02 17:16:21 - [TEST_STEP][PASSED] - executor = driver: null

2019-12-02 17:16:21 - [TEST_STEP][PASSED] - executor.executeScript("arguments[0].click();", findWebElement(findTestObject("Page_cabi Home/a_Contact Manager"), 5)): null

2019-12-02 17:16:24 - [TEST_STEP][PASSED] - space = " ": null

2019-12-02 17:16:24 - [TEST_STEP][PASSED] - fNameLName = $firstName$space$lastName: null

2019-12-02 17:16:24 - [TEST_STEP][PASSED] - setText(findTestObject("Page_cabi Edit Customer Profile/input_check_contact"), fNameLName): Text 'guest3-test abc' is set on object 'Object Repository/Page_cabi Edit Customer Profile/input_check_contact'

2019-12-02 17:16:25 - [MESSAGE][PASSED] - Text 'guest3-test abc' is set on object 'Object Repository/Page_cabi Edit Customer Profile/input_check_contact'

2019-12-02 17:16:25 - [TEST_STEP][PASSED] - delay(2): Delayed 2 second(s)

2019-12-02 17:16:27 - [MESSAGE][PASSED] - Delayed 2 second(s)

2019-12-02 17:16:27 - [TEST_STEP][PASSED] - contactNotFound = findWebElements(findTestObject("Page_cabi/div_contact_not_found"), 5): null

2019-12-02 17:16:27 - [TEST_STEP][PASSED] - if (contactNotFound.size() > 0): Actual text and expected text of test object 'Object Repository/Page_cabi View Customer Profile/label_last_name' are matched.

2019-12-02 17:16:27 - [TEST_STEP][PASSED] - click(findTestObject("Page_cabi/a_NEW CONTACT")): Object: 'Object Repository/Page_cabi/a_NEW CONTACT' is clicked on

2019-12-02 17:16:29 - [MESSAGE][PASSED] - Object: 'Object Repository/Page_cabi/a_NEW CONTACT' is clicked on

2019-12-02 17:16:29 - [TEST_STEP][PASSED] - setText(findTestObject("Object Repository/Page_cabi Edit Customer Profile/input_First Name_firstName"), firstName): Text 'guest3-test' is set on object 'Object Repository/Page_cabi Edit Customer Profile/input_First Name_firstName'

2019-12-02 17:16:29 - [MESSAGE][PASSED] - Text 'guest3-test' is set on object 'Object Repository/Page_cabi Edit Customer Profile/input_First Name_firstName'

2019-12-02 17:16:29 - [TEST_STEP][PASSED] - setText(findTestObject("Object Repository/Page_cabi Edit Customer Profile/input_Last Name_lastName"), lastName): Text 'abc' is set on object 'Object Repository/Page_cabi Edit Customer Profile/input_Last Name_lastName'

2019-12-02 17:16:29 - [MESSAGE][PASSED] - Text 'abc' is set on object 'Object Repository/Page_cabi Edit Customer Profile/input_Last Name_lastName'

2019-12-02 17:16:29 - [TEST_STEP][PASSED] - setText(findTestObject("Object Repository/Page_cabi Edit Customer Profile/input_Email Address_emailAddress"), email): Text 'guest3-test@test.com' is set on object 'Object Repository/Page_cabi Edit Customer Profile/input_Email Address_emailAddress'

2019-12-02 17:16:29 - [MESSAGE][PASSED] - Text 'guest3-test@test.com' is set on object 'Object Repository/Page_cabi Edit Customer Profile/input_Email Address_emailAddress'

2019-12-02 17:16:29 - [TEST_STEP][PASSED] - setText(findTestObject("Object Repository/Page_cabi Edit Customer Profile/input_Address1_address1"), address1): Text '976 BRAHMS CT' is set on object 'Object Repository/Page_cabi Edit Customer Profile/input_Address1_address1'

2019-12-02 17:16:30 - [MESSAGE][PASSED] - Text '976 BRAHMS CT' is set on object 'Object Repository/Page_cabi Edit Customer Profile/input_Address1_address1'

2019-12-02 17:16:30 - [TEST_STEP][PASSED] - setText(findTestObject("Object Repository/Page_cabi Edit Customer Profile/input_Address2_address2"), ""): Text '' is set on object 'Object Repository/Page_cabi Edit Customer Profile/input_Address2_address2'

2019-12-02 17:16:30 - [MESSAGE][PASSED] - Text '' is set on object 'Object Repository/Page_cabi Edit Customer Profile/input_Address2_address2'

2019-12-02 17:16:30 - [TEST_STEP][PASSED] - setText(findTestObject("Object Repository/Page_cabi Edit Customer Profile/input_City_city"), city): Text 'TROY' is set on object 'Object Repository/Page_cabi Edit Customer Profile/input_City_city'

2019-12-02 17:16:30 - [MESSAGE][PASSED] - Text 'TROY' is set on object 'Object Repository/Page_cabi Edit Customer Profile/input_City_city'

2019-12-02 17:16:30 - [TEST_STEP][PASSED] - click(findTestObject("Page_cabi Edit Customer Profile/span_select_a_state")): Object: 'Object Repository/Page_cabi Edit Customer Profile/span_select_a_state' is clicked on

2019-12-02 17:16:30 - [MESSAGE][PASSED] - Object: 'Object Repository/Page_cabi Edit Customer Profile/span_select_a_state' is clicked on

2019-12-02 17:16:30 - [TEST_STEP][PASSED] - setText(findTestObject("Page_cabi Edit Customer Profile/input_state"), state): Text 'Michigan' is set on object 'Object Repository/Page_cabi Edit Customer Profile/input_state'

2019-12-02 17:16:30 - [MESSAGE][PASSED] - Text 'Michigan' is set on object 'Object Repository/Page_cabi Edit Customer Profile/input_state'

2019-12-02 17:16:30 - [TEST_STEP][PASSED] - delay(2): Delayed 2 second(s)

2019-12-02 17:16:32 - [MESSAGE][PASSED] - Delayed 2 second(s)

2019-12-02 17:16:32 - [TEST_STEP][PASSED] - click(findTestObject("Page_cabi Edit Customer Profile/span_state")): Object: 'Object Repository/Page_cabi Edit Customer Profile/span_state' is clicked on

2019-12-02 17:16:32 - [MESSAGE][PASSED] - Object: 'Object Repository/Page_cabi Edit Customer Profile/span_state' is clicked on

2019-12-02 17:16:32 - [TEST_STEP][PASSED] - setText(findTestObject("Page_cabi Edit Customer Profile/input_state_postalCode"), zip): Text '48085' is set on object 'Object Repository/Page_cabi Edit Customer Profile/input_state_postalCode'

2019-12-02 17:16:32 - [MESSAGE][PASSED] - Text '48085' is set on object 'Object Repository/Page_cabi Edit Customer Profile/input_state_postalCode'

2019-12-02 17:16:32 - [TEST_STEP][PASSED] - click(findTestObject("Page_cabi Edit Customer Profile/span_click_near_address")): Object: 'Object Repository/Page_cabi Edit Customer Profile/span_click_near_address' is clicked on

2019-12-02 17:16:32 - [MESSAGE][PASSED] - Object: 'Object Repository/Page_cabi Edit Customer Profile/span_click_near_address' is clicked on

2019-12-02 17:16:32 - [TEST_STEP][PASSED] - delay(3): Delayed 3 second(s)

2019-12-02 17:16:35 - [MESSAGE][PASSED] - Delayed 3 second(s)

2019-12-02 17:16:35 - [TEST_STEP][PASSED] - addSuggest = findWebElements(findTestObject("Object Repository/Page_cabi Edit Customer Profile/check_address_suggestion"), 5): Unable to find the element located by 'By.xpath: (//li[@id='hint']/h5[contains(text(), 'Address')]/parent::li/table/tbody/tr/td/input[@class='hint_check_mailAddr'])[1]'. Please recheck the objects properties to make sure the desired element is located. 

2019-12-02 17:16:41 - [MESSAGE][INFO] - Unable to find the element located by 'By.xpath: (//li[@id='hint']/h5[contains(text(), 'Address')]/parent::li/table/tbody/tr/td/input[@class='hint_check_mailAddr'])[1]'. Please recheck the objects properties to make sure the desired element is located. 

2019-12-02 17:16:41 - [TEST_STEP][PASSED] - if (addSuggest.size() > 0): null

2019-12-02 17:16:41 - [TEST_STEP][PASSED] - delay(3): Delayed 3 second(s)

2019-12-02 17:16:44 - [MESSAGE][PASSED] - Delayed 3 second(s)

2019-12-02 17:16:44 - [TEST_STEP][PASSED] - verifyElementText(findTestObject("Page_cabi Edit Customer Profile/address_validator_check"), "  Address validated by cabi.", CONTINUE_ON_FAILURE): Actual text and expected text of test object 'Object Repository/Page_cabi Edit Customer Profile/address_validator_check' are matched.

2019-12-02 17:16:44 - [MESSAGE][PASSED] - Actual text and expected text of test object 'Object Repository/Page_cabi Edit Customer Profile/address_validator_check' are matched.

2019-12-02 17:16:44 - [TEST_STEP][PASSED] - click(findTestObject("Page_cabi Edit Customer Profile/input_Interested In_save")): Object: 'Object Repository/Page_cabi Edit Customer Profile/input_Interested In_save' is clicked on

2019-12-02 17:16:44 - [MESSAGE][PASSED] - Object: 'Object Repository/Page_cabi Edit Customer Profile/input_Interested In_save' is clicked on

2019-12-02 17:16:44 - [TEST_STEP][PASSED] - delay(3): Delayed 3 second(s)

2019-12-02 17:16:47 - [MESSAGE][PASSED] - Delayed 3 second(s)

2019-12-02 17:16:47 - [TEST_STEP][PASSED] - verifyElementText(findTestObject("Page_cabi View Customer Profile/label_first_name"), firstName): Actual text and expected text of test object 'Object Repository/Page_cabi View Customer Profile/label_first_name' are matched.

2019-12-02 17:16:51 - [MESSAGE][PASSED] - Actual text and expected text of test object 'Object Repository/Page_cabi View Customer Profile/label_first_name' are matched.

2019-12-02 17:16:51 - [TEST_STEP][PASSED] - verifyElementText(findTestObject("Page_cabi View Customer Profile/label_last_name"), lastName): Actual text and expected text of test object 'Object Repository/Page_cabi View Customer Profile/label_last_name' are matched.

2019-12-02 17:16:51 - [MESSAGE][PASSED] - Actual text and expected text of test object 'Object Repository/Page_cabi View Customer Profile/label_last_name' are matched.

2019-12-02 17:16:51 - [TEST_STEP][PASSED] - closeBrowser(): Browser is closed

2019-12-02 17:16:52 - [MESSAGE][PASSED] - Browser is closed]]></system-out>
         <system-err><![CDATA[]]></system-err>
      </testcase>
      <testcase name="Test Cases/TestCaseUtilities/userRegistration" classname="Test Cases/TestCaseUtilities/userRegistration" status="PASSED">
         <system-out><![CDATA[2019-12-02 17:16:52 - [TEST_CASE][PASSED] - Test Cases/TestCaseUtilities/userRegistration: Test Cases/TestCaseUtilities/userRegistration

2019-12-02 17:16:52 - [TEST_STEP][PASSED] - Start listener action : sampleBeforeTestCase: null

2019-12-02 17:16:52 - [TEST_STEP][PASSED] - println(testCaseContext.getTestCaseId()): null

2019-12-02 17:16:52 - [TEST_STEP][PASSED] - println(testCaseContext.getTestCaseVariables()): null

2019-12-02 17:16:52 - [TEST_STEP][PASSED] - openBrowser(""): Browser is opened with url: ''

2019-12-02 17:16:52 - [MESSAGE][INFO] - Starting 'Chrome' driver

2019-12-02 17:16:52 - [MESSAGE][INFO] - User set preference: ['args', '[--use-fake-ui-for-media-stream, --start-maximized]']

2019-12-02 17:16:54 - [MESSAGE][PASSED] - Browser is opened with url: ''

2019-12-02 17:16:54 - [TEST_STEP][PASSED] - RSTestEnvt = findTestData("envtData").getValue("RSTestEnvt", 1): null

2019-12-02 17:16:54 - [TEST_STEP][PASSED] - callTestCase(findTestCase("TestCaseUtilities/setVHost"), [:], CONTINUE_ON_FAILURE): Call Test Case 'Test Cases/TestCaseUtilities/setVHost' successfully

2019-12-02 17:16:54 - [TEST_CASE][PASSED] - Test Cases/TestCaseUtilities/setVHost: Test Cases/TestCaseUtilities/setVHost

2019-12-02 17:16:54 - [TEST_STEP][PASSED] - ofbizURL = findTestData("envtData").getValue("ofbizURL", 1): null

2019-12-02 17:16:54 - [TEST_STEP][PASSED] - ofbizUser = findTestData("credData").getValue("ofbizuser", 1): null

2019-12-02 17:16:55 - [TEST_STEP][PASSED] - ofbizPass = findTestData("credData").getValue("ofbizpass", 1): null

2019-12-02 17:16:55 - [TEST_STEP][PASSED] - vhostTarget = findTestData("envtData").getValue("vhostTarget", 1): null

2019-12-02 17:16:55 - [TEST_STEP][PASSED] - navigateToUrl(ofbizURL): Navigate to 'https://pushofbiz.cliotest.com/login.php' successfully

2019-12-02 17:16:56 - [MESSAGE][PASSED] - Navigate to 'https://pushofbiz.cliotest.com/login.php' successfully

2019-12-02 17:16:56 - [TEST_STEP][PASSED] - setText(findTestObject("Object Repository/virualShowRSVPOR/Page_/input_Username_username"), ofbizUser): Text 'automation' is set on object 'Object Repository/virualShowRSVPOR/Page_/input_Username_username'

2019-12-02 17:16:57 - [MESSAGE][PASSED] - Text 'automation' is set on object 'Object Repository/virualShowRSVPOR/Page_/input_Username_username'

2019-12-02 17:16:57 - [TEST_STEP][PASSED] - setText(findTestObject("Object Repository/virualShowRSVPOR/Page_/input_Password_password"), ofbizPass): Text 'cabiautomation' is set on object 'Object Repository/virualShowRSVPOR/Page_/input_Password_password'

2019-12-02 17:16:57 - [MESSAGE][PASSED] - Text 'cabiautomation' is set on object 'Object Repository/virualShowRSVPOR/Page_/input_Password_password'

2019-12-02 17:16:57 - [TEST_STEP][PASSED] - click(findTestObject("Object Repository/virualShowRSVPOR/Page_/input_Password_Submit")): Object: 'Object Repository/virualShowRSVPOR/Page_/input_Password_Submit' is clicked on

2019-12-02 17:17:00 - [MESSAGE][PASSED] - Object: 'Object Repository/virualShowRSVPOR/Page_/input_Password_Submit' is clicked on

2019-12-02 17:17:00 - [TEST_STEP][PASSED] - click(findTestObject("Object Repository/virualShowRSVPOR/Page_/a_Set Vhost")): Object: 'Object Repository/virualShowRSVPOR/Page_/a_Set Vhost' is clicked on

2019-12-02 17:17:01 - [MESSAGE][PASSED] - Object: 'Object Repository/virualShowRSVPOR/Page_/a_Set Vhost' is clicked on

2019-12-02 17:17:01 - [TEST_STEP][PASSED] - click(UtilityMethods.createTestObject("select_target", "//select[@name='Target']/option[contains(text(), '", vhostTarget, "')]")): Object: 'select_target' is clicked on

2019-12-02 17:17:01 - [MESSAGE][PASSED] - Object: 'select_target' is clicked on

2019-12-02 17:17:01 - [TEST_STEP][PASSED] - click(findTestObject("Object Repository/virualShowRSVPOR/Page_/input")): Object: 'Object Repository/virualShowRSVPOR/Page_/input' is clicked on

2019-12-02 17:17:03 - [MESSAGE][PASSED] - Object: 'Object Repository/virualShowRSVPOR/Page_/input' is clicked on

2019-12-02 17:17:03 - [MESSAGE][PASSED] - Call Test Case 'Test Cases/TestCaseUtilities/setVHost' successfully

2019-12-02 17:17:03 - [TEST_STEP][PASSED] - sa = new org.testng.asserts.SoftAssert(): null

2019-12-02 17:17:03 - [TEST_STEP][PASSED] - WMURL = findTestData("envtData").getValue("WMURL", 1): null

2019-12-02 17:17:04 - [TEST_STEP][PASSED] - WMEnvt = findTestData("envtData").getValue("WMEnvt", 1): null

2019-12-02 17:17:04 - [TEST_STEP][PASSED] - WMpass = findTestData("credData").getValue("WMpass", 1): null

2019-12-02 17:17:04 - [TEST_STEP][PASSED] - noOfContacts = findTestData("contactData").getRowNumbers(): null

2019-12-02 17:17:04 - [TEST_STEP][PASSED] - for ([row = 1, row <= noOfContacts, (row++)]): Execute JavaScript 'arguments[0].click()' successfully

2019-12-02 17:17:04 - [TEST_STEP][PASSED] - println(noOfContacts): null

2019-12-02 17:17:04 - [TEST_STEP][PASSED] - firstName = findTestData("contactData").getValue("firstName", row): null

2019-12-02 17:17:04 - [TEST_STEP][PASSED] - lastName = findTestData("contactData").getValue("lastName", row): null

2019-12-02 17:17:04 - [TEST_STEP][PASSED] - email = findTestData("contactData").getValue("email", row): null

2019-12-02 17:17:04 - [TEST_STEP][PASSED] - pass = findTestData("contactData").getValue("pass", row): null

2019-12-02 17:17:04 - [TEST_STEP][PASSED] - driver = getWebDriver(): null

2019-12-02 17:17:04 - [TEST_STEP][PASSED] - executor = driver: null

2019-12-02 17:17:04 - [TEST_STEP][PASSED] - loginURL = UtilityMethods.concat("https://mirandakate.", RSTestEnvt, ".com/?component=account.login-gateway"): null

2019-12-02 17:17:04 - [TEST_STEP][PASSED] - navigateToUrl(loginURL): Navigate to 'https://mirandakate.cabitest5.com/?component=account.login-gateway' successfully

2019-12-02 17:17:37 - [MESSAGE][PASSED] - Navigate to 'https://mirandakate.cabitest5.com/?component=account.login-gateway' successfully

2019-12-02 17:17:37 - [TEST_STEP][PASSED] - delay(3): Delayed 3 second(s)

2019-12-02 17:17:40 - [MESSAGE][PASSED] - Delayed 3 second(s)

2019-12-02 17:17:40 - [TEST_STEP][PASSED] - setText(findTestObject("Object Repository/virualShowRSVPOR/Page_Show microsite/input_Sign in  Create account_email"), email): Text 'ahostess-test@test.com' is set on object 'Object Repository/virualShowRSVPOR/Page_Show microsite/input_Sign in  Create account_email'

2019-12-02 17:17:40 - [MESSAGE][PASSED] - Text 'ahostess-test@test.com' is set on object 'Object Repository/virualShowRSVPOR/Page_Show microsite/input_Sign in  Create account_email'

2019-12-02 17:17:40 - [TEST_STEP][PASSED] - executeJavaScript("arguments[0].click()", Arrays.asList(findWebElement(findTestObject("Object Repository/virualShowRSVPOR/Page_Show microsite/button_Continue"), 30))): Execute JavaScript 'arguments[0].click()' successfully

2019-12-02 17:17:40 - [MESSAGE][PASSED] - Execute JavaScript 'arguments[0].click()' successfully

2019-12-02 17:17:40 - [TEST_STEP][PASSED] - delay(3): Delayed 3 second(s)

2019-12-02 17:17:43 - [MESSAGE][PASSED] - Delayed 3 second(s)

2019-12-02 17:17:43 - [TEST_STEP][PASSED] - welcome = findWebElements(findTestObject("Object Repository/User_Registration/verify_text_welcome"), 5): Unable to find the element located by 'By.xpath: //h2[contains(text(), 'Welcome')]'. Please recheck the objects properties to make sure the desired element is located. 

2019-12-02 17:17:48 - [MESSAGE][INFO] - Unable to find the element located by 'By.xpath: //h2[contains(text(), 'Welcome')]'. Please recheck the objects properties to make sure the desired element is located. 

2019-12-02 17:17:48 - [TEST_STEP][PASSED] - if (welcome.size() > 0): null

2019-12-02 17:17:48 - [TEST_STEP][PASSED] - element1 = findWebElement(findTestObject("Object Repository/User_Registration/input_fname"), 30): null

2019-12-02 17:17:48 - [TEST_STEP][PASSED] - executeJavaScript("arguments[0].click", Arrays.asList(element1)): Execute JavaScript 'arguments[0].click' successfully

2019-12-02 17:17:48 - [MESSAGE][PASSED] - Execute JavaScript 'arguments[0].click' successfully

2019-12-02 17:17:48 - [TEST_STEP][PASSED] - executeJavaScript("arguments[0].click()", Arrays.asList(findWebElement(findTestObject("User_Registration/input_fname_div"), 30))): Execute JavaScript 'arguments[0].click()' successfully

2019-12-02 17:17:48 - [MESSAGE][PASSED] - Execute JavaScript 'arguments[0].click()' successfully

2019-12-02 17:17:48 - [TEST_STEP][PASSED] - setText(findTestObject("Object Repository/User_Registration/input_fname"), firstName): Text 'ahostess-test' is set on object 'Object Repository/User_Registration/input_fname'

2019-12-02 17:17:49 - [MESSAGE][PASSED] - Text 'ahostess-test' is set on object 'Object Repository/User_Registration/input_fname'

2019-12-02 17:17:49 - [TEST_STEP][PASSED] - element1 = findWebElement(findTestObject("Object Repository/User_Registration/input_lname"), 30): null

2019-12-02 17:17:49 - [TEST_STEP][PASSED] - executeJavaScript("arguments[0].click", Arrays.asList(element1)): Execute JavaScript 'arguments[0].click' successfully

2019-12-02 17:17:49 - [MESSAGE][PASSED] - Execute JavaScript 'arguments[0].click' successfully

2019-12-02 17:17:49 - [TEST_STEP][PASSED] - executeJavaScript("arguments[0].click()", Arrays.asList(findWebElement(findTestObject("User_Registration/input_lname_div"), 30))): Execute JavaScript 'arguments[0].click()' successfully

2019-12-02 17:17:49 - [MESSAGE][PASSED] - Execute JavaScript 'arguments[0].click()' successfully

2019-12-02 17:17:49 - [TEST_STEP][PASSED] - setText(findTestObject("Object Repository/User_Registration/input_lname"), lastName): Text 'abc' is set on object 'Object Repository/User_Registration/input_lname'

2019-12-02 17:17:49 - [MESSAGE][PASSED] - Text 'abc' is set on object 'Object Repository/User_Registration/input_lname'

2019-12-02 17:17:49 - [TEST_STEP][PASSED] - element1 = findWebElement(findTestObject("Object Repository/User_Registration/input_pass"), 30): null

2019-12-02 17:17:49 - [TEST_STEP][PASSED] - executeJavaScript("arguments[0].click", Arrays.asList(element1)): Execute JavaScript 'arguments[0].click' successfully

2019-12-02 17:17:49 - [MESSAGE][PASSED] - Execute JavaScript 'arguments[0].click' successfully

2019-12-02 17:17:49 - [TEST_STEP][PASSED] - executeJavaScript("arguments[0].click()", Arrays.asList(findWebElement(findTestObject("Object Repository/User_Registration/input_pass_div"), 30))): Execute JavaScript 'arguments[0].click()' successfully

2019-12-02 17:17:49 - [MESSAGE][PASSED] - Execute JavaScript 'arguments[0].click()' successfully

2019-12-02 17:17:49 - [TEST_STEP][PASSED] - setText(findTestObject("Object Repository/User_Registration/input_pass"), pass): Text 'blackdress19' is set on object 'Object Repository/User_Registration/input_pass'

2019-12-02 17:17:49 - [MESSAGE][PASSED] - Text 'blackdress19' is set on object 'Object Repository/User_Registration/input_pass'

2019-12-02 17:17:49 - [TEST_STEP][PASSED] - element1 = findWebElement(findTestObject("Object Repository/User_Registration/input_confirm-pass"), 30): null

2019-12-02 17:17:50 - [TEST_STEP][PASSED] - executeJavaScript("arguments[0].click", Arrays.asList(element1)): Execute JavaScript 'arguments[0].click' successfully

2019-12-02 17:17:50 - [MESSAGE][PASSED] - Execute JavaScript 'arguments[0].click' successfully

2019-12-02 17:17:50 - [TEST_STEP][PASSED] - executeJavaScript("arguments[0].click()", Arrays.asList(findWebElement(findTestObject("Object Repository/User_Registration/input_confirm-pass_div"), 30))): Execute JavaScript 'arguments[0].click()' successfully

2019-12-02 17:17:50 - [MESSAGE][PASSED] - Execute JavaScript 'arguments[0].click()' successfully

2019-12-02 17:17:50 - [TEST_STEP][PASSED] - setText(findTestObject("Object Repository/User_Registration/input_confirm-pass"), pass): Text 'blackdress19' is set on object 'Object Repository/User_Registration/input_confirm-pass'

2019-12-02 17:17:50 - [MESSAGE][PASSED] - Text 'blackdress19' is set on object 'Object Repository/User_Registration/input_confirm-pass'

2019-12-02 17:17:50 - [TEST_STEP][PASSED] - executeJavaScript("arguments[0].click", Arrays.asList(findWebElement(findTestObject("Object Repository/User_Registration/check_email_div"), 30))): Execute JavaScript 'arguments[0].click' successfully

2019-12-02 17:17:50 - [MESSAGE][PASSED] - Execute JavaScript 'arguments[0].click' successfully

2019-12-02 17:17:50 - [TEST_STEP][PASSED] - executeJavaScript("arguments[0].click()", Arrays.asList(findWebElement(findTestObject("Object Repository/User_Registration/check_email_div"), 30))): Execute JavaScript 'arguments[0].click()' successfully

2019-12-02 17:17:50 - [MESSAGE][PASSED] - Execute JavaScript 'arguments[0].click()' successfully

2019-12-02 17:17:50 - [TEST_STEP][PASSED] - executeJavaScript("arguments[0].click", Arrays.asList(findWebElement(findTestObject("Object Repository/User_Registration/button_submit"), 30))): Execute JavaScript 'arguments[0].click' successfully

2019-12-02 17:17:50 - [MESSAGE][PASSED] - Execute JavaScript 'arguments[0].click' successfully

2019-12-02 17:17:50 - [TEST_STEP][PASSED] - executeJavaScript("arguments[0].click()", Arrays.asList(findWebElement(findTestObject("Object Repository/User_Registration/button_submit"), 30))): Execute JavaScript 'arguments[0].click()' successfully

2019-12-02 17:17:50 - [MESSAGE][PASSED] - Execute JavaScript 'arguments[0].click()' successfully

2019-12-02 17:17:50 - [TEST_STEP][PASSED] - executor.executeScript("arguments[0].click();", findWebElement(findTestObject("Object Repository/User_Registration/check_email"), 10)): null

2019-12-02 17:17:50 - [TEST_STEP][PASSED] - executor.executeScript("arguments[0].click();", findWebElement(findTestObject("Object Repository/User_Registration/button_submit"), 10)): null

2019-12-02 17:17:50 - [TEST_STEP][PASSED] - emailAlreadyPresent = findWebElements(findTestObject("Object Repository/User_Registration/verify_text_already_have_email"), 5): null

2019-12-02 17:17:53 - [TEST_STEP][PASSED] - if (emailAlreadyPresent.size() < 1): null

2019-12-02 17:17:53 - [TEST_STEP][PASSED] - delay(10): Delayed 10 second(s)

2019-12-02 17:18:03 - [MESSAGE][PASSED] - Delayed 10 second(s)

2019-12-02 17:18:03 - [TEST_STEP][PASSED] - currentTab = getWindowIndex(): Current window's index is: 0

2019-12-02 17:18:03 - [MESSAGE][PASSED] - Current window's index is: 0

2019-12-02 17:18:03 - [TEST_STEP][PASSED] - executor.executeScript("window.open();"): null

2019-12-02 17:18:03 - [TEST_STEP][PASSED] - switchToWindowIndex(currentTab + 1): Switched to window with index: '1'

2019-12-02 17:18:03 - [MESSAGE][PASSED] - Switched to window with index: '1'

2019-12-02 17:18:03 - [TEST_STEP][PASSED] - navigateToUrl(WMURL): Navigate to 'http://webmail.cabiclio.com/' successfully

2019-12-02 17:18:07 - [MESSAGE][PASSED] - Navigate to 'http://webmail.cabiclio.com/' successfully

2019-12-02 17:18:07 - [TEST_STEP][PASSED] - emailAlreadyLogin = findWebElements(findTestObject("Object Repository/User_Registration/span_inbox_verify_already_login"), 5): Unable to find the element located by 'By.xpath: //div[@id='mailboxcontainer']/div/ul/li/a[@rel='INBOX']'. Please recheck the objects properties to make sure the desired element is located. 

2019-12-02 17:18:12 - [MESSAGE][INFO] - Unable to find the element located by 'By.xpath: //div[@id='mailboxcontainer']/div/ul/li/a[@rel='INBOX']'. Please recheck the objects properties to make sure the desired element is located. 

2019-12-02 17:18:12 - [TEST_STEP][PASSED] - if (emailAlreadyLogin.size() < 1): Execute JavaScript 'arguments[0].click()' successfully

2019-12-02 17:18:12 - [TEST_STEP][PASSED] - setText(findTestObject("Object Repository/User_Registration/Roundcube_Webmail/input_user"), WMEnvt): Text 'test18' is set on object 'Object Repository/User_Registration/Roundcube_Webmail/input_user'

2019-12-02 17:18:12 - [MESSAGE][PASSED] - Text 'test18' is set on object 'Object Repository/User_Registration/Roundcube_Webmail/input_user'

2019-12-02 17:18:12 - [TEST_STEP][PASSED] - setText(findTestObject("Object Repository/User_Registration/Roundcube_Webmail/input_pass"), WMpass): Text 'blackdress19' is set on object 'Object Repository/User_Registration/Roundcube_Webmail/input_pass'

2019-12-02 17:18:12 - [MESSAGE][PASSED] - Text 'blackdress19' is set on object 'Object Repository/User_Registration/Roundcube_Webmail/input_pass'

2019-12-02 17:18:12 - [TEST_STEP][PASSED] - executeJavaScript("arguments[0].click()", Arrays.asList(findWebElement(findTestObject("Object Repository/User_Registration/Roundcube_Webmail/input_submit"), 30))): Execute JavaScript 'arguments[0].click()' successfully

2019-12-02 17:18:15 - [MESSAGE][PASSED] - Execute JavaScript 'arguments[0].click()' successfully

2019-12-02 17:18:15 - [TEST_STEP][PASSED] - delay(2): Delayed 2 second(s)

2019-12-02 17:18:17 - [MESSAGE][PASSED] - Delayed 2 second(s)

2019-12-02 17:18:17 - [TEST_STEP][PASSED] - tdVerifyMail = findWebElements(findTestObject("Object Repository/User_Registration/Roundcube_Webmail/td_verify_mail"), 5): null

2019-12-02 17:18:17 - [TEST_STEP][PASSED] - doubleClick(findTestObject("Object Repository/User_Registration/Roundcube_Webmail/td_verify_mail")): Object: 'Object Repository/User_Registration/Roundcube_Webmail/td_verify_mail' is double clicked on

2019-12-02 17:18:18 - [MESSAGE][PASSED] - Object: 'Object Repository/User_Registration/Roundcube_Webmail/td_verify_mail' is double clicked on

2019-12-02 17:18:18 - [TEST_STEP][PASSED] - delay(2): Delayed 2 second(s)

2019-12-02 17:18:20 - [MESSAGE][PASSED] - Delayed 2 second(s)

2019-12-02 17:18:20 - [TEST_STEP][PASSED] - veriCode = getText(findTestObject("Object Repository/User_Registration/Roundcube_Webmail/p_verify_code")): Text of object 'Object Repository/User_Registration/Roundcube_Webmail/p_verify_code' is: '28039'

2019-12-02 17:18:20 - [MESSAGE][PASSED] - Text of object 'Object Repository/User_Registration/Roundcube_Webmail/p_verify_code' is: '28039'

2019-12-02 17:18:20 - [TEST_STEP][PASSED] - switchToWindowIndex(currentTab): Switched to window with index: '0'

2019-12-02 17:18:20 - [MESSAGE][PASSED] - Switched to window with index: '0'

2019-12-02 17:18:20 - [TEST_STEP][PASSED] - element1 = findWebElement(findTestObject("Object Repository/User_Registration/input_verify_code"), 30): null

2019-12-02 17:18:20 - [TEST_STEP][PASSED] - executeJavaScript("arguments[0].click", Arrays.asList(element1)): Execute JavaScript 'arguments[0].click' successfully

2019-12-02 17:18:20 - [MESSAGE][PASSED] - Execute JavaScript 'arguments[0].click' successfully

2019-12-02 17:18:20 - [TEST_STEP][PASSED] - executeJavaScript("arguments[0].click()", Arrays.asList(findWebElement(findTestObject("Object Repository/User_Registration/input_verify_code_div"), 30))): Execute JavaScript 'arguments[0].click()' successfully

2019-12-02 17:18:20 - [MESSAGE][PASSED] - Execute JavaScript 'arguments[0].click()' successfully

2019-12-02 17:18:20 - [TEST_STEP][PASSED] - setText(findTestObject("Object Repository/User_Registration/input_verify_code"), veriCode): Text '28039' is set on object 'Object Repository/User_Registration/input_verify_code'

2019-12-02 17:18:20 - [MESSAGE][PASSED] - Text '28039' is set on object 'Object Repository/User_Registration/input_verify_code'

2019-12-02 17:18:20 - [TEST_STEP][PASSED] - executeJavaScript("arguments[0].click", Arrays.asList(findWebElement(findTestObject("Object Repository/User_Registration/button_submit"), 30))): Execute JavaScript 'arguments[0].click' successfully

2019-12-02 17:18:20 - [MESSAGE][PASSED] - Execute JavaScript 'arguments[0].click' successfully

2019-12-02 17:18:20 - [TEST_STEP][PASSED] - executeJavaScript("arguments[0].click()", Arrays.asList(findWebElement(findTestObject("Object Repository/User_Registration/button_submit"), 30))): Execute JavaScript 'arguments[0].click()' successfully

2019-12-02 17:18:21 - [MESSAGE][PASSED] - Execute JavaScript 'arguments[0].click()' successfully

2019-12-02 17:18:21 - [TEST_STEP][PASSED] - executeJavaScript("arguments[0].click()", Arrays.asList(findWebElement(findTestObject("Object Repository/User_Registration/verify_text_welcome"), 30))): Execute JavaScript 'arguments[0].click()' successfully

2019-12-02 17:18:31 - [MESSAGE][PASSED] - Execute JavaScript 'arguments[0].click()' successfully

2019-12-02 17:18:31 - [TEST_STEP][PASSED] - completeMyPlrofileLater = findWebElements(findTestObject("Object Repository/User_Registration/verify_text_welcome"), 5): null

2019-12-02 17:18:31 - [TEST_STEP][PASSED] - if (completeMyPlrofileLater.size() > 0): Execute JavaScript 'arguments[0].click()' successfully

2019-12-02 17:18:31 - [TEST_STEP][PASSED] - executeJavaScript("arguments[0].click()", Arrays.asList(findWebElement(findTestObject("Object Repository/User_Registration/a_I_will_complete_my_profile_later"), 30))): Execute JavaScript 'arguments[0].click()' successfully

2019-12-02 17:18:35 - [MESSAGE][PASSED] - Execute JavaScript 'arguments[0].click()' successfully

2019-12-02 17:18:35 - [TEST_STEP][PASSED] - executeJavaScript("arguments[0].click()", Arrays.asList(findWebElement(findTestObject("Object Repository/User_Registration/a_profile_dropdown"), 30))): Execute JavaScript 'arguments[0].click()' successfully

2019-12-02 17:18:35 - [MESSAGE][PASSED] - Execute JavaScript 'arguments[0].click()' successfully

2019-12-02 17:18:35 - [TEST_STEP][PASSED] - delay(1): Delayed 1 second(s)

2019-12-02 17:18:36 - [MESSAGE][PASSED] - Delayed 1 second(s)

2019-12-02 17:18:36 - [TEST_STEP][PASSED] - executeJavaScript("arguments[0].click()", Arrays.asList(findWebElement(findTestObject("Object Repository/User_Registration/a_sign_out"), 30))): Execute JavaScript 'arguments[0].click()' successfully

2019-12-02 17:18:36 - [MESSAGE][PASSED] - Execute JavaScript 'arguments[0].click()' successfully

2019-12-02 17:18:36 - [TEST_STEP][PASSED] - signoutButton = findWebElements(findTestObject("Object Repository/User_Registration/a_logout"), 5): Unable to find the element located by 'By.xpath: //a[contains(text(), 'Logout')]'. Please recheck the objects properties to make sure the desired element is located. 

2019-12-02 17:18:41 - [MESSAGE][INFO] - Unable to find the element located by 'By.xpath: //a[contains(text(), 'Logout')]'. Please recheck the objects properties to make sure the desired element is located. 

2019-12-02 17:18:41 - [TEST_STEP][PASSED] - if (signoutButton.size() > 0): null

2019-12-02 17:18:41 - [TEST_STEP][PASSED] - signoutButton = findWebElements(findTestObject("Object Repository/User_Registration/a_signout"), 5): null

2019-12-02 17:18:41 - [TEST_STEP][PASSED] - if (signoutButton.size() > 0): Execute JavaScript 'arguments[0].click()' successfully

2019-12-02 17:18:41 - [TEST_STEP][PASSED] - executeJavaScript("arguments[0].click()", Arrays.asList(findWebElement(findTestObject("Object Repository/User_Registration/a_signout"), 30))): Execute JavaScript 'arguments[0].click()' successfully

2019-12-02 17:18:42 - [MESSAGE][PASSED] - Execute JavaScript 'arguments[0].click()' successfully

2019-12-02 17:18:42 - [TEST_STEP][PASSED] - println(noOfContacts): null

2019-12-02 17:18:42 - [TEST_STEP][PASSED] - firstName = findTestData("contactData").getValue("firstName", row): null

2019-12-02 17:18:42 - [TEST_STEP][PASSED] - lastName = findTestData("contactData").getValue("lastName", row): null

2019-12-02 17:18:42 - [TEST_STEP][PASSED] - email = findTestData("contactData").getValue("email", row): null

2019-12-02 17:18:42 - [TEST_STEP][PASSED] - pass = findTestData("contactData").getValue("pass", row): null

2019-12-02 17:18:42 - [TEST_STEP][PASSED] - driver = getWebDriver(): null

2019-12-02 17:18:42 - [TEST_STEP][PASSED] - executor = driver: null

2019-12-02 17:18:42 - [TEST_STEP][PASSED] - loginURL = UtilityMethods.concat("https://mirandakate.", RSTestEnvt, ".com/?component=account.login-gateway"): null

2019-12-02 17:18:42 - [TEST_STEP][PASSED] - navigateToUrl(loginURL): Navigate to 'https://mirandakate.cabitest5.com/?component=account.login-gateway' successfully

2019-12-02 17:18:47 - [MESSAGE][PASSED] - Navigate to 'https://mirandakate.cabitest5.com/?component=account.login-gateway' successfully

2019-12-02 17:18:47 - [TEST_STEP][PASSED] - delay(3): Delayed 3 second(s)

2019-12-02 17:18:50 - [MESSAGE][PASSED] - Delayed 3 second(s)

2019-12-02 17:18:50 - [TEST_STEP][PASSED] - setText(findTestObject("Object Repository/virualShowRSVPOR/Page_Show microsite/input_Sign in  Create account_email"), email): Text 'bcohost-test@test.com' is set on object 'Object Repository/virualShowRSVPOR/Page_Show microsite/input_Sign in  Create account_email'

2019-12-02 17:18:51 - [MESSAGE][PASSED] - Text 'bcohost-test@test.com' is set on object 'Object Repository/virualShowRSVPOR/Page_Show microsite/input_Sign in  Create account_email'

2019-12-02 17:18:51 - [TEST_STEP][PASSED] - executeJavaScript("arguments[0].click()", Arrays.asList(findWebElement(findTestObject("Object Repository/virualShowRSVPOR/Page_Show microsite/button_Continue"), 30))): Execute JavaScript 'arguments[0].click()' successfully

2019-12-02 17:18:51 - [MESSAGE][PASSED] - Execute JavaScript 'arguments[0].click()' successfully

2019-12-02 17:18:51 - [TEST_STEP][PASSED] - delay(3): Delayed 3 second(s)

2019-12-02 17:18:54 - [MESSAGE][PASSED] - Delayed 3 second(s)

2019-12-02 17:18:54 - [TEST_STEP][PASSED] - welcome = findWebElements(findTestObject("Object Repository/User_Registration/verify_text_welcome"), 5): Unable to find the element located by 'By.xpath: //h2[contains(text(), 'Welcome')]'. Please recheck the objects properties to make sure the desired element is located. 

2019-12-02 17:18:59 - [MESSAGE][INFO] - Unable to find the element located by 'By.xpath: //h2[contains(text(), 'Welcome')]'. Please recheck the objects properties to make sure the desired element is located. 

2019-12-02 17:18:59 - [TEST_STEP][PASSED] - if (welcome.size() > 0): null

2019-12-02 17:18:59 - [TEST_STEP][PASSED] - element1 = findWebElement(findTestObject("Object Repository/User_Registration/input_fname"), 30): null

2019-12-02 17:18:59 - [TEST_STEP][PASSED] - executeJavaScript("arguments[0].click", Arrays.asList(element1)): Execute JavaScript 'arguments[0].click' successfully

2019-12-02 17:18:59 - [MESSAGE][PASSED] - Execute JavaScript 'arguments[0].click' successfully

2019-12-02 17:18:59 - [TEST_STEP][PASSED] - executeJavaScript("arguments[0].click()", Arrays.asList(findWebElement(findTestObject("User_Registration/input_fname_div"), 30))): Execute JavaScript 'arguments[0].click()' successfully

2019-12-02 17:18:59 - [MESSAGE][PASSED] - Execute JavaScript 'arguments[0].click()' successfully

2019-12-02 17:18:59 - [TEST_STEP][PASSED] - setText(findTestObject("Object Repository/User_Registration/input_fname"), firstName): Text 'bcohost-test' is set on object 'Object Repository/User_Registration/input_fname'

2019-12-02 17:18:59 - [MESSAGE][PASSED] - Text 'bcohost-test' is set on object 'Object Repository/User_Registration/input_fname'

2019-12-02 17:18:59 - [TEST_STEP][PASSED] - element1 = findWebElement(findTestObject("Object Repository/User_Registration/input_lname"), 30): null

2019-12-02 17:18:59 - [TEST_STEP][PASSED] - executeJavaScript("arguments[0].click", Arrays.asList(element1)): Execute JavaScript 'arguments[0].click' successfully

2019-12-02 17:18:59 - [MESSAGE][PASSED] - Execute JavaScript 'arguments[0].click' successfully

2019-12-02 17:18:59 - [TEST_STEP][PASSED] - executeJavaScript("arguments[0].click()", Arrays.asList(findWebElement(findTestObject("User_Registration/input_lname_div"), 30))): Execute JavaScript 'arguments[0].click()' successfully

2019-12-02 17:18:59 - [MESSAGE][PASSED] - Execute JavaScript 'arguments[0].click()' successfully

2019-12-02 17:18:59 - [TEST_STEP][PASSED] - setText(findTestObject("Object Repository/User_Registration/input_lname"), lastName): Text 'abc' is set on object 'Object Repository/User_Registration/input_lname'

2019-12-02 17:19:00 - [MESSAGE][PASSED] - Text 'abc' is set on object 'Object Repository/User_Registration/input_lname'

2019-12-02 17:19:00 - [TEST_STEP][PASSED] - element1 = findWebElement(findTestObject("Object Repository/User_Registration/input_pass"), 30): null

2019-12-02 17:19:00 - [TEST_STEP][PASSED] - executeJavaScript("arguments[0].click", Arrays.asList(element1)): Execute JavaScript 'arguments[0].click' successfully

2019-12-02 17:19:00 - [MESSAGE][PASSED] - Execute JavaScript 'arguments[0].click' successfully

2019-12-02 17:19:00 - [TEST_STEP][PASSED] - executeJavaScript("arguments[0].click()", Arrays.asList(findWebElement(findTestObject("Object Repository/User_Registration/input_pass_div"), 30))): Execute JavaScript 'arguments[0].click()' successfully

2019-12-02 17:19:00 - [MESSAGE][PASSED] - Execute JavaScript 'arguments[0].click()' successfully

2019-12-02 17:19:00 - [TEST_STEP][PASSED] - setText(findTestObject("Object Repository/User_Registration/input_pass"), pass): Text 'blackdress19' is set on object 'Object Repository/User_Registration/input_pass'

2019-12-02 17:19:00 - [MESSAGE][PASSED] - Text 'blackdress19' is set on object 'Object Repository/User_Registration/input_pass'

2019-12-02 17:19:00 - [TEST_STEP][PASSED] - element1 = findWebElement(findTestObject("Object Repository/User_Registration/input_confirm-pass"), 30): null

2019-12-02 17:19:00 - [TEST_STEP][PASSED] - executeJavaScript("arguments[0].click", Arrays.asList(element1)): Execute JavaScript 'arguments[0].click' successfully

2019-12-02 17:19:00 - [MESSAGE][PASSED] - Execute JavaScript 'arguments[0].click' successfully

2019-12-02 17:19:00 - [TEST_STEP][PASSED] - executeJavaScript("arguments[0].click()", Arrays.asList(findWebElement(findTestObject("Object Repository/User_Registration/input_confirm-pass_div"), 30))): Execute JavaScript 'arguments[0].click()' successfully

2019-12-02 17:19:00 - [MESSAGE][PASSED] - Execute JavaScript 'arguments[0].click()' successfully

2019-12-02 17:19:00 - [TEST_STEP][PASSED] - setText(findTestObject("Object Repository/User_Registration/input_confirm-pass"), pass): Text 'blackdress19' is set on object 'Object Repository/User_Registration/input_confirm-pass'

2019-12-02 17:19:00 - [MESSAGE][PASSED] - Text 'blackdress19' is set on object 'Object Repository/User_Registration/input_confirm-pass'

2019-12-02 17:19:00 - [TEST_STEP][PASSED] - executeJavaScript("arguments[0].click", Arrays.asList(findWebElement(findTestObject("Object Repository/User_Registration/check_email_div"), 30))): Execute JavaScript 'arguments[0].click' successfully

2019-12-02 17:19:01 - [MESSAGE][PASSED] - Execute JavaScript 'arguments[0].click' successfully

2019-12-02 17:19:01 - [TEST_STEP][PASSED] - executeJavaScript("arguments[0].click()", Arrays.asList(findWebElement(findTestObject("Object Repository/User_Registration/check_email_div"), 30))): Execute JavaScript 'arguments[0].click()' successfully

2019-12-02 17:19:01 - [MESSAGE][PASSED] - Execute JavaScript 'arguments[0].click()' successfully

2019-12-02 17:19:01 - [TEST_STEP][PASSED] - executeJavaScript("arguments[0].click", Arrays.asList(findWebElement(findTestObject("Object Repository/User_Registration/button_submit"), 30))): Execute JavaScript 'arguments[0].click' successfully

2019-12-02 17:19:01 - [MESSAGE][PASSED] - Execute JavaScript 'arguments[0].click' successfully

2019-12-02 17:19:01 - [TEST_STEP][PASSED] - executeJavaScript("arguments[0].click()", Arrays.asList(findWebElement(findTestObject("Object Repository/User_Registration/button_submit"), 30))): Execute JavaScript 'arguments[0].click()' successfully

2019-12-02 17:19:01 - [MESSAGE][PASSED] - Execute JavaScript 'arguments[0].click()' successfully

2019-12-02 17:19:01 - [TEST_STEP][PASSED] - executor.executeScript("arguments[0].click();", findWebElement(findTestObject("Object Repository/User_Registration/check_email"), 10)): null

2019-12-02 17:19:01 - [TEST_STEP][PASSED] - executor.executeScript("arguments[0].click();", findWebElement(findTestObject("Object Repository/User_Registration/button_submit"), 10)): null

2019-12-02 17:19:01 - [TEST_STEP][PASSED] - emailAlreadyPresent = findWebElements(findTestObject("Object Repository/User_Registration/verify_text_already_have_email"), 5): null

2019-12-02 17:19:03 - [TEST_STEP][PASSED] - if (emailAlreadyPresent.size() < 1): null

2019-12-02 17:19:03 - [TEST_STEP][PASSED] - delay(10): Delayed 10 second(s)

2019-12-02 17:19:13 - [MESSAGE][PASSED] - Delayed 10 second(s)

2019-12-02 17:19:13 - [TEST_STEP][PASSED] - currentTab = getWindowIndex(): Current window's index is: 0

2019-12-02 17:19:13 - [MESSAGE][PASSED] - Current window's index is: 0

2019-12-02 17:19:13 - [TEST_STEP][PASSED] - executor.executeScript("window.open();"): null

2019-12-02 17:19:13 - [TEST_STEP][PASSED] - switchToWindowIndex(currentTab + 1): Switched to window with index: '1'

2019-12-02 17:19:13 - [MESSAGE][PASSED] - Switched to window with index: '1'

2019-12-02 17:19:13 - [TEST_STEP][PASSED] - navigateToUrl(WMURL): Navigate to 'http://webmail.cabiclio.com/' successfully

2019-12-02 17:19:14 - [MESSAGE][PASSED] - Navigate to 'http://webmail.cabiclio.com/' successfully

2019-12-02 17:19:14 - [TEST_STEP][PASSED] - emailAlreadyLogin = findWebElements(findTestObject("Object Repository/User_Registration/span_inbox_verify_already_login"), 5): null

2019-12-02 17:19:14 - [TEST_STEP][PASSED] - if (emailAlreadyLogin.size() < 1): null

2019-12-02 17:19:14 - [TEST_STEP][PASSED] - delay(2): Delayed 2 second(s)

2019-12-02 17:19:16 - [MESSAGE][PASSED] - Delayed 2 second(s)

2019-12-02 17:19:16 - [TEST_STEP][PASSED] - tdVerifyMail = findWebElements(findTestObject("Object Repository/User_Registration/Roundcube_Webmail/td_verify_mail"), 5): null

2019-12-02 17:19:16 - [TEST_STEP][PASSED] - doubleClick(findTestObject("Object Repository/User_Registration/Roundcube_Webmail/td_verify_mail")): Object: 'Object Repository/User_Registration/Roundcube_Webmail/td_verify_mail' is double clicked on

2019-12-02 17:19:17 - [MESSAGE][PASSED] - Object: 'Object Repository/User_Registration/Roundcube_Webmail/td_verify_mail' is double clicked on

2019-12-02 17:19:17 - [TEST_STEP][PASSED] - delay(2): Delayed 2 second(s)

2019-12-02 17:19:19 - [MESSAGE][PASSED] - Delayed 2 second(s)

2019-12-02 17:19:19 - [TEST_STEP][PASSED] - veriCode = getText(findTestObject("Object Repository/User_Registration/Roundcube_Webmail/p_verify_code")): Text of object 'Object Repository/User_Registration/Roundcube_Webmail/p_verify_code' is: '14252'

2019-12-02 17:19:19 - [MESSAGE][PASSED] - Text of object 'Object Repository/User_Registration/Roundcube_Webmail/p_verify_code' is: '14252'

2019-12-02 17:19:19 - [TEST_STEP][PASSED] - switchToWindowIndex(currentTab): Switched to window with index: '0'

2019-12-02 17:19:19 - [MESSAGE][PASSED] - Switched to window with index: '0'

2019-12-02 17:19:19 - [TEST_STEP][PASSED] - element1 = findWebElement(findTestObject("Object Repository/User_Registration/input_verify_code"), 30): null

2019-12-02 17:19:19 - [TEST_STEP][PASSED] - executeJavaScript("arguments[0].click", Arrays.asList(element1)): Execute JavaScript 'arguments[0].click' successfully

2019-12-02 17:19:19 - [MESSAGE][PASSED] - Execute JavaScript 'arguments[0].click' successfully

2019-12-02 17:19:19 - [TEST_STEP][PASSED] - executeJavaScript("arguments[0].click()", Arrays.asList(findWebElement(findTestObject("Object Repository/User_Registration/input_verify_code_div"), 30))): Execute JavaScript 'arguments[0].click()' successfully

2019-12-02 17:19:19 - [MESSAGE][PASSED] - Execute JavaScript 'arguments[0].click()' successfully

2019-12-02 17:19:19 - [TEST_STEP][PASSED] - setText(findTestObject("Object Repository/User_Registration/input_verify_code"), veriCode): Text '14252' is set on object 'Object Repository/User_Registration/input_verify_code'

2019-12-02 17:19:19 - [MESSAGE][PASSED] - Text '14252' is set on object 'Object Repository/User_Registration/input_verify_code'

2019-12-02 17:19:19 - [TEST_STEP][PASSED] - executeJavaScript("arguments[0].click", Arrays.asList(findWebElement(findTestObject("Object Repository/User_Registration/button_submit"), 30))): Execute JavaScript 'arguments[0].click' successfully

2019-12-02 17:19:19 - [MESSAGE][PASSED] - Execute JavaScript 'arguments[0].click' successfully

2019-12-02 17:19:19 - [TEST_STEP][PASSED] - executeJavaScript("arguments[0].click()", Arrays.asList(findWebElement(findTestObject("Object Repository/User_Registration/button_submit"), 30))): Execute JavaScript 'arguments[0].click()' successfully

2019-12-02 17:19:19 - [MESSAGE][PASSED] - Execute JavaScript 'arguments[0].click()' successfully

2019-12-02 17:19:19 - [TEST_STEP][PASSED] - executeJavaScript("arguments[0].click()", Arrays.asList(findWebElement(findTestObject("Object Repository/User_Registration/verify_text_welcome"), 30))): Execute JavaScript 'arguments[0].click()' successfully

2019-12-02 17:19:26 - [MESSAGE][PASSED] - Execute JavaScript 'arguments[0].click()' successfully

2019-12-02 17:19:26 - [TEST_STEP][PASSED] - completeMyPlrofileLater = findWebElements(findTestObject("Object Repository/User_Registration/verify_text_welcome"), 5): null

2019-12-02 17:19:26 - [TEST_STEP][PASSED] - if (completeMyPlrofileLater.size() > 0): Execute JavaScript 'arguments[0].click()' successfully

2019-12-02 17:19:26 - [TEST_STEP][PASSED] - executeJavaScript("arguments[0].click()", Arrays.asList(findWebElement(findTestObject("Object Repository/User_Registration/a_I_will_complete_my_profile_later"), 30))): Execute JavaScript 'arguments[0].click()' successfully

2019-12-02 17:19:32 - [MESSAGE][PASSED] - Execute JavaScript 'arguments[0].click()' successfully

2019-12-02 17:19:32 - [TEST_STEP][PASSED] - executeJavaScript("arguments[0].click()", Arrays.asList(findWebElement(findTestObject("Object Repository/User_Registration/a_profile_dropdown"), 30))): Execute JavaScript 'arguments[0].click()' successfully

2019-12-02 17:19:33 - [MESSAGE][PASSED] - Execute JavaScript 'arguments[0].click()' successfully

2019-12-02 17:19:33 - [TEST_STEP][PASSED] - delay(1): Delayed 1 second(s)

2019-12-02 17:19:34 - [MESSAGE][PASSED] - Delayed 1 second(s)

2019-12-02 17:19:34 - [TEST_STEP][PASSED] - executeJavaScript("arguments[0].click()", Arrays.asList(findWebElement(findTestObject("Object Repository/User_Registration/a_sign_out"), 30))): Execute JavaScript 'arguments[0].click()' successfully

2019-12-02 17:19:34 - [MESSAGE][PASSED] - Execute JavaScript 'arguments[0].click()' successfully

2019-12-02 17:19:34 - [TEST_STEP][PASSED] - signoutButton = findWebElements(findTestObject("Object Repository/User_Registration/a_logout"), 5): Unable to find the element located by 'By.xpath: //a[contains(text(), 'Logout')]'. Please recheck the objects properties to make sure the desired element is located. 

2019-12-02 17:19:39 - [MESSAGE][INFO] - Unable to find the element located by 'By.xpath: //a[contains(text(), 'Logout')]'. Please recheck the objects properties to make sure the desired element is located. 

2019-12-02 17:19:39 - [TEST_STEP][PASSED] - if (signoutButton.size() > 0): null

2019-12-02 17:19:39 - [TEST_STEP][PASSED] - signoutButton = findWebElements(findTestObject("Object Repository/User_Registration/a_signout"), 5): null

2019-12-02 17:19:39 - [TEST_STEP][PASSED] - if (signoutButton.size() > 0): Execute JavaScript 'arguments[0].click()' successfully

2019-12-02 17:19:39 - [TEST_STEP][PASSED] - executeJavaScript("arguments[0].click()", Arrays.asList(findWebElement(findTestObject("Object Repository/User_Registration/a_signout"), 30))): Execute JavaScript 'arguments[0].click()' successfully

2019-12-02 17:19:39 - [MESSAGE][PASSED] - Execute JavaScript 'arguments[0].click()' successfully

2019-12-02 17:19:39 - [TEST_STEP][PASSED] - println(noOfContacts): null

2019-12-02 17:19:39 - [TEST_STEP][PASSED] - firstName = findTestData("contactData").getValue("firstName", row): null

2019-12-02 17:19:39 - [TEST_STEP][PASSED] - lastName = findTestData("contactData").getValue("lastName", row): null

2019-12-02 17:19:39 - [TEST_STEP][PASSED] - email = findTestData("contactData").getValue("email", row): null

2019-12-02 17:19:39 - [TEST_STEP][PASSED] - pass = findTestData("contactData").getValue("pass", row): null

2019-12-02 17:19:39 - [TEST_STEP][PASSED] - driver = getWebDriver(): null

2019-12-02 17:19:39 - [TEST_STEP][PASSED] - executor = driver: null

2019-12-02 17:19:39 - [TEST_STEP][PASSED] - loginURL = UtilityMethods.concat("https://mirandakate.", RSTestEnvt, ".com/?component=account.login-gateway"): null

2019-12-02 17:19:39 - [TEST_STEP][PASSED] - navigateToUrl(loginURL): Navigate to 'https://mirandakate.cabitest5.com/?component=account.login-gateway' successfully

2019-12-02 17:19:44 - [MESSAGE][PASSED] - Navigate to 'https://mirandakate.cabitest5.com/?component=account.login-gateway' successfully

2019-12-02 17:19:44 - [TEST_STEP][PASSED] - delay(3): Delayed 3 second(s)

2019-12-02 17:19:47 - [MESSAGE][PASSED] - Delayed 3 second(s)

2019-12-02 17:19:47 - [TEST_STEP][PASSED] - setText(findTestObject("Object Repository/virualShowRSVPOR/Page_Show microsite/input_Sign in  Create account_email"), email): Text 'guest1-test@test.com' is set on object 'Object Repository/virualShowRSVPOR/Page_Show microsite/input_Sign in  Create account_email'

2019-12-02 17:19:48 - [MESSAGE][PASSED] - Text 'guest1-test@test.com' is set on object 'Object Repository/virualShowRSVPOR/Page_Show microsite/input_Sign in  Create account_email'

2019-12-02 17:19:48 - [TEST_STEP][PASSED] - executeJavaScript("arguments[0].click()", Arrays.asList(findWebElement(findTestObject("Object Repository/virualShowRSVPOR/Page_Show microsite/button_Continue"), 30))): Execute JavaScript 'arguments[0].click()' successfully

2019-12-02 17:19:48 - [MESSAGE][PASSED] - Execute JavaScript 'arguments[0].click()' successfully

2019-12-02 17:19:48 - [TEST_STEP][PASSED] - delay(3): Delayed 3 second(s)

2019-12-02 17:19:51 - [MESSAGE][PASSED] - Delayed 3 second(s)

2019-12-02 17:19:51 - [TEST_STEP][PASSED] - welcome = findWebElements(findTestObject("Object Repository/User_Registration/verify_text_welcome"), 5): Unable to find the element located by 'By.xpath: //h2[contains(text(), 'Welcome')]'. Please recheck the objects properties to make sure the desired element is located. 

2019-12-02 17:19:56 - [MESSAGE][INFO] - Unable to find the element located by 'By.xpath: //h2[contains(text(), 'Welcome')]'. Please recheck the objects properties to make sure the desired element is located. 

2019-12-02 17:19:56 - [TEST_STEP][PASSED] - if (welcome.size() > 0): null

2019-12-02 17:19:56 - [TEST_STEP][PASSED] - element1 = findWebElement(findTestObject("Object Repository/User_Registration/input_fname"), 30): null

2019-12-02 17:19:56 - [TEST_STEP][PASSED] - executeJavaScript("arguments[0].click", Arrays.asList(element1)): Execute JavaScript 'arguments[0].click' successfully

2019-12-02 17:19:56 - [MESSAGE][PASSED] - Execute JavaScript 'arguments[0].click' successfully

2019-12-02 17:19:56 - [TEST_STEP][PASSED] - executeJavaScript("arguments[0].click()", Arrays.asList(findWebElement(findTestObject("User_Registration/input_fname_div"), 30))): Execute JavaScript 'arguments[0].click()' successfully

2019-12-02 17:19:56 - [MESSAGE][PASSED] - Execute JavaScript 'arguments[0].click()' successfully

2019-12-02 17:19:56 - [TEST_STEP][PASSED] - setText(findTestObject("Object Repository/User_Registration/input_fname"), firstName): Text 'guest1-test' is set on object 'Object Repository/User_Registration/input_fname'

2019-12-02 17:19:56 - [MESSAGE][PASSED] - Text 'guest1-test' is set on object 'Object Repository/User_Registration/input_fname'

2019-12-02 17:19:56 - [TEST_STEP][PASSED] - element1 = findWebElement(findTestObject("Object Repository/User_Registration/input_lname"), 30): null

2019-12-02 17:19:56 - [TEST_STEP][PASSED] - executeJavaScript("arguments[0].click", Arrays.asList(element1)): Execute JavaScript 'arguments[0].click' successfully

2019-12-02 17:19:56 - [MESSAGE][PASSED] - Execute JavaScript 'arguments[0].click' successfully

2019-12-02 17:19:56 - [TEST_STEP][PASSED] - executeJavaScript("arguments[0].click()", Arrays.asList(findWebElement(findTestObject("User_Registration/input_lname_div"), 30))): Execute JavaScript 'arguments[0].click()' successfully

2019-12-02 17:19:56 - [MESSAGE][PASSED] - Execute JavaScript 'arguments[0].click()' successfully

2019-12-02 17:19:56 - [TEST_STEP][PASSED] - setText(findTestObject("Object Repository/User_Registration/input_lname"), lastName): Text 'abc' is set on object 'Object Repository/User_Registration/input_lname'

2019-12-02 17:19:57 - [MESSAGE][PASSED] - Text 'abc' is set on object 'Object Repository/User_Registration/input_lname'

2019-12-02 17:19:57 - [TEST_STEP][PASSED] - element1 = findWebElement(findTestObject("Object Repository/User_Registration/input_pass"), 30): null

2019-12-02 17:19:57 - [TEST_STEP][PASSED] - executeJavaScript("arguments[0].click", Arrays.asList(element1)): Execute JavaScript 'arguments[0].click' successfully

2019-12-02 17:19:57 - [MESSAGE][PASSED] - Execute JavaScript 'arguments[0].click' successfully

2019-12-02 17:19:57 - [TEST_STEP][PASSED] - executeJavaScript("arguments[0].click()", Arrays.asList(findWebElement(findTestObject("Object Repository/User_Registration/input_pass_div"), 30))): Execute JavaScript 'arguments[0].click()' successfully

2019-12-02 17:19:57 - [MESSAGE][PASSED] - Execute JavaScript 'arguments[0].click()' successfully

2019-12-02 17:19:57 - [TEST_STEP][PASSED] - setText(findTestObject("Object Repository/User_Registration/input_pass"), pass): Text 'blackdress19' is set on object 'Object Repository/User_Registration/input_pass'

2019-12-02 17:19:57 - [MESSAGE][PASSED] - Text 'blackdress19' is set on object 'Object Repository/User_Registration/input_pass'

2019-12-02 17:19:57 - [TEST_STEP][PASSED] - element1 = findWebElement(findTestObject("Object Repository/User_Registration/input_confirm-pass"), 30): null

2019-12-02 17:19:57 - [TEST_STEP][PASSED] - executeJavaScript("arguments[0].click", Arrays.asList(element1)): Execute JavaScript 'arguments[0].click' successfully

2019-12-02 17:19:57 - [MESSAGE][PASSED] - Execute JavaScript 'arguments[0].click' successfully

2019-12-02 17:19:57 - [TEST_STEP][PASSED] - executeJavaScript("arguments[0].click()", Arrays.asList(findWebElement(findTestObject("Object Repository/User_Registration/input_confirm-pass_div"), 30))): Execute JavaScript 'arguments[0].click()' successfully

2019-12-02 17:19:57 - [MESSAGE][PASSED] - Execute JavaScript 'arguments[0].click()' successfully

2019-12-02 17:19:57 - [TEST_STEP][PASSED] - setText(findTestObject("Object Repository/User_Registration/input_confirm-pass"), pass): Text 'blackdress19' is set on object 'Object Repository/User_Registration/input_confirm-pass'

2019-12-02 17:19:58 - [MESSAGE][PASSED] - Text 'blackdress19' is set on object 'Object Repository/User_Registration/input_confirm-pass'

2019-12-02 17:19:58 - [TEST_STEP][PASSED] - executeJavaScript("arguments[0].click", Arrays.asList(findWebElement(findTestObject("Object Repository/User_Registration/check_email_div"), 30))): Execute JavaScript 'arguments[0].click' successfully

2019-12-02 17:19:58 - [MESSAGE][PASSED] - Execute JavaScript 'arguments[0].click' successfully

2019-12-02 17:19:58 - [TEST_STEP][PASSED] - executeJavaScript("arguments[0].click()", Arrays.asList(findWebElement(findTestObject("Object Repository/User_Registration/check_email_div"), 30))): Execute JavaScript 'arguments[0].click()' successfully

2019-12-02 17:19:58 - [MESSAGE][PASSED] - Execute JavaScript 'arguments[0].click()' successfully

2019-12-02 17:19:58 - [TEST_STEP][PASSED] - executeJavaScript("arguments[0].click", Arrays.asList(findWebElement(findTestObject("Object Repository/User_Registration/button_submit"), 30))): Execute JavaScript 'arguments[0].click' successfully

2019-12-02 17:19:58 - [MESSAGE][PASSED] - Execute JavaScript 'arguments[0].click' successfully

2019-12-02 17:19:58 - [TEST_STEP][PASSED] - executeJavaScript("arguments[0].click()", Arrays.asList(findWebElement(findTestObject("Object Repository/User_Registration/button_submit"), 30))): Execute JavaScript 'arguments[0].click()' successfully

2019-12-02 17:19:58 - [MESSAGE][PASSED] - Execute JavaScript 'arguments[0].click()' successfully

2019-12-02 17:19:58 - [TEST_STEP][PASSED] - executor.executeScript("arguments[0].click();", findWebElement(findTestObject("Object Repository/User_Registration/check_email"), 10)): null

2019-12-02 17:19:58 - [TEST_STEP][PASSED] - executor.executeScript("arguments[0].click();", findWebElement(findTestObject("Object Repository/User_Registration/button_submit"), 10)): null

2019-12-02 17:19:58 - [TEST_STEP][PASSED] - emailAlreadyPresent = findWebElements(findTestObject("Object Repository/User_Registration/verify_text_already_have_email"), 5): null

2019-12-02 17:20:00 - [TEST_STEP][PASSED] - if (emailAlreadyPresent.size() < 1): null

2019-12-02 17:20:00 - [TEST_STEP][PASSED] - delay(10): Delayed 10 second(s)

2019-12-02 17:20:10 - [MESSAGE][PASSED] - Delayed 10 second(s)

2019-12-02 17:20:10 - [TEST_STEP][PASSED] - currentTab = getWindowIndex(): Current window's index is: 0

2019-12-02 17:20:10 - [MESSAGE][PASSED] - Current window's index is: 0

2019-12-02 17:20:10 - [TEST_STEP][PASSED] - executor.executeScript("window.open();"): null

2019-12-02 17:20:11 - [TEST_STEP][PASSED] - switchToWindowIndex(currentTab + 1): Switched to window with index: '1'

2019-12-02 17:20:11 - [MESSAGE][PASSED] - Switched to window with index: '1'

2019-12-02 17:20:11 - [TEST_STEP][PASSED] - navigateToUrl(WMURL): Navigate to 'http://webmail.cabiclio.com/' successfully

2019-12-02 17:20:11 - [MESSAGE][PASSED] - Navigate to 'http://webmail.cabiclio.com/' successfully

2019-12-02 17:20:11 - [TEST_STEP][PASSED] - emailAlreadyLogin = findWebElements(findTestObject("Object Repository/User_Registration/span_inbox_verify_already_login"), 5): null

2019-12-02 17:20:11 - [TEST_STEP][PASSED] - if (emailAlreadyLogin.size() < 1): null

2019-12-02 17:20:11 - [TEST_STEP][PASSED] - delay(2): Delayed 2 second(s)

2019-12-02 17:20:13 - [MESSAGE][PASSED] - Delayed 2 second(s)

2019-12-02 17:20:13 - [TEST_STEP][PASSED] - tdVerifyMail = findWebElements(findTestObject("Object Repository/User_Registration/Roundcube_Webmail/td_verify_mail"), 5): null

2019-12-02 17:20:13 - [TEST_STEP][PASSED] - doubleClick(findTestObject("Object Repository/User_Registration/Roundcube_Webmail/td_verify_mail")): Object: 'Object Repository/User_Registration/Roundcube_Webmail/td_verify_mail' is double clicked on

2019-12-02 17:20:14 - [MESSAGE][PASSED] - Object: 'Object Repository/User_Registration/Roundcube_Webmail/td_verify_mail' is double clicked on

2019-12-02 17:20:14 - [TEST_STEP][PASSED] - delay(2): Delayed 2 second(s)

2019-12-02 17:20:16 - [MESSAGE][PASSED] - Delayed 2 second(s)

2019-12-02 17:20:16 - [TEST_STEP][PASSED] - veriCode = getText(findTestObject("Object Repository/User_Registration/Roundcube_Webmail/p_verify_code")): Text of object 'Object Repository/User_Registration/Roundcube_Webmail/p_verify_code' is: '13951'

2019-12-02 17:20:16 - [MESSAGE][PASSED] - Text of object 'Object Repository/User_Registration/Roundcube_Webmail/p_verify_code' is: '13951'

2019-12-02 17:20:16 - [TEST_STEP][PASSED] - switchToWindowIndex(currentTab): Switched to window with index: '0'

2019-12-02 17:20:16 - [MESSAGE][PASSED] - Switched to window with index: '0'

2019-12-02 17:20:16 - [TEST_STEP][PASSED] - element1 = findWebElement(findTestObject("Object Repository/User_Registration/input_verify_code"), 30): null

2019-12-02 17:20:16 - [TEST_STEP][PASSED] - executeJavaScript("arguments[0].click", Arrays.asList(element1)): Execute JavaScript 'arguments[0].click' successfully

2019-12-02 17:20:16 - [MESSAGE][PASSED] - Execute JavaScript 'arguments[0].click' successfully

2019-12-02 17:20:16 - [TEST_STEP][PASSED] - executeJavaScript("arguments[0].click()", Arrays.asList(findWebElement(findTestObject("Object Repository/User_Registration/input_verify_code_div"), 30))): Execute JavaScript 'arguments[0].click()' successfully

2019-12-02 17:20:16 - [MESSAGE][PASSED] - Execute JavaScript 'arguments[0].click()' successfully

2019-12-02 17:20:16 - [TEST_STEP][PASSED] - setText(findTestObject("Object Repository/User_Registration/input_verify_code"), veriCode): Text '13951' is set on object 'Object Repository/User_Registration/input_verify_code'

2019-12-02 17:20:17 - [MESSAGE][PASSED] - Text '13951' is set on object 'Object Repository/User_Registration/input_verify_code'

2019-12-02 17:20:17 - [TEST_STEP][PASSED] - executeJavaScript("arguments[0].click", Arrays.asList(findWebElement(findTestObject("Object Repository/User_Registration/button_submit"), 30))): Execute JavaScript 'arguments[0].click' successfully

2019-12-02 17:20:17 - [MESSAGE][PASSED] - Execute JavaScript 'arguments[0].click' successfully

2019-12-02 17:20:17 - [TEST_STEP][PASSED] - executeJavaScript("arguments[0].click()", Arrays.asList(findWebElement(findTestObject("Object Repository/User_Registration/button_submit"), 30))): Execute JavaScript 'arguments[0].click()' successfully

2019-12-02 17:20:17 - [MESSAGE][PASSED] - Execute JavaScript 'arguments[0].click()' successfully

2019-12-02 17:20:17 - [TEST_STEP][PASSED] - executeJavaScript("arguments[0].click()", Arrays.asList(findWebElement(findTestObject("Object Repository/User_Registration/verify_text_welcome"), 30))): Execute JavaScript 'arguments[0].click()' successfully

2019-12-02 17:20:24 - [MESSAGE][PASSED] - Execute JavaScript 'arguments[0].click()' successfully

2019-12-02 17:20:24 - [TEST_STEP][PASSED] - completeMyPlrofileLater = findWebElements(findTestObject("Object Repository/User_Registration/verify_text_welcome"), 5): null

2019-12-02 17:20:24 - [TEST_STEP][PASSED] - if (completeMyPlrofileLater.size() > 0): Execute JavaScript 'arguments[0].click()' successfully

2019-12-02 17:20:24 - [TEST_STEP][PASSED] - executeJavaScript("arguments[0].click()", Arrays.asList(findWebElement(findTestObject("Object Repository/User_Registration/a_I_will_complete_my_profile_later"), 30))): Execute JavaScript 'arguments[0].click()' successfully

2019-12-02 17:20:27 - [MESSAGE][PASSED] - Execute JavaScript 'arguments[0].click()' successfully

2019-12-02 17:20:27 - [TEST_STEP][PASSED] - executeJavaScript("arguments[0].click()", Arrays.asList(findWebElement(findTestObject("Object Repository/User_Registration/a_profile_dropdown"), 30))): Execute JavaScript 'arguments[0].click()' successfully

2019-12-02 17:20:28 - [MESSAGE][PASSED] - Execute JavaScript 'arguments[0].click()' successfully

2019-12-02 17:20:28 - [TEST_STEP][PASSED] - delay(1): Delayed 1 second(s)

2019-12-02 17:20:29 - [MESSAGE][PASSED] - Delayed 1 second(s)

2019-12-02 17:20:29 - [TEST_STEP][PASSED] - executeJavaScript("arguments[0].click()", Arrays.asList(findWebElement(findTestObject("Object Repository/User_Registration/a_sign_out"), 30))): Execute JavaScript 'arguments[0].click()' successfully

2019-12-02 17:20:29 - [MESSAGE][PASSED] - Execute JavaScript 'arguments[0].click()' successfully

2019-12-02 17:20:29 - [TEST_STEP][PASSED] - signoutButton = findWebElements(findTestObject("Object Repository/User_Registration/a_logout"), 5): Unable to find the element located by 'By.xpath: //a[contains(text(), 'Logout')]'. Please recheck the objects properties to make sure the desired element is located. 

2019-12-02 17:20:34 - [MESSAGE][INFO] - Unable to find the element located by 'By.xpath: //a[contains(text(), 'Logout')]'. Please recheck the objects properties to make sure the desired element is located. 

2019-12-02 17:20:34 - [TEST_STEP][PASSED] - if (signoutButton.size() > 0): null

2019-12-02 17:20:34 - [TEST_STEP][PASSED] - signoutButton = findWebElements(findTestObject("Object Repository/User_Registration/a_signout"), 5): null

2019-12-02 17:20:34 - [TEST_STEP][PASSED] - if (signoutButton.size() > 0): Execute JavaScript 'arguments[0].click()' successfully

2019-12-02 17:20:34 - [TEST_STEP][PASSED] - executeJavaScript("arguments[0].click()", Arrays.asList(findWebElement(findTestObject("Object Repository/User_Registration/a_signout"), 30))): Execute JavaScript 'arguments[0].click()' successfully

2019-12-02 17:20:34 - [MESSAGE][PASSED] - Execute JavaScript 'arguments[0].click()' successfully

2019-12-02 17:20:34 - [TEST_STEP][PASSED] - println(noOfContacts): null

2019-12-02 17:20:34 - [TEST_STEP][PASSED] - firstName = findTestData("contactData").getValue("firstName", row): null

2019-12-02 17:20:34 - [TEST_STEP][PASSED] - lastName = findTestData("contactData").getValue("lastName", row): null

2019-12-02 17:20:34 - [TEST_STEP][PASSED] - email = findTestData("contactData").getValue("email", row): null

2019-12-02 17:20:34 - [TEST_STEP][PASSED] - pass = findTestData("contactData").getValue("pass", row): null

2019-12-02 17:20:34 - [TEST_STEP][PASSED] - driver = getWebDriver(): null

2019-12-02 17:20:34 - [TEST_STEP][PASSED] - executor = driver: null

2019-12-02 17:20:34 - [TEST_STEP][PASSED] - loginURL = UtilityMethods.concat("https://mirandakate.", RSTestEnvt, ".com/?component=account.login-gateway"): null

2019-12-02 17:20:34 - [TEST_STEP][PASSED] - navigateToUrl(loginURL): Navigate to 'https://mirandakate.cabitest5.com/?component=account.login-gateway' successfully

2019-12-02 17:20:41 - [MESSAGE][PASSED] - Navigate to 'https://mirandakate.cabitest5.com/?component=account.login-gateway' successfully

2019-12-02 17:20:41 - [TEST_STEP][PASSED] - delay(3): Delayed 3 second(s)

2019-12-02 17:20:44 - [MESSAGE][PASSED] - Delayed 3 second(s)

2019-12-02 17:20:44 - [TEST_STEP][PASSED] - setText(findTestObject("Object Repository/virualShowRSVPOR/Page_Show microsite/input_Sign in  Create account_email"), email): Text 'guest2-test@test.com' is set on object 'Object Repository/virualShowRSVPOR/Page_Show microsite/input_Sign in  Create account_email'

2019-12-02 17:20:44 - [MESSAGE][PASSED] - Text 'guest2-test@test.com' is set on object 'Object Repository/virualShowRSVPOR/Page_Show microsite/input_Sign in  Create account_email'

2019-12-02 17:20:44 - [TEST_STEP][PASSED] - executeJavaScript("arguments[0].click()", Arrays.asList(findWebElement(findTestObject("Object Repository/virualShowRSVPOR/Page_Show microsite/button_Continue"), 30))): Execute JavaScript 'arguments[0].click()' successfully

2019-12-02 17:20:44 - [MESSAGE][PASSED] - Execute JavaScript 'arguments[0].click()' successfully

2019-12-02 17:20:44 - [TEST_STEP][PASSED] - delay(3): Delayed 3 second(s)

2019-12-02 17:20:47 - [MESSAGE][PASSED] - Delayed 3 second(s)

2019-12-02 17:20:47 - [TEST_STEP][PASSED] - welcome = findWebElements(findTestObject("Object Repository/User_Registration/verify_text_welcome"), 5): Unable to find the element located by 'By.xpath: //h2[contains(text(), 'Welcome')]'. Please recheck the objects properties to make sure the desired element is located. 

2019-12-02 17:20:53 - [MESSAGE][INFO] - Unable to find the element located by 'By.xpath: //h2[contains(text(), 'Welcome')]'. Please recheck the objects properties to make sure the desired element is located. 

2019-12-02 17:20:53 - [TEST_STEP][PASSED] - if (welcome.size() > 0): null

2019-12-02 17:20:53 - [TEST_STEP][PASSED] - element1 = findWebElement(findTestObject("Object Repository/User_Registration/input_fname"), 30): null

2019-12-02 17:20:53 - [TEST_STEP][PASSED] - executeJavaScript("arguments[0].click", Arrays.asList(element1)): Execute JavaScript 'arguments[0].click' successfully

2019-12-02 17:20:53 - [MESSAGE][PASSED] - Execute JavaScript 'arguments[0].click' successfully

2019-12-02 17:20:53 - [TEST_STEP][PASSED] - executeJavaScript("arguments[0].click()", Arrays.asList(findWebElement(findTestObject("User_Registration/input_fname_div"), 30))): Execute JavaScript 'arguments[0].click()' successfully

2019-12-02 17:20:53 - [MESSAGE][PASSED] - Execute JavaScript 'arguments[0].click()' successfully

2019-12-02 17:20:53 - [TEST_STEP][PASSED] - setText(findTestObject("Object Repository/User_Registration/input_fname"), firstName): Text 'guest2-test' is set on object 'Object Repository/User_Registration/input_fname'

2019-12-02 17:20:53 - [MESSAGE][PASSED] - Text 'guest2-test' is set on object 'Object Repository/User_Registration/input_fname'

2019-12-02 17:20:53 - [TEST_STEP][PASSED] - element1 = findWebElement(findTestObject("Object Repository/User_Registration/input_lname"), 30): null

2019-12-02 17:20:53 - [TEST_STEP][PASSED] - executeJavaScript("arguments[0].click", Arrays.asList(element1)): Execute JavaScript 'arguments[0].click' successfully

2019-12-02 17:20:53 - [MESSAGE][PASSED] - Execute JavaScript 'arguments[0].click' successfully

2019-12-02 17:20:53 - [TEST_STEP][PASSED] - executeJavaScript("arguments[0].click()", Arrays.asList(findWebElement(findTestObject("User_Registration/input_lname_div"), 30))): Execute JavaScript 'arguments[0].click()' successfully

2019-12-02 17:20:53 - [MESSAGE][PASSED] - Execute JavaScript 'arguments[0].click()' successfully

2019-12-02 17:20:53 - [TEST_STEP][PASSED] - setText(findTestObject("Object Repository/User_Registration/input_lname"), lastName): Text 'abc' is set on object 'Object Repository/User_Registration/input_lname'

2019-12-02 17:20:53 - [MESSAGE][PASSED] - Text 'abc' is set on object 'Object Repository/User_Registration/input_lname'

2019-12-02 17:20:53 - [TEST_STEP][PASSED] - element1 = findWebElement(findTestObject("Object Repository/User_Registration/input_pass"), 30): null

2019-12-02 17:20:53 - [TEST_STEP][PASSED] - executeJavaScript("arguments[0].click", Arrays.asList(element1)): Execute JavaScript 'arguments[0].click' successfully

2019-12-02 17:20:53 - [MESSAGE][PASSED] - Execute JavaScript 'arguments[0].click' successfully

2019-12-02 17:20:53 - [TEST_STEP][PASSED] - executeJavaScript("arguments[0].click()", Arrays.asList(findWebElement(findTestObject("Object Repository/User_Registration/input_pass_div"), 30))): Execute JavaScript 'arguments[0].click()' successfully

2019-12-02 17:20:53 - [MESSAGE][PASSED] - Execute JavaScript 'arguments[0].click()' successfully

2019-12-02 17:20:53 - [TEST_STEP][PASSED] - setText(findTestObject("Object Repository/User_Registration/input_pass"), pass): Text 'blackdress19' is set on object 'Object Repository/User_Registration/input_pass'

2019-12-02 17:20:54 - [MESSAGE][PASSED] - Text 'blackdress19' is set on object 'Object Repository/User_Registration/input_pass'

2019-12-02 17:20:54 - [TEST_STEP][PASSED] - element1 = findWebElement(findTestObject("Object Repository/User_Registration/input_confirm-pass"), 30): null

2019-12-02 17:20:54 - [TEST_STEP][PASSED] - executeJavaScript("arguments[0].click", Arrays.asList(element1)): Execute JavaScript 'arguments[0].click' successfully

2019-12-02 17:20:54 - [MESSAGE][PASSED] - Execute JavaScript 'arguments[0].click' successfully

2019-12-02 17:20:54 - [TEST_STEP][PASSED] - executeJavaScript("arguments[0].click()", Arrays.asList(findWebElement(findTestObject("Object Repository/User_Registration/input_confirm-pass_div"), 30))): Execute JavaScript 'arguments[0].click()' successfully

2019-12-02 17:20:54 - [MESSAGE][PASSED] - Execute JavaScript 'arguments[0].click()' successfully

2019-12-02 17:20:54 - [TEST_STEP][PASSED] - setText(findTestObject("Object Repository/User_Registration/input_confirm-pass"), pass): Text 'blackdress19' is set on object 'Object Repository/User_Registration/input_confirm-pass'

2019-12-02 17:20:54 - [MESSAGE][PASSED] - Text 'blackdress19' is set on object 'Object Repository/User_Registration/input_confirm-pass'

2019-12-02 17:20:54 - [TEST_STEP][PASSED] - executeJavaScript("arguments[0].click", Arrays.asList(findWebElement(findTestObject("Object Repository/User_Registration/check_email_div"), 30))): Execute JavaScript 'arguments[0].click' successfully

2019-12-02 17:20:54 - [MESSAGE][PASSED] - Execute JavaScript 'arguments[0].click' successfully

2019-12-02 17:20:54 - [TEST_STEP][PASSED] - executeJavaScript("arguments[0].click()", Arrays.asList(findWebElement(findTestObject("Object Repository/User_Registration/check_email_div"), 30))): Execute JavaScript 'arguments[0].click()' successfully

2019-12-02 17:20:54 - [MESSAGE][PASSED] - Execute JavaScript 'arguments[0].click()' successfully

2019-12-02 17:20:54 - [TEST_STEP][PASSED] - executeJavaScript("arguments[0].click", Arrays.asList(findWebElement(findTestObject("Object Repository/User_Registration/button_submit"), 30))): Execute JavaScript 'arguments[0].click' successfully

2019-12-02 17:20:54 - [MESSAGE][PASSED] - Execute JavaScript 'arguments[0].click' successfully

2019-12-02 17:20:54 - [TEST_STEP][PASSED] - executeJavaScript("arguments[0].click()", Arrays.asList(findWebElement(findTestObject("Object Repository/User_Registration/button_submit"), 30))): Execute JavaScript 'arguments[0].click()' successfully

2019-12-02 17:20:54 - [MESSAGE][PASSED] - Execute JavaScript 'arguments[0].click()' successfully

2019-12-02 17:20:54 - [TEST_STEP][PASSED] - executor.executeScript("arguments[0].click();", findWebElement(findTestObject("Object Repository/User_Registration/check_email"), 10)): null

2019-12-02 17:20:54 - [TEST_STEP][PASSED] - executor.executeScript("arguments[0].click();", findWebElement(findTestObject("Object Repository/User_Registration/button_submit"), 10)): null

2019-12-02 17:20:54 - [TEST_STEP][PASSED] - emailAlreadyPresent = findWebElements(findTestObject("Object Repository/User_Registration/verify_text_already_have_email"), 5): null

2019-12-02 17:20:57 - [TEST_STEP][PASSED] - if (emailAlreadyPresent.size() < 1): null

2019-12-02 17:20:57 - [TEST_STEP][PASSED] - delay(10): Delayed 10 second(s)

2019-12-02 17:21:07 - [MESSAGE][PASSED] - Delayed 10 second(s)

2019-12-02 17:21:07 - [TEST_STEP][PASSED] - currentTab = getWindowIndex(): Current window's index is: 0

2019-12-02 17:21:07 - [MESSAGE][PASSED] - Current window's index is: 0

2019-12-02 17:21:07 - [TEST_STEP][PASSED] - executor.executeScript("window.open();"): null

2019-12-02 17:21:07 - [TEST_STEP][PASSED] - switchToWindowIndex(currentTab + 1): Switched to window with index: '1'

2019-12-02 17:21:07 - [MESSAGE][PASSED] - Switched to window with index: '1'

2019-12-02 17:21:07 - [TEST_STEP][PASSED] - navigateToUrl(WMURL): Navigate to 'http://webmail.cabiclio.com/' successfully

2019-12-02 17:21:08 - [MESSAGE][PASSED] - Navigate to 'http://webmail.cabiclio.com/' successfully

2019-12-02 17:21:08 - [TEST_STEP][PASSED] - emailAlreadyLogin = findWebElements(findTestObject("Object Repository/User_Registration/span_inbox_verify_already_login"), 5): null

2019-12-02 17:21:08 - [TEST_STEP][PASSED] - if (emailAlreadyLogin.size() < 1): null

2019-12-02 17:21:08 - [TEST_STEP][PASSED] - delay(2): Delayed 2 second(s)

2019-12-02 17:21:10 - [MESSAGE][PASSED] - Delayed 2 second(s)

2019-12-02 17:21:10 - [TEST_STEP][PASSED] - tdVerifyMail = findWebElements(findTestObject("Object Repository/User_Registration/Roundcube_Webmail/td_verify_mail"), 5): null

2019-12-02 17:21:10 - [TEST_STEP][PASSED] - doubleClick(findTestObject("Object Repository/User_Registration/Roundcube_Webmail/td_verify_mail")): Object: 'Object Repository/User_Registration/Roundcube_Webmail/td_verify_mail' is double clicked on

2019-12-02 17:21:11 - [MESSAGE][PASSED] - Object: 'Object Repository/User_Registration/Roundcube_Webmail/td_verify_mail' is double clicked on

2019-12-02 17:21:11 - [TEST_STEP][PASSED] - delay(2): Delayed 2 second(s)

2019-12-02 17:21:13 - [MESSAGE][PASSED] - Delayed 2 second(s)

2019-12-02 17:21:13 - [TEST_STEP][PASSED] - veriCode = getText(findTestObject("Object Repository/User_Registration/Roundcube_Webmail/p_verify_code")): Text of object 'Object Repository/User_Registration/Roundcube_Webmail/p_verify_code' is: '28494'

2019-12-02 17:21:13 - [MESSAGE][PASSED] - Text of object 'Object Repository/User_Registration/Roundcube_Webmail/p_verify_code' is: '28494'

2019-12-02 17:21:13 - [TEST_STEP][PASSED] - switchToWindowIndex(currentTab): Switched to window with index: '0'

2019-12-02 17:21:13 - [MESSAGE][PASSED] - Switched to window with index: '0'

2019-12-02 17:21:13 - [TEST_STEP][PASSED] - element1 = findWebElement(findTestObject("Object Repository/User_Registration/input_verify_code"), 30): null

2019-12-02 17:21:13 - [TEST_STEP][PASSED] - executeJavaScript("arguments[0].click", Arrays.asList(element1)): Execute JavaScript 'arguments[0].click' successfully

2019-12-02 17:21:13 - [MESSAGE][PASSED] - Execute JavaScript 'arguments[0].click' successfully

2019-12-02 17:21:13 - [TEST_STEP][PASSED] - executeJavaScript("arguments[0].click()", Arrays.asList(findWebElement(findTestObject("Object Repository/User_Registration/input_verify_code_div"), 30))): Execute JavaScript 'arguments[0].click()' successfully

2019-12-02 17:21:13 - [MESSAGE][PASSED] - Execute JavaScript 'arguments[0].click()' successfully

2019-12-02 17:21:13 - [TEST_STEP][PASSED] - setText(findTestObject("Object Repository/User_Registration/input_verify_code"), veriCode): Text '28494' is set on object 'Object Repository/User_Registration/input_verify_code'

2019-12-02 17:21:13 - [MESSAGE][PASSED] - Text '28494' is set on object 'Object Repository/User_Registration/input_verify_code'

2019-12-02 17:21:13 - [TEST_STEP][PASSED] - executeJavaScript("arguments[0].click", Arrays.asList(findWebElement(findTestObject("Object Repository/User_Registration/button_submit"), 30))): Execute JavaScript 'arguments[0].click' successfully

2019-12-02 17:21:13 - [MESSAGE][PASSED] - Execute JavaScript 'arguments[0].click' successfully

2019-12-02 17:21:13 - [TEST_STEP][PASSED] - executeJavaScript("arguments[0].click()", Arrays.asList(findWebElement(findTestObject("Object Repository/User_Registration/button_submit"), 30))): Execute JavaScript 'arguments[0].click()' successfully

2019-12-02 17:21:13 - [MESSAGE][PASSED] - Execute JavaScript 'arguments[0].click()' successfully

2019-12-02 17:21:13 - [TEST_STEP][PASSED] - executeJavaScript("arguments[0].click()", Arrays.asList(findWebElement(findTestObject("Object Repository/User_Registration/verify_text_welcome"), 30))): Execute JavaScript 'arguments[0].click()' successfully

2019-12-02 17:21:20 - [MESSAGE][PASSED] - Execute JavaScript 'arguments[0].click()' successfully

2019-12-02 17:21:20 - [TEST_STEP][PASSED] - completeMyPlrofileLater = findWebElements(findTestObject("Object Repository/User_Registration/verify_text_welcome"), 5): null

2019-12-02 17:21:20 - [TEST_STEP][PASSED] - if (completeMyPlrofileLater.size() > 0): Execute JavaScript 'arguments[0].click()' successfully

2019-12-02 17:21:20 - [TEST_STEP][PASSED] - executeJavaScript("arguments[0].click()", Arrays.asList(findWebElement(findTestObject("Object Repository/User_Registration/a_I_will_complete_my_profile_later"), 30))): Execute JavaScript 'arguments[0].click()' successfully

2019-12-02 17:21:25 - [MESSAGE][PASSED] - Execute JavaScript 'arguments[0].click()' successfully

2019-12-02 17:21:25 - [TEST_STEP][PASSED] - executeJavaScript("arguments[0].click()", Arrays.asList(findWebElement(findTestObject("Object Repository/User_Registration/a_profile_dropdown"), 30))): Execute JavaScript 'arguments[0].click()' successfully

2019-12-02 17:21:26 - [MESSAGE][PASSED] - Execute JavaScript 'arguments[0].click()' successfully

2019-12-02 17:21:26 - [TEST_STEP][PASSED] - delay(1): Delayed 1 second(s)

2019-12-02 17:21:27 - [MESSAGE][PASSED] - Delayed 1 second(s)

2019-12-02 17:21:27 - [TEST_STEP][PASSED] - executeJavaScript("arguments[0].click()", Arrays.asList(findWebElement(findTestObject("Object Repository/User_Registration/a_sign_out"), 30))): Execute JavaScript 'arguments[0].click()' successfully

2019-12-02 17:21:27 - [MESSAGE][PASSED] - Execute JavaScript 'arguments[0].click()' successfully

2019-12-02 17:21:27 - [TEST_STEP][PASSED] - signoutButton = findWebElements(findTestObject("Object Repository/User_Registration/a_logout"), 5): Unable to find the element located by 'By.xpath: //a[contains(text(), 'Logout')]'. Please recheck the objects properties to make sure the desired element is located. 

2019-12-02 17:21:32 - [MESSAGE][INFO] - Unable to find the element located by 'By.xpath: //a[contains(text(), 'Logout')]'. Please recheck the objects properties to make sure the desired element is located. 

2019-12-02 17:21:32 - [TEST_STEP][PASSED] - if (signoutButton.size() > 0): null

2019-12-02 17:21:32 - [TEST_STEP][PASSED] - signoutButton = findWebElements(findTestObject("Object Repository/User_Registration/a_signout"), 5): null

2019-12-02 17:21:32 - [TEST_STEP][PASSED] - if (signoutButton.size() > 0): Execute JavaScript 'arguments[0].click()' successfully

2019-12-02 17:21:32 - [TEST_STEP][PASSED] - executeJavaScript("arguments[0].click()", Arrays.asList(findWebElement(findTestObject("Object Repository/User_Registration/a_signout"), 30))): Execute JavaScript 'arguments[0].click()' successfully

2019-12-02 17:21:32 - [MESSAGE][PASSED] - Execute JavaScript 'arguments[0].click()' successfully

2019-12-02 17:21:32 - [TEST_STEP][PASSED] - println(noOfContacts): null

2019-12-02 17:21:32 - [TEST_STEP][PASSED] - firstName = findTestData("contactData").getValue("firstName", row): null

2019-12-02 17:21:32 - [TEST_STEP][PASSED] - lastName = findTestData("contactData").getValue("lastName", row): null

2019-12-02 17:21:32 - [TEST_STEP][PASSED] - email = findTestData("contactData").getValue("email", row): null

2019-12-02 17:21:32 - [TEST_STEP][PASSED] - pass = findTestData("contactData").getValue("pass", row): null

2019-12-02 17:21:32 - [TEST_STEP][PASSED] - driver = getWebDriver(): null

2019-12-02 17:21:32 - [TEST_STEP][PASSED] - executor = driver: null

2019-12-02 17:21:32 - [TEST_STEP][PASSED] - loginURL = UtilityMethods.concat("https://mirandakate.", RSTestEnvt, ".com/?component=account.login-gateway"): null

2019-12-02 17:21:32 - [TEST_STEP][PASSED] - navigateToUrl(loginURL): Navigate to 'https://mirandakate.cabitest5.com/?component=account.login-gateway' successfully

2019-12-02 17:21:40 - [MESSAGE][PASSED] - Navigate to 'https://mirandakate.cabitest5.com/?component=account.login-gateway' successfully

2019-12-02 17:21:40 - [TEST_STEP][PASSED] - delay(3): Delayed 3 second(s)

2019-12-02 17:21:43 - [MESSAGE][PASSED] - Delayed 3 second(s)

2019-12-02 17:21:43 - [TEST_STEP][PASSED] - setText(findTestObject("Object Repository/virualShowRSVPOR/Page_Show microsite/input_Sign in  Create account_email"), email): Text 'guest3-test@test.com' is set on object 'Object Repository/virualShowRSVPOR/Page_Show microsite/input_Sign in  Create account_email'

2019-12-02 17:21:44 - [MESSAGE][PASSED] - Text 'guest3-test@test.com' is set on object 'Object Repository/virualShowRSVPOR/Page_Show microsite/input_Sign in  Create account_email'

2019-12-02 17:21:44 - [TEST_STEP][PASSED] - executeJavaScript("arguments[0].click()", Arrays.asList(findWebElement(findTestObject("Object Repository/virualShowRSVPOR/Page_Show microsite/button_Continue"), 30))): Execute JavaScript 'arguments[0].click()' successfully

2019-12-02 17:21:44 - [MESSAGE][PASSED] - Execute JavaScript 'arguments[0].click()' successfully

2019-12-02 17:21:44 - [TEST_STEP][PASSED] - delay(3): Delayed 3 second(s)

2019-12-02 17:21:47 - [MESSAGE][PASSED] - Delayed 3 second(s)

2019-12-02 17:21:47 - [TEST_STEP][PASSED] - welcome = findWebElements(findTestObject("Object Repository/User_Registration/verify_text_welcome"), 5): Unable to find the element located by 'By.xpath: //h2[contains(text(), 'Welcome')]'. Please recheck the objects properties to make sure the desired element is located. 

2019-12-02 17:21:52 - [MESSAGE][INFO] - Unable to find the element located by 'By.xpath: //h2[contains(text(), 'Welcome')]'. Please recheck the objects properties to make sure the desired element is located. 

2019-12-02 17:21:52 - [TEST_STEP][PASSED] - if (welcome.size() > 0): null

2019-12-02 17:21:52 - [TEST_STEP][PASSED] - element1 = findWebElement(findTestObject("Object Repository/User_Registration/input_fname"), 30): null

2019-12-02 17:21:52 - [TEST_STEP][PASSED] - executeJavaScript("arguments[0].click", Arrays.asList(element1)): Execute JavaScript 'arguments[0].click' successfully

2019-12-02 17:21:52 - [MESSAGE][PASSED] - Execute JavaScript 'arguments[0].click' successfully

2019-12-02 17:21:52 - [TEST_STEP][PASSED] - executeJavaScript("arguments[0].click()", Arrays.asList(findWebElement(findTestObject("User_Registration/input_fname_div"), 30))): Execute JavaScript 'arguments[0].click()' successfully

2019-12-02 17:21:52 - [MESSAGE][PASSED] - Execute JavaScript 'arguments[0].click()' successfully

2019-12-02 17:21:52 - [TEST_STEP][PASSED] - setText(findTestObject("Object Repository/User_Registration/input_fname"), firstName): Text 'guest3-test' is set on object 'Object Repository/User_Registration/input_fname'

2019-12-02 17:21:53 - [MESSAGE][PASSED] - Text 'guest3-test' is set on object 'Object Repository/User_Registration/input_fname'

2019-12-02 17:21:53 - [TEST_STEP][PASSED] - element1 = findWebElement(findTestObject("Object Repository/User_Registration/input_lname"), 30): null

2019-12-02 17:21:53 - [TEST_STEP][PASSED] - executeJavaScript("arguments[0].click", Arrays.asList(element1)): Execute JavaScript 'arguments[0].click' successfully

2019-12-02 17:21:53 - [MESSAGE][PASSED] - Execute JavaScript 'arguments[0].click' successfully

2019-12-02 17:21:53 - [TEST_STEP][PASSED] - executeJavaScript("arguments[0].click()", Arrays.asList(findWebElement(findTestObject("User_Registration/input_lname_div"), 30))): Execute JavaScript 'arguments[0].click()' successfully

2019-12-02 17:21:53 - [MESSAGE][PASSED] - Execute JavaScript 'arguments[0].click()' successfully

2019-12-02 17:21:53 - [TEST_STEP][PASSED] - setText(findTestObject("Object Repository/User_Registration/input_lname"), lastName): Text 'abc' is set on object 'Object Repository/User_Registration/input_lname'

2019-12-02 17:21:53 - [MESSAGE][PASSED] - Text 'abc' is set on object 'Object Repository/User_Registration/input_lname'

2019-12-02 17:21:53 - [TEST_STEP][PASSED] - element1 = findWebElement(findTestObject("Object Repository/User_Registration/input_pass"), 30): null

2019-12-02 17:21:53 - [TEST_STEP][PASSED] - executeJavaScript("arguments[0].click", Arrays.asList(element1)): Execute JavaScript 'arguments[0].click' successfully

2019-12-02 17:21:53 - [MESSAGE][PASSED] - Execute JavaScript 'arguments[0].click' successfully

2019-12-02 17:21:53 - [TEST_STEP][PASSED] - executeJavaScript("arguments[0].click()", Arrays.asList(findWebElement(findTestObject("Object Repository/User_Registration/input_pass_div"), 30))): Execute JavaScript 'arguments[0].click()' successfully

2019-12-02 17:21:53 - [MESSAGE][PASSED] - Execute JavaScript 'arguments[0].click()' successfully

2019-12-02 17:21:53 - [TEST_STEP][PASSED] - setText(findTestObject("Object Repository/User_Registration/input_pass"), pass): Text 'blackdress19' is set on object 'Object Repository/User_Registration/input_pass'

2019-12-02 17:21:53 - [MESSAGE][PASSED] - Text 'blackdress19' is set on object 'Object Repository/User_Registration/input_pass'

2019-12-02 17:21:53 - [TEST_STEP][PASSED] - element1 = findWebElement(findTestObject("Object Repository/User_Registration/input_confirm-pass"), 30): null

2019-12-02 17:21:53 - [TEST_STEP][PASSED] - executeJavaScript("arguments[0].click", Arrays.asList(element1)): Execute JavaScript 'arguments[0].click' successfully

2019-12-02 17:21:53 - [MESSAGE][PASSED] - Execute JavaScript 'arguments[0].click' successfully

2019-12-02 17:21:53 - [TEST_STEP][PASSED] - executeJavaScript("arguments[0].click()", Arrays.asList(findWebElement(findTestObject("Object Repository/User_Registration/input_confirm-pass_div"), 30))): Execute JavaScript 'arguments[0].click()' successfully

2019-12-02 17:21:53 - [MESSAGE][PASSED] - Execute JavaScript 'arguments[0].click()' successfully

2019-12-02 17:21:53 - [TEST_STEP][PASSED] - setText(findTestObject("Object Repository/User_Registration/input_confirm-pass"), pass): Text 'blackdress19' is set on object 'Object Repository/User_Registration/input_confirm-pass'

2019-12-02 17:21:53 - [MESSAGE][PASSED] - Text 'blackdress19' is set on object 'Object Repository/User_Registration/input_confirm-pass'

2019-12-02 17:21:53 - [TEST_STEP][PASSED] - executeJavaScript("arguments[0].click", Arrays.asList(findWebElement(findTestObject("Object Repository/User_Registration/check_email_div"), 30))): Execute JavaScript 'arguments[0].click' successfully

2019-12-02 17:21:53 - [MESSAGE][PASSED] - Execute JavaScript 'arguments[0].click' successfully

2019-12-02 17:21:53 - [TEST_STEP][PASSED] - executeJavaScript("arguments[0].click()", Arrays.asList(findWebElement(findTestObject("Object Repository/User_Registration/check_email_div"), 30))): Execute JavaScript 'arguments[0].click()' successfully

2019-12-02 17:21:54 - [MESSAGE][PASSED] - Execute JavaScript 'arguments[0].click()' successfully

2019-12-02 17:21:54 - [TEST_STEP][PASSED] - executeJavaScript("arguments[0].click", Arrays.asList(findWebElement(findTestObject("Object Repository/User_Registration/button_submit"), 30))): Execute JavaScript 'arguments[0].click' successfully

2019-12-02 17:21:54 - [MESSAGE][PASSED] - Execute JavaScript 'arguments[0].click' successfully

2019-12-02 17:21:54 - [TEST_STEP][PASSED] - executeJavaScript("arguments[0].click()", Arrays.asList(findWebElement(findTestObject("Object Repository/User_Registration/button_submit"), 30))): Execute JavaScript 'arguments[0].click()' successfully

2019-12-02 17:21:54 - [MESSAGE][PASSED] - Execute JavaScript 'arguments[0].click()' successfully

2019-12-02 17:21:54 - [TEST_STEP][PASSED] - executor.executeScript("arguments[0].click();", findWebElement(findTestObject("Object Repository/User_Registration/check_email"), 10)): null

2019-12-02 17:21:54 - [TEST_STEP][PASSED] - executor.executeScript("arguments[0].click();", findWebElement(findTestObject("Object Repository/User_Registration/button_submit"), 10)): null

2019-12-02 17:21:54 - [TEST_STEP][PASSED] - emailAlreadyPresent = findWebElements(findTestObject("Object Repository/User_Registration/verify_text_already_have_email"), 5): null

2019-12-02 17:21:56 - [TEST_STEP][PASSED] - if (emailAlreadyPresent.size() < 1): null

2019-12-02 17:21:56 - [TEST_STEP][PASSED] - delay(10): Delayed 10 second(s)

2019-12-02 17:22:06 - [MESSAGE][PASSED] - Delayed 10 second(s)

2019-12-02 17:22:06 - [TEST_STEP][PASSED] - currentTab = getWindowIndex(): Current window's index is: 0

2019-12-02 17:22:06 - [MESSAGE][PASSED] - Current window's index is: 0

2019-12-02 17:22:06 - [TEST_STEP][PASSED] - executor.executeScript("window.open();"): null

2019-12-02 17:22:06 - [TEST_STEP][PASSED] - switchToWindowIndex(currentTab + 1): Switched to window with index: '1'

2019-12-02 17:22:07 - [MESSAGE][PASSED] - Switched to window with index: '1'

2019-12-02 17:22:07 - [TEST_STEP][PASSED] - navigateToUrl(WMURL): Navigate to 'http://webmail.cabiclio.com/' successfully

2019-12-02 17:22:07 - [MESSAGE][PASSED] - Navigate to 'http://webmail.cabiclio.com/' successfully

2019-12-02 17:22:07 - [TEST_STEP][PASSED] - emailAlreadyLogin = findWebElements(findTestObject("Object Repository/User_Registration/span_inbox_verify_already_login"), 5): null

2019-12-02 17:22:07 - [TEST_STEP][PASSED] - if (emailAlreadyLogin.size() < 1): null

2019-12-02 17:22:07 - [TEST_STEP][PASSED] - delay(2): Delayed 2 second(s)

2019-12-02 17:22:09 - [MESSAGE][PASSED] - Delayed 2 second(s)

2019-12-02 17:22:09 - [TEST_STEP][PASSED] - tdVerifyMail = findWebElements(findTestObject("Object Repository/User_Registration/Roundcube_Webmail/td_verify_mail"), 5): null

2019-12-02 17:22:09 - [TEST_STEP][PASSED] - doubleClick(findTestObject("Object Repository/User_Registration/Roundcube_Webmail/td_verify_mail")): Object: 'Object Repository/User_Registration/Roundcube_Webmail/td_verify_mail' is double clicked on

2019-12-02 17:22:10 - [MESSAGE][PASSED] - Object: 'Object Repository/User_Registration/Roundcube_Webmail/td_verify_mail' is double clicked on

2019-12-02 17:22:10 - [TEST_STEP][PASSED] - delay(2): Delayed 2 second(s)

2019-12-02 17:22:12 - [MESSAGE][PASSED] - Delayed 2 second(s)

2019-12-02 17:22:12 - [TEST_STEP][PASSED] - veriCode = getText(findTestObject("Object Repository/User_Registration/Roundcube_Webmail/p_verify_code")): Text of object 'Object Repository/User_Registration/Roundcube_Webmail/p_verify_code' is: '23652'

2019-12-02 17:22:12 - [MESSAGE][PASSED] - Text of object 'Object Repository/User_Registration/Roundcube_Webmail/p_verify_code' is: '23652'

2019-12-02 17:22:12 - [TEST_STEP][PASSED] - switchToWindowIndex(currentTab): Switched to window with index: '0'

2019-12-02 17:22:12 - [MESSAGE][PASSED] - Switched to window with index: '0'

2019-12-02 17:22:12 - [TEST_STEP][PASSED] - element1 = findWebElement(findTestObject("Object Repository/User_Registration/input_verify_code"), 30): null

2019-12-02 17:22:12 - [TEST_STEP][PASSED] - executeJavaScript("arguments[0].click", Arrays.asList(element1)): Execute JavaScript 'arguments[0].click' successfully

2019-12-02 17:22:12 - [MESSAGE][PASSED] - Execute JavaScript 'arguments[0].click' successfully

2019-12-02 17:22:12 - [TEST_STEP][PASSED] - executeJavaScript("arguments[0].click()", Arrays.asList(findWebElement(findTestObject("Object Repository/User_Registration/input_verify_code_div"), 30))): Execute JavaScript 'arguments[0].click()' successfully

2019-12-02 17:22:12 - [MESSAGE][PASSED] - Execute JavaScript 'arguments[0].click()' successfully

2019-12-02 17:22:12 - [TEST_STEP][PASSED] - setText(findTestObject("Object Repository/User_Registration/input_verify_code"), veriCode): Text '23652' is set on object 'Object Repository/User_Registration/input_verify_code'

2019-12-02 17:22:13 - [MESSAGE][PASSED] - Text '23652' is set on object 'Object Repository/User_Registration/input_verify_code'

2019-12-02 17:22:13 - [TEST_STEP][PASSED] - executeJavaScript("arguments[0].click", Arrays.asList(findWebElement(findTestObject("Object Repository/User_Registration/button_submit"), 30))): Execute JavaScript 'arguments[0].click' successfully

2019-12-02 17:22:13 - [MESSAGE][PASSED] - Execute JavaScript 'arguments[0].click' successfully

2019-12-02 17:22:13 - [TEST_STEP][PASSED] - executeJavaScript("arguments[0].click()", Arrays.asList(findWebElement(findTestObject("Object Repository/User_Registration/button_submit"), 30))): Execute JavaScript 'arguments[0].click()' successfully

2019-12-02 17:22:13 - [MESSAGE][PASSED] - Execute JavaScript 'arguments[0].click()' successfully

2019-12-02 17:22:13 - [TEST_STEP][PASSED] - executeJavaScript("arguments[0].click()", Arrays.asList(findWebElement(findTestObject("Object Repository/User_Registration/verify_text_welcome"), 30))): Execute JavaScript 'arguments[0].click()' successfully

2019-12-02 17:22:21 - [MESSAGE][PASSED] - Execute JavaScript 'arguments[0].click()' successfully

2019-12-02 17:22:21 - [TEST_STEP][PASSED] - completeMyPlrofileLater = findWebElements(findTestObject("Object Repository/User_Registration/verify_text_welcome"), 5): null

2019-12-02 17:22:21 - [TEST_STEP][PASSED] - if (completeMyPlrofileLater.size() > 0): Execute JavaScript 'arguments[0].click()' successfully

2019-12-02 17:22:21 - [TEST_STEP][PASSED] - executeJavaScript("arguments[0].click()", Arrays.asList(findWebElement(findTestObject("Object Repository/User_Registration/a_I_will_complete_my_profile_later"), 30))): Execute JavaScript 'arguments[0].click()' successfully

2019-12-02 17:22:25 - [MESSAGE][PASSED] - Execute JavaScript 'arguments[0].click()' successfully

2019-12-02 17:22:25 - [TEST_STEP][PASSED] - executeJavaScript("arguments[0].click()", Arrays.asList(findWebElement(findTestObject("Object Repository/User_Registration/a_profile_dropdown"), 30))): Execute JavaScript 'arguments[0].click()' successfully

2019-12-02 17:22:25 - [MESSAGE][PASSED] - Execute JavaScript 'arguments[0].click()' successfully

2019-12-02 17:22:25 - [TEST_STEP][PASSED] - delay(1): Delayed 1 second(s)

2019-12-02 17:22:26 - [MESSAGE][PASSED] - Delayed 1 second(s)

2019-12-02 17:22:26 - [TEST_STEP][PASSED] - executeJavaScript("arguments[0].click()", Arrays.asList(findWebElement(findTestObject("Object Repository/User_Registration/a_sign_out"), 30))): Execute JavaScript 'arguments[0].click()' successfully

2019-12-02 17:22:26 - [MESSAGE][PASSED] - Execute JavaScript 'arguments[0].click()' successfully

2019-12-02 17:22:26 - [TEST_STEP][PASSED] - signoutButton = findWebElements(findTestObject("Object Repository/User_Registration/a_logout"), 5): Unable to find the element located by 'By.xpath: //a[contains(text(), 'Logout')]'. Please recheck the objects properties to make sure the desired element is located. 

2019-12-02 17:22:31 - [MESSAGE][INFO] - Unable to find the element located by 'By.xpath: //a[contains(text(), 'Logout')]'. Please recheck the objects properties to make sure the desired element is located. 

2019-12-02 17:22:31 - [TEST_STEP][PASSED] - if (signoutButton.size() > 0): null

2019-12-02 17:22:31 - [TEST_STEP][PASSED] - signoutButton = findWebElements(findTestObject("Object Repository/User_Registration/a_signout"), 5): null

2019-12-02 17:22:31 - [TEST_STEP][PASSED] - if (signoutButton.size() > 0): Execute JavaScript 'arguments[0].click()' successfully

2019-12-02 17:22:31 - [TEST_STEP][PASSED] - executeJavaScript("arguments[0].click()", Arrays.asList(findWebElement(findTestObject("Object Repository/User_Registration/a_signout"), 30))): Execute JavaScript 'arguments[0].click()' successfully

2019-12-02 17:22:31 - [MESSAGE][PASSED] - Execute JavaScript 'arguments[0].click()' successfully]]></system-out>
         <system-err><![CDATA[]]></system-err>
      </testcase>
      <system-out><![CDATA[2019-12-02 17:13:40 - [TEST_SUITE][PASSED] - AddContacts: Test Cases/TestCaseUtilities/userRegistration]]></system-out>
      <system-err><![CDATA[]]></system-err>
   </testsuite>
</testsuites>
