<?xml version="1.0" encoding="UTF-8"?>
<testsuites name="DashboardSuite" time="307" tests="0" failures="0" errors="1">
   <testsuite name="DashboardSuite" tests="0" failures="0" errors="1" time="307" timestamp="2019-08-26 15:35:44" hostname="user - 10.0.102.200" id="Test Suites/VirtualShowSuites/DashboardSuite">
      <properties>
         <property name="deviceName" value=""/>
         <property name="devicePlatform" value=""/>
         <property name="logFolder" value="C:\\Users\\user\\Documents\\testautomation\\KatalonProjects\\Reports\\VirtualShowSuites\\DashboardSuite\\20190826_153541"/>
         <property name="logFiles" value="C:\\Users\\user\\Documents\\testautomation\\KatalonProjects\\Reports\\VirtualShowSuites\\DashboardSuite\\20190826_153541\\execution0.log"/>
         <property name="attachments" value=""/>
         <property name="hostName" value="user - 10.0.102.200"/>
         <property name="os" value="Windows 8.1 64bit"/>
         <property name="katalonVersion" value="6.1.1.1"/>
         <property name="browser" value="Chrome 76.0.3809.100"/>
         <property name="hostAddress" value="10.0.102.200"/>
         <property name="sessionId" value="d4c70ee0ea2d34ad9720b222648fe432"/>
         <property name="seleniumVersion" value="3.7.1"/>
         <property name="proxyInformation" value="ProxyInformation{proxyOption=NO_PROXY, proxyServerType=HTTP, password=, proxyServerAddress=, proxyServerPort=0}"/>
         <property name="platform" value="Windows 8.1"/>
      </properties>
      <testcase name="Test Cases/VirtualShow/VS_Automation" classname="Test Cases/VirtualShow/VS_Automation" status="ERROR">
         <error type="ERROR" message="Test Cases/VirtualShow/VS_Automation FAILED.
Reason:
java.lang.NullPointerException
	at commonUtility.UtilityMethods.takeWebElementScreenshot(UtilityMethods.groovy:185)
	at commonUtility.UtilityMethods$takeWebElementScreenshot$3.call(Unknown Source)
	at VS_Automation.run(VS_Automation:312)
	at com.kms.katalon.core.main.ScriptEngine.run(ScriptEngine.java:194)
	at com.kms.katalon.core.main.ScriptEngine.runScriptAsRawText(ScriptEngine.java:119)
	at com.kms.katalon.core.main.TestCaseExecutor.runScript(TestCaseExecutor.java:342)
	at com.kms.katalon.core.main.TestCaseExecutor.doExecute(TestCaseExecutor.java:333)
	at com.kms.katalon.core.main.TestCaseExecutor.processExecutionPhase(TestCaseExecutor.java:312)
	at com.kms.katalon.core.main.TestCaseExecutor.accessMainPhase(TestCaseExecutor.java:304)
	at com.kms.katalon.core.main.TestCaseExecutor.execute(TestCaseExecutor.java:238)
	at com.kms.katalon.core.main.TestSuiteExecutor.accessTestCaseMainPhase(TestSuiteExecutor.java:129)
	at com.kms.katalon.core.main.TestSuiteExecutor.accessTestSuiteMainPhase(TestSuiteExecutor.java:112)
	at com.kms.katalon.core.main.TestSuiteExecutor.execute(TestSuiteExecutor.java:81)
	at com.kms.katalon.core.main.TestCaseMain.startTestSuite(TestCaseMain.java:157)
	at com.kms.katalon.core.main.TestCaseMain$startTestSuite$0.call(Unknown Source)
	at TempTestSuite1566813941183.run(TempTestSuite1566813941183.groovy:35)
"/>
         <system-out><![CDATA[2019-08-26 15:35:44 - [TEST_CASE][ERROR] - Test Cases/VirtualShow/VS_Automation: Test Cases/VirtualShow/VS_Automation FAILED.
Reason:
java.lang.NullPointerException
	at commonUtility.UtilityMethods.takeWebElementScreenshot(UtilityMethods.groovy:185)
	at commonUtility.UtilityMethods$takeWebElementScreenshot$3.call(Unknown Source)
	at VS_Automation.run(VS_Automation:312)
	at com.kms.katalon.core.main.ScriptEngine.run(ScriptEngine.java:194)
	at com.kms.katalon.core.main.ScriptEngine.runScriptAsRawText(ScriptEngine.java:119)
	at com.kms.katalon.core.main.TestCaseExecutor.runScript(TestCaseExecutor.java:342)
	at com.kms.katalon.core.main.TestCaseExecutor.doExecute(TestCaseExecutor.java:333)
	at com.kms.katalon.core.main.TestCaseExecutor.processExecutionPhase(TestCaseExecutor.java:312)
	at com.kms.katalon.core.main.TestCaseExecutor.accessMainPhase(TestCaseExecutor.java:304)
	at com.kms.katalon.core.main.TestCaseExecutor.execute(TestCaseExecutor.java:238)
	at com.kms.katalon.core.main.TestSuiteExecutor.accessTestCaseMainPhase(TestSuiteExecutor.java:129)
	at com.kms.katalon.core.main.TestSuiteExecutor.accessTestSuiteMainPhase(TestSuiteExecutor.java:112)
	at com.kms.katalon.core.main.TestSuiteExecutor.execute(TestSuiteExecutor.java:81)
	at com.kms.katalon.core.main.TestCaseMain.startTestSuite(TestCaseMain.java:157)
	at com.kms.katalon.core.main.TestCaseMain$startTestSuite$0.call(Unknown Source)
	at TempTestSuite1566813941183.run(TempTestSuite1566813941183.groovy:35)


2019-08-26 15:35:45 - [TEST_STEP][PASSED] - Start listener action : sampleBeforeTestCase: null

2019-08-26 15:35:45 - [TEST_STEP][PASSED] - println(testCaseContext.getTestCaseId()): null

2019-08-26 15:35:45 - [TEST_STEP][PASSED] - println(testCaseContext.getTestCaseVariables()): null

2019-08-26 15:35:46 - [TEST_STEP][PASSED] - dataFile = "micrositeData": null

2019-08-26 15:35:46 - [TEST_STEP][PASSED] - guest1Mail = findTestData(dataFile).getValue("guest1Mail", 1): null

2019-08-26 15:35:47 - [TEST_STEP][PASSED] - guest1Pass = findTestData(dataFile).getValue("guest1Pass", 1): null

2019-08-26 15:35:47 - [TEST_STEP][PASSED] - dataFile = "virtualShowData": null

2019-08-26 15:35:47 - [TEST_STEP][PASSED] - hostess = findTestData(dataFile).getValue("hostess", 1): null

2019-08-26 15:35:47 - [TEST_STEP][PASSED] - cohostess = findTestData(dataFile).getValue("cohostess", 1): null

2019-08-26 15:35:47 - [TEST_STEP][PASSED] - guest1 = findTestData(dataFile).getValue("guest1", 1): null

2019-08-26 15:35:47 - [TEST_STEP][PASSED] - guest2 = findTestData(dataFile).getValue("guest2", 1): null

2019-08-26 15:35:47 - [TEST_STEP][PASSED] - RSTestEnvt = findTestData("envtData").getValue("RSTestEnvt", 1): null

2019-08-26 15:35:47 - [TEST_STEP][PASSED] - BOURL = findTestData("envtData").getValue("BOURL", 1): null

2019-08-26 15:35:47 - [TEST_STEP][PASSED] - actualGuestList = new java.util.ArrayList(): null

2019-08-26 15:35:47 - [TEST_STEP][PASSED] - yesList = new java.util.ArrayList(): null

2019-08-26 15:35:47 - [TEST_STEP][PASSED] - noList = new java.util.ArrayList(): null

2019-08-26 15:35:47 - [TEST_STEP][PASSED] - maybeList = new java.util.ArrayList(): null

2019-08-26 15:35:47 - [TEST_STEP][PASSED] - noreplyList = new java.util.ArrayList(): null

2019-08-26 15:35:47 - [TEST_STEP][PASSED] - presentList = new java.util.ArrayList(): null

2019-08-26 15:35:47 - [TEST_STEP][PASSED] - allList = new java.util.ArrayList(): null

2019-08-26 15:35:47 - [TEST_STEP][PASSED] - callTestCase(findTestCase("VirtualShow/createShow"), ["testEnvt":"", "username":"", "password":"", "stylist":"", "hostess":"", "cohostess":"", "guest1":"", "guest2":"", "verifyHostess":"", ... ], CONTINUE_ON_FAILURE): Call Test Case 'Test Cases/VirtualShow/createShow' successfully

2019-08-26 15:35:47 - [TEST_CASE][PASSED] - Test Cases/VirtualShow/createShow: Test Cases/VirtualShow/createShow

2019-08-26 15:35:48 - [TEST_STEP][PASSED] - dataFile = "virtualShowData": null

2019-08-26 15:35:48 - [TEST_STEP][PASSED] - stylist = findTestData(dataFile).getValue("stylist", 1): null

2019-08-26 15:35:48 - [TEST_STEP][PASSED] - hostess = findTestData(dataFile).getValue("hostess", 1): null

2019-08-26 15:35:48 - [TEST_STEP][PASSED] - cohostess = findTestData(dataFile).getValue("cohostess", 1): null

2019-08-26 15:35:48 - [TEST_STEP][PASSED] - guest1 = findTestData(dataFile).getValue("guest1", 1): null

2019-08-26 15:35:48 - [TEST_STEP][PASSED] - guest2 = findTestData(dataFile).getValue("guest2", 1): null

2019-08-26 15:35:48 - [TEST_STEP][PASSED] - verifyGuestCount = findTestData(dataFile).getValue("verifyGuestCount", 1): null

2019-08-26 15:35:48 - [TEST_STEP][PASSED] - RSTestEnvt = findTestData("envtData").getValue("RSTestEnvt", 1): null

2019-08-26 15:35:48 - [TEST_STEP][PASSED] - openBrowser(""): Browser is opened with url: ''

2019-08-26 15:35:49 - [MESSAGE][INFO] - Starting 'Chrome' driver

2019-08-26 15:35:49 - [MESSAGE][INFO] - User set preference: ['args', '[--use-fake-ui-for-media-stream, --start-maximized]']

2019-08-26 15:35:49 - [MESSAGE][INFO] - Action delay is set to 0 seconds

2019-08-26 15:35:52 - [MESSAGE][PASSED] - Browser is opened with url: ''

2019-08-26 15:35:52 - [TEST_STEP][PASSED] - maximizeWindow(): Current window maximized

2019-08-26 15:35:53 - [MESSAGE][PASSED] - Current window maximized

2019-08-26 15:35:53 - [TEST_STEP][PASSED] - callTestCase(findTestCase("TestCaseUtilities/backOfficeLogin"), ["BOURL":"", "BOuser":"", "BOpass":""], CONTINUE_ON_FAILURE): Call Test Case 'Test Cases/TestCaseUtilities/backOfficeLogin' successfully

2019-08-26 15:35:53 - [TEST_CASE][PASSED] - Test Cases/TestCaseUtilities/backOfficeLogin: Test Cases/TestCaseUtilities/backOfficeLogin

2019-08-26 15:35:53 - [TEST_STEP][PASSED] - BOURL = findTestData("envtData").getValue("BOURL", 1): null

2019-08-26 15:35:53 - [TEST_STEP][PASSED] - BOuser = findTestData("credData").getValue("BOuser", 1): null

2019-08-26 15:35:54 - [TEST_STEP][PASSED] - BOpass = findTestData("credData").getValue("BOpass", 1): null

2019-08-26 15:35:54 - [TEST_STEP][PASSED] - openBrowser(""): Browser is opened with url: ''

2019-08-26 15:35:54 - [MESSAGE][WARNING] - A browser is already opened. Closing browser and opening a new one

2019-08-26 15:35:54 - [MESSAGE][INFO] - Starting 'Chrome' driver

2019-08-26 15:35:54 - [MESSAGE][INFO] - User set preference: ['args', '[--use-fake-ui-for-media-stream, --start-maximized]']

2019-08-26 15:35:56 - [MESSAGE][PASSED] - Browser is opened with url: ''

2019-08-26 15:35:56 - [TEST_STEP][PASSED] - navigateToUrl(BOURL): Navigate to 'https://test18.cliotest.com/backoffice/control/main' successfully

2019-08-26 15:35:59 - [MESSAGE][PASSED] - Navigate to 'https://test18.cliotest.com/backoffice/control/main' successfully

2019-08-26 15:35:59 - [TEST_STEP][PASSED] - logOut = findWebElements(findTestObject("Object Repository/Page_cabi Home/log_out"), 1): Unable to find the element located by 'By.xpath: //a[contains(text(),'Log Out')]'. Please recheck the objects properties to make sure the desired element is located. 

2019-08-26 15:36:00 - [MESSAGE][INFO] - Unable to find the element located by 'By.xpath: //a[contains(text(),'Log Out')]'. Please recheck the objects properties to make sure the desired element is located. 

2019-08-26 15:36:00 - [TEST_STEP][PASSED] - if (logOut.size() == 0): Object: 'Object Repository/Page_cabi/input_Welcome to_consultantLogin' is clicked on

2019-08-26 15:36:00 - [TEST_STEP][PASSED] - setText(findTestObject("Page_cabi/input_Welcome to_USERNAME"), BOuser): Text '400000002' is set on object 'Object Repository/Page_cabi/input_Welcome to_USERNAME'

2019-08-26 15:36:00 - [MESSAGE][PASSED] - Text '400000002' is set on object 'Object Repository/Page_cabi/input_Welcome to_USERNAME'

2019-08-26 15:36:00 - [TEST_STEP][PASSED] - setText(findTestObject("Object Repository/Page_cabi/input_Welcome to_PASSWORD"), BOpass): Text 'blackdress19' is set on object 'Object Repository/Page_cabi/input_Welcome to_PASSWORD'

2019-08-26 15:36:00 - [MESSAGE][PASSED] - Text 'blackdress19' is set on object 'Object Repository/Page_cabi/input_Welcome to_PASSWORD'

2019-08-26 15:36:00 - [TEST_STEP][PASSED] - click(findTestObject("Object Repository/Page_cabi/input_Welcome to_consultantLogin")): Object: 'Object Repository/Page_cabi/input_Welcome to_consultantLogin' is clicked on

2019-08-26 15:36:06 - [MESSAGE][PASSED] - Object: 'Object Repository/Page_cabi/input_Welcome to_consultantLogin' is clicked on

2019-08-26 15:36:06 - [TEST_STEP][PASSED] - delay(3): Delayed 3 second(s)

2019-08-26 15:36:09 - [MESSAGE][PASSED] - Delayed 3 second(s)

2019-08-26 15:36:09 - [MESSAGE][PASSED] - Call Test Case 'Test Cases/TestCaseUtilities/backOfficeLogin' successfully

2019-08-26 15:36:09 - [TEST_STEP][PASSED] - verifyElementText(findTestObject("Object Repository/virualShowRSVPOR/Page_cabi/span_username"), stylist): Actual text and expected text of test object 'Object Repository/virualShowRSVPOR/Page_cabi/span_username' are matched.

2019-08-26 15:36:09 - [MESSAGE][PASSED] - Actual text and expected text of test object 'Object Repository/virualShowRSVPOR/Page_cabi/span_username' are matched.

2019-08-26 15:36:09 - [TEST_STEP][PASSED] - click(findTestObject("Object Repository/virualShowRSVPOR/Page_cabi Home/a_shows _orders")): Object: 'Object Repository/virualShowRSVPOR/Page_cabi Home/a_shows _orders' is clicked on

2019-08-26 15:36:09 - [MESSAGE][PASSED] - Object: 'Object Repository/virualShowRSVPOR/Page_cabi Home/a_shows _orders' is clicked on

2019-08-26 15:36:09 - [TEST_STEP][PASSED] - click(findTestObject("Object Repository/virualShowRSVPOR/Page_cabi Home/a_Create_A_Show")): Object: 'Object Repository/virualShowRSVPOR/Page_cabi Home/a_Create_A_Show' is clicked on

2019-08-26 15:36:14 - [MESSAGE][PASSED] - Object: 'Object Repository/virualShowRSVPOR/Page_cabi Home/a_Create_A_Show' is clicked on

2019-08-26 15:36:14 - [TEST_STEP][PASSED] - setText(findTestObject("Object Repository/virualShowRSVPOR/Page_cabi Create Show - Set Hostess/input_Hostess"), hostess): Text 'ahostess-test abc' is set on object 'Object Repository/virualShowRSVPOR/Page_cabi Create Show - Set Hostess/input_Hostess'

2019-08-26 15:36:14 - [MESSAGE][PASSED] - Text 'ahostess-test abc' is set on object 'Object Repository/virualShowRSVPOR/Page_cabi Create Show - Set Hostess/input_Hostess'

2019-08-26 15:36:14 - [TEST_STEP][PASSED] - delay(2): Delayed 2 second(s)

2019-08-26 15:36:16 - [MESSAGE][PASSED] - Delayed 2 second(s)

2019-08-26 15:36:16 - [TEST_STEP][PASSED] - sendKeys(findTestObject("Object Repository/virualShowRSVPOR/Page_cabi Create Show - Set Hostess/input_Hostess"), Keys.chord(ARROW_DOWN)): Keys 'DOWN + ' sent to object: 'Object Repository/virualShowRSVPOR/Page_cabi Create Show - Set Hostess/input_Hostess'

2019-08-26 15:36:16 - [MESSAGE][PASSED] - Keys 'DOWN + ' sent to object: 'Object Repository/virualShowRSVPOR/Page_cabi Create Show - Set Hostess/input_Hostess'

2019-08-26 15:36:16 - [TEST_STEP][PASSED] - sendKeys(findTestObject("Object Repository/virualShowRSVPOR/Page_cabi Create Show - Set Hostess/input_Hostess"), Keys.chord(ENTER)): Keys 'ENTER + ' sent to object: 'Object Repository/virualShowRSVPOR/Page_cabi Create Show - Set Hostess/input_Hostess'

2019-08-26 15:36:16 - [MESSAGE][PASSED] - Keys 'ENTER + ' sent to object: 'Object Repository/virualShowRSVPOR/Page_cabi Create Show - Set Hostess/input_Hostess'

2019-08-26 15:36:16 - [TEST_STEP][PASSED] - delay(2): Delayed 2 second(s)

2019-08-26 15:36:18 - [MESSAGE][PASSED] - Delayed 2 second(s)

2019-08-26 15:36:18 - [TEST_STEP][PASSED] - validateHostessAddressMsg = findWebElements(findTestObject("Object Repository/virualShowRSVPOR/Page_cabi Create Show - Set Hostess/validate_address_msg"), 5): null

2019-08-26 15:36:19 - [TEST_STEP][PASSED] - println(validateHostessAddressMsg.size()): null

2019-08-26 15:36:19 - [TEST_STEP][PASSED] - if (validateHostessAddressMsg.isEmpty()): null

2019-08-26 15:36:19 - [TEST_STEP][PASSED] - selectOptionByValue(findTestObject("Object Repository/virualShowRSVPOR/Page_cabi Create Show - Set Hostess/select_Choose_From_Contacts_Co-Hostess"), "3", true): All options with value '3' are selected in object 'Object Repository/virualShowRSVPOR/Page_cabi Create Show - Set Hostess/select_Choose_From_Contacts_Co-Hostess'  using regular expression

2019-08-26 15:36:19 - [MESSAGE][PASSED] - All options with value '3' are selected in object 'Object Repository/virualShowRSVPOR/Page_cabi Create Show - Set Hostess/select_Choose_From_Contacts_Co-Hostess'  using regular expression

2019-08-26 15:36:19 - [TEST_STEP][PASSED] - setText(findTestObject("Object Repository/virualShowRSVPOR/Page_cabi Create Show - Set Hostess/input_Cohostess"), cohostess): Text 'bcohost-test abc' is set on object 'Object Repository/virualShowRSVPOR/Page_cabi Create Show - Set Hostess/input_Cohostess'

2019-08-26 15:36:19 - [MESSAGE][PASSED] - Text 'bcohost-test abc' is set on object 'Object Repository/virualShowRSVPOR/Page_cabi Create Show - Set Hostess/input_Cohostess'

2019-08-26 15:36:19 - [TEST_STEP][PASSED] - delay(2): Delayed 2 second(s)

2019-08-26 15:36:21 - [MESSAGE][PASSED] - Delayed 2 second(s)

2019-08-26 15:36:21 - [TEST_STEP][PASSED] - sendKeys(findTestObject("Object Repository/virualShowRSVPOR/Page_cabi Create Show - Set Hostess/input_Cohostess"), Keys.chord(ARROW_DOWN)): Keys 'DOWN + ' sent to object: 'Object Repository/virualShowRSVPOR/Page_cabi Create Show - Set Hostess/input_Cohostess'

2019-08-26 15:36:21 - [MESSAGE][PASSED] - Keys 'DOWN + ' sent to object: 'Object Repository/virualShowRSVPOR/Page_cabi Create Show - Set Hostess/input_Cohostess'

2019-08-26 15:36:21 - [TEST_STEP][PASSED] - sendKeys(findTestObject("Object Repository/virualShowRSVPOR/Page_cabi Create Show - Set Hostess/input_Cohostess"), Keys.chord(ENTER)): Keys 'ENTER + ' sent to object: 'Object Repository/virualShowRSVPOR/Page_cabi Create Show - Set Hostess/input_Cohostess'

2019-08-26 15:36:21 - [MESSAGE][PASSED] - Keys 'ENTER + ' sent to object: 'Object Repository/virualShowRSVPOR/Page_cabi Create Show - Set Hostess/input_Cohostess'

2019-08-26 15:36:21 - [TEST_STEP][PASSED] - delay(3): Delayed 3 second(s)

2019-08-26 15:36:24 - [MESSAGE][PASSED] - Delayed 3 second(s)

2019-08-26 15:36:24 - [TEST_STEP][PASSED] - validateHostessAddressMsg = findWebElements(findTestObject("Object Repository/virualShowRSVPOR/Page_cabi Create Show - Set Hostess/validate_address_msg"), 5): null

2019-08-26 15:36:24 - [TEST_STEP][PASSED] - if (validateHostessAddressMsg.size() != 4): null

2019-08-26 15:36:24 - [TEST_STEP][PASSED] - click(findTestObject("Object Repository/virualShowRSVPOR/Page_cabi Create Show - Set Hostess/input_next")): Object: 'Object Repository/virualShowRSVPOR/Page_cabi Create Show - Set Hostess/input_next' is clicked on

2019-08-26 15:36:26 - [MESSAGE][PASSED] - Object: 'Object Repository/virualShowRSVPOR/Page_cabi Create Show - Set Hostess/input_next' is clicked on

2019-08-26 15:36:26 - [TEST_STEP][PASSED] - click(findTestObject("Object Repository/virualShowRSVPOR/Page_cabi Create Show - Time and Place/check_Virtual_Show")): Object: 'Object Repository/virualShowRSVPOR/Page_cabi Create Show - Time and Place/check_Virtual_Show' is clicked on

2019-08-26 15:36:26 - [MESSAGE][PASSED] - Object: 'Object Repository/virualShowRSVPOR/Page_cabi Create Show - Time and Place/check_Virtual_Show' is clicked on

2019-08-26 15:36:26 - [TEST_STEP][PASSED] - click(findTestObject("Object Repository/virualShowRSVPOR/Page_cabi Create Show - Time and Place/input_Show_Date_Time")): Object: 'Object Repository/virualShowRSVPOR/Page_cabi Create Show - Time and Place/input_Show_Date_Time' is clicked on

2019-08-26 15:36:27 - [MESSAGE][PASSED] - Object: 'Object Repository/virualShowRSVPOR/Page_cabi Create Show - Time and Place/input_Show_Date_Time' is clicked on

2019-08-26 15:36:27 - [TEST_STEP][PASSED] - year = findTestData("virtualShowData").getValue("vsyear", 1): null

2019-08-26 15:36:27 - [TEST_STEP][PASSED] - month = findTestData("virtualShowData").getValue("vsmonth", 1): null

2019-08-26 15:36:27 - [TEST_STEP][PASSED] - day = findTestData("virtualShowData").getValue("vsday", 1): null

2019-08-26 15:36:27 - [TEST_STEP][PASSED] - pastdate = findTestData("virtualShowData").getValue("pastdate", 1): null

2019-08-26 15:36:27 - [TEST_STEP][PASSED] - xpath = UtilityMethods.concat("//td[@data-month='" + month - 1 + "' and @data-year='" + year + "']/a[contains(text(), '" + day + "')]"): null

2019-08-26 15:36:27 - [TEST_STEP][PASSED] - dateObj = new com.kms.katalon.core.testobject.TestObject(td_month_year_day): null

2019-08-26 15:36:27 - [TEST_STEP][PASSED] - dateObj.addProperty("xpath", EQUALS, xpath): null

2019-08-26 15:36:27 - [TEST_STEP][PASSED] - monthBound = 12: null

2019-08-26 15:36:27 - [TEST_STEP][PASSED] - dateObjList = findWebElements(dateObj, 5): null

2019-08-26 15:36:27 - [TEST_STEP][PASSED] - while (dateObjList.size() == 0 && monthBound > 0): null

2019-08-26 15:36:27 - [TEST_STEP][PASSED] - click(dateObj): Object: 'td_month_year_day' is clicked on

2019-08-26 15:36:27 - [MESSAGE][PASSED] - Object: 'td_month_year_day' is clicked on

2019-08-26 15:36:27 - [TEST_STEP][PASSED] - click(findTestObject("Object Repository/virualShowRSVPOR/Page_cabi Create Show - Time and Place/a_select_End_Time")): Object: 'Object Repository/virualShowRSVPOR/Page_cabi Create Show - Time and Place/a_select_End_Time' is clicked on

2019-08-26 15:36:27 - [MESSAGE][PASSED] - Object: 'Object Repository/virualShowRSVPOR/Page_cabi Create Show - Time and Place/a_select_End_Time' is clicked on

2019-08-26 15:36:27 - [TEST_STEP][PASSED] - click(findTestObject("Object Repository/virualShowRSVPOR/Page_cabi Create Show - Time and Place/input_next")): Object: 'Object Repository/virualShowRSVPOR/Page_cabi Create Show - Time and Place/input_next' is clicked on

2019-08-26 15:36:27 - [MESSAGE][PASSED] - Object: 'Object Repository/virualShowRSVPOR/Page_cabi Create Show - Time and Place/input_next' is clicked on

2019-08-26 15:36:27 - [TEST_STEP][PASSED] - delay(5): Delayed 5 second(s)

2019-08-26 15:36:32 - [MESSAGE][PASSED] - Delayed 5 second(s)

2019-08-26 15:36:32 - [TEST_STEP][PASSED] - click(findTestObject("Object Repository/virualShowRSVPOR/Page_cabi Create Show - Invite Hostess/input_Skip_Invite")): Object: 'Object Repository/virualShowRSVPOR/Page_cabi Create Show - Invite Hostess/input_Skip_Invite' is clicked on

2019-08-26 15:36:34 - [MESSAGE][PASSED] - Object: 'Object Repository/virualShowRSVPOR/Page_cabi Create Show - Invite Hostess/input_Skip_Invite' is clicked on

2019-08-26 15:36:34 - [TEST_STEP][PASSED] - setText(findTestObject("Object Repository/virualShowRSVPOR/Page_cabi Edit Show - Add Guests/contact_search_box"), guest1): Text 'guest1-test abc' is set on object 'Object Repository/virualShowRSVPOR/Page_cabi Edit Show - Add Guests/contact_search_box'

2019-08-26 15:36:34 - [MESSAGE][PASSED] - Text 'guest1-test abc' is set on object 'Object Repository/virualShowRSVPOR/Page_cabi Edit Show - Add Guests/contact_search_box'

2019-08-26 15:36:34 - [TEST_STEP][PASSED] - delay(2): Delayed 2 second(s)

2019-08-26 15:36:36 - [MESSAGE][PASSED] - Delayed 2 second(s)

2019-08-26 15:36:36 - [TEST_STEP][PASSED] - sendKeys(findTestObject("Object Repository/virualShowRSVPOR/Page_cabi Edit Show - Add Guests/contact_search_box"), Keys.chord(ARROW_DOWN)): Keys 'DOWN + ' sent to object: 'Object Repository/virualShowRSVPOR/Page_cabi Edit Show - Add Guests/contact_search_box'

2019-08-26 15:36:36 - [MESSAGE][PASSED] - Keys 'DOWN + ' sent to object: 'Object Repository/virualShowRSVPOR/Page_cabi Edit Show - Add Guests/contact_search_box'

2019-08-26 15:36:36 - [TEST_STEP][PASSED] - sendKeys(findTestObject("Object Repository/virualShowRSVPOR/Page_cabi Edit Show - Add Guests/contact_search_box"), Keys.chord(ENTER)): Keys 'ENTER + ' sent to object: 'Object Repository/virualShowRSVPOR/Page_cabi Edit Show - Add Guests/contact_search_box'

2019-08-26 15:36:36 - [MESSAGE][PASSED] - Keys 'ENTER + ' sent to object: 'Object Repository/virualShowRSVPOR/Page_cabi Edit Show - Add Guests/contact_search_box'

2019-08-26 15:36:36 - [TEST_STEP][PASSED] - delay(2): Delayed 2 second(s)

2019-08-26 15:36:38 - [MESSAGE][PASSED] - Delayed 2 second(s)

2019-08-26 15:36:38 - [TEST_STEP][PASSED] - click(findTestObject("Object Repository/virualShowRSVPOR/Page_cabi Edit Show - Add Guests/a_add_guest")): Object: 'Object Repository/virualShowRSVPOR/Page_cabi Edit Show - Add Guests/a_add_guest' is clicked on

2019-08-26 15:36:39 - [MESSAGE][PASSED] - Object: 'Object Repository/virualShowRSVPOR/Page_cabi Edit Show - Add Guests/a_add_guest' is clicked on

2019-08-26 15:36:39 - [TEST_STEP][PASSED] - delay(5): Delayed 5 second(s)

2019-08-26 15:36:44 - [MESSAGE][PASSED] - Delayed 5 second(s)

2019-08-26 15:36:44 - [TEST_STEP][PASSED] - setText(findTestObject("Object Repository/virualShowRSVPOR/Page_cabi Edit Show - Add Guests/contact_search_box"), guest2): Text 'guest2-test abc' is set on object 'Object Repository/virualShowRSVPOR/Page_cabi Edit Show - Add Guests/contact_search_box'

2019-08-26 15:36:44 - [MESSAGE][PASSED] - Text 'guest2-test abc' is set on object 'Object Repository/virualShowRSVPOR/Page_cabi Edit Show - Add Guests/contact_search_box'

2019-08-26 15:36:44 - [TEST_STEP][PASSED] - delay(2): Delayed 2 second(s)

2019-08-26 15:36:46 - [MESSAGE][PASSED] - Delayed 2 second(s)

2019-08-26 15:36:46 - [TEST_STEP][PASSED] - sendKeys(findTestObject("Object Repository/virualShowRSVPOR/Page_cabi Edit Show - Add Guests/contact_search_box"), Keys.chord(ARROW_DOWN)): Keys 'DOWN + ' sent to object: 'Object Repository/virualShowRSVPOR/Page_cabi Edit Show - Add Guests/contact_search_box'

2019-08-26 15:36:46 - [MESSAGE][PASSED] - Keys 'DOWN + ' sent to object: 'Object Repository/virualShowRSVPOR/Page_cabi Edit Show - Add Guests/contact_search_box'

2019-08-26 15:36:46 - [TEST_STEP][PASSED] - sendKeys(findTestObject("Object Repository/virualShowRSVPOR/Page_cabi Edit Show - Add Guests/contact_search_box"), Keys.chord(ENTER)): Keys 'ENTER + ' sent to object: 'Object Repository/virualShowRSVPOR/Page_cabi Edit Show - Add Guests/contact_search_box'

2019-08-26 15:36:46 - [MESSAGE][PASSED] - Keys 'ENTER + ' sent to object: 'Object Repository/virualShowRSVPOR/Page_cabi Edit Show - Add Guests/contact_search_box'

2019-08-26 15:36:46 - [TEST_STEP][PASSED] - delay(2): Delayed 2 second(s)

2019-08-26 15:36:48 - [MESSAGE][PASSED] - Delayed 2 second(s)

2019-08-26 15:36:48 - [TEST_STEP][PASSED] - click(findTestObject("Object Repository/virualShowRSVPOR/Page_cabi Edit Show - Add Guests/a_add_guest")): Object: 'Object Repository/virualShowRSVPOR/Page_cabi Edit Show - Add Guests/a_add_guest' is clicked on

2019-08-26 15:36:49 - [MESSAGE][PASSED] - Object: 'Object Repository/virualShowRSVPOR/Page_cabi Edit Show - Add Guests/a_add_guest' is clicked on

2019-08-26 15:36:49 - [TEST_STEP][PASSED] - delay(2): Delayed 2 second(s)

2019-08-26 15:36:51 - [MESSAGE][PASSED] - Delayed 2 second(s)

2019-08-26 15:36:51 - [TEST_STEP][PASSED] - verifyHostess = UtilityMethods.splitPersonName(hostess): null

2019-08-26 15:36:51 - [TEST_STEP][PASSED] - verifyCohostess = UtilityMethods.splitPersonName(cohostess): null

2019-08-26 15:36:51 - [TEST_STEP][PASSED] - verifyGuest1 = UtilityMethods.splitPersonName(guest1): null

2019-08-26 15:36:51 - [TEST_STEP][PASSED] - verifyGuest2 = UtilityMethods.splitPersonName(guest2): null

2019-08-26 15:36:51 - [TEST_STEP][PASSED] - verifyElementText(findTestObject("Object Repository/virualShowRSVPOR/Page_cabi Edit Show - Add Guests/span_hostess_name"), UtilityMethods.concat(verifyHostess[1], ", ", verifyHostess[0])): Actual text and expected text of test object 'Object Repository/virualShowRSVPOR/Page_cabi Edit Show - Add Guests/span_hostess_name' are matched.

2019-08-26 15:36:51 - [MESSAGE][PASSED] - Actual text and expected text of test object 'Object Repository/virualShowRSVPOR/Page_cabi Edit Show - Add Guests/span_hostess_name' are matched.

2019-08-26 15:36:51 - [TEST_STEP][PASSED] - verifyElementText(findTestObject("Object Repository/virualShowRSVPOR/Page_cabi Edit Show - Add Guests/span_cohostess_name"), UtilityMethods.concat(verifyCohostess[1], ", ", verifyCohostess[0])): Actual text and expected text of test object 'Object Repository/virualShowRSVPOR/Page_cabi Edit Show - Add Guests/span_cohostess_name' are matched.

2019-08-26 15:36:51 - [MESSAGE][PASSED] - Actual text and expected text of test object 'Object Repository/virualShowRSVPOR/Page_cabi Edit Show - Add Guests/span_cohostess_name' are matched.

2019-08-26 15:36:51 - [TEST_STEP][PASSED] - listElement = findWebElements(findTestObject("Object Repository/virualShowRSVPOR/Page_cabi Edit Show - Add Guests/span_guest_name_list"), 5): null

2019-08-26 15:36:51 - [TEST_STEP][PASSED] - guestCount = Integer.parseInt(verifyGuestCount): null

2019-08-26 15:36:51 - [TEST_STEP][PASSED] - assert listElement.size() == guestCount: null

2019-08-26 15:36:51 - [TEST_STEP][PASSED] - flag = false: null

2019-08-26 15:36:51 - [TEST_STEP][PASSED] - for ([i = 0, i < guestCount, (i++)]): null

2019-08-26 15:36:51 - [TEST_STEP][PASSED] - flag = false: null

2019-08-26 15:36:51 - [TEST_STEP][PASSED] - if (getText().equals(UtilityMethods.concat(verifyGuest1[1], ", ", verifyGuest1[0]))): null

2019-08-26 15:36:51 - [TEST_STEP][PASSED] - flag = true: null

2019-08-26 15:36:51 - [TEST_STEP][PASSED] - if (getText().equals(UtilityMethods.concat(verifyGuest2[1], ", ", verifyGuest2[0]))): null

2019-08-26 15:36:51 - [TEST_STEP][PASSED] - flag = false: null

2019-08-26 15:36:51 - [TEST_STEP][PASSED] - if (getText().equals(UtilityMethods.concat(verifyGuest1[1], ", ", verifyGuest1[0]))): null

2019-08-26 15:36:51 - [TEST_STEP][PASSED] - if (getText().equals(UtilityMethods.concat(verifyGuest2[1], ", ", verifyGuest2[0]))): null

2019-08-26 15:36:51 - [TEST_STEP][PASSED] - flag = true: null

2019-08-26 15:36:51 - [TEST_STEP][PASSED] - assert flag == true: null

2019-08-26 15:36:51 - [TEST_STEP][PASSED] - click(findTestObject("Object Repository/virualShowRSVPOR/Page_cabi Edit Show - Add Guests/input_Next")): Object: 'Object Repository/virualShowRSVPOR/Page_cabi Edit Show - Add Guests/input_Next' is clicked on

2019-08-26 15:36:53 - [MESSAGE][PASSED] - Object: 'Object Repository/virualShowRSVPOR/Page_cabi Edit Show - Add Guests/input_Next' is clicked on

2019-08-26 15:36:53 - [TEST_STEP][PASSED] - delay(5): Delayed 5 second(s)

2019-08-26 15:36:58 - [MESSAGE][PASSED] - Delayed 5 second(s)

2019-08-26 15:36:58 - [TEST_STEP][PASSED] - click(findTestObject("Object Repository/virualShowRSVPOR/Page_cabi Edit Show - Send Invitations/input_Overview")): Object: 'Object Repository/virualShowRSVPOR/Page_cabi Edit Show - Send Invitations/input_Overview' is clicked on

2019-08-26 15:37:00 - [MESSAGE][PASSED] - Object: 'Object Repository/virualShowRSVPOR/Page_cabi Edit Show - Send Invitations/input_Overview' is clicked on

2019-08-26 15:37:00 - [TEST_STEP][PASSED] - showID = getText(findTestObject("Object Repository/virualShowRSVPOR/Page_cabi Orders/li_Show_ID_Text")): Text of object 'Object Repository/virualShowRSVPOR/Page_cabi Orders/li_Show_ID_Text' is: 'Show #: 104705618'

2019-08-26 15:37:00 - [MESSAGE][PASSED] - Text of object 'Object Repository/virualShowRSVPOR/Page_cabi Orders/li_Show_ID_Text' is: 'Show #: 104705618'

2019-08-26 15:37:00 - [TEST_STEP][PASSED] - rightClick(findTestObject("Object Repository/virualShowRSVPOR/Page_cabi Orders/a_Account")): Object: 'Object Repository/virualShowRSVPOR/Page_cabi Orders/a_Account' is right clicked on

2019-08-26 15:37:00 - [MESSAGE][PASSED] - Object: 'Object Repository/virualShowRSVPOR/Page_cabi Orders/a_Account' is right clicked on

2019-08-26 15:37:00 - [TEST_STEP][PASSED] - click(findTestObject("Object Repository/virualShowRSVPOR/Page_cabi Orders/a_My Profile")): Object: 'Object Repository/virualShowRSVPOR/Page_cabi Orders/a_My Profile' is clicked on

2019-08-26 15:37:02 - [MESSAGE][PASSED] - Object: 'Object Repository/virualShowRSVPOR/Page_cabi Orders/a_My Profile' is clicked on

2019-08-26 15:37:02 - [TEST_STEP][PASSED] - rsName = getText(findTestObject("Object Repository/virualShowRSVPOR/Page_cabi My Profile/span_rsName")): Text of object 'Object Repository/virualShowRSVPOR/Page_cabi My Profile/span_rsName' is: 'MirandaKate'

2019-08-26 15:37:03 - [MESSAGE][PASSED] - Text of object 'Object Repository/virualShowRSVPOR/Page_cabi My Profile/span_rsName' is: 'MirandaKate'

2019-08-26 15:37:03 - [TEST_STEP][PASSED] - micrositeURL = UtilityMethods.createURL(rsName, RSTestEnvt, showID): null

2019-08-26 15:37:03 - [TEST_STEP][PASSED] - println(micrositeURL): null

2019-08-26 15:37:03 - [TEST_STEP][PASSED] - back(): Navigate back successfully

2019-08-26 15:37:04 - [MESSAGE][PASSED] - Navigate back successfully

2019-08-26 15:37:04 - [MESSAGE][PASSED] - Call Test Case 'Test Cases/VirtualShow/createShow' successfully

2019-08-26 15:37:04 - [TEST_STEP][PASSED] - hostessObj = new commonUtility.VSGuest(hostess): null

2019-08-26 15:37:04 - [TEST_STEP][PASSED] - cohostessObj = new commonUtility.VSGuest(cohostess): null

2019-08-26 15:37:04 - [TEST_STEP][PASSED] - guest1Obj = new commonUtility.VSGuest(guest1): null

2019-08-26 15:37:04 - [TEST_STEP][PASSED] - guest2Obj = new commonUtility.VSGuest(guest2): null

2019-08-26 15:37:04 - [TEST_STEP][PASSED] - driver = getWebDriver(): null

2019-08-26 15:37:04 - [TEST_STEP][PASSED] - executor = driver: null

2019-08-26 15:37:04 - [TEST_STEP][PASSED] - currentPage = getUrl(): Current window's url is: 'https://test18.cliotest.com/backoffice/control/ShowOrders?showId=104705618&consultantPartyId=100000042&fromCAM='

2019-08-26 15:37:04 - [MESSAGE][PASSED] - Current window's url is: 'https://test18.cliotest.com/backoffice/control/ShowOrders?showId=104705618&consultantPartyId=100000042&fromCAM='

2019-08-26 15:37:04 - [TEST_STEP][PASSED] - currentTab = getWindowIndex(): Current window's index is: 0

2019-08-26 15:37:04 - [MESSAGE][PASSED] - Current window's index is: 0

2019-08-26 15:37:04 - [TEST_STEP][PASSED] - driver = getWebDriver(): null

2019-08-26 15:37:04 - [TEST_STEP][PASSED] - favorites = 0: null

2019-08-26 15:37:04 - [TEST_STEP][PASSED] - favorites = 0: null

2019-08-26 15:37:04 - [TEST_STEP][PASSED] - favorites = 0: null

2019-08-26 15:37:04 - [TEST_STEP][PASSED] - favorites = 0: null

2019-08-26 15:37:04 - [TEST_STEP][PASSED] - allList.add(hostessObj): null

2019-08-26 15:37:04 - [TEST_STEP][PASSED] - allList.add(cohostessObj): null

2019-08-26 15:37:04 - [TEST_STEP][PASSED] - allList.add(guest1Obj): null

2019-08-26 15:37:04 - [TEST_STEP][PASSED] - allList.add(guest2Obj): null

2019-08-26 15:37:04 - [TEST_STEP][PASSED] - yesList.add(hostessObj): null

2019-08-26 15:37:04 - [TEST_STEP][PASSED] - yesList.add(cohostessObj): null

2019-08-26 15:37:04 - [TEST_STEP][PASSED] - noreplyList.add(guest1Obj): null

2019-08-26 15:37:04 - [TEST_STEP][PASSED] - noreplyList.add(guest2Obj): null

2019-08-26 15:37:04 - [TEST_STEP][PASSED] - click(findTestObject("Object Repository/virualShowRSVPOR/Page_cabi Edit Show - Send Invitations/a_dashboard")): Object: 'Object Repository/virualShowRSVPOR/Page_cabi Edit Show - Send Invitations/a_dashboard' is clicked on

2019-08-26 15:37:08 - [MESSAGE][PASSED] - Object: 'Object Repository/virualShowRSVPOR/Page_cabi Edit Show - Send Invitations/a_dashboard' is clicked on

2019-08-26 15:37:08 - [TEST_STEP][PASSED] - delay(5): Delayed 5 second(s)

2019-08-26 15:37:13 - [MESSAGE][PASSED] - Delayed 5 second(s)

2019-08-26 15:37:13 - [TEST_STEP][PASSED] - switchToFrame(findTestObject("virualShowRSVPOR/dashboard/frame_start_pre_show"), 60): null

2019-08-26 15:37:13 - [TEST_STEP][PASSED] - isShowNotStarted = findWebElements(findTestObject("virualShowRSVPOR/dashboard/button_start_pre_show"), 5): null

2019-08-26 15:37:13 - [TEST_STEP][PASSED] - if (isShowNotStarted.size() > 0): null

2019-08-26 15:37:13 - [TEST_STEP][PASSED] - button_start_pre_show = driver.findElement(By.xpath("//button[contains(text(), 'Start pre-show')]")): null

2019-08-26 15:37:13 - [TEST_STEP][PASSED] - executor.executeScript("arguments[0].click();", button_start_pre_show): null

2019-08-26 15:37:13 - [TEST_STEP][PASSED] - delay(3): Delayed 3 second(s)

2019-08-26 15:37:16 - [MESSAGE][PASSED] - Delayed 3 second(s)

2019-08-26 15:37:16 - [TEST_STEP][PASSED] - button_pre_show_sure = driver.findElement(By.xpath("//button[contains(text(), ' sure')]")): null

2019-08-26 15:37:17 - [TEST_STEP][PASSED] - executor.executeScript("arguments[0].click();", button_pre_show_sure): null

2019-08-26 15:37:17 - [TEST_STEP][PASSED] - delay(5): Delayed 5 second(s)

2019-08-26 15:37:22 - [MESSAGE][PASSED] - Delayed 5 second(s)

2019-08-26 15:37:22 - [TEST_STEP][PASSED] - switchToWindowIndex(currentTab + 1): Switched to window with index: '1'

2019-08-26 15:37:22 - [MESSAGE][PASSED] - Switched to window with index: '1'

2019-08-26 15:37:22 - [TEST_STEP][PASSED] - UtilityMethods.validateGuestsListDashboard(yesList, noList, maybeList, noreplyList, presentList, allList): Delayed 2 second(s)

2019-08-26 15:37:24 - [MESSAGE][INFO] - Unable to find the element located by 'By.xpath: //div[@class='table-body']/div[@class='table-row']/div/div[@class='table-row-status']/i[position()=1]'. Please recheck the objects properties to make sure the desired element is located. 

2019-08-26 15:37:25 - [MESSAGE][INFO] - Unable to find the element located by 'By.xpath: //div[@class='table-body']/div[@class='table-row']/div/div[@class='table-row-status']/i[position()='2']'. Please recheck the objects properties to make sure the desired element is located. 

2019-08-26 15:37:26 - [MESSAGE][INFO] - Unable to find the element located by 'By.xpath: //div[@class='table-body']/div[@class='table-row']/div/div[@class='table-row-name']/a/i'. Please recheck the objects properties to make sure the desired element is located. 

2019-08-26 15:37:27 - [MESSAGE][INFO] - Unable to find the element located by 'By.xpath: //div[@class='table-body']/div[@class='table-row']/div/div[@class='table-row-name']/a/span[last()]'. Please recheck the objects properties to make sure the desired element is located. 

2019-08-26 15:37:28 - [MESSAGE][INFO] - Unable to find the element located by 'By.xpath: //div[@class='table-body']/div[@class='table-row']/div/div[@class='table-row-favorites']'. Please recheck the objects properties to make sure the desired element is located. 

2019-08-26 15:37:29 - [MESSAGE][INFO] - Unable to find the element located by 'By.xpath: //div[@class='table-body']/div[@class='table-row']/div/div[@class='table-row-ordered']'. Please recheck the objects properties to make sure the desired element is located. 

2019-08-26 15:37:31 - [MESSAGE][PASSED] - Delayed 2 second(s)

2019-08-26 15:37:33 - [MESSAGE][PASSED] - Delayed 2 second(s)

2019-08-26 15:37:36 - [MESSAGE][PASSED] - Delayed 2 second(s)

2019-08-26 15:37:38 - [MESSAGE][PASSED] - Delayed 2 second(s)

2019-08-26 15:37:39 - [MESSAGE][INFO] - Unable to find the element located by 'By.xpath: //div[@class='table-body']/div[@class='table-row']/div/div[@class='table-row-status']/i[position()=1]'. Please recheck the objects properties to make sure the desired element is located. 

2019-08-26 15:37:40 - [MESSAGE][INFO] - Unable to find the element located by 'By.xpath: //div[@class='table-body']/div[@class='table-row']/div/div[@class='table-row-status']/i[position()='2']'. Please recheck the objects properties to make sure the desired element is located. 

2019-08-26 15:37:41 - [MESSAGE][INFO] - Unable to find the element located by 'By.xpath: //div[@class='table-body']/div[@class='table-row']/div/div[@class='table-row-name']/a/i'. Please recheck the objects properties to make sure the desired element is located. 

2019-08-26 15:37:42 - [MESSAGE][INFO] - Unable to find the element located by 'By.xpath: //div[@class='table-body']/div[@class='table-row']/div/div[@class='table-row-name']/a/span[last()]'. Please recheck the objects properties to make sure the desired element is located. 

2019-08-26 15:37:43 - [MESSAGE][INFO] - Unable to find the element located by 'By.xpath: //div[@class='table-body']/div[@class='table-row']/div/div[@class='table-row-favorites']'. Please recheck the objects properties to make sure the desired element is located. 

2019-08-26 15:37:44 - [MESSAGE][INFO] - Unable to find the element located by 'By.xpath: //div[@class='table-body']/div[@class='table-row']/div/div[@class='table-row-ordered']'. Please recheck the objects properties to make sure the desired element is located. 

2019-08-26 15:37:46 - [MESSAGE][PASSED] - Delayed 2 second(s)

2019-08-26 15:37:47 - [MESSAGE][INFO] - Unable to find the element located by 'By.xpath: //div[@class='table-body']/div[@class='table-row']/div/div[@class='table-row-status']/i[position()=1]'. Please recheck the objects properties to make sure the desired element is located. 

2019-08-26 15:37:48 - [MESSAGE][INFO] - Unable to find the element located by 'By.xpath: //div[@class='table-body']/div[@class='table-row']/div/div[@class='table-row-status']/i[position()='2']'. Please recheck the objects properties to make sure the desired element is located. 

2019-08-26 15:37:50 - [MESSAGE][INFO] - Unable to find the element located by 'By.xpath: //div[@class='table-body']/div[@class='table-row']/div/div[@class='table-row-name']/a/i'. Please recheck the objects properties to make sure the desired element is located. 

2019-08-26 15:37:51 - [MESSAGE][INFO] - Unable to find the element located by 'By.xpath: //div[@class='table-body']/div[@class='table-row']/div/div[@class='table-row-name']/a/span[last()]'. Please recheck the objects properties to make sure the desired element is located. 

2019-08-26 15:37:52 - [MESSAGE][INFO] - Unable to find the element located by 'By.xpath: //div[@class='table-body']/div[@class='table-row']/div/div[@class='table-row-favorites']'. Please recheck the objects properties to make sure the desired element is located. 

2019-08-26 15:37:53 - [MESSAGE][INFO] - Unable to find the element located by 'By.xpath: //div[@class='table-body']/div[@class='table-row']/div/div[@class='table-row-ordered']'. Please recheck the objects properties to make sure the desired element is located. 

2019-08-26 15:37:55 - [MESSAGE][PASSED] - Delayed 2 second(s)

2019-08-26 15:37:55 - [TEST_STEP][PASSED] - println(getWindowIndex()): Current window's index is: 1

2019-08-26 15:37:55 - [MESSAGE][PASSED] - Current window's index is: 1

2019-08-26 15:37:55 - [TEST_STEP][PASSED] - executor.executeScript("window.open();"): null

2019-08-26 15:37:55 - [TEST_STEP][PASSED] - switchToWindowIndex(currentTab + 2): Switched to window with index: '2'

2019-08-26 15:37:55 - [MESSAGE][PASSED] - Switched to window with index: '2'

2019-08-26 15:37:55 - [TEST_STEP][PASSED] - println(getWindowIndex()): Current window's index is: 2

2019-08-26 15:37:56 - [MESSAGE][PASSED] - Current window's index is: 2

2019-08-26 15:37:56 - [TEST_STEP][PASSED] - callTestCase(findTestCase("TestCaseUtilities/setVHost"), [:], CONTINUE_ON_FAILURE): Call Test Case 'Test Cases/TestCaseUtilities/setVHost' successfully

2019-08-26 15:37:56 - [TEST_CASE][PASSED] - Test Cases/TestCaseUtilities/setVHost: Test Cases/TestCaseUtilities/setVHost

2019-08-26 15:37:56 - [TEST_STEP][PASSED] - ofbizURL = findTestData("envtData").getValue("ofbizURL", 1): null

2019-08-26 15:37:56 - [TEST_STEP][PASSED] - ofbizUser = findTestData("credData").getValue("ofbizuser", 1): null

2019-08-26 15:37:57 - [TEST_STEP][PASSED] - ofbizPass = findTestData("credData").getValue("ofbizpass", 1): null

2019-08-26 15:37:57 - [TEST_STEP][PASSED] - vhostTarget = findTestData("envtData").getValue("vhostTarget", 1): null

2019-08-26 15:37:57 - [TEST_STEP][PASSED] - navigateToUrl(ofbizURL): Navigate to 'https://pushofbiz.cliotest.com/login.php' successfully

2019-08-26 15:37:58 - [MESSAGE][PASSED] - Navigate to 'https://pushofbiz.cliotest.com/login.php' successfully

2019-08-26 15:37:58 - [TEST_STEP][PASSED] - setText(findTestObject("Object Repository/virualShowRSVPOR/Page_/input_Username_username"), ofbizUser): Text 'automation' is set on object 'Object Repository/virualShowRSVPOR/Page_/input_Username_username'

2019-08-26 15:37:59 - [MESSAGE][PASSED] - Text 'automation' is set on object 'Object Repository/virualShowRSVPOR/Page_/input_Username_username'

2019-08-26 15:37:59 - [TEST_STEP][PASSED] - setText(findTestObject("Object Repository/virualShowRSVPOR/Page_/input_Password_password"), ofbizPass): Text 'cabiautomation' is set on object 'Object Repository/virualShowRSVPOR/Page_/input_Password_password'

2019-08-26 15:37:59 - [MESSAGE][PASSED] - Text 'cabiautomation' is set on object 'Object Repository/virualShowRSVPOR/Page_/input_Password_password'

2019-08-26 15:37:59 - [TEST_STEP][PASSED] - click(findTestObject("Object Repository/virualShowRSVPOR/Page_/input_Password_Submit")): Object: 'Object Repository/virualShowRSVPOR/Page_/input_Password_Submit' is clicked on

2019-08-26 15:38:02 - [MESSAGE][PASSED] - Object: 'Object Repository/virualShowRSVPOR/Page_/input_Password_Submit' is clicked on

2019-08-26 15:38:02 - [TEST_STEP][PASSED] - click(findTestObject("Object Repository/virualShowRSVPOR/Page_/a_Set Vhost")): Object: 'Object Repository/virualShowRSVPOR/Page_/a_Set Vhost' is clicked on

2019-08-26 15:38:02 - [MESSAGE][PASSED] - Object: 'Object Repository/virualShowRSVPOR/Page_/a_Set Vhost' is clicked on

2019-08-26 15:38:02 - [TEST_STEP][PASSED] - click(UtilityMethods.createTestObject("select_target", "//select[@name='Target']/option[contains(text(), '", vhostTarget, "')]")): Object: 'select_target' is clicked on

2019-08-26 15:38:02 - [MESSAGE][PASSED] - Object: 'select_target' is clicked on

2019-08-26 15:38:02 - [TEST_STEP][PASSED] - click(findTestObject("Object Repository/virualShowRSVPOR/Page_/input")): Object: 'Object Repository/virualShowRSVPOR/Page_/input' is clicked on

2019-08-26 15:38:05 - [MESSAGE][PASSED] - Object: 'Object Repository/virualShowRSVPOR/Page_/input' is clicked on

2019-08-26 15:38:05 - [MESSAGE][PASSED] - Call Test Case 'Test Cases/TestCaseUtilities/setVHost' successfully

2019-08-26 15:38:05 - [TEST_STEP][PASSED] - loginURL = UtilityMethods.concat("https://mirandakate.", RSTestEnvt, ".com/?component=account.login-gateway"): null

2019-08-26 15:38:05 - [TEST_STEP][PASSED] - navigateToUrl(loginURL): Navigate to 'https://mirandakate.cabitest5.com/?component=account.login-gateway' successfully

2019-08-26 15:38:30 - [MESSAGE][PASSED] - Navigate to 'https://mirandakate.cabitest5.com/?component=account.login-gateway' successfully

2019-08-26 15:38:30 - [TEST_STEP][PASSED] - delay(3): Delayed 3 second(s)

2019-08-26 15:38:33 - [MESSAGE][PASSED] - Delayed 3 second(s)

2019-08-26 15:38:33 - [TEST_STEP][PASSED] - setText(findTestObject("Object Repository/virualShowRSVPOR/Page_Show microsite/input_Sign in  Create account_email"), guest1Mail): Text 'guest1-test@test.com' is set on object 'Object Repository/virualShowRSVPOR/Page_Show microsite/input_Sign in  Create account_email'

2019-08-26 15:38:34 - [MESSAGE][PASSED] - Text 'guest1-test@test.com' is set on object 'Object Repository/virualShowRSVPOR/Page_Show microsite/input_Sign in  Create account_email'

2019-08-26 15:38:34 - [TEST_STEP][PASSED] - click(findTestObject("Object Repository/virualShowRSVPOR/Page_Show microsite/button_Continue")): Object: 'Object Repository/virualShowRSVPOR/Page_Show microsite/button_Continue' is clicked on

2019-08-26 15:38:34 - [MESSAGE][PASSED] - Object: 'Object Repository/virualShowRSVPOR/Page_Show microsite/button_Continue' is clicked on

2019-08-26 15:38:34 - [TEST_STEP][PASSED] - setText(findTestObject("Object Repository/virualShowRSVPOR/Page_Show microsite/input_Welcome_password"), guest1Pass): Text 'blackdress19' is set on object 'Object Repository/virualShowRSVPOR/Page_Show microsite/input_Welcome_password'

2019-08-26 15:38:35 - [MESSAGE][PASSED] - Text 'blackdress19' is set on object 'Object Repository/virualShowRSVPOR/Page_Show microsite/input_Welcome_password'

2019-08-26 15:38:35 - [TEST_STEP][PASSED] - click(findTestObject("Object Repository/virualShowRSVPOR/Page_Show microsite/button_Continue_pass")): Object: 'Object Repository/virualShowRSVPOR/Page_Show microsite/button_Continue_pass' is clicked on

2019-08-26 15:38:35 - [MESSAGE][PASSED] - Object: 'Object Repository/virualShowRSVPOR/Page_Show microsite/button_Continue_pass' is clicked on

2019-08-26 15:38:35 - [TEST_STEP][PASSED] - delay(5): Delayed 5 second(s)

2019-08-26 15:38:40 - [MESSAGE][PASSED] - Delayed 5 second(s)

2019-08-26 15:38:40 - [TEST_STEP][PASSED] - if (verifyElementPresent(findTestObject("Object Repository/virualShowRSVPOR/Page_Show microsite/complete_my_profile_later"), 0)): Object: 'Object Repository/virualShowRSVPOR/Page_Show microsite/div_Ill complete my profile later' is clicked on

2019-08-26 15:38:40 - [MESSAGE][WARNING] - Timeout '0' is invalid. Using default page load timeout: '30'

2019-08-26 15:38:40 - [MESSAGE][PASSED] - Object 'Object Repository/virualShowRSVPOR/Page_Show microsite/complete_my_profile_later' is present

2019-08-26 15:38:40 - [TEST_STEP][PASSED] - click(findTestObject("Object Repository/virualShowRSVPOR/Page_Show microsite/div_Ill complete my profile later")): Object: 'Object Repository/virualShowRSVPOR/Page_Show microsite/div_Ill complete my profile later' is clicked on

2019-08-26 15:38:44 - [MESSAGE][PASSED] - Object: 'Object Repository/virualShowRSVPOR/Page_Show microsite/div_Ill complete my profile later' is clicked on

2019-08-26 15:38:44 - [TEST_STEP][PASSED] - navigateToUrl(micrositeURL): Navigate to 'https://mirandakate.cabitest5.com/show-microsite/104705618/' successfully

2019-08-26 15:38:50 - [MESSAGE][PASSED] - Navigate to 'https://mirandakate.cabitest5.com/show-microsite/104705618/' successfully

2019-08-26 15:38:50 - [TEST_STEP][PASSED] - userLogin = findWebElements(findTestObject("Object Repository/virualShowRSVPOR/Page_Show microsite/i_user_login"), 5): null

2019-08-26 15:38:50 - [TEST_STEP][PASSED] - if (userLogin.size() == 0): null

2019-08-26 15:38:50 - [TEST_STEP][PASSED] - listElement1 = findWebElements(findTestObject("Object Repository/virualShowRSVPOR/Page_Show microsite/div_Update your RSVP"), 5): Unable to find the element located by 'By.xpath: //*[contains(text(), 'Update your RSVP')]'. Please recheck the objects properties to make sure the desired element is located. 

2019-08-26 15:38:56 - [MESSAGE][INFO] - Unable to find the element located by 'By.xpath: //*[contains(text(), 'Update your RSVP')]'. Please recheck the objects properties to make sure the desired element is located. 

2019-08-26 15:38:56 - [TEST_STEP][PASSED] - if (empty): Actual text and expected text of test object 'Object Repository/virualShowRSVPOR/Page_Show microsite/h2_We hope youll be able to attend.' are matched.

2019-08-26 15:38:56 - [TEST_STEP][PASSED] - println("RSVP is not updated"): null

2019-08-26 15:38:56 - [TEST_STEP][PASSED] - click(findTestObject("Object Repository/virualShowRSVPOR/Page_Show microsite/button_RSVP")): Object: 'Object Repository/virualShowRSVPOR/Page_Show microsite/button_RSVP' is clicked on

2019-08-26 15:38:56 - [MESSAGE][PASSED] - Object: 'Object Repository/virualShowRSVPOR/Page_Show microsite/button_RSVP' is clicked on

2019-08-26 15:38:56 - [TEST_STEP][PASSED] - click(findTestObject("Object Repository/virualShowRSVPOR/Page_Show microsite/select_rsvp_maybe")): Object: 'Object Repository/virualShowRSVPOR/Page_Show microsite/select_rsvp_maybe' is clicked on

2019-08-26 15:38:56 - [MESSAGE][PASSED] - Object: 'Object Repository/virualShowRSVPOR/Page_Show microsite/select_rsvp_maybe' is clicked on

2019-08-26 15:38:56 - [TEST_STEP][PASSED] - click(findTestObject("Object Repository/virualShowRSVPOR/Page_Show microsite/button_SEND")): Object: 'Object Repository/virualShowRSVPOR/Page_Show microsite/button_SEND' is clicked on

2019-08-26 15:38:56 - [MESSAGE][PASSED] - Object: 'Object Repository/virualShowRSVPOR/Page_Show microsite/button_SEND' is clicked on

2019-08-26 15:38:56 - [TEST_STEP][PASSED] - delay(4): Delayed 4 second(s)

2019-08-26 15:39:00 - [MESSAGE][PASSED] - Delayed 4 second(s)

2019-08-26 15:39:00 - [TEST_STEP][PASSED] - verifyElementText(findTestObject("Object Repository/virualShowRSVPOR/Page_Show microsite/h2_We hope youll be able to attend."), "We hope you'll be able to attend."): Actual text and expected text of test object 'Object Repository/virualShowRSVPOR/Page_Show microsite/h2_We hope youll be able to attend.' are matched.

2019-08-26 15:39:00 - [MESSAGE][PASSED] - Actual text and expected text of test object 'Object Repository/virualShowRSVPOR/Page_Show microsite/h2_We hope youll be able to attend.' are matched.

2019-08-26 15:39:00 - [TEST_STEP][PASSED] - maybeList.add(guest1Obj): null

2019-08-26 15:39:00 - [TEST_STEP][PASSED] - noreplyList.remove(guest1Obj): null

2019-08-26 15:39:00 - [TEST_STEP][PASSED] - switchToWindowIndex(currentTab + 1): Switched to window with index: '1'

2019-08-26 15:39:00 - [MESSAGE][PASSED] - Switched to window with index: '1'

2019-08-26 15:39:00 - [TEST_STEP][PASSED] - delay(2): Delayed 2 second(s)

2019-08-26 15:39:02 - [MESSAGE][PASSED] - Delayed 2 second(s)

2019-08-26 15:39:02 - [TEST_STEP][PASSED] - executor.executeScript("arguments[0].click();", findWebElement(findTestObject("Object Repository/virualShowRSVPOR/dashboard/a_close_mic_alert"), 5)): null

2019-08-26 15:39:02 - [TEST_STEP][PASSED] - UtilityMethods.validateGuestsListDashboard(yesList, noList, maybeList, noreplyList, presentList, allList): Delayed 2 second(s)

2019-08-26 15:39:03 - [MESSAGE][INFO] - Unable to find the element located by 'By.xpath: //div[@class='table-body']/div[@class='table-row']/div/div[@class='table-row-status']/i[position()=1]'. Please recheck the objects properties to make sure the desired element is located. 

2019-08-26 15:39:05 - [MESSAGE][INFO] - Unable to find the element located by 'By.xpath: //div[@class='table-body']/div[@class='table-row']/div/div[@class='table-row-status']/i[position()='2']'. Please recheck the objects properties to make sure the desired element is located. 

2019-08-26 15:39:06 - [MESSAGE][INFO] - Unable to find the element located by 'By.xpath: //div[@class='table-body']/div[@class='table-row']/div/div[@class='table-row-name']/a/i'. Please recheck the objects properties to make sure the desired element is located. 

2019-08-26 15:39:07 - [MESSAGE][INFO] - Unable to find the element located by 'By.xpath: //div[@class='table-body']/div[@class='table-row']/div/div[@class='table-row-name']/a/span[last()]'. Please recheck the objects properties to make sure the desired element is located. 

2019-08-26 15:39:08 - [MESSAGE][INFO] - Unable to find the element located by 'By.xpath: //div[@class='table-body']/div[@class='table-row']/div/div[@class='table-row-favorites']'. Please recheck the objects properties to make sure the desired element is located. 

2019-08-26 15:39:09 - [MESSAGE][INFO] - Unable to find the element located by 'By.xpath: //div[@class='table-body']/div[@class='table-row']/div/div[@class='table-row-ordered']'. Please recheck the objects properties to make sure the desired element is located. 

2019-08-26 15:39:11 - [MESSAGE][PASSED] - Delayed 2 second(s)

2019-08-26 15:39:13 - [MESSAGE][PASSED] - Delayed 2 second(s)

2019-08-26 15:39:15 - [MESSAGE][PASSED] - Delayed 2 second(s)

2019-08-26 15:39:18 - [MESSAGE][PASSED] - Delayed 2 second(s)

2019-08-26 15:39:19 - [MESSAGE][INFO] - Unable to find the element located by 'By.xpath: //div[@class='table-body']/div[@class='table-row']/div/div[@class='table-row-status']/i[position()=1]'. Please recheck the objects properties to make sure the desired element is located. 

2019-08-26 15:39:20 - [MESSAGE][INFO] - Unable to find the element located by 'By.xpath: //div[@class='table-body']/div[@class='table-row']/div/div[@class='table-row-status']/i[position()='2']'. Please recheck the objects properties to make sure the desired element is located. 

2019-08-26 15:39:21 - [MESSAGE][INFO] - Unable to find the element located by 'By.xpath: //div[@class='table-body']/div[@class='table-row']/div/div[@class='table-row-name']/a/i'. Please recheck the objects properties to make sure the desired element is located. 

2019-08-26 15:39:22 - [MESSAGE][INFO] - Unable to find the element located by 'By.xpath: //div[@class='table-body']/div[@class='table-row']/div/div[@class='table-row-name']/a/span[last()]'. Please recheck the objects properties to make sure the desired element is located. 

2019-08-26 15:39:23 - [MESSAGE][INFO] - Unable to find the element located by 'By.xpath: //div[@class='table-body']/div[@class='table-row']/div/div[@class='table-row-favorites']'. Please recheck the objects properties to make sure the desired element is located. 

2019-08-26 15:39:24 - [MESSAGE][INFO] - Unable to find the element located by 'By.xpath: //div[@class='table-body']/div[@class='table-row']/div/div[@class='table-row-ordered']'. Please recheck the objects properties to make sure the desired element is located. 

2019-08-26 15:39:26 - [MESSAGE][PASSED] - Delayed 2 second(s)

2019-08-26 15:39:28 - [MESSAGE][PASSED] - Delayed 2 second(s)

2019-08-26 15:39:29 - [TEST_STEP][PASSED] - switchToWindowIndex(currentTab + 2): Switched to window with index: '2'

2019-08-26 15:39:29 - [MESSAGE][PASSED] - Switched to window with index: '2'

2019-08-26 15:39:29 - [TEST_STEP][PASSED] - delay(2): Delayed 2 second(s)

2019-08-26 15:39:31 - [MESSAGE][PASSED] - Delayed 2 second(s)

2019-08-26 15:39:31 - [TEST_STEP][PASSED] - click(findTestObject("Object Repository/virualShowRSVPOR/Page_Show microsite/div_Update your RSVP")): Object: 'Object Repository/virualShowRSVPOR/Page_Show microsite/div_Update your RSVP' is clicked on

2019-08-26 15:39:31 - [MESSAGE][PASSED] - Object: 'Object Repository/virualShowRSVPOR/Page_Show microsite/div_Update your RSVP' is clicked on

2019-08-26 15:39:31 - [TEST_STEP][PASSED] - click(findTestObject("Object Repository/virualShowRSVPOR/Page_Show microsite/select_rsvp_no")): Object: 'Object Repository/virualShowRSVPOR/Page_Show microsite/select_rsvp_no' is clicked on

2019-08-26 15:39:31 - [MESSAGE][PASSED] - Object: 'Object Repository/virualShowRSVPOR/Page_Show microsite/select_rsvp_no' is clicked on

2019-08-26 15:39:31 - [TEST_STEP][PASSED] - click(findTestObject("Object Repository/virualShowRSVPOR/Page_Show microsite/button_SEND")): Object: 'Object Repository/virualShowRSVPOR/Page_Show microsite/button_SEND' is clicked on

2019-08-26 15:39:31 - [MESSAGE][PASSED] - Object: 'Object Repository/virualShowRSVPOR/Page_Show microsite/button_SEND' is clicked on

2019-08-26 15:39:31 - [TEST_STEP][PASSED] - delay(4): Delayed 4 second(s)

2019-08-26 15:39:35 - [MESSAGE][PASSED] - Delayed 4 second(s)

2019-08-26 15:39:35 - [TEST_STEP][PASSED] - verifyElementText(findTestObject("Object Repository/virualShowRSVPOR/Page_Show microsite/h2_Sorry you cant make it."), "Sorry you can't make it."): Actual text and expected text of test object 'Object Repository/virualShowRSVPOR/Page_Show microsite/h2_Sorry you cant make it.' are matched.

2019-08-26 15:39:35 - [MESSAGE][PASSED] - Actual text and expected text of test object 'Object Repository/virualShowRSVPOR/Page_Show microsite/h2_Sorry you cant make it.' are matched.

2019-08-26 15:39:35 - [TEST_STEP][PASSED] - noList.add(guest1Obj): null

2019-08-26 15:39:35 - [TEST_STEP][PASSED] - maybeList.remove(guest1Obj): null

2019-08-26 15:39:35 - [TEST_STEP][PASSED] - switchToWindowIndex(currentTab + 1): Switched to window with index: '1'

2019-08-26 15:39:35 - [MESSAGE][PASSED] - Switched to window with index: '1'

2019-08-26 15:39:35 - [TEST_STEP][PASSED] - UtilityMethods.validateGuestsListDashboard(yesList, noList, maybeList, noreplyList, presentList, allList): Delayed 2 second(s)

2019-08-26 15:39:36 - [MESSAGE][INFO] - Unable to find the element located by 'By.xpath: //div[@class='table-body']/div[@class='table-row']/div/div[@class='table-row-status']/i[position()=1]'. Please recheck the objects properties to make sure the desired element is located. 

2019-08-26 15:39:37 - [MESSAGE][INFO] - Unable to find the element located by 'By.xpath: //div[@class='table-body']/div[@class='table-row']/div/div[@class='table-row-status']/i[position()='2']'. Please recheck the objects properties to make sure the desired element is located. 

2019-08-26 15:39:38 - [MESSAGE][INFO] - Unable to find the element located by 'By.xpath: //div[@class='table-body']/div[@class='table-row']/div/div[@class='table-row-name']/a/i'. Please recheck the objects properties to make sure the desired element is located. 

2019-08-26 15:39:39 - [MESSAGE][INFO] - Unable to find the element located by 'By.xpath: //div[@class='table-body']/div[@class='table-row']/div/div[@class='table-row-name']/a/span[last()]'. Please recheck the objects properties to make sure the desired element is located. 

2019-08-26 15:39:40 - [MESSAGE][INFO] - Unable to find the element located by 'By.xpath: //div[@class='table-body']/div[@class='table-row']/div/div[@class='table-row-favorites']'. Please recheck the objects properties to make sure the desired element is located. 

2019-08-26 15:39:41 - [MESSAGE][INFO] - Unable to find the element located by 'By.xpath: //div[@class='table-body']/div[@class='table-row']/div/div[@class='table-row-ordered']'. Please recheck the objects properties to make sure the desired element is located. 

2019-08-26 15:39:43 - [MESSAGE][PASSED] - Delayed 2 second(s)

2019-08-26 15:39:45 - [MESSAGE][PASSED] - Delayed 2 second(s)

2019-08-26 15:39:48 - [MESSAGE][PASSED] - Delayed 2 second(s)

2019-08-26 15:39:50 - [MESSAGE][PASSED] - Delayed 2 second(s)

2019-08-26 15:39:53 - [MESSAGE][PASSED] - Delayed 2 second(s)

2019-08-26 15:39:54 - [MESSAGE][INFO] - Unable to find the element located by 'By.xpath: //div[@class='table-body']/div[@class='table-row']/div/div[@class='table-row-status']/i[position()=1]'. Please recheck the objects properties to make sure the desired element is located. 

2019-08-26 15:39:55 - [MESSAGE][INFO] - Unable to find the element located by 'By.xpath: //div[@class='table-body']/div[@class='table-row']/div/div[@class='table-row-status']/i[position()='2']'. Please recheck the objects properties to make sure the desired element is located. 

2019-08-26 15:39:56 - [MESSAGE][INFO] - Unable to find the element located by 'By.xpath: //div[@class='table-body']/div[@class='table-row']/div/div[@class='table-row-name']/a/i'. Please recheck the objects properties to make sure the desired element is located. 

2019-08-26 15:39:57 - [MESSAGE][INFO] - Unable to find the element located by 'By.xpath: //div[@class='table-body']/div[@class='table-row']/div/div[@class='table-row-name']/a/span[last()]'. Please recheck the objects properties to make sure the desired element is located. 

2019-08-26 15:39:58 - [MESSAGE][INFO] - Unable to find the element located by 'By.xpath: //div[@class='table-body']/div[@class='table-row']/div/div[@class='table-row-favorites']'. Please recheck the objects properties to make sure the desired element is located. 

2019-08-26 15:39:59 - [MESSAGE][INFO] - Unable to find the element located by 'By.xpath: //div[@class='table-body']/div[@class='table-row']/div/div[@class='table-row-ordered']'. Please recheck the objects properties to make sure the desired element is located. 

2019-08-26 15:40:01 - [MESSAGE][PASSED] - Delayed 2 second(s)

2019-08-26 15:40:01 - [TEST_STEP][PASSED] - switchToWindowIndex(currentTab + 2): Switched to window with index: '2'

2019-08-26 15:40:01 - [MESSAGE][PASSED] - Switched to window with index: '2'

2019-08-26 15:40:01 - [TEST_STEP][PASSED] - delay(2): Delayed 2 second(s)

2019-08-26 15:40:03 - [MESSAGE][PASSED] - Delayed 2 second(s)

2019-08-26 15:40:03 - [TEST_STEP][PASSED] - click(findTestObject("Object Repository/virualShowRSVPOR/Page_Show microsite/div_Update your RSVP")): Object: 'Object Repository/virualShowRSVPOR/Page_Show microsite/div_Update your RSVP' is clicked on

2019-08-26 15:40:03 - [MESSAGE][PASSED] - Object: 'Object Repository/virualShowRSVPOR/Page_Show microsite/div_Update your RSVP' is clicked on

2019-08-26 15:40:03 - [TEST_STEP][PASSED] - click(findTestObject("Object Repository/virualShowRSVPOR/Page_Show microsite/select_rsvp_yes")): Object: 'Object Repository/virualShowRSVPOR/Page_Show microsite/select_rsvp_yes' is clicked on

2019-08-26 15:40:03 - [MESSAGE][PASSED] - Object: 'Object Repository/virualShowRSVPOR/Page_Show microsite/select_rsvp_yes' is clicked on

2019-08-26 15:40:03 - [TEST_STEP][PASSED] - click(findTestObject("Object Repository/virualShowRSVPOR/Page_Show microsite/button_SEND")): Object: 'Object Repository/virualShowRSVPOR/Page_Show microsite/button_SEND' is clicked on

2019-08-26 15:40:03 - [MESSAGE][PASSED] - Object: 'Object Repository/virualShowRSVPOR/Page_Show microsite/button_SEND' is clicked on

2019-08-26 15:40:03 - [TEST_STEP][PASSED] - delay(4): Delayed 4 second(s)

2019-08-26 15:40:07 - [MESSAGE][PASSED] - Delayed 4 second(s)

2019-08-26 15:40:07 - [TEST_STEP][PASSED] - verifyElementText(findTestObject("Object Repository/virualShowRSVPOR/Page_Show microsite/h2_Were so glad you can make it."), "We're so glad you can make it."): Actual text and expected text of test object 'Object Repository/virualShowRSVPOR/Page_Show microsite/h2_Were so glad you can make it.' are matched.

2019-08-26 15:40:08 - [MESSAGE][PASSED] - Actual text and expected text of test object 'Object Repository/virualShowRSVPOR/Page_Show microsite/h2_Were so glad you can make it.' are matched.

2019-08-26 15:40:08 - [TEST_STEP][PASSED] - delay(4): Delayed 4 second(s)

2019-08-26 15:40:12 - [MESSAGE][PASSED] - Delayed 4 second(s)

2019-08-26 15:40:12 - [TEST_STEP][PASSED] - click(findTestObject("Object Repository/showMicrosite/button_join_the_show")): Object: 'Object Repository/showMicrosite/button_join_the_show' is clicked on

2019-08-26 15:40:12 - [MESSAGE][PASSED] - Object: 'Object Repository/showMicrosite/button_join_the_show' is clicked on

2019-08-26 15:40:12 - [TEST_STEP][PASSED] - delay(3): Delayed 3 second(s)

2019-08-26 15:40:15 - [MESSAGE][PASSED] - Delayed 3 second(s)

2019-08-26 15:40:15 - [TEST_STEP][PASSED] - executor.executeScript("arguments[0].click();", findWebElement(findTestObject("Object Repository/virualShowRSVPOR/dashboard/a_close_mic_alert"), 5)): null

2019-08-26 15:40:15 - [TEST_STEP][PASSED] - active = true: null

2019-08-26 15:40:15 - [TEST_STEP][PASSED] - micStatus = 2: null

2019-08-26 15:40:15 - [TEST_STEP][PASSED] - webcamStatus = 2: null

2019-08-26 15:40:15 - [TEST_STEP][PASSED] - presentList.add(guest1Obj): null

2019-08-26 15:40:15 - [TEST_STEP][PASSED] - yesList.add(guest1Obj): null

2019-08-26 15:40:15 - [TEST_STEP][PASSED] - noList.remove(guest1Obj): null

2019-08-26 15:40:15 - [TEST_STEP][PASSED] - switchToWindowIndex(currentTab + 1): Switched to window with index: '1'

2019-08-26 15:40:15 - [MESSAGE][PASSED] - Switched to window with index: '1'

2019-08-26 15:40:15 - [TEST_STEP][PASSED] - UtilityMethods.validateGuestsListDashboard(yesList, noList, maybeList, noreplyList, presentList, allList): Delayed 2 second(s)

2019-08-26 15:40:18 - [MESSAGE][PASSED] - Delayed 2 second(s)

2019-08-26 15:40:20 - [MESSAGE][PASSED] - Delayed 2 second(s)

2019-08-26 15:40:22 - [MESSAGE][PASSED] - Delayed 2 second(s)

2019-08-26 15:40:25 - [MESSAGE][PASSED] - Delayed 2 second(s)

2019-08-26 15:40:26 - [MESSAGE][INFO] - Unable to find the element located by 'By.xpath: //div[@class='table-body']/div[@class='table-row']/div/div[@class='table-row-status']/i[position()=1]'. Please recheck the objects properties to make sure the desired element is located. 

2019-08-26 15:40:27 - [MESSAGE][INFO] - Unable to find the element located by 'By.xpath: //div[@class='table-body']/div[@class='table-row']/div/div[@class='table-row-status']/i[position()='2']'. Please recheck the objects properties to make sure the desired element is located. 

2019-08-26 15:40:28 - [MESSAGE][INFO] - Unable to find the element located by 'By.xpath: //div[@class='table-body']/div[@class='table-row']/div/div[@class='table-row-name']/a/i'. Please recheck the objects properties to make sure the desired element is located. 

2019-08-26 15:40:29 - [MESSAGE][INFO] - Unable to find the element located by 'By.xpath: //div[@class='table-body']/div[@class='table-row']/div/div[@class='table-row-name']/a/span[last()]'. Please recheck the objects properties to make sure the desired element is located. 

2019-08-26 15:40:30 - [MESSAGE][INFO] - Unable to find the element located by 'By.xpath: //div[@class='table-body']/div[@class='table-row']/div/div[@class='table-row-favorites']'. Please recheck the objects properties to make sure the desired element is located. 

2019-08-26 15:40:31 - [MESSAGE][INFO] - Unable to find the element located by 'By.xpath: //div[@class='table-body']/div[@class='table-row']/div/div[@class='table-row-ordered']'. Please recheck the objects properties to make sure the desired element is located. 

2019-08-26 15:40:33 - [MESSAGE][PASSED] - Delayed 2 second(s)

2019-08-26 15:40:34 - [MESSAGE][INFO] - Unable to find the element located by 'By.xpath: //div[@class='table-body']/div[@class='table-row']/div/div[@class='table-row-status']/i[position()=1]'. Please recheck the objects properties to make sure the desired element is located. 

2019-08-26 15:40:35 - [MESSAGE][INFO] - Unable to find the element located by 'By.xpath: //div[@class='table-body']/div[@class='table-row']/div/div[@class='table-row-status']/i[position()='2']'. Please recheck the objects properties to make sure the desired element is located. 

2019-08-26 15:40:36 - [MESSAGE][INFO] - Unable to find the element located by 'By.xpath: //div[@class='table-body']/div[@class='table-row']/div/div[@class='table-row-name']/a/i'. Please recheck the objects properties to make sure the desired element is located. 

2019-08-26 15:40:37 - [MESSAGE][INFO] - Unable to find the element located by 'By.xpath: //div[@class='table-body']/div[@class='table-row']/div/div[@class='table-row-name']/a/span[last()]'. Please recheck the objects properties to make sure the desired element is located. 

2019-08-26 15:40:38 - [MESSAGE][INFO] - Unable to find the element located by 'By.xpath: //div[@class='table-body']/div[@class='table-row']/div/div[@class='table-row-favorites']'. Please recheck the objects properties to make sure the desired element is located. 

2019-08-26 15:40:40 - [MESSAGE][INFO] - Unable to find the element located by 'By.xpath: //div[@class='table-body']/div[@class='table-row']/div/div[@class='table-row-ordered']'. Please recheck the objects properties to make sure the desired element is located. 

2019-08-26 15:40:42 - [MESSAGE][PASSED] - Delayed 2 second(s)

2019-08-26 15:40:42 - [TEST_STEP][PASSED] - delay(2): Delayed 2 second(s)

2019-08-26 15:40:44 - [MESSAGE][PASSED] - Delayed 2 second(s)

2019-08-26 15:40:44 - [TEST_STEP][PASSED] - executor.executeScript("arguments[0].click();", findWebElement(findTestObject("Object Repository/virualShowRSVPOR/dashboard/i_start_webcam"), 5)): null

2019-08-26 15:40:44 - [TEST_STEP][PASSED] - delay(5): Delayed 5 second(s)

2019-08-26 15:40:49 - [MESSAGE][PASSED] - Delayed 5 second(s)

2019-08-26 15:40:49 - [TEST_STEP][ERROR] - UtilityMethods.takeWebElementScreenshot(findTestObject("Object Repository/virualShowRSVPOR/dashboard/div_infocus_both_images"), "infocus"): UtilityMethods.takeWebElementScreenshot(findTestObject("Object Repository/virualShowRSVPOR/dashboard/div_infocus_both_images"), "infocus") FAILED.
Reason:
java.lang.NullPointerException
	at commonUtility.UtilityMethods.takeWebElementScreenshot(UtilityMethods.groovy:185)
	at commonUtility.UtilityMethods$takeWebElementScreenshot$3.call(Unknown Source)
	at VS_Automation.run(VS_Automation:312)
	at com.kms.katalon.core.main.ScriptEngine.run(ScriptEngine.java:194)
	at com.kms.katalon.core.main.ScriptEngine.runScriptAsRawText(ScriptEngine.java:119)
	at com.kms.katalon.core.main.TestCaseExecutor.runScript(TestCaseExecutor.java:342)
	at com.kms.katalon.core.main.TestCaseExecutor.doExecute(TestCaseExecutor.java:333)
	at com.kms.katalon.core.main.TestCaseExecutor.processExecutionPhase(TestCaseExecutor.java:312)
	at com.kms.katalon.core.main.TestCaseExecutor.accessMainPhase(TestCaseExecutor.java:304)
	at com.kms.katalon.core.main.TestCaseExecutor.execute(TestCaseExecutor.java:238)
	at com.kms.katalon.core.main.TestSuiteExecutor.accessTestCaseMainPhase(TestSuiteExecutor.java:129)
	at com.kms.katalon.core.main.TestSuiteExecutor.accessTestSuiteMainPhase(TestSuiteExecutor.java:112)
	at com.kms.katalon.core.main.TestSuiteExecutor.execute(TestSuiteExecutor.java:81)
	at com.kms.katalon.core.main.TestCaseMain.startTestSuite(TestCaseMain.java:157)
	at com.kms.katalon.core.main.TestCaseMain$startTestSuite$0.call(Unknown Source)
	at TempTestSuite1566813941183.run(TempTestSuite1566813941183.groovy:35)


2019-08-26 15:40:50 - [MESSAGE][ERROR] - UtilityMethods.takeWebElementScreenshot(findTestObject("Object Repository/virualShowRSVPOR/dashboard/div_infocus_both_images"), "infocus") FAILED.
Reason:
java.lang.NullPointerException
	at commonUtility.UtilityMethods.takeWebElementScreenshot(UtilityMethods.groovy:185)
	at commonUtility.UtilityMethods$takeWebElementScreenshot$3.call(Unknown Source)
	at VS_Automation.run(VS_Automation:312)
	at com.kms.katalon.core.main.ScriptEngine.run(ScriptEngine.java:194)
	at com.kms.katalon.core.main.ScriptEngine.runScriptAsRawText(ScriptEngine.java:119)
	at com.kms.katalon.core.main.TestCaseExecutor.runScript(TestCaseExecutor.java:342)
	at com.kms.katalon.core.main.TestCaseExecutor.doExecute(TestCaseExecutor.java:333)
	at com.kms.katalon.core.main.TestCaseExecutor.processExecutionPhase(TestCaseExecutor.java:312)
	at com.kms.katalon.core.main.TestCaseExecutor.accessMainPhase(TestCaseExecutor.java:304)
	at com.kms.katalon.core.main.TestCaseExecutor.execute(TestCaseExecutor.java:238)
	at com.kms.katalon.core.main.TestSuiteExecutor.accessTestCaseMainPhase(TestSuiteExecutor.java:129)
	at com.kms.katalon.core.main.TestSuiteExecutor.accessTestSuiteMainPhase(TestSuiteExecutor.java:112)
	at com.kms.katalon.core.main.TestSuiteExecutor.execute(TestSuiteExecutor.java:81)
	at com.kms.katalon.core.main.TestCaseMain.startTestSuite(TestCaseMain.java:157)
	at com.kms.katalon.core.main.TestCaseMain$startTestSuite$0.call(Unknown Source)
	at TempTestSuite1566813941183.run(TempTestSuite1566813941183.groovy:35)]]></system-out>
         <system-err><![CDATA[2019-08-26 15:35:44 - [TEST_CASE][ERROR] - Test Cases/VirtualShow/VS_Automation: Test Cases/VirtualShow/VS_Automation FAILED.
Reason:
java.lang.NullPointerException
	at commonUtility.UtilityMethods.takeWebElementScreenshot(UtilityMethods.groovy:185)
	at commonUtility.UtilityMethods$takeWebElementScreenshot$3.call(Unknown Source)
	at VS_Automation.run(VS_Automation:312)
	at com.kms.katalon.core.main.ScriptEngine.run(ScriptEngine.java:194)
	at com.kms.katalon.core.main.ScriptEngine.runScriptAsRawText(ScriptEngine.java:119)
	at com.kms.katalon.core.main.TestCaseExecutor.runScript(TestCaseExecutor.java:342)
	at com.kms.katalon.core.main.TestCaseExecutor.doExecute(TestCaseExecutor.java:333)
	at com.kms.katalon.core.main.TestCaseExecutor.processExecutionPhase(TestCaseExecutor.java:312)
	at com.kms.katalon.core.main.TestCaseExecutor.accessMainPhase(TestCaseExecutor.java:304)
	at com.kms.katalon.core.main.TestCaseExecutor.execute(TestCaseExecutor.java:238)
	at com.kms.katalon.core.main.TestSuiteExecutor.accessTestCaseMainPhase(TestSuiteExecutor.java:129)
	at com.kms.katalon.core.main.TestSuiteExecutor.accessTestSuiteMainPhase(TestSuiteExecutor.java:112)
	at com.kms.katalon.core.main.TestSuiteExecutor.execute(TestSuiteExecutor.java:81)
	at com.kms.katalon.core.main.TestCaseMain.startTestSuite(TestCaseMain.java:157)
	at com.kms.katalon.core.main.TestCaseMain$startTestSuite$0.call(Unknown Source)
	at TempTestSuite1566813941183.run(TempTestSuite1566813941183.groovy:35)]]></system-err>
      </testcase>
      <system-out><![CDATA[2019-08-26 15:35:44 - [TEST_SUITE][ERROR] - DashboardSuite: Test Cases/VirtualShow/VS_Automation FAILED.
Reason:
java.lang.NullPointerException
	at commonUtility.UtilityMethods.takeWebElementScreenshot(UtilityMethods.groovy:185)
	at commonUtility.UtilityMethods$takeWebElementScreenshot$3.call(Unknown Source)
	at VS_Automation.run(VS_Automation:312)
	at com.kms.katalon.core.main.ScriptEngine.run(ScriptEngine.java:194)
	at com.kms.katalon.core.main.ScriptEngine.runScriptAsRawText(ScriptEngine.java:119)
	at com.kms.katalon.core.main.TestCaseExecutor.runScript(TestCaseExecutor.java:342)
	at com.kms.katalon.core.main.TestCaseExecutor.doExecute(TestCaseExecutor.java:333)
	at com.kms.katalon.core.main.TestCaseExecutor.processExecutionPhase(TestCaseExecutor.java:312)
	at com.kms.katalon.core.main.TestCaseExecutor.accessMainPhase(TestCaseExecutor.java:304)
	at com.kms.katalon.core.main.TestCaseExecutor.execute(TestCaseExecutor.java:238)
	at com.kms.katalon.core.main.TestSuiteExecutor.accessTestCaseMainPhase(TestSuiteExecutor.java:129)
	at com.kms.katalon.core.main.TestSuiteExecutor.accessTestSuiteMainPhase(TestSuiteExecutor.java:112)
	at com.kms.katalon.core.main.TestSuiteExecutor.execute(TestSuiteExecutor.java:81)
	at com.kms.katalon.core.main.TestCaseMain.startTestSuite(TestCaseMain.java:157)
	at com.kms.katalon.core.main.TestCaseMain$startTestSuite$0.call(Unknown Source)
	at TempTestSuite1566813941183.run(TempTestSuite1566813941183.groovy:35)]]></system-out>
      <system-err><![CDATA[2019-08-26 15:35:44 - [TEST_SUITE][ERROR] - DashboardSuite: Test Cases/VirtualShow/VS_Automation FAILED.
Reason:
java.lang.NullPointerException
	at commonUtility.UtilityMethods.takeWebElementScreenshot(UtilityMethods.groovy:185)
	at commonUtility.UtilityMethods$takeWebElementScreenshot$3.call(Unknown Source)
	at VS_Automation.run(VS_Automation:312)
	at com.kms.katalon.core.main.ScriptEngine.run(ScriptEngine.java:194)
	at com.kms.katalon.core.main.ScriptEngine.runScriptAsRawText(ScriptEngine.java:119)
	at com.kms.katalon.core.main.TestCaseExecutor.runScript(TestCaseExecutor.java:342)
	at com.kms.katalon.core.main.TestCaseExecutor.doExecute(TestCaseExecutor.java:333)
	at com.kms.katalon.core.main.TestCaseExecutor.processExecutionPhase(TestCaseExecutor.java:312)
	at com.kms.katalon.core.main.TestCaseExecutor.accessMainPhase(TestCaseExecutor.java:304)
	at com.kms.katalon.core.main.TestCaseExecutor.execute(TestCaseExecutor.java:238)
	at com.kms.katalon.core.main.TestSuiteExecutor.accessTestCaseMainPhase(TestSuiteExecutor.java:129)
	at com.kms.katalon.core.main.TestSuiteExecutor.accessTestSuiteMainPhase(TestSuiteExecutor.java:112)
	at com.kms.katalon.core.main.TestSuiteExecutor.execute(TestSuiteExecutor.java:81)
	at com.kms.katalon.core.main.TestCaseMain.startTestSuite(TestCaseMain.java:157)
	at com.kms.katalon.core.main.TestCaseMain$startTestSuite$0.call(Unknown Source)
	at TempTestSuite1566813941183.run(TempTestSuite1566813941183.groovy:35)]]></system-err>
   </testsuite>
</testsuites>
