<?xml version="1.0" encoding="UTF-8"?>
<testsuites name="MicrositeTestSuite" time="386" tests="2" failures="0" errors="0">
   <testsuite name="MicrositeTestSuite" tests="2" failures="0" errors="0" time="386" timestamp="2019-06-11 14:32:00" hostname="user - 10.0.102.159" id="Test Suites/VirtualShowRSVPSuites/MicrositeTestSuite">
      <properties>
         <property name="deviceName" value=""/>
         <property name="devicePlatform" value=""/>
         <property name="logFolder" value="C:\\Users\\user\\Documents\\testautomation\\NewArrivals\\Reports\\VirtualShowRSVPSuites\\MicrositeTestSuite\\20190611_143155"/>
         <property name="logFiles" value="C:\\Users\\user\\Documents\\testautomation\\NewArrivals\\Reports\\VirtualShowRSVPSuites\\MicrositeTestSuite\\20190611_143155\\execution0.log"/>
         <property name="attachments" value=""/>
         <property name="hostName" value="user - 10.0.102.159"/>
         <property name="os" value="Windows 8.1 64bit"/>
         <property name="katalonVersion" value="6.1.1.1"/>
         <property name="browser" value="Chrome 74.0.3729.169"/>
         <property name="hostAddress" value="10.0.102.159"/>
         <property name="sessionId" value="a8e5184a2e30f2874c3f062ce257451c"/>
         <property name="seleniumVersion" value="3.7.1"/>
         <property name="proxyInformation" value="ProxyInformation{proxyOption=NO_PROXY, proxyServerType=HTTP, password=, proxyServerAddress=, proxyServerPort=0}"/>
         <property name="platform" value="Windows 8.1"/>
      </properties>
      <testcase name="Test Cases/virtualShowRSVP/createShow" classname="Test Cases/virtualShowRSVP/createShow" status="PASSED">
         <system-out><![CDATA[2019-06-11 14:32:00 - [TEST_CASE][PASSED] - Test Cases/virtualShowRSVP/createShow: Test Cases/virtualShowRSVP/createShow

2019-06-11 14:32:00 - [TEST_STEP][PASSED] - Start listener action : sampleBeforeTestCase: null

2019-06-11 14:32:00 - [TEST_STEP][PASSED] - println(testCaseContext.getTestCaseId()): null

2019-06-11 14:32:00 - [TEST_STEP][PASSED] - println(testCaseContext.getTestCaseVariables()): null

2019-06-11 14:32:01 - [TEST_STEP][PASSED] - openBrowser(""): Browser is opened with url: ''

2019-06-11 14:32:02 - [MESSAGE][INFO] - Starting 'Chrome' driver

2019-06-11 14:32:02 - [MESSAGE][INFO] - Action delay is set to 0 seconds

2019-06-11 14:32:05 - [MESSAGE][PASSED] - Browser is opened with url: ''

2019-06-11 14:32:05 - [TEST_STEP][PASSED] - maximizeWindow(): Current window maximized

2019-06-11 14:32:07 - [MESSAGE][PASSED] - Current window maximized

2019-06-11 14:32:07 - [TEST_STEP][PASSED] - navigateToUrl(testEnvt): Navigate to 'https://test19.cliotest.com/backoffice/control/main' successfully

2019-06-11 14:32:14 - [MESSAGE][PASSED] - Navigate to 'https://test19.cliotest.com/backoffice/control/main' successfully

2019-06-11 14:32:14 - [TEST_STEP][PASSED] - setText(findTestObject("Object Repository/virualShowRSVPOR/Page_cabi/input_username"), username): Text '400000002' is set on object 'Object Repository/virualShowRSVPOR/Page_cabi/input_username'

2019-06-11 14:32:15 - [MESSAGE][PASSED] - Text '400000002' is set on object 'Object Repository/virualShowRSVPOR/Page_cabi/input_username'

2019-06-11 14:32:15 - [TEST_STEP][PASSED] - setText(findTestObject("Object Repository/virualShowRSVPOR/Page_cabi/input_password"), password): Text 'blackdress19' is set on object 'Object Repository/virualShowRSVPOR/Page_cabi/input_password'

2019-06-11 14:32:15 - [MESSAGE][PASSED] - Text 'blackdress19' is set on object 'Object Repository/virualShowRSVPOR/Page_cabi/input_password'

2019-06-11 14:32:15 - [TEST_STEP][PASSED] - click(findTestObject("Object Repository/virualShowRSVPOR/Page_cabi/input_consultantLogin")): Object: 'Object Repository/virualShowRSVPOR/Page_cabi/input_consultantLogin' is clicked on

2019-06-11 14:32:25 - [MESSAGE][PASSED] - Object: 'Object Repository/virualShowRSVPOR/Page_cabi/input_consultantLogin' is clicked on

2019-06-11 14:32:25 - [TEST_STEP][PASSED] - delay(10): Delayed 10 second(s)

2019-06-11 14:32:35 - [MESSAGE][PASSED] - Delayed 10 second(s)

2019-06-11 14:32:35 - [TEST_STEP][PASSED] - verifyElementText(findTestObject("Object Repository/virualShowRSVPOR/Page_cabi/span_username"), stylist): Actual text and expected text of test object 'Object Repository/virualShowRSVPOR/Page_cabi/span_username' are matched.

2019-06-11 14:32:35 - [MESSAGE][PASSED] - Actual text and expected text of test object 'Object Repository/virualShowRSVPOR/Page_cabi/span_username' are matched.

2019-06-11 14:32:35 - [TEST_STEP][PASSED] - rightClick(findTestObject("Object Repository/virualShowRSVPOR/Page_cabi Home/a_shows _orders")): Object: 'Object Repository/virualShowRSVPOR/Page_cabi Home/a_shows _orders' is right clicked on

2019-06-11 14:32:35 - [MESSAGE][PASSED] - Object: 'Object Repository/virualShowRSVPOR/Page_cabi Home/a_shows _orders' is right clicked on

2019-06-11 14:32:35 - [TEST_STEP][PASSED] - click(findTestObject("Object Repository/virualShowRSVPOR/Page_cabi Home/a_Create_A_Show")): Object: 'Object Repository/virualShowRSVPOR/Page_cabi Home/a_Create_A_Show' is clicked on

2019-06-11 14:32:39 - [MESSAGE][PASSED] - Object: 'Object Repository/virualShowRSVPOR/Page_cabi Home/a_Create_A_Show' is clicked on

2019-06-11 14:32:39 - [TEST_STEP][PASSED] - setText(findTestObject("Object Repository/virualShowRSVPOR/Page_cabi Create Show - Set Hostess/input_Hostess"), hostess): Text 'neohost1 abc' is set on object 'Object Repository/virualShowRSVPOR/Page_cabi Create Show - Set Hostess/input_Hostess'

2019-06-11 14:32:40 - [MESSAGE][PASSED] - Text 'neohost1 abc' is set on object 'Object Repository/virualShowRSVPOR/Page_cabi Create Show - Set Hostess/input_Hostess'

2019-06-11 14:32:40 - [TEST_STEP][PASSED] - rightClick(findTestObject("Object Repository/virualShowRSVPOR/Page_cabi Create Show - Set Hostess/input_Hostess")): Object: 'Object Repository/virualShowRSVPOR/Page_cabi Create Show - Set Hostess/input_Hostess' is right clicked on

2019-06-11 14:32:40 - [MESSAGE][PASSED] - Object: 'Object Repository/virualShowRSVPOR/Page_cabi Create Show - Set Hostess/input_Hostess' is right clicked on

2019-06-11 14:32:40 - [TEST_STEP][PASSED] - click(findTestObject("Object Repository/virualShowRSVPOR/Page_cabi Create Show - Set Hostess/a_select_hostess")): Object: 'Object Repository/virualShowRSVPOR/Page_cabi Create Show - Set Hostess/a_select_hostess' is clicked on

2019-06-11 14:32:41 - [MESSAGE][PASSED] - Object: 'Object Repository/virualShowRSVPOR/Page_cabi Create Show - Set Hostess/a_select_hostess' is clicked on

2019-06-11 14:32:41 - [TEST_STEP][PASSED] - setText(findTestObject("Object Repository/virualShowRSVPOR/Page_cabi Create Show - Set Hostess/input_Hostess_Txt"), hostess): Text 'neohost1 abc' is set on object 'Object Repository/virualShowRSVPOR/Page_cabi Create Show - Set Hostess/input_Hostess_Txt'

2019-06-11 14:32:41 - [MESSAGE][PASSED] - Text 'neohost1 abc' is set on object 'Object Repository/virualShowRSVPOR/Page_cabi Create Show - Set Hostess/input_Hostess_Txt'

2019-06-11 14:32:41 - [TEST_STEP][PASSED] - delay(3): Delayed 3 second(s)

2019-06-11 14:32:44 - [MESSAGE][PASSED] - Delayed 3 second(s)

2019-06-11 14:32:44 - [TEST_STEP][PASSED] - validateHostessAddressMsg = findWebElements(findTestObject("Object Repository/virualShowRSVPOR/Page_cabi Create Show - Set Hostess/validate_address_msg"), 5): null

2019-06-11 14:32:44 - [TEST_STEP][PASSED] - println(validateHostessAddressMsg.size()): null

2019-06-11 14:32:44 - [TEST_STEP][PASSED] - if (validateHostessAddressMsg.isEmpty()): null

2019-06-11 14:32:44 - [TEST_STEP][PASSED] - selectOptionByValue(findTestObject("Object Repository/virualShowRSVPOR/Page_cabi Create Show - Set Hostess/select_Choose_From_Contacts_Co-Hostess"), "3", true): All options with value '3' are selected in object 'Object Repository/virualShowRSVPOR/Page_cabi Create Show - Set Hostess/select_Choose_From_Contacts_Co-Hostess'  using regular expression

2019-06-11 14:32:45 - [MESSAGE][PASSED] - All options with value '3' are selected in object 'Object Repository/virualShowRSVPOR/Page_cabi Create Show - Set Hostess/select_Choose_From_Contacts_Co-Hostess'  using regular expression

2019-06-11 14:32:45 - [TEST_STEP][PASSED] - setText(findTestObject("Object Repository/virualShowRSVPOR/Page_cabi Create Show - Set Hostess/input_Cohostess"), cohostess): Text 'neocohost1 abc' is set on object 'Object Repository/virualShowRSVPOR/Page_cabi Create Show - Set Hostess/input_Cohostess'

2019-06-11 14:32:45 - [MESSAGE][PASSED] - Text 'neocohost1 abc' is set on object 'Object Repository/virualShowRSVPOR/Page_cabi Create Show - Set Hostess/input_Cohostess'

2019-06-11 14:32:45 - [TEST_STEP][PASSED] - rightClick(findTestObject("Object Repository/virualShowRSVPOR/Page_cabi Create Show - Set Hostess/input_Cohostess")): Object: 'Object Repository/virualShowRSVPOR/Page_cabi Create Show - Set Hostess/input_Cohostess' is right clicked on

2019-06-11 14:32:45 - [MESSAGE][PASSED] - Object: 'Object Repository/virualShowRSVPOR/Page_cabi Create Show - Set Hostess/input_Cohostess' is right clicked on

2019-06-11 14:32:45 - [TEST_STEP][PASSED] - rightClick(findTestObject("Object Repository/virualShowRSVPOR/Page_cabi Create Show - Set Hostess/input_Cohostess")): Object: 'Object Repository/virualShowRSVPOR/Page_cabi Create Show - Set Hostess/input_Cohostess' is right clicked on

2019-06-11 14:32:45 - [MESSAGE][PASSED] - Object: 'Object Repository/virualShowRSVPOR/Page_cabi Create Show - Set Hostess/input_Cohostess' is right clicked on

2019-06-11 14:32:45 - [TEST_STEP][PASSED] - click(findTestObject("Object Repository/virualShowRSVPOR/Page_cabi Create Show - Set Hostess/a_select_cohostess")): Object: 'Object Repository/virualShowRSVPOR/Page_cabi Create Show - Set Hostess/a_select_cohostess' is clicked on

2019-06-11 14:32:46 - [MESSAGE][PASSED] - Object: 'Object Repository/virualShowRSVPOR/Page_cabi Create Show - Set Hostess/a_select_cohostess' is clicked on

2019-06-11 14:32:46 - [TEST_STEP][PASSED] - setText(findTestObject("Object Repository/virualShowRSVPOR/Page_cabi Create Show - Set Hostess/input_Cohostess"), cohostess): Text 'neocohost1 abc' is set on object 'Object Repository/virualShowRSVPOR/Page_cabi Create Show - Set Hostess/input_Cohostess'

2019-06-11 14:32:46 - [MESSAGE][PASSED] - Text 'neocohost1 abc' is set on object 'Object Repository/virualShowRSVPOR/Page_cabi Create Show - Set Hostess/input_Cohostess'

2019-06-11 14:32:46 - [TEST_STEP][PASSED] - delay(3): Delayed 3 second(s)

2019-06-11 14:32:49 - [MESSAGE][PASSED] - Delayed 3 second(s)

2019-06-11 14:32:49 - [TEST_STEP][PASSED] - validateHostessAddressMsg = findWebElements(findTestObject("Object Repository/virualShowRSVPOR/Page_cabi Create Show - Set Hostess/validate_address_msg"), 5): null

2019-06-11 14:32:50 - [TEST_STEP][PASSED] - if (validateHostessAddressMsg.size() != 4): null

2019-06-11 14:32:50 - [TEST_STEP][PASSED] - click(findTestObject("Object Repository/virualShowRSVPOR/Page_cabi Create Show - Set Hostess/input_next")): Object: 'Object Repository/virualShowRSVPOR/Page_cabi Create Show - Set Hostess/input_next' is clicked on

2019-06-11 14:32:52 - [MESSAGE][PASSED] - Object: 'Object Repository/virualShowRSVPOR/Page_cabi Create Show - Set Hostess/input_next' is clicked on

2019-06-11 14:32:52 - [TEST_STEP][PASSED] - delay(5): Delayed 5 second(s)

2019-06-11 14:32:57 - [MESSAGE][PASSED] - Delayed 5 second(s)

2019-06-11 14:32:57 - [TEST_STEP][PASSED] - click(findTestObject("Object Repository/virualShowRSVPOR/Page_cabi Create Show - Time and Place/check_Virtual_Show")): Object: 'Object Repository/virualShowRSVPOR/Page_cabi Create Show - Time and Place/check_Virtual_Show' is clicked on

2019-06-11 14:32:57 - [MESSAGE][PASSED] - Object: 'Object Repository/virualShowRSVPOR/Page_cabi Create Show - Time and Place/check_Virtual_Show' is clicked on

2019-06-11 14:32:57 - [TEST_STEP][PASSED] - rightClick(findTestObject("Object Repository/virualShowRSVPOR/Page_cabi Create Show - Time and Place/input_Show_Date_Time")): Object: 'Object Repository/virualShowRSVPOR/Page_cabi Create Show - Time and Place/input_Show_Date_Time' is right clicked on

2019-06-11 14:32:57 - [MESSAGE][PASSED] - Object: 'Object Repository/virualShowRSVPOR/Page_cabi Create Show - Time and Place/input_Show_Date_Time' is right clicked on

2019-06-11 14:32:57 - [TEST_STEP][PASSED] - year = findTestData("virtualShowData").getValue("vsyear", 1): null

2019-06-11 14:32:58 - [TEST_STEP][PASSED] - month = findTestData("virtualShowData").getValue("vsmonth", 1): null

2019-06-11 14:32:59 - [TEST_STEP][PASSED] - day = findTestData("virtualShowData").getValue("vsday", 1): null

2019-06-11 14:32:59 - [TEST_STEP][PASSED] - xpath = UtilityMethods.concat("//td[@data-month='" + month - 1 + "' and @data-year='" + year + "']/a[contains(text(), '" + day + "')]"): null

2019-06-11 14:32:59 - [TEST_STEP][PASSED] - dateObj = new com.kms.katalon.core.testobject.TestObject(td_month_year_day): null

2019-06-11 14:32:59 - [TEST_STEP][PASSED] - dateObj.addProperty("xpath", EQUALS, xpath): null

2019-06-11 14:32:59 - [TEST_STEP][PASSED] - monthBound = 12: null

2019-06-11 14:32:59 - [TEST_STEP][PASSED] - dateObjList = findWebElements(dateObj, 5): Unable to find the element located by 'By.xpath: //td[@data-month='6' and @data-year='2019']/a[contains(text(), '15')]'. Please recheck the objects properties to make sure the desired element is located. 

2019-06-11 14:33:04 - [MESSAGE][INFO] - Unable to find the element located by 'By.xpath: //td[@data-month='6' and @data-year='2019']/a[contains(text(), '15')]'. Please recheck the objects properties to make sure the desired element is located. 

2019-06-11 14:33:04 - [TEST_STEP][PASSED] - while (dateObjList.size() == 0 && monthBound > 0): null

2019-06-11 14:33:04 - [TEST_STEP][PASSED] - click(findTestObject("Object Repository/virualShowRSVPOR/Page_cabi Edit Show - Add Guests/a_next_month")): Object: 'Object Repository/virualShowRSVPOR/Page_cabi Edit Show - Add Guests/a_next_month' is clicked on

2019-06-11 14:33:04 - [MESSAGE][PASSED] - Object: 'Object Repository/virualShowRSVPOR/Page_cabi Edit Show - Add Guests/a_next_month' is clicked on

2019-06-11 14:33:04 - [TEST_STEP][PASSED] - delay(3): Delayed 3 second(s)

2019-06-11 14:33:07 - [MESSAGE][PASSED] - Delayed 3 second(s)

2019-06-11 14:33:07 - [TEST_STEP][PASSED] - dateObjList = findWebElements(dateObj, 5): null

2019-06-11 14:33:07 - [TEST_STEP][PASSED] - (monthBound--): null

2019-06-11 14:33:07 - [TEST_STEP][PASSED] - println(dateObjList): null

2019-06-11 14:33:07 - [TEST_STEP][PASSED] - click(dateObj): Object: 'td_month_year_day' is clicked on

2019-06-11 14:33:07 - [MESSAGE][PASSED] - Object: 'td_month_year_day' is clicked on

2019-06-11 14:33:07 - [TEST_STEP][PASSED] - click(findTestObject("Object Repository/virualShowRSVPOR/Page_cabi Create Show - Time and Place/a_select_End_Time")): Object: 'Object Repository/virualShowRSVPOR/Page_cabi Create Show - Time and Place/a_select_End_Time' is clicked on

2019-06-11 14:33:07 - [MESSAGE][PASSED] - Object: 'Object Repository/virualShowRSVPOR/Page_cabi Create Show - Time and Place/a_select_End_Time' is clicked on

2019-06-11 14:33:07 - [TEST_STEP][PASSED] - click(findTestObject("Object Repository/virualShowRSVPOR/Page_cabi Create Show - Time and Place/input_next")): Object: 'Object Repository/virualShowRSVPOR/Page_cabi Create Show - Time and Place/input_next' is clicked on

2019-06-11 14:33:08 - [MESSAGE][PASSED] - Object: 'Object Repository/virualShowRSVPOR/Page_cabi Create Show - Time and Place/input_next' is clicked on

2019-06-11 14:33:08 - [TEST_STEP][PASSED] - delay(5): Delayed 5 second(s)

2019-06-11 14:33:13 - [MESSAGE][PASSED] - Delayed 5 second(s)

2019-06-11 14:33:13 - [TEST_STEP][PASSED] - click(findTestObject("Object Repository/virualShowRSVPOR/Page_cabi Create Show - Invite Hostess/input_Skip_Invite")): Object: 'Object Repository/virualShowRSVPOR/Page_cabi Create Show - Invite Hostess/input_Skip_Invite' is clicked on

2019-06-11 14:33:16 - [MESSAGE][PASSED] - Object: 'Object Repository/virualShowRSVPOR/Page_cabi Create Show - Invite Hostess/input_Skip_Invite' is clicked on

2019-06-11 14:33:16 - [TEST_STEP][PASSED] - rightClick(findTestObject("Object Repository/virualShowRSVPOR/Page_cabi Edit Show - Add Guests/contact_search_box")): Object: 'Object Repository/virualShowRSVPOR/Page_cabi Edit Show - Add Guests/contact_search_box' is right clicked on

2019-06-11 14:33:16 - [MESSAGE][PASSED] - Object: 'Object Repository/virualShowRSVPOR/Page_cabi Edit Show - Add Guests/contact_search_box' is right clicked on

2019-06-11 14:33:16 - [TEST_STEP][PASSED] - setText(findTestObject("Object Repository/virualShowRSVPOR/Page_cabi Edit Show - Add Guests/contact_search_box"), guest1): Text 'neoguest1 abc' is set on object 'Object Repository/virualShowRSVPOR/Page_cabi Edit Show - Add Guests/contact_search_box'

2019-06-11 14:33:17 - [MESSAGE][PASSED] - Text 'neoguest1 abc' is set on object 'Object Repository/virualShowRSVPOR/Page_cabi Edit Show - Add Guests/contact_search_box'

2019-06-11 14:33:17 - [TEST_STEP][PASSED] - click(findTestObject("Object Repository/virualShowRSVPOR/Page_cabi Edit Show - Add Guests/plus_add_guest")): Object: 'Object Repository/virualShowRSVPOR/Page_cabi Edit Show - Add Guests/plus_add_guest' is clicked on

2019-06-11 14:33:17 - [MESSAGE][PASSED] - Object: 'Object Repository/virualShowRSVPOR/Page_cabi Edit Show - Add Guests/plus_add_guest' is clicked on

2019-06-11 14:33:17 - [TEST_STEP][PASSED] - rightClick(findTestObject("Object Repository/virualShowRSVPOR/Page_cabi Edit Show - Add Guests/plus_add_guest")): Object: 'Object Repository/virualShowRSVPOR/Page_cabi Edit Show - Add Guests/plus_add_guest' is right clicked on

2019-06-11 14:33:17 - [MESSAGE][PASSED] - Object: 'Object Repository/virualShowRSVPOR/Page_cabi Edit Show - Add Guests/plus_add_guest' is right clicked on

2019-06-11 14:33:17 - [TEST_STEP][PASSED] - rightClick(findTestObject("Object Repository/virualShowRSVPOR/Page_cabi Edit Show - Add Guests/plus_add_guest")): Object: 'Object Repository/virualShowRSVPOR/Page_cabi Edit Show - Add Guests/plus_add_guest' is right clicked on

2019-06-11 14:33:17 - [MESSAGE][PASSED] - Object: 'Object Repository/virualShowRSVPOR/Page_cabi Edit Show - Add Guests/plus_add_guest' is right clicked on

2019-06-11 14:33:17 - [TEST_STEP][PASSED] - click(findTestObject("Object Repository/virualShowRSVPOR/Page_cabi Edit Show - Add Guests/plus_add_guest")): Object: 'Object Repository/virualShowRSVPOR/Page_cabi Edit Show - Add Guests/plus_add_guest' is clicked on

2019-06-11 14:33:17 - [MESSAGE][PASSED] - Object: 'Object Repository/virualShowRSVPOR/Page_cabi Edit Show - Add Guests/plus_add_guest' is clicked on

2019-06-11 14:33:17 - [TEST_STEP][PASSED] - delay(5): Delayed 5 second(s)

2019-06-11 14:33:22 - [MESSAGE][PASSED] - Delayed 5 second(s)

2019-06-11 14:33:22 - [TEST_STEP][PASSED] - click(findTestObject("Object Repository/virualShowRSVPOR/Page_cabi Edit Show - Add Guests/i_span_add_guest")): Object: 'Object Repository/virualShowRSVPOR/Page_cabi Edit Show - Add Guests/i_span_add_guest' is clicked on

2019-06-11 14:33:22 - [MESSAGE][PASSED] - Object: 'Object Repository/virualShowRSVPOR/Page_cabi Edit Show - Add Guests/i_span_add_guest' is clicked on

2019-06-11 14:33:22 - [TEST_STEP][PASSED] - rightClick(findTestObject("Object Repository/virualShowRSVPOR/Page_cabi Edit Show - Add Guests/contact_search_box")): Object: 'Object Repository/virualShowRSVPOR/Page_cabi Edit Show - Add Guests/contact_search_box' is right clicked on

2019-06-11 14:33:23 - [MESSAGE][PASSED] - Object: 'Object Repository/virualShowRSVPOR/Page_cabi Edit Show - Add Guests/contact_search_box' is right clicked on

2019-06-11 14:33:23 - [TEST_STEP][PASSED] - setText(findTestObject("Object Repository/virualShowRSVPOR/Page_cabi Edit Show - Add Guests/contact_search_box"), guest2): Text 'michigan contact' is set on object 'Object Repository/virualShowRSVPOR/Page_cabi Edit Show - Add Guests/contact_search_box'

2019-06-11 14:33:23 - [MESSAGE][PASSED] - Text 'michigan contact' is set on object 'Object Repository/virualShowRSVPOR/Page_cabi Edit Show - Add Guests/contact_search_box'

2019-06-11 14:33:23 - [TEST_STEP][PASSED] - rightClick(findTestObject("Object Repository/virualShowRSVPOR/Page_cabi Edit Show - Add Guests/contact_search_box")): Object: 'Object Repository/virualShowRSVPOR/Page_cabi Edit Show - Add Guests/contact_search_box' is right clicked on

2019-06-11 14:33:23 - [MESSAGE][PASSED] - Object: 'Object Repository/virualShowRSVPOR/Page_cabi Edit Show - Add Guests/contact_search_box' is right clicked on

2019-06-11 14:33:23 - [TEST_STEP][PASSED] - click(findTestObject("Object Repository/virualShowRSVPOR/Page_cabi Edit Show - Add Guests/plus_add_guest")): Object: 'Object Repository/virualShowRSVPOR/Page_cabi Edit Show - Add Guests/plus_add_guest' is clicked on

2019-06-11 14:33:23 - [MESSAGE][PASSED] - Object: 'Object Repository/virualShowRSVPOR/Page_cabi Edit Show - Add Guests/plus_add_guest' is clicked on

2019-06-11 14:33:23 - [TEST_STEP][PASSED] - rightClick(findTestObject("Object Repository/virualShowRSVPOR/Page_cabi Edit Show - Add Guests/plus_add_guest")): Object: 'Object Repository/virualShowRSVPOR/Page_cabi Edit Show - Add Guests/plus_add_guest' is right clicked on

2019-06-11 14:33:23 - [MESSAGE][PASSED] - Object: 'Object Repository/virualShowRSVPOR/Page_cabi Edit Show - Add Guests/plus_add_guest' is right clicked on

2019-06-11 14:33:23 - [TEST_STEP][PASSED] - rightClick(findTestObject("Object Repository/virualShowRSVPOR/Page_cabi Edit Show - Add Guests/plus_add_guest")): Object: 'Object Repository/virualShowRSVPOR/Page_cabi Edit Show - Add Guests/plus_add_guest' is right clicked on

2019-06-11 14:33:23 - [MESSAGE][PASSED] - Object: 'Object Repository/virualShowRSVPOR/Page_cabi Edit Show - Add Guests/plus_add_guest' is right clicked on

2019-06-11 14:33:23 - [TEST_STEP][PASSED] - click(findTestObject("Object Repository/virualShowRSVPOR/Page_cabi Edit Show - Add Guests/plus_add_guest")): Object: 'Object Repository/virualShowRSVPOR/Page_cabi Edit Show - Add Guests/plus_add_guest' is clicked on

2019-06-11 14:33:23 - [MESSAGE][PASSED] - Object: 'Object Repository/virualShowRSVPOR/Page_cabi Edit Show - Add Guests/plus_add_guest' is clicked on

2019-06-11 14:33:23 - [TEST_STEP][PASSED] - delay(5): Delayed 5 second(s)

2019-06-11 14:33:28 - [MESSAGE][PASSED] - Delayed 5 second(s)

2019-06-11 14:33:28 - [TEST_STEP][PASSED] - click(findTestObject("Object Repository/virualShowRSVPOR/Page_cabi Edit Show - Add Guests/i_span_add_guest")): Object: 'Object Repository/virualShowRSVPOR/Page_cabi Edit Show - Add Guests/i_span_add_guest' is clicked on

2019-06-11 14:33:29 - [MESSAGE][PASSED] - Object: 'Object Repository/virualShowRSVPOR/Page_cabi Edit Show - Add Guests/i_span_add_guest' is clicked on

2019-06-11 14:33:29 - [TEST_STEP][PASSED] - delay(5): Delayed 5 second(s)

2019-06-11 14:33:34 - [MESSAGE][PASSED] - Delayed 5 second(s)

2019-06-11 14:33:34 - [TEST_STEP][PASSED] - verifyElementText(findTestObject("Object Repository/virualShowRSVPOR/Page_cabi Edit Show - Add Guests/span_hostess_name"), verifyHostess): Actual text and expected text of test object 'Object Repository/virualShowRSVPOR/Page_cabi Edit Show - Add Guests/span_hostess_name' are matched.

2019-06-11 14:33:34 - [MESSAGE][PASSED] - Actual text and expected text of test object 'Object Repository/virualShowRSVPOR/Page_cabi Edit Show - Add Guests/span_hostess_name' are matched.

2019-06-11 14:33:34 - [TEST_STEP][PASSED] - verifyElementText(findTestObject("Object Repository/virualShowRSVPOR/Page_cabi Edit Show - Add Guests/span_cohostess_name"), verifyCoHostess): Actual text and expected text of test object 'Object Repository/virualShowRSVPOR/Page_cabi Edit Show - Add Guests/span_cohostess_name' are matched.

2019-06-11 14:33:34 - [MESSAGE][PASSED] - Actual text and expected text of test object 'Object Repository/virualShowRSVPOR/Page_cabi Edit Show - Add Guests/span_cohostess_name' are matched.

2019-06-11 14:33:34 - [TEST_STEP][PASSED] - listElement = findWebElements(findTestObject("Object Repository/virualShowRSVPOR/Page_cabi Edit Show - Add Guests/span_guest_name_list"), 5): null

2019-06-11 14:33:34 - [TEST_STEP][PASSED] - guestCount = Integer.parseInt(verifyGuestCount): null

2019-06-11 14:33:34 - [TEST_STEP][PASSED] - assert listElement.size() == guestCount: null

2019-06-11 14:33:34 - [TEST_STEP][PASSED] - flag = false: null

2019-06-11 14:33:34 - [TEST_STEP][PASSED] - for ([i = 0, i < guestCount, (i++)]): null

2019-06-11 14:33:34 - [TEST_STEP][PASSED] - flag = false: null

2019-06-11 14:33:34 - [TEST_STEP][PASSED] - if (getText().equals(verifyGuest1)): null

2019-06-11 14:33:34 - [TEST_STEP][PASSED] - if (getText().equals(verifyGuest2)): null

2019-06-11 14:33:34 - [TEST_STEP][PASSED] - flag = true: null

2019-06-11 14:33:34 - [TEST_STEP][PASSED] - flag = false: null

2019-06-11 14:33:34 - [TEST_STEP][PASSED] - if (getText().equals(verifyGuest1)): null

2019-06-11 14:33:34 - [TEST_STEP][PASSED] - flag = true: null

2019-06-11 14:33:34 - [TEST_STEP][PASSED] - if (getText().equals(verifyGuest2)): null

2019-06-11 14:33:34 - [TEST_STEP][PASSED] - assert flag == true: null

2019-06-11 14:33:34 - [TEST_STEP][PASSED] - click(findTestObject("Object Repository/virualShowRSVPOR/Page_cabi Edit Show - Add Guests/input_Next")): Object: 'Object Repository/virualShowRSVPOR/Page_cabi Edit Show - Add Guests/input_Next' is clicked on

2019-06-11 14:33:38 - [MESSAGE][PASSED] - Object: 'Object Repository/virualShowRSVPOR/Page_cabi Edit Show - Add Guests/input_Next' is clicked on

2019-06-11 14:33:38 - [TEST_STEP][PASSED] - delay(5): Delayed 5 second(s)

2019-06-11 14:33:43 - [MESSAGE][PASSED] - Delayed 5 second(s)

2019-06-11 14:33:43 - [TEST_STEP][PASSED] - click(findTestObject("Object Repository/virualShowRSVPOR/Page_cabi Edit Show - Send Invitations/input_Overview")): Object: 'Object Repository/virualShowRSVPOR/Page_cabi Edit Show - Send Invitations/input_Overview' is clicked on

2019-06-11 14:33:46 - [MESSAGE][PASSED] - Object: 'Object Repository/virualShowRSVPOR/Page_cabi Edit Show - Send Invitations/input_Overview' is clicked on

2019-06-11 14:33:46 - [TEST_STEP][PASSED] - showID = getText(findTestObject("Object Repository/virualShowRSVPOR/Page_cabi Orders/li_Show_ID_Text")): Text of object 'Object Repository/virualShowRSVPOR/Page_cabi Orders/li_Show_ID_Text' is: 'Show #: 104596062'

2019-06-11 14:33:46 - [MESSAGE][PASSED] - Text of object 'Object Repository/virualShowRSVPOR/Page_cabi Orders/li_Show_ID_Text' is: 'Show #: 104596062'

2019-06-11 14:33:46 - [TEST_STEP][PASSED] - rightClick(findTestObject("Object Repository/virualShowRSVPOR/Page_cabi Orders/a_Account")): Object: 'Object Repository/virualShowRSVPOR/Page_cabi Orders/a_Account' is right clicked on

2019-06-11 14:33:46 - [MESSAGE][PASSED] - Object: 'Object Repository/virualShowRSVPOR/Page_cabi Orders/a_Account' is right clicked on

2019-06-11 14:33:46 - [TEST_STEP][PASSED] - click(findTestObject("Object Repository/virualShowRSVPOR/Page_cabi Orders/a_My Profile")): Object: 'Object Repository/virualShowRSVPOR/Page_cabi Orders/a_My Profile' is clicked on

2019-06-11 14:33:48 - [MESSAGE][PASSED] - Object: 'Object Repository/virualShowRSVPOR/Page_cabi Orders/a_My Profile' is clicked on

2019-06-11 14:33:48 - [TEST_STEP][PASSED] - rsName = getText(findTestObject("Object Repository/virualShowRSVPOR/Page_cabi My Profile/span_rsName")): Text of object 'Object Repository/virualShowRSVPOR/Page_cabi My Profile/span_rsName' is: 'MirandaKate'

2019-06-11 14:33:48 - [MESSAGE][PASSED] - Text of object 'Object Repository/virualShowRSVPOR/Page_cabi My Profile/span_rsName' is: 'MirandaKate'

2019-06-11 14:33:48 - [TEST_STEP][PASSED] - cabitTestEnvt = cabiTestEnvt: null

2019-06-11 14:33:48 - [TEST_STEP][PASSED] - micrositeURL = UtilityMethods.createURL(rsName, cabitTestEnvt, showID): null

2019-06-11 14:33:48 - [TEST_STEP][PASSED] - println(micrositeURL): null

2019-06-11 14:33:48 - [TEST_STEP][PASSED] - closeBrowser(): Browser is closed

2019-06-11 14:33:49 - [MESSAGE][PASSED] - Browser is closed]]></system-out>
         <system-err><![CDATA[]]></system-err>
      </testcase>
      <testcase name="Test Cases/virtualShowRSVP/micrositeRSVPValidUser" classname="Test Cases/virtualShowRSVP/micrositeRSVPValidUser" status="PASSED">
         <system-out><![CDATA[2019-06-11 14:33:49 - [TEST_CASE][PASSED] - Test Cases/virtualShowRSVP/micrositeRSVPValidUser: Test Cases/virtualShowRSVP/micrositeRSVPValidUser

2019-06-11 14:33:49 - [TEST_STEP][PASSED] - Start listener action : sampleBeforeTestCase: null

2019-06-11 14:33:49 - [TEST_STEP][PASSED] - println(testCaseContext.getTestCaseId()): null

2019-06-11 14:33:49 - [TEST_STEP][PASSED] - println(testCaseContext.getTestCaseVariables()): null

2019-06-11 14:33:50 - [TEST_STEP][PASSED] - openBrowser(""): Browser is opened with url: ''

2019-06-11 14:33:50 - [MESSAGE][INFO] - Starting 'Chrome' driver

2019-06-11 14:33:52 - [MESSAGE][PASSED] - Browser is opened with url: ''

2019-06-11 14:33:52 - [TEST_STEP][PASSED] - maximizeWindow(): Current window maximized

2019-06-11 14:33:53 - [MESSAGE][PASSED] - Current window maximized

2019-06-11 14:33:53 - [TEST_STEP][PASSED] - navigateToUrl(ofbizURL): Navigate to 'https://pushofbiz.cliotest.com/login.php' successfully

2019-06-11 14:33:55 - [MESSAGE][PASSED] - Navigate to 'https://pushofbiz.cliotest.com/login.php' successfully

2019-06-11 14:33:55 - [TEST_STEP][PASSED] - setText(findTestObject("Object Repository/virualShowRSVPOR/Page_/input_Username_username"), ofbizUser): Text 'sshinde' is set on object 'Object Repository/virualShowRSVPOR/Page_/input_Username_username'

2019-06-11 14:33:55 - [MESSAGE][PASSED] - Text 'sshinde' is set on object 'Object Repository/virualShowRSVPOR/Page_/input_Username_username'

2019-06-11 14:33:55 - [TEST_STEP][PASSED] - setText(findTestObject("Object Repository/virualShowRSVPOR/Page_/input_Password_password"), ofbizPass): Text 'C@bi$ush5' is set on object 'Object Repository/virualShowRSVPOR/Page_/input_Password_password'

2019-06-11 14:33:55 - [MESSAGE][PASSED] - Text 'C@bi$ush5' is set on object 'Object Repository/virualShowRSVPOR/Page_/input_Password_password'

2019-06-11 14:33:55 - [TEST_STEP][PASSED] - click(findTestObject("Object Repository/virualShowRSVPOR/Page_/input_Password_Submit")): Object: 'Object Repository/virualShowRSVPOR/Page_/input_Password_Submit' is clicked on

2019-06-11 14:33:59 - [MESSAGE][PASSED] - Object: 'Object Repository/virualShowRSVPOR/Page_/input_Password_Submit' is clicked on

2019-06-11 14:33:59 - [TEST_STEP][PASSED] - click(findTestObject("Object Repository/virualShowRSVPOR/Page_/a_Set Vhost")): Object: 'Object Repository/virualShowRSVPOR/Page_/a_Set Vhost' is clicked on

2019-06-11 14:33:59 - [MESSAGE][PASSED] - Object: 'Object Repository/virualShowRSVPOR/Page_/a_Set Vhost' is clicked on

2019-06-11 14:33:59 - [TEST_STEP][PASSED] - selectOptionByValue(findTestObject("virualShowRSVPOR/Page_/select_cabitest"), "19", true): All options with value '19' are selected in object 'Object Repository/virualShowRSVPOR/Page_/select_cabitest'  using regular expression

2019-06-11 14:33:59 - [MESSAGE][PASSED] - All options with value '19' are selected in object 'Object Repository/virualShowRSVPOR/Page_/select_cabitest'  using regular expression

2019-06-11 14:33:59 - [TEST_STEP][PASSED] - click(findTestObject("Object Repository/virualShowRSVPOR/Page_/input")): Object: 'Object Repository/virualShowRSVPOR/Page_/input' is clicked on

2019-06-11 14:34:02 - [MESSAGE][PASSED] - Object: 'Object Repository/virualShowRSVPOR/Page_/input' is clicked on

2019-06-11 14:34:02 - [TEST_STEP][PASSED] - micrositeURL = "https://mirandakate.cabitest5.com/show-microsite/104595204/": null

2019-06-11 14:34:02 - [TEST_STEP][PASSED] - navigateToUrl(micrositeURL): Navigate to 'https://mirandakate.cabitest5.com/show-microsite/104595204/' successfully

2019-06-11 14:34:19 - [MESSAGE][PASSED] - Navigate to 'https://mirandakate.cabitest5.com/show-microsite/104595204/' successfully

2019-06-11 14:34:19 - [TEST_STEP][PASSED] - delay(12): Delayed 12 second(s)

2019-06-11 14:34:31 - [MESSAGE][PASSED] - Delayed 12 second(s)

2019-06-11 14:34:31 - [TEST_STEP][PASSED] - verifyElementText(findTestObject("Object Repository/virualShowRSVPOR/Page_Show microsite/h1_Youre invited"), "You're invited to Front Row"): Actual text and expected text of test object 'Object Repository/virualShowRSVPOR/Page_Show microsite/h1_Youre invited' are matched.

2019-06-11 14:34:31 - [MESSAGE][PASSED] - Actual text and expected text of test object 'Object Repository/virualShowRSVPOR/Page_Show microsite/h1_Youre invited' are matched.

2019-06-11 14:34:31 - [TEST_STEP][PASSED] - click(findTestObject("Object Repository/virualShowRSVPOR/Page_Show microsite/button_Login to RSVP")): Object: 'Object Repository/virualShowRSVPOR/Page_Show microsite/button_Login to RSVP' is clicked on

2019-06-11 14:34:31 - [MESSAGE][PASSED] - Object: 'Object Repository/virualShowRSVPOR/Page_Show microsite/button_Login to RSVP' is clicked on

2019-06-11 14:34:31 - [TEST_STEP][PASSED] - setText(findTestObject("Object Repository/virualShowRSVPOR/Page_Show microsite/input_Sign in  Create account_email"), guest1Mail): Text 'neoguest1ab@test.com' is set on object 'Object Repository/virualShowRSVPOR/Page_Show microsite/input_Sign in  Create account_email'

2019-06-11 14:34:35 - [MESSAGE][PASSED] - Text 'neoguest1ab@test.com' is set on object 'Object Repository/virualShowRSVPOR/Page_Show microsite/input_Sign in  Create account_email'

2019-06-11 14:34:35 - [TEST_STEP][PASSED] - click(findTestObject("Object Repository/virualShowRSVPOR/Page_Show microsite/button_Continue")): Object: 'Object Repository/virualShowRSVPOR/Page_Show microsite/button_Continue' is clicked on

2019-06-11 14:34:35 - [MESSAGE][PASSED] - Object: 'Object Repository/virualShowRSVPOR/Page_Show microsite/button_Continue' is clicked on

2019-06-11 14:34:35 - [TEST_STEP][PASSED] - delay(5): Delayed 5 second(s)

2019-06-11 14:34:40 - [MESSAGE][PASSED] - Delayed 5 second(s)

2019-06-11 14:34:40 - [TEST_STEP][PASSED] - setText(findTestObject("Object Repository/virualShowRSVPOR/Page_Show microsite/input_Welcome_password"), guest1Pass): Text 'blackdress19' is set on object 'Object Repository/virualShowRSVPOR/Page_Show microsite/input_Welcome_password'

2019-06-11 14:34:40 - [MESSAGE][PASSED] - Text 'blackdress19' is set on object 'Object Repository/virualShowRSVPOR/Page_Show microsite/input_Welcome_password'

2019-06-11 14:34:40 - [TEST_STEP][PASSED] - click(findTestObject("Object Repository/virualShowRSVPOR/Page_Show microsite/button_Continue")): Object: 'Object Repository/virualShowRSVPOR/Page_Show microsite/button_Continue' is clicked on

2019-06-11 14:34:41 - [MESSAGE][PASSED] - Object: 'Object Repository/virualShowRSVPOR/Page_Show microsite/button_Continue' is clicked on

2019-06-11 14:34:41 - [TEST_STEP][PASSED] - delay(5): Delayed 5 second(s)

2019-06-11 14:34:46 - [MESSAGE][PASSED] - Delayed 5 second(s)

2019-06-11 14:34:46 - [TEST_STEP][PASSED] - if (verifyElementPresent(findTestObject("Object Repository/virualShowRSVPOR/Page_Show microsite/complete_my_profile_later"), 0)): Object: 'Object Repository/virualShowRSVPOR/Page_Show microsite/div_Ill complete my profile later' is clicked on

2019-06-11 14:34:46 - [MESSAGE][WARNING] - Timeout '0' is invalid. Using default page load timeout: '30'

2019-06-11 14:34:46 - [MESSAGE][PASSED] - Object 'Object Repository/virualShowRSVPOR/Page_Show microsite/complete_my_profile_later' is present

2019-06-11 14:34:46 - [TEST_STEP][PASSED] - click(findTestObject("Object Repository/virualShowRSVPOR/Page_Show microsite/div_Ill complete my profile later")): Object: 'Object Repository/virualShowRSVPOR/Page_Show microsite/div_Ill complete my profile later' is clicked on

2019-06-11 14:34:56 - [MESSAGE][PASSED] - Object: 'Object Repository/virualShowRSVPOR/Page_Show microsite/div_Ill complete my profile later' is clicked on

2019-06-11 14:34:56 - [TEST_STEP][PASSED] - listElement = findWebElements(findTestObject("Object Repository/virualShowRSVPOR/Page_Show microsite/div_Update your RSVP"), 5): null

2019-06-11 14:34:58 - [TEST_STEP][PASSED] - if (empty): null

2019-06-11 14:34:58 - [TEST_STEP][PASSED] - else: null

2019-06-11 14:34:58 - [TEST_STEP][PASSED] - println("RSVP is updated previously"): null

2019-06-11 14:34:58 - [TEST_STEP][PASSED] - delay(5): Delayed 5 second(s)

2019-06-11 14:35:03 - [MESSAGE][PASSED] - Delayed 5 second(s)

2019-06-11 14:35:03 - [TEST_STEP][PASSED] - click(findTestObject("Object Repository/virualShowRSVPOR/Page_Show microsite/div_Update your RSVP")): Object: 'Object Repository/virualShowRSVPOR/Page_Show microsite/div_Update your RSVP' is clicked on

2019-06-11 14:35:03 - [MESSAGE][PASSED] - Object: 'Object Repository/virualShowRSVPOR/Page_Show microsite/div_Update your RSVP' is clicked on

2019-06-11 14:35:03 - [TEST_STEP][PASSED] - delay(5): Delayed 5 second(s)

2019-06-11 14:35:08 - [MESSAGE][PASSED] - Delayed 5 second(s)

2019-06-11 14:35:08 - [TEST_STEP][PASSED] - click(findTestObject("Object Repository/virualShowRSVPOR/Page_Show microsite/select_rsvp_maybe")): Object: 'Object Repository/virualShowRSVPOR/Page_Show microsite/select_rsvp_maybe' is clicked on

2019-06-11 14:35:08 - [MESSAGE][PASSED] - Object: 'Object Repository/virualShowRSVPOR/Page_Show microsite/select_rsvp_maybe' is clicked on

2019-06-11 14:35:08 - [TEST_STEP][PASSED] - click(findTestObject("Object Repository/virualShowRSVPOR/Page_Show microsite/select_rsvp_no")): Object: 'Object Repository/virualShowRSVPOR/Page_Show microsite/select_rsvp_no' is clicked on

2019-06-11 14:35:08 - [MESSAGE][PASSED] - Object: 'Object Repository/virualShowRSVPOR/Page_Show microsite/select_rsvp_no' is clicked on

2019-06-11 14:35:08 - [TEST_STEP][PASSED] - click(findTestObject("Object Repository/virualShowRSVPOR/Page_Show microsite/select_rsvp_maybe")): Object: 'Object Repository/virualShowRSVPOR/Page_Show microsite/select_rsvp_maybe' is clicked on

2019-06-11 14:35:08 - [MESSAGE][PASSED] - Object: 'Object Repository/virualShowRSVPOR/Page_Show microsite/select_rsvp_maybe' is clicked on

2019-06-11 14:35:08 - [TEST_STEP][PASSED] - click(findTestObject("Object Repository/virualShowRSVPOR/Page_Show microsite/button_SEND")): Object: 'Object Repository/virualShowRSVPOR/Page_Show microsite/button_SEND' is clicked on

2019-06-11 14:35:08 - [MESSAGE][PASSED] - Object: 'Object Repository/virualShowRSVPOR/Page_Show microsite/button_SEND' is clicked on

2019-06-11 14:35:08 - [TEST_STEP][PASSED] - delay(5): Delayed 5 second(s)

2019-06-11 14:35:13 - [MESSAGE][PASSED] - Delayed 5 second(s)

2019-06-11 14:35:13 - [TEST_STEP][PASSED] - verifyElementText(findTestObject("Object Repository/virualShowRSVPOR/Page_Show microsite/h2_We hope youll be able to attend."), "We hope you'll be able to attend."): Actual text and expected text of test object 'Object Repository/virualShowRSVPOR/Page_Show microsite/h2_We hope youll be able to attend.' are matched.

2019-06-11 14:35:14 - [MESSAGE][PASSED] - Actual text and expected text of test object 'Object Repository/virualShowRSVPOR/Page_Show microsite/h2_We hope youll be able to attend.' are matched.

2019-06-11 14:35:14 - [TEST_STEP][PASSED] - click(findTestObject("Object Repository/virualShowRSVPOR/Page_Show microsite/div_Update your RSVP")): Object: 'Object Repository/virualShowRSVPOR/Page_Show microsite/div_Update your RSVP' is clicked on

2019-06-11 14:35:14 - [MESSAGE][PASSED] - Object: 'Object Repository/virualShowRSVPOR/Page_Show microsite/div_Update your RSVP' is clicked on

2019-06-11 14:35:14 - [TEST_STEP][PASSED] - click(findTestObject("Object Repository/virualShowRSVPOR/Page_Show microsite/select_rsvp_no")): Object: 'Object Repository/virualShowRSVPOR/Page_Show microsite/select_rsvp_no' is clicked on

2019-06-11 14:35:14 - [MESSAGE][PASSED] - Object: 'Object Repository/virualShowRSVPOR/Page_Show microsite/select_rsvp_no' is clicked on

2019-06-11 14:35:14 - [TEST_STEP][PASSED] - click(findTestObject("Object Repository/virualShowRSVPOR/Page_Show microsite/button_SEND")): Object: 'Object Repository/virualShowRSVPOR/Page_Show microsite/button_SEND' is clicked on

2019-06-11 14:35:14 - [MESSAGE][PASSED] - Object: 'Object Repository/virualShowRSVPOR/Page_Show microsite/button_SEND' is clicked on

2019-06-11 14:35:14 - [TEST_STEP][PASSED] - delay(5): Delayed 5 second(s)

2019-06-11 14:35:19 - [MESSAGE][PASSED] - Delayed 5 second(s)

2019-06-11 14:35:19 - [TEST_STEP][PASSED] - verifyElementText(findTestObject("Object Repository/virualShowRSVPOR/Page_Show microsite/h2_Sorry you cant make it."), "Sorry you can't make it."): Actual text and expected text of test object 'Object Repository/virualShowRSVPOR/Page_Show microsite/h2_Sorry you cant make it.' are matched.

2019-06-11 14:35:19 - [MESSAGE][PASSED] - Actual text and expected text of test object 'Object Repository/virualShowRSVPOR/Page_Show microsite/h2_Sorry you cant make it.' are matched.

2019-06-11 14:35:19 - [TEST_STEP][PASSED] - click(findTestObject("Object Repository/virualShowRSVPOR/Page_Show microsite/div_Update your RSVP")): Object: 'Object Repository/virualShowRSVPOR/Page_Show microsite/div_Update your RSVP' is clicked on

2019-06-11 14:35:19 - [MESSAGE][PASSED] - Object: 'Object Repository/virualShowRSVPOR/Page_Show microsite/div_Update your RSVP' is clicked on

2019-06-11 14:35:19 - [TEST_STEP][PASSED] - click(findTestObject("Object Repository/virualShowRSVPOR/Page_Show microsite/select_rsvp_yes")): Object: 'Object Repository/virualShowRSVPOR/Page_Show microsite/select_rsvp_yes' is clicked on

2019-06-11 14:35:19 - [MESSAGE][PASSED] - Object: 'Object Repository/virualShowRSVPOR/Page_Show microsite/select_rsvp_yes' is clicked on

2019-06-11 14:35:19 - [TEST_STEP][PASSED] - click(findTestObject("Object Repository/virualShowRSVPOR/Page_Show microsite/button_SEND")): Object: 'Object Repository/virualShowRSVPOR/Page_Show microsite/button_SEND' is clicked on

2019-06-11 14:35:20 - [MESSAGE][PASSED] - Object: 'Object Repository/virualShowRSVPOR/Page_Show microsite/button_SEND' is clicked on

2019-06-11 14:35:20 - [TEST_STEP][PASSED] - delay(5): Delayed 5 second(s)

2019-06-11 14:35:25 - [MESSAGE][PASSED] - Delayed 5 second(s)

2019-06-11 14:35:25 - [TEST_STEP][PASSED] - verifyElementText(findTestObject("Object Repository/virualShowRSVPOR/Page_Show microsite/h2_Were so glad you can make it."), "We're so glad you can make it."): Actual text and expected text of test object 'Object Repository/virualShowRSVPOR/Page_Show microsite/h2_Were so glad you can make it.' are matched.

2019-06-11 14:35:25 - [MESSAGE][PASSED] - Actual text and expected text of test object 'Object Repository/virualShowRSVPOR/Page_Show microsite/h2_Were so glad you can make it.' are matched.

2019-06-11 14:35:25 - [TEST_STEP][PASSED] - delay(5): Delayed 5 second(s)

2019-06-11 14:35:30 - [MESSAGE][PASSED] - Delayed 5 second(s)

2019-06-11 14:35:30 - [TEST_STEP][PASSED] - click(findTestObject("Object Repository/virualShowRSVPOR/Page_Show microsite/profile_dropdown")): Object: 'Object Repository/virualShowRSVPOR/Page_Show microsite/profile_dropdown' is clicked on

2019-06-11 14:35:30 - [MESSAGE][PASSED] - Object: 'Object Repository/virualShowRSVPOR/Page_Show microsite/profile_dropdown' is clicked on

2019-06-11 14:35:30 - [TEST_STEP][PASSED] - click(findTestObject("Object Repository/virualShowRSVPOR/Page_Show microsite/a_Sign Out")): Object: 'Object Repository/virualShowRSVPOR/Page_Show microsite/a_Sign Out' is clicked on

2019-06-11 14:35:30 - [MESSAGE][PASSED] - Object: 'Object Repository/virualShowRSVPOR/Page_Show microsite/a_Sign Out' is clicked on

2019-06-11 14:35:30 - [TEST_STEP][PASSED] - click(findTestObject("Object Repository/virualShowRSVPOR/Page_Show microsite/button_Sign out")): Object: 'Object Repository/virualShowRSVPOR/Page_Show microsite/button_Sign out' is clicked on

2019-06-11 14:35:30 - [MESSAGE][PASSED] - Object: 'Object Repository/virualShowRSVPOR/Page_Show microsite/button_Sign out' is clicked on

2019-06-11 14:35:30 - [TEST_STEP][PASSED] - delay(5): Delayed 5 second(s)

2019-06-11 14:35:35 - [MESSAGE][PASSED] - Delayed 5 second(s)

2019-06-11 14:35:35 - [TEST_STEP][PASSED] - navigateToUrl(micrositeURL): Navigate to 'https://mirandakate.cabitest5.com/show-microsite/104595204/' successfully

2019-06-11 14:35:52 - [MESSAGE][PASSED] - Navigate to 'https://mirandakate.cabitest5.com/show-microsite/104595204/' successfully

2019-06-11 14:35:52 - [TEST_STEP][PASSED] - delay(5): Delayed 5 second(s)

2019-06-11 14:35:57 - [MESSAGE][PASSED] - Delayed 5 second(s)

2019-06-11 14:35:57 - [TEST_STEP][PASSED] - verifyElementText(findTestObject("Object Repository/virualShowRSVPOR/Page_Show microsite/h1_Youre invited"), "You're invited to Front Row"): Actual text and expected text of test object 'Object Repository/virualShowRSVPOR/Page_Show microsite/h1_Youre invited' are matched.

2019-06-11 14:35:57 - [MESSAGE][PASSED] - Actual text and expected text of test object 'Object Repository/virualShowRSVPOR/Page_Show microsite/h1_Youre invited' are matched.

2019-06-11 14:35:57 - [TEST_STEP][PASSED] - delay(5): Delayed 5 second(s)

2019-06-11 14:36:02 - [MESSAGE][PASSED] - Delayed 5 second(s)

2019-06-11 14:36:02 - [TEST_STEP][PASSED] - click(findTestObject("Object Repository/virualShowRSVPOR/Page_Show microsite/button_Login to RSVP")): Object: 'Object Repository/virualShowRSVPOR/Page_Show microsite/button_Login to RSVP' is clicked on

2019-06-11 14:36:02 - [MESSAGE][PASSED] - Object: 'Object Repository/virualShowRSVPOR/Page_Show microsite/button_Login to RSVP' is clicked on

2019-06-11 14:36:02 - [TEST_STEP][PASSED] - setText(findTestObject("Object Repository/virualShowRSVPOR/Page_Show microsite/input_Sign in  Create account_email"), guestUninvitedMail): Text 'neoguest2ab@test.com' is set on object 'Object Repository/virualShowRSVPOR/Page_Show microsite/input_Sign in  Create account_email'

2019-06-11 14:36:06 - [MESSAGE][PASSED] - Text 'neoguest2ab@test.com' is set on object 'Object Repository/virualShowRSVPOR/Page_Show microsite/input_Sign in  Create account_email'

2019-06-11 14:36:06 - [TEST_STEP][PASSED] - click(findTestObject("Object Repository/virualShowRSVPOR/Page_Show microsite/button_Continue")): Object: 'Object Repository/virualShowRSVPOR/Page_Show microsite/button_Continue' is clicked on

2019-06-11 14:36:06 - [MESSAGE][PASSED] - Object: 'Object Repository/virualShowRSVPOR/Page_Show microsite/button_Continue' is clicked on

2019-06-11 14:36:06 - [TEST_STEP][PASSED] - setText(findTestObject("Object Repository/virualShowRSVPOR/Page_Show microsite/input_Welcome_password"), guestUninvitedPass): Text 'blackdress19' is set on object 'Object Repository/virualShowRSVPOR/Page_Show microsite/input_Welcome_password'

2019-06-11 14:36:07 - [MESSAGE][PASSED] - Text 'blackdress19' is set on object 'Object Repository/virualShowRSVPOR/Page_Show microsite/input_Welcome_password'

2019-06-11 14:36:07 - [TEST_STEP][PASSED] - click(findTestObject("Object Repository/virualShowRSVPOR/Page_Show microsite/button_Continue")): Object: 'Object Repository/virualShowRSVPOR/Page_Show microsite/button_Continue' is clicked on

2019-06-11 14:36:07 - [MESSAGE][PASSED] - Object: 'Object Repository/virualShowRSVPOR/Page_Show microsite/button_Continue' is clicked on

2019-06-11 14:36:07 - [TEST_STEP][PASSED] - delay(5): Delayed 5 second(s)

2019-06-11 14:36:12 - [MESSAGE][PASSED] - Delayed 5 second(s)

2019-06-11 14:36:12 - [TEST_STEP][PASSED] - if (verifyElementPresent(findTestObject("Object Repository/virualShowRSVPOR/Page_Show microsite/complete_my_profile_later"), 0)): Object: 'Object Repository/virualShowRSVPOR/Page_Show microsite/div_Ill complete my profile later' is clicked on

2019-06-11 14:36:12 - [MESSAGE][WARNING] - Timeout '0' is invalid. Using default page load timeout: '30'

2019-06-11 14:36:12 - [MESSAGE][PASSED] - Object 'Object Repository/virualShowRSVPOR/Page_Show microsite/complete_my_profile_later' is present

2019-06-11 14:36:12 - [TEST_STEP][PASSED] - click(findTestObject("Object Repository/virualShowRSVPOR/Page_Show microsite/div_Ill complete my profile later")): Object: 'Object Repository/virualShowRSVPOR/Page_Show microsite/div_Ill complete my profile later' is clicked on

2019-06-11 14:36:21 - [MESSAGE][PASSED] - Object: 'Object Repository/virualShowRSVPOR/Page_Show microsite/div_Ill complete my profile later' is clicked on

2019-06-11 14:36:21 - [TEST_STEP][PASSED] - delay(5): Delayed 5 second(s)

2019-06-11 14:36:26 - [MESSAGE][PASSED] - Delayed 5 second(s)

2019-06-11 14:36:26 - [TEST_STEP][PASSED] - verifyElementText(findTestObject("Object Repository/virualShowRSVPOR/Page_Show microsite/uninvited_user_msg"), "Your name doesn't seem to be on the guest list. Contact your Hostess or Stylist for more information."): Actual text and expected text of test object 'Object Repository/virualShowRSVPOR/Page_Show microsite/uninvited_user_msg' are matched.

2019-06-11 14:36:26 - [MESSAGE][PASSED] - Actual text and expected text of test object 'Object Repository/virualShowRSVPOR/Page_Show microsite/uninvited_user_msg' are matched.

2019-06-11 14:36:26 - [TEST_STEP][PASSED] - delay(5): Delayed 5 second(s)

2019-06-11 14:36:31 - [MESSAGE][PASSED] - Delayed 5 second(s)

2019-06-11 14:36:31 - [TEST_STEP][PASSED] - click(findTestObject("Object Repository/virualShowRSVPOR/Page_Show microsite/profile_dropdown")): Object: 'Object Repository/virualShowRSVPOR/Page_Show microsite/profile_dropdown' is clicked on

2019-06-11 14:36:31 - [MESSAGE][PASSED] - Object: 'Object Repository/virualShowRSVPOR/Page_Show microsite/profile_dropdown' is clicked on

2019-06-11 14:36:31 - [TEST_STEP][PASSED] - click(findTestObject("Object Repository/virualShowRSVPOR/Page_Show microsite/a_Sign Out")): Object: 'Object Repository/virualShowRSVPOR/Page_Show microsite/a_Sign Out' is clicked on

2019-06-11 14:36:31 - [MESSAGE][PASSED] - Object: 'Object Repository/virualShowRSVPOR/Page_Show microsite/a_Sign Out' is clicked on

2019-06-11 14:36:31 - [TEST_STEP][PASSED] - click(findTestObject("Object Repository/virualShowRSVPOR/Page_Show microsite/button_Sign out")): Object: 'Object Repository/virualShowRSVPOR/Page_Show microsite/button_Sign out' is clicked on

2019-06-11 14:36:31 - [MESSAGE][PASSED] - Object: 'Object Repository/virualShowRSVPOR/Page_Show microsite/button_Sign out' is clicked on

2019-06-11 14:36:31 - [TEST_STEP][PASSED] - delay(5): Delayed 5 second(s)

2019-06-11 14:36:36 - [MESSAGE][PASSED] - Delayed 5 second(s)

2019-06-11 14:36:36 - [TEST_STEP][PASSED] - navigateToUrl(micrositeURL): Navigate to 'https://mirandakate.cabitest5.com/show-microsite/104595204/' successfully

2019-06-11 14:36:52 - [MESSAGE][PASSED] - Navigate to 'https://mirandakate.cabitest5.com/show-microsite/104595204/' successfully

2019-06-11 14:36:52 - [TEST_STEP][PASSED] - delay(5): Delayed 5 second(s)

2019-06-11 14:36:57 - [MESSAGE][PASSED] - Delayed 5 second(s)

2019-06-11 14:36:57 - [TEST_STEP][PASSED] - verifyElementText(findTestObject("Object Repository/virualShowRSVPOR/Page_Show microsite/h1_Youre invited"), "You're invited to Front Row"): Actual text and expected text of test object 'Object Repository/virualShowRSVPOR/Page_Show microsite/h1_Youre invited' are matched.

2019-06-11 14:36:57 - [MESSAGE][PASSED] - Actual text and expected text of test object 'Object Repository/virualShowRSVPOR/Page_Show microsite/h1_Youre invited' are matched.

2019-06-11 14:36:57 - [TEST_STEP][PASSED] - delay(5): Delayed 5 second(s)

2019-06-11 14:37:02 - [MESSAGE][PASSED] - Delayed 5 second(s)

2019-06-11 14:37:02 - [TEST_STEP][PASSED] - click(findTestObject("Object Repository/virualShowRSVPOR/Page_Show microsite/button_Login to RSVP")): Object: 'Object Repository/virualShowRSVPOR/Page_Show microsite/button_Login to RSVP' is clicked on

2019-06-11 14:37:02 - [MESSAGE][PASSED] - Object: 'Object Repository/virualShowRSVPOR/Page_Show microsite/button_Login to RSVP' is clicked on

2019-06-11 14:37:02 - [TEST_STEP][PASSED] - setText(findTestObject("Object Repository/virualShowRSVPOR/Page_Show microsite/input_Sign in  Create account_email"), hostessMail): Text 'neohost1a@test.com' is set on object 'Object Repository/virualShowRSVPOR/Page_Show microsite/input_Sign in  Create account_email'

2019-06-11 14:37:05 - [MESSAGE][PASSED] - Text 'neohost1a@test.com' is set on object 'Object Repository/virualShowRSVPOR/Page_Show microsite/input_Sign in  Create account_email'

2019-06-11 14:37:05 - [TEST_STEP][PASSED] - click(findTestObject("Object Repository/virualShowRSVPOR/Page_Show microsite/button_Continue")): Object: 'Object Repository/virualShowRSVPOR/Page_Show microsite/button_Continue' is clicked on

2019-06-11 14:37:05 - [MESSAGE][PASSED] - Object: 'Object Repository/virualShowRSVPOR/Page_Show microsite/button_Continue' is clicked on

2019-06-11 14:37:05 - [TEST_STEP][PASSED] - setText(findTestObject("Object Repository/virualShowRSVPOR/Page_Show microsite/input_Welcome_password"), hostessPass): Text 'blackdress19' is set on object 'Object Repository/virualShowRSVPOR/Page_Show microsite/input_Welcome_password'

2019-06-11 14:37:06 - [MESSAGE][PASSED] - Text 'blackdress19' is set on object 'Object Repository/virualShowRSVPOR/Page_Show microsite/input_Welcome_password'

2019-06-11 14:37:06 - [TEST_STEP][PASSED] - click(findTestObject("Object Repository/virualShowRSVPOR/Page_Show microsite/button_Continue")): Object: 'Object Repository/virualShowRSVPOR/Page_Show microsite/button_Continue' is clicked on

2019-06-11 14:37:06 - [MESSAGE][PASSED] - Object: 'Object Repository/virualShowRSVPOR/Page_Show microsite/button_Continue' is clicked on

2019-06-11 14:37:06 - [TEST_STEP][PASSED] - delay(5): Delayed 5 second(s)

2019-06-11 14:37:11 - [MESSAGE][PASSED] - Delayed 5 second(s)

2019-06-11 14:37:11 - [TEST_STEP][PASSED] - if (verifyElementPresent(findTestObject("Object Repository/virualShowRSVPOR/Page_Show microsite/complete_my_profile_later"), 0)): Object: 'Object Repository/virualShowRSVPOR/Page_Show microsite/div_Ill complete my profile later' is clicked on

2019-06-11 14:37:11 - [MESSAGE][WARNING] - Timeout '0' is invalid. Using default page load timeout: '30'

2019-06-11 14:37:11 - [MESSAGE][PASSED] - Object 'Object Repository/virualShowRSVPOR/Page_Show microsite/complete_my_profile_later' is present

2019-06-11 14:37:11 - [TEST_STEP][PASSED] - click(findTestObject("Object Repository/virualShowRSVPOR/Page_Show microsite/div_Ill complete my profile later")): Object: 'Object Repository/virualShowRSVPOR/Page_Show microsite/div_Ill complete my profile later' is clicked on

2019-06-11 14:37:19 - [MESSAGE][PASSED] - Object: 'Object Repository/virualShowRSVPOR/Page_Show microsite/div_Ill complete my profile later' is clicked on

2019-06-11 14:37:19 - [TEST_STEP][PASSED] - delay(5): Delayed 5 second(s)

2019-06-11 14:37:24 - [MESSAGE][PASSED] - Delayed 5 second(s)

2019-06-11 14:37:24 - [TEST_STEP][PASSED] - verifyElementText(findTestObject("virualShowRSVPOR/Page_Show microsite/h2_Thanks for hosting"), "Thanks for hosting."): Actual text and expected text of test object 'Object Repository/virualShowRSVPOR/Page_Show microsite/h2_Thanks for hosting' are matched.

2019-06-11 14:37:25 - [MESSAGE][PASSED] - Actual text and expected text of test object 'Object Repository/virualShowRSVPOR/Page_Show microsite/h2_Thanks for hosting' are matched.

2019-06-11 14:37:25 - [TEST_STEP][PASSED] - delay(5): Delayed 5 second(s)

2019-06-11 14:37:30 - [MESSAGE][PASSED] - Delayed 5 second(s)

2019-06-11 14:37:30 - [TEST_STEP][PASSED] - click(findTestObject("Object Repository/virualShowRSVPOR/Page_Show microsite/profile_dropdown")): Object: 'Object Repository/virualShowRSVPOR/Page_Show microsite/profile_dropdown' is clicked on

2019-06-11 14:37:30 - [MESSAGE][PASSED] - Object: 'Object Repository/virualShowRSVPOR/Page_Show microsite/profile_dropdown' is clicked on

2019-06-11 14:37:30 - [TEST_STEP][PASSED] - click(findTestObject("Object Repository/virualShowRSVPOR/Page_Show microsite/a_Sign Out")): Object: 'Object Repository/virualShowRSVPOR/Page_Show microsite/a_Sign Out' is clicked on

2019-06-11 14:37:30 - [MESSAGE][PASSED] - Object: 'Object Repository/virualShowRSVPOR/Page_Show microsite/a_Sign Out' is clicked on

2019-06-11 14:37:30 - [TEST_STEP][PASSED] - click(findTestObject("Object Repository/virualShowRSVPOR/Page_Show microsite/button_Sign out")): Object: 'Object Repository/virualShowRSVPOR/Page_Show microsite/button_Sign out' is clicked on

2019-06-11 14:37:30 - [MESSAGE][PASSED] - Object: 'Object Repository/virualShowRSVPOR/Page_Show microsite/button_Sign out' is clicked on

2019-06-11 14:37:30 - [TEST_STEP][PASSED] - delay(5): Delayed 5 second(s)

2019-06-11 14:37:35 - [MESSAGE][PASSED] - Delayed 5 second(s)

2019-06-11 14:37:35 - [TEST_STEP][PASSED] - navigateToUrl(micrositeURL): Navigate to 'https://mirandakate.cabitest5.com/show-microsite/104595204/' successfully

2019-06-11 14:37:49 - [MESSAGE][PASSED] - Navigate to 'https://mirandakate.cabitest5.com/show-microsite/104595204/' successfully

2019-06-11 14:37:49 - [TEST_STEP][PASSED] - delay(5): Delayed 5 second(s)

2019-06-11 14:37:54 - [MESSAGE][PASSED] - Delayed 5 second(s)

2019-06-11 14:37:54 - [TEST_STEP][PASSED] - verifyElementText(findTestObject("Object Repository/virualShowRSVPOR/Page_Show microsite/h1_Youre invited"), "You're invited to Front Row"): Actual text and expected text of test object 'Object Repository/virualShowRSVPOR/Page_Show microsite/h1_Youre invited' are matched.

2019-06-11 14:37:54 - [MESSAGE][PASSED] - Actual text and expected text of test object 'Object Repository/virualShowRSVPOR/Page_Show microsite/h1_Youre invited' are matched.

2019-06-11 14:37:54 - [TEST_STEP][PASSED] - delay(5): Delayed 5 second(s)

2019-06-11 14:37:59 - [MESSAGE][PASSED] - Delayed 5 second(s)

2019-06-11 14:37:59 - [TEST_STEP][PASSED] - click(findTestObject("Object Repository/virualShowRSVPOR/Page_Show microsite/button_Login to RSVP")): Object: 'Object Repository/virualShowRSVPOR/Page_Show microsite/button_Login to RSVP' is clicked on

2019-06-11 14:37:59 - [MESSAGE][PASSED] - Object: 'Object Repository/virualShowRSVPOR/Page_Show microsite/button_Login to RSVP' is clicked on

2019-06-11 14:37:59 - [TEST_STEP][PASSED] - setText(findTestObject("Object Repository/virualShowRSVPOR/Page_Show microsite/input_Sign in  Create account_email"), cohostessMail): Text 'neocohost1a@test.com' is set on object 'Object Repository/virualShowRSVPOR/Page_Show microsite/input_Sign in  Create account_email'

2019-06-11 14:38:02 - [MESSAGE][PASSED] - Text 'neocohost1a@test.com' is set on object 'Object Repository/virualShowRSVPOR/Page_Show microsite/input_Sign in  Create account_email'

2019-06-11 14:38:02 - [TEST_STEP][PASSED] - click(findTestObject("Object Repository/virualShowRSVPOR/Page_Show microsite/button_Continue")): Object: 'Object Repository/virualShowRSVPOR/Page_Show microsite/button_Continue' is clicked on

2019-06-11 14:38:02 - [MESSAGE][PASSED] - Object: 'Object Repository/virualShowRSVPOR/Page_Show microsite/button_Continue' is clicked on

2019-06-11 14:38:02 - [TEST_STEP][PASSED] - setText(findTestObject("Object Repository/virualShowRSVPOR/Page_Show microsite/input_Welcome_password"), cohostessPass): Text 'blackdress19' is set on object 'Object Repository/virualShowRSVPOR/Page_Show microsite/input_Welcome_password'

2019-06-11 14:38:03 - [MESSAGE][PASSED] - Text 'blackdress19' is set on object 'Object Repository/virualShowRSVPOR/Page_Show microsite/input_Welcome_password'

2019-06-11 14:38:03 - [TEST_STEP][PASSED] - click(findTestObject("Object Repository/virualShowRSVPOR/Page_Show microsite/button_Continue")): Object: 'Object Repository/virualShowRSVPOR/Page_Show microsite/button_Continue' is clicked on

2019-06-11 14:38:04 - [MESSAGE][PASSED] - Object: 'Object Repository/virualShowRSVPOR/Page_Show microsite/button_Continue' is clicked on

2019-06-11 14:38:04 - [TEST_STEP][PASSED] - if (verifyElementPresent(findTestObject("Object Repository/virualShowRSVPOR/Page_Show microsite/complete_my_profile_later"), 0)): Object: 'Object Repository/virualShowRSVPOR/Page_Show microsite/div_Ill complete my profile later' is clicked on

2019-06-11 14:38:04 - [MESSAGE][WARNING] - Timeout '0' is invalid. Using default page load timeout: '30'

2019-06-11 14:38:05 - [MESSAGE][PASSED] - Object 'Object Repository/virualShowRSVPOR/Page_Show microsite/complete_my_profile_later' is present

2019-06-11 14:38:05 - [TEST_STEP][PASSED] - click(findTestObject("Object Repository/virualShowRSVPOR/Page_Show microsite/div_Ill complete my profile later")): Object: 'Object Repository/virualShowRSVPOR/Page_Show microsite/div_Ill complete my profile later' is clicked on

2019-06-11 14:38:15 - [MESSAGE][PASSED] - Object: 'Object Repository/virualShowRSVPOR/Page_Show microsite/div_Ill complete my profile later' is clicked on

2019-06-11 14:38:15 - [TEST_STEP][PASSED] - delay(5): Delayed 5 second(s)

2019-06-11 14:38:20 - [MESSAGE][PASSED] - Delayed 5 second(s)

2019-06-11 14:38:20 - [TEST_STEP][PASSED] - verifyElementText(findTestObject("virualShowRSVPOR/Page_Show microsite/h2_Thanks for hosting"), "Thanks for hosting."): Actual text and expected text of test object 'Object Repository/virualShowRSVPOR/Page_Show microsite/h2_Thanks for hosting' are matched.

2019-06-11 14:38:20 - [MESSAGE][PASSED] - Actual text and expected text of test object 'Object Repository/virualShowRSVPOR/Page_Show microsite/h2_Thanks for hosting' are matched.

2019-06-11 14:38:20 - [TEST_STEP][PASSED] - delay(5): Delayed 5 second(s)

2019-06-11 14:38:25 - [MESSAGE][PASSED] - Delayed 5 second(s)

2019-06-11 14:38:25 - [TEST_STEP][PASSED] - click(findTestObject("Object Repository/virualShowRSVPOR/Page_Show microsite/profile_dropdown")): Object: 'Object Repository/virualShowRSVPOR/Page_Show microsite/profile_dropdown' is clicked on

2019-06-11 14:38:25 - [MESSAGE][PASSED] - Object: 'Object Repository/virualShowRSVPOR/Page_Show microsite/profile_dropdown' is clicked on

2019-06-11 14:38:25 - [TEST_STEP][PASSED] - click(findTestObject("Object Repository/virualShowRSVPOR/Page_Show microsite/a_Sign Out")): Object: 'Object Repository/virualShowRSVPOR/Page_Show microsite/a_Sign Out' is clicked on

2019-06-11 14:38:25 - [MESSAGE][PASSED] - Object: 'Object Repository/virualShowRSVPOR/Page_Show microsite/a_Sign Out' is clicked on

2019-06-11 14:38:25 - [TEST_STEP][PASSED] - click(findTestObject("Object Repository/virualShowRSVPOR/Page_Show microsite/button_Sign out")): Object: 'Object Repository/virualShowRSVPOR/Page_Show microsite/button_Sign out' is clicked on

2019-06-11 14:38:25 - [MESSAGE][PASSED] - Object: 'Object Repository/virualShowRSVPOR/Page_Show microsite/button_Sign out' is clicked on

2019-06-11 14:38:25 - [TEST_STEP][PASSED] - closeBrowser(): Browser is closed

2019-06-11 14:38:26 - [MESSAGE][PASSED] - Browser is closed]]></system-out>
         <system-err><![CDATA[]]></system-err>
      </testcase>
      <system-out><![CDATA[2019-06-11 14:32:00 - [TEST_SUITE][PASSED] - MicrositeTestSuite: Test Cases/virtualShowRSVP/micrositeRSVPValidUser]]></system-out>
      <system-err><![CDATA[]]></system-err>
   </testsuite>
</testsuites>
