<?xml version="1.0" encoding="UTF-8"?>
<testsuites name="NewArrivalsSuite" time="660" tests="0" failures="1" errors="0">
   <testsuite name="NewArrivalsSuite" tests="0" failures="1" errors="0" time="660" timestamp="2019-09-27 18:28:30" hostname="user - Tester-pc" id="Test Suites/NewArrivalsSuites/NewArrivalsSuite">
      <properties>
         <property name="deviceName" value=""/>
         <property name="devicePlatform" value=""/>
         <property name="logFolder" value="C:\\Users\\user\\Documents\\testautomation\\KatalonProjects\\Reports\\NewArrivalsSuites\\NewArrivalsSuite\\20190927_182827"/>
         <property name="logFiles" value="C:\\Users\\user\\Documents\\testautomation\\KatalonProjects\\Reports\\NewArrivalsSuites\\NewArrivalsSuite\\20190927_182827\\execution0.log"/>
         <property name="attachments" value=""/>
         <property name="hostName" value="user - Tester-pc"/>
         <property name="os" value="Windows 8.1 64bit"/>
         <property name="katalonVersion" value="6.1.1.1"/>
         <property name="browser" value="Chrome 77.0.3865.90"/>
         <property name="hostAddress" value="10.0.61.219"/>
         <property name="sessionId" value="3ad7087d85272159c250de2dac92d555"/>
         <property name="seleniumVersion" value="3.7.1"/>
         <property name="proxyInformation" value="ProxyInformation{proxyOption=NO_PROXY, proxyServerType=HTTP, password=, proxyServerAddress=, proxyServerPort=0}"/>
         <property name="platform" value="Windows 8.1"/>
      </properties>
      <testcase name="Test Cases/NewArrival/productEblast" classname="Test Cases/NewArrival/productEblast" status="FAILED">
         <failure type="FAILED" message="Test Cases/NewArrival/productEblast FAILED.
Reason:
Assertion failed: 

assert style_notfound.size() > 0
       |              |      |
       []             0      false

	at productEblast.run(productEblast:63)
	at com.kms.katalon.core.main.ScriptEngine.run(ScriptEngine.java:194)
	at com.kms.katalon.core.main.ScriptEngine.runScriptAsRawText(ScriptEngine.java:119)
	at com.kms.katalon.core.main.TestCaseExecutor.runScript(TestCaseExecutor.java:342)
	at com.kms.katalon.core.main.TestCaseExecutor.doExecute(TestCaseExecutor.java:333)
	at com.kms.katalon.core.main.TestCaseExecutor.processExecutionPhase(TestCaseExecutor.java:312)
	at com.kms.katalon.core.main.TestCaseExecutor.accessMainPhase(TestCaseExecutor.java:304)
	at com.kms.katalon.core.main.TestCaseExecutor.execute(TestCaseExecutor.java:238)
	at com.kms.katalon.core.main.TestSuiteExecutor.accessTestCaseMainPhase(TestSuiteExecutor.java:129)
	at com.kms.katalon.core.main.TestSuiteExecutor.accessTestSuiteMainPhase(TestSuiteExecutor.java:112)
	at com.kms.katalon.core.main.TestSuiteExecutor.execute(TestSuiteExecutor.java:81)
	at com.kms.katalon.core.main.TestCaseMain.startTestSuite(TestCaseMain.java:157)
	at com.kms.katalon.core.main.TestCaseMain$startTestSuite$0.call(Unknown Source)
	at TempTestSuite1569589107642.run(TempTestSuite1569589107642.groovy:35)
"/>
         <system-out><![CDATA[2019-09-27 18:28:31 - [TEST_CASE][FAILED] - Test Cases/NewArrival/productEblast: Test Cases/NewArrival/productEblast FAILED.
Reason:
Assertion failed: 

assert style_notfound.size() > 0
       |              |      |
       []             0      false

	at productEblast.run(productEblast:63)
	at com.kms.katalon.core.main.ScriptEngine.run(ScriptEngine.java:194)
	at com.kms.katalon.core.main.ScriptEngine.runScriptAsRawText(ScriptEngine.java:119)
	at com.kms.katalon.core.main.TestCaseExecutor.runScript(TestCaseExecutor.java:342)
	at com.kms.katalon.core.main.TestCaseExecutor.doExecute(TestCaseExecutor.java:333)
	at com.kms.katalon.core.main.TestCaseExecutor.processExecutionPhase(TestCaseExecutor.java:312)
	at com.kms.katalon.core.main.TestCaseExecutor.accessMainPhase(TestCaseExecutor.java:304)
	at com.kms.katalon.core.main.TestCaseExecutor.execute(TestCaseExecutor.java:238)
	at com.kms.katalon.core.main.TestSuiteExecutor.accessTestCaseMainPhase(TestSuiteExecutor.java:129)
	at com.kms.katalon.core.main.TestSuiteExecutor.accessTestSuiteMainPhase(TestSuiteExecutor.java:112)
	at com.kms.katalon.core.main.TestSuiteExecutor.execute(TestSuiteExecutor.java:81)
	at com.kms.katalon.core.main.TestCaseMain.startTestSuite(TestCaseMain.java:157)
	at com.kms.katalon.core.main.TestCaseMain$startTestSuite$0.call(Unknown Source)
	at TempTestSuite1569589107642.run(TempTestSuite1569589107642.groovy:35)


2019-09-27 18:28:31 - [TEST_STEP][PASSED] - Start listener action : sampleBeforeTestCase: null

2019-09-27 18:28:31 - [TEST_STEP][PASSED] - println(testCaseContext.getTestCaseId()): null

2019-09-27 18:28:31 - [TEST_STEP][PASSED] - println(testCaseContext.getTestCaseVariables()): null

2019-09-27 18:28:32 - [TEST_STEP][PASSED] - openBrowser(""): Browser is opened with url: ''

2019-09-27 18:28:32 - [MESSAGE][INFO] - Starting 'Chrome' driver

2019-09-27 18:28:32 - [MESSAGE][INFO] - User set preference: ['args', '[--use-fake-ui-for-media-stream, --start-maximized]']

2019-09-27 18:28:32 - [MESSAGE][INFO] - Action delay is set to 0 seconds

2019-09-27 18:28:35 - [MESSAGE][PASSED] - Browser is opened with url: ''

2019-09-27 18:28:35 - [TEST_STEP][FAILED] - for ([timeRow = 1, timeRow <= findTestData("timezoneData").getRowNumbers(), (timeRow++)]): for ([timeRow = 1, timeRow <= findTestData("timezoneData").getRowNumbers(), (timeRow++)]) FAILED.
Reason:
Assertion failed: 

assert style_notfound.size() > 0
       |              |      |
       []             0      false

	at productEblast.run(productEblast:63)
	at com.kms.katalon.core.main.ScriptEngine.run(ScriptEngine.java:194)
	at com.kms.katalon.core.main.ScriptEngine.runScriptAsRawText(ScriptEngine.java:119)
	at com.kms.katalon.core.main.TestCaseExecutor.runScript(TestCaseExecutor.java:342)
	at com.kms.katalon.core.main.TestCaseExecutor.doExecute(TestCaseExecutor.java:333)
	at com.kms.katalon.core.main.TestCaseExecutor.processExecutionPhase(TestCaseExecutor.java:312)
	at com.kms.katalon.core.main.TestCaseExecutor.accessMainPhase(TestCaseExecutor.java:304)
	at com.kms.katalon.core.main.TestCaseExecutor.execute(TestCaseExecutor.java:238)
	at com.kms.katalon.core.main.TestSuiteExecutor.accessTestCaseMainPhase(TestSuiteExecutor.java:129)
	at com.kms.katalon.core.main.TestSuiteExecutor.accessTestSuiteMainPhase(TestSuiteExecutor.java:112)
	at com.kms.katalon.core.main.TestSuiteExecutor.execute(TestSuiteExecutor.java:81)
	at com.kms.katalon.core.main.TestCaseMain.startTestSuite(TestCaseMain.java:157)
	at com.kms.katalon.core.main.TestCaseMain$startTestSuite$0.call(Unknown Source)
	at TempTestSuite1569589107642.run(TempTestSuite1569589107642.groovy:35)


2019-09-27 18:28:36 - [TEST_STEP][PASSED] - callTestCase(findTestCase("NewArrival/populateTimeGlobalVars"), ["row":timeRow], STOP_ON_FAILURE): Call Test Case 'Test Cases/NewArrival/populateTimeGlobalVars' successfully

2019-09-27 18:28:37 - [TEST_CASE][PASSED] - Test Cases/NewArrival/populateTimeGlobalVars: Test Cases/NewArrival/populateTimeGlobalVars

2019-09-27 18:28:37 - [TEST_STEP][PASSED] - dataFile = "timezoneData": null

2019-09-27 18:28:37 - [TEST_STEP][PASSED] - clockServerTarget = UtilityMethods.getTestData("envtData", "clockServerTarget", 1): null

2019-09-27 18:28:38 - [TEST_STEP][PASSED] - println(clockServerTarget): null

2019-09-27 18:28:38 - [TEST_STEP][PASSED] - orderType = UtilityMethods.getTestData(dataFile, "orderType", row): null

2019-09-27 18:28:38 - [TEST_STEP][PASSED] - timeZone = UtilityMethods.getTestData(dataFile, "timeZone", row): null

2019-09-27 18:28:38 - [TEST_STEP][PASSED] - BOPersonal = UtilityMethods.getTestData(dataFile, "BOPersonal", row): null

2019-09-27 18:28:38 - [TEST_STEP][PASSED] - BOAddonPersonal = UtilityMethods.getTestData(dataFile, "BOAddonPersonal", row): null

2019-09-27 18:28:38 - [TEST_STEP][PASSED] - BOAddonRetail = UtilityMethods.getTestData(dataFile, "BOAddonRetail", row): null

2019-09-27 18:28:38 - [TEST_STEP][PASSED] - BORetail = UtilityMethods.getTestData(dataFile, "BORetail", row): null

2019-09-27 18:28:38 - [TEST_STEP][PASSED] - BOShow = UtilityMethods.getTestData(dataFile, "BOShow", row): null

2019-09-27 18:28:38 - [TEST_STEP][PASSED] - BOOnlineoutlet = UtilityMethods.getTestData(dataFile, "BOOnlineoutlet", row): null

2019-09-27 18:28:38 - [TEST_STEP][PASSED] - BOEmployee = UtilityMethods.getTestData(dataFile, "BOEmployee", row): null

2019-09-27 18:28:38 - [TEST_STEP][PASSED] - CCPersonal = UtilityMethods.getTestData(dataFile, "CCPersonal", row): null

2019-09-27 18:28:38 - [TEST_STEP][PASSED] - CCRetail = UtilityMethods.getTestData(dataFile, "CCRetail", row): null

2019-09-27 18:28:38 - [TEST_STEP][PASSED] - CCShow = UtilityMethods.getTestData(dataFile, "CCShow", row): null

2019-09-27 18:28:38 - [TEST_STEP][PASSED] - BOEblast = UtilityMethods.getTestData(dataFile, "BOEblast", row): null

2019-09-27 18:28:38 - [TEST_STEP][PASSED] - println(row): null

2019-09-27 18:28:38 - [TEST_STEP][PASSED] - println(BOPersonal): null

2019-09-27 18:28:38 - [MESSAGE][PASSED] - Call Test Case 'Test Cases/NewArrival/populateTimeGlobalVars' successfully

2019-09-27 18:28:38 - [TEST_STEP][PASSED] - available = BOEblast: null

2019-09-27 18:28:38 - [TEST_STEP][PASSED] - callTestCase(findTestCase("NewArrival/setTimezone"), ["ofbizURL":"", "ofbizuser":"", "ofbizpass":"", "orderType":orderType, "timeZone":timeZone, "clockServerTarget":clockServerTarget], STOP_ON_FAILURE): Call Test Case 'Test Cases/NewArrival/setTimezone' successfully

2019-09-27 18:28:38 - [TEST_CASE][PASSED] - Test Cases/NewArrival/setTimezone: Test Cases/NewArrival/setTimezone

2019-09-27 18:28:39 - [TEST_STEP][PASSED] - openBrowser(""): Browser is opened with url: ''

2019-09-27 18:28:39 - [MESSAGE][WARNING] - A browser is already opened. Closing browser and opening a new one

2019-09-27 18:28:39 - [MESSAGE][INFO] - Starting 'Chrome' driver

2019-09-27 18:28:39 - [MESSAGE][INFO] - User set preference: ['args', '[--use-fake-ui-for-media-stream, --start-maximized]']

2019-09-27 18:28:42 - [MESSAGE][PASSED] - Browser is opened with url: ''

2019-09-27 18:28:42 - [TEST_STEP][NOT_RUN] - maximizeWindow(): NOT_RUN: maximizeWindow()

2019-09-27 18:28:42 - [MESSAGE][NOT_RUN] - NOT_RUN: maximizeWindow()

2019-09-27 18:28:42 - [TEST_STEP][PASSED] - ofbizURL = findTestData("envtData").getValue("ofbizURL", 1): null

2019-09-27 18:28:42 - [TEST_STEP][PASSED] - ofbizuser = findTestData("credData").getValue("ofbizuser", 1): null

2019-09-27 18:28:42 - [TEST_STEP][PASSED] - ofbizpass = findTestData("credData").getValue("ofbizpass", 1): null

2019-09-27 18:28:42 - [TEST_STEP][PASSED] - navigateToUrl(ofbizURL): Navigate to 'https://pushofbiz.cliotest.com/login.php' successfully

2019-09-27 18:28:44 - [MESSAGE][PASSED] - Navigate to 'https://pushofbiz.cliotest.com/login.php' successfully

2019-09-27 18:28:44 - [TEST_STEP][PASSED] - setText(findTestObject("Page_/input_Username_username"), ofbizuser): Text 'automation' is set on object 'Object Repository/Page_/input_Username_username'

2019-09-27 18:28:44 - [MESSAGE][PASSED] - Text 'automation' is set on object 'Object Repository/Page_/input_Username_username'

2019-09-27 18:28:44 - [TEST_STEP][PASSED] - setText(findTestObject("Page_/input_Password_password"), ofbizpass): Text 'cabiautomation' is set on object 'Object Repository/Page_/input_Password_password'

2019-09-27 18:28:44 - [MESSAGE][PASSED] - Text 'cabiautomation' is set on object 'Object Repository/Page_/input_Password_password'

2019-09-27 18:28:44 - [TEST_STEP][PASSED] - click(findTestObject("Page_/input_Password_Submit")): Object: 'Object Repository/Page_/input_Password_Submit' is clicked on

2019-09-27 18:28:49 - [MESSAGE][PASSED] - Object: 'Object Repository/Page_/input_Password_Submit' is clicked on

2019-09-27 18:28:49 - [TEST_STEP][PASSED] - click(findTestObject("Object Repository/Page_/a_Clock set")): Object: 'Object Repository/Page_/a_Clock set' is clicked on

2019-09-27 18:28:49 - [MESSAGE][PASSED] - Object: 'Object Repository/Page_/a_Clock set' is clicked on

2019-09-27 18:28:49 - [TEST_STEP][PASSED] - cst = UtilityMethods.createTestObject("select_target", "//select[@name='Target']/option[contains(text(), '", clockServerTarget, "')]"): null

2019-09-27 18:28:49 - [TEST_STEP][PASSED] - println(clockServerTarget): null

2019-09-27 18:28:49 - [TEST_STEP][PASSED] - click(cst): Object: 'select_target' is clicked on

2019-09-27 18:28:49 - [MESSAGE][PASSED] - Object: 'select_target' is clicked on

2019-09-27 18:28:49 - [TEST_STEP][PASSED] - click(findTestObject("Page_/thisDateAndTime")): Object: 'Object Repository/Page_/thisDateAndTime' is clicked on

2019-09-27 18:28:50 - [MESSAGE][PASSED] - Object: 'Object Repository/Page_/thisDateAndTime' is clicked on

2019-09-27 18:28:50 - [TEST_STEP][PASSED] - setText(findTestObject("Object Repository/Page_/setTargetTime"), timeZone): Text ' 10/16/2019 7:00' is set on object 'Object Repository/Page_/setTargetTime'

2019-09-27 18:28:50 - [MESSAGE][PASSED] - Text ' 10/16/2019 7:00' is set on object 'Object Repository/Page_/setTargetTime'

2019-09-27 18:28:50 - [TEST_STEP][PASSED] - click(findTestObject("Object Repository/Page_/input")): Object: 'Object Repository/Page_/input' is clicked on

2019-09-27 18:28:50 - [MESSAGE][PASSED] - Object: 'Object Repository/Page_/input' is clicked on

2019-09-27 18:28:50 - [TEST_STEP][PASSED] - delay(10): Delayed 10 second(s)

2019-09-27 18:29:00 - [MESSAGE][PASSED] - Delayed 10 second(s)

2019-09-27 18:29:00 - [TEST_STEP][NOT_RUN] - closeBrowser(): NOT_RUN: closeBrowser()

2019-09-27 18:29:00 - [MESSAGE][NOT_RUN] - NOT_RUN: closeBrowser()

2019-09-27 18:29:00 - [MESSAGE][PASSED] - Call Test Case 'Test Cases/NewArrival/setTimezone' successfully

2019-09-27 18:29:00 - [TEST_STEP][PASSED] - callTestCase(findTestCase("TestCaseUtilities/backOfficeLogin"), ["BOURL":"", "BOuser":"", "BOpass":""], STOP_ON_FAILURE): Call Test Case 'Test Cases/TestCaseUtilities/backOfficeLogin' successfully

2019-09-27 18:29:00 - [TEST_CASE][PASSED] - Test Cases/TestCaseUtilities/backOfficeLogin: Test Cases/TestCaseUtilities/backOfficeLogin

2019-09-27 18:29:01 - [TEST_STEP][PASSED] - BOURL = findTestData("envtData").getValue("BOURL", 1): null

2019-09-27 18:29:01 - [TEST_STEP][PASSED] - BOuser = findTestData("credData").getValue("BOuser", 1): null

2019-09-27 18:29:01 - [TEST_STEP][PASSED] - BOpass = findTestData("credData").getValue("BOpass", 1): null

2019-09-27 18:29:01 - [TEST_STEP][PASSED] - openBrowser(""): Browser is opened with url: ''

2019-09-27 18:29:01 - [MESSAGE][WARNING] - A browser is already opened. Closing browser and opening a new one

2019-09-27 18:29:02 - [MESSAGE][INFO] - Starting 'Chrome' driver

2019-09-27 18:29:02 - [MESSAGE][INFO] - User set preference: ['args', '[--use-fake-ui-for-media-stream, --start-maximized]']

2019-09-27 18:29:04 - [MESSAGE][PASSED] - Browser is opened with url: ''

2019-09-27 18:29:04 - [TEST_STEP][PASSED] - navigateToUrl(BOURL): Navigate to 'https://test4uk.cliotest.com/backoffice/control/main' successfully

2019-09-27 18:29:12 - [MESSAGE][PASSED] - Navigate to 'https://test4uk.cliotest.com/backoffice/control/main' successfully

2019-09-27 18:29:12 - [TEST_STEP][PASSED] - logOut = findWebElements(findTestObject("Object Repository/Page_cabi Home/log_out"), 1): Unable to find the element located by 'By.xpath: //a[contains(text(),'Log Out')]'. Please recheck the objects properties to make sure the desired element is located. 

2019-09-27 18:29:13 - [MESSAGE][INFO] - Unable to find the element located by 'By.xpath: //a[contains(text(),'Log Out')]'. Please recheck the objects properties to make sure the desired element is located. 

2019-09-27 18:29:13 - [TEST_STEP][PASSED] - if (logOut.size() == 0): Object: 'Object Repository/Page_cabi/input_Welcome to_consultantLogin' is clicked on

2019-09-27 18:29:13 - [TEST_STEP][PASSED] - setText(findTestObject("Page_cabi/input_Welcome to_USERNAME"), BOuser): Text 'uk1312' is set on object 'Object Repository/Page_cabi/input_Welcome to_USERNAME'

2019-09-27 18:29:13 - [MESSAGE][PASSED] - Text 'uk1312' is set on object 'Object Repository/Page_cabi/input_Welcome to_USERNAME'

2019-09-27 18:29:13 - [TEST_STEP][PASSED] - setText(findTestObject("Object Repository/Page_cabi/input_Welcome to_PASSWORD"), BOpass): Text 'blackdress19' is set on object 'Object Repository/Page_cabi/input_Welcome to_PASSWORD'

2019-09-27 18:29:13 - [MESSAGE][PASSED] - Text 'blackdress19' is set on object 'Object Repository/Page_cabi/input_Welcome to_PASSWORD'

2019-09-27 18:29:13 - [TEST_STEP][PASSED] - click(findTestObject("Object Repository/Page_cabi/input_Welcome to_consultantLogin")): Object: 'Object Repository/Page_cabi/input_Welcome to_consultantLogin' is clicked on

2019-09-27 18:29:23 - [MESSAGE][PASSED] - Object: 'Object Repository/Page_cabi/input_Welcome to_consultantLogin' is clicked on

2019-09-27 18:29:23 - [TEST_STEP][PASSED] - delay(3): Delayed 3 second(s)

2019-09-27 18:29:26 - [MESSAGE][PASSED] - Delayed 3 second(s)

2019-09-27 18:29:26 - [MESSAGE][PASSED] - Call Test Case 'Test Cases/TestCaseUtilities/backOfficeLogin' successfully

2019-09-27 18:29:26 - [TEST_STEP][PASSED] - click(findTestObject("Page_cabi Home/a_Connections")): Object: 'Object Repository/Page_cabi Home/a_Connections' is clicked on

2019-09-27 18:29:27 - [MESSAGE][PASSED] - Object: 'Object Repository/Page_cabi Home/a_Connections' is clicked on

2019-09-27 18:29:27 - [TEST_STEP][PASSED] - click(findTestObject("Page_cabi Home/a_Contact Manager")): Object: 'Object Repository/Page_cabi Home/a_Contact Manager' is clicked on

2019-09-27 18:29:31 - [MESSAGE][PASSED] - Object: 'Object Repository/Page_cabi Home/a_Contact Manager' is clicked on

2019-09-27 18:29:31 - [TEST_STEP][PASSED] - click(findTestObject("Page_cabi/span_SEND eBLAST")): Object: 'Object Repository/Page_cabi/span_SEND eBLAST' is clicked on

2019-09-27 18:29:31 - [MESSAGE][PASSED] - Object: 'Object Repository/Page_cabi/span_SEND eBLAST' is clicked on

2019-09-27 18:29:31 - [TEST_STEP][PASSED] - click(findTestObject("Object Repository/Page_cabi Eblast/a_Stylist Picks")): Object: 'Object Repository/Page_cabi Eblast/a_Stylist Picks' is clicked on

2019-09-27 18:29:43 - [MESSAGE][PASSED] - Object: 'Object Repository/Page_cabi Eblast/a_Stylist Picks' is clicked on

2019-09-27 18:29:43 - [TEST_STEP][PASSED] - click(findTestObject("Object Repository/Page_cabi Eblast/button_ADD PRODUCTS TO EBLAST")): Object: 'Object Repository/Page_cabi Eblast/button_ADD PRODUCTS TO EBLAST' is clicked on

2019-09-27 18:29:43 - [MESSAGE][PASSED] - Object: 'Object Repository/Page_cabi Eblast/button_ADD PRODUCTS TO EBLAST' is clicked on

2019-09-27 18:29:43 - [TEST_STEP][PASSED] - for ([row = 1, row <= findTestData("productData").getRowNumbers(), (row++)]): Actual text and expected text of test object 'Object Repository/Page_cabi Eblast/styleNotFound' are matched.

2019-09-27 18:29:43 - [TEST_STEP][PASSED] - delay(2): Delayed 2 second(s)

2019-09-27 18:29:45 - [MESSAGE][PASSED] - Delayed 2 second(s)

2019-09-27 18:29:45 - [TEST_STEP][PASSED] - setText(findTestObject("Page_cabi Eblast/eBlastStyleSearch"), findTestData("productData").getValue("Style", row)): Text '3875' is set on object 'Object Repository/Page_cabi Eblast/eBlastStyleSearch'

2019-09-27 18:29:45 - [MESSAGE][PASSED] - Text '3875' is set on object 'Object Repository/Page_cabi Eblast/eBlastStyleSearch'

2019-09-27 18:29:45 - [TEST_STEP][PASSED] - delay(4): Delayed 4 second(s)

2019-09-27 18:29:49 - [MESSAGE][PASSED] - Delayed 4 second(s)

2019-09-27 18:29:49 - [TEST_STEP][PASSED] - if (toString().equalsIgnoreCase("no")): Actual text and expected text of test object 'Object Repository/Page_cabi Eblast/styleNotFound' are matched.

2019-09-27 18:29:49 - [TEST_STEP][PASSED] - style_notfound = findWebElements(findTestObject("Page_cabi Eblast/styleNotFound"), 5): null

2019-09-27 18:29:50 - [TEST_STEP][PASSED] - delay(4): Delayed 4 second(s)

2019-09-27 18:29:54 - [MESSAGE][PASSED] - Delayed 4 second(s)

2019-09-27 18:29:54 - [TEST_STEP][PASSED] - println(style_notfound.size()): null

2019-09-27 18:29:54 - [TEST_STEP][PASSED] - assert style_notfound.size() > 0: null

2019-09-27 18:29:54 - [TEST_STEP][PASSED] - verifyElementText(findTestObject("Page_cabi Eblast/styleNotFound"), "No matching product"): Actual text and expected text of test object 'Object Repository/Page_cabi Eblast/styleNotFound' are matched.

2019-09-27 18:29:54 - [MESSAGE][PASSED] - Actual text and expected text of test object 'Object Repository/Page_cabi Eblast/styleNotFound' are matched.

2019-09-27 18:29:54 - [TEST_STEP][PASSED] - delay(2): Delayed 2 second(s)

2019-09-27 18:29:56 - [MESSAGE][PASSED] - Delayed 2 second(s)

2019-09-27 18:29:56 - [TEST_STEP][PASSED] - setText(findTestObject("Page_cabi Eblast/eBlastStyleSearch"), findTestData("productData").getValue("Style", row)): Text '3869' is set on object 'Object Repository/Page_cabi Eblast/eBlastStyleSearch'

2019-09-27 18:29:56 - [MESSAGE][PASSED] - Text '3869' is set on object 'Object Repository/Page_cabi Eblast/eBlastStyleSearch'

2019-09-27 18:29:56 - [TEST_STEP][PASSED] - delay(4): Delayed 4 second(s)

2019-09-27 18:30:00 - [MESSAGE][PASSED] - Delayed 4 second(s)

2019-09-27 18:30:00 - [TEST_STEP][PASSED] - if (toString().equalsIgnoreCase("no")): Actual text and expected text of test object 'Object Repository/Page_cabi Eblast/styleNotFound' are matched.

2019-09-27 18:30:00 - [TEST_STEP][PASSED] - style_notfound = findWebElements(findTestObject("Page_cabi Eblast/styleNotFound"), 5): null

2019-09-27 18:30:00 - [TEST_STEP][PASSED] - delay(4): Delayed 4 second(s)

2019-09-27 18:30:04 - [MESSAGE][PASSED] - Delayed 4 second(s)

2019-09-27 18:30:04 - [TEST_STEP][PASSED] - println(style_notfound.size()): null

2019-09-27 18:30:04 - [TEST_STEP][PASSED] - assert style_notfound.size() > 0: null

2019-09-27 18:30:04 - [TEST_STEP][PASSED] - verifyElementText(findTestObject("Page_cabi Eblast/styleNotFound"), "No matching product"): Actual text and expected text of test object 'Object Repository/Page_cabi Eblast/styleNotFound' are matched.

2019-09-27 18:30:04 - [MESSAGE][PASSED] - Actual text and expected text of test object 'Object Repository/Page_cabi Eblast/styleNotFound' are matched.

2019-09-27 18:30:04 - [TEST_STEP][PASSED] - delay(2): Delayed 2 second(s)

2019-09-27 18:30:06 - [MESSAGE][PASSED] - Delayed 2 second(s)

2019-09-27 18:30:06 - [TEST_STEP][PASSED] - setText(findTestObject("Page_cabi Eblast/eBlastStyleSearch"), findTestData("productData").getValue("Style", row)): Text '3870' is set on object 'Object Repository/Page_cabi Eblast/eBlastStyleSearch'

2019-09-27 18:30:06 - [MESSAGE][PASSED] - Text '3870' is set on object 'Object Repository/Page_cabi Eblast/eBlastStyleSearch'

2019-09-27 18:30:06 - [TEST_STEP][PASSED] - delay(4): Delayed 4 second(s)

2019-09-27 18:30:10 - [MESSAGE][PASSED] - Delayed 4 second(s)

2019-09-27 18:30:10 - [TEST_STEP][PASSED] - if (toString().equalsIgnoreCase("no")): Actual text and expected text of test object 'Object Repository/Page_cabi Eblast/styleNotFound' are matched.

2019-09-27 18:30:10 - [TEST_STEP][PASSED] - style_notfound = findWebElements(findTestObject("Page_cabi Eblast/styleNotFound"), 5): null

2019-09-27 18:30:10 - [TEST_STEP][PASSED] - delay(4): Delayed 4 second(s)

2019-09-27 18:30:14 - [MESSAGE][PASSED] - Delayed 4 second(s)

2019-09-27 18:30:14 - [TEST_STEP][PASSED] - println(style_notfound.size()): null

2019-09-27 18:30:14 - [TEST_STEP][PASSED] - assert style_notfound.size() > 0: null

2019-09-27 18:30:14 - [TEST_STEP][PASSED] - verifyElementText(findTestObject("Page_cabi Eblast/styleNotFound"), "No matching product"): Actual text and expected text of test object 'Object Repository/Page_cabi Eblast/styleNotFound' are matched.

2019-09-27 18:30:14 - [MESSAGE][PASSED] - Actual text and expected text of test object 'Object Repository/Page_cabi Eblast/styleNotFound' are matched.

2019-09-27 18:30:14 - [TEST_STEP][PASSED] - delay(2): Delayed 2 second(s)

2019-09-27 18:30:16 - [MESSAGE][PASSED] - Delayed 2 second(s)

2019-09-27 18:30:16 - [TEST_STEP][PASSED] - setText(findTestObject("Page_cabi Eblast/eBlastStyleSearch"), findTestData("productData").getValue("Style", row)): Text '3871' is set on object 'Object Repository/Page_cabi Eblast/eBlastStyleSearch'

2019-09-27 18:30:16 - [MESSAGE][PASSED] - Text '3871' is set on object 'Object Repository/Page_cabi Eblast/eBlastStyleSearch'

2019-09-27 18:30:16 - [TEST_STEP][PASSED] - delay(4): Delayed 4 second(s)

2019-09-27 18:30:20 - [MESSAGE][PASSED] - Delayed 4 second(s)

2019-09-27 18:30:20 - [TEST_STEP][PASSED] - if (toString().equalsIgnoreCase("no")): Actual text and expected text of test object 'Object Repository/Page_cabi Eblast/styleNotFound' are matched.

2019-09-27 18:30:20 - [TEST_STEP][PASSED] - style_notfound = findWebElements(findTestObject("Page_cabi Eblast/styleNotFound"), 5): null

2019-09-27 18:30:20 - [TEST_STEP][PASSED] - delay(4): Delayed 4 second(s)

2019-09-27 18:30:24 - [MESSAGE][PASSED] - Delayed 4 second(s)

2019-09-27 18:30:24 - [TEST_STEP][PASSED] - println(style_notfound.size()): null

2019-09-27 18:30:24 - [TEST_STEP][PASSED] - assert style_notfound.size() > 0: null

2019-09-27 18:30:24 - [TEST_STEP][PASSED] - verifyElementText(findTestObject("Page_cabi Eblast/styleNotFound"), "No matching product"): Actual text and expected text of test object 'Object Repository/Page_cabi Eblast/styleNotFound' are matched.

2019-09-27 18:30:24 - [MESSAGE][PASSED] - Actual text and expected text of test object 'Object Repository/Page_cabi Eblast/styleNotFound' are matched.

2019-09-27 18:30:24 - [TEST_STEP][PASSED] - delay(2): Delayed 2 second(s)

2019-09-27 18:30:26 - [MESSAGE][PASSED] - Delayed 2 second(s)

2019-09-27 18:30:26 - [TEST_STEP][PASSED] - setText(findTestObject("Page_cabi Eblast/eBlastStyleSearch"), findTestData("productData").getValue("Style", row)): Text '3857' is set on object 'Object Repository/Page_cabi Eblast/eBlastStyleSearch'

2019-09-27 18:30:26 - [MESSAGE][PASSED] - Text '3857' is set on object 'Object Repository/Page_cabi Eblast/eBlastStyleSearch'

2019-09-27 18:30:26 - [TEST_STEP][PASSED] - delay(4): Delayed 4 second(s)

2019-09-27 18:30:30 - [MESSAGE][PASSED] - Delayed 4 second(s)

2019-09-27 18:30:30 - [TEST_STEP][PASSED] - if (toString().equalsIgnoreCase("no")): Actual text and expected text of test object 'Object Repository/Page_cabi Eblast/styleNotFound' are matched.

2019-09-27 18:30:30 - [TEST_STEP][PASSED] - style_notfound = findWebElements(findTestObject("Page_cabi Eblast/styleNotFound"), 5): null

2019-09-27 18:30:30 - [TEST_STEP][PASSED] - delay(4): Delayed 4 second(s)

2019-09-27 18:30:34 - [MESSAGE][PASSED] - Delayed 4 second(s)

2019-09-27 18:30:34 - [TEST_STEP][PASSED] - println(style_notfound.size()): null

2019-09-27 18:30:34 - [TEST_STEP][PASSED] - assert style_notfound.size() > 0: null

2019-09-27 18:30:34 - [TEST_STEP][PASSED] - verifyElementText(findTestObject("Page_cabi Eblast/styleNotFound"), "No matching product"): Actual text and expected text of test object 'Object Repository/Page_cabi Eblast/styleNotFound' are matched.

2019-09-27 18:30:34 - [MESSAGE][PASSED] - Actual text and expected text of test object 'Object Repository/Page_cabi Eblast/styleNotFound' are matched.

2019-09-27 18:30:34 - [TEST_STEP][PASSED] - delay(2): Delayed 2 second(s)

2019-09-27 18:30:36 - [MESSAGE][PASSED] - Delayed 2 second(s)

2019-09-27 18:30:36 - [TEST_STEP][PASSED] - setText(findTestObject("Page_cabi Eblast/eBlastStyleSearch"), findTestData("productData").getValue("Style", row)): Text '3864' is set on object 'Object Repository/Page_cabi Eblast/eBlastStyleSearch'

2019-09-27 18:30:37 - [MESSAGE][PASSED] - Text '3864' is set on object 'Object Repository/Page_cabi Eblast/eBlastStyleSearch'

2019-09-27 18:30:37 - [TEST_STEP][PASSED] - delay(4): Delayed 4 second(s)

2019-09-27 18:30:41 - [MESSAGE][PASSED] - Delayed 4 second(s)

2019-09-27 18:30:41 - [TEST_STEP][PASSED] - if (toString().equalsIgnoreCase("no")): Actual text and expected text of test object 'Object Repository/Page_cabi Eblast/styleNotFound' are matched.

2019-09-27 18:30:41 - [TEST_STEP][PASSED] - style_notfound = findWebElements(findTestObject("Page_cabi Eblast/styleNotFound"), 5): null

2019-09-27 18:30:41 - [TEST_STEP][PASSED] - delay(4): Delayed 4 second(s)

2019-09-27 18:30:45 - [MESSAGE][PASSED] - Delayed 4 second(s)

2019-09-27 18:30:45 - [TEST_STEP][PASSED] - println(style_notfound.size()): null

2019-09-27 18:30:45 - [TEST_STEP][PASSED] - assert style_notfound.size() > 0: null

2019-09-27 18:30:45 - [TEST_STEP][PASSED] - verifyElementText(findTestObject("Page_cabi Eblast/styleNotFound"), "No matching product"): Actual text and expected text of test object 'Object Repository/Page_cabi Eblast/styleNotFound' are matched.

2019-09-27 18:30:45 - [MESSAGE][PASSED] - Actual text and expected text of test object 'Object Repository/Page_cabi Eblast/styleNotFound' are matched.

2019-09-27 18:30:45 - [TEST_STEP][PASSED] - delay(2): Delayed 2 second(s)

2019-09-27 18:30:47 - [MESSAGE][PASSED] - Delayed 2 second(s)

2019-09-27 18:30:47 - [TEST_STEP][PASSED] - setText(findTestObject("Page_cabi Eblast/eBlastStyleSearch"), findTestData("productData").getValue("Style", row)): Text '3865' is set on object 'Object Repository/Page_cabi Eblast/eBlastStyleSearch'

2019-09-27 18:30:47 - [MESSAGE][PASSED] - Text '3865' is set on object 'Object Repository/Page_cabi Eblast/eBlastStyleSearch'

2019-09-27 18:30:47 - [TEST_STEP][PASSED] - delay(4): Delayed 4 second(s)

2019-09-27 18:30:51 - [MESSAGE][PASSED] - Delayed 4 second(s)

2019-09-27 18:30:51 - [TEST_STEP][PASSED] - if (toString().equalsIgnoreCase("no")): Actual text and expected text of test object 'Object Repository/Page_cabi Eblast/styleNotFound' are matched.

2019-09-27 18:30:51 - [TEST_STEP][PASSED] - style_notfound = findWebElements(findTestObject("Page_cabi Eblast/styleNotFound"), 5): null

2019-09-27 18:30:51 - [TEST_STEP][PASSED] - delay(4): Delayed 4 second(s)

2019-09-27 18:30:55 - [MESSAGE][PASSED] - Delayed 4 second(s)

2019-09-27 18:30:55 - [TEST_STEP][PASSED] - println(style_notfound.size()): null

2019-09-27 18:30:55 - [TEST_STEP][PASSED] - assert style_notfound.size() > 0: null

2019-09-27 18:30:55 - [TEST_STEP][PASSED] - verifyElementText(findTestObject("Page_cabi Eblast/styleNotFound"), "No matching product"): Actual text and expected text of test object 'Object Repository/Page_cabi Eblast/styleNotFound' are matched.

2019-09-27 18:30:55 - [MESSAGE][PASSED] - Actual text and expected text of test object 'Object Repository/Page_cabi Eblast/styleNotFound' are matched.

2019-09-27 18:30:55 - [TEST_STEP][PASSED] - delay(2): Delayed 2 second(s)

2019-09-27 18:30:57 - [MESSAGE][PASSED] - Delayed 2 second(s)

2019-09-27 18:30:57 - [TEST_STEP][PASSED] - setText(findTestObject("Page_cabi Eblast/eBlastStyleSearch"), findTestData("productData").getValue("Style", row)): Text '3843' is set on object 'Object Repository/Page_cabi Eblast/eBlastStyleSearch'

2019-09-27 18:30:57 - [MESSAGE][PASSED] - Text '3843' is set on object 'Object Repository/Page_cabi Eblast/eBlastStyleSearch'

2019-09-27 18:30:57 - [TEST_STEP][PASSED] - delay(4): Delayed 4 second(s)

2019-09-27 18:31:01 - [MESSAGE][PASSED] - Delayed 4 second(s)

2019-09-27 18:31:01 - [TEST_STEP][PASSED] - if (toString().equalsIgnoreCase("no")): Actual text and expected text of test object 'Object Repository/Page_cabi Eblast/styleNotFound' are matched.

2019-09-27 18:31:01 - [TEST_STEP][PASSED] - style_notfound = findWebElements(findTestObject("Page_cabi Eblast/styleNotFound"), 5): null

2019-09-27 18:31:01 - [TEST_STEP][PASSED] - delay(4): Delayed 4 second(s)

2019-09-27 18:31:05 - [MESSAGE][PASSED] - Delayed 4 second(s)

2019-09-27 18:31:05 - [TEST_STEP][PASSED] - println(style_notfound.size()): null

2019-09-27 18:31:05 - [TEST_STEP][PASSED] - assert style_notfound.size() > 0: null

2019-09-27 18:31:05 - [TEST_STEP][PASSED] - verifyElementText(findTestObject("Page_cabi Eblast/styleNotFound"), "No matching product"): Actual text and expected text of test object 'Object Repository/Page_cabi Eblast/styleNotFound' are matched.

2019-09-27 18:31:05 - [MESSAGE][PASSED] - Actual text and expected text of test object 'Object Repository/Page_cabi Eblast/styleNotFound' are matched.

2019-09-27 18:31:05 - [TEST_STEP][PASSED] - delay(2): Delayed 2 second(s)

2019-09-27 18:31:07 - [MESSAGE][PASSED] - Delayed 2 second(s)

2019-09-27 18:31:07 - [TEST_STEP][PASSED] - setText(findTestObject("Page_cabi Eblast/eBlastStyleSearch"), findTestData("productData").getValue("Style", row)): Text '3846' is set on object 'Object Repository/Page_cabi Eblast/eBlastStyleSearch'

2019-09-27 18:31:07 - [MESSAGE][PASSED] - Text '3846' is set on object 'Object Repository/Page_cabi Eblast/eBlastStyleSearch'

2019-09-27 18:31:07 - [TEST_STEP][PASSED] - delay(4): Delayed 4 second(s)

2019-09-27 18:31:11 - [MESSAGE][PASSED] - Delayed 4 second(s)

2019-09-27 18:31:11 - [TEST_STEP][PASSED] - if (toString().equalsIgnoreCase("no")): Actual text and expected text of test object 'Object Repository/Page_cabi Eblast/styleNotFound' are matched.

2019-09-27 18:31:11 - [TEST_STEP][PASSED] - style_notfound = findWebElements(findTestObject("Page_cabi Eblast/styleNotFound"), 5): null

2019-09-27 18:31:11 - [TEST_STEP][PASSED] - delay(4): Delayed 4 second(s)

2019-09-27 18:31:15 - [MESSAGE][PASSED] - Delayed 4 second(s)

2019-09-27 18:31:15 - [TEST_STEP][PASSED] - println(style_notfound.size()): null

2019-09-27 18:31:15 - [TEST_STEP][PASSED] - assert style_notfound.size() > 0: null

2019-09-27 18:31:15 - [TEST_STEP][PASSED] - verifyElementText(findTestObject("Page_cabi Eblast/styleNotFound"), "No matching product"): Actual text and expected text of test object 'Object Repository/Page_cabi Eblast/styleNotFound' are matched.

2019-09-27 18:31:15 - [MESSAGE][PASSED] - Actual text and expected text of test object 'Object Repository/Page_cabi Eblast/styleNotFound' are matched.

2019-09-27 18:31:15 - [TEST_STEP][PASSED] - delay(2): Delayed 2 second(s)

2019-09-27 18:31:17 - [MESSAGE][PASSED] - Delayed 2 second(s)

2019-09-27 18:31:17 - [TEST_STEP][PASSED] - setText(findTestObject("Page_cabi Eblast/eBlastStyleSearch"), findTestData("productData").getValue("Style", row)): Text '3861' is set on object 'Object Repository/Page_cabi Eblast/eBlastStyleSearch'

2019-09-27 18:31:17 - [MESSAGE][PASSED] - Text '3861' is set on object 'Object Repository/Page_cabi Eblast/eBlastStyleSearch'

2019-09-27 18:31:17 - [TEST_STEP][PASSED] - delay(4): Delayed 4 second(s)

2019-09-27 18:31:21 - [MESSAGE][PASSED] - Delayed 4 second(s)

2019-09-27 18:31:21 - [TEST_STEP][PASSED] - if (toString().equalsIgnoreCase("no")): Actual text and expected text of test object 'Object Repository/Page_cabi Eblast/styleNotFound' are matched.

2019-09-27 18:31:21 - [TEST_STEP][PASSED] - style_notfound = findWebElements(findTestObject("Page_cabi Eblast/styleNotFound"), 5): null

2019-09-27 18:31:21 - [TEST_STEP][PASSED] - delay(4): Delayed 4 second(s)

2019-09-27 18:31:25 - [MESSAGE][PASSED] - Delayed 4 second(s)

2019-09-27 18:31:25 - [TEST_STEP][PASSED] - println(style_notfound.size()): null

2019-09-27 18:31:25 - [TEST_STEP][PASSED] - assert style_notfound.size() > 0: null

2019-09-27 18:31:25 - [TEST_STEP][PASSED] - verifyElementText(findTestObject("Page_cabi Eblast/styleNotFound"), "No matching product"): Actual text and expected text of test object 'Object Repository/Page_cabi Eblast/styleNotFound' are matched.

2019-09-27 18:31:26 - [MESSAGE][PASSED] - Actual text and expected text of test object 'Object Repository/Page_cabi Eblast/styleNotFound' are matched.

2019-09-27 18:31:26 - [TEST_STEP][PASSED] - delay(2): Delayed 2 second(s)

2019-09-27 18:31:28 - [MESSAGE][PASSED] - Delayed 2 second(s)

2019-09-27 18:31:28 - [TEST_STEP][PASSED] - setText(findTestObject("Page_cabi Eblast/eBlastStyleSearch"), findTestData("productData").getValue("Style", row)): Text '3863' is set on object 'Object Repository/Page_cabi Eblast/eBlastStyleSearch'

2019-09-27 18:31:28 - [MESSAGE][PASSED] - Text '3863' is set on object 'Object Repository/Page_cabi Eblast/eBlastStyleSearch'

2019-09-27 18:31:28 - [TEST_STEP][PASSED] - delay(4): Delayed 4 second(s)

2019-09-27 18:31:32 - [MESSAGE][PASSED] - Delayed 4 second(s)

2019-09-27 18:31:32 - [TEST_STEP][PASSED] - if (toString().equalsIgnoreCase("no")): Actual text and expected text of test object 'Object Repository/Page_cabi Eblast/styleNotFound' are matched.

2019-09-27 18:31:32 - [TEST_STEP][PASSED] - style_notfound = findWebElements(findTestObject("Page_cabi Eblast/styleNotFound"), 5): null

2019-09-27 18:31:32 - [TEST_STEP][PASSED] - delay(4): Delayed 4 second(s)

2019-09-27 18:31:36 - [MESSAGE][PASSED] - Delayed 4 second(s)

2019-09-27 18:31:36 - [TEST_STEP][PASSED] - println(style_notfound.size()): null

2019-09-27 18:31:36 - [TEST_STEP][PASSED] - assert style_notfound.size() > 0: null

2019-09-27 18:31:36 - [TEST_STEP][PASSED] - verifyElementText(findTestObject("Page_cabi Eblast/styleNotFound"), "No matching product"): Actual text and expected text of test object 'Object Repository/Page_cabi Eblast/styleNotFound' are matched.

2019-09-27 18:31:36 - [MESSAGE][PASSED] - Actual text and expected text of test object 'Object Repository/Page_cabi Eblast/styleNotFound' are matched.

2019-09-27 18:31:36 - [TEST_STEP][PASSED] - delay(2): Delayed 2 second(s)

2019-09-27 18:31:38 - [MESSAGE][PASSED] - Delayed 2 second(s)

2019-09-27 18:31:38 - [TEST_STEP][PASSED] - setText(findTestObject("Page_cabi Eblast/eBlastStyleSearch"), findTestData("productData").getValue("Style", row)): Text '3850' is set on object 'Object Repository/Page_cabi Eblast/eBlastStyleSearch'

2019-09-27 18:31:38 - [MESSAGE][PASSED] - Text '3850' is set on object 'Object Repository/Page_cabi Eblast/eBlastStyleSearch'

2019-09-27 18:31:38 - [TEST_STEP][PASSED] - delay(4): Delayed 4 second(s)

2019-09-27 18:31:42 - [MESSAGE][PASSED] - Delayed 4 second(s)

2019-09-27 18:31:42 - [TEST_STEP][PASSED] - if (toString().equalsIgnoreCase("no")): Actual text and expected text of test object 'Object Repository/Page_cabi Eblast/styleNotFound' are matched.

2019-09-27 18:31:42 - [TEST_STEP][PASSED] - style_notfound = findWebElements(findTestObject("Page_cabi Eblast/styleNotFound"), 5): null

2019-09-27 18:31:42 - [TEST_STEP][PASSED] - delay(4): Delayed 4 second(s)

2019-09-27 18:31:46 - [MESSAGE][PASSED] - Delayed 4 second(s)

2019-09-27 18:31:46 - [TEST_STEP][PASSED] - println(style_notfound.size()): null

2019-09-27 18:31:46 - [TEST_STEP][PASSED] - assert style_notfound.size() > 0: null

2019-09-27 18:31:46 - [TEST_STEP][PASSED] - verifyElementText(findTestObject("Page_cabi Eblast/styleNotFound"), "No matching product"): Actual text and expected text of test object 'Object Repository/Page_cabi Eblast/styleNotFound' are matched.

2019-09-27 18:31:46 - [MESSAGE][PASSED] - Actual text and expected text of test object 'Object Repository/Page_cabi Eblast/styleNotFound' are matched.

2019-09-27 18:31:46 - [TEST_STEP][PASSED] - callTestCase(findTestCase("NewArrival/populateTimeGlobalVars"), ["row":timeRow], STOP_ON_FAILURE): Call Test Case 'Test Cases/NewArrival/populateTimeGlobalVars' successfully

2019-09-27 18:31:46 - [TEST_CASE][PASSED] - Test Cases/NewArrival/populateTimeGlobalVars: Test Cases/NewArrival/populateTimeGlobalVars

2019-09-27 18:31:46 - [TEST_STEP][PASSED] - dataFile = "timezoneData": null

2019-09-27 18:31:46 - [TEST_STEP][PASSED] - clockServerTarget = UtilityMethods.getTestData("envtData", "clockServerTarget", 1): null

2019-09-27 18:31:46 - [TEST_STEP][PASSED] - println(clockServerTarget): null

2019-09-27 18:31:46 - [TEST_STEP][PASSED] - orderType = UtilityMethods.getTestData(dataFile, "orderType", row): null

2019-09-27 18:31:46 - [TEST_STEP][PASSED] - timeZone = UtilityMethods.getTestData(dataFile, "timeZone", row): null

2019-09-27 18:31:46 - [TEST_STEP][PASSED] - BOPersonal = UtilityMethods.getTestData(dataFile, "BOPersonal", row): null

2019-09-27 18:31:46 - [TEST_STEP][PASSED] - BOAddonPersonal = UtilityMethods.getTestData(dataFile, "BOAddonPersonal", row): null

2019-09-27 18:31:46 - [TEST_STEP][PASSED] - BOAddonRetail = UtilityMethods.getTestData(dataFile, "BOAddonRetail", row): null

2019-09-27 18:31:46 - [TEST_STEP][PASSED] - BORetail = UtilityMethods.getTestData(dataFile, "BORetail", row): null

2019-09-27 18:31:46 - [TEST_STEP][PASSED] - BOShow = UtilityMethods.getTestData(dataFile, "BOShow", row): null

2019-09-27 18:31:46 - [TEST_STEP][PASSED] - BOOnlineoutlet = UtilityMethods.getTestData(dataFile, "BOOnlineoutlet", row): null

2019-09-27 18:31:46 - [TEST_STEP][PASSED] - BOEmployee = UtilityMethods.getTestData(dataFile, "BOEmployee", row): null

2019-09-27 18:31:46 - [TEST_STEP][PASSED] - CCPersonal = UtilityMethods.getTestData(dataFile, "CCPersonal", row): null

2019-09-27 18:31:46 - [TEST_STEP][PASSED] - CCRetail = UtilityMethods.getTestData(dataFile, "CCRetail", row): null

2019-09-27 18:31:46 - [TEST_STEP][PASSED] - CCShow = UtilityMethods.getTestData(dataFile, "CCShow", row): null

2019-09-27 18:31:46 - [TEST_STEP][PASSED] - BOEblast = UtilityMethods.getTestData(dataFile, "BOEblast", row): null

2019-09-27 18:31:46 - [TEST_STEP][PASSED] - println(row): null

2019-09-27 18:31:46 - [TEST_STEP][PASSED] - println(BOPersonal): null

2019-09-27 18:31:46 - [MESSAGE][PASSED] - Call Test Case 'Test Cases/NewArrival/populateTimeGlobalVars' successfully

2019-09-27 18:31:46 - [TEST_STEP][PASSED] - available = BOEblast: null

2019-09-27 18:31:46 - [TEST_STEP][PASSED] - callTestCase(findTestCase("NewArrival/setTimezone"), ["ofbizURL":"", "ofbizuser":"", "ofbizpass":"", "orderType":orderType, "timeZone":timeZone, "clockServerTarget":clockServerTarget], STOP_ON_FAILURE): Call Test Case 'Test Cases/NewArrival/setTimezone' successfully

2019-09-27 18:31:46 - [TEST_CASE][PASSED] - Test Cases/NewArrival/setTimezone: Test Cases/NewArrival/setTimezone

2019-09-27 18:31:46 - [TEST_STEP][PASSED] - openBrowser(""): Browser is opened with url: ''

2019-09-27 18:31:46 - [MESSAGE][WARNING] - A browser is already opened. Closing browser and opening a new one

2019-09-27 18:31:47 - [MESSAGE][INFO] - Starting 'Chrome' driver

2019-09-27 18:31:47 - [MESSAGE][INFO] - User set preference: ['args', '[--use-fake-ui-for-media-stream, --start-maximized]']

2019-09-27 18:31:50 - [MESSAGE][PASSED] - Browser is opened with url: ''

2019-09-27 18:31:50 - [TEST_STEP][NOT_RUN] - maximizeWindow(): NOT_RUN: maximizeWindow()

2019-09-27 18:31:50 - [MESSAGE][NOT_RUN] - NOT_RUN: maximizeWindow()

2019-09-27 18:31:50 - [TEST_STEP][PASSED] - ofbizURL = findTestData("envtData").getValue("ofbizURL", 1): null

2019-09-27 18:31:50 - [TEST_STEP][PASSED] - ofbizuser = findTestData("credData").getValue("ofbizuser", 1): null

2019-09-27 18:31:50 - [TEST_STEP][PASSED] - ofbizpass = findTestData("credData").getValue("ofbizpass", 1): null

2019-09-27 18:31:50 - [TEST_STEP][PASSED] - navigateToUrl(ofbizURL): Navigate to 'https://pushofbiz.cliotest.com/login.php' successfully

2019-09-27 18:31:52 - [MESSAGE][PASSED] - Navigate to 'https://pushofbiz.cliotest.com/login.php' successfully

2019-09-27 18:31:52 - [TEST_STEP][PASSED] - setText(findTestObject("Page_/input_Username_username"), ofbizuser): Text 'automation' is set on object 'Object Repository/Page_/input_Username_username'

2019-09-27 18:31:52 - [MESSAGE][PASSED] - Text 'automation' is set on object 'Object Repository/Page_/input_Username_username'

2019-09-27 18:31:52 - [TEST_STEP][PASSED] - setText(findTestObject("Page_/input_Password_password"), ofbizpass): Text 'cabiautomation' is set on object 'Object Repository/Page_/input_Password_password'

2019-09-27 18:31:52 - [MESSAGE][PASSED] - Text 'cabiautomation' is set on object 'Object Repository/Page_/input_Password_password'

2019-09-27 18:31:52 - [TEST_STEP][PASSED] - click(findTestObject("Page_/input_Password_Submit")): Object: 'Object Repository/Page_/input_Password_Submit' is clicked on

2019-09-27 18:31:56 - [MESSAGE][PASSED] - Object: 'Object Repository/Page_/input_Password_Submit' is clicked on

2019-09-27 18:31:56 - [TEST_STEP][PASSED] - click(findTestObject("Object Repository/Page_/a_Clock set")): Object: 'Object Repository/Page_/a_Clock set' is clicked on

2019-09-27 18:31:57 - [MESSAGE][PASSED] - Object: 'Object Repository/Page_/a_Clock set' is clicked on

2019-09-27 18:31:57 - [TEST_STEP][PASSED] - cst = UtilityMethods.createTestObject("select_target", "//select[@name='Target']/option[contains(text(), '", clockServerTarget, "')]"): null

2019-09-27 18:31:57 - [TEST_STEP][PASSED] - println(clockServerTarget): null

2019-09-27 18:31:57 - [TEST_STEP][PASSED] - click(cst): Object: 'select_target' is clicked on

2019-09-27 18:31:57 - [MESSAGE][PASSED] - Object: 'select_target' is clicked on

2019-09-27 18:31:57 - [TEST_STEP][PASSED] - click(findTestObject("Page_/thisDateAndTime")): Object: 'Object Repository/Page_/thisDateAndTime' is clicked on

2019-09-27 18:31:57 - [MESSAGE][PASSED] - Object: 'Object Repository/Page_/thisDateAndTime' is clicked on

2019-09-27 18:31:57 - [TEST_STEP][PASSED] - setText(findTestObject("Object Repository/Page_/setTargetTime"), timeZone): Text ' 10/24/2019 00:00' is set on object 'Object Repository/Page_/setTargetTime'

2019-09-27 18:31:57 - [MESSAGE][PASSED] - Text ' 10/24/2019 00:00' is set on object 'Object Repository/Page_/setTargetTime'

2019-09-27 18:31:57 - [TEST_STEP][PASSED] - click(findTestObject("Object Repository/Page_/input")): Object: 'Object Repository/Page_/input' is clicked on

2019-09-27 18:31:58 - [MESSAGE][PASSED] - Object: 'Object Repository/Page_/input' is clicked on

2019-09-27 18:31:58 - [TEST_STEP][PASSED] - delay(10): Delayed 10 second(s)

2019-09-27 18:32:08 - [MESSAGE][PASSED] - Delayed 10 second(s)

2019-09-27 18:32:08 - [TEST_STEP][NOT_RUN] - closeBrowser(): NOT_RUN: closeBrowser()

2019-09-27 18:32:08 - [MESSAGE][NOT_RUN] - NOT_RUN: closeBrowser()

2019-09-27 18:32:08 - [MESSAGE][PASSED] - Call Test Case 'Test Cases/NewArrival/setTimezone' successfully

2019-09-27 18:32:08 - [TEST_STEP][PASSED] - callTestCase(findTestCase("TestCaseUtilities/backOfficeLogin"), ["BOURL":"", "BOuser":"", "BOpass":""], STOP_ON_FAILURE): Call Test Case 'Test Cases/TestCaseUtilities/backOfficeLogin' successfully

2019-09-27 18:32:08 - [TEST_CASE][PASSED] - Test Cases/TestCaseUtilities/backOfficeLogin: Test Cases/TestCaseUtilities/backOfficeLogin

2019-09-27 18:32:08 - [TEST_STEP][PASSED] - BOURL = findTestData("envtData").getValue("BOURL", 1): null

2019-09-27 18:32:08 - [TEST_STEP][PASSED] - BOuser = findTestData("credData").getValue("BOuser", 1): null

2019-09-27 18:32:08 - [TEST_STEP][PASSED] - BOpass = findTestData("credData").getValue("BOpass", 1): null

2019-09-27 18:32:08 - [TEST_STEP][PASSED] - openBrowser(""): Browser is opened with url: ''

2019-09-27 18:32:08 - [MESSAGE][WARNING] - A browser is already opened. Closing browser and opening a new one

2019-09-27 18:32:09 - [MESSAGE][INFO] - Starting 'Chrome' driver

2019-09-27 18:32:09 - [MESSAGE][INFO] - User set preference: ['args', '[--use-fake-ui-for-media-stream, --start-maximized]']

2019-09-27 18:32:11 - [MESSAGE][PASSED] - Browser is opened with url: ''

2019-09-27 18:32:11 - [TEST_STEP][PASSED] - navigateToUrl(BOURL): Navigate to 'https://test4uk.cliotest.com/backoffice/control/main' successfully

2019-09-27 18:32:19 - [MESSAGE][PASSED] - Navigate to 'https://test4uk.cliotest.com/backoffice/control/main' successfully

2019-09-27 18:32:19 - [TEST_STEP][PASSED] - logOut = findWebElements(findTestObject("Object Repository/Page_cabi Home/log_out"), 1): Unable to find the element located by 'By.xpath: //a[contains(text(),'Log Out')]'. Please recheck the objects properties to make sure the desired element is located. 

2019-09-27 18:32:20 - [MESSAGE][INFO] - Unable to find the element located by 'By.xpath: //a[contains(text(),'Log Out')]'. Please recheck the objects properties to make sure the desired element is located. 

2019-09-27 18:32:20 - [TEST_STEP][PASSED] - if (logOut.size() == 0): Object: 'Object Repository/Page_cabi/input_Welcome to_consultantLogin' is clicked on

2019-09-27 18:32:20 - [TEST_STEP][PASSED] - setText(findTestObject("Page_cabi/input_Welcome to_USERNAME"), BOuser): Text 'uk1312' is set on object 'Object Repository/Page_cabi/input_Welcome to_USERNAME'

2019-09-27 18:32:21 - [MESSAGE][PASSED] - Text 'uk1312' is set on object 'Object Repository/Page_cabi/input_Welcome to_USERNAME'

2019-09-27 18:32:21 - [TEST_STEP][PASSED] - setText(findTestObject("Object Repository/Page_cabi/input_Welcome to_PASSWORD"), BOpass): Text 'blackdress19' is set on object 'Object Repository/Page_cabi/input_Welcome to_PASSWORD'

2019-09-27 18:32:21 - [MESSAGE][PASSED] - Text 'blackdress19' is set on object 'Object Repository/Page_cabi/input_Welcome to_PASSWORD'

2019-09-27 18:32:21 - [TEST_STEP][PASSED] - click(findTestObject("Object Repository/Page_cabi/input_Welcome to_consultantLogin")): Object: 'Object Repository/Page_cabi/input_Welcome to_consultantLogin' is clicked on

2019-09-27 18:32:30 - [MESSAGE][PASSED] - Object: 'Object Repository/Page_cabi/input_Welcome to_consultantLogin' is clicked on

2019-09-27 18:32:30 - [TEST_STEP][PASSED] - delay(3): Delayed 3 second(s)

2019-09-27 18:32:33 - [MESSAGE][PASSED] - Delayed 3 second(s)

2019-09-27 18:32:33 - [MESSAGE][PASSED] - Call Test Case 'Test Cases/TestCaseUtilities/backOfficeLogin' successfully

2019-09-27 18:32:33 - [TEST_STEP][PASSED] - click(findTestObject("Page_cabi Home/a_Connections")): Object: 'Object Repository/Page_cabi Home/a_Connections' is clicked on

2019-09-27 18:32:33 - [MESSAGE][PASSED] - Object: 'Object Repository/Page_cabi Home/a_Connections' is clicked on

2019-09-27 18:32:33 - [TEST_STEP][PASSED] - click(findTestObject("Page_cabi Home/a_Contact Manager")): Object: 'Object Repository/Page_cabi Home/a_Contact Manager' is clicked on

2019-09-27 18:32:38 - [MESSAGE][PASSED] - Object: 'Object Repository/Page_cabi Home/a_Contact Manager' is clicked on

2019-09-27 18:32:38 - [TEST_STEP][PASSED] - click(findTestObject("Page_cabi/span_SEND eBLAST")): Object: 'Object Repository/Page_cabi/span_SEND eBLAST' is clicked on

2019-09-27 18:32:38 - [MESSAGE][PASSED] - Object: 'Object Repository/Page_cabi/span_SEND eBLAST' is clicked on

2019-09-27 18:32:38 - [TEST_STEP][PASSED] - click(findTestObject("Object Repository/Page_cabi Eblast/a_Stylist Picks")): Object: 'Object Repository/Page_cabi Eblast/a_Stylist Picks' is clicked on

2019-09-27 18:32:48 - [MESSAGE][PASSED] - Object: 'Object Repository/Page_cabi Eblast/a_Stylist Picks' is clicked on

2019-09-27 18:32:48 - [TEST_STEP][PASSED] - click(findTestObject("Object Repository/Page_cabi Eblast/button_ADD PRODUCTS TO EBLAST")): Object: 'Object Repository/Page_cabi Eblast/button_ADD PRODUCTS TO EBLAST' is clicked on

2019-09-27 18:32:48 - [MESSAGE][PASSED] - Object: 'Object Repository/Page_cabi Eblast/button_ADD PRODUCTS TO EBLAST' is clicked on

2019-09-27 18:32:48 - [TEST_STEP][PASSED] - for ([row = 1, row <= findTestData("productData").getRowNumbers(), (row++)]): Actual text and expected text of test object 'Object Repository/Page_cabi Eblast/styleNotFound' are matched.

2019-09-27 18:32:48 - [TEST_STEP][PASSED] - delay(2): Delayed 2 second(s)

2019-09-27 18:32:50 - [MESSAGE][PASSED] - Delayed 2 second(s)

2019-09-27 18:32:50 - [TEST_STEP][PASSED] - setText(findTestObject("Page_cabi Eblast/eBlastStyleSearch"), findTestData("productData").getValue("Style", row)): Text '3875' is set on object 'Object Repository/Page_cabi Eblast/eBlastStyleSearch'

2019-09-27 18:32:50 - [MESSAGE][PASSED] - Text '3875' is set on object 'Object Repository/Page_cabi Eblast/eBlastStyleSearch'

2019-09-27 18:32:50 - [TEST_STEP][PASSED] - delay(4): Delayed 4 second(s)

2019-09-27 18:32:54 - [MESSAGE][PASSED] - Delayed 4 second(s)

2019-09-27 18:32:54 - [TEST_STEP][PASSED] - if (toString().equalsIgnoreCase("no")): Actual text and expected text of test object 'Object Repository/Page_cabi Eblast/styleNotFound' are matched.

2019-09-27 18:32:54 - [TEST_STEP][PASSED] - style_notfound = findWebElements(findTestObject("Page_cabi Eblast/styleNotFound"), 5): null

2019-09-27 18:32:54 - [TEST_STEP][PASSED] - delay(4): Delayed 4 second(s)

2019-09-27 18:32:58 - [MESSAGE][PASSED] - Delayed 4 second(s)

2019-09-27 18:32:58 - [TEST_STEP][PASSED] - println(style_notfound.size()): null

2019-09-27 18:32:58 - [TEST_STEP][PASSED] - assert style_notfound.size() > 0: null

2019-09-27 18:32:58 - [TEST_STEP][PASSED] - verifyElementText(findTestObject("Page_cabi Eblast/styleNotFound"), "No matching product"): Actual text and expected text of test object 'Object Repository/Page_cabi Eblast/styleNotFound' are matched.

2019-09-27 18:32:58 - [MESSAGE][PASSED] - Actual text and expected text of test object 'Object Repository/Page_cabi Eblast/styleNotFound' are matched.

2019-09-27 18:32:58 - [TEST_STEP][PASSED] - delay(2): Delayed 2 second(s)

2019-09-27 18:33:00 - [MESSAGE][PASSED] - Delayed 2 second(s)

2019-09-27 18:33:00 - [TEST_STEP][PASSED] - setText(findTestObject("Page_cabi Eblast/eBlastStyleSearch"), findTestData("productData").getValue("Style", row)): Text '3869' is set on object 'Object Repository/Page_cabi Eblast/eBlastStyleSearch'

2019-09-27 18:33:01 - [MESSAGE][PASSED] - Text '3869' is set on object 'Object Repository/Page_cabi Eblast/eBlastStyleSearch'

2019-09-27 18:33:01 - [TEST_STEP][PASSED] - delay(4): Delayed 4 second(s)

2019-09-27 18:33:05 - [MESSAGE][PASSED] - Delayed 4 second(s)

2019-09-27 18:33:05 - [TEST_STEP][PASSED] - if (toString().equalsIgnoreCase("no")): Actual text and expected text of test object 'Object Repository/Page_cabi Eblast/styleNotFound' are matched.

2019-09-27 18:33:05 - [TEST_STEP][PASSED] - style_notfound = findWebElements(findTestObject("Page_cabi Eblast/styleNotFound"), 5): null

2019-09-27 18:33:05 - [TEST_STEP][PASSED] - delay(4): Delayed 4 second(s)

2019-09-27 18:33:09 - [MESSAGE][PASSED] - Delayed 4 second(s)

2019-09-27 18:33:09 - [TEST_STEP][PASSED] - println(style_notfound.size()): null

2019-09-27 18:33:09 - [TEST_STEP][PASSED] - assert style_notfound.size() > 0: null

2019-09-27 18:33:09 - [TEST_STEP][PASSED] - verifyElementText(findTestObject("Page_cabi Eblast/styleNotFound"), "No matching product"): Actual text and expected text of test object 'Object Repository/Page_cabi Eblast/styleNotFound' are matched.

2019-09-27 18:33:09 - [MESSAGE][PASSED] - Actual text and expected text of test object 'Object Repository/Page_cabi Eblast/styleNotFound' are matched.

2019-09-27 18:33:09 - [TEST_STEP][PASSED] - delay(2): Delayed 2 second(s)

2019-09-27 18:33:11 - [MESSAGE][PASSED] - Delayed 2 second(s)

2019-09-27 18:33:11 - [TEST_STEP][PASSED] - setText(findTestObject("Page_cabi Eblast/eBlastStyleSearch"), findTestData("productData").getValue("Style", row)): Text '3870' is set on object 'Object Repository/Page_cabi Eblast/eBlastStyleSearch'

2019-09-27 18:33:11 - [MESSAGE][PASSED] - Text '3870' is set on object 'Object Repository/Page_cabi Eblast/eBlastStyleSearch'

2019-09-27 18:33:11 - [TEST_STEP][PASSED] - delay(4): Delayed 4 second(s)

2019-09-27 18:33:15 - [MESSAGE][PASSED] - Delayed 4 second(s)

2019-09-27 18:33:15 - [TEST_STEP][PASSED] - if (toString().equalsIgnoreCase("no")): Actual text and expected text of test object 'Object Repository/Page_cabi Eblast/styleNotFound' are matched.

2019-09-27 18:33:15 - [TEST_STEP][PASSED] - style_notfound = findWebElements(findTestObject("Page_cabi Eblast/styleNotFound"), 5): null

2019-09-27 18:33:15 - [TEST_STEP][PASSED] - delay(4): Delayed 4 second(s)

2019-09-27 18:33:19 - [MESSAGE][PASSED] - Delayed 4 second(s)

2019-09-27 18:33:19 - [TEST_STEP][PASSED] - println(style_notfound.size()): null

2019-09-27 18:33:19 - [TEST_STEP][PASSED] - assert style_notfound.size() > 0: null

2019-09-27 18:33:19 - [TEST_STEP][PASSED] - verifyElementText(findTestObject("Page_cabi Eblast/styleNotFound"), "No matching product"): Actual text and expected text of test object 'Object Repository/Page_cabi Eblast/styleNotFound' are matched.

2019-09-27 18:33:19 - [MESSAGE][PASSED] - Actual text and expected text of test object 'Object Repository/Page_cabi Eblast/styleNotFound' are matched.

2019-09-27 18:33:19 - [TEST_STEP][PASSED] - delay(2): Delayed 2 second(s)

2019-09-27 18:33:21 - [MESSAGE][PASSED] - Delayed 2 second(s)

2019-09-27 18:33:21 - [TEST_STEP][PASSED] - setText(findTestObject("Page_cabi Eblast/eBlastStyleSearch"), findTestData("productData").getValue("Style", row)): Text '3871' is set on object 'Object Repository/Page_cabi Eblast/eBlastStyleSearch'

2019-09-27 18:33:21 - [MESSAGE][PASSED] - Text '3871' is set on object 'Object Repository/Page_cabi Eblast/eBlastStyleSearch'

2019-09-27 18:33:21 - [TEST_STEP][PASSED] - delay(4): Delayed 4 second(s)

2019-09-27 18:33:25 - [MESSAGE][PASSED] - Delayed 4 second(s)

2019-09-27 18:33:25 - [TEST_STEP][PASSED] - if (toString().equalsIgnoreCase("no")): Actual text and expected text of test object 'Object Repository/Page_cabi Eblast/styleNotFound' are matched.

2019-09-27 18:33:25 - [TEST_STEP][PASSED] - style_notfound = findWebElements(findTestObject("Page_cabi Eblast/styleNotFound"), 5): null

2019-09-27 18:33:25 - [TEST_STEP][PASSED] - delay(4): Delayed 4 second(s)

2019-09-27 18:33:29 - [MESSAGE][PASSED] - Delayed 4 second(s)

2019-09-27 18:33:29 - [TEST_STEP][PASSED] - println(style_notfound.size()): null

2019-09-27 18:33:29 - [TEST_STEP][PASSED] - assert style_notfound.size() > 0: null

2019-09-27 18:33:29 - [TEST_STEP][PASSED] - verifyElementText(findTestObject("Page_cabi Eblast/styleNotFound"), "No matching product"): Actual text and expected text of test object 'Object Repository/Page_cabi Eblast/styleNotFound' are matched.

2019-09-27 18:33:29 - [MESSAGE][PASSED] - Actual text and expected text of test object 'Object Repository/Page_cabi Eblast/styleNotFound' are matched.

2019-09-27 18:33:29 - [TEST_STEP][PASSED] - delay(2): Delayed 2 second(s)

2019-09-27 18:33:31 - [MESSAGE][PASSED] - Delayed 2 second(s)

2019-09-27 18:33:31 - [TEST_STEP][PASSED] - setText(findTestObject("Page_cabi Eblast/eBlastStyleSearch"), findTestData("productData").getValue("Style", row)): Text '3857' is set on object 'Object Repository/Page_cabi Eblast/eBlastStyleSearch'

2019-09-27 18:33:31 - [MESSAGE][PASSED] - Text '3857' is set on object 'Object Repository/Page_cabi Eblast/eBlastStyleSearch'

2019-09-27 18:33:31 - [TEST_STEP][PASSED] - delay(4): Delayed 4 second(s)

2019-09-27 18:33:35 - [MESSAGE][PASSED] - Delayed 4 second(s)

2019-09-27 18:33:35 - [TEST_STEP][PASSED] - if (toString().equalsIgnoreCase("no")): Actual text and expected text of test object 'Object Repository/Page_cabi Eblast/styleNotFound' are matched.

2019-09-27 18:33:35 - [TEST_STEP][PASSED] - style_notfound = findWebElements(findTestObject("Page_cabi Eblast/styleNotFound"), 5): null

2019-09-27 18:33:35 - [TEST_STEP][PASSED] - delay(4): Delayed 4 second(s)

2019-09-27 18:33:39 - [MESSAGE][PASSED] - Delayed 4 second(s)

2019-09-27 18:33:39 - [TEST_STEP][PASSED] - println(style_notfound.size()): null

2019-09-27 18:33:39 - [TEST_STEP][PASSED] - assert style_notfound.size() > 0: null

2019-09-27 18:33:39 - [TEST_STEP][PASSED] - verifyElementText(findTestObject("Page_cabi Eblast/styleNotFound"), "No matching product"): Actual text and expected text of test object 'Object Repository/Page_cabi Eblast/styleNotFound' are matched.

2019-09-27 18:33:39 - [MESSAGE][PASSED] - Actual text and expected text of test object 'Object Repository/Page_cabi Eblast/styleNotFound' are matched.

2019-09-27 18:33:39 - [TEST_STEP][PASSED] - delay(2): Delayed 2 second(s)

2019-09-27 18:33:41 - [MESSAGE][PASSED] - Delayed 2 second(s)

2019-09-27 18:33:41 - [TEST_STEP][PASSED] - setText(findTestObject("Page_cabi Eblast/eBlastStyleSearch"), findTestData("productData").getValue("Style", row)): Text '3864' is set on object 'Object Repository/Page_cabi Eblast/eBlastStyleSearch'

2019-09-27 18:33:41 - [MESSAGE][PASSED] - Text '3864' is set on object 'Object Repository/Page_cabi Eblast/eBlastStyleSearch'

2019-09-27 18:33:41 - [TEST_STEP][PASSED] - delay(4): Delayed 4 second(s)

2019-09-27 18:33:45 - [MESSAGE][PASSED] - Delayed 4 second(s)

2019-09-27 18:33:45 - [TEST_STEP][PASSED] - if (toString().equalsIgnoreCase("no")): Actual text and expected text of test object 'Object Repository/Page_cabi Eblast/styleNotFound' are matched.

2019-09-27 18:33:45 - [TEST_STEP][PASSED] - style_notfound = findWebElements(findTestObject("Page_cabi Eblast/styleNotFound"), 5): null

2019-09-27 18:33:45 - [TEST_STEP][PASSED] - delay(4): Delayed 4 second(s)

2019-09-27 18:33:49 - [MESSAGE][PASSED] - Delayed 4 second(s)

2019-09-27 18:33:49 - [TEST_STEP][PASSED] - println(style_notfound.size()): null

2019-09-27 18:33:49 - [TEST_STEP][PASSED] - assert style_notfound.size() > 0: null

2019-09-27 18:33:49 - [TEST_STEP][PASSED] - verifyElementText(findTestObject("Page_cabi Eblast/styleNotFound"), "No matching product"): Actual text and expected text of test object 'Object Repository/Page_cabi Eblast/styleNotFound' are matched.

2019-09-27 18:33:49 - [MESSAGE][PASSED] - Actual text and expected text of test object 'Object Repository/Page_cabi Eblast/styleNotFound' are matched.

2019-09-27 18:33:49 - [TEST_STEP][PASSED] - delay(2): Delayed 2 second(s)

2019-09-27 18:33:51 - [MESSAGE][PASSED] - Delayed 2 second(s)

2019-09-27 18:33:51 - [TEST_STEP][PASSED] - setText(findTestObject("Page_cabi Eblast/eBlastStyleSearch"), findTestData("productData").getValue("Style", row)): Text '3865' is set on object 'Object Repository/Page_cabi Eblast/eBlastStyleSearch'

2019-09-27 18:33:52 - [MESSAGE][PASSED] - Text '3865' is set on object 'Object Repository/Page_cabi Eblast/eBlastStyleSearch'

2019-09-27 18:33:52 - [TEST_STEP][PASSED] - delay(4): Delayed 4 second(s)

2019-09-27 18:33:56 - [MESSAGE][PASSED] - Delayed 4 second(s)

2019-09-27 18:33:56 - [TEST_STEP][PASSED] - if (toString().equalsIgnoreCase("no")): Actual text and expected text of test object 'Object Repository/Page_cabi Eblast/styleNotFound' are matched.

2019-09-27 18:33:56 - [TEST_STEP][PASSED] - style_notfound = findWebElements(findTestObject("Page_cabi Eblast/styleNotFound"), 5): null

2019-09-27 18:33:56 - [TEST_STEP][PASSED] - delay(4): Delayed 4 second(s)

2019-09-27 18:34:00 - [MESSAGE][PASSED] - Delayed 4 second(s)

2019-09-27 18:34:00 - [TEST_STEP][PASSED] - println(style_notfound.size()): null

2019-09-27 18:34:00 - [TEST_STEP][PASSED] - assert style_notfound.size() > 0: null

2019-09-27 18:34:00 - [TEST_STEP][PASSED] - verifyElementText(findTestObject("Page_cabi Eblast/styleNotFound"), "No matching product"): Actual text and expected text of test object 'Object Repository/Page_cabi Eblast/styleNotFound' are matched.

2019-09-27 18:34:00 - [MESSAGE][PASSED] - Actual text and expected text of test object 'Object Repository/Page_cabi Eblast/styleNotFound' are matched.

2019-09-27 18:34:00 - [TEST_STEP][PASSED] - delay(2): Delayed 2 second(s)

2019-09-27 18:34:02 - [MESSAGE][PASSED] - Delayed 2 second(s)

2019-09-27 18:34:02 - [TEST_STEP][PASSED] - setText(findTestObject("Page_cabi Eblast/eBlastStyleSearch"), findTestData("productData").getValue("Style", row)): Text '3843' is set on object 'Object Repository/Page_cabi Eblast/eBlastStyleSearch'

2019-09-27 18:34:02 - [MESSAGE][PASSED] - Text '3843' is set on object 'Object Repository/Page_cabi Eblast/eBlastStyleSearch'

2019-09-27 18:34:02 - [TEST_STEP][PASSED] - delay(4): Delayed 4 second(s)

2019-09-27 18:34:06 - [MESSAGE][PASSED] - Delayed 4 second(s)

2019-09-27 18:34:06 - [TEST_STEP][PASSED] - if (toString().equalsIgnoreCase("no")): Actual text and expected text of test object 'Object Repository/Page_cabi Eblast/styleNotFound' are matched.

2019-09-27 18:34:06 - [TEST_STEP][PASSED] - style_notfound = findWebElements(findTestObject("Page_cabi Eblast/styleNotFound"), 5): null

2019-09-27 18:34:06 - [TEST_STEP][PASSED] - delay(4): Delayed 4 second(s)

2019-09-27 18:34:10 - [MESSAGE][PASSED] - Delayed 4 second(s)

2019-09-27 18:34:10 - [TEST_STEP][PASSED] - println(style_notfound.size()): null

2019-09-27 18:34:10 - [TEST_STEP][PASSED] - assert style_notfound.size() > 0: null

2019-09-27 18:34:10 - [TEST_STEP][PASSED] - verifyElementText(findTestObject("Page_cabi Eblast/styleNotFound"), "No matching product"): Actual text and expected text of test object 'Object Repository/Page_cabi Eblast/styleNotFound' are matched.

2019-09-27 18:34:10 - [MESSAGE][PASSED] - Actual text and expected text of test object 'Object Repository/Page_cabi Eblast/styleNotFound' are matched.

2019-09-27 18:34:10 - [TEST_STEP][PASSED] - delay(2): Delayed 2 second(s)

2019-09-27 18:34:12 - [MESSAGE][PASSED] - Delayed 2 second(s)

2019-09-27 18:34:12 - [TEST_STEP][PASSED] - setText(findTestObject("Page_cabi Eblast/eBlastStyleSearch"), findTestData("productData").getValue("Style", row)): Text '3846' is set on object 'Object Repository/Page_cabi Eblast/eBlastStyleSearch'

2019-09-27 18:34:12 - [MESSAGE][PASSED] - Text '3846' is set on object 'Object Repository/Page_cabi Eblast/eBlastStyleSearch'

2019-09-27 18:34:12 - [TEST_STEP][PASSED] - delay(4): Delayed 4 second(s)

2019-09-27 18:34:16 - [MESSAGE][PASSED] - Delayed 4 second(s)

2019-09-27 18:34:16 - [TEST_STEP][PASSED] - if (toString().equalsIgnoreCase("no")): Actual text and expected text of test object 'Object Repository/Page_cabi Eblast/styleNotFound' are matched.

2019-09-27 18:34:16 - [TEST_STEP][PASSED] - style_notfound = findWebElements(findTestObject("Page_cabi Eblast/styleNotFound"), 5): null

2019-09-27 18:34:16 - [TEST_STEP][PASSED] - delay(4): Delayed 4 second(s)

2019-09-27 18:34:20 - [MESSAGE][PASSED] - Delayed 4 second(s)

2019-09-27 18:34:20 - [TEST_STEP][PASSED] - println(style_notfound.size()): null

2019-09-27 18:34:20 - [TEST_STEP][PASSED] - assert style_notfound.size() > 0: null

2019-09-27 18:34:20 - [TEST_STEP][PASSED] - verifyElementText(findTestObject("Page_cabi Eblast/styleNotFound"), "No matching product"): Actual text and expected text of test object 'Object Repository/Page_cabi Eblast/styleNotFound' are matched.

2019-09-27 18:34:20 - [MESSAGE][PASSED] - Actual text and expected text of test object 'Object Repository/Page_cabi Eblast/styleNotFound' are matched.

2019-09-27 18:34:20 - [TEST_STEP][PASSED] - delay(2): Delayed 2 second(s)

2019-09-27 18:34:22 - [MESSAGE][PASSED] - Delayed 2 second(s)

2019-09-27 18:34:22 - [TEST_STEP][PASSED] - setText(findTestObject("Page_cabi Eblast/eBlastStyleSearch"), findTestData("productData").getValue("Style", row)): Text '3861' is set on object 'Object Repository/Page_cabi Eblast/eBlastStyleSearch'

2019-09-27 18:34:22 - [MESSAGE][PASSED] - Text '3861' is set on object 'Object Repository/Page_cabi Eblast/eBlastStyleSearch'

2019-09-27 18:34:22 - [TEST_STEP][PASSED] - delay(4): Delayed 4 second(s)

2019-09-27 18:34:26 - [MESSAGE][PASSED] - Delayed 4 second(s)

2019-09-27 18:34:26 - [TEST_STEP][PASSED] - if (toString().equalsIgnoreCase("no")): Actual text and expected text of test object 'Object Repository/Page_cabi Eblast/styleNotFound' are matched.

2019-09-27 18:34:26 - [TEST_STEP][PASSED] - style_notfound = findWebElements(findTestObject("Page_cabi Eblast/styleNotFound"), 5): null

2019-09-27 18:34:26 - [TEST_STEP][PASSED] - delay(4): Delayed 4 second(s)

2019-09-27 18:34:30 - [MESSAGE][PASSED] - Delayed 4 second(s)

2019-09-27 18:34:30 - [TEST_STEP][PASSED] - println(style_notfound.size()): null

2019-09-27 18:34:30 - [TEST_STEP][PASSED] - assert style_notfound.size() > 0: null

2019-09-27 18:34:30 - [TEST_STEP][PASSED] - verifyElementText(findTestObject("Page_cabi Eblast/styleNotFound"), "No matching product"): Actual text and expected text of test object 'Object Repository/Page_cabi Eblast/styleNotFound' are matched.

2019-09-27 18:34:30 - [MESSAGE][PASSED] - Actual text and expected text of test object 'Object Repository/Page_cabi Eblast/styleNotFound' are matched.

2019-09-27 18:34:30 - [TEST_STEP][PASSED] - delay(2): Delayed 2 second(s)

2019-09-27 18:34:32 - [MESSAGE][PASSED] - Delayed 2 second(s)

2019-09-27 18:34:32 - [TEST_STEP][PASSED] - setText(findTestObject("Page_cabi Eblast/eBlastStyleSearch"), findTestData("productData").getValue("Style", row)): Text '3863' is set on object 'Object Repository/Page_cabi Eblast/eBlastStyleSearch'

2019-09-27 18:34:32 - [MESSAGE][PASSED] - Text '3863' is set on object 'Object Repository/Page_cabi Eblast/eBlastStyleSearch'

2019-09-27 18:34:32 - [TEST_STEP][PASSED] - delay(4): Delayed 4 second(s)

2019-09-27 18:34:36 - [MESSAGE][PASSED] - Delayed 4 second(s)

2019-09-27 18:34:36 - [TEST_STEP][PASSED] - if (toString().equalsIgnoreCase("no")): Actual text and expected text of test object 'Object Repository/Page_cabi Eblast/styleNotFound' are matched.

2019-09-27 18:34:36 - [TEST_STEP][PASSED] - style_notfound = findWebElements(findTestObject("Page_cabi Eblast/styleNotFound"), 5): null

2019-09-27 18:34:36 - [TEST_STEP][PASSED] - delay(4): Delayed 4 second(s)

2019-09-27 18:34:40 - [MESSAGE][PASSED] - Delayed 4 second(s)

2019-09-27 18:34:40 - [TEST_STEP][PASSED] - println(style_notfound.size()): null

2019-09-27 18:34:40 - [TEST_STEP][PASSED] - assert style_notfound.size() > 0: null

2019-09-27 18:34:40 - [TEST_STEP][PASSED] - verifyElementText(findTestObject("Page_cabi Eblast/styleNotFound"), "No matching product"): Actual text and expected text of test object 'Object Repository/Page_cabi Eblast/styleNotFound' are matched.

2019-09-27 18:34:40 - [MESSAGE][PASSED] - Actual text and expected text of test object 'Object Repository/Page_cabi Eblast/styleNotFound' are matched.

2019-09-27 18:34:40 - [TEST_STEP][PASSED] - delay(2): Delayed 2 second(s)

2019-09-27 18:34:42 - [MESSAGE][PASSED] - Delayed 2 second(s)

2019-09-27 18:34:42 - [TEST_STEP][PASSED] - setText(findTestObject("Page_cabi Eblast/eBlastStyleSearch"), findTestData("productData").getValue("Style", row)): Text '3850' is set on object 'Object Repository/Page_cabi Eblast/eBlastStyleSearch'

2019-09-27 18:34:42 - [MESSAGE][PASSED] - Text '3850' is set on object 'Object Repository/Page_cabi Eblast/eBlastStyleSearch'

2019-09-27 18:34:42 - [TEST_STEP][PASSED] - delay(4): Delayed 4 second(s)

2019-09-27 18:34:46 - [MESSAGE][PASSED] - Delayed 4 second(s)

2019-09-27 18:34:46 - [TEST_STEP][PASSED] - if (toString().equalsIgnoreCase("no")): Actual text and expected text of test object 'Object Repository/Page_cabi Eblast/styleNotFound' are matched.

2019-09-27 18:34:46 - [TEST_STEP][PASSED] - style_notfound = findWebElements(findTestObject("Page_cabi Eblast/styleNotFound"), 5): null

2019-09-27 18:34:46 - [TEST_STEP][PASSED] - delay(4): Delayed 4 second(s)

2019-09-27 18:34:50 - [MESSAGE][PASSED] - Delayed 4 second(s)

2019-09-27 18:34:50 - [TEST_STEP][PASSED] - println(style_notfound.size()): null

2019-09-27 18:34:50 - [TEST_STEP][PASSED] - assert style_notfound.size() > 0: null

2019-09-27 18:34:50 - [TEST_STEP][PASSED] - verifyElementText(findTestObject("Page_cabi Eblast/styleNotFound"), "No matching product"): Actual text and expected text of test object 'Object Repository/Page_cabi Eblast/styleNotFound' are matched.

2019-09-27 18:34:50 - [MESSAGE][PASSED] - Actual text and expected text of test object 'Object Repository/Page_cabi Eblast/styleNotFound' are matched.

2019-09-27 18:34:51 - [TEST_STEP][PASSED] - callTestCase(findTestCase("NewArrival/populateTimeGlobalVars"), ["row":timeRow], STOP_ON_FAILURE): Call Test Case 'Test Cases/NewArrival/populateTimeGlobalVars' successfully

2019-09-27 18:34:51 - [TEST_CASE][PASSED] - Test Cases/NewArrival/populateTimeGlobalVars: Test Cases/NewArrival/populateTimeGlobalVars

2019-09-27 18:34:51 - [TEST_STEP][PASSED] - dataFile = "timezoneData": null

2019-09-27 18:34:51 - [TEST_STEP][PASSED] - clockServerTarget = UtilityMethods.getTestData("envtData", "clockServerTarget", 1): null

2019-09-27 18:34:51 - [TEST_STEP][PASSED] - println(clockServerTarget): null

2019-09-27 18:34:51 - [TEST_STEP][PASSED] - orderType = UtilityMethods.getTestData(dataFile, "orderType", row): null

2019-09-27 18:34:51 - [TEST_STEP][PASSED] - timeZone = UtilityMethods.getTestData(dataFile, "timeZone", row): null

2019-09-27 18:34:51 - [TEST_STEP][PASSED] - BOPersonal = UtilityMethods.getTestData(dataFile, "BOPersonal", row): null

2019-09-27 18:34:51 - [TEST_STEP][PASSED] - BOAddonPersonal = UtilityMethods.getTestData(dataFile, "BOAddonPersonal", row): null

2019-09-27 18:34:51 - [TEST_STEP][PASSED] - BOAddonRetail = UtilityMethods.getTestData(dataFile, "BOAddonRetail", row): null

2019-09-27 18:34:51 - [TEST_STEP][PASSED] - BORetail = UtilityMethods.getTestData(dataFile, "BORetail", row): null

2019-09-27 18:34:51 - [TEST_STEP][PASSED] - BOShow = UtilityMethods.getTestData(dataFile, "BOShow", row): null

2019-09-27 18:34:51 - [TEST_STEP][PASSED] - BOOnlineoutlet = UtilityMethods.getTestData(dataFile, "BOOnlineoutlet", row): null

2019-09-27 18:34:51 - [TEST_STEP][PASSED] - BOEmployee = UtilityMethods.getTestData(dataFile, "BOEmployee", row): null

2019-09-27 18:34:51 - [TEST_STEP][PASSED] - CCPersonal = UtilityMethods.getTestData(dataFile, "CCPersonal", row): null

2019-09-27 18:34:51 - [TEST_STEP][PASSED] - CCRetail = UtilityMethods.getTestData(dataFile, "CCRetail", row): null

2019-09-27 18:34:51 - [TEST_STEP][PASSED] - CCShow = UtilityMethods.getTestData(dataFile, "CCShow", row): null

2019-09-27 18:34:51 - [TEST_STEP][PASSED] - BOEblast = UtilityMethods.getTestData(dataFile, "BOEblast", row): null

2019-09-27 18:34:51 - [TEST_STEP][PASSED] - println(row): null

2019-09-27 18:34:51 - [TEST_STEP][PASSED] - println(BOPersonal): null

2019-09-27 18:34:51 - [MESSAGE][PASSED] - Call Test Case 'Test Cases/NewArrival/populateTimeGlobalVars' successfully

2019-09-27 18:34:51 - [TEST_STEP][PASSED] - available = BOEblast: null

2019-09-27 18:34:51 - [TEST_STEP][PASSED] - callTestCase(findTestCase("NewArrival/setTimezone"), ["ofbizURL":"", "ofbizuser":"", "ofbizpass":"", "orderType":orderType, "timeZone":timeZone, "clockServerTarget":clockServerTarget], STOP_ON_FAILURE): Call Test Case 'Test Cases/NewArrival/setTimezone' successfully

2019-09-27 18:34:51 - [TEST_CASE][PASSED] - Test Cases/NewArrival/setTimezone: Test Cases/NewArrival/setTimezone

2019-09-27 18:34:51 - [TEST_STEP][PASSED] - openBrowser(""): Browser is opened with url: ''

2019-09-27 18:34:51 - [MESSAGE][WARNING] - A browser is already opened. Closing browser and opening a new one

2019-09-27 18:34:52 - [MESSAGE][INFO] - Starting 'Chrome' driver

2019-09-27 18:34:52 - [MESSAGE][INFO] - User set preference: ['args', '[--use-fake-ui-for-media-stream, --start-maximized]']

2019-09-27 18:34:54 - [MESSAGE][PASSED] - Browser is opened with url: ''

2019-09-27 18:34:54 - [TEST_STEP][NOT_RUN] - maximizeWindow(): NOT_RUN: maximizeWindow()

2019-09-27 18:34:54 - [MESSAGE][NOT_RUN] - NOT_RUN: maximizeWindow()

2019-09-27 18:34:54 - [TEST_STEP][PASSED] - ofbizURL = findTestData("envtData").getValue("ofbizURL", 1): null

2019-09-27 18:34:54 - [TEST_STEP][PASSED] - ofbizuser = findTestData("credData").getValue("ofbizuser", 1): null

2019-09-27 18:34:54 - [TEST_STEP][PASSED] - ofbizpass = findTestData("credData").getValue("ofbizpass", 1): null

2019-09-27 18:34:54 - [TEST_STEP][PASSED] - navigateToUrl(ofbizURL): Navigate to 'https://pushofbiz.cliotest.com/login.php' successfully

2019-09-27 18:34:56 - [MESSAGE][PASSED] - Navigate to 'https://pushofbiz.cliotest.com/login.php' successfully

2019-09-27 18:34:56 - [TEST_STEP][PASSED] - setText(findTestObject("Page_/input_Username_username"), ofbizuser): Text 'automation' is set on object 'Object Repository/Page_/input_Username_username'

2019-09-27 18:34:56 - [MESSAGE][PASSED] - Text 'automation' is set on object 'Object Repository/Page_/input_Username_username'

2019-09-27 18:34:56 - [TEST_STEP][PASSED] - setText(findTestObject("Page_/input_Password_password"), ofbizpass): Text 'cabiautomation' is set on object 'Object Repository/Page_/input_Password_password'

2019-09-27 18:34:57 - [MESSAGE][PASSED] - Text 'cabiautomation' is set on object 'Object Repository/Page_/input_Password_password'

2019-09-27 18:34:57 - [TEST_STEP][PASSED] - click(findTestObject("Page_/input_Password_Submit")): Object: 'Object Repository/Page_/input_Password_Submit' is clicked on

2019-09-27 18:35:01 - [MESSAGE][PASSED] - Object: 'Object Repository/Page_/input_Password_Submit' is clicked on

2019-09-27 18:35:01 - [TEST_STEP][PASSED] - click(findTestObject("Object Repository/Page_/a_Clock set")): Object: 'Object Repository/Page_/a_Clock set' is clicked on

2019-09-27 18:35:02 - [MESSAGE][PASSED] - Object: 'Object Repository/Page_/a_Clock set' is clicked on

2019-09-27 18:35:02 - [TEST_STEP][PASSED] - cst = UtilityMethods.createTestObject("select_target", "//select[@name='Target']/option[contains(text(), '", clockServerTarget, "')]"): null

2019-09-27 18:35:02 - [TEST_STEP][PASSED] - println(clockServerTarget): null

2019-09-27 18:35:02 - [TEST_STEP][PASSED] - click(cst): Object: 'select_target' is clicked on

2019-09-27 18:35:02 - [MESSAGE][PASSED] - Object: 'select_target' is clicked on

2019-09-27 18:35:02 - [TEST_STEP][PASSED] - click(findTestObject("Page_/thisDateAndTime")): Object: 'Object Repository/Page_/thisDateAndTime' is clicked on

2019-09-27 18:35:02 - [MESSAGE][PASSED] - Object: 'Object Repository/Page_/thisDateAndTime' is clicked on

2019-09-27 18:35:02 - [TEST_STEP][PASSED] - setText(findTestObject("Object Repository/Page_/setTargetTime"), timeZone): Text ' 11/01/2019 12:00' is set on object 'Object Repository/Page_/setTargetTime'

2019-09-27 18:35:02 - [MESSAGE][PASSED] - Text ' 11/01/2019 12:00' is set on object 'Object Repository/Page_/setTargetTime'

2019-09-27 18:35:02 - [TEST_STEP][PASSED] - click(findTestObject("Object Repository/Page_/input")): Object: 'Object Repository/Page_/input' is clicked on

2019-09-27 18:35:03 - [MESSAGE][PASSED] - Object: 'Object Repository/Page_/input' is clicked on

2019-09-27 18:35:03 - [TEST_STEP][PASSED] - delay(10): Delayed 10 second(s)

2019-09-27 18:35:13 - [MESSAGE][PASSED] - Delayed 10 second(s)

2019-09-27 18:35:13 - [TEST_STEP][NOT_RUN] - closeBrowser(): NOT_RUN: closeBrowser()

2019-09-27 18:35:13 - [MESSAGE][NOT_RUN] - NOT_RUN: closeBrowser()

2019-09-27 18:35:13 - [MESSAGE][PASSED] - Call Test Case 'Test Cases/NewArrival/setTimezone' successfully

2019-09-27 18:35:13 - [TEST_STEP][PASSED] - callTestCase(findTestCase("TestCaseUtilities/backOfficeLogin"), ["BOURL":"", "BOuser":"", "BOpass":""], STOP_ON_FAILURE): Call Test Case 'Test Cases/TestCaseUtilities/backOfficeLogin' successfully

2019-09-27 18:35:13 - [TEST_CASE][PASSED] - Test Cases/TestCaseUtilities/backOfficeLogin: Test Cases/TestCaseUtilities/backOfficeLogin

2019-09-27 18:35:13 - [TEST_STEP][PASSED] - BOURL = findTestData("envtData").getValue("BOURL", 1): null

2019-09-27 18:35:13 - [TEST_STEP][PASSED] - BOuser = findTestData("credData").getValue("BOuser", 1): null

2019-09-27 18:35:13 - [TEST_STEP][PASSED] - BOpass = findTestData("credData").getValue("BOpass", 1): null

2019-09-27 18:35:13 - [TEST_STEP][PASSED] - openBrowser(""): Browser is opened with url: ''

2019-09-27 18:35:13 - [MESSAGE][WARNING] - A browser is already opened. Closing browser and opening a new one

2019-09-27 18:35:14 - [MESSAGE][INFO] - Starting 'Chrome' driver

2019-09-27 18:35:14 - [MESSAGE][INFO] - User set preference: ['args', '[--use-fake-ui-for-media-stream, --start-maximized]']

2019-09-27 18:35:16 - [MESSAGE][PASSED] - Browser is opened with url: ''

2019-09-27 18:35:16 - [TEST_STEP][PASSED] - navigateToUrl(BOURL): Navigate to 'https://test4uk.cliotest.com/backoffice/control/main' successfully

2019-09-27 18:35:26 - [MESSAGE][PASSED] - Navigate to 'https://test4uk.cliotest.com/backoffice/control/main' successfully

2019-09-27 18:35:26 - [TEST_STEP][PASSED] - logOut = findWebElements(findTestObject("Object Repository/Page_cabi Home/log_out"), 1): Unable to find the element located by 'By.xpath: //a[contains(text(),'Log Out')]'. Please recheck the objects properties to make sure the desired element is located. 

2019-09-27 18:35:27 - [MESSAGE][INFO] - Unable to find the element located by 'By.xpath: //a[contains(text(),'Log Out')]'. Please recheck the objects properties to make sure the desired element is located. 

2019-09-27 18:35:27 - [TEST_STEP][PASSED] - if (logOut.size() == 0): Object: 'Object Repository/Page_cabi/input_Welcome to_consultantLogin' is clicked on

2019-09-27 18:35:27 - [TEST_STEP][PASSED] - setText(findTestObject("Page_cabi/input_Welcome to_USERNAME"), BOuser): Text 'uk1312' is set on object 'Object Repository/Page_cabi/input_Welcome to_USERNAME'

2019-09-27 18:35:28 - [MESSAGE][PASSED] - Text 'uk1312' is set on object 'Object Repository/Page_cabi/input_Welcome to_USERNAME'

2019-09-27 18:35:28 - [TEST_STEP][PASSED] - setText(findTestObject("Object Repository/Page_cabi/input_Welcome to_PASSWORD"), BOpass): Text 'blackdress19' is set on object 'Object Repository/Page_cabi/input_Welcome to_PASSWORD'

2019-09-27 18:35:28 - [MESSAGE][PASSED] - Text 'blackdress19' is set on object 'Object Repository/Page_cabi/input_Welcome to_PASSWORD'

2019-09-27 18:35:28 - [TEST_STEP][PASSED] - click(findTestObject("Object Repository/Page_cabi/input_Welcome to_consultantLogin")): Object: 'Object Repository/Page_cabi/input_Welcome to_consultantLogin' is clicked on

2019-09-27 18:35:39 - [MESSAGE][PASSED] - Object: 'Object Repository/Page_cabi/input_Welcome to_consultantLogin' is clicked on

2019-09-27 18:35:39 - [TEST_STEP][PASSED] - delay(3): Delayed 3 second(s)

2019-09-27 18:35:42 - [MESSAGE][PASSED] - Delayed 3 second(s)

2019-09-27 18:35:42 - [MESSAGE][PASSED] - Call Test Case 'Test Cases/TestCaseUtilities/backOfficeLogin' successfully

2019-09-27 18:35:42 - [TEST_STEP][PASSED] - click(findTestObject("Page_cabi Home/a_Connections")): Object: 'Object Repository/Page_cabi Home/a_Connections' is clicked on

2019-09-27 18:35:42 - [MESSAGE][PASSED] - Object: 'Object Repository/Page_cabi Home/a_Connections' is clicked on

2019-09-27 18:35:42 - [TEST_STEP][PASSED] - click(findTestObject("Page_cabi Home/a_Contact Manager")): Object: 'Object Repository/Page_cabi Home/a_Contact Manager' is clicked on

2019-09-27 18:35:47 - [MESSAGE][PASSED] - Object: 'Object Repository/Page_cabi Home/a_Contact Manager' is clicked on

2019-09-27 18:35:47 - [TEST_STEP][PASSED] - click(findTestObject("Page_cabi/span_SEND eBLAST")): Object: 'Object Repository/Page_cabi/span_SEND eBLAST' is clicked on

2019-09-27 18:35:47 - [MESSAGE][PASSED] - Object: 'Object Repository/Page_cabi/span_SEND eBLAST' is clicked on

2019-09-27 18:35:47 - [TEST_STEP][PASSED] - click(findTestObject("Object Repository/Page_cabi Eblast/a_Stylist Picks")): Object: 'Object Repository/Page_cabi Eblast/a_Stylist Picks' is clicked on

2019-09-27 18:35:58 - [MESSAGE][PASSED] - Object: 'Object Repository/Page_cabi Eblast/a_Stylist Picks' is clicked on

2019-09-27 18:35:58 - [TEST_STEP][PASSED] - click(findTestObject("Object Repository/Page_cabi Eblast/button_ADD PRODUCTS TO EBLAST")): Object: 'Object Repository/Page_cabi Eblast/button_ADD PRODUCTS TO EBLAST' is clicked on

2019-09-27 18:35:58 - [MESSAGE][PASSED] - Object: 'Object Repository/Page_cabi Eblast/button_ADD PRODUCTS TO EBLAST' is clicked on

2019-09-27 18:35:58 - [TEST_STEP][PASSED] - for ([row = 1, row <= findTestData("productData").getRowNumbers(), (row++)]): null

2019-09-27 18:35:58 - [TEST_STEP][PASSED] - delay(2): Delayed 2 second(s)

2019-09-27 18:36:00 - [MESSAGE][PASSED] - Delayed 2 second(s)

2019-09-27 18:36:00 - [TEST_STEP][PASSED] - setText(findTestObject("Page_cabi Eblast/eBlastStyleSearch"), findTestData("productData").getValue("Style", row)): Text '3875' is set on object 'Object Repository/Page_cabi Eblast/eBlastStyleSearch'

2019-09-27 18:36:00 - [MESSAGE][PASSED] - Text '3875' is set on object 'Object Repository/Page_cabi Eblast/eBlastStyleSearch'

2019-09-27 18:36:00 - [TEST_STEP][PASSED] - delay(4): Delayed 4 second(s)

2019-09-27 18:36:04 - [MESSAGE][PASSED] - Delayed 4 second(s)

2019-09-27 18:36:04 - [TEST_STEP][PASSED] - if (toString().equalsIgnoreCase("no")): null

2019-09-27 18:36:04 - [TEST_STEP][PASSED] - else: null

2019-09-27 18:36:04 - [TEST_STEP][PASSED] - space = " ": null

2019-09-27 18:36:04 - [TEST_STEP][PASSED] - openbrace = "(": null

2019-09-27 18:36:04 - [TEST_STEP][PASSED] - closebrace = ")": null

2019-09-27 18:36:04 - [TEST_STEP][PASSED] - style_id = getText(findTestObject("Page_cabi Eblast/style_id")): Text of object 'Object Repository/Page_cabi Eblast/style_id' is: '3875'

2019-09-27 18:36:04 - [MESSAGE][PASSED] - Text of object 'Object Repository/Page_cabi Eblast/style_id' is: '3875'

2019-09-27 18:36:04 - [TEST_STEP][PASSED] - style_name = getText(findTestObject("Page_cabi Eblast/style_name")): Text of object 'Object Repository/Page_cabi Eblast/style_name' is: 'Decked Out Dress'

2019-09-27 18:36:04 - [MESSAGE][PASSED] - Text of object 'Object Repository/Page_cabi Eblast/style_name' is: 'Decked Out Dress'

2019-09-27 18:36:04 - [TEST_STEP][PASSED] - style_color = getText(findTestObject("Page_cabi Eblast/style_color")): Text of object 'Object Repository/Page_cabi Eblast/style_color' is: '(Twinkle Print)'

2019-09-27 18:36:04 - [MESSAGE][PASSED] - Text of object 'Object Repository/Page_cabi Eblast/style_color' is: '(Twinkle Print)'

2019-09-27 18:36:04 - [TEST_STEP][PASSED] - style_web = $style_id$space$style_name$space$style_color: null

2019-09-27 18:36:04 - [TEST_STEP][PASSED] - styleid_data = findTestData("productData").getValue("Style", row): null

2019-09-27 18:36:04 - [TEST_STEP][PASSED] - styleid_name = findTestData("productData").getValue("Description", row): null

2019-09-27 18:36:04 - [TEST_STEP][PASSED] - styleid_color = findTestData("productData").getValue("Color", row): null

2019-09-27 18:36:04 - [TEST_STEP][PASSED] - style_data = $styleid_data$space$styleid_name$space$openbrace$styleid_color$closebrace: null

2019-09-27 18:36:04 - [TEST_STEP][PASSED] - println(style_web): null

2019-09-27 18:36:04 - [TEST_STEP][PASSED] - println(style_data): null

2019-09-27 18:36:04 - [TEST_STEP][PASSED] - assert style_data.equalsIgnoreCase(style_web): null

2019-09-27 18:36:04 - [TEST_STEP][PASSED] - delay(2): Delayed 2 second(s)

2019-09-27 18:36:06 - [MESSAGE][PASSED] - Delayed 2 second(s)

2019-09-27 18:36:06 - [TEST_STEP][PASSED] - setText(findTestObject("Page_cabi Eblast/eBlastStyleSearch"), findTestData("productData").getValue("Style", row)): Text '3869' is set on object 'Object Repository/Page_cabi Eblast/eBlastStyleSearch'

2019-09-27 18:36:06 - [MESSAGE][PASSED] - Text '3869' is set on object 'Object Repository/Page_cabi Eblast/eBlastStyleSearch'

2019-09-27 18:36:06 - [TEST_STEP][PASSED] - delay(4): Delayed 4 second(s)

2019-09-27 18:36:10 - [MESSAGE][PASSED] - Delayed 4 second(s)

2019-09-27 18:36:10 - [TEST_STEP][PASSED] - if (toString().equalsIgnoreCase("no")): null

2019-09-27 18:36:10 - [TEST_STEP][PASSED] - else: null

2019-09-27 18:36:10 - [TEST_STEP][PASSED] - space = " ": null

2019-09-27 18:36:10 - [TEST_STEP][PASSED] - openbrace = "(": null

2019-09-27 18:36:10 - [TEST_STEP][PASSED] - closebrace = ")": null

2019-09-27 18:36:10 - [TEST_STEP][PASSED] - style_id = getText(findTestObject("Page_cabi Eblast/style_id")): Text of object 'Object Repository/Page_cabi Eblast/style_id' is: '3869'

2019-09-27 18:36:10 - [MESSAGE][PASSED] - Text of object 'Object Repository/Page_cabi Eblast/style_id' is: '3869'

2019-09-27 18:36:10 - [TEST_STEP][PASSED] - style_name = getText(findTestObject("Page_cabi Eblast/style_name")): Text of object 'Object Repository/Page_cabi Eblast/style_name' is: 'Cozy Cowl'

2019-09-27 18:36:10 - [MESSAGE][PASSED] - Text of object 'Object Repository/Page_cabi Eblast/style_name' is: 'Cozy Cowl'

2019-09-27 18:36:10 - [TEST_STEP][PASSED] - style_color = getText(findTestObject("Page_cabi Eblast/style_color")): Text of object 'Object Repository/Page_cabi Eblast/style_color' is: '(Midnight And Black)'

2019-09-27 18:36:10 - [MESSAGE][PASSED] - Text of object 'Object Repository/Page_cabi Eblast/style_color' is: '(Midnight And Black)'

2019-09-27 18:36:10 - [TEST_STEP][PASSED] - style_web = $style_id$space$style_name$space$style_color: null

2019-09-27 18:36:10 - [TEST_STEP][PASSED] - styleid_data = findTestData("productData").getValue("Style", row): null

2019-09-27 18:36:10 - [TEST_STEP][PASSED] - styleid_name = findTestData("productData").getValue("Description", row): null

2019-09-27 18:36:11 - [TEST_STEP][PASSED] - styleid_color = findTestData("productData").getValue("Color", row): null

2019-09-27 18:36:11 - [TEST_STEP][PASSED] - style_data = $styleid_data$space$styleid_name$space$openbrace$styleid_color$closebrace: null

2019-09-27 18:36:11 - [TEST_STEP][PASSED] - println(style_web): null

2019-09-27 18:36:11 - [TEST_STEP][PASSED] - println(style_data): null

2019-09-27 18:36:11 - [TEST_STEP][PASSED] - assert style_data.equalsIgnoreCase(style_web): null

2019-09-27 18:36:11 - [TEST_STEP][PASSED] - delay(2): Delayed 2 second(s)

2019-09-27 18:36:13 - [MESSAGE][PASSED] - Delayed 2 second(s)

2019-09-27 18:36:13 - [TEST_STEP][PASSED] - setText(findTestObject("Page_cabi Eblast/eBlastStyleSearch"), findTestData("productData").getValue("Style", row)): Text '3870' is set on object 'Object Repository/Page_cabi Eblast/eBlastStyleSearch'

2019-09-27 18:36:13 - [MESSAGE][PASSED] - Text '3870' is set on object 'Object Repository/Page_cabi Eblast/eBlastStyleSearch'

2019-09-27 18:36:13 - [TEST_STEP][PASSED] - delay(4): Delayed 4 second(s)

2019-09-27 18:36:17 - [MESSAGE][PASSED] - Delayed 4 second(s)

2019-09-27 18:36:17 - [TEST_STEP][PASSED] - if (toString().equalsIgnoreCase("no")): null

2019-09-27 18:36:17 - [TEST_STEP][PASSED] - else: null

2019-09-27 18:36:17 - [TEST_STEP][PASSED] - space = " ": null

2019-09-27 18:36:17 - [TEST_STEP][PASSED] - openbrace = "(": null

2019-09-27 18:36:17 - [TEST_STEP][PASSED] - closebrace = ")": null

2019-09-27 18:36:17 - [TEST_STEP][PASSED] - style_id = getText(findTestObject("Page_cabi Eblast/style_id")): Text of object 'Object Repository/Page_cabi Eblast/style_id' is: '3870'

2019-09-27 18:36:17 - [MESSAGE][PASSED] - Text of object 'Object Repository/Page_cabi Eblast/style_id' is: '3870'

2019-09-27 18:36:17 - [TEST_STEP][PASSED] - style_name = getText(findTestObject("Page_cabi Eblast/style_name")): Text of object 'Object Repository/Page_cabi Eblast/style_name' is: 'Fireside Hoodie'

2019-09-27 18:36:17 - [MESSAGE][PASSED] - Text of object 'Object Repository/Page_cabi Eblast/style_name' is: 'Fireside Hoodie'

2019-09-27 18:36:17 - [TEST_STEP][PASSED] - style_color = getText(findTestObject("Page_cabi Eblast/style_color")): Text of object 'Object Repository/Page_cabi Eblast/style_color' is: '(Deep Forest)'

2019-09-27 18:36:17 - [MESSAGE][PASSED] - Text of object 'Object Repository/Page_cabi Eblast/style_color' is: '(Deep Forest)'

2019-09-27 18:36:17 - [TEST_STEP][PASSED] - style_web = $style_id$space$style_name$space$style_color: null

2019-09-27 18:36:17 - [TEST_STEP][PASSED] - styleid_data = findTestData("productData").getValue("Style", row): null

2019-09-27 18:36:17 - [TEST_STEP][PASSED] - styleid_name = findTestData("productData").getValue("Description", row): null

2019-09-27 18:36:17 - [TEST_STEP][PASSED] - styleid_color = findTestData("productData").getValue("Color", row): null

2019-09-27 18:36:17 - [TEST_STEP][PASSED] - style_data = $styleid_data$space$styleid_name$space$openbrace$styleid_color$closebrace: null

2019-09-27 18:36:17 - [TEST_STEP][PASSED] - println(style_web): null

2019-09-27 18:36:17 - [TEST_STEP][PASSED] - println(style_data): null

2019-09-27 18:36:17 - [TEST_STEP][PASSED] - assert style_data.equalsIgnoreCase(style_web): null

2019-09-27 18:36:17 - [TEST_STEP][PASSED] - delay(2): Delayed 2 second(s)

2019-09-27 18:36:19 - [MESSAGE][PASSED] - Delayed 2 second(s)

2019-09-27 18:36:19 - [TEST_STEP][PASSED] - setText(findTestObject("Page_cabi Eblast/eBlastStyleSearch"), findTestData("productData").getValue("Style", row)): Text '3871' is set on object 'Object Repository/Page_cabi Eblast/eBlastStyleSearch'

2019-09-27 18:36:19 - [MESSAGE][PASSED] - Text '3871' is set on object 'Object Repository/Page_cabi Eblast/eBlastStyleSearch'

2019-09-27 18:36:19 - [TEST_STEP][PASSED] - delay(4): Delayed 4 second(s)

2019-09-27 18:36:23 - [MESSAGE][PASSED] - Delayed 4 second(s)

2019-09-27 18:36:23 - [TEST_STEP][PASSED] - if (toString().equalsIgnoreCase("no")): null

2019-09-27 18:36:23 - [TEST_STEP][PASSED] - else: null

2019-09-27 18:36:23 - [TEST_STEP][PASSED] - space = " ": null

2019-09-27 18:36:23 - [TEST_STEP][PASSED] - openbrace = "(": null

2019-09-27 18:36:23 - [TEST_STEP][PASSED] - closebrace = ")": null

2019-09-27 18:36:23 - [TEST_STEP][PASSED] - style_id = getText(findTestObject("Page_cabi Eblast/style_id")): Text of object 'Object Repository/Page_cabi Eblast/style_id' is: '3871'

2019-09-27 18:36:23 - [MESSAGE][PASSED] - Text of object 'Object Repository/Page_cabi Eblast/style_id' is: '3871'

2019-09-27 18:36:23 - [TEST_STEP][PASSED] - style_name = getText(findTestObject("Page_cabi Eblast/style_name")): Text of object 'Object Repository/Page_cabi Eblast/style_name' is: 'Snap Cowl'

2019-09-27 18:36:23 - [MESSAGE][PASSED] - Text of object 'Object Repository/Page_cabi Eblast/style_name' is: 'Snap Cowl'

2019-09-27 18:36:23 - [TEST_STEP][PASSED] - style_color = getText(findTestObject("Page_cabi Eblast/style_color")): Text of object 'Object Repository/Page_cabi Eblast/style_color' is: '(Storm)'

2019-09-27 18:36:23 - [MESSAGE][PASSED] - Text of object 'Object Repository/Page_cabi Eblast/style_color' is: '(Storm)'

2019-09-27 18:36:23 - [TEST_STEP][PASSED] - style_web = $style_id$space$style_name$space$style_color: null

2019-09-27 18:36:23 - [TEST_STEP][PASSED] - styleid_data = findTestData("productData").getValue("Style", row): null

2019-09-27 18:36:23 - [TEST_STEP][PASSED] - styleid_name = findTestData("productData").getValue("Description", row): null

2019-09-27 18:36:23 - [TEST_STEP][PASSED] - styleid_color = findTestData("productData").getValue("Color", row): null

2019-09-27 18:36:23 - [TEST_STEP][PASSED] - style_data = $styleid_data$space$styleid_name$space$openbrace$styleid_color$closebrace: null

2019-09-27 18:36:23 - [TEST_STEP][PASSED] - println(style_web): null

2019-09-27 18:36:23 - [TEST_STEP][PASSED] - println(style_data): null

2019-09-27 18:36:23 - [TEST_STEP][PASSED] - assert style_data.equalsIgnoreCase(style_web): null

2019-09-27 18:36:23 - [TEST_STEP][PASSED] - delay(2): Delayed 2 second(s)

2019-09-27 18:36:25 - [MESSAGE][PASSED] - Delayed 2 second(s)

2019-09-27 18:36:25 - [TEST_STEP][PASSED] - setText(findTestObject("Page_cabi Eblast/eBlastStyleSearch"), findTestData("productData").getValue("Style", row)): Text '3857' is set on object 'Object Repository/Page_cabi Eblast/eBlastStyleSearch'

2019-09-27 18:36:25 - [MESSAGE][PASSED] - Text '3857' is set on object 'Object Repository/Page_cabi Eblast/eBlastStyleSearch'

2019-09-27 18:36:25 - [TEST_STEP][PASSED] - delay(4): Delayed 4 second(s)

2019-09-27 18:36:29 - [MESSAGE][PASSED] - Delayed 4 second(s)

2019-09-27 18:36:29 - [TEST_STEP][PASSED] - if (toString().equalsIgnoreCase("no")): null

2019-09-27 18:36:29 - [TEST_STEP][PASSED] - else: null

2019-09-27 18:36:29 - [TEST_STEP][PASSED] - space = " ": null

2019-09-27 18:36:29 - [TEST_STEP][PASSED] - openbrace = "(": null

2019-09-27 18:36:29 - [TEST_STEP][PASSED] - closebrace = ")": null

2019-09-27 18:36:29 - [TEST_STEP][PASSED] - style_id = getText(findTestObject("Page_cabi Eblast/style_id")): Text of object 'Object Repository/Page_cabi Eblast/style_id' is: '3857'

2019-09-27 18:36:29 - [MESSAGE][PASSED] - Text of object 'Object Repository/Page_cabi Eblast/style_id' is: '3857'

2019-09-27 18:36:29 - [TEST_STEP][PASSED] - style_name = getText(findTestObject("Page_cabi Eblast/style_name")): Text of object 'Object Repository/Page_cabi Eblast/style_name' is: 'M'Leggings'

2019-09-27 18:36:29 - [MESSAGE][PASSED] - Text of object 'Object Repository/Page_cabi Eblast/style_name' is: 'M'Leggings'

2019-09-27 18:36:29 - [TEST_STEP][PASSED] - style_color = getText(findTestObject("Page_cabi Eblast/style_color")): Text of object 'Object Repository/Page_cabi Eblast/style_color' is: '(Deep Forest)'

2019-09-27 18:36:29 - [MESSAGE][PASSED] - Text of object 'Object Repository/Page_cabi Eblast/style_color' is: '(Deep Forest)'

2019-09-27 18:36:29 - [TEST_STEP][PASSED] - style_web = $style_id$space$style_name$space$style_color: null

2019-09-27 18:36:29 - [TEST_STEP][PASSED] - styleid_data = findTestData("productData").getValue("Style", row): null

2019-09-27 18:36:29 - [TEST_STEP][PASSED] - styleid_name = findTestData("productData").getValue("Description", row): null

2019-09-27 18:36:29 - [TEST_STEP][PASSED] - styleid_color = findTestData("productData").getValue("Color", row): null

2019-09-27 18:36:29 - [TEST_STEP][PASSED] - style_data = $styleid_data$space$styleid_name$space$openbrace$styleid_color$closebrace: null

2019-09-27 18:36:29 - [TEST_STEP][PASSED] - println(style_web): null

2019-09-27 18:36:29 - [TEST_STEP][PASSED] - println(style_data): null

2019-09-27 18:36:29 - [TEST_STEP][PASSED] - assert style_data.equalsIgnoreCase(style_web): null

2019-09-27 18:36:29 - [TEST_STEP][PASSED] - delay(2): Delayed 2 second(s)

2019-09-27 18:36:31 - [MESSAGE][PASSED] - Delayed 2 second(s)

2019-09-27 18:36:31 - [TEST_STEP][PASSED] - setText(findTestObject("Page_cabi Eblast/eBlastStyleSearch"), findTestData("productData").getValue("Style", row)): Text '3864' is set on object 'Object Repository/Page_cabi Eblast/eBlastStyleSearch'

2019-09-27 18:36:32 - [MESSAGE][PASSED] - Text '3864' is set on object 'Object Repository/Page_cabi Eblast/eBlastStyleSearch'

2019-09-27 18:36:32 - [TEST_STEP][PASSED] - delay(4): Delayed 4 second(s)

2019-09-27 18:36:36 - [MESSAGE][PASSED] - Delayed 4 second(s)

2019-09-27 18:36:36 - [TEST_STEP][PASSED] - if (toString().equalsIgnoreCase("no")): null

2019-09-27 18:36:36 - [TEST_STEP][PASSED] - else: null

2019-09-27 18:36:36 - [TEST_STEP][PASSED] - space = " ": null

2019-09-27 18:36:36 - [TEST_STEP][PASSED] - openbrace = "(": null

2019-09-27 18:36:36 - [TEST_STEP][PASSED] - closebrace = ")": null

2019-09-27 18:36:36 - [TEST_STEP][PASSED] - style_id = getText(findTestObject("Page_cabi Eblast/style_id")): Text of object 'Object Repository/Page_cabi Eblast/style_id' is: '3864'

2019-09-27 18:36:36 - [MESSAGE][PASSED] - Text of object 'Object Repository/Page_cabi Eblast/style_id' is: '3864'

2019-09-27 18:36:36 - [TEST_STEP][PASSED] - style_name = getText(findTestObject("Page_cabi Eblast/style_name")): Text of object 'Object Repository/Page_cabi Eblast/style_name' is: 'Snap Blouse'

2019-09-27 18:36:36 - [MESSAGE][PASSED] - Text of object 'Object Repository/Page_cabi Eblast/style_name' is: 'Snap Blouse'

2019-09-27 18:36:36 - [TEST_STEP][PASSED] - style_color = getText(findTestObject("Page_cabi Eblast/style_color")): Text of object 'Object Repository/Page_cabi Eblast/style_color' is: '(White)'

2019-09-27 18:36:36 - [MESSAGE][PASSED] - Text of object 'Object Repository/Page_cabi Eblast/style_color' is: '(White)'

2019-09-27 18:36:36 - [TEST_STEP][PASSED] - style_web = $style_id$space$style_name$space$style_color: null

2019-09-27 18:36:36 - [TEST_STEP][PASSED] - styleid_data = findTestData("productData").getValue("Style", row): null

2019-09-27 18:36:36 - [TEST_STEP][PASSED] - styleid_name = findTestData("productData").getValue("Description", row): null

2019-09-27 18:36:36 - [TEST_STEP][PASSED] - styleid_color = findTestData("productData").getValue("Color", row): null

2019-09-27 18:36:36 - [TEST_STEP][PASSED] - style_data = $styleid_data$space$styleid_name$space$openbrace$styleid_color$closebrace: null

2019-09-27 18:36:36 - [TEST_STEP][PASSED] - println(style_web): null

2019-09-27 18:36:36 - [TEST_STEP][PASSED] - println(style_data): null

2019-09-27 18:36:36 - [TEST_STEP][PASSED] - assert style_data.equalsIgnoreCase(style_web): null

2019-09-27 18:36:36 - [TEST_STEP][PASSED] - delay(2): Delayed 2 second(s)

2019-09-27 18:36:38 - [MESSAGE][PASSED] - Delayed 2 second(s)

2019-09-27 18:36:38 - [TEST_STEP][PASSED] - setText(findTestObject("Page_cabi Eblast/eBlastStyleSearch"), findTestData("productData").getValue("Style", row)): Text '3865' is set on object 'Object Repository/Page_cabi Eblast/eBlastStyleSearch'

2019-09-27 18:36:38 - [MESSAGE][PASSED] - Text '3865' is set on object 'Object Repository/Page_cabi Eblast/eBlastStyleSearch'

2019-09-27 18:36:38 - [TEST_STEP][PASSED] - delay(4): Delayed 4 second(s)

2019-09-27 18:36:42 - [MESSAGE][PASSED] - Delayed 4 second(s)

2019-09-27 18:36:42 - [TEST_STEP][PASSED] - if (toString().equalsIgnoreCase("no")): null

2019-09-27 18:36:42 - [TEST_STEP][PASSED] - else: null

2019-09-27 18:36:42 - [TEST_STEP][PASSED] - space = " ": null

2019-09-27 18:36:42 - [TEST_STEP][PASSED] - openbrace = "(": null

2019-09-27 18:36:42 - [TEST_STEP][PASSED] - closebrace = ")": null

2019-09-27 18:36:42 - [TEST_STEP][PASSED] - style_id = getText(findTestObject("Page_cabi Eblast/style_id")): Text of object 'Object Repository/Page_cabi Eblast/style_id' is: '3865'

2019-09-27 18:36:42 - [MESSAGE][PASSED] - Text of object 'Object Repository/Page_cabi Eblast/style_id' is: '3865'

2019-09-27 18:36:42 - [TEST_STEP][PASSED] - style_name = getText(findTestObject("Page_cabi Eblast/style_name")): Text of object 'Object Repository/Page_cabi Eblast/style_name' is: 'Going Out Top'

2019-09-27 18:36:42 - [MESSAGE][PASSED] - Text of object 'Object Repository/Page_cabi Eblast/style_name' is: 'Going Out Top'

2019-09-27 18:36:42 - [TEST_STEP][PASSED] - style_color = getText(findTestObject("Page_cabi Eblast/style_color")): Text of object 'Object Repository/Page_cabi Eblast/style_color' is: '(Party Plaid)'

2019-09-27 18:36:42 - [MESSAGE][PASSED] - Text of object 'Object Repository/Page_cabi Eblast/style_color' is: '(Party Plaid)'

2019-09-27 18:36:42 - [TEST_STEP][PASSED] - style_web = $style_id$space$style_name$space$style_color: null

2019-09-27 18:36:42 - [TEST_STEP][PASSED] - styleid_data = findTestData("productData").getValue("Style", row): null

2019-09-27 18:36:42 - [TEST_STEP][PASSED] - styleid_name = findTestData("productData").getValue("Description", row): null

2019-09-27 18:36:42 - [TEST_STEP][PASSED] - styleid_color = findTestData("productData").getValue("Color", row): null

2019-09-27 18:36:42 - [TEST_STEP][PASSED] - style_data = $styleid_data$space$styleid_name$space$openbrace$styleid_color$closebrace: null

2019-09-27 18:36:42 - [TEST_STEP][PASSED] - println(style_web): null

2019-09-27 18:36:42 - [TEST_STEP][PASSED] - println(style_data): null

2019-09-27 18:36:42 - [TEST_STEP][PASSED] - assert style_data.equalsIgnoreCase(style_web): null

2019-09-27 18:36:42 - [TEST_STEP][PASSED] - delay(2): Delayed 2 second(s)

2019-09-27 18:36:44 - [MESSAGE][PASSED] - Delayed 2 second(s)

2019-09-27 18:36:44 - [TEST_STEP][PASSED] - setText(findTestObject("Page_cabi Eblast/eBlastStyleSearch"), findTestData("productData").getValue("Style", row)): Text '3843' is set on object 'Object Repository/Page_cabi Eblast/eBlastStyleSearch'

2019-09-27 18:36:44 - [MESSAGE][PASSED] - Text '3843' is set on object 'Object Repository/Page_cabi Eblast/eBlastStyleSearch'

2019-09-27 18:36:44 - [TEST_STEP][PASSED] - delay(4): Delayed 4 second(s)

2019-09-27 18:36:48 - [MESSAGE][PASSED] - Delayed 4 second(s)

2019-09-27 18:36:48 - [TEST_STEP][PASSED] - if (toString().equalsIgnoreCase("no")): null

2019-09-27 18:36:48 - [TEST_STEP][PASSED] - else: null

2019-09-27 18:36:48 - [TEST_STEP][PASSED] - space = " ": null

2019-09-27 18:36:48 - [TEST_STEP][PASSED] - openbrace = "(": null

2019-09-27 18:36:48 - [TEST_STEP][PASSED] - closebrace = ")": null

2019-09-27 18:36:48 - [TEST_STEP][PASSED] - style_id = getText(findTestObject("Page_cabi Eblast/style_id")): Text of object 'Object Repository/Page_cabi Eblast/style_id' is: '3843'

2019-09-27 18:36:48 - [MESSAGE][PASSED] - Text of object 'Object Repository/Page_cabi Eblast/style_id' is: '3843'

2019-09-27 18:36:48 - [TEST_STEP][PASSED] - style_name = getText(findTestObject("Page_cabi Eblast/style_name")): Text of object 'Object Repository/Page_cabi Eblast/style_name' is: 'Dressed-Up Shrug'

2019-09-27 18:36:48 - [MESSAGE][PASSED] - Text of object 'Object Repository/Page_cabi Eblast/style_name' is: 'Dressed-Up Shrug'

2019-09-27 18:36:48 - [TEST_STEP][PASSED] - style_color = getText(findTestObject("Page_cabi Eblast/style_color")): Text of object 'Object Repository/Page_cabi Eblast/style_color' is: '(Black)'

2019-09-27 18:36:48 - [MESSAGE][PASSED] - Text of object 'Object Repository/Page_cabi Eblast/style_color' is: '(Black)'

2019-09-27 18:36:48 - [TEST_STEP][PASSED] - style_web = $style_id$space$style_name$space$style_color: null

2019-09-27 18:36:48 - [TEST_STEP][PASSED] - styleid_data = findTestData("productData").getValue("Style", row): null

2019-09-27 18:36:48 - [TEST_STEP][PASSED] - styleid_name = findTestData("productData").getValue("Description", row): null

2019-09-27 18:36:48 - [TEST_STEP][PASSED] - styleid_color = findTestData("productData").getValue("Color", row): null

2019-09-27 18:36:48 - [TEST_STEP][PASSED] - style_data = $styleid_data$space$styleid_name$space$openbrace$styleid_color$closebrace: null

2019-09-27 18:36:48 - [TEST_STEP][PASSED] - println(style_web): null

2019-09-27 18:36:48 - [TEST_STEP][PASSED] - println(style_data): null

2019-09-27 18:36:48 - [TEST_STEP][PASSED] - assert style_data.equalsIgnoreCase(style_web): null

2019-09-27 18:36:48 - [TEST_STEP][PASSED] - delay(2): Delayed 2 second(s)

2019-09-27 18:36:50 - [MESSAGE][PASSED] - Delayed 2 second(s)

2019-09-27 18:36:50 - [TEST_STEP][PASSED] - setText(findTestObject("Page_cabi Eblast/eBlastStyleSearch"), findTestData("productData").getValue("Style", row)): Text '3846' is set on object 'Object Repository/Page_cabi Eblast/eBlastStyleSearch'

2019-09-27 18:36:50 - [MESSAGE][PASSED] - Text '3846' is set on object 'Object Repository/Page_cabi Eblast/eBlastStyleSearch'

2019-09-27 18:36:50 - [TEST_STEP][PASSED] - delay(4): Delayed 4 second(s)

2019-09-27 18:36:54 - [MESSAGE][PASSED] - Delayed 4 second(s)

2019-09-27 18:36:54 - [TEST_STEP][PASSED] - if (toString().equalsIgnoreCase("no")): null

2019-09-27 18:36:54 - [TEST_STEP][PASSED] - else: null

2019-09-27 18:36:55 - [TEST_STEP][PASSED] - space = " ": null

2019-09-27 18:36:55 - [TEST_STEP][PASSED] - openbrace = "(": null

2019-09-27 18:36:55 - [TEST_STEP][PASSED] - closebrace = ")": null

2019-09-27 18:36:55 - [TEST_STEP][PASSED] - style_id = getText(findTestObject("Page_cabi Eblast/style_id")): Text of object 'Object Repository/Page_cabi Eblast/style_id' is: '3846'

2019-09-27 18:36:55 - [MESSAGE][PASSED] - Text of object 'Object Repository/Page_cabi Eblast/style_id' is: '3846'

2019-09-27 18:36:55 - [TEST_STEP][PASSED] - style_name = getText(findTestObject("Page_cabi Eblast/style_name")): Text of object 'Object Repository/Page_cabi Eblast/style_name' is: 'Windchill Wrap'

2019-09-27 18:36:55 - [MESSAGE][PASSED] - Text of object 'Object Repository/Page_cabi Eblast/style_name' is: 'Windchill Wrap'

2019-09-27 18:36:55 - [TEST_STEP][PASSED] - style_color = getText(findTestObject("Page_cabi Eblast/style_color")): Text of object 'Object Repository/Page_cabi Eblast/style_color' is: '(Winter Stripe)'

2019-09-27 18:36:55 - [MESSAGE][PASSED] - Text of object 'Object Repository/Page_cabi Eblast/style_color' is: '(Winter Stripe)'

2019-09-27 18:36:55 - [TEST_STEP][PASSED] - style_web = $style_id$space$style_name$space$style_color: null

2019-09-27 18:36:55 - [TEST_STEP][PASSED] - styleid_data = findTestData("productData").getValue("Style", row): null

2019-09-27 18:36:55 - [TEST_STEP][PASSED] - styleid_name = findTestData("productData").getValue("Description", row): null

2019-09-27 18:36:55 - [TEST_STEP][PASSED] - styleid_color = findTestData("productData").getValue("Color", row): null

2019-09-27 18:36:55 - [TEST_STEP][PASSED] - style_data = $styleid_data$space$styleid_name$space$openbrace$styleid_color$closebrace: null

2019-09-27 18:36:55 - [TEST_STEP][PASSED] - println(style_web): null

2019-09-27 18:36:55 - [TEST_STEP][PASSED] - println(style_data): null

2019-09-27 18:36:55 - [TEST_STEP][PASSED] - assert style_data.equalsIgnoreCase(style_web): null

2019-09-27 18:36:55 - [TEST_STEP][PASSED] - delay(2): Delayed 2 second(s)

2019-09-27 18:36:57 - [MESSAGE][PASSED] - Delayed 2 second(s)

2019-09-27 18:36:57 - [TEST_STEP][PASSED] - setText(findTestObject("Page_cabi Eblast/eBlastStyleSearch"), findTestData("productData").getValue("Style", row)): Text '3861' is set on object 'Object Repository/Page_cabi Eblast/eBlastStyleSearch'

2019-09-27 18:36:57 - [MESSAGE][PASSED] - Text '3861' is set on object 'Object Repository/Page_cabi Eblast/eBlastStyleSearch'

2019-09-27 18:36:57 - [TEST_STEP][PASSED] - delay(4): Delayed 4 second(s)

2019-09-27 18:37:01 - [MESSAGE][PASSED] - Delayed 4 second(s)

2019-09-27 18:37:01 - [TEST_STEP][PASSED] - if (toString().equalsIgnoreCase("no")): null

2019-09-27 18:37:01 - [TEST_STEP][PASSED] - else: null

2019-09-27 18:37:01 - [TEST_STEP][PASSED] - space = " ": null

2019-09-27 18:37:01 - [TEST_STEP][PASSED] - openbrace = "(": null

2019-09-27 18:37:01 - [TEST_STEP][PASSED] - closebrace = ")": null

2019-09-27 18:37:01 - [TEST_STEP][PASSED] - style_id = getText(findTestObject("Page_cabi Eblast/style_id")): Text of object 'Object Repository/Page_cabi Eblast/style_id' is: '3861'

2019-09-27 18:37:01 - [MESSAGE][PASSED] - Text of object 'Object Repository/Page_cabi Eblast/style_id' is: '3861'

2019-09-27 18:37:01 - [TEST_STEP][PASSED] - style_name = getText(findTestObject("Page_cabi Eblast/style_name")): Text of object 'Object Repository/Page_cabi Eblast/style_name' is: 'Victoria Blouse'

2019-09-27 18:37:01 - [MESSAGE][PASSED] - Text of object 'Object Repository/Page_cabi Eblast/style_name' is: 'Victoria Blouse'

2019-09-27 18:37:01 - [TEST_STEP][PASSED] - style_color = getText(findTestObject("Page_cabi Eblast/style_color")): Text of object 'Object Repository/Page_cabi Eblast/style_color' is: '(Flourish Print)'

2019-09-27 18:37:01 - [MESSAGE][PASSED] - Text of object 'Object Repository/Page_cabi Eblast/style_color' is: '(Flourish Print)'

2019-09-27 18:37:01 - [TEST_STEP][PASSED] - style_web = $style_id$space$style_name$space$style_color: null

2019-09-27 18:37:01 - [TEST_STEP][PASSED] - styleid_data = findTestData("productData").getValue("Style", row): null

2019-09-27 18:37:01 - [TEST_STEP][PASSED] - styleid_name = findTestData("productData").getValue("Description", row): null

2019-09-27 18:37:01 - [TEST_STEP][PASSED] - styleid_color = findTestData("productData").getValue("Color", row): null

2019-09-27 18:37:01 - [TEST_STEP][PASSED] - style_data = $styleid_data$space$styleid_name$space$openbrace$styleid_color$closebrace: null

2019-09-27 18:37:01 - [TEST_STEP][PASSED] - println(style_web): null

2019-09-27 18:37:01 - [TEST_STEP][PASSED] - println(style_data): null

2019-09-27 18:37:01 - [TEST_STEP][PASSED] - assert style_data.equalsIgnoreCase(style_web): null

2019-09-27 18:37:01 - [TEST_STEP][PASSED] - delay(2): Delayed 2 second(s)

2019-09-27 18:37:03 - [MESSAGE][PASSED] - Delayed 2 second(s)

2019-09-27 18:37:03 - [TEST_STEP][PASSED] - setText(findTestObject("Page_cabi Eblast/eBlastStyleSearch"), findTestData("productData").getValue("Style", row)): Text '3863' is set on object 'Object Repository/Page_cabi Eblast/eBlastStyleSearch'

2019-09-27 18:37:03 - [MESSAGE][PASSED] - Text '3863' is set on object 'Object Repository/Page_cabi Eblast/eBlastStyleSearch'

2019-09-27 18:37:03 - [TEST_STEP][PASSED] - delay(4): Delayed 4 second(s)

2019-09-27 18:37:07 - [MESSAGE][PASSED] - Delayed 4 second(s)

2019-09-27 18:37:07 - [TEST_STEP][PASSED] - if (toString().equalsIgnoreCase("no")): null

2019-09-27 18:37:07 - [TEST_STEP][PASSED] - else: null

2019-09-27 18:37:07 - [TEST_STEP][PASSED] - space = " ": null

2019-09-27 18:37:07 - [TEST_STEP][PASSED] - openbrace = "(": null

2019-09-27 18:37:07 - [TEST_STEP][PASSED] - closebrace = ")": null

2019-09-27 18:37:07 - [TEST_STEP][PASSED] - style_id = getText(findTestObject("Page_cabi Eblast/style_id")): Text of object 'Object Repository/Page_cabi Eblast/style_id' is: '3863'

2019-09-27 18:37:07 - [MESSAGE][PASSED] - Text of object 'Object Repository/Page_cabi Eblast/style_id' is: '3863'

2019-09-27 18:37:07 - [TEST_STEP][PASSED] - style_name = getText(findTestObject("Page_cabi Eblast/style_name")): Text of object 'Object Repository/Page_cabi Eblast/style_name' is: 'Purr Blouse'

2019-09-27 18:37:07 - [MESSAGE][PASSED] - Text of object 'Object Repository/Page_cabi Eblast/style_name' is: 'Purr Blouse'

2019-09-27 18:37:07 - [TEST_STEP][PASSED] - style_color = getText(findTestObject("Page_cabi Eblast/style_color")): Text of object 'Object Repository/Page_cabi Eblast/style_color' is: '(Emerald Skin Print)'

2019-09-27 18:37:07 - [MESSAGE][PASSED] - Text of object 'Object Repository/Page_cabi Eblast/style_color' is: '(Emerald Skin Print)'

2019-09-27 18:37:07 - [TEST_STEP][PASSED] - style_web = $style_id$space$style_name$space$style_color: null

2019-09-27 18:37:07 - [TEST_STEP][PASSED] - styleid_data = findTestData("productData").getValue("Style", row): null

2019-09-27 18:37:07 - [TEST_STEP][PASSED] - styleid_name = findTestData("productData").getValue("Description", row): null

2019-09-27 18:37:07 - [TEST_STEP][PASSED] - styleid_color = findTestData("productData").getValue("Color", row): null

2019-09-27 18:37:07 - [TEST_STEP][PASSED] - style_data = $styleid_data$space$styleid_name$space$openbrace$styleid_color$closebrace: null

2019-09-27 18:37:07 - [TEST_STEP][PASSED] - println(style_web): null

2019-09-27 18:37:07 - [TEST_STEP][PASSED] - println(style_data): null

2019-09-27 18:37:07 - [TEST_STEP][PASSED] - assert style_data.equalsIgnoreCase(style_web): null

2019-09-27 18:37:07 - [TEST_STEP][PASSED] - delay(2): Delayed 2 second(s)

2019-09-27 18:37:09 - [MESSAGE][PASSED] - Delayed 2 second(s)

2019-09-27 18:37:09 - [TEST_STEP][PASSED] - setText(findTestObject("Page_cabi Eblast/eBlastStyleSearch"), findTestData("productData").getValue("Style", row)): Text '3850' is set on object 'Object Repository/Page_cabi Eblast/eBlastStyleSearch'

2019-09-27 18:37:09 - [MESSAGE][PASSED] - Text '3850' is set on object 'Object Repository/Page_cabi Eblast/eBlastStyleSearch'

2019-09-27 18:37:09 - [TEST_STEP][PASSED] - delay(4): Delayed 4 second(s)

2019-09-27 18:37:13 - [MESSAGE][PASSED] - Delayed 4 second(s)

2019-09-27 18:37:13 - [TEST_STEP][PASSED] - if (toString().equalsIgnoreCase("no")): null

2019-09-27 18:37:13 - [TEST_STEP][PASSED] - else: null

2019-09-27 18:37:13 - [TEST_STEP][PASSED] - space = " ": null

2019-09-27 18:37:13 - [TEST_STEP][PASSED] - openbrace = "(": null

2019-09-27 18:37:13 - [TEST_STEP][PASSED] - closebrace = ")": null

2019-09-27 18:37:13 - [TEST_STEP][PASSED] - style_id = getText(findTestObject("Page_cabi Eblast/style_id")): Text of object 'Object Repository/Page_cabi Eblast/style_id' is: '3850'

2019-09-27 18:37:13 - [MESSAGE][PASSED] - Text of object 'Object Repository/Page_cabi Eblast/style_id' is: '3850'

2019-09-27 18:37:13 - [TEST_STEP][PASSED] - style_name = getText(findTestObject("Page_cabi Eblast/style_name")): Text of object 'Object Repository/Page_cabi Eblast/style_name' is: 'Holiday Blazer'

2019-09-27 18:37:13 - [MESSAGE][PASSED] - Text of object 'Object Repository/Page_cabi Eblast/style_name' is: 'Holiday Blazer'

2019-09-27 18:37:13 - [TEST_STEP][PASSED] - style_color = getText(findTestObject("Page_cabi Eblast/style_color")): Text of object 'Object Repository/Page_cabi Eblast/style_color' is: '(Holiday Plaid)'

2019-09-27 18:37:14 - [MESSAGE][PASSED] - Text of object 'Object Repository/Page_cabi Eblast/style_color' is: '(Holiday Plaid)'

2019-09-27 18:37:14 - [TEST_STEP][PASSED] - style_web = $style_id$space$style_name$space$style_color: null

2019-09-27 18:37:14 - [TEST_STEP][PASSED] - styleid_data = findTestData("productData").getValue("Style", row): null

2019-09-27 18:37:14 - [TEST_STEP][PASSED] - styleid_name = findTestData("productData").getValue("Description", row): null

2019-09-27 18:37:14 - [TEST_STEP][PASSED] - styleid_color = findTestData("productData").getValue("Color", row): null

2019-09-27 18:37:14 - [TEST_STEP][PASSED] - style_data = $styleid_data$space$styleid_name$space$openbrace$styleid_color$closebrace: null

2019-09-27 18:37:14 - [TEST_STEP][PASSED] - println(style_web): null

2019-09-27 18:37:14 - [TEST_STEP][PASSED] - println(style_data): null

2019-09-27 18:37:14 - [TEST_STEP][PASSED] - assert style_data.equalsIgnoreCase(style_web): null

2019-09-27 18:37:14 - [TEST_STEP][PASSED] - callTestCase(findTestCase("NewArrival/populateTimeGlobalVars"), ["row":timeRow], STOP_ON_FAILURE): Call Test Case 'Test Cases/NewArrival/populateTimeGlobalVars' successfully

2019-09-27 18:37:14 - [TEST_CASE][PASSED] - Test Cases/NewArrival/populateTimeGlobalVars: Test Cases/NewArrival/populateTimeGlobalVars

2019-09-27 18:37:14 - [TEST_STEP][PASSED] - dataFile = "timezoneData": null

2019-09-27 18:37:14 - [TEST_STEP][PASSED] - clockServerTarget = UtilityMethods.getTestData("envtData", "clockServerTarget", 1): null

2019-09-27 18:37:14 - [TEST_STEP][PASSED] - println(clockServerTarget): null

2019-09-27 18:37:14 - [TEST_STEP][PASSED] - orderType = UtilityMethods.getTestData(dataFile, "orderType", row): null

2019-09-27 18:37:14 - [TEST_STEP][PASSED] - timeZone = UtilityMethods.getTestData(dataFile, "timeZone", row): null

2019-09-27 18:37:14 - [TEST_STEP][PASSED] - BOPersonal = UtilityMethods.getTestData(dataFile, "BOPersonal", row): null

2019-09-27 18:37:14 - [TEST_STEP][PASSED] - BOAddonPersonal = UtilityMethods.getTestData(dataFile, "BOAddonPersonal", row): null

2019-09-27 18:37:14 - [TEST_STEP][PASSED] - BOAddonRetail = UtilityMethods.getTestData(dataFile, "BOAddonRetail", row): null

2019-09-27 18:37:14 - [TEST_STEP][PASSED] - BORetail = UtilityMethods.getTestData(dataFile, "BORetail", row): null

2019-09-27 18:37:14 - [TEST_STEP][PASSED] - BOShow = UtilityMethods.getTestData(dataFile, "BOShow", row): null

2019-09-27 18:37:14 - [TEST_STEP][PASSED] - BOOnlineoutlet = UtilityMethods.getTestData(dataFile, "BOOnlineoutlet", row): null

2019-09-27 18:37:14 - [TEST_STEP][PASSED] - BOEmployee = UtilityMethods.getTestData(dataFile, "BOEmployee", row): null

2019-09-27 18:37:14 - [TEST_STEP][PASSED] - CCPersonal = UtilityMethods.getTestData(dataFile, "CCPersonal", row): null

2019-09-27 18:37:14 - [TEST_STEP][PASSED] - CCRetail = UtilityMethods.getTestData(dataFile, "CCRetail", row): null

2019-09-27 18:37:14 - [TEST_STEP][PASSED] - CCShow = UtilityMethods.getTestData(dataFile, "CCShow", row): null

2019-09-27 18:37:14 - [TEST_STEP][PASSED] - BOEblast = UtilityMethods.getTestData(dataFile, "BOEblast", row): null

2019-09-27 18:37:14 - [TEST_STEP][PASSED] - println(row): null

2019-09-27 18:37:14 - [TEST_STEP][PASSED] - println(BOPersonal): null

2019-09-27 18:37:14 - [MESSAGE][PASSED] - Call Test Case 'Test Cases/NewArrival/populateTimeGlobalVars' successfully

2019-09-27 18:37:14 - [TEST_STEP][PASSED] - available = BOEblast: null

2019-09-27 18:37:14 - [TEST_STEP][PASSED] - callTestCase(findTestCase("NewArrival/setTimezone"), ["ofbizURL":"", "ofbizuser":"", "ofbizpass":"", "orderType":orderType, "timeZone":timeZone, "clockServerTarget":clockServerTarget], STOP_ON_FAILURE): Call Test Case 'Test Cases/NewArrival/setTimezone' successfully

2019-09-27 18:37:14 - [TEST_CASE][PASSED] - Test Cases/NewArrival/setTimezone: Test Cases/NewArrival/setTimezone

2019-09-27 18:37:14 - [TEST_STEP][PASSED] - openBrowser(""): Browser is opened with url: ''

2019-09-27 18:37:14 - [MESSAGE][WARNING] - A browser is already opened. Closing browser and opening a new one

2019-09-27 18:37:15 - [MESSAGE][INFO] - Starting 'Chrome' driver

2019-09-27 18:37:15 - [MESSAGE][INFO] - User set preference: ['args', '[--use-fake-ui-for-media-stream, --start-maximized]']

2019-09-27 18:37:17 - [MESSAGE][PASSED] - Browser is opened with url: ''

2019-09-27 18:37:17 - [TEST_STEP][NOT_RUN] - maximizeWindow(): NOT_RUN: maximizeWindow()

2019-09-27 18:37:17 - [MESSAGE][NOT_RUN] - NOT_RUN: maximizeWindow()

2019-09-27 18:37:17 - [TEST_STEP][PASSED] - ofbizURL = findTestData("envtData").getValue("ofbizURL", 1): null

2019-09-27 18:37:17 - [TEST_STEP][PASSED] - ofbizuser = findTestData("credData").getValue("ofbizuser", 1): null

2019-09-27 18:37:17 - [TEST_STEP][PASSED] - ofbizpass = findTestData("credData").getValue("ofbizpass", 1): null

2019-09-27 18:37:17 - [TEST_STEP][PASSED] - navigateToUrl(ofbizURL): Navigate to 'https://pushofbiz.cliotest.com/login.php' successfully

2019-09-27 18:37:19 - [MESSAGE][PASSED] - Navigate to 'https://pushofbiz.cliotest.com/login.php' successfully

2019-09-27 18:37:19 - [TEST_STEP][PASSED] - setText(findTestObject("Page_/input_Username_username"), ofbizuser): Text 'automation' is set on object 'Object Repository/Page_/input_Username_username'

2019-09-27 18:37:19 - [MESSAGE][PASSED] - Text 'automation' is set on object 'Object Repository/Page_/input_Username_username'

2019-09-27 18:37:19 - [TEST_STEP][PASSED] - setText(findTestObject("Page_/input_Password_password"), ofbizpass): Text 'cabiautomation' is set on object 'Object Repository/Page_/input_Password_password'

2019-09-27 18:37:19 - [MESSAGE][PASSED] - Text 'cabiautomation' is set on object 'Object Repository/Page_/input_Password_password'

2019-09-27 18:37:19 - [TEST_STEP][PASSED] - click(findTestObject("Page_/input_Password_Submit")): Object: 'Object Repository/Page_/input_Password_Submit' is clicked on

2019-09-27 18:37:23 - [MESSAGE][PASSED] - Object: 'Object Repository/Page_/input_Password_Submit' is clicked on

2019-09-27 18:37:23 - [TEST_STEP][PASSED] - click(findTestObject("Object Repository/Page_/a_Clock set")): Object: 'Object Repository/Page_/a_Clock set' is clicked on

2019-09-27 18:37:24 - [MESSAGE][PASSED] - Object: 'Object Repository/Page_/a_Clock set' is clicked on

2019-09-27 18:37:24 - [TEST_STEP][PASSED] - cst = UtilityMethods.createTestObject("select_target", "//select[@name='Target']/option[contains(text(), '", clockServerTarget, "')]"): null

2019-09-27 18:37:24 - [TEST_STEP][PASSED] - println(clockServerTarget): null

2019-09-27 18:37:24 - [TEST_STEP][PASSED] - click(cst): Object: 'select_target' is clicked on

2019-09-27 18:37:24 - [MESSAGE][PASSED] - Object: 'select_target' is clicked on

2019-09-27 18:37:24 - [TEST_STEP][PASSED] - click(findTestObject("Page_/thisDateAndTime")): Object: 'Object Repository/Page_/thisDateAndTime' is clicked on

2019-09-27 18:37:24 - [MESSAGE][PASSED] - Object: 'Object Repository/Page_/thisDateAndTime' is clicked on

2019-09-27 18:37:24 - [TEST_STEP][PASSED] - setText(findTestObject("Object Repository/Page_/setTargetTime"), timeZone): Text ' 11/05/2019 00:00' is set on object 'Object Repository/Page_/setTargetTime'

2019-09-27 18:37:24 - [MESSAGE][PASSED] - Text ' 11/05/2019 00:00' is set on object 'Object Repository/Page_/setTargetTime'

2019-09-27 18:37:24 - [TEST_STEP][PASSED] - click(findTestObject("Object Repository/Page_/input")): Object: 'Object Repository/Page_/input' is clicked on

2019-09-27 18:37:25 - [MESSAGE][PASSED] - Object: 'Object Repository/Page_/input' is clicked on

2019-09-27 18:37:25 - [TEST_STEP][PASSED] - delay(10): Delayed 10 second(s)

2019-09-27 18:37:35 - [MESSAGE][PASSED] - Delayed 10 second(s)

2019-09-27 18:37:35 - [TEST_STEP][NOT_RUN] - closeBrowser(): NOT_RUN: closeBrowser()

2019-09-27 18:37:35 - [MESSAGE][NOT_RUN] - NOT_RUN: closeBrowser()

2019-09-27 18:37:35 - [MESSAGE][PASSED] - Call Test Case 'Test Cases/NewArrival/setTimezone' successfully

2019-09-27 18:37:35 - [TEST_STEP][PASSED] - callTestCase(findTestCase("TestCaseUtilities/backOfficeLogin"), ["BOURL":"", "BOuser":"", "BOpass":""], STOP_ON_FAILURE): Call Test Case 'Test Cases/TestCaseUtilities/backOfficeLogin' successfully

2019-09-27 18:37:35 - [TEST_CASE][PASSED] - Test Cases/TestCaseUtilities/backOfficeLogin: Test Cases/TestCaseUtilities/backOfficeLogin

2019-09-27 18:37:35 - [TEST_STEP][PASSED] - BOURL = findTestData("envtData").getValue("BOURL", 1): null

2019-09-27 18:37:35 - [TEST_STEP][PASSED] - BOuser = findTestData("credData").getValue("BOuser", 1): null

2019-09-27 18:37:35 - [TEST_STEP][PASSED] - BOpass = findTestData("credData").getValue("BOpass", 1): null

2019-09-27 18:37:35 - [TEST_STEP][PASSED] - openBrowser(""): Browser is opened with url: ''

2019-09-27 18:37:35 - [MESSAGE][WARNING] - A browser is already opened. Closing browser and opening a new one

2019-09-27 18:37:36 - [MESSAGE][INFO] - Starting 'Chrome' driver

2019-09-27 18:37:36 - [MESSAGE][INFO] - User set preference: ['args', '[--use-fake-ui-for-media-stream, --start-maximized]']

2019-09-27 18:37:38 - [MESSAGE][PASSED] - Browser is opened with url: ''

2019-09-27 18:37:38 - [TEST_STEP][PASSED] - navigateToUrl(BOURL): Navigate to 'https://test4uk.cliotest.com/backoffice/control/main' successfully

2019-09-27 18:37:46 - [MESSAGE][PASSED] - Navigate to 'https://test4uk.cliotest.com/backoffice/control/main' successfully

2019-09-27 18:37:46 - [TEST_STEP][PASSED] - logOut = findWebElements(findTestObject("Object Repository/Page_cabi Home/log_out"), 1): Unable to find the element located by 'By.xpath: //a[contains(text(),'Log Out')]'. Please recheck the objects properties to make sure the desired element is located. 

2019-09-27 18:37:47 - [MESSAGE][INFO] - Unable to find the element located by 'By.xpath: //a[contains(text(),'Log Out')]'. Please recheck the objects properties to make sure the desired element is located. 

2019-09-27 18:37:47 - [TEST_STEP][PASSED] - if (logOut.size() == 0): Object: 'Object Repository/Page_cabi/input_Welcome to_consultantLogin' is clicked on

2019-09-27 18:37:47 - [TEST_STEP][PASSED] - setText(findTestObject("Page_cabi/input_Welcome to_USERNAME"), BOuser): Text 'uk1312' is set on object 'Object Repository/Page_cabi/input_Welcome to_USERNAME'

2019-09-27 18:37:47 - [MESSAGE][PASSED] - Text 'uk1312' is set on object 'Object Repository/Page_cabi/input_Welcome to_USERNAME'

2019-09-27 18:37:47 - [TEST_STEP][PASSED] - setText(findTestObject("Object Repository/Page_cabi/input_Welcome to_PASSWORD"), BOpass): Text 'blackdress19' is set on object 'Object Repository/Page_cabi/input_Welcome to_PASSWORD'

2019-09-27 18:37:47 - [MESSAGE][PASSED] - Text 'blackdress19' is set on object 'Object Repository/Page_cabi/input_Welcome to_PASSWORD'

2019-09-27 18:37:47 - [TEST_STEP][PASSED] - click(findTestObject("Object Repository/Page_cabi/input_Welcome to_consultantLogin")): Object: 'Object Repository/Page_cabi/input_Welcome to_consultantLogin' is clicked on

2019-09-27 18:37:56 - [MESSAGE][PASSED] - Object: 'Object Repository/Page_cabi/input_Welcome to_consultantLogin' is clicked on

2019-09-27 18:37:56 - [TEST_STEP][PASSED] - delay(3): Delayed 3 second(s)

2019-09-27 18:37:59 - [MESSAGE][PASSED] - Delayed 3 second(s)

2019-09-27 18:37:59 - [MESSAGE][PASSED] - Call Test Case 'Test Cases/TestCaseUtilities/backOfficeLogin' successfully

2019-09-27 18:37:59 - [TEST_STEP][PASSED] - click(findTestObject("Page_cabi Home/a_Connections")): Object: 'Object Repository/Page_cabi Home/a_Connections' is clicked on

2019-09-27 18:37:59 - [MESSAGE][PASSED] - Object: 'Object Repository/Page_cabi Home/a_Connections' is clicked on

2019-09-27 18:37:59 - [TEST_STEP][PASSED] - click(findTestObject("Page_cabi Home/a_Contact Manager")): Object: 'Object Repository/Page_cabi Home/a_Contact Manager' is clicked on

2019-09-27 18:38:04 - [MESSAGE][PASSED] - Object: 'Object Repository/Page_cabi Home/a_Contact Manager' is clicked on

2019-09-27 18:38:04 - [TEST_STEP][PASSED] - click(findTestObject("Page_cabi/span_SEND eBLAST")): Object: 'Object Repository/Page_cabi/span_SEND eBLAST' is clicked on

2019-09-27 18:38:04 - [MESSAGE][PASSED] - Object: 'Object Repository/Page_cabi/span_SEND eBLAST' is clicked on

2019-09-27 18:38:04 - [TEST_STEP][PASSED] - click(findTestObject("Object Repository/Page_cabi Eblast/a_Stylist Picks")): Object: 'Object Repository/Page_cabi Eblast/a_Stylist Picks' is clicked on

2019-09-27 18:38:14 - [MESSAGE][PASSED] - Object: 'Object Repository/Page_cabi Eblast/a_Stylist Picks' is clicked on

2019-09-27 18:38:14 - [TEST_STEP][PASSED] - click(findTestObject("Object Repository/Page_cabi Eblast/button_ADD PRODUCTS TO EBLAST")): Object: 'Object Repository/Page_cabi Eblast/button_ADD PRODUCTS TO EBLAST' is clicked on

2019-09-27 18:38:14 - [MESSAGE][PASSED] - Object: 'Object Repository/Page_cabi Eblast/button_ADD PRODUCTS TO EBLAST' is clicked on

2019-09-27 18:38:14 - [TEST_STEP][FAILED] - for ([row = 1, row <= findTestData("productData").getRowNumbers(), (row++)]): for ([timeRow = 1, timeRow <= findTestData("timezoneData").getRowNumbers(), (timeRow++)]) FAILED.
Reason:
Assertion failed: 

assert style_notfound.size() > 0
       |              |      |
       []             0      false

	at productEblast.run(productEblast:63)
	at com.kms.katalon.core.main.ScriptEngine.run(ScriptEngine.java:194)
	at com.kms.katalon.core.main.ScriptEngine.runScriptAsRawText(ScriptEngine.java:119)
	at com.kms.katalon.core.main.TestCaseExecutor.runScript(TestCaseExecutor.java:342)
	at com.kms.katalon.core.main.TestCaseExecutor.doExecute(TestCaseExecutor.java:333)
	at com.kms.katalon.core.main.TestCaseExecutor.processExecutionPhase(TestCaseExecutor.java:312)
	at com.kms.katalon.core.main.TestCaseExecutor.accessMainPhase(TestCaseExecutor.java:304)
	at com.kms.katalon.core.main.TestCaseExecutor.execute(TestCaseExecutor.java:238)
	at com.kms.katalon.core.main.TestSuiteExecutor.accessTestCaseMainPhase(TestSuiteExecutor.java:129)
	at com.kms.katalon.core.main.TestSuiteExecutor.accessTestSuiteMainPhase(TestSuiteExecutor.java:112)
	at com.kms.katalon.core.main.TestSuiteExecutor.execute(TestSuiteExecutor.java:81)
	at com.kms.katalon.core.main.TestCaseMain.startTestSuite(TestCaseMain.java:157)
	at com.kms.katalon.core.main.TestCaseMain$startTestSuite$0.call(Unknown Source)
	at TempTestSuite1569589107642.run(TempTestSuite1569589107642.groovy:35)


2019-09-27 18:38:14 - [TEST_STEP][PASSED] - delay(2): Delayed 2 second(s)

2019-09-27 18:38:16 - [MESSAGE][PASSED] - Delayed 2 second(s)

2019-09-27 18:38:16 - [TEST_STEP][PASSED] - setText(findTestObject("Page_cabi Eblast/eBlastStyleSearch"), findTestData("productData").getValue("Style", row)): Text '3875' is set on object 'Object Repository/Page_cabi Eblast/eBlastStyleSearch'

2019-09-27 18:38:16 - [MESSAGE][PASSED] - Text '3875' is set on object 'Object Repository/Page_cabi Eblast/eBlastStyleSearch'

2019-09-27 18:38:16 - [TEST_STEP][PASSED] - delay(4): Delayed 4 second(s)

2019-09-27 18:38:20 - [MESSAGE][PASSED] - Delayed 4 second(s)

2019-09-27 18:38:20 - [TEST_STEP][PASSED] - if (toString().equalsIgnoreCase("no")): Actual text and expected text of test object 'Object Repository/Page_cabi Eblast/styleNotFound' are matched.

2019-09-27 18:38:20 - [TEST_STEP][PASSED] - style_notfound = findWebElements(findTestObject("Page_cabi Eblast/styleNotFound"), 5): null

2019-09-27 18:38:20 - [TEST_STEP][PASSED] - delay(4): Delayed 4 second(s)

2019-09-27 18:38:24 - [MESSAGE][PASSED] - Delayed 4 second(s)

2019-09-27 18:38:24 - [TEST_STEP][PASSED] - println(style_notfound.size()): null

2019-09-27 18:38:24 - [TEST_STEP][PASSED] - assert style_notfound.size() > 0: null

2019-09-27 18:38:24 - [TEST_STEP][PASSED] - verifyElementText(findTestObject("Page_cabi Eblast/styleNotFound"), "No matching product"): Actual text and expected text of test object 'Object Repository/Page_cabi Eblast/styleNotFound' are matched.

2019-09-27 18:38:24 - [MESSAGE][PASSED] - Actual text and expected text of test object 'Object Repository/Page_cabi Eblast/styleNotFound' are matched.

2019-09-27 18:38:24 - [TEST_STEP][PASSED] - delay(2): Delayed 2 second(s)

2019-09-27 18:38:26 - [MESSAGE][PASSED] - Delayed 2 second(s)

2019-09-27 18:38:26 - [TEST_STEP][PASSED] - setText(findTestObject("Page_cabi Eblast/eBlastStyleSearch"), findTestData("productData").getValue("Style", row)): Text '3869' is set on object 'Object Repository/Page_cabi Eblast/eBlastStyleSearch'

2019-09-27 18:38:26 - [MESSAGE][PASSED] - Text '3869' is set on object 'Object Repository/Page_cabi Eblast/eBlastStyleSearch'

2019-09-27 18:38:26 - [TEST_STEP][PASSED] - delay(4): Delayed 4 second(s)

2019-09-27 18:38:30 - [MESSAGE][PASSED] - Delayed 4 second(s)

2019-09-27 18:38:30 - [TEST_STEP][PASSED] - if (toString().equalsIgnoreCase("no")): Actual text and expected text of test object 'Object Repository/Page_cabi Eblast/styleNotFound' are matched.

2019-09-27 18:38:30 - [TEST_STEP][PASSED] - style_notfound = findWebElements(findTestObject("Page_cabi Eblast/styleNotFound"), 5): null

2019-09-27 18:38:30 - [TEST_STEP][PASSED] - delay(4): Delayed 4 second(s)

2019-09-27 18:38:34 - [MESSAGE][PASSED] - Delayed 4 second(s)

2019-09-27 18:38:34 - [TEST_STEP][PASSED] - println(style_notfound.size()): null

2019-09-27 18:38:34 - [TEST_STEP][PASSED] - assert style_notfound.size() > 0: null

2019-09-27 18:38:34 - [TEST_STEP][PASSED] - verifyElementText(findTestObject("Page_cabi Eblast/styleNotFound"), "No matching product"): Actual text and expected text of test object 'Object Repository/Page_cabi Eblast/styleNotFound' are matched.

2019-09-27 18:38:34 - [MESSAGE][PASSED] - Actual text and expected text of test object 'Object Repository/Page_cabi Eblast/styleNotFound' are matched.

2019-09-27 18:38:34 - [TEST_STEP][PASSED] - delay(2): Delayed 2 second(s)

2019-09-27 18:38:36 - [MESSAGE][PASSED] - Delayed 2 second(s)

2019-09-27 18:38:36 - [TEST_STEP][PASSED] - setText(findTestObject("Page_cabi Eblast/eBlastStyleSearch"), findTestData("productData").getValue("Style", row)): Text '3870' is set on object 'Object Repository/Page_cabi Eblast/eBlastStyleSearch'

2019-09-27 18:38:37 - [MESSAGE][PASSED] - Text '3870' is set on object 'Object Repository/Page_cabi Eblast/eBlastStyleSearch'

2019-09-27 18:38:37 - [TEST_STEP][PASSED] - delay(4): Delayed 4 second(s)

2019-09-27 18:38:41 - [MESSAGE][PASSED] - Delayed 4 second(s)

2019-09-27 18:38:41 - [TEST_STEP][PASSED] - if (toString().equalsIgnoreCase("no")): Actual text and expected text of test object 'Object Repository/Page_cabi Eblast/styleNotFound' are matched.

2019-09-27 18:38:41 - [TEST_STEP][PASSED] - style_notfound = findWebElements(findTestObject("Page_cabi Eblast/styleNotFound"), 5): null

2019-09-27 18:38:41 - [TEST_STEP][PASSED] - delay(4): Delayed 4 second(s)

2019-09-27 18:38:45 - [MESSAGE][PASSED] - Delayed 4 second(s)

2019-09-27 18:38:45 - [TEST_STEP][PASSED] - println(style_notfound.size()): null

2019-09-27 18:38:45 - [TEST_STEP][PASSED] - assert style_notfound.size() > 0: null

2019-09-27 18:38:45 - [TEST_STEP][PASSED] - verifyElementText(findTestObject("Page_cabi Eblast/styleNotFound"), "No matching product"): Actual text and expected text of test object 'Object Repository/Page_cabi Eblast/styleNotFound' are matched.

2019-09-27 18:38:45 - [MESSAGE][PASSED] - Actual text and expected text of test object 'Object Repository/Page_cabi Eblast/styleNotFound' are matched.

2019-09-27 18:38:45 - [TEST_STEP][PASSED] - delay(2): Delayed 2 second(s)

2019-09-27 18:38:47 - [MESSAGE][PASSED] - Delayed 2 second(s)

2019-09-27 18:38:47 - [TEST_STEP][PASSED] - setText(findTestObject("Page_cabi Eblast/eBlastStyleSearch"), findTestData("productData").getValue("Style", row)): Text '3871' is set on object 'Object Repository/Page_cabi Eblast/eBlastStyleSearch'

2019-09-27 18:38:47 - [MESSAGE][PASSED] - Text '3871' is set on object 'Object Repository/Page_cabi Eblast/eBlastStyleSearch'

2019-09-27 18:38:47 - [TEST_STEP][PASSED] - delay(4): Delayed 4 second(s)

2019-09-27 18:38:51 - [MESSAGE][PASSED] - Delayed 4 second(s)

2019-09-27 18:38:51 - [TEST_STEP][PASSED] - if (toString().equalsIgnoreCase("no")): Actual text and expected text of test object 'Object Repository/Page_cabi Eblast/styleNotFound' are matched.

2019-09-27 18:38:51 - [TEST_STEP][PASSED] - style_notfound = findWebElements(findTestObject("Page_cabi Eblast/styleNotFound"), 5): null

2019-09-27 18:38:51 - [TEST_STEP][PASSED] - delay(4): Delayed 4 second(s)

2019-09-27 18:38:55 - [MESSAGE][PASSED] - Delayed 4 second(s)

2019-09-27 18:38:55 - [TEST_STEP][PASSED] - println(style_notfound.size()): null

2019-09-27 18:38:55 - [TEST_STEP][PASSED] - assert style_notfound.size() > 0: null

2019-09-27 18:38:55 - [TEST_STEP][PASSED] - verifyElementText(findTestObject("Page_cabi Eblast/styleNotFound"), "No matching product"): Actual text and expected text of test object 'Object Repository/Page_cabi Eblast/styleNotFound' are matched.

2019-09-27 18:38:55 - [MESSAGE][PASSED] - Actual text and expected text of test object 'Object Repository/Page_cabi Eblast/styleNotFound' are matched.

2019-09-27 18:38:55 - [TEST_STEP][PASSED] - delay(2): Delayed 2 second(s)

2019-09-27 18:38:57 - [MESSAGE][PASSED] - Delayed 2 second(s)

2019-09-27 18:38:57 - [TEST_STEP][PASSED] - setText(findTestObject("Page_cabi Eblast/eBlastStyleSearch"), findTestData("productData").getValue("Style", row)): Text '3857' is set on object 'Object Repository/Page_cabi Eblast/eBlastStyleSearch'

2019-09-27 18:38:57 - [MESSAGE][PASSED] - Text '3857' is set on object 'Object Repository/Page_cabi Eblast/eBlastStyleSearch'

2019-09-27 18:38:57 - [TEST_STEP][PASSED] - delay(4): Delayed 4 second(s)

2019-09-27 18:39:01 - [MESSAGE][PASSED] - Delayed 4 second(s)

2019-09-27 18:39:01 - [TEST_STEP][PASSED] - if (toString().equalsIgnoreCase("no")): Actual text and expected text of test object 'Object Repository/Page_cabi Eblast/styleNotFound' are matched.

2019-09-27 18:39:01 - [TEST_STEP][PASSED] - style_notfound = findWebElements(findTestObject("Page_cabi Eblast/styleNotFound"), 5): null

2019-09-27 18:39:01 - [TEST_STEP][PASSED] - delay(4): Delayed 4 second(s)

2019-09-27 18:39:05 - [MESSAGE][PASSED] - Delayed 4 second(s)

2019-09-27 18:39:05 - [TEST_STEP][PASSED] - println(style_notfound.size()): null

2019-09-27 18:39:05 - [TEST_STEP][PASSED] - assert style_notfound.size() > 0: null

2019-09-27 18:39:05 - [TEST_STEP][PASSED] - verifyElementText(findTestObject("Page_cabi Eblast/styleNotFound"), "No matching product"): Actual text and expected text of test object 'Object Repository/Page_cabi Eblast/styleNotFound' are matched.

2019-09-27 18:39:05 - [MESSAGE][PASSED] - Actual text and expected text of test object 'Object Repository/Page_cabi Eblast/styleNotFound' are matched.

2019-09-27 18:39:05 - [TEST_STEP][PASSED] - delay(2): Delayed 2 second(s)

2019-09-27 18:39:07 - [MESSAGE][PASSED] - Delayed 2 second(s)

2019-09-27 18:39:07 - [TEST_STEP][PASSED] - setText(findTestObject("Page_cabi Eblast/eBlastStyleSearch"), findTestData("productData").getValue("Style", row)): Text '3864' is set on object 'Object Repository/Page_cabi Eblast/eBlastStyleSearch'

2019-09-27 18:39:07 - [MESSAGE][PASSED] - Text '3864' is set on object 'Object Repository/Page_cabi Eblast/eBlastStyleSearch'

2019-09-27 18:39:07 - [TEST_STEP][PASSED] - delay(4): Delayed 4 second(s)

2019-09-27 18:39:11 - [MESSAGE][PASSED] - Delayed 4 second(s)

2019-09-27 18:39:11 - [TEST_STEP][PASSED] - if (toString().equalsIgnoreCase("no")): Actual text and expected text of test object 'Object Repository/Page_cabi Eblast/styleNotFound' are matched.

2019-09-27 18:39:11 - [TEST_STEP][PASSED] - style_notfound = findWebElements(findTestObject("Page_cabi Eblast/styleNotFound"), 5): null

2019-09-27 18:39:11 - [TEST_STEP][PASSED] - delay(4): Delayed 4 second(s)

2019-09-27 18:39:15 - [MESSAGE][PASSED] - Delayed 4 second(s)

2019-09-27 18:39:15 - [TEST_STEP][PASSED] - println(style_notfound.size()): null

2019-09-27 18:39:15 - [TEST_STEP][PASSED] - assert style_notfound.size() > 0: null

2019-09-27 18:39:15 - [TEST_STEP][PASSED] - verifyElementText(findTestObject("Page_cabi Eblast/styleNotFound"), "No matching product"): Actual text and expected text of test object 'Object Repository/Page_cabi Eblast/styleNotFound' are matched.

2019-09-27 18:39:15 - [MESSAGE][PASSED] - Actual text and expected text of test object 'Object Repository/Page_cabi Eblast/styleNotFound' are matched.

2019-09-27 18:39:15 - [TEST_STEP][PASSED] - delay(2): Delayed 2 second(s)

2019-09-27 18:39:17 - [MESSAGE][PASSED] - Delayed 2 second(s)

2019-09-27 18:39:17 - [TEST_STEP][PASSED] - setText(findTestObject("Page_cabi Eblast/eBlastStyleSearch"), findTestData("productData").getValue("Style", row)): Text '3865' is set on object 'Object Repository/Page_cabi Eblast/eBlastStyleSearch'

2019-09-27 18:39:17 - [MESSAGE][PASSED] - Text '3865' is set on object 'Object Repository/Page_cabi Eblast/eBlastStyleSearch'

2019-09-27 18:39:17 - [TEST_STEP][PASSED] - delay(4): Delayed 4 second(s)

2019-09-27 18:39:21 - [MESSAGE][PASSED] - Delayed 4 second(s)

2019-09-27 18:39:21 - [TEST_STEP][FAILED] - if (toString().equalsIgnoreCase("no")): for ([timeRow = 1, timeRow <= findTestData("timezoneData").getRowNumbers(), (timeRow++)]) FAILED.
Reason:
Assertion failed: 

assert style_notfound.size() > 0
       |              |      |
       []             0      false

	at productEblast.run(productEblast:63)
	at com.kms.katalon.core.main.ScriptEngine.run(ScriptEngine.java:194)
	at com.kms.katalon.core.main.ScriptEngine.runScriptAsRawText(ScriptEngine.java:119)
	at com.kms.katalon.core.main.TestCaseExecutor.runScript(TestCaseExecutor.java:342)
	at com.kms.katalon.core.main.TestCaseExecutor.doExecute(TestCaseExecutor.java:333)
	at com.kms.katalon.core.main.TestCaseExecutor.processExecutionPhase(TestCaseExecutor.java:312)
	at com.kms.katalon.core.main.TestCaseExecutor.accessMainPhase(TestCaseExecutor.java:304)
	at com.kms.katalon.core.main.TestCaseExecutor.execute(TestCaseExecutor.java:238)
	at com.kms.katalon.core.main.TestSuiteExecutor.accessTestCaseMainPhase(TestSuiteExecutor.java:129)
	at com.kms.katalon.core.main.TestSuiteExecutor.accessTestSuiteMainPhase(TestSuiteExecutor.java:112)
	at com.kms.katalon.core.main.TestSuiteExecutor.execute(TestSuiteExecutor.java:81)
	at com.kms.katalon.core.main.TestCaseMain.startTestSuite(TestCaseMain.java:157)
	at com.kms.katalon.core.main.TestCaseMain$startTestSuite$0.call(Unknown Source)
	at TempTestSuite1569589107642.run(TempTestSuite1569589107642.groovy:35)


2019-09-27 18:39:21 - [TEST_STEP][PASSED] - style_notfound = findWebElements(findTestObject("Page_cabi Eblast/styleNotFound"), 5): Unable to find the element located by 'By.xpath: //*[@id="product"]/span'. Please recheck the objects properties to make sure the desired element is located. 

2019-09-27 18:39:26 - [MESSAGE][INFO] - Unable to find the element located by 'By.xpath: //*[@id="product"]/span'. Please recheck the objects properties to make sure the desired element is located. 

2019-09-27 18:39:26 - [TEST_STEP][PASSED] - delay(4): Delayed 4 second(s)

2019-09-27 18:39:30 - [MESSAGE][PASSED] - Delayed 4 second(s)

2019-09-27 18:39:30 - [TEST_STEP][PASSED] - println(style_notfound.size()): null

2019-09-27 18:39:30 - [TEST_STEP][FAILED] - assert style_notfound.size() > 0: for ([timeRow = 1, timeRow <= findTestData("timezoneData").getRowNumbers(), (timeRow++)]) FAILED.
Reason:
Assertion failed: 

assert style_notfound.size() > 0
       |              |      |
       []             0      false

	at productEblast.run(productEblast:63)
	at com.kms.katalon.core.main.ScriptEngine.run(ScriptEngine.java:194)
	at com.kms.katalon.core.main.ScriptEngine.runScriptAsRawText(ScriptEngine.java:119)
	at com.kms.katalon.core.main.TestCaseExecutor.runScript(TestCaseExecutor.java:342)
	at com.kms.katalon.core.main.TestCaseExecutor.doExecute(TestCaseExecutor.java:333)
	at com.kms.katalon.core.main.TestCaseExecutor.processExecutionPhase(TestCaseExecutor.java:312)
	at com.kms.katalon.core.main.TestCaseExecutor.accessMainPhase(TestCaseExecutor.java:304)
	at com.kms.katalon.core.main.TestCaseExecutor.execute(TestCaseExecutor.java:238)
	at com.kms.katalon.core.main.TestSuiteExecutor.accessTestCaseMainPhase(TestSuiteExecutor.java:129)
	at com.kms.katalon.core.main.TestSuiteExecutor.accessTestSuiteMainPhase(TestSuiteExecutor.java:112)
	at com.kms.katalon.core.main.TestSuiteExecutor.execute(TestSuiteExecutor.java:81)
	at com.kms.katalon.core.main.TestCaseMain.startTestSuite(TestCaseMain.java:157)
	at com.kms.katalon.core.main.TestCaseMain$startTestSuite$0.call(Unknown Source)
	at TempTestSuite1569589107642.run(TempTestSuite1569589107642.groovy:35)


2019-09-27 18:39:31 - [MESSAGE][FAILED] - for ([timeRow = 1, timeRow <= findTestData("timezoneData").getRowNumbers(), (timeRow++)]) FAILED.
Reason:
Assertion failed: 

assert style_notfound.size() > 0
       |              |      |
       []             0      false

	at productEblast.run(productEblast:63)
	at com.kms.katalon.core.main.ScriptEngine.run(ScriptEngine.java:194)
	at com.kms.katalon.core.main.ScriptEngine.runScriptAsRawText(ScriptEngine.java:119)
	at com.kms.katalon.core.main.TestCaseExecutor.runScript(TestCaseExecutor.java:342)
	at com.kms.katalon.core.main.TestCaseExecutor.doExecute(TestCaseExecutor.java:333)
	at com.kms.katalon.core.main.TestCaseExecutor.processExecutionPhase(TestCaseExecutor.java:312)
	at com.kms.katalon.core.main.TestCaseExecutor.accessMainPhase(TestCaseExecutor.java:304)
	at com.kms.katalon.core.main.TestCaseExecutor.execute(TestCaseExecutor.java:238)
	at com.kms.katalon.core.main.TestSuiteExecutor.accessTestCaseMainPhase(TestSuiteExecutor.java:129)
	at com.kms.katalon.core.main.TestSuiteExecutor.accessTestSuiteMainPhase(TestSuiteExecutor.java:112)
	at com.kms.katalon.core.main.TestSuiteExecutor.execute(TestSuiteExecutor.java:81)
	at com.kms.katalon.core.main.TestCaseMain.startTestSuite(TestCaseMain.java:157)
	at com.kms.katalon.core.main.TestCaseMain$startTestSuite$0.call(Unknown Source)
	at TempTestSuite1569589107642.run(TempTestSuite1569589107642.groovy:35)]]></system-out>
         <system-err><![CDATA[2019-09-27 18:28:31 - [TEST_CASE][FAILED] - Test Cases/NewArrival/productEblast: Test Cases/NewArrival/productEblast FAILED.
Reason:
Assertion failed: 

assert style_notfound.size() > 0
       |              |      |
       []             0      false

	at productEblast.run(productEblast:63)
	at com.kms.katalon.core.main.ScriptEngine.run(ScriptEngine.java:194)
	at com.kms.katalon.core.main.ScriptEngine.runScriptAsRawText(ScriptEngine.java:119)
	at com.kms.katalon.core.main.TestCaseExecutor.runScript(TestCaseExecutor.java:342)
	at com.kms.katalon.core.main.TestCaseExecutor.doExecute(TestCaseExecutor.java:333)
	at com.kms.katalon.core.main.TestCaseExecutor.processExecutionPhase(TestCaseExecutor.java:312)
	at com.kms.katalon.core.main.TestCaseExecutor.accessMainPhase(TestCaseExecutor.java:304)
	at com.kms.katalon.core.main.TestCaseExecutor.execute(TestCaseExecutor.java:238)
	at com.kms.katalon.core.main.TestSuiteExecutor.accessTestCaseMainPhase(TestSuiteExecutor.java:129)
	at com.kms.katalon.core.main.TestSuiteExecutor.accessTestSuiteMainPhase(TestSuiteExecutor.java:112)
	at com.kms.katalon.core.main.TestSuiteExecutor.execute(TestSuiteExecutor.java:81)
	at com.kms.katalon.core.main.TestCaseMain.startTestSuite(TestCaseMain.java:157)
	at com.kms.katalon.core.main.TestCaseMain$startTestSuite$0.call(Unknown Source)
	at TempTestSuite1569589107642.run(TempTestSuite1569589107642.groovy:35)]]></system-err>
      </testcase>
      <system-out><![CDATA[2019-09-27 18:28:30 - [TEST_SUITE][FAILED] - NewArrivalsSuite: Test Cases/NewArrival/productEblast FAILED.
Reason:
Assertion failed: 

assert style_notfound.size() > 0
       |              |      |
       []             0      false

	at productEblast.run(productEblast:63)
	at com.kms.katalon.core.main.ScriptEngine.run(ScriptEngine.java:194)
	at com.kms.katalon.core.main.ScriptEngine.runScriptAsRawText(ScriptEngine.java:119)
	at com.kms.katalon.core.main.TestCaseExecutor.runScript(TestCaseExecutor.java:342)
	at com.kms.katalon.core.main.TestCaseExecutor.doExecute(TestCaseExecutor.java:333)
	at com.kms.katalon.core.main.TestCaseExecutor.processExecutionPhase(TestCaseExecutor.java:312)
	at com.kms.katalon.core.main.TestCaseExecutor.accessMainPhase(TestCaseExecutor.java:304)
	at com.kms.katalon.core.main.TestCaseExecutor.execute(TestCaseExecutor.java:238)
	at com.kms.katalon.core.main.TestSuiteExecutor.accessTestCaseMainPhase(TestSuiteExecutor.java:129)
	at com.kms.katalon.core.main.TestSuiteExecutor.accessTestSuiteMainPhase(TestSuiteExecutor.java:112)
	at com.kms.katalon.core.main.TestSuiteExecutor.execute(TestSuiteExecutor.java:81)
	at com.kms.katalon.core.main.TestCaseMain.startTestSuite(TestCaseMain.java:157)
	at com.kms.katalon.core.main.TestCaseMain$startTestSuite$0.call(Unknown Source)
	at TempTestSuite1569589107642.run(TempTestSuite1569589107642.groovy:35)]]></system-out>
      <system-err><![CDATA[2019-09-27 18:28:30 - [TEST_SUITE][FAILED] - NewArrivalsSuite: Test Cases/NewArrival/productEblast FAILED.
Reason:
Assertion failed: 

assert style_notfound.size() > 0
       |              |      |
       []             0      false

	at productEblast.run(productEblast:63)
	at com.kms.katalon.core.main.ScriptEngine.run(ScriptEngine.java:194)
	at com.kms.katalon.core.main.ScriptEngine.runScriptAsRawText(ScriptEngine.java:119)
	at com.kms.katalon.core.main.TestCaseExecutor.runScript(TestCaseExecutor.java:342)
	at com.kms.katalon.core.main.TestCaseExecutor.doExecute(TestCaseExecutor.java:333)
	at com.kms.katalon.core.main.TestCaseExecutor.processExecutionPhase(TestCaseExecutor.java:312)
	at com.kms.katalon.core.main.TestCaseExecutor.accessMainPhase(TestCaseExecutor.java:304)
	at com.kms.katalon.core.main.TestCaseExecutor.execute(TestCaseExecutor.java:238)
	at com.kms.katalon.core.main.TestSuiteExecutor.accessTestCaseMainPhase(TestSuiteExecutor.java:129)
	at com.kms.katalon.core.main.TestSuiteExecutor.accessTestSuiteMainPhase(TestSuiteExecutor.java:112)
	at com.kms.katalon.core.main.TestSuiteExecutor.execute(TestSuiteExecutor.java:81)
	at com.kms.katalon.core.main.TestCaseMain.startTestSuite(TestCaseMain.java:157)
	at com.kms.katalon.core.main.TestCaseMain$startTestSuite$0.call(Unknown Source)
	at TempTestSuite1569589107642.run(TempTestSuite1569589107642.groovy:35)]]></system-err>
   </testsuite>
</testsuites>
