<?xml version="1.0" encoding="UTF-8"?>
<testsuites name="OrderCreatorSuitePersonal" time="174" tests="1" failures="0" errors="0">
   <testsuite name="OrderCreatorSuitePersonal" tests="1" failures="0" errors="0" time="174" timestamp="2019-10-24 15:14:02" hostname="user - 10.0.102.86" id="Test Suites/OrderCreatorSuites/OrderCreatorSuitePersonal">
      <properties>
         <property name="deviceName" value=""/>
         <property name="devicePlatform" value=""/>
         <property name="logFolder" value="C:\\Users\\user\\Documents\\testautomation\\KatalonProjects\\Reports\\OrderCreatorSuites\\OrderCreatorSuitePersonal\\20191024_151350"/>
         <property name="logFiles" value="C:\\Users\\user\\Documents\\testautomation\\KatalonProjects\\Reports\\OrderCreatorSuites\\OrderCreatorSuitePersonal\\20191024_151350\\execution0.log"/>
         <property name="attachments" value=""/>
         <property name="hostName" value="user - 10.0.102.86"/>
         <property name="os" value="Windows 8.1 64bit"/>
         <property name="katalonVersion" value="6.1.1.1"/>
         <property name="browser" value="Chrome 77.0.3865.120"/>
         <property name="hostAddress" value="10.0.102.86"/>
         <property name="sessionId" value="f9cc7f0565fe7fbffaeee8c94e8fc3a1"/>
         <property name="seleniumVersion" value="3.7.1"/>
         <property name="proxyInformation" value="ProxyInformation{proxyOption=NO_PROXY, proxyServerType=HTTP, password=, proxyServerAddress=, proxyServerPort=0}"/>
         <property name="platform" value="Windows 8.1"/>
      </properties>
      <testcase name="Test Cases/OrderCreator/massOrderCreationPersonal" classname="Test Cases/OrderCreator/massOrderCreationPersonal" status="PASSED">
         <system-out><![CDATA[2019-10-24 15:14:07 - [TEST_CASE][PASSED] - Test Cases/OrderCreator/massOrderCreationPersonal: Test Cases/OrderCreator/massOrderCreationPersonal

2019-10-24 15:14:07 - [TEST_STEP][PASSED] - Start listener action : sampleBeforeTestCase: null

2019-10-24 15:14:07 - [TEST_STEP][PASSED] - println(testCaseContext.getTestCaseId()): null

2019-10-24 15:14:07 - [TEST_STEP][PASSED] - println(testCaseContext.getTestCaseVariables()): null

2019-10-24 15:14:08 - [TEST_STEP][PASSED] - openBrowser(""): Browser is opened with url: ''

2019-10-24 15:14:10 - [MESSAGE][INFO] - Starting 'Chrome' driver

2019-10-24 15:14:10 - [MESSAGE][INFO] - User set preference: ['args', '[--use-fake-ui-for-media-stream, --start-maximized]']

2019-10-24 15:14:10 - [MESSAGE][INFO] - Action delay is set to 0 seconds

2019-10-24 15:14:19 - [MESSAGE][PASSED] - Browser is opened with url: ''

2019-10-24 15:14:19 - [TEST_STEP][PASSED] - dataFile = "orderCreationData": null

2019-10-24 15:14:19 - [TEST_STEP][PASSED] - orderType = 1: null

2019-10-24 15:14:19 - [TEST_STEP][PASSED] - noOfOrders = Integer.parseInt(findTestData(dataFile).getValue("noOfOrders", orderType)): null

2019-10-24 15:14:23 - [TEST_STEP][PASSED] - ship = findTestData(dataFile).getValue("shipping", orderType): null

2019-10-24 15:14:23 - [TEST_STEP][PASSED] - println(noOfOrders): null

2019-10-24 15:14:23 - [TEST_STEP][PASSED] - println(ship): null

2019-10-24 15:14:23 - [TEST_STEP][PASSED] - for ([i = 1, i <= noOfOrders, (i++)]): Call Test Case 'Test Cases/OrderCreator/personalOrder' successfully

2019-10-24 15:14:23 - [TEST_STEP][PASSED] - callTestCase(findTestCase("Test Cases/OrderCreator/personalOrder"), ["ship":ship], CONTINUE_ON_FAILURE): Call Test Case 'Test Cases/OrderCreator/personalOrder' successfully

2019-10-24 15:14:24 - [TEST_CASE][PASSED] - Test Cases/OrderCreator/personalOrder: Test Cases/OrderCreator/personalOrder

2019-10-24 15:14:25 - [TEST_STEP][PASSED] - openBrowser(""): Browser is opened with url: ''

2019-10-24 15:14:25 - [MESSAGE][WARNING] - A browser is already opened. Closing browser and opening a new one

2019-10-24 15:14:28 - [MESSAGE][INFO] - Starting 'Chrome' driver

2019-10-24 15:14:28 - [MESSAGE][INFO] - User set preference: ['args', '[--use-fake-ui-for-media-stream, --start-maximized]']

2019-10-24 15:14:32 - [MESSAGE][PASSED] - Browser is opened with url: ''

2019-10-24 15:14:32 - [TEST_STEP][PASSED] - callTestCase(findTestCase("TestCaseUtilities/backOfficeLogin"), ["BOURL":"", "BOuser":"", "BOpass":""], CONTINUE_ON_FAILURE): Call Test Case 'Test Cases/TestCaseUtilities/backOfficeLogin' successfully

2019-10-24 15:14:32 - [TEST_CASE][PASSED] - Test Cases/TestCaseUtilities/backOfficeLogin: Test Cases/TestCaseUtilities/backOfficeLogin

2019-10-24 15:14:33 - [TEST_STEP][PASSED] - BOURL = findTestData("envtData").getValue("BOURL", 1): null

2019-10-24 15:14:33 - [TEST_STEP][PASSED] - BOuser = findTestData("credData").getValue("BOuser", 1): null

2019-10-24 15:14:33 - [TEST_STEP][PASSED] - BOpass = findTestData("credData").getValue("BOpass", 1): null

2019-10-24 15:14:33 - [TEST_STEP][PASSED] - openBrowser(""): Browser is opened with url: ''

2019-10-24 15:14:33 - [MESSAGE][WARNING] - A browser is already opened. Closing browser and opening a new one

2019-10-24 15:14:34 - [MESSAGE][INFO] - Starting 'Chrome' driver

2019-10-24 15:14:34 - [MESSAGE][INFO] - User set preference: ['args', '[--use-fake-ui-for-media-stream, --start-maximized]']

2019-10-24 15:14:37 - [MESSAGE][PASSED] - Browser is opened with url: ''

2019-10-24 15:14:37 - [TEST_STEP][PASSED] - navigateToUrl(BOURL): Navigate to 'https://test14.cliotest.com/backoffice/control/main' successfully

2019-10-24 15:14:53 - [MESSAGE][PASSED] - Navigate to 'https://test14.cliotest.com/backoffice/control/main' successfully

2019-10-24 15:14:53 - [TEST_STEP][PASSED] - logOut = findWebElements(findTestObject("Object Repository/Page_cabi Home/log_out"), 1): Unable to find the element located by 'By.xpath: //a[contains(text(),'Log Out')]'. Please recheck the objects properties to make sure the desired element is located. 

2019-10-24 15:14:54 - [MESSAGE][INFO] - Unable to find the element located by 'By.xpath: //a[contains(text(),'Log Out')]'. Please recheck the objects properties to make sure the desired element is located. 

2019-10-24 15:14:54 - [TEST_STEP][PASSED] - if (logOut.size() == 0): Object: 'Object Repository/Page_cabi/input_Welcome to_consultantLogin' is clicked on

2019-10-24 15:14:54 - [TEST_STEP][PASSED] - setText(findTestObject("Page_cabi/input_Welcome to_USERNAME"), BOuser): Text '400000002' is set on object 'Object Repository/Page_cabi/input_Welcome to_USERNAME'

2019-10-24 15:14:55 - [MESSAGE][PASSED] - Text '400000002' is set on object 'Object Repository/Page_cabi/input_Welcome to_USERNAME'

2019-10-24 15:14:55 - [TEST_STEP][PASSED] - setText(findTestObject("Object Repository/Page_cabi/input_Welcome to_PASSWORD"), BOpass): Text 'blackdress19' is set on object 'Object Repository/Page_cabi/input_Welcome to_PASSWORD'

2019-10-24 15:14:55 - [MESSAGE][PASSED] - Text 'blackdress19' is set on object 'Object Repository/Page_cabi/input_Welcome to_PASSWORD'

2019-10-24 15:14:55 - [TEST_STEP][PASSED] - click(findTestObject("Object Repository/Page_cabi/input_Welcome to_consultantLogin")): Object: 'Object Repository/Page_cabi/input_Welcome to_consultantLogin' is clicked on

2019-10-24 15:15:16 - [MESSAGE][PASSED] - Object: 'Object Repository/Page_cabi/input_Welcome to_consultantLogin' is clicked on

2019-10-24 15:15:16 - [TEST_STEP][PASSED] - delay(3): Delayed 3 second(s)

2019-10-24 15:15:19 - [MESSAGE][PASSED] - Delayed 3 second(s)

2019-10-24 15:15:19 - [MESSAGE][PASSED] - Call Test Case 'Test Cases/TestCaseUtilities/backOfficeLogin' successfully

2019-10-24 15:15:19 - [TEST_STEP][PASSED] - click(findTestObject("Object Repository/Page_cabi Home/a_Shows  Orders")): Object: 'Object Repository/Page_cabi Home/a_Shows  Orders' is clicked on

2019-10-24 15:15:19 - [MESSAGE][PASSED] - Object: 'Object Repository/Page_cabi Home/a_Shows  Orders' is clicked on

2019-10-24 15:15:19 - [TEST_STEP][PASSED] - click(findTestObject("Page_cabi Home/a_personal_purchases")): Object: 'Object Repository/Page_cabi Home/a_personal_purchases' is clicked on

2019-10-24 15:15:22 - [MESSAGE][PASSED] - Object: 'Object Repository/Page_cabi Home/a_personal_purchases' is clicked on

2019-10-24 15:15:22 - [TEST_STEP][PASSED] - executeJavaScript("arguments[0].click()", Arrays.asList(findWebElement(findTestObject("Object Repository/Page_cabi Personal Store/span_Continue to Order"), 30))): Execute JavaScript 'arguments[0].click()' successfully

2019-10-24 15:15:23 - [MESSAGE][PASSED] - Execute JavaScript 'arguments[0].click()' successfully

2019-10-24 15:15:23 - [TEST_STEP][PASSED] - emptyCart = findWebElements(findTestObject("Object Repository/Page_cabi Personal Store/removeFromCart"), 5): Unable to find the element located by 'By.xpath: //*[@id="removeFromCart_0"]/span'. Please recheck the objects properties to make sure the desired element is located. 

2019-10-24 15:15:28 - [MESSAGE][INFO] - Unable to find the element located by 'By.xpath: //*[@id="removeFromCart_0"]/span'. Please recheck the objects properties to make sure the desired element is located. 

2019-10-24 15:15:28 - [TEST_STEP][PASSED] - if (emptyCart.size() > 0): null

2019-10-24 15:15:28 - [TEST_STEP][PASSED] - addOnStyle = findTestData("miscData").getValue("addOnStyle", 1): null

2019-10-24 15:15:29 - [TEST_STEP][PASSED] - setText(findTestObject("Object Repository/Page_cabi Create Order/input_Manual Discount_stylelookup_0"), addOnStyle): Text '3701' is set on object 'Object Repository/Page_cabi Create Order/input_Manual Discount_stylelookup_0'

2019-10-24 15:15:29 - [MESSAGE][PASSED] - Text '3701' is set on object 'Object Repository/Page_cabi Create Order/input_Manual Discount_stylelookup_0'

2019-10-24 15:15:29 - [TEST_STEP][PASSED] - delay(2): Delayed 2 second(s)

2019-10-24 15:15:31 - [MESSAGE][PASSED] - Delayed 2 second(s)

2019-10-24 15:15:31 - [TEST_STEP][PASSED] - sendKeys(findTestObject("Object Repository/Page_cabi Create Order/input_Manual Discount_stylelookup_0"), Keys.chord(ARROW_DOWN)): Keys 'DOWN + ' sent to object: 'Object Repository/Page_cabi Create Order/input_Manual Discount_stylelookup_0'

2019-10-24 15:15:31 - [MESSAGE][PASSED] - Keys 'DOWN + ' sent to object: 'Object Repository/Page_cabi Create Order/input_Manual Discount_stylelookup_0'

2019-10-24 15:15:31 - [TEST_STEP][PASSED] - delay(2): Delayed 2 second(s)

2019-10-24 15:15:33 - [MESSAGE][PASSED] - Delayed 2 second(s)

2019-10-24 15:15:33 - [TEST_STEP][PASSED] - sendKeys(findTestObject("Object Repository/Page_cabi Create Order/input_Manual Discount_stylelookup_0"), Keys.chord(ARROW_DOWN)): Keys 'DOWN + ' sent to object: 'Object Repository/Page_cabi Create Order/input_Manual Discount_stylelookup_0'

2019-10-24 15:15:33 - [MESSAGE][PASSED] - Keys 'DOWN + ' sent to object: 'Object Repository/Page_cabi Create Order/input_Manual Discount_stylelookup_0'

2019-10-24 15:15:33 - [TEST_STEP][PASSED] - sendKeys(findTestObject("Object Repository/Page_cabi Create Order/input_Manual Discount_stylelookup_0"), Keys.chord(ENTER)): Keys 'ENTER + ' sent to object: 'Object Repository/Page_cabi Create Order/input_Manual Discount_stylelookup_0'

2019-10-24 15:15:33 - [MESSAGE][PASSED] - Keys 'ENTER + ' sent to object: 'Object Repository/Page_cabi Create Order/input_Manual Discount_stylelookup_0'

2019-10-24 15:15:33 - [TEST_STEP][PASSED] - delay(5): Delayed 5 second(s)

2019-10-24 15:15:38 - [MESSAGE][PASSED] - Delayed 5 second(s)

2019-10-24 15:15:38 - [TEST_STEP][PASSED] - click(findTestObject("Object Repository/Page_cabi Order Items/selectSize")): Object: 'Object Repository/Page_cabi Order Items/selectSize' is clicked on

2019-10-24 15:15:38 - [MESSAGE][PASSED] - Object: 'Object Repository/Page_cabi Order Items/selectSize' is clicked on

2019-10-24 15:15:38 - [TEST_STEP][PASSED] - delay(3): Delayed 3 second(s)

2019-10-24 15:15:41 - [MESSAGE][PASSED] - Delayed 3 second(s)

2019-10-24 15:15:41 - [TEST_STEP][PASSED] - click(findTestObject("Object Repository/Page_cabi Order Items/span_Add to Cart")): Object: 'Object Repository/Page_cabi Order Items/span_Add to Cart' is clicked on

2019-10-24 15:15:41 - [MESSAGE][PASSED] - Object: 'Object Repository/Page_cabi Order Items/span_Add to Cart' is clicked on

2019-10-24 15:15:41 - [TEST_STEP][PASSED] - delay(5): Delayed 5 second(s)

2019-10-24 15:15:46 - [MESSAGE][PASSED] - Delayed 5 second(s)

2019-10-24 15:15:46 - [TEST_STEP][PASSED] - click(findTestObject("Object Repository/Page_cabi Order Items/a_checkout")): Object: 'Object Repository/Page_cabi Order Items/a_checkout' is clicked on

2019-10-24 15:15:48 - [MESSAGE][PASSED] - Object: 'Object Repository/Page_cabi Order Items/a_checkout' is clicked on

2019-10-24 15:15:48 - [TEST_STEP][PASSED] - delay(3): Delayed 3 second(s)

2019-10-24 15:15:51 - [MESSAGE][PASSED] - Delayed 3 second(s)

2019-10-24 15:15:51 - [TEST_STEP][PASSED] - click(findTestObject("Page_cabi Personal Store/nextButtonShipping")): Object: 'Object Repository/Page_cabi Personal Store/nextButtonShipping' is clicked on

2019-10-24 15:15:52 - [MESSAGE][PASSED] - Object: 'Object Repository/Page_cabi Personal Store/nextButtonShipping' is clicked on

2019-10-24 15:15:52 - [TEST_STEP][PASSED] - delay(3): Delayed 3 second(s)

2019-10-24 15:15:55 - [MESSAGE][PASSED] - Delayed 3 second(s)

2019-10-24 15:15:55 - [TEST_STEP][PASSED] - click(findTestObject("Page_cabi Personal Store/makeFirstPayment")): Object: 'Object Repository/Page_cabi Personal Store/makeFirstPayment' is clicked on

2019-10-24 15:15:55 - [MESSAGE][PASSED] - Object: 'Object Repository/Page_cabi Personal Store/makeFirstPayment' is clicked on

2019-10-24 15:15:55 - [TEST_STEP][PASSED] - click(findTestObject("Page_cabi Personal Store/submitPayment")): Object: 'Object Repository/Page_cabi Personal Store/submitPayment' is clicked on

2019-10-24 15:15:55 - [MESSAGE][PASSED] - Object: 'Object Repository/Page_cabi Personal Store/submitPayment' is clicked on

2019-10-24 15:15:55 - [TEST_STEP][PASSED] - click(findTestObject("Page_cabi Personal Store/submitOrderId")): Object: 'Object Repository/Page_cabi Personal Store/submitOrderId' is clicked on

2019-10-24 15:15:57 - [MESSAGE][PASSED] - Object: 'Object Repository/Page_cabi Personal Store/submitOrderId' is clicked on

2019-10-24 15:15:57 - [TEST_STEP][PASSED] - successMsg = "": null

2019-10-24 15:15:57 - [TEST_STEP][PASSED] - orderSuccess = false: null

2019-10-24 15:15:57 - [TEST_STEP][PASSED] - successMsgs = findWebElements(findTestObject("Object Repository/Page_cabi Personal Store/p_success_msg"), 5): null

2019-10-24 15:15:57 - [TEST_STEP][PASSED] - orderID = <not implemented yet for class: org.codehaus.groovy.ast.expr.EmptyExpression>: null

2019-10-24 15:15:57 - [TEST_STEP][PASSED] - if (successMsgs.size() > 0): null

2019-10-24 15:15:57 - [TEST_STEP][PASSED] - successMsg = getText(findTestObject("Object Repository/Page_cabi Personal Store/p_success_msg")): Text of object 'Object Repository/Page_cabi Personal Store/p_success_msg' is: 'Order Created Successfully!!
Order #:  PR708383816

CONTINUE SHOPPING'

2019-10-24 15:15:57 - [MESSAGE][PASSED] - Text of object 'Object Repository/Page_cabi Personal Store/p_success_msg' is: 'Order Created Successfully!!
Order #:  PR708383816

CONTINUE SHOPPING'

2019-10-24 15:15:57 - [TEST_STEP][PASSED] - orderSuccess = true: null

2019-10-24 15:15:57 - [TEST_STEP][PASSED] - orderID = getText(findTestObject("Object Repository/Page_cabi Personal Store/p_order_id")): Text of object 'Object Repository/Page_cabi Personal Store/p_order_id' is: 'PR708383816'

2019-10-24 15:15:57 - [MESSAGE][PASSED] - Text of object 'Object Repository/Page_cabi Personal Store/p_order_id' is: 'PR708383816'

2019-10-24 15:15:57 - [TEST_STEP][PASSED] - println(orderID): null

2019-10-24 15:15:57 - [TEST_STEP][PASSED] - sa = new org.testng.asserts.SoftAssert(): null

2019-10-24 15:15:57 - [TEST_STEP][PASSED] - sa.assertTrue(orderSuccess): null

2019-10-24 15:15:57 - [TEST_STEP][PASSED] - println(ship): null

2019-10-24 15:15:57 - [TEST_STEP][PASSED] - shipString = "no": null

2019-10-24 15:15:57 - [TEST_STEP][PASSED] - shipString = ship: null

2019-10-24 15:15:57 - [TEST_STEP][PASSED] - if (shipString.equalsIgnoreCase("y")): Call Test Case 'Test Cases/NewArrival/warehouseShipping' successfully

2019-10-24 15:15:57 - [TEST_STEP][PASSED] - callTestCase(findTestCase("NewArrival/warehouseShipping"), ["orderId":orderID], CONTINUE_ON_FAILURE): Call Test Case 'Test Cases/NewArrival/warehouseShipping' successfully

2019-10-24 15:15:57 - [TEST_CASE][PASSED] - Test Cases/NewArrival/warehouseShipping: Test Cases/NewArrival/warehouseShipping

2019-10-24 15:15:58 - [TEST_STEP][PASSED] - println(orderId): null

2019-10-24 15:15:58 - [TEST_STEP][PASSED] - callTestCase(findTestCase("TestCaseUtilities/cabiWarehouseLogin"), ["CWURL":"", "CWuser":"", "CWpass":""], CONTINUE_ON_FAILURE): Call Test Case 'Test Cases/TestCaseUtilities/cabiWarehouseLogin' successfully

2019-10-24 15:15:58 - [TEST_CASE][PASSED] - Test Cases/TestCaseUtilities/cabiWarehouseLogin: Test Cases/TestCaseUtilities/cabiWarehouseLogin

2019-10-24 15:15:59 - [TEST_STEP][PASSED] - CWURL = findTestData("envtData").getValue("CWURL", 1): null

2019-10-24 15:15:59 - [TEST_STEP][PASSED] - CWuser = findTestData("credData").getValue("CWuser", 1): null

2019-10-24 15:15:59 - [TEST_STEP][PASSED] - CWpass = findTestData("credData").getValue("CWpass", 1): null

2019-10-24 15:15:59 - [TEST_STEP][PASSED] - openBrowser(""): Browser is opened with url: ''

2019-10-24 15:15:59 - [MESSAGE][WARNING] - A browser is already opened. Closing browser and opening a new one

2019-10-24 15:16:00 - [MESSAGE][INFO] - Starting 'Chrome' driver

2019-10-24 15:16:00 - [MESSAGE][INFO] - User set preference: ['args', '[--use-fake-ui-for-media-stream, --start-maximized]']

2019-10-24 15:16:02 - [MESSAGE][PASSED] - Browser is opened with url: ''

2019-10-24 15:16:02 - [TEST_STEP][PASSED] - navigateToUrl(CWURL): Navigate to 'https://test14.cliotest.com/warehouse/control/main' successfully

2019-10-24 15:16:10 - [MESSAGE][PASSED] - Navigate to 'https://test14.cliotest.com/warehouse/control/main' successfully

2019-10-24 15:16:10 - [TEST_STEP][PASSED] - logOut = findWebElements(findTestObject("Object Repository/Cabi warehouse/Page_cabi_home/log_out"), 1): Unable to find the element located by 'By.xpath: //li/a[contains(text(), 'Log Out »')]'. Please recheck the objects properties to make sure the desired element is located. 

2019-10-24 15:16:11 - [MESSAGE][INFO] - Unable to find the element located by 'By.xpath: //li/a[contains(text(), 'Log Out »')]'. Please recheck the objects properties to make sure the desired element is located. 

2019-10-24 15:16:11 - [TEST_STEP][PASSED] - if (logOut.size() == 0): Object: 'Object Repository/Cabi warehouse/Page_cabi/input_Password_section-btn btn-stl-pk rFloat' is clicked on

2019-10-24 15:16:11 - [TEST_STEP][PASSED] - setText(findTestObject("Object Repository/Cabi warehouse/Page_cabi/input_Username_USERNAME"), CWuser): Text 'rsuarez' is set on object 'Object Repository/Cabi warehouse/Page_cabi/input_Username_USERNAME'

2019-10-24 15:16:12 - [MESSAGE][PASSED] - Text 'rsuarez' is set on object 'Object Repository/Cabi warehouse/Page_cabi/input_Username_USERNAME'

2019-10-24 15:16:12 - [TEST_STEP][PASSED] - setText(findTestObject("Object Repository/Cabi warehouse/Page_cabi/input_Password_PASSWORD"), CWpass): Text 'blackdress19' is set on object 'Object Repository/Cabi warehouse/Page_cabi/input_Password_PASSWORD'

2019-10-24 15:16:12 - [MESSAGE][PASSED] - Text 'blackdress19' is set on object 'Object Repository/Cabi warehouse/Page_cabi/input_Password_PASSWORD'

2019-10-24 15:16:12 - [TEST_STEP][PASSED] - click(findTestObject("Object Repository/Cabi warehouse/Page_cabi/input_Password_section-btn btn-stl-pk rFloat")): Object: 'Object Repository/Cabi warehouse/Page_cabi/input_Password_section-btn btn-stl-pk rFloat' is clicked on

2019-10-24 15:16:14 - [MESSAGE][PASSED] - Object: 'Object Repository/Cabi warehouse/Page_cabi/input_Password_section-btn btn-stl-pk rFloat' is clicked on

2019-10-24 15:16:14 - [TEST_STEP][PASSED] - delay(3): Delayed 3 second(s)

2019-10-24 15:16:17 - [MESSAGE][PASSED] - Delayed 3 second(s)

2019-10-24 15:16:17 - [MESSAGE][PASSED] - Call Test Case 'Test Cases/TestCaseUtilities/cabiWarehouseLogin' successfully

2019-10-24 15:16:17 - [TEST_STEP][PASSED] - click(findTestObject("Page_cabi Manage PickLists/a_Create PickLists")): Object: 'Object Repository/Page_cabi Manage PickLists/a_Create PickLists' is clicked on

2019-10-24 15:16:18 - [MESSAGE][PASSED] - Object: 'Object Repository/Page_cabi Manage PickLists/a_Create PickLists' is clicked on

2019-10-24 15:16:18 - [TEST_STEP][PASSED] - delay(2): Delayed 2 second(s)

2019-10-24 15:16:20 - [MESSAGE][PASSED] - Delayed 2 second(s)

2019-10-24 15:16:20 - [TEST_STEP][PASSED] - click(findTestObject("Object Repository/findOrders/Page_cabi Find Orders/Page_cabi SampleLine Shipment Screen/a_Single Order")): Object: 'Object Repository/findOrders/Page_cabi Find Orders/Page_cabi SampleLine Shipment Screen/a_Single Order' is clicked on

2019-10-24 15:16:21 - [MESSAGE][PASSED] - Object: 'Object Repository/findOrders/Page_cabi Find Orders/Page_cabi SampleLine Shipment Screen/a_Single Order' is clicked on

2019-10-24 15:16:21 - [TEST_STEP][PASSED] - setText(findTestObject("Page_cabi Create Single Order PickList/input_Order Id_orderId"), orderId): Text 'PR708383816' is set on object 'Object Repository/Page_cabi Create Single Order PickList/input_Order Id_orderId'

2019-10-24 15:16:21 - [MESSAGE][PASSED] - Text 'PR708383816' is set on object 'Object Repository/Page_cabi Create Single Order PickList/input_Order Id_orderId'

2019-10-24 15:16:21 - [TEST_STEP][PASSED] - click(findTestObject("Page_cabi Create Single Order PickList/input_Create even if fully backordered_submitButton")): Object: 'Object Repository/Page_cabi Create Single Order PickList/input_Create even if fully backordered_submitButton' is clicked on

2019-10-24 15:16:23 - [MESSAGE][PASSED] - Object: 'Object Repository/Page_cabi Create Single Order PickList/input_Create even if fully backordered_submitButton' is clicked on

2019-10-24 15:16:23 - [TEST_STEP][PASSED] - delay(2): Delayed 2 second(s)

2019-10-24 15:16:25 - [MESSAGE][PASSED] - Delayed 2 second(s)

2019-10-24 15:16:25 - [TEST_STEP][PASSED] - pickListCreated = findWebElements(findTestObject("Cabi warehouse/picklistCreatedMessage"), 5): null

2019-10-24 15:16:25 - [TEST_STEP][PASSED] - if (pickListCreated.size() == 0): null

2019-10-24 15:16:25 - [TEST_STEP][PASSED] - picklistCreatedMessage = UtilityMethods.concat("Picklist for order: [", orderId, "] has been created successfully."): null

2019-10-24 15:16:25 - [TEST_STEP][PASSED] - println(picklistCreatedMessage): null

2019-10-24 15:16:25 - [TEST_STEP][PASSED] - verifyElementText(findTestObject("Cabi warehouse/picklistCreatedMessage"), picklistCreatedMessage): Actual text and expected text of test object 'Object Repository/Cabi warehouse/picklistCreatedMessage' are matched.

2019-10-24 15:16:25 - [MESSAGE][PASSED] - Actual text and expected text of test object 'Object Repository/Cabi warehouse/picklistCreatedMessage' are matched.

2019-10-24 15:16:25 - [TEST_STEP][PASSED] - click(findTestObject("Page_cabi Create Single Order PickList/a_Manage PickLists")): Object: 'Object Repository/Page_cabi Create Single Order PickList/a_Manage PickLists' is clicked on

2019-10-24 15:16:26 - [MESSAGE][PASSED] - Object: 'Object Repository/Page_cabi Create Single Order PickList/a_Manage PickLists' is clicked on

2019-10-24 15:16:26 - [TEST_STEP][PASSED] - delay(2): Delayed 2 second(s)

2019-10-24 15:16:28 - [MESSAGE][PASSED] - Delayed 2 second(s)

2019-10-24 15:16:28 - [TEST_STEP][PASSED] - setText(findTestObject("Page_cabi Manage PickLists/input_Order _orderId"), orderId): Text 'PR708383816' is set on object 'Object Repository/Page_cabi Manage PickLists/input_Order _orderId'

2019-10-24 15:16:28 - [MESSAGE][PASSED] - Text 'PR708383816' is set on object 'Object Repository/Page_cabi Manage PickLists/input_Order _orderId'

2019-10-24 15:16:28 - [TEST_STEP][PASSED] - click(findTestObject("Page_cabi Manage PickLists/input")): Object: 'Object Repository/Page_cabi Manage PickLists/input' is clicked on

2019-10-24 15:16:29 - [MESSAGE][PASSED] - Object: 'Object Repository/Page_cabi Manage PickLists/input' is clicked on

2019-10-24 15:16:29 - [TEST_STEP][PASSED] - delay(3): Delayed 3 second(s)

2019-10-24 15:16:32 - [MESSAGE][PASSED] - Delayed 3 second(s)

2019-10-24 15:16:32 - [TEST_STEP][PASSED] - click(findTestObject("Page_cabi Manage PickLists/td_104238610")): Object: 'Object Repository/Page_cabi Manage PickLists/td_104238610' is clicked on

2019-10-24 15:16:32 - [MESSAGE][PASSED] - Object: 'Object Repository/Page_cabi Manage PickLists/td_104238610' is clicked on

2019-10-24 15:16:32 - [TEST_STEP][PASSED] - delay(2): Delayed 2 second(s)

2019-10-24 15:16:34 - [MESSAGE][PASSED] - Delayed 2 second(s)

2019-10-24 15:16:34 - [TEST_STEP][PASSED] - picklistId = getText(findTestObject("Page_cabi Manage PickLists/td_104238610")): Text of object 'Object Repository/Page_cabi Manage PickLists/td_104238610' is: '104456325'

2019-10-24 15:16:34 - [MESSAGE][PASSED] - Text of object 'Object Repository/Page_cabi Manage PickLists/td_104238610' is: '104456325'

2019-10-24 15:16:34 - [TEST_STEP][PASSED] - click(findTestObject("Page_cabi Manage PickLists/a_Packing")): Object: 'Object Repository/Page_cabi Manage PickLists/a_Packing' is clicked on

2019-10-24 15:16:35 - [MESSAGE][PASSED] - Object: 'Object Repository/Page_cabi Manage PickLists/a_Packing' is clicked on

2019-10-24 15:16:35 - [TEST_STEP][PASSED] - setText(findTestObject("Page_cabi Pack Init/input_Pack Station_packStationId"), "30"): Text '30' is set on object 'Object Repository/Page_cabi Pack Init/input_Pack Station_packStationId'

2019-10-24 15:16:35 - [MESSAGE][PASSED] - Text '30' is set on object 'Object Repository/Page_cabi Pack Init/input_Pack Station_packStationId'

2019-10-24 15:16:35 - [TEST_STEP][PASSED] - click(findTestObject("Page_cabi Pack Init/input_Pack Station_submitButton")): Object: 'Object Repository/Page_cabi Pack Init/input_Pack Station_submitButton' is clicked on

2019-10-24 15:16:36 - [MESSAGE][PASSED] - Object: 'Object Repository/Page_cabi Pack Init/input_Pack Station_submitButton' is clicked on

2019-10-24 15:16:36 - [TEST_STEP][PASSED] - delay(2): Delayed 2 second(s)

2019-10-24 15:16:38 - [MESSAGE][PASSED] - Delayed 2 second(s)

2019-10-24 15:16:38 - [TEST_STEP][PASSED] - setText(findTestObject("Page_cabi Pack Init/input_Picklist ID_pickId"), picklistId): Text '104456325' is set on object 'Object Repository/Page_cabi Pack Init/input_Picklist ID_pickId'

2019-10-24 15:16:38 - [MESSAGE][PASSED] - Text '104456325' is set on object 'Object Repository/Page_cabi Pack Init/input_Picklist ID_pickId'

2019-10-24 15:16:38 - [TEST_STEP][PASSED] - click(findTestObject("Page_cabi Pack Init/input_Picklist ID_submitButton")): Object: 'Object Repository/Page_cabi Pack Init/input_Picklist ID_submitButton' is clicked on

2019-10-24 15:16:40 - [MESSAGE][PASSED] - Object: 'Object Repository/Page_cabi Pack Init/input_Picklist ID_submitButton' is clicked on

2019-10-24 15:16:40 - [TEST_STEP][PASSED] - delay(2): Delayed 2 second(s)

2019-10-24 15:16:42 - [MESSAGE][PASSED] - Delayed 2 second(s)

2019-10-24 15:16:42 - [TEST_STEP][PASSED] - click(findTestObject("Page_cabi General Pack/input_Cream Of Wheat_button addItemForVerification")): Object: 'Object Repository/Page_cabi General Pack/input_Cream Of Wheat_button addItemForVerification' is clicked on

2019-10-24 15:16:42 - [MESSAGE][PASSED] - Object: 'Object Repository/Page_cabi General Pack/input_Cream Of Wheat_button addItemForVerification' is clicked on

2019-10-24 15:16:42 - [TEST_STEP][PASSED] - delay(2): Delayed 2 second(s)

2019-10-24 15:16:44 - [MESSAGE][PASSED] - Delayed 2 second(s)

2019-10-24 15:16:44 - [TEST_STEP][PASSED] - click(findTestObject("Page_cabi General Pack/input_Pack Station  30_shipConfirmBtn")): Object: 'Object Repository/Page_cabi General Pack/input_Pack Station  30_shipConfirmBtn' is clicked on

2019-10-24 15:16:47 - [MESSAGE][PASSED] - Object: 'Object Repository/Page_cabi General Pack/input_Pack Station  30_shipConfirmBtn' is clicked on

2019-10-24 15:16:47 - [TEST_STEP][PASSED] - delay(3): Delayed 3 second(s)

2019-10-24 15:16:50 - [MESSAGE][PASSED] - Delayed 3 second(s)

2019-10-24 15:16:50 - [TEST_STEP][PASSED] - itemsNotpacked = findWebElements(findTestObject("Cabi warehouse/itemsNotPacked"), 5): Unable to find the element located by 'By.xpath: //*[@id="content-messages"]/p[1]'. Please recheck the objects properties to make sure the desired element is located. 

2019-10-24 15:16:56 - [MESSAGE][INFO] - Unable to find the element located by 'By.xpath: //*[@id="content-messages"]/p[1]'. Please recheck the objects properties to make sure the desired element is located. 

2019-10-24 15:16:56 - [TEST_STEP][PASSED] - if (itemsNotpacked.size() > 0): null

2019-10-24 15:16:56 - [MESSAGE][PASSED] - Call Test Case 'Test Cases/NewArrival/warehouseShipping' successfully

2019-10-24 15:16:56 - [MESSAGE][PASSED] - Call Test Case 'Test Cases/OrderCreator/personalOrder' successfully]]></system-out>
         <system-err><![CDATA[]]></system-err>
      </testcase>
      <system-out><![CDATA[2019-10-24 15:14:02 - [TEST_SUITE][PASSED] - OrderCreatorSuitePersonal: Test Cases/OrderCreator/massOrderCreationPersonal]]></system-out>
      <system-err><![CDATA[]]></system-err>
   </testsuite>
</testsuites>
