<?xml version="1.0" encoding="UTF-8"?>
<testsuites name="MicrositeRSVPSuite" time="90" tests="0" failures="1" errors="0">
   <testsuite name="MicrositeRSVPSuite" tests="0" failures="1" errors="0" time="90" timestamp="2019-09-13 17:32:04" hostname="user - 172.16.231.61" id="Test Suites/VirtualShowSuites/MicrositeRSVPSuite">
      <properties>
         <property name="deviceName" value=""/>
         <property name="devicePlatform" value=""/>
         <property name="logFolder" value="C:\\Users\\user\\Documents\\testautomation\\KatalonProjects\\Reports\\VirtualShowSuites\\MicrositeRSVPSuite\\20190913_173157"/>
         <property name="logFiles" value="C:\\Users\\user\\Documents\\testautomation\\KatalonProjects\\Reports\\VirtualShowSuites\\MicrositeRSVPSuite\\20190913_173157\\execution0.log"/>
         <property name="attachments" value=""/>
         <property name="hostName" value="user - 172.16.231.61"/>
         <property name="os" value="Windows 8.1 64bit"/>
         <property name="katalonVersion" value="6.1.1.1"/>
         <property name="browser" value="Chrome 76.0.3809.132"/>
         <property name="hostAddress" value="172.16.231.61"/>
         <property name="sessionId" value="61e3e49722d5056d6ab0f38be1f59482"/>
         <property name="seleniumVersion" value="3.7.1"/>
         <property name="proxyInformation" value="ProxyInformation{proxyOption=NO_PROXY, proxyServerType=HTTP, password=, proxyServerAddress=, proxyServerPort=0}"/>
         <property name="platform" value="Windows 8.1"/>
      </properties>
      <testcase name="Test Cases/VirtualShow/newUserRegistrationRS" classname="Test Cases/VirtualShow/newUserRegistrationRS" status="FAILED">
         <failure type="FAILED" message="Test Cases/VirtualShow/newUserRegistrationRS FAILED.
Reason:
com.kms.katalon.core.exception.StepFailedException: Unable to click on object 'Object Repository/ReplicatedSite/rsNewUser/setUpMyProfile'
	at com.kms.katalon.core.webui.keyword.internal.WebUIKeywordMain.stepFailed(WebUIKeywordMain.groovy:64)
	at com.kms.katalon.core.webui.keyword.internal.WebUIKeywordMain.runKeyword(WebUIKeywordMain.groovy:26)
	at com.kms.katalon.core.webui.keyword.builtin.ClickKeyword.click(ClickKeyword.groovy:86)
	at com.kms.katalon.core.webui.keyword.builtin.ClickKeyword.execute(ClickKeyword.groovy:67)
	at com.kms.katalon.core.keyword.internal.KeywordExecutor.executeKeywordForPlatform(KeywordExecutor.groovy:56)
	at com.kms.katalon.core.webui.keyword.WebUiBuiltInKeywords.click(WebUiBuiltInKeywords.groovy:616)
	at com.kms.katalon.core.webui.keyword.WebUiBuiltInKeywords$click$3.call(Unknown Source)
	at newUserRegistrationRS.run(newUserRegistrationRS:77)
	at com.kms.katalon.core.main.ScriptEngine.run(ScriptEngine.java:194)
	at com.kms.katalon.core.main.ScriptEngine.runScriptAsRawText(ScriptEngine.java:119)
	at com.kms.katalon.core.main.TestCaseExecutor.runScript(TestCaseExecutor.java:342)
	at com.kms.katalon.core.main.TestCaseExecutor.doExecute(TestCaseExecutor.java:333)
	at com.kms.katalon.core.main.TestCaseExecutor.processExecutionPhase(TestCaseExecutor.java:312)
	at com.kms.katalon.core.main.TestCaseExecutor.accessMainPhase(TestCaseExecutor.java:304)
	at com.kms.katalon.core.main.TestCaseExecutor.execute(TestCaseExecutor.java:238)
	at com.kms.katalon.core.main.TestSuiteExecutor.accessTestCaseMainPhase(TestSuiteExecutor.java:129)
	at com.kms.katalon.core.main.TestSuiteExecutor.accessTestSuiteMainPhase(TestSuiteExecutor.java:112)
	at com.kms.katalon.core.main.TestSuiteExecutor.execute(TestSuiteExecutor.java:81)
	at com.kms.katalon.core.main.TestCaseMain.startTestSuite(TestCaseMain.java:157)
	at com.kms.katalon.core.main.TestCaseMain$startTestSuite$0.call(Unknown Source)
	at TempTestSuite1568376118016.run(TempTestSuite1568376118016.groovy:35)
Caused by: org.openqa.selenium.NoSuchWindowException: no such window: target window already closed
from unknown error: web view not found
  (Session info: chrome=76.0.3809.132)
Build info: version: '3.7.1', revision: '8a0099a', time: '2017-11-06T21:07:36.161Z'
System info: host: 'TESTER-PC', ip: '172.16.231.61', os.name: 'Windows 8.1', os.arch: 'amd64', os.version: '6.3', java.version: '1.8.0_181'
Driver info: com.kms.katalon.selenium.driver.CChromeDriver
Capabilities {acceptInsecureCerts: false, browserName: chrome, browserVersion: 76.0.3809.132, chrome: {chromedriverVersion: 76.0.3809.68 (420c9498db8ce..., userDataDir: C:\Users\user\AppData\Local...}, goog:chromeOptions: {debuggerAddress: localhost:57493}, javascriptEnabled: true, networkConnectionEnabled: false, pageLoadStrategy: normal, platform: XP, platformName: XP, proxy: Proxy(direct), setWindowRect: true, strictFileInteractability: false, timeouts: {implicit: 0, pageLoad: 300000, script: 30000}, unhandledPromptBehavior: dismiss and notify}
Session ID: 61e3e49722d5056d6ab0f38be1f59482
*** Element info: {Using=xpath, value= //*[@id=&quot;mm-0&quot;]/div/div/questionnaire-root/app-questionnaire/div/div[1]/app-questionnaire-welcome/div/div/div[1]/button}
	at org.openqa.selenium.remote.http.W3CHttpResponseCodec.createException(W3CHttpResponseCodec.java:187)
	at org.openqa.selenium.remote.http.W3CHttpResponseCodec.decode(W3CHttpResponseCodec.java:122)
	at org.openqa.selenium.remote.http.W3CHttpResponseCodec.decode(W3CHttpResponseCodec.java:49)
	at org.openqa.selenium.remote.HttpCommandExecutor.execute(HttpCommandExecutor.java:164)
	at org.openqa.selenium.remote.service.DriverCommandExecutor.execute(DriverCommandExecutor.java:83)
	at org.openqa.selenium.remote.RemoteWebDriver.execute(RemoteWebDriver.java:600)
	at com.kms.katalon.selenium.driver.CChromeDriver.execute(CChromeDriver.java:20)
	at org.openqa.selenium.remote.RemoteWebDriver.findElements(RemoteWebDriver.java:397)
	at org.openqa.selenium.remote.RemoteWebDriver.findElementsByXPath(RemoteWebDriver.java:476)
	at org.openqa.selenium.By$ByXPath.findElements(By.java:356)
	at org.openqa.selenium.remote.RemoteWebDriver.findElements(RemoteWebDriver.java:358)
	at com.kms.katalon.core.webui.common.WebUiCommonHelper.findWebElements(WebUiCommonHelper.java:761)
	at com.kms.katalon.core.webui.common.WebUiCommonHelper.findWebElement(WebUiCommonHelper.java:1093)
	at com.kms.katalon.core.webui.keyword.internal.WebUIAbstractKeyword.findWebElement(WebUIAbstractKeyword.groovy:27)
	at com.kms.katalon.core.webui.keyword.internal.WebUIAbstractKeyword.findWebElement(WebUIAbstractKeyword.groovy:26)
	at com.kms.katalon.core.webui.keyword.builtin.ClickKeyword$_click_closure1.doCall(ClickKeyword.groovy:77)
	at com.kms.katalon.core.webui.keyword.builtin.ClickKeyword$_click_closure1.call(ClickKeyword.groovy)
	at com.kms.katalon.core.webui.keyword.internal.WebUIKeywordMain.runKeyword(WebUIKeywordMain.groovy:20)
	at com.kms.katalon.core.webui.keyword.builtin.ClickKeyword.click(ClickKeyword.groovy:86)
	at com.kms.katalon.core.webui.keyword.builtin.ClickKeyword.execute(ClickKeyword.groovy:67)
	at com.kms.katalon.core.keyword.internal.KeywordExecutor.executeKeywordForPlatform(KeywordExecutor.groovy:56)
	at com.kms.katalon.core.webui.keyword.WebUiBuiltInKeywords.click(WebUiBuiltInKeywords.groovy:616)
	at com.kms.katalon.core.webui.keyword.WebUiBuiltInKeywords$click$3.call(Unknown Source)
	at Script1564758359451.run(Script1564758359451.groovy:77)
	... 13 more
"/>
         <system-out><![CDATA[2019-09-13 17:32:05 - [TEST_CASE][FAILED] - Test Cases/VirtualShow/newUserRegistrationRS: Test Cases/VirtualShow/newUserRegistrationRS FAILED.
Reason:
com.kms.katalon.core.exception.StepFailedException: Unable to click on object 'Object Repository/ReplicatedSite/rsNewUser/setUpMyProfile'
	at com.kms.katalon.core.webui.keyword.internal.WebUIKeywordMain.stepFailed(WebUIKeywordMain.groovy:64)
	at com.kms.katalon.core.webui.keyword.internal.WebUIKeywordMain.runKeyword(WebUIKeywordMain.groovy:26)
	at com.kms.katalon.core.webui.keyword.builtin.ClickKeyword.click(ClickKeyword.groovy:86)
	at com.kms.katalon.core.webui.keyword.builtin.ClickKeyword.execute(ClickKeyword.groovy:67)
	at com.kms.katalon.core.keyword.internal.KeywordExecutor.executeKeywordForPlatform(KeywordExecutor.groovy:56)
	at com.kms.katalon.core.webui.keyword.WebUiBuiltInKeywords.click(WebUiBuiltInKeywords.groovy:616)
	at com.kms.katalon.core.webui.keyword.WebUiBuiltInKeywords$click$3.call(Unknown Source)
	at newUserRegistrationRS.run(newUserRegistrationRS:77)
	at com.kms.katalon.core.main.ScriptEngine.run(ScriptEngine.java:194)
	at com.kms.katalon.core.main.ScriptEngine.runScriptAsRawText(ScriptEngine.java:119)
	at com.kms.katalon.core.main.TestCaseExecutor.runScript(TestCaseExecutor.java:342)
	at com.kms.katalon.core.main.TestCaseExecutor.doExecute(TestCaseExecutor.java:333)
	at com.kms.katalon.core.main.TestCaseExecutor.processExecutionPhase(TestCaseExecutor.java:312)
	at com.kms.katalon.core.main.TestCaseExecutor.accessMainPhase(TestCaseExecutor.java:304)
	at com.kms.katalon.core.main.TestCaseExecutor.execute(TestCaseExecutor.java:238)
	at com.kms.katalon.core.main.TestSuiteExecutor.accessTestCaseMainPhase(TestSuiteExecutor.java:129)
	at com.kms.katalon.core.main.TestSuiteExecutor.accessTestSuiteMainPhase(TestSuiteExecutor.java:112)
	at com.kms.katalon.core.main.TestSuiteExecutor.execute(TestSuiteExecutor.java:81)
	at com.kms.katalon.core.main.TestCaseMain.startTestSuite(TestCaseMain.java:157)
	at com.kms.katalon.core.main.TestCaseMain$startTestSuite$0.call(Unknown Source)
	at TempTestSuite1568376118016.run(TempTestSuite1568376118016.groovy:35)
Caused by: org.openqa.selenium.NoSuchWindowException: no such window: target window already closed
from unknown error: web view not found
  (Session info: chrome=76.0.3809.132)
Build info: version: '3.7.1', revision: '8a0099a', time: '2017-11-06T21:07:36.161Z'
System info: host: 'TESTER-PC', ip: '172.16.231.61', os.name: 'Windows 8.1', os.arch: 'amd64', os.version: '6.3', java.version: '1.8.0_181'
Driver info: com.kms.katalon.selenium.driver.CChromeDriver
Capabilities {acceptInsecureCerts: false, browserName: chrome, browserVersion: 76.0.3809.132, chrome: {chromedriverVersion: 76.0.3809.68 (420c9498db8ce..., userDataDir: C:\Users\user\AppData\Local...}, goog:chromeOptions: {debuggerAddress: localhost:57493}, javascriptEnabled: true, networkConnectionEnabled: false, pageLoadStrategy: normal, platform: XP, platformName: XP, proxy: Proxy(direct), setWindowRect: true, strictFileInteractability: false, timeouts: {implicit: 0, pageLoad: 300000, script: 30000}, unhandledPromptBehavior: dismiss and notify}
Session ID: 61e3e49722d5056d6ab0f38be1f59482
*** Element info: {Using=xpath, value= //*[@id="mm-0"]/div/div/questionnaire-root/app-questionnaire/div/div[1]/app-questionnaire-welcome/div/div/div[1]/button}
	at org.openqa.selenium.remote.http.W3CHttpResponseCodec.createException(W3CHttpResponseCodec.java:187)
	at org.openqa.selenium.remote.http.W3CHttpResponseCodec.decode(W3CHttpResponseCodec.java:122)
	at org.openqa.selenium.remote.http.W3CHttpResponseCodec.decode(W3CHttpResponseCodec.java:49)
	at org.openqa.selenium.remote.HttpCommandExecutor.execute(HttpCommandExecutor.java:164)
	at org.openqa.selenium.remote.service.DriverCommandExecutor.execute(DriverCommandExecutor.java:83)
	at org.openqa.selenium.remote.RemoteWebDriver.execute(RemoteWebDriver.java:600)
	at com.kms.katalon.selenium.driver.CChromeDriver.execute(CChromeDriver.java:20)
	at org.openqa.selenium.remote.RemoteWebDriver.findElements(RemoteWebDriver.java:397)
	at org.openqa.selenium.remote.RemoteWebDriver.findElementsByXPath(RemoteWebDriver.java:476)
	at org.openqa.selenium.By$ByXPath.findElements(By.java:356)
	at org.openqa.selenium.remote.RemoteWebDriver.findElements(RemoteWebDriver.java:358)
	at com.kms.katalon.core.webui.common.WebUiCommonHelper.findWebElements(WebUiCommonHelper.java:761)
	at com.kms.katalon.core.webui.common.WebUiCommonHelper.findWebElement(WebUiCommonHelper.java:1093)
	at com.kms.katalon.core.webui.keyword.internal.WebUIAbstractKeyword.findWebElement(WebUIAbstractKeyword.groovy:27)
	at com.kms.katalon.core.webui.keyword.internal.WebUIAbstractKeyword.findWebElement(WebUIAbstractKeyword.groovy:26)
	at com.kms.katalon.core.webui.keyword.builtin.ClickKeyword$_click_closure1.doCall(ClickKeyword.groovy:77)
	at com.kms.katalon.core.webui.keyword.builtin.ClickKeyword$_click_closure1.call(ClickKeyword.groovy)
	at com.kms.katalon.core.webui.keyword.internal.WebUIKeywordMain.runKeyword(WebUIKeywordMain.groovy:20)
	at com.kms.katalon.core.webui.keyword.builtin.ClickKeyword.click(ClickKeyword.groovy:86)
	at com.kms.katalon.core.webui.keyword.builtin.ClickKeyword.execute(ClickKeyword.groovy:67)
	at com.kms.katalon.core.keyword.internal.KeywordExecutor.executeKeywordForPlatform(KeywordExecutor.groovy:56)
	at com.kms.katalon.core.webui.keyword.WebUiBuiltInKeywords.click(WebUiBuiltInKeywords.groovy:616)
	at com.kms.katalon.core.webui.keyword.WebUiBuiltInKeywords$click$3.call(Unknown Source)
	at Script1564758359451.run(Script1564758359451.groovy:77)
	... 13 more


2019-09-13 17:32:07 - [TEST_STEP][PASSED] - Start listener action : sampleBeforeTestCase: null

2019-09-13 17:32:07 - [TEST_STEP][PASSED] - println(testCaseContext.getTestCaseId()): null

2019-09-13 17:32:07 - [TEST_STEP][PASSED] - println(testCaseContext.getTestCaseVariables()): null

2019-09-13 17:32:07 - [TEST_STEP][PASSED] - RSURL = findTestData("envtData").getValue("RSURL", 1): null

2019-09-13 17:32:08 - [TEST_STEP][PASSED] - RSuser = findTestData("credData").getValue("RSuser", 1): null

2019-09-13 17:32:08 - [TEST_STEP][PASSED] - RSTestEnvt = findTestData("envtData").getValue("RSTestEnvt", 1): null

2019-09-13 17:32:08 - [TEST_STEP][PASSED] - faker = new com.github.javafaker.Faker(): null

2019-09-13 17:32:08 - [TEST_STEP][PASSED] - name = name().fullName(): null

2019-09-13 17:32:08 - [TEST_STEP][PASSED] - firstName = name.firstName(): null

2019-09-13 17:32:08 - [TEST_STEP][PASSED] - lastName = name().lastName(): null

2019-09-13 17:32:08 - [TEST_STEP][PASSED] - email = internet.emailAddress(): null

2019-09-13 17:32:08 - [TEST_STEP][PASSED] - openBrowser(""): Browser is opened with url: ''

2019-09-13 17:32:09 - [MESSAGE][INFO] - Starting 'Chrome' driver

2019-09-13 17:32:09 - [MESSAGE][INFO] - User set preference: ['args', '[--use-fake-ui-for-media-stream, --start-maximized]']

2019-09-13 17:32:09 - [MESSAGE][INFO] - Action delay is set to 0 seconds

2019-09-13 17:32:13 - [MESSAGE][PASSED] - Browser is opened with url: ''

2019-09-13 17:32:13 - [TEST_STEP][PASSED] - maximizeWindow(): Current window maximized

2019-09-13 17:32:14 - [MESSAGE][PASSED] - Current window maximized

2019-09-13 17:32:14 - [TEST_STEP][PASSED] - callTestCase(findTestCase("TestCaseUtilities/setVHost"), [:], CONTINUE_ON_FAILURE): Call Test Case 'Test Cases/TestCaseUtilities/setVHost' successfully

2019-09-13 17:32:14 - [TEST_CASE][PASSED] - Test Cases/TestCaseUtilities/setVHost: Test Cases/TestCaseUtilities/setVHost

2019-09-13 17:32:15 - [TEST_STEP][PASSED] - ofbizURL = findTestData("envtData").getValue("ofbizURL", 1): null

2019-09-13 17:32:16 - [TEST_STEP][PASSED] - ofbizUser = findTestData("credData").getValue("ofbizuser", 1): null

2019-09-13 17:32:16 - [TEST_STEP][PASSED] - ofbizPass = findTestData("credData").getValue("ofbizpass", 1): null

2019-09-13 17:32:16 - [TEST_STEP][PASSED] - vhostTarget = findTestData("envtData").getValue("vhostTarget", 1): null

2019-09-13 17:32:16 - [TEST_STEP][PASSED] - navigateToUrl(ofbizURL): Navigate to 'https://pushofbiz.cliotest.com/login.php' successfully

2019-09-13 17:32:18 - [MESSAGE][PASSED] - Navigate to 'https://pushofbiz.cliotest.com/login.php' successfully

2019-09-13 17:32:18 - [TEST_STEP][PASSED] - setText(findTestObject("Object Repository/virualShowRSVPOR/Page_/input_Username_username"), ofbizUser): Text 'automation' is set on object 'Object Repository/virualShowRSVPOR/Page_/input_Username_username'

2019-09-13 17:32:19 - [MESSAGE][PASSED] - Text 'automation' is set on object 'Object Repository/virualShowRSVPOR/Page_/input_Username_username'

2019-09-13 17:32:19 - [TEST_STEP][PASSED] - setText(findTestObject("Object Repository/virualShowRSVPOR/Page_/input_Password_password"), ofbizPass): Text 'cabiautomation' is set on object 'Object Repository/virualShowRSVPOR/Page_/input_Password_password'

2019-09-13 17:32:19 - [MESSAGE][PASSED] - Text 'cabiautomation' is set on object 'Object Repository/virualShowRSVPOR/Page_/input_Password_password'

2019-09-13 17:32:19 - [TEST_STEP][PASSED] - click(findTestObject("Object Repository/virualShowRSVPOR/Page_/input_Password_Submit")): Object: 'Object Repository/virualShowRSVPOR/Page_/input_Password_Submit' is clicked on

2019-09-13 17:32:23 - [MESSAGE][PASSED] - Object: 'Object Repository/virualShowRSVPOR/Page_/input_Password_Submit' is clicked on

2019-09-13 17:32:23 - [TEST_STEP][PASSED] - click(findTestObject("Object Repository/virualShowRSVPOR/Page_/a_Set Vhost")): Object: 'Object Repository/virualShowRSVPOR/Page_/a_Set Vhost' is clicked on

2019-09-13 17:32:24 - [MESSAGE][PASSED] - Object: 'Object Repository/virualShowRSVPOR/Page_/a_Set Vhost' is clicked on

2019-09-13 17:32:24 - [TEST_STEP][PASSED] - click(UtilityMethods.createTestObject("select_target", "//select[@name='Target']/option[contains(text(), '", vhostTarget, "')]")): Object: 'select_target' is clicked on

2019-09-13 17:32:24 - [MESSAGE][PASSED] - Object: 'select_target' is clicked on

2019-09-13 17:32:24 - [TEST_STEP][PASSED] - click(findTestObject("Object Repository/virualShowRSVPOR/Page_/input")): Object: 'Object Repository/virualShowRSVPOR/Page_/input' is clicked on

2019-09-13 17:32:27 - [MESSAGE][PASSED] - Object: 'Object Repository/virualShowRSVPOR/Page_/input' is clicked on

2019-09-13 17:32:27 - [MESSAGE][PASSED] - Call Test Case 'Test Cases/TestCaseUtilities/setVHost' successfully

2019-09-13 17:32:27 - [TEST_STEP][PASSED] - navigateToUrl(RSURL): Navigate to 'https://mirandakate.cabitest5.com' successfully

2019-09-13 17:32:53 - [MESSAGE][PASSED] - Navigate to 'https://mirandakate.cabitest5.com' successfully

2019-09-13 17:32:53 - [TEST_STEP][PASSED] - loginURL = UtilityMethods.concat("https://mirandakate.", RSTestEnvt, ".com/?component=account.login-gateway"): null

2019-09-13 17:32:53 - [TEST_STEP][PASSED] - navigateToUrl(loginURL): Navigate to 'https://mirandakate.cabitest5.com/?component=account.login-gateway' successfully

2019-09-13 17:33:02 - [MESSAGE][PASSED] - Navigate to 'https://mirandakate.cabitest5.com/?component=account.login-gateway' successfully

2019-09-13 17:33:02 - [TEST_STEP][PASSED] - setText(findTestObject("ReplicatedSite/rs_Page_Trendy/input_Sign in  Create account_email"), email): Text 'adriel.zemlak@gmail.com' is set on object 'Object Repository/ReplicatedSite/rs_Page_Trendy/input_Sign in  Create account_email'

2019-09-13 17:33:04 - [MESSAGE][PASSED] - Text 'adriel.zemlak@gmail.com' is set on object 'Object Repository/ReplicatedSite/rs_Page_Trendy/input_Sign in  Create account_email'

2019-09-13 17:33:04 - [TEST_STEP][PASSED] - click(findTestObject("ReplicatedSite/rs_Page_Trendy/button_Continue")): Object: 'Object Repository/ReplicatedSite/rs_Page_Trendy/button_Continue' is clicked on

2019-09-13 17:33:04 - [MESSAGE][PASSED] - Object: 'Object Repository/ReplicatedSite/rs_Page_Trendy/button_Continue' is clicked on

2019-09-13 17:33:04 - [TEST_STEP][PASSED] - delay(5): Delayed 5 second(s)

2019-09-13 17:33:09 - [MESSAGE][PASSED] - Delayed 5 second(s)

2019-09-13 17:33:09 - [TEST_STEP][PASSED] - click(findTestObject("ReplicatedSite/rsNewUser/rsFirstName")): Object: 'Object Repository/ReplicatedSite/rsNewUser/rsFirstName' is clicked on

2019-09-13 17:33:10 - [MESSAGE][PASSED] - Object: 'Object Repository/ReplicatedSite/rsNewUser/rsFirstName' is clicked on

2019-09-13 17:33:10 - [TEST_STEP][PASSED] - setText(findTestObject("ReplicatedSite/rsNewUser/rsFirstName"), firstName): Text 'Emilio' is set on object 'Object Repository/ReplicatedSite/rsNewUser/rsFirstName'

2019-09-13 17:33:10 - [MESSAGE][PASSED] - Text 'Emilio' is set on object 'Object Repository/ReplicatedSite/rsNewUser/rsFirstName'

2019-09-13 17:33:10 - [TEST_STEP][PASSED] - setText(findTestObject("ReplicatedSite/rsNewUser/rsLastName"), lastName): Text 'Cronin' is set on object 'Object Repository/ReplicatedSite/rsNewUser/rsLastName'

2019-09-13 17:33:11 - [MESSAGE][PASSED] - Text 'Cronin' is set on object 'Object Repository/ReplicatedSite/rsNewUser/rsLastName'

2019-09-13 17:33:11 - [TEST_STEP][PASSED] - setText(findTestObject("ReplicatedSite/rsNewUser/rsPassword"), "blackdress19"): Text 'blackdress19' is set on object 'Object Repository/ReplicatedSite/rsNewUser/rsPassword'

2019-09-13 17:33:11 - [MESSAGE][PASSED] - Text 'blackdress19' is set on object 'Object Repository/ReplicatedSite/rsNewUser/rsPassword'

2019-09-13 17:33:11 - [TEST_STEP][PASSED] - setText(findTestObject("ReplicatedSite/rsNewUser/rsConfirmPassword"), "blackdress19"): Text 'blackdress19' is set on object 'Object Repository/ReplicatedSite/rsNewUser/rsConfirmPassword'

2019-09-13 17:33:12 - [MESSAGE][PASSED] - Text 'blackdress19' is set on object 'Object Repository/ReplicatedSite/rsNewUser/rsConfirmPassword'

2019-09-13 17:33:12 - [TEST_STEP][PASSED] - click(findTestObject("ReplicatedSite/rsNewUser/noThanksLabel")): Object: 'Object Repository/ReplicatedSite/rsNewUser/noThanksLabel' is clicked on

2019-09-13 17:33:12 - [MESSAGE][PASSED] - Object: 'Object Repository/ReplicatedSite/rsNewUser/noThanksLabel' is clicked on

2019-09-13 17:33:12 - [TEST_STEP][PASSED] - click(findTestObject("ReplicatedSite/rsNewUser/continueButton")): Object: 'Object Repository/ReplicatedSite/rsNewUser/continueButton' is clicked on

2019-09-13 17:33:12 - [MESSAGE][PASSED] - Object: 'Object Repository/ReplicatedSite/rsNewUser/continueButton' is clicked on

2019-09-13 17:33:12 - [TEST_STEP][PASSED] - delay(5): Delayed 5 second(s)

2019-09-13 17:33:17 - [MESSAGE][PASSED] - Delayed 5 second(s)

2019-09-13 17:33:17 - [TEST_STEP][PASSED] - driver = getWebDriver(): null

2019-09-13 17:33:17 - [TEST_STEP][PASSED] - executor = driver: null

2019-09-13 17:33:17 - [TEST_STEP][PASSED] - executor.executeScript("arguments[0].click();", findWebElement(findTestObject("ReplicatedSite/rsNewUser/gotItThanks"), 5)): null

2019-09-13 17:33:19 - [TEST_STEP][FAILED] - click(findTestObject("ReplicatedSite/rsNewUser/setUpMyProfile")): click(findTestObject("ReplicatedSite/rsNewUser/setUpMyProfile")) FAILED.
Reason:
com.kms.katalon.core.exception.StepFailedException: Unable to click on object 'Object Repository/ReplicatedSite/rsNewUser/setUpMyProfile'
	at com.kms.katalon.core.webui.keyword.internal.WebUIKeywordMain.stepFailed(WebUIKeywordMain.groovy:64)
	at com.kms.katalon.core.webui.keyword.internal.WebUIKeywordMain.runKeyword(WebUIKeywordMain.groovy:26)
	at com.kms.katalon.core.webui.keyword.builtin.ClickKeyword.click(ClickKeyword.groovy:86)
	at com.kms.katalon.core.webui.keyword.builtin.ClickKeyword.execute(ClickKeyword.groovy:67)
	at com.kms.katalon.core.keyword.internal.KeywordExecutor.executeKeywordForPlatform(KeywordExecutor.groovy:56)
	at com.kms.katalon.core.webui.keyword.WebUiBuiltInKeywords.click(WebUiBuiltInKeywords.groovy:616)
	at com.kms.katalon.core.webui.keyword.WebUiBuiltInKeywords$click$3.call(Unknown Source)
	at newUserRegistrationRS.run(newUserRegistrationRS:77)
	at com.kms.katalon.core.main.ScriptEngine.run(ScriptEngine.java:194)
	at com.kms.katalon.core.main.ScriptEngine.runScriptAsRawText(ScriptEngine.java:119)
	at com.kms.katalon.core.main.TestCaseExecutor.runScript(TestCaseExecutor.java:342)
	at com.kms.katalon.core.main.TestCaseExecutor.doExecute(TestCaseExecutor.java:333)
	at com.kms.katalon.core.main.TestCaseExecutor.processExecutionPhase(TestCaseExecutor.java:312)
	at com.kms.katalon.core.main.TestCaseExecutor.accessMainPhase(TestCaseExecutor.java:304)
	at com.kms.katalon.core.main.TestCaseExecutor.execute(TestCaseExecutor.java:238)
	at com.kms.katalon.core.main.TestSuiteExecutor.accessTestCaseMainPhase(TestSuiteExecutor.java:129)
	at com.kms.katalon.core.main.TestSuiteExecutor.accessTestSuiteMainPhase(TestSuiteExecutor.java:112)
	at com.kms.katalon.core.main.TestSuiteExecutor.execute(TestSuiteExecutor.java:81)
	at com.kms.katalon.core.main.TestCaseMain.startTestSuite(TestCaseMain.java:157)
	at com.kms.katalon.core.main.TestCaseMain$startTestSuite$0.call(Unknown Source)
	at TempTestSuite1568376118016.run(TempTestSuite1568376118016.groovy:35)
Caused by: org.openqa.selenium.NoSuchWindowException: no such window: target window already closed
from unknown error: web view not found
  (Session info: chrome=76.0.3809.132)
Build info: version: '3.7.1', revision: '8a0099a', time: '2017-11-06T21:07:36.161Z'
System info: host: 'TESTER-PC', ip: '172.16.231.61', os.name: 'Windows 8.1', os.arch: 'amd64', os.version: '6.3', java.version: '1.8.0_181'
Driver info: com.kms.katalon.selenium.driver.CChromeDriver
Capabilities {acceptInsecureCerts: false, browserName: chrome, browserVersion: 76.0.3809.132, chrome: {chromedriverVersion: 76.0.3809.68 (420c9498db8ce..., userDataDir: C:\Users\user\AppData\Local...}, goog:chromeOptions: {debuggerAddress: localhost:57493}, javascriptEnabled: true, networkConnectionEnabled: false, pageLoadStrategy: normal, platform: XP, platformName: XP, proxy: Proxy(direct), setWindowRect: true, strictFileInteractability: false, timeouts: {implicit: 0, pageLoad: 300000, script: 30000}, unhandledPromptBehavior: dismiss and notify}
Session ID: 61e3e49722d5056d6ab0f38be1f59482
*** Element info: {Using=xpath, value= //*[@id="mm-0"]/div/div/questionnaire-root/app-questionnaire/div/div[1]/app-questionnaire-welcome/div/div/div[1]/button}
	at org.openqa.selenium.remote.http.W3CHttpResponseCodec.createException(W3CHttpResponseCodec.java:187)
	at org.openqa.selenium.remote.http.W3CHttpResponseCodec.decode(W3CHttpResponseCodec.java:122)
	at org.openqa.selenium.remote.http.W3CHttpResponseCodec.decode(W3CHttpResponseCodec.java:49)
	at org.openqa.selenium.remote.HttpCommandExecutor.execute(HttpCommandExecutor.java:164)
	at org.openqa.selenium.remote.service.DriverCommandExecutor.execute(DriverCommandExecutor.java:83)
	at org.openqa.selenium.remote.RemoteWebDriver.execute(RemoteWebDriver.java:600)
	at com.kms.katalon.selenium.driver.CChromeDriver.execute(CChromeDriver.java:20)
	at org.openqa.selenium.remote.RemoteWebDriver.findElements(RemoteWebDriver.java:397)
	at org.openqa.selenium.remote.RemoteWebDriver.findElementsByXPath(RemoteWebDriver.java:476)
	at org.openqa.selenium.By$ByXPath.findElements(By.java:356)
	at org.openqa.selenium.remote.RemoteWebDriver.findElements(RemoteWebDriver.java:358)
	at com.kms.katalon.core.webui.common.WebUiCommonHelper.findWebElements(WebUiCommonHelper.java:761)
	at com.kms.katalon.core.webui.common.WebUiCommonHelper.findWebElement(WebUiCommonHelper.java:1093)
	at com.kms.katalon.core.webui.keyword.internal.WebUIAbstractKeyword.findWebElement(WebUIAbstractKeyword.groovy:27)
	at com.kms.katalon.core.webui.keyword.internal.WebUIAbstractKeyword.findWebElement(WebUIAbstractKeyword.groovy:26)
	at com.kms.katalon.core.webui.keyword.builtin.ClickKeyword$_click_closure1.doCall(ClickKeyword.groovy:77)
	at com.kms.katalon.core.webui.keyword.builtin.ClickKeyword$_click_closure1.call(ClickKeyword.groovy)
	at com.kms.katalon.core.webui.keyword.internal.WebUIKeywordMain.runKeyword(WebUIKeywordMain.groovy:20)
	at com.kms.katalon.core.webui.keyword.builtin.ClickKeyword.click(ClickKeyword.groovy:86)
	at com.kms.katalon.core.webui.keyword.builtin.ClickKeyword.execute(ClickKeyword.groovy:67)
	at com.kms.katalon.core.keyword.internal.KeywordExecutor.executeKeywordForPlatform(KeywordExecutor.groovy:56)
	at com.kms.katalon.core.webui.keyword.WebUiBuiltInKeywords.click(WebUiBuiltInKeywords.groovy:616)
	at com.kms.katalon.core.webui.keyword.WebUiBuiltInKeywords$click$3.call(Unknown Source)
	at Script1564758359451.run(Script1564758359451.groovy:77)
	... 13 more


2019-09-13 17:33:33 - [MESSAGE][WARNING] - Cannot take screenshot

2019-09-13 17:33:33 - [MESSAGE][FAILED] - Unable to click on object 'Object Repository/ReplicatedSite/rsNewUser/setUpMyProfile' (Root cause: com.kms.katalon.core.exception.StepFailedException: Unable to click on object 'Object Repository/ReplicatedSite/rsNewUser/setUpMyProfile'
	at com.kms.katalon.core.webui.keyword.internal.WebUIKeywordMain.stepFailed(WebUIKeywordMain.groovy:64)
	at com.kms.katalon.core.webui.keyword.internal.WebUIKeywordMain.runKeyword(WebUIKeywordMain.groovy:26)
	at com.kms.katalon.core.webui.keyword.builtin.ClickKeyword.click(ClickKeyword.groovy:86)
	at com.kms.katalon.core.webui.keyword.builtin.ClickKeyword.execute(ClickKeyword.groovy:67)
	at com.kms.katalon.core.keyword.internal.KeywordExecutor.executeKeywordForPlatform(KeywordExecutor.groovy:56)
	at com.kms.katalon.core.webui.keyword.WebUiBuiltInKeywords.click(WebUiBuiltInKeywords.groovy:616)
	at com.kms.katalon.core.webui.keyword.WebUiBuiltInKeywords$click$3.call(Unknown Source)
	at newUserRegistrationRS.run(newUserRegistrationRS:77)
	at com.kms.katalon.core.main.ScriptEngine.run(ScriptEngine.java:194)
	at com.kms.katalon.core.main.ScriptEngine.runScriptAsRawText(ScriptEngine.java:119)
	at com.kms.katalon.core.main.TestCaseExecutor.runScript(TestCaseExecutor.java:342)
	at com.kms.katalon.core.main.TestCaseExecutor.doExecute(TestCaseExecutor.java:333)
	at com.kms.katalon.core.main.TestCaseExecutor.processExecutionPhase(TestCaseExecutor.java:312)
	at com.kms.katalon.core.main.TestCaseExecutor.accessMainPhase(TestCaseExecutor.java:304)
	at com.kms.katalon.core.main.TestCaseExecutor.execute(TestCaseExecutor.java:238)
	at com.kms.katalon.core.main.TestSuiteExecutor.accessTestCaseMainPhase(TestSuiteExecutor.java:129)
	at com.kms.katalon.core.main.TestSuiteExecutor.accessTestSuiteMainPhase(TestSuiteExecutor.java:112)
	at com.kms.katalon.core.main.TestSuiteExecutor.execute(TestSuiteExecutor.java:81)
	at com.kms.katalon.core.main.TestCaseMain.startTestSuite(TestCaseMain.java:157)
	at com.kms.katalon.core.main.TestCaseMain$startTestSuite$0.call(Unknown Source)
	at TempTestSuite1568376118016.run(TempTestSuite1568376118016.groovy:35)
Caused by: org.openqa.selenium.NoSuchWindowException: no such window: target window already closed
from unknown error: web view not found
  (Session info: chrome=76.0.3809.132)
Build info: version: '3.7.1', revision: '8a0099a', time: '2017-11-06T21:07:36.161Z'
System info: host: 'TESTER-PC', ip: '172.16.231.61', os.name: 'Windows 8.1', os.arch: 'amd64', os.version: '6.3', java.version: '1.8.0_181'
Driver info: com.kms.katalon.selenium.driver.CChromeDriver
Capabilities {acceptInsecureCerts: false, browserName: chrome, browserVersion: 76.0.3809.132, chrome: {chromedriverVersion: 76.0.3809.68 (420c9498db8ce..., userDataDir: C:\Users\user\AppData\Local...}, goog:chromeOptions: {debuggerAddress: localhost:57493}, javascriptEnabled: true, networkConnectionEnabled: false, pageLoadStrategy: normal, platform: XP, platformName: XP, proxy: Proxy(direct), setWindowRect: true, strictFileInteractability: false, timeouts: {implicit: 0, pageLoad: 300000, script: 30000}, unhandledPromptBehavior: dismiss and notify}
Session ID: 61e3e49722d5056d6ab0f38be1f59482
*** Element info: {Using=xpath, value= //*[@id="mm-0"]/div/div/questionnaire-root/app-questionnaire/div/div[1]/app-questionnaire-welcome/div/div/div[1]/button}
	at org.openqa.selenium.remote.http.W3CHttpResponseCodec.createException(W3CHttpResponseCodec.java:187)
	at org.openqa.selenium.remote.http.W3CHttpResponseCodec.decode(W3CHttpResponseCodec.java:122)
	at org.openqa.selenium.remote.http.W3CHttpResponseCodec.decode(W3CHttpResponseCodec.java:49)
	at org.openqa.selenium.remote.HttpCommandExecutor.execute(HttpCommandExecutor.java:164)
	at org.openqa.selenium.remote.service.DriverCommandExecutor.execute(DriverCommandExecutor.java:83)
	at org.openqa.selenium.remote.RemoteWebDriver.execute(RemoteWebDriver.java:600)
	at com.kms.katalon.selenium.driver.CChromeDriver.execute(CChromeDriver.java:20)
	at org.openqa.selenium.remote.RemoteWebDriver.findElements(RemoteWebDriver.java:397)
	at org.openqa.selenium.remote.RemoteWebDriver.findElementsByXPath(RemoteWebDriver.java:476)
	at org.openqa.selenium.By$ByXPath.findElements(By.java:356)
	at org.openqa.selenium.remote.RemoteWebDriver.findElements(RemoteWebDriver.java:358)
	at com.kms.katalon.core.webui.common.WebUiCommonHelper.findWebElements(WebUiCommonHelper.java:761)
	at com.kms.katalon.core.webui.common.WebUiCommonHelper.findWebElement(WebUiCommonHelper.java:1093)
	at com.kms.katalon.core.webui.keyword.internal.WebUIAbstractKeyword.findWebElement(WebUIAbstractKeyword.groovy:27)
	at com.kms.katalon.core.webui.keyword.internal.WebUIAbstractKeyword.findWebElement(WebUIAbstractKeyword.groovy:26)
	at com.kms.katalon.core.webui.keyword.builtin.ClickKeyword$_click_closure1.doCall(ClickKeyword.groovy:77)
	at com.kms.katalon.core.webui.keyword.builtin.ClickKeyword$_click_closure1.call(ClickKeyword.groovy)
	at com.kms.katalon.core.webui.keyword.internal.WebUIKeywordMain.runKeyword(WebUIKeywordMain.groovy:20)
	at com.kms.katalon.core.webui.keyword.builtin.ClickKeyword.click(ClickKeyword.groovy:86)
	at com.kms.katalon.core.webui.keyword.builtin.ClickKeyword.execute(ClickKeyword.groovy:67)
	at com.kms.katalon.core.keyword.internal.KeywordExecutor.executeKeywordForPlatform(KeywordExecutor.groovy:56)
	at com.kms.katalon.core.webui.keyword.WebUiBuiltInKeywords.click(WebUiBuiltInKeywords.groovy:616)
	at com.kms.katalon.core.webui.keyword.WebUiBuiltInKeywords$click$3.call(Unknown Source)
	at Script1564758359451.run(Script1564758359451.groovy:77)
	... 13 more
)

2019-09-13 17:33:33 - [MESSAGE][FAILED] - click(findTestObject("ReplicatedSite/rsNewUser/setUpMyProfile")) FAILED.
Reason:
com.kms.katalon.core.exception.StepFailedException: Unable to click on object 'Object Repository/ReplicatedSite/rsNewUser/setUpMyProfile'
	at com.kms.katalon.core.webui.keyword.internal.WebUIKeywordMain.stepFailed(WebUIKeywordMain.groovy:64)
	at com.kms.katalon.core.webui.keyword.internal.WebUIKeywordMain.runKeyword(WebUIKeywordMain.groovy:26)
	at com.kms.katalon.core.webui.keyword.builtin.ClickKeyword.click(ClickKeyword.groovy:86)
	at com.kms.katalon.core.webui.keyword.builtin.ClickKeyword.execute(ClickKeyword.groovy:67)
	at com.kms.katalon.core.keyword.internal.KeywordExecutor.executeKeywordForPlatform(KeywordExecutor.groovy:56)
	at com.kms.katalon.core.webui.keyword.WebUiBuiltInKeywords.click(WebUiBuiltInKeywords.groovy:616)
	at com.kms.katalon.core.webui.keyword.WebUiBuiltInKeywords$click$3.call(Unknown Source)
	at newUserRegistrationRS.run(newUserRegistrationRS:77)
	at com.kms.katalon.core.main.ScriptEngine.run(ScriptEngine.java:194)
	at com.kms.katalon.core.main.ScriptEngine.runScriptAsRawText(ScriptEngine.java:119)
	at com.kms.katalon.core.main.TestCaseExecutor.runScript(TestCaseExecutor.java:342)
	at com.kms.katalon.core.main.TestCaseExecutor.doExecute(TestCaseExecutor.java:333)
	at com.kms.katalon.core.main.TestCaseExecutor.processExecutionPhase(TestCaseExecutor.java:312)
	at com.kms.katalon.core.main.TestCaseExecutor.accessMainPhase(TestCaseExecutor.java:304)
	at com.kms.katalon.core.main.TestCaseExecutor.execute(TestCaseExecutor.java:238)
	at com.kms.katalon.core.main.TestSuiteExecutor.accessTestCaseMainPhase(TestSuiteExecutor.java:129)
	at com.kms.katalon.core.main.TestSuiteExecutor.accessTestSuiteMainPhase(TestSuiteExecutor.java:112)
	at com.kms.katalon.core.main.TestSuiteExecutor.execute(TestSuiteExecutor.java:81)
	at com.kms.katalon.core.main.TestCaseMain.startTestSuite(TestCaseMain.java:157)
	at com.kms.katalon.core.main.TestCaseMain$startTestSuite$0.call(Unknown Source)
	at TempTestSuite1568376118016.run(TempTestSuite1568376118016.groovy:35)
Caused by: org.openqa.selenium.NoSuchWindowException: no such window: target window already closed
from unknown error: web view not found
  (Session info: chrome=76.0.3809.132)
Build info: version: '3.7.1', revision: '8a0099a', time: '2017-11-06T21:07:36.161Z'
System info: host: 'TESTER-PC', ip: '172.16.231.61', os.name: 'Windows 8.1', os.arch: 'amd64', os.version: '6.3', java.version: '1.8.0_181'
Driver info: com.kms.katalon.selenium.driver.CChromeDriver
Capabilities {acceptInsecureCerts: false, browserName: chrome, browserVersion: 76.0.3809.132, chrome: {chromedriverVersion: 76.0.3809.68 (420c9498db8ce..., userDataDir: C:\Users\user\AppData\Local...}, goog:chromeOptions: {debuggerAddress: localhost:57493}, javascriptEnabled: true, networkConnectionEnabled: false, pageLoadStrategy: normal, platform: XP, platformName: XP, proxy: Proxy(direct), setWindowRect: true, strictFileInteractability: false, timeouts: {implicit: 0, pageLoad: 300000, script: 30000}, unhandledPromptBehavior: dismiss and notify}
Session ID: 61e3e49722d5056d6ab0f38be1f59482
*** Element info: {Using=xpath, value= //*[@id="mm-0"]/div/div/questionnaire-root/app-questionnaire/div/div[1]/app-questionnaire-welcome/div/div/div[1]/button}
	at org.openqa.selenium.remote.http.W3CHttpResponseCodec.createException(W3CHttpResponseCodec.java:187)
	at org.openqa.selenium.remote.http.W3CHttpResponseCodec.decode(W3CHttpResponseCodec.java:122)
	at org.openqa.selenium.remote.http.W3CHttpResponseCodec.decode(W3CHttpResponseCodec.java:49)
	at org.openqa.selenium.remote.HttpCommandExecutor.execute(HttpCommandExecutor.java:164)
	at org.openqa.selenium.remote.service.DriverCommandExecutor.execute(DriverCommandExecutor.java:83)
	at org.openqa.selenium.remote.RemoteWebDriver.execute(RemoteWebDriver.java:600)
	at com.kms.katalon.selenium.driver.CChromeDriver.execute(CChromeDriver.java:20)
	at org.openqa.selenium.remote.RemoteWebDriver.findElements(RemoteWebDriver.java:397)
	at org.openqa.selenium.remote.RemoteWebDriver.findElementsByXPath(RemoteWebDriver.java:476)
	at org.openqa.selenium.By$ByXPath.findElements(By.java:356)
	at org.openqa.selenium.remote.RemoteWebDriver.findElements(RemoteWebDriver.java:358)
	at com.kms.katalon.core.webui.common.WebUiCommonHelper.findWebElements(WebUiCommonHelper.java:761)
	at com.kms.katalon.core.webui.common.WebUiCommonHelper.findWebElement(WebUiCommonHelper.java:1093)
	at com.kms.katalon.core.webui.keyword.internal.WebUIAbstractKeyword.findWebElement(WebUIAbstractKeyword.groovy:27)
	at com.kms.katalon.core.webui.keyword.internal.WebUIAbstractKeyword.findWebElement(WebUIAbstractKeyword.groovy:26)
	at com.kms.katalon.core.webui.keyword.builtin.ClickKeyword$_click_closure1.doCall(ClickKeyword.groovy:77)
	at com.kms.katalon.core.webui.keyword.builtin.ClickKeyword$_click_closure1.call(ClickKeyword.groovy)
	at com.kms.katalon.core.webui.keyword.internal.WebUIKeywordMain.runKeyword(WebUIKeywordMain.groovy:20)
	at com.kms.katalon.core.webui.keyword.builtin.ClickKeyword.click(ClickKeyword.groovy:86)
	at com.kms.katalon.core.webui.keyword.builtin.ClickKeyword.execute(ClickKeyword.groovy:67)
	at com.kms.katalon.core.keyword.internal.KeywordExecutor.executeKeywordForPlatform(KeywordExecutor.groovy:56)
	at com.kms.katalon.core.webui.keyword.WebUiBuiltInKeywords.click(WebUiBuiltInKeywords.groovy:616)
	at com.kms.katalon.core.webui.keyword.WebUiBuiltInKeywords$click$3.call(Unknown Source)
	at Script1564758359451.run(Script1564758359451.groovy:77)
	... 13 more]]></system-out>
         <system-err><![CDATA[2019-09-13 17:32:05 - [TEST_CASE][FAILED] - Test Cases/VirtualShow/newUserRegistrationRS: Test Cases/VirtualShow/newUserRegistrationRS FAILED.
Reason:
com.kms.katalon.core.exception.StepFailedException: Unable to click on object 'Object Repository/ReplicatedSite/rsNewUser/setUpMyProfile'
	at com.kms.katalon.core.webui.keyword.internal.WebUIKeywordMain.stepFailed(WebUIKeywordMain.groovy:64)
	at com.kms.katalon.core.webui.keyword.internal.WebUIKeywordMain.runKeyword(WebUIKeywordMain.groovy:26)
	at com.kms.katalon.core.webui.keyword.builtin.ClickKeyword.click(ClickKeyword.groovy:86)
	at com.kms.katalon.core.webui.keyword.builtin.ClickKeyword.execute(ClickKeyword.groovy:67)
	at com.kms.katalon.core.keyword.internal.KeywordExecutor.executeKeywordForPlatform(KeywordExecutor.groovy:56)
	at com.kms.katalon.core.webui.keyword.WebUiBuiltInKeywords.click(WebUiBuiltInKeywords.groovy:616)
	at com.kms.katalon.core.webui.keyword.WebUiBuiltInKeywords$click$3.call(Unknown Source)
	at newUserRegistrationRS.run(newUserRegistrationRS:77)
	at com.kms.katalon.core.main.ScriptEngine.run(ScriptEngine.java:194)
	at com.kms.katalon.core.main.ScriptEngine.runScriptAsRawText(ScriptEngine.java:119)
	at com.kms.katalon.core.main.TestCaseExecutor.runScript(TestCaseExecutor.java:342)
	at com.kms.katalon.core.main.TestCaseExecutor.doExecute(TestCaseExecutor.java:333)
	at com.kms.katalon.core.main.TestCaseExecutor.processExecutionPhase(TestCaseExecutor.java:312)
	at com.kms.katalon.core.main.TestCaseExecutor.accessMainPhase(TestCaseExecutor.java:304)
	at com.kms.katalon.core.main.TestCaseExecutor.execute(TestCaseExecutor.java:238)
	at com.kms.katalon.core.main.TestSuiteExecutor.accessTestCaseMainPhase(TestSuiteExecutor.java:129)
	at com.kms.katalon.core.main.TestSuiteExecutor.accessTestSuiteMainPhase(TestSuiteExecutor.java:112)
	at com.kms.katalon.core.main.TestSuiteExecutor.execute(TestSuiteExecutor.java:81)
	at com.kms.katalon.core.main.TestCaseMain.startTestSuite(TestCaseMain.java:157)
	at com.kms.katalon.core.main.TestCaseMain$startTestSuite$0.call(Unknown Source)
	at TempTestSuite1568376118016.run(TempTestSuite1568376118016.groovy:35)
Caused by: org.openqa.selenium.NoSuchWindowException: no such window: target window already closed
from unknown error: web view not found
  (Session info: chrome=76.0.3809.132)
Build info: version: '3.7.1', revision: '8a0099a', time: '2017-11-06T21:07:36.161Z'
System info: host: 'TESTER-PC', ip: '172.16.231.61', os.name: 'Windows 8.1', os.arch: 'amd64', os.version: '6.3', java.version: '1.8.0_181'
Driver info: com.kms.katalon.selenium.driver.CChromeDriver
Capabilities {acceptInsecureCerts: false, browserName: chrome, browserVersion: 76.0.3809.132, chrome: {chromedriverVersion: 76.0.3809.68 (420c9498db8ce..., userDataDir: C:\Users\user\AppData\Local...}, goog:chromeOptions: {debuggerAddress: localhost:57493}, javascriptEnabled: true, networkConnectionEnabled: false, pageLoadStrategy: normal, platform: XP, platformName: XP, proxy: Proxy(direct), setWindowRect: true, strictFileInteractability: false, timeouts: {implicit: 0, pageLoad: 300000, script: 30000}, unhandledPromptBehavior: dismiss and notify}
Session ID: 61e3e49722d5056d6ab0f38be1f59482
*** Element info: {Using=xpath, value= //*[@id="mm-0"]/div/div/questionnaire-root/app-questionnaire/div/div[1]/app-questionnaire-welcome/div/div/div[1]/button}
	at org.openqa.selenium.remote.http.W3CHttpResponseCodec.createException(W3CHttpResponseCodec.java:187)
	at org.openqa.selenium.remote.http.W3CHttpResponseCodec.decode(W3CHttpResponseCodec.java:122)
	at org.openqa.selenium.remote.http.W3CHttpResponseCodec.decode(W3CHttpResponseCodec.java:49)
	at org.openqa.selenium.remote.HttpCommandExecutor.execute(HttpCommandExecutor.java:164)
	at org.openqa.selenium.remote.service.DriverCommandExecutor.execute(DriverCommandExecutor.java:83)
	at org.openqa.selenium.remote.RemoteWebDriver.execute(RemoteWebDriver.java:600)
	at com.kms.katalon.selenium.driver.CChromeDriver.execute(CChromeDriver.java:20)
	at org.openqa.selenium.remote.RemoteWebDriver.findElements(RemoteWebDriver.java:397)
	at org.openqa.selenium.remote.RemoteWebDriver.findElementsByXPath(RemoteWebDriver.java:476)
	at org.openqa.selenium.By$ByXPath.findElements(By.java:356)
	at org.openqa.selenium.remote.RemoteWebDriver.findElements(RemoteWebDriver.java:358)
	at com.kms.katalon.core.webui.common.WebUiCommonHelper.findWebElements(WebUiCommonHelper.java:761)
	at com.kms.katalon.core.webui.common.WebUiCommonHelper.findWebElement(WebUiCommonHelper.java:1093)
	at com.kms.katalon.core.webui.keyword.internal.WebUIAbstractKeyword.findWebElement(WebUIAbstractKeyword.groovy:27)
	at com.kms.katalon.core.webui.keyword.internal.WebUIAbstractKeyword.findWebElement(WebUIAbstractKeyword.groovy:26)
	at com.kms.katalon.core.webui.keyword.builtin.ClickKeyword$_click_closure1.doCall(ClickKeyword.groovy:77)
	at com.kms.katalon.core.webui.keyword.builtin.ClickKeyword$_click_closure1.call(ClickKeyword.groovy)
	at com.kms.katalon.core.webui.keyword.internal.WebUIKeywordMain.runKeyword(WebUIKeywordMain.groovy:20)
	at com.kms.katalon.core.webui.keyword.builtin.ClickKeyword.click(ClickKeyword.groovy:86)
	at com.kms.katalon.core.webui.keyword.builtin.ClickKeyword.execute(ClickKeyword.groovy:67)
	at com.kms.katalon.core.keyword.internal.KeywordExecutor.executeKeywordForPlatform(KeywordExecutor.groovy:56)
	at com.kms.katalon.core.webui.keyword.WebUiBuiltInKeywords.click(WebUiBuiltInKeywords.groovy:616)
	at com.kms.katalon.core.webui.keyword.WebUiBuiltInKeywords$click$3.call(Unknown Source)
	at Script1564758359451.run(Script1564758359451.groovy:77)
	... 13 more]]></system-err>
      </testcase>
      <system-out><![CDATA[2019-09-13 17:32:04 - [TEST_SUITE][FAILED] - MicrositeRSVPSuite: Test Cases/VirtualShow/newUserRegistrationRS FAILED.
Reason:
com.kms.katalon.core.exception.StepFailedException: Unable to click on object 'Object Repository/ReplicatedSite/rsNewUser/setUpMyProfile'
	at com.kms.katalon.core.webui.keyword.internal.WebUIKeywordMain.stepFailed(WebUIKeywordMain.groovy:64)
	at com.kms.katalon.core.webui.keyword.internal.WebUIKeywordMain.runKeyword(WebUIKeywordMain.groovy:26)
	at com.kms.katalon.core.webui.keyword.builtin.ClickKeyword.click(ClickKeyword.groovy:86)
	at com.kms.katalon.core.webui.keyword.builtin.ClickKeyword.execute(ClickKeyword.groovy:67)
	at com.kms.katalon.core.keyword.internal.KeywordExecutor.executeKeywordForPlatform(KeywordExecutor.groovy:56)
	at com.kms.katalon.core.webui.keyword.WebUiBuiltInKeywords.click(WebUiBuiltInKeywords.groovy:616)
	at com.kms.katalon.core.webui.keyword.WebUiBuiltInKeywords$click$3.call(Unknown Source)
	at newUserRegistrationRS.run(newUserRegistrationRS:77)
	at com.kms.katalon.core.main.ScriptEngine.run(ScriptEngine.java:194)
	at com.kms.katalon.core.main.ScriptEngine.runScriptAsRawText(ScriptEngine.java:119)
	at com.kms.katalon.core.main.TestCaseExecutor.runScript(TestCaseExecutor.java:342)
	at com.kms.katalon.core.main.TestCaseExecutor.doExecute(TestCaseExecutor.java:333)
	at com.kms.katalon.core.main.TestCaseExecutor.processExecutionPhase(TestCaseExecutor.java:312)
	at com.kms.katalon.core.main.TestCaseExecutor.accessMainPhase(TestCaseExecutor.java:304)
	at com.kms.katalon.core.main.TestCaseExecutor.execute(TestCaseExecutor.java:238)
	at com.kms.katalon.core.main.TestSuiteExecutor.accessTestCaseMainPhase(TestSuiteExecutor.java:129)
	at com.kms.katalon.core.main.TestSuiteExecutor.accessTestSuiteMainPhase(TestSuiteExecutor.java:112)
	at com.kms.katalon.core.main.TestSuiteExecutor.execute(TestSuiteExecutor.java:81)
	at com.kms.katalon.core.main.TestCaseMain.startTestSuite(TestCaseMain.java:157)
	at com.kms.katalon.core.main.TestCaseMain$startTestSuite$0.call(Unknown Source)
	at TempTestSuite1568376118016.run(TempTestSuite1568376118016.groovy:35)
Caused by: org.openqa.selenium.NoSuchWindowException: no such window: target window already closed
from unknown error: web view not found
  (Session info: chrome=76.0.3809.132)
Build info: version: '3.7.1', revision: '8a0099a', time: '2017-11-06T21:07:36.161Z'
System info: host: 'TESTER-PC', ip: '172.16.231.61', os.name: 'Windows 8.1', os.arch: 'amd64', os.version: '6.3', java.version: '1.8.0_181'
Driver info: com.kms.katalon.selenium.driver.CChromeDriver
Capabilities {acceptInsecureCerts: false, browserName: chrome, browserVersion: 76.0.3809.132, chrome: {chromedriverVersion: 76.0.3809.68 (420c9498db8ce..., userDataDir: C:\Users\user\AppData\Local...}, goog:chromeOptions: {debuggerAddress: localhost:57493}, javascriptEnabled: true, networkConnectionEnabled: false, pageLoadStrategy: normal, platform: XP, platformName: XP, proxy: Proxy(direct), setWindowRect: true, strictFileInteractability: false, timeouts: {implicit: 0, pageLoad: 300000, script: 30000}, unhandledPromptBehavior: dismiss and notify}
Session ID: 61e3e49722d5056d6ab0f38be1f59482
*** Element info: {Using=xpath, value= //*[@id="mm-0"]/div/div/questionnaire-root/app-questionnaire/div/div[1]/app-questionnaire-welcome/div/div/div[1]/button}
	at org.openqa.selenium.remote.http.W3CHttpResponseCodec.createException(W3CHttpResponseCodec.java:187)
	at org.openqa.selenium.remote.http.W3CHttpResponseCodec.decode(W3CHttpResponseCodec.java:122)
	at org.openqa.selenium.remote.http.W3CHttpResponseCodec.decode(W3CHttpResponseCodec.java:49)
	at org.openqa.selenium.remote.HttpCommandExecutor.execute(HttpCommandExecutor.java:164)
	at org.openqa.selenium.remote.service.DriverCommandExecutor.execute(DriverCommandExecutor.java:83)
	at org.openqa.selenium.remote.RemoteWebDriver.execute(RemoteWebDriver.java:600)
	at com.kms.katalon.selenium.driver.CChromeDriver.execute(CChromeDriver.java:20)
	at org.openqa.selenium.remote.RemoteWebDriver.findElements(RemoteWebDriver.java:397)
	at org.openqa.selenium.remote.RemoteWebDriver.findElementsByXPath(RemoteWebDriver.java:476)
	at org.openqa.selenium.By$ByXPath.findElements(By.java:356)
	at org.openqa.selenium.remote.RemoteWebDriver.findElements(RemoteWebDriver.java:358)
	at com.kms.katalon.core.webui.common.WebUiCommonHelper.findWebElements(WebUiCommonHelper.java:761)
	at com.kms.katalon.core.webui.common.WebUiCommonHelper.findWebElement(WebUiCommonHelper.java:1093)
	at com.kms.katalon.core.webui.keyword.internal.WebUIAbstractKeyword.findWebElement(WebUIAbstractKeyword.groovy:27)
	at com.kms.katalon.core.webui.keyword.internal.WebUIAbstractKeyword.findWebElement(WebUIAbstractKeyword.groovy:26)
	at com.kms.katalon.core.webui.keyword.builtin.ClickKeyword$_click_closure1.doCall(ClickKeyword.groovy:77)
	at com.kms.katalon.core.webui.keyword.builtin.ClickKeyword$_click_closure1.call(ClickKeyword.groovy)
	at com.kms.katalon.core.webui.keyword.internal.WebUIKeywordMain.runKeyword(WebUIKeywordMain.groovy:20)
	at com.kms.katalon.core.webui.keyword.builtin.ClickKeyword.click(ClickKeyword.groovy:86)
	at com.kms.katalon.core.webui.keyword.builtin.ClickKeyword.execute(ClickKeyword.groovy:67)
	at com.kms.katalon.core.keyword.internal.KeywordExecutor.executeKeywordForPlatform(KeywordExecutor.groovy:56)
	at com.kms.katalon.core.webui.keyword.WebUiBuiltInKeywords.click(WebUiBuiltInKeywords.groovy:616)
	at com.kms.katalon.core.webui.keyword.WebUiBuiltInKeywords$click$3.call(Unknown Source)
	at Script1564758359451.run(Script1564758359451.groovy:77)
	... 13 more]]></system-out>
      <system-err><![CDATA[2019-09-13 17:32:04 - [TEST_SUITE][FAILED] - MicrositeRSVPSuite: Test Cases/VirtualShow/newUserRegistrationRS FAILED.
Reason:
com.kms.katalon.core.exception.StepFailedException: Unable to click on object 'Object Repository/ReplicatedSite/rsNewUser/setUpMyProfile'
	at com.kms.katalon.core.webui.keyword.internal.WebUIKeywordMain.stepFailed(WebUIKeywordMain.groovy:64)
	at com.kms.katalon.core.webui.keyword.internal.WebUIKeywordMain.runKeyword(WebUIKeywordMain.groovy:26)
	at com.kms.katalon.core.webui.keyword.builtin.ClickKeyword.click(ClickKeyword.groovy:86)
	at com.kms.katalon.core.webui.keyword.builtin.ClickKeyword.execute(ClickKeyword.groovy:67)
	at com.kms.katalon.core.keyword.internal.KeywordExecutor.executeKeywordForPlatform(KeywordExecutor.groovy:56)
	at com.kms.katalon.core.webui.keyword.WebUiBuiltInKeywords.click(WebUiBuiltInKeywords.groovy:616)
	at com.kms.katalon.core.webui.keyword.WebUiBuiltInKeywords$click$3.call(Unknown Source)
	at newUserRegistrationRS.run(newUserRegistrationRS:77)
	at com.kms.katalon.core.main.ScriptEngine.run(ScriptEngine.java:194)
	at com.kms.katalon.core.main.ScriptEngine.runScriptAsRawText(ScriptEngine.java:119)
	at com.kms.katalon.core.main.TestCaseExecutor.runScript(TestCaseExecutor.java:342)
	at com.kms.katalon.core.main.TestCaseExecutor.doExecute(TestCaseExecutor.java:333)
	at com.kms.katalon.core.main.TestCaseExecutor.processExecutionPhase(TestCaseExecutor.java:312)
	at com.kms.katalon.core.main.TestCaseExecutor.accessMainPhase(TestCaseExecutor.java:304)
	at com.kms.katalon.core.main.TestCaseExecutor.execute(TestCaseExecutor.java:238)
	at com.kms.katalon.core.main.TestSuiteExecutor.accessTestCaseMainPhase(TestSuiteExecutor.java:129)
	at com.kms.katalon.core.main.TestSuiteExecutor.accessTestSuiteMainPhase(TestSuiteExecutor.java:112)
	at com.kms.katalon.core.main.TestSuiteExecutor.execute(TestSuiteExecutor.java:81)
	at com.kms.katalon.core.main.TestCaseMain.startTestSuite(TestCaseMain.java:157)
	at com.kms.katalon.core.main.TestCaseMain$startTestSuite$0.call(Unknown Source)
	at TempTestSuite1568376118016.run(TempTestSuite1568376118016.groovy:35)
Caused by: org.openqa.selenium.NoSuchWindowException: no such window: target window already closed
from unknown error: web view not found
  (Session info: chrome=76.0.3809.132)
Build info: version: '3.7.1', revision: '8a0099a', time: '2017-11-06T21:07:36.161Z'
System info: host: 'TESTER-PC', ip: '172.16.231.61', os.name: 'Windows 8.1', os.arch: 'amd64', os.version: '6.3', java.version: '1.8.0_181'
Driver info: com.kms.katalon.selenium.driver.CChromeDriver
Capabilities {acceptInsecureCerts: false, browserName: chrome, browserVersion: 76.0.3809.132, chrome: {chromedriverVersion: 76.0.3809.68 (420c9498db8ce..., userDataDir: C:\Users\user\AppData\Local...}, goog:chromeOptions: {debuggerAddress: localhost:57493}, javascriptEnabled: true, networkConnectionEnabled: false, pageLoadStrategy: normal, platform: XP, platformName: XP, proxy: Proxy(direct), setWindowRect: true, strictFileInteractability: false, timeouts: {implicit: 0, pageLoad: 300000, script: 30000}, unhandledPromptBehavior: dismiss and notify}
Session ID: 61e3e49722d5056d6ab0f38be1f59482
*** Element info: {Using=xpath, value= //*[@id="mm-0"]/div/div/questionnaire-root/app-questionnaire/div/div[1]/app-questionnaire-welcome/div/div/div[1]/button}
	at org.openqa.selenium.remote.http.W3CHttpResponseCodec.createException(W3CHttpResponseCodec.java:187)
	at org.openqa.selenium.remote.http.W3CHttpResponseCodec.decode(W3CHttpResponseCodec.java:122)
	at org.openqa.selenium.remote.http.W3CHttpResponseCodec.decode(W3CHttpResponseCodec.java:49)
	at org.openqa.selenium.remote.HttpCommandExecutor.execute(HttpCommandExecutor.java:164)
	at org.openqa.selenium.remote.service.DriverCommandExecutor.execute(DriverCommandExecutor.java:83)
	at org.openqa.selenium.remote.RemoteWebDriver.execute(RemoteWebDriver.java:600)
	at com.kms.katalon.selenium.driver.CChromeDriver.execute(CChromeDriver.java:20)
	at org.openqa.selenium.remote.RemoteWebDriver.findElements(RemoteWebDriver.java:397)
	at org.openqa.selenium.remote.RemoteWebDriver.findElementsByXPath(RemoteWebDriver.java:476)
	at org.openqa.selenium.By$ByXPath.findElements(By.java:356)
	at org.openqa.selenium.remote.RemoteWebDriver.findElements(RemoteWebDriver.java:358)
	at com.kms.katalon.core.webui.common.WebUiCommonHelper.findWebElements(WebUiCommonHelper.java:761)
	at com.kms.katalon.core.webui.common.WebUiCommonHelper.findWebElement(WebUiCommonHelper.java:1093)
	at com.kms.katalon.core.webui.keyword.internal.WebUIAbstractKeyword.findWebElement(WebUIAbstractKeyword.groovy:27)
	at com.kms.katalon.core.webui.keyword.internal.WebUIAbstractKeyword.findWebElement(WebUIAbstractKeyword.groovy:26)
	at com.kms.katalon.core.webui.keyword.builtin.ClickKeyword$_click_closure1.doCall(ClickKeyword.groovy:77)
	at com.kms.katalon.core.webui.keyword.builtin.ClickKeyword$_click_closure1.call(ClickKeyword.groovy)
	at com.kms.katalon.core.webui.keyword.internal.WebUIKeywordMain.runKeyword(WebUIKeywordMain.groovy:20)
	at com.kms.katalon.core.webui.keyword.builtin.ClickKeyword.click(ClickKeyword.groovy:86)
	at com.kms.katalon.core.webui.keyword.builtin.ClickKeyword.execute(ClickKeyword.groovy:67)
	at com.kms.katalon.core.keyword.internal.KeywordExecutor.executeKeywordForPlatform(KeywordExecutor.groovy:56)
	at com.kms.katalon.core.webui.keyword.WebUiBuiltInKeywords.click(WebUiBuiltInKeywords.groovy:616)
	at com.kms.katalon.core.webui.keyword.WebUiBuiltInKeywords$click$3.call(Unknown Source)
	at Script1564758359451.run(Script1564758359451.groovy:77)
	... 13 more]]></system-err>
   </testsuite>
</testsuites>
