<?xml version="1.0" encoding="UTF-8"?>
<testsuites name="EditOrderTestSuit" time="264" tests="1" failures="0" errors="0">
   <testsuite name="EditOrderTestSuit" tests="1" failures="0" errors="0" time="264" timestamp="2019-07-30 19:33:55" hostname="user - Tester-pc" id="Test Suites/EditOrderSuites/EditOrderTestSuit">
      <properties>
         <property name="deviceName" value=""/>
         <property name="devicePlatform" value=""/>
         <property name="logFolder" value="C:\\Users\\user\\Documents\\testautomation_new\\KatalonProjects\\Reports\\EditOrderSuites\\EditOrderTestSuit\\20190730_193347"/>
         <property name="logFiles" value="C:\\Users\\user\\Documents\\testautomation_new\\KatalonProjects\\Reports\\EditOrderSuites\\EditOrderTestSuit\\20190730_193347\\execution0.log"/>
         <property name="attachments" value=""/>
         <property name="hostName" value="user - Tester-pc"/>
         <property name="os" value="Windows 8.1 64bit"/>
         <property name="katalonVersion" value="6.1.1.1"/>
         <property name="browser" value="Chrome 75.0.3770.142"/>
         <property name="hostAddress" value="10.0.60.38"/>
         <property name="sessionId" value="d99d591e25a7ac090d63fdb50716c5a9"/>
         <property name="seleniumVersion" value="3.7.1"/>
         <property name="proxyInformation" value="ProxyInformation{proxyOption=NO_PROXY, proxyServerType=HTTP, password=, proxyServerAddress=, proxyServerPort=0}"/>
         <property name="platform" value="Windows 8.1"/>
      </properties>
      <testcase name="Test Cases/editOrder/rsEditOrderDonation" classname="Test Cases/editOrder/rsEditOrderDonation" status="PASSED">
         <system-out><![CDATA[2019-07-30 19:33:56 - [TEST_CASE][PASSED] - Test Cases/editOrder/rsEditOrderDonation: Test Cases/editOrder/rsEditOrderDonation

2019-07-30 19:33:56 - [TEST_STEP][PASSED] - Start listener action : sampleBeforeTestCase: null

2019-07-30 19:33:56 - [TEST_STEP][PASSED] - println(testCaseContext.getTestCaseId()): null

2019-07-30 19:33:56 - [TEST_STEP][PASSED] - println(testCaseContext.getTestCaseVariables()): null

2019-07-30 19:33:57 - [TEST_STEP][PASSED] - callTestCase(findTestCase("editOrder/retailOrderBO"), ["editScenarioNumber":4], STOP_ON_FAILURE): Call Test Case 'Test Cases/editOrder/retailOrderBO' successfully

2019-07-30 19:33:57 - [TEST_CASE][PASSED] - Test Cases/editOrder/retailOrderBO: Test Cases/editOrder/retailOrderBO

2019-07-30 19:33:58 - [TEST_STEP][PASSED] - openBrowser(""): Browser is opened with url: ''

2019-07-30 19:33:58 - [MESSAGE][INFO] - Starting 'Chrome' driver

2019-07-30 19:33:58 - [MESSAGE][INFO] - User set preference: ['args', '[--use-fake-ui-for-media-stream, --start-maximized]']

2019-07-30 19:33:59 - [MESSAGE][INFO] - Action delay is set to 0 seconds

2019-07-30 19:34:03 - [MESSAGE][PASSED] - Browser is opened with url: ''

2019-07-30 19:34:03 - [TEST_STEP][PASSED] - driver = getWebDriver(): null

2019-07-30 19:34:03 - [TEST_STEP][PASSED] - executor = driver: null

2019-07-30 19:34:03 - [TEST_STEP][PASSED] - callTestCase(findTestCase("TestCaseUtilities/backOfficeLogin"), ["BOURL":"", "BOuser":"", "BOpass":""], STOP_ON_FAILURE): Call Test Case 'Test Cases/TestCaseUtilities/backOfficeLogin' successfully

2019-07-30 19:34:04 - [TEST_CASE][PASSED] - Test Cases/TestCaseUtilities/backOfficeLogin: Test Cases/TestCaseUtilities/backOfficeLogin

2019-07-30 19:34:04 - [TEST_STEP][PASSED] - BOURL = findTestData("envtData").getValue("BOURL", 1): null

2019-07-30 19:34:06 - [TEST_STEP][PASSED] - BOuser = findTestData("credData").getValue("BOuser", 1): null

2019-07-30 19:34:06 - [TEST_STEP][PASSED] - BOpass = findTestData("credData").getValue("BOpass", 1): null

2019-07-30 19:34:06 - [TEST_STEP][PASSED] - navigateToUrl(BOURL): Navigate to 'https://test19.cliotest.com/backoffice/control/main' successfully

2019-07-30 19:34:15 - [MESSAGE][PASSED] - Navigate to 'https://test19.cliotest.com/backoffice/control/main' successfully

2019-07-30 19:34:15 - [TEST_STEP][PASSED] - logOut = findWebElements(findTestObject("Object Repository/Page_cabi Home/log_out"), 1): Unable to find the element located by 'By.xpath: //a[contains(text(),'Log Out')]'. Please recheck the objects properties to make sure the desired element is located. 

2019-07-30 19:34:17 - [MESSAGE][INFO] - Unable to find the element located by 'By.xpath: //a[contains(text(),'Log Out')]'. Please recheck the objects properties to make sure the desired element is located. 

2019-07-30 19:34:17 - [TEST_STEP][PASSED] - if (logOut.size() == 0): Object: 'Object Repository/Page_cabi/input_Welcome to_consultantLogin' is clicked on

2019-07-30 19:34:17 - [TEST_STEP][PASSED] - setText(findTestObject("Page_cabi/input_Welcome to_USERNAME"), BOuser): Text '400000002' is set on object 'Object Repository/Page_cabi/input_Welcome to_USERNAME'

2019-07-30 19:34:17 - [MESSAGE][PASSED] - Text '400000002' is set on object 'Object Repository/Page_cabi/input_Welcome to_USERNAME'

2019-07-30 19:34:17 - [TEST_STEP][PASSED] - setText(findTestObject("Object Repository/Page_cabi/input_Welcome to_PASSWORD"), BOpass): Text 'blackdress19' is set on object 'Object Repository/Page_cabi/input_Welcome to_PASSWORD'

2019-07-30 19:34:17 - [MESSAGE][PASSED] - Text 'blackdress19' is set on object 'Object Repository/Page_cabi/input_Welcome to_PASSWORD'

2019-07-30 19:34:17 - [TEST_STEP][PASSED] - click(findTestObject("Object Repository/Page_cabi/input_Welcome to_consultantLogin")): Object: 'Object Repository/Page_cabi/input_Welcome to_consultantLogin' is clicked on

2019-07-30 19:34:29 - [MESSAGE][PASSED] - Object: 'Object Repository/Page_cabi/input_Welcome to_consultantLogin' is clicked on

2019-07-30 19:34:29 - [TEST_STEP][PASSED] - delay(3): Delayed 3 second(s)

2019-07-30 19:34:32 - [MESSAGE][PASSED] - Delayed 3 second(s)

2019-07-30 19:34:32 - [MESSAGE][PASSED] - Call Test Case 'Test Cases/TestCaseUtilities/backOfficeLogin' successfully

2019-07-30 19:34:32 - [TEST_STEP][PASSED] - click(findTestObject("Object Repository/Page_cabi Home/a_Shows  Orders")): Object: 'Object Repository/Page_cabi Home/a_Shows  Orders' is clicked on

2019-07-30 19:34:32 - [MESSAGE][PASSED] - Object: 'Object Repository/Page_cabi Home/a_Shows  Orders' is clicked on

2019-07-30 19:34:32 - [TEST_STEP][PASSED] - delay(1): Delayed 1 second(s)

2019-07-30 19:34:33 - [MESSAGE][PASSED] - Delayed 1 second(s)

2019-07-30 19:34:33 - [TEST_STEP][PASSED] - rightClick(findTestObject("Page_cabi Home/a_Shows  Orders")): Object: 'Object Repository/Page_cabi Home/a_Shows  Orders' is right clicked on

2019-07-30 19:34:34 - [MESSAGE][PASSED] - Object: 'Object Repository/Page_cabi Home/a_Shows  Orders' is right clicked on

2019-07-30 19:34:34 - [TEST_STEP][PASSED] - click(findTestObject("Page_cabi Home/a_retail_purchases")): Object: 'Object Repository/Page_cabi Home/a_retail_purchases' is clicked on

2019-07-30 19:34:39 - [MESSAGE][PASSED] - Object: 'Object Repository/Page_cabi Home/a_retail_purchases' is clicked on

2019-07-30 19:34:39 - [TEST_STEP][PASSED] - delay(3): Delayed 3 second(s)

2019-07-30 19:34:42 - [MESSAGE][PASSED] - Delayed 3 second(s)

2019-07-30 19:34:42 - [TEST_STEP][PASSED] - click(findTestObject("Object Repository/Page_cabi Home/existingCustomer")): Object: 'Object Repository/Page_cabi Home/existingCustomer' is clicked on

2019-07-30 19:34:42 - [MESSAGE][PASSED] - Object: 'Object Repository/Page_cabi Home/existingCustomer' is clicked on

2019-07-30 19:34:42 - [TEST_STEP][PASSED] - contactNumber = 10: null

2019-07-30 19:34:42 - [TEST_STEP][PASSED] - firstName = findTestData("contactData").getValue("firstName", contactNumber): null

2019-07-30 19:34:42 - [TEST_STEP][PASSED] - lastName = findTestData("contactData").getValue("lastName", contactNumber): null

2019-07-30 19:34:42 - [TEST_STEP][PASSED] - email = findTestData("contactData").getValue("email", contactNumber): null

2019-07-30 19:34:42 - [TEST_STEP][PASSED] - address1 = findTestData("contactData").getValue("address1", contactNumber): null

2019-07-30 19:34:42 - [TEST_STEP][PASSED] - city = findTestData("contactData").getValue("city", contactNumber): null

2019-07-30 19:34:42 - [TEST_STEP][PASSED] - state = findTestData("contactData").getValue("state", contactNumber): null

2019-07-30 19:34:43 - [TEST_STEP][PASSED] - zip = findTestData("contactData").getValue("zip", contactNumber): null

2019-07-30 19:34:43 - [TEST_STEP][PASSED] - existingCustFName = firstName: null

2019-07-30 19:34:43 - [TEST_STEP][PASSED] - existingCustLName = lastName: null

2019-07-30 19:34:43 - [TEST_STEP][PASSED] - space = " ": null

2019-07-30 19:34:43 - [TEST_STEP][PASSED] - existingCust = $existingCustFName$space$existingCustLName: null

2019-07-30 19:34:43 - [TEST_STEP][PASSED] - setText(findTestObject("Object Repository/Page_cabi Home/input_existing_guest"), existingCust): Text 'sushantguest1 abc' is set on object 'Object Repository/Page_cabi Home/input_existing_guest'

2019-07-30 19:34:43 - [MESSAGE][PASSED] - Text 'sushantguest1 abc' is set on object 'Object Repository/Page_cabi Home/input_existing_guest'

2019-07-30 19:34:43 - [TEST_STEP][PASSED] - delay(3): Delayed 3 second(s)

2019-07-30 19:34:46 - [MESSAGE][PASSED] - Delayed 3 second(s)

2019-07-30 19:34:46 - [TEST_STEP][PASSED] - rightClick(findTestObject("Object Repository/Page_cabi Home/input_existing_guest")): Object: 'Object Repository/Page_cabi Home/input_existing_guest' is right clicked on

2019-07-30 19:34:46 - [MESSAGE][PASSED] - Object: 'Object Repository/Page_cabi Home/input_existing_guest' is right clicked on

2019-07-30 19:34:46 - [TEST_STEP][PASSED] - rightClick(findTestObject("Object Repository/Page_cabi Home/input_existing_guest")): Object: 'Object Repository/Page_cabi Home/input_existing_guest' is right clicked on

2019-07-30 19:34:46 - [MESSAGE][PASSED] - Object: 'Object Repository/Page_cabi Home/input_existing_guest' is right clicked on

2019-07-30 19:34:46 - [TEST_STEP][PASSED] - click(findTestObject("Object Repository/Page_cabi Create Show - Set Hostess/a_select_customer")): Object: 'Object Repository/Page_cabi Create Show - Set Hostess/a_select_customer' is clicked on

2019-07-30 19:34:47 - [MESSAGE][PASSED] - Object: 'Object Repository/Page_cabi Create Show - Set Hostess/a_select_customer' is clicked on

2019-07-30 19:34:47 - [TEST_STEP][PASSED] - setText(findTestObject("Object Repository/Page_cabi Home/input_existing_guest"), existingCust): Text 'sushantguest1 abc' is set on object 'Object Repository/Page_cabi Home/input_existing_guest'

2019-07-30 19:34:48 - [MESSAGE][PASSED] - Text 'sushantguest1 abc' is set on object 'Object Repository/Page_cabi Home/input_existing_guest'

2019-07-30 19:34:48 - [TEST_STEP][PASSED] - setText(findTestObject("Object Repository/Page_cabi Retail Store/input_email"), email): Text 'sushantguest1@test.com' is set on object 'Object Repository/Page_cabi Retail Store/input_email'

2019-07-30 19:34:48 - [MESSAGE][PASSED] - Text 'sushantguest1@test.com' is set on object 'Object Repository/Page_cabi Retail Store/input_email'

2019-07-30 19:34:48 - [TEST_STEP][PASSED] - setText(findTestObject("Object Repository/Page_cabi Edit Customer Profile/input_Address1_address1"), address1): Text '972 BRAHMS CT' is set on object 'Object Repository/Page_cabi Edit Customer Profile/input_Address1_address1'

2019-07-30 19:34:49 - [MESSAGE][PASSED] - Text '972 BRAHMS CT' is set on object 'Object Repository/Page_cabi Edit Customer Profile/input_Address1_address1'

2019-07-30 19:34:49 - [TEST_STEP][PASSED] - setText(findTestObject("Object Repository/Page_cabi Edit Customer Profile/input_Address2_address2"), ""): Text '' is set on object 'Object Repository/Page_cabi Edit Customer Profile/input_Address2_address2'

2019-07-30 19:34:49 - [MESSAGE][PASSED] - Text '' is set on object 'Object Repository/Page_cabi Edit Customer Profile/input_Address2_address2'

2019-07-30 19:34:49 - [TEST_STEP][PASSED] - setText(findTestObject("Object Repository/Page_cabi Edit Customer Profile/input_City_city"), city): Text 'TROY' is set on object 'Object Repository/Page_cabi Edit Customer Profile/input_City_city'

2019-07-30 19:34:49 - [MESSAGE][PASSED] - Text 'TROY' is set on object 'Object Repository/Page_cabi Edit Customer Profile/input_City_city'

2019-07-30 19:34:49 - [TEST_STEP][PASSED] - click(findTestObject("Page_cabi Edit Customer Profile/span_select_a_state")): Object: 'Object Repository/Page_cabi Edit Customer Profile/span_select_a_state' is clicked on

2019-07-30 19:34:49 - [MESSAGE][PASSED] - Object: 'Object Repository/Page_cabi Edit Customer Profile/span_select_a_state' is clicked on

2019-07-30 19:34:49 - [TEST_STEP][PASSED] - delay(1): Delayed 1 second(s)

2019-07-30 19:34:51 - [MESSAGE][PASSED] - Delayed 1 second(s)

2019-07-30 19:34:51 - [TEST_STEP][PASSED] - setText(findTestObject("Object Repository/Page_cabi Edit Customer Profile/input_state_1"), state): Text 'Michigan' is set on object 'Object Repository/Page_cabi Edit Customer Profile/input_state_1'

2019-07-30 19:34:51 - [MESSAGE][PASSED] - Text 'Michigan' is set on object 'Object Repository/Page_cabi Edit Customer Profile/input_state_1'

2019-07-30 19:34:51 - [TEST_STEP][PASSED] - delay(2): Delayed 2 second(s)

2019-07-30 19:34:53 - [MESSAGE][PASSED] - Delayed 2 second(s)

2019-07-30 19:34:53 - [TEST_STEP][PASSED] - click(findTestObject("Page_cabi Edit Customer Profile/span_state")): Object: 'Object Repository/Page_cabi Edit Customer Profile/span_state' is clicked on

2019-07-30 19:34:53 - [MESSAGE][PASSED] - Object: 'Object Repository/Page_cabi Edit Customer Profile/span_state' is clicked on

2019-07-30 19:34:53 - [TEST_STEP][PASSED] - setText(findTestObject("Page_cabi Edit Customer Profile/input_state_postalCode"), zip): Text '48085' is set on object 'Object Repository/Page_cabi Edit Customer Profile/input_state_postalCode'

2019-07-30 19:34:54 - [MESSAGE][PASSED] - Text '48085' is set on object 'Object Repository/Page_cabi Edit Customer Profile/input_state_postalCode'

2019-07-30 19:34:54 - [TEST_STEP][PASSED] - delay(5): Delayed 5 second(s)

2019-07-30 19:34:59 - [MESSAGE][PASSED] - Delayed 5 second(s)

2019-07-30 19:34:59 - [TEST_STEP][PASSED] - check(findTestObject("Object Repository/Page_cabi Home/a_same_shipping_address")): Object 'Object Repository/Page_cabi Home/a_same_shipping_address' is checked

2019-07-30 19:34:59 - [MESSAGE][PASSED] - Object 'Object Repository/Page_cabi Home/a_same_shipping_address' is checked

2019-07-30 19:34:59 - [TEST_STEP][PASSED] - delay(5): Delayed 5 second(s)

2019-07-30 19:35:04 - [MESSAGE][PASSED] - Delayed 5 second(s)

2019-07-30 19:35:04 - [TEST_STEP][PASSED] - check(findTestObject("Object Repository/Page_cabi Home/a_same_shipping_address")): Object 'Object Repository/Page_cabi Home/a_same_shipping_address' is checked

2019-07-30 19:35:04 - [MESSAGE][PASSED] - Object 'Object Repository/Page_cabi Home/a_same_shipping_address' is checked

2019-07-30 19:35:04 - [TEST_STEP][PASSED] - delay(5): Delayed 5 second(s)

2019-07-30 19:35:09 - [MESSAGE][PASSED] - Delayed 5 second(s)

2019-07-30 19:35:09 - [TEST_STEP][PASSED] - nextButton = driver.findElement(By.xpath("//li/a/span[@id='returnToActionLabel']")): null

2019-07-30 19:35:10 - [TEST_STEP][PASSED] - executor.executeScript("arguments[0].click();", nextButton): null

2019-07-30 19:35:10 - [TEST_STEP][PASSED] - delay(3): Delayed 3 second(s)

2019-07-30 19:35:13 - [MESSAGE][PASSED] - Delayed 3 second(s)

2019-07-30 19:35:13 - [TEST_STEP][PASSED] - click(findTestObject("Object Repository/Page_cabi Retail Store/span_quick_entry")): Object: 'Object Repository/Page_cabi Retail Store/span_quick_entry' is clicked on

2019-07-30 19:35:25 - [MESSAGE][PASSED] - Object: 'Object Repository/Page_cabi Retail Store/span_quick_entry' is clicked on

2019-07-30 19:35:25 - [TEST_STEP][PASSED] - delay(3): Delayed 3 second(s)

2019-07-30 19:35:28 - [MESSAGE][PASSED] - Delayed 3 second(s)

2019-07-30 19:35:28 - [TEST_STEP][PASSED] - emptyCart = findWebElements(findTestObject("Object Repository/Page_cabi Personal Store/removeFromCart"), 5): Unable to find the element located by 'By.xpath: //*[@id="removeFromCart_0"]/span'. Please recheck the objects properties to make sure the desired element is located. 

2019-07-30 19:35:33 - [MESSAGE][INFO] - Unable to find the element located by 'By.xpath: //*[@id="removeFromCart_0"]/span'. Please recheck the objects properties to make sure the desired element is located. 

2019-07-30 19:35:33 - [TEST_STEP][PASSED] - if (emptyCart.size() > 0): null

2019-07-30 19:35:33 - [TEST_STEP][PASSED] - addOnStyle = findTestData("miscData").getValue("addOnStyle", 1): null

2019-07-30 19:35:33 - [TEST_STEP][PASSED] - addOnStyle2 = findTestData("miscData").getValue("addOnStyle", 2): null

2019-07-30 19:35:33 - [TEST_STEP][PASSED] - click(findTestObject("Object Repository/Page_cabi Create Order/input_Manual Discount_stylelookup_0")): Object: 'Object Repository/Page_cabi Create Order/input_Manual Discount_stylelookup_0' is clicked on

2019-07-30 19:35:34 - [MESSAGE][PASSED] - Object: 'Object Repository/Page_cabi Create Order/input_Manual Discount_stylelookup_0' is clicked on

2019-07-30 19:35:34 - [TEST_STEP][PASSED] - setText(findTestObject("Object Repository/Page_cabi Create Order/input_Manual Discount_stylelookup_0"), addOnStyle): Text '3701' is set on object 'Object Repository/Page_cabi Create Order/input_Manual Discount_stylelookup_0'

2019-07-30 19:35:34 - [MESSAGE][PASSED] - Text '3701' is set on object 'Object Repository/Page_cabi Create Order/input_Manual Discount_stylelookup_0'

2019-07-30 19:35:34 - [TEST_STEP][PASSED] - delay(3): Delayed 3 second(s)

2019-07-30 19:35:37 - [MESSAGE][PASSED] - Delayed 3 second(s)

2019-07-30 19:35:37 - [TEST_STEP][PASSED] - prod_message = getText(findTestObject("Page_cabi Create Order/first_option")): Text of object 'Object Repository/Page_cabi Create Order/first_option' is: '3701 Shetland Sweater'

2019-07-30 19:35:37 - [MESSAGE][PASSED] - Text of object 'Object Repository/Page_cabi Create Order/first_option' is: '3701 Shetland Sweater'

2019-07-30 19:35:37 - [TEST_STEP][PASSED] - click(findTestObject("Page_cabi Create Order/first_option")): Object: 'Object Repository/Page_cabi Create Order/first_option' is clicked on

2019-07-30 19:35:37 - [MESSAGE][PASSED] - Object: 'Object Repository/Page_cabi Create Order/first_option' is clicked on

2019-07-30 19:35:37 - [TEST_STEP][PASSED] - delay(5): Delayed 5 second(s)

2019-07-30 19:35:42 - [MESSAGE][PASSED] - Delayed 5 second(s)

2019-07-30 19:35:42 - [TEST_STEP][PASSED] - click(findTestObject("Object Repository/Page_cabi Order Items/selectSize")): Object: 'Object Repository/Page_cabi Order Items/selectSize' is clicked on

2019-07-30 19:35:42 - [MESSAGE][PASSED] - Object: 'Object Repository/Page_cabi Order Items/selectSize' is clicked on

2019-07-30 19:35:42 - [TEST_STEP][PASSED] - click(findTestObject("Object Repository/Page_cabi Order Items/span_Add to Cart")): Object: 'Object Repository/Page_cabi Order Items/span_Add to Cart' is clicked on

2019-07-30 19:35:43 - [MESSAGE][PASSED] - Object: 'Object Repository/Page_cabi Order Items/span_Add to Cart' is clicked on

2019-07-30 19:35:43 - [TEST_STEP][PASSED] - delay(5): Delayed 5 second(s)

2019-07-30 19:35:48 - [MESSAGE][PASSED] - Delayed 5 second(s)

2019-07-30 19:35:48 - [TEST_STEP][PASSED] - click(findTestObject("Object Repository/Page_cabi Create Order/inputStyleLookup1")): Object: 'Object Repository/Page_cabi Create Order/inputStyleLookup1' is clicked on

2019-07-30 19:35:48 - [MESSAGE][PASSED] - Object: 'Object Repository/Page_cabi Create Order/inputStyleLookup1' is clicked on

2019-07-30 19:35:48 - [TEST_STEP][PASSED] - setText(findTestObject("Object Repository/Page_cabi Create Order/inputStyleLookup1"), addOnStyle2): Text '3702' is set on object 'Object Repository/Page_cabi Create Order/inputStyleLookup1'

2019-07-30 19:35:48 - [MESSAGE][PASSED] - Text '3702' is set on object 'Object Repository/Page_cabi Create Order/inputStyleLookup1'

2019-07-30 19:35:48 - [TEST_STEP][PASSED] - delay(3): Delayed 3 second(s)

2019-07-30 19:35:51 - [MESSAGE][PASSED] - Delayed 3 second(s)

2019-07-30 19:35:51 - [TEST_STEP][PASSED] - prod_message2 = getText(findTestObject("Page_cabi Create Order/first_option")): Text of object 'Object Repository/Page_cabi Create Order/first_option' is: '3702 Repose Cape'

2019-07-30 19:35:51 - [MESSAGE][PASSED] - Text of object 'Object Repository/Page_cabi Create Order/first_option' is: '3702 Repose Cape'

2019-07-30 19:35:51 - [TEST_STEP][PASSED] - click(findTestObject("Page_cabi Create Order/first_option")): Object: 'Object Repository/Page_cabi Create Order/first_option' is clicked on

2019-07-30 19:35:51 - [MESSAGE][PASSED] - Object: 'Object Repository/Page_cabi Create Order/first_option' is clicked on

2019-07-30 19:35:51 - [TEST_STEP][PASSED] - delay(5): Delayed 5 second(s)

2019-07-30 19:35:56 - [MESSAGE][PASSED] - Delayed 5 second(s)

2019-07-30 19:35:56 - [TEST_STEP][PASSED] - click(findTestObject("Object Repository/Page_cabi Order Items/selectSize2")): Object: 'Object Repository/Page_cabi Order Items/selectSize2' is clicked on

2019-07-30 19:35:57 - [MESSAGE][PASSED] - Object: 'Object Repository/Page_cabi Order Items/selectSize2' is clicked on

2019-07-30 19:35:57 - [TEST_STEP][PASSED] - click(findTestObject("Object Repository/Page_cabi Order Items/addToCart2")): Object: 'Object Repository/Page_cabi Order Items/addToCart2' is clicked on

2019-07-30 19:35:57 - [MESSAGE][PASSED] - Object: 'Object Repository/Page_cabi Order Items/addToCart2' is clicked on

2019-07-30 19:35:57 - [TEST_STEP][PASSED] - delay(5): Delayed 5 second(s)

2019-07-30 19:36:02 - [MESSAGE][PASSED] - Delayed 5 second(s)

2019-07-30 19:36:02 - [TEST_STEP][PASSED] - if (editScenarioNumber == 1): null

2019-07-30 19:36:02 - [TEST_STEP][PASSED] - else if (editScenarioNumber == 2): null

2019-07-30 19:36:02 - [TEST_STEP][PASSED] - else if (editScenarioNumber == 3): null

2019-07-30 19:36:02 - [TEST_STEP][PASSED] - else if (editScenarioNumber == 4): Object: 'Object Repository/Page_cabi Order Items/span_add_to_cart' is clicked on

2019-07-30 19:36:02 - [TEST_STEP][PASSED] - println("scen = 4"): null

2019-07-30 19:36:02 - [TEST_STEP][PASSED] - click(findTestObject("Object Repository/Page_cabi Retail Store/span_donation")): Object: 'Object Repository/Page_cabi Retail Store/span_donation' is clicked on

2019-07-30 19:36:02 - [MESSAGE][PASSED] - Object: 'Object Repository/Page_cabi Retail Store/span_donation' is clicked on

2019-07-30 19:36:02 - [TEST_STEP][PASSED] - delay(5): Delayed 5 second(s)

2019-07-30 19:36:07 - [MESSAGE][PASSED] - Delayed 5 second(s)

2019-07-30 19:36:07 - [TEST_STEP][PASSED] - click(findTestObject("Object Repository/Page_cabi Order Items/select_donation_amount")): Object: 'Object Repository/Page_cabi Order Items/select_donation_amount' is clicked on

2019-07-30 19:36:07 - [MESSAGE][PASSED] - Object: 'Object Repository/Page_cabi Order Items/select_donation_amount' is clicked on

2019-07-30 19:36:07 - [TEST_STEP][PASSED] - click(findTestObject("Object Repository/Page_cabi Order Items/span_add_to_cart")): Object: 'Object Repository/Page_cabi Order Items/span_add_to_cart' is clicked on

2019-07-30 19:36:08 - [MESSAGE][PASSED] - Object: 'Object Repository/Page_cabi Order Items/span_add_to_cart' is clicked on

2019-07-30 19:36:08 - [TEST_STEP][PASSED] - click(findTestObject("Object Repository/Page_cabi Order Items/a_checkout")): Object: 'Object Repository/Page_cabi Order Items/a_checkout' is clicked on

2019-07-30 19:36:08 - [MESSAGE][PASSED] - Object: 'Object Repository/Page_cabi Order Items/a_checkout' is clicked on

2019-07-30 19:36:08 - [TEST_STEP][PASSED] - delay(3): Delayed 3 second(s)

2019-07-30 19:36:11 - [MESSAGE][PASSED] - Delayed 3 second(s)

2019-07-30 19:36:11 - [TEST_STEP][PASSED] - click(findTestObject("Page_cabi Personal Store/nextButtonShipping")): Object: 'Object Repository/Page_cabi Personal Store/nextButtonShipping' is clicked on

2019-07-30 19:36:11 - [MESSAGE][PASSED] - Object: 'Object Repository/Page_cabi Personal Store/nextButtonShipping' is clicked on

2019-07-30 19:36:11 - [TEST_STEP][PASSED] - delay(3): Delayed 3 second(s)

2019-07-30 19:36:14 - [MESSAGE][PASSED] - Delayed 3 second(s)

2019-07-30 19:36:14 - [TEST_STEP][PASSED] - click(findTestObject("Page_cabi Personal Store/makeFirstPayment")): Object: 'Object Repository/Page_cabi Personal Store/makeFirstPayment' is clicked on

2019-07-30 19:36:14 - [MESSAGE][PASSED] - Object: 'Object Repository/Page_cabi Personal Store/makeFirstPayment' is clicked on

2019-07-30 19:36:14 - [TEST_STEP][PASSED] - click(findTestObject("Object Repository/Page_cabi Personal Store/select_cash")): Object: 'Object Repository/Page_cabi Personal Store/select_cash' is clicked on

2019-07-30 19:36:15 - [MESSAGE][PASSED] - Object: 'Object Repository/Page_cabi Personal Store/select_cash' is clicked on

2019-07-30 19:36:15 - [TEST_STEP][PASSED] - click(findTestObject("Page_cabi Personal Store/submitPayment")): Object: 'Object Repository/Page_cabi Personal Store/submitPayment' is clicked on

2019-07-30 19:36:15 - [MESSAGE][PASSED] - Object: 'Object Repository/Page_cabi Personal Store/submitPayment' is clicked on

2019-07-30 19:36:15 - [TEST_STEP][PASSED] - click(findTestObject("Page_cabi Personal Store/submitOrderId")): Object: 'Object Repository/Page_cabi Personal Store/submitOrderId' is clicked on

2019-07-30 19:36:19 - [MESSAGE][PASSED] - Object: 'Object Repository/Page_cabi Personal Store/submitOrderId' is clicked on

2019-07-30 19:36:19 - [TEST_STEP][PASSED] - successMsg = "": null

2019-07-30 19:36:19 - [TEST_STEP][PASSED] - orderSuccess = false: null

2019-07-30 19:36:19 - [TEST_STEP][PASSED] - successMsgs = findWebElements(findTestObject("Object Repository/Page_cabi Personal Store/p_success_msg"), 5): null

2019-07-30 19:36:20 - [TEST_STEP][PASSED] - if (successMsgs.size() > 0): Text of object 'Object Repository/Page_cabi Personal Store/p_order_id' is: 'RT708089802'

2019-07-30 19:36:20 - [TEST_STEP][PASSED] - successMsg = getText(findTestObject("Object Repository/Page_cabi Personal Store/p_success_msg")): Text of object 'Object Repository/Page_cabi Personal Store/p_success_msg' is: 'Order Created Successfully!!
Order #:  RT708089802

CONTINUE SHOPPING'

2019-07-30 19:36:20 - [MESSAGE][PASSED] - Text of object 'Object Repository/Page_cabi Personal Store/p_success_msg' is: 'Order Created Successfully!!
Order #:  RT708089802

CONTINUE SHOPPING'

2019-07-30 19:36:20 - [TEST_STEP][PASSED] - orderSuccess = true: null

2019-07-30 19:36:20 - [TEST_STEP][PASSED] - retailOrderID = getText(findTestObject("Object Repository/Page_cabi Personal Store/p_order_id")): Text of object 'Object Repository/Page_cabi Personal Store/p_order_id' is: 'RT708089802'

2019-07-30 19:36:20 - [MESSAGE][PASSED] - Text of object 'Object Repository/Page_cabi Personal Store/p_order_id' is: 'RT708089802'

2019-07-30 19:36:21 - [TEST_STEP][PASSED] - assert orderSuccess == true: null

2019-07-30 19:36:21 - [TEST_STEP][NOT_RUN] - closeBrowser(): NOT_RUN: closeBrowser()

2019-07-30 19:36:21 - [MESSAGE][NOT_RUN] - NOT_RUN: closeBrowser()

2019-07-30 19:36:21 - [MESSAGE][PASSED] - Call Test Case 'Test Cases/editOrder/retailOrderBO' successfully

2019-07-30 19:36:21 - [TEST_STEP][PASSED] - delay(10): Delayed 10 second(s)

2019-07-30 19:36:31 - [MESSAGE][PASSED] - Delayed 10 second(s)

2019-07-30 19:36:31 - [TEST_STEP][PASSED] - callTestCase(findTestCase("TestCaseUtilities/setVHost"), [:], STOP_ON_FAILURE): Call Test Case 'Test Cases/TestCaseUtilities/setVHost' successfully

2019-07-30 19:36:31 - [TEST_CASE][PASSED] - Test Cases/TestCaseUtilities/setVHost: Test Cases/TestCaseUtilities/setVHost

2019-07-30 19:36:32 - [TEST_STEP][PASSED] - ofbizURL = findTestData("envtData").getValue("ofbizURL", 1): null

2019-07-30 19:36:32 - [TEST_STEP][PASSED] - ofbizUser = findTestData("credData").getValue("ofbizuser", 1): null

2019-07-30 19:36:32 - [TEST_STEP][PASSED] - ofbizPass = findTestData("credData").getValue("ofbizpass", 1): null

2019-07-30 19:36:32 - [TEST_STEP][PASSED] - vhostTarget = findTestData("envtData").getValue("vhostTarget", 1): null

2019-07-30 19:36:32 - [TEST_STEP][PASSED] - navigateToUrl(ofbizURL): Navigate to 'https://pushofbiz.cliotest.com/login.php' successfully

2019-07-30 19:36:34 - [MESSAGE][PASSED] - Navigate to 'https://pushofbiz.cliotest.com/login.php' successfully

2019-07-30 19:36:34 - [TEST_STEP][PASSED] - setText(findTestObject("Object Repository/virualShowRSVPOR/Page_/input_Username_username"), ofbizUser): Text 'automation' is set on object 'Object Repository/virualShowRSVPOR/Page_/input_Username_username'

2019-07-30 19:36:34 - [MESSAGE][PASSED] - Text 'automation' is set on object 'Object Repository/virualShowRSVPOR/Page_/input_Username_username'

2019-07-30 19:36:34 - [TEST_STEP][PASSED] - setText(findTestObject("Object Repository/virualShowRSVPOR/Page_/input_Password_password"), ofbizPass): Text 'cabiautomation' is set on object 'Object Repository/virualShowRSVPOR/Page_/input_Password_password'

2019-07-30 19:36:35 - [MESSAGE][PASSED] - Text 'cabiautomation' is set on object 'Object Repository/virualShowRSVPOR/Page_/input_Password_password'

2019-07-30 19:36:35 - [TEST_STEP][PASSED] - click(findTestObject("Object Repository/virualShowRSVPOR/Page_/input_Password_Submit")): Object: 'Object Repository/virualShowRSVPOR/Page_/input_Password_Submit' is clicked on

2019-07-30 19:36:39 - [MESSAGE][PASSED] - Object: 'Object Repository/virualShowRSVPOR/Page_/input_Password_Submit' is clicked on

2019-07-30 19:36:39 - [TEST_STEP][PASSED] - click(findTestObject("Object Repository/virualShowRSVPOR/Page_/a_Set Vhost")): Object: 'Object Repository/virualShowRSVPOR/Page_/a_Set Vhost' is clicked on

2019-07-30 19:36:39 - [MESSAGE][PASSED] - Object: 'Object Repository/virualShowRSVPOR/Page_/a_Set Vhost' is clicked on

2019-07-30 19:36:39 - [TEST_STEP][PASSED] - click(UtilityMethods.createTestObject("select_target", "//select[@name='Target']/option[contains(text(), '", vhostTarget, "')]")): Object: 'select_target' is clicked on

2019-07-30 19:36:39 - [MESSAGE][PASSED] - Object: 'select_target' is clicked on

2019-07-30 19:36:39 - [TEST_STEP][PASSED] - click(findTestObject("Object Repository/virualShowRSVPOR/Page_/input")): Object: 'Object Repository/virualShowRSVPOR/Page_/input' is clicked on

2019-07-30 19:36:42 - [MESSAGE][PASSED] - Object: 'Object Repository/virualShowRSVPOR/Page_/input' is clicked on

2019-07-30 19:36:42 - [MESSAGE][PASSED] - Call Test Case 'Test Cases/TestCaseUtilities/setVHost' successfully

2019-07-30 19:36:42 - [TEST_STEP][PASSED] - callTestCase(findTestCase("TestCaseUtilities/rsLogin"), ["RSURL":"", "RSuser":"", "RSpass":""], STOP_ON_FAILURE): Call Test Case 'Test Cases/TestCaseUtilities/rsLogin' successfully

2019-07-30 19:36:42 - [TEST_CASE][PASSED] - Test Cases/TestCaseUtilities/rsLogin: Test Cases/TestCaseUtilities/rsLogin

2019-07-30 19:36:43 - [TEST_STEP][PASSED] - RSURL = findTestData("envtData").getValue("RSURL", 1): null

2019-07-30 19:36:43 - [TEST_STEP][PASSED] - RSuser = findTestData("credData").getValue("RSuser", 1): null

2019-07-30 19:36:43 - [TEST_STEP][PASSED] - RSpass = findTestData("credData").getValue("RSpass", 1): null

2019-07-30 19:36:43 - [TEST_STEP][PASSED] - BSURL = findTestData("envtData").getValue("BSURL", 1): null

2019-07-30 19:36:43 - [TEST_STEP][PASSED] - navigateToUrl(RSURL): Navigate to 'https://mirandakate.cabitest5.com' successfully

2019-07-30 19:37:11 - [MESSAGE][PASSED] - Navigate to 'https://mirandakate.cabitest5.com' successfully

2019-07-30 19:37:11 - [TEST_STEP][PASSED] - click(findTestObject("ReplicatedSite/rs_Page_Trendy/i_user_login")): Object: 'Object Repository/ReplicatedSite/rs_Page_Trendy/i_user_login' is clicked on

2019-07-30 19:37:12 - [MESSAGE][PASSED] - Object: 'Object Repository/ReplicatedSite/rs_Page_Trendy/i_user_login' is clicked on

2019-07-30 19:37:12 - [TEST_STEP][PASSED] - setText(findTestObject("ReplicatedSite/rs_Page_Trendy/input_Sign in  Create account_email"), RSuser): Text 'sushantguest1@test.com' is set on object 'Object Repository/ReplicatedSite/rs_Page_Trendy/input_Sign in  Create account_email'

2019-07-30 19:37:14 - [MESSAGE][PASSED] - Text 'sushantguest1@test.com' is set on object 'Object Repository/ReplicatedSite/rs_Page_Trendy/input_Sign in  Create account_email'

2019-07-30 19:37:14 - [TEST_STEP][PASSED] - click(findTestObject("ReplicatedSite/rs_Page_Trendy/button_Continue")): Object: 'Object Repository/ReplicatedSite/rs_Page_Trendy/button_Continue' is clicked on

2019-07-30 19:37:14 - [MESSAGE][PASSED] - Object: 'Object Repository/ReplicatedSite/rs_Page_Trendy/button_Continue' is clicked on

2019-07-30 19:37:14 - [TEST_STEP][PASSED] - setText(findTestObject("ReplicatedSite/rs_Page_Trendy/input_Welcome_password"), RSpass): Text 'blackdress19' is set on object 'Object Repository/ReplicatedSite/rs_Page_Trendy/input_Welcome_password'

2019-07-30 19:37:16 - [MESSAGE][PASSED] - Text 'blackdress19' is set on object 'Object Repository/ReplicatedSite/rs_Page_Trendy/input_Welcome_password'

2019-07-30 19:37:16 - [TEST_STEP][PASSED] - click(findTestObject("ReplicatedSite/rs_Page_Trendy/button_Continue")): Object: 'Object Repository/ReplicatedSite/rs_Page_Trendy/button_Continue' is clicked on

2019-07-30 19:37:16 - [MESSAGE][PASSED] - Object: 'Object Repository/ReplicatedSite/rs_Page_Trendy/button_Continue' is clicked on

2019-07-30 19:37:16 - [TEST_STEP][PASSED] - completeProfileLater = findWebElements(findTestObject("ReplicatedSite/rs_Page_Trendy/completeProfileLater"), 5): null

2019-07-30 19:37:18 - [TEST_STEP][PASSED] - if (completeProfileLater.size() > 0): Object: 'Object Repository/ReplicatedSite/rs_Page_Trendy/completeProfileLater' is clicked on

2019-07-30 19:37:18 - [TEST_STEP][PASSED] - click(findTestObject("ReplicatedSite/rs_Page_Trendy/completeProfileLater")): Object: 'Object Repository/ReplicatedSite/rs_Page_Trendy/completeProfileLater' is clicked on

2019-07-30 19:37:34 - [MESSAGE][PASSED] - Object: 'Object Repository/ReplicatedSite/rs_Page_Trendy/completeProfileLater' is clicked on

2019-07-30 19:37:34 - [TEST_STEP][PASSED] - if (getUrl() == BSURL): Current window's url is: 'https://mirandakate.cabitest5.com/'

2019-07-30 19:37:34 - [MESSAGE][PASSED] - Current window's url is: 'https://mirandakate.cabitest5.com/'

2019-07-30 19:37:34 - [MESSAGE][PASSED] - Call Test Case 'Test Cases/TestCaseUtilities/rsLogin' successfully

2019-07-30 19:37:34 - [TEST_STEP][PASSED] - callTestCase(findTestCase("editOrder/rsOrderHistoryConfirm"), ["orderID":"", "editScenarioNumber":4], STOP_ON_FAILURE): Call Test Case 'Test Cases/editOrder/rsOrderHistoryConfirm' successfully

2019-07-30 19:37:34 - [TEST_CASE][PASSED] - Test Cases/editOrder/rsOrderHistoryConfirm: Test Cases/editOrder/rsOrderHistoryConfirm

2019-07-30 19:37:35 - [TEST_STEP][PASSED] - orderID = retailOrderID: null

2019-07-30 19:37:35 - [TEST_STEP][PASSED] - println(orderID): null

2019-07-30 19:37:35 - [TEST_STEP][PASSED] - xpath = UtilityMethods.concat("//span[contains(text(), '", orderID, "')]/parent::div/parent::div/div[@class='table-row-edit-order']//a"): null

2019-07-30 19:37:35 - [TEST_STEP][PASSED] - to = new com.kms.katalon.core.testobject.TestObject(a_link_dynamic): null

2019-07-30 19:37:35 - [TEST_STEP][PASSED] - to.addProperty("xpath", EQUALS, xpath): null

2019-07-30 19:37:35 - [TEST_STEP][PASSED] - click(findTestObject("ReplicatedSite/rs_Page_Trendy/i_Michigan_fa fa-caret-down")): Object: 'Object Repository/ReplicatedSite/rs_Page_Trendy/i_Michigan_fa fa-caret-down' is clicked on

2019-07-30 19:37:35 - [MESSAGE][PASSED] - Object: 'Object Repository/ReplicatedSite/rs_Page_Trendy/i_Michigan_fa fa-caret-down' is clicked on

2019-07-30 19:37:35 - [TEST_STEP][PASSED] - click(findTestObject("ReplicatedSite/rs_Page_Trendy/a_My Profile")): Object: 'Object Repository/ReplicatedSite/rs_Page_Trendy/a_My Profile' is clicked on

2019-07-30 19:37:50 - [MESSAGE][PASSED] - Object: 'Object Repository/ReplicatedSite/rs_Page_Trendy/a_My Profile' is clicked on

2019-07-30 19:37:50 - [TEST_STEP][PASSED] - click(findTestObject("Object Repository/ReplicatedSite/Page_Profile - Cabi Fall 2018 Collection/span_Order History")): Object: 'Object Repository/ReplicatedSite/Page_Profile - Cabi Fall 2018 Collection/span_Order History' is clicked on

2019-07-30 19:37:50 - [MESSAGE][PASSED] - Object: 'Object Repository/ReplicatedSite/Page_Profile - Cabi Fall 2018 Collection/span_Order History' is clicked on

2019-07-30 19:37:50 - [TEST_STEP][PASSED] - delay(5): Delayed 5 second(s)

2019-07-30 19:37:55 - [MESSAGE][PASSED] - Delayed 5 second(s)

2019-07-30 19:37:55 - [TEST_STEP][PASSED] - editButton = findWebElements(to, 1): null

2019-07-30 19:37:55 - [TEST_STEP][PASSED] - assert editButton.size() > 0: null

2019-07-30 19:37:55 - [TEST_STEP][PASSED] - if (editButton.size() > 0): null

2019-07-30 19:37:55 - [TEST_STEP][PASSED] - click(to): Object: 'a_link_dynamic' is clicked on

2019-07-30 19:37:56 - [MESSAGE][PASSED] - Object: 'a_link_dynamic' is clicked on

2019-07-30 19:37:56 - [TEST_STEP][PASSED] - delay(10): Delayed 10 second(s)

2019-07-30 19:38:06 - [MESSAGE][PASSED] - Delayed 10 second(s)

2019-07-30 19:38:06 - [TEST_STEP][PASSED] - if (editScenarioNumber == 1): null

2019-07-30 19:38:06 - [TEST_STEP][PASSED] - else if (editScenarioNumber == 3): null

2019-07-30 19:38:06 - [TEST_STEP][PASSED] - else if (editScenarioNumber == 4): null

2019-07-30 19:38:06 - [TEST_STEP][PASSED] - println("scen = 4"): null

2019-07-30 19:38:06 - [TEST_STEP][PASSED] - donationItemPresent = findWebElements(findTestObject("Object Repository/ReplicatedSite/div_donation_present"), 5): null

2019-07-30 19:38:13 - [TEST_STEP][PASSED] - assert donationItemPresent.size() > 0: null

2019-07-30 19:38:13 - [TEST_STEP][PASSED] - donationRemoveButton = findWebElements(findTestObject("Object Repository/ReplicatedSite/a_donation_cannot_remove"), 5): Unable to find the element located by 'By.xpath: //p[contains(text(), 'Heart of cabi Foundation')]/parent::div/parent::div/div[@class='shop-td options']/p/a[contains(text(), ' Remove')]'. Please recheck the objects properties to make sure the desired element is located. 

2019-07-30 19:38:19 - [MESSAGE][INFO] - Unable to find the element located by 'By.xpath: //p[contains(text(), 'Heart of cabi Foundation')]/parent::div/parent::div/div[@class='shop-td options']/p/a[contains(text(), ' Remove')]'. Please recheck the objects properties to make sure the desired element is located. 

2019-07-30 19:38:19 - [TEST_STEP][PASSED] - assert donationRemoveButton.size() == 0: null

2019-07-30 19:38:19 - [MESSAGE][PASSED] - Call Test Case 'Test Cases/editOrder/rsOrderHistoryConfirm' successfully]]></system-out>
         <system-err><![CDATA[]]></system-err>
      </testcase>
      <system-out><![CDATA[2019-07-30 19:33:55 - [TEST_SUITE][PASSED] - EditOrderTestSuit: Test Cases/editOrder/rsEditOrderDonation]]></system-out>
      <system-err><![CDATA[]]></system-err>
   </testsuite>
</testsuites>
