<?xml version="1.0" encoding="UTF-8"?>
<testsuites name="DashboardSuite" time="0" tests="1" failures="0" errors="0">
   <testsuite name="DashboardSuite" tests="1" failures="0" errors="0" time="0" timestamp="2019-08-23 13:11:49" hostname="user - 10.0.102.200" id="Test Suites/VirtualShowSuites/DashboardSuite">
      <properties>
         <property name="deviceName" value=""/>
         <property name="devicePlatform" value=""/>
         <property name="logFolder" value="C:\\Users\\user\\Documents\\testautomation\\KatalonProjects\\Reports\\VirtualShowSuites\\DashboardSuite\\20190823_131143"/>
         <property name="logFiles" value="C:\\Users\\user\\Documents\\testautomation\\KatalonProjects\\Reports\\VirtualShowSuites\\DashboardSuite\\20190823_131143\\execution0.log"/>
         <property name="attachments" value=""/>
         <property name="hostName" value="user - 10.0.102.200"/>
         <property name="hostAddress" value="10.0.102.200"/>
         <property name="os" value="Windows 8.1 64bit"/>
         <property name="katalonVersion" value="6.1.1.1"/>
      </properties>
      <testcase name="Test Cases/VirtualShow/VS_Automation" classname="Test Cases/VirtualShow/VS_Automation" status="PASSED">
         <system-out><![CDATA[2019-08-23 13:11:49 - [TEST_CASE][PASSED] - Test Cases/VirtualShow/VS_Automation: null]]></system-out>
         <system-err><![CDATA[]]></system-err>
      </testcase>
      <system-out><![CDATA[2019-08-23 13:11:49 - [TEST_SUITE][INCOMPLETE] - DashboardSuite: null]]></system-out>
      <system-err><![CDATA[2019-08-23 13:11:49 - [TEST_SUITE][INCOMPLETE] - DashboardSuite: null]]></system-err>
   </testsuite>
</testsuites>
