<?xml version="1.0" encoding="UTF-8"?>
<testsuites name="NewArrivalSuite" time="431" tests="1" failures="0" errors="0">
   <testsuite name="NewArrivalSuite" tests="1" failures="0" errors="0" time="431" timestamp="2019-04-30 14:04:22" hostname="user - 10.0.102.159" id="Test Suites/NewArrivalSuite">
      <properties>
         <property name="deviceName" value=""/>
         <property name="devicePlatform" value=""/>
         <property name="logFolder" value="C:\\Users\\user\\Documents\\TestAutomation\\NewArrivals\\Reports\\NewArrivalSuite\\20190430_140417"/>
         <property name="logFiles" value="C:\\Users\\user\\Documents\\TestAutomation\\NewArrivals\\Reports\\NewArrivalSuite\\20190430_140417\\execution0.log"/>
         <property name="attachments" value=""/>
         <property name="hostName" value="user - 10.0.102.159"/>
         <property name="os" value="Windows 8.1 64bit"/>
         <property name="katalonVersion" value="6.1.1.1"/>
         <property name="browser" value="Chrome 73.0.3683.103"/>
         <property name="hostAddress" value="10.0.102.159"/>
         <property name="sessionId" value="f3033d55516e67c29532d39feecd5f9f"/>
         <property name="seleniumVersion" value="3.7.1"/>
         <property name="proxyInformation" value="ProxyInformation{proxyOption=NO_PROXY, proxyServerType=HTTP, password=, proxyServerAddress=, proxyServerPort=0}"/>
         <property name="platform" value="Windows 8.1"/>
      </properties>
      <testcase name="Test Cases/NewArrivals" classname="Test Cases/NewArrivals" status="PASSED">
         <system-out><![CDATA[2019-04-30 14:04:22 - [TEST_CASE][PASSED] - Test Cases/NewArrivals: Test Cases/NewArrivals

2019-04-30 14:04:22 - [TEST_STEP][PASSED] - Start listener action : sampleBeforeTestCase: null

2019-04-30 14:04:22 - [TEST_STEP][PASSED] - println(testCaseContext.getTestCaseId()): null

2019-04-30 14:04:22 - [TEST_STEP][PASSED] - println(testCaseContext.getTestCaseVariables()): null

2019-04-30 14:04:23 - [TEST_STEP][PASSED] - openBrowser(""): Browser is opened with url: ''

2019-04-30 14:04:24 - [MESSAGE][INFO] - Starting 'Chrome' driver

2019-04-30 14:04:24 - [MESSAGE][INFO] - Action delay is set to 0 seconds

2019-04-30 14:04:28 - [MESSAGE][PASSED] - Browser is opened with url: ''

2019-04-30 14:04:28 - [TEST_STEP][PASSED] - navigateToUrl("https://test14.cliotest.com/backoffice/control/main"): Navigate to 'https://test14.cliotest.com/backoffice/control/main' successfully

2019-04-30 14:04:35 - [MESSAGE][PASSED] - Navigate to 'https://test14.cliotest.com/backoffice/control/main' successfully

2019-04-30 14:04:35 - [TEST_STEP][PASSED] - for ([timeRow = 1, timeRow <= findTestData("timezoneData").getRowNumbers(), (timeRow++)]): Call Test Case 'Test Cases/productVerify' successfully

2019-04-30 14:04:37 - [TEST_STEP][PASSED] - callTestCase(findTestCase("populateTimeGlobalVars"), ["row":timeRow], STOP_ON_FAILURE): Call Test Case 'Test Cases/populateTimeGlobalVars' successfully

2019-04-30 14:04:37 - [TEST_CASE][PASSED] - Test Cases/populateTimeGlobalVars: Test Cases/populateTimeGlobalVars

2019-04-30 14:04:37 - [TEST_STEP][PASSED] - dataFile = "timezoneData": null

2019-04-30 14:04:37 - [TEST_STEP][PASSED] - serverTarget = UtilityMethods.getTestData(dataFile, "serverTarget", row): null

2019-04-30 14:04:38 - [TEST_STEP][PASSED] - orderType = UtilityMethods.getTestData(dataFile, "orderType", row): null

2019-04-30 14:04:38 - [TEST_STEP][PASSED] - timeZone = UtilityMethods.getTestData(dataFile, "timeZone", row): null

2019-04-30 14:04:38 - [TEST_STEP][PASSED] - BOPersonal = UtilityMethods.getTestData(dataFile, "BOPersonal", row): null

2019-04-30 14:04:38 - [TEST_STEP][PASSED] - BOAddon = UtilityMethods.getTestData(dataFile, "BOAddon", row): null

2019-04-30 14:04:38 - [TEST_STEP][PASSED] - BORetail = UtilityMethods.getTestData(dataFile, "BORetail", row): null

2019-04-30 14:04:38 - [TEST_STEP][PASSED] - BOShow = UtilityMethods.getTestData(dataFile, "BOShow", row): null

2019-04-30 14:04:38 - [TEST_STEP][PASSED] - BOOnlineoutlet = UtilityMethods.getTestData(dataFile, "BOOnlineoutlet", row): null

2019-04-30 14:04:38 - [TEST_STEP][PASSED] - BOEmployee = UtilityMethods.getTestData(dataFile, "BOEmployee", row): null

2019-04-30 14:04:39 - [TEST_STEP][PASSED] - CCPersonal = UtilityMethods.getTestData(dataFile, "CCPersonal", row): null

2019-04-30 14:04:39 - [TEST_STEP][PASSED] - CCRetail = UtilityMethods.getTestData(dataFile, "CCRetail", row): null

2019-04-30 14:04:39 - [TEST_STEP][PASSED] - CCShow = UtilityMethods.getTestData(dataFile, "CCShow", row): null

2019-04-30 14:04:39 - [MESSAGE][PASSED] - Call Test Case 'Test Cases/populateTimeGlobalVars' successfully

2019-04-30 14:04:39 - [TEST_STEP][PASSED] - callTestCase(findTestCase("newArrivalsSetTimezone"), ["ofbizURL":ofbizURL, "ofbizuser":ofbizuser, "ofbizpass":ofbizpass, "orderType":orderType, "timeZone":timeZone, "serverTarget":serverTarget], STOP_ON_FAILURE): Call Test Case 'Test Cases/newArrivalsSetTimezone' successfully

2019-04-30 14:04:39 - [TEST_CASE][PASSED] - Test Cases/newArrivalsSetTimezone: Test Cases/newArrivalsSetTimezone

2019-04-30 14:04:39 - [TEST_STEP][NOT_RUN] - openBrowser(""): NOT_RUN: openBrowser("")

2019-04-30 14:04:39 - [MESSAGE][NOT_RUN] - NOT_RUN: openBrowser("")

2019-04-30 14:04:39 - [TEST_STEP][NOT_RUN] - maximizeWindow(): NOT_RUN: maximizeWindow()

2019-04-30 14:04:39 - [MESSAGE][NOT_RUN] - NOT_RUN: maximizeWindow()

2019-04-30 14:04:39 - [TEST_STEP][PASSED] - navigateToUrl(ofbizURL): Navigate to 'https://pushofbiz.cliotest.com/login.php' successfully

2019-04-30 14:04:41 - [MESSAGE][PASSED] - Navigate to 'https://pushofbiz.cliotest.com/login.php' successfully

2019-04-30 14:04:41 - [TEST_STEP][PASSED] - setText(findTestObject("Page_/input_Username_username"), ofbizuser): Text 'sshinde' is set on object 'Object Repository/Page_/input_Username_username'

2019-04-30 14:04:41 - [MESSAGE][PASSED] - Text 'sshinde' is set on object 'Object Repository/Page_/input_Username_username'

2019-04-30 14:04:41 - [TEST_STEP][PASSED] - setText(findTestObject("Page_/input_Password_password"), ofbizpass): Text 'C@bi$ush5' is set on object 'Object Repository/Page_/input_Password_password'

2019-04-30 14:04:41 - [MESSAGE][PASSED] - Text 'C@bi$ush5' is set on object 'Object Repository/Page_/input_Password_password'

2019-04-30 14:04:41 - [TEST_STEP][PASSED] - click(findTestObject("Page_/input_Password_Submit")): Object: 'Object Repository/Page_/input_Password_Submit' is clicked on

2019-04-30 14:04:44 - [MESSAGE][PASSED] - Object: 'Object Repository/Page_/input_Password_Submit' is clicked on

2019-04-30 14:04:44 - [TEST_STEP][PASSED] - click(findTestObject("Object Repository/Page_/a_Clock set")): Object: 'Object Repository/Page_/a_Clock set' is clicked on

2019-04-30 14:04:45 - [MESSAGE][PASSED] - Object: 'Object Repository/Page_/a_Clock set' is clicked on

2019-04-30 14:04:45 - [TEST_STEP][PASSED] - selectOptionByLabel(findTestObject("Object Repository/Page_/serverTarget"), serverTarget, true): All options with label 'test14' are selected in object 'Object Repository/Page_/serverTarget'  using regular expression

2019-04-30 14:04:47 - [MESSAGE][PASSED] - All options with label 'test14' are selected in object 'Object Repository/Page_/serverTarget'  using regular expression

2019-04-30 14:04:47 - [TEST_STEP][PASSED] - click(findTestObject("Page_/thisDateAndTime")): Object: 'Object Repository/Page_/thisDateAndTime' is clicked on

2019-04-30 14:04:47 - [MESSAGE][PASSED] - Object: 'Object Repository/Page_/thisDateAndTime' is clicked on

2019-04-30 14:04:47 - [TEST_STEP][PASSED] - setText(findTestObject("Object Repository/Page_/setTargetTime"), timeZone): Text ' 04/17/2019 7:00' is set on object 'Object Repository/Page_/setTargetTime'

2019-04-30 14:04:48 - [MESSAGE][PASSED] - Text ' 04/17/2019 7:00' is set on object 'Object Repository/Page_/setTargetTime'

2019-04-30 14:04:48 - [TEST_STEP][PASSED] - click(findTestObject("Object Repository/Page_/input")): Object: 'Object Repository/Page_/input' is clicked on

2019-04-30 14:04:48 - [MESSAGE][PASSED] - Object: 'Object Repository/Page_/input' is clicked on

2019-04-30 14:04:48 - [TEST_STEP][PASSED] - delay(10): Delayed 10 second(s)

2019-04-30 14:04:58 - [MESSAGE][PASSED] - Delayed 10 second(s)

2019-04-30 14:04:58 - [MESSAGE][PASSED] - Call Test Case 'Test Cases/newArrivalsSetTimezone' successfully

2019-04-30 14:04:58 - [TEST_STEP][PASSED] - navigateToUrl(BOURL): Navigate to 'https://test14.cliotest.com/backoffice/control/main' successfully

2019-04-30 14:05:01 - [MESSAGE][PASSED] - Navigate to 'https://test14.cliotest.com/backoffice/control/main' successfully

2019-04-30 14:05:01 - [TEST_STEP][PASSED] - maximizeWindow(): Current window maximized

2019-04-30 14:05:02 - [MESSAGE][PASSED] - Current window maximized

2019-04-30 14:05:02 - [TEST_STEP][PASSED] - logOut = findWebElements(findTestObject("Object Repository/Page_cabi Home/log_out"), 5): Unable to find the element located by 'By.xpath: //a[contains(text(),'Log Out')]'. Please recheck the objects properties to make sure the desired element is located. 

2019-04-30 14:05:07 - [MESSAGE][INFO] - Unable to find the element located by 'By.xpath: //a[contains(text(),'Log Out')]'. Please recheck the objects properties to make sure the desired element is located. 

2019-04-30 14:05:07 - [TEST_STEP][PASSED] - if (logOut.size() == 0): Object: 'Object Repository/Page_cabi/input_Welcome to_consultantLogin' is clicked on

2019-04-30 14:05:07 - [TEST_STEP][PASSED] - setText(findTestObject("Page_cabi/input_Welcome to_USERNAME"), BOuser): Text '400000002' is set on object 'Object Repository/Page_cabi/input_Welcome to_USERNAME'

2019-04-30 14:05:07 - [MESSAGE][PASSED] - Text '400000002' is set on object 'Object Repository/Page_cabi/input_Welcome to_USERNAME'

2019-04-30 14:05:07 - [TEST_STEP][PASSED] - setText(findTestObject("Object Repository/Page_cabi/input_Welcome to_PASSWORD"), BOpass): Text 'blackdress19' is set on object 'Object Repository/Page_cabi/input_Welcome to_PASSWORD'

2019-04-30 14:05:07 - [MESSAGE][PASSED] - Text 'blackdress19' is set on object 'Object Repository/Page_cabi/input_Welcome to_PASSWORD'

2019-04-30 14:05:07 - [TEST_STEP][PASSED] - click(findTestObject("Object Repository/Page_cabi/input_Welcome to_consultantLogin")): Object: 'Object Repository/Page_cabi/input_Welcome to_consultantLogin' is clicked on

2019-04-30 14:05:18 - [MESSAGE][PASSED] - Object: 'Object Repository/Page_cabi/input_Welcome to_consultantLogin' is clicked on

2019-04-30 14:05:18 - [TEST_STEP][PASSED] - click(findTestObject("Object Repository/Page_cabi Home/a_Shows  Orders")): Object: 'Object Repository/Page_cabi Home/a_Shows  Orders' is clicked on

2019-04-30 14:05:18 - [MESSAGE][PASSED] - Object: 'Object Repository/Page_cabi Home/a_Shows  Orders' is clicked on

2019-04-30 14:05:18 - [TEST_STEP][PASSED] - delay(3): Delayed 3 second(s)

2019-04-30 14:05:21 - [MESSAGE][PASSED] - Delayed 3 second(s)

2019-04-30 14:05:21 - [TEST_STEP][PASSED] - click(findTestObject("Page_cabi Home/a_personal_purchases")): Object: 'Object Repository/Page_cabi Home/a_personal_purchases' is clicked on

2019-04-30 14:05:24 - [MESSAGE][PASSED] - Object: 'Object Repository/Page_cabi Home/a_personal_purchases' is clicked on

2019-04-30 14:05:24 - [TEST_STEP][PASSED] - click(findTestObject("Object Repository/Page_cabi Personal Store/span_Continue to Order")): Object: 'Object Repository/Page_cabi Personal Store/span_Continue to Order' is clicked on

2019-04-30 14:05:25 - [MESSAGE][PASSED] - Object: 'Object Repository/Page_cabi Personal Store/span_Continue to Order' is clicked on

2019-04-30 14:05:25 - [TEST_STEP][PASSED] - callTestCase(findTestCase("productVerify"), ["available":BOPersonal], STOP_ON_FAILURE): Call Test Case 'Test Cases/productVerify' successfully

2019-04-30 14:05:25 - [TEST_CASE][PASSED] - Test Cases/productVerify: Test Cases/productVerify

2019-04-30 14:05:26 - [TEST_STEP][PASSED] - for ([row = 1, row <= findTestData("productData").getRowNumbers(), (row++)]): null

2019-04-30 14:05:26 - [TEST_STEP][PASSED] - setText(findTestObject("Object Repository/Page_cabi Order Items/input_New Arrivals - Blooming Blush_style"), findTestData("productData").getValue("Style", row)): Text '5618' is set on object 'Object Repository/Page_cabi Order Items/input_New Arrivals - Blooming Blush_style'

2019-04-30 14:05:26 - [MESSAGE][PASSED] - Text '5618' is set on object 'Object Repository/Page_cabi Order Items/input_New Arrivals - Blooming Blush_style'

2019-04-30 14:05:26 - [TEST_STEP][PASSED] - delay(5): Delayed 5 second(s)

2019-04-30 14:05:31 - [MESSAGE][PASSED] - Delayed 5 second(s)

2019-04-30 14:05:31 - [TEST_STEP][PASSED] - sendKeys(findTestObject("Object Repository/Page_cabi Order Items/input_New Arrivals - Blooming Blush_style"), Keys.chord(ENTER)): Keys 'ENTER + ' sent to object: 'Object Repository/Page_cabi Order Items/input_New Arrivals - Blooming Blush_style'

2019-04-30 14:05:32 - [MESSAGE][PASSED] - Keys 'ENTER + ' sent to object: 'Object Repository/Page_cabi Order Items/input_New Arrivals - Blooming Blush_style'

2019-04-30 14:05:32 - [TEST_STEP][PASSED] - if (toString().equalsIgnoreCase("no")): null

2019-04-30 14:05:32 - [TEST_STEP][PASSED] - else: null

2019-04-30 14:05:32 - [TEST_STEP][PASSED] - click(findTestObject("Page_cabi Order Items/li_5618 Breeze Dress")): Object: 'Object Repository/Page_cabi Order Items/li_5618 Breeze Dress' is clicked on

2019-04-30 14:05:36 - [MESSAGE][PASSED] - Object: 'Object Repository/Page_cabi Order Items/li_5618 Breeze Dress' is clicked on

2019-04-30 14:05:36 - [TEST_STEP][PASSED] - delay(3): Delayed 3 second(s)

2019-04-30 14:05:39 - [MESSAGE][PASSED] - Delayed 3 second(s)

2019-04-30 14:05:39 - [TEST_STEP][PASSED] - verifyElementText(findTestObject("Page_cabi Order Items/GetAttribute_getID"), findTestData("productData").getValue("Style", row)): Actual text and expected text of test object 'Object Repository/Page_cabi Order Items/GetAttribute_getID' are matched.

2019-04-30 14:05:39 - [MESSAGE][PASSED] - Actual text and expected text of test object 'Object Repository/Page_cabi Order Items/GetAttribute_getID' are matched.

2019-04-30 14:05:39 - [TEST_STEP][PASSED] - delay(3): Delayed 3 second(s)

2019-04-30 14:05:42 - [MESSAGE][PASSED] - Delayed 3 second(s)

2019-04-30 14:05:42 - [TEST_STEP][PASSED] - colorOptions = findWebElements(findTestObject("Page_cabi Order Items/GetAttribute_Color"), 5): null

2019-04-30 14:05:42 - [TEST_STEP][PASSED] - println(colorOptions.size()): null

2019-04-30 14:05:42 - [TEST_STEP][PASSED] - expectedColour = findTestData("productData").getValue("Color", row): null

2019-04-30 14:05:42 - [TEST_STEP][PASSED] - println("expected colour is"): null

2019-04-30 14:05:42 - [TEST_STEP][PASSED] - println(expectedColour): null

2019-04-30 14:05:42 - [TEST_STEP][PASSED] - colourVerified = false: null

2019-04-30 14:05:42 - [TEST_STEP][PASSED] - for (org.openqa.selenium.WebElement op : colorOptions): null

2019-04-30 14:05:42 - [TEST_STEP][PASSED] - println(op.getText()): null

2019-04-30 14:05:42 - [TEST_STEP][PASSED] - if (expectedColour.equalsIgnoreCase(op.getText())): null

2019-04-30 14:05:43 - [TEST_STEP][PASSED] - colourVerified = true: null

2019-04-30 14:05:43 - [TEST_STEP][PASSED] - break: null

2019-04-30 14:05:43 - [TEST_STEP][PASSED] - assert colourVerified == true: null

2019-04-30 14:05:43 - [TEST_STEP][PASSED] - getPrice = getText(findTestObject("Page_cabi Order Items/GetAttribute_Price")): Text of object 'Object Repository/Page_cabi Order Items/GetAttribute_Price' is: 'Price : $119.00'

2019-04-30 14:05:43 - [MESSAGE][PASSED] - Text of object 'Object Repository/Page_cabi Order Items/GetAttribute_Price' is: 'Price : $119.00'

2019-04-30 14:05:43 - [TEST_STEP][PASSED] - Split_Data = UtilityMethods.SplitData(getPrice): null

2019-04-30 14:05:43 - [TEST_STEP][PASSED] - verifyMatch(Split_Data, findTestData("productData").getValue("Retail", row), true): Actual text '119' and expected text '119' are matched  using regular expression

2019-04-30 14:05:43 - [MESSAGE][PASSED] - Actual text '119' and expected text '119' are matched  using regular expression

2019-04-30 14:05:43 - [TEST_STEP][PASSED] - sizeRange1 = ["XXS", "XS", "S", "M", "L", "XL"]: null

2019-04-30 14:05:43 - [TEST_STEP][PASSED] - sizeRange2 = ["00", "0", "2", "4", "6", "8", "10", "12", "14", "16"]: null

2019-04-30 14:05:43 - [TEST_STEP][PASSED] - sizeRange3 = ["Long", "Regular", "Short"]: null

2019-04-30 14:05:43 - [TEST_STEP][PASSED] - sizeRange4 = ["5", "6", "6.5", "7", "7.5", "8", "8.5", "9", "9.5", "10", "11"]: null

2019-04-30 14:05:43 - [TEST_STEP][PASSED] - sizeRangeSplit = UtilityMethods.SplitSizes(findTestData("productData").getValue("SzRange", row)): null

2019-04-30 14:05:43 - [TEST_STEP][PASSED] - sizeType = getText(findTestObject("Object Repository/Page_cabi Order Items/Size")): Text of object 'Object Repository/Page_cabi Order Items/Size' is: 'Select'

2019-04-30 14:05:43 - [MESSAGE][PASSED] - Text of object 'Object Repository/Page_cabi Order Items/Size' is: 'Select'

2019-04-30 14:05:43 - [TEST_STEP][PASSED] - sizeOptions = findWebElements(findTestObject("Object Repository/Page_cabi Order Items/Size"), 5): null

2019-04-30 14:05:43 - [TEST_STEP][PASSED] - actualRange = new java.util.ArrayList(): null

2019-04-30 14:05:43 - [TEST_STEP][PASSED] - expectedRange = <not implemented yet for class: org.codehaus.groovy.ast.expr.EmptyExpression>: null

2019-04-30 14:05:43 - [TEST_STEP][PASSED] - if (sizeType.equalsIgnoreCase("Select")): null

2019-04-30 14:05:43 - [TEST_STEP][PASSED] - for ([i = 1, i < sizeOptions.size(), (i++)]): null

2019-04-30 14:05:43 - [TEST_STEP][PASSED] - actualRange.add(get(i).getText()): null

2019-04-30 14:05:43 - [TEST_STEP][PASSED] - actualRange.add(get(i).getText()): null

2019-04-30 14:05:43 - [TEST_STEP][PASSED] - actualRange.add(get(i).getText()): null

2019-04-30 14:05:43 - [TEST_STEP][PASSED] - actualRange.add(get(i).getText()): null

2019-04-30 14:05:43 - [TEST_STEP][PASSED] - actualRange.add(get(i).getText()): null

2019-04-30 14:05:43 - [TEST_STEP][PASSED] - if (toString().equalsIgnoreCase("XS") || toString().equalsIgnoreCase("XXS")): null

2019-04-30 14:05:43 - [TEST_STEP][PASSED] - expectedRange = UtilityMethods.getExpectedRange(sizeRange1, sizeRangeSplit): null

2019-04-30 14:05:43 - [TEST_STEP][PASSED] - println("XS"): null

2019-04-30 14:05:43 - [TEST_STEP][PASSED] - println(expectedRange.toString()): null

2019-04-30 14:05:43 - [TEST_STEP][PASSED] - assert UtilityMethods.listEquals(expectedRange, actualRange) == true: null

2019-04-30 14:05:43 - [TEST_STEP][PASSED] - delay(3): Delayed 3 second(s)

2019-04-30 14:05:46 - [MESSAGE][PASSED] - Delayed 3 second(s)

2019-04-30 14:05:46 - [TEST_STEP][PASSED] - verifyElementText(findTestObject("Page_cabi Order Items/product_title"), findTestData("productData").getValue("Description", row)): Actual text and expected text of test object 'Object Repository/Page_cabi Order Items/product_title' are matched.

2019-04-30 14:05:46 - [MESSAGE][PASSED] - Actual text and expected text of test object 'Object Repository/Page_cabi Order Items/product_title' are matched.

2019-04-30 14:05:46 - [TEST_STEP][PASSED] - verifyElementText(findTestObject("Page_cabi Order Items/product_fabric"), findTestData("productData").getValue("FinalContent", row)): Actual text and expected text of test object 'Object Repository/Page_cabi Order Items/product_fabric' are matched.

2019-04-30 14:05:46 - [MESSAGE][PASSED] - Actual text and expected text of test object 'Object Repository/Page_cabi Order Items/product_fabric' are matched.

2019-04-30 14:05:46 - [TEST_STEP][PASSED] - actualCasreIntrn = "<div>" + getText(findTestObject("Page_cabi Order Items/care_instruction")) + "</div>": Text of object 'Object Repository/Page_cabi Order Items/care_instruction' is: 'Turn garment inside out and place in a mesh bag. Machine wash separately in cold water on the delicate cycle. Only non-chlorine bleach if needed. Do not twist or wring. Lay flat to dry. Warm iron if needed. Can be dry cleaned.'

2019-04-30 14:05:46 - [MESSAGE][PASSED] - Text of object 'Object Repository/Page_cabi Order Items/care_instruction' is: 'Turn garment inside out and place in a mesh bag. Machine wash separately in cold water on the delicate cycle. Only non-chlorine bleach if needed. Do not twist or wring. Lay flat to dry. Warm iron if needed. Can be dry cleaned.'

2019-04-30 14:05:46 - [TEST_STEP][PASSED] - assert actualCasreIntrn.equals(findTestData("productData").getValue("CareInstr", row)): null

2019-04-30 14:05:46 - [MESSAGE][PASSED] - Call Test Case 'Test Cases/productVerify' successfully

2019-04-30 14:05:46 - [TEST_STEP][PASSED] - click(findTestObject("Object Repository/Page_cabi Home/a_Shows  Orders")): Object: 'Object Repository/Page_cabi Home/a_Shows  Orders' is clicked on

2019-04-30 14:05:46 - [MESSAGE][PASSED] - Object: 'Object Repository/Page_cabi Home/a_Shows  Orders' is clicked on

2019-04-30 14:05:46 - [TEST_STEP][PASSED] - delay(3): Delayed 3 second(s)

2019-04-30 14:05:49 - [MESSAGE][PASSED] - Delayed 3 second(s)

2019-04-30 14:05:49 - [TEST_STEP][PASSED] - click(findTestObject("Page_cabi Home/a_retail_purchases")): Object: 'Object Repository/Page_cabi Home/a_retail_purchases' is clicked on

2019-04-30 14:05:55 - [MESSAGE][PASSED] - Object: 'Object Repository/Page_cabi Home/a_retail_purchases' is clicked on

2019-04-30 14:05:55 - [TEST_STEP][PASSED] - click(findTestObject("Object Repository/Page_cabi Retail Store/span_Continue to Order")): Object: 'Object Repository/Page_cabi Retail Store/span_Continue to Order' is clicked on

2019-04-30 14:05:56 - [MESSAGE][PASSED] - Object: 'Object Repository/Page_cabi Retail Store/span_Continue to Order' is clicked on

2019-04-30 14:05:56 - [TEST_STEP][PASSED] - callTestCase(findTestCase("productVerify"), ["available":BORetail], STOP_ON_FAILURE): Call Test Case 'Test Cases/productVerify' successfully

2019-04-30 14:05:56 - [TEST_CASE][PASSED] - Test Cases/productVerify: Test Cases/productVerify

2019-04-30 14:05:56 - [TEST_STEP][PASSED] - for ([row = 1, row <= findTestData("productData").getRowNumbers(), (row++)]): Actual text and expected text of test object 'Object Repository/Page_cabi Order Items/no_result_found' are matched.

2019-04-30 14:05:56 - [TEST_STEP][PASSED] - setText(findTestObject("Object Repository/Page_cabi Order Items/input_New Arrivals - Blooming Blush_style"), findTestData("productData").getValue("Style", row)): Text '5618' is set on object 'Object Repository/Page_cabi Order Items/input_New Arrivals - Blooming Blush_style'

2019-04-30 14:05:58 - [MESSAGE][PASSED] - Text '5618' is set on object 'Object Repository/Page_cabi Order Items/input_New Arrivals - Blooming Blush_style'

2019-04-30 14:05:58 - [TEST_STEP][PASSED] - delay(5): Delayed 5 second(s)

2019-04-30 14:06:03 - [MESSAGE][PASSED] - Delayed 5 second(s)

2019-04-30 14:06:03 - [TEST_STEP][PASSED] - sendKeys(findTestObject("Object Repository/Page_cabi Order Items/input_New Arrivals - Blooming Blush_style"), Keys.chord(ENTER)): Keys 'ENTER + ' sent to object: 'Object Repository/Page_cabi Order Items/input_New Arrivals - Blooming Blush_style'

2019-04-30 14:06:03 - [MESSAGE][PASSED] - Keys 'ENTER + ' sent to object: 'Object Repository/Page_cabi Order Items/input_New Arrivals - Blooming Blush_style'

2019-04-30 14:06:03 - [TEST_STEP][PASSED] - if (toString().equalsIgnoreCase("no")): Actual text and expected text of test object 'Object Repository/Page_cabi Order Items/no_result_found' are matched.

2019-04-30 14:06:03 - [TEST_STEP][PASSED] - noResultMessages = findWebElements(findTestObject("Page_cabi Order Items/no_result_found"), 5): null

2019-04-30 14:06:04 - [TEST_STEP][PASSED] - assert noResultMessages.size() > 0: null

2019-04-30 14:06:04 - [TEST_STEP][PASSED] - verifyElementText(findTestObject("Page_cabi Order Items/no_result_found"), "No Results Found!"): Actual text and expected text of test object 'Object Repository/Page_cabi Order Items/no_result_found' are matched.

2019-04-30 14:06:04 - [MESSAGE][PASSED] - Actual text and expected text of test object 'Object Repository/Page_cabi Order Items/no_result_found' are matched.

2019-04-30 14:06:04 - [MESSAGE][PASSED] - Call Test Case 'Test Cases/productVerify' successfully

2019-04-30 14:06:04 - [TEST_STEP][PASSED] - click(findTestObject("Object Repository/Page_cabi Home/a_Shows  Orders")): Object: 'Object Repository/Page_cabi Home/a_Shows  Orders' is clicked on

2019-04-30 14:06:04 - [MESSAGE][PASSED] - Object: 'Object Repository/Page_cabi Home/a_Shows  Orders' is clicked on

2019-04-30 14:06:04 - [TEST_STEP][PASSED] - delay(3): Delayed 3 second(s)

2019-04-30 14:06:07 - [MESSAGE][PASSED] - Delayed 3 second(s)

2019-04-30 14:06:07 - [TEST_STEP][PASSED] - click(findTestObject("Page_cabi Home/a_online_outline_purchases")): Object: 'Object Repository/Page_cabi Home/a_online_outline_purchases' is clicked on

2019-04-30 14:06:11 - [MESSAGE][PASSED] - Object: 'Object Repository/Page_cabi Home/a_online_outline_purchases' is clicked on

2019-04-30 14:06:11 - [TEST_STEP][PASSED] - click(findTestObject("Object Repository/Page_cabi Online Outlet Store/span_Continue to Order")): Object: 'Object Repository/Page_cabi Online Outlet Store/span_Continue to Order' is clicked on

2019-04-30 14:06:11 - [MESSAGE][PASSED] - Object: 'Object Repository/Page_cabi Online Outlet Store/span_Continue to Order' is clicked on

2019-04-30 14:06:11 - [TEST_STEP][PASSED] - callTestCase(findTestCase("productVerify"), ["available":BOOnlineoutlet], STOP_ON_FAILURE): Call Test Case 'Test Cases/productVerify' successfully

2019-04-30 14:06:11 - [TEST_CASE][PASSED] - Test Cases/productVerify: Test Cases/productVerify

2019-04-30 14:06:11 - [TEST_STEP][PASSED] - for ([row = 1, row <= findTestData("productData").getRowNumbers(), (row++)]): Actual text and expected text of test object 'Object Repository/Page_cabi Order Items/no_result_found' are matched.

2019-04-30 14:06:11 - [TEST_STEP][PASSED] - setText(findTestObject("Object Repository/Page_cabi Order Items/input_New Arrivals - Blooming Blush_style"), findTestData("productData").getValue("Style", row)): Text '5618' is set on object 'Object Repository/Page_cabi Order Items/input_New Arrivals - Blooming Blush_style'

2019-04-30 14:06:13 - [MESSAGE][PASSED] - Text '5618' is set on object 'Object Repository/Page_cabi Order Items/input_New Arrivals - Blooming Blush_style'

2019-04-30 14:06:13 - [TEST_STEP][PASSED] - delay(5): Delayed 5 second(s)

2019-04-30 14:06:18 - [MESSAGE][PASSED] - Delayed 5 second(s)

2019-04-30 14:06:18 - [TEST_STEP][PASSED] - sendKeys(findTestObject("Object Repository/Page_cabi Order Items/input_New Arrivals - Blooming Blush_style"), Keys.chord(ENTER)): Keys 'ENTER + ' sent to object: 'Object Repository/Page_cabi Order Items/input_New Arrivals - Blooming Blush_style'

2019-04-30 14:06:18 - [MESSAGE][PASSED] - Keys 'ENTER + ' sent to object: 'Object Repository/Page_cabi Order Items/input_New Arrivals - Blooming Blush_style'

2019-04-30 14:06:18 - [TEST_STEP][PASSED] - if (toString().equalsIgnoreCase("no")): Actual text and expected text of test object 'Object Repository/Page_cabi Order Items/no_result_found' are matched.

2019-04-30 14:06:18 - [TEST_STEP][PASSED] - noResultMessages = findWebElements(findTestObject("Page_cabi Order Items/no_result_found"), 5): null

2019-04-30 14:06:19 - [TEST_STEP][PASSED] - assert noResultMessages.size() > 0: null

2019-04-30 14:06:19 - [TEST_STEP][PASSED] - verifyElementText(findTestObject("Page_cabi Order Items/no_result_found"), "No Results Found!"): Actual text and expected text of test object 'Object Repository/Page_cabi Order Items/no_result_found' are matched.

2019-04-30 14:06:19 - [MESSAGE][PASSED] - Actual text and expected text of test object 'Object Repository/Page_cabi Order Items/no_result_found' are matched.

2019-04-30 14:06:19 - [MESSAGE][PASSED] - Call Test Case 'Test Cases/productVerify' successfully

2019-04-30 14:06:19 - [TEST_STEP][PASSED] - callTestCase(findTestCase("populateTimeGlobalVars"), ["row":timeRow], STOP_ON_FAILURE): Call Test Case 'Test Cases/populateTimeGlobalVars' successfully

2019-04-30 14:06:19 - [TEST_CASE][PASSED] - Test Cases/populateTimeGlobalVars: Test Cases/populateTimeGlobalVars

2019-04-30 14:06:19 - [TEST_STEP][PASSED] - dataFile = "timezoneData": null

2019-04-30 14:06:19 - [TEST_STEP][PASSED] - serverTarget = UtilityMethods.getTestData(dataFile, "serverTarget", row): null

2019-04-30 14:06:19 - [TEST_STEP][PASSED] - orderType = UtilityMethods.getTestData(dataFile, "orderType", row): null

2019-04-30 14:06:19 - [TEST_STEP][PASSED] - timeZone = UtilityMethods.getTestData(dataFile, "timeZone", row): null

2019-04-30 14:06:19 - [TEST_STEP][PASSED] - BOPersonal = UtilityMethods.getTestData(dataFile, "BOPersonal", row): null

2019-04-30 14:06:19 - [TEST_STEP][PASSED] - BOAddon = UtilityMethods.getTestData(dataFile, "BOAddon", row): null

2019-04-30 14:06:19 - [TEST_STEP][PASSED] - BORetail = UtilityMethods.getTestData(dataFile, "BORetail", row): null

2019-04-30 14:06:19 - [TEST_STEP][PASSED] - BOShow = UtilityMethods.getTestData(dataFile, "BOShow", row): null

2019-04-30 14:06:19 - [TEST_STEP][PASSED] - BOOnlineoutlet = UtilityMethods.getTestData(dataFile, "BOOnlineoutlet", row): null

2019-04-30 14:06:19 - [TEST_STEP][PASSED] - BOEmployee = UtilityMethods.getTestData(dataFile, "BOEmployee", row): null

2019-04-30 14:06:20 - [TEST_STEP][PASSED] - CCPersonal = UtilityMethods.getTestData(dataFile, "CCPersonal", row): null

2019-04-30 14:06:20 - [TEST_STEP][PASSED] - CCRetail = UtilityMethods.getTestData(dataFile, "CCRetail", row): null

2019-04-30 14:06:20 - [TEST_STEP][PASSED] - CCShow = UtilityMethods.getTestData(dataFile, "CCShow", row): null

2019-04-30 14:06:20 - [MESSAGE][PASSED] - Call Test Case 'Test Cases/populateTimeGlobalVars' successfully

2019-04-30 14:06:20 - [TEST_STEP][PASSED] - callTestCase(findTestCase("newArrivalsSetTimezone"), ["ofbizURL":ofbizURL, "ofbizuser":ofbizuser, "ofbizpass":ofbizpass, "orderType":orderType, "timeZone":timeZone, "serverTarget":serverTarget], STOP_ON_FAILURE): Call Test Case 'Test Cases/newArrivalsSetTimezone' successfully

2019-04-30 14:06:20 - [TEST_CASE][PASSED] - Test Cases/newArrivalsSetTimezone: Test Cases/newArrivalsSetTimezone

2019-04-30 14:06:20 - [TEST_STEP][NOT_RUN] - openBrowser(""): NOT_RUN: openBrowser("")

2019-04-30 14:06:20 - [MESSAGE][NOT_RUN] - NOT_RUN: openBrowser("")

2019-04-30 14:06:20 - [TEST_STEP][NOT_RUN] - maximizeWindow(): NOT_RUN: maximizeWindow()

2019-04-30 14:06:20 - [MESSAGE][NOT_RUN] - NOT_RUN: maximizeWindow()

2019-04-30 14:06:20 - [TEST_STEP][PASSED] - navigateToUrl(ofbizURL): Navigate to 'https://pushofbiz.cliotest.com/login.php' successfully

2019-04-30 14:06:21 - [MESSAGE][PASSED] - Navigate to 'https://pushofbiz.cliotest.com/login.php' successfully

2019-04-30 14:06:21 - [TEST_STEP][PASSED] - setText(findTestObject("Page_/input_Username_username"), ofbizuser): Text 'sshinde' is set on object 'Object Repository/Page_/input_Username_username'

2019-04-30 14:06:22 - [MESSAGE][PASSED] - Text 'sshinde' is set on object 'Object Repository/Page_/input_Username_username'

2019-04-30 14:06:22 - [TEST_STEP][PASSED] - setText(findTestObject("Page_/input_Password_password"), ofbizpass): Text 'C@bi$ush5' is set on object 'Object Repository/Page_/input_Password_password'

2019-04-30 14:06:22 - [MESSAGE][PASSED] - Text 'C@bi$ush5' is set on object 'Object Repository/Page_/input_Password_password'

2019-04-30 14:06:22 - [TEST_STEP][PASSED] - click(findTestObject("Page_/input_Password_Submit")): Object: 'Object Repository/Page_/input_Password_Submit' is clicked on

2019-04-30 14:06:23 - [MESSAGE][PASSED] - Object: 'Object Repository/Page_/input_Password_Submit' is clicked on

2019-04-30 14:06:23 - [TEST_STEP][PASSED] - click(findTestObject("Object Repository/Page_/a_Clock set")): Object: 'Object Repository/Page_/a_Clock set' is clicked on

2019-04-30 14:06:23 - [MESSAGE][PASSED] - Object: 'Object Repository/Page_/a_Clock set' is clicked on

2019-04-30 14:06:23 - [TEST_STEP][PASSED] - selectOptionByLabel(findTestObject("Object Repository/Page_/serverTarget"), serverTarget, true): All options with label 'test14' are selected in object 'Object Repository/Page_/serverTarget'  using regular expression

2019-04-30 14:06:25 - [MESSAGE][PASSED] - All options with label 'test14' are selected in object 'Object Repository/Page_/serverTarget'  using regular expression

2019-04-30 14:06:25 - [TEST_STEP][PASSED] - click(findTestObject("Page_/thisDateAndTime")): Object: 'Object Repository/Page_/thisDateAndTime' is clicked on

2019-04-30 14:06:25 - [MESSAGE][PASSED] - Object: 'Object Repository/Page_/thisDateAndTime' is clicked on

2019-04-30 14:06:25 - [TEST_STEP][PASSED] - setText(findTestObject("Object Repository/Page_/setTargetTime"), timeZone): Text ' 05/03/2019 12:00' is set on object 'Object Repository/Page_/setTargetTime'

2019-04-30 14:06:25 - [MESSAGE][PASSED] - Text ' 05/03/2019 12:00' is set on object 'Object Repository/Page_/setTargetTime'

2019-04-30 14:06:25 - [TEST_STEP][PASSED] - click(findTestObject("Object Repository/Page_/input")): Object: 'Object Repository/Page_/input' is clicked on

2019-04-30 14:06:26 - [MESSAGE][PASSED] - Object: 'Object Repository/Page_/input' is clicked on

2019-04-30 14:06:26 - [TEST_STEP][PASSED] - delay(10): Delayed 10 second(s)

2019-04-30 14:06:36 - [MESSAGE][PASSED] - Delayed 10 second(s)

2019-04-30 14:06:36 - [MESSAGE][PASSED] - Call Test Case 'Test Cases/newArrivalsSetTimezone' successfully

2019-04-30 14:06:36 - [TEST_STEP][PASSED] - navigateToUrl(BOURL): Navigate to 'https://test14.cliotest.com/backoffice/control/main' successfully

2019-04-30 14:06:37 - [MESSAGE][PASSED] - Navigate to 'https://test14.cliotest.com/backoffice/control/main' successfully

2019-04-30 14:06:37 - [TEST_STEP][PASSED] - maximizeWindow(): Current window maximized

2019-04-30 14:06:38 - [MESSAGE][PASSED] - Current window maximized

2019-04-30 14:06:38 - [TEST_STEP][PASSED] - logOut = findWebElements(findTestObject("Object Repository/Page_cabi Home/log_out"), 5): Unable to find the element located by 'By.xpath: //a[contains(text(),'Log Out')]'. Please recheck the objects properties to make sure the desired element is located. 

2019-04-30 14:06:43 - [MESSAGE][INFO] - Unable to find the element located by 'By.xpath: //a[contains(text(),'Log Out')]'. Please recheck the objects properties to make sure the desired element is located. 

2019-04-30 14:06:43 - [TEST_STEP][PASSED] - if (logOut.size() == 0): Object: 'Object Repository/Page_cabi/input_Welcome to_consultantLogin' is clicked on

2019-04-30 14:06:43 - [TEST_STEP][PASSED] - setText(findTestObject("Page_cabi/input_Welcome to_USERNAME"), BOuser): Text '400000002' is set on object 'Object Repository/Page_cabi/input_Welcome to_USERNAME'

2019-04-30 14:06:43 - [MESSAGE][PASSED] - Text '400000002' is set on object 'Object Repository/Page_cabi/input_Welcome to_USERNAME'

2019-04-30 14:06:43 - [TEST_STEP][PASSED] - setText(findTestObject("Object Repository/Page_cabi/input_Welcome to_PASSWORD"), BOpass): Text 'blackdress19' is set on object 'Object Repository/Page_cabi/input_Welcome to_PASSWORD'

2019-04-30 14:06:43 - [MESSAGE][PASSED] - Text 'blackdress19' is set on object 'Object Repository/Page_cabi/input_Welcome to_PASSWORD'

2019-04-30 14:06:43 - [TEST_STEP][PASSED] - click(findTestObject("Object Repository/Page_cabi/input_Welcome to_consultantLogin")): Object: 'Object Repository/Page_cabi/input_Welcome to_consultantLogin' is clicked on

2019-04-30 14:06:48 - [MESSAGE][PASSED] - Object: 'Object Repository/Page_cabi/input_Welcome to_consultantLogin' is clicked on

2019-04-30 14:06:48 - [TEST_STEP][PASSED] - click(findTestObject("Object Repository/Page_cabi Home/a_Shows  Orders")): Object: 'Object Repository/Page_cabi Home/a_Shows  Orders' is clicked on

2019-04-30 14:06:48 - [MESSAGE][PASSED] - Object: 'Object Repository/Page_cabi Home/a_Shows  Orders' is clicked on

2019-04-30 14:06:48 - [TEST_STEP][PASSED] - delay(3): Delayed 3 second(s)

2019-04-30 14:06:51 - [MESSAGE][PASSED] - Delayed 3 second(s)

2019-04-30 14:06:51 - [TEST_STEP][PASSED] - click(findTestObject("Page_cabi Home/a_personal_purchases")): Object: 'Object Repository/Page_cabi Home/a_personal_purchases' is clicked on

2019-04-30 14:06:54 - [MESSAGE][PASSED] - Object: 'Object Repository/Page_cabi Home/a_personal_purchases' is clicked on

2019-04-30 14:06:54 - [TEST_STEP][PASSED] - click(findTestObject("Object Repository/Page_cabi Personal Store/span_Continue to Order")): Object: 'Object Repository/Page_cabi Personal Store/span_Continue to Order' is clicked on

2019-04-30 14:06:54 - [MESSAGE][PASSED] - Object: 'Object Repository/Page_cabi Personal Store/span_Continue to Order' is clicked on

2019-04-30 14:06:54 - [TEST_STEP][PASSED] - callTestCase(findTestCase("productVerify"), ["available":BOPersonal], STOP_ON_FAILURE): Call Test Case 'Test Cases/productVerify' successfully

2019-04-30 14:06:54 - [TEST_CASE][PASSED] - Test Cases/productVerify: Test Cases/productVerify

2019-04-30 14:06:54 - [TEST_STEP][PASSED] - for ([row = 1, row <= findTestData("productData").getRowNumbers(), (row++)]): null

2019-04-30 14:06:54 - [TEST_STEP][PASSED] - setText(findTestObject("Object Repository/Page_cabi Order Items/input_New Arrivals - Blooming Blush_style"), findTestData("productData").getValue("Style", row)): Text '5618' is set on object 'Object Repository/Page_cabi Order Items/input_New Arrivals - Blooming Blush_style'

2019-04-30 14:06:55 - [MESSAGE][PASSED] - Text '5618' is set on object 'Object Repository/Page_cabi Order Items/input_New Arrivals - Blooming Blush_style'

2019-04-30 14:06:55 - [TEST_STEP][PASSED] - delay(5): Delayed 5 second(s)

2019-04-30 14:07:00 - [MESSAGE][PASSED] - Delayed 5 second(s)

2019-04-30 14:07:00 - [TEST_STEP][PASSED] - sendKeys(findTestObject("Object Repository/Page_cabi Order Items/input_New Arrivals - Blooming Blush_style"), Keys.chord(ENTER)): Keys 'ENTER + ' sent to object: 'Object Repository/Page_cabi Order Items/input_New Arrivals - Blooming Blush_style'

2019-04-30 14:07:00 - [MESSAGE][PASSED] - Keys 'ENTER + ' sent to object: 'Object Repository/Page_cabi Order Items/input_New Arrivals - Blooming Blush_style'

2019-04-30 14:07:00 - [TEST_STEP][PASSED] - if (toString().equalsIgnoreCase("no")): null

2019-04-30 14:07:00 - [TEST_STEP][PASSED] - else: null

2019-04-30 14:07:00 - [TEST_STEP][PASSED] - click(findTestObject("Page_cabi Order Items/li_5618 Breeze Dress")): Object: 'Object Repository/Page_cabi Order Items/li_5618 Breeze Dress' is clicked on

2019-04-30 14:07:06 - [MESSAGE][PASSED] - Object: 'Object Repository/Page_cabi Order Items/li_5618 Breeze Dress' is clicked on

2019-04-30 14:07:06 - [TEST_STEP][PASSED] - delay(3): Delayed 3 second(s)

2019-04-30 14:07:09 - [MESSAGE][PASSED] - Delayed 3 second(s)

2019-04-30 14:07:09 - [TEST_STEP][PASSED] - verifyElementText(findTestObject("Page_cabi Order Items/GetAttribute_getID"), findTestData("productData").getValue("Style", row)): Actual text and expected text of test object 'Object Repository/Page_cabi Order Items/GetAttribute_getID' are matched.

2019-04-30 14:07:09 - [MESSAGE][PASSED] - Actual text and expected text of test object 'Object Repository/Page_cabi Order Items/GetAttribute_getID' are matched.

2019-04-30 14:07:09 - [TEST_STEP][PASSED] - delay(3): Delayed 3 second(s)

2019-04-30 14:07:12 - [MESSAGE][PASSED] - Delayed 3 second(s)

2019-04-30 14:07:12 - [TEST_STEP][PASSED] - colorOptions = findWebElements(findTestObject("Page_cabi Order Items/GetAttribute_Color"), 5): null

2019-04-30 14:07:12 - [TEST_STEP][PASSED] - println(colorOptions.size()): null

2019-04-30 14:07:12 - [TEST_STEP][PASSED] - expectedColour = findTestData("productData").getValue("Color", row): null

2019-04-30 14:07:12 - [TEST_STEP][PASSED] - println("expected colour is"): null

2019-04-30 14:07:12 - [TEST_STEP][PASSED] - println(expectedColour): null

2019-04-30 14:07:12 - [TEST_STEP][PASSED] - colourVerified = false: null

2019-04-30 14:07:12 - [TEST_STEP][PASSED] - for (org.openqa.selenium.WebElement op : colorOptions): null

2019-04-30 14:07:12 - [TEST_STEP][PASSED] - println(op.getText()): null

2019-04-30 14:07:12 - [TEST_STEP][PASSED] - if (expectedColour.equalsIgnoreCase(op.getText())): null

2019-04-30 14:07:12 - [TEST_STEP][PASSED] - colourVerified = true: null

2019-04-30 14:07:12 - [TEST_STEP][PASSED] - break: null

2019-04-30 14:07:12 - [TEST_STEP][PASSED] - assert colourVerified == true: null

2019-04-30 14:07:12 - [TEST_STEP][PASSED] - getPrice = getText(findTestObject("Page_cabi Order Items/GetAttribute_Price")): Text of object 'Object Repository/Page_cabi Order Items/GetAttribute_Price' is: 'Price : $119.00'

2019-04-30 14:07:12 - [MESSAGE][PASSED] - Text of object 'Object Repository/Page_cabi Order Items/GetAttribute_Price' is: 'Price : $119.00'

2019-04-30 14:07:12 - [TEST_STEP][PASSED] - Split_Data = UtilityMethods.SplitData(getPrice): null

2019-04-30 14:07:12 - [TEST_STEP][PASSED] - verifyMatch(Split_Data, findTestData("productData").getValue("Retail", row), true): Actual text '119' and expected text '119' are matched  using regular expression

2019-04-30 14:07:12 - [MESSAGE][PASSED] - Actual text '119' and expected text '119' are matched  using regular expression

2019-04-30 14:07:12 - [TEST_STEP][PASSED] - sizeRange1 = ["XXS", "XS", "S", "M", "L", "XL"]: null

2019-04-30 14:07:12 - [TEST_STEP][PASSED] - sizeRange2 = ["00", "0", "2", "4", "6", "8", "10", "12", "14", "16"]: null

2019-04-30 14:07:12 - [TEST_STEP][PASSED] - sizeRange3 = ["Long", "Regular", "Short"]: null

2019-04-30 14:07:12 - [TEST_STEP][PASSED] - sizeRange4 = ["5", "6", "6.5", "7", "7.5", "8", "8.5", "9", "9.5", "10", "11"]: null

2019-04-30 14:07:12 - [TEST_STEP][PASSED] - sizeRangeSplit = UtilityMethods.SplitSizes(findTestData("productData").getValue("SzRange", row)): null

2019-04-30 14:07:12 - [TEST_STEP][PASSED] - sizeType = getText(findTestObject("Object Repository/Page_cabi Order Items/Size")): Text of object 'Object Repository/Page_cabi Order Items/Size' is: 'Select'

2019-04-30 14:07:12 - [MESSAGE][PASSED] - Text of object 'Object Repository/Page_cabi Order Items/Size' is: 'Select'

2019-04-30 14:07:12 - [TEST_STEP][PASSED] - sizeOptions = findWebElements(findTestObject("Object Repository/Page_cabi Order Items/Size"), 5): null

2019-04-30 14:07:12 - [TEST_STEP][PASSED] - actualRange = new java.util.ArrayList(): null

2019-04-30 14:07:12 - [TEST_STEP][PASSED] - expectedRange = <not implemented yet for class: org.codehaus.groovy.ast.expr.EmptyExpression>: null

2019-04-30 14:07:12 - [TEST_STEP][PASSED] - if (sizeType.equalsIgnoreCase("Select")): null

2019-04-30 14:07:12 - [TEST_STEP][PASSED] - for ([i = 1, i < sizeOptions.size(), (i++)]): null

2019-04-30 14:07:12 - [TEST_STEP][PASSED] - actualRange.add(get(i).getText()): null

2019-04-30 14:07:12 - [TEST_STEP][PASSED] - actualRange.add(get(i).getText()): null

2019-04-30 14:07:12 - [TEST_STEP][PASSED] - actualRange.add(get(i).getText()): null

2019-04-30 14:07:12 - [TEST_STEP][PASSED] - actualRange.add(get(i).getText()): null

2019-04-30 14:07:12 - [TEST_STEP][PASSED] - actualRange.add(get(i).getText()): null

2019-04-30 14:07:12 - [TEST_STEP][PASSED] - if (toString().equalsIgnoreCase("XS") || toString().equalsIgnoreCase("XXS")): null

2019-04-30 14:07:12 - [TEST_STEP][PASSED] - expectedRange = UtilityMethods.getExpectedRange(sizeRange1, sizeRangeSplit): null

2019-04-30 14:07:12 - [TEST_STEP][PASSED] - println("XS"): null

2019-04-30 14:07:12 - [TEST_STEP][PASSED] - println(expectedRange.toString()): null

2019-04-30 14:07:12 - [TEST_STEP][PASSED] - assert UtilityMethods.listEquals(expectedRange, actualRange) == true: null

2019-04-30 14:07:12 - [TEST_STEP][PASSED] - delay(3): Delayed 3 second(s)

2019-04-30 14:07:15 - [MESSAGE][PASSED] - Delayed 3 second(s)

2019-04-30 14:07:15 - [TEST_STEP][PASSED] - verifyElementText(findTestObject("Page_cabi Order Items/product_title"), findTestData("productData").getValue("Description", row)): Actual text and expected text of test object 'Object Repository/Page_cabi Order Items/product_title' are matched.

2019-04-30 14:07:15 - [MESSAGE][PASSED] - Actual text and expected text of test object 'Object Repository/Page_cabi Order Items/product_title' are matched.

2019-04-30 14:07:15 - [TEST_STEP][PASSED] - verifyElementText(findTestObject("Page_cabi Order Items/product_fabric"), findTestData("productData").getValue("FinalContent", row)): Actual text and expected text of test object 'Object Repository/Page_cabi Order Items/product_fabric' are matched.

2019-04-30 14:07:15 - [MESSAGE][PASSED] - Actual text and expected text of test object 'Object Repository/Page_cabi Order Items/product_fabric' are matched.

2019-04-30 14:07:15 - [TEST_STEP][PASSED] - actualCasreIntrn = "<div>" + getText(findTestObject("Page_cabi Order Items/care_instruction")) + "</div>": Text of object 'Object Repository/Page_cabi Order Items/care_instruction' is: 'Turn garment inside out and place in a mesh bag. Machine wash separately in cold water on the delicate cycle. Only non-chlorine bleach if needed. Do not twist or wring. Lay flat to dry. Warm iron if needed. Can be dry cleaned.'

2019-04-30 14:07:15 - [MESSAGE][PASSED] - Text of object 'Object Repository/Page_cabi Order Items/care_instruction' is: 'Turn garment inside out and place in a mesh bag. Machine wash separately in cold water on the delicate cycle. Only non-chlorine bleach if needed. Do not twist or wring. Lay flat to dry. Warm iron if needed. Can be dry cleaned.'

2019-04-30 14:07:15 - [TEST_STEP][PASSED] - assert actualCasreIntrn.equals(findTestData("productData").getValue("CareInstr", row)): null

2019-04-30 14:07:16 - [MESSAGE][PASSED] - Call Test Case 'Test Cases/productVerify' successfully

2019-04-30 14:07:16 - [TEST_STEP][PASSED] - click(findTestObject("Object Repository/Page_cabi Home/a_Shows  Orders")): Object: 'Object Repository/Page_cabi Home/a_Shows  Orders' is clicked on

2019-04-30 14:07:16 - [MESSAGE][PASSED] - Object: 'Object Repository/Page_cabi Home/a_Shows  Orders' is clicked on

2019-04-30 14:07:16 - [TEST_STEP][PASSED] - delay(3): Delayed 3 second(s)

2019-04-30 14:07:19 - [MESSAGE][PASSED] - Delayed 3 second(s)

2019-04-30 14:07:19 - [TEST_STEP][PASSED] - click(findTestObject("Page_cabi Home/a_retail_purchases")): Object: 'Object Repository/Page_cabi Home/a_retail_purchases' is clicked on

2019-04-30 14:07:23 - [MESSAGE][PASSED] - Object: 'Object Repository/Page_cabi Home/a_retail_purchases' is clicked on

2019-04-30 14:07:23 - [TEST_STEP][PASSED] - click(findTestObject("Object Repository/Page_cabi Retail Store/span_Continue to Order")): Object: 'Object Repository/Page_cabi Retail Store/span_Continue to Order' is clicked on

2019-04-30 14:07:24 - [MESSAGE][PASSED] - Object: 'Object Repository/Page_cabi Retail Store/span_Continue to Order' is clicked on

2019-04-30 14:07:24 - [TEST_STEP][PASSED] - callTestCase(findTestCase("productVerify"), ["available":BORetail], STOP_ON_FAILURE): Call Test Case 'Test Cases/productVerify' successfully

2019-04-30 14:07:24 - [TEST_CASE][PASSED] - Test Cases/productVerify: Test Cases/productVerify

2019-04-30 14:07:24 - [TEST_STEP][PASSED] - for ([row = 1, row <= findTestData("productData").getRowNumbers(), (row++)]): null

2019-04-30 14:07:24 - [TEST_STEP][PASSED] - setText(findTestObject("Object Repository/Page_cabi Order Items/input_New Arrivals - Blooming Blush_style"), findTestData("productData").getValue("Style", row)): Text '5618' is set on object 'Object Repository/Page_cabi Order Items/input_New Arrivals - Blooming Blush_style'

2019-04-30 14:07:25 - [MESSAGE][PASSED] - Text '5618' is set on object 'Object Repository/Page_cabi Order Items/input_New Arrivals - Blooming Blush_style'

2019-04-30 14:07:25 - [TEST_STEP][PASSED] - delay(5): Delayed 5 second(s)

2019-04-30 14:07:30 - [MESSAGE][PASSED] - Delayed 5 second(s)

2019-04-30 14:07:30 - [TEST_STEP][PASSED] - sendKeys(findTestObject("Object Repository/Page_cabi Order Items/input_New Arrivals - Blooming Blush_style"), Keys.chord(ENTER)): Keys 'ENTER + ' sent to object: 'Object Repository/Page_cabi Order Items/input_New Arrivals - Blooming Blush_style'

2019-04-30 14:07:31 - [MESSAGE][PASSED] - Keys 'ENTER + ' sent to object: 'Object Repository/Page_cabi Order Items/input_New Arrivals - Blooming Blush_style'

2019-04-30 14:07:31 - [TEST_STEP][PASSED] - if (toString().equalsIgnoreCase("no")): null

2019-04-30 14:07:31 - [TEST_STEP][PASSED] - else: null

2019-04-30 14:07:31 - [TEST_STEP][PASSED] - click(findTestObject("Page_cabi Order Items/li_5618 Breeze Dress")): Object: 'Object Repository/Page_cabi Order Items/li_5618 Breeze Dress' is clicked on

2019-04-30 14:07:37 - [MESSAGE][PASSED] - Object: 'Object Repository/Page_cabi Order Items/li_5618 Breeze Dress' is clicked on

2019-04-30 14:07:37 - [TEST_STEP][PASSED] - delay(3): Delayed 3 second(s)

2019-04-30 14:07:40 - [MESSAGE][PASSED] - Delayed 3 second(s)

2019-04-30 14:07:40 - [TEST_STEP][PASSED] - verifyElementText(findTestObject("Page_cabi Order Items/GetAttribute_getID"), findTestData("productData").getValue("Style", row)): Actual text and expected text of test object 'Object Repository/Page_cabi Order Items/GetAttribute_getID' are matched.

2019-04-30 14:07:40 - [MESSAGE][PASSED] - Actual text and expected text of test object 'Object Repository/Page_cabi Order Items/GetAttribute_getID' are matched.

2019-04-30 14:07:40 - [TEST_STEP][PASSED] - delay(3): Delayed 3 second(s)

2019-04-30 14:07:43 - [MESSAGE][PASSED] - Delayed 3 second(s)

2019-04-30 14:07:43 - [TEST_STEP][PASSED] - colorOptions = findWebElements(findTestObject("Page_cabi Order Items/GetAttribute_Color"), 5): null

2019-04-30 14:07:43 - [TEST_STEP][PASSED] - println(colorOptions.size()): null

2019-04-30 14:07:43 - [TEST_STEP][PASSED] - expectedColour = findTestData("productData").getValue("Color", row): null

2019-04-30 14:07:43 - [TEST_STEP][PASSED] - println("expected colour is"): null

2019-04-30 14:07:43 - [TEST_STEP][PASSED] - println(expectedColour): null

2019-04-30 14:07:43 - [TEST_STEP][PASSED] - colourVerified = false: null

2019-04-30 14:07:43 - [TEST_STEP][PASSED] - for (org.openqa.selenium.WebElement op : colorOptions): null

2019-04-30 14:07:43 - [TEST_STEP][PASSED] - println(op.getText()): null

2019-04-30 14:07:43 - [TEST_STEP][PASSED] - if (expectedColour.equalsIgnoreCase(op.getText())): null

2019-04-30 14:07:43 - [TEST_STEP][PASSED] - colourVerified = true: null

2019-04-30 14:07:43 - [TEST_STEP][PASSED] - break: null

2019-04-30 14:07:43 - [TEST_STEP][PASSED] - assert colourVerified == true: null

2019-04-30 14:07:43 - [TEST_STEP][PASSED] - getPrice = getText(findTestObject("Page_cabi Order Items/GetAttribute_Price")): Text of object 'Object Repository/Page_cabi Order Items/GetAttribute_Price' is: 'Price : $119.00'

2019-04-30 14:07:43 - [MESSAGE][PASSED] - Text of object 'Object Repository/Page_cabi Order Items/GetAttribute_Price' is: 'Price : $119.00'

2019-04-30 14:07:43 - [TEST_STEP][PASSED] - Split_Data = UtilityMethods.SplitData(getPrice): null

2019-04-30 14:07:43 - [TEST_STEP][PASSED] - verifyMatch(Split_Data, findTestData("productData").getValue("Retail", row), true): Actual text '119' and expected text '119' are matched  using regular expression

2019-04-30 14:07:43 - [MESSAGE][PASSED] - Actual text '119' and expected text '119' are matched  using regular expression

2019-04-30 14:07:43 - [TEST_STEP][PASSED] - sizeRange1 = ["XXS", "XS", "S", "M", "L", "XL"]: null

2019-04-30 14:07:43 - [TEST_STEP][PASSED] - sizeRange2 = ["00", "0", "2", "4", "6", "8", "10", "12", "14", "16"]: null

2019-04-30 14:07:43 - [TEST_STEP][PASSED] - sizeRange3 = ["Long", "Regular", "Short"]: null

2019-04-30 14:07:43 - [TEST_STEP][PASSED] - sizeRange4 = ["5", "6", "6.5", "7", "7.5", "8", "8.5", "9", "9.5", "10", "11"]: null

2019-04-30 14:07:43 - [TEST_STEP][PASSED] - sizeRangeSplit = UtilityMethods.SplitSizes(findTestData("productData").getValue("SzRange", row)): null

2019-04-30 14:07:43 - [TEST_STEP][PASSED] - sizeType = getText(findTestObject("Object Repository/Page_cabi Order Items/Size")): Text of object 'Object Repository/Page_cabi Order Items/Size' is: 'Select'

2019-04-30 14:07:43 - [MESSAGE][PASSED] - Text of object 'Object Repository/Page_cabi Order Items/Size' is: 'Select'

2019-04-30 14:07:43 - [TEST_STEP][PASSED] - sizeOptions = findWebElements(findTestObject("Object Repository/Page_cabi Order Items/Size"), 5): null

2019-04-30 14:07:43 - [TEST_STEP][PASSED] - actualRange = new java.util.ArrayList(): null

2019-04-30 14:07:43 - [TEST_STEP][PASSED] - expectedRange = <not implemented yet for class: org.codehaus.groovy.ast.expr.EmptyExpression>: null

2019-04-30 14:07:43 - [TEST_STEP][PASSED] - if (sizeType.equalsIgnoreCase("Select")): null

2019-04-30 14:07:43 - [TEST_STEP][PASSED] - for ([i = 1, i < sizeOptions.size(), (i++)]): null

2019-04-30 14:07:43 - [TEST_STEP][PASSED] - actualRange.add(get(i).getText()): null

2019-04-30 14:07:43 - [TEST_STEP][PASSED] - actualRange.add(get(i).getText()): null

2019-04-30 14:07:43 - [TEST_STEP][PASSED] - actualRange.add(get(i).getText()): null

2019-04-30 14:07:43 - [TEST_STEP][PASSED] - actualRange.add(get(i).getText()): null

2019-04-30 14:07:43 - [TEST_STEP][PASSED] - actualRange.add(get(i).getText()): null

2019-04-30 14:07:43 - [TEST_STEP][PASSED] - if (toString().equalsIgnoreCase("XS") || toString().equalsIgnoreCase("XXS")): null

2019-04-30 14:07:43 - [TEST_STEP][PASSED] - expectedRange = UtilityMethods.getExpectedRange(sizeRange1, sizeRangeSplit): null

2019-04-30 14:07:43 - [TEST_STEP][PASSED] - println("XS"): null

2019-04-30 14:07:43 - [TEST_STEP][PASSED] - println(expectedRange.toString()): null

2019-04-30 14:07:43 - [TEST_STEP][PASSED] - assert UtilityMethods.listEquals(expectedRange, actualRange) == true: null

2019-04-30 14:07:43 - [TEST_STEP][PASSED] - delay(3): Delayed 3 second(s)

2019-04-30 14:07:46 - [MESSAGE][PASSED] - Delayed 3 second(s)

2019-04-30 14:07:46 - [TEST_STEP][PASSED] - verifyElementText(findTestObject("Page_cabi Order Items/product_title"), findTestData("productData").getValue("Description", row)): Actual text and expected text of test object 'Object Repository/Page_cabi Order Items/product_title' are matched.

2019-04-30 14:07:46 - [MESSAGE][PASSED] - Actual text and expected text of test object 'Object Repository/Page_cabi Order Items/product_title' are matched.

2019-04-30 14:07:46 - [TEST_STEP][PASSED] - verifyElementText(findTestObject("Page_cabi Order Items/product_fabric"), findTestData("productData").getValue("FinalContent", row)): Actual text and expected text of test object 'Object Repository/Page_cabi Order Items/product_fabric' are matched.

2019-04-30 14:07:46 - [MESSAGE][PASSED] - Actual text and expected text of test object 'Object Repository/Page_cabi Order Items/product_fabric' are matched.

2019-04-30 14:07:46 - [TEST_STEP][PASSED] - actualCasreIntrn = "<div>" + getText(findTestObject("Page_cabi Order Items/care_instruction")) + "</div>": Text of object 'Object Repository/Page_cabi Order Items/care_instruction' is: 'Turn garment inside out and place in a mesh bag. Machine wash separately in cold water on the delicate cycle. Only non-chlorine bleach if needed. Do not twist or wring. Lay flat to dry. Warm iron if needed. Can be dry cleaned.'

2019-04-30 14:07:46 - [MESSAGE][PASSED] - Text of object 'Object Repository/Page_cabi Order Items/care_instruction' is: 'Turn garment inside out and place in a mesh bag. Machine wash separately in cold water on the delicate cycle. Only non-chlorine bleach if needed. Do not twist or wring. Lay flat to dry. Warm iron if needed. Can be dry cleaned.'

2019-04-30 14:07:46 - [TEST_STEP][PASSED] - assert actualCasreIntrn.equals(findTestData("productData").getValue("CareInstr", row)): null

2019-04-30 14:07:46 - [MESSAGE][PASSED] - Call Test Case 'Test Cases/productVerify' successfully

2019-04-30 14:07:46 - [TEST_STEP][PASSED] - click(findTestObject("Object Repository/Page_cabi Home/a_Shows  Orders")): Object: 'Object Repository/Page_cabi Home/a_Shows  Orders' is clicked on

2019-04-30 14:07:46 - [MESSAGE][PASSED] - Object: 'Object Repository/Page_cabi Home/a_Shows  Orders' is clicked on

2019-04-30 14:07:46 - [TEST_STEP][PASSED] - delay(3): Delayed 3 second(s)

2019-04-30 14:07:49 - [MESSAGE][PASSED] - Delayed 3 second(s)

2019-04-30 14:07:49 - [TEST_STEP][PASSED] - click(findTestObject("Page_cabi Home/a_online_outline_purchases")): Object: 'Object Repository/Page_cabi Home/a_online_outline_purchases' is clicked on

2019-04-30 14:07:54 - [MESSAGE][PASSED] - Object: 'Object Repository/Page_cabi Home/a_online_outline_purchases' is clicked on

2019-04-30 14:07:54 - [TEST_STEP][PASSED] - click(findTestObject("Object Repository/Page_cabi Online Outlet Store/span_Continue to Order")): Object: 'Object Repository/Page_cabi Online Outlet Store/span_Continue to Order' is clicked on

2019-04-30 14:07:54 - [MESSAGE][PASSED] - Object: 'Object Repository/Page_cabi Online Outlet Store/span_Continue to Order' is clicked on

2019-04-30 14:07:54 - [TEST_STEP][PASSED] - callTestCase(findTestCase("productVerify"), ["available":BOOnlineoutlet], STOP_ON_FAILURE): Call Test Case 'Test Cases/productVerify' successfully

2019-04-30 14:07:54 - [TEST_CASE][PASSED] - Test Cases/productVerify: Test Cases/productVerify

2019-04-30 14:07:54 - [TEST_STEP][PASSED] - for ([row = 1, row <= findTestData("productData").getRowNumbers(), (row++)]): Actual text and expected text of test object 'Object Repository/Page_cabi Order Items/no_result_found' are matched.

2019-04-30 14:07:54 - [TEST_STEP][PASSED] - setText(findTestObject("Object Repository/Page_cabi Order Items/input_New Arrivals - Blooming Blush_style"), findTestData("productData").getValue("Style", row)): Text '5618' is set on object 'Object Repository/Page_cabi Order Items/input_New Arrivals - Blooming Blush_style'

2019-04-30 14:07:56 - [MESSAGE][PASSED] - Text '5618' is set on object 'Object Repository/Page_cabi Order Items/input_New Arrivals - Blooming Blush_style'

2019-04-30 14:07:56 - [TEST_STEP][PASSED] - delay(5): Delayed 5 second(s)

2019-04-30 14:08:01 - [MESSAGE][PASSED] - Delayed 5 second(s)

2019-04-30 14:08:01 - [TEST_STEP][PASSED] - sendKeys(findTestObject("Object Repository/Page_cabi Order Items/input_New Arrivals - Blooming Blush_style"), Keys.chord(ENTER)): Keys 'ENTER + ' sent to object: 'Object Repository/Page_cabi Order Items/input_New Arrivals - Blooming Blush_style'

2019-04-30 14:08:01 - [MESSAGE][PASSED] - Keys 'ENTER + ' sent to object: 'Object Repository/Page_cabi Order Items/input_New Arrivals - Blooming Blush_style'

2019-04-30 14:08:01 - [TEST_STEP][PASSED] - if (toString().equalsIgnoreCase("no")): Actual text and expected text of test object 'Object Repository/Page_cabi Order Items/no_result_found' are matched.

2019-04-30 14:08:01 - [TEST_STEP][PASSED] - noResultMessages = findWebElements(findTestObject("Page_cabi Order Items/no_result_found"), 5): null

2019-04-30 14:08:04 - [TEST_STEP][PASSED] - assert noResultMessages.size() > 0: null

2019-04-30 14:08:04 - [TEST_STEP][PASSED] - verifyElementText(findTestObject("Page_cabi Order Items/no_result_found"), "No Results Found!"): Actual text and expected text of test object 'Object Repository/Page_cabi Order Items/no_result_found' are matched.

2019-04-30 14:08:04 - [MESSAGE][PASSED] - Actual text and expected text of test object 'Object Repository/Page_cabi Order Items/no_result_found' are matched.

2019-04-30 14:08:04 - [MESSAGE][PASSED] - Call Test Case 'Test Cases/productVerify' successfully

2019-04-30 14:08:04 - [TEST_STEP][PASSED] - callTestCase(findTestCase("populateTimeGlobalVars"), ["row":timeRow], STOP_ON_FAILURE): Call Test Case 'Test Cases/populateTimeGlobalVars' successfully

2019-04-30 14:08:04 - [TEST_CASE][PASSED] - Test Cases/populateTimeGlobalVars: Test Cases/populateTimeGlobalVars

2019-04-30 14:08:04 - [TEST_STEP][PASSED] - dataFile = "timezoneData": null

2019-04-30 14:08:04 - [TEST_STEP][PASSED] - serverTarget = UtilityMethods.getTestData(dataFile, "serverTarget", row): null

2019-04-30 14:08:04 - [TEST_STEP][PASSED] - orderType = UtilityMethods.getTestData(dataFile, "orderType", row): null

2019-04-30 14:08:04 - [TEST_STEP][PASSED] - timeZone = UtilityMethods.getTestData(dataFile, "timeZone", row): null

2019-04-30 14:08:04 - [TEST_STEP][PASSED] - BOPersonal = UtilityMethods.getTestData(dataFile, "BOPersonal", row): null

2019-04-30 14:08:04 - [TEST_STEP][PASSED] - BOAddon = UtilityMethods.getTestData(dataFile, "BOAddon", row): null

2019-04-30 14:08:04 - [TEST_STEP][PASSED] - BORetail = UtilityMethods.getTestData(dataFile, "BORetail", row): null

2019-04-30 14:08:04 - [TEST_STEP][PASSED] - BOShow = UtilityMethods.getTestData(dataFile, "BOShow", row): null

2019-04-30 14:08:04 - [TEST_STEP][PASSED] - BOOnlineoutlet = UtilityMethods.getTestData(dataFile, "BOOnlineoutlet", row): null

2019-04-30 14:08:04 - [TEST_STEP][PASSED] - BOEmployee = UtilityMethods.getTestData(dataFile, "BOEmployee", row): null

2019-04-30 14:08:04 - [TEST_STEP][PASSED] - CCPersonal = UtilityMethods.getTestData(dataFile, "CCPersonal", row): null

2019-04-30 14:08:04 - [TEST_STEP][PASSED] - CCRetail = UtilityMethods.getTestData(dataFile, "CCRetail", row): null

2019-04-30 14:08:04 - [TEST_STEP][PASSED] - CCShow = UtilityMethods.getTestData(dataFile, "CCShow", row): null

2019-04-30 14:08:04 - [MESSAGE][PASSED] - Call Test Case 'Test Cases/populateTimeGlobalVars' successfully

2019-04-30 14:08:04 - [TEST_STEP][PASSED] - callTestCase(findTestCase("newArrivalsSetTimezone"), ["ofbizURL":ofbizURL, "ofbizuser":ofbizuser, "ofbizpass":ofbizpass, "orderType":orderType, "timeZone":timeZone, "serverTarget":serverTarget], STOP_ON_FAILURE): Call Test Case 'Test Cases/newArrivalsSetTimezone' successfully

2019-04-30 14:08:04 - [TEST_CASE][PASSED] - Test Cases/newArrivalsSetTimezone: Test Cases/newArrivalsSetTimezone

2019-04-30 14:08:04 - [TEST_STEP][NOT_RUN] - openBrowser(""): NOT_RUN: openBrowser("")

2019-04-30 14:08:04 - [MESSAGE][NOT_RUN] - NOT_RUN: openBrowser("")

2019-04-30 14:08:04 - [TEST_STEP][NOT_RUN] - maximizeWindow(): NOT_RUN: maximizeWindow()

2019-04-30 14:08:04 - [MESSAGE][NOT_RUN] - NOT_RUN: maximizeWindow()

2019-04-30 14:08:04 - [TEST_STEP][PASSED] - navigateToUrl(ofbizURL): Navigate to 'https://pushofbiz.cliotest.com/login.php' successfully

2019-04-30 14:08:06 - [MESSAGE][PASSED] - Navigate to 'https://pushofbiz.cliotest.com/login.php' successfully

2019-04-30 14:08:06 - [TEST_STEP][PASSED] - setText(findTestObject("Page_/input_Username_username"), ofbizuser): Text 'sshinde' is set on object 'Object Repository/Page_/input_Username_username'

2019-04-30 14:08:06 - [MESSAGE][PASSED] - Text 'sshinde' is set on object 'Object Repository/Page_/input_Username_username'

2019-04-30 14:08:06 - [TEST_STEP][PASSED] - setText(findTestObject("Page_/input_Password_password"), ofbizpass): Text 'C@bi$ush5' is set on object 'Object Repository/Page_/input_Password_password'

2019-04-30 14:08:06 - [MESSAGE][PASSED] - Text 'C@bi$ush5' is set on object 'Object Repository/Page_/input_Password_password'

2019-04-30 14:08:06 - [TEST_STEP][PASSED] - click(findTestObject("Page_/input_Password_Submit")): Object: 'Object Repository/Page_/input_Password_Submit' is clicked on

2019-04-30 14:08:08 - [MESSAGE][PASSED] - Object: 'Object Repository/Page_/input_Password_Submit' is clicked on

2019-04-30 14:08:08 - [TEST_STEP][PASSED] - click(findTestObject("Object Repository/Page_/a_Clock set")): Object: 'Object Repository/Page_/a_Clock set' is clicked on

2019-04-30 14:08:08 - [MESSAGE][PASSED] - Object: 'Object Repository/Page_/a_Clock set' is clicked on

2019-04-30 14:08:08 - [TEST_STEP][PASSED] - selectOptionByLabel(findTestObject("Object Repository/Page_/serverTarget"), serverTarget, true): All options with label 'test14' are selected in object 'Object Repository/Page_/serverTarget'  using regular expression

2019-04-30 14:08:09 - [MESSAGE][PASSED] - All options with label 'test14' are selected in object 'Object Repository/Page_/serverTarget'  using regular expression

2019-04-30 14:08:09 - [TEST_STEP][PASSED] - click(findTestObject("Page_/thisDateAndTime")): Object: 'Object Repository/Page_/thisDateAndTime' is clicked on

2019-04-30 14:08:10 - [MESSAGE][PASSED] - Object: 'Object Repository/Page_/thisDateAndTime' is clicked on

2019-04-30 14:08:10 - [TEST_STEP][PASSED] - setText(findTestObject("Object Repository/Page_/setTargetTime"), timeZone): Text ' 05/08/2019 7:00' is set on object 'Object Repository/Page_/setTargetTime'

2019-04-30 14:08:10 - [MESSAGE][PASSED] - Text ' 05/08/2019 7:00' is set on object 'Object Repository/Page_/setTargetTime'

2019-04-30 14:08:10 - [TEST_STEP][PASSED] - click(findTestObject("Object Repository/Page_/input")): Object: 'Object Repository/Page_/input' is clicked on

2019-04-30 14:08:10 - [MESSAGE][PASSED] - Object: 'Object Repository/Page_/input' is clicked on

2019-04-30 14:08:10 - [TEST_STEP][PASSED] - delay(10): Delayed 10 second(s)

2019-04-30 14:08:20 - [MESSAGE][PASSED] - Delayed 10 second(s)

2019-04-30 14:08:20 - [MESSAGE][PASSED] - Call Test Case 'Test Cases/newArrivalsSetTimezone' successfully

2019-04-30 14:08:20 - [TEST_STEP][PASSED] - navigateToUrl(BOURL): Navigate to 'https://test14.cliotest.com/backoffice/control/main' successfully

2019-04-30 14:08:22 - [MESSAGE][PASSED] - Navigate to 'https://test14.cliotest.com/backoffice/control/main' successfully

2019-04-30 14:08:22 - [TEST_STEP][PASSED] - maximizeWindow(): Current window maximized

2019-04-30 14:08:22 - [MESSAGE][PASSED] - Current window maximized

2019-04-30 14:08:22 - [TEST_STEP][PASSED] - logOut = findWebElements(findTestObject("Object Repository/Page_cabi Home/log_out"), 5): Unable to find the element located by 'By.xpath: //a[contains(text(),'Log Out')]'. Please recheck the objects properties to make sure the desired element is located. 

2019-04-30 14:08:27 - [MESSAGE][INFO] - Unable to find the element located by 'By.xpath: //a[contains(text(),'Log Out')]'. Please recheck the objects properties to make sure the desired element is located. 

2019-04-30 14:08:27 - [TEST_STEP][PASSED] - if (logOut.size() == 0): Object: 'Object Repository/Page_cabi/input_Welcome to_consultantLogin' is clicked on

2019-04-30 14:08:27 - [TEST_STEP][PASSED] - setText(findTestObject("Page_cabi/input_Welcome to_USERNAME"), BOuser): Text '400000002' is set on object 'Object Repository/Page_cabi/input_Welcome to_USERNAME'

2019-04-30 14:08:28 - [MESSAGE][PASSED] - Text '400000002' is set on object 'Object Repository/Page_cabi/input_Welcome to_USERNAME'

2019-04-30 14:08:28 - [TEST_STEP][PASSED] - setText(findTestObject("Object Repository/Page_cabi/input_Welcome to_PASSWORD"), BOpass): Text 'blackdress19' is set on object 'Object Repository/Page_cabi/input_Welcome to_PASSWORD'

2019-04-30 14:08:28 - [MESSAGE][PASSED] - Text 'blackdress19' is set on object 'Object Repository/Page_cabi/input_Welcome to_PASSWORD'

2019-04-30 14:08:28 - [TEST_STEP][PASSED] - click(findTestObject("Object Repository/Page_cabi/input_Welcome to_consultantLogin")): Object: 'Object Repository/Page_cabi/input_Welcome to_consultantLogin' is clicked on

2019-04-30 14:08:32 - [MESSAGE][PASSED] - Object: 'Object Repository/Page_cabi/input_Welcome to_consultantLogin' is clicked on

2019-04-30 14:08:32 - [TEST_STEP][PASSED] - click(findTestObject("Object Repository/Page_cabi Home/a_Shows  Orders")): Object: 'Object Repository/Page_cabi Home/a_Shows  Orders' is clicked on

2019-04-30 14:08:32 - [MESSAGE][PASSED] - Object: 'Object Repository/Page_cabi Home/a_Shows  Orders' is clicked on

2019-04-30 14:08:32 - [TEST_STEP][PASSED] - delay(3): Delayed 3 second(s)

2019-04-30 14:08:35 - [MESSAGE][PASSED] - Delayed 3 second(s)

2019-04-30 14:08:35 - [TEST_STEP][PASSED] - click(findTestObject("Page_cabi Home/a_personal_purchases")): Object: 'Object Repository/Page_cabi Home/a_personal_purchases' is clicked on

2019-04-30 14:08:37 - [MESSAGE][PASSED] - Object: 'Object Repository/Page_cabi Home/a_personal_purchases' is clicked on

2019-04-30 14:08:37 - [TEST_STEP][PASSED] - click(findTestObject("Object Repository/Page_cabi Personal Store/span_Continue to Order")): Object: 'Object Repository/Page_cabi Personal Store/span_Continue to Order' is clicked on

2019-04-30 14:08:37 - [MESSAGE][PASSED] - Object: 'Object Repository/Page_cabi Personal Store/span_Continue to Order' is clicked on

2019-04-30 14:08:37 - [TEST_STEP][PASSED] - callTestCase(findTestCase("productVerify"), ["available":BOPersonal], STOP_ON_FAILURE): Call Test Case 'Test Cases/productVerify' successfully

2019-04-30 14:08:38 - [TEST_CASE][PASSED] - Test Cases/productVerify: Test Cases/productVerify

2019-04-30 14:08:38 - [TEST_STEP][PASSED] - for ([row = 1, row <= findTestData("productData").getRowNumbers(), (row++)]): null

2019-04-30 14:08:38 - [TEST_STEP][PASSED] - setText(findTestObject("Object Repository/Page_cabi Order Items/input_New Arrivals - Blooming Blush_style"), findTestData("productData").getValue("Style", row)): Text '5618' is set on object 'Object Repository/Page_cabi Order Items/input_New Arrivals - Blooming Blush_style'

2019-04-30 14:08:38 - [MESSAGE][PASSED] - Text '5618' is set on object 'Object Repository/Page_cabi Order Items/input_New Arrivals - Blooming Blush_style'

2019-04-30 14:08:38 - [TEST_STEP][PASSED] - delay(5): Delayed 5 second(s)

2019-04-30 14:08:43 - [MESSAGE][PASSED] - Delayed 5 second(s)

2019-04-30 14:08:43 - [TEST_STEP][PASSED] - sendKeys(findTestObject("Object Repository/Page_cabi Order Items/input_New Arrivals - Blooming Blush_style"), Keys.chord(ENTER)): Keys 'ENTER + ' sent to object: 'Object Repository/Page_cabi Order Items/input_New Arrivals - Blooming Blush_style'

2019-04-30 14:08:43 - [MESSAGE][PASSED] - Keys 'ENTER + ' sent to object: 'Object Repository/Page_cabi Order Items/input_New Arrivals - Blooming Blush_style'

2019-04-30 14:08:43 - [TEST_STEP][PASSED] - if (toString().equalsIgnoreCase("no")): null

2019-04-30 14:08:43 - [TEST_STEP][PASSED] - else: null

2019-04-30 14:08:43 - [TEST_STEP][PASSED] - click(findTestObject("Page_cabi Order Items/li_5618 Breeze Dress")): Object: 'Object Repository/Page_cabi Order Items/li_5618 Breeze Dress' is clicked on

2019-04-30 14:08:49 - [MESSAGE][PASSED] - Object: 'Object Repository/Page_cabi Order Items/li_5618 Breeze Dress' is clicked on

2019-04-30 14:08:49 - [TEST_STEP][PASSED] - delay(3): Delayed 3 second(s)

2019-04-30 14:08:52 - [MESSAGE][PASSED] - Delayed 3 second(s)

2019-04-30 14:08:52 - [TEST_STEP][PASSED] - verifyElementText(findTestObject("Page_cabi Order Items/GetAttribute_getID"), findTestData("productData").getValue("Style", row)): Actual text and expected text of test object 'Object Repository/Page_cabi Order Items/GetAttribute_getID' are matched.

2019-04-30 14:08:53 - [MESSAGE][PASSED] - Actual text and expected text of test object 'Object Repository/Page_cabi Order Items/GetAttribute_getID' are matched.

2019-04-30 14:08:53 - [TEST_STEP][PASSED] - delay(3): Delayed 3 second(s)

2019-04-30 14:08:56 - [MESSAGE][PASSED] - Delayed 3 second(s)

2019-04-30 14:08:56 - [TEST_STEP][PASSED] - colorOptions = findWebElements(findTestObject("Page_cabi Order Items/GetAttribute_Color"), 5): null

2019-04-30 14:08:56 - [TEST_STEP][PASSED] - println(colorOptions.size()): null

2019-04-30 14:08:56 - [TEST_STEP][PASSED] - expectedColour = findTestData("productData").getValue("Color", row): null

2019-04-30 14:08:56 - [TEST_STEP][PASSED] - println("expected colour is"): null

2019-04-30 14:08:56 - [TEST_STEP][PASSED] - println(expectedColour): null

2019-04-30 14:08:56 - [TEST_STEP][PASSED] - colourVerified = false: null

2019-04-30 14:08:56 - [TEST_STEP][PASSED] - for (org.openqa.selenium.WebElement op : colorOptions): null

2019-04-30 14:08:56 - [TEST_STEP][PASSED] - println(op.getText()): null

2019-04-30 14:08:56 - [TEST_STEP][PASSED] - if (expectedColour.equalsIgnoreCase(op.getText())): null

2019-04-30 14:08:56 - [TEST_STEP][PASSED] - colourVerified = true: null

2019-04-30 14:08:56 - [TEST_STEP][PASSED] - break: null

2019-04-30 14:08:56 - [TEST_STEP][PASSED] - assert colourVerified == true: null

2019-04-30 14:08:56 - [TEST_STEP][PASSED] - getPrice = getText(findTestObject("Page_cabi Order Items/GetAttribute_Price")): Text of object 'Object Repository/Page_cabi Order Items/GetAttribute_Price' is: 'Price : $119.00'

2019-04-30 14:08:56 - [MESSAGE][PASSED] - Text of object 'Object Repository/Page_cabi Order Items/GetAttribute_Price' is: 'Price : $119.00'

2019-04-30 14:08:56 - [TEST_STEP][PASSED] - Split_Data = UtilityMethods.SplitData(getPrice): null

2019-04-30 14:08:56 - [TEST_STEP][PASSED] - verifyMatch(Split_Data, findTestData("productData").getValue("Retail", row), true): Actual text '119' and expected text '119' are matched  using regular expression

2019-04-30 14:08:56 - [MESSAGE][PASSED] - Actual text '119' and expected text '119' are matched  using regular expression

2019-04-30 14:08:56 - [TEST_STEP][PASSED] - sizeRange1 = ["XXS", "XS", "S", "M", "L", "XL"]: null

2019-04-30 14:08:56 - [TEST_STEP][PASSED] - sizeRange2 = ["00", "0", "2", "4", "6", "8", "10", "12", "14", "16"]: null

2019-04-30 14:08:56 - [TEST_STEP][PASSED] - sizeRange3 = ["Long", "Regular", "Short"]: null

2019-04-30 14:08:56 - [TEST_STEP][PASSED] - sizeRange4 = ["5", "6", "6.5", "7", "7.5", "8", "8.5", "9", "9.5", "10", "11"]: null

2019-04-30 14:08:56 - [TEST_STEP][PASSED] - sizeRangeSplit = UtilityMethods.SplitSizes(findTestData("productData").getValue("SzRange", row)): null

2019-04-30 14:08:56 - [TEST_STEP][PASSED] - sizeType = getText(findTestObject("Object Repository/Page_cabi Order Items/Size")): Text of object 'Object Repository/Page_cabi Order Items/Size' is: 'Select'

2019-04-30 14:08:56 - [MESSAGE][PASSED] - Text of object 'Object Repository/Page_cabi Order Items/Size' is: 'Select'

2019-04-30 14:08:56 - [TEST_STEP][PASSED] - sizeOptions = findWebElements(findTestObject("Object Repository/Page_cabi Order Items/Size"), 5): null

2019-04-30 14:08:56 - [TEST_STEP][PASSED] - actualRange = new java.util.ArrayList(): null

2019-04-30 14:08:56 - [TEST_STEP][PASSED] - expectedRange = <not implemented yet for class: org.codehaus.groovy.ast.expr.EmptyExpression>: null

2019-04-30 14:08:56 - [TEST_STEP][PASSED] - if (sizeType.equalsIgnoreCase("Select")): null

2019-04-30 14:08:56 - [TEST_STEP][PASSED] - for ([i = 1, i < sizeOptions.size(), (i++)]): null

2019-04-30 14:08:56 - [TEST_STEP][PASSED] - actualRange.add(get(i).getText()): null

2019-04-30 14:08:56 - [TEST_STEP][PASSED] - actualRange.add(get(i).getText()): null

2019-04-30 14:08:56 - [TEST_STEP][PASSED] - actualRange.add(get(i).getText()): null

2019-04-30 14:08:56 - [TEST_STEP][PASSED] - actualRange.add(get(i).getText()): null

2019-04-30 14:08:56 - [TEST_STEP][PASSED] - actualRange.add(get(i).getText()): null

2019-04-30 14:08:56 - [TEST_STEP][PASSED] - if (toString().equalsIgnoreCase("XS") || toString().equalsIgnoreCase("XXS")): null

2019-04-30 14:08:56 - [TEST_STEP][PASSED] - expectedRange = UtilityMethods.getExpectedRange(sizeRange1, sizeRangeSplit): null

2019-04-30 14:08:56 - [TEST_STEP][PASSED] - println("XS"): null

2019-04-30 14:08:56 - [TEST_STEP][PASSED] - println(expectedRange.toString()): null

2019-04-30 14:08:56 - [TEST_STEP][PASSED] - assert UtilityMethods.listEquals(expectedRange, actualRange) == true: null

2019-04-30 14:08:56 - [TEST_STEP][PASSED] - delay(3): Delayed 3 second(s)

2019-04-30 14:08:59 - [MESSAGE][PASSED] - Delayed 3 second(s)

2019-04-30 14:08:59 - [TEST_STEP][PASSED] - verifyElementText(findTestObject("Page_cabi Order Items/product_title"), findTestData("productData").getValue("Description", row)): Actual text and expected text of test object 'Object Repository/Page_cabi Order Items/product_title' are matched.

2019-04-30 14:08:59 - [MESSAGE][PASSED] - Actual text and expected text of test object 'Object Repository/Page_cabi Order Items/product_title' are matched.

2019-04-30 14:08:59 - [TEST_STEP][PASSED] - verifyElementText(findTestObject("Page_cabi Order Items/product_fabric"), findTestData("productData").getValue("FinalContent", row)): Actual text and expected text of test object 'Object Repository/Page_cabi Order Items/product_fabric' are matched.

2019-04-30 14:08:59 - [MESSAGE][PASSED] - Actual text and expected text of test object 'Object Repository/Page_cabi Order Items/product_fabric' are matched.

2019-04-30 14:08:59 - [TEST_STEP][PASSED] - actualCasreIntrn = "<div>" + getText(findTestObject("Page_cabi Order Items/care_instruction")) + "</div>": Text of object 'Object Repository/Page_cabi Order Items/care_instruction' is: 'Turn garment inside out and place in a mesh bag. Machine wash separately in cold water on the delicate cycle. Only non-chlorine bleach if needed. Do not twist or wring. Lay flat to dry. Warm iron if needed. Can be dry cleaned.'

2019-04-30 14:08:59 - [MESSAGE][PASSED] - Text of object 'Object Repository/Page_cabi Order Items/care_instruction' is: 'Turn garment inside out and place in a mesh bag. Machine wash separately in cold water on the delicate cycle. Only non-chlorine bleach if needed. Do not twist or wring. Lay flat to dry. Warm iron if needed. Can be dry cleaned.'

2019-04-30 14:08:59 - [TEST_STEP][PASSED] - assert actualCasreIntrn.equals(findTestData("productData").getValue("CareInstr", row)): null

2019-04-30 14:08:59 - [MESSAGE][PASSED] - Call Test Case 'Test Cases/productVerify' successfully

2019-04-30 14:08:59 - [TEST_STEP][PASSED] - click(findTestObject("Object Repository/Page_cabi Home/a_Shows  Orders")): Object: 'Object Repository/Page_cabi Home/a_Shows  Orders' is clicked on

2019-04-30 14:08:59 - [MESSAGE][PASSED] - Object: 'Object Repository/Page_cabi Home/a_Shows  Orders' is clicked on

2019-04-30 14:08:59 - [TEST_STEP][PASSED] - delay(3): Delayed 3 second(s)

2019-04-30 14:09:02 - [MESSAGE][PASSED] - Delayed 3 second(s)

2019-04-30 14:09:02 - [TEST_STEP][PASSED] - click(findTestObject("Page_cabi Home/a_retail_purchases")): Object: 'Object Repository/Page_cabi Home/a_retail_purchases' is clicked on

2019-04-30 14:09:07 - [MESSAGE][PASSED] - Object: 'Object Repository/Page_cabi Home/a_retail_purchases' is clicked on

2019-04-30 14:09:07 - [TEST_STEP][PASSED] - click(findTestObject("Object Repository/Page_cabi Retail Store/span_Continue to Order")): Object: 'Object Repository/Page_cabi Retail Store/span_Continue to Order' is clicked on

2019-04-30 14:09:07 - [MESSAGE][PASSED] - Object: 'Object Repository/Page_cabi Retail Store/span_Continue to Order' is clicked on

2019-04-30 14:09:07 - [TEST_STEP][PASSED] - callTestCase(findTestCase("productVerify"), ["available":BORetail], STOP_ON_FAILURE): Call Test Case 'Test Cases/productVerify' successfully

2019-04-30 14:09:07 - [TEST_CASE][PASSED] - Test Cases/productVerify: Test Cases/productVerify

2019-04-30 14:09:07 - [TEST_STEP][PASSED] - for ([row = 1, row <= findTestData("productData").getRowNumbers(), (row++)]): null

2019-04-30 14:09:07 - [TEST_STEP][PASSED] - setText(findTestObject("Object Repository/Page_cabi Order Items/input_New Arrivals - Blooming Blush_style"), findTestData("productData").getValue("Style", row)): Text '5618' is set on object 'Object Repository/Page_cabi Order Items/input_New Arrivals - Blooming Blush_style'

2019-04-30 14:09:09 - [MESSAGE][PASSED] - Text '5618' is set on object 'Object Repository/Page_cabi Order Items/input_New Arrivals - Blooming Blush_style'

2019-04-30 14:09:09 - [TEST_STEP][PASSED] - delay(5): Delayed 5 second(s)

2019-04-30 14:09:14 - [MESSAGE][PASSED] - Delayed 5 second(s)

2019-04-30 14:09:14 - [TEST_STEP][PASSED] - sendKeys(findTestObject("Object Repository/Page_cabi Order Items/input_New Arrivals - Blooming Blush_style"), Keys.chord(ENTER)): Keys 'ENTER + ' sent to object: 'Object Repository/Page_cabi Order Items/input_New Arrivals - Blooming Blush_style'

2019-04-30 14:09:14 - [MESSAGE][PASSED] - Keys 'ENTER + ' sent to object: 'Object Repository/Page_cabi Order Items/input_New Arrivals - Blooming Blush_style'

2019-04-30 14:09:14 - [TEST_STEP][PASSED] - if (toString().equalsIgnoreCase("no")): null

2019-04-30 14:09:14 - [TEST_STEP][PASSED] - else: null

2019-04-30 14:09:14 - [TEST_STEP][PASSED] - click(findTestObject("Page_cabi Order Items/li_5618 Breeze Dress")): Object: 'Object Repository/Page_cabi Order Items/li_5618 Breeze Dress' is clicked on

2019-04-30 14:09:21 - [MESSAGE][PASSED] - Object: 'Object Repository/Page_cabi Order Items/li_5618 Breeze Dress' is clicked on

2019-04-30 14:09:21 - [TEST_STEP][PASSED] - delay(3): Delayed 3 second(s)

2019-04-30 14:09:24 - [MESSAGE][PASSED] - Delayed 3 second(s)

2019-04-30 14:09:24 - [TEST_STEP][PASSED] - verifyElementText(findTestObject("Page_cabi Order Items/GetAttribute_getID"), findTestData("productData").getValue("Style", row)): Actual text and expected text of test object 'Object Repository/Page_cabi Order Items/GetAttribute_getID' are matched.

2019-04-30 14:09:24 - [MESSAGE][PASSED] - Actual text and expected text of test object 'Object Repository/Page_cabi Order Items/GetAttribute_getID' are matched.

2019-04-30 14:09:24 - [TEST_STEP][PASSED] - delay(3): Delayed 3 second(s)

2019-04-30 14:09:27 - [MESSAGE][PASSED] - Delayed 3 second(s)

2019-04-30 14:09:27 - [TEST_STEP][PASSED] - colorOptions = findWebElements(findTestObject("Page_cabi Order Items/GetAttribute_Color"), 5): null

2019-04-30 14:09:27 - [TEST_STEP][PASSED] - println(colorOptions.size()): null

2019-04-30 14:09:27 - [TEST_STEP][PASSED] - expectedColour = findTestData("productData").getValue("Color", row): null

2019-04-30 14:09:27 - [TEST_STEP][PASSED] - println("expected colour is"): null

2019-04-30 14:09:27 - [TEST_STEP][PASSED] - println(expectedColour): null

2019-04-30 14:09:27 - [TEST_STEP][PASSED] - colourVerified = false: null

2019-04-30 14:09:27 - [TEST_STEP][PASSED] - for (org.openqa.selenium.WebElement op : colorOptions): null

2019-04-30 14:09:27 - [TEST_STEP][PASSED] - println(op.getText()): null

2019-04-30 14:09:27 - [TEST_STEP][PASSED] - if (expectedColour.equalsIgnoreCase(op.getText())): null

2019-04-30 14:09:27 - [TEST_STEP][PASSED] - colourVerified = true: null

2019-04-30 14:09:27 - [TEST_STEP][PASSED] - break: null

2019-04-30 14:09:27 - [TEST_STEP][PASSED] - assert colourVerified == true: null

2019-04-30 14:09:27 - [TEST_STEP][PASSED] - getPrice = getText(findTestObject("Page_cabi Order Items/GetAttribute_Price")): Text of object 'Object Repository/Page_cabi Order Items/GetAttribute_Price' is: 'Price : $119.00'

2019-04-30 14:09:27 - [MESSAGE][PASSED] - Text of object 'Object Repository/Page_cabi Order Items/GetAttribute_Price' is: 'Price : $119.00'

2019-04-30 14:09:27 - [TEST_STEP][PASSED] - Split_Data = UtilityMethods.SplitData(getPrice): null

2019-04-30 14:09:27 - [TEST_STEP][PASSED] - verifyMatch(Split_Data, findTestData("productData").getValue("Retail", row), true): Actual text '119' and expected text '119' are matched  using regular expression

2019-04-30 14:09:27 - [MESSAGE][PASSED] - Actual text '119' and expected text '119' are matched  using regular expression

2019-04-30 14:09:27 - [TEST_STEP][PASSED] - sizeRange1 = ["XXS", "XS", "S", "M", "L", "XL"]: null

2019-04-30 14:09:27 - [TEST_STEP][PASSED] - sizeRange2 = ["00", "0", "2", "4", "6", "8", "10", "12", "14", "16"]: null

2019-04-30 14:09:27 - [TEST_STEP][PASSED] - sizeRange3 = ["Long", "Regular", "Short"]: null

2019-04-30 14:09:27 - [TEST_STEP][PASSED] - sizeRange4 = ["5", "6", "6.5", "7", "7.5", "8", "8.5", "9", "9.5", "10", "11"]: null

2019-04-30 14:09:27 - [TEST_STEP][PASSED] - sizeRangeSplit = UtilityMethods.SplitSizes(findTestData("productData").getValue("SzRange", row)): null

2019-04-30 14:09:27 - [TEST_STEP][PASSED] - sizeType = getText(findTestObject("Object Repository/Page_cabi Order Items/Size")): Text of object 'Object Repository/Page_cabi Order Items/Size' is: 'Select'

2019-04-30 14:09:27 - [MESSAGE][PASSED] - Text of object 'Object Repository/Page_cabi Order Items/Size' is: 'Select'

2019-04-30 14:09:27 - [TEST_STEP][PASSED] - sizeOptions = findWebElements(findTestObject("Object Repository/Page_cabi Order Items/Size"), 5): null

2019-04-30 14:09:28 - [TEST_STEP][PASSED] - actualRange = new java.util.ArrayList(): null

2019-04-30 14:09:28 - [TEST_STEP][PASSED] - expectedRange = <not implemented yet for class: org.codehaus.groovy.ast.expr.EmptyExpression>: null

2019-04-30 14:09:28 - [TEST_STEP][PASSED] - if (sizeType.equalsIgnoreCase("Select")): null

2019-04-30 14:09:28 - [TEST_STEP][PASSED] - for ([i = 1, i < sizeOptions.size(), (i++)]): null

2019-04-30 14:09:28 - [TEST_STEP][PASSED] - actualRange.add(get(i).getText()): null

2019-04-30 14:09:28 - [TEST_STEP][PASSED] - actualRange.add(get(i).getText()): null

2019-04-30 14:09:28 - [TEST_STEP][PASSED] - actualRange.add(get(i).getText()): null

2019-04-30 14:09:28 - [TEST_STEP][PASSED] - actualRange.add(get(i).getText()): null

2019-04-30 14:09:28 - [TEST_STEP][PASSED] - actualRange.add(get(i).getText()): null

2019-04-30 14:09:28 - [TEST_STEP][PASSED] - if (toString().equalsIgnoreCase("XS") || toString().equalsIgnoreCase("XXS")): null

2019-04-30 14:09:28 - [TEST_STEP][PASSED] - expectedRange = UtilityMethods.getExpectedRange(sizeRange1, sizeRangeSplit): null

2019-04-30 14:09:28 - [TEST_STEP][PASSED] - println("XS"): null

2019-04-30 14:09:28 - [TEST_STEP][PASSED] - println(expectedRange.toString()): null

2019-04-30 14:09:28 - [TEST_STEP][PASSED] - assert UtilityMethods.listEquals(expectedRange, actualRange) == true: null

2019-04-30 14:09:28 - [TEST_STEP][PASSED] - delay(3): Delayed 3 second(s)

2019-04-30 14:09:31 - [MESSAGE][PASSED] - Delayed 3 second(s)

2019-04-30 14:09:31 - [TEST_STEP][PASSED] - verifyElementText(findTestObject("Page_cabi Order Items/product_title"), findTestData("productData").getValue("Description", row)): Actual text and expected text of test object 'Object Repository/Page_cabi Order Items/product_title' are matched.

2019-04-30 14:09:31 - [MESSAGE][PASSED] - Actual text and expected text of test object 'Object Repository/Page_cabi Order Items/product_title' are matched.

2019-04-30 14:09:31 - [TEST_STEP][PASSED] - verifyElementText(findTestObject("Page_cabi Order Items/product_fabric"), findTestData("productData").getValue("FinalContent", row)): Actual text and expected text of test object 'Object Repository/Page_cabi Order Items/product_fabric' are matched.

2019-04-30 14:09:31 - [MESSAGE][PASSED] - Actual text and expected text of test object 'Object Repository/Page_cabi Order Items/product_fabric' are matched.

2019-04-30 14:09:31 - [TEST_STEP][PASSED] - actualCasreIntrn = "<div>" + getText(findTestObject("Page_cabi Order Items/care_instruction")) + "</div>": Text of object 'Object Repository/Page_cabi Order Items/care_instruction' is: 'Turn garment inside out and place in a mesh bag. Machine wash separately in cold water on the delicate cycle. Only non-chlorine bleach if needed. Do not twist or wring. Lay flat to dry. Warm iron if needed. Can be dry cleaned.'

2019-04-30 14:09:31 - [MESSAGE][PASSED] - Text of object 'Object Repository/Page_cabi Order Items/care_instruction' is: 'Turn garment inside out and place in a mesh bag. Machine wash separately in cold water on the delicate cycle. Only non-chlorine bleach if needed. Do not twist or wring. Lay flat to dry. Warm iron if needed. Can be dry cleaned.'

2019-04-30 14:09:31 - [TEST_STEP][PASSED] - assert actualCasreIntrn.equals(findTestData("productData").getValue("CareInstr", row)): null

2019-04-30 14:09:31 - [MESSAGE][PASSED] - Call Test Case 'Test Cases/productVerify' successfully

2019-04-30 14:09:31 - [TEST_STEP][PASSED] - click(findTestObject("Object Repository/Page_cabi Home/a_Shows  Orders")): Object: 'Object Repository/Page_cabi Home/a_Shows  Orders' is clicked on

2019-04-30 14:09:31 - [MESSAGE][PASSED] - Object: 'Object Repository/Page_cabi Home/a_Shows  Orders' is clicked on

2019-04-30 14:09:31 - [TEST_STEP][PASSED] - delay(3): Delayed 3 second(s)

2019-04-30 14:09:34 - [MESSAGE][PASSED] - Delayed 3 second(s)

2019-04-30 14:09:34 - [TEST_STEP][PASSED] - click(findTestObject("Page_cabi Home/a_online_outline_purchases")): Object: 'Object Repository/Page_cabi Home/a_online_outline_purchases' is clicked on

2019-04-30 14:09:38 - [MESSAGE][PASSED] - Object: 'Object Repository/Page_cabi Home/a_online_outline_purchases' is clicked on

2019-04-30 14:09:38 - [TEST_STEP][PASSED] - click(findTestObject("Object Repository/Page_cabi Online Outlet Store/span_Continue to Order")): Object: 'Object Repository/Page_cabi Online Outlet Store/span_Continue to Order' is clicked on

2019-04-30 14:09:39 - [MESSAGE][PASSED] - Object: 'Object Repository/Page_cabi Online Outlet Store/span_Continue to Order' is clicked on

2019-04-30 14:09:39 - [TEST_STEP][PASSED] - callTestCase(findTestCase("productVerify"), ["available":BOOnlineoutlet], STOP_ON_FAILURE): Call Test Case 'Test Cases/productVerify' successfully

2019-04-30 14:09:39 - [TEST_CASE][PASSED] - Test Cases/productVerify: Test Cases/productVerify

2019-04-30 14:09:39 - [TEST_STEP][PASSED] - for ([row = 1, row <= findTestData("productData").getRowNumbers(), (row++)]): Actual text and expected text of test object 'Object Repository/Page_cabi Order Items/no_result_found' are matched.

2019-04-30 14:09:39 - [TEST_STEP][PASSED] - setText(findTestObject("Object Repository/Page_cabi Order Items/input_New Arrivals - Blooming Blush_style"), findTestData("productData").getValue("Style", row)): Text '5618' is set on object 'Object Repository/Page_cabi Order Items/input_New Arrivals - Blooming Blush_style'

2019-04-30 14:09:40 - [MESSAGE][PASSED] - Text '5618' is set on object 'Object Repository/Page_cabi Order Items/input_New Arrivals - Blooming Blush_style'

2019-04-30 14:09:40 - [TEST_STEP][PASSED] - delay(5): Delayed 5 second(s)

2019-04-30 14:09:45 - [MESSAGE][PASSED] - Delayed 5 second(s)

2019-04-30 14:09:45 - [TEST_STEP][PASSED] - sendKeys(findTestObject("Object Repository/Page_cabi Order Items/input_New Arrivals - Blooming Blush_style"), Keys.chord(ENTER)): Keys 'ENTER + ' sent to object: 'Object Repository/Page_cabi Order Items/input_New Arrivals - Blooming Blush_style'

2019-04-30 14:09:45 - [MESSAGE][PASSED] - Keys 'ENTER + ' sent to object: 'Object Repository/Page_cabi Order Items/input_New Arrivals - Blooming Blush_style'

2019-04-30 14:09:45 - [TEST_STEP][PASSED] - if (toString().equalsIgnoreCase("no")): Actual text and expected text of test object 'Object Repository/Page_cabi Order Items/no_result_found' are matched.

2019-04-30 14:09:45 - [TEST_STEP][PASSED] - noResultMessages = findWebElements(findTestObject("Page_cabi Order Items/no_result_found"), 5): null

2019-04-30 14:09:48 - [TEST_STEP][PASSED] - assert noResultMessages.size() > 0: null

2019-04-30 14:09:48 - [TEST_STEP][PASSED] - verifyElementText(findTestObject("Page_cabi Order Items/no_result_found"), "No Results Found!"): Actual text and expected text of test object 'Object Repository/Page_cabi Order Items/no_result_found' are matched.

2019-04-30 14:09:48 - [MESSAGE][PASSED] - Actual text and expected text of test object 'Object Repository/Page_cabi Order Items/no_result_found' are matched.

2019-04-30 14:09:48 - [MESSAGE][PASSED] - Call Test Case 'Test Cases/productVerify' successfully

2019-04-30 14:09:48 - [TEST_STEP][PASSED] - callTestCase(findTestCase("populateTimeGlobalVars"), ["row":timeRow], STOP_ON_FAILURE): Call Test Case 'Test Cases/populateTimeGlobalVars' successfully

2019-04-30 14:09:48 - [TEST_CASE][PASSED] - Test Cases/populateTimeGlobalVars: Test Cases/populateTimeGlobalVars

2019-04-30 14:09:48 - [TEST_STEP][PASSED] - dataFile = "timezoneData": null

2019-04-30 14:09:48 - [TEST_STEP][PASSED] - serverTarget = UtilityMethods.getTestData(dataFile, "serverTarget", row): null

2019-04-30 14:09:48 - [TEST_STEP][PASSED] - orderType = UtilityMethods.getTestData(dataFile, "orderType", row): null

2019-04-30 14:09:48 - [TEST_STEP][PASSED] - timeZone = UtilityMethods.getTestData(dataFile, "timeZone", row): null

2019-04-30 14:09:48 - [TEST_STEP][PASSED] - BOPersonal = UtilityMethods.getTestData(dataFile, "BOPersonal", row): null

2019-04-30 14:09:48 - [TEST_STEP][PASSED] - BOAddon = UtilityMethods.getTestData(dataFile, "BOAddon", row): null

2019-04-30 14:09:48 - [TEST_STEP][PASSED] - BORetail = UtilityMethods.getTestData(dataFile, "BORetail", row): null

2019-04-30 14:09:48 - [TEST_STEP][PASSED] - BOShow = UtilityMethods.getTestData(dataFile, "BOShow", row): null

2019-04-30 14:09:48 - [TEST_STEP][PASSED] - BOOnlineoutlet = UtilityMethods.getTestData(dataFile, "BOOnlineoutlet", row): null

2019-04-30 14:09:48 - [TEST_STEP][PASSED] - BOEmployee = UtilityMethods.getTestData(dataFile, "BOEmployee", row): null

2019-04-30 14:09:48 - [TEST_STEP][PASSED] - CCPersonal = UtilityMethods.getTestData(dataFile, "CCPersonal", row): null

2019-04-30 14:09:48 - [TEST_STEP][PASSED] - CCRetail = UtilityMethods.getTestData(dataFile, "CCRetail", row): null

2019-04-30 14:09:48 - [TEST_STEP][PASSED] - CCShow = UtilityMethods.getTestData(dataFile, "CCShow", row): null

2019-04-30 14:09:49 - [MESSAGE][PASSED] - Call Test Case 'Test Cases/populateTimeGlobalVars' successfully

2019-04-30 14:09:49 - [TEST_STEP][PASSED] - callTestCase(findTestCase("newArrivalsSetTimezone"), ["ofbizURL":ofbizURL, "ofbizuser":ofbizuser, "ofbizpass":ofbizpass, "orderType":orderType, "timeZone":timeZone, "serverTarget":serverTarget], STOP_ON_FAILURE): Call Test Case 'Test Cases/newArrivalsSetTimezone' successfully

2019-04-30 14:09:49 - [TEST_CASE][PASSED] - Test Cases/newArrivalsSetTimezone: Test Cases/newArrivalsSetTimezone

2019-04-30 14:09:49 - [TEST_STEP][NOT_RUN] - openBrowser(""): NOT_RUN: openBrowser("")

2019-04-30 14:09:49 - [MESSAGE][NOT_RUN] - NOT_RUN: openBrowser("")

2019-04-30 14:09:49 - [TEST_STEP][NOT_RUN] - maximizeWindow(): NOT_RUN: maximizeWindow()

2019-04-30 14:09:49 - [MESSAGE][NOT_RUN] - NOT_RUN: maximizeWindow()

2019-04-30 14:09:49 - [TEST_STEP][PASSED] - navigateToUrl(ofbizURL): Navigate to 'https://pushofbiz.cliotest.com/login.php' successfully

2019-04-30 14:09:50 - [MESSAGE][PASSED] - Navigate to 'https://pushofbiz.cliotest.com/login.php' successfully

2019-04-30 14:09:50 - [TEST_STEP][PASSED] - setText(findTestObject("Page_/input_Username_username"), ofbizuser): Text 'sshinde' is set on object 'Object Repository/Page_/input_Username_username'

2019-04-30 14:09:50 - [MESSAGE][PASSED] - Text 'sshinde' is set on object 'Object Repository/Page_/input_Username_username'

2019-04-30 14:09:50 - [TEST_STEP][PASSED] - setText(findTestObject("Page_/input_Password_password"), ofbizpass): Text 'C@bi$ush5' is set on object 'Object Repository/Page_/input_Password_password'

2019-04-30 14:09:51 - [MESSAGE][PASSED] - Text 'C@bi$ush5' is set on object 'Object Repository/Page_/input_Password_password'

2019-04-30 14:09:51 - [TEST_STEP][PASSED] - click(findTestObject("Page_/input_Password_Submit")): Object: 'Object Repository/Page_/input_Password_Submit' is clicked on

2019-04-30 14:09:52 - [MESSAGE][PASSED] - Object: 'Object Repository/Page_/input_Password_Submit' is clicked on

2019-04-30 14:09:52 - [TEST_STEP][PASSED] - click(findTestObject("Object Repository/Page_/a_Clock set")): Object: 'Object Repository/Page_/a_Clock set' is clicked on

2019-04-30 14:09:53 - [MESSAGE][PASSED] - Object: 'Object Repository/Page_/a_Clock set' is clicked on

2019-04-30 14:09:53 - [TEST_STEP][PASSED] - selectOptionByLabel(findTestObject("Object Repository/Page_/serverTarget"), serverTarget, true): All options with label 'test14' are selected in object 'Object Repository/Page_/serverTarget'  using regular expression

2019-04-30 14:09:54 - [MESSAGE][PASSED] - All options with label 'test14' are selected in object 'Object Repository/Page_/serverTarget'  using regular expression

2019-04-30 14:09:54 - [TEST_STEP][PASSED] - click(findTestObject("Page_/thisDateAndTime")): Object: 'Object Repository/Page_/thisDateAndTime' is clicked on

2019-04-30 14:09:54 - [MESSAGE][PASSED] - Object: 'Object Repository/Page_/thisDateAndTime' is clicked on

2019-04-30 14:09:54 - [TEST_STEP][PASSED] - setText(findTestObject("Object Repository/Page_/setTargetTime"), timeZone): Text ' 05/22/2019 00:00' is set on object 'Object Repository/Page_/setTargetTime'

2019-04-30 14:09:54 - [MESSAGE][PASSED] - Text ' 05/22/2019 00:00' is set on object 'Object Repository/Page_/setTargetTime'

2019-04-30 14:09:54 - [TEST_STEP][PASSED] - click(findTestObject("Object Repository/Page_/input")): Object: 'Object Repository/Page_/input' is clicked on

2019-04-30 14:09:55 - [MESSAGE][PASSED] - Object: 'Object Repository/Page_/input' is clicked on

2019-04-30 14:09:55 - [TEST_STEP][PASSED] - delay(10): Delayed 10 second(s)

2019-04-30 14:10:05 - [MESSAGE][PASSED] - Delayed 10 second(s)

2019-04-30 14:10:05 - [MESSAGE][PASSED] - Call Test Case 'Test Cases/newArrivalsSetTimezone' successfully

2019-04-30 14:10:05 - [TEST_STEP][PASSED] - navigateToUrl(BOURL): Navigate to 'https://test14.cliotest.com/backoffice/control/main' successfully

2019-04-30 14:10:07 - [MESSAGE][PASSED] - Navigate to 'https://test14.cliotest.com/backoffice/control/main' successfully

2019-04-30 14:10:07 - [TEST_STEP][PASSED] - maximizeWindow(): Current window maximized

2019-04-30 14:10:07 - [MESSAGE][PASSED] - Current window maximized

2019-04-30 14:10:07 - [TEST_STEP][PASSED] - logOut = findWebElements(findTestObject("Object Repository/Page_cabi Home/log_out"), 5): Unable to find the element located by 'By.xpath: //a[contains(text(),'Log Out')]'. Please recheck the objects properties to make sure the desired element is located. 

2019-04-30 14:10:12 - [MESSAGE][INFO] - Unable to find the element located by 'By.xpath: //a[contains(text(),'Log Out')]'. Please recheck the objects properties to make sure the desired element is located. 

2019-04-30 14:10:12 - [TEST_STEP][PASSED] - if (logOut.size() == 0): Object: 'Object Repository/Page_cabi/input_Welcome to_consultantLogin' is clicked on

2019-04-30 14:10:12 - [TEST_STEP][PASSED] - setText(findTestObject("Page_cabi/input_Welcome to_USERNAME"), BOuser): Text '400000002' is set on object 'Object Repository/Page_cabi/input_Welcome to_USERNAME'

2019-04-30 14:10:12 - [MESSAGE][PASSED] - Text '400000002' is set on object 'Object Repository/Page_cabi/input_Welcome to_USERNAME'

2019-04-30 14:10:12 - [TEST_STEP][PASSED] - setText(findTestObject("Object Repository/Page_cabi/input_Welcome to_PASSWORD"), BOpass): Text 'blackdress19' is set on object 'Object Repository/Page_cabi/input_Welcome to_PASSWORD'

2019-04-30 14:10:12 - [MESSAGE][PASSED] - Text 'blackdress19' is set on object 'Object Repository/Page_cabi/input_Welcome to_PASSWORD'

2019-04-30 14:10:12 - [TEST_STEP][PASSED] - click(findTestObject("Object Repository/Page_cabi/input_Welcome to_consultantLogin")): Object: 'Object Repository/Page_cabi/input_Welcome to_consultantLogin' is clicked on

2019-04-30 14:10:18 - [MESSAGE][PASSED] - Object: 'Object Repository/Page_cabi/input_Welcome to_consultantLogin' is clicked on

2019-04-30 14:10:18 - [TEST_STEP][PASSED] - click(findTestObject("Object Repository/Page_cabi Home/a_Shows  Orders")): Object: 'Object Repository/Page_cabi Home/a_Shows  Orders' is clicked on

2019-04-30 14:10:19 - [MESSAGE][PASSED] - Object: 'Object Repository/Page_cabi Home/a_Shows  Orders' is clicked on

2019-04-30 14:10:19 - [TEST_STEP][PASSED] - delay(3): Delayed 3 second(s)

2019-04-30 14:10:22 - [MESSAGE][PASSED] - Delayed 3 second(s)

2019-04-30 14:10:22 - [TEST_STEP][PASSED] - click(findTestObject("Page_cabi Home/a_personal_purchases")): Object: 'Object Repository/Page_cabi Home/a_personal_purchases' is clicked on

2019-04-30 14:10:24 - [MESSAGE][PASSED] - Object: 'Object Repository/Page_cabi Home/a_personal_purchases' is clicked on

2019-04-30 14:10:24 - [TEST_STEP][PASSED] - click(findTestObject("Object Repository/Page_cabi Personal Store/span_Continue to Order")): Object: 'Object Repository/Page_cabi Personal Store/span_Continue to Order' is clicked on

2019-04-30 14:10:25 - [MESSAGE][PASSED] - Object: 'Object Repository/Page_cabi Personal Store/span_Continue to Order' is clicked on

2019-04-30 14:10:25 - [TEST_STEP][PASSED] - callTestCase(findTestCase("productVerify"), ["available":BOPersonal], STOP_ON_FAILURE): Call Test Case 'Test Cases/productVerify' successfully

2019-04-30 14:10:25 - [TEST_CASE][PASSED] - Test Cases/productVerify: Test Cases/productVerify

2019-04-30 14:10:25 - [TEST_STEP][PASSED] - for ([row = 1, row <= findTestData("productData").getRowNumbers(), (row++)]): null

2019-04-30 14:10:25 - [TEST_STEP][PASSED] - setText(findTestObject("Object Repository/Page_cabi Order Items/input_New Arrivals - Blooming Blush_style"), findTestData("productData").getValue("Style", row)): Text '5618' is set on object 'Object Repository/Page_cabi Order Items/input_New Arrivals - Blooming Blush_style'

2019-04-30 14:10:25 - [MESSAGE][PASSED] - Text '5618' is set on object 'Object Repository/Page_cabi Order Items/input_New Arrivals - Blooming Blush_style'

2019-04-30 14:10:25 - [TEST_STEP][PASSED] - delay(5): Delayed 5 second(s)

2019-04-30 14:10:30 - [MESSAGE][PASSED] - Delayed 5 second(s)

2019-04-30 14:10:30 - [TEST_STEP][PASSED] - sendKeys(findTestObject("Object Repository/Page_cabi Order Items/input_New Arrivals - Blooming Blush_style"), Keys.chord(ENTER)): Keys 'ENTER + ' sent to object: 'Object Repository/Page_cabi Order Items/input_New Arrivals - Blooming Blush_style'

2019-04-30 14:10:31 - [MESSAGE][PASSED] - Keys 'ENTER + ' sent to object: 'Object Repository/Page_cabi Order Items/input_New Arrivals - Blooming Blush_style'

2019-04-30 14:10:31 - [TEST_STEP][PASSED] - if (toString().equalsIgnoreCase("no")): null

2019-04-30 14:10:31 - [TEST_STEP][PASSED] - else: null

2019-04-30 14:10:31 - [TEST_STEP][PASSED] - click(findTestObject("Page_cabi Order Items/li_5618 Breeze Dress")): Object: 'Object Repository/Page_cabi Order Items/li_5618 Breeze Dress' is clicked on

2019-04-30 14:10:37 - [MESSAGE][PASSED] - Object: 'Object Repository/Page_cabi Order Items/li_5618 Breeze Dress' is clicked on

2019-04-30 14:10:37 - [TEST_STEP][PASSED] - delay(3): Delayed 3 second(s)

2019-04-30 14:10:40 - [MESSAGE][PASSED] - Delayed 3 second(s)

2019-04-30 14:10:40 - [TEST_STEP][PASSED] - verifyElementText(findTestObject("Page_cabi Order Items/GetAttribute_getID"), findTestData("productData").getValue("Style", row)): Actual text and expected text of test object 'Object Repository/Page_cabi Order Items/GetAttribute_getID' are matched.

2019-04-30 14:10:40 - [MESSAGE][PASSED] - Actual text and expected text of test object 'Object Repository/Page_cabi Order Items/GetAttribute_getID' are matched.

2019-04-30 14:10:40 - [TEST_STEP][PASSED] - delay(3): Delayed 3 second(s)

2019-04-30 14:10:43 - [MESSAGE][PASSED] - Delayed 3 second(s)

2019-04-30 14:10:43 - [TEST_STEP][PASSED] - colorOptions = findWebElements(findTestObject("Page_cabi Order Items/GetAttribute_Color"), 5): null

2019-04-30 14:10:43 - [TEST_STEP][PASSED] - println(colorOptions.size()): null

2019-04-30 14:10:43 - [TEST_STEP][PASSED] - expectedColour = findTestData("productData").getValue("Color", row): null

2019-04-30 14:10:43 - [TEST_STEP][PASSED] - println("expected colour is"): null

2019-04-30 14:10:43 - [TEST_STEP][PASSED] - println(expectedColour): null

2019-04-30 14:10:43 - [TEST_STEP][PASSED] - colourVerified = false: null

2019-04-30 14:10:43 - [TEST_STEP][PASSED] - for (org.openqa.selenium.WebElement op : colorOptions): null

2019-04-30 14:10:43 - [TEST_STEP][PASSED] - println(op.getText()): null

2019-04-30 14:10:43 - [TEST_STEP][PASSED] - if (expectedColour.equalsIgnoreCase(op.getText())): null

2019-04-30 14:10:43 - [TEST_STEP][PASSED] - colourVerified = true: null

2019-04-30 14:10:43 - [TEST_STEP][PASSED] - break: null

2019-04-30 14:10:43 - [TEST_STEP][PASSED] - assert colourVerified == true: null

2019-04-30 14:10:43 - [TEST_STEP][PASSED] - getPrice = getText(findTestObject("Page_cabi Order Items/GetAttribute_Price")): Text of object 'Object Repository/Page_cabi Order Items/GetAttribute_Price' is: 'Price : $119.00'

2019-04-30 14:10:43 - [MESSAGE][PASSED] - Text of object 'Object Repository/Page_cabi Order Items/GetAttribute_Price' is: 'Price : $119.00'

2019-04-30 14:10:43 - [TEST_STEP][PASSED] - Split_Data = UtilityMethods.SplitData(getPrice): null

2019-04-30 14:10:43 - [TEST_STEP][PASSED] - verifyMatch(Split_Data, findTestData("productData").getValue("Retail", row), true): Actual text '119' and expected text '119' are matched  using regular expression

2019-04-30 14:10:43 - [MESSAGE][PASSED] - Actual text '119' and expected text '119' are matched  using regular expression

2019-04-30 14:10:43 - [TEST_STEP][PASSED] - sizeRange1 = ["XXS", "XS", "S", "M", "L", "XL"]: null

2019-04-30 14:10:43 - [TEST_STEP][PASSED] - sizeRange2 = ["00", "0", "2", "4", "6", "8", "10", "12", "14", "16"]: null

2019-04-30 14:10:43 - [TEST_STEP][PASSED] - sizeRange3 = ["Long", "Regular", "Short"]: null

2019-04-30 14:10:43 - [TEST_STEP][PASSED] - sizeRange4 = ["5", "6", "6.5", "7", "7.5", "8", "8.5", "9", "9.5", "10", "11"]: null

2019-04-30 14:10:43 - [TEST_STEP][PASSED] - sizeRangeSplit = UtilityMethods.SplitSizes(findTestData("productData").getValue("SzRange", row)): null

2019-04-30 14:10:43 - [TEST_STEP][PASSED] - sizeType = getText(findTestObject("Object Repository/Page_cabi Order Items/Size")): Text of object 'Object Repository/Page_cabi Order Items/Size' is: 'Select'

2019-04-30 14:10:43 - [MESSAGE][PASSED] - Text of object 'Object Repository/Page_cabi Order Items/Size' is: 'Select'

2019-04-30 14:10:43 - [TEST_STEP][PASSED] - sizeOptions = findWebElements(findTestObject("Object Repository/Page_cabi Order Items/Size"), 5): null

2019-04-30 14:10:43 - [TEST_STEP][PASSED] - actualRange = new java.util.ArrayList(): null

2019-04-30 14:10:43 - [TEST_STEP][PASSED] - expectedRange = <not implemented yet for class: org.codehaus.groovy.ast.expr.EmptyExpression>: null

2019-04-30 14:10:43 - [TEST_STEP][PASSED] - if (sizeType.equalsIgnoreCase("Select")): null

2019-04-30 14:10:43 - [TEST_STEP][PASSED] - for ([i = 1, i < sizeOptions.size(), (i++)]): null

2019-04-30 14:10:43 - [TEST_STEP][PASSED] - actualRange.add(get(i).getText()): null

2019-04-30 14:10:43 - [TEST_STEP][PASSED] - actualRange.add(get(i).getText()): null

2019-04-30 14:10:43 - [TEST_STEP][PASSED] - actualRange.add(get(i).getText()): null

2019-04-30 14:10:43 - [TEST_STEP][PASSED] - actualRange.add(get(i).getText()): null

2019-04-30 14:10:43 - [TEST_STEP][PASSED] - actualRange.add(get(i).getText()): null

2019-04-30 14:10:43 - [TEST_STEP][PASSED] - if (toString().equalsIgnoreCase("XS") || toString().equalsIgnoreCase("XXS")): null

2019-04-30 14:10:43 - [TEST_STEP][PASSED] - expectedRange = UtilityMethods.getExpectedRange(sizeRange1, sizeRangeSplit): null

2019-04-30 14:10:43 - [TEST_STEP][PASSED] - println("XS"): null

2019-04-30 14:10:43 - [TEST_STEP][PASSED] - println(expectedRange.toString()): null

2019-04-30 14:10:43 - [TEST_STEP][PASSED] - assert UtilityMethods.listEquals(expectedRange, actualRange) == true: null

2019-04-30 14:10:43 - [TEST_STEP][PASSED] - delay(3): Delayed 3 second(s)

2019-04-30 14:10:46 - [MESSAGE][PASSED] - Delayed 3 second(s)

2019-04-30 14:10:46 - [TEST_STEP][PASSED] - verifyElementText(findTestObject("Page_cabi Order Items/product_title"), findTestData("productData").getValue("Description", row)): Actual text and expected text of test object 'Object Repository/Page_cabi Order Items/product_title' are matched.

2019-04-30 14:10:47 - [MESSAGE][PASSED] - Actual text and expected text of test object 'Object Repository/Page_cabi Order Items/product_title' are matched.

2019-04-30 14:10:47 - [TEST_STEP][PASSED] - verifyElementText(findTestObject("Page_cabi Order Items/product_fabric"), findTestData("productData").getValue("FinalContent", row)): Actual text and expected text of test object 'Object Repository/Page_cabi Order Items/product_fabric' are matched.

2019-04-30 14:10:47 - [MESSAGE][PASSED] - Actual text and expected text of test object 'Object Repository/Page_cabi Order Items/product_fabric' are matched.

2019-04-30 14:10:47 - [TEST_STEP][PASSED] - actualCasreIntrn = "<div>" + getText(findTestObject("Page_cabi Order Items/care_instruction")) + "</div>": Text of object 'Object Repository/Page_cabi Order Items/care_instruction' is: 'Turn garment inside out and place in a mesh bag. Machine wash separately in cold water on the delicate cycle. Only non-chlorine bleach if needed. Do not twist or wring. Lay flat to dry. Warm iron if needed. Can be dry cleaned.'

2019-04-30 14:10:47 - [MESSAGE][PASSED] - Text of object 'Object Repository/Page_cabi Order Items/care_instruction' is: 'Turn garment inside out and place in a mesh bag. Machine wash separately in cold water on the delicate cycle. Only non-chlorine bleach if needed. Do not twist or wring. Lay flat to dry. Warm iron if needed. Can be dry cleaned.'

2019-04-30 14:10:47 - [TEST_STEP][PASSED] - assert actualCasreIntrn.equals(findTestData("productData").getValue("CareInstr", row)): null

2019-04-30 14:10:47 - [MESSAGE][PASSED] - Call Test Case 'Test Cases/productVerify' successfully

2019-04-30 14:10:47 - [TEST_STEP][PASSED] - click(findTestObject("Object Repository/Page_cabi Home/a_Shows  Orders")): Object: 'Object Repository/Page_cabi Home/a_Shows  Orders' is clicked on

2019-04-30 14:10:47 - [MESSAGE][PASSED] - Object: 'Object Repository/Page_cabi Home/a_Shows  Orders' is clicked on

2019-04-30 14:10:47 - [TEST_STEP][PASSED] - delay(3): Delayed 3 second(s)

2019-04-30 14:10:50 - [MESSAGE][PASSED] - Delayed 3 second(s)

2019-04-30 14:10:50 - [TEST_STEP][PASSED] - click(findTestObject("Page_cabi Home/a_retail_purchases")): Object: 'Object Repository/Page_cabi Home/a_retail_purchases' is clicked on

2019-04-30 14:10:54 - [MESSAGE][PASSED] - Object: 'Object Repository/Page_cabi Home/a_retail_purchases' is clicked on

2019-04-30 14:10:54 - [TEST_STEP][PASSED] - click(findTestObject("Object Repository/Page_cabi Retail Store/span_Continue to Order")): Object: 'Object Repository/Page_cabi Retail Store/span_Continue to Order' is clicked on

2019-04-30 14:10:55 - [MESSAGE][PASSED] - Object: 'Object Repository/Page_cabi Retail Store/span_Continue to Order' is clicked on

2019-04-30 14:10:55 - [TEST_STEP][PASSED] - callTestCase(findTestCase("productVerify"), ["available":BORetail], STOP_ON_FAILURE): Call Test Case 'Test Cases/productVerify' successfully

2019-04-30 14:10:55 - [TEST_CASE][PASSED] - Test Cases/productVerify: Test Cases/productVerify

2019-04-30 14:10:55 - [TEST_STEP][PASSED] - for ([row = 1, row <= findTestData("productData").getRowNumbers(), (row++)]): null

2019-04-30 14:10:55 - [TEST_STEP][PASSED] - setText(findTestObject("Object Repository/Page_cabi Order Items/input_New Arrivals - Blooming Blush_style"), findTestData("productData").getValue("Style", row)): Text '5618' is set on object 'Object Repository/Page_cabi Order Items/input_New Arrivals - Blooming Blush_style'

2019-04-30 14:10:58 - [MESSAGE][PASSED] - Text '5618' is set on object 'Object Repository/Page_cabi Order Items/input_New Arrivals - Blooming Blush_style'

2019-04-30 14:10:58 - [TEST_STEP][PASSED] - delay(5): Delayed 5 second(s)

2019-04-30 14:11:03 - [MESSAGE][PASSED] - Delayed 5 second(s)

2019-04-30 14:11:03 - [TEST_STEP][PASSED] - sendKeys(findTestObject("Object Repository/Page_cabi Order Items/input_New Arrivals - Blooming Blush_style"), Keys.chord(ENTER)): Keys 'ENTER + ' sent to object: 'Object Repository/Page_cabi Order Items/input_New Arrivals - Blooming Blush_style'

2019-04-30 14:11:03 - [MESSAGE][PASSED] - Keys 'ENTER + ' sent to object: 'Object Repository/Page_cabi Order Items/input_New Arrivals - Blooming Blush_style'

2019-04-30 14:11:03 - [TEST_STEP][PASSED] - if (toString().equalsIgnoreCase("no")): null

2019-04-30 14:11:03 - [TEST_STEP][PASSED] - else: null

2019-04-30 14:11:03 - [TEST_STEP][PASSED] - click(findTestObject("Page_cabi Order Items/li_5618 Breeze Dress")): Object: 'Object Repository/Page_cabi Order Items/li_5618 Breeze Dress' is clicked on

2019-04-30 14:11:06 - [MESSAGE][PASSED] - Object: 'Object Repository/Page_cabi Order Items/li_5618 Breeze Dress' is clicked on

2019-04-30 14:11:06 - [TEST_STEP][PASSED] - delay(3): Delayed 3 second(s)

2019-04-30 14:11:09 - [MESSAGE][PASSED] - Delayed 3 second(s)

2019-04-30 14:11:09 - [TEST_STEP][PASSED] - verifyElementText(findTestObject("Page_cabi Order Items/GetAttribute_getID"), findTestData("productData").getValue("Style", row)): Actual text and expected text of test object 'Object Repository/Page_cabi Order Items/GetAttribute_getID' are matched.

2019-04-30 14:11:09 - [MESSAGE][PASSED] - Actual text and expected text of test object 'Object Repository/Page_cabi Order Items/GetAttribute_getID' are matched.

2019-04-30 14:11:09 - [TEST_STEP][PASSED] - delay(3): Delayed 3 second(s)

2019-04-30 14:11:12 - [MESSAGE][PASSED] - Delayed 3 second(s)

2019-04-30 14:11:12 - [TEST_STEP][PASSED] - colorOptions = findWebElements(findTestObject("Page_cabi Order Items/GetAttribute_Color"), 5): null

2019-04-30 14:11:12 - [TEST_STEP][PASSED] - println(colorOptions.size()): null

2019-04-30 14:11:12 - [TEST_STEP][PASSED] - expectedColour = findTestData("productData").getValue("Color", row): null

2019-04-30 14:11:12 - [TEST_STEP][PASSED] - println("expected colour is"): null

2019-04-30 14:11:12 - [TEST_STEP][PASSED] - println(expectedColour): null

2019-04-30 14:11:12 - [TEST_STEP][PASSED] - colourVerified = false: null

2019-04-30 14:11:12 - [TEST_STEP][PASSED] - for (org.openqa.selenium.WebElement op : colorOptions): null

2019-04-30 14:11:12 - [TEST_STEP][PASSED] - println(op.getText()): null

2019-04-30 14:11:12 - [TEST_STEP][PASSED] - if (expectedColour.equalsIgnoreCase(op.getText())): null

2019-04-30 14:11:12 - [TEST_STEP][PASSED] - colourVerified = true: null

2019-04-30 14:11:12 - [TEST_STEP][PASSED] - break: null

2019-04-30 14:11:12 - [TEST_STEP][PASSED] - assert colourVerified == true: null

2019-04-30 14:11:12 - [TEST_STEP][PASSED] - getPrice = getText(findTestObject("Page_cabi Order Items/GetAttribute_Price")): Text of object 'Object Repository/Page_cabi Order Items/GetAttribute_Price' is: 'Price : $119.00'

2019-04-30 14:11:12 - [MESSAGE][PASSED] - Text of object 'Object Repository/Page_cabi Order Items/GetAttribute_Price' is: 'Price : $119.00'

2019-04-30 14:11:12 - [TEST_STEP][PASSED] - Split_Data = UtilityMethods.SplitData(getPrice): null

2019-04-30 14:11:12 - [TEST_STEP][PASSED] - verifyMatch(Split_Data, findTestData("productData").getValue("Retail", row), true): Actual text '119' and expected text '119' are matched  using regular expression

2019-04-30 14:11:12 - [MESSAGE][PASSED] - Actual text '119' and expected text '119' are matched  using regular expression

2019-04-30 14:11:12 - [TEST_STEP][PASSED] - sizeRange1 = ["XXS", "XS", "S", "M", "L", "XL"]: null

2019-04-30 14:11:12 - [TEST_STEP][PASSED] - sizeRange2 = ["00", "0", "2", "4", "6", "8", "10", "12", "14", "16"]: null

2019-04-30 14:11:12 - [TEST_STEP][PASSED] - sizeRange3 = ["Long", "Regular", "Short"]: null

2019-04-30 14:11:12 - [TEST_STEP][PASSED] - sizeRange4 = ["5", "6", "6.5", "7", "7.5", "8", "8.5", "9", "9.5", "10", "11"]: null

2019-04-30 14:11:12 - [TEST_STEP][PASSED] - sizeRangeSplit = UtilityMethods.SplitSizes(findTestData("productData").getValue("SzRange", row)): null

2019-04-30 14:11:12 - [TEST_STEP][PASSED] - sizeType = getText(findTestObject("Object Repository/Page_cabi Order Items/Size")): Text of object 'Object Repository/Page_cabi Order Items/Size' is: 'Select'

2019-04-30 14:11:12 - [MESSAGE][PASSED] - Text of object 'Object Repository/Page_cabi Order Items/Size' is: 'Select'

2019-04-30 14:11:12 - [TEST_STEP][PASSED] - sizeOptions = findWebElements(findTestObject("Object Repository/Page_cabi Order Items/Size"), 5): null

2019-04-30 14:11:12 - [TEST_STEP][PASSED] - actualRange = new java.util.ArrayList(): null

2019-04-30 14:11:12 - [TEST_STEP][PASSED] - expectedRange = <not implemented yet for class: org.codehaus.groovy.ast.expr.EmptyExpression>: null

2019-04-30 14:11:12 - [TEST_STEP][PASSED] - if (sizeType.equalsIgnoreCase("Select")): null

2019-04-30 14:11:12 - [TEST_STEP][PASSED] - for ([i = 1, i < sizeOptions.size(), (i++)]): null

2019-04-30 14:11:12 - [TEST_STEP][PASSED] - actualRange.add(get(i).getText()): null

2019-04-30 14:11:12 - [TEST_STEP][PASSED] - actualRange.add(get(i).getText()): null

2019-04-30 14:11:12 - [TEST_STEP][PASSED] - actualRange.add(get(i).getText()): null

2019-04-30 14:11:12 - [TEST_STEP][PASSED] - actualRange.add(get(i).getText()): null

2019-04-30 14:11:12 - [TEST_STEP][PASSED] - actualRange.add(get(i).getText()): null

2019-04-30 14:11:12 - [TEST_STEP][PASSED] - if (toString().equalsIgnoreCase("XS") || toString().equalsIgnoreCase("XXS")): null

2019-04-30 14:11:12 - [TEST_STEP][PASSED] - expectedRange = UtilityMethods.getExpectedRange(sizeRange1, sizeRangeSplit): null

2019-04-30 14:11:12 - [TEST_STEP][PASSED] - println("XS"): null

2019-04-30 14:11:12 - [TEST_STEP][PASSED] - println(expectedRange.toString()): null

2019-04-30 14:11:12 - [TEST_STEP][PASSED] - assert UtilityMethods.listEquals(expectedRange, actualRange) == true: null

2019-04-30 14:11:12 - [TEST_STEP][PASSED] - delay(3): Delayed 3 second(s)

2019-04-30 14:11:15 - [MESSAGE][PASSED] - Delayed 3 second(s)

2019-04-30 14:11:15 - [TEST_STEP][PASSED] - verifyElementText(findTestObject("Page_cabi Order Items/product_title"), findTestData("productData").getValue("Description", row)): Actual text and expected text of test object 'Object Repository/Page_cabi Order Items/product_title' are matched.

2019-04-30 14:11:15 - [MESSAGE][PASSED] - Actual text and expected text of test object 'Object Repository/Page_cabi Order Items/product_title' are matched.

2019-04-30 14:11:15 - [TEST_STEP][PASSED] - verifyElementText(findTestObject("Page_cabi Order Items/product_fabric"), findTestData("productData").getValue("FinalContent", row)): Actual text and expected text of test object 'Object Repository/Page_cabi Order Items/product_fabric' are matched.

2019-04-30 14:11:15 - [MESSAGE][PASSED] - Actual text and expected text of test object 'Object Repository/Page_cabi Order Items/product_fabric' are matched.

2019-04-30 14:11:15 - [TEST_STEP][PASSED] - actualCasreIntrn = "<div>" + getText(findTestObject("Page_cabi Order Items/care_instruction")) + "</div>": Text of object 'Object Repository/Page_cabi Order Items/care_instruction' is: 'Turn garment inside out and place in a mesh bag. Machine wash separately in cold water on the delicate cycle. Only non-chlorine bleach if needed. Do not twist or wring. Lay flat to dry. Warm iron if needed. Can be dry cleaned.'

2019-04-30 14:11:15 - [MESSAGE][PASSED] - Text of object 'Object Repository/Page_cabi Order Items/care_instruction' is: 'Turn garment inside out and place in a mesh bag. Machine wash separately in cold water on the delicate cycle. Only non-chlorine bleach if needed. Do not twist or wring. Lay flat to dry. Warm iron if needed. Can be dry cleaned.'

2019-04-30 14:11:15 - [TEST_STEP][PASSED] - assert actualCasreIntrn.equals(findTestData("productData").getValue("CareInstr", row)): null

2019-04-30 14:11:15 - [MESSAGE][PASSED] - Call Test Case 'Test Cases/productVerify' successfully

2019-04-30 14:11:15 - [TEST_STEP][PASSED] - click(findTestObject("Object Repository/Page_cabi Home/a_Shows  Orders")): Object: 'Object Repository/Page_cabi Home/a_Shows  Orders' is clicked on

2019-04-30 14:11:15 - [MESSAGE][PASSED] - Object: 'Object Repository/Page_cabi Home/a_Shows  Orders' is clicked on

2019-04-30 14:11:15 - [TEST_STEP][PASSED] - delay(3): Delayed 3 second(s)

2019-04-30 14:11:18 - [MESSAGE][PASSED] - Delayed 3 second(s)

2019-04-30 14:11:18 - [TEST_STEP][PASSED] - click(findTestObject("Page_cabi Home/a_online_outline_purchases")): Object: 'Object Repository/Page_cabi Home/a_online_outline_purchases' is clicked on

2019-04-30 14:11:23 - [MESSAGE][PASSED] - Object: 'Object Repository/Page_cabi Home/a_online_outline_purchases' is clicked on

2019-04-30 14:11:23 - [TEST_STEP][PASSED] - click(findTestObject("Object Repository/Page_cabi Online Outlet Store/span_Continue to Order")): Object: 'Object Repository/Page_cabi Online Outlet Store/span_Continue to Order' is clicked on

2019-04-30 14:11:23 - [MESSAGE][PASSED] - Object: 'Object Repository/Page_cabi Online Outlet Store/span_Continue to Order' is clicked on

2019-04-30 14:11:23 - [TEST_STEP][PASSED] - callTestCase(findTestCase("productVerify"), ["available":BOOnlineoutlet], STOP_ON_FAILURE): Call Test Case 'Test Cases/productVerify' successfully

2019-04-30 14:11:23 - [TEST_CASE][PASSED] - Test Cases/productVerify: Test Cases/productVerify

2019-04-30 14:11:23 - [TEST_STEP][PASSED] - for ([row = 1, row <= findTestData("productData").getRowNumbers(), (row++)]): Actual text and expected text of test object 'Object Repository/Page_cabi Order Items/no_result_found' are matched.

2019-04-30 14:11:23 - [TEST_STEP][PASSED] - setText(findTestObject("Object Repository/Page_cabi Order Items/input_New Arrivals - Blooming Blush_style"), findTestData("productData").getValue("Style", row)): Text '5618' is set on object 'Object Repository/Page_cabi Order Items/input_New Arrivals - Blooming Blush_style'

2019-04-30 14:11:25 - [MESSAGE][PASSED] - Text '5618' is set on object 'Object Repository/Page_cabi Order Items/input_New Arrivals - Blooming Blush_style'

2019-04-30 14:11:25 - [TEST_STEP][PASSED] - delay(5): Delayed 5 second(s)

2019-04-30 14:11:30 - [MESSAGE][PASSED] - Delayed 5 second(s)

2019-04-30 14:11:30 - [TEST_STEP][PASSED] - sendKeys(findTestObject("Object Repository/Page_cabi Order Items/input_New Arrivals - Blooming Blush_style"), Keys.chord(ENTER)): Keys 'ENTER + ' sent to object: 'Object Repository/Page_cabi Order Items/input_New Arrivals - Blooming Blush_style'

2019-04-30 14:11:30 - [MESSAGE][PASSED] - Keys 'ENTER + ' sent to object: 'Object Repository/Page_cabi Order Items/input_New Arrivals - Blooming Blush_style'

2019-04-30 14:11:30 - [TEST_STEP][PASSED] - if (toString().equalsIgnoreCase("no")): Actual text and expected text of test object 'Object Repository/Page_cabi Order Items/no_result_found' are matched.

2019-04-30 14:11:30 - [TEST_STEP][PASSED] - noResultMessages = findWebElements(findTestObject("Page_cabi Order Items/no_result_found"), 5): null

2019-04-30 14:11:32 - [TEST_STEP][PASSED] - assert noResultMessages.size() > 0: null

2019-04-30 14:11:32 - [TEST_STEP][PASSED] - verifyElementText(findTestObject("Page_cabi Order Items/no_result_found"), "No Results Found!"): Actual text and expected text of test object 'Object Repository/Page_cabi Order Items/no_result_found' are matched.

2019-04-30 14:11:32 - [MESSAGE][PASSED] - Actual text and expected text of test object 'Object Repository/Page_cabi Order Items/no_result_found' are matched.

2019-04-30 14:11:32 - [MESSAGE][PASSED] - Call Test Case 'Test Cases/productVerify' successfully]]></system-out>
         <system-err><![CDATA[]]></system-err>
      </testcase>
      <system-out><![CDATA[2019-04-30 14:04:22 - [TEST_SUITE][PASSED] - NewArrivalSuite: Test Cases/NewArrivals]]></system-out>
      <system-err><![CDATA[]]></system-err>
   </testsuite>
</testsuites>
