<?xml version="1.0" encoding="UTF-8"?>
<testsuites name="EditOrderSuite" time="1587" tests="6" failures="0" errors="0">
   <testsuite name="EditOrderSuite" tests="6" failures="0" errors="0" time="1587" timestamp="2019-09-17 15:05:32" hostname="user - 10.0.102.168" id="Test Suites/EditOrderSuites/EditOrderSuite">
      <properties>
         <property name="deviceName" value=""/>
         <property name="devicePlatform" value=""/>
         <property name="logFolder" value="C:\\Users\\user\\Documents\\testautomation\\KatalonProjects\\Reports\\EditOrderSuites\\EditOrderSuite\\20190917_150529"/>
         <property name="logFiles" value="C:\\Users\\user\\Documents\\testautomation\\KatalonProjects\\Reports\\EditOrderSuites\\EditOrderSuite\\20190917_150529\\execution0.log"/>
         <property name="attachments" value=""/>
         <property name="hostName" value="user - 10.0.102.168"/>
         <property name="os" value="Windows 8.1 64bit"/>
         <property name="katalonVersion" value="6.1.1.1"/>
         <property name="browser" value="Chrome 76.0.3809.132"/>
         <property name="hostAddress" value="10.0.102.168"/>
         <property name="sessionId" value="d860e7b574649a05c666064681d771a2"/>
         <property name="seleniumVersion" value="3.7.1"/>
         <property name="proxyInformation" value="ProxyInformation{proxyOption=NO_PROXY, proxyServerType=HTTP, password=, proxyServerAddress=, proxyServerPort=0}"/>
         <property name="platform" value="Windows 8.1"/>
      </properties>
      <testcase name="Test Cases/EditOrder-V/rsEditOrderSimple" classname="Test Cases/EditOrder-V/rsEditOrderSimple" status="PASSED">
         <system-out><![CDATA[2019-09-17 15:05:32 - [TEST_CASE][PASSED] - Test Cases/EditOrder-V/rsEditOrderSimple: Test Cases/EditOrder-V/rsEditOrderSimple

2019-09-17 15:05:32 - [TEST_STEP][PASSED] - Start listener action : sampleBeforeTestCase: null

2019-09-17 15:05:32 - [TEST_STEP][PASSED] - println(testCaseContext.getTestCaseId()): null

2019-09-17 15:05:32 - [TEST_STEP][PASSED] - println(testCaseContext.getTestCaseVariables()): null

2019-09-17 15:05:33 - [TEST_STEP][PASSED] - callTestCase(findTestCase("EditOrder/retailOrderBO"), ["editScenarioNumber":1], STOP_ON_FAILURE): Call Test Case 'Test Cases/EditOrder/retailOrderBO' successfully

2019-09-17 15:05:33 - [TEST_CASE][PASSED] - Test Cases/EditOrder/retailOrderBO: Test Cases/EditOrder/retailOrderBO

2019-09-17 15:05:33 - [TEST_STEP][PASSED] - openBrowser(""): Browser is opened with url: ''

2019-09-17 15:05:34 - [MESSAGE][INFO] - Starting 'Chrome' driver

2019-09-17 15:05:34 - [MESSAGE][INFO] - User set preference: ['args', '[--use-fake-ui-for-media-stream, --start-maximized]']

2019-09-17 15:05:34 - [MESSAGE][INFO] - Action delay is set to 0 seconds

2019-09-17 15:05:37 - [MESSAGE][PASSED] - Browser is opened with url: ''

2019-09-17 15:05:37 - [TEST_STEP][PASSED] - callTestCase(findTestCase("TestCaseUtilities/backOfficeLogin"), ["BOURL":"", "BOuser":"", "BOpass":""], STOP_ON_FAILURE): Call Test Case 'Test Cases/TestCaseUtilities/backOfficeLogin' successfully

2019-09-17 15:05:37 - [TEST_CASE][PASSED] - Test Cases/TestCaseUtilities/backOfficeLogin: Test Cases/TestCaseUtilities/backOfficeLogin

2019-09-17 15:05:37 - [TEST_STEP][PASSED] - BOURL = findTestData("envtData").getValue("BOURL", 1): null

2019-09-17 15:05:38 - [TEST_STEP][PASSED] - BOuser = findTestData("credData").getValue("BOuser", 1): null

2019-09-17 15:05:39 - [TEST_STEP][PASSED] - BOpass = findTestData("credData").getValue("BOpass", 1): null

2019-09-17 15:05:39 - [TEST_STEP][PASSED] - openBrowser(""): Browser is opened with url: ''

2019-09-17 15:05:39 - [MESSAGE][WARNING] - A browser is already opened. Closing browser and opening a new one

2019-09-17 15:05:39 - [MESSAGE][INFO] - Starting 'Chrome' driver

2019-09-17 15:05:39 - [MESSAGE][INFO] - User set preference: ['args', '[--use-fake-ui-for-media-stream, --start-maximized]']

2019-09-17 15:05:41 - [MESSAGE][PASSED] - Browser is opened with url: ''

2019-09-17 15:05:41 - [TEST_STEP][PASSED] - navigateToUrl(BOURL): Navigate to 'https://test18.cliotest.com/backoffice/control/main' successfully

2019-09-17 15:05:50 - [MESSAGE][PASSED] - Navigate to 'https://test18.cliotest.com/backoffice/control/main' successfully

2019-09-17 15:05:50 - [TEST_STEP][PASSED] - logOut = findWebElements(findTestObject("Object Repository/Page_cabi Home/log_out"), 1): Unable to find the element located by 'By.xpath: //a[contains(text(),'Log Out')]'. Please recheck the objects properties to make sure the desired element is located. 

2019-09-17 15:05:51 - [MESSAGE][INFO] - Unable to find the element located by 'By.xpath: //a[contains(text(),'Log Out')]'. Please recheck the objects properties to make sure the desired element is located. 

2019-09-17 15:05:51 - [TEST_STEP][PASSED] - if (logOut.size() == 0): Object: 'Object Repository/Page_cabi/input_Welcome to_consultantLogin' is clicked on

2019-09-17 15:05:51 - [TEST_STEP][PASSED] - setText(findTestObject("Page_cabi/input_Welcome to_USERNAME"), BOuser): Text '400000002' is set on object 'Object Repository/Page_cabi/input_Welcome to_USERNAME'

2019-09-17 15:05:51 - [MESSAGE][PASSED] - Text '400000002' is set on object 'Object Repository/Page_cabi/input_Welcome to_USERNAME'

2019-09-17 15:05:51 - [TEST_STEP][PASSED] - setText(findTestObject("Object Repository/Page_cabi/input_Welcome to_PASSWORD"), BOpass): Text 'blackdress19' is set on object 'Object Repository/Page_cabi/input_Welcome to_PASSWORD'

2019-09-17 15:05:51 - [MESSAGE][PASSED] - Text 'blackdress19' is set on object 'Object Repository/Page_cabi/input_Welcome to_PASSWORD'

2019-09-17 15:05:51 - [TEST_STEP][PASSED] - click(findTestObject("Object Repository/Page_cabi/input_Welcome to_consultantLogin")): Object: 'Object Repository/Page_cabi/input_Welcome to_consultantLogin' is clicked on

2019-09-17 15:06:03 - [MESSAGE][PASSED] - Object: 'Object Repository/Page_cabi/input_Welcome to_consultantLogin' is clicked on

2019-09-17 15:06:03 - [TEST_STEP][PASSED] - delay(3): Delayed 3 second(s)

2019-09-17 15:06:06 - [MESSAGE][PASSED] - Delayed 3 second(s)

2019-09-17 15:06:06 - [MESSAGE][PASSED] - Call Test Case 'Test Cases/TestCaseUtilities/backOfficeLogin' successfully

2019-09-17 15:06:06 - [TEST_STEP][PASSED] - click(findTestObject("Object Repository/Page_cabi Home/a_Shows  Orders")): Object: 'Object Repository/Page_cabi Home/a_Shows  Orders' is clicked on

2019-09-17 15:06:06 - [MESSAGE][PASSED] - Object: 'Object Repository/Page_cabi Home/a_Shows  Orders' is clicked on

2019-09-17 15:06:06 - [TEST_STEP][PASSED] - delay(1): Delayed 1 second(s)

2019-09-17 15:06:07 - [MESSAGE][PASSED] - Delayed 1 second(s)

2019-09-17 15:06:07 - [TEST_STEP][PASSED] - click(findTestObject("Page_cabi Home/a_Shows  Orders")): Object: 'Object Repository/Page_cabi Home/a_Shows  Orders' is clicked on

2019-09-17 15:06:07 - [MESSAGE][PASSED] - Object: 'Object Repository/Page_cabi Home/a_Shows  Orders' is clicked on

2019-09-17 15:06:07 - [TEST_STEP][PASSED] - click(findTestObject("Page_cabi Home/a_retail_purchases")): Object: 'Object Repository/Page_cabi Home/a_retail_purchases' is clicked on

2019-09-17 15:06:11 - [MESSAGE][PASSED] - Object: 'Object Repository/Page_cabi Home/a_retail_purchases' is clicked on

2019-09-17 15:06:11 - [TEST_STEP][PASSED] - delay(3): Delayed 3 second(s)

2019-09-17 15:06:14 - [MESSAGE][PASSED] - Delayed 3 second(s)

2019-09-17 15:06:14 - [TEST_STEP][PASSED] - click(findTestObject("Object Repository/Page_cabi Home/existingCustomer")): Object: 'Object Repository/Page_cabi Home/existingCustomer' is clicked on

2019-09-17 15:06:14 - [MESSAGE][PASSED] - Object: 'Object Repository/Page_cabi Home/existingCustomer' is clicked on

2019-09-17 15:06:14 - [TEST_STEP][PASSED] - contactNumber = 3: null

2019-09-17 15:06:14 - [TEST_STEP][PASSED] - firstName = findTestData("contactData").getValue("firstName", contactNumber): null

2019-09-17 15:06:14 - [TEST_STEP][PASSED] - lastName = findTestData("contactData").getValue("lastName", contactNumber): null

2019-09-17 15:06:14 - [TEST_STEP][PASSED] - email = findTestData("contactData").getValue("email", contactNumber): null

2019-09-17 15:06:14 - [TEST_STEP][PASSED] - address1 = findTestData("contactData").getValue("address1", contactNumber): null

2019-09-17 15:06:14 - [TEST_STEP][PASSED] - city = findTestData("contactData").getValue("city", contactNumber): null

2019-09-17 15:06:14 - [TEST_STEP][PASSED] - state = findTestData("contactData").getValue("state", contactNumber): null

2019-09-17 15:06:14 - [TEST_STEP][PASSED] - zip = findTestData("contactData").getValue("zip", contactNumber): null

2019-09-17 15:06:14 - [TEST_STEP][PASSED] - existingCustFName = firstName: null

2019-09-17 15:06:14 - [TEST_STEP][PASSED] - existingCustLName = lastName: null

2019-09-17 15:06:14 - [TEST_STEP][PASSED] - space = " ": null

2019-09-17 15:06:14 - [TEST_STEP][PASSED] - existingCust = $existingCustFName$space$existingCustLName: null

2019-09-17 15:06:14 - [TEST_STEP][PASSED] - setText(findTestObject("Object Repository/Page_cabi Home/input_existing_guest"), existingCust): Text 'guest1-test abc' is set on object 'Object Repository/Page_cabi Home/input_existing_guest'

2019-09-17 15:06:15 - [MESSAGE][PASSED] - Text 'guest1-test abc' is set on object 'Object Repository/Page_cabi Home/input_existing_guest'

2019-09-17 15:06:15 - [TEST_STEP][PASSED] - delay(2): Delayed 2 second(s)

2019-09-17 15:06:17 - [MESSAGE][PASSED] - Delayed 2 second(s)

2019-09-17 15:06:17 - [TEST_STEP][PASSED] - sendKeys(findTestObject("Object Repository/Page_cabi Home/input_existing_guest"), Keys.chord(ARROW_DOWN)): Keys 'DOWN + ' sent to object: 'Object Repository/Page_cabi Home/input_existing_guest'

2019-09-17 15:06:17 - [MESSAGE][PASSED] - Keys 'DOWN + ' sent to object: 'Object Repository/Page_cabi Home/input_existing_guest'

2019-09-17 15:06:17 - [TEST_STEP][PASSED] - sendKeys(findTestObject("Object Repository/Page_cabi Home/input_existing_guest"), Keys.chord(ENTER)): Keys 'ENTER + ' sent to object: 'Object Repository/Page_cabi Home/input_existing_guest'

2019-09-17 15:06:18 - [MESSAGE][PASSED] - Keys 'ENTER + ' sent to object: 'Object Repository/Page_cabi Home/input_existing_guest'

2019-09-17 15:06:18 - [TEST_STEP][PASSED] - setText(findTestObject("Object Repository/Page_cabi Retail Store/input_email"), email): Text 'guest1-test@test.com' is set on object 'Object Repository/Page_cabi Retail Store/input_email'

2019-09-17 15:06:18 - [MESSAGE][PASSED] - Text 'guest1-test@test.com' is set on object 'Object Repository/Page_cabi Retail Store/input_email'

2019-09-17 15:06:18 - [TEST_STEP][PASSED] - setText(findTestObject("Object Repository/Page_cabi Edit Customer Profile/input_Address1_address1"), address1): Text '975 BRAHMS CT' is set on object 'Object Repository/Page_cabi Edit Customer Profile/input_Address1_address1'

2019-09-17 15:06:18 - [MESSAGE][PASSED] - Text '975 BRAHMS CT' is set on object 'Object Repository/Page_cabi Edit Customer Profile/input_Address1_address1'

2019-09-17 15:06:18 - [TEST_STEP][PASSED] - setText(findTestObject("Object Repository/Page_cabi Edit Customer Profile/input_Address2_address2"), ""): Text '' is set on object 'Object Repository/Page_cabi Edit Customer Profile/input_Address2_address2'

2019-09-17 15:06:18 - [MESSAGE][PASSED] - Text '' is set on object 'Object Repository/Page_cabi Edit Customer Profile/input_Address2_address2'

2019-09-17 15:06:18 - [TEST_STEP][PASSED] - setText(findTestObject("Object Repository/Page_cabi Edit Customer Profile/input_City_city"), city): Text 'TROY' is set on object 'Object Repository/Page_cabi Edit Customer Profile/input_City_city'

2019-09-17 15:06:18 - [MESSAGE][PASSED] - Text 'TROY' is set on object 'Object Repository/Page_cabi Edit Customer Profile/input_City_city'

2019-09-17 15:06:18 - [TEST_STEP][PASSED] - click(findTestObject("Page_cabi Edit Customer Profile/span_select_a_state")): Object: 'Object Repository/Page_cabi Edit Customer Profile/span_select_a_state' is clicked on

2019-09-17 15:06:19 - [MESSAGE][PASSED] - Object: 'Object Repository/Page_cabi Edit Customer Profile/span_select_a_state' is clicked on

2019-09-17 15:06:19 - [TEST_STEP][PASSED] - delay(1): Delayed 1 second(s)

2019-09-17 15:06:20 - [MESSAGE][PASSED] - Delayed 1 second(s)

2019-09-17 15:06:20 - [TEST_STEP][PASSED] - setText(findTestObject("Page_cabi Edit Customer Profile/input_state_postalCode"), zip): Text '48085' is set on object 'Object Repository/Page_cabi Edit Customer Profile/input_state_postalCode'

2019-09-17 15:06:20 - [MESSAGE][PASSED] - Text '48085' is set on object 'Object Repository/Page_cabi Edit Customer Profile/input_state_postalCode'

2019-09-17 15:06:20 - [TEST_STEP][PASSED] - delay(5): Delayed 5 second(s)

2019-09-17 15:06:25 - [MESSAGE][PASSED] - Delayed 5 second(s)

2019-09-17 15:06:25 - [TEST_STEP][PASSED] - check(findTestObject("Object Repository/Page_cabi Home/a_same_shipping_address")): Object 'Object Repository/Page_cabi Home/a_same_shipping_address' is checked

2019-09-17 15:06:25 - [MESSAGE][PASSED] - Object 'Object Repository/Page_cabi Home/a_same_shipping_address' is checked

2019-09-17 15:06:25 - [TEST_STEP][PASSED] - delay(5): Delayed 5 second(s)

2019-09-17 15:06:30 - [MESSAGE][PASSED] - Delayed 5 second(s)

2019-09-17 15:06:30 - [TEST_STEP][PASSED] - check(findTestObject("Object Repository/Page_cabi Home/a_same_shipping_address")): Object 'Object Repository/Page_cabi Home/a_same_shipping_address' is checked

2019-09-17 15:06:30 - [MESSAGE][PASSED] - Object 'Object Repository/Page_cabi Home/a_same_shipping_address' is checked

2019-09-17 15:06:30 - [TEST_STEP][PASSED] - delay(5): Delayed 5 second(s)

2019-09-17 15:06:35 - [MESSAGE][PASSED] - Delayed 5 second(s)

2019-09-17 15:06:35 - [TEST_STEP][PASSED] - driver = getWebDriver(): null

2019-09-17 15:06:35 - [TEST_STEP][PASSED] - executor = driver: null

2019-09-17 15:06:35 - [TEST_STEP][PASSED] - executor.executeScript("arguments[0].click();", findWebElement(findTestObject("Object Repository/Page_cabi Home/a_order_items"), 5)): null

2019-09-17 15:06:35 - [TEST_STEP][PASSED] - delay(3): Delayed 3 second(s)

2019-09-17 15:06:38 - [MESSAGE][PASSED] - Delayed 3 second(s)

2019-09-17 15:06:38 - [TEST_STEP][PASSED] - click(findTestObject("Object Repository/Page_cabi Retail Store/span_quick_entry")): Object: 'Object Repository/Page_cabi Retail Store/span_quick_entry' is clicked on

2019-09-17 15:06:44 - [MESSAGE][PASSED] - Object: 'Object Repository/Page_cabi Retail Store/span_quick_entry' is clicked on

2019-09-17 15:06:44 - [TEST_STEP][PASSED] - delay(3): Delayed 3 second(s)

2019-09-17 15:06:47 - [MESSAGE][PASSED] - Delayed 3 second(s)

2019-09-17 15:06:47 - [TEST_STEP][PASSED] - emptyCart = findWebElements(findTestObject("Object Repository/Page_cabi Personal Store/removeFromCart"), 5): Unable to find the element located by 'By.xpath: //*[@id="removeFromCart_0"]/span'. Please recheck the objects properties to make sure the desired element is located. 

2019-09-17 15:06:52 - [MESSAGE][INFO] - Unable to find the element located by 'By.xpath: //*[@id="removeFromCart_0"]/span'. Please recheck the objects properties to make sure the desired element is located. 

2019-09-17 15:06:52 - [TEST_STEP][PASSED] - if (emptyCart.size() > 0): null

2019-09-17 15:06:52 - [TEST_STEP][PASSED] - addOnStyle = findTestData("miscData").getValue("addOnStyle", 1): null

2019-09-17 15:06:52 - [TEST_STEP][PASSED] - addOnStyle2 = findTestData("miscData").getValue("addOnStyle", 2): null

2019-09-17 15:06:52 - [TEST_STEP][PASSED] - setText(findTestObject("Object Repository/Page_cabi Create Order/input_Manual Discount_stylelookup_0"), addOnStyle): Text '3701' is set on object 'Object Repository/Page_cabi Create Order/input_Manual Discount_stylelookup_0'

2019-09-17 15:06:52 - [MESSAGE][PASSED] - Text '3701' is set on object 'Object Repository/Page_cabi Create Order/input_Manual Discount_stylelookup_0'

2019-09-17 15:06:52 - [TEST_STEP][PASSED] - delay(2): Delayed 2 second(s)

2019-09-17 15:06:54 - [MESSAGE][PASSED] - Delayed 2 second(s)

2019-09-17 15:06:54 - [TEST_STEP][PASSED] - sendKeys(findTestObject("Object Repository/Page_cabi Create Order/input_Manual Discount_stylelookup_0"), Keys.chord(ARROW_DOWN)): Keys 'DOWN + ' sent to object: 'Object Repository/Page_cabi Create Order/input_Manual Discount_stylelookup_0'

2019-09-17 15:06:55 - [MESSAGE][PASSED] - Keys 'DOWN + ' sent to object: 'Object Repository/Page_cabi Create Order/input_Manual Discount_stylelookup_0'

2019-09-17 15:06:55 - [TEST_STEP][PASSED] - delay(2): Delayed 2 second(s)

2019-09-17 15:06:57 - [MESSAGE][PASSED] - Delayed 2 second(s)

2019-09-17 15:06:57 - [TEST_STEP][PASSED] - sendKeys(findTestObject("Object Repository/Page_cabi Create Order/input_Manual Discount_stylelookup_0"), Keys.chord(ARROW_DOWN)): Keys 'DOWN + ' sent to object: 'Object Repository/Page_cabi Create Order/input_Manual Discount_stylelookup_0'

2019-09-17 15:06:57 - [MESSAGE][PASSED] - Keys 'DOWN + ' sent to object: 'Object Repository/Page_cabi Create Order/input_Manual Discount_stylelookup_0'

2019-09-17 15:06:57 - [TEST_STEP][PASSED] - sendKeys(findTestObject("Object Repository/Page_cabi Create Order/input_Manual Discount_stylelookup_0"), Keys.chord(ENTER)): Keys 'ENTER + ' sent to object: 'Object Repository/Page_cabi Create Order/input_Manual Discount_stylelookup_0'

2019-09-17 15:06:57 - [MESSAGE][PASSED] - Keys 'ENTER + ' sent to object: 'Object Repository/Page_cabi Create Order/input_Manual Discount_stylelookup_0'

2019-09-17 15:06:57 - [TEST_STEP][PASSED] - delay(5): Delayed 5 second(s)

2019-09-17 15:07:02 - [MESSAGE][PASSED] - Delayed 5 second(s)

2019-09-17 15:07:02 - [TEST_STEP][PASSED] - click(findTestObject("Object Repository/Page_cabi Order Items/selectSize")): Object: 'Object Repository/Page_cabi Order Items/selectSize' is clicked on

2019-09-17 15:07:02 - [MESSAGE][PASSED] - Object: 'Object Repository/Page_cabi Order Items/selectSize' is clicked on

2019-09-17 15:07:02 - [TEST_STEP][PASSED] - delay(3): Delayed 3 second(s)

2019-09-17 15:07:05 - [MESSAGE][PASSED] - Delayed 3 second(s)

2019-09-17 15:07:05 - [TEST_STEP][PASSED] - click(findTestObject("Object Repository/Page_cabi Order Items/span_Add to Cart")): Object: 'Object Repository/Page_cabi Order Items/span_Add to Cart' is clicked on

2019-09-17 15:07:05 - [MESSAGE][PASSED] - Object: 'Object Repository/Page_cabi Order Items/span_Add to Cart' is clicked on

2019-09-17 15:07:05 - [TEST_STEP][PASSED] - delay(5): Delayed 5 second(s)

2019-09-17 15:07:10 - [MESSAGE][PASSED] - Delayed 5 second(s)

2019-09-17 15:07:10 - [TEST_STEP][PASSED] - click(findTestObject("Object Repository/Page_cabi Create Order/inputStyleLookup1")): Object: 'Object Repository/Page_cabi Create Order/inputStyleLookup1' is clicked on

2019-09-17 15:07:10 - [MESSAGE][PASSED] - Object: 'Object Repository/Page_cabi Create Order/inputStyleLookup1' is clicked on

2019-09-17 15:07:10 - [TEST_STEP][PASSED] - setText(findTestObject("Object Repository/Page_cabi Create Order/inputStyleLookup1"), addOnStyle2): Text '3703' is set on object 'Object Repository/Page_cabi Create Order/inputStyleLookup1'

2019-09-17 15:07:10 - [MESSAGE][PASSED] - Text '3703' is set on object 'Object Repository/Page_cabi Create Order/inputStyleLookup1'

2019-09-17 15:07:10 - [TEST_STEP][PASSED] - delay(3): Delayed 3 second(s)

2019-09-17 15:07:13 - [MESSAGE][PASSED] - Delayed 3 second(s)

2019-09-17 15:07:13 - [TEST_STEP][PASSED] - prod_message2 = getText(findTestObject("Page_cabi Create Order/first_option")): Text of object 'Object Repository/Page_cabi Create Order/first_option' is: '3703 Turn Back Cardigan'

2019-09-17 15:07:13 - [MESSAGE][PASSED] - Text of object 'Object Repository/Page_cabi Create Order/first_option' is: '3703 Turn Back Cardigan'

2019-09-17 15:07:13 - [TEST_STEP][PASSED] - click(findTestObject("Page_cabi Create Order/first_option")): Object: 'Object Repository/Page_cabi Create Order/first_option' is clicked on

2019-09-17 15:07:13 - [MESSAGE][PASSED] - Object: 'Object Repository/Page_cabi Create Order/first_option' is clicked on

2019-09-17 15:07:13 - [TEST_STEP][PASSED] - delay(5): Delayed 5 second(s)

2019-09-17 15:07:18 - [MESSAGE][PASSED] - Delayed 5 second(s)

2019-09-17 15:07:18 - [TEST_STEP][PASSED] - click(findTestObject("Object Repository/Page_cabi Order Items/selectSize2")): Object: 'Object Repository/Page_cabi Order Items/selectSize2' is clicked on

2019-09-17 15:07:18 - [MESSAGE][PASSED] - Object: 'Object Repository/Page_cabi Order Items/selectSize2' is clicked on

2019-09-17 15:07:18 - [TEST_STEP][PASSED] - delay(3): Delayed 3 second(s)

2019-09-17 15:07:21 - [MESSAGE][PASSED] - Delayed 3 second(s)

2019-09-17 15:07:21 - [TEST_STEP][PASSED] - click(findTestObject("Object Repository/Page_cabi Order Items/addToCart2")): Object: 'Object Repository/Page_cabi Order Items/addToCart2' is clicked on

2019-09-17 15:07:22 - [MESSAGE][PASSED] - Object: 'Object Repository/Page_cabi Order Items/addToCart2' is clicked on

2019-09-17 15:07:22 - [TEST_STEP][PASSED] - delay(5): Delayed 5 second(s)

2019-09-17 15:07:27 - [MESSAGE][PASSED] - Delayed 5 second(s)

2019-09-17 15:07:27 - [TEST_STEP][PASSED] - if (editScenarioNumber == 1): null

2019-09-17 15:07:27 - [TEST_STEP][PASSED] - click(findTestObject("Object Repository/Page_cabi Order Items/a_checkout")): Object: 'Object Repository/Page_cabi Order Items/a_checkout' is clicked on

2019-09-17 15:07:29 - [MESSAGE][PASSED] - Object: 'Object Repository/Page_cabi Order Items/a_checkout' is clicked on

2019-09-17 15:07:29 - [TEST_STEP][PASSED] - delay(3): Delayed 3 second(s)

2019-09-17 15:07:32 - [MESSAGE][PASSED] - Delayed 3 second(s)

2019-09-17 15:07:32 - [TEST_STEP][PASSED] - click(findTestObject("Page_cabi Personal Store/nextButtonShipping")): Object: 'Object Repository/Page_cabi Personal Store/nextButtonShipping' is clicked on

2019-09-17 15:07:32 - [MESSAGE][PASSED] - Object: 'Object Repository/Page_cabi Personal Store/nextButtonShipping' is clicked on

2019-09-17 15:07:32 - [TEST_STEP][PASSED] - delay(3): Delayed 3 second(s)

2019-09-17 15:07:35 - [MESSAGE][PASSED] - Delayed 3 second(s)

2019-09-17 15:07:35 - [TEST_STEP][PASSED] - click(findTestObject("Page_cabi Personal Store/makeFirstPayment")): Object: 'Object Repository/Page_cabi Personal Store/makeFirstPayment' is clicked on

2019-09-17 15:07:35 - [MESSAGE][PASSED] - Object: 'Object Repository/Page_cabi Personal Store/makeFirstPayment' is clicked on

2019-09-17 15:07:35 - [TEST_STEP][PASSED] - click(findTestObject("Object Repository/Page_cabi Personal Store/select_cash")): Object: 'Object Repository/Page_cabi Personal Store/select_cash' is clicked on

2019-09-17 15:07:35 - [MESSAGE][PASSED] - Object: 'Object Repository/Page_cabi Personal Store/select_cash' is clicked on

2019-09-17 15:07:35 - [TEST_STEP][PASSED] - click(findTestObject("Page_cabi Personal Store/submitPayment")): Object: 'Object Repository/Page_cabi Personal Store/submitPayment' is clicked on

2019-09-17 15:07:36 - [MESSAGE][PASSED] - Object: 'Object Repository/Page_cabi Personal Store/submitPayment' is clicked on

2019-09-17 15:07:36 - [TEST_STEP][PASSED] - click(findTestObject("Page_cabi Personal Store/submitOrderId")): Object: 'Object Repository/Page_cabi Personal Store/submitOrderId' is clicked on

2019-09-17 15:07:39 - [MESSAGE][PASSED] - Object: 'Object Repository/Page_cabi Personal Store/submitOrderId' is clicked on

2019-09-17 15:07:39 - [TEST_STEP][PASSED] - successMsg = "": null

2019-09-17 15:07:39 - [TEST_STEP][PASSED] - orderSuccess = false: null

2019-09-17 15:07:39 - [TEST_STEP][PASSED] - successMsgs = findWebElements(findTestObject("Object Repository/Page_cabi Personal Store/p_success_msg"), 5): null

2019-09-17 15:07:39 - [TEST_STEP][PASSED] - if (successMsgs.size() > 0): Text of object 'Object Repository/Page_cabi Personal Store/p_order_id' is: 'RT708236000'

2019-09-17 15:07:39 - [TEST_STEP][PASSED] - successMsg = getText(findTestObject("Object Repository/Page_cabi Personal Store/p_success_msg")): Text of object 'Object Repository/Page_cabi Personal Store/p_success_msg' is: 'Order Created Successfully!!
Order #:  RT708236000

CONTINUE SHOPPING'

2019-09-17 15:07:39 - [MESSAGE][PASSED] - Text of object 'Object Repository/Page_cabi Personal Store/p_success_msg' is: 'Order Created Successfully!!
Order #:  RT708236000

CONTINUE SHOPPING'

2019-09-17 15:07:39 - [TEST_STEP][PASSED] - orderSuccess = true: null

2019-09-17 15:07:39 - [TEST_STEP][PASSED] - retailOrderID = getText(findTestObject("Object Repository/Page_cabi Personal Store/p_order_id")): Text of object 'Object Repository/Page_cabi Personal Store/p_order_id' is: 'RT708236000'

2019-09-17 15:07:39 - [MESSAGE][PASSED] - Text of object 'Object Repository/Page_cabi Personal Store/p_order_id' is: 'RT708236000'

2019-09-17 15:07:40 - [TEST_STEP][PASSED] - assert orderSuccess == true: null

2019-09-17 15:07:40 - [TEST_STEP][NOT_RUN] - closeBrowser(): NOT_RUN: closeBrowser()

2019-09-17 15:07:40 - [MESSAGE][NOT_RUN] - NOT_RUN: closeBrowser()

2019-09-17 15:07:40 - [MESSAGE][PASSED] - Call Test Case 'Test Cases/EditOrder/retailOrderBO' successfully

2019-09-17 15:07:40 - [TEST_STEP][PASSED] - delay(10): Delayed 10 second(s)

2019-09-17 15:07:50 - [MESSAGE][PASSED] - Delayed 10 second(s)

2019-09-17 15:07:50 - [TEST_STEP][PASSED] - callTestCase(findTestCase("TestCaseUtilities/setVHost"), [:], STOP_ON_FAILURE): Call Test Case 'Test Cases/TestCaseUtilities/setVHost' successfully

2019-09-17 15:07:50 - [TEST_CASE][PASSED] - Test Cases/TestCaseUtilities/setVHost: Test Cases/TestCaseUtilities/setVHost

2019-09-17 15:07:50 - [TEST_STEP][PASSED] - ofbizURL = findTestData("envtData").getValue("ofbizURL", 1): null

2019-09-17 15:07:50 - [TEST_STEP][PASSED] - ofbizUser = findTestData("credData").getValue("ofbizuser", 1): null

2019-09-17 15:07:50 - [TEST_STEP][PASSED] - ofbizPass = findTestData("credData").getValue("ofbizpass", 1): null

2019-09-17 15:07:50 - [TEST_STEP][PASSED] - vhostTarget = findTestData("envtData").getValue("vhostTarget", 1): null

2019-09-17 15:07:50 - [TEST_STEP][PASSED] - navigateToUrl(ofbizURL): Navigate to 'https://pushofbiz.cliotest.com/login.php' successfully

2019-09-17 15:07:52 - [MESSAGE][PASSED] - Navigate to 'https://pushofbiz.cliotest.com/login.php' successfully

2019-09-17 15:07:52 - [TEST_STEP][PASSED] - setText(findTestObject("Object Repository/virualShowRSVPOR/Page_/input_Username_username"), ofbizUser): Text 'automation' is set on object 'Object Repository/virualShowRSVPOR/Page_/input_Username_username'

2019-09-17 15:07:52 - [MESSAGE][PASSED] - Text 'automation' is set on object 'Object Repository/virualShowRSVPOR/Page_/input_Username_username'

2019-09-17 15:07:52 - [TEST_STEP][PASSED] - setText(findTestObject("Object Repository/virualShowRSVPOR/Page_/input_Password_password"), ofbizPass): Text 'cabiautomation' is set on object 'Object Repository/virualShowRSVPOR/Page_/input_Password_password'

2019-09-17 15:07:52 - [MESSAGE][PASSED] - Text 'cabiautomation' is set on object 'Object Repository/virualShowRSVPOR/Page_/input_Password_password'

2019-09-17 15:07:52 - [TEST_STEP][PASSED] - click(findTestObject("Object Repository/virualShowRSVPOR/Page_/input_Password_Submit")): Object: 'Object Repository/virualShowRSVPOR/Page_/input_Password_Submit' is clicked on

2019-09-17 15:07:57 - [MESSAGE][PASSED] - Object: 'Object Repository/virualShowRSVPOR/Page_/input_Password_Submit' is clicked on

2019-09-17 15:07:57 - [TEST_STEP][PASSED] - click(findTestObject("Object Repository/virualShowRSVPOR/Page_/a_Set Vhost")): Object: 'Object Repository/virualShowRSVPOR/Page_/a_Set Vhost' is clicked on

2019-09-17 15:07:57 - [MESSAGE][PASSED] - Object: 'Object Repository/virualShowRSVPOR/Page_/a_Set Vhost' is clicked on

2019-09-17 15:07:57 - [TEST_STEP][PASSED] - click(UtilityMethods.createTestObject("select_target", "//select[@name='Target']/option[contains(text(), '", vhostTarget, "')]")): Object: 'select_target' is clicked on

2019-09-17 15:07:57 - [MESSAGE][PASSED] - Object: 'select_target' is clicked on

2019-09-17 15:07:57 - [TEST_STEP][PASSED] - click(findTestObject("Object Repository/virualShowRSVPOR/Page_/input")): Object: 'Object Repository/virualShowRSVPOR/Page_/input' is clicked on

2019-09-17 15:08:00 - [MESSAGE][PASSED] - Object: 'Object Repository/virualShowRSVPOR/Page_/input' is clicked on

2019-09-17 15:08:00 - [MESSAGE][PASSED] - Call Test Case 'Test Cases/TestCaseUtilities/setVHost' successfully

2019-09-17 15:08:00 - [TEST_STEP][PASSED] - callTestCase(findTestCase("TestCaseUtilities/rsLogin"), ["RSURL":"", "RSuser":"", "RSpass":""], STOP_ON_FAILURE): Call Test Case 'Test Cases/TestCaseUtilities/rsLogin' successfully

2019-09-17 15:08:00 - [TEST_CASE][PASSED] - Test Cases/TestCaseUtilities/rsLogin: Test Cases/TestCaseUtilities/rsLogin

2019-09-17 15:08:00 - [TEST_STEP][PASSED] - dataFile = "micrositeData": null

2019-09-17 15:08:00 - [TEST_STEP][PASSED] - guest1Mail = findTestData(dataFile).getValue("guest1Mail", 1): null

2019-09-17 15:08:00 - [TEST_STEP][PASSED] - guest1Pass = findTestData(dataFile).getValue("guest1Pass", 1): null

2019-09-17 15:08:00 - [TEST_STEP][PASSED] - RSTestEnvt = findTestData("envtData").getValue("RSTestEnvt", 1): null

2019-09-17 15:08:00 - [TEST_STEP][PASSED] - callTestCase(findTestCase("TestCaseUtilities/setVHost"), [:], STOP_ON_FAILURE): Call Test Case 'Test Cases/TestCaseUtilities/setVHost' successfully

2019-09-17 15:08:00 - [TEST_CASE][PASSED] - Test Cases/TestCaseUtilities/setVHost: Test Cases/TestCaseUtilities/setVHost

2019-09-17 15:08:00 - [TEST_STEP][PASSED] - ofbizURL = findTestData("envtData").getValue("ofbizURL", 1): null

2019-09-17 15:08:00 - [TEST_STEP][PASSED] - ofbizUser = findTestData("credData").getValue("ofbizuser", 1): null

2019-09-17 15:08:00 - [TEST_STEP][PASSED] - ofbizPass = findTestData("credData").getValue("ofbizpass", 1): null

2019-09-17 15:08:00 - [TEST_STEP][PASSED] - vhostTarget = findTestData("envtData").getValue("vhostTarget", 1): null

2019-09-17 15:08:00 - [TEST_STEP][PASSED] - navigateToUrl(ofbizURL): Navigate to 'https://pushofbiz.cliotest.com/login.php' successfully

2019-09-17 15:08:01 - [MESSAGE][PASSED] - Navigate to 'https://pushofbiz.cliotest.com/login.php' successfully

2019-09-17 15:08:01 - [TEST_STEP][PASSED] - setText(findTestObject("Object Repository/virualShowRSVPOR/Page_/input_Username_username"), ofbizUser): Text 'automation' is set on object 'Object Repository/virualShowRSVPOR/Page_/input_Username_username'

2019-09-17 15:08:01 - [MESSAGE][PASSED] - Text 'automation' is set on object 'Object Repository/virualShowRSVPOR/Page_/input_Username_username'

2019-09-17 15:08:01 - [TEST_STEP][PASSED] - setText(findTestObject("Object Repository/virualShowRSVPOR/Page_/input_Password_password"), ofbizPass): Text 'cabiautomation' is set on object 'Object Repository/virualShowRSVPOR/Page_/input_Password_password'

2019-09-17 15:08:01 - [MESSAGE][PASSED] - Text 'cabiautomation' is set on object 'Object Repository/virualShowRSVPOR/Page_/input_Password_password'

2019-09-17 15:08:01 - [TEST_STEP][PASSED] - click(findTestObject("Object Repository/virualShowRSVPOR/Page_/input_Password_Submit")): Object: 'Object Repository/virualShowRSVPOR/Page_/input_Password_Submit' is clicked on

2019-09-17 15:08:05 - [MESSAGE][PASSED] - Object: 'Object Repository/virualShowRSVPOR/Page_/input_Password_Submit' is clicked on

2019-09-17 15:08:05 - [TEST_STEP][PASSED] - click(findTestObject("Object Repository/virualShowRSVPOR/Page_/a_Set Vhost")): Object: 'Object Repository/virualShowRSVPOR/Page_/a_Set Vhost' is clicked on

2019-09-17 15:08:05 - [MESSAGE][PASSED] - Object: 'Object Repository/virualShowRSVPOR/Page_/a_Set Vhost' is clicked on

2019-09-17 15:08:05 - [TEST_STEP][PASSED] - click(UtilityMethods.createTestObject("select_target", "//select[@name='Target']/option[contains(text(), '", vhostTarget, "')]")): Object: 'select_target' is clicked on

2019-09-17 15:08:05 - [MESSAGE][PASSED] - Object: 'select_target' is clicked on

2019-09-17 15:08:05 - [TEST_STEP][PASSED] - click(findTestObject("Object Repository/virualShowRSVPOR/Page_/input")): Object: 'Object Repository/virualShowRSVPOR/Page_/input' is clicked on

2019-09-17 15:08:08 - [MESSAGE][PASSED] - Object: 'Object Repository/virualShowRSVPOR/Page_/input' is clicked on

2019-09-17 15:08:08 - [MESSAGE][PASSED] - Call Test Case 'Test Cases/TestCaseUtilities/setVHost' successfully

2019-09-17 15:08:08 - [TEST_STEP][PASSED] - loginURL = UtilityMethods.concat("https://mirandakate.", RSTestEnvt, ".com/?component=account.login-gateway"): null

2019-09-17 15:08:08 - [TEST_STEP][PASSED] - navigateToUrl(loginURL): Navigate to 'https://mirandakate.cabitest5.com/?component=account.login-gateway' successfully

2019-09-17 15:08:36 - [MESSAGE][PASSED] - Navigate to 'https://mirandakate.cabitest5.com/?component=account.login-gateway' successfully

2019-09-17 15:08:36 - [TEST_STEP][PASSED] - delay(3): Delayed 3 second(s)

2019-09-17 15:08:39 - [MESSAGE][PASSED] - Delayed 3 second(s)

2019-09-17 15:08:39 - [TEST_STEP][PASSED] - setText(findTestObject("Object Repository/virualShowRSVPOR/Page_Show microsite/input_Sign in  Create account_email"), guest1Mail): Text 'guest1-test@test.com' is set on object 'Object Repository/virualShowRSVPOR/Page_Show microsite/input_Sign in  Create account_email'

2019-09-17 15:08:40 - [MESSAGE][PASSED] - Text 'guest1-test@test.com' is set on object 'Object Repository/virualShowRSVPOR/Page_Show microsite/input_Sign in  Create account_email'

2019-09-17 15:08:40 - [TEST_STEP][PASSED] - click(findTestObject("Object Repository/virualShowRSVPOR/Page_Show microsite/button_Continue")): Object: 'Object Repository/virualShowRSVPOR/Page_Show microsite/button_Continue' is clicked on

2019-09-17 15:08:40 - [MESSAGE][PASSED] - Object: 'Object Repository/virualShowRSVPOR/Page_Show microsite/button_Continue' is clicked on

2019-09-17 15:08:40 - [TEST_STEP][PASSED] - setText(findTestObject("Object Repository/virualShowRSVPOR/Page_Show microsite/input_Welcome_password"), guest1Pass): Text 'blackdress19' is set on object 'Object Repository/virualShowRSVPOR/Page_Show microsite/input_Welcome_password'

2019-09-17 15:08:41 - [MESSAGE][PASSED] - Text 'blackdress19' is set on object 'Object Repository/virualShowRSVPOR/Page_Show microsite/input_Welcome_password'

2019-09-17 15:08:41 - [TEST_STEP][PASSED] - click(findTestObject("Object Repository/virualShowRSVPOR/Page_Show microsite/button_Continue_pass")): Object: 'Object Repository/virualShowRSVPOR/Page_Show microsite/button_Continue_pass' is clicked on

2019-09-17 15:08:41 - [MESSAGE][PASSED] - Object: 'Object Repository/virualShowRSVPOR/Page_Show microsite/button_Continue_pass' is clicked on

2019-09-17 15:08:41 - [TEST_STEP][PASSED] - delay(5): Delayed 5 second(s)

2019-09-17 15:08:46 - [MESSAGE][PASSED] - Delayed 5 second(s)

2019-09-17 15:08:46 - [TEST_STEP][PASSED] - if (verifyElementPresent(findTestObject("Object Repository/virualShowRSVPOR/Page_Show microsite/complete_my_profile_later"), 0)): Object: 'Object Repository/virualShowRSVPOR/Page_Show microsite/div_Ill complete my profile later' is clicked on

2019-09-17 15:08:46 - [MESSAGE][WARNING] - Timeout '0' is invalid. Using default page load timeout: '30'

2019-09-17 15:08:46 - [MESSAGE][PASSED] - Object 'Object Repository/virualShowRSVPOR/Page_Show microsite/complete_my_profile_later' is present

2019-09-17 15:08:46 - [TEST_STEP][PASSED] - click(findTestObject("Object Repository/virualShowRSVPOR/Page_Show microsite/div_Ill complete my profile later")): Object: 'Object Repository/virualShowRSVPOR/Page_Show microsite/div_Ill complete my profile later' is clicked on

2019-09-17 15:08:54 - [MESSAGE][PASSED] - Object: 'Object Repository/virualShowRSVPOR/Page_Show microsite/div_Ill complete my profile later' is clicked on

2019-09-17 15:08:54 - [MESSAGE][PASSED] - Call Test Case 'Test Cases/TestCaseUtilities/rsLogin' successfully

2019-09-17 15:08:54 - [TEST_STEP][PASSED] - callTestCase(findTestCase("EditOrder/rsOrderHistoryConfirm"), ["orderID":"", "editScenarioNumber":1], STOP_ON_FAILURE): Call Test Case 'Test Cases/EditOrder/rsOrderHistoryConfirm' successfully

2019-09-17 15:08:54 - [TEST_CASE][PASSED] - Test Cases/EditOrder/rsOrderHistoryConfirm: Test Cases/EditOrder/rsOrderHistoryConfirm

2019-09-17 15:08:54 - [TEST_STEP][PASSED] - driver = getWebDriver(): null

2019-09-17 15:08:54 - [TEST_STEP][PASSED] - executor = driver: null

2019-09-17 15:08:54 - [TEST_STEP][PASSED] - orderID = retailOrderID: null

2019-09-17 15:08:54 - [TEST_STEP][PASSED] - println(orderID): null

2019-09-17 15:08:54 - [TEST_STEP][PASSED] - xpath = UtilityMethods.concat("//span[contains(text(), '", orderID, "')]/parent::div/parent::div/div[@class='table-row-edit-order']//a"): null

2019-09-17 15:08:54 - [TEST_STEP][PASSED] - to = new com.kms.katalon.core.testobject.TestObject(a_link_dynamic): null

2019-09-17 15:08:54 - [TEST_STEP][PASSED] - to.addProperty("xpath", EQUALS, xpath): null

2019-09-17 15:08:54 - [TEST_STEP][PASSED] - click(findTestObject("ReplicatedSite/rs_Page_Trendy/i_Michigan_fa fa-caret-down")): Object: 'Object Repository/ReplicatedSite/rs_Page_Trendy/i_Michigan_fa fa-caret-down' is clicked on

2019-09-17 15:08:54 - [MESSAGE][PASSED] - Object: 'Object Repository/ReplicatedSite/rs_Page_Trendy/i_Michigan_fa fa-caret-down' is clicked on

2019-09-17 15:08:54 - [TEST_STEP][PASSED] - click(findTestObject("ReplicatedSite/rs_Page_Trendy/a_My Profile")): Object: 'Object Repository/ReplicatedSite/rs_Page_Trendy/a_My Profile' is clicked on

2019-09-17 15:08:57 - [MESSAGE][PASSED] - Object: 'Object Repository/ReplicatedSite/rs_Page_Trendy/a_My Profile' is clicked on

2019-09-17 15:08:57 - [TEST_STEP][PASSED] - click(findTestObject("Object Repository/ReplicatedSite/Page_Profile - Cabi Fall 2018 Collection/span_Order History")): Object: 'Object Repository/ReplicatedSite/Page_Profile - Cabi Fall 2018 Collection/span_Order History' is clicked on

2019-09-17 15:08:58 - [MESSAGE][PASSED] - Object: 'Object Repository/ReplicatedSite/Page_Profile - Cabi Fall 2018 Collection/span_Order History' is clicked on

2019-09-17 15:08:58 - [TEST_STEP][PASSED] - delay(5): Delayed 5 second(s)

2019-09-17 15:09:03 - [MESSAGE][PASSED] - Delayed 5 second(s)

2019-09-17 15:09:03 - [TEST_STEP][PASSED] - editButton = findWebElements(to, 1): null

2019-09-17 15:09:03 - [TEST_STEP][PASSED] - assert editButton.size() > 0: null

2019-09-17 15:09:03 - [TEST_STEP][PASSED] - if (editButton.size() > 0): Actual text and expected text of test object 'div_cancelled_order' are matched.

2019-09-17 15:09:03 - [TEST_STEP][PASSED] - click(to): Object: 'a_link_dynamic' is clicked on

2019-09-17 15:09:03 - [MESSAGE][PASSED] - Object: 'a_link_dynamic' is clicked on

2019-09-17 15:09:03 - [TEST_STEP][PASSED] - delay(10): Delayed 10 second(s)

2019-09-17 15:09:13 - [MESSAGE][PASSED] - Delayed 10 second(s)

2019-09-17 15:09:13 - [TEST_STEP][PASSED] - if (editScenarioNumber == 1): Actual text and expected text of test object 'div_cancelled_order' are matched.

2019-09-17 15:09:13 - [TEST_STEP][PASSED] - println("scen = 1"): null

2019-09-17 15:09:13 - [TEST_STEP][PASSED] - click(findTestObject("Object Repository/ReplicatedSite/a_update_order")): Object: 'Object Repository/ReplicatedSite/a_update_order' is clicked on

2019-09-17 15:09:13 - [MESSAGE][PASSED] - Object: 'Object Repository/ReplicatedSite/a_update_order' is clicked on

2019-09-17 15:09:13 - [TEST_STEP][PASSED] - delay(5): Delayed 5 second(s)

2019-09-17 15:09:18 - [MESSAGE][PASSED] - Delayed 5 second(s)

2019-09-17 15:09:18 - [TEST_STEP][PASSED] - callTestCase(findTestCase("EditOrder/rsUpdateOrder"), [:], STOP_ON_FAILURE): Call Test Case 'Test Cases/EditOrder/rsUpdateOrder' successfully

2019-09-17 15:09:18 - [TEST_CASE][PASSED] - Test Cases/EditOrder/rsUpdateOrder: Test Cases/EditOrder/rsUpdateOrder

2019-09-17 15:09:18 - [TEST_STEP][PASSED] - driver = getWebDriver(): null

2019-09-17 15:09:18 - [TEST_STEP][PASSED] - executor = driver: null

2019-09-17 15:09:18 - [TEST_STEP][PASSED] - element = <not implemented yet for class: org.codehaus.groovy.ast.expr.EmptyExpression>: null

2019-09-17 15:09:18 - [TEST_STEP][PASSED] - actions = <not implemented yet for class: org.codehaus.groovy.ast.expr.EmptyExpression>: null

2019-09-17 15:09:18 - [TEST_STEP][PASSED] - click(findTestObject("Object Repository/ReplicatedSite/input_other_address")): Object: 'Object Repository/ReplicatedSite/input_other_address' is clicked on

2019-09-17 15:09:21 - [MESSAGE][PASSED] - Object: 'Object Repository/ReplicatedSite/input_other_address' is clicked on

2019-09-17 15:09:21 - [TEST_STEP][PASSED] - contactNumber = 3: null

2019-09-17 15:09:21 - [TEST_STEP][PASSED] - address1 = findTestData("contactData").getValue("address1", contactNumber): null

2019-09-17 15:09:21 - [TEST_STEP][PASSED] - city = findTestData("contactData").getValue("city", contactNumber): null

2019-09-17 15:09:21 - [TEST_STEP][PASSED] - state = findTestData("contactData").getValue("state", contactNumber): null

2019-09-17 15:09:21 - [TEST_STEP][PASSED] - zip = findTestData("contactData").getValue("zip", contactNumber): null

2019-09-17 15:09:21 - [TEST_STEP][PASSED] - setText(findTestObject("Object Repository/ReplicatedSite/input_address1_update"), address1): Text '975 BRAHMS CT' is set on object 'Object Repository/ReplicatedSite/input_address1_update'

2019-09-17 15:09:21 - [MESSAGE][PASSED] - Text '975 BRAHMS CT' is set on object 'Object Repository/ReplicatedSite/input_address1_update'

2019-09-17 15:09:21 - [TEST_STEP][PASSED] - setText(findTestObject("Object Repository/ReplicatedSite/input_city_update"), city): Text 'TROY' is set on object 'Object Repository/ReplicatedSite/input_city_update'

2019-09-17 15:09:21 - [MESSAGE][PASSED] - Text 'TROY' is set on object 'Object Repository/ReplicatedSite/input_city_update'

2019-09-17 15:09:21 - [TEST_STEP][PASSED] - xpath = UtilityMethods.concat("//select[@id='stateProvince']/option[@label='", state, "']"): null

2019-09-17 15:09:21 - [TEST_STEP][PASSED] - addressState = new com.kms.katalon.core.testobject.TestObject(select_state_dynamic): null

2019-09-17 15:09:21 - [TEST_STEP][PASSED] - addressState.addProperty("xpath", EQUALS, xpath): null

2019-09-17 15:09:21 - [TEST_STEP][PASSED] - click(addressState): Object: 'select_state_dynamic' is clicked on

2019-09-17 15:09:21 - [MESSAGE][PASSED] - Object: 'select_state_dynamic' is clicked on

2019-09-17 15:09:21 - [TEST_STEP][PASSED] - setText(findTestObject("Object Repository/ReplicatedSite/input_postal_code_update"), zip): Text '48085' is set on object 'Object Repository/ReplicatedSite/input_postal_code_update'

2019-09-17 15:09:21 - [MESSAGE][PASSED] - Text '48085' is set on object 'Object Repository/ReplicatedSite/input_postal_code_update'

2019-09-17 15:09:21 - [TEST_STEP][PASSED] - delay(4): Delayed 4 second(s)

2019-09-17 15:09:25 - [MESSAGE][PASSED] - Delayed 4 second(s)

2019-09-17 15:09:25 - [TEST_STEP][PASSED] - driver = getWebDriver(): null

2019-09-17 15:09:25 - [TEST_STEP][PASSED] - element = driver.findElement(By.xpath("//button[@type='submit']/span[contains(text(), 'Save')]")): null

2019-09-17 15:09:25 - [TEST_STEP][PASSED] - actions = new org.openqa.selenium.interactions.Actions(driver): null

2019-09-17 15:09:26 - [TEST_STEP][PASSED] - build().perform(): null

2019-09-17 15:09:26 - [TEST_STEP][PASSED] - waitForElementClickable(findTestObject("Object Repository/ReplicatedSite/button_save_and_continue"), 30): Object 'Object Repository/ReplicatedSite/button_save_and_continue' is clickable

2019-09-17 15:09:26 - [MESSAGE][PASSED] - Object 'Object Repository/ReplicatedSite/button_save_and_continue' is clickable

2019-09-17 15:09:26 - [TEST_STEP][PASSED] - element = driver.findElement(By.xpath("(//button[@class='btn pull-right'])[1]")): null

2019-09-17 15:09:26 - [TEST_STEP][PASSED] - executor = driver: null

2019-09-17 15:09:26 - [TEST_STEP][PASSED] - executor.executeScript("arguments[0].click();", element): null

2019-09-17 15:09:26 - [TEST_STEP][PASSED] - delay(3): Delayed 3 second(s)

2019-09-17 15:09:29 - [MESSAGE][PASSED] - Delayed 3 second(s)

2019-09-17 15:09:29 - [TEST_STEP][PASSED] - executor.executeScript("arguments[0].click();", findWebElement(findTestObject("Object Repository/ReplicatedSite/input_make_donation"), 5)): null

2019-09-17 15:09:29 - [TEST_STEP][PASSED] - delay(2): Delayed 2 second(s)

2019-09-17 15:09:31 - [MESSAGE][PASSED] - Delayed 2 second(s)

2019-09-17 15:09:31 - [TEST_STEP][PASSED] - executor.executeScript("arguments[0].click();", findWebElement(findTestObject("Object Repository/ReplicatedSite/input_make_donation"), 5)): null

2019-09-17 15:09:31 - [TEST_STEP][PASSED] - executor.executeScript("arguments[0].click();", findWebElement(findTestObject("Object Repository/ReplicatedSite/input_pay_with_gc"), 5)): null

2019-09-17 15:09:31 - [TEST_STEP][PASSED] - delay(2): Delayed 2 second(s)

2019-09-17 15:09:33 - [MESSAGE][PASSED] - Delayed 2 second(s)

2019-09-17 15:09:33 - [TEST_STEP][PASSED] - executor.executeScript("arguments[0].click();", findWebElement(findTestObject("Object Repository/ReplicatedSite/input_pay_with_gc"), 5)): null

2019-09-17 15:09:33 - [TEST_STEP][PASSED] - executor.executeScript("arguments[0].click();", findWebElement(findTestObject("Object Repository/ReplicatedSite/input_pay_with_credit"), 5)): null

2019-09-17 15:09:33 - [TEST_STEP][PASSED] - delay(2): Delayed 2 second(s)

2019-09-17 15:09:35 - [MESSAGE][PASSED] - Delayed 2 second(s)

2019-09-17 15:09:35 - [TEST_STEP][PASSED] - executor.executeScript("arguments[0].click();", findWebElement(findTestObject("Object Repository/ReplicatedSite/input_pay_with_credit"), 5)): null

2019-09-17 15:09:35 - [TEST_STEP][PASSED] - delay(2): Delayed 2 second(s)

2019-09-17 15:09:37 - [MESSAGE][PASSED] - Delayed 2 second(s)

2019-09-17 15:09:37 - [TEST_STEP][PASSED] - RSURL = findTestData("envtData").getValue("RSURL", 1): null

2019-09-17 15:09:37 - [TEST_STEP][PASSED] - cartURL = UtilityMethods.concat(RSURL, "/cart/"): null

2019-09-17 15:09:37 - [TEST_STEP][PASSED] - navigateToUrl(cartURL): Navigate to 'https://mirandakate.cabitest5.com/cart/' successfully

2019-09-17 15:09:43 - [MESSAGE][PASSED] - Navigate to 'https://mirandakate.cabitest5.com/cart/' successfully

2019-09-17 15:09:43 - [MESSAGE][PASSED] - Call Test Case 'Test Cases/EditOrder/rsUpdateOrder' successfully

2019-09-17 15:09:43 - [TEST_STEP][PASSED] - delay(3): Delayed 3 second(s)

2019-09-17 15:09:46 - [MESSAGE][PASSED] - Delayed 3 second(s)

2019-09-17 15:09:46 - [TEST_STEP][PASSED] - click(findTestObject("Object Repository/ReplicatedSite/a_edit_first_individual_product")): Object: 'Object Repository/ReplicatedSite/a_edit_first_individual_product' is clicked on

2019-09-17 15:09:46 - [MESSAGE][PASSED] - Object: 'Object Repository/ReplicatedSite/a_edit_first_individual_product' is clicked on

2019-09-17 15:09:46 - [TEST_STEP][PASSED] - delay(5): Delayed 5 second(s)

2019-09-17 15:09:51 - [MESSAGE][PASSED] - Delayed 5 second(s)

2019-09-17 15:09:51 - [TEST_STEP][PASSED] - click(findTestObject("Object Repository/ReplicatedSite/select_new_size")): Object: 'Object Repository/ReplicatedSite/select_new_size' is clicked on

2019-09-17 15:10:03 - [MESSAGE][PASSED] - Object: 'Object Repository/ReplicatedSite/select_new_size' is clicked on

2019-09-17 15:10:03 - [TEST_STEP][PASSED] - delay(5): Delayed 5 second(s)

2019-09-17 15:10:08 - [MESSAGE][PASSED] - Delayed 5 second(s)

2019-09-17 15:10:08 - [TEST_STEP][PASSED] - setText(findTestObject("Object Repository/ReplicatedSite/input_new_qty"), "2"): Text '2' is set on object 'Object Repository/ReplicatedSite/input_new_qty'

2019-09-17 15:10:08 - [MESSAGE][PASSED] - Text '2' is set on object 'Object Repository/ReplicatedSite/input_new_qty'

2019-09-17 15:10:08 - [TEST_STEP][PASSED] - delay(3): Delayed 3 second(s)

2019-09-17 15:10:11 - [MESSAGE][PASSED] - Delayed 3 second(s)

2019-09-17 15:10:11 - [TEST_STEP][PASSED] - click(findTestObject("Object Repository/ReplicatedSite/button_update_individual_item")): Object: 'Object Repository/ReplicatedSite/button_update_individual_item' is clicked on

2019-09-17 15:10:11 - [MESSAGE][PASSED] - Object: 'Object Repository/ReplicatedSite/button_update_individual_item' is clicked on

2019-09-17 15:10:11 - [TEST_STEP][PASSED] - delay(3): Delayed 3 second(s)

2019-09-17 15:10:14 - [MESSAGE][PASSED] - Delayed 3 second(s)

2019-09-17 15:10:14 - [TEST_STEP][PASSED] - executor.executeScript("arguments[0].click();", findWebElement(findTestObject("Object Repository/ReplicatedSite/a_cancel_edit"), 10)): null

2019-09-17 15:10:14 - [TEST_STEP][PASSED] - cancelEditButton = findWebElements(findTestObject("Object Repository/ReplicatedSite/h2_sure_to_cancel_edit"), 1): null

2019-09-17 15:10:14 - [TEST_STEP][PASSED] - assert cancelEditButton.size() > 0: null

2019-09-17 15:10:14 - [TEST_STEP][PASSED] - executor.executeScript("arguments[0].click();", findWebElement(findTestObject("Object Repository/ReplicatedSite/button_yes_cancel_edit"), 10)): null

2019-09-17 15:10:14 - [TEST_STEP][PASSED] - delay(5): Delayed 5 second(s)

2019-09-17 15:10:19 - [MESSAGE][PASSED] - Delayed 5 second(s)

2019-09-17 15:10:19 - [TEST_STEP][PASSED] - click(to): Object: 'a_link_dynamic' is clicked on

2019-09-17 15:10:22 - [MESSAGE][PASSED] - Object: 'a_link_dynamic' is clicked on

2019-09-17 15:10:22 - [TEST_STEP][PASSED] - delay(5): Delayed 5 second(s)

2019-09-17 15:10:27 - [MESSAGE][PASSED] - Delayed 5 second(s)

2019-09-17 15:10:27 - [TEST_STEP][PASSED] - executor.executeScript("arguments[0].click();", findWebElement(findTestObject("Object Repository/ReplicatedSite/a_cancel_order"), 10)): null

2019-09-17 15:10:29 - [TEST_STEP][PASSED] - cancelOrderButton = findWebElements(findTestObject("Object Repository/ReplicatedSite/h2_sure_to_cancel_order"), 10): null

2019-09-17 15:10:29 - [TEST_STEP][PASSED] - assert cancelOrderButton.size() > 0: null

2019-09-17 15:10:29 - [TEST_STEP][PASSED] - executor.executeScript("arguments[0].click();", findWebElement(findTestObject("Object Repository/ReplicatedSite/button_yes_cancel_order"), 10)): null

2019-09-17 15:10:29 - [TEST_STEP][PASSED] - delay(5): Delayed 5 second(s)

2019-09-17 15:10:34 - [MESSAGE][PASSED] - Delayed 5 second(s)

2019-09-17 15:10:34 - [TEST_STEP][PASSED] - div_cancelled_order = UtilityMethods.createTestObject("div_cancelled_order", "//span[contains(text(), '", orderID, "')]/parent::div/parent::div/div[@class='table-row-status']/span"): null

2019-09-17 15:10:34 - [TEST_STEP][PASSED] - println(getText(div_cancelled_order)): Text of object 'div_cancelled_order' is: 'Cancelled'

2019-09-17 15:10:35 - [MESSAGE][PASSED] - Text of object 'div_cancelled_order' is: 'Cancelled'

2019-09-17 15:10:35 - [TEST_STEP][PASSED] - verifyElementText(div_cancelled_order, "Cancelled"): Actual text and expected text of test object 'div_cancelled_order' are matched.

2019-09-17 15:10:35 - [MESSAGE][PASSED] - Actual text and expected text of test object 'div_cancelled_order' are matched.

2019-09-17 15:10:35 - [MESSAGE][PASSED] - Call Test Case 'Test Cases/EditOrder/rsOrderHistoryConfirm' successfully]]></system-out>
         <system-err><![CDATA[]]></system-err>
      </testcase>
      <testcase name="Test Cases/EditOrder-V/rsEditOrderDonation" classname="Test Cases/EditOrder-V/rsEditOrderDonation" status="PASSED">
         <system-out><![CDATA[2019-09-17 15:10:35 - [TEST_CASE][PASSED] - Test Cases/EditOrder-V/rsEditOrderDonation: Test Cases/EditOrder-V/rsEditOrderDonation

2019-09-17 15:10:35 - [TEST_STEP][PASSED] - Start listener action : sampleBeforeTestCase: null

2019-09-17 15:10:35 - [TEST_STEP][PASSED] - println(testCaseContext.getTestCaseId()): null

2019-09-17 15:10:35 - [TEST_STEP][PASSED] - println(testCaseContext.getTestCaseVariables()): null

2019-09-17 15:10:36 - [TEST_STEP][PASSED] - callTestCase(findTestCase("EditOrder/retailOrderBO"), ["editScenarioNumber":4], STOP_ON_FAILURE): Call Test Case 'Test Cases/EditOrder/retailOrderBO' successfully

2019-09-17 15:10:36 - [TEST_CASE][PASSED] - Test Cases/EditOrder/retailOrderBO: Test Cases/EditOrder/retailOrderBO

2019-09-17 15:10:36 - [TEST_STEP][PASSED] - openBrowser(""): Browser is opened with url: ''

2019-09-17 15:10:36 - [MESSAGE][WARNING] - A browser is already opened. Closing browser and opening a new one

2019-09-17 15:10:36 - [MESSAGE][INFO] - Starting 'Chrome' driver

2019-09-17 15:10:36 - [MESSAGE][INFO] - User set preference: ['args', '[--use-fake-ui-for-media-stream, --start-maximized]']

2019-09-17 15:10:39 - [MESSAGE][PASSED] - Browser is opened with url: ''

2019-09-17 15:10:39 - [TEST_STEP][PASSED] - callTestCase(findTestCase("TestCaseUtilities/backOfficeLogin"), ["BOURL":"", "BOuser":"", "BOpass":""], STOP_ON_FAILURE): Call Test Case 'Test Cases/TestCaseUtilities/backOfficeLogin' successfully

2019-09-17 15:10:39 - [TEST_CASE][PASSED] - Test Cases/TestCaseUtilities/backOfficeLogin: Test Cases/TestCaseUtilities/backOfficeLogin

2019-09-17 15:10:39 - [TEST_STEP][PASSED] - BOURL = findTestData("envtData").getValue("BOURL", 1): null

2019-09-17 15:10:39 - [TEST_STEP][PASSED] - BOuser = findTestData("credData").getValue("BOuser", 1): null

2019-09-17 15:10:39 - [TEST_STEP][PASSED] - BOpass = findTestData("credData").getValue("BOpass", 1): null

2019-09-17 15:10:39 - [TEST_STEP][PASSED] - openBrowser(""): Browser is opened with url: ''

2019-09-17 15:10:39 - [MESSAGE][WARNING] - A browser is already opened. Closing browser and opening a new one

2019-09-17 15:10:39 - [MESSAGE][INFO] - Starting 'Chrome' driver

2019-09-17 15:10:39 - [MESSAGE][INFO] - User set preference: ['args', '[--use-fake-ui-for-media-stream, --start-maximized]']

2019-09-17 15:10:41 - [MESSAGE][PASSED] - Browser is opened with url: ''

2019-09-17 15:10:41 - [TEST_STEP][PASSED] - navigateToUrl(BOURL): Navigate to 'https://test18.cliotest.com/backoffice/control/main' successfully

2019-09-17 15:10:49 - [MESSAGE][PASSED] - Navigate to 'https://test18.cliotest.com/backoffice/control/main' successfully

2019-09-17 15:10:49 - [TEST_STEP][PASSED] - logOut = findWebElements(findTestObject("Object Repository/Page_cabi Home/log_out"), 1): Unable to find the element located by 'By.xpath: //a[contains(text(),'Log Out')]'. Please recheck the objects properties to make sure the desired element is located. 

2019-09-17 15:10:50 - [MESSAGE][INFO] - Unable to find the element located by 'By.xpath: //a[contains(text(),'Log Out')]'. Please recheck the objects properties to make sure the desired element is located. 

2019-09-17 15:10:50 - [TEST_STEP][PASSED] - if (logOut.size() == 0): Object: 'Object Repository/Page_cabi/input_Welcome to_consultantLogin' is clicked on

2019-09-17 15:10:50 - [TEST_STEP][PASSED] - setText(findTestObject("Page_cabi/input_Welcome to_USERNAME"), BOuser): Text '400000002' is set on object 'Object Repository/Page_cabi/input_Welcome to_USERNAME'

2019-09-17 15:10:50 - [MESSAGE][PASSED] - Text '400000002' is set on object 'Object Repository/Page_cabi/input_Welcome to_USERNAME'

2019-09-17 15:10:50 - [TEST_STEP][PASSED] - setText(findTestObject("Object Repository/Page_cabi/input_Welcome to_PASSWORD"), BOpass): Text 'blackdress19' is set on object 'Object Repository/Page_cabi/input_Welcome to_PASSWORD'

2019-09-17 15:10:50 - [MESSAGE][PASSED] - Text 'blackdress19' is set on object 'Object Repository/Page_cabi/input_Welcome to_PASSWORD'

2019-09-17 15:10:50 - [TEST_STEP][PASSED] - click(findTestObject("Object Repository/Page_cabi/input_Welcome to_consultantLogin")): Object: 'Object Repository/Page_cabi/input_Welcome to_consultantLogin' is clicked on

2019-09-17 15:10:58 - [MESSAGE][PASSED] - Object: 'Object Repository/Page_cabi/input_Welcome to_consultantLogin' is clicked on

2019-09-17 15:10:58 - [TEST_STEP][PASSED] - delay(3): Delayed 3 second(s)

2019-09-17 15:11:01 - [MESSAGE][PASSED] - Delayed 3 second(s)

2019-09-17 15:11:01 - [MESSAGE][PASSED] - Call Test Case 'Test Cases/TestCaseUtilities/backOfficeLogin' successfully

2019-09-17 15:11:01 - [TEST_STEP][PASSED] - click(findTestObject("Object Repository/Page_cabi Home/a_Shows  Orders")): Object: 'Object Repository/Page_cabi Home/a_Shows  Orders' is clicked on

2019-09-17 15:11:01 - [MESSAGE][PASSED] - Object: 'Object Repository/Page_cabi Home/a_Shows  Orders' is clicked on

2019-09-17 15:11:01 - [TEST_STEP][PASSED] - delay(1): Delayed 1 second(s)

2019-09-17 15:11:02 - [MESSAGE][PASSED] - Delayed 1 second(s)

2019-09-17 15:11:02 - [TEST_STEP][PASSED] - click(findTestObject("Page_cabi Home/a_Shows  Orders")): Object: 'Object Repository/Page_cabi Home/a_Shows  Orders' is clicked on

2019-09-17 15:11:02 - [MESSAGE][PASSED] - Object: 'Object Repository/Page_cabi Home/a_Shows  Orders' is clicked on

2019-09-17 15:11:02 - [TEST_STEP][PASSED] - click(findTestObject("Page_cabi Home/a_retail_purchases")): Object: 'Object Repository/Page_cabi Home/a_retail_purchases' is clicked on

2019-09-17 15:11:06 - [MESSAGE][PASSED] - Object: 'Object Repository/Page_cabi Home/a_retail_purchases' is clicked on

2019-09-17 15:11:06 - [TEST_STEP][PASSED] - delay(3): Delayed 3 second(s)

2019-09-17 15:11:09 - [MESSAGE][PASSED] - Delayed 3 second(s)

2019-09-17 15:11:09 - [TEST_STEP][PASSED] - click(findTestObject("Object Repository/Page_cabi Home/existingCustomer")): Object: 'Object Repository/Page_cabi Home/existingCustomer' is clicked on

2019-09-17 15:11:09 - [MESSAGE][PASSED] - Object: 'Object Repository/Page_cabi Home/existingCustomer' is clicked on

2019-09-17 15:11:09 - [TEST_STEP][PASSED] - contactNumber = 3: null

2019-09-17 15:11:09 - [TEST_STEP][PASSED] - firstName = findTestData("contactData").getValue("firstName", contactNumber): null

2019-09-17 15:11:09 - [TEST_STEP][PASSED] - lastName = findTestData("contactData").getValue("lastName", contactNumber): null

2019-09-17 15:11:09 - [TEST_STEP][PASSED] - email = findTestData("contactData").getValue("email", contactNumber): null

2019-09-17 15:11:09 - [TEST_STEP][PASSED] - address1 = findTestData("contactData").getValue("address1", contactNumber): null

2019-09-17 15:11:09 - [TEST_STEP][PASSED] - city = findTestData("contactData").getValue("city", contactNumber): null

2019-09-17 15:11:09 - [TEST_STEP][PASSED] - state = findTestData("contactData").getValue("state", contactNumber): null

2019-09-17 15:11:09 - [TEST_STEP][PASSED] - zip = findTestData("contactData").getValue("zip", contactNumber): null

2019-09-17 15:11:09 - [TEST_STEP][PASSED] - existingCustFName = firstName: null

2019-09-17 15:11:09 - [TEST_STEP][PASSED] - existingCustLName = lastName: null

2019-09-17 15:11:09 - [TEST_STEP][PASSED] - space = " ": null

2019-09-17 15:11:09 - [TEST_STEP][PASSED] - existingCust = $existingCustFName$space$existingCustLName: null

2019-09-17 15:11:09 - [TEST_STEP][PASSED] - setText(findTestObject("Object Repository/Page_cabi Home/input_existing_guest"), existingCust): Text 'guest1-test abc' is set on object 'Object Repository/Page_cabi Home/input_existing_guest'

2019-09-17 15:11:09 - [MESSAGE][PASSED] - Text 'guest1-test abc' is set on object 'Object Repository/Page_cabi Home/input_existing_guest'

2019-09-17 15:11:09 - [TEST_STEP][PASSED] - delay(2): Delayed 2 second(s)

2019-09-17 15:11:11 - [MESSAGE][PASSED] - Delayed 2 second(s)

2019-09-17 15:11:11 - [TEST_STEP][PASSED] - sendKeys(findTestObject("Object Repository/Page_cabi Home/input_existing_guest"), Keys.chord(ARROW_DOWN)): Keys 'DOWN + ' sent to object: 'Object Repository/Page_cabi Home/input_existing_guest'

2019-09-17 15:11:11 - [MESSAGE][PASSED] - Keys 'DOWN + ' sent to object: 'Object Repository/Page_cabi Home/input_existing_guest'

2019-09-17 15:11:11 - [TEST_STEP][PASSED] - sendKeys(findTestObject("Object Repository/Page_cabi Home/input_existing_guest"), Keys.chord(ENTER)): Keys 'ENTER + ' sent to object: 'Object Repository/Page_cabi Home/input_existing_guest'

2019-09-17 15:11:12 - [MESSAGE][PASSED] - Keys 'ENTER + ' sent to object: 'Object Repository/Page_cabi Home/input_existing_guest'

2019-09-17 15:11:12 - [TEST_STEP][PASSED] - setText(findTestObject("Object Repository/Page_cabi Retail Store/input_email"), email): Text 'guest1-test@test.com' is set on object 'Object Repository/Page_cabi Retail Store/input_email'

2019-09-17 15:11:12 - [MESSAGE][PASSED] - Text 'guest1-test@test.com' is set on object 'Object Repository/Page_cabi Retail Store/input_email'

2019-09-17 15:11:12 - [TEST_STEP][PASSED] - setText(findTestObject("Object Repository/Page_cabi Edit Customer Profile/input_Address1_address1"), address1): Text '975 BRAHMS CT' is set on object 'Object Repository/Page_cabi Edit Customer Profile/input_Address1_address1'

2019-09-17 15:11:13 - [MESSAGE][PASSED] - Text '975 BRAHMS CT' is set on object 'Object Repository/Page_cabi Edit Customer Profile/input_Address1_address1'

2019-09-17 15:11:13 - [TEST_STEP][PASSED] - setText(findTestObject("Object Repository/Page_cabi Edit Customer Profile/input_Address2_address2"), ""): Text '' is set on object 'Object Repository/Page_cabi Edit Customer Profile/input_Address2_address2'

2019-09-17 15:11:13 - [MESSAGE][PASSED] - Text '' is set on object 'Object Repository/Page_cabi Edit Customer Profile/input_Address2_address2'

2019-09-17 15:11:13 - [TEST_STEP][PASSED] - setText(findTestObject("Object Repository/Page_cabi Edit Customer Profile/input_City_city"), city): Text 'TROY' is set on object 'Object Repository/Page_cabi Edit Customer Profile/input_City_city'

2019-09-17 15:11:13 - [MESSAGE][PASSED] - Text 'TROY' is set on object 'Object Repository/Page_cabi Edit Customer Profile/input_City_city'

2019-09-17 15:11:13 - [TEST_STEP][PASSED] - click(findTestObject("Page_cabi Edit Customer Profile/span_select_a_state")): Object: 'Object Repository/Page_cabi Edit Customer Profile/span_select_a_state' is clicked on

2019-09-17 15:11:13 - [MESSAGE][PASSED] - Object: 'Object Repository/Page_cabi Edit Customer Profile/span_select_a_state' is clicked on

2019-09-17 15:11:13 - [TEST_STEP][PASSED] - delay(1): Delayed 1 second(s)

2019-09-17 15:11:14 - [MESSAGE][PASSED] - Delayed 1 second(s)

2019-09-17 15:11:14 - [TEST_STEP][PASSED] - setText(findTestObject("Page_cabi Edit Customer Profile/input_state_postalCode"), zip): Text '48085' is set on object 'Object Repository/Page_cabi Edit Customer Profile/input_state_postalCode'

2019-09-17 15:11:14 - [MESSAGE][PASSED] - Text '48085' is set on object 'Object Repository/Page_cabi Edit Customer Profile/input_state_postalCode'

2019-09-17 15:11:14 - [TEST_STEP][PASSED] - delay(5): Delayed 5 second(s)

2019-09-17 15:11:19 - [MESSAGE][PASSED] - Delayed 5 second(s)

2019-09-17 15:11:19 - [TEST_STEP][PASSED] - check(findTestObject("Object Repository/Page_cabi Home/a_same_shipping_address")): Object 'Object Repository/Page_cabi Home/a_same_shipping_address' is checked

2019-09-17 15:11:19 - [MESSAGE][PASSED] - Object 'Object Repository/Page_cabi Home/a_same_shipping_address' is checked

2019-09-17 15:11:19 - [TEST_STEP][PASSED] - delay(5): Delayed 5 second(s)

2019-09-17 15:11:24 - [MESSAGE][PASSED] - Delayed 5 second(s)

2019-09-17 15:11:24 - [TEST_STEP][PASSED] - check(findTestObject("Object Repository/Page_cabi Home/a_same_shipping_address")): Object 'Object Repository/Page_cabi Home/a_same_shipping_address' is checked

2019-09-17 15:11:24 - [MESSAGE][PASSED] - Object 'Object Repository/Page_cabi Home/a_same_shipping_address' is checked

2019-09-17 15:11:24 - [TEST_STEP][PASSED] - delay(5): Delayed 5 second(s)

2019-09-17 15:11:29 - [MESSAGE][PASSED] - Delayed 5 second(s)

2019-09-17 15:11:29 - [TEST_STEP][PASSED] - driver = getWebDriver(): null

2019-09-17 15:11:29 - [TEST_STEP][PASSED] - executor = driver: null

2019-09-17 15:11:29 - [TEST_STEP][PASSED] - executor.executeScript("arguments[0].click();", findWebElement(findTestObject("Object Repository/Page_cabi Home/a_order_items"), 5)): null

2019-09-17 15:11:29 - [TEST_STEP][PASSED] - delay(3): Delayed 3 second(s)

2019-09-17 15:11:32 - [MESSAGE][PASSED] - Delayed 3 second(s)

2019-09-17 15:11:32 - [TEST_STEP][PASSED] - click(findTestObject("Object Repository/Page_cabi Retail Store/span_quick_entry")): Object: 'Object Repository/Page_cabi Retail Store/span_quick_entry' is clicked on

2019-09-17 15:11:37 - [MESSAGE][PASSED] - Object: 'Object Repository/Page_cabi Retail Store/span_quick_entry' is clicked on

2019-09-17 15:11:37 - [TEST_STEP][PASSED] - delay(3): Delayed 3 second(s)

2019-09-17 15:11:40 - [MESSAGE][PASSED] - Delayed 3 second(s)

2019-09-17 15:11:40 - [TEST_STEP][PASSED] - emptyCart = findWebElements(findTestObject("Object Repository/Page_cabi Personal Store/removeFromCart"), 5): Unable to find the element located by 'By.xpath: //*[@id="removeFromCart_0"]/span'. Please recheck the objects properties to make sure the desired element is located. 

2019-09-17 15:11:45 - [MESSAGE][INFO] - Unable to find the element located by 'By.xpath: //*[@id="removeFromCart_0"]/span'. Please recheck the objects properties to make sure the desired element is located. 

2019-09-17 15:11:45 - [TEST_STEP][PASSED] - if (emptyCart.size() > 0): null

2019-09-17 15:11:45 - [TEST_STEP][PASSED] - addOnStyle = findTestData("miscData").getValue("addOnStyle", 1): null

2019-09-17 15:11:45 - [TEST_STEP][PASSED] - addOnStyle2 = findTestData("miscData").getValue("addOnStyle", 2): null

2019-09-17 15:11:45 - [TEST_STEP][PASSED] - setText(findTestObject("Object Repository/Page_cabi Create Order/input_Manual Discount_stylelookup_0"), addOnStyle): Text '3701' is set on object 'Object Repository/Page_cabi Create Order/input_Manual Discount_stylelookup_0'

2019-09-17 15:11:45 - [MESSAGE][PASSED] - Text '3701' is set on object 'Object Repository/Page_cabi Create Order/input_Manual Discount_stylelookup_0'

2019-09-17 15:11:45 - [TEST_STEP][PASSED] - delay(2): Delayed 2 second(s)

2019-09-17 15:11:47 - [MESSAGE][PASSED] - Delayed 2 second(s)

2019-09-17 15:11:47 - [TEST_STEP][PASSED] - sendKeys(findTestObject("Object Repository/Page_cabi Create Order/input_Manual Discount_stylelookup_0"), Keys.chord(ARROW_DOWN)): Keys 'DOWN + ' sent to object: 'Object Repository/Page_cabi Create Order/input_Manual Discount_stylelookup_0'

2019-09-17 15:11:47 - [MESSAGE][PASSED] - Keys 'DOWN + ' sent to object: 'Object Repository/Page_cabi Create Order/input_Manual Discount_stylelookup_0'

2019-09-17 15:11:47 - [TEST_STEP][PASSED] - delay(2): Delayed 2 second(s)

2019-09-17 15:11:49 - [MESSAGE][PASSED] - Delayed 2 second(s)

2019-09-17 15:11:49 - [TEST_STEP][PASSED] - sendKeys(findTestObject("Object Repository/Page_cabi Create Order/input_Manual Discount_stylelookup_0"), Keys.chord(ARROW_DOWN)): Keys 'DOWN + ' sent to object: 'Object Repository/Page_cabi Create Order/input_Manual Discount_stylelookup_0'

2019-09-17 15:11:49 - [MESSAGE][PASSED] - Keys 'DOWN + ' sent to object: 'Object Repository/Page_cabi Create Order/input_Manual Discount_stylelookup_0'

2019-09-17 15:11:49 - [TEST_STEP][PASSED] - sendKeys(findTestObject("Object Repository/Page_cabi Create Order/input_Manual Discount_stylelookup_0"), Keys.chord(ENTER)): Keys 'ENTER + ' sent to object: 'Object Repository/Page_cabi Create Order/input_Manual Discount_stylelookup_0'

2019-09-17 15:11:50 - [MESSAGE][PASSED] - Keys 'ENTER + ' sent to object: 'Object Repository/Page_cabi Create Order/input_Manual Discount_stylelookup_0'

2019-09-17 15:11:50 - [TEST_STEP][PASSED] - delay(5): Delayed 5 second(s)

2019-09-17 15:11:55 - [MESSAGE][PASSED] - Delayed 5 second(s)

2019-09-17 15:11:55 - [TEST_STEP][PASSED] - click(findTestObject("Object Repository/Page_cabi Order Items/selectSize")): Object: 'Object Repository/Page_cabi Order Items/selectSize' is clicked on

2019-09-17 15:11:55 - [MESSAGE][PASSED] - Object: 'Object Repository/Page_cabi Order Items/selectSize' is clicked on

2019-09-17 15:11:55 - [TEST_STEP][PASSED] - delay(3): Delayed 3 second(s)

2019-09-17 15:11:58 - [MESSAGE][PASSED] - Delayed 3 second(s)

2019-09-17 15:11:58 - [TEST_STEP][PASSED] - click(findTestObject("Object Repository/Page_cabi Order Items/span_Add to Cart")): Object: 'Object Repository/Page_cabi Order Items/span_Add to Cart' is clicked on

2019-09-17 15:11:58 - [MESSAGE][PASSED] - Object: 'Object Repository/Page_cabi Order Items/span_Add to Cart' is clicked on

2019-09-17 15:11:58 - [TEST_STEP][PASSED] - delay(5): Delayed 5 second(s)

2019-09-17 15:12:03 - [MESSAGE][PASSED] - Delayed 5 second(s)

2019-09-17 15:12:03 - [TEST_STEP][PASSED] - click(findTestObject("Object Repository/Page_cabi Create Order/inputStyleLookup1")): Object: 'Object Repository/Page_cabi Create Order/inputStyleLookup1' is clicked on

2019-09-17 15:12:03 - [MESSAGE][PASSED] - Object: 'Object Repository/Page_cabi Create Order/inputStyleLookup1' is clicked on

2019-09-17 15:12:03 - [TEST_STEP][PASSED] - setText(findTestObject("Object Repository/Page_cabi Create Order/inputStyleLookup1"), addOnStyle2): Text '3703' is set on object 'Object Repository/Page_cabi Create Order/inputStyleLookup1'

2019-09-17 15:12:03 - [MESSAGE][PASSED] - Text '3703' is set on object 'Object Repository/Page_cabi Create Order/inputStyleLookup1'

2019-09-17 15:12:03 - [TEST_STEP][PASSED] - delay(3): Delayed 3 second(s)

2019-09-17 15:12:06 - [MESSAGE][PASSED] - Delayed 3 second(s)

2019-09-17 15:12:06 - [TEST_STEP][PASSED] - prod_message2 = getText(findTestObject("Page_cabi Create Order/first_option")): Text of object 'Object Repository/Page_cabi Create Order/first_option' is: '3703 Turn Back Cardigan'

2019-09-17 15:12:06 - [MESSAGE][PASSED] - Text of object 'Object Repository/Page_cabi Create Order/first_option' is: '3703 Turn Back Cardigan'

2019-09-17 15:12:06 - [TEST_STEP][PASSED] - click(findTestObject("Page_cabi Create Order/first_option")): Object: 'Object Repository/Page_cabi Create Order/first_option' is clicked on

2019-09-17 15:12:06 - [MESSAGE][PASSED] - Object: 'Object Repository/Page_cabi Create Order/first_option' is clicked on

2019-09-17 15:12:06 - [TEST_STEP][PASSED] - delay(5): Delayed 5 second(s)

2019-09-17 15:12:11 - [MESSAGE][PASSED] - Delayed 5 second(s)

2019-09-17 15:12:11 - [TEST_STEP][PASSED] - click(findTestObject("Object Repository/Page_cabi Order Items/selectSize2")): Object: 'Object Repository/Page_cabi Order Items/selectSize2' is clicked on

2019-09-17 15:12:11 - [MESSAGE][PASSED] - Object: 'Object Repository/Page_cabi Order Items/selectSize2' is clicked on

2019-09-17 15:12:11 - [TEST_STEP][PASSED] - delay(3): Delayed 3 second(s)

2019-09-17 15:12:14 - [MESSAGE][PASSED] - Delayed 3 second(s)

2019-09-17 15:12:14 - [TEST_STEP][PASSED] - click(findTestObject("Object Repository/Page_cabi Order Items/addToCart2")): Object: 'Object Repository/Page_cabi Order Items/addToCart2' is clicked on

2019-09-17 15:12:14 - [MESSAGE][PASSED] - Object: 'Object Repository/Page_cabi Order Items/addToCart2' is clicked on

2019-09-17 15:12:14 - [TEST_STEP][PASSED] - delay(5): Delayed 5 second(s)

2019-09-17 15:12:19 - [MESSAGE][PASSED] - Delayed 5 second(s)

2019-09-17 15:12:19 - [TEST_STEP][PASSED] - if (editScenarioNumber == 1): null

2019-09-17 15:12:19 - [TEST_STEP][PASSED] - else if (editScenarioNumber == 2): null

2019-09-17 15:12:19 - [TEST_STEP][PASSED] - else if (editScenarioNumber == 3): null

2019-09-17 15:12:19 - [TEST_STEP][PASSED] - else if (editScenarioNumber == 4): Object: 'Object Repository/Page_cabi Order Items/span_add_to_cart' is clicked on

2019-09-17 15:12:19 - [TEST_STEP][PASSED] - println("scen = 4"): null

2019-09-17 15:12:19 - [TEST_STEP][PASSED] - click(findTestObject("Object Repository/Page_cabi Retail Store/span_donation")): Object: 'Object Repository/Page_cabi Retail Store/span_donation' is clicked on

2019-09-17 15:12:21 - [MESSAGE][PASSED] - Object: 'Object Repository/Page_cabi Retail Store/span_donation' is clicked on

2019-09-17 15:12:21 - [TEST_STEP][PASSED] - delay(5): Delayed 5 second(s)

2019-09-17 15:12:27 - [MESSAGE][PASSED] - Delayed 5 second(s)

2019-09-17 15:12:27 - [TEST_STEP][PASSED] - click(findTestObject("Object Repository/Page_cabi Order Items/select_donation_amount")): Object: 'Object Repository/Page_cabi Order Items/select_donation_amount' is clicked on

2019-09-17 15:12:27 - [MESSAGE][PASSED] - Object: 'Object Repository/Page_cabi Order Items/select_donation_amount' is clicked on

2019-09-17 15:12:27 - [TEST_STEP][PASSED] - click(findTestObject("Object Repository/Page_cabi Order Items/span_add_to_cart")): Object: 'Object Repository/Page_cabi Order Items/span_add_to_cart' is clicked on

2019-09-17 15:12:27 - [MESSAGE][PASSED] - Object: 'Object Repository/Page_cabi Order Items/span_add_to_cart' is clicked on

2019-09-17 15:12:27 - [TEST_STEP][PASSED] - click(findTestObject("Object Repository/Page_cabi Order Items/a_checkout")): Object: 'Object Repository/Page_cabi Order Items/a_checkout' is clicked on

2019-09-17 15:12:27 - [MESSAGE][PASSED] - Object: 'Object Repository/Page_cabi Order Items/a_checkout' is clicked on

2019-09-17 15:12:27 - [TEST_STEP][PASSED] - delay(3): Delayed 3 second(s)

2019-09-17 15:12:30 - [MESSAGE][PASSED] - Delayed 3 second(s)

2019-09-17 15:12:30 - [TEST_STEP][PASSED] - click(findTestObject("Page_cabi Personal Store/nextButtonShipping")): Object: 'Object Repository/Page_cabi Personal Store/nextButtonShipping' is clicked on

2019-09-17 15:12:30 - [MESSAGE][PASSED] - Object: 'Object Repository/Page_cabi Personal Store/nextButtonShipping' is clicked on

2019-09-17 15:12:30 - [TEST_STEP][PASSED] - delay(3): Delayed 3 second(s)

2019-09-17 15:12:33 - [MESSAGE][PASSED] - Delayed 3 second(s)

2019-09-17 15:12:33 - [TEST_STEP][PASSED] - click(findTestObject("Page_cabi Personal Store/makeFirstPayment")): Object: 'Object Repository/Page_cabi Personal Store/makeFirstPayment' is clicked on

2019-09-17 15:12:33 - [MESSAGE][PASSED] - Object: 'Object Repository/Page_cabi Personal Store/makeFirstPayment' is clicked on

2019-09-17 15:12:33 - [TEST_STEP][PASSED] - click(findTestObject("Object Repository/Page_cabi Personal Store/select_cash")): Object: 'Object Repository/Page_cabi Personal Store/select_cash' is clicked on

2019-09-17 15:12:33 - [MESSAGE][PASSED] - Object: 'Object Repository/Page_cabi Personal Store/select_cash' is clicked on

2019-09-17 15:12:33 - [TEST_STEP][PASSED] - click(findTestObject("Page_cabi Personal Store/submitPayment")): Object: 'Object Repository/Page_cabi Personal Store/submitPayment' is clicked on

2019-09-17 15:12:33 - [MESSAGE][PASSED] - Object: 'Object Repository/Page_cabi Personal Store/submitPayment' is clicked on

2019-09-17 15:12:33 - [TEST_STEP][PASSED] - click(findTestObject("Page_cabi Personal Store/submitOrderId")): Object: 'Object Repository/Page_cabi Personal Store/submitOrderId' is clicked on

2019-09-17 15:12:36 - [MESSAGE][PASSED] - Object: 'Object Repository/Page_cabi Personal Store/submitOrderId' is clicked on

2019-09-17 15:12:36 - [TEST_STEP][PASSED] - successMsg = "": null

2019-09-17 15:12:36 - [TEST_STEP][PASSED] - orderSuccess = false: null

2019-09-17 15:12:36 - [TEST_STEP][PASSED] - successMsgs = findWebElements(findTestObject("Object Repository/Page_cabi Personal Store/p_success_msg"), 5): null

2019-09-17 15:12:36 - [TEST_STEP][PASSED] - if (successMsgs.size() > 0): Text of object 'Object Repository/Page_cabi Personal Store/p_order_id' is: 'RT708236001'

2019-09-17 15:12:36 - [TEST_STEP][PASSED] - successMsg = getText(findTestObject("Object Repository/Page_cabi Personal Store/p_success_msg")): Text of object 'Object Repository/Page_cabi Personal Store/p_success_msg' is: 'Order Created Successfully!!
Order #:  RT708236001

CONTINUE SHOPPING'

2019-09-17 15:12:36 - [MESSAGE][PASSED] - Text of object 'Object Repository/Page_cabi Personal Store/p_success_msg' is: 'Order Created Successfully!!
Order #:  RT708236001

CONTINUE SHOPPING'

2019-09-17 15:12:36 - [TEST_STEP][PASSED] - orderSuccess = true: null

2019-09-17 15:12:36 - [TEST_STEP][PASSED] - retailOrderID = getText(findTestObject("Object Repository/Page_cabi Personal Store/p_order_id")): Text of object 'Object Repository/Page_cabi Personal Store/p_order_id' is: 'RT708236001'

2019-09-17 15:12:36 - [MESSAGE][PASSED] - Text of object 'Object Repository/Page_cabi Personal Store/p_order_id' is: 'RT708236001'

2019-09-17 15:12:36 - [TEST_STEP][PASSED] - assert orderSuccess == true: null

2019-09-17 15:12:36 - [TEST_STEP][NOT_RUN] - closeBrowser(): NOT_RUN: closeBrowser()

2019-09-17 15:12:36 - [MESSAGE][NOT_RUN] - NOT_RUN: closeBrowser()

2019-09-17 15:12:36 - [MESSAGE][PASSED] - Call Test Case 'Test Cases/EditOrder/retailOrderBO' successfully

2019-09-17 15:12:36 - [TEST_STEP][PASSED] - delay(10): Delayed 10 second(s)

2019-09-17 15:12:46 - [MESSAGE][PASSED] - Delayed 10 second(s)

2019-09-17 15:12:46 - [TEST_STEP][PASSED] - callTestCase(findTestCase("TestCaseUtilities/rsLogin"), ["RSURL":"", "RSuser":"", "RSpass":""], STOP_ON_FAILURE): Call Test Case 'Test Cases/TestCaseUtilities/rsLogin' successfully

2019-09-17 15:12:47 - [TEST_CASE][PASSED] - Test Cases/TestCaseUtilities/rsLogin: Test Cases/TestCaseUtilities/rsLogin

2019-09-17 15:12:47 - [TEST_STEP][PASSED] - dataFile = "micrositeData": null

2019-09-17 15:12:47 - [TEST_STEP][PASSED] - guest1Mail = findTestData(dataFile).getValue("guest1Mail", 1): null

2019-09-17 15:12:47 - [TEST_STEP][PASSED] - guest1Pass = findTestData(dataFile).getValue("guest1Pass", 1): null

2019-09-17 15:12:47 - [TEST_STEP][PASSED] - RSTestEnvt = findTestData("envtData").getValue("RSTestEnvt", 1): null

2019-09-17 15:12:47 - [TEST_STEP][PASSED] - callTestCase(findTestCase("TestCaseUtilities/setVHost"), [:], STOP_ON_FAILURE): Call Test Case 'Test Cases/TestCaseUtilities/setVHost' successfully

2019-09-17 15:12:47 - [TEST_CASE][PASSED] - Test Cases/TestCaseUtilities/setVHost: Test Cases/TestCaseUtilities/setVHost

2019-09-17 15:12:47 - [TEST_STEP][PASSED] - ofbizURL = findTestData("envtData").getValue("ofbizURL", 1): null

2019-09-17 15:12:47 - [TEST_STEP][PASSED] - ofbizUser = findTestData("credData").getValue("ofbizuser", 1): null

2019-09-17 15:12:47 - [TEST_STEP][PASSED] - ofbizPass = findTestData("credData").getValue("ofbizpass", 1): null

2019-09-17 15:12:47 - [TEST_STEP][PASSED] - vhostTarget = findTestData("envtData").getValue("vhostTarget", 1): null

2019-09-17 15:12:47 - [TEST_STEP][PASSED] - navigateToUrl(ofbizURL): Navigate to 'https://pushofbiz.cliotest.com/login.php' successfully

2019-09-17 15:12:49 - [MESSAGE][PASSED] - Navigate to 'https://pushofbiz.cliotest.com/login.php' successfully

2019-09-17 15:12:49 - [TEST_STEP][PASSED] - setText(findTestObject("Object Repository/virualShowRSVPOR/Page_/input_Username_username"), ofbizUser): Text 'automation' is set on object 'Object Repository/virualShowRSVPOR/Page_/input_Username_username'

2019-09-17 15:12:49 - [MESSAGE][PASSED] - Text 'automation' is set on object 'Object Repository/virualShowRSVPOR/Page_/input_Username_username'

2019-09-17 15:12:49 - [TEST_STEP][PASSED] - setText(findTestObject("Object Repository/virualShowRSVPOR/Page_/input_Password_password"), ofbizPass): Text 'cabiautomation' is set on object 'Object Repository/virualShowRSVPOR/Page_/input_Password_password'

2019-09-17 15:12:49 - [MESSAGE][PASSED] - Text 'cabiautomation' is set on object 'Object Repository/virualShowRSVPOR/Page_/input_Password_password'

2019-09-17 15:12:49 - [TEST_STEP][PASSED] - click(findTestObject("Object Repository/virualShowRSVPOR/Page_/input_Password_Submit")): Object: 'Object Repository/virualShowRSVPOR/Page_/input_Password_Submit' is clicked on

2019-09-17 15:12:53 - [MESSAGE][PASSED] - Object: 'Object Repository/virualShowRSVPOR/Page_/input_Password_Submit' is clicked on

2019-09-17 15:12:53 - [TEST_STEP][PASSED] - click(findTestObject("Object Repository/virualShowRSVPOR/Page_/a_Set Vhost")): Object: 'Object Repository/virualShowRSVPOR/Page_/a_Set Vhost' is clicked on

2019-09-17 15:12:54 - [MESSAGE][PASSED] - Object: 'Object Repository/virualShowRSVPOR/Page_/a_Set Vhost' is clicked on

2019-09-17 15:12:54 - [TEST_STEP][PASSED] - click(UtilityMethods.createTestObject("select_target", "//select[@name='Target']/option[contains(text(), '", vhostTarget, "')]")): Object: 'select_target' is clicked on

2019-09-17 15:12:54 - [MESSAGE][PASSED] - Object: 'select_target' is clicked on

2019-09-17 15:12:54 - [TEST_STEP][PASSED] - click(findTestObject("Object Repository/virualShowRSVPOR/Page_/input")): Object: 'Object Repository/virualShowRSVPOR/Page_/input' is clicked on

2019-09-17 15:12:56 - [MESSAGE][PASSED] - Object: 'Object Repository/virualShowRSVPOR/Page_/input' is clicked on

2019-09-17 15:12:56 - [MESSAGE][PASSED] - Call Test Case 'Test Cases/TestCaseUtilities/setVHost' successfully

2019-09-17 15:12:56 - [TEST_STEP][PASSED] - loginURL = UtilityMethods.concat("https://mirandakate.", RSTestEnvt, ".com/?component=account.login-gateway"): null

2019-09-17 15:12:56 - [TEST_STEP][PASSED] - navigateToUrl(loginURL): Navigate to 'https://mirandakate.cabitest5.com/?component=account.login-gateway' successfully

2019-09-17 15:13:25 - [MESSAGE][PASSED] - Navigate to 'https://mirandakate.cabitest5.com/?component=account.login-gateway' successfully

2019-09-17 15:13:25 - [TEST_STEP][PASSED] - delay(3): Delayed 3 second(s)

2019-09-17 15:13:28 - [MESSAGE][PASSED] - Delayed 3 second(s)

2019-09-17 15:13:28 - [TEST_STEP][PASSED] - setText(findTestObject("Object Repository/virualShowRSVPOR/Page_Show microsite/input_Sign in  Create account_email"), guest1Mail): Text 'guest1-test@test.com' is set on object 'Object Repository/virualShowRSVPOR/Page_Show microsite/input_Sign in  Create account_email'

2019-09-17 15:13:28 - [MESSAGE][PASSED] - Text 'guest1-test@test.com' is set on object 'Object Repository/virualShowRSVPOR/Page_Show microsite/input_Sign in  Create account_email'

2019-09-17 15:13:28 - [TEST_STEP][PASSED] - click(findTestObject("Object Repository/virualShowRSVPOR/Page_Show microsite/button_Continue")): Object: 'Object Repository/virualShowRSVPOR/Page_Show microsite/button_Continue' is clicked on

2019-09-17 15:13:29 - [MESSAGE][PASSED] - Object: 'Object Repository/virualShowRSVPOR/Page_Show microsite/button_Continue' is clicked on

2019-09-17 15:13:29 - [TEST_STEP][PASSED] - setText(findTestObject("Object Repository/virualShowRSVPOR/Page_Show microsite/input_Welcome_password"), guest1Pass): Text 'blackdress19' is set on object 'Object Repository/virualShowRSVPOR/Page_Show microsite/input_Welcome_password'

2019-09-17 15:13:29 - [MESSAGE][PASSED] - Text 'blackdress19' is set on object 'Object Repository/virualShowRSVPOR/Page_Show microsite/input_Welcome_password'

2019-09-17 15:13:29 - [TEST_STEP][PASSED] - click(findTestObject("Object Repository/virualShowRSVPOR/Page_Show microsite/button_Continue_pass")): Object: 'Object Repository/virualShowRSVPOR/Page_Show microsite/button_Continue_pass' is clicked on

2019-09-17 15:13:29 - [MESSAGE][PASSED] - Object: 'Object Repository/virualShowRSVPOR/Page_Show microsite/button_Continue_pass' is clicked on

2019-09-17 15:13:29 - [TEST_STEP][PASSED] - delay(5): Delayed 5 second(s)

2019-09-17 15:13:34 - [MESSAGE][PASSED] - Delayed 5 second(s)

2019-09-17 15:13:34 - [TEST_STEP][PASSED] - if (verifyElementPresent(findTestObject("Object Repository/virualShowRSVPOR/Page_Show microsite/complete_my_profile_later"), 0)): Object: 'Object Repository/virualShowRSVPOR/Page_Show microsite/div_Ill complete my profile later' is clicked on

2019-09-17 15:13:34 - [MESSAGE][WARNING] - Timeout '0' is invalid. Using default page load timeout: '30'

2019-09-17 15:13:35 - [MESSAGE][PASSED] - Object 'Object Repository/virualShowRSVPOR/Page_Show microsite/complete_my_profile_later' is present

2019-09-17 15:13:35 - [TEST_STEP][PASSED] - click(findTestObject("Object Repository/virualShowRSVPOR/Page_Show microsite/div_Ill complete my profile later")): Object: 'Object Repository/virualShowRSVPOR/Page_Show microsite/div_Ill complete my profile later' is clicked on

2019-09-17 15:13:40 - [MESSAGE][PASSED] - Object: 'Object Repository/virualShowRSVPOR/Page_Show microsite/div_Ill complete my profile later' is clicked on

2019-09-17 15:13:40 - [MESSAGE][PASSED] - Call Test Case 'Test Cases/TestCaseUtilities/rsLogin' successfully

2019-09-17 15:13:40 - [TEST_STEP][PASSED] - callTestCase(findTestCase("EditOrder/rsOrderHistoryConfirm"), ["orderID":"", "editScenarioNumber":4], STOP_ON_FAILURE): Call Test Case 'Test Cases/EditOrder/rsOrderHistoryConfirm' successfully

2019-09-17 15:13:40 - [TEST_CASE][PASSED] - Test Cases/EditOrder/rsOrderHistoryConfirm: Test Cases/EditOrder/rsOrderHistoryConfirm

2019-09-17 15:13:40 - [TEST_STEP][PASSED] - driver = getWebDriver(): null

2019-09-17 15:13:40 - [TEST_STEP][PASSED] - executor = driver: null

2019-09-17 15:13:40 - [TEST_STEP][PASSED] - orderID = retailOrderID: null

2019-09-17 15:13:40 - [TEST_STEP][PASSED] - println(orderID): null

2019-09-17 15:13:40 - [TEST_STEP][PASSED] - xpath = UtilityMethods.concat("//span[contains(text(), '", orderID, "')]/parent::div/parent::div/div[@class='table-row-edit-order']//a"): null

2019-09-17 15:13:40 - [TEST_STEP][PASSED] - to = new com.kms.katalon.core.testobject.TestObject(a_link_dynamic): null

2019-09-17 15:13:40 - [TEST_STEP][PASSED] - to.addProperty("xpath", EQUALS, xpath): null

2019-09-17 15:13:40 - [TEST_STEP][PASSED] - click(findTestObject("ReplicatedSite/rs_Page_Trendy/i_Michigan_fa fa-caret-down")): Object: 'Object Repository/ReplicatedSite/rs_Page_Trendy/i_Michigan_fa fa-caret-down' is clicked on

2019-09-17 15:13:40 - [MESSAGE][PASSED] - Object: 'Object Repository/ReplicatedSite/rs_Page_Trendy/i_Michigan_fa fa-caret-down' is clicked on

2019-09-17 15:13:40 - [TEST_STEP][PASSED] - click(findTestObject("ReplicatedSite/rs_Page_Trendy/a_My Profile")): Object: 'Object Repository/ReplicatedSite/rs_Page_Trendy/a_My Profile' is clicked on

2019-09-17 15:13:44 - [MESSAGE][PASSED] - Object: 'Object Repository/ReplicatedSite/rs_Page_Trendy/a_My Profile' is clicked on

2019-09-17 15:13:44 - [TEST_STEP][PASSED] - click(findTestObject("Object Repository/ReplicatedSite/Page_Profile - Cabi Fall 2018 Collection/span_Order History")): Object: 'Object Repository/ReplicatedSite/Page_Profile - Cabi Fall 2018 Collection/span_Order History' is clicked on

2019-09-17 15:13:44 - [MESSAGE][PASSED] - Object: 'Object Repository/ReplicatedSite/Page_Profile - Cabi Fall 2018 Collection/span_Order History' is clicked on

2019-09-17 15:13:44 - [TEST_STEP][PASSED] - delay(5): Delayed 5 second(s)

2019-09-17 15:13:49 - [MESSAGE][PASSED] - Delayed 5 second(s)

2019-09-17 15:13:49 - [TEST_STEP][PASSED] - editButton = findWebElements(to, 1): null

2019-09-17 15:13:50 - [TEST_STEP][PASSED] - assert editButton.size() > 0: null

2019-09-17 15:13:50 - [TEST_STEP][PASSED] - if (editButton.size() > 0): null

2019-09-17 15:13:50 - [TEST_STEP][PASSED] - click(to): Object: 'a_link_dynamic' is clicked on

2019-09-17 15:13:50 - [MESSAGE][PASSED] - Object: 'a_link_dynamic' is clicked on

2019-09-17 15:13:50 - [TEST_STEP][PASSED] - delay(10): Delayed 10 second(s)

2019-09-17 15:14:00 - [MESSAGE][PASSED] - Delayed 10 second(s)

2019-09-17 15:14:00 - [TEST_STEP][PASSED] - if (editScenarioNumber == 1): null

2019-09-17 15:14:00 - [TEST_STEP][PASSED] - else if (editScenarioNumber == 3): null

2019-09-17 15:14:00 - [TEST_STEP][PASSED] - else if (editScenarioNumber == 4): null

2019-09-17 15:14:00 - [TEST_STEP][PASSED] - println("scen = 4"): null

2019-09-17 15:14:00 - [TEST_STEP][PASSED] - donationRemoveButton = findWebElements(findTestObject("Object Repository/ReplicatedSite/a_donation_cannot_remove"), 5): Unable to find the element located by 'By.xpath: //p[contains(text(), 'Heart of cabi Foundation')]/parent::div/parent::div/div[@class='shop-td options']/p/a[contains(text(), ' Remove')]'. Please recheck the objects properties to make sure the desired element is located. 

2019-09-17 15:14:05 - [MESSAGE][INFO] - Unable to find the element located by 'By.xpath: //p[contains(text(), 'Heart of cabi Foundation')]/parent::div/parent::div/div[@class='shop-td options']/p/a[contains(text(), ' Remove')]'. Please recheck the objects properties to make sure the desired element is located. 

2019-09-17 15:14:05 - [TEST_STEP][PASSED] - assert donationRemoveButton.size() == 0: null

2019-09-17 15:14:05 - [MESSAGE][PASSED] - Call Test Case 'Test Cases/EditOrder/rsOrderHistoryConfirm' successfully]]></system-out>
         <system-err><![CDATA[]]></system-err>
      </testcase>
      <testcase name="Test Cases/EditOrder-V/rsEditOrderGiftCard" classname="Test Cases/EditOrder-V/rsEditOrderGiftCard" status="PASSED">
         <system-out><![CDATA[2019-09-17 15:14:05 - [TEST_CASE][PASSED] - Test Cases/EditOrder-V/rsEditOrderGiftCard: Test Cases/EditOrder-V/rsEditOrderGiftCard

2019-09-17 15:14:05 - [TEST_STEP][PASSED] - Start listener action : sampleBeforeTestCase: null

2019-09-17 15:14:05 - [TEST_STEP][PASSED] - println(testCaseContext.getTestCaseId()): null

2019-09-17 15:14:05 - [TEST_STEP][PASSED] - println(testCaseContext.getTestCaseVariables()): null

2019-09-17 15:14:05 - [TEST_STEP][PASSED] - callTestCase(findTestCase("EditOrder/retailOrderBO"), ["editScenarioNumber":3], STOP_ON_FAILURE): Call Test Case 'Test Cases/EditOrder/retailOrderBO' successfully

2019-09-17 15:14:05 - [TEST_CASE][PASSED] - Test Cases/EditOrder/retailOrderBO: Test Cases/EditOrder/retailOrderBO

2019-09-17 15:14:05 - [TEST_STEP][PASSED] - openBrowser(""): Browser is opened with url: ''

2019-09-17 15:14:05 - [MESSAGE][WARNING] - A browser is already opened. Closing browser and opening a new one

2019-09-17 15:14:06 - [MESSAGE][INFO] - Starting 'Chrome' driver

2019-09-17 15:14:06 - [MESSAGE][INFO] - User set preference: ['args', '[--use-fake-ui-for-media-stream, --start-maximized]']

2019-09-17 15:14:08 - [MESSAGE][PASSED] - Browser is opened with url: ''

2019-09-17 15:14:08 - [TEST_STEP][PASSED] - callTestCase(findTestCase("TestCaseUtilities/backOfficeLogin"), ["BOURL":"", "BOuser":"", "BOpass":""], STOP_ON_FAILURE): Call Test Case 'Test Cases/TestCaseUtilities/backOfficeLogin' successfully

2019-09-17 15:14:08 - [TEST_CASE][PASSED] - Test Cases/TestCaseUtilities/backOfficeLogin: Test Cases/TestCaseUtilities/backOfficeLogin

2019-09-17 15:14:08 - [TEST_STEP][PASSED] - BOURL = findTestData("envtData").getValue("BOURL", 1): null

2019-09-17 15:14:08 - [TEST_STEP][PASSED] - BOuser = findTestData("credData").getValue("BOuser", 1): null

2019-09-17 15:14:08 - [TEST_STEP][PASSED] - BOpass = findTestData("credData").getValue("BOpass", 1): null

2019-09-17 15:14:08 - [TEST_STEP][PASSED] - openBrowser(""): Browser is opened with url: ''

2019-09-17 15:14:08 - [MESSAGE][WARNING] - A browser is already opened. Closing browser and opening a new one

2019-09-17 15:14:09 - [MESSAGE][INFO] - Starting 'Chrome' driver

2019-09-17 15:14:09 - [MESSAGE][INFO] - User set preference: ['args', '[--use-fake-ui-for-media-stream, --start-maximized]']

2019-09-17 15:14:11 - [MESSAGE][PASSED] - Browser is opened with url: ''

2019-09-17 15:14:11 - [TEST_STEP][PASSED] - navigateToUrl(BOURL): Navigate to 'https://test18.cliotest.com/backoffice/control/main' successfully

2019-09-17 15:14:18 - [MESSAGE][PASSED] - Navigate to 'https://test18.cliotest.com/backoffice/control/main' successfully

2019-09-17 15:14:18 - [TEST_STEP][PASSED] - logOut = findWebElements(findTestObject("Object Repository/Page_cabi Home/log_out"), 1): Unable to find the element located by 'By.xpath: //a[contains(text(),'Log Out')]'. Please recheck the objects properties to make sure the desired element is located. 

2019-09-17 15:14:19 - [MESSAGE][INFO] - Unable to find the element located by 'By.xpath: //a[contains(text(),'Log Out')]'. Please recheck the objects properties to make sure the desired element is located. 

2019-09-17 15:14:19 - [TEST_STEP][PASSED] - if (logOut.size() == 0): Object: 'Object Repository/Page_cabi/input_Welcome to_consultantLogin' is clicked on

2019-09-17 15:14:19 - [TEST_STEP][PASSED] - setText(findTestObject("Page_cabi/input_Welcome to_USERNAME"), BOuser): Text '400000002' is set on object 'Object Repository/Page_cabi/input_Welcome to_USERNAME'

2019-09-17 15:14:20 - [MESSAGE][PASSED] - Text '400000002' is set on object 'Object Repository/Page_cabi/input_Welcome to_USERNAME'

2019-09-17 15:14:20 - [TEST_STEP][PASSED] - setText(findTestObject("Object Repository/Page_cabi/input_Welcome to_PASSWORD"), BOpass): Text 'blackdress19' is set on object 'Object Repository/Page_cabi/input_Welcome to_PASSWORD'

2019-09-17 15:14:20 - [MESSAGE][PASSED] - Text 'blackdress19' is set on object 'Object Repository/Page_cabi/input_Welcome to_PASSWORD'

2019-09-17 15:14:20 - [TEST_STEP][PASSED] - click(findTestObject("Object Repository/Page_cabi/input_Welcome to_consultantLogin")): Object: 'Object Repository/Page_cabi/input_Welcome to_consultantLogin' is clicked on

2019-09-17 15:14:28 - [MESSAGE][PASSED] - Object: 'Object Repository/Page_cabi/input_Welcome to_consultantLogin' is clicked on

2019-09-17 15:14:28 - [TEST_STEP][PASSED] - delay(3): Delayed 3 second(s)

2019-09-17 15:14:31 - [MESSAGE][PASSED] - Delayed 3 second(s)

2019-09-17 15:14:31 - [MESSAGE][PASSED] - Call Test Case 'Test Cases/TestCaseUtilities/backOfficeLogin' successfully

2019-09-17 15:14:31 - [TEST_STEP][PASSED] - click(findTestObject("Object Repository/Page_cabi Home/a_Shows  Orders")): Object: 'Object Repository/Page_cabi Home/a_Shows  Orders' is clicked on

2019-09-17 15:14:31 - [MESSAGE][PASSED] - Object: 'Object Repository/Page_cabi Home/a_Shows  Orders' is clicked on

2019-09-17 15:14:31 - [TEST_STEP][PASSED] - delay(1): Delayed 1 second(s)

2019-09-17 15:14:32 - [MESSAGE][PASSED] - Delayed 1 second(s)

2019-09-17 15:14:32 - [TEST_STEP][PASSED] - click(findTestObject("Page_cabi Home/a_Shows  Orders")): Object: 'Object Repository/Page_cabi Home/a_Shows  Orders' is clicked on

2019-09-17 15:14:32 - [MESSAGE][PASSED] - Object: 'Object Repository/Page_cabi Home/a_Shows  Orders' is clicked on

2019-09-17 15:14:32 - [TEST_STEP][PASSED] - click(findTestObject("Page_cabi Home/a_retail_purchases")): Object: 'Object Repository/Page_cabi Home/a_retail_purchases' is clicked on

2019-09-17 15:14:36 - [MESSAGE][PASSED] - Object: 'Object Repository/Page_cabi Home/a_retail_purchases' is clicked on

2019-09-17 15:14:36 - [TEST_STEP][PASSED] - delay(3): Delayed 3 second(s)

2019-09-17 15:14:39 - [MESSAGE][PASSED] - Delayed 3 second(s)

2019-09-17 15:14:39 - [TEST_STEP][PASSED] - click(findTestObject("Object Repository/Page_cabi Home/existingCustomer")): Object: 'Object Repository/Page_cabi Home/existingCustomer' is clicked on

2019-09-17 15:14:39 - [MESSAGE][PASSED] - Object: 'Object Repository/Page_cabi Home/existingCustomer' is clicked on

2019-09-17 15:14:39 - [TEST_STEP][PASSED] - contactNumber = 3: null

2019-09-17 15:14:39 - [TEST_STEP][PASSED] - firstName = findTestData("contactData").getValue("firstName", contactNumber): null

2019-09-17 15:14:39 - [TEST_STEP][PASSED] - lastName = findTestData("contactData").getValue("lastName", contactNumber): null

2019-09-17 15:14:39 - [TEST_STEP][PASSED] - email = findTestData("contactData").getValue("email", contactNumber): null

2019-09-17 15:14:39 - [TEST_STEP][PASSED] - address1 = findTestData("contactData").getValue("address1", contactNumber): null

2019-09-17 15:14:39 - [TEST_STEP][PASSED] - city = findTestData("contactData").getValue("city", contactNumber): null

2019-09-17 15:14:39 - [TEST_STEP][PASSED] - state = findTestData("contactData").getValue("state", contactNumber): null

2019-09-17 15:14:39 - [TEST_STEP][PASSED] - zip = findTestData("contactData").getValue("zip", contactNumber): null

2019-09-17 15:14:39 - [TEST_STEP][PASSED] - existingCustFName = firstName: null

2019-09-17 15:14:39 - [TEST_STEP][PASSED] - existingCustLName = lastName: null

2019-09-17 15:14:39 - [TEST_STEP][PASSED] - space = " ": null

2019-09-17 15:14:39 - [TEST_STEP][PASSED] - existingCust = $existingCustFName$space$existingCustLName: null

2019-09-17 15:14:39 - [TEST_STEP][PASSED] - setText(findTestObject("Object Repository/Page_cabi Home/input_existing_guest"), existingCust): Text 'guest1-test abc' is set on object 'Object Repository/Page_cabi Home/input_existing_guest'

2019-09-17 15:14:39 - [MESSAGE][PASSED] - Text 'guest1-test abc' is set on object 'Object Repository/Page_cabi Home/input_existing_guest'

2019-09-17 15:14:39 - [TEST_STEP][PASSED] - delay(2): Delayed 2 second(s)

2019-09-17 15:14:41 - [MESSAGE][PASSED] - Delayed 2 second(s)

2019-09-17 15:14:41 - [TEST_STEP][PASSED] - sendKeys(findTestObject("Object Repository/Page_cabi Home/input_existing_guest"), Keys.chord(ARROW_DOWN)): Keys 'DOWN + ' sent to object: 'Object Repository/Page_cabi Home/input_existing_guest'

2019-09-17 15:14:41 - [MESSAGE][PASSED] - Keys 'DOWN + ' sent to object: 'Object Repository/Page_cabi Home/input_existing_guest'

2019-09-17 15:14:41 - [TEST_STEP][PASSED] - sendKeys(findTestObject("Object Repository/Page_cabi Home/input_existing_guest"), Keys.chord(ENTER)): Keys 'ENTER + ' sent to object: 'Object Repository/Page_cabi Home/input_existing_guest'

2019-09-17 15:14:42 - [MESSAGE][PASSED] - Keys 'ENTER + ' sent to object: 'Object Repository/Page_cabi Home/input_existing_guest'

2019-09-17 15:14:42 - [TEST_STEP][PASSED] - setText(findTestObject("Object Repository/Page_cabi Retail Store/input_email"), email): Text 'guest1-test@test.com' is set on object 'Object Repository/Page_cabi Retail Store/input_email'

2019-09-17 15:14:42 - [MESSAGE][PASSED] - Text 'guest1-test@test.com' is set on object 'Object Repository/Page_cabi Retail Store/input_email'

2019-09-17 15:14:42 - [TEST_STEP][PASSED] - setText(findTestObject("Object Repository/Page_cabi Edit Customer Profile/input_Address1_address1"), address1): Text '975 BRAHMS CT' is set on object 'Object Repository/Page_cabi Edit Customer Profile/input_Address1_address1'

2019-09-17 15:14:43 - [MESSAGE][PASSED] - Text '975 BRAHMS CT' is set on object 'Object Repository/Page_cabi Edit Customer Profile/input_Address1_address1'

2019-09-17 15:14:43 - [TEST_STEP][PASSED] - setText(findTestObject("Object Repository/Page_cabi Edit Customer Profile/input_Address2_address2"), ""): Text '' is set on object 'Object Repository/Page_cabi Edit Customer Profile/input_Address2_address2'

2019-09-17 15:14:43 - [MESSAGE][PASSED] - Text '' is set on object 'Object Repository/Page_cabi Edit Customer Profile/input_Address2_address2'

2019-09-17 15:14:43 - [TEST_STEP][PASSED] - setText(findTestObject("Object Repository/Page_cabi Edit Customer Profile/input_City_city"), city): Text 'TROY' is set on object 'Object Repository/Page_cabi Edit Customer Profile/input_City_city'

2019-09-17 15:14:43 - [MESSAGE][PASSED] - Text 'TROY' is set on object 'Object Repository/Page_cabi Edit Customer Profile/input_City_city'

2019-09-17 15:14:43 - [TEST_STEP][PASSED] - click(findTestObject("Page_cabi Edit Customer Profile/span_select_a_state")): Object: 'Object Repository/Page_cabi Edit Customer Profile/span_select_a_state' is clicked on

2019-09-17 15:14:43 - [MESSAGE][PASSED] - Object: 'Object Repository/Page_cabi Edit Customer Profile/span_select_a_state' is clicked on

2019-09-17 15:14:43 - [TEST_STEP][PASSED] - delay(1): Delayed 1 second(s)

2019-09-17 15:14:44 - [MESSAGE][PASSED] - Delayed 1 second(s)

2019-09-17 15:14:44 - [TEST_STEP][PASSED] - setText(findTestObject("Page_cabi Edit Customer Profile/input_state_postalCode"), zip): Text '48085' is set on object 'Object Repository/Page_cabi Edit Customer Profile/input_state_postalCode'

2019-09-17 15:14:44 - [MESSAGE][PASSED] - Text '48085' is set on object 'Object Repository/Page_cabi Edit Customer Profile/input_state_postalCode'

2019-09-17 15:14:44 - [TEST_STEP][PASSED] - delay(5): Delayed 5 second(s)

2019-09-17 15:14:49 - [MESSAGE][PASSED] - Delayed 5 second(s)

2019-09-17 15:14:49 - [TEST_STEP][PASSED] - check(findTestObject("Object Repository/Page_cabi Home/a_same_shipping_address")): Object 'Object Repository/Page_cabi Home/a_same_shipping_address' is checked

2019-09-17 15:14:49 - [MESSAGE][PASSED] - Object 'Object Repository/Page_cabi Home/a_same_shipping_address' is checked

2019-09-17 15:14:49 - [TEST_STEP][PASSED] - delay(5): Delayed 5 second(s)

2019-09-17 15:14:54 - [MESSAGE][PASSED] - Delayed 5 second(s)

2019-09-17 15:14:54 - [TEST_STEP][PASSED] - check(findTestObject("Object Repository/Page_cabi Home/a_same_shipping_address")): Object 'Object Repository/Page_cabi Home/a_same_shipping_address' is checked

2019-09-17 15:14:54 - [MESSAGE][PASSED] - Object 'Object Repository/Page_cabi Home/a_same_shipping_address' is checked

2019-09-17 15:14:54 - [TEST_STEP][PASSED] - delay(5): Delayed 5 second(s)

2019-09-17 15:14:59 - [MESSAGE][PASSED] - Delayed 5 second(s)

2019-09-17 15:14:59 - [TEST_STEP][PASSED] - driver = getWebDriver(): null

2019-09-17 15:14:59 - [TEST_STEP][PASSED] - executor = driver: null

2019-09-17 15:14:59 - [TEST_STEP][PASSED] - executor.executeScript("arguments[0].click();", findWebElement(findTestObject("Object Repository/Page_cabi Home/a_order_items"), 5)): null

2019-09-17 15:14:59 - [TEST_STEP][PASSED] - delay(3): Delayed 3 second(s)

2019-09-17 15:15:02 - [MESSAGE][PASSED] - Delayed 3 second(s)

2019-09-17 15:15:02 - [TEST_STEP][PASSED] - click(findTestObject("Object Repository/Page_cabi Retail Store/span_quick_entry")): Object: 'Object Repository/Page_cabi Retail Store/span_quick_entry' is clicked on

2019-09-17 15:15:06 - [MESSAGE][PASSED] - Object: 'Object Repository/Page_cabi Retail Store/span_quick_entry' is clicked on

2019-09-17 15:15:06 - [TEST_STEP][PASSED] - delay(3): Delayed 3 second(s)

2019-09-17 15:15:09 - [MESSAGE][PASSED] - Delayed 3 second(s)

2019-09-17 15:15:09 - [TEST_STEP][PASSED] - emptyCart = findWebElements(findTestObject("Object Repository/Page_cabi Personal Store/removeFromCart"), 5): Unable to find the element located by 'By.xpath: //*[@id="removeFromCart_0"]/span'. Please recheck the objects properties to make sure the desired element is located. 

2019-09-17 15:15:14 - [MESSAGE][INFO] - Unable to find the element located by 'By.xpath: //*[@id="removeFromCart_0"]/span'. Please recheck the objects properties to make sure the desired element is located. 

2019-09-17 15:15:14 - [TEST_STEP][PASSED] - if (emptyCart.size() > 0): null

2019-09-17 15:15:14 - [TEST_STEP][PASSED] - addOnStyle = findTestData("miscData").getValue("addOnStyle", 1): null

2019-09-17 15:15:15 - [TEST_STEP][PASSED] - addOnStyle2 = findTestData("miscData").getValue("addOnStyle", 2): null

2019-09-17 15:15:15 - [TEST_STEP][PASSED] - setText(findTestObject("Object Repository/Page_cabi Create Order/input_Manual Discount_stylelookup_0"), addOnStyle): Text '3701' is set on object 'Object Repository/Page_cabi Create Order/input_Manual Discount_stylelookup_0'

2019-09-17 15:15:15 - [MESSAGE][PASSED] - Text '3701' is set on object 'Object Repository/Page_cabi Create Order/input_Manual Discount_stylelookup_0'

2019-09-17 15:15:15 - [TEST_STEP][PASSED] - delay(2): Delayed 2 second(s)

2019-09-17 15:15:17 - [MESSAGE][PASSED] - Delayed 2 second(s)

2019-09-17 15:15:17 - [TEST_STEP][PASSED] - sendKeys(findTestObject("Object Repository/Page_cabi Create Order/input_Manual Discount_stylelookup_0"), Keys.chord(ARROW_DOWN)): Keys 'DOWN + ' sent to object: 'Object Repository/Page_cabi Create Order/input_Manual Discount_stylelookup_0'

2019-09-17 15:15:17 - [MESSAGE][PASSED] - Keys 'DOWN + ' sent to object: 'Object Repository/Page_cabi Create Order/input_Manual Discount_stylelookup_0'

2019-09-17 15:15:17 - [TEST_STEP][PASSED] - delay(2): Delayed 2 second(s)

2019-09-17 15:15:19 - [MESSAGE][PASSED] - Delayed 2 second(s)

2019-09-17 15:15:19 - [TEST_STEP][PASSED] - sendKeys(findTestObject("Object Repository/Page_cabi Create Order/input_Manual Discount_stylelookup_0"), Keys.chord(ARROW_DOWN)): Keys 'DOWN + ' sent to object: 'Object Repository/Page_cabi Create Order/input_Manual Discount_stylelookup_0'

2019-09-17 15:15:19 - [MESSAGE][PASSED] - Keys 'DOWN + ' sent to object: 'Object Repository/Page_cabi Create Order/input_Manual Discount_stylelookup_0'

2019-09-17 15:15:19 - [TEST_STEP][PASSED] - sendKeys(findTestObject("Object Repository/Page_cabi Create Order/input_Manual Discount_stylelookup_0"), Keys.chord(ENTER)): Keys 'ENTER + ' sent to object: 'Object Repository/Page_cabi Create Order/input_Manual Discount_stylelookup_0'

2019-09-17 15:15:19 - [MESSAGE][PASSED] - Keys 'ENTER + ' sent to object: 'Object Repository/Page_cabi Create Order/input_Manual Discount_stylelookup_0'

2019-09-17 15:15:19 - [TEST_STEP][PASSED] - delay(5): Delayed 5 second(s)

2019-09-17 15:15:24 - [MESSAGE][PASSED] - Delayed 5 second(s)

2019-09-17 15:15:24 - [TEST_STEP][PASSED] - click(findTestObject("Object Repository/Page_cabi Order Items/selectSize")): Object: 'Object Repository/Page_cabi Order Items/selectSize' is clicked on

2019-09-17 15:15:24 - [MESSAGE][PASSED] - Object: 'Object Repository/Page_cabi Order Items/selectSize' is clicked on

2019-09-17 15:15:24 - [TEST_STEP][PASSED] - delay(3): Delayed 3 second(s)

2019-09-17 15:15:27 - [MESSAGE][PASSED] - Delayed 3 second(s)

2019-09-17 15:15:27 - [TEST_STEP][PASSED] - click(findTestObject("Object Repository/Page_cabi Order Items/span_Add to Cart")): Object: 'Object Repository/Page_cabi Order Items/span_Add to Cart' is clicked on

2019-09-17 15:15:27 - [MESSAGE][PASSED] - Object: 'Object Repository/Page_cabi Order Items/span_Add to Cart' is clicked on

2019-09-17 15:15:27 - [TEST_STEP][PASSED] - delay(5): Delayed 5 second(s)

2019-09-17 15:15:32 - [MESSAGE][PASSED] - Delayed 5 second(s)

2019-09-17 15:15:32 - [TEST_STEP][PASSED] - click(findTestObject("Object Repository/Page_cabi Create Order/inputStyleLookup1")): Object: 'Object Repository/Page_cabi Create Order/inputStyleLookup1' is clicked on

2019-09-17 15:15:32 - [MESSAGE][PASSED] - Object: 'Object Repository/Page_cabi Create Order/inputStyleLookup1' is clicked on

2019-09-17 15:15:32 - [TEST_STEP][PASSED] - setText(findTestObject("Object Repository/Page_cabi Create Order/inputStyleLookup1"), addOnStyle2): Text '3703' is set on object 'Object Repository/Page_cabi Create Order/inputStyleLookup1'

2019-09-17 15:15:32 - [MESSAGE][PASSED] - Text '3703' is set on object 'Object Repository/Page_cabi Create Order/inputStyleLookup1'

2019-09-17 15:15:32 - [TEST_STEP][PASSED] - delay(3): Delayed 3 second(s)

2019-09-17 15:15:35 - [MESSAGE][PASSED] - Delayed 3 second(s)

2019-09-17 15:15:35 - [TEST_STEP][PASSED] - prod_message2 = getText(findTestObject("Page_cabi Create Order/first_option")): Text of object 'Object Repository/Page_cabi Create Order/first_option' is: '3703 Turn Back Cardigan'

2019-09-17 15:15:35 - [MESSAGE][PASSED] - Text of object 'Object Repository/Page_cabi Create Order/first_option' is: '3703 Turn Back Cardigan'

2019-09-17 15:15:35 - [TEST_STEP][PASSED] - click(findTestObject("Page_cabi Create Order/first_option")): Object: 'Object Repository/Page_cabi Create Order/first_option' is clicked on

2019-09-17 15:15:35 - [MESSAGE][PASSED] - Object: 'Object Repository/Page_cabi Create Order/first_option' is clicked on

2019-09-17 15:15:35 - [TEST_STEP][PASSED] - delay(5): Delayed 5 second(s)

2019-09-17 15:15:40 - [MESSAGE][PASSED] - Delayed 5 second(s)

2019-09-17 15:15:40 - [TEST_STEP][PASSED] - click(findTestObject("Object Repository/Page_cabi Order Items/selectSize2")): Object: 'Object Repository/Page_cabi Order Items/selectSize2' is clicked on

2019-09-17 15:15:40 - [MESSAGE][PASSED] - Object: 'Object Repository/Page_cabi Order Items/selectSize2' is clicked on

2019-09-17 15:15:40 - [TEST_STEP][PASSED] - delay(3): Delayed 3 second(s)

2019-09-17 15:15:43 - [MESSAGE][PASSED] - Delayed 3 second(s)

2019-09-17 15:15:43 - [TEST_STEP][PASSED] - click(findTestObject("Object Repository/Page_cabi Order Items/addToCart2")): Object: 'Object Repository/Page_cabi Order Items/addToCart2' is clicked on

2019-09-17 15:15:44 - [MESSAGE][PASSED] - Object: 'Object Repository/Page_cabi Order Items/addToCart2' is clicked on

2019-09-17 15:15:44 - [TEST_STEP][PASSED] - delay(5): Delayed 5 second(s)

2019-09-17 15:15:49 - [MESSAGE][PASSED] - Delayed 5 second(s)

2019-09-17 15:15:49 - [TEST_STEP][PASSED] - if (editScenarioNumber == 1): null

2019-09-17 15:15:49 - [TEST_STEP][PASSED] - else if (editScenarioNumber == 2): null

2019-09-17 15:15:49 - [TEST_STEP][PASSED] - else if (editScenarioNumber == 3): Object: 'Object Repository/Page_cabi Order Items/a_submit' is clicked on

2019-09-17 15:15:49 - [TEST_STEP][PASSED] - click(findTestObject("Object Repository/Page_cabi Retail Store/span_gift_card")): Object: 'Object Repository/Page_cabi Retail Store/span_gift_card' is clicked on

2019-09-17 15:15:51 - [MESSAGE][PASSED] - Object: 'Object Repository/Page_cabi Retail Store/span_gift_card' is clicked on

2019-09-17 15:15:51 - [TEST_STEP][PASSED] - delay(5): Delayed 5 second(s)

2019-09-17 15:15:56 - [MESSAGE][PASSED] - Delayed 5 second(s)

2019-09-17 15:15:56 - [TEST_STEP][PASSED] - click(findTestObject("Page_cabi Order Items/select_gc_amount")): Object: 'Object Repository/Page_cabi Order Items/select_gc_amount' is clicked on

2019-09-17 15:15:56 - [MESSAGE][PASSED] - Object: 'Object Repository/Page_cabi Order Items/select_gc_amount' is clicked on

2019-09-17 15:15:56 - [TEST_STEP][PASSED] - click(findTestObject("Object Repository/Page_cabi Order Items/select_delivery_method")): Object: 'Object Repository/Page_cabi Order Items/select_delivery_method' is clicked on

2019-09-17 15:15:56 - [MESSAGE][PASSED] - Object: 'Object Repository/Page_cabi Order Items/select_delivery_method' is clicked on

2019-09-17 15:15:56 - [TEST_STEP][PASSED] - click(findTestObject("Object Repository/Page_cabi Order Items/input_gc_type")): Object: 'Object Repository/Page_cabi Order Items/input_gc_type' is clicked on

2019-09-17 15:15:56 - [MESSAGE][PASSED] - Object: 'Object Repository/Page_cabi Order Items/input_gc_type' is clicked on

2019-09-17 15:15:56 - [TEST_STEP][PASSED] - recContactNumber = 3: null

2019-09-17 15:15:56 - [TEST_STEP][PASSED] - recFName = findTestData("contactData").getValue("firstName", recContactNumber): null

2019-09-17 15:15:56 - [TEST_STEP][PASSED] - recLName = findTestData("contactData").getValue("lastName", recContactNumber): null

2019-09-17 15:15:56 - [TEST_STEP][PASSED] - recEmail = findTestData("contactData").getValue("email", recContactNumber): null

2019-09-17 15:15:56 - [TEST_STEP][PASSED] - setText(findTestObject("Object Repository/Page_cabi Order Items/input_gc_rec_fname"), recFName): Text 'guest1-test' is set on object 'Object Repository/Page_cabi Order Items/input_gc_rec_fname'

2019-09-17 15:15:56 - [MESSAGE][PASSED] - Text 'guest1-test' is set on object 'Object Repository/Page_cabi Order Items/input_gc_rec_fname'

2019-09-17 15:15:56 - [TEST_STEP][PASSED] - setText(findTestObject("Object Repository/Page_cabi Order Items/input_gc_rec_lname"), recLName): Text 'abc' is set on object 'Object Repository/Page_cabi Order Items/input_gc_rec_lname'

2019-09-17 15:15:56 - [MESSAGE][PASSED] - Text 'abc' is set on object 'Object Repository/Page_cabi Order Items/input_gc_rec_lname'

2019-09-17 15:15:56 - [TEST_STEP][PASSED] - setText(findTestObject("Object Repository/Page_cabi Order Items/input_gc_rec_email"), recEmail): Text 'guest1-test@test.com' is set on object 'Object Repository/Page_cabi Order Items/input_gc_rec_email'

2019-09-17 15:15:56 - [MESSAGE][PASSED] - Text 'guest1-test@test.com' is set on object 'Object Repository/Page_cabi Order Items/input_gc_rec_email'

2019-09-17 15:15:56 - [TEST_STEP][PASSED] - setText(findTestObject("Object Repository/Page_cabi Order Items/input_gc_send_fname"), firstName): Text 'guest1-test' is set on object 'Object Repository/Page_cabi Order Items/input_gc_send_fname'

2019-09-17 15:15:57 - [MESSAGE][PASSED] - Text 'guest1-test' is set on object 'Object Repository/Page_cabi Order Items/input_gc_send_fname'

2019-09-17 15:15:57 - [TEST_STEP][PASSED] - setText(findTestObject("Object Repository/Page_cabi Order Items/input_gc_send_lname"), lastName): Text 'abc' is set on object 'Object Repository/Page_cabi Order Items/input_gc_send_lname'

2019-09-17 15:15:57 - [MESSAGE][PASSED] - Text 'abc' is set on object 'Object Repository/Page_cabi Order Items/input_gc_send_lname'

2019-09-17 15:15:57 - [TEST_STEP][PASSED] - setText(findTestObject("Object Repository/Page_cabi Order Items/input_gc_send_email"), email): Text 'guest1-test@test.com' is set on object 'Object Repository/Page_cabi Order Items/input_gc_send_email'

2019-09-17 15:15:57 - [MESSAGE][PASSED] - Text 'guest1-test@test.com' is set on object 'Object Repository/Page_cabi Order Items/input_gc_send_email'

2019-09-17 15:15:57 - [TEST_STEP][PASSED] - click(findTestObject("Object Repository/Page_cabi Order Items/a_submit")): Object: 'Object Repository/Page_cabi Order Items/a_submit' is clicked on

2019-09-17 15:15:57 - [MESSAGE][PASSED] - Object: 'Object Repository/Page_cabi Order Items/a_submit' is clicked on

2019-09-17 15:15:57 - [TEST_STEP][PASSED] - click(findTestObject("Object Repository/Page_cabi Order Items/a_checkout")): Object: 'Object Repository/Page_cabi Order Items/a_checkout' is clicked on

2019-09-17 15:15:57 - [MESSAGE][PASSED] - Object: 'Object Repository/Page_cabi Order Items/a_checkout' is clicked on

2019-09-17 15:15:57 - [TEST_STEP][PASSED] - delay(3): Delayed 3 second(s)

2019-09-17 15:16:00 - [MESSAGE][PASSED] - Delayed 3 second(s)

2019-09-17 15:16:00 - [TEST_STEP][PASSED] - click(findTestObject("Page_cabi Personal Store/nextButtonShipping")): Object: 'Object Repository/Page_cabi Personal Store/nextButtonShipping' is clicked on

2019-09-17 15:16:00 - [MESSAGE][PASSED] - Object: 'Object Repository/Page_cabi Personal Store/nextButtonShipping' is clicked on

2019-09-17 15:16:00 - [TEST_STEP][PASSED] - delay(3): Delayed 3 second(s)

2019-09-17 15:16:03 - [MESSAGE][PASSED] - Delayed 3 second(s)

2019-09-17 15:16:03 - [TEST_STEP][PASSED] - click(findTestObject("Page_cabi Personal Store/makeFirstPayment")): Object: 'Object Repository/Page_cabi Personal Store/makeFirstPayment' is clicked on

2019-09-17 15:16:03 - [MESSAGE][PASSED] - Object: 'Object Repository/Page_cabi Personal Store/makeFirstPayment' is clicked on

2019-09-17 15:16:03 - [TEST_STEP][PASSED] - click(findTestObject("Object Repository/Page_cabi Personal Store/select_cash")): Object: 'Object Repository/Page_cabi Personal Store/select_cash' is clicked on

2019-09-17 15:16:03 - [MESSAGE][PASSED] - Object: 'Object Repository/Page_cabi Personal Store/select_cash' is clicked on

2019-09-17 15:16:03 - [TEST_STEP][PASSED] - click(findTestObject("Page_cabi Personal Store/submitPayment")): Object: 'Object Repository/Page_cabi Personal Store/submitPayment' is clicked on

2019-09-17 15:16:03 - [MESSAGE][PASSED] - Object: 'Object Repository/Page_cabi Personal Store/submitPayment' is clicked on

2019-09-17 15:16:03 - [TEST_STEP][PASSED] - click(findTestObject("Page_cabi Personal Store/submitOrderId")): Object: 'Object Repository/Page_cabi Personal Store/submitOrderId' is clicked on

2019-09-17 15:16:06 - [MESSAGE][PASSED] - Object: 'Object Repository/Page_cabi Personal Store/submitOrderId' is clicked on

2019-09-17 15:16:06 - [TEST_STEP][PASSED] - successMsg = "": null

2019-09-17 15:16:06 - [TEST_STEP][PASSED] - orderSuccess = false: null

2019-09-17 15:16:06 - [TEST_STEP][PASSED] - successMsgs = findWebElements(findTestObject("Object Repository/Page_cabi Personal Store/p_success_msg"), 5): null

2019-09-17 15:16:06 - [TEST_STEP][PASSED] - if (successMsgs.size() > 0): Text of object 'Object Repository/Page_cabi Personal Store/p_order_id' is: 'RT708236002'

2019-09-17 15:16:06 - [TEST_STEP][PASSED] - successMsg = getText(findTestObject("Object Repository/Page_cabi Personal Store/p_success_msg")): Text of object 'Object Repository/Page_cabi Personal Store/p_success_msg' is: 'Order Created Successfully!!
Order #:  RT708236002

CONTINUE SHOPPING'

2019-09-17 15:16:06 - [MESSAGE][PASSED] - Text of object 'Object Repository/Page_cabi Personal Store/p_success_msg' is: 'Order Created Successfully!!
Order #:  RT708236002

CONTINUE SHOPPING'

2019-09-17 15:16:06 - [TEST_STEP][PASSED] - orderSuccess = true: null

2019-09-17 15:16:06 - [TEST_STEP][PASSED] - retailOrderID = getText(findTestObject("Object Repository/Page_cabi Personal Store/p_order_id")): Text of object 'Object Repository/Page_cabi Personal Store/p_order_id' is: 'RT708236002'

2019-09-17 15:16:06 - [MESSAGE][PASSED] - Text of object 'Object Repository/Page_cabi Personal Store/p_order_id' is: 'RT708236002'

2019-09-17 15:16:06 - [TEST_STEP][PASSED] - assert orderSuccess == true: null

2019-09-17 15:16:06 - [TEST_STEP][NOT_RUN] - closeBrowser(): NOT_RUN: closeBrowser()

2019-09-17 15:16:06 - [MESSAGE][NOT_RUN] - NOT_RUN: closeBrowser()

2019-09-17 15:16:06 - [MESSAGE][PASSED] - Call Test Case 'Test Cases/EditOrder/retailOrderBO' successfully

2019-09-17 15:16:06 - [TEST_STEP][PASSED] - delay(10): Delayed 10 second(s)

2019-09-17 15:16:16 - [MESSAGE][PASSED] - Delayed 10 second(s)

2019-09-17 15:16:16 - [TEST_STEP][PASSED] - callTestCase(findTestCase("TestCaseUtilities/rsLogin"), ["RSURL":"", "RSuser":"", "RSpass":""], STOP_ON_FAILURE): Call Test Case 'Test Cases/TestCaseUtilities/rsLogin' successfully

2019-09-17 15:16:16 - [TEST_CASE][PASSED] - Test Cases/TestCaseUtilities/rsLogin: Test Cases/TestCaseUtilities/rsLogin

2019-09-17 15:16:16 - [TEST_STEP][PASSED] - dataFile = "micrositeData": null

2019-09-17 15:16:16 - [TEST_STEP][PASSED] - guest1Mail = findTestData(dataFile).getValue("guest1Mail", 1): null

2019-09-17 15:16:16 - [TEST_STEP][PASSED] - guest1Pass = findTestData(dataFile).getValue("guest1Pass", 1): null

2019-09-17 15:16:17 - [TEST_STEP][PASSED] - RSTestEnvt = findTestData("envtData").getValue("RSTestEnvt", 1): null

2019-09-17 15:16:17 - [TEST_STEP][PASSED] - callTestCase(findTestCase("TestCaseUtilities/setVHost"), [:], STOP_ON_FAILURE): Call Test Case 'Test Cases/TestCaseUtilities/setVHost' successfully

2019-09-17 15:16:17 - [TEST_CASE][PASSED] - Test Cases/TestCaseUtilities/setVHost: Test Cases/TestCaseUtilities/setVHost

2019-09-17 15:16:17 - [TEST_STEP][PASSED] - ofbizURL = findTestData("envtData").getValue("ofbizURL", 1): null

2019-09-17 15:16:17 - [TEST_STEP][PASSED] - ofbizUser = findTestData("credData").getValue("ofbizuser", 1): null

2019-09-17 15:16:17 - [TEST_STEP][PASSED] - ofbizPass = findTestData("credData").getValue("ofbizpass", 1): null

2019-09-17 15:16:17 - [TEST_STEP][PASSED] - vhostTarget = findTestData("envtData").getValue("vhostTarget", 1): null

2019-09-17 15:16:17 - [TEST_STEP][PASSED] - navigateToUrl(ofbizURL): Navigate to 'https://pushofbiz.cliotest.com/login.php' successfully

2019-09-17 15:16:19 - [MESSAGE][PASSED] - Navigate to 'https://pushofbiz.cliotest.com/login.php' successfully

2019-09-17 15:16:19 - [TEST_STEP][PASSED] - setText(findTestObject("Object Repository/virualShowRSVPOR/Page_/input_Username_username"), ofbizUser): Text 'automation' is set on object 'Object Repository/virualShowRSVPOR/Page_/input_Username_username'

2019-09-17 15:16:19 - [MESSAGE][PASSED] - Text 'automation' is set on object 'Object Repository/virualShowRSVPOR/Page_/input_Username_username'

2019-09-17 15:16:19 - [TEST_STEP][PASSED] - setText(findTestObject("Object Repository/virualShowRSVPOR/Page_/input_Password_password"), ofbizPass): Text 'cabiautomation' is set on object 'Object Repository/virualShowRSVPOR/Page_/input_Password_password'

2019-09-17 15:16:19 - [MESSAGE][PASSED] - Text 'cabiautomation' is set on object 'Object Repository/virualShowRSVPOR/Page_/input_Password_password'

2019-09-17 15:16:19 - [TEST_STEP][PASSED] - click(findTestObject("Object Repository/virualShowRSVPOR/Page_/input_Password_Submit")): Object: 'Object Repository/virualShowRSVPOR/Page_/input_Password_Submit' is clicked on

2019-09-17 15:16:22 - [MESSAGE][PASSED] - Object: 'Object Repository/virualShowRSVPOR/Page_/input_Password_Submit' is clicked on

2019-09-17 15:16:23 - [TEST_STEP][PASSED] - click(findTestObject("Object Repository/virualShowRSVPOR/Page_/a_Set Vhost")): Object: 'Object Repository/virualShowRSVPOR/Page_/a_Set Vhost' is clicked on

2019-09-17 15:16:23 - [MESSAGE][PASSED] - Object: 'Object Repository/virualShowRSVPOR/Page_/a_Set Vhost' is clicked on

2019-09-17 15:16:23 - [TEST_STEP][PASSED] - click(UtilityMethods.createTestObject("select_target", "//select[@name='Target']/option[contains(text(), '", vhostTarget, "')]")): Object: 'select_target' is clicked on

2019-09-17 15:16:23 - [MESSAGE][PASSED] - Object: 'select_target' is clicked on

2019-09-17 15:16:23 - [TEST_STEP][PASSED] - click(findTestObject("Object Repository/virualShowRSVPOR/Page_/input")): Object: 'Object Repository/virualShowRSVPOR/Page_/input' is clicked on

2019-09-17 15:16:25 - [MESSAGE][PASSED] - Object: 'Object Repository/virualShowRSVPOR/Page_/input' is clicked on

2019-09-17 15:16:25 - [MESSAGE][PASSED] - Call Test Case 'Test Cases/TestCaseUtilities/setVHost' successfully

2019-09-17 15:16:25 - [TEST_STEP][PASSED] - loginURL = UtilityMethods.concat("https://mirandakate.", RSTestEnvt, ".com/?component=account.login-gateway"): null

2019-09-17 15:16:25 - [TEST_STEP][PASSED] - navigateToUrl(loginURL): Navigate to 'https://mirandakate.cabitest5.com/?component=account.login-gateway' successfully

2019-09-17 15:16:53 - [MESSAGE][PASSED] - Navigate to 'https://mirandakate.cabitest5.com/?component=account.login-gateway' successfully

2019-09-17 15:16:53 - [TEST_STEP][PASSED] - delay(3): Delayed 3 second(s)

2019-09-17 15:16:56 - [MESSAGE][PASSED] - Delayed 3 second(s)

2019-09-17 15:16:56 - [TEST_STEP][PASSED] - setText(findTestObject("Object Repository/virualShowRSVPOR/Page_Show microsite/input_Sign in  Create account_email"), guest1Mail): Text 'guest1-test@test.com' is set on object 'Object Repository/virualShowRSVPOR/Page_Show microsite/input_Sign in  Create account_email'

2019-09-17 15:16:57 - [MESSAGE][PASSED] - Text 'guest1-test@test.com' is set on object 'Object Repository/virualShowRSVPOR/Page_Show microsite/input_Sign in  Create account_email'

2019-09-17 15:16:57 - [TEST_STEP][PASSED] - click(findTestObject("Object Repository/virualShowRSVPOR/Page_Show microsite/button_Continue")): Object: 'Object Repository/virualShowRSVPOR/Page_Show microsite/button_Continue' is clicked on

2019-09-17 15:16:57 - [MESSAGE][PASSED] - Object: 'Object Repository/virualShowRSVPOR/Page_Show microsite/button_Continue' is clicked on

2019-09-17 15:16:57 - [TEST_STEP][PASSED] - setText(findTestObject("Object Repository/virualShowRSVPOR/Page_Show microsite/input_Welcome_password"), guest1Pass): Text 'blackdress19' is set on object 'Object Repository/virualShowRSVPOR/Page_Show microsite/input_Welcome_password'

2019-09-17 15:16:58 - [MESSAGE][PASSED] - Text 'blackdress19' is set on object 'Object Repository/virualShowRSVPOR/Page_Show microsite/input_Welcome_password'

2019-09-17 15:16:58 - [TEST_STEP][PASSED] - click(findTestObject("Object Repository/virualShowRSVPOR/Page_Show microsite/button_Continue_pass")): Object: 'Object Repository/virualShowRSVPOR/Page_Show microsite/button_Continue_pass' is clicked on

2019-09-17 15:16:58 - [MESSAGE][PASSED] - Object: 'Object Repository/virualShowRSVPOR/Page_Show microsite/button_Continue_pass' is clicked on

2019-09-17 15:16:58 - [TEST_STEP][PASSED] - delay(5): Delayed 5 second(s)

2019-09-17 15:17:03 - [MESSAGE][PASSED] - Delayed 5 second(s)

2019-09-17 15:17:03 - [TEST_STEP][PASSED] - if (verifyElementPresent(findTestObject("Object Repository/virualShowRSVPOR/Page_Show microsite/complete_my_profile_later"), 0)): Object: 'Object Repository/virualShowRSVPOR/Page_Show microsite/div_Ill complete my profile later' is clicked on

2019-09-17 15:17:03 - [MESSAGE][WARNING] - Timeout '0' is invalid. Using default page load timeout: '30'

2019-09-17 15:17:03 - [MESSAGE][PASSED] - Object 'Object Repository/virualShowRSVPOR/Page_Show microsite/complete_my_profile_later' is present

2019-09-17 15:17:03 - [TEST_STEP][PASSED] - click(findTestObject("Object Repository/virualShowRSVPOR/Page_Show microsite/div_Ill complete my profile later")): Object: 'Object Repository/virualShowRSVPOR/Page_Show microsite/div_Ill complete my profile later' is clicked on

2019-09-17 15:17:10 - [MESSAGE][PASSED] - Object: 'Object Repository/virualShowRSVPOR/Page_Show microsite/div_Ill complete my profile later' is clicked on

2019-09-17 15:17:10 - [MESSAGE][PASSED] - Call Test Case 'Test Cases/TestCaseUtilities/rsLogin' successfully

2019-09-17 15:17:10 - [TEST_STEP][PASSED] - callTestCase(findTestCase("EditOrder/rsOrderHistoryConfirm"), ["orderID":"", "editScenarioNumber":3], STOP_ON_FAILURE): Call Test Case 'Test Cases/EditOrder/rsOrderHistoryConfirm' successfully

2019-09-17 15:17:10 - [TEST_CASE][PASSED] - Test Cases/EditOrder/rsOrderHistoryConfirm: Test Cases/EditOrder/rsOrderHistoryConfirm

2019-09-17 15:17:10 - [TEST_STEP][PASSED] - driver = getWebDriver(): null

2019-09-17 15:17:10 - [TEST_STEP][PASSED] - executor = driver: null

2019-09-17 15:17:10 - [TEST_STEP][PASSED] - orderID = retailOrderID: null

2019-09-17 15:17:10 - [TEST_STEP][PASSED] - println(orderID): null

2019-09-17 15:17:10 - [TEST_STEP][PASSED] - xpath = UtilityMethods.concat("//span[contains(text(), '", orderID, "')]/parent::div/parent::div/div[@class='table-row-edit-order']//a"): null

2019-09-17 15:17:10 - [TEST_STEP][PASSED] - to = new com.kms.katalon.core.testobject.TestObject(a_link_dynamic): null

2019-09-17 15:17:10 - [TEST_STEP][PASSED] - to.addProperty("xpath", EQUALS, xpath): null

2019-09-17 15:17:10 - [TEST_STEP][PASSED] - click(findTestObject("ReplicatedSite/rs_Page_Trendy/i_Michigan_fa fa-caret-down")): Object: 'Object Repository/ReplicatedSite/rs_Page_Trendy/i_Michigan_fa fa-caret-down' is clicked on

2019-09-17 15:17:10 - [MESSAGE][PASSED] - Object: 'Object Repository/ReplicatedSite/rs_Page_Trendy/i_Michigan_fa fa-caret-down' is clicked on

2019-09-17 15:17:10 - [TEST_STEP][PASSED] - click(findTestObject("ReplicatedSite/rs_Page_Trendy/a_My Profile")): Object: 'Object Repository/ReplicatedSite/rs_Page_Trendy/a_My Profile' is clicked on

2019-09-17 15:17:15 - [MESSAGE][PASSED] - Object: 'Object Repository/ReplicatedSite/rs_Page_Trendy/a_My Profile' is clicked on

2019-09-17 15:17:15 - [TEST_STEP][PASSED] - click(findTestObject("Object Repository/ReplicatedSite/Page_Profile - Cabi Fall 2018 Collection/span_Order History")): Object: 'Object Repository/ReplicatedSite/Page_Profile - Cabi Fall 2018 Collection/span_Order History' is clicked on

2019-09-17 15:17:15 - [MESSAGE][PASSED] - Object: 'Object Repository/ReplicatedSite/Page_Profile - Cabi Fall 2018 Collection/span_Order History' is clicked on

2019-09-17 15:17:15 - [TEST_STEP][PASSED] - delay(5): Delayed 5 second(s)

2019-09-17 15:17:20 - [MESSAGE][PASSED] - Delayed 5 second(s)

2019-09-17 15:17:20 - [TEST_STEP][PASSED] - editButton = findWebElements(to, 1): null

2019-09-17 15:17:20 - [TEST_STEP][PASSED] - assert editButton.size() > 0: null

2019-09-17 15:17:20 - [TEST_STEP][PASSED] - if (editButton.size() > 0): Object: 'Object Repository/ReplicatedSite/button_accept_msg' is clicked on

2019-09-17 15:17:20 - [TEST_STEP][PASSED] - click(to): Object: 'a_link_dynamic' is clicked on

2019-09-17 15:17:20 - [MESSAGE][PASSED] - Object: 'a_link_dynamic' is clicked on

2019-09-17 15:17:20 - [TEST_STEP][PASSED] - delay(10): Delayed 10 second(s)

2019-09-17 15:17:30 - [MESSAGE][PASSED] - Delayed 10 second(s)

2019-09-17 15:17:30 - [TEST_STEP][PASSED] - if (editScenarioNumber == 1): null

2019-09-17 15:17:30 - [TEST_STEP][PASSED] - else if (editScenarioNumber == 3): Object: 'Object Repository/ReplicatedSite/button_accept_msg' is clicked on

2019-09-17 15:17:30 - [TEST_STEP][PASSED] - println("scen = 3"): null

2019-09-17 15:17:30 - [TEST_STEP][PASSED] - expectedNoEditMsg1 = "We're Sorry.": null

2019-09-17 15:17:30 - [TEST_STEP][PASSED] - expectedNoEditMsg2 = "Your order has gift card items and cannot be edited.": null

2019-09-17 15:17:30 - [TEST_STEP][PASSED] - actualNoEditMsg1 = getText(findTestObject("Object Repository/ReplicatedSite/div_no_edit_msg1")): Text of object 'Object Repository/ReplicatedSite/div_no_edit_msg1' is: 'We're Sorry.'

2019-09-17 15:17:30 - [MESSAGE][PASSED] - Text of object 'Object Repository/ReplicatedSite/div_no_edit_msg1' is: 'We're Sorry.'

2019-09-17 15:17:30 - [TEST_STEP][PASSED] - actualNoEditMsg2 = getText(findTestObject("Object Repository/ReplicatedSite/div_no_edit_msg2")): Text of object 'Object Repository/ReplicatedSite/div_no_edit_msg2' is: 'Your order has gift card items and cannot be edited.'

2019-09-17 15:17:30 - [MESSAGE][PASSED] - Text of object 'Object Repository/ReplicatedSite/div_no_edit_msg2' is: 'Your order has gift card items and cannot be edited.'

2019-09-17 15:17:30 - [TEST_STEP][PASSED] - assert actualNoEditMsg1.equalsIgnoreCase(expectedNoEditMsg1): null

2019-09-17 15:17:30 - [TEST_STEP][PASSED] - assert actualNoEditMsg2.equalsIgnoreCase(expectedNoEditMsg2): null

2019-09-17 15:17:30 - [TEST_STEP][PASSED] - click(findTestObject("Object Repository/ReplicatedSite/button_accept_msg")): Object: 'Object Repository/ReplicatedSite/button_accept_msg' is clicked on

2019-09-17 15:17:30 - [MESSAGE][PASSED] - Object: 'Object Repository/ReplicatedSite/button_accept_msg' is clicked on

2019-09-17 15:17:30 - [MESSAGE][PASSED] - Call Test Case 'Test Cases/EditOrder/rsOrderHistoryConfirm' successfully]]></system-out>
         <system-err><![CDATA[]]></system-err>
      </testcase>
      <testcase name="Test Cases/EditOrder-V/rsEditOrderPartialShip" classname="Test Cases/EditOrder-V/rsEditOrderPartialShip" status="PASSED">
         <system-out><![CDATA[2019-09-17 15:17:30 - [TEST_CASE][PASSED] - Test Cases/EditOrder-V/rsEditOrderPartialShip: Test Cases/EditOrder-V/rsEditOrderPartialShip

2019-09-17 15:17:30 - [TEST_STEP][PASSED] - Start listener action : sampleBeforeTestCase: null

2019-09-17 15:17:30 - [TEST_STEP][PASSED] - println(testCaseContext.getTestCaseId()): null

2019-09-17 15:17:30 - [TEST_STEP][PASSED] - println(testCaseContext.getTestCaseVariables()): null

2019-09-17 15:17:31 - [TEST_STEP][PASSED] - callTestCase(findTestCase("EditOrder/retailOrderBO"), ["editScenarioNumber":5], STOP_ON_FAILURE): Call Test Case 'Test Cases/EditOrder/retailOrderBO' successfully

2019-09-17 15:17:31 - [TEST_CASE][PASSED] - Test Cases/EditOrder/retailOrderBO: Test Cases/EditOrder/retailOrderBO

2019-09-17 15:17:31 - [TEST_STEP][PASSED] - openBrowser(""): Browser is opened with url: ''

2019-09-17 15:17:31 - [MESSAGE][WARNING] - A browser is already opened. Closing browser and opening a new one

2019-09-17 15:17:31 - [MESSAGE][INFO] - Starting 'Chrome' driver

2019-09-17 15:17:31 - [MESSAGE][INFO] - User set preference: ['args', '[--use-fake-ui-for-media-stream, --start-maximized]']

2019-09-17 15:17:34 - [MESSAGE][PASSED] - Browser is opened with url: ''

2019-09-17 15:17:34 - [TEST_STEP][PASSED] - callTestCase(findTestCase("TestCaseUtilities/backOfficeLogin"), ["BOURL":"", "BOuser":"", "BOpass":""], STOP_ON_FAILURE): Call Test Case 'Test Cases/TestCaseUtilities/backOfficeLogin' successfully

2019-09-17 15:17:34 - [TEST_CASE][PASSED] - Test Cases/TestCaseUtilities/backOfficeLogin: Test Cases/TestCaseUtilities/backOfficeLogin

2019-09-17 15:17:34 - [TEST_STEP][PASSED] - BOURL = findTestData("envtData").getValue("BOURL", 1): null

2019-09-17 15:17:34 - [TEST_STEP][PASSED] - BOuser = findTestData("credData").getValue("BOuser", 1): null

2019-09-17 15:17:34 - [TEST_STEP][PASSED] - BOpass = findTestData("credData").getValue("BOpass", 1): null

2019-09-17 15:17:34 - [TEST_STEP][PASSED] - openBrowser(""): Browser is opened with url: ''

2019-09-17 15:17:34 - [MESSAGE][WARNING] - A browser is already opened. Closing browser and opening a new one

2019-09-17 15:17:34 - [MESSAGE][INFO] - Starting 'Chrome' driver

2019-09-17 15:17:34 - [MESSAGE][INFO] - User set preference: ['args', '[--use-fake-ui-for-media-stream, --start-maximized]']

2019-09-17 15:17:36 - [MESSAGE][PASSED] - Browser is opened with url: ''

2019-09-17 15:17:36 - [TEST_STEP][PASSED] - navigateToUrl(BOURL): Navigate to 'https://test18.cliotest.com/backoffice/control/main' successfully

2019-09-17 15:17:44 - [MESSAGE][PASSED] - Navigate to 'https://test18.cliotest.com/backoffice/control/main' successfully

2019-09-17 15:17:44 - [TEST_STEP][PASSED] - logOut = findWebElements(findTestObject("Object Repository/Page_cabi Home/log_out"), 1): Unable to find the element located by 'By.xpath: //a[contains(text(),'Log Out')]'. Please recheck the objects properties to make sure the desired element is located. 

2019-09-17 15:17:45 - [MESSAGE][INFO] - Unable to find the element located by 'By.xpath: //a[contains(text(),'Log Out')]'. Please recheck the objects properties to make sure the desired element is located. 

2019-09-17 15:17:45 - [TEST_STEP][PASSED] - if (logOut.size() == 0): Object: 'Object Repository/Page_cabi/input_Welcome to_consultantLogin' is clicked on

2019-09-17 15:17:45 - [TEST_STEP][PASSED] - setText(findTestObject("Page_cabi/input_Welcome to_USERNAME"), BOuser): Text '400000002' is set on object 'Object Repository/Page_cabi/input_Welcome to_USERNAME'

2019-09-17 15:17:45 - [MESSAGE][PASSED] - Text '400000002' is set on object 'Object Repository/Page_cabi/input_Welcome to_USERNAME'

2019-09-17 15:17:45 - [TEST_STEP][PASSED] - setText(findTestObject("Object Repository/Page_cabi/input_Welcome to_PASSWORD"), BOpass): Text 'blackdress19' is set on object 'Object Repository/Page_cabi/input_Welcome to_PASSWORD'

2019-09-17 15:17:45 - [MESSAGE][PASSED] - Text 'blackdress19' is set on object 'Object Repository/Page_cabi/input_Welcome to_PASSWORD'

2019-09-17 15:17:45 - [TEST_STEP][PASSED] - click(findTestObject("Object Repository/Page_cabi/input_Welcome to_consultantLogin")): Object: 'Object Repository/Page_cabi/input_Welcome to_consultantLogin' is clicked on

2019-09-17 15:17:53 - [MESSAGE][PASSED] - Object: 'Object Repository/Page_cabi/input_Welcome to_consultantLogin' is clicked on

2019-09-17 15:17:53 - [TEST_STEP][PASSED] - delay(3): Delayed 3 second(s)

2019-09-17 15:17:56 - [MESSAGE][PASSED] - Delayed 3 second(s)

2019-09-17 15:17:56 - [MESSAGE][PASSED] - Call Test Case 'Test Cases/TestCaseUtilities/backOfficeLogin' successfully

2019-09-17 15:17:56 - [TEST_STEP][PASSED] - click(findTestObject("Object Repository/Page_cabi Home/a_Shows  Orders")): Object: 'Object Repository/Page_cabi Home/a_Shows  Orders' is clicked on

2019-09-17 15:17:56 - [MESSAGE][PASSED] - Object: 'Object Repository/Page_cabi Home/a_Shows  Orders' is clicked on

2019-09-17 15:17:56 - [TEST_STEP][PASSED] - delay(1): Delayed 1 second(s)

2019-09-17 15:17:57 - [MESSAGE][PASSED] - Delayed 1 second(s)

2019-09-17 15:17:57 - [TEST_STEP][PASSED] - click(findTestObject("Page_cabi Home/a_Shows  Orders")): Object: 'Object Repository/Page_cabi Home/a_Shows  Orders' is clicked on

2019-09-17 15:17:57 - [MESSAGE][PASSED] - Object: 'Object Repository/Page_cabi Home/a_Shows  Orders' is clicked on

2019-09-17 15:17:57 - [TEST_STEP][PASSED] - click(findTestObject("Page_cabi Home/a_retail_purchases")): Object: 'Object Repository/Page_cabi Home/a_retail_purchases' is clicked on

2019-09-17 15:18:01 - [MESSAGE][PASSED] - Object: 'Object Repository/Page_cabi Home/a_retail_purchases' is clicked on

2019-09-17 15:18:01 - [TEST_STEP][PASSED] - delay(3): Delayed 3 second(s)

2019-09-17 15:18:04 - [MESSAGE][PASSED] - Delayed 3 second(s)

2019-09-17 15:18:04 - [TEST_STEP][PASSED] - click(findTestObject("Object Repository/Page_cabi Home/existingCustomer")): Object: 'Object Repository/Page_cabi Home/existingCustomer' is clicked on

2019-09-17 15:18:04 - [MESSAGE][PASSED] - Object: 'Object Repository/Page_cabi Home/existingCustomer' is clicked on

2019-09-17 15:18:04 - [TEST_STEP][PASSED] - contactNumber = 3: null

2019-09-17 15:18:04 - [TEST_STEP][PASSED] - firstName = findTestData("contactData").getValue("firstName", contactNumber): null

2019-09-17 15:18:04 - [TEST_STEP][PASSED] - lastName = findTestData("contactData").getValue("lastName", contactNumber): null

2019-09-17 15:18:04 - [TEST_STEP][PASSED] - email = findTestData("contactData").getValue("email", contactNumber): null

2019-09-17 15:18:04 - [TEST_STEP][PASSED] - address1 = findTestData("contactData").getValue("address1", contactNumber): null

2019-09-17 15:18:04 - [TEST_STEP][PASSED] - city = findTestData("contactData").getValue("city", contactNumber): null

2019-09-17 15:18:04 - [TEST_STEP][PASSED] - state = findTestData("contactData").getValue("state", contactNumber): null

2019-09-17 15:18:04 - [TEST_STEP][PASSED] - zip = findTestData("contactData").getValue("zip", contactNumber): null

2019-09-17 15:18:04 - [TEST_STEP][PASSED] - existingCustFName = firstName: null

2019-09-17 15:18:04 - [TEST_STEP][PASSED] - existingCustLName = lastName: null

2019-09-17 15:18:04 - [TEST_STEP][PASSED] - space = " ": null

2019-09-17 15:18:04 - [TEST_STEP][PASSED] - existingCust = $existingCustFName$space$existingCustLName: null

2019-09-17 15:18:04 - [TEST_STEP][PASSED] - setText(findTestObject("Object Repository/Page_cabi Home/input_existing_guest"), existingCust): Text 'guest1-test abc' is set on object 'Object Repository/Page_cabi Home/input_existing_guest'

2019-09-17 15:18:04 - [MESSAGE][PASSED] - Text 'guest1-test abc' is set on object 'Object Repository/Page_cabi Home/input_existing_guest'

2019-09-17 15:18:04 - [TEST_STEP][PASSED] - delay(2): Delayed 2 second(s)

2019-09-17 15:18:06 - [MESSAGE][PASSED] - Delayed 2 second(s)

2019-09-17 15:18:06 - [TEST_STEP][PASSED] - sendKeys(findTestObject("Object Repository/Page_cabi Home/input_existing_guest"), Keys.chord(ARROW_DOWN)): Keys 'DOWN + ' sent to object: 'Object Repository/Page_cabi Home/input_existing_guest'

2019-09-17 15:18:07 - [MESSAGE][PASSED] - Keys 'DOWN + ' sent to object: 'Object Repository/Page_cabi Home/input_existing_guest'

2019-09-17 15:18:07 - [TEST_STEP][PASSED] - sendKeys(findTestObject("Object Repository/Page_cabi Home/input_existing_guest"), Keys.chord(ENTER)): Keys 'ENTER + ' sent to object: 'Object Repository/Page_cabi Home/input_existing_guest'

2019-09-17 15:18:07 - [MESSAGE][PASSED] - Keys 'ENTER + ' sent to object: 'Object Repository/Page_cabi Home/input_existing_guest'

2019-09-17 15:18:07 - [TEST_STEP][PASSED] - setText(findTestObject("Object Repository/Page_cabi Retail Store/input_email"), email): Text 'guest1-test@test.com' is set on object 'Object Repository/Page_cabi Retail Store/input_email'

2019-09-17 15:18:08 - [MESSAGE][PASSED] - Text 'guest1-test@test.com' is set on object 'Object Repository/Page_cabi Retail Store/input_email'

2019-09-17 15:18:08 - [TEST_STEP][PASSED] - setText(findTestObject("Object Repository/Page_cabi Edit Customer Profile/input_Address1_address1"), address1): Text '975 BRAHMS CT' is set on object 'Object Repository/Page_cabi Edit Customer Profile/input_Address1_address1'

2019-09-17 15:18:08 - [MESSAGE][PASSED] - Text '975 BRAHMS CT' is set on object 'Object Repository/Page_cabi Edit Customer Profile/input_Address1_address1'

2019-09-17 15:18:08 - [TEST_STEP][PASSED] - setText(findTestObject("Object Repository/Page_cabi Edit Customer Profile/input_Address2_address2"), ""): Text '' is set on object 'Object Repository/Page_cabi Edit Customer Profile/input_Address2_address2'

2019-09-17 15:18:08 - [MESSAGE][PASSED] - Text '' is set on object 'Object Repository/Page_cabi Edit Customer Profile/input_Address2_address2'

2019-09-17 15:18:08 - [TEST_STEP][PASSED] - setText(findTestObject("Object Repository/Page_cabi Edit Customer Profile/input_City_city"), city): Text 'TROY' is set on object 'Object Repository/Page_cabi Edit Customer Profile/input_City_city'

2019-09-17 15:18:08 - [MESSAGE][PASSED] - Text 'TROY' is set on object 'Object Repository/Page_cabi Edit Customer Profile/input_City_city'

2019-09-17 15:18:08 - [TEST_STEP][PASSED] - click(findTestObject("Page_cabi Edit Customer Profile/span_select_a_state")): Object: 'Object Repository/Page_cabi Edit Customer Profile/span_select_a_state' is clicked on

2019-09-17 15:18:08 - [MESSAGE][PASSED] - Object: 'Object Repository/Page_cabi Edit Customer Profile/span_select_a_state' is clicked on

2019-09-17 15:18:08 - [TEST_STEP][PASSED] - delay(1): Delayed 1 second(s)

2019-09-17 15:18:09 - [MESSAGE][PASSED] - Delayed 1 second(s)

2019-09-17 15:18:09 - [TEST_STEP][PASSED] - setText(findTestObject("Page_cabi Edit Customer Profile/input_state_postalCode"), zip): Text '48085' is set on object 'Object Repository/Page_cabi Edit Customer Profile/input_state_postalCode'

2019-09-17 15:18:09 - [MESSAGE][PASSED] - Text '48085' is set on object 'Object Repository/Page_cabi Edit Customer Profile/input_state_postalCode'

2019-09-17 15:18:09 - [TEST_STEP][PASSED] - delay(5): Delayed 5 second(s)

2019-09-17 15:18:14 - [MESSAGE][PASSED] - Delayed 5 second(s)

2019-09-17 15:18:14 - [TEST_STEP][PASSED] - check(findTestObject("Object Repository/Page_cabi Home/a_same_shipping_address")): Object 'Object Repository/Page_cabi Home/a_same_shipping_address' is checked

2019-09-17 15:18:14 - [MESSAGE][PASSED] - Object 'Object Repository/Page_cabi Home/a_same_shipping_address' is checked

2019-09-17 15:18:14 - [TEST_STEP][PASSED] - delay(5): Delayed 5 second(s)

2019-09-17 15:18:19 - [MESSAGE][PASSED] - Delayed 5 second(s)

2019-09-17 15:18:19 - [TEST_STEP][PASSED] - check(findTestObject("Object Repository/Page_cabi Home/a_same_shipping_address")): Object 'Object Repository/Page_cabi Home/a_same_shipping_address' is checked

2019-09-17 15:18:19 - [MESSAGE][PASSED] - Object 'Object Repository/Page_cabi Home/a_same_shipping_address' is checked

2019-09-17 15:18:19 - [TEST_STEP][PASSED] - delay(5): Delayed 5 second(s)

2019-09-17 15:18:24 - [MESSAGE][PASSED] - Delayed 5 second(s)

2019-09-17 15:18:24 - [TEST_STEP][PASSED] - driver = getWebDriver(): null

2019-09-17 15:18:24 - [TEST_STEP][PASSED] - executor = driver: null

2019-09-17 15:18:24 - [TEST_STEP][PASSED] - executor.executeScript("arguments[0].click();", findWebElement(findTestObject("Object Repository/Page_cabi Home/a_order_items"), 5)): null

2019-09-17 15:18:25 - [TEST_STEP][PASSED] - delay(3): Delayed 3 second(s)

2019-09-17 15:18:28 - [MESSAGE][PASSED] - Delayed 3 second(s)

2019-09-17 15:18:28 - [TEST_STEP][PASSED] - click(findTestObject("Object Repository/Page_cabi Retail Store/span_quick_entry")): Object: 'Object Repository/Page_cabi Retail Store/span_quick_entry' is clicked on

2019-09-17 15:18:32 - [MESSAGE][PASSED] - Object: 'Object Repository/Page_cabi Retail Store/span_quick_entry' is clicked on

2019-09-17 15:18:32 - [TEST_STEP][PASSED] - delay(3): Delayed 3 second(s)

2019-09-17 15:18:35 - [MESSAGE][PASSED] - Delayed 3 second(s)

2019-09-17 15:18:35 - [TEST_STEP][PASSED] - emptyCart = findWebElements(findTestObject("Object Repository/Page_cabi Personal Store/removeFromCart"), 5): Unable to find the element located by 'By.xpath: //*[@id="removeFromCart_0"]/span'. Please recheck the objects properties to make sure the desired element is located. 

2019-09-17 15:18:40 - [MESSAGE][INFO] - Unable to find the element located by 'By.xpath: //*[@id="removeFromCart_0"]/span'. Please recheck the objects properties to make sure the desired element is located. 

2019-09-17 15:18:40 - [TEST_STEP][PASSED] - if (emptyCart.size() > 0): null

2019-09-17 15:18:40 - [TEST_STEP][PASSED] - addOnStyle = findTestData("miscData").getValue("addOnStyle", 1): null

2019-09-17 15:18:40 - [TEST_STEP][PASSED] - addOnStyle2 = findTestData("miscData").getValue("addOnStyle", 2): null

2019-09-17 15:18:40 - [TEST_STEP][PASSED] - setText(findTestObject("Object Repository/Page_cabi Create Order/input_Manual Discount_stylelookup_0"), addOnStyle): Text '3701' is set on object 'Object Repository/Page_cabi Create Order/input_Manual Discount_stylelookup_0'

2019-09-17 15:18:40 - [MESSAGE][PASSED] - Text '3701' is set on object 'Object Repository/Page_cabi Create Order/input_Manual Discount_stylelookup_0'

2019-09-17 15:18:40 - [TEST_STEP][PASSED] - delay(2): Delayed 2 second(s)

2019-09-17 15:18:42 - [MESSAGE][PASSED] - Delayed 2 second(s)

2019-09-17 15:18:42 - [TEST_STEP][PASSED] - sendKeys(findTestObject("Object Repository/Page_cabi Create Order/input_Manual Discount_stylelookup_0"), Keys.chord(ARROW_DOWN)): Keys 'DOWN + ' sent to object: 'Object Repository/Page_cabi Create Order/input_Manual Discount_stylelookup_0'

2019-09-17 15:18:42 - [MESSAGE][PASSED] - Keys 'DOWN + ' sent to object: 'Object Repository/Page_cabi Create Order/input_Manual Discount_stylelookup_0'

2019-09-17 15:18:42 - [TEST_STEP][PASSED] - delay(2): Delayed 2 second(s)

2019-09-17 15:18:44 - [MESSAGE][PASSED] - Delayed 2 second(s)

2019-09-17 15:18:44 - [TEST_STEP][PASSED] - sendKeys(findTestObject("Object Repository/Page_cabi Create Order/input_Manual Discount_stylelookup_0"), Keys.chord(ARROW_DOWN)): Keys 'DOWN + ' sent to object: 'Object Repository/Page_cabi Create Order/input_Manual Discount_stylelookup_0'

2019-09-17 15:18:44 - [MESSAGE][PASSED] - Keys 'DOWN + ' sent to object: 'Object Repository/Page_cabi Create Order/input_Manual Discount_stylelookup_0'

2019-09-17 15:18:44 - [TEST_STEP][PASSED] - sendKeys(findTestObject("Object Repository/Page_cabi Create Order/input_Manual Discount_stylelookup_0"), Keys.chord(ENTER)): Keys 'ENTER + ' sent to object: 'Object Repository/Page_cabi Create Order/input_Manual Discount_stylelookup_0'

2019-09-17 15:18:44 - [MESSAGE][PASSED] - Keys 'ENTER + ' sent to object: 'Object Repository/Page_cabi Create Order/input_Manual Discount_stylelookup_0'

2019-09-17 15:18:44 - [TEST_STEP][PASSED] - delay(5): Delayed 5 second(s)

2019-09-17 15:18:49 - [MESSAGE][PASSED] - Delayed 5 second(s)

2019-09-17 15:18:49 - [TEST_STEP][PASSED] - click(findTestObject("Object Repository/Page_cabi Order Items/selectSize")): Object: 'Object Repository/Page_cabi Order Items/selectSize' is clicked on

2019-09-17 15:18:49 - [MESSAGE][PASSED] - Object: 'Object Repository/Page_cabi Order Items/selectSize' is clicked on

2019-09-17 15:18:49 - [TEST_STEP][PASSED] - delay(3): Delayed 3 second(s)

2019-09-17 15:18:52 - [MESSAGE][PASSED] - Delayed 3 second(s)

2019-09-17 15:18:52 - [TEST_STEP][PASSED] - click(findTestObject("Object Repository/Page_cabi Order Items/span_Add to Cart")): Object: 'Object Repository/Page_cabi Order Items/span_Add to Cart' is clicked on

2019-09-17 15:18:52 - [MESSAGE][PASSED] - Object: 'Object Repository/Page_cabi Order Items/span_Add to Cart' is clicked on

2019-09-17 15:18:52 - [TEST_STEP][PASSED] - delay(5): Delayed 5 second(s)

2019-09-17 15:18:57 - [MESSAGE][PASSED] - Delayed 5 second(s)

2019-09-17 15:18:57 - [TEST_STEP][PASSED] - click(findTestObject("Object Repository/Page_cabi Create Order/inputStyleLookup1")): Object: 'Object Repository/Page_cabi Create Order/inputStyleLookup1' is clicked on

2019-09-17 15:18:57 - [MESSAGE][PASSED] - Object: 'Object Repository/Page_cabi Create Order/inputStyleLookup1' is clicked on

2019-09-17 15:18:57 - [TEST_STEP][PASSED] - setText(findTestObject("Object Repository/Page_cabi Create Order/inputStyleLookup1"), addOnStyle2): Text '3703' is set on object 'Object Repository/Page_cabi Create Order/inputStyleLookup1'

2019-09-17 15:18:58 - [MESSAGE][PASSED] - Text '3703' is set on object 'Object Repository/Page_cabi Create Order/inputStyleLookup1'

2019-09-17 15:18:58 - [TEST_STEP][PASSED] - delay(3): Delayed 3 second(s)

2019-09-17 15:19:01 - [MESSAGE][PASSED] - Delayed 3 second(s)

2019-09-17 15:19:01 - [TEST_STEP][PASSED] - prod_message2 = getText(findTestObject("Page_cabi Create Order/first_option")): Text of object 'Object Repository/Page_cabi Create Order/first_option' is: '3703 Turn Back Cardigan'

2019-09-17 15:19:01 - [MESSAGE][PASSED] - Text of object 'Object Repository/Page_cabi Create Order/first_option' is: '3703 Turn Back Cardigan'

2019-09-17 15:19:01 - [TEST_STEP][PASSED] - click(findTestObject("Page_cabi Create Order/first_option")): Object: 'Object Repository/Page_cabi Create Order/first_option' is clicked on

2019-09-17 15:19:01 - [MESSAGE][PASSED] - Object: 'Object Repository/Page_cabi Create Order/first_option' is clicked on

2019-09-17 15:19:01 - [TEST_STEP][PASSED] - delay(5): Delayed 5 second(s)

2019-09-17 15:19:06 - [MESSAGE][PASSED] - Delayed 5 second(s)

2019-09-17 15:19:06 - [TEST_STEP][PASSED] - click(findTestObject("Object Repository/Page_cabi Order Items/selectSize2")): Object: 'Object Repository/Page_cabi Order Items/selectSize2' is clicked on

2019-09-17 15:19:06 - [MESSAGE][PASSED] - Object: 'Object Repository/Page_cabi Order Items/selectSize2' is clicked on

2019-09-17 15:19:06 - [TEST_STEP][PASSED] - delay(3): Delayed 3 second(s)

2019-09-17 15:19:09 - [MESSAGE][PASSED] - Delayed 3 second(s)

2019-09-17 15:19:09 - [TEST_STEP][PASSED] - click(findTestObject("Object Repository/Page_cabi Order Items/addToCart2")): Object: 'Object Repository/Page_cabi Order Items/addToCart2' is clicked on

2019-09-17 15:19:09 - [MESSAGE][PASSED] - Object: 'Object Repository/Page_cabi Order Items/addToCart2' is clicked on

2019-09-17 15:19:09 - [TEST_STEP][PASSED] - delay(5): Delayed 5 second(s)

2019-09-17 15:19:14 - [MESSAGE][PASSED] - Delayed 5 second(s)

2019-09-17 15:19:14 - [TEST_STEP][PASSED] - if (editScenarioNumber == 1): null

2019-09-17 15:19:14 - [TEST_STEP][PASSED] - else if (editScenarioNumber == 2): null

2019-09-17 15:19:14 - [TEST_STEP][PASSED] - else if (editScenarioNumber == 3): null

2019-09-17 15:19:14 - [TEST_STEP][PASSED] - else if (editScenarioNumber == 4): null

2019-09-17 15:19:14 - [TEST_STEP][PASSED] - else if (editScenarioNumber == 5): null

2019-09-17 15:19:14 - [TEST_STEP][PASSED] - click(findTestObject("Object Repository/Page_cabi Order Items/a_checkout")): Object: 'Object Repository/Page_cabi Order Items/a_checkout' is clicked on

2019-09-17 15:19:15 - [MESSAGE][PASSED] - Object: 'Object Repository/Page_cabi Order Items/a_checkout' is clicked on

2019-09-17 15:19:16 - [TEST_STEP][PASSED] - delay(3): Delayed 3 second(s)

2019-09-17 15:19:19 - [MESSAGE][PASSED] - Delayed 3 second(s)

2019-09-17 15:19:19 - [TEST_STEP][PASSED] - click(findTestObject("Page_cabi Personal Store/nextButtonShipping")): Object: 'Object Repository/Page_cabi Personal Store/nextButtonShipping' is clicked on

2019-09-17 15:19:19 - [MESSAGE][PASSED] - Object: 'Object Repository/Page_cabi Personal Store/nextButtonShipping' is clicked on

2019-09-17 15:19:19 - [TEST_STEP][PASSED] - delay(3): Delayed 3 second(s)

2019-09-17 15:19:22 - [MESSAGE][PASSED] - Delayed 3 second(s)

2019-09-17 15:19:22 - [TEST_STEP][PASSED] - click(findTestObject("Page_cabi Personal Store/makeFirstPayment")): Object: 'Object Repository/Page_cabi Personal Store/makeFirstPayment' is clicked on

2019-09-17 15:19:22 - [MESSAGE][PASSED] - Object: 'Object Repository/Page_cabi Personal Store/makeFirstPayment' is clicked on

2019-09-17 15:19:22 - [TEST_STEP][PASSED] - click(findTestObject("Object Repository/Page_cabi Personal Store/select_cash")): Object: 'Object Repository/Page_cabi Personal Store/select_cash' is clicked on

2019-09-17 15:19:22 - [MESSAGE][PASSED] - Object: 'Object Repository/Page_cabi Personal Store/select_cash' is clicked on

2019-09-17 15:19:22 - [TEST_STEP][PASSED] - click(findTestObject("Page_cabi Personal Store/submitPayment")): Object: 'Object Repository/Page_cabi Personal Store/submitPayment' is clicked on

2019-09-17 15:19:22 - [MESSAGE][PASSED] - Object: 'Object Repository/Page_cabi Personal Store/submitPayment' is clicked on

2019-09-17 15:19:22 - [TEST_STEP][PASSED] - click(findTestObject("Page_cabi Personal Store/submitOrderId")): Object: 'Object Repository/Page_cabi Personal Store/submitOrderId' is clicked on

2019-09-17 15:19:25 - [MESSAGE][PASSED] - Object: 'Object Repository/Page_cabi Personal Store/submitOrderId' is clicked on

2019-09-17 15:19:25 - [TEST_STEP][PASSED] - successMsg = "": null

2019-09-17 15:19:25 - [TEST_STEP][PASSED] - orderSuccess = false: null

2019-09-17 15:19:25 - [TEST_STEP][PASSED] - successMsgs = findWebElements(findTestObject("Object Repository/Page_cabi Personal Store/p_success_msg"), 5): null

2019-09-17 15:19:25 - [TEST_STEP][PASSED] - if (successMsgs.size() > 0): Text of object 'Object Repository/Page_cabi Personal Store/p_order_id' is: 'RT708236003'

2019-09-17 15:19:25 - [TEST_STEP][PASSED] - successMsg = getText(findTestObject("Object Repository/Page_cabi Personal Store/p_success_msg")): Text of object 'Object Repository/Page_cabi Personal Store/p_success_msg' is: 'Order Created Successfully!!
Order #:  RT708236003

CONTINUE SHOPPING'

2019-09-17 15:19:25 - [MESSAGE][PASSED] - Text of object 'Object Repository/Page_cabi Personal Store/p_success_msg' is: 'Order Created Successfully!!
Order #:  RT708236003

CONTINUE SHOPPING'

2019-09-17 15:19:25 - [TEST_STEP][PASSED] - orderSuccess = true: null

2019-09-17 15:19:25 - [TEST_STEP][PASSED] - retailOrderID = getText(findTestObject("Object Repository/Page_cabi Personal Store/p_order_id")): Text of object 'Object Repository/Page_cabi Personal Store/p_order_id' is: 'RT708236003'

2019-09-17 15:19:25 - [MESSAGE][PASSED] - Text of object 'Object Repository/Page_cabi Personal Store/p_order_id' is: 'RT708236003'

2019-09-17 15:19:25 - [TEST_STEP][PASSED] - assert orderSuccess == true: null

2019-09-17 15:19:25 - [TEST_STEP][NOT_RUN] - closeBrowser(): NOT_RUN: closeBrowser()

2019-09-17 15:19:25 - [MESSAGE][NOT_RUN] - NOT_RUN: closeBrowser()

2019-09-17 15:19:25 - [MESSAGE][PASSED] - Call Test Case 'Test Cases/EditOrder/retailOrderBO' successfully

2019-09-17 15:19:25 - [TEST_STEP][PASSED] - delay(10): Delayed 10 second(s)

2019-09-17 15:19:35 - [MESSAGE][PASSED] - Delayed 10 second(s)

2019-09-17 15:19:35 - [TEST_STEP][PASSED] - callTestCase(findTestCase("NewArrival/warehouseShipping"), ["orderId":retailOrderID], STOP_ON_FAILURE): Call Test Case 'Test Cases/NewArrival/warehouseShipping' successfully

2019-09-17 15:19:35 - [TEST_CASE][PASSED] - Test Cases/NewArrival/warehouseShipping: Test Cases/NewArrival/warehouseShipping

2019-09-17 15:19:35 - [TEST_STEP][PASSED] - callTestCase(findTestCase("TestCaseUtilities/cabiWarehouseLogin"), ["CWURL":"", "CWuser":"", "CWpass":""], CONTINUE_ON_FAILURE): Call Test Case 'Test Cases/TestCaseUtilities/cabiWarehouseLogin' successfully

2019-09-17 15:19:35 - [TEST_CASE][PASSED] - Test Cases/TestCaseUtilities/cabiWarehouseLogin: Test Cases/TestCaseUtilities/cabiWarehouseLogin

2019-09-17 15:19:35 - [TEST_STEP][PASSED] - CWURL = findTestData("envtData").getValue("CWURL", 1): null

2019-09-17 15:19:35 - [TEST_STEP][PASSED] - CWuser = findTestData("credData").getValue("CWuser", 1): null

2019-09-17 15:19:35 - [TEST_STEP][PASSED] - CWpass = findTestData("credData").getValue("CWpass", 1): null

2019-09-17 15:19:35 - [TEST_STEP][PASSED] - openBrowser(""): Browser is opened with url: ''

2019-09-17 15:19:35 - [MESSAGE][WARNING] - A browser is already opened. Closing browser and opening a new one

2019-09-17 15:19:36 - [MESSAGE][INFO] - Starting 'Chrome' driver

2019-09-17 15:19:36 - [MESSAGE][INFO] - User set preference: ['args', '[--use-fake-ui-for-media-stream, --start-maximized]']

2019-09-17 15:19:38 - [MESSAGE][PASSED] - Browser is opened with url: ''

2019-09-17 15:19:38 - [TEST_STEP][PASSED] - navigateToUrl(CWURL): Navigate to 'https://test18.cliotest.com/warehouse/control/main' successfully

2019-09-17 15:19:45 - [MESSAGE][PASSED] - Navigate to 'https://test18.cliotest.com/warehouse/control/main' successfully

2019-09-17 15:19:45 - [TEST_STEP][PASSED] - logOut = findWebElements(findTestObject("Object Repository/Cabi warehouse/Page_cabi_home/log_out"), 1): Unable to find the element located by 'By.xpath: //li/a[contains(text(), 'Log Out »')]'. Please recheck the objects properties to make sure the desired element is located. 

2019-09-17 15:19:46 - [MESSAGE][INFO] - Unable to find the element located by 'By.xpath: //li/a[contains(text(), 'Log Out »')]'. Please recheck the objects properties to make sure the desired element is located. 

2019-09-17 15:19:46 - [TEST_STEP][PASSED] - if (logOut.size() == 0): Object: 'Object Repository/Cabi warehouse/Page_cabi/input_Password_section-btn btn-stl-pk rFloat' is clicked on

2019-09-17 15:19:46 - [TEST_STEP][PASSED] - setText(findTestObject("Object Repository/Cabi warehouse/Page_cabi/input_Username_USERNAME"), CWuser): Text 'rsuarez' is set on object 'Object Repository/Cabi warehouse/Page_cabi/input_Username_USERNAME'

2019-09-17 15:19:46 - [MESSAGE][PASSED] - Text 'rsuarez' is set on object 'Object Repository/Cabi warehouse/Page_cabi/input_Username_USERNAME'

2019-09-17 15:19:46 - [TEST_STEP][PASSED] - setText(findTestObject("Object Repository/Cabi warehouse/Page_cabi/input_Password_PASSWORD"), CWpass): Text 'blackdress19' is set on object 'Object Repository/Cabi warehouse/Page_cabi/input_Password_PASSWORD'

2019-09-17 15:19:47 - [MESSAGE][PASSED] - Text 'blackdress19' is set on object 'Object Repository/Cabi warehouse/Page_cabi/input_Password_PASSWORD'

2019-09-17 15:19:47 - [TEST_STEP][PASSED] - click(findTestObject("Object Repository/Cabi warehouse/Page_cabi/input_Password_section-btn btn-stl-pk rFloat")): Object: 'Object Repository/Cabi warehouse/Page_cabi/input_Password_section-btn btn-stl-pk rFloat' is clicked on

2019-09-17 15:19:50 - [MESSAGE][PASSED] - Object: 'Object Repository/Cabi warehouse/Page_cabi/input_Password_section-btn btn-stl-pk rFloat' is clicked on

2019-09-17 15:19:50 - [TEST_STEP][PASSED] - delay(3): Delayed 3 second(s)

2019-09-17 15:19:53 - [MESSAGE][PASSED] - Delayed 3 second(s)

2019-09-17 15:19:53 - [MESSAGE][PASSED] - Call Test Case 'Test Cases/TestCaseUtilities/cabiWarehouseLogin' successfully

2019-09-17 15:19:53 - [TEST_STEP][PASSED] - click(findTestObject("Page_cabi Manage PickLists/a_Create PickLists")): Object: 'Object Repository/Page_cabi Manage PickLists/a_Create PickLists' is clicked on

2019-09-17 15:19:54 - [MESSAGE][PASSED] - Object: 'Object Repository/Page_cabi Manage PickLists/a_Create PickLists' is clicked on

2019-09-17 15:19:54 - [TEST_STEP][PASSED] - delay(2): Delayed 2 second(s)

2019-09-17 15:19:56 - [MESSAGE][PASSED] - Delayed 2 second(s)

2019-09-17 15:19:56 - [TEST_STEP][PASSED] - click(findTestObject("Object Repository/findOrders/Page_cabi Find Orders/Page_cabi SampleLine Shipment Screen/a_Single Order")): Object: 'Object Repository/findOrders/Page_cabi Find Orders/Page_cabi SampleLine Shipment Screen/a_Single Order' is clicked on

2019-09-17 15:19:57 - [MESSAGE][PASSED] - Object: 'Object Repository/findOrders/Page_cabi Find Orders/Page_cabi SampleLine Shipment Screen/a_Single Order' is clicked on

2019-09-17 15:19:57 - [TEST_STEP][PASSED] - setText(findTestObject("Page_cabi Create Single Order PickList/input_Order Id_orderId"), orderId): Text 'RT708236003' is set on object 'Object Repository/Page_cabi Create Single Order PickList/input_Order Id_orderId'

2019-09-17 15:19:57 - [MESSAGE][PASSED] - Text 'RT708236003' is set on object 'Object Repository/Page_cabi Create Single Order PickList/input_Order Id_orderId'

2019-09-17 15:19:57 - [TEST_STEP][PASSED] - click(findTestObject("Page_cabi Create Single Order PickList/input_Create even if fully backordered_submitButton")): Object: 'Object Repository/Page_cabi Create Single Order PickList/input_Create even if fully backordered_submitButton' is clicked on

2019-09-17 15:19:59 - [MESSAGE][PASSED] - Object: 'Object Repository/Page_cabi Create Single Order PickList/input_Create even if fully backordered_submitButton' is clicked on

2019-09-17 15:19:59 - [TEST_STEP][PASSED] - delay(2): Delayed 2 second(s)

2019-09-17 15:20:01 - [MESSAGE][PASSED] - Delayed 2 second(s)

2019-09-17 15:20:01 - [TEST_STEP][PASSED] - pickListCreated = findWebElements(findTestObject("Cabi warehouse/picklistCreatedMessage"), 5): null

2019-09-17 15:20:01 - [TEST_STEP][PASSED] - if (pickListCreated.size() == 0): null

2019-09-17 15:20:01 - [TEST_STEP][PASSED] - picklistCreatedMessage = UtilityMethods.concat("Picklist for order: [", orderId, "] has been created successfully."): null

2019-09-17 15:20:01 - [TEST_STEP][PASSED] - verifyElementText(findTestObject("Cabi warehouse/picklistCreatedMessage"), picklistCreatedMessage): Actual text and expected text of test object 'Object Repository/Cabi warehouse/picklistCreatedMessage' are matched.

2019-09-17 15:20:01 - [MESSAGE][PASSED] - Actual text and expected text of test object 'Object Repository/Cabi warehouse/picklistCreatedMessage' are matched.

2019-09-17 15:20:01 - [TEST_STEP][PASSED] - click(findTestObject("Page_cabi Create Single Order PickList/a_Manage PickLists")): Object: 'Object Repository/Page_cabi Create Single Order PickList/a_Manage PickLists' is clicked on

2019-09-17 15:20:02 - [MESSAGE][PASSED] - Object: 'Object Repository/Page_cabi Create Single Order PickList/a_Manage PickLists' is clicked on

2019-09-17 15:20:02 - [TEST_STEP][PASSED] - delay(2): Delayed 2 second(s)

2019-09-17 15:20:04 - [MESSAGE][PASSED] - Delayed 2 second(s)

2019-09-17 15:20:04 - [TEST_STEP][PASSED] - setText(findTestObject("Page_cabi Manage PickLists/input_Order _orderId"), orderId): Text 'RT708236003' is set on object 'Object Repository/Page_cabi Manage PickLists/input_Order _orderId'

2019-09-17 15:20:04 - [MESSAGE][PASSED] - Text 'RT708236003' is set on object 'Object Repository/Page_cabi Manage PickLists/input_Order _orderId'

2019-09-17 15:20:04 - [TEST_STEP][PASSED] - click(findTestObject("Page_cabi Manage PickLists/input")): Object: 'Object Repository/Page_cabi Manage PickLists/input' is clicked on

2019-09-17 15:20:05 - [MESSAGE][PASSED] - Object: 'Object Repository/Page_cabi Manage PickLists/input' is clicked on

2019-09-17 15:20:05 - [TEST_STEP][PASSED] - delay(3): Delayed 3 second(s)

2019-09-17 15:20:08 - [MESSAGE][PASSED] - Delayed 3 second(s)

2019-09-17 15:20:08 - [TEST_STEP][PASSED] - click(findTestObject("Page_cabi Manage PickLists/td_104238610")): Object: 'Object Repository/Page_cabi Manage PickLists/td_104238610' is clicked on

2019-09-17 15:20:08 - [MESSAGE][PASSED] - Object: 'Object Repository/Page_cabi Manage PickLists/td_104238610' is clicked on

2019-09-17 15:20:08 - [TEST_STEP][PASSED] - delay(2): Delayed 2 second(s)

2019-09-17 15:20:10 - [MESSAGE][PASSED] - Delayed 2 second(s)

2019-09-17 15:20:10 - [TEST_STEP][PASSED] - picklistId = getText(findTestObject("Page_cabi Manage PickLists/td_104238610")): Text of object 'Object Repository/Page_cabi Manage PickLists/td_104238610' is: '104396310'

2019-09-17 15:20:10 - [MESSAGE][PASSED] - Text of object 'Object Repository/Page_cabi Manage PickLists/td_104238610' is: '104396310'

2019-09-17 15:20:10 - [TEST_STEP][PASSED] - click(findTestObject("Page_cabi Manage PickLists/a_Packing")): Object: 'Object Repository/Page_cabi Manage PickLists/a_Packing' is clicked on

2019-09-17 15:20:11 - [MESSAGE][PASSED] - Object: 'Object Repository/Page_cabi Manage PickLists/a_Packing' is clicked on

2019-09-17 15:20:11 - [TEST_STEP][PASSED] - setText(findTestObject("Page_cabi Pack Init/input_Pack Station_packStationId"), "30"): Text '30' is set on object 'Object Repository/Page_cabi Pack Init/input_Pack Station_packStationId'

2019-09-17 15:20:12 - [MESSAGE][PASSED] - Text '30' is set on object 'Object Repository/Page_cabi Pack Init/input_Pack Station_packStationId'

2019-09-17 15:20:12 - [TEST_STEP][PASSED] - click(findTestObject("Page_cabi Pack Init/input_Pack Station_submitButton")): Object: 'Object Repository/Page_cabi Pack Init/input_Pack Station_submitButton' is clicked on

2019-09-17 15:20:12 - [MESSAGE][PASSED] - Object: 'Object Repository/Page_cabi Pack Init/input_Pack Station_submitButton' is clicked on

2019-09-17 15:20:12 - [TEST_STEP][PASSED] - delay(2): Delayed 2 second(s)

2019-09-17 15:20:14 - [MESSAGE][PASSED] - Delayed 2 second(s)

2019-09-17 15:20:14 - [TEST_STEP][PASSED] - setText(findTestObject("Page_cabi Pack Init/input_Picklist ID_pickId"), picklistId): Text '104396310' is set on object 'Object Repository/Page_cabi Pack Init/input_Picklist ID_pickId'

2019-09-17 15:20:15 - [MESSAGE][PASSED] - Text '104396310' is set on object 'Object Repository/Page_cabi Pack Init/input_Picklist ID_pickId'

2019-09-17 15:20:15 - [TEST_STEP][PASSED] - click(findTestObject("Page_cabi Pack Init/input_Picklist ID_submitButton")): Object: 'Object Repository/Page_cabi Pack Init/input_Picklist ID_submitButton' is clicked on

2019-09-17 15:20:16 - [MESSAGE][PASSED] - Object: 'Object Repository/Page_cabi Pack Init/input_Picklist ID_submitButton' is clicked on

2019-09-17 15:20:16 - [TEST_STEP][PASSED] - delay(2): Delayed 2 second(s)

2019-09-17 15:20:18 - [MESSAGE][PASSED] - Delayed 2 second(s)

2019-09-17 15:20:18 - [TEST_STEP][PASSED] - click(findTestObject("Page_cabi General Pack/input_Cream Of Wheat_button addItemForVerification")): Object: 'Object Repository/Page_cabi General Pack/input_Cream Of Wheat_button addItemForVerification' is clicked on

2019-09-17 15:20:18 - [MESSAGE][PASSED] - Object: 'Object Repository/Page_cabi General Pack/input_Cream Of Wheat_button addItemForVerification' is clicked on

2019-09-17 15:20:18 - [TEST_STEP][PASSED] - delay(2): Delayed 2 second(s)

2019-09-17 15:20:20 - [MESSAGE][PASSED] - Delayed 2 second(s)

2019-09-17 15:20:20 - [TEST_STEP][PASSED] - click(findTestObject("Page_cabi General Pack/input_Pack Station  30_shipConfirmBtn")): Object: 'Object Repository/Page_cabi General Pack/input_Pack Station  30_shipConfirmBtn' is clicked on

2019-09-17 15:20:22 - [MESSAGE][PASSED] - Object: 'Object Repository/Page_cabi General Pack/input_Pack Station  30_shipConfirmBtn' is clicked on

2019-09-17 15:20:22 - [TEST_STEP][PASSED] - delay(3): Delayed 3 second(s)

2019-09-17 15:20:25 - [MESSAGE][PASSED] - Delayed 3 second(s)

2019-09-17 15:20:25 - [TEST_STEP][PASSED] - itemsNotpacked = findWebElements(findTestObject("Cabi warehouse/itemsNotPacked"), 5): null

2019-09-17 15:20:25 - [TEST_STEP][PASSED] - if (itemsNotpacked.size() > 0): Object: 'Object Repository/Cabi warehouse/completeAnywayButton' is clicked on

2019-09-17 15:20:25 - [TEST_STEP][PASSED] - click(findTestObject("Cabi warehouse/completeAnywayButton")): Object: 'Object Repository/Cabi warehouse/completeAnywayButton' is clicked on

2019-09-17 15:20:30 - [MESSAGE][PASSED] - Object: 'Object Repository/Cabi warehouse/completeAnywayButton' is clicked on

2019-09-17 15:20:30 - [TEST_STEP][PASSED] - click(findTestObject("Cabi warehouse/warehouseLogout")): Object: 'Object Repository/Cabi warehouse/warehouseLogout' is clicked on

2019-09-17 15:20:32 - [MESSAGE][PASSED] - Object: 'Object Repository/Cabi warehouse/warehouseLogout' is clicked on

2019-09-17 15:20:32 - [MESSAGE][PASSED] - Call Test Case 'Test Cases/NewArrival/warehouseShipping' successfully

2019-09-17 15:20:32 - [TEST_STEP][PASSED] - callTestCase(findTestCase("TestCaseUtilities/setVHost"), [:], STOP_ON_FAILURE): Call Test Case 'Test Cases/TestCaseUtilities/setVHost' successfully

2019-09-17 15:20:32 - [TEST_CASE][PASSED] - Test Cases/TestCaseUtilities/setVHost: Test Cases/TestCaseUtilities/setVHost

2019-09-17 15:20:32 - [TEST_STEP][PASSED] - ofbizURL = findTestData("envtData").getValue("ofbizURL", 1): null

2019-09-17 15:20:32 - [TEST_STEP][PASSED] - ofbizUser = findTestData("credData").getValue("ofbizuser", 1): null

2019-09-17 15:20:32 - [TEST_STEP][PASSED] - ofbizPass = findTestData("credData").getValue("ofbizpass", 1): null

2019-09-17 15:20:32 - [TEST_STEP][PASSED] - vhostTarget = findTestData("envtData").getValue("vhostTarget", 1): null

2019-09-17 15:20:32 - [TEST_STEP][PASSED] - navigateToUrl(ofbizURL): Navigate to 'https://pushofbiz.cliotest.com/login.php' successfully

2019-09-17 15:20:34 - [MESSAGE][PASSED] - Navigate to 'https://pushofbiz.cliotest.com/login.php' successfully

2019-09-17 15:20:34 - [TEST_STEP][PASSED] - setText(findTestObject("Object Repository/virualShowRSVPOR/Page_/input_Username_username"), ofbizUser): Text 'automation' is set on object 'Object Repository/virualShowRSVPOR/Page_/input_Username_username'

2019-09-17 15:20:34 - [MESSAGE][PASSED] - Text 'automation' is set on object 'Object Repository/virualShowRSVPOR/Page_/input_Username_username'

2019-09-17 15:20:34 - [TEST_STEP][PASSED] - setText(findTestObject("Object Repository/virualShowRSVPOR/Page_/input_Password_password"), ofbizPass): Text 'cabiautomation' is set on object 'Object Repository/virualShowRSVPOR/Page_/input_Password_password'

2019-09-17 15:20:34 - [MESSAGE][PASSED] - Text 'cabiautomation' is set on object 'Object Repository/virualShowRSVPOR/Page_/input_Password_password'

2019-09-17 15:20:34 - [TEST_STEP][PASSED] - click(findTestObject("Object Repository/virualShowRSVPOR/Page_/input_Password_Submit")): Object: 'Object Repository/virualShowRSVPOR/Page_/input_Password_Submit' is clicked on

2019-09-17 15:20:38 - [MESSAGE][PASSED] - Object: 'Object Repository/virualShowRSVPOR/Page_/input_Password_Submit' is clicked on

2019-09-17 15:20:38 - [TEST_STEP][PASSED] - click(findTestObject("Object Repository/virualShowRSVPOR/Page_/a_Set Vhost")): Object: 'Object Repository/virualShowRSVPOR/Page_/a_Set Vhost' is clicked on

2019-09-17 15:20:38 - [MESSAGE][PASSED] - Object: 'Object Repository/virualShowRSVPOR/Page_/a_Set Vhost' is clicked on

2019-09-17 15:20:38 - [TEST_STEP][PASSED] - click(UtilityMethods.createTestObject("select_target", "//select[@name='Target']/option[contains(text(), '", vhostTarget, "')]")): Object: 'select_target' is clicked on

2019-09-17 15:20:39 - [MESSAGE][PASSED] - Object: 'select_target' is clicked on

2019-09-17 15:20:39 - [TEST_STEP][PASSED] - click(findTestObject("Object Repository/virualShowRSVPOR/Page_/input")): Object: 'Object Repository/virualShowRSVPOR/Page_/input' is clicked on

2019-09-17 15:20:41 - [MESSAGE][PASSED] - Object: 'Object Repository/virualShowRSVPOR/Page_/input' is clicked on

2019-09-17 15:20:41 - [MESSAGE][PASSED] - Call Test Case 'Test Cases/TestCaseUtilities/setVHost' successfully

2019-09-17 15:20:41 - [TEST_STEP][PASSED] - callTestCase(findTestCase("TestCaseUtilities/rsLogin"), ["RSURL":"", "RSuser":"", "RSpass":""], STOP_ON_FAILURE): Call Test Case 'Test Cases/TestCaseUtilities/rsLogin' successfully

2019-09-17 15:20:41 - [TEST_CASE][PASSED] - Test Cases/TestCaseUtilities/rsLogin: Test Cases/TestCaseUtilities/rsLogin

2019-09-17 15:20:41 - [TEST_STEP][PASSED] - dataFile = "micrositeData": null

2019-09-17 15:20:41 - [TEST_STEP][PASSED] - guest1Mail = findTestData(dataFile).getValue("guest1Mail", 1): null

2019-09-17 15:20:41 - [TEST_STEP][PASSED] - guest1Pass = findTestData(dataFile).getValue("guest1Pass", 1): null

2019-09-17 15:20:41 - [TEST_STEP][PASSED] - RSTestEnvt = findTestData("envtData").getValue("RSTestEnvt", 1): null

2019-09-17 15:20:41 - [TEST_STEP][PASSED] - callTestCase(findTestCase("TestCaseUtilities/setVHost"), [:], STOP_ON_FAILURE): Call Test Case 'Test Cases/TestCaseUtilities/setVHost' successfully

2019-09-17 15:20:41 - [TEST_CASE][PASSED] - Test Cases/TestCaseUtilities/setVHost: Test Cases/TestCaseUtilities/setVHost

2019-09-17 15:20:41 - [TEST_STEP][PASSED] - ofbizURL = findTestData("envtData").getValue("ofbizURL", 1): null

2019-09-17 15:20:41 - [TEST_STEP][PASSED] - ofbizUser = findTestData("credData").getValue("ofbizuser", 1): null

2019-09-17 15:20:41 - [TEST_STEP][PASSED] - ofbizPass = findTestData("credData").getValue("ofbizpass", 1): null

2019-09-17 15:20:41 - [TEST_STEP][PASSED] - vhostTarget = findTestData("envtData").getValue("vhostTarget", 1): null

2019-09-17 15:20:41 - [TEST_STEP][PASSED] - navigateToUrl(ofbizURL): Navigate to 'https://pushofbiz.cliotest.com/login.php' successfully

2019-09-17 15:20:42 - [MESSAGE][PASSED] - Navigate to 'https://pushofbiz.cliotest.com/login.php' successfully

2019-09-17 15:20:42 - [TEST_STEP][PASSED] - setText(findTestObject("Object Repository/virualShowRSVPOR/Page_/input_Username_username"), ofbizUser): Text 'automation' is set on object 'Object Repository/virualShowRSVPOR/Page_/input_Username_username'

2019-09-17 15:20:42 - [MESSAGE][PASSED] - Text 'automation' is set on object 'Object Repository/virualShowRSVPOR/Page_/input_Username_username'

2019-09-17 15:20:42 - [TEST_STEP][PASSED] - setText(findTestObject("Object Repository/virualShowRSVPOR/Page_/input_Password_password"), ofbizPass): Text 'cabiautomation' is set on object 'Object Repository/virualShowRSVPOR/Page_/input_Password_password'

2019-09-17 15:20:42 - [MESSAGE][PASSED] - Text 'cabiautomation' is set on object 'Object Repository/virualShowRSVPOR/Page_/input_Password_password'

2019-09-17 15:20:42 - [TEST_STEP][PASSED] - click(findTestObject("Object Repository/virualShowRSVPOR/Page_/input_Password_Submit")): Object: 'Object Repository/virualShowRSVPOR/Page_/input_Password_Submit' is clicked on

2019-09-17 15:20:46 - [MESSAGE][PASSED] - Object: 'Object Repository/virualShowRSVPOR/Page_/input_Password_Submit' is clicked on

2019-09-17 15:20:46 - [TEST_STEP][PASSED] - click(findTestObject("Object Repository/virualShowRSVPOR/Page_/a_Set Vhost")): Object: 'Object Repository/virualShowRSVPOR/Page_/a_Set Vhost' is clicked on

2019-09-17 15:20:46 - [MESSAGE][PASSED] - Object: 'Object Repository/virualShowRSVPOR/Page_/a_Set Vhost' is clicked on

2019-09-17 15:20:46 - [TEST_STEP][PASSED] - click(UtilityMethods.createTestObject("select_target", "//select[@name='Target']/option[contains(text(), '", vhostTarget, "')]")): Object: 'select_target' is clicked on

2019-09-17 15:20:46 - [MESSAGE][PASSED] - Object: 'select_target' is clicked on

2019-09-17 15:20:46 - [TEST_STEP][PASSED] - click(findTestObject("Object Repository/virualShowRSVPOR/Page_/input")): Object: 'Object Repository/virualShowRSVPOR/Page_/input' is clicked on

2019-09-17 15:20:49 - [MESSAGE][PASSED] - Object: 'Object Repository/virualShowRSVPOR/Page_/input' is clicked on

2019-09-17 15:20:49 - [MESSAGE][PASSED] - Call Test Case 'Test Cases/TestCaseUtilities/setVHost' successfully

2019-09-17 15:20:49 - [TEST_STEP][PASSED] - loginURL = UtilityMethods.concat("https://mirandakate.", RSTestEnvt, ".com/?component=account.login-gateway"): null

2019-09-17 15:20:49 - [TEST_STEP][PASSED] - navigateToUrl(loginURL): Navigate to 'https://mirandakate.cabitest5.com/?component=account.login-gateway' successfully

2019-09-17 15:21:19 - [MESSAGE][PASSED] - Navigate to 'https://mirandakate.cabitest5.com/?component=account.login-gateway' successfully

2019-09-17 15:21:19 - [TEST_STEP][PASSED] - delay(3): Delayed 3 second(s)

2019-09-17 15:21:22 - [MESSAGE][PASSED] - Delayed 3 second(s)

2019-09-17 15:21:22 - [TEST_STEP][PASSED] - setText(findTestObject("Object Repository/virualShowRSVPOR/Page_Show microsite/input_Sign in  Create account_email"), guest1Mail): Text 'guest1-test@test.com' is set on object 'Object Repository/virualShowRSVPOR/Page_Show microsite/input_Sign in  Create account_email'

2019-09-17 15:21:22 - [MESSAGE][PASSED] - Text 'guest1-test@test.com' is set on object 'Object Repository/virualShowRSVPOR/Page_Show microsite/input_Sign in  Create account_email'

2019-09-17 15:21:22 - [TEST_STEP][PASSED] - click(findTestObject("Object Repository/virualShowRSVPOR/Page_Show microsite/button_Continue")): Object: 'Object Repository/virualShowRSVPOR/Page_Show microsite/button_Continue' is clicked on

2019-09-17 15:21:23 - [MESSAGE][PASSED] - Object: 'Object Repository/virualShowRSVPOR/Page_Show microsite/button_Continue' is clicked on

2019-09-17 15:21:23 - [TEST_STEP][PASSED] - setText(findTestObject("Object Repository/virualShowRSVPOR/Page_Show microsite/input_Welcome_password"), guest1Pass): Text 'blackdress19' is set on object 'Object Repository/virualShowRSVPOR/Page_Show microsite/input_Welcome_password'

2019-09-17 15:21:23 - [MESSAGE][PASSED] - Text 'blackdress19' is set on object 'Object Repository/virualShowRSVPOR/Page_Show microsite/input_Welcome_password'

2019-09-17 15:21:23 - [TEST_STEP][PASSED] - click(findTestObject("Object Repository/virualShowRSVPOR/Page_Show microsite/button_Continue_pass")): Object: 'Object Repository/virualShowRSVPOR/Page_Show microsite/button_Continue_pass' is clicked on

2019-09-17 15:21:24 - [MESSAGE][PASSED] - Object: 'Object Repository/virualShowRSVPOR/Page_Show microsite/button_Continue_pass' is clicked on

2019-09-17 15:21:24 - [TEST_STEP][PASSED] - delay(5): Delayed 5 second(s)

2019-09-17 15:21:29 - [MESSAGE][PASSED] - Delayed 5 second(s)

2019-09-17 15:21:29 - [TEST_STEP][PASSED] - if (verifyElementPresent(findTestObject("Object Repository/virualShowRSVPOR/Page_Show microsite/complete_my_profile_later"), 0)): Object: 'Object Repository/virualShowRSVPOR/Page_Show microsite/div_Ill complete my profile later' is clicked on

2019-09-17 15:21:29 - [MESSAGE][WARNING] - Timeout '0' is invalid. Using default page load timeout: '30'

2019-09-17 15:21:29 - [MESSAGE][PASSED] - Object 'Object Repository/virualShowRSVPOR/Page_Show microsite/complete_my_profile_later' is present

2019-09-17 15:21:29 - [TEST_STEP][PASSED] - click(findTestObject("Object Repository/virualShowRSVPOR/Page_Show microsite/div_Ill complete my profile later")): Object: 'Object Repository/virualShowRSVPOR/Page_Show microsite/div_Ill complete my profile later' is clicked on

2019-09-17 15:21:34 - [MESSAGE][PASSED] - Object: 'Object Repository/virualShowRSVPOR/Page_Show microsite/div_Ill complete my profile later' is clicked on

2019-09-17 15:21:34 - [MESSAGE][PASSED] - Call Test Case 'Test Cases/TestCaseUtilities/rsLogin' successfully

2019-09-17 15:21:34 - [TEST_STEP][PASSED] - callTestCase(findTestCase("EditOrder/rsOrderHistoryConfirm"), ["orderID":"", "editScenarioNumber":5], STOP_ON_FAILURE): Call Test Case 'Test Cases/EditOrder/rsOrderHistoryConfirm' successfully

2019-09-17 15:21:34 - [TEST_CASE][PASSED] - Test Cases/EditOrder/rsOrderHistoryConfirm: Test Cases/EditOrder/rsOrderHistoryConfirm

2019-09-17 15:21:34 - [TEST_STEP][PASSED] - driver = getWebDriver(): null

2019-09-17 15:21:34 - [TEST_STEP][PASSED] - executor = driver: null

2019-09-17 15:21:34 - [TEST_STEP][PASSED] - orderID = retailOrderID: null

2019-09-17 15:21:34 - [TEST_STEP][PASSED] - println(orderID): null

2019-09-17 15:21:34 - [TEST_STEP][PASSED] - xpath = UtilityMethods.concat("//span[contains(text(), '", orderID, "')]/parent::div/parent::div/div[@class='table-row-edit-order']//a"): null

2019-09-17 15:21:34 - [TEST_STEP][PASSED] - to = new com.kms.katalon.core.testobject.TestObject(a_link_dynamic): null

2019-09-17 15:21:34 - [TEST_STEP][PASSED] - to.addProperty("xpath", EQUALS, xpath): null

2019-09-17 15:21:34 - [TEST_STEP][PASSED] - click(findTestObject("ReplicatedSite/rs_Page_Trendy/i_Michigan_fa fa-caret-down")): Object: 'Object Repository/ReplicatedSite/rs_Page_Trendy/i_Michigan_fa fa-caret-down' is clicked on

2019-09-17 15:21:34 - [MESSAGE][PASSED] - Object: 'Object Repository/ReplicatedSite/rs_Page_Trendy/i_Michigan_fa fa-caret-down' is clicked on

2019-09-17 15:21:34 - [TEST_STEP][PASSED] - click(findTestObject("ReplicatedSite/rs_Page_Trendy/a_My Profile")): Object: 'Object Repository/ReplicatedSite/rs_Page_Trendy/a_My Profile' is clicked on

2019-09-17 15:21:40 - [MESSAGE][PASSED] - Object: 'Object Repository/ReplicatedSite/rs_Page_Trendy/a_My Profile' is clicked on

2019-09-17 15:21:40 - [TEST_STEP][PASSED] - click(findTestObject("Object Repository/ReplicatedSite/Page_Profile - Cabi Fall 2018 Collection/span_Order History")): Object: 'Object Repository/ReplicatedSite/Page_Profile - Cabi Fall 2018 Collection/span_Order History' is clicked on

2019-09-17 15:21:40 - [MESSAGE][PASSED] - Object: 'Object Repository/ReplicatedSite/Page_Profile - Cabi Fall 2018 Collection/span_Order History' is clicked on

2019-09-17 15:21:40 - [TEST_STEP][PASSED] - delay(5): Delayed 5 second(s)

2019-09-17 15:21:45 - [MESSAGE][PASSED] - Delayed 5 second(s)

2019-09-17 15:21:45 - [TEST_STEP][PASSED] - editButton = findWebElements(to, 1): null

2019-09-17 15:21:46 - [TEST_STEP][PASSED] - assert editButton.size() > 0: null

2019-09-17 15:21:46 - [TEST_STEP][PASSED] - if (editButton.size() > 0): null

2019-09-17 15:21:46 - [TEST_STEP][PASSED] - click(to): Object: 'a_link_dynamic' is clicked on

2019-09-17 15:21:46 - [MESSAGE][PASSED] - Object: 'a_link_dynamic' is clicked on

2019-09-17 15:21:46 - [TEST_STEP][PASSED] - delay(10): Delayed 10 second(s)

2019-09-17 15:21:56 - [MESSAGE][PASSED] - Delayed 10 second(s)

2019-09-17 15:21:56 - [TEST_STEP][PASSED] - if (editScenarioNumber == 1): null

2019-09-17 15:21:56 - [TEST_STEP][PASSED] - else if (editScenarioNumber == 3): null

2019-09-17 15:21:56 - [TEST_STEP][PASSED] - else if (editScenarioNumber == 4): null

2019-09-17 15:21:56 - [TEST_STEP][PASSED] - else if (editScenarioNumber == 5): null

2019-09-17 15:21:56 - [TEST_STEP][PASSED] - println("scen = 5"): null

2019-09-17 15:21:56 - [TEST_STEP][PASSED] - expectedMessage = "Item Shipped": null

2019-09-17 15:21:56 - [TEST_STEP][PASSED] - actualMessage = getText(findTestObject("Object Repository/ReplicatedSite/itemShipped")): Text of object 'Object Repository/ReplicatedSite/itemShipped' is: 'Item Shipped'

2019-09-17 15:22:02 - [MESSAGE][PASSED] - Text of object 'Object Repository/ReplicatedSite/itemShipped' is: 'Item Shipped'

2019-09-17 15:22:02 - [TEST_STEP][PASSED] - assert actualMessage.equalsIgnoreCase(expectedMessage): null

2019-09-17 15:22:02 - [TEST_STEP][PASSED] - itemRemove = findWebElements(findTestObject("Object Repository/ReplicatedSite/itemRemove"), 5): Unable to find the element located by 'By.xpath: //span[contains(text(), 'Item #5447')]/parent::div/parent::div/div[@class='shop-td options']/p/a[contains(text(), ' Remove')]'. Please recheck the objects properties to make sure the desired element is located. 

2019-09-17 15:22:08 - [MESSAGE][INFO] - Unable to find the element located by 'By.xpath: //span[contains(text(), 'Item #5447')]/parent::div/parent::div/div[@class='shop-td options']/p/a[contains(text(), ' Remove')]'. Please recheck the objects properties to make sure the desired element is located. 

2019-09-17 15:22:08 - [TEST_STEP][PASSED] - assert itemRemove.size() == 0: null

2019-09-17 15:22:08 - [MESSAGE][PASSED] - Call Test Case 'Test Cases/EditOrder/rsOrderHistoryConfirm' successfully]]></system-out>
         <system-err><![CDATA[]]></system-err>
      </testcase>
      <testcase name="Test Cases/EditOrder-V/rsEditOrderRS" classname="Test Cases/EditOrder-V/rsEditOrderRS" status="PASSED">
         <system-out><![CDATA[2019-09-17 15:22:08 - [TEST_CASE][PASSED] - Test Cases/EditOrder-V/rsEditOrderRS: Test Cases/EditOrder-V/rsEditOrderRS

2019-09-17 15:22:08 - [TEST_STEP][PASSED] - Start listener action : sampleBeforeTestCase: null

2019-09-17 15:22:08 - [TEST_STEP][PASSED] - println(testCaseContext.getTestCaseId()): null

2019-09-17 15:22:08 - [TEST_STEP][PASSED] - println(testCaseContext.getTestCaseVariables()): null

2019-09-17 15:22:08 - [TEST_STEP][PASSED] - openBrowser(""): Browser is opened with url: ''

2019-09-17 15:22:08 - [MESSAGE][WARNING] - A browser is already opened. Closing browser and opening a new one

2019-09-17 15:22:08 - [MESSAGE][INFO] - Starting 'Chrome' driver

2019-09-17 15:22:08 - [MESSAGE][INFO] - User set preference: ['args', '[--use-fake-ui-for-media-stream, --start-maximized]']

2019-09-17 15:22:11 - [MESSAGE][PASSED] - Browser is opened with url: ''

2019-09-17 15:22:11 - [TEST_STEP][PASSED] - callTestCase(findTestCase("TestCaseUtilities/setVHost"), [:], STOP_ON_FAILURE): Call Test Case 'Test Cases/TestCaseUtilities/setVHost' successfully

2019-09-17 15:22:11 - [TEST_CASE][PASSED] - Test Cases/TestCaseUtilities/setVHost: Test Cases/TestCaseUtilities/setVHost

2019-09-17 15:22:11 - [TEST_STEP][PASSED] - ofbizURL = findTestData("envtData").getValue("ofbizURL", 1): null

2019-09-17 15:22:11 - [TEST_STEP][PASSED] - ofbizUser = findTestData("credData").getValue("ofbizuser", 1): null

2019-09-17 15:22:11 - [TEST_STEP][PASSED] - ofbizPass = findTestData("credData").getValue("ofbizpass", 1): null

2019-09-17 15:22:11 - [TEST_STEP][PASSED] - vhostTarget = findTestData("envtData").getValue("vhostTarget", 1): null

2019-09-17 15:22:11 - [TEST_STEP][PASSED] - navigateToUrl(ofbizURL): Navigate to 'https://pushofbiz.cliotest.com/login.php' successfully

2019-09-17 15:22:13 - [MESSAGE][PASSED] - Navigate to 'https://pushofbiz.cliotest.com/login.php' successfully

2019-09-17 15:22:13 - [TEST_STEP][PASSED] - setText(findTestObject("Object Repository/virualShowRSVPOR/Page_/input_Username_username"), ofbizUser): Text 'automation' is set on object 'Object Repository/virualShowRSVPOR/Page_/input_Username_username'

2019-09-17 15:22:13 - [MESSAGE][PASSED] - Text 'automation' is set on object 'Object Repository/virualShowRSVPOR/Page_/input_Username_username'

2019-09-17 15:22:13 - [TEST_STEP][PASSED] - setText(findTestObject("Object Repository/virualShowRSVPOR/Page_/input_Password_password"), ofbizPass): Text 'cabiautomation' is set on object 'Object Repository/virualShowRSVPOR/Page_/input_Password_password'

2019-09-17 15:22:13 - [MESSAGE][PASSED] - Text 'cabiautomation' is set on object 'Object Repository/virualShowRSVPOR/Page_/input_Password_password'

2019-09-17 15:22:13 - [TEST_STEP][PASSED] - click(findTestObject("Object Repository/virualShowRSVPOR/Page_/input_Password_Submit")): Object: 'Object Repository/virualShowRSVPOR/Page_/input_Password_Submit' is clicked on

2019-09-17 15:22:17 - [MESSAGE][PASSED] - Object: 'Object Repository/virualShowRSVPOR/Page_/input_Password_Submit' is clicked on

2019-09-17 15:22:17 - [TEST_STEP][PASSED] - click(findTestObject("Object Repository/virualShowRSVPOR/Page_/a_Set Vhost")): Object: 'Object Repository/virualShowRSVPOR/Page_/a_Set Vhost' is clicked on

2019-09-17 15:22:17 - [MESSAGE][PASSED] - Object: 'Object Repository/virualShowRSVPOR/Page_/a_Set Vhost' is clicked on

2019-09-17 15:22:17 - [TEST_STEP][PASSED] - click(UtilityMethods.createTestObject("select_target", "//select[@name='Target']/option[contains(text(), '", vhostTarget, "')]")): Object: 'select_target' is clicked on

2019-09-17 15:22:17 - [MESSAGE][PASSED] - Object: 'select_target' is clicked on

2019-09-17 15:22:17 - [TEST_STEP][PASSED] - click(findTestObject("Object Repository/virualShowRSVPOR/Page_/input")): Object: 'Object Repository/virualShowRSVPOR/Page_/input' is clicked on

2019-09-17 15:22:19 - [MESSAGE][PASSED] - Object: 'Object Repository/virualShowRSVPOR/Page_/input' is clicked on

2019-09-17 15:22:19 - [MESSAGE][PASSED] - Call Test Case 'Test Cases/TestCaseUtilities/setVHost' successfully

2019-09-17 15:22:19 - [TEST_STEP][PASSED] - callTestCase(findTestCase("EditOrder/retailOrderRS"), ["addOnStyle":""], STOP_ON_FAILURE): Call Test Case 'Test Cases/EditOrder/retailOrderRS' successfully

2019-09-17 15:22:20 - [TEST_CASE][PASSED] - Test Cases/EditOrder/retailOrderRS: Test Cases/EditOrder/retailOrderRS

2019-09-17 15:22:20 - [TEST_STEP][PASSED] - openBrowser(""): Browser is opened with url: ''

2019-09-17 15:22:20 - [MESSAGE][WARNING] - A browser is already opened. Closing browser and opening a new one

2019-09-17 15:22:20 - [MESSAGE][INFO] - Starting 'Chrome' driver

2019-09-17 15:22:20 - [MESSAGE][INFO] - User set preference: ['args', '[--use-fake-ui-for-media-stream, --start-maximized]']

2019-09-17 15:22:22 - [MESSAGE][PASSED] - Browser is opened with url: ''

2019-09-17 15:22:22 - [TEST_STEP][PASSED] - driver = getWebDriver(): null

2019-09-17 15:22:22 - [TEST_STEP][PASSED] - executor = driver: null

2019-09-17 15:22:22 - [TEST_STEP][PASSED] - actions = new org.openqa.selenium.interactions.Actions(driver): null

2019-09-17 15:22:22 - [TEST_STEP][PASSED] - RSTestEnvt = findTestData("envtData").getValue("RSTestEnvt", 1): null

2019-09-17 15:22:22 - [TEST_STEP][PASSED] - delay(10): Delayed 10 second(s)

2019-09-17 15:22:32 - [MESSAGE][PASSED] - Delayed 10 second(s)

2019-09-17 15:22:32 - [TEST_STEP][PASSED] - callTestCase(findTestCase("TestCaseUtilities/rsLogin"), ["RSURL":"", "RSuser":"", "RSpass":""], STOP_ON_FAILURE): Call Test Case 'Test Cases/TestCaseUtilities/rsLogin' successfully

2019-09-17 15:22:33 - [TEST_CASE][PASSED] - Test Cases/TestCaseUtilities/rsLogin: Test Cases/TestCaseUtilities/rsLogin

2019-09-17 15:22:33 - [TEST_STEP][PASSED] - dataFile = "micrositeData": null

2019-09-17 15:22:33 - [TEST_STEP][PASSED] - guest1Mail = findTestData(dataFile).getValue("guest1Mail", 1): null

2019-09-17 15:22:33 - [TEST_STEP][PASSED] - guest1Pass = findTestData(dataFile).getValue("guest1Pass", 1): null

2019-09-17 15:22:33 - [TEST_STEP][PASSED] - RSTestEnvt = findTestData("envtData").getValue("RSTestEnvt", 1): null

2019-09-17 15:22:33 - [TEST_STEP][PASSED] - callTestCase(findTestCase("TestCaseUtilities/setVHost"), [:], STOP_ON_FAILURE): Call Test Case 'Test Cases/TestCaseUtilities/setVHost' successfully

2019-09-17 15:22:33 - [TEST_CASE][PASSED] - Test Cases/TestCaseUtilities/setVHost: Test Cases/TestCaseUtilities/setVHost

2019-09-17 15:22:33 - [TEST_STEP][PASSED] - ofbizURL = findTestData("envtData").getValue("ofbizURL", 1): null

2019-09-17 15:22:33 - [TEST_STEP][PASSED] - ofbizUser = findTestData("credData").getValue("ofbizuser", 1): null

2019-09-17 15:22:33 - [TEST_STEP][PASSED] - ofbizPass = findTestData("credData").getValue("ofbizpass", 1): null

2019-09-17 15:22:33 - [TEST_STEP][PASSED] - vhostTarget = findTestData("envtData").getValue("vhostTarget", 1): null

2019-09-17 15:22:33 - [TEST_STEP][PASSED] - navigateToUrl(ofbizURL): Navigate to 'https://pushofbiz.cliotest.com/login.php' successfully

2019-09-17 15:22:35 - [MESSAGE][PASSED] - Navigate to 'https://pushofbiz.cliotest.com/login.php' successfully

2019-09-17 15:22:35 - [TEST_STEP][PASSED] - setText(findTestObject("Object Repository/virualShowRSVPOR/Page_/input_Username_username"), ofbizUser): Text 'automation' is set on object 'Object Repository/virualShowRSVPOR/Page_/input_Username_username'

2019-09-17 15:22:35 - [MESSAGE][PASSED] - Text 'automation' is set on object 'Object Repository/virualShowRSVPOR/Page_/input_Username_username'

2019-09-17 15:22:35 - [TEST_STEP][PASSED] - setText(findTestObject("Object Repository/virualShowRSVPOR/Page_/input_Password_password"), ofbizPass): Text 'cabiautomation' is set on object 'Object Repository/virualShowRSVPOR/Page_/input_Password_password'

2019-09-17 15:22:35 - [MESSAGE][PASSED] - Text 'cabiautomation' is set on object 'Object Repository/virualShowRSVPOR/Page_/input_Password_password'

2019-09-17 15:22:35 - [TEST_STEP][PASSED] - click(findTestObject("Object Repository/virualShowRSVPOR/Page_/input_Password_Submit")): Object: 'Object Repository/virualShowRSVPOR/Page_/input_Password_Submit' is clicked on

2019-09-17 15:22:38 - [MESSAGE][PASSED] - Object: 'Object Repository/virualShowRSVPOR/Page_/input_Password_Submit' is clicked on

2019-09-17 15:22:38 - [TEST_STEP][PASSED] - click(findTestObject("Object Repository/virualShowRSVPOR/Page_/a_Set Vhost")): Object: 'Object Repository/virualShowRSVPOR/Page_/a_Set Vhost' is clicked on

2019-09-17 15:22:39 - [MESSAGE][PASSED] - Object: 'Object Repository/virualShowRSVPOR/Page_/a_Set Vhost' is clicked on

2019-09-17 15:22:39 - [TEST_STEP][PASSED] - click(UtilityMethods.createTestObject("select_target", "//select[@name='Target']/option[contains(text(), '", vhostTarget, "')]")): Object: 'select_target' is clicked on

2019-09-17 15:22:39 - [MESSAGE][PASSED] - Object: 'select_target' is clicked on

2019-09-17 15:22:39 - [TEST_STEP][PASSED] - click(findTestObject("Object Repository/virualShowRSVPOR/Page_/input")): Object: 'Object Repository/virualShowRSVPOR/Page_/input' is clicked on

2019-09-17 15:22:41 - [MESSAGE][PASSED] - Object: 'Object Repository/virualShowRSVPOR/Page_/input' is clicked on

2019-09-17 15:22:41 - [MESSAGE][PASSED] - Call Test Case 'Test Cases/TestCaseUtilities/setVHost' successfully

2019-09-17 15:22:41 - [TEST_STEP][PASSED] - loginURL = UtilityMethods.concat("https://mirandakate.", RSTestEnvt, ".com/?component=account.login-gateway"): null

2019-09-17 15:22:41 - [TEST_STEP][PASSED] - navigateToUrl(loginURL): Navigate to 'https://mirandakate.cabitest5.com/?component=account.login-gateway' successfully

2019-09-17 15:23:13 - [MESSAGE][PASSED] - Navigate to 'https://mirandakate.cabitest5.com/?component=account.login-gateway' successfully

2019-09-17 15:23:13 - [TEST_STEP][PASSED] - delay(3): Delayed 3 second(s)

2019-09-17 15:23:16 - [MESSAGE][PASSED] - Delayed 3 second(s)

2019-09-17 15:23:16 - [TEST_STEP][PASSED] - setText(findTestObject("Object Repository/virualShowRSVPOR/Page_Show microsite/input_Sign in  Create account_email"), guest1Mail): Text 'guest1-test@test.com' is set on object 'Object Repository/virualShowRSVPOR/Page_Show microsite/input_Sign in  Create account_email'

2019-09-17 15:23:16 - [MESSAGE][PASSED] - Text 'guest1-test@test.com' is set on object 'Object Repository/virualShowRSVPOR/Page_Show microsite/input_Sign in  Create account_email'

2019-09-17 15:23:16 - [TEST_STEP][PASSED] - click(findTestObject("Object Repository/virualShowRSVPOR/Page_Show microsite/button_Continue")): Object: 'Object Repository/virualShowRSVPOR/Page_Show microsite/button_Continue' is clicked on

2019-09-17 15:23:16 - [MESSAGE][PASSED] - Object: 'Object Repository/virualShowRSVPOR/Page_Show microsite/button_Continue' is clicked on

2019-09-17 15:23:16 - [TEST_STEP][PASSED] - setText(findTestObject("Object Repository/virualShowRSVPOR/Page_Show microsite/input_Welcome_password"), guest1Pass): Text 'blackdress19' is set on object 'Object Repository/virualShowRSVPOR/Page_Show microsite/input_Welcome_password'

2019-09-17 15:23:17 - [MESSAGE][PASSED] - Text 'blackdress19' is set on object 'Object Repository/virualShowRSVPOR/Page_Show microsite/input_Welcome_password'

2019-09-17 15:23:17 - [TEST_STEP][PASSED] - click(findTestObject("Object Repository/virualShowRSVPOR/Page_Show microsite/button_Continue_pass")): Object: 'Object Repository/virualShowRSVPOR/Page_Show microsite/button_Continue_pass' is clicked on

2019-09-17 15:23:17 - [MESSAGE][PASSED] - Object: 'Object Repository/virualShowRSVPOR/Page_Show microsite/button_Continue_pass' is clicked on

2019-09-17 15:23:17 - [TEST_STEP][PASSED] - delay(5): Delayed 5 second(s)

2019-09-17 15:23:22 - [MESSAGE][PASSED] - Delayed 5 second(s)

2019-09-17 15:23:22 - [TEST_STEP][PASSED] - if (verifyElementPresent(findTestObject("Object Repository/virualShowRSVPOR/Page_Show microsite/complete_my_profile_later"), 0)): Object: 'Object Repository/virualShowRSVPOR/Page_Show microsite/div_Ill complete my profile later' is clicked on

2019-09-17 15:23:22 - [MESSAGE][WARNING] - Timeout '0' is invalid. Using default page load timeout: '30'

2019-09-17 15:23:22 - [MESSAGE][PASSED] - Object 'Object Repository/virualShowRSVPOR/Page_Show microsite/complete_my_profile_later' is present

2019-09-17 15:23:22 - [TEST_STEP][PASSED] - click(findTestObject("Object Repository/virualShowRSVPOR/Page_Show microsite/div_Ill complete my profile later")): Object: 'Object Repository/virualShowRSVPOR/Page_Show microsite/div_Ill complete my profile later' is clicked on

2019-09-17 15:23:28 - [MESSAGE][PASSED] - Object: 'Object Repository/virualShowRSVPOR/Page_Show microsite/div_Ill complete my profile later' is clicked on

2019-09-17 15:23:28 - [MESSAGE][PASSED] - Call Test Case 'Test Cases/TestCaseUtilities/rsLogin' successfully

2019-09-17 15:23:28 - [TEST_STEP][PASSED] - loginURL = UtilityMethods.concat("https://mirandakate.", RSTestEnvt, ".com/account/#!/checkout"): null

2019-09-17 15:23:28 - [TEST_STEP][PASSED] - click(findTestObject("Object Repository/ReplicatedSite/a_shop")): Object: 'Object Repository/ReplicatedSite/a_shop' is clicked on

2019-09-17 15:23:53 - [MESSAGE][PASSED] - Object: 'Object Repository/ReplicatedSite/a_shop' is clicked on

2019-09-17 15:23:53 - [TEST_STEP][PASSED] - delay(3): Delayed 3 second(s)

2019-09-17 15:23:56 - [MESSAGE][PASSED] - Delayed 3 second(s)

2019-09-17 15:23:56 - [TEST_STEP][PASSED] - click(findTestObject("Object Repository/ReplicatedSite/div_first_item_to_buy_from_vs")): Object: 'Object Repository/ReplicatedSite/div_first_item_to_buy_from_vs' is clicked on

2019-09-17 15:24:19 - [MESSAGE][PASSED] - Object: 'Object Repository/ReplicatedSite/div_first_item_to_buy_from_vs' is clicked on

2019-09-17 15:24:19 - [TEST_STEP][PASSED] - delay(3): Delayed 3 second(s)

2019-09-17 15:24:22 - [MESSAGE][PASSED] - Delayed 3 second(s)

2019-09-17 15:24:22 - [TEST_STEP][PASSED] - noOfOptions = findWebElements(findTestObject("Object Repository/virualShowRSVPOR/Page_Show microsite/div_no_of_options_for_checkout"), 5): null

2019-09-17 15:24:22 - [TEST_STEP][PASSED] - for ([i = 1, i <= noOfOptions.size(), (i++)]): Delayed 3 second(s)

2019-09-17 15:24:22 - [TEST_STEP][PASSED] - dropDown = UtilityMethods.createTestObject("div_drop_down", "(//div[@class='add-to-cart-form']/div[@class='attribute ng-scope']/div[@class='input-select ng-scope']/select)[", String.valueOf(i), "]"): null

2019-09-17 15:24:22 - [TEST_STEP][PASSED] - click(dropDown): Object: 'div_drop_down' is clicked on

2019-09-17 15:24:22 - [MESSAGE][PASSED] - Object: 'div_drop_down' is clicked on

2019-09-17 15:24:22 - [TEST_STEP][PASSED] - selectLastOption = UtilityMethods.createTestObject("div_select_last_option", "(//div[@class='add-to-cart-form']/div[@class='attribute ng-scope']/div[@class='input-select ng-scope']/select)[", String.valueOf(i), "]/option[last()]"): null

2019-09-17 15:24:22 - [TEST_STEP][PASSED] - click(selectLastOption): Object: 'div_select_last_option' is clicked on

2019-09-17 15:24:22 - [MESSAGE][PASSED] - Object: 'div_select_last_option' is clicked on

2019-09-17 15:24:22 - [TEST_STEP][PASSED] - delay(3): Delayed 3 second(s)

2019-09-17 15:24:25 - [MESSAGE][PASSED] - Delayed 3 second(s)

2019-09-17 15:24:25 - [TEST_STEP][PASSED] - delay(3): Delayed 3 second(s)

2019-09-17 15:24:28 - [MESSAGE][PASSED] - Delayed 3 second(s)

2019-09-17 15:24:28 - [TEST_STEP][PASSED] - click(findTestObject("Object Repository/ReplicatedSite/button_add_item_to_bag")): Object: 'Object Repository/ReplicatedSite/button_add_item_to_bag' is clicked on

2019-09-17 15:24:28 - [MESSAGE][PASSED] - Object: 'Object Repository/ReplicatedSite/button_add_item_to_bag' is clicked on

2019-09-17 15:24:28 - [TEST_STEP][PASSED] - delay(3): Delayed 3 second(s)

2019-09-17 15:24:31 - [MESSAGE][PASSED] - Delayed 3 second(s)

2019-09-17 15:24:31 - [TEST_STEP][PASSED] - click(findTestObject("Object Repository/ReplicatedSite/a_cart_svg")): Object: 'Object Repository/ReplicatedSite/a_cart_svg' is clicked on

2019-09-17 15:24:36 - [MESSAGE][PASSED] - Object: 'Object Repository/ReplicatedSite/a_cart_svg' is clicked on

2019-09-17 15:24:36 - [TEST_STEP][PASSED] - delay(5): Delayed 5 second(s)

2019-09-17 15:24:41 - [MESSAGE][PASSED] - Delayed 5 second(s)

2019-09-17 15:24:41 - [TEST_STEP][PASSED] - click(findTestObject("Object Repository/ReplicatedSite/a_checkout")): Object: 'Object Repository/ReplicatedSite/a_checkout' is clicked on

2019-09-17 15:24:41 - [MESSAGE][PASSED] - Object: 'Object Repository/ReplicatedSite/a_checkout' is clicked on

2019-09-17 15:24:41 - [TEST_STEP][PASSED] - delay(10): Delayed 10 second(s)

2019-09-17 15:24:51 - [MESSAGE][PASSED] - Delayed 10 second(s)

2019-09-17 15:24:51 - [TEST_STEP][PASSED] - delay(10): Delayed 10 second(s)

2019-09-17 15:25:01 - [MESSAGE][PASSED] - Delayed 10 second(s)

2019-09-17 15:25:01 - [TEST_STEP][PASSED] - click(findTestObject("Object Repository/ReplicatedSite/input_other_address")): Object: 'Object Repository/ReplicatedSite/input_other_address' is clicked on

2019-09-17 15:25:01 - [MESSAGE][PASSED] - Object: 'Object Repository/ReplicatedSite/input_other_address' is clicked on

2019-09-17 15:25:01 - [TEST_STEP][PASSED] - click(findTestObject("Object Repository/ReplicatedSite/input_my_address_edit_order")): Object: 'Object Repository/ReplicatedSite/input_my_address_edit_order' is clicked on

2019-09-17 15:25:02 - [MESSAGE][PASSED] - Object: 'Object Repository/ReplicatedSite/input_my_address_edit_order' is clicked on

2019-09-17 15:25:02 - [TEST_STEP][PASSED] - waitForElementClickable(findTestObject("ReplicatedSite/button_save_and_continue"), 60): Object 'Object Repository/ReplicatedSite/button_save_and_continue' is clickable

2019-09-17 15:25:02 - [MESSAGE][PASSED] - Object 'Object Repository/ReplicatedSite/button_save_and_continue' is clickable

2019-09-17 15:25:02 - [TEST_STEP][PASSED] - driver = getWebDriver(): null

2019-09-17 15:25:02 - [TEST_STEP][PASSED] - element = driver.findElement(By.xpath("(//button/span[contains(text(), 'Save and Continue')])[1]")): null

2019-09-17 15:25:02 - [TEST_STEP][PASSED] - executor.executeScript("arguments[0].click();", element): null

2019-09-17 15:25:02 - [TEST_STEP][PASSED] - delay(3): Delayed 3 second(s)

2019-09-17 15:25:05 - [MESSAGE][PASSED] - Delayed 3 second(s)

2019-09-17 15:25:05 - [TEST_STEP][PASSED] - executor.executeScript("arguments[0].click();", findWebElement(findTestObject("Object Repository/ReplicatedSite/input_pay_with_credit"), 5)): null

2019-09-17 15:25:05 - [TEST_STEP][PASSED] - executor.executeScript("arguments[0].click();", findWebElement(findTestObject("Object Repository/ReplicatedSite/button_add_another_card"), 5)): null

2019-09-17 15:25:05 - [TEST_STEP][PASSED] - executor.executeScript("arguments[0].click();", findWebElement(findTestObject("Object Repository/ReplicatedSite/select_credit_card_type"), 5)): null

2019-09-17 15:25:05 - [TEST_STEP][PASSED] - click(findTestObject("Object Repository/ReplicatedSite/select_credit_card_type")): Object: 'Object Repository/ReplicatedSite/select_credit_card_type' is clicked on

2019-09-17 15:25:05 - [MESSAGE][PASSED] - Object: 'Object Repository/ReplicatedSite/select_credit_card_type' is clicked on

2019-09-17 15:25:05 - [TEST_STEP][PASSED] - executor.executeScript("arguments[0].click();", findWebElement(findTestObject("Object Repository/ReplicatedSite/input_creditcard_first_name"), 5)): null

2019-09-17 15:25:05 - [TEST_STEP][PASSED] - setText(findTestObject("Object Repository/ReplicatedSite/input_creditcard_first_name"), "abcd"): Text 'abcd' is set on object 'Object Repository/ReplicatedSite/input_creditcard_first_name'

2019-09-17 15:25:05 - [MESSAGE][PASSED] - Text 'abcd' is set on object 'Object Repository/ReplicatedSite/input_creditcard_first_name'

2019-09-17 15:25:05 - [TEST_STEP][PASSED] - executor.executeScript("arguments[0].click();", findWebElement(findTestObject("Object Repository/ReplicatedSite/input_creditcard_last_name"), 5)): null

2019-09-17 15:25:05 - [TEST_STEP][PASSED] - setText(findTestObject("Object Repository/ReplicatedSite/input_creditcard_last_name"), "efgh"): Text 'efgh' is set on object 'Object Repository/ReplicatedSite/input_creditcard_last_name'

2019-09-17 15:25:06 - [MESSAGE][PASSED] - Text 'efgh' is set on object 'Object Repository/ReplicatedSite/input_creditcard_last_name'

2019-09-17 15:25:06 - [TEST_STEP][PASSED] - executor.executeScript("arguments[0].click();", findWebElement(findTestObject("Object Repository/ReplicatedSite/input_creditcard_card_number"), 5)): null

2019-09-17 15:25:06 - [TEST_STEP][PASSED] - setText(findTestObject("Object Repository/ReplicatedSite/input_creditcard_card_number"), "4111111111111111"): Text '4111111111111111' is set on object 'Object Repository/ReplicatedSite/input_creditcard_card_number'

2019-09-17 15:25:06 - [MESSAGE][PASSED] - Text '4111111111111111' is set on object 'Object Repository/ReplicatedSite/input_creditcard_card_number'

2019-09-17 15:25:06 - [TEST_STEP][PASSED] - executor.executeScript("arguments[0].click();", findWebElement(findTestObject("Object Repository/ReplicatedSite/input_creditcard_expiration_month"), 5)): null

2019-09-17 15:25:06 - [TEST_STEP][PASSED] - click(findTestObject("Object Repository/ReplicatedSite/input_creditcard_expiration_month")): Object: 'Object Repository/ReplicatedSite/input_creditcard_expiration_month' is clicked on

2019-09-17 15:25:06 - [MESSAGE][PASSED] - Object: 'Object Repository/ReplicatedSite/input_creditcard_expiration_month' is clicked on

2019-09-17 15:25:06 - [TEST_STEP][PASSED] - executor.executeScript("arguments[0].click();", findWebElement(findTestObject("Object Repository/ReplicatedSite/input_creditcard_expiration_year"), 5)): null

2019-09-17 15:25:06 - [TEST_STEP][PASSED] - click(findTestObject("Object Repository/ReplicatedSite/input_creditcard_expiration_year")): Object: 'Object Repository/ReplicatedSite/input_creditcard_expiration_year' is clicked on

2019-09-17 15:25:06 - [MESSAGE][PASSED] - Object: 'Object Repository/ReplicatedSite/input_creditcard_expiration_year' is clicked on

2019-09-17 15:25:06 - [TEST_STEP][PASSED] - executor.executeScript("arguments[0].click();", findWebElement(findTestObject("Object Repository/ReplicatedSite/input_billing_address"), 5)): null

2019-09-17 15:25:06 - [TEST_STEP][PASSED] - executor.executeScript("arguments[0].click();", findWebElement(findTestObject("Object Repository/ReplicatedSite/input_billing_location_mailing"), 5)): null

2019-09-17 15:25:06 - [TEST_STEP][PASSED] - executor.executeScript("arguments[0].click();", findWebElement(findTestObject("Object Repository/ReplicatedSite/input_billing_location_add_new"), 5)): null

2019-09-17 15:25:06 - [TEST_STEP][PASSED] - executor.executeScript("arguments[0].click();", findWebElement(findTestObject("Object Repository/ReplicatedSite/input_billing_location_mailing"), 5)): null

2019-09-17 15:25:07 - [TEST_STEP][PASSED] - driver = getWebDriver(): null

2019-09-17 15:25:07 - [TEST_STEP][PASSED] - element = driver.findElement(By.xpath("(//button[@type='submit']/span[contains(text(), 'Save')])[2]")): null

2019-09-17 15:25:07 - [TEST_STEP][PASSED] - actions = new org.openqa.selenium.interactions.Actions(driver): null

2019-09-17 15:25:07 - [TEST_STEP][PASSED] - build().perform(): null

2019-09-17 15:25:07 - [TEST_STEP][PASSED] - delay(10): Delayed 10 second(s)

2019-09-17 15:25:17 - [MESSAGE][PASSED] - Delayed 10 second(s)

2019-09-17 15:25:17 - [TEST_STEP][PASSED] - waitForElementClickable(findTestObject("ReplicatedSite/button_save_and_continue_2"), 60): Object 'Object Repository/ReplicatedSite/button_save_and_continue_2' is clickable

2019-09-17 15:25:17 - [MESSAGE][PASSED] - Object 'Object Repository/ReplicatedSite/button_save_and_continue_2' is clickable

2019-09-17 15:25:17 - [TEST_STEP][PASSED] - driver = getWebDriver(): null

2019-09-17 15:25:17 - [TEST_STEP][PASSED] - element = driver.findElement(By.xpath("(//button/span[contains(text(), 'Save and Continue')])[2]")): null

2019-09-17 15:25:17 - [TEST_STEP][PASSED] - executor.executeScript("arguments[0].click();", element): null

2019-09-17 15:25:17 - [TEST_STEP][PASSED] - delay(5): Delayed 5 second(s)

2019-09-17 15:25:22 - [MESSAGE][PASSED] - Delayed 5 second(s)

2019-09-17 15:25:22 - [TEST_STEP][PASSED] - waitForElementClickable(findTestObject("Object Repository/ReplicatedSite/span_complete_order"), 30): Object 'Object Repository/ReplicatedSite/span_complete_order' is clickable

2019-09-17 15:25:22 - [MESSAGE][PASSED] - Object 'Object Repository/ReplicatedSite/span_complete_order' is clickable

2019-09-17 15:25:22 - [TEST_STEP][PASSED] - element = driver.findElement(By.xpath("//span[contains(text(), 'COMPLETE ORDER')]")): null

2019-09-17 15:25:22 - [TEST_STEP][PASSED] - executor.executeScript("arguments[0].click();", element): null

2019-09-17 15:25:22 - [TEST_STEP][PASSED] - delay(5): Delayed 5 second(s)

2019-09-17 15:25:27 - [MESSAGE][PASSED] - Delayed 5 second(s)

2019-09-17 15:25:27 - [TEST_STEP][PASSED] - executor.executeScript("arguments[0].click();", findWebElement(findTestObject("Object Repository/ReplicatedSite/h1_thanks_msg"), 5)): null

2019-09-17 15:25:27 - [TEST_STEP][PASSED] - delay(3): Delayed 3 second(s)

2019-09-17 15:25:30 - [MESSAGE][PASSED] - Delayed 3 second(s)

2019-09-17 15:25:30 - [MESSAGE][PASSED] - Call Test Case 'Test Cases/EditOrder/retailOrderRS' successfully

2019-09-17 15:25:30 - [TEST_STEP][PASSED] - verifyElementText(findTestObject("Object Repository/ReplicatedSite/h1_thanks_msg"), "Thanks for placing your order!"): Actual text and expected text of test object 'Object Repository/ReplicatedSite/h1_thanks_msg' are matched.

2019-09-17 15:25:30 - [MESSAGE][PASSED] - Actual text and expected text of test object 'Object Repository/ReplicatedSite/h1_thanks_msg' are matched.

2019-09-17 15:25:30 - [TEST_STEP][PASSED] - orderID = getText(findTestObject("Object Repository/ReplicatedSite/span_rs_orderid")): Text of object 'Object Repository/ReplicatedSite/span_rs_orderid' is: 'RP708236004'

2019-09-17 15:25:30 - [MESSAGE][PASSED] - Text of object 'Object Repository/ReplicatedSite/span_rs_orderid' is: 'RP708236004'

2019-09-17 15:25:30 - [TEST_STEP][PASSED] - println(orderID): null

2019-09-17 15:25:30 - [TEST_STEP][PASSED] - delay(5): Delayed 5 second(s)

2019-09-17 15:25:35 - [MESSAGE][PASSED] - Delayed 5 second(s)

2019-09-17 15:25:35 - [TEST_STEP][PASSED] - editOrderButton = findWebElements(findTestObject("Object Repository/ReplicatedSite/div_edit_order_rs"), 5): null

2019-09-17 15:25:35 - [TEST_STEP][PASSED] - assert editOrderButton.size() > 0: null

2019-09-17 15:25:35 - [TEST_STEP][PASSED] - click(findTestObject("Object Repository/ReplicatedSite/div_edit_order_rs")): Object: 'Object Repository/ReplicatedSite/div_edit_order_rs' is clicked on

2019-09-17 15:25:35 - [MESSAGE][PASSED] - Object: 'Object Repository/ReplicatedSite/div_edit_order_rs' is clicked on

2019-09-17 15:25:35 - [TEST_STEP][PASSED] - delay(10): Delayed 10 second(s)

2019-09-17 15:25:45 - [MESSAGE][PASSED] - Delayed 10 second(s)

2019-09-17 15:25:45 - [TEST_STEP][PASSED] - click(findTestObject("Object Repository/ReplicatedSite/a_update_order")): Object: 'Object Repository/ReplicatedSite/a_update_order' is clicked on

2019-09-17 15:25:45 - [MESSAGE][PASSED] - Object: 'Object Repository/ReplicatedSite/a_update_order' is clicked on

2019-09-17 15:25:45 - [TEST_STEP][PASSED] - delay(5): Delayed 5 second(s)

2019-09-17 15:25:50 - [MESSAGE][PASSED] - Delayed 5 second(s)

2019-09-17 15:25:50 - [TEST_STEP][PASSED] - callTestCase(findTestCase("EditOrder/rsUpdateOrder"), [:], STOP_ON_FAILURE): Call Test Case 'Test Cases/EditOrder/rsUpdateOrder' successfully

2019-09-17 15:25:51 - [TEST_CASE][PASSED] - Test Cases/EditOrder/rsUpdateOrder: Test Cases/EditOrder/rsUpdateOrder

2019-09-17 15:25:51 - [TEST_STEP][PASSED] - driver = getWebDriver(): null

2019-09-17 15:25:51 - [TEST_STEP][PASSED] - executor = driver: null

2019-09-17 15:25:51 - [TEST_STEP][PASSED] - element = <not implemented yet for class: org.codehaus.groovy.ast.expr.EmptyExpression>: null

2019-09-17 15:25:51 - [TEST_STEP][PASSED] - actions = <not implemented yet for class: org.codehaus.groovy.ast.expr.EmptyExpression>: null

2019-09-17 15:25:51 - [TEST_STEP][PASSED] - click(findTestObject("Object Repository/ReplicatedSite/input_other_address")): Object: 'Object Repository/ReplicatedSite/input_other_address' is clicked on

2019-09-17 15:25:52 - [MESSAGE][PASSED] - Object: 'Object Repository/ReplicatedSite/input_other_address' is clicked on

2019-09-17 15:25:52 - [TEST_STEP][PASSED] - contactNumber = 3: null

2019-09-17 15:25:52 - [TEST_STEP][PASSED] - address1 = findTestData("contactData").getValue("address1", contactNumber): null

2019-09-17 15:25:52 - [TEST_STEP][PASSED] - city = findTestData("contactData").getValue("city", contactNumber): null

2019-09-17 15:25:52 - [TEST_STEP][PASSED] - state = findTestData("contactData").getValue("state", contactNumber): null

2019-09-17 15:25:52 - [TEST_STEP][PASSED] - zip = findTestData("contactData").getValue("zip", contactNumber): null

2019-09-17 15:25:52 - [TEST_STEP][PASSED] - setText(findTestObject("Object Repository/ReplicatedSite/input_address1_update"), address1): Text '975 BRAHMS CT' is set on object 'Object Repository/ReplicatedSite/input_address1_update'

2019-09-17 15:25:52 - [MESSAGE][PASSED] - Text '975 BRAHMS CT' is set on object 'Object Repository/ReplicatedSite/input_address1_update'

2019-09-17 15:25:52 - [TEST_STEP][PASSED] - setText(findTestObject("Object Repository/ReplicatedSite/input_city_update"), city): Text 'TROY' is set on object 'Object Repository/ReplicatedSite/input_city_update'

2019-09-17 15:25:52 - [MESSAGE][PASSED] - Text 'TROY' is set on object 'Object Repository/ReplicatedSite/input_city_update'

2019-09-17 15:25:52 - [TEST_STEP][PASSED] - xpath = UtilityMethods.concat("//select[@id='stateProvince']/option[@label='", state, "']"): null

2019-09-17 15:25:52 - [TEST_STEP][PASSED] - addressState = new com.kms.katalon.core.testobject.TestObject(select_state_dynamic): null

2019-09-17 15:25:52 - [TEST_STEP][PASSED] - addressState.addProperty("xpath", EQUALS, xpath): null

2019-09-17 15:25:52 - [TEST_STEP][PASSED] - click(addressState): Object: 'select_state_dynamic' is clicked on

2019-09-17 15:25:52 - [MESSAGE][PASSED] - Object: 'select_state_dynamic' is clicked on

2019-09-17 15:25:52 - [TEST_STEP][PASSED] - setText(findTestObject("Object Repository/ReplicatedSite/input_postal_code_update"), zip): Text '48085' is set on object 'Object Repository/ReplicatedSite/input_postal_code_update'

2019-09-17 15:25:52 - [MESSAGE][PASSED] - Text '48085' is set on object 'Object Repository/ReplicatedSite/input_postal_code_update'

2019-09-17 15:25:52 - [TEST_STEP][PASSED] - delay(4): Delayed 4 second(s)

2019-09-17 15:25:56 - [MESSAGE][PASSED] - Delayed 4 second(s)

2019-09-17 15:25:56 - [TEST_STEP][PASSED] - driver = getWebDriver(): null

2019-09-17 15:25:56 - [TEST_STEP][PASSED] - element = driver.findElement(By.xpath("//button[@type='submit']/span[contains(text(), 'Save')]")): null

2019-09-17 15:25:57 - [TEST_STEP][PASSED] - actions = new org.openqa.selenium.interactions.Actions(driver): null

2019-09-17 15:25:57 - [TEST_STEP][PASSED] - build().perform(): null

2019-09-17 15:25:57 - [TEST_STEP][PASSED] - waitForElementClickable(findTestObject("Object Repository/ReplicatedSite/button_save_and_continue"), 30): Object 'Object Repository/ReplicatedSite/button_save_and_continue' is clickable

2019-09-17 15:25:57 - [MESSAGE][PASSED] - Object 'Object Repository/ReplicatedSite/button_save_and_continue' is clickable

2019-09-17 15:25:57 - [TEST_STEP][PASSED] - element = driver.findElement(By.xpath("(//button[@class='btn pull-right'])[1]")): null

2019-09-17 15:25:57 - [TEST_STEP][PASSED] - executor = driver: null

2019-09-17 15:25:57 - [TEST_STEP][PASSED] - executor.executeScript("arguments[0].click();", element): null

2019-09-17 15:25:57 - [TEST_STEP][PASSED] - delay(3): Delayed 3 second(s)

2019-09-17 15:26:00 - [MESSAGE][PASSED] - Delayed 3 second(s)

2019-09-17 15:26:00 - [TEST_STEP][PASSED] - executor.executeScript("arguments[0].click();", findWebElement(findTestObject("Object Repository/ReplicatedSite/input_make_donation"), 5)): null

2019-09-17 15:26:00 - [TEST_STEP][PASSED] - delay(2): Delayed 2 second(s)

2019-09-17 15:26:02 - [MESSAGE][PASSED] - Delayed 2 second(s)

2019-09-17 15:26:02 - [TEST_STEP][PASSED] - executor.executeScript("arguments[0].click();", findWebElement(findTestObject("Object Repository/ReplicatedSite/input_make_donation"), 5)): null

2019-09-17 15:26:02 - [TEST_STEP][PASSED] - executor.executeScript("arguments[0].click();", findWebElement(findTestObject("Object Repository/ReplicatedSite/input_pay_with_gc"), 5)): null

2019-09-17 15:26:02 - [TEST_STEP][PASSED] - delay(2): Delayed 2 second(s)

2019-09-17 15:26:04 - [MESSAGE][PASSED] - Delayed 2 second(s)

2019-09-17 15:26:04 - [TEST_STEP][PASSED] - executor.executeScript("arguments[0].click();", findWebElement(findTestObject("Object Repository/ReplicatedSite/input_pay_with_gc"), 5)): null

2019-09-17 15:26:04 - [TEST_STEP][PASSED] - executor.executeScript("arguments[0].click();", findWebElement(findTestObject("Object Repository/ReplicatedSite/input_pay_with_credit"), 5)): null

2019-09-17 15:26:04 - [TEST_STEP][PASSED] - delay(2): Delayed 2 second(s)

2019-09-17 15:26:06 - [MESSAGE][PASSED] - Delayed 2 second(s)

2019-09-17 15:26:06 - [TEST_STEP][PASSED] - executor.executeScript("arguments[0].click();", findWebElement(findTestObject("Object Repository/ReplicatedSite/input_pay_with_credit"), 5)): null

2019-09-17 15:26:06 - [TEST_STEP][PASSED] - delay(2): Delayed 2 second(s)

2019-09-17 15:26:08 - [MESSAGE][PASSED] - Delayed 2 second(s)

2019-09-17 15:26:08 - [TEST_STEP][PASSED] - RSURL = findTestData("envtData").getValue("RSURL", 1): null

2019-09-17 15:26:08 - [TEST_STEP][PASSED] - cartURL = UtilityMethods.concat(RSURL, "/cart/"): null

2019-09-17 15:26:08 - [TEST_STEP][PASSED] - navigateToUrl(cartURL): Navigate to 'https://mirandakate.cabitest5.com/cart/' successfully

2019-09-17 15:26:15 - [MESSAGE][PASSED] - Navigate to 'https://mirandakate.cabitest5.com/cart/' successfully

2019-09-17 15:26:15 - [MESSAGE][PASSED] - Call Test Case 'Test Cases/EditOrder/rsUpdateOrder' successfully

2019-09-17 15:26:15 - [TEST_STEP][PASSED] - delay(3): Delayed 3 second(s)

2019-09-17 15:26:18 - [MESSAGE][PASSED] - Delayed 3 second(s)

2019-09-17 15:26:18 - [TEST_STEP][PASSED] - click(findTestObject("Object Repository/ReplicatedSite/a_cancel_edit")): Object: 'Object Repository/ReplicatedSite/a_cancel_edit' is clicked on

2019-09-17 15:26:18 - [MESSAGE][PASSED] - Object: 'Object Repository/ReplicatedSite/a_cancel_edit' is clicked on

2019-09-17 15:26:18 - [TEST_STEP][PASSED] - cancelEditButton = findWebElements(findTestObject("Object Repository/ReplicatedSite/h2_sure_to_cancel_edit"), 1): null

2019-09-17 15:26:18 - [TEST_STEP][PASSED] - assert cancelEditButton.size() > 0: null

2019-09-17 15:26:18 - [TEST_STEP][PASSED] - click(findTestObject("ReplicatedSite/button_yes_cancel_edit")): Object: 'Object Repository/ReplicatedSite/button_yes_cancel_edit' is clicked on

2019-09-17 15:26:18 - [MESSAGE][PASSED] - Object: 'Object Repository/ReplicatedSite/button_yes_cancel_edit' is clicked on

2019-09-17 15:26:18 - [TEST_STEP][PASSED] - xpath = UtilityMethods.concat("//span[contains(text(), '", orderID, "')]/parent::div/parent::div/div[@class='table-row-edit-order']"): null

2019-09-17 15:26:18 - [TEST_STEP][PASSED] - to = new com.kms.katalon.core.testobject.TestObject(a_edit_link): null

2019-09-17 15:26:18 - [TEST_STEP][PASSED] - to.addProperty("xpath", EQUALS, xpath): null

2019-09-17 15:26:18 - [TEST_STEP][PASSED] - delay(5): Delayed 5 second(s)

2019-09-17 15:26:23 - [MESSAGE][PASSED] - Delayed 5 second(s)

2019-09-17 15:26:23 - [TEST_STEP][PASSED] - println(to.getXpaths()): null

2019-09-17 15:26:23 - [TEST_STEP][PASSED] - click(to): Object: 'a_edit_link' is clicked on

2019-09-17 15:26:23 - [MESSAGE][PASSED] - Object: 'a_edit_link' is clicked on

2019-09-17 15:26:23 - [TEST_STEP][PASSED] - delay(5): Delayed 5 second(s)

2019-09-17 15:26:28 - [MESSAGE][PASSED] - Delayed 5 second(s)

2019-09-17 15:26:28 - [TEST_STEP][PASSED] - click(findTestObject("Object Repository/ReplicatedSite/a_cancel_order")): Object: 'Object Repository/ReplicatedSite/a_cancel_order' is clicked on

2019-09-17 15:26:30 - [MESSAGE][PASSED] - Object: 'Object Repository/ReplicatedSite/a_cancel_order' is clicked on

2019-09-17 15:26:30 - [TEST_STEP][PASSED] - delay(5): Delayed 5 second(s)

2019-09-17 15:26:35 - [MESSAGE][PASSED] - Delayed 5 second(s)

2019-09-17 15:26:35 - [TEST_STEP][PASSED] - cancelOrderButton = findWebElements(findTestObject("Object Repository/ReplicatedSite/h2_sure_to_cancel_order"), 1): null

2019-09-17 15:26:36 - [TEST_STEP][PASSED] - assert cancelOrderButton.size() > 0: null

2019-09-17 15:26:36 - [TEST_STEP][PASSED] - click(findTestObject("Object Repository/ReplicatedSite/button_yes_cancel_order")): Object: 'Object Repository/ReplicatedSite/button_yes_cancel_order' is clicked on

2019-09-17 15:26:36 - [MESSAGE][PASSED] - Object: 'Object Repository/ReplicatedSite/button_yes_cancel_order' is clicked on

2019-09-17 15:26:36 - [TEST_STEP][PASSED] - delay(5): Delayed 5 second(s)

2019-09-17 15:26:41 - [MESSAGE][PASSED] - Delayed 5 second(s)

2019-09-17 15:26:41 - [TEST_STEP][PASSED] - div_cancelled_order = UtilityMethods.createTestObject("div_cancelled_order", "//span[contains(text(), '", orderID, "')]/parent::div/parent::div/div[@class='table-row-status']/span"): null

2019-09-17 15:26:41 - [TEST_STEP][PASSED] - println(getText(div_cancelled_order)): Text of object 'div_cancelled_order' is: ''

2019-09-17 15:26:43 - [MESSAGE][PASSED] - Text of object 'div_cancelled_order' is: '']]></system-out>
         <system-err><![CDATA[]]></system-err>
      </testcase>
      <testcase name="Test Cases/EditOrder-V/rsEditOrderAddNewItems" classname="Test Cases/EditOrder-V/rsEditOrderAddNewItems" status="PASSED">
         <system-out><![CDATA[2019-09-17 15:26:43 - [TEST_CASE][PASSED] - Test Cases/EditOrder-V/rsEditOrderAddNewItems: Test Cases/EditOrder-V/rsEditOrderAddNewItems

2019-09-17 15:26:43 - [TEST_STEP][PASSED] - Start listener action : sampleBeforeTestCase: null

2019-09-17 15:26:43 - [TEST_STEP][PASSED] - println(testCaseContext.getTestCaseId()): null

2019-09-17 15:26:43 - [TEST_STEP][PASSED] - println(testCaseContext.getTestCaseVariables()): null

2019-09-17 15:26:43 - [TEST_STEP][PASSED] - openBrowser(""): Browser is opened with url: ''

2019-09-17 15:26:43 - [MESSAGE][WARNING] - A browser is already opened. Closing browser and opening a new one

2019-09-17 15:26:44 - [MESSAGE][INFO] - Starting 'Chrome' driver

2019-09-17 15:26:44 - [MESSAGE][INFO] - User set preference: ['args', '[--use-fake-ui-for-media-stream, --start-maximized]']

2019-09-17 15:26:46 - [MESSAGE][PASSED] - Browser is opened with url: ''

2019-09-17 15:26:46 - [TEST_STEP][PASSED] - callTestCase(findTestCase("EditOrder/retailOrderRS"), ["addOnStyle":""], STOP_ON_FAILURE): Call Test Case 'Test Cases/EditOrder/retailOrderRS' successfully

2019-09-17 15:26:46 - [TEST_CASE][PASSED] - Test Cases/EditOrder/retailOrderRS: Test Cases/EditOrder/retailOrderRS

2019-09-17 15:26:46 - [TEST_STEP][PASSED] - openBrowser(""): Browser is opened with url: ''

2019-09-17 15:26:46 - [MESSAGE][WARNING] - A browser is already opened. Closing browser and opening a new one

2019-09-17 15:26:47 - [MESSAGE][INFO] - Starting 'Chrome' driver

2019-09-17 15:26:47 - [MESSAGE][INFO] - User set preference: ['args', '[--use-fake-ui-for-media-stream, --start-maximized]']

2019-09-17 15:26:49 - [MESSAGE][PASSED] - Browser is opened with url: ''

2019-09-17 15:26:49 - [TEST_STEP][PASSED] - driver = getWebDriver(): null

2019-09-17 15:26:49 - [TEST_STEP][PASSED] - executor = driver: null

2019-09-17 15:26:49 - [TEST_STEP][PASSED] - actions = new org.openqa.selenium.interactions.Actions(driver): null

2019-09-17 15:26:49 - [TEST_STEP][PASSED] - RSTestEnvt = findTestData("envtData").getValue("RSTestEnvt", 1): null

2019-09-17 15:26:49 - [TEST_STEP][PASSED] - delay(10): Delayed 10 second(s)

2019-09-17 15:26:59 - [MESSAGE][PASSED] - Delayed 10 second(s)

2019-09-17 15:26:59 - [TEST_STEP][PASSED] - callTestCase(findTestCase("TestCaseUtilities/rsLogin"), ["RSURL":"", "RSuser":"", "RSpass":""], STOP_ON_FAILURE): Call Test Case 'Test Cases/TestCaseUtilities/rsLogin' successfully

2019-09-17 15:26:59 - [TEST_CASE][PASSED] - Test Cases/TestCaseUtilities/rsLogin: Test Cases/TestCaseUtilities/rsLogin

2019-09-17 15:26:59 - [TEST_STEP][PASSED] - dataFile = "micrositeData": null

2019-09-17 15:26:59 - [TEST_STEP][PASSED] - guest1Mail = findTestData(dataFile).getValue("guest1Mail", 1): null

2019-09-17 15:26:59 - [TEST_STEP][PASSED] - guest1Pass = findTestData(dataFile).getValue("guest1Pass", 1): null

2019-09-17 15:26:59 - [TEST_STEP][PASSED] - RSTestEnvt = findTestData("envtData").getValue("RSTestEnvt", 1): null

2019-09-17 15:27:00 - [TEST_STEP][PASSED] - callTestCase(findTestCase("TestCaseUtilities/setVHost"), [:], STOP_ON_FAILURE): Call Test Case 'Test Cases/TestCaseUtilities/setVHost' successfully

2019-09-17 15:27:00 - [TEST_CASE][PASSED] - Test Cases/TestCaseUtilities/setVHost: Test Cases/TestCaseUtilities/setVHost

2019-09-17 15:27:00 - [TEST_STEP][PASSED] - ofbizURL = findTestData("envtData").getValue("ofbizURL", 1): null

2019-09-17 15:27:00 - [TEST_STEP][PASSED] - ofbizUser = findTestData("credData").getValue("ofbizuser", 1): null

2019-09-17 15:27:00 - [TEST_STEP][PASSED] - ofbizPass = findTestData("credData").getValue("ofbizpass", 1): null

2019-09-17 15:27:00 - [TEST_STEP][PASSED] - vhostTarget = findTestData("envtData").getValue("vhostTarget", 1): null

2019-09-17 15:27:00 - [TEST_STEP][PASSED] - navigateToUrl(ofbizURL): Navigate to 'https://pushofbiz.cliotest.com/login.php' successfully

2019-09-17 15:27:02 - [MESSAGE][PASSED] - Navigate to 'https://pushofbiz.cliotest.com/login.php' successfully

2019-09-17 15:27:02 - [TEST_STEP][PASSED] - setText(findTestObject("Object Repository/virualShowRSVPOR/Page_/input_Username_username"), ofbizUser): Text 'automation' is set on object 'Object Repository/virualShowRSVPOR/Page_/input_Username_username'

2019-09-17 15:27:02 - [MESSAGE][PASSED] - Text 'automation' is set on object 'Object Repository/virualShowRSVPOR/Page_/input_Username_username'

2019-09-17 15:27:02 - [TEST_STEP][PASSED] - setText(findTestObject("Object Repository/virualShowRSVPOR/Page_/input_Password_password"), ofbizPass): Text 'cabiautomation' is set on object 'Object Repository/virualShowRSVPOR/Page_/input_Password_password'

2019-09-17 15:27:02 - [MESSAGE][PASSED] - Text 'cabiautomation' is set on object 'Object Repository/virualShowRSVPOR/Page_/input_Password_password'

2019-09-17 15:27:02 - [TEST_STEP][PASSED] - click(findTestObject("Object Repository/virualShowRSVPOR/Page_/input_Password_Submit")): Object: 'Object Repository/virualShowRSVPOR/Page_/input_Password_Submit' is clicked on

2019-09-17 15:27:06 - [MESSAGE][PASSED] - Object: 'Object Repository/virualShowRSVPOR/Page_/input_Password_Submit' is clicked on

2019-09-17 15:27:06 - [TEST_STEP][PASSED] - click(findTestObject("Object Repository/virualShowRSVPOR/Page_/a_Set Vhost")): Object: 'Object Repository/virualShowRSVPOR/Page_/a_Set Vhost' is clicked on

2019-09-17 15:27:06 - [MESSAGE][PASSED] - Object: 'Object Repository/virualShowRSVPOR/Page_/a_Set Vhost' is clicked on

2019-09-17 15:27:06 - [TEST_STEP][PASSED] - click(UtilityMethods.createTestObject("select_target", "//select[@name='Target']/option[contains(text(), '", vhostTarget, "')]")): Object: 'select_target' is clicked on

2019-09-17 15:27:06 - [MESSAGE][PASSED] - Object: 'select_target' is clicked on

2019-09-17 15:27:06 - [TEST_STEP][PASSED] - click(findTestObject("Object Repository/virualShowRSVPOR/Page_/input")): Object: 'Object Repository/virualShowRSVPOR/Page_/input' is clicked on

2019-09-17 15:27:09 - [MESSAGE][PASSED] - Object: 'Object Repository/virualShowRSVPOR/Page_/input' is clicked on

2019-09-17 15:27:09 - [MESSAGE][PASSED] - Call Test Case 'Test Cases/TestCaseUtilities/setVHost' successfully

2019-09-17 15:27:09 - [TEST_STEP][PASSED] - loginURL = UtilityMethods.concat("https://mirandakate.", RSTestEnvt, ".com/?component=account.login-gateway"): null

2019-09-17 15:27:09 - [TEST_STEP][PASSED] - navigateToUrl(loginURL): Navigate to 'https://mirandakate.cabitest5.com/?component=account.login-gateway' successfully

2019-09-17 15:27:37 - [MESSAGE][PASSED] - Navigate to 'https://mirandakate.cabitest5.com/?component=account.login-gateway' successfully

2019-09-17 15:27:37 - [TEST_STEP][PASSED] - delay(3): Delayed 3 second(s)

2019-09-17 15:27:40 - [MESSAGE][PASSED] - Delayed 3 second(s)

2019-09-17 15:27:40 - [TEST_STEP][PASSED] - setText(findTestObject("Object Repository/virualShowRSVPOR/Page_Show microsite/input_Sign in  Create account_email"), guest1Mail): Text 'guest1-test@test.com' is set on object 'Object Repository/virualShowRSVPOR/Page_Show microsite/input_Sign in  Create account_email'

2019-09-17 15:27:40 - [MESSAGE][PASSED] - Text 'guest1-test@test.com' is set on object 'Object Repository/virualShowRSVPOR/Page_Show microsite/input_Sign in  Create account_email'

2019-09-17 15:27:40 - [TEST_STEP][PASSED] - click(findTestObject("Object Repository/virualShowRSVPOR/Page_Show microsite/button_Continue")): Object: 'Object Repository/virualShowRSVPOR/Page_Show microsite/button_Continue' is clicked on

2019-09-17 15:27:40 - [MESSAGE][PASSED] - Object: 'Object Repository/virualShowRSVPOR/Page_Show microsite/button_Continue' is clicked on

2019-09-17 15:27:40 - [TEST_STEP][PASSED] - setText(findTestObject("Object Repository/virualShowRSVPOR/Page_Show microsite/input_Welcome_password"), guest1Pass): Text 'blackdress19' is set on object 'Object Repository/virualShowRSVPOR/Page_Show microsite/input_Welcome_password'

2019-09-17 15:27:41 - [MESSAGE][PASSED] - Text 'blackdress19' is set on object 'Object Repository/virualShowRSVPOR/Page_Show microsite/input_Welcome_password'

2019-09-17 15:27:41 - [TEST_STEP][PASSED] - click(findTestObject("Object Repository/virualShowRSVPOR/Page_Show microsite/button_Continue_pass")): Object: 'Object Repository/virualShowRSVPOR/Page_Show microsite/button_Continue_pass' is clicked on

2019-09-17 15:27:41 - [MESSAGE][PASSED] - Object: 'Object Repository/virualShowRSVPOR/Page_Show microsite/button_Continue_pass' is clicked on

2019-09-17 15:27:41 - [TEST_STEP][PASSED] - delay(5): Delayed 5 second(s)

2019-09-17 15:27:46 - [MESSAGE][PASSED] - Delayed 5 second(s)

2019-09-17 15:27:46 - [TEST_STEP][PASSED] - if (verifyElementPresent(findTestObject("Object Repository/virualShowRSVPOR/Page_Show microsite/complete_my_profile_later"), 0)): Object: 'Object Repository/virualShowRSVPOR/Page_Show microsite/div_Ill complete my profile later' is clicked on

2019-09-17 15:27:46 - [MESSAGE][WARNING] - Timeout '0' is invalid. Using default page load timeout: '30'

2019-09-17 15:27:47 - [MESSAGE][PASSED] - Object 'Object Repository/virualShowRSVPOR/Page_Show microsite/complete_my_profile_later' is present

2019-09-17 15:27:47 - [TEST_STEP][PASSED] - click(findTestObject("Object Repository/virualShowRSVPOR/Page_Show microsite/div_Ill complete my profile later")): Object: 'Object Repository/virualShowRSVPOR/Page_Show microsite/div_Ill complete my profile later' is clicked on

2019-09-17 15:27:52 - [MESSAGE][PASSED] - Object: 'Object Repository/virualShowRSVPOR/Page_Show microsite/div_Ill complete my profile later' is clicked on

2019-09-17 15:27:52 - [MESSAGE][PASSED] - Call Test Case 'Test Cases/TestCaseUtilities/rsLogin' successfully

2019-09-17 15:27:52 - [TEST_STEP][PASSED] - loginURL = UtilityMethods.concat("https://mirandakate.", RSTestEnvt, ".com/account/#!/checkout"): null

2019-09-17 15:27:52 - [TEST_STEP][PASSED] - click(findTestObject("Object Repository/ReplicatedSite/a_shop")): Object: 'Object Repository/ReplicatedSite/a_shop' is clicked on

2019-09-17 15:28:14 - [MESSAGE][PASSED] - Object: 'Object Repository/ReplicatedSite/a_shop' is clicked on

2019-09-17 15:28:14 - [TEST_STEP][PASSED] - delay(3): Delayed 3 second(s)

2019-09-17 15:28:17 - [MESSAGE][PASSED] - Delayed 3 second(s)

2019-09-17 15:28:17 - [TEST_STEP][PASSED] - click(findTestObject("Object Repository/ReplicatedSite/div_first_item_to_buy_from_vs")): Object: 'Object Repository/ReplicatedSite/div_first_item_to_buy_from_vs' is clicked on

2019-09-17 15:28:39 - [MESSAGE][PASSED] - Object: 'Object Repository/ReplicatedSite/div_first_item_to_buy_from_vs' is clicked on

2019-09-17 15:28:39 - [TEST_STEP][PASSED] - delay(3): Delayed 3 second(s)

2019-09-17 15:28:42 - [MESSAGE][PASSED] - Delayed 3 second(s)

2019-09-17 15:28:42 - [TEST_STEP][PASSED] - noOfOptions = findWebElements(findTestObject("Object Repository/virualShowRSVPOR/Page_Show microsite/div_no_of_options_for_checkout"), 5): null

2019-09-17 15:28:42 - [TEST_STEP][PASSED] - for ([i = 1, i <= noOfOptions.size(), (i++)]): Delayed 3 second(s)

2019-09-17 15:28:42 - [TEST_STEP][PASSED] - dropDown = UtilityMethods.createTestObject("div_drop_down", "(//div[@class='add-to-cart-form']/div[@class='attribute ng-scope']/div[@class='input-select ng-scope']/select)[", String.valueOf(i), "]"): null

2019-09-17 15:28:42 - [TEST_STEP][PASSED] - click(dropDown): Object: 'div_drop_down' is clicked on

2019-09-17 15:28:42 - [MESSAGE][PASSED] - Object: 'div_drop_down' is clicked on

2019-09-17 15:28:42 - [TEST_STEP][PASSED] - selectLastOption = UtilityMethods.createTestObject("div_select_last_option", "(//div[@class='add-to-cart-form']/div[@class='attribute ng-scope']/div[@class='input-select ng-scope']/select)[", String.valueOf(i), "]/option[last()]"): null

2019-09-17 15:28:42 - [TEST_STEP][PASSED] - click(selectLastOption): Object: 'div_select_last_option' is clicked on

2019-09-17 15:28:42 - [MESSAGE][PASSED] - Object: 'div_select_last_option' is clicked on

2019-09-17 15:28:42 - [TEST_STEP][PASSED] - delay(3): Delayed 3 second(s)

2019-09-17 15:28:45 - [MESSAGE][PASSED] - Delayed 3 second(s)

2019-09-17 15:28:45 - [TEST_STEP][PASSED] - delay(3): Delayed 3 second(s)

2019-09-17 15:28:48 - [MESSAGE][PASSED] - Delayed 3 second(s)

2019-09-17 15:28:48 - [TEST_STEP][PASSED] - click(findTestObject("Object Repository/ReplicatedSite/button_add_item_to_bag")): Object: 'Object Repository/ReplicatedSite/button_add_item_to_bag' is clicked on

2019-09-17 15:28:48 - [MESSAGE][PASSED] - Object: 'Object Repository/ReplicatedSite/button_add_item_to_bag' is clicked on

2019-09-17 15:28:48 - [TEST_STEP][PASSED] - delay(3): Delayed 3 second(s)

2019-09-17 15:28:51 - [MESSAGE][PASSED] - Delayed 3 second(s)

2019-09-17 15:28:51 - [TEST_STEP][PASSED] - click(findTestObject("Object Repository/ReplicatedSite/a_cart_svg")): Object: 'Object Repository/ReplicatedSite/a_cart_svg' is clicked on

2019-09-17 15:28:58 - [MESSAGE][PASSED] - Object: 'Object Repository/ReplicatedSite/a_cart_svg' is clicked on

2019-09-17 15:28:58 - [TEST_STEP][PASSED] - delay(5): Delayed 5 second(s)

2019-09-17 15:29:03 - [MESSAGE][PASSED] - Delayed 5 second(s)

2019-09-17 15:29:03 - [TEST_STEP][PASSED] - click(findTestObject("Object Repository/ReplicatedSite/a_checkout")): Object: 'Object Repository/ReplicatedSite/a_checkout' is clicked on

2019-09-17 15:29:03 - [MESSAGE][PASSED] - Object: 'Object Repository/ReplicatedSite/a_checkout' is clicked on

2019-09-17 15:29:03 - [TEST_STEP][PASSED] - delay(10): Delayed 10 second(s)

2019-09-17 15:29:13 - [MESSAGE][PASSED] - Delayed 10 second(s)

2019-09-17 15:29:13 - [TEST_STEP][PASSED] - delay(10): Delayed 10 second(s)

2019-09-17 15:29:23 - [MESSAGE][PASSED] - Delayed 10 second(s)

2019-09-17 15:29:23 - [TEST_STEP][PASSED] - click(findTestObject("Object Repository/ReplicatedSite/input_other_address")): Object: 'Object Repository/ReplicatedSite/input_other_address' is clicked on

2019-09-17 15:29:24 - [MESSAGE][PASSED] - Object: 'Object Repository/ReplicatedSite/input_other_address' is clicked on

2019-09-17 15:29:24 - [TEST_STEP][PASSED] - click(findTestObject("Object Repository/ReplicatedSite/input_my_address_edit_order")): Object: 'Object Repository/ReplicatedSite/input_my_address_edit_order' is clicked on

2019-09-17 15:29:24 - [MESSAGE][PASSED] - Object: 'Object Repository/ReplicatedSite/input_my_address_edit_order' is clicked on

2019-09-17 15:29:24 - [TEST_STEP][PASSED] - waitForElementClickable(findTestObject("ReplicatedSite/button_save_and_continue"), 60): Object 'Object Repository/ReplicatedSite/button_save_and_continue' is clickable

2019-09-17 15:29:24 - [MESSAGE][PASSED] - Object 'Object Repository/ReplicatedSite/button_save_and_continue' is clickable

2019-09-17 15:29:24 - [TEST_STEP][PASSED] - driver = getWebDriver(): null

2019-09-17 15:29:24 - [TEST_STEP][PASSED] - element = driver.findElement(By.xpath("(//button/span[contains(text(), 'Save and Continue')])[1]")): null

2019-09-17 15:29:24 - [TEST_STEP][PASSED] - executor.executeScript("arguments[0].click();", element): null

2019-09-17 15:29:24 - [TEST_STEP][PASSED] - delay(3): Delayed 3 second(s)

2019-09-17 15:29:27 - [MESSAGE][PASSED] - Delayed 3 second(s)

2019-09-17 15:29:27 - [TEST_STEP][PASSED] - executor.executeScript("arguments[0].click();", findWebElement(findTestObject("Object Repository/ReplicatedSite/input_pay_with_credit"), 5)): null

2019-09-17 15:29:27 - [TEST_STEP][PASSED] - executor.executeScript("arguments[0].click();", findWebElement(findTestObject("Object Repository/ReplicatedSite/button_add_another_card"), 5)): null

2019-09-17 15:29:27 - [TEST_STEP][PASSED] - executor.executeScript("arguments[0].click();", findWebElement(findTestObject("Object Repository/ReplicatedSite/select_credit_card_type"), 5)): null

2019-09-17 15:29:27 - [TEST_STEP][PASSED] - click(findTestObject("Object Repository/ReplicatedSite/select_credit_card_type")): Object: 'Object Repository/ReplicatedSite/select_credit_card_type' is clicked on

2019-09-17 15:29:27 - [MESSAGE][PASSED] - Object: 'Object Repository/ReplicatedSite/select_credit_card_type' is clicked on

2019-09-17 15:29:27 - [TEST_STEP][PASSED] - executor.executeScript("arguments[0].click();", findWebElement(findTestObject("Object Repository/ReplicatedSite/input_creditcard_first_name"), 5)): null

2019-09-17 15:29:27 - [TEST_STEP][PASSED] - setText(findTestObject("Object Repository/ReplicatedSite/input_creditcard_first_name"), "abcd"): Text 'abcd' is set on object 'Object Repository/ReplicatedSite/input_creditcard_first_name'

2019-09-17 15:29:27 - [MESSAGE][PASSED] - Text 'abcd' is set on object 'Object Repository/ReplicatedSite/input_creditcard_first_name'

2019-09-17 15:29:27 - [TEST_STEP][PASSED] - executor.executeScript("arguments[0].click();", findWebElement(findTestObject("Object Repository/ReplicatedSite/input_creditcard_last_name"), 5)): null

2019-09-17 15:29:27 - [TEST_STEP][PASSED] - setText(findTestObject("Object Repository/ReplicatedSite/input_creditcard_last_name"), "efgh"): Text 'efgh' is set on object 'Object Repository/ReplicatedSite/input_creditcard_last_name'

2019-09-17 15:29:28 - [MESSAGE][PASSED] - Text 'efgh' is set on object 'Object Repository/ReplicatedSite/input_creditcard_last_name'

2019-09-17 15:29:28 - [TEST_STEP][PASSED] - executor.executeScript("arguments[0].click();", findWebElement(findTestObject("Object Repository/ReplicatedSite/input_creditcard_card_number"), 5)): null

2019-09-17 15:29:28 - [TEST_STEP][PASSED] - setText(findTestObject("Object Repository/ReplicatedSite/input_creditcard_card_number"), "4111111111111111"): Text '4111111111111111' is set on object 'Object Repository/ReplicatedSite/input_creditcard_card_number'

2019-09-17 15:29:28 - [MESSAGE][PASSED] - Text '4111111111111111' is set on object 'Object Repository/ReplicatedSite/input_creditcard_card_number'

2019-09-17 15:29:28 - [TEST_STEP][PASSED] - executor.executeScript("arguments[0].click();", findWebElement(findTestObject("Object Repository/ReplicatedSite/input_creditcard_expiration_month"), 5)): null

2019-09-17 15:29:28 - [TEST_STEP][PASSED] - click(findTestObject("Object Repository/ReplicatedSite/input_creditcard_expiration_month")): Object: 'Object Repository/ReplicatedSite/input_creditcard_expiration_month' is clicked on

2019-09-17 15:29:28 - [MESSAGE][PASSED] - Object: 'Object Repository/ReplicatedSite/input_creditcard_expiration_month' is clicked on

2019-09-17 15:29:28 - [TEST_STEP][PASSED] - executor.executeScript("arguments[0].click();", findWebElement(findTestObject("Object Repository/ReplicatedSite/input_creditcard_expiration_year"), 5)): null

2019-09-17 15:29:28 - [TEST_STEP][PASSED] - click(findTestObject("Object Repository/ReplicatedSite/input_creditcard_expiration_year")): Object: 'Object Repository/ReplicatedSite/input_creditcard_expiration_year' is clicked on

2019-09-17 15:29:28 - [MESSAGE][PASSED] - Object: 'Object Repository/ReplicatedSite/input_creditcard_expiration_year' is clicked on

2019-09-17 15:29:28 - [TEST_STEP][PASSED] - executor.executeScript("arguments[0].click();", findWebElement(findTestObject("Object Repository/ReplicatedSite/input_billing_address"), 5)): null

2019-09-17 15:29:28 - [TEST_STEP][PASSED] - executor.executeScript("arguments[0].click();", findWebElement(findTestObject("Object Repository/ReplicatedSite/input_billing_location_mailing"), 5)): null

2019-09-17 15:29:28 - [TEST_STEP][PASSED] - executor.executeScript("arguments[0].click();", findWebElement(findTestObject("Object Repository/ReplicatedSite/input_billing_location_add_new"), 5)): null

2019-09-17 15:29:28 - [TEST_STEP][PASSED] - executor.executeScript("arguments[0].click();", findWebElement(findTestObject("Object Repository/ReplicatedSite/input_billing_location_mailing"), 5)): null

2019-09-17 15:29:28 - [TEST_STEP][PASSED] - driver = getWebDriver(): null

2019-09-17 15:29:28 - [TEST_STEP][PASSED] - element = driver.findElement(By.xpath("(//button[@type='submit']/span[contains(text(), 'Save')])[2]")): null

2019-09-17 15:29:28 - [TEST_STEP][PASSED] - actions = new org.openqa.selenium.interactions.Actions(driver): null

2019-09-17 15:29:28 - [TEST_STEP][PASSED] - build().perform(): null

2019-09-17 15:29:28 - [TEST_STEP][PASSED] - delay(10): Delayed 10 second(s)

2019-09-17 15:29:38 - [MESSAGE][PASSED] - Delayed 10 second(s)

2019-09-17 15:29:38 - [TEST_STEP][PASSED] - waitForElementClickable(findTestObject("ReplicatedSite/button_save_and_continue_2"), 60): Object 'Object Repository/ReplicatedSite/button_save_and_continue_2' is clickable

2019-09-17 15:29:39 - [MESSAGE][PASSED] - Object 'Object Repository/ReplicatedSite/button_save_and_continue_2' is clickable

2019-09-17 15:29:39 - [TEST_STEP][PASSED] - driver = getWebDriver(): null

2019-09-17 15:29:39 - [TEST_STEP][PASSED] - element = driver.findElement(By.xpath("(//button/span[contains(text(), 'Save and Continue')])[2]")): null

2019-09-17 15:29:39 - [TEST_STEP][PASSED] - executor.executeScript("arguments[0].click();", element): null

2019-09-17 15:29:39 - [TEST_STEP][PASSED] - delay(5): Delayed 5 second(s)

2019-09-17 15:29:44 - [MESSAGE][PASSED] - Delayed 5 second(s)

2019-09-17 15:29:44 - [TEST_STEP][PASSED] - waitForElementClickable(findTestObject("Object Repository/ReplicatedSite/span_complete_order"), 30): Object 'Object Repository/ReplicatedSite/span_complete_order' is clickable

2019-09-17 15:29:44 - [MESSAGE][PASSED] - Object 'Object Repository/ReplicatedSite/span_complete_order' is clickable

2019-09-17 15:29:44 - [TEST_STEP][PASSED] - element = driver.findElement(By.xpath("//span[contains(text(), 'COMPLETE ORDER')]")): null

2019-09-17 15:29:44 - [TEST_STEP][PASSED] - executor.executeScript("arguments[0].click();", element): null

2019-09-17 15:29:44 - [TEST_STEP][PASSED] - delay(5): Delayed 5 second(s)

2019-09-17 15:29:49 - [MESSAGE][PASSED] - Delayed 5 second(s)

2019-09-17 15:29:49 - [TEST_STEP][PASSED] - executor.executeScript("arguments[0].click();", findWebElement(findTestObject("Object Repository/ReplicatedSite/h1_thanks_msg"), 5)): null

2019-09-17 15:29:49 - [TEST_STEP][PASSED] - delay(3): Delayed 3 second(s)

2019-09-17 15:29:52 - [MESSAGE][PASSED] - Delayed 3 second(s)

2019-09-17 15:29:52 - [MESSAGE][PASSED] - Call Test Case 'Test Cases/EditOrder/retailOrderRS' successfully

2019-09-17 15:29:52 - [TEST_STEP][PASSED] - verifyElementText(findTestObject("Object Repository/ReplicatedSite/h1_thanks_msg"), "Thanks for placing your order!"): Actual text and expected text of test object 'Object Repository/ReplicatedSite/h1_thanks_msg' are matched.

2019-09-17 15:29:52 - [MESSAGE][PASSED] - Actual text and expected text of test object 'Object Repository/ReplicatedSite/h1_thanks_msg' are matched.

2019-09-17 15:29:52 - [TEST_STEP][PASSED] - orderID = getText(findTestObject("Object Repository/ReplicatedSite/span_rs_orderid")): Text of object 'Object Repository/ReplicatedSite/span_rs_orderid' is: 'RP708236005'

2019-09-17 15:29:52 - [MESSAGE][PASSED] - Text of object 'Object Repository/ReplicatedSite/span_rs_orderid' is: 'RP708236005'

2019-09-17 15:29:52 - [TEST_STEP][PASSED] - println(orderID): null

2019-09-17 15:29:52 - [TEST_STEP][PASSED] - click(findTestObject("Object Repository/ReplicatedSite/addItemsLink")): Object: 'Object Repository/ReplicatedSite/addItemsLink' is clicked on

2019-09-17 15:29:52 - [MESSAGE][PASSED] - Object: 'Object Repository/ReplicatedSite/addItemsLink' is clicked on

2019-09-17 15:29:52 - [TEST_STEP][PASSED] - delay(5): Delayed 5 second(s)

2019-09-17 15:29:57 - [MESSAGE][PASSED] - Delayed 5 second(s)

2019-09-17 15:29:57 - [TEST_STEP][PASSED] - title = getWindowTitle(): Current window's title is: 'Clothes - Cabi Fall 2019 Collection'

2019-09-17 15:30:11 - [MESSAGE][PASSED] - Current window's title is: 'Clothes - Cabi Fall 2019 Collection'

2019-09-17 15:30:11 - [TEST_STEP][PASSED] - verifyMatch(title, "Clothes - Cabi Fall 2019 Collection", true, CONTINUE_ON_FAILURE): Actual text 'Clothes - Cabi Fall 2019 Collection' and expected text 'Clothes - Cabi Fall 2019 Collection' are matched  using regular expression

2019-09-17 15:30:11 - [MESSAGE][PASSED] - Actual text 'Clothes - Cabi Fall 2019 Collection' and expected text 'Clothes - Cabi Fall 2019 Collection' are matched  using regular expression

2019-09-17 15:30:11 - [TEST_STEP][PASSED] - click(findTestObject("Object Repository/ReplicatedSite/a_cart_svg")): Object: 'Object Repository/ReplicatedSite/a_cart_svg' is clicked on

2019-09-17 15:30:18 - [MESSAGE][PASSED] - Object: 'Object Repository/ReplicatedSite/a_cart_svg' is clicked on

2019-09-17 15:30:18 - [TEST_STEP][PASSED] - delay(5): Delayed 5 second(s)

2019-09-17 15:30:23 - [MESSAGE][PASSED] - Delayed 5 second(s)

2019-09-17 15:30:23 - [TEST_STEP][PASSED] - click(findTestObject("Object Repository/ReplicatedSite/shopForMoreItemsLink")): Object: 'Object Repository/ReplicatedSite/shopForMoreItemsLink' is clicked on

2019-09-17 15:30:41 - [MESSAGE][PASSED] - Object: 'Object Repository/ReplicatedSite/shopForMoreItemsLink' is clicked on

2019-09-17 15:30:41 - [TEST_STEP][PASSED] - verifyMatch(title, "Clothes - Cabi Fall 2019 Collection", true, CONTINUE_ON_FAILURE): Actual text 'Clothes - Cabi Fall 2019 Collection' and expected text 'Clothes - Cabi Fall 2019 Collection' are matched  using regular expression

2019-09-17 15:30:41 - [MESSAGE][PASSED] - Actual text 'Clothes - Cabi Fall 2019 Collection' and expected text 'Clothes - Cabi Fall 2019 Collection' are matched  using regular expression

2019-09-17 15:30:41 - [TEST_STEP][PASSED] - click(findTestObject("Object Repository/ReplicatedSite/a_cart_svg")): Object: 'Object Repository/ReplicatedSite/a_cart_svg' is clicked on

2019-09-17 15:30:49 - [MESSAGE][PASSED] - Object: 'Object Repository/ReplicatedSite/a_cart_svg' is clicked on

2019-09-17 15:30:49 - [TEST_STEP][PASSED] - delay(5): Delayed 5 second(s)

2019-09-17 15:30:54 - [MESSAGE][PASSED] - Delayed 5 second(s)

2019-09-17 15:30:54 - [TEST_STEP][PASSED] - click(findTestObject("Object Repository/ReplicatedSite/a_update_order")): Object: 'Object Repository/ReplicatedSite/a_update_order' is clicked on

2019-09-17 15:30:54 - [MESSAGE][PASSED] - Object: 'Object Repository/ReplicatedSite/a_update_order' is clicked on

2019-09-17 15:30:54 - [TEST_STEP][PASSED] - delay(5): Delayed 5 second(s)

2019-09-17 15:30:59 - [MESSAGE][PASSED] - Delayed 5 second(s)

2019-09-17 15:30:59 - [TEST_STEP][PASSED] - callTestCase(findTestCase("EditOrder/rsUpdateOrder"), [:], STOP_ON_FAILURE): Call Test Case 'Test Cases/EditOrder/rsUpdateOrder' successfully

2019-09-17 15:30:59 - [TEST_CASE][PASSED] - Test Cases/EditOrder/rsUpdateOrder: Test Cases/EditOrder/rsUpdateOrder

2019-09-17 15:30:59 - [TEST_STEP][PASSED] - driver = getWebDriver(): null

2019-09-17 15:30:59 - [TEST_STEP][PASSED] - executor = driver: null

2019-09-17 15:30:59 - [TEST_STEP][PASSED] - element = <not implemented yet for class: org.codehaus.groovy.ast.expr.EmptyExpression>: null

2019-09-17 15:30:59 - [TEST_STEP][PASSED] - actions = <not implemented yet for class: org.codehaus.groovy.ast.expr.EmptyExpression>: null

2019-09-17 15:30:59 - [TEST_STEP][PASSED] - click(findTestObject("Object Repository/ReplicatedSite/input_other_address")): Object: 'Object Repository/ReplicatedSite/input_other_address' is clicked on

2019-09-17 15:31:03 - [MESSAGE][PASSED] - Object: 'Object Repository/ReplicatedSite/input_other_address' is clicked on

2019-09-17 15:31:03 - [TEST_STEP][PASSED] - contactNumber = 3: null

2019-09-17 15:31:03 - [TEST_STEP][PASSED] - address1 = findTestData("contactData").getValue("address1", contactNumber): null

2019-09-17 15:31:03 - [TEST_STEP][PASSED] - city = findTestData("contactData").getValue("city", contactNumber): null

2019-09-17 15:31:03 - [TEST_STEP][PASSED] - state = findTestData("contactData").getValue("state", contactNumber): null

2019-09-17 15:31:03 - [TEST_STEP][PASSED] - zip = findTestData("contactData").getValue("zip", contactNumber): null

2019-09-17 15:31:03 - [TEST_STEP][PASSED] - setText(findTestObject("Object Repository/ReplicatedSite/input_address1_update"), address1): Text '975 BRAHMS CT' is set on object 'Object Repository/ReplicatedSite/input_address1_update'

2019-09-17 15:31:03 - [MESSAGE][PASSED] - Text '975 BRAHMS CT' is set on object 'Object Repository/ReplicatedSite/input_address1_update'

2019-09-17 15:31:03 - [TEST_STEP][PASSED] - setText(findTestObject("Object Repository/ReplicatedSite/input_city_update"), city): Text 'TROY' is set on object 'Object Repository/ReplicatedSite/input_city_update'

2019-09-17 15:31:03 - [MESSAGE][PASSED] - Text 'TROY' is set on object 'Object Repository/ReplicatedSite/input_city_update'

2019-09-17 15:31:03 - [TEST_STEP][PASSED] - xpath = UtilityMethods.concat("//select[@id='stateProvince']/option[@label='", state, "']"): null

2019-09-17 15:31:03 - [TEST_STEP][PASSED] - addressState = new com.kms.katalon.core.testobject.TestObject(select_state_dynamic): null

2019-09-17 15:31:03 - [TEST_STEP][PASSED] - addressState.addProperty("xpath", EQUALS, xpath): null

2019-09-17 15:31:03 - [TEST_STEP][PASSED] - click(addressState): Object: 'select_state_dynamic' is clicked on

2019-09-17 15:31:03 - [MESSAGE][PASSED] - Object: 'select_state_dynamic' is clicked on

2019-09-17 15:31:03 - [TEST_STEP][PASSED] - setText(findTestObject("Object Repository/ReplicatedSite/input_postal_code_update"), zip): Text '48085' is set on object 'Object Repository/ReplicatedSite/input_postal_code_update'

2019-09-17 15:31:03 - [MESSAGE][PASSED] - Text '48085' is set on object 'Object Repository/ReplicatedSite/input_postal_code_update'

2019-09-17 15:31:03 - [TEST_STEP][PASSED] - delay(4): Delayed 4 second(s)

2019-09-17 15:31:07 - [MESSAGE][PASSED] - Delayed 4 second(s)

2019-09-17 15:31:07 - [TEST_STEP][PASSED] - driver = getWebDriver(): null

2019-09-17 15:31:07 - [TEST_STEP][PASSED] - element = driver.findElement(By.xpath("//button[@type='submit']/span[contains(text(), 'Save')]")): null

2019-09-17 15:31:07 - [TEST_STEP][PASSED] - actions = new org.openqa.selenium.interactions.Actions(driver): null

2019-09-17 15:31:07 - [TEST_STEP][PASSED] - build().perform(): null

2019-09-17 15:31:08 - [TEST_STEP][PASSED] - waitForElementClickable(findTestObject("Object Repository/ReplicatedSite/button_save_and_continue"), 30): Object 'Object Repository/ReplicatedSite/button_save_and_continue' is clickable

2019-09-17 15:31:08 - [MESSAGE][PASSED] - Object 'Object Repository/ReplicatedSite/button_save_and_continue' is clickable

2019-09-17 15:31:08 - [TEST_STEP][PASSED] - element = driver.findElement(By.xpath("(//button[@class='btn pull-right'])[1]")): null

2019-09-17 15:31:08 - [TEST_STEP][PASSED] - executor = driver: null

2019-09-17 15:31:08 - [TEST_STEP][PASSED] - executor.executeScript("arguments[0].click();", element): null

2019-09-17 15:31:08 - [TEST_STEP][PASSED] - delay(3): Delayed 3 second(s)

2019-09-17 15:31:11 - [MESSAGE][PASSED] - Delayed 3 second(s)

2019-09-17 15:31:11 - [TEST_STEP][PASSED] - executor.executeScript("arguments[0].click();", findWebElement(findTestObject("Object Repository/ReplicatedSite/input_make_donation"), 5)): null

2019-09-17 15:31:11 - [TEST_STEP][PASSED] - delay(2): Delayed 2 second(s)

2019-09-17 15:31:13 - [MESSAGE][PASSED] - Delayed 2 second(s)

2019-09-17 15:31:13 - [TEST_STEP][PASSED] - executor.executeScript("arguments[0].click();", findWebElement(findTestObject("Object Repository/ReplicatedSite/input_make_donation"), 5)): null

2019-09-17 15:31:13 - [TEST_STEP][PASSED] - executor.executeScript("arguments[0].click();", findWebElement(findTestObject("Object Repository/ReplicatedSite/input_pay_with_gc"), 5)): null

2019-09-17 15:31:13 - [TEST_STEP][PASSED] - delay(2): Delayed 2 second(s)

2019-09-17 15:31:15 - [MESSAGE][PASSED] - Delayed 2 second(s)

2019-09-17 15:31:15 - [TEST_STEP][PASSED] - executor.executeScript("arguments[0].click();", findWebElement(findTestObject("Object Repository/ReplicatedSite/input_pay_with_gc"), 5)): null

2019-09-17 15:31:15 - [TEST_STEP][PASSED] - executor.executeScript("arguments[0].click();", findWebElement(findTestObject("Object Repository/ReplicatedSite/input_pay_with_credit"), 5)): null

2019-09-17 15:31:15 - [TEST_STEP][PASSED] - delay(2): Delayed 2 second(s)

2019-09-17 15:31:17 - [MESSAGE][PASSED] - Delayed 2 second(s)

2019-09-17 15:31:17 - [TEST_STEP][PASSED] - executor.executeScript("arguments[0].click();", findWebElement(findTestObject("Object Repository/ReplicatedSite/input_pay_with_credit"), 5)): null

2019-09-17 15:31:17 - [TEST_STEP][PASSED] - delay(2): Delayed 2 second(s)

2019-09-17 15:31:19 - [MESSAGE][PASSED] - Delayed 2 second(s)

2019-09-17 15:31:19 - [TEST_STEP][PASSED] - RSURL = findTestData("envtData").getValue("RSURL", 1): null

2019-09-17 15:31:19 - [TEST_STEP][PASSED] - cartURL = UtilityMethods.concat(RSURL, "/cart/"): null

2019-09-17 15:31:19 - [TEST_STEP][PASSED] - navigateToUrl(cartURL): Navigate to 'https://mirandakate.cabitest5.com/cart/' successfully

2019-09-17 15:31:27 - [MESSAGE][PASSED] - Navigate to 'https://mirandakate.cabitest5.com/cart/' successfully

2019-09-17 15:31:27 - [MESSAGE][PASSED] - Call Test Case 'Test Cases/EditOrder/rsUpdateOrder' successfully

2019-09-17 15:31:27 - [TEST_STEP][PASSED] - delay(3): Delayed 3 second(s)

2019-09-17 15:31:30 - [MESSAGE][PASSED] - Delayed 3 second(s)

2019-09-17 15:31:30 - [TEST_STEP][PASSED] - click(findTestObject("Object Repository/ReplicatedSite/a_cancel_edit")): Object: 'Object Repository/ReplicatedSite/a_cancel_edit' is clicked on

2019-09-17 15:31:30 - [MESSAGE][PASSED] - Object: 'Object Repository/ReplicatedSite/a_cancel_edit' is clicked on

2019-09-17 15:31:31 - [TEST_STEP][PASSED] - cancelEditButton = findWebElements(findTestObject("Object Repository/ReplicatedSite/h2_sure_to_cancel_edit"), 1): null

2019-09-17 15:31:31 - [TEST_STEP][PASSED] - assert cancelEditButton.size() > 0: null

2019-09-17 15:31:31 - [TEST_STEP][PASSED] - click(findTestObject("ReplicatedSite/button_yes_cancel_edit")): Object: 'Object Repository/ReplicatedSite/button_yes_cancel_edit' is clicked on

2019-09-17 15:31:31 - [MESSAGE][PASSED] - Object: 'Object Repository/ReplicatedSite/button_yes_cancel_edit' is clicked on

2019-09-17 15:31:31 - [TEST_STEP][PASSED] - xpath = UtilityMethods.concat("//span[contains(text(), '", orderID, "')]/parent::div/parent::div/div[@class='table-row-edit-order']"): null

2019-09-17 15:31:31 - [TEST_STEP][PASSED] - to = new com.kms.katalon.core.testobject.TestObject(a_edit_link): null

2019-09-17 15:31:31 - [TEST_STEP][PASSED] - to.addProperty("xpath", EQUALS, xpath): null

2019-09-17 15:31:31 - [TEST_STEP][PASSED] - delay(5): Delayed 5 second(s)

2019-09-17 15:31:36 - [MESSAGE][PASSED] - Delayed 5 second(s)

2019-09-17 15:31:36 - [TEST_STEP][PASSED] - println(to.getXpaths()): null

2019-09-17 15:31:36 - [TEST_STEP][PASSED] - click(to): Object: 'a_edit_link' is clicked on

2019-09-17 15:31:37 - [MESSAGE][PASSED] - Object: 'a_edit_link' is clicked on

2019-09-17 15:31:37 - [TEST_STEP][PASSED] - delay(5): Delayed 5 second(s)

2019-09-17 15:31:42 - [MESSAGE][PASSED] - Delayed 5 second(s)

2019-09-17 15:31:42 - [TEST_STEP][PASSED] - click(findTestObject("Object Repository/ReplicatedSite/a_cancel_order")): Object: 'Object Repository/ReplicatedSite/a_cancel_order' is clicked on

2019-09-17 15:31:46 - [MESSAGE][PASSED] - Object: 'Object Repository/ReplicatedSite/a_cancel_order' is clicked on

2019-09-17 15:31:46 - [TEST_STEP][PASSED] - delay(5): Delayed 5 second(s)

2019-09-17 15:31:51 - [MESSAGE][PASSED] - Delayed 5 second(s)

2019-09-17 15:31:51 - [TEST_STEP][PASSED] - cancelOrderButton = findWebElements(findTestObject("Object Repository/ReplicatedSite/h2_sure_to_cancel_order"), 1): null

2019-09-17 15:31:51 - [TEST_STEP][PASSED] - assert cancelOrderButton.size() > 0: null

2019-09-17 15:31:51 - [TEST_STEP][PASSED] - click(findTestObject("Object Repository/ReplicatedSite/button_yes_cancel_order")): Object: 'Object Repository/ReplicatedSite/button_yes_cancel_order' is clicked on

2019-09-17 15:31:51 - [MESSAGE][PASSED] - Object: 'Object Repository/ReplicatedSite/button_yes_cancel_order' is clicked on

2019-09-17 15:31:51 - [TEST_STEP][PASSED] - delay(5): Delayed 5 second(s)

2019-09-17 15:31:56 - [MESSAGE][PASSED] - Delayed 5 second(s)

2019-09-17 15:31:56 - [TEST_STEP][PASSED] - div_cancelled_order = UtilityMethods.createTestObject("div_cancelled_order", "//span[contains(text(), '", orderID, "')]/parent::div/parent::div/div[@class='table-row-status']/span"): null

2019-09-17 15:31:56 - [TEST_STEP][PASSED] - println(getText(div_cancelled_order)): Text of object 'div_cancelled_order' is: 'Cancelled'

2019-09-17 15:31:59 - [MESSAGE][PASSED] - Text of object 'div_cancelled_order' is: 'Cancelled']]></system-out>
         <system-err><![CDATA[]]></system-err>
      </testcase>
      <system-out><![CDATA[2019-09-17 15:05:32 - [TEST_SUITE][PASSED] - EditOrderSuite: Test Cases/EditOrder-V/rsEditOrderAddNewItems]]></system-out>
      <system-err><![CDATA[]]></system-err>
   </testsuite>
</testsuites>
