<?xml version="1.0" encoding="UTF-8"?>
<testsuites name="MicrositeTestSuite" time="15" tests="0" failures="1" errors="0">
   <testsuite name="MicrositeTestSuite" tests="0" failures="1" errors="0" time="15" timestamp="2019-06-07 19:26:07" hostname="user - 172.16.231.118" id="Test Suites/VirtualShowRSVPSuites/MicrositeTestSuite">
      <properties>
         <property name="deviceName" value=""/>
         <property name="devicePlatform" value=""/>
         <property name="logFolder" value="C:\\Users\\user\\Documents\\testautomation\\NewArrivals\\Reports\\VirtualShowRSVPSuites\\MicrositeTestSuite\\20190607_192604"/>
         <property name="logFiles" value="C:\\Users\\user\\Documents\\testautomation\\NewArrivals\\Reports\\VirtualShowRSVPSuites\\MicrositeTestSuite\\20190607_192604\\execution0.log"/>
         <property name="attachments" value="C:\\Users\\user\\Documents\\testautomation\\NewArrivals\\Reports\\VirtualShowRSVPSuites\\MicrositeTestSuite\\20190607_192604\\1559915781473.png"/>
         <property name="hostName" value="user - 172.16.231.118"/>
         <property name="os" value="Windows 8.1 64bit"/>
         <property name="katalonVersion" value="6.1.1.1"/>
         <property name="browser" value="Chrome 74.0.3729.169"/>
         <property name="hostAddress" value="172.16.231.118"/>
         <property name="sessionId" value="6d9ef6b5acd4ab7b41959539c02c8a4f"/>
         <property name="seleniumVersion" value="3.7.1"/>
         <property name="proxyInformation" value="ProxyInformation{proxyOption=NO_PROXY, proxyServerType=HTTP, password=, proxyServerAddress=, proxyServerPort=0}"/>
         <property name="platform" value="Windows 8.1"/>
      </properties>
      <testcase name="Test Cases/virtualShowRSVP/micrositeRSVPValidUser" classname="Test Cases/virtualShowRSVP/micrositeRSVPValidUser" status="FAILED">
         <failure type="FAILED" message="Test Cases/virtualShowRSVP/micrositeRSVPValidUser FAILED.
Reason:
com.kms.katalon.core.exception.StepFailedException: Unable to navigate to 'null'
	at com.kms.katalon.core.webui.keyword.internal.WebUIKeywordMain.stepFailed(WebUIKeywordMain.groovy:64)
	at com.kms.katalon.core.webui.keyword.internal.WebUIKeywordMain.runKeyword(WebUIKeywordMain.groovy:26)
	at com.kms.katalon.core.webui.keyword.builtin.NavigateToUrlKeyword.navigateToUrl(NavigateToUrlKeyword.groovy:83)
	at com.kms.katalon.core.webui.keyword.builtin.NavigateToUrlKeyword.execute(NavigateToUrlKeyword.groovy:67)
	at com.kms.katalon.core.keyword.internal.KeywordExecutor.executeKeywordForPlatform(KeywordExecutor.groovy:56)
	at com.kms.katalon.core.webui.keyword.WebUiBuiltInKeywords.navigateToUrl(WebUiBuiltInKeywords.groovy:183)
	at com.kms.katalon.core.webui.keyword.WebUiBuiltInKeywords$navigateToUrl$1.call(Unknown Source)
	at micrositeRSVPValidUser.run(micrositeRSVPValidUser:41)
	at com.kms.katalon.core.main.ScriptEngine.run(ScriptEngine.java:194)
	at com.kms.katalon.core.main.ScriptEngine.runScriptAsRawText(ScriptEngine.java:119)
	at com.kms.katalon.core.main.TestCaseExecutor.runScript(TestCaseExecutor.java:342)
	at com.kms.katalon.core.main.TestCaseExecutor.doExecute(TestCaseExecutor.java:333)
	at com.kms.katalon.core.main.TestCaseExecutor.processExecutionPhase(TestCaseExecutor.java:312)
	at com.kms.katalon.core.main.TestCaseExecutor.accessMainPhase(TestCaseExecutor.java:304)
	at com.kms.katalon.core.main.TestCaseExecutor.execute(TestCaseExecutor.java:238)
	at com.kms.katalon.core.main.TestSuiteExecutor.accessTestCaseMainPhase(TestSuiteExecutor.java:129)
	at com.kms.katalon.core.main.TestSuiteExecutor.accessTestSuiteMainPhase(TestSuiteExecutor.java:112)
	at com.kms.katalon.core.main.TestSuiteExecutor.execute(TestSuiteExecutor.java:81)
	at com.kms.katalon.core.main.TestCaseMain.startTestSuite(TestCaseMain.java:157)
	at com.kms.katalon.core.main.TestCaseMain$startTestSuite$0.call(Unknown Source)
	at TempTestSuite1559915764560.run(TempTestSuite1559915764560.groovy:35)
Caused by: java.lang.IllegalArgumentException: Url cannot be null or empty
	at com.kms.katalon.core.webui.keyword.builtin.NavigateToUrlKeyword$_navigateToUrl_closure1.doCall(NavigateToUrlKeyword.groovy:75)
	at com.kms.katalon.core.webui.keyword.builtin.NavigateToUrlKeyword$_navigateToUrl_closure1.call(NavigateToUrlKeyword.groovy)
	at com.kms.katalon.core.webui.keyword.internal.WebUIKeywordMain.runKeyword(WebUIKeywordMain.groovy:20)
	at com.kms.katalon.core.webui.keyword.builtin.NavigateToUrlKeyword.navigateToUrl(NavigateToUrlKeyword.groovy:83)
	at com.kms.katalon.core.webui.keyword.builtin.NavigateToUrlKeyword.execute(NavigateToUrlKeyword.groovy:67)
	at com.kms.katalon.core.keyword.internal.KeywordExecutor.executeKeywordForPlatform(KeywordExecutor.groovy:56)
	at com.kms.katalon.core.webui.keyword.WebUiBuiltInKeywords.navigateToUrl(WebUiBuiltInKeywords.groovy:183)
	at com.kms.katalon.core.webui.keyword.WebUiBuiltInKeywords$navigateToUrl$1.call(Unknown Source)
	at Script1553241488977.run(Script1553241488977.groovy:41)
	... 13 more
"/>
         <system-out><![CDATA[2019-06-07 19:26:07 - [TEST_CASE][FAILED] - Test Cases/virtualShowRSVP/micrositeRSVPValidUser: Test Cases/virtualShowRSVP/micrositeRSVPValidUser FAILED.
Reason:
com.kms.katalon.core.exception.StepFailedException: Unable to navigate to 'null'
	at com.kms.katalon.core.webui.keyword.internal.WebUIKeywordMain.stepFailed(WebUIKeywordMain.groovy:64)
	at com.kms.katalon.core.webui.keyword.internal.WebUIKeywordMain.runKeyword(WebUIKeywordMain.groovy:26)
	at com.kms.katalon.core.webui.keyword.builtin.NavigateToUrlKeyword.navigateToUrl(NavigateToUrlKeyword.groovy:83)
	at com.kms.katalon.core.webui.keyword.builtin.NavigateToUrlKeyword.execute(NavigateToUrlKeyword.groovy:67)
	at com.kms.katalon.core.keyword.internal.KeywordExecutor.executeKeywordForPlatform(KeywordExecutor.groovy:56)
	at com.kms.katalon.core.webui.keyword.WebUiBuiltInKeywords.navigateToUrl(WebUiBuiltInKeywords.groovy:183)
	at com.kms.katalon.core.webui.keyword.WebUiBuiltInKeywords$navigateToUrl$1.call(Unknown Source)
	at micrositeRSVPValidUser.run(micrositeRSVPValidUser:41)
	at com.kms.katalon.core.main.ScriptEngine.run(ScriptEngine.java:194)
	at com.kms.katalon.core.main.ScriptEngine.runScriptAsRawText(ScriptEngine.java:119)
	at com.kms.katalon.core.main.TestCaseExecutor.runScript(TestCaseExecutor.java:342)
	at com.kms.katalon.core.main.TestCaseExecutor.doExecute(TestCaseExecutor.java:333)
	at com.kms.katalon.core.main.TestCaseExecutor.processExecutionPhase(TestCaseExecutor.java:312)
	at com.kms.katalon.core.main.TestCaseExecutor.accessMainPhase(TestCaseExecutor.java:304)
	at com.kms.katalon.core.main.TestCaseExecutor.execute(TestCaseExecutor.java:238)
	at com.kms.katalon.core.main.TestSuiteExecutor.accessTestCaseMainPhase(TestSuiteExecutor.java:129)
	at com.kms.katalon.core.main.TestSuiteExecutor.accessTestSuiteMainPhase(TestSuiteExecutor.java:112)
	at com.kms.katalon.core.main.TestSuiteExecutor.execute(TestSuiteExecutor.java:81)
	at com.kms.katalon.core.main.TestCaseMain.startTestSuite(TestCaseMain.java:157)
	at com.kms.katalon.core.main.TestCaseMain$startTestSuite$0.call(Unknown Source)
	at TempTestSuite1559915764560.run(TempTestSuite1559915764560.groovy:35)
Caused by: java.lang.IllegalArgumentException: Url cannot be null or empty
	at com.kms.katalon.core.webui.keyword.builtin.NavigateToUrlKeyword$_navigateToUrl_closure1.doCall(NavigateToUrlKeyword.groovy:75)
	at com.kms.katalon.core.webui.keyword.builtin.NavigateToUrlKeyword$_navigateToUrl_closure1.call(NavigateToUrlKeyword.groovy)
	at com.kms.katalon.core.webui.keyword.internal.WebUIKeywordMain.runKeyword(WebUIKeywordMain.groovy:20)
	at com.kms.katalon.core.webui.keyword.builtin.NavigateToUrlKeyword.navigateToUrl(NavigateToUrlKeyword.groovy:83)
	at com.kms.katalon.core.webui.keyword.builtin.NavigateToUrlKeyword.execute(NavigateToUrlKeyword.groovy:67)
	at com.kms.katalon.core.keyword.internal.KeywordExecutor.executeKeywordForPlatform(KeywordExecutor.groovy:56)
	at com.kms.katalon.core.webui.keyword.WebUiBuiltInKeywords.navigateToUrl(WebUiBuiltInKeywords.groovy:183)
	at com.kms.katalon.core.webui.keyword.WebUiBuiltInKeywords$navigateToUrl$1.call(Unknown Source)
	at Script1553241488977.run(Script1553241488977.groovy:41)
	... 13 more


2019-06-07 19:26:07 - [TEST_STEP][PASSED] - Start listener action : sampleBeforeTestCase: null

2019-06-07 19:26:07 - [TEST_STEP][PASSED] - println(testCaseContext.getTestCaseId()): null

2019-06-07 19:26:07 - [TEST_STEP][PASSED] - println(testCaseContext.getTestCaseVariables()): null

2019-06-07 19:26:08 - [TEST_STEP][PASSED] - openBrowser(""): Browser is opened with url: ''

2019-06-07 19:26:08 - [MESSAGE][INFO] - Starting 'Chrome' driver

2019-06-07 19:26:08 - [MESSAGE][INFO] - Action delay is set to 0 seconds

2019-06-07 19:26:11 - [MESSAGE][PASSED] - Browser is opened with url: ''

2019-06-07 19:26:11 - [TEST_STEP][PASSED] - maximizeWindow(): Current window maximized

2019-06-07 19:26:12 - [MESSAGE][PASSED] - Current window maximized

2019-06-07 19:26:12 - [TEST_STEP][PASSED] - navigateToUrl(ofbizURL): Navigate to 'https://pushofbiz.cliotest.com/login.php' successfully

2019-06-07 19:26:14 - [MESSAGE][PASSED] - Navigate to 'https://pushofbiz.cliotest.com/login.php' successfully

2019-06-07 19:26:14 - [TEST_STEP][PASSED] - setText(findTestObject("Object Repository/virualShowRSVPOR/Page_/input_Username_username"), ofbizUser): Text 'sshinde' is set on object 'Object Repository/virualShowRSVPOR/Page_/input_Username_username'

2019-06-07 19:26:15 - [MESSAGE][PASSED] - Text 'sshinde' is set on object 'Object Repository/virualShowRSVPOR/Page_/input_Username_username'

2019-06-07 19:26:15 - [TEST_STEP][PASSED] - setText(findTestObject("Object Repository/virualShowRSVPOR/Page_/input_Password_password"), ofbizPass): Text 'C@bi$ush5' is set on object 'Object Repository/virualShowRSVPOR/Page_/input_Password_password'

2019-06-07 19:26:15 - [MESSAGE][PASSED] - Text 'C@bi$ush5' is set on object 'Object Repository/virualShowRSVPOR/Page_/input_Password_password'

2019-06-07 19:26:15 - [TEST_STEP][PASSED] - click(findTestObject("Object Repository/virualShowRSVPOR/Page_/input_Password_Submit")): Object: 'Object Repository/virualShowRSVPOR/Page_/input_Password_Submit' is clicked on

2019-06-07 19:26:18 - [MESSAGE][PASSED] - Object: 'Object Repository/virualShowRSVPOR/Page_/input_Password_Submit' is clicked on

2019-06-07 19:26:18 - [TEST_STEP][PASSED] - click(findTestObject("Object Repository/virualShowRSVPOR/Page_/a_Set Vhost")): Object: 'Object Repository/virualShowRSVPOR/Page_/a_Set Vhost' is clicked on

2019-06-07 19:26:18 - [MESSAGE][PASSED] - Object: 'Object Repository/virualShowRSVPOR/Page_/a_Set Vhost' is clicked on

2019-06-07 19:26:18 - [TEST_STEP][PASSED] - selectOptionByValue(findTestObject("Object Repository/virualShowRSVPOR/Page_/select_cabitestcabitest2cabitest3cabitest4cabitest5virtual_cabitest18virtual_cabitest19virtual_cabitest21virtual_cabitest6virtual_cabitest7virtual_cabitest8virtual_cabitest9"), "19", true): All options with value '19' are selected in object 'Object Repository/virualShowRSVPOR/Page_/select_cabitestcabitest2cabitest3cabitest4cabitest5virtual_cabitest18virtual_cabitest19virtual_cabitest21virtual_cabitest6virtual_cabitest7virtual_cabitest8virtual_cabitest9'  using regular expression

2019-06-07 19:26:18 - [MESSAGE][PASSED] - All options with value '19' are selected in object 'Object Repository/virualShowRSVPOR/Page_/select_cabitestcabitest2cabitest3cabitest4cabitest5virtual_cabitest18virtual_cabitest19virtual_cabitest21virtual_cabitest6virtual_cabitest7virtual_cabitest8virtual_cabitest9'  using regular expression

2019-06-07 19:26:18 - [TEST_STEP][PASSED] - click(findTestObject("Object Repository/virualShowRSVPOR/Page_/input")): Object: 'Object Repository/virualShowRSVPOR/Page_/input' is clicked on

2019-06-07 19:26:20 - [MESSAGE][PASSED] - Object: 'Object Repository/virualShowRSVPOR/Page_/input' is clicked on

2019-06-07 19:26:20 - [TEST_STEP][FAILED] - navigateToUrl(micrositeURL): navigateToUrl(micrositeURL) FAILED.
Reason:
com.kms.katalon.core.exception.StepFailedException: Unable to navigate to 'null'
	at com.kms.katalon.core.webui.keyword.internal.WebUIKeywordMain.stepFailed(WebUIKeywordMain.groovy:64)
	at com.kms.katalon.core.webui.keyword.internal.WebUIKeywordMain.runKeyword(WebUIKeywordMain.groovy:26)
	at com.kms.katalon.core.webui.keyword.builtin.NavigateToUrlKeyword.navigateToUrl(NavigateToUrlKeyword.groovy:83)
	at com.kms.katalon.core.webui.keyword.builtin.NavigateToUrlKeyword.execute(NavigateToUrlKeyword.groovy:67)
	at com.kms.katalon.core.keyword.internal.KeywordExecutor.executeKeywordForPlatform(KeywordExecutor.groovy:56)
	at com.kms.katalon.core.webui.keyword.WebUiBuiltInKeywords.navigateToUrl(WebUiBuiltInKeywords.groovy:183)
	at com.kms.katalon.core.webui.keyword.WebUiBuiltInKeywords$navigateToUrl$1.call(Unknown Source)
	at micrositeRSVPValidUser.run(micrositeRSVPValidUser:41)
	at com.kms.katalon.core.main.ScriptEngine.run(ScriptEngine.java:194)
	at com.kms.katalon.core.main.ScriptEngine.runScriptAsRawText(ScriptEngine.java:119)
	at com.kms.katalon.core.main.TestCaseExecutor.runScript(TestCaseExecutor.java:342)
	at com.kms.katalon.core.main.TestCaseExecutor.doExecute(TestCaseExecutor.java:333)
	at com.kms.katalon.core.main.TestCaseExecutor.processExecutionPhase(TestCaseExecutor.java:312)
	at com.kms.katalon.core.main.TestCaseExecutor.accessMainPhase(TestCaseExecutor.java:304)
	at com.kms.katalon.core.main.TestCaseExecutor.execute(TestCaseExecutor.java:238)
	at com.kms.katalon.core.main.TestSuiteExecutor.accessTestCaseMainPhase(TestSuiteExecutor.java:129)
	at com.kms.katalon.core.main.TestSuiteExecutor.accessTestSuiteMainPhase(TestSuiteExecutor.java:112)
	at com.kms.katalon.core.main.TestSuiteExecutor.execute(TestSuiteExecutor.java:81)
	at com.kms.katalon.core.main.TestCaseMain.startTestSuite(TestCaseMain.java:157)
	at com.kms.katalon.core.main.TestCaseMain$startTestSuite$0.call(Unknown Source)
	at TempTestSuite1559915764560.run(TempTestSuite1559915764560.groovy:35)
Caused by: java.lang.IllegalArgumentException: Url cannot be null or empty
	at com.kms.katalon.core.webui.keyword.builtin.NavigateToUrlKeyword$_navigateToUrl_closure1.doCall(NavigateToUrlKeyword.groovy:75)
	at com.kms.katalon.core.webui.keyword.builtin.NavigateToUrlKeyword$_navigateToUrl_closure1.call(NavigateToUrlKeyword.groovy)
	at com.kms.katalon.core.webui.keyword.internal.WebUIKeywordMain.runKeyword(WebUIKeywordMain.groovy:20)
	at com.kms.katalon.core.webui.keyword.builtin.NavigateToUrlKeyword.navigateToUrl(NavigateToUrlKeyword.groovy:83)
	at com.kms.katalon.core.webui.keyword.builtin.NavigateToUrlKeyword.execute(NavigateToUrlKeyword.groovy:67)
	at com.kms.katalon.core.keyword.internal.KeywordExecutor.executeKeywordForPlatform(KeywordExecutor.groovy:56)
	at com.kms.katalon.core.webui.keyword.WebUiBuiltInKeywords.navigateToUrl(WebUiBuiltInKeywords.groovy:183)
	at com.kms.katalon.core.webui.keyword.WebUiBuiltInKeywords$navigateToUrl$1.call(Unknown Source)
	at Script1553241488977.run(Script1553241488977.groovy:41)
	... 13 more


2019-06-07 19:26:21 - [MESSAGE][FAILED] - Unable to navigate to 'null' (Root cause: com.kms.katalon.core.exception.StepFailedException: Unable to navigate to 'null'
	at com.kms.katalon.core.webui.keyword.internal.WebUIKeywordMain.stepFailed(WebUIKeywordMain.groovy:64)
	at com.kms.katalon.core.webui.keyword.internal.WebUIKeywordMain.runKeyword(WebUIKeywordMain.groovy:26)
	at com.kms.katalon.core.webui.keyword.builtin.NavigateToUrlKeyword.navigateToUrl(NavigateToUrlKeyword.groovy:83)
	at com.kms.katalon.core.webui.keyword.builtin.NavigateToUrlKeyword.execute(NavigateToUrlKeyword.groovy:67)
	at com.kms.katalon.core.keyword.internal.KeywordExecutor.executeKeywordForPlatform(KeywordExecutor.groovy:56)
	at com.kms.katalon.core.webui.keyword.WebUiBuiltInKeywords.navigateToUrl(WebUiBuiltInKeywords.groovy:183)
	at com.kms.katalon.core.webui.keyword.WebUiBuiltInKeywords$navigateToUrl$1.call(Unknown Source)
	at micrositeRSVPValidUser.run(micrositeRSVPValidUser:41)
	at com.kms.katalon.core.main.ScriptEngine.run(ScriptEngine.java:194)
	at com.kms.katalon.core.main.ScriptEngine.runScriptAsRawText(ScriptEngine.java:119)
	at com.kms.katalon.core.main.TestCaseExecutor.runScript(TestCaseExecutor.java:342)
	at com.kms.katalon.core.main.TestCaseExecutor.doExecute(TestCaseExecutor.java:333)
	at com.kms.katalon.core.main.TestCaseExecutor.processExecutionPhase(TestCaseExecutor.java:312)
	at com.kms.katalon.core.main.TestCaseExecutor.accessMainPhase(TestCaseExecutor.java:304)
	at com.kms.katalon.core.main.TestCaseExecutor.execute(TestCaseExecutor.java:238)
	at com.kms.katalon.core.main.TestSuiteExecutor.accessTestCaseMainPhase(TestSuiteExecutor.java:129)
	at com.kms.katalon.core.main.TestSuiteExecutor.accessTestSuiteMainPhase(TestSuiteExecutor.java:112)
	at com.kms.katalon.core.main.TestSuiteExecutor.execute(TestSuiteExecutor.java:81)
	at com.kms.katalon.core.main.TestCaseMain.startTestSuite(TestCaseMain.java:157)
	at com.kms.katalon.core.main.TestCaseMain$startTestSuite$0.call(Unknown Source)
	at TempTestSuite1559915764560.run(TempTestSuite1559915764560.groovy:35)
Caused by: java.lang.IllegalArgumentException: Url cannot be null or empty
	at com.kms.katalon.core.webui.keyword.builtin.NavigateToUrlKeyword$_navigateToUrl_closure1.doCall(NavigateToUrlKeyword.groovy:75)
	at com.kms.katalon.core.webui.keyword.builtin.NavigateToUrlKeyword$_navigateToUrl_closure1.call(NavigateToUrlKeyword.groovy)
	at com.kms.katalon.core.webui.keyword.internal.WebUIKeywordMain.runKeyword(WebUIKeywordMain.groovy:20)
	at com.kms.katalon.core.webui.keyword.builtin.NavigateToUrlKeyword.navigateToUrl(NavigateToUrlKeyword.groovy:83)
	at com.kms.katalon.core.webui.keyword.builtin.NavigateToUrlKeyword.execute(NavigateToUrlKeyword.groovy:67)
	at com.kms.katalon.core.keyword.internal.KeywordExecutor.executeKeywordForPlatform(KeywordExecutor.groovy:56)
	at com.kms.katalon.core.webui.keyword.WebUiBuiltInKeywords.navigateToUrl(WebUiBuiltInKeywords.groovy:183)
	at com.kms.katalon.core.webui.keyword.WebUiBuiltInKeywords$navigateToUrl$1.call(Unknown Source)
	at Script1553241488977.run(Script1553241488977.groovy:41)
	... 13 more
)
[[ATTACHMENT|C:\\Users\\user\\Documents\\testautomation\\NewArrivals\\Reports\\VirtualShowRSVPSuites\\MicrositeTestSuite\\20190607_192604\\1559915781473.png]]

2019-06-07 19:26:21 - [MESSAGE][FAILED] - navigateToUrl(micrositeURL) FAILED.
Reason:
com.kms.katalon.core.exception.StepFailedException: Unable to navigate to 'null'
	at com.kms.katalon.core.webui.keyword.internal.WebUIKeywordMain.stepFailed(WebUIKeywordMain.groovy:64)
	at com.kms.katalon.core.webui.keyword.internal.WebUIKeywordMain.runKeyword(WebUIKeywordMain.groovy:26)
	at com.kms.katalon.core.webui.keyword.builtin.NavigateToUrlKeyword.navigateToUrl(NavigateToUrlKeyword.groovy:83)
	at com.kms.katalon.core.webui.keyword.builtin.NavigateToUrlKeyword.execute(NavigateToUrlKeyword.groovy:67)
	at com.kms.katalon.core.keyword.internal.KeywordExecutor.executeKeywordForPlatform(KeywordExecutor.groovy:56)
	at com.kms.katalon.core.webui.keyword.WebUiBuiltInKeywords.navigateToUrl(WebUiBuiltInKeywords.groovy:183)
	at com.kms.katalon.core.webui.keyword.WebUiBuiltInKeywords$navigateToUrl$1.call(Unknown Source)
	at micrositeRSVPValidUser.run(micrositeRSVPValidUser:41)
	at com.kms.katalon.core.main.ScriptEngine.run(ScriptEngine.java:194)
	at com.kms.katalon.core.main.ScriptEngine.runScriptAsRawText(ScriptEngine.java:119)
	at com.kms.katalon.core.main.TestCaseExecutor.runScript(TestCaseExecutor.java:342)
	at com.kms.katalon.core.main.TestCaseExecutor.doExecute(TestCaseExecutor.java:333)
	at com.kms.katalon.core.main.TestCaseExecutor.processExecutionPhase(TestCaseExecutor.java:312)
	at com.kms.katalon.core.main.TestCaseExecutor.accessMainPhase(TestCaseExecutor.java:304)
	at com.kms.katalon.core.main.TestCaseExecutor.execute(TestCaseExecutor.java:238)
	at com.kms.katalon.core.main.TestSuiteExecutor.accessTestCaseMainPhase(TestSuiteExecutor.java:129)
	at com.kms.katalon.core.main.TestSuiteExecutor.accessTestSuiteMainPhase(TestSuiteExecutor.java:112)
	at com.kms.katalon.core.main.TestSuiteExecutor.execute(TestSuiteExecutor.java:81)
	at com.kms.katalon.core.main.TestCaseMain.startTestSuite(TestCaseMain.java:157)
	at com.kms.katalon.core.main.TestCaseMain$startTestSuite$0.call(Unknown Source)
	at TempTestSuite1559915764560.run(TempTestSuite1559915764560.groovy:35)
Caused by: java.lang.IllegalArgumentException: Url cannot be null or empty
	at com.kms.katalon.core.webui.keyword.builtin.NavigateToUrlKeyword$_navigateToUrl_closure1.doCall(NavigateToUrlKeyword.groovy:75)
	at com.kms.katalon.core.webui.keyword.builtin.NavigateToUrlKeyword$_navigateToUrl_closure1.call(NavigateToUrlKeyword.groovy)
	at com.kms.katalon.core.webui.keyword.internal.WebUIKeywordMain.runKeyword(WebUIKeywordMain.groovy:20)
	at com.kms.katalon.core.webui.keyword.builtin.NavigateToUrlKeyword.navigateToUrl(NavigateToUrlKeyword.groovy:83)
	at com.kms.katalon.core.webui.keyword.builtin.NavigateToUrlKeyword.execute(NavigateToUrlKeyword.groovy:67)
	at com.kms.katalon.core.keyword.internal.KeywordExecutor.executeKeywordForPlatform(KeywordExecutor.groovy:56)
	at com.kms.katalon.core.webui.keyword.WebUiBuiltInKeywords.navigateToUrl(WebUiBuiltInKeywords.groovy:183)
	at com.kms.katalon.core.webui.keyword.WebUiBuiltInKeywords$navigateToUrl$1.call(Unknown Source)
	at Script1553241488977.run(Script1553241488977.groovy:41)
	... 13 more]]></system-out>
         <system-err><![CDATA[2019-06-07 19:26:07 - [TEST_CASE][FAILED] - Test Cases/virtualShowRSVP/micrositeRSVPValidUser: Test Cases/virtualShowRSVP/micrositeRSVPValidUser FAILED.
Reason:
com.kms.katalon.core.exception.StepFailedException: Unable to navigate to 'null'
	at com.kms.katalon.core.webui.keyword.internal.WebUIKeywordMain.stepFailed(WebUIKeywordMain.groovy:64)
	at com.kms.katalon.core.webui.keyword.internal.WebUIKeywordMain.runKeyword(WebUIKeywordMain.groovy:26)
	at com.kms.katalon.core.webui.keyword.builtin.NavigateToUrlKeyword.navigateToUrl(NavigateToUrlKeyword.groovy:83)
	at com.kms.katalon.core.webui.keyword.builtin.NavigateToUrlKeyword.execute(NavigateToUrlKeyword.groovy:67)
	at com.kms.katalon.core.keyword.internal.KeywordExecutor.executeKeywordForPlatform(KeywordExecutor.groovy:56)
	at com.kms.katalon.core.webui.keyword.WebUiBuiltInKeywords.navigateToUrl(WebUiBuiltInKeywords.groovy:183)
	at com.kms.katalon.core.webui.keyword.WebUiBuiltInKeywords$navigateToUrl$1.call(Unknown Source)
	at micrositeRSVPValidUser.run(micrositeRSVPValidUser:41)
	at com.kms.katalon.core.main.ScriptEngine.run(ScriptEngine.java:194)
	at com.kms.katalon.core.main.ScriptEngine.runScriptAsRawText(ScriptEngine.java:119)
	at com.kms.katalon.core.main.TestCaseExecutor.runScript(TestCaseExecutor.java:342)
	at com.kms.katalon.core.main.TestCaseExecutor.doExecute(TestCaseExecutor.java:333)
	at com.kms.katalon.core.main.TestCaseExecutor.processExecutionPhase(TestCaseExecutor.java:312)
	at com.kms.katalon.core.main.TestCaseExecutor.accessMainPhase(TestCaseExecutor.java:304)
	at com.kms.katalon.core.main.TestCaseExecutor.execute(TestCaseExecutor.java:238)
	at com.kms.katalon.core.main.TestSuiteExecutor.accessTestCaseMainPhase(TestSuiteExecutor.java:129)
	at com.kms.katalon.core.main.TestSuiteExecutor.accessTestSuiteMainPhase(TestSuiteExecutor.java:112)
	at com.kms.katalon.core.main.TestSuiteExecutor.execute(TestSuiteExecutor.java:81)
	at com.kms.katalon.core.main.TestCaseMain.startTestSuite(TestCaseMain.java:157)
	at com.kms.katalon.core.main.TestCaseMain$startTestSuite$0.call(Unknown Source)
	at TempTestSuite1559915764560.run(TempTestSuite1559915764560.groovy:35)
Caused by: java.lang.IllegalArgumentException: Url cannot be null or empty
	at com.kms.katalon.core.webui.keyword.builtin.NavigateToUrlKeyword$_navigateToUrl_closure1.doCall(NavigateToUrlKeyword.groovy:75)
	at com.kms.katalon.core.webui.keyword.builtin.NavigateToUrlKeyword$_navigateToUrl_closure1.call(NavigateToUrlKeyword.groovy)
	at com.kms.katalon.core.webui.keyword.internal.WebUIKeywordMain.runKeyword(WebUIKeywordMain.groovy:20)
	at com.kms.katalon.core.webui.keyword.builtin.NavigateToUrlKeyword.navigateToUrl(NavigateToUrlKeyword.groovy:83)
	at com.kms.katalon.core.webui.keyword.builtin.NavigateToUrlKeyword.execute(NavigateToUrlKeyword.groovy:67)
	at com.kms.katalon.core.keyword.internal.KeywordExecutor.executeKeywordForPlatform(KeywordExecutor.groovy:56)
	at com.kms.katalon.core.webui.keyword.WebUiBuiltInKeywords.navigateToUrl(WebUiBuiltInKeywords.groovy:183)
	at com.kms.katalon.core.webui.keyword.WebUiBuiltInKeywords$navigateToUrl$1.call(Unknown Source)
	at Script1553241488977.run(Script1553241488977.groovy:41)
	... 13 more]]></system-err>
      </testcase>
      <system-out><![CDATA[2019-06-07 19:26:07 - [TEST_SUITE][FAILED] - MicrositeTestSuite: Test Cases/virtualShowRSVP/micrositeRSVPValidUser FAILED.
Reason:
com.kms.katalon.core.exception.StepFailedException: Unable to navigate to 'null'
	at com.kms.katalon.core.webui.keyword.internal.WebUIKeywordMain.stepFailed(WebUIKeywordMain.groovy:64)
	at com.kms.katalon.core.webui.keyword.internal.WebUIKeywordMain.runKeyword(WebUIKeywordMain.groovy:26)
	at com.kms.katalon.core.webui.keyword.builtin.NavigateToUrlKeyword.navigateToUrl(NavigateToUrlKeyword.groovy:83)
	at com.kms.katalon.core.webui.keyword.builtin.NavigateToUrlKeyword.execute(NavigateToUrlKeyword.groovy:67)
	at com.kms.katalon.core.keyword.internal.KeywordExecutor.executeKeywordForPlatform(KeywordExecutor.groovy:56)
	at com.kms.katalon.core.webui.keyword.WebUiBuiltInKeywords.navigateToUrl(WebUiBuiltInKeywords.groovy:183)
	at com.kms.katalon.core.webui.keyword.WebUiBuiltInKeywords$navigateToUrl$1.call(Unknown Source)
	at micrositeRSVPValidUser.run(micrositeRSVPValidUser:41)
	at com.kms.katalon.core.main.ScriptEngine.run(ScriptEngine.java:194)
	at com.kms.katalon.core.main.ScriptEngine.runScriptAsRawText(ScriptEngine.java:119)
	at com.kms.katalon.core.main.TestCaseExecutor.runScript(TestCaseExecutor.java:342)
	at com.kms.katalon.core.main.TestCaseExecutor.doExecute(TestCaseExecutor.java:333)
	at com.kms.katalon.core.main.TestCaseExecutor.processExecutionPhase(TestCaseExecutor.java:312)
	at com.kms.katalon.core.main.TestCaseExecutor.accessMainPhase(TestCaseExecutor.java:304)
	at com.kms.katalon.core.main.TestCaseExecutor.execute(TestCaseExecutor.java:238)
	at com.kms.katalon.core.main.TestSuiteExecutor.accessTestCaseMainPhase(TestSuiteExecutor.java:129)
	at com.kms.katalon.core.main.TestSuiteExecutor.accessTestSuiteMainPhase(TestSuiteExecutor.java:112)
	at com.kms.katalon.core.main.TestSuiteExecutor.execute(TestSuiteExecutor.java:81)
	at com.kms.katalon.core.main.TestCaseMain.startTestSuite(TestCaseMain.java:157)
	at com.kms.katalon.core.main.TestCaseMain$startTestSuite$0.call(Unknown Source)
	at TempTestSuite1559915764560.run(TempTestSuite1559915764560.groovy:35)
Caused by: java.lang.IllegalArgumentException: Url cannot be null or empty
	at com.kms.katalon.core.webui.keyword.builtin.NavigateToUrlKeyword$_navigateToUrl_closure1.doCall(NavigateToUrlKeyword.groovy:75)
	at com.kms.katalon.core.webui.keyword.builtin.NavigateToUrlKeyword$_navigateToUrl_closure1.call(NavigateToUrlKeyword.groovy)
	at com.kms.katalon.core.webui.keyword.internal.WebUIKeywordMain.runKeyword(WebUIKeywordMain.groovy:20)
	at com.kms.katalon.core.webui.keyword.builtin.NavigateToUrlKeyword.navigateToUrl(NavigateToUrlKeyword.groovy:83)
	at com.kms.katalon.core.webui.keyword.builtin.NavigateToUrlKeyword.execute(NavigateToUrlKeyword.groovy:67)
	at com.kms.katalon.core.keyword.internal.KeywordExecutor.executeKeywordForPlatform(KeywordExecutor.groovy:56)
	at com.kms.katalon.core.webui.keyword.WebUiBuiltInKeywords.navigateToUrl(WebUiBuiltInKeywords.groovy:183)
	at com.kms.katalon.core.webui.keyword.WebUiBuiltInKeywords$navigateToUrl$1.call(Unknown Source)
	at Script1553241488977.run(Script1553241488977.groovy:41)
	... 13 more]]></system-out>
      <system-err><![CDATA[2019-06-07 19:26:07 - [TEST_SUITE][FAILED] - MicrositeTestSuite: Test Cases/virtualShowRSVP/micrositeRSVPValidUser FAILED.
Reason:
com.kms.katalon.core.exception.StepFailedException: Unable to navigate to 'null'
	at com.kms.katalon.core.webui.keyword.internal.WebUIKeywordMain.stepFailed(WebUIKeywordMain.groovy:64)
	at com.kms.katalon.core.webui.keyword.internal.WebUIKeywordMain.runKeyword(WebUIKeywordMain.groovy:26)
	at com.kms.katalon.core.webui.keyword.builtin.NavigateToUrlKeyword.navigateToUrl(NavigateToUrlKeyword.groovy:83)
	at com.kms.katalon.core.webui.keyword.builtin.NavigateToUrlKeyword.execute(NavigateToUrlKeyword.groovy:67)
	at com.kms.katalon.core.keyword.internal.KeywordExecutor.executeKeywordForPlatform(KeywordExecutor.groovy:56)
	at com.kms.katalon.core.webui.keyword.WebUiBuiltInKeywords.navigateToUrl(WebUiBuiltInKeywords.groovy:183)
	at com.kms.katalon.core.webui.keyword.WebUiBuiltInKeywords$navigateToUrl$1.call(Unknown Source)
	at micrositeRSVPValidUser.run(micrositeRSVPValidUser:41)
	at com.kms.katalon.core.main.ScriptEngine.run(ScriptEngine.java:194)
	at com.kms.katalon.core.main.ScriptEngine.runScriptAsRawText(ScriptEngine.java:119)
	at com.kms.katalon.core.main.TestCaseExecutor.runScript(TestCaseExecutor.java:342)
	at com.kms.katalon.core.main.TestCaseExecutor.doExecute(TestCaseExecutor.java:333)
	at com.kms.katalon.core.main.TestCaseExecutor.processExecutionPhase(TestCaseExecutor.java:312)
	at com.kms.katalon.core.main.TestCaseExecutor.accessMainPhase(TestCaseExecutor.java:304)
	at com.kms.katalon.core.main.TestCaseExecutor.execute(TestCaseExecutor.java:238)
	at com.kms.katalon.core.main.TestSuiteExecutor.accessTestCaseMainPhase(TestSuiteExecutor.java:129)
	at com.kms.katalon.core.main.TestSuiteExecutor.accessTestSuiteMainPhase(TestSuiteExecutor.java:112)
	at com.kms.katalon.core.main.TestSuiteExecutor.execute(TestSuiteExecutor.java:81)
	at com.kms.katalon.core.main.TestCaseMain.startTestSuite(TestCaseMain.java:157)
	at com.kms.katalon.core.main.TestCaseMain$startTestSuite$0.call(Unknown Source)
	at TempTestSuite1559915764560.run(TempTestSuite1559915764560.groovy:35)
Caused by: java.lang.IllegalArgumentException: Url cannot be null or empty
	at com.kms.katalon.core.webui.keyword.builtin.NavigateToUrlKeyword$_navigateToUrl_closure1.doCall(NavigateToUrlKeyword.groovy:75)
	at com.kms.katalon.core.webui.keyword.builtin.NavigateToUrlKeyword$_navigateToUrl_closure1.call(NavigateToUrlKeyword.groovy)
	at com.kms.katalon.core.webui.keyword.internal.WebUIKeywordMain.runKeyword(WebUIKeywordMain.groovy:20)
	at com.kms.katalon.core.webui.keyword.builtin.NavigateToUrlKeyword.navigateToUrl(NavigateToUrlKeyword.groovy:83)
	at com.kms.katalon.core.webui.keyword.builtin.NavigateToUrlKeyword.execute(NavigateToUrlKeyword.groovy:67)
	at com.kms.katalon.core.keyword.internal.KeywordExecutor.executeKeywordForPlatform(KeywordExecutor.groovy:56)
	at com.kms.katalon.core.webui.keyword.WebUiBuiltInKeywords.navigateToUrl(WebUiBuiltInKeywords.groovy:183)
	at com.kms.katalon.core.webui.keyword.WebUiBuiltInKeywords$navigateToUrl$1.call(Unknown Source)
	at Script1553241488977.run(Script1553241488977.groovy:41)
	... 13 more]]></system-err>
   </testsuite>
</testsuites>
