<?xml version="1.0" encoding="UTF-8"?>
<testsuites name="MicrositeTestSuite" time="93" tests="1" failures="1" errors="0">
   <testsuite name="MicrositeTestSuite" tests="1" failures="1" errors="0" time="93" timestamp="2019-04-09 17:05:16" hostname="user - 10.0.102.159" id="Test Suites/MicrositeTestSuite">
      <properties>
         <property name="deviceName" value=""/>
         <property name="devicePlatform" value=""/>
         <property name="logFolder" value="C:\\Users\\user\\Katalon Studio\\ShowMicrositeTesting\\Reports\\MicrositeTestSuite\\20190409_170514"/>
         <property name="logFiles" value="C:\\Users\\user\\Katalon Studio\\ShowMicrositeTesting\\Reports\\MicrositeTestSuite\\20190409_170514\\execution0.log"/>
         <property name="attachments" value="C:\\Users\\user\\Katalon Studio\\ShowMicrositeTesting\\Reports\\MicrositeTestSuite\\20190409_170514\\1554809808504.png"/>
         <property name="hostName" value="user - 10.0.102.159"/>
         <property name="os" value="Windows 8.1 64bit"/>
         <property name="katalonVersion" value="6.0.5.10"/>
         <property name="browser" value="Chrome 73.0.3683.103"/>
         <property name="hostAddress" value="10.0.102.159"/>
         <property name="sessionId" value="d86d95fa766b6c8a77bd432b8ca68363"/>
         <property name="seleniumVersion" value="3.7.1"/>
         <property name="proxyInformation" value="ProxyInformation{proxyOption=NO_PROXY, proxyServerType=HTTP, password=, proxyServerAddress=, proxyServerPort=0}"/>
         <property name="platform" value="Windows 8.1"/>
      </properties>
      <testcase name="Test Cases/createShow" classname="Test Cases/createShow" status="PASSED">
         <system-out><![CDATA[2019-04-09 17:05:16 - [TEST_CASE][PASSED] - Test Cases/createShow: Test Cases/createShow

2019-04-09 17:05:18 - [TEST_STEP][PASSED] - openBrowser(""): Browser is opened with url: ''

2019-04-09 17:05:18 - [MESSAGE][INFO] - Starting 'Chrome' driver

2019-04-09 17:05:18 - [MESSAGE][INFO] - Action delay is set to 0 seconds

2019-04-09 17:05:21 - [MESSAGE][PASSED] - Browser is opened with url: ''

2019-04-09 17:05:21 - [TEST_STEP][PASSED] - maximizeWindow(): Current window maximized

2019-04-09 17:05:22 - [MESSAGE][PASSED] - Current window maximized

2019-04-09 17:05:22 - [TEST_STEP][PASSED] - navigateToUrl(findTestData("virtualShowData").getValue(7, 1)): Navigate to 'https://test19.cliotest.com/backoffice/control/main' successfully

2019-04-09 17:05:31 - [MESSAGE][PASSED] - Navigate to 'https://test19.cliotest.com/backoffice/control/main' successfully

2019-04-09 17:05:31 - [TEST_STEP][PASSED] - setText(findTestObject("Page_cabi/input_username"), findTestData("virtualShowData").getValue(1, 1)): Text '400000002' is set on object 'Object Repository/Page_cabi/input_username'

2019-04-09 17:05:31 - [MESSAGE][PASSED] - Text '400000002' is set on object 'Object Repository/Page_cabi/input_username'

2019-04-09 17:05:31 - [TEST_STEP][PASSED] - setEncryptedText(findTestObject("Page_cabi/input_password"), "B/N/DIt9VtgMeGq7IFnfMA=="): Text ****** has been set on object 'Object Repository/Page_cabi/input_password'

2019-04-09 17:05:31 - [MESSAGE][PASSED] - Text ****** has been set on object 'Object Repository/Page_cabi/input_password'

2019-04-09 17:05:31 - [TEST_STEP][PASSED] - click(findTestObject("Page_cabi/input_consultantLogin")): Object: 'Object Repository/Page_cabi/input_consultantLogin' is clicked on

2019-04-09 17:05:39 - [MESSAGE][PASSED] - Object: 'Object Repository/Page_cabi/input_consultantLogin' is clicked on

2019-04-09 17:05:39 - [TEST_STEP][PASSED] - delay(10): Delayed 10 second(s)

2019-04-09 17:05:49 - [MESSAGE][PASSED] - Delayed 10 second(s)

2019-04-09 17:05:49 - [TEST_STEP][PASSED] - verifyElementText(findTestObject("Page_cabi/span_username"), findTestData("virtualShowData").getValue(17, 1)): Actual text and expected text of test object 'Object Repository/Page_cabi/span_username' are matched.

2019-04-09 17:05:49 - [MESSAGE][PASSED] - Actual text and expected text of test object 'Object Repository/Page_cabi/span_username' are matched.

2019-04-09 17:05:49 - [TEST_STEP][PASSED] - rightClick(findTestObject("Page_cabi Home/a_shows _orders")): Object: 'Object Repository/Page_cabi Home/a_shows _orders' is right clicked on

2019-04-09 17:05:49 - [MESSAGE][PASSED] - Object: 'Object Repository/Page_cabi Home/a_shows _orders' is right clicked on

2019-04-09 17:05:49 - [TEST_STEP][PASSED] - click(findTestObject("Page_cabi Home/a_Create_A_Show")): Object: 'Object Repository/Page_cabi Home/a_Create_A_Show' is clicked on

2019-04-09 17:05:53 - [MESSAGE][PASSED] - Object: 'Object Repository/Page_cabi Home/a_Create_A_Show' is clicked on

2019-04-09 17:05:53 - [TEST_STEP][PASSED] - setText(findTestObject("Page_cabi Create Show - Set Hostess/input_Hostess"), findTestData("virtualShowData").getValue(3, 1)): Text 'neohost1 abc' is set on object 'Object Repository/Page_cabi Create Show - Set Hostess/input_Hostess'

2019-04-09 17:05:53 - [MESSAGE][PASSED] - Text 'neohost1 abc' is set on object 'Object Repository/Page_cabi Create Show - Set Hostess/input_Hostess'

2019-04-09 17:05:53 - [TEST_STEP][PASSED] - rightClick(findTestObject("Page_cabi Create Show - Set Hostess/input_Hostess")): Object: 'Object Repository/Page_cabi Create Show - Set Hostess/input_Hostess' is right clicked on

2019-04-09 17:05:53 - [MESSAGE][PASSED] - Object: 'Object Repository/Page_cabi Create Show - Set Hostess/input_Hostess' is right clicked on

2019-04-09 17:05:53 - [TEST_STEP][PASSED] - click(findTestObject("Page_cabi Create Show - Set Hostess/a_select_hostess")): Object: 'Object Repository/Page_cabi Create Show - Set Hostess/a_select_hostess' is clicked on

2019-04-09 17:05:54 - [MESSAGE][PASSED] - Object: 'Object Repository/Page_cabi Create Show - Set Hostess/a_select_hostess' is clicked on

2019-04-09 17:05:54 - [TEST_STEP][PASSED] - setText(findTestObject("Page_cabi Create Show - Set Hostess/input_Hostess_Txt"), findTestData("virtualShowData").getValue(3, 1)): Text 'neohost1 abc' is set on object 'Object Repository/Page_cabi Create Show - Set Hostess/input_Hostess_Txt'

2019-04-09 17:05:54 - [MESSAGE][PASSED] - Text 'neohost1 abc' is set on object 'Object Repository/Page_cabi Create Show - Set Hostess/input_Hostess_Txt'

2019-04-09 17:05:54 - [TEST_STEP][PASSED] - validateHostessAddressMsg = findWebElements(findTestObject("Page_cabi Create Show - Set Hostess/validate_address_msg"), 5): null

2019-04-09 17:05:54 - [TEST_STEP][PASSED] - println(validateHostessAddressMsg.size()): null

2019-04-09 17:05:54 - [TEST_STEP][PASSED] - if (validateHostessAddressMsg.isEmpty()): null

2019-04-09 17:05:54 - [TEST_STEP][PASSED] - selectOptionByValue(findTestObject("Page_cabi Create Show - Set Hostess/select_Choose_From_Contacts_Co-Hostess"), "3", true): All options with value '3' are selected in object 'Object Repository/Page_cabi Create Show - Set Hostess/select_Choose_From_Contacts_Co-Hostess'  using regular expression

2019-04-09 17:05:54 - [MESSAGE][PASSED] - All options with value '3' are selected in object 'Object Repository/Page_cabi Create Show - Set Hostess/select_Choose_From_Contacts_Co-Hostess'  using regular expression

2019-04-09 17:05:54 - [TEST_STEP][PASSED] - setText(findTestObject("Page_cabi Create Show - Set Hostess/input_Cohostess"), findTestData("virtualShowData").getValue(4, 1)): Text 'neocohost1 abc' is set on object 'Object Repository/Page_cabi Create Show - Set Hostess/input_Cohostess'

2019-04-09 17:05:55 - [MESSAGE][PASSED] - Text 'neocohost1 abc' is set on object 'Object Repository/Page_cabi Create Show - Set Hostess/input_Cohostess'

2019-04-09 17:05:55 - [TEST_STEP][PASSED] - rightClick(findTestObject("Page_cabi Create Show - Set Hostess/input_Cohostess")): Object: 'Object Repository/Page_cabi Create Show - Set Hostess/input_Cohostess' is right clicked on

2019-04-09 17:05:55 - [MESSAGE][PASSED] - Object: 'Object Repository/Page_cabi Create Show - Set Hostess/input_Cohostess' is right clicked on

2019-04-09 17:05:55 - [TEST_STEP][PASSED] - rightClick(findTestObject("Page_cabi Create Show - Set Hostess/input_Cohostess")): Object: 'Object Repository/Page_cabi Create Show - Set Hostess/input_Cohostess' is right clicked on

2019-04-09 17:05:55 - [MESSAGE][PASSED] - Object: 'Object Repository/Page_cabi Create Show - Set Hostess/input_Cohostess' is right clicked on

2019-04-09 17:05:55 - [TEST_STEP][PASSED] - click(findTestObject("Page_cabi Create Show - Set Hostess/a_select_cohostess")): Object: 'Object Repository/Page_cabi Create Show - Set Hostess/a_select_cohostess' is clicked on

2019-04-09 17:05:56 - [MESSAGE][PASSED] - Object: 'Object Repository/Page_cabi Create Show - Set Hostess/a_select_cohostess' is clicked on

2019-04-09 17:05:56 - [TEST_STEP][PASSED] - setText(findTestObject("Page_cabi Create Show - Set Hostess/input_Cohostess"), findTestData("virtualShowData").getValue(4, 1)): Text 'neocohost1 abc' is set on object 'Object Repository/Page_cabi Create Show - Set Hostess/input_Cohostess'

2019-04-09 17:05:56 - [MESSAGE][PASSED] - Text 'neocohost1 abc' is set on object 'Object Repository/Page_cabi Create Show - Set Hostess/input_Cohostess'

2019-04-09 17:05:56 - [TEST_STEP][PASSED] - validateHostessAddressMsg = findWebElements(findTestObject("Page_cabi Create Show - Set Hostess/validate_address_msg"), 5): null

2019-04-09 17:05:56 - [TEST_STEP][PASSED] - if (validateHostessAddressMsg.size() != 4): null

2019-04-09 17:05:56 - [TEST_STEP][PASSED] - click(findTestObject("Page_cabi Create Show - Set Hostess/input_next")): Object: 'Object Repository/Page_cabi Create Show - Set Hostess/input_next' is clicked on

2019-04-09 17:05:58 - [MESSAGE][PASSED] - Object: 'Object Repository/Page_cabi Create Show - Set Hostess/input_next' is clicked on

2019-04-09 17:05:58 - [TEST_STEP][PASSED] - delay(5): Delayed 5 second(s)

2019-04-09 17:06:03 - [MESSAGE][PASSED] - Delayed 5 second(s)

2019-04-09 17:06:03 - [TEST_STEP][PASSED] - click(findTestObject("Page_cabi Create Show - Time and Place/check_Virtual_Show")): Object: 'Object Repository/Page_cabi Create Show - Time and Place/check_Virtual_Show' is clicked on

2019-04-09 17:06:03 - [MESSAGE][PASSED] - Object: 'Object Repository/Page_cabi Create Show - Time and Place/check_Virtual_Show' is clicked on

2019-04-09 17:06:03 - [TEST_STEP][PASSED] - rightClick(findTestObject("Page_cabi Create Show - Time and Place/input_Show_Date_Time")): Object: 'Object Repository/Page_cabi Create Show - Time and Place/input_Show_Date_Time' is right clicked on

2019-04-09 17:06:03 - [MESSAGE][PASSED] - Object: 'Object Repository/Page_cabi Create Show - Time and Place/input_Show_Date_Time' is right clicked on

2019-04-09 17:06:03 - [TEST_STEP][PASSED] - rightClick(findTestObject("Object Repository/Page_cabi Create Show - Time and Place/a_18")): Object: 'Object Repository/Page_cabi Create Show - Time and Place/a_18' is right clicked on

2019-04-09 17:06:03 - [MESSAGE][PASSED] - Object: 'Object Repository/Page_cabi Create Show - Time and Place/a_18' is right clicked on

2019-04-09 17:06:03 - [TEST_STEP][PASSED] - click(findTestObject("Object Repository/Page_cabi Create Show - Time and Place/a_18")): Object: 'Object Repository/Page_cabi Create Show - Time and Place/a_18' is clicked on

2019-04-09 17:06:03 - [MESSAGE][PASSED] - Object: 'Object Repository/Page_cabi Create Show - Time and Place/a_18' is clicked on

2019-04-09 17:06:03 - [TEST_STEP][PASSED] - click(findTestObject("Page_cabi Create Show - Time and Place/a_select_End_Time")): Object: 'Object Repository/Page_cabi Create Show - Time and Place/a_select_End_Time' is clicked on

2019-04-09 17:06:03 - [MESSAGE][PASSED] - Object: 'Object Repository/Page_cabi Create Show - Time and Place/a_select_End_Time' is clicked on

2019-04-09 17:06:03 - [TEST_STEP][PASSED] - click(findTestObject("Page_cabi Create Show - Time and Place/input_next")): Object: 'Object Repository/Page_cabi Create Show - Time and Place/input_next' is clicked on

2019-04-09 17:06:04 - [MESSAGE][PASSED] - Object: 'Object Repository/Page_cabi Create Show - Time and Place/input_next' is clicked on

2019-04-09 17:06:04 - [TEST_STEP][PASSED] - delay(5): Delayed 5 second(s)

2019-04-09 17:06:09 - [MESSAGE][PASSED] - Delayed 5 second(s)

2019-04-09 17:06:09 - [TEST_STEP][PASSED] - click(findTestObject("Page_cabi Create Show - Invite Hostess/input_Skip_Invite")): Object: 'Object Repository/Page_cabi Create Show - Invite Hostess/input_Skip_Invite' is clicked on

2019-04-09 17:06:10 - [MESSAGE][PASSED] - Object: 'Object Repository/Page_cabi Create Show - Invite Hostess/input_Skip_Invite' is clicked on

2019-04-09 17:06:10 - [TEST_STEP][PASSED] - rightClick(findTestObject("Page_cabi Edit Show - Add Guests/contact_search_box")): Object: 'Object Repository/Page_cabi Edit Show - Add Guests/contact_search_box' is right clicked on

2019-04-09 17:06:11 - [MESSAGE][PASSED] - Object: 'Object Repository/Page_cabi Edit Show - Add Guests/contact_search_box' is right clicked on

2019-04-09 17:06:11 - [TEST_STEP][PASSED] - setText(findTestObject("Page_cabi Edit Show - Add Guests/contact_search_box"), findTestData("virtualShowData").getValue(5, 1)): Text 'neoguest1 abc' is set on object 'Object Repository/Page_cabi Edit Show - Add Guests/contact_search_box'

2019-04-09 17:06:11 - [MESSAGE][PASSED] - Text 'neoguest1 abc' is set on object 'Object Repository/Page_cabi Edit Show - Add Guests/contact_search_box'

2019-04-09 17:06:11 - [TEST_STEP][PASSED] - click(findTestObject("Page_cabi Edit Show - Add Guests/plus_add_guest")): Object: 'Object Repository/Page_cabi Edit Show - Add Guests/plus_add_guest' is clicked on

2019-04-09 17:06:11 - [MESSAGE][PASSED] - Object: 'Object Repository/Page_cabi Edit Show - Add Guests/plus_add_guest' is clicked on

2019-04-09 17:06:11 - [TEST_STEP][PASSED] - rightClick(findTestObject("Page_cabi Edit Show - Add Guests/plus_add_guest")): Object: 'Object Repository/Page_cabi Edit Show - Add Guests/plus_add_guest' is right clicked on

2019-04-09 17:06:11 - [MESSAGE][PASSED] - Object: 'Object Repository/Page_cabi Edit Show - Add Guests/plus_add_guest' is right clicked on

2019-04-09 17:06:11 - [TEST_STEP][PASSED] - rightClick(findTestObject("Page_cabi Edit Show - Add Guests/plus_add_guest")): Object: 'Object Repository/Page_cabi Edit Show - Add Guests/plus_add_guest' is right clicked on

2019-04-09 17:06:11 - [MESSAGE][PASSED] - Object: 'Object Repository/Page_cabi Edit Show - Add Guests/plus_add_guest' is right clicked on

2019-04-09 17:06:11 - [TEST_STEP][PASSED] - click(findTestObject("Page_cabi Edit Show - Add Guests/plus_add_guest")): Object: 'Object Repository/Page_cabi Edit Show - Add Guests/plus_add_guest' is clicked on

2019-04-09 17:06:11 - [MESSAGE][PASSED] - Object: 'Object Repository/Page_cabi Edit Show - Add Guests/plus_add_guest' is clicked on

2019-04-09 17:06:11 - [TEST_STEP][PASSED] - delay(5): Delayed 5 second(s)

2019-04-09 17:06:16 - [MESSAGE][PASSED] - Delayed 5 second(s)

2019-04-09 17:06:16 - [TEST_STEP][PASSED] - click(findTestObject("Page_cabi Edit Show - Add Guests/i_span_add_guest")): Object: 'Object Repository/Page_cabi Edit Show - Add Guests/i_span_add_guest' is clicked on

2019-04-09 17:06:17 - [MESSAGE][PASSED] - Object: 'Object Repository/Page_cabi Edit Show - Add Guests/i_span_add_guest' is clicked on

2019-04-09 17:06:17 - [TEST_STEP][PASSED] - rightClick(findTestObject("Page_cabi Edit Show - Add Guests/contact_search_box")): Object: 'Object Repository/Page_cabi Edit Show - Add Guests/contact_search_box' is right clicked on

2019-04-09 17:06:17 - [MESSAGE][PASSED] - Object: 'Object Repository/Page_cabi Edit Show - Add Guests/contact_search_box' is right clicked on

2019-04-09 17:06:17 - [TEST_STEP][PASSED] - setText(findTestObject("Page_cabi Edit Show - Add Guests/contact_search_box"), findTestData("virtualShowData").getValue(6, 1)): Text 'michigan contact' is set on object 'Object Repository/Page_cabi Edit Show - Add Guests/contact_search_box'

2019-04-09 17:06:17 - [MESSAGE][PASSED] - Text 'michigan contact' is set on object 'Object Repository/Page_cabi Edit Show - Add Guests/contact_search_box'

2019-04-09 17:06:17 - [TEST_STEP][PASSED] - rightClick(findTestObject("Page_cabi Edit Show - Add Guests/contact_search_box")): Object: 'Object Repository/Page_cabi Edit Show - Add Guests/contact_search_box' is right clicked on

2019-04-09 17:06:17 - [MESSAGE][PASSED] - Object: 'Object Repository/Page_cabi Edit Show - Add Guests/contact_search_box' is right clicked on

2019-04-09 17:06:17 - [TEST_STEP][PASSED] - click(findTestObject("Page_cabi Edit Show - Add Guests/plus_add_guest")): Object: 'Object Repository/Page_cabi Edit Show - Add Guests/plus_add_guest' is clicked on

2019-04-09 17:06:17 - [MESSAGE][PASSED] - Object: 'Object Repository/Page_cabi Edit Show - Add Guests/plus_add_guest' is clicked on

2019-04-09 17:06:17 - [TEST_STEP][PASSED] - rightClick(findTestObject("Page_cabi Edit Show - Add Guests/plus_add_guest")): Object: 'Object Repository/Page_cabi Edit Show - Add Guests/plus_add_guest' is right clicked on

2019-04-09 17:06:17 - [MESSAGE][PASSED] - Object: 'Object Repository/Page_cabi Edit Show - Add Guests/plus_add_guest' is right clicked on

2019-04-09 17:06:17 - [TEST_STEP][PASSED] - rightClick(findTestObject("Page_cabi Edit Show - Add Guests/plus_add_guest")): Object: 'Object Repository/Page_cabi Edit Show - Add Guests/plus_add_guest' is right clicked on

2019-04-09 17:06:17 - [MESSAGE][PASSED] - Object: 'Object Repository/Page_cabi Edit Show - Add Guests/plus_add_guest' is right clicked on

2019-04-09 17:06:17 - [TEST_STEP][PASSED] - click(findTestObject("Page_cabi Edit Show - Add Guests/plus_add_guest")): Object: 'Object Repository/Page_cabi Edit Show - Add Guests/plus_add_guest' is clicked on

2019-04-09 17:06:17 - [MESSAGE][PASSED] - Object: 'Object Repository/Page_cabi Edit Show - Add Guests/plus_add_guest' is clicked on

2019-04-09 17:06:17 - [TEST_STEP][PASSED] - delay(5): Delayed 5 second(s)

2019-04-09 17:06:22 - [MESSAGE][PASSED] - Delayed 5 second(s)

2019-04-09 17:06:22 - [TEST_STEP][PASSED] - click(findTestObject("Page_cabi Edit Show - Add Guests/i_span_add_guest")): Object: 'Object Repository/Page_cabi Edit Show - Add Guests/i_span_add_guest' is clicked on

2019-04-09 17:06:23 - [MESSAGE][PASSED] - Object: 'Object Repository/Page_cabi Edit Show - Add Guests/i_span_add_guest' is clicked on

2019-04-09 17:06:23 - [TEST_STEP][PASSED] - delay(5): Delayed 5 second(s)

2019-04-09 17:06:28 - [MESSAGE][PASSED] - Delayed 5 second(s)

2019-04-09 17:06:28 - [TEST_STEP][PASSED] - verifyElementText(findTestObject("Page_cabi Edit Show - Add Guests/span_hostess_name"), findTestData("virtualShowData").getValue(18, 1)): Actual text and expected text of test object 'Object Repository/Page_cabi Edit Show - Add Guests/span_hostess_name' are matched.

2019-04-09 17:06:28 - [MESSAGE][PASSED] - Actual text and expected text of test object 'Object Repository/Page_cabi Edit Show - Add Guests/span_hostess_name' are matched.

2019-04-09 17:06:28 - [TEST_STEP][PASSED] - verifyElementText(findTestObject("Page_cabi Edit Show - Add Guests/span_cohostess_name"), findTestData("virtualShowData").getValue(19, 1)): Actual text and expected text of test object 'Object Repository/Page_cabi Edit Show - Add Guests/span_cohostess_name' are matched.

2019-04-09 17:06:28 - [MESSAGE][PASSED] - Actual text and expected text of test object 'Object Repository/Page_cabi Edit Show - Add Guests/span_cohostess_name' are matched.

2019-04-09 17:06:28 - [TEST_STEP][PASSED] - listElement = findWebElements(findTestObject("Page_cabi Edit Show - Add Guests/span_guest_name_list"), 5): null

2019-04-09 17:06:28 - [TEST_STEP][PASSED] - guestCount = Integer.parseInt(findTestData("virtualShowData").getValue(20, 1)): null

2019-04-09 17:06:28 - [TEST_STEP][PASSED] - assert listElement.size() == guestCount: null

2019-04-09 17:06:28 - [TEST_STEP][PASSED] - flag = false: null

2019-04-09 17:06:28 - [TEST_STEP][PASSED] - for ([i = 0, i < guestCount, (i++)]): null

2019-04-09 17:06:28 - [TEST_STEP][PASSED] - flag = false: null

2019-04-09 17:06:28 - [TEST_STEP][PASSED] - for (org.openqa.selenium.WebElement we : listElement): null

2019-04-09 17:06:28 - [TEST_STEP][PASSED] - println(we.getText()): null

2019-04-09 17:06:28 - [TEST_STEP][PASSED] - if (getText().equals(findTestData("virtualShowData").getValue(21 + i, 1))): null

2019-04-09 17:06:28 - [TEST_STEP][PASSED] - println(we.getText()): null

2019-04-09 17:06:28 - [TEST_STEP][PASSED] - if (getText().equals(findTestData("virtualShowData").getValue(21 + i, 1))): null

2019-04-09 17:06:28 - [TEST_STEP][PASSED] - flag = true: null

2019-04-09 17:06:28 - [TEST_STEP][PASSED] - flag = false: null

2019-04-09 17:06:28 - [TEST_STEP][PASSED] - for (org.openqa.selenium.WebElement we : listElement): null

2019-04-09 17:06:28 - [TEST_STEP][PASSED] - println(we.getText()): null

2019-04-09 17:06:28 - [TEST_STEP][PASSED] - if (getText().equals(findTestData("virtualShowData").getValue(21 + i, 1))): null

2019-04-09 17:06:28 - [TEST_STEP][PASSED] - flag = true: null

2019-04-09 17:06:28 - [TEST_STEP][PASSED] - println(we.getText()): null

2019-04-09 17:06:28 - [TEST_STEP][PASSED] - if (getText().equals(findTestData("virtualShowData").getValue(21 + i, 1))): null

2019-04-09 17:06:28 - [TEST_STEP][PASSED] - assert flag == true: null

2019-04-09 17:06:28 - [TEST_STEP][PASSED] - click(findTestObject("Page_cabi Edit Show - Add Guests/input_Next")): Object: 'Object Repository/Page_cabi Edit Show - Add Guests/input_Next' is clicked on

2019-04-09 17:06:31 - [MESSAGE][PASSED] - Object: 'Object Repository/Page_cabi Edit Show - Add Guests/input_Next' is clicked on

2019-04-09 17:06:31 - [TEST_STEP][PASSED] - delay(5): Delayed 5 second(s)

2019-04-09 17:06:37 - [MESSAGE][PASSED] - Delayed 5 second(s)

2019-04-09 17:06:37 - [TEST_STEP][PASSED] - click(findTestObject("Page_cabi Edit Show - Send Invitations/input_Overview")): Object: 'Object Repository/Page_cabi Edit Show - Send Invitations/input_Overview' is clicked on

2019-04-09 17:06:39 - [MESSAGE][PASSED] - Object: 'Object Repository/Page_cabi Edit Show - Send Invitations/input_Overview' is clicked on

2019-04-09 17:06:39 - [TEST_STEP][PASSED] - showID = getText(findTestObject("Page_cabi Orders/li_Show_ID_Text")): Text of object 'Object Repository/Page_cabi Orders/li_Show_ID_Text' is: 'Show #: 104516796'

2019-04-09 17:06:39 - [MESSAGE][PASSED] - Text of object 'Object Repository/Page_cabi Orders/li_Show_ID_Text' is: 'Show #: 104516796'

2019-04-09 17:06:39 - [TEST_STEP][PASSED] - rightClick(findTestObject("Object Repository/Page_cabi Orders/a_Account")): Object: 'Object Repository/Page_cabi Orders/a_Account' is right clicked on

2019-04-09 17:06:39 - [MESSAGE][PASSED] - Object: 'Object Repository/Page_cabi Orders/a_Account' is right clicked on

2019-04-09 17:06:39 - [TEST_STEP][PASSED] - click(findTestObject("Object Repository/Page_cabi Orders/a_My Profile")): Object: 'Object Repository/Page_cabi Orders/a_My Profile' is clicked on

2019-04-09 17:06:41 - [MESSAGE][PASSED] - Object: 'Object Repository/Page_cabi Orders/a_My Profile' is clicked on

2019-04-09 17:06:41 - [TEST_STEP][PASSED] - rsName = getText(findTestObject("Page_cabi My Profile/span_rsName")): Text of object 'Object Repository/Page_cabi My Profile/span_rsName' is: 'MirandaKate'

2019-04-09 17:06:41 - [MESSAGE][PASSED] - Text of object 'Object Repository/Page_cabi My Profile/span_rsName' is: 'MirandaKate'

2019-04-09 17:06:41 - [TEST_STEP][PASSED] - cabitTestEnvt = findTestData("virtualShowData").getValue(8, 1): null

2019-04-09 17:06:41 - [TEST_STEP][PASSED] - micrositeURL = WriteExcel.createURL(rsName, cabitTestEnvt, showID): null

2019-04-09 17:06:41 - [TEST_STEP][PASSED] - myPack.WriteExcel.demoKey(micrositeURL): myPack.WriteExcel.demoKey is PASSED

2019-04-09 17:06:41 - [MESSAGE][PASSED] - myPack.WriteExcel.demoKey is PASSED

2019-04-09 17:06:41 - [TEST_STEP][PASSED] - closeBrowser(): Browser is closed

2019-04-09 17:06:42 - [MESSAGE][PASSED] - Browser is closed]]></system-out>
         <system-err><![CDATA[]]></system-err>
      </testcase>
      <testcase name="Test Cases/micrositeRSVPValidUser" classname="Test Cases/micrositeRSVPValidUser" status="FAILED">
         <failure type="FAILED" message="Test Cases/micrositeRSVPValidUser FAILED.
Reason:
com.kms.katalon.core.exception.StepFailedException: Unable to set encrypted text for object 'Object Repository/Page_/input_Password_password'
	at com.kms.katalon.core.keyword.internal.KeywordMain.stepFailed(KeywordMain.groovy:48)
	at com.kms.katalon.core.webui.keyword.internal.WebUIKeywordMain.stepFailed(WebUIKeywordMain.groovy:65)
	at com.kms.katalon.core.webui.keyword.internal.WebUIKeywordMain.runKeyword(WebUIKeywordMain.groovy:27)
	at com.kms.katalon.core.webui.keyword.builtin.SetEncryptedTextKeyword.setEncryptedText(SetEncryptedTextKeyword.groovy:65)
	at com.kms.katalon.core.webui.keyword.builtin.SetEncryptedTextKeyword.execute(SetEncryptedTextKeyword.groovy:34)
	at com.kms.katalon.core.keyword.internal.KeywordExecutor.executeKeywordForPlatform(KeywordExecutor.groovy:56)
	at com.kms.katalon.core.webui.keyword.WebUiBuiltInKeywords.setEncryptedText(WebUiBuiltInKeywords.groovy:981)
	at com.kms.katalon.core.webui.keyword.WebUiBuiltInKeywords$setEncryptedText$3.call(Unknown Source)
	at micrositeRSVPValidUser.run(micrositeRSVPValidUser:28)
	at com.kms.katalon.core.main.ScriptEngine.run(ScriptEngine.java:194)
	at com.kms.katalon.core.main.ScriptEngine.runScriptAsRawText(ScriptEngine.java:119)
	at com.kms.katalon.core.main.TestCaseExecutor.runScript(TestCaseExecutor.java:331)
	at com.kms.katalon.core.main.TestCaseExecutor.doExecute(TestCaseExecutor.java:322)
	at com.kms.katalon.core.main.TestCaseExecutor.processExecutionPhase(TestCaseExecutor.java:301)
	at com.kms.katalon.core.main.TestCaseExecutor.accessMainPhase(TestCaseExecutor.java:293)
	at com.kms.katalon.core.main.TestCaseExecutor.execute(TestCaseExecutor.java:227)
	at com.kms.katalon.core.main.TestSuiteExecutor.accessTestCaseMainPhase(TestSuiteExecutor.java:129)
	at com.kms.katalon.core.main.TestSuiteExecutor.accessTestSuiteMainPhase(TestSuiteExecutor.java:112)
	at com.kms.katalon.core.main.TestSuiteExecutor.execute(TestSuiteExecutor.java:81)
	at com.kms.katalon.core.main.TestCaseMain.startTestSuite(TestCaseMain.java:157)
	at com.kms.katalon.core.main.TestCaseMain$startTestSuite$0.call(Unknown Source)
	at TempTestSuite1554809714119.run(TempTestSuite1554809714119.groovy:35)
"/>
         <system-out><![CDATA[2019-04-09 17:06:42 - [TEST_CASE][FAILED] - Test Cases/micrositeRSVPValidUser: Test Cases/micrositeRSVPValidUser FAILED.
Reason:
com.kms.katalon.core.exception.StepFailedException: Unable to set encrypted text for object 'Object Repository/Page_/input_Password_password'
	at com.kms.katalon.core.keyword.internal.KeywordMain.stepFailed(KeywordMain.groovy:48)
	at com.kms.katalon.core.webui.keyword.internal.WebUIKeywordMain.stepFailed(WebUIKeywordMain.groovy:65)
	at com.kms.katalon.core.webui.keyword.internal.WebUIKeywordMain.runKeyword(WebUIKeywordMain.groovy:27)
	at com.kms.katalon.core.webui.keyword.builtin.SetEncryptedTextKeyword.setEncryptedText(SetEncryptedTextKeyword.groovy:65)
	at com.kms.katalon.core.webui.keyword.builtin.SetEncryptedTextKeyword.execute(SetEncryptedTextKeyword.groovy:34)
	at com.kms.katalon.core.keyword.internal.KeywordExecutor.executeKeywordForPlatform(KeywordExecutor.groovy:56)
	at com.kms.katalon.core.webui.keyword.WebUiBuiltInKeywords.setEncryptedText(WebUiBuiltInKeywords.groovy:981)
	at com.kms.katalon.core.webui.keyword.WebUiBuiltInKeywords$setEncryptedText$3.call(Unknown Source)
	at micrositeRSVPValidUser.run(micrositeRSVPValidUser:28)
	at com.kms.katalon.core.main.ScriptEngine.run(ScriptEngine.java:194)
	at com.kms.katalon.core.main.ScriptEngine.runScriptAsRawText(ScriptEngine.java:119)
	at com.kms.katalon.core.main.TestCaseExecutor.runScript(TestCaseExecutor.java:331)
	at com.kms.katalon.core.main.TestCaseExecutor.doExecute(TestCaseExecutor.java:322)
	at com.kms.katalon.core.main.TestCaseExecutor.processExecutionPhase(TestCaseExecutor.java:301)
	at com.kms.katalon.core.main.TestCaseExecutor.accessMainPhase(TestCaseExecutor.java:293)
	at com.kms.katalon.core.main.TestCaseExecutor.execute(TestCaseExecutor.java:227)
	at com.kms.katalon.core.main.TestSuiteExecutor.accessTestCaseMainPhase(TestSuiteExecutor.java:129)
	at com.kms.katalon.core.main.TestSuiteExecutor.accessTestSuiteMainPhase(TestSuiteExecutor.java:112)
	at com.kms.katalon.core.main.TestSuiteExecutor.execute(TestSuiteExecutor.java:81)
	at com.kms.katalon.core.main.TestCaseMain.startTestSuite(TestCaseMain.java:157)
	at com.kms.katalon.core.main.TestCaseMain$startTestSuite$0.call(Unknown Source)
	at TempTestSuite1554809714119.run(TempTestSuite1554809714119.groovy:35)


2019-04-09 17:06:43 - [TEST_STEP][PASSED] - openBrowser(""): Browser is opened with url: ''

2019-04-09 17:06:43 - [MESSAGE][INFO] - Starting 'Chrome' driver

2019-04-09 17:06:45 - [MESSAGE][PASSED] - Browser is opened with url: ''

2019-04-09 17:06:45 - [TEST_STEP][PASSED] - maximizeWindow(): Current window maximized

2019-04-09 17:06:46 - [MESSAGE][PASSED] - Current window maximized

2019-04-09 17:06:46 - [TEST_STEP][PASSED] - navigateToUrl(findTestData("virtualShowData").getValue(1, 5)): Navigate to 'https://pushofbiz.cliotest.com/login.php' successfully

2019-04-09 17:06:48 - [MESSAGE][PASSED] - Navigate to 'https://pushofbiz.cliotest.com/login.php' successfully

2019-04-09 17:06:48 - [TEST_STEP][PASSED] - setText(findTestObject("Page_/input_Username_username"), findTestData("virtualShowData").getValue(2, 5)): Text 'sshinde' is set on object 'Object Repository/Page_/input_Username_username'

2019-04-09 17:06:48 - [MESSAGE][PASSED] - Text 'sshinde' is set on object 'Object Repository/Page_/input_Username_username'

2019-04-09 17:06:48 - [TEST_STEP][FAILED] - setEncryptedText(findTestObject("Page_/input_Password_password"), findTestData("virtualShowData").getValue(3, 5)): setEncryptedText(findTestObject("Page_/input_Password_password"), findTestData("virtualShowData").getValue(3, 5)) FAILED.
Reason:
com.kms.katalon.core.exception.StepFailedException: Unable to set encrypted text for object 'Object Repository/Page_/input_Password_password'
	at com.kms.katalon.core.keyword.internal.KeywordMain.stepFailed(KeywordMain.groovy:48)
	at com.kms.katalon.core.webui.keyword.internal.WebUIKeywordMain.stepFailed(WebUIKeywordMain.groovy:65)
	at com.kms.katalon.core.webui.keyword.internal.WebUIKeywordMain.runKeyword(WebUIKeywordMain.groovy:27)
	at com.kms.katalon.core.webui.keyword.builtin.SetEncryptedTextKeyword.setEncryptedText(SetEncryptedTextKeyword.groovy:65)
	at com.kms.katalon.core.webui.keyword.builtin.SetEncryptedTextKeyword.execute(SetEncryptedTextKeyword.groovy:34)
	at com.kms.katalon.core.keyword.internal.KeywordExecutor.executeKeywordForPlatform(KeywordExecutor.groovy:56)
	at com.kms.katalon.core.webui.keyword.WebUiBuiltInKeywords.setEncryptedText(WebUiBuiltInKeywords.groovy:981)
	at com.kms.katalon.core.webui.keyword.WebUiBuiltInKeywords$setEncryptedText$3.call(Unknown Source)
	at micrositeRSVPValidUser.run(micrositeRSVPValidUser:28)
	at com.kms.katalon.core.main.ScriptEngine.run(ScriptEngine.java:194)
	at com.kms.katalon.core.main.ScriptEngine.runScriptAsRawText(ScriptEngine.java:119)
	at com.kms.katalon.core.main.TestCaseExecutor.runScript(TestCaseExecutor.java:331)
	at com.kms.katalon.core.main.TestCaseExecutor.doExecute(TestCaseExecutor.java:322)
	at com.kms.katalon.core.main.TestCaseExecutor.processExecutionPhase(TestCaseExecutor.java:301)
	at com.kms.katalon.core.main.TestCaseExecutor.accessMainPhase(TestCaseExecutor.java:293)
	at com.kms.katalon.core.main.TestCaseExecutor.execute(TestCaseExecutor.java:227)
	at com.kms.katalon.core.main.TestSuiteExecutor.accessTestCaseMainPhase(TestSuiteExecutor.java:129)
	at com.kms.katalon.core.main.TestSuiteExecutor.accessTestSuiteMainPhase(TestSuiteExecutor.java:112)
	at com.kms.katalon.core.main.TestSuiteExecutor.execute(TestSuiteExecutor.java:81)
	at com.kms.katalon.core.main.TestCaseMain.startTestSuite(TestCaseMain.java:157)
	at com.kms.katalon.core.main.TestCaseMain$startTestSuite$0.call(Unknown Source)
	at TempTestSuite1554809714119.run(TempTestSuite1554809714119.groovy:35)


2019-04-09 17:06:48 - [MESSAGE][FAILED] - Unable to set encrypted text for object 'Object Repository/Page_/input_Password_password'
[[ATTACHMENT|C:\\Users\\user\\Katalon Studio\\ShowMicrositeTesting\\Reports\\MicrositeTestSuite\\20190409_170514\\1554809808504.png]]

2019-04-09 17:06:48 - [MESSAGE][FAILED] - setEncryptedText(findTestObject("Page_/input_Password_password"), findTestData("virtualShowData").getValue(3, 5)) FAILED.
Reason:
com.kms.katalon.core.exception.StepFailedException: Unable to set encrypted text for object 'Object Repository/Page_/input_Password_password'
	at com.kms.katalon.core.keyword.internal.KeywordMain.stepFailed(KeywordMain.groovy:48)
	at com.kms.katalon.core.webui.keyword.internal.WebUIKeywordMain.stepFailed(WebUIKeywordMain.groovy:65)
	at com.kms.katalon.core.webui.keyword.internal.WebUIKeywordMain.runKeyword(WebUIKeywordMain.groovy:27)
	at com.kms.katalon.core.webui.keyword.builtin.SetEncryptedTextKeyword.setEncryptedText(SetEncryptedTextKeyword.groovy:65)
	at com.kms.katalon.core.webui.keyword.builtin.SetEncryptedTextKeyword.execute(SetEncryptedTextKeyword.groovy:34)
	at com.kms.katalon.core.keyword.internal.KeywordExecutor.executeKeywordForPlatform(KeywordExecutor.groovy:56)
	at com.kms.katalon.core.webui.keyword.WebUiBuiltInKeywords.setEncryptedText(WebUiBuiltInKeywords.groovy:981)
	at com.kms.katalon.core.webui.keyword.WebUiBuiltInKeywords$setEncryptedText$3.call(Unknown Source)
	at micrositeRSVPValidUser.run(micrositeRSVPValidUser:28)
	at com.kms.katalon.core.main.ScriptEngine.run(ScriptEngine.java:194)
	at com.kms.katalon.core.main.ScriptEngine.runScriptAsRawText(ScriptEngine.java:119)
	at com.kms.katalon.core.main.TestCaseExecutor.runScript(TestCaseExecutor.java:331)
	at com.kms.katalon.core.main.TestCaseExecutor.doExecute(TestCaseExecutor.java:322)
	at com.kms.katalon.core.main.TestCaseExecutor.processExecutionPhase(TestCaseExecutor.java:301)
	at com.kms.katalon.core.main.TestCaseExecutor.accessMainPhase(TestCaseExecutor.java:293)
	at com.kms.katalon.core.main.TestCaseExecutor.execute(TestCaseExecutor.java:227)
	at com.kms.katalon.core.main.TestSuiteExecutor.accessTestCaseMainPhase(TestSuiteExecutor.java:129)
	at com.kms.katalon.core.main.TestSuiteExecutor.accessTestSuiteMainPhase(TestSuiteExecutor.java:112)
	at com.kms.katalon.core.main.TestSuiteExecutor.execute(TestSuiteExecutor.java:81)
	at com.kms.katalon.core.main.TestCaseMain.startTestSuite(TestCaseMain.java:157)
	at com.kms.katalon.core.main.TestCaseMain$startTestSuite$0.call(Unknown Source)
	at TempTestSuite1554809714119.run(TempTestSuite1554809714119.groovy:35)]]></system-out>
         <system-err><![CDATA[2019-04-09 17:06:42 - [TEST_CASE][FAILED] - Test Cases/micrositeRSVPValidUser: Test Cases/micrositeRSVPValidUser FAILED.
Reason:
com.kms.katalon.core.exception.StepFailedException: Unable to set encrypted text for object 'Object Repository/Page_/input_Password_password'
	at com.kms.katalon.core.keyword.internal.KeywordMain.stepFailed(KeywordMain.groovy:48)
	at com.kms.katalon.core.webui.keyword.internal.WebUIKeywordMain.stepFailed(WebUIKeywordMain.groovy:65)
	at com.kms.katalon.core.webui.keyword.internal.WebUIKeywordMain.runKeyword(WebUIKeywordMain.groovy:27)
	at com.kms.katalon.core.webui.keyword.builtin.SetEncryptedTextKeyword.setEncryptedText(SetEncryptedTextKeyword.groovy:65)
	at com.kms.katalon.core.webui.keyword.builtin.SetEncryptedTextKeyword.execute(SetEncryptedTextKeyword.groovy:34)
	at com.kms.katalon.core.keyword.internal.KeywordExecutor.executeKeywordForPlatform(KeywordExecutor.groovy:56)
	at com.kms.katalon.core.webui.keyword.WebUiBuiltInKeywords.setEncryptedText(WebUiBuiltInKeywords.groovy:981)
	at com.kms.katalon.core.webui.keyword.WebUiBuiltInKeywords$setEncryptedText$3.call(Unknown Source)
	at micrositeRSVPValidUser.run(micrositeRSVPValidUser:28)
	at com.kms.katalon.core.main.ScriptEngine.run(ScriptEngine.java:194)
	at com.kms.katalon.core.main.ScriptEngine.runScriptAsRawText(ScriptEngine.java:119)
	at com.kms.katalon.core.main.TestCaseExecutor.runScript(TestCaseExecutor.java:331)
	at com.kms.katalon.core.main.TestCaseExecutor.doExecute(TestCaseExecutor.java:322)
	at com.kms.katalon.core.main.TestCaseExecutor.processExecutionPhase(TestCaseExecutor.java:301)
	at com.kms.katalon.core.main.TestCaseExecutor.accessMainPhase(TestCaseExecutor.java:293)
	at com.kms.katalon.core.main.TestCaseExecutor.execute(TestCaseExecutor.java:227)
	at com.kms.katalon.core.main.TestSuiteExecutor.accessTestCaseMainPhase(TestSuiteExecutor.java:129)
	at com.kms.katalon.core.main.TestSuiteExecutor.accessTestSuiteMainPhase(TestSuiteExecutor.java:112)
	at com.kms.katalon.core.main.TestSuiteExecutor.execute(TestSuiteExecutor.java:81)
	at com.kms.katalon.core.main.TestCaseMain.startTestSuite(TestCaseMain.java:157)
	at com.kms.katalon.core.main.TestCaseMain$startTestSuite$0.call(Unknown Source)
	at TempTestSuite1554809714119.run(TempTestSuite1554809714119.groovy:35)]]></system-err>
      </testcase>
      <system-out><![CDATA[2019-04-09 17:05:16 - [TEST_SUITE][FAILED] - MicrositeTestSuite: Test Cases/micrositeRSVPValidUser FAILED.
Reason:
com.kms.katalon.core.exception.StepFailedException: Unable to set encrypted text for object 'Object Repository/Page_/input_Password_password'
	at com.kms.katalon.core.keyword.internal.KeywordMain.stepFailed(KeywordMain.groovy:48)
	at com.kms.katalon.core.webui.keyword.internal.WebUIKeywordMain.stepFailed(WebUIKeywordMain.groovy:65)
	at com.kms.katalon.core.webui.keyword.internal.WebUIKeywordMain.runKeyword(WebUIKeywordMain.groovy:27)
	at com.kms.katalon.core.webui.keyword.builtin.SetEncryptedTextKeyword.setEncryptedText(SetEncryptedTextKeyword.groovy:65)
	at com.kms.katalon.core.webui.keyword.builtin.SetEncryptedTextKeyword.execute(SetEncryptedTextKeyword.groovy:34)
	at com.kms.katalon.core.keyword.internal.KeywordExecutor.executeKeywordForPlatform(KeywordExecutor.groovy:56)
	at com.kms.katalon.core.webui.keyword.WebUiBuiltInKeywords.setEncryptedText(WebUiBuiltInKeywords.groovy:981)
	at com.kms.katalon.core.webui.keyword.WebUiBuiltInKeywords$setEncryptedText$3.call(Unknown Source)
	at micrositeRSVPValidUser.run(micrositeRSVPValidUser:28)
	at com.kms.katalon.core.main.ScriptEngine.run(ScriptEngine.java:194)
	at com.kms.katalon.core.main.ScriptEngine.runScriptAsRawText(ScriptEngine.java:119)
	at com.kms.katalon.core.main.TestCaseExecutor.runScript(TestCaseExecutor.java:331)
	at com.kms.katalon.core.main.TestCaseExecutor.doExecute(TestCaseExecutor.java:322)
	at com.kms.katalon.core.main.TestCaseExecutor.processExecutionPhase(TestCaseExecutor.java:301)
	at com.kms.katalon.core.main.TestCaseExecutor.accessMainPhase(TestCaseExecutor.java:293)
	at com.kms.katalon.core.main.TestCaseExecutor.execute(TestCaseExecutor.java:227)
	at com.kms.katalon.core.main.TestSuiteExecutor.accessTestCaseMainPhase(TestSuiteExecutor.java:129)
	at com.kms.katalon.core.main.TestSuiteExecutor.accessTestSuiteMainPhase(TestSuiteExecutor.java:112)
	at com.kms.katalon.core.main.TestSuiteExecutor.execute(TestSuiteExecutor.java:81)
	at com.kms.katalon.core.main.TestCaseMain.startTestSuite(TestCaseMain.java:157)
	at com.kms.katalon.core.main.TestCaseMain$startTestSuite$0.call(Unknown Source)
	at TempTestSuite1554809714119.run(TempTestSuite1554809714119.groovy:35)]]></system-out>
      <system-err><![CDATA[2019-04-09 17:05:16 - [TEST_SUITE][FAILED] - MicrositeTestSuite: Test Cases/micrositeRSVPValidUser FAILED.
Reason:
com.kms.katalon.core.exception.StepFailedException: Unable to set encrypted text for object 'Object Repository/Page_/input_Password_password'
	at com.kms.katalon.core.keyword.internal.KeywordMain.stepFailed(KeywordMain.groovy:48)
	at com.kms.katalon.core.webui.keyword.internal.WebUIKeywordMain.stepFailed(WebUIKeywordMain.groovy:65)
	at com.kms.katalon.core.webui.keyword.internal.WebUIKeywordMain.runKeyword(WebUIKeywordMain.groovy:27)
	at com.kms.katalon.core.webui.keyword.builtin.SetEncryptedTextKeyword.setEncryptedText(SetEncryptedTextKeyword.groovy:65)
	at com.kms.katalon.core.webui.keyword.builtin.SetEncryptedTextKeyword.execute(SetEncryptedTextKeyword.groovy:34)
	at com.kms.katalon.core.keyword.internal.KeywordExecutor.executeKeywordForPlatform(KeywordExecutor.groovy:56)
	at com.kms.katalon.core.webui.keyword.WebUiBuiltInKeywords.setEncryptedText(WebUiBuiltInKeywords.groovy:981)
	at com.kms.katalon.core.webui.keyword.WebUiBuiltInKeywords$setEncryptedText$3.call(Unknown Source)
	at micrositeRSVPValidUser.run(micrositeRSVPValidUser:28)
	at com.kms.katalon.core.main.ScriptEngine.run(ScriptEngine.java:194)
	at com.kms.katalon.core.main.ScriptEngine.runScriptAsRawText(ScriptEngine.java:119)
	at com.kms.katalon.core.main.TestCaseExecutor.runScript(TestCaseExecutor.java:331)
	at com.kms.katalon.core.main.TestCaseExecutor.doExecute(TestCaseExecutor.java:322)
	at com.kms.katalon.core.main.TestCaseExecutor.processExecutionPhase(TestCaseExecutor.java:301)
	at com.kms.katalon.core.main.TestCaseExecutor.accessMainPhase(TestCaseExecutor.java:293)
	at com.kms.katalon.core.main.TestCaseExecutor.execute(TestCaseExecutor.java:227)
	at com.kms.katalon.core.main.TestSuiteExecutor.accessTestCaseMainPhase(TestSuiteExecutor.java:129)
	at com.kms.katalon.core.main.TestSuiteExecutor.accessTestSuiteMainPhase(TestSuiteExecutor.java:112)
	at com.kms.katalon.core.main.TestSuiteExecutor.execute(TestSuiteExecutor.java:81)
	at com.kms.katalon.core.main.TestCaseMain.startTestSuite(TestCaseMain.java:157)
	at com.kms.katalon.core.main.TestCaseMain$startTestSuite$0.call(Unknown Source)
	at TempTestSuite1554809714119.run(TempTestSuite1554809714119.groovy:35)]]></system-err>
   </testsuite>
</testsuites>
