<?xml version="1.0" encoding="UTF-8"?>
<testsuites name="EditOrderSuite" time="323" tests="0" failures="1" errors="0">
   <testsuite name="EditOrderSuite" tests="0" failures="1" errors="0" time="323" timestamp="2019-11-05 18:10:08" hostname="user - 10.0.102.44" id="Test Suites/EditOrderSuites/EditOrderSuite">
      <properties>
         <property name="deviceName" value=""/>
         <property name="devicePlatform" value=""/>
         <property name="logFolder" value="C:\\Users\\user\\Documents\\testautomation\\KatalonProjects\\Reports\\EditOrderSuites\\EditOrderSuite\\20191105_181003"/>
         <property name="logFiles" value="C:\\Users\\user\\Documents\\testautomation\\KatalonProjects\\Reports\\EditOrderSuites\\EditOrderSuite\\20191105_181003\\execution0.log"/>
         <property name="attachments" value="C:\\Users\\user\\Documents\\testautomation\\KatalonProjects\\Reports\\EditOrderSuites\\EditOrderSuite\\20191105_181003\\1572957930100.png, C:\\Users\\user\\Documents\\testautomation\\KatalonProjects\\Reports\\EditOrderSuites\\EditOrderSuite\\20191105_181003\\1572957930473.png"/>
         <property name="hostName" value="user - 10.0.102.44"/>
         <property name="os" value="Windows 8.1 64bit"/>
         <property name="katalonVersion" value="6.1.1.1"/>
         <property name="browser" value="Chrome 78.0.3904.70"/>
         <property name="hostAddress" value="10.0.102.44"/>
         <property name="sessionId" value="e1e636e9050a833c084df68f0d902f26"/>
         <property name="seleniumVersion" value="3.7.1"/>
         <property name="proxyInformation" value="ProxyInformation{proxyOption=NO_PROXY, proxyServerType=HTTP, password=, proxyServerAddress=, proxyServerPort=0}"/>
         <property name="platform" value="Windows 8.1"/>
      </properties>
      <testcase name="Test Cases/EditOrder-V/rsEditOrderSimple" classname="Test Cases/EditOrder-V/rsEditOrderSimple" status="FAILED">
         <failure type="FAILED" message="Test Cases/EditOrder-V/rsEditOrderSimple FAILED.
Reason:
com.kms.katalon.core.exception.StepFailedException: Call Test Case 'Test Cases/EditOrder/rsOrderHistoryConfirm' failed
	at com.kms.katalon.core.keyword.builtin.CallTestCaseKeyword$_callTestCase_closure1.doCall(CallTestCaseKeyword.groovy:63)
	at com.kms.katalon.core.keyword.builtin.CallTestCaseKeyword$_callTestCase_closure1.call(CallTestCaseKeyword.groovy)
	at com.kms.katalon.core.keyword.internal.KeywordMain.runKeyword(KeywordMain.groovy:66)
	at com.kms.katalon.core.keyword.builtin.CallTestCaseKeyword.callTestCase(CallTestCaseKeyword.groovy:81)
	at com.kms.katalon.core.keyword.builtin.CallTestCaseKeyword.execute(CallTestCaseKeyword.groovy:44)
	at com.kms.katalon.core.keyword.internal.KeywordExecutor.executeKeywordForPlatform(KeywordExecutor.groovy:56)
	at com.kms.katalon.core.keyword.BuiltinKeywords.callTestCase(BuiltinKeywords.groovy:334)
	at rsEditOrderSimple.run(rsEditOrderSimple:24)
	at com.kms.katalon.core.main.ScriptEngine.run(ScriptEngine.java:194)
	at com.kms.katalon.core.main.ScriptEngine.runScriptAsRawText(ScriptEngine.java:119)
	at com.kms.katalon.core.main.TestCaseExecutor.runScript(TestCaseExecutor.java:342)
	at com.kms.katalon.core.main.TestCaseExecutor.doExecute(TestCaseExecutor.java:333)
	at com.kms.katalon.core.main.TestCaseExecutor.processExecutionPhase(TestCaseExecutor.java:312)
	at com.kms.katalon.core.main.TestCaseExecutor.accessMainPhase(TestCaseExecutor.java:304)
	at com.kms.katalon.core.main.TestCaseExecutor.execute(TestCaseExecutor.java:238)
	at com.kms.katalon.core.main.TestSuiteExecutor.accessTestCaseMainPhase(TestSuiteExecutor.java:129)
	at com.kms.katalon.core.main.TestSuiteExecutor.accessTestSuiteMainPhase(TestSuiteExecutor.java:112)
	at com.kms.katalon.core.main.TestSuiteExecutor.execute(TestSuiteExecutor.java:81)
	at com.kms.katalon.core.main.TestCaseMain.startTestSuite(TestCaseMain.java:157)
	at com.kms.katalon.core.main.TestCaseMain$startTestSuite$0.call(Unknown Source)
	at TempTestSuite1572957603430.run(TempTestSuite1572957603430.groovy:35)
Caused by: com.kms.katalon.core.exception.StepFailedException: Verify element text of test object 'div_cancelled_order' FAILED.
	at com.kms.katalon.core.webui.keyword.internal.WebUIKeywordMain.stepFailed(WebUIKeywordMain.groovy:64)
	at com.kms.katalon.core.webui.keyword.internal.WebUIKeywordMain.runKeyword(WebUIKeywordMain.groovy:26)
	at com.kms.katalon.core.webui.keyword.builtin.VerifyElementTextKeyword.verifyElementText(VerifyElementTextKeyword.groovy:72)
	at com.kms.katalon.core.webui.keyword.builtin.VerifyElementTextKeyword.execute(VerifyElementTextKeyword.groovy:40)
	at com.kms.katalon.core.keyword.internal.KeywordExecutor.executeKeywordForPlatform(KeywordExecutor.groovy:56)
	at com.kms.katalon.core.webui.keyword.WebUiBuiltInKeywords.verifyElementText(WebUiBuiltInKeywords.groovy:3663)
	at com.kms.katalon.core.webui.keyword.WebUiBuiltInKeywords$verifyElementText$9.call(Unknown Source)
	at rsOrderHistoryConfirm.run(rsOrderHistoryConfirm:95)
	at com.kms.katalon.core.main.ScriptEngine.run(ScriptEngine.java:194)
	at com.kms.katalon.core.main.ScriptEngine.runScriptAsRawText(ScriptEngine.java:119)
	at com.kms.katalon.core.main.TestCaseExecutor.runScript(TestCaseExecutor.java:342)
	at com.kms.katalon.core.main.TestCaseExecutor.doExecute(TestCaseExecutor.java:333)
	at com.kms.katalon.core.main.TestCaseExecutor.processExecutionPhase(TestCaseExecutor.java:312)
	at com.kms.katalon.core.main.TestCaseExecutor.accessMainPhase(TestCaseExecutor.java:304)
	at com.kms.katalon.core.main.TestCaseExecutor.execute(TestCaseExecutor.java:238)
	at com.kms.katalon.core.main.TestCaseMain.runTestCase(TestCaseMain.java:114)
	at com.kms.katalon.core.keyword.builtin.CallTestCaseKeyword$_callTestCase_closure1.doCall(CallTestCaseKeyword.groovy:59)
	... 20 more
Caused by: com.kms.katalon.core.exception.StepFailedException: Actual text '' and expected text 'Cancelled' of test object 'div_cancelled_order' are NOT matched.
	at com.kms.katalon.core.webui.keyword.internal.WebUIKeywordMain.stepFailed(WebUIKeywordMain.groovy:64)
	at com.kms.katalon.core.webui.keyword.builtin.VerifyElementTextKeyword$_verifyElementText_closure1.doCall(VerifyElementTextKeyword.groovy:57)
	at com.kms.katalon.core.webui.keyword.builtin.VerifyElementTextKeyword$_verifyElementText_closure1.call(VerifyElementTextKeyword.groovy)
	at com.kms.katalon.core.webui.keyword.internal.WebUIKeywordMain.runKeyword(WebUIKeywordMain.groovy:20)
	... 35 more
"/>
         <system-out><![CDATA[2019-11-05 18:10:09 - [TEST_CASE][FAILED] - Test Cases/EditOrder-V/rsEditOrderSimple: Test Cases/EditOrder-V/rsEditOrderSimple FAILED.
Reason:
com.kms.katalon.core.exception.StepFailedException: Call Test Case 'Test Cases/EditOrder/rsOrderHistoryConfirm' failed
	at com.kms.katalon.core.keyword.builtin.CallTestCaseKeyword$_callTestCase_closure1.doCall(CallTestCaseKeyword.groovy:63)
	at com.kms.katalon.core.keyword.builtin.CallTestCaseKeyword$_callTestCase_closure1.call(CallTestCaseKeyword.groovy)
	at com.kms.katalon.core.keyword.internal.KeywordMain.runKeyword(KeywordMain.groovy:66)
	at com.kms.katalon.core.keyword.builtin.CallTestCaseKeyword.callTestCase(CallTestCaseKeyword.groovy:81)
	at com.kms.katalon.core.keyword.builtin.CallTestCaseKeyword.execute(CallTestCaseKeyword.groovy:44)
	at com.kms.katalon.core.keyword.internal.KeywordExecutor.executeKeywordForPlatform(KeywordExecutor.groovy:56)
	at com.kms.katalon.core.keyword.BuiltinKeywords.callTestCase(BuiltinKeywords.groovy:334)
	at rsEditOrderSimple.run(rsEditOrderSimple:24)
	at com.kms.katalon.core.main.ScriptEngine.run(ScriptEngine.java:194)
	at com.kms.katalon.core.main.ScriptEngine.runScriptAsRawText(ScriptEngine.java:119)
	at com.kms.katalon.core.main.TestCaseExecutor.runScript(TestCaseExecutor.java:342)
	at com.kms.katalon.core.main.TestCaseExecutor.doExecute(TestCaseExecutor.java:333)
	at com.kms.katalon.core.main.TestCaseExecutor.processExecutionPhase(TestCaseExecutor.java:312)
	at com.kms.katalon.core.main.TestCaseExecutor.accessMainPhase(TestCaseExecutor.java:304)
	at com.kms.katalon.core.main.TestCaseExecutor.execute(TestCaseExecutor.java:238)
	at com.kms.katalon.core.main.TestSuiteExecutor.accessTestCaseMainPhase(TestSuiteExecutor.java:129)
	at com.kms.katalon.core.main.TestSuiteExecutor.accessTestSuiteMainPhase(TestSuiteExecutor.java:112)
	at com.kms.katalon.core.main.TestSuiteExecutor.execute(TestSuiteExecutor.java:81)
	at com.kms.katalon.core.main.TestCaseMain.startTestSuite(TestCaseMain.java:157)
	at com.kms.katalon.core.main.TestCaseMain$startTestSuite$0.call(Unknown Source)
	at TempTestSuite1572957603430.run(TempTestSuite1572957603430.groovy:35)
Caused by: com.kms.katalon.core.exception.StepFailedException: Verify element text of test object 'div_cancelled_order' FAILED.
	at com.kms.katalon.core.webui.keyword.internal.WebUIKeywordMain.stepFailed(WebUIKeywordMain.groovy:64)
	at com.kms.katalon.core.webui.keyword.internal.WebUIKeywordMain.runKeyword(WebUIKeywordMain.groovy:26)
	at com.kms.katalon.core.webui.keyword.builtin.VerifyElementTextKeyword.verifyElementText(VerifyElementTextKeyword.groovy:72)
	at com.kms.katalon.core.webui.keyword.builtin.VerifyElementTextKeyword.execute(VerifyElementTextKeyword.groovy:40)
	at com.kms.katalon.core.keyword.internal.KeywordExecutor.executeKeywordForPlatform(KeywordExecutor.groovy:56)
	at com.kms.katalon.core.webui.keyword.WebUiBuiltInKeywords.verifyElementText(WebUiBuiltInKeywords.groovy:3663)
	at com.kms.katalon.core.webui.keyword.WebUiBuiltInKeywords$verifyElementText$9.call(Unknown Source)
	at rsOrderHistoryConfirm.run(rsOrderHistoryConfirm:95)
	at com.kms.katalon.core.main.ScriptEngine.run(ScriptEngine.java:194)
	at com.kms.katalon.core.main.ScriptEngine.runScriptAsRawText(ScriptEngine.java:119)
	at com.kms.katalon.core.main.TestCaseExecutor.runScript(TestCaseExecutor.java:342)
	at com.kms.katalon.core.main.TestCaseExecutor.doExecute(TestCaseExecutor.java:333)
	at com.kms.katalon.core.main.TestCaseExecutor.processExecutionPhase(TestCaseExecutor.java:312)
	at com.kms.katalon.core.main.TestCaseExecutor.accessMainPhase(TestCaseExecutor.java:304)
	at com.kms.katalon.core.main.TestCaseExecutor.execute(TestCaseExecutor.java:238)
	at com.kms.katalon.core.main.TestCaseMain.runTestCase(TestCaseMain.java:114)
	at com.kms.katalon.core.keyword.builtin.CallTestCaseKeyword$_callTestCase_closure1.doCall(CallTestCaseKeyword.groovy:59)
	... 20 more
Caused by: com.kms.katalon.core.exception.StepFailedException: Actual text '' and expected text 'Cancelled' of test object 'div_cancelled_order' are NOT matched.
	at com.kms.katalon.core.webui.keyword.internal.WebUIKeywordMain.stepFailed(WebUIKeywordMain.groovy:64)
	at com.kms.katalon.core.webui.keyword.builtin.VerifyElementTextKeyword$_verifyElementText_closure1.doCall(VerifyElementTextKeyword.groovy:57)
	at com.kms.katalon.core.webui.keyword.builtin.VerifyElementTextKeyword$_verifyElementText_closure1.call(VerifyElementTextKeyword.groovy)
	at com.kms.katalon.core.webui.keyword.internal.WebUIKeywordMain.runKeyword(WebUIKeywordMain.groovy:20)
	... 35 more


2019-11-05 18:10:09 - [TEST_STEP][PASSED] - Start listener action : sampleBeforeTestCase: null

2019-11-05 18:10:09 - [TEST_STEP][PASSED] - println(testCaseContext.getTestCaseId()): null

2019-11-05 18:10:09 - [TEST_STEP][PASSED] - println(testCaseContext.getTestCaseVariables()): null

2019-11-05 18:10:10 - [TEST_STEP][PASSED] - callTestCase(findTestCase("EditOrder/retailOrderBO"), ["editScenarioNumber":1], STOP_ON_FAILURE): Call Test Case 'Test Cases/EditOrder/retailOrderBO' successfully

2019-11-05 18:10:10 - [TEST_CASE][PASSED] - Test Cases/EditOrder/retailOrderBO: Test Cases/EditOrder/retailOrderBO

2019-11-05 18:10:11 - [TEST_STEP][PASSED] - openBrowser(""): Browser is opened with url: ''

2019-11-05 18:10:11 - [MESSAGE][INFO] - Starting 'Chrome' driver

2019-11-05 18:10:11 - [MESSAGE][INFO] - User set preference: ['args', '[--use-fake-ui-for-media-stream, --start-maximized]']

2019-11-05 18:10:11 - [MESSAGE][INFO] - Action delay is set to 0 seconds

2019-11-05 18:10:15 - [MESSAGE][PASSED] - Browser is opened with url: ''

2019-11-05 18:10:15 - [TEST_STEP][PASSED] - callTestCase(findTestCase("TestCaseUtilities/backOfficeLogin"), ["BOURL":"", "BOuser":"", "BOpass":""], STOP_ON_FAILURE): Call Test Case 'Test Cases/TestCaseUtilities/backOfficeLogin' successfully

2019-11-05 18:10:15 - [TEST_CASE][PASSED] - Test Cases/TestCaseUtilities/backOfficeLogin: Test Cases/TestCaseUtilities/backOfficeLogin

2019-11-05 18:10:16 - [TEST_STEP][PASSED] - BOURL = findTestData("envtData").getValue("BOURL", 1): null

2019-11-05 18:10:17 - [TEST_STEP][PASSED] - BOuser = findTestData("credData").getValue("BOuser", 1): null

2019-11-05 18:10:17 - [TEST_STEP][PASSED] - BOpass = findTestData("credData").getValue("BOpass", 1): null

2019-11-05 18:10:17 - [TEST_STEP][PASSED] - openBrowser(""): Browser is opened with url: ''

2019-11-05 18:10:18 - [MESSAGE][WARNING] - A browser is already opened. Closing browser and opening a new one

2019-11-05 18:10:18 - [MESSAGE][INFO] - Starting 'Chrome' driver

2019-11-05 18:10:18 - [MESSAGE][INFO] - User set preference: ['args', '[--use-fake-ui-for-media-stream, --start-maximized]']

2019-11-05 18:10:20 - [MESSAGE][PASSED] - Browser is opened with url: ''

2019-11-05 18:10:20 - [TEST_STEP][PASSED] - navigateToUrl(BOURL): Navigate to 'https://test18.cliotest.com/backoffice/control/main' successfully

2019-11-05 18:10:28 - [MESSAGE][PASSED] - Navigate to 'https://test18.cliotest.com/backoffice/control/main' successfully

2019-11-05 18:10:28 - [TEST_STEP][PASSED] - logOut = findWebElements(findTestObject("Object Repository/Page_cabi Home/log_out"), 1): Unable to find the element located by 'By.xpath: //a[contains(text(),'Log Out')]'. Please recheck the objects properties to make sure the desired element is located. 

2019-11-05 18:10:29 - [MESSAGE][INFO] - Unable to find the element located by 'By.xpath: //a[contains(text(),'Log Out')]'. Please recheck the objects properties to make sure the desired element is located. 

2019-11-05 18:10:29 - [TEST_STEP][PASSED] - if (logOut.size() == 0): Object: 'Object Repository/Page_cabi/input_Welcome to_consultantLogin' is clicked on

2019-11-05 18:10:29 - [TEST_STEP][PASSED] - setText(findTestObject("Page_cabi/input_Welcome to_USERNAME"), BOuser): Text '400000002' is set on object 'Object Repository/Page_cabi/input_Welcome to_USERNAME'

2019-11-05 18:10:29 - [MESSAGE][PASSED] - Text '400000002' is set on object 'Object Repository/Page_cabi/input_Welcome to_USERNAME'

2019-11-05 18:10:29 - [TEST_STEP][PASSED] - setText(findTestObject("Object Repository/Page_cabi/input_Welcome to_PASSWORD"), BOpass): Text 'blackdress19' is set on object 'Object Repository/Page_cabi/input_Welcome to_PASSWORD'

2019-11-05 18:10:29 - [MESSAGE][PASSED] - Text 'blackdress19' is set on object 'Object Repository/Page_cabi/input_Welcome to_PASSWORD'

2019-11-05 18:10:29 - [TEST_STEP][PASSED] - click(findTestObject("Object Repository/Page_cabi/input_Welcome to_consultantLogin")): Object: 'Object Repository/Page_cabi/input_Welcome to_consultantLogin' is clicked on

2019-11-05 18:10:41 - [MESSAGE][PASSED] - Object: 'Object Repository/Page_cabi/input_Welcome to_consultantLogin' is clicked on

2019-11-05 18:10:41 - [TEST_STEP][PASSED] - delay(3): Delayed 3 second(s)

2019-11-05 18:10:44 - [MESSAGE][PASSED] - Delayed 3 second(s)

2019-11-05 18:10:44 - [MESSAGE][PASSED] - Call Test Case 'Test Cases/TestCaseUtilities/backOfficeLogin' successfully

2019-11-05 18:10:44 - [TEST_STEP][PASSED] - click(findTestObject("Object Repository/Page_cabi Home/a_Shows  Orders")): Object: 'Object Repository/Page_cabi Home/a_Shows  Orders' is clicked on

2019-11-05 18:10:44 - [MESSAGE][PASSED] - Object: 'Object Repository/Page_cabi Home/a_Shows  Orders' is clicked on

2019-11-05 18:10:44 - [TEST_STEP][PASSED] - delay(1): Delayed 1 second(s)

2019-11-05 18:10:45 - [MESSAGE][PASSED] - Delayed 1 second(s)

2019-11-05 18:10:45 - [TEST_STEP][PASSED] - click(findTestObject("Page_cabi Home/a_Shows  Orders")): Object: 'Object Repository/Page_cabi Home/a_Shows  Orders' is clicked on

2019-11-05 18:10:45 - [MESSAGE][PASSED] - Object: 'Object Repository/Page_cabi Home/a_Shows  Orders' is clicked on

2019-11-05 18:10:45 - [TEST_STEP][PASSED] - click(findTestObject("Page_cabi Home/a_retail_purchases")): Object: 'Object Repository/Page_cabi Home/a_retail_purchases' is clicked on

2019-11-05 18:10:49 - [MESSAGE][PASSED] - Object: 'Object Repository/Page_cabi Home/a_retail_purchases' is clicked on

2019-11-05 18:10:49 - [TEST_STEP][PASSED] - delay(3): Delayed 3 second(s)

2019-11-05 18:10:52 - [MESSAGE][PASSED] - Delayed 3 second(s)

2019-11-05 18:10:52 - [TEST_STEP][PASSED] - click(findTestObject("Object Repository/Page_cabi Home/existingCustomer")): Object: 'Object Repository/Page_cabi Home/existingCustomer' is clicked on

2019-11-05 18:10:52 - [MESSAGE][PASSED] - Object: 'Object Repository/Page_cabi Home/existingCustomer' is clicked on

2019-11-05 18:10:52 - [TEST_STEP][PASSED] - contactNumber = 3: null

2019-11-05 18:10:52 - [TEST_STEP][PASSED] - firstName = findTestData("contactData").getValue("firstName", contactNumber): null

2019-11-05 18:10:52 - [TEST_STEP][PASSED] - lastName = findTestData("contactData").getValue("lastName", contactNumber): null

2019-11-05 18:10:52 - [TEST_STEP][PASSED] - email = findTestData("contactData").getValue("email", contactNumber): null

2019-11-05 18:10:52 - [TEST_STEP][PASSED] - address1 = findTestData("contactData").getValue("address1", contactNumber): null

2019-11-05 18:10:52 - [TEST_STEP][PASSED] - city = findTestData("contactData").getValue("city", contactNumber): null

2019-11-05 18:10:52 - [TEST_STEP][PASSED] - state = findTestData("contactData").getValue("state", contactNumber): null

2019-11-05 18:10:52 - [TEST_STEP][PASSED] - zip = findTestData("contactData").getValue("zip", contactNumber): null

2019-11-05 18:10:52 - [TEST_STEP][PASSED] - existingCustFName = firstName: null

2019-11-05 18:10:52 - [TEST_STEP][PASSED] - existingCustLName = lastName: null

2019-11-05 18:10:52 - [TEST_STEP][PASSED] - space = " ": null

2019-11-05 18:10:52 - [TEST_STEP][PASSED] - existingCust = $existingCustFName$space$existingCustLName: null

2019-11-05 18:10:52 - [TEST_STEP][PASSED] - setText(findTestObject("Object Repository/Page_cabi Home/input_existing_guest"), existingCust): Text 'guest1-test abc' is set on object 'Object Repository/Page_cabi Home/input_existing_guest'

2019-11-05 18:10:53 - [MESSAGE][PASSED] - Text 'guest1-test abc' is set on object 'Object Repository/Page_cabi Home/input_existing_guest'

2019-11-05 18:10:53 - [TEST_STEP][PASSED] - delay(2): Delayed 2 second(s)

2019-11-05 18:10:55 - [MESSAGE][PASSED] - Delayed 2 second(s)

2019-11-05 18:10:55 - [TEST_STEP][PASSED] - sendKeys(findTestObject("Object Repository/Page_cabi Home/input_existing_guest"), Keys.chord(ARROW_DOWN)): Keys 'DOWN + ' sent to object: 'Object Repository/Page_cabi Home/input_existing_guest'

2019-11-05 18:10:55 - [MESSAGE][PASSED] - Keys 'DOWN + ' sent to object: 'Object Repository/Page_cabi Home/input_existing_guest'

2019-11-05 18:10:55 - [TEST_STEP][PASSED] - sendKeys(findTestObject("Object Repository/Page_cabi Home/input_existing_guest"), Keys.chord(ENTER)): Keys 'ENTER + ' sent to object: 'Object Repository/Page_cabi Home/input_existing_guest'

2019-11-05 18:10:56 - [MESSAGE][PASSED] - Keys 'ENTER + ' sent to object: 'Object Repository/Page_cabi Home/input_existing_guest'

2019-11-05 18:10:56 - [TEST_STEP][PASSED] - setText(findTestObject("Object Repository/Page_cabi Retail Store/input_email"), email): Text 'guest1-test@test.com' is set on object 'Object Repository/Page_cabi Retail Store/input_email'

2019-11-05 18:10:56 - [MESSAGE][PASSED] - Text 'guest1-test@test.com' is set on object 'Object Repository/Page_cabi Retail Store/input_email'

2019-11-05 18:10:56 - [TEST_STEP][PASSED] - setText(findTestObject("Object Repository/Page_cabi Edit Customer Profile/input_Address1_address1"), address1): Text '974 BRAHMS CT' is set on object 'Object Repository/Page_cabi Edit Customer Profile/input_Address1_address1'

2019-11-05 18:10:57 - [MESSAGE][PASSED] - Text '974 BRAHMS CT' is set on object 'Object Repository/Page_cabi Edit Customer Profile/input_Address1_address1'

2019-11-05 18:10:57 - [TEST_STEP][PASSED] - setText(findTestObject("Object Repository/Page_cabi Edit Customer Profile/input_Address2_address2"), ""): Text '' is set on object 'Object Repository/Page_cabi Edit Customer Profile/input_Address2_address2'

2019-11-05 18:10:57 - [MESSAGE][PASSED] - Text '' is set on object 'Object Repository/Page_cabi Edit Customer Profile/input_Address2_address2'

2019-11-05 18:10:57 - [TEST_STEP][PASSED] - setText(findTestObject("Object Repository/Page_cabi Edit Customer Profile/input_City_city"), city): Text 'TROY' is set on object 'Object Repository/Page_cabi Edit Customer Profile/input_City_city'

2019-11-05 18:10:57 - [MESSAGE][PASSED] - Text 'TROY' is set on object 'Object Repository/Page_cabi Edit Customer Profile/input_City_city'

2019-11-05 18:10:57 - [TEST_STEP][PASSED] - click(findTestObject("Page_cabi Edit Customer Profile/span_select_a_state")): Object: 'Object Repository/Page_cabi Edit Customer Profile/span_select_a_state' is clicked on

2019-11-05 18:10:57 - [MESSAGE][PASSED] - Object: 'Object Repository/Page_cabi Edit Customer Profile/span_select_a_state' is clicked on

2019-11-05 18:10:57 - [TEST_STEP][PASSED] - delay(1): Delayed 1 second(s)

2019-11-05 18:10:58 - [MESSAGE][PASSED] - Delayed 1 second(s)

2019-11-05 18:10:58 - [TEST_STEP][PASSED] - setText(findTestObject("Page_cabi Edit Customer Profile/input_state_postalCode"), zip): Text '48085' is set on object 'Object Repository/Page_cabi Edit Customer Profile/input_state_postalCode'

2019-11-05 18:10:59 - [MESSAGE][PASSED] - Text '48085' is set on object 'Object Repository/Page_cabi Edit Customer Profile/input_state_postalCode'

2019-11-05 18:10:59 - [TEST_STEP][PASSED] - delay(5): Delayed 5 second(s)

2019-11-05 18:11:04 - [MESSAGE][PASSED] - Delayed 5 second(s)

2019-11-05 18:11:04 - [TEST_STEP][PASSED] - check(findTestObject("Object Repository/Page_cabi Home/a_same_shipping_address")): Object 'Object Repository/Page_cabi Home/a_same_shipping_address' is checked

2019-11-05 18:11:04 - [MESSAGE][PASSED] - Object 'Object Repository/Page_cabi Home/a_same_shipping_address' is checked

2019-11-05 18:11:04 - [TEST_STEP][PASSED] - delay(5): Delayed 5 second(s)

2019-11-05 18:11:09 - [MESSAGE][PASSED] - Delayed 5 second(s)

2019-11-05 18:11:09 - [TEST_STEP][PASSED] - check(findTestObject("Object Repository/Page_cabi Home/a_same_shipping_address")): Object 'Object Repository/Page_cabi Home/a_same_shipping_address' is checked

2019-11-05 18:11:09 - [MESSAGE][PASSED] - Object 'Object Repository/Page_cabi Home/a_same_shipping_address' is checked

2019-11-05 18:11:09 - [TEST_STEP][PASSED] - delay(5): Delayed 5 second(s)

2019-11-05 18:11:14 - [MESSAGE][PASSED] - Delayed 5 second(s)

2019-11-05 18:11:14 - [TEST_STEP][PASSED] - driver = getWebDriver(): null

2019-11-05 18:11:14 - [TEST_STEP][PASSED] - executor = driver: null

2019-11-05 18:11:14 - [TEST_STEP][PASSED] - executor.executeScript("arguments[0].click();", findWebElement(findTestObject("Object Repository/Page_cabi Home/a_order_items"), 5)): null

2019-11-05 18:11:14 - [TEST_STEP][PASSED] - delay(3): Delayed 3 second(s)

2019-11-05 18:11:17 - [MESSAGE][PASSED] - Delayed 3 second(s)

2019-11-05 18:11:17 - [TEST_STEP][PASSED] - click(findTestObject("Object Repository/Page_cabi Retail Store/span_quick_entry")): Object: 'Object Repository/Page_cabi Retail Store/span_quick_entry' is clicked on

2019-11-05 18:11:21 - [MESSAGE][PASSED] - Object: 'Object Repository/Page_cabi Retail Store/span_quick_entry' is clicked on

2019-11-05 18:11:21 - [TEST_STEP][PASSED] - delay(3): Delayed 3 second(s)

2019-11-05 18:11:24 - [MESSAGE][PASSED] - Delayed 3 second(s)

2019-11-05 18:11:24 - [TEST_STEP][PASSED] - emptyCart = findWebElements(findTestObject("Object Repository/Page_cabi Personal Store/removeFromCart"), 5): Unable to find the element located by 'By.xpath: //*[@id="removeFromCart_0"]/span'. Please recheck the objects properties to make sure the desired element is located. 

2019-11-05 18:11:29 - [MESSAGE][INFO] - Unable to find the element located by 'By.xpath: //*[@id="removeFromCart_0"]/span'. Please recheck the objects properties to make sure the desired element is located. 

2019-11-05 18:11:29 - [TEST_STEP][PASSED] - if (emptyCart.size() > 0): null

2019-11-05 18:11:29 - [TEST_STEP][PASSED] - addOnStyle = findTestData("miscData").getValue("addOnStyle", 1): null

2019-11-05 18:11:29 - [TEST_STEP][PASSED] - addOnStyle2 = findTestData("miscData").getValue("addOnStyle", 2): null

2019-11-05 18:11:29 - [TEST_STEP][PASSED] - setText(findTestObject("Object Repository/Page_cabi Create Order/input_Manual Discount_stylelookup_0"), addOnStyle): Text '3701' is set on object 'Object Repository/Page_cabi Create Order/input_Manual Discount_stylelookup_0'

2019-11-05 18:11:29 - [MESSAGE][PASSED] - Text '3701' is set on object 'Object Repository/Page_cabi Create Order/input_Manual Discount_stylelookup_0'

2019-11-05 18:11:29 - [TEST_STEP][PASSED] - delay(2): Delayed 2 second(s)

2019-11-05 18:11:31 - [MESSAGE][PASSED] - Delayed 2 second(s)

2019-11-05 18:11:31 - [TEST_STEP][PASSED] - sendKeys(findTestObject("Object Repository/Page_cabi Create Order/input_Manual Discount_stylelookup_0"), Keys.chord(ARROW_DOWN)): Keys 'DOWN + ' sent to object: 'Object Repository/Page_cabi Create Order/input_Manual Discount_stylelookup_0'

2019-11-05 18:11:31 - [MESSAGE][PASSED] - Keys 'DOWN + ' sent to object: 'Object Repository/Page_cabi Create Order/input_Manual Discount_stylelookup_0'

2019-11-05 18:11:31 - [TEST_STEP][PASSED] - delay(2): Delayed 2 second(s)

2019-11-05 18:11:33 - [MESSAGE][PASSED] - Delayed 2 second(s)

2019-11-05 18:11:33 - [TEST_STEP][PASSED] - sendKeys(findTestObject("Object Repository/Page_cabi Create Order/input_Manual Discount_stylelookup_0"), Keys.chord(ARROW_DOWN)): Keys 'DOWN + ' sent to object: 'Object Repository/Page_cabi Create Order/input_Manual Discount_stylelookup_0'

2019-11-05 18:11:34 - [MESSAGE][PASSED] - Keys 'DOWN + ' sent to object: 'Object Repository/Page_cabi Create Order/input_Manual Discount_stylelookup_0'

2019-11-05 18:11:34 - [TEST_STEP][PASSED] - sendKeys(findTestObject("Object Repository/Page_cabi Create Order/input_Manual Discount_stylelookup_0"), Keys.chord(ENTER)): Keys 'ENTER + ' sent to object: 'Object Repository/Page_cabi Create Order/input_Manual Discount_stylelookup_0'

2019-11-05 18:11:34 - [MESSAGE][PASSED] - Keys 'ENTER + ' sent to object: 'Object Repository/Page_cabi Create Order/input_Manual Discount_stylelookup_0'

2019-11-05 18:11:34 - [TEST_STEP][PASSED] - delay(5): Delayed 5 second(s)

2019-11-05 18:11:39 - [MESSAGE][PASSED] - Delayed 5 second(s)

2019-11-05 18:11:39 - [TEST_STEP][PASSED] - click(findTestObject("Object Repository/Page_cabi Order Items/selectSize")): Object: 'Object Repository/Page_cabi Order Items/selectSize' is clicked on

2019-11-05 18:11:39 - [MESSAGE][PASSED] - Object: 'Object Repository/Page_cabi Order Items/selectSize' is clicked on

2019-11-05 18:11:39 - [TEST_STEP][PASSED] - delay(3): Delayed 3 second(s)

2019-11-05 18:11:42 - [MESSAGE][PASSED] - Delayed 3 second(s)

2019-11-05 18:11:42 - [TEST_STEP][PASSED] - click(findTestObject("Object Repository/Page_cabi Order Items/span_Add to Cart")): Object: 'Object Repository/Page_cabi Order Items/span_Add to Cart' is clicked on

2019-11-05 18:11:42 - [MESSAGE][PASSED] - Object: 'Object Repository/Page_cabi Order Items/span_Add to Cart' is clicked on

2019-11-05 18:11:42 - [TEST_STEP][PASSED] - delay(5): Delayed 5 second(s)

2019-11-05 18:11:47 - [MESSAGE][PASSED] - Delayed 5 second(s)

2019-11-05 18:11:47 - [TEST_STEP][PASSED] - click(findTestObject("Object Repository/Page_cabi Create Order/inputStyleLookup1")): Object: 'Object Repository/Page_cabi Create Order/inputStyleLookup1' is clicked on

2019-11-05 18:11:47 - [MESSAGE][PASSED] - Object: 'Object Repository/Page_cabi Create Order/inputStyleLookup1' is clicked on

2019-11-05 18:11:47 - [TEST_STEP][PASSED] - setText(findTestObject("Object Repository/Page_cabi Create Order/inputStyleLookup1"), addOnStyle2): Text '3703' is set on object 'Object Repository/Page_cabi Create Order/inputStyleLookup1'

2019-11-05 18:11:47 - [MESSAGE][PASSED] - Text '3703' is set on object 'Object Repository/Page_cabi Create Order/inputStyleLookup1'

2019-11-05 18:11:47 - [TEST_STEP][PASSED] - delay(3): Delayed 3 second(s)

2019-11-05 18:11:50 - [MESSAGE][PASSED] - Delayed 3 second(s)

2019-11-05 18:11:50 - [TEST_STEP][PASSED] - prod_message2 = getText(findTestObject("Page_cabi Create Order/first_option")): Text of object 'Object Repository/Page_cabi Create Order/first_option' is: '3703 Turn Back Cardigan'

2019-11-05 18:11:50 - [MESSAGE][PASSED] - Text of object 'Object Repository/Page_cabi Create Order/first_option' is: '3703 Turn Back Cardigan'

2019-11-05 18:11:50 - [TEST_STEP][PASSED] - click(findTestObject("Page_cabi Create Order/first_option")): Object: 'Object Repository/Page_cabi Create Order/first_option' is clicked on

2019-11-05 18:11:50 - [MESSAGE][PASSED] - Object: 'Object Repository/Page_cabi Create Order/first_option' is clicked on

2019-11-05 18:11:50 - [TEST_STEP][PASSED] - delay(5): Delayed 5 second(s)

2019-11-05 18:11:55 - [MESSAGE][PASSED] - Delayed 5 second(s)

2019-11-05 18:11:55 - [TEST_STEP][PASSED] - click(findTestObject("Object Repository/Page_cabi Order Items/selectSize2")): Object: 'Object Repository/Page_cabi Order Items/selectSize2' is clicked on

2019-11-05 18:11:56 - [MESSAGE][PASSED] - Object: 'Object Repository/Page_cabi Order Items/selectSize2' is clicked on

2019-11-05 18:11:56 - [TEST_STEP][PASSED] - delay(3): Delayed 3 second(s)

2019-11-05 18:11:59 - [MESSAGE][PASSED] - Delayed 3 second(s)

2019-11-05 18:11:59 - [TEST_STEP][PASSED] - click(findTestObject("Object Repository/Page_cabi Order Items/addToCart2")): Object: 'Object Repository/Page_cabi Order Items/addToCart2' is clicked on

2019-11-05 18:11:59 - [MESSAGE][PASSED] - Object: 'Object Repository/Page_cabi Order Items/addToCart2' is clicked on

2019-11-05 18:11:59 - [TEST_STEP][PASSED] - delay(5): Delayed 5 second(s)

2019-11-05 18:12:04 - [MESSAGE][PASSED] - Delayed 5 second(s)

2019-11-05 18:12:04 - [TEST_STEP][PASSED] - if (editScenarioNumber == 1): null

2019-11-05 18:12:04 - [TEST_STEP][PASSED] - click(findTestObject("Object Repository/Page_cabi Order Items/a_checkout")): Object: 'Object Repository/Page_cabi Order Items/a_checkout' is clicked on

2019-11-05 18:12:05 - [MESSAGE][PASSED] - Object: 'Object Repository/Page_cabi Order Items/a_checkout' is clicked on

2019-11-05 18:12:05 - [TEST_STEP][PASSED] - delay(3): Delayed 3 second(s)

2019-11-05 18:12:08 - [MESSAGE][PASSED] - Delayed 3 second(s)

2019-11-05 18:12:08 - [TEST_STEP][PASSED] - click(findTestObject("Page_cabi Personal Store/nextButtonShipping")): Object: 'Object Repository/Page_cabi Personal Store/nextButtonShipping' is clicked on

2019-11-05 18:12:09 - [MESSAGE][PASSED] - Object: 'Object Repository/Page_cabi Personal Store/nextButtonShipping' is clicked on

2019-11-05 18:12:09 - [TEST_STEP][PASSED] - delay(3): Delayed 3 second(s)

2019-11-05 18:12:12 - [MESSAGE][PASSED] - Delayed 3 second(s)

2019-11-05 18:12:12 - [TEST_STEP][PASSED] - click(findTestObject("Page_cabi Personal Store/makeFirstPayment")): Object: 'Object Repository/Page_cabi Personal Store/makeFirstPayment' is clicked on

2019-11-05 18:12:12 - [MESSAGE][PASSED] - Object: 'Object Repository/Page_cabi Personal Store/makeFirstPayment' is clicked on

2019-11-05 18:12:12 - [TEST_STEP][PASSED] - click(findTestObject("Object Repository/Page_cabi Personal Store/select_cash")): Object: 'Object Repository/Page_cabi Personal Store/select_cash' is clicked on

2019-11-05 18:12:12 - [MESSAGE][PASSED] - Object: 'Object Repository/Page_cabi Personal Store/select_cash' is clicked on

2019-11-05 18:12:12 - [TEST_STEP][PASSED] - click(findTestObject("Page_cabi Personal Store/submitPayment")): Object: 'Object Repository/Page_cabi Personal Store/submitPayment' is clicked on

2019-11-05 18:12:12 - [MESSAGE][PASSED] - Object: 'Object Repository/Page_cabi Personal Store/submitPayment' is clicked on

2019-11-05 18:12:12 - [TEST_STEP][PASSED] - click(findTestObject("Page_cabi Personal Store/submitOrderId")): Object: 'Object Repository/Page_cabi Personal Store/submitOrderId' is clicked on

2019-11-05 18:12:18 - [MESSAGE][PASSED] - Object: 'Object Repository/Page_cabi Personal Store/submitOrderId' is clicked on

2019-11-05 18:12:18 - [TEST_STEP][PASSED] - successMsg = "": null

2019-11-05 18:12:18 - [TEST_STEP][PASSED] - orderSuccess = false: null

2019-11-05 18:12:18 - [TEST_STEP][PASSED] - successMsgs = findWebElements(findTestObject("Object Repository/Page_cabi Personal Store/p_success_msg"), 5): null

2019-11-05 18:12:18 - [TEST_STEP][PASSED] - if (successMsgs.size() > 0): Text of object 'Object Repository/Page_cabi Personal Store/p_order_id' is: 'RT708481315'

2019-11-05 18:12:18 - [TEST_STEP][PASSED] - successMsg = getText(findTestObject("Object Repository/Page_cabi Personal Store/p_success_msg")): Text of object 'Object Repository/Page_cabi Personal Store/p_success_msg' is: 'Order Created Successfully!!
Order #:  RT708481315

CONTINUE SHOPPING'

2019-11-05 18:12:18 - [MESSAGE][PASSED] - Text of object 'Object Repository/Page_cabi Personal Store/p_success_msg' is: 'Order Created Successfully!!
Order #:  RT708481315

CONTINUE SHOPPING'

2019-11-05 18:12:18 - [TEST_STEP][PASSED] - orderSuccess = true: null

2019-11-05 18:12:18 - [TEST_STEP][PASSED] - retailOrderID = getText(findTestObject("Object Repository/Page_cabi Personal Store/p_order_id")): Text of object 'Object Repository/Page_cabi Personal Store/p_order_id' is: 'RT708481315'

2019-11-05 18:12:18 - [MESSAGE][PASSED] - Text of object 'Object Repository/Page_cabi Personal Store/p_order_id' is: 'RT708481315'

2019-11-05 18:12:19 - [TEST_STEP][PASSED] - assert orderSuccess == true: null

2019-11-05 18:12:19 - [TEST_STEP][NOT_RUN] - closeBrowser(): NOT_RUN: closeBrowser()

2019-11-05 18:12:19 - [MESSAGE][NOT_RUN] - NOT_RUN: closeBrowser()

2019-11-05 18:12:19 - [MESSAGE][PASSED] - Call Test Case 'Test Cases/EditOrder/retailOrderBO' successfully

2019-11-05 18:12:19 - [TEST_STEP][PASSED] - delay(10): Delayed 10 second(s)

2019-11-05 18:12:29 - [MESSAGE][PASSED] - Delayed 10 second(s)

2019-11-05 18:12:29 - [TEST_STEP][PASSED] - callTestCase(findTestCase("TestCaseUtilities/setVHost"), [:], STOP_ON_FAILURE): Call Test Case 'Test Cases/TestCaseUtilities/setVHost' successfully

2019-11-05 18:12:29 - [TEST_CASE][PASSED] - Test Cases/TestCaseUtilities/setVHost: Test Cases/TestCaseUtilities/setVHost

2019-11-05 18:12:29 - [TEST_STEP][PASSED] - ofbizURL = findTestData("envtData").getValue("ofbizURL", 1): null

2019-11-05 18:12:29 - [TEST_STEP][PASSED] - ofbizUser = findTestData("credData").getValue("ofbizuser", 1): null

2019-11-05 18:12:29 - [TEST_STEP][PASSED] - ofbizPass = findTestData("credData").getValue("ofbizpass", 1): null

2019-11-05 18:12:29 - [TEST_STEP][PASSED] - vhostTarget = findTestData("envtData").getValue("vhostTarget", 1): null

2019-11-05 18:12:29 - [TEST_STEP][PASSED] - navigateToUrl(ofbizURL): Navigate to 'https://pushofbiz.cliotest.com/login.php' successfully

2019-11-05 18:12:33 - [MESSAGE][PASSED] - Navigate to 'https://pushofbiz.cliotest.com/login.php' successfully

2019-11-05 18:12:33 - [TEST_STEP][PASSED] - setText(findTestObject("Object Repository/virualShowRSVPOR/Page_/input_Username_username"), ofbizUser): Text 'automation' is set on object 'Object Repository/virualShowRSVPOR/Page_/input_Username_username'

2019-11-05 18:12:33 - [MESSAGE][PASSED] - Text 'automation' is set on object 'Object Repository/virualShowRSVPOR/Page_/input_Username_username'

2019-11-05 18:12:33 - [TEST_STEP][PASSED] - setText(findTestObject("Object Repository/virualShowRSVPOR/Page_/input_Password_password"), ofbizPass): Text 'cabiautomation' is set on object 'Object Repository/virualShowRSVPOR/Page_/input_Password_password'

2019-11-05 18:12:33 - [MESSAGE][PASSED] - Text 'cabiautomation' is set on object 'Object Repository/virualShowRSVPOR/Page_/input_Password_password'

2019-11-05 18:12:33 - [TEST_STEP][PASSED] - click(findTestObject("Object Repository/virualShowRSVPOR/Page_/input_Password_Submit")): Object: 'Object Repository/virualShowRSVPOR/Page_/input_Password_Submit' is clicked on

2019-11-05 18:12:37 - [MESSAGE][PASSED] - Object: 'Object Repository/virualShowRSVPOR/Page_/input_Password_Submit' is clicked on

2019-11-05 18:12:37 - [TEST_STEP][PASSED] - click(findTestObject("Object Repository/virualShowRSVPOR/Page_/a_Set Vhost")): Object: 'Object Repository/virualShowRSVPOR/Page_/a_Set Vhost' is clicked on

2019-11-05 18:12:38 - [MESSAGE][PASSED] - Object: 'Object Repository/virualShowRSVPOR/Page_/a_Set Vhost' is clicked on

2019-11-05 18:12:38 - [TEST_STEP][PASSED] - click(UtilityMethods.createTestObject("select_target", "//select[@name='Target']/option[contains(text(), '", vhostTarget, "')]")): Object: 'select_target' is clicked on

2019-11-05 18:12:38 - [MESSAGE][PASSED] - Object: 'select_target' is clicked on

2019-11-05 18:12:38 - [TEST_STEP][PASSED] - click(findTestObject("Object Repository/virualShowRSVPOR/Page_/input")): Object: 'Object Repository/virualShowRSVPOR/Page_/input' is clicked on

2019-11-05 18:12:40 - [MESSAGE][PASSED] - Object: 'Object Repository/virualShowRSVPOR/Page_/input' is clicked on

2019-11-05 18:12:40 - [MESSAGE][PASSED] - Call Test Case 'Test Cases/TestCaseUtilities/setVHost' successfully

2019-11-05 18:12:40 - [TEST_STEP][PASSED] - callTestCase(findTestCase("TestCaseUtilities/rsLogin"), ["RSURL":"", "RSuser":"", "RSpass":""], STOP_ON_FAILURE): Call Test Case 'Test Cases/TestCaseUtilities/rsLogin' successfully

2019-11-05 18:12:40 - [TEST_CASE][PASSED] - Test Cases/TestCaseUtilities/rsLogin: Test Cases/TestCaseUtilities/rsLogin

2019-11-05 18:12:41 - [TEST_STEP][PASSED] - dataFile = "micrositeData": null

2019-11-05 18:12:41 - [TEST_STEP][PASSED] - guest1Mail = findTestData(dataFile).getValue("guest1Mail", 1): null

2019-11-05 18:12:41 - [TEST_STEP][PASSED] - guest1Pass = findTestData(dataFile).getValue("guest1Pass", 1): null

2019-11-05 18:12:41 - [TEST_STEP][PASSED] - RSTestEnvt = findTestData("envtData").getValue("RSTestEnvt", 1): null

2019-11-05 18:12:41 - [TEST_STEP][PASSED] - openBrowser(""): Browser is opened with url: ''

2019-11-05 18:12:41 - [MESSAGE][WARNING] - A browser is already opened. Closing browser and opening a new one

2019-11-05 18:12:42 - [MESSAGE][INFO] - Starting 'Chrome' driver

2019-11-05 18:12:42 - [MESSAGE][INFO] - User set preference: ['args', '[--use-fake-ui-for-media-stream, --start-maximized]']

2019-11-05 18:12:44 - [MESSAGE][PASSED] - Browser is opened with url: ''

2019-11-05 18:12:44 - [TEST_STEP][PASSED] - callTestCase(findTestCase("TestCaseUtilities/setVHost"), [:], STOP_ON_FAILURE): Call Test Case 'Test Cases/TestCaseUtilities/setVHost' successfully

2019-11-05 18:12:44 - [TEST_CASE][PASSED] - Test Cases/TestCaseUtilities/setVHost: Test Cases/TestCaseUtilities/setVHost

2019-11-05 18:12:44 - [TEST_STEP][PASSED] - ofbizURL = findTestData("envtData").getValue("ofbizURL", 1): null

2019-11-05 18:12:44 - [TEST_STEP][PASSED] - ofbizUser = findTestData("credData").getValue("ofbizuser", 1): null

2019-11-05 18:12:44 - [TEST_STEP][PASSED] - ofbizPass = findTestData("credData").getValue("ofbizpass", 1): null

2019-11-05 18:12:44 - [TEST_STEP][PASSED] - vhostTarget = findTestData("envtData").getValue("vhostTarget", 1): null

2019-11-05 18:12:44 - [TEST_STEP][PASSED] - navigateToUrl(ofbizURL): Navigate to 'https://pushofbiz.cliotest.com/login.php' successfully

2019-11-05 18:12:46 - [MESSAGE][PASSED] - Navigate to 'https://pushofbiz.cliotest.com/login.php' successfully

2019-11-05 18:12:46 - [TEST_STEP][PASSED] - setText(findTestObject("Object Repository/virualShowRSVPOR/Page_/input_Username_username"), ofbizUser): Text 'automation' is set on object 'Object Repository/virualShowRSVPOR/Page_/input_Username_username'

2019-11-05 18:12:46 - [MESSAGE][PASSED] - Text 'automation' is set on object 'Object Repository/virualShowRSVPOR/Page_/input_Username_username'

2019-11-05 18:12:46 - [TEST_STEP][PASSED] - setText(findTestObject("Object Repository/virualShowRSVPOR/Page_/input_Password_password"), ofbizPass): Text 'cabiautomation' is set on object 'Object Repository/virualShowRSVPOR/Page_/input_Password_password'

2019-11-05 18:12:47 - [MESSAGE][PASSED] - Text 'cabiautomation' is set on object 'Object Repository/virualShowRSVPOR/Page_/input_Password_password'

2019-11-05 18:12:47 - [TEST_STEP][PASSED] - click(findTestObject("Object Repository/virualShowRSVPOR/Page_/input_Password_Submit")): Object: 'Object Repository/virualShowRSVPOR/Page_/input_Password_Submit' is clicked on

2019-11-05 18:12:51 - [MESSAGE][PASSED] - Object: 'Object Repository/virualShowRSVPOR/Page_/input_Password_Submit' is clicked on

2019-11-05 18:12:51 - [TEST_STEP][PASSED] - click(findTestObject("Object Repository/virualShowRSVPOR/Page_/a_Set Vhost")): Object: 'Object Repository/virualShowRSVPOR/Page_/a_Set Vhost' is clicked on

2019-11-05 18:12:52 - [MESSAGE][PASSED] - Object: 'Object Repository/virualShowRSVPOR/Page_/a_Set Vhost' is clicked on

2019-11-05 18:12:52 - [TEST_STEP][PASSED] - click(UtilityMethods.createTestObject("select_target", "//select[@name='Target']/option[contains(text(), '", vhostTarget, "')]")): Object: 'select_target' is clicked on

2019-11-05 18:12:52 - [MESSAGE][PASSED] - Object: 'select_target' is clicked on

2019-11-05 18:12:52 - [TEST_STEP][PASSED] - click(findTestObject("Object Repository/virualShowRSVPOR/Page_/input")): Object: 'Object Repository/virualShowRSVPOR/Page_/input' is clicked on

2019-11-05 18:12:55 - [MESSAGE][PASSED] - Object: 'Object Repository/virualShowRSVPOR/Page_/input' is clicked on

2019-11-05 18:12:55 - [MESSAGE][PASSED] - Call Test Case 'Test Cases/TestCaseUtilities/setVHost' successfully

2019-11-05 18:12:55 - [TEST_STEP][PASSED] - loginURL = UtilityMethods.concat("https://mirandakate.", RSTestEnvt, ".com/?component=account.login-gateway"): null

2019-11-05 18:12:55 - [TEST_STEP][PASSED] - navigateToUrl(loginURL): Navigate to 'https://mirandakate.cabitest5.com/?component=account.login-gateway' successfully

2019-11-05 18:13:34 - [MESSAGE][PASSED] - Navigate to 'https://mirandakate.cabitest5.com/?component=account.login-gateway' successfully

2019-11-05 18:13:34 - [TEST_STEP][PASSED] - delay(3): Delayed 3 second(s)

2019-11-05 18:13:37 - [MESSAGE][PASSED] - Delayed 3 second(s)

2019-11-05 18:13:37 - [TEST_STEP][PASSED] - setText(findTestObject("Object Repository/virualShowRSVPOR/Page_Show microsite/input_Sign in  Create account_email"), guest1Mail): Text 'guest1-test@test.com' is set on object 'Object Repository/virualShowRSVPOR/Page_Show microsite/input_Sign in  Create account_email'

2019-11-05 18:13:38 - [MESSAGE][PASSED] - Text 'guest1-test@test.com' is set on object 'Object Repository/virualShowRSVPOR/Page_Show microsite/input_Sign in  Create account_email'

2019-11-05 18:13:38 - [TEST_STEP][PASSED] - executeJavaScript("arguments[0].click()", Arrays.asList(findWebElement(findTestObject("Object Repository/virualShowRSVPOR/Page_Show microsite/button_Continue"), 30))): Execute JavaScript 'arguments[0].click()' successfully

2019-11-05 18:13:38 - [MESSAGE][PASSED] - Execute JavaScript 'arguments[0].click()' successfully

2019-11-05 18:13:38 - [TEST_STEP][PASSED] - setText(findTestObject("Object Repository/virualShowRSVPOR/Page_Show microsite/input_Welcome_password"), guest1Pass): Text 'blackdress19' is set on object 'Object Repository/virualShowRSVPOR/Page_Show microsite/input_Welcome_password'

2019-11-05 18:13:40 - [MESSAGE][PASSED] - Text 'blackdress19' is set on object 'Object Repository/virualShowRSVPOR/Page_Show microsite/input_Welcome_password'

2019-11-05 18:13:40 - [TEST_STEP][PASSED] - executeJavaScript("arguments[0].click()", Arrays.asList(findWebElement(findTestObject("Object Repository/virualShowRSVPOR/Page_Show microsite/button_Continue_pass"), 30))): Execute JavaScript 'arguments[0].click()' successfully

2019-11-05 18:13:40 - [MESSAGE][PASSED] - Execute JavaScript 'arguments[0].click()' successfully

2019-11-05 18:13:40 - [TEST_STEP][PASSED] - delay(5): Delayed 5 second(s)

2019-11-05 18:13:45 - [MESSAGE][PASSED] - Delayed 5 second(s)

2019-11-05 18:13:45 - [TEST_STEP][PASSED] - if (verifyElementPresent(findTestObject("Object Repository/virualShowRSVPOR/Page_Show microsite/complete_my_profile_later"), 0)): Execute JavaScript 'arguments[0].click()' successfully

2019-11-05 18:13:45 - [MESSAGE][WARNING] - Timeout '0' is invalid. Using default page load timeout: '30'

2019-11-05 18:13:45 - [MESSAGE][PASSED] - Object 'Object Repository/virualShowRSVPOR/Page_Show microsite/complete_my_profile_later' is present

2019-11-05 18:13:45 - [TEST_STEP][PASSED] - executeJavaScript("arguments[0].click()", Arrays.asList(findWebElement(findTestObject("Object Repository/virualShowRSVPOR/Page_Show microsite/div_Ill complete my profile later"), 30))): Execute JavaScript 'arguments[0].click()' successfully

2019-11-05 18:13:52 - [MESSAGE][PASSED] - Execute JavaScript 'arguments[0].click()' successfully

2019-11-05 18:13:52 - [MESSAGE][PASSED] - Call Test Case 'Test Cases/TestCaseUtilities/rsLogin' successfully

2019-11-05 18:13:52 - [TEST_STEP][FAILED] - callTestCase(findTestCase("EditOrder/rsOrderHistoryConfirm"), ["orderID":"", "editScenarioNumber":1], STOP_ON_FAILURE): callTestCase(findTestCase("EditOrder/rsOrderHistoryConfirm"), ["orderID":"", "editScenarioNumber":1], STOP_ON_FAILURE) FAILED.
Reason:
com.kms.katalon.core.exception.StepFailedException: Call Test Case 'Test Cases/EditOrder/rsOrderHistoryConfirm' failed
	at com.kms.katalon.core.keyword.builtin.CallTestCaseKeyword$_callTestCase_closure1.doCall(CallTestCaseKeyword.groovy:63)
	at com.kms.katalon.core.keyword.builtin.CallTestCaseKeyword$_callTestCase_closure1.call(CallTestCaseKeyword.groovy)
	at com.kms.katalon.core.keyword.internal.KeywordMain.runKeyword(KeywordMain.groovy:66)
	at com.kms.katalon.core.keyword.builtin.CallTestCaseKeyword.callTestCase(CallTestCaseKeyword.groovy:81)
	at com.kms.katalon.core.keyword.builtin.CallTestCaseKeyword.execute(CallTestCaseKeyword.groovy:44)
	at com.kms.katalon.core.keyword.internal.KeywordExecutor.executeKeywordForPlatform(KeywordExecutor.groovy:56)
	at com.kms.katalon.core.keyword.BuiltinKeywords.callTestCase(BuiltinKeywords.groovy:334)
	at rsEditOrderSimple.run(rsEditOrderSimple:24)
	at com.kms.katalon.core.main.ScriptEngine.run(ScriptEngine.java:194)
	at com.kms.katalon.core.main.ScriptEngine.runScriptAsRawText(ScriptEngine.java:119)
	at com.kms.katalon.core.main.TestCaseExecutor.runScript(TestCaseExecutor.java:342)
	at com.kms.katalon.core.main.TestCaseExecutor.doExecute(TestCaseExecutor.java:333)
	at com.kms.katalon.core.main.TestCaseExecutor.processExecutionPhase(TestCaseExecutor.java:312)
	at com.kms.katalon.core.main.TestCaseExecutor.accessMainPhase(TestCaseExecutor.java:304)
	at com.kms.katalon.core.main.TestCaseExecutor.execute(TestCaseExecutor.java:238)
	at com.kms.katalon.core.main.TestSuiteExecutor.accessTestCaseMainPhase(TestSuiteExecutor.java:129)
	at com.kms.katalon.core.main.TestSuiteExecutor.accessTestSuiteMainPhase(TestSuiteExecutor.java:112)
	at com.kms.katalon.core.main.TestSuiteExecutor.execute(TestSuiteExecutor.java:81)
	at com.kms.katalon.core.main.TestCaseMain.startTestSuite(TestCaseMain.java:157)
	at com.kms.katalon.core.main.TestCaseMain$startTestSuite$0.call(Unknown Source)
	at TempTestSuite1572957603430.run(TempTestSuite1572957603430.groovy:35)
Caused by: com.kms.katalon.core.exception.StepFailedException: Verify element text of test object 'div_cancelled_order' FAILED.
	at com.kms.katalon.core.webui.keyword.internal.WebUIKeywordMain.stepFailed(WebUIKeywordMain.groovy:64)
	at com.kms.katalon.core.webui.keyword.internal.WebUIKeywordMain.runKeyword(WebUIKeywordMain.groovy:26)
	at com.kms.katalon.core.webui.keyword.builtin.VerifyElementTextKeyword.verifyElementText(VerifyElementTextKeyword.groovy:72)
	at com.kms.katalon.core.webui.keyword.builtin.VerifyElementTextKeyword.execute(VerifyElementTextKeyword.groovy:40)
	at com.kms.katalon.core.keyword.internal.KeywordExecutor.executeKeywordForPlatform(KeywordExecutor.groovy:56)
	at com.kms.katalon.core.webui.keyword.WebUiBuiltInKeywords.verifyElementText(WebUiBuiltInKeywords.groovy:3663)
	at com.kms.katalon.core.webui.keyword.WebUiBuiltInKeywords$verifyElementText$9.call(Unknown Source)
	at rsOrderHistoryConfirm.run(rsOrderHistoryConfirm:95)
	at com.kms.katalon.core.main.ScriptEngine.run(ScriptEngine.java:194)
	at com.kms.katalon.core.main.ScriptEngine.runScriptAsRawText(ScriptEngine.java:119)
	at com.kms.katalon.core.main.TestCaseExecutor.runScript(TestCaseExecutor.java:342)
	at com.kms.katalon.core.main.TestCaseExecutor.doExecute(TestCaseExecutor.java:333)
	at com.kms.katalon.core.main.TestCaseExecutor.processExecutionPhase(TestCaseExecutor.java:312)
	at com.kms.katalon.core.main.TestCaseExecutor.accessMainPhase(TestCaseExecutor.java:304)
	at com.kms.katalon.core.main.TestCaseExecutor.execute(TestCaseExecutor.java:238)
	at com.kms.katalon.core.main.TestCaseMain.runTestCase(TestCaseMain.java:114)
	at com.kms.katalon.core.keyword.builtin.CallTestCaseKeyword$_callTestCase_closure1.doCall(CallTestCaseKeyword.groovy:59)
	... 20 more
Caused by: com.kms.katalon.core.exception.StepFailedException: Actual text '' and expected text 'Cancelled' of test object 'div_cancelled_order' are NOT matched.
	at com.kms.katalon.core.webui.keyword.internal.WebUIKeywordMain.stepFailed(WebUIKeywordMain.groovy:64)
	at com.kms.katalon.core.webui.keyword.builtin.VerifyElementTextKeyword$_verifyElementText_closure1.doCall(VerifyElementTextKeyword.groovy:57)
	at com.kms.katalon.core.webui.keyword.builtin.VerifyElementTextKeyword$_verifyElementText_closure1.call(VerifyElementTextKeyword.groovy)
	at com.kms.katalon.core.webui.keyword.internal.WebUIKeywordMain.runKeyword(WebUIKeywordMain.groovy:20)
	... 35 more


2019-11-05 18:13:52 - [TEST_CASE][FAILED] - Test Cases/EditOrder/rsOrderHistoryConfirm: Test Cases/EditOrder/rsOrderHistoryConfirm FAILED.
Reason:
com.kms.katalon.core.exception.StepFailedException: Verify element text of test object 'div_cancelled_order' FAILED.
	at com.kms.katalon.core.webui.keyword.internal.WebUIKeywordMain.stepFailed(WebUIKeywordMain.groovy:64)
	at com.kms.katalon.core.webui.keyword.internal.WebUIKeywordMain.runKeyword(WebUIKeywordMain.groovy:26)
	at com.kms.katalon.core.webui.keyword.builtin.VerifyElementTextKeyword.verifyElementText(VerifyElementTextKeyword.groovy:72)
	at com.kms.katalon.core.webui.keyword.builtin.VerifyElementTextKeyword.execute(VerifyElementTextKeyword.groovy:40)
	at com.kms.katalon.core.keyword.internal.KeywordExecutor.executeKeywordForPlatform(KeywordExecutor.groovy:56)
	at com.kms.katalon.core.webui.keyword.WebUiBuiltInKeywords.verifyElementText(WebUiBuiltInKeywords.groovy:3663)
	at com.kms.katalon.core.webui.keyword.WebUiBuiltInKeywords$verifyElementText$9.call(Unknown Source)
	at rsOrderHistoryConfirm.run(rsOrderHistoryConfirm:95)
	at com.kms.katalon.core.main.ScriptEngine.run(ScriptEngine.java:194)
	at com.kms.katalon.core.main.ScriptEngine.runScriptAsRawText(ScriptEngine.java:119)
	at com.kms.katalon.core.main.TestCaseExecutor.runScript(TestCaseExecutor.java:342)
	at com.kms.katalon.core.main.TestCaseExecutor.doExecute(TestCaseExecutor.java:333)
	at com.kms.katalon.core.main.TestCaseExecutor.processExecutionPhase(TestCaseExecutor.java:312)
	at com.kms.katalon.core.main.TestCaseExecutor.accessMainPhase(TestCaseExecutor.java:304)
	at com.kms.katalon.core.main.TestCaseExecutor.execute(TestCaseExecutor.java:238)
	at com.kms.katalon.core.main.TestCaseMain.runTestCase(TestCaseMain.java:114)
	at com.kms.katalon.core.keyword.builtin.CallTestCaseKeyword$_callTestCase_closure1.doCall(CallTestCaseKeyword.groovy:59)
	at com.kms.katalon.core.keyword.builtin.CallTestCaseKeyword$_callTestCase_closure1.call(CallTestCaseKeyword.groovy)
	at com.kms.katalon.core.keyword.internal.KeywordMain.runKeyword(KeywordMain.groovy:66)
	at com.kms.katalon.core.keyword.builtin.CallTestCaseKeyword.callTestCase(CallTestCaseKeyword.groovy:81)
	at com.kms.katalon.core.keyword.builtin.CallTestCaseKeyword.execute(CallTestCaseKeyword.groovy:44)
	at com.kms.katalon.core.keyword.internal.KeywordExecutor.executeKeywordForPlatform(KeywordExecutor.groovy:56)
	at com.kms.katalon.core.keyword.BuiltinKeywords.callTestCase(BuiltinKeywords.groovy:334)
	at rsEditOrderSimple.run(rsEditOrderSimple:24)
	at com.kms.katalon.core.main.ScriptEngine.run(ScriptEngine.java:194)
	at com.kms.katalon.core.main.ScriptEngine.runScriptAsRawText(ScriptEngine.java:119)
	at com.kms.katalon.core.main.TestCaseExecutor.runScript(TestCaseExecutor.java:342)
	at com.kms.katalon.core.main.TestCaseExecutor.doExecute(TestCaseExecutor.java:333)
	at com.kms.katalon.core.main.TestCaseExecutor.processExecutionPhase(TestCaseExecutor.java:312)
	at com.kms.katalon.core.main.TestCaseExecutor.accessMainPhase(TestCaseExecutor.java:304)
	at com.kms.katalon.core.main.TestCaseExecutor.execute(TestCaseExecutor.java:238)
	at com.kms.katalon.core.main.TestSuiteExecutor.accessTestCaseMainPhase(TestSuiteExecutor.java:129)
	at com.kms.katalon.core.main.TestSuiteExecutor.accessTestSuiteMainPhase(TestSuiteExecutor.java:112)
	at com.kms.katalon.core.main.TestSuiteExecutor.execute(TestSuiteExecutor.java:81)
	at com.kms.katalon.core.main.TestCaseMain.startTestSuite(TestCaseMain.java:157)
	at com.kms.katalon.core.main.TestCaseMain$startTestSuite$0.call(Unknown Source)
	at TempTestSuite1572957603430.run(TempTestSuite1572957603430.groovy:35)
Caused by: com.kms.katalon.core.exception.StepFailedException: Actual text '' and expected text 'Cancelled' of test object 'div_cancelled_order' are NOT matched.
	at com.kms.katalon.core.webui.keyword.internal.WebUIKeywordMain.stepFailed(WebUIKeywordMain.groovy:64)
	at com.kms.katalon.core.webui.keyword.builtin.VerifyElementTextKeyword$_verifyElementText_closure1.doCall(VerifyElementTextKeyword.groovy:57)
	at com.kms.katalon.core.webui.keyword.builtin.VerifyElementTextKeyword$_verifyElementText_closure1.call(VerifyElementTextKeyword.groovy)
	at com.kms.katalon.core.webui.keyword.internal.WebUIKeywordMain.runKeyword(WebUIKeywordMain.groovy:20)
	... 35 more


2019-11-05 18:13:53 - [TEST_STEP][PASSED] - driver = getWebDriver(): null

2019-11-05 18:13:53 - [TEST_STEP][PASSED] - executor = driver: null

2019-11-05 18:13:53 - [TEST_STEP][PASSED] - orderID = retailOrderID: null

2019-11-05 18:13:53 - [TEST_STEP][PASSED] - println(orderID): null

2019-11-05 18:13:53 - [TEST_STEP][PASSED] - xpath = UtilityMethods.concat("//span[contains(text(), '", orderID, "')]/parent::div/parent::div/div[@class='table-row-edit-order']//a"): null

2019-11-05 18:13:53 - [TEST_STEP][PASSED] - to = new com.kms.katalon.core.testobject.TestObject(a_link_dynamic): null

2019-11-05 18:13:53 - [TEST_STEP][PASSED] - to.addProperty("xpath", EQUALS, xpath): null

2019-11-05 18:13:53 - [TEST_STEP][PASSED] - click(findTestObject("ReplicatedSite/rs_Page_Trendy/i_Michigan_fa fa-caret-down")): Object: 'Object Repository/ReplicatedSite/rs_Page_Trendy/i_Michigan_fa fa-caret-down' is clicked on

2019-11-05 18:13:53 - [MESSAGE][PASSED] - Object: 'Object Repository/ReplicatedSite/rs_Page_Trendy/i_Michigan_fa fa-caret-down' is clicked on

2019-11-05 18:13:53 - [TEST_STEP][PASSED] - click(findTestObject("ReplicatedSite/rs_Page_Trendy/a_My Profile")): Object: 'Object Repository/ReplicatedSite/rs_Page_Trendy/a_My Profile' is clicked on

2019-11-05 18:14:01 - [MESSAGE][PASSED] - Object: 'Object Repository/ReplicatedSite/rs_Page_Trendy/a_My Profile' is clicked on

2019-11-05 18:14:01 - [TEST_STEP][PASSED] - click(findTestObject("Object Repository/ReplicatedSite/Page_Profile - Cabi Fall 2018 Collection/span_Order History")): Object: 'Object Repository/ReplicatedSite/Page_Profile - Cabi Fall 2018 Collection/span_Order History' is clicked on

2019-11-05 18:14:01 - [MESSAGE][PASSED] - Object: 'Object Repository/ReplicatedSite/Page_Profile - Cabi Fall 2018 Collection/span_Order History' is clicked on

2019-11-05 18:14:01 - [TEST_STEP][PASSED] - delay(5): Delayed 5 second(s)

2019-11-05 18:14:06 - [MESSAGE][PASSED] - Delayed 5 second(s)

2019-11-05 18:14:06 - [TEST_STEP][PASSED] - editButton = findWebElements(to, 1): null

2019-11-05 18:14:06 - [TEST_STEP][PASSED] - assert editButton.size() > 0: null

2019-11-05 18:14:06 - [TEST_STEP][FAILED] - if (editButton.size() > 0): if (editButton.size() > 0) FAILED.
Reason:
com.kms.katalon.core.exception.StepFailedException: Verify element text of test object 'div_cancelled_order' FAILED.
	at com.kms.katalon.core.webui.keyword.internal.WebUIKeywordMain.stepFailed(WebUIKeywordMain.groovy:64)
	at com.kms.katalon.core.webui.keyword.internal.WebUIKeywordMain.runKeyword(WebUIKeywordMain.groovy:26)
	at com.kms.katalon.core.webui.keyword.builtin.VerifyElementTextKeyword.verifyElementText(VerifyElementTextKeyword.groovy:72)
	at com.kms.katalon.core.webui.keyword.builtin.VerifyElementTextKeyword.execute(VerifyElementTextKeyword.groovy:40)
	at com.kms.katalon.core.keyword.internal.KeywordExecutor.executeKeywordForPlatform(KeywordExecutor.groovy:56)
	at com.kms.katalon.core.webui.keyword.WebUiBuiltInKeywords.verifyElementText(WebUiBuiltInKeywords.groovy:3663)
	at com.kms.katalon.core.webui.keyword.WebUiBuiltInKeywords$verifyElementText$9.call(Unknown Source)
	at rsOrderHistoryConfirm.run(rsOrderHistoryConfirm:95)
	at com.kms.katalon.core.main.ScriptEngine.run(ScriptEngine.java:194)
	at com.kms.katalon.core.main.ScriptEngine.runScriptAsRawText(ScriptEngine.java:119)
	at com.kms.katalon.core.main.TestCaseExecutor.runScript(TestCaseExecutor.java:342)
	at com.kms.katalon.core.main.TestCaseExecutor.doExecute(TestCaseExecutor.java:333)
	at com.kms.katalon.core.main.TestCaseExecutor.processExecutionPhase(TestCaseExecutor.java:312)
	at com.kms.katalon.core.main.TestCaseExecutor.accessMainPhase(TestCaseExecutor.java:304)
	at com.kms.katalon.core.main.TestCaseExecutor.execute(TestCaseExecutor.java:238)
	at com.kms.katalon.core.main.TestCaseMain.runTestCase(TestCaseMain.java:114)
	at com.kms.katalon.core.keyword.builtin.CallTestCaseKeyword$_callTestCase_closure1.doCall(CallTestCaseKeyword.groovy:59)
	at com.kms.katalon.core.keyword.builtin.CallTestCaseKeyword$_callTestCase_closure1.call(CallTestCaseKeyword.groovy)
	at com.kms.katalon.core.keyword.internal.KeywordMain.runKeyword(KeywordMain.groovy:66)
	at com.kms.katalon.core.keyword.builtin.CallTestCaseKeyword.callTestCase(CallTestCaseKeyword.groovy:81)
	at com.kms.katalon.core.keyword.builtin.CallTestCaseKeyword.execute(CallTestCaseKeyword.groovy:44)
	at com.kms.katalon.core.keyword.internal.KeywordExecutor.executeKeywordForPlatform(KeywordExecutor.groovy:56)
	at com.kms.katalon.core.keyword.BuiltinKeywords.callTestCase(BuiltinKeywords.groovy:334)
	at rsEditOrderSimple.run(rsEditOrderSimple:24)
	at com.kms.katalon.core.main.ScriptEngine.run(ScriptEngine.java:194)
	at com.kms.katalon.core.main.ScriptEngine.runScriptAsRawText(ScriptEngine.java:119)
	at com.kms.katalon.core.main.TestCaseExecutor.runScript(TestCaseExecutor.java:342)
	at com.kms.katalon.core.main.TestCaseExecutor.doExecute(TestCaseExecutor.java:333)
	at com.kms.katalon.core.main.TestCaseExecutor.processExecutionPhase(TestCaseExecutor.java:312)
	at com.kms.katalon.core.main.TestCaseExecutor.accessMainPhase(TestCaseExecutor.java:304)
	at com.kms.katalon.core.main.TestCaseExecutor.execute(TestCaseExecutor.java:238)
	at com.kms.katalon.core.main.TestSuiteExecutor.accessTestCaseMainPhase(TestSuiteExecutor.java:129)
	at com.kms.katalon.core.main.TestSuiteExecutor.accessTestSuiteMainPhase(TestSuiteExecutor.java:112)
	at com.kms.katalon.core.main.TestSuiteExecutor.execute(TestSuiteExecutor.java:81)
	at com.kms.katalon.core.main.TestCaseMain.startTestSuite(TestCaseMain.java:157)
	at com.kms.katalon.core.main.TestCaseMain$startTestSuite$0.call(Unknown Source)
	at TempTestSuite1572957603430.run(TempTestSuite1572957603430.groovy:35)
Caused by: com.kms.katalon.core.exception.StepFailedException: Actual text '' and expected text 'Cancelled' of test object 'div_cancelled_order' are NOT matched.
	at com.kms.katalon.core.webui.keyword.internal.WebUIKeywordMain.stepFailed(WebUIKeywordMain.groovy:64)
	at com.kms.katalon.core.webui.keyword.builtin.VerifyElementTextKeyword$_verifyElementText_closure1.doCall(VerifyElementTextKeyword.groovy:57)
	at com.kms.katalon.core.webui.keyword.builtin.VerifyElementTextKeyword$_verifyElementText_closure1.call(VerifyElementTextKeyword.groovy)
	at com.kms.katalon.core.webui.keyword.internal.WebUIKeywordMain.runKeyword(WebUIKeywordMain.groovy:20)
	... 35 more


2019-11-05 18:14:06 - [TEST_STEP][PASSED] - click(to): Object: 'a_link_dynamic' is clicked on

2019-11-05 18:14:06 - [MESSAGE][PASSED] - Object: 'a_link_dynamic' is clicked on

2019-11-05 18:14:06 - [TEST_STEP][PASSED] - delay(10): Delayed 10 second(s)

2019-11-05 18:14:16 - [MESSAGE][PASSED] - Delayed 10 second(s)

2019-11-05 18:14:16 - [TEST_STEP][FAILED] - if (editScenarioNumber == 1): if (editButton.size() > 0) FAILED.
Reason:
com.kms.katalon.core.exception.StepFailedException: Verify element text of test object 'div_cancelled_order' FAILED.
	at com.kms.katalon.core.webui.keyword.internal.WebUIKeywordMain.stepFailed(WebUIKeywordMain.groovy:64)
	at com.kms.katalon.core.webui.keyword.internal.WebUIKeywordMain.runKeyword(WebUIKeywordMain.groovy:26)
	at com.kms.katalon.core.webui.keyword.builtin.VerifyElementTextKeyword.verifyElementText(VerifyElementTextKeyword.groovy:72)
	at com.kms.katalon.core.webui.keyword.builtin.VerifyElementTextKeyword.execute(VerifyElementTextKeyword.groovy:40)
	at com.kms.katalon.core.keyword.internal.KeywordExecutor.executeKeywordForPlatform(KeywordExecutor.groovy:56)
	at com.kms.katalon.core.webui.keyword.WebUiBuiltInKeywords.verifyElementText(WebUiBuiltInKeywords.groovy:3663)
	at com.kms.katalon.core.webui.keyword.WebUiBuiltInKeywords$verifyElementText$9.call(Unknown Source)
	at rsOrderHistoryConfirm.run(rsOrderHistoryConfirm:95)
	at com.kms.katalon.core.main.ScriptEngine.run(ScriptEngine.java:194)
	at com.kms.katalon.core.main.ScriptEngine.runScriptAsRawText(ScriptEngine.java:119)
	at com.kms.katalon.core.main.TestCaseExecutor.runScript(TestCaseExecutor.java:342)
	at com.kms.katalon.core.main.TestCaseExecutor.doExecute(TestCaseExecutor.java:333)
	at com.kms.katalon.core.main.TestCaseExecutor.processExecutionPhase(TestCaseExecutor.java:312)
	at com.kms.katalon.core.main.TestCaseExecutor.accessMainPhase(TestCaseExecutor.java:304)
	at com.kms.katalon.core.main.TestCaseExecutor.execute(TestCaseExecutor.java:238)
	at com.kms.katalon.core.main.TestCaseMain.runTestCase(TestCaseMain.java:114)
	at com.kms.katalon.core.keyword.builtin.CallTestCaseKeyword$_callTestCase_closure1.doCall(CallTestCaseKeyword.groovy:59)
	at com.kms.katalon.core.keyword.builtin.CallTestCaseKeyword$_callTestCase_closure1.call(CallTestCaseKeyword.groovy)
	at com.kms.katalon.core.keyword.internal.KeywordMain.runKeyword(KeywordMain.groovy:66)
	at com.kms.katalon.core.keyword.builtin.CallTestCaseKeyword.callTestCase(CallTestCaseKeyword.groovy:81)
	at com.kms.katalon.core.keyword.builtin.CallTestCaseKeyword.execute(CallTestCaseKeyword.groovy:44)
	at com.kms.katalon.core.keyword.internal.KeywordExecutor.executeKeywordForPlatform(KeywordExecutor.groovy:56)
	at com.kms.katalon.core.keyword.BuiltinKeywords.callTestCase(BuiltinKeywords.groovy:334)
	at rsEditOrderSimple.run(rsEditOrderSimple:24)
	at com.kms.katalon.core.main.ScriptEngine.run(ScriptEngine.java:194)
	at com.kms.katalon.core.main.ScriptEngine.runScriptAsRawText(ScriptEngine.java:119)
	at com.kms.katalon.core.main.TestCaseExecutor.runScript(TestCaseExecutor.java:342)
	at com.kms.katalon.core.main.TestCaseExecutor.doExecute(TestCaseExecutor.java:333)
	at com.kms.katalon.core.main.TestCaseExecutor.processExecutionPhase(TestCaseExecutor.java:312)
	at com.kms.katalon.core.main.TestCaseExecutor.accessMainPhase(TestCaseExecutor.java:304)
	at com.kms.katalon.core.main.TestCaseExecutor.execute(TestCaseExecutor.java:238)
	at com.kms.katalon.core.main.TestSuiteExecutor.accessTestCaseMainPhase(TestSuiteExecutor.java:129)
	at com.kms.katalon.core.main.TestSuiteExecutor.accessTestSuiteMainPhase(TestSuiteExecutor.java:112)
	at com.kms.katalon.core.main.TestSuiteExecutor.execute(TestSuiteExecutor.java:81)
	at com.kms.katalon.core.main.TestCaseMain.startTestSuite(TestCaseMain.java:157)
	at com.kms.katalon.core.main.TestCaseMain$startTestSuite$0.call(Unknown Source)
	at TempTestSuite1572957603430.run(TempTestSuite1572957603430.groovy:35)
Caused by: com.kms.katalon.core.exception.StepFailedException: Actual text '' and expected text 'Cancelled' of test object 'div_cancelled_order' are NOT matched.
	at com.kms.katalon.core.webui.keyword.internal.WebUIKeywordMain.stepFailed(WebUIKeywordMain.groovy:64)
	at com.kms.katalon.core.webui.keyword.builtin.VerifyElementTextKeyword$_verifyElementText_closure1.doCall(VerifyElementTextKeyword.groovy:57)
	at com.kms.katalon.core.webui.keyword.builtin.VerifyElementTextKeyword$_verifyElementText_closure1.call(VerifyElementTextKeyword.groovy)
	at com.kms.katalon.core.webui.keyword.internal.WebUIKeywordMain.runKeyword(WebUIKeywordMain.groovy:20)
	... 35 more


2019-11-05 18:14:16 - [TEST_STEP][PASSED] - println("scen = 1"): null

2019-11-05 18:14:16 - [TEST_STEP][PASSED] - click(findTestObject("Object Repository/ReplicatedSite/a_update_order")): Object: 'Object Repository/ReplicatedSite/a_update_order' is clicked on

2019-11-05 18:14:17 - [MESSAGE][PASSED] - Object: 'Object Repository/ReplicatedSite/a_update_order' is clicked on

2019-11-05 18:14:17 - [TEST_STEP][PASSED] - delay(5): Delayed 5 second(s)

2019-11-05 18:14:22 - [MESSAGE][PASSED] - Delayed 5 second(s)

2019-11-05 18:14:22 - [TEST_STEP][PASSED] - callTestCase(findTestCase("EditOrder/rsUpdateOrder"), [:], STOP_ON_FAILURE): Call Test Case 'Test Cases/EditOrder/rsUpdateOrder' successfully

2019-11-05 18:14:22 - [TEST_CASE][PASSED] - Test Cases/EditOrder/rsUpdateOrder: Test Cases/EditOrder/rsUpdateOrder

2019-11-05 18:14:22 - [TEST_STEP][PASSED] - driver = getWebDriver(): null

2019-11-05 18:14:22 - [TEST_STEP][PASSED] - executor = driver: null

2019-11-05 18:14:22 - [TEST_STEP][PASSED] - element = <not implemented yet for class: org.codehaus.groovy.ast.expr.EmptyExpression>: null

2019-11-05 18:14:22 - [TEST_STEP][PASSED] - actions = <not implemented yet for class: org.codehaus.groovy.ast.expr.EmptyExpression>: null

2019-11-05 18:14:22 - [TEST_STEP][PASSED] - click(findTestObject("Object Repository/ReplicatedSite/input_other_address")): Object: 'Object Repository/ReplicatedSite/input_other_address' is clicked on

2019-11-05 18:14:27 - [MESSAGE][PASSED] - Object: 'Object Repository/ReplicatedSite/input_other_address' is clicked on

2019-11-05 18:14:27 - [TEST_STEP][PASSED] - contactNumber = 3: null

2019-11-05 18:14:27 - [TEST_STEP][PASSED] - address1 = findTestData("contactData").getValue("address1", contactNumber): null

2019-11-05 18:14:27 - [TEST_STEP][PASSED] - city = findTestData("contactData").getValue("city", contactNumber): null

2019-11-05 18:14:27 - [TEST_STEP][PASSED] - state = findTestData("contactData").getValue("state", contactNumber): null

2019-11-05 18:14:27 - [TEST_STEP][PASSED] - zip = findTestData("contactData").getValue("zip", contactNumber): null

2019-11-05 18:14:27 - [TEST_STEP][PASSED] - setText(findTestObject("Object Repository/ReplicatedSite/input_address1_update"), address1): Text '974 BRAHMS CT' is set on object 'Object Repository/ReplicatedSite/input_address1_update'

2019-11-05 18:14:28 - [MESSAGE][PASSED] - Text '974 BRAHMS CT' is set on object 'Object Repository/ReplicatedSite/input_address1_update'

2019-11-05 18:14:28 - [TEST_STEP][PASSED] - setText(findTestObject("Object Repository/ReplicatedSite/input_city_update"), city): Text 'TROY' is set on object 'Object Repository/ReplicatedSite/input_city_update'

2019-11-05 18:14:28 - [MESSAGE][PASSED] - Text 'TROY' is set on object 'Object Repository/ReplicatedSite/input_city_update'

2019-11-05 18:14:28 - [TEST_STEP][PASSED] - xpath = UtilityMethods.concat("//select[@id='stateProvince']/option[@label='", state, "']"): null

2019-11-05 18:14:28 - [TEST_STEP][PASSED] - addressState = new com.kms.katalon.core.testobject.TestObject(select_state_dynamic): null

2019-11-05 18:14:28 - [TEST_STEP][PASSED] - addressState.addProperty("xpath", EQUALS, xpath): null

2019-11-05 18:14:28 - [TEST_STEP][PASSED] - click(addressState): Object: 'select_state_dynamic' is clicked on

2019-11-05 18:14:28 - [MESSAGE][PASSED] - Object: 'select_state_dynamic' is clicked on

2019-11-05 18:14:28 - [TEST_STEP][PASSED] - setText(findTestObject("Object Repository/ReplicatedSite/input_postal_code_update"), zip): Text '48085' is set on object 'Object Repository/ReplicatedSite/input_postal_code_update'

2019-11-05 18:14:29 - [MESSAGE][PASSED] - Text '48085' is set on object 'Object Repository/ReplicatedSite/input_postal_code_update'

2019-11-05 18:14:29 - [TEST_STEP][PASSED] - delay(4): Delayed 4 second(s)

2019-11-05 18:14:33 - [MESSAGE][PASSED] - Delayed 4 second(s)

2019-11-05 18:14:33 - [TEST_STEP][PASSED] - driver = getWebDriver(): null

2019-11-05 18:14:33 - [TEST_STEP][PASSED] - element = driver.findElement(By.xpath("//button[@type='submit']/span[contains(text(), 'Save')]")): null

2019-11-05 18:14:33 - [TEST_STEP][PASSED] - actions = new org.openqa.selenium.interactions.Actions(driver): null

2019-11-05 18:14:33 - [TEST_STEP][PASSED] - build().perform(): null

2019-11-05 18:14:33 - [TEST_STEP][PASSED] - waitForElementClickable(findTestObject("Object Repository/ReplicatedSite/button_save_and_continue"), 30): Object 'Object Repository/ReplicatedSite/button_save_and_continue' is clickable

2019-11-05 18:14:33 - [MESSAGE][PASSED] - Object 'Object Repository/ReplicatedSite/button_save_and_continue' is clickable

2019-11-05 18:14:33 - [TEST_STEP][PASSED] - element = driver.findElement(By.xpath("(//button[@class='btn pull-right'])[1]")): null

2019-11-05 18:14:33 - [TEST_STEP][PASSED] - executor = driver: null

2019-11-05 18:14:33 - [TEST_STEP][PASSED] - executor.executeScript("arguments[0].click();", element): null

2019-11-05 18:14:33 - [TEST_STEP][PASSED] - delay(3): Delayed 3 second(s)

2019-11-05 18:14:36 - [MESSAGE][PASSED] - Delayed 3 second(s)

2019-11-05 18:14:36 - [TEST_STEP][PASSED] - executor.executeScript("arguments[0].click();", findWebElement(findTestObject("Object Repository/ReplicatedSite/input_make_donation"), 5)): null

2019-11-05 18:14:36 - [TEST_STEP][PASSED] - delay(2): Delayed 2 second(s)

2019-11-05 18:14:38 - [MESSAGE][PASSED] - Delayed 2 second(s)

2019-11-05 18:14:38 - [TEST_STEP][PASSED] - executor.executeScript("arguments[0].click();", findWebElement(findTestObject("Object Repository/ReplicatedSite/input_make_donation"), 5)): null

2019-11-05 18:14:38 - [TEST_STEP][PASSED] - executor.executeScript("arguments[0].click();", findWebElement(findTestObject("Object Repository/ReplicatedSite/input_pay_with_gc"), 5)): null

2019-11-05 18:14:39 - [TEST_STEP][PASSED] - delay(2): Delayed 2 second(s)

2019-11-05 18:14:41 - [MESSAGE][PASSED] - Delayed 2 second(s)

2019-11-05 18:14:41 - [TEST_STEP][PASSED] - executor.executeScript("arguments[0].click();", findWebElement(findTestObject("Object Repository/ReplicatedSite/input_pay_with_gc"), 5)): null

2019-11-05 18:14:41 - [TEST_STEP][PASSED] - executor.executeScript("arguments[0].click();", findWebElement(findTestObject("Object Repository/ReplicatedSite/input_pay_with_credit"), 5)): null

2019-11-05 18:14:41 - [TEST_STEP][PASSED] - delay(2): Delayed 2 second(s)

2019-11-05 18:14:43 - [MESSAGE][PASSED] - Delayed 2 second(s)

2019-11-05 18:14:43 - [TEST_STEP][PASSED] - executor.executeScript("arguments[0].click();", findWebElement(findTestObject("Object Repository/ReplicatedSite/input_pay_with_credit"), 5)): null

2019-11-05 18:14:43 - [TEST_STEP][PASSED] - delay(2): Delayed 2 second(s)

2019-11-05 18:14:45 - [MESSAGE][PASSED] - Delayed 2 second(s)

2019-11-05 18:14:45 - [TEST_STEP][PASSED] - RSURL = findTestData("envtData").getValue("RSURL", 1): null

2019-11-05 18:14:45 - [TEST_STEP][PASSED] - cartURL = UtilityMethods.concat(RSURL, "/cart/"): null

2019-11-05 18:14:45 - [TEST_STEP][PASSED] - navigateToUrl(cartURL): Navigate to 'https://mirandakate.cabitest5.com/cart/' successfully

2019-11-05 18:14:52 - [MESSAGE][PASSED] - Navigate to 'https://mirandakate.cabitest5.com/cart/' successfully

2019-11-05 18:14:52 - [MESSAGE][PASSED] - Call Test Case 'Test Cases/EditOrder/rsUpdateOrder' successfully

2019-11-05 18:14:52 - [TEST_STEP][PASSED] - delay(3): Delayed 3 second(s)

2019-11-05 18:14:55 - [MESSAGE][PASSED] - Delayed 3 second(s)

2019-11-05 18:14:55 - [TEST_STEP][PASSED] - click(findTestObject("Object Repository/ReplicatedSite/a_edit_first_individual_product")): Object: 'Object Repository/ReplicatedSite/a_edit_first_individual_product' is clicked on

2019-11-05 18:14:56 - [MESSAGE][PASSED] - Object: 'Object Repository/ReplicatedSite/a_edit_first_individual_product' is clicked on

2019-11-05 18:14:56 - [TEST_STEP][PASSED] - delay(5): Delayed 5 second(s)

2019-11-05 18:15:01 - [MESSAGE][PASSED] - Delayed 5 second(s)

2019-11-05 18:15:01 - [TEST_STEP][PASSED] - click(findTestObject("Object Repository/ReplicatedSite/select_new_size")): Object: 'Object Repository/ReplicatedSite/select_new_size' is clicked on

2019-11-05 18:15:01 - [MESSAGE][PASSED] - Object: 'Object Repository/ReplicatedSite/select_new_size' is clicked on

2019-11-05 18:15:01 - [TEST_STEP][PASSED] - delay(5): Delayed 5 second(s)

2019-11-05 18:15:06 - [MESSAGE][PASSED] - Delayed 5 second(s)

2019-11-05 18:15:06 - [TEST_STEP][PASSED] - setText(findTestObject("Object Repository/ReplicatedSite/input_new_qty"), "2"): Text '2' is set on object 'Object Repository/ReplicatedSite/input_new_qty'

2019-11-05 18:15:06 - [MESSAGE][PASSED] - Text '2' is set on object 'Object Repository/ReplicatedSite/input_new_qty'

2019-11-05 18:15:06 - [TEST_STEP][PASSED] - delay(3): Delayed 3 second(s)

2019-11-05 18:15:09 - [MESSAGE][PASSED] - Delayed 3 second(s)

2019-11-05 18:15:09 - [TEST_STEP][PASSED] - click(findTestObject("Object Repository/ReplicatedSite/button_update_individual_item")): Object: 'Object Repository/ReplicatedSite/button_update_individual_item' is clicked on

2019-11-05 18:15:09 - [MESSAGE][PASSED] - Object: 'Object Repository/ReplicatedSite/button_update_individual_item' is clicked on

2019-11-05 18:15:09 - [TEST_STEP][PASSED] - delay(3): Delayed 3 second(s)

2019-11-05 18:15:12 - [MESSAGE][PASSED] - Delayed 3 second(s)

2019-11-05 18:15:12 - [TEST_STEP][PASSED] - executor.executeScript("arguments[0].click();", findWebElement(findTestObject("Object Repository/ReplicatedSite/a_cancel_edit"), 10)): null

2019-11-05 18:15:13 - [TEST_STEP][PASSED] - cancelEditButton = findWebElements(findTestObject("Object Repository/ReplicatedSite/h2_sure_to_cancel_edit"), 1): null

2019-11-05 18:15:13 - [TEST_STEP][PASSED] - assert cancelEditButton.size() > 0: null

2019-11-05 18:15:13 - [TEST_STEP][PASSED] - executor.executeScript("arguments[0].click();", findWebElement(findTestObject("Object Repository/ReplicatedSite/button_yes_cancel_edit"), 10)): null

2019-11-05 18:15:13 - [TEST_STEP][PASSED] - delay(5): Delayed 5 second(s)

2019-11-05 18:15:18 - [MESSAGE][PASSED] - Delayed 5 second(s)

2019-11-05 18:15:18 - [TEST_STEP][PASSED] - click(to): Object: 'a_link_dynamic' is clicked on

2019-11-05 18:15:19 - [MESSAGE][PASSED] - Object: 'a_link_dynamic' is clicked on

2019-11-05 18:15:19 - [TEST_STEP][PASSED] - delay(5): Delayed 5 second(s)

2019-11-05 18:15:24 - [MESSAGE][PASSED] - Delayed 5 second(s)

2019-11-05 18:15:24 - [TEST_STEP][PASSED] - executor.executeScript("arguments[0].click();", findWebElement(findTestObject("Object Repository/ReplicatedSite/a_cancel_order"), 10)): null

2019-11-05 18:15:24 - [TEST_STEP][PASSED] - cancelOrderButton = findWebElements(findTestObject("Object Repository/ReplicatedSite/h2_sure_to_cancel_order"), 10): null

2019-11-05 18:15:24 - [TEST_STEP][PASSED] - assert cancelOrderButton.size() > 0: null

2019-11-05 18:15:24 - [TEST_STEP][PASSED] - executor.executeScript("arguments[0].click();", findWebElement(findTestObject("Object Repository/ReplicatedSite/button_yes_cancel_order"), 10)): null

2019-11-05 18:15:24 - [TEST_STEP][PASSED] - delay(5): Delayed 5 second(s)

2019-11-05 18:15:29 - [MESSAGE][PASSED] - Delayed 5 second(s)

2019-11-05 18:15:29 - [TEST_STEP][PASSED] - div_cancelled_order = UtilityMethods.createTestObject("div_cancelled_order", "//span[contains(text(), '", orderID, "')]/parent::div/parent::div/div[@class='table-row-status']/span"): null

2019-11-05 18:15:29 - [TEST_STEP][PASSED] - println(getText(div_cancelled_order)): Text of object 'div_cancelled_order' is: ''

2019-11-05 18:15:30 - [MESSAGE][PASSED] - Text of object 'div_cancelled_order' is: ''

2019-11-05 18:15:30 - [TEST_STEP][FAILED] - verifyElementText(div_cancelled_order, "Cancelled"): if (editButton.size() > 0) FAILED.
Reason:
com.kms.katalon.core.exception.StepFailedException: Verify element text of test object 'div_cancelled_order' FAILED.
	at com.kms.katalon.core.webui.keyword.internal.WebUIKeywordMain.stepFailed(WebUIKeywordMain.groovy:64)
	at com.kms.katalon.core.webui.keyword.internal.WebUIKeywordMain.runKeyword(WebUIKeywordMain.groovy:26)
	at com.kms.katalon.core.webui.keyword.builtin.VerifyElementTextKeyword.verifyElementText(VerifyElementTextKeyword.groovy:72)
	at com.kms.katalon.core.webui.keyword.builtin.VerifyElementTextKeyword.execute(VerifyElementTextKeyword.groovy:40)
	at com.kms.katalon.core.keyword.internal.KeywordExecutor.executeKeywordForPlatform(KeywordExecutor.groovy:56)
	at com.kms.katalon.core.webui.keyword.WebUiBuiltInKeywords.verifyElementText(WebUiBuiltInKeywords.groovy:3663)
	at com.kms.katalon.core.webui.keyword.WebUiBuiltInKeywords$verifyElementText$9.call(Unknown Source)
	at rsOrderHistoryConfirm.run(rsOrderHistoryConfirm:95)
	at com.kms.katalon.core.main.ScriptEngine.run(ScriptEngine.java:194)
	at com.kms.katalon.core.main.ScriptEngine.runScriptAsRawText(ScriptEngine.java:119)
	at com.kms.katalon.core.main.TestCaseExecutor.runScript(TestCaseExecutor.java:342)
	at com.kms.katalon.core.main.TestCaseExecutor.doExecute(TestCaseExecutor.java:333)
	at com.kms.katalon.core.main.TestCaseExecutor.processExecutionPhase(TestCaseExecutor.java:312)
	at com.kms.katalon.core.main.TestCaseExecutor.accessMainPhase(TestCaseExecutor.java:304)
	at com.kms.katalon.core.main.TestCaseExecutor.execute(TestCaseExecutor.java:238)
	at com.kms.katalon.core.main.TestCaseMain.runTestCase(TestCaseMain.java:114)
	at com.kms.katalon.core.keyword.builtin.CallTestCaseKeyword$_callTestCase_closure1.doCall(CallTestCaseKeyword.groovy:59)
	at com.kms.katalon.core.keyword.builtin.CallTestCaseKeyword$_callTestCase_closure1.call(CallTestCaseKeyword.groovy)
	at com.kms.katalon.core.keyword.internal.KeywordMain.runKeyword(KeywordMain.groovy:66)
	at com.kms.katalon.core.keyword.builtin.CallTestCaseKeyword.callTestCase(CallTestCaseKeyword.groovy:81)
	at com.kms.katalon.core.keyword.builtin.CallTestCaseKeyword.execute(CallTestCaseKeyword.groovy:44)
	at com.kms.katalon.core.keyword.internal.KeywordExecutor.executeKeywordForPlatform(KeywordExecutor.groovy:56)
	at com.kms.katalon.core.keyword.BuiltinKeywords.callTestCase(BuiltinKeywords.groovy:334)
	at rsEditOrderSimple.run(rsEditOrderSimple:24)
	at com.kms.katalon.core.main.ScriptEngine.run(ScriptEngine.java:194)
	at com.kms.katalon.core.main.ScriptEngine.runScriptAsRawText(ScriptEngine.java:119)
	at com.kms.katalon.core.main.TestCaseExecutor.runScript(TestCaseExecutor.java:342)
	at com.kms.katalon.core.main.TestCaseExecutor.doExecute(TestCaseExecutor.java:333)
	at com.kms.katalon.core.main.TestCaseExecutor.processExecutionPhase(TestCaseExecutor.java:312)
	at com.kms.katalon.core.main.TestCaseExecutor.accessMainPhase(TestCaseExecutor.java:304)
	at com.kms.katalon.core.main.TestCaseExecutor.execute(TestCaseExecutor.java:238)
	at com.kms.katalon.core.main.TestSuiteExecutor.accessTestCaseMainPhase(TestSuiteExecutor.java:129)
	at com.kms.katalon.core.main.TestSuiteExecutor.accessTestSuiteMainPhase(TestSuiteExecutor.java:112)
	at com.kms.katalon.core.main.TestSuiteExecutor.execute(TestSuiteExecutor.java:81)
	at com.kms.katalon.core.main.TestCaseMain.startTestSuite(TestCaseMain.java:157)
	at com.kms.katalon.core.main.TestCaseMain$startTestSuite$0.call(Unknown Source)
	at TempTestSuite1572957603430.run(TempTestSuite1572957603430.groovy:35)
Caused by: com.kms.katalon.core.exception.StepFailedException: Actual text '' and expected text 'Cancelled' of test object 'div_cancelled_order' are NOT matched.
	at com.kms.katalon.core.webui.keyword.internal.WebUIKeywordMain.stepFailed(WebUIKeywordMain.groovy:64)
	at com.kms.katalon.core.webui.keyword.builtin.VerifyElementTextKeyword$_verifyElementText_closure1.doCall(VerifyElementTextKeyword.groovy:57)
	at com.kms.katalon.core.webui.keyword.builtin.VerifyElementTextKeyword$_verifyElementText_closure1.call(VerifyElementTextKeyword.groovy)
	at com.kms.katalon.core.webui.keyword.internal.WebUIKeywordMain.runKeyword(WebUIKeywordMain.groovy:20)
	... 35 more


2019-11-05 18:15:30 - [MESSAGE][FAILED] - Actual text '' and expected text 'Cancelled' of test object 'div_cancelled_order' are NOT matched. (Root cause: com.kms.katalon.core.exception.StepFailedException: Actual text '' and expected text 'Cancelled' of test object 'div_cancelled_order' are NOT matched.
	at com.kms.katalon.core.webui.keyword.internal.WebUIKeywordMain.stepFailed(WebUIKeywordMain.groovy:64)
	at com.kms.katalon.core.webui.keyword.builtin.VerifyElementTextKeyword$_verifyElementText_closure1.doCall(VerifyElementTextKeyword.groovy:57)
	at com.kms.katalon.core.webui.keyword.builtin.VerifyElementTextKeyword$_verifyElementText_closure1.call(VerifyElementTextKeyword.groovy)
	at com.kms.katalon.core.webui.keyword.internal.WebUIKeywordMain.runKeyword(WebUIKeywordMain.groovy:20)
	at com.kms.katalon.core.webui.keyword.builtin.VerifyElementTextKeyword.verifyElementText(VerifyElementTextKeyword.groovy:72)
	at com.kms.katalon.core.webui.keyword.builtin.VerifyElementTextKeyword.execute(VerifyElementTextKeyword.groovy:40)
	at com.kms.katalon.core.keyword.internal.KeywordExecutor.executeKeywordForPlatform(KeywordExecutor.groovy:56)
	at com.kms.katalon.core.webui.keyword.WebUiBuiltInKeywords.verifyElementText(WebUiBuiltInKeywords.groovy:3663)
	at com.kms.katalon.core.webui.keyword.WebUiBuiltInKeywords$verifyElementText$9.call(Unknown Source)
	at rsOrderHistoryConfirm.run(rsOrderHistoryConfirm:95)
	at com.kms.katalon.core.main.ScriptEngine.run(ScriptEngine.java:194)
	at com.kms.katalon.core.main.ScriptEngine.runScriptAsRawText(ScriptEngine.java:119)
	at com.kms.katalon.core.main.TestCaseExecutor.runScript(TestCaseExecutor.java:342)
	at com.kms.katalon.core.main.TestCaseExecutor.doExecute(TestCaseExecutor.java:333)
	at com.kms.katalon.core.main.TestCaseExecutor.processExecutionPhase(TestCaseExecutor.java:312)
	at com.kms.katalon.core.main.TestCaseExecutor.accessMainPhase(TestCaseExecutor.java:304)
	at com.kms.katalon.core.main.TestCaseExecutor.execute(TestCaseExecutor.java:238)
	at com.kms.katalon.core.main.TestCaseMain.runTestCase(TestCaseMain.java:114)
	at com.kms.katalon.core.keyword.builtin.CallTestCaseKeyword$_callTestCase_closure1.doCall(CallTestCaseKeyword.groovy:59)
	at com.kms.katalon.core.keyword.builtin.CallTestCaseKeyword$_callTestCase_closure1.call(CallTestCaseKeyword.groovy)
	at com.kms.katalon.core.keyword.internal.KeywordMain.runKeyword(KeywordMain.groovy:66)
	at com.kms.katalon.core.keyword.builtin.CallTestCaseKeyword.callTestCase(CallTestCaseKeyword.groovy:81)
	at com.kms.katalon.core.keyword.builtin.CallTestCaseKeyword.execute(CallTestCaseKeyword.groovy:44)
	at com.kms.katalon.core.keyword.internal.KeywordExecutor.executeKeywordForPlatform(KeywordExecutor.groovy:56)
	at com.kms.katalon.core.keyword.BuiltinKeywords.callTestCase(BuiltinKeywords.groovy:334)
	at rsEditOrderSimple.run(rsEditOrderSimple:24)
	at com.kms.katalon.core.main.ScriptEngine.run(ScriptEngine.java:194)
	at com.kms.katalon.core.main.ScriptEngine.runScriptAsRawText(ScriptEngine.java:119)
	at com.kms.katalon.core.main.TestCaseExecutor.runScript(TestCaseExecutor.java:342)
	at com.kms.katalon.core.main.TestCaseExecutor.doExecute(TestCaseExecutor.java:333)
	at com.kms.katalon.core.main.TestCaseExecutor.processExecutionPhase(TestCaseExecutor.java:312)
	at com.kms.katalon.core.main.TestCaseExecutor.accessMainPhase(TestCaseExecutor.java:304)
	at com.kms.katalon.core.main.TestCaseExecutor.execute(TestCaseExecutor.java:238)
	at com.kms.katalon.core.main.TestSuiteExecutor.accessTestCaseMainPhase(TestSuiteExecutor.java:129)
	at com.kms.katalon.core.main.TestSuiteExecutor.accessTestSuiteMainPhase(TestSuiteExecutor.java:112)
	at com.kms.katalon.core.main.TestSuiteExecutor.execute(TestSuiteExecutor.java:81)
	at com.kms.katalon.core.main.TestCaseMain.startTestSuite(TestCaseMain.java:157)
	at com.kms.katalon.core.main.TestCaseMain$startTestSuite$0.call(Unknown Source)
	at TempTestSuite1572957603430.run(TempTestSuite1572957603430.groovy:35)
)
[[ATTACHMENT|C:\\Users\\user\\Documents\\testautomation\\KatalonProjects\\Reports\\EditOrderSuites\\EditOrderSuite\\20191105_181003\\1572957930100.png]]

2019-11-05 18:15:30 - [MESSAGE][FAILED] - Verify element text of test object 'div_cancelled_order' FAILED. (Root cause: com.kms.katalon.core.exception.StepFailedException: Verify element text of test object 'div_cancelled_order' FAILED.
	at com.kms.katalon.core.webui.keyword.internal.WebUIKeywordMain.stepFailed(WebUIKeywordMain.groovy:64)
	at com.kms.katalon.core.webui.keyword.internal.WebUIKeywordMain.runKeyword(WebUIKeywordMain.groovy:26)
	at com.kms.katalon.core.webui.keyword.builtin.VerifyElementTextKeyword.verifyElementText(VerifyElementTextKeyword.groovy:72)
	at com.kms.katalon.core.webui.keyword.builtin.VerifyElementTextKeyword.execute(VerifyElementTextKeyword.groovy:40)
	at com.kms.katalon.core.keyword.internal.KeywordExecutor.executeKeywordForPlatform(KeywordExecutor.groovy:56)
	at com.kms.katalon.core.webui.keyword.WebUiBuiltInKeywords.verifyElementText(WebUiBuiltInKeywords.groovy:3663)
	at com.kms.katalon.core.webui.keyword.WebUiBuiltInKeywords$verifyElementText$9.call(Unknown Source)
	at rsOrderHistoryConfirm.run(rsOrderHistoryConfirm:95)
	at com.kms.katalon.core.main.ScriptEngine.run(ScriptEngine.java:194)
	at com.kms.katalon.core.main.ScriptEngine.runScriptAsRawText(ScriptEngine.java:119)
	at com.kms.katalon.core.main.TestCaseExecutor.runScript(TestCaseExecutor.java:342)
	at com.kms.katalon.core.main.TestCaseExecutor.doExecute(TestCaseExecutor.java:333)
	at com.kms.katalon.core.main.TestCaseExecutor.processExecutionPhase(TestCaseExecutor.java:312)
	at com.kms.katalon.core.main.TestCaseExecutor.accessMainPhase(TestCaseExecutor.java:304)
	at com.kms.katalon.core.main.TestCaseExecutor.execute(TestCaseExecutor.java:238)
	at com.kms.katalon.core.main.TestCaseMain.runTestCase(TestCaseMain.java:114)
	at com.kms.katalon.core.keyword.builtin.CallTestCaseKeyword$_callTestCase_closure1.doCall(CallTestCaseKeyword.groovy:59)
	at com.kms.katalon.core.keyword.builtin.CallTestCaseKeyword$_callTestCase_closure1.call(CallTestCaseKeyword.groovy)
	at com.kms.katalon.core.keyword.internal.KeywordMain.runKeyword(KeywordMain.groovy:66)
	at com.kms.katalon.core.keyword.builtin.CallTestCaseKeyword.callTestCase(CallTestCaseKeyword.groovy:81)
	at com.kms.katalon.core.keyword.builtin.CallTestCaseKeyword.execute(CallTestCaseKeyword.groovy:44)
	at com.kms.katalon.core.keyword.internal.KeywordExecutor.executeKeywordForPlatform(KeywordExecutor.groovy:56)
	at com.kms.katalon.core.keyword.BuiltinKeywords.callTestCase(BuiltinKeywords.groovy:334)
	at rsEditOrderSimple.run(rsEditOrderSimple:24)
	at com.kms.katalon.core.main.ScriptEngine.run(ScriptEngine.java:194)
	at com.kms.katalon.core.main.ScriptEngine.runScriptAsRawText(ScriptEngine.java:119)
	at com.kms.katalon.core.main.TestCaseExecutor.runScript(TestCaseExecutor.java:342)
	at com.kms.katalon.core.main.TestCaseExecutor.doExecute(TestCaseExecutor.java:333)
	at com.kms.katalon.core.main.TestCaseExecutor.processExecutionPhase(TestCaseExecutor.java:312)
	at com.kms.katalon.core.main.TestCaseExecutor.accessMainPhase(TestCaseExecutor.java:304)
	at com.kms.katalon.core.main.TestCaseExecutor.execute(TestCaseExecutor.java:238)
	at com.kms.katalon.core.main.TestSuiteExecutor.accessTestCaseMainPhase(TestSuiteExecutor.java:129)
	at com.kms.katalon.core.main.TestSuiteExecutor.accessTestSuiteMainPhase(TestSuiteExecutor.java:112)
	at com.kms.katalon.core.main.TestSuiteExecutor.execute(TestSuiteExecutor.java:81)
	at com.kms.katalon.core.main.TestCaseMain.startTestSuite(TestCaseMain.java:157)
	at com.kms.katalon.core.main.TestCaseMain$startTestSuite$0.call(Unknown Source)
	at TempTestSuite1572957603430.run(TempTestSuite1572957603430.groovy:35)
Caused by: com.kms.katalon.core.exception.StepFailedException: Actual text '' and expected text 'Cancelled' of test object 'div_cancelled_order' are NOT matched.
	at com.kms.katalon.core.webui.keyword.internal.WebUIKeywordMain.stepFailed(WebUIKeywordMain.groovy:64)
	at com.kms.katalon.core.webui.keyword.builtin.VerifyElementTextKeyword$_verifyElementText_closure1.doCall(VerifyElementTextKeyword.groovy:57)
	at com.kms.katalon.core.webui.keyword.builtin.VerifyElementTextKeyword$_verifyElementText_closure1.call(VerifyElementTextKeyword.groovy)
	at com.kms.katalon.core.webui.keyword.internal.WebUIKeywordMain.runKeyword(WebUIKeywordMain.groovy:20)
	... 35 more
)
[[ATTACHMENT|C:\\Users\\user\\Documents\\testautomation\\KatalonProjects\\Reports\\EditOrderSuites\\EditOrderSuite\\20191105_181003\\1572957930473.png]]

2019-11-05 18:15:30 - [MESSAGE][FAILED] - if (editButton.size() > 0) FAILED.
Reason:
com.kms.katalon.core.exception.StepFailedException: Verify element text of test object 'div_cancelled_order' FAILED.
	at com.kms.katalon.core.webui.keyword.internal.WebUIKeywordMain.stepFailed(WebUIKeywordMain.groovy:64)
	at com.kms.katalon.core.webui.keyword.internal.WebUIKeywordMain.runKeyword(WebUIKeywordMain.groovy:26)
	at com.kms.katalon.core.webui.keyword.builtin.VerifyElementTextKeyword.verifyElementText(VerifyElementTextKeyword.groovy:72)
	at com.kms.katalon.core.webui.keyword.builtin.VerifyElementTextKeyword.execute(VerifyElementTextKeyword.groovy:40)
	at com.kms.katalon.core.keyword.internal.KeywordExecutor.executeKeywordForPlatform(KeywordExecutor.groovy:56)
	at com.kms.katalon.core.webui.keyword.WebUiBuiltInKeywords.verifyElementText(WebUiBuiltInKeywords.groovy:3663)
	at com.kms.katalon.core.webui.keyword.WebUiBuiltInKeywords$verifyElementText$9.call(Unknown Source)
	at rsOrderHistoryConfirm.run(rsOrderHistoryConfirm:95)
	at com.kms.katalon.core.main.ScriptEngine.run(ScriptEngine.java:194)
	at com.kms.katalon.core.main.ScriptEngine.runScriptAsRawText(ScriptEngine.java:119)
	at com.kms.katalon.core.main.TestCaseExecutor.runScript(TestCaseExecutor.java:342)
	at com.kms.katalon.core.main.TestCaseExecutor.doExecute(TestCaseExecutor.java:333)
	at com.kms.katalon.core.main.TestCaseExecutor.processExecutionPhase(TestCaseExecutor.java:312)
	at com.kms.katalon.core.main.TestCaseExecutor.accessMainPhase(TestCaseExecutor.java:304)
	at com.kms.katalon.core.main.TestCaseExecutor.execute(TestCaseExecutor.java:238)
	at com.kms.katalon.core.main.TestCaseMain.runTestCase(TestCaseMain.java:114)
	at com.kms.katalon.core.keyword.builtin.CallTestCaseKeyword$_callTestCase_closure1.doCall(CallTestCaseKeyword.groovy:59)
	at com.kms.katalon.core.keyword.builtin.CallTestCaseKeyword$_callTestCase_closure1.call(CallTestCaseKeyword.groovy)
	at com.kms.katalon.core.keyword.internal.KeywordMain.runKeyword(KeywordMain.groovy:66)
	at com.kms.katalon.core.keyword.builtin.CallTestCaseKeyword.callTestCase(CallTestCaseKeyword.groovy:81)
	at com.kms.katalon.core.keyword.builtin.CallTestCaseKeyword.execute(CallTestCaseKeyword.groovy:44)
	at com.kms.katalon.core.keyword.internal.KeywordExecutor.executeKeywordForPlatform(KeywordExecutor.groovy:56)
	at com.kms.katalon.core.keyword.BuiltinKeywords.callTestCase(BuiltinKeywords.groovy:334)
	at rsEditOrderSimple.run(rsEditOrderSimple:24)
	at com.kms.katalon.core.main.ScriptEngine.run(ScriptEngine.java:194)
	at com.kms.katalon.core.main.ScriptEngine.runScriptAsRawText(ScriptEngine.java:119)
	at com.kms.katalon.core.main.TestCaseExecutor.runScript(TestCaseExecutor.java:342)
	at com.kms.katalon.core.main.TestCaseExecutor.doExecute(TestCaseExecutor.java:333)
	at com.kms.katalon.core.main.TestCaseExecutor.processExecutionPhase(TestCaseExecutor.java:312)
	at com.kms.katalon.core.main.TestCaseExecutor.accessMainPhase(TestCaseExecutor.java:304)
	at com.kms.katalon.core.main.TestCaseExecutor.execute(TestCaseExecutor.java:238)
	at com.kms.katalon.core.main.TestSuiteExecutor.accessTestCaseMainPhase(TestSuiteExecutor.java:129)
	at com.kms.katalon.core.main.TestSuiteExecutor.accessTestSuiteMainPhase(TestSuiteExecutor.java:112)
	at com.kms.katalon.core.main.TestSuiteExecutor.execute(TestSuiteExecutor.java:81)
	at com.kms.katalon.core.main.TestCaseMain.startTestSuite(TestCaseMain.java:157)
	at com.kms.katalon.core.main.TestCaseMain$startTestSuite$0.call(Unknown Source)
	at TempTestSuite1572957603430.run(TempTestSuite1572957603430.groovy:35)
Caused by: com.kms.katalon.core.exception.StepFailedException: Actual text '' and expected text 'Cancelled' of test object 'div_cancelled_order' are NOT matched.
	at com.kms.katalon.core.webui.keyword.internal.WebUIKeywordMain.stepFailed(WebUIKeywordMain.groovy:64)
	at com.kms.katalon.core.webui.keyword.builtin.VerifyElementTextKeyword$_verifyElementText_closure1.doCall(VerifyElementTextKeyword.groovy:57)
	at com.kms.katalon.core.webui.keyword.builtin.VerifyElementTextKeyword$_verifyElementText_closure1.call(VerifyElementTextKeyword.groovy)
	at com.kms.katalon.core.webui.keyword.internal.WebUIKeywordMain.runKeyword(WebUIKeywordMain.groovy:20)
	... 35 more


2019-11-05 18:15:30 - [MESSAGE][FAILED] - Unable to call Test Case 'Test Cases/EditOrder/rsOrderHistoryConfirm' (Root cause: com.kms.katalon.core.exception.StepFailedException: Call Test Case 'Test Cases/EditOrder/rsOrderHistoryConfirm' failed
	at com.kms.katalon.core.keyword.builtin.CallTestCaseKeyword$_callTestCase_closure1.doCall(CallTestCaseKeyword.groovy:63)
	at com.kms.katalon.core.keyword.builtin.CallTestCaseKeyword$_callTestCase_closure1.call(CallTestCaseKeyword.groovy)
	at com.kms.katalon.core.keyword.internal.KeywordMain.runKeyword(KeywordMain.groovy:66)
	at com.kms.katalon.core.keyword.builtin.CallTestCaseKeyword.callTestCase(CallTestCaseKeyword.groovy:81)
	at com.kms.katalon.core.keyword.builtin.CallTestCaseKeyword.execute(CallTestCaseKeyword.groovy:44)
	at com.kms.katalon.core.keyword.internal.KeywordExecutor.executeKeywordForPlatform(KeywordExecutor.groovy:56)
	at com.kms.katalon.core.keyword.BuiltinKeywords.callTestCase(BuiltinKeywords.groovy:334)
	at rsEditOrderSimple.run(rsEditOrderSimple:24)
	at com.kms.katalon.core.main.ScriptEngine.run(ScriptEngine.java:194)
	at com.kms.katalon.core.main.ScriptEngine.runScriptAsRawText(ScriptEngine.java:119)
	at com.kms.katalon.core.main.TestCaseExecutor.runScript(TestCaseExecutor.java:342)
	at com.kms.katalon.core.main.TestCaseExecutor.doExecute(TestCaseExecutor.java:333)
	at com.kms.katalon.core.main.TestCaseExecutor.processExecutionPhase(TestCaseExecutor.java:312)
	at com.kms.katalon.core.main.TestCaseExecutor.accessMainPhase(TestCaseExecutor.java:304)
	at com.kms.katalon.core.main.TestCaseExecutor.execute(TestCaseExecutor.java:238)
	at com.kms.katalon.core.main.TestSuiteExecutor.accessTestCaseMainPhase(TestSuiteExecutor.java:129)
	at com.kms.katalon.core.main.TestSuiteExecutor.accessTestSuiteMainPhase(TestSuiteExecutor.java:112)
	at com.kms.katalon.core.main.TestSuiteExecutor.execute(TestSuiteExecutor.java:81)
	at com.kms.katalon.core.main.TestCaseMain.startTestSuite(TestCaseMain.java:157)
	at com.kms.katalon.core.main.TestCaseMain$startTestSuite$0.call(Unknown Source)
	at TempTestSuite1572957603430.run(TempTestSuite1572957603430.groovy:35)
Caused by: com.kms.katalon.core.exception.StepFailedException: Verify element text of test object 'div_cancelled_order' FAILED.
	at com.kms.katalon.core.webui.keyword.internal.WebUIKeywordMain.stepFailed(WebUIKeywordMain.groovy:64)
	at com.kms.katalon.core.webui.keyword.internal.WebUIKeywordMain.runKeyword(WebUIKeywordMain.groovy:26)
	at com.kms.katalon.core.webui.keyword.builtin.VerifyElementTextKeyword.verifyElementText(VerifyElementTextKeyword.groovy:72)
	at com.kms.katalon.core.webui.keyword.builtin.VerifyElementTextKeyword.execute(VerifyElementTextKeyword.groovy:40)
	at com.kms.katalon.core.keyword.internal.KeywordExecutor.executeKeywordForPlatform(KeywordExecutor.groovy:56)
	at com.kms.katalon.core.webui.keyword.WebUiBuiltInKeywords.verifyElementText(WebUiBuiltInKeywords.groovy:3663)
	at com.kms.katalon.core.webui.keyword.WebUiBuiltInKeywords$verifyElementText$9.call(Unknown Source)
	at rsOrderHistoryConfirm.run(rsOrderHistoryConfirm:95)
	at com.kms.katalon.core.main.ScriptEngine.run(ScriptEngine.java:194)
	at com.kms.katalon.core.main.ScriptEngine.runScriptAsRawText(ScriptEngine.java:119)
	at com.kms.katalon.core.main.TestCaseExecutor.runScript(TestCaseExecutor.java:342)
	at com.kms.katalon.core.main.TestCaseExecutor.doExecute(TestCaseExecutor.java:333)
	at com.kms.katalon.core.main.TestCaseExecutor.processExecutionPhase(TestCaseExecutor.java:312)
	at com.kms.katalon.core.main.TestCaseExecutor.accessMainPhase(TestCaseExecutor.java:304)
	at com.kms.katalon.core.main.TestCaseExecutor.execute(TestCaseExecutor.java:238)
	at com.kms.katalon.core.main.TestCaseMain.runTestCase(TestCaseMain.java:114)
	at com.kms.katalon.core.keyword.builtin.CallTestCaseKeyword$_callTestCase_closure1.doCall(CallTestCaseKeyword.groovy:59)
	... 20 more
Caused by: com.kms.katalon.core.exception.StepFailedException: Actual text '' and expected text 'Cancelled' of test object 'div_cancelled_order' are NOT matched.
	at com.kms.katalon.core.webui.keyword.internal.WebUIKeywordMain.stepFailed(WebUIKeywordMain.groovy:64)
	at com.kms.katalon.core.webui.keyword.builtin.VerifyElementTextKeyword$_verifyElementText_closure1.doCall(VerifyElementTextKeyword.groovy:57)
	at com.kms.katalon.core.webui.keyword.builtin.VerifyElementTextKeyword$_verifyElementText_closure1.call(VerifyElementTextKeyword.groovy)
	at com.kms.katalon.core.webui.keyword.internal.WebUIKeywordMain.runKeyword(WebUIKeywordMain.groovy:20)
	... 35 more
)

2019-11-05 18:15:30 - [MESSAGE][FAILED] - callTestCase(findTestCase("EditOrder/rsOrderHistoryConfirm"), ["orderID":"", "editScenarioNumber":1], STOP_ON_FAILURE) FAILED.
Reason:
com.kms.katalon.core.exception.StepFailedException: Call Test Case 'Test Cases/EditOrder/rsOrderHistoryConfirm' failed
	at com.kms.katalon.core.keyword.builtin.CallTestCaseKeyword$_callTestCase_closure1.doCall(CallTestCaseKeyword.groovy:63)
	at com.kms.katalon.core.keyword.builtin.CallTestCaseKeyword$_callTestCase_closure1.call(CallTestCaseKeyword.groovy)
	at com.kms.katalon.core.keyword.internal.KeywordMain.runKeyword(KeywordMain.groovy:66)
	at com.kms.katalon.core.keyword.builtin.CallTestCaseKeyword.callTestCase(CallTestCaseKeyword.groovy:81)
	at com.kms.katalon.core.keyword.builtin.CallTestCaseKeyword.execute(CallTestCaseKeyword.groovy:44)
	at com.kms.katalon.core.keyword.internal.KeywordExecutor.executeKeywordForPlatform(KeywordExecutor.groovy:56)
	at com.kms.katalon.core.keyword.BuiltinKeywords.callTestCase(BuiltinKeywords.groovy:334)
	at rsEditOrderSimple.run(rsEditOrderSimple:24)
	at com.kms.katalon.core.main.ScriptEngine.run(ScriptEngine.java:194)
	at com.kms.katalon.core.main.ScriptEngine.runScriptAsRawText(ScriptEngine.java:119)
	at com.kms.katalon.core.main.TestCaseExecutor.runScript(TestCaseExecutor.java:342)
	at com.kms.katalon.core.main.TestCaseExecutor.doExecute(TestCaseExecutor.java:333)
	at com.kms.katalon.core.main.TestCaseExecutor.processExecutionPhase(TestCaseExecutor.java:312)
	at com.kms.katalon.core.main.TestCaseExecutor.accessMainPhase(TestCaseExecutor.java:304)
	at com.kms.katalon.core.main.TestCaseExecutor.execute(TestCaseExecutor.java:238)
	at com.kms.katalon.core.main.TestSuiteExecutor.accessTestCaseMainPhase(TestSuiteExecutor.java:129)
	at com.kms.katalon.core.main.TestSuiteExecutor.accessTestSuiteMainPhase(TestSuiteExecutor.java:112)
	at com.kms.katalon.core.main.TestSuiteExecutor.execute(TestSuiteExecutor.java:81)
	at com.kms.katalon.core.main.TestCaseMain.startTestSuite(TestCaseMain.java:157)
	at com.kms.katalon.core.main.TestCaseMain$startTestSuite$0.call(Unknown Source)
	at TempTestSuite1572957603430.run(TempTestSuite1572957603430.groovy:35)
Caused by: com.kms.katalon.core.exception.StepFailedException: Verify element text of test object 'div_cancelled_order' FAILED.
	at com.kms.katalon.core.webui.keyword.internal.WebUIKeywordMain.stepFailed(WebUIKeywordMain.groovy:64)
	at com.kms.katalon.core.webui.keyword.internal.WebUIKeywordMain.runKeyword(WebUIKeywordMain.groovy:26)
	at com.kms.katalon.core.webui.keyword.builtin.VerifyElementTextKeyword.verifyElementText(VerifyElementTextKeyword.groovy:72)
	at com.kms.katalon.core.webui.keyword.builtin.VerifyElementTextKeyword.execute(VerifyElementTextKeyword.groovy:40)
	at com.kms.katalon.core.keyword.internal.KeywordExecutor.executeKeywordForPlatform(KeywordExecutor.groovy:56)
	at com.kms.katalon.core.webui.keyword.WebUiBuiltInKeywords.verifyElementText(WebUiBuiltInKeywords.groovy:3663)
	at com.kms.katalon.core.webui.keyword.WebUiBuiltInKeywords$verifyElementText$9.call(Unknown Source)
	at rsOrderHistoryConfirm.run(rsOrderHistoryConfirm:95)
	at com.kms.katalon.core.main.ScriptEngine.run(ScriptEngine.java:194)
	at com.kms.katalon.core.main.ScriptEngine.runScriptAsRawText(ScriptEngine.java:119)
	at com.kms.katalon.core.main.TestCaseExecutor.runScript(TestCaseExecutor.java:342)
	at com.kms.katalon.core.main.TestCaseExecutor.doExecute(TestCaseExecutor.java:333)
	at com.kms.katalon.core.main.TestCaseExecutor.processExecutionPhase(TestCaseExecutor.java:312)
	at com.kms.katalon.core.main.TestCaseExecutor.accessMainPhase(TestCaseExecutor.java:304)
	at com.kms.katalon.core.main.TestCaseExecutor.execute(TestCaseExecutor.java:238)
	at com.kms.katalon.core.main.TestCaseMain.runTestCase(TestCaseMain.java:114)
	at com.kms.katalon.core.keyword.builtin.CallTestCaseKeyword$_callTestCase_closure1.doCall(CallTestCaseKeyword.groovy:59)
	... 20 more
Caused by: com.kms.katalon.core.exception.StepFailedException: Actual text '' and expected text 'Cancelled' of test object 'div_cancelled_order' are NOT matched.
	at com.kms.katalon.core.webui.keyword.internal.WebUIKeywordMain.stepFailed(WebUIKeywordMain.groovy:64)
	at com.kms.katalon.core.webui.keyword.builtin.VerifyElementTextKeyword$_verifyElementText_closure1.doCall(VerifyElementTextKeyword.groovy:57)
	at com.kms.katalon.core.webui.keyword.builtin.VerifyElementTextKeyword$_verifyElementText_closure1.call(VerifyElementTextKeyword.groovy)
	at com.kms.katalon.core.webui.keyword.internal.WebUIKeywordMain.runKeyword(WebUIKeywordMain.groovy:20)
	... 35 more]]></system-out>
         <system-err><![CDATA[2019-11-05 18:10:09 - [TEST_CASE][FAILED] - Test Cases/EditOrder-V/rsEditOrderSimple: Test Cases/EditOrder-V/rsEditOrderSimple FAILED.
Reason:
com.kms.katalon.core.exception.StepFailedException: Call Test Case 'Test Cases/EditOrder/rsOrderHistoryConfirm' failed
	at com.kms.katalon.core.keyword.builtin.CallTestCaseKeyword$_callTestCase_closure1.doCall(CallTestCaseKeyword.groovy:63)
	at com.kms.katalon.core.keyword.builtin.CallTestCaseKeyword$_callTestCase_closure1.call(CallTestCaseKeyword.groovy)
	at com.kms.katalon.core.keyword.internal.KeywordMain.runKeyword(KeywordMain.groovy:66)
	at com.kms.katalon.core.keyword.builtin.CallTestCaseKeyword.callTestCase(CallTestCaseKeyword.groovy:81)
	at com.kms.katalon.core.keyword.builtin.CallTestCaseKeyword.execute(CallTestCaseKeyword.groovy:44)
	at com.kms.katalon.core.keyword.internal.KeywordExecutor.executeKeywordForPlatform(KeywordExecutor.groovy:56)
	at com.kms.katalon.core.keyword.BuiltinKeywords.callTestCase(BuiltinKeywords.groovy:334)
	at rsEditOrderSimple.run(rsEditOrderSimple:24)
	at com.kms.katalon.core.main.ScriptEngine.run(ScriptEngine.java:194)
	at com.kms.katalon.core.main.ScriptEngine.runScriptAsRawText(ScriptEngine.java:119)
	at com.kms.katalon.core.main.TestCaseExecutor.runScript(TestCaseExecutor.java:342)
	at com.kms.katalon.core.main.TestCaseExecutor.doExecute(TestCaseExecutor.java:333)
	at com.kms.katalon.core.main.TestCaseExecutor.processExecutionPhase(TestCaseExecutor.java:312)
	at com.kms.katalon.core.main.TestCaseExecutor.accessMainPhase(TestCaseExecutor.java:304)
	at com.kms.katalon.core.main.TestCaseExecutor.execute(TestCaseExecutor.java:238)
	at com.kms.katalon.core.main.TestSuiteExecutor.accessTestCaseMainPhase(TestSuiteExecutor.java:129)
	at com.kms.katalon.core.main.TestSuiteExecutor.accessTestSuiteMainPhase(TestSuiteExecutor.java:112)
	at com.kms.katalon.core.main.TestSuiteExecutor.execute(TestSuiteExecutor.java:81)
	at com.kms.katalon.core.main.TestCaseMain.startTestSuite(TestCaseMain.java:157)
	at com.kms.katalon.core.main.TestCaseMain$startTestSuite$0.call(Unknown Source)
	at TempTestSuite1572957603430.run(TempTestSuite1572957603430.groovy:35)
Caused by: com.kms.katalon.core.exception.StepFailedException: Verify element text of test object 'div_cancelled_order' FAILED.
	at com.kms.katalon.core.webui.keyword.internal.WebUIKeywordMain.stepFailed(WebUIKeywordMain.groovy:64)
	at com.kms.katalon.core.webui.keyword.internal.WebUIKeywordMain.runKeyword(WebUIKeywordMain.groovy:26)
	at com.kms.katalon.core.webui.keyword.builtin.VerifyElementTextKeyword.verifyElementText(VerifyElementTextKeyword.groovy:72)
	at com.kms.katalon.core.webui.keyword.builtin.VerifyElementTextKeyword.execute(VerifyElementTextKeyword.groovy:40)
	at com.kms.katalon.core.keyword.internal.KeywordExecutor.executeKeywordForPlatform(KeywordExecutor.groovy:56)
	at com.kms.katalon.core.webui.keyword.WebUiBuiltInKeywords.verifyElementText(WebUiBuiltInKeywords.groovy:3663)
	at com.kms.katalon.core.webui.keyword.WebUiBuiltInKeywords$verifyElementText$9.call(Unknown Source)
	at rsOrderHistoryConfirm.run(rsOrderHistoryConfirm:95)
	at com.kms.katalon.core.main.ScriptEngine.run(ScriptEngine.java:194)
	at com.kms.katalon.core.main.ScriptEngine.runScriptAsRawText(ScriptEngine.java:119)
	at com.kms.katalon.core.main.TestCaseExecutor.runScript(TestCaseExecutor.java:342)
	at com.kms.katalon.core.main.TestCaseExecutor.doExecute(TestCaseExecutor.java:333)
	at com.kms.katalon.core.main.TestCaseExecutor.processExecutionPhase(TestCaseExecutor.java:312)
	at com.kms.katalon.core.main.TestCaseExecutor.accessMainPhase(TestCaseExecutor.java:304)
	at com.kms.katalon.core.main.TestCaseExecutor.execute(TestCaseExecutor.java:238)
	at com.kms.katalon.core.main.TestCaseMain.runTestCase(TestCaseMain.java:114)
	at com.kms.katalon.core.keyword.builtin.CallTestCaseKeyword$_callTestCase_closure1.doCall(CallTestCaseKeyword.groovy:59)
	... 20 more
Caused by: com.kms.katalon.core.exception.StepFailedException: Actual text '' and expected text 'Cancelled' of test object 'div_cancelled_order' are NOT matched.
	at com.kms.katalon.core.webui.keyword.internal.WebUIKeywordMain.stepFailed(WebUIKeywordMain.groovy:64)
	at com.kms.katalon.core.webui.keyword.builtin.VerifyElementTextKeyword$_verifyElementText_closure1.doCall(VerifyElementTextKeyword.groovy:57)
	at com.kms.katalon.core.webui.keyword.builtin.VerifyElementTextKeyword$_verifyElementText_closure1.call(VerifyElementTextKeyword.groovy)
	at com.kms.katalon.core.webui.keyword.internal.WebUIKeywordMain.runKeyword(WebUIKeywordMain.groovy:20)
	... 35 more]]></system-err>
      </testcase>
      <system-out><![CDATA[2019-11-05 18:10:08 - [TEST_SUITE][FAILED] - EditOrderSuite: Test Cases/EditOrder-V/rsEditOrderSimple FAILED.
Reason:
com.kms.katalon.core.exception.StepFailedException: Call Test Case 'Test Cases/EditOrder/rsOrderHistoryConfirm' failed
	at com.kms.katalon.core.keyword.builtin.CallTestCaseKeyword$_callTestCase_closure1.doCall(CallTestCaseKeyword.groovy:63)
	at com.kms.katalon.core.keyword.builtin.CallTestCaseKeyword$_callTestCase_closure1.call(CallTestCaseKeyword.groovy)
	at com.kms.katalon.core.keyword.internal.KeywordMain.runKeyword(KeywordMain.groovy:66)
	at com.kms.katalon.core.keyword.builtin.CallTestCaseKeyword.callTestCase(CallTestCaseKeyword.groovy:81)
	at com.kms.katalon.core.keyword.builtin.CallTestCaseKeyword.execute(CallTestCaseKeyword.groovy:44)
	at com.kms.katalon.core.keyword.internal.KeywordExecutor.executeKeywordForPlatform(KeywordExecutor.groovy:56)
	at com.kms.katalon.core.keyword.BuiltinKeywords.callTestCase(BuiltinKeywords.groovy:334)
	at rsEditOrderSimple.run(rsEditOrderSimple:24)
	at com.kms.katalon.core.main.ScriptEngine.run(ScriptEngine.java:194)
	at com.kms.katalon.core.main.ScriptEngine.runScriptAsRawText(ScriptEngine.java:119)
	at com.kms.katalon.core.main.TestCaseExecutor.runScript(TestCaseExecutor.java:342)
	at com.kms.katalon.core.main.TestCaseExecutor.doExecute(TestCaseExecutor.java:333)
	at com.kms.katalon.core.main.TestCaseExecutor.processExecutionPhase(TestCaseExecutor.java:312)
	at com.kms.katalon.core.main.TestCaseExecutor.accessMainPhase(TestCaseExecutor.java:304)
	at com.kms.katalon.core.main.TestCaseExecutor.execute(TestCaseExecutor.java:238)
	at com.kms.katalon.core.main.TestSuiteExecutor.accessTestCaseMainPhase(TestSuiteExecutor.java:129)
	at com.kms.katalon.core.main.TestSuiteExecutor.accessTestSuiteMainPhase(TestSuiteExecutor.java:112)
	at com.kms.katalon.core.main.TestSuiteExecutor.execute(TestSuiteExecutor.java:81)
	at com.kms.katalon.core.main.TestCaseMain.startTestSuite(TestCaseMain.java:157)
	at com.kms.katalon.core.main.TestCaseMain$startTestSuite$0.call(Unknown Source)
	at TempTestSuite1572957603430.run(TempTestSuite1572957603430.groovy:35)
Caused by: com.kms.katalon.core.exception.StepFailedException: Verify element text of test object 'div_cancelled_order' FAILED.
	at com.kms.katalon.core.webui.keyword.internal.WebUIKeywordMain.stepFailed(WebUIKeywordMain.groovy:64)
	at com.kms.katalon.core.webui.keyword.internal.WebUIKeywordMain.runKeyword(WebUIKeywordMain.groovy:26)
	at com.kms.katalon.core.webui.keyword.builtin.VerifyElementTextKeyword.verifyElementText(VerifyElementTextKeyword.groovy:72)
	at com.kms.katalon.core.webui.keyword.builtin.VerifyElementTextKeyword.execute(VerifyElementTextKeyword.groovy:40)
	at com.kms.katalon.core.keyword.internal.KeywordExecutor.executeKeywordForPlatform(KeywordExecutor.groovy:56)
	at com.kms.katalon.core.webui.keyword.WebUiBuiltInKeywords.verifyElementText(WebUiBuiltInKeywords.groovy:3663)
	at com.kms.katalon.core.webui.keyword.WebUiBuiltInKeywords$verifyElementText$9.call(Unknown Source)
	at rsOrderHistoryConfirm.run(rsOrderHistoryConfirm:95)
	at com.kms.katalon.core.main.ScriptEngine.run(ScriptEngine.java:194)
	at com.kms.katalon.core.main.ScriptEngine.runScriptAsRawText(ScriptEngine.java:119)
	at com.kms.katalon.core.main.TestCaseExecutor.runScript(TestCaseExecutor.java:342)
	at com.kms.katalon.core.main.TestCaseExecutor.doExecute(TestCaseExecutor.java:333)
	at com.kms.katalon.core.main.TestCaseExecutor.processExecutionPhase(TestCaseExecutor.java:312)
	at com.kms.katalon.core.main.TestCaseExecutor.accessMainPhase(TestCaseExecutor.java:304)
	at com.kms.katalon.core.main.TestCaseExecutor.execute(TestCaseExecutor.java:238)
	at com.kms.katalon.core.main.TestCaseMain.runTestCase(TestCaseMain.java:114)
	at com.kms.katalon.core.keyword.builtin.CallTestCaseKeyword$_callTestCase_closure1.doCall(CallTestCaseKeyword.groovy:59)
	... 20 more
Caused by: com.kms.katalon.core.exception.StepFailedException: Actual text '' and expected text 'Cancelled' of test object 'div_cancelled_order' are NOT matched.
	at com.kms.katalon.core.webui.keyword.internal.WebUIKeywordMain.stepFailed(WebUIKeywordMain.groovy:64)
	at com.kms.katalon.core.webui.keyword.builtin.VerifyElementTextKeyword$_verifyElementText_closure1.doCall(VerifyElementTextKeyword.groovy:57)
	at com.kms.katalon.core.webui.keyword.builtin.VerifyElementTextKeyword$_verifyElementText_closure1.call(VerifyElementTextKeyword.groovy)
	at com.kms.katalon.core.webui.keyword.internal.WebUIKeywordMain.runKeyword(WebUIKeywordMain.groovy:20)
	... 35 more]]></system-out>
      <system-err><![CDATA[2019-11-05 18:10:08 - [TEST_SUITE][FAILED] - EditOrderSuite: Test Cases/EditOrder-V/rsEditOrderSimple FAILED.
Reason:
com.kms.katalon.core.exception.StepFailedException: Call Test Case 'Test Cases/EditOrder/rsOrderHistoryConfirm' failed
	at com.kms.katalon.core.keyword.builtin.CallTestCaseKeyword$_callTestCase_closure1.doCall(CallTestCaseKeyword.groovy:63)
	at com.kms.katalon.core.keyword.builtin.CallTestCaseKeyword$_callTestCase_closure1.call(CallTestCaseKeyword.groovy)
	at com.kms.katalon.core.keyword.internal.KeywordMain.runKeyword(KeywordMain.groovy:66)
	at com.kms.katalon.core.keyword.builtin.CallTestCaseKeyword.callTestCase(CallTestCaseKeyword.groovy:81)
	at com.kms.katalon.core.keyword.builtin.CallTestCaseKeyword.execute(CallTestCaseKeyword.groovy:44)
	at com.kms.katalon.core.keyword.internal.KeywordExecutor.executeKeywordForPlatform(KeywordExecutor.groovy:56)
	at com.kms.katalon.core.keyword.BuiltinKeywords.callTestCase(BuiltinKeywords.groovy:334)
	at rsEditOrderSimple.run(rsEditOrderSimple:24)
	at com.kms.katalon.core.main.ScriptEngine.run(ScriptEngine.java:194)
	at com.kms.katalon.core.main.ScriptEngine.runScriptAsRawText(ScriptEngine.java:119)
	at com.kms.katalon.core.main.TestCaseExecutor.runScript(TestCaseExecutor.java:342)
	at com.kms.katalon.core.main.TestCaseExecutor.doExecute(TestCaseExecutor.java:333)
	at com.kms.katalon.core.main.TestCaseExecutor.processExecutionPhase(TestCaseExecutor.java:312)
	at com.kms.katalon.core.main.TestCaseExecutor.accessMainPhase(TestCaseExecutor.java:304)
	at com.kms.katalon.core.main.TestCaseExecutor.execute(TestCaseExecutor.java:238)
	at com.kms.katalon.core.main.TestSuiteExecutor.accessTestCaseMainPhase(TestSuiteExecutor.java:129)
	at com.kms.katalon.core.main.TestSuiteExecutor.accessTestSuiteMainPhase(TestSuiteExecutor.java:112)
	at com.kms.katalon.core.main.TestSuiteExecutor.execute(TestSuiteExecutor.java:81)
	at com.kms.katalon.core.main.TestCaseMain.startTestSuite(TestCaseMain.java:157)
	at com.kms.katalon.core.main.TestCaseMain$startTestSuite$0.call(Unknown Source)
	at TempTestSuite1572957603430.run(TempTestSuite1572957603430.groovy:35)
Caused by: com.kms.katalon.core.exception.StepFailedException: Verify element text of test object 'div_cancelled_order' FAILED.
	at com.kms.katalon.core.webui.keyword.internal.WebUIKeywordMain.stepFailed(WebUIKeywordMain.groovy:64)
	at com.kms.katalon.core.webui.keyword.internal.WebUIKeywordMain.runKeyword(WebUIKeywordMain.groovy:26)
	at com.kms.katalon.core.webui.keyword.builtin.VerifyElementTextKeyword.verifyElementText(VerifyElementTextKeyword.groovy:72)
	at com.kms.katalon.core.webui.keyword.builtin.VerifyElementTextKeyword.execute(VerifyElementTextKeyword.groovy:40)
	at com.kms.katalon.core.keyword.internal.KeywordExecutor.executeKeywordForPlatform(KeywordExecutor.groovy:56)
	at com.kms.katalon.core.webui.keyword.WebUiBuiltInKeywords.verifyElementText(WebUiBuiltInKeywords.groovy:3663)
	at com.kms.katalon.core.webui.keyword.WebUiBuiltInKeywords$verifyElementText$9.call(Unknown Source)
	at rsOrderHistoryConfirm.run(rsOrderHistoryConfirm:95)
	at com.kms.katalon.core.main.ScriptEngine.run(ScriptEngine.java:194)
	at com.kms.katalon.core.main.ScriptEngine.runScriptAsRawText(ScriptEngine.java:119)
	at com.kms.katalon.core.main.TestCaseExecutor.runScript(TestCaseExecutor.java:342)
	at com.kms.katalon.core.main.TestCaseExecutor.doExecute(TestCaseExecutor.java:333)
	at com.kms.katalon.core.main.TestCaseExecutor.processExecutionPhase(TestCaseExecutor.java:312)
	at com.kms.katalon.core.main.TestCaseExecutor.accessMainPhase(TestCaseExecutor.java:304)
	at com.kms.katalon.core.main.TestCaseExecutor.execute(TestCaseExecutor.java:238)
	at com.kms.katalon.core.main.TestCaseMain.runTestCase(TestCaseMain.java:114)
	at com.kms.katalon.core.keyword.builtin.CallTestCaseKeyword$_callTestCase_closure1.doCall(CallTestCaseKeyword.groovy:59)
	... 20 more
Caused by: com.kms.katalon.core.exception.StepFailedException: Actual text '' and expected text 'Cancelled' of test object 'div_cancelled_order' are NOT matched.
	at com.kms.katalon.core.webui.keyword.internal.WebUIKeywordMain.stepFailed(WebUIKeywordMain.groovy:64)
	at com.kms.katalon.core.webui.keyword.builtin.VerifyElementTextKeyword$_verifyElementText_closure1.doCall(VerifyElementTextKeyword.groovy:57)
	at com.kms.katalon.core.webui.keyword.builtin.VerifyElementTextKeyword$_verifyElementText_closure1.call(VerifyElementTextKeyword.groovy)
	at com.kms.katalon.core.webui.keyword.internal.WebUIKeywordMain.runKeyword(WebUIKeywordMain.groovy:20)
	... 35 more]]></system-err>
   </testsuite>
</testsuites>
