<?xml version="1.0" encoding="UTF-8"?>
<testsuites name="NewArrivalsSuite" time="932" tests="0" failures="1" errors="0">
   <testsuite name="NewArrivalsSuite" tests="0" failures="1" errors="0" time="932" timestamp="2019-09-30 17:48:16" hostname="user - 10.0.102.244" id="Test Suites/NewArrivalsSuites/NewArrivalsSuite">
      <properties>
         <property name="deviceName" value=""/>
         <property name="devicePlatform" value=""/>
         <property name="logFolder" value="C:\\Users\\user\\Documents\\testautomation\\KatalonProjects\\Reports\\NewArrivalsSuites\\NewArrivalsSuite\\20190930_174813"/>
         <property name="logFiles" value="C:\\Users\\user\\Documents\\testautomation\\KatalonProjects\\Reports\\NewArrivalsSuites\\NewArrivalsSuite\\20190930_174813\\execution0.log"/>
         <property name="attachments" value="C:\\Users\\user\\Documents\\testautomation\\KatalonProjects\\productImages\\BOPersonal_3843 image.png, C:\\Users\\user\\Documents\\testautomation\\KatalonProjects\\productImages\\BOPersonal_3846 image.png, C:\\Users\\user\\Documents\\testautomation\\KatalonProjects\\productImages\\BOPersonal_3850 image.png, C:\\Users\\user\\Documents\\testautomation\\KatalonProjects\\productImages\\BOPersonal_3857 image.png, C:\\Users\\user\\Documents\\testautomation\\KatalonProjects\\Reports\\NewArrivalsSuites\\NewArrivalsSuite\\20190930_174813\\1569846002807.png, C:\\Users\\user\\Documents\\testautomation\\KatalonProjects\\productImages\\BOPersonal_3843 image.png, C:\\Users\\user\\Documents\\testautomation\\KatalonProjects\\productImages\\BOPersonal_3846 image.png, C:\\Users\\user\\Documents\\testautomation\\KatalonProjects\\productImages\\BOPersonal_3850 image.png, C:\\Users\\user\\Documents\\testautomation\\KatalonProjects\\productImages\\BOPersonal_3857 image.png, C:\\Users\\user\\Documents\\testautomation\\KatalonProjects\\productImages\\BOPersonal_3861 image.png, C:\\Users\\user\\Documents\\testautomation\\KatalonProjects\\productImages\\BOPersonal_3863 image.png, C:\\Users\\user\\Documents\\testautomation\\KatalonProjects\\productImages\\BOPersonal_3864 image.png, C:\\Users\\user\\Documents\\testautomation\\KatalonProjects\\productImages\\BOPersonal_3865 image.png, C:\\Users\\user\\Documents\\testautomation\\KatalonProjects\\productImages\\BOPersonal_3869 image.png, C:\\Users\\user\\Documents\\testautomation\\KatalonProjects\\productImages\\BOPersonal_3870 image.png, C:\\Users\\user\\Documents\\testautomation\\KatalonProjects\\productImages\\BOPersonal_3871 image.png, C:\\Users\\user\\Documents\\testautomation\\KatalonProjects\\productImages\\BOPersonal_3875 image.png, C:\\Users\\user\\Documents\\testautomation\\KatalonProjects\\productImages\\BOPersonal_3843 image.png, C:\\Users\\user\\Documents\\testautomation\\KatalonProjects\\productImages\\BOPersonal_3846 image.png, C:\\Users\\user\\Documents\\testautomation\\KatalonProjects\\productImages\\BOPersonal_3850 image.png, C:\\Users\\user\\Documents\\testautomation\\KatalonProjects\\productImages\\BOPersonal_3857 image.png, C:\\Users\\user\\Documents\\testautomation\\KatalonProjects\\productImages\\BOPersonal_3861 image.png, C:\\Users\\user\\Documents\\testautomation\\KatalonProjects\\productImages\\BOPersonal_3863 image.png, C:\\Users\\user\\Documents\\testautomation\\KatalonProjects\\productImages\\BOPersonal_3864 image.png, C:\\Users\\user\\Documents\\testautomation\\KatalonProjects\\productImages\\BOPersonal_3865 image.png, C:\\Users\\user\\Documents\\testautomation\\KatalonProjects\\productImages\\BOPersonal_3869 image.png, C:\\Users\\user\\Documents\\testautomation\\KatalonProjects\\productImages\\BOPersonal_3870 image.png, C:\\Users\\user\\Documents\\testautomation\\KatalonProjects\\productImages\\BOPersonal_3871 image.png, C:\\Users\\user\\Documents\\testautomation\\KatalonProjects\\productImages\\BOPersonal_3875 image.png, C:\\Users\\user\\Documents\\testautomation\\KatalonProjects\\productImages\\BOPersonal_3843 image.png, C:\\Users\\user\\Documents\\testautomation\\KatalonProjects\\productImages\\BOPersonal_3846 image.png, C:\\Users\\user\\Documents\\testautomation\\KatalonProjects\\productImages\\BOPersonal_3850 image.png, C:\\Users\\user\\Documents\\testautomation\\KatalonProjects\\productImages\\BOPersonal_3857 image.png, C:\\Users\\user\\Documents\\testautomation\\KatalonProjects\\productImages\\BOPersonal_3861 image.png, C:\\Users\\user\\Documents\\testautomation\\KatalonProjects\\productImages\\BOPersonal_3863 image.png, C:\\Users\\user\\Documents\\testautomation\\KatalonProjects\\productImages\\BOPersonal_3864 image.png, C:\\Users\\user\\Documents\\testautomation\\KatalonProjects\\productImages\\BOPersonal_3865 image.png, C:\\Users\\user\\Documents\\testautomation\\KatalonProjects\\productImages\\BOPersonal_3869 image.png, C:\\Users\\user\\Documents\\testautomation\\KatalonProjects\\productImages\\BOPersonal_3870 image.png, C:\\Users\\user\\Documents\\testautomation\\KatalonProjects\\productImages\\BOPersonal_3871 image.png, C:\\Users\\user\\Documents\\testautomation\\KatalonProjects\\productImages\\BOPersonal_3875 image.png"/>
         <property name="hostName" value="user - 10.0.102.244"/>
         <property name="os" value="Windows 8.1 64bit"/>
         <property name="katalonVersion" value="6.1.1.1"/>
         <property name="browser" value="Chrome 77.0.3865.90"/>
         <property name="hostAddress" value="10.0.102.244"/>
         <property name="sessionId" value="1e74be060440681cac6bde29a5df23b3"/>
         <property name="seleniumVersion" value="3.7.1"/>
         <property name="proxyInformation" value="ProxyInformation{proxyOption=NO_PROXY, proxyServerType=HTTP, password=, proxyServerAddress=, proxyServerPort=0}"/>
         <property name="platform" value="Windows 8.1"/>
      </properties>
      <testcase name="Test Cases/NewArrival/BOPersonal" classname="Test Cases/NewArrival/BOPersonal" status="FAILED">
         <failure type="FAILED" message="Test Cases/NewArrival/BOPersonal FAILED.
Reason:
com.kms.katalon.core.exception.StepFailedException: Unable to call Test Case 'Test Cases/NewArrival/productVerify' (Root cause: com.kms.katalon.core.exception.StepFailedException: Call Test Case 'Test Cases/NewArrival/productVerify' failed
	at com.kms.katalon.core.keyword.builtin.CallTestCaseKeyword$_callTestCase_closure1.doCall(CallTestCaseKeyword.groovy:63)
	at com.kms.katalon.core.keyword.builtin.CallTestCaseKeyword$_callTestCase_closure1.call(CallTestCaseKeyword.groovy)
	at com.kms.katalon.core.keyword.internal.KeywordMain.runKeyword(KeywordMain.groovy:66)
	at com.kms.katalon.core.keyword.builtin.CallTestCaseKeyword.callTestCase(CallTestCaseKeyword.groovy:81)
	at com.kms.katalon.core.keyword.builtin.CallTestCaseKeyword.execute(CallTestCaseKeyword.groovy:44)
	at com.kms.katalon.core.keyword.internal.KeywordExecutor.executeKeywordForPlatform(KeywordExecutor.groovy:56)
	at com.kms.katalon.core.keyword.BuiltinKeywords.callTestCase(BuiltinKeywords.groovy:334)
	at BOPersonal.run(BOPersonal:34)
	at com.kms.katalon.core.main.ScriptEngine.run(ScriptEngine.java:194)
	at com.kms.katalon.core.main.ScriptEngine.runScriptAsRawText(ScriptEngine.java:119)
	at com.kms.katalon.core.main.TestCaseExecutor.runScript(TestCaseExecutor.java:342)
	at com.kms.katalon.core.main.TestCaseExecutor.doExecute(TestCaseExecutor.java:333)
	at com.kms.katalon.core.main.TestCaseExecutor.processExecutionPhase(TestCaseExecutor.java:312)
	at com.kms.katalon.core.main.TestCaseExecutor.accessMainPhase(TestCaseExecutor.java:304)
	at com.kms.katalon.core.main.TestCaseExecutor.execute(TestCaseExecutor.java:238)
	at com.kms.katalon.core.main.TestSuiteExecutor.accessTestCaseMainPhase(TestSuiteExecutor.java:129)
	at com.kms.katalon.core.main.TestSuiteExecutor.accessTestSuiteMainPhase(TestSuiteExecutor.java:112)
	at com.kms.katalon.core.main.TestSuiteExecutor.execute(TestSuiteExecutor.java:81)
	at com.kms.katalon.core.main.TestCaseMain.startTestSuite(TestCaseMain.java:157)
	at com.kms.katalon.core.main.TestCaseMain$startTestSuite$0.call(Unknown Source)
	at TempTestSuite1569845893515.run(TempTestSuite1569845893515.groovy:35)
Caused by: com.kms.katalon.core.exception.StepFailedException: Unable to execute JavaScript.
	at com.kms.katalon.core.webui.keyword.internal.WebUIKeywordMain.stepFailed(WebUIKeywordMain.groovy:64)
	at com.kms.katalon.core.webui.keyword.internal.WebUIKeywordMain.runKeyword(WebUIKeywordMain.groovy:26)
	at com.kms.katalon.core.webui.keyword.builtin.ExecuteJavaScriptKeyword.executeJavascript(ExecuteJavascriptKeyword.groovy:42)
	at com.kms.katalon.core.webui.keyword.builtin.ExecuteJavaScriptKeyword.execute(ExecuteJavascriptKeyword.groovy:37)
	at com.kms.katalon.core.keyword.internal.KeywordExecutor.executeKeywordForPlatform(KeywordExecutor.groovy:56)
	at com.kms.katalon.core.webui.keyword.WebUiBuiltInKeywords.executeJavaScript(WebUiBuiltInKeywords.groovy:3787)
	at com.kms.katalon.core.webui.keyword.WebUiBuiltInKeywords$executeJavaScript$4.call(Unknown Source)
	at productVerify.run(productVerify:25)
	at com.kms.katalon.core.main.ScriptEngine.run(ScriptEngine.java:194)
	at com.kms.katalon.core.main.ScriptEngine.runScriptAsRawText(ScriptEngine.java:119)
	at com.kms.katalon.core.main.TestCaseExecutor.runScript(TestCaseExecutor.java:342)
	at com.kms.katalon.core.main.TestCaseExecutor.doExecute(TestCaseExecutor.java:333)
	at com.kms.katalon.core.main.TestCaseExecutor.processExecutionPhase(TestCaseExecutor.java:312)
	at com.kms.katalon.core.main.TestCaseExecutor.accessMainPhase(TestCaseExecutor.java:304)
	at com.kms.katalon.core.main.TestCaseExecutor.execute(TestCaseExecutor.java:238)
	at com.kms.katalon.core.main.TestCaseMain.runTestCase(TestCaseMain.java:114)
	at com.kms.katalon.core.keyword.builtin.CallTestCaseKeyword$_callTestCase_closure1.doCall(CallTestCaseKeyword.groovy:59)
	... 20 more
Caused by: org.openqa.selenium.StaleElementReferenceException: stale element reference: element is not attached to the page document
  (Session info: chrome=77.0.3865.90)
For documentation on this error, please visit: http://seleniumhq.org/exceptions/stale_element_reference.html
Build info: version: '3.7.1', revision: '8a0099a', time: '2017-11-06T21:07:36.161Z'
System info: host: 'NIVEDITA', ip: '10.0.102.244', os.name: 'Windows 8.1', os.arch: 'amd64', os.version: '6.3', java.version: '1.8.0_181'
Driver info: com.kms.katalon.selenium.driver.CChromeDriver
Capabilities {acceptInsecureCerts: false, browserName: chrome, browserVersion: 77.0.3865.90, chrome: {chromedriverVersion: 76.0.3809.68 (420c9498db8ce..., userDataDir: C:\Users\user\AppData\Local...}, goog:chromeOptions: {debuggerAddress: localhost:59772}, javascriptEnabled: true, networkConnectionEnabled: false, pageLoadStrategy: normal, platform: XP, platformName: XP, proxy: Proxy(direct), setWindowRect: true, strictFileInteractability: false, timeouts: {implicit: 0, pageLoad: 300000, script: 30000}, unhandledPromptBehavior: dismiss and notify}
Session ID: 3fff5a1a70d86ea1cda911915c960d06
	at org.openqa.selenium.remote.http.W3CHttpResponseCodec.createException(W3CHttpResponseCodec.java:187)
	at org.openqa.selenium.remote.http.W3CHttpResponseCodec.decode(W3CHttpResponseCodec.java:122)
	at org.openqa.selenium.remote.http.W3CHttpResponseCodec.decode(W3CHttpResponseCodec.java:49)
	at org.openqa.selenium.remote.HttpCommandExecutor.execute(HttpCommandExecutor.java:164)
	at org.openqa.selenium.remote.service.DriverCommandExecutor.execute(DriverCommandExecutor.java:83)
	at org.openqa.selenium.remote.RemoteWebDriver.execute(RemoteWebDriver.java:600)
	at com.kms.katalon.selenium.driver.CChromeDriver.execute(CChromeDriver.java:20)
	at org.openqa.selenium.remote.RemoteWebDriver.executeScript(RemoteWebDriver.java:536)
	at com.kms.katalon.core.webui.keyword.builtin.ExecuteJavaScriptKeyword$_executeJavascript_closure1.doCall(ExecuteJavascriptKeyword.groovy:48)
	at com.kms.katalon.core.webui.keyword.builtin.ExecuteJavaScriptKeyword$_executeJavascript_closure1.call(ExecuteJavascriptKeyword.groovy)
	at com.kms.katalon.core.webui.keyword.internal.WebUIKeywordMain.runKeyword(WebUIKeywordMain.groovy:20)
	at com.kms.katalon.core.webui.keyword.builtin.ExecuteJavaScriptKeyword.executeJavascript(ExecuteJavascriptKeyword.groovy:42)
	at com.kms.katalon.core.webui.keyword.builtin.ExecuteJavaScriptKeyword.execute(ExecuteJavascriptKeyword.groovy:37)
	at com.kms.katalon.core.keyword.internal.KeywordExecutor.executeKeywordForPlatform(KeywordExecutor.groovy:56)
	at com.kms.katalon.core.webui.keyword.WebUiBuiltInKeywords.executeJavaScript(WebUiBuiltInKeywords.groovy:3787)
	at com.kms.katalon.core.webui.keyword.WebUiBuiltInKeywords$executeJavaScript$4.call(Unknown Source)
	at Script1556094475695.run(Script1556094475695.groovy:25)
	at com.kms.katalon.core.main.ScriptEngine.run(ScriptEngine.java:194)
	at com.kms.katalon.core.main.ScriptEngine.runScriptAsRawText(ScriptEngine.java:119)
	at com.kms.katalon.core.main.TestCaseExecutor.runScript(TestCaseExecutor.java:342)
	at com.kms.katalon.core.main.TestCaseExecutor.doExecute(TestCaseExecutor.java:333)
	at com.kms.katalon.core.main.TestCaseExecutor.processExecutionPhase(TestCaseExecutor.java:312)
	at com.kms.katalon.core.main.TestCaseExecutor.accessMainPhase(TestCaseExecutor.java:304)
	at com.kms.katalon.core.main.TestCaseExecutor.execute(TestCaseExecutor.java:238)
	at com.kms.katalon.core.main.TestCaseMain.runTestCase(TestCaseMain.java:114)
	at com.kms.katalon.core.keyword.builtin.CallTestCaseKeyword$_callTestCase_closure1.doCall(CallTestCaseKeyword.groovy:59)
	at com.kms.katalon.core.keyword.builtin.CallTestCaseKeyword$_callTestCase_closure1.call(CallTestCaseKeyword.groovy)
	at com.kms.katalon.core.keyword.internal.KeywordMain.runKeyword(KeywordMain.groovy:66)
	at com.kms.katalon.core.keyword.builtin.CallTestCaseKeyword.callTestCase(CallTestCaseKeyword.groovy:81)
	at com.kms.katalon.core.keyword.builtin.CallTestCaseKeyword.execute(CallTestCaseKeyword.groovy:44)
	at com.kms.katalon.core.keyword.internal.KeywordExecutor.executeKeywordForPlatform(KeywordExecutor.groovy:56)
	at com.kms.katalon.core.keyword.BuiltinKeywords.callTestCase(BuiltinKeywords.groovy:334)
	at Script1561619682896.run(Script1561619682896.groovy:34)
	... 13 more
)
	at com.kms.katalon.core.keyword.internal.KeywordMain.stepFailed(KeywordMain.groovy:37)
	at com.kms.katalon.core.keyword.internal.KeywordMain.stepFailed(KeywordMain.groovy)
	at com.kms.katalon.core.keyword.internal.KeywordMain.runKeyword(KeywordMain.groovy:68)
	at com.kms.katalon.core.keyword.builtin.CallTestCaseKeyword.callTestCase(CallTestCaseKeyword.groovy:81)
	at com.kms.katalon.core.keyword.builtin.CallTestCaseKeyword.execute(CallTestCaseKeyword.groovy:44)
	at com.kms.katalon.core.keyword.internal.KeywordExecutor.executeKeywordForPlatform(KeywordExecutor.groovy:56)
	at com.kms.katalon.core.keyword.BuiltinKeywords.callTestCase(BuiltinKeywords.groovy:334)
	at BOPersonal.run(BOPersonal:34)
	at com.kms.katalon.core.main.ScriptEngine.run(ScriptEngine.java:194)
	at com.kms.katalon.core.main.ScriptEngine.runScriptAsRawText(ScriptEngine.java:119)
	at com.kms.katalon.core.main.TestCaseExecutor.runScript(TestCaseExecutor.java:342)
	at com.kms.katalon.core.main.TestCaseExecutor.doExecute(TestCaseExecutor.java:333)
	at com.kms.katalon.core.main.TestCaseExecutor.processExecutionPhase(TestCaseExecutor.java:312)
	at com.kms.katalon.core.main.TestCaseExecutor.accessMainPhase(TestCaseExecutor.java:304)
	at com.kms.katalon.core.main.TestCaseExecutor.execute(TestCaseExecutor.java:238)
	at com.kms.katalon.core.main.TestSuiteExecutor.accessTestCaseMainPhase(TestSuiteExecutor.java:129)
	at com.kms.katalon.core.main.TestSuiteExecutor.accessTestSuiteMainPhase(TestSuiteExecutor.java:112)
	at com.kms.katalon.core.main.TestSuiteExecutor.execute(TestSuiteExecutor.java:81)
	at com.kms.katalon.core.main.TestCaseMain.startTestSuite(TestCaseMain.java:157)
	at com.kms.katalon.core.main.TestCaseMain$startTestSuite$0.call(Unknown Source)
	at TempTestSuite1569845893515.run(TempTestSuite1569845893515.groovy:35)
Caused by: com.kms.katalon.core.exception.StepFailedException: Call Test Case 'Test Cases/NewArrival/productVerify' failed
	at com.kms.katalon.core.keyword.builtin.CallTestCaseKeyword$_callTestCase_closure1.doCall(CallTestCaseKeyword.groovy:63)
	at com.kms.katalon.core.keyword.builtin.CallTestCaseKeyword$_callTestCase_closure1.call(CallTestCaseKeyword.groovy)
	at com.kms.katalon.core.keyword.internal.KeywordMain.runKeyword(KeywordMain.groovy:66)
	... 18 more
Caused by: com.kms.katalon.core.exception.StepFailedException: Unable to execute JavaScript.
	at com.kms.katalon.core.webui.keyword.internal.WebUIKeywordMain.stepFailed(WebUIKeywordMain.groovy:64)
	at com.kms.katalon.core.webui.keyword.internal.WebUIKeywordMain.runKeyword(WebUIKeywordMain.groovy:26)
	at com.kms.katalon.core.webui.keyword.builtin.ExecuteJavaScriptKeyword.executeJavascript(ExecuteJavascriptKeyword.groovy:42)
	at com.kms.katalon.core.webui.keyword.builtin.ExecuteJavaScriptKeyword.execute(ExecuteJavascriptKeyword.groovy:37)
	at com.kms.katalon.core.keyword.internal.KeywordExecutor.executeKeywordForPlatform(KeywordExecutor.groovy:56)
	at com.kms.katalon.core.webui.keyword.WebUiBuiltInKeywords.executeJavaScript(WebUiBuiltInKeywords.groovy:3787)
	at com.kms.katalon.core.webui.keyword.WebUiBuiltInKeywords$executeJavaScript$4.call(Unknown Source)
	at productVerify.run(productVerify:25)
	at com.kms.katalon.core.main.ScriptEngine.run(ScriptEngine.java:194)
	at com.kms.katalon.core.main.ScriptEngine.runScriptAsRawText(ScriptEngine.java:119)
	at com.kms.katalon.core.main.TestCaseExecutor.runScript(TestCaseExecutor.java:342)
	at com.kms.katalon.core.main.TestCaseExecutor.doExecute(TestCaseExecutor.java:333)
	at com.kms.katalon.core.main.TestCaseExecutor.processExecutionPhase(TestCaseExecutor.java:312)
	at com.kms.katalon.core.main.TestCaseExecutor.accessMainPhase(TestCaseExecutor.java:304)
	at com.kms.katalon.core.main.TestCaseExecutor.execute(TestCaseExecutor.java:238)
	at com.kms.katalon.core.main.TestCaseMain.runTestCase(TestCaseMain.java:114)
	at com.kms.katalon.core.keyword.builtin.CallTestCaseKeyword$_callTestCase_closure1.doCall(CallTestCaseKeyword.groovy:59)
	... 20 more
Caused by: org.openqa.selenium.StaleElementReferenceException: stale element reference: element is not attached to the page document
  (Session info: chrome=77.0.3865.90)
For documentation on this error, please visit: http://seleniumhq.org/exceptions/stale_element_reference.html
Build info: version: '3.7.1', revision: '8a0099a', time: '2017-11-06T21:07:36.161Z'
System info: host: 'NIVEDITA', ip: '10.0.102.244', os.name: 'Windows 8.1', os.arch: 'amd64', os.version: '6.3', java.version: '1.8.0_181'
Driver info: com.kms.katalon.selenium.driver.CChromeDriver
Capabilities {acceptInsecureCerts: false, browserName: chrome, browserVersion: 77.0.3865.90, chrome: {chromedriverVersion: 76.0.3809.68 (420c9498db8ce..., userDataDir: C:\Users\user\AppData\Local...}, goog:chromeOptions: {debuggerAddress: localhost:59772}, javascriptEnabled: true, networkConnectionEnabled: false, pageLoadStrategy: normal, platform: XP, platformName: XP, proxy: Proxy(direct), setWindowRect: true, strictFileInteractability: false, timeouts: {implicit: 0, pageLoad: 300000, script: 30000}, unhandledPromptBehavior: dismiss and notify}
Session ID: 3fff5a1a70d86ea1cda911915c960d06
	at org.openqa.selenium.remote.http.W3CHttpResponseCodec.createException(W3CHttpResponseCodec.java:187)
	at org.openqa.selenium.remote.http.W3CHttpResponseCodec.decode(W3CHttpResponseCodec.java:122)
	at org.openqa.selenium.remote.http.W3CHttpResponseCodec.decode(W3CHttpResponseCodec.java:49)
	at org.openqa.selenium.remote.HttpCommandExecutor.execute(HttpCommandExecutor.java:164)
	at org.openqa.selenium.remote.service.DriverCommandExecutor.execute(DriverCommandExecutor.java:83)
	at org.openqa.selenium.remote.RemoteWebDriver.execute(RemoteWebDriver.java:600)
	at com.kms.katalon.selenium.driver.CChromeDriver.execute(CChromeDriver.java:20)
	at org.openqa.selenium.remote.RemoteWebDriver.executeScript(RemoteWebDriver.java:536)
	at com.kms.katalon.core.webui.keyword.builtin.ExecuteJavaScriptKeyword$_executeJavascript_closure1.doCall(ExecuteJavascriptKeyword.groovy:48)
	at com.kms.katalon.core.webui.keyword.builtin.ExecuteJavaScriptKeyword$_executeJavascript_closure1.call(ExecuteJavascriptKeyword.groovy)
	at com.kms.katalon.core.webui.keyword.internal.WebUIKeywordMain.runKeyword(WebUIKeywordMain.groovy:20)
	at com.kms.katalon.core.webui.keyword.builtin.ExecuteJavaScriptKeyword.executeJavascript(ExecuteJavascriptKeyword.groovy:42)
	at com.kms.katalon.core.webui.keyword.builtin.ExecuteJavaScriptKeyword.execute(ExecuteJavascriptKeyword.groovy:37)
	at com.kms.katalon.core.keyword.internal.KeywordExecutor.executeKeywordForPlatform(KeywordExecutor.groovy:56)
	at com.kms.katalon.core.webui.keyword.WebUiBuiltInKeywords.executeJavaScript(WebUiBuiltInKeywords.groovy:3787)
	at com.kms.katalon.core.webui.keyword.WebUiBuiltInKeywords$executeJavaScript$4.call(Unknown Source)
	at Script1556094475695.run(Script1556094475695.groovy:25)
	at com.kms.katalon.core.main.ScriptEngine.run(ScriptEngine.java:194)
	at com.kms.katalon.core.main.ScriptEngine.runScriptAsRawText(ScriptEngine.java:119)
	at com.kms.katalon.core.main.TestCaseExecutor.runScript(TestCaseExecutor.java:342)
	at com.kms.katalon.core.main.TestCaseExecutor.doExecute(TestCaseExecutor.java:333)
	at com.kms.katalon.core.main.TestCaseExecutor.processExecutionPhase(TestCaseExecutor.java:312)
	at com.kms.katalon.core.main.TestCaseExecutor.accessMainPhase(TestCaseExecutor.java:304)
	at com.kms.katalon.core.main.TestCaseExecutor.execute(TestCaseExecutor.java:238)
	at com.kms.katalon.core.main.TestCaseMain.runTestCase(TestCaseMain.java:114)
	at com.kms.katalon.core.keyword.builtin.CallTestCaseKeyword$_callTestCase_closure1.doCall(CallTestCaseKeyword.groovy:59)
	at com.kms.katalon.core.keyword.builtin.CallTestCaseKeyword$_callTestCase_closure1.call(CallTestCaseKeyword.groovy)
	at com.kms.katalon.core.keyword.internal.KeywordMain.runKeyword(KeywordMain.groovy:66)
	at com.kms.katalon.core.keyword.builtin.CallTestCaseKeyword.callTestCase(CallTestCaseKeyword.groovy:81)
	at com.kms.katalon.core.keyword.builtin.CallTestCaseKeyword.execute(CallTestCaseKeyword.groovy:44)
	at com.kms.katalon.core.keyword.internal.KeywordExecutor.executeKeywordForPlatform(KeywordExecutor.groovy:56)
	at com.kms.katalon.core.keyword.BuiltinKeywords.callTestCase(BuiltinKeywords.groovy:334)
	at Script1561619682896.run(Script1561619682896.groovy:34)
	... 13 more
"/>
         <system-out><![CDATA[2019-09-30 17:48:16 - [TEST_CASE][FAILED] - Test Cases/NewArrival/BOPersonal: Test Cases/NewArrival/BOPersonal FAILED.
Reason:
com.kms.katalon.core.exception.StepFailedException: Unable to call Test Case 'Test Cases/NewArrival/productVerify' (Root cause: com.kms.katalon.core.exception.StepFailedException: Call Test Case 'Test Cases/NewArrival/productVerify' failed
	at com.kms.katalon.core.keyword.builtin.CallTestCaseKeyword$_callTestCase_closure1.doCall(CallTestCaseKeyword.groovy:63)
	at com.kms.katalon.core.keyword.builtin.CallTestCaseKeyword$_callTestCase_closure1.call(CallTestCaseKeyword.groovy)
	at com.kms.katalon.core.keyword.internal.KeywordMain.runKeyword(KeywordMain.groovy:66)
	at com.kms.katalon.core.keyword.builtin.CallTestCaseKeyword.callTestCase(CallTestCaseKeyword.groovy:81)
	at com.kms.katalon.core.keyword.builtin.CallTestCaseKeyword.execute(CallTestCaseKeyword.groovy:44)
	at com.kms.katalon.core.keyword.internal.KeywordExecutor.executeKeywordForPlatform(KeywordExecutor.groovy:56)
	at com.kms.katalon.core.keyword.BuiltinKeywords.callTestCase(BuiltinKeywords.groovy:334)
	at BOPersonal.run(BOPersonal:34)
	at com.kms.katalon.core.main.ScriptEngine.run(ScriptEngine.java:194)
	at com.kms.katalon.core.main.ScriptEngine.runScriptAsRawText(ScriptEngine.java:119)
	at com.kms.katalon.core.main.TestCaseExecutor.runScript(TestCaseExecutor.java:342)
	at com.kms.katalon.core.main.TestCaseExecutor.doExecute(TestCaseExecutor.java:333)
	at com.kms.katalon.core.main.TestCaseExecutor.processExecutionPhase(TestCaseExecutor.java:312)
	at com.kms.katalon.core.main.TestCaseExecutor.accessMainPhase(TestCaseExecutor.java:304)
	at com.kms.katalon.core.main.TestCaseExecutor.execute(TestCaseExecutor.java:238)
	at com.kms.katalon.core.main.TestSuiteExecutor.accessTestCaseMainPhase(TestSuiteExecutor.java:129)
	at com.kms.katalon.core.main.TestSuiteExecutor.accessTestSuiteMainPhase(TestSuiteExecutor.java:112)
	at com.kms.katalon.core.main.TestSuiteExecutor.execute(TestSuiteExecutor.java:81)
	at com.kms.katalon.core.main.TestCaseMain.startTestSuite(TestCaseMain.java:157)
	at com.kms.katalon.core.main.TestCaseMain$startTestSuite$0.call(Unknown Source)
	at TempTestSuite1569845893515.run(TempTestSuite1569845893515.groovy:35)
Caused by: com.kms.katalon.core.exception.StepFailedException: Unable to execute JavaScript.
	at com.kms.katalon.core.webui.keyword.internal.WebUIKeywordMain.stepFailed(WebUIKeywordMain.groovy:64)
	at com.kms.katalon.core.webui.keyword.internal.WebUIKeywordMain.runKeyword(WebUIKeywordMain.groovy:26)
	at com.kms.katalon.core.webui.keyword.builtin.ExecuteJavaScriptKeyword.executeJavascript(ExecuteJavascriptKeyword.groovy:42)
	at com.kms.katalon.core.webui.keyword.builtin.ExecuteJavaScriptKeyword.execute(ExecuteJavascriptKeyword.groovy:37)
	at com.kms.katalon.core.keyword.internal.KeywordExecutor.executeKeywordForPlatform(KeywordExecutor.groovy:56)
	at com.kms.katalon.core.webui.keyword.WebUiBuiltInKeywords.executeJavaScript(WebUiBuiltInKeywords.groovy:3787)
	at com.kms.katalon.core.webui.keyword.WebUiBuiltInKeywords$executeJavaScript$4.call(Unknown Source)
	at productVerify.run(productVerify:25)
	at com.kms.katalon.core.main.ScriptEngine.run(ScriptEngine.java:194)
	at com.kms.katalon.core.main.ScriptEngine.runScriptAsRawText(ScriptEngine.java:119)
	at com.kms.katalon.core.main.TestCaseExecutor.runScript(TestCaseExecutor.java:342)
	at com.kms.katalon.core.main.TestCaseExecutor.doExecute(TestCaseExecutor.java:333)
	at com.kms.katalon.core.main.TestCaseExecutor.processExecutionPhase(TestCaseExecutor.java:312)
	at com.kms.katalon.core.main.TestCaseExecutor.accessMainPhase(TestCaseExecutor.java:304)
	at com.kms.katalon.core.main.TestCaseExecutor.execute(TestCaseExecutor.java:238)
	at com.kms.katalon.core.main.TestCaseMain.runTestCase(TestCaseMain.java:114)
	at com.kms.katalon.core.keyword.builtin.CallTestCaseKeyword$_callTestCase_closure1.doCall(CallTestCaseKeyword.groovy:59)
	... 20 more
Caused by: org.openqa.selenium.StaleElementReferenceException: stale element reference: element is not attached to the page document
  (Session info: chrome=77.0.3865.90)
For documentation on this error, please visit: http://seleniumhq.org/exceptions/stale_element_reference.html
Build info: version: '3.7.1', revision: '8a0099a', time: '2017-11-06T21:07:36.161Z'
System info: host: 'NIVEDITA', ip: '10.0.102.244', os.name: 'Windows 8.1', os.arch: 'amd64', os.version: '6.3', java.version: '1.8.0_181'
Driver info: com.kms.katalon.selenium.driver.CChromeDriver
Capabilities {acceptInsecureCerts: false, browserName: chrome, browserVersion: 77.0.3865.90, chrome: {chromedriverVersion: 76.0.3809.68 (420c9498db8ce..., userDataDir: C:\Users\user\AppData\Local...}, goog:chromeOptions: {debuggerAddress: localhost:59772}, javascriptEnabled: true, networkConnectionEnabled: false, pageLoadStrategy: normal, platform: XP, platformName: XP, proxy: Proxy(direct), setWindowRect: true, strictFileInteractability: false, timeouts: {implicit: 0, pageLoad: 300000, script: 30000}, unhandledPromptBehavior: dismiss and notify}
Session ID: 3fff5a1a70d86ea1cda911915c960d06
	at org.openqa.selenium.remote.http.W3CHttpResponseCodec.createException(W3CHttpResponseCodec.java:187)
	at org.openqa.selenium.remote.http.W3CHttpResponseCodec.decode(W3CHttpResponseCodec.java:122)
	at org.openqa.selenium.remote.http.W3CHttpResponseCodec.decode(W3CHttpResponseCodec.java:49)
	at org.openqa.selenium.remote.HttpCommandExecutor.execute(HttpCommandExecutor.java:164)
	at org.openqa.selenium.remote.service.DriverCommandExecutor.execute(DriverCommandExecutor.java:83)
	at org.openqa.selenium.remote.RemoteWebDriver.execute(RemoteWebDriver.java:600)
	at com.kms.katalon.selenium.driver.CChromeDriver.execute(CChromeDriver.java:20)
	at org.openqa.selenium.remote.RemoteWebDriver.executeScript(RemoteWebDriver.java:536)
	at com.kms.katalon.core.webui.keyword.builtin.ExecuteJavaScriptKeyword$_executeJavascript_closure1.doCall(ExecuteJavascriptKeyword.groovy:48)
	at com.kms.katalon.core.webui.keyword.builtin.ExecuteJavaScriptKeyword$_executeJavascript_closure1.call(ExecuteJavascriptKeyword.groovy)
	at com.kms.katalon.core.webui.keyword.internal.WebUIKeywordMain.runKeyword(WebUIKeywordMain.groovy:20)
	at com.kms.katalon.core.webui.keyword.builtin.ExecuteJavaScriptKeyword.executeJavascript(ExecuteJavascriptKeyword.groovy:42)
	at com.kms.katalon.core.webui.keyword.builtin.ExecuteJavaScriptKeyword.execute(ExecuteJavascriptKeyword.groovy:37)
	at com.kms.katalon.core.keyword.internal.KeywordExecutor.executeKeywordForPlatform(KeywordExecutor.groovy:56)
	at com.kms.katalon.core.webui.keyword.WebUiBuiltInKeywords.executeJavaScript(WebUiBuiltInKeywords.groovy:3787)
	at com.kms.katalon.core.webui.keyword.WebUiBuiltInKeywords$executeJavaScript$4.call(Unknown Source)
	at Script1556094475695.run(Script1556094475695.groovy:25)
	at com.kms.katalon.core.main.ScriptEngine.run(ScriptEngine.java:194)
	at com.kms.katalon.core.main.ScriptEngine.runScriptAsRawText(ScriptEngine.java:119)
	at com.kms.katalon.core.main.TestCaseExecutor.runScript(TestCaseExecutor.java:342)
	at com.kms.katalon.core.main.TestCaseExecutor.doExecute(TestCaseExecutor.java:333)
	at com.kms.katalon.core.main.TestCaseExecutor.processExecutionPhase(TestCaseExecutor.java:312)
	at com.kms.katalon.core.main.TestCaseExecutor.accessMainPhase(TestCaseExecutor.java:304)
	at com.kms.katalon.core.main.TestCaseExecutor.execute(TestCaseExecutor.java:238)
	at com.kms.katalon.core.main.TestCaseMain.runTestCase(TestCaseMain.java:114)
	at com.kms.katalon.core.keyword.builtin.CallTestCaseKeyword$_callTestCase_closure1.doCall(CallTestCaseKeyword.groovy:59)
	at com.kms.katalon.core.keyword.builtin.CallTestCaseKeyword$_callTestCase_closure1.call(CallTestCaseKeyword.groovy)
	at com.kms.katalon.core.keyword.internal.KeywordMain.runKeyword(KeywordMain.groovy:66)
	at com.kms.katalon.core.keyword.builtin.CallTestCaseKeyword.callTestCase(CallTestCaseKeyword.groovy:81)
	at com.kms.katalon.core.keyword.builtin.CallTestCaseKeyword.execute(CallTestCaseKeyword.groovy:44)
	at com.kms.katalon.core.keyword.internal.KeywordExecutor.executeKeywordForPlatform(KeywordExecutor.groovy:56)
	at com.kms.katalon.core.keyword.BuiltinKeywords.callTestCase(BuiltinKeywords.groovy:334)
	at Script1561619682896.run(Script1561619682896.groovy:34)
	... 13 more
)
	at com.kms.katalon.core.keyword.internal.KeywordMain.stepFailed(KeywordMain.groovy:37)
	at com.kms.katalon.core.keyword.internal.KeywordMain.stepFailed(KeywordMain.groovy)
	at com.kms.katalon.core.keyword.internal.KeywordMain.runKeyword(KeywordMain.groovy:68)
	at com.kms.katalon.core.keyword.builtin.CallTestCaseKeyword.callTestCase(CallTestCaseKeyword.groovy:81)
	at com.kms.katalon.core.keyword.builtin.CallTestCaseKeyword.execute(CallTestCaseKeyword.groovy:44)
	at com.kms.katalon.core.keyword.internal.KeywordExecutor.executeKeywordForPlatform(KeywordExecutor.groovy:56)
	at com.kms.katalon.core.keyword.BuiltinKeywords.callTestCase(BuiltinKeywords.groovy:334)
	at BOPersonal.run(BOPersonal:34)
	at com.kms.katalon.core.main.ScriptEngine.run(ScriptEngine.java:194)
	at com.kms.katalon.core.main.ScriptEngine.runScriptAsRawText(ScriptEngine.java:119)
	at com.kms.katalon.core.main.TestCaseExecutor.runScript(TestCaseExecutor.java:342)
	at com.kms.katalon.core.main.TestCaseExecutor.doExecute(TestCaseExecutor.java:333)
	at com.kms.katalon.core.main.TestCaseExecutor.processExecutionPhase(TestCaseExecutor.java:312)
	at com.kms.katalon.core.main.TestCaseExecutor.accessMainPhase(TestCaseExecutor.java:304)
	at com.kms.katalon.core.main.TestCaseExecutor.execute(TestCaseExecutor.java:238)
	at com.kms.katalon.core.main.TestSuiteExecutor.accessTestCaseMainPhase(TestSuiteExecutor.java:129)
	at com.kms.katalon.core.main.TestSuiteExecutor.accessTestSuiteMainPhase(TestSuiteExecutor.java:112)
	at com.kms.katalon.core.main.TestSuiteExecutor.execute(TestSuiteExecutor.java:81)
	at com.kms.katalon.core.main.TestCaseMain.startTestSuite(TestCaseMain.java:157)
	at com.kms.katalon.core.main.TestCaseMain$startTestSuite$0.call(Unknown Source)
	at TempTestSuite1569845893515.run(TempTestSuite1569845893515.groovy:35)
Caused by: com.kms.katalon.core.exception.StepFailedException: Call Test Case 'Test Cases/NewArrival/productVerify' failed
	at com.kms.katalon.core.keyword.builtin.CallTestCaseKeyword$_callTestCase_closure1.doCall(CallTestCaseKeyword.groovy:63)
	at com.kms.katalon.core.keyword.builtin.CallTestCaseKeyword$_callTestCase_closure1.call(CallTestCaseKeyword.groovy)
	at com.kms.katalon.core.keyword.internal.KeywordMain.runKeyword(KeywordMain.groovy:66)
	... 18 more
Caused by: com.kms.katalon.core.exception.StepFailedException: Unable to execute JavaScript.
	at com.kms.katalon.core.webui.keyword.internal.WebUIKeywordMain.stepFailed(WebUIKeywordMain.groovy:64)
	at com.kms.katalon.core.webui.keyword.internal.WebUIKeywordMain.runKeyword(WebUIKeywordMain.groovy:26)
	at com.kms.katalon.core.webui.keyword.builtin.ExecuteJavaScriptKeyword.executeJavascript(ExecuteJavascriptKeyword.groovy:42)
	at com.kms.katalon.core.webui.keyword.builtin.ExecuteJavaScriptKeyword.execute(ExecuteJavascriptKeyword.groovy:37)
	at com.kms.katalon.core.keyword.internal.KeywordExecutor.executeKeywordForPlatform(KeywordExecutor.groovy:56)
	at com.kms.katalon.core.webui.keyword.WebUiBuiltInKeywords.executeJavaScript(WebUiBuiltInKeywords.groovy:3787)
	at com.kms.katalon.core.webui.keyword.WebUiBuiltInKeywords$executeJavaScript$4.call(Unknown Source)
	at productVerify.run(productVerify:25)
	at com.kms.katalon.core.main.ScriptEngine.run(ScriptEngine.java:194)
	at com.kms.katalon.core.main.ScriptEngine.runScriptAsRawText(ScriptEngine.java:119)
	at com.kms.katalon.core.main.TestCaseExecutor.runScript(TestCaseExecutor.java:342)
	at com.kms.katalon.core.main.TestCaseExecutor.doExecute(TestCaseExecutor.java:333)
	at com.kms.katalon.core.main.TestCaseExecutor.processExecutionPhase(TestCaseExecutor.java:312)
	at com.kms.katalon.core.main.TestCaseExecutor.accessMainPhase(TestCaseExecutor.java:304)
	at com.kms.katalon.core.main.TestCaseExecutor.execute(TestCaseExecutor.java:238)
	at com.kms.katalon.core.main.TestCaseMain.runTestCase(TestCaseMain.java:114)
	at com.kms.katalon.core.keyword.builtin.CallTestCaseKeyword$_callTestCase_closure1.doCall(CallTestCaseKeyword.groovy:59)
	... 20 more
Caused by: org.openqa.selenium.StaleElementReferenceException: stale element reference: element is not attached to the page document
  (Session info: chrome=77.0.3865.90)
For documentation on this error, please visit: http://seleniumhq.org/exceptions/stale_element_reference.html
Build info: version: '3.7.1', revision: '8a0099a', time: '2017-11-06T21:07:36.161Z'
System info: host: 'NIVEDITA', ip: '10.0.102.244', os.name: 'Windows 8.1', os.arch: 'amd64', os.version: '6.3', java.version: '1.8.0_181'
Driver info: com.kms.katalon.selenium.driver.CChromeDriver
Capabilities {acceptInsecureCerts: false, browserName: chrome, browserVersion: 77.0.3865.90, chrome: {chromedriverVersion: 76.0.3809.68 (420c9498db8ce..., userDataDir: C:\Users\user\AppData\Local...}, goog:chromeOptions: {debuggerAddress: localhost:59772}, javascriptEnabled: true, networkConnectionEnabled: false, pageLoadStrategy: normal, platform: XP, platformName: XP, proxy: Proxy(direct), setWindowRect: true, strictFileInteractability: false, timeouts: {implicit: 0, pageLoad: 300000, script: 30000}, unhandledPromptBehavior: dismiss and notify}
Session ID: 3fff5a1a70d86ea1cda911915c960d06
	at org.openqa.selenium.remote.http.W3CHttpResponseCodec.createException(W3CHttpResponseCodec.java:187)
	at org.openqa.selenium.remote.http.W3CHttpResponseCodec.decode(W3CHttpResponseCodec.java:122)
	at org.openqa.selenium.remote.http.W3CHttpResponseCodec.decode(W3CHttpResponseCodec.java:49)
	at org.openqa.selenium.remote.HttpCommandExecutor.execute(HttpCommandExecutor.java:164)
	at org.openqa.selenium.remote.service.DriverCommandExecutor.execute(DriverCommandExecutor.java:83)
	at org.openqa.selenium.remote.RemoteWebDriver.execute(RemoteWebDriver.java:600)
	at com.kms.katalon.selenium.driver.CChromeDriver.execute(CChromeDriver.java:20)
	at org.openqa.selenium.remote.RemoteWebDriver.executeScript(RemoteWebDriver.java:536)
	at com.kms.katalon.core.webui.keyword.builtin.ExecuteJavaScriptKeyword$_executeJavascript_closure1.doCall(ExecuteJavascriptKeyword.groovy:48)
	at com.kms.katalon.core.webui.keyword.builtin.ExecuteJavaScriptKeyword$_executeJavascript_closure1.call(ExecuteJavascriptKeyword.groovy)
	at com.kms.katalon.core.webui.keyword.internal.WebUIKeywordMain.runKeyword(WebUIKeywordMain.groovy:20)
	at com.kms.katalon.core.webui.keyword.builtin.ExecuteJavaScriptKeyword.executeJavascript(ExecuteJavascriptKeyword.groovy:42)
	at com.kms.katalon.core.webui.keyword.builtin.ExecuteJavaScriptKeyword.execute(ExecuteJavascriptKeyword.groovy:37)
	at com.kms.katalon.core.keyword.internal.KeywordExecutor.executeKeywordForPlatform(KeywordExecutor.groovy:56)
	at com.kms.katalon.core.webui.keyword.WebUiBuiltInKeywords.executeJavaScript(WebUiBuiltInKeywords.groovy:3787)
	at com.kms.katalon.core.webui.keyword.WebUiBuiltInKeywords$executeJavaScript$4.call(Unknown Source)
	at Script1556094475695.run(Script1556094475695.groovy:25)
	at com.kms.katalon.core.main.ScriptEngine.run(ScriptEngine.java:194)
	at com.kms.katalon.core.main.ScriptEngine.runScriptAsRawText(ScriptEngine.java:119)
	at com.kms.katalon.core.main.TestCaseExecutor.runScript(TestCaseExecutor.java:342)
	at com.kms.katalon.core.main.TestCaseExecutor.doExecute(TestCaseExecutor.java:333)
	at com.kms.katalon.core.main.TestCaseExecutor.processExecutionPhase(TestCaseExecutor.java:312)
	at com.kms.katalon.core.main.TestCaseExecutor.accessMainPhase(TestCaseExecutor.java:304)
	at com.kms.katalon.core.main.TestCaseExecutor.execute(TestCaseExecutor.java:238)
	at com.kms.katalon.core.main.TestCaseMain.runTestCase(TestCaseMain.java:114)
	at com.kms.katalon.core.keyword.builtin.CallTestCaseKeyword$_callTestCase_closure1.doCall(CallTestCaseKeyword.groovy:59)
	at com.kms.katalon.core.keyword.builtin.CallTestCaseKeyword$_callTestCase_closure1.call(CallTestCaseKeyword.groovy)
	at com.kms.katalon.core.keyword.internal.KeywordMain.runKeyword(KeywordMain.groovy:66)
	at com.kms.katalon.core.keyword.builtin.CallTestCaseKeyword.callTestCase(CallTestCaseKeyword.groovy:81)
	at com.kms.katalon.core.keyword.builtin.CallTestCaseKeyword.execute(CallTestCaseKeyword.groovy:44)
	at com.kms.katalon.core.keyword.internal.KeywordExecutor.executeKeywordForPlatform(KeywordExecutor.groovy:56)
	at com.kms.katalon.core.keyword.BuiltinKeywords.callTestCase(BuiltinKeywords.groovy:334)
	at Script1561619682896.run(Script1561619682896.groovy:34)
	... 13 more


2019-09-30 17:48:16 - [TEST_STEP][PASSED] - Start listener action : sampleBeforeTestCase: null

2019-09-30 17:48:16 - [TEST_STEP][PASSED] - println(testCaseContext.getTestCaseId()): null

2019-09-30 17:48:16 - [TEST_STEP][PASSED] - println(testCaseContext.getTestCaseVariables()): null

2019-09-30 17:48:17 - [TEST_STEP][PASSED] - openBrowser(""): Browser is opened with url: ''

2019-09-30 17:48:17 - [MESSAGE][INFO] - Starting 'Chrome' driver

2019-09-30 17:48:17 - [MESSAGE][INFO] - User set preference: ['args', '[--use-fake-ui-for-media-stream, --start-maximized]']

2019-09-30 17:48:17 - [MESSAGE][INFO] - Action delay is set to 0 seconds

2019-09-30 17:48:20 - [MESSAGE][PASSED] - Browser is opened with url: ''

2019-09-30 17:48:20 - [TEST_STEP][FAILED] - for ([timeRow = 1, timeRow <= findTestData("timezoneData").getRowNumbers(), (timeRow++)]): for ([timeRow = 1, timeRow <= findTestData("timezoneData").getRowNumbers(), (timeRow++)]) FAILED.
Reason:
com.kms.katalon.core.exception.StepFailedException: Unable to call Test Case 'Test Cases/NewArrival/productVerify' (Root cause: com.kms.katalon.core.exception.StepFailedException: Call Test Case 'Test Cases/NewArrival/productVerify' failed
	at com.kms.katalon.core.keyword.builtin.CallTestCaseKeyword$_callTestCase_closure1.doCall(CallTestCaseKeyword.groovy:63)
	at com.kms.katalon.core.keyword.builtin.CallTestCaseKeyword$_callTestCase_closure1.call(CallTestCaseKeyword.groovy)
	at com.kms.katalon.core.keyword.internal.KeywordMain.runKeyword(KeywordMain.groovy:66)
	at com.kms.katalon.core.keyword.builtin.CallTestCaseKeyword.callTestCase(CallTestCaseKeyword.groovy:81)
	at com.kms.katalon.core.keyword.builtin.CallTestCaseKeyword.execute(CallTestCaseKeyword.groovy:44)
	at com.kms.katalon.core.keyword.internal.KeywordExecutor.executeKeywordForPlatform(KeywordExecutor.groovy:56)
	at com.kms.katalon.core.keyword.BuiltinKeywords.callTestCase(BuiltinKeywords.groovy:334)
	at BOPersonal.run(BOPersonal:34)
	at com.kms.katalon.core.main.ScriptEngine.run(ScriptEngine.java:194)
	at com.kms.katalon.core.main.ScriptEngine.runScriptAsRawText(ScriptEngine.java:119)
	at com.kms.katalon.core.main.TestCaseExecutor.runScript(TestCaseExecutor.java:342)
	at com.kms.katalon.core.main.TestCaseExecutor.doExecute(TestCaseExecutor.java:333)
	at com.kms.katalon.core.main.TestCaseExecutor.processExecutionPhase(TestCaseExecutor.java:312)
	at com.kms.katalon.core.main.TestCaseExecutor.accessMainPhase(TestCaseExecutor.java:304)
	at com.kms.katalon.core.main.TestCaseExecutor.execute(TestCaseExecutor.java:238)
	at com.kms.katalon.core.main.TestSuiteExecutor.accessTestCaseMainPhase(TestSuiteExecutor.java:129)
	at com.kms.katalon.core.main.TestSuiteExecutor.accessTestSuiteMainPhase(TestSuiteExecutor.java:112)
	at com.kms.katalon.core.main.TestSuiteExecutor.execute(TestSuiteExecutor.java:81)
	at com.kms.katalon.core.main.TestCaseMain.startTestSuite(TestCaseMain.java:157)
	at com.kms.katalon.core.main.TestCaseMain$startTestSuite$0.call(Unknown Source)
	at TempTestSuite1569845893515.run(TempTestSuite1569845893515.groovy:35)
Caused by: com.kms.katalon.core.exception.StepFailedException: Unable to execute JavaScript.
	at com.kms.katalon.core.webui.keyword.internal.WebUIKeywordMain.stepFailed(WebUIKeywordMain.groovy:64)
	at com.kms.katalon.core.webui.keyword.internal.WebUIKeywordMain.runKeyword(WebUIKeywordMain.groovy:26)
	at com.kms.katalon.core.webui.keyword.builtin.ExecuteJavaScriptKeyword.executeJavascript(ExecuteJavascriptKeyword.groovy:42)
	at com.kms.katalon.core.webui.keyword.builtin.ExecuteJavaScriptKeyword.execute(ExecuteJavascriptKeyword.groovy:37)
	at com.kms.katalon.core.keyword.internal.KeywordExecutor.executeKeywordForPlatform(KeywordExecutor.groovy:56)
	at com.kms.katalon.core.webui.keyword.WebUiBuiltInKeywords.executeJavaScript(WebUiBuiltInKeywords.groovy:3787)
	at com.kms.katalon.core.webui.keyword.WebUiBuiltInKeywords$executeJavaScript$4.call(Unknown Source)
	at productVerify.run(productVerify:25)
	at com.kms.katalon.core.main.ScriptEngine.run(ScriptEngine.java:194)
	at com.kms.katalon.core.main.ScriptEngine.runScriptAsRawText(ScriptEngine.java:119)
	at com.kms.katalon.core.main.TestCaseExecutor.runScript(TestCaseExecutor.java:342)
	at com.kms.katalon.core.main.TestCaseExecutor.doExecute(TestCaseExecutor.java:333)
	at com.kms.katalon.core.main.TestCaseExecutor.processExecutionPhase(TestCaseExecutor.java:312)
	at com.kms.katalon.core.main.TestCaseExecutor.accessMainPhase(TestCaseExecutor.java:304)
	at com.kms.katalon.core.main.TestCaseExecutor.execute(TestCaseExecutor.java:238)
	at com.kms.katalon.core.main.TestCaseMain.runTestCase(TestCaseMain.java:114)
	at com.kms.katalon.core.keyword.builtin.CallTestCaseKeyword$_callTestCase_closure1.doCall(CallTestCaseKeyword.groovy:59)
	... 20 more
Caused by: org.openqa.selenium.StaleElementReferenceException: stale element reference: element is not attached to the page document
  (Session info: chrome=77.0.3865.90)
For documentation on this error, please visit: http://seleniumhq.org/exceptions/stale_element_reference.html
Build info: version: '3.7.1', revision: '8a0099a', time: '2017-11-06T21:07:36.161Z'
System info: host: 'NIVEDITA', ip: '10.0.102.244', os.name: 'Windows 8.1', os.arch: 'amd64', os.version: '6.3', java.version: '1.8.0_181'
Driver info: com.kms.katalon.selenium.driver.CChromeDriver
Capabilities {acceptInsecureCerts: false, browserName: chrome, browserVersion: 77.0.3865.90, chrome: {chromedriverVersion: 76.0.3809.68 (420c9498db8ce..., userDataDir: C:\Users\user\AppData\Local...}, goog:chromeOptions: {debuggerAddress: localhost:59772}, javascriptEnabled: true, networkConnectionEnabled: false, pageLoadStrategy: normal, platform: XP, platformName: XP, proxy: Proxy(direct), setWindowRect: true, strictFileInteractability: false, timeouts: {implicit: 0, pageLoad: 300000, script: 30000}, unhandledPromptBehavior: dismiss and notify}
Session ID: 3fff5a1a70d86ea1cda911915c960d06
	at org.openqa.selenium.remote.http.W3CHttpResponseCodec.createException(W3CHttpResponseCodec.java:187)
	at org.openqa.selenium.remote.http.W3CHttpResponseCodec.decode(W3CHttpResponseCodec.java:122)
	at org.openqa.selenium.remote.http.W3CHttpResponseCodec.decode(W3CHttpResponseCodec.java:49)
	at org.openqa.selenium.remote.HttpCommandExecutor.execute(HttpCommandExecutor.java:164)
	at org.openqa.selenium.remote.service.DriverCommandExecutor.execute(DriverCommandExecutor.java:83)
	at org.openqa.selenium.remote.RemoteWebDriver.execute(RemoteWebDriver.java:600)
	at com.kms.katalon.selenium.driver.CChromeDriver.execute(CChromeDriver.java:20)
	at org.openqa.selenium.remote.RemoteWebDriver.executeScript(RemoteWebDriver.java:536)
	at com.kms.katalon.core.webui.keyword.builtin.ExecuteJavaScriptKeyword$_executeJavascript_closure1.doCall(ExecuteJavascriptKeyword.groovy:48)
	at com.kms.katalon.core.webui.keyword.builtin.ExecuteJavaScriptKeyword$_executeJavascript_closure1.call(ExecuteJavascriptKeyword.groovy)
	at com.kms.katalon.core.webui.keyword.internal.WebUIKeywordMain.runKeyword(WebUIKeywordMain.groovy:20)
	at com.kms.katalon.core.webui.keyword.builtin.ExecuteJavaScriptKeyword.executeJavascript(ExecuteJavascriptKeyword.groovy:42)
	at com.kms.katalon.core.webui.keyword.builtin.ExecuteJavaScriptKeyword.execute(ExecuteJavascriptKeyword.groovy:37)
	at com.kms.katalon.core.keyword.internal.KeywordExecutor.executeKeywordForPlatform(KeywordExecutor.groovy:56)
	at com.kms.katalon.core.webui.keyword.WebUiBuiltInKeywords.executeJavaScript(WebUiBuiltInKeywords.groovy:3787)
	at com.kms.katalon.core.webui.keyword.WebUiBuiltInKeywords$executeJavaScript$4.call(Unknown Source)
	at Script1556094475695.run(Script1556094475695.groovy:25)
	at com.kms.katalon.core.main.ScriptEngine.run(ScriptEngine.java:194)
	at com.kms.katalon.core.main.ScriptEngine.runScriptAsRawText(ScriptEngine.java:119)
	at com.kms.katalon.core.main.TestCaseExecutor.runScript(TestCaseExecutor.java:342)
	at com.kms.katalon.core.main.TestCaseExecutor.doExecute(TestCaseExecutor.java:333)
	at com.kms.katalon.core.main.TestCaseExecutor.processExecutionPhase(TestCaseExecutor.java:312)
	at com.kms.katalon.core.main.TestCaseExecutor.accessMainPhase(TestCaseExecutor.java:304)
	at com.kms.katalon.core.main.TestCaseExecutor.execute(TestCaseExecutor.java:238)
	at com.kms.katalon.core.main.TestCaseMain.runTestCase(TestCaseMain.java:114)
	at com.kms.katalon.core.keyword.builtin.CallTestCaseKeyword$_callTestCase_closure1.doCall(CallTestCaseKeyword.groovy:59)
	at com.kms.katalon.core.keyword.builtin.CallTestCaseKeyword$_callTestCase_closure1.call(CallTestCaseKeyword.groovy)
	at com.kms.katalon.core.keyword.internal.KeywordMain.runKeyword(KeywordMain.groovy:66)
	at com.kms.katalon.core.keyword.builtin.CallTestCaseKeyword.callTestCase(CallTestCaseKeyword.groovy:81)
	at com.kms.katalon.core.keyword.builtin.CallTestCaseKeyword.execute(CallTestCaseKeyword.groovy:44)
	at com.kms.katalon.core.keyword.internal.KeywordExecutor.executeKeywordForPlatform(KeywordExecutor.groovy:56)
	at com.kms.katalon.core.keyword.BuiltinKeywords.callTestCase(BuiltinKeywords.groovy:334)
	at Script1561619682896.run(Script1561619682896.groovy:34)
	... 13 more
)
	at com.kms.katalon.core.keyword.internal.KeywordMain.stepFailed(KeywordMain.groovy:37)
	at com.kms.katalon.core.keyword.internal.KeywordMain.stepFailed(KeywordMain.groovy)
	at com.kms.katalon.core.keyword.internal.KeywordMain.runKeyword(KeywordMain.groovy:68)
	at com.kms.katalon.core.keyword.builtin.CallTestCaseKeyword.callTestCase(CallTestCaseKeyword.groovy:81)
	at com.kms.katalon.core.keyword.builtin.CallTestCaseKeyword.execute(CallTestCaseKeyword.groovy:44)
	at com.kms.katalon.core.keyword.internal.KeywordExecutor.executeKeywordForPlatform(KeywordExecutor.groovy:56)
	at com.kms.katalon.core.keyword.BuiltinKeywords.callTestCase(BuiltinKeywords.groovy:334)
	at BOPersonal.run(BOPersonal:34)
	at com.kms.katalon.core.main.ScriptEngine.run(ScriptEngine.java:194)
	at com.kms.katalon.core.main.ScriptEngine.runScriptAsRawText(ScriptEngine.java:119)
	at com.kms.katalon.core.main.TestCaseExecutor.runScript(TestCaseExecutor.java:342)
	at com.kms.katalon.core.main.TestCaseExecutor.doExecute(TestCaseExecutor.java:333)
	at com.kms.katalon.core.main.TestCaseExecutor.processExecutionPhase(TestCaseExecutor.java:312)
	at com.kms.katalon.core.main.TestCaseExecutor.accessMainPhase(TestCaseExecutor.java:304)
	at com.kms.katalon.core.main.TestCaseExecutor.execute(TestCaseExecutor.java:238)
	at com.kms.katalon.core.main.TestSuiteExecutor.accessTestCaseMainPhase(TestSuiteExecutor.java:129)
	at com.kms.katalon.core.main.TestSuiteExecutor.accessTestSuiteMainPhase(TestSuiteExecutor.java:112)
	at com.kms.katalon.core.main.TestSuiteExecutor.execute(TestSuiteExecutor.java:81)
	at com.kms.katalon.core.main.TestCaseMain.startTestSuite(TestCaseMain.java:157)
	at com.kms.katalon.core.main.TestCaseMain$startTestSuite$0.call(Unknown Source)
	at TempTestSuite1569845893515.run(TempTestSuite1569845893515.groovy:35)
Caused by: com.kms.katalon.core.exception.StepFailedException: Call Test Case 'Test Cases/NewArrival/productVerify' failed
	at com.kms.katalon.core.keyword.builtin.CallTestCaseKeyword$_callTestCase_closure1.doCall(CallTestCaseKeyword.groovy:63)
	at com.kms.katalon.core.keyword.builtin.CallTestCaseKeyword$_callTestCase_closure1.call(CallTestCaseKeyword.groovy)
	at com.kms.katalon.core.keyword.internal.KeywordMain.runKeyword(KeywordMain.groovy:66)
	... 18 more
Caused by: com.kms.katalon.core.exception.StepFailedException: Unable to execute JavaScript.
	at com.kms.katalon.core.webui.keyword.internal.WebUIKeywordMain.stepFailed(WebUIKeywordMain.groovy:64)
	at com.kms.katalon.core.webui.keyword.internal.WebUIKeywordMain.runKeyword(WebUIKeywordMain.groovy:26)
	at com.kms.katalon.core.webui.keyword.builtin.ExecuteJavaScriptKeyword.executeJavascript(ExecuteJavascriptKeyword.groovy:42)
	at com.kms.katalon.core.webui.keyword.builtin.ExecuteJavaScriptKeyword.execute(ExecuteJavascriptKeyword.groovy:37)
	at com.kms.katalon.core.keyword.internal.KeywordExecutor.executeKeywordForPlatform(KeywordExecutor.groovy:56)
	at com.kms.katalon.core.webui.keyword.WebUiBuiltInKeywords.executeJavaScript(WebUiBuiltInKeywords.groovy:3787)
	at com.kms.katalon.core.webui.keyword.WebUiBuiltInKeywords$executeJavaScript$4.call(Unknown Source)
	at productVerify.run(productVerify:25)
	at com.kms.katalon.core.main.ScriptEngine.run(ScriptEngine.java:194)
	at com.kms.katalon.core.main.ScriptEngine.runScriptAsRawText(ScriptEngine.java:119)
	at com.kms.katalon.core.main.TestCaseExecutor.runScript(TestCaseExecutor.java:342)
	at com.kms.katalon.core.main.TestCaseExecutor.doExecute(TestCaseExecutor.java:333)
	at com.kms.katalon.core.main.TestCaseExecutor.processExecutionPhase(TestCaseExecutor.java:312)
	at com.kms.katalon.core.main.TestCaseExecutor.accessMainPhase(TestCaseExecutor.java:304)
	at com.kms.katalon.core.main.TestCaseExecutor.execute(TestCaseExecutor.java:238)
	at com.kms.katalon.core.main.TestCaseMain.runTestCase(TestCaseMain.java:114)
	at com.kms.katalon.core.keyword.builtin.CallTestCaseKeyword$_callTestCase_closure1.doCall(CallTestCaseKeyword.groovy:59)
	... 20 more
Caused by: org.openqa.selenium.StaleElementReferenceException: stale element reference: element is not attached to the page document
  (Session info: chrome=77.0.3865.90)
For documentation on this error, please visit: http://seleniumhq.org/exceptions/stale_element_reference.html
Build info: version: '3.7.1', revision: '8a0099a', time: '2017-11-06T21:07:36.161Z'
System info: host: 'NIVEDITA', ip: '10.0.102.244', os.name: 'Windows 8.1', os.arch: 'amd64', os.version: '6.3', java.version: '1.8.0_181'
Driver info: com.kms.katalon.selenium.driver.CChromeDriver
Capabilities {acceptInsecureCerts: false, browserName: chrome, browserVersion: 77.0.3865.90, chrome: {chromedriverVersion: 76.0.3809.68 (420c9498db8ce..., userDataDir: C:\Users\user\AppData\Local...}, goog:chromeOptions: {debuggerAddress: localhost:59772}, javascriptEnabled: true, networkConnectionEnabled: false, pageLoadStrategy: normal, platform: XP, platformName: XP, proxy: Proxy(direct), setWindowRect: true, strictFileInteractability: false, timeouts: {implicit: 0, pageLoad: 300000, script: 30000}, unhandledPromptBehavior: dismiss and notify}
Session ID: 3fff5a1a70d86ea1cda911915c960d06
	at org.openqa.selenium.remote.http.W3CHttpResponseCodec.createException(W3CHttpResponseCodec.java:187)
	at org.openqa.selenium.remote.http.W3CHttpResponseCodec.decode(W3CHttpResponseCodec.java:122)
	at org.openqa.selenium.remote.http.W3CHttpResponseCodec.decode(W3CHttpResponseCodec.java:49)
	at org.openqa.selenium.remote.HttpCommandExecutor.execute(HttpCommandExecutor.java:164)
	at org.openqa.selenium.remote.service.DriverCommandExecutor.execute(DriverCommandExecutor.java:83)
	at org.openqa.selenium.remote.RemoteWebDriver.execute(RemoteWebDriver.java:600)
	at com.kms.katalon.selenium.driver.CChromeDriver.execute(CChromeDriver.java:20)
	at org.openqa.selenium.remote.RemoteWebDriver.executeScript(RemoteWebDriver.java:536)
	at com.kms.katalon.core.webui.keyword.builtin.ExecuteJavaScriptKeyword$_executeJavascript_closure1.doCall(ExecuteJavascriptKeyword.groovy:48)
	at com.kms.katalon.core.webui.keyword.builtin.ExecuteJavaScriptKeyword$_executeJavascript_closure1.call(ExecuteJavascriptKeyword.groovy)
	at com.kms.katalon.core.webui.keyword.internal.WebUIKeywordMain.runKeyword(WebUIKeywordMain.groovy:20)
	at com.kms.katalon.core.webui.keyword.builtin.ExecuteJavaScriptKeyword.executeJavascript(ExecuteJavascriptKeyword.groovy:42)
	at com.kms.katalon.core.webui.keyword.builtin.ExecuteJavaScriptKeyword.execute(ExecuteJavascriptKeyword.groovy:37)
	at com.kms.katalon.core.keyword.internal.KeywordExecutor.executeKeywordForPlatform(KeywordExecutor.groovy:56)
	at com.kms.katalon.core.webui.keyword.WebUiBuiltInKeywords.executeJavaScript(WebUiBuiltInKeywords.groovy:3787)
	at com.kms.katalon.core.webui.keyword.WebUiBuiltInKeywords$executeJavaScript$4.call(Unknown Source)
	at Script1556094475695.run(Script1556094475695.groovy:25)
	at com.kms.katalon.core.main.ScriptEngine.run(ScriptEngine.java:194)
	at com.kms.katalon.core.main.ScriptEngine.runScriptAsRawText(ScriptEngine.java:119)
	at com.kms.katalon.core.main.TestCaseExecutor.runScript(TestCaseExecutor.java:342)
	at com.kms.katalon.core.main.TestCaseExecutor.doExecute(TestCaseExecutor.java:333)
	at com.kms.katalon.core.main.TestCaseExecutor.processExecutionPhase(TestCaseExecutor.java:312)
	at com.kms.katalon.core.main.TestCaseExecutor.accessMainPhase(TestCaseExecutor.java:304)
	at com.kms.katalon.core.main.TestCaseExecutor.execute(TestCaseExecutor.java:238)
	at com.kms.katalon.core.main.TestCaseMain.runTestCase(TestCaseMain.java:114)
	at com.kms.katalon.core.keyword.builtin.CallTestCaseKeyword$_callTestCase_closure1.doCall(CallTestCaseKeyword.groovy:59)
	at com.kms.katalon.core.keyword.builtin.CallTestCaseKeyword$_callTestCase_closure1.call(CallTestCaseKeyword.groovy)
	at com.kms.katalon.core.keyword.internal.KeywordMain.runKeyword(KeywordMain.groovy:66)
	at com.kms.katalon.core.keyword.builtin.CallTestCaseKeyword.callTestCase(CallTestCaseKeyword.groovy:81)
	at com.kms.katalon.core.keyword.builtin.CallTestCaseKeyword.execute(CallTestCaseKeyword.groovy:44)
	at com.kms.katalon.core.keyword.internal.KeywordExecutor.executeKeywordForPlatform(KeywordExecutor.groovy:56)
	at com.kms.katalon.core.keyword.BuiltinKeywords.callTestCase(BuiltinKeywords.groovy:334)
	at Script1561619682896.run(Script1561619682896.groovy:34)
	... 13 more


2019-09-30 17:48:21 - [TEST_STEP][PASSED] - callTestCase(findTestCase("NewArrival/populateTimeGlobalVars"), ["row":timeRow], CONTINUE_ON_FAILURE): Call Test Case 'Test Cases/NewArrival/populateTimeGlobalVars' successfully

2019-09-30 17:48:21 - [TEST_CASE][PASSED] - Test Cases/NewArrival/populateTimeGlobalVars: Test Cases/NewArrival/populateTimeGlobalVars

2019-09-30 17:48:22 - [TEST_STEP][PASSED] - dataFile = "timezoneData": null

2019-09-30 17:48:22 - [TEST_STEP][PASSED] - clockServerTarget = UtilityMethods.getTestData("envtData", "clockServerTarget", 1): null

2019-09-30 17:48:22 - [TEST_STEP][PASSED] - println(clockServerTarget): null

2019-09-30 17:48:22 - [TEST_STEP][PASSED] - orderType = UtilityMethods.getTestData(dataFile, "orderType", row): null

2019-09-30 17:48:22 - [TEST_STEP][PASSED] - timeZone = UtilityMethods.getTestData(dataFile, "timeZone", row): null

2019-09-30 17:48:22 - [TEST_STEP][PASSED] - BOPersonal = UtilityMethods.getTestData(dataFile, "BOPersonal", row): null

2019-09-30 17:48:22 - [TEST_STEP][PASSED] - BOAddonPersonal = UtilityMethods.getTestData(dataFile, "BOAddonPersonal", row): null

2019-09-30 17:48:23 - [TEST_STEP][PASSED] - BOAddonRetail = UtilityMethods.getTestData(dataFile, "BOAddonRetail", row): null

2019-09-30 17:48:23 - [TEST_STEP][PASSED] - BORetail = UtilityMethods.getTestData(dataFile, "BORetail", row): null

2019-09-30 17:48:23 - [TEST_STEP][PASSED] - BOShow = UtilityMethods.getTestData(dataFile, "BOShow", row): null

2019-09-30 17:48:23 - [TEST_STEP][PASSED] - BOOnlineoutlet = UtilityMethods.getTestData(dataFile, "BOOnlineoutlet", row): null

2019-09-30 17:48:23 - [TEST_STEP][PASSED] - BOEmployee = UtilityMethods.getTestData(dataFile, "BOEmployee", row): null

2019-09-30 17:48:23 - [TEST_STEP][PASSED] - CCPersonal = UtilityMethods.getTestData(dataFile, "CCPersonal", row): null

2019-09-30 17:48:23 - [TEST_STEP][PASSED] - CCRetail = UtilityMethods.getTestData(dataFile, "CCRetail", row): null

2019-09-30 17:48:23 - [TEST_STEP][PASSED] - CCShow = UtilityMethods.getTestData(dataFile, "CCShow", row): null

2019-09-30 17:48:23 - [TEST_STEP][PASSED] - BOEblast = UtilityMethods.getTestData(dataFile, "BOEblast", row): null

2019-09-30 17:48:23 - [TEST_STEP][PASSED] - println(row): null

2019-09-30 17:48:23 - [TEST_STEP][PASSED] - println(BOPersonal): null

2019-09-30 17:48:23 - [MESSAGE][PASSED] - Call Test Case 'Test Cases/NewArrival/populateTimeGlobalVars' successfully

2019-09-30 17:48:23 - [TEST_STEP][PASSED] - callTestCase(findTestCase("NewArrival/setTimezone"), ["ofbizURL":"", "ofbizuser":"", "ofbizpass":"", "orderType":orderType, "timeZone":timeZone, "serverTarget":serverTarget, "clockServerTarget":clockServerTarget], CONTINUE_ON_FAILURE): Call Test Case 'Test Cases/NewArrival/setTimezone' successfully

2019-09-30 17:48:23 - [TEST_CASE][PASSED] - Test Cases/NewArrival/setTimezone: Test Cases/NewArrival/setTimezone

2019-09-30 17:48:23 - [TEST_STEP][PASSED] - openBrowser(""): Browser is opened with url: ''

2019-09-30 17:48:23 - [MESSAGE][WARNING] - A browser is already opened. Closing browser and opening a new one

2019-09-30 17:48:24 - [MESSAGE][INFO] - Starting 'Chrome' driver

2019-09-30 17:48:24 - [MESSAGE][INFO] - User set preference: ['args', '[--use-fake-ui-for-media-stream, --start-maximized]']

2019-09-30 17:48:26 - [MESSAGE][PASSED] - Browser is opened with url: ''

2019-09-30 17:48:26 - [TEST_STEP][NOT_RUN] - maximizeWindow(): NOT_RUN: maximizeWindow()

2019-09-30 17:48:26 - [MESSAGE][NOT_RUN] - NOT_RUN: maximizeWindow()

2019-09-30 17:48:26 - [TEST_STEP][PASSED] - ofbizURL = findTestData("envtData").getValue("ofbizURL", 1): null

2019-09-30 17:48:26 - [TEST_STEP][PASSED] - ofbizuser = findTestData("credData").getValue("ofbizuser", 1): null

2019-09-30 17:48:26 - [TEST_STEP][PASSED] - ofbizpass = findTestData("credData").getValue("ofbizpass", 1): null

2019-09-30 17:48:26 - [TEST_STEP][PASSED] - navigateToUrl(ofbizURL): Navigate to 'https://pushofbiz.cliotest.com/login.php' successfully

2019-09-30 17:48:28 - [MESSAGE][PASSED] - Navigate to 'https://pushofbiz.cliotest.com/login.php' successfully

2019-09-30 17:48:28 - [TEST_STEP][PASSED] - setText(findTestObject("Page_/input_Username_username"), ofbizuser): Text 'automation' is set on object 'Object Repository/Page_/input_Username_username'

2019-09-30 17:48:28 - [MESSAGE][PASSED] - Text 'automation' is set on object 'Object Repository/Page_/input_Username_username'

2019-09-30 17:48:28 - [TEST_STEP][PASSED] - setText(findTestObject("Page_/input_Password_password"), ofbizpass): Text 'cabiautomation' is set on object 'Object Repository/Page_/input_Password_password'

2019-09-30 17:48:29 - [MESSAGE][PASSED] - Text 'cabiautomation' is set on object 'Object Repository/Page_/input_Password_password'

2019-09-30 17:48:29 - [TEST_STEP][PASSED] - click(findTestObject("Page_/input_Password_Submit")): Object: 'Object Repository/Page_/input_Password_Submit' is clicked on

2019-09-30 17:48:32 - [MESSAGE][PASSED] - Object: 'Object Repository/Page_/input_Password_Submit' is clicked on

2019-09-30 17:48:32 - [TEST_STEP][PASSED] - click(findTestObject("Object Repository/Page_/a_Clock set")): Object: 'Object Repository/Page_/a_Clock set' is clicked on

2019-09-30 17:48:33 - [MESSAGE][PASSED] - Object: 'Object Repository/Page_/a_Clock set' is clicked on

2019-09-30 17:48:33 - [TEST_STEP][PASSED] - cst = UtilityMethods.createTestObject("select_target", "//select[@name='Target']/option[contains(text(), '", clockServerTarget, "')]"): null

2019-09-30 17:48:33 - [TEST_STEP][PASSED] - println(clockServerTarget): null

2019-09-30 17:48:33 - [TEST_STEP][PASSED] - click(cst): Object: 'select_target' is clicked on

2019-09-30 17:48:33 - [MESSAGE][PASSED] - Object: 'select_target' is clicked on

2019-09-30 17:48:33 - [TEST_STEP][PASSED] - click(findTestObject("Page_/thisDateAndTime")): Object: 'Object Repository/Page_/thisDateAndTime' is clicked on

2019-09-30 17:48:33 - [MESSAGE][PASSED] - Object: 'Object Repository/Page_/thisDateAndTime' is clicked on

2019-09-30 17:48:33 - [TEST_STEP][PASSED] - setText(findTestObject("Object Repository/Page_/setTargetTime"), timeZone): Text ' 10/16/2019 7:00' is set on object 'Object Repository/Page_/setTargetTime'

2019-09-30 17:48:33 - [MESSAGE][PASSED] - Text ' 10/16/2019 7:00' is set on object 'Object Repository/Page_/setTargetTime'

2019-09-30 17:48:33 - [TEST_STEP][PASSED] - click(findTestObject("Object Repository/Page_/input")): Object: 'Object Repository/Page_/input' is clicked on

2019-09-30 17:48:34 - [MESSAGE][PASSED] - Object: 'Object Repository/Page_/input' is clicked on

2019-09-30 17:48:34 - [TEST_STEP][PASSED] - delay(10): Delayed 10 second(s)

2019-09-30 17:48:44 - [MESSAGE][PASSED] - Delayed 10 second(s)

2019-09-30 17:48:44 - [TEST_STEP][NOT_RUN] - closeBrowser(): NOT_RUN: closeBrowser()

2019-09-30 17:48:44 - [MESSAGE][NOT_RUN] - NOT_RUN: closeBrowser()

2019-09-30 17:48:44 - [MESSAGE][PASSED] - Call Test Case 'Test Cases/NewArrival/setTimezone' successfully

2019-09-30 17:48:44 - [TEST_STEP][PASSED] - callTestCase(findTestCase("TestCaseUtilities/backOfficeLogin"), ["BOURL":"", "BOuser":"", "BOpass":""], CONTINUE_ON_FAILURE): Call Test Case 'Test Cases/TestCaseUtilities/backOfficeLogin' successfully

2019-09-30 17:48:44 - [TEST_CASE][PASSED] - Test Cases/TestCaseUtilities/backOfficeLogin: Test Cases/TestCaseUtilities/backOfficeLogin

2019-09-30 17:48:44 - [TEST_STEP][PASSED] - BOURL = findTestData("envtData").getValue("BOURL", 1): null

2019-09-30 17:48:44 - [TEST_STEP][PASSED] - BOuser = findTestData("credData").getValue("BOuser", 1): null

2019-09-30 17:48:44 - [TEST_STEP][PASSED] - BOpass = findTestData("credData").getValue("BOpass", 1): null

2019-09-30 17:48:44 - [TEST_STEP][PASSED] - openBrowser(""): Browser is opened with url: ''

2019-09-30 17:48:44 - [MESSAGE][WARNING] - A browser is already opened. Closing browser and opening a new one

2019-09-30 17:48:45 - [MESSAGE][INFO] - Starting 'Chrome' driver

2019-09-30 17:48:45 - [MESSAGE][INFO] - User set preference: ['args', '[--use-fake-ui-for-media-stream, --start-maximized]']

2019-09-30 17:48:47 - [MESSAGE][PASSED] - Browser is opened with url: ''

2019-09-30 17:48:47 - [TEST_STEP][PASSED] - navigateToUrl(BOURL): Navigate to 'https://test4.cliotest.com/backoffice/control/main' successfully

2019-09-30 17:48:53 - [MESSAGE][PASSED] - Navigate to 'https://test4.cliotest.com/backoffice/control/main' successfully

2019-09-30 17:48:53 - [TEST_STEP][PASSED] - logOut = findWebElements(findTestObject("Object Repository/Page_cabi Home/log_out"), 1): Unable to find the element located by 'By.xpath: //a[contains(text(),'Log Out')]'. Please recheck the objects properties to make sure the desired element is located. 

2019-09-30 17:48:54 - [MESSAGE][INFO] - Unable to find the element located by 'By.xpath: //a[contains(text(),'Log Out')]'. Please recheck the objects properties to make sure the desired element is located. 

2019-09-30 17:48:54 - [TEST_STEP][PASSED] - if (logOut.size() == 0): Object: 'Object Repository/Page_cabi/input_Welcome to_consultantLogin' is clicked on

2019-09-30 17:48:54 - [TEST_STEP][PASSED] - setText(findTestObject("Page_cabi/input_Welcome to_USERNAME"), BOuser): Text '400000002' is set on object 'Object Repository/Page_cabi/input_Welcome to_USERNAME'

2019-09-30 17:48:55 - [MESSAGE][PASSED] - Text '400000002' is set on object 'Object Repository/Page_cabi/input_Welcome to_USERNAME'

2019-09-30 17:48:55 - [TEST_STEP][PASSED] - setText(findTestObject("Object Repository/Page_cabi/input_Welcome to_PASSWORD"), BOpass): Text 'blackdress19' is set on object 'Object Repository/Page_cabi/input_Welcome to_PASSWORD'

2019-09-30 17:48:55 - [MESSAGE][PASSED] - Text 'blackdress19' is set on object 'Object Repository/Page_cabi/input_Welcome to_PASSWORD'

2019-09-30 17:48:55 - [TEST_STEP][PASSED] - click(findTestObject("Object Repository/Page_cabi/input_Welcome to_consultantLogin")): Object: 'Object Repository/Page_cabi/input_Welcome to_consultantLogin' is clicked on

2019-09-30 17:49:03 - [MESSAGE][PASSED] - Object: 'Object Repository/Page_cabi/input_Welcome to_consultantLogin' is clicked on

2019-09-30 17:49:03 - [TEST_STEP][PASSED] - delay(3): Delayed 3 second(s)

2019-09-30 17:49:06 - [MESSAGE][PASSED] - Delayed 3 second(s)

2019-09-30 17:49:06 - [MESSAGE][PASSED] - Call Test Case 'Test Cases/TestCaseUtilities/backOfficeLogin' successfully

2019-09-30 17:49:06 - [TEST_STEP][PASSED] - click(findTestObject("Object Repository/Page_cabi Home/a_Shows  Orders")): Object: 'Object Repository/Page_cabi Home/a_Shows  Orders' is clicked on

2019-09-30 17:49:06 - [MESSAGE][PASSED] - Object: 'Object Repository/Page_cabi Home/a_Shows  Orders' is clicked on

2019-09-30 17:49:06 - [TEST_STEP][PASSED] - click(findTestObject("Page_cabi Home/a_personal_purchases")): Object: 'Object Repository/Page_cabi Home/a_personal_purchases' is clicked on

2019-09-30 17:49:09 - [MESSAGE][PASSED] - Object: 'Object Repository/Page_cabi Home/a_personal_purchases' is clicked on

2019-09-30 17:49:09 - [TEST_STEP][PASSED] - click(findTestObject("Object Repository/Page_cabi Personal Store/span_Continue to Order")): Object: 'Object Repository/Page_cabi Personal Store/span_Continue to Order' is clicked on

2019-09-30 17:49:09 - [MESSAGE][PASSED] - Object: 'Object Repository/Page_cabi Personal Store/span_Continue to Order' is clicked on

2019-09-30 17:49:09 - [TEST_STEP][PASSED] - println(BOPersonal): null

2019-09-30 17:49:09 - [TEST_STEP][FAILED] - callTestCase(findTestCase("NewArrival/productVerify"), ["available":BOPersonal, "storeType":"BOPersonal"], CONTINUE_ON_FAILURE): Unable to call Test Case 'Test Cases/NewArrival/productVerify' (Root cause: com.kms.katalon.core.exception.StepFailedException: Call Test Case 'Test Cases/NewArrival/productVerify' failed
	at com.kms.katalon.core.keyword.builtin.CallTestCaseKeyword$_callTestCase_closure1.doCall(CallTestCaseKeyword.groovy:63)
	at com.kms.katalon.core.keyword.builtin.CallTestCaseKeyword$_callTestCase_closure1.call(CallTestCaseKeyword.groovy)
	at com.kms.katalon.core.keyword.internal.KeywordMain.runKeyword(KeywordMain.groovy:66)
	at com.kms.katalon.core.keyword.builtin.CallTestCaseKeyword.callTestCase(CallTestCaseKeyword.groovy:81)
	at com.kms.katalon.core.keyword.builtin.CallTestCaseKeyword.execute(CallTestCaseKeyword.groovy:44)
	at com.kms.katalon.core.keyword.internal.KeywordExecutor.executeKeywordForPlatform(KeywordExecutor.groovy:56)
	at com.kms.katalon.core.keyword.BuiltinKeywords.callTestCase(BuiltinKeywords.groovy:334)
	at BOPersonal.run(BOPersonal:34)
	at com.kms.katalon.core.main.ScriptEngine.run(ScriptEngine.java:194)
	at com.kms.katalon.core.main.ScriptEngine.runScriptAsRawText(ScriptEngine.java:119)
	at com.kms.katalon.core.main.TestCaseExecutor.runScript(TestCaseExecutor.java:342)
	at com.kms.katalon.core.main.TestCaseExecutor.doExecute(TestCaseExecutor.java:333)
	at com.kms.katalon.core.main.TestCaseExecutor.processExecutionPhase(TestCaseExecutor.java:312)
	at com.kms.katalon.core.main.TestCaseExecutor.accessMainPhase(TestCaseExecutor.java:304)
	at com.kms.katalon.core.main.TestCaseExecutor.execute(TestCaseExecutor.java:238)
	at com.kms.katalon.core.main.TestSuiteExecutor.accessTestCaseMainPhase(TestSuiteExecutor.java:129)
	at com.kms.katalon.core.main.TestSuiteExecutor.accessTestSuiteMainPhase(TestSuiteExecutor.java:112)
	at com.kms.katalon.core.main.TestSuiteExecutor.execute(TestSuiteExecutor.java:81)
	at com.kms.katalon.core.main.TestCaseMain.startTestSuite(TestCaseMain.java:157)
	at com.kms.katalon.core.main.TestCaseMain$startTestSuite$0.call(Unknown Source)
	at TempTestSuite1569845893515.run(TempTestSuite1569845893515.groovy:35)
Caused by: com.kms.katalon.core.exception.StepFailedException: Unable to execute JavaScript.
	at com.kms.katalon.core.webui.keyword.internal.WebUIKeywordMain.stepFailed(WebUIKeywordMain.groovy:64)
	at com.kms.katalon.core.webui.keyword.internal.WebUIKeywordMain.runKeyword(WebUIKeywordMain.groovy:26)
	at com.kms.katalon.core.webui.keyword.builtin.ExecuteJavaScriptKeyword.executeJavascript(ExecuteJavascriptKeyword.groovy:42)
	at com.kms.katalon.core.webui.keyword.builtin.ExecuteJavaScriptKeyword.execute(ExecuteJavascriptKeyword.groovy:37)
	at com.kms.katalon.core.keyword.internal.KeywordExecutor.executeKeywordForPlatform(KeywordExecutor.groovy:56)
	at com.kms.katalon.core.webui.keyword.WebUiBuiltInKeywords.executeJavaScript(WebUiBuiltInKeywords.groovy:3787)
	at com.kms.katalon.core.webui.keyword.WebUiBuiltInKeywords$executeJavaScript$4.call(Unknown Source)
	at productVerify.run(productVerify:25)
	at com.kms.katalon.core.main.ScriptEngine.run(ScriptEngine.java:194)
	at com.kms.katalon.core.main.ScriptEngine.runScriptAsRawText(ScriptEngine.java:119)
	at com.kms.katalon.core.main.TestCaseExecutor.runScript(TestCaseExecutor.java:342)
	at com.kms.katalon.core.main.TestCaseExecutor.doExecute(TestCaseExecutor.java:333)
	at com.kms.katalon.core.main.TestCaseExecutor.processExecutionPhase(TestCaseExecutor.java:312)
	at com.kms.katalon.core.main.TestCaseExecutor.accessMainPhase(TestCaseExecutor.java:304)
	at com.kms.katalon.core.main.TestCaseExecutor.execute(TestCaseExecutor.java:238)
	at com.kms.katalon.core.main.TestCaseMain.runTestCase(TestCaseMain.java:114)
	at com.kms.katalon.core.keyword.builtin.CallTestCaseKeyword$_callTestCase_closure1.doCall(CallTestCaseKeyword.groovy:59)
	... 20 more
Caused by: org.openqa.selenium.StaleElementReferenceException: stale element reference: element is not attached to the page document
  (Session info: chrome=77.0.3865.90)
For documentation on this error, please visit: http://seleniumhq.org/exceptions/stale_element_reference.html
Build info: version: '3.7.1', revision: '8a0099a', time: '2017-11-06T21:07:36.161Z'
System info: host: 'NIVEDITA', ip: '10.0.102.244', os.name: 'Windows 8.1', os.arch: 'amd64', os.version: '6.3', java.version: '1.8.0_181'
Driver info: com.kms.katalon.selenium.driver.CChromeDriver
Capabilities {acceptInsecureCerts: false, browserName: chrome, browserVersion: 77.0.3865.90, chrome: {chromedriverVersion: 76.0.3809.68 (420c9498db8ce..., userDataDir: C:\Users\user\AppData\Local...}, goog:chromeOptions: {debuggerAddress: localhost:59772}, javascriptEnabled: true, networkConnectionEnabled: false, pageLoadStrategy: normal, platform: XP, platformName: XP, proxy: Proxy(direct), setWindowRect: true, strictFileInteractability: false, timeouts: {implicit: 0, pageLoad: 300000, script: 30000}, unhandledPromptBehavior: dismiss and notify}
Session ID: 3fff5a1a70d86ea1cda911915c960d06
	at org.openqa.selenium.remote.http.W3CHttpResponseCodec.createException(W3CHttpResponseCodec.java:187)
	at org.openqa.selenium.remote.http.W3CHttpResponseCodec.decode(W3CHttpResponseCodec.java:122)
	at org.openqa.selenium.remote.http.W3CHttpResponseCodec.decode(W3CHttpResponseCodec.java:49)
	at org.openqa.selenium.remote.HttpCommandExecutor.execute(HttpCommandExecutor.java:164)
	at org.openqa.selenium.remote.service.DriverCommandExecutor.execute(DriverCommandExecutor.java:83)
	at org.openqa.selenium.remote.RemoteWebDriver.execute(RemoteWebDriver.java:600)
	at com.kms.katalon.selenium.driver.CChromeDriver.execute(CChromeDriver.java:20)
	at org.openqa.selenium.remote.RemoteWebDriver.executeScript(RemoteWebDriver.java:536)
	at com.kms.katalon.core.webui.keyword.builtin.ExecuteJavaScriptKeyword$_executeJavascript_closure1.doCall(ExecuteJavascriptKeyword.groovy:48)
	at com.kms.katalon.core.webui.keyword.builtin.ExecuteJavaScriptKeyword$_executeJavascript_closure1.call(ExecuteJavascriptKeyword.groovy)
	at com.kms.katalon.core.webui.keyword.internal.WebUIKeywordMain.runKeyword(WebUIKeywordMain.groovy:20)
	at com.kms.katalon.core.webui.keyword.builtin.ExecuteJavaScriptKeyword.executeJavascript(ExecuteJavascriptKeyword.groovy:42)
	at com.kms.katalon.core.webui.keyword.builtin.ExecuteJavaScriptKeyword.execute(ExecuteJavascriptKeyword.groovy:37)
	at com.kms.katalon.core.keyword.internal.KeywordExecutor.executeKeywordForPlatform(KeywordExecutor.groovy:56)
	at com.kms.katalon.core.webui.keyword.WebUiBuiltInKeywords.executeJavaScript(WebUiBuiltInKeywords.groovy:3787)
	at com.kms.katalon.core.webui.keyword.WebUiBuiltInKeywords$executeJavaScript$4.call(Unknown Source)
	at Script1556094475695.run(Script1556094475695.groovy:25)
	at com.kms.katalon.core.main.ScriptEngine.run(ScriptEngine.java:194)
	at com.kms.katalon.core.main.ScriptEngine.runScriptAsRawText(ScriptEngine.java:119)
	at com.kms.katalon.core.main.TestCaseExecutor.runScript(TestCaseExecutor.java:342)
	at com.kms.katalon.core.main.TestCaseExecutor.doExecute(TestCaseExecutor.java:333)
	at com.kms.katalon.core.main.TestCaseExecutor.processExecutionPhase(TestCaseExecutor.java:312)
	at com.kms.katalon.core.main.TestCaseExecutor.accessMainPhase(TestCaseExecutor.java:304)
	at com.kms.katalon.core.main.TestCaseExecutor.execute(TestCaseExecutor.java:238)
	at com.kms.katalon.core.main.TestCaseMain.runTestCase(TestCaseMain.java:114)
	at com.kms.katalon.core.keyword.builtin.CallTestCaseKeyword$_callTestCase_closure1.doCall(CallTestCaseKeyword.groovy:59)
	at com.kms.katalon.core.keyword.builtin.CallTestCaseKeyword$_callTestCase_closure1.call(CallTestCaseKeyword.groovy)
	at com.kms.katalon.core.keyword.internal.KeywordMain.runKeyword(KeywordMain.groovy:66)
	at com.kms.katalon.core.keyword.builtin.CallTestCaseKeyword.callTestCase(CallTestCaseKeyword.groovy:81)
	at com.kms.katalon.core.keyword.builtin.CallTestCaseKeyword.execute(CallTestCaseKeyword.groovy:44)
	at com.kms.katalon.core.keyword.internal.KeywordExecutor.executeKeywordForPlatform(KeywordExecutor.groovy:56)
	at com.kms.katalon.core.keyword.BuiltinKeywords.callTestCase(BuiltinKeywords.groovy:334)
	at Script1561619682896.run(Script1561619682896.groovy:34)
	... 13 more
)

2019-09-30 17:49:09 - [TEST_CASE][FAILED] - Test Cases/NewArrival/productVerify: Test Cases/NewArrival/productVerify FAILED.
Reason:
com.kms.katalon.core.exception.StepFailedException: Unable to execute JavaScript.
	at com.kms.katalon.core.webui.keyword.internal.WebUIKeywordMain.stepFailed(WebUIKeywordMain.groovy:64)
	at com.kms.katalon.core.webui.keyword.internal.WebUIKeywordMain.runKeyword(WebUIKeywordMain.groovy:26)
	at com.kms.katalon.core.webui.keyword.builtin.ExecuteJavaScriptKeyword.executeJavascript(ExecuteJavascriptKeyword.groovy:42)
	at com.kms.katalon.core.webui.keyword.builtin.ExecuteJavaScriptKeyword.execute(ExecuteJavascriptKeyword.groovy:37)
	at com.kms.katalon.core.keyword.internal.KeywordExecutor.executeKeywordForPlatform(KeywordExecutor.groovy:56)
	at com.kms.katalon.core.webui.keyword.WebUiBuiltInKeywords.executeJavaScript(WebUiBuiltInKeywords.groovy:3787)
	at com.kms.katalon.core.webui.keyword.WebUiBuiltInKeywords$executeJavaScript$4.call(Unknown Source)
	at productVerify.run(productVerify:25)
	at com.kms.katalon.core.main.ScriptEngine.run(ScriptEngine.java:194)
	at com.kms.katalon.core.main.ScriptEngine.runScriptAsRawText(ScriptEngine.java:119)
	at com.kms.katalon.core.main.TestCaseExecutor.runScript(TestCaseExecutor.java:342)
	at com.kms.katalon.core.main.TestCaseExecutor.doExecute(TestCaseExecutor.java:333)
	at com.kms.katalon.core.main.TestCaseExecutor.processExecutionPhase(TestCaseExecutor.java:312)
	at com.kms.katalon.core.main.TestCaseExecutor.accessMainPhase(TestCaseExecutor.java:304)
	at com.kms.katalon.core.main.TestCaseExecutor.execute(TestCaseExecutor.java:238)
	at com.kms.katalon.core.main.TestCaseMain.runTestCase(TestCaseMain.java:114)
	at com.kms.katalon.core.keyword.builtin.CallTestCaseKeyword$_callTestCase_closure1.doCall(CallTestCaseKeyword.groovy:59)
	at com.kms.katalon.core.keyword.builtin.CallTestCaseKeyword$_callTestCase_closure1.call(CallTestCaseKeyword.groovy)
	at com.kms.katalon.core.keyword.internal.KeywordMain.runKeyword(KeywordMain.groovy:66)
	at com.kms.katalon.core.keyword.builtin.CallTestCaseKeyword.callTestCase(CallTestCaseKeyword.groovy:81)
	at com.kms.katalon.core.keyword.builtin.CallTestCaseKeyword.execute(CallTestCaseKeyword.groovy:44)
	at com.kms.katalon.core.keyword.internal.KeywordExecutor.executeKeywordForPlatform(KeywordExecutor.groovy:56)
	at com.kms.katalon.core.keyword.BuiltinKeywords.callTestCase(BuiltinKeywords.groovy:334)
	at BOPersonal.run(BOPersonal:34)
	at com.kms.katalon.core.main.ScriptEngine.run(ScriptEngine.java:194)
	at com.kms.katalon.core.main.ScriptEngine.runScriptAsRawText(ScriptEngine.java:119)
	at com.kms.katalon.core.main.TestCaseExecutor.runScript(TestCaseExecutor.java:342)
	at com.kms.katalon.core.main.TestCaseExecutor.doExecute(TestCaseExecutor.java:333)
	at com.kms.katalon.core.main.TestCaseExecutor.processExecutionPhase(TestCaseExecutor.java:312)
	at com.kms.katalon.core.main.TestCaseExecutor.accessMainPhase(TestCaseExecutor.java:304)
	at com.kms.katalon.core.main.TestCaseExecutor.execute(TestCaseExecutor.java:238)
	at com.kms.katalon.core.main.TestSuiteExecutor.accessTestCaseMainPhase(TestSuiteExecutor.java:129)
	at com.kms.katalon.core.main.TestSuiteExecutor.accessTestSuiteMainPhase(TestSuiteExecutor.java:112)
	at com.kms.katalon.core.main.TestSuiteExecutor.execute(TestSuiteExecutor.java:81)
	at com.kms.katalon.core.main.TestCaseMain.startTestSuite(TestCaseMain.java:157)
	at com.kms.katalon.core.main.TestCaseMain$startTestSuite$0.call(Unknown Source)
	at TempTestSuite1569845893515.run(TempTestSuite1569845893515.groovy:35)
Caused by: org.openqa.selenium.StaleElementReferenceException: stale element reference: element is not attached to the page document
  (Session info: chrome=77.0.3865.90)
For documentation on this error, please visit: http://seleniumhq.org/exceptions/stale_element_reference.html
Build info: version: '3.7.1', revision: '8a0099a', time: '2017-11-06T21:07:36.161Z'
System info: host: 'NIVEDITA', ip: '10.0.102.244', os.name: 'Windows 8.1', os.arch: 'amd64', os.version: '6.3', java.version: '1.8.0_181'
Driver info: com.kms.katalon.selenium.driver.CChromeDriver
Capabilities {acceptInsecureCerts: false, browserName: chrome, browserVersion: 77.0.3865.90, chrome: {chromedriverVersion: 76.0.3809.68 (420c9498db8ce..., userDataDir: C:\Users\user\AppData\Local...}, goog:chromeOptions: {debuggerAddress: localhost:59772}, javascriptEnabled: true, networkConnectionEnabled: false, pageLoadStrategy: normal, platform: XP, platformName: XP, proxy: Proxy(direct), setWindowRect: true, strictFileInteractability: false, timeouts: {implicit: 0, pageLoad: 300000, script: 30000}, unhandledPromptBehavior: dismiss and notify}
Session ID: 3fff5a1a70d86ea1cda911915c960d06
	at org.openqa.selenium.remote.http.W3CHttpResponseCodec.createException(W3CHttpResponseCodec.java:187)
	at org.openqa.selenium.remote.http.W3CHttpResponseCodec.decode(W3CHttpResponseCodec.java:122)
	at org.openqa.selenium.remote.http.W3CHttpResponseCodec.decode(W3CHttpResponseCodec.java:49)
	at org.openqa.selenium.remote.HttpCommandExecutor.execute(HttpCommandExecutor.java:164)
	at org.openqa.selenium.remote.service.DriverCommandExecutor.execute(DriverCommandExecutor.java:83)
	at org.openqa.selenium.remote.RemoteWebDriver.execute(RemoteWebDriver.java:600)
	at com.kms.katalon.selenium.driver.CChromeDriver.execute(CChromeDriver.java:20)
	at org.openqa.selenium.remote.RemoteWebDriver.executeScript(RemoteWebDriver.java:536)
	at com.kms.katalon.core.webui.keyword.builtin.ExecuteJavaScriptKeyword$_executeJavascript_closure1.doCall(ExecuteJavascriptKeyword.groovy:48)
	at com.kms.katalon.core.webui.keyword.builtin.ExecuteJavaScriptKeyword$_executeJavascript_closure1.call(ExecuteJavascriptKeyword.groovy)
	at com.kms.katalon.core.webui.keyword.internal.WebUIKeywordMain.runKeyword(WebUIKeywordMain.groovy:20)
	at com.kms.katalon.core.webui.keyword.builtin.ExecuteJavaScriptKeyword.executeJavascript(ExecuteJavascriptKeyword.groovy:42)
	at com.kms.katalon.core.webui.keyword.builtin.ExecuteJavaScriptKeyword.execute(ExecuteJavascriptKeyword.groovy:37)
	at com.kms.katalon.core.keyword.internal.KeywordExecutor.executeKeywordForPlatform(KeywordExecutor.groovy:56)
	at com.kms.katalon.core.webui.keyword.WebUiBuiltInKeywords.executeJavaScript(WebUiBuiltInKeywords.groovy:3787)
	at com.kms.katalon.core.webui.keyword.WebUiBuiltInKeywords$executeJavaScript$4.call(Unknown Source)
	at Script1556094475695.run(Script1556094475695.groovy:25)
	at com.kms.katalon.core.main.ScriptEngine.run(ScriptEngine.java:194)
	at com.kms.katalon.core.main.ScriptEngine.runScriptAsRawText(ScriptEngine.java:119)
	at com.kms.katalon.core.main.TestCaseExecutor.runScript(TestCaseExecutor.java:342)
	at com.kms.katalon.core.main.TestCaseExecutor.doExecute(TestCaseExecutor.java:333)
	at com.kms.katalon.core.main.TestCaseExecutor.processExecutionPhase(TestCaseExecutor.java:312)
	at com.kms.katalon.core.main.TestCaseExecutor.accessMainPhase(TestCaseExecutor.java:304)
	at com.kms.katalon.core.main.TestCaseExecutor.execute(TestCaseExecutor.java:238)
	at com.kms.katalon.core.main.TestCaseMain.runTestCase(TestCaseMain.java:114)
	at com.kms.katalon.core.keyword.builtin.CallTestCaseKeyword$_callTestCase_closure1.doCall(CallTestCaseKeyword.groovy:59)
	at com.kms.katalon.core.keyword.builtin.CallTestCaseKeyword$_callTestCase_closure1.call(CallTestCaseKeyword.groovy)
	at com.kms.katalon.core.keyword.internal.KeywordMain.runKeyword(KeywordMain.groovy:66)
	at com.kms.katalon.core.keyword.builtin.CallTestCaseKeyword.callTestCase(CallTestCaseKeyword.groovy:81)
	at com.kms.katalon.core.keyword.builtin.CallTestCaseKeyword.execute(CallTestCaseKeyword.groovy:44)
	at com.kms.katalon.core.keyword.internal.KeywordExecutor.executeKeywordForPlatform(KeywordExecutor.groovy:56)
	at com.kms.katalon.core.keyword.BuiltinKeywords.callTestCase(BuiltinKeywords.groovy:334)
	at Script1561619682896.run(Script1561619682896.groovy:34)
	... 13 more


2019-09-30 17:49:09 - [TEST_STEP][FAILED] - for ([row = 1, row <= findTestData("productData").getRowNumbers(), (row++)]): for ([row = 1, row <= findTestData("productData").getRowNumbers(), (row++)]) FAILED.
Reason:
com.kms.katalon.core.exception.StepFailedException: Unable to execute JavaScript.
	at com.kms.katalon.core.webui.keyword.internal.WebUIKeywordMain.stepFailed(WebUIKeywordMain.groovy:64)
	at com.kms.katalon.core.webui.keyword.internal.WebUIKeywordMain.runKeyword(WebUIKeywordMain.groovy:26)
	at com.kms.katalon.core.webui.keyword.builtin.ExecuteJavaScriptKeyword.executeJavascript(ExecuteJavascriptKeyword.groovy:42)
	at com.kms.katalon.core.webui.keyword.builtin.ExecuteJavaScriptKeyword.execute(ExecuteJavascriptKeyword.groovy:37)
	at com.kms.katalon.core.keyword.internal.KeywordExecutor.executeKeywordForPlatform(KeywordExecutor.groovy:56)
	at com.kms.katalon.core.webui.keyword.WebUiBuiltInKeywords.executeJavaScript(WebUiBuiltInKeywords.groovy:3787)
	at com.kms.katalon.core.webui.keyword.WebUiBuiltInKeywords$executeJavaScript$4.call(Unknown Source)
	at productVerify.run(productVerify:25)
	at com.kms.katalon.core.main.ScriptEngine.run(ScriptEngine.java:194)
	at com.kms.katalon.core.main.ScriptEngine.runScriptAsRawText(ScriptEngine.java:119)
	at com.kms.katalon.core.main.TestCaseExecutor.runScript(TestCaseExecutor.java:342)
	at com.kms.katalon.core.main.TestCaseExecutor.doExecute(TestCaseExecutor.java:333)
	at com.kms.katalon.core.main.TestCaseExecutor.processExecutionPhase(TestCaseExecutor.java:312)
	at com.kms.katalon.core.main.TestCaseExecutor.accessMainPhase(TestCaseExecutor.java:304)
	at com.kms.katalon.core.main.TestCaseExecutor.execute(TestCaseExecutor.java:238)
	at com.kms.katalon.core.main.TestCaseMain.runTestCase(TestCaseMain.java:114)
	at com.kms.katalon.core.keyword.builtin.CallTestCaseKeyword$_callTestCase_closure1.doCall(CallTestCaseKeyword.groovy:59)
	at com.kms.katalon.core.keyword.builtin.CallTestCaseKeyword$_callTestCase_closure1.call(CallTestCaseKeyword.groovy)
	at com.kms.katalon.core.keyword.internal.KeywordMain.runKeyword(KeywordMain.groovy:66)
	at com.kms.katalon.core.keyword.builtin.CallTestCaseKeyword.callTestCase(CallTestCaseKeyword.groovy:81)
	at com.kms.katalon.core.keyword.builtin.CallTestCaseKeyword.execute(CallTestCaseKeyword.groovy:44)
	at com.kms.katalon.core.keyword.internal.KeywordExecutor.executeKeywordForPlatform(KeywordExecutor.groovy:56)
	at com.kms.katalon.core.keyword.BuiltinKeywords.callTestCase(BuiltinKeywords.groovy:334)
	at BOPersonal.run(BOPersonal:34)
	at com.kms.katalon.core.main.ScriptEngine.run(ScriptEngine.java:194)
	at com.kms.katalon.core.main.ScriptEngine.runScriptAsRawText(ScriptEngine.java:119)
	at com.kms.katalon.core.main.TestCaseExecutor.runScript(TestCaseExecutor.java:342)
	at com.kms.katalon.core.main.TestCaseExecutor.doExecute(TestCaseExecutor.java:333)
	at com.kms.katalon.core.main.TestCaseExecutor.processExecutionPhase(TestCaseExecutor.java:312)
	at com.kms.katalon.core.main.TestCaseExecutor.accessMainPhase(TestCaseExecutor.java:304)
	at com.kms.katalon.core.main.TestCaseExecutor.execute(TestCaseExecutor.java:238)
	at com.kms.katalon.core.main.TestSuiteExecutor.accessTestCaseMainPhase(TestSuiteExecutor.java:129)
	at com.kms.katalon.core.main.TestSuiteExecutor.accessTestSuiteMainPhase(TestSuiteExecutor.java:112)
	at com.kms.katalon.core.main.TestSuiteExecutor.execute(TestSuiteExecutor.java:81)
	at com.kms.katalon.core.main.TestCaseMain.startTestSuite(TestCaseMain.java:157)
	at com.kms.katalon.core.main.TestCaseMain$startTestSuite$0.call(Unknown Source)
	at TempTestSuite1569845893515.run(TempTestSuite1569845893515.groovy:35)
Caused by: org.openqa.selenium.StaleElementReferenceException: stale element reference: element is not attached to the page document
  (Session info: chrome=77.0.3865.90)
For documentation on this error, please visit: http://seleniumhq.org/exceptions/stale_element_reference.html
Build info: version: '3.7.1', revision: '8a0099a', time: '2017-11-06T21:07:36.161Z'
System info: host: 'NIVEDITA', ip: '10.0.102.244', os.name: 'Windows 8.1', os.arch: 'amd64', os.version: '6.3', java.version: '1.8.0_181'
Driver info: com.kms.katalon.selenium.driver.CChromeDriver
Capabilities {acceptInsecureCerts: false, browserName: chrome, browserVersion: 77.0.3865.90, chrome: {chromedriverVersion: 76.0.3809.68 (420c9498db8ce..., userDataDir: C:\Users\user\AppData\Local...}, goog:chromeOptions: {debuggerAddress: localhost:59772}, javascriptEnabled: true, networkConnectionEnabled: false, pageLoadStrategy: normal, platform: XP, platformName: XP, proxy: Proxy(direct), setWindowRect: true, strictFileInteractability: false, timeouts: {implicit: 0, pageLoad: 300000, script: 30000}, unhandledPromptBehavior: dismiss and notify}
Session ID: 3fff5a1a70d86ea1cda911915c960d06
	at org.openqa.selenium.remote.http.W3CHttpResponseCodec.createException(W3CHttpResponseCodec.java:187)
	at org.openqa.selenium.remote.http.W3CHttpResponseCodec.decode(W3CHttpResponseCodec.java:122)
	at org.openqa.selenium.remote.http.W3CHttpResponseCodec.decode(W3CHttpResponseCodec.java:49)
	at org.openqa.selenium.remote.HttpCommandExecutor.execute(HttpCommandExecutor.java:164)
	at org.openqa.selenium.remote.service.DriverCommandExecutor.execute(DriverCommandExecutor.java:83)
	at org.openqa.selenium.remote.RemoteWebDriver.execute(RemoteWebDriver.java:600)
	at com.kms.katalon.selenium.driver.CChromeDriver.execute(CChromeDriver.java:20)
	at org.openqa.selenium.remote.RemoteWebDriver.executeScript(RemoteWebDriver.java:536)
	at com.kms.katalon.core.webui.keyword.builtin.ExecuteJavaScriptKeyword$_executeJavascript_closure1.doCall(ExecuteJavascriptKeyword.groovy:48)
	at com.kms.katalon.core.webui.keyword.builtin.ExecuteJavaScriptKeyword$_executeJavascript_closure1.call(ExecuteJavascriptKeyword.groovy)
	at com.kms.katalon.core.webui.keyword.internal.WebUIKeywordMain.runKeyword(WebUIKeywordMain.groovy:20)
	at com.kms.katalon.core.webui.keyword.builtin.ExecuteJavaScriptKeyword.executeJavascript(ExecuteJavascriptKeyword.groovy:42)
	at com.kms.katalon.core.webui.keyword.builtin.ExecuteJavaScriptKeyword.execute(ExecuteJavascriptKeyword.groovy:37)
	at com.kms.katalon.core.keyword.internal.KeywordExecutor.executeKeywordForPlatform(KeywordExecutor.groovy:56)
	at com.kms.katalon.core.webui.keyword.WebUiBuiltInKeywords.executeJavaScript(WebUiBuiltInKeywords.groovy:3787)
	at com.kms.katalon.core.webui.keyword.WebUiBuiltInKeywords$executeJavaScript$4.call(Unknown Source)
	at Script1556094475695.run(Script1556094475695.groovy:25)
	at com.kms.katalon.core.main.ScriptEngine.run(ScriptEngine.java:194)
	at com.kms.katalon.core.main.ScriptEngine.runScriptAsRawText(ScriptEngine.java:119)
	at com.kms.katalon.core.main.TestCaseExecutor.runScript(TestCaseExecutor.java:342)
	at com.kms.katalon.core.main.TestCaseExecutor.doExecute(TestCaseExecutor.java:333)
	at com.kms.katalon.core.main.TestCaseExecutor.processExecutionPhase(TestCaseExecutor.java:312)
	at com.kms.katalon.core.main.TestCaseExecutor.accessMainPhase(TestCaseExecutor.java:304)
	at com.kms.katalon.core.main.TestCaseExecutor.execute(TestCaseExecutor.java:238)
	at com.kms.katalon.core.main.TestCaseMain.runTestCase(TestCaseMain.java:114)
	at com.kms.katalon.core.keyword.builtin.CallTestCaseKeyword$_callTestCase_closure1.doCall(CallTestCaseKeyword.groovy:59)
	at com.kms.katalon.core.keyword.builtin.CallTestCaseKeyword$_callTestCase_closure1.call(CallTestCaseKeyword.groovy)
	at com.kms.katalon.core.keyword.internal.KeywordMain.runKeyword(KeywordMain.groovy:66)
	at com.kms.katalon.core.keyword.builtin.CallTestCaseKeyword.callTestCase(CallTestCaseKeyword.groovy:81)
	at com.kms.katalon.core.keyword.builtin.CallTestCaseKeyword.execute(CallTestCaseKeyword.groovy:44)
	at com.kms.katalon.core.keyword.internal.KeywordExecutor.executeKeywordForPlatform(KeywordExecutor.groovy:56)
	at com.kms.katalon.core.keyword.BuiltinKeywords.callTestCase(BuiltinKeywords.groovy:334)
	at Script1561619682896.run(Script1561619682896.groovy:34)
	... 13 more


2019-09-30 17:49:09 - [TEST_STEP][PASSED] - sa = new org.testng.asserts.SoftAssert(): null

2019-09-30 17:49:09 - [TEST_STEP][PASSED] - setText(findTestObject("Object Repository/Page_cabi Order Items/input_New Arrivals - Blooming Blush_style"), findTestData("productData").getValue("Style", row)): Text '3843' is set on object 'Object Repository/Page_cabi Order Items/input_New Arrivals - Blooming Blush_style'

2019-09-30 17:49:10 - [MESSAGE][PASSED] - Text '3843' is set on object 'Object Repository/Page_cabi Order Items/input_New Arrivals - Blooming Blush_style'

2019-09-30 17:49:10 - [TEST_STEP][PASSED] - sendKeys(findTestObject("Object Repository/Page_cabi Order Items/input_New Arrivals - Blooming Blush_style"), Keys.chord(ENTER)): Keys 'ENTER + ' sent to object: 'Object Repository/Page_cabi Order Items/input_New Arrivals - Blooming Blush_style'

2019-09-30 17:49:10 - [MESSAGE][PASSED] - Keys 'ENTER + ' sent to object: 'Object Repository/Page_cabi Order Items/input_New Arrivals - Blooming Blush_style'

2019-09-30 17:49:10 - [TEST_STEP][PASSED] - delay(2): Delayed 2 second(s)

2019-09-30 17:49:12 - [MESSAGE][PASSED] - Delayed 2 second(s)

2019-09-30 17:49:12 - [TEST_STEP][PASSED] - executeJavaScript("arguments[0].click()", Arrays.asList(findWebElement(findTestObject("Object Repository/Page_cabi Order Items/input_New Arrivals - Blooming Blush_style"), 30))): Execute JavaScript 'arguments[0].click()' successfully

2019-09-30 17:49:12 - [MESSAGE][PASSED] - Execute JavaScript 'arguments[0].click()' successfully

2019-09-30 17:49:12 - [TEST_STEP][PASSED] - delay(2): Delayed 2 second(s)

2019-09-30 17:49:14 - [MESSAGE][PASSED] - Delayed 2 second(s)

2019-09-30 17:49:14 - [TEST_STEP][PASSED] - if (toString().equalsIgnoreCase("no")): null

2019-09-30 17:49:14 - [TEST_STEP][PASSED] - else: null

2019-09-30 17:49:14 - [TEST_STEP][PASSED] - click(findTestObject("Page_cabi Order Items/li_order_item")): Object: 'Object Repository/Page_cabi Order Items/li_order_item' is clicked on

2019-09-30 17:49:14 - [MESSAGE][PASSED] - Object: 'Object Repository/Page_cabi Order Items/li_order_item' is clicked on

2019-09-30 17:49:14 - [TEST_STEP][PASSED] - delay(5): Delayed 5 second(s)

2019-09-30 17:49:19 - [MESSAGE][PASSED] - Delayed 5 second(s)

2019-09-30 17:49:19 - [TEST_STEP][PASSED] - imgString1 = getValue("Style", row).toString(): null

2019-09-30 17:49:19 - [TEST_STEP][PASSED] - imagePath = UtilityMethods.createScreenshotImagePath(storeType, imgString1): null

2019-09-30 17:49:19 - [TEST_STEP][PASSED] - println(imagePath): null

2019-09-30 17:49:19 - [TEST_STEP][PASSED] - takeScreenshot(imagePath): Taking screenshot successfully

2019-09-30 17:49:20 - [MESSAGE][PASSED] - Taking screenshot successfully
[[ATTACHMENT|C:\\Users\\user\\Documents\\testautomation\\KatalonProjects\\productImages\\BOPersonal_3843 image.png]]

2019-09-30 17:49:20 - [TEST_STEP][PASSED] - verifyElementText(findTestObject("Page_cabi Order Items/GetAttribute_getID"), findTestData("productData").getValue("Style", row), CONTINUE_ON_FAILURE): Actual text and expected text of test object 'Object Repository/Page_cabi Order Items/GetAttribute_getID' are matched.

2019-09-30 17:49:20 - [MESSAGE][PASSED] - Actual text and expected text of test object 'Object Repository/Page_cabi Order Items/GetAttribute_getID' are matched.

2019-09-30 17:49:20 - [TEST_STEP][PASSED] - colorOptions = findWebElements(findTestObject("Page_cabi Order Items/GetAttribute_Color"), 5): null

2019-09-30 17:49:20 - [TEST_STEP][PASSED] - println(colorOptions.size()): null

2019-09-30 17:49:20 - [TEST_STEP][PASSED] - expectedColour = findTestData("productData").getValue("Color", row): null

2019-09-30 17:49:20 - [TEST_STEP][PASSED] - println("expected colour is"): null

2019-09-30 17:49:20 - [TEST_STEP][PASSED] - println(expectedColour): null

2019-09-30 17:49:20 - [TEST_STEP][PASSED] - colourVerified = false: null

2019-09-30 17:49:20 - [TEST_STEP][PASSED] - for (org.openqa.selenium.WebElement op : colorOptions): null

2019-09-30 17:49:20 - [TEST_STEP][PASSED] - println(op.getText()): null

2019-09-30 17:49:20 - [TEST_STEP][PASSED] - if (expectedColour.equalsIgnoreCase(op.getText())): null

2019-09-30 17:49:20 - [TEST_STEP][PASSED] - colourVerified = true: null

2019-09-30 17:49:20 - [TEST_STEP][PASSED] - break: null

2019-09-30 17:49:20 - [TEST_STEP][PASSED] - sa.assertTrue(colourVerified): null

2019-09-30 17:49:20 - [TEST_STEP][PASSED] - getPrice = getText(findTestObject("Page_cabi Order Items/GetAttribute_Price")): Text of object 'Object Repository/Page_cabi Order Items/GetAttribute_Price' is: 'Price : $99.00'

2019-09-30 17:49:20 - [MESSAGE][PASSED] - Text of object 'Object Repository/Page_cabi Order Items/GetAttribute_Price' is: 'Price : $99.00'

2019-09-30 17:49:20 - [TEST_STEP][PASSED] - Split_Data = UtilityMethods.SplitData(getPrice): null

2019-09-30 17:49:20 - [TEST_STEP][PASSED] - verifyMatch(Split_Data, findTestData("productData").getValue("Retail", row), true, CONTINUE_ON_FAILURE): Actual text '99' and expected text '99' are matched  using regular expression

2019-09-30 17:49:20 - [MESSAGE][PASSED] - Actual text '99' and expected text '99' are matched  using regular expression

2019-09-30 17:49:20 - [TEST_STEP][PASSED] - sizeRange1 = ["XXS", "XS", "S", "M", "L", "XL"]: null

2019-09-30 17:49:20 - [TEST_STEP][PASSED] - sizeRange2 = ["00", "0", "2", "4", "6", "8", "10", "12", "14", "16"]: null

2019-09-30 17:49:20 - [TEST_STEP][PASSED] - sizeRange3 = ["Long", "Regular", "Short"]: null

2019-09-30 17:49:20 - [TEST_STEP][PASSED] - sizeRange4 = ["5", "6", "6.5", "7", "7.5", "8", "8.5", "9", "9.5", "10", "11"]: null

2019-09-30 17:49:20 - [TEST_STEP][PASSED] - sizeRange5 = ["XS/S", "M/L"]: null

2019-09-30 17:49:20 - [TEST_STEP][PASSED] - sizeRangeSplit = UtilityMethods.SplitSizes(findTestData("productData").getValue("SzRange", row)): null

2019-09-30 17:49:20 - [TEST_STEP][PASSED] - sizeType = getText(findTestObject("Object Repository/Page_cabi Order Items/Size")): Text of object 'Object Repository/Page_cabi Order Items/Size' is: 'Select'

2019-09-30 17:49:20 - [MESSAGE][PASSED] - Text of object 'Object Repository/Page_cabi Order Items/Size' is: 'Select'

2019-09-30 17:49:20 - [TEST_STEP][PASSED] - sizeOptions = findWebElements(findTestObject("Object Repository/Page_cabi Order Items/Size"), 5): null

2019-09-30 17:49:20 - [TEST_STEP][PASSED] - actualRange = new java.util.ArrayList(): null

2019-09-30 17:49:20 - [TEST_STEP][PASSED] - expectedRange = <not implemented yet for class: org.codehaus.groovy.ast.expr.EmptyExpression>: null

2019-09-30 17:49:20 - [TEST_STEP][PASSED] - if (sizeType.equalsIgnoreCase("Select")): null

2019-09-30 17:49:20 - [TEST_STEP][PASSED] - for ([i = 1, i < sizeOptions.size(), (i++)]): null

2019-09-30 17:49:20 - [TEST_STEP][PASSED] - actualRange.add(getAttribute("value").toString()): null

2019-09-30 17:49:20 - [TEST_STEP][PASSED] - actualRange.add(getAttribute("value").toString()): null

2019-09-30 17:49:20 - [TEST_STEP][PASSED] - actualRange.add(getAttribute("value").toString()): null

2019-09-30 17:49:20 - [TEST_STEP][PASSED] - actualRange.add(getAttribute("value").toString()): null

2019-09-30 17:49:20 - [TEST_STEP][PASSED] - actualRange.add(getAttribute("value").toString()): null

2019-09-30 17:49:20 - [TEST_STEP][PASSED] - if (toString().equalsIgnoreCase("XS") || toString().equalsIgnoreCase("XXS")): null

2019-09-30 17:49:20 - [TEST_STEP][PASSED] - expectedRange = UtilityMethods.getExpectedRange(sizeRange1, sizeRangeSplit): null

2019-09-30 17:49:20 - [TEST_STEP][PASSED] - println("XS"): null

2019-09-30 17:49:20 - [TEST_STEP][PASSED] - println(expectedRange.toString()): null

2019-09-30 17:49:20 - [TEST_STEP][PASSED] - sa.assertTrue(UtilityMethods.listEquals(expectedRange, actualRange)): null

2019-09-30 17:49:20 - [TEST_STEP][PASSED] - delay(2): Delayed 2 second(s)

2019-09-30 17:49:22 - [MESSAGE][PASSED] - Delayed 2 second(s)

2019-09-30 17:49:22 - [TEST_STEP][PASSED] - verifyElementText(findTestObject("Page_cabi Order Items/product_title"), findTestData("productData").getValue("Description", row), CONTINUE_ON_FAILURE): Actual text and expected text of test object 'Object Repository/Page_cabi Order Items/product_title' are matched.

2019-09-30 17:49:22 - [MESSAGE][PASSED] - Actual text and expected text of test object 'Object Repository/Page_cabi Order Items/product_title' are matched.

2019-09-30 17:49:22 - [TEST_STEP][PASSED] - verifyElementText(findTestObject("Page_cabi Order Items/product_fabric"), findTestData("productData").getValue("FinalContent", row), CONTINUE_ON_FAILURE): Actual text and expected text of test object 'Object Repository/Page_cabi Order Items/product_fabric' are matched.

2019-09-30 17:49:22 - [MESSAGE][PASSED] - Actual text and expected text of test object 'Object Repository/Page_cabi Order Items/product_fabric' are matched.

2019-09-30 17:49:22 - [TEST_STEP][PASSED] - actualCasreIntrn = "<div>" + getText(findTestObject("Page_cabi Order Items/care_instruction")) + "</div>": Text of object 'Object Repository/Page_cabi Order Items/care_instruction' is: 'Turn garment inside out and place in a mesh bag. Machine wash separately in cold water on the delicate cycle. Only non-chlorine bleach if needed. Do not twist or wring. Lay flat to dry. Do not steam or iron faux fur.'

2019-09-30 17:49:22 - [MESSAGE][PASSED] - Text of object 'Object Repository/Page_cabi Order Items/care_instruction' is: 'Turn garment inside out and place in a mesh bag. Machine wash separately in cold water on the delicate cycle. Only non-chlorine bleach if needed. Do not twist or wring. Lay flat to dry. Do not steam or iron faux fur.'

2019-09-30 17:49:22 - [TEST_STEP][PASSED] - sa.assertTrue(actualCasreIntrn.equals(findTestData("productData").getValue("CareInstr", row))): null

2019-09-30 17:49:23 - [TEST_STEP][PASSED] - sa = new org.testng.asserts.SoftAssert(): null

2019-09-30 17:49:23 - [TEST_STEP][PASSED] - setText(findTestObject("Object Repository/Page_cabi Order Items/input_New Arrivals - Blooming Blush_style"), findTestData("productData").getValue("Style", row)): Text '3846' is set on object 'Object Repository/Page_cabi Order Items/input_New Arrivals - Blooming Blush_style'

2019-09-30 17:49:23 - [MESSAGE][PASSED] - Text '3846' is set on object 'Object Repository/Page_cabi Order Items/input_New Arrivals - Blooming Blush_style'

2019-09-30 17:49:23 - [TEST_STEP][PASSED] - sendKeys(findTestObject("Object Repository/Page_cabi Order Items/input_New Arrivals - Blooming Blush_style"), Keys.chord(ENTER)): Keys 'ENTER + ' sent to object: 'Object Repository/Page_cabi Order Items/input_New Arrivals - Blooming Blush_style'

2019-09-30 17:49:23 - [MESSAGE][PASSED] - Keys 'ENTER + ' sent to object: 'Object Repository/Page_cabi Order Items/input_New Arrivals - Blooming Blush_style'

2019-09-30 17:49:23 - [TEST_STEP][PASSED] - delay(2): Delayed 2 second(s)

2019-09-30 17:49:25 - [MESSAGE][PASSED] - Delayed 2 second(s)

2019-09-30 17:49:25 - [TEST_STEP][PASSED] - executeJavaScript("arguments[0].click()", Arrays.asList(findWebElement(findTestObject("Object Repository/Page_cabi Order Items/input_New Arrivals - Blooming Blush_style"), 30))): Execute JavaScript 'arguments[0].click()' successfully

2019-09-30 17:49:25 - [MESSAGE][PASSED] - Execute JavaScript 'arguments[0].click()' successfully

2019-09-30 17:49:25 - [TEST_STEP][PASSED] - delay(2): Delayed 2 second(s)

2019-09-30 17:49:27 - [MESSAGE][PASSED] - Delayed 2 second(s)

2019-09-30 17:49:27 - [TEST_STEP][PASSED] - if (toString().equalsIgnoreCase("no")): null

2019-09-30 17:49:27 - [TEST_STEP][PASSED] - else: null

2019-09-30 17:49:27 - [TEST_STEP][PASSED] - click(findTestObject("Page_cabi Order Items/li_order_item")): Object: 'Object Repository/Page_cabi Order Items/li_order_item' is clicked on

2019-09-30 17:49:27 - [MESSAGE][PASSED] - Object: 'Object Repository/Page_cabi Order Items/li_order_item' is clicked on

2019-09-30 17:49:27 - [TEST_STEP][PASSED] - delay(5): Delayed 5 second(s)

2019-09-30 17:49:32 - [MESSAGE][PASSED] - Delayed 5 second(s)

2019-09-30 17:49:32 - [TEST_STEP][PASSED] - imgString1 = getValue("Style", row).toString(): null

2019-09-30 17:49:32 - [TEST_STEP][PASSED] - imagePath = UtilityMethods.createScreenshotImagePath(storeType, imgString1): null

2019-09-30 17:49:32 - [TEST_STEP][PASSED] - println(imagePath): null

2019-09-30 17:49:32 - [TEST_STEP][PASSED] - takeScreenshot(imagePath): Taking screenshot successfully

2019-09-30 17:49:32 - [MESSAGE][PASSED] - Taking screenshot successfully
[[ATTACHMENT|C:\\Users\\user\\Documents\\testautomation\\KatalonProjects\\productImages\\BOPersonal_3846 image.png]]

2019-09-30 17:49:32 - [TEST_STEP][PASSED] - verifyElementText(findTestObject("Page_cabi Order Items/GetAttribute_getID"), findTestData("productData").getValue("Style", row), CONTINUE_ON_FAILURE): Actual text and expected text of test object 'Object Repository/Page_cabi Order Items/GetAttribute_getID' are matched.

2019-09-30 17:49:33 - [MESSAGE][PASSED] - Actual text and expected text of test object 'Object Repository/Page_cabi Order Items/GetAttribute_getID' are matched.

2019-09-30 17:49:33 - [TEST_STEP][PASSED] - colorOptions = findWebElements(findTestObject("Page_cabi Order Items/GetAttribute_Color"), 5): null

2019-09-30 17:49:33 - [TEST_STEP][PASSED] - println(colorOptions.size()): null

2019-09-30 17:49:33 - [TEST_STEP][PASSED] - expectedColour = findTestData("productData").getValue("Color", row): null

2019-09-30 17:49:33 - [TEST_STEP][PASSED] - println("expected colour is"): null

2019-09-30 17:49:33 - [TEST_STEP][PASSED] - println(expectedColour): null

2019-09-30 17:49:33 - [TEST_STEP][PASSED] - colourVerified = false: null

2019-09-30 17:49:33 - [TEST_STEP][PASSED] - for (org.openqa.selenium.WebElement op : colorOptions): null

2019-09-30 17:49:33 - [TEST_STEP][PASSED] - println(op.getText()): null

2019-09-30 17:49:33 - [TEST_STEP][PASSED] - if (expectedColour.equalsIgnoreCase(op.getText())): null

2019-09-30 17:49:33 - [TEST_STEP][PASSED] - colourVerified = true: null

2019-09-30 17:49:33 - [TEST_STEP][PASSED] - break: null

2019-09-30 17:49:33 - [TEST_STEP][PASSED] - sa.assertTrue(colourVerified): null

2019-09-30 17:49:33 - [TEST_STEP][PASSED] - getPrice = getText(findTestObject("Page_cabi Order Items/GetAttribute_Price")): Text of object 'Object Repository/Page_cabi Order Items/GetAttribute_Price' is: 'Price : $139.00'

2019-09-30 17:49:33 - [MESSAGE][PASSED] - Text of object 'Object Repository/Page_cabi Order Items/GetAttribute_Price' is: 'Price : $139.00'

2019-09-30 17:49:33 - [TEST_STEP][PASSED] - Split_Data = UtilityMethods.SplitData(getPrice): null

2019-09-30 17:49:33 - [TEST_STEP][PASSED] - verifyMatch(Split_Data, findTestData("productData").getValue("Retail", row), true, CONTINUE_ON_FAILURE): Actual text '139' and expected text '139' are matched  using regular expression

2019-09-30 17:49:33 - [MESSAGE][PASSED] - Actual text '139' and expected text '139' are matched  using regular expression

2019-09-30 17:49:33 - [TEST_STEP][PASSED] - sizeRange1 = ["XXS", "XS", "S", "M", "L", "XL"]: null

2019-09-30 17:49:33 - [TEST_STEP][PASSED] - sizeRange2 = ["00", "0", "2", "4", "6", "8", "10", "12", "14", "16"]: null

2019-09-30 17:49:33 - [TEST_STEP][PASSED] - sizeRange3 = ["Long", "Regular", "Short"]: null

2019-09-30 17:49:33 - [TEST_STEP][PASSED] - sizeRange4 = ["5", "6", "6.5", "7", "7.5", "8", "8.5", "9", "9.5", "10", "11"]: null

2019-09-30 17:49:33 - [TEST_STEP][PASSED] - sizeRange5 = ["XS/S", "M/L"]: null

2019-09-30 17:49:33 - [TEST_STEP][PASSED] - sizeRangeSplit = UtilityMethods.SplitSizes(findTestData("productData").getValue("SzRange", row)): null

2019-09-30 17:49:33 - [TEST_STEP][PASSED] - sizeType = getText(findTestObject("Object Repository/Page_cabi Order Items/Size")): Text of object 'Object Repository/Page_cabi Order Items/Size' is: 'Select'

2019-09-30 17:49:33 - [MESSAGE][PASSED] - Text of object 'Object Repository/Page_cabi Order Items/Size' is: 'Select'

2019-09-30 17:49:33 - [TEST_STEP][PASSED] - sizeOptions = findWebElements(findTestObject("Object Repository/Page_cabi Order Items/Size"), 5): null

2019-09-30 17:49:33 - [TEST_STEP][PASSED] - actualRange = new java.util.ArrayList(): null

2019-09-30 17:49:33 - [TEST_STEP][PASSED] - expectedRange = <not implemented yet for class: org.codehaus.groovy.ast.expr.EmptyExpression>: null

2019-09-30 17:49:33 - [TEST_STEP][PASSED] - if (sizeType.equalsIgnoreCase("Select")): null

2019-09-30 17:49:33 - [TEST_STEP][PASSED] - for ([i = 1, i < sizeOptions.size(), (i++)]): null

2019-09-30 17:49:33 - [TEST_STEP][PASSED] - actualRange.add(getAttribute("value").toString()): null

2019-09-30 17:49:33 - [TEST_STEP][PASSED] - actualRange.add(getAttribute("value").toString()): null

2019-09-30 17:49:33 - [TEST_STEP][PASSED] - if (toString().equalsIgnoreCase("XS") || toString().equalsIgnoreCase("XXS")): null

2019-09-30 17:49:33 - [TEST_STEP][PASSED] - else if (toString().equalsIgnoreCase("00") || toString().equalsIgnoreCase("0")): null

2019-09-30 17:49:33 - [TEST_STEP][PASSED] - else if (toString().equalsIgnoreCase("Long")): null

2019-09-30 17:49:33 - [TEST_STEP][PASSED] - else if (toString().equalsIgnoreCase("5")): null

2019-09-30 17:49:33 - [TEST_STEP][PASSED] - else if (toString().equalsIgnoreCase("XS/S")): null

2019-09-30 17:49:33 - [TEST_STEP][PASSED] - expectedRange = UtilityMethods.getExpectedRange(sizeRange5, sizeRangeSplit): null

2019-09-30 17:49:33 - [TEST_STEP][PASSED] - println("XS/S"): null

2019-09-30 17:49:33 - [TEST_STEP][PASSED] - println(expectedRange.toString()): null

2019-09-30 17:49:33 - [TEST_STEP][PASSED] - sa.assertTrue(UtilityMethods.listEquals(expectedRange, actualRange)): null

2019-09-30 17:49:33 - [TEST_STEP][PASSED] - delay(2): Delayed 2 second(s)

2019-09-30 17:49:35 - [MESSAGE][PASSED] - Delayed 2 second(s)

2019-09-30 17:49:35 - [TEST_STEP][PASSED] - verifyElementText(findTestObject("Page_cabi Order Items/product_title"), findTestData("productData").getValue("Description", row), CONTINUE_ON_FAILURE): Actual text and expected text of test object 'Object Repository/Page_cabi Order Items/product_title' are matched.

2019-09-30 17:49:35 - [MESSAGE][PASSED] - Actual text and expected text of test object 'Object Repository/Page_cabi Order Items/product_title' are matched.

2019-09-30 17:49:35 - [TEST_STEP][PASSED] - verifyElementText(findTestObject("Page_cabi Order Items/product_fabric"), findTestData("productData").getValue("FinalContent", row), CONTINUE_ON_FAILURE): Actual text and expected text of test object 'Object Repository/Page_cabi Order Items/product_fabric' are matched.

2019-09-30 17:49:35 - [MESSAGE][PASSED] - Actual text and expected text of test object 'Object Repository/Page_cabi Order Items/product_fabric' are matched.

2019-09-30 17:49:35 - [TEST_STEP][PASSED] - actualCasreIntrn = "<div>" + getText(findTestObject("Page_cabi Order Items/care_instruction")) + "</div>": Text of object 'Object Repository/Page_cabi Order Items/care_instruction' is: 'Dry clean for best results. Can be machine washed in a mesh bag in cold water on the delicate cycle. Only non-chlorine bleach. Lay flat to dry. Steam iron only if needed.'

2019-09-30 17:49:35 - [MESSAGE][PASSED] - Text of object 'Object Repository/Page_cabi Order Items/care_instruction' is: 'Dry clean for best results. Can be machine washed in a mesh bag in cold water on the delicate cycle. Only non-chlorine bleach. Lay flat to dry. Steam iron only if needed.'

2019-09-30 17:49:35 - [TEST_STEP][PASSED] - sa.assertTrue(actualCasreIntrn.equals(findTestData("productData").getValue("CareInstr", row))): null

2019-09-30 17:49:35 - [TEST_STEP][PASSED] - sa = new org.testng.asserts.SoftAssert(): null

2019-09-30 17:49:35 - [TEST_STEP][PASSED] - setText(findTestObject("Object Repository/Page_cabi Order Items/input_New Arrivals - Blooming Blush_style"), findTestData("productData").getValue("Style", row)): Text '3850' is set on object 'Object Repository/Page_cabi Order Items/input_New Arrivals - Blooming Blush_style'

2019-09-30 17:49:35 - [MESSAGE][PASSED] - Text '3850' is set on object 'Object Repository/Page_cabi Order Items/input_New Arrivals - Blooming Blush_style'

2019-09-30 17:49:35 - [TEST_STEP][PASSED] - sendKeys(findTestObject("Object Repository/Page_cabi Order Items/input_New Arrivals - Blooming Blush_style"), Keys.chord(ENTER)): Keys 'ENTER + ' sent to object: 'Object Repository/Page_cabi Order Items/input_New Arrivals - Blooming Blush_style'

2019-09-30 17:49:35 - [MESSAGE][PASSED] - Keys 'ENTER + ' sent to object: 'Object Repository/Page_cabi Order Items/input_New Arrivals - Blooming Blush_style'

2019-09-30 17:49:35 - [TEST_STEP][PASSED] - delay(2): Delayed 2 second(s)

2019-09-30 17:49:37 - [MESSAGE][PASSED] - Delayed 2 second(s)

2019-09-30 17:49:37 - [TEST_STEP][PASSED] - executeJavaScript("arguments[0].click()", Arrays.asList(findWebElement(findTestObject("Object Repository/Page_cabi Order Items/input_New Arrivals - Blooming Blush_style"), 30))): Execute JavaScript 'arguments[0].click()' successfully

2019-09-30 17:49:37 - [MESSAGE][PASSED] - Execute JavaScript 'arguments[0].click()' successfully

2019-09-30 17:49:37 - [TEST_STEP][PASSED] - delay(2): Delayed 2 second(s)

2019-09-30 17:49:39 - [MESSAGE][PASSED] - Delayed 2 second(s)

2019-09-30 17:49:39 - [TEST_STEP][PASSED] - if (toString().equalsIgnoreCase("no")): null

2019-09-30 17:49:39 - [TEST_STEP][PASSED] - else: null

2019-09-30 17:49:39 - [TEST_STEP][PASSED] - click(findTestObject("Page_cabi Order Items/li_order_item")): Object: 'Object Repository/Page_cabi Order Items/li_order_item' is clicked on

2019-09-30 17:49:39 - [MESSAGE][PASSED] - Object: 'Object Repository/Page_cabi Order Items/li_order_item' is clicked on

2019-09-30 17:49:39 - [TEST_STEP][PASSED] - delay(5): Delayed 5 second(s)

2019-09-30 17:49:44 - [MESSAGE][PASSED] - Delayed 5 second(s)

2019-09-30 17:49:44 - [TEST_STEP][PASSED] - imgString1 = getValue("Style", row).toString(): null

2019-09-30 17:49:45 - [TEST_STEP][PASSED] - imagePath = UtilityMethods.createScreenshotImagePath(storeType, imgString1): null

2019-09-30 17:49:45 - [TEST_STEP][PASSED] - println(imagePath): null

2019-09-30 17:49:45 - [TEST_STEP][PASSED] - takeScreenshot(imagePath): Taking screenshot successfully

2019-09-30 17:49:45 - [MESSAGE][PASSED] - Taking screenshot successfully
[[ATTACHMENT|C:\\Users\\user\\Documents\\testautomation\\KatalonProjects\\productImages\\BOPersonal_3850 image.png]]

2019-09-30 17:49:45 - [TEST_STEP][PASSED] - verifyElementText(findTestObject("Page_cabi Order Items/GetAttribute_getID"), findTestData("productData").getValue("Style", row), CONTINUE_ON_FAILURE): Actual text and expected text of test object 'Object Repository/Page_cabi Order Items/GetAttribute_getID' are matched.

2019-09-30 17:49:45 - [MESSAGE][PASSED] - Actual text and expected text of test object 'Object Repository/Page_cabi Order Items/GetAttribute_getID' are matched.

2019-09-30 17:49:45 - [TEST_STEP][PASSED] - colorOptions = findWebElements(findTestObject("Page_cabi Order Items/GetAttribute_Color"), 5): null

2019-09-30 17:49:45 - [TEST_STEP][PASSED] - println(colorOptions.size()): null

2019-09-30 17:49:45 - [TEST_STEP][PASSED] - expectedColour = findTestData("productData").getValue("Color", row): null

2019-09-30 17:49:45 - [TEST_STEP][PASSED] - println("expected colour is"): null

2019-09-30 17:49:45 - [TEST_STEP][PASSED] - println(expectedColour): null

2019-09-30 17:49:45 - [TEST_STEP][PASSED] - colourVerified = false: null

2019-09-30 17:49:45 - [TEST_STEP][PASSED] - for (org.openqa.selenium.WebElement op : colorOptions): null

2019-09-30 17:49:45 - [TEST_STEP][PASSED] - println(op.getText()): null

2019-09-30 17:49:45 - [TEST_STEP][PASSED] - if (expectedColour.equalsIgnoreCase(op.getText())): null

2019-09-30 17:49:45 - [TEST_STEP][PASSED] - colourVerified = true: null

2019-09-30 17:49:45 - [TEST_STEP][PASSED] - break: null

2019-09-30 17:49:45 - [TEST_STEP][PASSED] - sa.assertTrue(colourVerified): null

2019-09-30 17:49:45 - [TEST_STEP][PASSED] - getPrice = getText(findTestObject("Page_cabi Order Items/GetAttribute_Price")): Text of object 'Object Repository/Page_cabi Order Items/GetAttribute_Price' is: 'Price : $169.00'

2019-09-30 17:49:45 - [MESSAGE][PASSED] - Text of object 'Object Repository/Page_cabi Order Items/GetAttribute_Price' is: 'Price : $169.00'

2019-09-30 17:49:45 - [TEST_STEP][PASSED] - Split_Data = UtilityMethods.SplitData(getPrice): null

2019-09-30 17:49:45 - [TEST_STEP][PASSED] - verifyMatch(Split_Data, findTestData("productData").getValue("Retail", row), true, CONTINUE_ON_FAILURE): Actual text '169' and expected text '169' are matched  using regular expression

2019-09-30 17:49:45 - [MESSAGE][PASSED] - Actual text '169' and expected text '169' are matched  using regular expression

2019-09-30 17:49:45 - [TEST_STEP][PASSED] - sizeRange1 = ["XXS", "XS", "S", "M", "L", "XL"]: null

2019-09-30 17:49:45 - [TEST_STEP][PASSED] - sizeRange2 = ["00", "0", "2", "4", "6", "8", "10", "12", "14", "16"]: null

2019-09-30 17:49:45 - [TEST_STEP][PASSED] - sizeRange3 = ["Long", "Regular", "Short"]: null

2019-09-30 17:49:45 - [TEST_STEP][PASSED] - sizeRange4 = ["5", "6", "6.5", "7", "7.5", "8", "8.5", "9", "9.5", "10", "11"]: null

2019-09-30 17:49:45 - [TEST_STEP][PASSED] - sizeRange5 = ["XS/S", "M/L"]: null

2019-09-30 17:49:45 - [TEST_STEP][PASSED] - sizeRangeSplit = UtilityMethods.SplitSizes(findTestData("productData").getValue("SzRange", row)): null

2019-09-30 17:49:45 - [TEST_STEP][PASSED] - sizeType = getText(findTestObject("Object Repository/Page_cabi Order Items/Size")): Text of object 'Object Repository/Page_cabi Order Items/Size' is: 'Select'

2019-09-30 17:49:45 - [MESSAGE][PASSED] - Text of object 'Object Repository/Page_cabi Order Items/Size' is: 'Select'

2019-09-30 17:49:45 - [TEST_STEP][PASSED] - sizeOptions = findWebElements(findTestObject("Object Repository/Page_cabi Order Items/Size"), 5): null

2019-09-30 17:49:45 - [TEST_STEP][PASSED] - actualRange = new java.util.ArrayList(): null

2019-09-30 17:49:45 - [TEST_STEP][PASSED] - expectedRange = <not implemented yet for class: org.codehaus.groovy.ast.expr.EmptyExpression>: null

2019-09-30 17:49:45 - [TEST_STEP][PASSED] - if (sizeType.equalsIgnoreCase("Select")): null

2019-09-30 17:49:45 - [TEST_STEP][PASSED] - for ([i = 1, i < sizeOptions.size(), (i++)]): null

2019-09-30 17:49:45 - [TEST_STEP][PASSED] - actualRange.add(getAttribute("value").toString()): null

2019-09-30 17:49:45 - [TEST_STEP][PASSED] - actualRange.add(getAttribute("value").toString()): null

2019-09-30 17:49:45 - [TEST_STEP][PASSED] - actualRange.add(getAttribute("value").toString()): null

2019-09-30 17:49:45 - [TEST_STEP][PASSED] - actualRange.add(getAttribute("value").toString()): null

2019-09-30 17:49:45 - [TEST_STEP][PASSED] - actualRange.add(getAttribute("value").toString()): null

2019-09-30 17:49:45 - [TEST_STEP][PASSED] - if (toString().equalsIgnoreCase("XS") || toString().equalsIgnoreCase("XXS")): null

2019-09-30 17:49:45 - [TEST_STEP][PASSED] - expectedRange = UtilityMethods.getExpectedRange(sizeRange1, sizeRangeSplit): null

2019-09-30 17:49:45 - [TEST_STEP][PASSED] - println("XS"): null

2019-09-30 17:49:45 - [TEST_STEP][PASSED] - println(expectedRange.toString()): null

2019-09-30 17:49:45 - [TEST_STEP][PASSED] - sa.assertTrue(UtilityMethods.listEquals(expectedRange, actualRange)): null

2019-09-30 17:49:45 - [TEST_STEP][PASSED] - delay(2): Delayed 2 second(s)

2019-09-30 17:49:47 - [MESSAGE][PASSED] - Delayed 2 second(s)

2019-09-30 17:49:47 - [TEST_STEP][PASSED] - verifyElementText(findTestObject("Page_cabi Order Items/product_title"), findTestData("productData").getValue("Description", row), CONTINUE_ON_FAILURE): Actual text and expected text of test object 'Object Repository/Page_cabi Order Items/product_title' are matched.

2019-09-30 17:49:47 - [MESSAGE][PASSED] - Actual text and expected text of test object 'Object Repository/Page_cabi Order Items/product_title' are matched.

2019-09-30 17:49:47 - [TEST_STEP][PASSED] - verifyElementText(findTestObject("Page_cabi Order Items/product_fabric"), findTestData("productData").getValue("FinalContent", row), CONTINUE_ON_FAILURE): Actual text and expected text of test object 'Object Repository/Page_cabi Order Items/product_fabric' are matched.

2019-09-30 17:49:47 - [MESSAGE][PASSED] - Actual text and expected text of test object 'Object Repository/Page_cabi Order Items/product_fabric' are matched.

2019-09-30 17:49:47 - [TEST_STEP][PASSED] - actualCasreIntrn = "<div>" + getText(findTestObject("Page_cabi Order Items/care_instruction")) + "</div>": Text of object 'Object Repository/Page_cabi Order Items/care_instruction' is: 'Turn garment inside out and place in a mesh bag. Machine wash separately in cold water, on the delicate cycle. Only non-chlorine bleach if needed. Do not twist or wring. Lay flat to dry. Warm iron if needed. Can be washed by hand.'

2019-09-30 17:49:47 - [MESSAGE][PASSED] - Text of object 'Object Repository/Page_cabi Order Items/care_instruction' is: 'Turn garment inside out and place in a mesh bag. Machine wash separately in cold water, on the delicate cycle. Only non-chlorine bleach if needed. Do not twist or wring. Lay flat to dry. Warm iron if needed. Can be washed by hand.'

2019-09-30 17:49:47 - [TEST_STEP][PASSED] - sa.assertTrue(actualCasreIntrn.equals(findTestData("productData").getValue("CareInstr", row))): null

2019-09-30 17:49:47 - [TEST_STEP][PASSED] - sa = new org.testng.asserts.SoftAssert(): null

2019-09-30 17:49:47 - [TEST_STEP][PASSED] - setText(findTestObject("Object Repository/Page_cabi Order Items/input_New Arrivals - Blooming Blush_style"), findTestData("productData").getValue("Style", row)): Text '3857' is set on object 'Object Repository/Page_cabi Order Items/input_New Arrivals - Blooming Blush_style'

2019-09-30 17:49:48 - [MESSAGE][PASSED] - Text '3857' is set on object 'Object Repository/Page_cabi Order Items/input_New Arrivals - Blooming Blush_style'

2019-09-30 17:49:48 - [TEST_STEP][PASSED] - sendKeys(findTestObject("Object Repository/Page_cabi Order Items/input_New Arrivals - Blooming Blush_style"), Keys.chord(ENTER)): Keys 'ENTER + ' sent to object: 'Object Repository/Page_cabi Order Items/input_New Arrivals - Blooming Blush_style'

2019-09-30 17:49:48 - [MESSAGE][PASSED] - Keys 'ENTER + ' sent to object: 'Object Repository/Page_cabi Order Items/input_New Arrivals - Blooming Blush_style'

2019-09-30 17:49:48 - [TEST_STEP][PASSED] - delay(2): Delayed 2 second(s)

2019-09-30 17:49:50 - [MESSAGE][PASSED] - Delayed 2 second(s)

2019-09-30 17:49:50 - [TEST_STEP][PASSED] - executeJavaScript("arguments[0].click()", Arrays.asList(findWebElement(findTestObject("Object Repository/Page_cabi Order Items/input_New Arrivals - Blooming Blush_style"), 30))): Execute JavaScript 'arguments[0].click()' successfully

2019-09-30 17:49:50 - [MESSAGE][PASSED] - Execute JavaScript 'arguments[0].click()' successfully

2019-09-30 17:49:50 - [TEST_STEP][PASSED] - delay(2): Delayed 2 second(s)

2019-09-30 17:49:52 - [MESSAGE][PASSED] - Delayed 2 second(s)

2019-09-30 17:49:52 - [TEST_STEP][PASSED] - if (toString().equalsIgnoreCase("no")): null

2019-09-30 17:49:52 - [TEST_STEP][PASSED] - else: null

2019-09-30 17:49:52 - [TEST_STEP][PASSED] - click(findTestObject("Page_cabi Order Items/li_order_item")): Object: 'Object Repository/Page_cabi Order Items/li_order_item' is clicked on

2019-09-30 17:49:52 - [MESSAGE][PASSED] - Object: 'Object Repository/Page_cabi Order Items/li_order_item' is clicked on

2019-09-30 17:49:52 - [TEST_STEP][PASSED] - delay(5): Delayed 5 second(s)

2019-09-30 17:49:57 - [MESSAGE][PASSED] - Delayed 5 second(s)

2019-09-30 17:49:57 - [TEST_STEP][PASSED] - imgString1 = getValue("Style", row).toString(): null

2019-09-30 17:49:57 - [TEST_STEP][PASSED] - imagePath = UtilityMethods.createScreenshotImagePath(storeType, imgString1): null

2019-09-30 17:49:57 - [TEST_STEP][PASSED] - println(imagePath): null

2019-09-30 17:49:57 - [TEST_STEP][PASSED] - takeScreenshot(imagePath): Taking screenshot successfully

2019-09-30 17:49:57 - [MESSAGE][PASSED] - Taking screenshot successfully
[[ATTACHMENT|C:\\Users\\user\\Documents\\testautomation\\KatalonProjects\\productImages\\BOPersonal_3857 image.png]]

2019-09-30 17:49:57 - [TEST_STEP][PASSED] - verifyElementText(findTestObject("Page_cabi Order Items/GetAttribute_getID"), findTestData("productData").getValue("Style", row), CONTINUE_ON_FAILURE): Actual text and expected text of test object 'Object Repository/Page_cabi Order Items/GetAttribute_getID' are matched.

2019-09-30 17:49:57 - [MESSAGE][PASSED] - Actual text and expected text of test object 'Object Repository/Page_cabi Order Items/GetAttribute_getID' are matched.

2019-09-30 17:49:57 - [TEST_STEP][PASSED] - colorOptions = findWebElements(findTestObject("Page_cabi Order Items/GetAttribute_Color"), 5): null

2019-09-30 17:49:57 - [TEST_STEP][PASSED] - println(colorOptions.size()): null

2019-09-30 17:49:57 - [TEST_STEP][PASSED] - expectedColour = findTestData("productData").getValue("Color", row): null

2019-09-30 17:49:57 - [TEST_STEP][PASSED] - println("expected colour is"): null

2019-09-30 17:49:57 - [TEST_STEP][PASSED] - println(expectedColour): null

2019-09-30 17:49:57 - [TEST_STEP][PASSED] - colourVerified = false: null

2019-09-30 17:49:57 - [TEST_STEP][PASSED] - for (org.openqa.selenium.WebElement op : colorOptions): null

2019-09-30 17:49:57 - [TEST_STEP][PASSED] - println(op.getText()): null

2019-09-30 17:49:57 - [TEST_STEP][PASSED] - if (expectedColour.equalsIgnoreCase(op.getText())): null

2019-09-30 17:49:57 - [TEST_STEP][PASSED] - colourVerified = true: null

2019-09-30 17:49:57 - [TEST_STEP][PASSED] - break: null

2019-09-30 17:49:57 - [TEST_STEP][PASSED] - sa.assertTrue(colourVerified): null

2019-09-30 17:49:57 - [TEST_STEP][PASSED] - getPrice = getText(findTestObject("Page_cabi Order Items/GetAttribute_Price")): Text of object 'Object Repository/Page_cabi Order Items/GetAttribute_Price' is: 'Price : $84.00'

2019-09-30 17:49:57 - [MESSAGE][PASSED] - Text of object 'Object Repository/Page_cabi Order Items/GetAttribute_Price' is: 'Price : $84.00'

2019-09-30 17:49:57 - [TEST_STEP][PASSED] - Split_Data = UtilityMethods.SplitData(getPrice): null

2019-09-30 17:49:57 - [TEST_STEP][PASSED] - verifyMatch(Split_Data, findTestData("productData").getValue("Retail", row), true, CONTINUE_ON_FAILURE): Actual text '84' and expected text '84' are matched  using regular expression

2019-09-30 17:49:57 - [MESSAGE][PASSED] - Actual text '84' and expected text '84' are matched  using regular expression

2019-09-30 17:49:57 - [TEST_STEP][PASSED] - sizeRange1 = ["XXS", "XS", "S", "M", "L", "XL"]: null

2019-09-30 17:49:57 - [TEST_STEP][PASSED] - sizeRange2 = ["00", "0", "2", "4", "6", "8", "10", "12", "14", "16"]: null

2019-09-30 17:49:57 - [TEST_STEP][PASSED] - sizeRange3 = ["Long", "Regular", "Short"]: null

2019-09-30 17:49:57 - [TEST_STEP][PASSED] - sizeRange4 = ["5", "6", "6.5", "7", "7.5", "8", "8.5", "9", "9.5", "10", "11"]: null

2019-09-30 17:49:57 - [TEST_STEP][PASSED] - sizeRange5 = ["XS/S", "M/L"]: null

2019-09-30 17:49:57 - [TEST_STEP][PASSED] - sizeRangeSplit = UtilityMethods.SplitSizes(findTestData("productData").getValue("SzRange", row)): null

2019-09-30 17:49:57 - [TEST_STEP][PASSED] - sizeType = getText(findTestObject("Object Repository/Page_cabi Order Items/Size")): Text of object 'Object Repository/Page_cabi Order Items/Size' is: 'Select'

2019-09-30 17:49:58 - [MESSAGE][PASSED] - Text of object 'Object Repository/Page_cabi Order Items/Size' is: 'Select'

2019-09-30 17:49:58 - [TEST_STEP][PASSED] - sizeOptions = findWebElements(findTestObject("Object Repository/Page_cabi Order Items/Size"), 5): null

2019-09-30 17:49:58 - [TEST_STEP][PASSED] - actualRange = new java.util.ArrayList(): null

2019-09-30 17:49:58 - [TEST_STEP][PASSED] - expectedRange = <not implemented yet for class: org.codehaus.groovy.ast.expr.EmptyExpression>: null

2019-09-30 17:49:58 - [TEST_STEP][PASSED] - if (sizeType.equalsIgnoreCase("Select")): null

2019-09-30 17:49:58 - [TEST_STEP][PASSED] - for ([i = 1, i < sizeOptions.size(), (i++)]): null

2019-09-30 17:49:58 - [TEST_STEP][PASSED] - actualRange.add(getAttribute("value").toString()): null

2019-09-30 17:49:58 - [TEST_STEP][PASSED] - actualRange.add(getAttribute("value").toString()): null

2019-09-30 17:49:58 - [TEST_STEP][PASSED] - actualRange.add(getAttribute("value").toString()): null

2019-09-30 17:49:58 - [TEST_STEP][PASSED] - actualRange.add(getAttribute("value").toString()): null

2019-09-30 17:49:58 - [TEST_STEP][PASSED] - actualRange.add(getAttribute("value").toString()): null

2019-09-30 17:49:58 - [TEST_STEP][PASSED] - if (toString().equalsIgnoreCase("XS") || toString().equalsIgnoreCase("XXS")): null

2019-09-30 17:49:58 - [TEST_STEP][PASSED] - expectedRange = UtilityMethods.getExpectedRange(sizeRange1, sizeRangeSplit): null

2019-09-30 17:49:58 - [TEST_STEP][PASSED] - println("XS"): null

2019-09-30 17:49:58 - [TEST_STEP][PASSED] - println(expectedRange.toString()): null

2019-09-30 17:49:58 - [TEST_STEP][PASSED] - sa.assertTrue(UtilityMethods.listEquals(expectedRange, actualRange)): null

2019-09-30 17:49:58 - [TEST_STEP][PASSED] - delay(2): Delayed 2 second(s)

2019-09-30 17:50:00 - [MESSAGE][PASSED] - Delayed 2 second(s)

2019-09-30 17:50:00 - [TEST_STEP][PASSED] - verifyElementText(findTestObject("Page_cabi Order Items/product_title"), findTestData("productData").getValue("Description", row), CONTINUE_ON_FAILURE): Actual text and expected text of test object 'Object Repository/Page_cabi Order Items/product_title' are matched.

2019-09-30 17:50:00 - [MESSAGE][PASSED] - Actual text and expected text of test object 'Object Repository/Page_cabi Order Items/product_title' are matched.

2019-09-30 17:50:00 - [TEST_STEP][PASSED] - verifyElementText(findTestObject("Page_cabi Order Items/product_fabric"), findTestData("productData").getValue("FinalContent", row), CONTINUE_ON_FAILURE): Actual text and expected text of test object 'Object Repository/Page_cabi Order Items/product_fabric' are matched.

2019-09-30 17:50:00 - [MESSAGE][PASSED] - Actual text and expected text of test object 'Object Repository/Page_cabi Order Items/product_fabric' are matched.

2019-09-30 17:50:00 - [TEST_STEP][PASSED] - actualCasreIntrn = "<div>" + getText(findTestObject("Page_cabi Order Items/care_instruction")) + "</div>": Text of object 'Object Repository/Page_cabi Order Items/care_instruction' is: 'Wash by hand separately with cold water. Only non-chlorine bleach if needed. Do not twist or wring. Lay flat to dry. Steam iron only if needed. Can be dry cleaned.'

2019-09-30 17:50:00 - [MESSAGE][PASSED] - Text of object 'Object Repository/Page_cabi Order Items/care_instruction' is: 'Wash by hand separately with cold water. Only non-chlorine bleach if needed. Do not twist or wring. Lay flat to dry. Steam iron only if needed. Can be dry cleaned.'

2019-09-30 17:50:00 - [TEST_STEP][PASSED] - sa.assertTrue(actualCasreIntrn.equals(findTestData("productData").getValue("CareInstr", row))): null

2019-09-30 17:50:00 - [TEST_STEP][PASSED] - sa = new org.testng.asserts.SoftAssert(): null

2019-09-30 17:50:00 - [TEST_STEP][PASSED] - setText(findTestObject("Object Repository/Page_cabi Order Items/input_New Arrivals - Blooming Blush_style"), findTestData("productData").getValue("Style", row)): Text '3861' is set on object 'Object Repository/Page_cabi Order Items/input_New Arrivals - Blooming Blush_style'

2019-09-30 17:50:00 - [MESSAGE][PASSED] - Text '3861' is set on object 'Object Repository/Page_cabi Order Items/input_New Arrivals - Blooming Blush_style'

2019-09-30 17:50:00 - [TEST_STEP][PASSED] - sendKeys(findTestObject("Object Repository/Page_cabi Order Items/input_New Arrivals - Blooming Blush_style"), Keys.chord(ENTER)): Keys 'ENTER + ' sent to object: 'Object Repository/Page_cabi Order Items/input_New Arrivals - Blooming Blush_style'

2019-09-30 17:50:00 - [MESSAGE][PASSED] - Keys 'ENTER + ' sent to object: 'Object Repository/Page_cabi Order Items/input_New Arrivals - Blooming Blush_style'

2019-09-30 17:50:00 - [TEST_STEP][PASSED] - delay(2): Delayed 2 second(s)

2019-09-30 17:50:02 - [MESSAGE][PASSED] - Delayed 2 second(s)

2019-09-30 17:50:02 - [TEST_STEP][FAILED] - executeJavaScript("arguments[0].click()", Arrays.asList(findWebElement(findTestObject("Object Repository/Page_cabi Order Items/input_New Arrivals - Blooming Blush_style"), 30))): for ([row = 1, row <= findTestData("productData").getRowNumbers(), (row++)]) FAILED.
Reason:
com.kms.katalon.core.exception.StepFailedException: Unable to execute JavaScript.
	at com.kms.katalon.core.webui.keyword.internal.WebUIKeywordMain.stepFailed(WebUIKeywordMain.groovy:64)
	at com.kms.katalon.core.webui.keyword.internal.WebUIKeywordMain.runKeyword(WebUIKeywordMain.groovy:26)
	at com.kms.katalon.core.webui.keyword.builtin.ExecuteJavaScriptKeyword.executeJavascript(ExecuteJavascriptKeyword.groovy:42)
	at com.kms.katalon.core.webui.keyword.builtin.ExecuteJavaScriptKeyword.execute(ExecuteJavascriptKeyword.groovy:37)
	at com.kms.katalon.core.keyword.internal.KeywordExecutor.executeKeywordForPlatform(KeywordExecutor.groovy:56)
	at com.kms.katalon.core.webui.keyword.WebUiBuiltInKeywords.executeJavaScript(WebUiBuiltInKeywords.groovy:3787)
	at com.kms.katalon.core.webui.keyword.WebUiBuiltInKeywords$executeJavaScript$4.call(Unknown Source)
	at productVerify.run(productVerify:25)
	at com.kms.katalon.core.main.ScriptEngine.run(ScriptEngine.java:194)
	at com.kms.katalon.core.main.ScriptEngine.runScriptAsRawText(ScriptEngine.java:119)
	at com.kms.katalon.core.main.TestCaseExecutor.runScript(TestCaseExecutor.java:342)
	at com.kms.katalon.core.main.TestCaseExecutor.doExecute(TestCaseExecutor.java:333)
	at com.kms.katalon.core.main.TestCaseExecutor.processExecutionPhase(TestCaseExecutor.java:312)
	at com.kms.katalon.core.main.TestCaseExecutor.accessMainPhase(TestCaseExecutor.java:304)
	at com.kms.katalon.core.main.TestCaseExecutor.execute(TestCaseExecutor.java:238)
	at com.kms.katalon.core.main.TestCaseMain.runTestCase(TestCaseMain.java:114)
	at com.kms.katalon.core.keyword.builtin.CallTestCaseKeyword$_callTestCase_closure1.doCall(CallTestCaseKeyword.groovy:59)
	at com.kms.katalon.core.keyword.builtin.CallTestCaseKeyword$_callTestCase_closure1.call(CallTestCaseKeyword.groovy)
	at com.kms.katalon.core.keyword.internal.KeywordMain.runKeyword(KeywordMain.groovy:66)
	at com.kms.katalon.core.keyword.builtin.CallTestCaseKeyword.callTestCase(CallTestCaseKeyword.groovy:81)
	at com.kms.katalon.core.keyword.builtin.CallTestCaseKeyword.execute(CallTestCaseKeyword.groovy:44)
	at com.kms.katalon.core.keyword.internal.KeywordExecutor.executeKeywordForPlatform(KeywordExecutor.groovy:56)
	at com.kms.katalon.core.keyword.BuiltinKeywords.callTestCase(BuiltinKeywords.groovy:334)
	at BOPersonal.run(BOPersonal:34)
	at com.kms.katalon.core.main.ScriptEngine.run(ScriptEngine.java:194)
	at com.kms.katalon.core.main.ScriptEngine.runScriptAsRawText(ScriptEngine.java:119)
	at com.kms.katalon.core.main.TestCaseExecutor.runScript(TestCaseExecutor.java:342)
	at com.kms.katalon.core.main.TestCaseExecutor.doExecute(TestCaseExecutor.java:333)
	at com.kms.katalon.core.main.TestCaseExecutor.processExecutionPhase(TestCaseExecutor.java:312)
	at com.kms.katalon.core.main.TestCaseExecutor.accessMainPhase(TestCaseExecutor.java:304)
	at com.kms.katalon.core.main.TestCaseExecutor.execute(TestCaseExecutor.java:238)
	at com.kms.katalon.core.main.TestSuiteExecutor.accessTestCaseMainPhase(TestSuiteExecutor.java:129)
	at com.kms.katalon.core.main.TestSuiteExecutor.accessTestSuiteMainPhase(TestSuiteExecutor.java:112)
	at com.kms.katalon.core.main.TestSuiteExecutor.execute(TestSuiteExecutor.java:81)
	at com.kms.katalon.core.main.TestCaseMain.startTestSuite(TestCaseMain.java:157)
	at com.kms.katalon.core.main.TestCaseMain$startTestSuite$0.call(Unknown Source)
	at TempTestSuite1569845893515.run(TempTestSuite1569845893515.groovy:35)
Caused by: org.openqa.selenium.StaleElementReferenceException: stale element reference: element is not attached to the page document
  (Session info: chrome=77.0.3865.90)
For documentation on this error, please visit: http://seleniumhq.org/exceptions/stale_element_reference.html
Build info: version: '3.7.1', revision: '8a0099a', time: '2017-11-06T21:07:36.161Z'
System info: host: 'NIVEDITA', ip: '10.0.102.244', os.name: 'Windows 8.1', os.arch: 'amd64', os.version: '6.3', java.version: '1.8.0_181'
Driver info: com.kms.katalon.selenium.driver.CChromeDriver
Capabilities {acceptInsecureCerts: false, browserName: chrome, browserVersion: 77.0.3865.90, chrome: {chromedriverVersion: 76.0.3809.68 (420c9498db8ce..., userDataDir: C:\Users\user\AppData\Local...}, goog:chromeOptions: {debuggerAddress: localhost:59772}, javascriptEnabled: true, networkConnectionEnabled: false, pageLoadStrategy: normal, platform: XP, platformName: XP, proxy: Proxy(direct), setWindowRect: true, strictFileInteractability: false, timeouts: {implicit: 0, pageLoad: 300000, script: 30000}, unhandledPromptBehavior: dismiss and notify}
Session ID: 3fff5a1a70d86ea1cda911915c960d06
	at org.openqa.selenium.remote.http.W3CHttpResponseCodec.createException(W3CHttpResponseCodec.java:187)
	at org.openqa.selenium.remote.http.W3CHttpResponseCodec.decode(W3CHttpResponseCodec.java:122)
	at org.openqa.selenium.remote.http.W3CHttpResponseCodec.decode(W3CHttpResponseCodec.java:49)
	at org.openqa.selenium.remote.HttpCommandExecutor.execute(HttpCommandExecutor.java:164)
	at org.openqa.selenium.remote.service.DriverCommandExecutor.execute(DriverCommandExecutor.java:83)
	at org.openqa.selenium.remote.RemoteWebDriver.execute(RemoteWebDriver.java:600)
	at com.kms.katalon.selenium.driver.CChromeDriver.execute(CChromeDriver.java:20)
	at org.openqa.selenium.remote.RemoteWebDriver.executeScript(RemoteWebDriver.java:536)
	at com.kms.katalon.core.webui.keyword.builtin.ExecuteJavaScriptKeyword$_executeJavascript_closure1.doCall(ExecuteJavascriptKeyword.groovy:48)
	at com.kms.katalon.core.webui.keyword.builtin.ExecuteJavaScriptKeyword$_executeJavascript_closure1.call(ExecuteJavascriptKeyword.groovy)
	at com.kms.katalon.core.webui.keyword.internal.WebUIKeywordMain.runKeyword(WebUIKeywordMain.groovy:20)
	at com.kms.katalon.core.webui.keyword.builtin.ExecuteJavaScriptKeyword.executeJavascript(ExecuteJavascriptKeyword.groovy:42)
	at com.kms.katalon.core.webui.keyword.builtin.ExecuteJavaScriptKeyword.execute(ExecuteJavascriptKeyword.groovy:37)
	at com.kms.katalon.core.keyword.internal.KeywordExecutor.executeKeywordForPlatform(KeywordExecutor.groovy:56)
	at com.kms.katalon.core.webui.keyword.WebUiBuiltInKeywords.executeJavaScript(WebUiBuiltInKeywords.groovy:3787)
	at com.kms.katalon.core.webui.keyword.WebUiBuiltInKeywords$executeJavaScript$4.call(Unknown Source)
	at Script1556094475695.run(Script1556094475695.groovy:25)
	at com.kms.katalon.core.main.ScriptEngine.run(ScriptEngine.java:194)
	at com.kms.katalon.core.main.ScriptEngine.runScriptAsRawText(ScriptEngine.java:119)
	at com.kms.katalon.core.main.TestCaseExecutor.runScript(TestCaseExecutor.java:342)
	at com.kms.katalon.core.main.TestCaseExecutor.doExecute(TestCaseExecutor.java:333)
	at com.kms.katalon.core.main.TestCaseExecutor.processExecutionPhase(TestCaseExecutor.java:312)
	at com.kms.katalon.core.main.TestCaseExecutor.accessMainPhase(TestCaseExecutor.java:304)
	at com.kms.katalon.core.main.TestCaseExecutor.execute(TestCaseExecutor.java:238)
	at com.kms.katalon.core.main.TestCaseMain.runTestCase(TestCaseMain.java:114)
	at com.kms.katalon.core.keyword.builtin.CallTestCaseKeyword$_callTestCase_closure1.doCall(CallTestCaseKeyword.groovy:59)
	at com.kms.katalon.core.keyword.builtin.CallTestCaseKeyword$_callTestCase_closure1.call(CallTestCaseKeyword.groovy)
	at com.kms.katalon.core.keyword.internal.KeywordMain.runKeyword(KeywordMain.groovy:66)
	at com.kms.katalon.core.keyword.builtin.CallTestCaseKeyword.callTestCase(CallTestCaseKeyword.groovy:81)
	at com.kms.katalon.core.keyword.builtin.CallTestCaseKeyword.execute(CallTestCaseKeyword.groovy:44)
	at com.kms.katalon.core.keyword.internal.KeywordExecutor.executeKeywordForPlatform(KeywordExecutor.groovy:56)
	at com.kms.katalon.core.keyword.BuiltinKeywords.callTestCase(BuiltinKeywords.groovy:334)
	at Script1561619682896.run(Script1561619682896.groovy:34)
	... 13 more


2019-09-30 17:50:03 - [MESSAGE][FAILED] - Unable to execute JavaScript. (Root cause: com.kms.katalon.core.exception.StepFailedException: Unable to execute JavaScript.
	at com.kms.katalon.core.webui.keyword.internal.WebUIKeywordMain.stepFailed(WebUIKeywordMain.groovy:64)
	at com.kms.katalon.core.webui.keyword.internal.WebUIKeywordMain.runKeyword(WebUIKeywordMain.groovy:26)
	at com.kms.katalon.core.webui.keyword.builtin.ExecuteJavaScriptKeyword.executeJavascript(ExecuteJavascriptKeyword.groovy:42)
	at com.kms.katalon.core.webui.keyword.builtin.ExecuteJavaScriptKeyword.execute(ExecuteJavascriptKeyword.groovy:37)
	at com.kms.katalon.core.keyword.internal.KeywordExecutor.executeKeywordForPlatform(KeywordExecutor.groovy:56)
	at com.kms.katalon.core.webui.keyword.WebUiBuiltInKeywords.executeJavaScript(WebUiBuiltInKeywords.groovy:3787)
	at com.kms.katalon.core.webui.keyword.WebUiBuiltInKeywords$executeJavaScript$4.call(Unknown Source)
	at productVerify.run(productVerify:25)
	at com.kms.katalon.core.main.ScriptEngine.run(ScriptEngine.java:194)
	at com.kms.katalon.core.main.ScriptEngine.runScriptAsRawText(ScriptEngine.java:119)
	at com.kms.katalon.core.main.TestCaseExecutor.runScript(TestCaseExecutor.java:342)
	at com.kms.katalon.core.main.TestCaseExecutor.doExecute(TestCaseExecutor.java:333)
	at com.kms.katalon.core.main.TestCaseExecutor.processExecutionPhase(TestCaseExecutor.java:312)
	at com.kms.katalon.core.main.TestCaseExecutor.accessMainPhase(TestCaseExecutor.java:304)
	at com.kms.katalon.core.main.TestCaseExecutor.execute(TestCaseExecutor.java:238)
	at com.kms.katalon.core.main.TestCaseMain.runTestCase(TestCaseMain.java:114)
	at com.kms.katalon.core.keyword.builtin.CallTestCaseKeyword$_callTestCase_closure1.doCall(CallTestCaseKeyword.groovy:59)
	at com.kms.katalon.core.keyword.builtin.CallTestCaseKeyword$_callTestCase_closure1.call(CallTestCaseKeyword.groovy)
	at com.kms.katalon.core.keyword.internal.KeywordMain.runKeyword(KeywordMain.groovy:66)
	at com.kms.katalon.core.keyword.builtin.CallTestCaseKeyword.callTestCase(CallTestCaseKeyword.groovy:81)
	at com.kms.katalon.core.keyword.builtin.CallTestCaseKeyword.execute(CallTestCaseKeyword.groovy:44)
	at com.kms.katalon.core.keyword.internal.KeywordExecutor.executeKeywordForPlatform(KeywordExecutor.groovy:56)
	at com.kms.katalon.core.keyword.BuiltinKeywords.callTestCase(BuiltinKeywords.groovy:334)
	at BOPersonal.run(BOPersonal:34)
	at com.kms.katalon.core.main.ScriptEngine.run(ScriptEngine.java:194)
	at com.kms.katalon.core.main.ScriptEngine.runScriptAsRawText(ScriptEngine.java:119)
	at com.kms.katalon.core.main.TestCaseExecutor.runScript(TestCaseExecutor.java:342)
	at com.kms.katalon.core.main.TestCaseExecutor.doExecute(TestCaseExecutor.java:333)
	at com.kms.katalon.core.main.TestCaseExecutor.processExecutionPhase(TestCaseExecutor.java:312)
	at com.kms.katalon.core.main.TestCaseExecutor.accessMainPhase(TestCaseExecutor.java:304)
	at com.kms.katalon.core.main.TestCaseExecutor.execute(TestCaseExecutor.java:238)
	at com.kms.katalon.core.main.TestSuiteExecutor.accessTestCaseMainPhase(TestSuiteExecutor.java:129)
	at com.kms.katalon.core.main.TestSuiteExecutor.accessTestSuiteMainPhase(TestSuiteExecutor.java:112)
	at com.kms.katalon.core.main.TestSuiteExecutor.execute(TestSuiteExecutor.java:81)
	at com.kms.katalon.core.main.TestCaseMain.startTestSuite(TestCaseMain.java:157)
	at com.kms.katalon.core.main.TestCaseMain$startTestSuite$0.call(Unknown Source)
	at TempTestSuite1569845893515.run(TempTestSuite1569845893515.groovy:35)
Caused by: org.openqa.selenium.StaleElementReferenceException: stale element reference: element is not attached to the page document
  (Session info: chrome=77.0.3865.90)
For documentation on this error, please visit: http://seleniumhq.org/exceptions/stale_element_reference.html
Build info: version: '3.7.1', revision: '8a0099a', time: '2017-11-06T21:07:36.161Z'
System info: host: 'NIVEDITA', ip: '10.0.102.244', os.name: 'Windows 8.1', os.arch: 'amd64', os.version: '6.3', java.version: '1.8.0_181'
Driver info: com.kms.katalon.selenium.driver.CChromeDriver
Capabilities {acceptInsecureCerts: false, browserName: chrome, browserVersion: 77.0.3865.90, chrome: {chromedriverVersion: 76.0.3809.68 (420c9498db8ce..., userDataDir: C:\Users\user\AppData\Local...}, goog:chromeOptions: {debuggerAddress: localhost:59772}, javascriptEnabled: true, networkConnectionEnabled: false, pageLoadStrategy: normal, platform: XP, platformName: XP, proxy: Proxy(direct), setWindowRect: true, strictFileInteractability: false, timeouts: {implicit: 0, pageLoad: 300000, script: 30000}, unhandledPromptBehavior: dismiss and notify}
Session ID: 3fff5a1a70d86ea1cda911915c960d06
	at org.openqa.selenium.remote.http.W3CHttpResponseCodec.createException(W3CHttpResponseCodec.java:187)
	at org.openqa.selenium.remote.http.W3CHttpResponseCodec.decode(W3CHttpResponseCodec.java:122)
	at org.openqa.selenium.remote.http.W3CHttpResponseCodec.decode(W3CHttpResponseCodec.java:49)
	at org.openqa.selenium.remote.HttpCommandExecutor.execute(HttpCommandExecutor.java:164)
	at org.openqa.selenium.remote.service.DriverCommandExecutor.execute(DriverCommandExecutor.java:83)
	at org.openqa.selenium.remote.RemoteWebDriver.execute(RemoteWebDriver.java:600)
	at com.kms.katalon.selenium.driver.CChromeDriver.execute(CChromeDriver.java:20)
	at org.openqa.selenium.remote.RemoteWebDriver.executeScript(RemoteWebDriver.java:536)
	at com.kms.katalon.core.webui.keyword.builtin.ExecuteJavaScriptKeyword$_executeJavascript_closure1.doCall(ExecuteJavascriptKeyword.groovy:48)
	at com.kms.katalon.core.webui.keyword.builtin.ExecuteJavaScriptKeyword$_executeJavascript_closure1.call(ExecuteJavascriptKeyword.groovy)
	at com.kms.katalon.core.webui.keyword.internal.WebUIKeywordMain.runKeyword(WebUIKeywordMain.groovy:20)
	at com.kms.katalon.core.webui.keyword.builtin.ExecuteJavaScriptKeyword.executeJavascript(ExecuteJavascriptKeyword.groovy:42)
	at com.kms.katalon.core.webui.keyword.builtin.ExecuteJavaScriptKeyword.execute(ExecuteJavascriptKeyword.groovy:37)
	at com.kms.katalon.core.keyword.internal.KeywordExecutor.executeKeywordForPlatform(KeywordExecutor.groovy:56)
	at com.kms.katalon.core.webui.keyword.WebUiBuiltInKeywords.executeJavaScript(WebUiBuiltInKeywords.groovy:3787)
	at com.kms.katalon.core.webui.keyword.WebUiBuiltInKeywords$executeJavaScript$4.call(Unknown Source)
	at Script1556094475695.run(Script1556094475695.groovy:25)
	at com.kms.katalon.core.main.ScriptEngine.run(ScriptEngine.java:194)
	at com.kms.katalon.core.main.ScriptEngine.runScriptAsRawText(ScriptEngine.java:119)
	at com.kms.katalon.core.main.TestCaseExecutor.runScript(TestCaseExecutor.java:342)
	at com.kms.katalon.core.main.TestCaseExecutor.doExecute(TestCaseExecutor.java:333)
	at com.kms.katalon.core.main.TestCaseExecutor.processExecutionPhase(TestCaseExecutor.java:312)
	at com.kms.katalon.core.main.TestCaseExecutor.accessMainPhase(TestCaseExecutor.java:304)
	at com.kms.katalon.core.main.TestCaseExecutor.execute(TestCaseExecutor.java:238)
	at com.kms.katalon.core.main.TestCaseMain.runTestCase(TestCaseMain.java:114)
	at com.kms.katalon.core.keyword.builtin.CallTestCaseKeyword$_callTestCase_closure1.doCall(CallTestCaseKeyword.groovy:59)
	at com.kms.katalon.core.keyword.builtin.CallTestCaseKeyword$_callTestCase_closure1.call(CallTestCaseKeyword.groovy)
	at com.kms.katalon.core.keyword.internal.KeywordMain.runKeyword(KeywordMain.groovy:66)
	at com.kms.katalon.core.keyword.builtin.CallTestCaseKeyword.callTestCase(CallTestCaseKeyword.groovy:81)
	at com.kms.katalon.core.keyword.builtin.CallTestCaseKeyword.execute(CallTestCaseKeyword.groovy:44)
	at com.kms.katalon.core.keyword.internal.KeywordExecutor.executeKeywordForPlatform(KeywordExecutor.groovy:56)
	at com.kms.katalon.core.keyword.BuiltinKeywords.callTestCase(BuiltinKeywords.groovy:334)
	at Script1561619682896.run(Script1561619682896.groovy:34)
	... 13 more
)
[[ATTACHMENT|C:\\Users\\user\\Documents\\testautomation\\KatalonProjects\\Reports\\NewArrivalsSuites\\NewArrivalsSuite\\20190930_174813\\1569846002807.png]]

2019-09-30 17:50:03 - [MESSAGE][FAILED] - for ([row = 1, row <= findTestData("productData").getRowNumbers(), (row++)]) FAILED.
Reason:
com.kms.katalon.core.exception.StepFailedException: Unable to execute JavaScript.
	at com.kms.katalon.core.webui.keyword.internal.WebUIKeywordMain.stepFailed(WebUIKeywordMain.groovy:64)
	at com.kms.katalon.core.webui.keyword.internal.WebUIKeywordMain.runKeyword(WebUIKeywordMain.groovy:26)
	at com.kms.katalon.core.webui.keyword.builtin.ExecuteJavaScriptKeyword.executeJavascript(ExecuteJavascriptKeyword.groovy:42)
	at com.kms.katalon.core.webui.keyword.builtin.ExecuteJavaScriptKeyword.execute(ExecuteJavascriptKeyword.groovy:37)
	at com.kms.katalon.core.keyword.internal.KeywordExecutor.executeKeywordForPlatform(KeywordExecutor.groovy:56)
	at com.kms.katalon.core.webui.keyword.WebUiBuiltInKeywords.executeJavaScript(WebUiBuiltInKeywords.groovy:3787)
	at com.kms.katalon.core.webui.keyword.WebUiBuiltInKeywords$executeJavaScript$4.call(Unknown Source)
	at productVerify.run(productVerify:25)
	at com.kms.katalon.core.main.ScriptEngine.run(ScriptEngine.java:194)
	at com.kms.katalon.core.main.ScriptEngine.runScriptAsRawText(ScriptEngine.java:119)
	at com.kms.katalon.core.main.TestCaseExecutor.runScript(TestCaseExecutor.java:342)
	at com.kms.katalon.core.main.TestCaseExecutor.doExecute(TestCaseExecutor.java:333)
	at com.kms.katalon.core.main.TestCaseExecutor.processExecutionPhase(TestCaseExecutor.java:312)
	at com.kms.katalon.core.main.TestCaseExecutor.accessMainPhase(TestCaseExecutor.java:304)
	at com.kms.katalon.core.main.TestCaseExecutor.execute(TestCaseExecutor.java:238)
	at com.kms.katalon.core.main.TestCaseMain.runTestCase(TestCaseMain.java:114)
	at com.kms.katalon.core.keyword.builtin.CallTestCaseKeyword$_callTestCase_closure1.doCall(CallTestCaseKeyword.groovy:59)
	at com.kms.katalon.core.keyword.builtin.CallTestCaseKeyword$_callTestCase_closure1.call(CallTestCaseKeyword.groovy)
	at com.kms.katalon.core.keyword.internal.KeywordMain.runKeyword(KeywordMain.groovy:66)
	at com.kms.katalon.core.keyword.builtin.CallTestCaseKeyword.callTestCase(CallTestCaseKeyword.groovy:81)
	at com.kms.katalon.core.keyword.builtin.CallTestCaseKeyword.execute(CallTestCaseKeyword.groovy:44)
	at com.kms.katalon.core.keyword.internal.KeywordExecutor.executeKeywordForPlatform(KeywordExecutor.groovy:56)
	at com.kms.katalon.core.keyword.BuiltinKeywords.callTestCase(BuiltinKeywords.groovy:334)
	at BOPersonal.run(BOPersonal:34)
	at com.kms.katalon.core.main.ScriptEngine.run(ScriptEngine.java:194)
	at com.kms.katalon.core.main.ScriptEngine.runScriptAsRawText(ScriptEngine.java:119)
	at com.kms.katalon.core.main.TestCaseExecutor.runScript(TestCaseExecutor.java:342)
	at com.kms.katalon.core.main.TestCaseExecutor.doExecute(TestCaseExecutor.java:333)
	at com.kms.katalon.core.main.TestCaseExecutor.processExecutionPhase(TestCaseExecutor.java:312)
	at com.kms.katalon.core.main.TestCaseExecutor.accessMainPhase(TestCaseExecutor.java:304)
	at com.kms.katalon.core.main.TestCaseExecutor.execute(TestCaseExecutor.java:238)
	at com.kms.katalon.core.main.TestSuiteExecutor.accessTestCaseMainPhase(TestSuiteExecutor.java:129)
	at com.kms.katalon.core.main.TestSuiteExecutor.accessTestSuiteMainPhase(TestSuiteExecutor.java:112)
	at com.kms.katalon.core.main.TestSuiteExecutor.execute(TestSuiteExecutor.java:81)
	at com.kms.katalon.core.main.TestCaseMain.startTestSuite(TestCaseMain.java:157)
	at com.kms.katalon.core.main.TestCaseMain$startTestSuite$0.call(Unknown Source)
	at TempTestSuite1569845893515.run(TempTestSuite1569845893515.groovy:35)
Caused by: org.openqa.selenium.StaleElementReferenceException: stale element reference: element is not attached to the page document
  (Session info: chrome=77.0.3865.90)
For documentation on this error, please visit: http://seleniumhq.org/exceptions/stale_element_reference.html
Build info: version: '3.7.1', revision: '8a0099a', time: '2017-11-06T21:07:36.161Z'
System info: host: 'NIVEDITA', ip: '10.0.102.244', os.name: 'Windows 8.1', os.arch: 'amd64', os.version: '6.3', java.version: '1.8.0_181'
Driver info: com.kms.katalon.selenium.driver.CChromeDriver
Capabilities {acceptInsecureCerts: false, browserName: chrome, browserVersion: 77.0.3865.90, chrome: {chromedriverVersion: 76.0.3809.68 (420c9498db8ce..., userDataDir: C:\Users\user\AppData\Local...}, goog:chromeOptions: {debuggerAddress: localhost:59772}, javascriptEnabled: true, networkConnectionEnabled: false, pageLoadStrategy: normal, platform: XP, platformName: XP, proxy: Proxy(direct), setWindowRect: true, strictFileInteractability: false, timeouts: {implicit: 0, pageLoad: 300000, script: 30000}, unhandledPromptBehavior: dismiss and notify}
Session ID: 3fff5a1a70d86ea1cda911915c960d06
	at org.openqa.selenium.remote.http.W3CHttpResponseCodec.createException(W3CHttpResponseCodec.java:187)
	at org.openqa.selenium.remote.http.W3CHttpResponseCodec.decode(W3CHttpResponseCodec.java:122)
	at org.openqa.selenium.remote.http.W3CHttpResponseCodec.decode(W3CHttpResponseCodec.java:49)
	at org.openqa.selenium.remote.HttpCommandExecutor.execute(HttpCommandExecutor.java:164)
	at org.openqa.selenium.remote.service.DriverCommandExecutor.execute(DriverCommandExecutor.java:83)
	at org.openqa.selenium.remote.RemoteWebDriver.execute(RemoteWebDriver.java:600)
	at com.kms.katalon.selenium.driver.CChromeDriver.execute(CChromeDriver.java:20)
	at org.openqa.selenium.remote.RemoteWebDriver.executeScript(RemoteWebDriver.java:536)
	at com.kms.katalon.core.webui.keyword.builtin.ExecuteJavaScriptKeyword$_executeJavascript_closure1.doCall(ExecuteJavascriptKeyword.groovy:48)
	at com.kms.katalon.core.webui.keyword.builtin.ExecuteJavaScriptKeyword$_executeJavascript_closure1.call(ExecuteJavascriptKeyword.groovy)
	at com.kms.katalon.core.webui.keyword.internal.WebUIKeywordMain.runKeyword(WebUIKeywordMain.groovy:20)
	at com.kms.katalon.core.webui.keyword.builtin.ExecuteJavaScriptKeyword.executeJavascript(ExecuteJavascriptKeyword.groovy:42)
	at com.kms.katalon.core.webui.keyword.builtin.ExecuteJavaScriptKeyword.execute(ExecuteJavascriptKeyword.groovy:37)
	at com.kms.katalon.core.keyword.internal.KeywordExecutor.executeKeywordForPlatform(KeywordExecutor.groovy:56)
	at com.kms.katalon.core.webui.keyword.WebUiBuiltInKeywords.executeJavaScript(WebUiBuiltInKeywords.groovy:3787)
	at com.kms.katalon.core.webui.keyword.WebUiBuiltInKeywords$executeJavaScript$4.call(Unknown Source)
	at Script1556094475695.run(Script1556094475695.groovy:25)
	at com.kms.katalon.core.main.ScriptEngine.run(ScriptEngine.java:194)
	at com.kms.katalon.core.main.ScriptEngine.runScriptAsRawText(ScriptEngine.java:119)
	at com.kms.katalon.core.main.TestCaseExecutor.runScript(TestCaseExecutor.java:342)
	at com.kms.katalon.core.main.TestCaseExecutor.doExecute(TestCaseExecutor.java:333)
	at com.kms.katalon.core.main.TestCaseExecutor.processExecutionPhase(TestCaseExecutor.java:312)
	at com.kms.katalon.core.main.TestCaseExecutor.accessMainPhase(TestCaseExecutor.java:304)
	at com.kms.katalon.core.main.TestCaseExecutor.execute(TestCaseExecutor.java:238)
	at com.kms.katalon.core.main.TestCaseMain.runTestCase(TestCaseMain.java:114)
	at com.kms.katalon.core.keyword.builtin.CallTestCaseKeyword$_callTestCase_closure1.doCall(CallTestCaseKeyword.groovy:59)
	at com.kms.katalon.core.keyword.builtin.CallTestCaseKeyword$_callTestCase_closure1.call(CallTestCaseKeyword.groovy)
	at com.kms.katalon.core.keyword.internal.KeywordMain.runKeyword(KeywordMain.groovy:66)
	at com.kms.katalon.core.keyword.builtin.CallTestCaseKeyword.callTestCase(CallTestCaseKeyword.groovy:81)
	at com.kms.katalon.core.keyword.builtin.CallTestCaseKeyword.execute(CallTestCaseKeyword.groovy:44)
	at com.kms.katalon.core.keyword.internal.KeywordExecutor.executeKeywordForPlatform(KeywordExecutor.groovy:56)
	at com.kms.katalon.core.keyword.BuiltinKeywords.callTestCase(BuiltinKeywords.groovy:334)
	at Script1561619682896.run(Script1561619682896.groovy:34)
	... 13 more


2019-09-30 17:50:03 - [MESSAGE][FAILED] - Unable to call Test Case 'Test Cases/NewArrival/productVerify' (Root cause: com.kms.katalon.core.exception.StepFailedException: Call Test Case 'Test Cases/NewArrival/productVerify' failed
	at com.kms.katalon.core.keyword.builtin.CallTestCaseKeyword$_callTestCase_closure1.doCall(CallTestCaseKeyword.groovy:63)
	at com.kms.katalon.core.keyword.builtin.CallTestCaseKeyword$_callTestCase_closure1.call(CallTestCaseKeyword.groovy)
	at com.kms.katalon.core.keyword.internal.KeywordMain.runKeyword(KeywordMain.groovy:66)
	at com.kms.katalon.core.keyword.builtin.CallTestCaseKeyword.callTestCase(CallTestCaseKeyword.groovy:81)
	at com.kms.katalon.core.keyword.builtin.CallTestCaseKeyword.execute(CallTestCaseKeyword.groovy:44)
	at com.kms.katalon.core.keyword.internal.KeywordExecutor.executeKeywordForPlatform(KeywordExecutor.groovy:56)
	at com.kms.katalon.core.keyword.BuiltinKeywords.callTestCase(BuiltinKeywords.groovy:334)
	at BOPersonal.run(BOPersonal:34)
	at com.kms.katalon.core.main.ScriptEngine.run(ScriptEngine.java:194)
	at com.kms.katalon.core.main.ScriptEngine.runScriptAsRawText(ScriptEngine.java:119)
	at com.kms.katalon.core.main.TestCaseExecutor.runScript(TestCaseExecutor.java:342)
	at com.kms.katalon.core.main.TestCaseExecutor.doExecute(TestCaseExecutor.java:333)
	at com.kms.katalon.core.main.TestCaseExecutor.processExecutionPhase(TestCaseExecutor.java:312)
	at com.kms.katalon.core.main.TestCaseExecutor.accessMainPhase(TestCaseExecutor.java:304)
	at com.kms.katalon.core.main.TestCaseExecutor.execute(TestCaseExecutor.java:238)
	at com.kms.katalon.core.main.TestSuiteExecutor.accessTestCaseMainPhase(TestSuiteExecutor.java:129)
	at com.kms.katalon.core.main.TestSuiteExecutor.accessTestSuiteMainPhase(TestSuiteExecutor.java:112)
	at com.kms.katalon.core.main.TestSuiteExecutor.execute(TestSuiteExecutor.java:81)
	at com.kms.katalon.core.main.TestCaseMain.startTestSuite(TestCaseMain.java:157)
	at com.kms.katalon.core.main.TestCaseMain$startTestSuite$0.call(Unknown Source)
	at TempTestSuite1569845893515.run(TempTestSuite1569845893515.groovy:35)
Caused by: com.kms.katalon.core.exception.StepFailedException: Unable to execute JavaScript.
	at com.kms.katalon.core.webui.keyword.internal.WebUIKeywordMain.stepFailed(WebUIKeywordMain.groovy:64)
	at com.kms.katalon.core.webui.keyword.internal.WebUIKeywordMain.runKeyword(WebUIKeywordMain.groovy:26)
	at com.kms.katalon.core.webui.keyword.builtin.ExecuteJavaScriptKeyword.executeJavascript(ExecuteJavascriptKeyword.groovy:42)
	at com.kms.katalon.core.webui.keyword.builtin.ExecuteJavaScriptKeyword.execute(ExecuteJavascriptKeyword.groovy:37)
	at com.kms.katalon.core.keyword.internal.KeywordExecutor.executeKeywordForPlatform(KeywordExecutor.groovy:56)
	at com.kms.katalon.core.webui.keyword.WebUiBuiltInKeywords.executeJavaScript(WebUiBuiltInKeywords.groovy:3787)
	at com.kms.katalon.core.webui.keyword.WebUiBuiltInKeywords$executeJavaScript$4.call(Unknown Source)
	at productVerify.run(productVerify:25)
	at com.kms.katalon.core.main.ScriptEngine.run(ScriptEngine.java:194)
	at com.kms.katalon.core.main.ScriptEngine.runScriptAsRawText(ScriptEngine.java:119)
	at com.kms.katalon.core.main.TestCaseExecutor.runScript(TestCaseExecutor.java:342)
	at com.kms.katalon.core.main.TestCaseExecutor.doExecute(TestCaseExecutor.java:333)
	at com.kms.katalon.core.main.TestCaseExecutor.processExecutionPhase(TestCaseExecutor.java:312)
	at com.kms.katalon.core.main.TestCaseExecutor.accessMainPhase(TestCaseExecutor.java:304)
	at com.kms.katalon.core.main.TestCaseExecutor.execute(TestCaseExecutor.java:238)
	at com.kms.katalon.core.main.TestCaseMain.runTestCase(TestCaseMain.java:114)
	at com.kms.katalon.core.keyword.builtin.CallTestCaseKeyword$_callTestCase_closure1.doCall(CallTestCaseKeyword.groovy:59)
	... 20 more
Caused by: org.openqa.selenium.StaleElementReferenceException: stale element reference: element is not attached to the page document
  (Session info: chrome=77.0.3865.90)
For documentation on this error, please visit: http://seleniumhq.org/exceptions/stale_element_reference.html
Build info: version: '3.7.1', revision: '8a0099a', time: '2017-11-06T21:07:36.161Z'
System info: host: 'NIVEDITA', ip: '10.0.102.244', os.name: 'Windows 8.1', os.arch: 'amd64', os.version: '6.3', java.version: '1.8.0_181'
Driver info: com.kms.katalon.selenium.driver.CChromeDriver
Capabilities {acceptInsecureCerts: false, browserName: chrome, browserVersion: 77.0.3865.90, chrome: {chromedriverVersion: 76.0.3809.68 (420c9498db8ce..., userDataDir: C:\Users\user\AppData\Local...}, goog:chromeOptions: {debuggerAddress: localhost:59772}, javascriptEnabled: true, networkConnectionEnabled: false, pageLoadStrategy: normal, platform: XP, platformName: XP, proxy: Proxy(direct), setWindowRect: true, strictFileInteractability: false, timeouts: {implicit: 0, pageLoad: 300000, script: 30000}, unhandledPromptBehavior: dismiss and notify}
Session ID: 3fff5a1a70d86ea1cda911915c960d06
	at org.openqa.selenium.remote.http.W3CHttpResponseCodec.createException(W3CHttpResponseCodec.java:187)
	at org.openqa.selenium.remote.http.W3CHttpResponseCodec.decode(W3CHttpResponseCodec.java:122)
	at org.openqa.selenium.remote.http.W3CHttpResponseCodec.decode(W3CHttpResponseCodec.java:49)
	at org.openqa.selenium.remote.HttpCommandExecutor.execute(HttpCommandExecutor.java:164)
	at org.openqa.selenium.remote.service.DriverCommandExecutor.execute(DriverCommandExecutor.java:83)
	at org.openqa.selenium.remote.RemoteWebDriver.execute(RemoteWebDriver.java:600)
	at com.kms.katalon.selenium.driver.CChromeDriver.execute(CChromeDriver.java:20)
	at org.openqa.selenium.remote.RemoteWebDriver.executeScript(RemoteWebDriver.java:536)
	at com.kms.katalon.core.webui.keyword.builtin.ExecuteJavaScriptKeyword$_executeJavascript_closure1.doCall(ExecuteJavascriptKeyword.groovy:48)
	at com.kms.katalon.core.webui.keyword.builtin.ExecuteJavaScriptKeyword$_executeJavascript_closure1.call(ExecuteJavascriptKeyword.groovy)
	at com.kms.katalon.core.webui.keyword.internal.WebUIKeywordMain.runKeyword(WebUIKeywordMain.groovy:20)
	at com.kms.katalon.core.webui.keyword.builtin.ExecuteJavaScriptKeyword.executeJavascript(ExecuteJavascriptKeyword.groovy:42)
	at com.kms.katalon.core.webui.keyword.builtin.ExecuteJavaScriptKeyword.execute(ExecuteJavascriptKeyword.groovy:37)
	at com.kms.katalon.core.keyword.internal.KeywordExecutor.executeKeywordForPlatform(KeywordExecutor.groovy:56)
	at com.kms.katalon.core.webui.keyword.WebUiBuiltInKeywords.executeJavaScript(WebUiBuiltInKeywords.groovy:3787)
	at com.kms.katalon.core.webui.keyword.WebUiBuiltInKeywords$executeJavaScript$4.call(Unknown Source)
	at Script1556094475695.run(Script1556094475695.groovy:25)
	at com.kms.katalon.core.main.ScriptEngine.run(ScriptEngine.java:194)
	at com.kms.katalon.core.main.ScriptEngine.runScriptAsRawText(ScriptEngine.java:119)
	at com.kms.katalon.core.main.TestCaseExecutor.runScript(TestCaseExecutor.java:342)
	at com.kms.katalon.core.main.TestCaseExecutor.doExecute(TestCaseExecutor.java:333)
	at com.kms.katalon.core.main.TestCaseExecutor.processExecutionPhase(TestCaseExecutor.java:312)
	at com.kms.katalon.core.main.TestCaseExecutor.accessMainPhase(TestCaseExecutor.java:304)
	at com.kms.katalon.core.main.TestCaseExecutor.execute(TestCaseExecutor.java:238)
	at com.kms.katalon.core.main.TestCaseMain.runTestCase(TestCaseMain.java:114)
	at com.kms.katalon.core.keyword.builtin.CallTestCaseKeyword$_callTestCase_closure1.doCall(CallTestCaseKeyword.groovy:59)
	at com.kms.katalon.core.keyword.builtin.CallTestCaseKeyword$_callTestCase_closure1.call(CallTestCaseKeyword.groovy)
	at com.kms.katalon.core.keyword.internal.KeywordMain.runKeyword(KeywordMain.groovy:66)
	at com.kms.katalon.core.keyword.builtin.CallTestCaseKeyword.callTestCase(CallTestCaseKeyword.groovy:81)
	at com.kms.katalon.core.keyword.builtin.CallTestCaseKeyword.execute(CallTestCaseKeyword.groovy:44)
	at com.kms.katalon.core.keyword.internal.KeywordExecutor.executeKeywordForPlatform(KeywordExecutor.groovy:56)
	at com.kms.katalon.core.keyword.BuiltinKeywords.callTestCase(BuiltinKeywords.groovy:334)
	at Script1561619682896.run(Script1561619682896.groovy:34)
	... 13 more
)

2019-09-30 17:50:03 - [TEST_STEP][PASSED] - callTestCase(findTestCase("NewArrival/populateTimeGlobalVars"), ["row":timeRow], CONTINUE_ON_FAILURE): Call Test Case 'Test Cases/NewArrival/populateTimeGlobalVars' successfully

2019-09-30 17:50:03 - [TEST_CASE][PASSED] - Test Cases/NewArrival/populateTimeGlobalVars: Test Cases/NewArrival/populateTimeGlobalVars

2019-09-30 17:50:03 - [TEST_STEP][PASSED] - dataFile = "timezoneData": null

2019-09-30 17:50:03 - [TEST_STEP][PASSED] - clockServerTarget = UtilityMethods.getTestData("envtData", "clockServerTarget", 1): null

2019-09-30 17:50:03 - [TEST_STEP][PASSED] - println(clockServerTarget): null

2019-09-30 17:50:03 - [TEST_STEP][PASSED] - orderType = UtilityMethods.getTestData(dataFile, "orderType", row): null

2019-09-30 17:50:03 - [TEST_STEP][PASSED] - timeZone = UtilityMethods.getTestData(dataFile, "timeZone", row): null

2019-09-30 17:50:03 - [TEST_STEP][PASSED] - BOPersonal = UtilityMethods.getTestData(dataFile, "BOPersonal", row): null

2019-09-30 17:50:03 - [TEST_STEP][PASSED] - BOAddonPersonal = UtilityMethods.getTestData(dataFile, "BOAddonPersonal", row): null

2019-09-30 17:50:03 - [TEST_STEP][PASSED] - BOAddonRetail = UtilityMethods.getTestData(dataFile, "BOAddonRetail", row): null

2019-09-30 17:50:03 - [TEST_STEP][PASSED] - BORetail = UtilityMethods.getTestData(dataFile, "BORetail", row): null

2019-09-30 17:50:03 - [TEST_STEP][PASSED] - BOShow = UtilityMethods.getTestData(dataFile, "BOShow", row): null

2019-09-30 17:50:03 - [TEST_STEP][PASSED] - BOOnlineoutlet = UtilityMethods.getTestData(dataFile, "BOOnlineoutlet", row): null

2019-09-30 17:50:03 - [TEST_STEP][PASSED] - BOEmployee = UtilityMethods.getTestData(dataFile, "BOEmployee", row): null

2019-09-30 17:50:03 - [TEST_STEP][PASSED] - CCPersonal = UtilityMethods.getTestData(dataFile, "CCPersonal", row): null

2019-09-30 17:50:03 - [TEST_STEP][PASSED] - CCRetail = UtilityMethods.getTestData(dataFile, "CCRetail", row): null

2019-09-30 17:50:03 - [TEST_STEP][PASSED] - CCShow = UtilityMethods.getTestData(dataFile, "CCShow", row): null

2019-09-30 17:50:03 - [TEST_STEP][PASSED] - BOEblast = UtilityMethods.getTestData(dataFile, "BOEblast", row): null

2019-09-30 17:50:03 - [TEST_STEP][PASSED] - println(row): null

2019-09-30 17:50:03 - [TEST_STEP][PASSED] - println(BOPersonal): null

2019-09-30 17:50:03 - [MESSAGE][PASSED] - Call Test Case 'Test Cases/NewArrival/populateTimeGlobalVars' successfully

2019-09-30 17:50:03 - [TEST_STEP][PASSED] - callTestCase(findTestCase("NewArrival/setTimezone"), ["ofbizURL":"", "ofbizuser":"", "ofbizpass":"", "orderType":orderType, "timeZone":timeZone, "serverTarget":serverTarget, "clockServerTarget":clockServerTarget], CONTINUE_ON_FAILURE): Call Test Case 'Test Cases/NewArrival/setTimezone' successfully

2019-09-30 17:50:03 - [TEST_CASE][PASSED] - Test Cases/NewArrival/setTimezone: Test Cases/NewArrival/setTimezone

2019-09-30 17:50:03 - [TEST_STEP][PASSED] - openBrowser(""): Browser is opened with url: ''

2019-09-30 17:50:03 - [MESSAGE][WARNING] - A browser is already opened. Closing browser and opening a new one

2019-09-30 17:50:04 - [MESSAGE][INFO] - Starting 'Chrome' driver

2019-09-30 17:50:04 - [MESSAGE][INFO] - User set preference: ['args', '[--use-fake-ui-for-media-stream, --start-maximized]']

2019-09-30 17:50:06 - [MESSAGE][PASSED] - Browser is opened with url: ''

2019-09-30 17:50:06 - [TEST_STEP][NOT_RUN] - maximizeWindow(): NOT_RUN: maximizeWindow()

2019-09-30 17:50:06 - [MESSAGE][NOT_RUN] - NOT_RUN: maximizeWindow()

2019-09-30 17:50:06 - [TEST_STEP][PASSED] - ofbizURL = findTestData("envtData").getValue("ofbizURL", 1): null

2019-09-30 17:50:06 - [TEST_STEP][PASSED] - ofbizuser = findTestData("credData").getValue("ofbizuser", 1): null

2019-09-30 17:50:06 - [TEST_STEP][PASSED] - ofbizpass = findTestData("credData").getValue("ofbizpass", 1): null

2019-09-30 17:50:06 - [TEST_STEP][PASSED] - navigateToUrl(ofbizURL): Navigate to 'https://pushofbiz.cliotest.com/login.php' successfully

2019-09-30 17:50:08 - [MESSAGE][PASSED] - Navigate to 'https://pushofbiz.cliotest.com/login.php' successfully

2019-09-30 17:50:08 - [TEST_STEP][PASSED] - setText(findTestObject("Page_/input_Username_username"), ofbizuser): Text 'automation' is set on object 'Object Repository/Page_/input_Username_username'

2019-09-30 17:50:08 - [MESSAGE][PASSED] - Text 'automation' is set on object 'Object Repository/Page_/input_Username_username'

2019-09-30 17:50:08 - [TEST_STEP][PASSED] - setText(findTestObject("Page_/input_Password_password"), ofbizpass): Text 'cabiautomation' is set on object 'Object Repository/Page_/input_Password_password'

2019-09-30 17:50:08 - [MESSAGE][PASSED] - Text 'cabiautomation' is set on object 'Object Repository/Page_/input_Password_password'

2019-09-30 17:50:08 - [TEST_STEP][PASSED] - click(findTestObject("Page_/input_Password_Submit")): Object: 'Object Repository/Page_/input_Password_Submit' is clicked on

2019-09-30 17:50:12 - [MESSAGE][PASSED] - Object: 'Object Repository/Page_/input_Password_Submit' is clicked on

2019-09-30 17:50:12 - [TEST_STEP][PASSED] - click(findTestObject("Object Repository/Page_/a_Clock set")): Object: 'Object Repository/Page_/a_Clock set' is clicked on

2019-09-30 17:50:13 - [MESSAGE][PASSED] - Object: 'Object Repository/Page_/a_Clock set' is clicked on

2019-09-30 17:50:13 - [TEST_STEP][PASSED] - cst = UtilityMethods.createTestObject("select_target", "//select[@name='Target']/option[contains(text(), '", clockServerTarget, "')]"): null

2019-09-30 17:50:13 - [TEST_STEP][PASSED] - println(clockServerTarget): null

2019-09-30 17:50:13 - [TEST_STEP][PASSED] - click(cst): Object: 'select_target' is clicked on

2019-09-30 17:50:13 - [MESSAGE][PASSED] - Object: 'select_target' is clicked on

2019-09-30 17:50:13 - [TEST_STEP][PASSED] - click(findTestObject("Page_/thisDateAndTime")): Object: 'Object Repository/Page_/thisDateAndTime' is clicked on

2019-09-30 17:50:13 - [MESSAGE][PASSED] - Object: 'Object Repository/Page_/thisDateAndTime' is clicked on

2019-09-30 17:50:13 - [TEST_STEP][PASSED] - setText(findTestObject("Object Repository/Page_/setTargetTime"), timeZone): Text ' 10/24/2019 00:00' is set on object 'Object Repository/Page_/setTargetTime'

2019-09-30 17:50:13 - [MESSAGE][PASSED] - Text ' 10/24/2019 00:00' is set on object 'Object Repository/Page_/setTargetTime'

2019-09-30 17:50:13 - [TEST_STEP][PASSED] - click(findTestObject("Object Repository/Page_/input")): Object: 'Object Repository/Page_/input' is clicked on

2019-09-30 17:50:13 - [MESSAGE][PASSED] - Object: 'Object Repository/Page_/input' is clicked on

2019-09-30 17:50:13 - [TEST_STEP][PASSED] - delay(10): Delayed 10 second(s)

2019-09-30 17:50:23 - [MESSAGE][PASSED] - Delayed 10 second(s)

2019-09-30 17:50:23 - [TEST_STEP][NOT_RUN] - closeBrowser(): NOT_RUN: closeBrowser()

2019-09-30 17:50:23 - [MESSAGE][NOT_RUN] - NOT_RUN: closeBrowser()

2019-09-30 17:50:23 - [MESSAGE][PASSED] - Call Test Case 'Test Cases/NewArrival/setTimezone' successfully

2019-09-30 17:50:23 - [TEST_STEP][PASSED] - callTestCase(findTestCase("TestCaseUtilities/backOfficeLogin"), ["BOURL":"", "BOuser":"", "BOpass":""], CONTINUE_ON_FAILURE): Call Test Case 'Test Cases/TestCaseUtilities/backOfficeLogin' successfully

2019-09-30 17:50:24 - [TEST_CASE][PASSED] - Test Cases/TestCaseUtilities/backOfficeLogin: Test Cases/TestCaseUtilities/backOfficeLogin

2019-09-30 17:50:24 - [TEST_STEP][PASSED] - BOURL = findTestData("envtData").getValue("BOURL", 1): null

2019-09-30 17:50:24 - [TEST_STEP][PASSED] - BOuser = findTestData("credData").getValue("BOuser", 1): null

2019-09-30 17:50:24 - [TEST_STEP][PASSED] - BOpass = findTestData("credData").getValue("BOpass", 1): null

2019-09-30 17:50:24 - [TEST_STEP][PASSED] - openBrowser(""): Browser is opened with url: ''

2019-09-30 17:50:24 - [MESSAGE][WARNING] - A browser is already opened. Closing browser and opening a new one

2019-09-30 17:50:24 - [MESSAGE][INFO] - Starting 'Chrome' driver

2019-09-30 17:50:24 - [MESSAGE][INFO] - User set preference: ['args', '[--use-fake-ui-for-media-stream, --start-maximized]']

2019-09-30 17:50:26 - [MESSAGE][PASSED] - Browser is opened with url: ''

2019-09-30 17:50:26 - [TEST_STEP][PASSED] - navigateToUrl(BOURL): Navigate to 'https://test4.cliotest.com/backoffice/control/main' successfully

2019-09-30 17:50:33 - [MESSAGE][PASSED] - Navigate to 'https://test4.cliotest.com/backoffice/control/main' successfully

2019-09-30 17:50:33 - [TEST_STEP][PASSED] - logOut = findWebElements(findTestObject("Object Repository/Page_cabi Home/log_out"), 1): Unable to find the element located by 'By.xpath: //a[contains(text(),'Log Out')]'. Please recheck the objects properties to make sure the desired element is located. 

2019-09-30 17:50:34 - [MESSAGE][INFO] - Unable to find the element located by 'By.xpath: //a[contains(text(),'Log Out')]'. Please recheck the objects properties to make sure the desired element is located. 

2019-09-30 17:50:34 - [TEST_STEP][PASSED] - if (logOut.size() == 0): Object: 'Object Repository/Page_cabi/input_Welcome to_consultantLogin' is clicked on

2019-09-30 17:50:34 - [TEST_STEP][PASSED] - setText(findTestObject("Page_cabi/input_Welcome to_USERNAME"), BOuser): Text '400000002' is set on object 'Object Repository/Page_cabi/input_Welcome to_USERNAME'

2019-09-30 17:50:34 - [MESSAGE][PASSED] - Text '400000002' is set on object 'Object Repository/Page_cabi/input_Welcome to_USERNAME'

2019-09-30 17:50:34 - [TEST_STEP][PASSED] - setText(findTestObject("Object Repository/Page_cabi/input_Welcome to_PASSWORD"), BOpass): Text 'blackdress19' is set on object 'Object Repository/Page_cabi/input_Welcome to_PASSWORD'

2019-09-30 17:50:34 - [MESSAGE][PASSED] - Text 'blackdress19' is set on object 'Object Repository/Page_cabi/input_Welcome to_PASSWORD'

2019-09-30 17:50:34 - [TEST_STEP][PASSED] - click(findTestObject("Object Repository/Page_cabi/input_Welcome to_consultantLogin")): Object: 'Object Repository/Page_cabi/input_Welcome to_consultantLogin' is clicked on

2019-09-30 17:50:42 - [MESSAGE][PASSED] - Object: 'Object Repository/Page_cabi/input_Welcome to_consultantLogin' is clicked on

2019-09-30 17:50:42 - [TEST_STEP][PASSED] - delay(3): Delayed 3 second(s)

2019-09-30 17:50:45 - [MESSAGE][PASSED] - Delayed 3 second(s)

2019-09-30 17:50:45 - [MESSAGE][PASSED] - Call Test Case 'Test Cases/TestCaseUtilities/backOfficeLogin' successfully

2019-09-30 17:50:45 - [TEST_STEP][PASSED] - click(findTestObject("Object Repository/Page_cabi Home/a_Shows  Orders")): Object: 'Object Repository/Page_cabi Home/a_Shows  Orders' is clicked on

2019-09-30 17:50:45 - [MESSAGE][PASSED] - Object: 'Object Repository/Page_cabi Home/a_Shows  Orders' is clicked on

2019-09-30 17:50:45 - [TEST_STEP][PASSED] - click(findTestObject("Page_cabi Home/a_personal_purchases")): Object: 'Object Repository/Page_cabi Home/a_personal_purchases' is clicked on

2019-09-30 17:50:47 - [MESSAGE][PASSED] - Object: 'Object Repository/Page_cabi Home/a_personal_purchases' is clicked on

2019-09-30 17:50:47 - [TEST_STEP][PASSED] - click(findTestObject("Object Repository/Page_cabi Personal Store/span_Continue to Order")): Object: 'Object Repository/Page_cabi Personal Store/span_Continue to Order' is clicked on

2019-09-30 17:50:48 - [MESSAGE][PASSED] - Object: 'Object Repository/Page_cabi Personal Store/span_Continue to Order' is clicked on

2019-09-30 17:50:48 - [TEST_STEP][PASSED] - println(BOPersonal): null

2019-09-30 17:50:48 - [TEST_STEP][PASSED] - callTestCase(findTestCase("NewArrival/productVerify"), ["available":BOPersonal, "storeType":"BOPersonal"], CONTINUE_ON_FAILURE): Call Test Case 'Test Cases/NewArrival/productVerify' successfully

2019-09-30 17:50:48 - [TEST_CASE][PASSED] - Test Cases/NewArrival/productVerify: Test Cases/NewArrival/productVerify

2019-09-30 17:50:48 - [TEST_STEP][PASSED] - for ([row = 1, row <= findTestData("productData").getRowNumbers(), (row++)]): Actual text and expected text of test object 'Object Repository/Page_cabi Order Items/no_result_found' are matched.

2019-09-30 17:50:48 - [TEST_STEP][PASSED] - sa = new org.testng.asserts.SoftAssert(): null

2019-09-30 17:50:48 - [TEST_STEP][PASSED] - setText(findTestObject("Object Repository/Page_cabi Order Items/input_New Arrivals - Blooming Blush_style"), findTestData("productData").getValue("Style", row)): Text '3843' is set on object 'Object Repository/Page_cabi Order Items/input_New Arrivals - Blooming Blush_style'

2019-09-30 17:50:49 - [MESSAGE][PASSED] - Text '3843' is set on object 'Object Repository/Page_cabi Order Items/input_New Arrivals - Blooming Blush_style'

2019-09-30 17:50:49 - [TEST_STEP][PASSED] - sendKeys(findTestObject("Object Repository/Page_cabi Order Items/input_New Arrivals - Blooming Blush_style"), Keys.chord(ENTER)): Keys 'ENTER + ' sent to object: 'Object Repository/Page_cabi Order Items/input_New Arrivals - Blooming Blush_style'

2019-09-30 17:50:49 - [MESSAGE][PASSED] - Keys 'ENTER + ' sent to object: 'Object Repository/Page_cabi Order Items/input_New Arrivals - Blooming Blush_style'

2019-09-30 17:50:49 - [TEST_STEP][PASSED] - delay(2): Delayed 2 second(s)

2019-09-30 17:50:51 - [MESSAGE][PASSED] - Delayed 2 second(s)

2019-09-30 17:50:51 - [TEST_STEP][PASSED] - executeJavaScript("arguments[0].click()", Arrays.asList(findWebElement(findTestObject("Object Repository/Page_cabi Order Items/input_New Arrivals - Blooming Blush_style"), 30))): Execute JavaScript 'arguments[0].click()' successfully

2019-09-30 17:50:51 - [MESSAGE][PASSED] - Execute JavaScript 'arguments[0].click()' successfully

2019-09-30 17:50:51 - [TEST_STEP][PASSED] - delay(2): Delayed 2 second(s)

2019-09-30 17:50:53 - [MESSAGE][PASSED] - Delayed 2 second(s)

2019-09-30 17:50:53 - [TEST_STEP][PASSED] - if (toString().equalsIgnoreCase("no")): Actual text and expected text of test object 'Object Repository/Page_cabi Order Items/no_result_found' are matched.

2019-09-30 17:50:53 - [TEST_STEP][PASSED] - delay(2): Delayed 2 second(s)

2019-09-30 17:50:55 - [MESSAGE][PASSED] - Delayed 2 second(s)

2019-09-30 17:50:55 - [TEST_STEP][PASSED] - noResultMessages = findWebElements(findTestObject("Page_cabi Order Items/no_result_found"), 5): null

2019-09-30 17:50:55 - [TEST_STEP][PASSED] - println(noResultMessages.size()): null

2019-09-30 17:50:55 - [TEST_STEP][PASSED] - sa.assertTrue(noResultMessages.size() > 0): null

2019-09-30 17:50:55 - [TEST_STEP][PASSED] - verifyElementText(findTestObject("Page_cabi Order Items/no_result_found"), "No Results Found!", CONTINUE_ON_FAILURE): Actual text and expected text of test object 'Object Repository/Page_cabi Order Items/no_result_found' are matched.

2019-09-30 17:50:55 - [MESSAGE][PASSED] - Actual text and expected text of test object 'Object Repository/Page_cabi Order Items/no_result_found' are matched.

2019-09-30 17:50:55 - [TEST_STEP][PASSED] - sa = new org.testng.asserts.SoftAssert(): null

2019-09-30 17:50:55 - [TEST_STEP][PASSED] - setText(findTestObject("Object Repository/Page_cabi Order Items/input_New Arrivals - Blooming Blush_style"), findTestData("productData").getValue("Style", row)): Text '3846' is set on object 'Object Repository/Page_cabi Order Items/input_New Arrivals - Blooming Blush_style'

2019-09-30 17:50:55 - [MESSAGE][PASSED] - Text '3846' is set on object 'Object Repository/Page_cabi Order Items/input_New Arrivals - Blooming Blush_style'

2019-09-30 17:50:55 - [TEST_STEP][PASSED] - sendKeys(findTestObject("Object Repository/Page_cabi Order Items/input_New Arrivals - Blooming Blush_style"), Keys.chord(ENTER)): Keys 'ENTER + ' sent to object: 'Object Repository/Page_cabi Order Items/input_New Arrivals - Blooming Blush_style'

2019-09-30 17:50:55 - [MESSAGE][PASSED] - Keys 'ENTER + ' sent to object: 'Object Repository/Page_cabi Order Items/input_New Arrivals - Blooming Blush_style'

2019-09-30 17:50:55 - [TEST_STEP][PASSED] - delay(2): Delayed 2 second(s)

2019-09-30 17:50:57 - [MESSAGE][PASSED] - Delayed 2 second(s)

2019-09-30 17:50:57 - [TEST_STEP][PASSED] - executeJavaScript("arguments[0].click()", Arrays.asList(findWebElement(findTestObject("Object Repository/Page_cabi Order Items/input_New Arrivals - Blooming Blush_style"), 30))): Execute JavaScript 'arguments[0].click()' successfully

2019-09-30 17:50:57 - [MESSAGE][PASSED] - Execute JavaScript 'arguments[0].click()' successfully

2019-09-30 17:50:57 - [TEST_STEP][PASSED] - delay(2): Delayed 2 second(s)

2019-09-30 17:50:59 - [MESSAGE][PASSED] - Delayed 2 second(s)

2019-09-30 17:50:59 - [TEST_STEP][PASSED] - if (toString().equalsIgnoreCase("no")): Actual text and expected text of test object 'Object Repository/Page_cabi Order Items/no_result_found' are matched.

2019-09-30 17:50:59 - [TEST_STEP][PASSED] - delay(2): Delayed 2 second(s)

2019-09-30 17:51:01 - [MESSAGE][PASSED] - Delayed 2 second(s)

2019-09-30 17:51:01 - [TEST_STEP][PASSED] - noResultMessages = findWebElements(findTestObject("Page_cabi Order Items/no_result_found"), 5): null

2019-09-30 17:51:01 - [TEST_STEP][PASSED] - println(noResultMessages.size()): null

2019-09-30 17:51:01 - [TEST_STEP][PASSED] - sa.assertTrue(noResultMessages.size() > 0): null

2019-09-30 17:51:01 - [TEST_STEP][PASSED] - verifyElementText(findTestObject("Page_cabi Order Items/no_result_found"), "No Results Found!", CONTINUE_ON_FAILURE): Actual text and expected text of test object 'Object Repository/Page_cabi Order Items/no_result_found' are matched.

2019-09-30 17:51:01 - [MESSAGE][PASSED] - Actual text and expected text of test object 'Object Repository/Page_cabi Order Items/no_result_found' are matched.

2019-09-30 17:51:01 - [TEST_STEP][PASSED] - sa = new org.testng.asserts.SoftAssert(): null

2019-09-30 17:51:01 - [TEST_STEP][PASSED] - setText(findTestObject("Object Repository/Page_cabi Order Items/input_New Arrivals - Blooming Blush_style"), findTestData("productData").getValue("Style", row)): Text '3850' is set on object 'Object Repository/Page_cabi Order Items/input_New Arrivals - Blooming Blush_style'

2019-09-30 17:51:01 - [MESSAGE][PASSED] - Text '3850' is set on object 'Object Repository/Page_cabi Order Items/input_New Arrivals - Blooming Blush_style'

2019-09-30 17:51:01 - [TEST_STEP][PASSED] - sendKeys(findTestObject("Object Repository/Page_cabi Order Items/input_New Arrivals - Blooming Blush_style"), Keys.chord(ENTER)): Keys 'ENTER + ' sent to object: 'Object Repository/Page_cabi Order Items/input_New Arrivals - Blooming Blush_style'

2019-09-30 17:51:01 - [MESSAGE][PASSED] - Keys 'ENTER + ' sent to object: 'Object Repository/Page_cabi Order Items/input_New Arrivals - Blooming Blush_style'

2019-09-30 17:51:01 - [TEST_STEP][PASSED] - delay(2): Delayed 2 second(s)

2019-09-30 17:51:03 - [MESSAGE][PASSED] - Delayed 2 second(s)

2019-09-30 17:51:03 - [TEST_STEP][PASSED] - executeJavaScript("arguments[0].click()", Arrays.asList(findWebElement(findTestObject("Object Repository/Page_cabi Order Items/input_New Arrivals - Blooming Blush_style"), 30))): Execute JavaScript 'arguments[0].click()' successfully

2019-09-30 17:51:03 - [MESSAGE][PASSED] - Execute JavaScript 'arguments[0].click()' successfully

2019-09-30 17:51:03 - [TEST_STEP][PASSED] - delay(2): Delayed 2 second(s)

2019-09-30 17:51:06 - [MESSAGE][PASSED] - Delayed 2 second(s)

2019-09-30 17:51:06 - [TEST_STEP][PASSED] - if (toString().equalsIgnoreCase("no")): Actual text and expected text of test object 'Object Repository/Page_cabi Order Items/no_result_found' are matched.

2019-09-30 17:51:06 - [TEST_STEP][PASSED] - delay(2): Delayed 2 second(s)

2019-09-30 17:51:08 - [MESSAGE][PASSED] - Delayed 2 second(s)

2019-09-30 17:51:08 - [TEST_STEP][PASSED] - noResultMessages = findWebElements(findTestObject("Page_cabi Order Items/no_result_found"), 5): null

2019-09-30 17:51:08 - [TEST_STEP][PASSED] - println(noResultMessages.size()): null

2019-09-30 17:51:08 - [TEST_STEP][PASSED] - sa.assertTrue(noResultMessages.size() > 0): null

2019-09-30 17:51:08 - [TEST_STEP][PASSED] - verifyElementText(findTestObject("Page_cabi Order Items/no_result_found"), "No Results Found!", CONTINUE_ON_FAILURE): Actual text and expected text of test object 'Object Repository/Page_cabi Order Items/no_result_found' are matched.

2019-09-30 17:51:08 - [MESSAGE][PASSED] - Actual text and expected text of test object 'Object Repository/Page_cabi Order Items/no_result_found' are matched.

2019-09-30 17:51:08 - [TEST_STEP][PASSED] - sa = new org.testng.asserts.SoftAssert(): null

2019-09-30 17:51:08 - [TEST_STEP][PASSED] - setText(findTestObject("Object Repository/Page_cabi Order Items/input_New Arrivals - Blooming Blush_style"), findTestData("productData").getValue("Style", row)): Text '3857' is set on object 'Object Repository/Page_cabi Order Items/input_New Arrivals - Blooming Blush_style'

2019-09-30 17:51:08 - [MESSAGE][PASSED] - Text '3857' is set on object 'Object Repository/Page_cabi Order Items/input_New Arrivals - Blooming Blush_style'

2019-09-30 17:51:08 - [TEST_STEP][PASSED] - sendKeys(findTestObject("Object Repository/Page_cabi Order Items/input_New Arrivals - Blooming Blush_style"), Keys.chord(ENTER)): Keys 'ENTER + ' sent to object: 'Object Repository/Page_cabi Order Items/input_New Arrivals - Blooming Blush_style'

2019-09-30 17:51:08 - [MESSAGE][PASSED] - Keys 'ENTER + ' sent to object: 'Object Repository/Page_cabi Order Items/input_New Arrivals - Blooming Blush_style'

2019-09-30 17:51:08 - [TEST_STEP][PASSED] - delay(2): Delayed 2 second(s)

2019-09-30 17:51:10 - [MESSAGE][PASSED] - Delayed 2 second(s)

2019-09-30 17:51:10 - [TEST_STEP][PASSED] - executeJavaScript("arguments[0].click()", Arrays.asList(findWebElement(findTestObject("Object Repository/Page_cabi Order Items/input_New Arrivals - Blooming Blush_style"), 30))): Execute JavaScript 'arguments[0].click()' successfully

2019-09-30 17:51:10 - [MESSAGE][PASSED] - Execute JavaScript 'arguments[0].click()' successfully

2019-09-30 17:51:10 - [TEST_STEP][PASSED] - delay(2): Delayed 2 second(s)

2019-09-30 17:51:12 - [MESSAGE][PASSED] - Delayed 2 second(s)

2019-09-30 17:51:12 - [TEST_STEP][PASSED] - if (toString().equalsIgnoreCase("no")): Actual text and expected text of test object 'Object Repository/Page_cabi Order Items/no_result_found' are matched.

2019-09-30 17:51:12 - [TEST_STEP][PASSED] - delay(2): Delayed 2 second(s)

2019-09-30 17:51:14 - [MESSAGE][PASSED] - Delayed 2 second(s)

2019-09-30 17:51:14 - [TEST_STEP][PASSED] - noResultMessages = findWebElements(findTestObject("Page_cabi Order Items/no_result_found"), 5): null

2019-09-30 17:51:14 - [TEST_STEP][PASSED] - println(noResultMessages.size()): null

2019-09-30 17:51:14 - [TEST_STEP][PASSED] - sa.assertTrue(noResultMessages.size() > 0): null

2019-09-30 17:51:14 - [TEST_STEP][PASSED] - verifyElementText(findTestObject("Page_cabi Order Items/no_result_found"), "No Results Found!", CONTINUE_ON_FAILURE): Actual text and expected text of test object 'Object Repository/Page_cabi Order Items/no_result_found' are matched.

2019-09-30 17:51:14 - [MESSAGE][PASSED] - Actual text and expected text of test object 'Object Repository/Page_cabi Order Items/no_result_found' are matched.

2019-09-30 17:51:14 - [TEST_STEP][PASSED] - sa = new org.testng.asserts.SoftAssert(): null

2019-09-30 17:51:14 - [TEST_STEP][PASSED] - setText(findTestObject("Object Repository/Page_cabi Order Items/input_New Arrivals - Blooming Blush_style"), findTestData("productData").getValue("Style", row)): Text '3861' is set on object 'Object Repository/Page_cabi Order Items/input_New Arrivals - Blooming Blush_style'

2019-09-30 17:51:14 - [MESSAGE][PASSED] - Text '3861' is set on object 'Object Repository/Page_cabi Order Items/input_New Arrivals - Blooming Blush_style'

2019-09-30 17:51:14 - [TEST_STEP][PASSED] - sendKeys(findTestObject("Object Repository/Page_cabi Order Items/input_New Arrivals - Blooming Blush_style"), Keys.chord(ENTER)): Keys 'ENTER + ' sent to object: 'Object Repository/Page_cabi Order Items/input_New Arrivals - Blooming Blush_style'

2019-09-30 17:51:14 - [MESSAGE][PASSED] - Keys 'ENTER + ' sent to object: 'Object Repository/Page_cabi Order Items/input_New Arrivals - Blooming Blush_style'

2019-09-30 17:51:14 - [TEST_STEP][PASSED] - delay(2): Delayed 2 second(s)

2019-09-30 17:51:16 - [MESSAGE][PASSED] - Delayed 2 second(s)

2019-09-30 17:51:16 - [TEST_STEP][PASSED] - executeJavaScript("arguments[0].click()", Arrays.asList(findWebElement(findTestObject("Object Repository/Page_cabi Order Items/input_New Arrivals - Blooming Blush_style"), 30))): Execute JavaScript 'arguments[0].click()' successfully

2019-09-30 17:51:16 - [MESSAGE][PASSED] - Execute JavaScript 'arguments[0].click()' successfully

2019-09-30 17:51:16 - [TEST_STEP][PASSED] - delay(2): Delayed 2 second(s)

2019-09-30 17:51:18 - [MESSAGE][PASSED] - Delayed 2 second(s)

2019-09-30 17:51:18 - [TEST_STEP][PASSED] - if (toString().equalsIgnoreCase("no")): Actual text and expected text of test object 'Object Repository/Page_cabi Order Items/no_result_found' are matched.

2019-09-30 17:51:18 - [TEST_STEP][PASSED] - delay(2): Delayed 2 second(s)

2019-09-30 17:51:20 - [MESSAGE][PASSED] - Delayed 2 second(s)

2019-09-30 17:51:20 - [TEST_STEP][PASSED] - noResultMessages = findWebElements(findTestObject("Page_cabi Order Items/no_result_found"), 5): null

2019-09-30 17:51:20 - [TEST_STEP][PASSED] - println(noResultMessages.size()): null

2019-09-30 17:51:20 - [TEST_STEP][PASSED] - sa.assertTrue(noResultMessages.size() > 0): null

2019-09-30 17:51:20 - [TEST_STEP][PASSED] - verifyElementText(findTestObject("Page_cabi Order Items/no_result_found"), "No Results Found!", CONTINUE_ON_FAILURE): Actual text and expected text of test object 'Object Repository/Page_cabi Order Items/no_result_found' are matched.

2019-09-30 17:51:20 - [MESSAGE][PASSED] - Actual text and expected text of test object 'Object Repository/Page_cabi Order Items/no_result_found' are matched.

2019-09-30 17:51:20 - [TEST_STEP][PASSED] - sa = new org.testng.asserts.SoftAssert(): null

2019-09-30 17:51:20 - [TEST_STEP][PASSED] - setText(findTestObject("Object Repository/Page_cabi Order Items/input_New Arrivals - Blooming Blush_style"), findTestData("productData").getValue("Style", row)): Text '3863' is set on object 'Object Repository/Page_cabi Order Items/input_New Arrivals - Blooming Blush_style'

2019-09-30 17:51:20 - [MESSAGE][PASSED] - Text '3863' is set on object 'Object Repository/Page_cabi Order Items/input_New Arrivals - Blooming Blush_style'

2019-09-30 17:51:20 - [TEST_STEP][PASSED] - sendKeys(findTestObject("Object Repository/Page_cabi Order Items/input_New Arrivals - Blooming Blush_style"), Keys.chord(ENTER)): Keys 'ENTER + ' sent to object: 'Object Repository/Page_cabi Order Items/input_New Arrivals - Blooming Blush_style'

2019-09-30 17:51:21 - [MESSAGE][PASSED] - Keys 'ENTER + ' sent to object: 'Object Repository/Page_cabi Order Items/input_New Arrivals - Blooming Blush_style'

2019-09-30 17:51:21 - [TEST_STEP][PASSED] - delay(2): Delayed 2 second(s)

2019-09-30 17:51:23 - [MESSAGE][PASSED] - Delayed 2 second(s)

2019-09-30 17:51:23 - [TEST_STEP][PASSED] - executeJavaScript("arguments[0].click()", Arrays.asList(findWebElement(findTestObject("Object Repository/Page_cabi Order Items/input_New Arrivals - Blooming Blush_style"), 30))): Execute JavaScript 'arguments[0].click()' successfully

2019-09-30 17:51:23 - [MESSAGE][PASSED] - Execute JavaScript 'arguments[0].click()' successfully

2019-09-30 17:51:23 - [TEST_STEP][PASSED] - delay(2): Delayed 2 second(s)

2019-09-30 17:51:25 - [MESSAGE][PASSED] - Delayed 2 second(s)

2019-09-30 17:51:25 - [TEST_STEP][PASSED] - if (toString().equalsIgnoreCase("no")): Actual text and expected text of test object 'Object Repository/Page_cabi Order Items/no_result_found' are matched.

2019-09-30 17:51:25 - [TEST_STEP][PASSED] - delay(2): Delayed 2 second(s)

2019-09-30 17:51:27 - [MESSAGE][PASSED] - Delayed 2 second(s)

2019-09-30 17:51:27 - [TEST_STEP][PASSED] - noResultMessages = findWebElements(findTestObject("Page_cabi Order Items/no_result_found"), 5): null

2019-09-30 17:51:27 - [TEST_STEP][PASSED] - println(noResultMessages.size()): null

2019-09-30 17:51:27 - [TEST_STEP][PASSED] - sa.assertTrue(noResultMessages.size() > 0): null

2019-09-30 17:51:27 - [TEST_STEP][PASSED] - verifyElementText(findTestObject("Page_cabi Order Items/no_result_found"), "No Results Found!", CONTINUE_ON_FAILURE): Actual text and expected text of test object 'Object Repository/Page_cabi Order Items/no_result_found' are matched.

2019-09-30 17:51:27 - [MESSAGE][PASSED] - Actual text and expected text of test object 'Object Repository/Page_cabi Order Items/no_result_found' are matched.

2019-09-30 17:51:27 - [TEST_STEP][PASSED] - sa = new org.testng.asserts.SoftAssert(): null

2019-09-30 17:51:27 - [TEST_STEP][PASSED] - setText(findTestObject("Object Repository/Page_cabi Order Items/input_New Arrivals - Blooming Blush_style"), findTestData("productData").getValue("Style", row)): Text '3864' is set on object 'Object Repository/Page_cabi Order Items/input_New Arrivals - Blooming Blush_style'

2019-09-30 17:51:27 - [MESSAGE][PASSED] - Text '3864' is set on object 'Object Repository/Page_cabi Order Items/input_New Arrivals - Blooming Blush_style'

2019-09-30 17:51:27 - [TEST_STEP][PASSED] - sendKeys(findTestObject("Object Repository/Page_cabi Order Items/input_New Arrivals - Blooming Blush_style"), Keys.chord(ENTER)): Keys 'ENTER + ' sent to object: 'Object Repository/Page_cabi Order Items/input_New Arrivals - Blooming Blush_style'

2019-09-30 17:51:27 - [MESSAGE][PASSED] - Keys 'ENTER + ' sent to object: 'Object Repository/Page_cabi Order Items/input_New Arrivals - Blooming Blush_style'

2019-09-30 17:51:27 - [TEST_STEP][PASSED] - delay(2): Delayed 2 second(s)

2019-09-30 17:51:29 - [MESSAGE][PASSED] - Delayed 2 second(s)

2019-09-30 17:51:29 - [TEST_STEP][PASSED] - executeJavaScript("arguments[0].click()", Arrays.asList(findWebElement(findTestObject("Object Repository/Page_cabi Order Items/input_New Arrivals - Blooming Blush_style"), 30))): Execute JavaScript 'arguments[0].click()' successfully

2019-09-30 17:51:29 - [MESSAGE][PASSED] - Execute JavaScript 'arguments[0].click()' successfully

2019-09-30 17:51:29 - [TEST_STEP][PASSED] - delay(2): Delayed 2 second(s)

2019-09-30 17:51:31 - [MESSAGE][PASSED] - Delayed 2 second(s)

2019-09-30 17:51:31 - [TEST_STEP][PASSED] - if (toString().equalsIgnoreCase("no")): Actual text and expected text of test object 'Object Repository/Page_cabi Order Items/no_result_found' are matched.

2019-09-30 17:51:31 - [TEST_STEP][PASSED] - delay(2): Delayed 2 second(s)

2019-09-30 17:51:33 - [MESSAGE][PASSED] - Delayed 2 second(s)

2019-09-30 17:51:33 - [TEST_STEP][PASSED] - noResultMessages = findWebElements(findTestObject("Page_cabi Order Items/no_result_found"), 5): null

2019-09-30 17:51:33 - [TEST_STEP][PASSED] - println(noResultMessages.size()): null

2019-09-30 17:51:33 - [TEST_STEP][PASSED] - sa.assertTrue(noResultMessages.size() > 0): null

2019-09-30 17:51:33 - [TEST_STEP][PASSED] - verifyElementText(findTestObject("Page_cabi Order Items/no_result_found"), "No Results Found!", CONTINUE_ON_FAILURE): Actual text and expected text of test object 'Object Repository/Page_cabi Order Items/no_result_found' are matched.

2019-09-30 17:51:33 - [MESSAGE][PASSED] - Actual text and expected text of test object 'Object Repository/Page_cabi Order Items/no_result_found' are matched.

2019-09-30 17:51:33 - [TEST_STEP][PASSED] - sa = new org.testng.asserts.SoftAssert(): null

2019-09-30 17:51:33 - [TEST_STEP][PASSED] - setText(findTestObject("Object Repository/Page_cabi Order Items/input_New Arrivals - Blooming Blush_style"), findTestData("productData").getValue("Style", row)): Text '3865' is set on object 'Object Repository/Page_cabi Order Items/input_New Arrivals - Blooming Blush_style'

2019-09-30 17:51:33 - [MESSAGE][PASSED] - Text '3865' is set on object 'Object Repository/Page_cabi Order Items/input_New Arrivals - Blooming Blush_style'

2019-09-30 17:51:33 - [TEST_STEP][PASSED] - sendKeys(findTestObject("Object Repository/Page_cabi Order Items/input_New Arrivals - Blooming Blush_style"), Keys.chord(ENTER)): Keys 'ENTER + ' sent to object: 'Object Repository/Page_cabi Order Items/input_New Arrivals - Blooming Blush_style'

2019-09-30 17:51:33 - [MESSAGE][PASSED] - Keys 'ENTER + ' sent to object: 'Object Repository/Page_cabi Order Items/input_New Arrivals - Blooming Blush_style'

2019-09-30 17:51:33 - [TEST_STEP][PASSED] - delay(2): Delayed 2 second(s)

2019-09-30 17:51:35 - [MESSAGE][PASSED] - Delayed 2 second(s)

2019-09-30 17:51:35 - [TEST_STEP][PASSED] - executeJavaScript("arguments[0].click()", Arrays.asList(findWebElement(findTestObject("Object Repository/Page_cabi Order Items/input_New Arrivals - Blooming Blush_style"), 30))): Execute JavaScript 'arguments[0].click()' successfully

2019-09-30 17:51:35 - [MESSAGE][PASSED] - Execute JavaScript 'arguments[0].click()' successfully

2019-09-30 17:51:35 - [TEST_STEP][PASSED] - delay(2): Delayed 2 second(s)

2019-09-30 17:51:37 - [MESSAGE][PASSED] - Delayed 2 second(s)

2019-09-30 17:51:37 - [TEST_STEP][PASSED] - if (toString().equalsIgnoreCase("no")): Actual text and expected text of test object 'Object Repository/Page_cabi Order Items/no_result_found' are matched.

2019-09-30 17:51:37 - [TEST_STEP][PASSED] - delay(2): Delayed 2 second(s)

2019-09-30 17:51:39 - [MESSAGE][PASSED] - Delayed 2 second(s)

2019-09-30 17:51:39 - [TEST_STEP][PASSED] - noResultMessages = findWebElements(findTestObject("Page_cabi Order Items/no_result_found"), 5): null

2019-09-30 17:51:39 - [TEST_STEP][PASSED] - println(noResultMessages.size()): null

2019-09-30 17:51:39 - [TEST_STEP][PASSED] - sa.assertTrue(noResultMessages.size() > 0): null

2019-09-30 17:51:39 - [TEST_STEP][PASSED] - verifyElementText(findTestObject("Page_cabi Order Items/no_result_found"), "No Results Found!", CONTINUE_ON_FAILURE): Actual text and expected text of test object 'Object Repository/Page_cabi Order Items/no_result_found' are matched.

2019-09-30 17:51:39 - [MESSAGE][PASSED] - Actual text and expected text of test object 'Object Repository/Page_cabi Order Items/no_result_found' are matched.

2019-09-30 17:51:39 - [TEST_STEP][PASSED] - sa = new org.testng.asserts.SoftAssert(): null

2019-09-30 17:51:39 - [TEST_STEP][PASSED] - setText(findTestObject("Object Repository/Page_cabi Order Items/input_New Arrivals - Blooming Blush_style"), findTestData("productData").getValue("Style", row)): Text '3869' is set on object 'Object Repository/Page_cabi Order Items/input_New Arrivals - Blooming Blush_style'

2019-09-30 17:51:40 - [MESSAGE][PASSED] - Text '3869' is set on object 'Object Repository/Page_cabi Order Items/input_New Arrivals - Blooming Blush_style'

2019-09-30 17:51:40 - [TEST_STEP][PASSED] - sendKeys(findTestObject("Object Repository/Page_cabi Order Items/input_New Arrivals - Blooming Blush_style"), Keys.chord(ENTER)): Keys 'ENTER + ' sent to object: 'Object Repository/Page_cabi Order Items/input_New Arrivals - Blooming Blush_style'

2019-09-30 17:51:40 - [MESSAGE][PASSED] - Keys 'ENTER + ' sent to object: 'Object Repository/Page_cabi Order Items/input_New Arrivals - Blooming Blush_style'

2019-09-30 17:51:40 - [TEST_STEP][PASSED] - delay(2): Delayed 2 second(s)

2019-09-30 17:51:42 - [MESSAGE][PASSED] - Delayed 2 second(s)

2019-09-30 17:51:42 - [TEST_STEP][PASSED] - executeJavaScript("arguments[0].click()", Arrays.asList(findWebElement(findTestObject("Object Repository/Page_cabi Order Items/input_New Arrivals - Blooming Blush_style"), 30))): Execute JavaScript 'arguments[0].click()' successfully

2019-09-30 17:51:42 - [MESSAGE][PASSED] - Execute JavaScript 'arguments[0].click()' successfully

2019-09-30 17:51:42 - [TEST_STEP][PASSED] - delay(2): Delayed 2 second(s)

2019-09-30 17:51:44 - [MESSAGE][PASSED] - Delayed 2 second(s)

2019-09-30 17:51:44 - [TEST_STEP][PASSED] - if (toString().equalsIgnoreCase("no")): Actual text and expected text of test object 'Object Repository/Page_cabi Order Items/no_result_found' are matched.

2019-09-30 17:51:44 - [TEST_STEP][PASSED] - delay(2): Delayed 2 second(s)

2019-09-30 17:51:46 - [MESSAGE][PASSED] - Delayed 2 second(s)

2019-09-30 17:51:46 - [TEST_STEP][PASSED] - noResultMessages = findWebElements(findTestObject("Page_cabi Order Items/no_result_found"), 5): null

2019-09-30 17:51:46 - [TEST_STEP][PASSED] - println(noResultMessages.size()): null

2019-09-30 17:51:46 - [TEST_STEP][PASSED] - sa.assertTrue(noResultMessages.size() > 0): null

2019-09-30 17:51:46 - [TEST_STEP][PASSED] - verifyElementText(findTestObject("Page_cabi Order Items/no_result_found"), "No Results Found!", CONTINUE_ON_FAILURE): Actual text and expected text of test object 'Object Repository/Page_cabi Order Items/no_result_found' are matched.

2019-09-30 17:51:46 - [MESSAGE][PASSED] - Actual text and expected text of test object 'Object Repository/Page_cabi Order Items/no_result_found' are matched.

2019-09-30 17:51:46 - [TEST_STEP][PASSED] - sa = new org.testng.asserts.SoftAssert(): null

2019-09-30 17:51:46 - [TEST_STEP][PASSED] - setText(findTestObject("Object Repository/Page_cabi Order Items/input_New Arrivals - Blooming Blush_style"), findTestData("productData").getValue("Style", row)): Text '3870' is set on object 'Object Repository/Page_cabi Order Items/input_New Arrivals - Blooming Blush_style'

2019-09-30 17:51:46 - [MESSAGE][PASSED] - Text '3870' is set on object 'Object Repository/Page_cabi Order Items/input_New Arrivals - Blooming Blush_style'

2019-09-30 17:51:46 - [TEST_STEP][PASSED] - sendKeys(findTestObject("Object Repository/Page_cabi Order Items/input_New Arrivals - Blooming Blush_style"), Keys.chord(ENTER)): Keys 'ENTER + ' sent to object: 'Object Repository/Page_cabi Order Items/input_New Arrivals - Blooming Blush_style'

2019-09-30 17:51:46 - [MESSAGE][PASSED] - Keys 'ENTER + ' sent to object: 'Object Repository/Page_cabi Order Items/input_New Arrivals - Blooming Blush_style'

2019-09-30 17:51:46 - [TEST_STEP][PASSED] - delay(2): Delayed 2 second(s)

2019-09-30 17:51:48 - [MESSAGE][PASSED] - Delayed 2 second(s)

2019-09-30 17:51:48 - [TEST_STEP][PASSED] - executeJavaScript("arguments[0].click()", Arrays.asList(findWebElement(findTestObject("Object Repository/Page_cabi Order Items/input_New Arrivals - Blooming Blush_style"), 30))): Execute JavaScript 'arguments[0].click()' successfully

2019-09-30 17:51:48 - [MESSAGE][PASSED] - Execute JavaScript 'arguments[0].click()' successfully

2019-09-30 17:51:48 - [TEST_STEP][PASSED] - delay(2): Delayed 2 second(s)

2019-09-30 17:51:50 - [MESSAGE][PASSED] - Delayed 2 second(s)

2019-09-30 17:51:50 - [TEST_STEP][PASSED] - if (toString().equalsIgnoreCase("no")): Actual text and expected text of test object 'Object Repository/Page_cabi Order Items/no_result_found' are matched.

2019-09-30 17:51:50 - [TEST_STEP][PASSED] - delay(2): Delayed 2 second(s)

2019-09-30 17:51:52 - [MESSAGE][PASSED] - Delayed 2 second(s)

2019-09-30 17:51:52 - [TEST_STEP][PASSED] - noResultMessages = findWebElements(findTestObject("Page_cabi Order Items/no_result_found"), 5): null

2019-09-30 17:51:52 - [TEST_STEP][PASSED] - println(noResultMessages.size()): null

2019-09-30 17:51:52 - [TEST_STEP][PASSED] - sa.assertTrue(noResultMessages.size() > 0): null

2019-09-30 17:51:52 - [TEST_STEP][PASSED] - verifyElementText(findTestObject("Page_cabi Order Items/no_result_found"), "No Results Found!", CONTINUE_ON_FAILURE): Actual text and expected text of test object 'Object Repository/Page_cabi Order Items/no_result_found' are matched.

2019-09-30 17:51:52 - [MESSAGE][PASSED] - Actual text and expected text of test object 'Object Repository/Page_cabi Order Items/no_result_found' are matched.

2019-09-30 17:51:52 - [TEST_STEP][PASSED] - sa = new org.testng.asserts.SoftAssert(): null

2019-09-30 17:51:52 - [TEST_STEP][PASSED] - setText(findTestObject("Object Repository/Page_cabi Order Items/input_New Arrivals - Blooming Blush_style"), findTestData("productData").getValue("Style", row)): Text '3871' is set on object 'Object Repository/Page_cabi Order Items/input_New Arrivals - Blooming Blush_style'

2019-09-30 17:51:52 - [MESSAGE][PASSED] - Text '3871' is set on object 'Object Repository/Page_cabi Order Items/input_New Arrivals - Blooming Blush_style'

2019-09-30 17:51:52 - [TEST_STEP][PASSED] - sendKeys(findTestObject("Object Repository/Page_cabi Order Items/input_New Arrivals - Blooming Blush_style"), Keys.chord(ENTER)): Keys 'ENTER + ' sent to object: 'Object Repository/Page_cabi Order Items/input_New Arrivals - Blooming Blush_style'

2019-09-30 17:51:53 - [MESSAGE][PASSED] - Keys 'ENTER + ' sent to object: 'Object Repository/Page_cabi Order Items/input_New Arrivals - Blooming Blush_style'

2019-09-30 17:51:53 - [TEST_STEP][PASSED] - delay(2): Delayed 2 second(s)

2019-09-30 17:51:55 - [MESSAGE][PASSED] - Delayed 2 second(s)

2019-09-30 17:51:55 - [TEST_STEP][PASSED] - executeJavaScript("arguments[0].click()", Arrays.asList(findWebElement(findTestObject("Object Repository/Page_cabi Order Items/input_New Arrivals - Blooming Blush_style"), 30))): Execute JavaScript 'arguments[0].click()' successfully

2019-09-30 17:51:55 - [MESSAGE][PASSED] - Execute JavaScript 'arguments[0].click()' successfully

2019-09-30 17:51:55 - [TEST_STEP][PASSED] - delay(2): Delayed 2 second(s)

2019-09-30 17:51:57 - [MESSAGE][PASSED] - Delayed 2 second(s)

2019-09-30 17:51:57 - [TEST_STEP][PASSED] - if (toString().equalsIgnoreCase("no")): Actual text and expected text of test object 'Object Repository/Page_cabi Order Items/no_result_found' are matched.

2019-09-30 17:51:57 - [TEST_STEP][PASSED] - delay(2): Delayed 2 second(s)

2019-09-30 17:51:59 - [MESSAGE][PASSED] - Delayed 2 second(s)

2019-09-30 17:51:59 - [TEST_STEP][PASSED] - noResultMessages = findWebElements(findTestObject("Page_cabi Order Items/no_result_found"), 5): null

2019-09-30 17:51:59 - [TEST_STEP][PASSED] - println(noResultMessages.size()): null

2019-09-30 17:51:59 - [TEST_STEP][PASSED] - sa.assertTrue(noResultMessages.size() > 0): null

2019-09-30 17:51:59 - [TEST_STEP][PASSED] - verifyElementText(findTestObject("Page_cabi Order Items/no_result_found"), "No Results Found!", CONTINUE_ON_FAILURE): Actual text and expected text of test object 'Object Repository/Page_cabi Order Items/no_result_found' are matched.

2019-09-30 17:51:59 - [MESSAGE][PASSED] - Actual text and expected text of test object 'Object Repository/Page_cabi Order Items/no_result_found' are matched.

2019-09-30 17:51:59 - [TEST_STEP][PASSED] - sa = new org.testng.asserts.SoftAssert(): null

2019-09-30 17:51:59 - [TEST_STEP][PASSED] - setText(findTestObject("Object Repository/Page_cabi Order Items/input_New Arrivals - Blooming Blush_style"), findTestData("productData").getValue("Style", row)): Text '3875' is set on object 'Object Repository/Page_cabi Order Items/input_New Arrivals - Blooming Blush_style'

2019-09-30 17:51:59 - [MESSAGE][PASSED] - Text '3875' is set on object 'Object Repository/Page_cabi Order Items/input_New Arrivals - Blooming Blush_style'

2019-09-30 17:51:59 - [TEST_STEP][PASSED] - sendKeys(findTestObject("Object Repository/Page_cabi Order Items/input_New Arrivals - Blooming Blush_style"), Keys.chord(ENTER)): Keys 'ENTER + ' sent to object: 'Object Repository/Page_cabi Order Items/input_New Arrivals - Blooming Blush_style'

2019-09-30 17:51:59 - [MESSAGE][PASSED] - Keys 'ENTER + ' sent to object: 'Object Repository/Page_cabi Order Items/input_New Arrivals - Blooming Blush_style'

2019-09-30 17:51:59 - [TEST_STEP][PASSED] - delay(2): Delayed 2 second(s)

2019-09-30 17:52:01 - [MESSAGE][PASSED] - Delayed 2 second(s)

2019-09-30 17:52:01 - [TEST_STEP][PASSED] - executeJavaScript("arguments[0].click()", Arrays.asList(findWebElement(findTestObject("Object Repository/Page_cabi Order Items/input_New Arrivals - Blooming Blush_style"), 30))): Execute JavaScript 'arguments[0].click()' successfully

2019-09-30 17:52:01 - [MESSAGE][PASSED] - Execute JavaScript 'arguments[0].click()' successfully

2019-09-30 17:52:01 - [TEST_STEP][PASSED] - delay(2): Delayed 2 second(s)

2019-09-30 17:52:03 - [MESSAGE][PASSED] - Delayed 2 second(s)

2019-09-30 17:52:03 - [TEST_STEP][PASSED] - if (toString().equalsIgnoreCase("no")): Actual text and expected text of test object 'Object Repository/Page_cabi Order Items/no_result_found' are matched.

2019-09-30 17:52:03 - [TEST_STEP][PASSED] - delay(2): Delayed 2 second(s)

2019-09-30 17:52:05 - [MESSAGE][PASSED] - Delayed 2 second(s)

2019-09-30 17:52:05 - [TEST_STEP][PASSED] - noResultMessages = findWebElements(findTestObject("Page_cabi Order Items/no_result_found"), 5): null

2019-09-30 17:52:05 - [TEST_STEP][PASSED] - println(noResultMessages.size()): null

2019-09-30 17:52:05 - [TEST_STEP][PASSED] - sa.assertTrue(noResultMessages.size() > 0): null

2019-09-30 17:52:05 - [TEST_STEP][PASSED] - verifyElementText(findTestObject("Page_cabi Order Items/no_result_found"), "No Results Found!", CONTINUE_ON_FAILURE): Actual text and expected text of test object 'Object Repository/Page_cabi Order Items/no_result_found' are matched.

2019-09-30 17:52:05 - [MESSAGE][PASSED] - Actual text and expected text of test object 'Object Repository/Page_cabi Order Items/no_result_found' are matched.

2019-09-30 17:52:05 - [MESSAGE][PASSED] - Call Test Case 'Test Cases/NewArrival/productVerify' successfully

2019-09-30 17:52:05 - [TEST_STEP][PASSED] - callTestCase(findTestCase("NewArrival/populateTimeGlobalVars"), ["row":timeRow], CONTINUE_ON_FAILURE): Call Test Case 'Test Cases/NewArrival/populateTimeGlobalVars' successfully

2019-09-30 17:52:05 - [TEST_CASE][PASSED] - Test Cases/NewArrival/populateTimeGlobalVars: Test Cases/NewArrival/populateTimeGlobalVars

2019-09-30 17:52:05 - [TEST_STEP][PASSED] - dataFile = "timezoneData": null

2019-09-30 17:52:05 - [TEST_STEP][PASSED] - clockServerTarget = UtilityMethods.getTestData("envtData", "clockServerTarget", 1): null

2019-09-30 17:52:05 - [TEST_STEP][PASSED] - println(clockServerTarget): null

2019-09-30 17:52:05 - [TEST_STEP][PASSED] - orderType = UtilityMethods.getTestData(dataFile, "orderType", row): null

2019-09-30 17:52:05 - [TEST_STEP][PASSED] - timeZone = UtilityMethods.getTestData(dataFile, "timeZone", row): null

2019-09-30 17:52:05 - [TEST_STEP][PASSED] - BOPersonal = UtilityMethods.getTestData(dataFile, "BOPersonal", row): null

2019-09-30 17:52:05 - [TEST_STEP][PASSED] - BOAddonPersonal = UtilityMethods.getTestData(dataFile, "BOAddonPersonal", row): null

2019-09-30 17:52:05 - [TEST_STEP][PASSED] - BOAddonRetail = UtilityMethods.getTestData(dataFile, "BOAddonRetail", row): null

2019-09-30 17:52:05 - [TEST_STEP][PASSED] - BORetail = UtilityMethods.getTestData(dataFile, "BORetail", row): null

2019-09-30 17:52:05 - [TEST_STEP][PASSED] - BOShow = UtilityMethods.getTestData(dataFile, "BOShow", row): null

2019-09-30 17:52:05 - [TEST_STEP][PASSED] - BOOnlineoutlet = UtilityMethods.getTestData(dataFile, "BOOnlineoutlet", row): null

2019-09-30 17:52:05 - [TEST_STEP][PASSED] - BOEmployee = UtilityMethods.getTestData(dataFile, "BOEmployee", row): null

2019-09-30 17:52:05 - [TEST_STEP][PASSED] - CCPersonal = UtilityMethods.getTestData(dataFile, "CCPersonal", row): null

2019-09-30 17:52:05 - [TEST_STEP][PASSED] - CCRetail = UtilityMethods.getTestData(dataFile, "CCRetail", row): null

2019-09-30 17:52:05 - [TEST_STEP][PASSED] - CCShow = UtilityMethods.getTestData(dataFile, "CCShow", row): null

2019-09-30 17:52:05 - [TEST_STEP][PASSED] - BOEblast = UtilityMethods.getTestData(dataFile, "BOEblast", row): null

2019-09-30 17:52:05 - [TEST_STEP][PASSED] - println(row): null

2019-09-30 17:52:05 - [TEST_STEP][PASSED] - println(BOPersonal): null

2019-09-30 17:52:05 - [MESSAGE][PASSED] - Call Test Case 'Test Cases/NewArrival/populateTimeGlobalVars' successfully

2019-09-30 17:52:05 - [TEST_STEP][PASSED] - callTestCase(findTestCase("NewArrival/setTimezone"), ["ofbizURL":"", "ofbizuser":"", "ofbizpass":"", "orderType":orderType, "timeZone":timeZone, "serverTarget":serverTarget, "clockServerTarget":clockServerTarget], CONTINUE_ON_FAILURE): Call Test Case 'Test Cases/NewArrival/setTimezone' successfully

2019-09-30 17:52:06 - [TEST_CASE][PASSED] - Test Cases/NewArrival/setTimezone: Test Cases/NewArrival/setTimezone

2019-09-30 17:52:06 - [TEST_STEP][PASSED] - openBrowser(""): Browser is opened with url: ''

2019-09-30 17:52:06 - [MESSAGE][WARNING] - A browser is already opened. Closing browser and opening a new one

2019-09-30 17:52:06 - [MESSAGE][INFO] - Starting 'Chrome' driver

2019-09-30 17:52:06 - [MESSAGE][INFO] - User set preference: ['args', '[--use-fake-ui-for-media-stream, --start-maximized]']

2019-09-30 17:52:08 - [MESSAGE][PASSED] - Browser is opened with url: ''

2019-09-30 17:52:08 - [TEST_STEP][NOT_RUN] - maximizeWindow(): NOT_RUN: maximizeWindow()

2019-09-30 17:52:08 - [MESSAGE][NOT_RUN] - NOT_RUN: maximizeWindow()

2019-09-30 17:52:08 - [TEST_STEP][PASSED] - ofbizURL = findTestData("envtData").getValue("ofbizURL", 1): null

2019-09-30 17:52:08 - [TEST_STEP][PASSED] - ofbizuser = findTestData("credData").getValue("ofbizuser", 1): null

2019-09-30 17:52:08 - [TEST_STEP][PASSED] - ofbizpass = findTestData("credData").getValue("ofbizpass", 1): null

2019-09-30 17:52:08 - [TEST_STEP][PASSED] - navigateToUrl(ofbizURL): Navigate to 'https://pushofbiz.cliotest.com/login.php' successfully

2019-09-30 17:52:10 - [MESSAGE][PASSED] - Navigate to 'https://pushofbiz.cliotest.com/login.php' successfully

2019-09-30 17:52:10 - [TEST_STEP][PASSED] - setText(findTestObject("Page_/input_Username_username"), ofbizuser): Text 'automation' is set on object 'Object Repository/Page_/input_Username_username'

2019-09-30 17:52:11 - [MESSAGE][PASSED] - Text 'automation' is set on object 'Object Repository/Page_/input_Username_username'

2019-09-30 17:52:11 - [TEST_STEP][PASSED] - setText(findTestObject("Page_/input_Password_password"), ofbizpass): Text 'cabiautomation' is set on object 'Object Repository/Page_/input_Password_password'

2019-09-30 17:52:11 - [MESSAGE][PASSED] - Text 'cabiautomation' is set on object 'Object Repository/Page_/input_Password_password'

2019-09-30 17:52:11 - [TEST_STEP][PASSED] - click(findTestObject("Page_/input_Password_Submit")): Object: 'Object Repository/Page_/input_Password_Submit' is clicked on

2019-09-30 17:52:14 - [MESSAGE][PASSED] - Object: 'Object Repository/Page_/input_Password_Submit' is clicked on

2019-09-30 17:52:14 - [TEST_STEP][PASSED] - click(findTestObject("Object Repository/Page_/a_Clock set")): Object: 'Object Repository/Page_/a_Clock set' is clicked on

2019-09-30 17:52:15 - [MESSAGE][PASSED] - Object: 'Object Repository/Page_/a_Clock set' is clicked on

2019-09-30 17:52:15 - [TEST_STEP][PASSED] - cst = UtilityMethods.createTestObject("select_target", "//select[@name='Target']/option[contains(text(), '", clockServerTarget, "')]"): null

2019-09-30 17:52:15 - [TEST_STEP][PASSED] - println(clockServerTarget): null

2019-09-30 17:52:15 - [TEST_STEP][PASSED] - click(cst): Object: 'select_target' is clicked on

2019-09-30 17:52:15 - [MESSAGE][PASSED] - Object: 'select_target' is clicked on

2019-09-30 17:52:15 - [TEST_STEP][PASSED] - click(findTestObject("Page_/thisDateAndTime")): Object: 'Object Repository/Page_/thisDateAndTime' is clicked on

2019-09-30 17:52:15 - [MESSAGE][PASSED] - Object: 'Object Repository/Page_/thisDateAndTime' is clicked on

2019-09-30 17:52:15 - [TEST_STEP][PASSED] - setText(findTestObject("Object Repository/Page_/setTargetTime"), timeZone): Text ' 11/01/2019 12:00' is set on object 'Object Repository/Page_/setTargetTime'

2019-09-30 17:52:15 - [MESSAGE][PASSED] - Text ' 11/01/2019 12:00' is set on object 'Object Repository/Page_/setTargetTime'

2019-09-30 17:52:15 - [TEST_STEP][PASSED] - click(findTestObject("Object Repository/Page_/input")): Object: 'Object Repository/Page_/input' is clicked on

2019-09-30 17:52:16 - [MESSAGE][PASSED] - Object: 'Object Repository/Page_/input' is clicked on

2019-09-30 17:52:16 - [TEST_STEP][PASSED] - delay(10): Delayed 10 second(s)

2019-09-30 17:52:26 - [MESSAGE][PASSED] - Delayed 10 second(s)

2019-09-30 17:52:26 - [TEST_STEP][NOT_RUN] - closeBrowser(): NOT_RUN: closeBrowser()

2019-09-30 17:52:26 - [MESSAGE][NOT_RUN] - NOT_RUN: closeBrowser()

2019-09-30 17:52:26 - [MESSAGE][PASSED] - Call Test Case 'Test Cases/NewArrival/setTimezone' successfully

2019-09-30 17:52:26 - [TEST_STEP][PASSED] - callTestCase(findTestCase("TestCaseUtilities/backOfficeLogin"), ["BOURL":"", "BOuser":"", "BOpass":""], CONTINUE_ON_FAILURE): Call Test Case 'Test Cases/TestCaseUtilities/backOfficeLogin' successfully

2019-09-30 17:52:26 - [TEST_CASE][PASSED] - Test Cases/TestCaseUtilities/backOfficeLogin: Test Cases/TestCaseUtilities/backOfficeLogin

2019-09-30 17:52:26 - [TEST_STEP][PASSED] - BOURL = findTestData("envtData").getValue("BOURL", 1): null

2019-09-30 17:52:26 - [TEST_STEP][PASSED] - BOuser = findTestData("credData").getValue("BOuser", 1): null

2019-09-30 17:52:26 - [TEST_STEP][PASSED] - BOpass = findTestData("credData").getValue("BOpass", 1): null

2019-09-30 17:52:26 - [TEST_STEP][PASSED] - openBrowser(""): Browser is opened with url: ''

2019-09-30 17:52:26 - [MESSAGE][WARNING] - A browser is already opened. Closing browser and opening a new one

2019-09-30 17:52:27 - [MESSAGE][INFO] - Starting 'Chrome' driver

2019-09-30 17:52:27 - [MESSAGE][INFO] - User set preference: ['args', '[--use-fake-ui-for-media-stream, --start-maximized]']

2019-09-30 17:52:29 - [MESSAGE][PASSED] - Browser is opened with url: ''

2019-09-30 17:52:29 - [TEST_STEP][PASSED] - navigateToUrl(BOURL): Navigate to 'https://test4.cliotest.com/backoffice/control/main' successfully

2019-09-30 17:52:35 - [MESSAGE][PASSED] - Navigate to 'https://test4.cliotest.com/backoffice/control/main' successfully

2019-09-30 17:52:35 - [TEST_STEP][PASSED] - logOut = findWebElements(findTestObject("Object Repository/Page_cabi Home/log_out"), 1): Unable to find the element located by 'By.xpath: //a[contains(text(),'Log Out')]'. Please recheck the objects properties to make sure the desired element is located. 

2019-09-30 17:52:36 - [MESSAGE][INFO] - Unable to find the element located by 'By.xpath: //a[contains(text(),'Log Out')]'. Please recheck the objects properties to make sure the desired element is located. 

2019-09-30 17:52:36 - [TEST_STEP][PASSED] - if (logOut.size() == 0): Object: 'Object Repository/Page_cabi/input_Welcome to_consultantLogin' is clicked on

2019-09-30 17:52:36 - [TEST_STEP][PASSED] - setText(findTestObject("Page_cabi/input_Welcome to_USERNAME"), BOuser): Text '400000002' is set on object 'Object Repository/Page_cabi/input_Welcome to_USERNAME'

2019-09-30 17:52:36 - [MESSAGE][PASSED] - Text '400000002' is set on object 'Object Repository/Page_cabi/input_Welcome to_USERNAME'

2019-09-30 17:52:36 - [TEST_STEP][PASSED] - setText(findTestObject("Object Repository/Page_cabi/input_Welcome to_PASSWORD"), BOpass): Text 'blackdress19' is set on object 'Object Repository/Page_cabi/input_Welcome to_PASSWORD'

2019-09-30 17:52:37 - [MESSAGE][PASSED] - Text 'blackdress19' is set on object 'Object Repository/Page_cabi/input_Welcome to_PASSWORD'

2019-09-30 17:52:37 - [TEST_STEP][PASSED] - click(findTestObject("Object Repository/Page_cabi/input_Welcome to_consultantLogin")): Object: 'Object Repository/Page_cabi/input_Welcome to_consultantLogin' is clicked on

2019-09-30 17:52:44 - [MESSAGE][PASSED] - Object: 'Object Repository/Page_cabi/input_Welcome to_consultantLogin' is clicked on

2019-09-30 17:52:44 - [TEST_STEP][PASSED] - delay(3): Delayed 3 second(s)

2019-09-30 17:52:47 - [MESSAGE][PASSED] - Delayed 3 second(s)

2019-09-30 17:52:47 - [MESSAGE][PASSED] - Call Test Case 'Test Cases/TestCaseUtilities/backOfficeLogin' successfully

2019-09-30 17:52:47 - [TEST_STEP][PASSED] - click(findTestObject("Object Repository/Page_cabi Home/a_Shows  Orders")): Object: 'Object Repository/Page_cabi Home/a_Shows  Orders' is clicked on

2019-09-30 17:52:48 - [MESSAGE][PASSED] - Object: 'Object Repository/Page_cabi Home/a_Shows  Orders' is clicked on

2019-09-30 17:52:48 - [TEST_STEP][PASSED] - click(findTestObject("Page_cabi Home/a_personal_purchases")): Object: 'Object Repository/Page_cabi Home/a_personal_purchases' is clicked on

2019-09-30 17:52:50 - [MESSAGE][PASSED] - Object: 'Object Repository/Page_cabi Home/a_personal_purchases' is clicked on

2019-09-30 17:52:50 - [TEST_STEP][PASSED] - click(findTestObject("Object Repository/Page_cabi Personal Store/span_Continue to Order")): Object: 'Object Repository/Page_cabi Personal Store/span_Continue to Order' is clicked on

2019-09-30 17:52:51 - [MESSAGE][PASSED] - Object: 'Object Repository/Page_cabi Personal Store/span_Continue to Order' is clicked on

2019-09-30 17:52:51 - [TEST_STEP][PASSED] - println(BOPersonal): null

2019-09-30 17:52:51 - [TEST_STEP][PASSED] - callTestCase(findTestCase("NewArrival/productVerify"), ["available":BOPersonal, "storeType":"BOPersonal"], CONTINUE_ON_FAILURE): Call Test Case 'Test Cases/NewArrival/productVerify' successfully

2019-09-30 17:52:51 - [TEST_CASE][PASSED] - Test Cases/NewArrival/productVerify: Test Cases/NewArrival/productVerify

2019-09-30 17:52:51 - [TEST_STEP][PASSED] - for ([row = 1, row <= findTestData("productData").getRowNumbers(), (row++)]): null

2019-09-30 17:52:51 - [TEST_STEP][PASSED] - sa = new org.testng.asserts.SoftAssert(): null

2019-09-30 17:52:51 - [TEST_STEP][PASSED] - setText(findTestObject("Object Repository/Page_cabi Order Items/input_New Arrivals - Blooming Blush_style"), findTestData("productData").getValue("Style", row)): Text '3843' is set on object 'Object Repository/Page_cabi Order Items/input_New Arrivals - Blooming Blush_style'

2019-09-30 17:52:51 - [MESSAGE][PASSED] - Text '3843' is set on object 'Object Repository/Page_cabi Order Items/input_New Arrivals - Blooming Blush_style'

2019-09-30 17:52:51 - [TEST_STEP][PASSED] - sendKeys(findTestObject("Object Repository/Page_cabi Order Items/input_New Arrivals - Blooming Blush_style"), Keys.chord(ENTER)): Keys 'ENTER + ' sent to object: 'Object Repository/Page_cabi Order Items/input_New Arrivals - Blooming Blush_style'

2019-09-30 17:52:51 - [MESSAGE][PASSED] - Keys 'ENTER + ' sent to object: 'Object Repository/Page_cabi Order Items/input_New Arrivals - Blooming Blush_style'

2019-09-30 17:52:51 - [TEST_STEP][PASSED] - delay(2): Delayed 2 second(s)

2019-09-30 17:52:53 - [MESSAGE][PASSED] - Delayed 2 second(s)

2019-09-30 17:52:53 - [TEST_STEP][PASSED] - executeJavaScript("arguments[0].click()", Arrays.asList(findWebElement(findTestObject("Object Repository/Page_cabi Order Items/input_New Arrivals - Blooming Blush_style"), 30))): Execute JavaScript 'arguments[0].click()' successfully

2019-09-30 17:52:54 - [MESSAGE][PASSED] - Execute JavaScript 'arguments[0].click()' successfully

2019-09-30 17:52:54 - [TEST_STEP][PASSED] - delay(2): Delayed 2 second(s)

2019-09-30 17:52:56 - [MESSAGE][PASSED] - Delayed 2 second(s)

2019-09-30 17:52:56 - [TEST_STEP][PASSED] - if (toString().equalsIgnoreCase("no")): null

2019-09-30 17:52:56 - [TEST_STEP][PASSED] - else: null

2019-09-30 17:52:56 - [TEST_STEP][PASSED] - click(findTestObject("Page_cabi Order Items/li_order_item")): Object: 'Object Repository/Page_cabi Order Items/li_order_item' is clicked on

2019-09-30 17:52:56 - [MESSAGE][PASSED] - Object: 'Object Repository/Page_cabi Order Items/li_order_item' is clicked on

2019-09-30 17:52:56 - [TEST_STEP][PASSED] - delay(5): Delayed 5 second(s)

2019-09-30 17:53:01 - [MESSAGE][PASSED] - Delayed 5 second(s)

2019-09-30 17:53:01 - [TEST_STEP][PASSED] - imgString1 = getValue("Style", row).toString(): null

2019-09-30 17:53:01 - [TEST_STEP][PASSED] - imagePath = UtilityMethods.createScreenshotImagePath(storeType, imgString1): null

2019-09-30 17:53:01 - [TEST_STEP][PASSED] - println(imagePath): null

2019-09-30 17:53:01 - [TEST_STEP][PASSED] - takeScreenshot(imagePath): Taking screenshot successfully

2019-09-30 17:53:01 - [MESSAGE][PASSED] - Taking screenshot successfully
[[ATTACHMENT|C:\\Users\\user\\Documents\\testautomation\\KatalonProjects\\productImages\\BOPersonal_3843 image.png]]

2019-09-30 17:53:01 - [TEST_STEP][PASSED] - verifyElementText(findTestObject("Page_cabi Order Items/GetAttribute_getID"), findTestData("productData").getValue("Style", row), CONTINUE_ON_FAILURE): Actual text and expected text of test object 'Object Repository/Page_cabi Order Items/GetAttribute_getID' are matched.

2019-09-30 17:53:01 - [MESSAGE][PASSED] - Actual text and expected text of test object 'Object Repository/Page_cabi Order Items/GetAttribute_getID' are matched.

2019-09-30 17:53:01 - [TEST_STEP][PASSED] - colorOptions = findWebElements(findTestObject("Page_cabi Order Items/GetAttribute_Color"), 5): null

2019-09-30 17:53:01 - [TEST_STEP][PASSED] - println(colorOptions.size()): null

2019-09-30 17:53:01 - [TEST_STEP][PASSED] - expectedColour = findTestData("productData").getValue("Color", row): null

2019-09-30 17:53:01 - [TEST_STEP][PASSED] - println("expected colour is"): null

2019-09-30 17:53:01 - [TEST_STEP][PASSED] - println(expectedColour): null

2019-09-30 17:53:01 - [TEST_STEP][PASSED] - colourVerified = false: null

2019-09-30 17:53:01 - [TEST_STEP][PASSED] - for (org.openqa.selenium.WebElement op : colorOptions): null

2019-09-30 17:53:01 - [TEST_STEP][PASSED] - println(op.getText()): null

2019-09-30 17:53:01 - [TEST_STEP][PASSED] - if (expectedColour.equalsIgnoreCase(op.getText())): null

2019-09-30 17:53:01 - [TEST_STEP][PASSED] - colourVerified = true: null

2019-09-30 17:53:01 - [TEST_STEP][PASSED] - break: null

2019-09-30 17:53:01 - [TEST_STEP][PASSED] - sa.assertTrue(colourVerified): null

2019-09-30 17:53:01 - [TEST_STEP][PASSED] - getPrice = getText(findTestObject("Page_cabi Order Items/GetAttribute_Price")): Text of object 'Object Repository/Page_cabi Order Items/GetAttribute_Price' is: 'Price : $99.00'

2019-09-30 17:53:01 - [MESSAGE][PASSED] - Text of object 'Object Repository/Page_cabi Order Items/GetAttribute_Price' is: 'Price : $99.00'

2019-09-30 17:53:01 - [TEST_STEP][PASSED] - Split_Data = UtilityMethods.SplitData(getPrice): null

2019-09-30 17:53:01 - [TEST_STEP][PASSED] - verifyMatch(Split_Data, findTestData("productData").getValue("Retail", row), true, CONTINUE_ON_FAILURE): Actual text '99' and expected text '99' are matched  using regular expression

2019-09-30 17:53:01 - [MESSAGE][PASSED] - Actual text '99' and expected text '99' are matched  using regular expression

2019-09-30 17:53:01 - [TEST_STEP][PASSED] - sizeRange1 = ["XXS", "XS", "S", "M", "L", "XL"]: null

2019-09-30 17:53:01 - [TEST_STEP][PASSED] - sizeRange2 = ["00", "0", "2", "4", "6", "8", "10", "12", "14", "16"]: null

2019-09-30 17:53:01 - [TEST_STEP][PASSED] - sizeRange3 = ["Long", "Regular", "Short"]: null

2019-09-30 17:53:01 - [TEST_STEP][PASSED] - sizeRange4 = ["5", "6", "6.5", "7", "7.5", "8", "8.5", "9", "9.5", "10", "11"]: null

2019-09-30 17:53:01 - [TEST_STEP][PASSED] - sizeRange5 = ["XS/S", "M/L"]: null

2019-09-30 17:53:01 - [TEST_STEP][PASSED] - sizeRangeSplit = UtilityMethods.SplitSizes(findTestData("productData").getValue("SzRange", row)): null

2019-09-30 17:53:01 - [TEST_STEP][PASSED] - sizeType = getText(findTestObject("Object Repository/Page_cabi Order Items/Size")): Text of object 'Object Repository/Page_cabi Order Items/Size' is: 'Select'

2019-09-30 17:53:01 - [MESSAGE][PASSED] - Text of object 'Object Repository/Page_cabi Order Items/Size' is: 'Select'

2019-09-30 17:53:01 - [TEST_STEP][PASSED] - sizeOptions = findWebElements(findTestObject("Object Repository/Page_cabi Order Items/Size"), 5): null

2019-09-30 17:53:01 - [TEST_STEP][PASSED] - actualRange = new java.util.ArrayList(): null

2019-09-30 17:53:01 - [TEST_STEP][PASSED] - expectedRange = <not implemented yet for class: org.codehaus.groovy.ast.expr.EmptyExpression>: null

2019-09-30 17:53:01 - [TEST_STEP][PASSED] - if (sizeType.equalsIgnoreCase("Select")): null

2019-09-30 17:53:01 - [TEST_STEP][PASSED] - for ([i = 1, i < sizeOptions.size(), (i++)]): null

2019-09-30 17:53:01 - [TEST_STEP][PASSED] - actualRange.add(getAttribute("value").toString()): null

2019-09-30 17:53:01 - [TEST_STEP][PASSED] - actualRange.add(getAttribute("value").toString()): null

2019-09-30 17:53:01 - [TEST_STEP][PASSED] - actualRange.add(getAttribute("value").toString()): null

2019-09-30 17:53:01 - [TEST_STEP][PASSED] - actualRange.add(getAttribute("value").toString()): null

2019-09-30 17:53:01 - [TEST_STEP][PASSED] - actualRange.add(getAttribute("value").toString()): null

2019-09-30 17:53:01 - [TEST_STEP][PASSED] - if (toString().equalsIgnoreCase("XS") || toString().equalsIgnoreCase("XXS")): null

2019-09-30 17:53:01 - [TEST_STEP][PASSED] - expectedRange = UtilityMethods.getExpectedRange(sizeRange1, sizeRangeSplit): null

2019-09-30 17:53:01 - [TEST_STEP][PASSED] - println("XS"): null

2019-09-30 17:53:01 - [TEST_STEP][PASSED] - println(expectedRange.toString()): null

2019-09-30 17:53:01 - [TEST_STEP][PASSED] - sa.assertTrue(UtilityMethods.listEquals(expectedRange, actualRange)): null

2019-09-30 17:53:01 - [TEST_STEP][PASSED] - delay(2): Delayed 2 second(s)

2019-09-30 17:53:03 - [MESSAGE][PASSED] - Delayed 2 second(s)

2019-09-30 17:53:03 - [TEST_STEP][PASSED] - verifyElementText(findTestObject("Page_cabi Order Items/product_title"), findTestData("productData").getValue("Description", row), CONTINUE_ON_FAILURE): Actual text and expected text of test object 'Object Repository/Page_cabi Order Items/product_title' are matched.

2019-09-30 17:53:04 - [MESSAGE][PASSED] - Actual text and expected text of test object 'Object Repository/Page_cabi Order Items/product_title' are matched.

2019-09-30 17:53:04 - [TEST_STEP][PASSED] - verifyElementText(findTestObject("Page_cabi Order Items/product_fabric"), findTestData("productData").getValue("FinalContent", row), CONTINUE_ON_FAILURE): Actual text and expected text of test object 'Object Repository/Page_cabi Order Items/product_fabric' are matched.

2019-09-30 17:53:04 - [MESSAGE][PASSED] - Actual text and expected text of test object 'Object Repository/Page_cabi Order Items/product_fabric' are matched.

2019-09-30 17:53:04 - [TEST_STEP][PASSED] - actualCasreIntrn = "<div>" + getText(findTestObject("Page_cabi Order Items/care_instruction")) + "</div>": Text of object 'Object Repository/Page_cabi Order Items/care_instruction' is: 'Turn garment inside out and place in a mesh bag. Machine wash separately in cold water on the delicate cycle. Only non-chlorine bleach if needed. Do not twist or wring. Lay flat to dry. Do not steam or iron faux fur.'

2019-09-30 17:53:04 - [MESSAGE][PASSED] - Text of object 'Object Repository/Page_cabi Order Items/care_instruction' is: 'Turn garment inside out and place in a mesh bag. Machine wash separately in cold water on the delicate cycle. Only non-chlorine bleach if needed. Do not twist or wring. Lay flat to dry. Do not steam or iron faux fur.'

2019-09-30 17:53:04 - [TEST_STEP][PASSED] - sa.assertTrue(actualCasreIntrn.equals(findTestData("productData").getValue("CareInstr", row))): null

2019-09-30 17:53:04 - [TEST_STEP][PASSED] - sa = new org.testng.asserts.SoftAssert(): null

2019-09-30 17:53:04 - [TEST_STEP][PASSED] - setText(findTestObject("Object Repository/Page_cabi Order Items/input_New Arrivals - Blooming Blush_style"), findTestData("productData").getValue("Style", row)): Text '3846' is set on object 'Object Repository/Page_cabi Order Items/input_New Arrivals - Blooming Blush_style'

2019-09-30 17:53:04 - [MESSAGE][PASSED] - Text '3846' is set on object 'Object Repository/Page_cabi Order Items/input_New Arrivals - Blooming Blush_style'

2019-09-30 17:53:04 - [TEST_STEP][PASSED] - sendKeys(findTestObject("Object Repository/Page_cabi Order Items/input_New Arrivals - Blooming Blush_style"), Keys.chord(ENTER)): Keys 'ENTER + ' sent to object: 'Object Repository/Page_cabi Order Items/input_New Arrivals - Blooming Blush_style'

2019-09-30 17:53:04 - [MESSAGE][PASSED] - Keys 'ENTER + ' sent to object: 'Object Repository/Page_cabi Order Items/input_New Arrivals - Blooming Blush_style'

2019-09-30 17:53:04 - [TEST_STEP][PASSED] - delay(2): Delayed 2 second(s)

2019-09-30 17:53:06 - [MESSAGE][PASSED] - Delayed 2 second(s)

2019-09-30 17:53:06 - [TEST_STEP][PASSED] - executeJavaScript("arguments[0].click()", Arrays.asList(findWebElement(findTestObject("Object Repository/Page_cabi Order Items/input_New Arrivals - Blooming Blush_style"), 30))): Execute JavaScript 'arguments[0].click()' successfully

2019-09-30 17:53:06 - [MESSAGE][PASSED] - Execute JavaScript 'arguments[0].click()' successfully

2019-09-30 17:53:06 - [TEST_STEP][PASSED] - delay(2): Delayed 2 second(s)

2019-09-30 17:53:08 - [MESSAGE][PASSED] - Delayed 2 second(s)

2019-09-30 17:53:08 - [TEST_STEP][PASSED] - if (toString().equalsIgnoreCase("no")): null

2019-09-30 17:53:08 - [TEST_STEP][PASSED] - else: null

2019-09-30 17:53:08 - [TEST_STEP][PASSED] - click(findTestObject("Page_cabi Order Items/li_order_item")): Object: 'Object Repository/Page_cabi Order Items/li_order_item' is clicked on

2019-09-30 17:53:08 - [MESSAGE][PASSED] - Object: 'Object Repository/Page_cabi Order Items/li_order_item' is clicked on

2019-09-30 17:53:08 - [TEST_STEP][PASSED] - delay(5): Delayed 5 second(s)

2019-09-30 17:53:13 - [MESSAGE][PASSED] - Delayed 5 second(s)

2019-09-30 17:53:13 - [TEST_STEP][PASSED] - imgString1 = getValue("Style", row).toString(): null

2019-09-30 17:53:13 - [TEST_STEP][PASSED] - imagePath = UtilityMethods.createScreenshotImagePath(storeType, imgString1): null

2019-09-30 17:53:13 - [TEST_STEP][PASSED] - println(imagePath): null

2019-09-30 17:53:13 - [TEST_STEP][PASSED] - takeScreenshot(imagePath): Taking screenshot successfully

2019-09-30 17:53:13 - [MESSAGE][PASSED] - Taking screenshot successfully
[[ATTACHMENT|C:\\Users\\user\\Documents\\testautomation\\KatalonProjects\\productImages\\BOPersonal_3846 image.png]]

2019-09-30 17:53:13 - [TEST_STEP][PASSED] - verifyElementText(findTestObject("Page_cabi Order Items/GetAttribute_getID"), findTestData("productData").getValue("Style", row), CONTINUE_ON_FAILURE): Actual text and expected text of test object 'Object Repository/Page_cabi Order Items/GetAttribute_getID' are matched.

2019-09-30 17:53:14 - [MESSAGE][PASSED] - Actual text and expected text of test object 'Object Repository/Page_cabi Order Items/GetAttribute_getID' are matched.

2019-09-30 17:53:14 - [TEST_STEP][PASSED] - colorOptions = findWebElements(findTestObject("Page_cabi Order Items/GetAttribute_Color"), 5): null

2019-09-30 17:53:14 - [TEST_STEP][PASSED] - println(colorOptions.size()): null

2019-09-30 17:53:14 - [TEST_STEP][PASSED] - expectedColour = findTestData("productData").getValue("Color", row): null

2019-09-30 17:53:14 - [TEST_STEP][PASSED] - println("expected colour is"): null

2019-09-30 17:53:14 - [TEST_STEP][PASSED] - println(expectedColour): null

2019-09-30 17:53:14 - [TEST_STEP][PASSED] - colourVerified = false: null

2019-09-30 17:53:14 - [TEST_STEP][PASSED] - for (org.openqa.selenium.WebElement op : colorOptions): null

2019-09-30 17:53:14 - [TEST_STEP][PASSED] - println(op.getText()): null

2019-09-30 17:53:14 - [TEST_STEP][PASSED] - if (expectedColour.equalsIgnoreCase(op.getText())): null

2019-09-30 17:53:14 - [TEST_STEP][PASSED] - colourVerified = true: null

2019-09-30 17:53:14 - [TEST_STEP][PASSED] - break: null

2019-09-30 17:53:14 - [TEST_STEP][PASSED] - sa.assertTrue(colourVerified): null

2019-09-30 17:53:14 - [TEST_STEP][PASSED] - getPrice = getText(findTestObject("Page_cabi Order Items/GetAttribute_Price")): Text of object 'Object Repository/Page_cabi Order Items/GetAttribute_Price' is: 'Price : $139.00'

2019-09-30 17:53:14 - [MESSAGE][PASSED] - Text of object 'Object Repository/Page_cabi Order Items/GetAttribute_Price' is: 'Price : $139.00'

2019-09-30 17:53:14 - [TEST_STEP][PASSED] - Split_Data = UtilityMethods.SplitData(getPrice): null

2019-09-30 17:53:14 - [TEST_STEP][PASSED] - verifyMatch(Split_Data, findTestData("productData").getValue("Retail", row), true, CONTINUE_ON_FAILURE): Actual text '139' and expected text '139' are matched  using regular expression

2019-09-30 17:53:14 - [MESSAGE][PASSED] - Actual text '139' and expected text '139' are matched  using regular expression

2019-09-30 17:53:14 - [TEST_STEP][PASSED] - sizeRange1 = ["XXS", "XS", "S", "M", "L", "XL"]: null

2019-09-30 17:53:14 - [TEST_STEP][PASSED] - sizeRange2 = ["00", "0", "2", "4", "6", "8", "10", "12", "14", "16"]: null

2019-09-30 17:53:14 - [TEST_STEP][PASSED] - sizeRange3 = ["Long", "Regular", "Short"]: null

2019-09-30 17:53:14 - [TEST_STEP][PASSED] - sizeRange4 = ["5", "6", "6.5", "7", "7.5", "8", "8.5", "9", "9.5", "10", "11"]: null

2019-09-30 17:53:14 - [TEST_STEP][PASSED] - sizeRange5 = ["XS/S", "M/L"]: null

2019-09-30 17:53:14 - [TEST_STEP][PASSED] - sizeRangeSplit = UtilityMethods.SplitSizes(findTestData("productData").getValue("SzRange", row)): null

2019-09-30 17:53:14 - [TEST_STEP][PASSED] - sizeType = getText(findTestObject("Object Repository/Page_cabi Order Items/Size")): Text of object 'Object Repository/Page_cabi Order Items/Size' is: 'Select'

2019-09-30 17:53:14 - [MESSAGE][PASSED] - Text of object 'Object Repository/Page_cabi Order Items/Size' is: 'Select'

2019-09-30 17:53:14 - [TEST_STEP][PASSED] - sizeOptions = findWebElements(findTestObject("Object Repository/Page_cabi Order Items/Size"), 5): null

2019-09-30 17:53:14 - [TEST_STEP][PASSED] - actualRange = new java.util.ArrayList(): null

2019-09-30 17:53:14 - [TEST_STEP][PASSED] - expectedRange = <not implemented yet for class: org.codehaus.groovy.ast.expr.EmptyExpression>: null

2019-09-30 17:53:14 - [TEST_STEP][PASSED] - if (sizeType.equalsIgnoreCase("Select")): null

2019-09-30 17:53:14 - [TEST_STEP][PASSED] - for ([i = 1, i < sizeOptions.size(), (i++)]): null

2019-09-30 17:53:14 - [TEST_STEP][PASSED] - actualRange.add(getAttribute("value").toString()): null

2019-09-30 17:53:14 - [TEST_STEP][PASSED] - actualRange.add(getAttribute("value").toString()): null

2019-09-30 17:53:14 - [TEST_STEP][PASSED] - if (toString().equalsIgnoreCase("XS") || toString().equalsIgnoreCase("XXS")): null

2019-09-30 17:53:14 - [TEST_STEP][PASSED] - else if (toString().equalsIgnoreCase("00") || toString().equalsIgnoreCase("0")): null

2019-09-30 17:53:14 - [TEST_STEP][PASSED] - else if (toString().equalsIgnoreCase("Long")): null

2019-09-30 17:53:14 - [TEST_STEP][PASSED] - else if (toString().equalsIgnoreCase("5")): null

2019-09-30 17:53:14 - [TEST_STEP][PASSED] - else if (toString().equalsIgnoreCase("XS/S")): null

2019-09-30 17:53:14 - [TEST_STEP][PASSED] - expectedRange = UtilityMethods.getExpectedRange(sizeRange5, sizeRangeSplit): null

2019-09-30 17:53:14 - [TEST_STEP][PASSED] - println("XS/S"): null

2019-09-30 17:53:14 - [TEST_STEP][PASSED] - println(expectedRange.toString()): null

2019-09-30 17:53:14 - [TEST_STEP][PASSED] - sa.assertTrue(UtilityMethods.listEquals(expectedRange, actualRange)): null

2019-09-30 17:53:14 - [TEST_STEP][PASSED] - delay(2): Delayed 2 second(s)

2019-09-30 17:53:16 - [MESSAGE][PASSED] - Delayed 2 second(s)

2019-09-30 17:53:16 - [TEST_STEP][PASSED] - verifyElementText(findTestObject("Page_cabi Order Items/product_title"), findTestData("productData").getValue("Description", row), CONTINUE_ON_FAILURE): Actual text and expected text of test object 'Object Repository/Page_cabi Order Items/product_title' are matched.

2019-09-30 17:53:16 - [MESSAGE][PASSED] - Actual text and expected text of test object 'Object Repository/Page_cabi Order Items/product_title' are matched.

2019-09-30 17:53:16 - [TEST_STEP][PASSED] - verifyElementText(findTestObject("Page_cabi Order Items/product_fabric"), findTestData("productData").getValue("FinalContent", row), CONTINUE_ON_FAILURE): Actual text and expected text of test object 'Object Repository/Page_cabi Order Items/product_fabric' are matched.

2019-09-30 17:53:16 - [MESSAGE][PASSED] - Actual text and expected text of test object 'Object Repository/Page_cabi Order Items/product_fabric' are matched.

2019-09-30 17:53:16 - [TEST_STEP][PASSED] - actualCasreIntrn = "<div>" + getText(findTestObject("Page_cabi Order Items/care_instruction")) + "</div>": Text of object 'Object Repository/Page_cabi Order Items/care_instruction' is: 'Dry clean for best results. Can be machine washed in a mesh bag in cold water on the delicate cycle. Only non-chlorine bleach. Lay flat to dry. Steam iron only if needed.'

2019-09-30 17:53:16 - [MESSAGE][PASSED] - Text of object 'Object Repository/Page_cabi Order Items/care_instruction' is: 'Dry clean for best results. Can be machine washed in a mesh bag in cold water on the delicate cycle. Only non-chlorine bleach. Lay flat to dry. Steam iron only if needed.'

2019-09-30 17:53:16 - [TEST_STEP][PASSED] - sa.assertTrue(actualCasreIntrn.equals(findTestData("productData").getValue("CareInstr", row))): null

2019-09-30 17:53:16 - [TEST_STEP][PASSED] - sa = new org.testng.asserts.SoftAssert(): null

2019-09-30 17:53:16 - [TEST_STEP][PASSED] - setText(findTestObject("Object Repository/Page_cabi Order Items/input_New Arrivals - Blooming Blush_style"), findTestData("productData").getValue("Style", row)): Text '3850' is set on object 'Object Repository/Page_cabi Order Items/input_New Arrivals - Blooming Blush_style'

2019-09-30 17:53:16 - [MESSAGE][PASSED] - Text '3850' is set on object 'Object Repository/Page_cabi Order Items/input_New Arrivals - Blooming Blush_style'

2019-09-30 17:53:16 - [TEST_STEP][PASSED] - sendKeys(findTestObject("Object Repository/Page_cabi Order Items/input_New Arrivals - Blooming Blush_style"), Keys.chord(ENTER)): Keys 'ENTER + ' sent to object: 'Object Repository/Page_cabi Order Items/input_New Arrivals - Blooming Blush_style'

2019-09-30 17:53:16 - [MESSAGE][PASSED] - Keys 'ENTER + ' sent to object: 'Object Repository/Page_cabi Order Items/input_New Arrivals - Blooming Blush_style'

2019-09-30 17:53:16 - [TEST_STEP][PASSED] - delay(2): Delayed 2 second(s)

2019-09-30 17:53:18 - [MESSAGE][PASSED] - Delayed 2 second(s)

2019-09-30 17:53:18 - [TEST_STEP][PASSED] - executeJavaScript("arguments[0].click()", Arrays.asList(findWebElement(findTestObject("Object Repository/Page_cabi Order Items/input_New Arrivals - Blooming Blush_style"), 30))): Execute JavaScript 'arguments[0].click()' successfully

2019-09-30 17:53:18 - [MESSAGE][PASSED] - Execute JavaScript 'arguments[0].click()' successfully

2019-09-30 17:53:18 - [TEST_STEP][PASSED] - delay(2): Delayed 2 second(s)

2019-09-30 17:53:20 - [MESSAGE][PASSED] - Delayed 2 second(s)

2019-09-30 17:53:20 - [TEST_STEP][PASSED] - if (toString().equalsIgnoreCase("no")): null

2019-09-30 17:53:20 - [TEST_STEP][PASSED] - else: null

2019-09-30 17:53:20 - [TEST_STEP][PASSED] - click(findTestObject("Page_cabi Order Items/li_order_item")): Object: 'Object Repository/Page_cabi Order Items/li_order_item' is clicked on

2019-09-30 17:53:20 - [MESSAGE][PASSED] - Object: 'Object Repository/Page_cabi Order Items/li_order_item' is clicked on

2019-09-30 17:53:20 - [TEST_STEP][PASSED] - delay(5): Delayed 5 second(s)

2019-09-30 17:53:25 - [MESSAGE][PASSED] - Delayed 5 second(s)

2019-09-30 17:53:25 - [TEST_STEP][PASSED] - imgString1 = getValue("Style", row).toString(): null

2019-09-30 17:53:25 - [TEST_STEP][PASSED] - imagePath = UtilityMethods.createScreenshotImagePath(storeType, imgString1): null

2019-09-30 17:53:25 - [TEST_STEP][PASSED] - println(imagePath): null

2019-09-30 17:53:25 - [TEST_STEP][PASSED] - takeScreenshot(imagePath): Taking screenshot successfully

2019-09-30 17:53:26 - [MESSAGE][PASSED] - Taking screenshot successfully
[[ATTACHMENT|C:\\Users\\user\\Documents\\testautomation\\KatalonProjects\\productImages\\BOPersonal_3850 image.png]]

2019-09-30 17:53:26 - [TEST_STEP][PASSED] - verifyElementText(findTestObject("Page_cabi Order Items/GetAttribute_getID"), findTestData("productData").getValue("Style", row), CONTINUE_ON_FAILURE): Actual text and expected text of test object 'Object Repository/Page_cabi Order Items/GetAttribute_getID' are matched.

2019-09-30 17:53:26 - [MESSAGE][PASSED] - Actual text and expected text of test object 'Object Repository/Page_cabi Order Items/GetAttribute_getID' are matched.

2019-09-30 17:53:26 - [TEST_STEP][PASSED] - colorOptions = findWebElements(findTestObject("Page_cabi Order Items/GetAttribute_Color"), 5): null

2019-09-30 17:53:26 - [TEST_STEP][PASSED] - println(colorOptions.size()): null

2019-09-30 17:53:26 - [TEST_STEP][PASSED] - expectedColour = findTestData("productData").getValue("Color", row): null

2019-09-30 17:53:26 - [TEST_STEP][PASSED] - println("expected colour is"): null

2019-09-30 17:53:26 - [TEST_STEP][PASSED] - println(expectedColour): null

2019-09-30 17:53:26 - [TEST_STEP][PASSED] - colourVerified = false: null

2019-09-30 17:53:26 - [TEST_STEP][PASSED] - for (org.openqa.selenium.WebElement op : colorOptions): null

2019-09-30 17:53:26 - [TEST_STEP][PASSED] - println(op.getText()): null

2019-09-30 17:53:26 - [TEST_STEP][PASSED] - if (expectedColour.equalsIgnoreCase(op.getText())): null

2019-09-30 17:53:26 - [TEST_STEP][PASSED] - colourVerified = true: null

2019-09-30 17:53:26 - [TEST_STEP][PASSED] - break: null

2019-09-30 17:53:26 - [TEST_STEP][PASSED] - sa.assertTrue(colourVerified): null

2019-09-30 17:53:26 - [TEST_STEP][PASSED] - getPrice = getText(findTestObject("Page_cabi Order Items/GetAttribute_Price")): Text of object 'Object Repository/Page_cabi Order Items/GetAttribute_Price' is: 'Price : $169.00'

2019-09-30 17:53:26 - [MESSAGE][PASSED] - Text of object 'Object Repository/Page_cabi Order Items/GetAttribute_Price' is: 'Price : $169.00'

2019-09-30 17:53:26 - [TEST_STEP][PASSED] - Split_Data = UtilityMethods.SplitData(getPrice): null

2019-09-30 17:53:26 - [TEST_STEP][PASSED] - verifyMatch(Split_Data, findTestData("productData").getValue("Retail", row), true, CONTINUE_ON_FAILURE): Actual text '169' and expected text '169' are matched  using regular expression

2019-09-30 17:53:26 - [MESSAGE][PASSED] - Actual text '169' and expected text '169' are matched  using regular expression

2019-09-30 17:53:26 - [TEST_STEP][PASSED] - sizeRange1 = ["XXS", "XS", "S", "M", "L", "XL"]: null

2019-09-30 17:53:26 - [TEST_STEP][PASSED] - sizeRange2 = ["00", "0", "2", "4", "6", "8", "10", "12", "14", "16"]: null

2019-09-30 17:53:26 - [TEST_STEP][PASSED] - sizeRange3 = ["Long", "Regular", "Short"]: null

2019-09-30 17:53:26 - [TEST_STEP][PASSED] - sizeRange4 = ["5", "6", "6.5", "7", "7.5", "8", "8.5", "9", "9.5", "10", "11"]: null

2019-09-30 17:53:26 - [TEST_STEP][PASSED] - sizeRange5 = ["XS/S", "M/L"]: null

2019-09-30 17:53:26 - [TEST_STEP][PASSED] - sizeRangeSplit = UtilityMethods.SplitSizes(findTestData("productData").getValue("SzRange", row)): null

2019-09-30 17:53:26 - [TEST_STEP][PASSED] - sizeType = getText(findTestObject("Object Repository/Page_cabi Order Items/Size")): Text of object 'Object Repository/Page_cabi Order Items/Size' is: 'Select'

2019-09-30 17:53:26 - [MESSAGE][PASSED] - Text of object 'Object Repository/Page_cabi Order Items/Size' is: 'Select'

2019-09-30 17:53:26 - [TEST_STEP][PASSED] - sizeOptions = findWebElements(findTestObject("Object Repository/Page_cabi Order Items/Size"), 5): null

2019-09-30 17:53:26 - [TEST_STEP][PASSED] - actualRange = new java.util.ArrayList(): null

2019-09-30 17:53:26 - [TEST_STEP][PASSED] - expectedRange = <not implemented yet for class: org.codehaus.groovy.ast.expr.EmptyExpression>: null

2019-09-30 17:53:26 - [TEST_STEP][PASSED] - if (sizeType.equalsIgnoreCase("Select")): null

2019-09-30 17:53:26 - [TEST_STEP][PASSED] - for ([i = 1, i < sizeOptions.size(), (i++)]): null

2019-09-30 17:53:26 - [TEST_STEP][PASSED] - actualRange.add(getAttribute("value").toString()): null

2019-09-30 17:53:26 - [TEST_STEP][PASSED] - actualRange.add(getAttribute("value").toString()): null

2019-09-30 17:53:26 - [TEST_STEP][PASSED] - actualRange.add(getAttribute("value").toString()): null

2019-09-30 17:53:26 - [TEST_STEP][PASSED] - actualRange.add(getAttribute("value").toString()): null

2019-09-30 17:53:26 - [TEST_STEP][PASSED] - actualRange.add(getAttribute("value").toString()): null

2019-09-30 17:53:26 - [TEST_STEP][PASSED] - if (toString().equalsIgnoreCase("XS") || toString().equalsIgnoreCase("XXS")): null

2019-09-30 17:53:26 - [TEST_STEP][PASSED] - expectedRange = UtilityMethods.getExpectedRange(sizeRange1, sizeRangeSplit): null

2019-09-30 17:53:26 - [TEST_STEP][PASSED] - println("XS"): null

2019-09-30 17:53:26 - [TEST_STEP][PASSED] - println(expectedRange.toString()): null

2019-09-30 17:53:26 - [TEST_STEP][PASSED] - sa.assertTrue(UtilityMethods.listEquals(expectedRange, actualRange)): null

2019-09-30 17:53:26 - [TEST_STEP][PASSED] - delay(2): Delayed 2 second(s)

2019-09-30 17:53:28 - [MESSAGE][PASSED] - Delayed 2 second(s)

2019-09-30 17:53:28 - [TEST_STEP][PASSED] - verifyElementText(findTestObject("Page_cabi Order Items/product_title"), findTestData("productData").getValue("Description", row), CONTINUE_ON_FAILURE): Actual text and expected text of test object 'Object Repository/Page_cabi Order Items/product_title' are matched.

2019-09-30 17:53:28 - [MESSAGE][PASSED] - Actual text and expected text of test object 'Object Repository/Page_cabi Order Items/product_title' are matched.

2019-09-30 17:53:28 - [TEST_STEP][PASSED] - verifyElementText(findTestObject("Page_cabi Order Items/product_fabric"), findTestData("productData").getValue("FinalContent", row), CONTINUE_ON_FAILURE): Actual text and expected text of test object 'Object Repository/Page_cabi Order Items/product_fabric' are matched.

2019-09-30 17:53:28 - [MESSAGE][PASSED] - Actual text and expected text of test object 'Object Repository/Page_cabi Order Items/product_fabric' are matched.

2019-09-30 17:53:28 - [TEST_STEP][PASSED] - actualCasreIntrn = "<div>" + getText(findTestObject("Page_cabi Order Items/care_instruction")) + "</div>": Text of object 'Object Repository/Page_cabi Order Items/care_instruction' is: 'Turn garment inside out and place in a mesh bag. Machine wash separately in cold water, on the delicate cycle. Only non-chlorine bleach if needed. Do not twist or wring. Lay flat to dry. Warm iron if needed. Can be washed by hand.'

2019-09-30 17:53:28 - [MESSAGE][PASSED] - Text of object 'Object Repository/Page_cabi Order Items/care_instruction' is: 'Turn garment inside out and place in a mesh bag. Machine wash separately in cold water, on the delicate cycle. Only non-chlorine bleach if needed. Do not twist or wring. Lay flat to dry. Warm iron if needed. Can be washed by hand.'

2019-09-30 17:53:28 - [TEST_STEP][PASSED] - sa.assertTrue(actualCasreIntrn.equals(findTestData("productData").getValue("CareInstr", row))): null

2019-09-30 17:53:28 - [TEST_STEP][PASSED] - sa = new org.testng.asserts.SoftAssert(): null

2019-09-30 17:53:28 - [TEST_STEP][PASSED] - setText(findTestObject("Object Repository/Page_cabi Order Items/input_New Arrivals - Blooming Blush_style"), findTestData("productData").getValue("Style", row)): Text '3857' is set on object 'Object Repository/Page_cabi Order Items/input_New Arrivals - Blooming Blush_style'

2019-09-30 17:53:28 - [MESSAGE][PASSED] - Text '3857' is set on object 'Object Repository/Page_cabi Order Items/input_New Arrivals - Blooming Blush_style'

2019-09-30 17:53:28 - [TEST_STEP][PASSED] - sendKeys(findTestObject("Object Repository/Page_cabi Order Items/input_New Arrivals - Blooming Blush_style"), Keys.chord(ENTER)): Keys 'ENTER + ' sent to object: 'Object Repository/Page_cabi Order Items/input_New Arrivals - Blooming Blush_style'

2019-09-30 17:53:28 - [MESSAGE][PASSED] - Keys 'ENTER + ' sent to object: 'Object Repository/Page_cabi Order Items/input_New Arrivals - Blooming Blush_style'

2019-09-30 17:53:28 - [TEST_STEP][PASSED] - delay(2): Delayed 2 second(s)

2019-09-30 17:53:30 - [MESSAGE][PASSED] - Delayed 2 second(s)

2019-09-30 17:53:30 - [TEST_STEP][PASSED] - executeJavaScript("arguments[0].click()", Arrays.asList(findWebElement(findTestObject("Object Repository/Page_cabi Order Items/input_New Arrivals - Blooming Blush_style"), 30))): Execute JavaScript 'arguments[0].click()' successfully

2019-09-30 17:53:31 - [MESSAGE][PASSED] - Execute JavaScript 'arguments[0].click()' successfully

2019-09-30 17:53:31 - [TEST_STEP][PASSED] - delay(2): Delayed 2 second(s)

2019-09-30 17:53:33 - [MESSAGE][PASSED] - Delayed 2 second(s)

2019-09-30 17:53:33 - [TEST_STEP][PASSED] - if (toString().equalsIgnoreCase("no")): null

2019-09-30 17:53:33 - [TEST_STEP][PASSED] - else: null

2019-09-30 17:53:33 - [TEST_STEP][PASSED] - click(findTestObject("Page_cabi Order Items/li_order_item")): Object: 'Object Repository/Page_cabi Order Items/li_order_item' is clicked on

2019-09-30 17:53:33 - [MESSAGE][PASSED] - Object: 'Object Repository/Page_cabi Order Items/li_order_item' is clicked on

2019-09-30 17:53:33 - [TEST_STEP][PASSED] - delay(5): Delayed 5 second(s)

2019-09-30 17:53:38 - [MESSAGE][PASSED] - Delayed 5 second(s)

2019-09-30 17:53:38 - [TEST_STEP][PASSED] - imgString1 = getValue("Style", row).toString(): null

2019-09-30 17:53:38 - [TEST_STEP][PASSED] - imagePath = UtilityMethods.createScreenshotImagePath(storeType, imgString1): null

2019-09-30 17:53:38 - [TEST_STEP][PASSED] - println(imagePath): null

2019-09-30 17:53:38 - [TEST_STEP][PASSED] - takeScreenshot(imagePath): Taking screenshot successfully

2019-09-30 17:53:38 - [MESSAGE][PASSED] - Taking screenshot successfully
[[ATTACHMENT|C:\\Users\\user\\Documents\\testautomation\\KatalonProjects\\productImages\\BOPersonal_3857 image.png]]

2019-09-30 17:53:38 - [TEST_STEP][PASSED] - verifyElementText(findTestObject("Page_cabi Order Items/GetAttribute_getID"), findTestData("productData").getValue("Style", row), CONTINUE_ON_FAILURE): Actual text and expected text of test object 'Object Repository/Page_cabi Order Items/GetAttribute_getID' are matched.

2019-09-30 17:53:38 - [MESSAGE][PASSED] - Actual text and expected text of test object 'Object Repository/Page_cabi Order Items/GetAttribute_getID' are matched.

2019-09-30 17:53:38 - [TEST_STEP][PASSED] - colorOptions = findWebElements(findTestObject("Page_cabi Order Items/GetAttribute_Color"), 5): null

2019-09-30 17:53:38 - [TEST_STEP][PASSED] - println(colorOptions.size()): null

2019-09-30 17:53:38 - [TEST_STEP][PASSED] - expectedColour = findTestData("productData").getValue("Color", row): null

2019-09-30 17:53:38 - [TEST_STEP][PASSED] - println("expected colour is"): null

2019-09-30 17:53:38 - [TEST_STEP][PASSED] - println(expectedColour): null

2019-09-30 17:53:38 - [TEST_STEP][PASSED] - colourVerified = false: null

2019-09-30 17:53:38 - [TEST_STEP][PASSED] - for (org.openqa.selenium.WebElement op : colorOptions): null

2019-09-30 17:53:38 - [TEST_STEP][PASSED] - println(op.getText()): null

2019-09-30 17:53:38 - [TEST_STEP][PASSED] - if (expectedColour.equalsIgnoreCase(op.getText())): null

2019-09-30 17:53:38 - [TEST_STEP][PASSED] - colourVerified = true: null

2019-09-30 17:53:38 - [TEST_STEP][PASSED] - break: null

2019-09-30 17:53:38 - [TEST_STEP][PASSED] - sa.assertTrue(colourVerified): null

2019-09-30 17:53:38 - [TEST_STEP][PASSED] - getPrice = getText(findTestObject("Page_cabi Order Items/GetAttribute_Price")): Text of object 'Object Repository/Page_cabi Order Items/GetAttribute_Price' is: 'Price : $84.00'

2019-09-30 17:53:38 - [MESSAGE][PASSED] - Text of object 'Object Repository/Page_cabi Order Items/GetAttribute_Price' is: 'Price : $84.00'

2019-09-30 17:53:38 - [TEST_STEP][PASSED] - Split_Data = UtilityMethods.SplitData(getPrice): null

2019-09-30 17:53:38 - [TEST_STEP][PASSED] - verifyMatch(Split_Data, findTestData("productData").getValue("Retail", row), true, CONTINUE_ON_FAILURE): Actual text '84' and expected text '84' are matched  using regular expression

2019-09-30 17:53:38 - [MESSAGE][PASSED] - Actual text '84' and expected text '84' are matched  using regular expression

2019-09-30 17:53:38 - [TEST_STEP][PASSED] - sizeRange1 = ["XXS", "XS", "S", "M", "L", "XL"]: null

2019-09-30 17:53:38 - [TEST_STEP][PASSED] - sizeRange2 = ["00", "0", "2", "4", "6", "8", "10", "12", "14", "16"]: null

2019-09-30 17:53:38 - [TEST_STEP][PASSED] - sizeRange3 = ["Long", "Regular", "Short"]: null

2019-09-30 17:53:38 - [TEST_STEP][PASSED] - sizeRange4 = ["5", "6", "6.5", "7", "7.5", "8", "8.5", "9", "9.5", "10", "11"]: null

2019-09-30 17:53:38 - [TEST_STEP][PASSED] - sizeRange5 = ["XS/S", "M/L"]: null

2019-09-30 17:53:38 - [TEST_STEP][PASSED] - sizeRangeSplit = UtilityMethods.SplitSizes(findTestData("productData").getValue("SzRange", row)): null

2019-09-30 17:53:38 - [TEST_STEP][PASSED] - sizeType = getText(findTestObject("Object Repository/Page_cabi Order Items/Size")): Text of object 'Object Repository/Page_cabi Order Items/Size' is: 'Select'

2019-09-30 17:53:38 - [MESSAGE][PASSED] - Text of object 'Object Repository/Page_cabi Order Items/Size' is: 'Select'

2019-09-30 17:53:38 - [TEST_STEP][PASSED] - sizeOptions = findWebElements(findTestObject("Object Repository/Page_cabi Order Items/Size"), 5): null

2019-09-30 17:53:38 - [TEST_STEP][PASSED] - actualRange = new java.util.ArrayList(): null

2019-09-30 17:53:38 - [TEST_STEP][PASSED] - expectedRange = <not implemented yet for class: org.codehaus.groovy.ast.expr.EmptyExpression>: null

2019-09-30 17:53:38 - [TEST_STEP][PASSED] - if (sizeType.equalsIgnoreCase("Select")): null

2019-09-30 17:53:38 - [TEST_STEP][PASSED] - for ([i = 1, i < sizeOptions.size(), (i++)]): null

2019-09-30 17:53:38 - [TEST_STEP][PASSED] - actualRange.add(getAttribute("value").toString()): null

2019-09-30 17:53:38 - [TEST_STEP][PASSED] - actualRange.add(getAttribute("value").toString()): null

2019-09-30 17:53:38 - [TEST_STEP][PASSED] - actualRange.add(getAttribute("value").toString()): null

2019-09-30 17:53:38 - [TEST_STEP][PASSED] - actualRange.add(getAttribute("value").toString()): null

2019-09-30 17:53:38 - [TEST_STEP][PASSED] - actualRange.add(getAttribute("value").toString()): null

2019-09-30 17:53:38 - [TEST_STEP][PASSED] - if (toString().equalsIgnoreCase("XS") || toString().equalsIgnoreCase("XXS")): null

2019-09-30 17:53:38 - [TEST_STEP][PASSED] - expectedRange = UtilityMethods.getExpectedRange(sizeRange1, sizeRangeSplit): null

2019-09-30 17:53:38 - [TEST_STEP][PASSED] - println("XS"): null

2019-09-30 17:53:38 - [TEST_STEP][PASSED] - println(expectedRange.toString()): null

2019-09-30 17:53:38 - [TEST_STEP][PASSED] - sa.assertTrue(UtilityMethods.listEquals(expectedRange, actualRange)): null

2019-09-30 17:53:38 - [TEST_STEP][PASSED] - delay(2): Delayed 2 second(s)

2019-09-30 17:53:40 - [MESSAGE][PASSED] - Delayed 2 second(s)

2019-09-30 17:53:40 - [TEST_STEP][PASSED] - verifyElementText(findTestObject("Page_cabi Order Items/product_title"), findTestData("productData").getValue("Description", row), CONTINUE_ON_FAILURE): Actual text and expected text of test object 'Object Repository/Page_cabi Order Items/product_title' are matched.

2019-09-30 17:53:40 - [MESSAGE][PASSED] - Actual text and expected text of test object 'Object Repository/Page_cabi Order Items/product_title' are matched.

2019-09-30 17:53:40 - [TEST_STEP][PASSED] - verifyElementText(findTestObject("Page_cabi Order Items/product_fabric"), findTestData("productData").getValue("FinalContent", row), CONTINUE_ON_FAILURE): Actual text and expected text of test object 'Object Repository/Page_cabi Order Items/product_fabric' are matched.

2019-09-30 17:53:40 - [MESSAGE][PASSED] - Actual text and expected text of test object 'Object Repository/Page_cabi Order Items/product_fabric' are matched.

2019-09-30 17:53:40 - [TEST_STEP][PASSED] - actualCasreIntrn = "<div>" + getText(findTestObject("Page_cabi Order Items/care_instruction")) + "</div>": Text of object 'Object Repository/Page_cabi Order Items/care_instruction' is: 'Wash by hand separately with cold water. Only non-chlorine bleach if needed. Do not twist or wring. Lay flat to dry. Steam iron only if needed. Can be dry cleaned.'

2019-09-30 17:53:40 - [MESSAGE][PASSED] - Text of object 'Object Repository/Page_cabi Order Items/care_instruction' is: 'Wash by hand separately with cold water. Only non-chlorine bleach if needed. Do not twist or wring. Lay flat to dry. Steam iron only if needed. Can be dry cleaned.'

2019-09-30 17:53:40 - [TEST_STEP][PASSED] - sa.assertTrue(actualCasreIntrn.equals(findTestData("productData").getValue("CareInstr", row))): null

2019-09-30 17:53:40 - [TEST_STEP][PASSED] - sa = new org.testng.asserts.SoftAssert(): null

2019-09-30 17:53:40 - [TEST_STEP][PASSED] - setText(findTestObject("Object Repository/Page_cabi Order Items/input_New Arrivals - Blooming Blush_style"), findTestData("productData").getValue("Style", row)): Text '3861' is set on object 'Object Repository/Page_cabi Order Items/input_New Arrivals - Blooming Blush_style'

2019-09-30 17:53:41 - [MESSAGE][PASSED] - Text '3861' is set on object 'Object Repository/Page_cabi Order Items/input_New Arrivals - Blooming Blush_style'

2019-09-30 17:53:41 - [TEST_STEP][PASSED] - sendKeys(findTestObject("Object Repository/Page_cabi Order Items/input_New Arrivals - Blooming Blush_style"), Keys.chord(ENTER)): Keys 'ENTER + ' sent to object: 'Object Repository/Page_cabi Order Items/input_New Arrivals - Blooming Blush_style'

2019-09-30 17:53:41 - [MESSAGE][PASSED] - Keys 'ENTER + ' sent to object: 'Object Repository/Page_cabi Order Items/input_New Arrivals - Blooming Blush_style'

2019-09-30 17:53:41 - [TEST_STEP][PASSED] - delay(2): Delayed 2 second(s)

2019-09-30 17:53:43 - [MESSAGE][PASSED] - Delayed 2 second(s)

2019-09-30 17:53:43 - [TEST_STEP][PASSED] - executeJavaScript("arguments[0].click()", Arrays.asList(findWebElement(findTestObject("Object Repository/Page_cabi Order Items/input_New Arrivals - Blooming Blush_style"), 30))): Execute JavaScript 'arguments[0].click()' successfully

2019-09-30 17:53:43 - [MESSAGE][PASSED] - Execute JavaScript 'arguments[0].click()' successfully

2019-09-30 17:53:43 - [TEST_STEP][PASSED] - delay(2): Delayed 2 second(s)

2019-09-30 17:53:45 - [MESSAGE][PASSED] - Delayed 2 second(s)

2019-09-30 17:53:45 - [TEST_STEP][PASSED] - if (toString().equalsIgnoreCase("no")): null

2019-09-30 17:53:45 - [TEST_STEP][PASSED] - else: null

2019-09-30 17:53:45 - [TEST_STEP][PASSED] - click(findTestObject("Page_cabi Order Items/li_order_item")): Object: 'Object Repository/Page_cabi Order Items/li_order_item' is clicked on

2019-09-30 17:53:45 - [MESSAGE][PASSED] - Object: 'Object Repository/Page_cabi Order Items/li_order_item' is clicked on

2019-09-30 17:53:45 - [TEST_STEP][PASSED] - delay(5): Delayed 5 second(s)

2019-09-30 17:53:50 - [MESSAGE][PASSED] - Delayed 5 second(s)

2019-09-30 17:53:50 - [TEST_STEP][PASSED] - imgString1 = getValue("Style", row).toString(): null

2019-09-30 17:53:50 - [TEST_STEP][PASSED] - imagePath = UtilityMethods.createScreenshotImagePath(storeType, imgString1): null

2019-09-30 17:53:50 - [TEST_STEP][PASSED] - println(imagePath): null

2019-09-30 17:53:50 - [TEST_STEP][PASSED] - takeScreenshot(imagePath): Taking screenshot successfully

2019-09-30 17:53:50 - [MESSAGE][PASSED] - Taking screenshot successfully
[[ATTACHMENT|C:\\Users\\user\\Documents\\testautomation\\KatalonProjects\\productImages\\BOPersonal_3861 image.png]]

2019-09-30 17:53:50 - [TEST_STEP][PASSED] - verifyElementText(findTestObject("Page_cabi Order Items/GetAttribute_getID"), findTestData("productData").getValue("Style", row), CONTINUE_ON_FAILURE): Actual text and expected text of test object 'Object Repository/Page_cabi Order Items/GetAttribute_getID' are matched.

2019-09-30 17:53:50 - [MESSAGE][PASSED] - Actual text and expected text of test object 'Object Repository/Page_cabi Order Items/GetAttribute_getID' are matched.

2019-09-30 17:53:50 - [TEST_STEP][PASSED] - colorOptions = findWebElements(findTestObject("Page_cabi Order Items/GetAttribute_Color"), 5): null

2019-09-30 17:53:50 - [TEST_STEP][PASSED] - println(colorOptions.size()): null

2019-09-30 17:53:50 - [TEST_STEP][PASSED] - expectedColour = findTestData("productData").getValue("Color", row): null

2019-09-30 17:53:50 - [TEST_STEP][PASSED] - println("expected colour is"): null

2019-09-30 17:53:50 - [TEST_STEP][PASSED] - println(expectedColour): null

2019-09-30 17:53:50 - [TEST_STEP][PASSED] - colourVerified = false: null

2019-09-30 17:53:50 - [TEST_STEP][PASSED] - for (org.openqa.selenium.WebElement op : colorOptions): null

2019-09-30 17:53:50 - [TEST_STEP][PASSED] - println(op.getText()): null

2019-09-30 17:53:50 - [TEST_STEP][PASSED] - if (expectedColour.equalsIgnoreCase(op.getText())): null

2019-09-30 17:53:50 - [TEST_STEP][PASSED] - colourVerified = true: null

2019-09-30 17:53:50 - [TEST_STEP][PASSED] - break: null

2019-09-30 17:53:50 - [TEST_STEP][PASSED] - sa.assertTrue(colourVerified): null

2019-09-30 17:53:50 - [TEST_STEP][PASSED] - getPrice = getText(findTestObject("Page_cabi Order Items/GetAttribute_Price")): Text of object 'Object Repository/Page_cabi Order Items/GetAttribute_Price' is: 'Price : $89.00'

2019-09-30 17:53:50 - [MESSAGE][PASSED] - Text of object 'Object Repository/Page_cabi Order Items/GetAttribute_Price' is: 'Price : $89.00'

2019-09-30 17:53:50 - [TEST_STEP][PASSED] - Split_Data = UtilityMethods.SplitData(getPrice): null

2019-09-30 17:53:50 - [TEST_STEP][PASSED] - verifyMatch(Split_Data, findTestData("productData").getValue("Retail", row), true, CONTINUE_ON_FAILURE): Actual text '89' and expected text '89' are matched  using regular expression

2019-09-30 17:53:50 - [MESSAGE][PASSED] - Actual text '89' and expected text '89' are matched  using regular expression

2019-09-30 17:53:50 - [TEST_STEP][PASSED] - sizeRange1 = ["XXS", "XS", "S", "M", "L", "XL"]: null

2019-09-30 17:53:50 - [TEST_STEP][PASSED] - sizeRange2 = ["00", "0", "2", "4", "6", "8", "10", "12", "14", "16"]: null

2019-09-30 17:53:50 - [TEST_STEP][PASSED] - sizeRange3 = ["Long", "Regular", "Short"]: null

2019-09-30 17:53:50 - [TEST_STEP][PASSED] - sizeRange4 = ["5", "6", "6.5", "7", "7.5", "8", "8.5", "9", "9.5", "10", "11"]: null

2019-09-30 17:53:50 - [TEST_STEP][PASSED] - sizeRange5 = ["XS/S", "M/L"]: null

2019-09-30 17:53:50 - [TEST_STEP][PASSED] - sizeRangeSplit = UtilityMethods.SplitSizes(findTestData("productData").getValue("SzRange", row)): null

2019-09-30 17:53:50 - [TEST_STEP][PASSED] - sizeType = getText(findTestObject("Object Repository/Page_cabi Order Items/Size")): Text of object 'Object Repository/Page_cabi Order Items/Size' is: 'Select'

2019-09-30 17:53:50 - [MESSAGE][PASSED] - Text of object 'Object Repository/Page_cabi Order Items/Size' is: 'Select'

2019-09-30 17:53:50 - [TEST_STEP][PASSED] - sizeOptions = findWebElements(findTestObject("Object Repository/Page_cabi Order Items/Size"), 5): null

2019-09-30 17:53:50 - [TEST_STEP][PASSED] - actualRange = new java.util.ArrayList(): null

2019-09-30 17:53:50 - [TEST_STEP][PASSED] - expectedRange = <not implemented yet for class: org.codehaus.groovy.ast.expr.EmptyExpression>: null

2019-09-30 17:53:50 - [TEST_STEP][PASSED] - if (sizeType.equalsIgnoreCase("Select")): null

2019-09-30 17:53:50 - [TEST_STEP][PASSED] - for ([i = 1, i < sizeOptions.size(), (i++)]): null

2019-09-30 17:53:50 - [TEST_STEP][PASSED] - actualRange.add(getAttribute("value").toString()): null

2019-09-30 17:53:51 - [TEST_STEP][PASSED] - actualRange.add(getAttribute("value").toString()): null

2019-09-30 17:53:51 - [TEST_STEP][PASSED] - actualRange.add(getAttribute("value").toString()): null

2019-09-30 17:53:51 - [TEST_STEP][PASSED] - actualRange.add(getAttribute("value").toString()): null

2019-09-30 17:53:51 - [TEST_STEP][PASSED] - actualRange.add(getAttribute("value").toString()): null

2019-09-30 17:53:51 - [TEST_STEP][PASSED] - if (toString().equalsIgnoreCase("XS") || toString().equalsIgnoreCase("XXS")): null

2019-09-30 17:53:51 - [TEST_STEP][PASSED] - expectedRange = UtilityMethods.getExpectedRange(sizeRange1, sizeRangeSplit): null

2019-09-30 17:53:51 - [TEST_STEP][PASSED] - println("XS"): null

2019-09-30 17:53:51 - [TEST_STEP][PASSED] - println(expectedRange.toString()): null

2019-09-30 17:53:51 - [TEST_STEP][PASSED] - sa.assertTrue(UtilityMethods.listEquals(expectedRange, actualRange)): null

2019-09-30 17:53:51 - [TEST_STEP][PASSED] - delay(2): Delayed 2 second(s)

2019-09-30 17:53:53 - [MESSAGE][PASSED] - Delayed 2 second(s)

2019-09-30 17:53:53 - [TEST_STEP][PASSED] - verifyElementText(findTestObject("Page_cabi Order Items/product_title"), findTestData("productData").getValue("Description", row), CONTINUE_ON_FAILURE): Actual text and expected text of test object 'Object Repository/Page_cabi Order Items/product_title' are matched.

2019-09-30 17:53:53 - [MESSAGE][PASSED] - Actual text and expected text of test object 'Object Repository/Page_cabi Order Items/product_title' are matched.

2019-09-30 17:53:53 - [TEST_STEP][PASSED] - verifyElementText(findTestObject("Page_cabi Order Items/product_fabric"), findTestData("productData").getValue("FinalContent", row), CONTINUE_ON_FAILURE): Actual text and expected text of test object 'Object Repository/Page_cabi Order Items/product_fabric' are matched.

2019-09-30 17:53:53 - [MESSAGE][PASSED] - Actual text and expected text of test object 'Object Repository/Page_cabi Order Items/product_fabric' are matched.

2019-09-30 17:53:53 - [TEST_STEP][PASSED] - actualCasreIntrn = "<div>" + getText(findTestObject("Page_cabi Order Items/care_instruction")) + "</div>": Text of object 'Object Repository/Page_cabi Order Items/care_instruction' is: 'Machine wash with like colors in cold water on the delicate cycle. Only non-chlorine bleach if needed. Lay flat to dry. Warm iron if needed.'

2019-09-30 17:53:53 - [MESSAGE][PASSED] - Text of object 'Object Repository/Page_cabi Order Items/care_instruction' is: 'Machine wash with like colors in cold water on the delicate cycle. Only non-chlorine bleach if needed. Lay flat to dry. Warm iron if needed.'

2019-09-30 17:53:53 - [TEST_STEP][PASSED] - sa.assertTrue(actualCasreIntrn.equals(findTestData("productData").getValue("CareInstr", row))): null

2019-09-30 17:53:53 - [TEST_STEP][PASSED] - sa = new org.testng.asserts.SoftAssert(): null

2019-09-30 17:53:53 - [TEST_STEP][PASSED] - setText(findTestObject("Object Repository/Page_cabi Order Items/input_New Arrivals - Blooming Blush_style"), findTestData("productData").getValue("Style", row)): Text '3863' is set on object 'Object Repository/Page_cabi Order Items/input_New Arrivals - Blooming Blush_style'

2019-09-30 17:53:53 - [MESSAGE][PASSED] - Text '3863' is set on object 'Object Repository/Page_cabi Order Items/input_New Arrivals - Blooming Blush_style'

2019-09-30 17:53:53 - [TEST_STEP][PASSED] - sendKeys(findTestObject("Object Repository/Page_cabi Order Items/input_New Arrivals - Blooming Blush_style"), Keys.chord(ENTER)): Keys 'ENTER + ' sent to object: 'Object Repository/Page_cabi Order Items/input_New Arrivals - Blooming Blush_style'

2019-09-30 17:53:53 - [MESSAGE][PASSED] - Keys 'ENTER + ' sent to object: 'Object Repository/Page_cabi Order Items/input_New Arrivals - Blooming Blush_style'

2019-09-30 17:53:53 - [TEST_STEP][PASSED] - delay(2): Delayed 2 second(s)

2019-09-30 17:53:55 - [MESSAGE][PASSED] - Delayed 2 second(s)

2019-09-30 17:53:55 - [TEST_STEP][PASSED] - executeJavaScript("arguments[0].click()", Arrays.asList(findWebElement(findTestObject("Object Repository/Page_cabi Order Items/input_New Arrivals - Blooming Blush_style"), 30))): Execute JavaScript 'arguments[0].click()' successfully

2019-09-30 17:53:55 - [MESSAGE][PASSED] - Execute JavaScript 'arguments[0].click()' successfully

2019-09-30 17:53:55 - [TEST_STEP][PASSED] - delay(2): Delayed 2 second(s)

2019-09-30 17:53:57 - [MESSAGE][PASSED] - Delayed 2 second(s)

2019-09-30 17:53:57 - [TEST_STEP][PASSED] - if (toString().equalsIgnoreCase("no")): null

2019-09-30 17:53:57 - [TEST_STEP][PASSED] - else: null

2019-09-30 17:53:57 - [TEST_STEP][PASSED] - click(findTestObject("Page_cabi Order Items/li_order_item")): Object: 'Object Repository/Page_cabi Order Items/li_order_item' is clicked on

2019-09-30 17:53:57 - [MESSAGE][PASSED] - Object: 'Object Repository/Page_cabi Order Items/li_order_item' is clicked on

2019-09-30 17:53:57 - [TEST_STEP][PASSED] - delay(5): Delayed 5 second(s)

2019-09-30 17:54:02 - [MESSAGE][PASSED] - Delayed 5 second(s)

2019-09-30 17:54:02 - [TEST_STEP][PASSED] - imgString1 = getValue("Style", row).toString(): null

2019-09-30 17:54:02 - [TEST_STEP][PASSED] - imagePath = UtilityMethods.createScreenshotImagePath(storeType, imgString1): null

2019-09-30 17:54:02 - [TEST_STEP][PASSED] - println(imagePath): null

2019-09-30 17:54:02 - [TEST_STEP][PASSED] - takeScreenshot(imagePath): Taking screenshot successfully

2019-09-30 17:54:03 - [MESSAGE][PASSED] - Taking screenshot successfully
[[ATTACHMENT|C:\\Users\\user\\Documents\\testautomation\\KatalonProjects\\productImages\\BOPersonal_3863 image.png]]

2019-09-30 17:54:03 - [TEST_STEP][PASSED] - verifyElementText(findTestObject("Page_cabi Order Items/GetAttribute_getID"), findTestData("productData").getValue("Style", row), CONTINUE_ON_FAILURE): Actual text and expected text of test object 'Object Repository/Page_cabi Order Items/GetAttribute_getID' are matched.

2019-09-30 17:54:03 - [MESSAGE][PASSED] - Actual text and expected text of test object 'Object Repository/Page_cabi Order Items/GetAttribute_getID' are matched.

2019-09-30 17:54:03 - [TEST_STEP][PASSED] - colorOptions = findWebElements(findTestObject("Page_cabi Order Items/GetAttribute_Color"), 5): null

2019-09-30 17:54:03 - [TEST_STEP][PASSED] - println(colorOptions.size()): null

2019-09-30 17:54:03 - [TEST_STEP][PASSED] - expectedColour = findTestData("productData").getValue("Color", row): null

2019-09-30 17:54:03 - [TEST_STEP][PASSED] - println("expected colour is"): null

2019-09-30 17:54:03 - [TEST_STEP][PASSED] - println(expectedColour): null

2019-09-30 17:54:03 - [TEST_STEP][PASSED] - colourVerified = false: null

2019-09-30 17:54:03 - [TEST_STEP][PASSED] - for (org.openqa.selenium.WebElement op : colorOptions): null

2019-09-30 17:54:03 - [TEST_STEP][PASSED] - println(op.getText()): null

2019-09-30 17:54:03 - [TEST_STEP][PASSED] - if (expectedColour.equalsIgnoreCase(op.getText())): null

2019-09-30 17:54:03 - [TEST_STEP][PASSED] - colourVerified = true: null

2019-09-30 17:54:03 - [TEST_STEP][PASSED] - break: null

2019-09-30 17:54:03 - [TEST_STEP][PASSED] - sa.assertTrue(colourVerified): null

2019-09-30 17:54:03 - [TEST_STEP][PASSED] - getPrice = getText(findTestObject("Page_cabi Order Items/GetAttribute_Price")): Text of object 'Object Repository/Page_cabi Order Items/GetAttribute_Price' is: 'Price : $84.00'

2019-09-30 17:54:03 - [MESSAGE][PASSED] - Text of object 'Object Repository/Page_cabi Order Items/GetAttribute_Price' is: 'Price : $84.00'

2019-09-30 17:54:03 - [TEST_STEP][PASSED] - Split_Data = UtilityMethods.SplitData(getPrice): null

2019-09-30 17:54:03 - [TEST_STEP][PASSED] - verifyMatch(Split_Data, findTestData("productData").getValue("Retail", row), true, CONTINUE_ON_FAILURE): Actual text '84' and expected text '84' are matched  using regular expression

2019-09-30 17:54:03 - [MESSAGE][PASSED] - Actual text '84' and expected text '84' are matched  using regular expression

2019-09-30 17:54:03 - [TEST_STEP][PASSED] - sizeRange1 = ["XXS", "XS", "S", "M", "L", "XL"]: null

2019-09-30 17:54:03 - [TEST_STEP][PASSED] - sizeRange2 = ["00", "0", "2", "4", "6", "8", "10", "12", "14", "16"]: null

2019-09-30 17:54:03 - [TEST_STEP][PASSED] - sizeRange3 = ["Long", "Regular", "Short"]: null

2019-09-30 17:54:03 - [TEST_STEP][PASSED] - sizeRange4 = ["5", "6", "6.5", "7", "7.5", "8", "8.5", "9", "9.5", "10", "11"]: null

2019-09-30 17:54:03 - [TEST_STEP][PASSED] - sizeRange5 = ["XS/S", "M/L"]: null

2019-09-30 17:54:03 - [TEST_STEP][PASSED] - sizeRangeSplit = UtilityMethods.SplitSizes(findTestData("productData").getValue("SzRange", row)): null

2019-09-30 17:54:03 - [TEST_STEP][PASSED] - sizeType = getText(findTestObject("Object Repository/Page_cabi Order Items/Size")): Text of object 'Object Repository/Page_cabi Order Items/Size' is: 'Select'

2019-09-30 17:54:03 - [MESSAGE][PASSED] - Text of object 'Object Repository/Page_cabi Order Items/Size' is: 'Select'

2019-09-30 17:54:03 - [TEST_STEP][PASSED] - sizeOptions = findWebElements(findTestObject("Object Repository/Page_cabi Order Items/Size"), 5): null

2019-09-30 17:54:03 - [TEST_STEP][PASSED] - actualRange = new java.util.ArrayList(): null

2019-09-30 17:54:03 - [TEST_STEP][PASSED] - expectedRange = <not implemented yet for class: org.codehaus.groovy.ast.expr.EmptyExpression>: null

2019-09-30 17:54:03 - [TEST_STEP][PASSED] - if (sizeType.equalsIgnoreCase("Select")): null

2019-09-30 17:54:03 - [TEST_STEP][PASSED] - for ([i = 1, i < sizeOptions.size(), (i++)]): null

2019-09-30 17:54:03 - [TEST_STEP][PASSED] - actualRange.add(getAttribute("value").toString()): null

2019-09-30 17:54:03 - [TEST_STEP][PASSED] - actualRange.add(getAttribute("value").toString()): null

2019-09-30 17:54:03 - [TEST_STEP][PASSED] - actualRange.add(getAttribute("value").toString()): null

2019-09-30 17:54:03 - [TEST_STEP][PASSED] - actualRange.add(getAttribute("value").toString()): null

2019-09-30 17:54:03 - [TEST_STEP][PASSED] - actualRange.add(getAttribute("value").toString()): null

2019-09-30 17:54:03 - [TEST_STEP][PASSED] - if (toString().equalsIgnoreCase("XS") || toString().equalsIgnoreCase("XXS")): null

2019-09-30 17:54:03 - [TEST_STEP][PASSED] - expectedRange = UtilityMethods.getExpectedRange(sizeRange1, sizeRangeSplit): null

2019-09-30 17:54:03 - [TEST_STEP][PASSED] - println("XS"): null

2019-09-30 17:54:03 - [TEST_STEP][PASSED] - println(expectedRange.toString()): null

2019-09-30 17:54:03 - [TEST_STEP][PASSED] - sa.assertTrue(UtilityMethods.listEquals(expectedRange, actualRange)): null

2019-09-30 17:54:03 - [TEST_STEP][PASSED] - delay(2): Delayed 2 second(s)

2019-09-30 17:54:05 - [MESSAGE][PASSED] - Delayed 2 second(s)

2019-09-30 17:54:05 - [TEST_STEP][PASSED] - verifyElementText(findTestObject("Page_cabi Order Items/product_title"), findTestData("productData").getValue("Description", row), CONTINUE_ON_FAILURE): Actual text and expected text of test object 'Object Repository/Page_cabi Order Items/product_title' are matched.

2019-09-30 17:54:05 - [MESSAGE][PASSED] - Actual text and expected text of test object 'Object Repository/Page_cabi Order Items/product_title' are matched.

2019-09-30 17:54:05 - [TEST_STEP][PASSED] - verifyElementText(findTestObject("Page_cabi Order Items/product_fabric"), findTestData("productData").getValue("FinalContent", row), CONTINUE_ON_FAILURE): Actual text and expected text of test object 'Object Repository/Page_cabi Order Items/product_fabric' are matched.

2019-09-30 17:54:05 - [MESSAGE][PASSED] - Actual text and expected text of test object 'Object Repository/Page_cabi Order Items/product_fabric' are matched.

2019-09-30 17:54:05 - [TEST_STEP][PASSED] - actualCasreIntrn = "<div>" + getText(findTestObject("Page_cabi Order Items/care_instruction")) + "</div>": Text of object 'Object Repository/Page_cabi Order Items/care_instruction' is: 'Machine wash with like colors in cold water on the delicate cycle. Only non-chlorine bleach if needed. Lay flat to dry. Warm iron if needed.'

2019-09-30 17:54:05 - [MESSAGE][PASSED] - Text of object 'Object Repository/Page_cabi Order Items/care_instruction' is: 'Machine wash with like colors in cold water on the delicate cycle. Only non-chlorine bleach if needed. Lay flat to dry. Warm iron if needed.'

2019-09-30 17:54:05 - [TEST_STEP][PASSED] - sa.assertTrue(actualCasreIntrn.equals(findTestData("productData").getValue("CareInstr", row))): null

2019-09-30 17:54:05 - [TEST_STEP][PASSED] - sa = new org.testng.asserts.SoftAssert(): null

2019-09-30 17:54:05 - [TEST_STEP][PASSED] - setText(findTestObject("Object Repository/Page_cabi Order Items/input_New Arrivals - Blooming Blush_style"), findTestData("productData").getValue("Style", row)): Text '3864' is set on object 'Object Repository/Page_cabi Order Items/input_New Arrivals - Blooming Blush_style'

2019-09-30 17:54:05 - [MESSAGE][PASSED] - Text '3864' is set on object 'Object Repository/Page_cabi Order Items/input_New Arrivals - Blooming Blush_style'

2019-09-30 17:54:05 - [TEST_STEP][PASSED] - sendKeys(findTestObject("Object Repository/Page_cabi Order Items/input_New Arrivals - Blooming Blush_style"), Keys.chord(ENTER)): Keys 'ENTER + ' sent to object: 'Object Repository/Page_cabi Order Items/input_New Arrivals - Blooming Blush_style'

2019-09-30 17:54:05 - [MESSAGE][PASSED] - Keys 'ENTER + ' sent to object: 'Object Repository/Page_cabi Order Items/input_New Arrivals - Blooming Blush_style'

2019-09-30 17:54:05 - [TEST_STEP][PASSED] - delay(2): Delayed 2 second(s)

2019-09-30 17:54:07 - [MESSAGE][PASSED] - Delayed 2 second(s)

2019-09-30 17:54:07 - [TEST_STEP][PASSED] - executeJavaScript("arguments[0].click()", Arrays.asList(findWebElement(findTestObject("Object Repository/Page_cabi Order Items/input_New Arrivals - Blooming Blush_style"), 30))): Execute JavaScript 'arguments[0].click()' successfully

2019-09-30 17:54:07 - [MESSAGE][PASSED] - Execute JavaScript 'arguments[0].click()' successfully

2019-09-30 17:54:07 - [TEST_STEP][PASSED] - delay(2): Delayed 2 second(s)

2019-09-30 17:54:09 - [MESSAGE][PASSED] - Delayed 2 second(s)

2019-09-30 17:54:09 - [TEST_STEP][PASSED] - if (toString().equalsIgnoreCase("no")): null

2019-09-30 17:54:09 - [TEST_STEP][PASSED] - else: null

2019-09-30 17:54:09 - [TEST_STEP][PASSED] - click(findTestObject("Page_cabi Order Items/li_order_item")): Object: 'Object Repository/Page_cabi Order Items/li_order_item' is clicked on

2019-09-30 17:54:09 - [MESSAGE][PASSED] - Object: 'Object Repository/Page_cabi Order Items/li_order_item' is clicked on

2019-09-30 17:54:09 - [TEST_STEP][PASSED] - delay(5): Delayed 5 second(s)

2019-09-30 17:54:14 - [MESSAGE][PASSED] - Delayed 5 second(s)

2019-09-30 17:54:14 - [TEST_STEP][PASSED] - imgString1 = getValue("Style", row).toString(): null

2019-09-30 17:54:14 - [TEST_STEP][PASSED] - imagePath = UtilityMethods.createScreenshotImagePath(storeType, imgString1): null

2019-09-30 17:54:14 - [TEST_STEP][PASSED] - println(imagePath): null

2019-09-30 17:54:14 - [TEST_STEP][PASSED] - takeScreenshot(imagePath): Taking screenshot successfully

2019-09-30 17:54:15 - [MESSAGE][PASSED] - Taking screenshot successfully
[[ATTACHMENT|C:\\Users\\user\\Documents\\testautomation\\KatalonProjects\\productImages\\BOPersonal_3864 image.png]]

2019-09-30 17:54:15 - [TEST_STEP][PASSED] - verifyElementText(findTestObject("Page_cabi Order Items/GetAttribute_getID"), findTestData("productData").getValue("Style", row), CONTINUE_ON_FAILURE): Actual text and expected text of test object 'Object Repository/Page_cabi Order Items/GetAttribute_getID' are matched.

2019-09-30 17:54:15 - [MESSAGE][PASSED] - Actual text and expected text of test object 'Object Repository/Page_cabi Order Items/GetAttribute_getID' are matched.

2019-09-30 17:54:15 - [TEST_STEP][PASSED] - colorOptions = findWebElements(findTestObject("Page_cabi Order Items/GetAttribute_Color"), 5): null

2019-09-30 17:54:15 - [TEST_STEP][PASSED] - println(colorOptions.size()): null

2019-09-30 17:54:15 - [TEST_STEP][PASSED] - expectedColour = findTestData("productData").getValue("Color", row): null

2019-09-30 17:54:15 - [TEST_STEP][PASSED] - println("expected colour is"): null

2019-09-30 17:54:15 - [TEST_STEP][PASSED] - println(expectedColour): null

2019-09-30 17:54:15 - [TEST_STEP][PASSED] - colourVerified = false: null

2019-09-30 17:54:15 - [TEST_STEP][PASSED] - for (org.openqa.selenium.WebElement op : colorOptions): null

2019-09-30 17:54:15 - [TEST_STEP][PASSED] - println(op.getText()): null

2019-09-30 17:54:15 - [TEST_STEP][PASSED] - if (expectedColour.equalsIgnoreCase(op.getText())): null

2019-09-30 17:54:15 - [TEST_STEP][PASSED] - colourVerified = true: null

2019-09-30 17:54:15 - [TEST_STEP][PASSED] - break: null

2019-09-30 17:54:15 - [TEST_STEP][PASSED] - sa.assertTrue(colourVerified): null

2019-09-30 17:54:15 - [TEST_STEP][PASSED] - getPrice = getText(findTestObject("Page_cabi Order Items/GetAttribute_Price")): Text of object 'Object Repository/Page_cabi Order Items/GetAttribute_Price' is: 'Price : $79.00'

2019-09-30 17:54:15 - [MESSAGE][PASSED] - Text of object 'Object Repository/Page_cabi Order Items/GetAttribute_Price' is: 'Price : $79.00'

2019-09-30 17:54:15 - [TEST_STEP][PASSED] - Split_Data = UtilityMethods.SplitData(getPrice): null

2019-09-30 17:54:15 - [TEST_STEP][PASSED] - verifyMatch(Split_Data, findTestData("productData").getValue("Retail", row), true, CONTINUE_ON_FAILURE): Actual text '79' and expected text '79' are matched  using regular expression

2019-09-30 17:54:15 - [MESSAGE][PASSED] - Actual text '79' and expected text '79' are matched  using regular expression

2019-09-30 17:54:15 - [TEST_STEP][PASSED] - sizeRange1 = ["XXS", "XS", "S", "M", "L", "XL"]: null

2019-09-30 17:54:15 - [TEST_STEP][PASSED] - sizeRange2 = ["00", "0", "2", "4", "6", "8", "10", "12", "14", "16"]: null

2019-09-30 17:54:15 - [TEST_STEP][PASSED] - sizeRange3 = ["Long", "Regular", "Short"]: null

2019-09-30 17:54:15 - [TEST_STEP][PASSED] - sizeRange4 = ["5", "6", "6.5", "7", "7.5", "8", "8.5", "9", "9.5", "10", "11"]: null

2019-09-30 17:54:15 - [TEST_STEP][PASSED] - sizeRange5 = ["XS/S", "M/L"]: null

2019-09-30 17:54:15 - [TEST_STEP][PASSED] - sizeRangeSplit = UtilityMethods.SplitSizes(findTestData("productData").getValue("SzRange", row)): null

2019-09-30 17:54:15 - [TEST_STEP][PASSED] - sizeType = getText(findTestObject("Object Repository/Page_cabi Order Items/Size")): Text of object 'Object Repository/Page_cabi Order Items/Size' is: 'Select'

2019-09-30 17:54:15 - [MESSAGE][PASSED] - Text of object 'Object Repository/Page_cabi Order Items/Size' is: 'Select'

2019-09-30 17:54:15 - [TEST_STEP][PASSED] - sizeOptions = findWebElements(findTestObject("Object Repository/Page_cabi Order Items/Size"), 5): null

2019-09-30 17:54:15 - [TEST_STEP][PASSED] - actualRange = new java.util.ArrayList(): null

2019-09-30 17:54:15 - [TEST_STEP][PASSED] - expectedRange = <not implemented yet for class: org.codehaus.groovy.ast.expr.EmptyExpression>: null

2019-09-30 17:54:15 - [TEST_STEP][PASSED] - if (sizeType.equalsIgnoreCase("Select")): null

2019-09-30 17:54:15 - [TEST_STEP][PASSED] - for ([i = 1, i < sizeOptions.size(), (i++)]): null

2019-09-30 17:54:15 - [TEST_STEP][PASSED] - actualRange.add(getAttribute("value").toString()): null

2019-09-30 17:54:15 - [TEST_STEP][PASSED] - actualRange.add(getAttribute("value").toString()): null

2019-09-30 17:54:15 - [TEST_STEP][PASSED] - actualRange.add(getAttribute("value").toString()): null

2019-09-30 17:54:15 - [TEST_STEP][PASSED] - actualRange.add(getAttribute("value").toString()): null

2019-09-30 17:54:15 - [TEST_STEP][PASSED] - actualRange.add(getAttribute("value").toString()): null

2019-09-30 17:54:15 - [TEST_STEP][PASSED] - if (toString().equalsIgnoreCase("XS") || toString().equalsIgnoreCase("XXS")): null

2019-09-30 17:54:15 - [TEST_STEP][PASSED] - expectedRange = UtilityMethods.getExpectedRange(sizeRange1, sizeRangeSplit): null

2019-09-30 17:54:15 - [TEST_STEP][PASSED] - println("XS"): null

2019-09-30 17:54:15 - [TEST_STEP][PASSED] - println(expectedRange.toString()): null

2019-09-30 17:54:15 - [TEST_STEP][PASSED] - sa.assertTrue(UtilityMethods.listEquals(expectedRange, actualRange)): null

2019-09-30 17:54:15 - [TEST_STEP][PASSED] - delay(2): Delayed 2 second(s)

2019-09-30 17:54:17 - [MESSAGE][PASSED] - Delayed 2 second(s)

2019-09-30 17:54:17 - [TEST_STEP][PASSED] - verifyElementText(findTestObject("Page_cabi Order Items/product_title"), findTestData("productData").getValue("Description", row), CONTINUE_ON_FAILURE): Actual text and expected text of test object 'Object Repository/Page_cabi Order Items/product_title' are matched.

2019-09-30 17:54:17 - [MESSAGE][PASSED] - Actual text and expected text of test object 'Object Repository/Page_cabi Order Items/product_title' are matched.

2019-09-30 17:54:17 - [TEST_STEP][PASSED] - verifyElementText(findTestObject("Page_cabi Order Items/product_fabric"), findTestData("productData").getValue("FinalContent", row), CONTINUE_ON_FAILURE): Actual text and expected text of test object 'Object Repository/Page_cabi Order Items/product_fabric' are matched.

2019-09-30 17:54:17 - [MESSAGE][PASSED] - Actual text and expected text of test object 'Object Repository/Page_cabi Order Items/product_fabric' are matched.

2019-09-30 17:54:17 - [TEST_STEP][PASSED] - actualCasreIntrn = "<div>" + getText(findTestObject("Page_cabi Order Items/care_instruction")) + "</div>": Text of object 'Object Repository/Page_cabi Order Items/care_instruction' is: 'Machine wash separately, inside out, in cold water on the delicate cycle. Only non-chlorine bleach if needed. Lay flat to dry. Cool iron on the reverse side if needed. Can be dry cleaned.'

2019-09-30 17:54:17 - [MESSAGE][PASSED] - Text of object 'Object Repository/Page_cabi Order Items/care_instruction' is: 'Machine wash separately, inside out, in cold water on the delicate cycle. Only non-chlorine bleach if needed. Lay flat to dry. Cool iron on the reverse side if needed. Can be dry cleaned.'

2019-09-30 17:54:17 - [TEST_STEP][PASSED] - sa.assertTrue(actualCasreIntrn.equals(findTestData("productData").getValue("CareInstr", row))): null

2019-09-30 17:54:17 - [TEST_STEP][PASSED] - sa = new org.testng.asserts.SoftAssert(): null

2019-09-30 17:54:17 - [TEST_STEP][PASSED] - setText(findTestObject("Object Repository/Page_cabi Order Items/input_New Arrivals - Blooming Blush_style"), findTestData("productData").getValue("Style", row)): Text '3865' is set on object 'Object Repository/Page_cabi Order Items/input_New Arrivals - Blooming Blush_style'

2019-09-30 17:54:17 - [MESSAGE][PASSED] - Text '3865' is set on object 'Object Repository/Page_cabi Order Items/input_New Arrivals - Blooming Blush_style'

2019-09-30 17:54:17 - [TEST_STEP][PASSED] - sendKeys(findTestObject("Object Repository/Page_cabi Order Items/input_New Arrivals - Blooming Blush_style"), Keys.chord(ENTER)): Keys 'ENTER + ' sent to object: 'Object Repository/Page_cabi Order Items/input_New Arrivals - Blooming Blush_style'

2019-09-30 17:54:17 - [MESSAGE][PASSED] - Keys 'ENTER + ' sent to object: 'Object Repository/Page_cabi Order Items/input_New Arrivals - Blooming Blush_style'

2019-09-30 17:54:17 - [TEST_STEP][PASSED] - delay(2): Delayed 2 second(s)

2019-09-30 17:54:19 - [MESSAGE][PASSED] - Delayed 2 second(s)

2019-09-30 17:54:19 - [TEST_STEP][PASSED] - executeJavaScript("arguments[0].click()", Arrays.asList(findWebElement(findTestObject("Object Repository/Page_cabi Order Items/input_New Arrivals - Blooming Blush_style"), 30))): Execute JavaScript 'arguments[0].click()' successfully

2019-09-30 17:54:20 - [MESSAGE][PASSED] - Execute JavaScript 'arguments[0].click()' successfully

2019-09-30 17:54:20 - [TEST_STEP][PASSED] - delay(2): Delayed 2 second(s)

2019-09-30 17:54:22 - [MESSAGE][PASSED] - Delayed 2 second(s)

2019-09-30 17:54:22 - [TEST_STEP][PASSED] - if (toString().equalsIgnoreCase("no")): null

2019-09-30 17:54:22 - [TEST_STEP][PASSED] - else: null

2019-09-30 17:54:22 - [TEST_STEP][PASSED] - click(findTestObject("Page_cabi Order Items/li_order_item")): Object: 'Object Repository/Page_cabi Order Items/li_order_item' is clicked on

2019-09-30 17:54:22 - [MESSAGE][PASSED] - Object: 'Object Repository/Page_cabi Order Items/li_order_item' is clicked on

2019-09-30 17:54:22 - [TEST_STEP][PASSED] - delay(5): Delayed 5 second(s)

2019-09-30 17:54:27 - [MESSAGE][PASSED] - Delayed 5 second(s)

2019-09-30 17:54:27 - [TEST_STEP][PASSED] - imgString1 = getValue("Style", row).toString(): null

2019-09-30 17:54:27 - [TEST_STEP][PASSED] - imagePath = UtilityMethods.createScreenshotImagePath(storeType, imgString1): null

2019-09-30 17:54:27 - [TEST_STEP][PASSED] - println(imagePath): null

2019-09-30 17:54:27 - [TEST_STEP][PASSED] - takeScreenshot(imagePath): Taking screenshot successfully

2019-09-30 17:54:27 - [MESSAGE][PASSED] - Taking screenshot successfully
[[ATTACHMENT|C:\\Users\\user\\Documents\\testautomation\\KatalonProjects\\productImages\\BOPersonal_3865 image.png]]

2019-09-30 17:54:27 - [TEST_STEP][PASSED] - verifyElementText(findTestObject("Page_cabi Order Items/GetAttribute_getID"), findTestData("productData").getValue("Style", row), CONTINUE_ON_FAILURE): Actual text and expected text of test object 'Object Repository/Page_cabi Order Items/GetAttribute_getID' are matched.

2019-09-30 17:54:27 - [MESSAGE][PASSED] - Actual text and expected text of test object 'Object Repository/Page_cabi Order Items/GetAttribute_getID' are matched.

2019-09-30 17:54:27 - [TEST_STEP][PASSED] - colorOptions = findWebElements(findTestObject("Page_cabi Order Items/GetAttribute_Color"), 5): null

2019-09-30 17:54:27 - [TEST_STEP][PASSED] - println(colorOptions.size()): null

2019-09-30 17:54:27 - [TEST_STEP][PASSED] - expectedColour = findTestData("productData").getValue("Color", row): null

2019-09-30 17:54:27 - [TEST_STEP][PASSED] - println("expected colour is"): null

2019-09-30 17:54:27 - [TEST_STEP][PASSED] - println(expectedColour): null

2019-09-30 17:54:27 - [TEST_STEP][PASSED] - colourVerified = false: null

2019-09-30 17:54:27 - [TEST_STEP][PASSED] - for (org.openqa.selenium.WebElement op : colorOptions): null

2019-09-30 17:54:27 - [TEST_STEP][PASSED] - println(op.getText()): null

2019-09-30 17:54:27 - [TEST_STEP][PASSED] - if (expectedColour.equalsIgnoreCase(op.getText())): null

2019-09-30 17:54:27 - [TEST_STEP][PASSED] - colourVerified = true: null

2019-09-30 17:54:27 - [TEST_STEP][PASSED] - break: null

2019-09-30 17:54:27 - [TEST_STEP][PASSED] - sa.assertTrue(colourVerified): null

2019-09-30 17:54:27 - [TEST_STEP][PASSED] - getPrice = getText(findTestObject("Page_cabi Order Items/GetAttribute_Price")): Text of object 'Object Repository/Page_cabi Order Items/GetAttribute_Price' is: 'Price : $89.00'

2019-09-30 17:54:27 - [MESSAGE][PASSED] - Text of object 'Object Repository/Page_cabi Order Items/GetAttribute_Price' is: 'Price : $89.00'

2019-09-30 17:54:27 - [TEST_STEP][PASSED] - Split_Data = UtilityMethods.SplitData(getPrice): null

2019-09-30 17:54:27 - [TEST_STEP][PASSED] - verifyMatch(Split_Data, findTestData("productData").getValue("Retail", row), true, CONTINUE_ON_FAILURE): Actual text '89' and expected text '89' are matched  using regular expression

2019-09-30 17:54:27 - [MESSAGE][PASSED] - Actual text '89' and expected text '89' are matched  using regular expression

2019-09-30 17:54:27 - [TEST_STEP][PASSED] - sizeRange1 = ["XXS", "XS", "S", "M", "L", "XL"]: null

2019-09-30 17:54:27 - [TEST_STEP][PASSED] - sizeRange2 = ["00", "0", "2", "4", "6", "8", "10", "12", "14", "16"]: null

2019-09-30 17:54:27 - [TEST_STEP][PASSED] - sizeRange3 = ["Long", "Regular", "Short"]: null

2019-09-30 17:54:27 - [TEST_STEP][PASSED] - sizeRange4 = ["5", "6", "6.5", "7", "7.5", "8", "8.5", "9", "9.5", "10", "11"]: null

2019-09-30 17:54:27 - [TEST_STEP][PASSED] - sizeRange5 = ["XS/S", "M/L"]: null

2019-09-30 17:54:27 - [TEST_STEP][PASSED] - sizeRangeSplit = UtilityMethods.SplitSizes(findTestData("productData").getValue("SzRange", row)): null

2019-09-30 17:54:27 - [TEST_STEP][PASSED] - sizeType = getText(findTestObject("Object Repository/Page_cabi Order Items/Size")): Text of object 'Object Repository/Page_cabi Order Items/Size' is: 'Select'

2019-09-30 17:54:27 - [MESSAGE][PASSED] - Text of object 'Object Repository/Page_cabi Order Items/Size' is: 'Select'

2019-09-30 17:54:27 - [TEST_STEP][PASSED] - sizeOptions = findWebElements(findTestObject("Object Repository/Page_cabi Order Items/Size"), 5): null

2019-09-30 17:54:27 - [TEST_STEP][PASSED] - actualRange = new java.util.ArrayList(): null

2019-09-30 17:54:27 - [TEST_STEP][PASSED] - expectedRange = <not implemented yet for class: org.codehaus.groovy.ast.expr.EmptyExpression>: null

2019-09-30 17:54:27 - [TEST_STEP][PASSED] - if (sizeType.equalsIgnoreCase("Select")): null

2019-09-30 17:54:27 - [TEST_STEP][PASSED] - for ([i = 1, i < sizeOptions.size(), (i++)]): null

2019-09-30 17:54:27 - [TEST_STEP][PASSED] - actualRange.add(getAttribute("value").toString()): null

2019-09-30 17:54:27 - [TEST_STEP][PASSED] - actualRange.add(getAttribute("value").toString()): null

2019-09-30 17:54:27 - [TEST_STEP][PASSED] - actualRange.add(getAttribute("value").toString()): null

2019-09-30 17:54:27 - [TEST_STEP][PASSED] - actualRange.add(getAttribute("value").toString()): null

2019-09-30 17:54:27 - [TEST_STEP][PASSED] - actualRange.add(getAttribute("value").toString()): null

2019-09-30 17:54:28 - [TEST_STEP][PASSED] - if (toString().equalsIgnoreCase("XS") || toString().equalsIgnoreCase("XXS")): null

2019-09-30 17:54:28 - [TEST_STEP][PASSED] - expectedRange = UtilityMethods.getExpectedRange(sizeRange1, sizeRangeSplit): null

2019-09-30 17:54:28 - [TEST_STEP][PASSED] - println("XS"): null

2019-09-30 17:54:28 - [TEST_STEP][PASSED] - println(expectedRange.toString()): null

2019-09-30 17:54:28 - [TEST_STEP][PASSED] - sa.assertTrue(UtilityMethods.listEquals(expectedRange, actualRange)): null

2019-09-30 17:54:28 - [TEST_STEP][PASSED] - delay(2): Delayed 2 second(s)

2019-09-30 17:54:30 - [MESSAGE][PASSED] - Delayed 2 second(s)

2019-09-30 17:54:30 - [TEST_STEP][PASSED] - verifyElementText(findTestObject("Page_cabi Order Items/product_title"), findTestData("productData").getValue("Description", row), CONTINUE_ON_FAILURE): Actual text and expected text of test object 'Object Repository/Page_cabi Order Items/product_title' are matched.

2019-09-30 17:54:30 - [MESSAGE][PASSED] - Actual text and expected text of test object 'Object Repository/Page_cabi Order Items/product_title' are matched.

2019-09-30 17:54:30 - [TEST_STEP][PASSED] - verifyElementText(findTestObject("Page_cabi Order Items/product_fabric"), findTestData("productData").getValue("FinalContent", row), CONTINUE_ON_FAILURE): Actual text and expected text of test object 'Object Repository/Page_cabi Order Items/product_fabric' are matched.

2019-09-30 17:54:30 - [MESSAGE][PASSED] - Actual text and expected text of test object 'Object Repository/Page_cabi Order Items/product_fabric' are matched.

2019-09-30 17:54:30 - [TEST_STEP][PASSED] - actualCasreIntrn = "<div>" + getText(findTestObject("Page_cabi Order Items/care_instruction")) + "</div>": Text of object 'Object Repository/Page_cabi Order Items/care_instruction' is: 'Machine wash with like colors in cold water on the delicate cycle. Only non-chlorine bleach if needed. Lay flat to dry. Warm iron if needed.'

2019-09-30 17:54:30 - [MESSAGE][PASSED] - Text of object 'Object Repository/Page_cabi Order Items/care_instruction' is: 'Machine wash with like colors in cold water on the delicate cycle. Only non-chlorine bleach if needed. Lay flat to dry. Warm iron if needed.'

2019-09-30 17:54:30 - [TEST_STEP][PASSED] - sa.assertTrue(actualCasreIntrn.equals(findTestData("productData").getValue("CareInstr", row))): null

2019-09-30 17:54:30 - [TEST_STEP][PASSED] - sa = new org.testng.asserts.SoftAssert(): null

2019-09-30 17:54:30 - [TEST_STEP][PASSED] - setText(findTestObject("Object Repository/Page_cabi Order Items/input_New Arrivals - Blooming Blush_style"), findTestData("productData").getValue("Style", row)): Text '3869' is set on object 'Object Repository/Page_cabi Order Items/input_New Arrivals - Blooming Blush_style'

2019-09-30 17:54:30 - [MESSAGE][PASSED] - Text '3869' is set on object 'Object Repository/Page_cabi Order Items/input_New Arrivals - Blooming Blush_style'

2019-09-30 17:54:30 - [TEST_STEP][PASSED] - sendKeys(findTestObject("Object Repository/Page_cabi Order Items/input_New Arrivals - Blooming Blush_style"), Keys.chord(ENTER)): Keys 'ENTER + ' sent to object: 'Object Repository/Page_cabi Order Items/input_New Arrivals - Blooming Blush_style'

2019-09-30 17:54:30 - [MESSAGE][PASSED] - Keys 'ENTER + ' sent to object: 'Object Repository/Page_cabi Order Items/input_New Arrivals - Blooming Blush_style'

2019-09-30 17:54:30 - [TEST_STEP][PASSED] - delay(2): Delayed 2 second(s)

2019-09-30 17:54:32 - [MESSAGE][PASSED] - Delayed 2 second(s)

2019-09-30 17:54:32 - [TEST_STEP][PASSED] - executeJavaScript("arguments[0].click()", Arrays.asList(findWebElement(findTestObject("Object Repository/Page_cabi Order Items/input_New Arrivals - Blooming Blush_style"), 30))): Execute JavaScript 'arguments[0].click()' successfully

2019-09-30 17:54:32 - [MESSAGE][PASSED] - Execute JavaScript 'arguments[0].click()' successfully

2019-09-30 17:54:32 - [TEST_STEP][PASSED] - delay(2): Delayed 2 second(s)

2019-09-30 17:54:34 - [MESSAGE][PASSED] - Delayed 2 second(s)

2019-09-30 17:54:34 - [TEST_STEP][PASSED] - if (toString().equalsIgnoreCase("no")): null

2019-09-30 17:54:34 - [TEST_STEP][PASSED] - else: null

2019-09-30 17:54:34 - [TEST_STEP][PASSED] - click(findTestObject("Page_cabi Order Items/li_order_item")): Object: 'Object Repository/Page_cabi Order Items/li_order_item' is clicked on

2019-09-30 17:54:34 - [MESSAGE][PASSED] - Object: 'Object Repository/Page_cabi Order Items/li_order_item' is clicked on

2019-09-30 17:54:34 - [TEST_STEP][PASSED] - delay(5): Delayed 5 second(s)

2019-09-30 17:54:39 - [MESSAGE][PASSED] - Delayed 5 second(s)

2019-09-30 17:54:39 - [TEST_STEP][PASSED] - imgString1 = getValue("Style", row).toString(): null

2019-09-30 17:54:39 - [TEST_STEP][PASSED] - imagePath = UtilityMethods.createScreenshotImagePath(storeType, imgString1): null

2019-09-30 17:54:39 - [TEST_STEP][PASSED] - println(imagePath): null

2019-09-30 17:54:39 - [TEST_STEP][PASSED] - takeScreenshot(imagePath): Taking screenshot successfully

2019-09-30 17:54:40 - [MESSAGE][PASSED] - Taking screenshot successfully
[[ATTACHMENT|C:\\Users\\user\\Documents\\testautomation\\KatalonProjects\\productImages\\BOPersonal_3869 image.png]]

2019-09-30 17:54:40 - [TEST_STEP][PASSED] - verifyElementText(findTestObject("Page_cabi Order Items/GetAttribute_getID"), findTestData("productData").getValue("Style", row), CONTINUE_ON_FAILURE): Actual text and expected text of test object 'Object Repository/Page_cabi Order Items/GetAttribute_getID' are matched.

2019-09-30 17:54:40 - [MESSAGE][PASSED] - Actual text and expected text of test object 'Object Repository/Page_cabi Order Items/GetAttribute_getID' are matched.

2019-09-30 17:54:40 - [TEST_STEP][PASSED] - colorOptions = findWebElements(findTestObject("Page_cabi Order Items/GetAttribute_Color"), 5): null

2019-09-30 17:54:40 - [TEST_STEP][PASSED] - println(colorOptions.size()): null

2019-09-30 17:54:40 - [TEST_STEP][PASSED] - expectedColour = findTestData("productData").getValue("Color", row): null

2019-09-30 17:54:40 - [TEST_STEP][PASSED] - println("expected colour is"): null

2019-09-30 17:54:40 - [TEST_STEP][PASSED] - println(expectedColour): null

2019-09-30 17:54:40 - [TEST_STEP][PASSED] - colourVerified = false: null

2019-09-30 17:54:40 - [TEST_STEP][PASSED] - for (org.openqa.selenium.WebElement op : colorOptions): null

2019-09-30 17:54:40 - [TEST_STEP][PASSED] - println(op.getText()): null

2019-09-30 17:54:40 - [TEST_STEP][PASSED] - if (expectedColour.equalsIgnoreCase(op.getText())): null

2019-09-30 17:54:40 - [TEST_STEP][PASSED] - colourVerified = true: null

2019-09-30 17:54:40 - [TEST_STEP][PASSED] - break: null

2019-09-30 17:54:40 - [TEST_STEP][PASSED] - sa.assertTrue(colourVerified): null

2019-09-30 17:54:40 - [TEST_STEP][PASSED] - getPrice = getText(findTestObject("Page_cabi Order Items/GetAttribute_Price")): Text of object 'Object Repository/Page_cabi Order Items/GetAttribute_Price' is: 'Price : $94.00'

2019-09-30 17:54:40 - [MESSAGE][PASSED] - Text of object 'Object Repository/Page_cabi Order Items/GetAttribute_Price' is: 'Price : $94.00'

2019-09-30 17:54:40 - [TEST_STEP][PASSED] - Split_Data = UtilityMethods.SplitData(getPrice): null

2019-09-30 17:54:40 - [TEST_STEP][PASSED] - verifyMatch(Split_Data, findTestData("productData").getValue("Retail", row), true, CONTINUE_ON_FAILURE): Actual text '94' and expected text '94' are matched  using regular expression

2019-09-30 17:54:40 - [MESSAGE][PASSED] - Actual text '94' and expected text '94' are matched  using regular expression

2019-09-30 17:54:40 - [TEST_STEP][PASSED] - sizeRange1 = ["XXS", "XS", "S", "M", "L", "XL"]: null

2019-09-30 17:54:40 - [TEST_STEP][PASSED] - sizeRange2 = ["00", "0", "2", "4", "6", "8", "10", "12", "14", "16"]: null

2019-09-30 17:54:40 - [TEST_STEP][PASSED] - sizeRange3 = ["Long", "Regular", "Short"]: null

2019-09-30 17:54:40 - [TEST_STEP][PASSED] - sizeRange4 = ["5", "6", "6.5", "7", "7.5", "8", "8.5", "9", "9.5", "10", "11"]: null

2019-09-30 17:54:40 - [TEST_STEP][PASSED] - sizeRange5 = ["XS/S", "M/L"]: null

2019-09-30 17:54:40 - [TEST_STEP][PASSED] - sizeRangeSplit = UtilityMethods.SplitSizes(findTestData("productData").getValue("SzRange", row)): null

2019-09-30 17:54:40 - [TEST_STEP][PASSED] - sizeType = getText(findTestObject("Object Repository/Page_cabi Order Items/Size")): Text of object 'Object Repository/Page_cabi Order Items/Size' is: 'Select'

2019-09-30 17:54:40 - [MESSAGE][PASSED] - Text of object 'Object Repository/Page_cabi Order Items/Size' is: 'Select'

2019-09-30 17:54:40 - [TEST_STEP][PASSED] - sizeOptions = findWebElements(findTestObject("Object Repository/Page_cabi Order Items/Size"), 5): null

2019-09-30 17:54:40 - [TEST_STEP][PASSED] - actualRange = new java.util.ArrayList(): null

2019-09-30 17:54:40 - [TEST_STEP][PASSED] - expectedRange = <not implemented yet for class: org.codehaus.groovy.ast.expr.EmptyExpression>: null

2019-09-30 17:54:40 - [TEST_STEP][PASSED] - if (sizeType.equalsIgnoreCase("Select")): null

2019-09-30 17:54:40 - [TEST_STEP][PASSED] - for ([i = 1, i < sizeOptions.size(), (i++)]): null

2019-09-30 17:54:40 - [TEST_STEP][PASSED] - actualRange.add(getAttribute("value").toString()): null

2019-09-30 17:54:40 - [TEST_STEP][PASSED] - actualRange.add(getAttribute("value").toString()): null

2019-09-30 17:54:40 - [TEST_STEP][PASSED] - actualRange.add(getAttribute("value").toString()): null

2019-09-30 17:54:40 - [TEST_STEP][PASSED] - actualRange.add(getAttribute("value").toString()): null

2019-09-30 17:54:40 - [TEST_STEP][PASSED] - actualRange.add(getAttribute("value").toString()): null

2019-09-30 17:54:40 - [TEST_STEP][PASSED] - if (toString().equalsIgnoreCase("XS") || toString().equalsIgnoreCase("XXS")): null

2019-09-30 17:54:40 - [TEST_STEP][PASSED] - expectedRange = UtilityMethods.getExpectedRange(sizeRange1, sizeRangeSplit): null

2019-09-30 17:54:40 - [TEST_STEP][PASSED] - println("XS"): null

2019-09-30 17:54:40 - [TEST_STEP][PASSED] - println(expectedRange.toString()): null

2019-09-30 17:54:40 - [TEST_STEP][PASSED] - sa.assertTrue(UtilityMethods.listEquals(expectedRange, actualRange)): null

2019-09-30 17:54:40 - [TEST_STEP][PASSED] - delay(2): Delayed 2 second(s)

2019-09-30 17:54:42 - [MESSAGE][PASSED] - Delayed 2 second(s)

2019-09-30 17:54:42 - [TEST_STEP][PASSED] - verifyElementText(findTestObject("Page_cabi Order Items/product_title"), findTestData("productData").getValue("Description", row), CONTINUE_ON_FAILURE): Actual text and expected text of test object 'Object Repository/Page_cabi Order Items/product_title' are matched.

2019-09-30 17:54:42 - [MESSAGE][PASSED] - Actual text and expected text of test object 'Object Repository/Page_cabi Order Items/product_title' are matched.

2019-09-30 17:54:42 - [TEST_STEP][PASSED] - verifyElementText(findTestObject("Page_cabi Order Items/product_fabric"), findTestData("productData").getValue("FinalContent", row), CONTINUE_ON_FAILURE): Actual text and expected text of test object 'Object Repository/Page_cabi Order Items/product_fabric' are matched.

2019-09-30 17:54:42 - [MESSAGE][PASSED] - Actual text and expected text of test object 'Object Repository/Page_cabi Order Items/product_fabric' are matched.

2019-09-30 17:54:42 - [TEST_STEP][PASSED] - actualCasreIntrn = "<div>" + getText(findTestObject("Page_cabi Order Items/care_instruction")) + "</div>": Text of object 'Object Repository/Page_cabi Order Items/care_instruction' is: 'Wash by hand separately with cold water. Only non-chlorine bleach if needed. Do not twist or wring. Lay flat to dry. Steam iron only if needed. Can be dry cleaned.'

2019-09-30 17:54:42 - [MESSAGE][PASSED] - Text of object 'Object Repository/Page_cabi Order Items/care_instruction' is: 'Wash by hand separately with cold water. Only non-chlorine bleach if needed. Do not twist or wring. Lay flat to dry. Steam iron only if needed. Can be dry cleaned.'

2019-09-30 17:54:42 - [TEST_STEP][PASSED] - sa.assertTrue(actualCasreIntrn.equals(findTestData("productData").getValue("CareInstr", row))): null

2019-09-30 17:54:42 - [TEST_STEP][PASSED] - sa = new org.testng.asserts.SoftAssert(): null

2019-09-30 17:54:42 - [TEST_STEP][PASSED] - setText(findTestObject("Object Repository/Page_cabi Order Items/input_New Arrivals - Blooming Blush_style"), findTestData("productData").getValue("Style", row)): Text '3870' is set on object 'Object Repository/Page_cabi Order Items/input_New Arrivals - Blooming Blush_style'

2019-09-30 17:54:42 - [MESSAGE][PASSED] - Text '3870' is set on object 'Object Repository/Page_cabi Order Items/input_New Arrivals - Blooming Blush_style'

2019-09-30 17:54:42 - [TEST_STEP][PASSED] - sendKeys(findTestObject("Object Repository/Page_cabi Order Items/input_New Arrivals - Blooming Blush_style"), Keys.chord(ENTER)): Keys 'ENTER + ' sent to object: 'Object Repository/Page_cabi Order Items/input_New Arrivals - Blooming Blush_style'

2019-09-30 17:54:42 - [MESSAGE][PASSED] - Keys 'ENTER + ' sent to object: 'Object Repository/Page_cabi Order Items/input_New Arrivals - Blooming Blush_style'

2019-09-30 17:54:42 - [TEST_STEP][PASSED] - delay(2): Delayed 2 second(s)

2019-09-30 17:54:44 - [MESSAGE][PASSED] - Delayed 2 second(s)

2019-09-30 17:54:44 - [TEST_STEP][PASSED] - executeJavaScript("arguments[0].click()", Arrays.asList(findWebElement(findTestObject("Object Repository/Page_cabi Order Items/input_New Arrivals - Blooming Blush_style"), 30))): Execute JavaScript 'arguments[0].click()' successfully

2019-09-30 17:54:44 - [MESSAGE][PASSED] - Execute JavaScript 'arguments[0].click()' successfully

2019-09-30 17:54:44 - [TEST_STEP][PASSED] - delay(2): Delayed 2 second(s)

2019-09-30 17:54:46 - [MESSAGE][PASSED] - Delayed 2 second(s)

2019-09-30 17:54:46 - [TEST_STEP][PASSED] - if (toString().equalsIgnoreCase("no")): null

2019-09-30 17:54:46 - [TEST_STEP][PASSED] - else: null

2019-09-30 17:54:46 - [TEST_STEP][PASSED] - click(findTestObject("Page_cabi Order Items/li_order_item")): Object: 'Object Repository/Page_cabi Order Items/li_order_item' is clicked on

2019-09-30 17:54:46 - [MESSAGE][PASSED] - Object: 'Object Repository/Page_cabi Order Items/li_order_item' is clicked on

2019-09-30 17:54:46 - [TEST_STEP][PASSED] - delay(5): Delayed 5 second(s)

2019-09-30 17:54:51 - [MESSAGE][PASSED] - Delayed 5 second(s)

2019-09-30 17:54:51 - [TEST_STEP][PASSED] - imgString1 = getValue("Style", row).toString(): null

2019-09-30 17:54:51 - [TEST_STEP][PASSED] - imagePath = UtilityMethods.createScreenshotImagePath(storeType, imgString1): null

2019-09-30 17:54:51 - [TEST_STEP][PASSED] - println(imagePath): null

2019-09-30 17:54:51 - [TEST_STEP][PASSED] - takeScreenshot(imagePath): Taking screenshot successfully

2019-09-30 17:54:52 - [MESSAGE][PASSED] - Taking screenshot successfully
[[ATTACHMENT|C:\\Users\\user\\Documents\\testautomation\\KatalonProjects\\productImages\\BOPersonal_3870 image.png]]

2019-09-30 17:54:52 - [TEST_STEP][PASSED] - verifyElementText(findTestObject("Page_cabi Order Items/GetAttribute_getID"), findTestData("productData").getValue("Style", row), CONTINUE_ON_FAILURE): Actual text and expected text of test object 'Object Repository/Page_cabi Order Items/GetAttribute_getID' are matched.

2019-09-30 17:54:52 - [MESSAGE][PASSED] - Actual text and expected text of test object 'Object Repository/Page_cabi Order Items/GetAttribute_getID' are matched.

2019-09-30 17:54:52 - [TEST_STEP][PASSED] - colorOptions = findWebElements(findTestObject("Page_cabi Order Items/GetAttribute_Color"), 5): null

2019-09-30 17:54:52 - [TEST_STEP][PASSED] - println(colorOptions.size()): null

2019-09-30 17:54:52 - [TEST_STEP][PASSED] - expectedColour = findTestData("productData").getValue("Color", row): null

2019-09-30 17:54:52 - [TEST_STEP][PASSED] - println("expected colour is"): null

2019-09-30 17:54:52 - [TEST_STEP][PASSED] - println(expectedColour): null

2019-09-30 17:54:52 - [TEST_STEP][PASSED] - colourVerified = false: null

2019-09-30 17:54:52 - [TEST_STEP][PASSED] - for (org.openqa.selenium.WebElement op : colorOptions): null

2019-09-30 17:54:52 - [TEST_STEP][PASSED] - println(op.getText()): null

2019-09-30 17:54:52 - [TEST_STEP][PASSED] - if (expectedColour.equalsIgnoreCase(op.getText())): null

2019-09-30 17:54:52 - [TEST_STEP][PASSED] - colourVerified = true: null

2019-09-30 17:54:52 - [TEST_STEP][PASSED] - break: null

2019-09-30 17:54:52 - [TEST_STEP][PASSED] - sa.assertTrue(colourVerified): null

2019-09-30 17:54:52 - [TEST_STEP][PASSED] - getPrice = getText(findTestObject("Page_cabi Order Items/GetAttribute_Price")): Text of object 'Object Repository/Page_cabi Order Items/GetAttribute_Price' is: 'Price : $109.00'

2019-09-30 17:54:52 - [MESSAGE][PASSED] - Text of object 'Object Repository/Page_cabi Order Items/GetAttribute_Price' is: 'Price : $109.00'

2019-09-30 17:54:52 - [TEST_STEP][PASSED] - Split_Data = UtilityMethods.SplitData(getPrice): null

2019-09-30 17:54:52 - [TEST_STEP][PASSED] - verifyMatch(Split_Data, findTestData("productData").getValue("Retail", row), true, CONTINUE_ON_FAILURE): Actual text '109' and expected text '109' are matched  using regular expression

2019-09-30 17:54:52 - [MESSAGE][PASSED] - Actual text '109' and expected text '109' are matched  using regular expression

2019-09-30 17:54:52 - [TEST_STEP][PASSED] - sizeRange1 = ["XXS", "XS", "S", "M", "L", "XL"]: null

2019-09-30 17:54:52 - [TEST_STEP][PASSED] - sizeRange2 = ["00", "0", "2", "4", "6", "8", "10", "12", "14", "16"]: null

2019-09-30 17:54:52 - [TEST_STEP][PASSED] - sizeRange3 = ["Long", "Regular", "Short"]: null

2019-09-30 17:54:52 - [TEST_STEP][PASSED] - sizeRange4 = ["5", "6", "6.5", "7", "7.5", "8", "8.5", "9", "9.5", "10", "11"]: null

2019-09-30 17:54:52 - [TEST_STEP][PASSED] - sizeRange5 = ["XS/S", "M/L"]: null

2019-09-30 17:54:52 - [TEST_STEP][PASSED] - sizeRangeSplit = UtilityMethods.SplitSizes(findTestData("productData").getValue("SzRange", row)): null

2019-09-30 17:54:52 - [TEST_STEP][PASSED] - sizeType = getText(findTestObject("Object Repository/Page_cabi Order Items/Size")): Text of object 'Object Repository/Page_cabi Order Items/Size' is: 'Select'

2019-09-30 17:54:52 - [MESSAGE][PASSED] - Text of object 'Object Repository/Page_cabi Order Items/Size' is: 'Select'

2019-09-30 17:54:52 - [TEST_STEP][PASSED] - sizeOptions = findWebElements(findTestObject("Object Repository/Page_cabi Order Items/Size"), 5): null

2019-09-30 17:54:52 - [TEST_STEP][PASSED] - actualRange = new java.util.ArrayList(): null

2019-09-30 17:54:52 - [TEST_STEP][PASSED] - expectedRange = <not implemented yet for class: org.codehaus.groovy.ast.expr.EmptyExpression>: null

2019-09-30 17:54:52 - [TEST_STEP][PASSED] - if (sizeType.equalsIgnoreCase("Select")): null

2019-09-30 17:54:52 - [TEST_STEP][PASSED] - for ([i = 1, i < sizeOptions.size(), (i++)]): null

2019-09-30 17:54:52 - [TEST_STEP][PASSED] - actualRange.add(getAttribute("value").toString()): null

2019-09-30 17:54:52 - [TEST_STEP][PASSED] - actualRange.add(getAttribute("value").toString()): null

2019-09-30 17:54:52 - [TEST_STEP][PASSED] - actualRange.add(getAttribute("value").toString()): null

2019-09-30 17:54:52 - [TEST_STEP][PASSED] - actualRange.add(getAttribute("value").toString()): null

2019-09-30 17:54:52 - [TEST_STEP][PASSED] - actualRange.add(getAttribute("value").toString()): null

2019-09-30 17:54:52 - [TEST_STEP][PASSED] - if (toString().equalsIgnoreCase("XS") || toString().equalsIgnoreCase("XXS")): null

2019-09-30 17:54:52 - [TEST_STEP][PASSED] - expectedRange = UtilityMethods.getExpectedRange(sizeRange1, sizeRangeSplit): null

2019-09-30 17:54:52 - [TEST_STEP][PASSED] - println("XS"): null

2019-09-30 17:54:52 - [TEST_STEP][PASSED] - println(expectedRange.toString()): null

2019-09-30 17:54:52 - [TEST_STEP][PASSED] - sa.assertTrue(UtilityMethods.listEquals(expectedRange, actualRange)): null

2019-09-30 17:54:52 - [TEST_STEP][PASSED] - delay(2): Delayed 2 second(s)

2019-09-30 17:54:54 - [MESSAGE][PASSED] - Delayed 2 second(s)

2019-09-30 17:54:54 - [TEST_STEP][PASSED] - verifyElementText(findTestObject("Page_cabi Order Items/product_title"), findTestData("productData").getValue("Description", row), CONTINUE_ON_FAILURE): Actual text and expected text of test object 'Object Repository/Page_cabi Order Items/product_title' are matched.

2019-09-30 17:54:54 - [MESSAGE][PASSED] - Actual text and expected text of test object 'Object Repository/Page_cabi Order Items/product_title' are matched.

2019-09-30 17:54:54 - [TEST_STEP][PASSED] - verifyElementText(findTestObject("Page_cabi Order Items/product_fabric"), findTestData("productData").getValue("FinalContent", row), CONTINUE_ON_FAILURE): Actual text and expected text of test object 'Object Repository/Page_cabi Order Items/product_fabric' are matched.

2019-09-30 17:54:54 - [MESSAGE][PASSED] - Actual text and expected text of test object 'Object Repository/Page_cabi Order Items/product_fabric' are matched.

2019-09-30 17:54:54 - [TEST_STEP][PASSED] - actualCasreIntrn = "<div>" + getText(findTestObject("Page_cabi Order Items/care_instruction")) + "</div>": Text of object 'Object Repository/Page_cabi Order Items/care_instruction' is: 'Turn garment inside out and place in a mesh bag. Machine wash separately in cold water on the delicate cycle. Only non-chlorine bleach if needed. Do not twist or wring. Lay flat to dry. Warm iron if needed. Can be dry cleaned.'

2019-09-30 17:54:54 - [MESSAGE][PASSED] - Text of object 'Object Repository/Page_cabi Order Items/care_instruction' is: 'Turn garment inside out and place in a mesh bag. Machine wash separately in cold water on the delicate cycle. Only non-chlorine bleach if needed. Do not twist or wring. Lay flat to dry. Warm iron if needed. Can be dry cleaned.'

2019-09-30 17:54:54 - [TEST_STEP][PASSED] - sa.assertTrue(actualCasreIntrn.equals(findTestData("productData").getValue("CareInstr", row))): null

2019-09-30 17:54:54 - [TEST_STEP][PASSED] - sa = new org.testng.asserts.SoftAssert(): null

2019-09-30 17:54:54 - [TEST_STEP][PASSED] - setText(findTestObject("Object Repository/Page_cabi Order Items/input_New Arrivals - Blooming Blush_style"), findTestData("productData").getValue("Style", row)): Text '3871' is set on object 'Object Repository/Page_cabi Order Items/input_New Arrivals - Blooming Blush_style'

2019-09-30 17:54:55 - [MESSAGE][PASSED] - Text '3871' is set on object 'Object Repository/Page_cabi Order Items/input_New Arrivals - Blooming Blush_style'

2019-09-30 17:54:55 - [TEST_STEP][PASSED] - sendKeys(findTestObject("Object Repository/Page_cabi Order Items/input_New Arrivals - Blooming Blush_style"), Keys.chord(ENTER)): Keys 'ENTER + ' sent to object: 'Object Repository/Page_cabi Order Items/input_New Arrivals - Blooming Blush_style'

2019-09-30 17:54:55 - [MESSAGE][PASSED] - Keys 'ENTER + ' sent to object: 'Object Repository/Page_cabi Order Items/input_New Arrivals - Blooming Blush_style'

2019-09-30 17:54:55 - [TEST_STEP][PASSED] - delay(2): Delayed 2 second(s)

2019-09-30 17:54:57 - [MESSAGE][PASSED] - Delayed 2 second(s)

2019-09-30 17:54:57 - [TEST_STEP][PASSED] - executeJavaScript("arguments[0].click()", Arrays.asList(findWebElement(findTestObject("Object Repository/Page_cabi Order Items/input_New Arrivals - Blooming Blush_style"), 30))): Execute JavaScript 'arguments[0].click()' successfully

2019-09-30 17:54:57 - [MESSAGE][PASSED] - Execute JavaScript 'arguments[0].click()' successfully

2019-09-30 17:54:57 - [TEST_STEP][PASSED] - delay(2): Delayed 2 second(s)

2019-09-30 17:54:59 - [MESSAGE][PASSED] - Delayed 2 second(s)

2019-09-30 17:54:59 - [TEST_STEP][PASSED] - if (toString().equalsIgnoreCase("no")): null

2019-09-30 17:54:59 - [TEST_STEP][PASSED] - else: null

2019-09-30 17:54:59 - [TEST_STEP][PASSED] - click(findTestObject("Page_cabi Order Items/li_order_item")): Object: 'Object Repository/Page_cabi Order Items/li_order_item' is clicked on

2019-09-30 17:54:59 - [MESSAGE][PASSED] - Object: 'Object Repository/Page_cabi Order Items/li_order_item' is clicked on

2019-09-30 17:54:59 - [TEST_STEP][PASSED] - delay(5): Delayed 5 second(s)

2019-09-30 17:55:04 - [MESSAGE][PASSED] - Delayed 5 second(s)

2019-09-30 17:55:04 - [TEST_STEP][PASSED] - imgString1 = getValue("Style", row).toString(): null

2019-09-30 17:55:04 - [TEST_STEP][PASSED] - imagePath = UtilityMethods.createScreenshotImagePath(storeType, imgString1): null

2019-09-30 17:55:04 - [TEST_STEP][PASSED] - println(imagePath): null

2019-09-30 17:55:04 - [TEST_STEP][PASSED] - takeScreenshot(imagePath): Taking screenshot successfully

2019-09-30 17:55:04 - [MESSAGE][PASSED] - Taking screenshot successfully
[[ATTACHMENT|C:\\Users\\user\\Documents\\testautomation\\KatalonProjects\\productImages\\BOPersonal_3871 image.png]]

2019-09-30 17:55:04 - [TEST_STEP][PASSED] - verifyElementText(findTestObject("Page_cabi Order Items/GetAttribute_getID"), findTestData("productData").getValue("Style", row), CONTINUE_ON_FAILURE): Actual text and expected text of test object 'Object Repository/Page_cabi Order Items/GetAttribute_getID' are matched.

2019-09-30 17:55:04 - [MESSAGE][PASSED] - Actual text and expected text of test object 'Object Repository/Page_cabi Order Items/GetAttribute_getID' are matched.

2019-09-30 17:55:04 - [TEST_STEP][PASSED] - colorOptions = findWebElements(findTestObject("Page_cabi Order Items/GetAttribute_Color"), 5): null

2019-09-30 17:55:04 - [TEST_STEP][PASSED] - println(colorOptions.size()): null

2019-09-30 17:55:04 - [TEST_STEP][PASSED] - expectedColour = findTestData("productData").getValue("Color", row): null

2019-09-30 17:55:04 - [TEST_STEP][PASSED] - println("expected colour is"): null

2019-09-30 17:55:04 - [TEST_STEP][PASSED] - println(expectedColour): null

2019-09-30 17:55:04 - [TEST_STEP][PASSED] - colourVerified = false: null

2019-09-30 17:55:04 - [TEST_STEP][PASSED] - for (org.openqa.selenium.WebElement op : colorOptions): null

2019-09-30 17:55:04 - [TEST_STEP][PASSED] - println(op.getText()): null

2019-09-30 17:55:04 - [TEST_STEP][PASSED] - if (expectedColour.equalsIgnoreCase(op.getText())): null

2019-09-30 17:55:04 - [TEST_STEP][PASSED] - colourVerified = true: null

2019-09-30 17:55:04 - [TEST_STEP][PASSED] - break: null

2019-09-30 17:55:04 - [TEST_STEP][PASSED] - sa.assertTrue(colourVerified): null

2019-09-30 17:55:04 - [TEST_STEP][PASSED] - getPrice = getText(findTestObject("Page_cabi Order Items/GetAttribute_Price")): Text of object 'Object Repository/Page_cabi Order Items/GetAttribute_Price' is: 'Price : $119.00'

2019-09-30 17:55:04 - [MESSAGE][PASSED] - Text of object 'Object Repository/Page_cabi Order Items/GetAttribute_Price' is: 'Price : $119.00'

2019-09-30 17:55:04 - [TEST_STEP][PASSED] - Split_Data = UtilityMethods.SplitData(getPrice): null

2019-09-30 17:55:04 - [TEST_STEP][PASSED] - verifyMatch(Split_Data, findTestData("productData").getValue("Retail", row), true, CONTINUE_ON_FAILURE): Actual text '119' and expected text '119' are matched  using regular expression

2019-09-30 17:55:04 - [MESSAGE][PASSED] - Actual text '119' and expected text '119' are matched  using regular expression

2019-09-30 17:55:04 - [TEST_STEP][PASSED] - sizeRange1 = ["XXS", "XS", "S", "M", "L", "XL"]: null

2019-09-30 17:55:04 - [TEST_STEP][PASSED] - sizeRange2 = ["00", "0", "2", "4", "6", "8", "10", "12", "14", "16"]: null

2019-09-30 17:55:04 - [TEST_STEP][PASSED] - sizeRange3 = ["Long", "Regular", "Short"]: null

2019-09-30 17:55:04 - [TEST_STEP][PASSED] - sizeRange4 = ["5", "6", "6.5", "7", "7.5", "8", "8.5", "9", "9.5", "10", "11"]: null

2019-09-30 17:55:04 - [TEST_STEP][PASSED] - sizeRange5 = ["XS/S", "M/L"]: null

2019-09-30 17:55:04 - [TEST_STEP][PASSED] - sizeRangeSplit = UtilityMethods.SplitSizes(findTestData("productData").getValue("SzRange", row)): null

2019-09-30 17:55:04 - [TEST_STEP][PASSED] - sizeType = getText(findTestObject("Object Repository/Page_cabi Order Items/Size")): Text of object 'Object Repository/Page_cabi Order Items/Size' is: 'Select'

2019-09-30 17:55:04 - [MESSAGE][PASSED] - Text of object 'Object Repository/Page_cabi Order Items/Size' is: 'Select'

2019-09-30 17:55:04 - [TEST_STEP][PASSED] - sizeOptions = findWebElements(findTestObject("Object Repository/Page_cabi Order Items/Size"), 5): null

2019-09-30 17:55:04 - [TEST_STEP][PASSED] - actualRange = new java.util.ArrayList(): null

2019-09-30 17:55:04 - [TEST_STEP][PASSED] - expectedRange = <not implemented yet for class: org.codehaus.groovy.ast.expr.EmptyExpression>: null

2019-09-30 17:55:04 - [TEST_STEP][PASSED] - if (sizeType.equalsIgnoreCase("Select")): null

2019-09-30 17:55:04 - [TEST_STEP][PASSED] - for ([i = 1, i < sizeOptions.size(), (i++)]): null

2019-09-30 17:55:04 - [TEST_STEP][PASSED] - actualRange.add(getAttribute("value").toString()): null

2019-09-30 17:55:04 - [TEST_STEP][PASSED] - actualRange.add(getAttribute("value").toString()): null

2019-09-30 17:55:04 - [TEST_STEP][PASSED] - actualRange.add(getAttribute("value").toString()): null

2019-09-30 17:55:04 - [TEST_STEP][PASSED] - actualRange.add(getAttribute("value").toString()): null

2019-09-30 17:55:04 - [TEST_STEP][PASSED] - actualRange.add(getAttribute("value").toString()): null

2019-09-30 17:55:05 - [TEST_STEP][PASSED] - if (toString().equalsIgnoreCase("XS") || toString().equalsIgnoreCase("XXS")): null

2019-09-30 17:55:05 - [TEST_STEP][PASSED] - expectedRange = UtilityMethods.getExpectedRange(sizeRange1, sizeRangeSplit): null

2019-09-30 17:55:05 - [TEST_STEP][PASSED] - println("XS"): null

2019-09-30 17:55:05 - [TEST_STEP][PASSED] - println(expectedRange.toString()): null

2019-09-30 17:55:05 - [TEST_STEP][PASSED] - sa.assertTrue(UtilityMethods.listEquals(expectedRange, actualRange)): null

2019-09-30 17:55:05 - [TEST_STEP][PASSED] - delay(2): Delayed 2 second(s)

2019-09-30 17:55:07 - [MESSAGE][PASSED] - Delayed 2 second(s)

2019-09-30 17:55:07 - [TEST_STEP][PASSED] - verifyElementText(findTestObject("Page_cabi Order Items/product_title"), findTestData("productData").getValue("Description", row), CONTINUE_ON_FAILURE): Actual text and expected text of test object 'Object Repository/Page_cabi Order Items/product_title' are matched.

2019-09-30 17:55:07 - [MESSAGE][PASSED] - Actual text and expected text of test object 'Object Repository/Page_cabi Order Items/product_title' are matched.

2019-09-30 17:55:07 - [TEST_STEP][PASSED] - verifyElementText(findTestObject("Page_cabi Order Items/product_fabric"), findTestData("productData").getValue("FinalContent", row), CONTINUE_ON_FAILURE): Actual text and expected text of test object 'Object Repository/Page_cabi Order Items/product_fabric' are matched.

2019-09-30 17:55:07 - [MESSAGE][PASSED] - Actual text and expected text of test object 'Object Repository/Page_cabi Order Items/product_fabric' are matched.

2019-09-30 17:55:07 - [TEST_STEP][PASSED] - actualCasreIntrn = "<div>" + getText(findTestObject("Page_cabi Order Items/care_instruction")) + "</div>": Text of object 'Object Repository/Page_cabi Order Items/care_instruction' is: 'Turn garment inside out and place in a mesh bag. Machine wash separately in cold water on the delicate cycle. Only non-chlorine bleach if needed. Do not twist or wring. Lay flat to dry. Warm iron if needed. Can be washed by hand.'

2019-09-30 17:55:07 - [MESSAGE][PASSED] - Text of object 'Object Repository/Page_cabi Order Items/care_instruction' is: 'Turn garment inside out and place in a mesh bag. Machine wash separately in cold water on the delicate cycle. Only non-chlorine bleach if needed. Do not twist or wring. Lay flat to dry. Warm iron if needed. Can be washed by hand.'

2019-09-30 17:55:07 - [TEST_STEP][PASSED] - sa.assertTrue(actualCasreIntrn.equals(findTestData("productData").getValue("CareInstr", row))): null

2019-09-30 17:55:07 - [TEST_STEP][PASSED] - sa = new org.testng.asserts.SoftAssert(): null

2019-09-30 17:55:07 - [TEST_STEP][PASSED] - setText(findTestObject("Object Repository/Page_cabi Order Items/input_New Arrivals - Blooming Blush_style"), findTestData("productData").getValue("Style", row)): Text '3875' is set on object 'Object Repository/Page_cabi Order Items/input_New Arrivals - Blooming Blush_style'

2019-09-30 17:55:07 - [MESSAGE][PASSED] - Text '3875' is set on object 'Object Repository/Page_cabi Order Items/input_New Arrivals - Blooming Blush_style'

2019-09-30 17:55:07 - [TEST_STEP][PASSED] - sendKeys(findTestObject("Object Repository/Page_cabi Order Items/input_New Arrivals - Blooming Blush_style"), Keys.chord(ENTER)): Keys 'ENTER + ' sent to object: 'Object Repository/Page_cabi Order Items/input_New Arrivals - Blooming Blush_style'

2019-09-30 17:55:07 - [MESSAGE][PASSED] - Keys 'ENTER + ' sent to object: 'Object Repository/Page_cabi Order Items/input_New Arrivals - Blooming Blush_style'

2019-09-30 17:55:07 - [TEST_STEP][PASSED] - delay(2): Delayed 2 second(s)

2019-09-30 17:55:09 - [MESSAGE][PASSED] - Delayed 2 second(s)

2019-09-30 17:55:09 - [TEST_STEP][PASSED] - executeJavaScript("arguments[0].click()", Arrays.asList(findWebElement(findTestObject("Object Repository/Page_cabi Order Items/input_New Arrivals - Blooming Blush_style"), 30))): Execute JavaScript 'arguments[0].click()' successfully

2019-09-30 17:55:09 - [MESSAGE][PASSED] - Execute JavaScript 'arguments[0].click()' successfully

2019-09-30 17:55:09 - [TEST_STEP][PASSED] - delay(2): Delayed 2 second(s)

2019-09-30 17:55:11 - [MESSAGE][PASSED] - Delayed 2 second(s)

2019-09-30 17:55:11 - [TEST_STEP][PASSED] - if (toString().equalsIgnoreCase("no")): null

2019-09-30 17:55:11 - [TEST_STEP][PASSED] - else: null

2019-09-30 17:55:11 - [TEST_STEP][PASSED] - click(findTestObject("Page_cabi Order Items/li_order_item")): Object: 'Object Repository/Page_cabi Order Items/li_order_item' is clicked on

2019-09-30 17:55:11 - [MESSAGE][PASSED] - Object: 'Object Repository/Page_cabi Order Items/li_order_item' is clicked on

2019-09-30 17:55:11 - [TEST_STEP][PASSED] - delay(5): Delayed 5 second(s)

2019-09-30 17:55:16 - [MESSAGE][PASSED] - Delayed 5 second(s)

2019-09-30 17:55:16 - [TEST_STEP][PASSED] - imgString1 = getValue("Style", row).toString(): null

2019-09-30 17:55:17 - [TEST_STEP][PASSED] - imagePath = UtilityMethods.createScreenshotImagePath(storeType, imgString1): null

2019-09-30 17:55:17 - [TEST_STEP][PASSED] - println(imagePath): null

2019-09-30 17:55:17 - [TEST_STEP][PASSED] - takeScreenshot(imagePath): Taking screenshot successfully

2019-09-30 17:55:17 - [MESSAGE][PASSED] - Taking screenshot successfully
[[ATTACHMENT|C:\\Users\\user\\Documents\\testautomation\\KatalonProjects\\productImages\\BOPersonal_3875 image.png]]

2019-09-30 17:55:17 - [TEST_STEP][PASSED] - verifyElementText(findTestObject("Page_cabi Order Items/GetAttribute_getID"), findTestData("productData").getValue("Style", row), CONTINUE_ON_FAILURE): Actual text and expected text of test object 'Object Repository/Page_cabi Order Items/GetAttribute_getID' are matched.

2019-09-30 17:55:17 - [MESSAGE][PASSED] - Actual text and expected text of test object 'Object Repository/Page_cabi Order Items/GetAttribute_getID' are matched.

2019-09-30 17:55:17 - [TEST_STEP][PASSED] - colorOptions = findWebElements(findTestObject("Page_cabi Order Items/GetAttribute_Color"), 5): null

2019-09-30 17:55:17 - [TEST_STEP][PASSED] - println(colorOptions.size()): null

2019-09-30 17:55:17 - [TEST_STEP][PASSED] - expectedColour = findTestData("productData").getValue("Color", row): null

2019-09-30 17:55:17 - [TEST_STEP][PASSED] - println("expected colour is"): null

2019-09-30 17:55:17 - [TEST_STEP][PASSED] - println(expectedColour): null

2019-09-30 17:55:17 - [TEST_STEP][PASSED] - colourVerified = false: null

2019-09-30 17:55:17 - [TEST_STEP][PASSED] - for (org.openqa.selenium.WebElement op : colorOptions): null

2019-09-30 17:55:17 - [TEST_STEP][PASSED] - println(op.getText()): null

2019-09-30 17:55:17 - [TEST_STEP][PASSED] - if (expectedColour.equalsIgnoreCase(op.getText())): null

2019-09-30 17:55:17 - [TEST_STEP][PASSED] - colourVerified = true: null

2019-09-30 17:55:17 - [TEST_STEP][PASSED] - break: null

2019-09-30 17:55:17 - [TEST_STEP][PASSED] - sa.assertTrue(colourVerified): null

2019-09-30 17:55:17 - [TEST_STEP][PASSED] - getPrice = getText(findTestObject("Page_cabi Order Items/GetAttribute_Price")): Text of object 'Object Repository/Page_cabi Order Items/GetAttribute_Price' is: 'Price : $159.00'

2019-09-30 17:55:17 - [MESSAGE][PASSED] - Text of object 'Object Repository/Page_cabi Order Items/GetAttribute_Price' is: 'Price : $159.00'

2019-09-30 17:55:17 - [TEST_STEP][PASSED] - Split_Data = UtilityMethods.SplitData(getPrice): null

2019-09-30 17:55:17 - [TEST_STEP][PASSED] - verifyMatch(Split_Data, findTestData("productData").getValue("Retail", row), true, CONTINUE_ON_FAILURE): Actual text '159' and expected text '159' are matched  using regular expression

2019-09-30 17:55:17 - [MESSAGE][PASSED] - Actual text '159' and expected text '159' are matched  using regular expression

2019-09-30 17:55:17 - [TEST_STEP][PASSED] - sizeRange1 = ["XXS", "XS", "S", "M", "L", "XL"]: null

2019-09-30 17:55:17 - [TEST_STEP][PASSED] - sizeRange2 = ["00", "0", "2", "4", "6", "8", "10", "12", "14", "16"]: null

2019-09-30 17:55:17 - [TEST_STEP][PASSED] - sizeRange3 = ["Long", "Regular", "Short"]: null

2019-09-30 17:55:17 - [TEST_STEP][PASSED] - sizeRange4 = ["5", "6", "6.5", "7", "7.5", "8", "8.5", "9", "9.5", "10", "11"]: null

2019-09-30 17:55:17 - [TEST_STEP][PASSED] - sizeRange5 = ["XS/S", "M/L"]: null

2019-09-30 17:55:17 - [TEST_STEP][PASSED] - sizeRangeSplit = UtilityMethods.SplitSizes(findTestData("productData").getValue("SzRange", row)): null

2019-09-30 17:55:17 - [TEST_STEP][PASSED] - sizeType = getText(findTestObject("Object Repository/Page_cabi Order Items/Size")): Text of object 'Object Repository/Page_cabi Order Items/Size' is: 'Select'

2019-09-30 17:55:17 - [MESSAGE][PASSED] - Text of object 'Object Repository/Page_cabi Order Items/Size' is: 'Select'

2019-09-30 17:55:17 - [TEST_STEP][PASSED] - sizeOptions = findWebElements(findTestObject("Object Repository/Page_cabi Order Items/Size"), 5): null

2019-09-30 17:55:17 - [TEST_STEP][PASSED] - actualRange = new java.util.ArrayList(): null

2019-09-30 17:55:17 - [TEST_STEP][PASSED] - expectedRange = <not implemented yet for class: org.codehaus.groovy.ast.expr.EmptyExpression>: null

2019-09-30 17:55:17 - [TEST_STEP][PASSED] - if (sizeType.equalsIgnoreCase("Select")): null

2019-09-30 17:55:17 - [TEST_STEP][PASSED] - for ([i = 1, i < sizeOptions.size(), (i++)]): null

2019-09-30 17:55:17 - [TEST_STEP][PASSED] - actualRange.add(getAttribute("value").toString()): null

2019-09-30 17:55:17 - [TEST_STEP][PASSED] - actualRange.add(getAttribute("value").toString()): null

2019-09-30 17:55:17 - [TEST_STEP][PASSED] - actualRange.add(getAttribute("value").toString()): null

2019-09-30 17:55:17 - [TEST_STEP][PASSED] - actualRange.add(getAttribute("value").toString()): null

2019-09-30 17:55:17 - [TEST_STEP][PASSED] - actualRange.add(getAttribute("value").toString()): null

2019-09-30 17:55:17 - [TEST_STEP][PASSED] - if (toString().equalsIgnoreCase("XS") || toString().equalsIgnoreCase("XXS")): null

2019-09-30 17:55:17 - [TEST_STEP][PASSED] - expectedRange = UtilityMethods.getExpectedRange(sizeRange1, sizeRangeSplit): null

2019-09-30 17:55:17 - [TEST_STEP][PASSED] - println("XS"): null

2019-09-30 17:55:17 - [TEST_STEP][PASSED] - println(expectedRange.toString()): null

2019-09-30 17:55:17 - [TEST_STEP][PASSED] - sa.assertTrue(UtilityMethods.listEquals(expectedRange, actualRange)): null

2019-09-30 17:55:17 - [TEST_STEP][PASSED] - delay(2): Delayed 2 second(s)

2019-09-30 17:55:19 - [MESSAGE][PASSED] - Delayed 2 second(s)

2019-09-30 17:55:19 - [TEST_STEP][PASSED] - verifyElementText(findTestObject("Page_cabi Order Items/product_title"), findTestData("productData").getValue("Description", row), CONTINUE_ON_FAILURE): Actual text and expected text of test object 'Object Repository/Page_cabi Order Items/product_title' are matched.

2019-09-30 17:55:19 - [MESSAGE][PASSED] - Actual text and expected text of test object 'Object Repository/Page_cabi Order Items/product_title' are matched.

2019-09-30 17:55:19 - [TEST_STEP][PASSED] - verifyElementText(findTestObject("Page_cabi Order Items/product_fabric"), findTestData("productData").getValue("FinalContent", row), CONTINUE_ON_FAILURE): Actual text and expected text of test object 'Object Repository/Page_cabi Order Items/product_fabric' are matched.

2019-09-30 17:55:19 - [MESSAGE][PASSED] - Actual text and expected text of test object 'Object Repository/Page_cabi Order Items/product_fabric' are matched.

2019-09-30 17:55:19 - [TEST_STEP][PASSED] - actualCasreIntrn = "<div>" + getText(findTestObject("Page_cabi Order Items/care_instruction")) + "</div>": Text of object 'Object Repository/Page_cabi Order Items/care_instruction' is: 'Turn garment inside out and place in a mesh bag. Machine wash separately in cold water on the delicate cycle. Only non-chlorine bleach if needed. Do not twist or wring. Lay flat to dry. Steam iron only if needed. Do not press with flat iron. Can be dry cleaned.'

2019-09-30 17:55:19 - [MESSAGE][PASSED] - Text of object 'Object Repository/Page_cabi Order Items/care_instruction' is: 'Turn garment inside out and place in a mesh bag. Machine wash separately in cold water on the delicate cycle. Only non-chlorine bleach if needed. Do not twist or wring. Lay flat to dry. Steam iron only if needed. Do not press with flat iron. Can be dry cleaned.'

2019-09-30 17:55:19 - [TEST_STEP][PASSED] - sa.assertTrue(actualCasreIntrn.equals(findTestData("productData").getValue("CareInstr", row))): null

2019-09-30 17:55:19 - [MESSAGE][PASSED] - Call Test Case 'Test Cases/NewArrival/productVerify' successfully

2019-09-30 17:55:19 - [TEST_STEP][PASSED] - callTestCase(findTestCase("NewArrival/populateTimeGlobalVars"), ["row":timeRow], CONTINUE_ON_FAILURE): Call Test Case 'Test Cases/NewArrival/populateTimeGlobalVars' successfully

2019-09-30 17:55:19 - [TEST_CASE][PASSED] - Test Cases/NewArrival/populateTimeGlobalVars: Test Cases/NewArrival/populateTimeGlobalVars

2019-09-30 17:55:19 - [TEST_STEP][PASSED] - dataFile = "timezoneData": null

2019-09-30 17:55:19 - [TEST_STEP][PASSED] - clockServerTarget = UtilityMethods.getTestData("envtData", "clockServerTarget", 1): null

2019-09-30 17:55:19 - [TEST_STEP][PASSED] - println(clockServerTarget): null

2019-09-30 17:55:19 - [TEST_STEP][PASSED] - orderType = UtilityMethods.getTestData(dataFile, "orderType", row): null

2019-09-30 17:55:19 - [TEST_STEP][PASSED] - timeZone = UtilityMethods.getTestData(dataFile, "timeZone", row): null

2019-09-30 17:55:19 - [TEST_STEP][PASSED] - BOPersonal = UtilityMethods.getTestData(dataFile, "BOPersonal", row): null

2019-09-30 17:55:19 - [TEST_STEP][PASSED] - BOAddonPersonal = UtilityMethods.getTestData(dataFile, "BOAddonPersonal", row): null

2019-09-30 17:55:19 - [TEST_STEP][PASSED] - BOAddonRetail = UtilityMethods.getTestData(dataFile, "BOAddonRetail", row): null

2019-09-30 17:55:19 - [TEST_STEP][PASSED] - BORetail = UtilityMethods.getTestData(dataFile, "BORetail", row): null

2019-09-30 17:55:20 - [TEST_STEP][PASSED] - BOShow = UtilityMethods.getTestData(dataFile, "BOShow", row): null

2019-09-30 17:55:20 - [TEST_STEP][PASSED] - BOOnlineoutlet = UtilityMethods.getTestData(dataFile, "BOOnlineoutlet", row): null

2019-09-30 17:55:20 - [TEST_STEP][PASSED] - BOEmployee = UtilityMethods.getTestData(dataFile, "BOEmployee", row): null

2019-09-30 17:55:20 - [TEST_STEP][PASSED] - CCPersonal = UtilityMethods.getTestData(dataFile, "CCPersonal", row): null

2019-09-30 17:55:20 - [TEST_STEP][PASSED] - CCRetail = UtilityMethods.getTestData(dataFile, "CCRetail", row): null

2019-09-30 17:55:20 - [TEST_STEP][PASSED] - CCShow = UtilityMethods.getTestData(dataFile, "CCShow", row): null

2019-09-30 17:55:20 - [TEST_STEP][PASSED] - BOEblast = UtilityMethods.getTestData(dataFile, "BOEblast", row): null

2019-09-30 17:55:20 - [TEST_STEP][PASSED] - println(row): null

2019-09-30 17:55:20 - [TEST_STEP][PASSED] - println(BOPersonal): null

2019-09-30 17:55:20 - [MESSAGE][PASSED] - Call Test Case 'Test Cases/NewArrival/populateTimeGlobalVars' successfully

2019-09-30 17:55:20 - [TEST_STEP][PASSED] - callTestCase(findTestCase("NewArrival/setTimezone"), ["ofbizURL":"", "ofbizuser":"", "ofbizpass":"", "orderType":orderType, "timeZone":timeZone, "serverTarget":serverTarget, "clockServerTarget":clockServerTarget], CONTINUE_ON_FAILURE): Call Test Case 'Test Cases/NewArrival/setTimezone' successfully

2019-09-30 17:55:20 - [TEST_CASE][PASSED] - Test Cases/NewArrival/setTimezone: Test Cases/NewArrival/setTimezone

2019-09-30 17:55:20 - [TEST_STEP][PASSED] - openBrowser(""): Browser is opened with url: ''

2019-09-30 17:55:20 - [MESSAGE][WARNING] - A browser is already opened. Closing browser and opening a new one

2019-09-30 17:55:20 - [MESSAGE][INFO] - Starting 'Chrome' driver

2019-09-30 17:55:20 - [MESSAGE][INFO] - User set preference: ['args', '[--use-fake-ui-for-media-stream, --start-maximized]']

2019-09-30 17:55:23 - [MESSAGE][PASSED] - Browser is opened with url: ''

2019-09-30 17:55:23 - [TEST_STEP][NOT_RUN] - maximizeWindow(): NOT_RUN: maximizeWindow()

2019-09-30 17:55:23 - [MESSAGE][NOT_RUN] - NOT_RUN: maximizeWindow()

2019-09-30 17:55:23 - [TEST_STEP][PASSED] - ofbizURL = findTestData("envtData").getValue("ofbizURL", 1): null

2019-09-30 17:55:23 - [TEST_STEP][PASSED] - ofbizuser = findTestData("credData").getValue("ofbizuser", 1): null

2019-09-30 17:55:23 - [TEST_STEP][PASSED] - ofbizpass = findTestData("credData").getValue("ofbizpass", 1): null

2019-09-30 17:55:23 - [TEST_STEP][PASSED] - navigateToUrl(ofbizURL): Navigate to 'https://pushofbiz.cliotest.com/login.php' successfully

2019-09-30 17:55:24 - [MESSAGE][PASSED] - Navigate to 'https://pushofbiz.cliotest.com/login.php' successfully

2019-09-30 17:55:24 - [TEST_STEP][PASSED] - setText(findTestObject("Page_/input_Username_username"), ofbizuser): Text 'automation' is set on object 'Object Repository/Page_/input_Username_username'

2019-09-30 17:55:25 - [MESSAGE][PASSED] - Text 'automation' is set on object 'Object Repository/Page_/input_Username_username'

2019-09-30 17:55:25 - [TEST_STEP][PASSED] - setText(findTestObject("Page_/input_Password_password"), ofbizpass): Text 'cabiautomation' is set on object 'Object Repository/Page_/input_Password_password'

2019-09-30 17:55:25 - [MESSAGE][PASSED] - Text 'cabiautomation' is set on object 'Object Repository/Page_/input_Password_password'

2019-09-30 17:55:25 - [TEST_STEP][PASSED] - click(findTestObject("Page_/input_Password_Submit")): Object: 'Object Repository/Page_/input_Password_Submit' is clicked on

2019-09-30 17:55:28 - [MESSAGE][PASSED] - Object: 'Object Repository/Page_/input_Password_Submit' is clicked on

2019-09-30 17:55:28 - [TEST_STEP][PASSED] - click(findTestObject("Object Repository/Page_/a_Clock set")): Object: 'Object Repository/Page_/a_Clock set' is clicked on

2019-09-30 17:55:29 - [MESSAGE][PASSED] - Object: 'Object Repository/Page_/a_Clock set' is clicked on

2019-09-30 17:55:29 - [TEST_STEP][PASSED] - cst = UtilityMethods.createTestObject("select_target", "//select[@name='Target']/option[contains(text(), '", clockServerTarget, "')]"): null

2019-09-30 17:55:29 - [TEST_STEP][PASSED] - println(clockServerTarget): null

2019-09-30 17:55:29 - [TEST_STEP][PASSED] - click(cst): Object: 'select_target' is clicked on

2019-09-30 17:55:29 - [MESSAGE][PASSED] - Object: 'select_target' is clicked on

2019-09-30 17:55:29 - [TEST_STEP][PASSED] - click(findTestObject("Page_/thisDateAndTime")): Object: 'Object Repository/Page_/thisDateAndTime' is clicked on

2019-09-30 17:55:29 - [MESSAGE][PASSED] - Object: 'Object Repository/Page_/thisDateAndTime' is clicked on

2019-09-30 17:55:29 - [TEST_STEP][PASSED] - setText(findTestObject("Object Repository/Page_/setTargetTime"), timeZone): Text ' 11/05/2019 00:00' is set on object 'Object Repository/Page_/setTargetTime'

2019-09-30 17:55:29 - [MESSAGE][PASSED] - Text ' 11/05/2019 00:00' is set on object 'Object Repository/Page_/setTargetTime'

2019-09-30 17:55:29 - [TEST_STEP][PASSED] - click(findTestObject("Object Repository/Page_/input")): Object: 'Object Repository/Page_/input' is clicked on

2019-09-30 17:55:30 - [MESSAGE][PASSED] - Object: 'Object Repository/Page_/input' is clicked on

2019-09-30 17:55:30 - [TEST_STEP][PASSED] - delay(10): Delayed 10 second(s)

2019-09-30 17:55:40 - [MESSAGE][PASSED] - Delayed 10 second(s)

2019-09-30 17:55:40 - [TEST_STEP][NOT_RUN] - closeBrowser(): NOT_RUN: closeBrowser()

2019-09-30 17:55:40 - [MESSAGE][NOT_RUN] - NOT_RUN: closeBrowser()

2019-09-30 17:55:40 - [MESSAGE][PASSED] - Call Test Case 'Test Cases/NewArrival/setTimezone' successfully

2019-09-30 17:55:40 - [TEST_STEP][PASSED] - callTestCase(findTestCase("TestCaseUtilities/backOfficeLogin"), ["BOURL":"", "BOuser":"", "BOpass":""], CONTINUE_ON_FAILURE): Call Test Case 'Test Cases/TestCaseUtilities/backOfficeLogin' successfully

2019-09-30 17:55:40 - [TEST_CASE][PASSED] - Test Cases/TestCaseUtilities/backOfficeLogin: Test Cases/TestCaseUtilities/backOfficeLogin

2019-09-30 17:55:40 - [TEST_STEP][PASSED] - BOURL = findTestData("envtData").getValue("BOURL", 1): null

2019-09-30 17:55:40 - [TEST_STEP][PASSED] - BOuser = findTestData("credData").getValue("BOuser", 1): null

2019-09-30 17:55:40 - [TEST_STEP][PASSED] - BOpass = findTestData("credData").getValue("BOpass", 1): null

2019-09-30 17:55:40 - [TEST_STEP][PASSED] - openBrowser(""): Browser is opened with url: ''

2019-09-30 17:55:40 - [MESSAGE][WARNING] - A browser is already opened. Closing browser and opening a new one

2019-09-30 17:55:41 - [MESSAGE][INFO] - Starting 'Chrome' driver

2019-09-30 17:55:41 - [MESSAGE][INFO] - User set preference: ['args', '[--use-fake-ui-for-media-stream, --start-maximized]']

2019-09-30 17:55:43 - [MESSAGE][PASSED] - Browser is opened with url: ''

2019-09-30 17:55:43 - [TEST_STEP][PASSED] - navigateToUrl(BOURL): Navigate to 'https://test4.cliotest.com/backoffice/control/main' successfully

2019-09-30 17:55:49 - [MESSAGE][PASSED] - Navigate to 'https://test4.cliotest.com/backoffice/control/main' successfully

2019-09-30 17:55:49 - [TEST_STEP][PASSED] - logOut = findWebElements(findTestObject("Object Repository/Page_cabi Home/log_out"), 1): Unable to find the element located by 'By.xpath: //a[contains(text(),'Log Out')]'. Please recheck the objects properties to make sure the desired element is located. 

2019-09-30 17:55:50 - [MESSAGE][INFO] - Unable to find the element located by 'By.xpath: //a[contains(text(),'Log Out')]'. Please recheck the objects properties to make sure the desired element is located. 

2019-09-30 17:55:50 - [TEST_STEP][PASSED] - if (logOut.size() == 0): Object: 'Object Repository/Page_cabi/input_Welcome to_consultantLogin' is clicked on

2019-09-30 17:55:50 - [TEST_STEP][PASSED] - setText(findTestObject("Page_cabi/input_Welcome to_USERNAME"), BOuser): Text '400000002' is set on object 'Object Repository/Page_cabi/input_Welcome to_USERNAME'

2019-09-30 17:55:51 - [MESSAGE][PASSED] - Text '400000002' is set on object 'Object Repository/Page_cabi/input_Welcome to_USERNAME'

2019-09-30 17:55:51 - [TEST_STEP][PASSED] - setText(findTestObject("Object Repository/Page_cabi/input_Welcome to_PASSWORD"), BOpass): Text 'blackdress19' is set on object 'Object Repository/Page_cabi/input_Welcome to_PASSWORD'

2019-09-30 17:55:51 - [MESSAGE][PASSED] - Text 'blackdress19' is set on object 'Object Repository/Page_cabi/input_Welcome to_PASSWORD'

2019-09-30 17:55:51 - [TEST_STEP][PASSED] - click(findTestObject("Object Repository/Page_cabi/input_Welcome to_consultantLogin")): Object: 'Object Repository/Page_cabi/input_Welcome to_consultantLogin' is clicked on

2019-09-30 17:55:58 - [MESSAGE][PASSED] - Object: 'Object Repository/Page_cabi/input_Welcome to_consultantLogin' is clicked on

2019-09-30 17:55:58 - [TEST_STEP][PASSED] - delay(3): Delayed 3 second(s)

2019-09-30 17:56:01 - [MESSAGE][PASSED] - Delayed 3 second(s)

2019-09-30 17:56:01 - [MESSAGE][PASSED] - Call Test Case 'Test Cases/TestCaseUtilities/backOfficeLogin' successfully

2019-09-30 17:56:01 - [TEST_STEP][PASSED] - click(findTestObject("Object Repository/Page_cabi Home/a_Shows  Orders")): Object: 'Object Repository/Page_cabi Home/a_Shows  Orders' is clicked on

2019-09-30 17:56:01 - [MESSAGE][PASSED] - Object: 'Object Repository/Page_cabi Home/a_Shows  Orders' is clicked on

2019-09-30 17:56:01 - [TEST_STEP][PASSED] - click(findTestObject("Page_cabi Home/a_personal_purchases")): Object: 'Object Repository/Page_cabi Home/a_personal_purchases' is clicked on

2019-09-30 17:56:04 - [MESSAGE][PASSED] - Object: 'Object Repository/Page_cabi Home/a_personal_purchases' is clicked on

2019-09-30 17:56:04 - [TEST_STEP][PASSED] - click(findTestObject("Object Repository/Page_cabi Personal Store/span_Continue to Order")): Object: 'Object Repository/Page_cabi Personal Store/span_Continue to Order' is clicked on

2019-09-30 17:56:04 - [MESSAGE][PASSED] - Object: 'Object Repository/Page_cabi Personal Store/span_Continue to Order' is clicked on

2019-09-30 17:56:04 - [TEST_STEP][PASSED] - println(BOPersonal): null

2019-09-30 17:56:04 - [TEST_STEP][PASSED] - callTestCase(findTestCase("NewArrival/productVerify"), ["available":BOPersonal, "storeType":"BOPersonal"], CONTINUE_ON_FAILURE): Call Test Case 'Test Cases/NewArrival/productVerify' successfully

2019-09-30 17:56:04 - [TEST_CASE][PASSED] - Test Cases/NewArrival/productVerify: Test Cases/NewArrival/productVerify

2019-09-30 17:56:04 - [TEST_STEP][PASSED] - for ([row = 1, row <= findTestData("productData").getRowNumbers(), (row++)]): Actual text and expected text of test object 'Object Repository/Page_cabi Order Items/no_result_found' are matched.

2019-09-30 17:56:04 - [TEST_STEP][PASSED] - sa = new org.testng.asserts.SoftAssert(): null

2019-09-30 17:56:04 - [TEST_STEP][PASSED] - setText(findTestObject("Object Repository/Page_cabi Order Items/input_New Arrivals - Blooming Blush_style"), findTestData("productData").getValue("Style", row)): Text '3843' is set on object 'Object Repository/Page_cabi Order Items/input_New Arrivals - Blooming Blush_style'

2019-09-30 17:56:05 - [MESSAGE][PASSED] - Text '3843' is set on object 'Object Repository/Page_cabi Order Items/input_New Arrivals - Blooming Blush_style'

2019-09-30 17:56:05 - [TEST_STEP][PASSED] - sendKeys(findTestObject("Object Repository/Page_cabi Order Items/input_New Arrivals - Blooming Blush_style"), Keys.chord(ENTER)): Keys 'ENTER + ' sent to object: 'Object Repository/Page_cabi Order Items/input_New Arrivals - Blooming Blush_style'

2019-09-30 17:56:05 - [MESSAGE][PASSED] - Keys 'ENTER + ' sent to object: 'Object Repository/Page_cabi Order Items/input_New Arrivals - Blooming Blush_style'

2019-09-30 17:56:05 - [TEST_STEP][PASSED] - delay(2): Delayed 2 second(s)

2019-09-30 17:56:07 - [MESSAGE][PASSED] - Delayed 2 second(s)

2019-09-30 17:56:07 - [TEST_STEP][PASSED] - executeJavaScript("arguments[0].click()", Arrays.asList(findWebElement(findTestObject("Object Repository/Page_cabi Order Items/input_New Arrivals - Blooming Blush_style"), 30))): Execute JavaScript 'arguments[0].click()' successfully

2019-09-30 17:56:07 - [MESSAGE][PASSED] - Execute JavaScript 'arguments[0].click()' successfully

2019-09-30 17:56:07 - [TEST_STEP][PASSED] - delay(2): Delayed 2 second(s)

2019-09-30 17:56:09 - [MESSAGE][PASSED] - Delayed 2 second(s)

2019-09-30 17:56:09 - [TEST_STEP][PASSED] - if (toString().equalsIgnoreCase("no")): Actual text and expected text of test object 'Object Repository/Page_cabi Order Items/no_result_found' are matched.

2019-09-30 17:56:09 - [TEST_STEP][PASSED] - delay(2): Delayed 2 second(s)

2019-09-30 17:56:11 - [MESSAGE][PASSED] - Delayed 2 second(s)

2019-09-30 17:56:11 - [TEST_STEP][PASSED] - noResultMessages = findWebElements(findTestObject("Page_cabi Order Items/no_result_found"), 5): null

2019-09-30 17:56:11 - [TEST_STEP][PASSED] - println(noResultMessages.size()): null

2019-09-30 17:56:11 - [TEST_STEP][PASSED] - sa.assertTrue(noResultMessages.size() > 0): null

2019-09-30 17:56:11 - [TEST_STEP][PASSED] - verifyElementText(findTestObject("Page_cabi Order Items/no_result_found"), "No Results Found!", CONTINUE_ON_FAILURE): Actual text and expected text of test object 'Object Repository/Page_cabi Order Items/no_result_found' are matched.

2019-09-30 17:56:11 - [MESSAGE][PASSED] - Actual text and expected text of test object 'Object Repository/Page_cabi Order Items/no_result_found' are matched.

2019-09-30 17:56:11 - [TEST_STEP][PASSED] - sa = new org.testng.asserts.SoftAssert(): null

2019-09-30 17:56:11 - [TEST_STEP][PASSED] - setText(findTestObject("Object Repository/Page_cabi Order Items/input_New Arrivals - Blooming Blush_style"), findTestData("productData").getValue("Style", row)): Text '3846' is set on object 'Object Repository/Page_cabi Order Items/input_New Arrivals - Blooming Blush_style'

2019-09-30 17:56:11 - [MESSAGE][PASSED] - Text '3846' is set on object 'Object Repository/Page_cabi Order Items/input_New Arrivals - Blooming Blush_style'

2019-09-30 17:56:11 - [TEST_STEP][PASSED] - sendKeys(findTestObject("Object Repository/Page_cabi Order Items/input_New Arrivals - Blooming Blush_style"), Keys.chord(ENTER)): Keys 'ENTER + ' sent to object: 'Object Repository/Page_cabi Order Items/input_New Arrivals - Blooming Blush_style'

2019-09-30 17:56:11 - [MESSAGE][PASSED] - Keys 'ENTER + ' sent to object: 'Object Repository/Page_cabi Order Items/input_New Arrivals - Blooming Blush_style'

2019-09-30 17:56:11 - [TEST_STEP][PASSED] - delay(2): Delayed 2 second(s)

2019-09-30 17:56:13 - [MESSAGE][PASSED] - Delayed 2 second(s)

2019-09-30 17:56:13 - [TEST_STEP][PASSED] - executeJavaScript("arguments[0].click()", Arrays.asList(findWebElement(findTestObject("Object Repository/Page_cabi Order Items/input_New Arrivals - Blooming Blush_style"), 30))): Execute JavaScript 'arguments[0].click()' successfully

2019-09-30 17:56:13 - [MESSAGE][PASSED] - Execute JavaScript 'arguments[0].click()' successfully

2019-09-30 17:56:13 - [TEST_STEP][PASSED] - delay(2): Delayed 2 second(s)

2019-09-30 17:56:15 - [MESSAGE][PASSED] - Delayed 2 second(s)

2019-09-30 17:56:15 - [TEST_STEP][PASSED] - if (toString().equalsIgnoreCase("no")): Actual text and expected text of test object 'Object Repository/Page_cabi Order Items/no_result_found' are matched.

2019-09-30 17:56:15 - [TEST_STEP][PASSED] - delay(2): Delayed 2 second(s)

2019-09-30 17:56:17 - [MESSAGE][PASSED] - Delayed 2 second(s)

2019-09-30 17:56:17 - [TEST_STEP][PASSED] - noResultMessages = findWebElements(findTestObject("Page_cabi Order Items/no_result_found"), 5): null

2019-09-30 17:56:17 - [TEST_STEP][PASSED] - println(noResultMessages.size()): null

2019-09-30 17:56:17 - [TEST_STEP][PASSED] - sa.assertTrue(noResultMessages.size() > 0): null

2019-09-30 17:56:17 - [TEST_STEP][PASSED] - verifyElementText(findTestObject("Page_cabi Order Items/no_result_found"), "No Results Found!", CONTINUE_ON_FAILURE): Actual text and expected text of test object 'Object Repository/Page_cabi Order Items/no_result_found' are matched.

2019-09-30 17:56:17 - [MESSAGE][PASSED] - Actual text and expected text of test object 'Object Repository/Page_cabi Order Items/no_result_found' are matched.

2019-09-30 17:56:17 - [TEST_STEP][PASSED] - sa = new org.testng.asserts.SoftAssert(): null

2019-09-30 17:56:17 - [TEST_STEP][PASSED] - setText(findTestObject("Object Repository/Page_cabi Order Items/input_New Arrivals - Blooming Blush_style"), findTestData("productData").getValue("Style", row)): Text '3850' is set on object 'Object Repository/Page_cabi Order Items/input_New Arrivals - Blooming Blush_style'

2019-09-30 17:56:17 - [MESSAGE][PASSED] - Text '3850' is set on object 'Object Repository/Page_cabi Order Items/input_New Arrivals - Blooming Blush_style'

2019-09-30 17:56:17 - [TEST_STEP][PASSED] - sendKeys(findTestObject("Object Repository/Page_cabi Order Items/input_New Arrivals - Blooming Blush_style"), Keys.chord(ENTER)): Keys 'ENTER + ' sent to object: 'Object Repository/Page_cabi Order Items/input_New Arrivals - Blooming Blush_style'

2019-09-30 17:56:17 - [MESSAGE][PASSED] - Keys 'ENTER + ' sent to object: 'Object Repository/Page_cabi Order Items/input_New Arrivals - Blooming Blush_style'

2019-09-30 17:56:17 - [TEST_STEP][PASSED] - delay(2): Delayed 2 second(s)

2019-09-30 17:56:19 - [MESSAGE][PASSED] - Delayed 2 second(s)

2019-09-30 17:56:19 - [TEST_STEP][PASSED] - executeJavaScript("arguments[0].click()", Arrays.asList(findWebElement(findTestObject("Object Repository/Page_cabi Order Items/input_New Arrivals - Blooming Blush_style"), 30))): Execute JavaScript 'arguments[0].click()' successfully

2019-09-30 17:56:20 - [MESSAGE][PASSED] - Execute JavaScript 'arguments[0].click()' successfully

2019-09-30 17:56:20 - [TEST_STEP][PASSED] - delay(2): Delayed 2 second(s)

2019-09-30 17:56:22 - [MESSAGE][PASSED] - Delayed 2 second(s)

2019-09-30 17:56:22 - [TEST_STEP][PASSED] - if (toString().equalsIgnoreCase("no")): Actual text and expected text of test object 'Object Repository/Page_cabi Order Items/no_result_found' are matched.

2019-09-30 17:56:22 - [TEST_STEP][PASSED] - delay(2): Delayed 2 second(s)

2019-09-30 17:56:24 - [MESSAGE][PASSED] - Delayed 2 second(s)

2019-09-30 17:56:24 - [TEST_STEP][PASSED] - noResultMessages = findWebElements(findTestObject("Page_cabi Order Items/no_result_found"), 5): null

2019-09-30 17:56:24 - [TEST_STEP][PASSED] - println(noResultMessages.size()): null

2019-09-30 17:56:24 - [TEST_STEP][PASSED] - sa.assertTrue(noResultMessages.size() > 0): null

2019-09-30 17:56:24 - [TEST_STEP][PASSED] - verifyElementText(findTestObject("Page_cabi Order Items/no_result_found"), "No Results Found!", CONTINUE_ON_FAILURE): Actual text and expected text of test object 'Object Repository/Page_cabi Order Items/no_result_found' are matched.

2019-09-30 17:56:24 - [MESSAGE][PASSED] - Actual text and expected text of test object 'Object Repository/Page_cabi Order Items/no_result_found' are matched.

2019-09-30 17:56:24 - [TEST_STEP][PASSED] - sa = new org.testng.asserts.SoftAssert(): null

2019-09-30 17:56:24 - [TEST_STEP][PASSED] - setText(findTestObject("Object Repository/Page_cabi Order Items/input_New Arrivals - Blooming Blush_style"), findTestData("productData").getValue("Style", row)): Text '3857' is set on object 'Object Repository/Page_cabi Order Items/input_New Arrivals - Blooming Blush_style'

2019-09-30 17:56:24 - [MESSAGE][PASSED] - Text '3857' is set on object 'Object Repository/Page_cabi Order Items/input_New Arrivals - Blooming Blush_style'

2019-09-30 17:56:24 - [TEST_STEP][PASSED] - sendKeys(findTestObject("Object Repository/Page_cabi Order Items/input_New Arrivals - Blooming Blush_style"), Keys.chord(ENTER)): Keys 'ENTER + ' sent to object: 'Object Repository/Page_cabi Order Items/input_New Arrivals - Blooming Blush_style'

2019-09-30 17:56:24 - [MESSAGE][PASSED] - Keys 'ENTER + ' sent to object: 'Object Repository/Page_cabi Order Items/input_New Arrivals - Blooming Blush_style'

2019-09-30 17:56:24 - [TEST_STEP][PASSED] - delay(2): Delayed 2 second(s)

2019-09-30 17:56:26 - [MESSAGE][PASSED] - Delayed 2 second(s)

2019-09-30 17:56:26 - [TEST_STEP][PASSED] - executeJavaScript("arguments[0].click()", Arrays.asList(findWebElement(findTestObject("Object Repository/Page_cabi Order Items/input_New Arrivals - Blooming Blush_style"), 30))): Execute JavaScript 'arguments[0].click()' successfully

2019-09-30 17:56:26 - [MESSAGE][PASSED] - Execute JavaScript 'arguments[0].click()' successfully

2019-09-30 17:56:26 - [TEST_STEP][PASSED] - delay(2): Delayed 2 second(s)

2019-09-30 17:56:28 - [MESSAGE][PASSED] - Delayed 2 second(s)

2019-09-30 17:56:28 - [TEST_STEP][PASSED] - if (toString().equalsIgnoreCase("no")): Actual text and expected text of test object 'Object Repository/Page_cabi Order Items/no_result_found' are matched.

2019-09-30 17:56:28 - [TEST_STEP][PASSED] - delay(2): Delayed 2 second(s)

2019-09-30 17:56:30 - [MESSAGE][PASSED] - Delayed 2 second(s)

2019-09-30 17:56:30 - [TEST_STEP][PASSED] - noResultMessages = findWebElements(findTestObject("Page_cabi Order Items/no_result_found"), 5): null

2019-09-30 17:56:30 - [TEST_STEP][PASSED] - println(noResultMessages.size()): null

2019-09-30 17:56:30 - [TEST_STEP][PASSED] - sa.assertTrue(noResultMessages.size() > 0): null

2019-09-30 17:56:30 - [TEST_STEP][PASSED] - verifyElementText(findTestObject("Page_cabi Order Items/no_result_found"), "No Results Found!", CONTINUE_ON_FAILURE): Actual text and expected text of test object 'Object Repository/Page_cabi Order Items/no_result_found' are matched.

2019-09-30 17:56:30 - [MESSAGE][PASSED] - Actual text and expected text of test object 'Object Repository/Page_cabi Order Items/no_result_found' are matched.

2019-09-30 17:56:30 - [TEST_STEP][PASSED] - sa = new org.testng.asserts.SoftAssert(): null

2019-09-30 17:56:30 - [TEST_STEP][PASSED] - setText(findTestObject("Object Repository/Page_cabi Order Items/input_New Arrivals - Blooming Blush_style"), findTestData("productData").getValue("Style", row)): Text '3861' is set on object 'Object Repository/Page_cabi Order Items/input_New Arrivals - Blooming Blush_style'

2019-09-30 17:56:30 - [MESSAGE][PASSED] - Text '3861' is set on object 'Object Repository/Page_cabi Order Items/input_New Arrivals - Blooming Blush_style'

2019-09-30 17:56:30 - [TEST_STEP][PASSED] - sendKeys(findTestObject("Object Repository/Page_cabi Order Items/input_New Arrivals - Blooming Blush_style"), Keys.chord(ENTER)): Keys 'ENTER + ' sent to object: 'Object Repository/Page_cabi Order Items/input_New Arrivals - Blooming Blush_style'

2019-09-30 17:56:30 - [MESSAGE][PASSED] - Keys 'ENTER + ' sent to object: 'Object Repository/Page_cabi Order Items/input_New Arrivals - Blooming Blush_style'

2019-09-30 17:56:30 - [TEST_STEP][PASSED] - delay(2): Delayed 2 second(s)

2019-09-30 17:56:32 - [MESSAGE][PASSED] - Delayed 2 second(s)

2019-09-30 17:56:32 - [TEST_STEP][PASSED] - executeJavaScript("arguments[0].click()", Arrays.asList(findWebElement(findTestObject("Object Repository/Page_cabi Order Items/input_New Arrivals - Blooming Blush_style"), 30))): Execute JavaScript 'arguments[0].click()' successfully

2019-09-30 17:56:32 - [MESSAGE][PASSED] - Execute JavaScript 'arguments[0].click()' successfully

2019-09-30 17:56:32 - [TEST_STEP][PASSED] - delay(2): Delayed 2 second(s)

2019-09-30 17:56:34 - [MESSAGE][PASSED] - Delayed 2 second(s)

2019-09-30 17:56:34 - [TEST_STEP][PASSED] - if (toString().equalsIgnoreCase("no")): Actual text and expected text of test object 'Object Repository/Page_cabi Order Items/no_result_found' are matched.

2019-09-30 17:56:34 - [TEST_STEP][PASSED] - delay(2): Delayed 2 second(s)

2019-09-30 17:56:36 - [MESSAGE][PASSED] - Delayed 2 second(s)

2019-09-30 17:56:36 - [TEST_STEP][PASSED] - noResultMessages = findWebElements(findTestObject("Page_cabi Order Items/no_result_found"), 5): null

2019-09-30 17:56:36 - [TEST_STEP][PASSED] - println(noResultMessages.size()): null

2019-09-30 17:56:36 - [TEST_STEP][PASSED] - sa.assertTrue(noResultMessages.size() > 0): null

2019-09-30 17:56:36 - [TEST_STEP][PASSED] - verifyElementText(findTestObject("Page_cabi Order Items/no_result_found"), "No Results Found!", CONTINUE_ON_FAILURE): Actual text and expected text of test object 'Object Repository/Page_cabi Order Items/no_result_found' are matched.

2019-09-30 17:56:36 - [MESSAGE][PASSED] - Actual text and expected text of test object 'Object Repository/Page_cabi Order Items/no_result_found' are matched.

2019-09-30 17:56:36 - [TEST_STEP][PASSED] - sa = new org.testng.asserts.SoftAssert(): null

2019-09-30 17:56:36 - [TEST_STEP][PASSED] - setText(findTestObject("Object Repository/Page_cabi Order Items/input_New Arrivals - Blooming Blush_style"), findTestData("productData").getValue("Style", row)): Text '3863' is set on object 'Object Repository/Page_cabi Order Items/input_New Arrivals - Blooming Blush_style'

2019-09-30 17:56:36 - [MESSAGE][PASSED] - Text '3863' is set on object 'Object Repository/Page_cabi Order Items/input_New Arrivals - Blooming Blush_style'

2019-09-30 17:56:36 - [TEST_STEP][PASSED] - sendKeys(findTestObject("Object Repository/Page_cabi Order Items/input_New Arrivals - Blooming Blush_style"), Keys.chord(ENTER)): Keys 'ENTER + ' sent to object: 'Object Repository/Page_cabi Order Items/input_New Arrivals - Blooming Blush_style'

2019-09-30 17:56:37 - [MESSAGE][PASSED] - Keys 'ENTER + ' sent to object: 'Object Repository/Page_cabi Order Items/input_New Arrivals - Blooming Blush_style'

2019-09-30 17:56:37 - [TEST_STEP][PASSED] - delay(2): Delayed 2 second(s)

2019-09-30 17:56:39 - [MESSAGE][PASSED] - Delayed 2 second(s)

2019-09-30 17:56:39 - [TEST_STEP][PASSED] - executeJavaScript("arguments[0].click()", Arrays.asList(findWebElement(findTestObject("Object Repository/Page_cabi Order Items/input_New Arrivals - Blooming Blush_style"), 30))): Execute JavaScript 'arguments[0].click()' successfully

2019-09-30 17:56:39 - [MESSAGE][PASSED] - Execute JavaScript 'arguments[0].click()' successfully

2019-09-30 17:56:39 - [TEST_STEP][PASSED] - delay(2): Delayed 2 second(s)

2019-09-30 17:56:41 - [MESSAGE][PASSED] - Delayed 2 second(s)

2019-09-30 17:56:41 - [TEST_STEP][PASSED] - if (toString().equalsIgnoreCase("no")): Actual text and expected text of test object 'Object Repository/Page_cabi Order Items/no_result_found' are matched.

2019-09-30 17:56:41 - [TEST_STEP][PASSED] - delay(2): Delayed 2 second(s)

2019-09-30 17:56:43 - [MESSAGE][PASSED] - Delayed 2 second(s)

2019-09-30 17:56:43 - [TEST_STEP][PASSED] - noResultMessages = findWebElements(findTestObject("Page_cabi Order Items/no_result_found"), 5): null

2019-09-30 17:56:43 - [TEST_STEP][PASSED] - println(noResultMessages.size()): null

2019-09-30 17:56:43 - [TEST_STEP][PASSED] - sa.assertTrue(noResultMessages.size() > 0): null

2019-09-30 17:56:43 - [TEST_STEP][PASSED] - verifyElementText(findTestObject("Page_cabi Order Items/no_result_found"), "No Results Found!", CONTINUE_ON_FAILURE): Actual text and expected text of test object 'Object Repository/Page_cabi Order Items/no_result_found' are matched.

2019-09-30 17:56:43 - [MESSAGE][PASSED] - Actual text and expected text of test object 'Object Repository/Page_cabi Order Items/no_result_found' are matched.

2019-09-30 17:56:43 - [TEST_STEP][PASSED] - sa = new org.testng.asserts.SoftAssert(): null

2019-09-30 17:56:43 - [TEST_STEP][PASSED] - setText(findTestObject("Object Repository/Page_cabi Order Items/input_New Arrivals - Blooming Blush_style"), findTestData("productData").getValue("Style", row)): Text '3864' is set on object 'Object Repository/Page_cabi Order Items/input_New Arrivals - Blooming Blush_style'

2019-09-30 17:56:43 - [MESSAGE][PASSED] - Text '3864' is set on object 'Object Repository/Page_cabi Order Items/input_New Arrivals - Blooming Blush_style'

2019-09-30 17:56:43 - [TEST_STEP][PASSED] - sendKeys(findTestObject("Object Repository/Page_cabi Order Items/input_New Arrivals - Blooming Blush_style"), Keys.chord(ENTER)): Keys 'ENTER + ' sent to object: 'Object Repository/Page_cabi Order Items/input_New Arrivals - Blooming Blush_style'

2019-09-30 17:56:43 - [MESSAGE][PASSED] - Keys 'ENTER + ' sent to object: 'Object Repository/Page_cabi Order Items/input_New Arrivals - Blooming Blush_style'

2019-09-30 17:56:43 - [TEST_STEP][PASSED] - delay(2): Delayed 2 second(s)

2019-09-30 17:56:45 - [MESSAGE][PASSED] - Delayed 2 second(s)

2019-09-30 17:56:45 - [TEST_STEP][PASSED] - executeJavaScript("arguments[0].click()", Arrays.asList(findWebElement(findTestObject("Object Repository/Page_cabi Order Items/input_New Arrivals - Blooming Blush_style"), 30))): Execute JavaScript 'arguments[0].click()' successfully

2019-09-30 17:56:45 - [MESSAGE][PASSED] - Execute JavaScript 'arguments[0].click()' successfully

2019-09-30 17:56:45 - [TEST_STEP][PASSED] - delay(2): Delayed 2 second(s)

2019-09-30 17:56:47 - [MESSAGE][PASSED] - Delayed 2 second(s)

2019-09-30 17:56:47 - [TEST_STEP][PASSED] - if (toString().equalsIgnoreCase("no")): Actual text and expected text of test object 'Object Repository/Page_cabi Order Items/no_result_found' are matched.

2019-09-30 17:56:47 - [TEST_STEP][PASSED] - delay(2): Delayed 2 second(s)

2019-09-30 17:56:49 - [MESSAGE][PASSED] - Delayed 2 second(s)

2019-09-30 17:56:49 - [TEST_STEP][PASSED] - noResultMessages = findWebElements(findTestObject("Page_cabi Order Items/no_result_found"), 5): null

2019-09-30 17:56:49 - [TEST_STEP][PASSED] - println(noResultMessages.size()): null

2019-09-30 17:56:49 - [TEST_STEP][PASSED] - sa.assertTrue(noResultMessages.size() > 0): null

2019-09-30 17:56:49 - [TEST_STEP][PASSED] - verifyElementText(findTestObject("Page_cabi Order Items/no_result_found"), "No Results Found!", CONTINUE_ON_FAILURE): Actual text and expected text of test object 'Object Repository/Page_cabi Order Items/no_result_found' are matched.

2019-09-30 17:56:49 - [MESSAGE][PASSED] - Actual text and expected text of test object 'Object Repository/Page_cabi Order Items/no_result_found' are matched.

2019-09-30 17:56:49 - [TEST_STEP][PASSED] - sa = new org.testng.asserts.SoftAssert(): null

2019-09-30 17:56:49 - [TEST_STEP][PASSED] - setText(findTestObject("Object Repository/Page_cabi Order Items/input_New Arrivals - Blooming Blush_style"), findTestData("productData").getValue("Style", row)): Text '3865' is set on object 'Object Repository/Page_cabi Order Items/input_New Arrivals - Blooming Blush_style'

2019-09-30 17:56:49 - [MESSAGE][PASSED] - Text '3865' is set on object 'Object Repository/Page_cabi Order Items/input_New Arrivals - Blooming Blush_style'

2019-09-30 17:56:49 - [TEST_STEP][PASSED] - sendKeys(findTestObject("Object Repository/Page_cabi Order Items/input_New Arrivals - Blooming Blush_style"), Keys.chord(ENTER)): Keys 'ENTER + ' sent to object: 'Object Repository/Page_cabi Order Items/input_New Arrivals - Blooming Blush_style'

2019-09-30 17:56:49 - [MESSAGE][PASSED] - Keys 'ENTER + ' sent to object: 'Object Repository/Page_cabi Order Items/input_New Arrivals - Blooming Blush_style'

2019-09-30 17:56:49 - [TEST_STEP][PASSED] - delay(2): Delayed 2 second(s)

2019-09-30 17:56:51 - [MESSAGE][PASSED] - Delayed 2 second(s)

2019-09-30 17:56:51 - [TEST_STEP][PASSED] - executeJavaScript("arguments[0].click()", Arrays.asList(findWebElement(findTestObject("Object Repository/Page_cabi Order Items/input_New Arrivals - Blooming Blush_style"), 30))): Execute JavaScript 'arguments[0].click()' successfully

2019-09-30 17:56:51 - [MESSAGE][PASSED] - Execute JavaScript 'arguments[0].click()' successfully

2019-09-30 17:56:51 - [TEST_STEP][PASSED] - delay(2): Delayed 2 second(s)

2019-09-30 17:56:53 - [MESSAGE][PASSED] - Delayed 2 second(s)

2019-09-30 17:56:53 - [TEST_STEP][PASSED] - if (toString().equalsIgnoreCase("no")): Actual text and expected text of test object 'Object Repository/Page_cabi Order Items/no_result_found' are matched.

2019-09-30 17:56:53 - [TEST_STEP][PASSED] - delay(2): Delayed 2 second(s)

2019-09-30 17:56:55 - [MESSAGE][PASSED] - Delayed 2 second(s)

2019-09-30 17:56:55 - [TEST_STEP][PASSED] - noResultMessages = findWebElements(findTestObject("Page_cabi Order Items/no_result_found"), 5): null

2019-09-30 17:56:55 - [TEST_STEP][PASSED] - println(noResultMessages.size()): null

2019-09-30 17:56:55 - [TEST_STEP][PASSED] - sa.assertTrue(noResultMessages.size() > 0): null

2019-09-30 17:56:55 - [TEST_STEP][PASSED] - verifyElementText(findTestObject("Page_cabi Order Items/no_result_found"), "No Results Found!", CONTINUE_ON_FAILURE): Actual text and expected text of test object 'Object Repository/Page_cabi Order Items/no_result_found' are matched.

2019-09-30 17:56:55 - [MESSAGE][PASSED] - Actual text and expected text of test object 'Object Repository/Page_cabi Order Items/no_result_found' are matched.

2019-09-30 17:56:55 - [TEST_STEP][PASSED] - sa = new org.testng.asserts.SoftAssert(): null

2019-09-30 17:56:55 - [TEST_STEP][PASSED] - setText(findTestObject("Object Repository/Page_cabi Order Items/input_New Arrivals - Blooming Blush_style"), findTestData("productData").getValue("Style", row)): Text '3869' is set on object 'Object Repository/Page_cabi Order Items/input_New Arrivals - Blooming Blush_style'

2019-09-30 17:56:55 - [MESSAGE][PASSED] - Text '3869' is set on object 'Object Repository/Page_cabi Order Items/input_New Arrivals - Blooming Blush_style'

2019-09-30 17:56:55 - [TEST_STEP][PASSED] - sendKeys(findTestObject("Object Repository/Page_cabi Order Items/input_New Arrivals - Blooming Blush_style"), Keys.chord(ENTER)): Keys 'ENTER + ' sent to object: 'Object Repository/Page_cabi Order Items/input_New Arrivals - Blooming Blush_style'

2019-09-30 17:56:56 - [MESSAGE][PASSED] - Keys 'ENTER + ' sent to object: 'Object Repository/Page_cabi Order Items/input_New Arrivals - Blooming Blush_style'

2019-09-30 17:56:56 - [TEST_STEP][PASSED] - delay(2): Delayed 2 second(s)

2019-09-30 17:56:58 - [MESSAGE][PASSED] - Delayed 2 second(s)

2019-09-30 17:56:58 - [TEST_STEP][PASSED] - executeJavaScript("arguments[0].click()", Arrays.asList(findWebElement(findTestObject("Object Repository/Page_cabi Order Items/input_New Arrivals - Blooming Blush_style"), 30))): Execute JavaScript 'arguments[0].click()' successfully

2019-09-30 17:56:58 - [MESSAGE][PASSED] - Execute JavaScript 'arguments[0].click()' successfully

2019-09-30 17:56:58 - [TEST_STEP][PASSED] - delay(2): Delayed 2 second(s)

2019-09-30 17:57:00 - [MESSAGE][PASSED] - Delayed 2 second(s)

2019-09-30 17:57:00 - [TEST_STEP][PASSED] - if (toString().equalsIgnoreCase("no")): Actual text and expected text of test object 'Object Repository/Page_cabi Order Items/no_result_found' are matched.

2019-09-30 17:57:00 - [TEST_STEP][PASSED] - delay(2): Delayed 2 second(s)

2019-09-30 17:57:02 - [MESSAGE][PASSED] - Delayed 2 second(s)

2019-09-30 17:57:02 - [TEST_STEP][PASSED] - noResultMessages = findWebElements(findTestObject("Page_cabi Order Items/no_result_found"), 5): null

2019-09-30 17:57:02 - [TEST_STEP][PASSED] - println(noResultMessages.size()): null

2019-09-30 17:57:02 - [TEST_STEP][PASSED] - sa.assertTrue(noResultMessages.size() > 0): null

2019-09-30 17:57:02 - [TEST_STEP][PASSED] - verifyElementText(findTestObject("Page_cabi Order Items/no_result_found"), "No Results Found!", CONTINUE_ON_FAILURE): Actual text and expected text of test object 'Object Repository/Page_cabi Order Items/no_result_found' are matched.

2019-09-30 17:57:02 - [MESSAGE][PASSED] - Actual text and expected text of test object 'Object Repository/Page_cabi Order Items/no_result_found' are matched.

2019-09-30 17:57:02 - [TEST_STEP][PASSED] - sa = new org.testng.asserts.SoftAssert(): null

2019-09-30 17:57:02 - [TEST_STEP][PASSED] - setText(findTestObject("Object Repository/Page_cabi Order Items/input_New Arrivals - Blooming Blush_style"), findTestData("productData").getValue("Style", row)): Text '3870' is set on object 'Object Repository/Page_cabi Order Items/input_New Arrivals - Blooming Blush_style'

2019-09-30 17:57:02 - [MESSAGE][PASSED] - Text '3870' is set on object 'Object Repository/Page_cabi Order Items/input_New Arrivals - Blooming Blush_style'

2019-09-30 17:57:02 - [TEST_STEP][PASSED] - sendKeys(findTestObject("Object Repository/Page_cabi Order Items/input_New Arrivals - Blooming Blush_style"), Keys.chord(ENTER)): Keys 'ENTER + ' sent to object: 'Object Repository/Page_cabi Order Items/input_New Arrivals - Blooming Blush_style'

2019-09-30 17:57:02 - [MESSAGE][PASSED] - Keys 'ENTER + ' sent to object: 'Object Repository/Page_cabi Order Items/input_New Arrivals - Blooming Blush_style'

2019-09-30 17:57:02 - [TEST_STEP][PASSED] - delay(2): Delayed 2 second(s)

2019-09-30 17:57:04 - [MESSAGE][PASSED] - Delayed 2 second(s)

2019-09-30 17:57:04 - [TEST_STEP][PASSED] - executeJavaScript("arguments[0].click()", Arrays.asList(findWebElement(findTestObject("Object Repository/Page_cabi Order Items/input_New Arrivals - Blooming Blush_style"), 30))): Execute JavaScript 'arguments[0].click()' successfully

2019-09-30 17:57:04 - [MESSAGE][PASSED] - Execute JavaScript 'arguments[0].click()' successfully

2019-09-30 17:57:04 - [TEST_STEP][PASSED] - delay(2): Delayed 2 second(s)

2019-09-30 17:57:06 - [MESSAGE][PASSED] - Delayed 2 second(s)

2019-09-30 17:57:06 - [TEST_STEP][PASSED] - if (toString().equalsIgnoreCase("no")): Actual text and expected text of test object 'Object Repository/Page_cabi Order Items/no_result_found' are matched.

2019-09-30 17:57:06 - [TEST_STEP][PASSED] - delay(2): Delayed 2 second(s)

2019-09-30 17:57:08 - [MESSAGE][PASSED] - Delayed 2 second(s)

2019-09-30 17:57:08 - [TEST_STEP][PASSED] - noResultMessages = findWebElements(findTestObject("Page_cabi Order Items/no_result_found"), 5): null

2019-09-30 17:57:08 - [TEST_STEP][PASSED] - println(noResultMessages.size()): null

2019-09-30 17:57:08 - [TEST_STEP][PASSED] - sa.assertTrue(noResultMessages.size() > 0): null

2019-09-30 17:57:08 - [TEST_STEP][PASSED] - verifyElementText(findTestObject("Page_cabi Order Items/no_result_found"), "No Results Found!", CONTINUE_ON_FAILURE): Actual text and expected text of test object 'Object Repository/Page_cabi Order Items/no_result_found' are matched.

2019-09-30 17:57:08 - [MESSAGE][PASSED] - Actual text and expected text of test object 'Object Repository/Page_cabi Order Items/no_result_found' are matched.

2019-09-30 17:57:08 - [TEST_STEP][PASSED] - sa = new org.testng.asserts.SoftAssert(): null

2019-09-30 17:57:08 - [TEST_STEP][PASSED] - setText(findTestObject("Object Repository/Page_cabi Order Items/input_New Arrivals - Blooming Blush_style"), findTestData("productData").getValue("Style", row)): Text '3871' is set on object 'Object Repository/Page_cabi Order Items/input_New Arrivals - Blooming Blush_style'

2019-09-30 17:57:08 - [MESSAGE][PASSED] - Text '3871' is set on object 'Object Repository/Page_cabi Order Items/input_New Arrivals - Blooming Blush_style'

2019-09-30 17:57:08 - [TEST_STEP][PASSED] - sendKeys(findTestObject("Object Repository/Page_cabi Order Items/input_New Arrivals - Blooming Blush_style"), Keys.chord(ENTER)): Keys 'ENTER + ' sent to object: 'Object Repository/Page_cabi Order Items/input_New Arrivals - Blooming Blush_style'

2019-09-30 17:57:08 - [MESSAGE][PASSED] - Keys 'ENTER + ' sent to object: 'Object Repository/Page_cabi Order Items/input_New Arrivals - Blooming Blush_style'

2019-09-30 17:57:08 - [TEST_STEP][PASSED] - delay(2): Delayed 2 second(s)

2019-09-30 17:57:10 - [MESSAGE][PASSED] - Delayed 2 second(s)

2019-09-30 17:57:10 - [TEST_STEP][PASSED] - executeJavaScript("arguments[0].click()", Arrays.asList(findWebElement(findTestObject("Object Repository/Page_cabi Order Items/input_New Arrivals - Blooming Blush_style"), 30))): Execute JavaScript 'arguments[0].click()' successfully

2019-09-30 17:57:10 - [MESSAGE][PASSED] - Execute JavaScript 'arguments[0].click()' successfully

2019-09-30 17:57:10 - [TEST_STEP][PASSED] - delay(2): Delayed 2 second(s)

2019-09-30 17:57:12 - [MESSAGE][PASSED] - Delayed 2 second(s)

2019-09-30 17:57:12 - [TEST_STEP][PASSED] - if (toString().equalsIgnoreCase("no")): Actual text and expected text of test object 'Object Repository/Page_cabi Order Items/no_result_found' are matched.

2019-09-30 17:57:12 - [TEST_STEP][PASSED] - delay(2): Delayed 2 second(s)

2019-09-30 17:57:14 - [MESSAGE][PASSED] - Delayed 2 second(s)

2019-09-30 17:57:14 - [TEST_STEP][PASSED] - noResultMessages = findWebElements(findTestObject("Page_cabi Order Items/no_result_found"), 5): null

2019-09-30 17:57:14 - [TEST_STEP][PASSED] - println(noResultMessages.size()): null

2019-09-30 17:57:14 - [TEST_STEP][PASSED] - sa.assertTrue(noResultMessages.size() > 0): null

2019-09-30 17:57:14 - [TEST_STEP][PASSED] - verifyElementText(findTestObject("Page_cabi Order Items/no_result_found"), "No Results Found!", CONTINUE_ON_FAILURE): Actual text and expected text of test object 'Object Repository/Page_cabi Order Items/no_result_found' are matched.

2019-09-30 17:57:14 - [MESSAGE][PASSED] - Actual text and expected text of test object 'Object Repository/Page_cabi Order Items/no_result_found' are matched.

2019-09-30 17:57:14 - [TEST_STEP][PASSED] - sa = new org.testng.asserts.SoftAssert(): null

2019-09-30 17:57:14 - [TEST_STEP][PASSED] - setText(findTestObject("Object Repository/Page_cabi Order Items/input_New Arrivals - Blooming Blush_style"), findTestData("productData").getValue("Style", row)): Text '3875' is set on object 'Object Repository/Page_cabi Order Items/input_New Arrivals - Blooming Blush_style'

2019-09-30 17:57:15 - [MESSAGE][PASSED] - Text '3875' is set on object 'Object Repository/Page_cabi Order Items/input_New Arrivals - Blooming Blush_style'

2019-09-30 17:57:15 - [TEST_STEP][PASSED] - sendKeys(findTestObject("Object Repository/Page_cabi Order Items/input_New Arrivals - Blooming Blush_style"), Keys.chord(ENTER)): Keys 'ENTER + ' sent to object: 'Object Repository/Page_cabi Order Items/input_New Arrivals - Blooming Blush_style'

2019-09-30 17:57:15 - [MESSAGE][PASSED] - Keys 'ENTER + ' sent to object: 'Object Repository/Page_cabi Order Items/input_New Arrivals - Blooming Blush_style'

2019-09-30 17:57:15 - [TEST_STEP][PASSED] - delay(2): Delayed 2 second(s)

2019-09-30 17:57:17 - [MESSAGE][PASSED] - Delayed 2 second(s)

2019-09-30 17:57:17 - [TEST_STEP][PASSED] - executeJavaScript("arguments[0].click()", Arrays.asList(findWebElement(findTestObject("Object Repository/Page_cabi Order Items/input_New Arrivals - Blooming Blush_style"), 30))): Execute JavaScript 'arguments[0].click()' successfully

2019-09-30 17:57:17 - [MESSAGE][PASSED] - Execute JavaScript 'arguments[0].click()' successfully

2019-09-30 17:57:17 - [TEST_STEP][PASSED] - delay(2): Delayed 2 second(s)

2019-09-30 17:57:19 - [MESSAGE][PASSED] - Delayed 2 second(s)

2019-09-30 17:57:19 - [TEST_STEP][PASSED] - if (toString().equalsIgnoreCase("no")): Actual text and expected text of test object 'Object Repository/Page_cabi Order Items/no_result_found' are matched.

2019-09-30 17:57:19 - [TEST_STEP][PASSED] - delay(2): Delayed 2 second(s)

2019-09-30 17:57:21 - [MESSAGE][PASSED] - Delayed 2 second(s)

2019-09-30 17:57:21 - [TEST_STEP][PASSED] - noResultMessages = findWebElements(findTestObject("Page_cabi Order Items/no_result_found"), 5): null

2019-09-30 17:57:21 - [TEST_STEP][PASSED] - println(noResultMessages.size()): null

2019-09-30 17:57:21 - [TEST_STEP][PASSED] - sa.assertTrue(noResultMessages.size() > 0): null

2019-09-30 17:57:21 - [TEST_STEP][PASSED] - verifyElementText(findTestObject("Page_cabi Order Items/no_result_found"), "No Results Found!", CONTINUE_ON_FAILURE): Actual text and expected text of test object 'Object Repository/Page_cabi Order Items/no_result_found' are matched.

2019-09-30 17:57:21 - [MESSAGE][PASSED] - Actual text and expected text of test object 'Object Repository/Page_cabi Order Items/no_result_found' are matched.

2019-09-30 17:57:21 - [MESSAGE][PASSED] - Call Test Case 'Test Cases/NewArrival/productVerify' successfully

2019-09-30 17:57:21 - [TEST_STEP][PASSED] - callTestCase(findTestCase("NewArrival/populateTimeGlobalVars"), ["row":timeRow], CONTINUE_ON_FAILURE): Call Test Case 'Test Cases/NewArrival/populateTimeGlobalVars' successfully

2019-09-30 17:57:21 - [TEST_CASE][PASSED] - Test Cases/NewArrival/populateTimeGlobalVars: Test Cases/NewArrival/populateTimeGlobalVars

2019-09-30 17:57:21 - [TEST_STEP][PASSED] - dataFile = "timezoneData": null

2019-09-30 17:57:21 - [TEST_STEP][PASSED] - clockServerTarget = UtilityMethods.getTestData("envtData", "clockServerTarget", 1): null

2019-09-30 17:57:21 - [TEST_STEP][PASSED] - println(clockServerTarget): null

2019-09-30 17:57:21 - [TEST_STEP][PASSED] - orderType = UtilityMethods.getTestData(dataFile, "orderType", row): null

2019-09-30 17:57:21 - [TEST_STEP][PASSED] - timeZone = UtilityMethods.getTestData(dataFile, "timeZone", row): null

2019-09-30 17:57:21 - [TEST_STEP][PASSED] - BOPersonal = UtilityMethods.getTestData(dataFile, "BOPersonal", row): null

2019-09-30 17:57:21 - [TEST_STEP][PASSED] - BOAddonPersonal = UtilityMethods.getTestData(dataFile, "BOAddonPersonal", row): null

2019-09-30 17:57:21 - [TEST_STEP][PASSED] - BOAddonRetail = UtilityMethods.getTestData(dataFile, "BOAddonRetail", row): null

2019-09-30 17:57:21 - [TEST_STEP][PASSED] - BORetail = UtilityMethods.getTestData(dataFile, "BORetail", row): null

2019-09-30 17:57:21 - [TEST_STEP][PASSED] - BOShow = UtilityMethods.getTestData(dataFile, "BOShow", row): null

2019-09-30 17:57:21 - [TEST_STEP][PASSED] - BOOnlineoutlet = UtilityMethods.getTestData(dataFile, "BOOnlineoutlet", row): null

2019-09-30 17:57:21 - [TEST_STEP][PASSED] - BOEmployee = UtilityMethods.getTestData(dataFile, "BOEmployee", row): null

2019-09-30 17:57:21 - [TEST_STEP][PASSED] - CCPersonal = UtilityMethods.getTestData(dataFile, "CCPersonal", row): null

2019-09-30 17:57:21 - [TEST_STEP][PASSED] - CCRetail = UtilityMethods.getTestData(dataFile, "CCRetail", row): null

2019-09-30 17:57:21 - [TEST_STEP][PASSED] - CCShow = UtilityMethods.getTestData(dataFile, "CCShow", row): null

2019-09-30 17:57:21 - [TEST_STEP][PASSED] - BOEblast = UtilityMethods.getTestData(dataFile, "BOEblast", row): null

2019-09-30 17:57:21 - [TEST_STEP][PASSED] - println(row): null

2019-09-30 17:57:21 - [TEST_STEP][PASSED] - println(BOPersonal): null

2019-09-30 17:57:21 - [MESSAGE][PASSED] - Call Test Case 'Test Cases/NewArrival/populateTimeGlobalVars' successfully

2019-09-30 17:57:21 - [TEST_STEP][PASSED] - callTestCase(findTestCase("NewArrival/setTimezone"), ["ofbizURL":"", "ofbizuser":"", "ofbizpass":"", "orderType":orderType, "timeZone":timeZone, "serverTarget":serverTarget, "clockServerTarget":clockServerTarget], CONTINUE_ON_FAILURE): Call Test Case 'Test Cases/NewArrival/setTimezone' successfully

2019-09-30 17:57:21 - [TEST_CASE][PASSED] - Test Cases/NewArrival/setTimezone: Test Cases/NewArrival/setTimezone

2019-09-30 17:57:21 - [TEST_STEP][PASSED] - openBrowser(""): Browser is opened with url: ''

2019-09-30 17:57:21 - [MESSAGE][WARNING] - A browser is already opened. Closing browser and opening a new one

2019-09-30 17:57:22 - [MESSAGE][INFO] - Starting 'Chrome' driver

2019-09-30 17:57:22 - [MESSAGE][INFO] - User set preference: ['args', '[--use-fake-ui-for-media-stream, --start-maximized]']

2019-09-30 17:57:24 - [MESSAGE][PASSED] - Browser is opened with url: ''

2019-09-30 17:57:24 - [TEST_STEP][NOT_RUN] - maximizeWindow(): NOT_RUN: maximizeWindow()

2019-09-30 17:57:24 - [MESSAGE][NOT_RUN] - NOT_RUN: maximizeWindow()

2019-09-30 17:57:24 - [TEST_STEP][PASSED] - ofbizURL = findTestData("envtData").getValue("ofbizURL", 1): null

2019-09-30 17:57:24 - [TEST_STEP][PASSED] - ofbizuser = findTestData("credData").getValue("ofbizuser", 1): null

2019-09-30 17:57:24 - [TEST_STEP][PASSED] - ofbizpass = findTestData("credData").getValue("ofbizpass", 1): null

2019-09-30 17:57:24 - [TEST_STEP][PASSED] - navigateToUrl(ofbizURL): Navigate to 'https://pushofbiz.cliotest.com/login.php' successfully

2019-09-30 17:57:26 - [MESSAGE][PASSED] - Navigate to 'https://pushofbiz.cliotest.com/login.php' successfully

2019-09-30 17:57:26 - [TEST_STEP][PASSED] - setText(findTestObject("Page_/input_Username_username"), ofbizuser): Text 'automation' is set on object 'Object Repository/Page_/input_Username_username'

2019-09-30 17:57:26 - [MESSAGE][PASSED] - Text 'automation' is set on object 'Object Repository/Page_/input_Username_username'

2019-09-30 17:57:26 - [TEST_STEP][PASSED] - setText(findTestObject("Page_/input_Password_password"), ofbizpass): Text 'cabiautomation' is set on object 'Object Repository/Page_/input_Password_password'

2019-09-30 17:57:26 - [MESSAGE][PASSED] - Text 'cabiautomation' is set on object 'Object Repository/Page_/input_Password_password'

2019-09-30 17:57:26 - [TEST_STEP][PASSED] - click(findTestObject("Page_/input_Password_Submit")): Object: 'Object Repository/Page_/input_Password_Submit' is clicked on

2019-09-30 17:57:31 - [MESSAGE][PASSED] - Object: 'Object Repository/Page_/input_Password_Submit' is clicked on

2019-09-30 17:57:31 - [TEST_STEP][PASSED] - click(findTestObject("Object Repository/Page_/a_Clock set")): Object: 'Object Repository/Page_/a_Clock set' is clicked on

2019-09-30 17:57:31 - [MESSAGE][PASSED] - Object: 'Object Repository/Page_/a_Clock set' is clicked on

2019-09-30 17:57:31 - [TEST_STEP][PASSED] - cst = UtilityMethods.createTestObject("select_target", "//select[@name='Target']/option[contains(text(), '", clockServerTarget, "')]"): null

2019-09-30 17:57:31 - [TEST_STEP][PASSED] - println(clockServerTarget): null

2019-09-30 17:57:31 - [TEST_STEP][PASSED] - click(cst): Object: 'select_target' is clicked on

2019-09-30 17:57:31 - [MESSAGE][PASSED] - Object: 'select_target' is clicked on

2019-09-30 17:57:31 - [TEST_STEP][PASSED] - click(findTestObject("Page_/thisDateAndTime")): Object: 'Object Repository/Page_/thisDateAndTime' is clicked on

2019-09-30 17:57:32 - [MESSAGE][PASSED] - Object: 'Object Repository/Page_/thisDateAndTime' is clicked on

2019-09-30 17:57:32 - [TEST_STEP][PASSED] - setText(findTestObject("Object Repository/Page_/setTargetTime"), timeZone): Text ' 11/06/2019 7:00' is set on object 'Object Repository/Page_/setTargetTime'

2019-09-30 17:57:32 - [MESSAGE][PASSED] - Text ' 11/06/2019 7:00' is set on object 'Object Repository/Page_/setTargetTime'

2019-09-30 17:57:32 - [TEST_STEP][PASSED] - click(findTestObject("Object Repository/Page_/input")): Object: 'Object Repository/Page_/input' is clicked on

2019-09-30 17:57:32 - [MESSAGE][PASSED] - Object: 'Object Repository/Page_/input' is clicked on

2019-09-30 17:57:32 - [TEST_STEP][PASSED] - delay(10): Delayed 10 second(s)

2019-09-30 17:57:42 - [MESSAGE][PASSED] - Delayed 10 second(s)

2019-09-30 17:57:42 - [TEST_STEP][NOT_RUN] - closeBrowser(): NOT_RUN: closeBrowser()

2019-09-30 17:57:42 - [MESSAGE][NOT_RUN] - NOT_RUN: closeBrowser()

2019-09-30 17:57:42 - [MESSAGE][PASSED] - Call Test Case 'Test Cases/NewArrival/setTimezone' successfully

2019-09-30 17:57:42 - [TEST_STEP][PASSED] - callTestCase(findTestCase("TestCaseUtilities/backOfficeLogin"), ["BOURL":"", "BOuser":"", "BOpass":""], CONTINUE_ON_FAILURE): Call Test Case 'Test Cases/TestCaseUtilities/backOfficeLogin' successfully

2019-09-30 17:57:42 - [TEST_CASE][PASSED] - Test Cases/TestCaseUtilities/backOfficeLogin: Test Cases/TestCaseUtilities/backOfficeLogin

2019-09-30 17:57:42 - [TEST_STEP][PASSED] - BOURL = findTestData("envtData").getValue("BOURL", 1): null

2019-09-30 17:57:42 - [TEST_STEP][PASSED] - BOuser = findTestData("credData").getValue("BOuser", 1): null

2019-09-30 17:57:42 - [TEST_STEP][PASSED] - BOpass = findTestData("credData").getValue("BOpass", 1): null

2019-09-30 17:57:42 - [TEST_STEP][PASSED] - openBrowser(""): Browser is opened with url: ''

2019-09-30 17:57:42 - [MESSAGE][WARNING] - A browser is already opened. Closing browser and opening a new one

2019-09-30 17:57:43 - [MESSAGE][INFO] - Starting 'Chrome' driver

2019-09-30 17:57:43 - [MESSAGE][INFO] - User set preference: ['args', '[--use-fake-ui-for-media-stream, --start-maximized]']

2019-09-30 17:57:45 - [MESSAGE][PASSED] - Browser is opened with url: ''

2019-09-30 17:57:45 - [TEST_STEP][PASSED] - navigateToUrl(BOURL): Navigate to 'https://test4.cliotest.com/backoffice/control/main' successfully

2019-09-30 17:57:52 - [MESSAGE][PASSED] - Navigate to 'https://test4.cliotest.com/backoffice/control/main' successfully

2019-09-30 17:57:52 - [TEST_STEP][PASSED] - logOut = findWebElements(findTestObject("Object Repository/Page_cabi Home/log_out"), 1): Unable to find the element located by 'By.xpath: //a[contains(text(),'Log Out')]'. Please recheck the objects properties to make sure the desired element is located. 

2019-09-30 17:57:53 - [MESSAGE][INFO] - Unable to find the element located by 'By.xpath: //a[contains(text(),'Log Out')]'. Please recheck the objects properties to make sure the desired element is located. 

2019-09-30 17:57:53 - [TEST_STEP][PASSED] - if (logOut.size() == 0): Object: 'Object Repository/Page_cabi/input_Welcome to_consultantLogin' is clicked on

2019-09-30 17:57:53 - [TEST_STEP][PASSED] - setText(findTestObject("Page_cabi/input_Welcome to_USERNAME"), BOuser): Text '400000002' is set on object 'Object Repository/Page_cabi/input_Welcome to_USERNAME'

2019-09-30 17:57:53 - [MESSAGE][PASSED] - Text '400000002' is set on object 'Object Repository/Page_cabi/input_Welcome to_USERNAME'

2019-09-30 17:57:53 - [TEST_STEP][PASSED] - setText(findTestObject("Object Repository/Page_cabi/input_Welcome to_PASSWORD"), BOpass): Text 'blackdress19' is set on object 'Object Repository/Page_cabi/input_Welcome to_PASSWORD'

2019-09-30 17:57:54 - [MESSAGE][PASSED] - Text 'blackdress19' is set on object 'Object Repository/Page_cabi/input_Welcome to_PASSWORD'

2019-09-30 17:57:54 - [TEST_STEP][PASSED] - click(findTestObject("Object Repository/Page_cabi/input_Welcome to_consultantLogin")): Object: 'Object Repository/Page_cabi/input_Welcome to_consultantLogin' is clicked on

2019-09-30 17:58:01 - [MESSAGE][PASSED] - Object: 'Object Repository/Page_cabi/input_Welcome to_consultantLogin' is clicked on

2019-09-30 17:58:01 - [TEST_STEP][PASSED] - delay(3): Delayed 3 second(s)

2019-09-30 17:58:04 - [MESSAGE][PASSED] - Delayed 3 second(s)

2019-09-30 17:58:04 - [MESSAGE][PASSED] - Call Test Case 'Test Cases/TestCaseUtilities/backOfficeLogin' successfully

2019-09-30 17:58:04 - [TEST_STEP][PASSED] - click(findTestObject("Object Repository/Page_cabi Home/a_Shows  Orders")): Object: 'Object Repository/Page_cabi Home/a_Shows  Orders' is clicked on

2019-09-30 17:58:04 - [MESSAGE][PASSED] - Object: 'Object Repository/Page_cabi Home/a_Shows  Orders' is clicked on

2019-09-30 17:58:04 - [TEST_STEP][PASSED] - click(findTestObject("Page_cabi Home/a_personal_purchases")): Object: 'Object Repository/Page_cabi Home/a_personal_purchases' is clicked on

2019-09-30 17:58:07 - [MESSAGE][PASSED] - Object: 'Object Repository/Page_cabi Home/a_personal_purchases' is clicked on

2019-09-30 17:58:07 - [TEST_STEP][PASSED] - click(findTestObject("Object Repository/Page_cabi Personal Store/span_Continue to Order")): Object: 'Object Repository/Page_cabi Personal Store/span_Continue to Order' is clicked on

2019-09-30 17:58:07 - [MESSAGE][PASSED] - Object: 'Object Repository/Page_cabi Personal Store/span_Continue to Order' is clicked on

2019-09-30 17:58:07 - [TEST_STEP][PASSED] - println(BOPersonal): null

2019-09-30 17:58:07 - [TEST_STEP][PASSED] - callTestCase(findTestCase("NewArrival/productVerify"), ["available":BOPersonal, "storeType":"BOPersonal"], CONTINUE_ON_FAILURE): Call Test Case 'Test Cases/NewArrival/productVerify' successfully

2019-09-30 17:58:07 - [TEST_CASE][PASSED] - Test Cases/NewArrival/productVerify: Test Cases/NewArrival/productVerify

2019-09-30 17:58:07 - [TEST_STEP][PASSED] - for ([row = 1, row <= findTestData("productData").getRowNumbers(), (row++)]): null

2019-09-30 17:58:07 - [TEST_STEP][PASSED] - sa = new org.testng.asserts.SoftAssert(): null

2019-09-30 17:58:07 - [TEST_STEP][PASSED] - setText(findTestObject("Object Repository/Page_cabi Order Items/input_New Arrivals - Blooming Blush_style"), findTestData("productData").getValue("Style", row)): Text '3843' is set on object 'Object Repository/Page_cabi Order Items/input_New Arrivals - Blooming Blush_style'

2019-09-30 17:58:08 - [MESSAGE][PASSED] - Text '3843' is set on object 'Object Repository/Page_cabi Order Items/input_New Arrivals - Blooming Blush_style'

2019-09-30 17:58:08 - [TEST_STEP][PASSED] - sendKeys(findTestObject("Object Repository/Page_cabi Order Items/input_New Arrivals - Blooming Blush_style"), Keys.chord(ENTER)): Keys 'ENTER + ' sent to object: 'Object Repository/Page_cabi Order Items/input_New Arrivals - Blooming Blush_style'

2019-09-30 17:58:08 - [MESSAGE][PASSED] - Keys 'ENTER + ' sent to object: 'Object Repository/Page_cabi Order Items/input_New Arrivals - Blooming Blush_style'

2019-09-30 17:58:08 - [TEST_STEP][PASSED] - delay(2): Delayed 2 second(s)

2019-09-30 17:58:10 - [MESSAGE][PASSED] - Delayed 2 second(s)

2019-09-30 17:58:10 - [TEST_STEP][PASSED] - executeJavaScript("arguments[0].click()", Arrays.asList(findWebElement(findTestObject("Object Repository/Page_cabi Order Items/input_New Arrivals - Blooming Blush_style"), 30))): Execute JavaScript 'arguments[0].click()' successfully

2019-09-30 17:58:10 - [MESSAGE][PASSED] - Execute JavaScript 'arguments[0].click()' successfully

2019-09-30 17:58:10 - [TEST_STEP][PASSED] - delay(2): Delayed 2 second(s)

2019-09-30 17:58:12 - [MESSAGE][PASSED] - Delayed 2 second(s)

2019-09-30 17:58:12 - [TEST_STEP][PASSED] - if (toString().equalsIgnoreCase("no")): null

2019-09-30 17:58:12 - [TEST_STEP][PASSED] - else: null

2019-09-30 17:58:12 - [TEST_STEP][PASSED] - click(findTestObject("Page_cabi Order Items/li_order_item")): Object: 'Object Repository/Page_cabi Order Items/li_order_item' is clicked on

2019-09-30 17:58:12 - [MESSAGE][PASSED] - Object: 'Object Repository/Page_cabi Order Items/li_order_item' is clicked on

2019-09-30 17:58:12 - [TEST_STEP][PASSED] - delay(5): Delayed 5 second(s)

2019-09-30 17:58:17 - [MESSAGE][PASSED] - Delayed 5 second(s)

2019-09-30 17:58:17 - [TEST_STEP][PASSED] - imgString1 = getValue("Style", row).toString(): null

2019-09-30 17:58:17 - [TEST_STEP][PASSED] - imagePath = UtilityMethods.createScreenshotImagePath(storeType, imgString1): null

2019-09-30 17:58:17 - [TEST_STEP][PASSED] - println(imagePath): null

2019-09-30 17:58:17 - [TEST_STEP][PASSED] - takeScreenshot(imagePath): Taking screenshot successfully

2019-09-30 17:58:17 - [MESSAGE][PASSED] - Taking screenshot successfully
[[ATTACHMENT|C:\\Users\\user\\Documents\\testautomation\\KatalonProjects\\productImages\\BOPersonal_3843 image.png]]

2019-09-30 17:58:17 - [TEST_STEP][PASSED] - verifyElementText(findTestObject("Page_cabi Order Items/GetAttribute_getID"), findTestData("productData").getValue("Style", row), CONTINUE_ON_FAILURE): Actual text and expected text of test object 'Object Repository/Page_cabi Order Items/GetAttribute_getID' are matched.

2019-09-30 17:58:17 - [MESSAGE][PASSED] - Actual text and expected text of test object 'Object Repository/Page_cabi Order Items/GetAttribute_getID' are matched.

2019-09-30 17:58:17 - [TEST_STEP][PASSED] - colorOptions = findWebElements(findTestObject("Page_cabi Order Items/GetAttribute_Color"), 5): null

2019-09-30 17:58:17 - [TEST_STEP][PASSED] - println(colorOptions.size()): null

2019-09-30 17:58:17 - [TEST_STEP][PASSED] - expectedColour = findTestData("productData").getValue("Color", row): null

2019-09-30 17:58:17 - [TEST_STEP][PASSED] - println("expected colour is"): null

2019-09-30 17:58:17 - [TEST_STEP][PASSED] - println(expectedColour): null

2019-09-30 17:58:17 - [TEST_STEP][PASSED] - colourVerified = false: null

2019-09-30 17:58:17 - [TEST_STEP][PASSED] - for (org.openqa.selenium.WebElement op : colorOptions): null

2019-09-30 17:58:17 - [TEST_STEP][PASSED] - println(op.getText()): null

2019-09-30 17:58:17 - [TEST_STEP][PASSED] - if (expectedColour.equalsIgnoreCase(op.getText())): null

2019-09-30 17:58:17 - [TEST_STEP][PASSED] - colourVerified = true: null

2019-09-30 17:58:17 - [TEST_STEP][PASSED] - break: null

2019-09-30 17:58:17 - [TEST_STEP][PASSED] - sa.assertTrue(colourVerified): null

2019-09-30 17:58:17 - [TEST_STEP][PASSED] - getPrice = getText(findTestObject("Page_cabi Order Items/GetAttribute_Price")): Text of object 'Object Repository/Page_cabi Order Items/GetAttribute_Price' is: 'Price : $99.00'

2019-09-30 17:58:17 - [MESSAGE][PASSED] - Text of object 'Object Repository/Page_cabi Order Items/GetAttribute_Price' is: 'Price : $99.00'

2019-09-30 17:58:17 - [TEST_STEP][PASSED] - Split_Data = UtilityMethods.SplitData(getPrice): null

2019-09-30 17:58:17 - [TEST_STEP][PASSED] - verifyMatch(Split_Data, findTestData("productData").getValue("Retail", row), true, CONTINUE_ON_FAILURE): Actual text '99' and expected text '99' are matched  using regular expression

2019-09-30 17:58:17 - [MESSAGE][PASSED] - Actual text '99' and expected text '99' are matched  using regular expression

2019-09-30 17:58:17 - [TEST_STEP][PASSED] - sizeRange1 = ["XXS", "XS", "S", "M", "L", "XL"]: null

2019-09-30 17:58:17 - [TEST_STEP][PASSED] - sizeRange2 = ["00", "0", "2", "4", "6", "8", "10", "12", "14", "16"]: null

2019-09-30 17:58:17 - [TEST_STEP][PASSED] - sizeRange3 = ["Long", "Regular", "Short"]: null

2019-09-30 17:58:17 - [TEST_STEP][PASSED] - sizeRange4 = ["5", "6", "6.5", "7", "7.5", "8", "8.5", "9", "9.5", "10", "11"]: null

2019-09-30 17:58:17 - [TEST_STEP][PASSED] - sizeRange5 = ["XS/S", "M/L"]: null

2019-09-30 17:58:17 - [TEST_STEP][PASSED] - sizeRangeSplit = UtilityMethods.SplitSizes(findTestData("productData").getValue("SzRange", row)): null

2019-09-30 17:58:17 - [TEST_STEP][PASSED] - sizeType = getText(findTestObject("Object Repository/Page_cabi Order Items/Size")): Text of object 'Object Repository/Page_cabi Order Items/Size' is: 'Select'

2019-09-30 17:58:18 - [MESSAGE][PASSED] - Text of object 'Object Repository/Page_cabi Order Items/Size' is: 'Select'

2019-09-30 17:58:18 - [TEST_STEP][PASSED] - sizeOptions = findWebElements(findTestObject("Object Repository/Page_cabi Order Items/Size"), 5): null

2019-09-30 17:58:18 - [TEST_STEP][PASSED] - actualRange = new java.util.ArrayList(): null

2019-09-30 17:58:18 - [TEST_STEP][PASSED] - expectedRange = <not implemented yet for class: org.codehaus.groovy.ast.expr.EmptyExpression>: null

2019-09-30 17:58:18 - [TEST_STEP][PASSED] - if (sizeType.equalsIgnoreCase("Select")): null

2019-09-30 17:58:18 - [TEST_STEP][PASSED] - for ([i = 1, i < sizeOptions.size(), (i++)]): null

2019-09-30 17:58:18 - [TEST_STEP][PASSED] - actualRange.add(getAttribute("value").toString()): null

2019-09-30 17:58:18 - [TEST_STEP][PASSED] - actualRange.add(getAttribute("value").toString()): null

2019-09-30 17:58:18 - [TEST_STEP][PASSED] - actualRange.add(getAttribute("value").toString()): null

2019-09-30 17:58:18 - [TEST_STEP][PASSED] - actualRange.add(getAttribute("value").toString()): null

2019-09-30 17:58:18 - [TEST_STEP][PASSED] - actualRange.add(getAttribute("value").toString()): null

2019-09-30 17:58:18 - [TEST_STEP][PASSED] - if (toString().equalsIgnoreCase("XS") || toString().equalsIgnoreCase("XXS")): null

2019-09-30 17:58:18 - [TEST_STEP][PASSED] - expectedRange = UtilityMethods.getExpectedRange(sizeRange1, sizeRangeSplit): null

2019-09-30 17:58:18 - [TEST_STEP][PASSED] - println("XS"): null

2019-09-30 17:58:18 - [TEST_STEP][PASSED] - println(expectedRange.toString()): null

2019-09-30 17:58:18 - [TEST_STEP][PASSED] - sa.assertTrue(UtilityMethods.listEquals(expectedRange, actualRange)): null

2019-09-30 17:58:18 - [TEST_STEP][PASSED] - delay(2): Delayed 2 second(s)

2019-09-30 17:58:20 - [MESSAGE][PASSED] - Delayed 2 second(s)

2019-09-30 17:58:20 - [TEST_STEP][PASSED] - verifyElementText(findTestObject("Page_cabi Order Items/product_title"), findTestData("productData").getValue("Description", row), CONTINUE_ON_FAILURE): Actual text and expected text of test object 'Object Repository/Page_cabi Order Items/product_title' are matched.

2019-09-30 17:58:20 - [MESSAGE][PASSED] - Actual text and expected text of test object 'Object Repository/Page_cabi Order Items/product_title' are matched.

2019-09-30 17:58:20 - [TEST_STEP][PASSED] - verifyElementText(findTestObject("Page_cabi Order Items/product_fabric"), findTestData("productData").getValue("FinalContent", row), CONTINUE_ON_FAILURE): Actual text and expected text of test object 'Object Repository/Page_cabi Order Items/product_fabric' are matched.

2019-09-30 17:58:20 - [MESSAGE][PASSED] - Actual text and expected text of test object 'Object Repository/Page_cabi Order Items/product_fabric' are matched.

2019-09-30 17:58:20 - [TEST_STEP][PASSED] - actualCasreIntrn = "<div>" + getText(findTestObject("Page_cabi Order Items/care_instruction")) + "</div>": Text of object 'Object Repository/Page_cabi Order Items/care_instruction' is: 'Turn garment inside out and place in a mesh bag. Machine wash separately in cold water on the delicate cycle. Only non-chlorine bleach if needed. Do not twist or wring. Lay flat to dry. Do not steam or iron faux fur.'

2019-09-30 17:58:20 - [MESSAGE][PASSED] - Text of object 'Object Repository/Page_cabi Order Items/care_instruction' is: 'Turn garment inside out and place in a mesh bag. Machine wash separately in cold water on the delicate cycle. Only non-chlorine bleach if needed. Do not twist or wring. Lay flat to dry. Do not steam or iron faux fur.'

2019-09-30 17:58:20 - [TEST_STEP][PASSED] - sa.assertTrue(actualCasreIntrn.equals(findTestData("productData").getValue("CareInstr", row))): null

2019-09-30 17:58:20 - [TEST_STEP][PASSED] - sa = new org.testng.asserts.SoftAssert(): null

2019-09-30 17:58:20 - [TEST_STEP][PASSED] - setText(findTestObject("Object Repository/Page_cabi Order Items/input_New Arrivals - Blooming Blush_style"), findTestData("productData").getValue("Style", row)): Text '3846' is set on object 'Object Repository/Page_cabi Order Items/input_New Arrivals - Blooming Blush_style'

2019-09-30 17:58:20 - [MESSAGE][PASSED] - Text '3846' is set on object 'Object Repository/Page_cabi Order Items/input_New Arrivals - Blooming Blush_style'

2019-09-30 17:58:20 - [TEST_STEP][PASSED] - sendKeys(findTestObject("Object Repository/Page_cabi Order Items/input_New Arrivals - Blooming Blush_style"), Keys.chord(ENTER)): Keys 'ENTER + ' sent to object: 'Object Repository/Page_cabi Order Items/input_New Arrivals - Blooming Blush_style'

2019-09-30 17:58:20 - [MESSAGE][PASSED] - Keys 'ENTER + ' sent to object: 'Object Repository/Page_cabi Order Items/input_New Arrivals - Blooming Blush_style'

2019-09-30 17:58:20 - [TEST_STEP][PASSED] - delay(2): Delayed 2 second(s)

2019-09-30 17:58:22 - [MESSAGE][PASSED] - Delayed 2 second(s)

2019-09-30 17:58:22 - [TEST_STEP][PASSED] - executeJavaScript("arguments[0].click()", Arrays.asList(findWebElement(findTestObject("Object Repository/Page_cabi Order Items/input_New Arrivals - Blooming Blush_style"), 30))): Execute JavaScript 'arguments[0].click()' successfully

2019-09-30 17:58:22 - [MESSAGE][PASSED] - Execute JavaScript 'arguments[0].click()' successfully

2019-09-30 17:58:22 - [TEST_STEP][PASSED] - delay(2): Delayed 2 second(s)

2019-09-30 17:58:24 - [MESSAGE][PASSED] - Delayed 2 second(s)

2019-09-30 17:58:24 - [TEST_STEP][PASSED] - if (toString().equalsIgnoreCase("no")): null

2019-09-30 17:58:24 - [TEST_STEP][PASSED] - else: null

2019-09-30 17:58:24 - [TEST_STEP][PASSED] - click(findTestObject("Page_cabi Order Items/li_order_item")): Object: 'Object Repository/Page_cabi Order Items/li_order_item' is clicked on

2019-09-30 17:58:24 - [MESSAGE][PASSED] - Object: 'Object Repository/Page_cabi Order Items/li_order_item' is clicked on

2019-09-30 17:58:24 - [TEST_STEP][PASSED] - delay(5): Delayed 5 second(s)

2019-09-30 17:58:29 - [MESSAGE][PASSED] - Delayed 5 second(s)

2019-09-30 17:58:29 - [TEST_STEP][PASSED] - imgString1 = getValue("Style", row).toString(): null

2019-09-30 17:58:29 - [TEST_STEP][PASSED] - imagePath = UtilityMethods.createScreenshotImagePath(storeType, imgString1): null

2019-09-30 17:58:29 - [TEST_STEP][PASSED] - println(imagePath): null

2019-09-30 17:58:29 - [TEST_STEP][PASSED] - takeScreenshot(imagePath): Taking screenshot successfully

2019-09-30 17:58:30 - [MESSAGE][PASSED] - Taking screenshot successfully
[[ATTACHMENT|C:\\Users\\user\\Documents\\testautomation\\KatalonProjects\\productImages\\BOPersonal_3846 image.png]]

2019-09-30 17:58:30 - [TEST_STEP][PASSED] - verifyElementText(findTestObject("Page_cabi Order Items/GetAttribute_getID"), findTestData("productData").getValue("Style", row), CONTINUE_ON_FAILURE): Actual text and expected text of test object 'Object Repository/Page_cabi Order Items/GetAttribute_getID' are matched.

2019-09-30 17:58:30 - [MESSAGE][PASSED] - Actual text and expected text of test object 'Object Repository/Page_cabi Order Items/GetAttribute_getID' are matched.

2019-09-30 17:58:30 - [TEST_STEP][PASSED] - colorOptions = findWebElements(findTestObject("Page_cabi Order Items/GetAttribute_Color"), 5): null

2019-09-30 17:58:30 - [TEST_STEP][PASSED] - println(colorOptions.size()): null

2019-09-30 17:58:30 - [TEST_STEP][PASSED] - expectedColour = findTestData("productData").getValue("Color", row): null

2019-09-30 17:58:30 - [TEST_STEP][PASSED] - println("expected colour is"): null

2019-09-30 17:58:30 - [TEST_STEP][PASSED] - println(expectedColour): null

2019-09-30 17:58:30 - [TEST_STEP][PASSED] - colourVerified = false: null

2019-09-30 17:58:30 - [TEST_STEP][PASSED] - for (org.openqa.selenium.WebElement op : colorOptions): null

2019-09-30 17:58:30 - [TEST_STEP][PASSED] - println(op.getText()): null

2019-09-30 17:58:30 - [TEST_STEP][PASSED] - if (expectedColour.equalsIgnoreCase(op.getText())): null

2019-09-30 17:58:30 - [TEST_STEP][PASSED] - colourVerified = true: null

2019-09-30 17:58:30 - [TEST_STEP][PASSED] - break: null

2019-09-30 17:58:30 - [TEST_STEP][PASSED] - sa.assertTrue(colourVerified): null

2019-09-30 17:58:30 - [TEST_STEP][PASSED] - getPrice = getText(findTestObject("Page_cabi Order Items/GetAttribute_Price")): Text of object 'Object Repository/Page_cabi Order Items/GetAttribute_Price' is: 'Price : $139.00'

2019-09-30 17:58:30 - [MESSAGE][PASSED] - Text of object 'Object Repository/Page_cabi Order Items/GetAttribute_Price' is: 'Price : $139.00'

2019-09-30 17:58:30 - [TEST_STEP][PASSED] - Split_Data = UtilityMethods.SplitData(getPrice): null

2019-09-30 17:58:30 - [TEST_STEP][PASSED] - verifyMatch(Split_Data, findTestData("productData").getValue("Retail", row), true, CONTINUE_ON_FAILURE): Actual text '139' and expected text '139' are matched  using regular expression

2019-09-30 17:58:30 - [MESSAGE][PASSED] - Actual text '139' and expected text '139' are matched  using regular expression

2019-09-30 17:58:30 - [TEST_STEP][PASSED] - sizeRange1 = ["XXS", "XS", "S", "M", "L", "XL"]: null

2019-09-30 17:58:30 - [TEST_STEP][PASSED] - sizeRange2 = ["00", "0", "2", "4", "6", "8", "10", "12", "14", "16"]: null

2019-09-30 17:58:30 - [TEST_STEP][PASSED] - sizeRange3 = ["Long", "Regular", "Short"]: null

2019-09-30 17:58:30 - [TEST_STEP][PASSED] - sizeRange4 = ["5", "6", "6.5", "7", "7.5", "8", "8.5", "9", "9.5", "10", "11"]: null

2019-09-30 17:58:30 - [TEST_STEP][PASSED] - sizeRange5 = ["XS/S", "M/L"]: null

2019-09-30 17:58:30 - [TEST_STEP][PASSED] - sizeRangeSplit = UtilityMethods.SplitSizes(findTestData("productData").getValue("SzRange", row)): null

2019-09-30 17:58:30 - [TEST_STEP][PASSED] - sizeType = getText(findTestObject("Object Repository/Page_cabi Order Items/Size")): Text of object 'Object Repository/Page_cabi Order Items/Size' is: 'Select'

2019-09-30 17:58:30 - [MESSAGE][PASSED] - Text of object 'Object Repository/Page_cabi Order Items/Size' is: 'Select'

2019-09-30 17:58:30 - [TEST_STEP][PASSED] - sizeOptions = findWebElements(findTestObject("Object Repository/Page_cabi Order Items/Size"), 5): null

2019-09-30 17:58:30 - [TEST_STEP][PASSED] - actualRange = new java.util.ArrayList(): null

2019-09-30 17:58:30 - [TEST_STEP][PASSED] - expectedRange = <not implemented yet for class: org.codehaus.groovy.ast.expr.EmptyExpression>: null

2019-09-30 17:58:30 - [TEST_STEP][PASSED] - if (sizeType.equalsIgnoreCase("Select")): null

2019-09-30 17:58:30 - [TEST_STEP][PASSED] - for ([i = 1, i < sizeOptions.size(), (i++)]): null

2019-09-30 17:58:30 - [TEST_STEP][PASSED] - actualRange.add(getAttribute("value").toString()): null

2019-09-30 17:58:30 - [TEST_STEP][PASSED] - actualRange.add(getAttribute("value").toString()): null

2019-09-30 17:58:30 - [TEST_STEP][PASSED] - if (toString().equalsIgnoreCase("XS") || toString().equalsIgnoreCase("XXS")): null

2019-09-30 17:58:30 - [TEST_STEP][PASSED] - else if (toString().equalsIgnoreCase("00") || toString().equalsIgnoreCase("0")): null

2019-09-30 17:58:30 - [TEST_STEP][PASSED] - else if (toString().equalsIgnoreCase("Long")): null

2019-09-30 17:58:30 - [TEST_STEP][PASSED] - else if (toString().equalsIgnoreCase("5")): null

2019-09-30 17:58:30 - [TEST_STEP][PASSED] - else if (toString().equalsIgnoreCase("XS/S")): null

2019-09-30 17:58:30 - [TEST_STEP][PASSED] - expectedRange = UtilityMethods.getExpectedRange(sizeRange5, sizeRangeSplit): null

2019-09-30 17:58:30 - [TEST_STEP][PASSED] - println("XS/S"): null

2019-09-30 17:58:30 - [TEST_STEP][PASSED] - println(expectedRange.toString()): null

2019-09-30 17:58:30 - [TEST_STEP][PASSED] - sa.assertTrue(UtilityMethods.listEquals(expectedRange, actualRange)): null

2019-09-30 17:58:30 - [TEST_STEP][PASSED] - delay(2): Delayed 2 second(s)

2019-09-30 17:58:32 - [MESSAGE][PASSED] - Delayed 2 second(s)

2019-09-30 17:58:32 - [TEST_STEP][PASSED] - verifyElementText(findTestObject("Page_cabi Order Items/product_title"), findTestData("productData").getValue("Description", row), CONTINUE_ON_FAILURE): Actual text and expected text of test object 'Object Repository/Page_cabi Order Items/product_title' are matched.

2019-09-30 17:58:32 - [MESSAGE][PASSED] - Actual text and expected text of test object 'Object Repository/Page_cabi Order Items/product_title' are matched.

2019-09-30 17:58:32 - [TEST_STEP][PASSED] - verifyElementText(findTestObject("Page_cabi Order Items/product_fabric"), findTestData("productData").getValue("FinalContent", row), CONTINUE_ON_FAILURE): Actual text and expected text of test object 'Object Repository/Page_cabi Order Items/product_fabric' are matched.

2019-09-30 17:58:32 - [MESSAGE][PASSED] - Actual text and expected text of test object 'Object Repository/Page_cabi Order Items/product_fabric' are matched.

2019-09-30 17:58:32 - [TEST_STEP][PASSED] - actualCasreIntrn = "<div>" + getText(findTestObject("Page_cabi Order Items/care_instruction")) + "</div>": Text of object 'Object Repository/Page_cabi Order Items/care_instruction' is: 'Dry clean for best results. Can be machine washed in a mesh bag in cold water on the delicate cycle. Only non-chlorine bleach. Lay flat to dry. Steam iron only if needed.'

2019-09-30 17:58:32 - [MESSAGE][PASSED] - Text of object 'Object Repository/Page_cabi Order Items/care_instruction' is: 'Dry clean for best results. Can be machine washed in a mesh bag in cold water on the delicate cycle. Only non-chlorine bleach. Lay flat to dry. Steam iron only if needed.'

2019-09-30 17:58:32 - [TEST_STEP][PASSED] - sa.assertTrue(actualCasreIntrn.equals(findTestData("productData").getValue("CareInstr", row))): null

2019-09-30 17:58:32 - [TEST_STEP][PASSED] - sa = new org.testng.asserts.SoftAssert(): null

2019-09-30 17:58:32 - [TEST_STEP][PASSED] - setText(findTestObject("Object Repository/Page_cabi Order Items/input_New Arrivals - Blooming Blush_style"), findTestData("productData").getValue("Style", row)): Text '3850' is set on object 'Object Repository/Page_cabi Order Items/input_New Arrivals - Blooming Blush_style'

2019-09-30 17:58:32 - [MESSAGE][PASSED] - Text '3850' is set on object 'Object Repository/Page_cabi Order Items/input_New Arrivals - Blooming Blush_style'

2019-09-30 17:58:32 - [TEST_STEP][PASSED] - sendKeys(findTestObject("Object Repository/Page_cabi Order Items/input_New Arrivals - Blooming Blush_style"), Keys.chord(ENTER)): Keys 'ENTER + ' sent to object: 'Object Repository/Page_cabi Order Items/input_New Arrivals - Blooming Blush_style'

2019-09-30 17:58:32 - [MESSAGE][PASSED] - Keys 'ENTER + ' sent to object: 'Object Repository/Page_cabi Order Items/input_New Arrivals - Blooming Blush_style'

2019-09-30 17:58:32 - [TEST_STEP][PASSED] - delay(2): Delayed 2 second(s)

2019-09-30 17:58:34 - [MESSAGE][PASSED] - Delayed 2 second(s)

2019-09-30 17:58:34 - [TEST_STEP][PASSED] - executeJavaScript("arguments[0].click()", Arrays.asList(findWebElement(findTestObject("Object Repository/Page_cabi Order Items/input_New Arrivals - Blooming Blush_style"), 30))): Execute JavaScript 'arguments[0].click()' successfully

2019-09-30 17:58:34 - [MESSAGE][PASSED] - Execute JavaScript 'arguments[0].click()' successfully

2019-09-30 17:58:34 - [TEST_STEP][PASSED] - delay(2): Delayed 2 second(s)

2019-09-30 17:58:36 - [MESSAGE][PASSED] - Delayed 2 second(s)

2019-09-30 17:58:36 - [TEST_STEP][PASSED] - if (toString().equalsIgnoreCase("no")): null

2019-09-30 17:58:36 - [TEST_STEP][PASSED] - else: null

2019-09-30 17:58:36 - [TEST_STEP][PASSED] - click(findTestObject("Page_cabi Order Items/li_order_item")): Object: 'Object Repository/Page_cabi Order Items/li_order_item' is clicked on

2019-09-30 17:58:36 - [MESSAGE][PASSED] - Object: 'Object Repository/Page_cabi Order Items/li_order_item' is clicked on

2019-09-30 17:58:36 - [TEST_STEP][PASSED] - delay(5): Delayed 5 second(s)

2019-09-30 17:58:41 - [MESSAGE][PASSED] - Delayed 5 second(s)

2019-09-30 17:58:41 - [TEST_STEP][PASSED] - imgString1 = getValue("Style", row).toString(): null

2019-09-30 17:58:41 - [TEST_STEP][PASSED] - imagePath = UtilityMethods.createScreenshotImagePath(storeType, imgString1): null

2019-09-30 17:58:41 - [TEST_STEP][PASSED] - println(imagePath): null

2019-09-30 17:58:41 - [TEST_STEP][PASSED] - takeScreenshot(imagePath): Taking screenshot successfully

2019-09-30 17:58:42 - [MESSAGE][PASSED] - Taking screenshot successfully
[[ATTACHMENT|C:\\Users\\user\\Documents\\testautomation\\KatalonProjects\\productImages\\BOPersonal_3850 image.png]]

2019-09-30 17:58:42 - [TEST_STEP][PASSED] - verifyElementText(findTestObject("Page_cabi Order Items/GetAttribute_getID"), findTestData("productData").getValue("Style", row), CONTINUE_ON_FAILURE): Actual text and expected text of test object 'Object Repository/Page_cabi Order Items/GetAttribute_getID' are matched.

2019-09-30 17:58:42 - [MESSAGE][PASSED] - Actual text and expected text of test object 'Object Repository/Page_cabi Order Items/GetAttribute_getID' are matched.

2019-09-30 17:58:42 - [TEST_STEP][PASSED] - colorOptions = findWebElements(findTestObject("Page_cabi Order Items/GetAttribute_Color"), 5): null

2019-09-30 17:58:42 - [TEST_STEP][PASSED] - println(colorOptions.size()): null

2019-09-30 17:58:42 - [TEST_STEP][PASSED] - expectedColour = findTestData("productData").getValue("Color", row): null

2019-09-30 17:58:42 - [TEST_STEP][PASSED] - println("expected colour is"): null

2019-09-30 17:58:42 - [TEST_STEP][PASSED] - println(expectedColour): null

2019-09-30 17:58:42 - [TEST_STEP][PASSED] - colourVerified = false: null

2019-09-30 17:58:42 - [TEST_STEP][PASSED] - for (org.openqa.selenium.WebElement op : colorOptions): null

2019-09-30 17:58:42 - [TEST_STEP][PASSED] - println(op.getText()): null

2019-09-30 17:58:42 - [TEST_STEP][PASSED] - if (expectedColour.equalsIgnoreCase(op.getText())): null

2019-09-30 17:58:42 - [TEST_STEP][PASSED] - colourVerified = true: null

2019-09-30 17:58:42 - [TEST_STEP][PASSED] - break: null

2019-09-30 17:58:42 - [TEST_STEP][PASSED] - sa.assertTrue(colourVerified): null

2019-09-30 17:58:42 - [TEST_STEP][PASSED] - getPrice = getText(findTestObject("Page_cabi Order Items/GetAttribute_Price")): Text of object 'Object Repository/Page_cabi Order Items/GetAttribute_Price' is: 'Price : $169.00'

2019-09-30 17:58:42 - [MESSAGE][PASSED] - Text of object 'Object Repository/Page_cabi Order Items/GetAttribute_Price' is: 'Price : $169.00'

2019-09-30 17:58:42 - [TEST_STEP][PASSED] - Split_Data = UtilityMethods.SplitData(getPrice): null

2019-09-30 17:58:42 - [TEST_STEP][PASSED] - verifyMatch(Split_Data, findTestData("productData").getValue("Retail", row), true, CONTINUE_ON_FAILURE): Actual text '169' and expected text '169' are matched  using regular expression

2019-09-30 17:58:42 - [MESSAGE][PASSED] - Actual text '169' and expected text '169' are matched  using regular expression

2019-09-30 17:58:42 - [TEST_STEP][PASSED] - sizeRange1 = ["XXS", "XS", "S", "M", "L", "XL"]: null

2019-09-30 17:58:42 - [TEST_STEP][PASSED] - sizeRange2 = ["00", "0", "2", "4", "6", "8", "10", "12", "14", "16"]: null

2019-09-30 17:58:42 - [TEST_STEP][PASSED] - sizeRange3 = ["Long", "Regular", "Short"]: null

2019-09-30 17:58:42 - [TEST_STEP][PASSED] - sizeRange4 = ["5", "6", "6.5", "7", "7.5", "8", "8.5", "9", "9.5", "10", "11"]: null

2019-09-30 17:58:42 - [TEST_STEP][PASSED] - sizeRange5 = ["XS/S", "M/L"]: null

2019-09-30 17:58:42 - [TEST_STEP][PASSED] - sizeRangeSplit = UtilityMethods.SplitSizes(findTestData("productData").getValue("SzRange", row)): null

2019-09-30 17:58:42 - [TEST_STEP][PASSED] - sizeType = getText(findTestObject("Object Repository/Page_cabi Order Items/Size")): Text of object 'Object Repository/Page_cabi Order Items/Size' is: 'Select'

2019-09-30 17:58:42 - [MESSAGE][PASSED] - Text of object 'Object Repository/Page_cabi Order Items/Size' is: 'Select'

2019-09-30 17:58:42 - [TEST_STEP][PASSED] - sizeOptions = findWebElements(findTestObject("Object Repository/Page_cabi Order Items/Size"), 5): null

2019-09-30 17:58:42 - [TEST_STEP][PASSED] - actualRange = new java.util.ArrayList(): null

2019-09-30 17:58:42 - [TEST_STEP][PASSED] - expectedRange = <not implemented yet for class: org.codehaus.groovy.ast.expr.EmptyExpression>: null

2019-09-30 17:58:42 - [TEST_STEP][PASSED] - if (sizeType.equalsIgnoreCase("Select")): null

2019-09-30 17:58:42 - [TEST_STEP][PASSED] - for ([i = 1, i < sizeOptions.size(), (i++)]): null

2019-09-30 17:58:42 - [TEST_STEP][PASSED] - actualRange.add(getAttribute("value").toString()): null

2019-09-30 17:58:42 - [TEST_STEP][PASSED] - actualRange.add(getAttribute("value").toString()): null

2019-09-30 17:58:42 - [TEST_STEP][PASSED] - actualRange.add(getAttribute("value").toString()): null

2019-09-30 17:58:42 - [TEST_STEP][PASSED] - actualRange.add(getAttribute("value").toString()): null

2019-09-30 17:58:42 - [TEST_STEP][PASSED] - actualRange.add(getAttribute("value").toString()): null

2019-09-30 17:58:42 - [TEST_STEP][PASSED] - if (toString().equalsIgnoreCase("XS") || toString().equalsIgnoreCase("XXS")): null

2019-09-30 17:58:42 - [TEST_STEP][PASSED] - expectedRange = UtilityMethods.getExpectedRange(sizeRange1, sizeRangeSplit): null

2019-09-30 17:58:42 - [TEST_STEP][PASSED] - println("XS"): null

2019-09-30 17:58:42 - [TEST_STEP][PASSED] - println(expectedRange.toString()): null

2019-09-30 17:58:42 - [TEST_STEP][PASSED] - sa.assertTrue(UtilityMethods.listEquals(expectedRange, actualRange)): null

2019-09-30 17:58:42 - [TEST_STEP][PASSED] - delay(2): Delayed 2 second(s)

2019-09-30 17:58:44 - [MESSAGE][PASSED] - Delayed 2 second(s)

2019-09-30 17:58:44 - [TEST_STEP][PASSED] - verifyElementText(findTestObject("Page_cabi Order Items/product_title"), findTestData("productData").getValue("Description", row), CONTINUE_ON_FAILURE): Actual text and expected text of test object 'Object Repository/Page_cabi Order Items/product_title' are matched.

2019-09-30 17:58:44 - [MESSAGE][PASSED] - Actual text and expected text of test object 'Object Repository/Page_cabi Order Items/product_title' are matched.

2019-09-30 17:58:44 - [TEST_STEP][PASSED] - verifyElementText(findTestObject("Page_cabi Order Items/product_fabric"), findTestData("productData").getValue("FinalContent", row), CONTINUE_ON_FAILURE): Actual text and expected text of test object 'Object Repository/Page_cabi Order Items/product_fabric' are matched.

2019-09-30 17:58:44 - [MESSAGE][PASSED] - Actual text and expected text of test object 'Object Repository/Page_cabi Order Items/product_fabric' are matched.

2019-09-30 17:58:44 - [TEST_STEP][PASSED] - actualCasreIntrn = "<div>" + getText(findTestObject("Page_cabi Order Items/care_instruction")) + "</div>": Text of object 'Object Repository/Page_cabi Order Items/care_instruction' is: 'Turn garment inside out and place in a mesh bag. Machine wash separately in cold water, on the delicate cycle. Only non-chlorine bleach if needed. Do not twist or wring. Lay flat to dry. Warm iron if needed. Can be washed by hand.'

2019-09-30 17:58:44 - [MESSAGE][PASSED] - Text of object 'Object Repository/Page_cabi Order Items/care_instruction' is: 'Turn garment inside out and place in a mesh bag. Machine wash separately in cold water, on the delicate cycle. Only non-chlorine bleach if needed. Do not twist or wring. Lay flat to dry. Warm iron if needed. Can be washed by hand.'

2019-09-30 17:58:44 - [TEST_STEP][PASSED] - sa.assertTrue(actualCasreIntrn.equals(findTestData("productData").getValue("CareInstr", row))): null

2019-09-30 17:58:44 - [TEST_STEP][PASSED] - sa = new org.testng.asserts.SoftAssert(): null

2019-09-30 17:58:44 - [TEST_STEP][PASSED] - setText(findTestObject("Object Repository/Page_cabi Order Items/input_New Arrivals - Blooming Blush_style"), findTestData("productData").getValue("Style", row)): Text '3857' is set on object 'Object Repository/Page_cabi Order Items/input_New Arrivals - Blooming Blush_style'

2019-09-30 17:58:44 - [MESSAGE][PASSED] - Text '3857' is set on object 'Object Repository/Page_cabi Order Items/input_New Arrivals - Blooming Blush_style'

2019-09-30 17:58:44 - [TEST_STEP][PASSED] - sendKeys(findTestObject("Object Repository/Page_cabi Order Items/input_New Arrivals - Blooming Blush_style"), Keys.chord(ENTER)): Keys 'ENTER + ' sent to object: 'Object Repository/Page_cabi Order Items/input_New Arrivals - Blooming Blush_style'

2019-09-30 17:58:44 - [MESSAGE][PASSED] - Keys 'ENTER + ' sent to object: 'Object Repository/Page_cabi Order Items/input_New Arrivals - Blooming Blush_style'

2019-09-30 17:58:44 - [TEST_STEP][PASSED] - delay(2): Delayed 2 second(s)

2019-09-30 17:58:46 - [MESSAGE][PASSED] - Delayed 2 second(s)

2019-09-30 17:58:46 - [TEST_STEP][PASSED] - executeJavaScript("arguments[0].click()", Arrays.asList(findWebElement(findTestObject("Object Repository/Page_cabi Order Items/input_New Arrivals - Blooming Blush_style"), 30))): Execute JavaScript 'arguments[0].click()' successfully

2019-09-30 17:58:46 - [MESSAGE][PASSED] - Execute JavaScript 'arguments[0].click()' successfully

2019-09-30 17:58:46 - [TEST_STEP][PASSED] - delay(2): Delayed 2 second(s)

2019-09-30 17:58:48 - [MESSAGE][PASSED] - Delayed 2 second(s)

2019-09-30 17:58:48 - [TEST_STEP][PASSED] - if (toString().equalsIgnoreCase("no")): null

2019-09-30 17:58:48 - [TEST_STEP][PASSED] - else: null

2019-09-30 17:58:48 - [TEST_STEP][PASSED] - click(findTestObject("Page_cabi Order Items/li_order_item")): Object: 'Object Repository/Page_cabi Order Items/li_order_item' is clicked on

2019-09-30 17:58:49 - [MESSAGE][PASSED] - Object: 'Object Repository/Page_cabi Order Items/li_order_item' is clicked on

2019-09-30 17:58:49 - [TEST_STEP][PASSED] - delay(5): Delayed 5 second(s)

2019-09-30 17:58:54 - [MESSAGE][PASSED] - Delayed 5 second(s)

2019-09-30 17:58:54 - [TEST_STEP][PASSED] - imgString1 = getValue("Style", row).toString(): null

2019-09-30 17:58:54 - [TEST_STEP][PASSED] - imagePath = UtilityMethods.createScreenshotImagePath(storeType, imgString1): null

2019-09-30 17:58:54 - [TEST_STEP][PASSED] - println(imagePath): null

2019-09-30 17:58:54 - [TEST_STEP][PASSED] - takeScreenshot(imagePath): Taking screenshot successfully

2019-09-30 17:58:54 - [MESSAGE][PASSED] - Taking screenshot successfully
[[ATTACHMENT|C:\\Users\\user\\Documents\\testautomation\\KatalonProjects\\productImages\\BOPersonal_3857 image.png]]

2019-09-30 17:58:54 - [TEST_STEP][PASSED] - verifyElementText(findTestObject("Page_cabi Order Items/GetAttribute_getID"), findTestData("productData").getValue("Style", row), CONTINUE_ON_FAILURE): Actual text and expected text of test object 'Object Repository/Page_cabi Order Items/GetAttribute_getID' are matched.

2019-09-30 17:58:54 - [MESSAGE][PASSED] - Actual text and expected text of test object 'Object Repository/Page_cabi Order Items/GetAttribute_getID' are matched.

2019-09-30 17:58:54 - [TEST_STEP][PASSED] - colorOptions = findWebElements(findTestObject("Page_cabi Order Items/GetAttribute_Color"), 5): null

2019-09-30 17:58:54 - [TEST_STEP][PASSED] - println(colorOptions.size()): null

2019-09-30 17:58:54 - [TEST_STEP][PASSED] - expectedColour = findTestData("productData").getValue("Color", row): null

2019-09-30 17:58:54 - [TEST_STEP][PASSED] - println("expected colour is"): null

2019-09-30 17:58:54 - [TEST_STEP][PASSED] - println(expectedColour): null

2019-09-30 17:58:54 - [TEST_STEP][PASSED] - colourVerified = false: null

2019-09-30 17:58:54 - [TEST_STEP][PASSED] - for (org.openqa.selenium.WebElement op : colorOptions): null

2019-09-30 17:58:54 - [TEST_STEP][PASSED] - println(op.getText()): null

2019-09-30 17:58:54 - [TEST_STEP][PASSED] - if (expectedColour.equalsIgnoreCase(op.getText())): null

2019-09-30 17:58:54 - [TEST_STEP][PASSED] - colourVerified = true: null

2019-09-30 17:58:54 - [TEST_STEP][PASSED] - break: null

2019-09-30 17:58:54 - [TEST_STEP][PASSED] - sa.assertTrue(colourVerified): null

2019-09-30 17:58:54 - [TEST_STEP][PASSED] - getPrice = getText(findTestObject("Page_cabi Order Items/GetAttribute_Price")): Text of object 'Object Repository/Page_cabi Order Items/GetAttribute_Price' is: 'Price : $84.00'

2019-09-30 17:58:54 - [MESSAGE][PASSED] - Text of object 'Object Repository/Page_cabi Order Items/GetAttribute_Price' is: 'Price : $84.00'

2019-09-30 17:58:54 - [TEST_STEP][PASSED] - Split_Data = UtilityMethods.SplitData(getPrice): null

2019-09-30 17:58:54 - [TEST_STEP][PASSED] - verifyMatch(Split_Data, findTestData("productData").getValue("Retail", row), true, CONTINUE_ON_FAILURE): Actual text '84' and expected text '84' are matched  using regular expression

2019-09-30 17:58:54 - [MESSAGE][PASSED] - Actual text '84' and expected text '84' are matched  using regular expression

2019-09-30 17:58:54 - [TEST_STEP][PASSED] - sizeRange1 = ["XXS", "XS", "S", "M", "L", "XL"]: null

2019-09-30 17:58:54 - [TEST_STEP][PASSED] - sizeRange2 = ["00", "0", "2", "4", "6", "8", "10", "12", "14", "16"]: null

2019-09-30 17:58:54 - [TEST_STEP][PASSED] - sizeRange3 = ["Long", "Regular", "Short"]: null

2019-09-30 17:58:54 - [TEST_STEP][PASSED] - sizeRange4 = ["5", "6", "6.5", "7", "7.5", "8", "8.5", "9", "9.5", "10", "11"]: null

2019-09-30 17:58:54 - [TEST_STEP][PASSED] - sizeRange5 = ["XS/S", "M/L"]: null

2019-09-30 17:58:54 - [TEST_STEP][PASSED] - sizeRangeSplit = UtilityMethods.SplitSizes(findTestData("productData").getValue("SzRange", row)): null

2019-09-30 17:58:54 - [TEST_STEP][PASSED] - sizeType = getText(findTestObject("Object Repository/Page_cabi Order Items/Size")): Text of object 'Object Repository/Page_cabi Order Items/Size' is: 'Select'

2019-09-30 17:58:54 - [MESSAGE][PASSED] - Text of object 'Object Repository/Page_cabi Order Items/Size' is: 'Select'

2019-09-30 17:58:54 - [TEST_STEP][PASSED] - sizeOptions = findWebElements(findTestObject("Object Repository/Page_cabi Order Items/Size"), 5): null

2019-09-30 17:58:54 - [TEST_STEP][PASSED] - actualRange = new java.util.ArrayList(): null

2019-09-30 17:58:54 - [TEST_STEP][PASSED] - expectedRange = <not implemented yet for class: org.codehaus.groovy.ast.expr.EmptyExpression>: null

2019-09-30 17:58:54 - [TEST_STEP][PASSED] - if (sizeType.equalsIgnoreCase("Select")): null

2019-09-30 17:58:54 - [TEST_STEP][PASSED] - for ([i = 1, i < sizeOptions.size(), (i++)]): null

2019-09-30 17:58:54 - [TEST_STEP][PASSED] - actualRange.add(getAttribute("value").toString()): null

2019-09-30 17:58:54 - [TEST_STEP][PASSED] - actualRange.add(getAttribute("value").toString()): null

2019-09-30 17:58:54 - [TEST_STEP][PASSED] - actualRange.add(getAttribute("value").toString()): null

2019-09-30 17:58:54 - [TEST_STEP][PASSED] - actualRange.add(getAttribute("value").toString()): null

2019-09-30 17:58:54 - [TEST_STEP][PASSED] - actualRange.add(getAttribute("value").toString()): null

2019-09-30 17:58:54 - [TEST_STEP][PASSED] - if (toString().equalsIgnoreCase("XS") || toString().equalsIgnoreCase("XXS")): null

2019-09-30 17:58:54 - [TEST_STEP][PASSED] - expectedRange = UtilityMethods.getExpectedRange(sizeRange1, sizeRangeSplit): null

2019-09-30 17:58:54 - [TEST_STEP][PASSED] - println("XS"): null

2019-09-30 17:58:54 - [TEST_STEP][PASSED] - println(expectedRange.toString()): null

2019-09-30 17:58:54 - [TEST_STEP][PASSED] - sa.assertTrue(UtilityMethods.listEquals(expectedRange, actualRange)): null

2019-09-30 17:58:54 - [TEST_STEP][PASSED] - delay(2): Delayed 2 second(s)

2019-09-30 17:58:56 - [MESSAGE][PASSED] - Delayed 2 second(s)

2019-09-30 17:58:56 - [TEST_STEP][PASSED] - verifyElementText(findTestObject("Page_cabi Order Items/product_title"), findTestData("productData").getValue("Description", row), CONTINUE_ON_FAILURE): Actual text and expected text of test object 'Object Repository/Page_cabi Order Items/product_title' are matched.

2019-09-30 17:58:56 - [MESSAGE][PASSED] - Actual text and expected text of test object 'Object Repository/Page_cabi Order Items/product_title' are matched.

2019-09-30 17:58:56 - [TEST_STEP][PASSED] - verifyElementText(findTestObject("Page_cabi Order Items/product_fabric"), findTestData("productData").getValue("FinalContent", row), CONTINUE_ON_FAILURE): Actual text and expected text of test object 'Object Repository/Page_cabi Order Items/product_fabric' are matched.

2019-09-30 17:58:56 - [MESSAGE][PASSED] - Actual text and expected text of test object 'Object Repository/Page_cabi Order Items/product_fabric' are matched.

2019-09-30 17:58:56 - [TEST_STEP][PASSED] - actualCasreIntrn = "<div>" + getText(findTestObject("Page_cabi Order Items/care_instruction")) + "</div>": Text of object 'Object Repository/Page_cabi Order Items/care_instruction' is: 'Wash by hand separately with cold water. Only non-chlorine bleach if needed. Do not twist or wring. Lay flat to dry. Steam iron only if needed. Can be dry cleaned.'

2019-09-30 17:58:56 - [MESSAGE][PASSED] - Text of object 'Object Repository/Page_cabi Order Items/care_instruction' is: 'Wash by hand separately with cold water. Only non-chlorine bleach if needed. Do not twist or wring. Lay flat to dry. Steam iron only if needed. Can be dry cleaned.'

2019-09-30 17:58:56 - [TEST_STEP][PASSED] - sa.assertTrue(actualCasreIntrn.equals(findTestData("productData").getValue("CareInstr", row))): null

2019-09-30 17:58:56 - [TEST_STEP][PASSED] - sa = new org.testng.asserts.SoftAssert(): null

2019-09-30 17:58:56 - [TEST_STEP][PASSED] - setText(findTestObject("Object Repository/Page_cabi Order Items/input_New Arrivals - Blooming Blush_style"), findTestData("productData").getValue("Style", row)): Text '3861' is set on object 'Object Repository/Page_cabi Order Items/input_New Arrivals - Blooming Blush_style'

2019-09-30 17:58:56 - [MESSAGE][PASSED] - Text '3861' is set on object 'Object Repository/Page_cabi Order Items/input_New Arrivals - Blooming Blush_style'

2019-09-30 17:58:56 - [TEST_STEP][PASSED] - sendKeys(findTestObject("Object Repository/Page_cabi Order Items/input_New Arrivals - Blooming Blush_style"), Keys.chord(ENTER)): Keys 'ENTER + ' sent to object: 'Object Repository/Page_cabi Order Items/input_New Arrivals - Blooming Blush_style'

2019-09-30 17:58:56 - [MESSAGE][PASSED] - Keys 'ENTER + ' sent to object: 'Object Repository/Page_cabi Order Items/input_New Arrivals - Blooming Blush_style'

2019-09-30 17:58:56 - [TEST_STEP][PASSED] - delay(2): Delayed 2 second(s)

2019-09-30 17:58:58 - [MESSAGE][PASSED] - Delayed 2 second(s)

2019-09-30 17:58:58 - [TEST_STEP][PASSED] - executeJavaScript("arguments[0].click()", Arrays.asList(findWebElement(findTestObject("Object Repository/Page_cabi Order Items/input_New Arrivals - Blooming Blush_style"), 30))): Execute JavaScript 'arguments[0].click()' successfully

2019-09-30 17:58:59 - [MESSAGE][PASSED] - Execute JavaScript 'arguments[0].click()' successfully

2019-09-30 17:58:59 - [TEST_STEP][PASSED] - delay(2): Delayed 2 second(s)

2019-09-30 17:59:01 - [MESSAGE][PASSED] - Delayed 2 second(s)

2019-09-30 17:59:01 - [TEST_STEP][PASSED] - if (toString().equalsIgnoreCase("no")): null

2019-09-30 17:59:01 - [TEST_STEP][PASSED] - else: null

2019-09-30 17:59:01 - [TEST_STEP][PASSED] - click(findTestObject("Page_cabi Order Items/li_order_item")): Object: 'Object Repository/Page_cabi Order Items/li_order_item' is clicked on

2019-09-30 17:59:01 - [MESSAGE][PASSED] - Object: 'Object Repository/Page_cabi Order Items/li_order_item' is clicked on

2019-09-30 17:59:01 - [TEST_STEP][PASSED] - delay(5): Delayed 5 second(s)

2019-09-30 17:59:06 - [MESSAGE][PASSED] - Delayed 5 second(s)

2019-09-30 17:59:06 - [TEST_STEP][PASSED] - imgString1 = getValue("Style", row).toString(): null

2019-09-30 17:59:06 - [TEST_STEP][PASSED] - imagePath = UtilityMethods.createScreenshotImagePath(storeType, imgString1): null

2019-09-30 17:59:06 - [TEST_STEP][PASSED] - println(imagePath): null

2019-09-30 17:59:06 - [TEST_STEP][PASSED] - takeScreenshot(imagePath): Taking screenshot successfully

2019-09-30 17:59:06 - [MESSAGE][PASSED] - Taking screenshot successfully
[[ATTACHMENT|C:\\Users\\user\\Documents\\testautomation\\KatalonProjects\\productImages\\BOPersonal_3861 image.png]]

2019-09-30 17:59:06 - [TEST_STEP][PASSED] - verifyElementText(findTestObject("Page_cabi Order Items/GetAttribute_getID"), findTestData("productData").getValue("Style", row), CONTINUE_ON_FAILURE): Actual text and expected text of test object 'Object Repository/Page_cabi Order Items/GetAttribute_getID' are matched.

2019-09-30 17:59:06 - [MESSAGE][PASSED] - Actual text and expected text of test object 'Object Repository/Page_cabi Order Items/GetAttribute_getID' are matched.

2019-09-30 17:59:06 - [TEST_STEP][PASSED] - colorOptions = findWebElements(findTestObject("Page_cabi Order Items/GetAttribute_Color"), 5): null

2019-09-30 17:59:06 - [TEST_STEP][PASSED] - println(colorOptions.size()): null

2019-09-30 17:59:06 - [TEST_STEP][PASSED] - expectedColour = findTestData("productData").getValue("Color", row): null

2019-09-30 17:59:06 - [TEST_STEP][PASSED] - println("expected colour is"): null

2019-09-30 17:59:06 - [TEST_STEP][PASSED] - println(expectedColour): null

2019-09-30 17:59:06 - [TEST_STEP][PASSED] - colourVerified = false: null

2019-09-30 17:59:06 - [TEST_STEP][PASSED] - for (org.openqa.selenium.WebElement op : colorOptions): null

2019-09-30 17:59:06 - [TEST_STEP][PASSED] - println(op.getText()): null

2019-09-30 17:59:06 - [TEST_STEP][PASSED] - if (expectedColour.equalsIgnoreCase(op.getText())): null

2019-09-30 17:59:06 - [TEST_STEP][PASSED] - colourVerified = true: null

2019-09-30 17:59:06 - [TEST_STEP][PASSED] - break: null

2019-09-30 17:59:06 - [TEST_STEP][PASSED] - sa.assertTrue(colourVerified): null

2019-09-30 17:59:06 - [TEST_STEP][PASSED] - getPrice = getText(findTestObject("Page_cabi Order Items/GetAttribute_Price")): Text of object 'Object Repository/Page_cabi Order Items/GetAttribute_Price' is: 'Price : $89.00'

2019-09-30 17:59:06 - [MESSAGE][PASSED] - Text of object 'Object Repository/Page_cabi Order Items/GetAttribute_Price' is: 'Price : $89.00'

2019-09-30 17:59:06 - [TEST_STEP][PASSED] - Split_Data = UtilityMethods.SplitData(getPrice): null

2019-09-30 17:59:06 - [TEST_STEP][PASSED] - verifyMatch(Split_Data, findTestData("productData").getValue("Retail", row), true, CONTINUE_ON_FAILURE): Actual text '89' and expected text '89' are matched  using regular expression

2019-09-30 17:59:06 - [MESSAGE][PASSED] - Actual text '89' and expected text '89' are matched  using regular expression

2019-09-30 17:59:06 - [TEST_STEP][PASSED] - sizeRange1 = ["XXS", "XS", "S", "M", "L", "XL"]: null

2019-09-30 17:59:06 - [TEST_STEP][PASSED] - sizeRange2 = ["00", "0", "2", "4", "6", "8", "10", "12", "14", "16"]: null

2019-09-30 17:59:06 - [TEST_STEP][PASSED] - sizeRange3 = ["Long", "Regular", "Short"]: null

2019-09-30 17:59:06 - [TEST_STEP][PASSED] - sizeRange4 = ["5", "6", "6.5", "7", "7.5", "8", "8.5", "9", "9.5", "10", "11"]: null

2019-09-30 17:59:06 - [TEST_STEP][PASSED] - sizeRange5 = ["XS/S", "M/L"]: null

2019-09-30 17:59:06 - [TEST_STEP][PASSED] - sizeRangeSplit = UtilityMethods.SplitSizes(findTestData("productData").getValue("SzRange", row)): null

2019-09-30 17:59:06 - [TEST_STEP][PASSED] - sizeType = getText(findTestObject("Object Repository/Page_cabi Order Items/Size")): Text of object 'Object Repository/Page_cabi Order Items/Size' is: 'Select'

2019-09-30 17:59:06 - [MESSAGE][PASSED] - Text of object 'Object Repository/Page_cabi Order Items/Size' is: 'Select'

2019-09-30 17:59:06 - [TEST_STEP][PASSED] - sizeOptions = findWebElements(findTestObject("Object Repository/Page_cabi Order Items/Size"), 5): null

2019-09-30 17:59:06 - [TEST_STEP][PASSED] - actualRange = new java.util.ArrayList(): null

2019-09-30 17:59:06 - [TEST_STEP][PASSED] - expectedRange = <not implemented yet for class: org.codehaus.groovy.ast.expr.EmptyExpression>: null

2019-09-30 17:59:06 - [TEST_STEP][PASSED] - if (sizeType.equalsIgnoreCase("Select")): null

2019-09-30 17:59:06 - [TEST_STEP][PASSED] - for ([i = 1, i < sizeOptions.size(), (i++)]): null

2019-09-30 17:59:06 - [TEST_STEP][PASSED] - actualRange.add(getAttribute("value").toString()): null

2019-09-30 17:59:06 - [TEST_STEP][PASSED] - actualRange.add(getAttribute("value").toString()): null

2019-09-30 17:59:06 - [TEST_STEP][PASSED] - actualRange.add(getAttribute("value").toString()): null

2019-09-30 17:59:06 - [TEST_STEP][PASSED] - actualRange.add(getAttribute("value").toString()): null

2019-09-30 17:59:06 - [TEST_STEP][PASSED] - actualRange.add(getAttribute("value").toString()): null

2019-09-30 17:59:06 - [TEST_STEP][PASSED] - if (toString().equalsIgnoreCase("XS") || toString().equalsIgnoreCase("XXS")): null

2019-09-30 17:59:06 - [TEST_STEP][PASSED] - expectedRange = UtilityMethods.getExpectedRange(sizeRange1, sizeRangeSplit): null

2019-09-30 17:59:06 - [TEST_STEP][PASSED] - println("XS"): null

2019-09-30 17:59:06 - [TEST_STEP][PASSED] - println(expectedRange.toString()): null

2019-09-30 17:59:06 - [TEST_STEP][PASSED] - sa.assertTrue(UtilityMethods.listEquals(expectedRange, actualRange)): null

2019-09-30 17:59:06 - [TEST_STEP][PASSED] - delay(2): Delayed 2 second(s)

2019-09-30 17:59:08 - [MESSAGE][PASSED] - Delayed 2 second(s)

2019-09-30 17:59:08 - [TEST_STEP][PASSED] - verifyElementText(findTestObject("Page_cabi Order Items/product_title"), findTestData("productData").getValue("Description", row), CONTINUE_ON_FAILURE): Actual text and expected text of test object 'Object Repository/Page_cabi Order Items/product_title' are matched.

2019-09-30 17:59:09 - [MESSAGE][PASSED] - Actual text and expected text of test object 'Object Repository/Page_cabi Order Items/product_title' are matched.

2019-09-30 17:59:09 - [TEST_STEP][PASSED] - verifyElementText(findTestObject("Page_cabi Order Items/product_fabric"), findTestData("productData").getValue("FinalContent", row), CONTINUE_ON_FAILURE): Actual text and expected text of test object 'Object Repository/Page_cabi Order Items/product_fabric' are matched.

2019-09-30 17:59:09 - [MESSAGE][PASSED] - Actual text and expected text of test object 'Object Repository/Page_cabi Order Items/product_fabric' are matched.

2019-09-30 17:59:09 - [TEST_STEP][PASSED] - actualCasreIntrn = "<div>" + getText(findTestObject("Page_cabi Order Items/care_instruction")) + "</div>": Text of object 'Object Repository/Page_cabi Order Items/care_instruction' is: 'Machine wash with like colors in cold water on the delicate cycle. Only non-chlorine bleach if needed. Lay flat to dry. Warm iron if needed.'

2019-09-30 17:59:09 - [MESSAGE][PASSED] - Text of object 'Object Repository/Page_cabi Order Items/care_instruction' is: 'Machine wash with like colors in cold water on the delicate cycle. Only non-chlorine bleach if needed. Lay flat to dry. Warm iron if needed.'

2019-09-30 17:59:09 - [TEST_STEP][PASSED] - sa.assertTrue(actualCasreIntrn.equals(findTestData("productData").getValue("CareInstr", row))): null

2019-09-30 17:59:09 - [TEST_STEP][PASSED] - sa = new org.testng.asserts.SoftAssert(): null

2019-09-30 17:59:09 - [TEST_STEP][PASSED] - setText(findTestObject("Object Repository/Page_cabi Order Items/input_New Arrivals - Blooming Blush_style"), findTestData("productData").getValue("Style", row)): Text '3863' is set on object 'Object Repository/Page_cabi Order Items/input_New Arrivals - Blooming Blush_style'

2019-09-30 17:59:09 - [MESSAGE][PASSED] - Text '3863' is set on object 'Object Repository/Page_cabi Order Items/input_New Arrivals - Blooming Blush_style'

2019-09-30 17:59:09 - [TEST_STEP][PASSED] - sendKeys(findTestObject("Object Repository/Page_cabi Order Items/input_New Arrivals - Blooming Blush_style"), Keys.chord(ENTER)): Keys 'ENTER + ' sent to object: 'Object Repository/Page_cabi Order Items/input_New Arrivals - Blooming Blush_style'

2019-09-30 17:59:09 - [MESSAGE][PASSED] - Keys 'ENTER + ' sent to object: 'Object Repository/Page_cabi Order Items/input_New Arrivals - Blooming Blush_style'

2019-09-30 17:59:09 - [TEST_STEP][PASSED] - delay(2): Delayed 2 second(s)

2019-09-30 17:59:11 - [MESSAGE][PASSED] - Delayed 2 second(s)

2019-09-30 17:59:11 - [TEST_STEP][PASSED] - executeJavaScript("arguments[0].click()", Arrays.asList(findWebElement(findTestObject("Object Repository/Page_cabi Order Items/input_New Arrivals - Blooming Blush_style"), 30))): Execute JavaScript 'arguments[0].click()' successfully

2019-09-30 17:59:11 - [MESSAGE][PASSED] - Execute JavaScript 'arguments[0].click()' successfully

2019-09-30 17:59:11 - [TEST_STEP][PASSED] - delay(2): Delayed 2 second(s)

2019-09-30 17:59:13 - [MESSAGE][PASSED] - Delayed 2 second(s)

2019-09-30 17:59:13 - [TEST_STEP][PASSED] - if (toString().equalsIgnoreCase("no")): null

2019-09-30 17:59:13 - [TEST_STEP][PASSED] - else: null

2019-09-30 17:59:13 - [TEST_STEP][PASSED] - click(findTestObject("Page_cabi Order Items/li_order_item")): Object: 'Object Repository/Page_cabi Order Items/li_order_item' is clicked on

2019-09-30 17:59:13 - [MESSAGE][PASSED] - Object: 'Object Repository/Page_cabi Order Items/li_order_item' is clicked on

2019-09-30 17:59:13 - [TEST_STEP][PASSED] - delay(5): Delayed 5 second(s)

2019-09-30 17:59:18 - [MESSAGE][PASSED] - Delayed 5 second(s)

2019-09-30 17:59:18 - [TEST_STEP][PASSED] - imgString1 = getValue("Style", row).toString(): null

2019-09-30 17:59:18 - [TEST_STEP][PASSED] - imagePath = UtilityMethods.createScreenshotImagePath(storeType, imgString1): null

2019-09-30 17:59:18 - [TEST_STEP][PASSED] - println(imagePath): null

2019-09-30 17:59:18 - [TEST_STEP][PASSED] - takeScreenshot(imagePath): Taking screenshot successfully

2019-09-30 17:59:18 - [MESSAGE][PASSED] - Taking screenshot successfully
[[ATTACHMENT|C:\\Users\\user\\Documents\\testautomation\\KatalonProjects\\productImages\\BOPersonal_3863 image.png]]

2019-09-30 17:59:18 - [TEST_STEP][PASSED] - verifyElementText(findTestObject("Page_cabi Order Items/GetAttribute_getID"), findTestData("productData").getValue("Style", row), CONTINUE_ON_FAILURE): Actual text and expected text of test object 'Object Repository/Page_cabi Order Items/GetAttribute_getID' are matched.

2019-09-30 17:59:18 - [MESSAGE][PASSED] - Actual text and expected text of test object 'Object Repository/Page_cabi Order Items/GetAttribute_getID' are matched.

2019-09-30 17:59:18 - [TEST_STEP][PASSED] - colorOptions = findWebElements(findTestObject("Page_cabi Order Items/GetAttribute_Color"), 5): null

2019-09-30 17:59:18 - [TEST_STEP][PASSED] - println(colorOptions.size()): null

2019-09-30 17:59:18 - [TEST_STEP][PASSED] - expectedColour = findTestData("productData").getValue("Color", row): null

2019-09-30 17:59:18 - [TEST_STEP][PASSED] - println("expected colour is"): null

2019-09-30 17:59:18 - [TEST_STEP][PASSED] - println(expectedColour): null

2019-09-30 17:59:18 - [TEST_STEP][PASSED] - colourVerified = false: null

2019-09-30 17:59:18 - [TEST_STEP][PASSED] - for (org.openqa.selenium.WebElement op : colorOptions): null

2019-09-30 17:59:18 - [TEST_STEP][PASSED] - println(op.getText()): null

2019-09-30 17:59:18 - [TEST_STEP][PASSED] - if (expectedColour.equalsIgnoreCase(op.getText())): null

2019-09-30 17:59:18 - [TEST_STEP][PASSED] - colourVerified = true: null

2019-09-30 17:59:18 - [TEST_STEP][PASSED] - break: null

2019-09-30 17:59:18 - [TEST_STEP][PASSED] - sa.assertTrue(colourVerified): null

2019-09-30 17:59:18 - [TEST_STEP][PASSED] - getPrice = getText(findTestObject("Page_cabi Order Items/GetAttribute_Price")): Text of object 'Object Repository/Page_cabi Order Items/GetAttribute_Price' is: 'Price : $84.00'

2019-09-30 17:59:18 - [MESSAGE][PASSED] - Text of object 'Object Repository/Page_cabi Order Items/GetAttribute_Price' is: 'Price : $84.00'

2019-09-30 17:59:18 - [TEST_STEP][PASSED] - Split_Data = UtilityMethods.SplitData(getPrice): null

2019-09-30 17:59:18 - [TEST_STEP][PASSED] - verifyMatch(Split_Data, findTestData("productData").getValue("Retail", row), true, CONTINUE_ON_FAILURE): Actual text '84' and expected text '84' are matched  using regular expression

2019-09-30 17:59:19 - [MESSAGE][PASSED] - Actual text '84' and expected text '84' are matched  using regular expression

2019-09-30 17:59:19 - [TEST_STEP][PASSED] - sizeRange1 = ["XXS", "XS", "S", "M", "L", "XL"]: null

2019-09-30 17:59:19 - [TEST_STEP][PASSED] - sizeRange2 = ["00", "0", "2", "4", "6", "8", "10", "12", "14", "16"]: null

2019-09-30 17:59:19 - [TEST_STEP][PASSED] - sizeRange3 = ["Long", "Regular", "Short"]: null

2019-09-30 17:59:19 - [TEST_STEP][PASSED] - sizeRange4 = ["5", "6", "6.5", "7", "7.5", "8", "8.5", "9", "9.5", "10", "11"]: null

2019-09-30 17:59:19 - [TEST_STEP][PASSED] - sizeRange5 = ["XS/S", "M/L"]: null

2019-09-30 17:59:19 - [TEST_STEP][PASSED] - sizeRangeSplit = UtilityMethods.SplitSizes(findTestData("productData").getValue("SzRange", row)): null

2019-09-30 17:59:19 - [TEST_STEP][PASSED] - sizeType = getText(findTestObject("Object Repository/Page_cabi Order Items/Size")): Text of object 'Object Repository/Page_cabi Order Items/Size' is: 'Select'

2019-09-30 17:59:19 - [MESSAGE][PASSED] - Text of object 'Object Repository/Page_cabi Order Items/Size' is: 'Select'

2019-09-30 17:59:19 - [TEST_STEP][PASSED] - sizeOptions = findWebElements(findTestObject("Object Repository/Page_cabi Order Items/Size"), 5): null

2019-09-30 17:59:19 - [TEST_STEP][PASSED] - actualRange = new java.util.ArrayList(): null

2019-09-30 17:59:19 - [TEST_STEP][PASSED] - expectedRange = <not implemented yet for class: org.codehaus.groovy.ast.expr.EmptyExpression>: null

2019-09-30 17:59:19 - [TEST_STEP][PASSED] - if (sizeType.equalsIgnoreCase("Select")): null

2019-09-30 17:59:19 - [TEST_STEP][PASSED] - for ([i = 1, i < sizeOptions.size(), (i++)]): null

2019-09-30 17:59:19 - [TEST_STEP][PASSED] - actualRange.add(getAttribute("value").toString()): null

2019-09-30 17:59:19 - [TEST_STEP][PASSED] - actualRange.add(getAttribute("value").toString()): null

2019-09-30 17:59:19 - [TEST_STEP][PASSED] - actualRange.add(getAttribute("value").toString()): null

2019-09-30 17:59:19 - [TEST_STEP][PASSED] - actualRange.add(getAttribute("value").toString()): null

2019-09-30 17:59:19 - [TEST_STEP][PASSED] - actualRange.add(getAttribute("value").toString()): null

2019-09-30 17:59:19 - [TEST_STEP][PASSED] - if (toString().equalsIgnoreCase("XS") || toString().equalsIgnoreCase("XXS")): null

2019-09-30 17:59:19 - [TEST_STEP][PASSED] - expectedRange = UtilityMethods.getExpectedRange(sizeRange1, sizeRangeSplit): null

2019-09-30 17:59:19 - [TEST_STEP][PASSED] - println("XS"): null

2019-09-30 17:59:19 - [TEST_STEP][PASSED] - println(expectedRange.toString()): null

2019-09-30 17:59:19 - [TEST_STEP][PASSED] - sa.assertTrue(UtilityMethods.listEquals(expectedRange, actualRange)): null

2019-09-30 17:59:19 - [TEST_STEP][PASSED] - delay(2): Delayed 2 second(s)

2019-09-30 17:59:21 - [MESSAGE][PASSED] - Delayed 2 second(s)

2019-09-30 17:59:21 - [TEST_STEP][PASSED] - verifyElementText(findTestObject("Page_cabi Order Items/product_title"), findTestData("productData").getValue("Description", row), CONTINUE_ON_FAILURE): Actual text and expected text of test object 'Object Repository/Page_cabi Order Items/product_title' are matched.

2019-09-30 17:59:21 - [MESSAGE][PASSED] - Actual text and expected text of test object 'Object Repository/Page_cabi Order Items/product_title' are matched.

2019-09-30 17:59:21 - [TEST_STEP][PASSED] - verifyElementText(findTestObject("Page_cabi Order Items/product_fabric"), findTestData("productData").getValue("FinalContent", row), CONTINUE_ON_FAILURE): Actual text and expected text of test object 'Object Repository/Page_cabi Order Items/product_fabric' are matched.

2019-09-30 17:59:21 - [MESSAGE][PASSED] - Actual text and expected text of test object 'Object Repository/Page_cabi Order Items/product_fabric' are matched.

2019-09-30 17:59:21 - [TEST_STEP][PASSED] - actualCasreIntrn = "<div>" + getText(findTestObject("Page_cabi Order Items/care_instruction")) + "</div>": Text of object 'Object Repository/Page_cabi Order Items/care_instruction' is: 'Machine wash with like colors in cold water on the delicate cycle. Only non-chlorine bleach if needed. Lay flat to dry. Warm iron if needed.'

2019-09-30 17:59:21 - [MESSAGE][PASSED] - Text of object 'Object Repository/Page_cabi Order Items/care_instruction' is: 'Machine wash with like colors in cold water on the delicate cycle. Only non-chlorine bleach if needed. Lay flat to dry. Warm iron if needed.'

2019-09-30 17:59:21 - [TEST_STEP][PASSED] - sa.assertTrue(actualCasreIntrn.equals(findTestData("productData").getValue("CareInstr", row))): null

2019-09-30 17:59:21 - [TEST_STEP][PASSED] - sa = new org.testng.asserts.SoftAssert(): null

2019-09-30 17:59:21 - [TEST_STEP][PASSED] - setText(findTestObject("Object Repository/Page_cabi Order Items/input_New Arrivals - Blooming Blush_style"), findTestData("productData").getValue("Style", row)): Text '3864' is set on object 'Object Repository/Page_cabi Order Items/input_New Arrivals - Blooming Blush_style'

2019-09-30 17:59:21 - [MESSAGE][PASSED] - Text '3864' is set on object 'Object Repository/Page_cabi Order Items/input_New Arrivals - Blooming Blush_style'

2019-09-30 17:59:21 - [TEST_STEP][PASSED] - sendKeys(findTestObject("Object Repository/Page_cabi Order Items/input_New Arrivals - Blooming Blush_style"), Keys.chord(ENTER)): Keys 'ENTER + ' sent to object: 'Object Repository/Page_cabi Order Items/input_New Arrivals - Blooming Blush_style'

2019-09-30 17:59:21 - [MESSAGE][PASSED] - Keys 'ENTER + ' sent to object: 'Object Repository/Page_cabi Order Items/input_New Arrivals - Blooming Blush_style'

2019-09-30 17:59:21 - [TEST_STEP][PASSED] - delay(2): Delayed 2 second(s)

2019-09-30 17:59:23 - [MESSAGE][PASSED] - Delayed 2 second(s)

2019-09-30 17:59:23 - [TEST_STEP][PASSED] - executeJavaScript("arguments[0].click()", Arrays.asList(findWebElement(findTestObject("Object Repository/Page_cabi Order Items/input_New Arrivals - Blooming Blush_style"), 30))): Execute JavaScript 'arguments[0].click()' successfully

2019-09-30 17:59:23 - [MESSAGE][PASSED] - Execute JavaScript 'arguments[0].click()' successfully

2019-09-30 17:59:23 - [TEST_STEP][PASSED] - delay(2): Delayed 2 second(s)

2019-09-30 17:59:25 - [MESSAGE][PASSED] - Delayed 2 second(s)

2019-09-30 17:59:25 - [TEST_STEP][PASSED] - if (toString().equalsIgnoreCase("no")): null

2019-09-30 17:59:25 - [TEST_STEP][PASSED] - else: null

2019-09-30 17:59:25 - [TEST_STEP][PASSED] - click(findTestObject("Page_cabi Order Items/li_order_item")): Object: 'Object Repository/Page_cabi Order Items/li_order_item' is clicked on

2019-09-30 17:59:25 - [MESSAGE][PASSED] - Object: 'Object Repository/Page_cabi Order Items/li_order_item' is clicked on

2019-09-30 17:59:25 - [TEST_STEP][PASSED] - delay(5): Delayed 5 second(s)

2019-09-30 17:59:30 - [MESSAGE][PASSED] - Delayed 5 second(s)

2019-09-30 17:59:30 - [TEST_STEP][PASSED] - imgString1 = getValue("Style", row).toString(): null

2019-09-30 17:59:30 - [TEST_STEP][PASSED] - imagePath = UtilityMethods.createScreenshotImagePath(storeType, imgString1): null

2019-09-30 17:59:30 - [TEST_STEP][PASSED] - println(imagePath): null

2019-09-30 17:59:30 - [TEST_STEP][PASSED] - takeScreenshot(imagePath): Taking screenshot successfully

2019-09-30 17:59:31 - [MESSAGE][PASSED] - Taking screenshot successfully
[[ATTACHMENT|C:\\Users\\user\\Documents\\testautomation\\KatalonProjects\\productImages\\BOPersonal_3864 image.png]]

2019-09-30 17:59:31 - [TEST_STEP][PASSED] - verifyElementText(findTestObject("Page_cabi Order Items/GetAttribute_getID"), findTestData("productData").getValue("Style", row), CONTINUE_ON_FAILURE): Actual text and expected text of test object 'Object Repository/Page_cabi Order Items/GetAttribute_getID' are matched.

2019-09-30 17:59:31 - [MESSAGE][PASSED] - Actual text and expected text of test object 'Object Repository/Page_cabi Order Items/GetAttribute_getID' are matched.

2019-09-30 17:59:31 - [TEST_STEP][PASSED] - colorOptions = findWebElements(findTestObject("Page_cabi Order Items/GetAttribute_Color"), 5): null

2019-09-30 17:59:31 - [TEST_STEP][PASSED] - println(colorOptions.size()): null

2019-09-30 17:59:31 - [TEST_STEP][PASSED] - expectedColour = findTestData("productData").getValue("Color", row): null

2019-09-30 17:59:31 - [TEST_STEP][PASSED] - println("expected colour is"): null

2019-09-30 17:59:31 - [TEST_STEP][PASSED] - println(expectedColour): null

2019-09-30 17:59:31 - [TEST_STEP][PASSED] - colourVerified = false: null

2019-09-30 17:59:31 - [TEST_STEP][PASSED] - for (org.openqa.selenium.WebElement op : colorOptions): null

2019-09-30 17:59:31 - [TEST_STEP][PASSED] - println(op.getText()): null

2019-09-30 17:59:31 - [TEST_STEP][PASSED] - if (expectedColour.equalsIgnoreCase(op.getText())): null

2019-09-30 17:59:31 - [TEST_STEP][PASSED] - colourVerified = true: null

2019-09-30 17:59:31 - [TEST_STEP][PASSED] - break: null

2019-09-30 17:59:31 - [TEST_STEP][PASSED] - sa.assertTrue(colourVerified): null

2019-09-30 17:59:31 - [TEST_STEP][PASSED] - getPrice = getText(findTestObject("Page_cabi Order Items/GetAttribute_Price")): Text of object 'Object Repository/Page_cabi Order Items/GetAttribute_Price' is: 'Price : $79.00'

2019-09-30 17:59:31 - [MESSAGE][PASSED] - Text of object 'Object Repository/Page_cabi Order Items/GetAttribute_Price' is: 'Price : $79.00'

2019-09-30 17:59:31 - [TEST_STEP][PASSED] - Split_Data = UtilityMethods.SplitData(getPrice): null

2019-09-30 17:59:31 - [TEST_STEP][PASSED] - verifyMatch(Split_Data, findTestData("productData").getValue("Retail", row), true, CONTINUE_ON_FAILURE): Actual text '79' and expected text '79' are matched  using regular expression

2019-09-30 17:59:31 - [MESSAGE][PASSED] - Actual text '79' and expected text '79' are matched  using regular expression

2019-09-30 17:59:31 - [TEST_STEP][PASSED] - sizeRange1 = ["XXS", "XS", "S", "M", "L", "XL"]: null

2019-09-30 17:59:31 - [TEST_STEP][PASSED] - sizeRange2 = ["00", "0", "2", "4", "6", "8", "10", "12", "14", "16"]: null

2019-09-30 17:59:31 - [TEST_STEP][PASSED] - sizeRange3 = ["Long", "Regular", "Short"]: null

2019-09-30 17:59:31 - [TEST_STEP][PASSED] - sizeRange4 = ["5", "6", "6.5", "7", "7.5", "8", "8.5", "9", "9.5", "10", "11"]: null

2019-09-30 17:59:31 - [TEST_STEP][PASSED] - sizeRange5 = ["XS/S", "M/L"]: null

2019-09-30 17:59:31 - [TEST_STEP][PASSED] - sizeRangeSplit = UtilityMethods.SplitSizes(findTestData("productData").getValue("SzRange", row)): null

2019-09-30 17:59:31 - [TEST_STEP][PASSED] - sizeType = getText(findTestObject("Object Repository/Page_cabi Order Items/Size")): Text of object 'Object Repository/Page_cabi Order Items/Size' is: 'Select'

2019-09-30 17:59:31 - [MESSAGE][PASSED] - Text of object 'Object Repository/Page_cabi Order Items/Size' is: 'Select'

2019-09-30 17:59:31 - [TEST_STEP][PASSED] - sizeOptions = findWebElements(findTestObject("Object Repository/Page_cabi Order Items/Size"), 5): null

2019-09-30 17:59:31 - [TEST_STEP][PASSED] - actualRange = new java.util.ArrayList(): null

2019-09-30 17:59:31 - [TEST_STEP][PASSED] - expectedRange = <not implemented yet for class: org.codehaus.groovy.ast.expr.EmptyExpression>: null

2019-09-30 17:59:31 - [TEST_STEP][PASSED] - if (sizeType.equalsIgnoreCase("Select")): null

2019-09-30 17:59:31 - [TEST_STEP][PASSED] - for ([i = 1, i < sizeOptions.size(), (i++)]): null

2019-09-30 17:59:31 - [TEST_STEP][PASSED] - actualRange.add(getAttribute("value").toString()): null

2019-09-30 17:59:31 - [TEST_STEP][PASSED] - actualRange.add(getAttribute("value").toString()): null

2019-09-30 17:59:31 - [TEST_STEP][PASSED] - actualRange.add(getAttribute("value").toString()): null

2019-09-30 17:59:31 - [TEST_STEP][PASSED] - actualRange.add(getAttribute("value").toString()): null

2019-09-30 17:59:31 - [TEST_STEP][PASSED] - actualRange.add(getAttribute("value").toString()): null

2019-09-30 17:59:31 - [TEST_STEP][PASSED] - if (toString().equalsIgnoreCase("XS") || toString().equalsIgnoreCase("XXS")): null

2019-09-30 17:59:31 - [TEST_STEP][PASSED] - expectedRange = UtilityMethods.getExpectedRange(sizeRange1, sizeRangeSplit): null

2019-09-30 17:59:31 - [TEST_STEP][PASSED] - println("XS"): null

2019-09-30 17:59:31 - [TEST_STEP][PASSED] - println(expectedRange.toString()): null

2019-09-30 17:59:31 - [TEST_STEP][PASSED] - sa.assertTrue(UtilityMethods.listEquals(expectedRange, actualRange)): null

2019-09-30 17:59:31 - [TEST_STEP][PASSED] - delay(2): Delayed 2 second(s)

2019-09-30 17:59:33 - [MESSAGE][PASSED] - Delayed 2 second(s)

2019-09-30 17:59:33 - [TEST_STEP][PASSED] - verifyElementText(findTestObject("Page_cabi Order Items/product_title"), findTestData("productData").getValue("Description", row), CONTINUE_ON_FAILURE): Actual text and expected text of test object 'Object Repository/Page_cabi Order Items/product_title' are matched.

2019-09-30 17:59:33 - [MESSAGE][PASSED] - Actual text and expected text of test object 'Object Repository/Page_cabi Order Items/product_title' are matched.

2019-09-30 17:59:33 - [TEST_STEP][PASSED] - verifyElementText(findTestObject("Page_cabi Order Items/product_fabric"), findTestData("productData").getValue("FinalContent", row), CONTINUE_ON_FAILURE): Actual text and expected text of test object 'Object Repository/Page_cabi Order Items/product_fabric' are matched.

2019-09-30 17:59:33 - [MESSAGE][PASSED] - Actual text and expected text of test object 'Object Repository/Page_cabi Order Items/product_fabric' are matched.

2019-09-30 17:59:33 - [TEST_STEP][PASSED] - actualCasreIntrn = "<div>" + getText(findTestObject("Page_cabi Order Items/care_instruction")) + "</div>": Text of object 'Object Repository/Page_cabi Order Items/care_instruction' is: 'Machine wash separately, inside out, in cold water on the delicate cycle. Only non-chlorine bleach if needed. Lay flat to dry. Cool iron on the reverse side if needed. Can be dry cleaned.'

2019-09-30 17:59:33 - [MESSAGE][PASSED] - Text of object 'Object Repository/Page_cabi Order Items/care_instruction' is: 'Machine wash separately, inside out, in cold water on the delicate cycle. Only non-chlorine bleach if needed. Lay flat to dry. Cool iron on the reverse side if needed. Can be dry cleaned.'

2019-09-30 17:59:33 - [TEST_STEP][PASSED] - sa.assertTrue(actualCasreIntrn.equals(findTestData("productData").getValue("CareInstr", row))): null

2019-09-30 17:59:33 - [TEST_STEP][PASSED] - sa = new org.testng.asserts.SoftAssert(): null

2019-09-30 17:59:33 - [TEST_STEP][PASSED] - setText(findTestObject("Object Repository/Page_cabi Order Items/input_New Arrivals - Blooming Blush_style"), findTestData("productData").getValue("Style", row)): Text '3865' is set on object 'Object Repository/Page_cabi Order Items/input_New Arrivals - Blooming Blush_style'

2019-09-30 17:59:33 - [MESSAGE][PASSED] - Text '3865' is set on object 'Object Repository/Page_cabi Order Items/input_New Arrivals - Blooming Blush_style'

2019-09-30 17:59:33 - [TEST_STEP][PASSED] - sendKeys(findTestObject("Object Repository/Page_cabi Order Items/input_New Arrivals - Blooming Blush_style"), Keys.chord(ENTER)): Keys 'ENTER + ' sent to object: 'Object Repository/Page_cabi Order Items/input_New Arrivals - Blooming Blush_style'

2019-09-30 17:59:33 - [MESSAGE][PASSED] - Keys 'ENTER + ' sent to object: 'Object Repository/Page_cabi Order Items/input_New Arrivals - Blooming Blush_style'

2019-09-30 17:59:33 - [TEST_STEP][PASSED] - delay(2): Delayed 2 second(s)

2019-09-30 17:59:35 - [MESSAGE][PASSED] - Delayed 2 second(s)

2019-09-30 17:59:35 - [TEST_STEP][PASSED] - executeJavaScript("arguments[0].click()", Arrays.asList(findWebElement(findTestObject("Object Repository/Page_cabi Order Items/input_New Arrivals - Blooming Blush_style"), 30))): Execute JavaScript 'arguments[0].click()' successfully

2019-09-30 17:59:35 - [MESSAGE][PASSED] - Execute JavaScript 'arguments[0].click()' successfully

2019-09-30 17:59:35 - [TEST_STEP][PASSED] - delay(2): Delayed 2 second(s)

2019-09-30 17:59:37 - [MESSAGE][PASSED] - Delayed 2 second(s)

2019-09-30 17:59:37 - [TEST_STEP][PASSED] - if (toString().equalsIgnoreCase("no")): null

2019-09-30 17:59:37 - [TEST_STEP][PASSED] - else: null

2019-09-30 17:59:37 - [TEST_STEP][PASSED] - click(findTestObject("Page_cabi Order Items/li_order_item")): Object: 'Object Repository/Page_cabi Order Items/li_order_item' is clicked on

2019-09-30 17:59:37 - [MESSAGE][PASSED] - Object: 'Object Repository/Page_cabi Order Items/li_order_item' is clicked on

2019-09-30 17:59:37 - [TEST_STEP][PASSED] - delay(5): Delayed 5 second(s)

2019-09-30 17:59:42 - [MESSAGE][PASSED] - Delayed 5 second(s)

2019-09-30 17:59:42 - [TEST_STEP][PASSED] - imgString1 = getValue("Style", row).toString(): null

2019-09-30 17:59:42 - [TEST_STEP][PASSED] - imagePath = UtilityMethods.createScreenshotImagePath(storeType, imgString1): null

2019-09-30 17:59:42 - [TEST_STEP][PASSED] - println(imagePath): null

2019-09-30 17:59:42 - [TEST_STEP][PASSED] - takeScreenshot(imagePath): Taking screenshot successfully

2019-09-30 17:59:43 - [MESSAGE][PASSED] - Taking screenshot successfully
[[ATTACHMENT|C:\\Users\\user\\Documents\\testautomation\\KatalonProjects\\productImages\\BOPersonal_3865 image.png]]

2019-09-30 17:59:43 - [TEST_STEP][PASSED] - verifyElementText(findTestObject("Page_cabi Order Items/GetAttribute_getID"), findTestData("productData").getValue("Style", row), CONTINUE_ON_FAILURE): Actual text and expected text of test object 'Object Repository/Page_cabi Order Items/GetAttribute_getID' are matched.

2019-09-30 17:59:43 - [MESSAGE][PASSED] - Actual text and expected text of test object 'Object Repository/Page_cabi Order Items/GetAttribute_getID' are matched.

2019-09-30 17:59:43 - [TEST_STEP][PASSED] - colorOptions = findWebElements(findTestObject("Page_cabi Order Items/GetAttribute_Color"), 5): null

2019-09-30 17:59:43 - [TEST_STEP][PASSED] - println(colorOptions.size()): null

2019-09-30 17:59:43 - [TEST_STEP][PASSED] - expectedColour = findTestData("productData").getValue("Color", row): null

2019-09-30 17:59:43 - [TEST_STEP][PASSED] - println("expected colour is"): null

2019-09-30 17:59:43 - [TEST_STEP][PASSED] - println(expectedColour): null

2019-09-30 17:59:43 - [TEST_STEP][PASSED] - colourVerified = false: null

2019-09-30 17:59:43 - [TEST_STEP][PASSED] - for (org.openqa.selenium.WebElement op : colorOptions): null

2019-09-30 17:59:43 - [TEST_STEP][PASSED] - println(op.getText()): null

2019-09-30 17:59:43 - [TEST_STEP][PASSED] - if (expectedColour.equalsIgnoreCase(op.getText())): null

2019-09-30 17:59:43 - [TEST_STEP][PASSED] - colourVerified = true: null

2019-09-30 17:59:43 - [TEST_STEP][PASSED] - break: null

2019-09-30 17:59:43 - [TEST_STEP][PASSED] - sa.assertTrue(colourVerified): null

2019-09-30 17:59:43 - [TEST_STEP][PASSED] - getPrice = getText(findTestObject("Page_cabi Order Items/GetAttribute_Price")): Text of object 'Object Repository/Page_cabi Order Items/GetAttribute_Price' is: 'Price : $89.00'

2019-09-30 17:59:43 - [MESSAGE][PASSED] - Text of object 'Object Repository/Page_cabi Order Items/GetAttribute_Price' is: 'Price : $89.00'

2019-09-30 17:59:43 - [TEST_STEP][PASSED] - Split_Data = UtilityMethods.SplitData(getPrice): null

2019-09-30 17:59:43 - [TEST_STEP][PASSED] - verifyMatch(Split_Data, findTestData("productData").getValue("Retail", row), true, CONTINUE_ON_FAILURE): Actual text '89' and expected text '89' are matched  using regular expression

2019-09-30 17:59:43 - [MESSAGE][PASSED] - Actual text '89' and expected text '89' are matched  using regular expression

2019-09-30 17:59:43 - [TEST_STEP][PASSED] - sizeRange1 = ["XXS", "XS", "S", "M", "L", "XL"]: null

2019-09-30 17:59:43 - [TEST_STEP][PASSED] - sizeRange2 = ["00", "0", "2", "4", "6", "8", "10", "12", "14", "16"]: null

2019-09-30 17:59:43 - [TEST_STEP][PASSED] - sizeRange3 = ["Long", "Regular", "Short"]: null

2019-09-30 17:59:43 - [TEST_STEP][PASSED] - sizeRange4 = ["5", "6", "6.5", "7", "7.5", "8", "8.5", "9", "9.5", "10", "11"]: null

2019-09-30 17:59:43 - [TEST_STEP][PASSED] - sizeRange5 = ["XS/S", "M/L"]: null

2019-09-30 17:59:43 - [TEST_STEP][PASSED] - sizeRangeSplit = UtilityMethods.SplitSizes(findTestData("productData").getValue("SzRange", row)): null

2019-09-30 17:59:43 - [TEST_STEP][PASSED] - sizeType = getText(findTestObject("Object Repository/Page_cabi Order Items/Size")): Text of object 'Object Repository/Page_cabi Order Items/Size' is: 'Select'

2019-09-30 17:59:43 - [MESSAGE][PASSED] - Text of object 'Object Repository/Page_cabi Order Items/Size' is: 'Select'

2019-09-30 17:59:43 - [TEST_STEP][PASSED] - sizeOptions = findWebElements(findTestObject("Object Repository/Page_cabi Order Items/Size"), 5): null

2019-09-30 17:59:43 - [TEST_STEP][PASSED] - actualRange = new java.util.ArrayList(): null

2019-09-30 17:59:43 - [TEST_STEP][PASSED] - expectedRange = <not implemented yet for class: org.codehaus.groovy.ast.expr.EmptyExpression>: null

2019-09-30 17:59:43 - [TEST_STEP][PASSED] - if (sizeType.equalsIgnoreCase("Select")): null

2019-09-30 17:59:43 - [TEST_STEP][PASSED] - for ([i = 1, i < sizeOptions.size(), (i++)]): null

2019-09-30 17:59:43 - [TEST_STEP][PASSED] - actualRange.add(getAttribute("value").toString()): null

2019-09-30 17:59:43 - [TEST_STEP][PASSED] - actualRange.add(getAttribute("value").toString()): null

2019-09-30 17:59:43 - [TEST_STEP][PASSED] - actualRange.add(getAttribute("value").toString()): null

2019-09-30 17:59:43 - [TEST_STEP][PASSED] - actualRange.add(getAttribute("value").toString()): null

2019-09-30 17:59:43 - [TEST_STEP][PASSED] - actualRange.add(getAttribute("value").toString()): null

2019-09-30 17:59:43 - [TEST_STEP][PASSED] - if (toString().equalsIgnoreCase("XS") || toString().equalsIgnoreCase("XXS")): null

2019-09-30 17:59:43 - [TEST_STEP][PASSED] - expectedRange = UtilityMethods.getExpectedRange(sizeRange1, sizeRangeSplit): null

2019-09-30 17:59:43 - [TEST_STEP][PASSED] - println("XS"): null

2019-09-30 17:59:43 - [TEST_STEP][PASSED] - println(expectedRange.toString()): null

2019-09-30 17:59:43 - [TEST_STEP][PASSED] - sa.assertTrue(UtilityMethods.listEquals(expectedRange, actualRange)): null

2019-09-30 17:59:43 - [TEST_STEP][PASSED] - delay(2): Delayed 2 second(s)

2019-09-30 17:59:45 - [MESSAGE][PASSED] - Delayed 2 second(s)

2019-09-30 17:59:45 - [TEST_STEP][PASSED] - verifyElementText(findTestObject("Page_cabi Order Items/product_title"), findTestData("productData").getValue("Description", row), CONTINUE_ON_FAILURE): Actual text and expected text of test object 'Object Repository/Page_cabi Order Items/product_title' are matched.

2019-09-30 17:59:45 - [MESSAGE][PASSED] - Actual text and expected text of test object 'Object Repository/Page_cabi Order Items/product_title' are matched.

2019-09-30 17:59:45 - [TEST_STEP][PASSED] - verifyElementText(findTestObject("Page_cabi Order Items/product_fabric"), findTestData("productData").getValue("FinalContent", row), CONTINUE_ON_FAILURE): Actual text and expected text of test object 'Object Repository/Page_cabi Order Items/product_fabric' are matched.

2019-09-30 17:59:45 - [MESSAGE][PASSED] - Actual text and expected text of test object 'Object Repository/Page_cabi Order Items/product_fabric' are matched.

2019-09-30 17:59:45 - [TEST_STEP][PASSED] - actualCasreIntrn = "<div>" + getText(findTestObject("Page_cabi Order Items/care_instruction")) + "</div>": Text of object 'Object Repository/Page_cabi Order Items/care_instruction' is: 'Machine wash with like colors in cold water on the delicate cycle. Only non-chlorine bleach if needed. Lay flat to dry. Warm iron if needed.'

2019-09-30 17:59:45 - [MESSAGE][PASSED] - Text of object 'Object Repository/Page_cabi Order Items/care_instruction' is: 'Machine wash with like colors in cold water on the delicate cycle. Only non-chlorine bleach if needed. Lay flat to dry. Warm iron if needed.'

2019-09-30 17:59:45 - [TEST_STEP][PASSED] - sa.assertTrue(actualCasreIntrn.equals(findTestData("productData").getValue("CareInstr", row))): null

2019-09-30 17:59:45 - [TEST_STEP][PASSED] - sa = new org.testng.asserts.SoftAssert(): null

2019-09-30 17:59:45 - [TEST_STEP][PASSED] - setText(findTestObject("Object Repository/Page_cabi Order Items/input_New Arrivals - Blooming Blush_style"), findTestData("productData").getValue("Style", row)): Text '3869' is set on object 'Object Repository/Page_cabi Order Items/input_New Arrivals - Blooming Blush_style'

2019-09-30 17:59:45 - [MESSAGE][PASSED] - Text '3869' is set on object 'Object Repository/Page_cabi Order Items/input_New Arrivals - Blooming Blush_style'

2019-09-30 17:59:45 - [TEST_STEP][PASSED] - sendKeys(findTestObject("Object Repository/Page_cabi Order Items/input_New Arrivals - Blooming Blush_style"), Keys.chord(ENTER)): Keys 'ENTER + ' sent to object: 'Object Repository/Page_cabi Order Items/input_New Arrivals - Blooming Blush_style'

2019-09-30 17:59:45 - [MESSAGE][PASSED] - Keys 'ENTER + ' sent to object: 'Object Repository/Page_cabi Order Items/input_New Arrivals - Blooming Blush_style'

2019-09-30 17:59:45 - [TEST_STEP][PASSED] - delay(2): Delayed 2 second(s)

2019-09-30 17:59:47 - [MESSAGE][PASSED] - Delayed 2 second(s)

2019-09-30 17:59:47 - [TEST_STEP][PASSED] - executeJavaScript("arguments[0].click()", Arrays.asList(findWebElement(findTestObject("Object Repository/Page_cabi Order Items/input_New Arrivals - Blooming Blush_style"), 30))): Execute JavaScript 'arguments[0].click()' successfully

2019-09-30 17:59:47 - [MESSAGE][PASSED] - Execute JavaScript 'arguments[0].click()' successfully

2019-09-30 17:59:47 - [TEST_STEP][PASSED] - delay(2): Delayed 2 second(s)

2019-09-30 17:59:49 - [MESSAGE][PASSED] - Delayed 2 second(s)

2019-09-30 17:59:49 - [TEST_STEP][PASSED] - if (toString().equalsIgnoreCase("no")): null

2019-09-30 17:59:49 - [TEST_STEP][PASSED] - else: null

2019-09-30 17:59:49 - [TEST_STEP][PASSED] - click(findTestObject("Page_cabi Order Items/li_order_item")): Object: 'Object Repository/Page_cabi Order Items/li_order_item' is clicked on

2019-09-30 17:59:50 - [MESSAGE][PASSED] - Object: 'Object Repository/Page_cabi Order Items/li_order_item' is clicked on

2019-09-30 17:59:50 - [TEST_STEP][PASSED] - delay(5): Delayed 5 second(s)

2019-09-30 17:59:55 - [MESSAGE][PASSED] - Delayed 5 second(s)

2019-09-30 17:59:55 - [TEST_STEP][PASSED] - imgString1 = getValue("Style", row).toString(): null

2019-09-30 17:59:55 - [TEST_STEP][PASSED] - imagePath = UtilityMethods.createScreenshotImagePath(storeType, imgString1): null

2019-09-30 17:59:55 - [TEST_STEP][PASSED] - println(imagePath): null

2019-09-30 17:59:55 - [TEST_STEP][PASSED] - takeScreenshot(imagePath): Taking screenshot successfully

2019-09-30 17:59:55 - [MESSAGE][PASSED] - Taking screenshot successfully
[[ATTACHMENT|C:\\Users\\user\\Documents\\testautomation\\KatalonProjects\\productImages\\BOPersonal_3869 image.png]]

2019-09-30 17:59:55 - [TEST_STEP][PASSED] - verifyElementText(findTestObject("Page_cabi Order Items/GetAttribute_getID"), findTestData("productData").getValue("Style", row), CONTINUE_ON_FAILURE): Actual text and expected text of test object 'Object Repository/Page_cabi Order Items/GetAttribute_getID' are matched.

2019-09-30 17:59:55 - [MESSAGE][PASSED] - Actual text and expected text of test object 'Object Repository/Page_cabi Order Items/GetAttribute_getID' are matched.

2019-09-30 17:59:55 - [TEST_STEP][PASSED] - colorOptions = findWebElements(findTestObject("Page_cabi Order Items/GetAttribute_Color"), 5): null

2019-09-30 17:59:55 - [TEST_STEP][PASSED] - println(colorOptions.size()): null

2019-09-30 17:59:55 - [TEST_STEP][PASSED] - expectedColour = findTestData("productData").getValue("Color", row): null

2019-09-30 17:59:55 - [TEST_STEP][PASSED] - println("expected colour is"): null

2019-09-30 17:59:55 - [TEST_STEP][PASSED] - println(expectedColour): null

2019-09-30 17:59:55 - [TEST_STEP][PASSED] - colourVerified = false: null

2019-09-30 17:59:55 - [TEST_STEP][PASSED] - for (org.openqa.selenium.WebElement op : colorOptions): null

2019-09-30 17:59:55 - [TEST_STEP][PASSED] - println(op.getText()): null

2019-09-30 17:59:55 - [TEST_STEP][PASSED] - if (expectedColour.equalsIgnoreCase(op.getText())): null

2019-09-30 17:59:55 - [TEST_STEP][PASSED] - colourVerified = true: null

2019-09-30 17:59:55 - [TEST_STEP][PASSED] - break: null

2019-09-30 17:59:55 - [TEST_STEP][PASSED] - sa.assertTrue(colourVerified): null

2019-09-30 17:59:55 - [TEST_STEP][PASSED] - getPrice = getText(findTestObject("Page_cabi Order Items/GetAttribute_Price")): Text of object 'Object Repository/Page_cabi Order Items/GetAttribute_Price' is: 'Price : $94.00'

2019-09-30 17:59:55 - [MESSAGE][PASSED] - Text of object 'Object Repository/Page_cabi Order Items/GetAttribute_Price' is: 'Price : $94.00'

2019-09-30 17:59:55 - [TEST_STEP][PASSED] - Split_Data = UtilityMethods.SplitData(getPrice): null

2019-09-30 17:59:55 - [TEST_STEP][PASSED] - verifyMatch(Split_Data, findTestData("productData").getValue("Retail", row), true, CONTINUE_ON_FAILURE): Actual text '94' and expected text '94' are matched  using regular expression

2019-09-30 17:59:55 - [MESSAGE][PASSED] - Actual text '94' and expected text '94' are matched  using regular expression

2019-09-30 17:59:55 - [TEST_STEP][PASSED] - sizeRange1 = ["XXS", "XS", "S", "M", "L", "XL"]: null

2019-09-30 17:59:55 - [TEST_STEP][PASSED] - sizeRange2 = ["00", "0", "2", "4", "6", "8", "10", "12", "14", "16"]: null

2019-09-30 17:59:55 - [TEST_STEP][PASSED] - sizeRange3 = ["Long", "Regular", "Short"]: null

2019-09-30 17:59:55 - [TEST_STEP][PASSED] - sizeRange4 = ["5", "6", "6.5", "7", "7.5", "8", "8.5", "9", "9.5", "10", "11"]: null

2019-09-30 17:59:55 - [TEST_STEP][PASSED] - sizeRange5 = ["XS/S", "M/L"]: null

2019-09-30 17:59:55 - [TEST_STEP][PASSED] - sizeRangeSplit = UtilityMethods.SplitSizes(findTestData("productData").getValue("SzRange", row)): null

2019-09-30 17:59:55 - [TEST_STEP][PASSED] - sizeType = getText(findTestObject("Object Repository/Page_cabi Order Items/Size")): Text of object 'Object Repository/Page_cabi Order Items/Size' is: 'Select'

2019-09-30 17:59:55 - [MESSAGE][PASSED] - Text of object 'Object Repository/Page_cabi Order Items/Size' is: 'Select'

2019-09-30 17:59:55 - [TEST_STEP][PASSED] - sizeOptions = findWebElements(findTestObject("Object Repository/Page_cabi Order Items/Size"), 5): null

2019-09-30 17:59:55 - [TEST_STEP][PASSED] - actualRange = new java.util.ArrayList(): null

2019-09-30 17:59:55 - [TEST_STEP][PASSED] - expectedRange = <not implemented yet for class: org.codehaus.groovy.ast.expr.EmptyExpression>: null

2019-09-30 17:59:55 - [TEST_STEP][PASSED] - if (sizeType.equalsIgnoreCase("Select")): null

2019-09-30 17:59:55 - [TEST_STEP][PASSED] - for ([i = 1, i < sizeOptions.size(), (i++)]): null

2019-09-30 17:59:55 - [TEST_STEP][PASSED] - actualRange.add(getAttribute("value").toString()): null

2019-09-30 17:59:55 - [TEST_STEP][PASSED] - actualRange.add(getAttribute("value").toString()): null

2019-09-30 17:59:55 - [TEST_STEP][PASSED] - actualRange.add(getAttribute("value").toString()): null

2019-09-30 17:59:55 - [TEST_STEP][PASSED] - actualRange.add(getAttribute("value").toString()): null

2019-09-30 17:59:55 - [TEST_STEP][PASSED] - actualRange.add(getAttribute("value").toString()): null

2019-09-30 17:59:55 - [TEST_STEP][PASSED] - if (toString().equalsIgnoreCase("XS") || toString().equalsIgnoreCase("XXS")): null

2019-09-30 17:59:55 - [TEST_STEP][PASSED] - expectedRange = UtilityMethods.getExpectedRange(sizeRange1, sizeRangeSplit): null

2019-09-30 17:59:55 - [TEST_STEP][PASSED] - println("XS"): null

2019-09-30 17:59:55 - [TEST_STEP][PASSED] - println(expectedRange.toString()): null

2019-09-30 17:59:55 - [TEST_STEP][PASSED] - sa.assertTrue(UtilityMethods.listEquals(expectedRange, actualRange)): null

2019-09-30 17:59:55 - [TEST_STEP][PASSED] - delay(2): Delayed 2 second(s)

2019-09-30 17:59:57 - [MESSAGE][PASSED] - Delayed 2 second(s)

2019-09-30 17:59:57 - [TEST_STEP][PASSED] - verifyElementText(findTestObject("Page_cabi Order Items/product_title"), findTestData("productData").getValue("Description", row), CONTINUE_ON_FAILURE): Actual text and expected text of test object 'Object Repository/Page_cabi Order Items/product_title' are matched.

2019-09-30 17:59:57 - [MESSAGE][PASSED] - Actual text and expected text of test object 'Object Repository/Page_cabi Order Items/product_title' are matched.

2019-09-30 17:59:57 - [TEST_STEP][PASSED] - verifyElementText(findTestObject("Page_cabi Order Items/product_fabric"), findTestData("productData").getValue("FinalContent", row), CONTINUE_ON_FAILURE): Actual text and expected text of test object 'Object Repository/Page_cabi Order Items/product_fabric' are matched.

2019-09-30 17:59:57 - [MESSAGE][PASSED] - Actual text and expected text of test object 'Object Repository/Page_cabi Order Items/product_fabric' are matched.

2019-09-30 17:59:57 - [TEST_STEP][PASSED] - actualCasreIntrn = "<div>" + getText(findTestObject("Page_cabi Order Items/care_instruction")) + "</div>": Text of object 'Object Repository/Page_cabi Order Items/care_instruction' is: 'Wash by hand separately with cold water. Only non-chlorine bleach if needed. Do not twist or wring. Lay flat to dry. Steam iron only if needed. Can be dry cleaned.'

2019-09-30 17:59:57 - [MESSAGE][PASSED] - Text of object 'Object Repository/Page_cabi Order Items/care_instruction' is: 'Wash by hand separately with cold water. Only non-chlorine bleach if needed. Do not twist or wring. Lay flat to dry. Steam iron only if needed. Can be dry cleaned.'

2019-09-30 17:59:57 - [TEST_STEP][PASSED] - sa.assertTrue(actualCasreIntrn.equals(findTestData("productData").getValue("CareInstr", row))): null

2019-09-30 17:59:58 - [TEST_STEP][PASSED] - sa = new org.testng.asserts.SoftAssert(): null

2019-09-30 17:59:58 - [TEST_STEP][PASSED] - setText(findTestObject("Object Repository/Page_cabi Order Items/input_New Arrivals - Blooming Blush_style"), findTestData("productData").getValue("Style", row)): Text '3870' is set on object 'Object Repository/Page_cabi Order Items/input_New Arrivals - Blooming Blush_style'

2019-09-30 17:59:58 - [MESSAGE][PASSED] - Text '3870' is set on object 'Object Repository/Page_cabi Order Items/input_New Arrivals - Blooming Blush_style'

2019-09-30 17:59:58 - [TEST_STEP][PASSED] - sendKeys(findTestObject("Object Repository/Page_cabi Order Items/input_New Arrivals - Blooming Blush_style"), Keys.chord(ENTER)): Keys 'ENTER + ' sent to object: 'Object Repository/Page_cabi Order Items/input_New Arrivals - Blooming Blush_style'

2019-09-30 17:59:58 - [MESSAGE][PASSED] - Keys 'ENTER + ' sent to object: 'Object Repository/Page_cabi Order Items/input_New Arrivals - Blooming Blush_style'

2019-09-30 17:59:58 - [TEST_STEP][PASSED] - delay(2): Delayed 2 second(s)

2019-09-30 18:00:00 - [MESSAGE][PASSED] - Delayed 2 second(s)

2019-09-30 18:00:00 - [TEST_STEP][PASSED] - executeJavaScript("arguments[0].click()", Arrays.asList(findWebElement(findTestObject("Object Repository/Page_cabi Order Items/input_New Arrivals - Blooming Blush_style"), 30))): Execute JavaScript 'arguments[0].click()' successfully

2019-09-30 18:00:00 - [MESSAGE][PASSED] - Execute JavaScript 'arguments[0].click()' successfully

2019-09-30 18:00:00 - [TEST_STEP][PASSED] - delay(2): Delayed 2 second(s)

2019-09-30 18:00:02 - [MESSAGE][PASSED] - Delayed 2 second(s)

2019-09-30 18:00:02 - [TEST_STEP][PASSED] - if (toString().equalsIgnoreCase("no")): null

2019-09-30 18:00:02 - [TEST_STEP][PASSED] - else: null

2019-09-30 18:00:02 - [TEST_STEP][PASSED] - click(findTestObject("Page_cabi Order Items/li_order_item")): Object: 'Object Repository/Page_cabi Order Items/li_order_item' is clicked on

2019-09-30 18:00:02 - [MESSAGE][PASSED] - Object: 'Object Repository/Page_cabi Order Items/li_order_item' is clicked on

2019-09-30 18:00:02 - [TEST_STEP][PASSED] - delay(5): Delayed 5 second(s)

2019-09-30 18:00:07 - [MESSAGE][PASSED] - Delayed 5 second(s)

2019-09-30 18:00:07 - [TEST_STEP][PASSED] - imgString1 = getValue("Style", row).toString(): null

2019-09-30 18:00:07 - [TEST_STEP][PASSED] - imagePath = UtilityMethods.createScreenshotImagePath(storeType, imgString1): null

2019-09-30 18:00:07 - [TEST_STEP][PASSED] - println(imagePath): null

2019-09-30 18:00:07 - [TEST_STEP][PASSED] - takeScreenshot(imagePath): Taking screenshot successfully

2019-09-30 18:00:07 - [MESSAGE][PASSED] - Taking screenshot successfully
[[ATTACHMENT|C:\\Users\\user\\Documents\\testautomation\\KatalonProjects\\productImages\\BOPersonal_3870 image.png]]

2019-09-30 18:00:07 - [TEST_STEP][PASSED] - verifyElementText(findTestObject("Page_cabi Order Items/GetAttribute_getID"), findTestData("productData").getValue("Style", row), CONTINUE_ON_FAILURE): Actual text and expected text of test object 'Object Repository/Page_cabi Order Items/GetAttribute_getID' are matched.

2019-09-30 18:00:07 - [MESSAGE][PASSED] - Actual text and expected text of test object 'Object Repository/Page_cabi Order Items/GetAttribute_getID' are matched.

2019-09-30 18:00:07 - [TEST_STEP][PASSED] - colorOptions = findWebElements(findTestObject("Page_cabi Order Items/GetAttribute_Color"), 5): null

2019-09-30 18:00:07 - [TEST_STEP][PASSED] - println(colorOptions.size()): null

2019-09-30 18:00:07 - [TEST_STEP][PASSED] - expectedColour = findTestData("productData").getValue("Color", row): null

2019-09-30 18:00:07 - [TEST_STEP][PASSED] - println("expected colour is"): null

2019-09-30 18:00:07 - [TEST_STEP][PASSED] - println(expectedColour): null

2019-09-30 18:00:07 - [TEST_STEP][PASSED] - colourVerified = false: null

2019-09-30 18:00:07 - [TEST_STEP][PASSED] - for (org.openqa.selenium.WebElement op : colorOptions): null

2019-09-30 18:00:07 - [TEST_STEP][PASSED] - println(op.getText()): null

2019-09-30 18:00:07 - [TEST_STEP][PASSED] - if (expectedColour.equalsIgnoreCase(op.getText())): null

2019-09-30 18:00:07 - [TEST_STEP][PASSED] - colourVerified = true: null

2019-09-30 18:00:07 - [TEST_STEP][PASSED] - break: null

2019-09-30 18:00:07 - [TEST_STEP][PASSED] - sa.assertTrue(colourVerified): null

2019-09-30 18:00:07 - [TEST_STEP][PASSED] - getPrice = getText(findTestObject("Page_cabi Order Items/GetAttribute_Price")): Text of object 'Object Repository/Page_cabi Order Items/GetAttribute_Price' is: 'Price : $109.00'

2019-09-30 18:00:07 - [MESSAGE][PASSED] - Text of object 'Object Repository/Page_cabi Order Items/GetAttribute_Price' is: 'Price : $109.00'

2019-09-30 18:00:07 - [TEST_STEP][PASSED] - Split_Data = UtilityMethods.SplitData(getPrice): null

2019-09-30 18:00:07 - [TEST_STEP][PASSED] - verifyMatch(Split_Data, findTestData("productData").getValue("Retail", row), true, CONTINUE_ON_FAILURE): Actual text '109' and expected text '109' are matched  using regular expression

2019-09-30 18:00:07 - [MESSAGE][PASSED] - Actual text '109' and expected text '109' are matched  using regular expression

2019-09-30 18:00:07 - [TEST_STEP][PASSED] - sizeRange1 = ["XXS", "XS", "S", "M", "L", "XL"]: null

2019-09-30 18:00:07 - [TEST_STEP][PASSED] - sizeRange2 = ["00", "0", "2", "4", "6", "8", "10", "12", "14", "16"]: null

2019-09-30 18:00:07 - [TEST_STEP][PASSED] - sizeRange3 = ["Long", "Regular", "Short"]: null

2019-09-30 18:00:07 - [TEST_STEP][PASSED] - sizeRange4 = ["5", "6", "6.5", "7", "7.5", "8", "8.5", "9", "9.5", "10", "11"]: null

2019-09-30 18:00:07 - [TEST_STEP][PASSED] - sizeRange5 = ["XS/S", "M/L"]: null

2019-09-30 18:00:07 - [TEST_STEP][PASSED] - sizeRangeSplit = UtilityMethods.SplitSizes(findTestData("productData").getValue("SzRange", row)): null

2019-09-30 18:00:07 - [TEST_STEP][PASSED] - sizeType = getText(findTestObject("Object Repository/Page_cabi Order Items/Size")): Text of object 'Object Repository/Page_cabi Order Items/Size' is: 'Select'

2019-09-30 18:00:08 - [MESSAGE][PASSED] - Text of object 'Object Repository/Page_cabi Order Items/Size' is: 'Select'

2019-09-30 18:00:08 - [TEST_STEP][PASSED] - sizeOptions = findWebElements(findTestObject("Object Repository/Page_cabi Order Items/Size"), 5): null

2019-09-30 18:00:08 - [TEST_STEP][PASSED] - actualRange = new java.util.ArrayList(): null

2019-09-30 18:00:08 - [TEST_STEP][PASSED] - expectedRange = <not implemented yet for class: org.codehaus.groovy.ast.expr.EmptyExpression>: null

2019-09-30 18:00:08 - [TEST_STEP][PASSED] - if (sizeType.equalsIgnoreCase("Select")): null

2019-09-30 18:00:08 - [TEST_STEP][PASSED] - for ([i = 1, i < sizeOptions.size(), (i++)]): null

2019-09-30 18:00:08 - [TEST_STEP][PASSED] - actualRange.add(getAttribute("value").toString()): null

2019-09-30 18:00:08 - [TEST_STEP][PASSED] - actualRange.add(getAttribute("value").toString()): null

2019-09-30 18:00:08 - [TEST_STEP][PASSED] - actualRange.add(getAttribute("value").toString()): null

2019-09-30 18:00:08 - [TEST_STEP][PASSED] - actualRange.add(getAttribute("value").toString()): null

2019-09-30 18:00:08 - [TEST_STEP][PASSED] - actualRange.add(getAttribute("value").toString()): null

2019-09-30 18:00:08 - [TEST_STEP][PASSED] - if (toString().equalsIgnoreCase("XS") || toString().equalsIgnoreCase("XXS")): null

2019-09-30 18:00:08 - [TEST_STEP][PASSED] - expectedRange = UtilityMethods.getExpectedRange(sizeRange1, sizeRangeSplit): null

2019-09-30 18:00:08 - [TEST_STEP][PASSED] - println("XS"): null

2019-09-30 18:00:08 - [TEST_STEP][PASSED] - println(expectedRange.toString()): null

2019-09-30 18:00:08 - [TEST_STEP][PASSED] - sa.assertTrue(UtilityMethods.listEquals(expectedRange, actualRange)): null

2019-09-30 18:00:08 - [TEST_STEP][PASSED] - delay(2): Delayed 2 second(s)

2019-09-30 18:00:10 - [MESSAGE][PASSED] - Delayed 2 second(s)

2019-09-30 18:00:10 - [TEST_STEP][PASSED] - verifyElementText(findTestObject("Page_cabi Order Items/product_title"), findTestData("productData").getValue("Description", row), CONTINUE_ON_FAILURE): Actual text and expected text of test object 'Object Repository/Page_cabi Order Items/product_title' are matched.

2019-09-30 18:00:10 - [MESSAGE][PASSED] - Actual text and expected text of test object 'Object Repository/Page_cabi Order Items/product_title' are matched.

2019-09-30 18:00:10 - [TEST_STEP][PASSED] - verifyElementText(findTestObject("Page_cabi Order Items/product_fabric"), findTestData("productData").getValue("FinalContent", row), CONTINUE_ON_FAILURE): Actual text and expected text of test object 'Object Repository/Page_cabi Order Items/product_fabric' are matched.

2019-09-30 18:00:10 - [MESSAGE][PASSED] - Actual text and expected text of test object 'Object Repository/Page_cabi Order Items/product_fabric' are matched.

2019-09-30 18:00:10 - [TEST_STEP][PASSED] - actualCasreIntrn = "<div>" + getText(findTestObject("Page_cabi Order Items/care_instruction")) + "</div>": Text of object 'Object Repository/Page_cabi Order Items/care_instruction' is: 'Turn garment inside out and place in a mesh bag. Machine wash separately in cold water on the delicate cycle. Only non-chlorine bleach if needed. Do not twist or wring. Lay flat to dry. Warm iron if needed. Can be dry cleaned.'

2019-09-30 18:00:10 - [MESSAGE][PASSED] - Text of object 'Object Repository/Page_cabi Order Items/care_instruction' is: 'Turn garment inside out and place in a mesh bag. Machine wash separately in cold water on the delicate cycle. Only non-chlorine bleach if needed. Do not twist or wring. Lay flat to dry. Warm iron if needed. Can be dry cleaned.'

2019-09-30 18:00:10 - [TEST_STEP][PASSED] - sa.assertTrue(actualCasreIntrn.equals(findTestData("productData").getValue("CareInstr", row))): null

2019-09-30 18:00:10 - [TEST_STEP][PASSED] - sa = new org.testng.asserts.SoftAssert(): null

2019-09-30 18:00:10 - [TEST_STEP][PASSED] - setText(findTestObject("Object Repository/Page_cabi Order Items/input_New Arrivals - Blooming Blush_style"), findTestData("productData").getValue("Style", row)): Text '3871' is set on object 'Object Repository/Page_cabi Order Items/input_New Arrivals - Blooming Blush_style'

2019-09-30 18:00:10 - [MESSAGE][PASSED] - Text '3871' is set on object 'Object Repository/Page_cabi Order Items/input_New Arrivals - Blooming Blush_style'

2019-09-30 18:00:10 - [TEST_STEP][PASSED] - sendKeys(findTestObject("Object Repository/Page_cabi Order Items/input_New Arrivals - Blooming Blush_style"), Keys.chord(ENTER)): Keys 'ENTER + ' sent to object: 'Object Repository/Page_cabi Order Items/input_New Arrivals - Blooming Blush_style'

2019-09-30 18:00:10 - [MESSAGE][PASSED] - Keys 'ENTER + ' sent to object: 'Object Repository/Page_cabi Order Items/input_New Arrivals - Blooming Blush_style'

2019-09-30 18:00:10 - [TEST_STEP][PASSED] - delay(2): Delayed 2 second(s)

2019-09-30 18:00:12 - [MESSAGE][PASSED] - Delayed 2 second(s)

2019-09-30 18:00:12 - [TEST_STEP][PASSED] - executeJavaScript("arguments[0].click()", Arrays.asList(findWebElement(findTestObject("Object Repository/Page_cabi Order Items/input_New Arrivals - Blooming Blush_style"), 30))): Execute JavaScript 'arguments[0].click()' successfully

2019-09-30 18:00:12 - [MESSAGE][PASSED] - Execute JavaScript 'arguments[0].click()' successfully

2019-09-30 18:00:12 - [TEST_STEP][PASSED] - delay(2): Delayed 2 second(s)

2019-09-30 18:00:14 - [MESSAGE][PASSED] - Delayed 2 second(s)

2019-09-30 18:00:14 - [TEST_STEP][PASSED] - if (toString().equalsIgnoreCase("no")): null

2019-09-30 18:00:14 - [TEST_STEP][PASSED] - else: null

2019-09-30 18:00:14 - [TEST_STEP][PASSED] - click(findTestObject("Page_cabi Order Items/li_order_item")): Object: 'Object Repository/Page_cabi Order Items/li_order_item' is clicked on

2019-09-30 18:00:14 - [MESSAGE][PASSED] - Object: 'Object Repository/Page_cabi Order Items/li_order_item' is clicked on

2019-09-30 18:00:14 - [TEST_STEP][PASSED] - delay(5): Delayed 5 second(s)

2019-09-30 18:00:19 - [MESSAGE][PASSED] - Delayed 5 second(s)

2019-09-30 18:00:19 - [TEST_STEP][PASSED] - imgString1 = getValue("Style", row).toString(): null

2019-09-30 18:00:19 - [TEST_STEP][PASSED] - imagePath = UtilityMethods.createScreenshotImagePath(storeType, imgString1): null

2019-09-30 18:00:19 - [TEST_STEP][PASSED] - println(imagePath): null

2019-09-30 18:00:19 - [TEST_STEP][PASSED] - takeScreenshot(imagePath): Taking screenshot successfully

2019-09-30 18:00:19 - [MESSAGE][PASSED] - Taking screenshot successfully
[[ATTACHMENT|C:\\Users\\user\\Documents\\testautomation\\KatalonProjects\\productImages\\BOPersonal_3871 image.png]]

2019-09-30 18:00:19 - [TEST_STEP][PASSED] - verifyElementText(findTestObject("Page_cabi Order Items/GetAttribute_getID"), findTestData("productData").getValue("Style", row), CONTINUE_ON_FAILURE): Actual text and expected text of test object 'Object Repository/Page_cabi Order Items/GetAttribute_getID' are matched.

2019-09-30 18:00:20 - [MESSAGE][PASSED] - Actual text and expected text of test object 'Object Repository/Page_cabi Order Items/GetAttribute_getID' are matched.

2019-09-30 18:00:20 - [TEST_STEP][PASSED] - colorOptions = findWebElements(findTestObject("Page_cabi Order Items/GetAttribute_Color"), 5): null

2019-09-30 18:00:20 - [TEST_STEP][PASSED] - println(colorOptions.size()): null

2019-09-30 18:00:20 - [TEST_STEP][PASSED] - expectedColour = findTestData("productData").getValue("Color", row): null

2019-09-30 18:00:20 - [TEST_STEP][PASSED] - println("expected colour is"): null

2019-09-30 18:00:20 - [TEST_STEP][PASSED] - println(expectedColour): null

2019-09-30 18:00:20 - [TEST_STEP][PASSED] - colourVerified = false: null

2019-09-30 18:00:20 - [TEST_STEP][PASSED] - for (org.openqa.selenium.WebElement op : colorOptions): null

2019-09-30 18:00:20 - [TEST_STEP][PASSED] - println(op.getText()): null

2019-09-30 18:00:20 - [TEST_STEP][PASSED] - if (expectedColour.equalsIgnoreCase(op.getText())): null

2019-09-30 18:00:20 - [TEST_STEP][PASSED] - colourVerified = true: null

2019-09-30 18:00:20 - [TEST_STEP][PASSED] - break: null

2019-09-30 18:00:20 - [TEST_STEP][PASSED] - sa.assertTrue(colourVerified): null

2019-09-30 18:00:20 - [TEST_STEP][PASSED] - getPrice = getText(findTestObject("Page_cabi Order Items/GetAttribute_Price")): Text of object 'Object Repository/Page_cabi Order Items/GetAttribute_Price' is: 'Price : $119.00'

2019-09-30 18:00:20 - [MESSAGE][PASSED] - Text of object 'Object Repository/Page_cabi Order Items/GetAttribute_Price' is: 'Price : $119.00'

2019-09-30 18:00:20 - [TEST_STEP][PASSED] - Split_Data = UtilityMethods.SplitData(getPrice): null

2019-09-30 18:00:20 - [TEST_STEP][PASSED] - verifyMatch(Split_Data, findTestData("productData").getValue("Retail", row), true, CONTINUE_ON_FAILURE): Actual text '119' and expected text '119' are matched  using regular expression

2019-09-30 18:00:20 - [MESSAGE][PASSED] - Actual text '119' and expected text '119' are matched  using regular expression

2019-09-30 18:00:20 - [TEST_STEP][PASSED] - sizeRange1 = ["XXS", "XS", "S", "M", "L", "XL"]: null

2019-09-30 18:00:20 - [TEST_STEP][PASSED] - sizeRange2 = ["00", "0", "2", "4", "6", "8", "10", "12", "14", "16"]: null

2019-09-30 18:00:20 - [TEST_STEP][PASSED] - sizeRange3 = ["Long", "Regular", "Short"]: null

2019-09-30 18:00:20 - [TEST_STEP][PASSED] - sizeRange4 = ["5", "6", "6.5", "7", "7.5", "8", "8.5", "9", "9.5", "10", "11"]: null

2019-09-30 18:00:20 - [TEST_STEP][PASSED] - sizeRange5 = ["XS/S", "M/L"]: null

2019-09-30 18:00:20 - [TEST_STEP][PASSED] - sizeRangeSplit = UtilityMethods.SplitSizes(findTestData("productData").getValue("SzRange", row)): null

2019-09-30 18:00:20 - [TEST_STEP][PASSED] - sizeType = getText(findTestObject("Object Repository/Page_cabi Order Items/Size")): Text of object 'Object Repository/Page_cabi Order Items/Size' is: 'Select'

2019-09-30 18:00:20 - [MESSAGE][PASSED] - Text of object 'Object Repository/Page_cabi Order Items/Size' is: 'Select'

2019-09-30 18:00:20 - [TEST_STEP][PASSED] - sizeOptions = findWebElements(findTestObject("Object Repository/Page_cabi Order Items/Size"), 5): null

2019-09-30 18:00:20 - [TEST_STEP][PASSED] - actualRange = new java.util.ArrayList(): null

2019-09-30 18:00:20 - [TEST_STEP][PASSED] - expectedRange = <not implemented yet for class: org.codehaus.groovy.ast.expr.EmptyExpression>: null

2019-09-30 18:00:20 - [TEST_STEP][PASSED] - if (sizeType.equalsIgnoreCase("Select")): null

2019-09-30 18:00:20 - [TEST_STEP][PASSED] - for ([i = 1, i < sizeOptions.size(), (i++)]): null

2019-09-30 18:00:20 - [TEST_STEP][PASSED] - actualRange.add(getAttribute("value").toString()): null

2019-09-30 18:00:20 - [TEST_STEP][PASSED] - actualRange.add(getAttribute("value").toString()): null

2019-09-30 18:00:20 - [TEST_STEP][PASSED] - actualRange.add(getAttribute("value").toString()): null

2019-09-30 18:00:20 - [TEST_STEP][PASSED] - actualRange.add(getAttribute("value").toString()): null

2019-09-30 18:00:20 - [TEST_STEP][PASSED] - actualRange.add(getAttribute("value").toString()): null

2019-09-30 18:00:20 - [TEST_STEP][PASSED] - if (toString().equalsIgnoreCase("XS") || toString().equalsIgnoreCase("XXS")): null

2019-09-30 18:00:20 - [TEST_STEP][PASSED] - expectedRange = UtilityMethods.getExpectedRange(sizeRange1, sizeRangeSplit): null

2019-09-30 18:00:20 - [TEST_STEP][PASSED] - println("XS"): null

2019-09-30 18:00:20 - [TEST_STEP][PASSED] - println(expectedRange.toString()): null

2019-09-30 18:00:20 - [TEST_STEP][PASSED] - sa.assertTrue(UtilityMethods.listEquals(expectedRange, actualRange)): null

2019-09-30 18:00:20 - [TEST_STEP][PASSED] - delay(2): Delayed 2 second(s)

2019-09-30 18:00:22 - [MESSAGE][PASSED] - Delayed 2 second(s)

2019-09-30 18:00:22 - [TEST_STEP][PASSED] - verifyElementText(findTestObject("Page_cabi Order Items/product_title"), findTestData("productData").getValue("Description", row), CONTINUE_ON_FAILURE): Actual text and expected text of test object 'Object Repository/Page_cabi Order Items/product_title' are matched.

2019-09-30 18:00:22 - [MESSAGE][PASSED] - Actual text and expected text of test object 'Object Repository/Page_cabi Order Items/product_title' are matched.

2019-09-30 18:00:22 - [TEST_STEP][PASSED] - verifyElementText(findTestObject("Page_cabi Order Items/product_fabric"), findTestData("productData").getValue("FinalContent", row), CONTINUE_ON_FAILURE): Actual text and expected text of test object 'Object Repository/Page_cabi Order Items/product_fabric' are matched.

2019-09-30 18:00:22 - [MESSAGE][PASSED] - Actual text and expected text of test object 'Object Repository/Page_cabi Order Items/product_fabric' are matched.

2019-09-30 18:00:22 - [TEST_STEP][PASSED] - actualCasreIntrn = "<div>" + getText(findTestObject("Page_cabi Order Items/care_instruction")) + "</div>": Text of object 'Object Repository/Page_cabi Order Items/care_instruction' is: 'Turn garment inside out and place in a mesh bag. Machine wash separately in cold water on the delicate cycle. Only non-chlorine bleach if needed. Do not twist or wring. Lay flat to dry. Warm iron if needed. Can be washed by hand.'

2019-09-30 18:00:22 - [MESSAGE][PASSED] - Text of object 'Object Repository/Page_cabi Order Items/care_instruction' is: 'Turn garment inside out and place in a mesh bag. Machine wash separately in cold water on the delicate cycle. Only non-chlorine bleach if needed. Do not twist or wring. Lay flat to dry. Warm iron if needed. Can be washed by hand.'

2019-09-30 18:00:22 - [TEST_STEP][PASSED] - sa.assertTrue(actualCasreIntrn.equals(findTestData("productData").getValue("CareInstr", row))): null

2019-09-30 18:00:22 - [TEST_STEP][PASSED] - sa = new org.testng.asserts.SoftAssert(): null

2019-09-30 18:00:22 - [TEST_STEP][PASSED] - setText(findTestObject("Object Repository/Page_cabi Order Items/input_New Arrivals - Blooming Blush_style"), findTestData("productData").getValue("Style", row)): Text '3875' is set on object 'Object Repository/Page_cabi Order Items/input_New Arrivals - Blooming Blush_style'

2019-09-30 18:00:22 - [MESSAGE][PASSED] - Text '3875' is set on object 'Object Repository/Page_cabi Order Items/input_New Arrivals - Blooming Blush_style'

2019-09-30 18:00:22 - [TEST_STEP][PASSED] - sendKeys(findTestObject("Object Repository/Page_cabi Order Items/input_New Arrivals - Blooming Blush_style"), Keys.chord(ENTER)): Keys 'ENTER + ' sent to object: 'Object Repository/Page_cabi Order Items/input_New Arrivals - Blooming Blush_style'

2019-09-30 18:00:22 - [MESSAGE][PASSED] - Keys 'ENTER + ' sent to object: 'Object Repository/Page_cabi Order Items/input_New Arrivals - Blooming Blush_style'

2019-09-30 18:00:22 - [TEST_STEP][PASSED] - delay(2): Delayed 2 second(s)

2019-09-30 18:00:24 - [MESSAGE][PASSED] - Delayed 2 second(s)

2019-09-30 18:00:24 - [TEST_STEP][PASSED] - executeJavaScript("arguments[0].click()", Arrays.asList(findWebElement(findTestObject("Object Repository/Page_cabi Order Items/input_New Arrivals - Blooming Blush_style"), 30))): Execute JavaScript 'arguments[0].click()' successfully

2019-09-30 18:00:24 - [MESSAGE][PASSED] - Execute JavaScript 'arguments[0].click()' successfully

2019-09-30 18:00:24 - [TEST_STEP][PASSED] - delay(2): Delayed 2 second(s)

2019-09-30 18:00:26 - [MESSAGE][PASSED] - Delayed 2 second(s)

2019-09-30 18:00:26 - [TEST_STEP][PASSED] - if (toString().equalsIgnoreCase("no")): null

2019-09-30 18:00:26 - [TEST_STEP][PASSED] - else: null

2019-09-30 18:00:26 - [TEST_STEP][PASSED] - click(findTestObject("Page_cabi Order Items/li_order_item")): Object: 'Object Repository/Page_cabi Order Items/li_order_item' is clicked on

2019-09-30 18:00:26 - [MESSAGE][PASSED] - Object: 'Object Repository/Page_cabi Order Items/li_order_item' is clicked on

2019-09-30 18:00:26 - [TEST_STEP][PASSED] - delay(5): Delayed 5 second(s)

2019-09-30 18:00:31 - [MESSAGE][PASSED] - Delayed 5 second(s)

2019-09-30 18:00:31 - [TEST_STEP][PASSED] - imgString1 = getValue("Style", row).toString(): null

2019-09-30 18:00:31 - [TEST_STEP][PASSED] - imagePath = UtilityMethods.createScreenshotImagePath(storeType, imgString1): null

2019-09-30 18:00:31 - [TEST_STEP][PASSED] - println(imagePath): null

2019-09-30 18:00:31 - [TEST_STEP][PASSED] - takeScreenshot(imagePath): Taking screenshot successfully

2019-09-30 18:00:32 - [MESSAGE][PASSED] - Taking screenshot successfully
[[ATTACHMENT|C:\\Users\\user\\Documents\\testautomation\\KatalonProjects\\productImages\\BOPersonal_3875 image.png]]

2019-09-30 18:00:32 - [TEST_STEP][PASSED] - verifyElementText(findTestObject("Page_cabi Order Items/GetAttribute_getID"), findTestData("productData").getValue("Style", row), CONTINUE_ON_FAILURE): Actual text and expected text of test object 'Object Repository/Page_cabi Order Items/GetAttribute_getID' are matched.

2019-09-30 18:00:32 - [MESSAGE][PASSED] - Actual text and expected text of test object 'Object Repository/Page_cabi Order Items/GetAttribute_getID' are matched.

2019-09-30 18:00:32 - [TEST_STEP][PASSED] - colorOptions = findWebElements(findTestObject("Page_cabi Order Items/GetAttribute_Color"), 5): null

2019-09-30 18:00:32 - [TEST_STEP][PASSED] - println(colorOptions.size()): null

2019-09-30 18:00:32 - [TEST_STEP][PASSED] - expectedColour = findTestData("productData").getValue("Color", row): null

2019-09-30 18:00:32 - [TEST_STEP][PASSED] - println("expected colour is"): null

2019-09-30 18:00:32 - [TEST_STEP][PASSED] - println(expectedColour): null

2019-09-30 18:00:32 - [TEST_STEP][PASSED] - colourVerified = false: null

2019-09-30 18:00:32 - [TEST_STEP][PASSED] - for (org.openqa.selenium.WebElement op : colorOptions): null

2019-09-30 18:00:32 - [TEST_STEP][PASSED] - println(op.getText()): null

2019-09-30 18:00:32 - [TEST_STEP][PASSED] - if (expectedColour.equalsIgnoreCase(op.getText())): null

2019-09-30 18:00:32 - [TEST_STEP][PASSED] - colourVerified = true: null

2019-09-30 18:00:32 - [TEST_STEP][PASSED] - break: null

2019-09-30 18:00:32 - [TEST_STEP][PASSED] - sa.assertTrue(colourVerified): null

2019-09-30 18:00:32 - [TEST_STEP][PASSED] - getPrice = getText(findTestObject("Page_cabi Order Items/GetAttribute_Price")): Text of object 'Object Repository/Page_cabi Order Items/GetAttribute_Price' is: 'Price : $159.00'

2019-09-30 18:00:32 - [MESSAGE][PASSED] - Text of object 'Object Repository/Page_cabi Order Items/GetAttribute_Price' is: 'Price : $159.00'

2019-09-30 18:00:32 - [TEST_STEP][PASSED] - Split_Data = UtilityMethods.SplitData(getPrice): null

2019-09-30 18:00:32 - [TEST_STEP][PASSED] - verifyMatch(Split_Data, findTestData("productData").getValue("Retail", row), true, CONTINUE_ON_FAILURE): Actual text '159' and expected text '159' are matched  using regular expression

2019-09-30 18:00:32 - [MESSAGE][PASSED] - Actual text '159' and expected text '159' are matched  using regular expression

2019-09-30 18:00:32 - [TEST_STEP][PASSED] - sizeRange1 = ["XXS", "XS", "S", "M", "L", "XL"]: null

2019-09-30 18:00:32 - [TEST_STEP][PASSED] - sizeRange2 = ["00", "0", "2", "4", "6", "8", "10", "12", "14", "16"]: null

2019-09-30 18:00:32 - [TEST_STEP][PASSED] - sizeRange3 = ["Long", "Regular", "Short"]: null

2019-09-30 18:00:32 - [TEST_STEP][PASSED] - sizeRange4 = ["5", "6", "6.5", "7", "7.5", "8", "8.5", "9", "9.5", "10", "11"]: null

2019-09-30 18:00:32 - [TEST_STEP][PASSED] - sizeRange5 = ["XS/S", "M/L"]: null

2019-09-30 18:00:32 - [TEST_STEP][PASSED] - sizeRangeSplit = UtilityMethods.SplitSizes(findTestData("productData").getValue("SzRange", row)): null

2019-09-30 18:00:32 - [TEST_STEP][PASSED] - sizeType = getText(findTestObject("Object Repository/Page_cabi Order Items/Size")): Text of object 'Object Repository/Page_cabi Order Items/Size' is: 'Select'

2019-09-30 18:00:32 - [MESSAGE][PASSED] - Text of object 'Object Repository/Page_cabi Order Items/Size' is: 'Select'

2019-09-30 18:00:32 - [TEST_STEP][PASSED] - sizeOptions = findWebElements(findTestObject("Object Repository/Page_cabi Order Items/Size"), 5): null

2019-09-30 18:00:32 - [TEST_STEP][PASSED] - actualRange = new java.util.ArrayList(): null

2019-09-30 18:00:32 - [TEST_STEP][PASSED] - expectedRange = <not implemented yet for class: org.codehaus.groovy.ast.expr.EmptyExpression>: null

2019-09-30 18:00:32 - [TEST_STEP][PASSED] - if (sizeType.equalsIgnoreCase("Select")): null

2019-09-30 18:00:32 - [TEST_STEP][PASSED] - for ([i = 1, i < sizeOptions.size(), (i++)]): null

2019-09-30 18:00:32 - [TEST_STEP][PASSED] - actualRange.add(getAttribute("value").toString()): null

2019-09-30 18:00:32 - [TEST_STEP][PASSED] - actualRange.add(getAttribute("value").toString()): null

2019-09-30 18:00:32 - [TEST_STEP][PASSED] - actualRange.add(getAttribute("value").toString()): null

2019-09-30 18:00:32 - [TEST_STEP][PASSED] - actualRange.add(getAttribute("value").toString()): null

2019-09-30 18:00:32 - [TEST_STEP][PASSED] - actualRange.add(getAttribute("value").toString()): null

2019-09-30 18:00:32 - [TEST_STEP][PASSED] - if (toString().equalsIgnoreCase("XS") || toString().equalsIgnoreCase("XXS")): null

2019-09-30 18:00:32 - [TEST_STEP][PASSED] - expectedRange = UtilityMethods.getExpectedRange(sizeRange1, sizeRangeSplit): null

2019-09-30 18:00:32 - [TEST_STEP][PASSED] - println("XS"): null

2019-09-30 18:00:32 - [TEST_STEP][PASSED] - println(expectedRange.toString()): null

2019-09-30 18:00:32 - [TEST_STEP][PASSED] - sa.assertTrue(UtilityMethods.listEquals(expectedRange, actualRange)): null

2019-09-30 18:00:32 - [TEST_STEP][PASSED] - delay(2): Delayed 2 second(s)

2019-09-30 18:00:34 - [MESSAGE][PASSED] - Delayed 2 second(s)

2019-09-30 18:00:34 - [TEST_STEP][PASSED] - verifyElementText(findTestObject("Page_cabi Order Items/product_title"), findTestData("productData").getValue("Description", row), CONTINUE_ON_FAILURE): Actual text and expected text of test object 'Object Repository/Page_cabi Order Items/product_title' are matched.

2019-09-30 18:00:34 - [MESSAGE][PASSED] - Actual text and expected text of test object 'Object Repository/Page_cabi Order Items/product_title' are matched.

2019-09-30 18:00:34 - [TEST_STEP][PASSED] - verifyElementText(findTestObject("Page_cabi Order Items/product_fabric"), findTestData("productData").getValue("FinalContent", row), CONTINUE_ON_FAILURE): Actual text and expected text of test object 'Object Repository/Page_cabi Order Items/product_fabric' are matched.

2019-09-30 18:00:34 - [MESSAGE][PASSED] - Actual text and expected text of test object 'Object Repository/Page_cabi Order Items/product_fabric' are matched.

2019-09-30 18:00:34 - [TEST_STEP][PASSED] - actualCasreIntrn = "<div>" + getText(findTestObject("Page_cabi Order Items/care_instruction")) + "</div>": Text of object 'Object Repository/Page_cabi Order Items/care_instruction' is: 'Turn garment inside out and place in a mesh bag. Machine wash separately in cold water on the delicate cycle. Only non-chlorine bleach if needed. Do not twist or wring. Lay flat to dry. Steam iron only if needed. Do not press with flat iron. Can be dry cleaned.'

2019-09-30 18:00:34 - [MESSAGE][PASSED] - Text of object 'Object Repository/Page_cabi Order Items/care_instruction' is: 'Turn garment inside out and place in a mesh bag. Machine wash separately in cold water on the delicate cycle. Only non-chlorine bleach if needed. Do not twist or wring. Lay flat to dry. Steam iron only if needed. Do not press with flat iron. Can be dry cleaned.'

2019-09-30 18:00:34 - [TEST_STEP][PASSED] - sa.assertTrue(actualCasreIntrn.equals(findTestData("productData").getValue("CareInstr", row))): null

2019-09-30 18:00:34 - [MESSAGE][PASSED] - Call Test Case 'Test Cases/NewArrival/productVerify' successfully

2019-09-30 18:00:34 - [TEST_STEP][PASSED] - callTestCase(findTestCase("NewArrival/populateTimeGlobalVars"), ["row":timeRow], CONTINUE_ON_FAILURE): Call Test Case 'Test Cases/NewArrival/populateTimeGlobalVars' successfully

2019-09-30 18:00:34 - [TEST_CASE][PASSED] - Test Cases/NewArrival/populateTimeGlobalVars: Test Cases/NewArrival/populateTimeGlobalVars

2019-09-30 18:00:34 - [TEST_STEP][PASSED] - dataFile = "timezoneData": null

2019-09-30 18:00:34 - [TEST_STEP][PASSED] - clockServerTarget = UtilityMethods.getTestData("envtData", "clockServerTarget", 1): null

2019-09-30 18:00:34 - [TEST_STEP][PASSED] - println(clockServerTarget): null

2019-09-30 18:00:34 - [TEST_STEP][PASSED] - orderType = UtilityMethods.getTestData(dataFile, "orderType", row): null

2019-09-30 18:00:34 - [TEST_STEP][PASSED] - timeZone = UtilityMethods.getTestData(dataFile, "timeZone", row): null

2019-09-30 18:00:34 - [TEST_STEP][PASSED] - BOPersonal = UtilityMethods.getTestData(dataFile, "BOPersonal", row): null

2019-09-30 18:00:34 - [TEST_STEP][PASSED] - BOAddonPersonal = UtilityMethods.getTestData(dataFile, "BOAddonPersonal", row): null

2019-09-30 18:00:34 - [TEST_STEP][PASSED] - BOAddonRetail = UtilityMethods.getTestData(dataFile, "BOAddonRetail", row): null

2019-09-30 18:00:34 - [TEST_STEP][PASSED] - BORetail = UtilityMethods.getTestData(dataFile, "BORetail", row): null

2019-09-30 18:00:34 - [TEST_STEP][PASSED] - BOShow = UtilityMethods.getTestData(dataFile, "BOShow", row): null

2019-09-30 18:00:34 - [TEST_STEP][PASSED] - BOOnlineoutlet = UtilityMethods.getTestData(dataFile, "BOOnlineoutlet", row): null

2019-09-30 18:00:34 - [TEST_STEP][PASSED] - BOEmployee = UtilityMethods.getTestData(dataFile, "BOEmployee", row): null

2019-09-30 18:00:34 - [TEST_STEP][PASSED] - CCPersonal = UtilityMethods.getTestData(dataFile, "CCPersonal", row): null

2019-09-30 18:00:34 - [TEST_STEP][PASSED] - CCRetail = UtilityMethods.getTestData(dataFile, "CCRetail", row): null

2019-09-30 18:00:34 - [TEST_STEP][PASSED] - CCShow = UtilityMethods.getTestData(dataFile, "CCShow", row): null

2019-09-30 18:00:34 - [TEST_STEP][PASSED] - BOEblast = UtilityMethods.getTestData(dataFile, "BOEblast", row): null

2019-09-30 18:00:34 - [TEST_STEP][PASSED] - println(row): null

2019-09-30 18:00:34 - [TEST_STEP][PASSED] - println(BOPersonal): null

2019-09-30 18:00:34 - [MESSAGE][PASSED] - Call Test Case 'Test Cases/NewArrival/populateTimeGlobalVars' successfully

2019-09-30 18:00:34 - [TEST_STEP][PASSED] - callTestCase(findTestCase("NewArrival/setTimezone"), ["ofbizURL":"", "ofbizuser":"", "ofbizpass":"", "orderType":orderType, "timeZone":timeZone, "serverTarget":serverTarget, "clockServerTarget":clockServerTarget], CONTINUE_ON_FAILURE): Call Test Case 'Test Cases/NewArrival/setTimezone' successfully

2019-09-30 18:00:34 - [TEST_CASE][PASSED] - Test Cases/NewArrival/setTimezone: Test Cases/NewArrival/setTimezone

2019-09-30 18:00:34 - [TEST_STEP][PASSED] - openBrowser(""): Browser is opened with url: ''

2019-09-30 18:00:34 - [MESSAGE][WARNING] - A browser is already opened. Closing browser and opening a new one

2019-09-30 18:00:35 - [MESSAGE][INFO] - Starting 'Chrome' driver

2019-09-30 18:00:35 - [MESSAGE][INFO] - User set preference: ['args', '[--use-fake-ui-for-media-stream, --start-maximized]']

2019-09-30 18:00:37 - [MESSAGE][PASSED] - Browser is opened with url: ''

2019-09-30 18:00:37 - [TEST_STEP][NOT_RUN] - maximizeWindow(): NOT_RUN: maximizeWindow()

2019-09-30 18:00:37 - [MESSAGE][NOT_RUN] - NOT_RUN: maximizeWindow()

2019-09-30 18:00:37 - [TEST_STEP][PASSED] - ofbizURL = findTestData("envtData").getValue("ofbizURL", 1): null

2019-09-30 18:00:37 - [TEST_STEP][PASSED] - ofbizuser = findTestData("credData").getValue("ofbizuser", 1): null

2019-09-30 18:00:37 - [TEST_STEP][PASSED] - ofbizpass = findTestData("credData").getValue("ofbizpass", 1): null

2019-09-30 18:00:37 - [TEST_STEP][PASSED] - navigateToUrl(ofbizURL): Navigate to 'https://pushofbiz.cliotest.com/login.php' successfully

2019-09-30 18:00:39 - [MESSAGE][PASSED] - Navigate to 'https://pushofbiz.cliotest.com/login.php' successfully

2019-09-30 18:00:39 - [TEST_STEP][PASSED] - setText(findTestObject("Page_/input_Username_username"), ofbizuser): Text 'automation' is set on object 'Object Repository/Page_/input_Username_username'

2019-09-30 18:00:39 - [MESSAGE][PASSED] - Text 'automation' is set on object 'Object Repository/Page_/input_Username_username'

2019-09-30 18:00:39 - [TEST_STEP][PASSED] - setText(findTestObject("Page_/input_Password_password"), ofbizpass): Text 'cabiautomation' is set on object 'Object Repository/Page_/input_Password_password'

2019-09-30 18:00:39 - [MESSAGE][PASSED] - Text 'cabiautomation' is set on object 'Object Repository/Page_/input_Password_password'

2019-09-30 18:00:39 - [TEST_STEP][PASSED] - click(findTestObject("Page_/input_Password_Submit")): Object: 'Object Repository/Page_/input_Password_Submit' is clicked on

2019-09-30 18:00:43 - [MESSAGE][PASSED] - Object: 'Object Repository/Page_/input_Password_Submit' is clicked on

2019-09-30 18:00:43 - [TEST_STEP][PASSED] - click(findTestObject("Object Repository/Page_/a_Clock set")): Object: 'Object Repository/Page_/a_Clock set' is clicked on

2019-09-30 18:00:43 - [MESSAGE][PASSED] - Object: 'Object Repository/Page_/a_Clock set' is clicked on

2019-09-30 18:00:43 - [TEST_STEP][PASSED] - cst = UtilityMethods.createTestObject("select_target", "//select[@name='Target']/option[contains(text(), '", clockServerTarget, "')]"): null

2019-09-30 18:00:43 - [TEST_STEP][PASSED] - println(clockServerTarget): null

2019-09-30 18:00:43 - [TEST_STEP][PASSED] - click(cst): Object: 'select_target' is clicked on

2019-09-30 18:00:44 - [MESSAGE][PASSED] - Object: 'select_target' is clicked on

2019-09-30 18:00:44 - [TEST_STEP][PASSED] - click(findTestObject("Page_/thisDateAndTime")): Object: 'Object Repository/Page_/thisDateAndTime' is clicked on

2019-09-30 18:00:44 - [MESSAGE][PASSED] - Object: 'Object Repository/Page_/thisDateAndTime' is clicked on

2019-09-30 18:00:44 - [TEST_STEP][PASSED] - setText(findTestObject("Object Repository/Page_/setTargetTime"), timeZone): Text ' 11/20/2019 00:00' is set on object 'Object Repository/Page_/setTargetTime'

2019-09-30 18:00:44 - [MESSAGE][PASSED] - Text ' 11/20/2019 00:00' is set on object 'Object Repository/Page_/setTargetTime'

2019-09-30 18:00:44 - [TEST_STEP][PASSED] - click(findTestObject("Object Repository/Page_/input")): Object: 'Object Repository/Page_/input' is clicked on

2019-09-30 18:00:44 - [MESSAGE][PASSED] - Object: 'Object Repository/Page_/input' is clicked on

2019-09-30 18:00:44 - [TEST_STEP][PASSED] - delay(10): Delayed 10 second(s)

2019-09-30 18:00:54 - [MESSAGE][PASSED] - Delayed 10 second(s)

2019-09-30 18:00:54 - [TEST_STEP][NOT_RUN] - closeBrowser(): NOT_RUN: closeBrowser()

2019-09-30 18:00:54 - [MESSAGE][NOT_RUN] - NOT_RUN: closeBrowser()

2019-09-30 18:00:54 - [MESSAGE][PASSED] - Call Test Case 'Test Cases/NewArrival/setTimezone' successfully

2019-09-30 18:00:54 - [TEST_STEP][PASSED] - callTestCase(findTestCase("TestCaseUtilities/backOfficeLogin"), ["BOURL":"", "BOuser":"", "BOpass":""], CONTINUE_ON_FAILURE): Call Test Case 'Test Cases/TestCaseUtilities/backOfficeLogin' successfully

2019-09-30 18:00:54 - [TEST_CASE][PASSED] - Test Cases/TestCaseUtilities/backOfficeLogin: Test Cases/TestCaseUtilities/backOfficeLogin

2019-09-30 18:00:54 - [TEST_STEP][PASSED] - BOURL = findTestData("envtData").getValue("BOURL", 1): null

2019-09-30 18:00:54 - [TEST_STEP][PASSED] - BOuser = findTestData("credData").getValue("BOuser", 1): null

2019-09-30 18:00:54 - [TEST_STEP][PASSED] - BOpass = findTestData("credData").getValue("BOpass", 1): null

2019-09-30 18:00:55 - [TEST_STEP][PASSED] - openBrowser(""): Browser is opened with url: ''

2019-09-30 18:00:55 - [MESSAGE][WARNING] - A browser is already opened. Closing browser and opening a new one

2019-09-30 18:00:55 - [MESSAGE][INFO] - Starting 'Chrome' driver

2019-09-30 18:00:55 - [MESSAGE][INFO] - User set preference: ['args', '[--use-fake-ui-for-media-stream, --start-maximized]']

2019-09-30 18:00:57 - [MESSAGE][PASSED] - Browser is opened with url: ''

2019-09-30 18:00:57 - [TEST_STEP][PASSED] - navigateToUrl(BOURL): Navigate to 'https://test4.cliotest.com/backoffice/control/main' successfully

2019-09-30 18:01:04 - [MESSAGE][PASSED] - Navigate to 'https://test4.cliotest.com/backoffice/control/main' successfully

2019-09-30 18:01:04 - [TEST_STEP][PASSED] - logOut = findWebElements(findTestObject("Object Repository/Page_cabi Home/log_out"), 1): Unable to find the element located by 'By.xpath: //a[contains(text(),'Log Out')]'. Please recheck the objects properties to make sure the desired element is located. 

2019-09-30 18:01:05 - [MESSAGE][INFO] - Unable to find the element located by 'By.xpath: //a[contains(text(),'Log Out')]'. Please recheck the objects properties to make sure the desired element is located. 

2019-09-30 18:01:05 - [TEST_STEP][PASSED] - if (logOut.size() == 0): Object: 'Object Repository/Page_cabi/input_Welcome to_consultantLogin' is clicked on

2019-09-30 18:01:05 - [TEST_STEP][PASSED] - setText(findTestObject("Page_cabi/input_Welcome to_USERNAME"), BOuser): Text '400000002' is set on object 'Object Repository/Page_cabi/input_Welcome to_USERNAME'

2019-09-30 18:01:05 - [MESSAGE][PASSED] - Text '400000002' is set on object 'Object Repository/Page_cabi/input_Welcome to_USERNAME'

2019-09-30 18:01:05 - [TEST_STEP][PASSED] - setText(findTestObject("Object Repository/Page_cabi/input_Welcome to_PASSWORD"), BOpass): Text 'blackdress19' is set on object 'Object Repository/Page_cabi/input_Welcome to_PASSWORD'

2019-09-30 18:01:06 - [MESSAGE][PASSED] - Text 'blackdress19' is set on object 'Object Repository/Page_cabi/input_Welcome to_PASSWORD'

2019-09-30 18:01:06 - [TEST_STEP][PASSED] - click(findTestObject("Object Repository/Page_cabi/input_Welcome to_consultantLogin")): Object: 'Object Repository/Page_cabi/input_Welcome to_consultantLogin' is clicked on

2019-09-30 18:01:14 - [MESSAGE][PASSED] - Object: 'Object Repository/Page_cabi/input_Welcome to_consultantLogin' is clicked on

2019-09-30 18:01:14 - [TEST_STEP][PASSED] - delay(3): Delayed 3 second(s)

2019-09-30 18:01:17 - [MESSAGE][PASSED] - Delayed 3 second(s)

2019-09-30 18:01:17 - [MESSAGE][PASSED] - Call Test Case 'Test Cases/TestCaseUtilities/backOfficeLogin' successfully

2019-09-30 18:01:17 - [TEST_STEP][PASSED] - click(findTestObject("Object Repository/Page_cabi Home/a_Shows  Orders")): Object: 'Object Repository/Page_cabi Home/a_Shows  Orders' is clicked on

2019-09-30 18:01:17 - [MESSAGE][PASSED] - Object: 'Object Repository/Page_cabi Home/a_Shows  Orders' is clicked on

2019-09-30 18:01:17 - [TEST_STEP][PASSED] - click(findTestObject("Page_cabi Home/a_personal_purchases")): Object: 'Object Repository/Page_cabi Home/a_personal_purchases' is clicked on

2019-09-30 18:01:19 - [MESSAGE][PASSED] - Object: 'Object Repository/Page_cabi Home/a_personal_purchases' is clicked on

2019-09-30 18:01:19 - [TEST_STEP][PASSED] - click(findTestObject("Object Repository/Page_cabi Personal Store/span_Continue to Order")): Object: 'Object Repository/Page_cabi Personal Store/span_Continue to Order' is clicked on

2019-09-30 18:01:20 - [MESSAGE][PASSED] - Object: 'Object Repository/Page_cabi Personal Store/span_Continue to Order' is clicked on

2019-09-30 18:01:20 - [TEST_STEP][PASSED] - println(BOPersonal): null

2019-09-30 18:01:20 - [TEST_STEP][FAILED] - callTestCase(findTestCase("NewArrival/productVerify"), ["available":BOPersonal, "storeType":"BOPersonal"], CONTINUE_ON_FAILURE): for ([timeRow = 1, timeRow <= findTestData("timezoneData").getRowNumbers(), (timeRow++)]) FAILED.
Reason:
com.kms.katalon.core.exception.StepFailedException: Unable to call Test Case 'Test Cases/NewArrival/productVerify' (Root cause: com.kms.katalon.core.exception.StepFailedException: Call Test Case 'Test Cases/NewArrival/productVerify' failed
	at com.kms.katalon.core.keyword.builtin.CallTestCaseKeyword$_callTestCase_closure1.doCall(CallTestCaseKeyword.groovy:63)
	at com.kms.katalon.core.keyword.builtin.CallTestCaseKeyword$_callTestCase_closure1.call(CallTestCaseKeyword.groovy)
	at com.kms.katalon.core.keyword.internal.KeywordMain.runKeyword(KeywordMain.groovy:66)
	at com.kms.katalon.core.keyword.builtin.CallTestCaseKeyword.callTestCase(CallTestCaseKeyword.groovy:81)
	at com.kms.katalon.core.keyword.builtin.CallTestCaseKeyword.execute(CallTestCaseKeyword.groovy:44)
	at com.kms.katalon.core.keyword.internal.KeywordExecutor.executeKeywordForPlatform(KeywordExecutor.groovy:56)
	at com.kms.katalon.core.keyword.BuiltinKeywords.callTestCase(BuiltinKeywords.groovy:334)
	at BOPersonal.run(BOPersonal:34)
	at com.kms.katalon.core.main.ScriptEngine.run(ScriptEngine.java:194)
	at com.kms.katalon.core.main.ScriptEngine.runScriptAsRawText(ScriptEngine.java:119)
	at com.kms.katalon.core.main.TestCaseExecutor.runScript(TestCaseExecutor.java:342)
	at com.kms.katalon.core.main.TestCaseExecutor.doExecute(TestCaseExecutor.java:333)
	at com.kms.katalon.core.main.TestCaseExecutor.processExecutionPhase(TestCaseExecutor.java:312)
	at com.kms.katalon.core.main.TestCaseExecutor.accessMainPhase(TestCaseExecutor.java:304)
	at com.kms.katalon.core.main.TestCaseExecutor.execute(TestCaseExecutor.java:238)
	at com.kms.katalon.core.main.TestSuiteExecutor.accessTestCaseMainPhase(TestSuiteExecutor.java:129)
	at com.kms.katalon.core.main.TestSuiteExecutor.accessTestSuiteMainPhase(TestSuiteExecutor.java:112)
	at com.kms.katalon.core.main.TestSuiteExecutor.execute(TestSuiteExecutor.java:81)
	at com.kms.katalon.core.main.TestCaseMain.startTestSuite(TestCaseMain.java:157)
	at com.kms.katalon.core.main.TestCaseMain$startTestSuite$0.call(Unknown Source)
	at TempTestSuite1569845893515.run(TempTestSuite1569845893515.groovy:35)
Caused by: com.kms.katalon.core.exception.StepFailedException: Unable to execute JavaScript.
	at com.kms.katalon.core.webui.keyword.internal.WebUIKeywordMain.stepFailed(WebUIKeywordMain.groovy:64)
	at com.kms.katalon.core.webui.keyword.internal.WebUIKeywordMain.runKeyword(WebUIKeywordMain.groovy:26)
	at com.kms.katalon.core.webui.keyword.builtin.ExecuteJavaScriptKeyword.executeJavascript(ExecuteJavascriptKeyword.groovy:42)
	at com.kms.katalon.core.webui.keyword.builtin.ExecuteJavaScriptKeyword.execute(ExecuteJavascriptKeyword.groovy:37)
	at com.kms.katalon.core.keyword.internal.KeywordExecutor.executeKeywordForPlatform(KeywordExecutor.groovy:56)
	at com.kms.katalon.core.webui.keyword.WebUiBuiltInKeywords.executeJavaScript(WebUiBuiltInKeywords.groovy:3787)
	at com.kms.katalon.core.webui.keyword.WebUiBuiltInKeywords$executeJavaScript$4.call(Unknown Source)
	at productVerify.run(productVerify:25)
	at com.kms.katalon.core.main.ScriptEngine.run(ScriptEngine.java:194)
	at com.kms.katalon.core.main.ScriptEngine.runScriptAsRawText(ScriptEngine.java:119)
	at com.kms.katalon.core.main.TestCaseExecutor.runScript(TestCaseExecutor.java:342)
	at com.kms.katalon.core.main.TestCaseExecutor.doExecute(TestCaseExecutor.java:333)
	at com.kms.katalon.core.main.TestCaseExecutor.processExecutionPhase(TestCaseExecutor.java:312)
	at com.kms.katalon.core.main.TestCaseExecutor.accessMainPhase(TestCaseExecutor.java:304)
	at com.kms.katalon.core.main.TestCaseExecutor.execute(TestCaseExecutor.java:238)
	at com.kms.katalon.core.main.TestCaseMain.runTestCase(TestCaseMain.java:114)
	at com.kms.katalon.core.keyword.builtin.CallTestCaseKeyword$_callTestCase_closure1.doCall(CallTestCaseKeyword.groovy:59)
	... 20 more
Caused by: org.openqa.selenium.StaleElementReferenceException: stale element reference: element is not attached to the page document
  (Session info: chrome=77.0.3865.90)
For documentation on this error, please visit: http://seleniumhq.org/exceptions/stale_element_reference.html
Build info: version: '3.7.1', revision: '8a0099a', time: '2017-11-06T21:07:36.161Z'
System info: host: 'NIVEDITA', ip: '10.0.102.244', os.name: 'Windows 8.1', os.arch: 'amd64', os.version: '6.3', java.version: '1.8.0_181'
Driver info: com.kms.katalon.selenium.driver.CChromeDriver
Capabilities {acceptInsecureCerts: false, browserName: chrome, browserVersion: 77.0.3865.90, chrome: {chromedriverVersion: 76.0.3809.68 (420c9498db8ce..., userDataDir: C:\Users\user\AppData\Local...}, goog:chromeOptions: {debuggerAddress: localhost:59772}, javascriptEnabled: true, networkConnectionEnabled: false, pageLoadStrategy: normal, platform: XP, platformName: XP, proxy: Proxy(direct), setWindowRect: true, strictFileInteractability: false, timeouts: {implicit: 0, pageLoad: 300000, script: 30000}, unhandledPromptBehavior: dismiss and notify}
Session ID: 3fff5a1a70d86ea1cda911915c960d06
	at org.openqa.selenium.remote.http.W3CHttpResponseCodec.createException(W3CHttpResponseCodec.java:187)
	at org.openqa.selenium.remote.http.W3CHttpResponseCodec.decode(W3CHttpResponseCodec.java:122)
	at org.openqa.selenium.remote.http.W3CHttpResponseCodec.decode(W3CHttpResponseCodec.java:49)
	at org.openqa.selenium.remote.HttpCommandExecutor.execute(HttpCommandExecutor.java:164)
	at org.openqa.selenium.remote.service.DriverCommandExecutor.execute(DriverCommandExecutor.java:83)
	at org.openqa.selenium.remote.RemoteWebDriver.execute(RemoteWebDriver.java:600)
	at com.kms.katalon.selenium.driver.CChromeDriver.execute(CChromeDriver.java:20)
	at org.openqa.selenium.remote.RemoteWebDriver.executeScript(RemoteWebDriver.java:536)
	at com.kms.katalon.core.webui.keyword.builtin.ExecuteJavaScriptKeyword$_executeJavascript_closure1.doCall(ExecuteJavascriptKeyword.groovy:48)
	at com.kms.katalon.core.webui.keyword.builtin.ExecuteJavaScriptKeyword$_executeJavascript_closure1.call(ExecuteJavascriptKeyword.groovy)
	at com.kms.katalon.core.webui.keyword.internal.WebUIKeywordMain.runKeyword(WebUIKeywordMain.groovy:20)
	at com.kms.katalon.core.webui.keyword.builtin.ExecuteJavaScriptKeyword.executeJavascript(ExecuteJavascriptKeyword.groovy:42)
	at com.kms.katalon.core.webui.keyword.builtin.ExecuteJavaScriptKeyword.execute(ExecuteJavascriptKeyword.groovy:37)
	at com.kms.katalon.core.keyword.internal.KeywordExecutor.executeKeywordForPlatform(KeywordExecutor.groovy:56)
	at com.kms.katalon.core.webui.keyword.WebUiBuiltInKeywords.executeJavaScript(WebUiBuiltInKeywords.groovy:3787)
	at com.kms.katalon.core.webui.keyword.WebUiBuiltInKeywords$executeJavaScript$4.call(Unknown Source)
	at Script1556094475695.run(Script1556094475695.groovy:25)
	at com.kms.katalon.core.main.ScriptEngine.run(ScriptEngine.java:194)
	at com.kms.katalon.core.main.ScriptEngine.runScriptAsRawText(ScriptEngine.java:119)
	at com.kms.katalon.core.main.TestCaseExecutor.runScript(TestCaseExecutor.java:342)
	at com.kms.katalon.core.main.TestCaseExecutor.doExecute(TestCaseExecutor.java:333)
	at com.kms.katalon.core.main.TestCaseExecutor.processExecutionPhase(TestCaseExecutor.java:312)
	at com.kms.katalon.core.main.TestCaseExecutor.accessMainPhase(TestCaseExecutor.java:304)
	at com.kms.katalon.core.main.TestCaseExecutor.execute(TestCaseExecutor.java:238)
	at com.kms.katalon.core.main.TestCaseMain.runTestCase(TestCaseMain.java:114)
	at com.kms.katalon.core.keyword.builtin.CallTestCaseKeyword$_callTestCase_closure1.doCall(CallTestCaseKeyword.groovy:59)
	at com.kms.katalon.core.keyword.builtin.CallTestCaseKeyword$_callTestCase_closure1.call(CallTestCaseKeyword.groovy)
	at com.kms.katalon.core.keyword.internal.KeywordMain.runKeyword(KeywordMain.groovy:66)
	at com.kms.katalon.core.keyword.builtin.CallTestCaseKeyword.callTestCase(CallTestCaseKeyword.groovy:81)
	at com.kms.katalon.core.keyword.builtin.CallTestCaseKeyword.execute(CallTestCaseKeyword.groovy:44)
	at com.kms.katalon.core.keyword.internal.KeywordExecutor.executeKeywordForPlatform(KeywordExecutor.groovy:56)
	at com.kms.katalon.core.keyword.BuiltinKeywords.callTestCase(BuiltinKeywords.groovy:334)
	at Script1561619682896.run(Script1561619682896.groovy:34)
	... 13 more
)
	at com.kms.katalon.core.keyword.internal.KeywordMain.stepFailed(KeywordMain.groovy:37)
	at com.kms.katalon.core.keyword.internal.KeywordMain.stepFailed(KeywordMain.groovy)
	at com.kms.katalon.core.keyword.internal.KeywordMain.runKeyword(KeywordMain.groovy:68)
	at com.kms.katalon.core.keyword.builtin.CallTestCaseKeyword.callTestCase(CallTestCaseKeyword.groovy:81)
	at com.kms.katalon.core.keyword.builtin.CallTestCaseKeyword.execute(CallTestCaseKeyword.groovy:44)
	at com.kms.katalon.core.keyword.internal.KeywordExecutor.executeKeywordForPlatform(KeywordExecutor.groovy:56)
	at com.kms.katalon.core.keyword.BuiltinKeywords.callTestCase(BuiltinKeywords.groovy:334)
	at BOPersonal.run(BOPersonal:34)
	at com.kms.katalon.core.main.ScriptEngine.run(ScriptEngine.java:194)
	at com.kms.katalon.core.main.ScriptEngine.runScriptAsRawText(ScriptEngine.java:119)
	at com.kms.katalon.core.main.TestCaseExecutor.runScript(TestCaseExecutor.java:342)
	at com.kms.katalon.core.main.TestCaseExecutor.doExecute(TestCaseExecutor.java:333)
	at com.kms.katalon.core.main.TestCaseExecutor.processExecutionPhase(TestCaseExecutor.java:312)
	at com.kms.katalon.core.main.TestCaseExecutor.accessMainPhase(TestCaseExecutor.java:304)
	at com.kms.katalon.core.main.TestCaseExecutor.execute(TestCaseExecutor.java:238)
	at com.kms.katalon.core.main.TestSuiteExecutor.accessTestCaseMainPhase(TestSuiteExecutor.java:129)
	at com.kms.katalon.core.main.TestSuiteExecutor.accessTestSuiteMainPhase(TestSuiteExecutor.java:112)
	at com.kms.katalon.core.main.TestSuiteExecutor.execute(TestSuiteExecutor.java:81)
	at com.kms.katalon.core.main.TestCaseMain.startTestSuite(TestCaseMain.java:157)
	at com.kms.katalon.core.main.TestCaseMain$startTestSuite$0.call(Unknown Source)
	at TempTestSuite1569845893515.run(TempTestSuite1569845893515.groovy:35)
Caused by: com.kms.katalon.core.exception.StepFailedException: Call Test Case 'Test Cases/NewArrival/productVerify' failed
	at com.kms.katalon.core.keyword.builtin.CallTestCaseKeyword$_callTestCase_closure1.doCall(CallTestCaseKeyword.groovy:63)
	at com.kms.katalon.core.keyword.builtin.CallTestCaseKeyword$_callTestCase_closure1.call(CallTestCaseKeyword.groovy)
	at com.kms.katalon.core.keyword.internal.KeywordMain.runKeyword(KeywordMain.groovy:66)
	... 18 more
Caused by: com.kms.katalon.core.exception.StepFailedException: Unable to execute JavaScript.
	at com.kms.katalon.core.webui.keyword.internal.WebUIKeywordMain.stepFailed(WebUIKeywordMain.groovy:64)
	at com.kms.katalon.core.webui.keyword.internal.WebUIKeywordMain.runKeyword(WebUIKeywordMain.groovy:26)
	at com.kms.katalon.core.webui.keyword.builtin.ExecuteJavaScriptKeyword.executeJavascript(ExecuteJavascriptKeyword.groovy:42)
	at com.kms.katalon.core.webui.keyword.builtin.ExecuteJavaScriptKeyword.execute(ExecuteJavascriptKeyword.groovy:37)
	at com.kms.katalon.core.keyword.internal.KeywordExecutor.executeKeywordForPlatform(KeywordExecutor.groovy:56)
	at com.kms.katalon.core.webui.keyword.WebUiBuiltInKeywords.executeJavaScript(WebUiBuiltInKeywords.groovy:3787)
	at com.kms.katalon.core.webui.keyword.WebUiBuiltInKeywords$executeJavaScript$4.call(Unknown Source)
	at productVerify.run(productVerify:25)
	at com.kms.katalon.core.main.ScriptEngine.run(ScriptEngine.java:194)
	at com.kms.katalon.core.main.ScriptEngine.runScriptAsRawText(ScriptEngine.java:119)
	at com.kms.katalon.core.main.TestCaseExecutor.runScript(TestCaseExecutor.java:342)
	at com.kms.katalon.core.main.TestCaseExecutor.doExecute(TestCaseExecutor.java:333)
	at com.kms.katalon.core.main.TestCaseExecutor.processExecutionPhase(TestCaseExecutor.java:312)
	at com.kms.katalon.core.main.TestCaseExecutor.accessMainPhase(TestCaseExecutor.java:304)
	at com.kms.katalon.core.main.TestCaseExecutor.execute(TestCaseExecutor.java:238)
	at com.kms.katalon.core.main.TestCaseMain.runTestCase(TestCaseMain.java:114)
	at com.kms.katalon.core.keyword.builtin.CallTestCaseKeyword$_callTestCase_closure1.doCall(CallTestCaseKeyword.groovy:59)
	... 20 more
Caused by: org.openqa.selenium.StaleElementReferenceException: stale element reference: element is not attached to the page document
  (Session info: chrome=77.0.3865.90)
For documentation on this error, please visit: http://seleniumhq.org/exceptions/stale_element_reference.html
Build info: version: '3.7.1', revision: '8a0099a', time: '2017-11-06T21:07:36.161Z'
System info: host: 'NIVEDITA', ip: '10.0.102.244', os.name: 'Windows 8.1', os.arch: 'amd64', os.version: '6.3', java.version: '1.8.0_181'
Driver info: com.kms.katalon.selenium.driver.CChromeDriver
Capabilities {acceptInsecureCerts: false, browserName: chrome, browserVersion: 77.0.3865.90, chrome: {chromedriverVersion: 76.0.3809.68 (420c9498db8ce..., userDataDir: C:\Users\user\AppData\Local...}, goog:chromeOptions: {debuggerAddress: localhost:59772}, javascriptEnabled: true, networkConnectionEnabled: false, pageLoadStrategy: normal, platform: XP, platformName: XP, proxy: Proxy(direct), setWindowRect: true, strictFileInteractability: false, timeouts: {implicit: 0, pageLoad: 300000, script: 30000}, unhandledPromptBehavior: dismiss and notify}
Session ID: 3fff5a1a70d86ea1cda911915c960d06
	at org.openqa.selenium.remote.http.W3CHttpResponseCodec.createException(W3CHttpResponseCodec.java:187)
	at org.openqa.selenium.remote.http.W3CHttpResponseCodec.decode(W3CHttpResponseCodec.java:122)
	at org.openqa.selenium.remote.http.W3CHttpResponseCodec.decode(W3CHttpResponseCodec.java:49)
	at org.openqa.selenium.remote.HttpCommandExecutor.execute(HttpCommandExecutor.java:164)
	at org.openqa.selenium.remote.service.DriverCommandExecutor.execute(DriverCommandExecutor.java:83)
	at org.openqa.selenium.remote.RemoteWebDriver.execute(RemoteWebDriver.java:600)
	at com.kms.katalon.selenium.driver.CChromeDriver.execute(CChromeDriver.java:20)
	at org.openqa.selenium.remote.RemoteWebDriver.executeScript(RemoteWebDriver.java:536)
	at com.kms.katalon.core.webui.keyword.builtin.ExecuteJavaScriptKeyword$_executeJavascript_closure1.doCall(ExecuteJavascriptKeyword.groovy:48)
	at com.kms.katalon.core.webui.keyword.builtin.ExecuteJavaScriptKeyword$_executeJavascript_closure1.call(ExecuteJavascriptKeyword.groovy)
	at com.kms.katalon.core.webui.keyword.internal.WebUIKeywordMain.runKeyword(WebUIKeywordMain.groovy:20)
	at com.kms.katalon.core.webui.keyword.builtin.ExecuteJavaScriptKeyword.executeJavascript(ExecuteJavascriptKeyword.groovy:42)
	at com.kms.katalon.core.webui.keyword.builtin.ExecuteJavaScriptKeyword.execute(ExecuteJavascriptKeyword.groovy:37)
	at com.kms.katalon.core.keyword.internal.KeywordExecutor.executeKeywordForPlatform(KeywordExecutor.groovy:56)
	at com.kms.katalon.core.webui.keyword.WebUiBuiltInKeywords.executeJavaScript(WebUiBuiltInKeywords.groovy:3787)
	at com.kms.katalon.core.webui.keyword.WebUiBuiltInKeywords$executeJavaScript$4.call(Unknown Source)
	at Script1556094475695.run(Script1556094475695.groovy:25)
	at com.kms.katalon.core.main.ScriptEngine.run(ScriptEngine.java:194)
	at com.kms.katalon.core.main.ScriptEngine.runScriptAsRawText(ScriptEngine.java:119)
	at com.kms.katalon.core.main.TestCaseExecutor.runScript(TestCaseExecutor.java:342)
	at com.kms.katalon.core.main.TestCaseExecutor.doExecute(TestCaseExecutor.java:333)
	at com.kms.katalon.core.main.TestCaseExecutor.processExecutionPhase(TestCaseExecutor.java:312)
	at com.kms.katalon.core.main.TestCaseExecutor.accessMainPhase(TestCaseExecutor.java:304)
	at com.kms.katalon.core.main.TestCaseExecutor.execute(TestCaseExecutor.java:238)
	at com.kms.katalon.core.main.TestCaseMain.runTestCase(TestCaseMain.java:114)
	at com.kms.katalon.core.keyword.builtin.CallTestCaseKeyword$_callTestCase_closure1.doCall(CallTestCaseKeyword.groovy:59)
	at com.kms.katalon.core.keyword.builtin.CallTestCaseKeyword$_callTestCase_closure1.call(CallTestCaseKeyword.groovy)
	at com.kms.katalon.core.keyword.internal.KeywordMain.runKeyword(KeywordMain.groovy:66)
	at com.kms.katalon.core.keyword.builtin.CallTestCaseKeyword.callTestCase(CallTestCaseKeyword.groovy:81)
	at com.kms.katalon.core.keyword.builtin.CallTestCaseKeyword.execute(CallTestCaseKeyword.groovy:44)
	at com.kms.katalon.core.keyword.internal.KeywordExecutor.executeKeywordForPlatform(KeywordExecutor.groovy:56)
	at com.kms.katalon.core.keyword.BuiltinKeywords.callTestCase(BuiltinKeywords.groovy:334)
	at Script1561619682896.run(Script1561619682896.groovy:34)
	... 13 more


2019-09-30 18:01:20 - [TEST_CASE][PASSED] - Test Cases/NewArrival/productVerify: Test Cases/NewArrival/productVerify

2019-09-30 18:01:20 - [TEST_STEP][PASSED] - for ([row = 1, row <= findTestData("productData").getRowNumbers(), (row++)]): null

2019-09-30 18:01:20 - [TEST_STEP][PASSED] - sa = new org.testng.asserts.SoftAssert(): null

2019-09-30 18:01:20 - [TEST_STEP][PASSED] - setText(findTestObject("Object Repository/Page_cabi Order Items/input_New Arrivals - Blooming Blush_style"), findTestData("productData").getValue("Style", row)): Text '3843' is set on object 'Object Repository/Page_cabi Order Items/input_New Arrivals - Blooming Blush_style'

2019-09-30 18:01:21 - [MESSAGE][PASSED] - Text '3843' is set on object 'Object Repository/Page_cabi Order Items/input_New Arrivals - Blooming Blush_style'

2019-09-30 18:01:21 - [TEST_STEP][PASSED] - sendKeys(findTestObject("Object Repository/Page_cabi Order Items/input_New Arrivals - Blooming Blush_style"), Keys.chord(ENTER)): Keys 'ENTER + ' sent to object: 'Object Repository/Page_cabi Order Items/input_New Arrivals - Blooming Blush_style'

2019-09-30 18:01:21 - [MESSAGE][PASSED] - Keys 'ENTER + ' sent to object: 'Object Repository/Page_cabi Order Items/input_New Arrivals - Blooming Blush_style'

2019-09-30 18:01:21 - [TEST_STEP][PASSED] - delay(2): Delayed 2 second(s)

2019-09-30 18:01:23 - [MESSAGE][PASSED] - Delayed 2 second(s)

2019-09-30 18:01:23 - [TEST_STEP][PASSED] - executeJavaScript("arguments[0].click()", Arrays.asList(findWebElement(findTestObject("Object Repository/Page_cabi Order Items/input_New Arrivals - Blooming Blush_style"), 30))): Execute JavaScript 'arguments[0].click()' successfully

2019-09-30 18:01:23 - [MESSAGE][PASSED] - Execute JavaScript 'arguments[0].click()' successfully

2019-09-30 18:01:23 - [TEST_STEP][PASSED] - delay(2): Delayed 2 second(s)

2019-09-30 18:01:25 - [MESSAGE][PASSED] - Delayed 2 second(s)

2019-09-30 18:01:25 - [TEST_STEP][PASSED] - if (toString().equalsIgnoreCase("no")): null

2019-09-30 18:01:25 - [TEST_STEP][PASSED] - else: null

2019-09-30 18:01:25 - [TEST_STEP][PASSED] - click(findTestObject("Page_cabi Order Items/li_order_item")): Object: 'Object Repository/Page_cabi Order Items/li_order_item' is clicked on

2019-09-30 18:01:25 - [MESSAGE][PASSED] - Object: 'Object Repository/Page_cabi Order Items/li_order_item' is clicked on

2019-09-30 18:01:25 - [TEST_STEP][PASSED] - delay(5): Delayed 5 second(s)

2019-09-30 18:01:30 - [MESSAGE][PASSED] - Delayed 5 second(s)

2019-09-30 18:01:30 - [TEST_STEP][PASSED] - imgString1 = getValue("Style", row).toString(): null

2019-09-30 18:01:30 - [TEST_STEP][PASSED] - imagePath = UtilityMethods.createScreenshotImagePath(storeType, imgString1): null

2019-09-30 18:01:30 - [TEST_STEP][PASSED] - println(imagePath): null

2019-09-30 18:01:30 - [TEST_STEP][PASSED] - takeScreenshot(imagePath): Taking screenshot successfully

2019-09-30 18:01:30 - [MESSAGE][PASSED] - Taking screenshot successfully
[[ATTACHMENT|C:\\Users\\user\\Documents\\testautomation\\KatalonProjects\\productImages\\BOPersonal_3843 image.png]]

2019-09-30 18:01:30 - [TEST_STEP][PASSED] - verifyElementText(findTestObject("Page_cabi Order Items/GetAttribute_getID"), findTestData("productData").getValue("Style", row), CONTINUE_ON_FAILURE): Actual text and expected text of test object 'Object Repository/Page_cabi Order Items/GetAttribute_getID' are matched.

2019-09-30 18:01:30 - [MESSAGE][PASSED] - Actual text and expected text of test object 'Object Repository/Page_cabi Order Items/GetAttribute_getID' are matched.

2019-09-30 18:01:30 - [TEST_STEP][PASSED] - colorOptions = findWebElements(findTestObject("Page_cabi Order Items/GetAttribute_Color"), 5): null

2019-09-30 18:01:30 - [TEST_STEP][PASSED] - println(colorOptions.size()): null

2019-09-30 18:01:30 - [TEST_STEP][PASSED] - expectedColour = findTestData("productData").getValue("Color", row): null

2019-09-30 18:01:30 - [TEST_STEP][PASSED] - println("expected colour is"): null

2019-09-30 18:01:30 - [TEST_STEP][PASSED] - println(expectedColour): null

2019-09-30 18:01:30 - [TEST_STEP][PASSED] - colourVerified = false: null

2019-09-30 18:01:30 - [TEST_STEP][PASSED] - for (org.openqa.selenium.WebElement op : colorOptions): null

2019-09-30 18:01:30 - [TEST_STEP][PASSED] - println(op.getText()): null

2019-09-30 18:01:30 - [TEST_STEP][PASSED] - if (expectedColour.equalsIgnoreCase(op.getText())): null

2019-09-30 18:01:30 - [TEST_STEP][PASSED] - colourVerified = true: null

2019-09-30 18:01:30 - [TEST_STEP][PASSED] - break: null

2019-09-30 18:01:30 - [TEST_STEP][PASSED] - sa.assertTrue(colourVerified): null

2019-09-30 18:01:30 - [TEST_STEP][PASSED] - getPrice = getText(findTestObject("Page_cabi Order Items/GetAttribute_Price")): Text of object 'Object Repository/Page_cabi Order Items/GetAttribute_Price' is: 'Price : $99.00'

2019-09-30 18:01:30 - [MESSAGE][PASSED] - Text of object 'Object Repository/Page_cabi Order Items/GetAttribute_Price' is: 'Price : $99.00'

2019-09-30 18:01:30 - [TEST_STEP][PASSED] - Split_Data = UtilityMethods.SplitData(getPrice): null

2019-09-30 18:01:30 - [TEST_STEP][PASSED] - verifyMatch(Split_Data, findTestData("productData").getValue("Retail", row), true, CONTINUE_ON_FAILURE): Actual text '99' and expected text '99' are matched  using regular expression

2019-09-30 18:01:30 - [MESSAGE][PASSED] - Actual text '99' and expected text '99' are matched  using regular expression

2019-09-30 18:01:30 - [TEST_STEP][PASSED] - sizeRange1 = ["XXS", "XS", "S", "M", "L", "XL"]: null

2019-09-30 18:01:30 - [TEST_STEP][PASSED] - sizeRange2 = ["00", "0", "2", "4", "6", "8", "10", "12", "14", "16"]: null

2019-09-30 18:01:30 - [TEST_STEP][PASSED] - sizeRange3 = ["Long", "Regular", "Short"]: null

2019-09-30 18:01:30 - [TEST_STEP][PASSED] - sizeRange4 = ["5", "6", "6.5", "7", "7.5", "8", "8.5", "9", "9.5", "10", "11"]: null

2019-09-30 18:01:30 - [TEST_STEP][PASSED] - sizeRange5 = ["XS/S", "M/L"]: null

2019-09-30 18:01:30 - [TEST_STEP][PASSED] - sizeRangeSplit = UtilityMethods.SplitSizes(findTestData("productData").getValue("SzRange", row)): null

2019-09-30 18:01:30 - [TEST_STEP][PASSED] - sizeType = getText(findTestObject("Object Repository/Page_cabi Order Items/Size")): Text of object 'Object Repository/Page_cabi Order Items/Size' is: 'Select'

2019-09-30 18:01:30 - [MESSAGE][PASSED] - Text of object 'Object Repository/Page_cabi Order Items/Size' is: 'Select'

2019-09-30 18:01:30 - [TEST_STEP][PASSED] - sizeOptions = findWebElements(findTestObject("Object Repository/Page_cabi Order Items/Size"), 5): null

2019-09-30 18:01:31 - [TEST_STEP][PASSED] - actualRange = new java.util.ArrayList(): null

2019-09-30 18:01:31 - [TEST_STEP][PASSED] - expectedRange = <not implemented yet for class: org.codehaus.groovy.ast.expr.EmptyExpression>: null

2019-09-30 18:01:31 - [TEST_STEP][PASSED] - if (sizeType.equalsIgnoreCase("Select")): null

2019-09-30 18:01:31 - [TEST_STEP][PASSED] - for ([i = 1, i < sizeOptions.size(), (i++)]): null

2019-09-30 18:01:31 - [TEST_STEP][PASSED] - actualRange.add(getAttribute("value").toString()): null

2019-09-30 18:01:31 - [TEST_STEP][PASSED] - actualRange.add(getAttribute("value").toString()): null

2019-09-30 18:01:31 - [TEST_STEP][PASSED] - actualRange.add(getAttribute("value").toString()): null

2019-09-30 18:01:31 - [TEST_STEP][PASSED] - actualRange.add(getAttribute("value").toString()): null

2019-09-30 18:01:31 - [TEST_STEP][PASSED] - actualRange.add(getAttribute("value").toString()): null

2019-09-30 18:01:31 - [TEST_STEP][PASSED] - if (toString().equalsIgnoreCase("XS") || toString().equalsIgnoreCase("XXS")): null

2019-09-30 18:01:31 - [TEST_STEP][PASSED] - expectedRange = UtilityMethods.getExpectedRange(sizeRange1, sizeRangeSplit): null

2019-09-30 18:01:31 - [TEST_STEP][PASSED] - println("XS"): null

2019-09-30 18:01:31 - [TEST_STEP][PASSED] - println(expectedRange.toString()): null

2019-09-30 18:01:31 - [TEST_STEP][PASSED] - sa.assertTrue(UtilityMethods.listEquals(expectedRange, actualRange)): null

2019-09-30 18:01:31 - [TEST_STEP][PASSED] - delay(2): Delayed 2 second(s)

2019-09-30 18:01:33 - [MESSAGE][PASSED] - Delayed 2 second(s)

2019-09-30 18:01:33 - [TEST_STEP][PASSED] - verifyElementText(findTestObject("Page_cabi Order Items/product_title"), findTestData("productData").getValue("Description", row), CONTINUE_ON_FAILURE): Actual text and expected text of test object 'Object Repository/Page_cabi Order Items/product_title' are matched.

2019-09-30 18:01:33 - [MESSAGE][PASSED] - Actual text and expected text of test object 'Object Repository/Page_cabi Order Items/product_title' are matched.

2019-09-30 18:01:33 - [TEST_STEP][PASSED] - verifyElementText(findTestObject("Page_cabi Order Items/product_fabric"), findTestData("productData").getValue("FinalContent", row), CONTINUE_ON_FAILURE): Actual text and expected text of test object 'Object Repository/Page_cabi Order Items/product_fabric' are matched.

2019-09-30 18:01:33 - [MESSAGE][PASSED] - Actual text and expected text of test object 'Object Repository/Page_cabi Order Items/product_fabric' are matched.

2019-09-30 18:01:33 - [TEST_STEP][PASSED] - actualCasreIntrn = "<div>" + getText(findTestObject("Page_cabi Order Items/care_instruction")) + "</div>": Text of object 'Object Repository/Page_cabi Order Items/care_instruction' is: 'Turn garment inside out and place in a mesh bag. Machine wash separately in cold water on the delicate cycle. Only non-chlorine bleach if needed. Do not twist or wring. Lay flat to dry. Do not steam or iron faux fur.'

2019-09-30 18:01:33 - [MESSAGE][PASSED] - Text of object 'Object Repository/Page_cabi Order Items/care_instruction' is: 'Turn garment inside out and place in a mesh bag. Machine wash separately in cold water on the delicate cycle. Only non-chlorine bleach if needed. Do not twist or wring. Lay flat to dry. Do not steam or iron faux fur.'

2019-09-30 18:01:33 - [TEST_STEP][PASSED] - sa.assertTrue(actualCasreIntrn.equals(findTestData("productData").getValue("CareInstr", row))): null

2019-09-30 18:01:33 - [TEST_STEP][PASSED] - sa = new org.testng.asserts.SoftAssert(): null

2019-09-30 18:01:33 - [TEST_STEP][PASSED] - setText(findTestObject("Object Repository/Page_cabi Order Items/input_New Arrivals - Blooming Blush_style"), findTestData("productData").getValue("Style", row)): Text '3846' is set on object 'Object Repository/Page_cabi Order Items/input_New Arrivals - Blooming Blush_style'

2019-09-30 18:01:33 - [MESSAGE][PASSED] - Text '3846' is set on object 'Object Repository/Page_cabi Order Items/input_New Arrivals - Blooming Blush_style'

2019-09-30 18:01:33 - [TEST_STEP][PASSED] - sendKeys(findTestObject("Object Repository/Page_cabi Order Items/input_New Arrivals - Blooming Blush_style"), Keys.chord(ENTER)): Keys 'ENTER + ' sent to object: 'Object Repository/Page_cabi Order Items/input_New Arrivals - Blooming Blush_style'

2019-09-30 18:01:33 - [MESSAGE][PASSED] - Keys 'ENTER + ' sent to object: 'Object Repository/Page_cabi Order Items/input_New Arrivals - Blooming Blush_style'

2019-09-30 18:01:33 - [TEST_STEP][PASSED] - delay(2): Delayed 2 second(s)

2019-09-30 18:01:35 - [MESSAGE][PASSED] - Delayed 2 second(s)

2019-09-30 18:01:35 - [TEST_STEP][PASSED] - executeJavaScript("arguments[0].click()", Arrays.asList(findWebElement(findTestObject("Object Repository/Page_cabi Order Items/input_New Arrivals - Blooming Blush_style"), 30))): Execute JavaScript 'arguments[0].click()' successfully

2019-09-30 18:01:35 - [MESSAGE][PASSED] - Execute JavaScript 'arguments[0].click()' successfully

2019-09-30 18:01:35 - [TEST_STEP][PASSED] - delay(2): Delayed 2 second(s)

2019-09-30 18:01:37 - [MESSAGE][PASSED] - Delayed 2 second(s)

2019-09-30 18:01:37 - [TEST_STEP][PASSED] - if (toString().equalsIgnoreCase("no")): null

2019-09-30 18:01:37 - [TEST_STEP][PASSED] - else: null

2019-09-30 18:01:37 - [TEST_STEP][PASSED] - click(findTestObject("Page_cabi Order Items/li_order_item")): Object: 'Object Repository/Page_cabi Order Items/li_order_item' is clicked on

2019-09-30 18:01:37 - [MESSAGE][PASSED] - Object: 'Object Repository/Page_cabi Order Items/li_order_item' is clicked on

2019-09-30 18:01:37 - [TEST_STEP][PASSED] - delay(5): Delayed 5 second(s)

2019-09-30 18:01:42 - [MESSAGE][PASSED] - Delayed 5 second(s)

2019-09-30 18:01:42 - [TEST_STEP][PASSED] - imgString1 = getValue("Style", row).toString(): null

2019-09-30 18:01:42 - [TEST_STEP][PASSED] - imagePath = UtilityMethods.createScreenshotImagePath(storeType, imgString1): null

2019-09-30 18:01:42 - [TEST_STEP][PASSED] - println(imagePath): null

2019-09-30 18:01:42 - [TEST_STEP][PASSED] - takeScreenshot(imagePath): Taking screenshot successfully

2019-09-30 18:01:42 - [MESSAGE][PASSED] - Taking screenshot successfully
[[ATTACHMENT|C:\\Users\\user\\Documents\\testautomation\\KatalonProjects\\productImages\\BOPersonal_3846 image.png]]

2019-09-30 18:01:42 - [TEST_STEP][PASSED] - verifyElementText(findTestObject("Page_cabi Order Items/GetAttribute_getID"), findTestData("productData").getValue("Style", row), CONTINUE_ON_FAILURE): Actual text and expected text of test object 'Object Repository/Page_cabi Order Items/GetAttribute_getID' are matched.

2019-09-30 18:01:43 - [MESSAGE][PASSED] - Actual text and expected text of test object 'Object Repository/Page_cabi Order Items/GetAttribute_getID' are matched.

2019-09-30 18:01:43 - [TEST_STEP][PASSED] - colorOptions = findWebElements(findTestObject("Page_cabi Order Items/GetAttribute_Color"), 5): null

2019-09-30 18:01:43 - [TEST_STEP][PASSED] - println(colorOptions.size()): null

2019-09-30 18:01:43 - [TEST_STEP][PASSED] - expectedColour = findTestData("productData").getValue("Color", row): null

2019-09-30 18:01:43 - [TEST_STEP][PASSED] - println("expected colour is"): null

2019-09-30 18:01:43 - [TEST_STEP][PASSED] - println(expectedColour): null

2019-09-30 18:01:43 - [TEST_STEP][PASSED] - colourVerified = false: null

2019-09-30 18:01:43 - [TEST_STEP][PASSED] - for (org.openqa.selenium.WebElement op : colorOptions): null

2019-09-30 18:01:43 - [TEST_STEP][PASSED] - println(op.getText()): null

2019-09-30 18:01:43 - [TEST_STEP][PASSED] - if (expectedColour.equalsIgnoreCase(op.getText())): null

2019-09-30 18:01:43 - [TEST_STEP][PASSED] - colourVerified = true: null

2019-09-30 18:01:43 - [TEST_STEP][PASSED] - break: null

2019-09-30 18:01:43 - [TEST_STEP][PASSED] - sa.assertTrue(colourVerified): null

2019-09-30 18:01:43 - [TEST_STEP][PASSED] - getPrice = getText(findTestObject("Page_cabi Order Items/GetAttribute_Price")): Text of object 'Object Repository/Page_cabi Order Items/GetAttribute_Price' is: 'Price : $139.00'

2019-09-30 18:01:43 - [MESSAGE][PASSED] - Text of object 'Object Repository/Page_cabi Order Items/GetAttribute_Price' is: 'Price : $139.00'

2019-09-30 18:01:43 - [TEST_STEP][PASSED] - Split_Data = UtilityMethods.SplitData(getPrice): null

2019-09-30 18:01:43 - [TEST_STEP][PASSED] - verifyMatch(Split_Data, findTestData("productData").getValue("Retail", row), true, CONTINUE_ON_FAILURE): Actual text '139' and expected text '139' are matched  using regular expression

2019-09-30 18:01:43 - [MESSAGE][PASSED] - Actual text '139' and expected text '139' are matched  using regular expression

2019-09-30 18:01:43 - [TEST_STEP][PASSED] - sizeRange1 = ["XXS", "XS", "S", "M", "L", "XL"]: null

2019-09-30 18:01:43 - [TEST_STEP][PASSED] - sizeRange2 = ["00", "0", "2", "4", "6", "8", "10", "12", "14", "16"]: null

2019-09-30 18:01:43 - [TEST_STEP][PASSED] - sizeRange3 = ["Long", "Regular", "Short"]: null

2019-09-30 18:01:43 - [TEST_STEP][PASSED] - sizeRange4 = ["5", "6", "6.5", "7", "7.5", "8", "8.5", "9", "9.5", "10", "11"]: null

2019-09-30 18:01:43 - [TEST_STEP][PASSED] - sizeRange5 = ["XS/S", "M/L"]: null

2019-09-30 18:01:43 - [TEST_STEP][PASSED] - sizeRangeSplit = UtilityMethods.SplitSizes(findTestData("productData").getValue("SzRange", row)): null

2019-09-30 18:01:43 - [TEST_STEP][PASSED] - sizeType = getText(findTestObject("Object Repository/Page_cabi Order Items/Size")): Text of object 'Object Repository/Page_cabi Order Items/Size' is: 'Select'

2019-09-30 18:01:43 - [MESSAGE][PASSED] - Text of object 'Object Repository/Page_cabi Order Items/Size' is: 'Select'

2019-09-30 18:01:43 - [TEST_STEP][PASSED] - sizeOptions = findWebElements(findTestObject("Object Repository/Page_cabi Order Items/Size"), 5): null

2019-09-30 18:01:43 - [TEST_STEP][PASSED] - actualRange = new java.util.ArrayList(): null

2019-09-30 18:01:43 - [TEST_STEP][PASSED] - expectedRange = <not implemented yet for class: org.codehaus.groovy.ast.expr.EmptyExpression>: null

2019-09-30 18:01:43 - [TEST_STEP][PASSED] - if (sizeType.equalsIgnoreCase("Select")): null

2019-09-30 18:01:43 - [TEST_STEP][PASSED] - for ([i = 1, i < sizeOptions.size(), (i++)]): null

2019-09-30 18:01:43 - [TEST_STEP][PASSED] - actualRange.add(getAttribute("value").toString()): null

2019-09-30 18:01:43 - [TEST_STEP][PASSED] - actualRange.add(getAttribute("value").toString()): null

2019-09-30 18:01:43 - [TEST_STEP][PASSED] - if (toString().equalsIgnoreCase("XS") || toString().equalsIgnoreCase("XXS")): null

2019-09-30 18:01:43 - [TEST_STEP][PASSED] - else if (toString().equalsIgnoreCase("00") || toString().equalsIgnoreCase("0")): null

2019-09-30 18:01:43 - [TEST_STEP][PASSED] - else if (toString().equalsIgnoreCase("Long")): null

2019-09-30 18:01:43 - [TEST_STEP][PASSED] - else if (toString().equalsIgnoreCase("5")): null

2019-09-30 18:01:43 - [TEST_STEP][PASSED] - else if (toString().equalsIgnoreCase("XS/S")): null

2019-09-30 18:01:43 - [TEST_STEP][PASSED] - expectedRange = UtilityMethods.getExpectedRange(sizeRange5, sizeRangeSplit): null

2019-09-30 18:01:43 - [TEST_STEP][PASSED] - println("XS/S"): null

2019-09-30 18:01:43 - [TEST_STEP][PASSED] - println(expectedRange.toString()): null

2019-09-30 18:01:43 - [TEST_STEP][PASSED] - sa.assertTrue(UtilityMethods.listEquals(expectedRange, actualRange)): null

2019-09-30 18:01:43 - [TEST_STEP][PASSED] - delay(2): Delayed 2 second(s)

2019-09-30 18:01:45 - [MESSAGE][PASSED] - Delayed 2 second(s)

2019-09-30 18:01:45 - [TEST_STEP][PASSED] - verifyElementText(findTestObject("Page_cabi Order Items/product_title"), findTestData("productData").getValue("Description", row), CONTINUE_ON_FAILURE): Actual text and expected text of test object 'Object Repository/Page_cabi Order Items/product_title' are matched.

2019-09-30 18:01:45 - [MESSAGE][PASSED] - Actual text and expected text of test object 'Object Repository/Page_cabi Order Items/product_title' are matched.

2019-09-30 18:01:45 - [TEST_STEP][PASSED] - verifyElementText(findTestObject("Page_cabi Order Items/product_fabric"), findTestData("productData").getValue("FinalContent", row), CONTINUE_ON_FAILURE): Actual text and expected text of test object 'Object Repository/Page_cabi Order Items/product_fabric' are matched.

2019-09-30 18:01:45 - [MESSAGE][PASSED] - Actual text and expected text of test object 'Object Repository/Page_cabi Order Items/product_fabric' are matched.

2019-09-30 18:01:45 - [TEST_STEP][PASSED] - actualCasreIntrn = "<div>" + getText(findTestObject("Page_cabi Order Items/care_instruction")) + "</div>": Text of object 'Object Repository/Page_cabi Order Items/care_instruction' is: 'Dry clean for best results. Can be machine washed in a mesh bag in cold water on the delicate cycle. Only non-chlorine bleach. Lay flat to dry. Steam iron only if needed.'

2019-09-30 18:01:45 - [MESSAGE][PASSED] - Text of object 'Object Repository/Page_cabi Order Items/care_instruction' is: 'Dry clean for best results. Can be machine washed in a mesh bag in cold water on the delicate cycle. Only non-chlorine bleach. Lay flat to dry. Steam iron only if needed.'

2019-09-30 18:01:45 - [TEST_STEP][PASSED] - sa.assertTrue(actualCasreIntrn.equals(findTestData("productData").getValue("CareInstr", row))): null

2019-09-30 18:01:45 - [TEST_STEP][PASSED] - sa = new org.testng.asserts.SoftAssert(): null

2019-09-30 18:01:45 - [TEST_STEP][PASSED] - setText(findTestObject("Object Repository/Page_cabi Order Items/input_New Arrivals - Blooming Blush_style"), findTestData("productData").getValue("Style", row)): Text '3850' is set on object 'Object Repository/Page_cabi Order Items/input_New Arrivals - Blooming Blush_style'

2019-09-30 18:01:45 - [MESSAGE][PASSED] - Text '3850' is set on object 'Object Repository/Page_cabi Order Items/input_New Arrivals - Blooming Blush_style'

2019-09-30 18:01:45 - [TEST_STEP][PASSED] - sendKeys(findTestObject("Object Repository/Page_cabi Order Items/input_New Arrivals - Blooming Blush_style"), Keys.chord(ENTER)): Keys 'ENTER + ' sent to object: 'Object Repository/Page_cabi Order Items/input_New Arrivals - Blooming Blush_style'

2019-09-30 18:01:45 - [MESSAGE][PASSED] - Keys 'ENTER + ' sent to object: 'Object Repository/Page_cabi Order Items/input_New Arrivals - Blooming Blush_style'

2019-09-30 18:01:45 - [TEST_STEP][PASSED] - delay(2): Delayed 2 second(s)

2019-09-30 18:01:47 - [MESSAGE][PASSED] - Delayed 2 second(s)

2019-09-30 18:01:47 - [TEST_STEP][PASSED] - executeJavaScript("arguments[0].click()", Arrays.asList(findWebElement(findTestObject("Object Repository/Page_cabi Order Items/input_New Arrivals - Blooming Blush_style"), 30))): Execute JavaScript 'arguments[0].click()' successfully

2019-09-30 18:01:47 - [MESSAGE][PASSED] - Execute JavaScript 'arguments[0].click()' successfully

2019-09-30 18:01:47 - [TEST_STEP][PASSED] - delay(2): Delayed 2 second(s)

2019-09-30 18:01:49 - [MESSAGE][PASSED] - Delayed 2 second(s)

2019-09-30 18:01:49 - [TEST_STEP][PASSED] - if (toString().equalsIgnoreCase("no")): null

2019-09-30 18:01:49 - [TEST_STEP][PASSED] - else: null

2019-09-30 18:01:49 - [TEST_STEP][PASSED] - click(findTestObject("Page_cabi Order Items/li_order_item")): Object: 'Object Repository/Page_cabi Order Items/li_order_item' is clicked on

2019-09-30 18:01:49 - [MESSAGE][PASSED] - Object: 'Object Repository/Page_cabi Order Items/li_order_item' is clicked on

2019-09-30 18:01:49 - [TEST_STEP][PASSED] - delay(5): Delayed 5 second(s)

2019-09-30 18:01:54 - [MESSAGE][PASSED] - Delayed 5 second(s)

2019-09-30 18:01:54 - [TEST_STEP][PASSED] - imgString1 = getValue("Style", row).toString(): null

2019-09-30 18:01:54 - [TEST_STEP][PASSED] - imagePath = UtilityMethods.createScreenshotImagePath(storeType, imgString1): null

2019-09-30 18:01:54 - [TEST_STEP][PASSED] - println(imagePath): null

2019-09-30 18:01:54 - [TEST_STEP][PASSED] - takeScreenshot(imagePath): Taking screenshot successfully

2019-09-30 18:01:55 - [MESSAGE][PASSED] - Taking screenshot successfully
[[ATTACHMENT|C:\\Users\\user\\Documents\\testautomation\\KatalonProjects\\productImages\\BOPersonal_3850 image.png]]

2019-09-30 18:01:55 - [TEST_STEP][PASSED] - verifyElementText(findTestObject("Page_cabi Order Items/GetAttribute_getID"), findTestData("productData").getValue("Style", row), CONTINUE_ON_FAILURE): Actual text and expected text of test object 'Object Repository/Page_cabi Order Items/GetAttribute_getID' are matched.

2019-09-30 18:01:55 - [MESSAGE][PASSED] - Actual text and expected text of test object 'Object Repository/Page_cabi Order Items/GetAttribute_getID' are matched.

2019-09-30 18:01:55 - [TEST_STEP][PASSED] - colorOptions = findWebElements(findTestObject("Page_cabi Order Items/GetAttribute_Color"), 5): null

2019-09-30 18:01:55 - [TEST_STEP][PASSED] - println(colorOptions.size()): null

2019-09-30 18:01:55 - [TEST_STEP][PASSED] - expectedColour = findTestData("productData").getValue("Color", row): null

2019-09-30 18:01:55 - [TEST_STEP][PASSED] - println("expected colour is"): null

2019-09-30 18:01:55 - [TEST_STEP][PASSED] - println(expectedColour): null

2019-09-30 18:01:55 - [TEST_STEP][PASSED] - colourVerified = false: null

2019-09-30 18:01:55 - [TEST_STEP][PASSED] - for (org.openqa.selenium.WebElement op : colorOptions): null

2019-09-30 18:01:55 - [TEST_STEP][PASSED] - println(op.getText()): null

2019-09-30 18:01:55 - [TEST_STEP][PASSED] - if (expectedColour.equalsIgnoreCase(op.getText())): null

2019-09-30 18:01:55 - [TEST_STEP][PASSED] - colourVerified = true: null

2019-09-30 18:01:55 - [TEST_STEP][PASSED] - break: null

2019-09-30 18:01:55 - [TEST_STEP][PASSED] - sa.assertTrue(colourVerified): null

2019-09-30 18:01:55 - [TEST_STEP][PASSED] - getPrice = getText(findTestObject("Page_cabi Order Items/GetAttribute_Price")): Text of object 'Object Repository/Page_cabi Order Items/GetAttribute_Price' is: 'Price : $169.00'

2019-09-30 18:01:55 - [MESSAGE][PASSED] - Text of object 'Object Repository/Page_cabi Order Items/GetAttribute_Price' is: 'Price : $169.00'

2019-09-30 18:01:55 - [TEST_STEP][PASSED] - Split_Data = UtilityMethods.SplitData(getPrice): null

2019-09-30 18:01:55 - [TEST_STEP][PASSED] - verifyMatch(Split_Data, findTestData("productData").getValue("Retail", row), true, CONTINUE_ON_FAILURE): Actual text '169' and expected text '169' are matched  using regular expression

2019-09-30 18:01:55 - [MESSAGE][PASSED] - Actual text '169' and expected text '169' are matched  using regular expression

2019-09-30 18:01:55 - [TEST_STEP][PASSED] - sizeRange1 = ["XXS", "XS", "S", "M", "L", "XL"]: null

2019-09-30 18:01:55 - [TEST_STEP][PASSED] - sizeRange2 = ["00", "0", "2", "4", "6", "8", "10", "12", "14", "16"]: null

2019-09-30 18:01:55 - [TEST_STEP][PASSED] - sizeRange3 = ["Long", "Regular", "Short"]: null

2019-09-30 18:01:55 - [TEST_STEP][PASSED] - sizeRange4 = ["5", "6", "6.5", "7", "7.5", "8", "8.5", "9", "9.5", "10", "11"]: null

2019-09-30 18:01:55 - [TEST_STEP][PASSED] - sizeRange5 = ["XS/S", "M/L"]: null

2019-09-30 18:01:55 - [TEST_STEP][PASSED] - sizeRangeSplit = UtilityMethods.SplitSizes(findTestData("productData").getValue("SzRange", row)): null

2019-09-30 18:01:55 - [TEST_STEP][PASSED] - sizeType = getText(findTestObject("Object Repository/Page_cabi Order Items/Size")): Text of object 'Object Repository/Page_cabi Order Items/Size' is: 'Select'

2019-09-30 18:01:55 - [MESSAGE][PASSED] - Text of object 'Object Repository/Page_cabi Order Items/Size' is: 'Select'

2019-09-30 18:01:55 - [TEST_STEP][PASSED] - sizeOptions = findWebElements(findTestObject("Object Repository/Page_cabi Order Items/Size"), 5): null

2019-09-30 18:01:55 - [TEST_STEP][PASSED] - actualRange = new java.util.ArrayList(): null

2019-09-30 18:01:55 - [TEST_STEP][PASSED] - expectedRange = <not implemented yet for class: org.codehaus.groovy.ast.expr.EmptyExpression>: null

2019-09-30 18:01:55 - [TEST_STEP][PASSED] - if (sizeType.equalsIgnoreCase("Select")): null

2019-09-30 18:01:55 - [TEST_STEP][PASSED] - for ([i = 1, i < sizeOptions.size(), (i++)]): null

2019-09-30 18:01:55 - [TEST_STEP][PASSED] - actualRange.add(getAttribute("value").toString()): null

2019-09-30 18:01:55 - [TEST_STEP][PASSED] - actualRange.add(getAttribute("value").toString()): null

2019-09-30 18:01:55 - [TEST_STEP][PASSED] - actualRange.add(getAttribute("value").toString()): null

2019-09-30 18:01:55 - [TEST_STEP][PASSED] - actualRange.add(getAttribute("value").toString()): null

2019-09-30 18:01:55 - [TEST_STEP][PASSED] - actualRange.add(getAttribute("value").toString()): null

2019-09-30 18:01:55 - [TEST_STEP][PASSED] - if (toString().equalsIgnoreCase("XS") || toString().equalsIgnoreCase("XXS")): null

2019-09-30 18:01:55 - [TEST_STEP][PASSED] - expectedRange = UtilityMethods.getExpectedRange(sizeRange1, sizeRangeSplit): null

2019-09-30 18:01:55 - [TEST_STEP][PASSED] - println("XS"): null

2019-09-30 18:01:55 - [TEST_STEP][PASSED] - println(expectedRange.toString()): null

2019-09-30 18:01:55 - [TEST_STEP][PASSED] - sa.assertTrue(UtilityMethods.listEquals(expectedRange, actualRange)): null

2019-09-30 18:01:55 - [TEST_STEP][PASSED] - delay(2): Delayed 2 second(s)

2019-09-30 18:01:57 - [MESSAGE][PASSED] - Delayed 2 second(s)

2019-09-30 18:01:57 - [TEST_STEP][PASSED] - verifyElementText(findTestObject("Page_cabi Order Items/product_title"), findTestData("productData").getValue("Description", row), CONTINUE_ON_FAILURE): Actual text and expected text of test object 'Object Repository/Page_cabi Order Items/product_title' are matched.

2019-09-30 18:01:57 - [MESSAGE][PASSED] - Actual text and expected text of test object 'Object Repository/Page_cabi Order Items/product_title' are matched.

2019-09-30 18:01:57 - [TEST_STEP][PASSED] - verifyElementText(findTestObject("Page_cabi Order Items/product_fabric"), findTestData("productData").getValue("FinalContent", row), CONTINUE_ON_FAILURE): Actual text and expected text of test object 'Object Repository/Page_cabi Order Items/product_fabric' are matched.

2019-09-30 18:01:57 - [MESSAGE][PASSED] - Actual text and expected text of test object 'Object Repository/Page_cabi Order Items/product_fabric' are matched.

2019-09-30 18:01:57 - [TEST_STEP][PASSED] - actualCasreIntrn = "<div>" + getText(findTestObject("Page_cabi Order Items/care_instruction")) + "</div>": Text of object 'Object Repository/Page_cabi Order Items/care_instruction' is: 'Turn garment inside out and place in a mesh bag. Machine wash separately in cold water, on the delicate cycle. Only non-chlorine bleach if needed. Do not twist or wring. Lay flat to dry. Warm iron if needed. Can be washed by hand.'

2019-09-30 18:01:57 - [MESSAGE][PASSED] - Text of object 'Object Repository/Page_cabi Order Items/care_instruction' is: 'Turn garment inside out and place in a mesh bag. Machine wash separately in cold water, on the delicate cycle. Only non-chlorine bleach if needed. Do not twist or wring. Lay flat to dry. Warm iron if needed. Can be washed by hand.'

2019-09-30 18:01:57 - [TEST_STEP][PASSED] - sa.assertTrue(actualCasreIntrn.equals(findTestData("productData").getValue("CareInstr", row))): null

2019-09-30 18:01:57 - [TEST_STEP][PASSED] - sa = new org.testng.asserts.SoftAssert(): null

2019-09-30 18:01:57 - [TEST_STEP][PASSED] - setText(findTestObject("Object Repository/Page_cabi Order Items/input_New Arrivals - Blooming Blush_style"), findTestData("productData").getValue("Style", row)): Text '3857' is set on object 'Object Repository/Page_cabi Order Items/input_New Arrivals - Blooming Blush_style'

2019-09-30 18:01:57 - [MESSAGE][PASSED] - Text '3857' is set on object 'Object Repository/Page_cabi Order Items/input_New Arrivals - Blooming Blush_style'

2019-09-30 18:01:57 - [TEST_STEP][PASSED] - sendKeys(findTestObject("Object Repository/Page_cabi Order Items/input_New Arrivals - Blooming Blush_style"), Keys.chord(ENTER)): Keys 'ENTER + ' sent to object: 'Object Repository/Page_cabi Order Items/input_New Arrivals - Blooming Blush_style'

2019-09-30 18:01:57 - [MESSAGE][PASSED] - Keys 'ENTER + ' sent to object: 'Object Repository/Page_cabi Order Items/input_New Arrivals - Blooming Blush_style'

2019-09-30 18:01:57 - [TEST_STEP][PASSED] - delay(2): Delayed 2 second(s)

2019-09-30 18:01:59 - [MESSAGE][PASSED] - Delayed 2 second(s)

2019-09-30 18:01:59 - [TEST_STEP][PASSED] - executeJavaScript("arguments[0].click()", Arrays.asList(findWebElement(findTestObject("Object Repository/Page_cabi Order Items/input_New Arrivals - Blooming Blush_style"), 30))): Execute JavaScript 'arguments[0].click()' successfully

2019-09-30 18:01:59 - [MESSAGE][PASSED] - Execute JavaScript 'arguments[0].click()' successfully

2019-09-30 18:01:59 - [TEST_STEP][PASSED] - delay(2): Delayed 2 second(s)

2019-09-30 18:02:01 - [MESSAGE][PASSED] - Delayed 2 second(s)

2019-09-30 18:02:01 - [TEST_STEP][PASSED] - if (toString().equalsIgnoreCase("no")): null

2019-09-30 18:02:01 - [TEST_STEP][PASSED] - else: null

2019-09-30 18:02:01 - [TEST_STEP][PASSED] - click(findTestObject("Page_cabi Order Items/li_order_item")): Object: 'Object Repository/Page_cabi Order Items/li_order_item' is clicked on

2019-09-30 18:02:02 - [MESSAGE][PASSED] - Object: 'Object Repository/Page_cabi Order Items/li_order_item' is clicked on

2019-09-30 18:02:02 - [TEST_STEP][PASSED] - delay(5): Delayed 5 second(s)

2019-09-30 18:02:07 - [MESSAGE][PASSED] - Delayed 5 second(s)

2019-09-30 18:02:07 - [TEST_STEP][PASSED] - imgString1 = getValue("Style", row).toString(): null

2019-09-30 18:02:07 - [TEST_STEP][PASSED] - imagePath = UtilityMethods.createScreenshotImagePath(storeType, imgString1): null

2019-09-30 18:02:07 - [TEST_STEP][PASSED] - println(imagePath): null

2019-09-30 18:02:07 - [TEST_STEP][PASSED] - takeScreenshot(imagePath): Taking screenshot successfully

2019-09-30 18:02:07 - [MESSAGE][PASSED] - Taking screenshot successfully
[[ATTACHMENT|C:\\Users\\user\\Documents\\testautomation\\KatalonProjects\\productImages\\BOPersonal_3857 image.png]]

2019-09-30 18:02:07 - [TEST_STEP][PASSED] - verifyElementText(findTestObject("Page_cabi Order Items/GetAttribute_getID"), findTestData("productData").getValue("Style", row), CONTINUE_ON_FAILURE): Actual text and expected text of test object 'Object Repository/Page_cabi Order Items/GetAttribute_getID' are matched.

2019-09-30 18:02:07 - [MESSAGE][PASSED] - Actual text and expected text of test object 'Object Repository/Page_cabi Order Items/GetAttribute_getID' are matched.

2019-09-30 18:02:07 - [TEST_STEP][PASSED] - colorOptions = findWebElements(findTestObject("Page_cabi Order Items/GetAttribute_Color"), 5): null

2019-09-30 18:02:07 - [TEST_STEP][PASSED] - println(colorOptions.size()): null

2019-09-30 18:02:07 - [TEST_STEP][PASSED] - expectedColour = findTestData("productData").getValue("Color", row): null

2019-09-30 18:02:07 - [TEST_STEP][PASSED] - println("expected colour is"): null

2019-09-30 18:02:07 - [TEST_STEP][PASSED] - println(expectedColour): null

2019-09-30 18:02:07 - [TEST_STEP][PASSED] - colourVerified = false: null

2019-09-30 18:02:07 - [TEST_STEP][PASSED] - for (org.openqa.selenium.WebElement op : colorOptions): null

2019-09-30 18:02:07 - [TEST_STEP][PASSED] - println(op.getText()): null

2019-09-30 18:02:07 - [TEST_STEP][PASSED] - if (expectedColour.equalsIgnoreCase(op.getText())): null

2019-09-30 18:02:07 - [TEST_STEP][PASSED] - colourVerified = true: null

2019-09-30 18:02:07 - [TEST_STEP][PASSED] - break: null

2019-09-30 18:02:07 - [TEST_STEP][PASSED] - sa.assertTrue(colourVerified): null

2019-09-30 18:02:07 - [TEST_STEP][PASSED] - getPrice = getText(findTestObject("Page_cabi Order Items/GetAttribute_Price")): Text of object 'Object Repository/Page_cabi Order Items/GetAttribute_Price' is: 'Price : $84.00'

2019-09-30 18:02:07 - [MESSAGE][PASSED] - Text of object 'Object Repository/Page_cabi Order Items/GetAttribute_Price' is: 'Price : $84.00'

2019-09-30 18:02:07 - [TEST_STEP][PASSED] - Split_Data = UtilityMethods.SplitData(getPrice): null

2019-09-30 18:02:07 - [TEST_STEP][PASSED] - verifyMatch(Split_Data, findTestData("productData").getValue("Retail", row), true, CONTINUE_ON_FAILURE): Actual text '84' and expected text '84' are matched  using regular expression

2019-09-30 18:02:07 - [MESSAGE][PASSED] - Actual text '84' and expected text '84' are matched  using regular expression

2019-09-30 18:02:07 - [TEST_STEP][PASSED] - sizeRange1 = ["XXS", "XS", "S", "M", "L", "XL"]: null

2019-09-30 18:02:07 - [TEST_STEP][PASSED] - sizeRange2 = ["00", "0", "2", "4", "6", "8", "10", "12", "14", "16"]: null

2019-09-30 18:02:07 - [TEST_STEP][PASSED] - sizeRange3 = ["Long", "Regular", "Short"]: null

2019-09-30 18:02:07 - [TEST_STEP][PASSED] - sizeRange4 = ["5", "6", "6.5", "7", "7.5", "8", "8.5", "9", "9.5", "10", "11"]: null

2019-09-30 18:02:07 - [TEST_STEP][PASSED] - sizeRange5 = ["XS/S", "M/L"]: null

2019-09-30 18:02:07 - [TEST_STEP][PASSED] - sizeRangeSplit = UtilityMethods.SplitSizes(findTestData("productData").getValue("SzRange", row)): null

2019-09-30 18:02:07 - [TEST_STEP][PASSED] - sizeType = getText(findTestObject("Object Repository/Page_cabi Order Items/Size")): Text of object 'Object Repository/Page_cabi Order Items/Size' is: 'Select'

2019-09-30 18:02:07 - [MESSAGE][PASSED] - Text of object 'Object Repository/Page_cabi Order Items/Size' is: 'Select'

2019-09-30 18:02:07 - [TEST_STEP][PASSED] - sizeOptions = findWebElements(findTestObject("Object Repository/Page_cabi Order Items/Size"), 5): null

2019-09-30 18:02:07 - [TEST_STEP][PASSED] - actualRange = new java.util.ArrayList(): null

2019-09-30 18:02:07 - [TEST_STEP][PASSED] - expectedRange = <not implemented yet for class: org.codehaus.groovy.ast.expr.EmptyExpression>: null

2019-09-30 18:02:07 - [TEST_STEP][PASSED] - if (sizeType.equalsIgnoreCase("Select")): null

2019-09-30 18:02:07 - [TEST_STEP][PASSED] - for ([i = 1, i < sizeOptions.size(), (i++)]): null

2019-09-30 18:02:07 - [TEST_STEP][PASSED] - actualRange.add(getAttribute("value").toString()): null

2019-09-30 18:02:07 - [TEST_STEP][PASSED] - actualRange.add(getAttribute("value").toString()): null

2019-09-30 18:02:07 - [TEST_STEP][PASSED] - actualRange.add(getAttribute("value").toString()): null

2019-09-30 18:02:07 - [TEST_STEP][PASSED] - actualRange.add(getAttribute("value").toString()): null

2019-09-30 18:02:07 - [TEST_STEP][PASSED] - actualRange.add(getAttribute("value").toString()): null

2019-09-30 18:02:07 - [TEST_STEP][PASSED] - if (toString().equalsIgnoreCase("XS") || toString().equalsIgnoreCase("XXS")): null

2019-09-30 18:02:07 - [TEST_STEP][PASSED] - expectedRange = UtilityMethods.getExpectedRange(sizeRange1, sizeRangeSplit): null

2019-09-30 18:02:07 - [TEST_STEP][PASSED] - println("XS"): null

2019-09-30 18:02:07 - [TEST_STEP][PASSED] - println(expectedRange.toString()): null

2019-09-30 18:02:07 - [TEST_STEP][PASSED] - sa.assertTrue(UtilityMethods.listEquals(expectedRange, actualRange)): null

2019-09-30 18:02:07 - [TEST_STEP][PASSED] - delay(2): Delayed 2 second(s)

2019-09-30 18:02:09 - [MESSAGE][PASSED] - Delayed 2 second(s)

2019-09-30 18:02:09 - [TEST_STEP][PASSED] - verifyElementText(findTestObject("Page_cabi Order Items/product_title"), findTestData("productData").getValue("Description", row), CONTINUE_ON_FAILURE): Actual text and expected text of test object 'Object Repository/Page_cabi Order Items/product_title' are matched.

2019-09-30 18:02:09 - [MESSAGE][PASSED] - Actual text and expected text of test object 'Object Repository/Page_cabi Order Items/product_title' are matched.

2019-09-30 18:02:09 - [TEST_STEP][PASSED] - verifyElementText(findTestObject("Page_cabi Order Items/product_fabric"), findTestData("productData").getValue("FinalContent", row), CONTINUE_ON_FAILURE): Actual text and expected text of test object 'Object Repository/Page_cabi Order Items/product_fabric' are matched.

2019-09-30 18:02:09 - [MESSAGE][PASSED] - Actual text and expected text of test object 'Object Repository/Page_cabi Order Items/product_fabric' are matched.

2019-09-30 18:02:09 - [TEST_STEP][PASSED] - actualCasreIntrn = "<div>" + getText(findTestObject("Page_cabi Order Items/care_instruction")) + "</div>": Text of object 'Object Repository/Page_cabi Order Items/care_instruction' is: 'Wash by hand separately with cold water. Only non-chlorine bleach if needed. Do not twist or wring. Lay flat to dry. Steam iron only if needed. Can be dry cleaned.'

2019-09-30 18:02:09 - [MESSAGE][PASSED] - Text of object 'Object Repository/Page_cabi Order Items/care_instruction' is: 'Wash by hand separately with cold water. Only non-chlorine bleach if needed. Do not twist or wring. Lay flat to dry. Steam iron only if needed. Can be dry cleaned.'

2019-09-30 18:02:09 - [TEST_STEP][PASSED] - sa.assertTrue(actualCasreIntrn.equals(findTestData("productData").getValue("CareInstr", row))): null

2019-09-30 18:02:09 - [TEST_STEP][PASSED] - sa = new org.testng.asserts.SoftAssert(): null

2019-09-30 18:02:09 - [TEST_STEP][PASSED] - setText(findTestObject("Object Repository/Page_cabi Order Items/input_New Arrivals - Blooming Blush_style"), findTestData("productData").getValue("Style", row)): Text '3861' is set on object 'Object Repository/Page_cabi Order Items/input_New Arrivals - Blooming Blush_style'

2019-09-30 18:02:10 - [MESSAGE][PASSED] - Text '3861' is set on object 'Object Repository/Page_cabi Order Items/input_New Arrivals - Blooming Blush_style'

2019-09-30 18:02:10 - [TEST_STEP][PASSED] - sendKeys(findTestObject("Object Repository/Page_cabi Order Items/input_New Arrivals - Blooming Blush_style"), Keys.chord(ENTER)): Keys 'ENTER + ' sent to object: 'Object Repository/Page_cabi Order Items/input_New Arrivals - Blooming Blush_style'

2019-09-30 18:02:10 - [MESSAGE][PASSED] - Keys 'ENTER + ' sent to object: 'Object Repository/Page_cabi Order Items/input_New Arrivals - Blooming Blush_style'

2019-09-30 18:02:10 - [TEST_STEP][PASSED] - delay(2): Delayed 2 second(s)

2019-09-30 18:02:12 - [MESSAGE][PASSED] - Delayed 2 second(s)

2019-09-30 18:02:12 - [TEST_STEP][PASSED] - executeJavaScript("arguments[0].click()", Arrays.asList(findWebElement(findTestObject("Object Repository/Page_cabi Order Items/input_New Arrivals - Blooming Blush_style"), 30))): Execute JavaScript 'arguments[0].click()' successfully

2019-09-30 18:02:12 - [MESSAGE][PASSED] - Execute JavaScript 'arguments[0].click()' successfully

2019-09-30 18:02:12 - [TEST_STEP][PASSED] - delay(2): Delayed 2 second(s)

2019-09-30 18:02:14 - [MESSAGE][PASSED] - Delayed 2 second(s)

2019-09-30 18:02:14 - [TEST_STEP][PASSED] - if (toString().equalsIgnoreCase("no")): null

2019-09-30 18:02:14 - [TEST_STEP][PASSED] - else: null

2019-09-30 18:02:14 - [TEST_STEP][PASSED] - click(findTestObject("Page_cabi Order Items/li_order_item")): Object: 'Object Repository/Page_cabi Order Items/li_order_item' is clicked on

2019-09-30 18:02:14 - [MESSAGE][PASSED] - Object: 'Object Repository/Page_cabi Order Items/li_order_item' is clicked on

2019-09-30 18:02:14 - [TEST_STEP][PASSED] - delay(5): Delayed 5 second(s)

2019-09-30 18:02:19 - [MESSAGE][PASSED] - Delayed 5 second(s)

2019-09-30 18:02:19 - [TEST_STEP][PASSED] - imgString1 = getValue("Style", row).toString(): null

2019-09-30 18:02:19 - [TEST_STEP][PASSED] - imagePath = UtilityMethods.createScreenshotImagePath(storeType, imgString1): null

2019-09-30 18:02:19 - [TEST_STEP][PASSED] - println(imagePath): null

2019-09-30 18:02:19 - [TEST_STEP][PASSED] - takeScreenshot(imagePath): Taking screenshot successfully

2019-09-30 18:02:19 - [MESSAGE][PASSED] - Taking screenshot successfully
[[ATTACHMENT|C:\\Users\\user\\Documents\\testautomation\\KatalonProjects\\productImages\\BOPersonal_3861 image.png]]

2019-09-30 18:02:19 - [TEST_STEP][PASSED] - verifyElementText(findTestObject("Page_cabi Order Items/GetAttribute_getID"), findTestData("productData").getValue("Style", row), CONTINUE_ON_FAILURE): Actual text and expected text of test object 'Object Repository/Page_cabi Order Items/GetAttribute_getID' are matched.

2019-09-30 18:02:19 - [MESSAGE][PASSED] - Actual text and expected text of test object 'Object Repository/Page_cabi Order Items/GetAttribute_getID' are matched.

2019-09-30 18:02:19 - [TEST_STEP][PASSED] - colorOptions = findWebElements(findTestObject("Page_cabi Order Items/GetAttribute_Color"), 5): null

2019-09-30 18:02:19 - [TEST_STEP][PASSED] - println(colorOptions.size()): null

2019-09-30 18:02:19 - [TEST_STEP][PASSED] - expectedColour = findTestData("productData").getValue("Color", row): null

2019-09-30 18:02:19 - [TEST_STEP][PASSED] - println("expected colour is"): null

2019-09-30 18:02:19 - [TEST_STEP][PASSED] - println(expectedColour): null

2019-09-30 18:02:19 - [TEST_STEP][PASSED] - colourVerified = false: null

2019-09-30 18:02:19 - [TEST_STEP][PASSED] - for (org.openqa.selenium.WebElement op : colorOptions): null

2019-09-30 18:02:19 - [TEST_STEP][PASSED] - println(op.getText()): null

2019-09-30 18:02:19 - [TEST_STEP][PASSED] - if (expectedColour.equalsIgnoreCase(op.getText())): null

2019-09-30 18:02:19 - [TEST_STEP][PASSED] - colourVerified = true: null

2019-09-30 18:02:19 - [TEST_STEP][PASSED] - break: null

2019-09-30 18:02:19 - [TEST_STEP][PASSED] - sa.assertTrue(colourVerified): null

2019-09-30 18:02:19 - [TEST_STEP][PASSED] - getPrice = getText(findTestObject("Page_cabi Order Items/GetAttribute_Price")): Text of object 'Object Repository/Page_cabi Order Items/GetAttribute_Price' is: 'Price : $89.00'

2019-09-30 18:02:19 - [MESSAGE][PASSED] - Text of object 'Object Repository/Page_cabi Order Items/GetAttribute_Price' is: 'Price : $89.00'

2019-09-30 18:02:19 - [TEST_STEP][PASSED] - Split_Data = UtilityMethods.SplitData(getPrice): null

2019-09-30 18:02:19 - [TEST_STEP][PASSED] - verifyMatch(Split_Data, findTestData("productData").getValue("Retail", row), true, CONTINUE_ON_FAILURE): Actual text '89' and expected text '89' are matched  using regular expression

2019-09-30 18:02:19 - [MESSAGE][PASSED] - Actual text '89' and expected text '89' are matched  using regular expression

2019-09-30 18:02:19 - [TEST_STEP][PASSED] - sizeRange1 = ["XXS", "XS", "S", "M", "L", "XL"]: null

2019-09-30 18:02:19 - [TEST_STEP][PASSED] - sizeRange2 = ["00", "0", "2", "4", "6", "8", "10", "12", "14", "16"]: null

2019-09-30 18:02:19 - [TEST_STEP][PASSED] - sizeRange3 = ["Long", "Regular", "Short"]: null

2019-09-30 18:02:19 - [TEST_STEP][PASSED] - sizeRange4 = ["5", "6", "6.5", "7", "7.5", "8", "8.5", "9", "9.5", "10", "11"]: null

2019-09-30 18:02:19 - [TEST_STEP][PASSED] - sizeRange5 = ["XS/S", "M/L"]: null

2019-09-30 18:02:19 - [TEST_STEP][PASSED] - sizeRangeSplit = UtilityMethods.SplitSizes(findTestData("productData").getValue("SzRange", row)): null

2019-09-30 18:02:19 - [TEST_STEP][PASSED] - sizeType = getText(findTestObject("Object Repository/Page_cabi Order Items/Size")): Text of object 'Object Repository/Page_cabi Order Items/Size' is: 'Select'

2019-09-30 18:02:19 - [MESSAGE][PASSED] - Text of object 'Object Repository/Page_cabi Order Items/Size' is: 'Select'

2019-09-30 18:02:19 - [TEST_STEP][PASSED] - sizeOptions = findWebElements(findTestObject("Object Repository/Page_cabi Order Items/Size"), 5): null

2019-09-30 18:02:19 - [TEST_STEP][PASSED] - actualRange = new java.util.ArrayList(): null

2019-09-30 18:02:19 - [TEST_STEP][PASSED] - expectedRange = <not implemented yet for class: org.codehaus.groovy.ast.expr.EmptyExpression>: null

2019-09-30 18:02:19 - [TEST_STEP][PASSED] - if (sizeType.equalsIgnoreCase("Select")): null

2019-09-30 18:02:19 - [TEST_STEP][PASSED] - for ([i = 1, i < sizeOptions.size(), (i++)]): null

2019-09-30 18:02:19 - [TEST_STEP][PASSED] - actualRange.add(getAttribute("value").toString()): null

2019-09-30 18:02:19 - [TEST_STEP][PASSED] - actualRange.add(getAttribute("value").toString()): null

2019-09-30 18:02:19 - [TEST_STEP][PASSED] - actualRange.add(getAttribute("value").toString()): null

2019-09-30 18:02:19 - [TEST_STEP][PASSED] - actualRange.add(getAttribute("value").toString()): null

2019-09-30 18:02:19 - [TEST_STEP][PASSED] - actualRange.add(getAttribute("value").toString()): null

2019-09-30 18:02:20 - [TEST_STEP][PASSED] - if (toString().equalsIgnoreCase("XS") || toString().equalsIgnoreCase("XXS")): null

2019-09-30 18:02:20 - [TEST_STEP][PASSED] - expectedRange = UtilityMethods.getExpectedRange(sizeRange1, sizeRangeSplit): null

2019-09-30 18:02:20 - [TEST_STEP][PASSED] - println("XS"): null

2019-09-30 18:02:20 - [TEST_STEP][PASSED] - println(expectedRange.toString()): null

2019-09-30 18:02:20 - [TEST_STEP][PASSED] - sa.assertTrue(UtilityMethods.listEquals(expectedRange, actualRange)): null

2019-09-30 18:02:20 - [TEST_STEP][PASSED] - delay(2): Delayed 2 second(s)

2019-09-30 18:02:22 - [MESSAGE][PASSED] - Delayed 2 second(s)

2019-09-30 18:02:22 - [TEST_STEP][PASSED] - verifyElementText(findTestObject("Page_cabi Order Items/product_title"), findTestData("productData").getValue("Description", row), CONTINUE_ON_FAILURE): Actual text and expected text of test object 'Object Repository/Page_cabi Order Items/product_title' are matched.

2019-09-30 18:02:22 - [MESSAGE][PASSED] - Actual text and expected text of test object 'Object Repository/Page_cabi Order Items/product_title' are matched.

2019-09-30 18:02:22 - [TEST_STEP][PASSED] - verifyElementText(findTestObject("Page_cabi Order Items/product_fabric"), findTestData("productData").getValue("FinalContent", row), CONTINUE_ON_FAILURE): Actual text and expected text of test object 'Object Repository/Page_cabi Order Items/product_fabric' are matched.

2019-09-30 18:02:22 - [MESSAGE][PASSED] - Actual text and expected text of test object 'Object Repository/Page_cabi Order Items/product_fabric' are matched.

2019-09-30 18:02:22 - [TEST_STEP][PASSED] - actualCasreIntrn = "<div>" + getText(findTestObject("Page_cabi Order Items/care_instruction")) + "</div>": Text of object 'Object Repository/Page_cabi Order Items/care_instruction' is: 'Machine wash with like colors in cold water on the delicate cycle. Only non-chlorine bleach if needed. Lay flat to dry. Warm iron if needed.'

2019-09-30 18:02:22 - [MESSAGE][PASSED] - Text of object 'Object Repository/Page_cabi Order Items/care_instruction' is: 'Machine wash with like colors in cold water on the delicate cycle. Only non-chlorine bleach if needed. Lay flat to dry. Warm iron if needed.'

2019-09-30 18:02:22 - [TEST_STEP][PASSED] - sa.assertTrue(actualCasreIntrn.equals(findTestData("productData").getValue("CareInstr", row))): null

2019-09-30 18:02:22 - [TEST_STEP][PASSED] - sa = new org.testng.asserts.SoftAssert(): null

2019-09-30 18:02:22 - [TEST_STEP][PASSED] - setText(findTestObject("Object Repository/Page_cabi Order Items/input_New Arrivals - Blooming Blush_style"), findTestData("productData").getValue("Style", row)): Text '3863' is set on object 'Object Repository/Page_cabi Order Items/input_New Arrivals - Blooming Blush_style'

2019-09-30 18:02:22 - [MESSAGE][PASSED] - Text '3863' is set on object 'Object Repository/Page_cabi Order Items/input_New Arrivals - Blooming Blush_style'

2019-09-30 18:02:22 - [TEST_STEP][PASSED] - sendKeys(findTestObject("Object Repository/Page_cabi Order Items/input_New Arrivals - Blooming Blush_style"), Keys.chord(ENTER)): Keys 'ENTER + ' sent to object: 'Object Repository/Page_cabi Order Items/input_New Arrivals - Blooming Blush_style'

2019-09-30 18:02:22 - [MESSAGE][PASSED] - Keys 'ENTER + ' sent to object: 'Object Repository/Page_cabi Order Items/input_New Arrivals - Blooming Blush_style'

2019-09-30 18:02:22 - [TEST_STEP][PASSED] - delay(2): Delayed 2 second(s)

2019-09-30 18:02:24 - [MESSAGE][PASSED] - Delayed 2 second(s)

2019-09-30 18:02:24 - [TEST_STEP][PASSED] - executeJavaScript("arguments[0].click()", Arrays.asList(findWebElement(findTestObject("Object Repository/Page_cabi Order Items/input_New Arrivals - Blooming Blush_style"), 30))): Execute JavaScript 'arguments[0].click()' successfully

2019-09-30 18:02:24 - [MESSAGE][PASSED] - Execute JavaScript 'arguments[0].click()' successfully

2019-09-30 18:02:24 - [TEST_STEP][PASSED] - delay(2): Delayed 2 second(s)

2019-09-30 18:02:26 - [MESSAGE][PASSED] - Delayed 2 second(s)

2019-09-30 18:02:26 - [TEST_STEP][PASSED] - if (toString().equalsIgnoreCase("no")): null

2019-09-30 18:02:26 - [TEST_STEP][PASSED] - else: null

2019-09-30 18:02:26 - [TEST_STEP][PASSED] - click(findTestObject("Page_cabi Order Items/li_order_item")): Object: 'Object Repository/Page_cabi Order Items/li_order_item' is clicked on

2019-09-30 18:02:26 - [MESSAGE][PASSED] - Object: 'Object Repository/Page_cabi Order Items/li_order_item' is clicked on

2019-09-30 18:02:26 - [TEST_STEP][PASSED] - delay(5): Delayed 5 second(s)

2019-09-30 18:02:31 - [MESSAGE][PASSED] - Delayed 5 second(s)

2019-09-30 18:02:31 - [TEST_STEP][PASSED] - imgString1 = getValue("Style", row).toString(): null

2019-09-30 18:02:31 - [TEST_STEP][PASSED] - imagePath = UtilityMethods.createScreenshotImagePath(storeType, imgString1): null

2019-09-30 18:02:31 - [TEST_STEP][PASSED] - println(imagePath): null

2019-09-30 18:02:31 - [TEST_STEP][PASSED] - takeScreenshot(imagePath): Taking screenshot successfully

2019-09-30 18:02:31 - [MESSAGE][PASSED] - Taking screenshot successfully
[[ATTACHMENT|C:\\Users\\user\\Documents\\testautomation\\KatalonProjects\\productImages\\BOPersonal_3863 image.png]]

2019-09-30 18:02:31 - [TEST_STEP][PASSED] - verifyElementText(findTestObject("Page_cabi Order Items/GetAttribute_getID"), findTestData("productData").getValue("Style", row), CONTINUE_ON_FAILURE): Actual text and expected text of test object 'Object Repository/Page_cabi Order Items/GetAttribute_getID' are matched.

2019-09-30 18:02:32 - [MESSAGE][PASSED] - Actual text and expected text of test object 'Object Repository/Page_cabi Order Items/GetAttribute_getID' are matched.

2019-09-30 18:02:32 - [TEST_STEP][PASSED] - colorOptions = findWebElements(findTestObject("Page_cabi Order Items/GetAttribute_Color"), 5): null

2019-09-30 18:02:32 - [TEST_STEP][PASSED] - println(colorOptions.size()): null

2019-09-30 18:02:32 - [TEST_STEP][PASSED] - expectedColour = findTestData("productData").getValue("Color", row): null

2019-09-30 18:02:32 - [TEST_STEP][PASSED] - println("expected colour is"): null

2019-09-30 18:02:32 - [TEST_STEP][PASSED] - println(expectedColour): null

2019-09-30 18:02:32 - [TEST_STEP][PASSED] - colourVerified = false: null

2019-09-30 18:02:32 - [TEST_STEP][PASSED] - for (org.openqa.selenium.WebElement op : colorOptions): null

2019-09-30 18:02:32 - [TEST_STEP][PASSED] - println(op.getText()): null

2019-09-30 18:02:32 - [TEST_STEP][PASSED] - if (expectedColour.equalsIgnoreCase(op.getText())): null

2019-09-30 18:02:32 - [TEST_STEP][PASSED] - colourVerified = true: null

2019-09-30 18:02:32 - [TEST_STEP][PASSED] - break: null

2019-09-30 18:02:32 - [TEST_STEP][PASSED] - sa.assertTrue(colourVerified): null

2019-09-30 18:02:32 - [TEST_STEP][PASSED] - getPrice = getText(findTestObject("Page_cabi Order Items/GetAttribute_Price")): Text of object 'Object Repository/Page_cabi Order Items/GetAttribute_Price' is: 'Price : $84.00'

2019-09-30 18:02:32 - [MESSAGE][PASSED] - Text of object 'Object Repository/Page_cabi Order Items/GetAttribute_Price' is: 'Price : $84.00'

2019-09-30 18:02:32 - [TEST_STEP][PASSED] - Split_Data = UtilityMethods.SplitData(getPrice): null

2019-09-30 18:02:32 - [TEST_STEP][PASSED] - verifyMatch(Split_Data, findTestData("productData").getValue("Retail", row), true, CONTINUE_ON_FAILURE): Actual text '84' and expected text '84' are matched  using regular expression

2019-09-30 18:02:32 - [MESSAGE][PASSED] - Actual text '84' and expected text '84' are matched  using regular expression

2019-09-30 18:02:32 - [TEST_STEP][PASSED] - sizeRange1 = ["XXS", "XS", "S", "M", "L", "XL"]: null

2019-09-30 18:02:32 - [TEST_STEP][PASSED] - sizeRange2 = ["00", "0", "2", "4", "6", "8", "10", "12", "14", "16"]: null

2019-09-30 18:02:32 - [TEST_STEP][PASSED] - sizeRange3 = ["Long", "Regular", "Short"]: null

2019-09-30 18:02:32 - [TEST_STEP][PASSED] - sizeRange4 = ["5", "6", "6.5", "7", "7.5", "8", "8.5", "9", "9.5", "10", "11"]: null

2019-09-30 18:02:32 - [TEST_STEP][PASSED] - sizeRange5 = ["XS/S", "M/L"]: null

2019-09-30 18:02:32 - [TEST_STEP][PASSED] - sizeRangeSplit = UtilityMethods.SplitSizes(findTestData("productData").getValue("SzRange", row)): null

2019-09-30 18:02:32 - [TEST_STEP][PASSED] - sizeType = getText(findTestObject("Object Repository/Page_cabi Order Items/Size")): Text of object 'Object Repository/Page_cabi Order Items/Size' is: 'Select'

2019-09-30 18:02:32 - [MESSAGE][PASSED] - Text of object 'Object Repository/Page_cabi Order Items/Size' is: 'Select'

2019-09-30 18:02:32 - [TEST_STEP][PASSED] - sizeOptions = findWebElements(findTestObject("Object Repository/Page_cabi Order Items/Size"), 5): null

2019-09-30 18:02:32 - [TEST_STEP][PASSED] - actualRange = new java.util.ArrayList(): null

2019-09-30 18:02:32 - [TEST_STEP][PASSED] - expectedRange = <not implemented yet for class: org.codehaus.groovy.ast.expr.EmptyExpression>: null

2019-09-30 18:02:32 - [TEST_STEP][PASSED] - if (sizeType.equalsIgnoreCase("Select")): null

2019-09-30 18:02:32 - [TEST_STEP][PASSED] - for ([i = 1, i < sizeOptions.size(), (i++)]): null

2019-09-30 18:02:32 - [TEST_STEP][PASSED] - actualRange.add(getAttribute("value").toString()): null

2019-09-30 18:02:32 - [TEST_STEP][PASSED] - actualRange.add(getAttribute("value").toString()): null

2019-09-30 18:02:32 - [TEST_STEP][PASSED] - actualRange.add(getAttribute("value").toString()): null

2019-09-30 18:02:32 - [TEST_STEP][PASSED] - actualRange.add(getAttribute("value").toString()): null

2019-09-30 18:02:32 - [TEST_STEP][PASSED] - actualRange.add(getAttribute("value").toString()): null

2019-09-30 18:02:32 - [TEST_STEP][PASSED] - if (toString().equalsIgnoreCase("XS") || toString().equalsIgnoreCase("XXS")): null

2019-09-30 18:02:32 - [TEST_STEP][PASSED] - expectedRange = UtilityMethods.getExpectedRange(sizeRange1, sizeRangeSplit): null

2019-09-30 18:02:32 - [TEST_STEP][PASSED] - println("XS"): null

2019-09-30 18:02:32 - [TEST_STEP][PASSED] - println(expectedRange.toString()): null

2019-09-30 18:02:32 - [TEST_STEP][PASSED] - sa.assertTrue(UtilityMethods.listEquals(expectedRange, actualRange)): null

2019-09-30 18:02:32 - [TEST_STEP][PASSED] - delay(2): Delayed 2 second(s)

2019-09-30 18:02:34 - [MESSAGE][PASSED] - Delayed 2 second(s)

2019-09-30 18:02:34 - [TEST_STEP][PASSED] - verifyElementText(findTestObject("Page_cabi Order Items/product_title"), findTestData("productData").getValue("Description", row), CONTINUE_ON_FAILURE): Actual text and expected text of test object 'Object Repository/Page_cabi Order Items/product_title' are matched.

2019-09-30 18:02:34 - [MESSAGE][PASSED] - Actual text and expected text of test object 'Object Repository/Page_cabi Order Items/product_title' are matched.

2019-09-30 18:02:34 - [TEST_STEP][PASSED] - verifyElementText(findTestObject("Page_cabi Order Items/product_fabric"), findTestData("productData").getValue("FinalContent", row), CONTINUE_ON_FAILURE): Actual text and expected text of test object 'Object Repository/Page_cabi Order Items/product_fabric' are matched.

2019-09-30 18:02:34 - [MESSAGE][PASSED] - Actual text and expected text of test object 'Object Repository/Page_cabi Order Items/product_fabric' are matched.

2019-09-30 18:02:34 - [TEST_STEP][PASSED] - actualCasreIntrn = "<div>" + getText(findTestObject("Page_cabi Order Items/care_instruction")) + "</div>": Text of object 'Object Repository/Page_cabi Order Items/care_instruction' is: 'Machine wash with like colors in cold water on the delicate cycle. Only non-chlorine bleach if needed. Lay flat to dry. Warm iron if needed.'

2019-09-30 18:02:34 - [MESSAGE][PASSED] - Text of object 'Object Repository/Page_cabi Order Items/care_instruction' is: 'Machine wash with like colors in cold water on the delicate cycle. Only non-chlorine bleach if needed. Lay flat to dry. Warm iron if needed.'

2019-09-30 18:02:34 - [TEST_STEP][PASSED] - sa.assertTrue(actualCasreIntrn.equals(findTestData("productData").getValue("CareInstr", row))): null

2019-09-30 18:02:34 - [TEST_STEP][PASSED] - sa = new org.testng.asserts.SoftAssert(): null

2019-09-30 18:02:34 - [TEST_STEP][PASSED] - setText(findTestObject("Object Repository/Page_cabi Order Items/input_New Arrivals - Blooming Blush_style"), findTestData("productData").getValue("Style", row)): Text '3864' is set on object 'Object Repository/Page_cabi Order Items/input_New Arrivals - Blooming Blush_style'

2019-09-30 18:02:34 - [MESSAGE][PASSED] - Text '3864' is set on object 'Object Repository/Page_cabi Order Items/input_New Arrivals - Blooming Blush_style'

2019-09-30 18:02:34 - [TEST_STEP][PASSED] - sendKeys(findTestObject("Object Repository/Page_cabi Order Items/input_New Arrivals - Blooming Blush_style"), Keys.chord(ENTER)): Keys 'ENTER + ' sent to object: 'Object Repository/Page_cabi Order Items/input_New Arrivals - Blooming Blush_style'

2019-09-30 18:02:34 - [MESSAGE][PASSED] - Keys 'ENTER + ' sent to object: 'Object Repository/Page_cabi Order Items/input_New Arrivals - Blooming Blush_style'

2019-09-30 18:02:34 - [TEST_STEP][PASSED] - delay(2): Delayed 2 second(s)

2019-09-30 18:02:36 - [MESSAGE][PASSED] - Delayed 2 second(s)

2019-09-30 18:02:36 - [TEST_STEP][PASSED] - executeJavaScript("arguments[0].click()", Arrays.asList(findWebElement(findTestObject("Object Repository/Page_cabi Order Items/input_New Arrivals - Blooming Blush_style"), 30))): Execute JavaScript 'arguments[0].click()' successfully

2019-09-30 18:02:36 - [MESSAGE][PASSED] - Execute JavaScript 'arguments[0].click()' successfully

2019-09-30 18:02:36 - [TEST_STEP][PASSED] - delay(2): Delayed 2 second(s)

2019-09-30 18:02:38 - [MESSAGE][PASSED] - Delayed 2 second(s)

2019-09-30 18:02:38 - [TEST_STEP][PASSED] - if (toString().equalsIgnoreCase("no")): null

2019-09-30 18:02:38 - [TEST_STEP][PASSED] - else: null

2019-09-30 18:02:38 - [TEST_STEP][PASSED] - click(findTestObject("Page_cabi Order Items/li_order_item")): Object: 'Object Repository/Page_cabi Order Items/li_order_item' is clicked on

2019-09-30 18:02:38 - [MESSAGE][PASSED] - Object: 'Object Repository/Page_cabi Order Items/li_order_item' is clicked on

2019-09-30 18:02:38 - [TEST_STEP][PASSED] - delay(5): Delayed 5 second(s)

2019-09-30 18:02:43 - [MESSAGE][PASSED] - Delayed 5 second(s)

2019-09-30 18:02:43 - [TEST_STEP][PASSED] - imgString1 = getValue("Style", row).toString(): null

2019-09-30 18:02:43 - [TEST_STEP][PASSED] - imagePath = UtilityMethods.createScreenshotImagePath(storeType, imgString1): null

2019-09-30 18:02:43 - [TEST_STEP][PASSED] - println(imagePath): null

2019-09-30 18:02:43 - [TEST_STEP][PASSED] - takeScreenshot(imagePath): Taking screenshot successfully

2019-09-30 18:02:44 - [MESSAGE][PASSED] - Taking screenshot successfully
[[ATTACHMENT|C:\\Users\\user\\Documents\\testautomation\\KatalonProjects\\productImages\\BOPersonal_3864 image.png]]

2019-09-30 18:02:44 - [TEST_STEP][PASSED] - verifyElementText(findTestObject("Page_cabi Order Items/GetAttribute_getID"), findTestData("productData").getValue("Style", row), CONTINUE_ON_FAILURE): Actual text and expected text of test object 'Object Repository/Page_cabi Order Items/GetAttribute_getID' are matched.

2019-09-30 18:02:44 - [MESSAGE][PASSED] - Actual text and expected text of test object 'Object Repository/Page_cabi Order Items/GetAttribute_getID' are matched.

2019-09-30 18:02:44 - [TEST_STEP][PASSED] - colorOptions = findWebElements(findTestObject("Page_cabi Order Items/GetAttribute_Color"), 5): null

2019-09-30 18:02:44 - [TEST_STEP][PASSED] - println(colorOptions.size()): null

2019-09-30 18:02:44 - [TEST_STEP][PASSED] - expectedColour = findTestData("productData").getValue("Color", row): null

2019-09-30 18:02:44 - [TEST_STEP][PASSED] - println("expected colour is"): null

2019-09-30 18:02:44 - [TEST_STEP][PASSED] - println(expectedColour): null

2019-09-30 18:02:44 - [TEST_STEP][PASSED] - colourVerified = false: null

2019-09-30 18:02:44 - [TEST_STEP][PASSED] - for (org.openqa.selenium.WebElement op : colorOptions): null

2019-09-30 18:02:44 - [TEST_STEP][PASSED] - println(op.getText()): null

2019-09-30 18:02:44 - [TEST_STEP][PASSED] - if (expectedColour.equalsIgnoreCase(op.getText())): null

2019-09-30 18:02:44 - [TEST_STEP][PASSED] - colourVerified = true: null

2019-09-30 18:02:44 - [TEST_STEP][PASSED] - break: null

2019-09-30 18:02:44 - [TEST_STEP][PASSED] - sa.assertTrue(colourVerified): null

2019-09-30 18:02:44 - [TEST_STEP][PASSED] - getPrice = getText(findTestObject("Page_cabi Order Items/GetAttribute_Price")): Text of object 'Object Repository/Page_cabi Order Items/GetAttribute_Price' is: 'Price : $79.00'

2019-09-30 18:02:44 - [MESSAGE][PASSED] - Text of object 'Object Repository/Page_cabi Order Items/GetAttribute_Price' is: 'Price : $79.00'

2019-09-30 18:02:44 - [TEST_STEP][PASSED] - Split_Data = UtilityMethods.SplitData(getPrice): null

2019-09-30 18:02:44 - [TEST_STEP][PASSED] - verifyMatch(Split_Data, findTestData("productData").getValue("Retail", row), true, CONTINUE_ON_FAILURE): Actual text '79' and expected text '79' are matched  using regular expression

2019-09-30 18:02:44 - [MESSAGE][PASSED] - Actual text '79' and expected text '79' are matched  using regular expression

2019-09-30 18:02:44 - [TEST_STEP][PASSED] - sizeRange1 = ["XXS", "XS", "S", "M", "L", "XL"]: null

2019-09-30 18:02:44 - [TEST_STEP][PASSED] - sizeRange2 = ["00", "0", "2", "4", "6", "8", "10", "12", "14", "16"]: null

2019-09-30 18:02:44 - [TEST_STEP][PASSED] - sizeRange3 = ["Long", "Regular", "Short"]: null

2019-09-30 18:02:44 - [TEST_STEP][PASSED] - sizeRange4 = ["5", "6", "6.5", "7", "7.5", "8", "8.5", "9", "9.5", "10", "11"]: null

2019-09-30 18:02:44 - [TEST_STEP][PASSED] - sizeRange5 = ["XS/S", "M/L"]: null

2019-09-30 18:02:44 - [TEST_STEP][PASSED] - sizeRangeSplit = UtilityMethods.SplitSizes(findTestData("productData").getValue("SzRange", row)): null

2019-09-30 18:02:44 - [TEST_STEP][PASSED] - sizeType = getText(findTestObject("Object Repository/Page_cabi Order Items/Size")): Text of object 'Object Repository/Page_cabi Order Items/Size' is: 'Select'

2019-09-30 18:02:44 - [MESSAGE][PASSED] - Text of object 'Object Repository/Page_cabi Order Items/Size' is: 'Select'

2019-09-30 18:02:44 - [TEST_STEP][PASSED] - sizeOptions = findWebElements(findTestObject("Object Repository/Page_cabi Order Items/Size"), 5): null

2019-09-30 18:02:44 - [TEST_STEP][PASSED] - actualRange = new java.util.ArrayList(): null

2019-09-30 18:02:44 - [TEST_STEP][PASSED] - expectedRange = <not implemented yet for class: org.codehaus.groovy.ast.expr.EmptyExpression>: null

2019-09-30 18:02:44 - [TEST_STEP][PASSED] - if (sizeType.equalsIgnoreCase("Select")): null

2019-09-30 18:02:44 - [TEST_STEP][PASSED] - for ([i = 1, i < sizeOptions.size(), (i++)]): null

2019-09-30 18:02:44 - [TEST_STEP][PASSED] - actualRange.add(getAttribute("value").toString()): null

2019-09-30 18:02:44 - [TEST_STEP][PASSED] - actualRange.add(getAttribute("value").toString()): null

2019-09-30 18:02:44 - [TEST_STEP][PASSED] - actualRange.add(getAttribute("value").toString()): null

2019-09-30 18:02:44 - [TEST_STEP][PASSED] - actualRange.add(getAttribute("value").toString()): null

2019-09-30 18:02:44 - [TEST_STEP][PASSED] - actualRange.add(getAttribute("value").toString()): null

2019-09-30 18:02:44 - [TEST_STEP][PASSED] - if (toString().equalsIgnoreCase("XS") || toString().equalsIgnoreCase("XXS")): null

2019-09-30 18:02:44 - [TEST_STEP][PASSED] - expectedRange = UtilityMethods.getExpectedRange(sizeRange1, sizeRangeSplit): null

2019-09-30 18:02:44 - [TEST_STEP][PASSED] - println("XS"): null

2019-09-30 18:02:44 - [TEST_STEP][PASSED] - println(expectedRange.toString()): null

2019-09-30 18:02:44 - [TEST_STEP][PASSED] - sa.assertTrue(UtilityMethods.listEquals(expectedRange, actualRange)): null

2019-09-30 18:02:44 - [TEST_STEP][PASSED] - delay(2): Delayed 2 second(s)

2019-09-30 18:02:46 - [MESSAGE][PASSED] - Delayed 2 second(s)

2019-09-30 18:02:46 - [TEST_STEP][PASSED] - verifyElementText(findTestObject("Page_cabi Order Items/product_title"), findTestData("productData").getValue("Description", row), CONTINUE_ON_FAILURE): Actual text and expected text of test object 'Object Repository/Page_cabi Order Items/product_title' are matched.

2019-09-30 18:02:46 - [MESSAGE][PASSED] - Actual text and expected text of test object 'Object Repository/Page_cabi Order Items/product_title' are matched.

2019-09-30 18:02:46 - [TEST_STEP][PASSED] - verifyElementText(findTestObject("Page_cabi Order Items/product_fabric"), findTestData("productData").getValue("FinalContent", row), CONTINUE_ON_FAILURE): Actual text and expected text of test object 'Object Repository/Page_cabi Order Items/product_fabric' are matched.

2019-09-30 18:02:46 - [MESSAGE][PASSED] - Actual text and expected text of test object 'Object Repository/Page_cabi Order Items/product_fabric' are matched.

2019-09-30 18:02:46 - [TEST_STEP][PASSED] - actualCasreIntrn = "<div>" + getText(findTestObject("Page_cabi Order Items/care_instruction")) + "</div>": Text of object 'Object Repository/Page_cabi Order Items/care_instruction' is: 'Machine wash separately, inside out, in cold water on the delicate cycle. Only non-chlorine bleach if needed. Lay flat to dry. Cool iron on the reverse side if needed. Can be dry cleaned.'

2019-09-30 18:02:46 - [MESSAGE][PASSED] - Text of object 'Object Repository/Page_cabi Order Items/care_instruction' is: 'Machine wash separately, inside out, in cold water on the delicate cycle. Only non-chlorine bleach if needed. Lay flat to dry. Cool iron on the reverse side if needed. Can be dry cleaned.'

2019-09-30 18:02:46 - [TEST_STEP][PASSED] - sa.assertTrue(actualCasreIntrn.equals(findTestData("productData").getValue("CareInstr", row))): null

2019-09-30 18:02:46 - [TEST_STEP][PASSED] - sa = new org.testng.asserts.SoftAssert(): null

2019-09-30 18:02:46 - [TEST_STEP][PASSED] - setText(findTestObject("Object Repository/Page_cabi Order Items/input_New Arrivals - Blooming Blush_style"), findTestData("productData").getValue("Style", row)): Text '3865' is set on object 'Object Repository/Page_cabi Order Items/input_New Arrivals - Blooming Blush_style'

2019-09-30 18:02:46 - [MESSAGE][PASSED] - Text '3865' is set on object 'Object Repository/Page_cabi Order Items/input_New Arrivals - Blooming Blush_style'

2019-09-30 18:02:46 - [TEST_STEP][PASSED] - sendKeys(findTestObject("Object Repository/Page_cabi Order Items/input_New Arrivals - Blooming Blush_style"), Keys.chord(ENTER)): Keys 'ENTER + ' sent to object: 'Object Repository/Page_cabi Order Items/input_New Arrivals - Blooming Blush_style'

2019-09-30 18:02:46 - [MESSAGE][PASSED] - Keys 'ENTER + ' sent to object: 'Object Repository/Page_cabi Order Items/input_New Arrivals - Blooming Blush_style'

2019-09-30 18:02:46 - [TEST_STEP][PASSED] - delay(2): Delayed 2 second(s)

2019-09-30 18:02:48 - [MESSAGE][PASSED] - Delayed 2 second(s)

2019-09-30 18:02:48 - [TEST_STEP][PASSED] - executeJavaScript("arguments[0].click()", Arrays.asList(findWebElement(findTestObject("Object Repository/Page_cabi Order Items/input_New Arrivals - Blooming Blush_style"), 30))): Execute JavaScript 'arguments[0].click()' successfully

2019-09-30 18:02:48 - [MESSAGE][PASSED] - Execute JavaScript 'arguments[0].click()' successfully

2019-09-30 18:02:48 - [TEST_STEP][PASSED] - delay(2): Delayed 2 second(s)

2019-09-30 18:02:50 - [MESSAGE][PASSED] - Delayed 2 second(s)

2019-09-30 18:02:50 - [TEST_STEP][PASSED] - if (toString().equalsIgnoreCase("no")): null

2019-09-30 18:02:50 - [TEST_STEP][PASSED] - else: null

2019-09-30 18:02:50 - [TEST_STEP][PASSED] - click(findTestObject("Page_cabi Order Items/li_order_item")): Object: 'Object Repository/Page_cabi Order Items/li_order_item' is clicked on

2019-09-30 18:02:50 - [MESSAGE][PASSED] - Object: 'Object Repository/Page_cabi Order Items/li_order_item' is clicked on

2019-09-30 18:02:50 - [TEST_STEP][PASSED] - delay(5): Delayed 5 second(s)

2019-09-30 18:02:55 - [MESSAGE][PASSED] - Delayed 5 second(s)

2019-09-30 18:02:55 - [TEST_STEP][PASSED] - imgString1 = getValue("Style", row).toString(): null

2019-09-30 18:02:55 - [TEST_STEP][PASSED] - imagePath = UtilityMethods.createScreenshotImagePath(storeType, imgString1): null

2019-09-30 18:02:55 - [TEST_STEP][PASSED] - println(imagePath): null

2019-09-30 18:02:55 - [TEST_STEP][PASSED] - takeScreenshot(imagePath): Taking screenshot successfully

2019-09-30 18:02:56 - [MESSAGE][PASSED] - Taking screenshot successfully
[[ATTACHMENT|C:\\Users\\user\\Documents\\testautomation\\KatalonProjects\\productImages\\BOPersonal_3865 image.png]]

2019-09-30 18:02:56 - [TEST_STEP][PASSED] - verifyElementText(findTestObject("Page_cabi Order Items/GetAttribute_getID"), findTestData("productData").getValue("Style", row), CONTINUE_ON_FAILURE): Actual text and expected text of test object 'Object Repository/Page_cabi Order Items/GetAttribute_getID' are matched.

2019-09-30 18:02:56 - [MESSAGE][PASSED] - Actual text and expected text of test object 'Object Repository/Page_cabi Order Items/GetAttribute_getID' are matched.

2019-09-30 18:02:56 - [TEST_STEP][PASSED] - colorOptions = findWebElements(findTestObject("Page_cabi Order Items/GetAttribute_Color"), 5): null

2019-09-30 18:02:56 - [TEST_STEP][PASSED] - println(colorOptions.size()): null

2019-09-30 18:02:56 - [TEST_STEP][PASSED] - expectedColour = findTestData("productData").getValue("Color", row): null

2019-09-30 18:02:56 - [TEST_STEP][PASSED] - println("expected colour is"): null

2019-09-30 18:02:56 - [TEST_STEP][PASSED] - println(expectedColour): null

2019-09-30 18:02:56 - [TEST_STEP][PASSED] - colourVerified = false: null

2019-09-30 18:02:56 - [TEST_STEP][PASSED] - for (org.openqa.selenium.WebElement op : colorOptions): null

2019-09-30 18:02:56 - [TEST_STEP][PASSED] - println(op.getText()): null

2019-09-30 18:02:56 - [TEST_STEP][PASSED] - if (expectedColour.equalsIgnoreCase(op.getText())): null

2019-09-30 18:02:56 - [TEST_STEP][PASSED] - colourVerified = true: null

2019-09-30 18:02:56 - [TEST_STEP][PASSED] - break: null

2019-09-30 18:02:56 - [TEST_STEP][PASSED] - sa.assertTrue(colourVerified): null

2019-09-30 18:02:56 - [TEST_STEP][PASSED] - getPrice = getText(findTestObject("Page_cabi Order Items/GetAttribute_Price")): Text of object 'Object Repository/Page_cabi Order Items/GetAttribute_Price' is: 'Price : $89.00'

2019-09-30 18:02:56 - [MESSAGE][PASSED] - Text of object 'Object Repository/Page_cabi Order Items/GetAttribute_Price' is: 'Price : $89.00'

2019-09-30 18:02:56 - [TEST_STEP][PASSED] - Split_Data = UtilityMethods.SplitData(getPrice): null

2019-09-30 18:02:56 - [TEST_STEP][PASSED] - verifyMatch(Split_Data, findTestData("productData").getValue("Retail", row), true, CONTINUE_ON_FAILURE): Actual text '89' and expected text '89' are matched  using regular expression

2019-09-30 18:02:56 - [MESSAGE][PASSED] - Actual text '89' and expected text '89' are matched  using regular expression

2019-09-30 18:02:56 - [TEST_STEP][PASSED] - sizeRange1 = ["XXS", "XS", "S", "M", "L", "XL"]: null

2019-09-30 18:02:56 - [TEST_STEP][PASSED] - sizeRange2 = ["00", "0", "2", "4", "6", "8", "10", "12", "14", "16"]: null

2019-09-30 18:02:56 - [TEST_STEP][PASSED] - sizeRange3 = ["Long", "Regular", "Short"]: null

2019-09-30 18:02:56 - [TEST_STEP][PASSED] - sizeRange4 = ["5", "6", "6.5", "7", "7.5", "8", "8.5", "9", "9.5", "10", "11"]: null

2019-09-30 18:02:56 - [TEST_STEP][PASSED] - sizeRange5 = ["XS/S", "M/L"]: null

2019-09-30 18:02:56 - [TEST_STEP][PASSED] - sizeRangeSplit = UtilityMethods.SplitSizes(findTestData("productData").getValue("SzRange", row)): null

2019-09-30 18:02:56 - [TEST_STEP][PASSED] - sizeType = getText(findTestObject("Object Repository/Page_cabi Order Items/Size")): Text of object 'Object Repository/Page_cabi Order Items/Size' is: 'Select'

2019-09-30 18:02:56 - [MESSAGE][PASSED] - Text of object 'Object Repository/Page_cabi Order Items/Size' is: 'Select'

2019-09-30 18:02:56 - [TEST_STEP][PASSED] - sizeOptions = findWebElements(findTestObject("Object Repository/Page_cabi Order Items/Size"), 5): null

2019-09-30 18:02:56 - [TEST_STEP][PASSED] - actualRange = new java.util.ArrayList(): null

2019-09-30 18:02:56 - [TEST_STEP][PASSED] - expectedRange = <not implemented yet for class: org.codehaus.groovy.ast.expr.EmptyExpression>: null

2019-09-30 18:02:56 - [TEST_STEP][PASSED] - if (sizeType.equalsIgnoreCase("Select")): null

2019-09-30 18:02:56 - [TEST_STEP][PASSED] - for ([i = 1, i < sizeOptions.size(), (i++)]): null

2019-09-30 18:02:56 - [TEST_STEP][PASSED] - actualRange.add(getAttribute("value").toString()): null

2019-09-30 18:02:56 - [TEST_STEP][PASSED] - actualRange.add(getAttribute("value").toString()): null

2019-09-30 18:02:56 - [TEST_STEP][PASSED] - actualRange.add(getAttribute("value").toString()): null

2019-09-30 18:02:56 - [TEST_STEP][PASSED] - actualRange.add(getAttribute("value").toString()): null

2019-09-30 18:02:56 - [TEST_STEP][PASSED] - actualRange.add(getAttribute("value").toString()): null

2019-09-30 18:02:56 - [TEST_STEP][PASSED] - if (toString().equalsIgnoreCase("XS") || toString().equalsIgnoreCase("XXS")): null

2019-09-30 18:02:56 - [TEST_STEP][PASSED] - expectedRange = UtilityMethods.getExpectedRange(sizeRange1, sizeRangeSplit): null

2019-09-30 18:02:56 - [TEST_STEP][PASSED] - println("XS"): null

2019-09-30 18:02:56 - [TEST_STEP][PASSED] - println(expectedRange.toString()): null

2019-09-30 18:02:56 - [TEST_STEP][PASSED] - sa.assertTrue(UtilityMethods.listEquals(expectedRange, actualRange)): null

2019-09-30 18:02:56 - [TEST_STEP][PASSED] - delay(2): Delayed 2 second(s)

2019-09-30 18:02:58 - [MESSAGE][PASSED] - Delayed 2 second(s)

2019-09-30 18:02:58 - [TEST_STEP][PASSED] - verifyElementText(findTestObject("Page_cabi Order Items/product_title"), findTestData("productData").getValue("Description", row), CONTINUE_ON_FAILURE): Actual text and expected text of test object 'Object Repository/Page_cabi Order Items/product_title' are matched.

2019-09-30 18:02:58 - [MESSAGE][PASSED] - Actual text and expected text of test object 'Object Repository/Page_cabi Order Items/product_title' are matched.

2019-09-30 18:02:58 - [TEST_STEP][PASSED] - verifyElementText(findTestObject("Page_cabi Order Items/product_fabric"), findTestData("productData").getValue("FinalContent", row), CONTINUE_ON_FAILURE): Actual text and expected text of test object 'Object Repository/Page_cabi Order Items/product_fabric' are matched.

2019-09-30 18:02:58 - [MESSAGE][PASSED] - Actual text and expected text of test object 'Object Repository/Page_cabi Order Items/product_fabric' are matched.

2019-09-30 18:02:58 - [TEST_STEP][PASSED] - actualCasreIntrn = "<div>" + getText(findTestObject("Page_cabi Order Items/care_instruction")) + "</div>": Text of object 'Object Repository/Page_cabi Order Items/care_instruction' is: 'Machine wash with like colors in cold water on the delicate cycle. Only non-chlorine bleach if needed. Lay flat to dry. Warm iron if needed.'

2019-09-30 18:02:58 - [MESSAGE][PASSED] - Text of object 'Object Repository/Page_cabi Order Items/care_instruction' is: 'Machine wash with like colors in cold water on the delicate cycle. Only non-chlorine bleach if needed. Lay flat to dry. Warm iron if needed.'

2019-09-30 18:02:58 - [TEST_STEP][PASSED] - sa.assertTrue(actualCasreIntrn.equals(findTestData("productData").getValue("CareInstr", row))): null

2019-09-30 18:02:58 - [TEST_STEP][PASSED] - sa = new org.testng.asserts.SoftAssert(): null

2019-09-30 18:02:58 - [TEST_STEP][PASSED] - setText(findTestObject("Object Repository/Page_cabi Order Items/input_New Arrivals - Blooming Blush_style"), findTestData("productData").getValue("Style", row)): Text '3869' is set on object 'Object Repository/Page_cabi Order Items/input_New Arrivals - Blooming Blush_style'

2019-09-30 18:02:58 - [MESSAGE][PASSED] - Text '3869' is set on object 'Object Repository/Page_cabi Order Items/input_New Arrivals - Blooming Blush_style'

2019-09-30 18:02:58 - [TEST_STEP][PASSED] - sendKeys(findTestObject("Object Repository/Page_cabi Order Items/input_New Arrivals - Blooming Blush_style"), Keys.chord(ENTER)): Keys 'ENTER + ' sent to object: 'Object Repository/Page_cabi Order Items/input_New Arrivals - Blooming Blush_style'

2019-09-30 18:02:59 - [MESSAGE][PASSED] - Keys 'ENTER + ' sent to object: 'Object Repository/Page_cabi Order Items/input_New Arrivals - Blooming Blush_style'

2019-09-30 18:02:59 - [TEST_STEP][PASSED] - delay(2): Delayed 2 second(s)

2019-09-30 18:03:01 - [MESSAGE][PASSED] - Delayed 2 second(s)

2019-09-30 18:03:01 - [TEST_STEP][PASSED] - executeJavaScript("arguments[0].click()", Arrays.asList(findWebElement(findTestObject("Object Repository/Page_cabi Order Items/input_New Arrivals - Blooming Blush_style"), 30))): Execute JavaScript 'arguments[0].click()' successfully

2019-09-30 18:03:01 - [MESSAGE][PASSED] - Execute JavaScript 'arguments[0].click()' successfully

2019-09-30 18:03:01 - [TEST_STEP][PASSED] - delay(2): Delayed 2 second(s)

2019-09-30 18:03:03 - [MESSAGE][PASSED] - Delayed 2 second(s)

2019-09-30 18:03:03 - [TEST_STEP][PASSED] - if (toString().equalsIgnoreCase("no")): null

2019-09-30 18:03:03 - [TEST_STEP][PASSED] - else: null

2019-09-30 18:03:03 - [TEST_STEP][PASSED] - click(findTestObject("Page_cabi Order Items/li_order_item")): Object: 'Object Repository/Page_cabi Order Items/li_order_item' is clicked on

2019-09-30 18:03:03 - [MESSAGE][PASSED] - Object: 'Object Repository/Page_cabi Order Items/li_order_item' is clicked on

2019-09-30 18:03:03 - [TEST_STEP][PASSED] - delay(5): Delayed 5 second(s)

2019-09-30 18:03:08 - [MESSAGE][PASSED] - Delayed 5 second(s)

2019-09-30 18:03:08 - [TEST_STEP][PASSED] - imgString1 = getValue("Style", row).toString(): null

2019-09-30 18:03:08 - [TEST_STEP][PASSED] - imagePath = UtilityMethods.createScreenshotImagePath(storeType, imgString1): null

2019-09-30 18:03:08 - [TEST_STEP][PASSED] - println(imagePath): null

2019-09-30 18:03:08 - [TEST_STEP][PASSED] - takeScreenshot(imagePath): Taking screenshot successfully

2019-09-30 18:03:08 - [MESSAGE][PASSED] - Taking screenshot successfully
[[ATTACHMENT|C:\\Users\\user\\Documents\\testautomation\\KatalonProjects\\productImages\\BOPersonal_3869 image.png]]

2019-09-30 18:03:08 - [TEST_STEP][PASSED] - verifyElementText(findTestObject("Page_cabi Order Items/GetAttribute_getID"), findTestData("productData").getValue("Style", row), CONTINUE_ON_FAILURE): Actual text and expected text of test object 'Object Repository/Page_cabi Order Items/GetAttribute_getID' are matched.

2019-09-30 18:03:08 - [MESSAGE][PASSED] - Actual text and expected text of test object 'Object Repository/Page_cabi Order Items/GetAttribute_getID' are matched.

2019-09-30 18:03:08 - [TEST_STEP][PASSED] - colorOptions = findWebElements(findTestObject("Page_cabi Order Items/GetAttribute_Color"), 5): null

2019-09-30 18:03:08 - [TEST_STEP][PASSED] - println(colorOptions.size()): null

2019-09-30 18:03:08 - [TEST_STEP][PASSED] - expectedColour = findTestData("productData").getValue("Color", row): null

2019-09-30 18:03:08 - [TEST_STEP][PASSED] - println("expected colour is"): null

2019-09-30 18:03:08 - [TEST_STEP][PASSED] - println(expectedColour): null

2019-09-30 18:03:08 - [TEST_STEP][PASSED] - colourVerified = false: null

2019-09-30 18:03:08 - [TEST_STEP][PASSED] - for (org.openqa.selenium.WebElement op : colorOptions): null

2019-09-30 18:03:08 - [TEST_STEP][PASSED] - println(op.getText()): null

2019-09-30 18:03:08 - [TEST_STEP][PASSED] - if (expectedColour.equalsIgnoreCase(op.getText())): null

2019-09-30 18:03:08 - [TEST_STEP][PASSED] - colourVerified = true: null

2019-09-30 18:03:08 - [TEST_STEP][PASSED] - break: null

2019-09-30 18:03:08 - [TEST_STEP][PASSED] - sa.assertTrue(colourVerified): null

2019-09-30 18:03:08 - [TEST_STEP][PASSED] - getPrice = getText(findTestObject("Page_cabi Order Items/GetAttribute_Price")): Text of object 'Object Repository/Page_cabi Order Items/GetAttribute_Price' is: 'Price : $94.00'

2019-09-30 18:03:08 - [MESSAGE][PASSED] - Text of object 'Object Repository/Page_cabi Order Items/GetAttribute_Price' is: 'Price : $94.00'

2019-09-30 18:03:08 - [TEST_STEP][PASSED] - Split_Data = UtilityMethods.SplitData(getPrice): null

2019-09-30 18:03:08 - [TEST_STEP][PASSED] - verifyMatch(Split_Data, findTestData("productData").getValue("Retail", row), true, CONTINUE_ON_FAILURE): Actual text '94' and expected text '94' are matched  using regular expression

2019-09-30 18:03:08 - [MESSAGE][PASSED] - Actual text '94' and expected text '94' are matched  using regular expression

2019-09-30 18:03:08 - [TEST_STEP][PASSED] - sizeRange1 = ["XXS", "XS", "S", "M", "L", "XL"]: null

2019-09-30 18:03:08 - [TEST_STEP][PASSED] - sizeRange2 = ["00", "0", "2", "4", "6", "8", "10", "12", "14", "16"]: null

2019-09-30 18:03:08 - [TEST_STEP][PASSED] - sizeRange3 = ["Long", "Regular", "Short"]: null

2019-09-30 18:03:08 - [TEST_STEP][PASSED] - sizeRange4 = ["5", "6", "6.5", "7", "7.5", "8", "8.5", "9", "9.5", "10", "11"]: null

2019-09-30 18:03:08 - [TEST_STEP][PASSED] - sizeRange5 = ["XS/S", "M/L"]: null

2019-09-30 18:03:08 - [TEST_STEP][PASSED] - sizeRangeSplit = UtilityMethods.SplitSizes(findTestData("productData").getValue("SzRange", row)): null

2019-09-30 18:03:08 - [TEST_STEP][PASSED] - sizeType = getText(findTestObject("Object Repository/Page_cabi Order Items/Size")): Text of object 'Object Repository/Page_cabi Order Items/Size' is: 'Select'

2019-09-30 18:03:08 - [MESSAGE][PASSED] - Text of object 'Object Repository/Page_cabi Order Items/Size' is: 'Select'

2019-09-30 18:03:08 - [TEST_STEP][PASSED] - sizeOptions = findWebElements(findTestObject("Object Repository/Page_cabi Order Items/Size"), 5): null

2019-09-30 18:03:08 - [TEST_STEP][PASSED] - actualRange = new java.util.ArrayList(): null

2019-09-30 18:03:08 - [TEST_STEP][PASSED] - expectedRange = <not implemented yet for class: org.codehaus.groovy.ast.expr.EmptyExpression>: null

2019-09-30 18:03:08 - [TEST_STEP][PASSED] - if (sizeType.equalsIgnoreCase("Select")): null

2019-09-30 18:03:08 - [TEST_STEP][PASSED] - for ([i = 1, i < sizeOptions.size(), (i++)]): null

2019-09-30 18:03:08 - [TEST_STEP][PASSED] - actualRange.add(getAttribute("value").toString()): null

2019-09-30 18:03:08 - [TEST_STEP][PASSED] - actualRange.add(getAttribute("value").toString()): null

2019-09-30 18:03:08 - [TEST_STEP][PASSED] - actualRange.add(getAttribute("value").toString()): null

2019-09-30 18:03:08 - [TEST_STEP][PASSED] - actualRange.add(getAttribute("value").toString()): null

2019-09-30 18:03:08 - [TEST_STEP][PASSED] - actualRange.add(getAttribute("value").toString()): null

2019-09-30 18:03:08 - [TEST_STEP][PASSED] - if (toString().equalsIgnoreCase("XS") || toString().equalsIgnoreCase("XXS")): null

2019-09-30 18:03:08 - [TEST_STEP][PASSED] - expectedRange = UtilityMethods.getExpectedRange(sizeRange1, sizeRangeSplit): null

2019-09-30 18:03:08 - [TEST_STEP][PASSED] - println("XS"): null

2019-09-30 18:03:08 - [TEST_STEP][PASSED] - println(expectedRange.toString()): null

2019-09-30 18:03:08 - [TEST_STEP][PASSED] - sa.assertTrue(UtilityMethods.listEquals(expectedRange, actualRange)): null

2019-09-30 18:03:08 - [TEST_STEP][PASSED] - delay(2): Delayed 2 second(s)

2019-09-30 18:03:10 - [MESSAGE][PASSED] - Delayed 2 second(s)

2019-09-30 18:03:10 - [TEST_STEP][PASSED] - verifyElementText(findTestObject("Page_cabi Order Items/product_title"), findTestData("productData").getValue("Description", row), CONTINUE_ON_FAILURE): Actual text and expected text of test object 'Object Repository/Page_cabi Order Items/product_title' are matched.

2019-09-30 18:03:10 - [MESSAGE][PASSED] - Actual text and expected text of test object 'Object Repository/Page_cabi Order Items/product_title' are matched.

2019-09-30 18:03:10 - [TEST_STEP][PASSED] - verifyElementText(findTestObject("Page_cabi Order Items/product_fabric"), findTestData("productData").getValue("FinalContent", row), CONTINUE_ON_FAILURE): Actual text and expected text of test object 'Object Repository/Page_cabi Order Items/product_fabric' are matched.

2019-09-30 18:03:10 - [MESSAGE][PASSED] - Actual text and expected text of test object 'Object Repository/Page_cabi Order Items/product_fabric' are matched.

2019-09-30 18:03:10 - [TEST_STEP][PASSED] - actualCasreIntrn = "<div>" + getText(findTestObject("Page_cabi Order Items/care_instruction")) + "</div>": Text of object 'Object Repository/Page_cabi Order Items/care_instruction' is: 'Wash by hand separately with cold water. Only non-chlorine bleach if needed. Do not twist or wring. Lay flat to dry. Steam iron only if needed. Can be dry cleaned.'

2019-09-30 18:03:10 - [MESSAGE][PASSED] - Text of object 'Object Repository/Page_cabi Order Items/care_instruction' is: 'Wash by hand separately with cold water. Only non-chlorine bleach if needed. Do not twist or wring. Lay flat to dry. Steam iron only if needed. Can be dry cleaned.'

2019-09-30 18:03:10 - [TEST_STEP][PASSED] - sa.assertTrue(actualCasreIntrn.equals(findTestData("productData").getValue("CareInstr", row))): null

2019-09-30 18:03:10 - [TEST_STEP][PASSED] - sa = new org.testng.asserts.SoftAssert(): null

2019-09-30 18:03:10 - [TEST_STEP][PASSED] - setText(findTestObject("Object Repository/Page_cabi Order Items/input_New Arrivals - Blooming Blush_style"), findTestData("productData").getValue("Style", row)): Text '3870' is set on object 'Object Repository/Page_cabi Order Items/input_New Arrivals - Blooming Blush_style'

2019-09-30 18:03:11 - [MESSAGE][PASSED] - Text '3870' is set on object 'Object Repository/Page_cabi Order Items/input_New Arrivals - Blooming Blush_style'

2019-09-30 18:03:11 - [TEST_STEP][PASSED] - sendKeys(findTestObject("Object Repository/Page_cabi Order Items/input_New Arrivals - Blooming Blush_style"), Keys.chord(ENTER)): Keys 'ENTER + ' sent to object: 'Object Repository/Page_cabi Order Items/input_New Arrivals - Blooming Blush_style'

2019-09-30 18:03:11 - [MESSAGE][PASSED] - Keys 'ENTER + ' sent to object: 'Object Repository/Page_cabi Order Items/input_New Arrivals - Blooming Blush_style'

2019-09-30 18:03:11 - [TEST_STEP][PASSED] - delay(2): Delayed 2 second(s)

2019-09-30 18:03:13 - [MESSAGE][PASSED] - Delayed 2 second(s)

2019-09-30 18:03:13 - [TEST_STEP][PASSED] - executeJavaScript("arguments[0].click()", Arrays.asList(findWebElement(findTestObject("Object Repository/Page_cabi Order Items/input_New Arrivals - Blooming Blush_style"), 30))): Execute JavaScript 'arguments[0].click()' successfully

2019-09-30 18:03:13 - [MESSAGE][PASSED] - Execute JavaScript 'arguments[0].click()' successfully

2019-09-30 18:03:13 - [TEST_STEP][PASSED] - delay(2): Delayed 2 second(s)

2019-09-30 18:03:15 - [MESSAGE][PASSED] - Delayed 2 second(s)

2019-09-30 18:03:15 - [TEST_STEP][PASSED] - if (toString().equalsIgnoreCase("no")): null

2019-09-30 18:03:15 - [TEST_STEP][PASSED] - else: null

2019-09-30 18:03:15 - [TEST_STEP][PASSED] - click(findTestObject("Page_cabi Order Items/li_order_item")): Object: 'Object Repository/Page_cabi Order Items/li_order_item' is clicked on

2019-09-30 18:03:15 - [MESSAGE][PASSED] - Object: 'Object Repository/Page_cabi Order Items/li_order_item' is clicked on

2019-09-30 18:03:15 - [TEST_STEP][PASSED] - delay(5): Delayed 5 second(s)

2019-09-30 18:03:20 - [MESSAGE][PASSED] - Delayed 5 second(s)

2019-09-30 18:03:20 - [TEST_STEP][PASSED] - imgString1 = getValue("Style", row).toString(): null

2019-09-30 18:03:20 - [TEST_STEP][PASSED] - imagePath = UtilityMethods.createScreenshotImagePath(storeType, imgString1): null

2019-09-30 18:03:20 - [TEST_STEP][PASSED] - println(imagePath): null

2019-09-30 18:03:20 - [TEST_STEP][PASSED] - takeScreenshot(imagePath): Taking screenshot successfully

2019-09-30 18:03:20 - [MESSAGE][PASSED] - Taking screenshot successfully
[[ATTACHMENT|C:\\Users\\user\\Documents\\testautomation\\KatalonProjects\\productImages\\BOPersonal_3870 image.png]]

2019-09-30 18:03:20 - [TEST_STEP][PASSED] - verifyElementText(findTestObject("Page_cabi Order Items/GetAttribute_getID"), findTestData("productData").getValue("Style", row), CONTINUE_ON_FAILURE): Actual text and expected text of test object 'Object Repository/Page_cabi Order Items/GetAttribute_getID' are matched.

2019-09-30 18:03:20 - [MESSAGE][PASSED] - Actual text and expected text of test object 'Object Repository/Page_cabi Order Items/GetAttribute_getID' are matched.

2019-09-30 18:03:20 - [TEST_STEP][PASSED] - colorOptions = findWebElements(findTestObject("Page_cabi Order Items/GetAttribute_Color"), 5): null

2019-09-30 18:03:20 - [TEST_STEP][PASSED] - println(colorOptions.size()): null

2019-09-30 18:03:20 - [TEST_STEP][PASSED] - expectedColour = findTestData("productData").getValue("Color", row): null

2019-09-30 18:03:20 - [TEST_STEP][PASSED] - println("expected colour is"): null

2019-09-30 18:03:20 - [TEST_STEP][PASSED] - println(expectedColour): null

2019-09-30 18:03:20 - [TEST_STEP][PASSED] - colourVerified = false: null

2019-09-30 18:03:20 - [TEST_STEP][PASSED] - for (org.openqa.selenium.WebElement op : colorOptions): null

2019-09-30 18:03:20 - [TEST_STEP][PASSED] - println(op.getText()): null

2019-09-30 18:03:20 - [TEST_STEP][PASSED] - if (expectedColour.equalsIgnoreCase(op.getText())): null

2019-09-30 18:03:20 - [TEST_STEP][PASSED] - colourVerified = true: null

2019-09-30 18:03:20 - [TEST_STEP][PASSED] - break: null

2019-09-30 18:03:20 - [TEST_STEP][PASSED] - sa.assertTrue(colourVerified): null

2019-09-30 18:03:20 - [TEST_STEP][PASSED] - getPrice = getText(findTestObject("Page_cabi Order Items/GetAttribute_Price")): Text of object 'Object Repository/Page_cabi Order Items/GetAttribute_Price' is: 'Price : $109.00'

2019-09-30 18:03:20 - [MESSAGE][PASSED] - Text of object 'Object Repository/Page_cabi Order Items/GetAttribute_Price' is: 'Price : $109.00'

2019-09-30 18:03:20 - [TEST_STEP][PASSED] - Split_Data = UtilityMethods.SplitData(getPrice): null

2019-09-30 18:03:20 - [TEST_STEP][PASSED] - verifyMatch(Split_Data, findTestData("productData").getValue("Retail", row), true, CONTINUE_ON_FAILURE): Actual text '109' and expected text '109' are matched  using regular expression

2019-09-30 18:03:20 - [MESSAGE][PASSED] - Actual text '109' and expected text '109' are matched  using regular expression

2019-09-30 18:03:20 - [TEST_STEP][PASSED] - sizeRange1 = ["XXS", "XS", "S", "M", "L", "XL"]: null

2019-09-30 18:03:20 - [TEST_STEP][PASSED] - sizeRange2 = ["00", "0", "2", "4", "6", "8", "10", "12", "14", "16"]: null

2019-09-30 18:03:20 - [TEST_STEP][PASSED] - sizeRange3 = ["Long", "Regular", "Short"]: null

2019-09-30 18:03:20 - [TEST_STEP][PASSED] - sizeRange4 = ["5", "6", "6.5", "7", "7.5", "8", "8.5", "9", "9.5", "10", "11"]: null

2019-09-30 18:03:20 - [TEST_STEP][PASSED] - sizeRange5 = ["XS/S", "M/L"]: null

2019-09-30 18:03:20 - [TEST_STEP][PASSED] - sizeRangeSplit = UtilityMethods.SplitSizes(findTestData("productData").getValue("SzRange", row)): null

2019-09-30 18:03:20 - [TEST_STEP][PASSED] - sizeType = getText(findTestObject("Object Repository/Page_cabi Order Items/Size")): Text of object 'Object Repository/Page_cabi Order Items/Size' is: 'Select'

2019-09-30 18:03:20 - [MESSAGE][PASSED] - Text of object 'Object Repository/Page_cabi Order Items/Size' is: 'Select'

2019-09-30 18:03:20 - [TEST_STEP][PASSED] - sizeOptions = findWebElements(findTestObject("Object Repository/Page_cabi Order Items/Size"), 5): null

2019-09-30 18:03:20 - [TEST_STEP][PASSED] - actualRange = new java.util.ArrayList(): null

2019-09-30 18:03:20 - [TEST_STEP][PASSED] - expectedRange = <not implemented yet for class: org.codehaus.groovy.ast.expr.EmptyExpression>: null

2019-09-30 18:03:20 - [TEST_STEP][PASSED] - if (sizeType.equalsIgnoreCase("Select")): null

2019-09-30 18:03:20 - [TEST_STEP][PASSED] - for ([i = 1, i < sizeOptions.size(), (i++)]): null

2019-09-30 18:03:20 - [TEST_STEP][PASSED] - actualRange.add(getAttribute("value").toString()): null

2019-09-30 18:03:20 - [TEST_STEP][PASSED] - actualRange.add(getAttribute("value").toString()): null

2019-09-30 18:03:21 - [TEST_STEP][PASSED] - actualRange.add(getAttribute("value").toString()): null

2019-09-30 18:03:21 - [TEST_STEP][PASSED] - actualRange.add(getAttribute("value").toString()): null

2019-09-30 18:03:21 - [TEST_STEP][PASSED] - actualRange.add(getAttribute("value").toString()): null

2019-09-30 18:03:21 - [TEST_STEP][PASSED] - if (toString().equalsIgnoreCase("XS") || toString().equalsIgnoreCase("XXS")): null

2019-09-30 18:03:21 - [TEST_STEP][PASSED] - expectedRange = UtilityMethods.getExpectedRange(sizeRange1, sizeRangeSplit): null

2019-09-30 18:03:21 - [TEST_STEP][PASSED] - println("XS"): null

2019-09-30 18:03:21 - [TEST_STEP][PASSED] - println(expectedRange.toString()): null

2019-09-30 18:03:21 - [TEST_STEP][PASSED] - sa.assertTrue(UtilityMethods.listEquals(expectedRange, actualRange)): null

2019-09-30 18:03:21 - [TEST_STEP][PASSED] - delay(2): Delayed 2 second(s)

2019-09-30 18:03:23 - [MESSAGE][PASSED] - Delayed 2 second(s)

2019-09-30 18:03:23 - [TEST_STEP][PASSED] - verifyElementText(findTestObject("Page_cabi Order Items/product_title"), findTestData("productData").getValue("Description", row), CONTINUE_ON_FAILURE): Actual text and expected text of test object 'Object Repository/Page_cabi Order Items/product_title' are matched.

2019-09-30 18:03:23 - [MESSAGE][PASSED] - Actual text and expected text of test object 'Object Repository/Page_cabi Order Items/product_title' are matched.

2019-09-30 18:03:23 - [TEST_STEP][PASSED] - verifyElementText(findTestObject("Page_cabi Order Items/product_fabric"), findTestData("productData").getValue("FinalContent", row), CONTINUE_ON_FAILURE): Actual text and expected text of test object 'Object Repository/Page_cabi Order Items/product_fabric' are matched.

2019-09-30 18:03:23 - [MESSAGE][PASSED] - Actual text and expected text of test object 'Object Repository/Page_cabi Order Items/product_fabric' are matched.

2019-09-30 18:03:23 - [TEST_STEP][PASSED] - actualCasreIntrn = "<div>" + getText(findTestObject("Page_cabi Order Items/care_instruction")) + "</div>": Text of object 'Object Repository/Page_cabi Order Items/care_instruction' is: 'Turn garment inside out and place in a mesh bag. Machine wash separately in cold water on the delicate cycle. Only non-chlorine bleach if needed. Do not twist or wring. Lay flat to dry. Warm iron if needed. Can be dry cleaned.'

2019-09-30 18:03:23 - [MESSAGE][PASSED] - Text of object 'Object Repository/Page_cabi Order Items/care_instruction' is: 'Turn garment inside out and place in a mesh bag. Machine wash separately in cold water on the delicate cycle. Only non-chlorine bleach if needed. Do not twist or wring. Lay flat to dry. Warm iron if needed. Can be dry cleaned.'

2019-09-30 18:03:23 - [TEST_STEP][PASSED] - sa.assertTrue(actualCasreIntrn.equals(findTestData("productData").getValue("CareInstr", row))): null

2019-09-30 18:03:23 - [TEST_STEP][PASSED] - sa = new org.testng.asserts.SoftAssert(): null

2019-09-30 18:03:23 - [TEST_STEP][PASSED] - setText(findTestObject("Object Repository/Page_cabi Order Items/input_New Arrivals - Blooming Blush_style"), findTestData("productData").getValue("Style", row)): Text '3871' is set on object 'Object Repository/Page_cabi Order Items/input_New Arrivals - Blooming Blush_style'

2019-09-30 18:03:23 - [MESSAGE][PASSED] - Text '3871' is set on object 'Object Repository/Page_cabi Order Items/input_New Arrivals - Blooming Blush_style'

2019-09-30 18:03:23 - [TEST_STEP][PASSED] - sendKeys(findTestObject("Object Repository/Page_cabi Order Items/input_New Arrivals - Blooming Blush_style"), Keys.chord(ENTER)): Keys 'ENTER + ' sent to object: 'Object Repository/Page_cabi Order Items/input_New Arrivals - Blooming Blush_style'

2019-09-30 18:03:23 - [MESSAGE][PASSED] - Keys 'ENTER + ' sent to object: 'Object Repository/Page_cabi Order Items/input_New Arrivals - Blooming Blush_style'

2019-09-30 18:03:23 - [TEST_STEP][PASSED] - delay(2): Delayed 2 second(s)

2019-09-30 18:03:25 - [MESSAGE][PASSED] - Delayed 2 second(s)

2019-09-30 18:03:25 - [TEST_STEP][PASSED] - executeJavaScript("arguments[0].click()", Arrays.asList(findWebElement(findTestObject("Object Repository/Page_cabi Order Items/input_New Arrivals - Blooming Blush_style"), 30))): Execute JavaScript 'arguments[0].click()' successfully

2019-09-30 18:03:25 - [MESSAGE][PASSED] - Execute JavaScript 'arguments[0].click()' successfully

2019-09-30 18:03:25 - [TEST_STEP][PASSED] - delay(2): Delayed 2 second(s)

2019-09-30 18:03:27 - [MESSAGE][PASSED] - Delayed 2 second(s)

2019-09-30 18:03:27 - [TEST_STEP][PASSED] - if (toString().equalsIgnoreCase("no")): null

2019-09-30 18:03:27 - [TEST_STEP][PASSED] - else: null

2019-09-30 18:03:27 - [TEST_STEP][PASSED] - click(findTestObject("Page_cabi Order Items/li_order_item")): Object: 'Object Repository/Page_cabi Order Items/li_order_item' is clicked on

2019-09-30 18:03:27 - [MESSAGE][PASSED] - Object: 'Object Repository/Page_cabi Order Items/li_order_item' is clicked on

2019-09-30 18:03:27 - [TEST_STEP][PASSED] - delay(5): Delayed 5 second(s)

2019-09-30 18:03:32 - [MESSAGE][PASSED] - Delayed 5 second(s)

2019-09-30 18:03:32 - [TEST_STEP][PASSED] - imgString1 = getValue("Style", row).toString(): null

2019-09-30 18:03:32 - [TEST_STEP][PASSED] - imagePath = UtilityMethods.createScreenshotImagePath(storeType, imgString1): null

2019-09-30 18:03:32 - [TEST_STEP][PASSED] - println(imagePath): null

2019-09-30 18:03:32 - [TEST_STEP][PASSED] - takeScreenshot(imagePath): Taking screenshot successfully

2019-09-30 18:03:32 - [MESSAGE][PASSED] - Taking screenshot successfully
[[ATTACHMENT|C:\\Users\\user\\Documents\\testautomation\\KatalonProjects\\productImages\\BOPersonal_3871 image.png]]

2019-09-30 18:03:32 - [TEST_STEP][PASSED] - verifyElementText(findTestObject("Page_cabi Order Items/GetAttribute_getID"), findTestData("productData").getValue("Style", row), CONTINUE_ON_FAILURE): Actual text and expected text of test object 'Object Repository/Page_cabi Order Items/GetAttribute_getID' are matched.

2019-09-30 18:03:33 - [MESSAGE][PASSED] - Actual text and expected text of test object 'Object Repository/Page_cabi Order Items/GetAttribute_getID' are matched.

2019-09-30 18:03:33 - [TEST_STEP][PASSED] - colorOptions = findWebElements(findTestObject("Page_cabi Order Items/GetAttribute_Color"), 5): null

2019-09-30 18:03:33 - [TEST_STEP][PASSED] - println(colorOptions.size()): null

2019-09-30 18:03:33 - [TEST_STEP][PASSED] - expectedColour = findTestData("productData").getValue("Color", row): null

2019-09-30 18:03:33 - [TEST_STEP][PASSED] - println("expected colour is"): null

2019-09-30 18:03:33 - [TEST_STEP][PASSED] - println(expectedColour): null

2019-09-30 18:03:33 - [TEST_STEP][PASSED] - colourVerified = false: null

2019-09-30 18:03:33 - [TEST_STEP][PASSED] - for (org.openqa.selenium.WebElement op : colorOptions): null

2019-09-30 18:03:33 - [TEST_STEP][PASSED] - println(op.getText()): null

2019-09-30 18:03:33 - [TEST_STEP][PASSED] - if (expectedColour.equalsIgnoreCase(op.getText())): null

2019-09-30 18:03:33 - [TEST_STEP][PASSED] - colourVerified = true: null

2019-09-30 18:03:33 - [TEST_STEP][PASSED] - break: null

2019-09-30 18:03:33 - [TEST_STEP][PASSED] - sa.assertTrue(colourVerified): null

2019-09-30 18:03:33 - [TEST_STEP][PASSED] - getPrice = getText(findTestObject("Page_cabi Order Items/GetAttribute_Price")): Text of object 'Object Repository/Page_cabi Order Items/GetAttribute_Price' is: 'Price : $119.00'

2019-09-30 18:03:33 - [MESSAGE][PASSED] - Text of object 'Object Repository/Page_cabi Order Items/GetAttribute_Price' is: 'Price : $119.00'

2019-09-30 18:03:33 - [TEST_STEP][PASSED] - Split_Data = UtilityMethods.SplitData(getPrice): null

2019-09-30 18:03:33 - [TEST_STEP][PASSED] - verifyMatch(Split_Data, findTestData("productData").getValue("Retail", row), true, CONTINUE_ON_FAILURE): Actual text '119' and expected text '119' are matched  using regular expression

2019-09-30 18:03:33 - [MESSAGE][PASSED] - Actual text '119' and expected text '119' are matched  using regular expression

2019-09-30 18:03:33 - [TEST_STEP][PASSED] - sizeRange1 = ["XXS", "XS", "S", "M", "L", "XL"]: null

2019-09-30 18:03:33 - [TEST_STEP][PASSED] - sizeRange2 = ["00", "0", "2", "4", "6", "8", "10", "12", "14", "16"]: null

2019-09-30 18:03:33 - [TEST_STEP][PASSED] - sizeRange3 = ["Long", "Regular", "Short"]: null

2019-09-30 18:03:33 - [TEST_STEP][PASSED] - sizeRange4 = ["5", "6", "6.5", "7", "7.5", "8", "8.5", "9", "9.5", "10", "11"]: null

2019-09-30 18:03:33 - [TEST_STEP][PASSED] - sizeRange5 = ["XS/S", "M/L"]: null

2019-09-30 18:03:33 - [TEST_STEP][PASSED] - sizeRangeSplit = UtilityMethods.SplitSizes(findTestData("productData").getValue("SzRange", row)): null

2019-09-30 18:03:33 - [TEST_STEP][PASSED] - sizeType = getText(findTestObject("Object Repository/Page_cabi Order Items/Size")): Text of object 'Object Repository/Page_cabi Order Items/Size' is: 'Select'

2019-09-30 18:03:33 - [MESSAGE][PASSED] - Text of object 'Object Repository/Page_cabi Order Items/Size' is: 'Select'

2019-09-30 18:03:33 - [TEST_STEP][PASSED] - sizeOptions = findWebElements(findTestObject("Object Repository/Page_cabi Order Items/Size"), 5): null

2019-09-30 18:03:33 - [TEST_STEP][PASSED] - actualRange = new java.util.ArrayList(): null

2019-09-30 18:03:33 - [TEST_STEP][PASSED] - expectedRange = <not implemented yet for class: org.codehaus.groovy.ast.expr.EmptyExpression>: null

2019-09-30 18:03:33 - [TEST_STEP][PASSED] - if (sizeType.equalsIgnoreCase("Select")): null

2019-09-30 18:03:33 - [TEST_STEP][PASSED] - for ([i = 1, i < sizeOptions.size(), (i++)]): null

2019-09-30 18:03:33 - [TEST_STEP][PASSED] - actualRange.add(getAttribute("value").toString()): null

2019-09-30 18:03:33 - [TEST_STEP][PASSED] - actualRange.add(getAttribute("value").toString()): null

2019-09-30 18:03:33 - [TEST_STEP][PASSED] - actualRange.add(getAttribute("value").toString()): null

2019-09-30 18:03:33 - [TEST_STEP][PASSED] - actualRange.add(getAttribute("value").toString()): null

2019-09-30 18:03:33 - [TEST_STEP][PASSED] - actualRange.add(getAttribute("value").toString()): null

2019-09-30 18:03:33 - [TEST_STEP][PASSED] - if (toString().equalsIgnoreCase("XS") || toString().equalsIgnoreCase("XXS")): null

2019-09-30 18:03:33 - [TEST_STEP][PASSED] - expectedRange = UtilityMethods.getExpectedRange(sizeRange1, sizeRangeSplit): null

2019-09-30 18:03:33 - [TEST_STEP][PASSED] - println("XS"): null

2019-09-30 18:03:33 - [TEST_STEP][PASSED] - println(expectedRange.toString()): null

2019-09-30 18:03:33 - [TEST_STEP][PASSED] - sa.assertTrue(UtilityMethods.listEquals(expectedRange, actualRange)): null

2019-09-30 18:03:33 - [TEST_STEP][PASSED] - delay(2): Delayed 2 second(s)

2019-09-30 18:03:35 - [MESSAGE][PASSED] - Delayed 2 second(s)

2019-09-30 18:03:35 - [TEST_STEP][PASSED] - verifyElementText(findTestObject("Page_cabi Order Items/product_title"), findTestData("productData").getValue("Description", row), CONTINUE_ON_FAILURE): Actual text and expected text of test object 'Object Repository/Page_cabi Order Items/product_title' are matched.

2019-09-30 18:03:35 - [MESSAGE][PASSED] - Actual text and expected text of test object 'Object Repository/Page_cabi Order Items/product_title' are matched.

2019-09-30 18:03:35 - [TEST_STEP][PASSED] - verifyElementText(findTestObject("Page_cabi Order Items/product_fabric"), findTestData("productData").getValue("FinalContent", row), CONTINUE_ON_FAILURE): Actual text and expected text of test object 'Object Repository/Page_cabi Order Items/product_fabric' are matched.

2019-09-30 18:03:35 - [MESSAGE][PASSED] - Actual text and expected text of test object 'Object Repository/Page_cabi Order Items/product_fabric' are matched.

2019-09-30 18:03:35 - [TEST_STEP][PASSED] - actualCasreIntrn = "<div>" + getText(findTestObject("Page_cabi Order Items/care_instruction")) + "</div>": Text of object 'Object Repository/Page_cabi Order Items/care_instruction' is: 'Turn garment inside out and place in a mesh bag. Machine wash separately in cold water on the delicate cycle. Only non-chlorine bleach if needed. Do not twist or wring. Lay flat to dry. Warm iron if needed. Can be washed by hand.'

2019-09-30 18:03:35 - [MESSAGE][PASSED] - Text of object 'Object Repository/Page_cabi Order Items/care_instruction' is: 'Turn garment inside out and place in a mesh bag. Machine wash separately in cold water on the delicate cycle. Only non-chlorine bleach if needed. Do not twist or wring. Lay flat to dry. Warm iron if needed. Can be washed by hand.'

2019-09-30 18:03:35 - [TEST_STEP][PASSED] - sa.assertTrue(actualCasreIntrn.equals(findTestData("productData").getValue("CareInstr", row))): null

2019-09-30 18:03:35 - [TEST_STEP][PASSED] - sa = new org.testng.asserts.SoftAssert(): null

2019-09-30 18:03:35 - [TEST_STEP][PASSED] - setText(findTestObject("Object Repository/Page_cabi Order Items/input_New Arrivals - Blooming Blush_style"), findTestData("productData").getValue("Style", row)): Text '3875' is set on object 'Object Repository/Page_cabi Order Items/input_New Arrivals - Blooming Blush_style'

2019-09-30 18:03:35 - [MESSAGE][PASSED] - Text '3875' is set on object 'Object Repository/Page_cabi Order Items/input_New Arrivals - Blooming Blush_style'

2019-09-30 18:03:35 - [TEST_STEP][PASSED] - sendKeys(findTestObject("Object Repository/Page_cabi Order Items/input_New Arrivals - Blooming Blush_style"), Keys.chord(ENTER)): Keys 'ENTER + ' sent to object: 'Object Repository/Page_cabi Order Items/input_New Arrivals - Blooming Blush_style'

2019-09-30 18:03:35 - [MESSAGE][PASSED] - Keys 'ENTER + ' sent to object: 'Object Repository/Page_cabi Order Items/input_New Arrivals - Blooming Blush_style'

2019-09-30 18:03:35 - [TEST_STEP][PASSED] - delay(2): Delayed 2 second(s)

2019-09-30 18:03:37 - [MESSAGE][PASSED] - Delayed 2 second(s)

2019-09-30 18:03:37 - [TEST_STEP][PASSED] - executeJavaScript("arguments[0].click()", Arrays.asList(findWebElement(findTestObject("Object Repository/Page_cabi Order Items/input_New Arrivals - Blooming Blush_style"), 30))): Execute JavaScript 'arguments[0].click()' successfully

2019-09-30 18:03:37 - [MESSAGE][PASSED] - Execute JavaScript 'arguments[0].click()' successfully

2019-09-30 18:03:37 - [TEST_STEP][PASSED] - delay(2): Delayed 2 second(s)

2019-09-30 18:03:39 - [MESSAGE][PASSED] - Delayed 2 second(s)

2019-09-30 18:03:39 - [TEST_STEP][PASSED] - if (toString().equalsIgnoreCase("no")): null

2019-09-30 18:03:39 - [TEST_STEP][PASSED] - else: null

2019-09-30 18:03:39 - [TEST_STEP][PASSED] - click(findTestObject("Page_cabi Order Items/li_order_item")): Object: 'Object Repository/Page_cabi Order Items/li_order_item' is clicked on

2019-09-30 18:03:39 - [MESSAGE][PASSED] - Object: 'Object Repository/Page_cabi Order Items/li_order_item' is clicked on

2019-09-30 18:03:39 - [TEST_STEP][PASSED] - delay(5): Delayed 5 second(s)

2019-09-30 18:03:44 - [MESSAGE][PASSED] - Delayed 5 second(s)

2019-09-30 18:03:44 - [TEST_STEP][PASSED] - imgString1 = getValue("Style", row).toString(): null

2019-09-30 18:03:44 - [TEST_STEP][PASSED] - imagePath = UtilityMethods.createScreenshotImagePath(storeType, imgString1): null

2019-09-30 18:03:44 - [TEST_STEP][PASSED] - println(imagePath): null

2019-09-30 18:03:44 - [TEST_STEP][PASSED] - takeScreenshot(imagePath): Taking screenshot successfully

2019-09-30 18:03:45 - [MESSAGE][PASSED] - Taking screenshot successfully
[[ATTACHMENT|C:\\Users\\user\\Documents\\testautomation\\KatalonProjects\\productImages\\BOPersonal_3875 image.png]]

2019-09-30 18:03:45 - [TEST_STEP][PASSED] - verifyElementText(findTestObject("Page_cabi Order Items/GetAttribute_getID"), findTestData("productData").getValue("Style", row), CONTINUE_ON_FAILURE): Actual text and expected text of test object 'Object Repository/Page_cabi Order Items/GetAttribute_getID' are matched.

2019-09-30 18:03:45 - [MESSAGE][PASSED] - Actual text and expected text of test object 'Object Repository/Page_cabi Order Items/GetAttribute_getID' are matched.

2019-09-30 18:03:45 - [TEST_STEP][PASSED] - colorOptions = findWebElements(findTestObject("Page_cabi Order Items/GetAttribute_Color"), 5): null

2019-09-30 18:03:45 - [TEST_STEP][PASSED] - println(colorOptions.size()): null

2019-09-30 18:03:45 - [TEST_STEP][PASSED] - expectedColour = findTestData("productData").getValue("Color", row): null

2019-09-30 18:03:45 - [TEST_STEP][PASSED] - println("expected colour is"): null

2019-09-30 18:03:45 - [TEST_STEP][PASSED] - println(expectedColour): null

2019-09-30 18:03:45 - [TEST_STEP][PASSED] - colourVerified = false: null

2019-09-30 18:03:45 - [TEST_STEP][PASSED] - for (org.openqa.selenium.WebElement op : colorOptions): null

2019-09-30 18:03:45 - [TEST_STEP][PASSED] - println(op.getText()): null

2019-09-30 18:03:45 - [TEST_STEP][PASSED] - if (expectedColour.equalsIgnoreCase(op.getText())): null

2019-09-30 18:03:45 - [TEST_STEP][PASSED] - colourVerified = true: null

2019-09-30 18:03:45 - [TEST_STEP][PASSED] - break: null

2019-09-30 18:03:45 - [TEST_STEP][PASSED] - sa.assertTrue(colourVerified): null

2019-09-30 18:03:45 - [TEST_STEP][PASSED] - getPrice = getText(findTestObject("Page_cabi Order Items/GetAttribute_Price")): Text of object 'Object Repository/Page_cabi Order Items/GetAttribute_Price' is: 'Price : $159.00'

2019-09-30 18:03:45 - [MESSAGE][PASSED] - Text of object 'Object Repository/Page_cabi Order Items/GetAttribute_Price' is: 'Price : $159.00'

2019-09-30 18:03:45 - [TEST_STEP][PASSED] - Split_Data = UtilityMethods.SplitData(getPrice): null

2019-09-30 18:03:45 - [TEST_STEP][PASSED] - verifyMatch(Split_Data, findTestData("productData").getValue("Retail", row), true, CONTINUE_ON_FAILURE): Actual text '159' and expected text '159' are matched  using regular expression

2019-09-30 18:03:45 - [MESSAGE][PASSED] - Actual text '159' and expected text '159' are matched  using regular expression

2019-09-30 18:03:45 - [TEST_STEP][PASSED] - sizeRange1 = ["XXS", "XS", "S", "M", "L", "XL"]: null

2019-09-30 18:03:45 - [TEST_STEP][PASSED] - sizeRange2 = ["00", "0", "2", "4", "6", "8", "10", "12", "14", "16"]: null

2019-09-30 18:03:45 - [TEST_STEP][PASSED] - sizeRange3 = ["Long", "Regular", "Short"]: null

2019-09-30 18:03:45 - [TEST_STEP][PASSED] - sizeRange4 = ["5", "6", "6.5", "7", "7.5", "8", "8.5", "9", "9.5", "10", "11"]: null

2019-09-30 18:03:45 - [TEST_STEP][PASSED] - sizeRange5 = ["XS/S", "M/L"]: null

2019-09-30 18:03:45 - [TEST_STEP][PASSED] - sizeRangeSplit = UtilityMethods.SplitSizes(findTestData("productData").getValue("SzRange", row)): null

2019-09-30 18:03:45 - [TEST_STEP][PASSED] - sizeType = getText(findTestObject("Object Repository/Page_cabi Order Items/Size")): Text of object 'Object Repository/Page_cabi Order Items/Size' is: 'Select'

2019-09-30 18:03:45 - [MESSAGE][PASSED] - Text of object 'Object Repository/Page_cabi Order Items/Size' is: 'Select'

2019-09-30 18:03:45 - [TEST_STEP][PASSED] - sizeOptions = findWebElements(findTestObject("Object Repository/Page_cabi Order Items/Size"), 5): null

2019-09-30 18:03:45 - [TEST_STEP][PASSED] - actualRange = new java.util.ArrayList(): null

2019-09-30 18:03:45 - [TEST_STEP][PASSED] - expectedRange = <not implemented yet for class: org.codehaus.groovy.ast.expr.EmptyExpression>: null

2019-09-30 18:03:45 - [TEST_STEP][PASSED] - if (sizeType.equalsIgnoreCase("Select")): null

2019-09-30 18:03:45 - [TEST_STEP][PASSED] - for ([i = 1, i < sizeOptions.size(), (i++)]): null

2019-09-30 18:03:45 - [TEST_STEP][PASSED] - actualRange.add(getAttribute("value").toString()): null

2019-09-30 18:03:45 - [TEST_STEP][PASSED] - actualRange.add(getAttribute("value").toString()): null

2019-09-30 18:03:45 - [TEST_STEP][PASSED] - actualRange.add(getAttribute("value").toString()): null

2019-09-30 18:03:45 - [TEST_STEP][PASSED] - actualRange.add(getAttribute("value").toString()): null

2019-09-30 18:03:45 - [TEST_STEP][PASSED] - actualRange.add(getAttribute("value").toString()): null

2019-09-30 18:03:45 - [TEST_STEP][PASSED] - if (toString().equalsIgnoreCase("XS") || toString().equalsIgnoreCase("XXS")): null

2019-09-30 18:03:45 - [TEST_STEP][PASSED] - expectedRange = UtilityMethods.getExpectedRange(sizeRange1, sizeRangeSplit): null

2019-09-30 18:03:45 - [TEST_STEP][PASSED] - println("XS"): null

2019-09-30 18:03:45 - [TEST_STEP][PASSED] - println(expectedRange.toString()): null

2019-09-30 18:03:45 - [TEST_STEP][PASSED] - sa.assertTrue(UtilityMethods.listEquals(expectedRange, actualRange)): null

2019-09-30 18:03:45 - [TEST_STEP][PASSED] - delay(2): Delayed 2 second(s)

2019-09-30 18:03:47 - [MESSAGE][PASSED] - Delayed 2 second(s)

2019-09-30 18:03:47 - [TEST_STEP][PASSED] - verifyElementText(findTestObject("Page_cabi Order Items/product_title"), findTestData("productData").getValue("Description", row), CONTINUE_ON_FAILURE): Actual text and expected text of test object 'Object Repository/Page_cabi Order Items/product_title' are matched.

2019-09-30 18:03:47 - [MESSAGE][PASSED] - Actual text and expected text of test object 'Object Repository/Page_cabi Order Items/product_title' are matched.

2019-09-30 18:03:47 - [TEST_STEP][PASSED] - verifyElementText(findTestObject("Page_cabi Order Items/product_fabric"), findTestData("productData").getValue("FinalContent", row), CONTINUE_ON_FAILURE): Actual text and expected text of test object 'Object Repository/Page_cabi Order Items/product_fabric' are matched.

2019-09-30 18:03:47 - [MESSAGE][PASSED] - Actual text and expected text of test object 'Object Repository/Page_cabi Order Items/product_fabric' are matched.

2019-09-30 18:03:47 - [TEST_STEP][PASSED] - actualCasreIntrn = "<div>" + getText(findTestObject("Page_cabi Order Items/care_instruction")) + "</div>": Text of object 'Object Repository/Page_cabi Order Items/care_instruction' is: 'Turn garment inside out and place in a mesh bag. Machine wash separately in cold water on the delicate cycle. Only non-chlorine bleach if needed. Do not twist or wring. Lay flat to dry. Steam iron only if needed. Do not press with flat iron. Can be dry cleaned.'

2019-09-30 18:03:47 - [MESSAGE][PASSED] - Text of object 'Object Repository/Page_cabi Order Items/care_instruction' is: 'Turn garment inside out and place in a mesh bag. Machine wash separately in cold water on the delicate cycle. Only non-chlorine bleach if needed. Do not twist or wring. Lay flat to dry. Steam iron only if needed. Do not press with flat iron. Can be dry cleaned.'

2019-09-30 18:03:47 - [TEST_STEP][PASSED] - sa.assertTrue(actualCasreIntrn.equals(findTestData("productData").getValue("CareInstr", row))): null

2019-09-30 18:03:47 - [MESSAGE][PASSED] - Call Test Case 'Test Cases/NewArrival/productVerify' successfully

2019-09-30 18:03:47 - [MESSAGE][FAILED] - for ([timeRow = 1, timeRow <= findTestData("timezoneData").getRowNumbers(), (timeRow++)]) FAILED.
Reason:
com.kms.katalon.core.exception.StepFailedException: Unable to call Test Case 'Test Cases/NewArrival/productVerify' (Root cause: com.kms.katalon.core.exception.StepFailedException: Call Test Case 'Test Cases/NewArrival/productVerify' failed
	at com.kms.katalon.core.keyword.builtin.CallTestCaseKeyword$_callTestCase_closure1.doCall(CallTestCaseKeyword.groovy:63)
	at com.kms.katalon.core.keyword.builtin.CallTestCaseKeyword$_callTestCase_closure1.call(CallTestCaseKeyword.groovy)
	at com.kms.katalon.core.keyword.internal.KeywordMain.runKeyword(KeywordMain.groovy:66)
	at com.kms.katalon.core.keyword.builtin.CallTestCaseKeyword.callTestCase(CallTestCaseKeyword.groovy:81)
	at com.kms.katalon.core.keyword.builtin.CallTestCaseKeyword.execute(CallTestCaseKeyword.groovy:44)
	at com.kms.katalon.core.keyword.internal.KeywordExecutor.executeKeywordForPlatform(KeywordExecutor.groovy:56)
	at com.kms.katalon.core.keyword.BuiltinKeywords.callTestCase(BuiltinKeywords.groovy:334)
	at BOPersonal.run(BOPersonal:34)
	at com.kms.katalon.core.main.ScriptEngine.run(ScriptEngine.java:194)
	at com.kms.katalon.core.main.ScriptEngine.runScriptAsRawText(ScriptEngine.java:119)
	at com.kms.katalon.core.main.TestCaseExecutor.runScript(TestCaseExecutor.java:342)
	at com.kms.katalon.core.main.TestCaseExecutor.doExecute(TestCaseExecutor.java:333)
	at com.kms.katalon.core.main.TestCaseExecutor.processExecutionPhase(TestCaseExecutor.java:312)
	at com.kms.katalon.core.main.TestCaseExecutor.accessMainPhase(TestCaseExecutor.java:304)
	at com.kms.katalon.core.main.TestCaseExecutor.execute(TestCaseExecutor.java:238)
	at com.kms.katalon.core.main.TestSuiteExecutor.accessTestCaseMainPhase(TestSuiteExecutor.java:129)
	at com.kms.katalon.core.main.TestSuiteExecutor.accessTestSuiteMainPhase(TestSuiteExecutor.java:112)
	at com.kms.katalon.core.main.TestSuiteExecutor.execute(TestSuiteExecutor.java:81)
	at com.kms.katalon.core.main.TestCaseMain.startTestSuite(TestCaseMain.java:157)
	at com.kms.katalon.core.main.TestCaseMain$startTestSuite$0.call(Unknown Source)
	at TempTestSuite1569845893515.run(TempTestSuite1569845893515.groovy:35)
Caused by: com.kms.katalon.core.exception.StepFailedException: Unable to execute JavaScript.
	at com.kms.katalon.core.webui.keyword.internal.WebUIKeywordMain.stepFailed(WebUIKeywordMain.groovy:64)
	at com.kms.katalon.core.webui.keyword.internal.WebUIKeywordMain.runKeyword(WebUIKeywordMain.groovy:26)
	at com.kms.katalon.core.webui.keyword.builtin.ExecuteJavaScriptKeyword.executeJavascript(ExecuteJavascriptKeyword.groovy:42)
	at com.kms.katalon.core.webui.keyword.builtin.ExecuteJavaScriptKeyword.execute(ExecuteJavascriptKeyword.groovy:37)
	at com.kms.katalon.core.keyword.internal.KeywordExecutor.executeKeywordForPlatform(KeywordExecutor.groovy:56)
	at com.kms.katalon.core.webui.keyword.WebUiBuiltInKeywords.executeJavaScript(WebUiBuiltInKeywords.groovy:3787)
	at com.kms.katalon.core.webui.keyword.WebUiBuiltInKeywords$executeJavaScript$4.call(Unknown Source)
	at productVerify.run(productVerify:25)
	at com.kms.katalon.core.main.ScriptEngine.run(ScriptEngine.java:194)
	at com.kms.katalon.core.main.ScriptEngine.runScriptAsRawText(ScriptEngine.java:119)
	at com.kms.katalon.core.main.TestCaseExecutor.runScript(TestCaseExecutor.java:342)
	at com.kms.katalon.core.main.TestCaseExecutor.doExecute(TestCaseExecutor.java:333)
	at com.kms.katalon.core.main.TestCaseExecutor.processExecutionPhase(TestCaseExecutor.java:312)
	at com.kms.katalon.core.main.TestCaseExecutor.accessMainPhase(TestCaseExecutor.java:304)
	at com.kms.katalon.core.main.TestCaseExecutor.execute(TestCaseExecutor.java:238)
	at com.kms.katalon.core.main.TestCaseMain.runTestCase(TestCaseMain.java:114)
	at com.kms.katalon.core.keyword.builtin.CallTestCaseKeyword$_callTestCase_closure1.doCall(CallTestCaseKeyword.groovy:59)
	... 20 more
Caused by: org.openqa.selenium.StaleElementReferenceException: stale element reference: element is not attached to the page document
  (Session info: chrome=77.0.3865.90)
For documentation on this error, please visit: http://seleniumhq.org/exceptions/stale_element_reference.html
Build info: version: '3.7.1', revision: '8a0099a', time: '2017-11-06T21:07:36.161Z'
System info: host: 'NIVEDITA', ip: '10.0.102.244', os.name: 'Windows 8.1', os.arch: 'amd64', os.version: '6.3', java.version: '1.8.0_181'
Driver info: com.kms.katalon.selenium.driver.CChromeDriver
Capabilities {acceptInsecureCerts: false, browserName: chrome, browserVersion: 77.0.3865.90, chrome: {chromedriverVersion: 76.0.3809.68 (420c9498db8ce..., userDataDir: C:\Users\user\AppData\Local...}, goog:chromeOptions: {debuggerAddress: localhost:59772}, javascriptEnabled: true, networkConnectionEnabled: false, pageLoadStrategy: normal, platform: XP, platformName: XP, proxy: Proxy(direct), setWindowRect: true, strictFileInteractability: false, timeouts: {implicit: 0, pageLoad: 300000, script: 30000}, unhandledPromptBehavior: dismiss and notify}
Session ID: 3fff5a1a70d86ea1cda911915c960d06
	at org.openqa.selenium.remote.http.W3CHttpResponseCodec.createException(W3CHttpResponseCodec.java:187)
	at org.openqa.selenium.remote.http.W3CHttpResponseCodec.decode(W3CHttpResponseCodec.java:122)
	at org.openqa.selenium.remote.http.W3CHttpResponseCodec.decode(W3CHttpResponseCodec.java:49)
	at org.openqa.selenium.remote.HttpCommandExecutor.execute(HttpCommandExecutor.java:164)
	at org.openqa.selenium.remote.service.DriverCommandExecutor.execute(DriverCommandExecutor.java:83)
	at org.openqa.selenium.remote.RemoteWebDriver.execute(RemoteWebDriver.java:600)
	at com.kms.katalon.selenium.driver.CChromeDriver.execute(CChromeDriver.java:20)
	at org.openqa.selenium.remote.RemoteWebDriver.executeScript(RemoteWebDriver.java:536)
	at com.kms.katalon.core.webui.keyword.builtin.ExecuteJavaScriptKeyword$_executeJavascript_closure1.doCall(ExecuteJavascriptKeyword.groovy:48)
	at com.kms.katalon.core.webui.keyword.builtin.ExecuteJavaScriptKeyword$_executeJavascript_closure1.call(ExecuteJavascriptKeyword.groovy)
	at com.kms.katalon.core.webui.keyword.internal.WebUIKeywordMain.runKeyword(WebUIKeywordMain.groovy:20)
	at com.kms.katalon.core.webui.keyword.builtin.ExecuteJavaScriptKeyword.executeJavascript(ExecuteJavascriptKeyword.groovy:42)
	at com.kms.katalon.core.webui.keyword.builtin.ExecuteJavaScriptKeyword.execute(ExecuteJavascriptKeyword.groovy:37)
	at com.kms.katalon.core.keyword.internal.KeywordExecutor.executeKeywordForPlatform(KeywordExecutor.groovy:56)
	at com.kms.katalon.core.webui.keyword.WebUiBuiltInKeywords.executeJavaScript(WebUiBuiltInKeywords.groovy:3787)
	at com.kms.katalon.core.webui.keyword.WebUiBuiltInKeywords$executeJavaScript$4.call(Unknown Source)
	at Script1556094475695.run(Script1556094475695.groovy:25)
	at com.kms.katalon.core.main.ScriptEngine.run(ScriptEngine.java:194)
	at com.kms.katalon.core.main.ScriptEngine.runScriptAsRawText(ScriptEngine.java:119)
	at com.kms.katalon.core.main.TestCaseExecutor.runScript(TestCaseExecutor.java:342)
	at com.kms.katalon.core.main.TestCaseExecutor.doExecute(TestCaseExecutor.java:333)
	at com.kms.katalon.core.main.TestCaseExecutor.processExecutionPhase(TestCaseExecutor.java:312)
	at com.kms.katalon.core.main.TestCaseExecutor.accessMainPhase(TestCaseExecutor.java:304)
	at com.kms.katalon.core.main.TestCaseExecutor.execute(TestCaseExecutor.java:238)
	at com.kms.katalon.core.main.TestCaseMain.runTestCase(TestCaseMain.java:114)
	at com.kms.katalon.core.keyword.builtin.CallTestCaseKeyword$_callTestCase_closure1.doCall(CallTestCaseKeyword.groovy:59)
	at com.kms.katalon.core.keyword.builtin.CallTestCaseKeyword$_callTestCase_closure1.call(CallTestCaseKeyword.groovy)
	at com.kms.katalon.core.keyword.internal.KeywordMain.runKeyword(KeywordMain.groovy:66)
	at com.kms.katalon.core.keyword.builtin.CallTestCaseKeyword.callTestCase(CallTestCaseKeyword.groovy:81)
	at com.kms.katalon.core.keyword.builtin.CallTestCaseKeyword.execute(CallTestCaseKeyword.groovy:44)
	at com.kms.katalon.core.keyword.internal.KeywordExecutor.executeKeywordForPlatform(KeywordExecutor.groovy:56)
	at com.kms.katalon.core.keyword.BuiltinKeywords.callTestCase(BuiltinKeywords.groovy:334)
	at Script1561619682896.run(Script1561619682896.groovy:34)
	... 13 more
)
	at com.kms.katalon.core.keyword.internal.KeywordMain.stepFailed(KeywordMain.groovy:37)
	at com.kms.katalon.core.keyword.internal.KeywordMain.stepFailed(KeywordMain.groovy)
	at com.kms.katalon.core.keyword.internal.KeywordMain.runKeyword(KeywordMain.groovy:68)
	at com.kms.katalon.core.keyword.builtin.CallTestCaseKeyword.callTestCase(CallTestCaseKeyword.groovy:81)
	at com.kms.katalon.core.keyword.builtin.CallTestCaseKeyword.execute(CallTestCaseKeyword.groovy:44)
	at com.kms.katalon.core.keyword.internal.KeywordExecutor.executeKeywordForPlatform(KeywordExecutor.groovy:56)
	at com.kms.katalon.core.keyword.BuiltinKeywords.callTestCase(BuiltinKeywords.groovy:334)
	at BOPersonal.run(BOPersonal:34)
	at com.kms.katalon.core.main.ScriptEngine.run(ScriptEngine.java:194)
	at com.kms.katalon.core.main.ScriptEngine.runScriptAsRawText(ScriptEngine.java:119)
	at com.kms.katalon.core.main.TestCaseExecutor.runScript(TestCaseExecutor.java:342)
	at com.kms.katalon.core.main.TestCaseExecutor.doExecute(TestCaseExecutor.java:333)
	at com.kms.katalon.core.main.TestCaseExecutor.processExecutionPhase(TestCaseExecutor.java:312)
	at com.kms.katalon.core.main.TestCaseExecutor.accessMainPhase(TestCaseExecutor.java:304)
	at com.kms.katalon.core.main.TestCaseExecutor.execute(TestCaseExecutor.java:238)
	at com.kms.katalon.core.main.TestSuiteExecutor.accessTestCaseMainPhase(TestSuiteExecutor.java:129)
	at com.kms.katalon.core.main.TestSuiteExecutor.accessTestSuiteMainPhase(TestSuiteExecutor.java:112)
	at com.kms.katalon.core.main.TestSuiteExecutor.execute(TestSuiteExecutor.java:81)
	at com.kms.katalon.core.main.TestCaseMain.startTestSuite(TestCaseMain.java:157)
	at com.kms.katalon.core.main.TestCaseMain$startTestSuite$0.call(Unknown Source)
	at TempTestSuite1569845893515.run(TempTestSuite1569845893515.groovy:35)
Caused by: com.kms.katalon.core.exception.StepFailedException: Call Test Case 'Test Cases/NewArrival/productVerify' failed
	at com.kms.katalon.core.keyword.builtin.CallTestCaseKeyword$_callTestCase_closure1.doCall(CallTestCaseKeyword.groovy:63)
	at com.kms.katalon.core.keyword.builtin.CallTestCaseKeyword$_callTestCase_closure1.call(CallTestCaseKeyword.groovy)
	at com.kms.katalon.core.keyword.internal.KeywordMain.runKeyword(KeywordMain.groovy:66)
	... 18 more
Caused by: com.kms.katalon.core.exception.StepFailedException: Unable to execute JavaScript.
	at com.kms.katalon.core.webui.keyword.internal.WebUIKeywordMain.stepFailed(WebUIKeywordMain.groovy:64)
	at com.kms.katalon.core.webui.keyword.internal.WebUIKeywordMain.runKeyword(WebUIKeywordMain.groovy:26)
	at com.kms.katalon.core.webui.keyword.builtin.ExecuteJavaScriptKeyword.executeJavascript(ExecuteJavascriptKeyword.groovy:42)
	at com.kms.katalon.core.webui.keyword.builtin.ExecuteJavaScriptKeyword.execute(ExecuteJavascriptKeyword.groovy:37)
	at com.kms.katalon.core.keyword.internal.KeywordExecutor.executeKeywordForPlatform(KeywordExecutor.groovy:56)
	at com.kms.katalon.core.webui.keyword.WebUiBuiltInKeywords.executeJavaScript(WebUiBuiltInKeywords.groovy:3787)
	at com.kms.katalon.core.webui.keyword.WebUiBuiltInKeywords$executeJavaScript$4.call(Unknown Source)
	at productVerify.run(productVerify:25)
	at com.kms.katalon.core.main.ScriptEngine.run(ScriptEngine.java:194)
	at com.kms.katalon.core.main.ScriptEngine.runScriptAsRawText(ScriptEngine.java:119)
	at com.kms.katalon.core.main.TestCaseExecutor.runScript(TestCaseExecutor.java:342)
	at com.kms.katalon.core.main.TestCaseExecutor.doExecute(TestCaseExecutor.java:333)
	at com.kms.katalon.core.main.TestCaseExecutor.processExecutionPhase(TestCaseExecutor.java:312)
	at com.kms.katalon.core.main.TestCaseExecutor.accessMainPhase(TestCaseExecutor.java:304)
	at com.kms.katalon.core.main.TestCaseExecutor.execute(TestCaseExecutor.java:238)
	at com.kms.katalon.core.main.TestCaseMain.runTestCase(TestCaseMain.java:114)
	at com.kms.katalon.core.keyword.builtin.CallTestCaseKeyword$_callTestCase_closure1.doCall(CallTestCaseKeyword.groovy:59)
	... 20 more
Caused by: org.openqa.selenium.StaleElementReferenceException: stale element reference: element is not attached to the page document
  (Session info: chrome=77.0.3865.90)
For documentation on this error, please visit: http://seleniumhq.org/exceptions/stale_element_reference.html
Build info: version: '3.7.1', revision: '8a0099a', time: '2017-11-06T21:07:36.161Z'
System info: host: 'NIVEDITA', ip: '10.0.102.244', os.name: 'Windows 8.1', os.arch: 'amd64', os.version: '6.3', java.version: '1.8.0_181'
Driver info: com.kms.katalon.selenium.driver.CChromeDriver
Capabilities {acceptInsecureCerts: false, browserName: chrome, browserVersion: 77.0.3865.90, chrome: {chromedriverVersion: 76.0.3809.68 (420c9498db8ce..., userDataDir: C:\Users\user\AppData\Local...}, goog:chromeOptions: {debuggerAddress: localhost:59772}, javascriptEnabled: true, networkConnectionEnabled: false, pageLoadStrategy: normal, platform: XP, platformName: XP, proxy: Proxy(direct), setWindowRect: true, strictFileInteractability: false, timeouts: {implicit: 0, pageLoad: 300000, script: 30000}, unhandledPromptBehavior: dismiss and notify}
Session ID: 3fff5a1a70d86ea1cda911915c960d06
	at org.openqa.selenium.remote.http.W3CHttpResponseCodec.createException(W3CHttpResponseCodec.java:187)
	at org.openqa.selenium.remote.http.W3CHttpResponseCodec.decode(W3CHttpResponseCodec.java:122)
	at org.openqa.selenium.remote.http.W3CHttpResponseCodec.decode(W3CHttpResponseCodec.java:49)
	at org.openqa.selenium.remote.HttpCommandExecutor.execute(HttpCommandExecutor.java:164)
	at org.openqa.selenium.remote.service.DriverCommandExecutor.execute(DriverCommandExecutor.java:83)
	at org.openqa.selenium.remote.RemoteWebDriver.execute(RemoteWebDriver.java:600)
	at com.kms.katalon.selenium.driver.CChromeDriver.execute(CChromeDriver.java:20)
	at org.openqa.selenium.remote.RemoteWebDriver.executeScript(RemoteWebDriver.java:536)
	at com.kms.katalon.core.webui.keyword.builtin.ExecuteJavaScriptKeyword$_executeJavascript_closure1.doCall(ExecuteJavascriptKeyword.groovy:48)
	at com.kms.katalon.core.webui.keyword.builtin.ExecuteJavaScriptKeyword$_executeJavascript_closure1.call(ExecuteJavascriptKeyword.groovy)
	at com.kms.katalon.core.webui.keyword.internal.WebUIKeywordMain.runKeyword(WebUIKeywordMain.groovy:20)
	at com.kms.katalon.core.webui.keyword.builtin.ExecuteJavaScriptKeyword.executeJavascript(ExecuteJavascriptKeyword.groovy:42)
	at com.kms.katalon.core.webui.keyword.builtin.ExecuteJavaScriptKeyword.execute(ExecuteJavascriptKeyword.groovy:37)
	at com.kms.katalon.core.keyword.internal.KeywordExecutor.executeKeywordForPlatform(KeywordExecutor.groovy:56)
	at com.kms.katalon.core.webui.keyword.WebUiBuiltInKeywords.executeJavaScript(WebUiBuiltInKeywords.groovy:3787)
	at com.kms.katalon.core.webui.keyword.WebUiBuiltInKeywords$executeJavaScript$4.call(Unknown Source)
	at Script1556094475695.run(Script1556094475695.groovy:25)
	at com.kms.katalon.core.main.ScriptEngine.run(ScriptEngine.java:194)
	at com.kms.katalon.core.main.ScriptEngine.runScriptAsRawText(ScriptEngine.java:119)
	at com.kms.katalon.core.main.TestCaseExecutor.runScript(TestCaseExecutor.java:342)
	at com.kms.katalon.core.main.TestCaseExecutor.doExecute(TestCaseExecutor.java:333)
	at com.kms.katalon.core.main.TestCaseExecutor.processExecutionPhase(TestCaseExecutor.java:312)
	at com.kms.katalon.core.main.TestCaseExecutor.accessMainPhase(TestCaseExecutor.java:304)
	at com.kms.katalon.core.main.TestCaseExecutor.execute(TestCaseExecutor.java:238)
	at com.kms.katalon.core.main.TestCaseMain.runTestCase(TestCaseMain.java:114)
	at com.kms.katalon.core.keyword.builtin.CallTestCaseKeyword$_callTestCase_closure1.doCall(CallTestCaseKeyword.groovy:59)
	at com.kms.katalon.core.keyword.builtin.CallTestCaseKeyword$_callTestCase_closure1.call(CallTestCaseKeyword.groovy)
	at com.kms.katalon.core.keyword.internal.KeywordMain.runKeyword(KeywordMain.groovy:66)
	at com.kms.katalon.core.keyword.builtin.CallTestCaseKeyword.callTestCase(CallTestCaseKeyword.groovy:81)
	at com.kms.katalon.core.keyword.builtin.CallTestCaseKeyword.execute(CallTestCaseKeyword.groovy:44)
	at com.kms.katalon.core.keyword.internal.KeywordExecutor.executeKeywordForPlatform(KeywordExecutor.groovy:56)
	at com.kms.katalon.core.keyword.BuiltinKeywords.callTestCase(BuiltinKeywords.groovy:334)
	at Script1561619682896.run(Script1561619682896.groovy:34)
	... 13 more]]></system-out>
         <system-err><![CDATA[2019-09-30 17:48:16 - [TEST_CASE][FAILED] - Test Cases/NewArrival/BOPersonal: Test Cases/NewArrival/BOPersonal FAILED.
Reason:
com.kms.katalon.core.exception.StepFailedException: Unable to call Test Case 'Test Cases/NewArrival/productVerify' (Root cause: com.kms.katalon.core.exception.StepFailedException: Call Test Case 'Test Cases/NewArrival/productVerify' failed
	at com.kms.katalon.core.keyword.builtin.CallTestCaseKeyword$_callTestCase_closure1.doCall(CallTestCaseKeyword.groovy:63)
	at com.kms.katalon.core.keyword.builtin.CallTestCaseKeyword$_callTestCase_closure1.call(CallTestCaseKeyword.groovy)
	at com.kms.katalon.core.keyword.internal.KeywordMain.runKeyword(KeywordMain.groovy:66)
	at com.kms.katalon.core.keyword.builtin.CallTestCaseKeyword.callTestCase(CallTestCaseKeyword.groovy:81)
	at com.kms.katalon.core.keyword.builtin.CallTestCaseKeyword.execute(CallTestCaseKeyword.groovy:44)
	at com.kms.katalon.core.keyword.internal.KeywordExecutor.executeKeywordForPlatform(KeywordExecutor.groovy:56)
	at com.kms.katalon.core.keyword.BuiltinKeywords.callTestCase(BuiltinKeywords.groovy:334)
	at BOPersonal.run(BOPersonal:34)
	at com.kms.katalon.core.main.ScriptEngine.run(ScriptEngine.java:194)
	at com.kms.katalon.core.main.ScriptEngine.runScriptAsRawText(ScriptEngine.java:119)
	at com.kms.katalon.core.main.TestCaseExecutor.runScript(TestCaseExecutor.java:342)
	at com.kms.katalon.core.main.TestCaseExecutor.doExecute(TestCaseExecutor.java:333)
	at com.kms.katalon.core.main.TestCaseExecutor.processExecutionPhase(TestCaseExecutor.java:312)
	at com.kms.katalon.core.main.TestCaseExecutor.accessMainPhase(TestCaseExecutor.java:304)
	at com.kms.katalon.core.main.TestCaseExecutor.execute(TestCaseExecutor.java:238)
	at com.kms.katalon.core.main.TestSuiteExecutor.accessTestCaseMainPhase(TestSuiteExecutor.java:129)
	at com.kms.katalon.core.main.TestSuiteExecutor.accessTestSuiteMainPhase(TestSuiteExecutor.java:112)
	at com.kms.katalon.core.main.TestSuiteExecutor.execute(TestSuiteExecutor.java:81)
	at com.kms.katalon.core.main.TestCaseMain.startTestSuite(TestCaseMain.java:157)
	at com.kms.katalon.core.main.TestCaseMain$startTestSuite$0.call(Unknown Source)
	at TempTestSuite1569845893515.run(TempTestSuite1569845893515.groovy:35)
Caused by: com.kms.katalon.core.exception.StepFailedException: Unable to execute JavaScript.
	at com.kms.katalon.core.webui.keyword.internal.WebUIKeywordMain.stepFailed(WebUIKeywordMain.groovy:64)
	at com.kms.katalon.core.webui.keyword.internal.WebUIKeywordMain.runKeyword(WebUIKeywordMain.groovy:26)
	at com.kms.katalon.core.webui.keyword.builtin.ExecuteJavaScriptKeyword.executeJavascript(ExecuteJavascriptKeyword.groovy:42)
	at com.kms.katalon.core.webui.keyword.builtin.ExecuteJavaScriptKeyword.execute(ExecuteJavascriptKeyword.groovy:37)
	at com.kms.katalon.core.keyword.internal.KeywordExecutor.executeKeywordForPlatform(KeywordExecutor.groovy:56)
	at com.kms.katalon.core.webui.keyword.WebUiBuiltInKeywords.executeJavaScript(WebUiBuiltInKeywords.groovy:3787)
	at com.kms.katalon.core.webui.keyword.WebUiBuiltInKeywords$executeJavaScript$4.call(Unknown Source)
	at productVerify.run(productVerify:25)
	at com.kms.katalon.core.main.ScriptEngine.run(ScriptEngine.java:194)
	at com.kms.katalon.core.main.ScriptEngine.runScriptAsRawText(ScriptEngine.java:119)
	at com.kms.katalon.core.main.TestCaseExecutor.runScript(TestCaseExecutor.java:342)
	at com.kms.katalon.core.main.TestCaseExecutor.doExecute(TestCaseExecutor.java:333)
	at com.kms.katalon.core.main.TestCaseExecutor.processExecutionPhase(TestCaseExecutor.java:312)
	at com.kms.katalon.core.main.TestCaseExecutor.accessMainPhase(TestCaseExecutor.java:304)
	at com.kms.katalon.core.main.TestCaseExecutor.execute(TestCaseExecutor.java:238)
	at com.kms.katalon.core.main.TestCaseMain.runTestCase(TestCaseMain.java:114)
	at com.kms.katalon.core.keyword.builtin.CallTestCaseKeyword$_callTestCase_closure1.doCall(CallTestCaseKeyword.groovy:59)
	... 20 more
Caused by: org.openqa.selenium.StaleElementReferenceException: stale element reference: element is not attached to the page document
  (Session info: chrome=77.0.3865.90)
For documentation on this error, please visit: http://seleniumhq.org/exceptions/stale_element_reference.html
Build info: version: '3.7.1', revision: '8a0099a', time: '2017-11-06T21:07:36.161Z'
System info: host: 'NIVEDITA', ip: '10.0.102.244', os.name: 'Windows 8.1', os.arch: 'amd64', os.version: '6.3', java.version: '1.8.0_181'
Driver info: com.kms.katalon.selenium.driver.CChromeDriver
Capabilities {acceptInsecureCerts: false, browserName: chrome, browserVersion: 77.0.3865.90, chrome: {chromedriverVersion: 76.0.3809.68 (420c9498db8ce..., userDataDir: C:\Users\user\AppData\Local...}, goog:chromeOptions: {debuggerAddress: localhost:59772}, javascriptEnabled: true, networkConnectionEnabled: false, pageLoadStrategy: normal, platform: XP, platformName: XP, proxy: Proxy(direct), setWindowRect: true, strictFileInteractability: false, timeouts: {implicit: 0, pageLoad: 300000, script: 30000}, unhandledPromptBehavior: dismiss and notify}
Session ID: 3fff5a1a70d86ea1cda911915c960d06
	at org.openqa.selenium.remote.http.W3CHttpResponseCodec.createException(W3CHttpResponseCodec.java:187)
	at org.openqa.selenium.remote.http.W3CHttpResponseCodec.decode(W3CHttpResponseCodec.java:122)
	at org.openqa.selenium.remote.http.W3CHttpResponseCodec.decode(W3CHttpResponseCodec.java:49)
	at org.openqa.selenium.remote.HttpCommandExecutor.execute(HttpCommandExecutor.java:164)
	at org.openqa.selenium.remote.service.DriverCommandExecutor.execute(DriverCommandExecutor.java:83)
	at org.openqa.selenium.remote.RemoteWebDriver.execute(RemoteWebDriver.java:600)
	at com.kms.katalon.selenium.driver.CChromeDriver.execute(CChromeDriver.java:20)
	at org.openqa.selenium.remote.RemoteWebDriver.executeScript(RemoteWebDriver.java:536)
	at com.kms.katalon.core.webui.keyword.builtin.ExecuteJavaScriptKeyword$_executeJavascript_closure1.doCall(ExecuteJavascriptKeyword.groovy:48)
	at com.kms.katalon.core.webui.keyword.builtin.ExecuteJavaScriptKeyword$_executeJavascript_closure1.call(ExecuteJavascriptKeyword.groovy)
	at com.kms.katalon.core.webui.keyword.internal.WebUIKeywordMain.runKeyword(WebUIKeywordMain.groovy:20)
	at com.kms.katalon.core.webui.keyword.builtin.ExecuteJavaScriptKeyword.executeJavascript(ExecuteJavascriptKeyword.groovy:42)
	at com.kms.katalon.core.webui.keyword.builtin.ExecuteJavaScriptKeyword.execute(ExecuteJavascriptKeyword.groovy:37)
	at com.kms.katalon.core.keyword.internal.KeywordExecutor.executeKeywordForPlatform(KeywordExecutor.groovy:56)
	at com.kms.katalon.core.webui.keyword.WebUiBuiltInKeywords.executeJavaScript(WebUiBuiltInKeywords.groovy:3787)
	at com.kms.katalon.core.webui.keyword.WebUiBuiltInKeywords$executeJavaScript$4.call(Unknown Source)
	at Script1556094475695.run(Script1556094475695.groovy:25)
	at com.kms.katalon.core.main.ScriptEngine.run(ScriptEngine.java:194)
	at com.kms.katalon.core.main.ScriptEngine.runScriptAsRawText(ScriptEngine.java:119)
	at com.kms.katalon.core.main.TestCaseExecutor.runScript(TestCaseExecutor.java:342)
	at com.kms.katalon.core.main.TestCaseExecutor.doExecute(TestCaseExecutor.java:333)
	at com.kms.katalon.core.main.TestCaseExecutor.processExecutionPhase(TestCaseExecutor.java:312)
	at com.kms.katalon.core.main.TestCaseExecutor.accessMainPhase(TestCaseExecutor.java:304)
	at com.kms.katalon.core.main.TestCaseExecutor.execute(TestCaseExecutor.java:238)
	at com.kms.katalon.core.main.TestCaseMain.runTestCase(TestCaseMain.java:114)
	at com.kms.katalon.core.keyword.builtin.CallTestCaseKeyword$_callTestCase_closure1.doCall(CallTestCaseKeyword.groovy:59)
	at com.kms.katalon.core.keyword.builtin.CallTestCaseKeyword$_callTestCase_closure1.call(CallTestCaseKeyword.groovy)
	at com.kms.katalon.core.keyword.internal.KeywordMain.runKeyword(KeywordMain.groovy:66)
	at com.kms.katalon.core.keyword.builtin.CallTestCaseKeyword.callTestCase(CallTestCaseKeyword.groovy:81)
	at com.kms.katalon.core.keyword.builtin.CallTestCaseKeyword.execute(CallTestCaseKeyword.groovy:44)
	at com.kms.katalon.core.keyword.internal.KeywordExecutor.executeKeywordForPlatform(KeywordExecutor.groovy:56)
	at com.kms.katalon.core.keyword.BuiltinKeywords.callTestCase(BuiltinKeywords.groovy:334)
	at Script1561619682896.run(Script1561619682896.groovy:34)
	... 13 more
)
	at com.kms.katalon.core.keyword.internal.KeywordMain.stepFailed(KeywordMain.groovy:37)
	at com.kms.katalon.core.keyword.internal.KeywordMain.stepFailed(KeywordMain.groovy)
	at com.kms.katalon.core.keyword.internal.KeywordMain.runKeyword(KeywordMain.groovy:68)
	at com.kms.katalon.core.keyword.builtin.CallTestCaseKeyword.callTestCase(CallTestCaseKeyword.groovy:81)
	at com.kms.katalon.core.keyword.builtin.CallTestCaseKeyword.execute(CallTestCaseKeyword.groovy:44)
	at com.kms.katalon.core.keyword.internal.KeywordExecutor.executeKeywordForPlatform(KeywordExecutor.groovy:56)
	at com.kms.katalon.core.keyword.BuiltinKeywords.callTestCase(BuiltinKeywords.groovy:334)
	at BOPersonal.run(BOPersonal:34)
	at com.kms.katalon.core.main.ScriptEngine.run(ScriptEngine.java:194)
	at com.kms.katalon.core.main.ScriptEngine.runScriptAsRawText(ScriptEngine.java:119)
	at com.kms.katalon.core.main.TestCaseExecutor.runScript(TestCaseExecutor.java:342)
	at com.kms.katalon.core.main.TestCaseExecutor.doExecute(TestCaseExecutor.java:333)
	at com.kms.katalon.core.main.TestCaseExecutor.processExecutionPhase(TestCaseExecutor.java:312)
	at com.kms.katalon.core.main.TestCaseExecutor.accessMainPhase(TestCaseExecutor.java:304)
	at com.kms.katalon.core.main.TestCaseExecutor.execute(TestCaseExecutor.java:238)
	at com.kms.katalon.core.main.TestSuiteExecutor.accessTestCaseMainPhase(TestSuiteExecutor.java:129)
	at com.kms.katalon.core.main.TestSuiteExecutor.accessTestSuiteMainPhase(TestSuiteExecutor.java:112)
	at com.kms.katalon.core.main.TestSuiteExecutor.execute(TestSuiteExecutor.java:81)
	at com.kms.katalon.core.main.TestCaseMain.startTestSuite(TestCaseMain.java:157)
	at com.kms.katalon.core.main.TestCaseMain$startTestSuite$0.call(Unknown Source)
	at TempTestSuite1569845893515.run(TempTestSuite1569845893515.groovy:35)
Caused by: com.kms.katalon.core.exception.StepFailedException: Call Test Case 'Test Cases/NewArrival/productVerify' failed
	at com.kms.katalon.core.keyword.builtin.CallTestCaseKeyword$_callTestCase_closure1.doCall(CallTestCaseKeyword.groovy:63)
	at com.kms.katalon.core.keyword.builtin.CallTestCaseKeyword$_callTestCase_closure1.call(CallTestCaseKeyword.groovy)
	at com.kms.katalon.core.keyword.internal.KeywordMain.runKeyword(KeywordMain.groovy:66)
	... 18 more
Caused by: com.kms.katalon.core.exception.StepFailedException: Unable to execute JavaScript.
	at com.kms.katalon.core.webui.keyword.internal.WebUIKeywordMain.stepFailed(WebUIKeywordMain.groovy:64)
	at com.kms.katalon.core.webui.keyword.internal.WebUIKeywordMain.runKeyword(WebUIKeywordMain.groovy:26)
	at com.kms.katalon.core.webui.keyword.builtin.ExecuteJavaScriptKeyword.executeJavascript(ExecuteJavascriptKeyword.groovy:42)
	at com.kms.katalon.core.webui.keyword.builtin.ExecuteJavaScriptKeyword.execute(ExecuteJavascriptKeyword.groovy:37)
	at com.kms.katalon.core.keyword.internal.KeywordExecutor.executeKeywordForPlatform(KeywordExecutor.groovy:56)
	at com.kms.katalon.core.webui.keyword.WebUiBuiltInKeywords.executeJavaScript(WebUiBuiltInKeywords.groovy:3787)
	at com.kms.katalon.core.webui.keyword.WebUiBuiltInKeywords$executeJavaScript$4.call(Unknown Source)
	at productVerify.run(productVerify:25)
	at com.kms.katalon.core.main.ScriptEngine.run(ScriptEngine.java:194)
	at com.kms.katalon.core.main.ScriptEngine.runScriptAsRawText(ScriptEngine.java:119)
	at com.kms.katalon.core.main.TestCaseExecutor.runScript(TestCaseExecutor.java:342)
	at com.kms.katalon.core.main.TestCaseExecutor.doExecute(TestCaseExecutor.java:333)
	at com.kms.katalon.core.main.TestCaseExecutor.processExecutionPhase(TestCaseExecutor.java:312)
	at com.kms.katalon.core.main.TestCaseExecutor.accessMainPhase(TestCaseExecutor.java:304)
	at com.kms.katalon.core.main.TestCaseExecutor.execute(TestCaseExecutor.java:238)
	at com.kms.katalon.core.main.TestCaseMain.runTestCase(TestCaseMain.java:114)
	at com.kms.katalon.core.keyword.builtin.CallTestCaseKeyword$_callTestCase_closure1.doCall(CallTestCaseKeyword.groovy:59)
	... 20 more
Caused by: org.openqa.selenium.StaleElementReferenceException: stale element reference: element is not attached to the page document
  (Session info: chrome=77.0.3865.90)
For documentation on this error, please visit: http://seleniumhq.org/exceptions/stale_element_reference.html
Build info: version: '3.7.1', revision: '8a0099a', time: '2017-11-06T21:07:36.161Z'
System info: host: 'NIVEDITA', ip: '10.0.102.244', os.name: 'Windows 8.1', os.arch: 'amd64', os.version: '6.3', java.version: '1.8.0_181'
Driver info: com.kms.katalon.selenium.driver.CChromeDriver
Capabilities {acceptInsecureCerts: false, browserName: chrome, browserVersion: 77.0.3865.90, chrome: {chromedriverVersion: 76.0.3809.68 (420c9498db8ce..., userDataDir: C:\Users\user\AppData\Local...}, goog:chromeOptions: {debuggerAddress: localhost:59772}, javascriptEnabled: true, networkConnectionEnabled: false, pageLoadStrategy: normal, platform: XP, platformName: XP, proxy: Proxy(direct), setWindowRect: true, strictFileInteractability: false, timeouts: {implicit: 0, pageLoad: 300000, script: 30000}, unhandledPromptBehavior: dismiss and notify}
Session ID: 3fff5a1a70d86ea1cda911915c960d06
	at org.openqa.selenium.remote.http.W3CHttpResponseCodec.createException(W3CHttpResponseCodec.java:187)
	at org.openqa.selenium.remote.http.W3CHttpResponseCodec.decode(W3CHttpResponseCodec.java:122)
	at org.openqa.selenium.remote.http.W3CHttpResponseCodec.decode(W3CHttpResponseCodec.java:49)
	at org.openqa.selenium.remote.HttpCommandExecutor.execute(HttpCommandExecutor.java:164)
	at org.openqa.selenium.remote.service.DriverCommandExecutor.execute(DriverCommandExecutor.java:83)
	at org.openqa.selenium.remote.RemoteWebDriver.execute(RemoteWebDriver.java:600)
	at com.kms.katalon.selenium.driver.CChromeDriver.execute(CChromeDriver.java:20)
	at org.openqa.selenium.remote.RemoteWebDriver.executeScript(RemoteWebDriver.java:536)
	at com.kms.katalon.core.webui.keyword.builtin.ExecuteJavaScriptKeyword$_executeJavascript_closure1.doCall(ExecuteJavascriptKeyword.groovy:48)
	at com.kms.katalon.core.webui.keyword.builtin.ExecuteJavaScriptKeyword$_executeJavascript_closure1.call(ExecuteJavascriptKeyword.groovy)
	at com.kms.katalon.core.webui.keyword.internal.WebUIKeywordMain.runKeyword(WebUIKeywordMain.groovy:20)
	at com.kms.katalon.core.webui.keyword.builtin.ExecuteJavaScriptKeyword.executeJavascript(ExecuteJavascriptKeyword.groovy:42)
	at com.kms.katalon.core.webui.keyword.builtin.ExecuteJavaScriptKeyword.execute(ExecuteJavascriptKeyword.groovy:37)
	at com.kms.katalon.core.keyword.internal.KeywordExecutor.executeKeywordForPlatform(KeywordExecutor.groovy:56)
	at com.kms.katalon.core.webui.keyword.WebUiBuiltInKeywords.executeJavaScript(WebUiBuiltInKeywords.groovy:3787)
	at com.kms.katalon.core.webui.keyword.WebUiBuiltInKeywords$executeJavaScript$4.call(Unknown Source)
	at Script1556094475695.run(Script1556094475695.groovy:25)
	at com.kms.katalon.core.main.ScriptEngine.run(ScriptEngine.java:194)
	at com.kms.katalon.core.main.ScriptEngine.runScriptAsRawText(ScriptEngine.java:119)
	at com.kms.katalon.core.main.TestCaseExecutor.runScript(TestCaseExecutor.java:342)
	at com.kms.katalon.core.main.TestCaseExecutor.doExecute(TestCaseExecutor.java:333)
	at com.kms.katalon.core.main.TestCaseExecutor.processExecutionPhase(TestCaseExecutor.java:312)
	at com.kms.katalon.core.main.TestCaseExecutor.accessMainPhase(TestCaseExecutor.java:304)
	at com.kms.katalon.core.main.TestCaseExecutor.execute(TestCaseExecutor.java:238)
	at com.kms.katalon.core.main.TestCaseMain.runTestCase(TestCaseMain.java:114)
	at com.kms.katalon.core.keyword.builtin.CallTestCaseKeyword$_callTestCase_closure1.doCall(CallTestCaseKeyword.groovy:59)
	at com.kms.katalon.core.keyword.builtin.CallTestCaseKeyword$_callTestCase_closure1.call(CallTestCaseKeyword.groovy)
	at com.kms.katalon.core.keyword.internal.KeywordMain.runKeyword(KeywordMain.groovy:66)
	at com.kms.katalon.core.keyword.builtin.CallTestCaseKeyword.callTestCase(CallTestCaseKeyword.groovy:81)
	at com.kms.katalon.core.keyword.builtin.CallTestCaseKeyword.execute(CallTestCaseKeyword.groovy:44)
	at com.kms.katalon.core.keyword.internal.KeywordExecutor.executeKeywordForPlatform(KeywordExecutor.groovy:56)
	at com.kms.katalon.core.keyword.BuiltinKeywords.callTestCase(BuiltinKeywords.groovy:334)
	at Script1561619682896.run(Script1561619682896.groovy:34)
	... 13 more]]></system-err>
      </testcase>
      <system-out><![CDATA[2019-09-30 17:48:16 - [TEST_SUITE][FAILED] - NewArrivalsSuite: Test Cases/NewArrival/BOPersonal FAILED.
Reason:
com.kms.katalon.core.exception.StepFailedException: Unable to call Test Case 'Test Cases/NewArrival/productVerify' (Root cause: com.kms.katalon.core.exception.StepFailedException: Call Test Case 'Test Cases/NewArrival/productVerify' failed
	at com.kms.katalon.core.keyword.builtin.CallTestCaseKeyword$_callTestCase_closure1.doCall(CallTestCaseKeyword.groovy:63)
	at com.kms.katalon.core.keyword.builtin.CallTestCaseKeyword$_callTestCase_closure1.call(CallTestCaseKeyword.groovy)
	at com.kms.katalon.core.keyword.internal.KeywordMain.runKeyword(KeywordMain.groovy:66)
	at com.kms.katalon.core.keyword.builtin.CallTestCaseKeyword.callTestCase(CallTestCaseKeyword.groovy:81)
	at com.kms.katalon.core.keyword.builtin.CallTestCaseKeyword.execute(CallTestCaseKeyword.groovy:44)
	at com.kms.katalon.core.keyword.internal.KeywordExecutor.executeKeywordForPlatform(KeywordExecutor.groovy:56)
	at com.kms.katalon.core.keyword.BuiltinKeywords.callTestCase(BuiltinKeywords.groovy:334)
	at BOPersonal.run(BOPersonal:34)
	at com.kms.katalon.core.main.ScriptEngine.run(ScriptEngine.java:194)
	at com.kms.katalon.core.main.ScriptEngine.runScriptAsRawText(ScriptEngine.java:119)
	at com.kms.katalon.core.main.TestCaseExecutor.runScript(TestCaseExecutor.java:342)
	at com.kms.katalon.core.main.TestCaseExecutor.doExecute(TestCaseExecutor.java:333)
	at com.kms.katalon.core.main.TestCaseExecutor.processExecutionPhase(TestCaseExecutor.java:312)
	at com.kms.katalon.core.main.TestCaseExecutor.accessMainPhase(TestCaseExecutor.java:304)
	at com.kms.katalon.core.main.TestCaseExecutor.execute(TestCaseExecutor.java:238)
	at com.kms.katalon.core.main.TestSuiteExecutor.accessTestCaseMainPhase(TestSuiteExecutor.java:129)
	at com.kms.katalon.core.main.TestSuiteExecutor.accessTestSuiteMainPhase(TestSuiteExecutor.java:112)
	at com.kms.katalon.core.main.TestSuiteExecutor.execute(TestSuiteExecutor.java:81)
	at com.kms.katalon.core.main.TestCaseMain.startTestSuite(TestCaseMain.java:157)
	at com.kms.katalon.core.main.TestCaseMain$startTestSuite$0.call(Unknown Source)
	at TempTestSuite1569845893515.run(TempTestSuite1569845893515.groovy:35)
Caused by: com.kms.katalon.core.exception.StepFailedException: Unable to execute JavaScript.
	at com.kms.katalon.core.webui.keyword.internal.WebUIKeywordMain.stepFailed(WebUIKeywordMain.groovy:64)
	at com.kms.katalon.core.webui.keyword.internal.WebUIKeywordMain.runKeyword(WebUIKeywordMain.groovy:26)
	at com.kms.katalon.core.webui.keyword.builtin.ExecuteJavaScriptKeyword.executeJavascript(ExecuteJavascriptKeyword.groovy:42)
	at com.kms.katalon.core.webui.keyword.builtin.ExecuteJavaScriptKeyword.execute(ExecuteJavascriptKeyword.groovy:37)
	at com.kms.katalon.core.keyword.internal.KeywordExecutor.executeKeywordForPlatform(KeywordExecutor.groovy:56)
	at com.kms.katalon.core.webui.keyword.WebUiBuiltInKeywords.executeJavaScript(WebUiBuiltInKeywords.groovy:3787)
	at com.kms.katalon.core.webui.keyword.WebUiBuiltInKeywords$executeJavaScript$4.call(Unknown Source)
	at productVerify.run(productVerify:25)
	at com.kms.katalon.core.main.ScriptEngine.run(ScriptEngine.java:194)
	at com.kms.katalon.core.main.ScriptEngine.runScriptAsRawText(ScriptEngine.java:119)
	at com.kms.katalon.core.main.TestCaseExecutor.runScript(TestCaseExecutor.java:342)
	at com.kms.katalon.core.main.TestCaseExecutor.doExecute(TestCaseExecutor.java:333)
	at com.kms.katalon.core.main.TestCaseExecutor.processExecutionPhase(TestCaseExecutor.java:312)
	at com.kms.katalon.core.main.TestCaseExecutor.accessMainPhase(TestCaseExecutor.java:304)
	at com.kms.katalon.core.main.TestCaseExecutor.execute(TestCaseExecutor.java:238)
	at com.kms.katalon.core.main.TestCaseMain.runTestCase(TestCaseMain.java:114)
	at com.kms.katalon.core.keyword.builtin.CallTestCaseKeyword$_callTestCase_closure1.doCall(CallTestCaseKeyword.groovy:59)
	... 20 more
Caused by: org.openqa.selenium.StaleElementReferenceException: stale element reference: element is not attached to the page document
  (Session info: chrome=77.0.3865.90)
For documentation on this error, please visit: http://seleniumhq.org/exceptions/stale_element_reference.html
Build info: version: '3.7.1', revision: '8a0099a', time: '2017-11-06T21:07:36.161Z'
System info: host: 'NIVEDITA', ip: '10.0.102.244', os.name: 'Windows 8.1', os.arch: 'amd64', os.version: '6.3', java.version: '1.8.0_181'
Driver info: com.kms.katalon.selenium.driver.CChromeDriver
Capabilities {acceptInsecureCerts: false, browserName: chrome, browserVersion: 77.0.3865.90, chrome: {chromedriverVersion: 76.0.3809.68 (420c9498db8ce..., userDataDir: C:\Users\user\AppData\Local...}, goog:chromeOptions: {debuggerAddress: localhost:59772}, javascriptEnabled: true, networkConnectionEnabled: false, pageLoadStrategy: normal, platform: XP, platformName: XP, proxy: Proxy(direct), setWindowRect: true, strictFileInteractability: false, timeouts: {implicit: 0, pageLoad: 300000, script: 30000}, unhandledPromptBehavior: dismiss and notify}
Session ID: 3fff5a1a70d86ea1cda911915c960d06
	at org.openqa.selenium.remote.http.W3CHttpResponseCodec.createException(W3CHttpResponseCodec.java:187)
	at org.openqa.selenium.remote.http.W3CHttpResponseCodec.decode(W3CHttpResponseCodec.java:122)
	at org.openqa.selenium.remote.http.W3CHttpResponseCodec.decode(W3CHttpResponseCodec.java:49)
	at org.openqa.selenium.remote.HttpCommandExecutor.execute(HttpCommandExecutor.java:164)
	at org.openqa.selenium.remote.service.DriverCommandExecutor.execute(DriverCommandExecutor.java:83)
	at org.openqa.selenium.remote.RemoteWebDriver.execute(RemoteWebDriver.java:600)
	at com.kms.katalon.selenium.driver.CChromeDriver.execute(CChromeDriver.java:20)
	at org.openqa.selenium.remote.RemoteWebDriver.executeScript(RemoteWebDriver.java:536)
	at com.kms.katalon.core.webui.keyword.builtin.ExecuteJavaScriptKeyword$_executeJavascript_closure1.doCall(ExecuteJavascriptKeyword.groovy:48)
	at com.kms.katalon.core.webui.keyword.builtin.ExecuteJavaScriptKeyword$_executeJavascript_closure1.call(ExecuteJavascriptKeyword.groovy)
	at com.kms.katalon.core.webui.keyword.internal.WebUIKeywordMain.runKeyword(WebUIKeywordMain.groovy:20)
	at com.kms.katalon.core.webui.keyword.builtin.ExecuteJavaScriptKeyword.executeJavascript(ExecuteJavascriptKeyword.groovy:42)
	at com.kms.katalon.core.webui.keyword.builtin.ExecuteJavaScriptKeyword.execute(ExecuteJavascriptKeyword.groovy:37)
	at com.kms.katalon.core.keyword.internal.KeywordExecutor.executeKeywordForPlatform(KeywordExecutor.groovy:56)
	at com.kms.katalon.core.webui.keyword.WebUiBuiltInKeywords.executeJavaScript(WebUiBuiltInKeywords.groovy:3787)
	at com.kms.katalon.core.webui.keyword.WebUiBuiltInKeywords$executeJavaScript$4.call(Unknown Source)
	at Script1556094475695.run(Script1556094475695.groovy:25)
	at com.kms.katalon.core.main.ScriptEngine.run(ScriptEngine.java:194)
	at com.kms.katalon.core.main.ScriptEngine.runScriptAsRawText(ScriptEngine.java:119)
	at com.kms.katalon.core.main.TestCaseExecutor.runScript(TestCaseExecutor.java:342)
	at com.kms.katalon.core.main.TestCaseExecutor.doExecute(TestCaseExecutor.java:333)
	at com.kms.katalon.core.main.TestCaseExecutor.processExecutionPhase(TestCaseExecutor.java:312)
	at com.kms.katalon.core.main.TestCaseExecutor.accessMainPhase(TestCaseExecutor.java:304)
	at com.kms.katalon.core.main.TestCaseExecutor.execute(TestCaseExecutor.java:238)
	at com.kms.katalon.core.main.TestCaseMain.runTestCase(TestCaseMain.java:114)
	at com.kms.katalon.core.keyword.builtin.CallTestCaseKeyword$_callTestCase_closure1.doCall(CallTestCaseKeyword.groovy:59)
	at com.kms.katalon.core.keyword.builtin.CallTestCaseKeyword$_callTestCase_closure1.call(CallTestCaseKeyword.groovy)
	at com.kms.katalon.core.keyword.internal.KeywordMain.runKeyword(KeywordMain.groovy:66)
	at com.kms.katalon.core.keyword.builtin.CallTestCaseKeyword.callTestCase(CallTestCaseKeyword.groovy:81)
	at com.kms.katalon.core.keyword.builtin.CallTestCaseKeyword.execute(CallTestCaseKeyword.groovy:44)
	at com.kms.katalon.core.keyword.internal.KeywordExecutor.executeKeywordForPlatform(KeywordExecutor.groovy:56)
	at com.kms.katalon.core.keyword.BuiltinKeywords.callTestCase(BuiltinKeywords.groovy:334)
	at Script1561619682896.run(Script1561619682896.groovy:34)
	... 13 more
)
	at com.kms.katalon.core.keyword.internal.KeywordMain.stepFailed(KeywordMain.groovy:37)
	at com.kms.katalon.core.keyword.internal.KeywordMain.stepFailed(KeywordMain.groovy)
	at com.kms.katalon.core.keyword.internal.KeywordMain.runKeyword(KeywordMain.groovy:68)
	at com.kms.katalon.core.keyword.builtin.CallTestCaseKeyword.callTestCase(CallTestCaseKeyword.groovy:81)
	at com.kms.katalon.core.keyword.builtin.CallTestCaseKeyword.execute(CallTestCaseKeyword.groovy:44)
	at com.kms.katalon.core.keyword.internal.KeywordExecutor.executeKeywordForPlatform(KeywordExecutor.groovy:56)
	at com.kms.katalon.core.keyword.BuiltinKeywords.callTestCase(BuiltinKeywords.groovy:334)
	at BOPersonal.run(BOPersonal:34)
	at com.kms.katalon.core.main.ScriptEngine.run(ScriptEngine.java:194)
	at com.kms.katalon.core.main.ScriptEngine.runScriptAsRawText(ScriptEngine.java:119)
	at com.kms.katalon.core.main.TestCaseExecutor.runScript(TestCaseExecutor.java:342)
	at com.kms.katalon.core.main.TestCaseExecutor.doExecute(TestCaseExecutor.java:333)
	at com.kms.katalon.core.main.TestCaseExecutor.processExecutionPhase(TestCaseExecutor.java:312)
	at com.kms.katalon.core.main.TestCaseExecutor.accessMainPhase(TestCaseExecutor.java:304)
	at com.kms.katalon.core.main.TestCaseExecutor.execute(TestCaseExecutor.java:238)
	at com.kms.katalon.core.main.TestSuiteExecutor.accessTestCaseMainPhase(TestSuiteExecutor.java:129)
	at com.kms.katalon.core.main.TestSuiteExecutor.accessTestSuiteMainPhase(TestSuiteExecutor.java:112)
	at com.kms.katalon.core.main.TestSuiteExecutor.execute(TestSuiteExecutor.java:81)
	at com.kms.katalon.core.main.TestCaseMain.startTestSuite(TestCaseMain.java:157)
	at com.kms.katalon.core.main.TestCaseMain$startTestSuite$0.call(Unknown Source)
	at TempTestSuite1569845893515.run(TempTestSuite1569845893515.groovy:35)
Caused by: com.kms.katalon.core.exception.StepFailedException: Call Test Case 'Test Cases/NewArrival/productVerify' failed
	at com.kms.katalon.core.keyword.builtin.CallTestCaseKeyword$_callTestCase_closure1.doCall(CallTestCaseKeyword.groovy:63)
	at com.kms.katalon.core.keyword.builtin.CallTestCaseKeyword$_callTestCase_closure1.call(CallTestCaseKeyword.groovy)
	at com.kms.katalon.core.keyword.internal.KeywordMain.runKeyword(KeywordMain.groovy:66)
	... 18 more
Caused by: com.kms.katalon.core.exception.StepFailedException: Unable to execute JavaScript.
	at com.kms.katalon.core.webui.keyword.internal.WebUIKeywordMain.stepFailed(WebUIKeywordMain.groovy:64)
	at com.kms.katalon.core.webui.keyword.internal.WebUIKeywordMain.runKeyword(WebUIKeywordMain.groovy:26)
	at com.kms.katalon.core.webui.keyword.builtin.ExecuteJavaScriptKeyword.executeJavascript(ExecuteJavascriptKeyword.groovy:42)
	at com.kms.katalon.core.webui.keyword.builtin.ExecuteJavaScriptKeyword.execute(ExecuteJavascriptKeyword.groovy:37)
	at com.kms.katalon.core.keyword.internal.KeywordExecutor.executeKeywordForPlatform(KeywordExecutor.groovy:56)
	at com.kms.katalon.core.webui.keyword.WebUiBuiltInKeywords.executeJavaScript(WebUiBuiltInKeywords.groovy:3787)
	at com.kms.katalon.core.webui.keyword.WebUiBuiltInKeywords$executeJavaScript$4.call(Unknown Source)
	at productVerify.run(productVerify:25)
	at com.kms.katalon.core.main.ScriptEngine.run(ScriptEngine.java:194)
	at com.kms.katalon.core.main.ScriptEngine.runScriptAsRawText(ScriptEngine.java:119)
	at com.kms.katalon.core.main.TestCaseExecutor.runScript(TestCaseExecutor.java:342)
	at com.kms.katalon.core.main.TestCaseExecutor.doExecute(TestCaseExecutor.java:333)
	at com.kms.katalon.core.main.TestCaseExecutor.processExecutionPhase(TestCaseExecutor.java:312)
	at com.kms.katalon.core.main.TestCaseExecutor.accessMainPhase(TestCaseExecutor.java:304)
	at com.kms.katalon.core.main.TestCaseExecutor.execute(TestCaseExecutor.java:238)
	at com.kms.katalon.core.main.TestCaseMain.runTestCase(TestCaseMain.java:114)
	at com.kms.katalon.core.keyword.builtin.CallTestCaseKeyword$_callTestCase_closure1.doCall(CallTestCaseKeyword.groovy:59)
	... 20 more
Caused by: org.openqa.selenium.StaleElementReferenceException: stale element reference: element is not attached to the page document
  (Session info: chrome=77.0.3865.90)
For documentation on this error, please visit: http://seleniumhq.org/exceptions/stale_element_reference.html
Build info: version: '3.7.1', revision: '8a0099a', time: '2017-11-06T21:07:36.161Z'
System info: host: 'NIVEDITA', ip: '10.0.102.244', os.name: 'Windows 8.1', os.arch: 'amd64', os.version: '6.3', java.version: '1.8.0_181'
Driver info: com.kms.katalon.selenium.driver.CChromeDriver
Capabilities {acceptInsecureCerts: false, browserName: chrome, browserVersion: 77.0.3865.90, chrome: {chromedriverVersion: 76.0.3809.68 (420c9498db8ce..., userDataDir: C:\Users\user\AppData\Local...}, goog:chromeOptions: {debuggerAddress: localhost:59772}, javascriptEnabled: true, networkConnectionEnabled: false, pageLoadStrategy: normal, platform: XP, platformName: XP, proxy: Proxy(direct), setWindowRect: true, strictFileInteractability: false, timeouts: {implicit: 0, pageLoad: 300000, script: 30000}, unhandledPromptBehavior: dismiss and notify}
Session ID: 3fff5a1a70d86ea1cda911915c960d06
	at org.openqa.selenium.remote.http.W3CHttpResponseCodec.createException(W3CHttpResponseCodec.java:187)
	at org.openqa.selenium.remote.http.W3CHttpResponseCodec.decode(W3CHttpResponseCodec.java:122)
	at org.openqa.selenium.remote.http.W3CHttpResponseCodec.decode(W3CHttpResponseCodec.java:49)
	at org.openqa.selenium.remote.HttpCommandExecutor.execute(HttpCommandExecutor.java:164)
	at org.openqa.selenium.remote.service.DriverCommandExecutor.execute(DriverCommandExecutor.java:83)
	at org.openqa.selenium.remote.RemoteWebDriver.execute(RemoteWebDriver.java:600)
	at com.kms.katalon.selenium.driver.CChromeDriver.execute(CChromeDriver.java:20)
	at org.openqa.selenium.remote.RemoteWebDriver.executeScript(RemoteWebDriver.java:536)
	at com.kms.katalon.core.webui.keyword.builtin.ExecuteJavaScriptKeyword$_executeJavascript_closure1.doCall(ExecuteJavascriptKeyword.groovy:48)
	at com.kms.katalon.core.webui.keyword.builtin.ExecuteJavaScriptKeyword$_executeJavascript_closure1.call(ExecuteJavascriptKeyword.groovy)
	at com.kms.katalon.core.webui.keyword.internal.WebUIKeywordMain.runKeyword(WebUIKeywordMain.groovy:20)
	at com.kms.katalon.core.webui.keyword.builtin.ExecuteJavaScriptKeyword.executeJavascript(ExecuteJavascriptKeyword.groovy:42)
	at com.kms.katalon.core.webui.keyword.builtin.ExecuteJavaScriptKeyword.execute(ExecuteJavascriptKeyword.groovy:37)
	at com.kms.katalon.core.keyword.internal.KeywordExecutor.executeKeywordForPlatform(KeywordExecutor.groovy:56)
	at com.kms.katalon.core.webui.keyword.WebUiBuiltInKeywords.executeJavaScript(WebUiBuiltInKeywords.groovy:3787)
	at com.kms.katalon.core.webui.keyword.WebUiBuiltInKeywords$executeJavaScript$4.call(Unknown Source)
	at Script1556094475695.run(Script1556094475695.groovy:25)
	at com.kms.katalon.core.main.ScriptEngine.run(ScriptEngine.java:194)
	at com.kms.katalon.core.main.ScriptEngine.runScriptAsRawText(ScriptEngine.java:119)
	at com.kms.katalon.core.main.TestCaseExecutor.runScript(TestCaseExecutor.java:342)
	at com.kms.katalon.core.main.TestCaseExecutor.doExecute(TestCaseExecutor.java:333)
	at com.kms.katalon.core.main.TestCaseExecutor.processExecutionPhase(TestCaseExecutor.java:312)
	at com.kms.katalon.core.main.TestCaseExecutor.accessMainPhase(TestCaseExecutor.java:304)
	at com.kms.katalon.core.main.TestCaseExecutor.execute(TestCaseExecutor.java:238)
	at com.kms.katalon.core.main.TestCaseMain.runTestCase(TestCaseMain.java:114)
	at com.kms.katalon.core.keyword.builtin.CallTestCaseKeyword$_callTestCase_closure1.doCall(CallTestCaseKeyword.groovy:59)
	at com.kms.katalon.core.keyword.builtin.CallTestCaseKeyword$_callTestCase_closure1.call(CallTestCaseKeyword.groovy)
	at com.kms.katalon.core.keyword.internal.KeywordMain.runKeyword(KeywordMain.groovy:66)
	at com.kms.katalon.core.keyword.builtin.CallTestCaseKeyword.callTestCase(CallTestCaseKeyword.groovy:81)
	at com.kms.katalon.core.keyword.builtin.CallTestCaseKeyword.execute(CallTestCaseKeyword.groovy:44)
	at com.kms.katalon.core.keyword.internal.KeywordExecutor.executeKeywordForPlatform(KeywordExecutor.groovy:56)
	at com.kms.katalon.core.keyword.BuiltinKeywords.callTestCase(BuiltinKeywords.groovy:334)
	at Script1561619682896.run(Script1561619682896.groovy:34)
	... 13 more]]></system-out>
      <system-err><![CDATA[2019-09-30 17:48:16 - [TEST_SUITE][FAILED] - NewArrivalsSuite: Test Cases/NewArrival/BOPersonal FAILED.
Reason:
com.kms.katalon.core.exception.StepFailedException: Unable to call Test Case 'Test Cases/NewArrival/productVerify' (Root cause: com.kms.katalon.core.exception.StepFailedException: Call Test Case 'Test Cases/NewArrival/productVerify' failed
	at com.kms.katalon.core.keyword.builtin.CallTestCaseKeyword$_callTestCase_closure1.doCall(CallTestCaseKeyword.groovy:63)
	at com.kms.katalon.core.keyword.builtin.CallTestCaseKeyword$_callTestCase_closure1.call(CallTestCaseKeyword.groovy)
	at com.kms.katalon.core.keyword.internal.KeywordMain.runKeyword(KeywordMain.groovy:66)
	at com.kms.katalon.core.keyword.builtin.CallTestCaseKeyword.callTestCase(CallTestCaseKeyword.groovy:81)
	at com.kms.katalon.core.keyword.builtin.CallTestCaseKeyword.execute(CallTestCaseKeyword.groovy:44)
	at com.kms.katalon.core.keyword.internal.KeywordExecutor.executeKeywordForPlatform(KeywordExecutor.groovy:56)
	at com.kms.katalon.core.keyword.BuiltinKeywords.callTestCase(BuiltinKeywords.groovy:334)
	at BOPersonal.run(BOPersonal:34)
	at com.kms.katalon.core.main.ScriptEngine.run(ScriptEngine.java:194)
	at com.kms.katalon.core.main.ScriptEngine.runScriptAsRawText(ScriptEngine.java:119)
	at com.kms.katalon.core.main.TestCaseExecutor.runScript(TestCaseExecutor.java:342)
	at com.kms.katalon.core.main.TestCaseExecutor.doExecute(TestCaseExecutor.java:333)
	at com.kms.katalon.core.main.TestCaseExecutor.processExecutionPhase(TestCaseExecutor.java:312)
	at com.kms.katalon.core.main.TestCaseExecutor.accessMainPhase(TestCaseExecutor.java:304)
	at com.kms.katalon.core.main.TestCaseExecutor.execute(TestCaseExecutor.java:238)
	at com.kms.katalon.core.main.TestSuiteExecutor.accessTestCaseMainPhase(TestSuiteExecutor.java:129)
	at com.kms.katalon.core.main.TestSuiteExecutor.accessTestSuiteMainPhase(TestSuiteExecutor.java:112)
	at com.kms.katalon.core.main.TestSuiteExecutor.execute(TestSuiteExecutor.java:81)
	at com.kms.katalon.core.main.TestCaseMain.startTestSuite(TestCaseMain.java:157)
	at com.kms.katalon.core.main.TestCaseMain$startTestSuite$0.call(Unknown Source)
	at TempTestSuite1569845893515.run(TempTestSuite1569845893515.groovy:35)
Caused by: com.kms.katalon.core.exception.StepFailedException: Unable to execute JavaScript.
	at com.kms.katalon.core.webui.keyword.internal.WebUIKeywordMain.stepFailed(WebUIKeywordMain.groovy:64)
	at com.kms.katalon.core.webui.keyword.internal.WebUIKeywordMain.runKeyword(WebUIKeywordMain.groovy:26)
	at com.kms.katalon.core.webui.keyword.builtin.ExecuteJavaScriptKeyword.executeJavascript(ExecuteJavascriptKeyword.groovy:42)
	at com.kms.katalon.core.webui.keyword.builtin.ExecuteJavaScriptKeyword.execute(ExecuteJavascriptKeyword.groovy:37)
	at com.kms.katalon.core.keyword.internal.KeywordExecutor.executeKeywordForPlatform(KeywordExecutor.groovy:56)
	at com.kms.katalon.core.webui.keyword.WebUiBuiltInKeywords.executeJavaScript(WebUiBuiltInKeywords.groovy:3787)
	at com.kms.katalon.core.webui.keyword.WebUiBuiltInKeywords$executeJavaScript$4.call(Unknown Source)
	at productVerify.run(productVerify:25)
	at com.kms.katalon.core.main.ScriptEngine.run(ScriptEngine.java:194)
	at com.kms.katalon.core.main.ScriptEngine.runScriptAsRawText(ScriptEngine.java:119)
	at com.kms.katalon.core.main.TestCaseExecutor.runScript(TestCaseExecutor.java:342)
	at com.kms.katalon.core.main.TestCaseExecutor.doExecute(TestCaseExecutor.java:333)
	at com.kms.katalon.core.main.TestCaseExecutor.processExecutionPhase(TestCaseExecutor.java:312)
	at com.kms.katalon.core.main.TestCaseExecutor.accessMainPhase(TestCaseExecutor.java:304)
	at com.kms.katalon.core.main.TestCaseExecutor.execute(TestCaseExecutor.java:238)
	at com.kms.katalon.core.main.TestCaseMain.runTestCase(TestCaseMain.java:114)
	at com.kms.katalon.core.keyword.builtin.CallTestCaseKeyword$_callTestCase_closure1.doCall(CallTestCaseKeyword.groovy:59)
	... 20 more
Caused by: org.openqa.selenium.StaleElementReferenceException: stale element reference: element is not attached to the page document
  (Session info: chrome=77.0.3865.90)
For documentation on this error, please visit: http://seleniumhq.org/exceptions/stale_element_reference.html
Build info: version: '3.7.1', revision: '8a0099a', time: '2017-11-06T21:07:36.161Z'
System info: host: 'NIVEDITA', ip: '10.0.102.244', os.name: 'Windows 8.1', os.arch: 'amd64', os.version: '6.3', java.version: '1.8.0_181'
Driver info: com.kms.katalon.selenium.driver.CChromeDriver
Capabilities {acceptInsecureCerts: false, browserName: chrome, browserVersion: 77.0.3865.90, chrome: {chromedriverVersion: 76.0.3809.68 (420c9498db8ce..., userDataDir: C:\Users\user\AppData\Local...}, goog:chromeOptions: {debuggerAddress: localhost:59772}, javascriptEnabled: true, networkConnectionEnabled: false, pageLoadStrategy: normal, platform: XP, platformName: XP, proxy: Proxy(direct), setWindowRect: true, strictFileInteractability: false, timeouts: {implicit: 0, pageLoad: 300000, script: 30000}, unhandledPromptBehavior: dismiss and notify}
Session ID: 3fff5a1a70d86ea1cda911915c960d06
	at org.openqa.selenium.remote.http.W3CHttpResponseCodec.createException(W3CHttpResponseCodec.java:187)
	at org.openqa.selenium.remote.http.W3CHttpResponseCodec.decode(W3CHttpResponseCodec.java:122)
	at org.openqa.selenium.remote.http.W3CHttpResponseCodec.decode(W3CHttpResponseCodec.java:49)
	at org.openqa.selenium.remote.HttpCommandExecutor.execute(HttpCommandExecutor.java:164)
	at org.openqa.selenium.remote.service.DriverCommandExecutor.execute(DriverCommandExecutor.java:83)
	at org.openqa.selenium.remote.RemoteWebDriver.execute(RemoteWebDriver.java:600)
	at com.kms.katalon.selenium.driver.CChromeDriver.execute(CChromeDriver.java:20)
	at org.openqa.selenium.remote.RemoteWebDriver.executeScript(RemoteWebDriver.java:536)
	at com.kms.katalon.core.webui.keyword.builtin.ExecuteJavaScriptKeyword$_executeJavascript_closure1.doCall(ExecuteJavascriptKeyword.groovy:48)
	at com.kms.katalon.core.webui.keyword.builtin.ExecuteJavaScriptKeyword$_executeJavascript_closure1.call(ExecuteJavascriptKeyword.groovy)
	at com.kms.katalon.core.webui.keyword.internal.WebUIKeywordMain.runKeyword(WebUIKeywordMain.groovy:20)
	at com.kms.katalon.core.webui.keyword.builtin.ExecuteJavaScriptKeyword.executeJavascript(ExecuteJavascriptKeyword.groovy:42)
	at com.kms.katalon.core.webui.keyword.builtin.ExecuteJavaScriptKeyword.execute(ExecuteJavascriptKeyword.groovy:37)
	at com.kms.katalon.core.keyword.internal.KeywordExecutor.executeKeywordForPlatform(KeywordExecutor.groovy:56)
	at com.kms.katalon.core.webui.keyword.WebUiBuiltInKeywords.executeJavaScript(WebUiBuiltInKeywords.groovy:3787)
	at com.kms.katalon.core.webui.keyword.WebUiBuiltInKeywords$executeJavaScript$4.call(Unknown Source)
	at Script1556094475695.run(Script1556094475695.groovy:25)
	at com.kms.katalon.core.main.ScriptEngine.run(ScriptEngine.java:194)
	at com.kms.katalon.core.main.ScriptEngine.runScriptAsRawText(ScriptEngine.java:119)
	at com.kms.katalon.core.main.TestCaseExecutor.runScript(TestCaseExecutor.java:342)
	at com.kms.katalon.core.main.TestCaseExecutor.doExecute(TestCaseExecutor.java:333)
	at com.kms.katalon.core.main.TestCaseExecutor.processExecutionPhase(TestCaseExecutor.java:312)
	at com.kms.katalon.core.main.TestCaseExecutor.accessMainPhase(TestCaseExecutor.java:304)
	at com.kms.katalon.core.main.TestCaseExecutor.execute(TestCaseExecutor.java:238)
	at com.kms.katalon.core.main.TestCaseMain.runTestCase(TestCaseMain.java:114)
	at com.kms.katalon.core.keyword.builtin.CallTestCaseKeyword$_callTestCase_closure1.doCall(CallTestCaseKeyword.groovy:59)
	at com.kms.katalon.core.keyword.builtin.CallTestCaseKeyword$_callTestCase_closure1.call(CallTestCaseKeyword.groovy)
	at com.kms.katalon.core.keyword.internal.KeywordMain.runKeyword(KeywordMain.groovy:66)
	at com.kms.katalon.core.keyword.builtin.CallTestCaseKeyword.callTestCase(CallTestCaseKeyword.groovy:81)
	at com.kms.katalon.core.keyword.builtin.CallTestCaseKeyword.execute(CallTestCaseKeyword.groovy:44)
	at com.kms.katalon.core.keyword.internal.KeywordExecutor.executeKeywordForPlatform(KeywordExecutor.groovy:56)
	at com.kms.katalon.core.keyword.BuiltinKeywords.callTestCase(BuiltinKeywords.groovy:334)
	at Script1561619682896.run(Script1561619682896.groovy:34)
	... 13 more
)
	at com.kms.katalon.core.keyword.internal.KeywordMain.stepFailed(KeywordMain.groovy:37)
	at com.kms.katalon.core.keyword.internal.KeywordMain.stepFailed(KeywordMain.groovy)
	at com.kms.katalon.core.keyword.internal.KeywordMain.runKeyword(KeywordMain.groovy:68)
	at com.kms.katalon.core.keyword.builtin.CallTestCaseKeyword.callTestCase(CallTestCaseKeyword.groovy:81)
	at com.kms.katalon.core.keyword.builtin.CallTestCaseKeyword.execute(CallTestCaseKeyword.groovy:44)
	at com.kms.katalon.core.keyword.internal.KeywordExecutor.executeKeywordForPlatform(KeywordExecutor.groovy:56)
	at com.kms.katalon.core.keyword.BuiltinKeywords.callTestCase(BuiltinKeywords.groovy:334)
	at BOPersonal.run(BOPersonal:34)
	at com.kms.katalon.core.main.ScriptEngine.run(ScriptEngine.java:194)
	at com.kms.katalon.core.main.ScriptEngine.runScriptAsRawText(ScriptEngine.java:119)
	at com.kms.katalon.core.main.TestCaseExecutor.runScript(TestCaseExecutor.java:342)
	at com.kms.katalon.core.main.TestCaseExecutor.doExecute(TestCaseExecutor.java:333)
	at com.kms.katalon.core.main.TestCaseExecutor.processExecutionPhase(TestCaseExecutor.java:312)
	at com.kms.katalon.core.main.TestCaseExecutor.accessMainPhase(TestCaseExecutor.java:304)
	at com.kms.katalon.core.main.TestCaseExecutor.execute(TestCaseExecutor.java:238)
	at com.kms.katalon.core.main.TestSuiteExecutor.accessTestCaseMainPhase(TestSuiteExecutor.java:129)
	at com.kms.katalon.core.main.TestSuiteExecutor.accessTestSuiteMainPhase(TestSuiteExecutor.java:112)
	at com.kms.katalon.core.main.TestSuiteExecutor.execute(TestSuiteExecutor.java:81)
	at com.kms.katalon.core.main.TestCaseMain.startTestSuite(TestCaseMain.java:157)
	at com.kms.katalon.core.main.TestCaseMain$startTestSuite$0.call(Unknown Source)
	at TempTestSuite1569845893515.run(TempTestSuite1569845893515.groovy:35)
Caused by: com.kms.katalon.core.exception.StepFailedException: Call Test Case 'Test Cases/NewArrival/productVerify' failed
	at com.kms.katalon.core.keyword.builtin.CallTestCaseKeyword$_callTestCase_closure1.doCall(CallTestCaseKeyword.groovy:63)
	at com.kms.katalon.core.keyword.builtin.CallTestCaseKeyword$_callTestCase_closure1.call(CallTestCaseKeyword.groovy)
	at com.kms.katalon.core.keyword.internal.KeywordMain.runKeyword(KeywordMain.groovy:66)
	... 18 more
Caused by: com.kms.katalon.core.exception.StepFailedException: Unable to execute JavaScript.
	at com.kms.katalon.core.webui.keyword.internal.WebUIKeywordMain.stepFailed(WebUIKeywordMain.groovy:64)
	at com.kms.katalon.core.webui.keyword.internal.WebUIKeywordMain.runKeyword(WebUIKeywordMain.groovy:26)
	at com.kms.katalon.core.webui.keyword.builtin.ExecuteJavaScriptKeyword.executeJavascript(ExecuteJavascriptKeyword.groovy:42)
	at com.kms.katalon.core.webui.keyword.builtin.ExecuteJavaScriptKeyword.execute(ExecuteJavascriptKeyword.groovy:37)
	at com.kms.katalon.core.keyword.internal.KeywordExecutor.executeKeywordForPlatform(KeywordExecutor.groovy:56)
	at com.kms.katalon.core.webui.keyword.WebUiBuiltInKeywords.executeJavaScript(WebUiBuiltInKeywords.groovy:3787)
	at com.kms.katalon.core.webui.keyword.WebUiBuiltInKeywords$executeJavaScript$4.call(Unknown Source)
	at productVerify.run(productVerify:25)
	at com.kms.katalon.core.main.ScriptEngine.run(ScriptEngine.java:194)
	at com.kms.katalon.core.main.ScriptEngine.runScriptAsRawText(ScriptEngine.java:119)
	at com.kms.katalon.core.main.TestCaseExecutor.runScript(TestCaseExecutor.java:342)
	at com.kms.katalon.core.main.TestCaseExecutor.doExecute(TestCaseExecutor.java:333)
	at com.kms.katalon.core.main.TestCaseExecutor.processExecutionPhase(TestCaseExecutor.java:312)
	at com.kms.katalon.core.main.TestCaseExecutor.accessMainPhase(TestCaseExecutor.java:304)
	at com.kms.katalon.core.main.TestCaseExecutor.execute(TestCaseExecutor.java:238)
	at com.kms.katalon.core.main.TestCaseMain.runTestCase(TestCaseMain.java:114)
	at com.kms.katalon.core.keyword.builtin.CallTestCaseKeyword$_callTestCase_closure1.doCall(CallTestCaseKeyword.groovy:59)
	... 20 more
Caused by: org.openqa.selenium.StaleElementReferenceException: stale element reference: element is not attached to the page document
  (Session info: chrome=77.0.3865.90)
For documentation on this error, please visit: http://seleniumhq.org/exceptions/stale_element_reference.html
Build info: version: '3.7.1', revision: '8a0099a', time: '2017-11-06T21:07:36.161Z'
System info: host: 'NIVEDITA', ip: '10.0.102.244', os.name: 'Windows 8.1', os.arch: 'amd64', os.version: '6.3', java.version: '1.8.0_181'
Driver info: com.kms.katalon.selenium.driver.CChromeDriver
Capabilities {acceptInsecureCerts: false, browserName: chrome, browserVersion: 77.0.3865.90, chrome: {chromedriverVersion: 76.0.3809.68 (420c9498db8ce..., userDataDir: C:\Users\user\AppData\Local...}, goog:chromeOptions: {debuggerAddress: localhost:59772}, javascriptEnabled: true, networkConnectionEnabled: false, pageLoadStrategy: normal, platform: XP, platformName: XP, proxy: Proxy(direct), setWindowRect: true, strictFileInteractability: false, timeouts: {implicit: 0, pageLoad: 300000, script: 30000}, unhandledPromptBehavior: dismiss and notify}
Session ID: 3fff5a1a70d86ea1cda911915c960d06
	at org.openqa.selenium.remote.http.W3CHttpResponseCodec.createException(W3CHttpResponseCodec.java:187)
	at org.openqa.selenium.remote.http.W3CHttpResponseCodec.decode(W3CHttpResponseCodec.java:122)
	at org.openqa.selenium.remote.http.W3CHttpResponseCodec.decode(W3CHttpResponseCodec.java:49)
	at org.openqa.selenium.remote.HttpCommandExecutor.execute(HttpCommandExecutor.java:164)
	at org.openqa.selenium.remote.service.DriverCommandExecutor.execute(DriverCommandExecutor.java:83)
	at org.openqa.selenium.remote.RemoteWebDriver.execute(RemoteWebDriver.java:600)
	at com.kms.katalon.selenium.driver.CChromeDriver.execute(CChromeDriver.java:20)
	at org.openqa.selenium.remote.RemoteWebDriver.executeScript(RemoteWebDriver.java:536)
	at com.kms.katalon.core.webui.keyword.builtin.ExecuteJavaScriptKeyword$_executeJavascript_closure1.doCall(ExecuteJavascriptKeyword.groovy:48)
	at com.kms.katalon.core.webui.keyword.builtin.ExecuteJavaScriptKeyword$_executeJavascript_closure1.call(ExecuteJavascriptKeyword.groovy)
	at com.kms.katalon.core.webui.keyword.internal.WebUIKeywordMain.runKeyword(WebUIKeywordMain.groovy:20)
	at com.kms.katalon.core.webui.keyword.builtin.ExecuteJavaScriptKeyword.executeJavascript(ExecuteJavascriptKeyword.groovy:42)
	at com.kms.katalon.core.webui.keyword.builtin.ExecuteJavaScriptKeyword.execute(ExecuteJavascriptKeyword.groovy:37)
	at com.kms.katalon.core.keyword.internal.KeywordExecutor.executeKeywordForPlatform(KeywordExecutor.groovy:56)
	at com.kms.katalon.core.webui.keyword.WebUiBuiltInKeywords.executeJavaScript(WebUiBuiltInKeywords.groovy:3787)
	at com.kms.katalon.core.webui.keyword.WebUiBuiltInKeywords$executeJavaScript$4.call(Unknown Source)
	at Script1556094475695.run(Script1556094475695.groovy:25)
	at com.kms.katalon.core.main.ScriptEngine.run(ScriptEngine.java:194)
	at com.kms.katalon.core.main.ScriptEngine.runScriptAsRawText(ScriptEngine.java:119)
	at com.kms.katalon.core.main.TestCaseExecutor.runScript(TestCaseExecutor.java:342)
	at com.kms.katalon.core.main.TestCaseExecutor.doExecute(TestCaseExecutor.java:333)
	at com.kms.katalon.core.main.TestCaseExecutor.processExecutionPhase(TestCaseExecutor.java:312)
	at com.kms.katalon.core.main.TestCaseExecutor.accessMainPhase(TestCaseExecutor.java:304)
	at com.kms.katalon.core.main.TestCaseExecutor.execute(TestCaseExecutor.java:238)
	at com.kms.katalon.core.main.TestCaseMain.runTestCase(TestCaseMain.java:114)
	at com.kms.katalon.core.keyword.builtin.CallTestCaseKeyword$_callTestCase_closure1.doCall(CallTestCaseKeyword.groovy:59)
	at com.kms.katalon.core.keyword.builtin.CallTestCaseKeyword$_callTestCase_closure1.call(CallTestCaseKeyword.groovy)
	at com.kms.katalon.core.keyword.internal.KeywordMain.runKeyword(KeywordMain.groovy:66)
	at com.kms.katalon.core.keyword.builtin.CallTestCaseKeyword.callTestCase(CallTestCaseKeyword.groovy:81)
	at com.kms.katalon.core.keyword.builtin.CallTestCaseKeyword.execute(CallTestCaseKeyword.groovy:44)
	at com.kms.katalon.core.keyword.internal.KeywordExecutor.executeKeywordForPlatform(KeywordExecutor.groovy:56)
	at com.kms.katalon.core.keyword.BuiltinKeywords.callTestCase(BuiltinKeywords.groovy:334)
	at Script1561619682896.run(Script1561619682896.groovy:34)
	... 13 more]]></system-err>
   </testsuite>
</testsuites>
