<?xml version="1.0" encoding="UTF-8"?>
<testsuites name="EditOrderSuite" time="496" tests="2" failures="0" errors="0">
   <testsuite name="EditOrderSuite" tests="2" failures="0" errors="0" time="496" timestamp="2019-11-15 16:14:33" hostname="user - 172.16.231.77" id="Test Suites/EditOrderSuites/EditOrderSuite">
      <properties>
         <property name="deviceName" value=""/>
         <property name="devicePlatform" value=""/>
         <property name="logFolder" value="C:\\Users\\user\\Documents\\testautomation\\KatalonProjects\\Reports\\EditOrderSuites\\EditOrderSuite\\20191115_161429"/>
         <property name="logFiles" value="C:\\Users\\user\\Documents\\testautomation\\KatalonProjects\\Reports\\EditOrderSuites\\EditOrderSuite\\20191115_161429\\execution0.log"/>
         <property name="attachments" value=""/>
         <property name="hostName" value="user - 172.16.231.77"/>
         <property name="os" value="Windows 8.1 64bit"/>
         <property name="katalonVersion" value="6.1.1.1"/>
         <property name="browser" value="Chrome 78.0.3904.97"/>
         <property name="hostAddress" value="172.16.231.77"/>
         <property name="sessionId" value="87ad0abfea2404c1498ba10b769978be"/>
         <property name="seleniumVersion" value="3.7.1"/>
         <property name="proxyInformation" value="ProxyInformation{proxyOption=NO_PROXY, proxyServerType=HTTP, password=, proxyServerAddress=, proxyServerPort=0}"/>
         <property name="platform" value="Windows 8.1"/>
      </properties>
      <testcase name="Test Cases/EditOrder-V/rsEditOrderGiftCard" classname="Test Cases/EditOrder-V/rsEditOrderGiftCard" status="PASSED">
         <system-out><![CDATA[2019-11-15 16:14:33 - [TEST_CASE][PASSED] - Test Cases/EditOrder-V/rsEditOrderGiftCard: Test Cases/EditOrder-V/rsEditOrderGiftCard

2019-11-15 16:14:33 - [TEST_STEP][PASSED] - Start listener action : sampleBeforeTestCase: null

2019-11-15 16:14:33 - [TEST_STEP][PASSED] - println(testCaseContext.getTestCaseId()): null

2019-11-15 16:14:33 - [TEST_STEP][PASSED] - println(testCaseContext.getTestCaseVariables()): null

2019-11-15 16:14:34 - [TEST_STEP][PASSED] - callTestCase(findTestCase("EditOrder/retailOrderBO"), ["editScenarioNumber":3], STOP_ON_FAILURE): Call Test Case 'Test Cases/EditOrder/retailOrderBO' successfully

2019-11-15 16:14:34 - [TEST_CASE][PASSED] - Test Cases/EditOrder/retailOrderBO: Test Cases/EditOrder/retailOrderBO

2019-11-15 16:14:35 - [TEST_STEP][PASSED] - openBrowser(""): Browser is opened with url: ''

2019-11-15 16:14:35 - [MESSAGE][INFO] - Starting 'Chrome' driver

2019-11-15 16:14:35 - [MESSAGE][INFO] - User set preference: ['args', '[--use-fake-ui-for-media-stream, --start-maximized]']

2019-11-15 16:14:35 - [MESSAGE][INFO] - Action delay is set to 0 seconds

2019-11-15 16:14:38 - [MESSAGE][PASSED] - Browser is opened with url: ''

2019-11-15 16:14:38 - [TEST_STEP][PASSED] - callTestCase(findTestCase("TestCaseUtilities/backOfficeLogin"), ["BOURL":"", "BOuser":"", "BOpass":""], STOP_ON_FAILURE): Call Test Case 'Test Cases/TestCaseUtilities/backOfficeLogin' successfully

2019-11-15 16:14:38 - [TEST_CASE][PASSED] - Test Cases/TestCaseUtilities/backOfficeLogin: Test Cases/TestCaseUtilities/backOfficeLogin

2019-11-15 16:14:38 - [TEST_STEP][PASSED] - BOURL = findTestData("envtData").getValue("BOURL", 1): null

2019-11-15 16:14:39 - [TEST_STEP][PASSED] - BOuser = findTestData("credData").getValue("BOuser", 1): null

2019-11-15 16:14:39 - [TEST_STEP][PASSED] - BOpass = findTestData("credData").getValue("BOpass", 1): null

2019-11-15 16:14:39 - [TEST_STEP][PASSED] - openBrowser(""): Browser is opened with url: ''

2019-11-15 16:14:39 - [MESSAGE][WARNING] - A browser is already opened. Closing browser and opening a new one

2019-11-15 16:14:40 - [MESSAGE][INFO] - Starting 'Chrome' driver

2019-11-15 16:14:40 - [MESSAGE][INFO] - User set preference: ['args', '[--use-fake-ui-for-media-stream, --start-maximized]']

2019-11-15 16:14:42 - [MESSAGE][PASSED] - Browser is opened with url: ''

2019-11-15 16:14:42 - [TEST_STEP][PASSED] - navigateToUrl(BOURL): Navigate to 'https://test18.cliotest.com/backoffice/control/main' successfully

2019-11-15 16:14:54 - [MESSAGE][PASSED] - Navigate to 'https://test18.cliotest.com/backoffice/control/main' successfully

2019-11-15 16:14:54 - [TEST_STEP][PASSED] - logOut = findWebElements(findTestObject("Object Repository/Page_cabi Home/log_out"), 1): Unable to find the element located by 'By.xpath: //a[contains(text(),'Log Out')]'. Please recheck the objects properties to make sure the desired element is located. 

2019-11-15 16:14:55 - [MESSAGE][INFO] - Unable to find the element located by 'By.xpath: //a[contains(text(),'Log Out')]'. Please recheck the objects properties to make sure the desired element is located. 

2019-11-15 16:14:55 - [TEST_STEP][PASSED] - if (logOut.size() == 0): Object: 'Object Repository/Page_cabi/input_Welcome to_consultantLogin' is clicked on

2019-11-15 16:14:55 - [TEST_STEP][PASSED] - setText(findTestObject("Page_cabi/input_Welcome to_USERNAME"), BOuser): Text '400000002' is set on object 'Object Repository/Page_cabi/input_Welcome to_USERNAME'

2019-11-15 16:14:55 - [MESSAGE][PASSED] - Text '400000002' is set on object 'Object Repository/Page_cabi/input_Welcome to_USERNAME'

2019-11-15 16:14:55 - [TEST_STEP][PASSED] - setText(findTestObject("Object Repository/Page_cabi/input_Welcome to_PASSWORD"), BOpass): Text 'blackdress19' is set on object 'Object Repository/Page_cabi/input_Welcome to_PASSWORD'

2019-11-15 16:14:55 - [MESSAGE][PASSED] - Text 'blackdress19' is set on object 'Object Repository/Page_cabi/input_Welcome to_PASSWORD'

2019-11-15 16:14:55 - [TEST_STEP][PASSED] - click(findTestObject("Object Repository/Page_cabi/input_Welcome to_consultantLogin")): Object: 'Object Repository/Page_cabi/input_Welcome to_consultantLogin' is clicked on

2019-11-15 16:15:07 - [MESSAGE][PASSED] - Object: 'Object Repository/Page_cabi/input_Welcome to_consultantLogin' is clicked on

2019-11-15 16:15:07 - [TEST_STEP][PASSED] - delay(3): Delayed 3 second(s)

2019-11-15 16:15:10 - [MESSAGE][PASSED] - Delayed 3 second(s)

2019-11-15 16:15:10 - [MESSAGE][PASSED] - Call Test Case 'Test Cases/TestCaseUtilities/backOfficeLogin' successfully

2019-11-15 16:15:10 - [TEST_STEP][PASSED] - click(findTestObject("Object Repository/Page_cabi Home/a_Shows  Orders")): Object: 'Object Repository/Page_cabi Home/a_Shows  Orders' is clicked on

2019-11-15 16:15:10 - [MESSAGE][PASSED] - Object: 'Object Repository/Page_cabi Home/a_Shows  Orders' is clicked on

2019-11-15 16:15:10 - [TEST_STEP][PASSED] - delay(1): Delayed 1 second(s)

2019-11-15 16:15:11 - [MESSAGE][PASSED] - Delayed 1 second(s)

2019-11-15 16:15:11 - [TEST_STEP][PASSED] - click(findTestObject("Page_cabi Home/a_Shows  Orders")): Object: 'Object Repository/Page_cabi Home/a_Shows  Orders' is clicked on

2019-11-15 16:15:11 - [MESSAGE][PASSED] - Object: 'Object Repository/Page_cabi Home/a_Shows  Orders' is clicked on

2019-11-15 16:15:11 - [TEST_STEP][PASSED] - click(findTestObject("Page_cabi Home/a_retail_purchases")): Object: 'Object Repository/Page_cabi Home/a_retail_purchases' is clicked on

2019-11-15 16:15:15 - [MESSAGE][PASSED] - Object: 'Object Repository/Page_cabi Home/a_retail_purchases' is clicked on

2019-11-15 16:15:15 - [TEST_STEP][PASSED] - delay(3): Delayed 3 second(s)

2019-11-15 16:15:18 - [MESSAGE][PASSED] - Delayed 3 second(s)

2019-11-15 16:15:18 - [TEST_STEP][PASSED] - click(findTestObject("Object Repository/Page_cabi Home/existingCustomer")): Object: 'Object Repository/Page_cabi Home/existingCustomer' is clicked on

2019-11-15 16:15:18 - [MESSAGE][PASSED] - Object: 'Object Repository/Page_cabi Home/existingCustomer' is clicked on

2019-11-15 16:15:18 - [TEST_STEP][PASSED] - contactNumber = 3: null

2019-11-15 16:15:18 - [TEST_STEP][PASSED] - firstName = findTestData("contactData").getValue("firstName", contactNumber): null

2019-11-15 16:15:18 - [TEST_STEP][PASSED] - lastName = findTestData("contactData").getValue("lastName", contactNumber): null

2019-11-15 16:15:18 - [TEST_STEP][PASSED] - email = findTestData("contactData").getValue("email", contactNumber): null

2019-11-15 16:15:18 - [TEST_STEP][PASSED] - address1 = findTestData("contactData").getValue("address1", contactNumber): null

2019-11-15 16:15:18 - [TEST_STEP][PASSED] - city = findTestData("contactData").getValue("city", contactNumber): null

2019-11-15 16:15:18 - [TEST_STEP][PASSED] - state = findTestData("contactData").getValue("state", contactNumber): null

2019-11-15 16:15:18 - [TEST_STEP][PASSED] - zip = findTestData("contactData").getValue("zip", contactNumber): null

2019-11-15 16:15:18 - [TEST_STEP][PASSED] - existingCustFName = firstName: null

2019-11-15 16:15:18 - [TEST_STEP][PASSED] - existingCustLName = lastName: null

2019-11-15 16:15:18 - [TEST_STEP][PASSED] - space = " ": null

2019-11-15 16:15:18 - [TEST_STEP][PASSED] - existingCust = $existingCustFName$space$existingCustLName: null

2019-11-15 16:15:18 - [TEST_STEP][PASSED] - setText(findTestObject("Object Repository/Page_cabi Home/input_existing_guest"), existingCust): Text 'guest1-test abc' is set on object 'Object Repository/Page_cabi Home/input_existing_guest'

2019-11-15 16:15:19 - [MESSAGE][PASSED] - Text 'guest1-test abc' is set on object 'Object Repository/Page_cabi Home/input_existing_guest'

2019-11-15 16:15:19 - [TEST_STEP][PASSED] - delay(2): Delayed 2 second(s)

2019-11-15 16:15:21 - [MESSAGE][PASSED] - Delayed 2 second(s)

2019-11-15 16:15:21 - [TEST_STEP][PASSED] - sendKeys(findTestObject("Object Repository/Page_cabi Home/input_existing_guest"), Keys.chord(ARROW_DOWN)): Keys 'DOWN + ' sent to object: 'Object Repository/Page_cabi Home/input_existing_guest'

2019-11-15 16:15:21 - [MESSAGE][PASSED] - Keys 'DOWN + ' sent to object: 'Object Repository/Page_cabi Home/input_existing_guest'

2019-11-15 16:15:21 - [TEST_STEP][PASSED] - sendKeys(findTestObject("Object Repository/Page_cabi Home/input_existing_guest"), Keys.chord(ENTER)): Keys 'ENTER + ' sent to object: 'Object Repository/Page_cabi Home/input_existing_guest'

2019-11-15 16:15:22 - [MESSAGE][PASSED] - Keys 'ENTER + ' sent to object: 'Object Repository/Page_cabi Home/input_existing_guest'

2019-11-15 16:15:22 - [TEST_STEP][PASSED] - setText(findTestObject("Object Repository/Page_cabi Retail Store/input_email"), email): Text 'guest1-test@test.com' is set on object 'Object Repository/Page_cabi Retail Store/input_email'

2019-11-15 16:15:22 - [MESSAGE][PASSED] - Text 'guest1-test@test.com' is set on object 'Object Repository/Page_cabi Retail Store/input_email'

2019-11-15 16:15:22 - [TEST_STEP][PASSED] - setText(findTestObject("Object Repository/Page_cabi Edit Customer Profile/input_Address1_address1"), address1): Text '974 BRAHMS CT' is set on object 'Object Repository/Page_cabi Edit Customer Profile/input_Address1_address1'

2019-11-15 16:15:23 - [MESSAGE][PASSED] - Text '974 BRAHMS CT' is set on object 'Object Repository/Page_cabi Edit Customer Profile/input_Address1_address1'

2019-11-15 16:15:23 - [TEST_STEP][PASSED] - setText(findTestObject("Object Repository/Page_cabi Edit Customer Profile/input_Address2_address2"), ""): Text '' is set on object 'Object Repository/Page_cabi Edit Customer Profile/input_Address2_address2'

2019-11-15 16:15:23 - [MESSAGE][PASSED] - Text '' is set on object 'Object Repository/Page_cabi Edit Customer Profile/input_Address2_address2'

2019-11-15 16:15:23 - [TEST_STEP][PASSED] - setText(findTestObject("Object Repository/Page_cabi Edit Customer Profile/input_City_city"), city): Text 'TROY' is set on object 'Object Repository/Page_cabi Edit Customer Profile/input_City_city'

2019-11-15 16:15:23 - [MESSAGE][PASSED] - Text 'TROY' is set on object 'Object Repository/Page_cabi Edit Customer Profile/input_City_city'

2019-11-15 16:15:23 - [TEST_STEP][PASSED] - click(findTestObject("Page_cabi Edit Customer Profile/span_select_a_state")): Object: 'Object Repository/Page_cabi Edit Customer Profile/span_select_a_state' is clicked on

2019-11-15 16:15:23 - [MESSAGE][PASSED] - Object: 'Object Repository/Page_cabi Edit Customer Profile/span_select_a_state' is clicked on

2019-11-15 16:15:23 - [TEST_STEP][PASSED] - delay(1): Delayed 1 second(s)

2019-11-15 16:15:24 - [MESSAGE][PASSED] - Delayed 1 second(s)

2019-11-15 16:15:24 - [TEST_STEP][PASSED] - setText(findTestObject("Page_cabi Edit Customer Profile/input_state_postalCode"), zip): Text '48085' is set on object 'Object Repository/Page_cabi Edit Customer Profile/input_state_postalCode'

2019-11-15 16:15:24 - [MESSAGE][PASSED] - Text '48085' is set on object 'Object Repository/Page_cabi Edit Customer Profile/input_state_postalCode'

2019-11-15 16:15:24 - [TEST_STEP][PASSED] - delay(5): Delayed 5 second(s)

2019-11-15 16:15:29 - [MESSAGE][PASSED] - Delayed 5 second(s)

2019-11-15 16:15:29 - [TEST_STEP][PASSED] - check(findTestObject("Object Repository/Page_cabi Home/a_same_shipping_address")): Object 'Object Repository/Page_cabi Home/a_same_shipping_address' is checked

2019-11-15 16:15:29 - [MESSAGE][PASSED] - Object 'Object Repository/Page_cabi Home/a_same_shipping_address' is checked

2019-11-15 16:15:29 - [TEST_STEP][PASSED] - delay(5): Delayed 5 second(s)

2019-11-15 16:15:34 - [MESSAGE][PASSED] - Delayed 5 second(s)

2019-11-15 16:15:34 - [TEST_STEP][PASSED] - check(findTestObject("Object Repository/Page_cabi Home/a_same_shipping_address")): Object 'Object Repository/Page_cabi Home/a_same_shipping_address' is checked

2019-11-15 16:15:34 - [MESSAGE][PASSED] - Object 'Object Repository/Page_cabi Home/a_same_shipping_address' is checked

2019-11-15 16:15:35 - [TEST_STEP][PASSED] - delay(5): Delayed 5 second(s)

2019-11-15 16:15:40 - [MESSAGE][PASSED] - Delayed 5 second(s)

2019-11-15 16:15:40 - [TEST_STEP][PASSED] - driver = getWebDriver(): null

2019-11-15 16:15:40 - [TEST_STEP][PASSED] - executor = driver: null

2019-11-15 16:15:40 - [TEST_STEP][PASSED] - executor.executeScript("arguments[0].click();", findWebElement(findTestObject("Object Repository/Page_cabi Home/a_order_items"), 5)): null

2019-11-15 16:15:40 - [TEST_STEP][PASSED] - delay(3): Delayed 3 second(s)

2019-11-15 16:15:43 - [MESSAGE][PASSED] - Delayed 3 second(s)

2019-11-15 16:15:43 - [TEST_STEP][PASSED] - click(findTestObject("Object Repository/Page_cabi Retail Store/span_quick_entry")): Object: 'Object Repository/Page_cabi Retail Store/span_quick_entry' is clicked on

2019-11-15 16:15:47 - [MESSAGE][PASSED] - Object: 'Object Repository/Page_cabi Retail Store/span_quick_entry' is clicked on

2019-11-15 16:15:47 - [TEST_STEP][PASSED] - delay(3): Delayed 3 second(s)

2019-11-15 16:15:50 - [MESSAGE][PASSED] - Delayed 3 second(s)

2019-11-15 16:15:50 - [TEST_STEP][PASSED] - emptyCart = findWebElements(findTestObject("Object Repository/Page_cabi Personal Store/removeFromCart"), 5): Unable to find the element located by 'By.xpath: //*[@id="removeFromCart_0"]/span'. Please recheck the objects properties to make sure the desired element is located. 

2019-11-15 16:15:55 - [MESSAGE][INFO] - Unable to find the element located by 'By.xpath: //*[@id="removeFromCart_0"]/span'. Please recheck the objects properties to make sure the desired element is located. 

2019-11-15 16:15:55 - [TEST_STEP][PASSED] - if (emptyCart.size() > 0): null

2019-11-15 16:15:55 - [TEST_STEP][PASSED] - addOnStyle = findTestData("miscData").getValue("addOnStyle", 1): null

2019-11-15 16:15:55 - [TEST_STEP][PASSED] - addOnStyle2 = findTestData("miscData").getValue("addOnStyle", 2): null

2019-11-15 16:15:55 - [TEST_STEP][PASSED] - setText(findTestObject("Object Repository/Page_cabi Create Order/input_Manual Discount_stylelookup_0"), addOnStyle): Text '3701' is set on object 'Object Repository/Page_cabi Create Order/input_Manual Discount_stylelookup_0'

2019-11-15 16:15:56 - [MESSAGE][PASSED] - Text '3701' is set on object 'Object Repository/Page_cabi Create Order/input_Manual Discount_stylelookup_0'

2019-11-15 16:15:56 - [TEST_STEP][PASSED] - delay(2): Delayed 2 second(s)

2019-11-15 16:15:58 - [MESSAGE][PASSED] - Delayed 2 second(s)

2019-11-15 16:15:58 - [TEST_STEP][PASSED] - sendKeys(findTestObject("Object Repository/Page_cabi Create Order/input_Manual Discount_stylelookup_0"), Keys.chord(ARROW_DOWN)): Keys 'DOWN + ' sent to object: 'Object Repository/Page_cabi Create Order/input_Manual Discount_stylelookup_0'

2019-11-15 16:15:58 - [MESSAGE][PASSED] - Keys 'DOWN + ' sent to object: 'Object Repository/Page_cabi Create Order/input_Manual Discount_stylelookup_0'

2019-11-15 16:15:58 - [TEST_STEP][PASSED] - delay(2): Delayed 2 second(s)

2019-11-15 16:16:00 - [MESSAGE][PASSED] - Delayed 2 second(s)

2019-11-15 16:16:00 - [TEST_STEP][PASSED] - sendKeys(findTestObject("Object Repository/Page_cabi Create Order/input_Manual Discount_stylelookup_0"), Keys.chord(ARROW_DOWN)): Keys 'DOWN + ' sent to object: 'Object Repository/Page_cabi Create Order/input_Manual Discount_stylelookup_0'

2019-11-15 16:16:00 - [MESSAGE][PASSED] - Keys 'DOWN + ' sent to object: 'Object Repository/Page_cabi Create Order/input_Manual Discount_stylelookup_0'

2019-11-15 16:16:00 - [TEST_STEP][PASSED] - sendKeys(findTestObject("Object Repository/Page_cabi Create Order/input_Manual Discount_stylelookup_0"), Keys.chord(ENTER)): Keys 'ENTER + ' sent to object: 'Object Repository/Page_cabi Create Order/input_Manual Discount_stylelookup_0'

2019-11-15 16:16:00 - [MESSAGE][PASSED] - Keys 'ENTER + ' sent to object: 'Object Repository/Page_cabi Create Order/input_Manual Discount_stylelookup_0'

2019-11-15 16:16:00 - [TEST_STEP][PASSED] - delay(5): Delayed 5 second(s)

2019-11-15 16:16:05 - [MESSAGE][PASSED] - Delayed 5 second(s)

2019-11-15 16:16:05 - [TEST_STEP][PASSED] - click(findTestObject("Object Repository/Page_cabi Order Items/selectSize")): Object: 'Object Repository/Page_cabi Order Items/selectSize' is clicked on

2019-11-15 16:16:05 - [MESSAGE][PASSED] - Object: 'Object Repository/Page_cabi Order Items/selectSize' is clicked on

2019-11-15 16:16:05 - [TEST_STEP][PASSED] - delay(3): Delayed 3 second(s)

2019-11-15 16:16:08 - [MESSAGE][PASSED] - Delayed 3 second(s)

2019-11-15 16:16:08 - [TEST_STEP][PASSED] - click(findTestObject("Object Repository/Page_cabi Order Items/span_Add to Cart")): Object: 'Object Repository/Page_cabi Order Items/span_Add to Cart' is clicked on

2019-11-15 16:16:08 - [MESSAGE][PASSED] - Object: 'Object Repository/Page_cabi Order Items/span_Add to Cart' is clicked on

2019-11-15 16:16:08 - [TEST_STEP][PASSED] - delay(5): Delayed 5 second(s)

2019-11-15 16:16:13 - [MESSAGE][PASSED] - Delayed 5 second(s)

2019-11-15 16:16:13 - [TEST_STEP][PASSED] - click(findTestObject("Object Repository/Page_cabi Create Order/inputStyleLookup1")): Object: 'Object Repository/Page_cabi Create Order/inputStyleLookup1' is clicked on

2019-11-15 16:16:13 - [MESSAGE][PASSED] - Object: 'Object Repository/Page_cabi Create Order/inputStyleLookup1' is clicked on

2019-11-15 16:16:13 - [TEST_STEP][PASSED] - setText(findTestObject("Object Repository/Page_cabi Create Order/inputStyleLookup1"), addOnStyle2): Text '3703' is set on object 'Object Repository/Page_cabi Create Order/inputStyleLookup1'

2019-11-15 16:16:13 - [MESSAGE][PASSED] - Text '3703' is set on object 'Object Repository/Page_cabi Create Order/inputStyleLookup1'

2019-11-15 16:16:13 - [TEST_STEP][PASSED] - delay(3): Delayed 3 second(s)

2019-11-15 16:16:16 - [MESSAGE][PASSED] - Delayed 3 second(s)

2019-11-15 16:16:16 - [TEST_STEP][PASSED] - prod_message2 = getText(findTestObject("Page_cabi Create Order/first_option")): Text of object 'Object Repository/Page_cabi Create Order/first_option' is: '3703 Turn Back Cardigan'

2019-11-15 16:16:16 - [MESSAGE][PASSED] - Text of object 'Object Repository/Page_cabi Create Order/first_option' is: '3703 Turn Back Cardigan'

2019-11-15 16:16:16 - [TEST_STEP][PASSED] - click(findTestObject("Page_cabi Create Order/first_option")): Object: 'Object Repository/Page_cabi Create Order/first_option' is clicked on

2019-11-15 16:16:16 - [MESSAGE][PASSED] - Object: 'Object Repository/Page_cabi Create Order/first_option' is clicked on

2019-11-15 16:16:16 - [TEST_STEP][PASSED] - delay(5): Delayed 5 second(s)

2019-11-15 16:16:21 - [MESSAGE][PASSED] - Delayed 5 second(s)

2019-11-15 16:16:21 - [TEST_STEP][PASSED] - click(findTestObject("Object Repository/Page_cabi Order Items/selectSize2")): Object: 'Object Repository/Page_cabi Order Items/selectSize2' is clicked on

2019-11-15 16:16:21 - [MESSAGE][PASSED] - Object: 'Object Repository/Page_cabi Order Items/selectSize2' is clicked on

2019-11-15 16:16:21 - [TEST_STEP][PASSED] - delay(3): Delayed 3 second(s)

2019-11-15 16:16:24 - [MESSAGE][PASSED] - Delayed 3 second(s)

2019-11-15 16:16:25 - [TEST_STEP][PASSED] - click(findTestObject("Object Repository/Page_cabi Order Items/addToCart2")): Object: 'Object Repository/Page_cabi Order Items/addToCart2' is clicked on

2019-11-15 16:16:25 - [MESSAGE][PASSED] - Object: 'Object Repository/Page_cabi Order Items/addToCart2' is clicked on

2019-11-15 16:16:25 - [TEST_STEP][PASSED] - delay(5): Delayed 5 second(s)

2019-11-15 16:16:30 - [MESSAGE][PASSED] - Delayed 5 second(s)

2019-11-15 16:16:30 - [TEST_STEP][PASSED] - if (editScenarioNumber == 1): null

2019-11-15 16:16:30 - [TEST_STEP][PASSED] - else if (editScenarioNumber == 2): null

2019-11-15 16:16:30 - [TEST_STEP][PASSED] - else if (editScenarioNumber == 3): Object: 'Object Repository/Page_cabi Order Items/a_submit' is clicked on

2019-11-15 16:16:30 - [TEST_STEP][PASSED] - click(findTestObject("Object Repository/Page_cabi Retail Store/span_gift_card")): Object: 'Object Repository/Page_cabi Retail Store/span_gift_card' is clicked on

2019-11-15 16:16:31 - [MESSAGE][PASSED] - Object: 'Object Repository/Page_cabi Retail Store/span_gift_card' is clicked on

2019-11-15 16:16:31 - [TEST_STEP][PASSED] - delay(5): Delayed 5 second(s)

2019-11-15 16:16:36 - [MESSAGE][PASSED] - Delayed 5 second(s)

2019-11-15 16:16:36 - [TEST_STEP][PASSED] - click(findTestObject("Page_cabi Order Items/select_gc_amount")): Object: 'Object Repository/Page_cabi Order Items/select_gc_amount' is clicked on

2019-11-15 16:16:36 - [MESSAGE][PASSED] - Object: 'Object Repository/Page_cabi Order Items/select_gc_amount' is clicked on

2019-11-15 16:16:36 - [TEST_STEP][PASSED] - click(findTestObject("Object Repository/Page_cabi Order Items/select_delivery_method")): Object: 'Object Repository/Page_cabi Order Items/select_delivery_method' is clicked on

2019-11-15 16:16:36 - [MESSAGE][PASSED] - Object: 'Object Repository/Page_cabi Order Items/select_delivery_method' is clicked on

2019-11-15 16:16:36 - [TEST_STEP][PASSED] - click(findTestObject("Object Repository/Page_cabi Order Items/input_gc_type")): Object: 'Object Repository/Page_cabi Order Items/input_gc_type' is clicked on

2019-11-15 16:16:36 - [MESSAGE][PASSED] - Object: 'Object Repository/Page_cabi Order Items/input_gc_type' is clicked on

2019-11-15 16:16:36 - [TEST_STEP][PASSED] - recContactNumber = 3: null

2019-11-15 16:16:36 - [TEST_STEP][PASSED] - recFName = findTestData("contactData").getValue("firstName", recContactNumber): null

2019-11-15 16:16:36 - [TEST_STEP][PASSED] - recLName = findTestData("contactData").getValue("lastName", recContactNumber): null

2019-11-15 16:16:36 - [TEST_STEP][PASSED] - recEmail = findTestData("contactData").getValue("email", recContactNumber): null

2019-11-15 16:16:36 - [TEST_STEP][PASSED] - setText(findTestObject("Object Repository/Page_cabi Order Items/input_gc_rec_fname"), recFName): Text 'guest1-test' is set on object 'Object Repository/Page_cabi Order Items/input_gc_rec_fname'

2019-11-15 16:16:36 - [MESSAGE][PASSED] - Text 'guest1-test' is set on object 'Object Repository/Page_cabi Order Items/input_gc_rec_fname'

2019-11-15 16:16:36 - [TEST_STEP][PASSED] - setText(findTestObject("Object Repository/Page_cabi Order Items/input_gc_rec_lname"), recLName): Text 'abc' is set on object 'Object Repository/Page_cabi Order Items/input_gc_rec_lname'

2019-11-15 16:16:37 - [MESSAGE][PASSED] - Text 'abc' is set on object 'Object Repository/Page_cabi Order Items/input_gc_rec_lname'

2019-11-15 16:16:37 - [TEST_STEP][PASSED] - setText(findTestObject("Object Repository/Page_cabi Order Items/input_gc_rec_email"), recEmail): Text 'guest1-test@test.com' is set on object 'Object Repository/Page_cabi Order Items/input_gc_rec_email'

2019-11-15 16:16:37 - [MESSAGE][PASSED] - Text 'guest1-test@test.com' is set on object 'Object Repository/Page_cabi Order Items/input_gc_rec_email'

2019-11-15 16:16:37 - [TEST_STEP][PASSED] - setText(findTestObject("Object Repository/Page_cabi Order Items/input_gc_send_fname"), firstName): Text 'guest1-test' is set on object 'Object Repository/Page_cabi Order Items/input_gc_send_fname'

2019-11-15 16:16:37 - [MESSAGE][PASSED] - Text 'guest1-test' is set on object 'Object Repository/Page_cabi Order Items/input_gc_send_fname'

2019-11-15 16:16:37 - [TEST_STEP][PASSED] - setText(findTestObject("Object Repository/Page_cabi Order Items/input_gc_send_lname"), lastName): Text 'abc' is set on object 'Object Repository/Page_cabi Order Items/input_gc_send_lname'

2019-11-15 16:16:37 - [MESSAGE][PASSED] - Text 'abc' is set on object 'Object Repository/Page_cabi Order Items/input_gc_send_lname'

2019-11-15 16:16:37 - [TEST_STEP][PASSED] - setText(findTestObject("Object Repository/Page_cabi Order Items/input_gc_send_email"), email): Text 'guest1-test@test.com' is set on object 'Object Repository/Page_cabi Order Items/input_gc_send_email'

2019-11-15 16:16:37 - [MESSAGE][PASSED] - Text 'guest1-test@test.com' is set on object 'Object Repository/Page_cabi Order Items/input_gc_send_email'

2019-11-15 16:16:37 - [TEST_STEP][PASSED] - click(findTestObject("Object Repository/Page_cabi Order Items/a_submit")): Object: 'Object Repository/Page_cabi Order Items/a_submit' is clicked on

2019-11-15 16:16:37 - [MESSAGE][PASSED] - Object: 'Object Repository/Page_cabi Order Items/a_submit' is clicked on

2019-11-15 16:16:37 - [TEST_STEP][PASSED] - click(findTestObject("Object Repository/Page_cabi Order Items/a_checkout")): Object: 'Object Repository/Page_cabi Order Items/a_checkout' is clicked on

2019-11-15 16:16:37 - [MESSAGE][PASSED] - Object: 'Object Repository/Page_cabi Order Items/a_checkout' is clicked on

2019-11-15 16:16:37 - [TEST_STEP][PASSED] - delay(3): Delayed 3 second(s)

2019-11-15 16:16:40 - [MESSAGE][PASSED] - Delayed 3 second(s)

2019-11-15 16:16:40 - [TEST_STEP][PASSED] - click(findTestObject("Page_cabi Personal Store/nextButtonShipping")): Object: 'Object Repository/Page_cabi Personal Store/nextButtonShipping' is clicked on

2019-11-15 16:16:41 - [MESSAGE][PASSED] - Object: 'Object Repository/Page_cabi Personal Store/nextButtonShipping' is clicked on

2019-11-15 16:16:41 - [TEST_STEP][PASSED] - delay(3): Delayed 3 second(s)

2019-11-15 16:16:44 - [MESSAGE][PASSED] - Delayed 3 second(s)

2019-11-15 16:16:44 - [TEST_STEP][PASSED] - click(findTestObject("Page_cabi Personal Store/makeFirstPayment")): Object: 'Object Repository/Page_cabi Personal Store/makeFirstPayment' is clicked on

2019-11-15 16:16:44 - [MESSAGE][PASSED] - Object: 'Object Repository/Page_cabi Personal Store/makeFirstPayment' is clicked on

2019-11-15 16:16:44 - [TEST_STEP][PASSED] - click(findTestObject("Object Repository/Page_cabi Personal Store/select_cash")): Object: 'Object Repository/Page_cabi Personal Store/select_cash' is clicked on

2019-11-15 16:16:44 - [MESSAGE][PASSED] - Object: 'Object Repository/Page_cabi Personal Store/select_cash' is clicked on

2019-11-15 16:16:44 - [TEST_STEP][PASSED] - click(findTestObject("Page_cabi Personal Store/submitPayment")): Object: 'Object Repository/Page_cabi Personal Store/submitPayment' is clicked on

2019-11-15 16:16:44 - [MESSAGE][PASSED] - Object: 'Object Repository/Page_cabi Personal Store/submitPayment' is clicked on

2019-11-15 16:16:44 - [TEST_STEP][PASSED] - click(findTestObject("Page_cabi Personal Store/submitOrderId")): Object: 'Object Repository/Page_cabi Personal Store/submitOrderId' is clicked on

2019-11-15 16:16:46 - [MESSAGE][PASSED] - Object: 'Object Repository/Page_cabi Personal Store/submitOrderId' is clicked on

2019-11-15 16:16:46 - [TEST_STEP][PASSED] - successMsg = "": null

2019-11-15 16:16:46 - [TEST_STEP][PASSED] - orderSuccess = false: null

2019-11-15 16:16:46 - [TEST_STEP][PASSED] - successMsgs = findWebElements(findTestObject("Object Repository/Page_cabi Personal Store/p_success_msg"), 5): null

2019-11-15 16:16:47 - [TEST_STEP][PASSED] - if (successMsgs.size() > 0): Text of object 'Object Repository/Page_cabi Personal Store/p_order_id' is: 'RT708512417'

2019-11-15 16:16:47 - [TEST_STEP][PASSED] - successMsg = getText(findTestObject("Object Repository/Page_cabi Personal Store/p_success_msg")): Text of object 'Object Repository/Page_cabi Personal Store/p_success_msg' is: 'Order Created Successfully!!
Order #:  RT708512417

CONTINUE SHOPPING'

2019-11-15 16:16:47 - [MESSAGE][PASSED] - Text of object 'Object Repository/Page_cabi Personal Store/p_success_msg' is: 'Order Created Successfully!!
Order #:  RT708512417

CONTINUE SHOPPING'

2019-11-15 16:16:47 - [TEST_STEP][PASSED] - orderSuccess = true: null

2019-11-15 16:16:47 - [TEST_STEP][PASSED] - retailOrderID = getText(findTestObject("Object Repository/Page_cabi Personal Store/p_order_id")): Text of object 'Object Repository/Page_cabi Personal Store/p_order_id' is: 'RT708512417'

2019-11-15 16:16:47 - [MESSAGE][PASSED] - Text of object 'Object Repository/Page_cabi Personal Store/p_order_id' is: 'RT708512417'

2019-11-15 16:16:47 - [TEST_STEP][PASSED] - assert orderSuccess == true: null

2019-11-15 16:16:47 - [TEST_STEP][NOT_RUN] - closeBrowser(): NOT_RUN: closeBrowser()

2019-11-15 16:16:47 - [MESSAGE][NOT_RUN] - NOT_RUN: closeBrowser()

2019-11-15 16:16:47 - [MESSAGE][PASSED] - Call Test Case 'Test Cases/EditOrder/retailOrderBO' successfully

2019-11-15 16:16:47 - [TEST_STEP][PASSED] - delay(10): Delayed 10 second(s)

2019-11-15 16:16:57 - [MESSAGE][PASSED] - Delayed 10 second(s)

2019-11-15 16:16:57 - [TEST_STEP][PASSED] - callTestCase(findTestCase("TestCaseUtilities/rsLogin"), ["RSURL":"", "RSuser":"", "RSpass":""], STOP_ON_FAILURE): Call Test Case 'Test Cases/TestCaseUtilities/rsLogin' successfully

2019-11-15 16:16:57 - [TEST_CASE][PASSED] - Test Cases/TestCaseUtilities/rsLogin: Test Cases/TestCaseUtilities/rsLogin

2019-11-15 16:16:57 - [TEST_STEP][PASSED] - dataFile = "micrositeData": null

2019-11-15 16:16:57 - [TEST_STEP][PASSED] - guest1Mail = findTestData(dataFile).getValue("guest1Mail", 1): null

2019-11-15 16:16:57 - [TEST_STEP][PASSED] - guest1Pass = findTestData(dataFile).getValue("guest1Pass", 1): null

2019-11-15 16:16:57 - [TEST_STEP][PASSED] - RSTestEnvt = findTestData("envtData").getValue("RSTestEnvt", 1): null

2019-11-15 16:16:57 - [TEST_STEP][PASSED] - openBrowser(""): Browser is opened with url: ''

2019-11-15 16:16:57 - [MESSAGE][WARNING] - A browser is already opened. Closing browser and opening a new one

2019-11-15 16:16:58 - [MESSAGE][INFO] - Starting 'Chrome' driver

2019-11-15 16:16:58 - [MESSAGE][INFO] - User set preference: ['args', '[--use-fake-ui-for-media-stream, --start-maximized]']

2019-11-15 16:17:00 - [MESSAGE][PASSED] - Browser is opened with url: ''

2019-11-15 16:17:00 - [TEST_STEP][PASSED] - callTestCase(findTestCase("TestCaseUtilities/setVHost"), [:], STOP_ON_FAILURE): Call Test Case 'Test Cases/TestCaseUtilities/setVHost' successfully

2019-11-15 16:17:00 - [TEST_CASE][PASSED] - Test Cases/TestCaseUtilities/setVHost: Test Cases/TestCaseUtilities/setVHost

2019-11-15 16:17:01 - [TEST_STEP][PASSED] - ofbizURL = findTestData("envtData").getValue("ofbizURL", 1): null

2019-11-15 16:17:01 - [TEST_STEP][PASSED] - ofbizUser = findTestData("credData").getValue("ofbizuser", 1): null

2019-11-15 16:17:01 - [TEST_STEP][PASSED] - ofbizPass = findTestData("credData").getValue("ofbizpass", 1): null

2019-11-15 16:17:01 - [TEST_STEP][PASSED] - vhostTarget = findTestData("envtData").getValue("vhostTarget", 1): null

2019-11-15 16:17:01 - [TEST_STEP][PASSED] - navigateToUrl(ofbizURL): Navigate to 'https://pushofbiz.cliotest.com/login.php' successfully

2019-11-15 16:17:03 - [MESSAGE][PASSED] - Navigate to 'https://pushofbiz.cliotest.com/login.php' successfully

2019-11-15 16:17:03 - [TEST_STEP][PASSED] - setText(findTestObject("Object Repository/virualShowRSVPOR/Page_/input_Username_username"), ofbizUser): Text 'automation' is set on object 'Object Repository/virualShowRSVPOR/Page_/input_Username_username'

2019-11-15 16:17:03 - [MESSAGE][PASSED] - Text 'automation' is set on object 'Object Repository/virualShowRSVPOR/Page_/input_Username_username'

2019-11-15 16:17:03 - [TEST_STEP][PASSED] - setText(findTestObject("Object Repository/virualShowRSVPOR/Page_/input_Password_password"), ofbizPass): Text 'cabiautomation' is set on object 'Object Repository/virualShowRSVPOR/Page_/input_Password_password'

2019-11-15 16:17:03 - [MESSAGE][PASSED] - Text 'cabiautomation' is set on object 'Object Repository/virualShowRSVPOR/Page_/input_Password_password'

2019-11-15 16:17:03 - [TEST_STEP][PASSED] - click(findTestObject("Object Repository/virualShowRSVPOR/Page_/input_Password_Submit")): Object: 'Object Repository/virualShowRSVPOR/Page_/input_Password_Submit' is clicked on

2019-11-15 16:17:07 - [MESSAGE][PASSED] - Object: 'Object Repository/virualShowRSVPOR/Page_/input_Password_Submit' is clicked on

2019-11-15 16:17:07 - [TEST_STEP][PASSED] - click(findTestObject("Object Repository/virualShowRSVPOR/Page_/a_Set Vhost")): Object: 'Object Repository/virualShowRSVPOR/Page_/a_Set Vhost' is clicked on

2019-11-15 16:17:07 - [MESSAGE][PASSED] - Object: 'Object Repository/virualShowRSVPOR/Page_/a_Set Vhost' is clicked on

2019-11-15 16:17:07 - [TEST_STEP][PASSED] - click(UtilityMethods.createTestObject("select_target", "//select[@name='Target']/option[contains(text(), '", vhostTarget, "')]")): Object: 'select_target' is clicked on

2019-11-15 16:17:07 - [MESSAGE][PASSED] - Object: 'select_target' is clicked on

2019-11-15 16:17:07 - [TEST_STEP][PASSED] - click(findTestObject("Object Repository/virualShowRSVPOR/Page_/input")): Object: 'Object Repository/virualShowRSVPOR/Page_/input' is clicked on

2019-11-15 16:17:10 - [MESSAGE][PASSED] - Object: 'Object Repository/virualShowRSVPOR/Page_/input' is clicked on

2019-11-15 16:17:10 - [MESSAGE][PASSED] - Call Test Case 'Test Cases/TestCaseUtilities/setVHost' successfully

2019-11-15 16:17:10 - [TEST_STEP][PASSED] - loginURL = UtilityMethods.concat("https://mirandakate.", RSTestEnvt, ".com/?component=account.login-gateway"): null

2019-11-15 16:17:10 - [TEST_STEP][PASSED] - navigateToUrl(loginURL): Navigate to 'https://mirandakate.cabitest5.com/?component=account.login-gateway' successfully

2019-11-15 16:17:29 - [MESSAGE][PASSED] - Navigate to 'https://mirandakate.cabitest5.com/?component=account.login-gateway' successfully

2019-11-15 16:17:29 - [TEST_STEP][PASSED] - delay(3): Delayed 3 second(s)

2019-11-15 16:17:32 - [MESSAGE][PASSED] - Delayed 3 second(s)

2019-11-15 16:17:32 - [TEST_STEP][PASSED] - setText(findTestObject("Object Repository/virualShowRSVPOR/Page_Show microsite/input_Sign in  Create account_email"), guest1Mail): Text 'guest1-test@test.com' is set on object 'Object Repository/virualShowRSVPOR/Page_Show microsite/input_Sign in  Create account_email'

2019-11-15 16:17:33 - [MESSAGE][PASSED] - Text 'guest1-test@test.com' is set on object 'Object Repository/virualShowRSVPOR/Page_Show microsite/input_Sign in  Create account_email'

2019-11-15 16:17:33 - [TEST_STEP][PASSED] - executeJavaScript("arguments[0].click()", Arrays.asList(findWebElement(findTestObject("Object Repository/virualShowRSVPOR/Page_Show microsite/button_Continue"), 30))): Execute JavaScript 'arguments[0].click()' successfully

2019-11-15 16:17:33 - [MESSAGE][PASSED] - Execute JavaScript 'arguments[0].click()' successfully

2019-11-15 16:17:33 - [TEST_STEP][PASSED] - setText(findTestObject("Object Repository/virualShowRSVPOR/Page_Show microsite/input_Welcome_password"), guest1Pass): Text 'blackdress19' is set on object 'Object Repository/virualShowRSVPOR/Page_Show microsite/input_Welcome_password'

2019-11-15 16:17:34 - [MESSAGE][PASSED] - Text 'blackdress19' is set on object 'Object Repository/virualShowRSVPOR/Page_Show microsite/input_Welcome_password'

2019-11-15 16:17:34 - [TEST_STEP][PASSED] - executeJavaScript("arguments[0].click()", Arrays.asList(findWebElement(findTestObject("Object Repository/virualShowRSVPOR/Page_Show microsite/button_Continue_pass"), 30))): Execute JavaScript 'arguments[0].click()' successfully

2019-11-15 16:17:34 - [MESSAGE][PASSED] - Execute JavaScript 'arguments[0].click()' successfully

2019-11-15 16:17:34 - [TEST_STEP][PASSED] - delay(5): Delayed 5 second(s)

2019-11-15 16:17:39 - [MESSAGE][PASSED] - Delayed 5 second(s)

2019-11-15 16:17:39 - [TEST_STEP][PASSED] - if (verifyElementPresent(findTestObject("Object Repository/virualShowRSVPOR/Page_Show microsite/complete_my_profile_later"), 0)): Execute JavaScript 'arguments[0].click()' successfully

2019-11-15 16:17:39 - [MESSAGE][WARNING] - Timeout '0' is invalid. Using default page load timeout: '30'

2019-11-15 16:17:39 - [MESSAGE][PASSED] - Object 'Object Repository/virualShowRSVPOR/Page_Show microsite/complete_my_profile_later' is present

2019-11-15 16:17:39 - [TEST_STEP][PASSED] - executeJavaScript("arguments[0].click()", Arrays.asList(findWebElement(findTestObject("Object Repository/virualShowRSVPOR/Page_Show microsite/div_Ill complete my profile later"), 30))): Execute JavaScript 'arguments[0].click()' successfully

2019-11-15 16:17:47 - [MESSAGE][PASSED] - Execute JavaScript 'arguments[0].click()' successfully

2019-11-15 16:17:47 - [MESSAGE][PASSED] - Call Test Case 'Test Cases/TestCaseUtilities/rsLogin' successfully

2019-11-15 16:17:47 - [TEST_STEP][PASSED] - callTestCase(findTestCase("EditOrder/rsOrderHistoryConfirm"), ["orderID":"", "editScenarioNumber":3], STOP_ON_FAILURE): Call Test Case 'Test Cases/EditOrder/rsOrderHistoryConfirm' successfully

2019-11-15 16:17:47 - [TEST_CASE][PASSED] - Test Cases/EditOrder/rsOrderHistoryConfirm: Test Cases/EditOrder/rsOrderHistoryConfirm

2019-11-15 16:17:47 - [TEST_STEP][PASSED] - driver = getWebDriver(): null

2019-11-15 16:17:47 - [TEST_STEP][PASSED] - executor = driver: null

2019-11-15 16:17:47 - [TEST_STEP][PASSED] - orderID = retailOrderID: null

2019-11-15 16:17:47 - [TEST_STEP][PASSED] - println(orderID): null

2019-11-15 16:17:47 - [TEST_STEP][PASSED] - xpath = UtilityMethods.concat("//span[contains(text(), '", orderID, "')]/parent::div/parent::div/div[@class='table-row-edit-order']//a"): null

2019-11-15 16:17:47 - [TEST_STEP][PASSED] - to = new com.kms.katalon.core.testobject.TestObject(a_link_dynamic): null

2019-11-15 16:17:47 - [TEST_STEP][PASSED] - to.addProperty("xpath", EQUALS, xpath): null

2019-11-15 16:17:47 - [TEST_STEP][PASSED] - click(findTestObject("ReplicatedSite/rs_Page_Trendy/i_Michigan_fa fa-caret-down")): Object: 'Object Repository/ReplicatedSite/rs_Page_Trendy/i_Michigan_fa fa-caret-down' is clicked on

2019-11-15 16:17:48 - [MESSAGE][PASSED] - Object: 'Object Repository/ReplicatedSite/rs_Page_Trendy/i_Michigan_fa fa-caret-down' is clicked on

2019-11-15 16:17:48 - [TEST_STEP][PASSED] - click(findTestObject("ReplicatedSite/rs_Page_Trendy/a_My Profile")): Object: 'Object Repository/ReplicatedSite/rs_Page_Trendy/a_My Profile' is clicked on

2019-11-15 16:17:49 - [MESSAGE][PASSED] - Object: 'Object Repository/ReplicatedSite/rs_Page_Trendy/a_My Profile' is clicked on

2019-11-15 16:17:49 - [TEST_STEP][PASSED] - click(findTestObject("Object Repository/ReplicatedSite/Page_Profile - Cabi Fall 2018 Collection/span_Order History")): Object: 'Object Repository/ReplicatedSite/Page_Profile - Cabi Fall 2018 Collection/span_Order History' is clicked on

2019-11-15 16:17:52 - [MESSAGE][PASSED] - Object: 'Object Repository/ReplicatedSite/Page_Profile - Cabi Fall 2018 Collection/span_Order History' is clicked on

2019-11-15 16:17:52 - [TEST_STEP][PASSED] - delay(5): Delayed 5 second(s)

2019-11-15 16:17:57 - [MESSAGE][PASSED] - Delayed 5 second(s)

2019-11-15 16:17:57 - [TEST_STEP][PASSED] - editButton = findWebElements(to, 1): null

2019-11-15 16:17:57 - [TEST_STEP][PASSED] - assert editButton.size() > 0: null

2019-11-15 16:17:57 - [TEST_STEP][PASSED] - if (editButton.size() > 0): Object: 'Object Repository/ReplicatedSite/button_accept_msg' is clicked on

2019-11-15 16:17:57 - [TEST_STEP][PASSED] - click(to): Object: 'a_link_dynamic' is clicked on

2019-11-15 16:17:57 - [MESSAGE][PASSED] - Object: 'a_link_dynamic' is clicked on

2019-11-15 16:17:57 - [TEST_STEP][PASSED] - delay(10): Delayed 10 second(s)

2019-11-15 16:18:07 - [MESSAGE][PASSED] - Delayed 10 second(s)

2019-11-15 16:18:07 - [TEST_STEP][PASSED] - if (editScenarioNumber == 1): null

2019-11-15 16:18:07 - [TEST_STEP][PASSED] - else if (editScenarioNumber == 3): Object: 'Object Repository/ReplicatedSite/button_accept_msg' is clicked on

2019-11-15 16:18:07 - [TEST_STEP][PASSED] - println("scen = 3"): null

2019-11-15 16:18:07 - [TEST_STEP][PASSED] - delay(2): Delayed 2 second(s)

2019-11-15 16:18:09 - [MESSAGE][PASSED] - Delayed 2 second(s)

2019-11-15 16:18:09 - [TEST_STEP][PASSED] - expectedNoEditMsg1 = "We're Sorry.": null

2019-11-15 16:18:09 - [TEST_STEP][PASSED] - expectedNoEditMsg2 = "Your order has gift card items and cannot be edited.": null

2019-11-15 16:18:09 - [TEST_STEP][PASSED] - actualNoEditMsg1 = getText(findTestObject("Object Repository/ReplicatedSite/div_no_edit_msg1")): Text of object 'Object Repository/ReplicatedSite/div_no_edit_msg1' is: 'We're Sorry.'

2019-11-15 16:18:09 - [MESSAGE][PASSED] - Text of object 'Object Repository/ReplicatedSite/div_no_edit_msg1' is: 'We're Sorry.'

2019-11-15 16:18:09 - [TEST_STEP][PASSED] - actualNoEditMsg2 = getText(findTestObject("Object Repository/ReplicatedSite/div_no_edit_msg2")): Text of object 'Object Repository/ReplicatedSite/div_no_edit_msg2' is: 'Your order has gift card items and cannot be edited.'

2019-11-15 16:18:09 - [MESSAGE][PASSED] - Text of object 'Object Repository/ReplicatedSite/div_no_edit_msg2' is: 'Your order has gift card items and cannot be edited.'

2019-11-15 16:18:09 - [TEST_STEP][PASSED] - assert actualNoEditMsg1.equalsIgnoreCase(expectedNoEditMsg1): null

2019-11-15 16:18:09 - [TEST_STEP][PASSED] - assert actualNoEditMsg2.equalsIgnoreCase(expectedNoEditMsg2): null

2019-11-15 16:18:09 - [TEST_STEP][PASSED] - click(findTestObject("Object Repository/ReplicatedSite/button_accept_msg")): Object: 'Object Repository/ReplicatedSite/button_accept_msg' is clicked on

2019-11-15 16:18:09 - [MESSAGE][PASSED] - Object: 'Object Repository/ReplicatedSite/button_accept_msg' is clicked on

2019-11-15 16:18:09 - [MESSAGE][PASSED] - Call Test Case 'Test Cases/EditOrder/rsOrderHistoryConfirm' successfully]]></system-out>
         <system-err><![CDATA[]]></system-err>
      </testcase>
      <testcase name="Test Cases/EditOrder-V/rsEditOrderRS" classname="Test Cases/EditOrder-V/rsEditOrderRS" status="PASSED">
         <system-out><![CDATA[2019-11-15 16:18:09 - [TEST_CASE][PASSED] - Test Cases/EditOrder-V/rsEditOrderRS: Test Cases/EditOrder-V/rsEditOrderRS

2019-11-15 16:18:09 - [TEST_STEP][PASSED] - Start listener action : sampleBeforeTestCase: null

2019-11-15 16:18:09 - [TEST_STEP][PASSED] - println(testCaseContext.getTestCaseId()): null

2019-11-15 16:18:09 - [TEST_STEP][PASSED] - println(testCaseContext.getTestCaseVariables()): null

2019-11-15 16:18:10 - [TEST_STEP][PASSED] - openBrowser(""): Browser is opened with url: ''

2019-11-15 16:18:10 - [MESSAGE][WARNING] - A browser is already opened. Closing browser and opening a new one

2019-11-15 16:18:10 - [MESSAGE][INFO] - Starting 'Chrome' driver

2019-11-15 16:18:10 - [MESSAGE][INFO] - User set preference: ['args', '[--use-fake-ui-for-media-stream, --start-maximized]']

2019-11-15 16:18:12 - [MESSAGE][PASSED] - Browser is opened with url: ''

2019-11-15 16:18:12 - [TEST_STEP][PASSED] - callTestCase(findTestCase("TestCaseUtilities/setVHost"), [:], STOP_ON_FAILURE): Call Test Case 'Test Cases/TestCaseUtilities/setVHost' successfully

2019-11-15 16:18:12 - [TEST_CASE][PASSED] - Test Cases/TestCaseUtilities/setVHost: Test Cases/TestCaseUtilities/setVHost

2019-11-15 16:18:13 - [TEST_STEP][PASSED] - ofbizURL = findTestData("envtData").getValue("ofbizURL", 1): null

2019-11-15 16:18:13 - [TEST_STEP][PASSED] - ofbizUser = findTestData("credData").getValue("ofbizuser", 1): null

2019-11-15 16:18:13 - [TEST_STEP][PASSED] - ofbizPass = findTestData("credData").getValue("ofbizpass", 1): null

2019-11-15 16:18:13 - [TEST_STEP][PASSED] - vhostTarget = findTestData("envtData").getValue("vhostTarget", 1): null

2019-11-15 16:18:13 - [TEST_STEP][PASSED] - navigateToUrl(ofbizURL): Navigate to 'https://pushofbiz.cliotest.com/login.php' successfully

2019-11-15 16:18:15 - [MESSAGE][PASSED] - Navigate to 'https://pushofbiz.cliotest.com/login.php' successfully

2019-11-15 16:18:15 - [TEST_STEP][PASSED] - setText(findTestObject("Object Repository/virualShowRSVPOR/Page_/input_Username_username"), ofbizUser): Text 'automation' is set on object 'Object Repository/virualShowRSVPOR/Page_/input_Username_username'

2019-11-15 16:18:15 - [MESSAGE][PASSED] - Text 'automation' is set on object 'Object Repository/virualShowRSVPOR/Page_/input_Username_username'

2019-11-15 16:18:15 - [TEST_STEP][PASSED] - setText(findTestObject("Object Repository/virualShowRSVPOR/Page_/input_Password_password"), ofbizPass): Text 'cabiautomation' is set on object 'Object Repository/virualShowRSVPOR/Page_/input_Password_password'

2019-11-15 16:18:15 - [MESSAGE][PASSED] - Text 'cabiautomation' is set on object 'Object Repository/virualShowRSVPOR/Page_/input_Password_password'

2019-11-15 16:18:15 - [TEST_STEP][PASSED] - click(findTestObject("Object Repository/virualShowRSVPOR/Page_/input_Password_Submit")): Object: 'Object Repository/virualShowRSVPOR/Page_/input_Password_Submit' is clicked on

2019-11-15 16:18:19 - [MESSAGE][PASSED] - Object: 'Object Repository/virualShowRSVPOR/Page_/input_Password_Submit' is clicked on

2019-11-15 16:18:19 - [TEST_STEP][PASSED] - click(findTestObject("Object Repository/virualShowRSVPOR/Page_/a_Set Vhost")): Object: 'Object Repository/virualShowRSVPOR/Page_/a_Set Vhost' is clicked on

2019-11-15 16:18:20 - [MESSAGE][PASSED] - Object: 'Object Repository/virualShowRSVPOR/Page_/a_Set Vhost' is clicked on

2019-11-15 16:18:20 - [TEST_STEP][PASSED] - click(UtilityMethods.createTestObject("select_target", "//select[@name='Target']/option[contains(text(), '", vhostTarget, "')]")): Object: 'select_target' is clicked on

2019-11-15 16:18:20 - [MESSAGE][PASSED] - Object: 'select_target' is clicked on

2019-11-15 16:18:20 - [TEST_STEP][PASSED] - click(findTestObject("Object Repository/virualShowRSVPOR/Page_/input")): Object: 'Object Repository/virualShowRSVPOR/Page_/input' is clicked on

2019-11-15 16:18:22 - [MESSAGE][PASSED] - Object: 'Object Repository/virualShowRSVPOR/Page_/input' is clicked on

2019-11-15 16:18:22 - [MESSAGE][PASSED] - Call Test Case 'Test Cases/TestCaseUtilities/setVHost' successfully

2019-11-15 16:18:22 - [TEST_STEP][PASSED] - callTestCase(findTestCase("EditOrder/retailOrderRS"), ["addOnStyle":""], STOP_ON_FAILURE): Call Test Case 'Test Cases/EditOrder/retailOrderRS' successfully

2019-11-15 16:18:22 - [TEST_CASE][PASSED] - Test Cases/EditOrder/retailOrderRS: Test Cases/EditOrder/retailOrderRS

2019-11-15 16:18:23 - [TEST_STEP][PASSED] - openBrowser(""): Browser is opened with url: ''

2019-11-15 16:18:23 - [MESSAGE][WARNING] - A browser is already opened. Closing browser and opening a new one

2019-11-15 16:18:23 - [MESSAGE][INFO] - Starting 'Chrome' driver

2019-11-15 16:18:23 - [MESSAGE][INFO] - User set preference: ['args', '[--use-fake-ui-for-media-stream, --start-maximized]']

2019-11-15 16:18:25 - [MESSAGE][PASSED] - Browser is opened with url: ''

2019-11-15 16:18:25 - [TEST_STEP][PASSED] - driver = getWebDriver(): null

2019-11-15 16:18:25 - [TEST_STEP][PASSED] - executor = driver: null

2019-11-15 16:18:25 - [TEST_STEP][PASSED] - actions = new org.openqa.selenium.interactions.Actions(driver): null

2019-11-15 16:18:25 - [TEST_STEP][PASSED] - RSTestEnvt = findTestData("envtData").getValue("RSTestEnvt", 1): null

2019-11-15 16:18:25 - [TEST_STEP][PASSED] - delay(10): Delayed 10 second(s)

2019-11-15 16:18:35 - [MESSAGE][PASSED] - Delayed 10 second(s)

2019-11-15 16:18:35 - [TEST_STEP][PASSED] - callTestCase(findTestCase("TestCaseUtilities/rsLogin"), ["RSURL":"", "RSuser":"", "RSpass":""], STOP_ON_FAILURE): Call Test Case 'Test Cases/TestCaseUtilities/rsLogin' successfully

2019-11-15 16:18:36 - [TEST_CASE][PASSED] - Test Cases/TestCaseUtilities/rsLogin: Test Cases/TestCaseUtilities/rsLogin

2019-11-15 16:18:36 - [TEST_STEP][PASSED] - dataFile = "micrositeData": null

2019-11-15 16:18:36 - [TEST_STEP][PASSED] - guest1Mail = findTestData(dataFile).getValue("guest1Mail", 1): null

2019-11-15 16:18:36 - [TEST_STEP][PASSED] - guest1Pass = findTestData(dataFile).getValue("guest1Pass", 1): null

2019-11-15 16:18:36 - [TEST_STEP][PASSED] - RSTestEnvt = findTestData("envtData").getValue("RSTestEnvt", 1): null

2019-11-15 16:18:36 - [TEST_STEP][PASSED] - openBrowser(""): Browser is opened with url: ''

2019-11-15 16:18:36 - [MESSAGE][WARNING] - A browser is already opened. Closing browser and opening a new one

2019-11-15 16:18:36 - [MESSAGE][INFO] - Starting 'Chrome' driver

2019-11-15 16:18:36 - [MESSAGE][INFO] - User set preference: ['args', '[--use-fake-ui-for-media-stream, --start-maximized]']

2019-11-15 16:18:39 - [MESSAGE][PASSED] - Browser is opened with url: ''

2019-11-15 16:18:39 - [TEST_STEP][PASSED] - callTestCase(findTestCase("TestCaseUtilities/setVHost"), [:], STOP_ON_FAILURE): Call Test Case 'Test Cases/TestCaseUtilities/setVHost' successfully

2019-11-15 16:18:39 - [TEST_CASE][PASSED] - Test Cases/TestCaseUtilities/setVHost: Test Cases/TestCaseUtilities/setVHost

2019-11-15 16:18:39 - [TEST_STEP][PASSED] - ofbizURL = findTestData("envtData").getValue("ofbizURL", 1): null

2019-11-15 16:18:39 - [TEST_STEP][PASSED] - ofbizUser = findTestData("credData").getValue("ofbizuser", 1): null

2019-11-15 16:18:39 - [TEST_STEP][PASSED] - ofbizPass = findTestData("credData").getValue("ofbizpass", 1): null

2019-11-15 16:18:39 - [TEST_STEP][PASSED] - vhostTarget = findTestData("envtData").getValue("vhostTarget", 1): null

2019-11-15 16:18:39 - [TEST_STEP][PASSED] - navigateToUrl(ofbizURL): Navigate to 'https://pushofbiz.cliotest.com/login.php' successfully

2019-11-15 16:18:41 - [MESSAGE][PASSED] - Navigate to 'https://pushofbiz.cliotest.com/login.php' successfully

2019-11-15 16:18:41 - [TEST_STEP][PASSED] - setText(findTestObject("Object Repository/virualShowRSVPOR/Page_/input_Username_username"), ofbizUser): Text 'automation' is set on object 'Object Repository/virualShowRSVPOR/Page_/input_Username_username'

2019-11-15 16:18:41 - [MESSAGE][PASSED] - Text 'automation' is set on object 'Object Repository/virualShowRSVPOR/Page_/input_Username_username'

2019-11-15 16:18:41 - [TEST_STEP][PASSED] - setText(findTestObject("Object Repository/virualShowRSVPOR/Page_/input_Password_password"), ofbizPass): Text 'cabiautomation' is set on object 'Object Repository/virualShowRSVPOR/Page_/input_Password_password'

2019-11-15 16:18:41 - [MESSAGE][PASSED] - Text 'cabiautomation' is set on object 'Object Repository/virualShowRSVPOR/Page_/input_Password_password'

2019-11-15 16:18:41 - [TEST_STEP][PASSED] - click(findTestObject("Object Repository/virualShowRSVPOR/Page_/input_Password_Submit")): Object: 'Object Repository/virualShowRSVPOR/Page_/input_Password_Submit' is clicked on

2019-11-15 16:18:45 - [MESSAGE][PASSED] - Object: 'Object Repository/virualShowRSVPOR/Page_/input_Password_Submit' is clicked on

2019-11-15 16:18:45 - [TEST_STEP][PASSED] - click(findTestObject("Object Repository/virualShowRSVPOR/Page_/a_Set Vhost")): Object: 'Object Repository/virualShowRSVPOR/Page_/a_Set Vhost' is clicked on

2019-11-15 16:18:45 - [MESSAGE][PASSED] - Object: 'Object Repository/virualShowRSVPOR/Page_/a_Set Vhost' is clicked on

2019-11-15 16:18:45 - [TEST_STEP][PASSED] - click(UtilityMethods.createTestObject("select_target", "//select[@name='Target']/option[contains(text(), '", vhostTarget, "')]")): Object: 'select_target' is clicked on

2019-11-15 16:18:45 - [MESSAGE][PASSED] - Object: 'select_target' is clicked on

2019-11-15 16:18:45 - [TEST_STEP][PASSED] - click(findTestObject("Object Repository/virualShowRSVPOR/Page_/input")): Object: 'Object Repository/virualShowRSVPOR/Page_/input' is clicked on

2019-11-15 16:18:48 - [MESSAGE][PASSED] - Object: 'Object Repository/virualShowRSVPOR/Page_/input' is clicked on

2019-11-15 16:18:48 - [MESSAGE][PASSED] - Call Test Case 'Test Cases/TestCaseUtilities/setVHost' successfully

2019-11-15 16:18:48 - [TEST_STEP][PASSED] - loginURL = UtilityMethods.concat("https://mirandakate.", RSTestEnvt, ".com/?component=account.login-gateway"): null

2019-11-15 16:18:48 - [TEST_STEP][PASSED] - navigateToUrl(loginURL): Navigate to 'https://mirandakate.cabitest5.com/?component=account.login-gateway' successfully

2019-11-15 16:19:07 - [MESSAGE][PASSED] - Navigate to 'https://mirandakate.cabitest5.com/?component=account.login-gateway' successfully

2019-11-15 16:19:07 - [TEST_STEP][PASSED] - delay(3): Delayed 3 second(s)

2019-11-15 16:19:10 - [MESSAGE][PASSED] - Delayed 3 second(s)

2019-11-15 16:19:10 - [TEST_STEP][PASSED] - setText(findTestObject("Object Repository/virualShowRSVPOR/Page_Show microsite/input_Sign in  Create account_email"), guest1Mail): Text 'guest1-test@test.com' is set on object 'Object Repository/virualShowRSVPOR/Page_Show microsite/input_Sign in  Create account_email'

2019-11-15 16:19:11 - [MESSAGE][PASSED] - Text 'guest1-test@test.com' is set on object 'Object Repository/virualShowRSVPOR/Page_Show microsite/input_Sign in  Create account_email'

2019-11-15 16:19:11 - [TEST_STEP][PASSED] - executeJavaScript("arguments[0].click()", Arrays.asList(findWebElement(findTestObject("Object Repository/virualShowRSVPOR/Page_Show microsite/button_Continue"), 30))): Execute JavaScript 'arguments[0].click()' successfully

2019-11-15 16:19:11 - [MESSAGE][PASSED] - Execute JavaScript 'arguments[0].click()' successfully

2019-11-15 16:19:11 - [TEST_STEP][PASSED] - setText(findTestObject("Object Repository/virualShowRSVPOR/Page_Show microsite/input_Welcome_password"), guest1Pass): Text 'blackdress19' is set on object 'Object Repository/virualShowRSVPOR/Page_Show microsite/input_Welcome_password'

2019-11-15 16:19:12 - [MESSAGE][PASSED] - Text 'blackdress19' is set on object 'Object Repository/virualShowRSVPOR/Page_Show microsite/input_Welcome_password'

2019-11-15 16:19:12 - [TEST_STEP][PASSED] - executeJavaScript("arguments[0].click()", Arrays.asList(findWebElement(findTestObject("Object Repository/virualShowRSVPOR/Page_Show microsite/button_Continue_pass"), 30))): Execute JavaScript 'arguments[0].click()' successfully

2019-11-15 16:19:12 - [MESSAGE][PASSED] - Execute JavaScript 'arguments[0].click()' successfully

2019-11-15 16:19:12 - [TEST_STEP][PASSED] - delay(5): Delayed 5 second(s)

2019-11-15 16:19:17 - [MESSAGE][PASSED] - Delayed 5 second(s)

2019-11-15 16:19:17 - [TEST_STEP][PASSED] - if (verifyElementPresent(findTestObject("Object Repository/virualShowRSVPOR/Page_Show microsite/complete_my_profile_later"), 0)): Execute JavaScript 'arguments[0].click()' successfully

2019-11-15 16:19:17 - [MESSAGE][WARNING] - Timeout '0' is invalid. Using default page load timeout: '30'

2019-11-15 16:19:17 - [MESSAGE][PASSED] - Object 'Object Repository/virualShowRSVPOR/Page_Show microsite/complete_my_profile_later' is present

2019-11-15 16:19:17 - [TEST_STEP][PASSED] - executeJavaScript("arguments[0].click()", Arrays.asList(findWebElement(findTestObject("Object Repository/virualShowRSVPOR/Page_Show microsite/div_Ill complete my profile later"), 30))): Execute JavaScript 'arguments[0].click()' successfully

2019-11-15 16:19:24 - [MESSAGE][PASSED] - Execute JavaScript 'arguments[0].click()' successfully

2019-11-15 16:19:24 - [MESSAGE][PASSED] - Call Test Case 'Test Cases/TestCaseUtilities/rsLogin' successfully

2019-11-15 16:19:24 - [TEST_STEP][PASSED] - loginURL = UtilityMethods.concat("https://mirandakate.", RSTestEnvt, ".com/account/#!/checkout"): null

2019-11-15 16:19:24 - [TEST_STEP][PASSED] - click(findTestObject("Object Repository/ReplicatedSite/a_shop")): Object: 'Object Repository/ReplicatedSite/a_shop' is clicked on

2019-11-15 16:19:52 - [MESSAGE][PASSED] - Object: 'Object Repository/ReplicatedSite/a_shop' is clicked on

2019-11-15 16:19:52 - [TEST_STEP][PASSED] - delay(3): Delayed 3 second(s)

2019-11-15 16:19:55 - [MESSAGE][PASSED] - Delayed 3 second(s)

2019-11-15 16:19:55 - [TEST_STEP][PASSED] - click(findTestObject("Object Repository/ReplicatedSite/div_first_item_to_buy_from_vs")): Object: 'Object Repository/ReplicatedSite/div_first_item_to_buy_from_vs' is clicked on

2019-11-15 16:20:16 - [MESSAGE][PASSED] - Object: 'Object Repository/ReplicatedSite/div_first_item_to_buy_from_vs' is clicked on

2019-11-15 16:20:16 - [TEST_STEP][PASSED] - delay(3): Delayed 3 second(s)

2019-11-15 16:20:19 - [MESSAGE][PASSED] - Delayed 3 second(s)

2019-11-15 16:20:19 - [TEST_STEP][PASSED] - noOfOptions = findWebElements(findTestObject("Object Repository/virualShowRSVPOR/Page_Show microsite/div_no_of_options_for_checkout"), 5): null

2019-11-15 16:20:19 - [TEST_STEP][PASSED] - for ([i = 1, i <= noOfOptions.size(), (i++)]): Delayed 3 second(s)

2019-11-15 16:20:19 - [TEST_STEP][PASSED] - dropDown = UtilityMethods.createTestObject("div_drop_down", "(//div[@class='add-to-cart-form']/div[@class='attribute ng-scope']/div[@class='input-select ng-scope']/select)[", String.valueOf(i), "]"): null

2019-11-15 16:20:19 - [TEST_STEP][PASSED] - click(dropDown): Object: 'div_drop_down' is clicked on

2019-11-15 16:20:19 - [MESSAGE][PASSED] - Object: 'div_drop_down' is clicked on

2019-11-15 16:20:19 - [TEST_STEP][PASSED] - selectLastOption = UtilityMethods.createTestObject("div_select_last_option", "(//div[@class='add-to-cart-form']/div[@class='attribute ng-scope']/div[@class='input-select ng-scope']/select)[", String.valueOf(i), "]/option[last()]"): null

2019-11-15 16:20:19 - [TEST_STEP][PASSED] - click(selectLastOption): Object: 'div_select_last_option' is clicked on

2019-11-15 16:20:19 - [MESSAGE][PASSED] - Object: 'div_select_last_option' is clicked on

2019-11-15 16:20:19 - [TEST_STEP][PASSED] - delay(3): Delayed 3 second(s)

2019-11-15 16:20:22 - [MESSAGE][PASSED] - Delayed 3 second(s)

2019-11-15 16:20:22 - [TEST_STEP][PASSED] - delay(3): Delayed 3 second(s)

2019-11-15 16:20:25 - [MESSAGE][PASSED] - Delayed 3 second(s)

2019-11-15 16:20:25 - [TEST_STEP][PASSED] - click(findTestObject("Object Repository/ReplicatedSite/button_add_item_to_bag")): Object: 'Object Repository/ReplicatedSite/button_add_item_to_bag' is clicked on

2019-11-15 16:20:25 - [MESSAGE][PASSED] - Object: 'Object Repository/ReplicatedSite/button_add_item_to_bag' is clicked on

2019-11-15 16:20:25 - [TEST_STEP][PASSED] - delay(3): Delayed 3 second(s)

2019-11-15 16:20:28 - [MESSAGE][PASSED] - Delayed 3 second(s)

2019-11-15 16:20:28 - [TEST_STEP][PASSED] - click(findTestObject("Object Repository/ReplicatedSite/a_cart_svg")): Object: 'Object Repository/ReplicatedSite/a_cart_svg' is clicked on

2019-11-15 16:20:28 - [MESSAGE][PASSED] - Object: 'Object Repository/ReplicatedSite/a_cart_svg' is clicked on

2019-11-15 16:20:28 - [TEST_STEP][PASSED] - delay(5): Delayed 5 second(s)

2019-11-15 16:20:33 - [MESSAGE][PASSED] - Delayed 5 second(s)

2019-11-15 16:20:33 - [TEST_STEP][PASSED] - click(findTestObject("Object Repository/ReplicatedSite/a_checkout")): Object: 'Object Repository/ReplicatedSite/a_checkout' is clicked on

2019-11-15 16:20:34 - [MESSAGE][PASSED] - Object: 'Object Repository/ReplicatedSite/a_checkout' is clicked on

2019-11-15 16:20:34 - [TEST_STEP][PASSED] - delay(10): Delayed 10 second(s)

2019-11-15 16:20:44 - [MESSAGE][PASSED] - Delayed 10 second(s)

2019-11-15 16:20:44 - [TEST_STEP][PASSED] - delay(10): Delayed 10 second(s)

2019-11-15 16:20:54 - [MESSAGE][PASSED] - Delayed 10 second(s)

2019-11-15 16:20:54 - [TEST_STEP][PASSED] - click(findTestObject("Object Repository/ReplicatedSite/input_other_address")): Object: 'Object Repository/ReplicatedSite/input_other_address' is clicked on

2019-11-15 16:20:54 - [MESSAGE][PASSED] - Object: 'Object Repository/ReplicatedSite/input_other_address' is clicked on

2019-11-15 16:20:54 - [TEST_STEP][PASSED] - click(findTestObject("Object Repository/ReplicatedSite/input_my_address_edit_order")): Object: 'Object Repository/ReplicatedSite/input_my_address_edit_order' is clicked on

2019-11-15 16:20:54 - [MESSAGE][PASSED] - Object: 'Object Repository/ReplicatedSite/input_my_address_edit_order' is clicked on

2019-11-15 16:20:54 - [TEST_STEP][PASSED] - waitForElementClickable(findTestObject("ReplicatedSite/button_save_and_continue"), 60): Object 'Object Repository/ReplicatedSite/button_save_and_continue' is clickable

2019-11-15 16:20:54 - [MESSAGE][PASSED] - Object 'Object Repository/ReplicatedSite/button_save_and_continue' is clickable

2019-11-15 16:20:54 - [TEST_STEP][PASSED] - savAndContinue = UtilityMethods.createTestObject("savAndContinue", "(//button/span[contains(text(), 'Save and Continue')])[1]"): null

2019-11-15 16:20:54 - [TEST_STEP][PASSED] - executeJavaScript("arguments[0].click()", Arrays.asList(findWebElement(savAndContinue, 30))): Execute JavaScript 'arguments[0].click()' successfully

2019-11-15 16:20:54 - [MESSAGE][PASSED] - Execute JavaScript 'arguments[0].click()' successfully

2019-11-15 16:20:54 - [TEST_STEP][PASSED] - driver = getWebDriver(): null

2019-11-15 16:20:54 - [TEST_STEP][PASSED] - element = driver.findElement(By.xpath("(//button/span[contains(text(), 'Save and Continue')])[1]")): null

2019-11-15 16:20:54 - [TEST_STEP][PASSED] - executor = driver: null

2019-11-15 16:20:54 - [TEST_STEP][PASSED] - delay(3): Delayed 3 second(s)

2019-11-15 16:20:57 - [MESSAGE][PASSED] - Delayed 3 second(s)

2019-11-15 16:20:57 - [TEST_STEP][PASSED] - executor.executeScript("arguments[0].click();", findWebElement(findTestObject("Object Repository/ReplicatedSite/input_pay_with_credit"), 5)): null

2019-11-15 16:20:57 - [TEST_STEP][PASSED] - executor.executeScript("arguments[0].click();", findWebElement(findTestObject("Object Repository/ReplicatedSite/button_add_another_card"), 5)): null

2019-11-15 16:20:57 - [TEST_STEP][PASSED] - executor.executeScript("arguments[0].click();", findWebElement(findTestObject("Object Repository/ReplicatedSite/select_credit_card_type"), 5)): null

2019-11-15 16:20:57 - [TEST_STEP][PASSED] - click(findTestObject("Object Repository/ReplicatedSite/select_credit_card_type")): Object: 'Object Repository/ReplicatedSite/select_credit_card_type' is clicked on

2019-11-15 16:20:57 - [MESSAGE][PASSED] - Object: 'Object Repository/ReplicatedSite/select_credit_card_type' is clicked on

2019-11-15 16:20:57 - [TEST_STEP][PASSED] - executor.executeScript("arguments[0].click();", findWebElement(findTestObject("Object Repository/ReplicatedSite/input_creditcard_first_name"), 5)): null

2019-11-15 16:20:57 - [TEST_STEP][PASSED] - setText(findTestObject("Object Repository/ReplicatedSite/input_creditcard_first_name"), "abcd"): Text 'abcd' is set on object 'Object Repository/ReplicatedSite/input_creditcard_first_name'

2019-11-15 16:20:58 - [MESSAGE][PASSED] - Text 'abcd' is set on object 'Object Repository/ReplicatedSite/input_creditcard_first_name'

2019-11-15 16:20:58 - [TEST_STEP][PASSED] - executor.executeScript("arguments[0].click();", findWebElement(findTestObject("Object Repository/ReplicatedSite/input_creditcard_last_name"), 5)): null

2019-11-15 16:20:58 - [TEST_STEP][PASSED] - setText(findTestObject("Object Repository/ReplicatedSite/input_creditcard_last_name"), "efgh"): Text 'efgh' is set on object 'Object Repository/ReplicatedSite/input_creditcard_last_name'

2019-11-15 16:20:58 - [MESSAGE][PASSED] - Text 'efgh' is set on object 'Object Repository/ReplicatedSite/input_creditcard_last_name'

2019-11-15 16:20:58 - [TEST_STEP][PASSED] - executor.executeScript("arguments[0].click();", findWebElement(findTestObject("Object Repository/ReplicatedSite/input_creditcard_card_number"), 5)): null

2019-11-15 16:20:58 - [TEST_STEP][PASSED] - setText(findTestObject("Object Repository/ReplicatedSite/input_creditcard_card_number"), "4111111111111111"): Text '4111111111111111' is set on object 'Object Repository/ReplicatedSite/input_creditcard_card_number'

2019-11-15 16:20:58 - [MESSAGE][PASSED] - Text '4111111111111111' is set on object 'Object Repository/ReplicatedSite/input_creditcard_card_number'

2019-11-15 16:20:58 - [TEST_STEP][PASSED] - executor.executeScript("arguments[0].click();", findWebElement(findTestObject("Object Repository/ReplicatedSite/input_creditcard_expiration_month"), 5)): null

2019-11-15 16:20:58 - [TEST_STEP][PASSED] - click(findTestObject("Object Repository/ReplicatedSite/input_creditcard_expiration_month")): Object: 'Object Repository/ReplicatedSite/input_creditcard_expiration_month' is clicked on

2019-11-15 16:20:58 - [MESSAGE][PASSED] - Object: 'Object Repository/ReplicatedSite/input_creditcard_expiration_month' is clicked on

2019-11-15 16:20:58 - [TEST_STEP][PASSED] - executor.executeScript("arguments[0].click();", findWebElement(findTestObject("Object Repository/ReplicatedSite/input_creditcard_expiration_year"), 5)): null

2019-11-15 16:20:58 - [TEST_STEP][PASSED] - click(findTestObject("Object Repository/ReplicatedSite/input_creditcard_expiration_year")): Object: 'Object Repository/ReplicatedSite/input_creditcard_expiration_year' is clicked on

2019-11-15 16:20:59 - [MESSAGE][PASSED] - Object: 'Object Repository/ReplicatedSite/input_creditcard_expiration_year' is clicked on

2019-11-15 16:20:59 - [TEST_STEP][PASSED] - executor.executeScript("arguments[0].click();", findWebElement(findTestObject("Object Repository/ReplicatedSite/input_billing_address"), 5)): null

2019-11-15 16:20:59 - [TEST_STEP][PASSED] - executor.executeScript("arguments[0].click();", findWebElement(findTestObject("Object Repository/ReplicatedSite/input_billing_location_mailing"), 5)): null

2019-11-15 16:20:59 - [TEST_STEP][PASSED] - executor.executeScript("arguments[0].click();", findWebElement(findTestObject("Object Repository/ReplicatedSite/input_billing_location_add_new"), 5)): null

2019-11-15 16:20:59 - [TEST_STEP][PASSED] - executor.executeScript("arguments[0].click();", findWebElement(findTestObject("Object Repository/ReplicatedSite/input_billing_location_mailing"), 5)): null

2019-11-15 16:20:59 - [TEST_STEP][PASSED] - driver = getWebDriver(): null

2019-11-15 16:20:59 - [TEST_STEP][PASSED] - element = driver.findElement(By.xpath("(//button[@type='submit']/span[contains(text(), 'Save')])[2]")): null

2019-11-15 16:20:59 - [TEST_STEP][PASSED] - actions = new org.openqa.selenium.interactions.Actions(driver): null

2019-11-15 16:20:59 - [TEST_STEP][PASSED] - build().perform(): null

2019-11-15 16:20:59 - [TEST_STEP][PASSED] - delay(10): Delayed 10 second(s)

2019-11-15 16:21:09 - [MESSAGE][PASSED] - Delayed 10 second(s)

2019-11-15 16:21:09 - [TEST_STEP][PASSED] - waitForElementClickable(findTestObject("ReplicatedSite/button_save_and_continue_2"), 60): Object 'Object Repository/ReplicatedSite/button_save_and_continue_2' is clickable

2019-11-15 16:21:09 - [MESSAGE][PASSED] - Object 'Object Repository/ReplicatedSite/button_save_and_continue_2' is clickable

2019-11-15 16:21:09 - [TEST_STEP][PASSED] - driver = getWebDriver(): null

2019-11-15 16:21:09 - [TEST_STEP][PASSED] - element = driver.findElement(By.xpath("(//button/span[contains(text(), 'Save and Continue')])[2]")): null

2019-11-15 16:21:09 - [TEST_STEP][PASSED] - executor.executeScript("arguments[0].click();", element): null

2019-11-15 16:21:09 - [TEST_STEP][PASSED] - delay(5): Delayed 5 second(s)

2019-11-15 16:21:14 - [MESSAGE][PASSED] - Delayed 5 second(s)

2019-11-15 16:21:14 - [TEST_STEP][PASSED] - waitForElementClickable(findTestObject("Object Repository/ReplicatedSite/span_complete_order"), 30): Object 'Object Repository/ReplicatedSite/span_complete_order' is clickable

2019-11-15 16:21:14 - [MESSAGE][PASSED] - Object 'Object Repository/ReplicatedSite/span_complete_order' is clickable

2019-11-15 16:21:14 - [TEST_STEP][PASSED] - element = driver.findElement(By.xpath("//span[contains(text(), 'COMPLETE ORDER')]")): null

2019-11-15 16:21:14 - [TEST_STEP][PASSED] - executor.executeScript("arguments[0].click();", element): null

2019-11-15 16:21:14 - [TEST_STEP][PASSED] - delay(5): Delayed 5 second(s)

2019-11-15 16:21:19 - [MESSAGE][PASSED] - Delayed 5 second(s)

2019-11-15 16:21:19 - [TEST_STEP][PASSED] - executor.executeScript("arguments[0].click();", findWebElement(findTestObject("Object Repository/ReplicatedSite/h1_thanks_msg"), 5)): null

2019-11-15 16:21:19 - [TEST_STEP][PASSED] - delay(3): Delayed 3 second(s)

2019-11-15 16:21:22 - [MESSAGE][PASSED] - Delayed 3 second(s)

2019-11-15 16:21:22 - [MESSAGE][PASSED] - Call Test Case 'Test Cases/EditOrder/retailOrderRS' successfully

2019-11-15 16:21:22 - [TEST_STEP][PASSED] - verifyElementText(findTestObject("Object Repository/ReplicatedSite/h1_thanks_msg"), "Thanks for placing your order!"): Actual text and expected text of test object 'Object Repository/ReplicatedSite/h1_thanks_msg' are matched.

2019-11-15 16:21:22 - [MESSAGE][PASSED] - Actual text and expected text of test object 'Object Repository/ReplicatedSite/h1_thanks_msg' are matched.

2019-11-15 16:21:22 - [TEST_STEP][PASSED] - orderID = getText(findTestObject("Object Repository/ReplicatedSite/span_rs_orderid")): Text of object 'Object Repository/ReplicatedSite/span_rs_orderid' is: 'RP708512418'

2019-11-15 16:21:22 - [MESSAGE][PASSED] - Text of object 'Object Repository/ReplicatedSite/span_rs_orderid' is: 'RP708512418'

2019-11-15 16:21:22 - [TEST_STEP][PASSED] - println(orderID): null

2019-11-15 16:21:22 - [TEST_STEP][PASSED] - delay(5): Delayed 5 second(s)

2019-11-15 16:21:27 - [MESSAGE][PASSED] - Delayed 5 second(s)

2019-11-15 16:21:27 - [TEST_STEP][PASSED] - editOrderButton = findWebElements(findTestObject("Object Repository/ReplicatedSite/div_edit_order_rs"), 5): null

2019-11-15 16:21:27 - [TEST_STEP][PASSED] - assert editOrderButton.size() > 0: null

2019-11-15 16:21:27 - [TEST_STEP][PASSED] - click(findTestObject("Object Repository/ReplicatedSite/div_edit_order_rs")): Object: 'Object Repository/ReplicatedSite/div_edit_order_rs' is clicked on

2019-11-15 16:21:28 - [MESSAGE][PASSED] - Object: 'Object Repository/ReplicatedSite/div_edit_order_rs' is clicked on

2019-11-15 16:21:28 - [TEST_STEP][PASSED] - delay(10): Delayed 10 second(s)

2019-11-15 16:21:38 - [MESSAGE][PASSED] - Delayed 10 second(s)

2019-11-15 16:21:38 - [TEST_STEP][PASSED] - click(findTestObject("Object Repository/ReplicatedSite/a_update_order")): Object: 'Object Repository/ReplicatedSite/a_update_order' is clicked on

2019-11-15 16:21:38 - [MESSAGE][PASSED] - Object: 'Object Repository/ReplicatedSite/a_update_order' is clicked on

2019-11-15 16:21:38 - [TEST_STEP][PASSED] - delay(5): Delayed 5 second(s)

2019-11-15 16:21:43 - [MESSAGE][PASSED] - Delayed 5 second(s)

2019-11-15 16:21:43 - [TEST_STEP][PASSED] - callTestCase(findTestCase("EditOrder/rsUpdateOrder"), [:], STOP_ON_FAILURE): Call Test Case 'Test Cases/EditOrder/rsUpdateOrder' successfully

2019-11-15 16:21:43 - [TEST_CASE][PASSED] - Test Cases/EditOrder/rsUpdateOrder: Test Cases/EditOrder/rsUpdateOrder

2019-11-15 16:21:43 - [TEST_STEP][PASSED] - driver = getWebDriver(): null

2019-11-15 16:21:43 - [TEST_STEP][PASSED] - executor = driver: null

2019-11-15 16:21:43 - [TEST_STEP][PASSED] - element = <not implemented yet for class: org.codehaus.groovy.ast.expr.EmptyExpression>: null

2019-11-15 16:21:43 - [TEST_STEP][PASSED] - actions = <not implemented yet for class: org.codehaus.groovy.ast.expr.EmptyExpression>: null

2019-11-15 16:21:43 - [TEST_STEP][PASSED] - click(findTestObject("Object Repository/ReplicatedSite/input_other_address")): Object: 'Object Repository/ReplicatedSite/input_other_address' is clicked on

2019-11-15 16:21:47 - [MESSAGE][PASSED] - Object: 'Object Repository/ReplicatedSite/input_other_address' is clicked on

2019-11-15 16:21:47 - [TEST_STEP][PASSED] - contactNumber = 3: null

2019-11-15 16:21:47 - [TEST_STEP][PASSED] - address1 = findTestData("contactData").getValue("address1", contactNumber): null

2019-11-15 16:21:47 - [TEST_STEP][PASSED] - city = findTestData("contactData").getValue("city", contactNumber): null

2019-11-15 16:21:47 - [TEST_STEP][PASSED] - state = findTestData("contactData").getValue("state", contactNumber): null

2019-11-15 16:21:47 - [TEST_STEP][PASSED] - zip = findTestData("contactData").getValue("zip", contactNumber): null

2019-11-15 16:21:47 - [TEST_STEP][PASSED] - setText(findTestObject("Object Repository/ReplicatedSite/input_address1_update"), address1): Text '974 BRAHMS CT' is set on object 'Object Repository/ReplicatedSite/input_address1_update'

2019-11-15 16:21:47 - [MESSAGE][PASSED] - Text '974 BRAHMS CT' is set on object 'Object Repository/ReplicatedSite/input_address1_update'

2019-11-15 16:21:47 - [TEST_STEP][PASSED] - setText(findTestObject("Object Repository/ReplicatedSite/input_city_update"), city): Text 'TROY' is set on object 'Object Repository/ReplicatedSite/input_city_update'

2019-11-15 16:21:47 - [MESSAGE][PASSED] - Text 'TROY' is set on object 'Object Repository/ReplicatedSite/input_city_update'

2019-11-15 16:21:47 - [TEST_STEP][PASSED] - xpath = UtilityMethods.concat("//select[@id='stateProvince']/option[@label='", state, "']"): null

2019-11-15 16:21:47 - [TEST_STEP][PASSED] - addressState = new com.kms.katalon.core.testobject.TestObject(select_state_dynamic): null

2019-11-15 16:21:47 - [TEST_STEP][PASSED] - addressState.addProperty("xpath", EQUALS, xpath): null

2019-11-15 16:21:47 - [TEST_STEP][PASSED] - click(addressState): Object: 'select_state_dynamic' is clicked on

2019-11-15 16:21:47 - [MESSAGE][PASSED] - Object: 'select_state_dynamic' is clicked on

2019-11-15 16:21:47 - [TEST_STEP][PASSED] - setText(findTestObject("Object Repository/ReplicatedSite/input_postal_code_update"), zip): Text '48085' is set on object 'Object Repository/ReplicatedSite/input_postal_code_update'

2019-11-15 16:21:47 - [MESSAGE][PASSED] - Text '48085' is set on object 'Object Repository/ReplicatedSite/input_postal_code_update'

2019-11-15 16:21:47 - [TEST_STEP][PASSED] - delay(4): Delayed 4 second(s)

2019-11-15 16:21:51 - [MESSAGE][PASSED] - Delayed 4 second(s)

2019-11-15 16:21:51 - [TEST_STEP][PASSED] - driver = getWebDriver(): null

2019-11-15 16:21:51 - [TEST_STEP][PASSED] - element = driver.findElement(By.xpath("//button[@type='submit']/span[contains(text(), 'Save')]")): null

2019-11-15 16:21:51 - [TEST_STEP][PASSED] - actions = new org.openqa.selenium.interactions.Actions(driver): null

2019-11-15 16:21:51 - [TEST_STEP][PASSED] - build().perform(): null

2019-11-15 16:21:52 - [TEST_STEP][PASSED] - waitForElementClickable(findTestObject("Object Repository/ReplicatedSite/button_save_and_continue"), 30): Object 'Object Repository/ReplicatedSite/button_save_and_continue' is clickable

2019-11-15 16:21:52 - [MESSAGE][PASSED] - Object 'Object Repository/ReplicatedSite/button_save_and_continue' is clickable

2019-11-15 16:21:52 - [TEST_STEP][PASSED] - element = driver.findElement(By.xpath("(//button[@class='btn pull-right'])[1]")): null

2019-11-15 16:21:52 - [TEST_STEP][PASSED] - executor = driver: null

2019-11-15 16:21:52 - [TEST_STEP][PASSED] - executor.executeScript("arguments[0].click();", element): null

2019-11-15 16:21:52 - [TEST_STEP][PASSED] - delay(3): Delayed 3 second(s)

2019-11-15 16:21:55 - [MESSAGE][PASSED] - Delayed 3 second(s)

2019-11-15 16:21:55 - [TEST_STEP][PASSED] - executor.executeScript("arguments[0].click();", findWebElement(findTestObject("Object Repository/ReplicatedSite/input_make_donation"), 5)): null

2019-11-15 16:21:55 - [TEST_STEP][PASSED] - delay(2): Delayed 2 second(s)

2019-11-15 16:21:57 - [MESSAGE][PASSED] - Delayed 2 second(s)

2019-11-15 16:21:57 - [TEST_STEP][PASSED] - executor.executeScript("arguments[0].click();", findWebElement(findTestObject("Object Repository/ReplicatedSite/input_make_donation"), 5)): null

2019-11-15 16:21:57 - [TEST_STEP][PASSED] - executor.executeScript("arguments[0].click();", findWebElement(findTestObject("Object Repository/ReplicatedSite/input_pay_with_gc"), 5)): null

2019-11-15 16:21:57 - [TEST_STEP][PASSED] - delay(2): Delayed 2 second(s)

2019-11-15 16:21:59 - [MESSAGE][PASSED] - Delayed 2 second(s)

2019-11-15 16:21:59 - [TEST_STEP][PASSED] - executor.executeScript("arguments[0].click();", findWebElement(findTestObject("Object Repository/ReplicatedSite/input_pay_with_gc"), 5)): null

2019-11-15 16:21:59 - [TEST_STEP][PASSED] - executor.executeScript("arguments[0].click();", findWebElement(findTestObject("Object Repository/ReplicatedSite/input_pay_with_credit"), 5)): null

2019-11-15 16:21:59 - [TEST_STEP][PASSED] - delay(2): Delayed 2 second(s)

2019-11-15 16:22:01 - [MESSAGE][PASSED] - Delayed 2 second(s)

2019-11-15 16:22:01 - [TEST_STEP][PASSED] - executor.executeScript("arguments[0].click();", findWebElement(findTestObject("Object Repository/ReplicatedSite/input_pay_with_credit"), 5)): null

2019-11-15 16:22:01 - [TEST_STEP][PASSED] - delay(2): Delayed 2 second(s)

2019-11-15 16:22:03 - [MESSAGE][PASSED] - Delayed 2 second(s)

2019-11-15 16:22:03 - [TEST_STEP][PASSED] - RSURL = findTestData("envtData").getValue("RSURL", 1): null

2019-11-15 16:22:03 - [TEST_STEP][PASSED] - cartURL = UtilityMethods.concat(RSURL, "/cart/"): null

2019-11-15 16:22:03 - [TEST_STEP][PASSED] - navigateToUrl(cartURL): Navigate to 'https://mirandakate.cabitest5.com/cart/' successfully

2019-11-15 16:22:12 - [MESSAGE][PASSED] - Navigate to 'https://mirandakate.cabitest5.com/cart/' successfully

2019-11-15 16:22:12 - [MESSAGE][PASSED] - Call Test Case 'Test Cases/EditOrder/rsUpdateOrder' successfully

2019-11-15 16:22:12 - [TEST_STEP][PASSED] - delay(3): Delayed 3 second(s)

2019-11-15 16:22:15 - [MESSAGE][PASSED] - Delayed 3 second(s)

2019-11-15 16:22:15 - [TEST_STEP][PASSED] - click(findTestObject("Object Repository/ReplicatedSite/a_cancel_edit")): Object: 'Object Repository/ReplicatedSite/a_cancel_edit' is clicked on

2019-11-15 16:22:15 - [MESSAGE][PASSED] - Object: 'Object Repository/ReplicatedSite/a_cancel_edit' is clicked on

2019-11-15 16:22:15 - [TEST_STEP][PASSED] - cancelEditButton = findWebElements(findTestObject("Object Repository/ReplicatedSite/h2_sure_to_cancel_edit"), 1): null

2019-11-15 16:22:15 - [TEST_STEP][PASSED] - assert cancelEditButton.size() > 0: null

2019-11-15 16:22:15 - [TEST_STEP][PASSED] - click(findTestObject("ReplicatedSite/button_yes_cancel_edit")): Object: 'Object Repository/ReplicatedSite/button_yes_cancel_edit' is clicked on

2019-11-15 16:22:15 - [MESSAGE][PASSED] - Object: 'Object Repository/ReplicatedSite/button_yes_cancel_edit' is clicked on

2019-11-15 16:22:15 - [TEST_STEP][PASSED] - xpath = UtilityMethods.concat("//span[contains(text(), '", orderID, "')]/parent::div/parent::div/div[@class='table-row-edit-order']"): null

2019-11-15 16:22:15 - [TEST_STEP][PASSED] - to = new com.kms.katalon.core.testobject.TestObject(a_edit_link): null

2019-11-15 16:22:15 - [TEST_STEP][PASSED] - to.addProperty("xpath", EQUALS, xpath): null

2019-11-15 16:22:15 - [TEST_STEP][PASSED] - delay(5): Delayed 5 second(s)

2019-11-15 16:22:20 - [MESSAGE][PASSED] - Delayed 5 second(s)

2019-11-15 16:22:20 - [TEST_STEP][PASSED] - println(to.getXpaths()): null

2019-11-15 16:22:20 - [TEST_STEP][PASSED] - click(to): Object: 'a_edit_link' is clicked on

2019-11-15 16:22:23 - [MESSAGE][PASSED] - Object: 'a_edit_link' is clicked on

2019-11-15 16:22:23 - [TEST_STEP][PASSED] - delay(5): Delayed 5 second(s)

2019-11-15 16:22:28 - [MESSAGE][PASSED] - Delayed 5 second(s)

2019-11-15 16:22:28 - [TEST_STEP][PASSED] - click(findTestObject("Object Repository/ReplicatedSite/a_cancel_order")): Object: 'Object Repository/ReplicatedSite/a_cancel_order' is clicked on

2019-11-15 16:22:32 - [MESSAGE][PASSED] - Object: 'Object Repository/ReplicatedSite/a_cancel_order' is clicked on

2019-11-15 16:22:32 - [TEST_STEP][PASSED] - delay(5): Delayed 5 second(s)

2019-11-15 16:22:37 - [MESSAGE][PASSED] - Delayed 5 second(s)

2019-11-15 16:22:37 - [TEST_STEP][PASSED] - cancelOrderButton = findWebElements(findTestObject("Object Repository/ReplicatedSite/h2_sure_to_cancel_order"), 1): null

2019-11-15 16:22:37 - [TEST_STEP][PASSED] - assert cancelOrderButton.size() > 0: null

2019-11-15 16:22:37 - [TEST_STEP][PASSED] - click(findTestObject("Object Repository/ReplicatedSite/button_yes_cancel_order")): Object: 'Object Repository/ReplicatedSite/button_yes_cancel_order' is clicked on

2019-11-15 16:22:37 - [MESSAGE][PASSED] - Object: 'Object Repository/ReplicatedSite/button_yes_cancel_order' is clicked on

2019-11-15 16:22:37 - [TEST_STEP][PASSED] - delay(5): Delayed 5 second(s)

2019-11-15 16:22:42 - [MESSAGE][PASSED] - Delayed 5 second(s)

2019-11-15 16:22:42 - [TEST_STEP][PASSED] - div_cancelled_order = UtilityMethods.createTestObject("div_cancelled_order", "//span[contains(text(), '", orderID, "')]/parent::div/parent::div/div[@class='table-row-status']/span"): null

2019-11-15 16:22:42 - [TEST_STEP][PASSED] - println(getText(div_cancelled_order)): Text of object 'div_cancelled_order' is: 'Cancelled'

2019-11-15 16:22:49 - [MESSAGE][PASSED] - Text of object 'div_cancelled_order' is: 'Cancelled'

2019-11-15 16:22:49 - [TEST_STEP][PASSED] - verifyElementText(div_cancelled_order, "Cancelled"): Actual text and expected text of test object 'div_cancelled_order' are matched.

2019-11-15 16:22:49 - [MESSAGE][PASSED] - Actual text and expected text of test object 'div_cancelled_order' are matched.]]></system-out>
         <system-err><![CDATA[]]></system-err>
      </testcase>
      <system-out><![CDATA[2019-11-15 16:14:33 - [TEST_SUITE][PASSED] - EditOrderSuite: Test Cases/EditOrder-V/rsEditOrderRS]]></system-out>
      <system-err><![CDATA[]]></system-err>
   </testsuite>
</testsuites>
