<?xml version="1.0" encoding="UTF-8"?>
<testsuites name="stressSuiteRetailOrder" time="204" tests="1" failures="0" errors="0">
   <testsuite name="stressSuiteRetailOrder" tests="1" failures="0" errors="0" time="204" timestamp="2019-10-05 22:09:58" hostname="user - Nivedita" id="Test Suites/stressSuiteRetailOrder">
      <properties>
         <property name="deviceName" value=""/>
         <property name="devicePlatform" value=""/>
         <property name="logFolder" value="C:\\Users\\user\\Documents\\testautomation\\KatalonProjects\\Reports\\stressSuiteRetailOrder\\20191005_220937"/>
         <property name="logFiles" value="C:\\Users\\user\\Documents\\testautomation\\KatalonProjects\\Reports\\stressSuiteRetailOrder\\20191005_220937\\execution0.log"/>
         <property name="attachments" value=""/>
         <property name="hostName" value="user - Nivedita"/>
         <property name="os" value="Windows 8.1 64bit"/>
         <property name="katalonVersion" value="6.1.1.1"/>
         <property name="browser" value="Chrome 77.0.3865.90"/>
         <property name="hostAddress" value="192.168.43.31"/>
         <property name="sessionId" value="fdf02d3e4d0ae895276881ecdc3bf9a1"/>
         <property name="seleniumVersion" value="3.7.1"/>
         <property name="proxyInformation" value="ProxyInformation{proxyOption=NO_PROXY, proxyServerType=HTTP, password=, proxyServerAddress=, proxyServerPort=0}"/>
         <property name="platform" value="Windows 8.1"/>
      </properties>
      <testcase name="Test Cases/EditOrder-V/retailOrderBO" classname="Test Cases/EditOrder-V/retailOrderBO" status="PASSED">
         <system-out><![CDATA[2019-10-05 22:10:04 - [TEST_CASE][PASSED] - Test Cases/EditOrder-V/retailOrderBO: Test Cases/EditOrder-V/retailOrderBO

2019-10-05 22:10:06 - [TEST_STEP][PASSED] - Start listener action : sampleBeforeTestCase: null

2019-10-05 22:10:07 - [TEST_STEP][PASSED] - println(testCaseContext.getTestCaseId()): null

2019-10-05 22:10:07 - [TEST_STEP][PASSED] - println(testCaseContext.getTestCaseVariables()): null

2019-10-05 22:10:13 - [TEST_STEP][PASSED] - openBrowser(""): Browser is opened with url: ''

2019-10-05 22:10:18 - [MESSAGE][INFO] - Starting 'Chrome' driver

2019-10-05 22:10:18 - [MESSAGE][INFO] - User set preference: ['args', '[--use-fake-ui-for-media-stream, --start-maximized]']

2019-10-05 22:10:18 - [MESSAGE][INFO] - Action delay is set to 0 seconds

2019-10-05 22:10:34 - [MESSAGE][PASSED] - Browser is opened with url: ''

2019-10-05 22:10:34 - [TEST_STEP][PASSED] - callTestCase(findTestCase("TestCaseUtilities/backOfficeLogin"), ["BOURL":"", "BOuser":"", "BOpass":""], STOP_ON_FAILURE): Call Test Case 'Test Cases/TestCaseUtilities/backOfficeLogin' successfully

2019-10-05 22:10:35 - [TEST_CASE][PASSED] - Test Cases/TestCaseUtilities/backOfficeLogin: Test Cases/TestCaseUtilities/backOfficeLogin

2019-10-05 22:10:37 - [TEST_STEP][PASSED] - BOURL = findTestData("envtData").getValue("BOURL", 1): null

2019-10-05 22:10:44 - [TEST_STEP][PASSED] - BOuser = findTestData("credData").getValue("BOuser", 1): null

2019-10-05 22:10:44 - [TEST_STEP][PASSED] - BOpass = findTestData("credData").getValue("BOpass", 1): null

2019-10-05 22:10:44 - [TEST_STEP][PASSED] - openBrowser(""): Browser is opened with url: ''

2019-10-05 22:10:44 - [MESSAGE][WARNING] - A browser is already opened. Closing browser and opening a new one

2019-10-05 22:10:49 - [MESSAGE][INFO] - Starting 'Chrome' driver

2019-10-05 22:10:49 - [MESSAGE][INFO] - User set preference: ['args', '[--use-fake-ui-for-media-stream, --start-maximized]']

2019-10-05 22:10:54 - [MESSAGE][PASSED] - Browser is opened with url: ''

2019-10-05 22:10:54 - [TEST_STEP][PASSED] - navigateToUrl(BOURL): Navigate to 'https://test9.cliotest.com/backoffice/control/main' successfully

2019-10-05 22:11:06 - [MESSAGE][PASSED] - Navigate to 'https://test9.cliotest.com/backoffice/control/main' successfully

2019-10-05 22:11:06 - [TEST_STEP][PASSED] - logOut = findWebElements(findTestObject("Object Repository/Page_cabi Home/log_out"), 1): Unable to find the element located by 'By.xpath: //a[contains(text(),'Log Out')]'. Please recheck the objects properties to make sure the desired element is located. 

2019-10-05 22:11:08 - [MESSAGE][INFO] - Unable to find the element located by 'By.xpath: //a[contains(text(),'Log Out')]'. Please recheck the objects properties to make sure the desired element is located. 

2019-10-05 22:11:08 - [TEST_STEP][PASSED] - if (logOut.size() == 0): Object: 'Object Repository/Page_cabi/input_Welcome to_consultantLogin' is clicked on

2019-10-05 22:11:08 - [TEST_STEP][PASSED] - setText(findTestObject("Page_cabi/input_Welcome to_USERNAME"), BOuser): Text '400000002' is set on object 'Object Repository/Page_cabi/input_Welcome to_USERNAME'

2019-10-05 22:11:09 - [MESSAGE][PASSED] - Text '400000002' is set on object 'Object Repository/Page_cabi/input_Welcome to_USERNAME'

2019-10-05 22:11:09 - [TEST_STEP][PASSED] - setText(findTestObject("Object Repository/Page_cabi/input_Welcome to_PASSWORD"), BOpass): Text 'blackdress19' is set on object 'Object Repository/Page_cabi/input_Welcome to_PASSWORD'

2019-10-05 22:11:10 - [MESSAGE][PASSED] - Text 'blackdress19' is set on object 'Object Repository/Page_cabi/input_Welcome to_PASSWORD'

2019-10-05 22:11:10 - [TEST_STEP][PASSED] - click(findTestObject("Object Repository/Page_cabi/input_Welcome to_consultantLogin")): Object: 'Object Repository/Page_cabi/input_Welcome to_consultantLogin' is clicked on

2019-10-05 22:11:25 - [MESSAGE][PASSED] - Object: 'Object Repository/Page_cabi/input_Welcome to_consultantLogin' is clicked on

2019-10-05 22:11:25 - [TEST_STEP][PASSED] - delay(3): Delayed 3 second(s)

2019-10-05 22:11:28 - [MESSAGE][PASSED] - Delayed 3 second(s)

2019-10-05 22:11:28 - [MESSAGE][PASSED] - Call Test Case 'Test Cases/TestCaseUtilities/backOfficeLogin' successfully

2019-10-05 22:11:28 - [TEST_STEP][PASSED] - click(findTestObject("Object Repository/Page_cabi Home/a_Shows  Orders")): Object: 'Object Repository/Page_cabi Home/a_Shows  Orders' is clicked on

2019-10-05 22:11:28 - [MESSAGE][PASSED] - Object: 'Object Repository/Page_cabi Home/a_Shows  Orders' is clicked on

2019-10-05 22:11:28 - [TEST_STEP][PASSED] - delay(1): Delayed 1 second(s)

2019-10-05 22:11:29 - [MESSAGE][PASSED] - Delayed 1 second(s)

2019-10-05 22:11:29 - [TEST_STEP][PASSED] - click(findTestObject("Page_cabi Home/a_Shows  Orders")): Object: 'Object Repository/Page_cabi Home/a_Shows  Orders' is clicked on

2019-10-05 22:11:30 - [MESSAGE][PASSED] - Object: 'Object Repository/Page_cabi Home/a_Shows  Orders' is clicked on

2019-10-05 22:11:30 - [TEST_STEP][PASSED] - click(findTestObject("Page_cabi Home/a_retail_purchases")): Object: 'Object Repository/Page_cabi Home/a_retail_purchases' is clicked on

2019-10-05 22:11:38 - [MESSAGE][PASSED] - Object: 'Object Repository/Page_cabi Home/a_retail_purchases' is clicked on

2019-10-05 22:11:38 - [TEST_STEP][PASSED] - delay(3): Delayed 3 second(s)

2019-10-05 22:11:41 - [MESSAGE][PASSED] - Delayed 3 second(s)

2019-10-05 22:11:41 - [TEST_STEP][PASSED] - click(findTestObject("Object Repository/Page_cabi Home/existingCustomer")): Object: 'Object Repository/Page_cabi Home/existingCustomer' is clicked on

2019-10-05 22:11:43 - [MESSAGE][PASSED] - Object: 'Object Repository/Page_cabi Home/existingCustomer' is clicked on

2019-10-05 22:11:43 - [TEST_STEP][PASSED] - contactNumber = 3: null

2019-10-05 22:11:43 - [TEST_STEP][PASSED] - firstName = findTestData("contactData").getValue("firstName", contactNumber): null

2019-10-05 22:11:43 - [TEST_STEP][PASSED] - lastName = findTestData("contactData").getValue("lastName", contactNumber): null

2019-10-05 22:11:43 - [TEST_STEP][PASSED] - email = findTestData("contactData").getValue("email", contactNumber): null

2019-10-05 22:11:43 - [TEST_STEP][PASSED] - address1 = findTestData("contactData").getValue("address1", contactNumber): null

2019-10-05 22:11:43 - [TEST_STEP][PASSED] - city = findTestData("contactData").getValue("city", contactNumber): null

2019-10-05 22:11:44 - [TEST_STEP][PASSED] - state = findTestData("contactData").getValue("state", contactNumber): null

2019-10-05 22:11:44 - [TEST_STEP][PASSED] - zip = findTestData("contactData").getValue("zip", contactNumber): null

2019-10-05 22:11:44 - [TEST_STEP][PASSED] - existingCustFName = firstName: null

2019-10-05 22:11:44 - [TEST_STEP][PASSED] - existingCustLName = lastName: null

2019-10-05 22:11:44 - [TEST_STEP][PASSED] - space = " ": null

2019-10-05 22:11:44 - [TEST_STEP][PASSED] - existingCust = $existingCustFName$space$existingCustLName: null

2019-10-05 22:11:44 - [TEST_STEP][PASSED] - setText(findTestObject("Object Repository/Page_cabi Home/input_existing_guest"), existingCust): Text 'guest1-test abc' is set on object 'Object Repository/Page_cabi Home/input_existing_guest'

2019-10-05 22:11:46 - [MESSAGE][PASSED] - Text 'guest1-test abc' is set on object 'Object Repository/Page_cabi Home/input_existing_guest'

2019-10-05 22:11:46 - [TEST_STEP][PASSED] - delay(2): Delayed 2 second(s)

2019-10-05 22:11:48 - [MESSAGE][PASSED] - Delayed 2 second(s)

2019-10-05 22:11:48 - [TEST_STEP][PASSED] - sendKeys(findTestObject("Object Repository/Page_cabi Home/input_existing_guest"), Keys.chord(ARROW_DOWN)): Keys 'DOWN + ' sent to object: 'Object Repository/Page_cabi Home/input_existing_guest'

2019-10-05 22:11:49 - [MESSAGE][PASSED] - Keys 'DOWN + ' sent to object: 'Object Repository/Page_cabi Home/input_existing_guest'

2019-10-05 22:11:49 - [TEST_STEP][PASSED] - sendKeys(findTestObject("Object Repository/Page_cabi Home/input_existing_guest"), Keys.chord(ENTER)): Keys 'ENTER + ' sent to object: 'Object Repository/Page_cabi Home/input_existing_guest'

2019-10-05 22:11:50 - [MESSAGE][PASSED] - Keys 'ENTER + ' sent to object: 'Object Repository/Page_cabi Home/input_existing_guest'

2019-10-05 22:11:50 - [TEST_STEP][PASSED] - setText(findTestObject("Object Repository/Page_cabi Retail Store/input_email"), email): Text 'guest1-test@test.com' is set on object 'Object Repository/Page_cabi Retail Store/input_email'

2019-10-05 22:11:52 - [MESSAGE][PASSED] - Text 'guest1-test@test.com' is set on object 'Object Repository/Page_cabi Retail Store/input_email'

2019-10-05 22:11:52 - [TEST_STEP][PASSED] - setText(findTestObject("Object Repository/Page_cabi Edit Customer Profile/input_Address1_address1"), address1): Text '975 BRAHMS CT' is set on object 'Object Repository/Page_cabi Edit Customer Profile/input_Address1_address1'

2019-10-05 22:11:54 - [MESSAGE][PASSED] - Text '975 BRAHMS CT' is set on object 'Object Repository/Page_cabi Edit Customer Profile/input_Address1_address1'

2019-10-05 22:11:54 - [TEST_STEP][PASSED] - setText(findTestObject("Object Repository/Page_cabi Edit Customer Profile/input_Address2_address2"), ""): Text '' is set on object 'Object Repository/Page_cabi Edit Customer Profile/input_Address2_address2'

2019-10-05 22:11:54 - [MESSAGE][PASSED] - Text '' is set on object 'Object Repository/Page_cabi Edit Customer Profile/input_Address2_address2'

2019-10-05 22:11:54 - [TEST_STEP][PASSED] - setText(findTestObject("Object Repository/Page_cabi Edit Customer Profile/input_City_city"), city): Text 'TROY' is set on object 'Object Repository/Page_cabi Edit Customer Profile/input_City_city'

2019-10-05 22:11:55 - [MESSAGE][PASSED] - Text 'TROY' is set on object 'Object Repository/Page_cabi Edit Customer Profile/input_City_city'

2019-10-05 22:11:55 - [TEST_STEP][PASSED] - click(findTestObject("Page_cabi Edit Customer Profile/span_select_a_state")): Object: 'Object Repository/Page_cabi Edit Customer Profile/span_select_a_state' is clicked on

2019-10-05 22:11:57 - [MESSAGE][PASSED] - Object: 'Object Repository/Page_cabi Edit Customer Profile/span_select_a_state' is clicked on

2019-10-05 22:11:57 - [TEST_STEP][PASSED] - delay(1): Delayed 1 second(s)

2019-10-05 22:11:58 - [MESSAGE][PASSED] - Delayed 1 second(s)

2019-10-05 22:11:58 - [TEST_STEP][PASSED] - setText(findTestObject("Page_cabi Edit Customer Profile/input_state_postalCode"), zip): Text '48085' is set on object 'Object Repository/Page_cabi Edit Customer Profile/input_state_postalCode'

2019-10-05 22:11:58 - [MESSAGE][PASSED] - Text '48085' is set on object 'Object Repository/Page_cabi Edit Customer Profile/input_state_postalCode'

2019-10-05 22:11:58 - [TEST_STEP][PASSED] - delay(5): Delayed 5 second(s)

2019-10-05 22:12:03 - [MESSAGE][PASSED] - Delayed 5 second(s)

2019-10-05 22:12:03 - [TEST_STEP][PASSED] - check(findTestObject("Object Repository/Page_cabi Home/a_same_shipping_address")): Object 'Object Repository/Page_cabi Home/a_same_shipping_address' is checked

2019-10-05 22:12:04 - [MESSAGE][PASSED] - Object 'Object Repository/Page_cabi Home/a_same_shipping_address' is checked

2019-10-05 22:12:04 - [TEST_STEP][PASSED] - delay(5): Delayed 5 second(s)

2019-10-05 22:12:09 - [MESSAGE][PASSED] - Delayed 5 second(s)

2019-10-05 22:12:09 - [TEST_STEP][PASSED] - check(findTestObject("Object Repository/Page_cabi Home/a_same_shipping_address")): Object 'Object Repository/Page_cabi Home/a_same_shipping_address' is checked

2019-10-05 22:12:09 - [MESSAGE][PASSED] - Object 'Object Repository/Page_cabi Home/a_same_shipping_address' is checked

2019-10-05 22:12:09 - [TEST_STEP][PASSED] - delay(5): Delayed 5 second(s)

2019-10-05 22:12:14 - [MESSAGE][PASSED] - Delayed 5 second(s)

2019-10-05 22:12:14 - [TEST_STEP][PASSED] - driver = getWebDriver(): null

2019-10-05 22:12:14 - [TEST_STEP][PASSED] - executor = driver: null

2019-10-05 22:12:14 - [TEST_STEP][PASSED] - nextButton = driver.findElement(By.xpath("//li/a/span[@id='returnToActionLabel']")): null

2019-10-05 22:12:14 - [TEST_STEP][PASSED] - executor.executeScript("arguments[0].click();", nextButton): null

2019-10-05 22:12:14 - [TEST_STEP][PASSED] - delay(3): Delayed 3 second(s)

2019-10-05 22:12:17 - [MESSAGE][PASSED] - Delayed 3 second(s)

2019-10-05 22:12:17 - [TEST_STEP][PASSED] - click(findTestObject("Object Repository/Page_cabi Retail Store/span_quick_entry")): Object: 'Object Repository/Page_cabi Retail Store/span_quick_entry' is clicked on

2019-10-05 22:12:22 - [MESSAGE][PASSED] - Object: 'Object Repository/Page_cabi Retail Store/span_quick_entry' is clicked on

2019-10-05 22:12:22 - [TEST_STEP][PASSED] - delay(3): Delayed 3 second(s)

2019-10-05 22:12:25 - [MESSAGE][PASSED] - Delayed 3 second(s)

2019-10-05 22:12:25 - [TEST_STEP][PASSED] - emptyCart = findWebElements(findTestObject("Object Repository/Page_cabi Personal Store/removeFromCart"), 5): Unable to find the element located by 'By.xpath: //*[@id="removeFromCart_0"]/span'. Please recheck the objects properties to make sure the desired element is located. 

2019-10-05 22:12:31 - [MESSAGE][INFO] - Unable to find the element located by 'By.xpath: //*[@id="removeFromCart_0"]/span'. Please recheck the objects properties to make sure the desired element is located. 

2019-10-05 22:12:31 - [TEST_STEP][PASSED] - if (emptyCart.size() > 0): null

2019-10-05 22:12:31 - [TEST_STEP][PASSED] - addOnStyle = "2158": null

2019-10-05 22:12:31 - [TEST_STEP][PASSED] - addOnStyle2 = "3709": null

2019-10-05 22:12:31 - [TEST_STEP][PASSED] - setText(findTestObject("Object Repository/Page_cabi Create Order/input_Manual Discount_stylelookup_0"), addOnStyle): Text '2158' is set on object 'Object Repository/Page_cabi Create Order/input_Manual Discount_stylelookup_0'

2019-10-05 22:12:31 - [MESSAGE][PASSED] - Text '2158' is set on object 'Object Repository/Page_cabi Create Order/input_Manual Discount_stylelookup_0'

2019-10-05 22:12:31 - [TEST_STEP][PASSED] - delay(2): Delayed 2 second(s)

2019-10-05 22:12:33 - [MESSAGE][PASSED] - Delayed 2 second(s)

2019-10-05 22:12:33 - [TEST_STEP][PASSED] - sendKeys(findTestObject("Object Repository/Page_cabi Create Order/input_Manual Discount_stylelookup_0"), Keys.chord(ARROW_DOWN)): Keys 'DOWN + ' sent to object: 'Object Repository/Page_cabi Create Order/input_Manual Discount_stylelookup_0'

2019-10-05 22:12:33 - [MESSAGE][PASSED] - Keys 'DOWN + ' sent to object: 'Object Repository/Page_cabi Create Order/input_Manual Discount_stylelookup_0'

2019-10-05 22:12:33 - [TEST_STEP][PASSED] - delay(2): Delayed 2 second(s)

2019-10-05 22:12:35 - [MESSAGE][PASSED] - Delayed 2 second(s)

2019-10-05 22:12:35 - [TEST_STEP][PASSED] - sendKeys(findTestObject("Object Repository/Page_cabi Create Order/input_Manual Discount_stylelookup_0"), Keys.chord(ARROW_DOWN)): Keys 'DOWN + ' sent to object: 'Object Repository/Page_cabi Create Order/input_Manual Discount_stylelookup_0'

2019-10-05 22:12:35 - [MESSAGE][PASSED] - Keys 'DOWN + ' sent to object: 'Object Repository/Page_cabi Create Order/input_Manual Discount_stylelookup_0'

2019-10-05 22:12:35 - [TEST_STEP][PASSED] - sendKeys(findTestObject("Object Repository/Page_cabi Create Order/input_Manual Discount_stylelookup_0"), Keys.chord(ENTER)): Keys 'ENTER + ' sent to object: 'Object Repository/Page_cabi Create Order/input_Manual Discount_stylelookup_0'

2019-10-05 22:12:35 - [MESSAGE][PASSED] - Keys 'ENTER + ' sent to object: 'Object Repository/Page_cabi Create Order/input_Manual Discount_stylelookup_0'

2019-10-05 22:12:35 - [TEST_STEP][PASSED] - delay(5): Delayed 5 second(s)

2019-10-05 22:12:40 - [MESSAGE][PASSED] - Delayed 5 second(s)

2019-10-05 22:12:40 - [TEST_STEP][PASSED] - click(findTestObject("Object Repository/Page_cabi Order Items/selectSize")): Object: 'Object Repository/Page_cabi Order Items/selectSize' is clicked on

2019-10-05 22:12:41 - [MESSAGE][PASSED] - Object: 'Object Repository/Page_cabi Order Items/selectSize' is clicked on

2019-10-05 22:12:41 - [TEST_STEP][PASSED] - delay(3): Delayed 3 second(s)

2019-10-05 22:12:44 - [MESSAGE][PASSED] - Delayed 3 second(s)

2019-10-05 22:12:44 - [TEST_STEP][PASSED] - click(findTestObject("Object Repository/Page_cabi Order Items/span_Add to Cart")): Object: 'Object Repository/Page_cabi Order Items/span_Add to Cart' is clicked on

2019-10-05 22:12:44 - [MESSAGE][PASSED] - Object: 'Object Repository/Page_cabi Order Items/span_Add to Cart' is clicked on

2019-10-05 22:12:44 - [TEST_STEP][PASSED] - delay(5): Delayed 5 second(s)

2019-10-05 22:12:49 - [MESSAGE][PASSED] - Delayed 5 second(s)

2019-10-05 22:12:49 - [TEST_STEP][PASSED] - click(findTestObject("Object Repository/Page_cabi Create Order/inputStyleLookup1")): Object: 'Object Repository/Page_cabi Create Order/inputStyleLookup1' is clicked on

2019-10-05 22:12:49 - [MESSAGE][PASSED] - Object: 'Object Repository/Page_cabi Create Order/inputStyleLookup1' is clicked on

2019-10-05 22:12:49 - [TEST_STEP][PASSED] - setText(findTestObject("Object Repository/Page_cabi Create Order/inputStyleLookup1"), addOnStyle2): Text '3709' is set on object 'Object Repository/Page_cabi Create Order/inputStyleLookup1'

2019-10-05 22:12:49 - [MESSAGE][PASSED] - Text '3709' is set on object 'Object Repository/Page_cabi Create Order/inputStyleLookup1'

2019-10-05 22:12:49 - [TEST_STEP][PASSED] - delay(3): Delayed 3 second(s)

2019-10-05 22:12:52 - [MESSAGE][PASSED] - Delayed 3 second(s)

2019-10-05 22:12:52 - [TEST_STEP][PASSED] - prod_message2 = getText(findTestObject("Page_cabi Create Order/first_option")): Text of object 'Object Repository/Page_cabi Create Order/first_option' is: '3709 Lucky Cardigan'

2019-10-05 22:12:52 - [MESSAGE][PASSED] - Text of object 'Object Repository/Page_cabi Create Order/first_option' is: '3709 Lucky Cardigan'

2019-10-05 22:12:52 - [TEST_STEP][PASSED] - click(findTestObject("Page_cabi Create Order/first_option")): Object: 'Object Repository/Page_cabi Create Order/first_option' is clicked on

2019-10-05 22:12:53 - [MESSAGE][PASSED] - Object: 'Object Repository/Page_cabi Create Order/first_option' is clicked on

2019-10-05 22:12:53 - [TEST_STEP][PASSED] - delay(5): Delayed 5 second(s)

2019-10-05 22:12:58 - [MESSAGE][PASSED] - Delayed 5 second(s)

2019-10-05 22:12:58 - [TEST_STEP][PASSED] - click(findTestObject("Object Repository/Page_cabi Order Items/selectSize2")): Object: 'Object Repository/Page_cabi Order Items/selectSize2' is clicked on

2019-10-05 22:12:58 - [MESSAGE][PASSED] - Object: 'Object Repository/Page_cabi Order Items/selectSize2' is clicked on

2019-10-05 22:12:58 - [TEST_STEP][PASSED] - delay(3): Delayed 3 second(s)

2019-10-05 22:13:01 - [MESSAGE][PASSED] - Delayed 3 second(s)

2019-10-05 22:13:01 - [TEST_STEP][PASSED] - click(findTestObject("Object Repository/Page_cabi Order Items/addToCart2")): Object: 'Object Repository/Page_cabi Order Items/addToCart2' is clicked on

2019-10-05 22:13:01 - [MESSAGE][PASSED] - Object: 'Object Repository/Page_cabi Order Items/addToCart2' is clicked on

2019-10-05 22:13:01 - [TEST_STEP][PASSED] - delay(5): Delayed 5 second(s)

2019-10-05 22:13:06 - [MESSAGE][PASSED] - Delayed 5 second(s)

2019-10-05 22:13:06 - [TEST_STEP][PASSED] - editScenarioNumber = 1: null

2019-10-05 22:13:06 - [TEST_STEP][PASSED] - if (editScenarioNumber == 1): null

2019-10-05 22:13:06 - [TEST_STEP][PASSED] - click(findTestObject("Object Repository/Page_cabi Order Items/a_checkout")): Object: 'Object Repository/Page_cabi Order Items/a_checkout' is clicked on

2019-10-05 22:13:08 - [MESSAGE][PASSED] - Object: 'Object Repository/Page_cabi Order Items/a_checkout' is clicked on

2019-10-05 22:13:08 - [TEST_STEP][PASSED] - delay(3): Delayed 3 second(s)

2019-10-05 22:13:11 - [MESSAGE][PASSED] - Delayed 3 second(s)

2019-10-05 22:13:11 - [TEST_STEP][PASSED] - click(findTestObject("Page_cabi Personal Store/nextButtonShipping")): Object: 'Object Repository/Page_cabi Personal Store/nextButtonShipping' is clicked on

2019-10-05 22:13:12 - [MESSAGE][PASSED] - Object: 'Object Repository/Page_cabi Personal Store/nextButtonShipping' is clicked on

2019-10-05 22:13:12 - [TEST_STEP][PASSED] - delay(3): Delayed 3 second(s)

2019-10-05 22:13:15 - [MESSAGE][PASSED] - Delayed 3 second(s)

2019-10-05 22:13:15 - [TEST_STEP][PASSED] - click(findTestObject("Page_cabi Personal Store/makeFirstPayment")): Object: 'Object Repository/Page_cabi Personal Store/makeFirstPayment' is clicked on

2019-10-05 22:13:15 - [MESSAGE][PASSED] - Object: 'Object Repository/Page_cabi Personal Store/makeFirstPayment' is clicked on

2019-10-05 22:13:15 - [TEST_STEP][PASSED] - click(findTestObject("Object Repository/Page_cabi Personal Store/select_cash")): Object: 'Object Repository/Page_cabi Personal Store/select_cash' is clicked on

2019-10-05 22:13:15 - [MESSAGE][PASSED] - Object: 'Object Repository/Page_cabi Personal Store/select_cash' is clicked on

2019-10-05 22:13:15 - [TEST_STEP][PASSED] - click(findTestObject("Page_cabi Personal Store/submitPayment")): Object: 'Object Repository/Page_cabi Personal Store/submitPayment' is clicked on

2019-10-05 22:13:15 - [MESSAGE][PASSED] - Object: 'Object Repository/Page_cabi Personal Store/submitPayment' is clicked on

2019-10-05 22:13:15 - [TEST_STEP][PASSED] - click(findTestObject("Page_cabi Personal Store/submitOrderId")): Object: 'Object Repository/Page_cabi Personal Store/submitOrderId' is clicked on

2019-10-05 22:13:18 - [MESSAGE][PASSED] - Object: 'Object Repository/Page_cabi Personal Store/submitOrderId' is clicked on

2019-10-05 22:13:18 - [TEST_STEP][PASSED] - successMsg = "": null

2019-10-05 22:13:18 - [TEST_STEP][PASSED] - orderSuccess = false: null

2019-10-05 22:13:18 - [TEST_STEP][PASSED] - successMsgs = findWebElements(findTestObject("Object Repository/Page_cabi Personal Store/p_success_msg"), 5): null

2019-10-05 22:13:19 - [TEST_STEP][PASSED] - if (successMsgs.size() > 0): Text of object 'Object Repository/Page_cabi Personal Store/p_order_id' is: 'RT708339529'

2019-10-05 22:13:19 - [TEST_STEP][PASSED] - successMsg = getText(findTestObject("Object Repository/Page_cabi Personal Store/p_success_msg")): Text of object 'Object Repository/Page_cabi Personal Store/p_success_msg' is: 'Order Created Successfully!!
Order #:  RT708339529

CONTINUE SHOPPING'

2019-10-05 22:13:19 - [MESSAGE][PASSED] - Text of object 'Object Repository/Page_cabi Personal Store/p_success_msg' is: 'Order Created Successfully!!
Order #:  RT708339529

CONTINUE SHOPPING'

2019-10-05 22:13:19 - [TEST_STEP][PASSED] - orderSuccess = true: null

2019-10-05 22:13:19 - [TEST_STEP][PASSED] - retailOrderID = getText(findTestObject("Object Repository/Page_cabi Personal Store/p_order_id")): Text of object 'Object Repository/Page_cabi Personal Store/p_order_id' is: 'RT708339529'

2019-10-05 22:13:19 - [MESSAGE][PASSED] - Text of object 'Object Repository/Page_cabi Personal Store/p_order_id' is: 'RT708339529'

2019-10-05 22:13:21 - [TEST_STEP][PASSED] - assert orderSuccess == true: null

2019-10-05 22:13:21 - [TEST_STEP][NOT_RUN] - closeBrowser(): NOT_RUN: closeBrowser()

2019-10-05 22:13:21 - [MESSAGE][NOT_RUN] - NOT_RUN: closeBrowser()]]></system-out>
         <system-err><![CDATA[]]></system-err>
      </testcase>
      <system-out><![CDATA[2019-10-05 22:09:58 - [TEST_SUITE][PASSED] - stressSuiteRetailOrder: Test Cases/EditOrder-V/retailOrderBO]]></system-out>
      <system-err><![CDATA[]]></system-err>
   </testsuite>
</testsuites>
