<?xml version="1.0" encoding="UTF-8"?>
<testsuites name="DashboardSuite" time="765" tests="1" failures="0" errors="0">
   <testsuite name="DashboardSuite" tests="1" failures="0" errors="0" time="765" timestamp="2019-08-05 15:45:08" hostname="user - 10.0.102.200" id="Test Suites/VirtualShowRSVPSuites/DashboardSuite">
      <properties>
         <property name="deviceName" value=""/>
         <property name="devicePlatform" value=""/>
         <property name="logFolder" value="C:\\Users\\user\\Documents\\testautomation\\KatalonProjects\\Reports\\VirtualShowRSVPSuites\\DashboardSuite\\20190805_154459"/>
         <property name="logFiles" value="C:\\Users\\user\\Documents\\testautomation\\KatalonProjects\\Reports\\VirtualShowRSVPSuites\\DashboardSuite\\20190805_154459\\execution0.log"/>
         <property name="attachments" value=""/>
         <property name="hostName" value="user - 10.0.102.200"/>
         <property name="os" value="Windows 8.1 64bit"/>
         <property name="katalonVersion" value="6.1.1.1"/>
         <property name="browser" value="Chrome 76.0.3809.87"/>
         <property name="hostAddress" value="10.0.102.200"/>
         <property name="sessionId" value="528d01c6311a389b02a41cce3dd6bf86"/>
         <property name="seleniumVersion" value="3.7.1"/>
         <property name="proxyInformation" value="ProxyInformation{proxyOption=NO_PROXY, proxyServerType=HTTP, password=, proxyServerAddress=, proxyServerPort=0}"/>
         <property name="platform" value="Windows 8.1"/>
      </properties>
      <testcase name="Test Cases/VirtualShow/VS_Automation" classname="Test Cases/VirtualShow/VS_Automation" status="PASSED">
         <system-out><![CDATA[2019-08-05 15:45:08 - [TEST_CASE][PASSED] - Test Cases/VirtualShow/VS_Automation: Test Cases/VirtualShow/VS_Automation

2019-08-05 15:45:09 - [TEST_STEP][PASSED] - Start listener action : sampleBeforeTestCase: null

2019-08-05 15:45:09 - [TEST_STEP][PASSED] - println(testCaseContext.getTestCaseId()): null

2019-08-05 15:45:09 - [TEST_STEP][PASSED] - println(testCaseContext.getTestCaseVariables()): null

2019-08-05 15:45:11 - [TEST_STEP][PASSED] - dataFile = "micrositeData": null

2019-08-05 15:45:11 - [TEST_STEP][PASSED] - guest1Mail = findTestData(dataFile).getValue("guest1Mail", 1): null

2019-08-05 15:45:13 - [TEST_STEP][PASSED] - guest1Pass = findTestData(dataFile).getValue("guest1Pass", 1): null

2019-08-05 15:45:13 - [TEST_STEP][PASSED] - dataFile = "virtualShowData": null

2019-08-05 15:45:13 - [TEST_STEP][PASSED] - hostess = findTestData(dataFile).getValue("hostess", 1): null

2019-08-05 15:45:13 - [TEST_STEP][PASSED] - cohostess = findTestData(dataFile).getValue("cohostess", 1): null

2019-08-05 15:45:13 - [TEST_STEP][PASSED] - guest1 = findTestData(dataFile).getValue("guest1", 1): null

2019-08-05 15:45:13 - [TEST_STEP][PASSED] - guest2 = findTestData(dataFile).getValue("guest2", 1): null

2019-08-05 15:45:13 - [TEST_STEP][PASSED] - RSTestEnvt = findTestData("envtData").getValue("RSTestEnvt", 1): null

2019-08-05 15:45:13 - [TEST_STEP][PASSED] - BOURL = findTestData("envtData").getValue("BOURL", 1): null

2019-08-05 15:45:13 - [TEST_STEP][PASSED] - actualGuestList = new java.util.ArrayList(): null

2019-08-05 15:45:13 - [TEST_STEP][PASSED] - yesList = new java.util.ArrayList(): null

2019-08-05 15:45:13 - [TEST_STEP][PASSED] - noList = new java.util.ArrayList(): null

2019-08-05 15:45:13 - [TEST_STEP][PASSED] - maybeList = new java.util.ArrayList(): null

2019-08-05 15:45:13 - [TEST_STEP][PASSED] - noreplyList = new java.util.ArrayList(): null

2019-08-05 15:45:13 - [TEST_STEP][PASSED] - presentList = new java.util.ArrayList(): null

2019-08-05 15:45:14 - [TEST_STEP][PASSED] - allList = new java.util.ArrayList(): null

2019-08-05 15:45:14 - [TEST_STEP][PASSED] - callTestCase(findTestCase("VirtualShow/createShow"), ["testEnvt":"", "username":"", "password":"", "stylist":"", "hostess":"", "cohostess":"", "guest1":"", "guest2":"", "verifyHostess":"", ... ], STOP_ON_FAILURE): Call Test Case 'Test Cases/VirtualShow/createShow' successfully

2019-08-05 15:45:14 - [TEST_CASE][PASSED] - Test Cases/VirtualShow/createShow: Test Cases/VirtualShow/createShow

2019-08-05 15:45:15 - [TEST_STEP][PASSED] - dataFile = "virtualShowData": null

2019-08-05 15:45:15 - [TEST_STEP][PASSED] - stylist = findTestData(dataFile).getValue("stylist", 1): null

2019-08-05 15:45:15 - [TEST_STEP][PASSED] - hostess = findTestData(dataFile).getValue("hostess", 1): null

2019-08-05 15:45:15 - [TEST_STEP][PASSED] - cohostess = findTestData(dataFile).getValue("cohostess", 1): null

2019-08-05 15:45:15 - [TEST_STEP][PASSED] - guest1 = findTestData(dataFile).getValue("guest1", 1): null

2019-08-05 15:45:15 - [TEST_STEP][PASSED] - guest2 = findTestData(dataFile).getValue("guest2", 1): null

2019-08-05 15:45:16 - [TEST_STEP][PASSED] - verifyGuestCount = findTestData(dataFile).getValue("verifyGuestCount", 1): null

2019-08-05 15:45:16 - [TEST_STEP][PASSED] - RSTestEnvt = findTestData("envtData").getValue("RSTestEnvt", 1): null

2019-08-05 15:45:16 - [TEST_STEP][PASSED] - openBrowser(""): Browser is opened with url: ''

2019-08-05 15:45:16 - [MESSAGE][INFO] - Starting 'Chrome' driver

2019-08-05 15:45:16 - [MESSAGE][INFO] - User set preference: ['args', '[--use-fake-ui-for-media-stream, --start-maximized]']

2019-08-05 15:45:16 - [MESSAGE][INFO] - Action delay is set to 0 seconds

2019-08-05 15:45:20 - [MESSAGE][PASSED] - Browser is opened with url: ''

2019-08-05 15:45:20 - [TEST_STEP][PASSED] - maximizeWindow(): Current window maximized

2019-08-05 15:45:21 - [MESSAGE][PASSED] - Current window maximized

2019-08-05 15:45:21 - [TEST_STEP][PASSED] - callTestCase(findTestCase("TestCaseUtilities/backOfficeLogin"), ["BOURL":"", "BOuser":"", "BOpass":""], STOP_ON_FAILURE): Call Test Case 'Test Cases/TestCaseUtilities/backOfficeLogin' successfully

2019-08-05 15:45:21 - [TEST_CASE][PASSED] - Test Cases/TestCaseUtilities/backOfficeLogin: Test Cases/TestCaseUtilities/backOfficeLogin

2019-08-05 15:45:22 - [TEST_STEP][PASSED] - BOURL = findTestData("envtData").getValue("BOURL", 1): null

2019-08-05 15:45:22 - [TEST_STEP][PASSED] - BOuser = findTestData("credData").getValue("BOuser", 1): null

2019-08-05 15:45:22 - [TEST_STEP][PASSED] - BOpass = findTestData("credData").getValue("BOpass", 1): null

2019-08-05 15:45:22 - [TEST_STEP][PASSED] - navigateToUrl(BOURL): Navigate to 'https://sandbox.cliotest.com/backoffice/control/main' successfully

2019-08-05 15:45:34 - [MESSAGE][PASSED] - Navigate to 'https://sandbox.cliotest.com/backoffice/control/main' successfully

2019-08-05 15:45:34 - [TEST_STEP][PASSED] - logOut = findWebElements(findTestObject("Object Repository/Page_cabi Home/log_out"), 1): Unable to find the element located by 'By.xpath: //a[contains(text(),'Log Out')]'. Please recheck the objects properties to make sure the desired element is located. 

2019-08-05 15:45:35 - [MESSAGE][INFO] - Unable to find the element located by 'By.xpath: //a[contains(text(),'Log Out')]'. Please recheck the objects properties to make sure the desired element is located. 

2019-08-05 15:45:35 - [TEST_STEP][PASSED] - if (logOut.size() == 0): Object: 'Object Repository/Page_cabi/input_Welcome to_consultantLogin' is clicked on

2019-08-05 15:45:35 - [TEST_STEP][PASSED] - setText(findTestObject("Page_cabi/input_Welcome to_USERNAME"), BOuser): Text '400000002' is set on object 'Object Repository/Page_cabi/input_Welcome to_USERNAME'

2019-08-05 15:45:35 - [MESSAGE][PASSED] - Text '400000002' is set on object 'Object Repository/Page_cabi/input_Welcome to_USERNAME'

2019-08-05 15:45:35 - [TEST_STEP][PASSED] - setText(findTestObject("Object Repository/Page_cabi/input_Welcome to_PASSWORD"), BOpass): Text 'blackdress19' is set on object 'Object Repository/Page_cabi/input_Welcome to_PASSWORD'

2019-08-05 15:45:35 - [MESSAGE][PASSED] - Text 'blackdress19' is set on object 'Object Repository/Page_cabi/input_Welcome to_PASSWORD'

2019-08-05 15:45:35 - [TEST_STEP][PASSED] - click(findTestObject("Object Repository/Page_cabi/input_Welcome to_consultantLogin")): Object: 'Object Repository/Page_cabi/input_Welcome to_consultantLogin' is clicked on

2019-08-05 15:45:53 - [MESSAGE][PASSED] - Object: 'Object Repository/Page_cabi/input_Welcome to_consultantLogin' is clicked on

2019-08-05 15:45:53 - [TEST_STEP][PASSED] - delay(3): Delayed 3 second(s)

2019-08-05 15:45:56 - [MESSAGE][PASSED] - Delayed 3 second(s)

2019-08-05 15:45:56 - [MESSAGE][PASSED] - Call Test Case 'Test Cases/TestCaseUtilities/backOfficeLogin' successfully

2019-08-05 15:45:56 - [TEST_STEP][PASSED] - verifyElementText(findTestObject("Object Repository/virualShowRSVPOR/Page_cabi/span_username"), stylist): Actual text and expected text of test object 'Object Repository/virualShowRSVPOR/Page_cabi/span_username' are matched.

2019-08-05 15:45:56 - [MESSAGE][PASSED] - Actual text and expected text of test object 'Object Repository/virualShowRSVPOR/Page_cabi/span_username' are matched.

2019-08-05 15:45:56 - [TEST_STEP][PASSED] - click(findTestObject("Object Repository/virualShowRSVPOR/Page_cabi Home/a_shows _orders")): Object: 'Object Repository/virualShowRSVPOR/Page_cabi Home/a_shows _orders' is clicked on

2019-08-05 15:45:56 - [MESSAGE][PASSED] - Object: 'Object Repository/virualShowRSVPOR/Page_cabi Home/a_shows _orders' is clicked on

2019-08-05 15:45:56 - [TEST_STEP][PASSED] - click(findTestObject("Object Repository/virualShowRSVPOR/Page_cabi Home/a_Create_A_Show")): Object: 'Object Repository/virualShowRSVPOR/Page_cabi Home/a_Create_A_Show' is clicked on

2019-08-05 15:46:02 - [MESSAGE][PASSED] - Object: 'Object Repository/virualShowRSVPOR/Page_cabi Home/a_Create_A_Show' is clicked on

2019-08-05 15:46:02 - [TEST_STEP][PASSED] - setText(findTestObject("Object Repository/virualShowRSVPOR/Page_cabi Create Show - Set Hostess/input_Hostess"), hostess): Text 'sushanthost abc' is set on object 'Object Repository/virualShowRSVPOR/Page_cabi Create Show - Set Hostess/input_Hostess'

2019-08-05 15:46:02 - [MESSAGE][PASSED] - Text 'sushanthost abc' is set on object 'Object Repository/virualShowRSVPOR/Page_cabi Create Show - Set Hostess/input_Hostess'

2019-08-05 15:46:02 - [TEST_STEP][PASSED] - delay(2): Delayed 2 second(s)

2019-08-05 15:46:04 - [MESSAGE][PASSED] - Delayed 2 second(s)

2019-08-05 15:46:04 - [TEST_STEP][PASSED] - sendKeys(findTestObject("Object Repository/virualShowRSVPOR/Page_cabi Create Show - Set Hostess/input_Hostess"), Keys.chord(ARROW_DOWN)): Keys 'DOWN + ' sent to object: 'Object Repository/virualShowRSVPOR/Page_cabi Create Show - Set Hostess/input_Hostess'

2019-08-05 15:46:04 - [MESSAGE][PASSED] - Keys 'DOWN + ' sent to object: 'Object Repository/virualShowRSVPOR/Page_cabi Create Show - Set Hostess/input_Hostess'

2019-08-05 15:46:04 - [TEST_STEP][PASSED] - sendKeys(findTestObject("Object Repository/virualShowRSVPOR/Page_cabi Create Show - Set Hostess/input_Hostess"), Keys.chord(ENTER)): Keys 'ENTER + ' sent to object: 'Object Repository/virualShowRSVPOR/Page_cabi Create Show - Set Hostess/input_Hostess'

2019-08-05 15:46:04 - [MESSAGE][PASSED] - Keys 'ENTER + ' sent to object: 'Object Repository/virualShowRSVPOR/Page_cabi Create Show - Set Hostess/input_Hostess'

2019-08-05 15:46:04 - [TEST_STEP][PASSED] - delay(2): Delayed 2 second(s)

2019-08-05 15:46:06 - [MESSAGE][PASSED] - Delayed 2 second(s)

2019-08-05 15:46:06 - [TEST_STEP][PASSED] - validateHostessAddressMsg = findWebElements(findTestObject("Object Repository/virualShowRSVPOR/Page_cabi Create Show - Set Hostess/validate_address_msg"), 5): null

2019-08-05 15:46:06 - [TEST_STEP][PASSED] - println(validateHostessAddressMsg.size()): null

2019-08-05 15:46:06 - [TEST_STEP][PASSED] - if (validateHostessAddressMsg.isEmpty()): null

2019-08-05 15:46:06 - [TEST_STEP][PASSED] - selectOptionByValue(findTestObject("Object Repository/virualShowRSVPOR/Page_cabi Create Show - Set Hostess/select_Choose_From_Contacts_Co-Hostess"), "3", true): All options with value '3' are selected in object 'Object Repository/virualShowRSVPOR/Page_cabi Create Show - Set Hostess/select_Choose_From_Contacts_Co-Hostess'  using regular expression

2019-08-05 15:46:07 - [MESSAGE][PASSED] - All options with value '3' are selected in object 'Object Repository/virualShowRSVPOR/Page_cabi Create Show - Set Hostess/select_Choose_From_Contacts_Co-Hostess'  using regular expression

2019-08-05 15:46:07 - [TEST_STEP][PASSED] - setText(findTestObject("Object Repository/virualShowRSVPOR/Page_cabi Create Show - Set Hostess/input_Cohostess"), cohostess): Text 'sushantcohost abc' is set on object 'Object Repository/virualShowRSVPOR/Page_cabi Create Show - Set Hostess/input_Cohostess'

2019-08-05 15:46:07 - [MESSAGE][PASSED] - Text 'sushantcohost abc' is set on object 'Object Repository/virualShowRSVPOR/Page_cabi Create Show - Set Hostess/input_Cohostess'

2019-08-05 15:46:07 - [TEST_STEP][PASSED] - delay(2): Delayed 2 second(s)

2019-08-05 15:46:09 - [MESSAGE][PASSED] - Delayed 2 second(s)

2019-08-05 15:46:09 - [TEST_STEP][PASSED] - sendKeys(findTestObject("Object Repository/virualShowRSVPOR/Page_cabi Create Show - Set Hostess/input_Cohostess"), Keys.chord(ARROW_DOWN)): Keys 'DOWN + ' sent to object: 'Object Repository/virualShowRSVPOR/Page_cabi Create Show - Set Hostess/input_Cohostess'

2019-08-05 15:46:09 - [MESSAGE][PASSED] - Keys 'DOWN + ' sent to object: 'Object Repository/virualShowRSVPOR/Page_cabi Create Show - Set Hostess/input_Cohostess'

2019-08-05 15:46:09 - [TEST_STEP][PASSED] - sendKeys(findTestObject("Object Repository/virualShowRSVPOR/Page_cabi Create Show - Set Hostess/input_Cohostess"), Keys.chord(ENTER)): Keys 'ENTER + ' sent to object: 'Object Repository/virualShowRSVPOR/Page_cabi Create Show - Set Hostess/input_Cohostess'

2019-08-05 15:46:10 - [MESSAGE][PASSED] - Keys 'ENTER + ' sent to object: 'Object Repository/virualShowRSVPOR/Page_cabi Create Show - Set Hostess/input_Cohostess'

2019-08-05 15:46:10 - [TEST_STEP][PASSED] - delay(3): Delayed 3 second(s)

2019-08-05 15:46:13 - [MESSAGE][PASSED] - Delayed 3 second(s)

2019-08-05 15:46:13 - [TEST_STEP][PASSED] - validateHostessAddressMsg = findWebElements(findTestObject("Object Repository/virualShowRSVPOR/Page_cabi Create Show - Set Hostess/validate_address_msg"), 5): null

2019-08-05 15:46:13 - [TEST_STEP][PASSED] - if (validateHostessAddressMsg.size() != 4): null

2019-08-05 15:46:13 - [TEST_STEP][PASSED] - click(findTestObject("Object Repository/virualShowRSVPOR/Page_cabi Create Show - Set Hostess/input_next")): Object: 'Object Repository/virualShowRSVPOR/Page_cabi Create Show - Set Hostess/input_next' is clicked on

2019-08-05 15:46:15 - [MESSAGE][PASSED] - Object: 'Object Repository/virualShowRSVPOR/Page_cabi Create Show - Set Hostess/input_next' is clicked on

2019-08-05 15:46:15 - [TEST_STEP][PASSED] - click(findTestObject("Object Repository/virualShowRSVPOR/Page_cabi Create Show - Time and Place/check_Virtual_Show")): Object: 'Object Repository/virualShowRSVPOR/Page_cabi Create Show - Time and Place/check_Virtual_Show' is clicked on

2019-08-05 15:46:15 - [MESSAGE][PASSED] - Object: 'Object Repository/virualShowRSVPOR/Page_cabi Create Show - Time and Place/check_Virtual_Show' is clicked on

2019-08-05 15:46:15 - [TEST_STEP][PASSED] - click(findTestObject("Object Repository/virualShowRSVPOR/Page_cabi Create Show - Time and Place/input_Show_Date_Time")): Object: 'Object Repository/virualShowRSVPOR/Page_cabi Create Show - Time and Place/input_Show_Date_Time' is clicked on

2019-08-05 15:46:16 - [MESSAGE][PASSED] - Object: 'Object Repository/virualShowRSVPOR/Page_cabi Create Show - Time and Place/input_Show_Date_Time' is clicked on

2019-08-05 15:46:16 - [TEST_STEP][PASSED] - year = findTestData("virtualShowData").getValue("vsyear", 1): null

2019-08-05 15:46:16 - [TEST_STEP][PASSED] - month = findTestData("virtualShowData").getValue("vsmonth", 1): null

2019-08-05 15:46:16 - [TEST_STEP][PASSED] - day = findTestData("virtualShowData").getValue("vsday", 1): null

2019-08-05 15:46:16 - [TEST_STEP][PASSED] - pastdate = findTestData("virtualShowData").getValue("pastdate", 1): null

2019-08-05 15:46:16 - [TEST_STEP][PASSED] - xpath = UtilityMethods.concat("//td[@data-month='" + month - 1 + "' and @data-year='" + year + "']/a[contains(text(), '" + day + "')]"): null

2019-08-05 15:46:16 - [TEST_STEP][PASSED] - dateObj = new com.kms.katalon.core.testobject.TestObject(td_month_year_day): null

2019-08-05 15:46:16 - [TEST_STEP][PASSED] - dateObj.addProperty("xpath", EQUALS, xpath): null

2019-08-05 15:46:16 - [TEST_STEP][PASSED] - monthBound = 12: null

2019-08-05 15:46:16 - [TEST_STEP][PASSED] - dateObjList = findWebElements(dateObj, 5): Unable to find the element located by 'By.xpath: //td[@data-month='5' and @data-year='2019']/a[contains(text(), '13')]'. Please recheck the objects properties to make sure the desired element is located. 

2019-08-05 15:46:21 - [MESSAGE][INFO] - Unable to find the element located by 'By.xpath: //td[@data-month='5' and @data-year='2019']/a[contains(text(), '13')]'. Please recheck the objects properties to make sure the desired element is located. 

2019-08-05 15:46:21 - [TEST_STEP][PASSED] - while (dateObjList.size() == 0 && monthBound > 0): null

2019-08-05 15:46:21 - [TEST_STEP][PASSED] - if (pastdate.equalsIgnoreCase("no")): null

2019-08-05 15:46:21 - [TEST_STEP][PASSED] - else: Object: 'Object Repository/virualShowRSVPOR/Page_cabi Edit Show - Add Guests/a_prev_month' is clicked on

2019-08-05 15:46:21 - [TEST_STEP][PASSED] - click(findTestObject("Object Repository/virualShowRSVPOR/Page_cabi Edit Show - Add Guests/a_prev_month")): Object: 'Object Repository/virualShowRSVPOR/Page_cabi Edit Show - Add Guests/a_prev_month' is clicked on

2019-08-05 15:46:21 - [MESSAGE][PASSED] - Object: 'Object Repository/virualShowRSVPOR/Page_cabi Edit Show - Add Guests/a_prev_month' is clicked on

2019-08-05 15:46:21 - [TEST_STEP][PASSED] - delay(3): Delayed 3 second(s)

2019-08-05 15:46:24 - [MESSAGE][PASSED] - Delayed 3 second(s)

2019-08-05 15:46:24 - [TEST_STEP][PASSED] - dateObjList = findWebElements(dateObj, 5): Unable to find the element located by 'By.xpath: //td[@data-month='5' and @data-year='2019']/a[contains(text(), '13')]'. Please recheck the objects properties to make sure the desired element is located. 

2019-08-05 15:46:30 - [MESSAGE][INFO] - Unable to find the element located by 'By.xpath: //td[@data-month='5' and @data-year='2019']/a[contains(text(), '13')]'. Please recheck the objects properties to make sure the desired element is located. 

2019-08-05 15:46:30 - [TEST_STEP][PASSED] - (monthBound--): null

2019-08-05 15:46:30 - [TEST_STEP][PASSED] - println(dateObjList): null

2019-08-05 15:46:30 - [TEST_STEP][PASSED] - if (pastdate.equalsIgnoreCase("no")): null

2019-08-05 15:46:30 - [TEST_STEP][PASSED] - else: Object: 'Object Repository/virualShowRSVPOR/Page_cabi Edit Show - Add Guests/a_prev_month' is clicked on

2019-08-05 15:46:30 - [TEST_STEP][PASSED] - click(findTestObject("Object Repository/virualShowRSVPOR/Page_cabi Edit Show - Add Guests/a_prev_month")): Object: 'Object Repository/virualShowRSVPOR/Page_cabi Edit Show - Add Guests/a_prev_month' is clicked on

2019-08-05 15:46:30 - [MESSAGE][PASSED] - Object: 'Object Repository/virualShowRSVPOR/Page_cabi Edit Show - Add Guests/a_prev_month' is clicked on

2019-08-05 15:46:30 - [TEST_STEP][PASSED] - delay(3): Delayed 3 second(s)

2019-08-05 15:46:33 - [MESSAGE][PASSED] - Delayed 3 second(s)

2019-08-05 15:46:33 - [TEST_STEP][PASSED] - dateObjList = findWebElements(dateObj, 5): null

2019-08-05 15:46:33 - [TEST_STEP][PASSED] - (monthBound--): null

2019-08-05 15:46:33 - [TEST_STEP][PASSED] - println(dateObjList): null

2019-08-05 15:46:33 - [TEST_STEP][PASSED] - click(dateObj): Object: 'td_month_year_day' is clicked on

2019-08-05 15:46:33 - [MESSAGE][PASSED] - Object: 'td_month_year_day' is clicked on

2019-08-05 15:46:33 - [TEST_STEP][PASSED] - click(findTestObject("Object Repository/virualShowRSVPOR/Page_cabi Create Show - Time and Place/a_select_End_Time")): Object: 'Object Repository/virualShowRSVPOR/Page_cabi Create Show - Time and Place/a_select_End_Time' is clicked on

2019-08-05 15:46:33 - [MESSAGE][PASSED] - Object: 'Object Repository/virualShowRSVPOR/Page_cabi Create Show - Time and Place/a_select_End_Time' is clicked on

2019-08-05 15:46:33 - [TEST_STEP][PASSED] - click(findTestObject("Object Repository/virualShowRSVPOR/Page_cabi Create Show - Time and Place/input_next")): Object: 'Object Repository/virualShowRSVPOR/Page_cabi Create Show - Time and Place/input_next' is clicked on

2019-08-05 15:46:34 - [MESSAGE][PASSED] - Object: 'Object Repository/virualShowRSVPOR/Page_cabi Create Show - Time and Place/input_next' is clicked on

2019-08-05 15:46:34 - [TEST_STEP][PASSED] - delay(5): Delayed 5 second(s)

2019-08-05 15:46:39 - [MESSAGE][PASSED] - Delayed 5 second(s)

2019-08-05 15:46:39 - [TEST_STEP][PASSED] - click(findTestObject("Object Repository/virualShowRSVPOR/Page_cabi Create Show - Invite Hostess/input_Skip_Invite")): Object: 'Object Repository/virualShowRSVPOR/Page_cabi Create Show - Invite Hostess/input_Skip_Invite' is clicked on

2019-08-05 15:46:54 - [MESSAGE][PASSED] - Object: 'Object Repository/virualShowRSVPOR/Page_cabi Create Show - Invite Hostess/input_Skip_Invite' is clicked on

2019-08-05 15:46:54 - [TEST_STEP][PASSED] - setText(findTestObject("Object Repository/virualShowRSVPOR/Page_cabi Edit Show - Add Guests/contact_search_box"), guest1): Text 'sushantguest1 abc' is set on object 'Object Repository/virualShowRSVPOR/Page_cabi Edit Show - Add Guests/contact_search_box'

2019-08-05 15:46:54 - [MESSAGE][PASSED] - Text 'sushantguest1 abc' is set on object 'Object Repository/virualShowRSVPOR/Page_cabi Edit Show - Add Guests/contact_search_box'

2019-08-05 15:46:54 - [TEST_STEP][PASSED] - delay(2): Delayed 2 second(s)

2019-08-05 15:46:56 - [MESSAGE][PASSED] - Delayed 2 second(s)

2019-08-05 15:46:56 - [TEST_STEP][PASSED] - sendKeys(findTestObject("Object Repository/virualShowRSVPOR/Page_cabi Edit Show - Add Guests/contact_search_box"), Keys.chord(ARROW_DOWN)): Keys 'DOWN + ' sent to object: 'Object Repository/virualShowRSVPOR/Page_cabi Edit Show - Add Guests/contact_search_box'

2019-08-05 15:46:56 - [MESSAGE][PASSED] - Keys 'DOWN + ' sent to object: 'Object Repository/virualShowRSVPOR/Page_cabi Edit Show - Add Guests/contact_search_box'

2019-08-05 15:46:56 - [TEST_STEP][PASSED] - sendKeys(findTestObject("Object Repository/virualShowRSVPOR/Page_cabi Edit Show - Add Guests/contact_search_box"), Keys.chord(ENTER)): Keys 'ENTER + ' sent to object: 'Object Repository/virualShowRSVPOR/Page_cabi Edit Show - Add Guests/contact_search_box'

2019-08-05 15:46:56 - [MESSAGE][PASSED] - Keys 'ENTER + ' sent to object: 'Object Repository/virualShowRSVPOR/Page_cabi Edit Show - Add Guests/contact_search_box'

2019-08-05 15:46:56 - [TEST_STEP][PASSED] - delay(2): Delayed 2 second(s)

2019-08-05 15:46:58 - [MESSAGE][PASSED] - Delayed 2 second(s)

2019-08-05 15:46:58 - [TEST_STEP][PASSED] - click(findTestObject("Object Repository/virualShowRSVPOR/Page_cabi Edit Show - Add Guests/a_add_guest")): Object: 'Object Repository/virualShowRSVPOR/Page_cabi Edit Show - Add Guests/a_add_guest' is clicked on

2019-08-05 15:46:59 - [MESSAGE][PASSED] - Object: 'Object Repository/virualShowRSVPOR/Page_cabi Edit Show - Add Guests/a_add_guest' is clicked on

2019-08-05 15:46:59 - [TEST_STEP][PASSED] - delay(5): Delayed 5 second(s)

2019-08-05 15:47:04 - [MESSAGE][PASSED] - Delayed 5 second(s)

2019-08-05 15:47:04 - [TEST_STEP][PASSED] - setText(findTestObject("Object Repository/virualShowRSVPOR/Page_cabi Edit Show - Add Guests/contact_search_box"), guest2): Text 'sushantguest2 abc' is set on object 'Object Repository/virualShowRSVPOR/Page_cabi Edit Show - Add Guests/contact_search_box'

2019-08-05 15:47:04 - [MESSAGE][PASSED] - Text 'sushantguest2 abc' is set on object 'Object Repository/virualShowRSVPOR/Page_cabi Edit Show - Add Guests/contact_search_box'

2019-08-05 15:47:04 - [TEST_STEP][PASSED] - delay(2): Delayed 2 second(s)

2019-08-05 15:47:06 - [MESSAGE][PASSED] - Delayed 2 second(s)

2019-08-05 15:47:06 - [TEST_STEP][PASSED] - sendKeys(findTestObject("Object Repository/virualShowRSVPOR/Page_cabi Edit Show - Add Guests/contact_search_box"), Keys.chord(ARROW_DOWN)): Keys 'DOWN + ' sent to object: 'Object Repository/virualShowRSVPOR/Page_cabi Edit Show - Add Guests/contact_search_box'

2019-08-05 15:47:06 - [MESSAGE][PASSED] - Keys 'DOWN + ' sent to object: 'Object Repository/virualShowRSVPOR/Page_cabi Edit Show - Add Guests/contact_search_box'

2019-08-05 15:47:06 - [TEST_STEP][PASSED] - sendKeys(findTestObject("Object Repository/virualShowRSVPOR/Page_cabi Edit Show - Add Guests/contact_search_box"), Keys.chord(ENTER)): Keys 'ENTER + ' sent to object: 'Object Repository/virualShowRSVPOR/Page_cabi Edit Show - Add Guests/contact_search_box'

2019-08-05 15:47:06 - [MESSAGE][PASSED] - Keys 'ENTER + ' sent to object: 'Object Repository/virualShowRSVPOR/Page_cabi Edit Show - Add Guests/contact_search_box'

2019-08-05 15:47:06 - [TEST_STEP][PASSED] - delay(2): Delayed 2 second(s)

2019-08-05 15:47:08 - [MESSAGE][PASSED] - Delayed 2 second(s)

2019-08-05 15:47:08 - [TEST_STEP][PASSED] - click(findTestObject("Object Repository/virualShowRSVPOR/Page_cabi Edit Show - Add Guests/a_add_guest")): Object: 'Object Repository/virualShowRSVPOR/Page_cabi Edit Show - Add Guests/a_add_guest' is clicked on

2019-08-05 15:47:10 - [MESSAGE][PASSED] - Object: 'Object Repository/virualShowRSVPOR/Page_cabi Edit Show - Add Guests/a_add_guest' is clicked on

2019-08-05 15:47:10 - [TEST_STEP][PASSED] - delay(2): Delayed 2 second(s)

2019-08-05 15:47:12 - [MESSAGE][PASSED] - Delayed 2 second(s)

2019-08-05 15:47:12 - [TEST_STEP][PASSED] - verifyHostess = UtilityMethods.splitPersonName(hostess): null

2019-08-05 15:47:12 - [TEST_STEP][PASSED] - verifyCohostess = UtilityMethods.splitPersonName(cohostess): null

2019-08-05 15:47:12 - [TEST_STEP][PASSED] - verifyGuest1 = UtilityMethods.splitPersonName(guest1): null

2019-08-05 15:47:12 - [TEST_STEP][PASSED] - verifyGuest2 = UtilityMethods.splitPersonName(guest2): null

2019-08-05 15:47:12 - [TEST_STEP][PASSED] - verifyElementText(findTestObject("Object Repository/virualShowRSVPOR/Page_cabi Edit Show - Add Guests/span_hostess_name"), UtilityMethods.concat(verifyHostess[1], ", ", verifyHostess[0])): Actual text and expected text of test object 'Object Repository/virualShowRSVPOR/Page_cabi Edit Show - Add Guests/span_hostess_name' are matched.

2019-08-05 15:47:12 - [MESSAGE][PASSED] - Actual text and expected text of test object 'Object Repository/virualShowRSVPOR/Page_cabi Edit Show - Add Guests/span_hostess_name' are matched.

2019-08-05 15:47:12 - [TEST_STEP][PASSED] - verifyElementText(findTestObject("Object Repository/virualShowRSVPOR/Page_cabi Edit Show - Add Guests/span_cohostess_name"), UtilityMethods.concat(verifyCohostess[1], ", ", verifyCohostess[0])): Actual text and expected text of test object 'Object Repository/virualShowRSVPOR/Page_cabi Edit Show - Add Guests/span_cohostess_name' are matched.

2019-08-05 15:47:12 - [MESSAGE][PASSED] - Actual text and expected text of test object 'Object Repository/virualShowRSVPOR/Page_cabi Edit Show - Add Guests/span_cohostess_name' are matched.

2019-08-05 15:47:12 - [TEST_STEP][PASSED] - listElement = findWebElements(findTestObject("Object Repository/virualShowRSVPOR/Page_cabi Edit Show - Add Guests/span_guest_name_list"), 5): null

2019-08-05 15:47:12 - [TEST_STEP][PASSED] - guestCount = Integer.parseInt(verifyGuestCount): null

2019-08-05 15:47:12 - [TEST_STEP][PASSED] - assert listElement.size() == guestCount: null

2019-08-05 15:47:12 - [TEST_STEP][PASSED] - flag = false: null

2019-08-05 15:47:12 - [TEST_STEP][PASSED] - for ([i = 0, i < guestCount, (i++)]): null

2019-08-05 15:47:12 - [TEST_STEP][PASSED] - flag = false: null

2019-08-05 15:47:12 - [TEST_STEP][PASSED] - if (getText().equals(UtilityMethods.concat(verifyGuest1[1], ", ", verifyGuest1[0]))): null

2019-08-05 15:47:12 - [TEST_STEP][PASSED] - flag = true: null

2019-08-05 15:47:12 - [TEST_STEP][PASSED] - if (getText().equals(UtilityMethods.concat(verifyGuest2[1], ", ", verifyGuest2[0]))): null

2019-08-05 15:47:12 - [TEST_STEP][PASSED] - flag = false: null

2019-08-05 15:47:12 - [TEST_STEP][PASSED] - if (getText().equals(UtilityMethods.concat(verifyGuest1[1], ", ", verifyGuest1[0]))): null

2019-08-05 15:47:12 - [TEST_STEP][PASSED] - if (getText().equals(UtilityMethods.concat(verifyGuest2[1], ", ", verifyGuest2[0]))): null

2019-08-05 15:47:12 - [TEST_STEP][PASSED] - flag = true: null

2019-08-05 15:47:12 - [TEST_STEP][PASSED] - assert flag == true: null

2019-08-05 15:47:12 - [TEST_STEP][PASSED] - click(findTestObject("Object Repository/virualShowRSVPOR/Page_cabi Edit Show - Add Guests/input_Next")): Object: 'Object Repository/virualShowRSVPOR/Page_cabi Edit Show - Add Guests/input_Next' is clicked on

2019-08-05 15:47:15 - [MESSAGE][PASSED] - Object: 'Object Repository/virualShowRSVPOR/Page_cabi Edit Show - Add Guests/input_Next' is clicked on

2019-08-05 15:47:15 - [TEST_STEP][PASSED] - delay(5): Delayed 5 second(s)

2019-08-05 15:47:20 - [MESSAGE][PASSED] - Delayed 5 second(s)

2019-08-05 15:47:20 - [TEST_STEP][PASSED] - click(findTestObject("Object Repository/virualShowRSVPOR/Page_cabi Edit Show - Send Invitations/input_Overview")): Object: 'Object Repository/virualShowRSVPOR/Page_cabi Edit Show - Send Invitations/input_Overview' is clicked on

2019-08-05 15:47:24 - [MESSAGE][PASSED] - Object: 'Object Repository/virualShowRSVPOR/Page_cabi Edit Show - Send Invitations/input_Overview' is clicked on

2019-08-05 15:47:24 - [TEST_STEP][PASSED] - showID = getText(findTestObject("Object Repository/virualShowRSVPOR/Page_cabi Orders/li_Show_ID_Text")): Text of object 'Object Repository/virualShowRSVPOR/Page_cabi Orders/li_Show_ID_Text' is: 'Show #: 104681100'

2019-08-05 15:47:24 - [MESSAGE][PASSED] - Text of object 'Object Repository/virualShowRSVPOR/Page_cabi Orders/li_Show_ID_Text' is: 'Show #: 104681100'

2019-08-05 15:47:24 - [TEST_STEP][PASSED] - rightClick(findTestObject("Object Repository/virualShowRSVPOR/Page_cabi Orders/a_Account")): Object: 'Object Repository/virualShowRSVPOR/Page_cabi Orders/a_Account' is right clicked on

2019-08-05 15:47:24 - [MESSAGE][PASSED] - Object: 'Object Repository/virualShowRSVPOR/Page_cabi Orders/a_Account' is right clicked on

2019-08-05 15:47:24 - [TEST_STEP][PASSED] - click(findTestObject("Object Repository/virualShowRSVPOR/Page_cabi Orders/a_My Profile")): Object: 'Object Repository/virualShowRSVPOR/Page_cabi Orders/a_My Profile' is clicked on

2019-08-05 15:47:27 - [MESSAGE][PASSED] - Object: 'Object Repository/virualShowRSVPOR/Page_cabi Orders/a_My Profile' is clicked on

2019-08-05 15:47:27 - [TEST_STEP][PASSED] - rsName = getText(findTestObject("Object Repository/virualShowRSVPOR/Page_cabi My Profile/span_rsName")): Text of object 'Object Repository/virualShowRSVPOR/Page_cabi My Profile/span_rsName' is: 'MirandaKate'

2019-08-05 15:47:27 - [MESSAGE][PASSED] - Text of object 'Object Repository/virualShowRSVPOR/Page_cabi My Profile/span_rsName' is: 'MirandaKate'

2019-08-05 15:47:27 - [TEST_STEP][PASSED] - micrositeURL = UtilityMethods.createURL(rsName, RSTestEnvt, showID): null

2019-08-05 15:47:28 - [TEST_STEP][PASSED] - println(micrositeURL): null

2019-08-05 15:47:28 - [TEST_STEP][PASSED] - back(): Navigate back successfully

2019-08-05 15:47:29 - [MESSAGE][PASSED] - Navigate back successfully

2019-08-05 15:47:29 - [MESSAGE][PASSED] - Call Test Case 'Test Cases/VirtualShow/createShow' successfully

2019-08-05 15:47:29 - [TEST_STEP][PASSED] - hostessObj = new commonUtility.VSGuest(hostess): null

2019-08-05 15:47:29 - [TEST_STEP][PASSED] - cohostessObj = new commonUtility.VSGuest(cohostess): null

2019-08-05 15:47:29 - [TEST_STEP][PASSED] - guest1Obj = new commonUtility.VSGuest(guest1): null

2019-08-05 15:47:29 - [TEST_STEP][PASSED] - guest2Obj = new commonUtility.VSGuest(guest2): null

2019-08-05 15:47:29 - [TEST_STEP][PASSED] - driver = getWebDriver(): null

2019-08-05 15:47:29 - [TEST_STEP][PASSED] - executor = driver: null

2019-08-05 15:47:29 - [TEST_STEP][PASSED] - currentPage = getUrl(): Current window's url is: 'https://sandbox.cliotest.com/backoffice/control/ShowOrders?showId=104681100&consultantPartyId=100000042&fromCAM='

2019-08-05 15:47:29 - [MESSAGE][PASSED] - Current window's url is: 'https://sandbox.cliotest.com/backoffice/control/ShowOrders?showId=104681100&consultantPartyId=100000042&fromCAM='

2019-08-05 15:47:29 - [TEST_STEP][PASSED] - currentTab = getWindowIndex(): Current window's index is: 0

2019-08-05 15:47:29 - [MESSAGE][PASSED] - Current window's index is: 0

2019-08-05 15:47:29 - [TEST_STEP][PASSED] - driver = getWebDriver(): null

2019-08-05 15:47:29 - [TEST_STEP][PASSED] - favorites = 0: null

2019-08-05 15:47:29 - [TEST_STEP][PASSED] - favorites = 0: null

2019-08-05 15:47:29 - [TEST_STEP][PASSED] - favorites = 0: null

2019-08-05 15:47:29 - [TEST_STEP][PASSED] - favorites = 0: null

2019-08-05 15:47:29 - [TEST_STEP][PASSED] - allList.add(hostessObj): null

2019-08-05 15:47:29 - [TEST_STEP][PASSED] - allList.add(cohostessObj): null

2019-08-05 15:47:29 - [TEST_STEP][PASSED] - allList.add(guest1Obj): null

2019-08-05 15:47:29 - [TEST_STEP][PASSED] - allList.add(guest2Obj): null

2019-08-05 15:47:29 - [TEST_STEP][PASSED] - yesList.add(hostessObj): null

2019-08-05 15:47:29 - [TEST_STEP][PASSED] - yesList.add(cohostessObj): null

2019-08-05 15:47:29 - [TEST_STEP][PASSED] - noreplyList.add(guest1Obj): null

2019-08-05 15:47:29 - [TEST_STEP][PASSED] - noreplyList.add(guest2Obj): null

2019-08-05 15:47:29 - [TEST_STEP][PASSED] - click(findTestObject("Object Repository/virualShowRSVPOR/Page_cabi Edit Show - Send Invitations/a_dashboard")): Object: 'Object Repository/virualShowRSVPOR/Page_cabi Edit Show - Send Invitations/a_dashboard' is clicked on

2019-08-05 15:47:39 - [MESSAGE][PASSED] - Object: 'Object Repository/virualShowRSVPOR/Page_cabi Edit Show - Send Invitations/a_dashboard' is clicked on

2019-08-05 15:47:39 - [TEST_STEP][PASSED] - delay(5): Delayed 5 second(s)

2019-08-05 15:47:44 - [MESSAGE][PASSED] - Delayed 5 second(s)

2019-08-05 15:47:44 - [TEST_STEP][PASSED] - switchToFrame(findTestObject("virualShowRSVPOR/dashboard/frame_start_pre_show"), 60): null

2019-08-05 15:47:45 - [TEST_STEP][PASSED] - isShowNotStarted = findWebElements(findTestObject("virualShowRSVPOR/dashboard/button_start_pre_show"), 5): null

2019-08-05 15:47:45 - [TEST_STEP][PASSED] - if (isShowNotStarted.size() > 0): null

2019-08-05 15:47:45 - [TEST_STEP][PASSED] - button_start_pre_show = driver.findElement(By.xpath("//button[contains(text(), 'Start pre-show')]")): null

2019-08-05 15:47:45 - [TEST_STEP][PASSED] - executor.executeScript("arguments[0].click();", button_start_pre_show): null

2019-08-05 15:47:45 - [TEST_STEP][PASSED] - delay(3): Delayed 3 second(s)

2019-08-05 15:47:48 - [MESSAGE][PASSED] - Delayed 3 second(s)

2019-08-05 15:47:48 - [TEST_STEP][PASSED] - button_pre_show_sure = driver.findElement(By.xpath("//button[contains(text(), ' sure')]")): null

2019-08-05 15:47:48 - [TEST_STEP][PASSED] - executor.executeScript("arguments[0].click();", button_pre_show_sure): null

2019-08-05 15:47:48 - [TEST_STEP][PASSED] - delay(5): Delayed 5 second(s)

2019-08-05 15:47:53 - [MESSAGE][PASSED] - Delayed 5 second(s)

2019-08-05 15:47:53 - [TEST_STEP][PASSED] - switchToWindowIndex(currentTab + 1): Switched to window with index: '1'

2019-08-05 15:47:53 - [MESSAGE][PASSED] - Switched to window with index: '1'

2019-08-05 15:47:53 - [TEST_STEP][PASSED] - try: Unable to find the element located by 'By.xpath: //div[@class='table-body']/div[@class='table-row']/div/div[@class='table-row-ordered']'. Please recheck the objects properties to make sure the desired element is located. 

2019-08-05 15:47:53 - [TEST_STEP][PASSED] - assert VSGuest.validateGuests(findTestObject("Object Repository/virualShowRSVPOR/dashboard/select_present"), presentList): Unable to find the element located by 'By.xpath: //div[@class='table-body']/div[@class='table-row']/div/div[@class='table-row-ordered']'. Please recheck the objects properties to make sure the desired element is located. 

2019-08-05 15:47:55 - [MESSAGE][INFO] - Unable to find the element located by 'By.xpath: //div[@class='table-body']/div[@class='table-row']/div/div[@class='table-row-status']/i[position()=1]'. Please recheck the objects properties to make sure the desired element is located. 

2019-08-05 15:47:56 - [MESSAGE][INFO] - Unable to find the element located by 'By.xpath: //div[@class='table-body']/div[@class='table-row']/div/div[@class='table-row-status']/i[position()='2']'. Please recheck the objects properties to make sure the desired element is located. 

2019-08-05 15:47:57 - [MESSAGE][INFO] - Unable to find the element located by 'By.xpath: //div[@class='table-body']/div[@class='table-row']/div/div[@class='table-row-name']/a/i'. Please recheck the objects properties to make sure the desired element is located. 

2019-08-05 15:47:58 - [MESSAGE][INFO] - Unable to find the element located by 'By.xpath: //div[@class='table-body']/div[@class='table-row']/div/div[@class='table-row-name']/a/span[last()]'. Please recheck the objects properties to make sure the desired element is located. 

2019-08-05 15:47:59 - [MESSAGE][INFO] - Unable to find the element located by 'By.xpath: //div[@class='table-body']/div[@class='table-row']/div/div[@class='table-row-favorites']'. Please recheck the objects properties to make sure the desired element is located. 

2019-08-05 15:48:01 - [MESSAGE][INFO] - Unable to find the element located by 'By.xpath: //div[@class='table-body']/div[@class='table-row']/div/div[@class='table-row-ordered']'. Please recheck the objects properties to make sure the desired element is located. 

2019-08-05 15:48:01 - [TEST_STEP][PASSED] - delay(2): Delayed 2 second(s)

2019-08-05 15:48:03 - [MESSAGE][PASSED] - Delayed 2 second(s)

2019-08-05 15:48:03 - [TEST_STEP][PASSED] - executor.executeScript("arguments[0].click();", findWebElement(findTestObject("Object Repository/virualShowRSVPOR/dashboard/select_rsvp_blankreply_1"), 5)): null

2019-08-05 15:48:03 - [TEST_STEP][PASSED] - delay(2): Delayed 2 second(s)

2019-08-05 15:48:05 - [MESSAGE][PASSED] - Delayed 2 second(s)

2019-08-05 15:48:05 - [TEST_STEP][PASSED] - try: null

2019-08-05 15:48:05 - [TEST_STEP][PASSED] - assert VSGuest.validateGuests(findTestObject("Object Repository/virualShowRSVPOR/dashboard/select_rsvp_blankreply"), allList): null

2019-08-05 15:48:06 - [TEST_STEP][PASSED] - delay(2): Delayed 2 second(s)

2019-08-05 15:48:08 - [MESSAGE][PASSED] - Delayed 2 second(s)

2019-08-05 15:48:08 - [TEST_STEP][PASSED] - try: null

2019-08-05 15:48:08 - [TEST_STEP][PASSED] - assert VSGuest.validateGuests(findTestObject("Object Repository/virualShowRSVPOR/dashboard/select_rsvp_yes"), yesList): null

2019-08-05 15:48:08 - [TEST_STEP][PASSED] - delay(2): Delayed 2 second(s)

2019-08-05 15:48:10 - [MESSAGE][PASSED] - Delayed 2 second(s)

2019-08-05 15:48:10 - [TEST_STEP][PASSED] - try: Unable to find the element located by 'By.xpath: //div[@class='table-body']/div[@class='table-row']/div/div[@class='table-row-ordered']'. Please recheck the objects properties to make sure the desired element is located. 

2019-08-05 15:48:10 - [TEST_STEP][PASSED] - assert VSGuest.validateGuests(findTestObject("Object Repository/virualShowRSVPOR/dashboard/select_rsvp_no"), noList): Unable to find the element located by 'By.xpath: //div[@class='table-body']/div[@class='table-row']/div/div[@class='table-row-ordered']'. Please recheck the objects properties to make sure the desired element is located. 

2019-08-05 15:48:12 - [MESSAGE][INFO] - Unable to find the element located by 'By.xpath: //div[@class='table-body']/div[@class='table-row']/div/div[@class='table-row-status']/i[position()=1]'. Please recheck the objects properties to make sure the desired element is located. 

2019-08-05 15:48:13 - [MESSAGE][INFO] - Unable to find the element located by 'By.xpath: //div[@class='table-body']/div[@class='table-row']/div/div[@class='table-row-status']/i[position()='2']'. Please recheck the objects properties to make sure the desired element is located. 

2019-08-05 15:48:14 - [MESSAGE][INFO] - Unable to find the element located by 'By.xpath: //div[@class='table-body']/div[@class='table-row']/div/div[@class='table-row-name']/a/i'. Please recheck the objects properties to make sure the desired element is located. 

2019-08-05 15:48:15 - [MESSAGE][INFO] - Unable to find the element located by 'By.xpath: //div[@class='table-body']/div[@class='table-row']/div/div[@class='table-row-name']/a/span[last()]'. Please recheck the objects properties to make sure the desired element is located. 

2019-08-05 15:48:16 - [MESSAGE][INFO] - Unable to find the element located by 'By.xpath: //div[@class='table-body']/div[@class='table-row']/div/div[@class='table-row-favorites']'. Please recheck the objects properties to make sure the desired element is located. 

2019-08-05 15:48:17 - [MESSAGE][INFO] - Unable to find the element located by 'By.xpath: //div[@class='table-body']/div[@class='table-row']/div/div[@class='table-row-ordered']'. Please recheck the objects properties to make sure the desired element is located. 

2019-08-05 15:48:17 - [TEST_STEP][PASSED] - delay(2): Delayed 2 second(s)

2019-08-05 15:48:19 - [MESSAGE][PASSED] - Delayed 2 second(s)

2019-08-05 15:48:19 - [TEST_STEP][PASSED] - try: Unable to find the element located by 'By.xpath: //div[@class='table-body']/div[@class='table-row']/div/div[@class='table-row-ordered']'. Please recheck the objects properties to make sure the desired element is located. 

2019-08-05 15:48:19 - [TEST_STEP][PASSED] - assert VSGuest.validateGuests(findTestObject("Object Repository/virualShowRSVPOR/dashboard/select_rsvp_maybe"), maybeList): Unable to find the element located by 'By.xpath: //div[@class='table-body']/div[@class='table-row']/div/div[@class='table-row-ordered']'. Please recheck the objects properties to make sure the desired element is located. 

2019-08-05 15:48:20 - [MESSAGE][INFO] - Unable to find the element located by 'By.xpath: //div[@class='table-body']/div[@class='table-row']/div/div[@class='table-row-status']/i[position()=1]'. Please recheck the objects properties to make sure the desired element is located. 

2019-08-05 15:48:21 - [MESSAGE][INFO] - Unable to find the element located by 'By.xpath: //div[@class='table-body']/div[@class='table-row']/div/div[@class='table-row-status']/i[position()='2']'. Please recheck the objects properties to make sure the desired element is located. 

2019-08-05 15:48:22 - [MESSAGE][INFO] - Unable to find the element located by 'By.xpath: //div[@class='table-body']/div[@class='table-row']/div/div[@class='table-row-name']/a/i'. Please recheck the objects properties to make sure the desired element is located. 

2019-08-05 15:48:23 - [MESSAGE][INFO] - Unable to find the element located by 'By.xpath: //div[@class='table-body']/div[@class='table-row']/div/div[@class='table-row-name']/a/span[last()]'. Please recheck the objects properties to make sure the desired element is located. 

2019-08-05 15:48:24 - [MESSAGE][INFO] - Unable to find the element located by 'By.xpath: //div[@class='table-body']/div[@class='table-row']/div/div[@class='table-row-favorites']'. Please recheck the objects properties to make sure the desired element is located. 

2019-08-05 15:48:25 - [MESSAGE][INFO] - Unable to find the element located by 'By.xpath: //div[@class='table-body']/div[@class='table-row']/div/div[@class='table-row-ordered']'. Please recheck the objects properties to make sure the desired element is located. 

2019-08-05 15:48:25 - [TEST_STEP][PASSED] - delay(2): Delayed 2 second(s)

2019-08-05 15:48:27 - [MESSAGE][PASSED] - Delayed 2 second(s)

2019-08-05 15:48:27 - [TEST_STEP][PASSED] - try: null

2019-08-05 15:48:27 - [TEST_STEP][PASSED] - assert VSGuest.validateGuests(findTestObject("Object Repository/virualShowRSVPOR/dashboard/select_rsvp_notreply"), noreplyList): null

2019-08-05 15:48:28 - [TEST_STEP][PASSED] - println(getWindowIndex()): Current window's index is: 1

2019-08-05 15:48:28 - [MESSAGE][PASSED] - Current window's index is: 1

2019-08-05 15:48:28 - [TEST_STEP][PASSED] - executor.executeScript("window.open();"): null

2019-08-05 15:48:28 - [TEST_STEP][PASSED] - switchToWindowIndex(currentTab + 2): Switched to window with index: '2'

2019-08-05 15:48:28 - [MESSAGE][PASSED] - Switched to window with index: '2'

2019-08-05 15:48:28 - [TEST_STEP][PASSED] - println(getWindowIndex()): Current window's index is: 2

2019-08-05 15:48:29 - [MESSAGE][PASSED] - Current window's index is: 2

2019-08-05 15:48:29 - [TEST_STEP][PASSED] - callTestCase(findTestCase("TestCaseUtilities/setVHost"), [:], STOP_ON_FAILURE): Call Test Case 'Test Cases/TestCaseUtilities/setVHost' successfully

2019-08-05 15:48:29 - [TEST_CASE][PASSED] - Test Cases/TestCaseUtilities/setVHost: Test Cases/TestCaseUtilities/setVHost

2019-08-05 15:48:30 - [TEST_STEP][PASSED] - ofbizURL = findTestData("envtData").getValue("ofbizURL", 1): null

2019-08-05 15:48:30 - [TEST_STEP][PASSED] - ofbizUser = findTestData("credData").getValue("ofbizuser", 1): null

2019-08-05 15:48:30 - [TEST_STEP][PASSED] - ofbizPass = findTestData("credData").getValue("ofbizpass", 1): null

2019-08-05 15:48:30 - [TEST_STEP][PASSED] - vhostTarget = findTestData("envtData").getValue("vhostTarget", 1): null

2019-08-05 15:48:30 - [TEST_STEP][PASSED] - navigateToUrl(ofbizURL): Navigate to 'https://pushofbiz.cliotest.com/login.php' successfully

2019-08-05 15:48:32 - [MESSAGE][PASSED] - Navigate to 'https://pushofbiz.cliotest.com/login.php' successfully

2019-08-05 15:48:32 - [TEST_STEP][PASSED] - setText(findTestObject("Object Repository/virualShowRSVPOR/Page_/input_Username_username"), ofbizUser): Text 'automation' is set on object 'Object Repository/virualShowRSVPOR/Page_/input_Username_username'

2019-08-05 15:48:32 - [MESSAGE][PASSED] - Text 'automation' is set on object 'Object Repository/virualShowRSVPOR/Page_/input_Username_username'

2019-08-05 15:48:32 - [TEST_STEP][PASSED] - setText(findTestObject("Object Repository/virualShowRSVPOR/Page_/input_Password_password"), ofbizPass): Text 'cabiautomation' is set on object 'Object Repository/virualShowRSVPOR/Page_/input_Password_password'

2019-08-05 15:48:32 - [MESSAGE][PASSED] - Text 'cabiautomation' is set on object 'Object Repository/virualShowRSVPOR/Page_/input_Password_password'

2019-08-05 15:48:32 - [TEST_STEP][PASSED] - click(findTestObject("Object Repository/virualShowRSVPOR/Page_/input_Password_Submit")): Object: 'Object Repository/virualShowRSVPOR/Page_/input_Password_Submit' is clicked on

2019-08-05 15:48:36 - [MESSAGE][PASSED] - Object: 'Object Repository/virualShowRSVPOR/Page_/input_Password_Submit' is clicked on

2019-08-05 15:48:36 - [TEST_STEP][PASSED] - click(findTestObject("Object Repository/virualShowRSVPOR/Page_/a_Set Vhost")): Object: 'Object Repository/virualShowRSVPOR/Page_/a_Set Vhost' is clicked on

2019-08-05 15:48:37 - [MESSAGE][PASSED] - Object: 'Object Repository/virualShowRSVPOR/Page_/a_Set Vhost' is clicked on

2019-08-05 15:48:37 - [TEST_STEP][PASSED] - click(UtilityMethods.createTestObject("select_target", "//select[@name='Target']/option[contains(text(), '", vhostTarget, "')]")): Object: 'select_target' is clicked on

2019-08-05 15:48:37 - [MESSAGE][PASSED] - Object: 'select_target' is clicked on

2019-08-05 15:48:37 - [TEST_STEP][PASSED] - click(findTestObject("Object Repository/virualShowRSVPOR/Page_/input")): Object: 'Object Repository/virualShowRSVPOR/Page_/input' is clicked on

2019-08-05 15:48:40 - [MESSAGE][PASSED] - Object: 'Object Repository/virualShowRSVPOR/Page_/input' is clicked on

2019-08-05 15:48:40 - [MESSAGE][PASSED] - Call Test Case 'Test Cases/TestCaseUtilities/setVHost' successfully

2019-08-05 15:48:40 - [TEST_STEP][PASSED] - loginURL = UtilityMethods.concat("https://mirandakate.", RSTestEnvt, ".com/?component=account.login-gateway"): null

2019-08-05 15:48:40 - [TEST_STEP][PASSED] - navigateToUrl(loginURL): Navigate to 'https://mirandakate.cabisandbox.com/?component=account.login-gateway' successfully

2019-08-05 15:49:44 - [MESSAGE][PASSED] - Navigate to 'https://mirandakate.cabisandbox.com/?component=account.login-gateway' successfully

2019-08-05 15:49:44 - [TEST_STEP][PASSED] - "Login with the invited guest": null

2019-08-05 15:49:44 - [TEST_STEP][PASSED] - delay(3): Delayed 3 second(s)

2019-08-05 15:49:47 - [MESSAGE][PASSED] - Delayed 3 second(s)

2019-08-05 15:49:47 - [TEST_STEP][PASSED] - setText(findTestObject("Object Repository/virualShowRSVPOR/Page_Show microsite/input_Sign in  Create account_email"), guest1Mail): Text 'sushantguest1@test.com' is set on object 'Object Repository/virualShowRSVPOR/Page_Show microsite/input_Sign in  Create account_email'

2019-08-05 15:49:47 - [MESSAGE][PASSED] - Text 'sushantguest1@test.com' is set on object 'Object Repository/virualShowRSVPOR/Page_Show microsite/input_Sign in  Create account_email'

2019-08-05 15:49:47 - [TEST_STEP][PASSED] - click(findTestObject("Object Repository/virualShowRSVPOR/Page_Show microsite/button_Continue")): Object: 'Object Repository/virualShowRSVPOR/Page_Show microsite/button_Continue' is clicked on

2019-08-05 15:49:47 - [MESSAGE][PASSED] - Object: 'Object Repository/virualShowRSVPOR/Page_Show microsite/button_Continue' is clicked on

2019-08-05 15:49:47 - [TEST_STEP][PASSED] - setText(findTestObject("Object Repository/virualShowRSVPOR/Page_Show microsite/input_Welcome_password"), guest1Pass): Text 'blackdress19' is set on object 'Object Repository/virualShowRSVPOR/Page_Show microsite/input_Welcome_password'

2019-08-05 15:49:48 - [MESSAGE][PASSED] - Text 'blackdress19' is set on object 'Object Repository/virualShowRSVPOR/Page_Show microsite/input_Welcome_password'

2019-08-05 15:49:48 - [TEST_STEP][PASSED] - click(findTestObject("Object Repository/virualShowRSVPOR/Page_Show microsite/button_Continue_pass")): Object: 'Object Repository/virualShowRSVPOR/Page_Show microsite/button_Continue_pass' is clicked on

2019-08-05 15:49:49 - [MESSAGE][PASSED] - Object: 'Object Repository/virualShowRSVPOR/Page_Show microsite/button_Continue_pass' is clicked on

2019-08-05 15:49:49 - [TEST_STEP][PASSED] - delay(5): Delayed 5 second(s)

2019-08-05 15:49:54 - [MESSAGE][PASSED] - Delayed 5 second(s)

2019-08-05 15:49:54 - [TEST_STEP][PASSED] - if (verifyElementPresent(findTestObject("Object Repository/virualShowRSVPOR/Page_Show microsite/complete_my_profile_later"), 0)): Object: 'Object Repository/virualShowRSVPOR/Page_Show microsite/div_Ill complete my profile later' is clicked on

2019-08-05 15:49:54 - [MESSAGE][WARNING] - Timeout '0' is invalid. Using default page load timeout: '30'

2019-08-05 15:49:54 - [MESSAGE][PASSED] - Object 'Object Repository/virualShowRSVPOR/Page_Show microsite/complete_my_profile_later' is present

2019-08-05 15:49:54 - [TEST_STEP][PASSED] - click(findTestObject("Object Repository/virualShowRSVPOR/Page_Show microsite/div_Ill complete my profile later")): Object: 'Object Repository/virualShowRSVPOR/Page_Show microsite/div_Ill complete my profile later' is clicked on

2019-08-05 15:50:09 - [MESSAGE][PASSED] - Object: 'Object Repository/virualShowRSVPOR/Page_Show microsite/div_Ill complete my profile later' is clicked on

2019-08-05 15:50:09 - [TEST_STEP][PASSED] - navigateToUrl(micrositeURL): Navigate to 'https://mirandakate.cabisandbox.com/show-microsite/104681100/' successfully

2019-08-05 15:50:19 - [MESSAGE][PASSED] - Navigate to 'https://mirandakate.cabisandbox.com/show-microsite/104681100/' successfully

2019-08-05 15:50:19 - [TEST_STEP][PASSED] - userLogin = findWebElements(findTestObject("Object Repository/virualShowRSVPOR/Page_Show microsite/i_user_login"), 5): null

2019-08-05 15:50:19 - [TEST_STEP][PASSED] - if (userLogin.size() == 0): null

2019-08-05 15:50:19 - [TEST_STEP][PASSED] - listElement1 = findWebElements(findTestObject("Object Repository/virualShowRSVPOR/Page_Show microsite/div_Update your RSVP"), 5): Unable to find the element located by 'By.xpath: //*[contains(text(), 'Update your RSVP')]'. Please recheck the objects properties to make sure the desired element is located. 

2019-08-05 15:50:25 - [MESSAGE][INFO] - Unable to find the element located by 'By.xpath: //*[contains(text(), 'Update your RSVP')]'. Please recheck the objects properties to make sure the desired element is located. 

2019-08-05 15:50:25 - [TEST_STEP][PASSED] - if (empty): Actual text and expected text of test object 'Object Repository/virualShowRSVPOR/Page_Show microsite/h2_We hope youll be able to attend.' are matched.

2019-08-05 15:50:25 - [TEST_STEP][PASSED] - println("RSVP is not updated"): null

2019-08-05 15:50:25 - [TEST_STEP][PASSED] - click(findTestObject("Object Repository/virualShowRSVPOR/Page_Show microsite/button_RSVP")): Object: 'Object Repository/virualShowRSVPOR/Page_Show microsite/button_RSVP' is clicked on

2019-08-05 15:50:25 - [MESSAGE][PASSED] - Object: 'Object Repository/virualShowRSVPOR/Page_Show microsite/button_RSVP' is clicked on

2019-08-05 15:50:25 - [TEST_STEP][PASSED] - click(findTestObject("Object Repository/virualShowRSVPOR/Page_Show microsite/select_rsvp_maybe")): Object: 'Object Repository/virualShowRSVPOR/Page_Show microsite/select_rsvp_maybe' is clicked on

2019-08-05 15:50:25 - [MESSAGE][PASSED] - Object: 'Object Repository/virualShowRSVPOR/Page_Show microsite/select_rsvp_maybe' is clicked on

2019-08-05 15:50:25 - [TEST_STEP][PASSED] - click(findTestObject("Object Repository/virualShowRSVPOR/Page_Show microsite/button_SEND")): Object: 'Object Repository/virualShowRSVPOR/Page_Show microsite/button_SEND' is clicked on

2019-08-05 15:50:25 - [MESSAGE][PASSED] - Object: 'Object Repository/virualShowRSVPOR/Page_Show microsite/button_SEND' is clicked on

2019-08-05 15:50:25 - [TEST_STEP][PASSED] - delay(4): Delayed 4 second(s)

2019-08-05 15:50:29 - [MESSAGE][PASSED] - Delayed 4 second(s)

2019-08-05 15:50:29 - [TEST_STEP][PASSED] - verifyElementText(findTestObject("Object Repository/virualShowRSVPOR/Page_Show microsite/h2_We hope youll be able to attend."), "We hope you'll be able to attend."): Actual text and expected text of test object 'Object Repository/virualShowRSVPOR/Page_Show microsite/h2_We hope youll be able to attend.' are matched.

2019-08-05 15:50:29 - [MESSAGE][PASSED] - Actual text and expected text of test object 'Object Repository/virualShowRSVPOR/Page_Show microsite/h2_We hope youll be able to attend.' are matched.

2019-08-05 15:50:29 - [TEST_STEP][PASSED] - maybeList.add(guest1Obj): null

2019-08-05 15:50:29 - [TEST_STEP][PASSED] - noreplyList.remove(guest1Obj): null

2019-08-05 15:50:29 - [TEST_STEP][PASSED] - switchToWindowIndex(currentTab + 1): Switched to window with index: '1'

2019-08-05 15:50:29 - [MESSAGE][PASSED] - Switched to window with index: '1'

2019-08-05 15:50:29 - [TEST_STEP][PASSED] - delay(2): Delayed 2 second(s)

2019-08-05 15:50:31 - [MESSAGE][PASSED] - Delayed 2 second(s)

2019-08-05 15:50:31 - [TEST_STEP][PASSED] - executor.executeScript("arguments[0].click();", findWebElement(findTestObject("Object Repository/virualShowRSVPOR/dashboard/a_close_mic_alert"), 5)): null

2019-08-05 15:50:31 - [TEST_STEP][PASSED] - try: Unable to find the element located by 'By.xpath: //div[@class='table-body']/div[@class='table-row']/div/div[@class='table-row-ordered']'. Please recheck the objects properties to make sure the desired element is located. 

2019-08-05 15:50:31 - [TEST_STEP][PASSED] - assert VSGuest.validateGuests(findTestObject("Object Repository/virualShowRSVPOR/dashboard/select_present"), presentList): Unable to find the element located by 'By.xpath: //div[@class='table-body']/div[@class='table-row']/div/div[@class='table-row-ordered']'. Please recheck the objects properties to make sure the desired element is located. 

2019-08-05 15:50:33 - [MESSAGE][INFO] - Unable to find the element located by 'By.xpath: //div[@class='table-body']/div[@class='table-row']/div/div[@class='table-row-status']/i[position()=1]'. Please recheck the objects properties to make sure the desired element is located. 

2019-08-05 15:50:34 - [MESSAGE][INFO] - Unable to find the element located by 'By.xpath: //div[@class='table-body']/div[@class='table-row']/div/div[@class='table-row-status']/i[position()='2']'. Please recheck the objects properties to make sure the desired element is located. 

2019-08-05 15:50:35 - [MESSAGE][INFO] - Unable to find the element located by 'By.xpath: //div[@class='table-body']/div[@class='table-row']/div/div[@class='table-row-name']/a/i'. Please recheck the objects properties to make sure the desired element is located. 

2019-08-05 15:50:36 - [MESSAGE][INFO] - Unable to find the element located by 'By.xpath: //div[@class='table-body']/div[@class='table-row']/div/div[@class='table-row-name']/a/span[last()]'. Please recheck the objects properties to make sure the desired element is located. 

2019-08-05 15:50:37 - [MESSAGE][INFO] - Unable to find the element located by 'By.xpath: //div[@class='table-body']/div[@class='table-row']/div/div[@class='table-row-favorites']'. Please recheck the objects properties to make sure the desired element is located. 

2019-08-05 15:50:38 - [MESSAGE][INFO] - Unable to find the element located by 'By.xpath: //div[@class='table-body']/div[@class='table-row']/div/div[@class='table-row-ordered']'. Please recheck the objects properties to make sure the desired element is located. 

2019-08-05 15:50:38 - [TEST_STEP][PASSED] - delay(2): Delayed 2 second(s)

2019-08-05 15:50:40 - [MESSAGE][PASSED] - Delayed 2 second(s)

2019-08-05 15:50:40 - [TEST_STEP][PASSED] - executor.executeScript("arguments[0].click();", findWebElement(findTestObject("Object Repository/virualShowRSVPOR/dashboard/select_rsvp_blankreply_1"), 5)): null

2019-08-05 15:50:40 - [TEST_STEP][PASSED] - delay(2): Delayed 2 second(s)

2019-08-05 15:50:42 - [MESSAGE][PASSED] - Delayed 2 second(s)

2019-08-05 15:50:42 - [TEST_STEP][PASSED] - try: null

2019-08-05 15:50:42 - [TEST_STEP][PASSED] - assert VSGuest.validateGuests(findTestObject("Object Repository/virualShowRSVPOR/dashboard/select_rsvp_blankreply"), allList): null

2019-08-05 15:50:43 - [TEST_STEP][PASSED] - delay(2): Delayed 2 second(s)

2019-08-05 15:50:45 - [MESSAGE][PASSED] - Delayed 2 second(s)

2019-08-05 15:50:45 - [TEST_STEP][PASSED] - try: null

2019-08-05 15:50:45 - [TEST_STEP][PASSED] - assert VSGuest.validateGuests(findTestObject("Object Repository/virualShowRSVPOR/dashboard/select_rsvp_yes"), yesList): null

2019-08-05 15:50:45 - [TEST_STEP][PASSED] - delay(2): Delayed 2 second(s)

2019-08-05 15:50:47 - [MESSAGE][PASSED] - Delayed 2 second(s)

2019-08-05 15:50:47 - [TEST_STEP][PASSED] - try: Unable to find the element located by 'By.xpath: //div[@class='table-body']/div[@class='table-row']/div/div[@class='table-row-ordered']'. Please recheck the objects properties to make sure the desired element is located. 

2019-08-05 15:50:47 - [TEST_STEP][PASSED] - assert VSGuest.validateGuests(findTestObject("Object Repository/virualShowRSVPOR/dashboard/select_rsvp_no"), noList): Unable to find the element located by 'By.xpath: //div[@class='table-body']/div[@class='table-row']/div/div[@class='table-row-ordered']'. Please recheck the objects properties to make sure the desired element is located. 

2019-08-05 15:50:48 - [MESSAGE][INFO] - Unable to find the element located by 'By.xpath: //div[@class='table-body']/div[@class='table-row']/div/div[@class='table-row-status']/i[position()=1]'. Please recheck the objects properties to make sure the desired element is located. 

2019-08-05 15:50:49 - [MESSAGE][INFO] - Unable to find the element located by 'By.xpath: //div[@class='table-body']/div[@class='table-row']/div/div[@class='table-row-status']/i[position()='2']'. Please recheck the objects properties to make sure the desired element is located. 

2019-08-05 15:50:50 - [MESSAGE][INFO] - Unable to find the element located by 'By.xpath: //div[@class='table-body']/div[@class='table-row']/div/div[@class='table-row-name']/a/i'. Please recheck the objects properties to make sure the desired element is located. 

2019-08-05 15:50:52 - [MESSAGE][INFO] - Unable to find the element located by 'By.xpath: //div[@class='table-body']/div[@class='table-row']/div/div[@class='table-row-name']/a/span[last()]'. Please recheck the objects properties to make sure the desired element is located. 

2019-08-05 15:50:53 - [MESSAGE][INFO] - Unable to find the element located by 'By.xpath: //div[@class='table-body']/div[@class='table-row']/div/div[@class='table-row-favorites']'. Please recheck the objects properties to make sure the desired element is located. 

2019-08-05 15:50:54 - [MESSAGE][INFO] - Unable to find the element located by 'By.xpath: //div[@class='table-body']/div[@class='table-row']/div/div[@class='table-row-ordered']'. Please recheck the objects properties to make sure the desired element is located. 

2019-08-05 15:50:54 - [TEST_STEP][PASSED] - delay(2): Delayed 2 second(s)

2019-08-05 15:50:56 - [MESSAGE][PASSED] - Delayed 2 second(s)

2019-08-05 15:50:56 - [TEST_STEP][PASSED] - try: null

2019-08-05 15:50:56 - [TEST_STEP][PASSED] - assert VSGuest.validateGuests(findTestObject("Object Repository/virualShowRSVPOR/dashboard/select_rsvp_maybe"), maybeList): null

2019-08-05 15:50:56 - [TEST_STEP][PASSED] - delay(2): Delayed 2 second(s)

2019-08-05 15:50:58 - [MESSAGE][PASSED] - Delayed 2 second(s)

2019-08-05 15:50:58 - [TEST_STEP][PASSED] - try: null

2019-08-05 15:50:58 - [TEST_STEP][PASSED] - assert VSGuest.validateGuests(findTestObject("Object Repository/virualShowRSVPOR/dashboard/select_rsvp_notreply"), noreplyList): null

2019-08-05 15:50:58 - [TEST_STEP][PASSED] - switchToWindowIndex(currentTab + 2): Switched to window with index: '2'

2019-08-05 15:50:58 - [MESSAGE][PASSED] - Switched to window with index: '2'

2019-08-05 15:50:58 - [TEST_STEP][PASSED] - delay(2): Delayed 2 second(s)

2019-08-05 15:51:00 - [MESSAGE][PASSED] - Delayed 2 second(s)

2019-08-05 15:51:00 - [TEST_STEP][PASSED] - click(findTestObject("Object Repository/virualShowRSVPOR/Page_Show microsite/div_Update your RSVP")): Object: 'Object Repository/virualShowRSVPOR/Page_Show microsite/div_Update your RSVP' is clicked on

2019-08-05 15:51:01 - [MESSAGE][PASSED] - Object: 'Object Repository/virualShowRSVPOR/Page_Show microsite/div_Update your RSVP' is clicked on

2019-08-05 15:51:01 - [TEST_STEP][PASSED] - click(findTestObject("Object Repository/virualShowRSVPOR/Page_Show microsite/select_rsvp_no")): Object: 'Object Repository/virualShowRSVPOR/Page_Show microsite/select_rsvp_no' is clicked on

2019-08-05 15:51:01 - [MESSAGE][PASSED] - Object: 'Object Repository/virualShowRSVPOR/Page_Show microsite/select_rsvp_no' is clicked on

2019-08-05 15:51:01 - [TEST_STEP][PASSED] - click(findTestObject("Object Repository/virualShowRSVPOR/Page_Show microsite/button_SEND")): Object: 'Object Repository/virualShowRSVPOR/Page_Show microsite/button_SEND' is clicked on

2019-08-05 15:51:01 - [MESSAGE][PASSED] - Object: 'Object Repository/virualShowRSVPOR/Page_Show microsite/button_SEND' is clicked on

2019-08-05 15:51:01 - [TEST_STEP][PASSED] - delay(4): Delayed 4 second(s)

2019-08-05 15:51:05 - [MESSAGE][PASSED] - Delayed 4 second(s)

2019-08-05 15:51:05 - [TEST_STEP][PASSED] - verifyElementText(findTestObject("Object Repository/virualShowRSVPOR/Page_Show microsite/h2_Sorry you cant make it."), "Sorry you can't make it."): Actual text and expected text of test object 'Object Repository/virualShowRSVPOR/Page_Show microsite/h2_Sorry you cant make it.' are matched.

2019-08-05 15:51:05 - [MESSAGE][PASSED] - Actual text and expected text of test object 'Object Repository/virualShowRSVPOR/Page_Show microsite/h2_Sorry you cant make it.' are matched.

2019-08-05 15:51:05 - [TEST_STEP][PASSED] - noList.add(guest1Obj): null

2019-08-05 15:51:05 - [TEST_STEP][PASSED] - maybeList.remove(guest1Obj): null

2019-08-05 15:51:05 - [TEST_STEP][PASSED] - switchToWindowIndex(currentTab + 1): Switched to window with index: '1'

2019-08-05 15:51:05 - [MESSAGE][PASSED] - Switched to window with index: '1'

2019-08-05 15:51:05 - [TEST_STEP][PASSED] - try: Unable to find the element located by 'By.xpath: //div[@class='table-body']/div[@class='table-row']/div/div[@class='table-row-ordered']'. Please recheck the objects properties to make sure the desired element is located. 

2019-08-05 15:51:05 - [TEST_STEP][PASSED] - assert VSGuest.validateGuests(findTestObject("Object Repository/virualShowRSVPOR/dashboard/select_present"), presentList): Unable to find the element located by 'By.xpath: //div[@class='table-body']/div[@class='table-row']/div/div[@class='table-row-ordered']'. Please recheck the objects properties to make sure the desired element is located. 

2019-08-05 15:51:06 - [MESSAGE][INFO] - Unable to find the element located by 'By.xpath: //div[@class='table-body']/div[@class='table-row']/div/div[@class='table-row-status']/i[position()=1]'. Please recheck the objects properties to make sure the desired element is located. 

2019-08-05 15:51:07 - [MESSAGE][INFO] - Unable to find the element located by 'By.xpath: //div[@class='table-body']/div[@class='table-row']/div/div[@class='table-row-status']/i[position()='2']'. Please recheck the objects properties to make sure the desired element is located. 

2019-08-05 15:51:08 - [MESSAGE][INFO] - Unable to find the element located by 'By.xpath: //div[@class='table-body']/div[@class='table-row']/div/div[@class='table-row-name']/a/i'. Please recheck the objects properties to make sure the desired element is located. 

2019-08-05 15:51:09 - [MESSAGE][INFO] - Unable to find the element located by 'By.xpath: //div[@class='table-body']/div[@class='table-row']/div/div[@class='table-row-name']/a/span[last()]'. Please recheck the objects properties to make sure the desired element is located. 

2019-08-05 15:51:10 - [MESSAGE][INFO] - Unable to find the element located by 'By.xpath: //div[@class='table-body']/div[@class='table-row']/div/div[@class='table-row-favorites']'. Please recheck the objects properties to make sure the desired element is located. 

2019-08-05 15:51:11 - [MESSAGE][INFO] - Unable to find the element located by 'By.xpath: //div[@class='table-body']/div[@class='table-row']/div/div[@class='table-row-ordered']'. Please recheck the objects properties to make sure the desired element is located. 

2019-08-05 15:51:12 - [TEST_STEP][PASSED] - delay(2): Delayed 2 second(s)

2019-08-05 15:51:14 - [MESSAGE][PASSED] - Delayed 2 second(s)

2019-08-05 15:51:14 - [TEST_STEP][PASSED] - executor.executeScript("arguments[0].click();", findWebElement(findTestObject("Object Repository/virualShowRSVPOR/dashboard/select_rsvp_blankreply_1"), 5)): null

2019-08-05 15:51:14 - [TEST_STEP][PASSED] - delay(2): Delayed 2 second(s)

2019-08-05 15:51:16 - [MESSAGE][PASSED] - Delayed 2 second(s)

2019-08-05 15:51:16 - [TEST_STEP][PASSED] - try: null

2019-08-05 15:51:16 - [TEST_STEP][PASSED] - assert VSGuest.validateGuests(findTestObject("Object Repository/virualShowRSVPOR/dashboard/select_rsvp_blankreply"), allList): null

2019-08-05 15:51:16 - [TEST_STEP][PASSED] - delay(2): Delayed 2 second(s)

2019-08-05 15:51:18 - [MESSAGE][PASSED] - Delayed 2 second(s)

2019-08-05 15:51:18 - [TEST_STEP][PASSED] - try: null

2019-08-05 15:51:18 - [TEST_STEP][PASSED] - assert VSGuest.validateGuests(findTestObject("Object Repository/virualShowRSVPOR/dashboard/select_rsvp_yes"), yesList): null

2019-08-05 15:51:19 - [TEST_STEP][PASSED] - delay(2): Delayed 2 second(s)

2019-08-05 15:51:21 - [MESSAGE][PASSED] - Delayed 2 second(s)

2019-08-05 15:51:21 - [TEST_STEP][PASSED] - try: null

2019-08-05 15:51:21 - [TEST_STEP][PASSED] - assert VSGuest.validateGuests(findTestObject("Object Repository/virualShowRSVPOR/dashboard/select_rsvp_no"), noList): null

2019-08-05 15:51:21 - [TEST_STEP][PASSED] - delay(2): Delayed 2 second(s)

2019-08-05 15:51:23 - [MESSAGE][PASSED] - Delayed 2 second(s)

2019-08-05 15:51:23 - [TEST_STEP][PASSED] - try: Unable to find the element located by 'By.xpath: //div[@class='table-body']/div[@class='table-row']/div/div[@class='table-row-ordered']'. Please recheck the objects properties to make sure the desired element is located. 

2019-08-05 15:51:23 - [TEST_STEP][PASSED] - assert VSGuest.validateGuests(findTestObject("Object Repository/virualShowRSVPOR/dashboard/select_rsvp_maybe"), maybeList): Unable to find the element located by 'By.xpath: //div[@class='table-body']/div[@class='table-row']/div/div[@class='table-row-ordered']'. Please recheck the objects properties to make sure the desired element is located. 

2019-08-05 15:51:24 - [MESSAGE][INFO] - Unable to find the element located by 'By.xpath: //div[@class='table-body']/div[@class='table-row']/div/div[@class='table-row-status']/i[position()=1]'. Please recheck the objects properties to make sure the desired element is located. 

2019-08-05 15:51:25 - [MESSAGE][INFO] - Unable to find the element located by 'By.xpath: //div[@class='table-body']/div[@class='table-row']/div/div[@class='table-row-status']/i[position()='2']'. Please recheck the objects properties to make sure the desired element is located. 

2019-08-05 15:51:26 - [MESSAGE][INFO] - Unable to find the element located by 'By.xpath: //div[@class='table-body']/div[@class='table-row']/div/div[@class='table-row-name']/a/i'. Please recheck the objects properties to make sure the desired element is located. 

2019-08-05 15:51:27 - [MESSAGE][INFO] - Unable to find the element located by 'By.xpath: //div[@class='table-body']/div[@class='table-row']/div/div[@class='table-row-name']/a/span[last()]'. Please recheck the objects properties to make sure the desired element is located. 

2019-08-05 15:51:29 - [MESSAGE][INFO] - Unable to find the element located by 'By.xpath: //div[@class='table-body']/div[@class='table-row']/div/div[@class='table-row-favorites']'. Please recheck the objects properties to make sure the desired element is located. 

2019-08-05 15:51:30 - [MESSAGE][INFO] - Unable to find the element located by 'By.xpath: //div[@class='table-body']/div[@class='table-row']/div/div[@class='table-row-ordered']'. Please recheck the objects properties to make sure the desired element is located. 

2019-08-05 15:51:30 - [TEST_STEP][PASSED] - delay(2): Delayed 2 second(s)

2019-08-05 15:51:32 - [MESSAGE][PASSED] - Delayed 2 second(s)

2019-08-05 15:51:32 - [TEST_STEP][PASSED] - try: null

2019-08-05 15:51:32 - [TEST_STEP][PASSED] - assert VSGuest.validateGuests(findTestObject("Object Repository/virualShowRSVPOR/dashboard/select_rsvp_notreply"), noreplyList): null

2019-08-05 15:51:32 - [TEST_STEP][PASSED] - switchToWindowIndex(currentTab + 2): Switched to window with index: '2'

2019-08-05 15:51:32 - [MESSAGE][PASSED] - Switched to window with index: '2'

2019-08-05 15:51:32 - [TEST_STEP][PASSED] - delay(2): Delayed 2 second(s)

2019-08-05 15:51:34 - [MESSAGE][PASSED] - Delayed 2 second(s)

2019-08-05 15:51:34 - [TEST_STEP][PASSED] - click(findTestObject("Object Repository/virualShowRSVPOR/Page_Show microsite/div_Update your RSVP")): Object: 'Object Repository/virualShowRSVPOR/Page_Show microsite/div_Update your RSVP' is clicked on

2019-08-05 15:51:34 - [MESSAGE][PASSED] - Object: 'Object Repository/virualShowRSVPOR/Page_Show microsite/div_Update your RSVP' is clicked on

2019-08-05 15:51:34 - [TEST_STEP][PASSED] - click(findTestObject("Object Repository/virualShowRSVPOR/Page_Show microsite/select_rsvp_yes")): Object: 'Object Repository/virualShowRSVPOR/Page_Show microsite/select_rsvp_yes' is clicked on

2019-08-05 15:51:34 - [MESSAGE][PASSED] - Object: 'Object Repository/virualShowRSVPOR/Page_Show microsite/select_rsvp_yes' is clicked on

2019-08-05 15:51:34 - [TEST_STEP][PASSED] - click(findTestObject("Object Repository/virualShowRSVPOR/Page_Show microsite/button_SEND")): Object: 'Object Repository/virualShowRSVPOR/Page_Show microsite/button_SEND' is clicked on

2019-08-05 15:51:35 - [MESSAGE][PASSED] - Object: 'Object Repository/virualShowRSVPOR/Page_Show microsite/button_SEND' is clicked on

2019-08-05 15:51:35 - [TEST_STEP][PASSED] - delay(4): Delayed 4 second(s)

2019-08-05 15:51:39 - [MESSAGE][PASSED] - Delayed 4 second(s)

2019-08-05 15:51:39 - [TEST_STEP][PASSED] - verifyElementText(findTestObject("Object Repository/virualShowRSVPOR/Page_Show microsite/h2_Were so glad you can make it."), "We're so glad you can make it."): Actual text and expected text of test object 'Object Repository/virualShowRSVPOR/Page_Show microsite/h2_Were so glad you can make it.' are matched.

2019-08-05 15:51:39 - [MESSAGE][PASSED] - Actual text and expected text of test object 'Object Repository/virualShowRSVPOR/Page_Show microsite/h2_Were so glad you can make it.' are matched.

2019-08-05 15:51:39 - [TEST_STEP][PASSED] - delay(4): Delayed 4 second(s)

2019-08-05 15:51:43 - [MESSAGE][PASSED] - Delayed 4 second(s)

2019-08-05 15:51:43 - [TEST_STEP][PASSED] - click(findTestObject("Object Repository/showMicrosite/button_join_the_show")): Object: 'Object Repository/showMicrosite/button_join_the_show' is clicked on

2019-08-05 15:51:44 - [MESSAGE][PASSED] - Object: 'Object Repository/showMicrosite/button_join_the_show' is clicked on

2019-08-05 15:51:44 - [TEST_STEP][PASSED] - delay(3): Delayed 3 second(s)

2019-08-05 15:51:47 - [MESSAGE][PASSED] - Delayed 3 second(s)

2019-08-05 15:51:47 - [TEST_STEP][PASSED] - executor.executeScript("arguments[0].click();", findWebElement(findTestObject("Object Repository/virualShowRSVPOR/dashboard/a_close_mic_alert"), 5)): null

2019-08-05 15:51:47 - [TEST_STEP][PASSED] - active = true: null

2019-08-05 15:51:47 - [TEST_STEP][PASSED] - micStatus = 2: null

2019-08-05 15:51:47 - [TEST_STEP][PASSED] - webcamStatus = 2: null

2019-08-05 15:51:47 - [TEST_STEP][PASSED] - presentList.add(guest1Obj): null

2019-08-05 15:51:47 - [TEST_STEP][PASSED] - yesList.add(guest1Obj): null

2019-08-05 15:51:47 - [TEST_STEP][PASSED] - noList.remove(guest1Obj): null

2019-08-05 15:51:47 - [TEST_STEP][PASSED] - switchToWindowIndex(currentTab + 1): Switched to window with index: '1'

2019-08-05 15:51:47 - [MESSAGE][PASSED] - Switched to window with index: '1'

2019-08-05 15:51:47 - [TEST_STEP][PASSED] - try: null

2019-08-05 15:51:47 - [TEST_STEP][PASSED] - assert VSGuest.validateGuests(findTestObject("Object Repository/virualShowRSVPOR/dashboard/select_present"), presentList): null

2019-08-05 15:51:48 - [TEST_STEP][PASSED] - delay(2): Delayed 2 second(s)

2019-08-05 15:51:50 - [MESSAGE][PASSED] - Delayed 2 second(s)

2019-08-05 15:51:50 - [TEST_STEP][PASSED] - executor.executeScript("arguments[0].click();", findWebElement(findTestObject("Object Repository/virualShowRSVPOR/dashboard/select_rsvp_blankreply_1"), 5)): null

2019-08-05 15:51:50 - [TEST_STEP][PASSED] - delay(2): Delayed 2 second(s)

2019-08-05 15:51:52 - [MESSAGE][PASSED] - Delayed 2 second(s)

2019-08-05 15:51:52 - [TEST_STEP][PASSED] - try: null

2019-08-05 15:51:52 - [TEST_STEP][PASSED] - assert VSGuest.validateGuests(findTestObject("Object Repository/virualShowRSVPOR/dashboard/select_rsvp_blankreply"), allList): null

2019-08-05 15:51:53 - [TEST_STEP][PASSED] - delay(2): Delayed 2 second(s)

2019-08-05 15:51:55 - [MESSAGE][PASSED] - Delayed 2 second(s)

2019-08-05 15:51:55 - [TEST_STEP][PASSED] - try: null

2019-08-05 15:51:55 - [TEST_STEP][PASSED] - assert VSGuest.validateGuests(findTestObject("Object Repository/virualShowRSVPOR/dashboard/select_rsvp_yes"), yesList): null

2019-08-05 15:51:55 - [TEST_STEP][PASSED] - delay(2): Delayed 2 second(s)

2019-08-05 15:51:57 - [MESSAGE][PASSED] - Delayed 2 second(s)

2019-08-05 15:51:57 - [TEST_STEP][PASSED] - try: Unable to find the element located by 'By.xpath: //div[@class='table-body']/div[@class='table-row']/div/div[@class='table-row-ordered']'. Please recheck the objects properties to make sure the desired element is located. 

2019-08-05 15:51:57 - [TEST_STEP][PASSED] - assert VSGuest.validateGuests(findTestObject("Object Repository/virualShowRSVPOR/dashboard/select_rsvp_no"), noList): Unable to find the element located by 'By.xpath: //div[@class='table-body']/div[@class='table-row']/div/div[@class='table-row-ordered']'. Please recheck the objects properties to make sure the desired element is located. 

2019-08-05 15:51:58 - [MESSAGE][INFO] - Unable to find the element located by 'By.xpath: //div[@class='table-body']/div[@class='table-row']/div/div[@class='table-row-status']/i[position()=1]'. Please recheck the objects properties to make sure the desired element is located. 

2019-08-05 15:51:59 - [MESSAGE][INFO] - Unable to find the element located by 'By.xpath: //div[@class='table-body']/div[@class='table-row']/div/div[@class='table-row-status']/i[position()='2']'. Please recheck the objects properties to make sure the desired element is located. 

2019-08-05 15:52:00 - [MESSAGE][INFO] - Unable to find the element located by 'By.xpath: //div[@class='table-body']/div[@class='table-row']/div/div[@class='table-row-name']/a/i'. Please recheck the objects properties to make sure the desired element is located. 

2019-08-05 15:52:02 - [MESSAGE][INFO] - Unable to find the element located by 'By.xpath: //div[@class='table-body']/div[@class='table-row']/div/div[@class='table-row-name']/a/span[last()]'. Please recheck the objects properties to make sure the desired element is located. 

2019-08-05 15:52:03 - [MESSAGE][INFO] - Unable to find the element located by 'By.xpath: //div[@class='table-body']/div[@class='table-row']/div/div[@class='table-row-favorites']'. Please recheck the objects properties to make sure the desired element is located. 

2019-08-05 15:52:04 - [MESSAGE][INFO] - Unable to find the element located by 'By.xpath: //div[@class='table-body']/div[@class='table-row']/div/div[@class='table-row-ordered']'. Please recheck the objects properties to make sure the desired element is located. 

2019-08-05 15:52:04 - [TEST_STEP][PASSED] - delay(2): Delayed 2 second(s)

2019-08-05 15:52:06 - [MESSAGE][PASSED] - Delayed 2 second(s)

2019-08-05 15:52:06 - [TEST_STEP][PASSED] - try: Unable to find the element located by 'By.xpath: //div[@class='table-body']/div[@class='table-row']/div/div[@class='table-row-ordered']'. Please recheck the objects properties to make sure the desired element is located. 

2019-08-05 15:52:06 - [TEST_STEP][PASSED] - assert VSGuest.validateGuests(findTestObject("Object Repository/virualShowRSVPOR/dashboard/select_rsvp_maybe"), maybeList): Unable to find the element located by 'By.xpath: //div[@class='table-body']/div[@class='table-row']/div/div[@class='table-row-ordered']'. Please recheck the objects properties to make sure the desired element is located. 

2019-08-05 15:52:07 - [MESSAGE][INFO] - Unable to find the element located by 'By.xpath: //div[@class='table-body']/div[@class='table-row']/div/div[@class='table-row-status']/i[position()=1]'. Please recheck the objects properties to make sure the desired element is located. 

2019-08-05 15:52:08 - [MESSAGE][INFO] - Unable to find the element located by 'By.xpath: //div[@class='table-body']/div[@class='table-row']/div/div[@class='table-row-status']/i[position()='2']'. Please recheck the objects properties to make sure the desired element is located. 

2019-08-05 15:52:09 - [MESSAGE][INFO] - Unable to find the element located by 'By.xpath: //div[@class='table-body']/div[@class='table-row']/div/div[@class='table-row-name']/a/i'. Please recheck the objects properties to make sure the desired element is located. 

2019-08-05 15:52:10 - [MESSAGE][INFO] - Unable to find the element located by 'By.xpath: //div[@class='table-body']/div[@class='table-row']/div/div[@class='table-row-name']/a/span[last()]'. Please recheck the objects properties to make sure the desired element is located. 

2019-08-05 15:52:11 - [MESSAGE][INFO] - Unable to find the element located by 'By.xpath: //div[@class='table-body']/div[@class='table-row']/div/div[@class='table-row-favorites']'. Please recheck the objects properties to make sure the desired element is located. 

2019-08-05 15:52:12 - [MESSAGE][INFO] - Unable to find the element located by 'By.xpath: //div[@class='table-body']/div[@class='table-row']/div/div[@class='table-row-ordered']'. Please recheck the objects properties to make sure the desired element is located. 

2019-08-05 15:52:12 - [TEST_STEP][PASSED] - delay(2): Delayed 2 second(s)

2019-08-05 15:52:14 - [MESSAGE][PASSED] - Delayed 2 second(s)

2019-08-05 15:52:14 - [TEST_STEP][PASSED] - try: null

2019-08-05 15:52:14 - [TEST_STEP][PASSED] - assert VSGuest.validateGuests(findTestObject("Object Repository/virualShowRSVPOR/dashboard/select_rsvp_notreply"), noreplyList): null

2019-08-05 15:52:14 - [TEST_STEP][PASSED] - catch (org.openqa.selenium.StaleElementReferenceException ex): null

2019-08-05 15:52:14 - [TEST_STEP][PASSED] - assert VSGuest.validateGuests(findTestObject("Object Repository/virualShowRSVPOR/dashboard/select_rsvp_notreply"), noreplyList): null

2019-08-05 15:52:15 - [TEST_STEP][PASSED] - delay(2): Delayed 2 second(s)

2019-08-05 15:52:17 - [MESSAGE][PASSED] - Delayed 2 second(s)

2019-08-05 15:52:17 - [TEST_STEP][PASSED] - try: null

2019-08-05 15:52:17 - [TEST_STEP][PASSED] - assert VSGuest.validateGuests(findTestObject("Object Repository/virualShowRSVPOR/dashboard/select_present"), presentList): null

2019-08-05 15:52:17 - [TEST_STEP][PASSED] - delay(2): Delayed 2 second(s)

2019-08-05 15:52:19 - [MESSAGE][PASSED] - Delayed 2 second(s)

2019-08-05 15:52:19 - [TEST_STEP][PASSED] - executor.executeScript("arguments[0].click();", findWebElement(findTestObject("Object Repository/virualShowRSVPOR/dashboard/guest_micStatuss"), 5)): null

2019-08-05 15:52:19 - [TEST_STEP][PASSED] - micStatus = 1: null

2019-08-05 15:52:19 - [TEST_STEP][PASSED] - switchToWindowIndex(currentTab + 2): Switched to window with index: '2'

2019-08-05 15:52:19 - [MESSAGE][PASSED] - Switched to window with index: '2'

2019-08-05 15:52:19 - [TEST_STEP][PASSED] - delay(2): Delayed 2 second(s)

2019-08-05 15:52:21 - [MESSAGE][PASSED] - Delayed 2 second(s)

2019-08-05 15:52:21 - [TEST_STEP][PASSED] - guestMicBB = findWebElements(findTestObject("Object Repository/virualShowRSVPOR/Page_Show microsite/guest_mic_brady_bunch"), 5): Unable to find the element located by 'By.xpath: //div[@class='video-icon-holder']/i[@class='icon-microphone-slash video-icon']'. Please recheck the objects properties to make sure the desired element is located. 

2019-08-05 15:52:27 - [MESSAGE][INFO] - Unable to find the element located by 'By.xpath: //div[@class='video-icon-holder']/i[@class='icon-microphone-slash video-icon']'. Please recheck the objects properties to make sure the desired element is located. 

2019-08-05 15:52:27 - [TEST_STEP][PASSED] - assert guestMicBB.size() == 0: null

2019-08-05 15:52:27 - [TEST_STEP][PASSED] - switchToWindowIndex(currentTab + 1): Switched to window with index: '1'

2019-08-05 15:52:27 - [MESSAGE][PASSED] - Switched to window with index: '1'

2019-08-05 15:52:27 - [TEST_STEP][PASSED] - delay(2): Delayed 2 second(s)

2019-08-05 15:52:29 - [MESSAGE][PASSED] - Delayed 2 second(s)

2019-08-05 15:52:29 - [TEST_STEP][PASSED] - executor.executeScript("arguments[0].click();", findWebElement(findTestObject("Object Repository/virualShowRSVPOR/dashboard/guest_webcamStatuss_disable"), 5)): null

2019-08-05 15:52:29 - [TEST_STEP][PASSED] - webcamStatus = 1: null

2019-08-05 15:52:29 - [TEST_STEP][PASSED] - switchToWindowIndex(currentTab + 2): Switched to window with index: '2'

2019-08-05 15:52:29 - [MESSAGE][PASSED] - Switched to window with index: '2'

2019-08-05 15:52:29 - [TEST_STEP][PASSED] - delay(2): Delayed 2 second(s)

2019-08-05 15:52:31 - [MESSAGE][PASSED] - Delayed 2 second(s)

2019-08-05 15:52:31 - [TEST_STEP][PASSED] - guestWebcamBB = findWebElements(findTestObject("Object Repository/virualShowRSVPOR/Page_Show microsite/guest_webcam_brady_bunch"), 5): Unable to find the element located by 'By.xpath: //div[@class='video-icon-holder']/i[@class='icon-video-slash video-icon']'. Please recheck the objects properties to make sure the desired element is located. 

2019-08-05 15:52:36 - [MESSAGE][INFO] - Unable to find the element located by 'By.xpath: //div[@class='video-icon-holder']/i[@class='icon-video-slash video-icon']'. Please recheck the objects properties to make sure the desired element is located. 

2019-08-05 15:52:36 - [TEST_STEP][PASSED] - assert guestWebcamBB.size() == 0: null

2019-08-05 15:52:36 - [TEST_STEP][PASSED] - switchToWindowIndex(currentTab + 1): Switched to window with index: '1'

2019-08-05 15:52:36 - [MESSAGE][PASSED] - Switched to window with index: '1'

2019-08-05 15:52:36 - [TEST_STEP][PASSED] - delay(4): Delayed 4 second(s)

2019-08-05 15:52:40 - [MESSAGE][PASSED] - Delayed 4 second(s)

2019-08-05 15:52:40 - [TEST_STEP][PASSED] - iMStylist = "Hi I am stylistA": null

2019-08-05 15:52:40 - [TEST_STEP][PASSED] - iMGuest1 = "Hi I am guest 1A": null

2019-08-05 15:52:40 - [TEST_STEP][PASSED] - iMGuest2 = "Hi I am guest 2": null

2019-08-05 15:52:40 - [TEST_STEP][PASSED] - expectedMessage = <not implemented yet for class: org.codehaus.groovy.ast.expr.EmptyExpression>: null

2019-08-05 15:52:40 - [TEST_STEP][PASSED] - actualMessage = <not implemented yet for class: org.codehaus.groovy.ast.expr.EmptyExpression>: null

2019-08-05 15:52:40 - [TEST_STEP][PASSED] - stylstName = getText(findTestObject("Object Repository/virualShowRSVPOR/chatboard/my_sender_name")): Text of object 'Object Repository/virualShowRSVPOR/chatboard/my_sender_name' is: 'Test'

2019-08-05 15:52:40 - [MESSAGE][PASSED] - Text of object 'Object Repository/virualShowRSVPOR/chatboard/my_sender_name' is: 'Test'

2019-08-05 15:52:40 - [TEST_STEP][PASSED] - g1 = UtilityMethods.splitPersonName(guest1)[0]: null

2019-08-05 15:52:40 - [TEST_STEP][PASSED] - setText(findTestObject("Object Repository/virualShowRSVPOR/chatboard/input_text"), iMStylist): Text 'Hi I am stylistA' is set on object 'Object Repository/virualShowRSVPOR/chatboard/input_text'

2019-08-05 15:52:41 - [MESSAGE][PASSED] - Text 'Hi I am stylistA' is set on object 'Object Repository/virualShowRSVPOR/chatboard/input_text'

2019-08-05 15:52:41 - [TEST_STEP][PASSED] - click(findTestObject("Object Repository/virualShowRSVPOR/chatboard/send_text")): Object: 'Object Repository/virualShowRSVPOR/chatboard/send_text' is clicked on

2019-08-05 15:52:41 - [MESSAGE][PASSED] - Object: 'Object Repository/virualShowRSVPOR/chatboard/send_text' is clicked on

2019-08-05 15:52:41 - [TEST_STEP][PASSED] - expectedMessage = new commonUtility.ChatMessage(stylstName, iMStylist): null

2019-08-05 15:52:41 - [TEST_STEP][PASSED] - switchToWindowIndex(currentTab + 2): Switched to window with index: '2'

2019-08-05 15:52:41 - [MESSAGE][PASSED] - Switched to window with index: '2'

2019-08-05 15:52:41 - [TEST_STEP][PASSED] - delay(3): Delayed 3 second(s)

2019-08-05 15:52:44 - [MESSAGE][PASSED] - Delayed 3 second(s)

2019-08-05 15:52:44 - [TEST_STEP][PASSED] - actualMessage = new commonUtility.ChatMessage(com.kms.katalon.core.webui.keyword.WebUiBuiltInKeywords.getText(com.kms.katalon.core.testobject.ObjectRepository.findTestObject(Object Repository/virualShowRSVPOR/chatboard/last_sender)), com.kms.katalon.core.webui.keyword.WebUiBuiltInKeywords.getText(com.kms.katalon.core.testobject.ObjectRepository.findTestObject(Object Repository/virualShowRSVPOR/chatboard/last_message))): Text of object 'Object Repository/virualShowRSVPOR/chatboard/last_message' is: 'Hi I am stylistA'

2019-08-05 15:52:44 - [MESSAGE][PASSED] - Text of object 'Object Repository/virualShowRSVPOR/chatboard/last_sender' is: 'Test'

2019-08-05 15:52:44 - [MESSAGE][PASSED] - Text of object 'Object Repository/virualShowRSVPOR/chatboard/last_message' is: 'Hi I am stylistA'

2019-08-05 15:52:44 - [TEST_STEP][PASSED] - assert actualMessage.equals(expectedMessage): null

2019-08-05 15:52:44 - [TEST_STEP][PASSED] - delay(2): Delayed 2 second(s)

2019-08-05 15:52:46 - [MESSAGE][PASSED] - Delayed 2 second(s)

2019-08-05 15:52:46 - [TEST_STEP][PASSED] - setText(findTestObject("Object Repository/virualShowRSVPOR/chatboard/input_text"), iMGuest1): Text 'Hi I am guest 1A' is set on object 'Object Repository/virualShowRSVPOR/chatboard/input_text'

2019-08-05 15:52:47 - [MESSAGE][PASSED] - Text 'Hi I am guest 1A' is set on object 'Object Repository/virualShowRSVPOR/chatboard/input_text'

2019-08-05 15:52:47 - [TEST_STEP][PASSED] - click(findTestObject("Object Repository/virualShowRSVPOR/chatboard/send_text")): Object: 'Object Repository/virualShowRSVPOR/chatboard/send_text' is clicked on

2019-08-05 15:52:47 - [MESSAGE][PASSED] - Object: 'Object Repository/virualShowRSVPOR/chatboard/send_text' is clicked on

2019-08-05 15:52:47 - [TEST_STEP][PASSED] - expectedMessage = new commonUtility.ChatMessage(g1, iMGuest1): null

2019-08-05 15:52:47 - [TEST_STEP][PASSED] - switchToWindowIndex(currentTab + 1): Switched to window with index: '1'

2019-08-05 15:52:47 - [MESSAGE][PASSED] - Switched to window with index: '1'

2019-08-05 15:52:47 - [TEST_STEP][PASSED] - delay(3): Delayed 3 second(s)

2019-08-05 15:52:50 - [MESSAGE][PASSED] - Delayed 3 second(s)

2019-08-05 15:52:50 - [TEST_STEP][PASSED] - actualMessage = new commonUtility.ChatMessage(com.kms.katalon.core.webui.keyword.WebUiBuiltInKeywords.getText(com.kms.katalon.core.testobject.ObjectRepository.findTestObject(Object Repository/virualShowRSVPOR/chatboard/last_sender_stylist)), com.kms.katalon.core.webui.keyword.WebUiBuiltInKeywords.getText(com.kms.katalon.core.testobject.ObjectRepository.findTestObject(Object Repository/virualShowRSVPOR/chatboard/last_message_stylist))): Text of object 'Object Repository/virualShowRSVPOR/chatboard/last_message_stylist' is: 'Hi I am guest 1A'

2019-08-05 15:52:50 - [MESSAGE][PASSED] - Text of object 'Object Repository/virualShowRSVPOR/chatboard/last_sender_stylist' is: 'sushantguest1'

2019-08-05 15:52:50 - [MESSAGE][PASSED] - Text of object 'Object Repository/virualShowRSVPOR/chatboard/last_message_stylist' is: 'Hi I am guest 1A'

2019-08-05 15:52:50 - [TEST_STEP][PASSED] - assert actualMessage.equals(expectedMessage): null

2019-08-05 15:52:50 - [TEST_STEP][PASSED] - click(findTestObject("virualShowRSVPOR/dashboard/playVideosButton")): Object: 'Object Repository/virualShowRSVPOR/dashboard/playVideosButton' is clicked on

2019-08-05 15:52:50 - [MESSAGE][PASSED] - Object: 'Object Repository/virualShowRSVPOR/dashboard/playVideosButton' is clicked on

2019-08-05 15:52:50 - [TEST_STEP][PASSED] - delay(3): Delayed 3 second(s)

2019-08-05 15:52:53 - [MESSAGE][PASSED] - Delayed 3 second(s)

2019-08-05 15:52:53 - [TEST_STEP][PASSED] - click(findTestObject("virualShowRSVPOR/dashboard/playButton")): Object: 'Object Repository/virualShowRSVPOR/dashboard/playButton' is clicked on

2019-08-05 15:52:54 - [MESSAGE][PASSED] - Object: 'Object Repository/virualShowRSVPOR/dashboard/playButton' is clicked on

2019-08-05 15:52:54 - [TEST_STEP][PASSED] - delay(3): Delayed 3 second(s)

2019-08-05 15:52:57 - [MESSAGE][PASSED] - Delayed 3 second(s)

2019-08-05 15:52:57 - [TEST_STEP][PASSED] - switchToWindowIndex(currentTab + 2): Switched to window with index: '2'

2019-08-05 15:52:57 - [MESSAGE][PASSED] - Switched to window with index: '2'

2019-08-05 15:52:57 - [TEST_STEP][PASSED] - delay(10): Delayed 10 second(s)

2019-08-05 15:53:07 - [MESSAGE][PASSED] - Delayed 10 second(s)

2019-08-05 15:53:07 - [TEST_STEP][PASSED] - click(findTestObject("Object Repository/virualShowRSVPOR/carouselTestObjects/carouselSaveOutfit")): Object: 'Object Repository/virualShowRSVPOR/carouselTestObjects/carouselSaveOutfit' is clicked on

2019-08-05 15:53:12 - [MESSAGE][PASSED] - Object: 'Object Repository/virualShowRSVPOR/carouselTestObjects/carouselSaveOutfit' is clicked on

2019-08-05 15:53:12 - [TEST_STEP][PASSED] - favorites = favorites + 3: null

2019-08-05 15:53:12 - [TEST_STEP][PASSED] - switchToWindowIndex(currentTab + 1): Switched to window with index: '1'

2019-08-05 15:53:12 - [MESSAGE][PASSED] - Switched to window with index: '1'

2019-08-05 15:53:12 - [TEST_STEP][PASSED] - delay(15): Delayed 15 second(s)

2019-08-05 15:53:27 - [MESSAGE][PASSED] - Delayed 15 second(s)

2019-08-05 15:53:27 - [TEST_STEP][PASSED] - try: null

2019-08-05 15:53:27 - [TEST_STEP][PASSED] - assert VSGuest.validateGuests(findTestObject("Object Repository/virualShowRSVPOR/dashboard/select_present"), presentList): null

2019-08-05 15:53:28 - [TEST_STEP][PASSED] - delay(2): Delayed 2 second(s)

2019-08-05 15:53:30 - [MESSAGE][PASSED] - Delayed 2 second(s)

2019-08-05 15:53:30 - [TEST_STEP][PASSED] - click(findTestObject("Object Repository/virualShowRSVPOR/dashboard/button_shopping")): Object: 'Object Repository/virualShowRSVPOR/dashboard/button_shopping' is clicked on

2019-08-05 15:53:30 - [MESSAGE][PASSED] - Object: 'Object Repository/virualShowRSVPOR/dashboard/button_shopping' is clicked on

2019-08-05 15:53:30 - [TEST_STEP][PASSED] - webcamStatus = 2: null

2019-08-05 15:53:30 - [TEST_STEP][PASSED] - micStatus = 2: null

2019-08-05 15:53:30 - [TEST_STEP][PASSED] - switchToWindowIndex(currentTab + 2): Switched to window with index: '2'

2019-08-05 15:53:30 - [MESSAGE][PASSED] - Switched to window with index: '2'

2019-08-05 15:53:30 - [TEST_STEP][PASSED] - delay(2): Delayed 2 second(s)

2019-08-05 15:53:32 - [MESSAGE][PASSED] - Delayed 2 second(s)

2019-08-05 15:53:32 - [TEST_STEP][PASSED] - click(findTestObject("Object Repository/virualShowRSVPOR/Page_Show microsite/button_lookbook")): Object: 'Object Repository/virualShowRSVPOR/Page_Show microsite/button_lookbook' is clicked on

2019-08-05 15:53:33 - [MESSAGE][PASSED] - Object: 'Object Repository/virualShowRSVPOR/Page_Show microsite/button_lookbook' is clicked on

2019-08-05 15:53:33 - [TEST_STEP][PASSED] - delay(5): Delayed 5 second(s)

2019-08-05 15:53:38 - [MESSAGE][PASSED] - Delayed 5 second(s)

2019-08-05 15:53:38 - [TEST_STEP][PASSED] - click(findTestObject("Object Repository/virualShowRSVPOR/Page_Show microsite/div_first_look")): Object: 'Object Repository/virualShowRSVPOR/Page_Show microsite/div_first_look' is clicked on

2019-08-05 15:53:38 - [MESSAGE][PASSED] - Object: 'Object Repository/virualShowRSVPOR/Page_Show microsite/div_first_look' is clicked on

2019-08-05 15:53:38 - [TEST_STEP][PASSED] - delay(5): Delayed 5 second(s)

2019-08-05 15:53:43 - [MESSAGE][PASSED] - Delayed 5 second(s)

2019-08-05 15:53:43 - [TEST_STEP][PASSED] - click(findTestObject("Object Repository/virualShowRSVPOR/Page_Show microsite/div_first_look_img")): Object: 'Object Repository/virualShowRSVPOR/Page_Show microsite/div_first_look_img' is clicked on

2019-08-05 15:53:43 - [MESSAGE][PASSED] - Object: 'Object Repository/virualShowRSVPOR/Page_Show microsite/div_first_look_img' is clicked on

2019-08-05 15:53:43 - [TEST_STEP][PASSED] - delay(5): Delayed 5 second(s)

2019-08-05 15:53:48 - [MESSAGE][PASSED] - Delayed 5 second(s)

2019-08-05 15:53:48 - [TEST_STEP][PASSED] - click(findTestObject("Object Repository/virualShowRSVPOR/Page_Show microsite/div_first_look_item")): Object: 'Object Repository/virualShowRSVPOR/Page_Show microsite/div_first_look_item' is clicked on

2019-08-05 15:53:49 - [MESSAGE][PASSED] - Object: 'Object Repository/virualShowRSVPOR/Page_Show microsite/div_first_look_item' is clicked on

2019-08-05 15:53:49 - [TEST_STEP][PASSED] - delay(5): Delayed 5 second(s)

2019-08-05 15:53:54 - [MESSAGE][PASSED] - Delayed 5 second(s)

2019-08-05 15:53:54 - [TEST_STEP][PASSED] - click(findTestObject("Object Repository/virualShowRSVPOR/Page_Show microsite/button_look_save_to_fav")): Object: 'Object Repository/virualShowRSVPOR/Page_Show microsite/button_look_save_to_fav' is clicked on

2019-08-05 15:53:54 - [MESSAGE][PASSED] - Object: 'Object Repository/virualShowRSVPOR/Page_Show microsite/button_look_save_to_fav' is clicked on

2019-08-05 15:53:54 - [TEST_STEP][PASSED] - favorites = favorites + 1: null

2019-08-05 15:53:54 - [TEST_STEP][PASSED] - switchToWindowIndex(currentTab + 1): Switched to window with index: '1'

2019-08-05 15:53:54 - [MESSAGE][PASSED] - Switched to window with index: '1'

2019-08-05 15:53:54 - [TEST_STEP][PASSED] - delay(15): Delayed 15 second(s)

2019-08-05 15:54:09 - [MESSAGE][PASSED] - Delayed 15 second(s)

2019-08-05 15:54:09 - [TEST_STEP][PASSED] - try: null

2019-08-05 15:54:09 - [TEST_STEP][PASSED] - assert VSGuest.validateGuests(findTestObject("Object Repository/virualShowRSVPOR/dashboard/select_present"), presentList): null

2019-08-05 15:54:10 - [TEST_STEP][PASSED] - delay(2): Delayed 2 second(s)

2019-08-05 15:54:12 - [MESSAGE][PASSED] - Delayed 2 second(s)

2019-08-05 15:54:12 - [TEST_STEP][PASSED] - switchToWindowIndex(currentTab + 2): Switched to window with index: '2'

2019-08-05 15:54:12 - [MESSAGE][PASSED] - Switched to window with index: '2'

2019-08-05 15:54:12 - [TEST_STEP][PASSED] - delay(2): Delayed 2 second(s)

2019-08-05 15:54:14 - [MESSAGE][PASSED] - Delayed 2 second(s)

2019-08-05 15:54:14 - [TEST_STEP][PASSED] - click(findTestObject("Object Repository/virualShowRSVPOR/Page_Show microsite/div_collection")): Object: 'Object Repository/virualShowRSVPOR/Page_Show microsite/div_collection' is clicked on

2019-08-05 15:55:01 - [MESSAGE][PASSED] - Object: 'Object Repository/virualShowRSVPOR/Page_Show microsite/div_collection' is clicked on

2019-08-05 15:55:01 - [TEST_STEP][PASSED] - delay(3): Delayed 3 second(s)

2019-08-05 15:55:04 - [MESSAGE][PASSED] - Delayed 3 second(s)

2019-08-05 15:55:04 - [TEST_STEP][PASSED] - switchToFrame(findTestObject("Object Repository/virualShowRSVPOR/Page_Show microsite/frame_collection_rs"), 60): null

2019-08-05 15:55:04 - [TEST_STEP][PASSED] - wait2 = new org.openqa.selenium.support.ui.WebDriverWait(driver, 10): null

2019-08-05 15:55:04 - [TEST_STEP][PASSED] - wait2.until(ExpectedConditions.elementToBeClickable(By.xpath("//div/h2/a/span[contains(text(), 'Beast Belt')]"))): null

2019-08-05 15:55:05 - [TEST_STEP][PASSED] - click(findTestObject("Object Repository/virualShowRSVPOR/Page_Show microsite/button_collection_save_to_fav")): Object: 'Object Repository/virualShowRSVPOR/Page_Show microsite/button_collection_save_to_fav' is clicked on

2019-08-05 15:55:06 - [MESSAGE][PASSED] - Object: 'Object Repository/virualShowRSVPOR/Page_Show microsite/button_collection_save_to_fav' is clicked on

2019-08-05 15:55:06 - [TEST_STEP][PASSED] - delay(3): Delayed 3 second(s)

2019-08-05 15:55:09 - [MESSAGE][PASSED] - Delayed 3 second(s)

2019-08-05 15:55:09 - [TEST_STEP][PASSED] - favorites = favorites + 1: null

2019-08-05 15:55:09 - [TEST_STEP][PASSED] - switchToWindowIndex(currentTab + 1): Switched to window with index: '1'

2019-08-05 15:55:09 - [MESSAGE][PASSED] - Switched to window with index: '1'

2019-08-05 15:55:09 - [TEST_STEP][PASSED] - delay(15): Delayed 15 second(s)

2019-08-05 15:55:24 - [MESSAGE][PASSED] - Delayed 15 second(s)

2019-08-05 15:55:24 - [TEST_STEP][PASSED] - try: null

2019-08-05 15:55:24 - [TEST_STEP][PASSED] - assert VSGuest.validateGuests(findTestObject("Object Repository/virualShowRSVPOR/dashboard/select_present"), presentList): null

2019-08-05 15:55:24 - [TEST_STEP][PASSED] - delay(2): Delayed 2 second(s)

2019-08-05 15:55:26 - [MESSAGE][PASSED] - Delayed 2 second(s)

2019-08-05 15:55:26 - [TEST_STEP][PASSED] - switchToWindowIndex(currentTab + 2): Switched to window with index: '2'

2019-08-05 15:55:26 - [MESSAGE][PASSED] - Switched to window with index: '2'

2019-08-05 15:55:26 - [TEST_STEP][PASSED] - delay(3): Delayed 3 second(s)

2019-08-05 15:55:29 - [MESSAGE][PASSED] - Delayed 3 second(s)

2019-08-05 15:55:29 - [TEST_STEP][PASSED] - switchToFrame(findTestObject("Object Repository/virualShowRSVPOR/Page_Show microsite/frame_collection_rs"), 60): null

2019-08-05 15:55:30 - [TEST_STEP][PASSED] - delay(3): Delayed 3 second(s)

2019-08-05 15:55:33 - [MESSAGE][PASSED] - Delayed 3 second(s)

2019-08-05 15:55:33 - [TEST_STEP][PASSED] - click(findTestObject("Object Repository/ReplicatedSite/div_first_item_to_buy_from_vs")): Object: 'Object Repository/ReplicatedSite/div_first_item_to_buy_from_vs' is clicked on

2019-08-05 15:56:02 - [MESSAGE][PASSED] - Object: 'Object Repository/ReplicatedSite/div_first_item_to_buy_from_vs' is clicked on

2019-08-05 15:56:02 - [TEST_STEP][PASSED] - delay(3): Delayed 3 second(s)

2019-08-05 15:56:05 - [MESSAGE][PASSED] - Delayed 3 second(s)

2019-08-05 15:56:05 - [TEST_STEP][PASSED] - click(findTestObject("Object Repository/ReplicatedSite/select_item_size")): Object: 'Object Repository/ReplicatedSite/select_item_size' is clicked on

2019-08-05 15:56:05 - [MESSAGE][PASSED] - Object: 'Object Repository/ReplicatedSite/select_item_size' is clicked on

2019-08-05 15:56:05 - [TEST_STEP][PASSED] - delay(5): Delayed 5 second(s)

2019-08-05 15:56:10 - [MESSAGE][PASSED] - Delayed 5 second(s)

2019-08-05 15:56:10 - [TEST_STEP][PASSED] - executor.executeScript("arguments[0].click();", findWebElement(findTestObject("Object Repository/ReplicatedSite/button_add_item_to_bag"), 5)): null

2019-08-05 15:56:10 - [TEST_STEP][PASSED] - delay(3): Delayed 3 second(s)

2019-08-05 15:56:13 - [MESSAGE][PASSED] - Delayed 3 second(s)

2019-08-05 15:56:13 - [TEST_STEP][PASSED] - switchToDefaultContent(): null

2019-08-05 15:56:13 - [TEST_STEP][PASSED] - click(findTestObject("Object Repository/ReplicatedSite/div_checkout")): Object: 'Object Repository/ReplicatedSite/div_checkout' is clicked on

2019-08-05 15:56:14 - [MESSAGE][PASSED] - Object: 'Object Repository/ReplicatedSite/div_checkout' is clicked on

2019-08-05 15:56:14 - [TEST_STEP][PASSED] - delay(3): Delayed 3 second(s)

2019-08-05 15:56:17 - [MESSAGE][PASSED] - Delayed 3 second(s)

2019-08-05 15:56:17 - [TEST_STEP][PASSED] - switchToFrame(findTestObject("Object Repository/virualShowRSVPOR/Page_Show microsite/frame_collection_rs"), 60): null

2019-08-05 15:56:26 - [TEST_STEP][PASSED] - delay(3): Delayed 3 second(s)

2019-08-05 15:56:29 - [MESSAGE][PASSED] - Delayed 3 second(s)

2019-08-05 15:56:29 - [TEST_STEP][PASSED] - executor.executeScript("arguments[0].click();", findWebElement(findTestObject("Object Repository/ReplicatedSite/a_checkout_and_add_to_show"), 5)): null

2019-08-05 15:56:29 - [TEST_STEP][PASSED] - delay(10): Delayed 10 second(s)

2019-08-05 15:56:39 - [MESSAGE][PASSED] - Delayed 10 second(s)

2019-08-05 15:56:39 - [TEST_STEP][PASSED] - click(findTestObject("Object Repository/ReplicatedSite/input_other_address")): Object: 'Object Repository/ReplicatedSite/input_other_address' is clicked on

2019-08-05 15:56:44 - [MESSAGE][PASSED] - Object: 'Object Repository/ReplicatedSite/input_other_address' is clicked on

2019-08-05 15:56:44 - [TEST_STEP][PASSED] - click(findTestObject("Object Repository/ReplicatedSite/input_my_address")): Object: 'Object Repository/ReplicatedSite/input_my_address' is clicked on

2019-08-05 15:56:45 - [MESSAGE][PASSED] - Object: 'Object Repository/ReplicatedSite/input_my_address' is clicked on

2019-08-05 15:56:45 - [TEST_STEP][PASSED] - waitForElementClickable(findTestObject("ReplicatedSite/button_save_and_continue"), 60): Object 'Object Repository/ReplicatedSite/button_save_and_continue' is clickable

2019-08-05 15:56:45 - [MESSAGE][PASSED] - Object 'Object Repository/ReplicatedSite/button_save_and_continue' is clickable

2019-08-05 15:56:45 - [TEST_STEP][PASSED] - driver = getWebDriver(): null

2019-08-05 15:56:45 - [TEST_STEP][PASSED] - element = driver.findElement(By.xpath("(//button/span[contains(text(), 'Save and Continue')])[1]")): null

2019-08-05 15:56:45 - [TEST_STEP][PASSED] - executor.executeScript("arguments[0].click();", element): null

2019-08-05 15:56:45 - [TEST_STEP][PASSED] - delay(3): Delayed 3 second(s)

2019-08-05 15:56:48 - [MESSAGE][PASSED] - Delayed 3 second(s)

2019-08-05 15:56:48 - [TEST_STEP][PASSED] - executor.executeScript("arguments[0].click();", findWebElement(findTestObject("Object Repository/ReplicatedSite/input_pay_with_credit"), 5)): null

2019-08-05 15:56:49 - [TEST_STEP][PASSED] - executor.executeScript("arguments[0].click();", findWebElement(findTestObject("Object Repository/ReplicatedSite/button_add_another_card"), 5)): null

2019-08-05 15:56:49 - [TEST_STEP][PASSED] - executor.executeScript("arguments[0].click();", findWebElement(findTestObject("Object Repository/ReplicatedSite/select_credit_card_type"), 5)): null

2019-08-05 15:56:49 - [TEST_STEP][PASSED] - click(findTestObject("Object Repository/ReplicatedSite/select_credit_card_type")): Object: 'Object Repository/ReplicatedSite/select_credit_card_type' is clicked on

2019-08-05 15:56:50 - [MESSAGE][PASSED] - Object: 'Object Repository/ReplicatedSite/select_credit_card_type' is clicked on

2019-08-05 15:56:50 - [TEST_STEP][PASSED] - executor.executeScript("arguments[0].click();", findWebElement(findTestObject("Object Repository/ReplicatedSite/input_creditcard_first_name"), 5)): null

2019-08-05 15:56:50 - [TEST_STEP][PASSED] - setText(findTestObject("Object Repository/ReplicatedSite/input_creditcard_first_name"), "abcd"): Text 'abcd' is set on object 'Object Repository/ReplicatedSite/input_creditcard_first_name'

2019-08-05 15:56:51 - [MESSAGE][PASSED] - Text 'abcd' is set on object 'Object Repository/ReplicatedSite/input_creditcard_first_name'

2019-08-05 15:56:51 - [TEST_STEP][PASSED] - executor.executeScript("arguments[0].click();", findWebElement(findTestObject("Object Repository/ReplicatedSite/input_creditcard_last_name"), 5)): null

2019-08-05 15:56:51 - [TEST_STEP][PASSED] - setText(findTestObject("Object Repository/ReplicatedSite/input_creditcard_last_name"), "efgh"): Text 'efgh' is set on object 'Object Repository/ReplicatedSite/input_creditcard_last_name'

2019-08-05 15:56:52 - [MESSAGE][PASSED] - Text 'efgh' is set on object 'Object Repository/ReplicatedSite/input_creditcard_last_name'

2019-08-05 15:56:52 - [TEST_STEP][PASSED] - executor.executeScript("arguments[0].click();", findWebElement(findTestObject("Object Repository/ReplicatedSite/input_creditcard_card_number"), 5)): null

2019-08-05 15:56:52 - [TEST_STEP][PASSED] - setText(findTestObject("Object Repository/ReplicatedSite/input_creditcard_card_number"), "4111111111111111"): Text '4111111111111111' is set on object 'Object Repository/ReplicatedSite/input_creditcard_card_number'

2019-08-05 15:56:53 - [MESSAGE][PASSED] - Text '4111111111111111' is set on object 'Object Repository/ReplicatedSite/input_creditcard_card_number'

2019-08-05 15:56:53 - [TEST_STEP][PASSED] - executor.executeScript("arguments[0].click();", findWebElement(findTestObject("Object Repository/ReplicatedSite/input_creditcard_expiration_month"), 5)): null

2019-08-05 15:56:53 - [TEST_STEP][PASSED] - click(findTestObject("Object Repository/ReplicatedSite/input_creditcard_expiration_month")): Object: 'Object Repository/ReplicatedSite/input_creditcard_expiration_month' is clicked on

2019-08-05 15:56:54 - [MESSAGE][PASSED] - Object: 'Object Repository/ReplicatedSite/input_creditcard_expiration_month' is clicked on

2019-08-05 15:56:54 - [TEST_STEP][PASSED] - executor.executeScript("arguments[0].click();", findWebElement(findTestObject("Object Repository/ReplicatedSite/input_creditcard_expiration_year"), 5)): null

2019-08-05 15:56:54 - [TEST_STEP][PASSED] - click(findTestObject("Object Repository/ReplicatedSite/input_creditcard_expiration_year")): Object: 'Object Repository/ReplicatedSite/input_creditcard_expiration_year' is clicked on

2019-08-05 15:56:54 - [MESSAGE][PASSED] - Object: 'Object Repository/ReplicatedSite/input_creditcard_expiration_year' is clicked on

2019-08-05 15:56:54 - [TEST_STEP][PASSED] - executor.executeScript("arguments[0].click();", findWebElement(findTestObject("Object Repository/ReplicatedSite/input_billing_address"), 5)): null

2019-08-05 15:56:55 - [TEST_STEP][PASSED] - executor.executeScript("arguments[0].click();", findWebElement(findTestObject("Object Repository/ReplicatedSite/input_billing_location_mailing"), 5)): null

2019-08-05 15:56:55 - [TEST_STEP][PASSED] - executor.executeScript("arguments[0].click();", findWebElement(findTestObject("Object Repository/ReplicatedSite/input_billing_location_add_new"), 5)): null

2019-08-05 15:56:55 - [TEST_STEP][PASSED] - executor.executeScript("arguments[0].click();", findWebElement(findTestObject("Object Repository/ReplicatedSite/input_billing_location_mailing"), 5)): null

2019-08-05 15:56:56 - [TEST_STEP][PASSED] - driver = getWebDriver(): null

2019-08-05 15:56:56 - [TEST_STEP][PASSED] - element = driver.findElement(By.xpath("(//button[@type='submit']/span[contains(text(), 'Save')])[2]")): null

2019-08-05 15:56:56 - [TEST_STEP][PASSED] - actions = new org.openqa.selenium.interactions.Actions(driver): null

2019-08-05 15:56:56 - [TEST_STEP][PASSED] - build().perform(): null

2019-08-05 15:56:56 - [TEST_STEP][PASSED] - delay(10): Delayed 10 second(s)

2019-08-05 15:57:06 - [MESSAGE][PASSED] - Delayed 10 second(s)

2019-08-05 15:57:06 - [TEST_STEP][PASSED] - waitForElementClickable(findTestObject("ReplicatedSite/button_save_and_continue_2"), 60): Object 'Object Repository/ReplicatedSite/button_save_and_continue_2' is clickable

2019-08-05 15:57:07 - [MESSAGE][PASSED] - Object 'Object Repository/ReplicatedSite/button_save_and_continue_2' is clickable

2019-08-05 15:57:07 - [TEST_STEP][PASSED] - driver = getWebDriver(): null

2019-08-05 15:57:07 - [TEST_STEP][PASSED] - element = driver.findElement(By.xpath("(//button/span[contains(text(), 'Save and Continue')])[2]")): null

2019-08-05 15:57:07 - [TEST_STEP][PASSED] - executor.executeScript("arguments[0].click();", element): null

2019-08-05 15:57:07 - [TEST_STEP][PASSED] - delay(5): Delayed 5 second(s)

2019-08-05 15:57:12 - [MESSAGE][PASSED] - Delayed 5 second(s)

2019-08-05 15:57:12 - [TEST_STEP][PASSED] - waitForElementClickable(findTestObject("Object Repository/ReplicatedSite/span_complete_order"), 30): Object 'Object Repository/ReplicatedSite/span_complete_order' is clickable

2019-08-05 15:57:12 - [MESSAGE][PASSED] - Object 'Object Repository/ReplicatedSite/span_complete_order' is clickable

2019-08-05 15:57:12 - [TEST_STEP][PASSED] - element = driver.findElement(By.xpath("//span[contains(text(), 'COMPLETE ORDER')]")): null

2019-08-05 15:57:12 - [TEST_STEP][PASSED] - executor.executeScript("arguments[0].click();", element): null

2019-08-05 15:57:13 - [TEST_STEP][PASSED] - delay(5): Delayed 5 second(s)

2019-08-05 15:57:18 - [MESSAGE][PASSED] - Delayed 5 second(s)

2019-08-05 15:57:18 - [TEST_STEP][PASSED] - executor.executeScript("arguments[0].click();", findWebElement(findTestObject("Object Repository/ReplicatedSite/h1_thanks_msg"), 5)): null

2019-08-05 15:57:18 - [TEST_STEP][PASSED] - verifyElementText(findTestObject("Object Repository/ReplicatedSite/h1_thanks_msg"), "Thanks for placing your order!"): Actual text and expected text of test object 'Object Repository/ReplicatedSite/h1_thanks_msg' are matched.

2019-08-05 15:57:18 - [MESSAGE][PASSED] - Actual text and expected text of test object 'Object Repository/ReplicatedSite/h1_thanks_msg' are matched.

2019-08-05 15:57:18 - [TEST_STEP][PASSED] - delay(2): Delayed 2 second(s)

2019-08-05 15:57:20 - [MESSAGE][PASSED] - Delayed 2 second(s)

2019-08-05 15:57:20 - [TEST_STEP][PASSED] - ordered = ordered + 1: null

2019-08-05 15:57:20 - [TEST_STEP][PASSED] - favorites = favorites - 1: null

2019-08-05 15:57:20 - [TEST_STEP][PASSED] - switchToWindowIndex(currentTab + 1): Switched to window with index: '1'

2019-08-05 15:57:20 - [MESSAGE][PASSED] - Switched to window with index: '1'

2019-08-05 15:57:20 - [TEST_STEP][PASSED] - delay(15): Delayed 15 second(s)

2019-08-05 15:57:35 - [MESSAGE][PASSED] - Delayed 15 second(s)

2019-08-05 15:57:35 - [TEST_STEP][PASSED] - try: null

2019-08-05 15:57:35 - [TEST_STEP][PASSED] - assert VSGuest.validateGuests(findTestObject("Object Repository/virualShowRSVPOR/dashboard/select_present"), presentList): null

2019-08-05 15:57:35 - [TEST_STEP][PASSED] - delay(10): Delayed 10 second(s)

2019-08-05 15:57:45 - [MESSAGE][PASSED] - Delayed 10 second(s)

2019-08-05 15:57:45 - [TEST_STEP][PASSED] - click(findTestObject("Object Repository/virualShowRSVPOR/dashboard/button_end_session")): Object: 'Object Repository/virualShowRSVPOR/dashboard/button_end_session' is clicked on

2019-08-05 15:57:46 - [MESSAGE][PASSED] - Object: 'Object Repository/virualShowRSVPOR/dashboard/button_end_session' is clicked on

2019-08-05 15:57:46 - [TEST_STEP][PASSED] - delay(3): Delayed 3 second(s)

2019-08-05 15:57:49 - [MESSAGE][PASSED] - Delayed 3 second(s)

2019-08-05 15:57:49 - [TEST_STEP][PASSED] - click(findTestObject("Object Repository/virualShowRSVPOR/dashboard/button_end_session_sure")): Object: 'Object Repository/virualShowRSVPOR/dashboard/button_end_session_sure' is clicked on

2019-08-05 15:57:49 - [MESSAGE][PASSED] - Object: 'Object Repository/virualShowRSVPOR/dashboard/button_end_session_sure' is clicked on

2019-08-05 15:57:49 - [TEST_STEP][PASSED] - delay(3): Delayed 3 second(s)

2019-08-05 15:57:52 - [MESSAGE][PASSED] - Delayed 3 second(s)

2019-08-05 15:57:52 - [TEST_STEP][PASSED] - verifyElementText(findTestObject("Object Repository/virualShowRSVPOR/dashboard/p_show_is_over"), "This show is not active."): Actual text and expected text of test object 'Object Repository/virualShowRSVPOR/dashboard/p_show_is_over' are matched.

2019-08-05 15:57:52 - [MESSAGE][PASSED] - Actual text and expected text of test object 'Object Repository/virualShowRSVPOR/dashboard/p_show_is_over' are matched.]]></system-out>
         <system-err><![CDATA[]]></system-err>
      </testcase>
      <system-out><![CDATA[2019-08-05 15:45:08 - [TEST_SUITE][PASSED] - DashboardSuite: Test Cases/VirtualShow/VS_Automation]]></system-out>
      <system-err><![CDATA[]]></system-err>
   </testsuite>
</testsuites>
