<?xml version="1.0" encoding="UTF-8"?>
<testsuites name="NewArrivalsSuite" time="697" tests="0" failures="2" errors="0">
   <testsuite name="NewArrivalsSuite" tests="0" failures="2" errors="0" time="697" timestamp="2019-10-04 14:31:33" hostname="user - 10.0.102.244" id="Test Suites/NewArrivalsSuites/NewArrivalsSuite">
      <properties>
         <property name="deviceName" value=""/>
         <property name="devicePlatform" value=""/>
         <property name="logFolder" value="C:\\Users\\user\\Documents\\testautomation\\KatalonProjects\\Reports\\NewArrivalsSuites\\NewArrivalsSuite\\20191004_143130"/>
         <property name="logFiles" value="C:\\Users\\user\\Documents\\testautomation\\KatalonProjects\\Reports\\NewArrivalsSuites\\NewArrivalsSuite\\20191004_143130\\execution0.log"/>
         <property name="attachments" value="C:\\Users\\user\\Documents\\testautomation\\KatalonProjects\\Reports\\NewArrivalsSuites\\NewArrivalsSuite\\20191004_143130\\1570180285237.png, C:\\Users\\user\\Documents\\testautomation\\KatalonProjects\\Reports\\NewArrivalsSuites\\NewArrivalsSuite\\20191004_143130\\1570180390584.png"/>
         <property name="hostName" value="user - 10.0.102.244"/>
         <property name="os" value="Windows 8.1 64bit"/>
         <property name="katalonVersion" value="6.1.1.1"/>
         <property name="browser" value="Chrome 77.0.3865.90"/>
         <property name="hostAddress" value="10.0.102.244"/>
         <property name="sessionId" value="a62c7d7f5e361d2ab0a7a52231b0cfeb"/>
         <property name="seleniumVersion" value="3.7.1"/>
         <property name="proxyInformation" value="ProxyInformation{proxyOption=NO_PROXY, proxyServerType=HTTP, password=, proxyServerAddress=, proxyServerPort=0}"/>
         <property name="platform" value="Windows 8.1"/>
      </properties>
      <testcase name="Test Cases/NewArrival/addOnOrderPersonal" classname="Test Cases/NewArrival/addOnOrderPersonal" status="FAILED">
         <failure type="FAILED" message="Test Cases/NewArrival/addOnOrderPersonal FAILED.
Reason:
com.kms.katalon.core.exception.StepFailedException: Unable to click on object 'Object Repository/Page_cabi_addOn_order/a_continue_to_order'
	at com.kms.katalon.core.webui.keyword.internal.WebUIKeywordMain.stepFailed(WebUIKeywordMain.groovy:64)
	at com.kms.katalon.core.webui.keyword.internal.WebUIKeywordMain.runKeyword(WebUIKeywordMain.groovy:26)
	at com.kms.katalon.core.webui.keyword.builtin.ClickKeyword.click(ClickKeyword.groovy:86)
	at com.kms.katalon.core.webui.keyword.builtin.ClickKeyword.execute(ClickKeyword.groovy:67)
	at com.kms.katalon.core.keyword.internal.KeywordExecutor.executeKeywordForPlatform(KeywordExecutor.groovy:56)
	at com.kms.katalon.core.webui.keyword.WebUiBuiltInKeywords.click(WebUiBuiltInKeywords.groovy:616)
	at com.kms.katalon.core.webui.keyword.WebUiBuiltInKeywords$click$2.call(Unknown Source)
	at addOnOrderPersonal.run(addOnOrderPersonal:195)
	at com.kms.katalon.core.main.ScriptEngine.run(ScriptEngine.java:194)
	at com.kms.katalon.core.main.ScriptEngine.runScriptAsRawText(ScriptEngine.java:119)
	at com.kms.katalon.core.main.TestCaseExecutor.runScript(TestCaseExecutor.java:342)
	at com.kms.katalon.core.main.TestCaseExecutor.doExecute(TestCaseExecutor.java:333)
	at com.kms.katalon.core.main.TestCaseExecutor.processExecutionPhase(TestCaseExecutor.java:312)
	at com.kms.katalon.core.main.TestCaseExecutor.accessMainPhase(TestCaseExecutor.java:304)
	at com.kms.katalon.core.main.TestCaseExecutor.execute(TestCaseExecutor.java:238)
	at com.kms.katalon.core.main.TestSuiteExecutor.accessTestCaseMainPhase(TestSuiteExecutor.java:129)
	at com.kms.katalon.core.main.TestSuiteExecutor.accessTestSuiteMainPhase(TestSuiteExecutor.java:112)
	at com.kms.katalon.core.main.TestSuiteExecutor.execute(TestSuiteExecutor.java:81)
	at com.kms.katalon.core.main.TestCaseMain.startTestSuite(TestCaseMain.java:157)
	at com.kms.katalon.core.main.TestCaseMain$startTestSuite$0.call(Unknown Source)
	at TempTestSuite1570179690322.run(TempTestSuite1570179690322.groovy:35)
Caused by: com.kms.katalon.core.webui.exception.WebElementNotFoundException: Web element with id: 'Object Repository/Page_cabi_addOn_order/a_continue_to_order' located by 'By.xpath: //a/span[contains(text(), 'Continue to Order')]' not found
	at com.kms.katalon.core.webui.common.WebUiCommonHelper.findWebElement(WebUiCommonHelper.java:1097)
	at com.kms.katalon.core.webui.keyword.internal.WebUIAbstractKeyword.findWebElement(WebUIAbstractKeyword.groovy:27)
	at com.kms.katalon.core.webui.keyword.internal.WebUIAbstractKeyword.findWebElement(WebUIAbstractKeyword.groovy:26)
	at com.kms.katalon.core.webui.keyword.builtin.ClickKeyword$_click_closure1.doCall(ClickKeyword.groovy:77)
	at com.kms.katalon.core.webui.keyword.builtin.ClickKeyword$_click_closure1.call(ClickKeyword.groovy)
	at com.kms.katalon.core.webui.keyword.internal.WebUIKeywordMain.runKeyword(WebUIKeywordMain.groovy:20)
	at com.kms.katalon.core.webui.keyword.builtin.ClickKeyword.click(ClickKeyword.groovy:86)
	at com.kms.katalon.core.webui.keyword.builtin.ClickKeyword.execute(ClickKeyword.groovy:67)
	at com.kms.katalon.core.keyword.internal.KeywordExecutor.executeKeywordForPlatform(KeywordExecutor.groovy:56)
	at com.kms.katalon.core.webui.keyword.WebUiBuiltInKeywords.click(WebUiBuiltInKeywords.groovy:616)
	at com.kms.katalon.core.webui.keyword.WebUiBuiltInKeywords$click$2.call(Unknown Source)
	at Script1557928690388.run(Script1557928690388.groovy:195)
	... 13 more
"/>
         <system-out><![CDATA[2019-10-04 14:31:34 - [TEST_CASE][FAILED] - Test Cases/NewArrival/addOnOrderPersonal: Test Cases/NewArrival/addOnOrderPersonal FAILED.
Reason:
com.kms.katalon.core.exception.StepFailedException: Unable to click on object 'Object Repository/Page_cabi_addOn_order/a_continue_to_order'
	at com.kms.katalon.core.webui.keyword.internal.WebUIKeywordMain.stepFailed(WebUIKeywordMain.groovy:64)
	at com.kms.katalon.core.webui.keyword.internal.WebUIKeywordMain.runKeyword(WebUIKeywordMain.groovy:26)
	at com.kms.katalon.core.webui.keyword.builtin.ClickKeyword.click(ClickKeyword.groovy:86)
	at com.kms.katalon.core.webui.keyword.builtin.ClickKeyword.execute(ClickKeyword.groovy:67)
	at com.kms.katalon.core.keyword.internal.KeywordExecutor.executeKeywordForPlatform(KeywordExecutor.groovy:56)
	at com.kms.katalon.core.webui.keyword.WebUiBuiltInKeywords.click(WebUiBuiltInKeywords.groovy:616)
	at com.kms.katalon.core.webui.keyword.WebUiBuiltInKeywords$click$2.call(Unknown Source)
	at addOnOrderPersonal.run(addOnOrderPersonal:195)
	at com.kms.katalon.core.main.ScriptEngine.run(ScriptEngine.java:194)
	at com.kms.katalon.core.main.ScriptEngine.runScriptAsRawText(ScriptEngine.java:119)
	at com.kms.katalon.core.main.TestCaseExecutor.runScript(TestCaseExecutor.java:342)
	at com.kms.katalon.core.main.TestCaseExecutor.doExecute(TestCaseExecutor.java:333)
	at com.kms.katalon.core.main.TestCaseExecutor.processExecutionPhase(TestCaseExecutor.java:312)
	at com.kms.katalon.core.main.TestCaseExecutor.accessMainPhase(TestCaseExecutor.java:304)
	at com.kms.katalon.core.main.TestCaseExecutor.execute(TestCaseExecutor.java:238)
	at com.kms.katalon.core.main.TestSuiteExecutor.accessTestCaseMainPhase(TestSuiteExecutor.java:129)
	at com.kms.katalon.core.main.TestSuiteExecutor.accessTestSuiteMainPhase(TestSuiteExecutor.java:112)
	at com.kms.katalon.core.main.TestSuiteExecutor.execute(TestSuiteExecutor.java:81)
	at com.kms.katalon.core.main.TestCaseMain.startTestSuite(TestCaseMain.java:157)
	at com.kms.katalon.core.main.TestCaseMain$startTestSuite$0.call(Unknown Source)
	at TempTestSuite1570179690322.run(TempTestSuite1570179690322.groovy:35)
Caused by: com.kms.katalon.core.webui.exception.WebElementNotFoundException: Web element with id: 'Object Repository/Page_cabi_addOn_order/a_continue_to_order' located by 'By.xpath: //a/span[contains(text(), 'Continue to Order')]' not found
	at com.kms.katalon.core.webui.common.WebUiCommonHelper.findWebElement(WebUiCommonHelper.java:1097)
	at com.kms.katalon.core.webui.keyword.internal.WebUIAbstractKeyword.findWebElement(WebUIAbstractKeyword.groovy:27)
	at com.kms.katalon.core.webui.keyword.internal.WebUIAbstractKeyword.findWebElement(WebUIAbstractKeyword.groovy:26)
	at com.kms.katalon.core.webui.keyword.builtin.ClickKeyword$_click_closure1.doCall(ClickKeyword.groovy:77)
	at com.kms.katalon.core.webui.keyword.builtin.ClickKeyword$_click_closure1.call(ClickKeyword.groovy)
	at com.kms.katalon.core.webui.keyword.internal.WebUIKeywordMain.runKeyword(WebUIKeywordMain.groovy:20)
	at com.kms.katalon.core.webui.keyword.builtin.ClickKeyword.click(ClickKeyword.groovy:86)
	at com.kms.katalon.core.webui.keyword.builtin.ClickKeyword.execute(ClickKeyword.groovy:67)
	at com.kms.katalon.core.keyword.internal.KeywordExecutor.executeKeywordForPlatform(KeywordExecutor.groovy:56)
	at com.kms.katalon.core.webui.keyword.WebUiBuiltInKeywords.click(WebUiBuiltInKeywords.groovy:616)
	at com.kms.katalon.core.webui.keyword.WebUiBuiltInKeywords$click$2.call(Unknown Source)
	at Script1557928690388.run(Script1557928690388.groovy:195)
	... 13 more


2019-10-04 14:31:34 - [TEST_STEP][PASSED] - Start listener action : sampleBeforeTestCase: null

2019-10-04 14:31:34 - [TEST_STEP][PASSED] - println(testCaseContext.getTestCaseId()): null

2019-10-04 14:31:34 - [TEST_STEP][PASSED] - println(testCaseContext.getTestCaseVariables()): null

2019-10-04 14:31:35 - [TEST_STEP][PASSED] - openBrowser(""): Browser is opened with url: ''

2019-10-04 14:31:35 - [MESSAGE][INFO] - Starting 'Chrome' driver

2019-10-04 14:31:35 - [MESSAGE][INFO] - User set preference: ['args', '[--use-fake-ui-for-media-stream, --start-maximized]']

2019-10-04 14:31:35 - [MESSAGE][INFO] - Action delay is set to 0 seconds

2019-10-04 14:31:38 - [MESSAGE][PASSED] - Browser is opened with url: ''

2019-10-04 14:31:38 - [TEST_STEP][PASSED] - addOnStyle = findTestData("miscData").getValue("addOnStyle", 1): null

2019-10-04 14:31:40 - [TEST_STEP][PASSED] - rmaNumber = <not implemented yet for class: org.codehaus.groovy.ast.expr.EmptyExpression>: null

2019-10-04 14:31:40 - [TEST_STEP][FAILED] - for ([timeRow = 1, timeRow <= findTestData("timezoneData").getRowNumbers(), (timeRow++)]): for ([timeRow = 1, timeRow <= findTestData("timezoneData").getRowNumbers(), (timeRow++)]) FAILED.
Reason:
com.kms.katalon.core.exception.StepFailedException: Unable to click on object 'Object Repository/Page_cabi_addOn_order/a_continue_to_order'
	at com.kms.katalon.core.webui.keyword.internal.WebUIKeywordMain.stepFailed(WebUIKeywordMain.groovy:64)
	at com.kms.katalon.core.webui.keyword.internal.WebUIKeywordMain.runKeyword(WebUIKeywordMain.groovy:26)
	at com.kms.katalon.core.webui.keyword.builtin.ClickKeyword.click(ClickKeyword.groovy:86)
	at com.kms.katalon.core.webui.keyword.builtin.ClickKeyword.execute(ClickKeyword.groovy:67)
	at com.kms.katalon.core.keyword.internal.KeywordExecutor.executeKeywordForPlatform(KeywordExecutor.groovy:56)
	at com.kms.katalon.core.webui.keyword.WebUiBuiltInKeywords.click(WebUiBuiltInKeywords.groovy:616)
	at com.kms.katalon.core.webui.keyword.WebUiBuiltInKeywords$click$2.call(Unknown Source)
	at addOnOrderPersonal.run(addOnOrderPersonal:195)
	at com.kms.katalon.core.main.ScriptEngine.run(ScriptEngine.java:194)
	at com.kms.katalon.core.main.ScriptEngine.runScriptAsRawText(ScriptEngine.java:119)
	at com.kms.katalon.core.main.TestCaseExecutor.runScript(TestCaseExecutor.java:342)
	at com.kms.katalon.core.main.TestCaseExecutor.doExecute(TestCaseExecutor.java:333)
	at com.kms.katalon.core.main.TestCaseExecutor.processExecutionPhase(TestCaseExecutor.java:312)
	at com.kms.katalon.core.main.TestCaseExecutor.accessMainPhase(TestCaseExecutor.java:304)
	at com.kms.katalon.core.main.TestCaseExecutor.execute(TestCaseExecutor.java:238)
	at com.kms.katalon.core.main.TestSuiteExecutor.accessTestCaseMainPhase(TestSuiteExecutor.java:129)
	at com.kms.katalon.core.main.TestSuiteExecutor.accessTestSuiteMainPhase(TestSuiteExecutor.java:112)
	at com.kms.katalon.core.main.TestSuiteExecutor.execute(TestSuiteExecutor.java:81)
	at com.kms.katalon.core.main.TestCaseMain.startTestSuite(TestCaseMain.java:157)
	at com.kms.katalon.core.main.TestCaseMain$startTestSuite$0.call(Unknown Source)
	at TempTestSuite1570179690322.run(TempTestSuite1570179690322.groovy:35)
Caused by: com.kms.katalon.core.webui.exception.WebElementNotFoundException: Web element with id: 'Object Repository/Page_cabi_addOn_order/a_continue_to_order' located by 'By.xpath: //a/span[contains(text(), 'Continue to Order')]' not found
	at com.kms.katalon.core.webui.common.WebUiCommonHelper.findWebElement(WebUiCommonHelper.java:1097)
	at com.kms.katalon.core.webui.keyword.internal.WebUIAbstractKeyword.findWebElement(WebUIAbstractKeyword.groovy:27)
	at com.kms.katalon.core.webui.keyword.internal.WebUIAbstractKeyword.findWebElement(WebUIAbstractKeyword.groovy:26)
	at com.kms.katalon.core.webui.keyword.builtin.ClickKeyword$_click_closure1.doCall(ClickKeyword.groovy:77)
	at com.kms.katalon.core.webui.keyword.builtin.ClickKeyword$_click_closure1.call(ClickKeyword.groovy)
	at com.kms.katalon.core.webui.keyword.internal.WebUIKeywordMain.runKeyword(WebUIKeywordMain.groovy:20)
	at com.kms.katalon.core.webui.keyword.builtin.ClickKeyword.click(ClickKeyword.groovy:86)
	at com.kms.katalon.core.webui.keyword.builtin.ClickKeyword.execute(ClickKeyword.groovy:67)
	at com.kms.katalon.core.keyword.internal.KeywordExecutor.executeKeywordForPlatform(KeywordExecutor.groovy:56)
	at com.kms.katalon.core.webui.keyword.WebUiBuiltInKeywords.click(WebUiBuiltInKeywords.groovy:616)
	at com.kms.katalon.core.webui.keyword.WebUiBuiltInKeywords$click$2.call(Unknown Source)
	at Script1557928690388.run(Script1557928690388.groovy:195)
	... 13 more


2019-10-04 14:31:40 - [TEST_STEP][PASSED] - callTestCase(findTestCase("NewArrival/populateTimeGlobalVars"), ["row":timeRow], CONTINUE_ON_FAILURE): Call Test Case 'Test Cases/NewArrival/populateTimeGlobalVars' successfully

2019-10-04 14:31:40 - [TEST_CASE][PASSED] - Test Cases/NewArrival/populateTimeGlobalVars: Test Cases/NewArrival/populateTimeGlobalVars

2019-10-04 14:31:40 - [TEST_STEP][PASSED] - dataFile = "timezoneData": null

2019-10-04 14:31:40 - [TEST_STEP][PASSED] - clockServerTarget = UtilityMethods.getTestData("envtData", "clockServerTarget", 1): null

2019-10-04 14:31:41 - [TEST_STEP][PASSED] - println(clockServerTarget): null

2019-10-04 14:31:41 - [TEST_STEP][PASSED] - orderType = UtilityMethods.getTestData(dataFile, "orderType", row): null

2019-10-04 14:31:41 - [TEST_STEP][PASSED] - timeZone = UtilityMethods.getTestData(dataFile, "timeZone", row): null

2019-10-04 14:31:41 - [TEST_STEP][PASSED] - BOPersonal = UtilityMethods.getTestData(dataFile, "BOPersonal", row): null

2019-10-04 14:31:41 - [TEST_STEP][PASSED] - BOAddonPersonal = UtilityMethods.getTestData(dataFile, "BOAddonPersonal", row): null

2019-10-04 14:31:41 - [TEST_STEP][PASSED] - BOAddonRetail = UtilityMethods.getTestData(dataFile, "BOAddonRetail", row): null

2019-10-04 14:31:41 - [TEST_STEP][PASSED] - BORetail = UtilityMethods.getTestData(dataFile, "BORetail", row): null

2019-10-04 14:31:42 - [TEST_STEP][PASSED] - BOShow = UtilityMethods.getTestData(dataFile, "BOShow", row): null

2019-10-04 14:31:42 - [TEST_STEP][PASSED] - BOOnlineoutlet = UtilityMethods.getTestData(dataFile, "BOOnlineoutlet", row): null

2019-10-04 14:31:42 - [TEST_STEP][PASSED] - BOEmployee = UtilityMethods.getTestData(dataFile, "BOEmployee", row): null

2019-10-04 14:31:42 - [TEST_STEP][PASSED] - CCPersonal = UtilityMethods.getTestData(dataFile, "CCPersonal", row): null

2019-10-04 14:31:42 - [TEST_STEP][PASSED] - CCRetail = UtilityMethods.getTestData(dataFile, "CCRetail", row): null

2019-10-04 14:31:42 - [TEST_STEP][PASSED] - CCShow = UtilityMethods.getTestData(dataFile, "CCShow", row): null

2019-10-04 14:31:42 - [TEST_STEP][PASSED] - BOEblast = UtilityMethods.getTestData(dataFile, "BOEblast", row): null

2019-10-04 14:31:42 - [TEST_STEP][PASSED] - println(row): null

2019-10-04 14:31:42 - [TEST_STEP][PASSED] - println(BOPersonal): null

2019-10-04 14:31:42 - [MESSAGE][PASSED] - Call Test Case 'Test Cases/NewArrival/populateTimeGlobalVars' successfully

2019-10-04 14:31:42 - [TEST_STEP][PASSED] - callTestCase(findTestCase("NewArrival/setTimezone"), ["ofbizURL":"", "ofbizuser":"", "ofbizpass":"", "orderType":orderType, "timeZone":timeZone, "serverTarget":serverTarget, "clockServerTarget":clockServerTarget], CONTINUE_ON_FAILURE): Call Test Case 'Test Cases/NewArrival/setTimezone' successfully

2019-10-04 14:31:42 - [TEST_CASE][PASSED] - Test Cases/NewArrival/setTimezone: Test Cases/NewArrival/setTimezone

2019-10-04 14:31:42 - [TEST_STEP][PASSED] - openBrowser(""): Browser is opened with url: ''

2019-10-04 14:31:42 - [MESSAGE][WARNING] - A browser is already opened. Closing browser and opening a new one

2019-10-04 14:31:43 - [MESSAGE][INFO] - Starting 'Chrome' driver

2019-10-04 14:31:43 - [MESSAGE][INFO] - User set preference: ['args', '[--use-fake-ui-for-media-stream, --start-maximized]']

2019-10-04 14:31:46 - [MESSAGE][PASSED] - Browser is opened with url: ''

2019-10-04 14:31:46 - [TEST_STEP][NOT_RUN] - maximizeWindow(): NOT_RUN: maximizeWindow()

2019-10-04 14:31:46 - [MESSAGE][NOT_RUN] - NOT_RUN: maximizeWindow()

2019-10-04 14:31:46 - [TEST_STEP][PASSED] - ofbizURL = findTestData("envtData").getValue("ofbizURL", 1): null

2019-10-04 14:31:46 - [TEST_STEP][PASSED] - ofbizuser = findTestData("credData").getValue("ofbizuser", 1): null

2019-10-04 14:31:46 - [TEST_STEP][PASSED] - ofbizpass = findTestData("credData").getValue("ofbizpass", 1): null

2019-10-04 14:31:46 - [TEST_STEP][PASSED] - navigateToUrl(ofbizURL): Navigate to 'https://pushofbiz.cliotest.com/login.php' successfully

2019-10-04 14:31:48 - [MESSAGE][PASSED] - Navigate to 'https://pushofbiz.cliotest.com/login.php' successfully

2019-10-04 14:31:48 - [TEST_STEP][PASSED] - setText(findTestObject("Page_/input_Username_username"), ofbizuser): Text 'automation' is set on object 'Object Repository/Page_/input_Username_username'

2019-10-04 14:31:48 - [MESSAGE][PASSED] - Text 'automation' is set on object 'Object Repository/Page_/input_Username_username'

2019-10-04 14:31:48 - [TEST_STEP][PASSED] - setText(findTestObject("Page_/input_Password_password"), ofbizpass): Text 'cabiautomation' is set on object 'Object Repository/Page_/input_Password_password'

2019-10-04 14:31:48 - [MESSAGE][PASSED] - Text 'cabiautomation' is set on object 'Object Repository/Page_/input_Password_password'

2019-10-04 14:31:48 - [TEST_STEP][PASSED] - click(findTestObject("Page_/input_Password_Submit")): Object: 'Object Repository/Page_/input_Password_Submit' is clicked on

2019-10-04 14:31:52 - [MESSAGE][PASSED] - Object: 'Object Repository/Page_/input_Password_Submit' is clicked on

2019-10-04 14:31:52 - [TEST_STEP][PASSED] - click(findTestObject("Object Repository/Page_/a_Clock set")): Object: 'Object Repository/Page_/a_Clock set' is clicked on

2019-10-04 14:31:53 - [MESSAGE][PASSED] - Object: 'Object Repository/Page_/a_Clock set' is clicked on

2019-10-04 14:31:53 - [TEST_STEP][PASSED] - cst = UtilityMethods.createTestObject("select_target", "//select[@name='Target']/option[contains(text(), '", clockServerTarget, "')]"): null

2019-10-04 14:31:53 - [TEST_STEP][PASSED] - println(clockServerTarget): null

2019-10-04 14:31:53 - [TEST_STEP][PASSED] - click(cst): Object: 'select_target' is clicked on

2019-10-04 14:31:53 - [MESSAGE][PASSED] - Object: 'select_target' is clicked on

2019-10-04 14:31:53 - [TEST_STEP][PASSED] - click(findTestObject("Page_/thisDateAndTime")): Object: 'Object Repository/Page_/thisDateAndTime' is clicked on

2019-10-04 14:31:53 - [MESSAGE][PASSED] - Object: 'Object Repository/Page_/thisDateAndTime' is clicked on

2019-10-04 14:31:53 - [TEST_STEP][PASSED] - setText(findTestObject("Object Repository/Page_/setTargetTime"), timeZone): Text ' 10/16/2019 7:00' is set on object 'Object Repository/Page_/setTargetTime'

2019-10-04 14:31:53 - [MESSAGE][PASSED] - Text ' 10/16/2019 7:00' is set on object 'Object Repository/Page_/setTargetTime'

2019-10-04 14:31:53 - [TEST_STEP][PASSED] - click(findTestObject("Object Repository/Page_/input")): Object: 'Object Repository/Page_/input' is clicked on

2019-10-04 14:31:54 - [MESSAGE][PASSED] - Object: 'Object Repository/Page_/input' is clicked on

2019-10-04 14:31:54 - [TEST_STEP][PASSED] - delay(10): Delayed 10 second(s)

2019-10-04 14:32:04 - [MESSAGE][PASSED] - Delayed 10 second(s)

2019-10-04 14:32:04 - [TEST_STEP][NOT_RUN] - closeBrowser(): NOT_RUN: closeBrowser()

2019-10-04 14:32:04 - [MESSAGE][NOT_RUN] - NOT_RUN: closeBrowser()

2019-10-04 14:32:04 - [MESSAGE][PASSED] - Call Test Case 'Test Cases/NewArrival/setTimezone' successfully

2019-10-04 14:32:04 - [TEST_STEP][PASSED] - if (timeRow == 1): Call Test Case 'Test Cases/NewArrival/warehouseShipping' successfully

2019-10-04 14:32:04 - [TEST_STEP][PASSED] - callTestCase(findTestCase("TestCaseUtilities/backOfficeLogin"), ["BOURL":"", "BOuser":"", "BOpass":""], CONTINUE_ON_FAILURE): Call Test Case 'Test Cases/TestCaseUtilities/backOfficeLogin' successfully

2019-10-04 14:32:04 - [TEST_CASE][PASSED] - Test Cases/TestCaseUtilities/backOfficeLogin: Test Cases/TestCaseUtilities/backOfficeLogin

2019-10-04 14:32:04 - [TEST_STEP][PASSED] - BOURL = findTestData("envtData").getValue("BOURL", 1): null

2019-10-04 14:32:04 - [TEST_STEP][PASSED] - BOuser = findTestData("credData").getValue("BOuser", 1): null

2019-10-04 14:32:04 - [TEST_STEP][PASSED] - BOpass = findTestData("credData").getValue("BOpass", 1): null

2019-10-04 14:32:04 - [TEST_STEP][PASSED] - openBrowser(""): Browser is opened with url: ''

2019-10-04 14:32:04 - [MESSAGE][WARNING] - A browser is already opened. Closing browser and opening a new one

2019-10-04 14:32:05 - [MESSAGE][INFO] - Starting 'Chrome' driver

2019-10-04 14:32:05 - [MESSAGE][INFO] - User set preference: ['args', '[--use-fake-ui-for-media-stream, --start-maximized]']

2019-10-04 14:32:07 - [MESSAGE][PASSED] - Browser is opened with url: ''

2019-10-04 14:32:07 - [TEST_STEP][PASSED] - navigateToUrl(BOURL): Navigate to 'https://test4.cliotest.com/backoffice/control/main' successfully

2019-10-04 14:32:15 - [MESSAGE][PASSED] - Navigate to 'https://test4.cliotest.com/backoffice/control/main' successfully

2019-10-04 14:32:15 - [TEST_STEP][PASSED] - logOut = findWebElements(findTestObject("Object Repository/Page_cabi Home/log_out"), 1): Unable to find the element located by 'By.xpath: //a[contains(text(),'Log Out')]'. Please recheck the objects properties to make sure the desired element is located. 

2019-10-04 14:32:16 - [MESSAGE][INFO] - Unable to find the element located by 'By.xpath: //a[contains(text(),'Log Out')]'. Please recheck the objects properties to make sure the desired element is located. 

2019-10-04 14:32:16 - [TEST_STEP][PASSED] - if (logOut.size() == 0): Object: 'Object Repository/Page_cabi/input_Welcome to_consultantLogin' is clicked on

2019-10-04 14:32:16 - [TEST_STEP][PASSED] - setText(findTestObject("Page_cabi/input_Welcome to_USERNAME"), BOuser): Text '400000002' is set on object 'Object Repository/Page_cabi/input_Welcome to_USERNAME'

2019-10-04 14:32:16 - [MESSAGE][PASSED] - Text '400000002' is set on object 'Object Repository/Page_cabi/input_Welcome to_USERNAME'

2019-10-04 14:32:16 - [TEST_STEP][PASSED] - setText(findTestObject("Object Repository/Page_cabi/input_Welcome to_PASSWORD"), BOpass): Text 'blackdress19' is set on object 'Object Repository/Page_cabi/input_Welcome to_PASSWORD'

2019-10-04 14:32:16 - [MESSAGE][PASSED] - Text 'blackdress19' is set on object 'Object Repository/Page_cabi/input_Welcome to_PASSWORD'

2019-10-04 14:32:16 - [TEST_STEP][PASSED] - click(findTestObject("Object Repository/Page_cabi/input_Welcome to_consultantLogin")): Object: 'Object Repository/Page_cabi/input_Welcome to_consultantLogin' is clicked on

2019-10-04 14:32:30 - [MESSAGE][PASSED] - Object: 'Object Repository/Page_cabi/input_Welcome to_consultantLogin' is clicked on

2019-10-04 14:32:30 - [TEST_STEP][PASSED] - delay(3): Delayed 3 second(s)

2019-10-04 14:32:33 - [MESSAGE][PASSED] - Delayed 3 second(s)

2019-10-04 14:32:33 - [MESSAGE][PASSED] - Call Test Case 'Test Cases/TestCaseUtilities/backOfficeLogin' successfully

2019-10-04 14:32:33 - [TEST_STEP][PASSED] - click(findTestObject("Page_cabi Home/a_Shows  Orders")): Object: 'Object Repository/Page_cabi Home/a_Shows  Orders' is clicked on

2019-10-04 14:32:33 - [MESSAGE][PASSED] - Object: 'Object Repository/Page_cabi Home/a_Shows  Orders' is clicked on

2019-10-04 14:32:33 - [TEST_STEP][PASSED] - delay(1): Delayed 1 second(s)

2019-10-04 14:32:34 - [MESSAGE][PASSED] - Delayed 1 second(s)

2019-10-04 14:32:34 - [TEST_STEP][PASSED] - click(findTestObject("Page_cabi Home/a_personal_purchases")): Object: 'Object Repository/Page_cabi Home/a_personal_purchases' is clicked on

2019-10-04 14:32:37 - [MESSAGE][PASSED] - Object: 'Object Repository/Page_cabi Home/a_personal_purchases' is clicked on

2019-10-04 14:32:37 - [TEST_STEP][PASSED] - delay(3): Delayed 3 second(s)

2019-10-04 14:32:40 - [MESSAGE][PASSED] - Delayed 3 second(s)

2019-10-04 14:32:40 - [TEST_STEP][PASSED] - click(findTestObject("Page_cabi Personal Store/span_Continue to Order")): Object: 'Object Repository/Page_cabi Personal Store/span_Continue to Order' is clicked on

2019-10-04 14:32:41 - [MESSAGE][PASSED] - Object: 'Object Repository/Page_cabi Personal Store/span_Continue to Order' is clicked on

2019-10-04 14:32:41 - [TEST_STEP][PASSED] - delay(5): Delayed 5 second(s)

2019-10-04 14:32:46 - [MESSAGE][PASSED] - Delayed 5 second(s)

2019-10-04 14:32:46 - [TEST_STEP][PASSED] - emptyCart = findWebElements(findTestObject("Object Repository/Page_cabi Personal Store/removeFromCart"), 5): Unable to find the element located by 'By.xpath: //*[@id="removeFromCart_0"]/span'. Please recheck the objects properties to make sure the desired element is located. 

2019-10-04 14:32:51 - [MESSAGE][INFO] - Unable to find the element located by 'By.xpath: //*[@id="removeFromCart_0"]/span'. Please recheck the objects properties to make sure the desired element is located. 

2019-10-04 14:32:51 - [TEST_STEP][PASSED] - while (emptyCart.size() > 0): null

2019-10-04 14:32:51 - [TEST_STEP][PASSED] - click(findTestObject("Object Repository/Page_cabi Create Order/input_Manual Discount_stylelookup_0")): Object: 'Object Repository/Page_cabi Create Order/input_Manual Discount_stylelookup_0' is clicked on

2019-10-04 14:32:51 - [MESSAGE][PASSED] - Object: 'Object Repository/Page_cabi Create Order/input_Manual Discount_stylelookup_0' is clicked on

2019-10-04 14:32:51 - [TEST_STEP][PASSED] - setText(findTestObject("Object Repository/Page_cabi Create Order/input_Manual Discount_stylelookup_0"), addOnStyle): Text '3701' is set on object 'Object Repository/Page_cabi Create Order/input_Manual Discount_stylelookup_0'

2019-10-04 14:32:51 - [MESSAGE][PASSED] - Text '3701' is set on object 'Object Repository/Page_cabi Create Order/input_Manual Discount_stylelookup_0'

2019-10-04 14:32:51 - [TEST_STEP][PASSED] - delay(3): Delayed 3 second(s)

2019-10-04 14:32:54 - [MESSAGE][PASSED] - Delayed 3 second(s)

2019-10-04 14:32:54 - [TEST_STEP][PASSED] - prod_message = getText(findTestObject("Page_cabi Create Order/first_option")): Text of object 'Object Repository/Page_cabi Create Order/first_option' is: '3701 Shetland Sweater'

2019-10-04 14:32:54 - [MESSAGE][PASSED] - Text of object 'Object Repository/Page_cabi Create Order/first_option' is: '3701 Shetland Sweater'

2019-10-04 14:32:54 - [TEST_STEP][PASSED] - click(findTestObject("Page_cabi Create Order/first_option")): Object: 'Object Repository/Page_cabi Create Order/first_option' is clicked on

2019-10-04 14:32:54 - [MESSAGE][PASSED] - Object: 'Object Repository/Page_cabi Create Order/first_option' is clicked on

2019-10-04 14:32:54 - [TEST_STEP][PASSED] - delay(5): Delayed 5 second(s)

2019-10-04 14:32:59 - [MESSAGE][PASSED] - Delayed 5 second(s)

2019-10-04 14:32:59 - [TEST_STEP][PASSED] - click(findTestObject("Object Repository/Page_cabi Order Items/selectSize")): Object: 'Object Repository/Page_cabi Order Items/selectSize' is clicked on

2019-10-04 14:32:59 - [MESSAGE][PASSED] - Object: 'Object Repository/Page_cabi Order Items/selectSize' is clicked on

2019-10-04 14:32:59 - [TEST_STEP][PASSED] - click(findTestObject("Object Repository/Page_cabi Order Items/span_Add to Cart")): Object: 'Object Repository/Page_cabi Order Items/span_Add to Cart' is clicked on

2019-10-04 14:32:59 - [MESSAGE][PASSED] - Object: 'Object Repository/Page_cabi Order Items/span_Add to Cart' is clicked on

2019-10-04 14:32:59 - [TEST_STEP][PASSED] - delay(3): Delayed 3 second(s)

2019-10-04 14:33:02 - [MESSAGE][PASSED] - Delayed 3 second(s)

2019-10-04 14:33:02 - [TEST_STEP][PASSED] - click(findTestObject("Object Repository/Page_cabi Order Items/span_Continue to Shipping")): Object: 'Object Repository/Page_cabi Order Items/span_Continue to Shipping' is clicked on

2019-10-04 14:33:08 - [MESSAGE][PASSED] - Object: 'Object Repository/Page_cabi Order Items/span_Continue to Shipping' is clicked on

2019-10-04 14:33:08 - [TEST_STEP][PASSED] - click(findTestObject("Page_cabi Personal Store/nextButtonShipping")): Object: 'Object Repository/Page_cabi Personal Store/nextButtonShipping' is clicked on

2019-10-04 14:33:08 - [MESSAGE][PASSED] - Object: 'Object Repository/Page_cabi Personal Store/nextButtonShipping' is clicked on

2019-10-04 14:33:08 - [TEST_STEP][PASSED] - delay(3): Delayed 3 second(s)

2019-10-04 14:33:11 - [MESSAGE][PASSED] - Delayed 3 second(s)

2019-10-04 14:33:11 - [TEST_STEP][PASSED] - click(findTestObject("Page_cabi Personal Store/makeFirstPayment")): Object: 'Object Repository/Page_cabi Personal Store/makeFirstPayment' is clicked on

2019-10-04 14:33:11 - [MESSAGE][PASSED] - Object: 'Object Repository/Page_cabi Personal Store/makeFirstPayment' is clicked on

2019-10-04 14:33:11 - [TEST_STEP][PASSED] - click(findTestObject("Object Repository/Page_cabi Personal Store/select_ach_payment")): Object: 'Object Repository/Page_cabi Personal Store/select_ach_payment' is clicked on

2019-10-04 14:33:11 - [MESSAGE][PASSED] - Object: 'Object Repository/Page_cabi Personal Store/select_ach_payment' is clicked on

2019-10-04 14:33:11 - [TEST_STEP][PASSED] - click(findTestObject("Page_cabi Personal Store/submitPayment")): Object: 'Object Repository/Page_cabi Personal Store/submitPayment' is clicked on

2019-10-04 14:33:11 - [MESSAGE][PASSED] - Object: 'Object Repository/Page_cabi Personal Store/submitPayment' is clicked on

2019-10-04 14:33:11 - [TEST_STEP][PASSED] - click(findTestObject("Page_cabi Personal Store/submitOrderId")): Object: 'Object Repository/Page_cabi Personal Store/submitOrderId' is clicked on

2019-10-04 14:33:14 - [MESSAGE][PASSED] - Object: 'Object Repository/Page_cabi Personal Store/submitOrderId' is clicked on

2019-10-04 14:33:14 - [TEST_STEP][PASSED] - successMsg = "": null

2019-10-04 14:33:14 - [TEST_STEP][PASSED] - orderSuccess = false: null

2019-10-04 14:33:14 - [TEST_STEP][PASSED] - successMsgs = findWebElements(findTestObject("Object Repository/Page_cabi Personal Store/p_success_msg"), 5): null

2019-10-04 14:33:16 - [TEST_STEP][PASSED] - if (successMsgs.size() > 0): Text of object 'Object Repository/Page_cabi Personal Store/p_order_id' is: 'PR708301400'

2019-10-04 14:33:16 - [TEST_STEP][PASSED] - successMsg = getText(findTestObject("Object Repository/Page_cabi Personal Store/p_success_msg")): Text of object 'Object Repository/Page_cabi Personal Store/p_success_msg' is: 'Order Created Successfully!!
Order #:  PR708301400

CONTINUE SHOPPING'

2019-10-04 14:33:16 - [MESSAGE][PASSED] - Text of object 'Object Repository/Page_cabi Personal Store/p_success_msg' is: 'Order Created Successfully!!
Order #:  PR708301400

CONTINUE SHOPPING'

2019-10-04 14:33:16 - [TEST_STEP][PASSED] - orderSuccess = true: null

2019-10-04 14:33:16 - [TEST_STEP][PASSED] - addOnOrderId = getText(findTestObject("Object Repository/Page_cabi Personal Store/p_order_id")): Text of object 'Object Repository/Page_cabi Personal Store/p_order_id' is: 'PR708301400'

2019-10-04 14:33:16 - [MESSAGE][PASSED] - Text of object 'Object Repository/Page_cabi Personal Store/p_order_id' is: 'PR708301400'

2019-10-04 14:33:16 - [TEST_STEP][PASSED] - assert orderSuccess == true: null

2019-10-04 14:33:16 - [TEST_STEP][PASSED] - callTestCase(findTestCase("NewArrival/warehouseShipping"), ["orderId":addOnOrderId], CONTINUE_ON_FAILURE): Call Test Case 'Test Cases/NewArrival/warehouseShipping' successfully

2019-10-04 14:33:16 - [TEST_CASE][PASSED] - Test Cases/NewArrival/warehouseShipping: Test Cases/NewArrival/warehouseShipping

2019-10-04 14:33:16 - [TEST_STEP][PASSED] - println(orderId): null

2019-10-04 14:33:16 - [TEST_STEP][PASSED] - callTestCase(findTestCase("TestCaseUtilities/cabiWarehouseLogin"), ["CWURL":"", "CWuser":"", "CWpass":""], CONTINUE_ON_FAILURE): Call Test Case 'Test Cases/TestCaseUtilities/cabiWarehouseLogin' successfully

2019-10-04 14:33:16 - [TEST_CASE][PASSED] - Test Cases/TestCaseUtilities/cabiWarehouseLogin: Test Cases/TestCaseUtilities/cabiWarehouseLogin

2019-10-04 14:33:17 - [TEST_STEP][PASSED] - CWURL = findTestData("envtData").getValue("CWURL", 1): null

2019-10-04 14:33:17 - [TEST_STEP][PASSED] - CWuser = findTestData("credData").getValue("CWuser", 1): null

2019-10-04 14:33:17 - [TEST_STEP][PASSED] - CWpass = findTestData("credData").getValue("CWpass", 1): null

2019-10-04 14:33:17 - [TEST_STEP][PASSED] - openBrowser(""): Browser is opened with url: ''

2019-10-04 14:33:17 - [MESSAGE][WARNING] - A browser is already opened. Closing browser and opening a new one

2019-10-04 14:33:17 - [MESSAGE][INFO] - Starting 'Chrome' driver

2019-10-04 14:33:17 - [MESSAGE][INFO] - User set preference: ['args', '[--use-fake-ui-for-media-stream, --start-maximized]']

2019-10-04 14:33:19 - [MESSAGE][PASSED] - Browser is opened with url: ''

2019-10-04 14:33:19 - [TEST_STEP][PASSED] - navigateToUrl(CWURL): Navigate to 'https://test4.cliotest.com/warehouse/control/main' successfully

2019-10-04 14:33:26 - [MESSAGE][PASSED] - Navigate to 'https://test4.cliotest.com/warehouse/control/main' successfully

2019-10-04 14:33:26 - [TEST_STEP][PASSED] - logOut = findWebElements(findTestObject("Object Repository/Cabi warehouse/Page_cabi_home/log_out"), 1): Unable to find the element located by 'By.xpath: //li/a[contains(text(), 'Log Out »')]'. Please recheck the objects properties to make sure the desired element is located. 

2019-10-04 14:33:27 - [MESSAGE][INFO] - Unable to find the element located by 'By.xpath: //li/a[contains(text(), 'Log Out »')]'. Please recheck the objects properties to make sure the desired element is located. 

2019-10-04 14:33:27 - [TEST_STEP][PASSED] - if (logOut.size() == 0): Object: 'Object Repository/Cabi warehouse/Page_cabi/input_Password_section-btn btn-stl-pk rFloat' is clicked on

2019-10-04 14:33:27 - [TEST_STEP][PASSED] - setText(findTestObject("Object Repository/Cabi warehouse/Page_cabi/input_Username_USERNAME"), CWuser): Text 'rsuarez' is set on object 'Object Repository/Cabi warehouse/Page_cabi/input_Username_USERNAME'

2019-10-04 14:33:27 - [MESSAGE][PASSED] - Text 'rsuarez' is set on object 'Object Repository/Cabi warehouse/Page_cabi/input_Username_USERNAME'

2019-10-04 14:33:27 - [TEST_STEP][PASSED] - setText(findTestObject("Object Repository/Cabi warehouse/Page_cabi/input_Password_PASSWORD"), CWpass): Text 'blackdress19' is set on object 'Object Repository/Cabi warehouse/Page_cabi/input_Password_PASSWORD'

2019-10-04 14:33:27 - [MESSAGE][PASSED] - Text 'blackdress19' is set on object 'Object Repository/Cabi warehouse/Page_cabi/input_Password_PASSWORD'

2019-10-04 14:33:27 - [TEST_STEP][PASSED] - click(findTestObject("Object Repository/Cabi warehouse/Page_cabi/input_Password_section-btn btn-stl-pk rFloat")): Object: 'Object Repository/Cabi warehouse/Page_cabi/input_Password_section-btn btn-stl-pk rFloat' is clicked on

2019-10-04 14:33:30 - [MESSAGE][PASSED] - Object: 'Object Repository/Cabi warehouse/Page_cabi/input_Password_section-btn btn-stl-pk rFloat' is clicked on

2019-10-04 14:33:30 - [TEST_STEP][PASSED] - delay(3): Delayed 3 second(s)

2019-10-04 14:33:33 - [MESSAGE][PASSED] - Delayed 3 second(s)

2019-10-04 14:33:33 - [MESSAGE][PASSED] - Call Test Case 'Test Cases/TestCaseUtilities/cabiWarehouseLogin' successfully

2019-10-04 14:33:33 - [TEST_STEP][PASSED] - click(findTestObject("Page_cabi Manage PickLists/a_Create PickLists")): Object: 'Object Repository/Page_cabi Manage PickLists/a_Create PickLists' is clicked on

2019-10-04 14:33:34 - [MESSAGE][PASSED] - Object: 'Object Repository/Page_cabi Manage PickLists/a_Create PickLists' is clicked on

2019-10-04 14:33:34 - [TEST_STEP][PASSED] - delay(2): Delayed 2 second(s)

2019-10-04 14:33:36 - [MESSAGE][PASSED] - Delayed 2 second(s)

2019-10-04 14:33:36 - [TEST_STEP][PASSED] - click(findTestObject("Object Repository/findOrders/Page_cabi Find Orders/Page_cabi SampleLine Shipment Screen/a_Single Order")): Object: 'Object Repository/findOrders/Page_cabi Find Orders/Page_cabi SampleLine Shipment Screen/a_Single Order' is clicked on

2019-10-04 14:33:37 - [MESSAGE][PASSED] - Object: 'Object Repository/findOrders/Page_cabi Find Orders/Page_cabi SampleLine Shipment Screen/a_Single Order' is clicked on

2019-10-04 14:33:37 - [TEST_STEP][PASSED] - setText(findTestObject("Page_cabi Create Single Order PickList/input_Order Id_orderId"), orderId): Text 'PR708301400' is set on object 'Object Repository/Page_cabi Create Single Order PickList/input_Order Id_orderId'

2019-10-04 14:33:37 - [MESSAGE][PASSED] - Text 'PR708301400' is set on object 'Object Repository/Page_cabi Create Single Order PickList/input_Order Id_orderId'

2019-10-04 14:33:37 - [TEST_STEP][PASSED] - click(findTestObject("Page_cabi Create Single Order PickList/input_Create even if fully backordered_submitButton")): Object: 'Object Repository/Page_cabi Create Single Order PickList/input_Create even if fully backordered_submitButton' is clicked on

2019-10-04 14:33:38 - [MESSAGE][PASSED] - Object: 'Object Repository/Page_cabi Create Single Order PickList/input_Create even if fully backordered_submitButton' is clicked on

2019-10-04 14:33:38 - [TEST_STEP][PASSED] - delay(2): Delayed 2 second(s)

2019-10-04 14:33:40 - [MESSAGE][PASSED] - Delayed 2 second(s)

2019-10-04 14:33:40 - [TEST_STEP][PASSED] - pickListCreated = findWebElements(findTestObject("Cabi warehouse/picklistCreatedMessage"), 5): null

2019-10-04 14:33:40 - [TEST_STEP][PASSED] - if (pickListCreated.size() == 0): null

2019-10-04 14:33:40 - [TEST_STEP][PASSED] - picklistCreatedMessage = UtilityMethods.concat("Picklist for order: [", orderId, "] has been created successfully."): null

2019-10-04 14:33:40 - [TEST_STEP][PASSED] - verifyElementText(findTestObject("Cabi warehouse/picklistCreatedMessage"), picklistCreatedMessage): Actual text and expected text of test object 'Object Repository/Cabi warehouse/picklistCreatedMessage' are matched.

2019-10-04 14:33:40 - [MESSAGE][PASSED] - Actual text and expected text of test object 'Object Repository/Cabi warehouse/picklistCreatedMessage' are matched.

2019-10-04 14:33:40 - [TEST_STEP][PASSED] - click(findTestObject("Page_cabi Create Single Order PickList/a_Manage PickLists")): Object: 'Object Repository/Page_cabi Create Single Order PickList/a_Manage PickLists' is clicked on

2019-10-04 14:33:41 - [MESSAGE][PASSED] - Object: 'Object Repository/Page_cabi Create Single Order PickList/a_Manage PickLists' is clicked on

2019-10-04 14:33:41 - [TEST_STEP][PASSED] - delay(2): Delayed 2 second(s)

2019-10-04 14:33:43 - [MESSAGE][PASSED] - Delayed 2 second(s)

2019-10-04 14:33:43 - [TEST_STEP][PASSED] - setText(findTestObject("Page_cabi Manage PickLists/input_Order _orderId"), orderId): Text 'PR708301400' is set on object 'Object Repository/Page_cabi Manage PickLists/input_Order _orderId'

2019-10-04 14:33:44 - [MESSAGE][PASSED] - Text 'PR708301400' is set on object 'Object Repository/Page_cabi Manage PickLists/input_Order _orderId'

2019-10-04 14:33:44 - [TEST_STEP][PASSED] - click(findTestObject("Page_cabi Manage PickLists/input")): Object: 'Object Repository/Page_cabi Manage PickLists/input' is clicked on

2019-10-04 14:33:44 - [MESSAGE][PASSED] - Object: 'Object Repository/Page_cabi Manage PickLists/input' is clicked on

2019-10-04 14:33:44 - [TEST_STEP][PASSED] - delay(3): Delayed 3 second(s)

2019-10-04 14:33:47 - [MESSAGE][PASSED] - Delayed 3 second(s)

2019-10-04 14:33:47 - [TEST_STEP][PASSED] - click(findTestObject("Page_cabi Manage PickLists/td_104238610")): Object: 'Object Repository/Page_cabi Manage PickLists/td_104238610' is clicked on

2019-10-04 14:33:48 - [MESSAGE][PASSED] - Object: 'Object Repository/Page_cabi Manage PickLists/td_104238610' is clicked on

2019-10-04 14:33:48 - [TEST_STEP][PASSED] - delay(2): Delayed 2 second(s)

2019-10-04 14:33:50 - [MESSAGE][PASSED] - Delayed 2 second(s)

2019-10-04 14:33:50 - [TEST_STEP][PASSED] - picklistId = getText(findTestObject("Page_cabi Manage PickLists/td_104238610")): Text of object 'Object Repository/Page_cabi Manage PickLists/td_104238610' is: '104417210'

2019-10-04 14:33:50 - [MESSAGE][PASSED] - Text of object 'Object Repository/Page_cabi Manage PickLists/td_104238610' is: '104417210'

2019-10-04 14:33:50 - [TEST_STEP][PASSED] - click(findTestObject("Page_cabi Manage PickLists/a_Packing")): Object: 'Object Repository/Page_cabi Manage PickLists/a_Packing' is clicked on

2019-10-04 14:33:51 - [MESSAGE][PASSED] - Object: 'Object Repository/Page_cabi Manage PickLists/a_Packing' is clicked on

2019-10-04 14:33:51 - [TEST_STEP][PASSED] - setText(findTestObject("Page_cabi Pack Init/input_Pack Station_packStationId"), "30"): Text '30' is set on object 'Object Repository/Page_cabi Pack Init/input_Pack Station_packStationId'

2019-10-04 14:33:51 - [MESSAGE][PASSED] - Text '30' is set on object 'Object Repository/Page_cabi Pack Init/input_Pack Station_packStationId'

2019-10-04 14:33:51 - [TEST_STEP][PASSED] - click(findTestObject("Page_cabi Pack Init/input_Pack Station_submitButton")): Object: 'Object Repository/Page_cabi Pack Init/input_Pack Station_submitButton' is clicked on

2019-10-04 14:33:52 - [MESSAGE][PASSED] - Object: 'Object Repository/Page_cabi Pack Init/input_Pack Station_submitButton' is clicked on

2019-10-04 14:33:52 - [TEST_STEP][PASSED] - delay(2): Delayed 2 second(s)

2019-10-04 14:33:54 - [MESSAGE][PASSED] - Delayed 2 second(s)

2019-10-04 14:33:54 - [TEST_STEP][PASSED] - setText(findTestObject("Page_cabi Pack Init/input_Picklist ID_pickId"), picklistId): Text '104417210' is set on object 'Object Repository/Page_cabi Pack Init/input_Picklist ID_pickId'

2019-10-04 14:33:54 - [MESSAGE][PASSED] - Text '104417210' is set on object 'Object Repository/Page_cabi Pack Init/input_Picklist ID_pickId'

2019-10-04 14:33:54 - [TEST_STEP][PASSED] - click(findTestObject("Page_cabi Pack Init/input_Picklist ID_submitButton")): Object: 'Object Repository/Page_cabi Pack Init/input_Picklist ID_submitButton' is clicked on

2019-10-04 14:33:56 - [MESSAGE][PASSED] - Object: 'Object Repository/Page_cabi Pack Init/input_Picklist ID_submitButton' is clicked on

2019-10-04 14:33:56 - [TEST_STEP][PASSED] - delay(2): Delayed 2 second(s)

2019-10-04 14:33:58 - [MESSAGE][PASSED] - Delayed 2 second(s)

2019-10-04 14:33:58 - [TEST_STEP][PASSED] - click(findTestObject("Page_cabi General Pack/input_Cream Of Wheat_button addItemForVerification")): Object: 'Object Repository/Page_cabi General Pack/input_Cream Of Wheat_button addItemForVerification' is clicked on

2019-10-04 14:33:58 - [MESSAGE][PASSED] - Object: 'Object Repository/Page_cabi General Pack/input_Cream Of Wheat_button addItemForVerification' is clicked on

2019-10-04 14:33:58 - [TEST_STEP][PASSED] - delay(2): Delayed 2 second(s)

2019-10-04 14:34:00 - [MESSAGE][PASSED] - Delayed 2 second(s)

2019-10-04 14:34:00 - [TEST_STEP][PASSED] - click(findTestObject("Page_cabi General Pack/input_Pack Station  30_shipConfirmBtn")): Object: 'Object Repository/Page_cabi General Pack/input_Pack Station  30_shipConfirmBtn' is clicked on

2019-10-04 14:34:06 - [MESSAGE][PASSED] - Object: 'Object Repository/Page_cabi General Pack/input_Pack Station  30_shipConfirmBtn' is clicked on

2019-10-04 14:34:06 - [TEST_STEP][PASSED] - delay(3): Delayed 3 second(s)

2019-10-04 14:34:09 - [MESSAGE][PASSED] - Delayed 3 second(s)

2019-10-04 14:34:09 - [TEST_STEP][PASSED] - itemsNotpacked = findWebElements(findTestObject("Cabi warehouse/itemsNotPacked"), 5): Unable to find the element located by 'By.xpath: //*[@id="content-messages"]/p[1]'. Please recheck the objects properties to make sure the desired element is located. 

2019-10-04 14:34:14 - [MESSAGE][INFO] - Unable to find the element located by 'By.xpath: //*[@id="content-messages"]/p[1]'. Please recheck the objects properties to make sure the desired element is located. 

2019-10-04 14:34:14 - [TEST_STEP][PASSED] - if (itemsNotpacked.size() > 0): null

2019-10-04 14:34:14 - [TEST_STEP][PASSED] - click(findTestObject("Cabi warehouse/warehouseLogout")): Object: 'Object Repository/Cabi warehouse/warehouseLogout' is clicked on

2019-10-04 14:34:18 - [MESSAGE][PASSED] - Object: 'Object Repository/Cabi warehouse/warehouseLogout' is clicked on

2019-10-04 14:34:18 - [MESSAGE][PASSED] - Call Test Case 'Test Cases/NewArrival/warehouseShipping' successfully

2019-10-04 14:34:18 - [TEST_STEP][PASSED] - callTestCase(findTestCase("TestCaseUtilities/backOfficeLogin"), ["BOURL":"", "BOuser":"", "BOpass":""], CONTINUE_ON_FAILURE): Call Test Case 'Test Cases/TestCaseUtilities/backOfficeLogin' successfully

2019-10-04 14:34:18 - [TEST_CASE][PASSED] - Test Cases/TestCaseUtilities/backOfficeLogin: Test Cases/TestCaseUtilities/backOfficeLogin

2019-10-04 14:34:18 - [TEST_STEP][PASSED] - BOURL = findTestData("envtData").getValue("BOURL", 1): null

2019-10-04 14:34:18 - [TEST_STEP][PASSED] - BOuser = findTestData("credData").getValue("BOuser", 1): null

2019-10-04 14:34:18 - [TEST_STEP][PASSED] - BOpass = findTestData("credData").getValue("BOpass", 1): null

2019-10-04 14:34:18 - [TEST_STEP][PASSED] - openBrowser(""): Browser is opened with url: ''

2019-10-04 14:34:18 - [MESSAGE][WARNING] - A browser is already opened. Closing browser and opening a new one

2019-10-04 14:34:19 - [MESSAGE][INFO] - Starting 'Chrome' driver

2019-10-04 14:34:19 - [MESSAGE][INFO] - User set preference: ['args', '[--use-fake-ui-for-media-stream, --start-maximized]']

2019-10-04 14:34:21 - [MESSAGE][PASSED] - Browser is opened with url: ''

2019-10-04 14:34:21 - [TEST_STEP][PASSED] - navigateToUrl(BOURL): Navigate to 'https://test4.cliotest.com/backoffice/control/main' successfully

2019-10-04 14:34:27 - [MESSAGE][PASSED] - Navigate to 'https://test4.cliotest.com/backoffice/control/main' successfully

2019-10-04 14:34:27 - [TEST_STEP][PASSED] - logOut = findWebElements(findTestObject("Object Repository/Page_cabi Home/log_out"), 1): Unable to find the element located by 'By.xpath: //a[contains(text(),'Log Out')]'. Please recheck the objects properties to make sure the desired element is located. 

2019-10-04 14:34:28 - [MESSAGE][INFO] - Unable to find the element located by 'By.xpath: //a[contains(text(),'Log Out')]'. Please recheck the objects properties to make sure the desired element is located. 

2019-10-04 14:34:28 - [TEST_STEP][PASSED] - if (logOut.size() == 0): Object: 'Object Repository/Page_cabi/input_Welcome to_consultantLogin' is clicked on

2019-10-04 14:34:28 - [TEST_STEP][PASSED] - setText(findTestObject("Page_cabi/input_Welcome to_USERNAME"), BOuser): Text '400000002' is set on object 'Object Repository/Page_cabi/input_Welcome to_USERNAME'

2019-10-04 14:34:29 - [MESSAGE][PASSED] - Text '400000002' is set on object 'Object Repository/Page_cabi/input_Welcome to_USERNAME'

2019-10-04 14:34:29 - [TEST_STEP][PASSED] - setText(findTestObject("Object Repository/Page_cabi/input_Welcome to_PASSWORD"), BOpass): Text 'blackdress19' is set on object 'Object Repository/Page_cabi/input_Welcome to_PASSWORD'

2019-10-04 14:34:29 - [MESSAGE][PASSED] - Text 'blackdress19' is set on object 'Object Repository/Page_cabi/input_Welcome to_PASSWORD'

2019-10-04 14:34:29 - [TEST_STEP][PASSED] - click(findTestObject("Object Repository/Page_cabi/input_Welcome to_consultantLogin")): Object: 'Object Repository/Page_cabi/input_Welcome to_consultantLogin' is clicked on

2019-10-04 14:34:37 - [MESSAGE][PASSED] - Object: 'Object Repository/Page_cabi/input_Welcome to_consultantLogin' is clicked on

2019-10-04 14:34:37 - [TEST_STEP][PASSED] - delay(3): Delayed 3 second(s)

2019-10-04 14:34:40 - [MESSAGE][PASSED] - Delayed 3 second(s)

2019-10-04 14:34:40 - [MESSAGE][PASSED] - Call Test Case 'Test Cases/TestCaseUtilities/backOfficeLogin' successfully

2019-10-04 14:34:40 - [TEST_STEP][PASSED] - click(findTestObject("Object Repository/findOrders/Page_cabi Find Orders/Page_cabi Home/a_Shows  Orders")): Object: 'Object Repository/findOrders/Page_cabi Find Orders/Page_cabi Home/a_Shows  Orders' is clicked on

2019-10-04 14:34:40 - [MESSAGE][PASSED] - Object: 'Object Repository/findOrders/Page_cabi Find Orders/Page_cabi Home/a_Shows  Orders' is clicked on

2019-10-04 14:34:40 - [TEST_STEP][PASSED] - click(findTestObject("Object Repository/findOrders/Page_cabi Find Orders/Page_cabi Home/a_Orders")): Object: 'Object Repository/findOrders/Page_cabi Find Orders/Page_cabi Home/a_Orders' is clicked on

2019-10-04 14:34:42 - [MESSAGE][PASSED] - Object: 'Object Repository/findOrders/Page_cabi Find Orders/Page_cabi Home/a_Orders' is clicked on

2019-10-04 14:34:42 - [TEST_STEP][PASSED] - click(findTestObject("Object Repository/findOrders/Page_cabi Find Orders/Page_cabi Find Orders/b")): Object: 'Object Repository/findOrders/Page_cabi Find Orders/Page_cabi Find Orders/b' is clicked on

2019-10-04 14:34:42 - [MESSAGE][PASSED] - Object: 'Object Repository/findOrders/Page_cabi Find Orders/Page_cabi Find Orders/b' is clicked on

2019-10-04 14:34:42 - [TEST_STEP][PASSED] - delay(3): Delayed 3 second(s)

2019-10-04 14:34:45 - [MESSAGE][PASSED] - Delayed 3 second(s)

2019-10-04 14:34:45 - [TEST_STEP][PASSED] - click(findTestObject("findOrders/Page_cabi Find Orders/orderNo")): Object: 'Object Repository/findOrders/Page_cabi Find Orders/orderNo' is clicked on

2019-10-04 14:34:46 - [MESSAGE][PASSED] - Object: 'Object Repository/findOrders/Page_cabi Find Orders/orderNo' is clicked on

2019-10-04 14:34:46 - [TEST_STEP][PASSED] - delay(3): Delayed 3 second(s)

2019-10-04 14:34:49 - [MESSAGE][PASSED] - Delayed 3 second(s)

2019-10-04 14:34:49 - [TEST_STEP][PASSED] - click(findTestObject("Object Repository/findOrders/Page_cabi Find Orders/Page_cabi Find Orders/pendingShipment")): Object: 'Object Repository/findOrders/Page_cabi Find Orders/Page_cabi Find Orders/pendingShipment' is clicked on

2019-10-04 14:34:49 - [MESSAGE][PASSED] - Object: 'Object Repository/findOrders/Page_cabi Find Orders/Page_cabi Find Orders/pendingShipment' is clicked on

2019-10-04 14:34:49 - [TEST_STEP][PASSED] - click(findTestObject("Object Repository/findOrders/Page_cabi Find Orders/Page_cabi Find Orders/inputShipped")): Object: 'Object Repository/findOrders/Page_cabi Find Orders/Page_cabi Find Orders/inputShipped' is clicked on

2019-10-04 14:34:49 - [MESSAGE][PASSED] - Object: 'Object Repository/findOrders/Page_cabi Find Orders/Page_cabi Find Orders/inputShipped' is clicked on

2019-10-04 14:34:49 - [TEST_STEP][PASSED] - setText(findTestObject("Object Repository/findOrders/Page_cabi Find Orders/Page_cabi Find Orders/inputOrderId"), addOnOrderId): Text 'PR708301400' is set on object 'Object Repository/findOrders/Page_cabi Find Orders/Page_cabi Find Orders/inputOrderId'

2019-10-04 14:34:49 - [MESSAGE][PASSED] - Text 'PR708301400' is set on object 'Object Repository/findOrders/Page_cabi Find Orders/Page_cabi Find Orders/inputOrderId'

2019-10-04 14:34:49 - [TEST_STEP][PASSED] - click(findTestObject("Object Repository/findOrders/Page_cabi Find Orders/Page_cabi Find Orders/findOrders")): Object: 'Object Repository/findOrders/Page_cabi Find Orders/Page_cabi Find Orders/findOrders' is clicked on

2019-10-04 14:34:49 - [MESSAGE][PASSED] - Object: 'Object Repository/findOrders/Page_cabi Find Orders/Page_cabi Find Orders/findOrders' is clicked on

2019-10-04 14:34:49 - [TEST_STEP][PASSED] - click(findTestObject("findOrders/Page_cabi Find Orders/orderView")): Object: 'Object Repository/findOrders/Page_cabi Find Orders/orderView' is clicked on

2019-10-04 14:34:53 - [MESSAGE][PASSED] - Object: 'Object Repository/findOrders/Page_cabi Find Orders/orderView' is clicked on

2019-10-04 14:34:53 - [TEST_STEP][PASSED] - delay(3): Delayed 3 second(s)

2019-10-04 14:34:56 - [MESSAGE][PASSED] - Delayed 3 second(s)

2019-10-04 14:34:56 - [TEST_STEP][PASSED] - refresh(): Refresh successfully

2019-10-04 14:34:56 - [MESSAGE][PASSED] - Refresh successfully

2019-10-04 14:34:56 - [TEST_STEP][PASSED] - delay(3): Delayed 3 second(s)

2019-10-04 14:34:59 - [MESSAGE][PASSED] - Delayed 3 second(s)

2019-10-04 14:34:59 - [TEST_STEP][PASSED] - refresh(): Refresh successfully

2019-10-04 14:35:00 - [MESSAGE][PASSED] - Refresh successfully

2019-10-04 14:35:00 - [TEST_STEP][PASSED] - delay(10): Delayed 10 second(s)

2019-10-04 14:35:10 - [MESSAGE][PASSED] - Delayed 10 second(s)

2019-10-04 14:35:10 - [TEST_STEP][PASSED] - refresh(): Refresh successfully

2019-10-04 14:35:10 - [MESSAGE][PASSED] - Refresh successfully

2019-10-04 14:35:10 - [TEST_STEP][PASSED] - delay(3): Delayed 3 second(s)

2019-10-04 14:35:13 - [MESSAGE][PASSED] - Delayed 3 second(s)

2019-10-04 14:35:13 - [TEST_STEP][PASSED] - click(findTestObject("Object Repository/findOrders/Page_cabi Find Orders/Page_cabi Order View/a_(Return Order)")): Object: 'Object Repository/findOrders/Page_cabi Find Orders/Page_cabi Order View/a_(Return Order)' is clicked on

2019-10-04 14:35:17 - [MESSAGE][PASSED] - Object: 'Object Repository/findOrders/Page_cabi Find Orders/Page_cabi Order View/a_(Return Order)' is clicked on

2019-10-04 14:35:17 - [TEST_STEP][PASSED] - delay(3): Delayed 3 second(s)

2019-10-04 14:35:20 - [MESSAGE][PASSED] - Delayed 3 second(s)

2019-10-04 14:35:20 - [TEST_STEP][PASSED] - if (timeRow == 1): Text of object 'Object Repository/findOrders/Page_cabi Find Orders/Page_cabi Stylist Create RMA/a_get_rma_number' is: '101690570'

2019-10-04 14:35:20 - [TEST_STEP][PASSED] - selectOptionByValue(findTestObject("Object Repository/findOrders/Page_cabi Find Orders/Page_cabi Stylist Create RMA/selectReason1"), "CABI_c", true): All options with value 'CABI_c' are selected in object 'Object Repository/findOrders/Page_cabi Find Orders/Page_cabi Stylist Create RMA/selectReason1'  using regular expression

2019-10-04 14:35:20 - [MESSAGE][PASSED] - All options with value 'CABI_c' are selected in object 'Object Repository/findOrders/Page_cabi Find Orders/Page_cabi Stylist Create RMA/selectReason1'  using regular expression

2019-10-04 14:35:20 - [TEST_STEP][PASSED] - selectOptionByValue(findTestObject("Object Repository/findOrders/Page_cabi Find Orders/Page_cabi Stylist Create RMA/selectReason2"), "CABI_c_a", true): All options with value 'CABI_c_a' are selected in object 'Object Repository/findOrders/Page_cabi Find Orders/Page_cabi Stylist Create RMA/selectReason2'  using regular expression

2019-10-04 14:35:20 - [MESSAGE][PASSED] - All options with value 'CABI_c_a' are selected in object 'Object Repository/findOrders/Page_cabi Find Orders/Page_cabi Stylist Create RMA/selectReason2'  using regular expression

2019-10-04 14:35:20 - [TEST_STEP][PASSED] - click(findTestObject("Object Repository/findOrders/Page_cabi Find Orders/Page_cabi Stylist Create RMA/inputRefund")): Object: 'Object Repository/findOrders/Page_cabi Find Orders/Page_cabi Stylist Create RMA/inputRefund' is clicked on

2019-10-04 14:35:20 - [MESSAGE][PASSED] - Object: 'Object Repository/findOrders/Page_cabi Find Orders/Page_cabi Stylist Create RMA/inputRefund' is clicked on

2019-10-04 14:35:20 - [TEST_STEP][PASSED] - click(findTestObject("Object Repository/findOrders/Page_cabi Find Orders/Page_cabi Stylist Create RMA/a_Next")): Object: 'Object Repository/findOrders/Page_cabi Find Orders/Page_cabi Stylist Create RMA/a_Next' is clicked on

2019-10-04 14:35:21 - [MESSAGE][PASSED] - Object: 'Object Repository/findOrders/Page_cabi Find Orders/Page_cabi Stylist Create RMA/a_Next' is clicked on

2019-10-04 14:35:21 - [TEST_STEP][PASSED] - click(findTestObject("Object Repository/findOrders/Page_cabi Find Orders/Page_cabi Stylist Create RMA/inputPostalService")): Object: 'Object Repository/findOrders/Page_cabi Find Orders/Page_cabi Stylist Create RMA/inputPostalService' is clicked on

2019-10-04 14:35:23 - [MESSAGE][PASSED] - Object: 'Object Repository/findOrders/Page_cabi Find Orders/Page_cabi Stylist Create RMA/inputPostalService' is clicked on

2019-10-04 14:35:23 - [TEST_STEP][PASSED] - click(findTestObject("Object Repository/findOrders/Page_cabi Find Orders/Page_cabi Stylist Create RMA/inputConfirmAdderess")): Object: 'Object Repository/findOrders/Page_cabi Find Orders/Page_cabi Stylist Create RMA/inputConfirmAdderess' is clicked on

2019-10-04 14:35:23 - [MESSAGE][PASSED] - Object: 'Object Repository/findOrders/Page_cabi Find Orders/Page_cabi Stylist Create RMA/inputConfirmAdderess' is clicked on

2019-10-04 14:35:23 - [TEST_STEP][PASSED] - click(findTestObject("Object Repository/findOrders/Page_cabi Find Orders/Page_cabi Stylist Create RMA/a_Next_1")): Object: 'Object Repository/findOrders/Page_cabi Find Orders/Page_cabi Stylist Create RMA/a_Next_1' is clicked on

2019-10-04 14:35:23 - [MESSAGE][PASSED] - Object: 'Object Repository/findOrders/Page_cabi Find Orders/Page_cabi Stylist Create RMA/a_Next_1' is clicked on

2019-10-04 14:35:23 - [TEST_STEP][PASSED] - click(findTestObject("Object Repository/findOrders/Page_cabi Find Orders/Page_cabi Stylist Create RMA/a_Submit RMA")): Object: 'Object Repository/findOrders/Page_cabi Find Orders/Page_cabi Stylist Create RMA/a_Submit RMA' is clicked on

2019-10-04 14:35:25 - [MESSAGE][PASSED] - Object: 'Object Repository/findOrders/Page_cabi Find Orders/Page_cabi Stylist Create RMA/a_Submit RMA' is clicked on

2019-10-04 14:35:25 - [TEST_STEP][PASSED] - delay(2): Delayed 2 second(s)

2019-10-04 14:35:27 - [MESSAGE][PASSED] - Delayed 2 second(s)

2019-10-04 14:35:27 - [TEST_STEP][PASSED] - rmaNumber = getText(findTestObject("Object Repository/findOrders/Page_cabi Find Orders/Page_cabi Stylist Create RMA/a_get_rma_number")): Text of object 'Object Repository/findOrders/Page_cabi Find Orders/Page_cabi Stylist Create RMA/a_get_rma_number' is: '101690570'

2019-10-04 14:35:27 - [MESSAGE][PASSED] - Text of object 'Object Repository/findOrders/Page_cabi Find Orders/Page_cabi Stylist Create RMA/a_get_rma_number' is: '101690570'

2019-10-04 14:35:27 - [TEST_STEP][PASSED] - delay(1): Delayed 1 second(s)

2019-10-04 14:35:28 - [MESSAGE][PASSED] - Delayed 1 second(s)

2019-10-04 14:35:28 - [TEST_STEP][PASSED] - click(findTestObject("Object Repository/findOrders/Page_cabi Find Orders/Page_cabi Stylist Create RMA/addonOrder")): Object: 'Object Repository/findOrders/Page_cabi Find Orders/Page_cabi Stylist Create RMA/addonOrder' is clicked on

2019-10-04 14:35:31 - [MESSAGE][PASSED] - Object: 'Object Repository/findOrders/Page_cabi Find Orders/Page_cabi Stylist Create RMA/addonOrder' is clicked on

2019-10-04 14:35:31 - [TEST_STEP][PASSED] - delay(3): Delayed 3 second(s)

2019-10-04 14:35:34 - [MESSAGE][PASSED] - Delayed 3 second(s)

2019-10-04 14:35:34 - [TEST_STEP][PASSED] - click(findTestObject("Object Repository/Page_cabi_addOn_order/a_continue_to_order")): Object: 'Object Repository/Page_cabi_addOn_order/a_continue_to_order' is clicked on

2019-10-04 14:35:34 - [MESSAGE][PASSED] - Object: 'Object Repository/Page_cabi_addOn_order/a_continue_to_order' is clicked on

2019-10-04 14:35:34 - [TEST_STEP][PASSED] - delay(2): Delayed 2 second(s)

2019-10-04 14:35:36 - [MESSAGE][PASSED] - Delayed 2 second(s)

2019-10-04 14:35:36 - [TEST_STEP][PASSED] - callTestCase(findTestCase("NewArrival/productVerifyShort"), ["available":BOAddonPersonal], CONTINUE_ON_FAILURE): Call Test Case 'Test Cases/NewArrival/productVerifyShort' successfully

2019-10-04 14:35:36 - [TEST_CASE][PASSED] - Test Cases/NewArrival/productVerifyShort: Test Cases/NewArrival/productVerifyShort

2019-10-04 14:35:37 - [TEST_STEP][PASSED] - sa = <not implemented yet for class: org.codehaus.groovy.ast.expr.EmptyExpression>: null

2019-10-04 14:35:37 - [TEST_STEP][PASSED] - styleid_data = <not implemented yet for class: org.codehaus.groovy.ast.expr.EmptyExpression>: null

2019-10-04 14:35:37 - [TEST_STEP][PASSED] - by = <not implemented yet for class: org.codehaus.groovy.ast.expr.EmptyExpression>: null

2019-10-04 14:35:37 - [TEST_STEP][PASSED] - styleWe = <not implemented yet for class: org.codehaus.groovy.ast.expr.EmptyExpression>: null

2019-10-04 14:35:37 - [TEST_STEP][PASSED] - to = <not implemented yet for class: org.codehaus.groovy.ast.expr.EmptyExpression>: null

2019-10-04 14:35:37 - [TEST_STEP][PASSED] - for ([row = 1, row <= findTestData("productData").getRowNumbers(), (row++)]): Delayed 3 second(s)

2019-10-04 14:35:37 - [TEST_STEP][PASSED] - delay(4): Delayed 4 second(s)

2019-10-04 14:35:41 - [MESSAGE][PASSED] - Delayed 4 second(s)

2019-10-04 14:35:41 - [TEST_STEP][PASSED] - sa = new org.testng.asserts.SoftAssert(): null

2019-10-04 14:35:41 - [TEST_STEP][PASSED] - delay(2): Delayed 2 second(s)

2019-10-04 14:35:43 - [MESSAGE][PASSED] - Delayed 2 second(s)

2019-10-04 14:35:43 - [TEST_STEP][PASSED] - setText(findTestObject("Object Repository/Page_cabi Create Order/input_Manual Discount_stylelookup_0"), findTestData("productData").getValue("Style", row)): Text '3843' is set on object 'Object Repository/Page_cabi Create Order/input_Manual Discount_stylelookup_0'

2019-10-04 14:35:43 - [MESSAGE][PASSED] - Text '3843' is set on object 'Object Repository/Page_cabi Create Order/input_Manual Discount_stylelookup_0'

2019-10-04 14:35:43 - [TEST_STEP][PASSED] - delay(2): Delayed 2 second(s)

2019-10-04 14:35:45 - [MESSAGE][PASSED] - Delayed 2 second(s)

2019-10-04 14:35:45 - [TEST_STEP][PASSED] - prod_message = getText(findTestObject("Page_cabi Create Order/first_option")): Text of object 'Object Repository/Page_cabi Create Order/first_option' is: '3843 Dressed-Up Shrug (Fall '19)'

2019-10-04 14:35:46 - [MESSAGE][PASSED] - Text of object 'Object Repository/Page_cabi Create Order/first_option' is: '3843 Dressed-Up Shrug (Fall '19)'

2019-10-04 14:35:46 - [TEST_STEP][PASSED] - delay(1): Delayed 1 second(s)

2019-10-04 14:35:47 - [MESSAGE][PASSED] - Delayed 1 second(s)

2019-10-04 14:35:47 - [TEST_STEP][PASSED] - click(findTestObject("Page_cabi Create Order/first_option")): Object: 'Object Repository/Page_cabi Create Order/first_option' is clicked on

2019-10-04 14:35:47 - [MESSAGE][PASSED] - Object: 'Object Repository/Page_cabi Create Order/first_option' is clicked on

2019-10-04 14:35:47 - [TEST_STEP][PASSED] - if (toString().equalsIgnoreCase("no")): null

2019-10-04 14:35:47 - [TEST_STEP][PASSED] - else: Delayed 3 second(s)

2019-10-04 14:35:47 - [TEST_STEP][PASSED] - delay(3): Delayed 3 second(s)

2019-10-04 14:35:50 - [MESSAGE][PASSED] - Delayed 3 second(s)

2019-10-04 14:35:50 - [TEST_STEP][PASSED] - s1 = getValue("Style", row).toString(): null

2019-10-04 14:35:50 - [TEST_STEP][PASSED] - s2 = " ": null

2019-10-04 14:35:50 - [TEST_STEP][PASSED] - s3 = getValue("Description", row).toString(): null

2019-10-04 14:35:50 - [TEST_STEP][PASSED] - expectedStyleDescription = $s1$s2$s3: null

2019-10-04 14:35:50 - [TEST_STEP][PASSED] - prod_message = UtilityMethods.splitStyle(prod_message): null

2019-10-04 14:35:50 - [TEST_STEP][PASSED] - println(prod_message): null

2019-10-04 14:35:50 - [TEST_STEP][PASSED] - sa.assertTrue(prod_message.equalsIgnoreCase(expectedStyleDescription)): null

2019-10-04 14:35:50 - [TEST_STEP][PASSED] - delay(3): Delayed 3 second(s)

2019-10-04 14:35:53 - [MESSAGE][PASSED] - Delayed 3 second(s)

2019-10-04 14:35:53 - [TEST_STEP][PASSED] - colorOptions = findWebElements(findTestObject("Page_cabi Order Items/GetAttribute_Color"), 5): null

2019-10-04 14:35:53 - [TEST_STEP][PASSED] - println(colorOptions.size()): null

2019-10-04 14:35:53 - [TEST_STEP][PASSED] - expectedColour = findTestData("productData").getValue("Color", row): null

2019-10-04 14:35:53 - [TEST_STEP][PASSED] - println("expected colour is"): null

2019-10-04 14:35:53 - [TEST_STEP][PASSED] - println(expectedColour): null

2019-10-04 14:35:53 - [TEST_STEP][PASSED] - colourVerified = false: null

2019-10-04 14:35:53 - [TEST_STEP][PASSED] - for (org.openqa.selenium.WebElement op : colorOptions): null

2019-10-04 14:35:53 - [TEST_STEP][PASSED] - println(op.getText()): null

2019-10-04 14:35:53 - [TEST_STEP][PASSED] - if (expectedColour.equalsIgnoreCase(op.getText())): null

2019-10-04 14:35:53 - [TEST_STEP][PASSED] - colourVerified = true: null

2019-10-04 14:35:53 - [TEST_STEP][PASSED] - break: null

2019-10-04 14:35:53 - [TEST_STEP][PASSED] - sa.assertTrue(colourVerified): null

2019-10-04 14:35:53 - [TEST_STEP][PASSED] - getPrice = getText(findTestObject("Page_cabi Create Order/retail_price")): Text of object 'Object Repository/Page_cabi Create Order/retail_price' is: '$99.00'

2019-10-04 14:35:53 - [MESSAGE][PASSED] - Text of object 'Object Repository/Page_cabi Create Order/retail_price' is: '$99.00'

2019-10-04 14:35:53 - [TEST_STEP][PASSED] - Split_Data = UtilityMethods.SplitData(getPrice): null

2019-10-04 14:35:53 - [TEST_STEP][PASSED] - verifyMatch(Split_Data, findTestData("productData").getValue("Retail", row), true, CONTINUE_ON_FAILURE): Actual text '99' and expected text '99' are matched  using regular expression

2019-10-04 14:35:53 - [MESSAGE][PASSED] - Actual text '99' and expected text '99' are matched  using regular expression

2019-10-04 14:35:53 - [TEST_STEP][PASSED] - sizeRange1 = ["XXS", "XS", "S", "M", "L", "XL"]: null

2019-10-04 14:35:53 - [TEST_STEP][PASSED] - sizeRange2 = ["00", "0", "2", "4", "6", "8", "10", "12", "14", "16"]: null

2019-10-04 14:35:53 - [TEST_STEP][PASSED] - sizeRange3 = ["Long", "Regular", "Short"]: null

2019-10-04 14:35:53 - [TEST_STEP][PASSED] - sizeRange4 = ["5", "6", "6.5", "7", "7.5", "8", "8.5", "9", "9.5", "10", "11"]: null

2019-10-04 14:35:53 - [TEST_STEP][PASSED] - sizeRangeSplit = UtilityMethods.SplitSizes(findTestData("productData").getValue("SzRange", row)): null

2019-10-04 14:35:53 - [TEST_STEP][PASSED] - sizeType = getText(findTestObject("Object Repository/Page_cabi Order Items/Size")): Text of object 'Object Repository/Page_cabi Order Items/Size' is: 'Select'

2019-10-04 14:35:53 - [MESSAGE][PASSED] - Text of object 'Object Repository/Page_cabi Order Items/Size' is: 'Select'

2019-10-04 14:35:53 - [TEST_STEP][PASSED] - sizeOptions = findWebElements(findTestObject("Object Repository/Page_cabi Order Items/Size"), 5): null

2019-10-04 14:35:53 - [TEST_STEP][PASSED] - actualRange = new java.util.ArrayList(): null

2019-10-04 14:35:53 - [TEST_STEP][PASSED] - expectedRange = <not implemented yet for class: org.codehaus.groovy.ast.expr.EmptyExpression>: null

2019-10-04 14:35:53 - [TEST_STEP][PASSED] - if (sizeType.equalsIgnoreCase("Select")): null

2019-10-04 14:35:53 - [TEST_STEP][PASSED] - for ([i = 1, i < sizeOptions.size(), (i++)]): null

2019-10-04 14:35:53 - [TEST_STEP][PASSED] - actualRange.add(get(i).getAttribute("value")): null

2019-10-04 14:35:53 - [TEST_STEP][PASSED] - actualRange.add(get(i).getAttribute("value")): null

2019-10-04 14:35:53 - [TEST_STEP][PASSED] - actualRange.add(get(i).getAttribute("value")): null

2019-10-04 14:35:53 - [TEST_STEP][PASSED] - actualRange.add(get(i).getAttribute("value")): null

2019-10-04 14:35:53 - [TEST_STEP][PASSED] - actualRange.add(get(i).getAttribute("value")): null

2019-10-04 14:35:53 - [TEST_STEP][PASSED] - if (toString().equalsIgnoreCase("XS") || toString().equalsIgnoreCase("XXS")): null

2019-10-04 14:35:53 - [TEST_STEP][PASSED] - expectedRange = UtilityMethods.getExpectedRange(sizeRange1, sizeRangeSplit): null

2019-10-04 14:35:53 - [TEST_STEP][PASSED] - println("XS"): null

2019-10-04 14:35:53 - [TEST_STEP][PASSED] - println(expectedRange.toString()): null

2019-10-04 14:35:53 - [TEST_STEP][PASSED] - sa.assertTrue(UtilityMethods.listEquals(expectedRange, actualRange)): null

2019-10-04 14:35:53 - [TEST_STEP][PASSED] - delay(3): Delayed 3 second(s)

2019-10-04 14:35:56 - [MESSAGE][PASSED] - Delayed 3 second(s)

2019-10-04 14:35:56 - [TEST_STEP][PASSED] - delay(4): Delayed 4 second(s)

2019-10-04 14:36:00 - [MESSAGE][PASSED] - Delayed 4 second(s)

2019-10-04 14:36:00 - [TEST_STEP][PASSED] - sa = new org.testng.asserts.SoftAssert(): null

2019-10-04 14:36:00 - [TEST_STEP][PASSED] - delay(2): Delayed 2 second(s)

2019-10-04 14:36:02 - [MESSAGE][PASSED] - Delayed 2 second(s)

2019-10-04 14:36:02 - [TEST_STEP][PASSED] - setText(findTestObject("Object Repository/Page_cabi Create Order/input_Manual Discount_stylelookup_0"), findTestData("productData").getValue("Style", row)): Text '3846' is set on object 'Object Repository/Page_cabi Create Order/input_Manual Discount_stylelookup_0'

2019-10-04 14:36:02 - [MESSAGE][PASSED] - Text '3846' is set on object 'Object Repository/Page_cabi Create Order/input_Manual Discount_stylelookup_0'

2019-10-04 14:36:02 - [TEST_STEP][PASSED] - delay(2): Delayed 2 second(s)

2019-10-04 14:36:04 - [MESSAGE][PASSED] - Delayed 2 second(s)

2019-10-04 14:36:04 - [TEST_STEP][PASSED] - prod_message = getText(findTestObject("Page_cabi Create Order/first_option")): Text of object 'Object Repository/Page_cabi Create Order/first_option' is: ''

2019-10-04 14:36:04 - [MESSAGE][PASSED] - Text of object 'Object Repository/Page_cabi Create Order/first_option' is: ''

2019-10-04 14:36:04 - [TEST_STEP][PASSED] - delay(1): Delayed 1 second(s)

2019-10-04 14:36:05 - [MESSAGE][PASSED] - Delayed 1 second(s)

2019-10-04 14:36:05 - [TEST_STEP][PASSED] - click(findTestObject("Page_cabi Create Order/first_option")): Object: 'Object Repository/Page_cabi Create Order/first_option' is clicked on

2019-10-04 14:36:06 - [MESSAGE][PASSED] - Object: 'Object Repository/Page_cabi Create Order/first_option' is clicked on

2019-10-04 14:36:06 - [TEST_STEP][PASSED] - if (toString().equalsIgnoreCase("no")): null

2019-10-04 14:36:06 - [TEST_STEP][PASSED] - else: Delayed 3 second(s)

2019-10-04 14:36:06 - [TEST_STEP][PASSED] - delay(3): Delayed 3 second(s)

2019-10-04 14:36:09 - [MESSAGE][PASSED] - Delayed 3 second(s)

2019-10-04 14:36:09 - [TEST_STEP][PASSED] - s1 = getValue("Style", row).toString(): null

2019-10-04 14:36:09 - [TEST_STEP][PASSED] - s2 = " ": null

2019-10-04 14:36:09 - [TEST_STEP][PASSED] - s3 = getValue("Description", row).toString(): null

2019-10-04 14:36:09 - [TEST_STEP][PASSED] - expectedStyleDescription = $s1$s2$s3: null

2019-10-04 14:36:09 - [TEST_STEP][PASSED] - prod_message = UtilityMethods.splitStyle(prod_message): null

2019-10-04 14:36:09 - [TEST_STEP][PASSED] - println(prod_message): null

2019-10-04 14:36:09 - [TEST_STEP][PASSED] - sa.assertTrue(prod_message.equalsIgnoreCase(expectedStyleDescription)): null

2019-10-04 14:36:09 - [TEST_STEP][PASSED] - delay(3): Delayed 3 second(s)

2019-10-04 14:36:12 - [MESSAGE][PASSED] - Delayed 3 second(s)

2019-10-04 14:36:12 - [TEST_STEP][PASSED] - colorOptions = findWebElements(findTestObject("Page_cabi Order Items/GetAttribute_Color"), 5): null

2019-10-04 14:36:12 - [TEST_STEP][PASSED] - println(colorOptions.size()): null

2019-10-04 14:36:12 - [TEST_STEP][PASSED] - expectedColour = findTestData("productData").getValue("Color", row): null

2019-10-04 14:36:12 - [TEST_STEP][PASSED] - println("expected colour is"): null

2019-10-04 14:36:12 - [TEST_STEP][PASSED] - println(expectedColour): null

2019-10-04 14:36:12 - [TEST_STEP][PASSED] - colourVerified = false: null

2019-10-04 14:36:12 - [TEST_STEP][PASSED] - for (org.openqa.selenium.WebElement op : colorOptions): null

2019-10-04 14:36:12 - [TEST_STEP][PASSED] - println(op.getText()): null

2019-10-04 14:36:12 - [TEST_STEP][PASSED] - if (expectedColour.equalsIgnoreCase(op.getText())): null

2019-10-04 14:36:12 - [TEST_STEP][PASSED] - colourVerified = true: null

2019-10-04 14:36:12 - [TEST_STEP][PASSED] - break: null

2019-10-04 14:36:12 - [TEST_STEP][PASSED] - sa.assertTrue(colourVerified): null

2019-10-04 14:36:12 - [TEST_STEP][PASSED] - getPrice = getText(findTestObject("Page_cabi Create Order/retail_price")): Text of object 'Object Repository/Page_cabi Create Order/retail_price' is: '$139.00'

2019-10-04 14:36:12 - [MESSAGE][PASSED] - Text of object 'Object Repository/Page_cabi Create Order/retail_price' is: '$139.00'

2019-10-04 14:36:12 - [TEST_STEP][PASSED] - Split_Data = UtilityMethods.SplitData(getPrice): null

2019-10-04 14:36:12 - [TEST_STEP][PASSED] - verifyMatch(Split_Data, findTestData("productData").getValue("Retail", row), true, CONTINUE_ON_FAILURE): Actual text '139' and expected text '139' are matched  using regular expression

2019-10-04 14:36:12 - [MESSAGE][PASSED] - Actual text '139' and expected text '139' are matched  using regular expression

2019-10-04 14:36:12 - [TEST_STEP][PASSED] - sizeRange1 = ["XXS", "XS", "S", "M", "L", "XL"]: null

2019-10-04 14:36:12 - [TEST_STEP][PASSED] - sizeRange2 = ["00", "0", "2", "4", "6", "8", "10", "12", "14", "16"]: null

2019-10-04 14:36:12 - [TEST_STEP][PASSED] - sizeRange3 = ["Long", "Regular", "Short"]: null

2019-10-04 14:36:12 - [TEST_STEP][PASSED] - sizeRange4 = ["5", "6", "6.5", "7", "7.5", "8", "8.5", "9", "9.5", "10", "11"]: null

2019-10-04 14:36:12 - [TEST_STEP][PASSED] - sizeRangeSplit = UtilityMethods.SplitSizes(findTestData("productData").getValue("SzRange", row)): null

2019-10-04 14:36:12 - [TEST_STEP][PASSED] - sizeType = getText(findTestObject("Object Repository/Page_cabi Order Items/Size")): Text of object 'Object Repository/Page_cabi Order Items/Size' is: 'Select'

2019-10-04 14:36:12 - [MESSAGE][PASSED] - Text of object 'Object Repository/Page_cabi Order Items/Size' is: 'Select'

2019-10-04 14:36:12 - [TEST_STEP][PASSED] - sizeOptions = findWebElements(findTestObject("Object Repository/Page_cabi Order Items/Size"), 5): null

2019-10-04 14:36:12 - [TEST_STEP][PASSED] - actualRange = new java.util.ArrayList(): null

2019-10-04 14:36:12 - [TEST_STEP][PASSED] - expectedRange = <not implemented yet for class: org.codehaus.groovy.ast.expr.EmptyExpression>: null

2019-10-04 14:36:12 - [TEST_STEP][PASSED] - if (sizeType.equalsIgnoreCase("Select")): null

2019-10-04 14:36:12 - [TEST_STEP][PASSED] - for ([i = 1, i < sizeOptions.size(), (i++)]): null

2019-10-04 14:36:12 - [TEST_STEP][PASSED] - actualRange.add(get(i).getAttribute("value")): null

2019-10-04 14:36:12 - [TEST_STEP][PASSED] - actualRange.add(get(i).getAttribute("value")): null

2019-10-04 14:36:12 - [TEST_STEP][PASSED] - actualRange.add(get(i).getAttribute("value")): null

2019-10-04 14:36:12 - [TEST_STEP][PASSED] - actualRange.add(get(i).getAttribute("value")): null

2019-10-04 14:36:12 - [TEST_STEP][PASSED] - actualRange.add(get(i).getAttribute("value")): null

2019-10-04 14:36:12 - [TEST_STEP][PASSED] - if (toString().equalsIgnoreCase("XS") || toString().equalsIgnoreCase("XXS")): null

2019-10-04 14:36:12 - [TEST_STEP][PASSED] - expectedRange = UtilityMethods.getExpectedRange(sizeRange1, sizeRangeSplit): null

2019-10-04 14:36:12 - [TEST_STEP][PASSED] - println("XS"): null

2019-10-04 14:36:12 - [TEST_STEP][PASSED] - println(expectedRange.toString()): null

2019-10-04 14:36:12 - [TEST_STEP][PASSED] - sa.assertTrue(UtilityMethods.listEquals(expectedRange, actualRange)): null

2019-10-04 14:36:12 - [TEST_STEP][PASSED] - delay(3): Delayed 3 second(s)

2019-10-04 14:36:15 - [MESSAGE][PASSED] - Delayed 3 second(s)

2019-10-04 14:36:15 - [TEST_STEP][PASSED] - delay(4): Delayed 4 second(s)

2019-10-04 14:36:19 - [MESSAGE][PASSED] - Delayed 4 second(s)

2019-10-04 14:36:19 - [TEST_STEP][PASSED] - sa = new org.testng.asserts.SoftAssert(): null

2019-10-04 14:36:19 - [TEST_STEP][PASSED] - delay(2): Delayed 2 second(s)

2019-10-04 14:36:21 - [MESSAGE][PASSED] - Delayed 2 second(s)

2019-10-04 14:36:21 - [TEST_STEP][PASSED] - setText(findTestObject("Object Repository/Page_cabi Create Order/input_Manual Discount_stylelookup_0"), findTestData("productData").getValue("Style", row)): Text '3850' is set on object 'Object Repository/Page_cabi Create Order/input_Manual Discount_stylelookup_0'

2019-10-04 14:36:21 - [MESSAGE][PASSED] - Text '3850' is set on object 'Object Repository/Page_cabi Create Order/input_Manual Discount_stylelookup_0'

2019-10-04 14:36:21 - [TEST_STEP][PASSED] - delay(2): Delayed 2 second(s)

2019-10-04 14:36:23 - [MESSAGE][PASSED] - Delayed 2 second(s)

2019-10-04 14:36:23 - [TEST_STEP][PASSED] - prod_message = getText(findTestObject("Page_cabi Create Order/first_option")): Text of object 'Object Repository/Page_cabi Create Order/first_option' is: ''

2019-10-04 14:36:23 - [MESSAGE][PASSED] - Text of object 'Object Repository/Page_cabi Create Order/first_option' is: ''

2019-10-04 14:36:23 - [TEST_STEP][PASSED] - delay(1): Delayed 1 second(s)

2019-10-04 14:36:24 - [MESSAGE][PASSED] - Delayed 1 second(s)

2019-10-04 14:36:24 - [TEST_STEP][PASSED] - click(findTestObject("Page_cabi Create Order/first_option")): Object: 'Object Repository/Page_cabi Create Order/first_option' is clicked on

2019-10-04 14:36:24 - [MESSAGE][PASSED] - Object: 'Object Repository/Page_cabi Create Order/first_option' is clicked on

2019-10-04 14:36:24 - [TEST_STEP][PASSED] - if (toString().equalsIgnoreCase("no")): null

2019-10-04 14:36:24 - [TEST_STEP][PASSED] - else: Delayed 3 second(s)

2019-10-04 14:36:24 - [TEST_STEP][PASSED] - delay(3): Delayed 3 second(s)

2019-10-04 14:36:27 - [MESSAGE][PASSED] - Delayed 3 second(s)

2019-10-04 14:36:27 - [TEST_STEP][PASSED] - s1 = getValue("Style", row).toString(): null

2019-10-04 14:36:27 - [TEST_STEP][PASSED] - s2 = " ": null

2019-10-04 14:36:27 - [TEST_STEP][PASSED] - s3 = getValue("Description", row).toString(): null

2019-10-04 14:36:27 - [TEST_STEP][PASSED] - expectedStyleDescription = $s1$s2$s3: null

2019-10-04 14:36:27 - [TEST_STEP][PASSED] - prod_message = UtilityMethods.splitStyle(prod_message): null

2019-10-04 14:36:27 - [TEST_STEP][PASSED] - println(prod_message): null

2019-10-04 14:36:27 - [TEST_STEP][PASSED] - sa.assertTrue(prod_message.equalsIgnoreCase(expectedStyleDescription)): null

2019-10-04 14:36:27 - [TEST_STEP][PASSED] - delay(3): Delayed 3 second(s)

2019-10-04 14:36:30 - [MESSAGE][PASSED] - Delayed 3 second(s)

2019-10-04 14:36:30 - [TEST_STEP][PASSED] - colorOptions = findWebElements(findTestObject("Page_cabi Order Items/GetAttribute_Color"), 5): null

2019-10-04 14:36:30 - [TEST_STEP][PASSED] - println(colorOptions.size()): null

2019-10-04 14:36:30 - [TEST_STEP][PASSED] - expectedColour = findTestData("productData").getValue("Color", row): null

2019-10-04 14:36:30 - [TEST_STEP][PASSED] - println("expected colour is"): null

2019-10-04 14:36:30 - [TEST_STEP][PASSED] - println(expectedColour): null

2019-10-04 14:36:30 - [TEST_STEP][PASSED] - colourVerified = false: null

2019-10-04 14:36:30 - [TEST_STEP][PASSED] - for (org.openqa.selenium.WebElement op : colorOptions): null

2019-10-04 14:36:30 - [TEST_STEP][PASSED] - println(op.getText()): null

2019-10-04 14:36:30 - [TEST_STEP][PASSED] - if (expectedColour.equalsIgnoreCase(op.getText())): null

2019-10-04 14:36:30 - [TEST_STEP][PASSED] - colourVerified = true: null

2019-10-04 14:36:30 - [TEST_STEP][PASSED] - break: null

2019-10-04 14:36:30 - [TEST_STEP][PASSED] - sa.assertTrue(colourVerified): null

2019-10-04 14:36:30 - [TEST_STEP][PASSED] - getPrice = getText(findTestObject("Page_cabi Create Order/retail_price")): Text of object 'Object Repository/Page_cabi Create Order/retail_price' is: '$169.00'

2019-10-04 14:36:30 - [MESSAGE][PASSED] - Text of object 'Object Repository/Page_cabi Create Order/retail_price' is: '$169.00'

2019-10-04 14:36:30 - [TEST_STEP][PASSED] - Split_Data = UtilityMethods.SplitData(getPrice): null

2019-10-04 14:36:30 - [TEST_STEP][PASSED] - verifyMatch(Split_Data, findTestData("productData").getValue("Retail", row), true, CONTINUE_ON_FAILURE): Actual text '169' and expected text '169' are matched  using regular expression

2019-10-04 14:36:30 - [MESSAGE][PASSED] - Actual text '169' and expected text '169' are matched  using regular expression

2019-10-04 14:36:30 - [TEST_STEP][PASSED] - sizeRange1 = ["XXS", "XS", "S", "M", "L", "XL"]: null

2019-10-04 14:36:30 - [TEST_STEP][PASSED] - sizeRange2 = ["00", "0", "2", "4", "6", "8", "10", "12", "14", "16"]: null

2019-10-04 14:36:30 - [TEST_STEP][PASSED] - sizeRange3 = ["Long", "Regular", "Short"]: null

2019-10-04 14:36:30 - [TEST_STEP][PASSED] - sizeRange4 = ["5", "6", "6.5", "7", "7.5", "8", "8.5", "9", "9.5", "10", "11"]: null

2019-10-04 14:36:30 - [TEST_STEP][PASSED] - sizeRangeSplit = UtilityMethods.SplitSizes(findTestData("productData").getValue("SzRange", row)): null

2019-10-04 14:36:30 - [TEST_STEP][PASSED] - sizeType = getText(findTestObject("Object Repository/Page_cabi Order Items/Size")): Text of object 'Object Repository/Page_cabi Order Items/Size' is: 'Select'

2019-10-04 14:36:30 - [MESSAGE][PASSED] - Text of object 'Object Repository/Page_cabi Order Items/Size' is: 'Select'

2019-10-04 14:36:30 - [TEST_STEP][PASSED] - sizeOptions = findWebElements(findTestObject("Object Repository/Page_cabi Order Items/Size"), 5): null

2019-10-04 14:36:31 - [TEST_STEP][PASSED] - actualRange = new java.util.ArrayList(): null

2019-10-04 14:36:31 - [TEST_STEP][PASSED] - expectedRange = <not implemented yet for class: org.codehaus.groovy.ast.expr.EmptyExpression>: null

2019-10-04 14:36:31 - [TEST_STEP][PASSED] - if (sizeType.equalsIgnoreCase("Select")): null

2019-10-04 14:36:31 - [TEST_STEP][PASSED] - for ([i = 1, i < sizeOptions.size(), (i++)]): null

2019-10-04 14:36:31 - [TEST_STEP][PASSED] - actualRange.add(get(i).getAttribute("value")): null

2019-10-04 14:36:31 - [TEST_STEP][PASSED] - actualRange.add(get(i).getAttribute("value")): null

2019-10-04 14:36:31 - [TEST_STEP][PASSED] - actualRange.add(get(i).getAttribute("value")): null

2019-10-04 14:36:31 - [TEST_STEP][PASSED] - actualRange.add(get(i).getAttribute("value")): null

2019-10-04 14:36:31 - [TEST_STEP][PASSED] - actualRange.add(get(i).getAttribute("value")): null

2019-10-04 14:36:31 - [TEST_STEP][PASSED] - if (toString().equalsIgnoreCase("XS") || toString().equalsIgnoreCase("XXS")): null

2019-10-04 14:36:31 - [TEST_STEP][PASSED] - expectedRange = UtilityMethods.getExpectedRange(sizeRange1, sizeRangeSplit): null

2019-10-04 14:36:31 - [TEST_STEP][PASSED] - println("XS"): null

2019-10-04 14:36:31 - [TEST_STEP][PASSED] - println(expectedRange.toString()): null

2019-10-04 14:36:31 - [TEST_STEP][PASSED] - sa.assertTrue(UtilityMethods.listEquals(expectedRange, actualRange)): null

2019-10-04 14:36:31 - [TEST_STEP][PASSED] - delay(3): Delayed 3 second(s)

2019-10-04 14:36:34 - [MESSAGE][PASSED] - Delayed 3 second(s)

2019-10-04 14:36:34 - [TEST_STEP][PASSED] - delay(4): Delayed 4 second(s)

2019-10-04 14:36:38 - [MESSAGE][PASSED] - Delayed 4 second(s)

2019-10-04 14:36:38 - [TEST_STEP][PASSED] - sa = new org.testng.asserts.SoftAssert(): null

2019-10-04 14:36:38 - [TEST_STEP][PASSED] - delay(2): Delayed 2 second(s)

2019-10-04 14:36:40 - [MESSAGE][PASSED] - Delayed 2 second(s)

2019-10-04 14:36:40 - [TEST_STEP][PASSED] - setText(findTestObject("Object Repository/Page_cabi Create Order/input_Manual Discount_stylelookup_0"), findTestData("productData").getValue("Style", row)): Text '3857' is set on object 'Object Repository/Page_cabi Create Order/input_Manual Discount_stylelookup_0'

2019-10-04 14:36:40 - [MESSAGE][PASSED] - Text '3857' is set on object 'Object Repository/Page_cabi Create Order/input_Manual Discount_stylelookup_0'

2019-10-04 14:36:40 - [TEST_STEP][PASSED] - delay(2): Delayed 2 second(s)

2019-10-04 14:36:42 - [MESSAGE][PASSED] - Delayed 2 second(s)

2019-10-04 14:36:42 - [TEST_STEP][PASSED] - prod_message = getText(findTestObject("Page_cabi Create Order/first_option")): Text of object 'Object Repository/Page_cabi Create Order/first_option' is: ''

2019-10-04 14:36:42 - [MESSAGE][PASSED] - Text of object 'Object Repository/Page_cabi Create Order/first_option' is: ''

2019-10-04 14:36:42 - [TEST_STEP][PASSED] - delay(1): Delayed 1 second(s)

2019-10-04 14:36:43 - [MESSAGE][PASSED] - Delayed 1 second(s)

2019-10-04 14:36:43 - [TEST_STEP][PASSED] - click(findTestObject("Page_cabi Create Order/first_option")): Object: 'Object Repository/Page_cabi Create Order/first_option' is clicked on

2019-10-04 14:36:43 - [MESSAGE][PASSED] - Object: 'Object Repository/Page_cabi Create Order/first_option' is clicked on

2019-10-04 14:36:43 - [TEST_STEP][PASSED] - if (toString().equalsIgnoreCase("no")): null

2019-10-04 14:36:43 - [TEST_STEP][PASSED] - else: Delayed 3 second(s)

2019-10-04 14:36:43 - [TEST_STEP][PASSED] - delay(3): Delayed 3 second(s)

2019-10-04 14:36:46 - [MESSAGE][PASSED] - Delayed 3 second(s)

2019-10-04 14:36:46 - [TEST_STEP][PASSED] - s1 = getValue("Style", row).toString(): null

2019-10-04 14:36:46 - [TEST_STEP][PASSED] - s2 = " ": null

2019-10-04 14:36:46 - [TEST_STEP][PASSED] - s3 = getValue("Description", row).toString(): null

2019-10-04 14:36:46 - [TEST_STEP][PASSED] - expectedStyleDescription = $s1$s2$s3: null

2019-10-04 14:36:46 - [TEST_STEP][PASSED] - prod_message = UtilityMethods.splitStyle(prod_message): null

2019-10-04 14:36:46 - [TEST_STEP][PASSED] - println(prod_message): null

2019-10-04 14:36:46 - [TEST_STEP][PASSED] - sa.assertTrue(prod_message.equalsIgnoreCase(expectedStyleDescription)): null

2019-10-04 14:36:46 - [TEST_STEP][PASSED] - delay(3): Delayed 3 second(s)

2019-10-04 14:36:49 - [MESSAGE][PASSED] - Delayed 3 second(s)

2019-10-04 14:36:49 - [TEST_STEP][PASSED] - colorOptions = findWebElements(findTestObject("Page_cabi Order Items/GetAttribute_Color"), 5): null

2019-10-04 14:36:49 - [TEST_STEP][PASSED] - println(colorOptions.size()): null

2019-10-04 14:36:49 - [TEST_STEP][PASSED] - expectedColour = findTestData("productData").getValue("Color", row): null

2019-10-04 14:36:49 - [TEST_STEP][PASSED] - println("expected colour is"): null

2019-10-04 14:36:49 - [TEST_STEP][PASSED] - println(expectedColour): null

2019-10-04 14:36:49 - [TEST_STEP][PASSED] - colourVerified = false: null

2019-10-04 14:36:49 - [TEST_STEP][PASSED] - for (org.openqa.selenium.WebElement op : colorOptions): null

2019-10-04 14:36:49 - [TEST_STEP][PASSED] - println(op.getText()): null

2019-10-04 14:36:49 - [TEST_STEP][PASSED] - if (expectedColour.equalsIgnoreCase(op.getText())): null

2019-10-04 14:36:49 - [TEST_STEP][PASSED] - colourVerified = true: null

2019-10-04 14:36:49 - [TEST_STEP][PASSED] - break: null

2019-10-04 14:36:49 - [TEST_STEP][PASSED] - sa.assertTrue(colourVerified): null

2019-10-04 14:36:49 - [TEST_STEP][PASSED] - getPrice = getText(findTestObject("Page_cabi Create Order/retail_price")): Text of object 'Object Repository/Page_cabi Create Order/retail_price' is: '$84.00'

2019-10-04 14:36:49 - [MESSAGE][PASSED] - Text of object 'Object Repository/Page_cabi Create Order/retail_price' is: '$84.00'

2019-10-04 14:36:49 - [TEST_STEP][PASSED] - Split_Data = UtilityMethods.SplitData(getPrice): null

2019-10-04 14:36:49 - [TEST_STEP][PASSED] - verifyMatch(Split_Data, findTestData("productData").getValue("Retail", row), true, CONTINUE_ON_FAILURE): Actual text '84' and expected text '84' are matched  using regular expression

2019-10-04 14:36:49 - [MESSAGE][PASSED] - Actual text '84' and expected text '84' are matched  using regular expression

2019-10-04 14:36:49 - [TEST_STEP][PASSED] - sizeRange1 = ["XXS", "XS", "S", "M", "L", "XL"]: null

2019-10-04 14:36:49 - [TEST_STEP][PASSED] - sizeRange2 = ["00", "0", "2", "4", "6", "8", "10", "12", "14", "16"]: null

2019-10-04 14:36:49 - [TEST_STEP][PASSED] - sizeRange3 = ["Long", "Regular", "Short"]: null

2019-10-04 14:36:49 - [TEST_STEP][PASSED] - sizeRange4 = ["5", "6", "6.5", "7", "7.5", "8", "8.5", "9", "9.5", "10", "11"]: null

2019-10-04 14:36:49 - [TEST_STEP][PASSED] - sizeRangeSplit = UtilityMethods.SplitSizes(findTestData("productData").getValue("SzRange", row)): null

2019-10-04 14:36:49 - [TEST_STEP][PASSED] - sizeType = getText(findTestObject("Object Repository/Page_cabi Order Items/Size")): Text of object 'Object Repository/Page_cabi Order Items/Size' is: 'Select'

2019-10-04 14:36:49 - [MESSAGE][PASSED] - Text of object 'Object Repository/Page_cabi Order Items/Size' is: 'Select'

2019-10-04 14:36:49 - [TEST_STEP][PASSED] - sizeOptions = findWebElements(findTestObject("Object Repository/Page_cabi Order Items/Size"), 5): null

2019-10-04 14:36:49 - [TEST_STEP][PASSED] - actualRange = new java.util.ArrayList(): null

2019-10-04 14:36:49 - [TEST_STEP][PASSED] - expectedRange = <not implemented yet for class: org.codehaus.groovy.ast.expr.EmptyExpression>: null

2019-10-04 14:36:49 - [TEST_STEP][PASSED] - if (sizeType.equalsIgnoreCase("Select")): null

2019-10-04 14:36:49 - [TEST_STEP][PASSED] - for ([i = 1, i < sizeOptions.size(), (i++)]): null

2019-10-04 14:36:49 - [TEST_STEP][PASSED] - actualRange.add(get(i).getAttribute("value")): null

2019-10-04 14:36:49 - [TEST_STEP][PASSED] - actualRange.add(get(i).getAttribute("value")): null

2019-10-04 14:36:49 - [TEST_STEP][PASSED] - actualRange.add(get(i).getAttribute("value")): null

2019-10-04 14:36:49 - [TEST_STEP][PASSED] - actualRange.add(get(i).getAttribute("value")): null

2019-10-04 14:36:49 - [TEST_STEP][PASSED] - actualRange.add(get(i).getAttribute("value")): null

2019-10-04 14:36:49 - [TEST_STEP][PASSED] - if (toString().equalsIgnoreCase("XS") || toString().equalsIgnoreCase("XXS")): null

2019-10-04 14:36:49 - [TEST_STEP][PASSED] - expectedRange = UtilityMethods.getExpectedRange(sizeRange1, sizeRangeSplit): null

2019-10-04 14:36:49 - [TEST_STEP][PASSED] - println("XS"): null

2019-10-04 14:36:49 - [TEST_STEP][PASSED] - println(expectedRange.toString()): null

2019-10-04 14:36:49 - [TEST_STEP][PASSED] - sa.assertTrue(UtilityMethods.listEquals(expectedRange, actualRange)): null

2019-10-04 14:36:49 - [TEST_STEP][PASSED] - delay(3): Delayed 3 second(s)

2019-10-04 14:36:52 - [MESSAGE][PASSED] - Delayed 3 second(s)

2019-10-04 14:36:52 - [TEST_STEP][PASSED] - delay(4): Delayed 4 second(s)

2019-10-04 14:36:56 - [MESSAGE][PASSED] - Delayed 4 second(s)

2019-10-04 14:36:56 - [TEST_STEP][PASSED] - sa = new org.testng.asserts.SoftAssert(): null

2019-10-04 14:36:56 - [TEST_STEP][PASSED] - delay(2): Delayed 2 second(s)

2019-10-04 14:36:58 - [MESSAGE][PASSED] - Delayed 2 second(s)

2019-10-04 14:36:58 - [TEST_STEP][PASSED] - setText(findTestObject("Object Repository/Page_cabi Create Order/input_Manual Discount_stylelookup_0"), findTestData("productData").getValue("Style", row)): Text '3861' is set on object 'Object Repository/Page_cabi Create Order/input_Manual Discount_stylelookup_0'

2019-10-04 14:36:58 - [MESSAGE][PASSED] - Text '3861' is set on object 'Object Repository/Page_cabi Create Order/input_Manual Discount_stylelookup_0'

2019-10-04 14:36:58 - [TEST_STEP][PASSED] - delay(2): Delayed 2 second(s)

2019-10-04 14:37:00 - [MESSAGE][PASSED] - Delayed 2 second(s)

2019-10-04 14:37:00 - [TEST_STEP][PASSED] - prod_message = getText(findTestObject("Page_cabi Create Order/first_option")): Text of object 'Object Repository/Page_cabi Create Order/first_option' is: ''

2019-10-04 14:37:00 - [MESSAGE][PASSED] - Text of object 'Object Repository/Page_cabi Create Order/first_option' is: ''

2019-10-04 14:37:00 - [TEST_STEP][PASSED] - delay(1): Delayed 1 second(s)

2019-10-04 14:37:01 - [MESSAGE][PASSED] - Delayed 1 second(s)

2019-10-04 14:37:01 - [TEST_STEP][PASSED] - click(findTestObject("Page_cabi Create Order/first_option")): Object: 'Object Repository/Page_cabi Create Order/first_option' is clicked on

2019-10-04 14:37:02 - [MESSAGE][PASSED] - Object: 'Object Repository/Page_cabi Create Order/first_option' is clicked on

2019-10-04 14:37:02 - [TEST_STEP][PASSED] - if (toString().equalsIgnoreCase("no")): null

2019-10-04 14:37:02 - [TEST_STEP][PASSED] - else: Delayed 3 second(s)

2019-10-04 14:37:02 - [TEST_STEP][PASSED] - delay(3): Delayed 3 second(s)

2019-10-04 14:37:05 - [MESSAGE][PASSED] - Delayed 3 second(s)

2019-10-04 14:37:05 - [TEST_STEP][PASSED] - s1 = getValue("Style", row).toString(): null

2019-10-04 14:37:05 - [TEST_STEP][PASSED] - s2 = " ": null

2019-10-04 14:37:05 - [TEST_STEP][PASSED] - s3 = getValue("Description", row).toString(): null

2019-10-04 14:37:05 - [TEST_STEP][PASSED] - expectedStyleDescription = $s1$s2$s3: null

2019-10-04 14:37:05 - [TEST_STEP][PASSED] - prod_message = UtilityMethods.splitStyle(prod_message): null

2019-10-04 14:37:05 - [TEST_STEP][PASSED] - println(prod_message): null

2019-10-04 14:37:05 - [TEST_STEP][PASSED] - sa.assertTrue(prod_message.equalsIgnoreCase(expectedStyleDescription)): null

2019-10-04 14:37:05 - [TEST_STEP][PASSED] - delay(3): Delayed 3 second(s)

2019-10-04 14:37:08 - [MESSAGE][PASSED] - Delayed 3 second(s)

2019-10-04 14:37:08 - [TEST_STEP][PASSED] - colorOptions = findWebElements(findTestObject("Page_cabi Order Items/GetAttribute_Color"), 5): null

2019-10-04 14:37:08 - [TEST_STEP][PASSED] - println(colorOptions.size()): null

2019-10-04 14:37:08 - [TEST_STEP][PASSED] - expectedColour = findTestData("productData").getValue("Color", row): null

2019-10-04 14:37:08 - [TEST_STEP][PASSED] - println("expected colour is"): null

2019-10-04 14:37:08 - [TEST_STEP][PASSED] - println(expectedColour): null

2019-10-04 14:37:08 - [TEST_STEP][PASSED] - colourVerified = false: null

2019-10-04 14:37:08 - [TEST_STEP][PASSED] - for (org.openqa.selenium.WebElement op : colorOptions): null

2019-10-04 14:37:08 - [TEST_STEP][PASSED] - println(op.getText()): null

2019-10-04 14:37:08 - [TEST_STEP][PASSED] - if (expectedColour.equalsIgnoreCase(op.getText())): null

2019-10-04 14:37:08 - [TEST_STEP][PASSED] - colourVerified = true: null

2019-10-04 14:37:08 - [TEST_STEP][PASSED] - break: null

2019-10-04 14:37:08 - [TEST_STEP][PASSED] - sa.assertTrue(colourVerified): null

2019-10-04 14:37:08 - [TEST_STEP][PASSED] - getPrice = getText(findTestObject("Page_cabi Create Order/retail_price")): Text of object 'Object Repository/Page_cabi Create Order/retail_price' is: '$89.00'

2019-10-04 14:37:08 - [MESSAGE][PASSED] - Text of object 'Object Repository/Page_cabi Create Order/retail_price' is: '$89.00'

2019-10-04 14:37:08 - [TEST_STEP][PASSED] - Split_Data = UtilityMethods.SplitData(getPrice): null

2019-10-04 14:37:08 - [TEST_STEP][PASSED] - verifyMatch(Split_Data, findTestData("productData").getValue("Retail", row), true, CONTINUE_ON_FAILURE): Actual text '89' and expected text '89' are matched  using regular expression

2019-10-04 14:37:08 - [MESSAGE][PASSED] - Actual text '89' and expected text '89' are matched  using regular expression

2019-10-04 14:37:08 - [TEST_STEP][PASSED] - sizeRange1 = ["XXS", "XS", "S", "M", "L", "XL"]: null

2019-10-04 14:37:08 - [TEST_STEP][PASSED] - sizeRange2 = ["00", "0", "2", "4", "6", "8", "10", "12", "14", "16"]: null

2019-10-04 14:37:08 - [TEST_STEP][PASSED] - sizeRange3 = ["Long", "Regular", "Short"]: null

2019-10-04 14:37:08 - [TEST_STEP][PASSED] - sizeRange4 = ["5", "6", "6.5", "7", "7.5", "8", "8.5", "9", "9.5", "10", "11"]: null

2019-10-04 14:37:08 - [TEST_STEP][PASSED] - sizeRangeSplit = UtilityMethods.SplitSizes(findTestData("productData").getValue("SzRange", row)): null

2019-10-04 14:37:08 - [TEST_STEP][PASSED] - sizeType = getText(findTestObject("Object Repository/Page_cabi Order Items/Size")): Text of object 'Object Repository/Page_cabi Order Items/Size' is: 'Select'

2019-10-04 14:37:08 - [MESSAGE][PASSED] - Text of object 'Object Repository/Page_cabi Order Items/Size' is: 'Select'

2019-10-04 14:37:08 - [TEST_STEP][PASSED] - sizeOptions = findWebElements(findTestObject("Object Repository/Page_cabi Order Items/Size"), 5): null

2019-10-04 14:37:08 - [TEST_STEP][PASSED] - actualRange = new java.util.ArrayList(): null

2019-10-04 14:37:08 - [TEST_STEP][PASSED] - expectedRange = <not implemented yet for class: org.codehaus.groovy.ast.expr.EmptyExpression>: null

2019-10-04 14:37:08 - [TEST_STEP][PASSED] - if (sizeType.equalsIgnoreCase("Select")): null

2019-10-04 14:37:08 - [TEST_STEP][PASSED] - for ([i = 1, i < sizeOptions.size(), (i++)]): null

2019-10-04 14:37:08 - [TEST_STEP][PASSED] - actualRange.add(get(i).getAttribute("value")): null

2019-10-04 14:37:08 - [TEST_STEP][PASSED] - actualRange.add(get(i).getAttribute("value")): null

2019-10-04 14:37:08 - [TEST_STEP][PASSED] - actualRange.add(get(i).getAttribute("value")): null

2019-10-04 14:37:08 - [TEST_STEP][PASSED] - actualRange.add(get(i).getAttribute("value")): null

2019-10-04 14:37:08 - [TEST_STEP][PASSED] - actualRange.add(get(i).getAttribute("value")): null

2019-10-04 14:37:08 - [TEST_STEP][PASSED] - if (toString().equalsIgnoreCase("XS") || toString().equalsIgnoreCase("XXS")): null

2019-10-04 14:37:08 - [TEST_STEP][PASSED] - expectedRange = UtilityMethods.getExpectedRange(sizeRange1, sizeRangeSplit): null

2019-10-04 14:37:08 - [TEST_STEP][PASSED] - println("XS"): null

2019-10-04 14:37:08 - [TEST_STEP][PASSED] - println(expectedRange.toString()): null

2019-10-04 14:37:08 - [TEST_STEP][PASSED] - sa.assertTrue(UtilityMethods.listEquals(expectedRange, actualRange)): null

2019-10-04 14:37:08 - [TEST_STEP][PASSED] - delay(3): Delayed 3 second(s)

2019-10-04 14:37:11 - [MESSAGE][PASSED] - Delayed 3 second(s)

2019-10-04 14:37:11 - [TEST_STEP][PASSED] - delay(4): Delayed 4 second(s)

2019-10-04 14:37:15 - [MESSAGE][PASSED] - Delayed 4 second(s)

2019-10-04 14:37:15 - [TEST_STEP][PASSED] - sa = new org.testng.asserts.SoftAssert(): null

2019-10-04 14:37:15 - [TEST_STEP][PASSED] - delay(2): Delayed 2 second(s)

2019-10-04 14:37:17 - [MESSAGE][PASSED] - Delayed 2 second(s)

2019-10-04 14:37:17 - [TEST_STEP][PASSED] - setText(findTestObject("Object Repository/Page_cabi Create Order/input_Manual Discount_stylelookup_0"), findTestData("productData").getValue("Style", row)): Text '3863' is set on object 'Object Repository/Page_cabi Create Order/input_Manual Discount_stylelookup_0'

2019-10-04 14:37:17 - [MESSAGE][PASSED] - Text '3863' is set on object 'Object Repository/Page_cabi Create Order/input_Manual Discount_stylelookup_0'

2019-10-04 14:37:17 - [TEST_STEP][PASSED] - delay(2): Delayed 2 second(s)

2019-10-04 14:37:19 - [MESSAGE][PASSED] - Delayed 2 second(s)

2019-10-04 14:37:19 - [TEST_STEP][PASSED] - prod_message = getText(findTestObject("Page_cabi Create Order/first_option")): Text of object 'Object Repository/Page_cabi Create Order/first_option' is: ''

2019-10-04 14:37:19 - [MESSAGE][PASSED] - Text of object 'Object Repository/Page_cabi Create Order/first_option' is: ''

2019-10-04 14:37:19 - [TEST_STEP][PASSED] - delay(1): Delayed 1 second(s)

2019-10-04 14:37:20 - [MESSAGE][PASSED] - Delayed 1 second(s)

2019-10-04 14:37:20 - [TEST_STEP][PASSED] - click(findTestObject("Page_cabi Create Order/first_option")): Object: 'Object Repository/Page_cabi Create Order/first_option' is clicked on

2019-10-04 14:37:20 - [MESSAGE][PASSED] - Object: 'Object Repository/Page_cabi Create Order/first_option' is clicked on

2019-10-04 14:37:20 - [TEST_STEP][PASSED] - if (toString().equalsIgnoreCase("no")): null

2019-10-04 14:37:20 - [TEST_STEP][PASSED] - else: Delayed 3 second(s)

2019-10-04 14:37:20 - [TEST_STEP][PASSED] - delay(3): Delayed 3 second(s)

2019-10-04 14:37:23 - [MESSAGE][PASSED] - Delayed 3 second(s)

2019-10-04 14:37:23 - [TEST_STEP][PASSED] - s1 = getValue("Style", row).toString(): null

2019-10-04 14:37:23 - [TEST_STEP][PASSED] - s2 = " ": null

2019-10-04 14:37:23 - [TEST_STEP][PASSED] - s3 = getValue("Description", row).toString(): null

2019-10-04 14:37:23 - [TEST_STEP][PASSED] - expectedStyleDescription = $s1$s2$s3: null

2019-10-04 14:37:23 - [TEST_STEP][PASSED] - prod_message = UtilityMethods.splitStyle(prod_message): null

2019-10-04 14:37:23 - [TEST_STEP][PASSED] - println(prod_message): null

2019-10-04 14:37:23 - [TEST_STEP][PASSED] - sa.assertTrue(prod_message.equalsIgnoreCase(expectedStyleDescription)): null

2019-10-04 14:37:23 - [TEST_STEP][PASSED] - delay(3): Delayed 3 second(s)

2019-10-04 14:37:26 - [MESSAGE][PASSED] - Delayed 3 second(s)

2019-10-04 14:37:26 - [TEST_STEP][PASSED] - colorOptions = findWebElements(findTestObject("Page_cabi Order Items/GetAttribute_Color"), 5): null

2019-10-04 14:37:26 - [TEST_STEP][PASSED] - println(colorOptions.size()): null

2019-10-04 14:37:26 - [TEST_STEP][PASSED] - expectedColour = findTestData("productData").getValue("Color", row): null

2019-10-04 14:37:26 - [TEST_STEP][PASSED] - println("expected colour is"): null

2019-10-04 14:37:26 - [TEST_STEP][PASSED] - println(expectedColour): null

2019-10-04 14:37:26 - [TEST_STEP][PASSED] - colourVerified = false: null

2019-10-04 14:37:26 - [TEST_STEP][PASSED] - for (org.openqa.selenium.WebElement op : colorOptions): null

2019-10-04 14:37:26 - [TEST_STEP][PASSED] - println(op.getText()): null

2019-10-04 14:37:26 - [TEST_STEP][PASSED] - if (expectedColour.equalsIgnoreCase(op.getText())): null

2019-10-04 14:37:26 - [TEST_STEP][PASSED] - colourVerified = true: null

2019-10-04 14:37:26 - [TEST_STEP][PASSED] - break: null

2019-10-04 14:37:26 - [TEST_STEP][PASSED] - sa.assertTrue(colourVerified): null

2019-10-04 14:37:26 - [TEST_STEP][PASSED] - getPrice = getText(findTestObject("Page_cabi Create Order/retail_price")): Text of object 'Object Repository/Page_cabi Create Order/retail_price' is: '$84.00'

2019-10-04 14:37:26 - [MESSAGE][PASSED] - Text of object 'Object Repository/Page_cabi Create Order/retail_price' is: '$84.00'

2019-10-04 14:37:26 - [TEST_STEP][PASSED] - Split_Data = UtilityMethods.SplitData(getPrice): null

2019-10-04 14:37:26 - [TEST_STEP][PASSED] - verifyMatch(Split_Data, findTestData("productData").getValue("Retail", row), true, CONTINUE_ON_FAILURE): Actual text '84' and expected text '84' are matched  using regular expression

2019-10-04 14:37:26 - [MESSAGE][PASSED] - Actual text '84' and expected text '84' are matched  using regular expression

2019-10-04 14:37:26 - [TEST_STEP][PASSED] - sizeRange1 = ["XXS", "XS", "S", "M", "L", "XL"]: null

2019-10-04 14:37:26 - [TEST_STEP][PASSED] - sizeRange2 = ["00", "0", "2", "4", "6", "8", "10", "12", "14", "16"]: null

2019-10-04 14:37:26 - [TEST_STEP][PASSED] - sizeRange3 = ["Long", "Regular", "Short"]: null

2019-10-04 14:37:26 - [TEST_STEP][PASSED] - sizeRange4 = ["5", "6", "6.5", "7", "7.5", "8", "8.5", "9", "9.5", "10", "11"]: null

2019-10-04 14:37:26 - [TEST_STEP][PASSED] - sizeRangeSplit = UtilityMethods.SplitSizes(findTestData("productData").getValue("SzRange", row)): null

2019-10-04 14:37:26 - [TEST_STEP][PASSED] - sizeType = getText(findTestObject("Object Repository/Page_cabi Order Items/Size")): Text of object 'Object Repository/Page_cabi Order Items/Size' is: 'Select'

2019-10-04 14:37:27 - [MESSAGE][PASSED] - Text of object 'Object Repository/Page_cabi Order Items/Size' is: 'Select'

2019-10-04 14:37:27 - [TEST_STEP][PASSED] - sizeOptions = findWebElements(findTestObject("Object Repository/Page_cabi Order Items/Size"), 5): null

2019-10-04 14:37:27 - [TEST_STEP][PASSED] - actualRange = new java.util.ArrayList(): null

2019-10-04 14:37:27 - [TEST_STEP][PASSED] - expectedRange = <not implemented yet for class: org.codehaus.groovy.ast.expr.EmptyExpression>: null

2019-10-04 14:37:27 - [TEST_STEP][PASSED] - if (sizeType.equalsIgnoreCase("Select")): null

2019-10-04 14:37:27 - [TEST_STEP][PASSED] - for ([i = 1, i < sizeOptions.size(), (i++)]): null

2019-10-04 14:37:27 - [TEST_STEP][PASSED] - actualRange.add(get(i).getAttribute("value")): null

2019-10-04 14:37:27 - [TEST_STEP][PASSED] - actualRange.add(get(i).getAttribute("value")): null

2019-10-04 14:37:27 - [TEST_STEP][PASSED] - actualRange.add(get(i).getAttribute("value")): null

2019-10-04 14:37:27 - [TEST_STEP][PASSED] - actualRange.add(get(i).getAttribute("value")): null

2019-10-04 14:37:27 - [TEST_STEP][PASSED] - actualRange.add(get(i).getAttribute("value")): null

2019-10-04 14:37:27 - [TEST_STEP][PASSED] - if (toString().equalsIgnoreCase("XS") || toString().equalsIgnoreCase("XXS")): null

2019-10-04 14:37:27 - [TEST_STEP][PASSED] - expectedRange = UtilityMethods.getExpectedRange(sizeRange1, sizeRangeSplit): null

2019-10-04 14:37:27 - [TEST_STEP][PASSED] - println("XS"): null

2019-10-04 14:37:27 - [TEST_STEP][PASSED] - println(expectedRange.toString()): null

2019-10-04 14:37:27 - [TEST_STEP][PASSED] - sa.assertTrue(UtilityMethods.listEquals(expectedRange, actualRange)): null

2019-10-04 14:37:27 - [TEST_STEP][PASSED] - delay(3): Delayed 3 second(s)

2019-10-04 14:37:30 - [MESSAGE][PASSED] - Delayed 3 second(s)

2019-10-04 14:37:30 - [TEST_STEP][PASSED] - delay(4): Delayed 4 second(s)

2019-10-04 14:37:34 - [MESSAGE][PASSED] - Delayed 4 second(s)

2019-10-04 14:37:34 - [TEST_STEP][PASSED] - sa = new org.testng.asserts.SoftAssert(): null

2019-10-04 14:37:34 - [TEST_STEP][PASSED] - delay(2): Delayed 2 second(s)

2019-10-04 14:37:36 - [MESSAGE][PASSED] - Delayed 2 second(s)

2019-10-04 14:37:36 - [TEST_STEP][PASSED] - setText(findTestObject("Object Repository/Page_cabi Create Order/input_Manual Discount_stylelookup_0"), findTestData("productData").getValue("Style", row)): Text '3864' is set on object 'Object Repository/Page_cabi Create Order/input_Manual Discount_stylelookup_0'

2019-10-04 14:37:36 - [MESSAGE][PASSED] - Text '3864' is set on object 'Object Repository/Page_cabi Create Order/input_Manual Discount_stylelookup_0'

2019-10-04 14:37:36 - [TEST_STEP][PASSED] - delay(2): Delayed 2 second(s)

2019-10-04 14:37:38 - [MESSAGE][PASSED] - Delayed 2 second(s)

2019-10-04 14:37:38 - [TEST_STEP][PASSED] - prod_message = getText(findTestObject("Page_cabi Create Order/first_option")): Text of object 'Object Repository/Page_cabi Create Order/first_option' is: ''

2019-10-04 14:37:38 - [MESSAGE][PASSED] - Text of object 'Object Repository/Page_cabi Create Order/first_option' is: ''

2019-10-04 14:37:38 - [TEST_STEP][PASSED] - delay(1): Delayed 1 second(s)

2019-10-04 14:37:39 - [MESSAGE][PASSED] - Delayed 1 second(s)

2019-10-04 14:37:39 - [TEST_STEP][PASSED] - click(findTestObject("Page_cabi Create Order/first_option")): Object: 'Object Repository/Page_cabi Create Order/first_option' is clicked on

2019-10-04 14:37:39 - [MESSAGE][PASSED] - Object: 'Object Repository/Page_cabi Create Order/first_option' is clicked on

2019-10-04 14:37:39 - [TEST_STEP][PASSED] - if (toString().equalsIgnoreCase("no")): null

2019-10-04 14:37:39 - [TEST_STEP][PASSED] - else: Delayed 3 second(s)

2019-10-04 14:37:39 - [TEST_STEP][PASSED] - delay(3): Delayed 3 second(s)

2019-10-04 14:37:42 - [MESSAGE][PASSED] - Delayed 3 second(s)

2019-10-04 14:37:42 - [TEST_STEP][PASSED] - s1 = getValue("Style", row).toString(): null

2019-10-04 14:37:42 - [TEST_STEP][PASSED] - s2 = " ": null

2019-10-04 14:37:42 - [TEST_STEP][PASSED] - s3 = getValue("Description", row).toString(): null

2019-10-04 14:37:42 - [TEST_STEP][PASSED] - expectedStyleDescription = $s1$s2$s3: null

2019-10-04 14:37:42 - [TEST_STEP][PASSED] - prod_message = UtilityMethods.splitStyle(prod_message): null

2019-10-04 14:37:42 - [TEST_STEP][PASSED] - println(prod_message): null

2019-10-04 14:37:42 - [TEST_STEP][PASSED] - sa.assertTrue(prod_message.equalsIgnoreCase(expectedStyleDescription)): null

2019-10-04 14:37:42 - [TEST_STEP][PASSED] - delay(3): Delayed 3 second(s)

2019-10-04 14:37:45 - [MESSAGE][PASSED] - Delayed 3 second(s)

2019-10-04 14:37:45 - [TEST_STEP][PASSED] - colorOptions = findWebElements(findTestObject("Page_cabi Order Items/GetAttribute_Color"), 5): null

2019-10-04 14:37:45 - [TEST_STEP][PASSED] - println(colorOptions.size()): null

2019-10-04 14:37:45 - [TEST_STEP][PASSED] - expectedColour = findTestData("productData").getValue("Color", row): null

2019-10-04 14:37:45 - [TEST_STEP][PASSED] - println("expected colour is"): null

2019-10-04 14:37:45 - [TEST_STEP][PASSED] - println(expectedColour): null

2019-10-04 14:37:45 - [TEST_STEP][PASSED] - colourVerified = false: null

2019-10-04 14:37:45 - [TEST_STEP][PASSED] - for (org.openqa.selenium.WebElement op : colorOptions): null

2019-10-04 14:37:45 - [TEST_STEP][PASSED] - println(op.getText()): null

2019-10-04 14:37:45 - [TEST_STEP][PASSED] - if (expectedColour.equalsIgnoreCase(op.getText())): null

2019-10-04 14:37:45 - [TEST_STEP][PASSED] - colourVerified = true: null

2019-10-04 14:37:45 - [TEST_STEP][PASSED] - break: null

2019-10-04 14:37:45 - [TEST_STEP][PASSED] - sa.assertTrue(colourVerified): null

2019-10-04 14:37:45 - [TEST_STEP][PASSED] - getPrice = getText(findTestObject("Page_cabi Create Order/retail_price")): Text of object 'Object Repository/Page_cabi Create Order/retail_price' is: '$79.00'

2019-10-04 14:37:45 - [MESSAGE][PASSED] - Text of object 'Object Repository/Page_cabi Create Order/retail_price' is: '$79.00'

2019-10-04 14:37:45 - [TEST_STEP][PASSED] - Split_Data = UtilityMethods.SplitData(getPrice): null

2019-10-04 14:37:45 - [TEST_STEP][PASSED] - verifyMatch(Split_Data, findTestData("productData").getValue("Retail", row), true, CONTINUE_ON_FAILURE): Actual text '79' and expected text '79' are matched  using regular expression

2019-10-04 14:37:45 - [MESSAGE][PASSED] - Actual text '79' and expected text '79' are matched  using regular expression

2019-10-04 14:37:45 - [TEST_STEP][PASSED] - sizeRange1 = ["XXS", "XS", "S", "M", "L", "XL"]: null

2019-10-04 14:37:45 - [TEST_STEP][PASSED] - sizeRange2 = ["00", "0", "2", "4", "6", "8", "10", "12", "14", "16"]: null

2019-10-04 14:37:45 - [TEST_STEP][PASSED] - sizeRange3 = ["Long", "Regular", "Short"]: null

2019-10-04 14:37:45 - [TEST_STEP][PASSED] - sizeRange4 = ["5", "6", "6.5", "7", "7.5", "8", "8.5", "9", "9.5", "10", "11"]: null

2019-10-04 14:37:45 - [TEST_STEP][PASSED] - sizeRangeSplit = UtilityMethods.SplitSizes(findTestData("productData").getValue("SzRange", row)): null

2019-10-04 14:37:45 - [TEST_STEP][PASSED] - sizeType = getText(findTestObject("Object Repository/Page_cabi Order Items/Size")): Text of object 'Object Repository/Page_cabi Order Items/Size' is: 'Select'

2019-10-04 14:37:45 - [MESSAGE][PASSED] - Text of object 'Object Repository/Page_cabi Order Items/Size' is: 'Select'

2019-10-04 14:37:45 - [TEST_STEP][PASSED] - sizeOptions = findWebElements(findTestObject("Object Repository/Page_cabi Order Items/Size"), 5): null

2019-10-04 14:37:45 - [TEST_STEP][PASSED] - actualRange = new java.util.ArrayList(): null

2019-10-04 14:37:45 - [TEST_STEP][PASSED] - expectedRange = <not implemented yet for class: org.codehaus.groovy.ast.expr.EmptyExpression>: null

2019-10-04 14:37:45 - [TEST_STEP][PASSED] - if (sizeType.equalsIgnoreCase("Select")): null

2019-10-04 14:37:45 - [TEST_STEP][PASSED] - for ([i = 1, i < sizeOptions.size(), (i++)]): null

2019-10-04 14:37:45 - [TEST_STEP][PASSED] - actualRange.add(get(i).getAttribute("value")): null

2019-10-04 14:37:45 - [TEST_STEP][PASSED] - actualRange.add(get(i).getAttribute("value")): null

2019-10-04 14:37:45 - [TEST_STEP][PASSED] - actualRange.add(get(i).getAttribute("value")): null

2019-10-04 14:37:45 - [TEST_STEP][PASSED] - actualRange.add(get(i).getAttribute("value")): null

2019-10-04 14:37:45 - [TEST_STEP][PASSED] - actualRange.add(get(i).getAttribute("value")): null

2019-10-04 14:37:45 - [TEST_STEP][PASSED] - if (toString().equalsIgnoreCase("XS") || toString().equalsIgnoreCase("XXS")): null

2019-10-04 14:37:45 - [TEST_STEP][PASSED] - expectedRange = UtilityMethods.getExpectedRange(sizeRange1, sizeRangeSplit): null

2019-10-04 14:37:45 - [TEST_STEP][PASSED] - println("XS"): null

2019-10-04 14:37:45 - [TEST_STEP][PASSED] - println(expectedRange.toString()): null

2019-10-04 14:37:45 - [TEST_STEP][PASSED] - sa.assertTrue(UtilityMethods.listEquals(expectedRange, actualRange)): null

2019-10-04 14:37:45 - [TEST_STEP][PASSED] - delay(3): Delayed 3 second(s)

2019-10-04 14:37:48 - [MESSAGE][PASSED] - Delayed 3 second(s)

2019-10-04 14:37:48 - [TEST_STEP][PASSED] - delay(4): Delayed 4 second(s)

2019-10-04 14:37:52 - [MESSAGE][PASSED] - Delayed 4 second(s)

2019-10-04 14:37:52 - [TEST_STEP][PASSED] - sa = new org.testng.asserts.SoftAssert(): null

2019-10-04 14:37:52 - [TEST_STEP][PASSED] - delay(2): Delayed 2 second(s)

2019-10-04 14:37:54 - [MESSAGE][PASSED] - Delayed 2 second(s)

2019-10-04 14:37:54 - [TEST_STEP][PASSED] - setText(findTestObject("Object Repository/Page_cabi Create Order/input_Manual Discount_stylelookup_0"), findTestData("productData").getValue("Style", row)): Text '3865' is set on object 'Object Repository/Page_cabi Create Order/input_Manual Discount_stylelookup_0'

2019-10-04 14:37:54 - [MESSAGE][PASSED] - Text '3865' is set on object 'Object Repository/Page_cabi Create Order/input_Manual Discount_stylelookup_0'

2019-10-04 14:37:54 - [TEST_STEP][PASSED] - delay(2): Delayed 2 second(s)

2019-10-04 14:37:56 - [MESSAGE][PASSED] - Delayed 2 second(s)

2019-10-04 14:37:56 - [TEST_STEP][PASSED] - prod_message = getText(findTestObject("Page_cabi Create Order/first_option")): Text of object 'Object Repository/Page_cabi Create Order/first_option' is: ''

2019-10-04 14:37:57 - [MESSAGE][PASSED] - Text of object 'Object Repository/Page_cabi Create Order/first_option' is: ''

2019-10-04 14:37:57 - [TEST_STEP][PASSED] - delay(1): Delayed 1 second(s)

2019-10-04 14:37:58 - [MESSAGE][PASSED] - Delayed 1 second(s)

2019-10-04 14:37:58 - [TEST_STEP][PASSED] - click(findTestObject("Page_cabi Create Order/first_option")): Object: 'Object Repository/Page_cabi Create Order/first_option' is clicked on

2019-10-04 14:37:58 - [MESSAGE][PASSED] - Object: 'Object Repository/Page_cabi Create Order/first_option' is clicked on

2019-10-04 14:37:58 - [TEST_STEP][PASSED] - if (toString().equalsIgnoreCase("no")): null

2019-10-04 14:37:58 - [TEST_STEP][PASSED] - else: Delayed 3 second(s)

2019-10-04 14:37:58 - [TEST_STEP][PASSED] - delay(3): Delayed 3 second(s)

2019-10-04 14:38:01 - [MESSAGE][PASSED] - Delayed 3 second(s)

2019-10-04 14:38:01 - [TEST_STEP][PASSED] - s1 = getValue("Style", row).toString(): null

2019-10-04 14:38:01 - [TEST_STEP][PASSED] - s2 = " ": null

2019-10-04 14:38:01 - [TEST_STEP][PASSED] - s3 = getValue("Description", row).toString(): null

2019-10-04 14:38:01 - [TEST_STEP][PASSED] - expectedStyleDescription = $s1$s2$s3: null

2019-10-04 14:38:01 - [TEST_STEP][PASSED] - prod_message = UtilityMethods.splitStyle(prod_message): null

2019-10-04 14:38:01 - [TEST_STEP][PASSED] - println(prod_message): null

2019-10-04 14:38:01 - [TEST_STEP][PASSED] - sa.assertTrue(prod_message.equalsIgnoreCase(expectedStyleDescription)): null

2019-10-04 14:38:01 - [TEST_STEP][PASSED] - delay(3): Delayed 3 second(s)

2019-10-04 14:38:04 - [MESSAGE][PASSED] - Delayed 3 second(s)

2019-10-04 14:38:04 - [TEST_STEP][PASSED] - colorOptions = findWebElements(findTestObject("Page_cabi Order Items/GetAttribute_Color"), 5): null

2019-10-04 14:38:04 - [TEST_STEP][PASSED] - println(colorOptions.size()): null

2019-10-04 14:38:04 - [TEST_STEP][PASSED] - expectedColour = findTestData("productData").getValue("Color", row): null

2019-10-04 14:38:04 - [TEST_STEP][PASSED] - println("expected colour is"): null

2019-10-04 14:38:04 - [TEST_STEP][PASSED] - println(expectedColour): null

2019-10-04 14:38:04 - [TEST_STEP][PASSED] - colourVerified = false: null

2019-10-04 14:38:04 - [TEST_STEP][PASSED] - for (org.openqa.selenium.WebElement op : colorOptions): null

2019-10-04 14:38:04 - [TEST_STEP][PASSED] - println(op.getText()): null

2019-10-04 14:38:04 - [TEST_STEP][PASSED] - if (expectedColour.equalsIgnoreCase(op.getText())): null

2019-10-04 14:38:04 - [TEST_STEP][PASSED] - colourVerified = true: null

2019-10-04 14:38:04 - [TEST_STEP][PASSED] - break: null

2019-10-04 14:38:04 - [TEST_STEP][PASSED] - sa.assertTrue(colourVerified): null

2019-10-04 14:38:04 - [TEST_STEP][PASSED] - getPrice = getText(findTestObject("Page_cabi Create Order/retail_price")): Text of object 'Object Repository/Page_cabi Create Order/retail_price' is: '$89.00'

2019-10-04 14:38:04 - [MESSAGE][PASSED] - Text of object 'Object Repository/Page_cabi Create Order/retail_price' is: '$89.00'

2019-10-04 14:38:04 - [TEST_STEP][PASSED] - Split_Data = UtilityMethods.SplitData(getPrice): null

2019-10-04 14:38:04 - [TEST_STEP][PASSED] - verifyMatch(Split_Data, findTestData("productData").getValue("Retail", row), true, CONTINUE_ON_FAILURE): Actual text '89' and expected text '89' are matched  using regular expression

2019-10-04 14:38:04 - [MESSAGE][PASSED] - Actual text '89' and expected text '89' are matched  using regular expression

2019-10-04 14:38:04 - [TEST_STEP][PASSED] - sizeRange1 = ["XXS", "XS", "S", "M", "L", "XL"]: null

2019-10-04 14:38:04 - [TEST_STEP][PASSED] - sizeRange2 = ["00", "0", "2", "4", "6", "8", "10", "12", "14", "16"]: null

2019-10-04 14:38:04 - [TEST_STEP][PASSED] - sizeRange3 = ["Long", "Regular", "Short"]: null

2019-10-04 14:38:04 - [TEST_STEP][PASSED] - sizeRange4 = ["5", "6", "6.5", "7", "7.5", "8", "8.5", "9", "9.5", "10", "11"]: null

2019-10-04 14:38:04 - [TEST_STEP][PASSED] - sizeRangeSplit = UtilityMethods.SplitSizes(findTestData("productData").getValue("SzRange", row)): null

2019-10-04 14:38:04 - [TEST_STEP][PASSED] - sizeType = getText(findTestObject("Object Repository/Page_cabi Order Items/Size")): Text of object 'Object Repository/Page_cabi Order Items/Size' is: 'Select'

2019-10-04 14:38:04 - [MESSAGE][PASSED] - Text of object 'Object Repository/Page_cabi Order Items/Size' is: 'Select'

2019-10-04 14:38:04 - [TEST_STEP][PASSED] - sizeOptions = findWebElements(findTestObject("Object Repository/Page_cabi Order Items/Size"), 5): null

2019-10-04 14:38:04 - [TEST_STEP][PASSED] - actualRange = new java.util.ArrayList(): null

2019-10-04 14:38:04 - [TEST_STEP][PASSED] - expectedRange = <not implemented yet for class: org.codehaus.groovy.ast.expr.EmptyExpression>: null

2019-10-04 14:38:04 - [TEST_STEP][PASSED] - if (sizeType.equalsIgnoreCase("Select")): null

2019-10-04 14:38:04 - [TEST_STEP][PASSED] - for ([i = 1, i < sizeOptions.size(), (i++)]): null

2019-10-04 14:38:04 - [TEST_STEP][PASSED] - actualRange.add(get(i).getAttribute("value")): null

2019-10-04 14:38:04 - [TEST_STEP][PASSED] - actualRange.add(get(i).getAttribute("value")): null

2019-10-04 14:38:04 - [TEST_STEP][PASSED] - actualRange.add(get(i).getAttribute("value")): null

2019-10-04 14:38:04 - [TEST_STEP][PASSED] - actualRange.add(get(i).getAttribute("value")): null

2019-10-04 14:38:04 - [TEST_STEP][PASSED] - actualRange.add(get(i).getAttribute("value")): null

2019-10-04 14:38:04 - [TEST_STEP][PASSED] - if (toString().equalsIgnoreCase("XS") || toString().equalsIgnoreCase("XXS")): null

2019-10-04 14:38:04 - [TEST_STEP][PASSED] - expectedRange = UtilityMethods.getExpectedRange(sizeRange1, sizeRangeSplit): null

2019-10-04 14:38:04 - [TEST_STEP][PASSED] - println("XS"): null

2019-10-04 14:38:04 - [TEST_STEP][PASSED] - println(expectedRange.toString()): null

2019-10-04 14:38:04 - [TEST_STEP][PASSED] - sa.assertTrue(UtilityMethods.listEquals(expectedRange, actualRange)): null

2019-10-04 14:38:04 - [TEST_STEP][PASSED] - delay(3): Delayed 3 second(s)

2019-10-04 14:38:07 - [MESSAGE][PASSED] - Delayed 3 second(s)

2019-10-04 14:38:07 - [TEST_STEP][PASSED] - delay(4): Delayed 4 second(s)

2019-10-04 14:38:11 - [MESSAGE][PASSED] - Delayed 4 second(s)

2019-10-04 14:38:11 - [TEST_STEP][PASSED] - sa = new org.testng.asserts.SoftAssert(): null

2019-10-04 14:38:11 - [TEST_STEP][PASSED] - delay(2): Delayed 2 second(s)

2019-10-04 14:38:13 - [MESSAGE][PASSED] - Delayed 2 second(s)

2019-10-04 14:38:13 - [TEST_STEP][PASSED] - setText(findTestObject("Object Repository/Page_cabi Create Order/input_Manual Discount_stylelookup_0"), findTestData("productData").getValue("Style", row)): Text '3869' is set on object 'Object Repository/Page_cabi Create Order/input_Manual Discount_stylelookup_0'

2019-10-04 14:38:13 - [MESSAGE][PASSED] - Text '3869' is set on object 'Object Repository/Page_cabi Create Order/input_Manual Discount_stylelookup_0'

2019-10-04 14:38:13 - [TEST_STEP][PASSED] - delay(2): Delayed 2 second(s)

2019-10-04 14:38:15 - [MESSAGE][PASSED] - Delayed 2 second(s)

2019-10-04 14:38:15 - [TEST_STEP][PASSED] - prod_message = getText(findTestObject("Page_cabi Create Order/first_option")): Text of object 'Object Repository/Page_cabi Create Order/first_option' is: ''

2019-10-04 14:38:15 - [MESSAGE][PASSED] - Text of object 'Object Repository/Page_cabi Create Order/first_option' is: ''

2019-10-04 14:38:15 - [TEST_STEP][PASSED] - delay(1): Delayed 1 second(s)

2019-10-04 14:38:16 - [MESSAGE][PASSED] - Delayed 1 second(s)

2019-10-04 14:38:16 - [TEST_STEP][PASSED] - click(findTestObject("Page_cabi Create Order/first_option")): Object: 'Object Repository/Page_cabi Create Order/first_option' is clicked on

2019-10-04 14:38:16 - [MESSAGE][PASSED] - Object: 'Object Repository/Page_cabi Create Order/first_option' is clicked on

2019-10-04 14:38:16 - [TEST_STEP][PASSED] - if (toString().equalsIgnoreCase("no")): null

2019-10-04 14:38:16 - [TEST_STEP][PASSED] - else: Delayed 3 second(s)

2019-10-04 14:38:16 - [TEST_STEP][PASSED] - delay(3): Delayed 3 second(s)

2019-10-04 14:38:19 - [MESSAGE][PASSED] - Delayed 3 second(s)

2019-10-04 14:38:19 - [TEST_STEP][PASSED] - s1 = getValue("Style", row).toString(): null

2019-10-04 14:38:19 - [TEST_STEP][PASSED] - s2 = " ": null

2019-10-04 14:38:19 - [TEST_STEP][PASSED] - s3 = getValue("Description", row).toString(): null

2019-10-04 14:38:19 - [TEST_STEP][PASSED] - expectedStyleDescription = $s1$s2$s3: null

2019-10-04 14:38:19 - [TEST_STEP][PASSED] - prod_message = UtilityMethods.splitStyle(prod_message): null

2019-10-04 14:38:19 - [TEST_STEP][PASSED] - println(prod_message): null

2019-10-04 14:38:19 - [TEST_STEP][PASSED] - sa.assertTrue(prod_message.equalsIgnoreCase(expectedStyleDescription)): null

2019-10-04 14:38:19 - [TEST_STEP][PASSED] - delay(3): Delayed 3 second(s)

2019-10-04 14:38:22 - [MESSAGE][PASSED] - Delayed 3 second(s)

2019-10-04 14:38:22 - [TEST_STEP][PASSED] - colorOptions = findWebElements(findTestObject("Page_cabi Order Items/GetAttribute_Color"), 5): null

2019-10-04 14:38:22 - [TEST_STEP][PASSED] - println(colorOptions.size()): null

2019-10-04 14:38:22 - [TEST_STEP][PASSED] - expectedColour = findTestData("productData").getValue("Color", row): null

2019-10-04 14:38:22 - [TEST_STEP][PASSED] - println("expected colour is"): null

2019-10-04 14:38:22 - [TEST_STEP][PASSED] - println(expectedColour): null

2019-10-04 14:38:22 - [TEST_STEP][PASSED] - colourVerified = false: null

2019-10-04 14:38:22 - [TEST_STEP][PASSED] - for (org.openqa.selenium.WebElement op : colorOptions): null

2019-10-04 14:38:22 - [TEST_STEP][PASSED] - println(op.getText()): null

2019-10-04 14:38:22 - [TEST_STEP][PASSED] - if (expectedColour.equalsIgnoreCase(op.getText())): null

2019-10-04 14:38:22 - [TEST_STEP][PASSED] - colourVerified = true: null

2019-10-04 14:38:22 - [TEST_STEP][PASSED] - break: null

2019-10-04 14:38:22 - [TEST_STEP][PASSED] - sa.assertTrue(colourVerified): null

2019-10-04 14:38:22 - [TEST_STEP][PASSED] - getPrice = getText(findTestObject("Page_cabi Create Order/retail_price")): Text of object 'Object Repository/Page_cabi Create Order/retail_price' is: '$94.00'

2019-10-04 14:38:22 - [MESSAGE][PASSED] - Text of object 'Object Repository/Page_cabi Create Order/retail_price' is: '$94.00'

2019-10-04 14:38:22 - [TEST_STEP][PASSED] - Split_Data = UtilityMethods.SplitData(getPrice): null

2019-10-04 14:38:22 - [TEST_STEP][PASSED] - verifyMatch(Split_Data, findTestData("productData").getValue("Retail", row), true, CONTINUE_ON_FAILURE): Actual text '94' and expected text '94' are matched  using regular expression

2019-10-04 14:38:22 - [MESSAGE][PASSED] - Actual text '94' and expected text '94' are matched  using regular expression

2019-10-04 14:38:22 - [TEST_STEP][PASSED] - sizeRange1 = ["XXS", "XS", "S", "M", "L", "XL"]: null

2019-10-04 14:38:22 - [TEST_STEP][PASSED] - sizeRange2 = ["00", "0", "2", "4", "6", "8", "10", "12", "14", "16"]: null

2019-10-04 14:38:22 - [TEST_STEP][PASSED] - sizeRange3 = ["Long", "Regular", "Short"]: null

2019-10-04 14:38:22 - [TEST_STEP][PASSED] - sizeRange4 = ["5", "6", "6.5", "7", "7.5", "8", "8.5", "9", "9.5", "10", "11"]: null

2019-10-04 14:38:22 - [TEST_STEP][PASSED] - sizeRangeSplit = UtilityMethods.SplitSizes(findTestData("productData").getValue("SzRange", row)): null

2019-10-04 14:38:22 - [TEST_STEP][PASSED] - sizeType = getText(findTestObject("Object Repository/Page_cabi Order Items/Size")): Text of object 'Object Repository/Page_cabi Order Items/Size' is: 'Select'

2019-10-04 14:38:23 - [MESSAGE][PASSED] - Text of object 'Object Repository/Page_cabi Order Items/Size' is: 'Select'

2019-10-04 14:38:23 - [TEST_STEP][PASSED] - sizeOptions = findWebElements(findTestObject("Object Repository/Page_cabi Order Items/Size"), 5): null

2019-10-04 14:38:23 - [TEST_STEP][PASSED] - actualRange = new java.util.ArrayList(): null

2019-10-04 14:38:23 - [TEST_STEP][PASSED] - expectedRange = <not implemented yet for class: org.codehaus.groovy.ast.expr.EmptyExpression>: null

2019-10-04 14:38:23 - [TEST_STEP][PASSED] - if (sizeType.equalsIgnoreCase("Select")): null

2019-10-04 14:38:23 - [TEST_STEP][PASSED] - for ([i = 1, i < sizeOptions.size(), (i++)]): null

2019-10-04 14:38:23 - [TEST_STEP][PASSED] - actualRange.add(get(i).getAttribute("value")): null

2019-10-04 14:38:23 - [TEST_STEP][PASSED] - actualRange.add(get(i).getAttribute("value")): null

2019-10-04 14:38:23 - [TEST_STEP][PASSED] - actualRange.add(get(i).getAttribute("value")): null

2019-10-04 14:38:23 - [TEST_STEP][PASSED] - actualRange.add(get(i).getAttribute("value")): null

2019-10-04 14:38:23 - [TEST_STEP][PASSED] - actualRange.add(get(i).getAttribute("value")): null

2019-10-04 14:38:23 - [TEST_STEP][PASSED] - if (toString().equalsIgnoreCase("XS") || toString().equalsIgnoreCase("XXS")): null

2019-10-04 14:38:23 - [TEST_STEP][PASSED] - expectedRange = UtilityMethods.getExpectedRange(sizeRange1, sizeRangeSplit): null

2019-10-04 14:38:23 - [TEST_STEP][PASSED] - println("XS"): null

2019-10-04 14:38:23 - [TEST_STEP][PASSED] - println(expectedRange.toString()): null

2019-10-04 14:38:23 - [TEST_STEP][PASSED] - sa.assertTrue(UtilityMethods.listEquals(expectedRange, actualRange)): null

2019-10-04 14:38:23 - [TEST_STEP][PASSED] - delay(3): Delayed 3 second(s)

2019-10-04 14:38:26 - [MESSAGE][PASSED] - Delayed 3 second(s)

2019-10-04 14:38:26 - [TEST_STEP][PASSED] - delay(4): Delayed 4 second(s)

2019-10-04 14:38:30 - [MESSAGE][PASSED] - Delayed 4 second(s)

2019-10-04 14:38:30 - [TEST_STEP][PASSED] - sa = new org.testng.asserts.SoftAssert(): null

2019-10-04 14:38:30 - [TEST_STEP][PASSED] - delay(2): Delayed 2 second(s)

2019-10-04 14:38:32 - [MESSAGE][PASSED] - Delayed 2 second(s)

2019-10-04 14:38:32 - [TEST_STEP][PASSED] - setText(findTestObject("Object Repository/Page_cabi Create Order/input_Manual Discount_stylelookup_0"), findTestData("productData").getValue("Style", row)): Text '3870' is set on object 'Object Repository/Page_cabi Create Order/input_Manual Discount_stylelookup_0'

2019-10-04 14:38:32 - [MESSAGE][PASSED] - Text '3870' is set on object 'Object Repository/Page_cabi Create Order/input_Manual Discount_stylelookup_0'

2019-10-04 14:38:32 - [TEST_STEP][PASSED] - delay(2): Delayed 2 second(s)

2019-10-04 14:38:34 - [MESSAGE][PASSED] - Delayed 2 second(s)

2019-10-04 14:38:34 - [TEST_STEP][PASSED] - prod_message = getText(findTestObject("Page_cabi Create Order/first_option")): Text of object 'Object Repository/Page_cabi Create Order/first_option' is: ''

2019-10-04 14:38:34 - [MESSAGE][PASSED] - Text of object 'Object Repository/Page_cabi Create Order/first_option' is: ''

2019-10-04 14:38:34 - [TEST_STEP][PASSED] - delay(1): Delayed 1 second(s)

2019-10-04 14:38:35 - [MESSAGE][PASSED] - Delayed 1 second(s)

2019-10-04 14:38:35 - [TEST_STEP][PASSED] - click(findTestObject("Page_cabi Create Order/first_option")): Object: 'Object Repository/Page_cabi Create Order/first_option' is clicked on

2019-10-04 14:38:35 - [MESSAGE][PASSED] - Object: 'Object Repository/Page_cabi Create Order/first_option' is clicked on

2019-10-04 14:38:35 - [TEST_STEP][PASSED] - if (toString().equalsIgnoreCase("no")): null

2019-10-04 14:38:35 - [TEST_STEP][PASSED] - else: Delayed 3 second(s)

2019-10-04 14:38:35 - [TEST_STEP][PASSED] - delay(3): Delayed 3 second(s)

2019-10-04 14:38:38 - [MESSAGE][PASSED] - Delayed 3 second(s)

2019-10-04 14:38:38 - [TEST_STEP][PASSED] - s1 = getValue("Style", row).toString(): null

2019-10-04 14:38:38 - [TEST_STEP][PASSED] - s2 = " ": null

2019-10-04 14:38:38 - [TEST_STEP][PASSED] - s3 = getValue("Description", row).toString(): null

2019-10-04 14:38:38 - [TEST_STEP][PASSED] - expectedStyleDescription = $s1$s2$s3: null

2019-10-04 14:38:38 - [TEST_STEP][PASSED] - prod_message = UtilityMethods.splitStyle(prod_message): null

2019-10-04 14:38:38 - [TEST_STEP][PASSED] - println(prod_message): null

2019-10-04 14:38:38 - [TEST_STEP][PASSED] - sa.assertTrue(prod_message.equalsIgnoreCase(expectedStyleDescription)): null

2019-10-04 14:38:38 - [TEST_STEP][PASSED] - delay(3): Delayed 3 second(s)

2019-10-04 14:38:41 - [MESSAGE][PASSED] - Delayed 3 second(s)

2019-10-04 14:38:41 - [TEST_STEP][PASSED] - colorOptions = findWebElements(findTestObject("Page_cabi Order Items/GetAttribute_Color"), 5): null

2019-10-04 14:38:41 - [TEST_STEP][PASSED] - println(colorOptions.size()): null

2019-10-04 14:38:41 - [TEST_STEP][PASSED] - expectedColour = findTestData("productData").getValue("Color", row): null

2019-10-04 14:38:41 - [TEST_STEP][PASSED] - println("expected colour is"): null

2019-10-04 14:38:41 - [TEST_STEP][PASSED] - println(expectedColour): null

2019-10-04 14:38:41 - [TEST_STEP][PASSED] - colourVerified = false: null

2019-10-04 14:38:41 - [TEST_STEP][PASSED] - for (org.openqa.selenium.WebElement op : colorOptions): null

2019-10-04 14:38:41 - [TEST_STEP][PASSED] - println(op.getText()): null

2019-10-04 14:38:41 - [TEST_STEP][PASSED] - if (expectedColour.equalsIgnoreCase(op.getText())): null

2019-10-04 14:38:41 - [TEST_STEP][PASSED] - colourVerified = true: null

2019-10-04 14:38:41 - [TEST_STEP][PASSED] - break: null

2019-10-04 14:38:41 - [TEST_STEP][PASSED] - sa.assertTrue(colourVerified): null

2019-10-04 14:38:41 - [TEST_STEP][PASSED] - getPrice = getText(findTestObject("Page_cabi Create Order/retail_price")): Text of object 'Object Repository/Page_cabi Create Order/retail_price' is: '$109.00'

2019-10-04 14:38:41 - [MESSAGE][PASSED] - Text of object 'Object Repository/Page_cabi Create Order/retail_price' is: '$109.00'

2019-10-04 14:38:41 - [TEST_STEP][PASSED] - Split_Data = UtilityMethods.SplitData(getPrice): null

2019-10-04 14:38:41 - [TEST_STEP][PASSED] - verifyMatch(Split_Data, findTestData("productData").getValue("Retail", row), true, CONTINUE_ON_FAILURE): Actual text '109' and expected text '109' are matched  using regular expression

2019-10-04 14:38:41 - [MESSAGE][PASSED] - Actual text '109' and expected text '109' are matched  using regular expression

2019-10-04 14:38:41 - [TEST_STEP][PASSED] - sizeRange1 = ["XXS", "XS", "S", "M", "L", "XL"]: null

2019-10-04 14:38:41 - [TEST_STEP][PASSED] - sizeRange2 = ["00", "0", "2", "4", "6", "8", "10", "12", "14", "16"]: null

2019-10-04 14:38:41 - [TEST_STEP][PASSED] - sizeRange3 = ["Long", "Regular", "Short"]: null

2019-10-04 14:38:41 - [TEST_STEP][PASSED] - sizeRange4 = ["5", "6", "6.5", "7", "7.5", "8", "8.5", "9", "9.5", "10", "11"]: null

2019-10-04 14:38:41 - [TEST_STEP][PASSED] - sizeRangeSplit = UtilityMethods.SplitSizes(findTestData("productData").getValue("SzRange", row)): null

2019-10-04 14:38:41 - [TEST_STEP][PASSED] - sizeType = getText(findTestObject("Object Repository/Page_cabi Order Items/Size")): Text of object 'Object Repository/Page_cabi Order Items/Size' is: 'Select'

2019-10-04 14:38:41 - [MESSAGE][PASSED] - Text of object 'Object Repository/Page_cabi Order Items/Size' is: 'Select'

2019-10-04 14:38:41 - [TEST_STEP][PASSED] - sizeOptions = findWebElements(findTestObject("Object Repository/Page_cabi Order Items/Size"), 5): null

2019-10-04 14:38:41 - [TEST_STEP][PASSED] - actualRange = new java.util.ArrayList(): null

2019-10-04 14:38:41 - [TEST_STEP][PASSED] - expectedRange = <not implemented yet for class: org.codehaus.groovy.ast.expr.EmptyExpression>: null

2019-10-04 14:38:41 - [TEST_STEP][PASSED] - if (sizeType.equalsIgnoreCase("Select")): null

2019-10-04 14:38:41 - [TEST_STEP][PASSED] - for ([i = 1, i < sizeOptions.size(), (i++)]): null

2019-10-04 14:38:41 - [TEST_STEP][PASSED] - actualRange.add(get(i).getAttribute("value")): null

2019-10-04 14:38:41 - [TEST_STEP][PASSED] - actualRange.add(get(i).getAttribute("value")): null

2019-10-04 14:38:41 - [TEST_STEP][PASSED] - actualRange.add(get(i).getAttribute("value")): null

2019-10-04 14:38:41 - [TEST_STEP][PASSED] - actualRange.add(get(i).getAttribute("value")): null

2019-10-04 14:38:41 - [TEST_STEP][PASSED] - actualRange.add(get(i).getAttribute("value")): null

2019-10-04 14:38:41 - [TEST_STEP][PASSED] - if (toString().equalsIgnoreCase("XS") || toString().equalsIgnoreCase("XXS")): null

2019-10-04 14:38:41 - [TEST_STEP][PASSED] - expectedRange = UtilityMethods.getExpectedRange(sizeRange1, sizeRangeSplit): null

2019-10-04 14:38:41 - [TEST_STEP][PASSED] - println("XS"): null

2019-10-04 14:38:41 - [TEST_STEP][PASSED] - println(expectedRange.toString()): null

2019-10-04 14:38:41 - [TEST_STEP][PASSED] - sa.assertTrue(UtilityMethods.listEquals(expectedRange, actualRange)): null

2019-10-04 14:38:41 - [TEST_STEP][PASSED] - delay(3): Delayed 3 second(s)

2019-10-04 14:38:44 - [MESSAGE][PASSED] - Delayed 3 second(s)

2019-10-04 14:38:44 - [TEST_STEP][PASSED] - delay(4): Delayed 4 second(s)

2019-10-04 14:38:48 - [MESSAGE][PASSED] - Delayed 4 second(s)

2019-10-04 14:38:48 - [TEST_STEP][PASSED] - sa = new org.testng.asserts.SoftAssert(): null

2019-10-04 14:38:48 - [TEST_STEP][PASSED] - delay(2): Delayed 2 second(s)

2019-10-04 14:38:50 - [MESSAGE][PASSED] - Delayed 2 second(s)

2019-10-04 14:38:50 - [TEST_STEP][PASSED] - setText(findTestObject("Object Repository/Page_cabi Create Order/input_Manual Discount_stylelookup_0"), findTestData("productData").getValue("Style", row)): Text '3871' is set on object 'Object Repository/Page_cabi Create Order/input_Manual Discount_stylelookup_0'

2019-10-04 14:38:51 - [MESSAGE][PASSED] - Text '3871' is set on object 'Object Repository/Page_cabi Create Order/input_Manual Discount_stylelookup_0'

2019-10-04 14:38:51 - [TEST_STEP][PASSED] - delay(2): Delayed 2 second(s)

2019-10-04 14:38:53 - [MESSAGE][PASSED] - Delayed 2 second(s)

2019-10-04 14:38:53 - [TEST_STEP][PASSED] - prod_message = getText(findTestObject("Page_cabi Create Order/first_option")): Text of object 'Object Repository/Page_cabi Create Order/first_option' is: ''

2019-10-04 14:38:53 - [MESSAGE][PASSED] - Text of object 'Object Repository/Page_cabi Create Order/first_option' is: ''

2019-10-04 14:38:53 - [TEST_STEP][PASSED] - delay(1): Delayed 1 second(s)

2019-10-04 14:38:54 - [MESSAGE][PASSED] - Delayed 1 second(s)

2019-10-04 14:38:54 - [TEST_STEP][PASSED] - click(findTestObject("Page_cabi Create Order/first_option")): Object: 'Object Repository/Page_cabi Create Order/first_option' is clicked on

2019-10-04 14:38:54 - [MESSAGE][PASSED] - Object: 'Object Repository/Page_cabi Create Order/first_option' is clicked on

2019-10-04 14:38:54 - [TEST_STEP][PASSED] - if (toString().equalsIgnoreCase("no")): null

2019-10-04 14:38:54 - [TEST_STEP][PASSED] - else: Delayed 3 second(s)

2019-10-04 14:38:54 - [TEST_STEP][PASSED] - delay(3): Delayed 3 second(s)

2019-10-04 14:38:57 - [MESSAGE][PASSED] - Delayed 3 second(s)

2019-10-04 14:38:57 - [TEST_STEP][PASSED] - s1 = getValue("Style", row).toString(): null

2019-10-04 14:38:57 - [TEST_STEP][PASSED] - s2 = " ": null

2019-10-04 14:38:57 - [TEST_STEP][PASSED] - s3 = getValue("Description", row).toString(): null

2019-10-04 14:38:57 - [TEST_STEP][PASSED] - expectedStyleDescription = $s1$s2$s3: null

2019-10-04 14:38:57 - [TEST_STEP][PASSED] - prod_message = UtilityMethods.splitStyle(prod_message): null

2019-10-04 14:38:57 - [TEST_STEP][PASSED] - println(prod_message): null

2019-10-04 14:38:57 - [TEST_STEP][PASSED] - sa.assertTrue(prod_message.equalsIgnoreCase(expectedStyleDescription)): null

2019-10-04 14:38:57 - [TEST_STEP][PASSED] - delay(3): Delayed 3 second(s)

2019-10-04 14:39:00 - [MESSAGE][PASSED] - Delayed 3 second(s)

2019-10-04 14:39:00 - [TEST_STEP][PASSED] - colorOptions = findWebElements(findTestObject("Page_cabi Order Items/GetAttribute_Color"), 5): null

2019-10-04 14:39:00 - [TEST_STEP][PASSED] - println(colorOptions.size()): null

2019-10-04 14:39:00 - [TEST_STEP][PASSED] - expectedColour = findTestData("productData").getValue("Color", row): null

2019-10-04 14:39:00 - [TEST_STEP][PASSED] - println("expected colour is"): null

2019-10-04 14:39:00 - [TEST_STEP][PASSED] - println(expectedColour): null

2019-10-04 14:39:00 - [TEST_STEP][PASSED] - colourVerified = false: null

2019-10-04 14:39:00 - [TEST_STEP][PASSED] - for (org.openqa.selenium.WebElement op : colorOptions): null

2019-10-04 14:39:00 - [TEST_STEP][PASSED] - println(op.getText()): null

2019-10-04 14:39:00 - [TEST_STEP][PASSED] - if (expectedColour.equalsIgnoreCase(op.getText())): null

2019-10-04 14:39:00 - [TEST_STEP][PASSED] - colourVerified = true: null

2019-10-04 14:39:00 - [TEST_STEP][PASSED] - break: null

2019-10-04 14:39:00 - [TEST_STEP][PASSED] - sa.assertTrue(colourVerified): null

2019-10-04 14:39:00 - [TEST_STEP][PASSED] - getPrice = getText(findTestObject("Page_cabi Create Order/retail_price")): Text of object 'Object Repository/Page_cabi Create Order/retail_price' is: '$119.00'

2019-10-04 14:39:00 - [MESSAGE][PASSED] - Text of object 'Object Repository/Page_cabi Create Order/retail_price' is: '$119.00'

2019-10-04 14:39:00 - [TEST_STEP][PASSED] - Split_Data = UtilityMethods.SplitData(getPrice): null

2019-10-04 14:39:00 - [TEST_STEP][PASSED] - verifyMatch(Split_Data, findTestData("productData").getValue("Retail", row), true, CONTINUE_ON_FAILURE): Actual text '119' and expected text '119' are matched  using regular expression

2019-10-04 14:39:00 - [MESSAGE][PASSED] - Actual text '119' and expected text '119' are matched  using regular expression

2019-10-04 14:39:00 - [TEST_STEP][PASSED] - sizeRange1 = ["XXS", "XS", "S", "M", "L", "XL"]: null

2019-10-04 14:39:00 - [TEST_STEP][PASSED] - sizeRange2 = ["00", "0", "2", "4", "6", "8", "10", "12", "14", "16"]: null

2019-10-04 14:39:00 - [TEST_STEP][PASSED] - sizeRange3 = ["Long", "Regular", "Short"]: null

2019-10-04 14:39:00 - [TEST_STEP][PASSED] - sizeRange4 = ["5", "6", "6.5", "7", "7.5", "8", "8.5", "9", "9.5", "10", "11"]: null

2019-10-04 14:39:00 - [TEST_STEP][PASSED] - sizeRangeSplit = UtilityMethods.SplitSizes(findTestData("productData").getValue("SzRange", row)): null

2019-10-04 14:39:00 - [TEST_STEP][PASSED] - sizeType = getText(findTestObject("Object Repository/Page_cabi Order Items/Size")): Text of object 'Object Repository/Page_cabi Order Items/Size' is: 'Select'

2019-10-04 14:39:00 - [MESSAGE][PASSED] - Text of object 'Object Repository/Page_cabi Order Items/Size' is: 'Select'

2019-10-04 14:39:00 - [TEST_STEP][PASSED] - sizeOptions = findWebElements(findTestObject("Object Repository/Page_cabi Order Items/Size"), 5): null

2019-10-04 14:39:00 - [TEST_STEP][PASSED] - actualRange = new java.util.ArrayList(): null

2019-10-04 14:39:00 - [TEST_STEP][PASSED] - expectedRange = <not implemented yet for class: org.codehaus.groovy.ast.expr.EmptyExpression>: null

2019-10-04 14:39:00 - [TEST_STEP][PASSED] - if (sizeType.equalsIgnoreCase("Select")): null

2019-10-04 14:39:00 - [TEST_STEP][PASSED] - for ([i = 1, i < sizeOptions.size(), (i++)]): null

2019-10-04 14:39:00 - [TEST_STEP][PASSED] - actualRange.add(get(i).getAttribute("value")): null

2019-10-04 14:39:00 - [TEST_STEP][PASSED] - actualRange.add(get(i).getAttribute("value")): null

2019-10-04 14:39:00 - [TEST_STEP][PASSED] - actualRange.add(get(i).getAttribute("value")): null

2019-10-04 14:39:00 - [TEST_STEP][PASSED] - actualRange.add(get(i).getAttribute("value")): null

2019-10-04 14:39:00 - [TEST_STEP][PASSED] - actualRange.add(get(i).getAttribute("value")): null

2019-10-04 14:39:00 - [TEST_STEP][PASSED] - if (toString().equalsIgnoreCase("XS") || toString().equalsIgnoreCase("XXS")): null

2019-10-04 14:39:00 - [TEST_STEP][PASSED] - expectedRange = UtilityMethods.getExpectedRange(sizeRange1, sizeRangeSplit): null

2019-10-04 14:39:00 - [TEST_STEP][PASSED] - println("XS"): null

2019-10-04 14:39:00 - [TEST_STEP][PASSED] - println(expectedRange.toString()): null

2019-10-04 14:39:00 - [TEST_STEP][PASSED] - sa.assertTrue(UtilityMethods.listEquals(expectedRange, actualRange)): null

2019-10-04 14:39:00 - [TEST_STEP][PASSED] - delay(3): Delayed 3 second(s)

2019-10-04 14:39:03 - [MESSAGE][PASSED] - Delayed 3 second(s)

2019-10-04 14:39:03 - [TEST_STEP][PASSED] - delay(4): Delayed 4 second(s)

2019-10-04 14:39:07 - [MESSAGE][PASSED] - Delayed 4 second(s)

2019-10-04 14:39:07 - [TEST_STEP][PASSED] - sa = new org.testng.asserts.SoftAssert(): null

2019-10-04 14:39:07 - [TEST_STEP][PASSED] - delay(2): Delayed 2 second(s)

2019-10-04 14:39:09 - [MESSAGE][PASSED] - Delayed 2 second(s)

2019-10-04 14:39:09 - [TEST_STEP][PASSED] - setText(findTestObject("Object Repository/Page_cabi Create Order/input_Manual Discount_stylelookup_0"), findTestData("productData").getValue("Style", row)): Text '3875' is set on object 'Object Repository/Page_cabi Create Order/input_Manual Discount_stylelookup_0'

2019-10-04 14:39:09 - [MESSAGE][PASSED] - Text '3875' is set on object 'Object Repository/Page_cabi Create Order/input_Manual Discount_stylelookup_0'

2019-10-04 14:39:09 - [TEST_STEP][PASSED] - delay(2): Delayed 2 second(s)

2019-10-04 14:39:11 - [MESSAGE][PASSED] - Delayed 2 second(s)

2019-10-04 14:39:11 - [TEST_STEP][PASSED] - prod_message = getText(findTestObject("Page_cabi Create Order/first_option")): Text of object 'Object Repository/Page_cabi Create Order/first_option' is: ''

2019-10-04 14:39:11 - [MESSAGE][PASSED] - Text of object 'Object Repository/Page_cabi Create Order/first_option' is: ''

2019-10-04 14:39:11 - [TEST_STEP][PASSED] - delay(1): Delayed 1 second(s)

2019-10-04 14:39:12 - [MESSAGE][PASSED] - Delayed 1 second(s)

2019-10-04 14:39:12 - [TEST_STEP][PASSED] - click(findTestObject("Page_cabi Create Order/first_option")): Object: 'Object Repository/Page_cabi Create Order/first_option' is clicked on

2019-10-04 14:39:12 - [MESSAGE][PASSED] - Object: 'Object Repository/Page_cabi Create Order/first_option' is clicked on

2019-10-04 14:39:12 - [TEST_STEP][PASSED] - if (toString().equalsIgnoreCase("no")): null

2019-10-04 14:39:12 - [TEST_STEP][PASSED] - else: Delayed 3 second(s)

2019-10-04 14:39:12 - [TEST_STEP][PASSED] - delay(3): Delayed 3 second(s)

2019-10-04 14:39:15 - [MESSAGE][PASSED] - Delayed 3 second(s)

2019-10-04 14:39:15 - [TEST_STEP][PASSED] - s1 = getValue("Style", row).toString(): null

2019-10-04 14:39:15 - [TEST_STEP][PASSED] - s2 = " ": null

2019-10-04 14:39:15 - [TEST_STEP][PASSED] - s3 = getValue("Description", row).toString(): null

2019-10-04 14:39:15 - [TEST_STEP][PASSED] - expectedStyleDescription = $s1$s2$s3: null

2019-10-04 14:39:15 - [TEST_STEP][PASSED] - prod_message = UtilityMethods.splitStyle(prod_message): null

2019-10-04 14:39:15 - [TEST_STEP][PASSED] - println(prod_message): null

2019-10-04 14:39:15 - [TEST_STEP][PASSED] - sa.assertTrue(prod_message.equalsIgnoreCase(expectedStyleDescription)): null

2019-10-04 14:39:15 - [TEST_STEP][PASSED] - delay(3): Delayed 3 second(s)

2019-10-04 14:39:18 - [MESSAGE][PASSED] - Delayed 3 second(s)

2019-10-04 14:39:18 - [TEST_STEP][PASSED] - colorOptions = findWebElements(findTestObject("Page_cabi Order Items/GetAttribute_Color"), 5): null

2019-10-04 14:39:18 - [TEST_STEP][PASSED] - println(colorOptions.size()): null

2019-10-04 14:39:18 - [TEST_STEP][PASSED] - expectedColour = findTestData("productData").getValue("Color", row): null

2019-10-04 14:39:18 - [TEST_STEP][PASSED] - println("expected colour is"): null

2019-10-04 14:39:18 - [TEST_STEP][PASSED] - println(expectedColour): null

2019-10-04 14:39:18 - [TEST_STEP][PASSED] - colourVerified = false: null

2019-10-04 14:39:18 - [TEST_STEP][PASSED] - for (org.openqa.selenium.WebElement op : colorOptions): null

2019-10-04 14:39:18 - [TEST_STEP][PASSED] - println(op.getText()): null

2019-10-04 14:39:18 - [TEST_STEP][PASSED] - if (expectedColour.equalsIgnoreCase(op.getText())): null

2019-10-04 14:39:18 - [TEST_STEP][PASSED] - colourVerified = true: null

2019-10-04 14:39:18 - [TEST_STEP][PASSED] - break: null

2019-10-04 14:39:18 - [TEST_STEP][PASSED] - sa.assertTrue(colourVerified): null

2019-10-04 14:39:18 - [TEST_STEP][PASSED] - getPrice = getText(findTestObject("Page_cabi Create Order/retail_price")): Text of object 'Object Repository/Page_cabi Create Order/retail_price' is: '$159.00'

2019-10-04 14:39:18 - [MESSAGE][PASSED] - Text of object 'Object Repository/Page_cabi Create Order/retail_price' is: '$159.00'

2019-10-04 14:39:18 - [TEST_STEP][PASSED] - Split_Data = UtilityMethods.SplitData(getPrice): null

2019-10-04 14:39:18 - [TEST_STEP][PASSED] - verifyMatch(Split_Data, findTestData("productData").getValue("Retail", row), true, CONTINUE_ON_FAILURE): Actual text '159' and expected text '159' are matched  using regular expression

2019-10-04 14:39:18 - [MESSAGE][PASSED] - Actual text '159' and expected text '159' are matched  using regular expression

2019-10-04 14:39:18 - [TEST_STEP][PASSED] - sizeRange1 = ["XXS", "XS", "S", "M", "L", "XL"]: null

2019-10-04 14:39:18 - [TEST_STEP][PASSED] - sizeRange2 = ["00", "0", "2", "4", "6", "8", "10", "12", "14", "16"]: null

2019-10-04 14:39:18 - [TEST_STEP][PASSED] - sizeRange3 = ["Long", "Regular", "Short"]: null

2019-10-04 14:39:18 - [TEST_STEP][PASSED] - sizeRange4 = ["5", "6", "6.5", "7", "7.5", "8", "8.5", "9", "9.5", "10", "11"]: null

2019-10-04 14:39:18 - [TEST_STEP][PASSED] - sizeRangeSplit = UtilityMethods.SplitSizes(findTestData("productData").getValue("SzRange", row)): null

2019-10-04 14:39:18 - [TEST_STEP][PASSED] - sizeType = getText(findTestObject("Object Repository/Page_cabi Order Items/Size")): Text of object 'Object Repository/Page_cabi Order Items/Size' is: 'Select'

2019-10-04 14:39:19 - [MESSAGE][PASSED] - Text of object 'Object Repository/Page_cabi Order Items/Size' is: 'Select'

2019-10-04 14:39:19 - [TEST_STEP][PASSED] - sizeOptions = findWebElements(findTestObject("Object Repository/Page_cabi Order Items/Size"), 5): null

2019-10-04 14:39:19 - [TEST_STEP][PASSED] - actualRange = new java.util.ArrayList(): null

2019-10-04 14:39:19 - [TEST_STEP][PASSED] - expectedRange = <not implemented yet for class: org.codehaus.groovy.ast.expr.EmptyExpression>: null

2019-10-04 14:39:19 - [TEST_STEP][PASSED] - if (sizeType.equalsIgnoreCase("Select")): null

2019-10-04 14:39:19 - [TEST_STEP][PASSED] - for ([i = 1, i < sizeOptions.size(), (i++)]): null

2019-10-04 14:39:19 - [TEST_STEP][PASSED] - actualRange.add(get(i).getAttribute("value")): null

2019-10-04 14:39:19 - [TEST_STEP][PASSED] - actualRange.add(get(i).getAttribute("value")): null

2019-10-04 14:39:19 - [TEST_STEP][PASSED] - actualRange.add(get(i).getAttribute("value")): null

2019-10-04 14:39:19 - [TEST_STEP][PASSED] - actualRange.add(get(i).getAttribute("value")): null

2019-10-04 14:39:19 - [TEST_STEP][PASSED] - actualRange.add(get(i).getAttribute("value")): null

2019-10-04 14:39:19 - [TEST_STEP][PASSED] - if (toString().equalsIgnoreCase("XS") || toString().equalsIgnoreCase("XXS")): null

2019-10-04 14:39:19 - [TEST_STEP][PASSED] - expectedRange = UtilityMethods.getExpectedRange(sizeRange1, sizeRangeSplit): null

2019-10-04 14:39:19 - [TEST_STEP][PASSED] - println("XS"): null

2019-10-04 14:39:19 - [TEST_STEP][PASSED] - println(expectedRange.toString()): null

2019-10-04 14:39:19 - [TEST_STEP][PASSED] - sa.assertTrue(UtilityMethods.listEquals(expectedRange, actualRange)): null

2019-10-04 14:39:19 - [TEST_STEP][PASSED] - delay(3): Delayed 3 second(s)

2019-10-04 14:39:22 - [MESSAGE][PASSED] - Delayed 3 second(s)

2019-10-04 14:39:22 - [MESSAGE][PASSED] - Call Test Case 'Test Cases/NewArrival/productVerifyShort' successfully

2019-10-04 14:39:22 - [TEST_STEP][PASSED] - callTestCase(findTestCase("NewArrival/populateTimeGlobalVars"), ["row":timeRow], CONTINUE_ON_FAILURE): Call Test Case 'Test Cases/NewArrival/populateTimeGlobalVars' successfully

2019-10-04 14:39:22 - [TEST_CASE][PASSED] - Test Cases/NewArrival/populateTimeGlobalVars: Test Cases/NewArrival/populateTimeGlobalVars

2019-10-04 14:39:22 - [TEST_STEP][PASSED] - dataFile = "timezoneData": null

2019-10-04 14:39:22 - [TEST_STEP][PASSED] - clockServerTarget = UtilityMethods.getTestData("envtData", "clockServerTarget", 1): null

2019-10-04 14:39:22 - [TEST_STEP][PASSED] - println(clockServerTarget): null

2019-10-04 14:39:22 - [TEST_STEP][PASSED] - orderType = UtilityMethods.getTestData(dataFile, "orderType", row): null

2019-10-04 14:39:22 - [TEST_STEP][PASSED] - timeZone = UtilityMethods.getTestData(dataFile, "timeZone", row): null

2019-10-04 14:39:22 - [TEST_STEP][PASSED] - BOPersonal = UtilityMethods.getTestData(dataFile, "BOPersonal", row): null

2019-10-04 14:39:22 - [TEST_STEP][PASSED] - BOAddonPersonal = UtilityMethods.getTestData(dataFile, "BOAddonPersonal", row): null

2019-10-04 14:39:22 - [TEST_STEP][PASSED] - BOAddonRetail = UtilityMethods.getTestData(dataFile, "BOAddonRetail", row): null

2019-10-04 14:39:22 - [TEST_STEP][PASSED] - BORetail = UtilityMethods.getTestData(dataFile, "BORetail", row): null

2019-10-04 14:39:22 - [TEST_STEP][PASSED] - BOShow = UtilityMethods.getTestData(dataFile, "BOShow", row): null

2019-10-04 14:39:22 - [TEST_STEP][PASSED] - BOOnlineoutlet = UtilityMethods.getTestData(dataFile, "BOOnlineoutlet", row): null

2019-10-04 14:39:22 - [TEST_STEP][PASSED] - BOEmployee = UtilityMethods.getTestData(dataFile, "BOEmployee", row): null

2019-10-04 14:39:22 - [TEST_STEP][PASSED] - CCPersonal = UtilityMethods.getTestData(dataFile, "CCPersonal", row): null

2019-10-04 14:39:22 - [TEST_STEP][PASSED] - CCRetail = UtilityMethods.getTestData(dataFile, "CCRetail", row): null

2019-10-04 14:39:22 - [TEST_STEP][PASSED] - CCShow = UtilityMethods.getTestData(dataFile, "CCShow", row): null

2019-10-04 14:39:22 - [TEST_STEP][PASSED] - BOEblast = UtilityMethods.getTestData(dataFile, "BOEblast", row): null

2019-10-04 14:39:22 - [TEST_STEP][PASSED] - println(row): null

2019-10-04 14:39:22 - [TEST_STEP][PASSED] - println(BOPersonal): null

2019-10-04 14:39:22 - [MESSAGE][PASSED] - Call Test Case 'Test Cases/NewArrival/populateTimeGlobalVars' successfully

2019-10-04 14:39:22 - [TEST_STEP][PASSED] - callTestCase(findTestCase("NewArrival/setTimezone"), ["ofbizURL":"", "ofbizuser":"", "ofbizpass":"", "orderType":orderType, "timeZone":timeZone, "serverTarget":serverTarget, "clockServerTarget":clockServerTarget], CONTINUE_ON_FAILURE): Call Test Case 'Test Cases/NewArrival/setTimezone' successfully

2019-10-04 14:39:22 - [TEST_CASE][PASSED] - Test Cases/NewArrival/setTimezone: Test Cases/NewArrival/setTimezone

2019-10-04 14:39:22 - [TEST_STEP][PASSED] - openBrowser(""): Browser is opened with url: ''

2019-10-04 14:39:22 - [MESSAGE][WARNING] - A browser is already opened. Closing browser and opening a new one

2019-10-04 14:39:23 - [MESSAGE][INFO] - Starting 'Chrome' driver

2019-10-04 14:39:23 - [MESSAGE][INFO] - User set preference: ['args', '[--use-fake-ui-for-media-stream, --start-maximized]']

2019-10-04 14:39:25 - [MESSAGE][PASSED] - Browser is opened with url: ''

2019-10-04 14:39:25 - [TEST_STEP][NOT_RUN] - maximizeWindow(): NOT_RUN: maximizeWindow()

2019-10-04 14:39:25 - [MESSAGE][NOT_RUN] - NOT_RUN: maximizeWindow()

2019-10-04 14:39:25 - [TEST_STEP][PASSED] - ofbizURL = findTestData("envtData").getValue("ofbizURL", 1): null

2019-10-04 14:39:25 - [TEST_STEP][PASSED] - ofbizuser = findTestData("credData").getValue("ofbizuser", 1): null

2019-10-04 14:39:25 - [TEST_STEP][PASSED] - ofbizpass = findTestData("credData").getValue("ofbizpass", 1): null

2019-10-04 14:39:25 - [TEST_STEP][PASSED] - navigateToUrl(ofbizURL): Navigate to 'https://pushofbiz.cliotest.com/login.php' successfully

2019-10-04 14:39:27 - [MESSAGE][PASSED] - Navigate to 'https://pushofbiz.cliotest.com/login.php' successfully

2019-10-04 14:39:27 - [TEST_STEP][PASSED] - setText(findTestObject("Page_/input_Username_username"), ofbizuser): Text 'automation' is set on object 'Object Repository/Page_/input_Username_username'

2019-10-04 14:39:27 - [MESSAGE][PASSED] - Text 'automation' is set on object 'Object Repository/Page_/input_Username_username'

2019-10-04 14:39:27 - [TEST_STEP][PASSED] - setText(findTestObject("Page_/input_Password_password"), ofbizpass): Text 'cabiautomation' is set on object 'Object Repository/Page_/input_Password_password'

2019-10-04 14:39:27 - [MESSAGE][PASSED] - Text 'cabiautomation' is set on object 'Object Repository/Page_/input_Password_password'

2019-10-04 14:39:27 - [TEST_STEP][PASSED] - click(findTestObject("Page_/input_Password_Submit")): Object: 'Object Repository/Page_/input_Password_Submit' is clicked on

2019-10-04 14:39:31 - [MESSAGE][PASSED] - Object: 'Object Repository/Page_/input_Password_Submit' is clicked on

2019-10-04 14:39:31 - [TEST_STEP][PASSED] - click(findTestObject("Object Repository/Page_/a_Clock set")): Object: 'Object Repository/Page_/a_Clock set' is clicked on

2019-10-04 14:39:31 - [MESSAGE][PASSED] - Object: 'Object Repository/Page_/a_Clock set' is clicked on

2019-10-04 14:39:31 - [TEST_STEP][PASSED] - cst = UtilityMethods.createTestObject("select_target", "//select[@name='Target']/option[contains(text(), '", clockServerTarget, "')]"): null

2019-10-04 14:39:31 - [TEST_STEP][PASSED] - println(clockServerTarget): null

2019-10-04 14:39:31 - [TEST_STEP][PASSED] - click(cst): Object: 'select_target' is clicked on

2019-10-04 14:39:31 - [MESSAGE][PASSED] - Object: 'select_target' is clicked on

2019-10-04 14:39:31 - [TEST_STEP][PASSED] - click(findTestObject("Page_/thisDateAndTime")): Object: 'Object Repository/Page_/thisDateAndTime' is clicked on

2019-10-04 14:39:31 - [MESSAGE][PASSED] - Object: 'Object Repository/Page_/thisDateAndTime' is clicked on

2019-10-04 14:39:31 - [TEST_STEP][PASSED] - setText(findTestObject("Object Repository/Page_/setTargetTime"), timeZone): Text ' 10/24/2019 00:00' is set on object 'Object Repository/Page_/setTargetTime'

2019-10-04 14:39:31 - [MESSAGE][PASSED] - Text ' 10/24/2019 00:00' is set on object 'Object Repository/Page_/setTargetTime'

2019-10-04 14:39:31 - [TEST_STEP][PASSED] - click(findTestObject("Object Repository/Page_/input")): Object: 'Object Repository/Page_/input' is clicked on

2019-10-04 14:39:32 - [MESSAGE][PASSED] - Object: 'Object Repository/Page_/input' is clicked on

2019-10-04 14:39:32 - [TEST_STEP][PASSED] - delay(10): Delayed 10 second(s)

2019-10-04 14:39:42 - [MESSAGE][PASSED] - Delayed 10 second(s)

2019-10-04 14:39:42 - [TEST_STEP][NOT_RUN] - closeBrowser(): NOT_RUN: closeBrowser()

2019-10-04 14:39:42 - [MESSAGE][NOT_RUN] - NOT_RUN: closeBrowser()

2019-10-04 14:39:42 - [MESSAGE][PASSED] - Call Test Case 'Test Cases/NewArrival/setTimezone' successfully

2019-10-04 14:39:42 - [TEST_STEP][PASSED] - if (timeRow == 1): null

2019-10-04 14:39:42 - [TEST_STEP][PASSED] - callTestCase(findTestCase("TestCaseUtilities/backOfficeLogin"), ["BOURL":"", "BOuser":"", "BOpass":""], CONTINUE_ON_FAILURE): Call Test Case 'Test Cases/TestCaseUtilities/backOfficeLogin' successfully

2019-10-04 14:39:42 - [TEST_CASE][PASSED] - Test Cases/TestCaseUtilities/backOfficeLogin: Test Cases/TestCaseUtilities/backOfficeLogin

2019-10-04 14:39:42 - [TEST_STEP][PASSED] - BOURL = findTestData("envtData").getValue("BOURL", 1): null

2019-10-04 14:39:42 - [TEST_STEP][PASSED] - BOuser = findTestData("credData").getValue("BOuser", 1): null

2019-10-04 14:39:42 - [TEST_STEP][PASSED] - BOpass = findTestData("credData").getValue("BOpass", 1): null

2019-10-04 14:39:42 - [TEST_STEP][PASSED] - openBrowser(""): Browser is opened with url: ''

2019-10-04 14:39:42 - [MESSAGE][WARNING] - A browser is already opened. Closing browser and opening a new one

2019-10-04 14:39:43 - [MESSAGE][INFO] - Starting 'Chrome' driver

2019-10-04 14:39:43 - [MESSAGE][INFO] - User set preference: ['args', '[--use-fake-ui-for-media-stream, --start-maximized]']

2019-10-04 14:39:45 - [MESSAGE][PASSED] - Browser is opened with url: ''

2019-10-04 14:39:45 - [TEST_STEP][PASSED] - navigateToUrl(BOURL): Navigate to 'https://test4.cliotest.com/backoffice/control/main' successfully

2019-10-04 14:39:52 - [MESSAGE][PASSED] - Navigate to 'https://test4.cliotest.com/backoffice/control/main' successfully

2019-10-04 14:39:52 - [TEST_STEP][PASSED] - logOut = findWebElements(findTestObject("Object Repository/Page_cabi Home/log_out"), 1): Unable to find the element located by 'By.xpath: //a[contains(text(),'Log Out')]'. Please recheck the objects properties to make sure the desired element is located. 

2019-10-04 14:39:53 - [MESSAGE][INFO] - Unable to find the element located by 'By.xpath: //a[contains(text(),'Log Out')]'. Please recheck the objects properties to make sure the desired element is located. 

2019-10-04 14:39:53 - [TEST_STEP][PASSED] - if (logOut.size() == 0): Object: 'Object Repository/Page_cabi/input_Welcome to_consultantLogin' is clicked on

2019-10-04 14:39:53 - [TEST_STEP][PASSED] - setText(findTestObject("Page_cabi/input_Welcome to_USERNAME"), BOuser): Text '400000002' is set on object 'Object Repository/Page_cabi/input_Welcome to_USERNAME'

2019-10-04 14:39:53 - [MESSAGE][PASSED] - Text '400000002' is set on object 'Object Repository/Page_cabi/input_Welcome to_USERNAME'

2019-10-04 14:39:53 - [TEST_STEP][PASSED] - setText(findTestObject("Object Repository/Page_cabi/input_Welcome to_PASSWORD"), BOpass): Text 'blackdress19' is set on object 'Object Repository/Page_cabi/input_Welcome to_PASSWORD'

2019-10-04 14:39:53 - [MESSAGE][PASSED] - Text 'blackdress19' is set on object 'Object Repository/Page_cabi/input_Welcome to_PASSWORD'

2019-10-04 14:39:53 - [TEST_STEP][PASSED] - click(findTestObject("Object Repository/Page_cabi/input_Welcome to_consultantLogin")): Object: 'Object Repository/Page_cabi/input_Welcome to_consultantLogin' is clicked on

2019-10-04 14:40:03 - [MESSAGE][PASSED] - Object: 'Object Repository/Page_cabi/input_Welcome to_consultantLogin' is clicked on

2019-10-04 14:40:03 - [TEST_STEP][PASSED] - delay(3): Delayed 3 second(s)

2019-10-04 14:40:06 - [MESSAGE][PASSED] - Delayed 3 second(s)

2019-10-04 14:40:06 - [MESSAGE][PASSED] - Call Test Case 'Test Cases/TestCaseUtilities/backOfficeLogin' successfully

2019-10-04 14:40:06 - [TEST_STEP][PASSED] - click(findTestObject("Object Repository/findOrders/Page_cabi Find Orders/Page_cabi Home/a_Shows  Orders")): Object: 'Object Repository/findOrders/Page_cabi Find Orders/Page_cabi Home/a_Shows  Orders' is clicked on

2019-10-04 14:40:06 - [MESSAGE][PASSED] - Object: 'Object Repository/findOrders/Page_cabi Find Orders/Page_cabi Home/a_Shows  Orders' is clicked on

2019-10-04 14:40:06 - [TEST_STEP][PASSED] - click(findTestObject("Object Repository/findOrders/Page_cabi Find Orders/Page_cabi Home/a_Orders")): Object: 'Object Repository/findOrders/Page_cabi Find Orders/Page_cabi Home/a_Orders' is clicked on

2019-10-04 14:40:09 - [MESSAGE][PASSED] - Object: 'Object Repository/findOrders/Page_cabi Find Orders/Page_cabi Home/a_Orders' is clicked on

2019-10-04 14:40:09 - [TEST_STEP][PASSED] - click(findTestObject("Object Repository/findOrders/Page_cabi Find Orders/Page_cabi Find Orders/b")): Object: 'Object Repository/findOrders/Page_cabi Find Orders/Page_cabi Find Orders/b' is clicked on

2019-10-04 14:40:09 - [MESSAGE][PASSED] - Object: 'Object Repository/findOrders/Page_cabi Find Orders/Page_cabi Find Orders/b' is clicked on

2019-10-04 14:40:09 - [TEST_STEP][PASSED] - delay(3): Delayed 3 second(s)

2019-10-04 14:40:12 - [MESSAGE][PASSED] - Delayed 3 second(s)

2019-10-04 14:40:12 - [TEST_STEP][PASSED] - click(findTestObject("findOrders/Page_cabi Find Orders/orderNo")): Object: 'Object Repository/findOrders/Page_cabi Find Orders/orderNo' is clicked on

2019-10-04 14:40:12 - [MESSAGE][PASSED] - Object: 'Object Repository/findOrders/Page_cabi Find Orders/orderNo' is clicked on

2019-10-04 14:40:12 - [TEST_STEP][PASSED] - delay(3): Delayed 3 second(s)

2019-10-04 14:40:15 - [MESSAGE][PASSED] - Delayed 3 second(s)

2019-10-04 14:40:15 - [TEST_STEP][PASSED] - click(findTestObject("Object Repository/findOrders/Page_cabi Find Orders/Page_cabi Find Orders/pendingShipment")): Object: 'Object Repository/findOrders/Page_cabi Find Orders/Page_cabi Find Orders/pendingShipment' is clicked on

2019-10-04 14:40:15 - [MESSAGE][PASSED] - Object: 'Object Repository/findOrders/Page_cabi Find Orders/Page_cabi Find Orders/pendingShipment' is clicked on

2019-10-04 14:40:15 - [TEST_STEP][PASSED] - click(findTestObject("Object Repository/findOrders/Page_cabi Find Orders/Page_cabi Find Orders/inputShipped")): Object: 'Object Repository/findOrders/Page_cabi Find Orders/Page_cabi Find Orders/inputShipped' is clicked on

2019-10-04 14:40:16 - [MESSAGE][PASSED] - Object: 'Object Repository/findOrders/Page_cabi Find Orders/Page_cabi Find Orders/inputShipped' is clicked on

2019-10-04 14:40:16 - [TEST_STEP][PASSED] - setText(findTestObject("Object Repository/findOrders/Page_cabi Find Orders/Page_cabi Find Orders/inputOrderId"), addOnOrderId): Text 'PR708301400' is set on object 'Object Repository/findOrders/Page_cabi Find Orders/Page_cabi Find Orders/inputOrderId'

2019-10-04 14:40:16 - [MESSAGE][PASSED] - Text 'PR708301400' is set on object 'Object Repository/findOrders/Page_cabi Find Orders/Page_cabi Find Orders/inputOrderId'

2019-10-04 14:40:16 - [TEST_STEP][PASSED] - click(findTestObject("Object Repository/findOrders/Page_cabi Find Orders/Page_cabi Find Orders/findOrders")): Object: 'Object Repository/findOrders/Page_cabi Find Orders/Page_cabi Find Orders/findOrders' is clicked on

2019-10-04 14:40:16 - [MESSAGE][PASSED] - Object: 'Object Repository/findOrders/Page_cabi Find Orders/Page_cabi Find Orders/findOrders' is clicked on

2019-10-04 14:40:16 - [TEST_STEP][PASSED] - click(findTestObject("findOrders/Page_cabi Find Orders/orderView")): Object: 'Object Repository/findOrders/Page_cabi Find Orders/orderView' is clicked on

2019-10-04 14:40:19 - [MESSAGE][PASSED] - Object: 'Object Repository/findOrders/Page_cabi Find Orders/orderView' is clicked on

2019-10-04 14:40:19 - [TEST_STEP][PASSED] - delay(3): Delayed 3 second(s)

2019-10-04 14:40:22 - [MESSAGE][PASSED] - Delayed 3 second(s)

2019-10-04 14:40:22 - [TEST_STEP][PASSED] - refresh(): Refresh successfully

2019-10-04 14:40:22 - [MESSAGE][PASSED] - Refresh successfully

2019-10-04 14:40:22 - [TEST_STEP][PASSED] - delay(3): Delayed 3 second(s)

2019-10-04 14:40:25 - [MESSAGE][PASSED] - Delayed 3 second(s)

2019-10-04 14:40:25 - [TEST_STEP][PASSED] - refresh(): Refresh successfully

2019-10-04 14:40:25 - [MESSAGE][PASSED] - Refresh successfully

2019-10-04 14:40:25 - [TEST_STEP][PASSED] - delay(10): Delayed 10 second(s)

2019-10-04 14:40:35 - [MESSAGE][PASSED] - Delayed 10 second(s)

2019-10-04 14:40:35 - [TEST_STEP][PASSED] - refresh(): Refresh successfully

2019-10-04 14:40:35 - [MESSAGE][PASSED] - Refresh successfully

2019-10-04 14:40:35 - [TEST_STEP][PASSED] - delay(3): Delayed 3 second(s)

2019-10-04 14:40:38 - [MESSAGE][PASSED] - Delayed 3 second(s)

2019-10-04 14:40:38 - [TEST_STEP][PASSED] - click(findTestObject("Object Repository/findOrders/Page_cabi Find Orders/Page_cabi Order View/a_(Return Order)")): Object: 'Object Repository/findOrders/Page_cabi Find Orders/Page_cabi Order View/a_(Return Order)' is clicked on

2019-10-04 14:40:42 - [MESSAGE][PASSED] - Object: 'Object Repository/findOrders/Page_cabi Find Orders/Page_cabi Order View/a_(Return Order)' is clicked on

2019-10-04 14:40:42 - [TEST_STEP][PASSED] - delay(3): Delayed 3 second(s)

2019-10-04 14:40:45 - [MESSAGE][PASSED] - Delayed 3 second(s)

2019-10-04 14:40:45 - [TEST_STEP][PASSED] - if (timeRow == 1): null

2019-10-04 14:40:45 - [TEST_STEP][PASSED] - else: Object: 'Object Repository/findOrders/Page_cabi Find Orders/Page_cabi Stylist Create RMA/a_next_existing_rma' is clicked on

2019-10-04 14:40:45 - [TEST_STEP][PASSED] - delay(1): Delayed 1 second(s)

2019-10-04 14:40:46 - [MESSAGE][PASSED] - Delayed 1 second(s)

2019-10-04 14:40:46 - [TEST_STEP][PASSED] - click(UtilityMethods.createTestObject("a_view_existing_rma", "//div/span[text()= 'RMA# ", rmaNumber, "']/following-sibling::a")): Object: 'a_view_existing_rma' is clicked on

2019-10-04 14:40:47 - [MESSAGE][PASSED] - Object: 'a_view_existing_rma' is clicked on

2019-10-04 14:40:47 - [TEST_STEP][PASSED] - delay(1): Delayed 1 second(s)

2019-10-04 14:40:48 - [MESSAGE][PASSED] - Delayed 1 second(s)

2019-10-04 14:40:48 - [TEST_STEP][PASSED] - click(findTestObject("Object Repository/findOrders/Page_cabi Find Orders/Page_cabi Stylist Create RMA/a_next_existing_rma")): Object: 'Object Repository/findOrders/Page_cabi Find Orders/Page_cabi Stylist Create RMA/a_next_existing_rma' is clicked on

2019-10-04 14:40:49 - [MESSAGE][PASSED] - Object: 'Object Repository/findOrders/Page_cabi Find Orders/Page_cabi Stylist Create RMA/a_next_existing_rma' is clicked on

2019-10-04 14:40:49 - [TEST_STEP][PASSED] - delay(1): Delayed 1 second(s)

2019-10-04 14:40:50 - [MESSAGE][PASSED] - Delayed 1 second(s)

2019-10-04 14:40:50 - [TEST_STEP][PASSED] - click(findTestObject("Object Repository/findOrders/Page_cabi Find Orders/Page_cabi Stylist Create RMA/addonOrder")): Object: 'Object Repository/findOrders/Page_cabi Find Orders/Page_cabi Stylist Create RMA/addonOrder' is clicked on

2019-10-04 14:40:51 - [MESSAGE][PASSED] - Object: 'Object Repository/findOrders/Page_cabi Find Orders/Page_cabi Stylist Create RMA/addonOrder' is clicked on

2019-10-04 14:40:51 - [TEST_STEP][PASSED] - delay(3): Delayed 3 second(s)

2019-10-04 14:40:54 - [MESSAGE][PASSED] - Delayed 3 second(s)

2019-10-04 14:40:54 - [TEST_STEP][FAILED] - click(findTestObject("Object Repository/Page_cabi_addOn_order/a_continue_to_order")): for ([timeRow = 1, timeRow <= findTestData("timezoneData").getRowNumbers(), (timeRow++)]) FAILED.
Reason:
com.kms.katalon.core.exception.StepFailedException: Unable to click on object 'Object Repository/Page_cabi_addOn_order/a_continue_to_order'
	at com.kms.katalon.core.webui.keyword.internal.WebUIKeywordMain.stepFailed(WebUIKeywordMain.groovy:64)
	at com.kms.katalon.core.webui.keyword.internal.WebUIKeywordMain.runKeyword(WebUIKeywordMain.groovy:26)
	at com.kms.katalon.core.webui.keyword.builtin.ClickKeyword.click(ClickKeyword.groovy:86)
	at com.kms.katalon.core.webui.keyword.builtin.ClickKeyword.execute(ClickKeyword.groovy:67)
	at com.kms.katalon.core.keyword.internal.KeywordExecutor.executeKeywordForPlatform(KeywordExecutor.groovy:56)
	at com.kms.katalon.core.webui.keyword.WebUiBuiltInKeywords.click(WebUiBuiltInKeywords.groovy:616)
	at com.kms.katalon.core.webui.keyword.WebUiBuiltInKeywords$click$2.call(Unknown Source)
	at addOnOrderPersonal.run(addOnOrderPersonal:195)
	at com.kms.katalon.core.main.ScriptEngine.run(ScriptEngine.java:194)
	at com.kms.katalon.core.main.ScriptEngine.runScriptAsRawText(ScriptEngine.java:119)
	at com.kms.katalon.core.main.TestCaseExecutor.runScript(TestCaseExecutor.java:342)
	at com.kms.katalon.core.main.TestCaseExecutor.doExecute(TestCaseExecutor.java:333)
	at com.kms.katalon.core.main.TestCaseExecutor.processExecutionPhase(TestCaseExecutor.java:312)
	at com.kms.katalon.core.main.TestCaseExecutor.accessMainPhase(TestCaseExecutor.java:304)
	at com.kms.katalon.core.main.TestCaseExecutor.execute(TestCaseExecutor.java:238)
	at com.kms.katalon.core.main.TestSuiteExecutor.accessTestCaseMainPhase(TestSuiteExecutor.java:129)
	at com.kms.katalon.core.main.TestSuiteExecutor.accessTestSuiteMainPhase(TestSuiteExecutor.java:112)
	at com.kms.katalon.core.main.TestSuiteExecutor.execute(TestSuiteExecutor.java:81)
	at com.kms.katalon.core.main.TestCaseMain.startTestSuite(TestCaseMain.java:157)
	at com.kms.katalon.core.main.TestCaseMain$startTestSuite$0.call(Unknown Source)
	at TempTestSuite1570179690322.run(TempTestSuite1570179690322.groovy:35)
Caused by: com.kms.katalon.core.webui.exception.WebElementNotFoundException: Web element with id: 'Object Repository/Page_cabi_addOn_order/a_continue_to_order' located by 'By.xpath: //a/span[contains(text(), 'Continue to Order')]' not found
	at com.kms.katalon.core.webui.common.WebUiCommonHelper.findWebElement(WebUiCommonHelper.java:1097)
	at com.kms.katalon.core.webui.keyword.internal.WebUIAbstractKeyword.findWebElement(WebUIAbstractKeyword.groovy:27)
	at com.kms.katalon.core.webui.keyword.internal.WebUIAbstractKeyword.findWebElement(WebUIAbstractKeyword.groovy:26)
	at com.kms.katalon.core.webui.keyword.builtin.ClickKeyword$_click_closure1.doCall(ClickKeyword.groovy:77)
	at com.kms.katalon.core.webui.keyword.builtin.ClickKeyword$_click_closure1.call(ClickKeyword.groovy)
	at com.kms.katalon.core.webui.keyword.internal.WebUIKeywordMain.runKeyword(WebUIKeywordMain.groovy:20)
	at com.kms.katalon.core.webui.keyword.builtin.ClickKeyword.click(ClickKeyword.groovy:86)
	at com.kms.katalon.core.webui.keyword.builtin.ClickKeyword.execute(ClickKeyword.groovy:67)
	at com.kms.katalon.core.keyword.internal.KeywordExecutor.executeKeywordForPlatform(KeywordExecutor.groovy:56)
	at com.kms.katalon.core.webui.keyword.WebUiBuiltInKeywords.click(WebUiBuiltInKeywords.groovy:616)
	at com.kms.katalon.core.webui.keyword.WebUiBuiltInKeywords$click$2.call(Unknown Source)
	at Script1557928690388.run(Script1557928690388.groovy:195)
	... 13 more


2019-10-04 14:41:25 - [MESSAGE][INFO] - Unable to find the element located by 'By.xpath: //a/span[contains(text(), 'Continue to Order')]'. Please recheck the objects properties to make sure the desired element is located. 

2019-10-04 14:41:25 - [MESSAGE][FAILED] - Unable to click on object 'Object Repository/Page_cabi_addOn_order/a_continue_to_order' (Root cause: com.kms.katalon.core.exception.StepFailedException: Unable to click on object 'Object Repository/Page_cabi_addOn_order/a_continue_to_order'
	at com.kms.katalon.core.webui.keyword.internal.WebUIKeywordMain.stepFailed(WebUIKeywordMain.groovy:64)
	at com.kms.katalon.core.webui.keyword.internal.WebUIKeywordMain.runKeyword(WebUIKeywordMain.groovy:26)
	at com.kms.katalon.core.webui.keyword.builtin.ClickKeyword.click(ClickKeyword.groovy:86)
	at com.kms.katalon.core.webui.keyword.builtin.ClickKeyword.execute(ClickKeyword.groovy:67)
	at com.kms.katalon.core.keyword.internal.KeywordExecutor.executeKeywordForPlatform(KeywordExecutor.groovy:56)
	at com.kms.katalon.core.webui.keyword.WebUiBuiltInKeywords.click(WebUiBuiltInKeywords.groovy:616)
	at com.kms.katalon.core.webui.keyword.WebUiBuiltInKeywords$click$2.call(Unknown Source)
	at addOnOrderPersonal.run(addOnOrderPersonal:195)
	at com.kms.katalon.core.main.ScriptEngine.run(ScriptEngine.java:194)
	at com.kms.katalon.core.main.ScriptEngine.runScriptAsRawText(ScriptEngine.java:119)
	at com.kms.katalon.core.main.TestCaseExecutor.runScript(TestCaseExecutor.java:342)
	at com.kms.katalon.core.main.TestCaseExecutor.doExecute(TestCaseExecutor.java:333)
	at com.kms.katalon.core.main.TestCaseExecutor.processExecutionPhase(TestCaseExecutor.java:312)
	at com.kms.katalon.core.main.TestCaseExecutor.accessMainPhase(TestCaseExecutor.java:304)
	at com.kms.katalon.core.main.TestCaseExecutor.execute(TestCaseExecutor.java:238)
	at com.kms.katalon.core.main.TestSuiteExecutor.accessTestCaseMainPhase(TestSuiteExecutor.java:129)
	at com.kms.katalon.core.main.TestSuiteExecutor.accessTestSuiteMainPhase(TestSuiteExecutor.java:112)
	at com.kms.katalon.core.main.TestSuiteExecutor.execute(TestSuiteExecutor.java:81)
	at com.kms.katalon.core.main.TestCaseMain.startTestSuite(TestCaseMain.java:157)
	at com.kms.katalon.core.main.TestCaseMain$startTestSuite$0.call(Unknown Source)
	at TempTestSuite1570179690322.run(TempTestSuite1570179690322.groovy:35)
Caused by: com.kms.katalon.core.webui.exception.WebElementNotFoundException: Web element with id: 'Object Repository/Page_cabi_addOn_order/a_continue_to_order' located by 'By.xpath: //a/span[contains(text(), 'Continue to Order')]' not found
	at com.kms.katalon.core.webui.common.WebUiCommonHelper.findWebElement(WebUiCommonHelper.java:1097)
	at com.kms.katalon.core.webui.keyword.internal.WebUIAbstractKeyword.findWebElement(WebUIAbstractKeyword.groovy:27)
	at com.kms.katalon.core.webui.keyword.internal.WebUIAbstractKeyword.findWebElement(WebUIAbstractKeyword.groovy:26)
	at com.kms.katalon.core.webui.keyword.builtin.ClickKeyword$_click_closure1.doCall(ClickKeyword.groovy:77)
	at com.kms.katalon.core.webui.keyword.builtin.ClickKeyword$_click_closure1.call(ClickKeyword.groovy)
	at com.kms.katalon.core.webui.keyword.internal.WebUIKeywordMain.runKeyword(WebUIKeywordMain.groovy:20)
	at com.kms.katalon.core.webui.keyword.builtin.ClickKeyword.click(ClickKeyword.groovy:86)
	at com.kms.katalon.core.webui.keyword.builtin.ClickKeyword.execute(ClickKeyword.groovy:67)
	at com.kms.katalon.core.keyword.internal.KeywordExecutor.executeKeywordForPlatform(KeywordExecutor.groovy:56)
	at com.kms.katalon.core.webui.keyword.WebUiBuiltInKeywords.click(WebUiBuiltInKeywords.groovy:616)
	at com.kms.katalon.core.webui.keyword.WebUiBuiltInKeywords$click$2.call(Unknown Source)
	at Script1557928690388.run(Script1557928690388.groovy:195)
	... 13 more
)
[[ATTACHMENT|C:\\Users\\user\\Documents\\testautomation\\KatalonProjects\\Reports\\NewArrivalsSuites\\NewArrivalsSuite\\20191004_143130\\1570180285237.png]]

2019-10-04 14:41:25 - [MESSAGE][FAILED] - for ([timeRow = 1, timeRow <= findTestData("timezoneData").getRowNumbers(), (timeRow++)]) FAILED.
Reason:
com.kms.katalon.core.exception.StepFailedException: Unable to click on object 'Object Repository/Page_cabi_addOn_order/a_continue_to_order'
	at com.kms.katalon.core.webui.keyword.internal.WebUIKeywordMain.stepFailed(WebUIKeywordMain.groovy:64)
	at com.kms.katalon.core.webui.keyword.internal.WebUIKeywordMain.runKeyword(WebUIKeywordMain.groovy:26)
	at com.kms.katalon.core.webui.keyword.builtin.ClickKeyword.click(ClickKeyword.groovy:86)
	at com.kms.katalon.core.webui.keyword.builtin.ClickKeyword.execute(ClickKeyword.groovy:67)
	at com.kms.katalon.core.keyword.internal.KeywordExecutor.executeKeywordForPlatform(KeywordExecutor.groovy:56)
	at com.kms.katalon.core.webui.keyword.WebUiBuiltInKeywords.click(WebUiBuiltInKeywords.groovy:616)
	at com.kms.katalon.core.webui.keyword.WebUiBuiltInKeywords$click$2.call(Unknown Source)
	at addOnOrderPersonal.run(addOnOrderPersonal:195)
	at com.kms.katalon.core.main.ScriptEngine.run(ScriptEngine.java:194)
	at com.kms.katalon.core.main.ScriptEngine.runScriptAsRawText(ScriptEngine.java:119)
	at com.kms.katalon.core.main.TestCaseExecutor.runScript(TestCaseExecutor.java:342)
	at com.kms.katalon.core.main.TestCaseExecutor.doExecute(TestCaseExecutor.java:333)
	at com.kms.katalon.core.main.TestCaseExecutor.processExecutionPhase(TestCaseExecutor.java:312)
	at com.kms.katalon.core.main.TestCaseExecutor.accessMainPhase(TestCaseExecutor.java:304)
	at com.kms.katalon.core.main.TestCaseExecutor.execute(TestCaseExecutor.java:238)
	at com.kms.katalon.core.main.TestSuiteExecutor.accessTestCaseMainPhase(TestSuiteExecutor.java:129)
	at com.kms.katalon.core.main.TestSuiteExecutor.accessTestSuiteMainPhase(TestSuiteExecutor.java:112)
	at com.kms.katalon.core.main.TestSuiteExecutor.execute(TestSuiteExecutor.java:81)
	at com.kms.katalon.core.main.TestCaseMain.startTestSuite(TestCaseMain.java:157)
	at com.kms.katalon.core.main.TestCaseMain$startTestSuite$0.call(Unknown Source)
	at TempTestSuite1570179690322.run(TempTestSuite1570179690322.groovy:35)
Caused by: com.kms.katalon.core.webui.exception.WebElementNotFoundException: Web element with id: 'Object Repository/Page_cabi_addOn_order/a_continue_to_order' located by 'By.xpath: //a/span[contains(text(), 'Continue to Order')]' not found
	at com.kms.katalon.core.webui.common.WebUiCommonHelper.findWebElement(WebUiCommonHelper.java:1097)
	at com.kms.katalon.core.webui.keyword.internal.WebUIAbstractKeyword.findWebElement(WebUIAbstractKeyword.groovy:27)
	at com.kms.katalon.core.webui.keyword.internal.WebUIAbstractKeyword.findWebElement(WebUIAbstractKeyword.groovy:26)
	at com.kms.katalon.core.webui.keyword.builtin.ClickKeyword$_click_closure1.doCall(ClickKeyword.groovy:77)
	at com.kms.katalon.core.webui.keyword.builtin.ClickKeyword$_click_closure1.call(ClickKeyword.groovy)
	at com.kms.katalon.core.webui.keyword.internal.WebUIKeywordMain.runKeyword(WebUIKeywordMain.groovy:20)
	at com.kms.katalon.core.webui.keyword.builtin.ClickKeyword.click(ClickKeyword.groovy:86)
	at com.kms.katalon.core.webui.keyword.builtin.ClickKeyword.execute(ClickKeyword.groovy:67)
	at com.kms.katalon.core.keyword.internal.KeywordExecutor.executeKeywordForPlatform(KeywordExecutor.groovy:56)
	at com.kms.katalon.core.webui.keyword.WebUiBuiltInKeywords.click(WebUiBuiltInKeywords.groovy:616)
	at com.kms.katalon.core.webui.keyword.WebUiBuiltInKeywords$click$2.call(Unknown Source)
	at Script1557928690388.run(Script1557928690388.groovy:195)
	... 13 more]]></system-out>
         <system-err><![CDATA[2019-10-04 14:31:34 - [TEST_CASE][FAILED] - Test Cases/NewArrival/addOnOrderPersonal: Test Cases/NewArrival/addOnOrderPersonal FAILED.
Reason:
com.kms.katalon.core.exception.StepFailedException: Unable to click on object 'Object Repository/Page_cabi_addOn_order/a_continue_to_order'
	at com.kms.katalon.core.webui.keyword.internal.WebUIKeywordMain.stepFailed(WebUIKeywordMain.groovy:64)
	at com.kms.katalon.core.webui.keyword.internal.WebUIKeywordMain.runKeyword(WebUIKeywordMain.groovy:26)
	at com.kms.katalon.core.webui.keyword.builtin.ClickKeyword.click(ClickKeyword.groovy:86)
	at com.kms.katalon.core.webui.keyword.builtin.ClickKeyword.execute(ClickKeyword.groovy:67)
	at com.kms.katalon.core.keyword.internal.KeywordExecutor.executeKeywordForPlatform(KeywordExecutor.groovy:56)
	at com.kms.katalon.core.webui.keyword.WebUiBuiltInKeywords.click(WebUiBuiltInKeywords.groovy:616)
	at com.kms.katalon.core.webui.keyword.WebUiBuiltInKeywords$click$2.call(Unknown Source)
	at addOnOrderPersonal.run(addOnOrderPersonal:195)
	at com.kms.katalon.core.main.ScriptEngine.run(ScriptEngine.java:194)
	at com.kms.katalon.core.main.ScriptEngine.runScriptAsRawText(ScriptEngine.java:119)
	at com.kms.katalon.core.main.TestCaseExecutor.runScript(TestCaseExecutor.java:342)
	at com.kms.katalon.core.main.TestCaseExecutor.doExecute(TestCaseExecutor.java:333)
	at com.kms.katalon.core.main.TestCaseExecutor.processExecutionPhase(TestCaseExecutor.java:312)
	at com.kms.katalon.core.main.TestCaseExecutor.accessMainPhase(TestCaseExecutor.java:304)
	at com.kms.katalon.core.main.TestCaseExecutor.execute(TestCaseExecutor.java:238)
	at com.kms.katalon.core.main.TestSuiteExecutor.accessTestCaseMainPhase(TestSuiteExecutor.java:129)
	at com.kms.katalon.core.main.TestSuiteExecutor.accessTestSuiteMainPhase(TestSuiteExecutor.java:112)
	at com.kms.katalon.core.main.TestSuiteExecutor.execute(TestSuiteExecutor.java:81)
	at com.kms.katalon.core.main.TestCaseMain.startTestSuite(TestCaseMain.java:157)
	at com.kms.katalon.core.main.TestCaseMain$startTestSuite$0.call(Unknown Source)
	at TempTestSuite1570179690322.run(TempTestSuite1570179690322.groovy:35)
Caused by: com.kms.katalon.core.webui.exception.WebElementNotFoundException: Web element with id: 'Object Repository/Page_cabi_addOn_order/a_continue_to_order' located by 'By.xpath: //a/span[contains(text(), 'Continue to Order')]' not found
	at com.kms.katalon.core.webui.common.WebUiCommonHelper.findWebElement(WebUiCommonHelper.java:1097)
	at com.kms.katalon.core.webui.keyword.internal.WebUIAbstractKeyword.findWebElement(WebUIAbstractKeyword.groovy:27)
	at com.kms.katalon.core.webui.keyword.internal.WebUIAbstractKeyword.findWebElement(WebUIAbstractKeyword.groovy:26)
	at com.kms.katalon.core.webui.keyword.builtin.ClickKeyword$_click_closure1.doCall(ClickKeyword.groovy:77)
	at com.kms.katalon.core.webui.keyword.builtin.ClickKeyword$_click_closure1.call(ClickKeyword.groovy)
	at com.kms.katalon.core.webui.keyword.internal.WebUIKeywordMain.runKeyword(WebUIKeywordMain.groovy:20)
	at com.kms.katalon.core.webui.keyword.builtin.ClickKeyword.click(ClickKeyword.groovy:86)
	at com.kms.katalon.core.webui.keyword.builtin.ClickKeyword.execute(ClickKeyword.groovy:67)
	at com.kms.katalon.core.keyword.internal.KeywordExecutor.executeKeywordForPlatform(KeywordExecutor.groovy:56)
	at com.kms.katalon.core.webui.keyword.WebUiBuiltInKeywords.click(WebUiBuiltInKeywords.groovy:616)
	at com.kms.katalon.core.webui.keyword.WebUiBuiltInKeywords$click$2.call(Unknown Source)
	at Script1557928690388.run(Script1557928690388.groovy:195)
	... 13 more]]></system-err>
      </testcase>
      <testcase name="Test Cases/NewArrival/addOnOrderRetail" classname="Test Cases/NewArrival/addOnOrderRetail" status="FAILED">
         <failure type="FAILED" message="Test Cases/NewArrival/addOnOrderRetail FAILED.
Reason:
com.kms.katalon.core.exception.StepFailedException: Unable to click on object 'Object Repository/Page_cabi Retail Store/span_quick_entry'
	at com.kms.katalon.core.webui.keyword.internal.WebUIKeywordMain.stepFailed(WebUIKeywordMain.groovy:64)
	at com.kms.katalon.core.webui.keyword.internal.WebUIKeywordMain.runKeyword(WebUIKeywordMain.groovy:26)
	at com.kms.katalon.core.webui.keyword.builtin.ClickKeyword.click(ClickKeyword.groovy:86)
	at com.kms.katalon.core.webui.keyword.builtin.ClickKeyword.execute(ClickKeyword.groovy:67)
	at com.kms.katalon.core.keyword.internal.KeywordExecutor.executeKeywordForPlatform(KeywordExecutor.groovy:56)
	at com.kms.katalon.core.webui.keyword.WebUiBuiltInKeywords.click(WebUiBuiltInKeywords.groovy:616)
	at com.kms.katalon.core.webui.keyword.WebUiBuiltInKeywords$click$2.call(Unknown Source)
	at addOnOrderRetail.run(addOnOrderRetail:114)
	at com.kms.katalon.core.main.ScriptEngine.run(ScriptEngine.java:194)
	at com.kms.katalon.core.main.ScriptEngine.runScriptAsRawText(ScriptEngine.java:119)
	at com.kms.katalon.core.main.TestCaseExecutor.runScript(TestCaseExecutor.java:342)
	at com.kms.katalon.core.main.TestCaseExecutor.doExecute(TestCaseExecutor.java:333)
	at com.kms.katalon.core.main.TestCaseExecutor.processExecutionPhase(TestCaseExecutor.java:312)
	at com.kms.katalon.core.main.TestCaseExecutor.accessMainPhase(TestCaseExecutor.java:304)
	at com.kms.katalon.core.main.TestCaseExecutor.execute(TestCaseExecutor.java:238)
	at com.kms.katalon.core.main.TestSuiteExecutor.accessTestCaseMainPhase(TestSuiteExecutor.java:129)
	at com.kms.katalon.core.main.TestSuiteExecutor.accessTestSuiteMainPhase(TestSuiteExecutor.java:112)
	at com.kms.katalon.core.main.TestSuiteExecutor.execute(TestSuiteExecutor.java:81)
	at com.kms.katalon.core.main.TestCaseMain.startTestSuite(TestCaseMain.java:157)
	at com.kms.katalon.core.main.TestCaseMain$startTestSuite$0.call(Unknown Source)
	at TempTestSuite1570179690322.run(TempTestSuite1570179690322.groovy:35)
Caused by: com.kms.katalon.core.webui.exception.WebElementNotFoundException: Web element with id: 'Object Repository/Page_cabi Retail Store/span_quick_entry' located by 'By.xpath: //ul/li/a/span[contains(text(), 'Quick Entry')]' not found
	at com.kms.katalon.core.webui.common.WebUiCommonHelper.findWebElement(WebUiCommonHelper.java:1097)
	at com.kms.katalon.core.webui.keyword.internal.WebUIAbstractKeyword.findWebElement(WebUIAbstractKeyword.groovy:27)
	at com.kms.katalon.core.webui.keyword.internal.WebUIAbstractKeyword.findWebElement(WebUIAbstractKeyword.groovy:26)
	at com.kms.katalon.core.webui.keyword.builtin.ClickKeyword$_click_closure1.doCall(ClickKeyword.groovy:77)
	at com.kms.katalon.core.webui.keyword.builtin.ClickKeyword$_click_closure1.call(ClickKeyword.groovy)
	at com.kms.katalon.core.webui.keyword.internal.WebUIKeywordMain.runKeyword(WebUIKeywordMain.groovy:20)
	at com.kms.katalon.core.webui.keyword.builtin.ClickKeyword.click(ClickKeyword.groovy:86)
	at com.kms.katalon.core.webui.keyword.builtin.ClickKeyword.execute(ClickKeyword.groovy:67)
	at com.kms.katalon.core.keyword.internal.KeywordExecutor.executeKeywordForPlatform(KeywordExecutor.groovy:56)
	at com.kms.katalon.core.webui.keyword.WebUiBuiltInKeywords.click(WebUiBuiltInKeywords.groovy:616)
	at com.kms.katalon.core.webui.keyword.WebUiBuiltInKeywords$click$2.call(Unknown Source)
	at Script1557930374333.run(Script1557930374333.groovy:114)
	... 13 more
"/>
         <system-out><![CDATA[2019-10-04 14:41:25 - [TEST_CASE][FAILED] - Test Cases/NewArrival/addOnOrderRetail: Test Cases/NewArrival/addOnOrderRetail FAILED.
Reason:
com.kms.katalon.core.exception.StepFailedException: Unable to click on object 'Object Repository/Page_cabi Retail Store/span_quick_entry'
	at com.kms.katalon.core.webui.keyword.internal.WebUIKeywordMain.stepFailed(WebUIKeywordMain.groovy:64)
	at com.kms.katalon.core.webui.keyword.internal.WebUIKeywordMain.runKeyword(WebUIKeywordMain.groovy:26)
	at com.kms.katalon.core.webui.keyword.builtin.ClickKeyword.click(ClickKeyword.groovy:86)
	at com.kms.katalon.core.webui.keyword.builtin.ClickKeyword.execute(ClickKeyword.groovy:67)
	at com.kms.katalon.core.keyword.internal.KeywordExecutor.executeKeywordForPlatform(KeywordExecutor.groovy:56)
	at com.kms.katalon.core.webui.keyword.WebUiBuiltInKeywords.click(WebUiBuiltInKeywords.groovy:616)
	at com.kms.katalon.core.webui.keyword.WebUiBuiltInKeywords$click$2.call(Unknown Source)
	at addOnOrderRetail.run(addOnOrderRetail:114)
	at com.kms.katalon.core.main.ScriptEngine.run(ScriptEngine.java:194)
	at com.kms.katalon.core.main.ScriptEngine.runScriptAsRawText(ScriptEngine.java:119)
	at com.kms.katalon.core.main.TestCaseExecutor.runScript(TestCaseExecutor.java:342)
	at com.kms.katalon.core.main.TestCaseExecutor.doExecute(TestCaseExecutor.java:333)
	at com.kms.katalon.core.main.TestCaseExecutor.processExecutionPhase(TestCaseExecutor.java:312)
	at com.kms.katalon.core.main.TestCaseExecutor.accessMainPhase(TestCaseExecutor.java:304)
	at com.kms.katalon.core.main.TestCaseExecutor.execute(TestCaseExecutor.java:238)
	at com.kms.katalon.core.main.TestSuiteExecutor.accessTestCaseMainPhase(TestSuiteExecutor.java:129)
	at com.kms.katalon.core.main.TestSuiteExecutor.accessTestSuiteMainPhase(TestSuiteExecutor.java:112)
	at com.kms.katalon.core.main.TestSuiteExecutor.execute(TestSuiteExecutor.java:81)
	at com.kms.katalon.core.main.TestCaseMain.startTestSuite(TestCaseMain.java:157)
	at com.kms.katalon.core.main.TestCaseMain$startTestSuite$0.call(Unknown Source)
	at TempTestSuite1570179690322.run(TempTestSuite1570179690322.groovy:35)
Caused by: com.kms.katalon.core.webui.exception.WebElementNotFoundException: Web element with id: 'Object Repository/Page_cabi Retail Store/span_quick_entry' located by 'By.xpath: //ul/li/a/span[contains(text(), 'Quick Entry')]' not found
	at com.kms.katalon.core.webui.common.WebUiCommonHelper.findWebElement(WebUiCommonHelper.java:1097)
	at com.kms.katalon.core.webui.keyword.internal.WebUIAbstractKeyword.findWebElement(WebUIAbstractKeyword.groovy:27)
	at com.kms.katalon.core.webui.keyword.internal.WebUIAbstractKeyword.findWebElement(WebUIAbstractKeyword.groovy:26)
	at com.kms.katalon.core.webui.keyword.builtin.ClickKeyword$_click_closure1.doCall(ClickKeyword.groovy:77)
	at com.kms.katalon.core.webui.keyword.builtin.ClickKeyword$_click_closure1.call(ClickKeyword.groovy)
	at com.kms.katalon.core.webui.keyword.internal.WebUIKeywordMain.runKeyword(WebUIKeywordMain.groovy:20)
	at com.kms.katalon.core.webui.keyword.builtin.ClickKeyword.click(ClickKeyword.groovy:86)
	at com.kms.katalon.core.webui.keyword.builtin.ClickKeyword.execute(ClickKeyword.groovy:67)
	at com.kms.katalon.core.keyword.internal.KeywordExecutor.executeKeywordForPlatform(KeywordExecutor.groovy:56)
	at com.kms.katalon.core.webui.keyword.WebUiBuiltInKeywords.click(WebUiBuiltInKeywords.groovy:616)
	at com.kms.katalon.core.webui.keyword.WebUiBuiltInKeywords$click$2.call(Unknown Source)
	at Script1557930374333.run(Script1557930374333.groovy:114)
	... 13 more


2019-10-04 14:41:25 - [TEST_STEP][PASSED] - Start listener action : sampleBeforeTestCase: null

2019-10-04 14:41:25 - [TEST_STEP][PASSED] - println(testCaseContext.getTestCaseId()): null

2019-10-04 14:41:25 - [TEST_STEP][PASSED] - println(testCaseContext.getTestCaseVariables()): null

2019-10-04 14:41:26 - [TEST_STEP][PASSED] - openBrowser(""): Browser is opened with url: ''

2019-10-04 14:41:26 - [MESSAGE][WARNING] - A browser is already opened. Closing browser and opening a new one

2019-10-04 14:41:27 - [MESSAGE][INFO] - Starting 'Chrome' driver

2019-10-04 14:41:27 - [MESSAGE][INFO] - User set preference: ['args', '[--use-fake-ui-for-media-stream, --start-maximized]']

2019-10-04 14:41:29 - [MESSAGE][PASSED] - Browser is opened with url: ''

2019-10-04 14:41:29 - [TEST_STEP][PASSED] - driver = <not implemented yet for class: org.codehaus.groovy.ast.expr.EmptyExpression>: null

2019-10-04 14:41:29 - [TEST_STEP][PASSED] - executor = <not implemented yet for class: org.codehaus.groovy.ast.expr.EmptyExpression>: null

2019-10-04 14:41:29 - [TEST_STEP][PASSED] - addOnStyle = findTestData("miscData").getValue("addOnStyle", 1): null

2019-10-04 14:41:29 - [TEST_STEP][FAILED] - for ([timeRow = 1, timeRow <= findTestData("timezoneData").getRowNumbers(), (timeRow++)]): for ([timeRow = 1, timeRow <= findTestData("timezoneData").getRowNumbers(), (timeRow++)]) FAILED.
Reason:
com.kms.katalon.core.exception.StepFailedException: Unable to click on object 'Object Repository/Page_cabi Retail Store/span_quick_entry'
	at com.kms.katalon.core.webui.keyword.internal.WebUIKeywordMain.stepFailed(WebUIKeywordMain.groovy:64)
	at com.kms.katalon.core.webui.keyword.internal.WebUIKeywordMain.runKeyword(WebUIKeywordMain.groovy:26)
	at com.kms.katalon.core.webui.keyword.builtin.ClickKeyword.click(ClickKeyword.groovy:86)
	at com.kms.katalon.core.webui.keyword.builtin.ClickKeyword.execute(ClickKeyword.groovy:67)
	at com.kms.katalon.core.keyword.internal.KeywordExecutor.executeKeywordForPlatform(KeywordExecutor.groovy:56)
	at com.kms.katalon.core.webui.keyword.WebUiBuiltInKeywords.click(WebUiBuiltInKeywords.groovy:616)
	at com.kms.katalon.core.webui.keyword.WebUiBuiltInKeywords$click$2.call(Unknown Source)
	at addOnOrderRetail.run(addOnOrderRetail:114)
	at com.kms.katalon.core.main.ScriptEngine.run(ScriptEngine.java:194)
	at com.kms.katalon.core.main.ScriptEngine.runScriptAsRawText(ScriptEngine.java:119)
	at com.kms.katalon.core.main.TestCaseExecutor.runScript(TestCaseExecutor.java:342)
	at com.kms.katalon.core.main.TestCaseExecutor.doExecute(TestCaseExecutor.java:333)
	at com.kms.katalon.core.main.TestCaseExecutor.processExecutionPhase(TestCaseExecutor.java:312)
	at com.kms.katalon.core.main.TestCaseExecutor.accessMainPhase(TestCaseExecutor.java:304)
	at com.kms.katalon.core.main.TestCaseExecutor.execute(TestCaseExecutor.java:238)
	at com.kms.katalon.core.main.TestSuiteExecutor.accessTestCaseMainPhase(TestSuiteExecutor.java:129)
	at com.kms.katalon.core.main.TestSuiteExecutor.accessTestSuiteMainPhase(TestSuiteExecutor.java:112)
	at com.kms.katalon.core.main.TestSuiteExecutor.execute(TestSuiteExecutor.java:81)
	at com.kms.katalon.core.main.TestCaseMain.startTestSuite(TestCaseMain.java:157)
	at com.kms.katalon.core.main.TestCaseMain$startTestSuite$0.call(Unknown Source)
	at TempTestSuite1570179690322.run(TempTestSuite1570179690322.groovy:35)
Caused by: com.kms.katalon.core.webui.exception.WebElementNotFoundException: Web element with id: 'Object Repository/Page_cabi Retail Store/span_quick_entry' located by 'By.xpath: //ul/li/a/span[contains(text(), 'Quick Entry')]' not found
	at com.kms.katalon.core.webui.common.WebUiCommonHelper.findWebElement(WebUiCommonHelper.java:1097)
	at com.kms.katalon.core.webui.keyword.internal.WebUIAbstractKeyword.findWebElement(WebUIAbstractKeyword.groovy:27)
	at com.kms.katalon.core.webui.keyword.internal.WebUIAbstractKeyword.findWebElement(WebUIAbstractKeyword.groovy:26)
	at com.kms.katalon.core.webui.keyword.builtin.ClickKeyword$_click_closure1.doCall(ClickKeyword.groovy:77)
	at com.kms.katalon.core.webui.keyword.builtin.ClickKeyword$_click_closure1.call(ClickKeyword.groovy)
	at com.kms.katalon.core.webui.keyword.internal.WebUIKeywordMain.runKeyword(WebUIKeywordMain.groovy:20)
	at com.kms.katalon.core.webui.keyword.builtin.ClickKeyword.click(ClickKeyword.groovy:86)
	at com.kms.katalon.core.webui.keyword.builtin.ClickKeyword.execute(ClickKeyword.groovy:67)
	at com.kms.katalon.core.keyword.internal.KeywordExecutor.executeKeywordForPlatform(KeywordExecutor.groovy:56)
	at com.kms.katalon.core.webui.keyword.WebUiBuiltInKeywords.click(WebUiBuiltInKeywords.groovy:616)
	at com.kms.katalon.core.webui.keyword.WebUiBuiltInKeywords$click$2.call(Unknown Source)
	at Script1557930374333.run(Script1557930374333.groovy:114)
	... 13 more


2019-10-04 14:41:29 - [TEST_STEP][PASSED] - callTestCase(findTestCase("NewArrival/populateTimeGlobalVars"), ["row":timeRow], CONTINUE_ON_FAILURE): Call Test Case 'Test Cases/NewArrival/populateTimeGlobalVars' successfully

2019-10-04 14:41:29 - [TEST_CASE][PASSED] - Test Cases/NewArrival/populateTimeGlobalVars: Test Cases/NewArrival/populateTimeGlobalVars

2019-10-04 14:41:29 - [TEST_STEP][PASSED] - dataFile = "timezoneData": null

2019-10-04 14:41:29 - [TEST_STEP][PASSED] - clockServerTarget = UtilityMethods.getTestData("envtData", "clockServerTarget", 1): null

2019-10-04 14:41:29 - [TEST_STEP][PASSED] - println(clockServerTarget): null

2019-10-04 14:41:29 - [TEST_STEP][PASSED] - orderType = UtilityMethods.getTestData(dataFile, "orderType", row): null

2019-10-04 14:41:29 - [TEST_STEP][PASSED] - timeZone = UtilityMethods.getTestData(dataFile, "timeZone", row): null

2019-10-04 14:41:29 - [TEST_STEP][PASSED] - BOPersonal = UtilityMethods.getTestData(dataFile, "BOPersonal", row): null

2019-10-04 14:41:29 - [TEST_STEP][PASSED] - BOAddonPersonal = UtilityMethods.getTestData(dataFile, "BOAddonPersonal", row): null

2019-10-04 14:41:29 - [TEST_STEP][PASSED] - BOAddonRetail = UtilityMethods.getTestData(dataFile, "BOAddonRetail", row): null

2019-10-04 14:41:29 - [TEST_STEP][PASSED] - BORetail = UtilityMethods.getTestData(dataFile, "BORetail", row): null

2019-10-04 14:41:29 - [TEST_STEP][PASSED] - BOShow = UtilityMethods.getTestData(dataFile, "BOShow", row): null

2019-10-04 14:41:29 - [TEST_STEP][PASSED] - BOOnlineoutlet = UtilityMethods.getTestData(dataFile, "BOOnlineoutlet", row): null

2019-10-04 14:41:29 - [TEST_STEP][PASSED] - BOEmployee = UtilityMethods.getTestData(dataFile, "BOEmployee", row): null

2019-10-04 14:41:29 - [TEST_STEP][PASSED] - CCPersonal = UtilityMethods.getTestData(dataFile, "CCPersonal", row): null

2019-10-04 14:41:29 - [TEST_STEP][PASSED] - CCRetail = UtilityMethods.getTestData(dataFile, "CCRetail", row): null

2019-10-04 14:41:29 - [TEST_STEP][PASSED] - CCShow = UtilityMethods.getTestData(dataFile, "CCShow", row): null

2019-10-04 14:41:29 - [TEST_STEP][PASSED] - BOEblast = UtilityMethods.getTestData(dataFile, "BOEblast", row): null

2019-10-04 14:41:29 - [TEST_STEP][PASSED] - println(row): null

2019-10-04 14:41:29 - [TEST_STEP][PASSED] - println(BOPersonal): null

2019-10-04 14:41:29 - [MESSAGE][PASSED] - Call Test Case 'Test Cases/NewArrival/populateTimeGlobalVars' successfully

2019-10-04 14:41:29 - [TEST_STEP][PASSED] - callTestCase(findTestCase("NewArrival/setTimezone"), ["ofbizURL":"", "ofbizuser":"", "ofbizpass":"", "orderType":orderType, "timeZone":timeZone, "serverTarget":serverTarget, "clockServerTarget":clockServerTarget], CONTINUE_ON_FAILURE): Call Test Case 'Test Cases/NewArrival/setTimezone' successfully

2019-10-04 14:41:30 - [TEST_CASE][PASSED] - Test Cases/NewArrival/setTimezone: Test Cases/NewArrival/setTimezone

2019-10-04 14:41:30 - [TEST_STEP][PASSED] - openBrowser(""): Browser is opened with url: ''

2019-10-04 14:41:30 - [MESSAGE][WARNING] - A browser is already opened. Closing browser and opening a new one

2019-10-04 14:41:30 - [MESSAGE][INFO] - Starting 'Chrome' driver

2019-10-04 14:41:30 - [MESSAGE][INFO] - User set preference: ['args', '[--use-fake-ui-for-media-stream, --start-maximized]']

2019-10-04 14:41:32 - [MESSAGE][PASSED] - Browser is opened with url: ''

2019-10-04 14:41:32 - [TEST_STEP][NOT_RUN] - maximizeWindow(): NOT_RUN: maximizeWindow()

2019-10-04 14:41:32 - [MESSAGE][NOT_RUN] - NOT_RUN: maximizeWindow()

2019-10-04 14:41:32 - [TEST_STEP][PASSED] - ofbizURL = findTestData("envtData").getValue("ofbizURL", 1): null

2019-10-04 14:41:32 - [TEST_STEP][PASSED] - ofbizuser = findTestData("credData").getValue("ofbizuser", 1): null

2019-10-04 14:41:32 - [TEST_STEP][PASSED] - ofbizpass = findTestData("credData").getValue("ofbizpass", 1): null

2019-10-04 14:41:32 - [TEST_STEP][PASSED] - navigateToUrl(ofbizURL): Navigate to 'https://pushofbiz.cliotest.com/login.php' successfully

2019-10-04 14:41:34 - [MESSAGE][PASSED] - Navigate to 'https://pushofbiz.cliotest.com/login.php' successfully

2019-10-04 14:41:34 - [TEST_STEP][PASSED] - setText(findTestObject("Page_/input_Username_username"), ofbizuser): Text 'automation' is set on object 'Object Repository/Page_/input_Username_username'

2019-10-04 14:41:34 - [MESSAGE][PASSED] - Text 'automation' is set on object 'Object Repository/Page_/input_Username_username'

2019-10-04 14:41:34 - [TEST_STEP][PASSED] - setText(findTestObject("Page_/input_Password_password"), ofbizpass): Text 'cabiautomation' is set on object 'Object Repository/Page_/input_Password_password'

2019-10-04 14:41:35 - [MESSAGE][PASSED] - Text 'cabiautomation' is set on object 'Object Repository/Page_/input_Password_password'

2019-10-04 14:41:35 - [TEST_STEP][PASSED] - click(findTestObject("Page_/input_Password_Submit")): Object: 'Object Repository/Page_/input_Password_Submit' is clicked on

2019-10-04 14:41:38 - [MESSAGE][PASSED] - Object: 'Object Repository/Page_/input_Password_Submit' is clicked on

2019-10-04 14:41:38 - [TEST_STEP][PASSED] - click(findTestObject("Object Repository/Page_/a_Clock set")): Object: 'Object Repository/Page_/a_Clock set' is clicked on

2019-10-04 14:41:38 - [MESSAGE][PASSED] - Object: 'Object Repository/Page_/a_Clock set' is clicked on

2019-10-04 14:41:38 - [TEST_STEP][PASSED] - cst = UtilityMethods.createTestObject("select_target", "//select[@name='Target']/option[contains(text(), '", clockServerTarget, "')]"): null

2019-10-04 14:41:38 - [TEST_STEP][PASSED] - println(clockServerTarget): null

2019-10-04 14:41:38 - [TEST_STEP][PASSED] - click(cst): Object: 'select_target' is clicked on

2019-10-04 14:41:39 - [MESSAGE][PASSED] - Object: 'select_target' is clicked on

2019-10-04 14:41:39 - [TEST_STEP][PASSED] - click(findTestObject("Page_/thisDateAndTime")): Object: 'Object Repository/Page_/thisDateAndTime' is clicked on

2019-10-04 14:41:39 - [MESSAGE][PASSED] - Object: 'Object Repository/Page_/thisDateAndTime' is clicked on

2019-10-04 14:41:39 - [TEST_STEP][PASSED] - setText(findTestObject("Object Repository/Page_/setTargetTime"), timeZone): Text ' 10/16/2019 7:00' is set on object 'Object Repository/Page_/setTargetTime'

2019-10-04 14:41:39 - [MESSAGE][PASSED] - Text ' 10/16/2019 7:00' is set on object 'Object Repository/Page_/setTargetTime'

2019-10-04 14:41:39 - [TEST_STEP][PASSED] - click(findTestObject("Object Repository/Page_/input")): Object: 'Object Repository/Page_/input' is clicked on

2019-10-04 14:41:39 - [MESSAGE][PASSED] - Object: 'Object Repository/Page_/input' is clicked on

2019-10-04 14:41:39 - [TEST_STEP][PASSED] - delay(10): Delayed 10 second(s)

2019-10-04 14:41:49 - [MESSAGE][PASSED] - Delayed 10 second(s)

2019-10-04 14:41:49 - [TEST_STEP][NOT_RUN] - closeBrowser(): NOT_RUN: closeBrowser()

2019-10-04 14:41:49 - [MESSAGE][NOT_RUN] - NOT_RUN: closeBrowser()

2019-10-04 14:41:49 - [MESSAGE][PASSED] - Call Test Case 'Test Cases/NewArrival/setTimezone' successfully

2019-10-04 14:41:49 - [TEST_STEP][PASSED] - callTestCase(findTestCase("TestCaseUtilities/backOfficeLogin"), ["BOURL":"", "BOuser":"", "BOpass":""], CONTINUE_ON_FAILURE): Call Test Case 'Test Cases/TestCaseUtilities/backOfficeLogin' successfully

2019-10-04 14:41:50 - [TEST_CASE][PASSED] - Test Cases/TestCaseUtilities/backOfficeLogin: Test Cases/TestCaseUtilities/backOfficeLogin

2019-10-04 14:41:50 - [TEST_STEP][PASSED] - BOURL = findTestData("envtData").getValue("BOURL", 1): null

2019-10-04 14:41:50 - [TEST_STEP][PASSED] - BOuser = findTestData("credData").getValue("BOuser", 1): null

2019-10-04 14:41:50 - [TEST_STEP][PASSED] - BOpass = findTestData("credData").getValue("BOpass", 1): null

2019-10-04 14:41:50 - [TEST_STEP][PASSED] - openBrowser(""): Browser is opened with url: ''

2019-10-04 14:41:50 - [MESSAGE][WARNING] - A browser is already opened. Closing browser and opening a new one

2019-10-04 14:41:50 - [MESSAGE][INFO] - Starting 'Chrome' driver

2019-10-04 14:41:50 - [MESSAGE][INFO] - User set preference: ['args', '[--use-fake-ui-for-media-stream, --start-maximized]']

2019-10-04 14:41:52 - [MESSAGE][PASSED] - Browser is opened with url: ''

2019-10-04 14:41:52 - [TEST_STEP][PASSED] - navigateToUrl(BOURL): Navigate to 'https://test4.cliotest.com/backoffice/control/main' successfully

2019-10-04 14:42:00 - [MESSAGE][PASSED] - Navigate to 'https://test4.cliotest.com/backoffice/control/main' successfully

2019-10-04 14:42:00 - [TEST_STEP][PASSED] - logOut = findWebElements(findTestObject("Object Repository/Page_cabi Home/log_out"), 1): Unable to find the element located by 'By.xpath: //a[contains(text(),'Log Out')]'. Please recheck the objects properties to make sure the desired element is located. 

2019-10-04 14:42:01 - [MESSAGE][INFO] - Unable to find the element located by 'By.xpath: //a[contains(text(),'Log Out')]'. Please recheck the objects properties to make sure the desired element is located. 

2019-10-04 14:42:01 - [TEST_STEP][PASSED] - if (logOut.size() == 0): Object: 'Object Repository/Page_cabi/input_Welcome to_consultantLogin' is clicked on

2019-10-04 14:42:01 - [TEST_STEP][PASSED] - setText(findTestObject("Page_cabi/input_Welcome to_USERNAME"), BOuser): Text '400000002' is set on object 'Object Repository/Page_cabi/input_Welcome to_USERNAME'

2019-10-04 14:42:01 - [MESSAGE][PASSED] - Text '400000002' is set on object 'Object Repository/Page_cabi/input_Welcome to_USERNAME'

2019-10-04 14:42:01 - [TEST_STEP][PASSED] - setText(findTestObject("Object Repository/Page_cabi/input_Welcome to_PASSWORD"), BOpass): Text 'blackdress19' is set on object 'Object Repository/Page_cabi/input_Welcome to_PASSWORD'

2019-10-04 14:42:01 - [MESSAGE][PASSED] - Text 'blackdress19' is set on object 'Object Repository/Page_cabi/input_Welcome to_PASSWORD'

2019-10-04 14:42:01 - [TEST_STEP][PASSED] - click(findTestObject("Object Repository/Page_cabi/input_Welcome to_consultantLogin")): Object: 'Object Repository/Page_cabi/input_Welcome to_consultantLogin' is clicked on

2019-10-04 14:42:09 - [MESSAGE][PASSED] - Object: 'Object Repository/Page_cabi/input_Welcome to_consultantLogin' is clicked on

2019-10-04 14:42:09 - [TEST_STEP][PASSED] - delay(3): Delayed 3 second(s)

2019-10-04 14:42:12 - [MESSAGE][PASSED] - Delayed 3 second(s)

2019-10-04 14:42:12 - [MESSAGE][PASSED] - Call Test Case 'Test Cases/TestCaseUtilities/backOfficeLogin' successfully

2019-10-04 14:42:12 - [TEST_STEP][PASSED] - driver = getWebDriver(): null

2019-10-04 14:42:12 - [TEST_STEP][PASSED] - executor = driver: null

2019-10-04 14:42:12 - [TEST_STEP][PASSED] - executor.executeScript("arguments[0].click();", findWebElement(findTestObject("Page_cabi Home/a_retail_purchases"), 5)): null

2019-10-04 14:42:17 - [TEST_STEP][PASSED] - delay(3): Delayed 3 second(s)

2019-10-04 14:42:20 - [MESSAGE][PASSED] - Delayed 3 second(s)

2019-10-04 14:42:20 - [TEST_STEP][PASSED] - click(findTestObject("Object Repository/Page_cabi Home/existingCustomer")): Object: 'Object Repository/Page_cabi Home/existingCustomer' is clicked on

2019-10-04 14:42:20 - [MESSAGE][PASSED] - Object: 'Object Repository/Page_cabi Home/existingCustomer' is clicked on

2019-10-04 14:42:20 - [TEST_STEP][PASSED] - contactNumber = 1: null

2019-10-04 14:42:20 - [TEST_STEP][PASSED] - firstName = findTestData("contactData").getValue("firstName", contactNumber): null

2019-10-04 14:42:20 - [TEST_STEP][PASSED] - lastName = findTestData("contactData").getValue("lastName", contactNumber): null

2019-10-04 14:42:20 - [TEST_STEP][PASSED] - email = findTestData("contactData").getValue("email", contactNumber): null

2019-10-04 14:42:20 - [TEST_STEP][PASSED] - address1 = findTestData("contactData").getValue("address1", contactNumber): null

2019-10-04 14:42:20 - [TEST_STEP][PASSED] - city = findTestData("contactData").getValue("city", contactNumber): null

2019-10-04 14:42:20 - [TEST_STEP][PASSED] - state = findTestData("contactData").getValue("state", contactNumber): null

2019-10-04 14:42:20 - [TEST_STEP][PASSED] - zip = findTestData("contactData").getValue("zip", contactNumber): null

2019-10-04 14:42:20 - [TEST_STEP][PASSED] - existingCustFName = firstName: null

2019-10-04 14:42:20 - [TEST_STEP][PASSED] - existingCustLName = lastName: null

2019-10-04 14:42:20 - [TEST_STEP][PASSED] - space = " ": null

2019-10-04 14:42:20 - [TEST_STEP][PASSED] - existingCust = $existingCustFName$space$existingCustLName: null

2019-10-04 14:42:20 - [TEST_STEP][PASSED] - setText(findTestObject("Object Repository/Page_cabi Home/input_existing_guest"), existingCust): Text 'ahostess-test2 abc' is set on object 'Object Repository/Page_cabi Home/input_existing_guest'

2019-10-04 14:42:21 - [MESSAGE][PASSED] - Text 'ahostess-test2 abc' is set on object 'Object Repository/Page_cabi Home/input_existing_guest'

2019-10-04 14:42:21 - [TEST_STEP][PASSED] - delay(2): Delayed 2 second(s)

2019-10-04 14:42:23 - [MESSAGE][PASSED] - Delayed 2 second(s)

2019-10-04 14:42:23 - [TEST_STEP][PASSED] - sendKeys(findTestObject("Object Repository/Page_cabi Home/input_existing_guest"), Keys.chord(ARROW_DOWN)): Keys 'DOWN + ' sent to object: 'Object Repository/Page_cabi Home/input_existing_guest'

2019-10-04 14:42:23 - [MESSAGE][PASSED] - Keys 'DOWN + ' sent to object: 'Object Repository/Page_cabi Home/input_existing_guest'

2019-10-04 14:42:23 - [TEST_STEP][PASSED] - sendKeys(findTestObject("Object Repository/Page_cabi Home/input_existing_guest"), Keys.chord(ENTER)): Keys 'ENTER + ' sent to object: 'Object Repository/Page_cabi Home/input_existing_guest'

2019-10-04 14:42:23 - [MESSAGE][PASSED] - Keys 'ENTER + ' sent to object: 'Object Repository/Page_cabi Home/input_existing_guest'

2019-10-04 14:42:23 - [TEST_STEP][PASSED] - delay(5): Delayed 5 second(s)

2019-10-04 14:42:28 - [MESSAGE][PASSED] - Delayed 5 second(s)

2019-10-04 14:42:28 - [TEST_STEP][PASSED] - executor.executeScript("arguments[0].click();", findWebElement(findTestObject("Object Repository/Page_cabi Home/a_same_shipping_address"), 5)): null

2019-10-04 14:42:28 - [TEST_STEP][PASSED] - delay(5): Delayed 5 second(s)

2019-10-04 14:42:33 - [MESSAGE][PASSED] - Delayed 5 second(s)

2019-10-04 14:42:33 - [TEST_STEP][PASSED] - executor.executeScript("arguments[0].click();", findWebElement(findTestObject("Page_cabi Retail Store/span_next_1"), 5)): null

2019-10-04 14:42:33 - [TEST_STEP][PASSED] - delay(3): Delayed 3 second(s)

2019-10-04 14:42:36 - [MESSAGE][PASSED] - Delayed 3 second(s)

2019-10-04 14:42:36 - [TEST_STEP][PASSED] - delay(3): Delayed 3 second(s)

2019-10-04 14:42:39 - [MESSAGE][PASSED] - Delayed 3 second(s)

2019-10-04 14:42:39 - [TEST_STEP][FAILED] - click(findTestObject("Object Repository/Page_cabi Retail Store/span_quick_entry")): for ([timeRow = 1, timeRow <= findTestData("timezoneData").getRowNumbers(), (timeRow++)]) FAILED.
Reason:
com.kms.katalon.core.exception.StepFailedException: Unable to click on object 'Object Repository/Page_cabi Retail Store/span_quick_entry'
	at com.kms.katalon.core.webui.keyword.internal.WebUIKeywordMain.stepFailed(WebUIKeywordMain.groovy:64)
	at com.kms.katalon.core.webui.keyword.internal.WebUIKeywordMain.runKeyword(WebUIKeywordMain.groovy:26)
	at com.kms.katalon.core.webui.keyword.builtin.ClickKeyword.click(ClickKeyword.groovy:86)
	at com.kms.katalon.core.webui.keyword.builtin.ClickKeyword.execute(ClickKeyword.groovy:67)
	at com.kms.katalon.core.keyword.internal.KeywordExecutor.executeKeywordForPlatform(KeywordExecutor.groovy:56)
	at com.kms.katalon.core.webui.keyword.WebUiBuiltInKeywords.click(WebUiBuiltInKeywords.groovy:616)
	at com.kms.katalon.core.webui.keyword.WebUiBuiltInKeywords$click$2.call(Unknown Source)
	at addOnOrderRetail.run(addOnOrderRetail:114)
	at com.kms.katalon.core.main.ScriptEngine.run(ScriptEngine.java:194)
	at com.kms.katalon.core.main.ScriptEngine.runScriptAsRawText(ScriptEngine.java:119)
	at com.kms.katalon.core.main.TestCaseExecutor.runScript(TestCaseExecutor.java:342)
	at com.kms.katalon.core.main.TestCaseExecutor.doExecute(TestCaseExecutor.java:333)
	at com.kms.katalon.core.main.TestCaseExecutor.processExecutionPhase(TestCaseExecutor.java:312)
	at com.kms.katalon.core.main.TestCaseExecutor.accessMainPhase(TestCaseExecutor.java:304)
	at com.kms.katalon.core.main.TestCaseExecutor.execute(TestCaseExecutor.java:238)
	at com.kms.katalon.core.main.TestSuiteExecutor.accessTestCaseMainPhase(TestSuiteExecutor.java:129)
	at com.kms.katalon.core.main.TestSuiteExecutor.accessTestSuiteMainPhase(TestSuiteExecutor.java:112)
	at com.kms.katalon.core.main.TestSuiteExecutor.execute(TestSuiteExecutor.java:81)
	at com.kms.katalon.core.main.TestCaseMain.startTestSuite(TestCaseMain.java:157)
	at com.kms.katalon.core.main.TestCaseMain$startTestSuite$0.call(Unknown Source)
	at TempTestSuite1570179690322.run(TempTestSuite1570179690322.groovy:35)
Caused by: com.kms.katalon.core.webui.exception.WebElementNotFoundException: Web element with id: 'Object Repository/Page_cabi Retail Store/span_quick_entry' located by 'By.xpath: //ul/li/a/span[contains(text(), 'Quick Entry')]' not found
	at com.kms.katalon.core.webui.common.WebUiCommonHelper.findWebElement(WebUiCommonHelper.java:1097)
	at com.kms.katalon.core.webui.keyword.internal.WebUIAbstractKeyword.findWebElement(WebUIAbstractKeyword.groovy:27)
	at com.kms.katalon.core.webui.keyword.internal.WebUIAbstractKeyword.findWebElement(WebUIAbstractKeyword.groovy:26)
	at com.kms.katalon.core.webui.keyword.builtin.ClickKeyword$_click_closure1.doCall(ClickKeyword.groovy:77)
	at com.kms.katalon.core.webui.keyword.builtin.ClickKeyword$_click_closure1.call(ClickKeyword.groovy)
	at com.kms.katalon.core.webui.keyword.internal.WebUIKeywordMain.runKeyword(WebUIKeywordMain.groovy:20)
	at com.kms.katalon.core.webui.keyword.builtin.ClickKeyword.click(ClickKeyword.groovy:86)
	at com.kms.katalon.core.webui.keyword.builtin.ClickKeyword.execute(ClickKeyword.groovy:67)
	at com.kms.katalon.core.keyword.internal.KeywordExecutor.executeKeywordForPlatform(KeywordExecutor.groovy:56)
	at com.kms.katalon.core.webui.keyword.WebUiBuiltInKeywords.click(WebUiBuiltInKeywords.groovy:616)
	at com.kms.katalon.core.webui.keyword.WebUiBuiltInKeywords$click$2.call(Unknown Source)
	at Script1557930374333.run(Script1557930374333.groovy:114)
	... 13 more


2019-10-04 14:43:10 - [MESSAGE][INFO] - Unable to find the element located by 'By.xpath: //ul/li/a/span[contains(text(), 'Quick Entry')]'. Please recheck the objects properties to make sure the desired element is located. 

2019-10-04 14:43:10 - [MESSAGE][FAILED] - Unable to click on object 'Object Repository/Page_cabi Retail Store/span_quick_entry' (Root cause: com.kms.katalon.core.exception.StepFailedException: Unable to click on object 'Object Repository/Page_cabi Retail Store/span_quick_entry'
	at com.kms.katalon.core.webui.keyword.internal.WebUIKeywordMain.stepFailed(WebUIKeywordMain.groovy:64)
	at com.kms.katalon.core.webui.keyword.internal.WebUIKeywordMain.runKeyword(WebUIKeywordMain.groovy:26)
	at com.kms.katalon.core.webui.keyword.builtin.ClickKeyword.click(ClickKeyword.groovy:86)
	at com.kms.katalon.core.webui.keyword.builtin.ClickKeyword.execute(ClickKeyword.groovy:67)
	at com.kms.katalon.core.keyword.internal.KeywordExecutor.executeKeywordForPlatform(KeywordExecutor.groovy:56)
	at com.kms.katalon.core.webui.keyword.WebUiBuiltInKeywords.click(WebUiBuiltInKeywords.groovy:616)
	at com.kms.katalon.core.webui.keyword.WebUiBuiltInKeywords$click$2.call(Unknown Source)
	at addOnOrderRetail.run(addOnOrderRetail:114)
	at com.kms.katalon.core.main.ScriptEngine.run(ScriptEngine.java:194)
	at com.kms.katalon.core.main.ScriptEngine.runScriptAsRawText(ScriptEngine.java:119)
	at com.kms.katalon.core.main.TestCaseExecutor.runScript(TestCaseExecutor.java:342)
	at com.kms.katalon.core.main.TestCaseExecutor.doExecute(TestCaseExecutor.java:333)
	at com.kms.katalon.core.main.TestCaseExecutor.processExecutionPhase(TestCaseExecutor.java:312)
	at com.kms.katalon.core.main.TestCaseExecutor.accessMainPhase(TestCaseExecutor.java:304)
	at com.kms.katalon.core.main.TestCaseExecutor.execute(TestCaseExecutor.java:238)
	at com.kms.katalon.core.main.TestSuiteExecutor.accessTestCaseMainPhase(TestSuiteExecutor.java:129)
	at com.kms.katalon.core.main.TestSuiteExecutor.accessTestSuiteMainPhase(TestSuiteExecutor.java:112)
	at com.kms.katalon.core.main.TestSuiteExecutor.execute(TestSuiteExecutor.java:81)
	at com.kms.katalon.core.main.TestCaseMain.startTestSuite(TestCaseMain.java:157)
	at com.kms.katalon.core.main.TestCaseMain$startTestSuite$0.call(Unknown Source)
	at TempTestSuite1570179690322.run(TempTestSuite1570179690322.groovy:35)
Caused by: com.kms.katalon.core.webui.exception.WebElementNotFoundException: Web element with id: 'Object Repository/Page_cabi Retail Store/span_quick_entry' located by 'By.xpath: //ul/li/a/span[contains(text(), 'Quick Entry')]' not found
	at com.kms.katalon.core.webui.common.WebUiCommonHelper.findWebElement(WebUiCommonHelper.java:1097)
	at com.kms.katalon.core.webui.keyword.internal.WebUIAbstractKeyword.findWebElement(WebUIAbstractKeyword.groovy:27)
	at com.kms.katalon.core.webui.keyword.internal.WebUIAbstractKeyword.findWebElement(WebUIAbstractKeyword.groovy:26)
	at com.kms.katalon.core.webui.keyword.builtin.ClickKeyword$_click_closure1.doCall(ClickKeyword.groovy:77)
	at com.kms.katalon.core.webui.keyword.builtin.ClickKeyword$_click_closure1.call(ClickKeyword.groovy)
	at com.kms.katalon.core.webui.keyword.internal.WebUIKeywordMain.runKeyword(WebUIKeywordMain.groovy:20)
	at com.kms.katalon.core.webui.keyword.builtin.ClickKeyword.click(ClickKeyword.groovy:86)
	at com.kms.katalon.core.webui.keyword.builtin.ClickKeyword.execute(ClickKeyword.groovy:67)
	at com.kms.katalon.core.keyword.internal.KeywordExecutor.executeKeywordForPlatform(KeywordExecutor.groovy:56)
	at com.kms.katalon.core.webui.keyword.WebUiBuiltInKeywords.click(WebUiBuiltInKeywords.groovy:616)
	at com.kms.katalon.core.webui.keyword.WebUiBuiltInKeywords$click$2.call(Unknown Source)
	at Script1557930374333.run(Script1557930374333.groovy:114)
	... 13 more
)
[[ATTACHMENT|C:\\Users\\user\\Documents\\testautomation\\KatalonProjects\\Reports\\NewArrivalsSuites\\NewArrivalsSuite\\20191004_143130\\1570180390584.png]]

2019-10-04 14:43:10 - [MESSAGE][FAILED] - for ([timeRow = 1, timeRow <= findTestData("timezoneData").getRowNumbers(), (timeRow++)]) FAILED.
Reason:
com.kms.katalon.core.exception.StepFailedException: Unable to click on object 'Object Repository/Page_cabi Retail Store/span_quick_entry'
	at com.kms.katalon.core.webui.keyword.internal.WebUIKeywordMain.stepFailed(WebUIKeywordMain.groovy:64)
	at com.kms.katalon.core.webui.keyword.internal.WebUIKeywordMain.runKeyword(WebUIKeywordMain.groovy:26)
	at com.kms.katalon.core.webui.keyword.builtin.ClickKeyword.click(ClickKeyword.groovy:86)
	at com.kms.katalon.core.webui.keyword.builtin.ClickKeyword.execute(ClickKeyword.groovy:67)
	at com.kms.katalon.core.keyword.internal.KeywordExecutor.executeKeywordForPlatform(KeywordExecutor.groovy:56)
	at com.kms.katalon.core.webui.keyword.WebUiBuiltInKeywords.click(WebUiBuiltInKeywords.groovy:616)
	at com.kms.katalon.core.webui.keyword.WebUiBuiltInKeywords$click$2.call(Unknown Source)
	at addOnOrderRetail.run(addOnOrderRetail:114)
	at com.kms.katalon.core.main.ScriptEngine.run(ScriptEngine.java:194)
	at com.kms.katalon.core.main.ScriptEngine.runScriptAsRawText(ScriptEngine.java:119)
	at com.kms.katalon.core.main.TestCaseExecutor.runScript(TestCaseExecutor.java:342)
	at com.kms.katalon.core.main.TestCaseExecutor.doExecute(TestCaseExecutor.java:333)
	at com.kms.katalon.core.main.TestCaseExecutor.processExecutionPhase(TestCaseExecutor.java:312)
	at com.kms.katalon.core.main.TestCaseExecutor.accessMainPhase(TestCaseExecutor.java:304)
	at com.kms.katalon.core.main.TestCaseExecutor.execute(TestCaseExecutor.java:238)
	at com.kms.katalon.core.main.TestSuiteExecutor.accessTestCaseMainPhase(TestSuiteExecutor.java:129)
	at com.kms.katalon.core.main.TestSuiteExecutor.accessTestSuiteMainPhase(TestSuiteExecutor.java:112)
	at com.kms.katalon.core.main.TestSuiteExecutor.execute(TestSuiteExecutor.java:81)
	at com.kms.katalon.core.main.TestCaseMain.startTestSuite(TestCaseMain.java:157)
	at com.kms.katalon.core.main.TestCaseMain$startTestSuite$0.call(Unknown Source)
	at TempTestSuite1570179690322.run(TempTestSuite1570179690322.groovy:35)
Caused by: com.kms.katalon.core.webui.exception.WebElementNotFoundException: Web element with id: 'Object Repository/Page_cabi Retail Store/span_quick_entry' located by 'By.xpath: //ul/li/a/span[contains(text(), 'Quick Entry')]' not found
	at com.kms.katalon.core.webui.common.WebUiCommonHelper.findWebElement(WebUiCommonHelper.java:1097)
	at com.kms.katalon.core.webui.keyword.internal.WebUIAbstractKeyword.findWebElement(WebUIAbstractKeyword.groovy:27)
	at com.kms.katalon.core.webui.keyword.internal.WebUIAbstractKeyword.findWebElement(WebUIAbstractKeyword.groovy:26)
	at com.kms.katalon.core.webui.keyword.builtin.ClickKeyword$_click_closure1.doCall(ClickKeyword.groovy:77)
	at com.kms.katalon.core.webui.keyword.builtin.ClickKeyword$_click_closure1.call(ClickKeyword.groovy)
	at com.kms.katalon.core.webui.keyword.internal.WebUIKeywordMain.runKeyword(WebUIKeywordMain.groovy:20)
	at com.kms.katalon.core.webui.keyword.builtin.ClickKeyword.click(ClickKeyword.groovy:86)
	at com.kms.katalon.core.webui.keyword.builtin.ClickKeyword.execute(ClickKeyword.groovy:67)
	at com.kms.katalon.core.keyword.internal.KeywordExecutor.executeKeywordForPlatform(KeywordExecutor.groovy:56)
	at com.kms.katalon.core.webui.keyword.WebUiBuiltInKeywords.click(WebUiBuiltInKeywords.groovy:616)
	at com.kms.katalon.core.webui.keyword.WebUiBuiltInKeywords$click$2.call(Unknown Source)
	at Script1557930374333.run(Script1557930374333.groovy:114)
	... 13 more]]></system-out>
         <system-err><![CDATA[2019-10-04 14:41:25 - [TEST_CASE][FAILED] - Test Cases/NewArrival/addOnOrderRetail: Test Cases/NewArrival/addOnOrderRetail FAILED.
Reason:
com.kms.katalon.core.exception.StepFailedException: Unable to click on object 'Object Repository/Page_cabi Retail Store/span_quick_entry'
	at com.kms.katalon.core.webui.keyword.internal.WebUIKeywordMain.stepFailed(WebUIKeywordMain.groovy:64)
	at com.kms.katalon.core.webui.keyword.internal.WebUIKeywordMain.runKeyword(WebUIKeywordMain.groovy:26)
	at com.kms.katalon.core.webui.keyword.builtin.ClickKeyword.click(ClickKeyword.groovy:86)
	at com.kms.katalon.core.webui.keyword.builtin.ClickKeyword.execute(ClickKeyword.groovy:67)
	at com.kms.katalon.core.keyword.internal.KeywordExecutor.executeKeywordForPlatform(KeywordExecutor.groovy:56)
	at com.kms.katalon.core.webui.keyword.WebUiBuiltInKeywords.click(WebUiBuiltInKeywords.groovy:616)
	at com.kms.katalon.core.webui.keyword.WebUiBuiltInKeywords$click$2.call(Unknown Source)
	at addOnOrderRetail.run(addOnOrderRetail:114)
	at com.kms.katalon.core.main.ScriptEngine.run(ScriptEngine.java:194)
	at com.kms.katalon.core.main.ScriptEngine.runScriptAsRawText(ScriptEngine.java:119)
	at com.kms.katalon.core.main.TestCaseExecutor.runScript(TestCaseExecutor.java:342)
	at com.kms.katalon.core.main.TestCaseExecutor.doExecute(TestCaseExecutor.java:333)
	at com.kms.katalon.core.main.TestCaseExecutor.processExecutionPhase(TestCaseExecutor.java:312)
	at com.kms.katalon.core.main.TestCaseExecutor.accessMainPhase(TestCaseExecutor.java:304)
	at com.kms.katalon.core.main.TestCaseExecutor.execute(TestCaseExecutor.java:238)
	at com.kms.katalon.core.main.TestSuiteExecutor.accessTestCaseMainPhase(TestSuiteExecutor.java:129)
	at com.kms.katalon.core.main.TestSuiteExecutor.accessTestSuiteMainPhase(TestSuiteExecutor.java:112)
	at com.kms.katalon.core.main.TestSuiteExecutor.execute(TestSuiteExecutor.java:81)
	at com.kms.katalon.core.main.TestCaseMain.startTestSuite(TestCaseMain.java:157)
	at com.kms.katalon.core.main.TestCaseMain$startTestSuite$0.call(Unknown Source)
	at TempTestSuite1570179690322.run(TempTestSuite1570179690322.groovy:35)
Caused by: com.kms.katalon.core.webui.exception.WebElementNotFoundException: Web element with id: 'Object Repository/Page_cabi Retail Store/span_quick_entry' located by 'By.xpath: //ul/li/a/span[contains(text(), 'Quick Entry')]' not found
	at com.kms.katalon.core.webui.common.WebUiCommonHelper.findWebElement(WebUiCommonHelper.java:1097)
	at com.kms.katalon.core.webui.keyword.internal.WebUIAbstractKeyword.findWebElement(WebUIAbstractKeyword.groovy:27)
	at com.kms.katalon.core.webui.keyword.internal.WebUIAbstractKeyword.findWebElement(WebUIAbstractKeyword.groovy:26)
	at com.kms.katalon.core.webui.keyword.builtin.ClickKeyword$_click_closure1.doCall(ClickKeyword.groovy:77)
	at com.kms.katalon.core.webui.keyword.builtin.ClickKeyword$_click_closure1.call(ClickKeyword.groovy)
	at com.kms.katalon.core.webui.keyword.internal.WebUIKeywordMain.runKeyword(WebUIKeywordMain.groovy:20)
	at com.kms.katalon.core.webui.keyword.builtin.ClickKeyword.click(ClickKeyword.groovy:86)
	at com.kms.katalon.core.webui.keyword.builtin.ClickKeyword.execute(ClickKeyword.groovy:67)
	at com.kms.katalon.core.keyword.internal.KeywordExecutor.executeKeywordForPlatform(KeywordExecutor.groovy:56)
	at com.kms.katalon.core.webui.keyword.WebUiBuiltInKeywords.click(WebUiBuiltInKeywords.groovy:616)
	at com.kms.katalon.core.webui.keyword.WebUiBuiltInKeywords$click$2.call(Unknown Source)
	at Script1557930374333.run(Script1557930374333.groovy:114)
	... 13 more]]></system-err>
      </testcase>
      <system-out><![CDATA[2019-10-04 14:31:33 - [TEST_SUITE][FAILED] - NewArrivalsSuite: Test Cases/NewArrival/addOnOrderPersonal FAILED.
Reason:
com.kms.katalon.core.exception.StepFailedException: Unable to click on object 'Object Repository/Page_cabi_addOn_order/a_continue_to_order'
	at com.kms.katalon.core.webui.keyword.internal.WebUIKeywordMain.stepFailed(WebUIKeywordMain.groovy:64)
	at com.kms.katalon.core.webui.keyword.internal.WebUIKeywordMain.runKeyword(WebUIKeywordMain.groovy:26)
	at com.kms.katalon.core.webui.keyword.builtin.ClickKeyword.click(ClickKeyword.groovy:86)
	at com.kms.katalon.core.webui.keyword.builtin.ClickKeyword.execute(ClickKeyword.groovy:67)
	at com.kms.katalon.core.keyword.internal.KeywordExecutor.executeKeywordForPlatform(KeywordExecutor.groovy:56)
	at com.kms.katalon.core.webui.keyword.WebUiBuiltInKeywords.click(WebUiBuiltInKeywords.groovy:616)
	at com.kms.katalon.core.webui.keyword.WebUiBuiltInKeywords$click$2.call(Unknown Source)
	at addOnOrderPersonal.run(addOnOrderPersonal:195)
	at com.kms.katalon.core.main.ScriptEngine.run(ScriptEngine.java:194)
	at com.kms.katalon.core.main.ScriptEngine.runScriptAsRawText(ScriptEngine.java:119)
	at com.kms.katalon.core.main.TestCaseExecutor.runScript(TestCaseExecutor.java:342)
	at com.kms.katalon.core.main.TestCaseExecutor.doExecute(TestCaseExecutor.java:333)
	at com.kms.katalon.core.main.TestCaseExecutor.processExecutionPhase(TestCaseExecutor.java:312)
	at com.kms.katalon.core.main.TestCaseExecutor.accessMainPhase(TestCaseExecutor.java:304)
	at com.kms.katalon.core.main.TestCaseExecutor.execute(TestCaseExecutor.java:238)
	at com.kms.katalon.core.main.TestSuiteExecutor.accessTestCaseMainPhase(TestSuiteExecutor.java:129)
	at com.kms.katalon.core.main.TestSuiteExecutor.accessTestSuiteMainPhase(TestSuiteExecutor.java:112)
	at com.kms.katalon.core.main.TestSuiteExecutor.execute(TestSuiteExecutor.java:81)
	at com.kms.katalon.core.main.TestCaseMain.startTestSuite(TestCaseMain.java:157)
	at com.kms.katalon.core.main.TestCaseMain$startTestSuite$0.call(Unknown Source)
	at TempTestSuite1570179690322.run(TempTestSuite1570179690322.groovy:35)
Caused by: com.kms.katalon.core.webui.exception.WebElementNotFoundException: Web element with id: 'Object Repository/Page_cabi_addOn_order/a_continue_to_order' located by 'By.xpath: //a/span[contains(text(), 'Continue to Order')]' not found
	at com.kms.katalon.core.webui.common.WebUiCommonHelper.findWebElement(WebUiCommonHelper.java:1097)
	at com.kms.katalon.core.webui.keyword.internal.WebUIAbstractKeyword.findWebElement(WebUIAbstractKeyword.groovy:27)
	at com.kms.katalon.core.webui.keyword.internal.WebUIAbstractKeyword.findWebElement(WebUIAbstractKeyword.groovy:26)
	at com.kms.katalon.core.webui.keyword.builtin.ClickKeyword$_click_closure1.doCall(ClickKeyword.groovy:77)
	at com.kms.katalon.core.webui.keyword.builtin.ClickKeyword$_click_closure1.call(ClickKeyword.groovy)
	at com.kms.katalon.core.webui.keyword.internal.WebUIKeywordMain.runKeyword(WebUIKeywordMain.groovy:20)
	at com.kms.katalon.core.webui.keyword.builtin.ClickKeyword.click(ClickKeyword.groovy:86)
	at com.kms.katalon.core.webui.keyword.builtin.ClickKeyword.execute(ClickKeyword.groovy:67)
	at com.kms.katalon.core.keyword.internal.KeywordExecutor.executeKeywordForPlatform(KeywordExecutor.groovy:56)
	at com.kms.katalon.core.webui.keyword.WebUiBuiltInKeywords.click(WebUiBuiltInKeywords.groovy:616)
	at com.kms.katalon.core.webui.keyword.WebUiBuiltInKeywords$click$2.call(Unknown Source)
	at Script1557928690388.run(Script1557928690388.groovy:195)
	... 13 more]]></system-out>
      <system-err><![CDATA[2019-10-04 14:31:33 - [TEST_SUITE][FAILED] - NewArrivalsSuite: Test Cases/NewArrival/addOnOrderPersonal FAILED.
Reason:
com.kms.katalon.core.exception.StepFailedException: Unable to click on object 'Object Repository/Page_cabi_addOn_order/a_continue_to_order'
	at com.kms.katalon.core.webui.keyword.internal.WebUIKeywordMain.stepFailed(WebUIKeywordMain.groovy:64)
	at com.kms.katalon.core.webui.keyword.internal.WebUIKeywordMain.runKeyword(WebUIKeywordMain.groovy:26)
	at com.kms.katalon.core.webui.keyword.builtin.ClickKeyword.click(ClickKeyword.groovy:86)
	at com.kms.katalon.core.webui.keyword.builtin.ClickKeyword.execute(ClickKeyword.groovy:67)
	at com.kms.katalon.core.keyword.internal.KeywordExecutor.executeKeywordForPlatform(KeywordExecutor.groovy:56)
	at com.kms.katalon.core.webui.keyword.WebUiBuiltInKeywords.click(WebUiBuiltInKeywords.groovy:616)
	at com.kms.katalon.core.webui.keyword.WebUiBuiltInKeywords$click$2.call(Unknown Source)
	at addOnOrderPersonal.run(addOnOrderPersonal:195)
	at com.kms.katalon.core.main.ScriptEngine.run(ScriptEngine.java:194)
	at com.kms.katalon.core.main.ScriptEngine.runScriptAsRawText(ScriptEngine.java:119)
	at com.kms.katalon.core.main.TestCaseExecutor.runScript(TestCaseExecutor.java:342)
	at com.kms.katalon.core.main.TestCaseExecutor.doExecute(TestCaseExecutor.java:333)
	at com.kms.katalon.core.main.TestCaseExecutor.processExecutionPhase(TestCaseExecutor.java:312)
	at com.kms.katalon.core.main.TestCaseExecutor.accessMainPhase(TestCaseExecutor.java:304)
	at com.kms.katalon.core.main.TestCaseExecutor.execute(TestCaseExecutor.java:238)
	at com.kms.katalon.core.main.TestSuiteExecutor.accessTestCaseMainPhase(TestSuiteExecutor.java:129)
	at com.kms.katalon.core.main.TestSuiteExecutor.accessTestSuiteMainPhase(TestSuiteExecutor.java:112)
	at com.kms.katalon.core.main.TestSuiteExecutor.execute(TestSuiteExecutor.java:81)
	at com.kms.katalon.core.main.TestCaseMain.startTestSuite(TestCaseMain.java:157)
	at com.kms.katalon.core.main.TestCaseMain$startTestSuite$0.call(Unknown Source)
	at TempTestSuite1570179690322.run(TempTestSuite1570179690322.groovy:35)
Caused by: com.kms.katalon.core.webui.exception.WebElementNotFoundException: Web element with id: 'Object Repository/Page_cabi_addOn_order/a_continue_to_order' located by 'By.xpath: //a/span[contains(text(), 'Continue to Order')]' not found
	at com.kms.katalon.core.webui.common.WebUiCommonHelper.findWebElement(WebUiCommonHelper.java:1097)
	at com.kms.katalon.core.webui.keyword.internal.WebUIAbstractKeyword.findWebElement(WebUIAbstractKeyword.groovy:27)
	at com.kms.katalon.core.webui.keyword.internal.WebUIAbstractKeyword.findWebElement(WebUIAbstractKeyword.groovy:26)
	at com.kms.katalon.core.webui.keyword.builtin.ClickKeyword$_click_closure1.doCall(ClickKeyword.groovy:77)
	at com.kms.katalon.core.webui.keyword.builtin.ClickKeyword$_click_closure1.call(ClickKeyword.groovy)
	at com.kms.katalon.core.webui.keyword.internal.WebUIKeywordMain.runKeyword(WebUIKeywordMain.groovy:20)
	at com.kms.katalon.core.webui.keyword.builtin.ClickKeyword.click(ClickKeyword.groovy:86)
	at com.kms.katalon.core.webui.keyword.builtin.ClickKeyword.execute(ClickKeyword.groovy:67)
	at com.kms.katalon.core.keyword.internal.KeywordExecutor.executeKeywordForPlatform(KeywordExecutor.groovy:56)
	at com.kms.katalon.core.webui.keyword.WebUiBuiltInKeywords.click(WebUiBuiltInKeywords.groovy:616)
	at com.kms.katalon.core.webui.keyword.WebUiBuiltInKeywords$click$2.call(Unknown Source)
	at Script1557928690388.run(Script1557928690388.groovy:195)
	... 13 more]]></system-err>
   </testsuite>
</testsuites>
