<?xml version="1.0" encoding="UTF-8"?>
<testsuites name="NewArrivalsSuite1" time="374" tests="2" failures="0" errors="0">
   <testsuite name="NewArrivalsSuite1" tests="2" failures="0" errors="0" time="374" timestamp="2019-10-03 15:46:22" hostname="user - 10.0.102.244" id="Test Suites/NewArrivalsSuites/NewArrivalsSuite1">
      <properties>
         <property name="deviceName" value=""/>
         <property name="devicePlatform" value=""/>
         <property name="logFolder" value="C:\\Users\\user\\Documents\\testautomation\\KatalonProjects\\Reports\\NewArrivalsSuites\\NewArrivalsSuite1\\20191003_154619"/>
         <property name="logFiles" value="C:\\Users\\user\\Documents\\testautomation\\KatalonProjects\\Reports\\NewArrivalsSuites\\NewArrivalsSuite1\\20191003_154619\\execution0.log"/>
         <property name="attachments" value="C:\\Users\\user\\Documents\\testautomation\\KatalonProjects\\productImages\\BORetail_3843 image.png, C:\\Users\\user\\Documents\\testautomation\\KatalonProjects\\productImages\\BORetail_3846 image.png, C:\\Users\\user\\Documents\\testautomation\\KatalonProjects\\productImages\\BORetail_3850 image.png, C:\\Users\\user\\Documents\\testautomation\\KatalonProjects\\productImages\\BORetail_3857 image.png, C:\\Users\\user\\Documents\\testautomation\\KatalonProjects\\productImages\\BORetail_3861 image.png, C:\\Users\\user\\Documents\\testautomation\\KatalonProjects\\productImages\\BORetail_3863 image.png, C:\\Users\\user\\Documents\\testautomation\\KatalonProjects\\productImages\\BORetail_3864 image.png, C:\\Users\\user\\Documents\\testautomation\\KatalonProjects\\productImages\\BORetail_3865 image.png, C:\\Users\\user\\Documents\\testautomation\\KatalonProjects\\productImages\\BORetail_3869 image.png, C:\\Users\\user\\Documents\\testautomation\\KatalonProjects\\productImages\\BORetail_3870 image.png, C:\\Users\\user\\Documents\\testautomation\\KatalonProjects\\productImages\\BORetail_3871 image.png, C:\\Users\\user\\Documents\\testautomation\\KatalonProjects\\productImages\\BORetail_3875 image.png"/>
         <property name="hostName" value="user - 10.0.102.244"/>
         <property name="os" value="Windows 8.1 64bit"/>
         <property name="katalonVersion" value="6.1.1.1"/>
         <property name="browser" value="Chrome 77.0.3865.90"/>
         <property name="hostAddress" value="10.0.102.244"/>
         <property name="sessionId" value="f795b253a5660c665556f3563251b0e5"/>
         <property name="seleniumVersion" value="3.7.1"/>
         <property name="proxyInformation" value="ProxyInformation{proxyOption=NO_PROXY, proxyServerType=HTTP, password=, proxyServerAddress=, proxyServerPort=0}"/>
         <property name="platform" value="Windows 8.1"/>
      </properties>
      <testcase name="Test Cases/NA_Timezone_Separated/BORetail2" classname="Test Cases/NA_Timezone_Separated/BORetail2" status="PASSED">
         <system-out><![CDATA[2019-10-03 15:46:22 - [TEST_CASE][PASSED] - Test Cases/NA_Timezone_Separated/BORetail2: Test Cases/NA_Timezone_Separated/BORetail2

2019-10-03 15:46:22 - [TEST_STEP][PASSED] - Start listener action : sampleBeforeTestCase: null

2019-10-03 15:46:22 - [TEST_STEP][PASSED] - println(testCaseContext.getTestCaseId()): null

2019-10-03 15:46:22 - [TEST_STEP][PASSED] - println(testCaseContext.getTestCaseVariables()): null

2019-10-03 15:46:22 - [TEST_STEP][PASSED] - openBrowser(""): Browser is opened with url: ''

2019-10-03 15:46:23 - [MESSAGE][INFO] - Starting 'Chrome' driver

2019-10-03 15:46:23 - [MESSAGE][INFO] - User set preference: ['args', '[--use-fake-ui-for-media-stream, --start-maximized]']

2019-10-03 15:46:23 - [MESSAGE][INFO] - Action delay is set to 0 seconds

2019-10-03 15:46:26 - [MESSAGE][PASSED] - Browser is opened with url: ''

2019-10-03 15:46:26 - [TEST_STEP][PASSED] - driver = <not implemented yet for class: org.codehaus.groovy.ast.expr.EmptyExpression>: null

2019-10-03 15:46:26 - [TEST_STEP][PASSED] - executor = <not implemented yet for class: org.codehaus.groovy.ast.expr.EmptyExpression>: null

2019-10-03 15:46:26 - [TEST_STEP][PASSED] - for ([timeRow = 2, timeRow <= 2, (timeRow++)]): Call Test Case 'Test Cases/NewArrival/productVerify' successfully

2019-10-03 15:46:26 - [TEST_STEP][PASSED] - callTestCase(findTestCase("NewArrival/populateTimeGlobalVars"), ["row":timeRow], CONTINUE_ON_FAILURE): Call Test Case 'Test Cases/NewArrival/populateTimeGlobalVars' successfully

2019-10-03 15:46:26 - [TEST_CASE][PASSED] - Test Cases/NewArrival/populateTimeGlobalVars: Test Cases/NewArrival/populateTimeGlobalVars

2019-10-03 15:46:26 - [TEST_STEP][PASSED] - dataFile = "timezoneData": null

2019-10-03 15:46:26 - [TEST_STEP][PASSED] - clockServerTarget = UtilityMethods.getTestData("envtData", "clockServerTarget", 1): null

2019-10-03 15:46:28 - [TEST_STEP][PASSED] - println(clockServerTarget): null

2019-10-03 15:46:28 - [TEST_STEP][PASSED] - orderType = UtilityMethods.getTestData(dataFile, "orderType", row): null

2019-10-03 15:46:28 - [TEST_STEP][PASSED] - timeZone = UtilityMethods.getTestData(dataFile, "timeZone", row): null

2019-10-03 15:46:28 - [TEST_STEP][PASSED] - BOPersonal = UtilityMethods.getTestData(dataFile, "BOPersonal", row): null

2019-10-03 15:46:28 - [TEST_STEP][PASSED] - BOAddonPersonal = UtilityMethods.getTestData(dataFile, "BOAddonPersonal", row): null

2019-10-03 15:46:28 - [TEST_STEP][PASSED] - BOAddonRetail = UtilityMethods.getTestData(dataFile, "BOAddonRetail", row): null

2019-10-03 15:46:28 - [TEST_STEP][PASSED] - BORetail = UtilityMethods.getTestData(dataFile, "BORetail", row): null

2019-10-03 15:46:28 - [TEST_STEP][PASSED] - BOShow = UtilityMethods.getTestData(dataFile, "BOShow", row): null

2019-10-03 15:46:28 - [TEST_STEP][PASSED] - BOOnlineoutlet = UtilityMethods.getTestData(dataFile, "BOOnlineoutlet", row): null

2019-10-03 15:46:28 - [TEST_STEP][PASSED] - BOEmployee = UtilityMethods.getTestData(dataFile, "BOEmployee", row): null

2019-10-03 15:46:28 - [TEST_STEP][PASSED] - CCPersonal = UtilityMethods.getTestData(dataFile, "CCPersonal", row): null

2019-10-03 15:46:28 - [TEST_STEP][PASSED] - CCRetail = UtilityMethods.getTestData(dataFile, "CCRetail", row): null

2019-10-03 15:46:28 - [TEST_STEP][PASSED] - CCShow = UtilityMethods.getTestData(dataFile, "CCShow", row): null

2019-10-03 15:46:28 - [TEST_STEP][PASSED] - BOEblast = UtilityMethods.getTestData(dataFile, "BOEblast", row): null

2019-10-03 15:46:28 - [TEST_STEP][PASSED] - println(row): null

2019-10-03 15:46:28 - [TEST_STEP][PASSED] - println(BOPersonal): null

2019-10-03 15:46:28 - [MESSAGE][PASSED] - Call Test Case 'Test Cases/NewArrival/populateTimeGlobalVars' successfully

2019-10-03 15:46:28 - [TEST_STEP][PASSED] - callTestCase(findTestCase("NewArrival/setTimezone"), ["ofbizURL":"", "ofbizuser":"", "ofbizpass":"", "orderType":orderType, "timeZone":timeZone, "serverTarget":serverTarget, "clockServerTarget":clockServerTarget], CONTINUE_ON_FAILURE): Call Test Case 'Test Cases/NewArrival/setTimezone' successfully

2019-10-03 15:46:28 - [TEST_CASE][PASSED] - Test Cases/NewArrival/setTimezone: Test Cases/NewArrival/setTimezone

2019-10-03 15:46:29 - [TEST_STEP][PASSED] - openBrowser(""): Browser is opened with url: ''

2019-10-03 15:46:29 - [MESSAGE][WARNING] - A browser is already opened. Closing browser and opening a new one

2019-10-03 15:46:29 - [MESSAGE][INFO] - Starting 'Chrome' driver

2019-10-03 15:46:29 - [MESSAGE][INFO] - User set preference: ['args', '[--use-fake-ui-for-media-stream, --start-maximized]']

2019-10-03 15:46:32 - [MESSAGE][PASSED] - Browser is opened with url: ''

2019-10-03 15:46:32 - [TEST_STEP][NOT_RUN] - maximizeWindow(): NOT_RUN: maximizeWindow()

2019-10-03 15:46:32 - [MESSAGE][NOT_RUN] - NOT_RUN: maximizeWindow()

2019-10-03 15:46:32 - [TEST_STEP][PASSED] - ofbizURL = findTestData("envtData").getValue("ofbizURL", 1): null

2019-10-03 15:46:32 - [TEST_STEP][PASSED] - ofbizuser = findTestData("credData").getValue("ofbizuser", 1): null

2019-10-03 15:46:32 - [TEST_STEP][PASSED] - ofbizpass = findTestData("credData").getValue("ofbizpass", 1): null

2019-10-03 15:46:32 - [TEST_STEP][PASSED] - navigateToUrl(ofbizURL): Navigate to 'https://pushofbiz.cliotest.com/login.php' successfully

2019-10-03 15:46:34 - [MESSAGE][PASSED] - Navigate to 'https://pushofbiz.cliotest.com/login.php' successfully

2019-10-03 15:46:34 - [TEST_STEP][PASSED] - setText(findTestObject("Page_/input_Username_username"), ofbizuser): Text 'automation' is set on object 'Object Repository/Page_/input_Username_username'

2019-10-03 15:46:34 - [MESSAGE][PASSED] - Text 'automation' is set on object 'Object Repository/Page_/input_Username_username'

2019-10-03 15:46:34 - [TEST_STEP][PASSED] - setText(findTestObject("Page_/input_Password_password"), ofbizpass): Text 'cabiautomation' is set on object 'Object Repository/Page_/input_Password_password'

2019-10-03 15:46:34 - [MESSAGE][PASSED] - Text 'cabiautomation' is set on object 'Object Repository/Page_/input_Password_password'

2019-10-03 15:46:34 - [TEST_STEP][PASSED] - click(findTestObject("Page_/input_Password_Submit")): Object: 'Object Repository/Page_/input_Password_Submit' is clicked on

2019-10-03 15:46:37 - [MESSAGE][PASSED] - Object: 'Object Repository/Page_/input_Password_Submit' is clicked on

2019-10-03 15:46:37 - [TEST_STEP][PASSED] - click(findTestObject("Object Repository/Page_/a_Clock set")): Object: 'Object Repository/Page_/a_Clock set' is clicked on

2019-10-03 15:46:38 - [MESSAGE][PASSED] - Object: 'Object Repository/Page_/a_Clock set' is clicked on

2019-10-03 15:46:38 - [TEST_STEP][PASSED] - cst = UtilityMethods.createTestObject("select_target", "//select[@name='Target']/option[contains(text(), '", clockServerTarget, "')]"): null

2019-10-03 15:46:38 - [TEST_STEP][PASSED] - println(clockServerTarget): null

2019-10-03 15:46:38 - [TEST_STEP][PASSED] - click(cst): Object: 'select_target' is clicked on

2019-10-03 15:46:38 - [MESSAGE][PASSED] - Object: 'select_target' is clicked on

2019-10-03 15:46:38 - [TEST_STEP][PASSED] - click(findTestObject("Page_/thisDateAndTime")): Object: 'Object Repository/Page_/thisDateAndTime' is clicked on

2019-10-03 15:46:38 - [MESSAGE][PASSED] - Object: 'Object Repository/Page_/thisDateAndTime' is clicked on

2019-10-03 15:46:38 - [TEST_STEP][PASSED] - setText(findTestObject("Object Repository/Page_/setTargetTime"), timeZone): Text ' 10/24/2019 00:00' is set on object 'Object Repository/Page_/setTargetTime'

2019-10-03 15:46:38 - [MESSAGE][PASSED] - Text ' 10/24/2019 00:00' is set on object 'Object Repository/Page_/setTargetTime'

2019-10-03 15:46:38 - [TEST_STEP][PASSED] - click(findTestObject("Object Repository/Page_/input")): Object: 'Object Repository/Page_/input' is clicked on

2019-10-03 15:46:39 - [MESSAGE][PASSED] - Object: 'Object Repository/Page_/input' is clicked on

2019-10-03 15:46:39 - [TEST_STEP][PASSED] - delay(10): Delayed 10 second(s)

2019-10-03 15:46:49 - [MESSAGE][PASSED] - Delayed 10 second(s)

2019-10-03 15:46:49 - [TEST_STEP][NOT_RUN] - closeBrowser(): NOT_RUN: closeBrowser()

2019-10-03 15:46:49 - [MESSAGE][NOT_RUN] - NOT_RUN: closeBrowser()

2019-10-03 15:46:49 - [MESSAGE][PASSED] - Call Test Case 'Test Cases/NewArrival/setTimezone' successfully

2019-10-03 15:46:49 - [TEST_STEP][PASSED] - callTestCase(findTestCase("TestCaseUtilities/backOfficeLogin"), ["BOURL":"", "BOuser":"", "BOpass":""], CONTINUE_ON_FAILURE): Call Test Case 'Test Cases/TestCaseUtilities/backOfficeLogin' successfully

2019-10-03 15:46:49 - [TEST_CASE][PASSED] - Test Cases/TestCaseUtilities/backOfficeLogin: Test Cases/TestCaseUtilities/backOfficeLogin

2019-10-03 15:46:49 - [TEST_STEP][PASSED] - BOURL = findTestData("envtData").getValue("BOURL", 1): null

2019-10-03 15:46:49 - [TEST_STEP][PASSED] - BOuser = findTestData("credData").getValue("BOuser", 1): null

2019-10-03 15:46:49 - [TEST_STEP][PASSED] - BOpass = findTestData("credData").getValue("BOpass", 1): null

2019-10-03 15:46:49 - [TEST_STEP][PASSED] - openBrowser(""): Browser is opened with url: ''

2019-10-03 15:46:49 - [MESSAGE][WARNING] - A browser is already opened. Closing browser and opening a new one

2019-10-03 15:46:50 - [MESSAGE][INFO] - Starting 'Chrome' driver

2019-10-03 15:46:50 - [MESSAGE][INFO] - User set preference: ['args', '[--use-fake-ui-for-media-stream, --start-maximized]']

2019-10-03 15:46:52 - [MESSAGE][PASSED] - Browser is opened with url: ''

2019-10-03 15:46:52 - [TEST_STEP][PASSED] - navigateToUrl(BOURL): Navigate to 'https://test4.cliotest.com/backoffice/control/main' successfully

2019-10-03 15:46:59 - [MESSAGE][PASSED] - Navigate to 'https://test4.cliotest.com/backoffice/control/main' successfully

2019-10-03 15:46:59 - [TEST_STEP][PASSED] - logOut = findWebElements(findTestObject("Object Repository/Page_cabi Home/log_out"), 1): Unable to find the element located by 'By.xpath: //a[contains(text(),'Log Out')]'. Please recheck the objects properties to make sure the desired element is located. 

2019-10-03 15:47:00 - [MESSAGE][INFO] - Unable to find the element located by 'By.xpath: //a[contains(text(),'Log Out')]'. Please recheck the objects properties to make sure the desired element is located. 

2019-10-03 15:47:00 - [TEST_STEP][PASSED] - if (logOut.size() == 0): Object: 'Object Repository/Page_cabi/input_Welcome to_consultantLogin' is clicked on

2019-10-03 15:47:00 - [TEST_STEP][PASSED] - setText(findTestObject("Page_cabi/input_Welcome to_USERNAME"), BOuser): Text '400000002' is set on object 'Object Repository/Page_cabi/input_Welcome to_USERNAME'

2019-10-03 15:47:00 - [MESSAGE][PASSED] - Text '400000002' is set on object 'Object Repository/Page_cabi/input_Welcome to_USERNAME'

2019-10-03 15:47:00 - [TEST_STEP][PASSED] - setText(findTestObject("Object Repository/Page_cabi/input_Welcome to_PASSWORD"), BOpass): Text 'blackdress19' is set on object 'Object Repository/Page_cabi/input_Welcome to_PASSWORD'

2019-10-03 15:47:00 - [MESSAGE][PASSED] - Text 'blackdress19' is set on object 'Object Repository/Page_cabi/input_Welcome to_PASSWORD'

2019-10-03 15:47:00 - [TEST_STEP][PASSED] - click(findTestObject("Object Repository/Page_cabi/input_Welcome to_consultantLogin")): Object: 'Object Repository/Page_cabi/input_Welcome to_consultantLogin' is clicked on

2019-10-03 15:47:07 - [MESSAGE][PASSED] - Object: 'Object Repository/Page_cabi/input_Welcome to_consultantLogin' is clicked on

2019-10-03 15:47:07 - [TEST_STEP][PASSED] - delay(3): Delayed 3 second(s)

2019-10-03 15:47:10 - [MESSAGE][PASSED] - Delayed 3 second(s)

2019-10-03 15:47:10 - [MESSAGE][PASSED] - Call Test Case 'Test Cases/TestCaseUtilities/backOfficeLogin' successfully

2019-10-03 15:47:10 - [TEST_STEP][PASSED] - driver = getWebDriver(): null

2019-10-03 15:47:10 - [TEST_STEP][PASSED] - executor = driver: null

2019-10-03 15:47:10 - [TEST_STEP][PASSED] - click(findTestObject("Page_cabi Home/a_Shows  Orders")): Object: 'Object Repository/Page_cabi Home/a_Shows  Orders' is clicked on

2019-10-03 15:47:11 - [MESSAGE][PASSED] - Object: 'Object Repository/Page_cabi Home/a_Shows  Orders' is clicked on

2019-10-03 15:47:11 - [TEST_STEP][PASSED] - delay(1): Delayed 1 second(s)

2019-10-03 15:47:12 - [MESSAGE][PASSED] - Delayed 1 second(s)

2019-10-03 15:47:12 - [TEST_STEP][PASSED] - click(findTestObject("Page_cabi Home/a_retail_purchases")): Object: 'Object Repository/Page_cabi Home/a_retail_purchases' is clicked on

2019-10-03 15:47:16 - [MESSAGE][PASSED] - Object: 'Object Repository/Page_cabi Home/a_retail_purchases' is clicked on

2019-10-03 15:47:16 - [TEST_STEP][PASSED] - delay(3): Delayed 3 second(s)

2019-10-03 15:47:19 - [MESSAGE][PASSED] - Delayed 3 second(s)

2019-10-03 15:47:19 - [TEST_STEP][PASSED] - click(findTestObject("Object Repository/Page_cabi Home/existingCustomer")): Object: 'Object Repository/Page_cabi Home/existingCustomer' is clicked on

2019-10-03 15:47:19 - [MESSAGE][PASSED] - Object: 'Object Repository/Page_cabi Home/existingCustomer' is clicked on

2019-10-03 15:47:19 - [TEST_STEP][PASSED] - contactNumber = 1: null

2019-10-03 15:47:19 - [TEST_STEP][PASSED] - firstName = findTestData("contactData").getValue("firstName", contactNumber): null

2019-10-03 15:47:19 - [TEST_STEP][PASSED] - lastName = findTestData("contactData").getValue("lastName", contactNumber): null

2019-10-03 15:47:19 - [TEST_STEP][PASSED] - email = findTestData("contactData").getValue("email", contactNumber): null

2019-10-03 15:47:19 - [TEST_STEP][PASSED] - address1 = findTestData("contactData").getValue("address1", contactNumber): null

2019-10-03 15:47:19 - [TEST_STEP][PASSED] - city = findTestData("contactData").getValue("city", contactNumber): null

2019-10-03 15:47:19 - [TEST_STEP][PASSED] - state = findTestData("contactData").getValue("state", contactNumber): null

2019-10-03 15:47:19 - [TEST_STEP][PASSED] - zip = findTestData("contactData").getValue("zip", contactNumber): null

2019-10-03 15:47:19 - [TEST_STEP][PASSED] - existingCustFName = firstName: null

2019-10-03 15:47:19 - [TEST_STEP][PASSED] - existingCustLName = lastName: null

2019-10-03 15:47:19 - [TEST_STEP][PASSED] - space = " ": null

2019-10-03 15:47:19 - [TEST_STEP][PASSED] - existingCust = $existingCustFName$space$existingCustLName: null

2019-10-03 15:47:19 - [TEST_STEP][PASSED] - setText(findTestObject("Object Repository/Page_cabi Home/input_existing_guest"), existingCust): Text 'ahostess-test1 abc' is set on object 'Object Repository/Page_cabi Home/input_existing_guest'

2019-10-03 15:47:20 - [MESSAGE][PASSED] - Text 'ahostess-test1 abc' is set on object 'Object Repository/Page_cabi Home/input_existing_guest'

2019-10-03 15:47:20 - [TEST_STEP][PASSED] - delay(2): Delayed 2 second(s)

2019-10-03 15:47:22 - [MESSAGE][PASSED] - Delayed 2 second(s)

2019-10-03 15:47:22 - [TEST_STEP][PASSED] - sendKeys(findTestObject("Object Repository/Page_cabi Home/input_existing_guest"), Keys.chord(ARROW_DOWN)): Keys 'DOWN + ' sent to object: 'Object Repository/Page_cabi Home/input_existing_guest'

2019-10-03 15:47:22 - [MESSAGE][PASSED] - Keys 'DOWN + ' sent to object: 'Object Repository/Page_cabi Home/input_existing_guest'

2019-10-03 15:47:22 - [TEST_STEP][PASSED] - sendKeys(findTestObject("Object Repository/Page_cabi Home/input_existing_guest"), Keys.chord(ENTER)): Keys 'ENTER + ' sent to object: 'Object Repository/Page_cabi Home/input_existing_guest'

2019-10-03 15:47:22 - [MESSAGE][PASSED] - Keys 'ENTER + ' sent to object: 'Object Repository/Page_cabi Home/input_existing_guest'

2019-10-03 15:47:22 - [TEST_STEP][PASSED] - delay(5): Delayed 5 second(s)

2019-10-03 15:47:27 - [MESSAGE][PASSED] - Delayed 5 second(s)

2019-10-03 15:47:27 - [TEST_STEP][PASSED] - executor.executeScript("arguments[0].click();", findWebElement(findTestObject("Object Repository/Page_cabi Home/a_same_shipping_address"), 5)): null

2019-10-03 15:47:28 - [TEST_STEP][PASSED] - click(findTestObject("Object Repository/Page_cabi Home/a_same_shipping_address")): Object: 'Object Repository/Page_cabi Home/a_same_shipping_address' is clicked on

2019-10-03 15:47:28 - [MESSAGE][PASSED] - Object: 'Object Repository/Page_cabi Home/a_same_shipping_address' is clicked on

2019-10-03 15:47:28 - [TEST_STEP][PASSED] - delay(5): Delayed 5 second(s)

2019-10-03 15:47:33 - [MESSAGE][PASSED] - Delayed 5 second(s)

2019-10-03 15:47:33 - [TEST_STEP][PASSED] - executor.executeScript("arguments[0].click();", findWebElement(findTestObject("Page_cabi Retail Store/span_next_1"), 5)): null

2019-10-03 15:47:33 - [TEST_STEP][PASSED] - delay(3): Delayed 3 second(s)

2019-10-03 15:47:36 - [MESSAGE][PASSED] - Delayed 3 second(s)

2019-10-03 15:47:36 - [TEST_STEP][PASSED] - callTestCase(findTestCase("NewArrival/productVerify"), ["available":BORetail, "storeType":"BORetail"], CONTINUE_ON_FAILURE): Call Test Case 'Test Cases/NewArrival/productVerify' successfully

2019-10-03 15:47:36 - [TEST_CASE][PASSED] - Test Cases/NewArrival/productVerify: Test Cases/NewArrival/productVerify

2019-10-03 15:47:36 - [TEST_STEP][PASSED] - sa = <not implemented yet for class: org.codehaus.groovy.ast.expr.EmptyExpression>: null

2019-10-03 15:47:36 - [TEST_STEP][PASSED] - styleid_data = <not implemented yet for class: org.codehaus.groovy.ast.expr.EmptyExpression>: null

2019-10-03 15:47:36 - [TEST_STEP][PASSED] - by = <not implemented yet for class: org.codehaus.groovy.ast.expr.EmptyExpression>: null

2019-10-03 15:47:36 - [TEST_STEP][PASSED] - styleWe = <not implemented yet for class: org.codehaus.groovy.ast.expr.EmptyExpression>: null

2019-10-03 15:47:36 - [TEST_STEP][PASSED] - to = <not implemented yet for class: org.codehaus.groovy.ast.expr.EmptyExpression>: null

2019-10-03 15:47:36 - [TEST_STEP][PASSED] - driver = getWebDriver(): null

2019-10-03 15:47:36 - [TEST_STEP][PASSED] - for ([row = 1, row <= findTestData("productData").getRowNumbers(), (row++)]): Actual text and expected text of test object 'Object Repository/Page_cabi Order Items/no_result_found' are matched.

2019-10-03 15:47:36 - [TEST_STEP][PASSED] - sa = new org.testng.asserts.SoftAssert(): null

2019-10-03 15:47:36 - [TEST_STEP][PASSED] - styleid_data = findTestData("productData").getValue("Style", row): null

2019-10-03 15:47:36 - [TEST_STEP][PASSED] - println("******************+++++++++++++++++++**********************************************"): null

2019-10-03 15:47:36 - [TEST_STEP][PASSED] - println(styleid_data): null

2019-10-03 15:47:36 - [TEST_STEP][PASSED] - by = By.xpath("//input[@name='style']"): null

2019-10-03 15:47:36 - [TEST_STEP][PASSED] - styleWe = UtilityMethods.getElementByLocator(by, driver): null

2019-10-03 15:47:37 - [TEST_STEP][PASSED] - to = UtilityMethods.fromElement(styleWe): null

2019-10-03 15:47:37 - [TEST_STEP][PASSED] - setText(to, styleid_data): Text '3843' is set on object ''

2019-10-03 15:47:37 - [MESSAGE][PASSED] - Text '3843' is set on object ''

2019-10-03 15:47:37 - [TEST_STEP][PASSED] - sendKeys(to, Keys.chord(ENTER)): Keys 'ENTER + ' sent to object: ''

2019-10-03 15:47:37 - [MESSAGE][PASSED] - Keys 'ENTER + ' sent to object: ''

2019-10-03 15:47:37 - [TEST_STEP][PASSED] - delay(2): Delayed 2 second(s)

2019-10-03 15:47:39 - [MESSAGE][PASSED] - Delayed 2 second(s)

2019-10-03 15:47:39 - [TEST_STEP][PASSED] - delay(2): Delayed 2 second(s)

2019-10-03 15:47:41 - [MESSAGE][PASSED] - Delayed 2 second(s)

2019-10-03 15:47:41 - [TEST_STEP][PASSED] - if (toString().equalsIgnoreCase("no")): Actual text and expected text of test object 'Object Repository/Page_cabi Order Items/no_result_found' are matched.

2019-10-03 15:47:41 - [TEST_STEP][PASSED] - delay(2): Delayed 2 second(s)

2019-10-03 15:47:43 - [MESSAGE][PASSED] - Delayed 2 second(s)

2019-10-03 15:47:43 - [TEST_STEP][PASSED] - noResultMessages = findWebElements(findTestObject("Page_cabi Order Items/no_result_found"), 5): null

2019-10-03 15:47:43 - [TEST_STEP][PASSED] - println(noResultMessages.size()): null

2019-10-03 15:47:43 - [TEST_STEP][PASSED] - sa.assertTrue(noResultMessages.size() > 0): null

2019-10-03 15:47:43 - [TEST_STEP][PASSED] - verifyElementText(findTestObject("Page_cabi Order Items/no_result_found"), "No Results Found!", CONTINUE_ON_FAILURE): Actual text and expected text of test object 'Object Repository/Page_cabi Order Items/no_result_found' are matched.

2019-10-03 15:47:43 - [MESSAGE][PASSED] - Actual text and expected text of test object 'Object Repository/Page_cabi Order Items/no_result_found' are matched.

2019-10-03 15:47:43 - [TEST_STEP][PASSED] - sa = new org.testng.asserts.SoftAssert(): null

2019-10-03 15:47:43 - [TEST_STEP][PASSED] - styleid_data = findTestData("productData").getValue("Style", row): null

2019-10-03 15:47:43 - [TEST_STEP][PASSED] - println("******************+++++++++++++++++++**********************************************"): null

2019-10-03 15:47:43 - [TEST_STEP][PASSED] - println(styleid_data): null

2019-10-03 15:47:43 - [TEST_STEP][PASSED] - by = By.xpath("//input[@name='style']"): null

2019-10-03 15:47:43 - [TEST_STEP][PASSED] - styleWe = UtilityMethods.getElementByLocator(by, driver): null

2019-10-03 15:47:43 - [TEST_STEP][PASSED] - to = UtilityMethods.fromElement(styleWe): null

2019-10-03 15:47:43 - [TEST_STEP][PASSED] - setText(to, styleid_data): Text '3846' is set on object ''

2019-10-03 15:47:43 - [MESSAGE][PASSED] - Text '3846' is set on object ''

2019-10-03 15:47:43 - [TEST_STEP][PASSED] - sendKeys(to, Keys.chord(ENTER)): Keys 'ENTER + ' sent to object: ''

2019-10-03 15:47:43 - [MESSAGE][PASSED] - Keys 'ENTER + ' sent to object: ''

2019-10-03 15:47:43 - [TEST_STEP][PASSED] - delay(2): Delayed 2 second(s)

2019-10-03 15:47:45 - [MESSAGE][PASSED] - Delayed 2 second(s)

2019-10-03 15:47:45 - [TEST_STEP][PASSED] - delay(2): Delayed 2 second(s)

2019-10-03 15:47:47 - [MESSAGE][PASSED] - Delayed 2 second(s)

2019-10-03 15:47:47 - [TEST_STEP][PASSED] - if (toString().equalsIgnoreCase("no")): Actual text and expected text of test object 'Object Repository/Page_cabi Order Items/no_result_found' are matched.

2019-10-03 15:47:47 - [TEST_STEP][PASSED] - delay(2): Delayed 2 second(s)

2019-10-03 15:47:49 - [MESSAGE][PASSED] - Delayed 2 second(s)

2019-10-03 15:47:49 - [TEST_STEP][PASSED] - noResultMessages = findWebElements(findTestObject("Page_cabi Order Items/no_result_found"), 5): null

2019-10-03 15:47:49 - [TEST_STEP][PASSED] - println(noResultMessages.size()): null

2019-10-03 15:47:49 - [TEST_STEP][PASSED] - sa.assertTrue(noResultMessages.size() > 0): null

2019-10-03 15:47:49 - [TEST_STEP][PASSED] - verifyElementText(findTestObject("Page_cabi Order Items/no_result_found"), "No Results Found!", CONTINUE_ON_FAILURE): Actual text and expected text of test object 'Object Repository/Page_cabi Order Items/no_result_found' are matched.

2019-10-03 15:47:49 - [MESSAGE][PASSED] - Actual text and expected text of test object 'Object Repository/Page_cabi Order Items/no_result_found' are matched.

2019-10-03 15:47:49 - [TEST_STEP][PASSED] - sa = new org.testng.asserts.SoftAssert(): null

2019-10-03 15:47:49 - [TEST_STEP][PASSED] - styleid_data = findTestData("productData").getValue("Style", row): null

2019-10-03 15:47:49 - [TEST_STEP][PASSED] - println("******************+++++++++++++++++++**********************************************"): null

2019-10-03 15:47:49 - [TEST_STEP][PASSED] - println(styleid_data): null

2019-10-03 15:47:49 - [TEST_STEP][PASSED] - by = By.xpath("//input[@name='style']"): null

2019-10-03 15:47:49 - [TEST_STEP][PASSED] - styleWe = UtilityMethods.getElementByLocator(by, driver): null

2019-10-03 15:47:49 - [TEST_STEP][PASSED] - to = UtilityMethods.fromElement(styleWe): null

2019-10-03 15:47:49 - [TEST_STEP][PASSED] - setText(to, styleid_data): Text '3850' is set on object ''

2019-10-03 15:47:50 - [MESSAGE][PASSED] - Text '3850' is set on object ''

2019-10-03 15:47:50 - [TEST_STEP][PASSED] - sendKeys(to, Keys.chord(ENTER)): Keys 'ENTER + ' sent to object: ''

2019-10-03 15:47:50 - [MESSAGE][PASSED] - Keys 'ENTER + ' sent to object: ''

2019-10-03 15:47:50 - [TEST_STEP][PASSED] - delay(2): Delayed 2 second(s)

2019-10-03 15:47:52 - [MESSAGE][PASSED] - Delayed 2 second(s)

2019-10-03 15:47:52 - [TEST_STEP][PASSED] - delay(2): Delayed 2 second(s)

2019-10-03 15:47:54 - [MESSAGE][PASSED] - Delayed 2 second(s)

2019-10-03 15:47:54 - [TEST_STEP][PASSED] - if (toString().equalsIgnoreCase("no")): Actual text and expected text of test object 'Object Repository/Page_cabi Order Items/no_result_found' are matched.

2019-10-03 15:47:54 - [TEST_STEP][PASSED] - delay(2): Delayed 2 second(s)

2019-10-03 15:47:56 - [MESSAGE][PASSED] - Delayed 2 second(s)

2019-10-03 15:47:56 - [TEST_STEP][PASSED] - noResultMessages = findWebElements(findTestObject("Page_cabi Order Items/no_result_found"), 5): null

2019-10-03 15:47:56 - [TEST_STEP][PASSED] - println(noResultMessages.size()): null

2019-10-03 15:47:56 - [TEST_STEP][PASSED] - sa.assertTrue(noResultMessages.size() > 0): null

2019-10-03 15:47:56 - [TEST_STEP][PASSED] - verifyElementText(findTestObject("Page_cabi Order Items/no_result_found"), "No Results Found!", CONTINUE_ON_FAILURE): Actual text and expected text of test object 'Object Repository/Page_cabi Order Items/no_result_found' are matched.

2019-10-03 15:47:56 - [MESSAGE][PASSED] - Actual text and expected text of test object 'Object Repository/Page_cabi Order Items/no_result_found' are matched.

2019-10-03 15:47:56 - [TEST_STEP][PASSED] - sa = new org.testng.asserts.SoftAssert(): null

2019-10-03 15:47:56 - [TEST_STEP][PASSED] - styleid_data = findTestData("productData").getValue("Style", row): null

2019-10-03 15:47:56 - [TEST_STEP][PASSED] - println("******************+++++++++++++++++++**********************************************"): null

2019-10-03 15:47:56 - [TEST_STEP][PASSED] - println(styleid_data): null

2019-10-03 15:47:56 - [TEST_STEP][PASSED] - by = By.xpath("//input[@name='style']"): null

2019-10-03 15:47:56 - [TEST_STEP][PASSED] - styleWe = UtilityMethods.getElementByLocator(by, driver): null

2019-10-03 15:47:56 - [TEST_STEP][PASSED] - to = UtilityMethods.fromElement(styleWe): null

2019-10-03 15:47:56 - [TEST_STEP][PASSED] - setText(to, styleid_data): Text '3857' is set on object ''

2019-10-03 15:47:56 - [MESSAGE][PASSED] - Text '3857' is set on object ''

2019-10-03 15:47:56 - [TEST_STEP][PASSED] - sendKeys(to, Keys.chord(ENTER)): Keys 'ENTER + ' sent to object: ''

2019-10-03 15:47:56 - [MESSAGE][PASSED] - Keys 'ENTER + ' sent to object: ''

2019-10-03 15:47:56 - [TEST_STEP][PASSED] - delay(2): Delayed 2 second(s)

2019-10-03 15:47:58 - [MESSAGE][PASSED] - Delayed 2 second(s)

2019-10-03 15:47:58 - [TEST_STEP][PASSED] - delay(2): Delayed 2 second(s)

2019-10-03 15:48:00 - [MESSAGE][PASSED] - Delayed 2 second(s)

2019-10-03 15:48:00 - [TEST_STEP][PASSED] - if (toString().equalsIgnoreCase("no")): Actual text and expected text of test object 'Object Repository/Page_cabi Order Items/no_result_found' are matched.

2019-10-03 15:48:00 - [TEST_STEP][PASSED] - delay(2): Delayed 2 second(s)

2019-10-03 15:48:02 - [MESSAGE][PASSED] - Delayed 2 second(s)

2019-10-03 15:48:02 - [TEST_STEP][PASSED] - noResultMessages = findWebElements(findTestObject("Page_cabi Order Items/no_result_found"), 5): null

2019-10-03 15:48:02 - [TEST_STEP][PASSED] - println(noResultMessages.size()): null

2019-10-03 15:48:02 - [TEST_STEP][PASSED] - sa.assertTrue(noResultMessages.size() > 0): null

2019-10-03 15:48:02 - [TEST_STEP][PASSED] - verifyElementText(findTestObject("Page_cabi Order Items/no_result_found"), "No Results Found!", CONTINUE_ON_FAILURE): Actual text and expected text of test object 'Object Repository/Page_cabi Order Items/no_result_found' are matched.

2019-10-03 15:48:02 - [MESSAGE][PASSED] - Actual text and expected text of test object 'Object Repository/Page_cabi Order Items/no_result_found' are matched.

2019-10-03 15:48:02 - [TEST_STEP][PASSED] - sa = new org.testng.asserts.SoftAssert(): null

2019-10-03 15:48:02 - [TEST_STEP][PASSED] - styleid_data = findTestData("productData").getValue("Style", row): null

2019-10-03 15:48:02 - [TEST_STEP][PASSED] - println("******************+++++++++++++++++++**********************************************"): null

2019-10-03 15:48:02 - [TEST_STEP][PASSED] - println(styleid_data): null

2019-10-03 15:48:02 - [TEST_STEP][PASSED] - by = By.xpath("//input[@name='style']"): null

2019-10-03 15:48:02 - [TEST_STEP][PASSED] - styleWe = UtilityMethods.getElementByLocator(by, driver): null

2019-10-03 15:48:02 - [TEST_STEP][PASSED] - to = UtilityMethods.fromElement(styleWe): null

2019-10-03 15:48:02 - [TEST_STEP][PASSED] - setText(to, styleid_data): Text '3861' is set on object ''

2019-10-03 15:48:02 - [MESSAGE][PASSED] - Text '3861' is set on object ''

2019-10-03 15:48:02 - [TEST_STEP][PASSED] - sendKeys(to, Keys.chord(ENTER)): Keys 'ENTER + ' sent to object: ''

2019-10-03 15:48:02 - [MESSAGE][PASSED] - Keys 'ENTER + ' sent to object: ''

2019-10-03 15:48:02 - [TEST_STEP][PASSED] - delay(2): Delayed 2 second(s)

2019-10-03 15:48:04 - [MESSAGE][PASSED] - Delayed 2 second(s)

2019-10-03 15:48:04 - [TEST_STEP][PASSED] - delay(2): Delayed 2 second(s)

2019-10-03 15:48:06 - [MESSAGE][PASSED] - Delayed 2 second(s)

2019-10-03 15:48:06 - [TEST_STEP][PASSED] - if (toString().equalsIgnoreCase("no")): Actual text and expected text of test object 'Object Repository/Page_cabi Order Items/no_result_found' are matched.

2019-10-03 15:48:06 - [TEST_STEP][PASSED] - delay(2): Delayed 2 second(s)

2019-10-03 15:48:08 - [MESSAGE][PASSED] - Delayed 2 second(s)

2019-10-03 15:48:08 - [TEST_STEP][PASSED] - noResultMessages = findWebElements(findTestObject("Page_cabi Order Items/no_result_found"), 5): null

2019-10-03 15:48:08 - [TEST_STEP][PASSED] - println(noResultMessages.size()): null

2019-10-03 15:48:08 - [TEST_STEP][PASSED] - sa.assertTrue(noResultMessages.size() > 0): null

2019-10-03 15:48:08 - [TEST_STEP][PASSED] - verifyElementText(findTestObject("Page_cabi Order Items/no_result_found"), "No Results Found!", CONTINUE_ON_FAILURE): Actual text and expected text of test object 'Object Repository/Page_cabi Order Items/no_result_found' are matched.

2019-10-03 15:48:08 - [MESSAGE][PASSED] - Actual text and expected text of test object 'Object Repository/Page_cabi Order Items/no_result_found' are matched.

2019-10-03 15:48:08 - [TEST_STEP][PASSED] - sa = new org.testng.asserts.SoftAssert(): null

2019-10-03 15:48:08 - [TEST_STEP][PASSED] - styleid_data = findTestData("productData").getValue("Style", row): null

2019-10-03 15:48:08 - [TEST_STEP][PASSED] - println("******************+++++++++++++++++++**********************************************"): null

2019-10-03 15:48:08 - [TEST_STEP][PASSED] - println(styleid_data): null

2019-10-03 15:48:08 - [TEST_STEP][PASSED] - by = By.xpath("//input[@name='style']"): null

2019-10-03 15:48:08 - [TEST_STEP][PASSED] - styleWe = UtilityMethods.getElementByLocator(by, driver): null

2019-10-03 15:48:08 - [TEST_STEP][PASSED] - to = UtilityMethods.fromElement(styleWe): null

2019-10-03 15:48:08 - [TEST_STEP][PASSED] - setText(to, styleid_data): Text '3863' is set on object ''

2019-10-03 15:48:09 - [MESSAGE][PASSED] - Text '3863' is set on object ''

2019-10-03 15:48:09 - [TEST_STEP][PASSED] - sendKeys(to, Keys.chord(ENTER)): Keys 'ENTER + ' sent to object: ''

2019-10-03 15:48:09 - [MESSAGE][PASSED] - Keys 'ENTER + ' sent to object: ''

2019-10-03 15:48:09 - [TEST_STEP][PASSED] - delay(2): Delayed 2 second(s)

2019-10-03 15:48:11 - [MESSAGE][PASSED] - Delayed 2 second(s)

2019-10-03 15:48:11 - [TEST_STEP][PASSED] - delay(2): Delayed 2 second(s)

2019-10-03 15:48:13 - [MESSAGE][PASSED] - Delayed 2 second(s)

2019-10-03 15:48:13 - [TEST_STEP][PASSED] - if (toString().equalsIgnoreCase("no")): Actual text and expected text of test object 'Object Repository/Page_cabi Order Items/no_result_found' are matched.

2019-10-03 15:48:13 - [TEST_STEP][PASSED] - delay(2): Delayed 2 second(s)

2019-10-03 15:48:15 - [MESSAGE][PASSED] - Delayed 2 second(s)

2019-10-03 15:48:15 - [TEST_STEP][PASSED] - noResultMessages = findWebElements(findTestObject("Page_cabi Order Items/no_result_found"), 5): null

2019-10-03 15:48:15 - [TEST_STEP][PASSED] - println(noResultMessages.size()): null

2019-10-03 15:48:15 - [TEST_STEP][PASSED] - sa.assertTrue(noResultMessages.size() > 0): null

2019-10-03 15:48:15 - [TEST_STEP][PASSED] - verifyElementText(findTestObject("Page_cabi Order Items/no_result_found"), "No Results Found!", CONTINUE_ON_FAILURE): Actual text and expected text of test object 'Object Repository/Page_cabi Order Items/no_result_found' are matched.

2019-10-03 15:48:15 - [MESSAGE][PASSED] - Actual text and expected text of test object 'Object Repository/Page_cabi Order Items/no_result_found' are matched.

2019-10-03 15:48:15 - [TEST_STEP][PASSED] - sa = new org.testng.asserts.SoftAssert(): null

2019-10-03 15:48:15 - [TEST_STEP][PASSED] - styleid_data = findTestData("productData").getValue("Style", row): null

2019-10-03 15:48:15 - [TEST_STEP][PASSED] - println("******************+++++++++++++++++++**********************************************"): null

2019-10-03 15:48:15 - [TEST_STEP][PASSED] - println(styleid_data): null

2019-10-03 15:48:15 - [TEST_STEP][PASSED] - by = By.xpath("//input[@name='style']"): null

2019-10-03 15:48:15 - [TEST_STEP][PASSED] - styleWe = UtilityMethods.getElementByLocator(by, driver): null

2019-10-03 15:48:15 - [TEST_STEP][PASSED] - to = UtilityMethods.fromElement(styleWe): null

2019-10-03 15:48:15 - [TEST_STEP][PASSED] - setText(to, styleid_data): Text '3864' is set on object ''

2019-10-03 15:48:15 - [MESSAGE][PASSED] - Text '3864' is set on object ''

2019-10-03 15:48:15 - [TEST_STEP][PASSED] - sendKeys(to, Keys.chord(ENTER)): Keys 'ENTER + ' sent to object: ''

2019-10-03 15:48:15 - [MESSAGE][PASSED] - Keys 'ENTER + ' sent to object: ''

2019-10-03 15:48:15 - [TEST_STEP][PASSED] - delay(2): Delayed 2 second(s)

2019-10-03 15:48:17 - [MESSAGE][PASSED] - Delayed 2 second(s)

2019-10-03 15:48:17 - [TEST_STEP][PASSED] - delay(2): Delayed 2 second(s)

2019-10-03 15:48:19 - [MESSAGE][PASSED] - Delayed 2 second(s)

2019-10-03 15:48:19 - [TEST_STEP][PASSED] - if (toString().equalsIgnoreCase("no")): Actual text and expected text of test object 'Object Repository/Page_cabi Order Items/no_result_found' are matched.

2019-10-03 15:48:19 - [TEST_STEP][PASSED] - delay(2): Delayed 2 second(s)

2019-10-03 15:48:21 - [MESSAGE][PASSED] - Delayed 2 second(s)

2019-10-03 15:48:21 - [TEST_STEP][PASSED] - noResultMessages = findWebElements(findTestObject("Page_cabi Order Items/no_result_found"), 5): null

2019-10-03 15:48:21 - [TEST_STEP][PASSED] - println(noResultMessages.size()): null

2019-10-03 15:48:21 - [TEST_STEP][PASSED] - sa.assertTrue(noResultMessages.size() > 0): null

2019-10-03 15:48:21 - [TEST_STEP][PASSED] - verifyElementText(findTestObject("Page_cabi Order Items/no_result_found"), "No Results Found!", CONTINUE_ON_FAILURE): Actual text and expected text of test object 'Object Repository/Page_cabi Order Items/no_result_found' are matched.

2019-10-03 15:48:21 - [MESSAGE][PASSED] - Actual text and expected text of test object 'Object Repository/Page_cabi Order Items/no_result_found' are matched.

2019-10-03 15:48:21 - [TEST_STEP][PASSED] - sa = new org.testng.asserts.SoftAssert(): null

2019-10-03 15:48:21 - [TEST_STEP][PASSED] - styleid_data = findTestData("productData").getValue("Style", row): null

2019-10-03 15:48:21 - [TEST_STEP][PASSED] - println("******************+++++++++++++++++++**********************************************"): null

2019-10-03 15:48:21 - [TEST_STEP][PASSED] - println(styleid_data): null

2019-10-03 15:48:21 - [TEST_STEP][PASSED] - by = By.xpath("//input[@name='style']"): null

2019-10-03 15:48:21 - [TEST_STEP][PASSED] - styleWe = UtilityMethods.getElementByLocator(by, driver): null

2019-10-03 15:48:21 - [TEST_STEP][PASSED] - to = UtilityMethods.fromElement(styleWe): null

2019-10-03 15:48:21 - [TEST_STEP][PASSED] - setText(to, styleid_data): Text '3865' is set on object ''

2019-10-03 15:48:21 - [MESSAGE][PASSED] - Text '3865' is set on object ''

2019-10-03 15:48:21 - [TEST_STEP][PASSED] - sendKeys(to, Keys.chord(ENTER)): Keys 'ENTER + ' sent to object: ''

2019-10-03 15:48:21 - [MESSAGE][PASSED] - Keys 'ENTER + ' sent to object: ''

2019-10-03 15:48:21 - [TEST_STEP][PASSED] - delay(2): Delayed 2 second(s)

2019-10-03 15:48:23 - [MESSAGE][PASSED] - Delayed 2 second(s)

2019-10-03 15:48:23 - [TEST_STEP][PASSED] - delay(2): Delayed 2 second(s)

2019-10-03 15:48:25 - [MESSAGE][PASSED] - Delayed 2 second(s)

2019-10-03 15:48:25 - [TEST_STEP][PASSED] - if (toString().equalsIgnoreCase("no")): Actual text and expected text of test object 'Object Repository/Page_cabi Order Items/no_result_found' are matched.

2019-10-03 15:48:25 - [TEST_STEP][PASSED] - delay(2): Delayed 2 second(s)

2019-10-03 15:48:27 - [MESSAGE][PASSED] - Delayed 2 second(s)

2019-10-03 15:48:27 - [TEST_STEP][PASSED] - noResultMessages = findWebElements(findTestObject("Page_cabi Order Items/no_result_found"), 5): null

2019-10-03 15:48:27 - [TEST_STEP][PASSED] - println(noResultMessages.size()): null

2019-10-03 15:48:27 - [TEST_STEP][PASSED] - sa.assertTrue(noResultMessages.size() > 0): null

2019-10-03 15:48:27 - [TEST_STEP][PASSED] - verifyElementText(findTestObject("Page_cabi Order Items/no_result_found"), "No Results Found!", CONTINUE_ON_FAILURE): Actual text and expected text of test object 'Object Repository/Page_cabi Order Items/no_result_found' are matched.

2019-10-03 15:48:27 - [MESSAGE][PASSED] - Actual text and expected text of test object 'Object Repository/Page_cabi Order Items/no_result_found' are matched.

2019-10-03 15:48:27 - [TEST_STEP][PASSED] - sa = new org.testng.asserts.SoftAssert(): null

2019-10-03 15:48:27 - [TEST_STEP][PASSED] - styleid_data = findTestData("productData").getValue("Style", row): null

2019-10-03 15:48:27 - [TEST_STEP][PASSED] - println("******************+++++++++++++++++++**********************************************"): null

2019-10-03 15:48:27 - [TEST_STEP][PASSED] - println(styleid_data): null

2019-10-03 15:48:27 - [TEST_STEP][PASSED] - by = By.xpath("//input[@name='style']"): null

2019-10-03 15:48:27 - [TEST_STEP][PASSED] - styleWe = UtilityMethods.getElementByLocator(by, driver): null

2019-10-03 15:48:28 - [TEST_STEP][PASSED] - to = UtilityMethods.fromElement(styleWe): null

2019-10-03 15:48:28 - [TEST_STEP][PASSED] - setText(to, styleid_data): Text '3869' is set on object ''

2019-10-03 15:48:28 - [MESSAGE][PASSED] - Text '3869' is set on object ''

2019-10-03 15:48:28 - [TEST_STEP][PASSED] - sendKeys(to, Keys.chord(ENTER)): Keys 'ENTER + ' sent to object: ''

2019-10-03 15:48:28 - [MESSAGE][PASSED] - Keys 'ENTER + ' sent to object: ''

2019-10-03 15:48:28 - [TEST_STEP][PASSED] - delay(2): Delayed 2 second(s)

2019-10-03 15:48:30 - [MESSAGE][PASSED] - Delayed 2 second(s)

2019-10-03 15:48:30 - [TEST_STEP][PASSED] - delay(2): Delayed 2 second(s)

2019-10-03 15:48:32 - [MESSAGE][PASSED] - Delayed 2 second(s)

2019-10-03 15:48:32 - [TEST_STEP][PASSED] - if (toString().equalsIgnoreCase("no")): Actual text and expected text of test object 'Object Repository/Page_cabi Order Items/no_result_found' are matched.

2019-10-03 15:48:32 - [TEST_STEP][PASSED] - delay(2): Delayed 2 second(s)

2019-10-03 15:48:34 - [MESSAGE][PASSED] - Delayed 2 second(s)

2019-10-03 15:48:34 - [TEST_STEP][PASSED] - noResultMessages = findWebElements(findTestObject("Page_cabi Order Items/no_result_found"), 5): null

2019-10-03 15:48:34 - [TEST_STEP][PASSED] - println(noResultMessages.size()): null

2019-10-03 15:48:34 - [TEST_STEP][PASSED] - sa.assertTrue(noResultMessages.size() > 0): null

2019-10-03 15:48:34 - [TEST_STEP][PASSED] - verifyElementText(findTestObject("Page_cabi Order Items/no_result_found"), "No Results Found!", CONTINUE_ON_FAILURE): Actual text and expected text of test object 'Object Repository/Page_cabi Order Items/no_result_found' are matched.

2019-10-03 15:48:34 - [MESSAGE][PASSED] - Actual text and expected text of test object 'Object Repository/Page_cabi Order Items/no_result_found' are matched.

2019-10-03 15:48:34 - [TEST_STEP][PASSED] - sa = new org.testng.asserts.SoftAssert(): null

2019-10-03 15:48:34 - [TEST_STEP][PASSED] - styleid_data = findTestData("productData").getValue("Style", row): null

2019-10-03 15:48:34 - [TEST_STEP][PASSED] - println("******************+++++++++++++++++++**********************************************"): null

2019-10-03 15:48:34 - [TEST_STEP][PASSED] - println(styleid_data): null

2019-10-03 15:48:34 - [TEST_STEP][PASSED] - by = By.xpath("//input[@name='style']"): null

2019-10-03 15:48:34 - [TEST_STEP][PASSED] - styleWe = UtilityMethods.getElementByLocator(by, driver): null

2019-10-03 15:48:34 - [TEST_STEP][PASSED] - to = UtilityMethods.fromElement(styleWe): null

2019-10-03 15:48:34 - [TEST_STEP][PASSED] - setText(to, styleid_data): Text '3870' is set on object ''

2019-10-03 15:48:34 - [MESSAGE][PASSED] - Text '3870' is set on object ''

2019-10-03 15:48:34 - [TEST_STEP][PASSED] - sendKeys(to, Keys.chord(ENTER)): Keys 'ENTER + ' sent to object: ''

2019-10-03 15:48:34 - [MESSAGE][PASSED] - Keys 'ENTER + ' sent to object: ''

2019-10-03 15:48:34 - [TEST_STEP][PASSED] - delay(2): Delayed 2 second(s)

2019-10-03 15:48:36 - [MESSAGE][PASSED] - Delayed 2 second(s)

2019-10-03 15:48:36 - [TEST_STEP][PASSED] - delay(2): Delayed 2 second(s)

2019-10-03 15:48:38 - [MESSAGE][PASSED] - Delayed 2 second(s)

2019-10-03 15:48:38 - [TEST_STEP][PASSED] - if (toString().equalsIgnoreCase("no")): Actual text and expected text of test object 'Object Repository/Page_cabi Order Items/no_result_found' are matched.

2019-10-03 15:48:38 - [TEST_STEP][PASSED] - delay(2): Delayed 2 second(s)

2019-10-03 15:48:40 - [MESSAGE][PASSED] - Delayed 2 second(s)

2019-10-03 15:48:40 - [TEST_STEP][PASSED] - noResultMessages = findWebElements(findTestObject("Page_cabi Order Items/no_result_found"), 5): null

2019-10-03 15:48:40 - [TEST_STEP][PASSED] - println(noResultMessages.size()): null

2019-10-03 15:48:40 - [TEST_STEP][PASSED] - sa.assertTrue(noResultMessages.size() > 0): null

2019-10-03 15:48:40 - [TEST_STEP][PASSED] - verifyElementText(findTestObject("Page_cabi Order Items/no_result_found"), "No Results Found!", CONTINUE_ON_FAILURE): Actual text and expected text of test object 'Object Repository/Page_cabi Order Items/no_result_found' are matched.

2019-10-03 15:48:40 - [MESSAGE][PASSED] - Actual text and expected text of test object 'Object Repository/Page_cabi Order Items/no_result_found' are matched.

2019-10-03 15:48:40 - [TEST_STEP][PASSED] - sa = new org.testng.asserts.SoftAssert(): null

2019-10-03 15:48:40 - [TEST_STEP][PASSED] - styleid_data = findTestData("productData").getValue("Style", row): null

2019-10-03 15:48:40 - [TEST_STEP][PASSED] - println("******************+++++++++++++++++++**********************************************"): null

2019-10-03 15:48:40 - [TEST_STEP][PASSED] - println(styleid_data): null

2019-10-03 15:48:40 - [TEST_STEP][PASSED] - by = By.xpath("//input[@name='style']"): null

2019-10-03 15:48:40 - [TEST_STEP][PASSED] - styleWe = UtilityMethods.getElementByLocator(by, driver): null

2019-10-03 15:48:40 - [TEST_STEP][PASSED] - to = UtilityMethods.fromElement(styleWe): null

2019-10-03 15:48:40 - [TEST_STEP][PASSED] - setText(to, styleid_data): Text '3871' is set on object ''

2019-10-03 15:48:40 - [MESSAGE][PASSED] - Text '3871' is set on object ''

2019-10-03 15:48:40 - [TEST_STEP][PASSED] - sendKeys(to, Keys.chord(ENTER)): Keys 'ENTER + ' sent to object: ''

2019-10-03 15:48:40 - [MESSAGE][PASSED] - Keys 'ENTER + ' sent to object: ''

2019-10-03 15:48:40 - [TEST_STEP][PASSED] - delay(2): Delayed 2 second(s)

2019-10-03 15:48:42 - [MESSAGE][PASSED] - Delayed 2 second(s)

2019-10-03 15:48:42 - [TEST_STEP][PASSED] - delay(2): Delayed 2 second(s)

2019-10-03 15:48:44 - [MESSAGE][PASSED] - Delayed 2 second(s)

2019-10-03 15:48:44 - [TEST_STEP][PASSED] - if (toString().equalsIgnoreCase("no")): Actual text and expected text of test object 'Object Repository/Page_cabi Order Items/no_result_found' are matched.

2019-10-03 15:48:44 - [TEST_STEP][PASSED] - delay(2): Delayed 2 second(s)

2019-10-03 15:48:46 - [MESSAGE][PASSED] - Delayed 2 second(s)

2019-10-03 15:48:46 - [TEST_STEP][PASSED] - noResultMessages = findWebElements(findTestObject("Page_cabi Order Items/no_result_found"), 5): null

2019-10-03 15:48:46 - [TEST_STEP][PASSED] - println(noResultMessages.size()): null

2019-10-03 15:48:46 - [TEST_STEP][PASSED] - sa.assertTrue(noResultMessages.size() > 0): null

2019-10-03 15:48:46 - [TEST_STEP][PASSED] - verifyElementText(findTestObject("Page_cabi Order Items/no_result_found"), "No Results Found!", CONTINUE_ON_FAILURE): Actual text and expected text of test object 'Object Repository/Page_cabi Order Items/no_result_found' are matched.

2019-10-03 15:48:47 - [MESSAGE][PASSED] - Actual text and expected text of test object 'Object Repository/Page_cabi Order Items/no_result_found' are matched.

2019-10-03 15:48:47 - [TEST_STEP][PASSED] - sa = new org.testng.asserts.SoftAssert(): null

2019-10-03 15:48:47 - [TEST_STEP][PASSED] - styleid_data = findTestData("productData").getValue("Style", row): null

2019-10-03 15:48:47 - [TEST_STEP][PASSED] - println("******************+++++++++++++++++++**********************************************"): null

2019-10-03 15:48:47 - [TEST_STEP][PASSED] - println(styleid_data): null

2019-10-03 15:48:47 - [TEST_STEP][PASSED] - by = By.xpath("//input[@name='style']"): null

2019-10-03 15:48:47 - [TEST_STEP][PASSED] - styleWe = UtilityMethods.getElementByLocator(by, driver): null

2019-10-03 15:48:47 - [TEST_STEP][PASSED] - to = UtilityMethods.fromElement(styleWe): null

2019-10-03 15:48:47 - [TEST_STEP][PASSED] - setText(to, styleid_data): Text '3875' is set on object ''

2019-10-03 15:48:47 - [MESSAGE][PASSED] - Text '3875' is set on object ''

2019-10-03 15:48:47 - [TEST_STEP][PASSED] - sendKeys(to, Keys.chord(ENTER)): Keys 'ENTER + ' sent to object: ''

2019-10-03 15:48:47 - [MESSAGE][PASSED] - Keys 'ENTER + ' sent to object: ''

2019-10-03 15:48:47 - [TEST_STEP][PASSED] - delay(2): Delayed 2 second(s)

2019-10-03 15:48:49 - [MESSAGE][PASSED] - Delayed 2 second(s)

2019-10-03 15:48:49 - [TEST_STEP][PASSED] - delay(2): Delayed 2 second(s)

2019-10-03 15:48:51 - [MESSAGE][PASSED] - Delayed 2 second(s)

2019-10-03 15:48:51 - [TEST_STEP][PASSED] - if (toString().equalsIgnoreCase("no")): Actual text and expected text of test object 'Object Repository/Page_cabi Order Items/no_result_found' are matched.

2019-10-03 15:48:51 - [TEST_STEP][PASSED] - delay(2): Delayed 2 second(s)

2019-10-03 15:48:53 - [MESSAGE][PASSED] - Delayed 2 second(s)

2019-10-03 15:48:53 - [TEST_STEP][PASSED] - noResultMessages = findWebElements(findTestObject("Page_cabi Order Items/no_result_found"), 5): null

2019-10-03 15:48:53 - [TEST_STEP][PASSED] - println(noResultMessages.size()): null

2019-10-03 15:48:53 - [TEST_STEP][PASSED] - sa.assertTrue(noResultMessages.size() > 0): null

2019-10-03 15:48:53 - [TEST_STEP][PASSED] - verifyElementText(findTestObject("Page_cabi Order Items/no_result_found"), "No Results Found!", CONTINUE_ON_FAILURE): Actual text and expected text of test object 'Object Repository/Page_cabi Order Items/no_result_found' are matched.

2019-10-03 15:48:53 - [MESSAGE][PASSED] - Actual text and expected text of test object 'Object Repository/Page_cabi Order Items/no_result_found' are matched.

2019-10-03 15:48:53 - [MESSAGE][PASSED] - Call Test Case 'Test Cases/NewArrival/productVerify' successfully]]></system-out>
         <system-err><![CDATA[]]></system-err>
      </testcase>
      <testcase name="Test Cases/NA_Timezone_Separated/BORetail3" classname="Test Cases/NA_Timezone_Separated/BORetail3" status="PASSED">
         <system-out><![CDATA[2019-10-03 15:48:53 - [TEST_CASE][PASSED] - Test Cases/NA_Timezone_Separated/BORetail3: Test Cases/NA_Timezone_Separated/BORetail3

2019-10-03 15:48:53 - [TEST_STEP][PASSED] - Start listener action : sampleBeforeTestCase: null

2019-10-03 15:48:53 - [TEST_STEP][PASSED] - println(testCaseContext.getTestCaseId()): null

2019-10-03 15:48:53 - [TEST_STEP][PASSED] - println(testCaseContext.getTestCaseVariables()): null

2019-10-03 15:48:53 - [TEST_STEP][PASSED] - openBrowser(""): Browser is opened with url: ''

2019-10-03 15:48:53 - [MESSAGE][WARNING] - A browser is already opened. Closing browser and opening a new one

2019-10-03 15:48:54 - [MESSAGE][INFO] - Starting 'Chrome' driver

2019-10-03 15:48:54 - [MESSAGE][INFO] - User set preference: ['args', '[--use-fake-ui-for-media-stream, --start-maximized]']

2019-10-03 15:48:56 - [MESSAGE][PASSED] - Browser is opened with url: ''

2019-10-03 15:48:56 - [TEST_STEP][PASSED] - driver = <not implemented yet for class: org.codehaus.groovy.ast.expr.EmptyExpression>: null

2019-10-03 15:48:56 - [TEST_STEP][PASSED] - executor = <not implemented yet for class: org.codehaus.groovy.ast.expr.EmptyExpression>: null

2019-10-03 15:48:56 - [TEST_STEP][PASSED] - for ([timeRow = 3, timeRow <= 3, (timeRow++)]): Call Test Case 'Test Cases/NewArrival/productVerify' successfully

2019-10-03 15:48:56 - [TEST_STEP][PASSED] - callTestCase(findTestCase("NewArrival/populateTimeGlobalVars"), ["row":timeRow], CONTINUE_ON_FAILURE): Call Test Case 'Test Cases/NewArrival/populateTimeGlobalVars' successfully

2019-10-03 15:48:56 - [TEST_CASE][PASSED] - Test Cases/NewArrival/populateTimeGlobalVars: Test Cases/NewArrival/populateTimeGlobalVars

2019-10-03 15:48:56 - [TEST_STEP][PASSED] - dataFile = "timezoneData": null

2019-10-03 15:48:56 - [TEST_STEP][PASSED] - clockServerTarget = UtilityMethods.getTestData("envtData", "clockServerTarget", 1): null

2019-10-03 15:48:56 - [TEST_STEP][PASSED] - println(clockServerTarget): null

2019-10-03 15:48:56 - [TEST_STEP][PASSED] - orderType = UtilityMethods.getTestData(dataFile, "orderType", row): null

2019-10-03 15:48:56 - [TEST_STEP][PASSED] - timeZone = UtilityMethods.getTestData(dataFile, "timeZone", row): null

2019-10-03 15:48:56 - [TEST_STEP][PASSED] - BOPersonal = UtilityMethods.getTestData(dataFile, "BOPersonal", row): null

2019-10-03 15:48:56 - [TEST_STEP][PASSED] - BOAddonPersonal = UtilityMethods.getTestData(dataFile, "BOAddonPersonal", row): null

2019-10-03 15:48:56 - [TEST_STEP][PASSED] - BOAddonRetail = UtilityMethods.getTestData(dataFile, "BOAddonRetail", row): null

2019-10-03 15:48:56 - [TEST_STEP][PASSED] - BORetail = UtilityMethods.getTestData(dataFile, "BORetail", row): null

2019-10-03 15:48:56 - [TEST_STEP][PASSED] - BOShow = UtilityMethods.getTestData(dataFile, "BOShow", row): null

2019-10-03 15:48:56 - [TEST_STEP][PASSED] - BOOnlineoutlet = UtilityMethods.getTestData(dataFile, "BOOnlineoutlet", row): null

2019-10-03 15:48:56 - [TEST_STEP][PASSED] - BOEmployee = UtilityMethods.getTestData(dataFile, "BOEmployee", row): null

2019-10-03 15:48:56 - [TEST_STEP][PASSED] - CCPersonal = UtilityMethods.getTestData(dataFile, "CCPersonal", row): null

2019-10-03 15:48:56 - [TEST_STEP][PASSED] - CCRetail = UtilityMethods.getTestData(dataFile, "CCRetail", row): null

2019-10-03 15:48:56 - [TEST_STEP][PASSED] - CCShow = UtilityMethods.getTestData(dataFile, "CCShow", row): null

2019-10-03 15:48:56 - [TEST_STEP][PASSED] - BOEblast = UtilityMethods.getTestData(dataFile, "BOEblast", row): null

2019-10-03 15:48:56 - [TEST_STEP][PASSED] - println(row): null

2019-10-03 15:48:56 - [TEST_STEP][PASSED] - println(BOPersonal): null

2019-10-03 15:48:56 - [MESSAGE][PASSED] - Call Test Case 'Test Cases/NewArrival/populateTimeGlobalVars' successfully

2019-10-03 15:48:56 - [TEST_STEP][PASSED] - callTestCase(findTestCase("NewArrival/setTimezone"), ["ofbizURL":"", "ofbizuser":"", "ofbizpass":"", "orderType":orderType, "timeZone":timeZone, "serverTarget":serverTarget, "clockServerTarget":clockServerTarget], CONTINUE_ON_FAILURE): Call Test Case 'Test Cases/NewArrival/setTimezone' successfully

2019-10-03 15:48:56 - [TEST_CASE][PASSED] - Test Cases/NewArrival/setTimezone: Test Cases/NewArrival/setTimezone

2019-10-03 15:48:56 - [TEST_STEP][PASSED] - openBrowser(""): Browser is opened with url: ''

2019-10-03 15:48:56 - [MESSAGE][WARNING] - A browser is already opened. Closing browser and opening a new one

2019-10-03 15:48:57 - [MESSAGE][INFO] - Starting 'Chrome' driver

2019-10-03 15:48:57 - [MESSAGE][INFO] - User set preference: ['args', '[--use-fake-ui-for-media-stream, --start-maximized]']

2019-10-03 15:48:59 - [MESSAGE][PASSED] - Browser is opened with url: ''

2019-10-03 15:48:59 - [TEST_STEP][NOT_RUN] - maximizeWindow(): NOT_RUN: maximizeWindow()

2019-10-03 15:48:59 - [MESSAGE][NOT_RUN] - NOT_RUN: maximizeWindow()

2019-10-03 15:48:59 - [TEST_STEP][PASSED] - ofbizURL = findTestData("envtData").getValue("ofbizURL", 1): null

2019-10-03 15:48:59 - [TEST_STEP][PASSED] - ofbizuser = findTestData("credData").getValue("ofbizuser", 1): null

2019-10-03 15:48:59 - [TEST_STEP][PASSED] - ofbizpass = findTestData("credData").getValue("ofbizpass", 1): null

2019-10-03 15:48:59 - [TEST_STEP][PASSED] - navigateToUrl(ofbizURL): Navigate to 'https://pushofbiz.cliotest.com/login.php' successfully

2019-10-03 15:49:01 - [MESSAGE][PASSED] - Navigate to 'https://pushofbiz.cliotest.com/login.php' successfully

2019-10-03 15:49:01 - [TEST_STEP][PASSED] - setText(findTestObject("Page_/input_Username_username"), ofbizuser): Text 'automation' is set on object 'Object Repository/Page_/input_Username_username'

2019-10-03 15:49:01 - [MESSAGE][PASSED] - Text 'automation' is set on object 'Object Repository/Page_/input_Username_username'

2019-10-03 15:49:01 - [TEST_STEP][PASSED] - setText(findTestObject("Page_/input_Password_password"), ofbizpass): Text 'cabiautomation' is set on object 'Object Repository/Page_/input_Password_password'

2019-10-03 15:49:01 - [MESSAGE][PASSED] - Text 'cabiautomation' is set on object 'Object Repository/Page_/input_Password_password'

2019-10-03 15:49:01 - [TEST_STEP][PASSED] - click(findTestObject("Page_/input_Password_Submit")): Object: 'Object Repository/Page_/input_Password_Submit' is clicked on

2019-10-03 15:49:06 - [MESSAGE][PASSED] - Object: 'Object Repository/Page_/input_Password_Submit' is clicked on

2019-10-03 15:49:06 - [TEST_STEP][PASSED] - click(findTestObject("Object Repository/Page_/a_Clock set")): Object: 'Object Repository/Page_/a_Clock set' is clicked on

2019-10-03 15:49:06 - [MESSAGE][PASSED] - Object: 'Object Repository/Page_/a_Clock set' is clicked on

2019-10-03 15:49:06 - [TEST_STEP][PASSED] - cst = UtilityMethods.createTestObject("select_target", "//select[@name='Target']/option[contains(text(), '", clockServerTarget, "')]"): null

2019-10-03 15:49:06 - [TEST_STEP][PASSED] - println(clockServerTarget): null

2019-10-03 15:49:06 - [TEST_STEP][PASSED] - click(cst): Object: 'select_target' is clicked on

2019-10-03 15:49:06 - [MESSAGE][PASSED] - Object: 'select_target' is clicked on

2019-10-03 15:49:06 - [TEST_STEP][PASSED] - click(findTestObject("Page_/thisDateAndTime")): Object: 'Object Repository/Page_/thisDateAndTime' is clicked on

2019-10-03 15:49:06 - [MESSAGE][PASSED] - Object: 'Object Repository/Page_/thisDateAndTime' is clicked on

2019-10-03 15:49:06 - [TEST_STEP][PASSED] - setText(findTestObject("Object Repository/Page_/setTargetTime"), timeZone): Text ' 11/01/2019 12:00' is set on object 'Object Repository/Page_/setTargetTime'

2019-10-03 15:49:06 - [MESSAGE][PASSED] - Text ' 11/01/2019 12:00' is set on object 'Object Repository/Page_/setTargetTime'

2019-10-03 15:49:06 - [TEST_STEP][PASSED] - click(findTestObject("Object Repository/Page_/input")): Object: 'Object Repository/Page_/input' is clicked on

2019-10-03 15:49:07 - [MESSAGE][PASSED] - Object: 'Object Repository/Page_/input' is clicked on

2019-10-03 15:49:07 - [TEST_STEP][PASSED] - delay(10): Delayed 10 second(s)

2019-10-03 15:49:17 - [MESSAGE][PASSED] - Delayed 10 second(s)

2019-10-03 15:49:17 - [TEST_STEP][NOT_RUN] - closeBrowser(): NOT_RUN: closeBrowser()

2019-10-03 15:49:17 - [MESSAGE][NOT_RUN] - NOT_RUN: closeBrowser()

2019-10-03 15:49:17 - [MESSAGE][PASSED] - Call Test Case 'Test Cases/NewArrival/setTimezone' successfully

2019-10-03 15:49:17 - [TEST_STEP][PASSED] - callTestCase(findTestCase("TestCaseUtilities/backOfficeLogin"), ["BOURL":"", "BOuser":"", "BOpass":""], CONTINUE_ON_FAILURE): Call Test Case 'Test Cases/TestCaseUtilities/backOfficeLogin' successfully

2019-10-03 15:49:17 - [TEST_CASE][PASSED] - Test Cases/TestCaseUtilities/backOfficeLogin: Test Cases/TestCaseUtilities/backOfficeLogin

2019-10-03 15:49:17 - [TEST_STEP][PASSED] - BOURL = findTestData("envtData").getValue("BOURL", 1): null

2019-10-03 15:49:17 - [TEST_STEP][PASSED] - BOuser = findTestData("credData").getValue("BOuser", 1): null

2019-10-03 15:49:17 - [TEST_STEP][PASSED] - BOpass = findTestData("credData").getValue("BOpass", 1): null

2019-10-03 15:49:17 - [TEST_STEP][PASSED] - openBrowser(""): Browser is opened with url: ''

2019-10-03 15:49:17 - [MESSAGE][WARNING] - A browser is already opened. Closing browser and opening a new one

2019-10-03 15:49:18 - [MESSAGE][INFO] - Starting 'Chrome' driver

2019-10-03 15:49:18 - [MESSAGE][INFO] - User set preference: ['args', '[--use-fake-ui-for-media-stream, --start-maximized]']

2019-10-03 15:49:20 - [MESSAGE][PASSED] - Browser is opened with url: ''

2019-10-03 15:49:20 - [TEST_STEP][PASSED] - navigateToUrl(BOURL): Navigate to 'https://test4.cliotest.com/backoffice/control/main' successfully

2019-10-03 15:49:27 - [MESSAGE][PASSED] - Navigate to 'https://test4.cliotest.com/backoffice/control/main' successfully

2019-10-03 15:49:27 - [TEST_STEP][PASSED] - logOut = findWebElements(findTestObject("Object Repository/Page_cabi Home/log_out"), 1): Unable to find the element located by 'By.xpath: //a[contains(text(),'Log Out')]'. Please recheck the objects properties to make sure the desired element is located. 

2019-10-03 15:49:28 - [MESSAGE][INFO] - Unable to find the element located by 'By.xpath: //a[contains(text(),'Log Out')]'. Please recheck the objects properties to make sure the desired element is located. 

2019-10-03 15:49:28 - [TEST_STEP][PASSED] - if (logOut.size() == 0): Object: 'Object Repository/Page_cabi/input_Welcome to_consultantLogin' is clicked on

2019-10-03 15:49:28 - [TEST_STEP][PASSED] - setText(findTestObject("Page_cabi/input_Welcome to_USERNAME"), BOuser): Text '400000002' is set on object 'Object Repository/Page_cabi/input_Welcome to_USERNAME'

2019-10-03 15:49:28 - [MESSAGE][PASSED] - Text '400000002' is set on object 'Object Repository/Page_cabi/input_Welcome to_USERNAME'

2019-10-03 15:49:28 - [TEST_STEP][PASSED] - setText(findTestObject("Object Repository/Page_cabi/input_Welcome to_PASSWORD"), BOpass): Text 'blackdress19' is set on object 'Object Repository/Page_cabi/input_Welcome to_PASSWORD'

2019-10-03 15:49:28 - [MESSAGE][PASSED] - Text 'blackdress19' is set on object 'Object Repository/Page_cabi/input_Welcome to_PASSWORD'

2019-10-03 15:49:28 - [TEST_STEP][PASSED] - click(findTestObject("Object Repository/Page_cabi/input_Welcome to_consultantLogin")): Object: 'Object Repository/Page_cabi/input_Welcome to_consultantLogin' is clicked on

2019-10-03 15:49:36 - [MESSAGE][PASSED] - Object: 'Object Repository/Page_cabi/input_Welcome to_consultantLogin' is clicked on

2019-10-03 15:49:36 - [TEST_STEP][PASSED] - delay(3): Delayed 3 second(s)

2019-10-03 15:49:39 - [MESSAGE][PASSED] - Delayed 3 second(s)

2019-10-03 15:49:39 - [MESSAGE][PASSED] - Call Test Case 'Test Cases/TestCaseUtilities/backOfficeLogin' successfully

2019-10-03 15:49:39 - [TEST_STEP][PASSED] - driver = getWebDriver(): null

2019-10-03 15:49:39 - [TEST_STEP][PASSED] - executor = driver: null

2019-10-03 15:49:39 - [TEST_STEP][PASSED] - click(findTestObject("Page_cabi Home/a_Shows  Orders")): Object: 'Object Repository/Page_cabi Home/a_Shows  Orders' is clicked on

2019-10-03 15:49:39 - [MESSAGE][PASSED] - Object: 'Object Repository/Page_cabi Home/a_Shows  Orders' is clicked on

2019-10-03 15:49:39 - [TEST_STEP][PASSED] - delay(1): Delayed 1 second(s)

2019-10-03 15:49:40 - [MESSAGE][PASSED] - Delayed 1 second(s)

2019-10-03 15:49:40 - [TEST_STEP][PASSED] - click(findTestObject("Page_cabi Home/a_retail_purchases")): Object: 'Object Repository/Page_cabi Home/a_retail_purchases' is clicked on

2019-10-03 15:49:44 - [MESSAGE][PASSED] - Object: 'Object Repository/Page_cabi Home/a_retail_purchases' is clicked on

2019-10-03 15:49:44 - [TEST_STEP][PASSED] - delay(3): Delayed 3 second(s)

2019-10-03 15:49:47 - [MESSAGE][PASSED] - Delayed 3 second(s)

2019-10-03 15:49:47 - [TEST_STEP][PASSED] - click(findTestObject("Object Repository/Page_cabi Home/existingCustomer")): Object: 'Object Repository/Page_cabi Home/existingCustomer' is clicked on

2019-10-03 15:49:47 - [MESSAGE][PASSED] - Object: 'Object Repository/Page_cabi Home/existingCustomer' is clicked on

2019-10-03 15:49:47 - [TEST_STEP][PASSED] - contactNumber = 1: null

2019-10-03 15:49:47 - [TEST_STEP][PASSED] - firstName = findTestData("contactData").getValue("firstName", contactNumber): null

2019-10-03 15:49:47 - [TEST_STEP][PASSED] - lastName = findTestData("contactData").getValue("lastName", contactNumber): null

2019-10-03 15:49:48 - [TEST_STEP][PASSED] - email = findTestData("contactData").getValue("email", contactNumber): null

2019-10-03 15:49:48 - [TEST_STEP][PASSED] - address1 = findTestData("contactData").getValue("address1", contactNumber): null

2019-10-03 15:49:48 - [TEST_STEP][PASSED] - city = findTestData("contactData").getValue("city", contactNumber): null

2019-10-03 15:49:48 - [TEST_STEP][PASSED] - state = findTestData("contactData").getValue("state", contactNumber): null

2019-10-03 15:49:48 - [TEST_STEP][PASSED] - zip = findTestData("contactData").getValue("zip", contactNumber): null

2019-10-03 15:49:48 - [TEST_STEP][PASSED] - existingCustFName = firstName: null

2019-10-03 15:49:48 - [TEST_STEP][PASSED] - existingCustLName = lastName: null

2019-10-03 15:49:48 - [TEST_STEP][PASSED] - space = " ": null

2019-10-03 15:49:48 - [TEST_STEP][PASSED] - existingCust = $existingCustFName$space$existingCustLName: null

2019-10-03 15:49:48 - [TEST_STEP][PASSED] - setText(findTestObject("Object Repository/Page_cabi Home/input_existing_guest"), existingCust): Text 'ahostess-test1 abc' is set on object 'Object Repository/Page_cabi Home/input_existing_guest'

2019-10-03 15:49:48 - [MESSAGE][PASSED] - Text 'ahostess-test1 abc' is set on object 'Object Repository/Page_cabi Home/input_existing_guest'

2019-10-03 15:49:48 - [TEST_STEP][PASSED] - delay(2): Delayed 2 second(s)

2019-10-03 15:49:50 - [MESSAGE][PASSED] - Delayed 2 second(s)

2019-10-03 15:49:50 - [TEST_STEP][PASSED] - sendKeys(findTestObject("Object Repository/Page_cabi Home/input_existing_guest"), Keys.chord(ARROW_DOWN)): Keys 'DOWN + ' sent to object: 'Object Repository/Page_cabi Home/input_existing_guest'

2019-10-03 15:49:50 - [MESSAGE][PASSED] - Keys 'DOWN + ' sent to object: 'Object Repository/Page_cabi Home/input_existing_guest'

2019-10-03 15:49:50 - [TEST_STEP][PASSED] - sendKeys(findTestObject("Object Repository/Page_cabi Home/input_existing_guest"), Keys.chord(ENTER)): Keys 'ENTER + ' sent to object: 'Object Repository/Page_cabi Home/input_existing_guest'

2019-10-03 15:49:51 - [MESSAGE][PASSED] - Keys 'ENTER + ' sent to object: 'Object Repository/Page_cabi Home/input_existing_guest'

2019-10-03 15:49:51 - [TEST_STEP][PASSED] - delay(5): Delayed 5 second(s)

2019-10-03 15:49:56 - [MESSAGE][PASSED] - Delayed 5 second(s)

2019-10-03 15:49:56 - [TEST_STEP][PASSED] - executor.executeScript("arguments[0].click();", findWebElement(findTestObject("Object Repository/Page_cabi Home/a_same_shipping_address"), 5)): null

2019-10-03 15:49:56 - [TEST_STEP][PASSED] - click(findTestObject("Object Repository/Page_cabi Home/a_same_shipping_address")): Object: 'Object Repository/Page_cabi Home/a_same_shipping_address' is clicked on

2019-10-03 15:49:56 - [MESSAGE][PASSED] - Object: 'Object Repository/Page_cabi Home/a_same_shipping_address' is clicked on

2019-10-03 15:49:56 - [TEST_STEP][PASSED] - delay(5): Delayed 5 second(s)

2019-10-03 15:50:01 - [MESSAGE][PASSED] - Delayed 5 second(s)

2019-10-03 15:50:01 - [TEST_STEP][PASSED] - executor.executeScript("arguments[0].click();", findWebElement(findTestObject("Page_cabi Retail Store/span_next_1"), 5)): null

2019-10-03 15:50:01 - [TEST_STEP][PASSED] - delay(3): Delayed 3 second(s)

2019-10-03 15:50:04 - [MESSAGE][PASSED] - Delayed 3 second(s)

2019-10-03 15:50:04 - [TEST_STEP][PASSED] - callTestCase(findTestCase("NewArrival/productVerify"), ["available":BORetail, "storeType":"BORetail"], CONTINUE_ON_FAILURE): Call Test Case 'Test Cases/NewArrival/productVerify' successfully

2019-10-03 15:50:04 - [TEST_CASE][PASSED] - Test Cases/NewArrival/productVerify: Test Cases/NewArrival/productVerify

2019-10-03 15:50:04 - [TEST_STEP][PASSED] - sa = <not implemented yet for class: org.codehaus.groovy.ast.expr.EmptyExpression>: null

2019-10-03 15:50:04 - [TEST_STEP][PASSED] - styleid_data = <not implemented yet for class: org.codehaus.groovy.ast.expr.EmptyExpression>: null

2019-10-03 15:50:04 - [TEST_STEP][PASSED] - by = <not implemented yet for class: org.codehaus.groovy.ast.expr.EmptyExpression>: null

2019-10-03 15:50:04 - [TEST_STEP][PASSED] - styleWe = <not implemented yet for class: org.codehaus.groovy.ast.expr.EmptyExpression>: null

2019-10-03 15:50:04 - [TEST_STEP][PASSED] - to = <not implemented yet for class: org.codehaus.groovy.ast.expr.EmptyExpression>: null

2019-10-03 15:50:04 - [TEST_STEP][PASSED] - driver = getWebDriver(): null

2019-10-03 15:50:04 - [TEST_STEP][PASSED] - for ([row = 1, row <= findTestData("productData").getRowNumbers(), (row++)]): null

2019-10-03 15:50:04 - [TEST_STEP][PASSED] - sa = new org.testng.asserts.SoftAssert(): null

2019-10-03 15:50:04 - [TEST_STEP][PASSED] - styleid_data = findTestData("productData").getValue("Style", row): null

2019-10-03 15:50:04 - [TEST_STEP][PASSED] - println("******************+++++++++++++++++++**********************************************"): null

2019-10-03 15:50:04 - [TEST_STEP][PASSED] - println(styleid_data): null

2019-10-03 15:50:04 - [TEST_STEP][PASSED] - by = By.xpath("//input[@name='style']"): null

2019-10-03 15:50:04 - [TEST_STEP][PASSED] - styleWe = UtilityMethods.getElementByLocator(by, driver): null

2019-10-03 15:50:05 - [TEST_STEP][PASSED] - to = UtilityMethods.fromElement(styleWe): null

2019-10-03 15:50:05 - [TEST_STEP][PASSED] - setText(to, styleid_data): Text '3843' is set on object ''

2019-10-03 15:50:05 - [MESSAGE][PASSED] - Text '3843' is set on object ''

2019-10-03 15:50:05 - [TEST_STEP][PASSED] - sendKeys(to, Keys.chord(ENTER)): Keys 'ENTER + ' sent to object: ''

2019-10-03 15:50:05 - [MESSAGE][PASSED] - Keys 'ENTER + ' sent to object: ''

2019-10-03 15:50:05 - [TEST_STEP][PASSED] - delay(2): Delayed 2 second(s)

2019-10-03 15:50:07 - [MESSAGE][PASSED] - Delayed 2 second(s)

2019-10-03 15:50:07 - [TEST_STEP][PASSED] - delay(2): Delayed 2 second(s)

2019-10-03 15:50:09 - [MESSAGE][PASSED] - Delayed 2 second(s)

2019-10-03 15:50:09 - [TEST_STEP][PASSED] - if (toString().equalsIgnoreCase("no")): null

2019-10-03 15:50:09 - [TEST_STEP][PASSED] - else: null

2019-10-03 15:50:09 - [TEST_STEP][PASSED] - click(findTestObject("Page_cabi Order Items/li_order_item")): Object: 'Object Repository/Page_cabi Order Items/li_order_item' is clicked on

2019-10-03 15:50:09 - [MESSAGE][PASSED] - Object: 'Object Repository/Page_cabi Order Items/li_order_item' is clicked on

2019-10-03 15:50:09 - [TEST_STEP][PASSED] - delay(5): Delayed 5 second(s)

2019-10-03 15:50:14 - [MESSAGE][PASSED] - Delayed 5 second(s)

2019-10-03 15:50:14 - [TEST_STEP][PASSED] - imagePath = UtilityMethods.createScreenshotImagePath(storeType, styleid_data): null

2019-10-03 15:50:14 - [TEST_STEP][PASSED] - println(imagePath): null

2019-10-03 15:50:14 - [TEST_STEP][PASSED] - takeScreenshot(imagePath): Taking screenshot successfully

2019-10-03 15:50:14 - [MESSAGE][PASSED] - Taking screenshot successfully
[[ATTACHMENT|C:\\Users\\user\\Documents\\testautomation\\KatalonProjects\\productImages\\BORetail_3843 image.png]]

2019-10-03 15:50:14 - [TEST_STEP][PASSED] - verifyElementText(findTestObject("Page_cabi Order Items/GetAttribute_getID"), styleid_data, CONTINUE_ON_FAILURE): Actual text and expected text of test object 'Object Repository/Page_cabi Order Items/GetAttribute_getID' are matched.

2019-10-03 15:50:14 - [MESSAGE][PASSED] - Actual text and expected text of test object 'Object Repository/Page_cabi Order Items/GetAttribute_getID' are matched.

2019-10-03 15:50:14 - [TEST_STEP][PASSED] - colorOptions = findWebElements(findTestObject("Page_cabi Order Items/GetAttribute_Color"), 5): null

2019-10-03 15:50:14 - [TEST_STEP][PASSED] - println(colorOptions.size()): null

2019-10-03 15:50:14 - [TEST_STEP][PASSED] - expectedColour = findTestData("productData").getValue("Color", row): null

2019-10-03 15:50:14 - [TEST_STEP][PASSED] - println("expected colour is"): null

2019-10-03 15:50:14 - [TEST_STEP][PASSED] - println(expectedColour): null

2019-10-03 15:50:14 - [TEST_STEP][PASSED] - colourVerified = false: null

2019-10-03 15:50:14 - [TEST_STEP][PASSED] - for (org.openqa.selenium.WebElement op : colorOptions): null

2019-10-03 15:50:14 - [TEST_STEP][PASSED] - println(op.getText()): null

2019-10-03 15:50:15 - [TEST_STEP][PASSED] - if (expectedColour.equalsIgnoreCase(op.getText())): null

2019-10-03 15:50:15 - [TEST_STEP][PASSED] - colourVerified = true: null

2019-10-03 15:50:15 - [TEST_STEP][PASSED] - break: null

2019-10-03 15:50:15 - [TEST_STEP][PASSED] - sa.assertTrue(colourVerified): null

2019-10-03 15:50:15 - [TEST_STEP][PASSED] - getPrice = getText(findTestObject("Page_cabi Order Items/GetAttribute_Price")): Text of object 'Object Repository/Page_cabi Order Items/GetAttribute_Price' is: 'Price : $99.00'

2019-10-03 15:50:15 - [MESSAGE][PASSED] - Text of object 'Object Repository/Page_cabi Order Items/GetAttribute_Price' is: 'Price : $99.00'

2019-10-03 15:50:15 - [TEST_STEP][PASSED] - Split_Data = UtilityMethods.SplitData(getPrice): null

2019-10-03 15:50:15 - [TEST_STEP][PASSED] - verifyMatch(Split_Data, findTestData("productData").getValue("Retail", row), true, CONTINUE_ON_FAILURE): Actual text '99' and expected text '99' are matched  using regular expression

2019-10-03 15:50:15 - [MESSAGE][PASSED] - Actual text '99' and expected text '99' are matched  using regular expression

2019-10-03 15:50:15 - [TEST_STEP][PASSED] - sizeRange1 = ["XXS", "XS", "S", "M", "L", "XL"]: null

2019-10-03 15:50:15 - [TEST_STEP][PASSED] - sizeRange2 = ["00", "0", "2", "4", "6", "8", "10", "12", "14", "16"]: null

2019-10-03 15:50:15 - [TEST_STEP][PASSED] - sizeRange3 = ["Long", "Regular", "Short"]: null

2019-10-03 15:50:15 - [TEST_STEP][PASSED] - sizeRange4 = ["5", "6", "6.5", "7", "7.5", "8", "8.5", "9", "9.5", "10", "11"]: null

2019-10-03 15:50:15 - [TEST_STEP][PASSED] - sizeRange5 = ["XS/S", "M/L"]: null

2019-10-03 15:50:15 - [TEST_STEP][PASSED] - sizeRangeSplit = UtilityMethods.SplitSizes(findTestData("productData").getValue("SzRange", row)): null

2019-10-03 15:50:15 - [TEST_STEP][PASSED] - sizeType = getText(findTestObject("Object Repository/Page_cabi Order Items/Size")): Text of object 'Object Repository/Page_cabi Order Items/Size' is: 'Select'

2019-10-03 15:50:15 - [MESSAGE][PASSED] - Text of object 'Object Repository/Page_cabi Order Items/Size' is: 'Select'

2019-10-03 15:50:15 - [TEST_STEP][PASSED] - sizeOptions = findWebElements(findTestObject("Object Repository/Page_cabi Order Items/Size"), 5): null

2019-10-03 15:50:15 - [TEST_STEP][PASSED] - actualRange = new java.util.ArrayList(): null

2019-10-03 15:50:15 - [TEST_STEP][PASSED] - expectedRange = <not implemented yet for class: org.codehaus.groovy.ast.expr.EmptyExpression>: null

2019-10-03 15:50:15 - [TEST_STEP][PASSED] - if (sizeType.equalsIgnoreCase("Select")): null

2019-10-03 15:50:15 - [TEST_STEP][PASSED] - for ([i = 1, i < sizeOptions.size(), (i++)]): null

2019-10-03 15:50:15 - [TEST_STEP][PASSED] - actualRange.add(getAttribute("value").toString()): null

2019-10-03 15:50:15 - [TEST_STEP][PASSED] - actualRange.add(getAttribute("value").toString()): null

2019-10-03 15:50:15 - [TEST_STEP][PASSED] - actualRange.add(getAttribute("value").toString()): null

2019-10-03 15:50:15 - [TEST_STEP][PASSED] - actualRange.add(getAttribute("value").toString()): null

2019-10-03 15:50:15 - [TEST_STEP][PASSED] - actualRange.add(getAttribute("value").toString()): null

2019-10-03 15:50:15 - [TEST_STEP][PASSED] - if (toString().equalsIgnoreCase("XS") || toString().equalsIgnoreCase("XXS")): null

2019-10-03 15:50:15 - [TEST_STEP][PASSED] - expectedRange = UtilityMethods.getExpectedRange(sizeRange1, sizeRangeSplit): null

2019-10-03 15:50:15 - [TEST_STEP][PASSED] - println("XS"): null

2019-10-03 15:50:15 - [TEST_STEP][PASSED] - println(expectedRange.toString()): null

2019-10-03 15:50:15 - [TEST_STEP][PASSED] - sa.assertTrue(UtilityMethods.listEquals(expectedRange, actualRange)): null

2019-10-03 15:50:15 - [TEST_STEP][PASSED] - delay(2): Delayed 2 second(s)

2019-10-03 15:50:17 - [MESSAGE][PASSED] - Delayed 2 second(s)

2019-10-03 15:50:17 - [TEST_STEP][PASSED] - verifyElementText(findTestObject("Page_cabi Order Items/product_title"), findTestData("productData").getValue("Description", row), CONTINUE_ON_FAILURE): Actual text and expected text of test object 'Object Repository/Page_cabi Order Items/product_title' are matched.

2019-10-03 15:50:17 - [MESSAGE][PASSED] - Actual text and expected text of test object 'Object Repository/Page_cabi Order Items/product_title' are matched.

2019-10-03 15:50:17 - [TEST_STEP][PASSED] - verifyElementText(findTestObject("Page_cabi Order Items/product_fabric"), findTestData("productData").getValue("FinalContent", row), CONTINUE_ON_FAILURE): Actual text and expected text of test object 'Object Repository/Page_cabi Order Items/product_fabric' are matched.

2019-10-03 15:50:17 - [MESSAGE][PASSED] - Actual text and expected text of test object 'Object Repository/Page_cabi Order Items/product_fabric' are matched.

2019-10-03 15:50:17 - [TEST_STEP][PASSED] - actualCasreIntrn = "<div>" + getText(findTestObject("Page_cabi Order Items/care_instruction")) + "</div>": Text of object 'Object Repository/Page_cabi Order Items/care_instruction' is: 'Turn garment inside out and place in a mesh bag. Machine wash separately in cold water on the delicate cycle. Only non-chlorine bleach if needed. Do not twist or wring. Lay flat to dry. Do not steam or iron faux fur.'

2019-10-03 15:50:17 - [MESSAGE][PASSED] - Text of object 'Object Repository/Page_cabi Order Items/care_instruction' is: 'Turn garment inside out and place in a mesh bag. Machine wash separately in cold water on the delicate cycle. Only non-chlorine bleach if needed. Do not twist or wring. Lay flat to dry. Do not steam or iron faux fur.'

2019-10-03 15:50:17 - [TEST_STEP][PASSED] - sa.assertTrue(actualCasreIntrn.equals(findTestData("productData").getValue("CareInstr", row))): null

2019-10-03 15:50:17 - [TEST_STEP][PASSED] - sa = new org.testng.asserts.SoftAssert(): null

2019-10-03 15:50:17 - [TEST_STEP][PASSED] - styleid_data = findTestData("productData").getValue("Style", row): null

2019-10-03 15:50:17 - [TEST_STEP][PASSED] - println("******************+++++++++++++++++++**********************************************"): null

2019-10-03 15:50:17 - [TEST_STEP][PASSED] - println(styleid_data): null

2019-10-03 15:50:17 - [TEST_STEP][PASSED] - by = By.xpath("//input[@name='style']"): null

2019-10-03 15:50:17 - [TEST_STEP][PASSED] - styleWe = UtilityMethods.getElementByLocator(by, driver): null

2019-10-03 15:50:17 - [TEST_STEP][PASSED] - to = UtilityMethods.fromElement(styleWe): null

2019-10-03 15:50:17 - [TEST_STEP][PASSED] - setText(to, styleid_data): Text '3846' is set on object ''

2019-10-03 15:50:18 - [MESSAGE][PASSED] - Text '3846' is set on object ''

2019-10-03 15:50:18 - [TEST_STEP][PASSED] - sendKeys(to, Keys.chord(ENTER)): Keys 'ENTER + ' sent to object: ''

2019-10-03 15:50:18 - [MESSAGE][PASSED] - Keys 'ENTER + ' sent to object: ''

2019-10-03 15:50:18 - [TEST_STEP][PASSED] - delay(2): Delayed 2 second(s)

2019-10-03 15:50:20 - [MESSAGE][PASSED] - Delayed 2 second(s)

2019-10-03 15:50:20 - [TEST_STEP][PASSED] - delay(2): Delayed 2 second(s)

2019-10-03 15:50:22 - [MESSAGE][PASSED] - Delayed 2 second(s)

2019-10-03 15:50:22 - [TEST_STEP][PASSED] - if (toString().equalsIgnoreCase("no")): null

2019-10-03 15:50:22 - [TEST_STEP][PASSED] - else: null

2019-10-03 15:50:22 - [TEST_STEP][PASSED] - click(findTestObject("Page_cabi Order Items/li_order_item")): Object: 'Object Repository/Page_cabi Order Items/li_order_item' is clicked on

2019-10-03 15:50:22 - [MESSAGE][PASSED] - Object: 'Object Repository/Page_cabi Order Items/li_order_item' is clicked on

2019-10-03 15:50:22 - [TEST_STEP][PASSED] - delay(5): Delayed 5 second(s)

2019-10-03 15:50:27 - [MESSAGE][PASSED] - Delayed 5 second(s)

2019-10-03 15:50:27 - [TEST_STEP][PASSED] - imagePath = UtilityMethods.createScreenshotImagePath(storeType, styleid_data): null

2019-10-03 15:50:27 - [TEST_STEP][PASSED] - println(imagePath): null

2019-10-03 15:50:27 - [TEST_STEP][PASSED] - takeScreenshot(imagePath): Taking screenshot successfully

2019-10-03 15:50:27 - [MESSAGE][PASSED] - Taking screenshot successfully
[[ATTACHMENT|C:\\Users\\user\\Documents\\testautomation\\KatalonProjects\\productImages\\BORetail_3846 image.png]]

2019-10-03 15:50:27 - [TEST_STEP][PASSED] - verifyElementText(findTestObject("Page_cabi Order Items/GetAttribute_getID"), styleid_data, CONTINUE_ON_FAILURE): Actual text and expected text of test object 'Object Repository/Page_cabi Order Items/GetAttribute_getID' are matched.

2019-10-03 15:50:27 - [MESSAGE][PASSED] - Actual text and expected text of test object 'Object Repository/Page_cabi Order Items/GetAttribute_getID' are matched.

2019-10-03 15:50:27 - [TEST_STEP][PASSED] - colorOptions = findWebElements(findTestObject("Page_cabi Order Items/GetAttribute_Color"), 5): null

2019-10-03 15:50:27 - [TEST_STEP][PASSED] - println(colorOptions.size()): null

2019-10-03 15:50:27 - [TEST_STEP][PASSED] - expectedColour = findTestData("productData").getValue("Color", row): null

2019-10-03 15:50:27 - [TEST_STEP][PASSED] - println("expected colour is"): null

2019-10-03 15:50:27 - [TEST_STEP][PASSED] - println(expectedColour): null

2019-10-03 15:50:27 - [TEST_STEP][PASSED] - colourVerified = false: null

2019-10-03 15:50:27 - [TEST_STEP][PASSED] - for (org.openqa.selenium.WebElement op : colorOptions): null

2019-10-03 15:50:27 - [TEST_STEP][PASSED] - println(op.getText()): null

2019-10-03 15:50:27 - [TEST_STEP][PASSED] - if (expectedColour.equalsIgnoreCase(op.getText())): null

2019-10-03 15:50:28 - [TEST_STEP][PASSED] - colourVerified = true: null

2019-10-03 15:50:28 - [TEST_STEP][PASSED] - break: null

2019-10-03 15:50:28 - [TEST_STEP][PASSED] - sa.assertTrue(colourVerified): null

2019-10-03 15:50:28 - [TEST_STEP][PASSED] - getPrice = getText(findTestObject("Page_cabi Order Items/GetAttribute_Price")): Text of object 'Object Repository/Page_cabi Order Items/GetAttribute_Price' is: 'Price : $139.00'

2019-10-03 15:50:28 - [MESSAGE][PASSED] - Text of object 'Object Repository/Page_cabi Order Items/GetAttribute_Price' is: 'Price : $139.00'

2019-10-03 15:50:28 - [TEST_STEP][PASSED] - Split_Data = UtilityMethods.SplitData(getPrice): null

2019-10-03 15:50:28 - [TEST_STEP][PASSED] - verifyMatch(Split_Data, findTestData("productData").getValue("Retail", row), true, CONTINUE_ON_FAILURE): Actual text '139' and expected text '139' are matched  using regular expression

2019-10-03 15:50:28 - [MESSAGE][PASSED] - Actual text '139' and expected text '139' are matched  using regular expression

2019-10-03 15:50:28 - [TEST_STEP][PASSED] - sizeRange1 = ["XXS", "XS", "S", "M", "L", "XL"]: null

2019-10-03 15:50:28 - [TEST_STEP][PASSED] - sizeRange2 = ["00", "0", "2", "4", "6", "8", "10", "12", "14", "16"]: null

2019-10-03 15:50:28 - [TEST_STEP][PASSED] - sizeRange3 = ["Long", "Regular", "Short"]: null

2019-10-03 15:50:28 - [TEST_STEP][PASSED] - sizeRange4 = ["5", "6", "6.5", "7", "7.5", "8", "8.5", "9", "9.5", "10", "11"]: null

2019-10-03 15:50:28 - [TEST_STEP][PASSED] - sizeRange5 = ["XS/S", "M/L"]: null

2019-10-03 15:50:28 - [TEST_STEP][PASSED] - sizeRangeSplit = UtilityMethods.SplitSizes(findTestData("productData").getValue("SzRange", row)): null

2019-10-03 15:50:28 - [TEST_STEP][PASSED] - sizeType = getText(findTestObject("Object Repository/Page_cabi Order Items/Size")): Text of object 'Object Repository/Page_cabi Order Items/Size' is: 'Select'

2019-10-03 15:50:28 - [MESSAGE][PASSED] - Text of object 'Object Repository/Page_cabi Order Items/Size' is: 'Select'

2019-10-03 15:50:28 - [TEST_STEP][PASSED] - sizeOptions = findWebElements(findTestObject("Object Repository/Page_cabi Order Items/Size"), 5): null

2019-10-03 15:50:28 - [TEST_STEP][PASSED] - actualRange = new java.util.ArrayList(): null

2019-10-03 15:50:28 - [TEST_STEP][PASSED] - expectedRange = <not implemented yet for class: org.codehaus.groovy.ast.expr.EmptyExpression>: null

2019-10-03 15:50:28 - [TEST_STEP][PASSED] - if (sizeType.equalsIgnoreCase("Select")): null

2019-10-03 15:50:28 - [TEST_STEP][PASSED] - for ([i = 1, i < sizeOptions.size(), (i++)]): null

2019-10-03 15:50:28 - [TEST_STEP][PASSED] - actualRange.add(getAttribute("value").toString()): null

2019-10-03 15:50:28 - [TEST_STEP][PASSED] - actualRange.add(getAttribute("value").toString()): null

2019-10-03 15:50:28 - [TEST_STEP][PASSED] - if (toString().equalsIgnoreCase("XS") || toString().equalsIgnoreCase("XXS")): null

2019-10-03 15:50:28 - [TEST_STEP][PASSED] - else if (toString().equalsIgnoreCase("00") || toString().equalsIgnoreCase("0")): null

2019-10-03 15:50:28 - [TEST_STEP][PASSED] - else if (toString().equalsIgnoreCase("Long")): null

2019-10-03 15:50:28 - [TEST_STEP][PASSED] - else if (toString().equalsIgnoreCase("5")): null

2019-10-03 15:50:28 - [TEST_STEP][PASSED] - else if (toString().equalsIgnoreCase("XS/S")): null

2019-10-03 15:50:28 - [TEST_STEP][PASSED] - expectedRange = UtilityMethods.getExpectedRange(sizeRange5, sizeRangeSplit): null

2019-10-03 15:50:28 - [TEST_STEP][PASSED] - println("XS/S"): null

2019-10-03 15:50:28 - [TEST_STEP][PASSED] - println(expectedRange.toString()): null

2019-10-03 15:50:28 - [TEST_STEP][PASSED] - sa.assertTrue(UtilityMethods.listEquals(expectedRange, actualRange)): null

2019-10-03 15:50:28 - [TEST_STEP][PASSED] - delay(2): Delayed 2 second(s)

2019-10-03 15:50:30 - [MESSAGE][PASSED] - Delayed 2 second(s)

2019-10-03 15:50:30 - [TEST_STEP][PASSED] - verifyElementText(findTestObject("Page_cabi Order Items/product_title"), findTestData("productData").getValue("Description", row), CONTINUE_ON_FAILURE): Actual text and expected text of test object 'Object Repository/Page_cabi Order Items/product_title' are matched.

2019-10-03 15:50:30 - [MESSAGE][PASSED] - Actual text and expected text of test object 'Object Repository/Page_cabi Order Items/product_title' are matched.

2019-10-03 15:50:30 - [TEST_STEP][PASSED] - verifyElementText(findTestObject("Page_cabi Order Items/product_fabric"), findTestData("productData").getValue("FinalContent", row), CONTINUE_ON_FAILURE): Actual text and expected text of test object 'Object Repository/Page_cabi Order Items/product_fabric' are matched.

2019-10-03 15:50:30 - [MESSAGE][PASSED] - Actual text and expected text of test object 'Object Repository/Page_cabi Order Items/product_fabric' are matched.

2019-10-03 15:50:30 - [TEST_STEP][PASSED] - actualCasreIntrn = "<div>" + getText(findTestObject("Page_cabi Order Items/care_instruction")) + "</div>": Text of object 'Object Repository/Page_cabi Order Items/care_instruction' is: 'Dry clean for best results. Can be machine washed in a mesh bag in cold water on the delicate cycle. Only non-chlorine bleach. Lay flat to dry. Steam iron only if needed.'

2019-10-03 15:50:30 - [MESSAGE][PASSED] - Text of object 'Object Repository/Page_cabi Order Items/care_instruction' is: 'Dry clean for best results. Can be machine washed in a mesh bag in cold water on the delicate cycle. Only non-chlorine bleach. Lay flat to dry. Steam iron only if needed.'

2019-10-03 15:50:30 - [TEST_STEP][PASSED] - sa.assertTrue(actualCasreIntrn.equals(findTestData("productData").getValue("CareInstr", row))): null

2019-10-03 15:50:30 - [TEST_STEP][PASSED] - sa = new org.testng.asserts.SoftAssert(): null

2019-10-03 15:50:30 - [TEST_STEP][PASSED] - styleid_data = findTestData("productData").getValue("Style", row): null

2019-10-03 15:50:30 - [TEST_STEP][PASSED] - println("******************+++++++++++++++++++**********************************************"): null

2019-10-03 15:50:30 - [TEST_STEP][PASSED] - println(styleid_data): null

2019-10-03 15:50:30 - [TEST_STEP][PASSED] - by = By.xpath("//input[@name='style']"): null

2019-10-03 15:50:30 - [TEST_STEP][PASSED] - styleWe = UtilityMethods.getElementByLocator(by, driver): null

2019-10-03 15:50:30 - [TEST_STEP][PASSED] - to = UtilityMethods.fromElement(styleWe): null

2019-10-03 15:50:30 - [TEST_STEP][PASSED] - setText(to, styleid_data): Text '3850' is set on object ''

2019-10-03 15:50:30 - [MESSAGE][PASSED] - Text '3850' is set on object ''

2019-10-03 15:50:30 - [TEST_STEP][PASSED] - sendKeys(to, Keys.chord(ENTER)): Keys 'ENTER + ' sent to object: ''

2019-10-03 15:50:30 - [MESSAGE][PASSED] - Keys 'ENTER + ' sent to object: ''

2019-10-03 15:50:30 - [TEST_STEP][PASSED] - delay(2): Delayed 2 second(s)

2019-10-03 15:50:32 - [MESSAGE][PASSED] - Delayed 2 second(s)

2019-10-03 15:50:32 - [TEST_STEP][PASSED] - delay(2): Delayed 2 second(s)

2019-10-03 15:50:34 - [MESSAGE][PASSED] - Delayed 2 second(s)

2019-10-03 15:50:34 - [TEST_STEP][PASSED] - if (toString().equalsIgnoreCase("no")): null

2019-10-03 15:50:34 - [TEST_STEP][PASSED] - else: null

2019-10-03 15:50:34 - [TEST_STEP][PASSED] - click(findTestObject("Page_cabi Order Items/li_order_item")): Object: 'Object Repository/Page_cabi Order Items/li_order_item' is clicked on

2019-10-03 15:50:35 - [MESSAGE][PASSED] - Object: 'Object Repository/Page_cabi Order Items/li_order_item' is clicked on

2019-10-03 15:50:35 - [TEST_STEP][PASSED] - delay(5): Delayed 5 second(s)

2019-10-03 15:50:40 - [MESSAGE][PASSED] - Delayed 5 second(s)

2019-10-03 15:50:40 - [TEST_STEP][PASSED] - imagePath = UtilityMethods.createScreenshotImagePath(storeType, styleid_data): null

2019-10-03 15:50:40 - [TEST_STEP][PASSED] - println(imagePath): null

2019-10-03 15:50:40 - [TEST_STEP][PASSED] - takeScreenshot(imagePath): Taking screenshot successfully

2019-10-03 15:50:40 - [MESSAGE][PASSED] - Taking screenshot successfully
[[ATTACHMENT|C:\\Users\\user\\Documents\\testautomation\\KatalonProjects\\productImages\\BORetail_3850 image.png]]

2019-10-03 15:50:40 - [TEST_STEP][PASSED] - verifyElementText(findTestObject("Page_cabi Order Items/GetAttribute_getID"), styleid_data, CONTINUE_ON_FAILURE): Actual text and expected text of test object 'Object Repository/Page_cabi Order Items/GetAttribute_getID' are matched.

2019-10-03 15:50:40 - [MESSAGE][PASSED] - Actual text and expected text of test object 'Object Repository/Page_cabi Order Items/GetAttribute_getID' are matched.

2019-10-03 15:50:40 - [TEST_STEP][PASSED] - colorOptions = findWebElements(findTestObject("Page_cabi Order Items/GetAttribute_Color"), 5): null

2019-10-03 15:50:40 - [TEST_STEP][PASSED] - println(colorOptions.size()): null

2019-10-03 15:50:40 - [TEST_STEP][PASSED] - expectedColour = findTestData("productData").getValue("Color", row): null

2019-10-03 15:50:40 - [TEST_STEP][PASSED] - println("expected colour is"): null

2019-10-03 15:50:40 - [TEST_STEP][PASSED] - println(expectedColour): null

2019-10-03 15:50:40 - [TEST_STEP][PASSED] - colourVerified = false: null

2019-10-03 15:50:40 - [TEST_STEP][PASSED] - for (org.openqa.selenium.WebElement op : colorOptions): null

2019-10-03 15:50:40 - [TEST_STEP][PASSED] - println(op.getText()): null

2019-10-03 15:50:40 - [TEST_STEP][PASSED] - if (expectedColour.equalsIgnoreCase(op.getText())): null

2019-10-03 15:50:40 - [TEST_STEP][PASSED] - colourVerified = true: null

2019-10-03 15:50:40 - [TEST_STEP][PASSED] - break: null

2019-10-03 15:50:40 - [TEST_STEP][PASSED] - sa.assertTrue(colourVerified): null

2019-10-03 15:50:40 - [TEST_STEP][PASSED] - getPrice = getText(findTestObject("Page_cabi Order Items/GetAttribute_Price")): Text of object 'Object Repository/Page_cabi Order Items/GetAttribute_Price' is: 'Price : $169.00'

2019-10-03 15:50:40 - [MESSAGE][PASSED] - Text of object 'Object Repository/Page_cabi Order Items/GetAttribute_Price' is: 'Price : $169.00'

2019-10-03 15:50:40 - [TEST_STEP][PASSED] - Split_Data = UtilityMethods.SplitData(getPrice): null

2019-10-03 15:50:40 - [TEST_STEP][PASSED] - verifyMatch(Split_Data, findTestData("productData").getValue("Retail", row), true, CONTINUE_ON_FAILURE): Actual text '169' and expected text '169' are matched  using regular expression

2019-10-03 15:50:40 - [MESSAGE][PASSED] - Actual text '169' and expected text '169' are matched  using regular expression

2019-10-03 15:50:40 - [TEST_STEP][PASSED] - sizeRange1 = ["XXS", "XS", "S", "M", "L", "XL"]: null

2019-10-03 15:50:40 - [TEST_STEP][PASSED] - sizeRange2 = ["00", "0", "2", "4", "6", "8", "10", "12", "14", "16"]: null

2019-10-03 15:50:40 - [TEST_STEP][PASSED] - sizeRange3 = ["Long", "Regular", "Short"]: null

2019-10-03 15:50:40 - [TEST_STEP][PASSED] - sizeRange4 = ["5", "6", "6.5", "7", "7.5", "8", "8.5", "9", "9.5", "10", "11"]: null

2019-10-03 15:50:40 - [TEST_STEP][PASSED] - sizeRange5 = ["XS/S", "M/L"]: null

2019-10-03 15:50:40 - [TEST_STEP][PASSED] - sizeRangeSplit = UtilityMethods.SplitSizes(findTestData("productData").getValue("SzRange", row)): null

2019-10-03 15:50:40 - [TEST_STEP][PASSED] - sizeType = getText(findTestObject("Object Repository/Page_cabi Order Items/Size")): Text of object 'Object Repository/Page_cabi Order Items/Size' is: 'Select'

2019-10-03 15:50:40 - [MESSAGE][PASSED] - Text of object 'Object Repository/Page_cabi Order Items/Size' is: 'Select'

2019-10-03 15:50:40 - [TEST_STEP][PASSED] - sizeOptions = findWebElements(findTestObject("Object Repository/Page_cabi Order Items/Size"), 5): null

2019-10-03 15:50:40 - [TEST_STEP][PASSED] - actualRange = new java.util.ArrayList(): null

2019-10-03 15:50:40 - [TEST_STEP][PASSED] - expectedRange = <not implemented yet for class: org.codehaus.groovy.ast.expr.EmptyExpression>: null

2019-10-03 15:50:40 - [TEST_STEP][PASSED] - if (sizeType.equalsIgnoreCase("Select")): null

2019-10-03 15:50:40 - [TEST_STEP][PASSED] - for ([i = 1, i < sizeOptions.size(), (i++)]): null

2019-10-03 15:50:40 - [TEST_STEP][PASSED] - actualRange.add(getAttribute("value").toString()): null

2019-10-03 15:50:40 - [TEST_STEP][PASSED] - actualRange.add(getAttribute("value").toString()): null

2019-10-03 15:50:40 - [TEST_STEP][PASSED] - actualRange.add(getAttribute("value").toString()): null

2019-10-03 15:50:40 - [TEST_STEP][PASSED] - actualRange.add(getAttribute("value").toString()): null

2019-10-03 15:50:40 - [TEST_STEP][PASSED] - actualRange.add(getAttribute("value").toString()): null

2019-10-03 15:50:40 - [TEST_STEP][PASSED] - if (toString().equalsIgnoreCase("XS") || toString().equalsIgnoreCase("XXS")): null

2019-10-03 15:50:40 - [TEST_STEP][PASSED] - expectedRange = UtilityMethods.getExpectedRange(sizeRange1, sizeRangeSplit): null

2019-10-03 15:50:40 - [TEST_STEP][PASSED] - println("XS"): null

2019-10-03 15:50:40 - [TEST_STEP][PASSED] - println(expectedRange.toString()): null

2019-10-03 15:50:40 - [TEST_STEP][PASSED] - sa.assertTrue(UtilityMethods.listEquals(expectedRange, actualRange)): null

2019-10-03 15:50:40 - [TEST_STEP][PASSED] - delay(2): Delayed 2 second(s)

2019-10-03 15:50:42 - [MESSAGE][PASSED] - Delayed 2 second(s)

2019-10-03 15:50:42 - [TEST_STEP][PASSED] - verifyElementText(findTestObject("Page_cabi Order Items/product_title"), findTestData("productData").getValue("Description", row), CONTINUE_ON_FAILURE): Actual text and expected text of test object 'Object Repository/Page_cabi Order Items/product_title' are matched.

2019-10-03 15:50:42 - [MESSAGE][PASSED] - Actual text and expected text of test object 'Object Repository/Page_cabi Order Items/product_title' are matched.

2019-10-03 15:50:42 - [TEST_STEP][PASSED] - verifyElementText(findTestObject("Page_cabi Order Items/product_fabric"), findTestData("productData").getValue("FinalContent", row), CONTINUE_ON_FAILURE): Actual text and expected text of test object 'Object Repository/Page_cabi Order Items/product_fabric' are matched.

2019-10-03 15:50:42 - [MESSAGE][PASSED] - Actual text and expected text of test object 'Object Repository/Page_cabi Order Items/product_fabric' are matched.

2019-10-03 15:50:42 - [TEST_STEP][PASSED] - actualCasreIntrn = "<div>" + getText(findTestObject("Page_cabi Order Items/care_instruction")) + "</div>": Text of object 'Object Repository/Page_cabi Order Items/care_instruction' is: 'Turn garment inside out and place in a mesh bag. Machine wash separately in cold water, on the delicate cycle. Only non-chlorine bleach if needed. Do not twist or wring. Lay flat to dry. Warm iron if needed. Can be washed by hand.'

2019-10-03 15:50:43 - [MESSAGE][PASSED] - Text of object 'Object Repository/Page_cabi Order Items/care_instruction' is: 'Turn garment inside out and place in a mesh bag. Machine wash separately in cold water, on the delicate cycle. Only non-chlorine bleach if needed. Do not twist or wring. Lay flat to dry. Warm iron if needed. Can be washed by hand.'

2019-10-03 15:50:43 - [TEST_STEP][PASSED] - sa.assertTrue(actualCasreIntrn.equals(findTestData("productData").getValue("CareInstr", row))): null

2019-10-03 15:50:43 - [TEST_STEP][PASSED] - sa = new org.testng.asserts.SoftAssert(): null

2019-10-03 15:50:43 - [TEST_STEP][PASSED] - styleid_data = findTestData("productData").getValue("Style", row): null

2019-10-03 15:50:43 - [TEST_STEP][PASSED] - println("******************+++++++++++++++++++**********************************************"): null

2019-10-03 15:50:43 - [TEST_STEP][PASSED] - println(styleid_data): null

2019-10-03 15:50:43 - [TEST_STEP][PASSED] - by = By.xpath("//input[@name='style']"): null

2019-10-03 15:50:43 - [TEST_STEP][PASSED] - styleWe = UtilityMethods.getElementByLocator(by, driver): null

2019-10-03 15:50:43 - [TEST_STEP][PASSED] - to = UtilityMethods.fromElement(styleWe): null

2019-10-03 15:50:43 - [TEST_STEP][PASSED] - setText(to, styleid_data): Text '3857' is set on object ''

2019-10-03 15:50:43 - [MESSAGE][PASSED] - Text '3857' is set on object ''

2019-10-03 15:50:43 - [TEST_STEP][PASSED] - sendKeys(to, Keys.chord(ENTER)): Keys 'ENTER + ' sent to object: ''

2019-10-03 15:50:43 - [MESSAGE][PASSED] - Keys 'ENTER + ' sent to object: ''

2019-10-03 15:50:43 - [TEST_STEP][PASSED] - delay(2): Delayed 2 second(s)

2019-10-03 15:50:45 - [MESSAGE][PASSED] - Delayed 2 second(s)

2019-10-03 15:50:45 - [TEST_STEP][PASSED] - delay(2): Delayed 2 second(s)

2019-10-03 15:50:47 - [MESSAGE][PASSED] - Delayed 2 second(s)

2019-10-03 15:50:47 - [TEST_STEP][PASSED] - if (toString().equalsIgnoreCase("no")): null

2019-10-03 15:50:47 - [TEST_STEP][PASSED] - else: null

2019-10-03 15:50:47 - [TEST_STEP][PASSED] - click(findTestObject("Page_cabi Order Items/li_order_item")): Object: 'Object Repository/Page_cabi Order Items/li_order_item' is clicked on

2019-10-03 15:50:47 - [MESSAGE][PASSED] - Object: 'Object Repository/Page_cabi Order Items/li_order_item' is clicked on

2019-10-03 15:50:47 - [TEST_STEP][PASSED] - delay(5): Delayed 5 second(s)

2019-10-03 15:50:52 - [MESSAGE][PASSED] - Delayed 5 second(s)

2019-10-03 15:50:52 - [TEST_STEP][PASSED] - imagePath = UtilityMethods.createScreenshotImagePath(storeType, styleid_data): null

2019-10-03 15:50:52 - [TEST_STEP][PASSED] - println(imagePath): null

2019-10-03 15:50:52 - [TEST_STEP][PASSED] - takeScreenshot(imagePath): Taking screenshot successfully

2019-10-03 15:50:52 - [MESSAGE][PASSED] - Taking screenshot successfully
[[ATTACHMENT|C:\\Users\\user\\Documents\\testautomation\\KatalonProjects\\productImages\\BORetail_3857 image.png]]

2019-10-03 15:50:52 - [TEST_STEP][PASSED] - verifyElementText(findTestObject("Page_cabi Order Items/GetAttribute_getID"), styleid_data, CONTINUE_ON_FAILURE): Actual text and expected text of test object 'Object Repository/Page_cabi Order Items/GetAttribute_getID' are matched.

2019-10-03 15:50:52 - [MESSAGE][PASSED] - Actual text and expected text of test object 'Object Repository/Page_cabi Order Items/GetAttribute_getID' are matched.

2019-10-03 15:50:53 - [TEST_STEP][PASSED] - colorOptions = findWebElements(findTestObject("Page_cabi Order Items/GetAttribute_Color"), 5): null

2019-10-03 15:50:53 - [TEST_STEP][PASSED] - println(colorOptions.size()): null

2019-10-03 15:50:53 - [TEST_STEP][PASSED] - expectedColour = findTestData("productData").getValue("Color", row): null

2019-10-03 15:50:53 - [TEST_STEP][PASSED] - println("expected colour is"): null

2019-10-03 15:50:53 - [TEST_STEP][PASSED] - println(expectedColour): null

2019-10-03 15:50:53 - [TEST_STEP][PASSED] - colourVerified = false: null

2019-10-03 15:50:53 - [TEST_STEP][PASSED] - for (org.openqa.selenium.WebElement op : colorOptions): null

2019-10-03 15:50:53 - [TEST_STEP][PASSED] - println(op.getText()): null

2019-10-03 15:50:53 - [TEST_STEP][PASSED] - if (expectedColour.equalsIgnoreCase(op.getText())): null

2019-10-03 15:50:53 - [TEST_STEP][PASSED] - colourVerified = true: null

2019-10-03 15:50:53 - [TEST_STEP][PASSED] - break: null

2019-10-03 15:50:53 - [TEST_STEP][PASSED] - sa.assertTrue(colourVerified): null

2019-10-03 15:50:53 - [TEST_STEP][PASSED] - getPrice = getText(findTestObject("Page_cabi Order Items/GetAttribute_Price")): Text of object 'Object Repository/Page_cabi Order Items/GetAttribute_Price' is: 'Price : $84.00'

2019-10-03 15:50:53 - [MESSAGE][PASSED] - Text of object 'Object Repository/Page_cabi Order Items/GetAttribute_Price' is: 'Price : $84.00'

2019-10-03 15:50:53 - [TEST_STEP][PASSED] - Split_Data = UtilityMethods.SplitData(getPrice): null

2019-10-03 15:50:53 - [TEST_STEP][PASSED] - verifyMatch(Split_Data, findTestData("productData").getValue("Retail", row), true, CONTINUE_ON_FAILURE): Actual text '84' and expected text '84' are matched  using regular expression

2019-10-03 15:50:53 - [MESSAGE][PASSED] - Actual text '84' and expected text '84' are matched  using regular expression

2019-10-03 15:50:53 - [TEST_STEP][PASSED] - sizeRange1 = ["XXS", "XS", "S", "M", "L", "XL"]: null

2019-10-03 15:50:53 - [TEST_STEP][PASSED] - sizeRange2 = ["00", "0", "2", "4", "6", "8", "10", "12", "14", "16"]: null

2019-10-03 15:50:53 - [TEST_STEP][PASSED] - sizeRange3 = ["Long", "Regular", "Short"]: null

2019-10-03 15:50:53 - [TEST_STEP][PASSED] - sizeRange4 = ["5", "6", "6.5", "7", "7.5", "8", "8.5", "9", "9.5", "10", "11"]: null

2019-10-03 15:50:53 - [TEST_STEP][PASSED] - sizeRange5 = ["XS/S", "M/L"]: null

2019-10-03 15:50:53 - [TEST_STEP][PASSED] - sizeRangeSplit = UtilityMethods.SplitSizes(findTestData("productData").getValue("SzRange", row)): null

2019-10-03 15:50:53 - [TEST_STEP][PASSED] - sizeType = getText(findTestObject("Object Repository/Page_cabi Order Items/Size")): Text of object 'Object Repository/Page_cabi Order Items/Size' is: 'Select'

2019-10-03 15:50:53 - [MESSAGE][PASSED] - Text of object 'Object Repository/Page_cabi Order Items/Size' is: 'Select'

2019-10-03 15:50:53 - [TEST_STEP][PASSED] - sizeOptions = findWebElements(findTestObject("Object Repository/Page_cabi Order Items/Size"), 5): null

2019-10-03 15:50:53 - [TEST_STEP][PASSED] - actualRange = new java.util.ArrayList(): null

2019-10-03 15:50:53 - [TEST_STEP][PASSED] - expectedRange = <not implemented yet for class: org.codehaus.groovy.ast.expr.EmptyExpression>: null

2019-10-03 15:50:53 - [TEST_STEP][PASSED] - if (sizeType.equalsIgnoreCase("Select")): null

2019-10-03 15:50:53 - [TEST_STEP][PASSED] - for ([i = 1, i < sizeOptions.size(), (i++)]): null

2019-10-03 15:50:53 - [TEST_STEP][PASSED] - actualRange.add(getAttribute("value").toString()): null

2019-10-03 15:50:53 - [TEST_STEP][PASSED] - actualRange.add(getAttribute("value").toString()): null

2019-10-03 15:50:53 - [TEST_STEP][PASSED] - actualRange.add(getAttribute("value").toString()): null

2019-10-03 15:50:53 - [TEST_STEP][PASSED] - actualRange.add(getAttribute("value").toString()): null

2019-10-03 15:50:53 - [TEST_STEP][PASSED] - actualRange.add(getAttribute("value").toString()): null

2019-10-03 15:50:53 - [TEST_STEP][PASSED] - if (toString().equalsIgnoreCase("XS") || toString().equalsIgnoreCase("XXS")): null

2019-10-03 15:50:53 - [TEST_STEP][PASSED] - expectedRange = UtilityMethods.getExpectedRange(sizeRange1, sizeRangeSplit): null

2019-10-03 15:50:53 - [TEST_STEP][PASSED] - println("XS"): null

2019-10-03 15:50:53 - [TEST_STEP][PASSED] - println(expectedRange.toString()): null

2019-10-03 15:50:53 - [TEST_STEP][PASSED] - sa.assertTrue(UtilityMethods.listEquals(expectedRange, actualRange)): null

2019-10-03 15:50:53 - [TEST_STEP][PASSED] - delay(2): Delayed 2 second(s)

2019-10-03 15:50:55 - [MESSAGE][PASSED] - Delayed 2 second(s)

2019-10-03 15:50:55 - [TEST_STEP][PASSED] - verifyElementText(findTestObject("Page_cabi Order Items/product_title"), findTestData("productData").getValue("Description", row), CONTINUE_ON_FAILURE): Actual text and expected text of test object 'Object Repository/Page_cabi Order Items/product_title' are matched.

2019-10-03 15:50:55 - [MESSAGE][PASSED] - Actual text and expected text of test object 'Object Repository/Page_cabi Order Items/product_title' are matched.

2019-10-03 15:50:55 - [TEST_STEP][PASSED] - verifyElementText(findTestObject("Page_cabi Order Items/product_fabric"), findTestData("productData").getValue("FinalContent", row), CONTINUE_ON_FAILURE): Actual text and expected text of test object 'Object Repository/Page_cabi Order Items/product_fabric' are matched.

2019-10-03 15:50:55 - [MESSAGE][PASSED] - Actual text and expected text of test object 'Object Repository/Page_cabi Order Items/product_fabric' are matched.

2019-10-03 15:50:55 - [TEST_STEP][PASSED] - actualCasreIntrn = "<div>" + getText(findTestObject("Page_cabi Order Items/care_instruction")) + "</div>": Text of object 'Object Repository/Page_cabi Order Items/care_instruction' is: 'Wash by hand separately with cold water. Only non-chlorine bleach if needed. Do not twist or wring. Lay flat to dry. Steam iron only if needed. Can be dry cleaned.'

2019-10-03 15:50:55 - [MESSAGE][PASSED] - Text of object 'Object Repository/Page_cabi Order Items/care_instruction' is: 'Wash by hand separately with cold water. Only non-chlorine bleach if needed. Do not twist or wring. Lay flat to dry. Steam iron only if needed. Can be dry cleaned.'

2019-10-03 15:50:55 - [TEST_STEP][PASSED] - sa.assertTrue(actualCasreIntrn.equals(findTestData("productData").getValue("CareInstr", row))): null

2019-10-03 15:50:55 - [TEST_STEP][PASSED] - sa = new org.testng.asserts.SoftAssert(): null

2019-10-03 15:50:55 - [TEST_STEP][PASSED] - styleid_data = findTestData("productData").getValue("Style", row): null

2019-10-03 15:50:55 - [TEST_STEP][PASSED] - println("******************+++++++++++++++++++**********************************************"): null

2019-10-03 15:50:55 - [TEST_STEP][PASSED] - println(styleid_data): null

2019-10-03 15:50:55 - [TEST_STEP][PASSED] - by = By.xpath("//input[@name='style']"): null

2019-10-03 15:50:55 - [TEST_STEP][PASSED] - styleWe = UtilityMethods.getElementByLocator(by, driver): null

2019-10-03 15:50:55 - [TEST_STEP][PASSED] - to = UtilityMethods.fromElement(styleWe): null

2019-10-03 15:50:55 - [TEST_STEP][PASSED] - setText(to, styleid_data): Text '3861' is set on object ''

2019-10-03 15:50:55 - [MESSAGE][PASSED] - Text '3861' is set on object ''

2019-10-03 15:50:55 - [TEST_STEP][PASSED] - sendKeys(to, Keys.chord(ENTER)): Keys 'ENTER + ' sent to object: ''

2019-10-03 15:50:56 - [MESSAGE][PASSED] - Keys 'ENTER + ' sent to object: ''

2019-10-03 15:50:56 - [TEST_STEP][PASSED] - delay(2): Delayed 2 second(s)

2019-10-03 15:50:58 - [MESSAGE][PASSED] - Delayed 2 second(s)

2019-10-03 15:50:58 - [TEST_STEP][PASSED] - delay(2): Delayed 2 second(s)

2019-10-03 15:51:00 - [MESSAGE][PASSED] - Delayed 2 second(s)

2019-10-03 15:51:00 - [TEST_STEP][PASSED] - if (toString().equalsIgnoreCase("no")): null

2019-10-03 15:51:00 - [TEST_STEP][PASSED] - else: null

2019-10-03 15:51:00 - [TEST_STEP][PASSED] - click(findTestObject("Page_cabi Order Items/li_order_item")): Object: 'Object Repository/Page_cabi Order Items/li_order_item' is clicked on

2019-10-03 15:51:00 - [MESSAGE][PASSED] - Object: 'Object Repository/Page_cabi Order Items/li_order_item' is clicked on

2019-10-03 15:51:00 - [TEST_STEP][PASSED] - delay(5): Delayed 5 second(s)

2019-10-03 15:51:05 - [MESSAGE][PASSED] - Delayed 5 second(s)

2019-10-03 15:51:05 - [TEST_STEP][PASSED] - imagePath = UtilityMethods.createScreenshotImagePath(storeType, styleid_data): null

2019-10-03 15:51:05 - [TEST_STEP][PASSED] - println(imagePath): null

2019-10-03 15:51:05 - [TEST_STEP][PASSED] - takeScreenshot(imagePath): Taking screenshot successfully

2019-10-03 15:51:05 - [MESSAGE][PASSED] - Taking screenshot successfully
[[ATTACHMENT|C:\\Users\\user\\Documents\\testautomation\\KatalonProjects\\productImages\\BORetail_3861 image.png]]

2019-10-03 15:51:05 - [TEST_STEP][PASSED] - verifyElementText(findTestObject("Page_cabi Order Items/GetAttribute_getID"), styleid_data, CONTINUE_ON_FAILURE): Actual text and expected text of test object 'Object Repository/Page_cabi Order Items/GetAttribute_getID' are matched.

2019-10-03 15:51:05 - [MESSAGE][PASSED] - Actual text and expected text of test object 'Object Repository/Page_cabi Order Items/GetAttribute_getID' are matched.

2019-10-03 15:51:05 - [TEST_STEP][PASSED] - colorOptions = findWebElements(findTestObject("Page_cabi Order Items/GetAttribute_Color"), 5): null

2019-10-03 15:51:05 - [TEST_STEP][PASSED] - println(colorOptions.size()): null

2019-10-03 15:51:05 - [TEST_STEP][PASSED] - expectedColour = findTestData("productData").getValue("Color", row): null

2019-10-03 15:51:05 - [TEST_STEP][PASSED] - println("expected colour is"): null

2019-10-03 15:51:05 - [TEST_STEP][PASSED] - println(expectedColour): null

2019-10-03 15:51:05 - [TEST_STEP][PASSED] - colourVerified = false: null

2019-10-03 15:51:05 - [TEST_STEP][PASSED] - for (org.openqa.selenium.WebElement op : colorOptions): null

2019-10-03 15:51:05 - [TEST_STEP][PASSED] - println(op.getText()): null

2019-10-03 15:51:05 - [TEST_STEP][PASSED] - if (expectedColour.equalsIgnoreCase(op.getText())): null

2019-10-03 15:51:05 - [TEST_STEP][PASSED] - colourVerified = true: null

2019-10-03 15:51:05 - [TEST_STEP][PASSED] - break: null

2019-10-03 15:51:05 - [TEST_STEP][PASSED] - sa.assertTrue(colourVerified): null

2019-10-03 15:51:05 - [TEST_STEP][PASSED] - getPrice = getText(findTestObject("Page_cabi Order Items/GetAttribute_Price")): Text of object 'Object Repository/Page_cabi Order Items/GetAttribute_Price' is: 'Price : $89.00'

2019-10-03 15:51:05 - [MESSAGE][PASSED] - Text of object 'Object Repository/Page_cabi Order Items/GetAttribute_Price' is: 'Price : $89.00'

2019-10-03 15:51:05 - [TEST_STEP][PASSED] - Split_Data = UtilityMethods.SplitData(getPrice): null

2019-10-03 15:51:05 - [TEST_STEP][PASSED] - verifyMatch(Split_Data, findTestData("productData").getValue("Retail", row), true, CONTINUE_ON_FAILURE): Actual text '89' and expected text '89' are matched  using regular expression

2019-10-03 15:51:05 - [MESSAGE][PASSED] - Actual text '89' and expected text '89' are matched  using regular expression

2019-10-03 15:51:05 - [TEST_STEP][PASSED] - sizeRange1 = ["XXS", "XS", "S", "M", "L", "XL"]: null

2019-10-03 15:51:05 - [TEST_STEP][PASSED] - sizeRange2 = ["00", "0", "2", "4", "6", "8", "10", "12", "14", "16"]: null

2019-10-03 15:51:05 - [TEST_STEP][PASSED] - sizeRange3 = ["Long", "Regular", "Short"]: null

2019-10-03 15:51:05 - [TEST_STEP][PASSED] - sizeRange4 = ["5", "6", "6.5", "7", "7.5", "8", "8.5", "9", "9.5", "10", "11"]: null

2019-10-03 15:51:05 - [TEST_STEP][PASSED] - sizeRange5 = ["XS/S", "M/L"]: null

2019-10-03 15:51:05 - [TEST_STEP][PASSED] - sizeRangeSplit = UtilityMethods.SplitSizes(findTestData("productData").getValue("SzRange", row)): null

2019-10-03 15:51:05 - [TEST_STEP][PASSED] - sizeType = getText(findTestObject("Object Repository/Page_cabi Order Items/Size")): Text of object 'Object Repository/Page_cabi Order Items/Size' is: 'Select'

2019-10-03 15:51:05 - [MESSAGE][PASSED] - Text of object 'Object Repository/Page_cabi Order Items/Size' is: 'Select'

2019-10-03 15:51:05 - [TEST_STEP][PASSED] - sizeOptions = findWebElements(findTestObject("Object Repository/Page_cabi Order Items/Size"), 5): null

2019-10-03 15:51:05 - [TEST_STEP][PASSED] - actualRange = new java.util.ArrayList(): null

2019-10-03 15:51:05 - [TEST_STEP][PASSED] - expectedRange = <not implemented yet for class: org.codehaus.groovy.ast.expr.EmptyExpression>: null

2019-10-03 15:51:05 - [TEST_STEP][PASSED] - if (sizeType.equalsIgnoreCase("Select")): null

2019-10-03 15:51:05 - [TEST_STEP][PASSED] - for ([i = 1, i < sizeOptions.size(), (i++)]): null

2019-10-03 15:51:05 - [TEST_STEP][PASSED] - actualRange.add(getAttribute("value").toString()): null

2019-10-03 15:51:05 - [TEST_STEP][PASSED] - actualRange.add(getAttribute("value").toString()): null

2019-10-03 15:51:05 - [TEST_STEP][PASSED] - actualRange.add(getAttribute("value").toString()): null

2019-10-03 15:51:05 - [TEST_STEP][PASSED] - actualRange.add(getAttribute("value").toString()): null

2019-10-03 15:51:05 - [TEST_STEP][PASSED] - actualRange.add(getAttribute("value").toString()): null

2019-10-03 15:51:05 - [TEST_STEP][PASSED] - if (toString().equalsIgnoreCase("XS") || toString().equalsIgnoreCase("XXS")): null

2019-10-03 15:51:05 - [TEST_STEP][PASSED] - expectedRange = UtilityMethods.getExpectedRange(sizeRange1, sizeRangeSplit): null

2019-10-03 15:51:05 - [TEST_STEP][PASSED] - println("XS"): null

2019-10-03 15:51:05 - [TEST_STEP][PASSED] - println(expectedRange.toString()): null

2019-10-03 15:51:05 - [TEST_STEP][PASSED] - sa.assertTrue(UtilityMethods.listEquals(expectedRange, actualRange)): null

2019-10-03 15:51:05 - [TEST_STEP][PASSED] - delay(2): Delayed 2 second(s)

2019-10-03 15:51:07 - [MESSAGE][PASSED] - Delayed 2 second(s)

2019-10-03 15:51:07 - [TEST_STEP][PASSED] - verifyElementText(findTestObject("Page_cabi Order Items/product_title"), findTestData("productData").getValue("Description", row), CONTINUE_ON_FAILURE): Actual text and expected text of test object 'Object Repository/Page_cabi Order Items/product_title' are matched.

2019-10-03 15:51:08 - [MESSAGE][PASSED] - Actual text and expected text of test object 'Object Repository/Page_cabi Order Items/product_title' are matched.

2019-10-03 15:51:08 - [TEST_STEP][PASSED] - verifyElementText(findTestObject("Page_cabi Order Items/product_fabric"), findTestData("productData").getValue("FinalContent", row), CONTINUE_ON_FAILURE): Actual text and expected text of test object 'Object Repository/Page_cabi Order Items/product_fabric' are matched.

2019-10-03 15:51:08 - [MESSAGE][PASSED] - Actual text and expected text of test object 'Object Repository/Page_cabi Order Items/product_fabric' are matched.

2019-10-03 15:51:08 - [TEST_STEP][PASSED] - actualCasreIntrn = "<div>" + getText(findTestObject("Page_cabi Order Items/care_instruction")) + "</div>": Text of object 'Object Repository/Page_cabi Order Items/care_instruction' is: 'Machine wash with like colors in cold water on the delicate cycle. Only non-chlorine bleach if needed. Lay flat to dry. Warm iron if needed.'

2019-10-03 15:51:08 - [MESSAGE][PASSED] - Text of object 'Object Repository/Page_cabi Order Items/care_instruction' is: 'Machine wash with like colors in cold water on the delicate cycle. Only non-chlorine bleach if needed. Lay flat to dry. Warm iron if needed.'

2019-10-03 15:51:08 - [TEST_STEP][PASSED] - sa.assertTrue(actualCasreIntrn.equals(findTestData("productData").getValue("CareInstr", row))): null

2019-10-03 15:51:08 - [TEST_STEP][PASSED] - sa = new org.testng.asserts.SoftAssert(): null

2019-10-03 15:51:08 - [TEST_STEP][PASSED] - styleid_data = findTestData("productData").getValue("Style", row): null

2019-10-03 15:51:08 - [TEST_STEP][PASSED] - println("******************+++++++++++++++++++**********************************************"): null

2019-10-03 15:51:08 - [TEST_STEP][PASSED] - println(styleid_data): null

2019-10-03 15:51:08 - [TEST_STEP][PASSED] - by = By.xpath("//input[@name='style']"): null

2019-10-03 15:51:08 - [TEST_STEP][PASSED] - styleWe = UtilityMethods.getElementByLocator(by, driver): null

2019-10-03 15:51:08 - [TEST_STEP][PASSED] - to = UtilityMethods.fromElement(styleWe): null

2019-10-03 15:51:08 - [TEST_STEP][PASSED] - setText(to, styleid_data): Text '3863' is set on object ''

2019-10-03 15:51:08 - [MESSAGE][PASSED] - Text '3863' is set on object ''

2019-10-03 15:51:08 - [TEST_STEP][PASSED] - sendKeys(to, Keys.chord(ENTER)): Keys 'ENTER + ' sent to object: ''

2019-10-03 15:51:08 - [MESSAGE][PASSED] - Keys 'ENTER + ' sent to object: ''

2019-10-03 15:51:08 - [TEST_STEP][PASSED] - delay(2): Delayed 2 second(s)

2019-10-03 15:51:10 - [MESSAGE][PASSED] - Delayed 2 second(s)

2019-10-03 15:51:10 - [TEST_STEP][PASSED] - delay(2): Delayed 2 second(s)

2019-10-03 15:51:12 - [MESSAGE][PASSED] - Delayed 2 second(s)

2019-10-03 15:51:12 - [TEST_STEP][PASSED] - if (toString().equalsIgnoreCase("no")): null

2019-10-03 15:51:12 - [TEST_STEP][PASSED] - else: null

2019-10-03 15:51:12 - [TEST_STEP][PASSED] - click(findTestObject("Page_cabi Order Items/li_order_item")): Object: 'Object Repository/Page_cabi Order Items/li_order_item' is clicked on

2019-10-03 15:51:12 - [MESSAGE][PASSED] - Object: 'Object Repository/Page_cabi Order Items/li_order_item' is clicked on

2019-10-03 15:51:12 - [TEST_STEP][PASSED] - delay(5): Delayed 5 second(s)

2019-10-03 15:51:17 - [MESSAGE][PASSED] - Delayed 5 second(s)

2019-10-03 15:51:17 - [TEST_STEP][PASSED] - imagePath = UtilityMethods.createScreenshotImagePath(storeType, styleid_data): null

2019-10-03 15:51:17 - [TEST_STEP][PASSED] - println(imagePath): null

2019-10-03 15:51:17 - [TEST_STEP][PASSED] - takeScreenshot(imagePath): Taking screenshot successfully

2019-10-03 15:51:18 - [MESSAGE][PASSED] - Taking screenshot successfully
[[ATTACHMENT|C:\\Users\\user\\Documents\\testautomation\\KatalonProjects\\productImages\\BORetail_3863 image.png]]

2019-10-03 15:51:18 - [TEST_STEP][PASSED] - verifyElementText(findTestObject("Page_cabi Order Items/GetAttribute_getID"), styleid_data, CONTINUE_ON_FAILURE): Actual text and expected text of test object 'Object Repository/Page_cabi Order Items/GetAttribute_getID' are matched.

2019-10-03 15:51:18 - [MESSAGE][PASSED] - Actual text and expected text of test object 'Object Repository/Page_cabi Order Items/GetAttribute_getID' are matched.

2019-10-03 15:51:18 - [TEST_STEP][PASSED] - colorOptions = findWebElements(findTestObject("Page_cabi Order Items/GetAttribute_Color"), 5): null

2019-10-03 15:51:18 - [TEST_STEP][PASSED] - println(colorOptions.size()): null

2019-10-03 15:51:18 - [TEST_STEP][PASSED] - expectedColour = findTestData("productData").getValue("Color", row): null

2019-10-03 15:51:18 - [TEST_STEP][PASSED] - println("expected colour is"): null

2019-10-03 15:51:18 - [TEST_STEP][PASSED] - println(expectedColour): null

2019-10-03 15:51:18 - [TEST_STEP][PASSED] - colourVerified = false: null

2019-10-03 15:51:18 - [TEST_STEP][PASSED] - for (org.openqa.selenium.WebElement op : colorOptions): null

2019-10-03 15:51:18 - [TEST_STEP][PASSED] - println(op.getText()): null

2019-10-03 15:51:18 - [TEST_STEP][PASSED] - if (expectedColour.equalsIgnoreCase(op.getText())): null

2019-10-03 15:51:18 - [TEST_STEP][PASSED] - colourVerified = true: null

2019-10-03 15:51:18 - [TEST_STEP][PASSED] - break: null

2019-10-03 15:51:18 - [TEST_STEP][PASSED] - sa.assertTrue(colourVerified): null

2019-10-03 15:51:18 - [TEST_STEP][PASSED] - getPrice = getText(findTestObject("Page_cabi Order Items/GetAttribute_Price")): Text of object 'Object Repository/Page_cabi Order Items/GetAttribute_Price' is: 'Price : $84.00'

2019-10-03 15:51:18 - [MESSAGE][PASSED] - Text of object 'Object Repository/Page_cabi Order Items/GetAttribute_Price' is: 'Price : $84.00'

2019-10-03 15:51:18 - [TEST_STEP][PASSED] - Split_Data = UtilityMethods.SplitData(getPrice): null

2019-10-03 15:51:18 - [TEST_STEP][PASSED] - verifyMatch(Split_Data, findTestData("productData").getValue("Retail", row), true, CONTINUE_ON_FAILURE): Actual text '84' and expected text '84' are matched  using regular expression

2019-10-03 15:51:18 - [MESSAGE][PASSED] - Actual text '84' and expected text '84' are matched  using regular expression

2019-10-03 15:51:18 - [TEST_STEP][PASSED] - sizeRange1 = ["XXS", "XS", "S", "M", "L", "XL"]: null

2019-10-03 15:51:18 - [TEST_STEP][PASSED] - sizeRange2 = ["00", "0", "2", "4", "6", "8", "10", "12", "14", "16"]: null

2019-10-03 15:51:18 - [TEST_STEP][PASSED] - sizeRange3 = ["Long", "Regular", "Short"]: null

2019-10-03 15:51:18 - [TEST_STEP][PASSED] - sizeRange4 = ["5", "6", "6.5", "7", "7.5", "8", "8.5", "9", "9.5", "10", "11"]: null

2019-10-03 15:51:18 - [TEST_STEP][PASSED] - sizeRange5 = ["XS/S", "M/L"]: null

2019-10-03 15:51:18 - [TEST_STEP][PASSED] - sizeRangeSplit = UtilityMethods.SplitSizes(findTestData("productData").getValue("SzRange", row)): null

2019-10-03 15:51:18 - [TEST_STEP][PASSED] - sizeType = getText(findTestObject("Object Repository/Page_cabi Order Items/Size")): Text of object 'Object Repository/Page_cabi Order Items/Size' is: 'Select'

2019-10-03 15:51:18 - [MESSAGE][PASSED] - Text of object 'Object Repository/Page_cabi Order Items/Size' is: 'Select'

2019-10-03 15:51:18 - [TEST_STEP][PASSED] - sizeOptions = findWebElements(findTestObject("Object Repository/Page_cabi Order Items/Size"), 5): null

2019-10-03 15:51:18 - [TEST_STEP][PASSED] - actualRange = new java.util.ArrayList(): null

2019-10-03 15:51:18 - [TEST_STEP][PASSED] - expectedRange = <not implemented yet for class: org.codehaus.groovy.ast.expr.EmptyExpression>: null

2019-10-03 15:51:18 - [TEST_STEP][PASSED] - if (sizeType.equalsIgnoreCase("Select")): null

2019-10-03 15:51:18 - [TEST_STEP][PASSED] - for ([i = 1, i < sizeOptions.size(), (i++)]): null

2019-10-03 15:51:18 - [TEST_STEP][PASSED] - actualRange.add(getAttribute("value").toString()): null

2019-10-03 15:51:18 - [TEST_STEP][PASSED] - actualRange.add(getAttribute("value").toString()): null

2019-10-03 15:51:18 - [TEST_STEP][PASSED] - actualRange.add(getAttribute("value").toString()): null

2019-10-03 15:51:18 - [TEST_STEP][PASSED] - actualRange.add(getAttribute("value").toString()): null

2019-10-03 15:51:18 - [TEST_STEP][PASSED] - actualRange.add(getAttribute("value").toString()): null

2019-10-03 15:51:18 - [TEST_STEP][PASSED] - if (toString().equalsIgnoreCase("XS") || toString().equalsIgnoreCase("XXS")): null

2019-10-03 15:51:18 - [TEST_STEP][PASSED] - expectedRange = UtilityMethods.getExpectedRange(sizeRange1, sizeRangeSplit): null

2019-10-03 15:51:18 - [TEST_STEP][PASSED] - println("XS"): null

2019-10-03 15:51:18 - [TEST_STEP][PASSED] - println(expectedRange.toString()): null

2019-10-03 15:51:18 - [TEST_STEP][PASSED] - sa.assertTrue(UtilityMethods.listEquals(expectedRange, actualRange)): null

2019-10-03 15:51:18 - [TEST_STEP][PASSED] - delay(2): Delayed 2 second(s)

2019-10-03 15:51:20 - [MESSAGE][PASSED] - Delayed 2 second(s)

2019-10-03 15:51:20 - [TEST_STEP][PASSED] - verifyElementText(findTestObject("Page_cabi Order Items/product_title"), findTestData("productData").getValue("Description", row), CONTINUE_ON_FAILURE): Actual text and expected text of test object 'Object Repository/Page_cabi Order Items/product_title' are matched.

2019-10-03 15:51:20 - [MESSAGE][PASSED] - Actual text and expected text of test object 'Object Repository/Page_cabi Order Items/product_title' are matched.

2019-10-03 15:51:20 - [TEST_STEP][PASSED] - verifyElementText(findTestObject("Page_cabi Order Items/product_fabric"), findTestData("productData").getValue("FinalContent", row), CONTINUE_ON_FAILURE): Actual text and expected text of test object 'Object Repository/Page_cabi Order Items/product_fabric' are matched.

2019-10-03 15:51:20 - [MESSAGE][PASSED] - Actual text and expected text of test object 'Object Repository/Page_cabi Order Items/product_fabric' are matched.

2019-10-03 15:51:20 - [TEST_STEP][PASSED] - actualCasreIntrn = "<div>" + getText(findTestObject("Page_cabi Order Items/care_instruction")) + "</div>": Text of object 'Object Repository/Page_cabi Order Items/care_instruction' is: 'Machine wash with like colors in cold water on the delicate cycle. Only non-chlorine bleach if needed. Lay flat to dry. Warm iron if needed.'

2019-10-03 15:51:20 - [MESSAGE][PASSED] - Text of object 'Object Repository/Page_cabi Order Items/care_instruction' is: 'Machine wash with like colors in cold water on the delicate cycle. Only non-chlorine bleach if needed. Lay flat to dry. Warm iron if needed.'

2019-10-03 15:51:20 - [TEST_STEP][PASSED] - sa.assertTrue(actualCasreIntrn.equals(findTestData("productData").getValue("CareInstr", row))): null

2019-10-03 15:51:20 - [TEST_STEP][PASSED] - sa = new org.testng.asserts.SoftAssert(): null

2019-10-03 15:51:20 - [TEST_STEP][PASSED] - styleid_data = findTestData("productData").getValue("Style", row): null

2019-10-03 15:51:20 - [TEST_STEP][PASSED] - println("******************+++++++++++++++++++**********************************************"): null

2019-10-03 15:51:20 - [TEST_STEP][PASSED] - println(styleid_data): null

2019-10-03 15:51:20 - [TEST_STEP][PASSED] - by = By.xpath("//input[@name='style']"): null

2019-10-03 15:51:20 - [TEST_STEP][PASSED] - styleWe = UtilityMethods.getElementByLocator(by, driver): null

2019-10-03 15:51:20 - [TEST_STEP][PASSED] - to = UtilityMethods.fromElement(styleWe): null

2019-10-03 15:51:20 - [TEST_STEP][PASSED] - setText(to, styleid_data): Text '3864' is set on object ''

2019-10-03 15:51:21 - [MESSAGE][PASSED] - Text '3864' is set on object ''

2019-10-03 15:51:21 - [TEST_STEP][PASSED] - sendKeys(to, Keys.chord(ENTER)): Keys 'ENTER + ' sent to object: ''

2019-10-03 15:51:21 - [MESSAGE][PASSED] - Keys 'ENTER + ' sent to object: ''

2019-10-03 15:51:21 - [TEST_STEP][PASSED] - delay(2): Delayed 2 second(s)

2019-10-03 15:51:23 - [MESSAGE][PASSED] - Delayed 2 second(s)

2019-10-03 15:51:23 - [TEST_STEP][PASSED] - delay(2): Delayed 2 second(s)

2019-10-03 15:51:25 - [MESSAGE][PASSED] - Delayed 2 second(s)

2019-10-03 15:51:25 - [TEST_STEP][PASSED] - if (toString().equalsIgnoreCase("no")): null

2019-10-03 15:51:25 - [TEST_STEP][PASSED] - else: null

2019-10-03 15:51:25 - [TEST_STEP][PASSED] - click(findTestObject("Page_cabi Order Items/li_order_item")): Object: 'Object Repository/Page_cabi Order Items/li_order_item' is clicked on

2019-10-03 15:51:25 - [MESSAGE][PASSED] - Object: 'Object Repository/Page_cabi Order Items/li_order_item' is clicked on

2019-10-03 15:51:25 - [TEST_STEP][PASSED] - delay(5): Delayed 5 second(s)

2019-10-03 15:51:30 - [MESSAGE][PASSED] - Delayed 5 second(s)

2019-10-03 15:51:30 - [TEST_STEP][PASSED] - imagePath = UtilityMethods.createScreenshotImagePath(storeType, styleid_data): null

2019-10-03 15:51:30 - [TEST_STEP][PASSED] - println(imagePath): null

2019-10-03 15:51:30 - [TEST_STEP][PASSED] - takeScreenshot(imagePath): Taking screenshot successfully

2019-10-03 15:51:30 - [MESSAGE][PASSED] - Taking screenshot successfully
[[ATTACHMENT|C:\\Users\\user\\Documents\\testautomation\\KatalonProjects\\productImages\\BORetail_3864 image.png]]

2019-10-03 15:51:30 - [TEST_STEP][PASSED] - verifyElementText(findTestObject("Page_cabi Order Items/GetAttribute_getID"), styleid_data, CONTINUE_ON_FAILURE): Actual text and expected text of test object 'Object Repository/Page_cabi Order Items/GetAttribute_getID' are matched.

2019-10-03 15:51:30 - [MESSAGE][PASSED] - Actual text and expected text of test object 'Object Repository/Page_cabi Order Items/GetAttribute_getID' are matched.

2019-10-03 15:51:30 - [TEST_STEP][PASSED] - colorOptions = findWebElements(findTestObject("Page_cabi Order Items/GetAttribute_Color"), 5): null

2019-10-03 15:51:30 - [TEST_STEP][PASSED] - println(colorOptions.size()): null

2019-10-03 15:51:30 - [TEST_STEP][PASSED] - expectedColour = findTestData("productData").getValue("Color", row): null

2019-10-03 15:51:30 - [TEST_STEP][PASSED] - println("expected colour is"): null

2019-10-03 15:51:30 - [TEST_STEP][PASSED] - println(expectedColour): null

2019-10-03 15:51:30 - [TEST_STEP][PASSED] - colourVerified = false: null

2019-10-03 15:51:30 - [TEST_STEP][PASSED] - for (org.openqa.selenium.WebElement op : colorOptions): null

2019-10-03 15:51:30 - [TEST_STEP][PASSED] - println(op.getText()): null

2019-10-03 15:51:30 - [TEST_STEP][PASSED] - if (expectedColour.equalsIgnoreCase(op.getText())): null

2019-10-03 15:51:30 - [TEST_STEP][PASSED] - colourVerified = true: null

2019-10-03 15:51:30 - [TEST_STEP][PASSED] - break: null

2019-10-03 15:51:30 - [TEST_STEP][PASSED] - sa.assertTrue(colourVerified): null

2019-10-03 15:51:30 - [TEST_STEP][PASSED] - getPrice = getText(findTestObject("Page_cabi Order Items/GetAttribute_Price")): Text of object 'Object Repository/Page_cabi Order Items/GetAttribute_Price' is: 'Price : $79.00'

2019-10-03 15:51:30 - [MESSAGE][PASSED] - Text of object 'Object Repository/Page_cabi Order Items/GetAttribute_Price' is: 'Price : $79.00'

2019-10-03 15:51:30 - [TEST_STEP][PASSED] - Split_Data = UtilityMethods.SplitData(getPrice): null

2019-10-03 15:51:30 - [TEST_STEP][PASSED] - verifyMatch(Split_Data, findTestData("productData").getValue("Retail", row), true, CONTINUE_ON_FAILURE): Actual text '79' and expected text '79' are matched  using regular expression

2019-10-03 15:51:30 - [MESSAGE][PASSED] - Actual text '79' and expected text '79' are matched  using regular expression

2019-10-03 15:51:30 - [TEST_STEP][PASSED] - sizeRange1 = ["XXS", "XS", "S", "M", "L", "XL"]: null

2019-10-03 15:51:30 - [TEST_STEP][PASSED] - sizeRange2 = ["00", "0", "2", "4", "6", "8", "10", "12", "14", "16"]: null

2019-10-03 15:51:30 - [TEST_STEP][PASSED] - sizeRange3 = ["Long", "Regular", "Short"]: null

2019-10-03 15:51:30 - [TEST_STEP][PASSED] - sizeRange4 = ["5", "6", "6.5", "7", "7.5", "8", "8.5", "9", "9.5", "10", "11"]: null

2019-10-03 15:51:30 - [TEST_STEP][PASSED] - sizeRange5 = ["XS/S", "M/L"]: null

2019-10-03 15:51:30 - [TEST_STEP][PASSED] - sizeRangeSplit = UtilityMethods.SplitSizes(findTestData("productData").getValue("SzRange", row)): null

2019-10-03 15:51:30 - [TEST_STEP][PASSED] - sizeType = getText(findTestObject("Object Repository/Page_cabi Order Items/Size")): Text of object 'Object Repository/Page_cabi Order Items/Size' is: 'Select'

2019-10-03 15:51:30 - [MESSAGE][PASSED] - Text of object 'Object Repository/Page_cabi Order Items/Size' is: 'Select'

2019-10-03 15:51:30 - [TEST_STEP][PASSED] - sizeOptions = findWebElements(findTestObject("Object Repository/Page_cabi Order Items/Size"), 5): null

2019-10-03 15:51:30 - [TEST_STEP][PASSED] - actualRange = new java.util.ArrayList(): null

2019-10-03 15:51:30 - [TEST_STEP][PASSED] - expectedRange = <not implemented yet for class: org.codehaus.groovy.ast.expr.EmptyExpression>: null

2019-10-03 15:51:30 - [TEST_STEP][PASSED] - if (sizeType.equalsIgnoreCase("Select")): null

2019-10-03 15:51:30 - [TEST_STEP][PASSED] - for ([i = 1, i < sizeOptions.size(), (i++)]): null

2019-10-03 15:51:30 - [TEST_STEP][PASSED] - actualRange.add(getAttribute("value").toString()): null

2019-10-03 15:51:31 - [TEST_STEP][PASSED] - actualRange.add(getAttribute("value").toString()): null

2019-10-03 15:51:31 - [TEST_STEP][PASSED] - actualRange.add(getAttribute("value").toString()): null

2019-10-03 15:51:31 - [TEST_STEP][PASSED] - actualRange.add(getAttribute("value").toString()): null

2019-10-03 15:51:31 - [TEST_STEP][PASSED] - actualRange.add(getAttribute("value").toString()): null

2019-10-03 15:51:31 - [TEST_STEP][PASSED] - if (toString().equalsIgnoreCase("XS") || toString().equalsIgnoreCase("XXS")): null

2019-10-03 15:51:31 - [TEST_STEP][PASSED] - expectedRange = UtilityMethods.getExpectedRange(sizeRange1, sizeRangeSplit): null

2019-10-03 15:51:31 - [TEST_STEP][PASSED] - println("XS"): null

2019-10-03 15:51:31 - [TEST_STEP][PASSED] - println(expectedRange.toString()): null

2019-10-03 15:51:31 - [TEST_STEP][PASSED] - sa.assertTrue(UtilityMethods.listEquals(expectedRange, actualRange)): null

2019-10-03 15:51:31 - [TEST_STEP][PASSED] - delay(2): Delayed 2 second(s)

2019-10-03 15:51:33 - [MESSAGE][PASSED] - Delayed 2 second(s)

2019-10-03 15:51:33 - [TEST_STEP][PASSED] - verifyElementText(findTestObject("Page_cabi Order Items/product_title"), findTestData("productData").getValue("Description", row), CONTINUE_ON_FAILURE): Actual text and expected text of test object 'Object Repository/Page_cabi Order Items/product_title' are matched.

2019-10-03 15:51:33 - [MESSAGE][PASSED] - Actual text and expected text of test object 'Object Repository/Page_cabi Order Items/product_title' are matched.

2019-10-03 15:51:33 - [TEST_STEP][PASSED] - verifyElementText(findTestObject("Page_cabi Order Items/product_fabric"), findTestData("productData").getValue("FinalContent", row), CONTINUE_ON_FAILURE): Actual text and expected text of test object 'Object Repository/Page_cabi Order Items/product_fabric' are matched.

2019-10-03 15:51:33 - [MESSAGE][PASSED] - Actual text and expected text of test object 'Object Repository/Page_cabi Order Items/product_fabric' are matched.

2019-10-03 15:51:33 - [TEST_STEP][PASSED] - actualCasreIntrn = "<div>" + getText(findTestObject("Page_cabi Order Items/care_instruction")) + "</div>": Text of object 'Object Repository/Page_cabi Order Items/care_instruction' is: 'Machine wash separately, inside out, in cold water on the delicate cycle. Only non-chlorine bleach if needed. Lay flat to dry. Cool iron on the reverse side if needed. Can be dry cleaned.'

2019-10-03 15:51:33 - [MESSAGE][PASSED] - Text of object 'Object Repository/Page_cabi Order Items/care_instruction' is: 'Machine wash separately, inside out, in cold water on the delicate cycle. Only non-chlorine bleach if needed. Lay flat to dry. Cool iron on the reverse side if needed. Can be dry cleaned.'

2019-10-03 15:51:33 - [TEST_STEP][PASSED] - sa.assertTrue(actualCasreIntrn.equals(findTestData("productData").getValue("CareInstr", row))): null

2019-10-03 15:51:33 - [TEST_STEP][PASSED] - sa = new org.testng.asserts.SoftAssert(): null

2019-10-03 15:51:33 - [TEST_STEP][PASSED] - styleid_data = findTestData("productData").getValue("Style", row): null

2019-10-03 15:51:33 - [TEST_STEP][PASSED] - println("******************+++++++++++++++++++**********************************************"): null

2019-10-03 15:51:33 - [TEST_STEP][PASSED] - println(styleid_data): null

2019-10-03 15:51:33 - [TEST_STEP][PASSED] - by = By.xpath("//input[@name='style']"): null

2019-10-03 15:51:33 - [TEST_STEP][PASSED] - styleWe = UtilityMethods.getElementByLocator(by, driver): null

2019-10-03 15:51:33 - [TEST_STEP][PASSED] - to = UtilityMethods.fromElement(styleWe): null

2019-10-03 15:51:33 - [TEST_STEP][PASSED] - setText(to, styleid_data): Text '3865' is set on object ''

2019-10-03 15:51:33 - [MESSAGE][PASSED] - Text '3865' is set on object ''

2019-10-03 15:51:33 - [TEST_STEP][PASSED] - sendKeys(to, Keys.chord(ENTER)): Keys 'ENTER + ' sent to object: ''

2019-10-03 15:51:33 - [MESSAGE][PASSED] - Keys 'ENTER + ' sent to object: ''

2019-10-03 15:51:33 - [TEST_STEP][PASSED] - delay(2): Delayed 2 second(s)

2019-10-03 15:51:35 - [MESSAGE][PASSED] - Delayed 2 second(s)

2019-10-03 15:51:35 - [TEST_STEP][PASSED] - delay(2): Delayed 2 second(s)

2019-10-03 15:51:37 - [MESSAGE][PASSED] - Delayed 2 second(s)

2019-10-03 15:51:37 - [TEST_STEP][PASSED] - if (toString().equalsIgnoreCase("no")): null

2019-10-03 15:51:37 - [TEST_STEP][PASSED] - else: null

2019-10-03 15:51:37 - [TEST_STEP][PASSED] - click(findTestObject("Page_cabi Order Items/li_order_item")): Object: 'Object Repository/Page_cabi Order Items/li_order_item' is clicked on

2019-10-03 15:51:37 - [MESSAGE][PASSED] - Object: 'Object Repository/Page_cabi Order Items/li_order_item' is clicked on

2019-10-03 15:51:37 - [TEST_STEP][PASSED] - delay(5): Delayed 5 second(s)

2019-10-03 15:51:42 - [MESSAGE][PASSED] - Delayed 5 second(s)

2019-10-03 15:51:42 - [TEST_STEP][PASSED] - imagePath = UtilityMethods.createScreenshotImagePath(storeType, styleid_data): null

2019-10-03 15:51:42 - [TEST_STEP][PASSED] - println(imagePath): null

2019-10-03 15:51:42 - [TEST_STEP][PASSED] - takeScreenshot(imagePath): Taking screenshot successfully

2019-10-03 15:51:43 - [MESSAGE][PASSED] - Taking screenshot successfully
[[ATTACHMENT|C:\\Users\\user\\Documents\\testautomation\\KatalonProjects\\productImages\\BORetail_3865 image.png]]

2019-10-03 15:51:43 - [TEST_STEP][PASSED] - verifyElementText(findTestObject("Page_cabi Order Items/GetAttribute_getID"), styleid_data, CONTINUE_ON_FAILURE): Actual text and expected text of test object 'Object Repository/Page_cabi Order Items/GetAttribute_getID' are matched.

2019-10-03 15:51:43 - [MESSAGE][PASSED] - Actual text and expected text of test object 'Object Repository/Page_cabi Order Items/GetAttribute_getID' are matched.

2019-10-03 15:51:43 - [TEST_STEP][PASSED] - colorOptions = findWebElements(findTestObject("Page_cabi Order Items/GetAttribute_Color"), 5): null

2019-10-03 15:51:43 - [TEST_STEP][PASSED] - println(colorOptions.size()): null

2019-10-03 15:51:43 - [TEST_STEP][PASSED] - expectedColour = findTestData("productData").getValue("Color", row): null

2019-10-03 15:51:43 - [TEST_STEP][PASSED] - println("expected colour is"): null

2019-10-03 15:51:43 - [TEST_STEP][PASSED] - println(expectedColour): null

2019-10-03 15:51:43 - [TEST_STEP][PASSED] - colourVerified = false: null

2019-10-03 15:51:43 - [TEST_STEP][PASSED] - for (org.openqa.selenium.WebElement op : colorOptions): null

2019-10-03 15:51:43 - [TEST_STEP][PASSED] - println(op.getText()): null

2019-10-03 15:51:43 - [TEST_STEP][PASSED] - if (expectedColour.equalsIgnoreCase(op.getText())): null

2019-10-03 15:51:43 - [TEST_STEP][PASSED] - colourVerified = true: null

2019-10-03 15:51:43 - [TEST_STEP][PASSED] - break: null

2019-10-03 15:51:43 - [TEST_STEP][PASSED] - sa.assertTrue(colourVerified): null

2019-10-03 15:51:43 - [TEST_STEP][PASSED] - getPrice = getText(findTestObject("Page_cabi Order Items/GetAttribute_Price")): Text of object 'Object Repository/Page_cabi Order Items/GetAttribute_Price' is: 'Price : $89.00'

2019-10-03 15:51:43 - [MESSAGE][PASSED] - Text of object 'Object Repository/Page_cabi Order Items/GetAttribute_Price' is: 'Price : $89.00'

2019-10-03 15:51:43 - [TEST_STEP][PASSED] - Split_Data = UtilityMethods.SplitData(getPrice): null

2019-10-03 15:51:43 - [TEST_STEP][PASSED] - verifyMatch(Split_Data, findTestData("productData").getValue("Retail", row), true, CONTINUE_ON_FAILURE): Actual text '89' and expected text '89' are matched  using regular expression

2019-10-03 15:51:43 - [MESSAGE][PASSED] - Actual text '89' and expected text '89' are matched  using regular expression

2019-10-03 15:51:43 - [TEST_STEP][PASSED] - sizeRange1 = ["XXS", "XS", "S", "M", "L", "XL"]: null

2019-10-03 15:51:43 - [TEST_STEP][PASSED] - sizeRange2 = ["00", "0", "2", "4", "6", "8", "10", "12", "14", "16"]: null

2019-10-03 15:51:43 - [TEST_STEP][PASSED] - sizeRange3 = ["Long", "Regular", "Short"]: null

2019-10-03 15:51:43 - [TEST_STEP][PASSED] - sizeRange4 = ["5", "6", "6.5", "7", "7.5", "8", "8.5", "9", "9.5", "10", "11"]: null

2019-10-03 15:51:43 - [TEST_STEP][PASSED] - sizeRange5 = ["XS/S", "M/L"]: null

2019-10-03 15:51:43 - [TEST_STEP][PASSED] - sizeRangeSplit = UtilityMethods.SplitSizes(findTestData("productData").getValue("SzRange", row)): null

2019-10-03 15:51:43 - [TEST_STEP][PASSED] - sizeType = getText(findTestObject("Object Repository/Page_cabi Order Items/Size")): Text of object 'Object Repository/Page_cabi Order Items/Size' is: 'Select'

2019-10-03 15:51:43 - [MESSAGE][PASSED] - Text of object 'Object Repository/Page_cabi Order Items/Size' is: 'Select'

2019-10-03 15:51:43 - [TEST_STEP][PASSED] - sizeOptions = findWebElements(findTestObject("Object Repository/Page_cabi Order Items/Size"), 5): null

2019-10-03 15:51:43 - [TEST_STEP][PASSED] - actualRange = new java.util.ArrayList(): null

2019-10-03 15:51:43 - [TEST_STEP][PASSED] - expectedRange = <not implemented yet for class: org.codehaus.groovy.ast.expr.EmptyExpression>: null

2019-10-03 15:51:43 - [TEST_STEP][PASSED] - if (sizeType.equalsIgnoreCase("Select")): null

2019-10-03 15:51:43 - [TEST_STEP][PASSED] - for ([i = 1, i < sizeOptions.size(), (i++)]): null

2019-10-03 15:51:43 - [TEST_STEP][PASSED] - actualRange.add(getAttribute("value").toString()): null

2019-10-03 15:51:43 - [TEST_STEP][PASSED] - actualRange.add(getAttribute("value").toString()): null

2019-10-03 15:51:43 - [TEST_STEP][PASSED] - actualRange.add(getAttribute("value").toString()): null

2019-10-03 15:51:43 - [TEST_STEP][PASSED] - actualRange.add(getAttribute("value").toString()): null

2019-10-03 15:51:43 - [TEST_STEP][PASSED] - actualRange.add(getAttribute("value").toString()): null

2019-10-03 15:51:43 - [TEST_STEP][PASSED] - if (toString().equalsIgnoreCase("XS") || toString().equalsIgnoreCase("XXS")): null

2019-10-03 15:51:43 - [TEST_STEP][PASSED] - expectedRange = UtilityMethods.getExpectedRange(sizeRange1, sizeRangeSplit): null

2019-10-03 15:51:43 - [TEST_STEP][PASSED] - println("XS"): null

2019-10-03 15:51:43 - [TEST_STEP][PASSED] - println(expectedRange.toString()): null

2019-10-03 15:51:43 - [TEST_STEP][PASSED] - sa.assertTrue(UtilityMethods.listEquals(expectedRange, actualRange)): null

2019-10-03 15:51:43 - [TEST_STEP][PASSED] - delay(2): Delayed 2 second(s)

2019-10-03 15:51:45 - [MESSAGE][PASSED] - Delayed 2 second(s)

2019-10-03 15:51:45 - [TEST_STEP][PASSED] - verifyElementText(findTestObject("Page_cabi Order Items/product_title"), findTestData("productData").getValue("Description", row), CONTINUE_ON_FAILURE): Actual text and expected text of test object 'Object Repository/Page_cabi Order Items/product_title' are matched.

2019-10-03 15:51:45 - [MESSAGE][PASSED] - Actual text and expected text of test object 'Object Repository/Page_cabi Order Items/product_title' are matched.

2019-10-03 15:51:45 - [TEST_STEP][PASSED] - verifyElementText(findTestObject("Page_cabi Order Items/product_fabric"), findTestData("productData").getValue("FinalContent", row), CONTINUE_ON_FAILURE): Actual text and expected text of test object 'Object Repository/Page_cabi Order Items/product_fabric' are matched.

2019-10-03 15:51:45 - [MESSAGE][PASSED] - Actual text and expected text of test object 'Object Repository/Page_cabi Order Items/product_fabric' are matched.

2019-10-03 15:51:45 - [TEST_STEP][PASSED] - actualCasreIntrn = "<div>" + getText(findTestObject("Page_cabi Order Items/care_instruction")) + "</div>": Text of object 'Object Repository/Page_cabi Order Items/care_instruction' is: 'Machine wash with like colors in cold water on the delicate cycle. Only non-chlorine bleach if needed. Lay flat to dry. Warm iron if needed.'

2019-10-03 15:51:45 - [MESSAGE][PASSED] - Text of object 'Object Repository/Page_cabi Order Items/care_instruction' is: 'Machine wash with like colors in cold water on the delicate cycle. Only non-chlorine bleach if needed. Lay flat to dry. Warm iron if needed.'

2019-10-03 15:51:45 - [TEST_STEP][PASSED] - sa.assertTrue(actualCasreIntrn.equals(findTestData("productData").getValue("CareInstr", row))): null

2019-10-03 15:51:45 - [TEST_STEP][PASSED] - sa = new org.testng.asserts.SoftAssert(): null

2019-10-03 15:51:45 - [TEST_STEP][PASSED] - styleid_data = findTestData("productData").getValue("Style", row): null

2019-10-03 15:51:45 - [TEST_STEP][PASSED] - println("******************+++++++++++++++++++**********************************************"): null

2019-10-03 15:51:45 - [TEST_STEP][PASSED] - println(styleid_data): null

2019-10-03 15:51:45 - [TEST_STEP][PASSED] - by = By.xpath("//input[@name='style']"): null

2019-10-03 15:51:45 - [TEST_STEP][PASSED] - styleWe = UtilityMethods.getElementByLocator(by, driver): null

2019-10-03 15:51:45 - [TEST_STEP][PASSED] - to = UtilityMethods.fromElement(styleWe): null

2019-10-03 15:51:45 - [TEST_STEP][PASSED] - setText(to, styleid_data): Text '3869' is set on object ''

2019-10-03 15:51:46 - [MESSAGE][PASSED] - Text '3869' is set on object ''

2019-10-03 15:51:46 - [TEST_STEP][PASSED] - sendKeys(to, Keys.chord(ENTER)): Keys 'ENTER + ' sent to object: ''

2019-10-03 15:51:46 - [MESSAGE][PASSED] - Keys 'ENTER + ' sent to object: ''

2019-10-03 15:51:46 - [TEST_STEP][PASSED] - delay(2): Delayed 2 second(s)

2019-10-03 15:51:48 - [MESSAGE][PASSED] - Delayed 2 second(s)

2019-10-03 15:51:48 - [TEST_STEP][PASSED] - delay(2): Delayed 2 second(s)

2019-10-03 15:51:50 - [MESSAGE][PASSED] - Delayed 2 second(s)

2019-10-03 15:51:50 - [TEST_STEP][PASSED] - if (toString().equalsIgnoreCase("no")): null

2019-10-03 15:51:50 - [TEST_STEP][PASSED] - else: null

2019-10-03 15:51:50 - [TEST_STEP][PASSED] - click(findTestObject("Page_cabi Order Items/li_order_item")): Object: 'Object Repository/Page_cabi Order Items/li_order_item' is clicked on

2019-10-03 15:51:50 - [MESSAGE][PASSED] - Object: 'Object Repository/Page_cabi Order Items/li_order_item' is clicked on

2019-10-03 15:51:50 - [TEST_STEP][PASSED] - delay(5): Delayed 5 second(s)

2019-10-03 15:51:55 - [MESSAGE][PASSED] - Delayed 5 second(s)

2019-10-03 15:51:55 - [TEST_STEP][PASSED] - imagePath = UtilityMethods.createScreenshotImagePath(storeType, styleid_data): null

2019-10-03 15:51:55 - [TEST_STEP][PASSED] - println(imagePath): null

2019-10-03 15:51:55 - [TEST_STEP][PASSED] - takeScreenshot(imagePath): Taking screenshot successfully

2019-10-03 15:51:55 - [MESSAGE][PASSED] - Taking screenshot successfully
[[ATTACHMENT|C:\\Users\\user\\Documents\\testautomation\\KatalonProjects\\productImages\\BORetail_3869 image.png]]

2019-10-03 15:51:55 - [TEST_STEP][PASSED] - verifyElementText(findTestObject("Page_cabi Order Items/GetAttribute_getID"), styleid_data, CONTINUE_ON_FAILURE): Actual text and expected text of test object 'Object Repository/Page_cabi Order Items/GetAttribute_getID' are matched.

2019-10-03 15:51:55 - [MESSAGE][PASSED] - Actual text and expected text of test object 'Object Repository/Page_cabi Order Items/GetAttribute_getID' are matched.

2019-10-03 15:51:55 - [TEST_STEP][PASSED] - colorOptions = findWebElements(findTestObject("Page_cabi Order Items/GetAttribute_Color"), 5): null

2019-10-03 15:51:55 - [TEST_STEP][PASSED] - println(colorOptions.size()): null

2019-10-03 15:51:55 - [TEST_STEP][PASSED] - expectedColour = findTestData("productData").getValue("Color", row): null

2019-10-03 15:51:55 - [TEST_STEP][PASSED] - println("expected colour is"): null

2019-10-03 15:51:55 - [TEST_STEP][PASSED] - println(expectedColour): null

2019-10-03 15:51:55 - [TEST_STEP][PASSED] - colourVerified = false: null

2019-10-03 15:51:55 - [TEST_STEP][PASSED] - for (org.openqa.selenium.WebElement op : colorOptions): null

2019-10-03 15:51:55 - [TEST_STEP][PASSED] - println(op.getText()): null

2019-10-03 15:51:55 - [TEST_STEP][PASSED] - if (expectedColour.equalsIgnoreCase(op.getText())): null

2019-10-03 15:51:55 - [TEST_STEP][PASSED] - sa.assertTrue(colourVerified): null

2019-10-03 15:51:55 - [TEST_STEP][PASSED] - getPrice = getText(findTestObject("Page_cabi Order Items/GetAttribute_Price")): Text of object 'Object Repository/Page_cabi Order Items/GetAttribute_Price' is: 'Price : $94.00'

2019-10-03 15:51:55 - [MESSAGE][PASSED] - Text of object 'Object Repository/Page_cabi Order Items/GetAttribute_Price' is: 'Price : $94.00'

2019-10-03 15:51:55 - [TEST_STEP][PASSED] - Split_Data = UtilityMethods.SplitData(getPrice): null

2019-10-03 15:51:55 - [TEST_STEP][PASSED] - verifyMatch(Split_Data, findTestData("productData").getValue("Retail", row), true, CONTINUE_ON_FAILURE): Actual text '94' and expected text '94' are matched  using regular expression

2019-10-03 15:51:55 - [MESSAGE][PASSED] - Actual text '94' and expected text '94' are matched  using regular expression

2019-10-03 15:51:55 - [TEST_STEP][PASSED] - sizeRange1 = ["XXS", "XS", "S", "M", "L", "XL"]: null

2019-10-03 15:51:55 - [TEST_STEP][PASSED] - sizeRange2 = ["00", "0", "2", "4", "6", "8", "10", "12", "14", "16"]: null

2019-10-03 15:51:55 - [TEST_STEP][PASSED] - sizeRange3 = ["Long", "Regular", "Short"]: null

2019-10-03 15:51:55 - [TEST_STEP][PASSED] - sizeRange4 = ["5", "6", "6.5", "7", "7.5", "8", "8.5", "9", "9.5", "10", "11"]: null

2019-10-03 15:51:55 - [TEST_STEP][PASSED] - sizeRange5 = ["XS/S", "M/L"]: null

2019-10-03 15:51:55 - [TEST_STEP][PASSED] - sizeRangeSplit = UtilityMethods.SplitSizes(findTestData("productData").getValue("SzRange", row)): null

2019-10-03 15:51:55 - [TEST_STEP][PASSED] - sizeType = getText(findTestObject("Object Repository/Page_cabi Order Items/Size")): Text of object 'Object Repository/Page_cabi Order Items/Size' is: 'N/A'

2019-10-03 15:51:56 - [MESSAGE][PASSED] - Text of object 'Object Repository/Page_cabi Order Items/Size' is: 'N/A'

2019-10-03 15:51:56 - [TEST_STEP][PASSED] - sizeOptions = findWebElements(findTestObject("Object Repository/Page_cabi Order Items/Size"), 5): null

2019-10-03 15:51:56 - [TEST_STEP][PASSED] - actualRange = new java.util.ArrayList(): null

2019-10-03 15:51:56 - [TEST_STEP][PASSED] - expectedRange = <not implemented yet for class: org.codehaus.groovy.ast.expr.EmptyExpression>: null

2019-10-03 15:51:56 - [TEST_STEP][PASSED] - if (sizeType.equalsIgnoreCase("Select")): null

2019-10-03 15:51:56 - [TEST_STEP][PASSED] - else: null

2019-10-03 15:51:56 - [TEST_STEP][PASSED] - sa.assertTrue(sizeType.equalsIgnoreCase("N/A") || sizeType.equalsIgnoreCase(sizeRangeSplit[0])): null

2019-10-03 15:51:56 - [TEST_STEP][PASSED] - delay(2): Delayed 2 second(s)

2019-10-03 15:51:58 - [MESSAGE][PASSED] - Delayed 2 second(s)

2019-10-03 15:51:58 - [TEST_STEP][PASSED] - verifyElementText(findTestObject("Page_cabi Order Items/product_title"), findTestData("productData").getValue("Description", row), CONTINUE_ON_FAILURE): Actual text and expected text of test object 'Object Repository/Page_cabi Order Items/product_title' are matched.

2019-10-03 15:51:58 - [MESSAGE][PASSED] - Actual text and expected text of test object 'Object Repository/Page_cabi Order Items/product_title' are matched.

2019-10-03 15:51:58 - [TEST_STEP][PASSED] - verifyElementText(findTestObject("Page_cabi Order Items/product_fabric"), findTestData("productData").getValue("FinalContent", row), CONTINUE_ON_FAILURE): Actual text and expected text of test object 'Object Repository/Page_cabi Order Items/product_fabric' are matched.

2019-10-03 15:51:58 - [MESSAGE][PASSED] - Actual text and expected text of test object 'Object Repository/Page_cabi Order Items/product_fabric' are matched.

2019-10-03 15:51:58 - [TEST_STEP][PASSED] - actualCasreIntrn = "<div>" + getText(findTestObject("Page_cabi Order Items/care_instruction")) + "</div>": Text of object 'Object Repository/Page_cabi Order Items/care_instruction' is: 'Wash by hand separately with cold water. Only non-chlorine bleach if needed. Do not twist or wring. Lay flat to dry. Steam iron only if needed. Can be dry cleaned.'

2019-10-03 15:51:58 - [MESSAGE][PASSED] - Text of object 'Object Repository/Page_cabi Order Items/care_instruction' is: 'Wash by hand separately with cold water. Only non-chlorine bleach if needed. Do not twist or wring. Lay flat to dry. Steam iron only if needed. Can be dry cleaned.'

2019-10-03 15:51:58 - [TEST_STEP][PASSED] - sa.assertTrue(actualCasreIntrn.equals(findTestData("productData").getValue("CareInstr", row))): null

2019-10-03 15:51:58 - [TEST_STEP][PASSED] - sa = new org.testng.asserts.SoftAssert(): null

2019-10-03 15:51:58 - [TEST_STEP][PASSED] - styleid_data = findTestData("productData").getValue("Style", row): null

2019-10-03 15:51:58 - [TEST_STEP][PASSED] - println("******************+++++++++++++++++++**********************************************"): null

2019-10-03 15:51:58 - [TEST_STEP][PASSED] - println(styleid_data): null

2019-10-03 15:51:58 - [TEST_STEP][PASSED] - by = By.xpath("//input[@name='style']"): null

2019-10-03 15:51:58 - [TEST_STEP][PASSED] - styleWe = UtilityMethods.getElementByLocator(by, driver): null

2019-10-03 15:51:58 - [TEST_STEP][PASSED] - to = UtilityMethods.fromElement(styleWe): null

2019-10-03 15:51:58 - [TEST_STEP][PASSED] - setText(to, styleid_data): Text '3870' is set on object ''

2019-10-03 15:51:58 - [MESSAGE][PASSED] - Text '3870' is set on object ''

2019-10-03 15:51:58 - [TEST_STEP][PASSED] - sendKeys(to, Keys.chord(ENTER)): Keys 'ENTER + ' sent to object: ''

2019-10-03 15:51:58 - [MESSAGE][PASSED] - Keys 'ENTER + ' sent to object: ''

2019-10-03 15:51:58 - [TEST_STEP][PASSED] - delay(2): Delayed 2 second(s)

2019-10-03 15:52:00 - [MESSAGE][PASSED] - Delayed 2 second(s)

2019-10-03 15:52:00 - [TEST_STEP][PASSED] - delay(2): Delayed 2 second(s)

2019-10-03 15:52:02 - [MESSAGE][PASSED] - Delayed 2 second(s)

2019-10-03 15:52:02 - [TEST_STEP][PASSED] - if (toString().equalsIgnoreCase("no")): null

2019-10-03 15:52:02 - [TEST_STEP][PASSED] - else: null

2019-10-03 15:52:02 - [TEST_STEP][PASSED] - click(findTestObject("Page_cabi Order Items/li_order_item")): Object: 'Object Repository/Page_cabi Order Items/li_order_item' is clicked on

2019-10-03 15:52:02 - [MESSAGE][PASSED] - Object: 'Object Repository/Page_cabi Order Items/li_order_item' is clicked on

2019-10-03 15:52:02 - [TEST_STEP][PASSED] - delay(5): Delayed 5 second(s)

2019-10-03 15:52:07 - [MESSAGE][PASSED] - Delayed 5 second(s)

2019-10-03 15:52:07 - [TEST_STEP][PASSED] - imagePath = UtilityMethods.createScreenshotImagePath(storeType, styleid_data): null

2019-10-03 15:52:07 - [TEST_STEP][PASSED] - println(imagePath): null

2019-10-03 15:52:07 - [TEST_STEP][PASSED] - takeScreenshot(imagePath): Taking screenshot successfully

2019-10-03 15:52:08 - [MESSAGE][PASSED] - Taking screenshot successfully
[[ATTACHMENT|C:\\Users\\user\\Documents\\testautomation\\KatalonProjects\\productImages\\BORetail_3870 image.png]]

2019-10-03 15:52:08 - [TEST_STEP][PASSED] - verifyElementText(findTestObject("Page_cabi Order Items/GetAttribute_getID"), styleid_data, CONTINUE_ON_FAILURE): Actual text and expected text of test object 'Object Repository/Page_cabi Order Items/GetAttribute_getID' are matched.

2019-10-03 15:52:08 - [MESSAGE][PASSED] - Actual text and expected text of test object 'Object Repository/Page_cabi Order Items/GetAttribute_getID' are matched.

2019-10-03 15:52:08 - [TEST_STEP][PASSED] - colorOptions = findWebElements(findTestObject("Page_cabi Order Items/GetAttribute_Color"), 5): null

2019-10-03 15:52:08 - [TEST_STEP][PASSED] - println(colorOptions.size()): null

2019-10-03 15:52:08 - [TEST_STEP][PASSED] - expectedColour = findTestData("productData").getValue("Color", row): null

2019-10-03 15:52:08 - [TEST_STEP][PASSED] - println("expected colour is"): null

2019-10-03 15:52:08 - [TEST_STEP][PASSED] - println(expectedColour): null

2019-10-03 15:52:08 - [TEST_STEP][PASSED] - colourVerified = false: null

2019-10-03 15:52:08 - [TEST_STEP][PASSED] - for (org.openqa.selenium.WebElement op : colorOptions): null

2019-10-03 15:52:08 - [TEST_STEP][PASSED] - println(op.getText()): null

2019-10-03 15:52:08 - [TEST_STEP][PASSED] - if (expectedColour.equalsIgnoreCase(op.getText())): null

2019-10-03 15:52:08 - [TEST_STEP][PASSED] - colourVerified = true: null

2019-10-03 15:52:08 - [TEST_STEP][PASSED] - break: null

2019-10-03 15:52:08 - [TEST_STEP][PASSED] - sa.assertTrue(colourVerified): null

2019-10-03 15:52:08 - [TEST_STEP][PASSED] - getPrice = getText(findTestObject("Page_cabi Order Items/GetAttribute_Price")): Text of object 'Object Repository/Page_cabi Order Items/GetAttribute_Price' is: 'Price : $109.00'

2019-10-03 15:52:08 - [MESSAGE][PASSED] - Text of object 'Object Repository/Page_cabi Order Items/GetAttribute_Price' is: 'Price : $109.00'

2019-10-03 15:52:08 - [TEST_STEP][PASSED] - Split_Data = UtilityMethods.SplitData(getPrice): null

2019-10-03 15:52:08 - [TEST_STEP][PASSED] - verifyMatch(Split_Data, findTestData("productData").getValue("Retail", row), true, CONTINUE_ON_FAILURE): Actual text '109' and expected text '109' are matched  using regular expression

2019-10-03 15:52:08 - [MESSAGE][PASSED] - Actual text '109' and expected text '109' are matched  using regular expression

2019-10-03 15:52:08 - [TEST_STEP][PASSED] - sizeRange1 = ["XXS", "XS", "S", "M", "L", "XL"]: null

2019-10-03 15:52:08 - [TEST_STEP][PASSED] - sizeRange2 = ["00", "0", "2", "4", "6", "8", "10", "12", "14", "16"]: null

2019-10-03 15:52:08 - [TEST_STEP][PASSED] - sizeRange3 = ["Long", "Regular", "Short"]: null

2019-10-03 15:52:08 - [TEST_STEP][PASSED] - sizeRange4 = ["5", "6", "6.5", "7", "7.5", "8", "8.5", "9", "9.5", "10", "11"]: null

2019-10-03 15:52:08 - [TEST_STEP][PASSED] - sizeRange5 = ["XS/S", "M/L"]: null

2019-10-03 15:52:08 - [TEST_STEP][PASSED] - sizeRangeSplit = UtilityMethods.SplitSizes(findTestData("productData").getValue("SzRange", row)): null

2019-10-03 15:52:08 - [TEST_STEP][PASSED] - sizeType = getText(findTestObject("Object Repository/Page_cabi Order Items/Size")): Text of object 'Object Repository/Page_cabi Order Items/Size' is: 'Select'

2019-10-03 15:52:08 - [MESSAGE][PASSED] - Text of object 'Object Repository/Page_cabi Order Items/Size' is: 'Select'

2019-10-03 15:52:08 - [TEST_STEP][PASSED] - sizeOptions = findWebElements(findTestObject("Object Repository/Page_cabi Order Items/Size"), 5): null

2019-10-03 15:52:08 - [TEST_STEP][PASSED] - actualRange = new java.util.ArrayList(): null

2019-10-03 15:52:08 - [TEST_STEP][PASSED] - expectedRange = <not implemented yet for class: org.codehaus.groovy.ast.expr.EmptyExpression>: null

2019-10-03 15:52:08 - [TEST_STEP][PASSED] - if (sizeType.equalsIgnoreCase("Select")): null

2019-10-03 15:52:08 - [TEST_STEP][PASSED] - for ([i = 1, i < sizeOptions.size(), (i++)]): null

2019-10-03 15:52:08 - [TEST_STEP][PASSED] - actualRange.add(getAttribute("value").toString()): null

2019-10-03 15:52:08 - [TEST_STEP][PASSED] - actualRange.add(getAttribute("value").toString()): null

2019-10-03 15:52:08 - [TEST_STEP][PASSED] - actualRange.add(getAttribute("value").toString()): null

2019-10-03 15:52:08 - [TEST_STEP][PASSED] - actualRange.add(getAttribute("value").toString()): null

2019-10-03 15:52:08 - [TEST_STEP][PASSED] - actualRange.add(getAttribute("value").toString()): null

2019-10-03 15:52:08 - [TEST_STEP][PASSED] - if (toString().equalsIgnoreCase("XS") || toString().equalsIgnoreCase("XXS")): null

2019-10-03 15:52:08 - [TEST_STEP][PASSED] - expectedRange = UtilityMethods.getExpectedRange(sizeRange1, sizeRangeSplit): null

2019-10-03 15:52:08 - [TEST_STEP][PASSED] - println("XS"): null

2019-10-03 15:52:08 - [TEST_STEP][PASSED] - println(expectedRange.toString()): null

2019-10-03 15:52:08 - [TEST_STEP][PASSED] - sa.assertTrue(UtilityMethods.listEquals(expectedRange, actualRange)): null

2019-10-03 15:52:08 - [TEST_STEP][PASSED] - delay(2): Delayed 2 second(s)

2019-10-03 15:52:10 - [MESSAGE][PASSED] - Delayed 2 second(s)

2019-10-03 15:52:10 - [TEST_STEP][PASSED] - verifyElementText(findTestObject("Page_cabi Order Items/product_title"), findTestData("productData").getValue("Description", row), CONTINUE_ON_FAILURE): Actual text and expected text of test object 'Object Repository/Page_cabi Order Items/product_title' are matched.

2019-10-03 15:52:10 - [MESSAGE][PASSED] - Actual text and expected text of test object 'Object Repository/Page_cabi Order Items/product_title' are matched.

2019-10-03 15:52:10 - [TEST_STEP][PASSED] - verifyElementText(findTestObject("Page_cabi Order Items/product_fabric"), findTestData("productData").getValue("FinalContent", row), CONTINUE_ON_FAILURE): Actual text and expected text of test object 'Object Repository/Page_cabi Order Items/product_fabric' are matched.

2019-10-03 15:52:10 - [MESSAGE][PASSED] - Actual text and expected text of test object 'Object Repository/Page_cabi Order Items/product_fabric' are matched.

2019-10-03 15:52:10 - [TEST_STEP][PASSED] - actualCasreIntrn = "<div>" + getText(findTestObject("Page_cabi Order Items/care_instruction")) + "</div>": Text of object 'Object Repository/Page_cabi Order Items/care_instruction' is: 'Turn garment inside out and place in a mesh bag. Machine wash separately in cold water on the delicate cycle. Only non-chlorine bleach if needed. Do not twist or wring. Lay flat to dry. Warm iron if needed. Can be dry cleaned.'

2019-10-03 15:52:10 - [MESSAGE][PASSED] - Text of object 'Object Repository/Page_cabi Order Items/care_instruction' is: 'Turn garment inside out and place in a mesh bag. Machine wash separately in cold water on the delicate cycle. Only non-chlorine bleach if needed. Do not twist or wring. Lay flat to dry. Warm iron if needed. Can be dry cleaned.'

2019-10-03 15:52:10 - [TEST_STEP][PASSED] - sa.assertTrue(actualCasreIntrn.equals(findTestData("productData").getValue("CareInstr", row))): null

2019-10-03 15:52:10 - [TEST_STEP][PASSED] - sa = new org.testng.asserts.SoftAssert(): null

2019-10-03 15:52:10 - [TEST_STEP][PASSED] - styleid_data = findTestData("productData").getValue("Style", row): null

2019-10-03 15:52:10 - [TEST_STEP][PASSED] - println("******************+++++++++++++++++++**********************************************"): null

2019-10-03 15:52:10 - [TEST_STEP][PASSED] - println(styleid_data): null

2019-10-03 15:52:10 - [TEST_STEP][PASSED] - by = By.xpath("//input[@name='style']"): null

2019-10-03 15:52:10 - [TEST_STEP][PASSED] - styleWe = UtilityMethods.getElementByLocator(by, driver): null

2019-10-03 15:52:10 - [TEST_STEP][PASSED] - to = UtilityMethods.fromElement(styleWe): null

2019-10-03 15:52:10 - [TEST_STEP][PASSED] - setText(to, styleid_data): Text '3871' is set on object ''

2019-10-03 15:52:11 - [MESSAGE][PASSED] - Text '3871' is set on object ''

2019-10-03 15:52:11 - [TEST_STEP][PASSED] - sendKeys(to, Keys.chord(ENTER)): Keys 'ENTER + ' sent to object: ''

2019-10-03 15:52:11 - [MESSAGE][PASSED] - Keys 'ENTER + ' sent to object: ''

2019-10-03 15:52:11 - [TEST_STEP][PASSED] - delay(2): Delayed 2 second(s)

2019-10-03 15:52:13 - [MESSAGE][PASSED] - Delayed 2 second(s)

2019-10-03 15:52:13 - [TEST_STEP][PASSED] - delay(2): Delayed 2 second(s)

2019-10-03 15:52:15 - [MESSAGE][PASSED] - Delayed 2 second(s)

2019-10-03 15:52:15 - [TEST_STEP][PASSED] - if (toString().equalsIgnoreCase("no")): null

2019-10-03 15:52:15 - [TEST_STEP][PASSED] - else: null

2019-10-03 15:52:15 - [TEST_STEP][PASSED] - click(findTestObject("Page_cabi Order Items/li_order_item")): Object: 'Object Repository/Page_cabi Order Items/li_order_item' is clicked on

2019-10-03 15:52:15 - [MESSAGE][PASSED] - Object: 'Object Repository/Page_cabi Order Items/li_order_item' is clicked on

2019-10-03 15:52:15 - [TEST_STEP][PASSED] - delay(5): Delayed 5 second(s)

2019-10-03 15:52:20 - [MESSAGE][PASSED] - Delayed 5 second(s)

2019-10-03 15:52:20 - [TEST_STEP][PASSED] - imagePath = UtilityMethods.createScreenshotImagePath(storeType, styleid_data): null

2019-10-03 15:52:20 - [TEST_STEP][PASSED] - println(imagePath): null

2019-10-03 15:52:20 - [TEST_STEP][PASSED] - takeScreenshot(imagePath): Taking screenshot successfully

2019-10-03 15:52:20 - [MESSAGE][PASSED] - Taking screenshot successfully
[[ATTACHMENT|C:\\Users\\user\\Documents\\testautomation\\KatalonProjects\\productImages\\BORetail_3871 image.png]]

2019-10-03 15:52:20 - [TEST_STEP][PASSED] - verifyElementText(findTestObject("Page_cabi Order Items/GetAttribute_getID"), styleid_data, CONTINUE_ON_FAILURE): Actual text and expected text of test object 'Object Repository/Page_cabi Order Items/GetAttribute_getID' are matched.

2019-10-03 15:52:20 - [MESSAGE][PASSED] - Actual text and expected text of test object 'Object Repository/Page_cabi Order Items/GetAttribute_getID' are matched.

2019-10-03 15:52:20 - [TEST_STEP][PASSED] - colorOptions = findWebElements(findTestObject("Page_cabi Order Items/GetAttribute_Color"), 5): null

2019-10-03 15:52:20 - [TEST_STEP][PASSED] - println(colorOptions.size()): null

2019-10-03 15:52:20 - [TEST_STEP][PASSED] - expectedColour = findTestData("productData").getValue("Color", row): null

2019-10-03 15:52:20 - [TEST_STEP][PASSED] - println("expected colour is"): null

2019-10-03 15:52:20 - [TEST_STEP][PASSED] - println(expectedColour): null

2019-10-03 15:52:20 - [TEST_STEP][PASSED] - colourVerified = false: null

2019-10-03 15:52:20 - [TEST_STEP][PASSED] - for (org.openqa.selenium.WebElement op : colorOptions): null

2019-10-03 15:52:20 - [TEST_STEP][PASSED] - println(op.getText()): null

2019-10-03 15:52:20 - [TEST_STEP][PASSED] - if (expectedColour.equalsIgnoreCase(op.getText())): null

2019-10-03 15:52:20 - [TEST_STEP][PASSED] - colourVerified = true: null

2019-10-03 15:52:20 - [TEST_STEP][PASSED] - break: null

2019-10-03 15:52:20 - [TEST_STEP][PASSED] - sa.assertTrue(colourVerified): null

2019-10-03 15:52:20 - [TEST_STEP][PASSED] - getPrice = getText(findTestObject("Page_cabi Order Items/GetAttribute_Price")): Text of object 'Object Repository/Page_cabi Order Items/GetAttribute_Price' is: 'Price : $119.00'

2019-10-03 15:52:20 - [MESSAGE][PASSED] - Text of object 'Object Repository/Page_cabi Order Items/GetAttribute_Price' is: 'Price : $119.00'

2019-10-03 15:52:20 - [TEST_STEP][PASSED] - Split_Data = UtilityMethods.SplitData(getPrice): null

2019-10-03 15:52:20 - [TEST_STEP][PASSED] - verifyMatch(Split_Data, findTestData("productData").getValue("Retail", row), true, CONTINUE_ON_FAILURE): Actual text '119' and expected text '119' are matched  using regular expression

2019-10-03 15:52:20 - [MESSAGE][PASSED] - Actual text '119' and expected text '119' are matched  using regular expression

2019-10-03 15:52:20 - [TEST_STEP][PASSED] - sizeRange1 = ["XXS", "XS", "S", "M", "L", "XL"]: null

2019-10-03 15:52:20 - [TEST_STEP][PASSED] - sizeRange2 = ["00", "0", "2", "4", "6", "8", "10", "12", "14", "16"]: null

2019-10-03 15:52:20 - [TEST_STEP][PASSED] - sizeRange3 = ["Long", "Regular", "Short"]: null

2019-10-03 15:52:20 - [TEST_STEP][PASSED] - sizeRange4 = ["5", "6", "6.5", "7", "7.5", "8", "8.5", "9", "9.5", "10", "11"]: null

2019-10-03 15:52:20 - [TEST_STEP][PASSED] - sizeRange5 = ["XS/S", "M/L"]: null

2019-10-03 15:52:20 - [TEST_STEP][PASSED] - sizeRangeSplit = UtilityMethods.SplitSizes(findTestData("productData").getValue("SzRange", row)): null

2019-10-03 15:52:20 - [TEST_STEP][PASSED] - sizeType = getText(findTestObject("Object Repository/Page_cabi Order Items/Size")): Text of object 'Object Repository/Page_cabi Order Items/Size' is: 'Select'

2019-10-03 15:52:20 - [MESSAGE][PASSED] - Text of object 'Object Repository/Page_cabi Order Items/Size' is: 'Select'

2019-10-03 15:52:20 - [TEST_STEP][PASSED] - sizeOptions = findWebElements(findTestObject("Object Repository/Page_cabi Order Items/Size"), 5): null

2019-10-03 15:52:20 - [TEST_STEP][PASSED] - actualRange = new java.util.ArrayList(): null

2019-10-03 15:52:20 - [TEST_STEP][PASSED] - expectedRange = <not implemented yet for class: org.codehaus.groovy.ast.expr.EmptyExpression>: null

2019-10-03 15:52:20 - [TEST_STEP][PASSED] - if (sizeType.equalsIgnoreCase("Select")): null

2019-10-03 15:52:20 - [TEST_STEP][PASSED] - for ([i = 1, i < sizeOptions.size(), (i++)]): null

2019-10-03 15:52:20 - [TEST_STEP][PASSED] - actualRange.add(getAttribute("value").toString()): null

2019-10-03 15:52:20 - [TEST_STEP][PASSED] - actualRange.add(getAttribute("value").toString()): null

2019-10-03 15:52:20 - [TEST_STEP][PASSED] - actualRange.add(getAttribute("value").toString()): null

2019-10-03 15:52:21 - [TEST_STEP][PASSED] - actualRange.add(getAttribute("value").toString()): null

2019-10-03 15:52:21 - [TEST_STEP][PASSED] - actualRange.add(getAttribute("value").toString()): null

2019-10-03 15:52:21 - [TEST_STEP][PASSED] - if (toString().equalsIgnoreCase("XS") || toString().equalsIgnoreCase("XXS")): null

2019-10-03 15:52:21 - [TEST_STEP][PASSED] - expectedRange = UtilityMethods.getExpectedRange(sizeRange1, sizeRangeSplit): null

2019-10-03 15:52:21 - [TEST_STEP][PASSED] - println("XS"): null

2019-10-03 15:52:21 - [TEST_STEP][PASSED] - println(expectedRange.toString()): null

2019-10-03 15:52:21 - [TEST_STEP][PASSED] - sa.assertTrue(UtilityMethods.listEquals(expectedRange, actualRange)): null

2019-10-03 15:52:21 - [TEST_STEP][PASSED] - delay(2): Delayed 2 second(s)

2019-10-03 15:52:23 - [MESSAGE][PASSED] - Delayed 2 second(s)

2019-10-03 15:52:23 - [TEST_STEP][PASSED] - verifyElementText(findTestObject("Page_cabi Order Items/product_title"), findTestData("productData").getValue("Description", row), CONTINUE_ON_FAILURE): Actual text and expected text of test object 'Object Repository/Page_cabi Order Items/product_title' are matched.

2019-10-03 15:52:23 - [MESSAGE][PASSED] - Actual text and expected text of test object 'Object Repository/Page_cabi Order Items/product_title' are matched.

2019-10-03 15:52:23 - [TEST_STEP][PASSED] - verifyElementText(findTestObject("Page_cabi Order Items/product_fabric"), findTestData("productData").getValue("FinalContent", row), CONTINUE_ON_FAILURE): Actual text and expected text of test object 'Object Repository/Page_cabi Order Items/product_fabric' are matched.

2019-10-03 15:52:23 - [MESSAGE][PASSED] - Actual text and expected text of test object 'Object Repository/Page_cabi Order Items/product_fabric' are matched.

2019-10-03 15:52:23 - [TEST_STEP][PASSED] - actualCasreIntrn = "<div>" + getText(findTestObject("Page_cabi Order Items/care_instruction")) + "</div>": Text of object 'Object Repository/Page_cabi Order Items/care_instruction' is: 'Turn garment inside out and place in a mesh bag. Machine wash separately in cold water on the delicate cycle. Only non-chlorine bleach if needed. Do not twist or wring. Lay flat to dry. Warm iron if needed. Can be washed by hand.'

2019-10-03 15:52:23 - [MESSAGE][PASSED] - Text of object 'Object Repository/Page_cabi Order Items/care_instruction' is: 'Turn garment inside out and place in a mesh bag. Machine wash separately in cold water on the delicate cycle. Only non-chlorine bleach if needed. Do not twist or wring. Lay flat to dry. Warm iron if needed. Can be washed by hand.'

2019-10-03 15:52:23 - [TEST_STEP][PASSED] - sa.assertTrue(actualCasreIntrn.equals(findTestData("productData").getValue("CareInstr", row))): null

2019-10-03 15:52:23 - [TEST_STEP][PASSED] - sa = new org.testng.asserts.SoftAssert(): null

2019-10-03 15:52:23 - [TEST_STEP][PASSED] - styleid_data = findTestData("productData").getValue("Style", row): null

2019-10-03 15:52:23 - [TEST_STEP][PASSED] - println("******************+++++++++++++++++++**********************************************"): null

2019-10-03 15:52:23 - [TEST_STEP][PASSED] - println(styleid_data): null

2019-10-03 15:52:23 - [TEST_STEP][PASSED] - by = By.xpath("//input[@name='style']"): null

2019-10-03 15:52:23 - [TEST_STEP][PASSED] - styleWe = UtilityMethods.getElementByLocator(by, driver): null

2019-10-03 15:52:23 - [TEST_STEP][PASSED] - to = UtilityMethods.fromElement(styleWe): null

2019-10-03 15:52:23 - [TEST_STEP][PASSED] - setText(to, styleid_data): Text '3875' is set on object ''

2019-10-03 15:52:23 - [MESSAGE][PASSED] - Text '3875' is set on object ''

2019-10-03 15:52:23 - [TEST_STEP][PASSED] - sendKeys(to, Keys.chord(ENTER)): Keys 'ENTER + ' sent to object: ''

2019-10-03 15:52:23 - [MESSAGE][PASSED] - Keys 'ENTER + ' sent to object: ''

2019-10-03 15:52:23 - [TEST_STEP][PASSED] - delay(2): Delayed 2 second(s)

2019-10-03 15:52:25 - [MESSAGE][PASSED] - Delayed 2 second(s)

2019-10-03 15:52:25 - [TEST_STEP][PASSED] - delay(2): Delayed 2 second(s)

2019-10-03 15:52:27 - [MESSAGE][PASSED] - Delayed 2 second(s)

2019-10-03 15:52:27 - [TEST_STEP][PASSED] - if (toString().equalsIgnoreCase("no")): null

2019-10-03 15:52:27 - [TEST_STEP][PASSED] - else: null

2019-10-03 15:52:27 - [TEST_STEP][PASSED] - click(findTestObject("Page_cabi Order Items/li_order_item")): Object: 'Object Repository/Page_cabi Order Items/li_order_item' is clicked on

2019-10-03 15:52:27 - [MESSAGE][PASSED] - Object: 'Object Repository/Page_cabi Order Items/li_order_item' is clicked on

2019-10-03 15:52:27 - [TEST_STEP][PASSED] - delay(5): Delayed 5 second(s)

2019-10-03 15:52:32 - [MESSAGE][PASSED] - Delayed 5 second(s)

2019-10-03 15:52:32 - [TEST_STEP][PASSED] - imagePath = UtilityMethods.createScreenshotImagePath(storeType, styleid_data): null

2019-10-03 15:52:32 - [TEST_STEP][PASSED] - println(imagePath): null

2019-10-03 15:52:32 - [TEST_STEP][PASSED] - takeScreenshot(imagePath): Taking screenshot successfully

2019-10-03 15:52:33 - [MESSAGE][PASSED] - Taking screenshot successfully
[[ATTACHMENT|C:\\Users\\user\\Documents\\testautomation\\KatalonProjects\\productImages\\BORetail_3875 image.png]]

2019-10-03 15:52:33 - [TEST_STEP][PASSED] - verifyElementText(findTestObject("Page_cabi Order Items/GetAttribute_getID"), styleid_data, CONTINUE_ON_FAILURE): Actual text and expected text of test object 'Object Repository/Page_cabi Order Items/GetAttribute_getID' are matched.

2019-10-03 15:52:33 - [MESSAGE][PASSED] - Actual text and expected text of test object 'Object Repository/Page_cabi Order Items/GetAttribute_getID' are matched.

2019-10-03 15:52:33 - [TEST_STEP][PASSED] - colorOptions = findWebElements(findTestObject("Page_cabi Order Items/GetAttribute_Color"), 5): null

2019-10-03 15:52:33 - [TEST_STEP][PASSED] - println(colorOptions.size()): null

2019-10-03 15:52:33 - [TEST_STEP][PASSED] - expectedColour = findTestData("productData").getValue("Color", row): null

2019-10-03 15:52:33 - [TEST_STEP][PASSED] - println("expected colour is"): null

2019-10-03 15:52:33 - [TEST_STEP][PASSED] - println(expectedColour): null

2019-10-03 15:52:33 - [TEST_STEP][PASSED] - colourVerified = false: null

2019-10-03 15:52:33 - [TEST_STEP][PASSED] - for (org.openqa.selenium.WebElement op : colorOptions): null

2019-10-03 15:52:33 - [TEST_STEP][PASSED] - println(op.getText()): null

2019-10-03 15:52:33 - [TEST_STEP][PASSED] - if (expectedColour.equalsIgnoreCase(op.getText())): null

2019-10-03 15:52:33 - [TEST_STEP][PASSED] - colourVerified = true: null

2019-10-03 15:52:33 - [TEST_STEP][PASSED] - break: null

2019-10-03 15:52:33 - [TEST_STEP][PASSED] - sa.assertTrue(colourVerified): null

2019-10-03 15:52:33 - [TEST_STEP][PASSED] - getPrice = getText(findTestObject("Page_cabi Order Items/GetAttribute_Price")): Text of object 'Object Repository/Page_cabi Order Items/GetAttribute_Price' is: 'Price : $159.00'

2019-10-03 15:52:33 - [MESSAGE][PASSED] - Text of object 'Object Repository/Page_cabi Order Items/GetAttribute_Price' is: 'Price : $159.00'

2019-10-03 15:52:33 - [TEST_STEP][PASSED] - Split_Data = UtilityMethods.SplitData(getPrice): null

2019-10-03 15:52:33 - [TEST_STEP][PASSED] - verifyMatch(Split_Data, findTestData("productData").getValue("Retail", row), true, CONTINUE_ON_FAILURE): Actual text '159' and expected text '159' are matched  using regular expression

2019-10-03 15:52:33 - [MESSAGE][PASSED] - Actual text '159' and expected text '159' are matched  using regular expression

2019-10-03 15:52:33 - [TEST_STEP][PASSED] - sizeRange1 = ["XXS", "XS", "S", "M", "L", "XL"]: null

2019-10-03 15:52:33 - [TEST_STEP][PASSED] - sizeRange2 = ["00", "0", "2", "4", "6", "8", "10", "12", "14", "16"]: null

2019-10-03 15:52:33 - [TEST_STEP][PASSED] - sizeRange3 = ["Long", "Regular", "Short"]: null

2019-10-03 15:52:33 - [TEST_STEP][PASSED] - sizeRange4 = ["5", "6", "6.5", "7", "7.5", "8", "8.5", "9", "9.5", "10", "11"]: null

2019-10-03 15:52:33 - [TEST_STEP][PASSED] - sizeRange5 = ["XS/S", "M/L"]: null

2019-10-03 15:52:33 - [TEST_STEP][PASSED] - sizeRangeSplit = UtilityMethods.SplitSizes(findTestData("productData").getValue("SzRange", row)): null

2019-10-03 15:52:33 - [TEST_STEP][PASSED] - sizeType = getText(findTestObject("Object Repository/Page_cabi Order Items/Size")): Text of object 'Object Repository/Page_cabi Order Items/Size' is: 'Select'

2019-10-03 15:52:33 - [MESSAGE][PASSED] - Text of object 'Object Repository/Page_cabi Order Items/Size' is: 'Select'

2019-10-03 15:52:33 - [TEST_STEP][PASSED] - sizeOptions = findWebElements(findTestObject("Object Repository/Page_cabi Order Items/Size"), 5): null

2019-10-03 15:52:33 - [TEST_STEP][PASSED] - actualRange = new java.util.ArrayList(): null

2019-10-03 15:52:33 - [TEST_STEP][PASSED] - expectedRange = <not implemented yet for class: org.codehaus.groovy.ast.expr.EmptyExpression>: null

2019-10-03 15:52:33 - [TEST_STEP][PASSED] - if (sizeType.equalsIgnoreCase("Select")): null

2019-10-03 15:52:33 - [TEST_STEP][PASSED] - for ([i = 1, i < sizeOptions.size(), (i++)]): null

2019-10-03 15:52:33 - [TEST_STEP][PASSED] - actualRange.add(getAttribute("value").toString()): null

2019-10-03 15:52:33 - [TEST_STEP][PASSED] - actualRange.add(getAttribute("value").toString()): null

2019-10-03 15:52:33 - [TEST_STEP][PASSED] - actualRange.add(getAttribute("value").toString()): null

2019-10-03 15:52:33 - [TEST_STEP][PASSED] - actualRange.add(getAttribute("value").toString()): null

2019-10-03 15:52:33 - [TEST_STEP][PASSED] - actualRange.add(getAttribute("value").toString()): null

2019-10-03 15:52:33 - [TEST_STEP][PASSED] - if (toString().equalsIgnoreCase("XS") || toString().equalsIgnoreCase("XXS")): null

2019-10-03 15:52:33 - [TEST_STEP][PASSED] - expectedRange = UtilityMethods.getExpectedRange(sizeRange1, sizeRangeSplit): null

2019-10-03 15:52:33 - [TEST_STEP][PASSED] - println("XS"): null

2019-10-03 15:52:33 - [TEST_STEP][PASSED] - println(expectedRange.toString()): null

2019-10-03 15:52:33 - [TEST_STEP][PASSED] - sa.assertTrue(UtilityMethods.listEquals(expectedRange, actualRange)): null

2019-10-03 15:52:33 - [TEST_STEP][PASSED] - delay(2): Delayed 2 second(s)

2019-10-03 15:52:35 - [MESSAGE][PASSED] - Delayed 2 second(s)

2019-10-03 15:52:35 - [TEST_STEP][PASSED] - verifyElementText(findTestObject("Page_cabi Order Items/product_title"), findTestData("productData").getValue("Description", row), CONTINUE_ON_FAILURE): Actual text and expected text of test object 'Object Repository/Page_cabi Order Items/product_title' are matched.

2019-10-03 15:52:35 - [MESSAGE][PASSED] - Actual text and expected text of test object 'Object Repository/Page_cabi Order Items/product_title' are matched.

2019-10-03 15:52:35 - [TEST_STEP][PASSED] - verifyElementText(findTestObject("Page_cabi Order Items/product_fabric"), findTestData("productData").getValue("FinalContent", row), CONTINUE_ON_FAILURE): Actual text and expected text of test object 'Object Repository/Page_cabi Order Items/product_fabric' are matched.

2019-10-03 15:52:35 - [MESSAGE][PASSED] - Actual text and expected text of test object 'Object Repository/Page_cabi Order Items/product_fabric' are matched.

2019-10-03 15:52:35 - [TEST_STEP][PASSED] - actualCasreIntrn = "<div>" + getText(findTestObject("Page_cabi Order Items/care_instruction")) + "</div>": Text of object 'Object Repository/Page_cabi Order Items/care_instruction' is: 'Turn garment inside out and place in a mesh bag. Machine wash separately in cold water on the delicate cycle. Only non-chlorine bleach if needed. Do not twist or wring. Lay flat to dry. Steam iron only if needed. Do not press with flat iron. Can be dry cleaned.'

2019-10-03 15:52:35 - [MESSAGE][PASSED] - Text of object 'Object Repository/Page_cabi Order Items/care_instruction' is: 'Turn garment inside out and place in a mesh bag. Machine wash separately in cold water on the delicate cycle. Only non-chlorine bleach if needed. Do not twist or wring. Lay flat to dry. Steam iron only if needed. Do not press with flat iron. Can be dry cleaned.'

2019-10-03 15:52:35 - [TEST_STEP][PASSED] - sa.assertTrue(actualCasreIntrn.equals(findTestData("productData").getValue("CareInstr", row))): null

2019-10-03 15:52:35 - [MESSAGE][PASSED] - Call Test Case 'Test Cases/NewArrival/productVerify' successfully]]></system-out>
         <system-err><![CDATA[]]></system-err>
      </testcase>
      <system-out><![CDATA[2019-10-03 15:46:22 - [TEST_SUITE][PASSED] - NewArrivalsSuite1: Test Cases/NA_Timezone_Separated/BORetail3]]></system-out>
      <system-err><![CDATA[]]></system-err>
   </testsuite>
</testsuites>
