<?xml version="1.0" encoding="UTF-8"?>
<testsuites name="MicrositeTestSuite" time="393" tests="2" failures="0" errors="0">
   <testsuite name="MicrositeTestSuite" tests="2" failures="0" errors="0" time="393" timestamp="2019-07-02 17:42:46" hostname="user - 10.0.102.159" id="Test Suites/VirtualShowRSVPSuites/MicrositeTestSuite">
      <properties>
         <property name="deviceName" value=""/>
         <property name="devicePlatform" value=""/>
         <property name="logFolder" value="C:\\Users\\user\\Documents\\testautomation\\KatalonProjects\\Reports\\VirtualShowRSVPSuites\\MicrositeTestSuite\\20190702_174241"/>
         <property name="logFiles" value="C:\\Users\\user\\Documents\\testautomation\\KatalonProjects\\Reports\\VirtualShowRSVPSuites\\MicrositeTestSuite\\20190702_174241\\execution0.log"/>
         <property name="attachments" value=""/>
         <property name="hostName" value="user - 10.0.102.159"/>
         <property name="os" value="Windows 8.1 64bit"/>
         <property name="katalonVersion" value="6.1.1.1"/>
         <property name="browser" value="Chrome 75.0.3770.100"/>
         <property name="hostAddress" value="10.0.102.159"/>
         <property name="sessionId" value="f90135fc09e2423d47742cac28a592c2"/>
         <property name="seleniumVersion" value="3.7.1"/>
         <property name="proxyInformation" value="ProxyInformation{proxyOption=NO_PROXY, proxyServerType=HTTP, password=, proxyServerAddress=, proxyServerPort=0}"/>
         <property name="platform" value="Windows 8.1"/>
      </properties>
      <testcase name="Test Cases/virtualShowRSVP/createShow" classname="Test Cases/virtualShowRSVP/createShow" status="PASSED">
         <system-out><![CDATA[2019-07-02 17:42:46 - [TEST_CASE][PASSED] - Test Cases/virtualShowRSVP/createShow: Test Cases/virtualShowRSVP/createShow

2019-07-02 17:42:47 - [TEST_STEP][PASSED] - Start listener action : sampleBeforeTestCase: null

2019-07-02 17:42:47 - [TEST_STEP][PASSED] - println(testCaseContext.getTestCaseId()): null

2019-07-02 17:42:47 - [TEST_STEP][PASSED] - println(testCaseContext.getTestCaseVariables()): null

2019-07-02 17:42:48 - [TEST_STEP][PASSED] - dataFile = "virtualShowData": null

2019-07-02 17:42:48 - [TEST_STEP][PASSED] - testEnvt = findTestData(dataFile).getValue("testEnvt", 1): null

2019-07-02 17:42:49 - [TEST_STEP][PASSED] - username = findTestData(dataFile).getValue("username", 1): null

2019-07-02 17:42:49 - [TEST_STEP][PASSED] - password = findTestData(dataFile).getValue("password", 1): null

2019-07-02 17:42:49 - [TEST_STEP][PASSED] - stylist = findTestData(dataFile).getValue("stylist", 1): null

2019-07-02 17:42:49 - [TEST_STEP][PASSED] - hostess = findTestData(dataFile).getValue("hostess", 1): null

2019-07-02 17:42:50 - [TEST_STEP][PASSED] - cohostess = findTestData(dataFile).getValue("cohostess", 1): null

2019-07-02 17:42:50 - [TEST_STEP][PASSED] - guest1 = findTestData(dataFile).getValue("guest1", 1): null

2019-07-02 17:42:50 - [TEST_STEP][PASSED] - guest2 = findTestData(dataFile).getValue("guest2", 1): null

2019-07-02 17:42:50 - [TEST_STEP][PASSED] - verifyHostess = findTestData(dataFile).getValue("verifyHostess", 1): null

2019-07-02 17:42:50 - [TEST_STEP][PASSED] - verifyCohostess = findTestData(dataFile).getValue("verifyCohostess", 1): null

2019-07-02 17:42:50 - [TEST_STEP][PASSED] - verifyGuestCount = findTestData(dataFile).getValue("verifyGuestCount", 1): null

2019-07-02 17:42:50 - [TEST_STEP][PASSED] - verifyGuest1 = findTestData(dataFile).getValue("verifyGuest1", 1): null

2019-07-02 17:42:50 - [TEST_STEP][PASSED] - verifyGuest2 = findTestData(dataFile).getValue("verifyGuest2", 1): null

2019-07-02 17:42:50 - [TEST_STEP][PASSED] - cabiTestEnvt = findTestData(dataFile).getValue("cabiTestEnvt", 1): null

2019-07-02 17:42:50 - [TEST_STEP][PASSED] - openBrowser(""): Browser is opened with url: ''

2019-07-02 17:42:51 - [MESSAGE][INFO] - Starting 'Chrome' driver

2019-07-02 17:42:51 - [MESSAGE][INFO] - User set preference: ['args', '[--use-fake-ui-for-media-stream, --start-maximized]']

2019-07-02 17:42:51 - [MESSAGE][INFO] - Action delay is set to 0 seconds

2019-07-02 17:42:55 - [MESSAGE][PASSED] - Browser is opened with url: ''

2019-07-02 17:42:55 - [TEST_STEP][PASSED] - maximizeWindow(): Current window maximized

2019-07-02 17:42:56 - [MESSAGE][PASSED] - Current window maximized

2019-07-02 17:42:56 - [TEST_STEP][PASSED] - navigateToUrl(testEnvt): Navigate to 'https://sandbox.cabiclio.com/backoffice/control/main' successfully

2019-07-02 17:43:04 - [MESSAGE][PASSED] - Navigate to 'https://sandbox.cabiclio.com/backoffice/control/main' successfully

2019-07-02 17:43:04 - [TEST_STEP][PASSED] - setText(findTestObject("Object Repository/virualShowRSVPOR/Page_cabi/input_username"), username): Text '400000002' is set on object 'Object Repository/virualShowRSVPOR/Page_cabi/input_username'

2019-07-02 17:43:04 - [MESSAGE][PASSED] - Text '400000002' is set on object 'Object Repository/virualShowRSVPOR/Page_cabi/input_username'

2019-07-02 17:43:04 - [TEST_STEP][PASSED] - setText(findTestObject("Object Repository/virualShowRSVPOR/Page_cabi/input_password"), password): Text 'blackdress19' is set on object 'Object Repository/virualShowRSVPOR/Page_cabi/input_password'

2019-07-02 17:43:04 - [MESSAGE][PASSED] - Text 'blackdress19' is set on object 'Object Repository/virualShowRSVPOR/Page_cabi/input_password'

2019-07-02 17:43:04 - [TEST_STEP][PASSED] - click(findTestObject("Object Repository/virualShowRSVPOR/Page_cabi/input_consultantLogin")): Object: 'Object Repository/virualShowRSVPOR/Page_cabi/input_consultantLogin' is clicked on

2019-07-02 17:43:14 - [MESSAGE][PASSED] - Object: 'Object Repository/virualShowRSVPOR/Page_cabi/input_consultantLogin' is clicked on

2019-07-02 17:43:14 - [TEST_STEP][PASSED] - delay(2): Delayed 2 second(s)

2019-07-02 17:43:16 - [MESSAGE][PASSED] - Delayed 2 second(s)

2019-07-02 17:43:16 - [TEST_STEP][PASSED] - verifyElementText(findTestObject("Object Repository/virualShowRSVPOR/Page_cabi/span_username"), stylist): Actual text and expected text of test object 'Object Repository/virualShowRSVPOR/Page_cabi/span_username' are matched.

2019-07-02 17:43:16 - [MESSAGE][PASSED] - Actual text and expected text of test object 'Object Repository/virualShowRSVPOR/Page_cabi/span_username' are matched.

2019-07-02 17:43:16 - [TEST_STEP][PASSED] - click(findTestObject("Object Repository/virualShowRSVPOR/Page_cabi Home/a_shows _orders")): Object: 'Object Repository/virualShowRSVPOR/Page_cabi Home/a_shows _orders' is clicked on

2019-07-02 17:43:16 - [MESSAGE][PASSED] - Object: 'Object Repository/virualShowRSVPOR/Page_cabi Home/a_shows _orders' is clicked on

2019-07-02 17:43:16 - [TEST_STEP][PASSED] - click(findTestObject("Object Repository/virualShowRSVPOR/Page_cabi Home/a_Create_A_Show")): Object: 'Object Repository/virualShowRSVPOR/Page_cabi Home/a_Create_A_Show' is clicked on

2019-07-02 17:43:19 - [MESSAGE][PASSED] - Object: 'Object Repository/virualShowRSVPOR/Page_cabi Home/a_Create_A_Show' is clicked on

2019-07-02 17:43:19 - [TEST_STEP][PASSED] - setText(findTestObject("Object Repository/virualShowRSVPOR/Page_cabi Create Show - Set Hostess/input_Hostess"), hostess): Text 'sushanthost abc' is set on object 'Object Repository/virualShowRSVPOR/Page_cabi Create Show - Set Hostess/input_Hostess'

2019-07-02 17:43:19 - [MESSAGE][PASSED] - Text 'sushanthost abc' is set on object 'Object Repository/virualShowRSVPOR/Page_cabi Create Show - Set Hostess/input_Hostess'

2019-07-02 17:43:19 - [TEST_STEP][PASSED] - delay(2): Delayed 2 second(s)

2019-07-02 17:43:21 - [MESSAGE][PASSED] - Delayed 2 second(s)

2019-07-02 17:43:21 - [TEST_STEP][PASSED] - sendKeys(findTestObject("Object Repository/virualShowRSVPOR/Page_cabi Create Show - Set Hostess/input_Hostess"), Keys.chord(ARROW_DOWN)): Keys 'DOWN + ' sent to object: 'Object Repository/virualShowRSVPOR/Page_cabi Create Show - Set Hostess/input_Hostess'

2019-07-02 17:43:21 - [MESSAGE][PASSED] - Keys 'DOWN + ' sent to object: 'Object Repository/virualShowRSVPOR/Page_cabi Create Show - Set Hostess/input_Hostess'

2019-07-02 17:43:21 - [TEST_STEP][PASSED] - sendKeys(findTestObject("Object Repository/virualShowRSVPOR/Page_cabi Create Show - Set Hostess/input_Hostess"), Keys.chord(ENTER)): Keys 'ENTER + ' sent to object: 'Object Repository/virualShowRSVPOR/Page_cabi Create Show - Set Hostess/input_Hostess'

2019-07-02 17:43:21 - [MESSAGE][PASSED] - Keys 'ENTER + ' sent to object: 'Object Repository/virualShowRSVPOR/Page_cabi Create Show - Set Hostess/input_Hostess'

2019-07-02 17:43:21 - [TEST_STEP][PASSED] - delay(2): Delayed 2 second(s)

2019-07-02 17:43:23 - [MESSAGE][PASSED] - Delayed 2 second(s)

2019-07-02 17:43:23 - [TEST_STEP][PASSED] - validateHostessAddressMsg = findWebElements(findTestObject("Object Repository/virualShowRSVPOR/Page_cabi Create Show - Set Hostess/validate_address_msg"), 5): null

2019-07-02 17:43:23 - [TEST_STEP][PASSED] - println(validateHostessAddressMsg.size()): null

2019-07-02 17:43:23 - [TEST_STEP][PASSED] - if (validateHostessAddressMsg.isEmpty()): null

2019-07-02 17:43:23 - [TEST_STEP][PASSED] - selectOptionByValue(findTestObject("Object Repository/virualShowRSVPOR/Page_cabi Create Show - Set Hostess/select_Choose_From_Contacts_Co-Hostess"), "3", true): All options with value '3' are selected in object 'Object Repository/virualShowRSVPOR/Page_cabi Create Show - Set Hostess/select_Choose_From_Contacts_Co-Hostess'  using regular expression

2019-07-02 17:43:24 - [MESSAGE][PASSED] - All options with value '3' are selected in object 'Object Repository/virualShowRSVPOR/Page_cabi Create Show - Set Hostess/select_Choose_From_Contacts_Co-Hostess'  using regular expression

2019-07-02 17:43:24 - [TEST_STEP][PASSED] - setText(findTestObject("Object Repository/virualShowRSVPOR/Page_cabi Create Show - Set Hostess/input_Cohostess"), cohostess): Text 'sushantcohost abc' is set on object 'Object Repository/virualShowRSVPOR/Page_cabi Create Show - Set Hostess/input_Cohostess'

2019-07-02 17:43:24 - [MESSAGE][PASSED] - Text 'sushantcohost abc' is set on object 'Object Repository/virualShowRSVPOR/Page_cabi Create Show - Set Hostess/input_Cohostess'

2019-07-02 17:43:24 - [TEST_STEP][PASSED] - delay(2): Delayed 2 second(s)

2019-07-02 17:43:26 - [MESSAGE][PASSED] - Delayed 2 second(s)

2019-07-02 17:43:26 - [TEST_STEP][PASSED] - sendKeys(findTestObject("Object Repository/virualShowRSVPOR/Page_cabi Create Show - Set Hostess/input_Cohostess"), Keys.chord(ARROW_DOWN)): Keys 'DOWN + ' sent to object: 'Object Repository/virualShowRSVPOR/Page_cabi Create Show - Set Hostess/input_Cohostess'

2019-07-02 17:43:26 - [MESSAGE][PASSED] - Keys 'DOWN + ' sent to object: 'Object Repository/virualShowRSVPOR/Page_cabi Create Show - Set Hostess/input_Cohostess'

2019-07-02 17:43:26 - [TEST_STEP][PASSED] - sendKeys(findTestObject("Object Repository/virualShowRSVPOR/Page_cabi Create Show - Set Hostess/input_Cohostess"), Keys.chord(ENTER)): Keys 'ENTER + ' sent to object: 'Object Repository/virualShowRSVPOR/Page_cabi Create Show - Set Hostess/input_Cohostess'

2019-07-02 17:43:27 - [MESSAGE][PASSED] - Keys 'ENTER + ' sent to object: 'Object Repository/virualShowRSVPOR/Page_cabi Create Show - Set Hostess/input_Cohostess'

2019-07-02 17:43:27 - [TEST_STEP][PASSED] - delay(3): Delayed 3 second(s)

2019-07-02 17:43:30 - [MESSAGE][PASSED] - Delayed 3 second(s)

2019-07-02 17:43:30 - [TEST_STEP][PASSED] - validateHostessAddressMsg = findWebElements(findTestObject("Object Repository/virualShowRSVPOR/Page_cabi Create Show - Set Hostess/validate_address_msg"), 5): null

2019-07-02 17:43:30 - [TEST_STEP][PASSED] - if (validateHostessAddressMsg.size() != 4): null

2019-07-02 17:43:30 - [TEST_STEP][PASSED] - click(findTestObject("Object Repository/virualShowRSVPOR/Page_cabi Create Show - Set Hostess/input_next")): Object: 'Object Repository/virualShowRSVPOR/Page_cabi Create Show - Set Hostess/input_next' is clicked on

2019-07-02 17:43:32 - [MESSAGE][PASSED] - Object: 'Object Repository/virualShowRSVPOR/Page_cabi Create Show - Set Hostess/input_next' is clicked on

2019-07-02 17:43:32 - [TEST_STEP][PASSED] - click(findTestObject("Object Repository/virualShowRSVPOR/Page_cabi Create Show - Time and Place/check_Virtual_Show")): Object: 'Object Repository/virualShowRSVPOR/Page_cabi Create Show - Time and Place/check_Virtual_Show' is clicked on

2019-07-02 17:43:32 - [MESSAGE][PASSED] - Object: 'Object Repository/virualShowRSVPOR/Page_cabi Create Show - Time and Place/check_Virtual_Show' is clicked on

2019-07-02 17:43:32 - [TEST_STEP][PASSED] - click(findTestObject("Object Repository/virualShowRSVPOR/Page_cabi Create Show - Time and Place/input_Show_Date_Time")): Object: 'Object Repository/virualShowRSVPOR/Page_cabi Create Show - Time and Place/input_Show_Date_Time' is clicked on

2019-07-02 17:43:32 - [MESSAGE][PASSED] - Object: 'Object Repository/virualShowRSVPOR/Page_cabi Create Show - Time and Place/input_Show_Date_Time' is clicked on

2019-07-02 17:43:32 - [TEST_STEP][PASSED] - year = findTestData("virtualShowData").getValue("vsyear", 1): null

2019-07-02 17:43:33 - [TEST_STEP][PASSED] - month = findTestData("virtualShowData").getValue("vsmonth", 1): null

2019-07-02 17:43:33 - [TEST_STEP][PASSED] - day = findTestData("virtualShowData").getValue("vsday", 1): null

2019-07-02 17:43:33 - [TEST_STEP][PASSED] - xpath = UtilityMethods.concat("//td[@data-month='" + month - 1 + "' and @data-year='" + year + "']/a[contains(text(), '" + day + "')]"): null

2019-07-02 17:43:33 - [TEST_STEP][PASSED] - dateObj = new com.kms.katalon.core.testobject.TestObject(td_month_year_day): null

2019-07-02 17:43:33 - [TEST_STEP][PASSED] - dateObj.addProperty("xpath", EQUALS, xpath): null

2019-07-02 17:43:33 - [TEST_STEP][PASSED] - monthBound = 12: null

2019-07-02 17:43:33 - [TEST_STEP][PASSED] - dateObjList = findWebElements(dateObj, 5): null

2019-07-02 17:43:33 - [TEST_STEP][PASSED] - while (dateObjList.size() == 0 && monthBound > 0): null

2019-07-02 17:43:33 - [TEST_STEP][PASSED] - click(dateObj): Object: 'td_month_year_day' is clicked on

2019-07-02 17:43:33 - [MESSAGE][PASSED] - Object: 'td_month_year_day' is clicked on

2019-07-02 17:43:33 - [TEST_STEP][PASSED] - click(findTestObject("Object Repository/virualShowRSVPOR/Page_cabi Create Show - Time and Place/a_select_End_Time")): Object: 'Object Repository/virualShowRSVPOR/Page_cabi Create Show - Time and Place/a_select_End_Time' is clicked on

2019-07-02 17:43:33 - [MESSAGE][PASSED] - Object: 'Object Repository/virualShowRSVPOR/Page_cabi Create Show - Time and Place/a_select_End_Time' is clicked on

2019-07-02 17:43:33 - [TEST_STEP][PASSED] - click(findTestObject("Object Repository/virualShowRSVPOR/Page_cabi Create Show - Time and Place/input_next")): Object: 'Object Repository/virualShowRSVPOR/Page_cabi Create Show - Time and Place/input_next' is clicked on

2019-07-02 17:43:34 - [MESSAGE][PASSED] - Object: 'Object Repository/virualShowRSVPOR/Page_cabi Create Show - Time and Place/input_next' is clicked on

2019-07-02 17:43:34 - [TEST_STEP][PASSED] - delay(5): Delayed 5 second(s)

2019-07-02 17:43:39 - [MESSAGE][PASSED] - Delayed 5 second(s)

2019-07-02 17:43:39 - [TEST_STEP][PASSED] - click(findTestObject("Object Repository/virualShowRSVPOR/Page_cabi Create Show - Invite Hostess/input_Skip_Invite")): Object: 'Object Repository/virualShowRSVPOR/Page_cabi Create Show - Invite Hostess/input_Skip_Invite' is clicked on

2019-07-02 17:43:42 - [MESSAGE][PASSED] - Object: 'Object Repository/virualShowRSVPOR/Page_cabi Create Show - Invite Hostess/input_Skip_Invite' is clicked on

2019-07-02 17:43:42 - [TEST_STEP][PASSED] - setText(findTestObject("Object Repository/virualShowRSVPOR/Page_cabi Edit Show - Add Guests/contact_search_box"), guest1): Text 'sushantguest1 abc' is set on object 'Object Repository/virualShowRSVPOR/Page_cabi Edit Show - Add Guests/contact_search_box'

2019-07-02 17:43:43 - [MESSAGE][PASSED] - Text 'sushantguest1 abc' is set on object 'Object Repository/virualShowRSVPOR/Page_cabi Edit Show - Add Guests/contact_search_box'

2019-07-02 17:43:43 - [TEST_STEP][PASSED] - delay(2): Delayed 2 second(s)

2019-07-02 17:43:45 - [MESSAGE][PASSED] - Delayed 2 second(s)

2019-07-02 17:43:45 - [TEST_STEP][PASSED] - sendKeys(findTestObject("Object Repository/virualShowRSVPOR/Page_cabi Edit Show - Add Guests/contact_search_box"), Keys.chord(ARROW_DOWN)): Keys 'DOWN + ' sent to object: 'Object Repository/virualShowRSVPOR/Page_cabi Edit Show - Add Guests/contact_search_box'

2019-07-02 17:43:45 - [MESSAGE][PASSED] - Keys 'DOWN + ' sent to object: 'Object Repository/virualShowRSVPOR/Page_cabi Edit Show - Add Guests/contact_search_box'

2019-07-02 17:43:45 - [TEST_STEP][PASSED] - sendKeys(findTestObject("Object Repository/virualShowRSVPOR/Page_cabi Edit Show - Add Guests/contact_search_box"), Keys.chord(ENTER)): Keys 'ENTER + ' sent to object: 'Object Repository/virualShowRSVPOR/Page_cabi Edit Show - Add Guests/contact_search_box'

2019-07-02 17:43:45 - [MESSAGE][PASSED] - Keys 'ENTER + ' sent to object: 'Object Repository/virualShowRSVPOR/Page_cabi Edit Show - Add Guests/contact_search_box'

2019-07-02 17:43:45 - [TEST_STEP][PASSED] - delay(2): Delayed 2 second(s)

2019-07-02 17:43:47 - [MESSAGE][PASSED] - Delayed 2 second(s)

2019-07-02 17:43:47 - [TEST_STEP][PASSED] - click(findTestObject("Object Repository/virualShowRSVPOR/Page_cabi Edit Show - Add Guests/a_add_guest")): Object: 'Object Repository/virualShowRSVPOR/Page_cabi Edit Show - Add Guests/a_add_guest' is clicked on

2019-07-02 17:43:47 - [MESSAGE][PASSED] - Object: 'Object Repository/virualShowRSVPOR/Page_cabi Edit Show - Add Guests/a_add_guest' is clicked on

2019-07-02 17:43:47 - [TEST_STEP][PASSED] - delay(5): Delayed 5 second(s)

2019-07-02 17:43:52 - [MESSAGE][PASSED] - Delayed 5 second(s)

2019-07-02 17:43:52 - [TEST_STEP][PASSED] - setText(findTestObject("Object Repository/virualShowRSVPOR/Page_cabi Edit Show - Add Guests/contact_search_box"), guest2): Text 'sushantguest2 abc' is set on object 'Object Repository/virualShowRSVPOR/Page_cabi Edit Show - Add Guests/contact_search_box'

2019-07-02 17:43:53 - [MESSAGE][PASSED] - Text 'sushantguest2 abc' is set on object 'Object Repository/virualShowRSVPOR/Page_cabi Edit Show - Add Guests/contact_search_box'

2019-07-02 17:43:53 - [TEST_STEP][PASSED] - delay(2): Delayed 2 second(s)

2019-07-02 17:43:55 - [MESSAGE][PASSED] - Delayed 2 second(s)

2019-07-02 17:43:55 - [TEST_STEP][PASSED] - sendKeys(findTestObject("Object Repository/virualShowRSVPOR/Page_cabi Edit Show - Add Guests/contact_search_box"), Keys.chord(ARROW_DOWN)): Keys 'DOWN + ' sent to object: 'Object Repository/virualShowRSVPOR/Page_cabi Edit Show - Add Guests/contact_search_box'

2019-07-02 17:43:55 - [MESSAGE][PASSED] - Keys 'DOWN + ' sent to object: 'Object Repository/virualShowRSVPOR/Page_cabi Edit Show - Add Guests/contact_search_box'

2019-07-02 17:43:55 - [TEST_STEP][PASSED] - sendKeys(findTestObject("Object Repository/virualShowRSVPOR/Page_cabi Edit Show - Add Guests/contact_search_box"), Keys.chord(ENTER)): Keys 'ENTER + ' sent to object: 'Object Repository/virualShowRSVPOR/Page_cabi Edit Show - Add Guests/contact_search_box'

2019-07-02 17:43:55 - [MESSAGE][PASSED] - Keys 'ENTER + ' sent to object: 'Object Repository/virualShowRSVPOR/Page_cabi Edit Show - Add Guests/contact_search_box'

2019-07-02 17:43:55 - [TEST_STEP][PASSED] - delay(2): Delayed 2 second(s)

2019-07-02 17:43:57 - [MESSAGE][PASSED] - Delayed 2 second(s)

2019-07-02 17:43:57 - [TEST_STEP][PASSED] - click(findTestObject("Object Repository/virualShowRSVPOR/Page_cabi Edit Show - Add Guests/a_add_guest")): Object: 'Object Repository/virualShowRSVPOR/Page_cabi Edit Show - Add Guests/a_add_guest' is clicked on

2019-07-02 17:43:57 - [MESSAGE][PASSED] - Object: 'Object Repository/virualShowRSVPOR/Page_cabi Edit Show - Add Guests/a_add_guest' is clicked on

2019-07-02 17:43:57 - [TEST_STEP][PASSED] - delay(2): Delayed 2 second(s)

2019-07-02 17:43:59 - [MESSAGE][PASSED] - Delayed 2 second(s)

2019-07-02 17:43:59 - [TEST_STEP][PASSED] - verifyElementText(findTestObject("Object Repository/virualShowRSVPOR/Page_cabi Edit Show - Add Guests/span_hostess_name"), verifyHostess): Actual text and expected text of test object 'Object Repository/virualShowRSVPOR/Page_cabi Edit Show - Add Guests/span_hostess_name' are matched.

2019-07-02 17:43:59 - [MESSAGE][PASSED] - Actual text and expected text of test object 'Object Repository/virualShowRSVPOR/Page_cabi Edit Show - Add Guests/span_hostess_name' are matched.

2019-07-02 17:43:59 - [TEST_STEP][PASSED] - verifyElementText(findTestObject("Object Repository/virualShowRSVPOR/Page_cabi Edit Show - Add Guests/span_cohostess_name"), verifyCohostess): Actual text and expected text of test object 'Object Repository/virualShowRSVPOR/Page_cabi Edit Show - Add Guests/span_cohostess_name' are matched.

2019-07-02 17:43:59 - [MESSAGE][PASSED] - Actual text and expected text of test object 'Object Repository/virualShowRSVPOR/Page_cabi Edit Show - Add Guests/span_cohostess_name' are matched.

2019-07-02 17:43:59 - [TEST_STEP][PASSED] - listElement = findWebElements(findTestObject("Object Repository/virualShowRSVPOR/Page_cabi Edit Show - Add Guests/span_guest_name_list"), 5): null

2019-07-02 17:43:59 - [TEST_STEP][PASSED] - guestCount = Integer.parseInt(verifyGuestCount): null

2019-07-02 17:43:59 - [TEST_STEP][PASSED] - assert listElement.size() == guestCount: null

2019-07-02 17:43:59 - [TEST_STEP][PASSED] - flag = false: null

2019-07-02 17:43:59 - [TEST_STEP][PASSED] - for ([i = 0, i < guestCount, (i++)]): null

2019-07-02 17:43:59 - [TEST_STEP][PASSED] - flag = false: null

2019-07-02 17:43:59 - [TEST_STEP][PASSED] - if (getText().equals(verifyGuest1)): null

2019-07-02 17:44:00 - [TEST_STEP][PASSED] - flag = true: null

2019-07-02 17:44:00 - [TEST_STEP][PASSED] - if (getText().equals(verifyGuest2)): null

2019-07-02 17:44:00 - [TEST_STEP][PASSED] - flag = false: null

2019-07-02 17:44:00 - [TEST_STEP][PASSED] - if (getText().equals(verifyGuest1)): null

2019-07-02 17:44:00 - [TEST_STEP][PASSED] - if (getText().equals(verifyGuest2)): null

2019-07-02 17:44:00 - [TEST_STEP][PASSED] - flag = true: null

2019-07-02 17:44:00 - [TEST_STEP][PASSED] - assert flag == true: null

2019-07-02 17:44:00 - [TEST_STEP][PASSED] - click(findTestObject("Object Repository/virualShowRSVPOR/Page_cabi Edit Show - Add Guests/input_Next")): Object: 'Object Repository/virualShowRSVPOR/Page_cabi Edit Show - Add Guests/input_Next' is clicked on

2019-07-02 17:44:02 - [MESSAGE][PASSED] - Object: 'Object Repository/virualShowRSVPOR/Page_cabi Edit Show - Add Guests/input_Next' is clicked on

2019-07-02 17:44:02 - [TEST_STEP][PASSED] - delay(5): Delayed 5 second(s)

2019-07-02 17:44:07 - [MESSAGE][PASSED] - Delayed 5 second(s)

2019-07-02 17:44:07 - [TEST_STEP][PASSED] - click(findTestObject("Object Repository/virualShowRSVPOR/Page_cabi Edit Show - Send Invitations/input_Overview")): Object: 'Object Repository/virualShowRSVPOR/Page_cabi Edit Show - Send Invitations/input_Overview' is clicked on

2019-07-02 17:44:09 - [MESSAGE][PASSED] - Object: 'Object Repository/virualShowRSVPOR/Page_cabi Edit Show - Send Invitations/input_Overview' is clicked on

2019-07-02 17:44:09 - [TEST_STEP][PASSED] - showID = getText(findTestObject("Object Repository/virualShowRSVPOR/Page_cabi Orders/li_Show_ID_Text")): Text of object 'Object Repository/virualShowRSVPOR/Page_cabi Orders/li_Show_ID_Text' is: 'Show #: 104610801'

2019-07-02 17:44:09 - [MESSAGE][PASSED] - Text of object 'Object Repository/virualShowRSVPOR/Page_cabi Orders/li_Show_ID_Text' is: 'Show #: 104610801'

2019-07-02 17:44:09 - [TEST_STEP][PASSED] - rightClick(findTestObject("Object Repository/virualShowRSVPOR/Page_cabi Orders/a_Account")): Object: 'Object Repository/virualShowRSVPOR/Page_cabi Orders/a_Account' is right clicked on

2019-07-02 17:44:09 - [MESSAGE][PASSED] - Object: 'Object Repository/virualShowRSVPOR/Page_cabi Orders/a_Account' is right clicked on

2019-07-02 17:44:09 - [TEST_STEP][PASSED] - click(findTestObject("Object Repository/virualShowRSVPOR/Page_cabi Orders/a_My Profile")): Object: 'Object Repository/virualShowRSVPOR/Page_cabi Orders/a_My Profile' is clicked on

2019-07-02 17:44:11 - [MESSAGE][PASSED] - Object: 'Object Repository/virualShowRSVPOR/Page_cabi Orders/a_My Profile' is clicked on

2019-07-02 17:44:11 - [TEST_STEP][PASSED] - rsName = getText(findTestObject("Object Repository/virualShowRSVPOR/Page_cabi My Profile/span_rsName")): Text of object 'Object Repository/virualShowRSVPOR/Page_cabi My Profile/span_rsName' is: 'MirandaKate'

2019-07-02 17:44:11 - [MESSAGE][PASSED] - Text of object 'Object Repository/virualShowRSVPOR/Page_cabi My Profile/span_rsName' is: 'MirandaKate'

2019-07-02 17:44:11 - [TEST_STEP][PASSED] - cabitTestEnvt = cabiTestEnvt: null

2019-07-02 17:44:11 - [TEST_STEP][PASSED] - micrositeURL = UtilityMethods.createURL(rsName, cabitTestEnvt, showID): null

2019-07-02 17:44:12 - [TEST_STEP][PASSED] - println(micrositeURL): null

2019-07-02 17:44:12 - [TEST_STEP][PASSED] - back(): Navigate back successfully

2019-07-02 17:44:12 - [MESSAGE][PASSED] - Navigate back successfully]]></system-out>
         <system-err><![CDATA[]]></system-err>
      </testcase>
      <testcase name="Test Cases/virtualShowRSVP/micrositeRSVPValidUser" classname="Test Cases/virtualShowRSVP/micrositeRSVPValidUser" status="PASSED">
         <system-out><![CDATA[2019-07-02 17:44:12 - [TEST_CASE][PASSED] - Test Cases/virtualShowRSVP/micrositeRSVPValidUser: Test Cases/virtualShowRSVP/micrositeRSVPValidUser

2019-07-02 17:44:12 - [TEST_STEP][PASSED] - Start listener action : sampleBeforeTestCase: null

2019-07-02 17:44:12 - [TEST_STEP][PASSED] - println(testCaseContext.getTestCaseId()): null

2019-07-02 17:44:12 - [TEST_STEP][PASSED] - println(testCaseContext.getTestCaseVariables()): null

2019-07-02 17:44:13 - [TEST_STEP][PASSED] - dataFile = "micrositeData": null

2019-07-02 17:44:13 - [TEST_STEP][PASSED] - hostessMail = findTestData(dataFile).getValue("hostessMail", 1): null

2019-07-02 17:44:13 - [TEST_STEP][PASSED] - hostessPass = findTestData(dataFile).getValue("hostessPass", 1): null

2019-07-02 17:44:13 - [TEST_STEP][PASSED] - cohostessMail = findTestData(dataFile).getValue("cohostessMail", 1): null

2019-07-02 17:44:13 - [TEST_STEP][PASSED] - cohostessPass = findTestData(dataFile).getValue("cohostessPass", 1): null

2019-07-02 17:44:13 - [TEST_STEP][PASSED] - guest1Mail = findTestData(dataFile).getValue("guest1Mail", 1): null

2019-07-02 17:44:13 - [TEST_STEP][PASSED] - guest1Pass = findTestData(dataFile).getValue("guest1Pass", 1): null

2019-07-02 17:44:14 - [TEST_STEP][PASSED] - guestUninvitedMail = findTestData(dataFile).getValue("guestUninvitedMail", 1): null

2019-07-02 17:44:14 - [TEST_STEP][PASSED] - guestUninvitedPass = findTestData(dataFile).getValue("guestUninvitedPass", 1): null

2019-07-02 17:44:14 - [TEST_STEP][PASSED] - ofbizURL = findTestData(dataFile).getValue("ofbizURL", 1): null

2019-07-02 17:44:14 - [TEST_STEP][PASSED] - ofbizUser = findTestData(dataFile).getValue("ofbizUser", 1): null

2019-07-02 17:44:14 - [TEST_STEP][PASSED] - ofbizPass = findTestData(dataFile).getValue("ofbizPass", 1): null

2019-07-02 17:44:14 - [TEST_STEP][PASSED] - vhostTarget = findTestData(dataFile).getValue("vhostTarget", 1): null

2019-07-02 17:44:14 - [TEST_STEP][PASSED] - openBrowser(""): Browser is opened with url: ''

2019-07-02 17:44:14 - [MESSAGE][WARNING] - A browser is already opened. Closing browser and opening a new one

2019-07-02 17:44:14 - [MESSAGE][INFO] - Starting 'Chrome' driver

2019-07-02 17:44:14 - [MESSAGE][INFO] - User set preference: ['args', '[--use-fake-ui-for-media-stream, --start-maximized]']

2019-07-02 17:44:17 - [MESSAGE][PASSED] - Browser is opened with url: ''

2019-07-02 17:44:17 - [TEST_STEP][PASSED] - maximizeWindow(): Current window maximized

2019-07-02 17:44:18 - [MESSAGE][PASSED] - Current window maximized

2019-07-02 17:44:18 - [TEST_STEP][PASSED] - callTestCase(findTestCase("TestCaseUtilities/setVHost"), [:], STOP_ON_FAILURE): Call Test Case 'Test Cases/TestCaseUtilities/setVHost' successfully

2019-07-02 17:44:18 - [TEST_CASE][PASSED] - Test Cases/TestCaseUtilities/setVHost: Test Cases/TestCaseUtilities/setVHost

2019-07-02 17:44:18 - [TEST_STEP][PASSED] - dataFile = "micrositeData": null

2019-07-02 17:44:18 - [TEST_STEP][PASSED] - ofbizURL = findTestData(dataFile).getValue("ofbizURL", 1): null

2019-07-02 17:44:18 - [TEST_STEP][PASSED] - ofbizUser = findTestData(dataFile).getValue("ofbizUser", 1): null

2019-07-02 17:44:18 - [TEST_STEP][PASSED] - ofbizPass = findTestData(dataFile).getValue("ofbizPass", 1): null

2019-07-02 17:44:18 - [TEST_STEP][PASSED] - vhostTarget = findTestData(dataFile).getValue("vhostTarget", 1): null

2019-07-02 17:44:18 - [TEST_STEP][PASSED] - navigateToUrl(ofbizURL): Navigate to 'https://pushofbiz.cliotest.com/login.php' successfully

2019-07-02 17:44:20 - [MESSAGE][PASSED] - Navigate to 'https://pushofbiz.cliotest.com/login.php' successfully

2019-07-02 17:44:20 - [TEST_STEP][PASSED] - setText(findTestObject("Object Repository/virualShowRSVPOR/Page_/input_Username_username"), ofbizUser): Text 'automation' is set on object 'Object Repository/virualShowRSVPOR/Page_/input_Username_username'

2019-07-02 17:44:20 - [MESSAGE][PASSED] - Text 'automation' is set on object 'Object Repository/virualShowRSVPOR/Page_/input_Username_username'

2019-07-02 17:44:20 - [TEST_STEP][PASSED] - setText(findTestObject("Object Repository/virualShowRSVPOR/Page_/input_Password_password"), ofbizPass): Text 'cabiautomation' is set on object 'Object Repository/virualShowRSVPOR/Page_/input_Password_password'

2019-07-02 17:44:20 - [MESSAGE][PASSED] - Text 'cabiautomation' is set on object 'Object Repository/virualShowRSVPOR/Page_/input_Password_password'

2019-07-02 17:44:20 - [TEST_STEP][PASSED] - click(findTestObject("Object Repository/virualShowRSVPOR/Page_/input_Password_Submit")): Object: 'Object Repository/virualShowRSVPOR/Page_/input_Password_Submit' is clicked on

2019-07-02 17:44:24 - [MESSAGE][PASSED] - Object: 'Object Repository/virualShowRSVPOR/Page_/input_Password_Submit' is clicked on

2019-07-02 17:44:24 - [TEST_STEP][PASSED] - click(findTestObject("Object Repository/virualShowRSVPOR/Page_/a_Set Vhost")): Object: 'Object Repository/virualShowRSVPOR/Page_/a_Set Vhost' is clicked on

2019-07-02 17:44:24 - [MESSAGE][PASSED] - Object: 'Object Repository/virualShowRSVPOR/Page_/a_Set Vhost' is clicked on

2019-07-02 17:44:24 - [TEST_STEP][PASSED] - click(UtilityMethods.createTestObject("select_target", "//select[@name='Target']/option[contains(text(), '", vhostTarget, "')]")): Object: 'select_target' is clicked on

2019-07-02 17:44:25 - [MESSAGE][PASSED] - Object: 'select_target' is clicked on

2019-07-02 17:44:25 - [TEST_STEP][PASSED] - click(findTestObject("Object Repository/virualShowRSVPOR/Page_/input")): Object: 'Object Repository/virualShowRSVPOR/Page_/input' is clicked on

2019-07-02 17:44:27 - [MESSAGE][PASSED] - Object: 'Object Repository/virualShowRSVPOR/Page_/input' is clicked on

2019-07-02 17:44:27 - [MESSAGE][PASSED] - Call Test Case 'Test Cases/TestCaseUtilities/setVHost' successfully

2019-07-02 17:44:27 - [TEST_STEP][PASSED] - navigateToUrl(micrositeURL): Navigate to 'https://mirandakate.cabisandbox.com/show-microsite/104610801/' successfully

2019-07-02 17:44:47 - [MESSAGE][PASSED] - Navigate to 'https://mirandakate.cabisandbox.com/show-microsite/104610801/' successfully

2019-07-02 17:44:47 - [TEST_STEP][PASSED] - delay(12): Delayed 12 second(s)

2019-07-02 17:44:59 - [MESSAGE][PASSED] - Delayed 12 second(s)

2019-07-02 17:44:59 - [TEST_STEP][PASSED] - verifyElementText(findTestObject("Object Repository/virualShowRSVPOR/Page_Show microsite/h1_Youre invited"), "You're invited to Front Row"): Actual text and expected text of test object 'Object Repository/virualShowRSVPOR/Page_Show microsite/h1_Youre invited' are matched.

2019-07-02 17:44:59 - [MESSAGE][PASSED] - Actual text and expected text of test object 'Object Repository/virualShowRSVPOR/Page_Show microsite/h1_Youre invited' are matched.

2019-07-02 17:44:59 - [TEST_STEP][PASSED] - click(findTestObject("Object Repository/virualShowRSVPOR/Page_Show microsite/button_Login to RSVP")): Object: 'Object Repository/virualShowRSVPOR/Page_Show microsite/button_Login to RSVP' is clicked on

2019-07-02 17:44:59 - [MESSAGE][PASSED] - Object: 'Object Repository/virualShowRSVPOR/Page_Show microsite/button_Login to RSVP' is clicked on

2019-07-02 17:44:59 - [TEST_STEP][PASSED] - setText(findTestObject("Object Repository/virualShowRSVPOR/Page_Show microsite/input_Sign in  Create account_email"), guest1Mail): Text 'sushantguest1@test.com' is set on object 'Object Repository/virualShowRSVPOR/Page_Show microsite/input_Sign in  Create account_email'

2019-07-02 17:45:02 - [MESSAGE][PASSED] - Text 'sushantguest1@test.com' is set on object 'Object Repository/virualShowRSVPOR/Page_Show microsite/input_Sign in  Create account_email'

2019-07-02 17:45:02 - [TEST_STEP][PASSED] - click(findTestObject("Object Repository/virualShowRSVPOR/Page_Show microsite/button_Continue")): Object: 'Object Repository/virualShowRSVPOR/Page_Show microsite/button_Continue' is clicked on

2019-07-02 17:45:02 - [MESSAGE][PASSED] - Object: 'Object Repository/virualShowRSVPOR/Page_Show microsite/button_Continue' is clicked on

2019-07-02 17:45:02 - [TEST_STEP][PASSED] - delay(5): Delayed 5 second(s)

2019-07-02 17:45:07 - [MESSAGE][PASSED] - Delayed 5 second(s)

2019-07-02 17:45:07 - [TEST_STEP][PASSED] - setText(findTestObject("Object Repository/virualShowRSVPOR/Page_Show microsite/input_Welcome_password"), guest1Pass): Text 'blackdress19' is set on object 'Object Repository/virualShowRSVPOR/Page_Show microsite/input_Welcome_password'

2019-07-02 17:45:08 - [MESSAGE][PASSED] - Text 'blackdress19' is set on object 'Object Repository/virualShowRSVPOR/Page_Show microsite/input_Welcome_password'

2019-07-02 17:45:08 - [TEST_STEP][PASSED] - click(findTestObject("Object Repository/virualShowRSVPOR/Page_Show microsite/button_Continue")): Object: 'Object Repository/virualShowRSVPOR/Page_Show microsite/button_Continue' is clicked on

2019-07-02 17:45:08 - [MESSAGE][PASSED] - Object: 'Object Repository/virualShowRSVPOR/Page_Show microsite/button_Continue' is clicked on

2019-07-02 17:45:08 - [TEST_STEP][PASSED] - delay(5): Delayed 5 second(s)

2019-07-02 17:45:13 - [MESSAGE][PASSED] - Delayed 5 second(s)

2019-07-02 17:45:13 - [TEST_STEP][PASSED] - if (verifyElementPresent(findTestObject("Object Repository/virualShowRSVPOR/Page_Show microsite/complete_my_profile_later"), 0)): Object: 'Object Repository/virualShowRSVPOR/Page_Show microsite/div_Ill complete my profile later' is clicked on

2019-07-02 17:45:13 - [MESSAGE][WARNING] - Timeout '0' is invalid. Using default page load timeout: '30'

2019-07-02 17:45:13 - [MESSAGE][PASSED] - Object 'Object Repository/virualShowRSVPOR/Page_Show microsite/complete_my_profile_later' is present

2019-07-02 17:45:13 - [TEST_STEP][PASSED] - click(findTestObject("Object Repository/virualShowRSVPOR/Page_Show microsite/div_Ill complete my profile later")): Object: 'Object Repository/virualShowRSVPOR/Page_Show microsite/div_Ill complete my profile later' is clicked on

2019-07-02 17:45:24 - [MESSAGE][PASSED] - Object: 'Object Repository/virualShowRSVPOR/Page_Show microsite/div_Ill complete my profile later' is clicked on

2019-07-02 17:45:24 - [TEST_STEP][PASSED] - listElement = findWebElements(findTestObject("Object Repository/virualShowRSVPOR/Page_Show microsite/div_Update your RSVP"), 5): Unable to find the element located by 'By.xpath: //*[contains(text(), 'Update your RSVP')]'. Please recheck the objects properties to make sure the desired element is located. 

2019-07-02 17:45:30 - [MESSAGE][INFO] - Unable to find the element located by 'By.xpath: //*[contains(text(), 'Update your RSVP')]'. Please recheck the objects properties to make sure the desired element is located. 

2019-07-02 17:45:30 - [TEST_STEP][PASSED] - if (empty): Actual text and expected text of test object 'Object Repository/virualShowRSVPOR/Page_Show microsite/h2_Were so glad you can make it.' are matched.

2019-07-02 17:45:30 - [TEST_STEP][PASSED] - println("list is empty"): null

2019-07-02 17:45:30 - [TEST_STEP][PASSED] - println("RSVP is not updated"): null

2019-07-02 17:45:30 - [TEST_STEP][PASSED] - click(findTestObject("Object Repository/virualShowRSVPOR/Page_Show microsite/button_RSVP")): Object: 'Object Repository/virualShowRSVPOR/Page_Show microsite/button_RSVP' is clicked on

2019-07-02 17:45:30 - [MESSAGE][PASSED] - Object: 'Object Repository/virualShowRSVPOR/Page_Show microsite/button_RSVP' is clicked on

2019-07-02 17:45:30 - [TEST_STEP][PASSED] - click(findTestObject("Object Repository/virualShowRSVPOR/Page_Show microsite/select_rsvp_yes")): Object: 'Object Repository/virualShowRSVPOR/Page_Show microsite/select_rsvp_yes' is clicked on

2019-07-02 17:45:30 - [MESSAGE][PASSED] - Object: 'Object Repository/virualShowRSVPOR/Page_Show microsite/select_rsvp_yes' is clicked on

2019-07-02 17:45:30 - [TEST_STEP][PASSED] - click(findTestObject("Object Repository/virualShowRSVPOR/Page_Show microsite/button_SEND")): Object: 'Object Repository/virualShowRSVPOR/Page_Show microsite/button_SEND' is clicked on

2019-07-02 17:45:31 - [MESSAGE][PASSED] - Object: 'Object Repository/virualShowRSVPOR/Page_Show microsite/button_SEND' is clicked on

2019-07-02 17:45:31 - [TEST_STEP][PASSED] - delay(4): Delayed 4 second(s)

2019-07-02 17:45:35 - [MESSAGE][PASSED] - Delayed 4 second(s)

2019-07-02 17:45:35 - [TEST_STEP][PASSED] - verifyElementText(findTestObject("Object Repository/virualShowRSVPOR/Page_Show microsite/h2_Were so glad you can make it."), "We're so glad you can make it."): Actual text and expected text of test object 'Object Repository/virualShowRSVPOR/Page_Show microsite/h2_Were so glad you can make it.' are matched.

2019-07-02 17:45:35 - [MESSAGE][PASSED] - Actual text and expected text of test object 'Object Repository/virualShowRSVPOR/Page_Show microsite/h2_Were so glad you can make it.' are matched.

2019-07-02 17:45:35 - [TEST_STEP][PASSED] - delay(5): Delayed 5 second(s)

2019-07-02 17:45:40 - [MESSAGE][PASSED] - Delayed 5 second(s)

2019-07-02 17:45:40 - [TEST_STEP][PASSED] - click(findTestObject("Object Repository/virualShowRSVPOR/Page_Show microsite/div_Update your RSVP")): Object: 'Object Repository/virualShowRSVPOR/Page_Show microsite/div_Update your RSVP' is clicked on

2019-07-02 17:45:40 - [MESSAGE][PASSED] - Object: 'Object Repository/virualShowRSVPOR/Page_Show microsite/div_Update your RSVP' is clicked on

2019-07-02 17:45:40 - [TEST_STEP][PASSED] - delay(5): Delayed 5 second(s)

2019-07-02 17:45:45 - [MESSAGE][PASSED] - Delayed 5 second(s)

2019-07-02 17:45:45 - [TEST_STEP][PASSED] - click(findTestObject("Object Repository/virualShowRSVPOR/Page_Show microsite/select_rsvp_maybe")): Object: 'Object Repository/virualShowRSVPOR/Page_Show microsite/select_rsvp_maybe' is clicked on

2019-07-02 17:45:45 - [MESSAGE][PASSED] - Object: 'Object Repository/virualShowRSVPOR/Page_Show microsite/select_rsvp_maybe' is clicked on

2019-07-02 17:45:45 - [TEST_STEP][PASSED] - click(findTestObject("Object Repository/virualShowRSVPOR/Page_Show microsite/select_rsvp_no")): Object: 'Object Repository/virualShowRSVPOR/Page_Show microsite/select_rsvp_no' is clicked on

2019-07-02 17:45:45 - [MESSAGE][PASSED] - Object: 'Object Repository/virualShowRSVPOR/Page_Show microsite/select_rsvp_no' is clicked on

2019-07-02 17:45:45 - [TEST_STEP][PASSED] - click(findTestObject("Object Repository/virualShowRSVPOR/Page_Show microsite/select_rsvp_maybe")): Object: 'Object Repository/virualShowRSVPOR/Page_Show microsite/select_rsvp_maybe' is clicked on

2019-07-02 17:45:45 - [MESSAGE][PASSED] - Object: 'Object Repository/virualShowRSVPOR/Page_Show microsite/select_rsvp_maybe' is clicked on

2019-07-02 17:45:45 - [TEST_STEP][PASSED] - click(findTestObject("Object Repository/virualShowRSVPOR/Page_Show microsite/button_SEND")): Object: 'Object Repository/virualShowRSVPOR/Page_Show microsite/button_SEND' is clicked on

2019-07-02 17:45:45 - [MESSAGE][PASSED] - Object: 'Object Repository/virualShowRSVPOR/Page_Show microsite/button_SEND' is clicked on

2019-07-02 17:45:45 - [TEST_STEP][PASSED] - delay(5): Delayed 5 second(s)

2019-07-02 17:45:50 - [MESSAGE][PASSED] - Delayed 5 second(s)

2019-07-02 17:45:50 - [TEST_STEP][PASSED] - verifyElementText(findTestObject("Object Repository/virualShowRSVPOR/Page_Show microsite/h2_We hope youll be able to attend."), "We hope you'll be able to attend."): Actual text and expected text of test object 'Object Repository/virualShowRSVPOR/Page_Show microsite/h2_We hope youll be able to attend.' are matched.

2019-07-02 17:45:50 - [MESSAGE][PASSED] - Actual text and expected text of test object 'Object Repository/virualShowRSVPOR/Page_Show microsite/h2_We hope youll be able to attend.' are matched.

2019-07-02 17:45:50 - [TEST_STEP][PASSED] - click(findTestObject("Object Repository/virualShowRSVPOR/Page_Show microsite/div_Update your RSVP")): Object: 'Object Repository/virualShowRSVPOR/Page_Show microsite/div_Update your RSVP' is clicked on

2019-07-02 17:45:51 - [MESSAGE][PASSED] - Object: 'Object Repository/virualShowRSVPOR/Page_Show microsite/div_Update your RSVP' is clicked on

2019-07-02 17:45:51 - [TEST_STEP][PASSED] - click(findTestObject("Object Repository/virualShowRSVPOR/Page_Show microsite/select_rsvp_no")): Object: 'Object Repository/virualShowRSVPOR/Page_Show microsite/select_rsvp_no' is clicked on

2019-07-02 17:45:51 - [MESSAGE][PASSED] - Object: 'Object Repository/virualShowRSVPOR/Page_Show microsite/select_rsvp_no' is clicked on

2019-07-02 17:45:51 - [TEST_STEP][PASSED] - click(findTestObject("Object Repository/virualShowRSVPOR/Page_Show microsite/button_SEND")): Object: 'Object Repository/virualShowRSVPOR/Page_Show microsite/button_SEND' is clicked on

2019-07-02 17:45:51 - [MESSAGE][PASSED] - Object: 'Object Repository/virualShowRSVPOR/Page_Show microsite/button_SEND' is clicked on

2019-07-02 17:45:51 - [TEST_STEP][PASSED] - delay(5): Delayed 5 second(s)

2019-07-02 17:45:56 - [MESSAGE][PASSED] - Delayed 5 second(s)

2019-07-02 17:45:56 - [TEST_STEP][PASSED] - verifyElementText(findTestObject("Object Repository/virualShowRSVPOR/Page_Show microsite/h2_Sorry you cant make it."), "Sorry you can't make it."): Actual text and expected text of test object 'Object Repository/virualShowRSVPOR/Page_Show microsite/h2_Sorry you cant make it.' are matched.

2019-07-02 17:45:56 - [MESSAGE][PASSED] - Actual text and expected text of test object 'Object Repository/virualShowRSVPOR/Page_Show microsite/h2_Sorry you cant make it.' are matched.

2019-07-02 17:45:56 - [TEST_STEP][PASSED] - click(findTestObject("Object Repository/virualShowRSVPOR/Page_Show microsite/div_Update your RSVP")): Object: 'Object Repository/virualShowRSVPOR/Page_Show microsite/div_Update your RSVP' is clicked on

2019-07-02 17:45:56 - [MESSAGE][PASSED] - Object: 'Object Repository/virualShowRSVPOR/Page_Show microsite/div_Update your RSVP' is clicked on

2019-07-02 17:45:56 - [TEST_STEP][PASSED] - click(findTestObject("Object Repository/virualShowRSVPOR/Page_Show microsite/select_rsvp_yes")): Object: 'Object Repository/virualShowRSVPOR/Page_Show microsite/select_rsvp_yes' is clicked on

2019-07-02 17:45:56 - [MESSAGE][PASSED] - Object: 'Object Repository/virualShowRSVPOR/Page_Show microsite/select_rsvp_yes' is clicked on

2019-07-02 17:45:56 - [TEST_STEP][PASSED] - click(findTestObject("Object Repository/virualShowRSVPOR/Page_Show microsite/button_SEND")): Object: 'Object Repository/virualShowRSVPOR/Page_Show microsite/button_SEND' is clicked on

2019-07-02 17:45:56 - [MESSAGE][PASSED] - Object: 'Object Repository/virualShowRSVPOR/Page_Show microsite/button_SEND' is clicked on

2019-07-02 17:45:56 - [TEST_STEP][PASSED] - delay(5): Delayed 5 second(s)

2019-07-02 17:46:01 - [MESSAGE][PASSED] - Delayed 5 second(s)

2019-07-02 17:46:01 - [TEST_STEP][PASSED] - verifyElementText(findTestObject("Object Repository/virualShowRSVPOR/Page_Show microsite/h2_Were so glad you can make it."), "We're so glad you can make it."): Actual text and expected text of test object 'Object Repository/virualShowRSVPOR/Page_Show microsite/h2_Were so glad you can make it.' are matched.

2019-07-02 17:46:02 - [MESSAGE][PASSED] - Actual text and expected text of test object 'Object Repository/virualShowRSVPOR/Page_Show microsite/h2_Were so glad you can make it.' are matched.

2019-07-02 17:46:02 - [TEST_STEP][PASSED] - delay(5): Delayed 5 second(s)

2019-07-02 17:46:07 - [MESSAGE][PASSED] - Delayed 5 second(s)

2019-07-02 17:46:07 - [TEST_STEP][PASSED] - click(findTestObject("Object Repository/virualShowRSVPOR/Page_Show microsite/profile_dropdown")): Object: 'Object Repository/virualShowRSVPOR/Page_Show microsite/profile_dropdown' is clicked on

2019-07-02 17:46:07 - [MESSAGE][PASSED] - Object: 'Object Repository/virualShowRSVPOR/Page_Show microsite/profile_dropdown' is clicked on

2019-07-02 17:46:07 - [TEST_STEP][PASSED] - click(findTestObject("Object Repository/virualShowRSVPOR/Page_Show microsite/a_Sign Out")): Object: 'Object Repository/virualShowRSVPOR/Page_Show microsite/a_Sign Out' is clicked on

2019-07-02 17:46:07 - [MESSAGE][PASSED] - Object: 'Object Repository/virualShowRSVPOR/Page_Show microsite/a_Sign Out' is clicked on

2019-07-02 17:46:07 - [TEST_STEP][PASSED] - click(findTestObject("Object Repository/virualShowRSVPOR/Page_Show microsite/button_Sign out")): Object: 'Object Repository/virualShowRSVPOR/Page_Show microsite/button_Sign out' is clicked on

2019-07-02 17:46:07 - [MESSAGE][PASSED] - Object: 'Object Repository/virualShowRSVPOR/Page_Show microsite/button_Sign out' is clicked on

2019-07-02 17:46:07 - [TEST_STEP][PASSED] - delay(5): Delayed 5 second(s)

2019-07-02 17:46:12 - [MESSAGE][PASSED] - Delayed 5 second(s)

2019-07-02 17:46:12 - [TEST_STEP][PASSED] - navigateToUrl(micrositeURL): Navigate to 'https://mirandakate.cabisandbox.com/show-microsite/104610801/' successfully

2019-07-02 17:46:32 - [MESSAGE][PASSED] - Navigate to 'https://mirandakate.cabisandbox.com/show-microsite/104610801/' successfully

2019-07-02 17:46:32 - [TEST_STEP][PASSED] - delay(5): Delayed 5 second(s)

2019-07-02 17:46:37 - [MESSAGE][PASSED] - Delayed 5 second(s)

2019-07-02 17:46:37 - [TEST_STEP][PASSED] - verifyElementText(findTestObject("Object Repository/virualShowRSVPOR/Page_Show microsite/h1_Youre invited"), "You're invited to Front Row"): Actual text and expected text of test object 'Object Repository/virualShowRSVPOR/Page_Show microsite/h1_Youre invited' are matched.

2019-07-02 17:46:37 - [MESSAGE][PASSED] - Actual text and expected text of test object 'Object Repository/virualShowRSVPOR/Page_Show microsite/h1_Youre invited' are matched.

2019-07-02 17:46:37 - [TEST_STEP][PASSED] - delay(5): Delayed 5 second(s)

2019-07-02 17:46:42 - [MESSAGE][PASSED] - Delayed 5 second(s)

2019-07-02 17:46:42 - [TEST_STEP][PASSED] - click(findTestObject("Object Repository/virualShowRSVPOR/Page_Show microsite/button_Login to RSVP")): Object: 'Object Repository/virualShowRSVPOR/Page_Show microsite/button_Login to RSVP' is clicked on

2019-07-02 17:46:42 - [MESSAGE][PASSED] - Object: 'Object Repository/virualShowRSVPOR/Page_Show microsite/button_Login to RSVP' is clicked on

2019-07-02 17:46:42 - [TEST_STEP][PASSED] - setText(findTestObject("Object Repository/virualShowRSVPOR/Page_Show microsite/input_Sign in  Create account_email"), guestUninvitedMail): Text 'michigan@na.com' is set on object 'Object Repository/virualShowRSVPOR/Page_Show microsite/input_Sign in  Create account_email'

2019-07-02 17:46:45 - [MESSAGE][PASSED] - Text 'michigan@na.com' is set on object 'Object Repository/virualShowRSVPOR/Page_Show microsite/input_Sign in  Create account_email'

2019-07-02 17:46:45 - [TEST_STEP][PASSED] - click(findTestObject("Object Repository/virualShowRSVPOR/Page_Show microsite/button_Continue")): Object: 'Object Repository/virualShowRSVPOR/Page_Show microsite/button_Continue' is clicked on

2019-07-02 17:46:45 - [MESSAGE][PASSED] - Object: 'Object Repository/virualShowRSVPOR/Page_Show microsite/button_Continue' is clicked on

2019-07-02 17:46:45 - [TEST_STEP][PASSED] - setText(findTestObject("Object Repository/virualShowRSVPOR/Page_Show microsite/input_Welcome_password"), guestUninvitedPass): Text 'blackdress19' is set on object 'Object Repository/virualShowRSVPOR/Page_Show microsite/input_Welcome_password'

2019-07-02 17:46:46 - [MESSAGE][PASSED] - Text 'blackdress19' is set on object 'Object Repository/virualShowRSVPOR/Page_Show microsite/input_Welcome_password'

2019-07-02 17:46:46 - [TEST_STEP][PASSED] - click(findTestObject("Object Repository/virualShowRSVPOR/Page_Show microsite/button_Continue")): Object: 'Object Repository/virualShowRSVPOR/Page_Show microsite/button_Continue' is clicked on

2019-07-02 17:46:46 - [MESSAGE][PASSED] - Object: 'Object Repository/virualShowRSVPOR/Page_Show microsite/button_Continue' is clicked on

2019-07-02 17:46:46 - [TEST_STEP][PASSED] - delay(5): Delayed 5 second(s)

2019-07-02 17:46:52 - [MESSAGE][PASSED] - Delayed 5 second(s)

2019-07-02 17:46:52 - [TEST_STEP][PASSED] - if (verifyElementPresent(findTestObject("Object Repository/virualShowRSVPOR/Page_Show microsite/complete_my_profile_later"), 0)): Object: 'Object Repository/virualShowRSVPOR/Page_Show microsite/div_Ill complete my profile later' is clicked on

2019-07-02 17:46:52 - [MESSAGE][WARNING] - Timeout '0' is invalid. Using default page load timeout: '30'

2019-07-02 17:46:52 - [MESSAGE][PASSED] - Object 'Object Repository/virualShowRSVPOR/Page_Show microsite/complete_my_profile_later' is present

2019-07-02 17:46:52 - [TEST_STEP][PASSED] - click(findTestObject("Object Repository/virualShowRSVPOR/Page_Show microsite/div_Ill complete my profile later")): Object: 'Object Repository/virualShowRSVPOR/Page_Show microsite/div_Ill complete my profile later' is clicked on

2019-07-02 17:47:02 - [MESSAGE][PASSED] - Object: 'Object Repository/virualShowRSVPOR/Page_Show microsite/div_Ill complete my profile later' is clicked on

2019-07-02 17:47:02 - [TEST_STEP][PASSED] - delay(5): Delayed 5 second(s)

2019-07-02 17:47:07 - [MESSAGE][PASSED] - Delayed 5 second(s)

2019-07-02 17:47:07 - [TEST_STEP][PASSED] - verifyElementText(findTestObject("Object Repository/virualShowRSVPOR/Page_Show microsite/uninvited_user_msg"), "Your name doesn't seem to be on the guest list. Contact your Hostess or Stylist for more information."): Actual text and expected text of test object 'Object Repository/virualShowRSVPOR/Page_Show microsite/uninvited_user_msg' are matched.

2019-07-02 17:47:07 - [MESSAGE][PASSED] - Actual text and expected text of test object 'Object Repository/virualShowRSVPOR/Page_Show microsite/uninvited_user_msg' are matched.

2019-07-02 17:47:07 - [TEST_STEP][PASSED] - delay(5): Delayed 5 second(s)

2019-07-02 17:47:12 - [MESSAGE][PASSED] - Delayed 5 second(s)

2019-07-02 17:47:12 - [TEST_STEP][PASSED] - click(findTestObject("Object Repository/virualShowRSVPOR/Page_Show microsite/profile_dropdown")): Object: 'Object Repository/virualShowRSVPOR/Page_Show microsite/profile_dropdown' is clicked on

2019-07-02 17:47:12 - [MESSAGE][PASSED] - Object: 'Object Repository/virualShowRSVPOR/Page_Show microsite/profile_dropdown' is clicked on

2019-07-02 17:47:12 - [TEST_STEP][PASSED] - click(findTestObject("Object Repository/virualShowRSVPOR/Page_Show microsite/a_Sign Out")): Object: 'Object Repository/virualShowRSVPOR/Page_Show microsite/a_Sign Out' is clicked on

2019-07-02 17:47:13 - [MESSAGE][PASSED] - Object: 'Object Repository/virualShowRSVPOR/Page_Show microsite/a_Sign Out' is clicked on

2019-07-02 17:47:13 - [TEST_STEP][PASSED] - click(findTestObject("Object Repository/virualShowRSVPOR/Page_Show microsite/button_Sign out")): Object: 'Object Repository/virualShowRSVPOR/Page_Show microsite/button_Sign out' is clicked on

2019-07-02 17:47:13 - [MESSAGE][PASSED] - Object: 'Object Repository/virualShowRSVPOR/Page_Show microsite/button_Sign out' is clicked on

2019-07-02 17:47:13 - [TEST_STEP][PASSED] - delay(5): Delayed 5 second(s)

2019-07-02 17:47:18 - [MESSAGE][PASSED] - Delayed 5 second(s)

2019-07-02 17:47:18 - [TEST_STEP][PASSED] - navigateToUrl(micrositeURL): Navigate to 'https://mirandakate.cabisandbox.com/show-microsite/104610801/' successfully

2019-07-02 17:47:37 - [MESSAGE][PASSED] - Navigate to 'https://mirandakate.cabisandbox.com/show-microsite/104610801/' successfully

2019-07-02 17:47:37 - [TEST_STEP][PASSED] - delay(5): Delayed 5 second(s)

2019-07-02 17:47:42 - [MESSAGE][PASSED] - Delayed 5 second(s)

2019-07-02 17:47:42 - [TEST_STEP][PASSED] - verifyElementText(findTestObject("Object Repository/virualShowRSVPOR/Page_Show microsite/h1_Youre invited"), "You're invited to Front Row"): Actual text and expected text of test object 'Object Repository/virualShowRSVPOR/Page_Show microsite/h1_Youre invited' are matched.

2019-07-02 17:47:43 - [MESSAGE][PASSED] - Actual text and expected text of test object 'Object Repository/virualShowRSVPOR/Page_Show microsite/h1_Youre invited' are matched.

2019-07-02 17:47:43 - [TEST_STEP][PASSED] - delay(5): Delayed 5 second(s)

2019-07-02 17:47:48 - [MESSAGE][PASSED] - Delayed 5 second(s)

2019-07-02 17:47:48 - [TEST_STEP][PASSED] - click(findTestObject("Object Repository/virualShowRSVPOR/Page_Show microsite/button_Login to RSVP")): Object: 'Object Repository/virualShowRSVPOR/Page_Show microsite/button_Login to RSVP' is clicked on

2019-07-02 17:47:48 - [MESSAGE][PASSED] - Object: 'Object Repository/virualShowRSVPOR/Page_Show microsite/button_Login to RSVP' is clicked on

2019-07-02 17:47:48 - [TEST_STEP][PASSED] - setText(findTestObject("Object Repository/virualShowRSVPOR/Page_Show microsite/input_Sign in  Create account_email"), hostessMail): Text 'sushanthost@test.com' is set on object 'Object Repository/virualShowRSVPOR/Page_Show microsite/input_Sign in  Create account_email'

2019-07-02 17:47:51 - [MESSAGE][PASSED] - Text 'sushanthost@test.com' is set on object 'Object Repository/virualShowRSVPOR/Page_Show microsite/input_Sign in  Create account_email'

2019-07-02 17:47:51 - [TEST_STEP][PASSED] - click(findTestObject("Object Repository/virualShowRSVPOR/Page_Show microsite/button_Continue")): Object: 'Object Repository/virualShowRSVPOR/Page_Show microsite/button_Continue' is clicked on

2019-07-02 17:47:51 - [MESSAGE][PASSED] - Object: 'Object Repository/virualShowRSVPOR/Page_Show microsite/button_Continue' is clicked on

2019-07-02 17:47:51 - [TEST_STEP][PASSED] - setText(findTestObject("Object Repository/virualShowRSVPOR/Page_Show microsite/input_Welcome_password"), hostessPass): Text 'blackdress19' is set on object 'Object Repository/virualShowRSVPOR/Page_Show microsite/input_Welcome_password'

2019-07-02 17:47:52 - [MESSAGE][PASSED] - Text 'blackdress19' is set on object 'Object Repository/virualShowRSVPOR/Page_Show microsite/input_Welcome_password'

2019-07-02 17:47:52 - [TEST_STEP][PASSED] - click(findTestObject("Object Repository/virualShowRSVPOR/Page_Show microsite/button_Continue")): Object: 'Object Repository/virualShowRSVPOR/Page_Show microsite/button_Continue' is clicked on

2019-07-02 17:47:52 - [MESSAGE][PASSED] - Object: 'Object Repository/virualShowRSVPOR/Page_Show microsite/button_Continue' is clicked on

2019-07-02 17:47:52 - [TEST_STEP][PASSED] - delay(5): Delayed 5 second(s)

2019-07-02 17:47:57 - [MESSAGE][PASSED] - Delayed 5 second(s)

2019-07-02 17:47:58 - [TEST_STEP][PASSED] - if (verifyElementPresent(findTestObject("Object Repository/virualShowRSVPOR/Page_Show microsite/complete_my_profile_later"), 0)): Object: 'Object Repository/virualShowRSVPOR/Page_Show microsite/div_Ill complete my profile later' is clicked on

2019-07-02 17:47:58 - [MESSAGE][WARNING] - Timeout '0' is invalid. Using default page load timeout: '30'

2019-07-02 17:47:58 - [MESSAGE][PASSED] - Object 'Object Repository/virualShowRSVPOR/Page_Show microsite/complete_my_profile_later' is present

2019-07-02 17:47:58 - [TEST_STEP][PASSED] - click(findTestObject("Object Repository/virualShowRSVPOR/Page_Show microsite/div_Ill complete my profile later")): Object: 'Object Repository/virualShowRSVPOR/Page_Show microsite/div_Ill complete my profile later' is clicked on

2019-07-02 17:48:08 - [MESSAGE][PASSED] - Object: 'Object Repository/virualShowRSVPOR/Page_Show microsite/div_Ill complete my profile later' is clicked on

2019-07-02 17:48:08 - [TEST_STEP][PASSED] - delay(5): Delayed 5 second(s)

2019-07-02 17:48:13 - [MESSAGE][PASSED] - Delayed 5 second(s)

2019-07-02 17:48:13 - [TEST_STEP][PASSED] - verifyElementText(findTestObject("virualShowRSVPOR/Page_Show microsite/h2_Thanks for hosting"), "Thanks for hosting."): Actual text and expected text of test object 'Object Repository/virualShowRSVPOR/Page_Show microsite/h2_Thanks for hosting' are matched.

2019-07-02 17:48:13 - [MESSAGE][PASSED] - Actual text and expected text of test object 'Object Repository/virualShowRSVPOR/Page_Show microsite/h2_Thanks for hosting' are matched.

2019-07-02 17:48:13 - [TEST_STEP][PASSED] - delay(5): Delayed 5 second(s)

2019-07-02 17:48:18 - [MESSAGE][PASSED] - Delayed 5 second(s)

2019-07-02 17:48:18 - [TEST_STEP][PASSED] - click(findTestObject("Object Repository/virualShowRSVPOR/Page_Show microsite/profile_dropdown")): Object: 'Object Repository/virualShowRSVPOR/Page_Show microsite/profile_dropdown' is clicked on

2019-07-02 17:48:18 - [MESSAGE][PASSED] - Object: 'Object Repository/virualShowRSVPOR/Page_Show microsite/profile_dropdown' is clicked on

2019-07-02 17:48:18 - [TEST_STEP][PASSED] - click(findTestObject("Object Repository/virualShowRSVPOR/Page_Show microsite/a_Sign Out")): Object: 'Object Repository/virualShowRSVPOR/Page_Show microsite/a_Sign Out' is clicked on

2019-07-02 17:48:19 - [MESSAGE][PASSED] - Object: 'Object Repository/virualShowRSVPOR/Page_Show microsite/a_Sign Out' is clicked on

2019-07-02 17:48:19 - [TEST_STEP][PASSED] - click(findTestObject("Object Repository/virualShowRSVPOR/Page_Show microsite/button_Sign out")): Object: 'Object Repository/virualShowRSVPOR/Page_Show microsite/button_Sign out' is clicked on

2019-07-02 17:48:19 - [MESSAGE][PASSED] - Object: 'Object Repository/virualShowRSVPOR/Page_Show microsite/button_Sign out' is clicked on

2019-07-02 17:48:19 - [TEST_STEP][PASSED] - delay(5): Delayed 5 second(s)

2019-07-02 17:48:24 - [MESSAGE][PASSED] - Delayed 5 second(s)

2019-07-02 17:48:24 - [TEST_STEP][PASSED] - navigateToUrl(micrositeURL): Navigate to 'https://mirandakate.cabisandbox.com/show-microsite/104610801/' successfully

2019-07-02 17:48:43 - [MESSAGE][PASSED] - Navigate to 'https://mirandakate.cabisandbox.com/show-microsite/104610801/' successfully

2019-07-02 17:48:43 - [TEST_STEP][PASSED] - delay(5): Delayed 5 second(s)

2019-07-02 17:48:48 - [MESSAGE][PASSED] - Delayed 5 second(s)

2019-07-02 17:48:48 - [TEST_STEP][PASSED] - verifyElementText(findTestObject("Object Repository/virualShowRSVPOR/Page_Show microsite/h1_Youre invited"), "You're invited to Front Row"): Actual text and expected text of test object 'Object Repository/virualShowRSVPOR/Page_Show microsite/h1_Youre invited' are matched.

2019-07-02 17:48:48 - [MESSAGE][PASSED] - Actual text and expected text of test object 'Object Repository/virualShowRSVPOR/Page_Show microsite/h1_Youre invited' are matched.

2019-07-02 17:48:48 - [TEST_STEP][PASSED] - delay(5): Delayed 5 second(s)

2019-07-02 17:48:53 - [MESSAGE][PASSED] - Delayed 5 second(s)

2019-07-02 17:48:53 - [TEST_STEP][PASSED] - click(findTestObject("Object Repository/virualShowRSVPOR/Page_Show microsite/button_Login to RSVP")): Object: 'Object Repository/virualShowRSVPOR/Page_Show microsite/button_Login to RSVP' is clicked on

2019-07-02 17:48:53 - [MESSAGE][PASSED] - Object: 'Object Repository/virualShowRSVPOR/Page_Show microsite/button_Login to RSVP' is clicked on

2019-07-02 17:48:53 - [TEST_STEP][PASSED] - setText(findTestObject("Object Repository/virualShowRSVPOR/Page_Show microsite/input_Sign in  Create account_email"), cohostessMail): Text 'sushantcohost@test.com' is set on object 'Object Repository/virualShowRSVPOR/Page_Show microsite/input_Sign in  Create account_email'

2019-07-02 17:48:56 - [MESSAGE][PASSED] - Text 'sushantcohost@test.com' is set on object 'Object Repository/virualShowRSVPOR/Page_Show microsite/input_Sign in  Create account_email'

2019-07-02 17:48:56 - [TEST_STEP][PASSED] - click(findTestObject("Object Repository/virualShowRSVPOR/Page_Show microsite/button_Continue")): Object: 'Object Repository/virualShowRSVPOR/Page_Show microsite/button_Continue' is clicked on

2019-07-02 17:48:56 - [MESSAGE][PASSED] - Object: 'Object Repository/virualShowRSVPOR/Page_Show microsite/button_Continue' is clicked on

2019-07-02 17:48:56 - [TEST_STEP][PASSED] - setText(findTestObject("Object Repository/virualShowRSVPOR/Page_Show microsite/input_Welcome_password"), cohostessPass): Text 'blackdress19' is set on object 'Object Repository/virualShowRSVPOR/Page_Show microsite/input_Welcome_password'

2019-07-02 17:48:57 - [MESSAGE][PASSED] - Text 'blackdress19' is set on object 'Object Repository/virualShowRSVPOR/Page_Show microsite/input_Welcome_password'

2019-07-02 17:48:57 - [TEST_STEP][PASSED] - click(findTestObject("Object Repository/virualShowRSVPOR/Page_Show microsite/button_Continue")): Object: 'Object Repository/virualShowRSVPOR/Page_Show microsite/button_Continue' is clicked on

2019-07-02 17:48:57 - [MESSAGE][PASSED] - Object: 'Object Repository/virualShowRSVPOR/Page_Show microsite/button_Continue' is clicked on

2019-07-02 17:48:57 - [TEST_STEP][PASSED] - if (verifyElementPresent(findTestObject("Object Repository/virualShowRSVPOR/Page_Show microsite/complete_my_profile_later"), 5)): Object: 'Object Repository/virualShowRSVPOR/Page_Show microsite/div_Ill complete my profile later' is clicked on

2019-07-02 17:48:59 - [MESSAGE][PASSED] - Object 'Object Repository/virualShowRSVPOR/Page_Show microsite/complete_my_profile_later' is present

2019-07-02 17:48:59 - [TEST_STEP][PASSED] - click(findTestObject("Object Repository/virualShowRSVPOR/Page_Show microsite/div_Ill complete my profile later")): Object: 'Object Repository/virualShowRSVPOR/Page_Show microsite/div_Ill complete my profile later' is clicked on

2019-07-02 17:49:08 - [MESSAGE][PASSED] - Object: 'Object Repository/virualShowRSVPOR/Page_Show microsite/div_Ill complete my profile later' is clicked on

2019-07-02 17:49:08 - [TEST_STEP][PASSED] - delay(5): Delayed 5 second(s)

2019-07-02 17:49:13 - [MESSAGE][PASSED] - Delayed 5 second(s)

2019-07-02 17:49:13 - [TEST_STEP][PASSED] - verifyElementText(findTestObject("virualShowRSVPOR/Page_Show microsite/h2_Thanks for hosting"), "Thanks for hosting."): Actual text and expected text of test object 'Object Repository/virualShowRSVPOR/Page_Show microsite/h2_Thanks for hosting' are matched.

2019-07-02 17:49:13 - [MESSAGE][PASSED] - Actual text and expected text of test object 'Object Repository/virualShowRSVPOR/Page_Show microsite/h2_Thanks for hosting' are matched.

2019-07-02 17:49:13 - [TEST_STEP][PASSED] - delay(5): Delayed 5 second(s)

2019-07-02 17:49:18 - [MESSAGE][PASSED] - Delayed 5 second(s)

2019-07-02 17:49:18 - [TEST_STEP][PASSED] - click(findTestObject("Object Repository/virualShowRSVPOR/Page_Show microsite/profile_dropdown")): Object: 'Object Repository/virualShowRSVPOR/Page_Show microsite/profile_dropdown' is clicked on

2019-07-02 17:49:19 - [MESSAGE][PASSED] - Object: 'Object Repository/virualShowRSVPOR/Page_Show microsite/profile_dropdown' is clicked on

2019-07-02 17:49:19 - [TEST_STEP][PASSED] - click(findTestObject("Object Repository/virualShowRSVPOR/Page_Show microsite/a_Sign Out")): Object: 'Object Repository/virualShowRSVPOR/Page_Show microsite/a_Sign Out' is clicked on

2019-07-02 17:49:19 - [MESSAGE][PASSED] - Object: 'Object Repository/virualShowRSVPOR/Page_Show microsite/a_Sign Out' is clicked on

2019-07-02 17:49:19 - [TEST_STEP][PASSED] - click(findTestObject("Object Repository/virualShowRSVPOR/Page_Show microsite/button_Sign out")): Object: 'Object Repository/virualShowRSVPOR/Page_Show microsite/button_Sign out' is clicked on

2019-07-02 17:49:19 - [MESSAGE][PASSED] - Object: 'Object Repository/virualShowRSVPOR/Page_Show microsite/button_Sign out' is clicked on

2019-07-02 17:49:19 - [TEST_STEP][NOT_RUN] - click(findTestObject("virualShowRSVPOR/Page_Show microsite/signOut")): NOT_RUN: click(findTestObject("virualShowRSVPOR/Page_Show microsite/signOut"))

2019-07-02 17:49:19 - [MESSAGE][NOT_RUN] - NOT_RUN: click(findTestObject("virualShowRSVPOR/Page_Show microsite/signOut"))

2019-07-02 17:49:19 - [TEST_STEP][PASSED] - closeBrowser(): Browser is closed

2019-07-02 17:49:20 - [MESSAGE][PASSED] - Browser is closed]]></system-out>
         <system-err><![CDATA[]]></system-err>
      </testcase>
      <system-out><![CDATA[2019-07-02 17:42:46 - [TEST_SUITE][PASSED] - MicrositeTestSuite: Test Cases/virtualShowRSVP/micrositeRSVPValidUser]]></system-out>
      <system-err><![CDATA[]]></system-err>
   </testsuite>
</testsuites>
