<?xml version="1.0" encoding="UTF-8"?>
<testsuites name="EditOrderSuite" time="231" tests="1" failures="0" errors="0">
   <testsuite name="EditOrderSuite" tests="1" failures="0" errors="0" time="231" timestamp="2019-08-08 21:32:46" hostname="user - 10.0.102.200" id="Test Suites/EditOrderSuites/EditOrderSuite">
      <properties>
         <property name="deviceName" value=""/>
         <property name="devicePlatform" value=""/>
         <property name="logFolder" value="C:\\Users\\user\\Documents\\testautomation\\KatalonProjects\\Reports\\EditOrderSuites\\EditOrderSuite\\20190808_213242"/>
         <property name="logFiles" value="C:\\Users\\user\\Documents\\testautomation\\KatalonProjects\\Reports\\EditOrderSuites\\EditOrderSuite\\20190808_213242\\execution0.log"/>
         <property name="attachments" value=""/>
         <property name="hostName" value="user - 10.0.102.200"/>
         <property name="os" value="Windows 8.1 64bit"/>
         <property name="katalonVersion" value="6.1.1.1"/>
         <property name="browser" value="Chrome 76.0.3809.100"/>
         <property name="hostAddress" value="10.0.102.200"/>
         <property name="sessionId" value="8e8e4f5c925e77100f0529fe902a28f2"/>
         <property name="seleniumVersion" value="3.7.1"/>
         <property name="proxyInformation" value="ProxyInformation{proxyOption=NO_PROXY, proxyServerType=HTTP, password=, proxyServerAddress=, proxyServerPort=0}"/>
         <property name="platform" value="Windows 8.1"/>
      </properties>
      <testcase name="Test Cases/EditOrder/rsEditOrderGiftCard" classname="Test Cases/EditOrder/rsEditOrderGiftCard" status="PASSED">
         <system-out><![CDATA[2019-08-08 21:32:46 - [TEST_CASE][PASSED] - Test Cases/EditOrder/rsEditOrderGiftCard: Test Cases/EditOrder/rsEditOrderGiftCard

2019-08-08 21:32:46 - [TEST_STEP][PASSED] - Start listener action : sampleBeforeTestCase: null

2019-08-08 21:32:46 - [TEST_STEP][PASSED] - println(testCaseContext.getTestCaseId()): null

2019-08-08 21:32:46 - [TEST_STEP][PASSED] - println(testCaseContext.getTestCaseVariables()): null

2019-08-08 21:32:47 - [TEST_STEP][PASSED] - callTestCase(findTestCase("EditOrder/retailOrderBO"), ["editScenarioNumber":3], STOP_ON_FAILURE): Call Test Case 'Test Cases/EditOrder/retailOrderBO' successfully

2019-08-08 21:32:47 - [TEST_CASE][PASSED] - Test Cases/EditOrder/retailOrderBO: Test Cases/EditOrder/retailOrderBO

2019-08-08 21:32:48 - [TEST_STEP][PASSED] - openBrowser(""): Browser is opened with url: ''

2019-08-08 21:32:48 - [MESSAGE][INFO] - Starting 'Chrome' driver

2019-08-08 21:32:48 - [MESSAGE][INFO] - User set preference: ['args', '[--use-fake-ui-for-media-stream, --start-maximized]']

2019-08-08 21:32:48 - [MESSAGE][INFO] - Action delay is set to 0 seconds

2019-08-08 21:32:51 - [MESSAGE][PASSED] - Browser is opened with url: ''

2019-08-08 21:32:51 - [TEST_STEP][PASSED] - driver = getWebDriver(): null

2019-08-08 21:32:51 - [TEST_STEP][PASSED] - executor = driver: null

2019-08-08 21:32:51 - [TEST_STEP][PASSED] - callTestCase(findTestCase("TestCaseUtilities/backOfficeLogin"), ["BOURL":"", "BOuser":"", "BOpass":""], STOP_ON_FAILURE): Call Test Case 'Test Cases/TestCaseUtilities/backOfficeLogin' successfully

2019-08-08 21:32:52 - [TEST_CASE][PASSED] - Test Cases/TestCaseUtilities/backOfficeLogin: Test Cases/TestCaseUtilities/backOfficeLogin

2019-08-08 21:32:52 - [TEST_STEP][PASSED] - BOURL = findTestData("envtData").getValue("BOURL", 1): null

2019-08-08 21:32:53 - [TEST_STEP][PASSED] - BOuser = findTestData("credData").getValue("BOuser", 1): null

2019-08-08 21:32:53 - [TEST_STEP][PASSED] - BOpass = findTestData("credData").getValue("BOpass", 1): null

2019-08-08 21:32:53 - [TEST_STEP][PASSED] - navigateToUrl(BOURL): Navigate to 'https://test19.cliotest.com/backoffice/control/main' successfully

2019-08-08 21:33:03 - [MESSAGE][PASSED] - Navigate to 'https://test19.cliotest.com/backoffice/control/main' successfully

2019-08-08 21:33:03 - [TEST_STEP][PASSED] - logOut = findWebElements(findTestObject("Object Repository/Page_cabi Home/log_out"), 1): Unable to find the element located by 'By.xpath: //a[contains(text(),'Log Out')]'. Please recheck the objects properties to make sure the desired element is located. 

2019-08-08 21:33:04 - [MESSAGE][INFO] - Unable to find the element located by 'By.xpath: //a[contains(text(),'Log Out')]'. Please recheck the objects properties to make sure the desired element is located. 

2019-08-08 21:33:04 - [TEST_STEP][PASSED] - if (logOut.size() == 0): Object: 'Object Repository/Page_cabi/input_Welcome to_consultantLogin' is clicked on

2019-08-08 21:33:04 - [TEST_STEP][PASSED] - setText(findTestObject("Page_cabi/input_Welcome to_USERNAME"), BOuser): Text '400000002' is set on object 'Object Repository/Page_cabi/input_Welcome to_USERNAME'

2019-08-08 21:33:04 - [MESSAGE][PASSED] - Text '400000002' is set on object 'Object Repository/Page_cabi/input_Welcome to_USERNAME'

2019-08-08 21:33:04 - [TEST_STEP][PASSED] - setText(findTestObject("Object Repository/Page_cabi/input_Welcome to_PASSWORD"), BOpass): Text 'blackdress19' is set on object 'Object Repository/Page_cabi/input_Welcome to_PASSWORD'

2019-08-08 21:33:04 - [MESSAGE][PASSED] - Text 'blackdress19' is set on object 'Object Repository/Page_cabi/input_Welcome to_PASSWORD'

2019-08-08 21:33:04 - [TEST_STEP][PASSED] - click(findTestObject("Object Repository/Page_cabi/input_Welcome to_consultantLogin")): Object: 'Object Repository/Page_cabi/input_Welcome to_consultantLogin' is clicked on

2019-08-08 21:33:16 - [MESSAGE][PASSED] - Object: 'Object Repository/Page_cabi/input_Welcome to_consultantLogin' is clicked on

2019-08-08 21:33:16 - [TEST_STEP][PASSED] - delay(3): Delayed 3 second(s)

2019-08-08 21:33:19 - [MESSAGE][PASSED] - Delayed 3 second(s)

2019-08-08 21:33:19 - [MESSAGE][PASSED] - Call Test Case 'Test Cases/TestCaseUtilities/backOfficeLogin' successfully

2019-08-08 21:33:19 - [TEST_STEP][PASSED] - click(findTestObject("Object Repository/Page_cabi Home/a_Shows  Orders")): Object: 'Object Repository/Page_cabi Home/a_Shows  Orders' is clicked on

2019-08-08 21:33:19 - [MESSAGE][PASSED] - Object: 'Object Repository/Page_cabi Home/a_Shows  Orders' is clicked on

2019-08-08 21:33:19 - [TEST_STEP][PASSED] - delay(1): Delayed 1 second(s)

2019-08-08 21:33:20 - [MESSAGE][PASSED] - Delayed 1 second(s)

2019-08-08 21:33:20 - [TEST_STEP][PASSED] - click(findTestObject("Page_cabi Home/a_Shows  Orders")): Object: 'Object Repository/Page_cabi Home/a_Shows  Orders' is clicked on

2019-08-08 21:33:20 - [MESSAGE][PASSED] - Object: 'Object Repository/Page_cabi Home/a_Shows  Orders' is clicked on

2019-08-08 21:33:20 - [TEST_STEP][PASSED] - click(findTestObject("Page_cabi Home/a_retail_purchases")): Object: 'Object Repository/Page_cabi Home/a_retail_purchases' is clicked on

2019-08-08 21:33:25 - [MESSAGE][PASSED] - Object: 'Object Repository/Page_cabi Home/a_retail_purchases' is clicked on

2019-08-08 21:33:25 - [TEST_STEP][PASSED] - delay(3): Delayed 3 second(s)

2019-08-08 21:33:28 - [MESSAGE][PASSED] - Delayed 3 second(s)

2019-08-08 21:33:28 - [TEST_STEP][PASSED] - click(findTestObject("Object Repository/Page_cabi Home/existingCustomer")): Object: 'Object Repository/Page_cabi Home/existingCustomer' is clicked on

2019-08-08 21:33:28 - [MESSAGE][PASSED] - Object: 'Object Repository/Page_cabi Home/existingCustomer' is clicked on

2019-08-08 21:33:28 - [TEST_STEP][PASSED] - contactNumber = 3: null

2019-08-08 21:33:28 - [TEST_STEP][PASSED] - firstName = findTestData("contactData").getValue("firstName", contactNumber): null

2019-08-08 21:33:28 - [TEST_STEP][PASSED] - lastName = findTestData("contactData").getValue("lastName", contactNumber): null

2019-08-08 21:33:28 - [TEST_STEP][PASSED] - email = findTestData("contactData").getValue("email", contactNumber): null

2019-08-08 21:33:28 - [TEST_STEP][PASSED] - address1 = findTestData("contactData").getValue("address1", contactNumber): null

2019-08-08 21:33:28 - [TEST_STEP][PASSED] - city = findTestData("contactData").getValue("city", contactNumber): null

2019-08-08 21:33:28 - [TEST_STEP][PASSED] - state = findTestData("contactData").getValue("state", contactNumber): null

2019-08-08 21:33:28 - [TEST_STEP][PASSED] - zip = findTestData("contactData").getValue("zip", contactNumber): null

2019-08-08 21:33:28 - [TEST_STEP][PASSED] - existingCustFName = firstName: null

2019-08-08 21:33:28 - [TEST_STEP][PASSED] - existingCustLName = lastName: null

2019-08-08 21:33:28 - [TEST_STEP][PASSED] - space = " ": null

2019-08-08 21:33:28 - [TEST_STEP][PASSED] - existingCust = $existingCustFName$space$existingCustLName: null

2019-08-08 21:33:28 - [TEST_STEP][PASSED] - setText(findTestObject("Object Repository/Page_cabi Home/input_existing_guest"), existingCust): Text 'guest1-test abc' is set on object 'Object Repository/Page_cabi Home/input_existing_guest'

2019-08-08 21:33:29 - [MESSAGE][PASSED] - Text 'guest1-test abc' is set on object 'Object Repository/Page_cabi Home/input_existing_guest'

2019-08-08 21:33:29 - [TEST_STEP][PASSED] - delay(2): Delayed 2 second(s)

2019-08-08 21:33:31 - [MESSAGE][PASSED] - Delayed 2 second(s)

2019-08-08 21:33:31 - [TEST_STEP][PASSED] - sendKeys(findTestObject("Object Repository/Page_cabi Home/input_existing_guest"), Keys.chord(ARROW_DOWN)): Keys 'DOWN + ' sent to object: 'Object Repository/Page_cabi Home/input_existing_guest'

2019-08-08 21:33:31 - [MESSAGE][PASSED] - Keys 'DOWN + ' sent to object: 'Object Repository/Page_cabi Home/input_existing_guest'

2019-08-08 21:33:31 - [TEST_STEP][PASSED] - sendKeys(findTestObject("Object Repository/Page_cabi Home/input_existing_guest"), Keys.chord(ENTER)): Keys 'ENTER + ' sent to object: 'Object Repository/Page_cabi Home/input_existing_guest'

2019-08-08 21:33:31 - [MESSAGE][PASSED] - Keys 'ENTER + ' sent to object: 'Object Repository/Page_cabi Home/input_existing_guest'

2019-08-08 21:33:31 - [TEST_STEP][PASSED] - setText(findTestObject("Object Repository/Page_cabi Retail Store/input_email"), email): Text 'guest1-test@test.com' is set on object 'Object Repository/Page_cabi Retail Store/input_email'

2019-08-08 21:33:32 - [MESSAGE][PASSED] - Text 'guest1-test@test.com' is set on object 'Object Repository/Page_cabi Retail Store/input_email'

2019-08-08 21:33:32 - [TEST_STEP][PASSED] - setText(findTestObject("Object Repository/Page_cabi Edit Customer Profile/input_Address1_address1"), address1): Text '975 BRAHMS CT' is set on object 'Object Repository/Page_cabi Edit Customer Profile/input_Address1_address1'

2019-08-08 21:33:32 - [MESSAGE][PASSED] - Text '975 BRAHMS CT' is set on object 'Object Repository/Page_cabi Edit Customer Profile/input_Address1_address1'

2019-08-08 21:33:32 - [TEST_STEP][PASSED] - setText(findTestObject("Object Repository/Page_cabi Edit Customer Profile/input_Address2_address2"), ""): Text '' is set on object 'Object Repository/Page_cabi Edit Customer Profile/input_Address2_address2'

2019-08-08 21:33:32 - [MESSAGE][PASSED] - Text '' is set on object 'Object Repository/Page_cabi Edit Customer Profile/input_Address2_address2'

2019-08-08 21:33:32 - [TEST_STEP][PASSED] - setText(findTestObject("Object Repository/Page_cabi Edit Customer Profile/input_City_city"), city): Text 'TROY' is set on object 'Object Repository/Page_cabi Edit Customer Profile/input_City_city'

2019-08-08 21:33:32 - [MESSAGE][PASSED] - Text 'TROY' is set on object 'Object Repository/Page_cabi Edit Customer Profile/input_City_city'

2019-08-08 21:33:32 - [TEST_STEP][PASSED] - click(findTestObject("Page_cabi Edit Customer Profile/span_select_a_state")): Object: 'Object Repository/Page_cabi Edit Customer Profile/span_select_a_state' is clicked on

2019-08-08 21:33:32 - [MESSAGE][PASSED] - Object: 'Object Repository/Page_cabi Edit Customer Profile/span_select_a_state' is clicked on

2019-08-08 21:33:32 - [TEST_STEP][PASSED] - delay(1): Delayed 1 second(s)

2019-08-08 21:33:33 - [MESSAGE][PASSED] - Delayed 1 second(s)

2019-08-08 21:33:33 - [TEST_STEP][PASSED] - setText(findTestObject("Object Repository/Page_cabi Edit Customer Profile/input_state_1"), state): Text 'Michigan' is set on object 'Object Repository/Page_cabi Edit Customer Profile/input_state_1'

2019-08-08 21:33:34 - [MESSAGE][PASSED] - Text 'Michigan' is set on object 'Object Repository/Page_cabi Edit Customer Profile/input_state_1'

2019-08-08 21:33:34 - [TEST_STEP][PASSED] - delay(2): Delayed 2 second(s)

2019-08-08 21:33:36 - [MESSAGE][PASSED] - Delayed 2 second(s)

2019-08-08 21:33:36 - [TEST_STEP][PASSED] - click(findTestObject("Page_cabi Edit Customer Profile/span_state")): Object: 'Object Repository/Page_cabi Edit Customer Profile/span_state' is clicked on

2019-08-08 21:33:36 - [MESSAGE][PASSED] - Object: 'Object Repository/Page_cabi Edit Customer Profile/span_state' is clicked on

2019-08-08 21:33:36 - [TEST_STEP][PASSED] - setText(findTestObject("Page_cabi Edit Customer Profile/input_state_postalCode"), zip): Text '48085' is set on object 'Object Repository/Page_cabi Edit Customer Profile/input_state_postalCode'

2019-08-08 21:33:36 - [MESSAGE][PASSED] - Text '48085' is set on object 'Object Repository/Page_cabi Edit Customer Profile/input_state_postalCode'

2019-08-08 21:33:36 - [TEST_STEP][PASSED] - delay(5): Delayed 5 second(s)

2019-08-08 21:33:41 - [MESSAGE][PASSED] - Delayed 5 second(s)

2019-08-08 21:33:41 - [TEST_STEP][PASSED] - check(findTestObject("Object Repository/Page_cabi Home/a_same_shipping_address")): Object 'Object Repository/Page_cabi Home/a_same_shipping_address' is checked

2019-08-08 21:33:41 - [MESSAGE][PASSED] - Object 'Object Repository/Page_cabi Home/a_same_shipping_address' is checked

2019-08-08 21:33:41 - [TEST_STEP][PASSED] - delay(5): Delayed 5 second(s)

2019-08-08 21:33:46 - [MESSAGE][PASSED] - Delayed 5 second(s)

2019-08-08 21:33:46 - [TEST_STEP][PASSED] - check(findTestObject("Object Repository/Page_cabi Home/a_same_shipping_address")): Object 'Object Repository/Page_cabi Home/a_same_shipping_address' is checked

2019-08-08 21:33:46 - [MESSAGE][PASSED] - Object 'Object Repository/Page_cabi Home/a_same_shipping_address' is checked

2019-08-08 21:33:46 - [TEST_STEP][PASSED] - delay(5): Delayed 5 second(s)

2019-08-08 21:33:51 - [MESSAGE][PASSED] - Delayed 5 second(s)

2019-08-08 21:33:51 - [TEST_STEP][PASSED] - nextButton = driver.findElement(By.xpath("//li/a/span[@id='returnToActionLabel']")): null

2019-08-08 21:33:51 - [TEST_STEP][PASSED] - executor.executeScript("arguments[0].click();", nextButton): null

2019-08-08 21:33:51 - [TEST_STEP][PASSED] - delay(3): Delayed 3 second(s)

2019-08-08 21:33:54 - [MESSAGE][PASSED] - Delayed 3 second(s)

2019-08-08 21:33:54 - [TEST_STEP][PASSED] - click(findTestObject("Object Repository/Page_cabi Retail Store/span_quick_entry")): Object: 'Object Repository/Page_cabi Retail Store/span_quick_entry' is clicked on

2019-08-08 21:34:00 - [MESSAGE][PASSED] - Object: 'Object Repository/Page_cabi Retail Store/span_quick_entry' is clicked on

2019-08-08 21:34:00 - [TEST_STEP][PASSED] - delay(3): Delayed 3 second(s)

2019-08-08 21:34:03 - [MESSAGE][PASSED] - Delayed 3 second(s)

2019-08-08 21:34:03 - [TEST_STEP][PASSED] - emptyCart = findWebElements(findTestObject("Object Repository/Page_cabi Personal Store/removeFromCart"), 5): null

2019-08-08 21:34:03 - [TEST_STEP][PASSED] - if (emptyCart.size() > 0): Delayed 5 second(s)

2019-08-08 21:34:03 - [TEST_STEP][PASSED] - click(findTestObject("Object Repository/Page_cabi Personal Store/removeFromCart")): Object: 'Object Repository/Page_cabi Personal Store/removeFromCart' is clicked on

2019-08-08 21:34:03 - [MESSAGE][PASSED] - Object: 'Object Repository/Page_cabi Personal Store/removeFromCart' is clicked on

2019-08-08 21:34:03 - [TEST_STEP][PASSED] - println("cart not empty"): null

2019-08-08 21:34:03 - [TEST_STEP][PASSED] - delay(5): Delayed 5 second(s)

2019-08-08 21:34:08 - [MESSAGE][PASSED] - Delayed 5 second(s)

2019-08-08 21:34:08 - [TEST_STEP][PASSED] - addOnStyle = findTestData("miscData").getValue("addOnStyle", 1): null

2019-08-08 21:34:08 - [TEST_STEP][PASSED] - addOnStyle2 = findTestData("miscData").getValue("addOnStyle", 2): null

2019-08-08 21:34:08 - [TEST_STEP][PASSED] - click(findTestObject("Object Repository/Page_cabi Create Order/input_Manual Discount_stylelookup_0")): Object: 'Object Repository/Page_cabi Create Order/input_Manual Discount_stylelookup_0' is clicked on

2019-08-08 21:34:08 - [MESSAGE][PASSED] - Object: 'Object Repository/Page_cabi Create Order/input_Manual Discount_stylelookup_0' is clicked on

2019-08-08 21:34:08 - [TEST_STEP][PASSED] - setText(findTestObject("Object Repository/Page_cabi Create Order/input_Manual Discount_stylelookup_0"), addOnStyle): Text '3701' is set on object 'Object Repository/Page_cabi Create Order/input_Manual Discount_stylelookup_0'

2019-08-08 21:34:08 - [MESSAGE][PASSED] - Text '3701' is set on object 'Object Repository/Page_cabi Create Order/input_Manual Discount_stylelookup_0'

2019-08-08 21:34:08 - [TEST_STEP][PASSED] - delay(3): Delayed 3 second(s)

2019-08-08 21:34:11 - [MESSAGE][PASSED] - Delayed 3 second(s)

2019-08-08 21:34:11 - [TEST_STEP][PASSED] - prod_message = getText(findTestObject("Page_cabi Create Order/first_option")): Text of object 'Object Repository/Page_cabi Create Order/first_option' is: '3701 Shetland Sweater'

2019-08-08 21:34:11 - [MESSAGE][PASSED] - Text of object 'Object Repository/Page_cabi Create Order/first_option' is: '3701 Shetland Sweater'

2019-08-08 21:34:11 - [TEST_STEP][PASSED] - click(findTestObject("Page_cabi Create Order/first_option")): Object: 'Object Repository/Page_cabi Create Order/first_option' is clicked on

2019-08-08 21:34:11 - [MESSAGE][PASSED] - Object: 'Object Repository/Page_cabi Create Order/first_option' is clicked on

2019-08-08 21:34:11 - [TEST_STEP][PASSED] - delay(5): Delayed 5 second(s)

2019-08-08 21:34:16 - [MESSAGE][PASSED] - Delayed 5 second(s)

2019-08-08 21:34:16 - [TEST_STEP][PASSED] - click(findTestObject("Object Repository/Page_cabi Order Items/selectSize")): Object: 'Object Repository/Page_cabi Order Items/selectSize' is clicked on

2019-08-08 21:34:16 - [MESSAGE][PASSED] - Object: 'Object Repository/Page_cabi Order Items/selectSize' is clicked on

2019-08-08 21:34:16 - [TEST_STEP][PASSED] - click(findTestObject("Object Repository/Page_cabi Order Items/span_Add to Cart")): Object: 'Object Repository/Page_cabi Order Items/span_Add to Cart' is clicked on

2019-08-08 21:34:16 - [MESSAGE][PASSED] - Object: 'Object Repository/Page_cabi Order Items/span_Add to Cart' is clicked on

2019-08-08 21:34:16 - [TEST_STEP][PASSED] - delay(5): Delayed 5 second(s)

2019-08-08 21:34:21 - [MESSAGE][PASSED] - Delayed 5 second(s)

2019-08-08 21:34:21 - [TEST_STEP][PASSED] - click(findTestObject("Object Repository/Page_cabi Create Order/inputStyleLookup1")): Object: 'Object Repository/Page_cabi Create Order/inputStyleLookup1' is clicked on

2019-08-08 21:34:22 - [MESSAGE][PASSED] - Object: 'Object Repository/Page_cabi Create Order/inputStyleLookup1' is clicked on

2019-08-08 21:34:22 - [TEST_STEP][PASSED] - setText(findTestObject("Object Repository/Page_cabi Create Order/inputStyleLookup1"), addOnStyle2): Text '3703' is set on object 'Object Repository/Page_cabi Create Order/inputStyleLookup1'

2019-08-08 21:34:22 - [MESSAGE][PASSED] - Text '3703' is set on object 'Object Repository/Page_cabi Create Order/inputStyleLookup1'

2019-08-08 21:34:22 - [TEST_STEP][PASSED] - delay(3): Delayed 3 second(s)

2019-08-08 21:34:25 - [MESSAGE][PASSED] - Delayed 3 second(s)

2019-08-08 21:34:25 - [TEST_STEP][PASSED] - prod_message2 = getText(findTestObject("Page_cabi Create Order/first_option")): Text of object 'Object Repository/Page_cabi Create Order/first_option' is: '3703 Turn Back Cardigan'

2019-08-08 21:34:25 - [MESSAGE][PASSED] - Text of object 'Object Repository/Page_cabi Create Order/first_option' is: '3703 Turn Back Cardigan'

2019-08-08 21:34:25 - [TEST_STEP][PASSED] - click(findTestObject("Page_cabi Create Order/first_option")): Object: 'Object Repository/Page_cabi Create Order/first_option' is clicked on

2019-08-08 21:34:25 - [MESSAGE][PASSED] - Object: 'Object Repository/Page_cabi Create Order/first_option' is clicked on

2019-08-08 21:34:25 - [TEST_STEP][PASSED] - delay(5): Delayed 5 second(s)

2019-08-08 21:34:30 - [MESSAGE][PASSED] - Delayed 5 second(s)

2019-08-08 21:34:30 - [TEST_STEP][PASSED] - click(findTestObject("Object Repository/Page_cabi Order Items/selectSize2")): Object: 'Object Repository/Page_cabi Order Items/selectSize2' is clicked on

2019-08-08 21:34:30 - [MESSAGE][PASSED] - Object: 'Object Repository/Page_cabi Order Items/selectSize2' is clicked on

2019-08-08 21:34:30 - [TEST_STEP][PASSED] - click(findTestObject("Object Repository/Page_cabi Order Items/addToCart2")): Object: 'Object Repository/Page_cabi Order Items/addToCart2' is clicked on

2019-08-08 21:34:30 - [MESSAGE][PASSED] - Object: 'Object Repository/Page_cabi Order Items/addToCart2' is clicked on

2019-08-08 21:34:30 - [TEST_STEP][PASSED] - delay(5): Delayed 5 second(s)

2019-08-08 21:34:35 - [MESSAGE][PASSED] - Delayed 5 second(s)

2019-08-08 21:34:35 - [TEST_STEP][PASSED] - if (editScenarioNumber == 1): null

2019-08-08 21:34:35 - [TEST_STEP][PASSED] - else if (editScenarioNumber == 2): null

2019-08-08 21:34:35 - [TEST_STEP][PASSED] - else if (editScenarioNumber == 3): Object: 'Object Repository/Page_cabi Order Items/a_submit' is clicked on

2019-08-08 21:34:35 - [TEST_STEP][PASSED] - click(findTestObject("Object Repository/Page_cabi Retail Store/span_gift_card")): Object: 'Object Repository/Page_cabi Retail Store/span_gift_card' is clicked on

2019-08-08 21:34:35 - [MESSAGE][PASSED] - Object: 'Object Repository/Page_cabi Retail Store/span_gift_card' is clicked on

2019-08-08 21:34:35 - [TEST_STEP][PASSED] - delay(5): Delayed 5 second(s)

2019-08-08 21:34:40 - [MESSAGE][PASSED] - Delayed 5 second(s)

2019-08-08 21:34:40 - [TEST_STEP][PASSED] - click(findTestObject("Page_cabi Order Items/select_gc_amount")): Object: 'Object Repository/Page_cabi Order Items/select_gc_amount' is clicked on

2019-08-08 21:34:41 - [MESSAGE][PASSED] - Object: 'Object Repository/Page_cabi Order Items/select_gc_amount' is clicked on

2019-08-08 21:34:41 - [TEST_STEP][PASSED] - click(findTestObject("Object Repository/Page_cabi Order Items/select_delivery_method")): Object: 'Object Repository/Page_cabi Order Items/select_delivery_method' is clicked on

2019-08-08 21:34:42 - [MESSAGE][PASSED] - Object: 'Object Repository/Page_cabi Order Items/select_delivery_method' is clicked on

2019-08-08 21:34:42 - [TEST_STEP][PASSED] - click(findTestObject("Object Repository/Page_cabi Order Items/input_gc_type")): Object: 'Object Repository/Page_cabi Order Items/input_gc_type' is clicked on

2019-08-08 21:34:42 - [MESSAGE][PASSED] - Object: 'Object Repository/Page_cabi Order Items/input_gc_type' is clicked on

2019-08-08 21:34:42 - [TEST_STEP][PASSED] - recContactNumber = 3: null

2019-08-08 21:34:42 - [TEST_STEP][PASSED] - recFName = findTestData("contactData").getValue("firstName", recContactNumber): null

2019-08-08 21:34:42 - [TEST_STEP][PASSED] - recLName = findTestData("contactData").getValue("lastName", recContactNumber): null

2019-08-08 21:34:42 - [TEST_STEP][PASSED] - recEmail = findTestData("contactData").getValue("email", recContactNumber): null

2019-08-08 21:34:42 - [TEST_STEP][PASSED] - setText(findTestObject("Object Repository/Page_cabi Order Items/input_gc_rec_fname"), recFName): Text 'guest1-test' is set on object 'Object Repository/Page_cabi Order Items/input_gc_rec_fname'

2019-08-08 21:34:42 - [MESSAGE][PASSED] - Text 'guest1-test' is set on object 'Object Repository/Page_cabi Order Items/input_gc_rec_fname'

2019-08-08 21:34:42 - [TEST_STEP][PASSED] - setText(findTestObject("Object Repository/Page_cabi Order Items/input_gc_rec_lname"), recLName): Text 'abc' is set on object 'Object Repository/Page_cabi Order Items/input_gc_rec_lname'

2019-08-08 21:34:42 - [MESSAGE][PASSED] - Text 'abc' is set on object 'Object Repository/Page_cabi Order Items/input_gc_rec_lname'

2019-08-08 21:34:42 - [TEST_STEP][PASSED] - setText(findTestObject("Object Repository/Page_cabi Order Items/input_gc_rec_email"), recEmail): Text 'guest1-test@test.com' is set on object 'Object Repository/Page_cabi Order Items/input_gc_rec_email'

2019-08-08 21:34:42 - [MESSAGE][PASSED] - Text 'guest1-test@test.com' is set on object 'Object Repository/Page_cabi Order Items/input_gc_rec_email'

2019-08-08 21:34:42 - [TEST_STEP][PASSED] - setText(findTestObject("Object Repository/Page_cabi Order Items/input_gc_send_fname"), firstName): Text 'guest1-test' is set on object 'Object Repository/Page_cabi Order Items/input_gc_send_fname'

2019-08-08 21:34:43 - [MESSAGE][PASSED] - Text 'guest1-test' is set on object 'Object Repository/Page_cabi Order Items/input_gc_send_fname'

2019-08-08 21:34:43 - [TEST_STEP][PASSED] - setText(findTestObject("Object Repository/Page_cabi Order Items/input_gc_send_lname"), lastName): Text 'abc' is set on object 'Object Repository/Page_cabi Order Items/input_gc_send_lname'

2019-08-08 21:34:43 - [MESSAGE][PASSED] - Text 'abc' is set on object 'Object Repository/Page_cabi Order Items/input_gc_send_lname'

2019-08-08 21:34:43 - [TEST_STEP][PASSED] - setText(findTestObject("Object Repository/Page_cabi Order Items/input_gc_send_email"), email): Text 'guest1-test@test.com' is set on object 'Object Repository/Page_cabi Order Items/input_gc_send_email'

2019-08-08 21:34:43 - [MESSAGE][PASSED] - Text 'guest1-test@test.com' is set on object 'Object Repository/Page_cabi Order Items/input_gc_send_email'

2019-08-08 21:34:43 - [TEST_STEP][PASSED] - click(findTestObject("Object Repository/Page_cabi Order Items/a_submit")): Object: 'Object Repository/Page_cabi Order Items/a_submit' is clicked on

2019-08-08 21:34:44 - [MESSAGE][PASSED] - Object: 'Object Repository/Page_cabi Order Items/a_submit' is clicked on

2019-08-08 21:34:44 - [TEST_STEP][PASSED] - click(findTestObject("Object Repository/Page_cabi Order Items/a_checkout")): Object: 'Object Repository/Page_cabi Order Items/a_checkout' is clicked on

2019-08-08 21:34:44 - [MESSAGE][PASSED] - Object: 'Object Repository/Page_cabi Order Items/a_checkout' is clicked on

2019-08-08 21:34:44 - [TEST_STEP][PASSED] - delay(3): Delayed 3 second(s)

2019-08-08 21:34:47 - [MESSAGE][PASSED] - Delayed 3 second(s)

2019-08-08 21:34:47 - [TEST_STEP][PASSED] - click(findTestObject("Page_cabi Personal Store/nextButtonShipping")): Object: 'Object Repository/Page_cabi Personal Store/nextButtonShipping' is clicked on

2019-08-08 21:34:48 - [MESSAGE][PASSED] - Object: 'Object Repository/Page_cabi Personal Store/nextButtonShipping' is clicked on

2019-08-08 21:34:48 - [TEST_STEP][PASSED] - delay(3): Delayed 3 second(s)

2019-08-08 21:34:51 - [MESSAGE][PASSED] - Delayed 3 second(s)

2019-08-08 21:34:51 - [TEST_STEP][PASSED] - click(findTestObject("Page_cabi Personal Store/makeFirstPayment")): Object: 'Object Repository/Page_cabi Personal Store/makeFirstPayment' is clicked on

2019-08-08 21:34:51 - [MESSAGE][PASSED] - Object: 'Object Repository/Page_cabi Personal Store/makeFirstPayment' is clicked on

2019-08-08 21:34:51 - [TEST_STEP][PASSED] - click(findTestObject("Object Repository/Page_cabi Personal Store/select_cash")): Object: 'Object Repository/Page_cabi Personal Store/select_cash' is clicked on

2019-08-08 21:34:51 - [MESSAGE][PASSED] - Object: 'Object Repository/Page_cabi Personal Store/select_cash' is clicked on

2019-08-08 21:34:51 - [TEST_STEP][PASSED] - click(findTestObject("Page_cabi Personal Store/submitPayment")): Object: 'Object Repository/Page_cabi Personal Store/submitPayment' is clicked on

2019-08-08 21:34:51 - [MESSAGE][PASSED] - Object: 'Object Repository/Page_cabi Personal Store/submitPayment' is clicked on

2019-08-08 21:34:51 - [TEST_STEP][PASSED] - click(findTestObject("Page_cabi Personal Store/submitOrderId")): Object: 'Object Repository/Page_cabi Personal Store/submitOrderId' is clicked on

2019-08-08 21:34:54 - [MESSAGE][PASSED] - Object: 'Object Repository/Page_cabi Personal Store/submitOrderId' is clicked on

2019-08-08 21:34:54 - [TEST_STEP][PASSED] - successMsg = "": null

2019-08-08 21:34:54 - [TEST_STEP][PASSED] - orderSuccess = false: null

2019-08-08 21:34:54 - [TEST_STEP][PASSED] - successMsgs = findWebElements(findTestObject("Object Repository/Page_cabi Personal Store/p_success_msg"), 5): null

2019-08-08 21:34:55 - [TEST_STEP][PASSED] - if (successMsgs.size() > 0): Text of object 'Object Repository/Page_cabi Personal Store/p_order_id' is: 'RT708090716'

2019-08-08 21:34:55 - [TEST_STEP][PASSED] - successMsg = getText(findTestObject("Object Repository/Page_cabi Personal Store/p_success_msg")): Text of object 'Object Repository/Page_cabi Personal Store/p_success_msg' is: 'Order Created Successfully!!
Order #:  RT708090716

CONTINUE SHOPPING'

2019-08-08 21:34:55 - [MESSAGE][PASSED] - Text of object 'Object Repository/Page_cabi Personal Store/p_success_msg' is: 'Order Created Successfully!!
Order #:  RT708090716

CONTINUE SHOPPING'

2019-08-08 21:34:55 - [TEST_STEP][PASSED] - orderSuccess = true: null

2019-08-08 21:34:55 - [TEST_STEP][PASSED] - retailOrderID = getText(findTestObject("Object Repository/Page_cabi Personal Store/p_order_id")): Text of object 'Object Repository/Page_cabi Personal Store/p_order_id' is: 'RT708090716'

2019-08-08 21:34:55 - [MESSAGE][PASSED] - Text of object 'Object Repository/Page_cabi Personal Store/p_order_id' is: 'RT708090716'

2019-08-08 21:34:55 - [TEST_STEP][PASSED] - assert orderSuccess == true: null

2019-08-08 21:34:55 - [TEST_STEP][NOT_RUN] - closeBrowser(): NOT_RUN: closeBrowser()

2019-08-08 21:34:55 - [MESSAGE][NOT_RUN] - NOT_RUN: closeBrowser()

2019-08-08 21:34:55 - [MESSAGE][PASSED] - Call Test Case 'Test Cases/EditOrder/retailOrderBO' successfully

2019-08-08 21:34:55 - [TEST_STEP][PASSED] - delay(10): Delayed 10 second(s)

2019-08-08 21:35:05 - [MESSAGE][PASSED] - Delayed 10 second(s)

2019-08-08 21:35:05 - [TEST_STEP][PASSED] - callTestCase(findTestCase("TestCaseUtilities/setVHost"), [:], STOP_ON_FAILURE): Call Test Case 'Test Cases/TestCaseUtilities/setVHost' successfully

2019-08-08 21:35:05 - [TEST_CASE][PASSED] - Test Cases/TestCaseUtilities/setVHost: Test Cases/TestCaseUtilities/setVHost

2019-08-08 21:35:06 - [TEST_STEP][PASSED] - ofbizURL = findTestData("envtData").getValue("ofbizURL", 1): null

2019-08-08 21:35:06 - [TEST_STEP][PASSED] - ofbizUser = findTestData("credData").getValue("ofbizuser", 1): null

2019-08-08 21:35:06 - [TEST_STEP][PASSED] - ofbizPass = findTestData("credData").getValue("ofbizpass", 1): null

2019-08-08 21:35:06 - [TEST_STEP][PASSED] - vhostTarget = findTestData("envtData").getValue("vhostTarget", 1): null

2019-08-08 21:35:06 - [TEST_STEP][PASSED] - navigateToUrl(ofbizURL): Navigate to 'https://pushofbiz.cliotest.com/login.php' successfully

2019-08-08 21:35:08 - [MESSAGE][PASSED] - Navigate to 'https://pushofbiz.cliotest.com/login.php' successfully

2019-08-08 21:35:08 - [TEST_STEP][PASSED] - setText(findTestObject("Object Repository/virualShowRSVPOR/Page_/input_Username_username"), ofbizUser): Text 'automation' is set on object 'Object Repository/virualShowRSVPOR/Page_/input_Username_username'

2019-08-08 21:35:08 - [MESSAGE][PASSED] - Text 'automation' is set on object 'Object Repository/virualShowRSVPOR/Page_/input_Username_username'

2019-08-08 21:35:08 - [TEST_STEP][PASSED] - setText(findTestObject("Object Repository/virualShowRSVPOR/Page_/input_Password_password"), ofbizPass): Text 'cabiautomation' is set on object 'Object Repository/virualShowRSVPOR/Page_/input_Password_password'

2019-08-08 21:35:08 - [MESSAGE][PASSED] - Text 'cabiautomation' is set on object 'Object Repository/virualShowRSVPOR/Page_/input_Password_password'

2019-08-08 21:35:08 - [TEST_STEP][PASSED] - click(findTestObject("Object Repository/virualShowRSVPOR/Page_/input_Password_Submit")): Object: 'Object Repository/virualShowRSVPOR/Page_/input_Password_Submit' is clicked on

2019-08-08 21:35:12 - [MESSAGE][PASSED] - Object: 'Object Repository/virualShowRSVPOR/Page_/input_Password_Submit' is clicked on

2019-08-08 21:35:12 - [TEST_STEP][PASSED] - click(findTestObject("Object Repository/virualShowRSVPOR/Page_/a_Set Vhost")): Object: 'Object Repository/virualShowRSVPOR/Page_/a_Set Vhost' is clicked on

2019-08-08 21:35:13 - [MESSAGE][PASSED] - Object: 'Object Repository/virualShowRSVPOR/Page_/a_Set Vhost' is clicked on

2019-08-08 21:35:13 - [TEST_STEP][PASSED] - click(UtilityMethods.createTestObject("select_target", "//select[@name='Target']/option[contains(text(), '", vhostTarget, "')]")): Object: 'select_target' is clicked on

2019-08-08 21:35:13 - [MESSAGE][PASSED] - Object: 'select_target' is clicked on

2019-08-08 21:35:13 - [TEST_STEP][PASSED] - click(findTestObject("Object Repository/virualShowRSVPOR/Page_/input")): Object: 'Object Repository/virualShowRSVPOR/Page_/input' is clicked on

2019-08-08 21:35:15 - [MESSAGE][PASSED] - Object: 'Object Repository/virualShowRSVPOR/Page_/input' is clicked on

2019-08-08 21:35:15 - [MESSAGE][PASSED] - Call Test Case 'Test Cases/TestCaseUtilities/setVHost' successfully

2019-08-08 21:35:15 - [TEST_STEP][PASSED] - callTestCase(findTestCase("TestCaseUtilities/rsLogin"), ["RSURL":"", "RSuser":"", "RSpass":""], STOP_ON_FAILURE): Call Test Case 'Test Cases/TestCaseUtilities/rsLogin' successfully

2019-08-08 21:35:15 - [TEST_CASE][PASSED] - Test Cases/TestCaseUtilities/rsLogin: Test Cases/TestCaseUtilities/rsLogin

2019-08-08 21:35:15 - [TEST_STEP][PASSED] - dataFile = "micrositeData": null

2019-08-08 21:35:15 - [TEST_STEP][PASSED] - guest1Mail = findTestData(dataFile).getValue("guest1Mail", 1): null

2019-08-08 21:35:15 - [TEST_STEP][PASSED] - guest1Pass = findTestData(dataFile).getValue("guest1Pass", 1): null

2019-08-08 21:35:15 - [TEST_STEP][PASSED] - RSTestEnvt = findTestData("envtData").getValue("RSTestEnvt", 1): null

2019-08-08 21:35:15 - [TEST_STEP][PASSED] - loginURL = UtilityMethods.concat("https://mirandakate.", RSTestEnvt, ".com/?component=account.login-gateway"): null

2019-08-08 21:35:15 - [TEST_STEP][PASSED] - navigateToUrl(loginURL): Navigate to 'https://mirandakate.cabitest5.com/?component=account.login-gateway' successfully

2019-08-08 21:35:55 - [MESSAGE][PASSED] - Navigate to 'https://mirandakate.cabitest5.com/?component=account.login-gateway' successfully

2019-08-08 21:35:55 - [TEST_STEP][PASSED] - "Login with the invited guest": null

2019-08-08 21:35:55 - [TEST_STEP][PASSED] - delay(3): Delayed 3 second(s)

2019-08-08 21:35:58 - [MESSAGE][PASSED] - Delayed 3 second(s)

2019-08-08 21:35:58 - [TEST_STEP][PASSED] - setText(findTestObject("Object Repository/virualShowRSVPOR/Page_Show microsite/input_Sign in  Create account_email"), guest1Mail): Text 'guest1-test@test.com' is set on object 'Object Repository/virualShowRSVPOR/Page_Show microsite/input_Sign in  Create account_email'

2019-08-08 21:35:59 - [MESSAGE][PASSED] - Text 'guest1-test@test.com' is set on object 'Object Repository/virualShowRSVPOR/Page_Show microsite/input_Sign in  Create account_email'

2019-08-08 21:35:59 - [TEST_STEP][PASSED] - click(findTestObject("Object Repository/virualShowRSVPOR/Page_Show microsite/button_Continue")): Object: 'Object Repository/virualShowRSVPOR/Page_Show microsite/button_Continue' is clicked on

2019-08-08 21:35:59 - [MESSAGE][PASSED] - Object: 'Object Repository/virualShowRSVPOR/Page_Show microsite/button_Continue' is clicked on

2019-08-08 21:35:59 - [TEST_STEP][PASSED] - setText(findTestObject("Object Repository/virualShowRSVPOR/Page_Show microsite/input_Welcome_password"), guest1Pass): Text 'blackdress19' is set on object 'Object Repository/virualShowRSVPOR/Page_Show microsite/input_Welcome_password'

2019-08-08 21:36:00 - [MESSAGE][PASSED] - Text 'blackdress19' is set on object 'Object Repository/virualShowRSVPOR/Page_Show microsite/input_Welcome_password'

2019-08-08 21:36:00 - [TEST_STEP][PASSED] - click(findTestObject("Object Repository/virualShowRSVPOR/Page_Show microsite/button_Continue_pass")): Object: 'Object Repository/virualShowRSVPOR/Page_Show microsite/button_Continue_pass' is clicked on

2019-08-08 21:36:00 - [MESSAGE][PASSED] - Object: 'Object Repository/virualShowRSVPOR/Page_Show microsite/button_Continue_pass' is clicked on

2019-08-08 21:36:00 - [TEST_STEP][PASSED] - delay(5): Delayed 5 second(s)

2019-08-08 21:36:05 - [MESSAGE][PASSED] - Delayed 5 second(s)

2019-08-08 21:36:05 - [TEST_STEP][PASSED] - if (verifyElementPresent(findTestObject("Object Repository/virualShowRSVPOR/Page_Show microsite/complete_my_profile_later"), 0)): Object: 'Object Repository/virualShowRSVPOR/Page_Show microsite/div_Ill complete my profile later' is clicked on

2019-08-08 21:36:05 - [MESSAGE][WARNING] - Timeout '0' is invalid. Using default page load timeout: '30'

2019-08-08 21:36:05 - [MESSAGE][PASSED] - Object 'Object Repository/virualShowRSVPOR/Page_Show microsite/complete_my_profile_later' is present

2019-08-08 21:36:05 - [TEST_STEP][PASSED] - click(findTestObject("Object Repository/virualShowRSVPOR/Page_Show microsite/div_Ill complete my profile later")): Object: 'Object Repository/virualShowRSVPOR/Page_Show microsite/div_Ill complete my profile later' is clicked on

2019-08-08 21:36:13 - [MESSAGE][PASSED] - Object: 'Object Repository/virualShowRSVPOR/Page_Show microsite/div_Ill complete my profile later' is clicked on

2019-08-08 21:36:13 - [MESSAGE][PASSED] - Call Test Case 'Test Cases/TestCaseUtilities/rsLogin' successfully

2019-08-08 21:36:13 - [TEST_STEP][PASSED] - callTestCase(findTestCase("EditOrder/rsOrderHistoryConfirm"), ["orderID":"", "editScenarioNumber":3], STOP_ON_FAILURE): Call Test Case 'Test Cases/EditOrder/rsOrderHistoryConfirm' successfully

2019-08-08 21:36:13 - [TEST_CASE][PASSED] - Test Cases/EditOrder/rsOrderHistoryConfirm: Test Cases/EditOrder/rsOrderHistoryConfirm

2019-08-08 21:36:14 - [TEST_STEP][PASSED] - driver = getWebDriver(): null

2019-08-08 21:36:14 - [TEST_STEP][PASSED] - executor = driver: null

2019-08-08 21:36:14 - [TEST_STEP][PASSED] - orderID = retailOrderID: null

2019-08-08 21:36:14 - [TEST_STEP][PASSED] - println(orderID): null

2019-08-08 21:36:14 - [TEST_STEP][PASSED] - xpath = UtilityMethods.concat("//span[contains(text(), '", orderID, "')]/parent::div/parent::div/div[@class='table-row-edit-order']//a"): null

2019-08-08 21:36:14 - [TEST_STEP][PASSED] - to = new com.kms.katalon.core.testobject.TestObject(a_link_dynamic): null

2019-08-08 21:36:14 - [TEST_STEP][PASSED] - to.addProperty("xpath", EQUALS, xpath): null

2019-08-08 21:36:14 - [TEST_STEP][PASSED] - click(findTestObject("ReplicatedSite/rs_Page_Trendy/i_Michigan_fa fa-caret-down")): Object: 'Object Repository/ReplicatedSite/rs_Page_Trendy/i_Michigan_fa fa-caret-down' is clicked on

2019-08-08 21:36:14 - [MESSAGE][PASSED] - Object: 'Object Repository/ReplicatedSite/rs_Page_Trendy/i_Michigan_fa fa-caret-down' is clicked on

2019-08-08 21:36:14 - [TEST_STEP][PASSED] - click(findTestObject("ReplicatedSite/rs_Page_Trendy/a_My Profile")): Object: 'Object Repository/ReplicatedSite/rs_Page_Trendy/a_My Profile' is clicked on

2019-08-08 21:36:20 - [MESSAGE][PASSED] - Object: 'Object Repository/ReplicatedSite/rs_Page_Trendy/a_My Profile' is clicked on

2019-08-08 21:36:20 - [TEST_STEP][PASSED] - click(findTestObject("Object Repository/ReplicatedSite/Page_Profile - Cabi Fall 2018 Collection/span_Order History")): Object: 'Object Repository/ReplicatedSite/Page_Profile - Cabi Fall 2018 Collection/span_Order History' is clicked on

2019-08-08 21:36:21 - [MESSAGE][PASSED] - Object: 'Object Repository/ReplicatedSite/Page_Profile - Cabi Fall 2018 Collection/span_Order History' is clicked on

2019-08-08 21:36:21 - [TEST_STEP][PASSED] - delay(5): Delayed 5 second(s)

2019-08-08 21:36:26 - [MESSAGE][PASSED] - Delayed 5 second(s)

2019-08-08 21:36:26 - [TEST_STEP][PASSED] - editButton = findWebElements(to, 1): null

2019-08-08 21:36:26 - [TEST_STEP][PASSED] - assert editButton.size() > 0: null

2019-08-08 21:36:26 - [TEST_STEP][PASSED] - if (editButton.size() > 0): Object: 'Object Repository/ReplicatedSite/button_accept_msg' is clicked on

2019-08-08 21:36:26 - [TEST_STEP][PASSED] - click(to): Object: 'a_link_dynamic' is clicked on

2019-08-08 21:36:26 - [MESSAGE][PASSED] - Object: 'a_link_dynamic' is clicked on

2019-08-08 21:36:26 - [TEST_STEP][PASSED] - delay(10): Delayed 10 second(s)

2019-08-08 21:36:36 - [MESSAGE][PASSED] - Delayed 10 second(s)

2019-08-08 21:36:36 - [TEST_STEP][PASSED] - if (editScenarioNumber == 1): null

2019-08-08 21:36:36 - [TEST_STEP][PASSED] - else if (editScenarioNumber == 3): Object: 'Object Repository/ReplicatedSite/button_accept_msg' is clicked on

2019-08-08 21:36:36 - [TEST_STEP][PASSED] - println("scen = 3"): null

2019-08-08 21:36:36 - [TEST_STEP][PASSED] - expectedNoEditMsg1 = "We're Sorry.": null

2019-08-08 21:36:36 - [TEST_STEP][PASSED] - expectedNoEditMsg2 = "Your order has gift card items and cannot be edited.": null

2019-08-08 21:36:36 - [TEST_STEP][PASSED] - actualNoEditMsg1 = getText(findTestObject("Object Repository/ReplicatedSite/div_no_edit_msg1")): Text of object 'Object Repository/ReplicatedSite/div_no_edit_msg1' is: 'We're Sorry.'

2019-08-08 21:36:36 - [MESSAGE][PASSED] - Text of object 'Object Repository/ReplicatedSite/div_no_edit_msg1' is: 'We're Sorry.'

2019-08-08 21:36:36 - [TEST_STEP][PASSED] - actualNoEditMsg2 = getText(findTestObject("Object Repository/ReplicatedSite/div_no_edit_msg2")): Text of object 'Object Repository/ReplicatedSite/div_no_edit_msg2' is: 'Your order has gift card items and cannot be edited.'

2019-08-08 21:36:36 - [MESSAGE][PASSED] - Text of object 'Object Repository/ReplicatedSite/div_no_edit_msg2' is: 'Your order has gift card items and cannot be edited.'

2019-08-08 21:36:36 - [TEST_STEP][PASSED] - assert actualNoEditMsg1.equalsIgnoreCase(expectedNoEditMsg1): null

2019-08-08 21:36:36 - [TEST_STEP][PASSED] - assert actualNoEditMsg2.equalsIgnoreCase(expectedNoEditMsg2): null

2019-08-08 21:36:36 - [TEST_STEP][PASSED] - click(findTestObject("Object Repository/ReplicatedSite/button_accept_msg")): Object: 'Object Repository/ReplicatedSite/button_accept_msg' is clicked on

2019-08-08 21:36:36 - [MESSAGE][PASSED] - Object: 'Object Repository/ReplicatedSite/button_accept_msg' is clicked on

2019-08-08 21:36:36 - [MESSAGE][PASSED] - Call Test Case 'Test Cases/EditOrder/rsOrderHistoryConfirm' successfully]]></system-out>
         <system-err><![CDATA[]]></system-err>
      </testcase>
      <system-out><![CDATA[2019-08-08 21:32:46 - [TEST_SUITE][PASSED] - EditOrderSuite: Test Cases/EditOrder/rsEditOrderGiftCard]]></system-out>
      <system-err><![CDATA[]]></system-err>
   </testsuite>
</testsuites>
