<?xml version="1.0" encoding="UTF-8"?>
<testsuites name="EditOrderTestSuit" time="314" tests="1" failures="0" errors="0">
   <testsuite name="EditOrderTestSuit" tests="1" failures="0" errors="0" time="314" timestamp="2019-07-30 14:23:22" hostname="user - Tester-pc" id="Test Suites/EditOrderSuites/EditOrderTestSuit">
      <properties>
         <property name="deviceName" value=""/>
         <property name="devicePlatform" value=""/>
         <property name="logFolder" value="C:\\Users\\user\\Documents\\testautomation_new\\KatalonProjects\\Reports\\EditOrderSuites\\EditOrderTestSuit\\20190730_142313"/>
         <property name="logFiles" value="C:\\Users\\user\\Documents\\testautomation_new\\KatalonProjects\\Reports\\EditOrderSuites\\EditOrderTestSuit\\20190730_142313\\execution0.log"/>
         <property name="attachments" value=""/>
         <property name="hostName" value="user - Tester-pc"/>
         <property name="os" value="Windows 8.1 64bit"/>
         <property name="katalonVersion" value="6.1.1.1"/>
         <property name="browser" value="Chrome 75.0.3770.142"/>
         <property name="hostAddress" value="10.0.60.38"/>
         <property name="sessionId" value="e9749c6cd7a7028b5d33d52c04f0b31d"/>
         <property name="seleniumVersion" value="3.7.1"/>
         <property name="proxyInformation" value="ProxyInformation{proxyOption=NO_PROXY, proxyServerType=HTTP, password=, proxyServerAddress=, proxyServerPort=0}"/>
         <property name="platform" value="Windows 8.1"/>
      </properties>
      <testcase name="Test Cases/editOrder/rsEditOrderPartialShip" classname="Test Cases/editOrder/rsEditOrderPartialShip" status="PASSED">
         <system-out><![CDATA[2019-07-30 14:23:23 - [TEST_CASE][PASSED] - Test Cases/editOrder/rsEditOrderPartialShip: Test Cases/editOrder/rsEditOrderPartialShip

2019-07-30 14:23:23 - [TEST_STEP][PASSED] - Start listener action : sampleBeforeTestCase: null

2019-07-30 14:23:23 - [TEST_STEP][PASSED] - println(testCaseContext.getTestCaseId()): null

2019-07-30 14:23:23 - [TEST_STEP][PASSED] - println(testCaseContext.getTestCaseVariables()): null

2019-07-30 14:23:24 - [TEST_STEP][PASSED] - callTestCase(findTestCase("editOrder/retailOrderBO"), ["editScenarioNumber":5], STOP_ON_FAILURE): Call Test Case 'Test Cases/editOrder/retailOrderBO' successfully

2019-07-30 14:23:25 - [TEST_CASE][PASSED] - Test Cases/editOrder/retailOrderBO: Test Cases/editOrder/retailOrderBO

2019-07-30 14:23:26 - [TEST_STEP][PASSED] - openBrowser(""): Browser is opened with url: ''

2019-07-30 14:23:27 - [MESSAGE][INFO] - Starting 'Chrome' driver

2019-07-30 14:23:27 - [MESSAGE][INFO] - User set preference: ['args', '[--use-fake-ui-for-media-stream, --start-maximized]']

2019-07-30 14:23:27 - [MESSAGE][INFO] - Action delay is set to 0 seconds

2019-07-30 14:23:32 - [MESSAGE][PASSED] - Browser is opened with url: ''

2019-07-30 14:23:32 - [TEST_STEP][PASSED] - driver = getWebDriver(): null

2019-07-30 14:23:32 - [TEST_STEP][PASSED] - executor = driver: null

2019-07-30 14:23:32 - [TEST_STEP][PASSED] - callTestCase(findTestCase("TestCaseUtilities/backOfficeLogin"), ["BOURL":"", "BOuser":"", "BOpass":""], STOP_ON_FAILURE): Call Test Case 'Test Cases/TestCaseUtilities/backOfficeLogin' successfully

2019-07-30 14:23:32 - [TEST_CASE][PASSED] - Test Cases/TestCaseUtilities/backOfficeLogin: Test Cases/TestCaseUtilities/backOfficeLogin

2019-07-30 14:23:33 - [TEST_STEP][PASSED] - BOURL = findTestData("envtData").getValue("BOURL", 1): null

2019-07-30 14:23:36 - [TEST_STEP][PASSED] - BOuser = findTestData("credData").getValue("BOuser", 1): null

2019-07-30 14:23:36 - [TEST_STEP][PASSED] - BOpass = findTestData("credData").getValue("BOpass", 1): null

2019-07-30 14:23:36 - [TEST_STEP][PASSED] - navigateToUrl(BOURL): Navigate to 'https://test19.cliotest.com/backoffice/control/main' successfully

2019-07-30 14:23:46 - [MESSAGE][PASSED] - Navigate to 'https://test19.cliotest.com/backoffice/control/main' successfully

2019-07-30 14:23:46 - [TEST_STEP][PASSED] - logOut = findWebElements(findTestObject("Object Repository/Page_cabi Home/log_out"), 1): Unable to find the element located by 'By.xpath: //a[contains(text(),'Log Out')]'. Please recheck the objects properties to make sure the desired element is located. 

2019-07-30 14:23:48 - [MESSAGE][INFO] - Unable to find the element located by 'By.xpath: //a[contains(text(),'Log Out')]'. Please recheck the objects properties to make sure the desired element is located. 

2019-07-30 14:23:48 - [TEST_STEP][PASSED] - if (logOut.size() == 0): Object: 'Object Repository/Page_cabi/input_Welcome to_consultantLogin' is clicked on

2019-07-30 14:23:48 - [TEST_STEP][PASSED] - setText(findTestObject("Page_cabi/input_Welcome to_USERNAME"), BOuser): Text '400000002' is set on object 'Object Repository/Page_cabi/input_Welcome to_USERNAME'

2019-07-30 14:23:48 - [MESSAGE][PASSED] - Text '400000002' is set on object 'Object Repository/Page_cabi/input_Welcome to_USERNAME'

2019-07-30 14:23:48 - [TEST_STEP][PASSED] - setText(findTestObject("Object Repository/Page_cabi/input_Welcome to_PASSWORD"), BOpass): Text 'blackdress19' is set on object 'Object Repository/Page_cabi/input_Welcome to_PASSWORD'

2019-07-30 14:23:49 - [MESSAGE][PASSED] - Text 'blackdress19' is set on object 'Object Repository/Page_cabi/input_Welcome to_PASSWORD'

2019-07-30 14:23:49 - [TEST_STEP][PASSED] - click(findTestObject("Object Repository/Page_cabi/input_Welcome to_consultantLogin")): Object: 'Object Repository/Page_cabi/input_Welcome to_consultantLogin' is clicked on

2019-07-30 14:24:02 - [MESSAGE][PASSED] - Object: 'Object Repository/Page_cabi/input_Welcome to_consultantLogin' is clicked on

2019-07-30 14:24:02 - [TEST_STEP][PASSED] - delay(3): Delayed 3 second(s)

2019-07-30 14:24:05 - [MESSAGE][PASSED] - Delayed 3 second(s)

2019-07-30 14:24:05 - [MESSAGE][PASSED] - Call Test Case 'Test Cases/TestCaseUtilities/backOfficeLogin' successfully

2019-07-30 14:24:05 - [TEST_STEP][PASSED] - click(findTestObject("Object Repository/Page_cabi Home/a_Shows  Orders")): Object: 'Object Repository/Page_cabi Home/a_Shows  Orders' is clicked on

2019-07-30 14:24:05 - [MESSAGE][PASSED] - Object: 'Object Repository/Page_cabi Home/a_Shows  Orders' is clicked on

2019-07-30 14:24:05 - [TEST_STEP][PASSED] - delay(1): Delayed 1 second(s)

2019-07-30 14:24:06 - [MESSAGE][PASSED] - Delayed 1 second(s)

2019-07-30 14:24:06 - [TEST_STEP][PASSED] - rightClick(findTestObject("Page_cabi Home/a_Shows  Orders")): Object: 'Object Repository/Page_cabi Home/a_Shows  Orders' is right clicked on

2019-07-30 14:24:06 - [MESSAGE][PASSED] - Object: 'Object Repository/Page_cabi Home/a_Shows  Orders' is right clicked on

2019-07-30 14:24:06 - [TEST_STEP][PASSED] - click(findTestObject("Page_cabi Home/a_retail_purchases")): Object: 'Object Repository/Page_cabi Home/a_retail_purchases' is clicked on

2019-07-30 14:24:13 - [MESSAGE][PASSED] - Object: 'Object Repository/Page_cabi Home/a_retail_purchases' is clicked on

2019-07-30 14:24:13 - [TEST_STEP][PASSED] - delay(3): Delayed 3 second(s)

2019-07-30 14:24:16 - [MESSAGE][PASSED] - Delayed 3 second(s)

2019-07-30 14:24:16 - [TEST_STEP][PASSED] - click(findTestObject("Object Repository/Page_cabi Home/existingCustomer")): Object: 'Object Repository/Page_cabi Home/existingCustomer' is clicked on

2019-07-30 14:24:16 - [MESSAGE][PASSED] - Object: 'Object Repository/Page_cabi Home/existingCustomer' is clicked on

2019-07-30 14:24:16 - [TEST_STEP][PASSED] - contactNumber = 10: null

2019-07-30 14:24:16 - [TEST_STEP][PASSED] - firstName = findTestData("contactData").getValue("firstName", contactNumber): null

2019-07-30 14:24:16 - [TEST_STEP][PASSED] - lastName = findTestData("contactData").getValue("lastName", contactNumber): null

2019-07-30 14:24:17 - [TEST_STEP][PASSED] - email = findTestData("contactData").getValue("email", contactNumber): null

2019-07-30 14:24:17 - [TEST_STEP][PASSED] - address1 = findTestData("contactData").getValue("address1", contactNumber): null

2019-07-30 14:24:17 - [TEST_STEP][PASSED] - city = findTestData("contactData").getValue("city", contactNumber): null

2019-07-30 14:24:17 - [TEST_STEP][PASSED] - state = findTestData("contactData").getValue("state", contactNumber): null

2019-07-30 14:24:17 - [TEST_STEP][PASSED] - zip = findTestData("contactData").getValue("zip", contactNumber): null

2019-07-30 14:24:17 - [TEST_STEP][PASSED] - existingCustFName = firstName: null

2019-07-30 14:24:17 - [TEST_STEP][PASSED] - existingCustLName = lastName: null

2019-07-30 14:24:17 - [TEST_STEP][PASSED] - space = " ": null

2019-07-30 14:24:17 - [TEST_STEP][PASSED] - existingCust = $existingCustFName$space$existingCustLName: null

2019-07-30 14:24:17 - [TEST_STEP][PASSED] - setText(findTestObject("Object Repository/Page_cabi Home/input_existing_guest"), existingCust): Text 'sushantguest1 abc' is set on object 'Object Repository/Page_cabi Home/input_existing_guest'

2019-07-30 14:24:18 - [MESSAGE][PASSED] - Text 'sushantguest1 abc' is set on object 'Object Repository/Page_cabi Home/input_existing_guest'

2019-07-30 14:24:18 - [TEST_STEP][PASSED] - delay(3): Delayed 3 second(s)

2019-07-30 14:24:21 - [MESSAGE][PASSED] - Delayed 3 second(s)

2019-07-30 14:24:21 - [TEST_STEP][PASSED] - rightClick(findTestObject("Object Repository/Page_cabi Home/input_existing_guest")): Object: 'Object Repository/Page_cabi Home/input_existing_guest' is right clicked on

2019-07-30 14:24:21 - [MESSAGE][PASSED] - Object: 'Object Repository/Page_cabi Home/input_existing_guest' is right clicked on

2019-07-30 14:24:21 - [TEST_STEP][PASSED] - rightClick(findTestObject("Object Repository/Page_cabi Home/input_existing_guest")): Object: 'Object Repository/Page_cabi Home/input_existing_guest' is right clicked on

2019-07-30 14:24:21 - [MESSAGE][PASSED] - Object: 'Object Repository/Page_cabi Home/input_existing_guest' is right clicked on

2019-07-30 14:24:21 - [TEST_STEP][PASSED] - click(findTestObject("Object Repository/Page_cabi Create Show - Set Hostess/a_select_customer")): Object: 'Object Repository/Page_cabi Create Show - Set Hostess/a_select_customer' is clicked on

2019-07-30 14:24:23 - [MESSAGE][PASSED] - Object: 'Object Repository/Page_cabi Create Show - Set Hostess/a_select_customer' is clicked on

2019-07-30 14:24:23 - [TEST_STEP][PASSED] - setText(findTestObject("Object Repository/Page_cabi Home/input_existing_guest"), existingCust): Text 'sushantguest1 abc' is set on object 'Object Repository/Page_cabi Home/input_existing_guest'

2019-07-30 14:24:23 - [MESSAGE][PASSED] - Text 'sushantguest1 abc' is set on object 'Object Repository/Page_cabi Home/input_existing_guest'

2019-07-30 14:24:23 - [TEST_STEP][PASSED] - setText(findTestObject("Object Repository/Page_cabi Retail Store/input_email"), email): Text 'sushantguest1@test.com' is set on object 'Object Repository/Page_cabi Retail Store/input_email'

2019-07-30 14:24:24 - [MESSAGE][PASSED] - Text 'sushantguest1@test.com' is set on object 'Object Repository/Page_cabi Retail Store/input_email'

2019-07-30 14:24:24 - [TEST_STEP][PASSED] - setText(findTestObject("Object Repository/Page_cabi Edit Customer Profile/input_Address1_address1"), address1): Text '972 BRAHMS CT' is set on object 'Object Repository/Page_cabi Edit Customer Profile/input_Address1_address1'

2019-07-30 14:24:25 - [MESSAGE][PASSED] - Text '972 BRAHMS CT' is set on object 'Object Repository/Page_cabi Edit Customer Profile/input_Address1_address1'

2019-07-30 14:24:25 - [TEST_STEP][PASSED] - setText(findTestObject("Object Repository/Page_cabi Edit Customer Profile/input_Address2_address2"), ""): Text '' is set on object 'Object Repository/Page_cabi Edit Customer Profile/input_Address2_address2'

2019-07-30 14:24:25 - [MESSAGE][PASSED] - Text '' is set on object 'Object Repository/Page_cabi Edit Customer Profile/input_Address2_address2'

2019-07-30 14:24:25 - [TEST_STEP][PASSED] - setText(findTestObject("Object Repository/Page_cabi Edit Customer Profile/input_City_city"), city): Text 'TROY' is set on object 'Object Repository/Page_cabi Edit Customer Profile/input_City_city'

2019-07-30 14:24:25 - [MESSAGE][PASSED] - Text 'TROY' is set on object 'Object Repository/Page_cabi Edit Customer Profile/input_City_city'

2019-07-30 14:24:25 - [TEST_STEP][PASSED] - click(findTestObject("Page_cabi Edit Customer Profile/span_select_a_state")): Object: 'Object Repository/Page_cabi Edit Customer Profile/span_select_a_state' is clicked on

2019-07-30 14:24:25 - [MESSAGE][PASSED] - Object: 'Object Repository/Page_cabi Edit Customer Profile/span_select_a_state' is clicked on

2019-07-30 14:24:25 - [TEST_STEP][PASSED] - delay(1): Delayed 1 second(s)

2019-07-30 14:24:27 - [MESSAGE][PASSED] - Delayed 1 second(s)

2019-07-30 14:24:27 - [TEST_STEP][PASSED] - setText(findTestObject("Object Repository/Page_cabi Edit Customer Profile/input_state_1"), state): Text 'Michigan' is set on object 'Object Repository/Page_cabi Edit Customer Profile/input_state_1'

2019-07-30 14:24:27 - [MESSAGE][PASSED] - Text 'Michigan' is set on object 'Object Repository/Page_cabi Edit Customer Profile/input_state_1'

2019-07-30 14:24:27 - [TEST_STEP][PASSED] - delay(2): Delayed 2 second(s)

2019-07-30 14:24:29 - [MESSAGE][PASSED] - Delayed 2 second(s)

2019-07-30 14:24:29 - [TEST_STEP][PASSED] - click(findTestObject("Page_cabi Edit Customer Profile/span_state")): Object: 'Object Repository/Page_cabi Edit Customer Profile/span_state' is clicked on

2019-07-30 14:24:29 - [MESSAGE][PASSED] - Object: 'Object Repository/Page_cabi Edit Customer Profile/span_state' is clicked on

2019-07-30 14:24:29 - [TEST_STEP][PASSED] - setText(findTestObject("Page_cabi Edit Customer Profile/input_state_postalCode"), zip): Text '48085' is set on object 'Object Repository/Page_cabi Edit Customer Profile/input_state_postalCode'

2019-07-30 14:24:30 - [MESSAGE][PASSED] - Text '48085' is set on object 'Object Repository/Page_cabi Edit Customer Profile/input_state_postalCode'

2019-07-30 14:24:30 - [TEST_STEP][PASSED] - delay(5): Delayed 5 second(s)

2019-07-30 14:24:35 - [MESSAGE][PASSED] - Delayed 5 second(s)

2019-07-30 14:24:35 - [TEST_STEP][PASSED] - check(findTestObject("Object Repository/Page_cabi Home/a_same_shipping_address")): Object 'Object Repository/Page_cabi Home/a_same_shipping_address' is checked

2019-07-30 14:24:35 - [MESSAGE][PASSED] - Object 'Object Repository/Page_cabi Home/a_same_shipping_address' is checked

2019-07-30 14:24:35 - [TEST_STEP][PASSED] - delay(5): Delayed 5 second(s)

2019-07-30 14:24:40 - [MESSAGE][PASSED] - Delayed 5 second(s)

2019-07-30 14:24:40 - [TEST_STEP][PASSED] - check(findTestObject("Object Repository/Page_cabi Home/a_same_shipping_address")): Object 'Object Repository/Page_cabi Home/a_same_shipping_address' is checked

2019-07-30 14:24:40 - [MESSAGE][PASSED] - Object 'Object Repository/Page_cabi Home/a_same_shipping_address' is checked

2019-07-30 14:24:40 - [TEST_STEP][PASSED] - delay(5): Delayed 5 second(s)

2019-07-30 14:24:45 - [MESSAGE][PASSED] - Delayed 5 second(s)

2019-07-30 14:24:45 - [TEST_STEP][PASSED] - nextButton = driver.findElement(By.xpath("//li/a/span[@id='returnToActionLabel']")): null

2019-07-30 14:24:45 - [TEST_STEP][PASSED] - executor.executeScript("arguments[0].click();", nextButton): null

2019-07-30 14:24:46 - [TEST_STEP][PASSED] - delay(3): Delayed 3 second(s)

2019-07-30 14:24:49 - [MESSAGE][PASSED] - Delayed 3 second(s)

2019-07-30 14:24:49 - [TEST_STEP][PASSED] - click(findTestObject("Object Repository/Page_cabi Retail Store/span_quick_entry")): Object: 'Object Repository/Page_cabi Retail Store/span_quick_entry' is clicked on

2019-07-30 14:24:53 - [MESSAGE][PASSED] - Object: 'Object Repository/Page_cabi Retail Store/span_quick_entry' is clicked on

2019-07-30 14:24:53 - [TEST_STEP][PASSED] - delay(3): Delayed 3 second(s)

2019-07-30 14:24:56 - [MESSAGE][PASSED] - Delayed 3 second(s)

2019-07-30 14:24:56 - [TEST_STEP][PASSED] - emptyCart = findWebElements(findTestObject("Object Repository/Page_cabi Personal Store/removeFromCart"), 5): Unable to find the element located by 'By.xpath: //*[@id="removeFromCart_0"]/span'. Please recheck the objects properties to make sure the desired element is located. 

2019-07-30 14:25:01 - [MESSAGE][INFO] - Unable to find the element located by 'By.xpath: //*[@id="removeFromCart_0"]/span'. Please recheck the objects properties to make sure the desired element is located. 

2019-07-30 14:25:01 - [TEST_STEP][PASSED] - if (emptyCart.size() > 0): null

2019-07-30 14:25:01 - [TEST_STEP][PASSED] - addOnStyle = findTestData("miscData").getValue("addOnStyle", 1): null

2019-07-30 14:25:01 - [TEST_STEP][PASSED] - addOnStyle2 = findTestData("miscData").getValue("addOnStyle", 2): null

2019-07-30 14:25:01 - [TEST_STEP][PASSED] - click(findTestObject("Object Repository/Page_cabi Create Order/input_Manual Discount_stylelookup_0")): Object: 'Object Repository/Page_cabi Create Order/input_Manual Discount_stylelookup_0' is clicked on

2019-07-30 14:25:01 - [MESSAGE][PASSED] - Object: 'Object Repository/Page_cabi Create Order/input_Manual Discount_stylelookup_0' is clicked on

2019-07-30 14:25:01 - [TEST_STEP][PASSED] - setText(findTestObject("Object Repository/Page_cabi Create Order/input_Manual Discount_stylelookup_0"), addOnStyle): Text '3701' is set on object 'Object Repository/Page_cabi Create Order/input_Manual Discount_stylelookup_0'

2019-07-30 14:25:01 - [MESSAGE][PASSED] - Text '3701' is set on object 'Object Repository/Page_cabi Create Order/input_Manual Discount_stylelookup_0'

2019-07-30 14:25:01 - [TEST_STEP][PASSED] - delay(3): Delayed 3 second(s)

2019-07-30 14:25:05 - [MESSAGE][PASSED] - Delayed 3 second(s)

2019-07-30 14:25:05 - [TEST_STEP][PASSED] - prod_message = getText(findTestObject("Page_cabi Create Order/first_option")): Text of object 'Object Repository/Page_cabi Create Order/first_option' is: '3701 Shetland Sweater'

2019-07-30 14:25:05 - [MESSAGE][PASSED] - Text of object 'Object Repository/Page_cabi Create Order/first_option' is: '3701 Shetland Sweater'

2019-07-30 14:25:05 - [TEST_STEP][PASSED] - click(findTestObject("Page_cabi Create Order/first_option")): Object: 'Object Repository/Page_cabi Create Order/first_option' is clicked on

2019-07-30 14:25:05 - [MESSAGE][PASSED] - Object: 'Object Repository/Page_cabi Create Order/first_option' is clicked on

2019-07-30 14:25:05 - [TEST_STEP][PASSED] - delay(5): Delayed 5 second(s)

2019-07-30 14:25:10 - [MESSAGE][PASSED] - Delayed 5 second(s)

2019-07-30 14:25:10 - [TEST_STEP][PASSED] - click(findTestObject("Object Repository/Page_cabi Order Items/selectSize")): Object: 'Object Repository/Page_cabi Order Items/selectSize' is clicked on

2019-07-30 14:25:10 - [MESSAGE][PASSED] - Object: 'Object Repository/Page_cabi Order Items/selectSize' is clicked on

2019-07-30 14:25:10 - [TEST_STEP][PASSED] - click(findTestObject("Object Repository/Page_cabi Order Items/span_Add to Cart")): Object: 'Object Repository/Page_cabi Order Items/span_Add to Cart' is clicked on

2019-07-30 14:25:10 - [MESSAGE][PASSED] - Object: 'Object Repository/Page_cabi Order Items/span_Add to Cart' is clicked on

2019-07-30 14:25:10 - [TEST_STEP][PASSED] - delay(5): Delayed 5 second(s)

2019-07-30 14:25:15 - [MESSAGE][PASSED] - Delayed 5 second(s)

2019-07-30 14:25:15 - [TEST_STEP][PASSED] - click(findTestObject("Object Repository/Page_cabi Create Order/inputStyleLookup1")): Object: 'Object Repository/Page_cabi Create Order/inputStyleLookup1' is clicked on

2019-07-30 14:25:15 - [MESSAGE][PASSED] - Object: 'Object Repository/Page_cabi Create Order/inputStyleLookup1' is clicked on

2019-07-30 14:25:15 - [TEST_STEP][PASSED] - setText(findTestObject("Object Repository/Page_cabi Create Order/inputStyleLookup1"), addOnStyle2): Text '3702' is set on object 'Object Repository/Page_cabi Create Order/inputStyleLookup1'

2019-07-30 14:25:16 - [MESSAGE][PASSED] - Text '3702' is set on object 'Object Repository/Page_cabi Create Order/inputStyleLookup1'

2019-07-30 14:25:16 - [TEST_STEP][PASSED] - delay(3): Delayed 3 second(s)

2019-07-30 14:25:19 - [MESSAGE][PASSED] - Delayed 3 second(s)

2019-07-30 14:25:19 - [TEST_STEP][PASSED] - prod_message2 = getText(findTestObject("Page_cabi Create Order/first_option")): Text of object 'Object Repository/Page_cabi Create Order/first_option' is: '3702 Repose Cape'

2019-07-30 14:25:19 - [MESSAGE][PASSED] - Text of object 'Object Repository/Page_cabi Create Order/first_option' is: '3702 Repose Cape'

2019-07-30 14:25:19 - [TEST_STEP][PASSED] - click(findTestObject("Page_cabi Create Order/first_option")): Object: 'Object Repository/Page_cabi Create Order/first_option' is clicked on

2019-07-30 14:25:19 - [MESSAGE][PASSED] - Object: 'Object Repository/Page_cabi Create Order/first_option' is clicked on

2019-07-30 14:25:19 - [TEST_STEP][PASSED] - delay(5): Delayed 5 second(s)

2019-07-30 14:25:24 - [MESSAGE][PASSED] - Delayed 5 second(s)

2019-07-30 14:25:24 - [TEST_STEP][PASSED] - click(findTestObject("Object Repository/Page_cabi Order Items/selectSize2")): Object: 'Object Repository/Page_cabi Order Items/selectSize2' is clicked on

2019-07-30 14:25:24 - [MESSAGE][PASSED] - Object: 'Object Repository/Page_cabi Order Items/selectSize2' is clicked on

2019-07-30 14:25:24 - [TEST_STEP][PASSED] - click(findTestObject("Object Repository/Page_cabi Order Items/addToCart2")): Object: 'Object Repository/Page_cabi Order Items/addToCart2' is clicked on

2019-07-30 14:25:24 - [MESSAGE][PASSED] - Object: 'Object Repository/Page_cabi Order Items/addToCart2' is clicked on

2019-07-30 14:25:24 - [TEST_STEP][PASSED] - delay(5): Delayed 5 second(s)

2019-07-30 14:25:29 - [MESSAGE][PASSED] - Delayed 5 second(s)

2019-07-30 14:25:29 - [TEST_STEP][PASSED] - if (editScenarioNumber == 1): null

2019-07-30 14:25:29 - [TEST_STEP][PASSED] - else if (editScenarioNumber == 2): null

2019-07-30 14:25:29 - [TEST_STEP][PASSED] - else if (editScenarioNumber == 3): null

2019-07-30 14:25:29 - [TEST_STEP][PASSED] - else if (editScenarioNumber == 4): null

2019-07-30 14:25:29 - [TEST_STEP][PASSED] - else if (editScenarioNumber == 5): null

2019-07-30 14:25:29 - [TEST_STEP][PASSED] - click(findTestObject("Object Repository/Page_cabi Order Items/a_checkout")): Object: 'Object Repository/Page_cabi Order Items/a_checkout' is clicked on

2019-07-30 14:25:33 - [MESSAGE][PASSED] - Object: 'Object Repository/Page_cabi Order Items/a_checkout' is clicked on

2019-07-30 14:25:33 - [TEST_STEP][PASSED] - delay(3): Delayed 3 second(s)

2019-07-30 14:25:36 - [MESSAGE][PASSED] - Delayed 3 second(s)

2019-07-30 14:25:36 - [TEST_STEP][PASSED] - click(findTestObject("Page_cabi Personal Store/nextButtonShipping")): Object: 'Object Repository/Page_cabi Personal Store/nextButtonShipping' is clicked on

2019-07-30 14:25:36 - [MESSAGE][PASSED] - Object: 'Object Repository/Page_cabi Personal Store/nextButtonShipping' is clicked on

2019-07-30 14:25:36 - [TEST_STEP][PASSED] - delay(3): Delayed 3 second(s)

2019-07-30 14:25:39 - [MESSAGE][PASSED] - Delayed 3 second(s)

2019-07-30 14:25:39 - [TEST_STEP][PASSED] - click(findTestObject("Page_cabi Personal Store/makeFirstPayment")): Object: 'Object Repository/Page_cabi Personal Store/makeFirstPayment' is clicked on

2019-07-30 14:25:39 - [MESSAGE][PASSED] - Object: 'Object Repository/Page_cabi Personal Store/makeFirstPayment' is clicked on

2019-07-30 14:25:39 - [TEST_STEP][PASSED] - click(findTestObject("Object Repository/Page_cabi Personal Store/select_cash")): Object: 'Object Repository/Page_cabi Personal Store/select_cash' is clicked on

2019-07-30 14:25:39 - [MESSAGE][PASSED] - Object: 'Object Repository/Page_cabi Personal Store/select_cash' is clicked on

2019-07-30 14:25:39 - [TEST_STEP][PASSED] - click(findTestObject("Page_cabi Personal Store/submitPayment")): Object: 'Object Repository/Page_cabi Personal Store/submitPayment' is clicked on

2019-07-30 14:25:40 - [MESSAGE][PASSED] - Object: 'Object Repository/Page_cabi Personal Store/submitPayment' is clicked on

2019-07-30 14:25:40 - [TEST_STEP][PASSED] - click(findTestObject("Page_cabi Personal Store/submitOrderId")): Object: 'Object Repository/Page_cabi Personal Store/submitOrderId' is clicked on

2019-07-30 14:25:43 - [MESSAGE][PASSED] - Object: 'Object Repository/Page_cabi Personal Store/submitOrderId' is clicked on

2019-07-30 14:25:43 - [TEST_STEP][PASSED] - successMsg = "": null

2019-07-30 14:25:43 - [TEST_STEP][PASSED] - orderSuccess = false: null

2019-07-30 14:25:43 - [TEST_STEP][PASSED] - successMsgs = findWebElements(findTestObject("Object Repository/Page_cabi Personal Store/p_success_msg"), 5): null

2019-07-30 14:25:43 - [TEST_STEP][PASSED] - if (successMsgs.size() > 0): Text of object 'Object Repository/Page_cabi Personal Store/p_order_id' is: 'RT708089701'

2019-07-30 14:25:43 - [TEST_STEP][PASSED] - successMsg = getText(findTestObject("Object Repository/Page_cabi Personal Store/p_success_msg")): Text of object 'Object Repository/Page_cabi Personal Store/p_success_msg' is: 'Order Created Successfully!!
Order #:  RT708089701

CONTINUE SHOPPING'

2019-07-30 14:25:43 - [MESSAGE][PASSED] - Text of object 'Object Repository/Page_cabi Personal Store/p_success_msg' is: 'Order Created Successfully!!
Order #:  RT708089701

CONTINUE SHOPPING'

2019-07-30 14:25:43 - [TEST_STEP][PASSED] - orderSuccess = true: null

2019-07-30 14:25:43 - [TEST_STEP][PASSED] - retailOrderID = getText(findTestObject("Object Repository/Page_cabi Personal Store/p_order_id")): Text of object 'Object Repository/Page_cabi Personal Store/p_order_id' is: 'RT708089701'

2019-07-30 14:25:43 - [MESSAGE][PASSED] - Text of object 'Object Repository/Page_cabi Personal Store/p_order_id' is: 'RT708089701'

2019-07-30 14:25:44 - [TEST_STEP][PASSED] - assert orderSuccess == true: null

2019-07-30 14:25:44 - [TEST_STEP][NOT_RUN] - closeBrowser(): NOT_RUN: closeBrowser()

2019-07-30 14:25:44 - [MESSAGE][NOT_RUN] - NOT_RUN: closeBrowser()

2019-07-30 14:25:44 - [MESSAGE][PASSED] - Call Test Case 'Test Cases/editOrder/retailOrderBO' successfully

2019-07-30 14:25:44 - [TEST_STEP][PASSED] - delay(10): Delayed 10 second(s)

2019-07-30 14:25:54 - [MESSAGE][PASSED] - Delayed 10 second(s)

2019-07-30 14:25:54 - [TEST_STEP][PASSED] - callTestCase(findTestCase("NewArrival/warehouseShipping"), ["orderId":retailOrderID], STOP_ON_FAILURE): Call Test Case 'Test Cases/NewArrival/warehouseShipping' successfully

2019-07-30 14:25:54 - [TEST_CASE][PASSED] - Test Cases/NewArrival/warehouseShipping: Test Cases/NewArrival/warehouseShipping

2019-07-30 14:25:55 - [TEST_STEP][PASSED] - callTestCase(findTestCase("TestCaseUtilities/cabiWarehouseLogin"), ["CWURL":"", "CWuser":"", "CWpass":""], STOP_ON_FAILURE): Call Test Case 'Test Cases/TestCaseUtilities/cabiWarehouseLogin' successfully

2019-07-30 14:25:55 - [TEST_CASE][PASSED] - Test Cases/TestCaseUtilities/cabiWarehouseLogin: Test Cases/TestCaseUtilities/cabiWarehouseLogin

2019-07-30 14:25:56 - [TEST_STEP][PASSED] - CWURL = findTestData("envtData").getValue("CWURL", 1): null

2019-07-30 14:25:56 - [TEST_STEP][PASSED] - CWuser = findTestData("credData").getValue("CWuser", 1): null

2019-07-30 14:25:56 - [TEST_STEP][PASSED] - CWpass = findTestData("credData").getValue("CWpass", 1): null

2019-07-30 14:25:56 - [TEST_STEP][PASSED] - openBrowser(""): Browser is opened with url: ''

2019-07-30 14:25:56 - [MESSAGE][WARNING] - A browser is already opened. Closing browser and opening a new one

2019-07-30 14:25:57 - [MESSAGE][INFO] - Starting 'Chrome' driver

2019-07-30 14:25:57 - [MESSAGE][INFO] - User set preference: ['args', '[--use-fake-ui-for-media-stream, --start-maximized]']

2019-07-30 14:26:00 - [MESSAGE][PASSED] - Browser is opened with url: ''

2019-07-30 14:26:00 - [TEST_STEP][PASSED] - navigateToUrl(CWURL): Navigate to 'https://test19.cliotest.com/warehouse/control/main' successfully

2019-07-30 14:26:08 - [MESSAGE][PASSED] - Navigate to 'https://test19.cliotest.com/warehouse/control/main' successfully

2019-07-30 14:26:08 - [TEST_STEP][PASSED] - logOut = findWebElements(findTestObject("Object Repository/Cabi warehouse/Page_cabi_home/log_out"), 1): Unable to find the element located by 'By.xpath: //li/a[contains(text(), 'Log Out »')]'. Please recheck the objects properties to make sure the desired element is located. 

2019-07-30 14:26:09 - [MESSAGE][INFO] - Unable to find the element located by 'By.xpath: //li/a[contains(text(), 'Log Out »')]'. Please recheck the objects properties to make sure the desired element is located. 

2019-07-30 14:26:09 - [TEST_STEP][PASSED] - if (logOut.size() == 0): Object: 'Object Repository/Cabi warehouse/Page_cabi/input_Password_section-btn btn-stl-pk rFloat' is clicked on

2019-07-30 14:26:09 - [TEST_STEP][PASSED] - setText(findTestObject("Object Repository/Cabi warehouse/Page_cabi/input_Username_USERNAME"), CWuser): Text 'rsuarez' is set on object 'Object Repository/Cabi warehouse/Page_cabi/input_Username_USERNAME'

2019-07-30 14:26:09 - [MESSAGE][PASSED] - Text 'rsuarez' is set on object 'Object Repository/Cabi warehouse/Page_cabi/input_Username_USERNAME'

2019-07-30 14:26:09 - [TEST_STEP][PASSED] - setText(findTestObject("Object Repository/Cabi warehouse/Page_cabi/input_Password_PASSWORD"), CWpass): Text 'blackdress19' is set on object 'Object Repository/Cabi warehouse/Page_cabi/input_Password_PASSWORD'

2019-07-30 14:26:10 - [MESSAGE][PASSED] - Text 'blackdress19' is set on object 'Object Repository/Cabi warehouse/Page_cabi/input_Password_PASSWORD'

2019-07-30 14:26:10 - [TEST_STEP][PASSED] - click(findTestObject("Object Repository/Cabi warehouse/Page_cabi/input_Password_section-btn btn-stl-pk rFloat")): Object: 'Object Repository/Cabi warehouse/Page_cabi/input_Password_section-btn btn-stl-pk rFloat' is clicked on

2019-07-30 14:26:13 - [MESSAGE][PASSED] - Object: 'Object Repository/Cabi warehouse/Page_cabi/input_Password_section-btn btn-stl-pk rFloat' is clicked on

2019-07-30 14:26:13 - [TEST_STEP][PASSED] - delay(3): Delayed 3 second(s)

2019-07-30 14:26:16 - [MESSAGE][PASSED] - Delayed 3 second(s)

2019-07-30 14:26:16 - [MESSAGE][PASSED] - Call Test Case 'Test Cases/TestCaseUtilities/cabiWarehouseLogin' successfully

2019-07-30 14:26:16 - [TEST_STEP][PASSED] - click(findTestObject("Page_cabi Manage PickLists/a_Create PickLists")): Object: 'Object Repository/Page_cabi Manage PickLists/a_Create PickLists' is clicked on

2019-07-30 14:26:17 - [MESSAGE][PASSED] - Object: 'Object Repository/Page_cabi Manage PickLists/a_Create PickLists' is clicked on

2019-07-30 14:26:17 - [TEST_STEP][PASSED] - click(findTestObject("Object Repository/findOrders/Page_cabi Find Orders/Page_cabi SampleLine Shipment Screen/a_Single Order")): Object: 'Object Repository/findOrders/Page_cabi Find Orders/Page_cabi SampleLine Shipment Screen/a_Single Order' is clicked on

2019-07-30 14:26:19 - [MESSAGE][PASSED] - Object: 'Object Repository/findOrders/Page_cabi Find Orders/Page_cabi SampleLine Shipment Screen/a_Single Order' is clicked on

2019-07-30 14:26:19 - [TEST_STEP][PASSED] - setText(findTestObject("Page_cabi Create Single Order PickList/input_Order Id_orderId"), orderId): Text 'RT708089701' is set on object 'Object Repository/Page_cabi Create Single Order PickList/input_Order Id_orderId'

2019-07-30 14:26:19 - [MESSAGE][PASSED] - Text 'RT708089701' is set on object 'Object Repository/Page_cabi Create Single Order PickList/input_Order Id_orderId'

2019-07-30 14:26:19 - [TEST_STEP][PASSED] - click(findTestObject("Page_cabi Create Single Order PickList/input_Create even if fully backordered_submitButton")): Object: 'Object Repository/Page_cabi Create Single Order PickList/input_Create even if fully backordered_submitButton' is clicked on

2019-07-30 14:26:21 - [MESSAGE][PASSED] - Object: 'Object Repository/Page_cabi Create Single Order PickList/input_Create even if fully backordered_submitButton' is clicked on

2019-07-30 14:26:21 - [TEST_STEP][PASSED] - pickListCreated = findWebElements(findTestObject("Cabi warehouse/picklistCreatedMessage"), 5): null

2019-07-30 14:26:21 - [TEST_STEP][PASSED] - if (pickListCreated.size() == 0): null

2019-07-30 14:26:21 - [TEST_STEP][PASSED] - picklistCreatedMessage = UtilityMethods.concat("Picklist for order: [", orderId, "] has been created successfully."): null

2019-07-30 14:26:21 - [TEST_STEP][PASSED] - verifyElementText(findTestObject("Cabi warehouse/picklistCreatedMessage"), picklistCreatedMessage): Actual text and expected text of test object 'Object Repository/Cabi warehouse/picklistCreatedMessage' are matched.

2019-07-30 14:26:21 - [MESSAGE][PASSED] - Actual text and expected text of test object 'Object Repository/Cabi warehouse/picklistCreatedMessage' are matched.

2019-07-30 14:26:21 - [TEST_STEP][PASSED] - click(findTestObject("Page_cabi Create Single Order PickList/a_Manage PickLists")): Object: 'Object Repository/Page_cabi Create Single Order PickList/a_Manage PickLists' is clicked on

2019-07-30 14:26:22 - [MESSAGE][PASSED] - Object: 'Object Repository/Page_cabi Create Single Order PickList/a_Manage PickLists' is clicked on

2019-07-30 14:26:22 - [TEST_STEP][PASSED] - setText(findTestObject("Page_cabi Manage PickLists/input_Order _orderId"), orderId): Text 'RT708089701' is set on object 'Object Repository/Page_cabi Manage PickLists/input_Order _orderId'

2019-07-30 14:26:23 - [MESSAGE][PASSED] - Text 'RT708089701' is set on object 'Object Repository/Page_cabi Manage PickLists/input_Order _orderId'

2019-07-30 14:26:23 - [TEST_STEP][PASSED] - click(findTestObject("Page_cabi Manage PickLists/input")): Object: 'Object Repository/Page_cabi Manage PickLists/input' is clicked on

2019-07-30 14:26:25 - [MESSAGE][PASSED] - Object: 'Object Repository/Page_cabi Manage PickLists/input' is clicked on

2019-07-30 14:26:25 - [TEST_STEP][PASSED] - delay(3): Delayed 3 second(s)

2019-07-30 14:26:28 - [MESSAGE][PASSED] - Delayed 3 second(s)

2019-07-30 14:26:28 - [TEST_STEP][PASSED] - click(findTestObject("Page_cabi Manage PickLists/td_104238610")): Object: 'Object Repository/Page_cabi Manage PickLists/td_104238610' is clicked on

2019-07-30 14:26:28 - [MESSAGE][PASSED] - Object: 'Object Repository/Page_cabi Manage PickLists/td_104238610' is clicked on

2019-07-30 14:26:28 - [TEST_STEP][PASSED] - picklistId = getText(findTestObject("Page_cabi Manage PickLists/td_104238610")): Text of object 'Object Repository/Page_cabi Manage PickLists/td_104238610' is: '104342111'

2019-07-30 14:26:28 - [MESSAGE][PASSED] - Text of object 'Object Repository/Page_cabi Manage PickLists/td_104238610' is: '104342111'

2019-07-30 14:26:28 - [TEST_STEP][PASSED] - click(findTestObject("Page_cabi Manage PickLists/a_Packing")): Object: 'Object Repository/Page_cabi Manage PickLists/a_Packing' is clicked on

2019-07-30 14:26:29 - [MESSAGE][PASSED] - Object: 'Object Repository/Page_cabi Manage PickLists/a_Packing' is clicked on

2019-07-30 14:26:29 - [TEST_STEP][PASSED] - setText(findTestObject("Page_cabi Pack Init/input_Pack Station_packStationId"), "30"): Text '30' is set on object 'Object Repository/Page_cabi Pack Init/input_Pack Station_packStationId'

2019-07-30 14:26:29 - [MESSAGE][PASSED] - Text '30' is set on object 'Object Repository/Page_cabi Pack Init/input_Pack Station_packStationId'

2019-07-30 14:26:29 - [TEST_STEP][PASSED] - click(findTestObject("Page_cabi Pack Init/input_Pack Station_submitButton")): Object: 'Object Repository/Page_cabi Pack Init/input_Pack Station_submitButton' is clicked on

2019-07-30 14:26:31 - [MESSAGE][PASSED] - Object: 'Object Repository/Page_cabi Pack Init/input_Pack Station_submitButton' is clicked on

2019-07-30 14:26:31 - [TEST_STEP][PASSED] - setText(findTestObject("Page_cabi Pack Init/input_Picklist ID_pickId"), picklistId): Text '104342111' is set on object 'Object Repository/Page_cabi Pack Init/input_Picklist ID_pickId'

2019-07-30 14:26:31 - [MESSAGE][PASSED] - Text '104342111' is set on object 'Object Repository/Page_cabi Pack Init/input_Picklist ID_pickId'

2019-07-30 14:26:31 - [TEST_STEP][PASSED] - click(findTestObject("Page_cabi Pack Init/input_Picklist ID_submitButton")): Object: 'Object Repository/Page_cabi Pack Init/input_Picklist ID_submitButton' is clicked on

2019-07-30 14:26:33 - [MESSAGE][PASSED] - Object: 'Object Repository/Page_cabi Pack Init/input_Picklist ID_submitButton' is clicked on

2019-07-30 14:26:33 - [TEST_STEP][PASSED] - click(findTestObject("Page_cabi General Pack/input_Cream Of Wheat_button addItemForVerification")): Object: 'Object Repository/Page_cabi General Pack/input_Cream Of Wheat_button addItemForVerification' is clicked on

2019-07-30 14:26:33 - [MESSAGE][PASSED] - Object: 'Object Repository/Page_cabi General Pack/input_Cream Of Wheat_button addItemForVerification' is clicked on

2019-07-30 14:26:33 - [TEST_STEP][PASSED] - click(findTestObject("Page_cabi General Pack/input_Pack Station  30_shipConfirmBtn")): Object: 'Object Repository/Page_cabi General Pack/input_Pack Station  30_shipConfirmBtn' is clicked on

2019-07-30 14:26:35 - [MESSAGE][PASSED] - Object: 'Object Repository/Page_cabi General Pack/input_Pack Station  30_shipConfirmBtn' is clicked on

2019-07-30 14:26:35 - [TEST_STEP][PASSED] - delay(3): Delayed 3 second(s)

2019-07-30 14:26:38 - [MESSAGE][PASSED] - Delayed 3 second(s)

2019-07-30 14:26:38 - [TEST_STEP][PASSED] - itemsNotpacked = findWebElements(findTestObject("Cabi warehouse/itemsNotPacked"), 5): null

2019-07-30 14:26:38 - [TEST_STEP][PASSED] - if (itemsNotpacked.size() > 0): Object: 'Object Repository/Cabi warehouse/completeAnywayButton' is clicked on

2019-07-30 14:26:38 - [TEST_STEP][PASSED] - click(findTestObject("Cabi warehouse/completeAnywayButton")): Object: 'Object Repository/Cabi warehouse/completeAnywayButton' is clicked on

2019-07-30 14:26:42 - [MESSAGE][PASSED] - Object: 'Object Repository/Cabi warehouse/completeAnywayButton' is clicked on

2019-07-30 14:26:42 - [TEST_STEP][PASSED] - click(findTestObject("Cabi warehouse/warehouseLogout")): Object: 'Object Repository/Cabi warehouse/warehouseLogout' is clicked on

2019-07-30 14:26:45 - [MESSAGE][PASSED] - Object: 'Object Repository/Cabi warehouse/warehouseLogout' is clicked on

2019-07-30 14:26:45 - [MESSAGE][PASSED] - Call Test Case 'Test Cases/NewArrival/warehouseShipping' successfully

2019-07-30 14:26:45 - [TEST_STEP][PASSED] - callTestCase(findTestCase("TestCaseUtilities/setVHost"), [:], STOP_ON_FAILURE): Call Test Case 'Test Cases/TestCaseUtilities/setVHost' successfully

2019-07-30 14:26:45 - [TEST_CASE][PASSED] - Test Cases/TestCaseUtilities/setVHost: Test Cases/TestCaseUtilities/setVHost

2019-07-30 14:26:45 - [TEST_STEP][PASSED] - ofbizURL = findTestData("envtData").getValue("ofbizURL", 1): null

2019-07-30 14:26:45 - [TEST_STEP][PASSED] - ofbizUser = findTestData("credData").getValue("ofbizuser", 1): null

2019-07-30 14:26:45 - [TEST_STEP][PASSED] - ofbizPass = findTestData("credData").getValue("ofbizpass", 1): null

2019-07-30 14:26:45 - [TEST_STEP][PASSED] - vhostTarget = findTestData("envtData").getValue("vhostTarget", 1): null

2019-07-30 14:26:46 - [TEST_STEP][PASSED] - navigateToUrl(ofbizURL): Navigate to 'https://pushofbiz.cliotest.com/login.php' successfully

2019-07-30 14:26:47 - [MESSAGE][PASSED] - Navigate to 'https://pushofbiz.cliotest.com/login.php' successfully

2019-07-30 14:26:47 - [TEST_STEP][PASSED] - setText(findTestObject("Object Repository/virualShowRSVPOR/Page_/input_Username_username"), ofbizUser): Text 'automation' is set on object 'Object Repository/virualShowRSVPOR/Page_/input_Username_username'

2019-07-30 14:26:48 - [MESSAGE][PASSED] - Text 'automation' is set on object 'Object Repository/virualShowRSVPOR/Page_/input_Username_username'

2019-07-30 14:26:48 - [TEST_STEP][PASSED] - setText(findTestObject("Object Repository/virualShowRSVPOR/Page_/input_Password_password"), ofbizPass): Text 'cabiautomation' is set on object 'Object Repository/virualShowRSVPOR/Page_/input_Password_password'

2019-07-30 14:26:48 - [MESSAGE][PASSED] - Text 'cabiautomation' is set on object 'Object Repository/virualShowRSVPOR/Page_/input_Password_password'

2019-07-30 14:26:48 - [TEST_STEP][PASSED] - click(findTestObject("Object Repository/virualShowRSVPOR/Page_/input_Password_Submit")): Object: 'Object Repository/virualShowRSVPOR/Page_/input_Password_Submit' is clicked on

2019-07-30 14:26:53 - [MESSAGE][PASSED] - Object: 'Object Repository/virualShowRSVPOR/Page_/input_Password_Submit' is clicked on

2019-07-30 14:26:53 - [TEST_STEP][PASSED] - click(findTestObject("Object Repository/virualShowRSVPOR/Page_/a_Set Vhost")): Object: 'Object Repository/virualShowRSVPOR/Page_/a_Set Vhost' is clicked on

2019-07-30 14:26:53 - [MESSAGE][PASSED] - Object: 'Object Repository/virualShowRSVPOR/Page_/a_Set Vhost' is clicked on

2019-07-30 14:26:53 - [TEST_STEP][PASSED] - click(UtilityMethods.createTestObject("select_target", "//select[@name='Target']/option[contains(text(), '", vhostTarget, "')]")): Object: 'select_target' is clicked on

2019-07-30 14:26:54 - [MESSAGE][PASSED] - Object: 'select_target' is clicked on

2019-07-30 14:26:54 - [TEST_STEP][PASSED] - click(findTestObject("Object Repository/virualShowRSVPOR/Page_/input")): Object: 'Object Repository/virualShowRSVPOR/Page_/input' is clicked on

2019-07-30 14:26:56 - [MESSAGE][PASSED] - Object: 'Object Repository/virualShowRSVPOR/Page_/input' is clicked on

2019-07-30 14:26:56 - [MESSAGE][PASSED] - Call Test Case 'Test Cases/TestCaseUtilities/setVHost' successfully

2019-07-30 14:26:56 - [TEST_STEP][PASSED] - callTestCase(findTestCase("TestCaseUtilities/rsLogin"), ["RSURL":"", "RSuser":"", "RSpass":""], STOP_ON_FAILURE): Call Test Case 'Test Cases/TestCaseUtilities/rsLogin' successfully

2019-07-30 14:26:56 - [TEST_CASE][PASSED] - Test Cases/TestCaseUtilities/rsLogin: Test Cases/TestCaseUtilities/rsLogin

2019-07-30 14:26:57 - [TEST_STEP][PASSED] - RSURL = findTestData("envtData").getValue("RSURL", 1): null

2019-07-30 14:26:57 - [TEST_STEP][PASSED] - RSuser = findTestData("credData").getValue("RSuser", 1): null

2019-07-30 14:26:57 - [TEST_STEP][PASSED] - RSpass = findTestData("credData").getValue("RSpass", 1): null

2019-07-30 14:26:57 - [TEST_STEP][PASSED] - BSURL = findTestData("envtData").getValue("BSURL", 1): null

2019-07-30 14:26:57 - [TEST_STEP][PASSED] - navigateToUrl(RSURL): Navigate to 'https://mirandakate.cabitest5.com' successfully

2019-07-30 14:27:28 - [MESSAGE][PASSED] - Navigate to 'https://mirandakate.cabitest5.com' successfully

2019-07-30 14:27:28 - [TEST_STEP][PASSED] - click(findTestObject("ReplicatedSite/rs_Page_Trendy/i_user_login")): Object: 'Object Repository/ReplicatedSite/rs_Page_Trendy/i_user_login' is clicked on

2019-07-30 14:27:29 - [MESSAGE][PASSED] - Object: 'Object Repository/ReplicatedSite/rs_Page_Trendy/i_user_login' is clicked on

2019-07-30 14:27:29 - [TEST_STEP][PASSED] - setText(findTestObject("ReplicatedSite/rs_Page_Trendy/input_Sign in  Create account_email"), RSuser): Text 'sushantguest1@test.com' is set on object 'Object Repository/ReplicatedSite/rs_Page_Trendy/input_Sign in  Create account_email'

2019-07-30 14:27:32 - [MESSAGE][PASSED] - Text 'sushantguest1@test.com' is set on object 'Object Repository/ReplicatedSite/rs_Page_Trendy/input_Sign in  Create account_email'

2019-07-30 14:27:32 - [TEST_STEP][PASSED] - click(findTestObject("ReplicatedSite/rs_Page_Trendy/button_Continue")): Object: 'Object Repository/ReplicatedSite/rs_Page_Trendy/button_Continue' is clicked on

2019-07-30 14:27:32 - [MESSAGE][PASSED] - Object: 'Object Repository/ReplicatedSite/rs_Page_Trendy/button_Continue' is clicked on

2019-07-30 14:27:32 - [TEST_STEP][PASSED] - setText(findTestObject("ReplicatedSite/rs_Page_Trendy/input_Welcome_password"), RSpass): Text 'blackdress19' is set on object 'Object Repository/ReplicatedSite/rs_Page_Trendy/input_Welcome_password'

2019-07-30 14:27:34 - [MESSAGE][PASSED] - Text 'blackdress19' is set on object 'Object Repository/ReplicatedSite/rs_Page_Trendy/input_Welcome_password'

2019-07-30 14:27:34 - [TEST_STEP][PASSED] - click(findTestObject("ReplicatedSite/rs_Page_Trendy/button_Continue")): Object: 'Object Repository/ReplicatedSite/rs_Page_Trendy/button_Continue' is clicked on

2019-07-30 14:27:34 - [MESSAGE][PASSED] - Object: 'Object Repository/ReplicatedSite/rs_Page_Trendy/button_Continue' is clicked on

2019-07-30 14:27:34 - [TEST_STEP][PASSED] - completeProfileLater = findWebElements(findTestObject("ReplicatedSite/rs_Page_Trendy/completeProfileLater"), 5): null

2019-07-30 14:27:35 - [TEST_STEP][PASSED] - if (completeProfileLater.size() > 0): Object: 'Object Repository/ReplicatedSite/rs_Page_Trendy/completeProfileLater' is clicked on

2019-07-30 14:27:35 - [TEST_STEP][PASSED] - click(findTestObject("ReplicatedSite/rs_Page_Trendy/completeProfileLater")): Object: 'Object Repository/ReplicatedSite/rs_Page_Trendy/completeProfileLater' is clicked on

2019-07-30 14:27:52 - [MESSAGE][PASSED] - Object: 'Object Repository/ReplicatedSite/rs_Page_Trendy/completeProfileLater' is clicked on

2019-07-30 14:27:52 - [TEST_STEP][PASSED] - if (getUrl() == BSURL): Current window's url is: 'https://mirandakate.cabitest5.com/'

2019-07-30 14:27:52 - [MESSAGE][PASSED] - Current window's url is: 'https://mirandakate.cabitest5.com/'

2019-07-30 14:27:52 - [MESSAGE][PASSED] - Call Test Case 'Test Cases/TestCaseUtilities/rsLogin' successfully

2019-07-30 14:27:52 - [TEST_STEP][PASSED] - callTestCase(findTestCase("editOrder/rsOrderHistoryConfirm"), ["orderID":"", "editScenarioNumber":5], STOP_ON_FAILURE): Call Test Case 'Test Cases/editOrder/rsOrderHistoryConfirm' successfully

2019-07-30 14:27:52 - [TEST_CASE][PASSED] - Test Cases/editOrder/rsOrderHistoryConfirm: Test Cases/editOrder/rsOrderHistoryConfirm

2019-07-30 14:27:53 - [TEST_STEP][PASSED] - orderID = retailOrderID: null

2019-07-30 14:27:53 - [TEST_STEP][PASSED] - println(orderID): null

2019-07-30 14:27:53 - [TEST_STEP][PASSED] - xpath = UtilityMethods.concat("//span[contains(text(), '", orderID, "')]/parent::div/parent::div/div[@class='table-row-edit-order']//a"): null

2019-07-30 14:27:53 - [TEST_STEP][PASSED] - to = new com.kms.katalon.core.testobject.TestObject(a_link_dynamic): null

2019-07-30 14:27:53 - [TEST_STEP][PASSED] - to.addProperty("xpath", EQUALS, xpath): null

2019-07-30 14:27:53 - [TEST_STEP][PASSED] - click(findTestObject("ReplicatedSite/rs_Page_Trendy/i_Michigan_fa fa-caret-down")): Object: 'Object Repository/ReplicatedSite/rs_Page_Trendy/i_Michigan_fa fa-caret-down' is clicked on

2019-07-30 14:27:53 - [MESSAGE][PASSED] - Object: 'Object Repository/ReplicatedSite/rs_Page_Trendy/i_Michigan_fa fa-caret-down' is clicked on

2019-07-30 14:27:53 - [TEST_STEP][PASSED] - click(findTestObject("ReplicatedSite/rs_Page_Trendy/a_My Profile")): Object: 'Object Repository/ReplicatedSite/rs_Page_Trendy/a_My Profile' is clicked on

2019-07-30 14:28:07 - [MESSAGE][PASSED] - Object: 'Object Repository/ReplicatedSite/rs_Page_Trendy/a_My Profile' is clicked on

2019-07-30 14:28:07 - [TEST_STEP][PASSED] - click(findTestObject("Object Repository/ReplicatedSite/Page_Profile - Cabi Fall 2018 Collection/span_Order History")): Object: 'Object Repository/ReplicatedSite/Page_Profile - Cabi Fall 2018 Collection/span_Order History' is clicked on

2019-07-30 14:28:08 - [MESSAGE][PASSED] - Object: 'Object Repository/ReplicatedSite/Page_Profile - Cabi Fall 2018 Collection/span_Order History' is clicked on

2019-07-30 14:28:08 - [TEST_STEP][PASSED] - delay(5): Delayed 5 second(s)

2019-07-30 14:28:13 - [MESSAGE][PASSED] - Delayed 5 second(s)

2019-07-30 14:28:13 - [TEST_STEP][PASSED] - editButton = findWebElements(to, 1): null

2019-07-30 14:28:13 - [TEST_STEP][PASSED] - assert editButton.size() > 0: null

2019-07-30 14:28:13 - [TEST_STEP][PASSED] - if (editButton.size() > 0): null

2019-07-30 14:28:13 - [TEST_STEP][PASSED] - click(to): Object: 'a_link_dynamic' is clicked on

2019-07-30 14:28:13 - [MESSAGE][PASSED] - Object: 'a_link_dynamic' is clicked on

2019-07-30 14:28:13 - [TEST_STEP][PASSED] - delay(10): Delayed 10 second(s)

2019-07-30 14:28:23 - [MESSAGE][PASSED] - Delayed 10 second(s)

2019-07-30 14:28:23 - [TEST_STEP][PASSED] - if (editScenarioNumber == 1): null

2019-07-30 14:28:23 - [TEST_STEP][PASSED] - else if (editScenarioNumber == 3): null

2019-07-30 14:28:23 - [TEST_STEP][PASSED] - else if (editScenarioNumber == 4): null

2019-07-30 14:28:23 - [TEST_STEP][PASSED] - else if (editScenarioNumber == 5): null

2019-07-30 14:28:23 - [TEST_STEP][PASSED] - println("scen = 5"): null

2019-07-30 14:28:23 - [TEST_STEP][PASSED] - expectedMessage = "Item Shipped": null

2019-07-30 14:28:23 - [TEST_STEP][PASSED] - actualMessage = getText(findTestObject("Object Repository/ReplicatedSite/itemShipped")): Text of object 'Object Repository/ReplicatedSite/itemShipped' is: 'Item Shipped'

2019-07-30 14:28:29 - [MESSAGE][PASSED] - Text of object 'Object Repository/ReplicatedSite/itemShipped' is: 'Item Shipped'

2019-07-30 14:28:29 - [TEST_STEP][PASSED] - assert actualMessage.equalsIgnoreCase(expectedMessage): null

2019-07-30 14:28:29 - [TEST_STEP][PASSED] - itemRemove = findWebElements(findTestObject("Object Repository/ReplicatedSite/itemRemove"), 5): Unable to find the element located by 'By.xpath: //span[contains(text(), 'Item #5447')]/parent::div/parent::div/div[@class='shop-td options']/p/a[contains(text(), ' Remove')]'. Please recheck the objects properties to make sure the desired element is located. 

2019-07-30 14:28:35 - [MESSAGE][INFO] - Unable to find the element located by 'By.xpath: //span[contains(text(), 'Item #5447')]/parent::div/parent::div/div[@class='shop-td options']/p/a[contains(text(), ' Remove')]'. Please recheck the objects properties to make sure the desired element is located. 

2019-07-30 14:28:35 - [TEST_STEP][PASSED] - assert itemRemove.size() == 0: null

2019-07-30 14:28:35 - [MESSAGE][PASSED] - Call Test Case 'Test Cases/editOrder/rsOrderHistoryConfirm' successfully]]></system-out>
         <system-err><![CDATA[]]></system-err>
      </testcase>
      <system-out><![CDATA[2019-07-30 14:23:22 - [TEST_SUITE][PASSED] - EditOrderTestSuit: Test Cases/editOrder/rsEditOrderPartialShip]]></system-out>
      <system-err><![CDATA[]]></system-err>
   </testsuite>
</testsuites>
