<?xml version="1.0" encoding="UTF-8"?>
<testsuites name="MicrositeTestSuite" time="285" tests="1" failures="0" errors="0">
   <testsuite name="MicrositeTestSuite" tests="1" failures="0" errors="0" time="285" timestamp="2019-06-11 14:26:53" hostname="user - 10.0.102.159" id="Test Suites/VirtualShowRSVPSuites/MicrositeTestSuite">
      <properties>
         <property name="deviceName" value=""/>
         <property name="devicePlatform" value=""/>
         <property name="logFolder" value="C:\\Users\\user\\Documents\\testautomation\\NewArrivals\\Reports\\VirtualShowRSVPSuites\\MicrositeTestSuite\\20190611_142648"/>
         <property name="logFiles" value="C:\\Users\\user\\Documents\\testautomation\\NewArrivals\\Reports\\VirtualShowRSVPSuites\\MicrositeTestSuite\\20190611_142648\\execution0.log"/>
         <property name="attachments" value=""/>
         <property name="hostName" value="user - 10.0.102.159"/>
         <property name="os" value="Windows 8.1 64bit"/>
         <property name="katalonVersion" value="6.1.1.1"/>
         <property name="browser" value="Chrome 74.0.3729.169"/>
         <property name="hostAddress" value="10.0.102.159"/>
         <property name="sessionId" value="e8dd88812660b44f7410e948ee4a5334"/>
         <property name="seleniumVersion" value="3.7.1"/>
         <property name="proxyInformation" value="ProxyInformation{proxyOption=NO_PROXY, proxyServerType=HTTP, password=, proxyServerAddress=, proxyServerPort=0}"/>
         <property name="platform" value="Windows 8.1"/>
      </properties>
      <testcase name="Test Cases/virtualShowRSVP/micrositeRSVPValidUser" classname="Test Cases/virtualShowRSVP/micrositeRSVPValidUser" status="PASSED">
         <system-out><![CDATA[2019-06-11 14:26:54 - [TEST_CASE][PASSED] - Test Cases/virtualShowRSVP/micrositeRSVPValidUser: Test Cases/virtualShowRSVP/micrositeRSVPValidUser

2019-06-11 14:26:54 - [TEST_STEP][PASSED] - Start listener action : sampleBeforeTestCase: null

2019-06-11 14:26:54 - [TEST_STEP][PASSED] - println(testCaseContext.getTestCaseId()): null

2019-06-11 14:26:54 - [TEST_STEP][PASSED] - println(testCaseContext.getTestCaseVariables()): null

2019-06-11 14:26:55 - [TEST_STEP][PASSED] - openBrowser(""): Browser is opened with url: ''

2019-06-11 14:26:55 - [MESSAGE][INFO] - Starting 'Chrome' driver

2019-06-11 14:26:55 - [MESSAGE][INFO] - Action delay is set to 0 seconds

2019-06-11 14:26:59 - [MESSAGE][PASSED] - Browser is opened with url: ''

2019-06-11 14:26:59 - [TEST_STEP][PASSED] - maximizeWindow(): Current window maximized

2019-06-11 14:27:01 - [MESSAGE][PASSED] - Current window maximized

2019-06-11 14:27:01 - [TEST_STEP][PASSED] - navigateToUrl(ofbizURL): Navigate to 'https://pushofbiz.cliotest.com/login.php' successfully

2019-06-11 14:27:02 - [MESSAGE][PASSED] - Navigate to 'https://pushofbiz.cliotest.com/login.php' successfully

2019-06-11 14:27:02 - [TEST_STEP][PASSED] - setText(findTestObject("Object Repository/virualShowRSVPOR/Page_/input_Username_username"), ofbizUser): Text 'sshinde' is set on object 'Object Repository/virualShowRSVPOR/Page_/input_Username_username'

2019-06-11 14:27:03 - [MESSAGE][PASSED] - Text 'sshinde' is set on object 'Object Repository/virualShowRSVPOR/Page_/input_Username_username'

2019-06-11 14:27:03 - [TEST_STEP][PASSED] - setText(findTestObject("Object Repository/virualShowRSVPOR/Page_/input_Password_password"), ofbizPass): Text 'C@bi$ush5' is set on object 'Object Repository/virualShowRSVPOR/Page_/input_Password_password'

2019-06-11 14:27:03 - [MESSAGE][PASSED] - Text 'C@bi$ush5' is set on object 'Object Repository/virualShowRSVPOR/Page_/input_Password_password'

2019-06-11 14:27:03 - [TEST_STEP][PASSED] - click(findTestObject("Object Repository/virualShowRSVPOR/Page_/input_Password_Submit")): Object: 'Object Repository/virualShowRSVPOR/Page_/input_Password_Submit' is clicked on

2019-06-11 14:27:06 - [MESSAGE][PASSED] - Object: 'Object Repository/virualShowRSVPOR/Page_/input_Password_Submit' is clicked on

2019-06-11 14:27:06 - [TEST_STEP][PASSED] - click(findTestObject("Object Repository/virualShowRSVPOR/Page_/a_Set Vhost")): Object: 'Object Repository/virualShowRSVPOR/Page_/a_Set Vhost' is clicked on

2019-06-11 14:27:07 - [MESSAGE][PASSED] - Object: 'Object Repository/virualShowRSVPOR/Page_/a_Set Vhost' is clicked on

2019-06-11 14:27:07 - [TEST_STEP][PASSED] - selectOptionByValue(findTestObject("virualShowRSVPOR/Page_/select_cabitest"), "19", true): All options with value '19' are selected in object 'Object Repository/virualShowRSVPOR/Page_/select_cabitest'  using regular expression

2019-06-11 14:27:07 - [MESSAGE][PASSED] - All options with value '19' are selected in object 'Object Repository/virualShowRSVPOR/Page_/select_cabitest'  using regular expression

2019-06-11 14:27:07 - [TEST_STEP][PASSED] - click(findTestObject("Object Repository/virualShowRSVPOR/Page_/input")): Object: 'Object Repository/virualShowRSVPOR/Page_/input' is clicked on

2019-06-11 14:27:09 - [MESSAGE][PASSED] - Object: 'Object Repository/virualShowRSVPOR/Page_/input' is clicked on

2019-06-11 14:27:09 - [TEST_STEP][PASSED] - micrositeURL = "https://mirandakate.cabitest5.com/show-microsite/104595204/": null

2019-06-11 14:27:10 - [TEST_STEP][PASSED] - navigateToUrl(micrositeURL): Navigate to 'https://mirandakate.cabitest5.com/show-microsite/104595204/' successfully

2019-06-11 14:27:32 - [MESSAGE][PASSED] - Navigate to 'https://mirandakate.cabitest5.com/show-microsite/104595204/' successfully

2019-06-11 14:27:32 - [TEST_STEP][PASSED] - delay(12): Delayed 12 second(s)

2019-06-11 14:27:44 - [MESSAGE][PASSED] - Delayed 12 second(s)

2019-06-11 14:27:44 - [TEST_STEP][PASSED] - verifyElementText(findTestObject("Object Repository/virualShowRSVPOR/Page_Show microsite/h1_Youre invited"), "You're invited to Front Row"): Actual text and expected text of test object 'Object Repository/virualShowRSVPOR/Page_Show microsite/h1_Youre invited' are matched.

2019-06-11 14:27:45 - [MESSAGE][PASSED] - Actual text and expected text of test object 'Object Repository/virualShowRSVPOR/Page_Show microsite/h1_Youre invited' are matched.

2019-06-11 14:27:45 - [TEST_STEP][PASSED] - click(findTestObject("Object Repository/virualShowRSVPOR/Page_Show microsite/button_Login to RSVP")): Object: 'Object Repository/virualShowRSVPOR/Page_Show microsite/button_Login to RSVP' is clicked on

2019-06-11 14:27:45 - [MESSAGE][PASSED] - Object: 'Object Repository/virualShowRSVPOR/Page_Show microsite/button_Login to RSVP' is clicked on

2019-06-11 14:27:45 - [TEST_STEP][PASSED] - setText(findTestObject("Object Repository/virualShowRSVPOR/Page_Show microsite/input_Sign in  Create account_email"), guest1Mail): Text 'neoguest1ab@test.com' is set on object 'Object Repository/virualShowRSVPOR/Page_Show microsite/input_Sign in  Create account_email'

2019-06-11 14:27:48 - [MESSAGE][PASSED] - Text 'neoguest1ab@test.com' is set on object 'Object Repository/virualShowRSVPOR/Page_Show microsite/input_Sign in  Create account_email'

2019-06-11 14:27:48 - [TEST_STEP][PASSED] - click(findTestObject("Object Repository/virualShowRSVPOR/Page_Show microsite/button_Continue")): Object: 'Object Repository/virualShowRSVPOR/Page_Show microsite/button_Continue' is clicked on

2019-06-11 14:27:48 - [MESSAGE][PASSED] - Object: 'Object Repository/virualShowRSVPOR/Page_Show microsite/button_Continue' is clicked on

2019-06-11 14:27:48 - [TEST_STEP][PASSED] - delay(5): Delayed 5 second(s)

2019-06-11 14:27:53 - [MESSAGE][PASSED] - Delayed 5 second(s)

2019-06-11 14:27:53 - [TEST_STEP][PASSED] - setText(findTestObject("Object Repository/virualShowRSVPOR/Page_Show microsite/input_Welcome_password"), guest1Pass): Text 'blackdress19' is set on object 'Object Repository/virualShowRSVPOR/Page_Show microsite/input_Welcome_password'

2019-06-11 14:27:54 - [MESSAGE][PASSED] - Text 'blackdress19' is set on object 'Object Repository/virualShowRSVPOR/Page_Show microsite/input_Welcome_password'

2019-06-11 14:27:54 - [TEST_STEP][PASSED] - click(findTestObject("Object Repository/virualShowRSVPOR/Page_Show microsite/button_Continue")): Object: 'Object Repository/virualShowRSVPOR/Page_Show microsite/button_Continue' is clicked on

2019-06-11 14:27:54 - [MESSAGE][PASSED] - Object: 'Object Repository/virualShowRSVPOR/Page_Show microsite/button_Continue' is clicked on

2019-06-11 14:27:54 - [TEST_STEP][PASSED] - delay(5): Delayed 5 second(s)

2019-06-11 14:27:59 - [MESSAGE][PASSED] - Delayed 5 second(s)

2019-06-11 14:27:59 - [TEST_STEP][PASSED] - if (verifyElementPresent(findTestObject("Object Repository/virualShowRSVPOR/Page_Show microsite/complete_my_profile_later"), 0)): Object: 'Object Repository/virualShowRSVPOR/Page_Show microsite/div_Ill complete my profile later' is clicked on

2019-06-11 14:27:59 - [MESSAGE][WARNING] - Timeout '0' is invalid. Using default page load timeout: '30'

2019-06-11 14:27:59 - [MESSAGE][PASSED] - Object 'Object Repository/virualShowRSVPOR/Page_Show microsite/complete_my_profile_later' is present

2019-06-11 14:27:59 - [TEST_STEP][PASSED] - click(findTestObject("Object Repository/virualShowRSVPOR/Page_Show microsite/div_Ill complete my profile later")): Object: 'Object Repository/virualShowRSVPOR/Page_Show microsite/div_Ill complete my profile later' is clicked on

2019-06-11 14:28:09 - [MESSAGE][PASSED] - Object: 'Object Repository/virualShowRSVPOR/Page_Show microsite/div_Ill complete my profile later' is clicked on

2019-06-11 14:28:09 - [TEST_STEP][PASSED] - listElement = findWebElements(findTestObject("Object Repository/virualShowRSVPOR/Page_Show microsite/div_Update your RSVP"), 5): null

2019-06-11 14:28:10 - [TEST_STEP][PASSED] - if (empty): null

2019-06-11 14:28:10 - [TEST_STEP][PASSED] - else: null

2019-06-11 14:28:10 - [TEST_STEP][PASSED] - println("RSVP is updated previously"): null

2019-06-11 14:28:10 - [TEST_STEP][PASSED] - delay(5): Delayed 5 second(s)

2019-06-11 14:28:15 - [MESSAGE][PASSED] - Delayed 5 second(s)

2019-06-11 14:28:15 - [TEST_STEP][PASSED] - click(findTestObject("Object Repository/virualShowRSVPOR/Page_Show microsite/div_Update your RSVP")): Object: 'Object Repository/virualShowRSVPOR/Page_Show microsite/div_Update your RSVP' is clicked on

2019-06-11 14:28:16 - [MESSAGE][PASSED] - Object: 'Object Repository/virualShowRSVPOR/Page_Show microsite/div_Update your RSVP' is clicked on

2019-06-11 14:28:16 - [TEST_STEP][PASSED] - delay(5): Delayed 5 second(s)

2019-06-11 14:28:21 - [MESSAGE][PASSED] - Delayed 5 second(s)

2019-06-11 14:28:21 - [TEST_STEP][PASSED] - click(findTestObject("Object Repository/virualShowRSVPOR/Page_Show microsite/select_rsvp_maybe")): Object: 'Object Repository/virualShowRSVPOR/Page_Show microsite/select_rsvp_maybe' is clicked on

2019-06-11 14:28:21 - [MESSAGE][PASSED] - Object: 'Object Repository/virualShowRSVPOR/Page_Show microsite/select_rsvp_maybe' is clicked on

2019-06-11 14:28:21 - [TEST_STEP][PASSED] - click(findTestObject("Object Repository/virualShowRSVPOR/Page_Show microsite/select_rsvp_no")): Object: 'Object Repository/virualShowRSVPOR/Page_Show microsite/select_rsvp_no' is clicked on

2019-06-11 14:28:21 - [MESSAGE][PASSED] - Object: 'Object Repository/virualShowRSVPOR/Page_Show microsite/select_rsvp_no' is clicked on

2019-06-11 14:28:21 - [TEST_STEP][PASSED] - click(findTestObject("Object Repository/virualShowRSVPOR/Page_Show microsite/select_rsvp_maybe")): Object: 'Object Repository/virualShowRSVPOR/Page_Show microsite/select_rsvp_maybe' is clicked on

2019-06-11 14:28:21 - [MESSAGE][PASSED] - Object: 'Object Repository/virualShowRSVPOR/Page_Show microsite/select_rsvp_maybe' is clicked on

2019-06-11 14:28:21 - [TEST_STEP][PASSED] - click(findTestObject("Object Repository/virualShowRSVPOR/Page_Show microsite/button_SEND")): Object: 'Object Repository/virualShowRSVPOR/Page_Show microsite/button_SEND' is clicked on

2019-06-11 14:28:21 - [MESSAGE][PASSED] - Object: 'Object Repository/virualShowRSVPOR/Page_Show microsite/button_SEND' is clicked on

2019-06-11 14:28:21 - [TEST_STEP][PASSED] - delay(5): Delayed 5 second(s)

2019-06-11 14:28:26 - [MESSAGE][PASSED] - Delayed 5 second(s)

2019-06-11 14:28:26 - [TEST_STEP][PASSED] - verifyElementText(findTestObject("Object Repository/virualShowRSVPOR/Page_Show microsite/h2_We hope youll be able to attend."), "We hope you'll be able to attend."): Actual text and expected text of test object 'Object Repository/virualShowRSVPOR/Page_Show microsite/h2_We hope youll be able to attend.' are matched.

2019-06-11 14:28:26 - [MESSAGE][PASSED] - Actual text and expected text of test object 'Object Repository/virualShowRSVPOR/Page_Show microsite/h2_We hope youll be able to attend.' are matched.

2019-06-11 14:28:26 - [TEST_STEP][PASSED] - click(findTestObject("Object Repository/virualShowRSVPOR/Page_Show microsite/div_Update your RSVP")): Object: 'Object Repository/virualShowRSVPOR/Page_Show microsite/div_Update your RSVP' is clicked on

2019-06-11 14:28:27 - [MESSAGE][PASSED] - Object: 'Object Repository/virualShowRSVPOR/Page_Show microsite/div_Update your RSVP' is clicked on

2019-06-11 14:28:27 - [TEST_STEP][PASSED] - click(findTestObject("Object Repository/virualShowRSVPOR/Page_Show microsite/select_rsvp_no")): Object: 'Object Repository/virualShowRSVPOR/Page_Show microsite/select_rsvp_no' is clicked on

2019-06-11 14:28:27 - [MESSAGE][PASSED] - Object: 'Object Repository/virualShowRSVPOR/Page_Show microsite/select_rsvp_no' is clicked on

2019-06-11 14:28:27 - [TEST_STEP][PASSED] - click(findTestObject("Object Repository/virualShowRSVPOR/Page_Show microsite/button_SEND")): Object: 'Object Repository/virualShowRSVPOR/Page_Show microsite/button_SEND' is clicked on

2019-06-11 14:28:27 - [MESSAGE][PASSED] - Object: 'Object Repository/virualShowRSVPOR/Page_Show microsite/button_SEND' is clicked on

2019-06-11 14:28:27 - [TEST_STEP][PASSED] - delay(5): Delayed 5 second(s)

2019-06-11 14:28:32 - [MESSAGE][PASSED] - Delayed 5 second(s)

2019-06-11 14:28:32 - [TEST_STEP][PASSED] - verifyElementText(findTestObject("Object Repository/virualShowRSVPOR/Page_Show microsite/h2_Sorry you cant make it."), "Sorry you can't make it."): Actual text and expected text of test object 'Object Repository/virualShowRSVPOR/Page_Show microsite/h2_Sorry you cant make it.' are matched.

2019-06-11 14:28:32 - [MESSAGE][PASSED] - Actual text and expected text of test object 'Object Repository/virualShowRSVPOR/Page_Show microsite/h2_Sorry you cant make it.' are matched.

2019-06-11 14:28:32 - [TEST_STEP][PASSED] - click(findTestObject("Object Repository/virualShowRSVPOR/Page_Show microsite/div_Update your RSVP")): Object: 'Object Repository/virualShowRSVPOR/Page_Show microsite/div_Update your RSVP' is clicked on

2019-06-11 14:28:32 - [MESSAGE][PASSED] - Object: 'Object Repository/virualShowRSVPOR/Page_Show microsite/div_Update your RSVP' is clicked on

2019-06-11 14:28:32 - [TEST_STEP][PASSED] - click(findTestObject("Object Repository/virualShowRSVPOR/Page_Show microsite/select_rsvp_yes")): Object: 'Object Repository/virualShowRSVPOR/Page_Show microsite/select_rsvp_yes' is clicked on

2019-06-11 14:28:32 - [MESSAGE][PASSED] - Object: 'Object Repository/virualShowRSVPOR/Page_Show microsite/select_rsvp_yes' is clicked on

2019-06-11 14:28:32 - [TEST_STEP][PASSED] - click(findTestObject("Object Repository/virualShowRSVPOR/Page_Show microsite/button_SEND")): Object: 'Object Repository/virualShowRSVPOR/Page_Show microsite/button_SEND' is clicked on

2019-06-11 14:28:32 - [MESSAGE][PASSED] - Object: 'Object Repository/virualShowRSVPOR/Page_Show microsite/button_SEND' is clicked on

2019-06-11 14:28:32 - [TEST_STEP][PASSED] - delay(5): Delayed 5 second(s)

2019-06-11 14:28:37 - [MESSAGE][PASSED] - Delayed 5 second(s)

2019-06-11 14:28:37 - [TEST_STEP][PASSED] - verifyElementText(findTestObject("Object Repository/virualShowRSVPOR/Page_Show microsite/h2_Were so glad you can make it."), "We're so glad you can make it."): Actual text and expected text of test object 'Object Repository/virualShowRSVPOR/Page_Show microsite/h2_Were so glad you can make it.' are matched.

2019-06-11 14:28:37 - [MESSAGE][PASSED] - Actual text and expected text of test object 'Object Repository/virualShowRSVPOR/Page_Show microsite/h2_Were so glad you can make it.' are matched.

2019-06-11 14:28:37 - [TEST_STEP][PASSED] - delay(5): Delayed 5 second(s)

2019-06-11 14:28:42 - [MESSAGE][PASSED] - Delayed 5 second(s)

2019-06-11 14:28:42 - [TEST_STEP][PASSED] - click(findTestObject("Object Repository/virualShowRSVPOR/Page_Show microsite/profile_dropdown")): Object: 'Object Repository/virualShowRSVPOR/Page_Show microsite/profile_dropdown' is clicked on

2019-06-11 14:28:43 - [MESSAGE][PASSED] - Object: 'Object Repository/virualShowRSVPOR/Page_Show microsite/profile_dropdown' is clicked on

2019-06-11 14:28:43 - [TEST_STEP][PASSED] - click(findTestObject("Object Repository/virualShowRSVPOR/Page_Show microsite/a_Sign Out")): Object: 'Object Repository/virualShowRSVPOR/Page_Show microsite/a_Sign Out' is clicked on

2019-06-11 14:28:43 - [MESSAGE][PASSED] - Object: 'Object Repository/virualShowRSVPOR/Page_Show microsite/a_Sign Out' is clicked on

2019-06-11 14:28:43 - [TEST_STEP][PASSED] - click(findTestObject("Object Repository/virualShowRSVPOR/Page_Show microsite/button_Sign out")): Object: 'Object Repository/virualShowRSVPOR/Page_Show microsite/button_Sign out' is clicked on

2019-06-11 14:28:43 - [MESSAGE][PASSED] - Object: 'Object Repository/virualShowRSVPOR/Page_Show microsite/button_Sign out' is clicked on

2019-06-11 14:28:43 - [TEST_STEP][PASSED] - delay(5): Delayed 5 second(s)

2019-06-11 14:28:48 - [MESSAGE][PASSED] - Delayed 5 second(s)

2019-06-11 14:28:48 - [TEST_STEP][PASSED] - navigateToUrl(micrositeURL): Navigate to 'https://mirandakate.cabitest5.com/show-microsite/104595204/' successfully

2019-06-11 14:29:07 - [MESSAGE][PASSED] - Navigate to 'https://mirandakate.cabitest5.com/show-microsite/104595204/' successfully

2019-06-11 14:29:07 - [TEST_STEP][PASSED] - delay(5): Delayed 5 second(s)

2019-06-11 14:29:12 - [MESSAGE][PASSED] - Delayed 5 second(s)

2019-06-11 14:29:12 - [TEST_STEP][PASSED] - verifyElementText(findTestObject("Object Repository/virualShowRSVPOR/Page_Show microsite/h1_Youre invited"), "You're invited to Front Row"): Actual text and expected text of test object 'Object Repository/virualShowRSVPOR/Page_Show microsite/h1_Youre invited' are matched.

2019-06-11 14:29:12 - [MESSAGE][PASSED] - Actual text and expected text of test object 'Object Repository/virualShowRSVPOR/Page_Show microsite/h1_Youre invited' are matched.

2019-06-11 14:29:12 - [TEST_STEP][PASSED] - delay(5): Delayed 5 second(s)

2019-06-11 14:29:17 - [MESSAGE][PASSED] - Delayed 5 second(s)

2019-06-11 14:29:17 - [TEST_STEP][PASSED] - click(findTestObject("Object Repository/virualShowRSVPOR/Page_Show microsite/button_Login to RSVP")): Object: 'Object Repository/virualShowRSVPOR/Page_Show microsite/button_Login to RSVP' is clicked on

2019-06-11 14:29:17 - [MESSAGE][PASSED] - Object: 'Object Repository/virualShowRSVPOR/Page_Show microsite/button_Login to RSVP' is clicked on

2019-06-11 14:29:17 - [TEST_STEP][PASSED] - setText(findTestObject("Object Repository/virualShowRSVPOR/Page_Show microsite/input_Sign in  Create account_email"), guestUninvitedMail): Text 'neoguest2ab@test.com' is set on object 'Object Repository/virualShowRSVPOR/Page_Show microsite/input_Sign in  Create account_email'

2019-06-11 14:29:21 - [MESSAGE][PASSED] - Text 'neoguest2ab@test.com' is set on object 'Object Repository/virualShowRSVPOR/Page_Show microsite/input_Sign in  Create account_email'

2019-06-11 14:29:21 - [TEST_STEP][PASSED] - click(findTestObject("Object Repository/virualShowRSVPOR/Page_Show microsite/button_Continue")): Object: 'Object Repository/virualShowRSVPOR/Page_Show microsite/button_Continue' is clicked on

2019-06-11 14:29:21 - [MESSAGE][PASSED] - Object: 'Object Repository/virualShowRSVPOR/Page_Show microsite/button_Continue' is clicked on

2019-06-11 14:29:21 - [TEST_STEP][PASSED] - setText(findTestObject("Object Repository/virualShowRSVPOR/Page_Show microsite/input_Welcome_password"), guestUninvitedPass): Text 'blackdress19' is set on object 'Object Repository/virualShowRSVPOR/Page_Show microsite/input_Welcome_password'

2019-06-11 14:29:22 - [MESSAGE][PASSED] - Text 'blackdress19' is set on object 'Object Repository/virualShowRSVPOR/Page_Show microsite/input_Welcome_password'

2019-06-11 14:29:22 - [TEST_STEP][PASSED] - click(findTestObject("Object Repository/virualShowRSVPOR/Page_Show microsite/button_Continue")): Object: 'Object Repository/virualShowRSVPOR/Page_Show microsite/button_Continue' is clicked on

2019-06-11 14:29:22 - [MESSAGE][PASSED] - Object: 'Object Repository/virualShowRSVPOR/Page_Show microsite/button_Continue' is clicked on

2019-06-11 14:29:22 - [TEST_STEP][PASSED] - delay(5): Delayed 5 second(s)

2019-06-11 14:29:27 - [MESSAGE][PASSED] - Delayed 5 second(s)

2019-06-11 14:29:27 - [TEST_STEP][PASSED] - if (verifyElementPresent(findTestObject("Object Repository/virualShowRSVPOR/Page_Show microsite/complete_my_profile_later"), 0)): Object: 'Object Repository/virualShowRSVPOR/Page_Show microsite/div_Ill complete my profile later' is clicked on

2019-06-11 14:29:27 - [MESSAGE][WARNING] - Timeout '0' is invalid. Using default page load timeout: '30'

2019-06-11 14:29:27 - [MESSAGE][PASSED] - Object 'Object Repository/virualShowRSVPOR/Page_Show microsite/complete_my_profile_later' is present

2019-06-11 14:29:27 - [TEST_STEP][PASSED] - click(findTestObject("Object Repository/virualShowRSVPOR/Page_Show microsite/div_Ill complete my profile later")): Object: 'Object Repository/virualShowRSVPOR/Page_Show microsite/div_Ill complete my profile later' is clicked on

2019-06-11 14:29:35 - [MESSAGE][PASSED] - Object: 'Object Repository/virualShowRSVPOR/Page_Show microsite/div_Ill complete my profile later' is clicked on

2019-06-11 14:29:35 - [TEST_STEP][PASSED] - delay(5): Delayed 5 second(s)

2019-06-11 14:29:40 - [MESSAGE][PASSED] - Delayed 5 second(s)

2019-06-11 14:29:40 - [TEST_STEP][PASSED] - verifyElementText(findTestObject("Object Repository/virualShowRSVPOR/Page_Show microsite/uninvited_user_msg"), "Your name doesn't seem to be on the guest list. Contact your Hostess or Stylist for more information."): Actual text and expected text of test object 'Object Repository/virualShowRSVPOR/Page_Show microsite/uninvited_user_msg' are matched.

2019-06-11 14:29:40 - [MESSAGE][PASSED] - Actual text and expected text of test object 'Object Repository/virualShowRSVPOR/Page_Show microsite/uninvited_user_msg' are matched.

2019-06-11 14:29:40 - [TEST_STEP][PASSED] - delay(5): Delayed 5 second(s)

2019-06-11 14:29:45 - [MESSAGE][PASSED] - Delayed 5 second(s)

2019-06-11 14:29:45 - [TEST_STEP][PASSED] - click(findTestObject("Object Repository/virualShowRSVPOR/Page_Show microsite/profile_dropdown")): Object: 'Object Repository/virualShowRSVPOR/Page_Show microsite/profile_dropdown' is clicked on

2019-06-11 14:29:45 - [MESSAGE][PASSED] - Object: 'Object Repository/virualShowRSVPOR/Page_Show microsite/profile_dropdown' is clicked on

2019-06-11 14:29:45 - [TEST_STEP][PASSED] - click(findTestObject("Object Repository/virualShowRSVPOR/Page_Show microsite/a_Sign Out")): Object: 'Object Repository/virualShowRSVPOR/Page_Show microsite/a_Sign Out' is clicked on

2019-06-11 14:29:45 - [MESSAGE][PASSED] - Object: 'Object Repository/virualShowRSVPOR/Page_Show microsite/a_Sign Out' is clicked on

2019-06-11 14:29:45 - [TEST_STEP][PASSED] - click(findTestObject("Object Repository/virualShowRSVPOR/Page_Show microsite/button_Sign out")): Object: 'Object Repository/virualShowRSVPOR/Page_Show microsite/button_Sign out' is clicked on

2019-06-11 14:29:45 - [MESSAGE][PASSED] - Object: 'Object Repository/virualShowRSVPOR/Page_Show microsite/button_Sign out' is clicked on

2019-06-11 14:29:45 - [TEST_STEP][PASSED] - delay(5): Delayed 5 second(s)

2019-06-11 14:29:50 - [MESSAGE][PASSED] - Delayed 5 second(s)

2019-06-11 14:29:50 - [TEST_STEP][PASSED] - navigateToUrl(micrositeURL): Navigate to 'https://mirandakate.cabitest5.com/show-microsite/104595204/' successfully

2019-06-11 14:30:07 - [MESSAGE][PASSED] - Navigate to 'https://mirandakate.cabitest5.com/show-microsite/104595204/' successfully

2019-06-11 14:30:07 - [TEST_STEP][PASSED] - delay(5): Delayed 5 second(s)

2019-06-11 14:30:12 - [MESSAGE][PASSED] - Delayed 5 second(s)

2019-06-11 14:30:12 - [TEST_STEP][PASSED] - verifyElementText(findTestObject("Object Repository/virualShowRSVPOR/Page_Show microsite/h1_Youre invited"), "You're invited to Front Row"): Actual text and expected text of test object 'Object Repository/virualShowRSVPOR/Page_Show microsite/h1_Youre invited' are matched.

2019-06-11 14:30:12 - [MESSAGE][PASSED] - Actual text and expected text of test object 'Object Repository/virualShowRSVPOR/Page_Show microsite/h1_Youre invited' are matched.

2019-06-11 14:30:12 - [TEST_STEP][PASSED] - delay(5): Delayed 5 second(s)

2019-06-11 14:30:17 - [MESSAGE][PASSED] - Delayed 5 second(s)

2019-06-11 14:30:17 - [TEST_STEP][PASSED] - click(findTestObject("Object Repository/virualShowRSVPOR/Page_Show microsite/button_Login to RSVP")): Object: 'Object Repository/virualShowRSVPOR/Page_Show microsite/button_Login to RSVP' is clicked on

2019-06-11 14:30:17 - [MESSAGE][PASSED] - Object: 'Object Repository/virualShowRSVPOR/Page_Show microsite/button_Login to RSVP' is clicked on

2019-06-11 14:30:17 - [TEST_STEP][PASSED] - setText(findTestObject("Object Repository/virualShowRSVPOR/Page_Show microsite/input_Sign in  Create account_email"), hostessMail): Text 'neohost1a@test.com' is set on object 'Object Repository/virualShowRSVPOR/Page_Show microsite/input_Sign in  Create account_email'

2019-06-11 14:30:20 - [MESSAGE][PASSED] - Text 'neohost1a@test.com' is set on object 'Object Repository/virualShowRSVPOR/Page_Show microsite/input_Sign in  Create account_email'

2019-06-11 14:30:20 - [TEST_STEP][PASSED] - click(findTestObject("Object Repository/virualShowRSVPOR/Page_Show microsite/button_Continue")): Object: 'Object Repository/virualShowRSVPOR/Page_Show microsite/button_Continue' is clicked on

2019-06-11 14:30:20 - [MESSAGE][PASSED] - Object: 'Object Repository/virualShowRSVPOR/Page_Show microsite/button_Continue' is clicked on

2019-06-11 14:30:20 - [TEST_STEP][PASSED] - setText(findTestObject("Object Repository/virualShowRSVPOR/Page_Show microsite/input_Welcome_password"), hostessPass): Text 'blackdress19' is set on object 'Object Repository/virualShowRSVPOR/Page_Show microsite/input_Welcome_password'

2019-06-11 14:30:21 - [MESSAGE][PASSED] - Text 'blackdress19' is set on object 'Object Repository/virualShowRSVPOR/Page_Show microsite/input_Welcome_password'

2019-06-11 14:30:21 - [TEST_STEP][PASSED] - click(findTestObject("Object Repository/virualShowRSVPOR/Page_Show microsite/button_Continue")): Object: 'Object Repository/virualShowRSVPOR/Page_Show microsite/button_Continue' is clicked on

2019-06-11 14:30:21 - [MESSAGE][PASSED] - Object: 'Object Repository/virualShowRSVPOR/Page_Show microsite/button_Continue' is clicked on

2019-06-11 14:30:21 - [TEST_STEP][PASSED] - delay(5): Delayed 5 second(s)

2019-06-11 14:30:26 - [MESSAGE][PASSED] - Delayed 5 second(s)

2019-06-11 14:30:26 - [TEST_STEP][PASSED] - if (verifyElementPresent(findTestObject("Object Repository/virualShowRSVPOR/Page_Show microsite/complete_my_profile_later"), 0)): Object: 'Object Repository/virualShowRSVPOR/Page_Show microsite/div_Ill complete my profile later' is clicked on

2019-06-11 14:30:26 - [MESSAGE][WARNING] - Timeout '0' is invalid. Using default page load timeout: '30'

2019-06-11 14:30:26 - [MESSAGE][PASSED] - Object 'Object Repository/virualShowRSVPOR/Page_Show microsite/complete_my_profile_later' is present

2019-06-11 14:30:26 - [TEST_STEP][PASSED] - click(findTestObject("Object Repository/virualShowRSVPOR/Page_Show microsite/div_Ill complete my profile later")): Object: 'Object Repository/virualShowRSVPOR/Page_Show microsite/div_Ill complete my profile later' is clicked on

2019-06-11 14:30:34 - [MESSAGE][PASSED] - Object: 'Object Repository/virualShowRSVPOR/Page_Show microsite/div_Ill complete my profile later' is clicked on

2019-06-11 14:30:34 - [TEST_STEP][PASSED] - delay(5): Delayed 5 second(s)

2019-06-11 14:30:39 - [MESSAGE][PASSED] - Delayed 5 second(s)

2019-06-11 14:30:39 - [TEST_STEP][PASSED] - verifyElementText(findTestObject("virualShowRSVPOR/Page_Show microsite/h2_Thanks for hosting"), "Thanks for hosting."): Actual text and expected text of test object 'Object Repository/virualShowRSVPOR/Page_Show microsite/h2_Thanks for hosting' are matched.

2019-06-11 14:30:40 - [MESSAGE][PASSED] - Actual text and expected text of test object 'Object Repository/virualShowRSVPOR/Page_Show microsite/h2_Thanks for hosting' are matched.

2019-06-11 14:30:40 - [TEST_STEP][PASSED] - delay(5): Delayed 5 second(s)

2019-06-11 14:30:45 - [MESSAGE][PASSED] - Delayed 5 second(s)

2019-06-11 14:30:45 - [TEST_STEP][PASSED] - click(findTestObject("Object Repository/virualShowRSVPOR/Page_Show microsite/profile_dropdown")): Object: 'Object Repository/virualShowRSVPOR/Page_Show microsite/profile_dropdown' is clicked on

2019-06-11 14:30:45 - [MESSAGE][PASSED] - Object: 'Object Repository/virualShowRSVPOR/Page_Show microsite/profile_dropdown' is clicked on

2019-06-11 14:30:45 - [TEST_STEP][PASSED] - click(findTestObject("Object Repository/virualShowRSVPOR/Page_Show microsite/a_Sign Out")): Object: 'Object Repository/virualShowRSVPOR/Page_Show microsite/a_Sign Out' is clicked on

2019-06-11 14:30:45 - [MESSAGE][PASSED] - Object: 'Object Repository/virualShowRSVPOR/Page_Show microsite/a_Sign Out' is clicked on

2019-06-11 14:30:45 - [TEST_STEP][PASSED] - click(findTestObject("Object Repository/virualShowRSVPOR/Page_Show microsite/button_Sign out")): Object: 'Object Repository/virualShowRSVPOR/Page_Show microsite/button_Sign out' is clicked on

2019-06-11 14:30:45 - [MESSAGE][PASSED] - Object: 'Object Repository/virualShowRSVPOR/Page_Show microsite/button_Sign out' is clicked on

2019-06-11 14:30:45 - [TEST_STEP][PASSED] - delay(5): Delayed 5 second(s)

2019-06-11 14:30:50 - [MESSAGE][PASSED] - Delayed 5 second(s)

2019-06-11 14:30:50 - [TEST_STEP][PASSED] - navigateToUrl(micrositeURL): Navigate to 'https://mirandakate.cabitest5.com/show-microsite/104595204/' successfully

2019-06-11 14:31:04 - [MESSAGE][PASSED] - Navigate to 'https://mirandakate.cabitest5.com/show-microsite/104595204/' successfully

2019-06-11 14:31:04 - [TEST_STEP][PASSED] - delay(5): Delayed 5 second(s)

2019-06-11 14:31:09 - [MESSAGE][PASSED] - Delayed 5 second(s)

2019-06-11 14:31:09 - [TEST_STEP][PASSED] - verifyElementText(findTestObject("Object Repository/virualShowRSVPOR/Page_Show microsite/h1_Youre invited"), "You're invited to Front Row"): Actual text and expected text of test object 'Object Repository/virualShowRSVPOR/Page_Show microsite/h1_Youre invited' are matched.

2019-06-11 14:31:09 - [MESSAGE][PASSED] - Actual text and expected text of test object 'Object Repository/virualShowRSVPOR/Page_Show microsite/h1_Youre invited' are matched.

2019-06-11 14:31:09 - [TEST_STEP][PASSED] - delay(5): Delayed 5 second(s)

2019-06-11 14:31:14 - [MESSAGE][PASSED] - Delayed 5 second(s)

2019-06-11 14:31:14 - [TEST_STEP][PASSED] - click(findTestObject("Object Repository/virualShowRSVPOR/Page_Show microsite/button_Login to RSVP")): Object: 'Object Repository/virualShowRSVPOR/Page_Show microsite/button_Login to RSVP' is clicked on

2019-06-11 14:31:14 - [MESSAGE][PASSED] - Object: 'Object Repository/virualShowRSVPOR/Page_Show microsite/button_Login to RSVP' is clicked on

2019-06-11 14:31:14 - [TEST_STEP][PASSED] - setText(findTestObject("Object Repository/virualShowRSVPOR/Page_Show microsite/input_Sign in  Create account_email"), cohostessMail): Text 'neocohost1a@test.com' is set on object 'Object Repository/virualShowRSVPOR/Page_Show microsite/input_Sign in  Create account_email'

2019-06-11 14:31:17 - [MESSAGE][PASSED] - Text 'neocohost1a@test.com' is set on object 'Object Repository/virualShowRSVPOR/Page_Show microsite/input_Sign in  Create account_email'

2019-06-11 14:31:17 - [TEST_STEP][PASSED] - click(findTestObject("Object Repository/virualShowRSVPOR/Page_Show microsite/button_Continue")): Object: 'Object Repository/virualShowRSVPOR/Page_Show microsite/button_Continue' is clicked on

2019-06-11 14:31:17 - [MESSAGE][PASSED] - Object: 'Object Repository/virualShowRSVPOR/Page_Show microsite/button_Continue' is clicked on

2019-06-11 14:31:17 - [TEST_STEP][PASSED] - setText(findTestObject("Object Repository/virualShowRSVPOR/Page_Show microsite/input_Welcome_password"), cohostessPass): Text 'blackdress19' is set on object 'Object Repository/virualShowRSVPOR/Page_Show microsite/input_Welcome_password'

2019-06-11 14:31:18 - [MESSAGE][PASSED] - Text 'blackdress19' is set on object 'Object Repository/virualShowRSVPOR/Page_Show microsite/input_Welcome_password'

2019-06-11 14:31:18 - [TEST_STEP][PASSED] - click(findTestObject("Object Repository/virualShowRSVPOR/Page_Show microsite/button_Continue")): Object: 'Object Repository/virualShowRSVPOR/Page_Show microsite/button_Continue' is clicked on

2019-06-11 14:31:18 - [MESSAGE][PASSED] - Object: 'Object Repository/virualShowRSVPOR/Page_Show microsite/button_Continue' is clicked on

2019-06-11 14:31:18 - [TEST_STEP][PASSED] - if (verifyElementPresent(findTestObject("Object Repository/virualShowRSVPOR/Page_Show microsite/complete_my_profile_later"), 0)): Object: 'Object Repository/virualShowRSVPOR/Page_Show microsite/div_Ill complete my profile later' is clicked on

2019-06-11 14:31:18 - [MESSAGE][WARNING] - Timeout '0' is invalid. Using default page load timeout: '30'

2019-06-11 14:31:20 - [MESSAGE][PASSED] - Object 'Object Repository/virualShowRSVPOR/Page_Show microsite/complete_my_profile_later' is present

2019-06-11 14:31:20 - [TEST_STEP][PASSED] - click(findTestObject("Object Repository/virualShowRSVPOR/Page_Show microsite/div_Ill complete my profile later")): Object: 'Object Repository/virualShowRSVPOR/Page_Show microsite/div_Ill complete my profile later' is clicked on

2019-06-11 14:31:28 - [MESSAGE][PASSED] - Object: 'Object Repository/virualShowRSVPOR/Page_Show microsite/div_Ill complete my profile later' is clicked on

2019-06-11 14:31:28 - [TEST_STEP][PASSED] - delay(5): Delayed 5 second(s)

2019-06-11 14:31:33 - [MESSAGE][PASSED] - Delayed 5 second(s)

2019-06-11 14:31:33 - [TEST_STEP][PASSED] - verifyElementText(findTestObject("virualShowRSVPOR/Page_Show microsite/h2_Thanks for hosting"), "Thanks for hosting."): Actual text and expected text of test object 'Object Repository/virualShowRSVPOR/Page_Show microsite/h2_Thanks for hosting' are matched.

2019-06-11 14:31:33 - [MESSAGE][PASSED] - Actual text and expected text of test object 'Object Repository/virualShowRSVPOR/Page_Show microsite/h2_Thanks for hosting' are matched.

2019-06-11 14:31:33 - [TEST_STEP][PASSED] - delay(5): Delayed 5 second(s)

2019-06-11 14:31:38 - [MESSAGE][PASSED] - Delayed 5 second(s)

2019-06-11 14:31:38 - [TEST_STEP][PASSED] - click(findTestObject("Object Repository/virualShowRSVPOR/Page_Show microsite/profile_dropdown")): Object: 'Object Repository/virualShowRSVPOR/Page_Show microsite/profile_dropdown' is clicked on

2019-06-11 14:31:38 - [MESSAGE][PASSED] - Object: 'Object Repository/virualShowRSVPOR/Page_Show microsite/profile_dropdown' is clicked on

2019-06-11 14:31:38 - [TEST_STEP][PASSED] - click(findTestObject("Object Repository/virualShowRSVPOR/Page_Show microsite/a_Sign Out")): Object: 'Object Repository/virualShowRSVPOR/Page_Show microsite/a_Sign Out' is clicked on

2019-06-11 14:31:38 - [MESSAGE][PASSED] - Object: 'Object Repository/virualShowRSVPOR/Page_Show microsite/a_Sign Out' is clicked on

2019-06-11 14:31:38 - [TEST_STEP][PASSED] - click(findTestObject("Object Repository/virualShowRSVPOR/Page_Show microsite/button_Sign out")): Object: 'Object Repository/virualShowRSVPOR/Page_Show microsite/button_Sign out' is clicked on

2019-06-11 14:31:39 - [MESSAGE][PASSED] - Object: 'Object Repository/virualShowRSVPOR/Page_Show microsite/button_Sign out' is clicked on

2019-06-11 14:31:39 - [TEST_STEP][PASSED] - closeBrowser(): Browser is closed

2019-06-11 14:31:39 - [MESSAGE][PASSED] - Browser is closed]]></system-out>
         <system-err><![CDATA[]]></system-err>
      </testcase>
      <system-out><![CDATA[2019-06-11 14:26:53 - [TEST_SUITE][PASSED] - MicrositeTestSuite: Test Cases/virtualShowRSVP/micrositeRSVPValidUser]]></system-out>
      <system-err><![CDATA[]]></system-err>
   </testsuite>
</testsuites>
