<?xml version="1.0" encoding="UTF-8"?>
<testsuites name="NewArrivalsSuite" time="1565" tests="1" failures="1" errors="0">
   <testsuite name="NewArrivalsSuite" tests="1" failures="1" errors="0" time="1565" timestamp="2019-09-27 19:07:05" hostname="user - 10.0.102.244" id="Test Suites/NewArrivalsSuites/NewArrivalsSuite">
      <properties>
         <property name="deviceName" value=""/>
         <property name="devicePlatform" value=""/>
         <property name="logFolder" value="C:\\Users\\user\\Documents\\testautomation\\KatalonProjects\\Reports\\NewArrivalsSuites\\NewArrivalsSuite\\20190927_190702"/>
         <property name="logFiles" value="C:\\Users\\user\\Documents\\testautomation\\KatalonProjects\\Reports\\NewArrivalsSuites\\NewArrivalsSuite\\20190927_190702\\execution0.log"/>
         <property name="attachments" value=""/>
         <property name="hostName" value="user - 10.0.102.244"/>
         <property name="os" value="Windows 8.1 64bit"/>
         <property name="katalonVersion" value="6.1.1.1"/>
         <property name="browser" value="Chrome 77.0.3865.90"/>
         <property name="hostAddress" value="10.0.102.244"/>
         <property name="sessionId" value="d68d2b6cc0ca464b920465062fe4c697"/>
         <property name="seleniumVersion" value="3.7.1"/>
         <property name="proxyInformation" value="ProxyInformation{proxyOption=NO_PROXY, proxyServerType=HTTP, password=, proxyServerAddress=, proxyServerPort=0}"/>
         <property name="platform" value="Windows 8.1"/>
      </properties>
      <testcase name="Test Cases/NewArrival/BOOnline" classname="Test Cases/NewArrival/BOOnline" status="PASSED">
         <system-out><![CDATA[2019-09-27 19:07:06 - [TEST_CASE][PASSED] - Test Cases/NewArrival/BOOnline: Test Cases/NewArrival/BOOnline

2019-09-27 19:07:06 - [TEST_STEP][PASSED] - Start listener action : sampleBeforeTestCase: null

2019-09-27 19:07:06 - [TEST_STEP][PASSED] - println(testCaseContext.getTestCaseId()): null

2019-09-27 19:07:06 - [TEST_STEP][PASSED] - println(testCaseContext.getTestCaseVariables()): null

2019-09-27 19:07:06 - [TEST_STEP][PASSED] - openBrowser(""): Browser is opened with url: ''

2019-09-27 19:07:06 - [MESSAGE][INFO] - Starting 'Chrome' driver

2019-09-27 19:07:06 - [MESSAGE][INFO] - User set preference: ['args', '[--use-fake-ui-for-media-stream, --start-maximized]']

2019-09-27 19:07:06 - [MESSAGE][INFO] - Action delay is set to 0 seconds

2019-09-27 19:07:10 - [MESSAGE][PASSED] - Browser is opened with url: ''

2019-09-27 19:07:10 - [TEST_STEP][PASSED] - for ([timeRow = 1, timeRow <= findTestData("timezoneData").getRowNumbers(), (timeRow++)]): Call Test Case 'Test Cases/NewArrival/productVerify' successfully

2019-09-27 19:07:11 - [TEST_STEP][PASSED] - callTestCase(findTestCase("NewArrival/populateTimeGlobalVars"), ["row":timeRow], CONTINUE_ON_FAILURE): Call Test Case 'Test Cases/NewArrival/populateTimeGlobalVars' successfully

2019-09-27 19:07:11 - [TEST_CASE][PASSED] - Test Cases/NewArrival/populateTimeGlobalVars: Test Cases/NewArrival/populateTimeGlobalVars

2019-09-27 19:07:11 - [TEST_STEP][PASSED] - dataFile = "timezoneData": null

2019-09-27 19:07:11 - [TEST_STEP][PASSED] - clockServerTarget = UtilityMethods.getTestData("envtData", "clockServerTarget", 1): null

2019-09-27 19:07:12 - [TEST_STEP][PASSED] - println(clockServerTarget): null

2019-09-27 19:07:12 - [TEST_STEP][PASSED] - orderType = UtilityMethods.getTestData(dataFile, "orderType", row): null

2019-09-27 19:07:12 - [TEST_STEP][PASSED] - timeZone = UtilityMethods.getTestData(dataFile, "timeZone", row): null

2019-09-27 19:07:12 - [TEST_STEP][PASSED] - BOPersonal = UtilityMethods.getTestData(dataFile, "BOPersonal", row): null

2019-09-27 19:07:12 - [TEST_STEP][PASSED] - BOAddonPersonal = UtilityMethods.getTestData(dataFile, "BOAddonPersonal", row): null

2019-09-27 19:07:12 - [TEST_STEP][PASSED] - BOAddonRetail = UtilityMethods.getTestData(dataFile, "BOAddonRetail", row): null

2019-09-27 19:07:12 - [TEST_STEP][PASSED] - BORetail = UtilityMethods.getTestData(dataFile, "BORetail", row): null

2019-09-27 19:07:12 - [TEST_STEP][PASSED] - BOShow = UtilityMethods.getTestData(dataFile, "BOShow", row): null

2019-09-27 19:07:12 - [TEST_STEP][PASSED] - BOOnlineoutlet = UtilityMethods.getTestData(dataFile, "BOOnlineoutlet", row): null

2019-09-27 19:07:13 - [TEST_STEP][PASSED] - BOEmployee = UtilityMethods.getTestData(dataFile, "BOEmployee", row): null

2019-09-27 19:07:13 - [TEST_STEP][PASSED] - CCPersonal = UtilityMethods.getTestData(dataFile, "CCPersonal", row): null

2019-09-27 19:07:13 - [TEST_STEP][PASSED] - CCRetail = UtilityMethods.getTestData(dataFile, "CCRetail", row): null

2019-09-27 19:07:13 - [TEST_STEP][PASSED] - CCShow = UtilityMethods.getTestData(dataFile, "CCShow", row): null

2019-09-27 19:07:13 - [TEST_STEP][PASSED] - BOEblast = UtilityMethods.getTestData(dataFile, "BOEblast", row): null

2019-09-27 19:07:13 - [TEST_STEP][PASSED] - println(row): null

2019-09-27 19:07:13 - [TEST_STEP][PASSED] - println(BOPersonal): null

2019-09-27 19:07:13 - [MESSAGE][PASSED] - Call Test Case 'Test Cases/NewArrival/populateTimeGlobalVars' successfully

2019-09-27 19:07:13 - [TEST_STEP][PASSED] - callTestCase(findTestCase("NewArrival/setTimezone"), ["ofbizURL":"", "ofbizuser":"", "ofbizpass":"", "orderType":orderType, "timeZone":timeZone, "serverTarget":serverTarget, "clockServerTarget":clockServerTarget], CONTINUE_ON_FAILURE): Call Test Case 'Test Cases/NewArrival/setTimezone' successfully

2019-09-27 19:07:13 - [TEST_CASE][PASSED] - Test Cases/NewArrival/setTimezone: Test Cases/NewArrival/setTimezone

2019-09-27 19:07:13 - [TEST_STEP][PASSED] - openBrowser(""): Browser is opened with url: ''

2019-09-27 19:07:13 - [MESSAGE][WARNING] - A browser is already opened. Closing browser and opening a new one

2019-09-27 19:07:14 - [MESSAGE][INFO] - Starting 'Chrome' driver

2019-09-27 19:07:14 - [MESSAGE][INFO] - User set preference: ['args', '[--use-fake-ui-for-media-stream, --start-maximized]']

2019-09-27 19:07:16 - [MESSAGE][PASSED] - Browser is opened with url: ''

2019-09-27 19:07:16 - [TEST_STEP][NOT_RUN] - maximizeWindow(): NOT_RUN: maximizeWindow()

2019-09-27 19:07:16 - [MESSAGE][NOT_RUN] - NOT_RUN: maximizeWindow()

2019-09-27 19:07:16 - [TEST_STEP][PASSED] - ofbizURL = findTestData("envtData").getValue("ofbizURL", 1): null

2019-09-27 19:07:16 - [TEST_STEP][PASSED] - ofbizuser = findTestData("credData").getValue("ofbizuser", 1): null

2019-09-27 19:07:16 - [TEST_STEP][PASSED] - ofbizpass = findTestData("credData").getValue("ofbizpass", 1): null

2019-09-27 19:07:16 - [TEST_STEP][PASSED] - navigateToUrl(ofbizURL): Navigate to 'https://pushofbiz.cliotest.com/login.php' successfully

2019-09-27 19:07:18 - [MESSAGE][PASSED] - Navigate to 'https://pushofbiz.cliotest.com/login.php' successfully

2019-09-27 19:07:18 - [TEST_STEP][PASSED] - setText(findTestObject("Page_/input_Username_username"), ofbizuser): Text 'automation' is set on object 'Object Repository/Page_/input_Username_username'

2019-09-27 19:07:18 - [MESSAGE][PASSED] - Text 'automation' is set on object 'Object Repository/Page_/input_Username_username'

2019-09-27 19:07:18 - [TEST_STEP][PASSED] - setText(findTestObject("Page_/input_Password_password"), ofbizpass): Text 'cabiautomation' is set on object 'Object Repository/Page_/input_Password_password'

2019-09-27 19:07:19 - [MESSAGE][PASSED] - Text 'cabiautomation' is set on object 'Object Repository/Page_/input_Password_password'

2019-09-27 19:07:19 - [TEST_STEP][PASSED] - click(findTestObject("Page_/input_Password_Submit")): Object: 'Object Repository/Page_/input_Password_Submit' is clicked on

2019-09-27 19:07:23 - [MESSAGE][PASSED] - Object: 'Object Repository/Page_/input_Password_Submit' is clicked on

2019-09-27 19:07:23 - [TEST_STEP][PASSED] - click(findTestObject("Object Repository/Page_/a_Clock set")): Object: 'Object Repository/Page_/a_Clock set' is clicked on

2019-09-27 19:07:23 - [MESSAGE][PASSED] - Object: 'Object Repository/Page_/a_Clock set' is clicked on

2019-09-27 19:07:23 - [TEST_STEP][PASSED] - cst = UtilityMethods.createTestObject("select_target", "//select[@name='Target']/option[contains(text(), '", clockServerTarget, "')]"): null

2019-09-27 19:07:23 - [TEST_STEP][PASSED] - println(clockServerTarget): null

2019-09-27 19:07:23 - [TEST_STEP][PASSED] - click(cst): Object: 'select_target' is clicked on

2019-09-27 19:07:24 - [MESSAGE][PASSED] - Object: 'select_target' is clicked on

2019-09-27 19:07:24 - [TEST_STEP][PASSED] - click(findTestObject("Page_/thisDateAndTime")): Object: 'Object Repository/Page_/thisDateAndTime' is clicked on

2019-09-27 19:07:24 - [MESSAGE][PASSED] - Object: 'Object Repository/Page_/thisDateAndTime' is clicked on

2019-09-27 19:07:24 - [TEST_STEP][PASSED] - setText(findTestObject("Object Repository/Page_/setTargetTime"), timeZone): Text ' 10/16/2019 7:00' is set on object 'Object Repository/Page_/setTargetTime'

2019-09-27 19:07:24 - [MESSAGE][PASSED] - Text ' 10/16/2019 7:00' is set on object 'Object Repository/Page_/setTargetTime'

2019-09-27 19:07:24 - [TEST_STEP][PASSED] - click(findTestObject("Object Repository/Page_/input")): Object: 'Object Repository/Page_/input' is clicked on

2019-09-27 19:07:25 - [MESSAGE][PASSED] - Object: 'Object Repository/Page_/input' is clicked on

2019-09-27 19:07:25 - [TEST_STEP][PASSED] - delay(10): Delayed 10 second(s)

2019-09-27 19:07:35 - [MESSAGE][PASSED] - Delayed 10 second(s)

2019-09-27 19:07:35 - [TEST_STEP][NOT_RUN] - closeBrowser(): NOT_RUN: closeBrowser()

2019-09-27 19:07:35 - [MESSAGE][NOT_RUN] - NOT_RUN: closeBrowser()

2019-09-27 19:07:35 - [MESSAGE][PASSED] - Call Test Case 'Test Cases/NewArrival/setTimezone' successfully

2019-09-27 19:07:35 - [TEST_STEP][PASSED] - callTestCase(findTestCase("TestCaseUtilities/backOfficeLogin"), ["BOURL":"", "BOuser":"", "BOpass":""], CONTINUE_ON_FAILURE): Call Test Case 'Test Cases/TestCaseUtilities/backOfficeLogin' successfully

2019-09-27 19:07:35 - [TEST_CASE][PASSED] - Test Cases/TestCaseUtilities/backOfficeLogin: Test Cases/TestCaseUtilities/backOfficeLogin

2019-09-27 19:07:35 - [TEST_STEP][PASSED] - BOURL = findTestData("envtData").getValue("BOURL", 1): null

2019-09-27 19:07:35 - [TEST_STEP][PASSED] - BOuser = findTestData("credData").getValue("BOuser", 1): null

2019-09-27 19:07:35 - [TEST_STEP][PASSED] - BOpass = findTestData("credData").getValue("BOpass", 1): null

2019-09-27 19:07:35 - [TEST_STEP][PASSED] - openBrowser(""): Browser is opened with url: ''

2019-09-27 19:07:35 - [MESSAGE][WARNING] - A browser is already opened. Closing browser and opening a new one

2019-09-27 19:07:36 - [MESSAGE][INFO] - Starting 'Chrome' driver

2019-09-27 19:07:36 - [MESSAGE][INFO] - User set preference: ['args', '[--use-fake-ui-for-media-stream, --start-maximized]']

2019-09-27 19:07:38 - [MESSAGE][PASSED] - Browser is opened with url: ''

2019-09-27 19:07:38 - [TEST_STEP][PASSED] - navigateToUrl(BOURL): Navigate to 'https://test4.cliotest.com/backoffice/control/main' successfully

2019-09-27 19:07:46 - [MESSAGE][PASSED] - Navigate to 'https://test4.cliotest.com/backoffice/control/main' successfully

2019-09-27 19:07:46 - [TEST_STEP][PASSED] - logOut = findWebElements(findTestObject("Object Repository/Page_cabi Home/log_out"), 1): Unable to find the element located by 'By.xpath: //a[contains(text(),'Log Out')]'. Please recheck the objects properties to make sure the desired element is located. 

2019-09-27 19:07:47 - [MESSAGE][INFO] - Unable to find the element located by 'By.xpath: //a[contains(text(),'Log Out')]'. Please recheck the objects properties to make sure the desired element is located. 

2019-09-27 19:07:47 - [TEST_STEP][PASSED] - if (logOut.size() == 0): Object: 'Object Repository/Page_cabi/input_Welcome to_consultantLogin' is clicked on

2019-09-27 19:07:47 - [TEST_STEP][PASSED] - setText(findTestObject("Page_cabi/input_Welcome to_USERNAME"), BOuser): Text '400000002' is set on object 'Object Repository/Page_cabi/input_Welcome to_USERNAME'

2019-09-27 19:07:47 - [MESSAGE][PASSED] - Text '400000002' is set on object 'Object Repository/Page_cabi/input_Welcome to_USERNAME'

2019-09-27 19:07:47 - [TEST_STEP][PASSED] - setText(findTestObject("Object Repository/Page_cabi/input_Welcome to_PASSWORD"), BOpass): Text 'blackdress19' is set on object 'Object Repository/Page_cabi/input_Welcome to_PASSWORD'

2019-09-27 19:07:47 - [MESSAGE][PASSED] - Text 'blackdress19' is set on object 'Object Repository/Page_cabi/input_Welcome to_PASSWORD'

2019-09-27 19:07:47 - [TEST_STEP][PASSED] - click(findTestObject("Object Repository/Page_cabi/input_Welcome to_consultantLogin")): Object: 'Object Repository/Page_cabi/input_Welcome to_consultantLogin' is clicked on

2019-09-27 19:08:04 - [MESSAGE][PASSED] - Object: 'Object Repository/Page_cabi/input_Welcome to_consultantLogin' is clicked on

2019-09-27 19:08:04 - [TEST_STEP][PASSED] - delay(3): Delayed 3 second(s)

2019-09-27 19:08:07 - [MESSAGE][PASSED] - Delayed 3 second(s)

2019-09-27 19:08:07 - [MESSAGE][PASSED] - Call Test Case 'Test Cases/TestCaseUtilities/backOfficeLogin' successfully

2019-09-27 19:08:07 - [TEST_STEP][PASSED] - click(findTestObject("Object Repository/Page_cabi Home/a_Shows  Orders")): Object: 'Object Repository/Page_cabi Home/a_Shows  Orders' is clicked on

2019-09-27 19:08:07 - [MESSAGE][PASSED] - Object: 'Object Repository/Page_cabi Home/a_Shows  Orders' is clicked on

2019-09-27 19:08:07 - [TEST_STEP][PASSED] - delay(3): Delayed 3 second(s)

2019-09-27 19:08:10 - [MESSAGE][PASSED] - Delayed 3 second(s)

2019-09-27 19:08:10 - [TEST_STEP][PASSED] - rightClick(findTestObject("Page_cabi Home/a_online_outline_purchases")): Object: 'Object Repository/Page_cabi Home/a_online_outline_purchases' is right clicked on

2019-09-27 19:08:10 - [MESSAGE][PASSED] - Object: 'Object Repository/Page_cabi Home/a_online_outline_purchases' is right clicked on

2019-09-27 19:08:10 - [TEST_STEP][PASSED] - click(findTestObject("Page_cabi Home/a_online_outline_purchases")): Object: 'Object Repository/Page_cabi Home/a_online_outline_purchases' is clicked on

2019-09-27 19:08:15 - [MESSAGE][PASSED] - Object: 'Object Repository/Page_cabi Home/a_online_outline_purchases' is clicked on

2019-09-27 19:08:15 - [TEST_STEP][PASSED] - click(findTestObject("Object Repository/Page_cabi Online Outlet Store/span_Continue to Order")): Object: 'Object Repository/Page_cabi Online Outlet Store/span_Continue to Order' is clicked on

2019-09-27 19:08:15 - [MESSAGE][PASSED] - Object: 'Object Repository/Page_cabi Online Outlet Store/span_Continue to Order' is clicked on

2019-09-27 19:08:15 - [TEST_STEP][PASSED] - callTestCase(findTestCase("NewArrival/productVerify"), ["available":BOOnlineoutlet, "storeType":"BOOnlineoutlet"], CONTINUE_ON_FAILURE): Call Test Case 'Test Cases/NewArrival/productVerify' successfully

2019-09-27 19:08:15 - [TEST_CASE][PASSED] - Test Cases/NewArrival/productVerify: Test Cases/NewArrival/productVerify

2019-09-27 19:08:16 - [TEST_STEP][PASSED] - for ([row = 1, row <= findTestData("productData").getRowNumbers(), (row++)]): Actual text and expected text of test object 'Object Repository/Page_cabi Order Items/no_result_found' are matched.

2019-09-27 19:08:16 - [TEST_STEP][PASSED] - setText(findTestObject("Object Repository/Page_cabi Order Items/input_New Arrivals - Blooming Blush_style"), findTestData("productData").getValue("Style", row)): Text '3875' is set on object 'Object Repository/Page_cabi Order Items/input_New Arrivals - Blooming Blush_style'

2019-09-27 19:08:18 - [MESSAGE][PASSED] - Text '3875' is set on object 'Object Repository/Page_cabi Order Items/input_New Arrivals - Blooming Blush_style'

2019-09-27 19:08:18 - [TEST_STEP][PASSED] - sendKeys(findTestObject("Object Repository/Page_cabi Order Items/input_New Arrivals - Blooming Blush_style"), Keys.chord(ENTER)): Keys 'ENTER + ' sent to object: 'Object Repository/Page_cabi Order Items/input_New Arrivals - Blooming Blush_style'

2019-09-27 19:08:18 - [MESSAGE][PASSED] - Keys 'ENTER + ' sent to object: 'Object Repository/Page_cabi Order Items/input_New Arrivals - Blooming Blush_style'

2019-09-27 19:08:18 - [TEST_STEP][PASSED] - delay(5): Delayed 5 second(s)

2019-09-27 19:08:23 - [MESSAGE][PASSED] - Delayed 5 second(s)

2019-09-27 19:08:23 - [TEST_STEP][PASSED] - if (toString().equalsIgnoreCase("no")): Actual text and expected text of test object 'Object Repository/Page_cabi Order Items/no_result_found' are matched.

2019-09-27 19:08:23 - [TEST_STEP][PASSED] - delay(2): Delayed 2 second(s)

2019-09-27 19:08:25 - [MESSAGE][PASSED] - Delayed 2 second(s)

2019-09-27 19:08:25 - [TEST_STEP][PASSED] - noResultMessages = findWebElements(findTestObject("Page_cabi Order Items/no_result_found"), 5): null

2019-09-27 19:08:25 - [TEST_STEP][PASSED] - println(noResultMessages.size()): null

2019-09-27 19:08:25 - [TEST_STEP][PASSED] - assert noResultMessages.size() > 0: null

2019-09-27 19:08:25 - [TEST_STEP][PASSED] - verifyElementText(findTestObject("Page_cabi Order Items/no_result_found"), "No Results Found!", CONTINUE_ON_FAILURE): Actual text and expected text of test object 'Object Repository/Page_cabi Order Items/no_result_found' are matched.

2019-09-27 19:08:25 - [MESSAGE][PASSED] - Actual text and expected text of test object 'Object Repository/Page_cabi Order Items/no_result_found' are matched.

2019-09-27 19:08:25 - [TEST_STEP][PASSED] - setText(findTestObject("Object Repository/Page_cabi Order Items/input_New Arrivals - Blooming Blush_style"), findTestData("productData").getValue("Style", row)): Text '3869' is set on object 'Object Repository/Page_cabi Order Items/input_New Arrivals - Blooming Blush_style'

2019-09-27 19:08:25 - [MESSAGE][PASSED] - Text '3869' is set on object 'Object Repository/Page_cabi Order Items/input_New Arrivals - Blooming Blush_style'

2019-09-27 19:08:25 - [TEST_STEP][PASSED] - sendKeys(findTestObject("Object Repository/Page_cabi Order Items/input_New Arrivals - Blooming Blush_style"), Keys.chord(ENTER)): Keys 'ENTER + ' sent to object: 'Object Repository/Page_cabi Order Items/input_New Arrivals - Blooming Blush_style'

2019-09-27 19:08:25 - [MESSAGE][PASSED] - Keys 'ENTER + ' sent to object: 'Object Repository/Page_cabi Order Items/input_New Arrivals - Blooming Blush_style'

2019-09-27 19:08:25 - [TEST_STEP][PASSED] - delay(5): Delayed 5 second(s)

2019-09-27 19:08:30 - [MESSAGE][PASSED] - Delayed 5 second(s)

2019-09-27 19:08:30 - [TEST_STEP][PASSED] - if (toString().equalsIgnoreCase("no")): Actual text and expected text of test object 'Object Repository/Page_cabi Order Items/no_result_found' are matched.

2019-09-27 19:08:30 - [TEST_STEP][PASSED] - delay(2): Delayed 2 second(s)

2019-09-27 19:08:32 - [MESSAGE][PASSED] - Delayed 2 second(s)

2019-09-27 19:08:32 - [TEST_STEP][PASSED] - noResultMessages = findWebElements(findTestObject("Page_cabi Order Items/no_result_found"), 5): null

2019-09-27 19:08:32 - [TEST_STEP][PASSED] - println(noResultMessages.size()): null

2019-09-27 19:08:32 - [TEST_STEP][PASSED] - assert noResultMessages.size() > 0: null

2019-09-27 19:08:32 - [TEST_STEP][PASSED] - verifyElementText(findTestObject("Page_cabi Order Items/no_result_found"), "No Results Found!", CONTINUE_ON_FAILURE): Actual text and expected text of test object 'Object Repository/Page_cabi Order Items/no_result_found' are matched.

2019-09-27 19:08:32 - [MESSAGE][PASSED] - Actual text and expected text of test object 'Object Repository/Page_cabi Order Items/no_result_found' are matched.

2019-09-27 19:08:32 - [TEST_STEP][PASSED] - setText(findTestObject("Object Repository/Page_cabi Order Items/input_New Arrivals - Blooming Blush_style"), findTestData("productData").getValue("Style", row)): Text '3870' is set on object 'Object Repository/Page_cabi Order Items/input_New Arrivals - Blooming Blush_style'

2019-09-27 19:08:32 - [MESSAGE][PASSED] - Text '3870' is set on object 'Object Repository/Page_cabi Order Items/input_New Arrivals - Blooming Blush_style'

2019-09-27 19:08:32 - [TEST_STEP][PASSED] - sendKeys(findTestObject("Object Repository/Page_cabi Order Items/input_New Arrivals - Blooming Blush_style"), Keys.chord(ENTER)): Keys 'ENTER + ' sent to object: 'Object Repository/Page_cabi Order Items/input_New Arrivals - Blooming Blush_style'

2019-09-27 19:08:32 - [MESSAGE][PASSED] - Keys 'ENTER + ' sent to object: 'Object Repository/Page_cabi Order Items/input_New Arrivals - Blooming Blush_style'

2019-09-27 19:08:32 - [TEST_STEP][PASSED] - delay(5): Delayed 5 second(s)

2019-09-27 19:08:37 - [MESSAGE][PASSED] - Delayed 5 second(s)

2019-09-27 19:08:37 - [TEST_STEP][PASSED] - if (toString().equalsIgnoreCase("no")): Actual text and expected text of test object 'Object Repository/Page_cabi Order Items/no_result_found' are matched.

2019-09-27 19:08:37 - [TEST_STEP][PASSED] - delay(2): Delayed 2 second(s)

2019-09-27 19:08:39 - [MESSAGE][PASSED] - Delayed 2 second(s)

2019-09-27 19:08:39 - [TEST_STEP][PASSED] - noResultMessages = findWebElements(findTestObject("Page_cabi Order Items/no_result_found"), 5): null

2019-09-27 19:08:39 - [TEST_STEP][PASSED] - println(noResultMessages.size()): null

2019-09-27 19:08:39 - [TEST_STEP][PASSED] - assert noResultMessages.size() > 0: null

2019-09-27 19:08:39 - [TEST_STEP][PASSED] - verifyElementText(findTestObject("Page_cabi Order Items/no_result_found"), "No Results Found!", CONTINUE_ON_FAILURE): Actual text and expected text of test object 'Object Repository/Page_cabi Order Items/no_result_found' are matched.

2019-09-27 19:08:40 - [MESSAGE][PASSED] - Actual text and expected text of test object 'Object Repository/Page_cabi Order Items/no_result_found' are matched.

2019-09-27 19:08:40 - [TEST_STEP][PASSED] - setText(findTestObject("Object Repository/Page_cabi Order Items/input_New Arrivals - Blooming Blush_style"), findTestData("productData").getValue("Style", row)): Text '3871' is set on object 'Object Repository/Page_cabi Order Items/input_New Arrivals - Blooming Blush_style'

2019-09-27 19:08:40 - [MESSAGE][PASSED] - Text '3871' is set on object 'Object Repository/Page_cabi Order Items/input_New Arrivals - Blooming Blush_style'

2019-09-27 19:08:40 - [TEST_STEP][PASSED] - sendKeys(findTestObject("Object Repository/Page_cabi Order Items/input_New Arrivals - Blooming Blush_style"), Keys.chord(ENTER)): Keys 'ENTER + ' sent to object: 'Object Repository/Page_cabi Order Items/input_New Arrivals - Blooming Blush_style'

2019-09-27 19:08:40 - [MESSAGE][PASSED] - Keys 'ENTER + ' sent to object: 'Object Repository/Page_cabi Order Items/input_New Arrivals - Blooming Blush_style'

2019-09-27 19:08:40 - [TEST_STEP][PASSED] - delay(5): Delayed 5 second(s)

2019-09-27 19:08:45 - [MESSAGE][PASSED] - Delayed 5 second(s)

2019-09-27 19:08:45 - [TEST_STEP][PASSED] - if (toString().equalsIgnoreCase("no")): Actual text and expected text of test object 'Object Repository/Page_cabi Order Items/no_result_found' are matched.

2019-09-27 19:08:45 - [TEST_STEP][PASSED] - delay(2): Delayed 2 second(s)

2019-09-27 19:08:47 - [MESSAGE][PASSED] - Delayed 2 second(s)

2019-09-27 19:08:47 - [TEST_STEP][PASSED] - noResultMessages = findWebElements(findTestObject("Page_cabi Order Items/no_result_found"), 5): null

2019-09-27 19:08:47 - [TEST_STEP][PASSED] - println(noResultMessages.size()): null

2019-09-27 19:08:47 - [TEST_STEP][PASSED] - assert noResultMessages.size() > 0: null

2019-09-27 19:08:47 - [TEST_STEP][PASSED] - verifyElementText(findTestObject("Page_cabi Order Items/no_result_found"), "No Results Found!", CONTINUE_ON_FAILURE): Actual text and expected text of test object 'Object Repository/Page_cabi Order Items/no_result_found' are matched.

2019-09-27 19:08:47 - [MESSAGE][PASSED] - Actual text and expected text of test object 'Object Repository/Page_cabi Order Items/no_result_found' are matched.

2019-09-27 19:08:47 - [TEST_STEP][PASSED] - setText(findTestObject("Object Repository/Page_cabi Order Items/input_New Arrivals - Blooming Blush_style"), findTestData("productData").getValue("Style", row)): Text '3857' is set on object 'Object Repository/Page_cabi Order Items/input_New Arrivals - Blooming Blush_style'

2019-09-27 19:08:47 - [MESSAGE][PASSED] - Text '3857' is set on object 'Object Repository/Page_cabi Order Items/input_New Arrivals - Blooming Blush_style'

2019-09-27 19:08:47 - [TEST_STEP][PASSED] - sendKeys(findTestObject("Object Repository/Page_cabi Order Items/input_New Arrivals - Blooming Blush_style"), Keys.chord(ENTER)): Keys 'ENTER + ' sent to object: 'Object Repository/Page_cabi Order Items/input_New Arrivals - Blooming Blush_style'

2019-09-27 19:08:47 - [MESSAGE][PASSED] - Keys 'ENTER + ' sent to object: 'Object Repository/Page_cabi Order Items/input_New Arrivals - Blooming Blush_style'

2019-09-27 19:08:47 - [TEST_STEP][PASSED] - delay(5): Delayed 5 second(s)

2019-09-27 19:08:52 - [MESSAGE][PASSED] - Delayed 5 second(s)

2019-09-27 19:08:52 - [TEST_STEP][PASSED] - if (toString().equalsIgnoreCase("no")): Actual text and expected text of test object 'Object Repository/Page_cabi Order Items/no_result_found' are matched.

2019-09-27 19:08:52 - [TEST_STEP][PASSED] - delay(2): Delayed 2 second(s)

2019-09-27 19:08:54 - [MESSAGE][PASSED] - Delayed 2 second(s)

2019-09-27 19:08:54 - [TEST_STEP][PASSED] - noResultMessages = findWebElements(findTestObject("Page_cabi Order Items/no_result_found"), 5): null

2019-09-27 19:08:54 - [TEST_STEP][PASSED] - println(noResultMessages.size()): null

2019-09-27 19:08:54 - [TEST_STEP][PASSED] - assert noResultMessages.size() > 0: null

2019-09-27 19:08:54 - [TEST_STEP][PASSED] - verifyElementText(findTestObject("Page_cabi Order Items/no_result_found"), "No Results Found!", CONTINUE_ON_FAILURE): Actual text and expected text of test object 'Object Repository/Page_cabi Order Items/no_result_found' are matched.

2019-09-27 19:08:54 - [MESSAGE][PASSED] - Actual text and expected text of test object 'Object Repository/Page_cabi Order Items/no_result_found' are matched.

2019-09-27 19:08:54 - [TEST_STEP][PASSED] - setText(findTestObject("Object Repository/Page_cabi Order Items/input_New Arrivals - Blooming Blush_style"), findTestData("productData").getValue("Style", row)): Text '3864' is set on object 'Object Repository/Page_cabi Order Items/input_New Arrivals - Blooming Blush_style'

2019-09-27 19:08:54 - [MESSAGE][PASSED] - Text '3864' is set on object 'Object Repository/Page_cabi Order Items/input_New Arrivals - Blooming Blush_style'

2019-09-27 19:08:54 - [TEST_STEP][PASSED] - sendKeys(findTestObject("Object Repository/Page_cabi Order Items/input_New Arrivals - Blooming Blush_style"), Keys.chord(ENTER)): Keys 'ENTER + ' sent to object: 'Object Repository/Page_cabi Order Items/input_New Arrivals - Blooming Blush_style'

2019-09-27 19:08:55 - [MESSAGE][PASSED] - Keys 'ENTER + ' sent to object: 'Object Repository/Page_cabi Order Items/input_New Arrivals - Blooming Blush_style'

2019-09-27 19:08:55 - [TEST_STEP][PASSED] - delay(5): Delayed 5 second(s)

2019-09-27 19:09:00 - [MESSAGE][PASSED] - Delayed 5 second(s)

2019-09-27 19:09:00 - [TEST_STEP][PASSED] - if (toString().equalsIgnoreCase("no")): Actual text and expected text of test object 'Object Repository/Page_cabi Order Items/no_result_found' are matched.

2019-09-27 19:09:00 - [TEST_STEP][PASSED] - delay(2): Delayed 2 second(s)

2019-09-27 19:09:02 - [MESSAGE][PASSED] - Delayed 2 second(s)

2019-09-27 19:09:02 - [TEST_STEP][PASSED] - noResultMessages = findWebElements(findTestObject("Page_cabi Order Items/no_result_found"), 5): null

2019-09-27 19:09:02 - [TEST_STEP][PASSED] - println(noResultMessages.size()): null

2019-09-27 19:09:02 - [TEST_STEP][PASSED] - assert noResultMessages.size() > 0: null

2019-09-27 19:09:02 - [TEST_STEP][PASSED] - verifyElementText(findTestObject("Page_cabi Order Items/no_result_found"), "No Results Found!", CONTINUE_ON_FAILURE): Actual text and expected text of test object 'Object Repository/Page_cabi Order Items/no_result_found' are matched.

2019-09-27 19:09:02 - [MESSAGE][PASSED] - Actual text and expected text of test object 'Object Repository/Page_cabi Order Items/no_result_found' are matched.

2019-09-27 19:09:02 - [TEST_STEP][PASSED] - setText(findTestObject("Object Repository/Page_cabi Order Items/input_New Arrivals - Blooming Blush_style"), findTestData("productData").getValue("Style", row)): Text '3865' is set on object 'Object Repository/Page_cabi Order Items/input_New Arrivals - Blooming Blush_style'

2019-09-27 19:09:02 - [MESSAGE][PASSED] - Text '3865' is set on object 'Object Repository/Page_cabi Order Items/input_New Arrivals - Blooming Blush_style'

2019-09-27 19:09:02 - [TEST_STEP][PASSED] - sendKeys(findTestObject("Object Repository/Page_cabi Order Items/input_New Arrivals - Blooming Blush_style"), Keys.chord(ENTER)): Keys 'ENTER + ' sent to object: 'Object Repository/Page_cabi Order Items/input_New Arrivals - Blooming Blush_style'

2019-09-27 19:09:02 - [MESSAGE][PASSED] - Keys 'ENTER + ' sent to object: 'Object Repository/Page_cabi Order Items/input_New Arrivals - Blooming Blush_style'

2019-09-27 19:09:02 - [TEST_STEP][PASSED] - delay(5): Delayed 5 second(s)

2019-09-27 19:09:07 - [MESSAGE][PASSED] - Delayed 5 second(s)

2019-09-27 19:09:07 - [TEST_STEP][PASSED] - if (toString().equalsIgnoreCase("no")): Actual text and expected text of test object 'Object Repository/Page_cabi Order Items/no_result_found' are matched.

2019-09-27 19:09:07 - [TEST_STEP][PASSED] - delay(2): Delayed 2 second(s)

2019-09-27 19:09:09 - [MESSAGE][PASSED] - Delayed 2 second(s)

2019-09-27 19:09:09 - [TEST_STEP][PASSED] - noResultMessages = findWebElements(findTestObject("Page_cabi Order Items/no_result_found"), 5): null

2019-09-27 19:09:09 - [TEST_STEP][PASSED] - println(noResultMessages.size()): null

2019-09-27 19:09:09 - [TEST_STEP][PASSED] - assert noResultMessages.size() > 0: null

2019-09-27 19:09:09 - [TEST_STEP][PASSED] - verifyElementText(findTestObject("Page_cabi Order Items/no_result_found"), "No Results Found!", CONTINUE_ON_FAILURE): Actual text and expected text of test object 'Object Repository/Page_cabi Order Items/no_result_found' are matched.

2019-09-27 19:09:09 - [MESSAGE][PASSED] - Actual text and expected text of test object 'Object Repository/Page_cabi Order Items/no_result_found' are matched.

2019-09-27 19:09:09 - [TEST_STEP][PASSED] - setText(findTestObject("Object Repository/Page_cabi Order Items/input_New Arrivals - Blooming Blush_style"), findTestData("productData").getValue("Style", row)): Text '3843' is set on object 'Object Repository/Page_cabi Order Items/input_New Arrivals - Blooming Blush_style'

2019-09-27 19:09:09 - [MESSAGE][PASSED] - Text '3843' is set on object 'Object Repository/Page_cabi Order Items/input_New Arrivals - Blooming Blush_style'

2019-09-27 19:09:09 - [TEST_STEP][PASSED] - sendKeys(findTestObject("Object Repository/Page_cabi Order Items/input_New Arrivals - Blooming Blush_style"), Keys.chord(ENTER)): Keys 'ENTER + ' sent to object: 'Object Repository/Page_cabi Order Items/input_New Arrivals - Blooming Blush_style'

2019-09-27 19:09:09 - [MESSAGE][PASSED] - Keys 'ENTER + ' sent to object: 'Object Repository/Page_cabi Order Items/input_New Arrivals - Blooming Blush_style'

2019-09-27 19:09:09 - [TEST_STEP][PASSED] - delay(5): Delayed 5 second(s)

2019-09-27 19:09:14 - [MESSAGE][PASSED] - Delayed 5 second(s)

2019-09-27 19:09:14 - [TEST_STEP][PASSED] - if (toString().equalsIgnoreCase("no")): Actual text and expected text of test object 'Object Repository/Page_cabi Order Items/no_result_found' are matched.

2019-09-27 19:09:14 - [TEST_STEP][PASSED] - delay(2): Delayed 2 second(s)

2019-09-27 19:09:16 - [MESSAGE][PASSED] - Delayed 2 second(s)

2019-09-27 19:09:16 - [TEST_STEP][PASSED] - noResultMessages = findWebElements(findTestObject("Page_cabi Order Items/no_result_found"), 5): null

2019-09-27 19:09:16 - [TEST_STEP][PASSED] - println(noResultMessages.size()): null

2019-09-27 19:09:16 - [TEST_STEP][PASSED] - assert noResultMessages.size() > 0: null

2019-09-27 19:09:16 - [TEST_STEP][PASSED] - verifyElementText(findTestObject("Page_cabi Order Items/no_result_found"), "No Results Found!", CONTINUE_ON_FAILURE): Actual text and expected text of test object 'Object Repository/Page_cabi Order Items/no_result_found' are matched.

2019-09-27 19:09:16 - [MESSAGE][PASSED] - Actual text and expected text of test object 'Object Repository/Page_cabi Order Items/no_result_found' are matched.

2019-09-27 19:09:16 - [TEST_STEP][PASSED] - setText(findTestObject("Object Repository/Page_cabi Order Items/input_New Arrivals - Blooming Blush_style"), findTestData("productData").getValue("Style", row)): Text '3846' is set on object 'Object Repository/Page_cabi Order Items/input_New Arrivals - Blooming Blush_style'

2019-09-27 19:09:17 - [MESSAGE][PASSED] - Text '3846' is set on object 'Object Repository/Page_cabi Order Items/input_New Arrivals - Blooming Blush_style'

2019-09-27 19:09:17 - [TEST_STEP][PASSED] - sendKeys(findTestObject("Object Repository/Page_cabi Order Items/input_New Arrivals - Blooming Blush_style"), Keys.chord(ENTER)): Keys 'ENTER + ' sent to object: 'Object Repository/Page_cabi Order Items/input_New Arrivals - Blooming Blush_style'

2019-09-27 19:09:17 - [MESSAGE][PASSED] - Keys 'ENTER + ' sent to object: 'Object Repository/Page_cabi Order Items/input_New Arrivals - Blooming Blush_style'

2019-09-27 19:09:17 - [TEST_STEP][PASSED] - delay(5): Delayed 5 second(s)

2019-09-27 19:09:22 - [MESSAGE][PASSED] - Delayed 5 second(s)

2019-09-27 19:09:22 - [TEST_STEP][PASSED] - if (toString().equalsIgnoreCase("no")): Actual text and expected text of test object 'Object Repository/Page_cabi Order Items/no_result_found' are matched.

2019-09-27 19:09:22 - [TEST_STEP][PASSED] - delay(2): Delayed 2 second(s)

2019-09-27 19:09:24 - [MESSAGE][PASSED] - Delayed 2 second(s)

2019-09-27 19:09:24 - [TEST_STEP][PASSED] - noResultMessages = findWebElements(findTestObject("Page_cabi Order Items/no_result_found"), 5): null

2019-09-27 19:09:24 - [TEST_STEP][PASSED] - println(noResultMessages.size()): null

2019-09-27 19:09:24 - [TEST_STEP][PASSED] - assert noResultMessages.size() > 0: null

2019-09-27 19:09:24 - [TEST_STEP][PASSED] - verifyElementText(findTestObject("Page_cabi Order Items/no_result_found"), "No Results Found!", CONTINUE_ON_FAILURE): Actual text and expected text of test object 'Object Repository/Page_cabi Order Items/no_result_found' are matched.

2019-09-27 19:09:24 - [MESSAGE][PASSED] - Actual text and expected text of test object 'Object Repository/Page_cabi Order Items/no_result_found' are matched.

2019-09-27 19:09:24 - [TEST_STEP][PASSED] - setText(findTestObject("Object Repository/Page_cabi Order Items/input_New Arrivals - Blooming Blush_style"), findTestData("productData").getValue("Style", row)): Text '3861' is set on object 'Object Repository/Page_cabi Order Items/input_New Arrivals - Blooming Blush_style'

2019-09-27 19:09:24 - [MESSAGE][PASSED] - Text '3861' is set on object 'Object Repository/Page_cabi Order Items/input_New Arrivals - Blooming Blush_style'

2019-09-27 19:09:24 - [TEST_STEP][PASSED] - sendKeys(findTestObject("Object Repository/Page_cabi Order Items/input_New Arrivals - Blooming Blush_style"), Keys.chord(ENTER)): Keys 'ENTER + ' sent to object: 'Object Repository/Page_cabi Order Items/input_New Arrivals - Blooming Blush_style'

2019-09-27 19:09:24 - [MESSAGE][PASSED] - Keys 'ENTER + ' sent to object: 'Object Repository/Page_cabi Order Items/input_New Arrivals - Blooming Blush_style'

2019-09-27 19:09:24 - [TEST_STEP][PASSED] - delay(5): Delayed 5 second(s)

2019-09-27 19:09:29 - [MESSAGE][PASSED] - Delayed 5 second(s)

2019-09-27 19:09:29 - [TEST_STEP][PASSED] - if (toString().equalsIgnoreCase("no")): Actual text and expected text of test object 'Object Repository/Page_cabi Order Items/no_result_found' are matched.

2019-09-27 19:09:29 - [TEST_STEP][PASSED] - delay(2): Delayed 2 second(s)

2019-09-27 19:09:31 - [MESSAGE][PASSED] - Delayed 2 second(s)

2019-09-27 19:09:31 - [TEST_STEP][PASSED] - noResultMessages = findWebElements(findTestObject("Page_cabi Order Items/no_result_found"), 5): null

2019-09-27 19:09:31 - [TEST_STEP][PASSED] - println(noResultMessages.size()): null

2019-09-27 19:09:31 - [TEST_STEP][PASSED] - assert noResultMessages.size() > 0: null

2019-09-27 19:09:31 - [TEST_STEP][PASSED] - verifyElementText(findTestObject("Page_cabi Order Items/no_result_found"), "No Results Found!", CONTINUE_ON_FAILURE): Actual text and expected text of test object 'Object Repository/Page_cabi Order Items/no_result_found' are matched.

2019-09-27 19:09:31 - [MESSAGE][PASSED] - Actual text and expected text of test object 'Object Repository/Page_cabi Order Items/no_result_found' are matched.

2019-09-27 19:09:31 - [TEST_STEP][PASSED] - setText(findTestObject("Object Repository/Page_cabi Order Items/input_New Arrivals - Blooming Blush_style"), findTestData("productData").getValue("Style", row)): Text '3863' is set on object 'Object Repository/Page_cabi Order Items/input_New Arrivals - Blooming Blush_style'

2019-09-27 19:09:31 - [MESSAGE][PASSED] - Text '3863' is set on object 'Object Repository/Page_cabi Order Items/input_New Arrivals - Blooming Blush_style'

2019-09-27 19:09:31 - [TEST_STEP][PASSED] - sendKeys(findTestObject("Object Repository/Page_cabi Order Items/input_New Arrivals - Blooming Blush_style"), Keys.chord(ENTER)): Keys 'ENTER + ' sent to object: 'Object Repository/Page_cabi Order Items/input_New Arrivals - Blooming Blush_style'

2019-09-27 19:09:31 - [MESSAGE][PASSED] - Keys 'ENTER + ' sent to object: 'Object Repository/Page_cabi Order Items/input_New Arrivals - Blooming Blush_style'

2019-09-27 19:09:31 - [TEST_STEP][PASSED] - delay(5): Delayed 5 second(s)

2019-09-27 19:09:36 - [MESSAGE][PASSED] - Delayed 5 second(s)

2019-09-27 19:09:36 - [TEST_STEP][PASSED] - if (toString().equalsIgnoreCase("no")): Actual text and expected text of test object 'Object Repository/Page_cabi Order Items/no_result_found' are matched.

2019-09-27 19:09:36 - [TEST_STEP][PASSED] - delay(2): Delayed 2 second(s)

2019-09-27 19:09:38 - [MESSAGE][PASSED] - Delayed 2 second(s)

2019-09-27 19:09:38 - [TEST_STEP][PASSED] - noResultMessages = findWebElements(findTestObject("Page_cabi Order Items/no_result_found"), 5): null

2019-09-27 19:09:38 - [TEST_STEP][PASSED] - println(noResultMessages.size()): null

2019-09-27 19:09:38 - [TEST_STEP][PASSED] - assert noResultMessages.size() > 0: null

2019-09-27 19:09:38 - [TEST_STEP][PASSED] - verifyElementText(findTestObject("Page_cabi Order Items/no_result_found"), "No Results Found!", CONTINUE_ON_FAILURE): Actual text and expected text of test object 'Object Repository/Page_cabi Order Items/no_result_found' are matched.

2019-09-27 19:09:38 - [MESSAGE][PASSED] - Actual text and expected text of test object 'Object Repository/Page_cabi Order Items/no_result_found' are matched.

2019-09-27 19:09:38 - [TEST_STEP][PASSED] - setText(findTestObject("Object Repository/Page_cabi Order Items/input_New Arrivals - Blooming Blush_style"), findTestData("productData").getValue("Style", row)): Text '3850' is set on object 'Object Repository/Page_cabi Order Items/input_New Arrivals - Blooming Blush_style'

2019-09-27 19:09:39 - [MESSAGE][PASSED] - Text '3850' is set on object 'Object Repository/Page_cabi Order Items/input_New Arrivals - Blooming Blush_style'

2019-09-27 19:09:39 - [TEST_STEP][PASSED] - sendKeys(findTestObject("Object Repository/Page_cabi Order Items/input_New Arrivals - Blooming Blush_style"), Keys.chord(ENTER)): Keys 'ENTER + ' sent to object: 'Object Repository/Page_cabi Order Items/input_New Arrivals - Blooming Blush_style'

2019-09-27 19:09:39 - [MESSAGE][PASSED] - Keys 'ENTER + ' sent to object: 'Object Repository/Page_cabi Order Items/input_New Arrivals - Blooming Blush_style'

2019-09-27 19:09:39 - [TEST_STEP][PASSED] - delay(5): Delayed 5 second(s)

2019-09-27 19:09:44 - [MESSAGE][PASSED] - Delayed 5 second(s)

2019-09-27 19:09:44 - [TEST_STEP][PASSED] - if (toString().equalsIgnoreCase("no")): Actual text and expected text of test object 'Object Repository/Page_cabi Order Items/no_result_found' are matched.

2019-09-27 19:09:44 - [TEST_STEP][PASSED] - delay(2): Delayed 2 second(s)

2019-09-27 19:09:46 - [MESSAGE][PASSED] - Delayed 2 second(s)

2019-09-27 19:09:46 - [TEST_STEP][PASSED] - noResultMessages = findWebElements(findTestObject("Page_cabi Order Items/no_result_found"), 5): null

2019-09-27 19:09:46 - [TEST_STEP][PASSED] - println(noResultMessages.size()): null

2019-09-27 19:09:46 - [TEST_STEP][PASSED] - assert noResultMessages.size() > 0: null

2019-09-27 19:09:46 - [TEST_STEP][PASSED] - verifyElementText(findTestObject("Page_cabi Order Items/no_result_found"), "No Results Found!", CONTINUE_ON_FAILURE): Actual text and expected text of test object 'Object Repository/Page_cabi Order Items/no_result_found' are matched.

2019-09-27 19:09:46 - [MESSAGE][PASSED] - Actual text and expected text of test object 'Object Repository/Page_cabi Order Items/no_result_found' are matched.

2019-09-27 19:09:46 - [MESSAGE][PASSED] - Call Test Case 'Test Cases/NewArrival/productVerify' successfully

2019-09-27 19:09:46 - [TEST_STEP][PASSED] - callTestCase(findTestCase("NewArrival/populateTimeGlobalVars"), ["row":timeRow], CONTINUE_ON_FAILURE): Call Test Case 'Test Cases/NewArrival/populateTimeGlobalVars' successfully

2019-09-27 19:09:46 - [TEST_CASE][PASSED] - Test Cases/NewArrival/populateTimeGlobalVars: Test Cases/NewArrival/populateTimeGlobalVars

2019-09-27 19:09:46 - [TEST_STEP][PASSED] - dataFile = "timezoneData": null

2019-09-27 19:09:46 - [TEST_STEP][PASSED] - clockServerTarget = UtilityMethods.getTestData("envtData", "clockServerTarget", 1): null

2019-09-27 19:09:46 - [TEST_STEP][PASSED] - println(clockServerTarget): null

2019-09-27 19:09:46 - [TEST_STEP][PASSED] - orderType = UtilityMethods.getTestData(dataFile, "orderType", row): null

2019-09-27 19:09:46 - [TEST_STEP][PASSED] - timeZone = UtilityMethods.getTestData(dataFile, "timeZone", row): null

2019-09-27 19:09:46 - [TEST_STEP][PASSED] - BOPersonal = UtilityMethods.getTestData(dataFile, "BOPersonal", row): null

2019-09-27 19:09:46 - [TEST_STEP][PASSED] - BOAddonPersonal = UtilityMethods.getTestData(dataFile, "BOAddonPersonal", row): null

2019-09-27 19:09:46 - [TEST_STEP][PASSED] - BOAddonRetail = UtilityMethods.getTestData(dataFile, "BOAddonRetail", row): null

2019-09-27 19:09:46 - [TEST_STEP][PASSED] - BORetail = UtilityMethods.getTestData(dataFile, "BORetail", row): null

2019-09-27 19:09:46 - [TEST_STEP][PASSED] - BOShow = UtilityMethods.getTestData(dataFile, "BOShow", row): null

2019-09-27 19:09:46 - [TEST_STEP][PASSED] - BOOnlineoutlet = UtilityMethods.getTestData(dataFile, "BOOnlineoutlet", row): null

2019-09-27 19:09:46 - [TEST_STEP][PASSED] - BOEmployee = UtilityMethods.getTestData(dataFile, "BOEmployee", row): null

2019-09-27 19:09:46 - [TEST_STEP][PASSED] - CCPersonal = UtilityMethods.getTestData(dataFile, "CCPersonal", row): null

2019-09-27 19:09:46 - [TEST_STEP][PASSED] - CCRetail = UtilityMethods.getTestData(dataFile, "CCRetail", row): null

2019-09-27 19:09:46 - [TEST_STEP][PASSED] - CCShow = UtilityMethods.getTestData(dataFile, "CCShow", row): null

2019-09-27 19:09:46 - [TEST_STEP][PASSED] - BOEblast = UtilityMethods.getTestData(dataFile, "BOEblast", row): null

2019-09-27 19:09:46 - [TEST_STEP][PASSED] - println(row): null

2019-09-27 19:09:46 - [TEST_STEP][PASSED] - println(BOPersonal): null

2019-09-27 19:09:46 - [MESSAGE][PASSED] - Call Test Case 'Test Cases/NewArrival/populateTimeGlobalVars' successfully

2019-09-27 19:09:46 - [TEST_STEP][PASSED] - callTestCase(findTestCase("NewArrival/setTimezone"), ["ofbizURL":"", "ofbizuser":"", "ofbizpass":"", "orderType":orderType, "timeZone":timeZone, "serverTarget":serverTarget, "clockServerTarget":clockServerTarget], CONTINUE_ON_FAILURE): Call Test Case 'Test Cases/NewArrival/setTimezone' successfully

2019-09-27 19:09:46 - [TEST_CASE][PASSED] - Test Cases/NewArrival/setTimezone: Test Cases/NewArrival/setTimezone

2019-09-27 19:09:46 - [TEST_STEP][PASSED] - openBrowser(""): Browser is opened with url: ''

2019-09-27 19:09:46 - [MESSAGE][WARNING] - A browser is already opened. Closing browser and opening a new one

2019-09-27 19:09:47 - [MESSAGE][INFO] - Starting 'Chrome' driver

2019-09-27 19:09:47 - [MESSAGE][INFO] - User set preference: ['args', '[--use-fake-ui-for-media-stream, --start-maximized]']

2019-09-27 19:09:49 - [MESSAGE][PASSED] - Browser is opened with url: ''

2019-09-27 19:09:49 - [TEST_STEP][NOT_RUN] - maximizeWindow(): NOT_RUN: maximizeWindow()

2019-09-27 19:09:49 - [MESSAGE][NOT_RUN] - NOT_RUN: maximizeWindow()

2019-09-27 19:09:49 - [TEST_STEP][PASSED] - ofbizURL = findTestData("envtData").getValue("ofbizURL", 1): null

2019-09-27 19:09:49 - [TEST_STEP][PASSED] - ofbizuser = findTestData("credData").getValue("ofbizuser", 1): null

2019-09-27 19:09:49 - [TEST_STEP][PASSED] - ofbizpass = findTestData("credData").getValue("ofbizpass", 1): null

2019-09-27 19:09:49 - [TEST_STEP][PASSED] - navigateToUrl(ofbizURL): Navigate to 'https://pushofbiz.cliotest.com/login.php' successfully

2019-09-27 19:09:51 - [MESSAGE][PASSED] - Navigate to 'https://pushofbiz.cliotest.com/login.php' successfully

2019-09-27 19:09:51 - [TEST_STEP][PASSED] - setText(findTestObject("Page_/input_Username_username"), ofbizuser): Text 'automation' is set on object 'Object Repository/Page_/input_Username_username'

2019-09-27 19:09:51 - [MESSAGE][PASSED] - Text 'automation' is set on object 'Object Repository/Page_/input_Username_username'

2019-09-27 19:09:51 - [TEST_STEP][PASSED] - setText(findTestObject("Page_/input_Password_password"), ofbizpass): Text 'cabiautomation' is set on object 'Object Repository/Page_/input_Password_password'

2019-09-27 19:09:52 - [MESSAGE][PASSED] - Text 'cabiautomation' is set on object 'Object Repository/Page_/input_Password_password'

2019-09-27 19:09:52 - [TEST_STEP][PASSED] - click(findTestObject("Page_/input_Password_Submit")): Object: 'Object Repository/Page_/input_Password_Submit' is clicked on

2019-09-27 19:09:55 - [MESSAGE][PASSED] - Object: 'Object Repository/Page_/input_Password_Submit' is clicked on

2019-09-27 19:09:55 - [TEST_STEP][PASSED] - click(findTestObject("Object Repository/Page_/a_Clock set")): Object: 'Object Repository/Page_/a_Clock set' is clicked on

2019-09-27 19:09:56 - [MESSAGE][PASSED] - Object: 'Object Repository/Page_/a_Clock set' is clicked on

2019-09-27 19:09:56 - [TEST_STEP][PASSED] - cst = UtilityMethods.createTestObject("select_target", "//select[@name='Target']/option[contains(text(), '", clockServerTarget, "')]"): null

2019-09-27 19:09:56 - [TEST_STEP][PASSED] - println(clockServerTarget): null

2019-09-27 19:09:56 - [TEST_STEP][PASSED] - click(cst): Object: 'select_target' is clicked on

2019-09-27 19:09:56 - [MESSAGE][PASSED] - Object: 'select_target' is clicked on

2019-09-27 19:09:56 - [TEST_STEP][PASSED] - click(findTestObject("Page_/thisDateAndTime")): Object: 'Object Repository/Page_/thisDateAndTime' is clicked on

2019-09-27 19:09:56 - [MESSAGE][PASSED] - Object: 'Object Repository/Page_/thisDateAndTime' is clicked on

2019-09-27 19:09:56 - [TEST_STEP][PASSED] - setText(findTestObject("Object Repository/Page_/setTargetTime"), timeZone): Text ' 10/24/2019 00:00' is set on object 'Object Repository/Page_/setTargetTime'

2019-09-27 19:09:56 - [MESSAGE][PASSED] - Text ' 10/24/2019 00:00' is set on object 'Object Repository/Page_/setTargetTime'

2019-09-27 19:09:56 - [TEST_STEP][PASSED] - click(findTestObject("Object Repository/Page_/input")): Object: 'Object Repository/Page_/input' is clicked on

2019-09-27 19:09:57 - [MESSAGE][PASSED] - Object: 'Object Repository/Page_/input' is clicked on

2019-09-27 19:09:57 - [TEST_STEP][PASSED] - delay(10): Delayed 10 second(s)

2019-09-27 19:10:07 - [MESSAGE][PASSED] - Delayed 10 second(s)

2019-09-27 19:10:07 - [TEST_STEP][NOT_RUN] - closeBrowser(): NOT_RUN: closeBrowser()

2019-09-27 19:10:07 - [MESSAGE][NOT_RUN] - NOT_RUN: closeBrowser()

2019-09-27 19:10:07 - [MESSAGE][PASSED] - Call Test Case 'Test Cases/NewArrival/setTimezone' successfully

2019-09-27 19:10:07 - [TEST_STEP][PASSED] - callTestCase(findTestCase("TestCaseUtilities/backOfficeLogin"), ["BOURL":"", "BOuser":"", "BOpass":""], CONTINUE_ON_FAILURE): Call Test Case 'Test Cases/TestCaseUtilities/backOfficeLogin' successfully

2019-09-27 19:10:07 - [TEST_CASE][PASSED] - Test Cases/TestCaseUtilities/backOfficeLogin: Test Cases/TestCaseUtilities/backOfficeLogin

2019-09-27 19:10:07 - [TEST_STEP][PASSED] - BOURL = findTestData("envtData").getValue("BOURL", 1): null

2019-09-27 19:10:07 - [TEST_STEP][PASSED] - BOuser = findTestData("credData").getValue("BOuser", 1): null

2019-09-27 19:10:07 - [TEST_STEP][PASSED] - BOpass = findTestData("credData").getValue("BOpass", 1): null

2019-09-27 19:10:07 - [TEST_STEP][PASSED] - openBrowser(""): Browser is opened with url: ''

2019-09-27 19:10:07 - [MESSAGE][WARNING] - A browser is already opened. Closing browser and opening a new one

2019-09-27 19:10:08 - [MESSAGE][INFO] - Starting 'Chrome' driver

2019-09-27 19:10:08 - [MESSAGE][INFO] - User set preference: ['args', '[--use-fake-ui-for-media-stream, --start-maximized]']

2019-09-27 19:10:10 - [MESSAGE][PASSED] - Browser is opened with url: ''

2019-09-27 19:10:10 - [TEST_STEP][PASSED] - navigateToUrl(BOURL): Navigate to 'https://test4.cliotest.com/backoffice/control/main' successfully

2019-09-27 19:10:24 - [MESSAGE][PASSED] - Navigate to 'https://test4.cliotest.com/backoffice/control/main' successfully

2019-09-27 19:10:24 - [TEST_STEP][PASSED] - logOut = findWebElements(findTestObject("Object Repository/Page_cabi Home/log_out"), 1): Unable to find the element located by 'By.xpath: //a[contains(text(),'Log Out')]'. Please recheck the objects properties to make sure the desired element is located. 

2019-09-27 19:10:25 - [MESSAGE][INFO] - Unable to find the element located by 'By.xpath: //a[contains(text(),'Log Out')]'. Please recheck the objects properties to make sure the desired element is located. 

2019-09-27 19:10:25 - [TEST_STEP][PASSED] - if (logOut.size() == 0): Object: 'Object Repository/Page_cabi/input_Welcome to_consultantLogin' is clicked on

2019-09-27 19:10:25 - [TEST_STEP][PASSED] - setText(findTestObject("Page_cabi/input_Welcome to_USERNAME"), BOuser): Text '400000002' is set on object 'Object Repository/Page_cabi/input_Welcome to_USERNAME'

2019-09-27 19:10:25 - [MESSAGE][PASSED] - Text '400000002' is set on object 'Object Repository/Page_cabi/input_Welcome to_USERNAME'

2019-09-27 19:10:25 - [TEST_STEP][PASSED] - setText(findTestObject("Object Repository/Page_cabi/input_Welcome to_PASSWORD"), BOpass): Text 'blackdress19' is set on object 'Object Repository/Page_cabi/input_Welcome to_PASSWORD'

2019-09-27 19:10:25 - [MESSAGE][PASSED] - Text 'blackdress19' is set on object 'Object Repository/Page_cabi/input_Welcome to_PASSWORD'

2019-09-27 19:10:25 - [TEST_STEP][PASSED] - click(findTestObject("Object Repository/Page_cabi/input_Welcome to_consultantLogin")): Object: 'Object Repository/Page_cabi/input_Welcome to_consultantLogin' is clicked on

2019-09-27 19:10:49 - [MESSAGE][PASSED] - Object: 'Object Repository/Page_cabi/input_Welcome to_consultantLogin' is clicked on

2019-09-27 19:10:49 - [TEST_STEP][PASSED] - delay(3): Delayed 3 second(s)

2019-09-27 19:10:52 - [MESSAGE][PASSED] - Delayed 3 second(s)

2019-09-27 19:10:52 - [MESSAGE][PASSED] - Call Test Case 'Test Cases/TestCaseUtilities/backOfficeLogin' successfully

2019-09-27 19:10:52 - [TEST_STEP][PASSED] - click(findTestObject("Object Repository/Page_cabi Home/a_Shows  Orders")): Object: 'Object Repository/Page_cabi Home/a_Shows  Orders' is clicked on

2019-09-27 19:10:57 - [MESSAGE][PASSED] - Object: 'Object Repository/Page_cabi Home/a_Shows  Orders' is clicked on

2019-09-27 19:10:57 - [TEST_STEP][PASSED] - delay(3): Delayed 3 second(s)

2019-09-27 19:11:00 - [MESSAGE][PASSED] - Delayed 3 second(s)

2019-09-27 19:11:00 - [TEST_STEP][PASSED] - rightClick(findTestObject("Page_cabi Home/a_online_outline_purchases")): Object: 'Object Repository/Page_cabi Home/a_online_outline_purchases' is right clicked on

2019-09-27 19:11:05 - [MESSAGE][PASSED] - Object: 'Object Repository/Page_cabi Home/a_online_outline_purchases' is right clicked on

2019-09-27 19:11:05 - [TEST_STEP][PASSED] - click(findTestObject("Page_cabi Home/a_online_outline_purchases")): Object: 'Object Repository/Page_cabi Home/a_online_outline_purchases' is clicked on

2019-09-27 19:11:17 - [MESSAGE][PASSED] - Object: 'Object Repository/Page_cabi Home/a_online_outline_purchases' is clicked on

2019-09-27 19:11:17 - [TEST_STEP][PASSED] - click(findTestObject("Object Repository/Page_cabi Online Outlet Store/span_Continue to Order")): Object: 'Object Repository/Page_cabi Online Outlet Store/span_Continue to Order' is clicked on

2019-09-27 19:11:22 - [MESSAGE][PASSED] - Object: 'Object Repository/Page_cabi Online Outlet Store/span_Continue to Order' is clicked on

2019-09-27 19:11:22 - [TEST_STEP][PASSED] - callTestCase(findTestCase("NewArrival/productVerify"), ["available":BOOnlineoutlet, "storeType":"BOOnlineoutlet"], CONTINUE_ON_FAILURE): Call Test Case 'Test Cases/NewArrival/productVerify' successfully

2019-09-27 19:11:22 - [TEST_CASE][PASSED] - Test Cases/NewArrival/productVerify: Test Cases/NewArrival/productVerify

2019-09-27 19:11:22 - [TEST_STEP][PASSED] - for ([row = 1, row <= findTestData("productData").getRowNumbers(), (row++)]): Actual text and expected text of test object 'Object Repository/Page_cabi Order Items/no_result_found' are matched.

2019-09-27 19:11:22 - [TEST_STEP][PASSED] - setText(findTestObject("Object Repository/Page_cabi Order Items/input_New Arrivals - Blooming Blush_style"), findTestData("productData").getValue("Style", row)): Text '3875' is set on object 'Object Repository/Page_cabi Order Items/input_New Arrivals - Blooming Blush_style'

2019-09-27 19:11:24 - [MESSAGE][PASSED] - Text '3875' is set on object 'Object Repository/Page_cabi Order Items/input_New Arrivals - Blooming Blush_style'

2019-09-27 19:11:24 - [TEST_STEP][PASSED] - sendKeys(findTestObject("Object Repository/Page_cabi Order Items/input_New Arrivals - Blooming Blush_style"), Keys.chord(ENTER)): Keys 'ENTER + ' sent to object: 'Object Repository/Page_cabi Order Items/input_New Arrivals - Blooming Blush_style'

2019-09-27 19:11:24 - [MESSAGE][PASSED] - Keys 'ENTER + ' sent to object: 'Object Repository/Page_cabi Order Items/input_New Arrivals - Blooming Blush_style'

2019-09-27 19:11:24 - [TEST_STEP][PASSED] - delay(5): Delayed 5 second(s)

2019-09-27 19:11:29 - [MESSAGE][PASSED] - Delayed 5 second(s)

2019-09-27 19:11:29 - [TEST_STEP][PASSED] - if (toString().equalsIgnoreCase("no")): Actual text and expected text of test object 'Object Repository/Page_cabi Order Items/no_result_found' are matched.

2019-09-27 19:11:29 - [TEST_STEP][PASSED] - delay(2): Delayed 2 second(s)

2019-09-27 19:11:31 - [MESSAGE][PASSED] - Delayed 2 second(s)

2019-09-27 19:11:31 - [TEST_STEP][PASSED] - noResultMessages = findWebElements(findTestObject("Page_cabi Order Items/no_result_found"), 5): null

2019-09-27 19:11:31 - [TEST_STEP][PASSED] - println(noResultMessages.size()): null

2019-09-27 19:11:31 - [TEST_STEP][PASSED] - assert noResultMessages.size() > 0: null

2019-09-27 19:11:31 - [TEST_STEP][PASSED] - verifyElementText(findTestObject("Page_cabi Order Items/no_result_found"), "No Results Found!", CONTINUE_ON_FAILURE): Actual text and expected text of test object 'Object Repository/Page_cabi Order Items/no_result_found' are matched.

2019-09-27 19:11:31 - [MESSAGE][PASSED] - Actual text and expected text of test object 'Object Repository/Page_cabi Order Items/no_result_found' are matched.

2019-09-27 19:11:31 - [TEST_STEP][PASSED] - setText(findTestObject("Object Repository/Page_cabi Order Items/input_New Arrivals - Blooming Blush_style"), findTestData("productData").getValue("Style", row)): Text '3869' is set on object 'Object Repository/Page_cabi Order Items/input_New Arrivals - Blooming Blush_style'

2019-09-27 19:11:31 - [MESSAGE][PASSED] - Text '3869' is set on object 'Object Repository/Page_cabi Order Items/input_New Arrivals - Blooming Blush_style'

2019-09-27 19:11:31 - [TEST_STEP][PASSED] - sendKeys(findTestObject("Object Repository/Page_cabi Order Items/input_New Arrivals - Blooming Blush_style"), Keys.chord(ENTER)): Keys 'ENTER + ' sent to object: 'Object Repository/Page_cabi Order Items/input_New Arrivals - Blooming Blush_style'

2019-09-27 19:11:31 - [MESSAGE][PASSED] - Keys 'ENTER + ' sent to object: 'Object Repository/Page_cabi Order Items/input_New Arrivals - Blooming Blush_style'

2019-09-27 19:11:31 - [TEST_STEP][PASSED] - delay(5): Delayed 5 second(s)

2019-09-27 19:11:36 - [MESSAGE][PASSED] - Delayed 5 second(s)

2019-09-27 19:11:36 - [TEST_STEP][PASSED] - if (toString().equalsIgnoreCase("no")): Actual text and expected text of test object 'Object Repository/Page_cabi Order Items/no_result_found' are matched.

2019-09-27 19:11:36 - [TEST_STEP][PASSED] - delay(2): Delayed 2 second(s)

2019-09-27 19:11:38 - [MESSAGE][PASSED] - Delayed 2 second(s)

2019-09-27 19:11:38 - [TEST_STEP][PASSED] - noResultMessages = findWebElements(findTestObject("Page_cabi Order Items/no_result_found"), 5): null

2019-09-27 19:11:38 - [TEST_STEP][PASSED] - println(noResultMessages.size()): null

2019-09-27 19:11:38 - [TEST_STEP][PASSED] - assert noResultMessages.size() > 0: null

2019-09-27 19:11:38 - [TEST_STEP][PASSED] - verifyElementText(findTestObject("Page_cabi Order Items/no_result_found"), "No Results Found!", CONTINUE_ON_FAILURE): Actual text and expected text of test object 'Object Repository/Page_cabi Order Items/no_result_found' are matched.

2019-09-27 19:11:38 - [MESSAGE][PASSED] - Actual text and expected text of test object 'Object Repository/Page_cabi Order Items/no_result_found' are matched.

2019-09-27 19:11:39 - [TEST_STEP][PASSED] - setText(findTestObject("Object Repository/Page_cabi Order Items/input_New Arrivals - Blooming Blush_style"), findTestData("productData").getValue("Style", row)): Text '3870' is set on object 'Object Repository/Page_cabi Order Items/input_New Arrivals - Blooming Blush_style'

2019-09-27 19:11:39 - [MESSAGE][PASSED] - Text '3870' is set on object 'Object Repository/Page_cabi Order Items/input_New Arrivals - Blooming Blush_style'

2019-09-27 19:11:39 - [TEST_STEP][PASSED] - sendKeys(findTestObject("Object Repository/Page_cabi Order Items/input_New Arrivals - Blooming Blush_style"), Keys.chord(ENTER)): Keys 'ENTER + ' sent to object: 'Object Repository/Page_cabi Order Items/input_New Arrivals - Blooming Blush_style'

2019-09-27 19:11:39 - [MESSAGE][PASSED] - Keys 'ENTER + ' sent to object: 'Object Repository/Page_cabi Order Items/input_New Arrivals - Blooming Blush_style'

2019-09-27 19:11:39 - [TEST_STEP][PASSED] - delay(5): Delayed 5 second(s)

2019-09-27 19:11:44 - [MESSAGE][PASSED] - Delayed 5 second(s)

2019-09-27 19:11:44 - [TEST_STEP][PASSED] - if (toString().equalsIgnoreCase("no")): Actual text and expected text of test object 'Object Repository/Page_cabi Order Items/no_result_found' are matched.

2019-09-27 19:11:44 - [TEST_STEP][PASSED] - delay(2): Delayed 2 second(s)

2019-09-27 19:11:46 - [MESSAGE][PASSED] - Delayed 2 second(s)

2019-09-27 19:11:46 - [TEST_STEP][PASSED] - noResultMessages = findWebElements(findTestObject("Page_cabi Order Items/no_result_found"), 5): null

2019-09-27 19:11:46 - [TEST_STEP][PASSED] - println(noResultMessages.size()): null

2019-09-27 19:11:46 - [TEST_STEP][PASSED] - assert noResultMessages.size() > 0: null

2019-09-27 19:11:46 - [TEST_STEP][PASSED] - verifyElementText(findTestObject("Page_cabi Order Items/no_result_found"), "No Results Found!", CONTINUE_ON_FAILURE): Actual text and expected text of test object 'Object Repository/Page_cabi Order Items/no_result_found' are matched.

2019-09-27 19:11:46 - [MESSAGE][PASSED] - Actual text and expected text of test object 'Object Repository/Page_cabi Order Items/no_result_found' are matched.

2019-09-27 19:11:46 - [TEST_STEP][PASSED] - setText(findTestObject("Object Repository/Page_cabi Order Items/input_New Arrivals - Blooming Blush_style"), findTestData("productData").getValue("Style", row)): Text '3871' is set on object 'Object Repository/Page_cabi Order Items/input_New Arrivals - Blooming Blush_style'

2019-09-27 19:11:46 - [MESSAGE][PASSED] - Text '3871' is set on object 'Object Repository/Page_cabi Order Items/input_New Arrivals - Blooming Blush_style'

2019-09-27 19:11:46 - [TEST_STEP][PASSED] - sendKeys(findTestObject("Object Repository/Page_cabi Order Items/input_New Arrivals - Blooming Blush_style"), Keys.chord(ENTER)): Keys 'ENTER + ' sent to object: 'Object Repository/Page_cabi Order Items/input_New Arrivals - Blooming Blush_style'

2019-09-27 19:11:46 - [MESSAGE][PASSED] - Keys 'ENTER + ' sent to object: 'Object Repository/Page_cabi Order Items/input_New Arrivals - Blooming Blush_style'

2019-09-27 19:11:46 - [TEST_STEP][PASSED] - delay(5): Delayed 5 second(s)

2019-09-27 19:11:51 - [MESSAGE][PASSED] - Delayed 5 second(s)

2019-09-27 19:11:51 - [TEST_STEP][PASSED] - if (toString().equalsIgnoreCase("no")): Actual text and expected text of test object 'Object Repository/Page_cabi Order Items/no_result_found' are matched.

2019-09-27 19:11:51 - [TEST_STEP][PASSED] - delay(2): Delayed 2 second(s)

2019-09-27 19:11:53 - [MESSAGE][PASSED] - Delayed 2 second(s)

2019-09-27 19:11:53 - [TEST_STEP][PASSED] - noResultMessages = findWebElements(findTestObject("Page_cabi Order Items/no_result_found"), 5): null

2019-09-27 19:11:53 - [TEST_STEP][PASSED] - println(noResultMessages.size()): null

2019-09-27 19:11:53 - [TEST_STEP][PASSED] - assert noResultMessages.size() > 0: null

2019-09-27 19:11:53 - [TEST_STEP][PASSED] - verifyElementText(findTestObject("Page_cabi Order Items/no_result_found"), "No Results Found!", CONTINUE_ON_FAILURE): Actual text and expected text of test object 'Object Repository/Page_cabi Order Items/no_result_found' are matched.

2019-09-27 19:11:53 - [MESSAGE][PASSED] - Actual text and expected text of test object 'Object Repository/Page_cabi Order Items/no_result_found' are matched.

2019-09-27 19:11:53 - [TEST_STEP][PASSED] - setText(findTestObject("Object Repository/Page_cabi Order Items/input_New Arrivals - Blooming Blush_style"), findTestData("productData").getValue("Style", row)): Text '3857' is set on object 'Object Repository/Page_cabi Order Items/input_New Arrivals - Blooming Blush_style'

2019-09-27 19:11:53 - [MESSAGE][PASSED] - Text '3857' is set on object 'Object Repository/Page_cabi Order Items/input_New Arrivals - Blooming Blush_style'

2019-09-27 19:11:53 - [TEST_STEP][PASSED] - sendKeys(findTestObject("Object Repository/Page_cabi Order Items/input_New Arrivals - Blooming Blush_style"), Keys.chord(ENTER)): Keys 'ENTER + ' sent to object: 'Object Repository/Page_cabi Order Items/input_New Arrivals - Blooming Blush_style'

2019-09-27 19:11:53 - [MESSAGE][PASSED] - Keys 'ENTER + ' sent to object: 'Object Repository/Page_cabi Order Items/input_New Arrivals - Blooming Blush_style'

2019-09-27 19:11:53 - [TEST_STEP][PASSED] - delay(5): Delayed 5 second(s)

2019-09-27 19:11:58 - [MESSAGE][PASSED] - Delayed 5 second(s)

2019-09-27 19:11:58 - [TEST_STEP][PASSED] - if (toString().equalsIgnoreCase("no")): Actual text and expected text of test object 'Object Repository/Page_cabi Order Items/no_result_found' are matched.

2019-09-27 19:11:58 - [TEST_STEP][PASSED] - delay(2): Delayed 2 second(s)

2019-09-27 19:12:00 - [MESSAGE][PASSED] - Delayed 2 second(s)

2019-09-27 19:12:00 - [TEST_STEP][PASSED] - noResultMessages = findWebElements(findTestObject("Page_cabi Order Items/no_result_found"), 5): null

2019-09-27 19:12:00 - [TEST_STEP][PASSED] - println(noResultMessages.size()): null

2019-09-27 19:12:00 - [TEST_STEP][PASSED] - assert noResultMessages.size() > 0: null

2019-09-27 19:12:00 - [TEST_STEP][PASSED] - verifyElementText(findTestObject("Page_cabi Order Items/no_result_found"), "No Results Found!", CONTINUE_ON_FAILURE): Actual text and expected text of test object 'Object Repository/Page_cabi Order Items/no_result_found' are matched.

2019-09-27 19:12:00 - [MESSAGE][PASSED] - Actual text and expected text of test object 'Object Repository/Page_cabi Order Items/no_result_found' are matched.

2019-09-27 19:12:00 - [TEST_STEP][PASSED] - setText(findTestObject("Object Repository/Page_cabi Order Items/input_New Arrivals - Blooming Blush_style"), findTestData("productData").getValue("Style", row)): Text '3864' is set on object 'Object Repository/Page_cabi Order Items/input_New Arrivals - Blooming Blush_style'

2019-09-27 19:12:00 - [MESSAGE][PASSED] - Text '3864' is set on object 'Object Repository/Page_cabi Order Items/input_New Arrivals - Blooming Blush_style'

2019-09-27 19:12:00 - [TEST_STEP][PASSED] - sendKeys(findTestObject("Object Repository/Page_cabi Order Items/input_New Arrivals - Blooming Blush_style"), Keys.chord(ENTER)): Keys 'ENTER + ' sent to object: 'Object Repository/Page_cabi Order Items/input_New Arrivals - Blooming Blush_style'

2019-09-27 19:12:00 - [MESSAGE][PASSED] - Keys 'ENTER + ' sent to object: 'Object Repository/Page_cabi Order Items/input_New Arrivals - Blooming Blush_style'

2019-09-27 19:12:00 - [TEST_STEP][PASSED] - delay(5): Delayed 5 second(s)

2019-09-27 19:12:05 - [MESSAGE][PASSED] - Delayed 5 second(s)

2019-09-27 19:12:05 - [TEST_STEP][PASSED] - if (toString().equalsIgnoreCase("no")): Actual text and expected text of test object 'Object Repository/Page_cabi Order Items/no_result_found' are matched.

2019-09-27 19:12:05 - [TEST_STEP][PASSED] - delay(2): Delayed 2 second(s)

2019-09-27 19:12:07 - [MESSAGE][PASSED] - Delayed 2 second(s)

2019-09-27 19:12:07 - [TEST_STEP][PASSED] - noResultMessages = findWebElements(findTestObject("Page_cabi Order Items/no_result_found"), 5): null

2019-09-27 19:12:07 - [TEST_STEP][PASSED] - println(noResultMessages.size()): null

2019-09-27 19:12:07 - [TEST_STEP][PASSED] - assert noResultMessages.size() > 0: null

2019-09-27 19:12:07 - [TEST_STEP][PASSED] - verifyElementText(findTestObject("Page_cabi Order Items/no_result_found"), "No Results Found!", CONTINUE_ON_FAILURE): Actual text and expected text of test object 'Object Repository/Page_cabi Order Items/no_result_found' are matched.

2019-09-27 19:12:08 - [MESSAGE][PASSED] - Actual text and expected text of test object 'Object Repository/Page_cabi Order Items/no_result_found' are matched.

2019-09-27 19:12:08 - [TEST_STEP][PASSED] - setText(findTestObject("Object Repository/Page_cabi Order Items/input_New Arrivals - Blooming Blush_style"), findTestData("productData").getValue("Style", row)): Text '3865' is set on object 'Object Repository/Page_cabi Order Items/input_New Arrivals - Blooming Blush_style'

2019-09-27 19:12:08 - [MESSAGE][PASSED] - Text '3865' is set on object 'Object Repository/Page_cabi Order Items/input_New Arrivals - Blooming Blush_style'

2019-09-27 19:12:08 - [TEST_STEP][PASSED] - sendKeys(findTestObject("Object Repository/Page_cabi Order Items/input_New Arrivals - Blooming Blush_style"), Keys.chord(ENTER)): Keys 'ENTER + ' sent to object: 'Object Repository/Page_cabi Order Items/input_New Arrivals - Blooming Blush_style'

2019-09-27 19:12:08 - [MESSAGE][PASSED] - Keys 'ENTER + ' sent to object: 'Object Repository/Page_cabi Order Items/input_New Arrivals - Blooming Blush_style'

2019-09-27 19:12:08 - [TEST_STEP][PASSED] - delay(5): Delayed 5 second(s)

2019-09-27 19:12:13 - [MESSAGE][PASSED] - Delayed 5 second(s)

2019-09-27 19:12:13 - [TEST_STEP][PASSED] - if (toString().equalsIgnoreCase("no")): Actual text and expected text of test object 'Object Repository/Page_cabi Order Items/no_result_found' are matched.

2019-09-27 19:12:13 - [TEST_STEP][PASSED] - delay(2): Delayed 2 second(s)

2019-09-27 19:12:15 - [MESSAGE][PASSED] - Delayed 2 second(s)

2019-09-27 19:12:15 - [TEST_STEP][PASSED] - noResultMessages = findWebElements(findTestObject("Page_cabi Order Items/no_result_found"), 5): null

2019-09-27 19:12:15 - [TEST_STEP][PASSED] - println(noResultMessages.size()): null

2019-09-27 19:12:15 - [TEST_STEP][PASSED] - assert noResultMessages.size() > 0: null

2019-09-27 19:12:15 - [TEST_STEP][PASSED] - verifyElementText(findTestObject("Page_cabi Order Items/no_result_found"), "No Results Found!", CONTINUE_ON_FAILURE): Actual text and expected text of test object 'Object Repository/Page_cabi Order Items/no_result_found' are matched.

2019-09-27 19:12:15 - [MESSAGE][PASSED] - Actual text and expected text of test object 'Object Repository/Page_cabi Order Items/no_result_found' are matched.

2019-09-27 19:12:15 - [TEST_STEP][PASSED] - setText(findTestObject("Object Repository/Page_cabi Order Items/input_New Arrivals - Blooming Blush_style"), findTestData("productData").getValue("Style", row)): Text '3843' is set on object 'Object Repository/Page_cabi Order Items/input_New Arrivals - Blooming Blush_style'

2019-09-27 19:12:15 - [MESSAGE][PASSED] - Text '3843' is set on object 'Object Repository/Page_cabi Order Items/input_New Arrivals - Blooming Blush_style'

2019-09-27 19:12:15 - [TEST_STEP][PASSED] - sendKeys(findTestObject("Object Repository/Page_cabi Order Items/input_New Arrivals - Blooming Blush_style"), Keys.chord(ENTER)): Keys 'ENTER + ' sent to object: 'Object Repository/Page_cabi Order Items/input_New Arrivals - Blooming Blush_style'

2019-09-27 19:12:15 - [MESSAGE][PASSED] - Keys 'ENTER + ' sent to object: 'Object Repository/Page_cabi Order Items/input_New Arrivals - Blooming Blush_style'

2019-09-27 19:12:15 - [TEST_STEP][PASSED] - delay(5): Delayed 5 second(s)

2019-09-27 19:12:20 - [MESSAGE][PASSED] - Delayed 5 second(s)

2019-09-27 19:12:20 - [TEST_STEP][PASSED] - if (toString().equalsIgnoreCase("no")): Actual text and expected text of test object 'Object Repository/Page_cabi Order Items/no_result_found' are matched.

2019-09-27 19:12:20 - [TEST_STEP][PASSED] - delay(2): Delayed 2 second(s)

2019-09-27 19:12:22 - [MESSAGE][PASSED] - Delayed 2 second(s)

2019-09-27 19:12:22 - [TEST_STEP][PASSED] - noResultMessages = findWebElements(findTestObject("Page_cabi Order Items/no_result_found"), 5): null

2019-09-27 19:12:22 - [TEST_STEP][PASSED] - println(noResultMessages.size()): null

2019-09-27 19:12:22 - [TEST_STEP][PASSED] - assert noResultMessages.size() > 0: null

2019-09-27 19:12:22 - [TEST_STEP][PASSED] - verifyElementText(findTestObject("Page_cabi Order Items/no_result_found"), "No Results Found!", CONTINUE_ON_FAILURE): Actual text and expected text of test object 'Object Repository/Page_cabi Order Items/no_result_found' are matched.

2019-09-27 19:12:22 - [MESSAGE][PASSED] - Actual text and expected text of test object 'Object Repository/Page_cabi Order Items/no_result_found' are matched.

2019-09-27 19:12:22 - [TEST_STEP][PASSED] - setText(findTestObject("Object Repository/Page_cabi Order Items/input_New Arrivals - Blooming Blush_style"), findTestData("productData").getValue("Style", row)): Text '3846' is set on object 'Object Repository/Page_cabi Order Items/input_New Arrivals - Blooming Blush_style'

2019-09-27 19:12:22 - [MESSAGE][PASSED] - Text '3846' is set on object 'Object Repository/Page_cabi Order Items/input_New Arrivals - Blooming Blush_style'

2019-09-27 19:12:22 - [TEST_STEP][PASSED] - sendKeys(findTestObject("Object Repository/Page_cabi Order Items/input_New Arrivals - Blooming Blush_style"), Keys.chord(ENTER)): Keys 'ENTER + ' sent to object: 'Object Repository/Page_cabi Order Items/input_New Arrivals - Blooming Blush_style'

2019-09-27 19:12:22 - [MESSAGE][PASSED] - Keys 'ENTER + ' sent to object: 'Object Repository/Page_cabi Order Items/input_New Arrivals - Blooming Blush_style'

2019-09-27 19:12:22 - [TEST_STEP][PASSED] - delay(5): Delayed 5 second(s)

2019-09-27 19:12:27 - [MESSAGE][PASSED] - Delayed 5 second(s)

2019-09-27 19:12:27 - [TEST_STEP][PASSED] - if (toString().equalsIgnoreCase("no")): Actual text and expected text of test object 'Object Repository/Page_cabi Order Items/no_result_found' are matched.

2019-09-27 19:12:27 - [TEST_STEP][PASSED] - delay(2): Delayed 2 second(s)

2019-09-27 19:12:29 - [MESSAGE][PASSED] - Delayed 2 second(s)

2019-09-27 19:12:29 - [TEST_STEP][PASSED] - noResultMessages = findWebElements(findTestObject("Page_cabi Order Items/no_result_found"), 5): null

2019-09-27 19:12:29 - [TEST_STEP][PASSED] - println(noResultMessages.size()): null

2019-09-27 19:12:29 - [TEST_STEP][PASSED] - assert noResultMessages.size() > 0: null

2019-09-27 19:12:29 - [TEST_STEP][PASSED] - verifyElementText(findTestObject("Page_cabi Order Items/no_result_found"), "No Results Found!", CONTINUE_ON_FAILURE): Actual text and expected text of test object 'Object Repository/Page_cabi Order Items/no_result_found' are matched.

2019-09-27 19:12:29 - [MESSAGE][PASSED] - Actual text and expected text of test object 'Object Repository/Page_cabi Order Items/no_result_found' are matched.

2019-09-27 19:12:29 - [TEST_STEP][PASSED] - setText(findTestObject("Object Repository/Page_cabi Order Items/input_New Arrivals - Blooming Blush_style"), findTestData("productData").getValue("Style", row)): Text '3861' is set on object 'Object Repository/Page_cabi Order Items/input_New Arrivals - Blooming Blush_style'

2019-09-27 19:12:29 - [MESSAGE][PASSED] - Text '3861' is set on object 'Object Repository/Page_cabi Order Items/input_New Arrivals - Blooming Blush_style'

2019-09-27 19:12:29 - [TEST_STEP][PASSED] - sendKeys(findTestObject("Object Repository/Page_cabi Order Items/input_New Arrivals - Blooming Blush_style"), Keys.chord(ENTER)): Keys 'ENTER + ' sent to object: 'Object Repository/Page_cabi Order Items/input_New Arrivals - Blooming Blush_style'

2019-09-27 19:12:29 - [MESSAGE][PASSED] - Keys 'ENTER + ' sent to object: 'Object Repository/Page_cabi Order Items/input_New Arrivals - Blooming Blush_style'

2019-09-27 19:12:29 - [TEST_STEP][PASSED] - delay(5): Delayed 5 second(s)

2019-09-27 19:12:34 - [MESSAGE][PASSED] - Delayed 5 second(s)

2019-09-27 19:12:34 - [TEST_STEP][PASSED] - if (toString().equalsIgnoreCase("no")): Actual text and expected text of test object 'Object Repository/Page_cabi Order Items/no_result_found' are matched.

2019-09-27 19:12:34 - [TEST_STEP][PASSED] - delay(2): Delayed 2 second(s)

2019-09-27 19:12:36 - [MESSAGE][PASSED] - Delayed 2 second(s)

2019-09-27 19:12:36 - [TEST_STEP][PASSED] - noResultMessages = findWebElements(findTestObject("Page_cabi Order Items/no_result_found"), 5): null

2019-09-27 19:12:36 - [TEST_STEP][PASSED] - println(noResultMessages.size()): null

2019-09-27 19:12:36 - [TEST_STEP][PASSED] - assert noResultMessages.size() > 0: null

2019-09-27 19:12:36 - [TEST_STEP][PASSED] - verifyElementText(findTestObject("Page_cabi Order Items/no_result_found"), "No Results Found!", CONTINUE_ON_FAILURE): Actual text and expected text of test object 'Object Repository/Page_cabi Order Items/no_result_found' are matched.

2019-09-27 19:12:37 - [MESSAGE][PASSED] - Actual text and expected text of test object 'Object Repository/Page_cabi Order Items/no_result_found' are matched.

2019-09-27 19:12:37 - [TEST_STEP][PASSED] - setText(findTestObject("Object Repository/Page_cabi Order Items/input_New Arrivals - Blooming Blush_style"), findTestData("productData").getValue("Style", row)): Text '3863' is set on object 'Object Repository/Page_cabi Order Items/input_New Arrivals - Blooming Blush_style'

2019-09-27 19:12:37 - [MESSAGE][PASSED] - Text '3863' is set on object 'Object Repository/Page_cabi Order Items/input_New Arrivals - Blooming Blush_style'

2019-09-27 19:12:37 - [TEST_STEP][PASSED] - sendKeys(findTestObject("Object Repository/Page_cabi Order Items/input_New Arrivals - Blooming Blush_style"), Keys.chord(ENTER)): Keys 'ENTER + ' sent to object: 'Object Repository/Page_cabi Order Items/input_New Arrivals - Blooming Blush_style'

2019-09-27 19:12:37 - [MESSAGE][PASSED] - Keys 'ENTER + ' sent to object: 'Object Repository/Page_cabi Order Items/input_New Arrivals - Blooming Blush_style'

2019-09-27 19:12:37 - [TEST_STEP][PASSED] - delay(5): Delayed 5 second(s)

2019-09-27 19:12:42 - [MESSAGE][PASSED] - Delayed 5 second(s)

2019-09-27 19:12:42 - [TEST_STEP][PASSED] - if (toString().equalsIgnoreCase("no")): Actual text and expected text of test object 'Object Repository/Page_cabi Order Items/no_result_found' are matched.

2019-09-27 19:12:42 - [TEST_STEP][PASSED] - delay(2): Delayed 2 second(s)

2019-09-27 19:12:44 - [MESSAGE][PASSED] - Delayed 2 second(s)

2019-09-27 19:12:44 - [TEST_STEP][PASSED] - noResultMessages = findWebElements(findTestObject("Page_cabi Order Items/no_result_found"), 5): null

2019-09-27 19:12:44 - [TEST_STEP][PASSED] - println(noResultMessages.size()): null

2019-09-27 19:12:44 - [TEST_STEP][PASSED] - assert noResultMessages.size() > 0: null

2019-09-27 19:12:44 - [TEST_STEP][PASSED] - verifyElementText(findTestObject("Page_cabi Order Items/no_result_found"), "No Results Found!", CONTINUE_ON_FAILURE): Actual text and expected text of test object 'Object Repository/Page_cabi Order Items/no_result_found' are matched.

2019-09-27 19:12:44 - [MESSAGE][PASSED] - Actual text and expected text of test object 'Object Repository/Page_cabi Order Items/no_result_found' are matched.

2019-09-27 19:12:44 - [TEST_STEP][PASSED] - setText(findTestObject("Object Repository/Page_cabi Order Items/input_New Arrivals - Blooming Blush_style"), findTestData("productData").getValue("Style", row)): Text '3850' is set on object 'Object Repository/Page_cabi Order Items/input_New Arrivals - Blooming Blush_style'

2019-09-27 19:12:44 - [MESSAGE][PASSED] - Text '3850' is set on object 'Object Repository/Page_cabi Order Items/input_New Arrivals - Blooming Blush_style'

2019-09-27 19:12:44 - [TEST_STEP][PASSED] - sendKeys(findTestObject("Object Repository/Page_cabi Order Items/input_New Arrivals - Blooming Blush_style"), Keys.chord(ENTER)): Keys 'ENTER + ' sent to object: 'Object Repository/Page_cabi Order Items/input_New Arrivals - Blooming Blush_style'

2019-09-27 19:12:44 - [MESSAGE][PASSED] - Keys 'ENTER + ' sent to object: 'Object Repository/Page_cabi Order Items/input_New Arrivals - Blooming Blush_style'

2019-09-27 19:12:44 - [TEST_STEP][PASSED] - delay(5): Delayed 5 second(s)

2019-09-27 19:12:49 - [MESSAGE][PASSED] - Delayed 5 second(s)

2019-09-27 19:12:49 - [TEST_STEP][PASSED] - if (toString().equalsIgnoreCase("no")): Actual text and expected text of test object 'Object Repository/Page_cabi Order Items/no_result_found' are matched.

2019-09-27 19:12:49 - [TEST_STEP][PASSED] - delay(2): Delayed 2 second(s)

2019-09-27 19:12:51 - [MESSAGE][PASSED] - Delayed 2 second(s)

2019-09-27 19:12:51 - [TEST_STEP][PASSED] - noResultMessages = findWebElements(findTestObject("Page_cabi Order Items/no_result_found"), 5): null

2019-09-27 19:12:51 - [TEST_STEP][PASSED] - println(noResultMessages.size()): null

2019-09-27 19:12:51 - [TEST_STEP][PASSED] - assert noResultMessages.size() > 0: null

2019-09-27 19:12:51 - [TEST_STEP][PASSED] - verifyElementText(findTestObject("Page_cabi Order Items/no_result_found"), "No Results Found!", CONTINUE_ON_FAILURE): Actual text and expected text of test object 'Object Repository/Page_cabi Order Items/no_result_found' are matched.

2019-09-27 19:12:51 - [MESSAGE][PASSED] - Actual text and expected text of test object 'Object Repository/Page_cabi Order Items/no_result_found' are matched.

2019-09-27 19:12:51 - [MESSAGE][PASSED] - Call Test Case 'Test Cases/NewArrival/productVerify' successfully

2019-09-27 19:12:51 - [TEST_STEP][PASSED] - callTestCase(findTestCase("NewArrival/populateTimeGlobalVars"), ["row":timeRow], CONTINUE_ON_FAILURE): Call Test Case 'Test Cases/NewArrival/populateTimeGlobalVars' successfully

2019-09-27 19:12:51 - [TEST_CASE][PASSED] - Test Cases/NewArrival/populateTimeGlobalVars: Test Cases/NewArrival/populateTimeGlobalVars

2019-09-27 19:12:51 - [TEST_STEP][PASSED] - dataFile = "timezoneData": null

2019-09-27 19:12:51 - [TEST_STEP][PASSED] - clockServerTarget = UtilityMethods.getTestData("envtData", "clockServerTarget", 1): null

2019-09-27 19:12:51 - [TEST_STEP][PASSED] - println(clockServerTarget): null

2019-09-27 19:12:51 - [TEST_STEP][PASSED] - orderType = UtilityMethods.getTestData(dataFile, "orderType", row): null

2019-09-27 19:12:51 - [TEST_STEP][PASSED] - timeZone = UtilityMethods.getTestData(dataFile, "timeZone", row): null

2019-09-27 19:12:51 - [TEST_STEP][PASSED] - BOPersonal = UtilityMethods.getTestData(dataFile, "BOPersonal", row): null

2019-09-27 19:12:51 - [TEST_STEP][PASSED] - BOAddonPersonal = UtilityMethods.getTestData(dataFile, "BOAddonPersonal", row): null

2019-09-27 19:12:51 - [TEST_STEP][PASSED] - BOAddonRetail = UtilityMethods.getTestData(dataFile, "BOAddonRetail", row): null

2019-09-27 19:12:51 - [TEST_STEP][PASSED] - BORetail = UtilityMethods.getTestData(dataFile, "BORetail", row): null

2019-09-27 19:12:51 - [TEST_STEP][PASSED] - BOShow = UtilityMethods.getTestData(dataFile, "BOShow", row): null

2019-09-27 19:12:51 - [TEST_STEP][PASSED] - BOOnlineoutlet = UtilityMethods.getTestData(dataFile, "BOOnlineoutlet", row): null

2019-09-27 19:12:51 - [TEST_STEP][PASSED] - BOEmployee = UtilityMethods.getTestData(dataFile, "BOEmployee", row): null

2019-09-27 19:12:51 - [TEST_STEP][PASSED] - CCPersonal = UtilityMethods.getTestData(dataFile, "CCPersonal", row): null

2019-09-27 19:12:51 - [TEST_STEP][PASSED] - CCRetail = UtilityMethods.getTestData(dataFile, "CCRetail", row): null

2019-09-27 19:12:51 - [TEST_STEP][PASSED] - CCShow = UtilityMethods.getTestData(dataFile, "CCShow", row): null

2019-09-27 19:12:51 - [TEST_STEP][PASSED] - BOEblast = UtilityMethods.getTestData(dataFile, "BOEblast", row): null

2019-09-27 19:12:51 - [TEST_STEP][PASSED] - println(row): null

2019-09-27 19:12:52 - [TEST_STEP][PASSED] - println(BOPersonal): null

2019-09-27 19:12:52 - [MESSAGE][PASSED] - Call Test Case 'Test Cases/NewArrival/populateTimeGlobalVars' successfully

2019-09-27 19:12:52 - [TEST_STEP][PASSED] - callTestCase(findTestCase("NewArrival/setTimezone"), ["ofbizURL":"", "ofbizuser":"", "ofbizpass":"", "orderType":orderType, "timeZone":timeZone, "serverTarget":serverTarget, "clockServerTarget":clockServerTarget], CONTINUE_ON_FAILURE): Call Test Case 'Test Cases/NewArrival/setTimezone' successfully

2019-09-27 19:12:52 - [TEST_CASE][PASSED] - Test Cases/NewArrival/setTimezone: Test Cases/NewArrival/setTimezone

2019-09-27 19:12:52 - [TEST_STEP][PASSED] - openBrowser(""): Browser is opened with url: ''

2019-09-27 19:12:52 - [MESSAGE][WARNING] - A browser is already opened. Closing browser and opening a new one

2019-09-27 19:12:52 - [MESSAGE][INFO] - Starting 'Chrome' driver

2019-09-27 19:12:52 - [MESSAGE][INFO] - User set preference: ['args', '[--use-fake-ui-for-media-stream, --start-maximized]']

2019-09-27 19:12:54 - [MESSAGE][PASSED] - Browser is opened with url: ''

2019-09-27 19:12:54 - [TEST_STEP][NOT_RUN] - maximizeWindow(): NOT_RUN: maximizeWindow()

2019-09-27 19:12:54 - [MESSAGE][NOT_RUN] - NOT_RUN: maximizeWindow()

2019-09-27 19:12:54 - [TEST_STEP][PASSED] - ofbizURL = findTestData("envtData").getValue("ofbizURL", 1): null

2019-09-27 19:12:54 - [TEST_STEP][PASSED] - ofbizuser = findTestData("credData").getValue("ofbizuser", 1): null

2019-09-27 19:12:54 - [TEST_STEP][PASSED] - ofbizpass = findTestData("credData").getValue("ofbizpass", 1): null

2019-09-27 19:12:55 - [TEST_STEP][PASSED] - navigateToUrl(ofbizURL): Navigate to 'https://pushofbiz.cliotest.com/login.php' successfully

2019-09-27 19:12:56 - [MESSAGE][PASSED] - Navigate to 'https://pushofbiz.cliotest.com/login.php' successfully

2019-09-27 19:12:56 - [TEST_STEP][PASSED] - setText(findTestObject("Page_/input_Username_username"), ofbizuser): Text 'automation' is set on object 'Object Repository/Page_/input_Username_username'

2019-09-27 19:12:57 - [MESSAGE][PASSED] - Text 'automation' is set on object 'Object Repository/Page_/input_Username_username'

2019-09-27 19:12:57 - [TEST_STEP][PASSED] - setText(findTestObject("Page_/input_Password_password"), ofbizpass): Text 'cabiautomation' is set on object 'Object Repository/Page_/input_Password_password'

2019-09-27 19:12:57 - [MESSAGE][PASSED] - Text 'cabiautomation' is set on object 'Object Repository/Page_/input_Password_password'

2019-09-27 19:12:57 - [TEST_STEP][PASSED] - click(findTestObject("Page_/input_Password_Submit")): Object: 'Object Repository/Page_/input_Password_Submit' is clicked on

2019-09-27 19:13:01 - [MESSAGE][PASSED] - Object: 'Object Repository/Page_/input_Password_Submit' is clicked on

2019-09-27 19:13:01 - [TEST_STEP][PASSED] - click(findTestObject("Object Repository/Page_/a_Clock set")): Object: 'Object Repository/Page_/a_Clock set' is clicked on

2019-09-27 19:13:02 - [MESSAGE][PASSED] - Object: 'Object Repository/Page_/a_Clock set' is clicked on

2019-09-27 19:13:02 - [TEST_STEP][PASSED] - cst = UtilityMethods.createTestObject("select_target", "//select[@name='Target']/option[contains(text(), '", clockServerTarget, "')]"): null

2019-09-27 19:13:02 - [TEST_STEP][PASSED] - println(clockServerTarget): null

2019-09-27 19:13:02 - [TEST_STEP][PASSED] - click(cst): Object: 'select_target' is clicked on

2019-09-27 19:13:02 - [MESSAGE][PASSED] - Object: 'select_target' is clicked on

2019-09-27 19:13:02 - [TEST_STEP][PASSED] - click(findTestObject("Page_/thisDateAndTime")): Object: 'Object Repository/Page_/thisDateAndTime' is clicked on

2019-09-27 19:13:02 - [MESSAGE][PASSED] - Object: 'Object Repository/Page_/thisDateAndTime' is clicked on

2019-09-27 19:13:02 - [TEST_STEP][PASSED] - setText(findTestObject("Object Repository/Page_/setTargetTime"), timeZone): Text ' 11/01/2019 12:00' is set on object 'Object Repository/Page_/setTargetTime'

2019-09-27 19:13:02 - [MESSAGE][PASSED] - Text ' 11/01/2019 12:00' is set on object 'Object Repository/Page_/setTargetTime'

2019-09-27 19:13:02 - [TEST_STEP][PASSED] - click(findTestObject("Object Repository/Page_/input")): Object: 'Object Repository/Page_/input' is clicked on

2019-09-27 19:13:03 - [MESSAGE][PASSED] - Object: 'Object Repository/Page_/input' is clicked on

2019-09-27 19:13:03 - [TEST_STEP][PASSED] - delay(10): Delayed 10 second(s)

2019-09-27 19:13:13 - [MESSAGE][PASSED] - Delayed 10 second(s)

2019-09-27 19:13:13 - [TEST_STEP][NOT_RUN] - closeBrowser(): NOT_RUN: closeBrowser()

2019-09-27 19:13:13 - [MESSAGE][NOT_RUN] - NOT_RUN: closeBrowser()

2019-09-27 19:13:13 - [MESSAGE][PASSED] - Call Test Case 'Test Cases/NewArrival/setTimezone' successfully

2019-09-27 19:13:13 - [TEST_STEP][PASSED] - callTestCase(findTestCase("TestCaseUtilities/backOfficeLogin"), ["BOURL":"", "BOuser":"", "BOpass":""], CONTINUE_ON_FAILURE): Call Test Case 'Test Cases/TestCaseUtilities/backOfficeLogin' successfully

2019-09-27 19:13:13 - [TEST_CASE][PASSED] - Test Cases/TestCaseUtilities/backOfficeLogin: Test Cases/TestCaseUtilities/backOfficeLogin

2019-09-27 19:13:13 - [TEST_STEP][PASSED] - BOURL = findTestData("envtData").getValue("BOURL", 1): null

2019-09-27 19:13:13 - [TEST_STEP][PASSED] - BOuser = findTestData("credData").getValue("BOuser", 1): null

2019-09-27 19:13:13 - [TEST_STEP][PASSED] - BOpass = findTestData("credData").getValue("BOpass", 1): null

2019-09-27 19:13:13 - [TEST_STEP][PASSED] - openBrowser(""): Browser is opened with url: ''

2019-09-27 19:13:13 - [MESSAGE][WARNING] - A browser is already opened. Closing browser and opening a new one

2019-09-27 19:13:13 - [MESSAGE][INFO] - Starting 'Chrome' driver

2019-09-27 19:13:13 - [MESSAGE][INFO] - User set preference: ['args', '[--use-fake-ui-for-media-stream, --start-maximized]']

2019-09-27 19:13:15 - [MESSAGE][PASSED] - Browser is opened with url: ''

2019-09-27 19:13:15 - [TEST_STEP][PASSED] - navigateToUrl(BOURL): Navigate to 'https://test4.cliotest.com/backoffice/control/main' successfully

2019-09-27 19:13:23 - [MESSAGE][PASSED] - Navigate to 'https://test4.cliotest.com/backoffice/control/main' successfully

2019-09-27 19:13:23 - [TEST_STEP][PASSED] - logOut = findWebElements(findTestObject("Object Repository/Page_cabi Home/log_out"), 1): Unable to find the element located by 'By.xpath: //a[contains(text(),'Log Out')]'. Please recheck the objects properties to make sure the desired element is located. 

2019-09-27 19:13:24 - [MESSAGE][INFO] - Unable to find the element located by 'By.xpath: //a[contains(text(),'Log Out')]'. Please recheck the objects properties to make sure the desired element is located. 

2019-09-27 19:13:24 - [TEST_STEP][PASSED] - if (logOut.size() == 0): Object: 'Object Repository/Page_cabi/input_Welcome to_consultantLogin' is clicked on

2019-09-27 19:13:24 - [TEST_STEP][PASSED] - setText(findTestObject("Page_cabi/input_Welcome to_USERNAME"), BOuser): Text '400000002' is set on object 'Object Repository/Page_cabi/input_Welcome to_USERNAME'

2019-09-27 19:13:24 - [MESSAGE][PASSED] - Text '400000002' is set on object 'Object Repository/Page_cabi/input_Welcome to_USERNAME'

2019-09-27 19:13:24 - [TEST_STEP][PASSED] - setText(findTestObject("Object Repository/Page_cabi/input_Welcome to_PASSWORD"), BOpass): Text 'blackdress19' is set on object 'Object Repository/Page_cabi/input_Welcome to_PASSWORD'

2019-09-27 19:13:24 - [MESSAGE][PASSED] - Text 'blackdress19' is set on object 'Object Repository/Page_cabi/input_Welcome to_PASSWORD'

2019-09-27 19:13:24 - [TEST_STEP][PASSED] - click(findTestObject("Object Repository/Page_cabi/input_Welcome to_consultantLogin")): Object: 'Object Repository/Page_cabi/input_Welcome to_consultantLogin' is clicked on

2019-09-27 19:13:36 - [MESSAGE][PASSED] - Object: 'Object Repository/Page_cabi/input_Welcome to_consultantLogin' is clicked on

2019-09-27 19:13:36 - [TEST_STEP][PASSED] - delay(3): Delayed 3 second(s)

2019-09-27 19:13:39 - [MESSAGE][PASSED] - Delayed 3 second(s)

2019-09-27 19:13:39 - [MESSAGE][PASSED] - Call Test Case 'Test Cases/TestCaseUtilities/backOfficeLogin' successfully

2019-09-27 19:13:39 - [TEST_STEP][PASSED] - click(findTestObject("Object Repository/Page_cabi Home/a_Shows  Orders")): Object: 'Object Repository/Page_cabi Home/a_Shows  Orders' is clicked on

2019-09-27 19:13:39 - [MESSAGE][PASSED] - Object: 'Object Repository/Page_cabi Home/a_Shows  Orders' is clicked on

2019-09-27 19:13:39 - [TEST_STEP][PASSED] - delay(3): Delayed 3 second(s)

2019-09-27 19:13:42 - [MESSAGE][PASSED] - Delayed 3 second(s)

2019-09-27 19:13:42 - [TEST_STEP][PASSED] - rightClick(findTestObject("Page_cabi Home/a_online_outline_purchases")): Object: 'Object Repository/Page_cabi Home/a_online_outline_purchases' is right clicked on

2019-09-27 19:13:42 - [MESSAGE][PASSED] - Object: 'Object Repository/Page_cabi Home/a_online_outline_purchases' is right clicked on

2019-09-27 19:13:42 - [TEST_STEP][PASSED] - click(findTestObject("Page_cabi Home/a_online_outline_purchases")): Object: 'Object Repository/Page_cabi Home/a_online_outline_purchases' is clicked on

2019-09-27 19:13:46 - [MESSAGE][PASSED] - Object: 'Object Repository/Page_cabi Home/a_online_outline_purchases' is clicked on

2019-09-27 19:13:46 - [TEST_STEP][PASSED] - click(findTestObject("Object Repository/Page_cabi Online Outlet Store/span_Continue to Order")): Object: 'Object Repository/Page_cabi Online Outlet Store/span_Continue to Order' is clicked on

2019-09-27 19:13:46 - [MESSAGE][PASSED] - Object: 'Object Repository/Page_cabi Online Outlet Store/span_Continue to Order' is clicked on

2019-09-27 19:13:46 - [TEST_STEP][PASSED] - callTestCase(findTestCase("NewArrival/productVerify"), ["available":BOOnlineoutlet, "storeType":"BOOnlineoutlet"], CONTINUE_ON_FAILURE): Call Test Case 'Test Cases/NewArrival/productVerify' successfully

2019-09-27 19:13:46 - [TEST_CASE][PASSED] - Test Cases/NewArrival/productVerify: Test Cases/NewArrival/productVerify

2019-09-27 19:13:46 - [TEST_STEP][PASSED] - for ([row = 1, row <= findTestData("productData").getRowNumbers(), (row++)]): Actual text and expected text of test object 'Object Repository/Page_cabi Order Items/no_result_found' are matched.

2019-09-27 19:13:46 - [TEST_STEP][PASSED] - setText(findTestObject("Object Repository/Page_cabi Order Items/input_New Arrivals - Blooming Blush_style"), findTestData("productData").getValue("Style", row)): Text '3875' is set on object 'Object Repository/Page_cabi Order Items/input_New Arrivals - Blooming Blush_style'

2019-09-27 19:13:48 - [MESSAGE][PASSED] - Text '3875' is set on object 'Object Repository/Page_cabi Order Items/input_New Arrivals - Blooming Blush_style'

2019-09-27 19:13:48 - [TEST_STEP][PASSED] - sendKeys(findTestObject("Object Repository/Page_cabi Order Items/input_New Arrivals - Blooming Blush_style"), Keys.chord(ENTER)): Keys 'ENTER + ' sent to object: 'Object Repository/Page_cabi Order Items/input_New Arrivals - Blooming Blush_style'

2019-09-27 19:13:48 - [MESSAGE][PASSED] - Keys 'ENTER + ' sent to object: 'Object Repository/Page_cabi Order Items/input_New Arrivals - Blooming Blush_style'

2019-09-27 19:13:48 - [TEST_STEP][PASSED] - delay(5): Delayed 5 second(s)

2019-09-27 19:13:53 - [MESSAGE][PASSED] - Delayed 5 second(s)

2019-09-27 19:13:53 - [TEST_STEP][PASSED] - if (toString().equalsIgnoreCase("no")): Actual text and expected text of test object 'Object Repository/Page_cabi Order Items/no_result_found' are matched.

2019-09-27 19:13:53 - [TEST_STEP][PASSED] - delay(2): Delayed 2 second(s)

2019-09-27 19:13:55 - [MESSAGE][PASSED] - Delayed 2 second(s)

2019-09-27 19:13:55 - [TEST_STEP][PASSED] - noResultMessages = findWebElements(findTestObject("Page_cabi Order Items/no_result_found"), 5): null

2019-09-27 19:13:55 - [TEST_STEP][PASSED] - println(noResultMessages.size()): null

2019-09-27 19:13:55 - [TEST_STEP][PASSED] - assert noResultMessages.size() > 0: null

2019-09-27 19:13:55 - [TEST_STEP][PASSED] - verifyElementText(findTestObject("Page_cabi Order Items/no_result_found"), "No Results Found!", CONTINUE_ON_FAILURE): Actual text and expected text of test object 'Object Repository/Page_cabi Order Items/no_result_found' are matched.

2019-09-27 19:13:55 - [MESSAGE][PASSED] - Actual text and expected text of test object 'Object Repository/Page_cabi Order Items/no_result_found' are matched.

2019-09-27 19:13:55 - [TEST_STEP][PASSED] - setText(findTestObject("Object Repository/Page_cabi Order Items/input_New Arrivals - Blooming Blush_style"), findTestData("productData").getValue("Style", row)): Text '3869' is set on object 'Object Repository/Page_cabi Order Items/input_New Arrivals - Blooming Blush_style'

2019-09-27 19:13:55 - [MESSAGE][PASSED] - Text '3869' is set on object 'Object Repository/Page_cabi Order Items/input_New Arrivals - Blooming Blush_style'

2019-09-27 19:13:55 - [TEST_STEP][PASSED] - sendKeys(findTestObject("Object Repository/Page_cabi Order Items/input_New Arrivals - Blooming Blush_style"), Keys.chord(ENTER)): Keys 'ENTER + ' sent to object: 'Object Repository/Page_cabi Order Items/input_New Arrivals - Blooming Blush_style'

2019-09-27 19:13:55 - [MESSAGE][PASSED] - Keys 'ENTER + ' sent to object: 'Object Repository/Page_cabi Order Items/input_New Arrivals - Blooming Blush_style'

2019-09-27 19:13:55 - [TEST_STEP][PASSED] - delay(5): Delayed 5 second(s)

2019-09-27 19:14:00 - [MESSAGE][PASSED] - Delayed 5 second(s)

2019-09-27 19:14:00 - [TEST_STEP][PASSED] - if (toString().equalsIgnoreCase("no")): Actual text and expected text of test object 'Object Repository/Page_cabi Order Items/no_result_found' are matched.

2019-09-27 19:14:00 - [TEST_STEP][PASSED] - delay(2): Delayed 2 second(s)

2019-09-27 19:14:02 - [MESSAGE][PASSED] - Delayed 2 second(s)

2019-09-27 19:14:02 - [TEST_STEP][PASSED] - noResultMessages = findWebElements(findTestObject("Page_cabi Order Items/no_result_found"), 5): null

2019-09-27 19:14:02 - [TEST_STEP][PASSED] - println(noResultMessages.size()): null

2019-09-27 19:14:02 - [TEST_STEP][PASSED] - assert noResultMessages.size() > 0: null

2019-09-27 19:14:02 - [TEST_STEP][PASSED] - verifyElementText(findTestObject("Page_cabi Order Items/no_result_found"), "No Results Found!", CONTINUE_ON_FAILURE): Actual text and expected text of test object 'Object Repository/Page_cabi Order Items/no_result_found' are matched.

2019-09-27 19:14:02 - [MESSAGE][PASSED] - Actual text and expected text of test object 'Object Repository/Page_cabi Order Items/no_result_found' are matched.

2019-09-27 19:14:02 - [TEST_STEP][PASSED] - setText(findTestObject("Object Repository/Page_cabi Order Items/input_New Arrivals - Blooming Blush_style"), findTestData("productData").getValue("Style", row)): Text '3870' is set on object 'Object Repository/Page_cabi Order Items/input_New Arrivals - Blooming Blush_style'

2019-09-27 19:14:02 - [MESSAGE][PASSED] - Text '3870' is set on object 'Object Repository/Page_cabi Order Items/input_New Arrivals - Blooming Blush_style'

2019-09-27 19:14:02 - [TEST_STEP][PASSED] - sendKeys(findTestObject("Object Repository/Page_cabi Order Items/input_New Arrivals - Blooming Blush_style"), Keys.chord(ENTER)): Keys 'ENTER + ' sent to object: 'Object Repository/Page_cabi Order Items/input_New Arrivals - Blooming Blush_style'

2019-09-27 19:14:02 - [MESSAGE][PASSED] - Keys 'ENTER + ' sent to object: 'Object Repository/Page_cabi Order Items/input_New Arrivals - Blooming Blush_style'

2019-09-27 19:14:02 - [TEST_STEP][PASSED] - delay(5): Delayed 5 second(s)

2019-09-27 19:14:07 - [MESSAGE][PASSED] - Delayed 5 second(s)

2019-09-27 19:14:07 - [TEST_STEP][PASSED] - if (toString().equalsIgnoreCase("no")): Actual text and expected text of test object 'Object Repository/Page_cabi Order Items/no_result_found' are matched.

2019-09-27 19:14:07 - [TEST_STEP][PASSED] - delay(2): Delayed 2 second(s)

2019-09-27 19:14:09 - [MESSAGE][PASSED] - Delayed 2 second(s)

2019-09-27 19:14:09 - [TEST_STEP][PASSED] - noResultMessages = findWebElements(findTestObject("Page_cabi Order Items/no_result_found"), 5): null

2019-09-27 19:14:09 - [TEST_STEP][PASSED] - println(noResultMessages.size()): null

2019-09-27 19:14:09 - [TEST_STEP][PASSED] - assert noResultMessages.size() > 0: null

2019-09-27 19:14:09 - [TEST_STEP][PASSED] - verifyElementText(findTestObject("Page_cabi Order Items/no_result_found"), "No Results Found!", CONTINUE_ON_FAILURE): Actual text and expected text of test object 'Object Repository/Page_cabi Order Items/no_result_found' are matched.

2019-09-27 19:14:09 - [MESSAGE][PASSED] - Actual text and expected text of test object 'Object Repository/Page_cabi Order Items/no_result_found' are matched.

2019-09-27 19:14:09 - [TEST_STEP][PASSED] - setText(findTestObject("Object Repository/Page_cabi Order Items/input_New Arrivals - Blooming Blush_style"), findTestData("productData").getValue("Style", row)): Text '3871' is set on object 'Object Repository/Page_cabi Order Items/input_New Arrivals - Blooming Blush_style'

2019-09-27 19:14:09 - [MESSAGE][PASSED] - Text '3871' is set on object 'Object Repository/Page_cabi Order Items/input_New Arrivals - Blooming Blush_style'

2019-09-27 19:14:09 - [TEST_STEP][PASSED] - sendKeys(findTestObject("Object Repository/Page_cabi Order Items/input_New Arrivals - Blooming Blush_style"), Keys.chord(ENTER)): Keys 'ENTER + ' sent to object: 'Object Repository/Page_cabi Order Items/input_New Arrivals - Blooming Blush_style'

2019-09-27 19:14:09 - [MESSAGE][PASSED] - Keys 'ENTER + ' sent to object: 'Object Repository/Page_cabi Order Items/input_New Arrivals - Blooming Blush_style'

2019-09-27 19:14:09 - [TEST_STEP][PASSED] - delay(5): Delayed 5 second(s)

2019-09-27 19:14:14 - [MESSAGE][PASSED] - Delayed 5 second(s)

2019-09-27 19:14:14 - [TEST_STEP][PASSED] - if (toString().equalsIgnoreCase("no")): Actual text and expected text of test object 'Object Repository/Page_cabi Order Items/no_result_found' are matched.

2019-09-27 19:14:14 - [TEST_STEP][PASSED] - delay(2): Delayed 2 second(s)

2019-09-27 19:14:16 - [MESSAGE][PASSED] - Delayed 2 second(s)

2019-09-27 19:14:16 - [TEST_STEP][PASSED] - noResultMessages = findWebElements(findTestObject("Page_cabi Order Items/no_result_found"), 5): null

2019-09-27 19:14:16 - [TEST_STEP][PASSED] - println(noResultMessages.size()): null

2019-09-27 19:14:16 - [TEST_STEP][PASSED] - assert noResultMessages.size() > 0: null

2019-09-27 19:14:16 - [TEST_STEP][PASSED] - verifyElementText(findTestObject("Page_cabi Order Items/no_result_found"), "No Results Found!", CONTINUE_ON_FAILURE): Actual text and expected text of test object 'Object Repository/Page_cabi Order Items/no_result_found' are matched.

2019-09-27 19:14:16 - [MESSAGE][PASSED] - Actual text and expected text of test object 'Object Repository/Page_cabi Order Items/no_result_found' are matched.

2019-09-27 19:14:16 - [TEST_STEP][PASSED] - setText(findTestObject("Object Repository/Page_cabi Order Items/input_New Arrivals - Blooming Blush_style"), findTestData("productData").getValue("Style", row)): Text '3857' is set on object 'Object Repository/Page_cabi Order Items/input_New Arrivals - Blooming Blush_style'

2019-09-27 19:14:17 - [MESSAGE][PASSED] - Text '3857' is set on object 'Object Repository/Page_cabi Order Items/input_New Arrivals - Blooming Blush_style'

2019-09-27 19:14:17 - [TEST_STEP][PASSED] - sendKeys(findTestObject("Object Repository/Page_cabi Order Items/input_New Arrivals - Blooming Blush_style"), Keys.chord(ENTER)): Keys 'ENTER + ' sent to object: 'Object Repository/Page_cabi Order Items/input_New Arrivals - Blooming Blush_style'

2019-09-27 19:14:17 - [MESSAGE][PASSED] - Keys 'ENTER + ' sent to object: 'Object Repository/Page_cabi Order Items/input_New Arrivals - Blooming Blush_style'

2019-09-27 19:14:17 - [TEST_STEP][PASSED] - delay(5): Delayed 5 second(s)

2019-09-27 19:14:22 - [MESSAGE][PASSED] - Delayed 5 second(s)

2019-09-27 19:14:22 - [TEST_STEP][PASSED] - if (toString().equalsIgnoreCase("no")): Actual text and expected text of test object 'Object Repository/Page_cabi Order Items/no_result_found' are matched.

2019-09-27 19:14:22 - [TEST_STEP][PASSED] - delay(2): Delayed 2 second(s)

2019-09-27 19:14:24 - [MESSAGE][PASSED] - Delayed 2 second(s)

2019-09-27 19:14:24 - [TEST_STEP][PASSED] - noResultMessages = findWebElements(findTestObject("Page_cabi Order Items/no_result_found"), 5): null

2019-09-27 19:14:24 - [TEST_STEP][PASSED] - println(noResultMessages.size()): null

2019-09-27 19:14:24 - [TEST_STEP][PASSED] - assert noResultMessages.size() > 0: null

2019-09-27 19:14:24 - [TEST_STEP][PASSED] - verifyElementText(findTestObject("Page_cabi Order Items/no_result_found"), "No Results Found!", CONTINUE_ON_FAILURE): Actual text and expected text of test object 'Object Repository/Page_cabi Order Items/no_result_found' are matched.

2019-09-27 19:14:24 - [MESSAGE][PASSED] - Actual text and expected text of test object 'Object Repository/Page_cabi Order Items/no_result_found' are matched.

2019-09-27 19:14:24 - [TEST_STEP][PASSED] - setText(findTestObject("Object Repository/Page_cabi Order Items/input_New Arrivals - Blooming Blush_style"), findTestData("productData").getValue("Style", row)): Text '3864' is set on object 'Object Repository/Page_cabi Order Items/input_New Arrivals - Blooming Blush_style'

2019-09-27 19:14:24 - [MESSAGE][PASSED] - Text '3864' is set on object 'Object Repository/Page_cabi Order Items/input_New Arrivals - Blooming Blush_style'

2019-09-27 19:14:24 - [TEST_STEP][PASSED] - sendKeys(findTestObject("Object Repository/Page_cabi Order Items/input_New Arrivals - Blooming Blush_style"), Keys.chord(ENTER)): Keys 'ENTER + ' sent to object: 'Object Repository/Page_cabi Order Items/input_New Arrivals - Blooming Blush_style'

2019-09-27 19:14:24 - [MESSAGE][PASSED] - Keys 'ENTER + ' sent to object: 'Object Repository/Page_cabi Order Items/input_New Arrivals - Blooming Blush_style'

2019-09-27 19:14:24 - [TEST_STEP][PASSED] - delay(5): Delayed 5 second(s)

2019-09-27 19:14:29 - [MESSAGE][PASSED] - Delayed 5 second(s)

2019-09-27 19:14:29 - [TEST_STEP][PASSED] - if (toString().equalsIgnoreCase("no")): Actual text and expected text of test object 'Object Repository/Page_cabi Order Items/no_result_found' are matched.

2019-09-27 19:14:29 - [TEST_STEP][PASSED] - delay(2): Delayed 2 second(s)

2019-09-27 19:14:31 - [MESSAGE][PASSED] - Delayed 2 second(s)

2019-09-27 19:14:31 - [TEST_STEP][PASSED] - noResultMessages = findWebElements(findTestObject("Page_cabi Order Items/no_result_found"), 5): null

2019-09-27 19:14:31 - [TEST_STEP][PASSED] - println(noResultMessages.size()): null

2019-09-27 19:14:31 - [TEST_STEP][PASSED] - assert noResultMessages.size() > 0: null

2019-09-27 19:14:31 - [TEST_STEP][PASSED] - verifyElementText(findTestObject("Page_cabi Order Items/no_result_found"), "No Results Found!", CONTINUE_ON_FAILURE): Actual text and expected text of test object 'Object Repository/Page_cabi Order Items/no_result_found' are matched.

2019-09-27 19:14:31 - [MESSAGE][PASSED] - Actual text and expected text of test object 'Object Repository/Page_cabi Order Items/no_result_found' are matched.

2019-09-27 19:14:31 - [TEST_STEP][PASSED] - setText(findTestObject("Object Repository/Page_cabi Order Items/input_New Arrivals - Blooming Blush_style"), findTestData("productData").getValue("Style", row)): Text '3865' is set on object 'Object Repository/Page_cabi Order Items/input_New Arrivals - Blooming Blush_style'

2019-09-27 19:14:31 - [MESSAGE][PASSED] - Text '3865' is set on object 'Object Repository/Page_cabi Order Items/input_New Arrivals - Blooming Blush_style'

2019-09-27 19:14:31 - [TEST_STEP][PASSED] - sendKeys(findTestObject("Object Repository/Page_cabi Order Items/input_New Arrivals - Blooming Blush_style"), Keys.chord(ENTER)): Keys 'ENTER + ' sent to object: 'Object Repository/Page_cabi Order Items/input_New Arrivals - Blooming Blush_style'

2019-09-27 19:14:31 - [MESSAGE][PASSED] - Keys 'ENTER + ' sent to object: 'Object Repository/Page_cabi Order Items/input_New Arrivals - Blooming Blush_style'

2019-09-27 19:14:31 - [TEST_STEP][PASSED] - delay(5): Delayed 5 second(s)

2019-09-27 19:14:36 - [MESSAGE][PASSED] - Delayed 5 second(s)

2019-09-27 19:14:36 - [TEST_STEP][PASSED] - if (toString().equalsIgnoreCase("no")): Actual text and expected text of test object 'Object Repository/Page_cabi Order Items/no_result_found' are matched.

2019-09-27 19:14:36 - [TEST_STEP][PASSED] - delay(2): Delayed 2 second(s)

2019-09-27 19:14:38 - [MESSAGE][PASSED] - Delayed 2 second(s)

2019-09-27 19:14:38 - [TEST_STEP][PASSED] - noResultMessages = findWebElements(findTestObject("Page_cabi Order Items/no_result_found"), 5): null

2019-09-27 19:14:38 - [TEST_STEP][PASSED] - println(noResultMessages.size()): null

2019-09-27 19:14:38 - [TEST_STEP][PASSED] - assert noResultMessages.size() > 0: null

2019-09-27 19:14:38 - [TEST_STEP][PASSED] - verifyElementText(findTestObject("Page_cabi Order Items/no_result_found"), "No Results Found!", CONTINUE_ON_FAILURE): Actual text and expected text of test object 'Object Repository/Page_cabi Order Items/no_result_found' are matched.

2019-09-27 19:14:38 - [MESSAGE][PASSED] - Actual text and expected text of test object 'Object Repository/Page_cabi Order Items/no_result_found' are matched.

2019-09-27 19:14:38 - [TEST_STEP][PASSED] - setText(findTestObject("Object Repository/Page_cabi Order Items/input_New Arrivals - Blooming Blush_style"), findTestData("productData").getValue("Style", row)): Text '3843' is set on object 'Object Repository/Page_cabi Order Items/input_New Arrivals - Blooming Blush_style'

2019-09-27 19:14:38 - [MESSAGE][PASSED] - Text '3843' is set on object 'Object Repository/Page_cabi Order Items/input_New Arrivals - Blooming Blush_style'

2019-09-27 19:14:38 - [TEST_STEP][PASSED] - sendKeys(findTestObject("Object Repository/Page_cabi Order Items/input_New Arrivals - Blooming Blush_style"), Keys.chord(ENTER)): Keys 'ENTER + ' sent to object: 'Object Repository/Page_cabi Order Items/input_New Arrivals - Blooming Blush_style'

2019-09-27 19:14:39 - [MESSAGE][PASSED] - Keys 'ENTER + ' sent to object: 'Object Repository/Page_cabi Order Items/input_New Arrivals - Blooming Blush_style'

2019-09-27 19:14:39 - [TEST_STEP][PASSED] - delay(5): Delayed 5 second(s)

2019-09-27 19:14:44 - [MESSAGE][PASSED] - Delayed 5 second(s)

2019-09-27 19:14:44 - [TEST_STEP][PASSED] - if (toString().equalsIgnoreCase("no")): Actual text and expected text of test object 'Object Repository/Page_cabi Order Items/no_result_found' are matched.

2019-09-27 19:14:44 - [TEST_STEP][PASSED] - delay(2): Delayed 2 second(s)

2019-09-27 19:14:46 - [MESSAGE][PASSED] - Delayed 2 second(s)

2019-09-27 19:14:46 - [TEST_STEP][PASSED] - noResultMessages = findWebElements(findTestObject("Page_cabi Order Items/no_result_found"), 5): null

2019-09-27 19:14:46 - [TEST_STEP][PASSED] - println(noResultMessages.size()): null

2019-09-27 19:14:46 - [TEST_STEP][PASSED] - assert noResultMessages.size() > 0: null

2019-09-27 19:14:46 - [TEST_STEP][PASSED] - verifyElementText(findTestObject("Page_cabi Order Items/no_result_found"), "No Results Found!", CONTINUE_ON_FAILURE): Actual text and expected text of test object 'Object Repository/Page_cabi Order Items/no_result_found' are matched.

2019-09-27 19:14:46 - [MESSAGE][PASSED] - Actual text and expected text of test object 'Object Repository/Page_cabi Order Items/no_result_found' are matched.

2019-09-27 19:14:46 - [TEST_STEP][PASSED] - setText(findTestObject("Object Repository/Page_cabi Order Items/input_New Arrivals - Blooming Blush_style"), findTestData("productData").getValue("Style", row)): Text '3846' is set on object 'Object Repository/Page_cabi Order Items/input_New Arrivals - Blooming Blush_style'

2019-09-27 19:14:46 - [MESSAGE][PASSED] - Text '3846' is set on object 'Object Repository/Page_cabi Order Items/input_New Arrivals - Blooming Blush_style'

2019-09-27 19:14:46 - [TEST_STEP][PASSED] - sendKeys(findTestObject("Object Repository/Page_cabi Order Items/input_New Arrivals - Blooming Blush_style"), Keys.chord(ENTER)): Keys 'ENTER + ' sent to object: 'Object Repository/Page_cabi Order Items/input_New Arrivals - Blooming Blush_style'

2019-09-27 19:14:46 - [MESSAGE][PASSED] - Keys 'ENTER + ' sent to object: 'Object Repository/Page_cabi Order Items/input_New Arrivals - Blooming Blush_style'

2019-09-27 19:14:46 - [TEST_STEP][PASSED] - delay(5): Delayed 5 second(s)

2019-09-27 19:14:51 - [MESSAGE][PASSED] - Delayed 5 second(s)

2019-09-27 19:14:51 - [TEST_STEP][PASSED] - if (toString().equalsIgnoreCase("no")): Actual text and expected text of test object 'Object Repository/Page_cabi Order Items/no_result_found' are matched.

2019-09-27 19:14:51 - [TEST_STEP][PASSED] - delay(2): Delayed 2 second(s)

2019-09-27 19:14:53 - [MESSAGE][PASSED] - Delayed 2 second(s)

2019-09-27 19:14:53 - [TEST_STEP][PASSED] - noResultMessages = findWebElements(findTestObject("Page_cabi Order Items/no_result_found"), 5): null

2019-09-27 19:14:53 - [TEST_STEP][PASSED] - println(noResultMessages.size()): null

2019-09-27 19:14:53 - [TEST_STEP][PASSED] - assert noResultMessages.size() > 0: null

2019-09-27 19:14:53 - [TEST_STEP][PASSED] - verifyElementText(findTestObject("Page_cabi Order Items/no_result_found"), "No Results Found!", CONTINUE_ON_FAILURE): Actual text and expected text of test object 'Object Repository/Page_cabi Order Items/no_result_found' are matched.

2019-09-27 19:14:53 - [MESSAGE][PASSED] - Actual text and expected text of test object 'Object Repository/Page_cabi Order Items/no_result_found' are matched.

2019-09-27 19:14:53 - [TEST_STEP][PASSED] - setText(findTestObject("Object Repository/Page_cabi Order Items/input_New Arrivals - Blooming Blush_style"), findTestData("productData").getValue("Style", row)): Text '3861' is set on object 'Object Repository/Page_cabi Order Items/input_New Arrivals - Blooming Blush_style'

2019-09-27 19:14:53 - [MESSAGE][PASSED] - Text '3861' is set on object 'Object Repository/Page_cabi Order Items/input_New Arrivals - Blooming Blush_style'

2019-09-27 19:14:53 - [TEST_STEP][PASSED] - sendKeys(findTestObject("Object Repository/Page_cabi Order Items/input_New Arrivals - Blooming Blush_style"), Keys.chord(ENTER)): Keys 'ENTER + ' sent to object: 'Object Repository/Page_cabi Order Items/input_New Arrivals - Blooming Blush_style'

2019-09-27 19:14:53 - [MESSAGE][PASSED] - Keys 'ENTER + ' sent to object: 'Object Repository/Page_cabi Order Items/input_New Arrivals - Blooming Blush_style'

2019-09-27 19:14:53 - [TEST_STEP][PASSED] - delay(5): Delayed 5 second(s)

2019-09-27 19:14:58 - [MESSAGE][PASSED] - Delayed 5 second(s)

2019-09-27 19:14:58 - [TEST_STEP][PASSED] - if (toString().equalsIgnoreCase("no")): Actual text and expected text of test object 'Object Repository/Page_cabi Order Items/no_result_found' are matched.

2019-09-27 19:14:58 - [TEST_STEP][PASSED] - delay(2): Delayed 2 second(s)

2019-09-27 19:15:00 - [MESSAGE][PASSED] - Delayed 2 second(s)

2019-09-27 19:15:00 - [TEST_STEP][PASSED] - noResultMessages = findWebElements(findTestObject("Page_cabi Order Items/no_result_found"), 5): null

2019-09-27 19:15:00 - [TEST_STEP][PASSED] - println(noResultMessages.size()): null

2019-09-27 19:15:00 - [TEST_STEP][PASSED] - assert noResultMessages.size() > 0: null

2019-09-27 19:15:00 - [TEST_STEP][PASSED] - verifyElementText(findTestObject("Page_cabi Order Items/no_result_found"), "No Results Found!", CONTINUE_ON_FAILURE): Actual text and expected text of test object 'Object Repository/Page_cabi Order Items/no_result_found' are matched.

2019-09-27 19:15:00 - [MESSAGE][PASSED] - Actual text and expected text of test object 'Object Repository/Page_cabi Order Items/no_result_found' are matched.

2019-09-27 19:15:00 - [TEST_STEP][PASSED] - setText(findTestObject("Object Repository/Page_cabi Order Items/input_New Arrivals - Blooming Blush_style"), findTestData("productData").getValue("Style", row)): Text '3863' is set on object 'Object Repository/Page_cabi Order Items/input_New Arrivals - Blooming Blush_style'

2019-09-27 19:15:00 - [MESSAGE][PASSED] - Text '3863' is set on object 'Object Repository/Page_cabi Order Items/input_New Arrivals - Blooming Blush_style'

2019-09-27 19:15:00 - [TEST_STEP][PASSED] - sendKeys(findTestObject("Object Repository/Page_cabi Order Items/input_New Arrivals - Blooming Blush_style"), Keys.chord(ENTER)): Keys 'ENTER + ' sent to object: 'Object Repository/Page_cabi Order Items/input_New Arrivals - Blooming Blush_style'

2019-09-27 19:15:00 - [MESSAGE][PASSED] - Keys 'ENTER + ' sent to object: 'Object Repository/Page_cabi Order Items/input_New Arrivals - Blooming Blush_style'

2019-09-27 19:15:00 - [TEST_STEP][PASSED] - delay(5): Delayed 5 second(s)

2019-09-27 19:15:05 - [MESSAGE][PASSED] - Delayed 5 second(s)

2019-09-27 19:15:05 - [TEST_STEP][PASSED] - if (toString().equalsIgnoreCase("no")): Actual text and expected text of test object 'Object Repository/Page_cabi Order Items/no_result_found' are matched.

2019-09-27 19:15:05 - [TEST_STEP][PASSED] - delay(2): Delayed 2 second(s)

2019-09-27 19:15:07 - [MESSAGE][PASSED] - Delayed 2 second(s)

2019-09-27 19:15:07 - [TEST_STEP][PASSED] - noResultMessages = findWebElements(findTestObject("Page_cabi Order Items/no_result_found"), 5): null

2019-09-27 19:15:07 - [TEST_STEP][PASSED] - println(noResultMessages.size()): null

2019-09-27 19:15:07 - [TEST_STEP][PASSED] - assert noResultMessages.size() > 0: null

2019-09-27 19:15:07 - [TEST_STEP][PASSED] - verifyElementText(findTestObject("Page_cabi Order Items/no_result_found"), "No Results Found!", CONTINUE_ON_FAILURE): Actual text and expected text of test object 'Object Repository/Page_cabi Order Items/no_result_found' are matched.

2019-09-27 19:15:07 - [MESSAGE][PASSED] - Actual text and expected text of test object 'Object Repository/Page_cabi Order Items/no_result_found' are matched.

2019-09-27 19:15:07 - [TEST_STEP][PASSED] - setText(findTestObject("Object Repository/Page_cabi Order Items/input_New Arrivals - Blooming Blush_style"), findTestData("productData").getValue("Style", row)): Text '3850' is set on object 'Object Repository/Page_cabi Order Items/input_New Arrivals - Blooming Blush_style'

2019-09-27 19:15:08 - [MESSAGE][PASSED] - Text '3850' is set on object 'Object Repository/Page_cabi Order Items/input_New Arrivals - Blooming Blush_style'

2019-09-27 19:15:08 - [TEST_STEP][PASSED] - sendKeys(findTestObject("Object Repository/Page_cabi Order Items/input_New Arrivals - Blooming Blush_style"), Keys.chord(ENTER)): Keys 'ENTER + ' sent to object: 'Object Repository/Page_cabi Order Items/input_New Arrivals - Blooming Blush_style'

2019-09-27 19:15:08 - [MESSAGE][PASSED] - Keys 'ENTER + ' sent to object: 'Object Repository/Page_cabi Order Items/input_New Arrivals - Blooming Blush_style'

2019-09-27 19:15:08 - [TEST_STEP][PASSED] - delay(5): Delayed 5 second(s)

2019-09-27 19:15:13 - [MESSAGE][PASSED] - Delayed 5 second(s)

2019-09-27 19:15:13 - [TEST_STEP][PASSED] - if (toString().equalsIgnoreCase("no")): Actual text and expected text of test object 'Object Repository/Page_cabi Order Items/no_result_found' are matched.

2019-09-27 19:15:13 - [TEST_STEP][PASSED] - delay(2): Delayed 2 second(s)

2019-09-27 19:15:15 - [MESSAGE][PASSED] - Delayed 2 second(s)

2019-09-27 19:15:15 - [TEST_STEP][PASSED] - noResultMessages = findWebElements(findTestObject("Page_cabi Order Items/no_result_found"), 5): null

2019-09-27 19:15:15 - [TEST_STEP][PASSED] - println(noResultMessages.size()): null

2019-09-27 19:15:15 - [TEST_STEP][PASSED] - assert noResultMessages.size() > 0: null

2019-09-27 19:15:15 - [TEST_STEP][PASSED] - verifyElementText(findTestObject("Page_cabi Order Items/no_result_found"), "No Results Found!", CONTINUE_ON_FAILURE): Actual text and expected text of test object 'Object Repository/Page_cabi Order Items/no_result_found' are matched.

2019-09-27 19:15:15 - [MESSAGE][PASSED] - Actual text and expected text of test object 'Object Repository/Page_cabi Order Items/no_result_found' are matched.

2019-09-27 19:15:15 - [MESSAGE][PASSED] - Call Test Case 'Test Cases/NewArrival/productVerify' successfully

2019-09-27 19:15:15 - [TEST_STEP][PASSED] - callTestCase(findTestCase("NewArrival/populateTimeGlobalVars"), ["row":timeRow], CONTINUE_ON_FAILURE): Call Test Case 'Test Cases/NewArrival/populateTimeGlobalVars' successfully

2019-09-27 19:15:15 - [TEST_CASE][PASSED] - Test Cases/NewArrival/populateTimeGlobalVars: Test Cases/NewArrival/populateTimeGlobalVars

2019-09-27 19:15:15 - [TEST_STEP][PASSED] - dataFile = "timezoneData": null

2019-09-27 19:15:15 - [TEST_STEP][PASSED] - clockServerTarget = UtilityMethods.getTestData("envtData", "clockServerTarget", 1): null

2019-09-27 19:15:15 - [TEST_STEP][PASSED] - println(clockServerTarget): null

2019-09-27 19:15:15 - [TEST_STEP][PASSED] - orderType = UtilityMethods.getTestData(dataFile, "orderType", row): null

2019-09-27 19:15:15 - [TEST_STEP][PASSED] - timeZone = UtilityMethods.getTestData(dataFile, "timeZone", row): null

2019-09-27 19:15:15 - [TEST_STEP][PASSED] - BOPersonal = UtilityMethods.getTestData(dataFile, "BOPersonal", row): null

2019-09-27 19:15:15 - [TEST_STEP][PASSED] - BOAddonPersonal = UtilityMethods.getTestData(dataFile, "BOAddonPersonal", row): null

2019-09-27 19:15:15 - [TEST_STEP][PASSED] - BOAddonRetail = UtilityMethods.getTestData(dataFile, "BOAddonRetail", row): null

2019-09-27 19:15:15 - [TEST_STEP][PASSED] - BORetail = UtilityMethods.getTestData(dataFile, "BORetail", row): null

2019-09-27 19:15:15 - [TEST_STEP][PASSED] - BOShow = UtilityMethods.getTestData(dataFile, "BOShow", row): null

2019-09-27 19:15:15 - [TEST_STEP][PASSED] - BOOnlineoutlet = UtilityMethods.getTestData(dataFile, "BOOnlineoutlet", row): null

2019-09-27 19:15:15 - [TEST_STEP][PASSED] - BOEmployee = UtilityMethods.getTestData(dataFile, "BOEmployee", row): null

2019-09-27 19:15:15 - [TEST_STEP][PASSED] - CCPersonal = UtilityMethods.getTestData(dataFile, "CCPersonal", row): null

2019-09-27 19:15:15 - [TEST_STEP][PASSED] - CCRetail = UtilityMethods.getTestData(dataFile, "CCRetail", row): null

2019-09-27 19:15:15 - [TEST_STEP][PASSED] - CCShow = UtilityMethods.getTestData(dataFile, "CCShow", row): null

2019-09-27 19:15:15 - [TEST_STEP][PASSED] - BOEblast = UtilityMethods.getTestData(dataFile, "BOEblast", row): null

2019-09-27 19:15:15 - [TEST_STEP][PASSED] - println(row): null

2019-09-27 19:15:15 - [TEST_STEP][PASSED] - println(BOPersonal): null

2019-09-27 19:15:15 - [MESSAGE][PASSED] - Call Test Case 'Test Cases/NewArrival/populateTimeGlobalVars' successfully

2019-09-27 19:15:15 - [TEST_STEP][PASSED] - callTestCase(findTestCase("NewArrival/setTimezone"), ["ofbizURL":"", "ofbizuser":"", "ofbizpass":"", "orderType":orderType, "timeZone":timeZone, "serverTarget":serverTarget, "clockServerTarget":clockServerTarget], CONTINUE_ON_FAILURE): Call Test Case 'Test Cases/NewArrival/setTimezone' successfully

2019-09-27 19:15:15 - [TEST_CASE][PASSED] - Test Cases/NewArrival/setTimezone: Test Cases/NewArrival/setTimezone

2019-09-27 19:15:15 - [TEST_STEP][PASSED] - openBrowser(""): Browser is opened with url: ''

2019-09-27 19:15:15 - [MESSAGE][WARNING] - A browser is already opened. Closing browser and opening a new one

2019-09-27 19:15:16 - [MESSAGE][INFO] - Starting 'Chrome' driver

2019-09-27 19:15:16 - [MESSAGE][INFO] - User set preference: ['args', '[--use-fake-ui-for-media-stream, --start-maximized]']

2019-09-27 19:15:18 - [MESSAGE][PASSED] - Browser is opened with url: ''

2019-09-27 19:15:18 - [TEST_STEP][NOT_RUN] - maximizeWindow(): NOT_RUN: maximizeWindow()

2019-09-27 19:15:18 - [MESSAGE][NOT_RUN] - NOT_RUN: maximizeWindow()

2019-09-27 19:15:18 - [TEST_STEP][PASSED] - ofbizURL = findTestData("envtData").getValue("ofbizURL", 1): null

2019-09-27 19:15:18 - [TEST_STEP][PASSED] - ofbizuser = findTestData("credData").getValue("ofbizuser", 1): null

2019-09-27 19:15:18 - [TEST_STEP][PASSED] - ofbizpass = findTestData("credData").getValue("ofbizpass", 1): null

2019-09-27 19:15:18 - [TEST_STEP][PASSED] - navigateToUrl(ofbizURL): Navigate to 'https://pushofbiz.cliotest.com/login.php' successfully

2019-09-27 19:15:20 - [MESSAGE][PASSED] - Navigate to 'https://pushofbiz.cliotest.com/login.php' successfully

2019-09-27 19:15:20 - [TEST_STEP][PASSED] - setText(findTestObject("Page_/input_Username_username"), ofbizuser): Text 'automation' is set on object 'Object Repository/Page_/input_Username_username'

2019-09-27 19:15:20 - [MESSAGE][PASSED] - Text 'automation' is set on object 'Object Repository/Page_/input_Username_username'

2019-09-27 19:15:20 - [TEST_STEP][PASSED] - setText(findTestObject("Page_/input_Password_password"), ofbizpass): Text 'cabiautomation' is set on object 'Object Repository/Page_/input_Password_password'

2019-09-27 19:15:20 - [MESSAGE][PASSED] - Text 'cabiautomation' is set on object 'Object Repository/Page_/input_Password_password'

2019-09-27 19:15:20 - [TEST_STEP][PASSED] - click(findTestObject("Page_/input_Password_Submit")): Object: 'Object Repository/Page_/input_Password_Submit' is clicked on

2019-09-27 19:15:24 - [MESSAGE][PASSED] - Object: 'Object Repository/Page_/input_Password_Submit' is clicked on

2019-09-27 19:15:24 - [TEST_STEP][PASSED] - click(findTestObject("Object Repository/Page_/a_Clock set")): Object: 'Object Repository/Page_/a_Clock set' is clicked on

2019-09-27 19:15:25 - [MESSAGE][PASSED] - Object: 'Object Repository/Page_/a_Clock set' is clicked on

2019-09-27 19:15:25 - [TEST_STEP][PASSED] - cst = UtilityMethods.createTestObject("select_target", "//select[@name='Target']/option[contains(text(), '", clockServerTarget, "')]"): null

2019-09-27 19:15:25 - [TEST_STEP][PASSED] - println(clockServerTarget): null

2019-09-27 19:15:25 - [TEST_STEP][PASSED] - click(cst): Object: 'select_target' is clicked on

2019-09-27 19:15:25 - [MESSAGE][PASSED] - Object: 'select_target' is clicked on

2019-09-27 19:15:25 - [TEST_STEP][PASSED] - click(findTestObject("Page_/thisDateAndTime")): Object: 'Object Repository/Page_/thisDateAndTime' is clicked on

2019-09-27 19:15:25 - [MESSAGE][PASSED] - Object: 'Object Repository/Page_/thisDateAndTime' is clicked on

2019-09-27 19:15:25 - [TEST_STEP][PASSED] - setText(findTestObject("Object Repository/Page_/setTargetTime"), timeZone): Text ' 11/05/2019 00:00' is set on object 'Object Repository/Page_/setTargetTime'

2019-09-27 19:15:25 - [MESSAGE][PASSED] - Text ' 11/05/2019 00:00' is set on object 'Object Repository/Page_/setTargetTime'

2019-09-27 19:15:25 - [TEST_STEP][PASSED] - click(findTestObject("Object Repository/Page_/input")): Object: 'Object Repository/Page_/input' is clicked on

2019-09-27 19:15:25 - [MESSAGE][PASSED] - Object: 'Object Repository/Page_/input' is clicked on

2019-09-27 19:15:25 - [TEST_STEP][PASSED] - delay(10): Delayed 10 second(s)

2019-09-27 19:15:35 - [MESSAGE][PASSED] - Delayed 10 second(s)

2019-09-27 19:15:35 - [TEST_STEP][NOT_RUN] - closeBrowser(): NOT_RUN: closeBrowser()

2019-09-27 19:15:35 - [MESSAGE][NOT_RUN] - NOT_RUN: closeBrowser()

2019-09-27 19:15:35 - [MESSAGE][PASSED] - Call Test Case 'Test Cases/NewArrival/setTimezone' successfully

2019-09-27 19:15:35 - [TEST_STEP][PASSED] - callTestCase(findTestCase("TestCaseUtilities/backOfficeLogin"), ["BOURL":"", "BOuser":"", "BOpass":""], CONTINUE_ON_FAILURE): Call Test Case 'Test Cases/TestCaseUtilities/backOfficeLogin' successfully

2019-09-27 19:15:36 - [TEST_CASE][PASSED] - Test Cases/TestCaseUtilities/backOfficeLogin: Test Cases/TestCaseUtilities/backOfficeLogin

2019-09-27 19:15:36 - [TEST_STEP][PASSED] - BOURL = findTestData("envtData").getValue("BOURL", 1): null

2019-09-27 19:15:36 - [TEST_STEP][PASSED] - BOuser = findTestData("credData").getValue("BOuser", 1): null

2019-09-27 19:15:36 - [TEST_STEP][PASSED] - BOpass = findTestData("credData").getValue("BOpass", 1): null

2019-09-27 19:15:36 - [TEST_STEP][PASSED] - openBrowser(""): Browser is opened with url: ''

2019-09-27 19:15:36 - [MESSAGE][WARNING] - A browser is already opened. Closing browser and opening a new one

2019-09-27 19:15:36 - [MESSAGE][INFO] - Starting 'Chrome' driver

2019-09-27 19:15:36 - [MESSAGE][INFO] - User set preference: ['args', '[--use-fake-ui-for-media-stream, --start-maximized]']

2019-09-27 19:15:38 - [MESSAGE][PASSED] - Browser is opened with url: ''

2019-09-27 19:15:38 - [TEST_STEP][PASSED] - navigateToUrl(BOURL): Navigate to 'https://test4.cliotest.com/backoffice/control/main' successfully

2019-09-27 19:15:46 - [MESSAGE][PASSED] - Navigate to 'https://test4.cliotest.com/backoffice/control/main' successfully

2019-09-27 19:15:46 - [TEST_STEP][PASSED] - logOut = findWebElements(findTestObject("Object Repository/Page_cabi Home/log_out"), 1): Unable to find the element located by 'By.xpath: //a[contains(text(),'Log Out')]'. Please recheck the objects properties to make sure the desired element is located. 

2019-09-27 19:15:47 - [MESSAGE][INFO] - Unable to find the element located by 'By.xpath: //a[contains(text(),'Log Out')]'. Please recheck the objects properties to make sure the desired element is located. 

2019-09-27 19:15:47 - [TEST_STEP][PASSED] - if (logOut.size() == 0): Object: 'Object Repository/Page_cabi/input_Welcome to_consultantLogin' is clicked on

2019-09-27 19:15:47 - [TEST_STEP][PASSED] - setText(findTestObject("Page_cabi/input_Welcome to_USERNAME"), BOuser): Text '400000002' is set on object 'Object Repository/Page_cabi/input_Welcome to_USERNAME'

2019-09-27 19:15:47 - [MESSAGE][PASSED] - Text '400000002' is set on object 'Object Repository/Page_cabi/input_Welcome to_USERNAME'

2019-09-27 19:15:47 - [TEST_STEP][PASSED] - setText(findTestObject("Object Repository/Page_cabi/input_Welcome to_PASSWORD"), BOpass): Text 'blackdress19' is set on object 'Object Repository/Page_cabi/input_Welcome to_PASSWORD'

2019-09-27 19:15:47 - [MESSAGE][PASSED] - Text 'blackdress19' is set on object 'Object Repository/Page_cabi/input_Welcome to_PASSWORD'

2019-09-27 19:15:47 - [TEST_STEP][PASSED] - click(findTestObject("Object Repository/Page_cabi/input_Welcome to_consultantLogin")): Object: 'Object Repository/Page_cabi/input_Welcome to_consultantLogin' is clicked on

2019-09-27 19:15:58 - [MESSAGE][PASSED] - Object: 'Object Repository/Page_cabi/input_Welcome to_consultantLogin' is clicked on

2019-09-27 19:15:58 - [TEST_STEP][PASSED] - delay(3): Delayed 3 second(s)

2019-09-27 19:16:01 - [MESSAGE][PASSED] - Delayed 3 second(s)

2019-09-27 19:16:01 - [MESSAGE][PASSED] - Call Test Case 'Test Cases/TestCaseUtilities/backOfficeLogin' successfully

2019-09-27 19:16:01 - [TEST_STEP][PASSED] - click(findTestObject("Object Repository/Page_cabi Home/a_Shows  Orders")): Object: 'Object Repository/Page_cabi Home/a_Shows  Orders' is clicked on

2019-09-27 19:16:01 - [MESSAGE][PASSED] - Object: 'Object Repository/Page_cabi Home/a_Shows  Orders' is clicked on

2019-09-27 19:16:01 - [TEST_STEP][PASSED] - delay(3): Delayed 3 second(s)

2019-09-27 19:16:04 - [MESSAGE][PASSED] - Delayed 3 second(s)

2019-09-27 19:16:04 - [TEST_STEP][PASSED] - rightClick(findTestObject("Page_cabi Home/a_online_outline_purchases")): Object: 'Object Repository/Page_cabi Home/a_online_outline_purchases' is right clicked on

2019-09-27 19:16:04 - [MESSAGE][PASSED] - Object: 'Object Repository/Page_cabi Home/a_online_outline_purchases' is right clicked on

2019-09-27 19:16:04 - [TEST_STEP][PASSED] - click(findTestObject("Page_cabi Home/a_online_outline_purchases")): Object: 'Object Repository/Page_cabi Home/a_online_outline_purchases' is clicked on

2019-09-27 19:16:08 - [MESSAGE][PASSED] - Object: 'Object Repository/Page_cabi Home/a_online_outline_purchases' is clicked on

2019-09-27 19:16:08 - [TEST_STEP][PASSED] - click(findTestObject("Object Repository/Page_cabi Online Outlet Store/span_Continue to Order")): Object: 'Object Repository/Page_cabi Online Outlet Store/span_Continue to Order' is clicked on

2019-09-27 19:16:13 - [MESSAGE][PASSED] - Object: 'Object Repository/Page_cabi Online Outlet Store/span_Continue to Order' is clicked on

2019-09-27 19:16:13 - [TEST_STEP][PASSED] - callTestCase(findTestCase("NewArrival/productVerify"), ["available":BOOnlineoutlet, "storeType":"BOOnlineoutlet"], CONTINUE_ON_FAILURE): Call Test Case 'Test Cases/NewArrival/productVerify' successfully

2019-09-27 19:16:13 - [TEST_CASE][PASSED] - Test Cases/NewArrival/productVerify: Test Cases/NewArrival/productVerify

2019-09-27 19:16:13 - [TEST_STEP][PASSED] - for ([row = 1, row <= findTestData("productData").getRowNumbers(), (row++)]): Actual text and expected text of test object 'Object Repository/Page_cabi Order Items/no_result_found' are matched.

2019-09-27 19:16:13 - [TEST_STEP][PASSED] - setText(findTestObject("Object Repository/Page_cabi Order Items/input_New Arrivals - Blooming Blush_style"), findTestData("productData").getValue("Style", row)): Text '3875' is set on object 'Object Repository/Page_cabi Order Items/input_New Arrivals - Blooming Blush_style'

2019-09-27 19:16:13 - [MESSAGE][PASSED] - Text '3875' is set on object 'Object Repository/Page_cabi Order Items/input_New Arrivals - Blooming Blush_style'

2019-09-27 19:16:13 - [TEST_STEP][PASSED] - sendKeys(findTestObject("Object Repository/Page_cabi Order Items/input_New Arrivals - Blooming Blush_style"), Keys.chord(ENTER)): Keys 'ENTER + ' sent to object: 'Object Repository/Page_cabi Order Items/input_New Arrivals - Blooming Blush_style'

2019-09-27 19:16:13 - [MESSAGE][PASSED] - Keys 'ENTER + ' sent to object: 'Object Repository/Page_cabi Order Items/input_New Arrivals - Blooming Blush_style'

2019-09-27 19:16:13 - [TEST_STEP][PASSED] - delay(5): Delayed 5 second(s)

2019-09-27 19:16:18 - [MESSAGE][PASSED] - Delayed 5 second(s)

2019-09-27 19:16:18 - [TEST_STEP][PASSED] - if (toString().equalsIgnoreCase("no")): Actual text and expected text of test object 'Object Repository/Page_cabi Order Items/no_result_found' are matched.

2019-09-27 19:16:18 - [TEST_STEP][PASSED] - delay(2): Delayed 2 second(s)

2019-09-27 19:16:20 - [MESSAGE][PASSED] - Delayed 2 second(s)

2019-09-27 19:16:20 - [TEST_STEP][PASSED] - noResultMessages = findWebElements(findTestObject("Page_cabi Order Items/no_result_found"), 5): null

2019-09-27 19:16:20 - [TEST_STEP][PASSED] - println(noResultMessages.size()): null

2019-09-27 19:16:20 - [TEST_STEP][PASSED] - assert noResultMessages.size() > 0: null

2019-09-27 19:16:20 - [TEST_STEP][PASSED] - verifyElementText(findTestObject("Page_cabi Order Items/no_result_found"), "No Results Found!", CONTINUE_ON_FAILURE): Actual text and expected text of test object 'Object Repository/Page_cabi Order Items/no_result_found' are matched.

2019-09-27 19:16:20 - [MESSAGE][PASSED] - Actual text and expected text of test object 'Object Repository/Page_cabi Order Items/no_result_found' are matched.

2019-09-27 19:16:20 - [TEST_STEP][PASSED] - setText(findTestObject("Object Repository/Page_cabi Order Items/input_New Arrivals - Blooming Blush_style"), findTestData("productData").getValue("Style", row)): Text '3869' is set on object 'Object Repository/Page_cabi Order Items/input_New Arrivals - Blooming Blush_style'

2019-09-27 19:16:20 - [MESSAGE][PASSED] - Text '3869' is set on object 'Object Repository/Page_cabi Order Items/input_New Arrivals - Blooming Blush_style'

2019-09-27 19:16:20 - [TEST_STEP][PASSED] - sendKeys(findTestObject("Object Repository/Page_cabi Order Items/input_New Arrivals - Blooming Blush_style"), Keys.chord(ENTER)): Keys 'ENTER + ' sent to object: 'Object Repository/Page_cabi Order Items/input_New Arrivals - Blooming Blush_style'

2019-09-27 19:16:20 - [MESSAGE][PASSED] - Keys 'ENTER + ' sent to object: 'Object Repository/Page_cabi Order Items/input_New Arrivals - Blooming Blush_style'

2019-09-27 19:16:20 - [TEST_STEP][PASSED] - delay(5): Delayed 5 second(s)

2019-09-27 19:16:25 - [MESSAGE][PASSED] - Delayed 5 second(s)

2019-09-27 19:16:25 - [TEST_STEP][PASSED] - if (toString().equalsIgnoreCase("no")): Actual text and expected text of test object 'Object Repository/Page_cabi Order Items/no_result_found' are matched.

2019-09-27 19:16:25 - [TEST_STEP][PASSED] - delay(2): Delayed 2 second(s)

2019-09-27 19:16:27 - [MESSAGE][PASSED] - Delayed 2 second(s)

2019-09-27 19:16:27 - [TEST_STEP][PASSED] - noResultMessages = findWebElements(findTestObject("Page_cabi Order Items/no_result_found"), 5): null

2019-09-27 19:16:27 - [TEST_STEP][PASSED] - println(noResultMessages.size()): null

2019-09-27 19:16:27 - [TEST_STEP][PASSED] - assert noResultMessages.size() > 0: null

2019-09-27 19:16:27 - [TEST_STEP][PASSED] - verifyElementText(findTestObject("Page_cabi Order Items/no_result_found"), "No Results Found!", CONTINUE_ON_FAILURE): Actual text and expected text of test object 'Object Repository/Page_cabi Order Items/no_result_found' are matched.

2019-09-27 19:16:27 - [MESSAGE][PASSED] - Actual text and expected text of test object 'Object Repository/Page_cabi Order Items/no_result_found' are matched.

2019-09-27 19:16:27 - [TEST_STEP][PASSED] - setText(findTestObject("Object Repository/Page_cabi Order Items/input_New Arrivals - Blooming Blush_style"), findTestData("productData").getValue("Style", row)): Text '3870' is set on object 'Object Repository/Page_cabi Order Items/input_New Arrivals - Blooming Blush_style'

2019-09-27 19:16:28 - [MESSAGE][PASSED] - Text '3870' is set on object 'Object Repository/Page_cabi Order Items/input_New Arrivals - Blooming Blush_style'

2019-09-27 19:16:28 - [TEST_STEP][PASSED] - sendKeys(findTestObject("Object Repository/Page_cabi Order Items/input_New Arrivals - Blooming Blush_style"), Keys.chord(ENTER)): Keys 'ENTER + ' sent to object: 'Object Repository/Page_cabi Order Items/input_New Arrivals - Blooming Blush_style'

2019-09-27 19:16:28 - [MESSAGE][PASSED] - Keys 'ENTER + ' sent to object: 'Object Repository/Page_cabi Order Items/input_New Arrivals - Blooming Blush_style'

2019-09-27 19:16:28 - [TEST_STEP][PASSED] - delay(5): Delayed 5 second(s)

2019-09-27 19:16:33 - [MESSAGE][PASSED] - Delayed 5 second(s)

2019-09-27 19:16:33 - [TEST_STEP][PASSED] - if (toString().equalsIgnoreCase("no")): Actual text and expected text of test object 'Object Repository/Page_cabi Order Items/no_result_found' are matched.

2019-09-27 19:16:33 - [TEST_STEP][PASSED] - delay(2): Delayed 2 second(s)

2019-09-27 19:16:35 - [MESSAGE][PASSED] - Delayed 2 second(s)

2019-09-27 19:16:35 - [TEST_STEP][PASSED] - noResultMessages = findWebElements(findTestObject("Page_cabi Order Items/no_result_found"), 5): null

2019-09-27 19:16:35 - [TEST_STEP][PASSED] - println(noResultMessages.size()): null

2019-09-27 19:16:35 - [TEST_STEP][PASSED] - assert noResultMessages.size() > 0: null

2019-09-27 19:16:35 - [TEST_STEP][PASSED] - verifyElementText(findTestObject("Page_cabi Order Items/no_result_found"), "No Results Found!", CONTINUE_ON_FAILURE): Actual text and expected text of test object 'Object Repository/Page_cabi Order Items/no_result_found' are matched.

2019-09-27 19:16:35 - [MESSAGE][PASSED] - Actual text and expected text of test object 'Object Repository/Page_cabi Order Items/no_result_found' are matched.

2019-09-27 19:16:35 - [TEST_STEP][PASSED] - setText(findTestObject("Object Repository/Page_cabi Order Items/input_New Arrivals - Blooming Blush_style"), findTestData("productData").getValue("Style", row)): Text '3871' is set on object 'Object Repository/Page_cabi Order Items/input_New Arrivals - Blooming Blush_style'

2019-09-27 19:16:35 - [MESSAGE][PASSED] - Text '3871' is set on object 'Object Repository/Page_cabi Order Items/input_New Arrivals - Blooming Blush_style'

2019-09-27 19:16:35 - [TEST_STEP][PASSED] - sendKeys(findTestObject("Object Repository/Page_cabi Order Items/input_New Arrivals - Blooming Blush_style"), Keys.chord(ENTER)): Keys 'ENTER + ' sent to object: 'Object Repository/Page_cabi Order Items/input_New Arrivals - Blooming Blush_style'

2019-09-27 19:16:35 - [MESSAGE][PASSED] - Keys 'ENTER + ' sent to object: 'Object Repository/Page_cabi Order Items/input_New Arrivals - Blooming Blush_style'

2019-09-27 19:16:35 - [TEST_STEP][PASSED] - delay(5): Delayed 5 second(s)

2019-09-27 19:16:40 - [MESSAGE][PASSED] - Delayed 5 second(s)

2019-09-27 19:16:40 - [TEST_STEP][PASSED] - if (toString().equalsIgnoreCase("no")): Actual text and expected text of test object 'Object Repository/Page_cabi Order Items/no_result_found' are matched.

2019-09-27 19:16:40 - [TEST_STEP][PASSED] - delay(2): Delayed 2 second(s)

2019-09-27 19:16:42 - [MESSAGE][PASSED] - Delayed 2 second(s)

2019-09-27 19:16:42 - [TEST_STEP][PASSED] - noResultMessages = findWebElements(findTestObject("Page_cabi Order Items/no_result_found"), 5): null

2019-09-27 19:16:42 - [TEST_STEP][PASSED] - println(noResultMessages.size()): null

2019-09-27 19:16:42 - [TEST_STEP][PASSED] - assert noResultMessages.size() > 0: null

2019-09-27 19:16:42 - [TEST_STEP][PASSED] - verifyElementText(findTestObject("Page_cabi Order Items/no_result_found"), "No Results Found!", CONTINUE_ON_FAILURE): Actual text and expected text of test object 'Object Repository/Page_cabi Order Items/no_result_found' are matched.

2019-09-27 19:16:42 - [MESSAGE][PASSED] - Actual text and expected text of test object 'Object Repository/Page_cabi Order Items/no_result_found' are matched.

2019-09-27 19:16:42 - [TEST_STEP][PASSED] - setText(findTestObject("Object Repository/Page_cabi Order Items/input_New Arrivals - Blooming Blush_style"), findTestData("productData").getValue("Style", row)): Text '3857' is set on object 'Object Repository/Page_cabi Order Items/input_New Arrivals - Blooming Blush_style'

2019-09-27 19:16:42 - [MESSAGE][PASSED] - Text '3857' is set on object 'Object Repository/Page_cabi Order Items/input_New Arrivals - Blooming Blush_style'

2019-09-27 19:16:42 - [TEST_STEP][PASSED] - sendKeys(findTestObject("Object Repository/Page_cabi Order Items/input_New Arrivals - Blooming Blush_style"), Keys.chord(ENTER)): Keys 'ENTER + ' sent to object: 'Object Repository/Page_cabi Order Items/input_New Arrivals - Blooming Blush_style'

2019-09-27 19:16:42 - [MESSAGE][PASSED] - Keys 'ENTER + ' sent to object: 'Object Repository/Page_cabi Order Items/input_New Arrivals - Blooming Blush_style'

2019-09-27 19:16:42 - [TEST_STEP][PASSED] - delay(5): Delayed 5 second(s)

2019-09-27 19:16:47 - [MESSAGE][PASSED] - Delayed 5 second(s)

2019-09-27 19:16:47 - [TEST_STEP][PASSED] - if (toString().equalsIgnoreCase("no")): Actual text and expected text of test object 'Object Repository/Page_cabi Order Items/no_result_found' are matched.

2019-09-27 19:16:47 - [TEST_STEP][PASSED] - delay(2): Delayed 2 second(s)

2019-09-27 19:16:49 - [MESSAGE][PASSED] - Delayed 2 second(s)

2019-09-27 19:16:49 - [TEST_STEP][PASSED] - noResultMessages = findWebElements(findTestObject("Page_cabi Order Items/no_result_found"), 5): null

2019-09-27 19:16:49 - [TEST_STEP][PASSED] - println(noResultMessages.size()): null

2019-09-27 19:16:49 - [TEST_STEP][PASSED] - assert noResultMessages.size() > 0: null

2019-09-27 19:16:49 - [TEST_STEP][PASSED] - verifyElementText(findTestObject("Page_cabi Order Items/no_result_found"), "No Results Found!", CONTINUE_ON_FAILURE): Actual text and expected text of test object 'Object Repository/Page_cabi Order Items/no_result_found' are matched.

2019-09-27 19:16:49 - [MESSAGE][PASSED] - Actual text and expected text of test object 'Object Repository/Page_cabi Order Items/no_result_found' are matched.

2019-09-27 19:16:49 - [TEST_STEP][PASSED] - setText(findTestObject("Object Repository/Page_cabi Order Items/input_New Arrivals - Blooming Blush_style"), findTestData("productData").getValue("Style", row)): Text '3864' is set on object 'Object Repository/Page_cabi Order Items/input_New Arrivals - Blooming Blush_style'

2019-09-27 19:16:49 - [MESSAGE][PASSED] - Text '3864' is set on object 'Object Repository/Page_cabi Order Items/input_New Arrivals - Blooming Blush_style'

2019-09-27 19:16:49 - [TEST_STEP][PASSED] - sendKeys(findTestObject("Object Repository/Page_cabi Order Items/input_New Arrivals - Blooming Blush_style"), Keys.chord(ENTER)): Keys 'ENTER + ' sent to object: 'Object Repository/Page_cabi Order Items/input_New Arrivals - Blooming Blush_style'

2019-09-27 19:16:49 - [MESSAGE][PASSED] - Keys 'ENTER + ' sent to object: 'Object Repository/Page_cabi Order Items/input_New Arrivals - Blooming Blush_style'

2019-09-27 19:16:49 - [TEST_STEP][PASSED] - delay(5): Delayed 5 second(s)

2019-09-27 19:16:54 - [MESSAGE][PASSED] - Delayed 5 second(s)

2019-09-27 19:16:54 - [TEST_STEP][PASSED] - if (toString().equalsIgnoreCase("no")): Actual text and expected text of test object 'Object Repository/Page_cabi Order Items/no_result_found' are matched.

2019-09-27 19:16:54 - [TEST_STEP][PASSED] - delay(2): Delayed 2 second(s)

2019-09-27 19:16:56 - [MESSAGE][PASSED] - Delayed 2 second(s)

2019-09-27 19:16:56 - [TEST_STEP][PASSED] - noResultMessages = findWebElements(findTestObject("Page_cabi Order Items/no_result_found"), 5): null

2019-09-27 19:16:56 - [TEST_STEP][PASSED] - println(noResultMessages.size()): null

2019-09-27 19:16:56 - [TEST_STEP][PASSED] - assert noResultMessages.size() > 0: null

2019-09-27 19:16:56 - [TEST_STEP][PASSED] - verifyElementText(findTestObject("Page_cabi Order Items/no_result_found"), "No Results Found!", CONTINUE_ON_FAILURE): Actual text and expected text of test object 'Object Repository/Page_cabi Order Items/no_result_found' are matched.

2019-09-27 19:16:56 - [MESSAGE][PASSED] - Actual text and expected text of test object 'Object Repository/Page_cabi Order Items/no_result_found' are matched.

2019-09-27 19:16:56 - [TEST_STEP][PASSED] - setText(findTestObject("Object Repository/Page_cabi Order Items/input_New Arrivals - Blooming Blush_style"), findTestData("productData").getValue("Style", row)): Text '3865' is set on object 'Object Repository/Page_cabi Order Items/input_New Arrivals - Blooming Blush_style'

2019-09-27 19:16:57 - [MESSAGE][PASSED] - Text '3865' is set on object 'Object Repository/Page_cabi Order Items/input_New Arrivals - Blooming Blush_style'

2019-09-27 19:16:57 - [TEST_STEP][PASSED] - sendKeys(findTestObject("Object Repository/Page_cabi Order Items/input_New Arrivals - Blooming Blush_style"), Keys.chord(ENTER)): Keys 'ENTER + ' sent to object: 'Object Repository/Page_cabi Order Items/input_New Arrivals - Blooming Blush_style'

2019-09-27 19:16:57 - [MESSAGE][PASSED] - Keys 'ENTER + ' sent to object: 'Object Repository/Page_cabi Order Items/input_New Arrivals - Blooming Blush_style'

2019-09-27 19:16:57 - [TEST_STEP][PASSED] - delay(5): Delayed 5 second(s)

2019-09-27 19:17:02 - [MESSAGE][PASSED] - Delayed 5 second(s)

2019-09-27 19:17:02 - [TEST_STEP][PASSED] - if (toString().equalsIgnoreCase("no")): Actual text and expected text of test object 'Object Repository/Page_cabi Order Items/no_result_found' are matched.

2019-09-27 19:17:02 - [TEST_STEP][PASSED] - delay(2): Delayed 2 second(s)

2019-09-27 19:17:04 - [MESSAGE][PASSED] - Delayed 2 second(s)

2019-09-27 19:17:04 - [TEST_STEP][PASSED] - noResultMessages = findWebElements(findTestObject("Page_cabi Order Items/no_result_found"), 5): null

2019-09-27 19:17:04 - [TEST_STEP][PASSED] - println(noResultMessages.size()): null

2019-09-27 19:17:04 - [TEST_STEP][PASSED] - assert noResultMessages.size() > 0: null

2019-09-27 19:17:04 - [TEST_STEP][PASSED] - verifyElementText(findTestObject("Page_cabi Order Items/no_result_found"), "No Results Found!", CONTINUE_ON_FAILURE): Actual text and expected text of test object 'Object Repository/Page_cabi Order Items/no_result_found' are matched.

2019-09-27 19:17:04 - [MESSAGE][PASSED] - Actual text and expected text of test object 'Object Repository/Page_cabi Order Items/no_result_found' are matched.

2019-09-27 19:17:04 - [TEST_STEP][PASSED] - setText(findTestObject("Object Repository/Page_cabi Order Items/input_New Arrivals - Blooming Blush_style"), findTestData("productData").getValue("Style", row)): Text '3843' is set on object 'Object Repository/Page_cabi Order Items/input_New Arrivals - Blooming Blush_style'

2019-09-27 19:17:04 - [MESSAGE][PASSED] - Text '3843' is set on object 'Object Repository/Page_cabi Order Items/input_New Arrivals - Blooming Blush_style'

2019-09-27 19:17:04 - [TEST_STEP][PASSED] - sendKeys(findTestObject("Object Repository/Page_cabi Order Items/input_New Arrivals - Blooming Blush_style"), Keys.chord(ENTER)): Keys 'ENTER + ' sent to object: 'Object Repository/Page_cabi Order Items/input_New Arrivals - Blooming Blush_style'

2019-09-27 19:17:04 - [MESSAGE][PASSED] - Keys 'ENTER + ' sent to object: 'Object Repository/Page_cabi Order Items/input_New Arrivals - Blooming Blush_style'

2019-09-27 19:17:04 - [TEST_STEP][PASSED] - delay(5): Delayed 5 second(s)

2019-09-27 19:17:09 - [MESSAGE][PASSED] - Delayed 5 second(s)

2019-09-27 19:17:09 - [TEST_STEP][PASSED] - if (toString().equalsIgnoreCase("no")): Actual text and expected text of test object 'Object Repository/Page_cabi Order Items/no_result_found' are matched.

2019-09-27 19:17:09 - [TEST_STEP][PASSED] - delay(2): Delayed 2 second(s)

2019-09-27 19:17:11 - [MESSAGE][PASSED] - Delayed 2 second(s)

2019-09-27 19:17:11 - [TEST_STEP][PASSED] - noResultMessages = findWebElements(findTestObject("Page_cabi Order Items/no_result_found"), 5): null

2019-09-27 19:17:11 - [TEST_STEP][PASSED] - println(noResultMessages.size()): null

2019-09-27 19:17:11 - [TEST_STEP][PASSED] - assert noResultMessages.size() > 0: null

2019-09-27 19:17:11 - [TEST_STEP][PASSED] - verifyElementText(findTestObject("Page_cabi Order Items/no_result_found"), "No Results Found!", CONTINUE_ON_FAILURE): Actual text and expected text of test object 'Object Repository/Page_cabi Order Items/no_result_found' are matched.

2019-09-27 19:17:11 - [MESSAGE][PASSED] - Actual text and expected text of test object 'Object Repository/Page_cabi Order Items/no_result_found' are matched.

2019-09-27 19:17:11 - [TEST_STEP][PASSED] - setText(findTestObject("Object Repository/Page_cabi Order Items/input_New Arrivals - Blooming Blush_style"), findTestData("productData").getValue("Style", row)): Text '3846' is set on object 'Object Repository/Page_cabi Order Items/input_New Arrivals - Blooming Blush_style'

2019-09-27 19:17:11 - [MESSAGE][PASSED] - Text '3846' is set on object 'Object Repository/Page_cabi Order Items/input_New Arrivals - Blooming Blush_style'

2019-09-27 19:17:11 - [TEST_STEP][PASSED] - sendKeys(findTestObject("Object Repository/Page_cabi Order Items/input_New Arrivals - Blooming Blush_style"), Keys.chord(ENTER)): Keys 'ENTER + ' sent to object: 'Object Repository/Page_cabi Order Items/input_New Arrivals - Blooming Blush_style'

2019-09-27 19:17:11 - [MESSAGE][PASSED] - Keys 'ENTER + ' sent to object: 'Object Repository/Page_cabi Order Items/input_New Arrivals - Blooming Blush_style'

2019-09-27 19:17:11 - [TEST_STEP][PASSED] - delay(5): Delayed 5 second(s)

2019-09-27 19:17:16 - [MESSAGE][PASSED] - Delayed 5 second(s)

2019-09-27 19:17:16 - [TEST_STEP][PASSED] - if (toString().equalsIgnoreCase("no")): Actual text and expected text of test object 'Object Repository/Page_cabi Order Items/no_result_found' are matched.

2019-09-27 19:17:16 - [TEST_STEP][PASSED] - delay(2): Delayed 2 second(s)

2019-09-27 19:17:18 - [MESSAGE][PASSED] - Delayed 2 second(s)

2019-09-27 19:17:18 - [TEST_STEP][PASSED] - noResultMessages = findWebElements(findTestObject("Page_cabi Order Items/no_result_found"), 5): null

2019-09-27 19:17:18 - [TEST_STEP][PASSED] - println(noResultMessages.size()): null

2019-09-27 19:17:18 - [TEST_STEP][PASSED] - assert noResultMessages.size() > 0: null

2019-09-27 19:17:18 - [TEST_STEP][PASSED] - verifyElementText(findTestObject("Page_cabi Order Items/no_result_found"), "No Results Found!", CONTINUE_ON_FAILURE): Actual text and expected text of test object 'Object Repository/Page_cabi Order Items/no_result_found' are matched.

2019-09-27 19:17:18 - [MESSAGE][PASSED] - Actual text and expected text of test object 'Object Repository/Page_cabi Order Items/no_result_found' are matched.

2019-09-27 19:17:18 - [TEST_STEP][PASSED] - setText(findTestObject("Object Repository/Page_cabi Order Items/input_New Arrivals - Blooming Blush_style"), findTestData("productData").getValue("Style", row)): Text '3861' is set on object 'Object Repository/Page_cabi Order Items/input_New Arrivals - Blooming Blush_style'

2019-09-27 19:17:18 - [MESSAGE][PASSED] - Text '3861' is set on object 'Object Repository/Page_cabi Order Items/input_New Arrivals - Blooming Blush_style'

2019-09-27 19:17:18 - [TEST_STEP][PASSED] - sendKeys(findTestObject("Object Repository/Page_cabi Order Items/input_New Arrivals - Blooming Blush_style"), Keys.chord(ENTER)): Keys 'ENTER + ' sent to object: 'Object Repository/Page_cabi Order Items/input_New Arrivals - Blooming Blush_style'

2019-09-27 19:17:18 - [MESSAGE][PASSED] - Keys 'ENTER + ' sent to object: 'Object Repository/Page_cabi Order Items/input_New Arrivals - Blooming Blush_style'

2019-09-27 19:17:18 - [TEST_STEP][PASSED] - delay(5): Delayed 5 second(s)

2019-09-27 19:17:23 - [MESSAGE][PASSED] - Delayed 5 second(s)

2019-09-27 19:17:23 - [TEST_STEP][PASSED] - if (toString().equalsIgnoreCase("no")): Actual text and expected text of test object 'Object Repository/Page_cabi Order Items/no_result_found' are matched.

2019-09-27 19:17:23 - [TEST_STEP][PASSED] - delay(2): Delayed 2 second(s)

2019-09-27 19:17:25 - [MESSAGE][PASSED] - Delayed 2 second(s)

2019-09-27 19:17:25 - [TEST_STEP][PASSED] - noResultMessages = findWebElements(findTestObject("Page_cabi Order Items/no_result_found"), 5): null

2019-09-27 19:17:25 - [TEST_STEP][PASSED] - println(noResultMessages.size()): null

2019-09-27 19:17:25 - [TEST_STEP][PASSED] - assert noResultMessages.size() > 0: null

2019-09-27 19:17:25 - [TEST_STEP][PASSED] - verifyElementText(findTestObject("Page_cabi Order Items/no_result_found"), "No Results Found!", CONTINUE_ON_FAILURE): Actual text and expected text of test object 'Object Repository/Page_cabi Order Items/no_result_found' are matched.

2019-09-27 19:17:26 - [MESSAGE][PASSED] - Actual text and expected text of test object 'Object Repository/Page_cabi Order Items/no_result_found' are matched.

2019-09-27 19:17:26 - [TEST_STEP][PASSED] - setText(findTestObject("Object Repository/Page_cabi Order Items/input_New Arrivals - Blooming Blush_style"), findTestData("productData").getValue("Style", row)): Text '3863' is set on object 'Object Repository/Page_cabi Order Items/input_New Arrivals - Blooming Blush_style'

2019-09-27 19:17:26 - [MESSAGE][PASSED] - Text '3863' is set on object 'Object Repository/Page_cabi Order Items/input_New Arrivals - Blooming Blush_style'

2019-09-27 19:17:26 - [TEST_STEP][PASSED] - sendKeys(findTestObject("Object Repository/Page_cabi Order Items/input_New Arrivals - Blooming Blush_style"), Keys.chord(ENTER)): Keys 'ENTER + ' sent to object: 'Object Repository/Page_cabi Order Items/input_New Arrivals - Blooming Blush_style'

2019-09-27 19:17:26 - [MESSAGE][PASSED] - Keys 'ENTER + ' sent to object: 'Object Repository/Page_cabi Order Items/input_New Arrivals - Blooming Blush_style'

2019-09-27 19:17:26 - [TEST_STEP][PASSED] - delay(5): Delayed 5 second(s)

2019-09-27 19:17:31 - [MESSAGE][PASSED] - Delayed 5 second(s)

2019-09-27 19:17:31 - [TEST_STEP][PASSED] - if (toString().equalsIgnoreCase("no")): Actual text and expected text of test object 'Object Repository/Page_cabi Order Items/no_result_found' are matched.

2019-09-27 19:17:31 - [TEST_STEP][PASSED] - delay(2): Delayed 2 second(s)

2019-09-27 19:17:33 - [MESSAGE][PASSED] - Delayed 2 second(s)

2019-09-27 19:17:33 - [TEST_STEP][PASSED] - noResultMessages = findWebElements(findTestObject("Page_cabi Order Items/no_result_found"), 5): null

2019-09-27 19:17:33 - [TEST_STEP][PASSED] - println(noResultMessages.size()): null

2019-09-27 19:17:33 - [TEST_STEP][PASSED] - assert noResultMessages.size() > 0: null

2019-09-27 19:17:33 - [TEST_STEP][PASSED] - verifyElementText(findTestObject("Page_cabi Order Items/no_result_found"), "No Results Found!", CONTINUE_ON_FAILURE): Actual text and expected text of test object 'Object Repository/Page_cabi Order Items/no_result_found' are matched.

2019-09-27 19:17:33 - [MESSAGE][PASSED] - Actual text and expected text of test object 'Object Repository/Page_cabi Order Items/no_result_found' are matched.

2019-09-27 19:17:33 - [TEST_STEP][PASSED] - setText(findTestObject("Object Repository/Page_cabi Order Items/input_New Arrivals - Blooming Blush_style"), findTestData("productData").getValue("Style", row)): Text '3850' is set on object 'Object Repository/Page_cabi Order Items/input_New Arrivals - Blooming Blush_style'

2019-09-27 19:17:33 - [MESSAGE][PASSED] - Text '3850' is set on object 'Object Repository/Page_cabi Order Items/input_New Arrivals - Blooming Blush_style'

2019-09-27 19:17:33 - [TEST_STEP][PASSED] - sendKeys(findTestObject("Object Repository/Page_cabi Order Items/input_New Arrivals - Blooming Blush_style"), Keys.chord(ENTER)): Keys 'ENTER + ' sent to object: 'Object Repository/Page_cabi Order Items/input_New Arrivals - Blooming Blush_style'

2019-09-27 19:17:33 - [MESSAGE][PASSED] - Keys 'ENTER + ' sent to object: 'Object Repository/Page_cabi Order Items/input_New Arrivals - Blooming Blush_style'

2019-09-27 19:17:33 - [TEST_STEP][PASSED] - delay(5): Delayed 5 second(s)

2019-09-27 19:17:38 - [MESSAGE][PASSED] - Delayed 5 second(s)

2019-09-27 19:17:38 - [TEST_STEP][PASSED] - if (toString().equalsIgnoreCase("no")): Actual text and expected text of test object 'Object Repository/Page_cabi Order Items/no_result_found' are matched.

2019-09-27 19:17:38 - [TEST_STEP][PASSED] - delay(2): Delayed 2 second(s)

2019-09-27 19:17:40 - [MESSAGE][PASSED] - Delayed 2 second(s)

2019-09-27 19:17:40 - [TEST_STEP][PASSED] - noResultMessages = findWebElements(findTestObject("Page_cabi Order Items/no_result_found"), 5): null

2019-09-27 19:17:40 - [TEST_STEP][PASSED] - println(noResultMessages.size()): null

2019-09-27 19:17:40 - [TEST_STEP][PASSED] - assert noResultMessages.size() > 0: null

2019-09-27 19:17:40 - [TEST_STEP][PASSED] - verifyElementText(findTestObject("Page_cabi Order Items/no_result_found"), "No Results Found!", CONTINUE_ON_FAILURE): Actual text and expected text of test object 'Object Repository/Page_cabi Order Items/no_result_found' are matched.

2019-09-27 19:17:40 - [MESSAGE][PASSED] - Actual text and expected text of test object 'Object Repository/Page_cabi Order Items/no_result_found' are matched.

2019-09-27 19:17:40 - [MESSAGE][PASSED] - Call Test Case 'Test Cases/NewArrival/productVerify' successfully

2019-09-27 19:17:40 - [TEST_STEP][PASSED] - callTestCase(findTestCase("NewArrival/populateTimeGlobalVars"), ["row":timeRow], CONTINUE_ON_FAILURE): Call Test Case 'Test Cases/NewArrival/populateTimeGlobalVars' successfully

2019-09-27 19:17:40 - [TEST_CASE][PASSED] - Test Cases/NewArrival/populateTimeGlobalVars: Test Cases/NewArrival/populateTimeGlobalVars

2019-09-27 19:17:40 - [TEST_STEP][PASSED] - dataFile = "timezoneData": null

2019-09-27 19:17:40 - [TEST_STEP][PASSED] - clockServerTarget = UtilityMethods.getTestData("envtData", "clockServerTarget", 1): null

2019-09-27 19:17:40 - [TEST_STEP][PASSED] - println(clockServerTarget): null

2019-09-27 19:17:40 - [TEST_STEP][PASSED] - orderType = UtilityMethods.getTestData(dataFile, "orderType", row): null

2019-09-27 19:17:40 - [TEST_STEP][PASSED] - timeZone = UtilityMethods.getTestData(dataFile, "timeZone", row): null

2019-09-27 19:17:40 - [TEST_STEP][PASSED] - BOPersonal = UtilityMethods.getTestData(dataFile, "BOPersonal", row): null

2019-09-27 19:17:40 - [TEST_STEP][PASSED] - BOAddonPersonal = UtilityMethods.getTestData(dataFile, "BOAddonPersonal", row): null

2019-09-27 19:17:40 - [TEST_STEP][PASSED] - BOAddonRetail = UtilityMethods.getTestData(dataFile, "BOAddonRetail", row): null

2019-09-27 19:17:40 - [TEST_STEP][PASSED] - BORetail = UtilityMethods.getTestData(dataFile, "BORetail", row): null

2019-09-27 19:17:40 - [TEST_STEP][PASSED] - BOShow = UtilityMethods.getTestData(dataFile, "BOShow", row): null

2019-09-27 19:17:40 - [TEST_STEP][PASSED] - BOOnlineoutlet = UtilityMethods.getTestData(dataFile, "BOOnlineoutlet", row): null

2019-09-27 19:17:40 - [TEST_STEP][PASSED] - BOEmployee = UtilityMethods.getTestData(dataFile, "BOEmployee", row): null

2019-09-27 19:17:40 - [TEST_STEP][PASSED] - CCPersonal = UtilityMethods.getTestData(dataFile, "CCPersonal", row): null

2019-09-27 19:17:40 - [TEST_STEP][PASSED] - CCRetail = UtilityMethods.getTestData(dataFile, "CCRetail", row): null

2019-09-27 19:17:40 - [TEST_STEP][PASSED] - CCShow = UtilityMethods.getTestData(dataFile, "CCShow", row): null

2019-09-27 19:17:40 - [TEST_STEP][PASSED] - BOEblast = UtilityMethods.getTestData(dataFile, "BOEblast", row): null

2019-09-27 19:17:40 - [TEST_STEP][PASSED] - println(row): null

2019-09-27 19:17:40 - [TEST_STEP][PASSED] - println(BOPersonal): null

2019-09-27 19:17:40 - [MESSAGE][PASSED] - Call Test Case 'Test Cases/NewArrival/populateTimeGlobalVars' successfully

2019-09-27 19:17:40 - [TEST_STEP][PASSED] - callTestCase(findTestCase("NewArrival/setTimezone"), ["ofbizURL":"", "ofbizuser":"", "ofbizpass":"", "orderType":orderType, "timeZone":timeZone, "serverTarget":serverTarget, "clockServerTarget":clockServerTarget], CONTINUE_ON_FAILURE): Call Test Case 'Test Cases/NewArrival/setTimezone' successfully

2019-09-27 19:17:40 - [TEST_CASE][PASSED] - Test Cases/NewArrival/setTimezone: Test Cases/NewArrival/setTimezone

2019-09-27 19:17:40 - [TEST_STEP][PASSED] - openBrowser(""): Browser is opened with url: ''

2019-09-27 19:17:40 - [MESSAGE][WARNING] - A browser is already opened. Closing browser and opening a new one

2019-09-27 19:17:41 - [MESSAGE][INFO] - Starting 'Chrome' driver

2019-09-27 19:17:41 - [MESSAGE][INFO] - User set preference: ['args', '[--use-fake-ui-for-media-stream, --start-maximized]']

2019-09-27 19:17:43 - [MESSAGE][PASSED] - Browser is opened with url: ''

2019-09-27 19:17:43 - [TEST_STEP][NOT_RUN] - maximizeWindow(): NOT_RUN: maximizeWindow()

2019-09-27 19:17:43 - [MESSAGE][NOT_RUN] - NOT_RUN: maximizeWindow()

2019-09-27 19:17:43 - [TEST_STEP][PASSED] - ofbizURL = findTestData("envtData").getValue("ofbizURL", 1): null

2019-09-27 19:17:43 - [TEST_STEP][PASSED] - ofbizuser = findTestData("credData").getValue("ofbizuser", 1): null

2019-09-27 19:17:43 - [TEST_STEP][PASSED] - ofbizpass = findTestData("credData").getValue("ofbizpass", 1): null

2019-09-27 19:17:43 - [TEST_STEP][PASSED] - navigateToUrl(ofbizURL): Navigate to 'https://pushofbiz.cliotest.com/login.php' successfully

2019-09-27 19:17:45 - [MESSAGE][PASSED] - Navigate to 'https://pushofbiz.cliotest.com/login.php' successfully

2019-09-27 19:17:45 - [TEST_STEP][PASSED] - setText(findTestObject("Page_/input_Username_username"), ofbizuser): Text 'automation' is set on object 'Object Repository/Page_/input_Username_username'

2019-09-27 19:17:45 - [MESSAGE][PASSED] - Text 'automation' is set on object 'Object Repository/Page_/input_Username_username'

2019-09-27 19:17:45 - [TEST_STEP][PASSED] - setText(findTestObject("Page_/input_Password_password"), ofbizpass): Text 'cabiautomation' is set on object 'Object Repository/Page_/input_Password_password'

2019-09-27 19:17:45 - [MESSAGE][PASSED] - Text 'cabiautomation' is set on object 'Object Repository/Page_/input_Password_password'

2019-09-27 19:17:45 - [TEST_STEP][PASSED] - click(findTestObject("Page_/input_Password_Submit")): Object: 'Object Repository/Page_/input_Password_Submit' is clicked on

2019-09-27 19:17:50 - [MESSAGE][PASSED] - Object: 'Object Repository/Page_/input_Password_Submit' is clicked on

2019-09-27 19:17:50 - [TEST_STEP][PASSED] - click(findTestObject("Object Repository/Page_/a_Clock set")): Object: 'Object Repository/Page_/a_Clock set' is clicked on

2019-09-27 19:17:50 - [MESSAGE][PASSED] - Object: 'Object Repository/Page_/a_Clock set' is clicked on

2019-09-27 19:17:50 - [TEST_STEP][PASSED] - cst = UtilityMethods.createTestObject("select_target", "//select[@name='Target']/option[contains(text(), '", clockServerTarget, "')]"): null

2019-09-27 19:17:50 - [TEST_STEP][PASSED] - println(clockServerTarget): null

2019-09-27 19:17:50 - [TEST_STEP][PASSED] - click(cst): Object: 'select_target' is clicked on

2019-09-27 19:17:50 - [MESSAGE][PASSED] - Object: 'select_target' is clicked on

2019-09-27 19:17:50 - [TEST_STEP][PASSED] - click(findTestObject("Page_/thisDateAndTime")): Object: 'Object Repository/Page_/thisDateAndTime' is clicked on

2019-09-27 19:17:50 - [MESSAGE][PASSED] - Object: 'Object Repository/Page_/thisDateAndTime' is clicked on

2019-09-27 19:17:50 - [TEST_STEP][PASSED] - setText(findTestObject("Object Repository/Page_/setTargetTime"), timeZone): Text ' 11/06/2019 7:00' is set on object 'Object Repository/Page_/setTargetTime'

2019-09-27 19:17:50 - [MESSAGE][PASSED] - Text ' 11/06/2019 7:00' is set on object 'Object Repository/Page_/setTargetTime'

2019-09-27 19:17:50 - [TEST_STEP][PASSED] - click(findTestObject("Object Repository/Page_/input")): Object: 'Object Repository/Page_/input' is clicked on

2019-09-27 19:17:51 - [MESSAGE][PASSED] - Object: 'Object Repository/Page_/input' is clicked on

2019-09-27 19:17:51 - [TEST_STEP][PASSED] - delay(10): Delayed 10 second(s)

2019-09-27 19:18:01 - [MESSAGE][PASSED] - Delayed 10 second(s)

2019-09-27 19:18:01 - [TEST_STEP][NOT_RUN] - closeBrowser(): NOT_RUN: closeBrowser()

2019-09-27 19:18:01 - [MESSAGE][NOT_RUN] - NOT_RUN: closeBrowser()

2019-09-27 19:18:01 - [MESSAGE][PASSED] - Call Test Case 'Test Cases/NewArrival/setTimezone' successfully

2019-09-27 19:18:01 - [TEST_STEP][PASSED] - callTestCase(findTestCase("TestCaseUtilities/backOfficeLogin"), ["BOURL":"", "BOuser":"", "BOpass":""], CONTINUE_ON_FAILURE): Call Test Case 'Test Cases/TestCaseUtilities/backOfficeLogin' successfully

2019-09-27 19:18:01 - [TEST_CASE][PASSED] - Test Cases/TestCaseUtilities/backOfficeLogin: Test Cases/TestCaseUtilities/backOfficeLogin

2019-09-27 19:18:01 - [TEST_STEP][PASSED] - BOURL = findTestData("envtData").getValue("BOURL", 1): null

2019-09-27 19:18:01 - [TEST_STEP][PASSED] - BOuser = findTestData("credData").getValue("BOuser", 1): null

2019-09-27 19:18:01 - [TEST_STEP][PASSED] - BOpass = findTestData("credData").getValue("BOpass", 1): null

2019-09-27 19:18:01 - [TEST_STEP][PASSED] - openBrowser(""): Browser is opened with url: ''

2019-09-27 19:18:01 - [MESSAGE][WARNING] - A browser is already opened. Closing browser and opening a new one

2019-09-27 19:18:02 - [MESSAGE][INFO] - Starting 'Chrome' driver

2019-09-27 19:18:02 - [MESSAGE][INFO] - User set preference: ['args', '[--use-fake-ui-for-media-stream, --start-maximized]']

2019-09-27 19:18:04 - [MESSAGE][PASSED] - Browser is opened with url: ''

2019-09-27 19:18:04 - [TEST_STEP][PASSED] - navigateToUrl(BOURL): Navigate to 'https://test4.cliotest.com/backoffice/control/main' successfully

2019-09-27 19:18:11 - [MESSAGE][PASSED] - Navigate to 'https://test4.cliotest.com/backoffice/control/main' successfully

2019-09-27 19:18:11 - [TEST_STEP][PASSED] - logOut = findWebElements(findTestObject("Object Repository/Page_cabi Home/log_out"), 1): Unable to find the element located by 'By.xpath: //a[contains(text(),'Log Out')]'. Please recheck the objects properties to make sure the desired element is located. 

2019-09-27 19:18:12 - [MESSAGE][INFO] - Unable to find the element located by 'By.xpath: //a[contains(text(),'Log Out')]'. Please recheck the objects properties to make sure the desired element is located. 

2019-09-27 19:18:12 - [TEST_STEP][PASSED] - if (logOut.size() == 0): Object: 'Object Repository/Page_cabi/input_Welcome to_consultantLogin' is clicked on

2019-09-27 19:18:12 - [TEST_STEP][PASSED] - setText(findTestObject("Page_cabi/input_Welcome to_USERNAME"), BOuser): Text '400000002' is set on object 'Object Repository/Page_cabi/input_Welcome to_USERNAME'

2019-09-27 19:18:12 - [MESSAGE][PASSED] - Text '400000002' is set on object 'Object Repository/Page_cabi/input_Welcome to_USERNAME'

2019-09-27 19:18:12 - [TEST_STEP][PASSED] - setText(findTestObject("Object Repository/Page_cabi/input_Welcome to_PASSWORD"), BOpass): Text 'blackdress19' is set on object 'Object Repository/Page_cabi/input_Welcome to_PASSWORD'

2019-09-27 19:18:13 - [MESSAGE][PASSED] - Text 'blackdress19' is set on object 'Object Repository/Page_cabi/input_Welcome to_PASSWORD'

2019-09-27 19:18:13 - [TEST_STEP][PASSED] - click(findTestObject("Object Repository/Page_cabi/input_Welcome to_consultantLogin")): Object: 'Object Repository/Page_cabi/input_Welcome to_consultantLogin' is clicked on

2019-09-27 19:18:24 - [MESSAGE][PASSED] - Object: 'Object Repository/Page_cabi/input_Welcome to_consultantLogin' is clicked on

2019-09-27 19:18:24 - [TEST_STEP][PASSED] - delay(3): Delayed 3 second(s)

2019-09-27 19:18:27 - [MESSAGE][PASSED] - Delayed 3 second(s)

2019-09-27 19:18:27 - [MESSAGE][PASSED] - Call Test Case 'Test Cases/TestCaseUtilities/backOfficeLogin' successfully

2019-09-27 19:18:27 - [TEST_STEP][PASSED] - click(findTestObject("Object Repository/Page_cabi Home/a_Shows  Orders")): Object: 'Object Repository/Page_cabi Home/a_Shows  Orders' is clicked on

2019-09-27 19:18:27 - [MESSAGE][PASSED] - Object: 'Object Repository/Page_cabi Home/a_Shows  Orders' is clicked on

2019-09-27 19:18:27 - [TEST_STEP][PASSED] - delay(3): Delayed 3 second(s)

2019-09-27 19:18:30 - [MESSAGE][PASSED] - Delayed 3 second(s)

2019-09-27 19:18:30 - [TEST_STEP][PASSED] - rightClick(findTestObject("Page_cabi Home/a_online_outline_purchases")): Object: 'Object Repository/Page_cabi Home/a_online_outline_purchases' is right clicked on

2019-09-27 19:18:30 - [MESSAGE][PASSED] - Object: 'Object Repository/Page_cabi Home/a_online_outline_purchases' is right clicked on

2019-09-27 19:18:30 - [TEST_STEP][PASSED] - click(findTestObject("Page_cabi Home/a_online_outline_purchases")): Object: 'Object Repository/Page_cabi Home/a_online_outline_purchases' is clicked on

2019-09-27 19:18:34 - [MESSAGE][PASSED] - Object: 'Object Repository/Page_cabi Home/a_online_outline_purchases' is clicked on

2019-09-27 19:18:34 - [TEST_STEP][PASSED] - click(findTestObject("Object Repository/Page_cabi Online Outlet Store/span_Continue to Order")): Object: 'Object Repository/Page_cabi Online Outlet Store/span_Continue to Order' is clicked on

2019-09-27 19:18:35 - [MESSAGE][PASSED] - Object: 'Object Repository/Page_cabi Online Outlet Store/span_Continue to Order' is clicked on

2019-09-27 19:18:35 - [TEST_STEP][PASSED] - callTestCase(findTestCase("NewArrival/productVerify"), ["available":BOOnlineoutlet, "storeType":"BOOnlineoutlet"], CONTINUE_ON_FAILURE): Call Test Case 'Test Cases/NewArrival/productVerify' successfully

2019-09-27 19:18:35 - [TEST_CASE][PASSED] - Test Cases/NewArrival/productVerify: Test Cases/NewArrival/productVerify

2019-09-27 19:18:35 - [TEST_STEP][PASSED] - for ([row = 1, row <= findTestData("productData").getRowNumbers(), (row++)]): Actual text and expected text of test object 'Object Repository/Page_cabi Order Items/no_result_found' are matched.

2019-09-27 19:18:36 - [TEST_STEP][PASSED] - setText(findTestObject("Object Repository/Page_cabi Order Items/input_New Arrivals - Blooming Blush_style"), findTestData("productData").getValue("Style", row)): Text '3875' is set on object 'Object Repository/Page_cabi Order Items/input_New Arrivals - Blooming Blush_style'

2019-09-27 19:18:36 - [MESSAGE][PASSED] - Text '3875' is set on object 'Object Repository/Page_cabi Order Items/input_New Arrivals - Blooming Blush_style'

2019-09-27 19:18:36 - [TEST_STEP][PASSED] - sendKeys(findTestObject("Object Repository/Page_cabi Order Items/input_New Arrivals - Blooming Blush_style"), Keys.chord(ENTER)): Keys 'ENTER + ' sent to object: 'Object Repository/Page_cabi Order Items/input_New Arrivals - Blooming Blush_style'

2019-09-27 19:18:36 - [MESSAGE][PASSED] - Keys 'ENTER + ' sent to object: 'Object Repository/Page_cabi Order Items/input_New Arrivals - Blooming Blush_style'

2019-09-27 19:18:36 - [TEST_STEP][PASSED] - delay(5): Delayed 5 second(s)

2019-09-27 19:18:41 - [MESSAGE][PASSED] - Delayed 5 second(s)

2019-09-27 19:18:41 - [TEST_STEP][PASSED] - if (toString().equalsIgnoreCase("no")): Actual text and expected text of test object 'Object Repository/Page_cabi Order Items/no_result_found' are matched.

2019-09-27 19:18:41 - [TEST_STEP][PASSED] - delay(2): Delayed 2 second(s)

2019-09-27 19:18:43 - [MESSAGE][PASSED] - Delayed 2 second(s)

2019-09-27 19:18:43 - [TEST_STEP][PASSED] - noResultMessages = findWebElements(findTestObject("Page_cabi Order Items/no_result_found"), 5): null

2019-09-27 19:18:43 - [TEST_STEP][PASSED] - println(noResultMessages.size()): null

2019-09-27 19:18:43 - [TEST_STEP][PASSED] - assert noResultMessages.size() > 0: null

2019-09-27 19:18:43 - [TEST_STEP][PASSED] - verifyElementText(findTestObject("Page_cabi Order Items/no_result_found"), "No Results Found!", CONTINUE_ON_FAILURE): Actual text and expected text of test object 'Object Repository/Page_cabi Order Items/no_result_found' are matched.

2019-09-27 19:18:43 - [MESSAGE][PASSED] - Actual text and expected text of test object 'Object Repository/Page_cabi Order Items/no_result_found' are matched.

2019-09-27 19:18:43 - [TEST_STEP][PASSED] - setText(findTestObject("Object Repository/Page_cabi Order Items/input_New Arrivals - Blooming Blush_style"), findTestData("productData").getValue("Style", row)): Text '3869' is set on object 'Object Repository/Page_cabi Order Items/input_New Arrivals - Blooming Blush_style'

2019-09-27 19:18:43 - [MESSAGE][PASSED] - Text '3869' is set on object 'Object Repository/Page_cabi Order Items/input_New Arrivals - Blooming Blush_style'

2019-09-27 19:18:43 - [TEST_STEP][PASSED] - sendKeys(findTestObject("Object Repository/Page_cabi Order Items/input_New Arrivals - Blooming Blush_style"), Keys.chord(ENTER)): Keys 'ENTER + ' sent to object: 'Object Repository/Page_cabi Order Items/input_New Arrivals - Blooming Blush_style'

2019-09-27 19:18:43 - [MESSAGE][PASSED] - Keys 'ENTER + ' sent to object: 'Object Repository/Page_cabi Order Items/input_New Arrivals - Blooming Blush_style'

2019-09-27 19:18:43 - [TEST_STEP][PASSED] - delay(5): Delayed 5 second(s)

2019-09-27 19:18:48 - [MESSAGE][PASSED] - Delayed 5 second(s)

2019-09-27 19:18:48 - [TEST_STEP][PASSED] - if (toString().equalsIgnoreCase("no")): Actual text and expected text of test object 'Object Repository/Page_cabi Order Items/no_result_found' are matched.

2019-09-27 19:18:48 - [TEST_STEP][PASSED] - delay(2): Delayed 2 second(s)

2019-09-27 19:18:50 - [MESSAGE][PASSED] - Delayed 2 second(s)

2019-09-27 19:18:50 - [TEST_STEP][PASSED] - noResultMessages = findWebElements(findTestObject("Page_cabi Order Items/no_result_found"), 5): null

2019-09-27 19:18:51 - [TEST_STEP][PASSED] - println(noResultMessages.size()): null

2019-09-27 19:18:51 - [TEST_STEP][PASSED] - assert noResultMessages.size() > 0: null

2019-09-27 19:18:51 - [TEST_STEP][PASSED] - verifyElementText(findTestObject("Page_cabi Order Items/no_result_found"), "No Results Found!", CONTINUE_ON_FAILURE): Actual text and expected text of test object 'Object Repository/Page_cabi Order Items/no_result_found' are matched.

2019-09-27 19:18:51 - [MESSAGE][PASSED] - Actual text and expected text of test object 'Object Repository/Page_cabi Order Items/no_result_found' are matched.

2019-09-27 19:18:51 - [TEST_STEP][PASSED] - setText(findTestObject("Object Repository/Page_cabi Order Items/input_New Arrivals - Blooming Blush_style"), findTestData("productData").getValue("Style", row)): Text '3870' is set on object 'Object Repository/Page_cabi Order Items/input_New Arrivals - Blooming Blush_style'

2019-09-27 19:18:51 - [MESSAGE][PASSED] - Text '3870' is set on object 'Object Repository/Page_cabi Order Items/input_New Arrivals - Blooming Blush_style'

2019-09-27 19:18:51 - [TEST_STEP][PASSED] - sendKeys(findTestObject("Object Repository/Page_cabi Order Items/input_New Arrivals - Blooming Blush_style"), Keys.chord(ENTER)): Keys 'ENTER + ' sent to object: 'Object Repository/Page_cabi Order Items/input_New Arrivals - Blooming Blush_style'

2019-09-27 19:18:51 - [MESSAGE][PASSED] - Keys 'ENTER + ' sent to object: 'Object Repository/Page_cabi Order Items/input_New Arrivals - Blooming Blush_style'

2019-09-27 19:18:51 - [TEST_STEP][PASSED] - delay(5): Delayed 5 second(s)

2019-09-27 19:18:56 - [MESSAGE][PASSED] - Delayed 5 second(s)

2019-09-27 19:18:56 - [TEST_STEP][PASSED] - if (toString().equalsIgnoreCase("no")): Actual text and expected text of test object 'Object Repository/Page_cabi Order Items/no_result_found' are matched.

2019-09-27 19:18:56 - [TEST_STEP][PASSED] - delay(2): Delayed 2 second(s)

2019-09-27 19:18:58 - [MESSAGE][PASSED] - Delayed 2 second(s)

2019-09-27 19:18:58 - [TEST_STEP][PASSED] - noResultMessages = findWebElements(findTestObject("Page_cabi Order Items/no_result_found"), 5): null

2019-09-27 19:18:58 - [TEST_STEP][PASSED] - println(noResultMessages.size()): null

2019-09-27 19:18:58 - [TEST_STEP][PASSED] - assert noResultMessages.size() > 0: null

2019-09-27 19:18:58 - [TEST_STEP][PASSED] - verifyElementText(findTestObject("Page_cabi Order Items/no_result_found"), "No Results Found!", CONTINUE_ON_FAILURE): Actual text and expected text of test object 'Object Repository/Page_cabi Order Items/no_result_found' are matched.

2019-09-27 19:18:58 - [MESSAGE][PASSED] - Actual text and expected text of test object 'Object Repository/Page_cabi Order Items/no_result_found' are matched.

2019-09-27 19:18:58 - [TEST_STEP][PASSED] - setText(findTestObject("Object Repository/Page_cabi Order Items/input_New Arrivals - Blooming Blush_style"), findTestData("productData").getValue("Style", row)): Text '3871' is set on object 'Object Repository/Page_cabi Order Items/input_New Arrivals - Blooming Blush_style'

2019-09-27 19:18:58 - [MESSAGE][PASSED] - Text '3871' is set on object 'Object Repository/Page_cabi Order Items/input_New Arrivals - Blooming Blush_style'

2019-09-27 19:18:58 - [TEST_STEP][PASSED] - sendKeys(findTestObject("Object Repository/Page_cabi Order Items/input_New Arrivals - Blooming Blush_style"), Keys.chord(ENTER)): Keys 'ENTER + ' sent to object: 'Object Repository/Page_cabi Order Items/input_New Arrivals - Blooming Blush_style'

2019-09-27 19:18:58 - [MESSAGE][PASSED] - Keys 'ENTER + ' sent to object: 'Object Repository/Page_cabi Order Items/input_New Arrivals - Blooming Blush_style'

2019-09-27 19:18:58 - [TEST_STEP][PASSED] - delay(5): Delayed 5 second(s)

2019-09-27 19:19:03 - [MESSAGE][PASSED] - Delayed 5 second(s)

2019-09-27 19:19:03 - [TEST_STEP][PASSED] - if (toString().equalsIgnoreCase("no")): Actual text and expected text of test object 'Object Repository/Page_cabi Order Items/no_result_found' are matched.

2019-09-27 19:19:03 - [TEST_STEP][PASSED] - delay(2): Delayed 2 second(s)

2019-09-27 19:19:05 - [MESSAGE][PASSED] - Delayed 2 second(s)

2019-09-27 19:19:05 - [TEST_STEP][PASSED] - noResultMessages = findWebElements(findTestObject("Page_cabi Order Items/no_result_found"), 5): null

2019-09-27 19:19:05 - [TEST_STEP][PASSED] - println(noResultMessages.size()): null

2019-09-27 19:19:05 - [TEST_STEP][PASSED] - assert noResultMessages.size() > 0: null

2019-09-27 19:19:05 - [TEST_STEP][PASSED] - verifyElementText(findTestObject("Page_cabi Order Items/no_result_found"), "No Results Found!", CONTINUE_ON_FAILURE): Actual text and expected text of test object 'Object Repository/Page_cabi Order Items/no_result_found' are matched.

2019-09-27 19:19:05 - [MESSAGE][PASSED] - Actual text and expected text of test object 'Object Repository/Page_cabi Order Items/no_result_found' are matched.

2019-09-27 19:19:05 - [TEST_STEP][PASSED] - setText(findTestObject("Object Repository/Page_cabi Order Items/input_New Arrivals - Blooming Blush_style"), findTestData("productData").getValue("Style", row)): Text '3857' is set on object 'Object Repository/Page_cabi Order Items/input_New Arrivals - Blooming Blush_style'

2019-09-27 19:19:05 - [MESSAGE][PASSED] - Text '3857' is set on object 'Object Repository/Page_cabi Order Items/input_New Arrivals - Blooming Blush_style'

2019-09-27 19:19:05 - [TEST_STEP][PASSED] - sendKeys(findTestObject("Object Repository/Page_cabi Order Items/input_New Arrivals - Blooming Blush_style"), Keys.chord(ENTER)): Keys 'ENTER + ' sent to object: 'Object Repository/Page_cabi Order Items/input_New Arrivals - Blooming Blush_style'

2019-09-27 19:19:05 - [MESSAGE][PASSED] - Keys 'ENTER + ' sent to object: 'Object Repository/Page_cabi Order Items/input_New Arrivals - Blooming Blush_style'

2019-09-27 19:19:05 - [TEST_STEP][PASSED] - delay(5): Delayed 5 second(s)

2019-09-27 19:19:10 - [MESSAGE][PASSED] - Delayed 5 second(s)

2019-09-27 19:19:10 - [TEST_STEP][PASSED] - if (toString().equalsIgnoreCase("no")): Actual text and expected text of test object 'Object Repository/Page_cabi Order Items/no_result_found' are matched.

2019-09-27 19:19:10 - [TEST_STEP][PASSED] - delay(2): Delayed 2 second(s)

2019-09-27 19:19:12 - [MESSAGE][PASSED] - Delayed 2 second(s)

2019-09-27 19:19:12 - [TEST_STEP][PASSED] - noResultMessages = findWebElements(findTestObject("Page_cabi Order Items/no_result_found"), 5): null

2019-09-27 19:19:12 - [TEST_STEP][PASSED] - println(noResultMessages.size()): null

2019-09-27 19:19:12 - [TEST_STEP][PASSED] - assert noResultMessages.size() > 0: null

2019-09-27 19:19:12 - [TEST_STEP][PASSED] - verifyElementText(findTestObject("Page_cabi Order Items/no_result_found"), "No Results Found!", CONTINUE_ON_FAILURE): Actual text and expected text of test object 'Object Repository/Page_cabi Order Items/no_result_found' are matched.

2019-09-27 19:19:12 - [MESSAGE][PASSED] - Actual text and expected text of test object 'Object Repository/Page_cabi Order Items/no_result_found' are matched.

2019-09-27 19:19:12 - [TEST_STEP][PASSED] - setText(findTestObject("Object Repository/Page_cabi Order Items/input_New Arrivals - Blooming Blush_style"), findTestData("productData").getValue("Style", row)): Text '3864' is set on object 'Object Repository/Page_cabi Order Items/input_New Arrivals - Blooming Blush_style'

2019-09-27 19:19:13 - [MESSAGE][PASSED] - Text '3864' is set on object 'Object Repository/Page_cabi Order Items/input_New Arrivals - Blooming Blush_style'

2019-09-27 19:19:13 - [TEST_STEP][PASSED] - sendKeys(findTestObject("Object Repository/Page_cabi Order Items/input_New Arrivals - Blooming Blush_style"), Keys.chord(ENTER)): Keys 'ENTER + ' sent to object: 'Object Repository/Page_cabi Order Items/input_New Arrivals - Blooming Blush_style'

2019-09-27 19:19:13 - [MESSAGE][PASSED] - Keys 'ENTER + ' sent to object: 'Object Repository/Page_cabi Order Items/input_New Arrivals - Blooming Blush_style'

2019-09-27 19:19:13 - [TEST_STEP][PASSED] - delay(5): Delayed 5 second(s)

2019-09-27 19:19:18 - [MESSAGE][PASSED] - Delayed 5 second(s)

2019-09-27 19:19:18 - [TEST_STEP][PASSED] - if (toString().equalsIgnoreCase("no")): Actual text and expected text of test object 'Object Repository/Page_cabi Order Items/no_result_found' are matched.

2019-09-27 19:19:18 - [TEST_STEP][PASSED] - delay(2): Delayed 2 second(s)

2019-09-27 19:19:20 - [MESSAGE][PASSED] - Delayed 2 second(s)

2019-09-27 19:19:20 - [TEST_STEP][PASSED] - noResultMessages = findWebElements(findTestObject("Page_cabi Order Items/no_result_found"), 5): null

2019-09-27 19:19:20 - [TEST_STEP][PASSED] - println(noResultMessages.size()): null

2019-09-27 19:19:20 - [TEST_STEP][PASSED] - assert noResultMessages.size() > 0: null

2019-09-27 19:19:20 - [TEST_STEP][PASSED] - verifyElementText(findTestObject("Page_cabi Order Items/no_result_found"), "No Results Found!", CONTINUE_ON_FAILURE): Actual text and expected text of test object 'Object Repository/Page_cabi Order Items/no_result_found' are matched.

2019-09-27 19:19:20 - [MESSAGE][PASSED] - Actual text and expected text of test object 'Object Repository/Page_cabi Order Items/no_result_found' are matched.

2019-09-27 19:19:20 - [TEST_STEP][PASSED] - setText(findTestObject("Object Repository/Page_cabi Order Items/input_New Arrivals - Blooming Blush_style"), findTestData("productData").getValue("Style", row)): Text '3865' is set on object 'Object Repository/Page_cabi Order Items/input_New Arrivals - Blooming Blush_style'

2019-09-27 19:19:20 - [MESSAGE][PASSED] - Text '3865' is set on object 'Object Repository/Page_cabi Order Items/input_New Arrivals - Blooming Blush_style'

2019-09-27 19:19:20 - [TEST_STEP][PASSED] - sendKeys(findTestObject("Object Repository/Page_cabi Order Items/input_New Arrivals - Blooming Blush_style"), Keys.chord(ENTER)): Keys 'ENTER + ' sent to object: 'Object Repository/Page_cabi Order Items/input_New Arrivals - Blooming Blush_style'

2019-09-27 19:19:20 - [MESSAGE][PASSED] - Keys 'ENTER + ' sent to object: 'Object Repository/Page_cabi Order Items/input_New Arrivals - Blooming Blush_style'

2019-09-27 19:19:20 - [TEST_STEP][PASSED] - delay(5): Delayed 5 second(s)

2019-09-27 19:19:25 - [MESSAGE][PASSED] - Delayed 5 second(s)

2019-09-27 19:19:25 - [TEST_STEP][PASSED] - if (toString().equalsIgnoreCase("no")): Actual text and expected text of test object 'Object Repository/Page_cabi Order Items/no_result_found' are matched.

2019-09-27 19:19:25 - [TEST_STEP][PASSED] - delay(2): Delayed 2 second(s)

2019-09-27 19:19:27 - [MESSAGE][PASSED] - Delayed 2 second(s)

2019-09-27 19:19:27 - [TEST_STEP][PASSED] - noResultMessages = findWebElements(findTestObject("Page_cabi Order Items/no_result_found"), 5): null

2019-09-27 19:19:27 - [TEST_STEP][PASSED] - println(noResultMessages.size()): null

2019-09-27 19:19:27 - [TEST_STEP][PASSED] - assert noResultMessages.size() > 0: null

2019-09-27 19:19:27 - [TEST_STEP][PASSED] - verifyElementText(findTestObject("Page_cabi Order Items/no_result_found"), "No Results Found!", CONTINUE_ON_FAILURE): Actual text and expected text of test object 'Object Repository/Page_cabi Order Items/no_result_found' are matched.

2019-09-27 19:19:27 - [MESSAGE][PASSED] - Actual text and expected text of test object 'Object Repository/Page_cabi Order Items/no_result_found' are matched.

2019-09-27 19:19:27 - [TEST_STEP][PASSED] - setText(findTestObject("Object Repository/Page_cabi Order Items/input_New Arrivals - Blooming Blush_style"), findTestData("productData").getValue("Style", row)): Text '3843' is set on object 'Object Repository/Page_cabi Order Items/input_New Arrivals - Blooming Blush_style'

2019-09-27 19:19:27 - [MESSAGE][PASSED] - Text '3843' is set on object 'Object Repository/Page_cabi Order Items/input_New Arrivals - Blooming Blush_style'

2019-09-27 19:19:27 - [TEST_STEP][PASSED] - sendKeys(findTestObject("Object Repository/Page_cabi Order Items/input_New Arrivals - Blooming Blush_style"), Keys.chord(ENTER)): Keys 'ENTER + ' sent to object: 'Object Repository/Page_cabi Order Items/input_New Arrivals - Blooming Blush_style'

2019-09-27 19:19:27 - [MESSAGE][PASSED] - Keys 'ENTER + ' sent to object: 'Object Repository/Page_cabi Order Items/input_New Arrivals - Blooming Blush_style'

2019-09-27 19:19:27 - [TEST_STEP][PASSED] - delay(5): Delayed 5 second(s)

2019-09-27 19:19:32 - [MESSAGE][PASSED] - Delayed 5 second(s)

2019-09-27 19:19:32 - [TEST_STEP][PASSED] - if (toString().equalsIgnoreCase("no")): Actual text and expected text of test object 'Object Repository/Page_cabi Order Items/no_result_found' are matched.

2019-09-27 19:19:32 - [TEST_STEP][PASSED] - delay(2): Delayed 2 second(s)

2019-09-27 19:19:34 - [MESSAGE][PASSED] - Delayed 2 second(s)

2019-09-27 19:19:34 - [TEST_STEP][PASSED] - noResultMessages = findWebElements(findTestObject("Page_cabi Order Items/no_result_found"), 5): null

2019-09-27 19:19:34 - [TEST_STEP][PASSED] - println(noResultMessages.size()): null

2019-09-27 19:19:34 - [TEST_STEP][PASSED] - assert noResultMessages.size() > 0: null

2019-09-27 19:19:34 - [TEST_STEP][PASSED] - verifyElementText(findTestObject("Page_cabi Order Items/no_result_found"), "No Results Found!", CONTINUE_ON_FAILURE): Actual text and expected text of test object 'Object Repository/Page_cabi Order Items/no_result_found' are matched.

2019-09-27 19:19:34 - [MESSAGE][PASSED] - Actual text and expected text of test object 'Object Repository/Page_cabi Order Items/no_result_found' are matched.

2019-09-27 19:19:34 - [TEST_STEP][PASSED] - setText(findTestObject("Object Repository/Page_cabi Order Items/input_New Arrivals - Blooming Blush_style"), findTestData("productData").getValue("Style", row)): Text '3846' is set on object 'Object Repository/Page_cabi Order Items/input_New Arrivals - Blooming Blush_style'

2019-09-27 19:19:34 - [MESSAGE][PASSED] - Text '3846' is set on object 'Object Repository/Page_cabi Order Items/input_New Arrivals - Blooming Blush_style'

2019-09-27 19:19:34 - [TEST_STEP][PASSED] - sendKeys(findTestObject("Object Repository/Page_cabi Order Items/input_New Arrivals - Blooming Blush_style"), Keys.chord(ENTER)): Keys 'ENTER + ' sent to object: 'Object Repository/Page_cabi Order Items/input_New Arrivals - Blooming Blush_style'

2019-09-27 19:19:34 - [MESSAGE][PASSED] - Keys 'ENTER + ' sent to object: 'Object Repository/Page_cabi Order Items/input_New Arrivals - Blooming Blush_style'

2019-09-27 19:19:34 - [TEST_STEP][PASSED] - delay(5): Delayed 5 second(s)

2019-09-27 19:19:39 - [MESSAGE][PASSED] - Delayed 5 second(s)

2019-09-27 19:19:39 - [TEST_STEP][PASSED] - if (toString().equalsIgnoreCase("no")): Actual text and expected text of test object 'Object Repository/Page_cabi Order Items/no_result_found' are matched.

2019-09-27 19:19:39 - [TEST_STEP][PASSED] - delay(2): Delayed 2 second(s)

2019-09-27 19:19:41 - [MESSAGE][PASSED] - Delayed 2 second(s)

2019-09-27 19:19:41 - [TEST_STEP][PASSED] - noResultMessages = findWebElements(findTestObject("Page_cabi Order Items/no_result_found"), 5): null

2019-09-27 19:19:42 - [TEST_STEP][PASSED] - println(noResultMessages.size()): null

2019-09-27 19:19:42 - [TEST_STEP][PASSED] - assert noResultMessages.size() > 0: null

2019-09-27 19:19:42 - [TEST_STEP][PASSED] - verifyElementText(findTestObject("Page_cabi Order Items/no_result_found"), "No Results Found!", CONTINUE_ON_FAILURE): Actual text and expected text of test object 'Object Repository/Page_cabi Order Items/no_result_found' are matched.

2019-09-27 19:19:42 - [MESSAGE][PASSED] - Actual text and expected text of test object 'Object Repository/Page_cabi Order Items/no_result_found' are matched.

2019-09-27 19:19:42 - [TEST_STEP][PASSED] - setText(findTestObject("Object Repository/Page_cabi Order Items/input_New Arrivals - Blooming Blush_style"), findTestData("productData").getValue("Style", row)): Text '3861' is set on object 'Object Repository/Page_cabi Order Items/input_New Arrivals - Blooming Blush_style'

2019-09-27 19:19:42 - [MESSAGE][PASSED] - Text '3861' is set on object 'Object Repository/Page_cabi Order Items/input_New Arrivals - Blooming Blush_style'

2019-09-27 19:19:42 - [TEST_STEP][PASSED] - sendKeys(findTestObject("Object Repository/Page_cabi Order Items/input_New Arrivals - Blooming Blush_style"), Keys.chord(ENTER)): Keys 'ENTER + ' sent to object: 'Object Repository/Page_cabi Order Items/input_New Arrivals - Blooming Blush_style'

2019-09-27 19:19:42 - [MESSAGE][PASSED] - Keys 'ENTER + ' sent to object: 'Object Repository/Page_cabi Order Items/input_New Arrivals - Blooming Blush_style'

2019-09-27 19:19:42 - [TEST_STEP][PASSED] - delay(5): Delayed 5 second(s)

2019-09-27 19:19:47 - [MESSAGE][PASSED] - Delayed 5 second(s)

2019-09-27 19:19:47 - [TEST_STEP][PASSED] - if (toString().equalsIgnoreCase("no")): Actual text and expected text of test object 'Object Repository/Page_cabi Order Items/no_result_found' are matched.

2019-09-27 19:19:47 - [TEST_STEP][PASSED] - delay(2): Delayed 2 second(s)

2019-09-27 19:19:49 - [MESSAGE][PASSED] - Delayed 2 second(s)

2019-09-27 19:19:49 - [TEST_STEP][PASSED] - noResultMessages = findWebElements(findTestObject("Page_cabi Order Items/no_result_found"), 5): null

2019-09-27 19:19:49 - [TEST_STEP][PASSED] - println(noResultMessages.size()): null

2019-09-27 19:19:49 - [TEST_STEP][PASSED] - assert noResultMessages.size() > 0: null

2019-09-27 19:19:49 - [TEST_STEP][PASSED] - verifyElementText(findTestObject("Page_cabi Order Items/no_result_found"), "No Results Found!", CONTINUE_ON_FAILURE): Actual text and expected text of test object 'Object Repository/Page_cabi Order Items/no_result_found' are matched.

2019-09-27 19:19:49 - [MESSAGE][PASSED] - Actual text and expected text of test object 'Object Repository/Page_cabi Order Items/no_result_found' are matched.

2019-09-27 19:19:49 - [TEST_STEP][PASSED] - setText(findTestObject("Object Repository/Page_cabi Order Items/input_New Arrivals - Blooming Blush_style"), findTestData("productData").getValue("Style", row)): Text '3863' is set on object 'Object Repository/Page_cabi Order Items/input_New Arrivals - Blooming Blush_style'

2019-09-27 19:19:49 - [MESSAGE][PASSED] - Text '3863' is set on object 'Object Repository/Page_cabi Order Items/input_New Arrivals - Blooming Blush_style'

2019-09-27 19:19:49 - [TEST_STEP][PASSED] - sendKeys(findTestObject("Object Repository/Page_cabi Order Items/input_New Arrivals - Blooming Blush_style"), Keys.chord(ENTER)): Keys 'ENTER + ' sent to object: 'Object Repository/Page_cabi Order Items/input_New Arrivals - Blooming Blush_style'

2019-09-27 19:19:49 - [MESSAGE][PASSED] - Keys 'ENTER + ' sent to object: 'Object Repository/Page_cabi Order Items/input_New Arrivals - Blooming Blush_style'

2019-09-27 19:19:49 - [TEST_STEP][PASSED] - delay(5): Delayed 5 second(s)

2019-09-27 19:19:54 - [MESSAGE][PASSED] - Delayed 5 second(s)

2019-09-27 19:19:54 - [TEST_STEP][PASSED] - if (toString().equalsIgnoreCase("no")): Actual text and expected text of test object 'Object Repository/Page_cabi Order Items/no_result_found' are matched.

2019-09-27 19:19:54 - [TEST_STEP][PASSED] - delay(2): Delayed 2 second(s)

2019-09-27 19:19:56 - [MESSAGE][PASSED] - Delayed 2 second(s)

2019-09-27 19:19:56 - [TEST_STEP][PASSED] - noResultMessages = findWebElements(findTestObject("Page_cabi Order Items/no_result_found"), 5): null

2019-09-27 19:19:56 - [TEST_STEP][PASSED] - println(noResultMessages.size()): null

2019-09-27 19:19:56 - [TEST_STEP][PASSED] - assert noResultMessages.size() > 0: null

2019-09-27 19:19:56 - [TEST_STEP][PASSED] - verifyElementText(findTestObject("Page_cabi Order Items/no_result_found"), "No Results Found!", CONTINUE_ON_FAILURE): Actual text and expected text of test object 'Object Repository/Page_cabi Order Items/no_result_found' are matched.

2019-09-27 19:19:56 - [MESSAGE][PASSED] - Actual text and expected text of test object 'Object Repository/Page_cabi Order Items/no_result_found' are matched.

2019-09-27 19:19:56 - [TEST_STEP][PASSED] - setText(findTestObject("Object Repository/Page_cabi Order Items/input_New Arrivals - Blooming Blush_style"), findTestData("productData").getValue("Style", row)): Text '3850' is set on object 'Object Repository/Page_cabi Order Items/input_New Arrivals - Blooming Blush_style'

2019-09-27 19:19:56 - [MESSAGE][PASSED] - Text '3850' is set on object 'Object Repository/Page_cabi Order Items/input_New Arrivals - Blooming Blush_style'

2019-09-27 19:19:56 - [TEST_STEP][PASSED] - sendKeys(findTestObject("Object Repository/Page_cabi Order Items/input_New Arrivals - Blooming Blush_style"), Keys.chord(ENTER)): Keys 'ENTER + ' sent to object: 'Object Repository/Page_cabi Order Items/input_New Arrivals - Blooming Blush_style'

2019-09-27 19:19:56 - [MESSAGE][PASSED] - Keys 'ENTER + ' sent to object: 'Object Repository/Page_cabi Order Items/input_New Arrivals - Blooming Blush_style'

2019-09-27 19:19:56 - [TEST_STEP][PASSED] - delay(5): Delayed 5 second(s)

2019-09-27 19:20:01 - [MESSAGE][PASSED] - Delayed 5 second(s)

2019-09-27 19:20:01 - [TEST_STEP][PASSED] - if (toString().equalsIgnoreCase("no")): Actual text and expected text of test object 'Object Repository/Page_cabi Order Items/no_result_found' are matched.

2019-09-27 19:20:01 - [TEST_STEP][PASSED] - delay(2): Delayed 2 second(s)

2019-09-27 19:20:03 - [MESSAGE][PASSED] - Delayed 2 second(s)

2019-09-27 19:20:03 - [TEST_STEP][PASSED] - noResultMessages = findWebElements(findTestObject("Page_cabi Order Items/no_result_found"), 5): null

2019-09-27 19:20:03 - [TEST_STEP][PASSED] - println(noResultMessages.size()): null

2019-09-27 19:20:03 - [TEST_STEP][PASSED] - assert noResultMessages.size() > 0: null

2019-09-27 19:20:03 - [TEST_STEP][PASSED] - verifyElementText(findTestObject("Page_cabi Order Items/no_result_found"), "No Results Found!", CONTINUE_ON_FAILURE): Actual text and expected text of test object 'Object Repository/Page_cabi Order Items/no_result_found' are matched.

2019-09-27 19:20:03 - [MESSAGE][PASSED] - Actual text and expected text of test object 'Object Repository/Page_cabi Order Items/no_result_found' are matched.

2019-09-27 19:20:03 - [MESSAGE][PASSED] - Call Test Case 'Test Cases/NewArrival/productVerify' successfully

2019-09-27 19:20:03 - [TEST_STEP][PASSED] - callTestCase(findTestCase("NewArrival/populateTimeGlobalVars"), ["row":timeRow], CONTINUE_ON_FAILURE): Call Test Case 'Test Cases/NewArrival/populateTimeGlobalVars' successfully

2019-09-27 19:20:03 - [TEST_CASE][PASSED] - Test Cases/NewArrival/populateTimeGlobalVars: Test Cases/NewArrival/populateTimeGlobalVars

2019-09-27 19:20:03 - [TEST_STEP][PASSED] - dataFile = "timezoneData": null

2019-09-27 19:20:03 - [TEST_STEP][PASSED] - clockServerTarget = UtilityMethods.getTestData("envtData", "clockServerTarget", 1): null

2019-09-27 19:20:03 - [TEST_STEP][PASSED] - println(clockServerTarget): null

2019-09-27 19:20:03 - [TEST_STEP][PASSED] - orderType = UtilityMethods.getTestData(dataFile, "orderType", row): null

2019-09-27 19:20:03 - [TEST_STEP][PASSED] - timeZone = UtilityMethods.getTestData(dataFile, "timeZone", row): null

2019-09-27 19:20:03 - [TEST_STEP][PASSED] - BOPersonal = UtilityMethods.getTestData(dataFile, "BOPersonal", row): null

2019-09-27 19:20:03 - [TEST_STEP][PASSED] - BOAddonPersonal = UtilityMethods.getTestData(dataFile, "BOAddonPersonal", row): null

2019-09-27 19:20:03 - [TEST_STEP][PASSED] - BOAddonRetail = UtilityMethods.getTestData(dataFile, "BOAddonRetail", row): null

2019-09-27 19:20:03 - [TEST_STEP][PASSED] - BORetail = UtilityMethods.getTestData(dataFile, "BORetail", row): null

2019-09-27 19:20:04 - [TEST_STEP][PASSED] - BOShow = UtilityMethods.getTestData(dataFile, "BOShow", row): null

2019-09-27 19:20:04 - [TEST_STEP][PASSED] - BOOnlineoutlet = UtilityMethods.getTestData(dataFile, "BOOnlineoutlet", row): null

2019-09-27 19:20:04 - [TEST_STEP][PASSED] - BOEmployee = UtilityMethods.getTestData(dataFile, "BOEmployee", row): null

2019-09-27 19:20:04 - [TEST_STEP][PASSED] - CCPersonal = UtilityMethods.getTestData(dataFile, "CCPersonal", row): null

2019-09-27 19:20:04 - [TEST_STEP][PASSED] - CCRetail = UtilityMethods.getTestData(dataFile, "CCRetail", row): null

2019-09-27 19:20:04 - [TEST_STEP][PASSED] - CCShow = UtilityMethods.getTestData(dataFile, "CCShow", row): null

2019-09-27 19:20:04 - [TEST_STEP][PASSED] - BOEblast = UtilityMethods.getTestData(dataFile, "BOEblast", row): null

2019-09-27 19:20:04 - [TEST_STEP][PASSED] - println(row): null

2019-09-27 19:20:04 - [TEST_STEP][PASSED] - println(BOPersonal): null

2019-09-27 19:20:04 - [MESSAGE][PASSED] - Call Test Case 'Test Cases/NewArrival/populateTimeGlobalVars' successfully

2019-09-27 19:20:04 - [TEST_STEP][PASSED] - callTestCase(findTestCase("NewArrival/setTimezone"), ["ofbizURL":"", "ofbizuser":"", "ofbizpass":"", "orderType":orderType, "timeZone":timeZone, "serverTarget":serverTarget, "clockServerTarget":clockServerTarget], CONTINUE_ON_FAILURE): Call Test Case 'Test Cases/NewArrival/setTimezone' successfully

2019-09-27 19:20:04 - [TEST_CASE][PASSED] - Test Cases/NewArrival/setTimezone: Test Cases/NewArrival/setTimezone

2019-09-27 19:20:04 - [TEST_STEP][PASSED] - openBrowser(""): Browser is opened with url: ''

2019-09-27 19:20:04 - [MESSAGE][WARNING] - A browser is already opened. Closing browser and opening a new one

2019-09-27 19:20:04 - [MESSAGE][INFO] - Starting 'Chrome' driver

2019-09-27 19:20:04 - [MESSAGE][INFO] - User set preference: ['args', '[--use-fake-ui-for-media-stream, --start-maximized]']

2019-09-27 19:20:07 - [MESSAGE][PASSED] - Browser is opened with url: ''

2019-09-27 19:20:07 - [TEST_STEP][NOT_RUN] - maximizeWindow(): NOT_RUN: maximizeWindow()

2019-09-27 19:20:07 - [MESSAGE][NOT_RUN] - NOT_RUN: maximizeWindow()

2019-09-27 19:20:07 - [TEST_STEP][PASSED] - ofbizURL = findTestData("envtData").getValue("ofbizURL", 1): null

2019-09-27 19:20:07 - [TEST_STEP][PASSED] - ofbizuser = findTestData("credData").getValue("ofbizuser", 1): null

2019-09-27 19:20:07 - [TEST_STEP][PASSED] - ofbizpass = findTestData("credData").getValue("ofbizpass", 1): null

2019-09-27 19:20:07 - [TEST_STEP][PASSED] - navigateToUrl(ofbizURL): Navigate to 'https://pushofbiz.cliotest.com/login.php' successfully

2019-09-27 19:20:08 - [MESSAGE][PASSED] - Navigate to 'https://pushofbiz.cliotest.com/login.php' successfully

2019-09-27 19:20:08 - [TEST_STEP][PASSED] - setText(findTestObject("Page_/input_Username_username"), ofbizuser): Text 'automation' is set on object 'Object Repository/Page_/input_Username_username'

2019-09-27 19:20:09 - [MESSAGE][PASSED] - Text 'automation' is set on object 'Object Repository/Page_/input_Username_username'

2019-09-27 19:20:09 - [TEST_STEP][PASSED] - setText(findTestObject("Page_/input_Password_password"), ofbizpass): Text 'cabiautomation' is set on object 'Object Repository/Page_/input_Password_password'

2019-09-27 19:20:09 - [MESSAGE][PASSED] - Text 'cabiautomation' is set on object 'Object Repository/Page_/input_Password_password'

2019-09-27 19:20:09 - [TEST_STEP][PASSED] - click(findTestObject("Page_/input_Password_Submit")): Object: 'Object Repository/Page_/input_Password_Submit' is clicked on

2019-09-27 19:20:13 - [MESSAGE][PASSED] - Object: 'Object Repository/Page_/input_Password_Submit' is clicked on

2019-09-27 19:20:13 - [TEST_STEP][PASSED] - click(findTestObject("Object Repository/Page_/a_Clock set")): Object: 'Object Repository/Page_/a_Clock set' is clicked on

2019-09-27 19:20:13 - [MESSAGE][PASSED] - Object: 'Object Repository/Page_/a_Clock set' is clicked on

2019-09-27 19:20:13 - [TEST_STEP][PASSED] - cst = UtilityMethods.createTestObject("select_target", "//select[@name='Target']/option[contains(text(), '", clockServerTarget, "')]"): null

2019-09-27 19:20:13 - [TEST_STEP][PASSED] - println(clockServerTarget): null

2019-09-27 19:20:13 - [TEST_STEP][PASSED] - click(cst): Object: 'select_target' is clicked on

2019-09-27 19:20:13 - [MESSAGE][PASSED] - Object: 'select_target' is clicked on

2019-09-27 19:20:13 - [TEST_STEP][PASSED] - click(findTestObject("Page_/thisDateAndTime")): Object: 'Object Repository/Page_/thisDateAndTime' is clicked on

2019-09-27 19:20:14 - [MESSAGE][PASSED] - Object: 'Object Repository/Page_/thisDateAndTime' is clicked on

2019-09-27 19:20:14 - [TEST_STEP][PASSED] - setText(findTestObject("Object Repository/Page_/setTargetTime"), timeZone): Text ' 11/20/2019 00:00' is set on object 'Object Repository/Page_/setTargetTime'

2019-09-27 19:20:14 - [MESSAGE][PASSED] - Text ' 11/20/2019 00:00' is set on object 'Object Repository/Page_/setTargetTime'

2019-09-27 19:20:14 - [TEST_STEP][PASSED] - click(findTestObject("Object Repository/Page_/input")): Object: 'Object Repository/Page_/input' is clicked on

2019-09-27 19:20:14 - [MESSAGE][PASSED] - Object: 'Object Repository/Page_/input' is clicked on

2019-09-27 19:20:14 - [TEST_STEP][PASSED] - delay(10): Delayed 10 second(s)

2019-09-27 19:20:24 - [MESSAGE][PASSED] - Delayed 10 second(s)

2019-09-27 19:20:24 - [TEST_STEP][NOT_RUN] - closeBrowser(): NOT_RUN: closeBrowser()

2019-09-27 19:20:24 - [MESSAGE][NOT_RUN] - NOT_RUN: closeBrowser()

2019-09-27 19:20:24 - [MESSAGE][PASSED] - Call Test Case 'Test Cases/NewArrival/setTimezone' successfully

2019-09-27 19:20:24 - [TEST_STEP][PASSED] - callTestCase(findTestCase("TestCaseUtilities/backOfficeLogin"), ["BOURL":"", "BOuser":"", "BOpass":""], CONTINUE_ON_FAILURE): Call Test Case 'Test Cases/TestCaseUtilities/backOfficeLogin' successfully

2019-09-27 19:20:24 - [TEST_CASE][PASSED] - Test Cases/TestCaseUtilities/backOfficeLogin: Test Cases/TestCaseUtilities/backOfficeLogin

2019-09-27 19:20:24 - [TEST_STEP][PASSED] - BOURL = findTestData("envtData").getValue("BOURL", 1): null

2019-09-27 19:20:24 - [TEST_STEP][PASSED] - BOuser = findTestData("credData").getValue("BOuser", 1): null

2019-09-27 19:20:24 - [TEST_STEP][PASSED] - BOpass = findTestData("credData").getValue("BOpass", 1): null

2019-09-27 19:20:24 - [TEST_STEP][PASSED] - openBrowser(""): Browser is opened with url: ''

2019-09-27 19:20:24 - [MESSAGE][WARNING] - A browser is already opened. Closing browser and opening a new one

2019-09-27 19:20:25 - [MESSAGE][INFO] - Starting 'Chrome' driver

2019-09-27 19:20:25 - [MESSAGE][INFO] - User set preference: ['args', '[--use-fake-ui-for-media-stream, --start-maximized]']

2019-09-27 19:20:27 - [MESSAGE][PASSED] - Browser is opened with url: ''

2019-09-27 19:20:27 - [TEST_STEP][PASSED] - navigateToUrl(BOURL): Navigate to 'https://test4.cliotest.com/backoffice/control/main' successfully

2019-09-27 19:20:34 - [MESSAGE][PASSED] - Navigate to 'https://test4.cliotest.com/backoffice/control/main' successfully

2019-09-27 19:20:34 - [TEST_STEP][PASSED] - logOut = findWebElements(findTestObject("Object Repository/Page_cabi Home/log_out"), 1): Unable to find the element located by 'By.xpath: //a[contains(text(),'Log Out')]'. Please recheck the objects properties to make sure the desired element is located. 

2019-09-27 19:20:35 - [MESSAGE][INFO] - Unable to find the element located by 'By.xpath: //a[contains(text(),'Log Out')]'. Please recheck the objects properties to make sure the desired element is located. 

2019-09-27 19:20:35 - [TEST_STEP][PASSED] - if (logOut.size() == 0): Object: 'Object Repository/Page_cabi/input_Welcome to_consultantLogin' is clicked on

2019-09-27 19:20:35 - [TEST_STEP][PASSED] - setText(findTestObject("Page_cabi/input_Welcome to_USERNAME"), BOuser): Text '400000002' is set on object 'Object Repository/Page_cabi/input_Welcome to_USERNAME'

2019-09-27 19:20:36 - [MESSAGE][PASSED] - Text '400000002' is set on object 'Object Repository/Page_cabi/input_Welcome to_USERNAME'

2019-09-27 19:20:36 - [TEST_STEP][PASSED] - setText(findTestObject("Object Repository/Page_cabi/input_Welcome to_PASSWORD"), BOpass): Text 'blackdress19' is set on object 'Object Repository/Page_cabi/input_Welcome to_PASSWORD'

2019-09-27 19:20:36 - [MESSAGE][PASSED] - Text 'blackdress19' is set on object 'Object Repository/Page_cabi/input_Welcome to_PASSWORD'

2019-09-27 19:20:36 - [TEST_STEP][PASSED] - click(findTestObject("Object Repository/Page_cabi/input_Welcome to_consultantLogin")): Object: 'Object Repository/Page_cabi/input_Welcome to_consultantLogin' is clicked on

2019-09-27 19:20:48 - [MESSAGE][PASSED] - Object: 'Object Repository/Page_cabi/input_Welcome to_consultantLogin' is clicked on

2019-09-27 19:20:48 - [TEST_STEP][PASSED] - delay(3): Delayed 3 second(s)

2019-09-27 19:20:51 - [MESSAGE][PASSED] - Delayed 3 second(s)

2019-09-27 19:20:51 - [MESSAGE][PASSED] - Call Test Case 'Test Cases/TestCaseUtilities/backOfficeLogin' successfully

2019-09-27 19:20:51 - [TEST_STEP][PASSED] - click(findTestObject("Object Repository/Page_cabi Home/a_Shows  Orders")): Object: 'Object Repository/Page_cabi Home/a_Shows  Orders' is clicked on

2019-09-27 19:20:51 - [MESSAGE][PASSED] - Object: 'Object Repository/Page_cabi Home/a_Shows  Orders' is clicked on

2019-09-27 19:20:51 - [TEST_STEP][PASSED] - delay(3): Delayed 3 second(s)

2019-09-27 19:20:54 - [MESSAGE][PASSED] - Delayed 3 second(s)

2019-09-27 19:20:54 - [TEST_STEP][PASSED] - rightClick(findTestObject("Page_cabi Home/a_online_outline_purchases")): Object: 'Object Repository/Page_cabi Home/a_online_outline_purchases' is right clicked on

2019-09-27 19:20:54 - [MESSAGE][PASSED] - Object: 'Object Repository/Page_cabi Home/a_online_outline_purchases' is right clicked on

2019-09-27 19:20:54 - [TEST_STEP][PASSED] - click(findTestObject("Page_cabi Home/a_online_outline_purchases")): Object: 'Object Repository/Page_cabi Home/a_online_outline_purchases' is clicked on

2019-09-27 19:20:59 - [MESSAGE][PASSED] - Object: 'Object Repository/Page_cabi Home/a_online_outline_purchases' is clicked on

2019-09-27 19:20:59 - [TEST_STEP][PASSED] - click(findTestObject("Object Repository/Page_cabi Online Outlet Store/span_Continue to Order")): Object: 'Object Repository/Page_cabi Online Outlet Store/span_Continue to Order' is clicked on

2019-09-27 19:21:00 - [MESSAGE][PASSED] - Object: 'Object Repository/Page_cabi Online Outlet Store/span_Continue to Order' is clicked on

2019-09-27 19:21:00 - [TEST_STEP][PASSED] - callTestCase(findTestCase("NewArrival/productVerify"), ["available":BOOnlineoutlet, "storeType":"BOOnlineoutlet"], CONTINUE_ON_FAILURE): Call Test Case 'Test Cases/NewArrival/productVerify' successfully

2019-09-27 19:21:00 - [TEST_CASE][PASSED] - Test Cases/NewArrival/productVerify: Test Cases/NewArrival/productVerify

2019-09-27 19:21:00 - [TEST_STEP][PASSED] - for ([row = 1, row <= findTestData("productData").getRowNumbers(), (row++)]): Actual text and expected text of test object 'Object Repository/Page_cabi Order Items/no_result_found' are matched.

2019-09-27 19:21:00 - [TEST_STEP][PASSED] - setText(findTestObject("Object Repository/Page_cabi Order Items/input_New Arrivals - Blooming Blush_style"), findTestData("productData").getValue("Style", row)): Text '3875' is set on object 'Object Repository/Page_cabi Order Items/input_New Arrivals - Blooming Blush_style'

2019-09-27 19:21:01 - [MESSAGE][PASSED] - Text '3875' is set on object 'Object Repository/Page_cabi Order Items/input_New Arrivals - Blooming Blush_style'

2019-09-27 19:21:01 - [TEST_STEP][PASSED] - sendKeys(findTestObject("Object Repository/Page_cabi Order Items/input_New Arrivals - Blooming Blush_style"), Keys.chord(ENTER)): Keys 'ENTER + ' sent to object: 'Object Repository/Page_cabi Order Items/input_New Arrivals - Blooming Blush_style'

2019-09-27 19:21:02 - [MESSAGE][PASSED] - Keys 'ENTER + ' sent to object: 'Object Repository/Page_cabi Order Items/input_New Arrivals - Blooming Blush_style'

2019-09-27 19:21:02 - [TEST_STEP][PASSED] - delay(5): Delayed 5 second(s)

2019-09-27 19:21:07 - [MESSAGE][PASSED] - Delayed 5 second(s)

2019-09-27 19:21:07 - [TEST_STEP][PASSED] - if (toString().equalsIgnoreCase("no")): Actual text and expected text of test object 'Object Repository/Page_cabi Order Items/no_result_found' are matched.

2019-09-27 19:21:07 - [TEST_STEP][PASSED] - delay(2): Delayed 2 second(s)

2019-09-27 19:21:09 - [MESSAGE][PASSED] - Delayed 2 second(s)

2019-09-27 19:21:09 - [TEST_STEP][PASSED] - noResultMessages = findWebElements(findTestObject("Page_cabi Order Items/no_result_found"), 5): null

2019-09-27 19:21:09 - [TEST_STEP][PASSED] - println(noResultMessages.size()): null

2019-09-27 19:21:09 - [TEST_STEP][PASSED] - assert noResultMessages.size() > 0: null

2019-09-27 19:21:09 - [TEST_STEP][PASSED] - verifyElementText(findTestObject("Page_cabi Order Items/no_result_found"), "No Results Found!", CONTINUE_ON_FAILURE): Actual text and expected text of test object 'Object Repository/Page_cabi Order Items/no_result_found' are matched.

2019-09-27 19:21:09 - [MESSAGE][PASSED] - Actual text and expected text of test object 'Object Repository/Page_cabi Order Items/no_result_found' are matched.

2019-09-27 19:21:09 - [TEST_STEP][PASSED] - setText(findTestObject("Object Repository/Page_cabi Order Items/input_New Arrivals - Blooming Blush_style"), findTestData("productData").getValue("Style", row)): Text '3869' is set on object 'Object Repository/Page_cabi Order Items/input_New Arrivals - Blooming Blush_style'

2019-09-27 19:21:09 - [MESSAGE][PASSED] - Text '3869' is set on object 'Object Repository/Page_cabi Order Items/input_New Arrivals - Blooming Blush_style'

2019-09-27 19:21:09 - [TEST_STEP][PASSED] - sendKeys(findTestObject("Object Repository/Page_cabi Order Items/input_New Arrivals - Blooming Blush_style"), Keys.chord(ENTER)): Keys 'ENTER + ' sent to object: 'Object Repository/Page_cabi Order Items/input_New Arrivals - Blooming Blush_style'

2019-09-27 19:21:09 - [MESSAGE][PASSED] - Keys 'ENTER + ' sent to object: 'Object Repository/Page_cabi Order Items/input_New Arrivals - Blooming Blush_style'

2019-09-27 19:21:09 - [TEST_STEP][PASSED] - delay(5): Delayed 5 second(s)

2019-09-27 19:21:14 - [MESSAGE][PASSED] - Delayed 5 second(s)

2019-09-27 19:21:14 - [TEST_STEP][PASSED] - if (toString().equalsIgnoreCase("no")): Actual text and expected text of test object 'Object Repository/Page_cabi Order Items/no_result_found' are matched.

2019-09-27 19:21:14 - [TEST_STEP][PASSED] - delay(2): Delayed 2 second(s)

2019-09-27 19:21:16 - [MESSAGE][PASSED] - Delayed 2 second(s)

2019-09-27 19:21:16 - [TEST_STEP][PASSED] - noResultMessages = findWebElements(findTestObject("Page_cabi Order Items/no_result_found"), 5): null

2019-09-27 19:21:16 - [TEST_STEP][PASSED] - println(noResultMessages.size()): null

2019-09-27 19:21:16 - [TEST_STEP][PASSED] - assert noResultMessages.size() > 0: null

2019-09-27 19:21:16 - [TEST_STEP][PASSED] - verifyElementText(findTestObject("Page_cabi Order Items/no_result_found"), "No Results Found!", CONTINUE_ON_FAILURE): Actual text and expected text of test object 'Object Repository/Page_cabi Order Items/no_result_found' are matched.

2019-09-27 19:21:16 - [MESSAGE][PASSED] - Actual text and expected text of test object 'Object Repository/Page_cabi Order Items/no_result_found' are matched.

2019-09-27 19:21:16 - [TEST_STEP][PASSED] - setText(findTestObject("Object Repository/Page_cabi Order Items/input_New Arrivals - Blooming Blush_style"), findTestData("productData").getValue("Style", row)): Text '3870' is set on object 'Object Repository/Page_cabi Order Items/input_New Arrivals - Blooming Blush_style'

2019-09-27 19:21:16 - [MESSAGE][PASSED] - Text '3870' is set on object 'Object Repository/Page_cabi Order Items/input_New Arrivals - Blooming Blush_style'

2019-09-27 19:21:16 - [TEST_STEP][PASSED] - sendKeys(findTestObject("Object Repository/Page_cabi Order Items/input_New Arrivals - Blooming Blush_style"), Keys.chord(ENTER)): Keys 'ENTER + ' sent to object: 'Object Repository/Page_cabi Order Items/input_New Arrivals - Blooming Blush_style'

2019-09-27 19:21:16 - [MESSAGE][PASSED] - Keys 'ENTER + ' sent to object: 'Object Repository/Page_cabi Order Items/input_New Arrivals - Blooming Blush_style'

2019-09-27 19:21:16 - [TEST_STEP][PASSED] - delay(5): Delayed 5 second(s)

2019-09-27 19:21:21 - [MESSAGE][PASSED] - Delayed 5 second(s)

2019-09-27 19:21:21 - [TEST_STEP][PASSED] - if (toString().equalsIgnoreCase("no")): Actual text and expected text of test object 'Object Repository/Page_cabi Order Items/no_result_found' are matched.

2019-09-27 19:21:21 - [TEST_STEP][PASSED] - delay(2): Delayed 2 second(s)

2019-09-27 19:21:23 - [MESSAGE][PASSED] - Delayed 2 second(s)

2019-09-27 19:21:23 - [TEST_STEP][PASSED] - noResultMessages = findWebElements(findTestObject("Page_cabi Order Items/no_result_found"), 5): null

2019-09-27 19:21:23 - [TEST_STEP][PASSED] - println(noResultMessages.size()): null

2019-09-27 19:21:23 - [TEST_STEP][PASSED] - assert noResultMessages.size() > 0: null

2019-09-27 19:21:23 - [TEST_STEP][PASSED] - verifyElementText(findTestObject("Page_cabi Order Items/no_result_found"), "No Results Found!", CONTINUE_ON_FAILURE): Actual text and expected text of test object 'Object Repository/Page_cabi Order Items/no_result_found' are matched.

2019-09-27 19:21:23 - [MESSAGE][PASSED] - Actual text and expected text of test object 'Object Repository/Page_cabi Order Items/no_result_found' are matched.

2019-09-27 19:21:23 - [TEST_STEP][PASSED] - setText(findTestObject("Object Repository/Page_cabi Order Items/input_New Arrivals - Blooming Blush_style"), findTestData("productData").getValue("Style", row)): Text '3871' is set on object 'Object Repository/Page_cabi Order Items/input_New Arrivals - Blooming Blush_style'

2019-09-27 19:21:23 - [MESSAGE][PASSED] - Text '3871' is set on object 'Object Repository/Page_cabi Order Items/input_New Arrivals - Blooming Blush_style'

2019-09-27 19:21:23 - [TEST_STEP][PASSED] - sendKeys(findTestObject("Object Repository/Page_cabi Order Items/input_New Arrivals - Blooming Blush_style"), Keys.chord(ENTER)): Keys 'ENTER + ' sent to object: 'Object Repository/Page_cabi Order Items/input_New Arrivals - Blooming Blush_style'

2019-09-27 19:21:23 - [MESSAGE][PASSED] - Keys 'ENTER + ' sent to object: 'Object Repository/Page_cabi Order Items/input_New Arrivals - Blooming Blush_style'

2019-09-27 19:21:23 - [TEST_STEP][PASSED] - delay(5): Delayed 5 second(s)

2019-09-27 19:21:28 - [MESSAGE][PASSED] - Delayed 5 second(s)

2019-09-27 19:21:28 - [TEST_STEP][PASSED] - if (toString().equalsIgnoreCase("no")): Actual text and expected text of test object 'Object Repository/Page_cabi Order Items/no_result_found' are matched.

2019-09-27 19:21:28 - [TEST_STEP][PASSED] - delay(2): Delayed 2 second(s)

2019-09-27 19:21:30 - [MESSAGE][PASSED] - Delayed 2 second(s)

2019-09-27 19:21:30 - [TEST_STEP][PASSED] - noResultMessages = findWebElements(findTestObject("Page_cabi Order Items/no_result_found"), 5): null

2019-09-27 19:21:30 - [TEST_STEP][PASSED] - println(noResultMessages.size()): null

2019-09-27 19:21:30 - [TEST_STEP][PASSED] - assert noResultMessages.size() > 0: null

2019-09-27 19:21:30 - [TEST_STEP][PASSED] - verifyElementText(findTestObject("Page_cabi Order Items/no_result_found"), "No Results Found!", CONTINUE_ON_FAILURE): Actual text and expected text of test object 'Object Repository/Page_cabi Order Items/no_result_found' are matched.

2019-09-27 19:21:30 - [MESSAGE][PASSED] - Actual text and expected text of test object 'Object Repository/Page_cabi Order Items/no_result_found' are matched.

2019-09-27 19:21:30 - [TEST_STEP][PASSED] - setText(findTestObject("Object Repository/Page_cabi Order Items/input_New Arrivals - Blooming Blush_style"), findTestData("productData").getValue("Style", row)): Text '3857' is set on object 'Object Repository/Page_cabi Order Items/input_New Arrivals - Blooming Blush_style'

2019-09-27 19:21:31 - [MESSAGE][PASSED] - Text '3857' is set on object 'Object Repository/Page_cabi Order Items/input_New Arrivals - Blooming Blush_style'

2019-09-27 19:21:31 - [TEST_STEP][PASSED] - sendKeys(findTestObject("Object Repository/Page_cabi Order Items/input_New Arrivals - Blooming Blush_style"), Keys.chord(ENTER)): Keys 'ENTER + ' sent to object: 'Object Repository/Page_cabi Order Items/input_New Arrivals - Blooming Blush_style'

2019-09-27 19:21:31 - [MESSAGE][PASSED] - Keys 'ENTER + ' sent to object: 'Object Repository/Page_cabi Order Items/input_New Arrivals - Blooming Blush_style'

2019-09-27 19:21:31 - [TEST_STEP][PASSED] - delay(5): Delayed 5 second(s)

2019-09-27 19:21:36 - [MESSAGE][PASSED] - Delayed 5 second(s)

2019-09-27 19:21:36 - [TEST_STEP][PASSED] - if (toString().equalsIgnoreCase("no")): Actual text and expected text of test object 'Object Repository/Page_cabi Order Items/no_result_found' are matched.

2019-09-27 19:21:36 - [TEST_STEP][PASSED] - delay(2): Delayed 2 second(s)

2019-09-27 19:21:38 - [MESSAGE][PASSED] - Delayed 2 second(s)

2019-09-27 19:21:38 - [TEST_STEP][PASSED] - noResultMessages = findWebElements(findTestObject("Page_cabi Order Items/no_result_found"), 5): null

2019-09-27 19:21:38 - [TEST_STEP][PASSED] - println(noResultMessages.size()): null

2019-09-27 19:21:38 - [TEST_STEP][PASSED] - assert noResultMessages.size() > 0: null

2019-09-27 19:21:38 - [TEST_STEP][PASSED] - verifyElementText(findTestObject("Page_cabi Order Items/no_result_found"), "No Results Found!", CONTINUE_ON_FAILURE): Actual text and expected text of test object 'Object Repository/Page_cabi Order Items/no_result_found' are matched.

2019-09-27 19:21:38 - [MESSAGE][PASSED] - Actual text and expected text of test object 'Object Repository/Page_cabi Order Items/no_result_found' are matched.

2019-09-27 19:21:38 - [TEST_STEP][PASSED] - setText(findTestObject("Object Repository/Page_cabi Order Items/input_New Arrivals - Blooming Blush_style"), findTestData("productData").getValue("Style", row)): Text '3864' is set on object 'Object Repository/Page_cabi Order Items/input_New Arrivals - Blooming Blush_style'

2019-09-27 19:21:38 - [MESSAGE][PASSED] - Text '3864' is set on object 'Object Repository/Page_cabi Order Items/input_New Arrivals - Blooming Blush_style'

2019-09-27 19:21:38 - [TEST_STEP][PASSED] - sendKeys(findTestObject("Object Repository/Page_cabi Order Items/input_New Arrivals - Blooming Blush_style"), Keys.chord(ENTER)): Keys 'ENTER + ' sent to object: 'Object Repository/Page_cabi Order Items/input_New Arrivals - Blooming Blush_style'

2019-09-27 19:21:38 - [MESSAGE][PASSED] - Keys 'ENTER + ' sent to object: 'Object Repository/Page_cabi Order Items/input_New Arrivals - Blooming Blush_style'

2019-09-27 19:21:38 - [TEST_STEP][PASSED] - delay(5): Delayed 5 second(s)

2019-09-27 19:21:43 - [MESSAGE][PASSED] - Delayed 5 second(s)

2019-09-27 19:21:43 - [TEST_STEP][PASSED] - if (toString().equalsIgnoreCase("no")): Actual text and expected text of test object 'Object Repository/Page_cabi Order Items/no_result_found' are matched.

2019-09-27 19:21:43 - [TEST_STEP][PASSED] - delay(2): Delayed 2 second(s)

2019-09-27 19:21:45 - [MESSAGE][PASSED] - Delayed 2 second(s)

2019-09-27 19:21:45 - [TEST_STEP][PASSED] - noResultMessages = findWebElements(findTestObject("Page_cabi Order Items/no_result_found"), 5): null

2019-09-27 19:21:45 - [TEST_STEP][PASSED] - println(noResultMessages.size()): null

2019-09-27 19:21:45 - [TEST_STEP][PASSED] - assert noResultMessages.size() > 0: null

2019-09-27 19:21:45 - [TEST_STEP][PASSED] - verifyElementText(findTestObject("Page_cabi Order Items/no_result_found"), "No Results Found!", CONTINUE_ON_FAILURE): Actual text and expected text of test object 'Object Repository/Page_cabi Order Items/no_result_found' are matched.

2019-09-27 19:21:45 - [MESSAGE][PASSED] - Actual text and expected text of test object 'Object Repository/Page_cabi Order Items/no_result_found' are matched.

2019-09-27 19:21:45 - [TEST_STEP][PASSED] - setText(findTestObject("Object Repository/Page_cabi Order Items/input_New Arrivals - Blooming Blush_style"), findTestData("productData").getValue("Style", row)): Text '3865' is set on object 'Object Repository/Page_cabi Order Items/input_New Arrivals - Blooming Blush_style'

2019-09-27 19:21:45 - [MESSAGE][PASSED] - Text '3865' is set on object 'Object Repository/Page_cabi Order Items/input_New Arrivals - Blooming Blush_style'

2019-09-27 19:21:45 - [TEST_STEP][PASSED] - sendKeys(findTestObject("Object Repository/Page_cabi Order Items/input_New Arrivals - Blooming Blush_style"), Keys.chord(ENTER)): Keys 'ENTER + ' sent to object: 'Object Repository/Page_cabi Order Items/input_New Arrivals - Blooming Blush_style'

2019-09-27 19:21:45 - [MESSAGE][PASSED] - Keys 'ENTER + ' sent to object: 'Object Repository/Page_cabi Order Items/input_New Arrivals - Blooming Blush_style'

2019-09-27 19:21:45 - [TEST_STEP][PASSED] - delay(5): Delayed 5 second(s)

2019-09-27 19:21:50 - [MESSAGE][PASSED] - Delayed 5 second(s)

2019-09-27 19:21:50 - [TEST_STEP][PASSED] - if (toString().equalsIgnoreCase("no")): Actual text and expected text of test object 'Object Repository/Page_cabi Order Items/no_result_found' are matched.

2019-09-27 19:21:50 - [TEST_STEP][PASSED] - delay(2): Delayed 2 second(s)

2019-09-27 19:21:52 - [MESSAGE][PASSED] - Delayed 2 second(s)

2019-09-27 19:21:52 - [TEST_STEP][PASSED] - noResultMessages = findWebElements(findTestObject("Page_cabi Order Items/no_result_found"), 5): null

2019-09-27 19:21:52 - [TEST_STEP][PASSED] - println(noResultMessages.size()): null

2019-09-27 19:21:52 - [TEST_STEP][PASSED] - assert noResultMessages.size() > 0: null

2019-09-27 19:21:52 - [TEST_STEP][PASSED] - verifyElementText(findTestObject("Page_cabi Order Items/no_result_found"), "No Results Found!", CONTINUE_ON_FAILURE): Actual text and expected text of test object 'Object Repository/Page_cabi Order Items/no_result_found' are matched.

2019-09-27 19:21:52 - [MESSAGE][PASSED] - Actual text and expected text of test object 'Object Repository/Page_cabi Order Items/no_result_found' are matched.

2019-09-27 19:21:52 - [TEST_STEP][PASSED] - setText(findTestObject("Object Repository/Page_cabi Order Items/input_New Arrivals - Blooming Blush_style"), findTestData("productData").getValue("Style", row)): Text '3843' is set on object 'Object Repository/Page_cabi Order Items/input_New Arrivals - Blooming Blush_style'

2019-09-27 19:21:52 - [MESSAGE][PASSED] - Text '3843' is set on object 'Object Repository/Page_cabi Order Items/input_New Arrivals - Blooming Blush_style'

2019-09-27 19:21:52 - [TEST_STEP][PASSED] - sendKeys(findTestObject("Object Repository/Page_cabi Order Items/input_New Arrivals - Blooming Blush_style"), Keys.chord(ENTER)): Keys 'ENTER + ' sent to object: 'Object Repository/Page_cabi Order Items/input_New Arrivals - Blooming Blush_style'

2019-09-27 19:21:52 - [MESSAGE][PASSED] - Keys 'ENTER + ' sent to object: 'Object Repository/Page_cabi Order Items/input_New Arrivals - Blooming Blush_style'

2019-09-27 19:21:52 - [TEST_STEP][PASSED] - delay(5): Delayed 5 second(s)

2019-09-27 19:21:57 - [MESSAGE][PASSED] - Delayed 5 second(s)

2019-09-27 19:21:57 - [TEST_STEP][PASSED] - if (toString().equalsIgnoreCase("no")): Actual text and expected text of test object 'Object Repository/Page_cabi Order Items/no_result_found' are matched.

2019-09-27 19:21:57 - [TEST_STEP][PASSED] - delay(2): Delayed 2 second(s)

2019-09-27 19:21:59 - [MESSAGE][PASSED] - Delayed 2 second(s)

2019-09-27 19:21:59 - [TEST_STEP][PASSED] - noResultMessages = findWebElements(findTestObject("Page_cabi Order Items/no_result_found"), 5): null

2019-09-27 19:21:59 - [TEST_STEP][PASSED] - println(noResultMessages.size()): null

2019-09-27 19:21:59 - [TEST_STEP][PASSED] - assert noResultMessages.size() > 0: null

2019-09-27 19:21:59 - [TEST_STEP][PASSED] - verifyElementText(findTestObject("Page_cabi Order Items/no_result_found"), "No Results Found!", CONTINUE_ON_FAILURE): Actual text and expected text of test object 'Object Repository/Page_cabi Order Items/no_result_found' are matched.

2019-09-27 19:21:59 - [MESSAGE][PASSED] - Actual text and expected text of test object 'Object Repository/Page_cabi Order Items/no_result_found' are matched.

2019-09-27 19:21:59 - [TEST_STEP][PASSED] - setText(findTestObject("Object Repository/Page_cabi Order Items/input_New Arrivals - Blooming Blush_style"), findTestData("productData").getValue("Style", row)): Text '3846' is set on object 'Object Repository/Page_cabi Order Items/input_New Arrivals - Blooming Blush_style'

2019-09-27 19:22:00 - [MESSAGE][PASSED] - Text '3846' is set on object 'Object Repository/Page_cabi Order Items/input_New Arrivals - Blooming Blush_style'

2019-09-27 19:22:00 - [TEST_STEP][PASSED] - sendKeys(findTestObject("Object Repository/Page_cabi Order Items/input_New Arrivals - Blooming Blush_style"), Keys.chord(ENTER)): Keys 'ENTER + ' sent to object: 'Object Repository/Page_cabi Order Items/input_New Arrivals - Blooming Blush_style'

2019-09-27 19:22:00 - [MESSAGE][PASSED] - Keys 'ENTER + ' sent to object: 'Object Repository/Page_cabi Order Items/input_New Arrivals - Blooming Blush_style'

2019-09-27 19:22:00 - [TEST_STEP][PASSED] - delay(5): Delayed 5 second(s)

2019-09-27 19:22:05 - [MESSAGE][PASSED] - Delayed 5 second(s)

2019-09-27 19:22:05 - [TEST_STEP][PASSED] - if (toString().equalsIgnoreCase("no")): Actual text and expected text of test object 'Object Repository/Page_cabi Order Items/no_result_found' are matched.

2019-09-27 19:22:05 - [TEST_STEP][PASSED] - delay(2): Delayed 2 second(s)

2019-09-27 19:22:07 - [MESSAGE][PASSED] - Delayed 2 second(s)

2019-09-27 19:22:07 - [TEST_STEP][PASSED] - noResultMessages = findWebElements(findTestObject("Page_cabi Order Items/no_result_found"), 5): null

2019-09-27 19:22:07 - [TEST_STEP][PASSED] - println(noResultMessages.size()): null

2019-09-27 19:22:07 - [TEST_STEP][PASSED] - assert noResultMessages.size() > 0: null

2019-09-27 19:22:07 - [TEST_STEP][PASSED] - verifyElementText(findTestObject("Page_cabi Order Items/no_result_found"), "No Results Found!", CONTINUE_ON_FAILURE): Actual text and expected text of test object 'Object Repository/Page_cabi Order Items/no_result_found' are matched.

2019-09-27 19:22:07 - [MESSAGE][PASSED] - Actual text and expected text of test object 'Object Repository/Page_cabi Order Items/no_result_found' are matched.

2019-09-27 19:22:07 - [TEST_STEP][PASSED] - setText(findTestObject("Object Repository/Page_cabi Order Items/input_New Arrivals - Blooming Blush_style"), findTestData("productData").getValue("Style", row)): Text '3861' is set on object 'Object Repository/Page_cabi Order Items/input_New Arrivals - Blooming Blush_style'

2019-09-27 19:22:07 - [MESSAGE][PASSED] - Text '3861' is set on object 'Object Repository/Page_cabi Order Items/input_New Arrivals - Blooming Blush_style'

2019-09-27 19:22:07 - [TEST_STEP][PASSED] - sendKeys(findTestObject("Object Repository/Page_cabi Order Items/input_New Arrivals - Blooming Blush_style"), Keys.chord(ENTER)): Keys 'ENTER + ' sent to object: 'Object Repository/Page_cabi Order Items/input_New Arrivals - Blooming Blush_style'

2019-09-27 19:22:07 - [MESSAGE][PASSED] - Keys 'ENTER + ' sent to object: 'Object Repository/Page_cabi Order Items/input_New Arrivals - Blooming Blush_style'

2019-09-27 19:22:07 - [TEST_STEP][PASSED] - delay(5): Delayed 5 second(s)

2019-09-27 19:22:12 - [MESSAGE][PASSED] - Delayed 5 second(s)

2019-09-27 19:22:12 - [TEST_STEP][PASSED] - if (toString().equalsIgnoreCase("no")): Actual text and expected text of test object 'Object Repository/Page_cabi Order Items/no_result_found' are matched.

2019-09-27 19:22:12 - [TEST_STEP][PASSED] - delay(2): Delayed 2 second(s)

2019-09-27 19:22:14 - [MESSAGE][PASSED] - Delayed 2 second(s)

2019-09-27 19:22:14 - [TEST_STEP][PASSED] - noResultMessages = findWebElements(findTestObject("Page_cabi Order Items/no_result_found"), 5): null

2019-09-27 19:22:14 - [TEST_STEP][PASSED] - println(noResultMessages.size()): null

2019-09-27 19:22:14 - [TEST_STEP][PASSED] - assert noResultMessages.size() > 0: null

2019-09-27 19:22:14 - [TEST_STEP][PASSED] - verifyElementText(findTestObject("Page_cabi Order Items/no_result_found"), "No Results Found!", CONTINUE_ON_FAILURE): Actual text and expected text of test object 'Object Repository/Page_cabi Order Items/no_result_found' are matched.

2019-09-27 19:22:14 - [MESSAGE][PASSED] - Actual text and expected text of test object 'Object Repository/Page_cabi Order Items/no_result_found' are matched.

2019-09-27 19:22:14 - [TEST_STEP][PASSED] - setText(findTestObject("Object Repository/Page_cabi Order Items/input_New Arrivals - Blooming Blush_style"), findTestData("productData").getValue("Style", row)): Text '3863' is set on object 'Object Repository/Page_cabi Order Items/input_New Arrivals - Blooming Blush_style'

2019-09-27 19:22:14 - [MESSAGE][PASSED] - Text '3863' is set on object 'Object Repository/Page_cabi Order Items/input_New Arrivals - Blooming Blush_style'

2019-09-27 19:22:14 - [TEST_STEP][PASSED] - sendKeys(findTestObject("Object Repository/Page_cabi Order Items/input_New Arrivals - Blooming Blush_style"), Keys.chord(ENTER)): Keys 'ENTER + ' sent to object: 'Object Repository/Page_cabi Order Items/input_New Arrivals - Blooming Blush_style'

2019-09-27 19:22:14 - [MESSAGE][PASSED] - Keys 'ENTER + ' sent to object: 'Object Repository/Page_cabi Order Items/input_New Arrivals - Blooming Blush_style'

2019-09-27 19:22:14 - [TEST_STEP][PASSED] - delay(5): Delayed 5 second(s)

2019-09-27 19:22:19 - [MESSAGE][PASSED] - Delayed 5 second(s)

2019-09-27 19:22:19 - [TEST_STEP][PASSED] - if (toString().equalsIgnoreCase("no")): Actual text and expected text of test object 'Object Repository/Page_cabi Order Items/no_result_found' are matched.

2019-09-27 19:22:19 - [TEST_STEP][PASSED] - delay(2): Delayed 2 second(s)

2019-09-27 19:22:21 - [MESSAGE][PASSED] - Delayed 2 second(s)

2019-09-27 19:22:21 - [TEST_STEP][PASSED] - noResultMessages = findWebElements(findTestObject("Page_cabi Order Items/no_result_found"), 5): null

2019-09-27 19:22:21 - [TEST_STEP][PASSED] - println(noResultMessages.size()): null

2019-09-27 19:22:21 - [TEST_STEP][PASSED] - assert noResultMessages.size() > 0: null

2019-09-27 19:22:21 - [TEST_STEP][PASSED] - verifyElementText(findTestObject("Page_cabi Order Items/no_result_found"), "No Results Found!", CONTINUE_ON_FAILURE): Actual text and expected text of test object 'Object Repository/Page_cabi Order Items/no_result_found' are matched.

2019-09-27 19:22:21 - [MESSAGE][PASSED] - Actual text and expected text of test object 'Object Repository/Page_cabi Order Items/no_result_found' are matched.

2019-09-27 19:22:21 - [TEST_STEP][PASSED] - setText(findTestObject("Object Repository/Page_cabi Order Items/input_New Arrivals - Blooming Blush_style"), findTestData("productData").getValue("Style", row)): Text '3850' is set on object 'Object Repository/Page_cabi Order Items/input_New Arrivals - Blooming Blush_style'

2019-09-27 19:22:21 - [MESSAGE][PASSED] - Text '3850' is set on object 'Object Repository/Page_cabi Order Items/input_New Arrivals - Blooming Blush_style'

2019-09-27 19:22:21 - [TEST_STEP][PASSED] - sendKeys(findTestObject("Object Repository/Page_cabi Order Items/input_New Arrivals - Blooming Blush_style"), Keys.chord(ENTER)): Keys 'ENTER + ' sent to object: 'Object Repository/Page_cabi Order Items/input_New Arrivals - Blooming Blush_style'

2019-09-27 19:22:21 - [MESSAGE][PASSED] - Keys 'ENTER + ' sent to object: 'Object Repository/Page_cabi Order Items/input_New Arrivals - Blooming Blush_style'

2019-09-27 19:22:21 - [TEST_STEP][PASSED] - delay(5): Delayed 5 second(s)

2019-09-27 19:22:26 - [MESSAGE][PASSED] - Delayed 5 second(s)

2019-09-27 19:22:26 - [TEST_STEP][PASSED] - if (toString().equalsIgnoreCase("no")): Actual text and expected text of test object 'Object Repository/Page_cabi Order Items/no_result_found' are matched.

2019-09-27 19:22:26 - [TEST_STEP][PASSED] - delay(2): Delayed 2 second(s)

2019-09-27 19:22:28 - [MESSAGE][PASSED] - Delayed 2 second(s)

2019-09-27 19:22:28 - [TEST_STEP][PASSED] - noResultMessages = findWebElements(findTestObject("Page_cabi Order Items/no_result_found"), 5): null

2019-09-27 19:22:28 - [TEST_STEP][PASSED] - println(noResultMessages.size()): null

2019-09-27 19:22:28 - [TEST_STEP][PASSED] - assert noResultMessages.size() > 0: null

2019-09-27 19:22:28 - [TEST_STEP][PASSED] - verifyElementText(findTestObject("Page_cabi Order Items/no_result_found"), "No Results Found!", CONTINUE_ON_FAILURE): Actual text and expected text of test object 'Object Repository/Page_cabi Order Items/no_result_found' are matched.

2019-09-27 19:22:28 - [MESSAGE][PASSED] - Actual text and expected text of test object 'Object Repository/Page_cabi Order Items/no_result_found' are matched.

2019-09-27 19:22:28 - [MESSAGE][PASSED] - Call Test Case 'Test Cases/NewArrival/productVerify' successfully]]></system-out>
         <system-err><![CDATA[]]></system-err>
      </testcase>
      <testcase name="Test Cases/NewArrival/CCOrders" classname="Test Cases/NewArrival/CCOrders" status="FAILED">
         <failure type="FAILED" message="Test Cases/NewArrival/CCOrders FAILED.
Reason:
com.kms.katalon.core.exception.StepFailedException: Unable to call Test Case 'Test Cases/NewArrival/productVerifyShort' (Root cause: com.kms.katalon.core.exception.StepFailedException: Call Test Case 'Test Cases/NewArrival/productVerifyShort' failed
	at com.kms.katalon.core.keyword.builtin.CallTestCaseKeyword$_callTestCase_closure1.doCall(CallTestCaseKeyword.groovy:63)
	at com.kms.katalon.core.keyword.builtin.CallTestCaseKeyword$_callTestCase_closure1.call(CallTestCaseKeyword.groovy)
	at com.kms.katalon.core.keyword.internal.KeywordMain.runKeyword(KeywordMain.groovy:66)
	at com.kms.katalon.core.keyword.builtin.CallTestCaseKeyword.callTestCase(CallTestCaseKeyword.groovy:81)
	at com.kms.katalon.core.keyword.builtin.CallTestCaseKeyword.execute(CallTestCaseKeyword.groovy:44)
	at com.kms.katalon.core.keyword.internal.KeywordExecutor.executeKeywordForPlatform(KeywordExecutor.groovy:56)
	at com.kms.katalon.core.keyword.BuiltinKeywords.callTestCase(BuiltinKeywords.groovy:334)
	at CCOrders.run(CCOrders:40)
	at com.kms.katalon.core.main.ScriptEngine.run(ScriptEngine.java:194)
	at com.kms.katalon.core.main.ScriptEngine.runScriptAsRawText(ScriptEngine.java:119)
	at com.kms.katalon.core.main.TestCaseExecutor.runScript(TestCaseExecutor.java:342)
	at com.kms.katalon.core.main.TestCaseExecutor.doExecute(TestCaseExecutor.java:333)
	at com.kms.katalon.core.main.TestCaseExecutor.processExecutionPhase(TestCaseExecutor.java:312)
	at com.kms.katalon.core.main.TestCaseExecutor.accessMainPhase(TestCaseExecutor.java:304)
	at com.kms.katalon.core.main.TestCaseExecutor.execute(TestCaseExecutor.java:238)
	at com.kms.katalon.core.main.TestSuiteExecutor.accessTestCaseMainPhase(TestSuiteExecutor.java:129)
	at com.kms.katalon.core.main.TestSuiteExecutor.accessTestSuiteMainPhase(TestSuiteExecutor.java:112)
	at com.kms.katalon.core.main.TestSuiteExecutor.execute(TestSuiteExecutor.java:81)
	at com.kms.katalon.core.main.TestCaseMain.startTestSuite(TestCaseMain.java:157)
	at com.kms.katalon.core.main.TestCaseMain$startTestSuite$0.call(Unknown Source)
	at TempTestSuite1569591422215.run(TempTestSuite1569591422215.groovy:35)
Caused by: Assertion failed: 

assert prod_message.equalsIgnoreCase(expectedStyleDescription)
       |            |                |
       &quot;&quot;           false            3869 Cozy Cowl

	at productVerifyShort.run(productVerifyShort:63)
	at com.kms.katalon.core.main.ScriptEngine.run(ScriptEngine.java:194)
	at com.kms.katalon.core.main.ScriptEngine.runScriptAsRawText(ScriptEngine.java:119)
	at com.kms.katalon.core.main.TestCaseExecutor.runScript(TestCaseExecutor.java:342)
	at com.kms.katalon.core.main.TestCaseExecutor.doExecute(TestCaseExecutor.java:333)
	at com.kms.katalon.core.main.TestCaseExecutor.processExecutionPhase(TestCaseExecutor.java:312)
	at com.kms.katalon.core.main.TestCaseExecutor.accessMainPhase(TestCaseExecutor.java:304)
	at com.kms.katalon.core.main.TestCaseExecutor.execute(TestCaseExecutor.java:238)
	at com.kms.katalon.core.main.TestCaseMain.runTestCase(TestCaseMain.java:114)
	at com.kms.katalon.core.keyword.builtin.CallTestCaseKeyword$_callTestCase_closure1.doCall(CallTestCaseKeyword.groovy:59)
	... 20 more
)
	at com.kms.katalon.core.keyword.internal.KeywordMain.stepFailed(KeywordMain.groovy:37)
	at com.kms.katalon.core.keyword.internal.KeywordMain.stepFailed(KeywordMain.groovy)
	at com.kms.katalon.core.keyword.internal.KeywordMain.runKeyword(KeywordMain.groovy:68)
	at com.kms.katalon.core.keyword.builtin.CallTestCaseKeyword.callTestCase(CallTestCaseKeyword.groovy:81)
	at com.kms.katalon.core.keyword.builtin.CallTestCaseKeyword.execute(CallTestCaseKeyword.groovy:44)
	at com.kms.katalon.core.keyword.internal.KeywordExecutor.executeKeywordForPlatform(KeywordExecutor.groovy:56)
	at com.kms.katalon.core.keyword.BuiltinKeywords.callTestCase(BuiltinKeywords.groovy:334)
	at CCOrders.run(CCOrders:40)
	at com.kms.katalon.core.main.ScriptEngine.run(ScriptEngine.java:194)
	at com.kms.katalon.core.main.ScriptEngine.runScriptAsRawText(ScriptEngine.java:119)
	at com.kms.katalon.core.main.TestCaseExecutor.runScript(TestCaseExecutor.java:342)
	at com.kms.katalon.core.main.TestCaseExecutor.doExecute(TestCaseExecutor.java:333)
	at com.kms.katalon.core.main.TestCaseExecutor.processExecutionPhase(TestCaseExecutor.java:312)
	at com.kms.katalon.core.main.TestCaseExecutor.accessMainPhase(TestCaseExecutor.java:304)
	at com.kms.katalon.core.main.TestCaseExecutor.execute(TestCaseExecutor.java:238)
	at com.kms.katalon.core.main.TestSuiteExecutor.accessTestCaseMainPhase(TestSuiteExecutor.java:129)
	at com.kms.katalon.core.main.TestSuiteExecutor.accessTestSuiteMainPhase(TestSuiteExecutor.java:112)
	at com.kms.katalon.core.main.TestSuiteExecutor.execute(TestSuiteExecutor.java:81)
	at com.kms.katalon.core.main.TestCaseMain.startTestSuite(TestCaseMain.java:157)
	at com.kms.katalon.core.main.TestCaseMain$startTestSuite$0.call(Unknown Source)
	at TempTestSuite1569591422215.run(TempTestSuite1569591422215.groovy:35)
Caused by: com.kms.katalon.core.exception.StepFailedException: Call Test Case 'Test Cases/NewArrival/productVerifyShort' failed
	at com.kms.katalon.core.keyword.builtin.CallTestCaseKeyword$_callTestCase_closure1.doCall(CallTestCaseKeyword.groovy:63)
	at com.kms.katalon.core.keyword.builtin.CallTestCaseKeyword$_callTestCase_closure1.call(CallTestCaseKeyword.groovy)
	at com.kms.katalon.core.keyword.internal.KeywordMain.runKeyword(KeywordMain.groovy:66)
	... 18 more
Caused by: Assertion failed: 

assert prod_message.equalsIgnoreCase(expectedStyleDescription)
       |            |                |
       &quot;&quot;           false            3869 Cozy Cowl

	at productVerifyShort.run(productVerifyShort:63)
	at com.kms.katalon.core.main.ScriptEngine.run(ScriptEngine.java:194)
	at com.kms.katalon.core.main.ScriptEngine.runScriptAsRawText(ScriptEngine.java:119)
	at com.kms.katalon.core.main.TestCaseExecutor.runScript(TestCaseExecutor.java:342)
	at com.kms.katalon.core.main.TestCaseExecutor.doExecute(TestCaseExecutor.java:333)
	at com.kms.katalon.core.main.TestCaseExecutor.processExecutionPhase(TestCaseExecutor.java:312)
	at com.kms.katalon.core.main.TestCaseExecutor.accessMainPhase(TestCaseExecutor.java:304)
	at com.kms.katalon.core.main.TestCaseExecutor.execute(TestCaseExecutor.java:238)
	at com.kms.katalon.core.main.TestCaseMain.runTestCase(TestCaseMain.java:114)
	at com.kms.katalon.core.keyword.builtin.CallTestCaseKeyword$_callTestCase_closure1.doCall(CallTestCaseKeyword.groovy:59)
	... 20 more
"/>
         <system-out><![CDATA[2019-09-27 19:22:29 - [TEST_CASE][FAILED] - Test Cases/NewArrival/CCOrders: Test Cases/NewArrival/CCOrders FAILED.
Reason:
com.kms.katalon.core.exception.StepFailedException: Unable to call Test Case 'Test Cases/NewArrival/productVerifyShort' (Root cause: com.kms.katalon.core.exception.StepFailedException: Call Test Case 'Test Cases/NewArrival/productVerifyShort' failed
	at com.kms.katalon.core.keyword.builtin.CallTestCaseKeyword$_callTestCase_closure1.doCall(CallTestCaseKeyword.groovy:63)
	at com.kms.katalon.core.keyword.builtin.CallTestCaseKeyword$_callTestCase_closure1.call(CallTestCaseKeyword.groovy)
	at com.kms.katalon.core.keyword.internal.KeywordMain.runKeyword(KeywordMain.groovy:66)
	at com.kms.katalon.core.keyword.builtin.CallTestCaseKeyword.callTestCase(CallTestCaseKeyword.groovy:81)
	at com.kms.katalon.core.keyword.builtin.CallTestCaseKeyword.execute(CallTestCaseKeyword.groovy:44)
	at com.kms.katalon.core.keyword.internal.KeywordExecutor.executeKeywordForPlatform(KeywordExecutor.groovy:56)
	at com.kms.katalon.core.keyword.BuiltinKeywords.callTestCase(BuiltinKeywords.groovy:334)
	at CCOrders.run(CCOrders:40)
	at com.kms.katalon.core.main.ScriptEngine.run(ScriptEngine.java:194)
	at com.kms.katalon.core.main.ScriptEngine.runScriptAsRawText(ScriptEngine.java:119)
	at com.kms.katalon.core.main.TestCaseExecutor.runScript(TestCaseExecutor.java:342)
	at com.kms.katalon.core.main.TestCaseExecutor.doExecute(TestCaseExecutor.java:333)
	at com.kms.katalon.core.main.TestCaseExecutor.processExecutionPhase(TestCaseExecutor.java:312)
	at com.kms.katalon.core.main.TestCaseExecutor.accessMainPhase(TestCaseExecutor.java:304)
	at com.kms.katalon.core.main.TestCaseExecutor.execute(TestCaseExecutor.java:238)
	at com.kms.katalon.core.main.TestSuiteExecutor.accessTestCaseMainPhase(TestSuiteExecutor.java:129)
	at com.kms.katalon.core.main.TestSuiteExecutor.accessTestSuiteMainPhase(TestSuiteExecutor.java:112)
	at com.kms.katalon.core.main.TestSuiteExecutor.execute(TestSuiteExecutor.java:81)
	at com.kms.katalon.core.main.TestCaseMain.startTestSuite(TestCaseMain.java:157)
	at com.kms.katalon.core.main.TestCaseMain$startTestSuite$0.call(Unknown Source)
	at TempTestSuite1569591422215.run(TempTestSuite1569591422215.groovy:35)
Caused by: Assertion failed: 

assert prod_message.equalsIgnoreCase(expectedStyleDescription)
       |            |                |
       ""           false            3869 Cozy Cowl

	at productVerifyShort.run(productVerifyShort:63)
	at com.kms.katalon.core.main.ScriptEngine.run(ScriptEngine.java:194)
	at com.kms.katalon.core.main.ScriptEngine.runScriptAsRawText(ScriptEngine.java:119)
	at com.kms.katalon.core.main.TestCaseExecutor.runScript(TestCaseExecutor.java:342)
	at com.kms.katalon.core.main.TestCaseExecutor.doExecute(TestCaseExecutor.java:333)
	at com.kms.katalon.core.main.TestCaseExecutor.processExecutionPhase(TestCaseExecutor.java:312)
	at com.kms.katalon.core.main.TestCaseExecutor.accessMainPhase(TestCaseExecutor.java:304)
	at com.kms.katalon.core.main.TestCaseExecutor.execute(TestCaseExecutor.java:238)
	at com.kms.katalon.core.main.TestCaseMain.runTestCase(TestCaseMain.java:114)
	at com.kms.katalon.core.keyword.builtin.CallTestCaseKeyword$_callTestCase_closure1.doCall(CallTestCaseKeyword.groovy:59)
	... 20 more
)
	at com.kms.katalon.core.keyword.internal.KeywordMain.stepFailed(KeywordMain.groovy:37)
	at com.kms.katalon.core.keyword.internal.KeywordMain.stepFailed(KeywordMain.groovy)
	at com.kms.katalon.core.keyword.internal.KeywordMain.runKeyword(KeywordMain.groovy:68)
	at com.kms.katalon.core.keyword.builtin.CallTestCaseKeyword.callTestCase(CallTestCaseKeyword.groovy:81)
	at com.kms.katalon.core.keyword.builtin.CallTestCaseKeyword.execute(CallTestCaseKeyword.groovy:44)
	at com.kms.katalon.core.keyword.internal.KeywordExecutor.executeKeywordForPlatform(KeywordExecutor.groovy:56)
	at com.kms.katalon.core.keyword.BuiltinKeywords.callTestCase(BuiltinKeywords.groovy:334)
	at CCOrders.run(CCOrders:40)
	at com.kms.katalon.core.main.ScriptEngine.run(ScriptEngine.java:194)
	at com.kms.katalon.core.main.ScriptEngine.runScriptAsRawText(ScriptEngine.java:119)
	at com.kms.katalon.core.main.TestCaseExecutor.runScript(TestCaseExecutor.java:342)
	at com.kms.katalon.core.main.TestCaseExecutor.doExecute(TestCaseExecutor.java:333)
	at com.kms.katalon.core.main.TestCaseExecutor.processExecutionPhase(TestCaseExecutor.java:312)
	at com.kms.katalon.core.main.TestCaseExecutor.accessMainPhase(TestCaseExecutor.java:304)
	at com.kms.katalon.core.main.TestCaseExecutor.execute(TestCaseExecutor.java:238)
	at com.kms.katalon.core.main.TestSuiteExecutor.accessTestCaseMainPhase(TestSuiteExecutor.java:129)
	at com.kms.katalon.core.main.TestSuiteExecutor.accessTestSuiteMainPhase(TestSuiteExecutor.java:112)
	at com.kms.katalon.core.main.TestSuiteExecutor.execute(TestSuiteExecutor.java:81)
	at com.kms.katalon.core.main.TestCaseMain.startTestSuite(TestCaseMain.java:157)
	at com.kms.katalon.core.main.TestCaseMain$startTestSuite$0.call(Unknown Source)
	at TempTestSuite1569591422215.run(TempTestSuite1569591422215.groovy:35)
Caused by: com.kms.katalon.core.exception.StepFailedException: Call Test Case 'Test Cases/NewArrival/productVerifyShort' failed
	at com.kms.katalon.core.keyword.builtin.CallTestCaseKeyword$_callTestCase_closure1.doCall(CallTestCaseKeyword.groovy:63)
	at com.kms.katalon.core.keyword.builtin.CallTestCaseKeyword$_callTestCase_closure1.call(CallTestCaseKeyword.groovy)
	at com.kms.katalon.core.keyword.internal.KeywordMain.runKeyword(KeywordMain.groovy:66)
	... 18 more
Caused by: Assertion failed: 

assert prod_message.equalsIgnoreCase(expectedStyleDescription)
       |            |                |
       ""           false            3869 Cozy Cowl

	at productVerifyShort.run(productVerifyShort:63)
	at com.kms.katalon.core.main.ScriptEngine.run(ScriptEngine.java:194)
	at com.kms.katalon.core.main.ScriptEngine.runScriptAsRawText(ScriptEngine.java:119)
	at com.kms.katalon.core.main.TestCaseExecutor.runScript(TestCaseExecutor.java:342)
	at com.kms.katalon.core.main.TestCaseExecutor.doExecute(TestCaseExecutor.java:333)
	at com.kms.katalon.core.main.TestCaseExecutor.processExecutionPhase(TestCaseExecutor.java:312)
	at com.kms.katalon.core.main.TestCaseExecutor.accessMainPhase(TestCaseExecutor.java:304)
	at com.kms.katalon.core.main.TestCaseExecutor.execute(TestCaseExecutor.java:238)
	at com.kms.katalon.core.main.TestCaseMain.runTestCase(TestCaseMain.java:114)
	at com.kms.katalon.core.keyword.builtin.CallTestCaseKeyword$_callTestCase_closure1.doCall(CallTestCaseKeyword.groovy:59)
	... 20 more


2019-09-27 19:22:29 - [TEST_STEP][PASSED] - Start listener action : sampleBeforeTestCase: null

2019-09-27 19:22:29 - [TEST_STEP][PASSED] - println(testCaseContext.getTestCaseId()): null

2019-09-27 19:22:29 - [TEST_STEP][PASSED] - println(testCaseContext.getTestCaseVariables()): null

2019-09-27 19:22:29 - [TEST_STEP][PASSED] - openBrowser(""): Browser is opened with url: ''

2019-09-27 19:22:29 - [MESSAGE][WARNING] - A browser is already opened. Closing browser and opening a new one

2019-09-27 19:22:29 - [MESSAGE][INFO] - Starting 'Chrome' driver

2019-09-27 19:22:29 - [MESSAGE][INFO] - User set preference: ['args', '[--use-fake-ui-for-media-stream, --start-maximized]']

2019-09-27 19:22:32 - [MESSAGE][PASSED] - Browser is opened with url: ''

2019-09-27 19:22:32 - [TEST_STEP][FAILED] - for ([timeRow = 1, timeRow <= findTestData("timezoneData").getRowNumbers(), (timeRow++)]): for ([timeRow = 1, timeRow <= findTestData("timezoneData").getRowNumbers(), (timeRow++)]) FAILED.
Reason:
com.kms.katalon.core.exception.StepFailedException: Unable to call Test Case 'Test Cases/NewArrival/productVerifyShort' (Root cause: com.kms.katalon.core.exception.StepFailedException: Call Test Case 'Test Cases/NewArrival/productVerifyShort' failed
	at com.kms.katalon.core.keyword.builtin.CallTestCaseKeyword$_callTestCase_closure1.doCall(CallTestCaseKeyword.groovy:63)
	at com.kms.katalon.core.keyword.builtin.CallTestCaseKeyword$_callTestCase_closure1.call(CallTestCaseKeyword.groovy)
	at com.kms.katalon.core.keyword.internal.KeywordMain.runKeyword(KeywordMain.groovy:66)
	at com.kms.katalon.core.keyword.builtin.CallTestCaseKeyword.callTestCase(CallTestCaseKeyword.groovy:81)
	at com.kms.katalon.core.keyword.builtin.CallTestCaseKeyword.execute(CallTestCaseKeyword.groovy:44)
	at com.kms.katalon.core.keyword.internal.KeywordExecutor.executeKeywordForPlatform(KeywordExecutor.groovy:56)
	at com.kms.katalon.core.keyword.BuiltinKeywords.callTestCase(BuiltinKeywords.groovy:334)
	at CCOrders.run(CCOrders:40)
	at com.kms.katalon.core.main.ScriptEngine.run(ScriptEngine.java:194)
	at com.kms.katalon.core.main.ScriptEngine.runScriptAsRawText(ScriptEngine.java:119)
	at com.kms.katalon.core.main.TestCaseExecutor.runScript(TestCaseExecutor.java:342)
	at com.kms.katalon.core.main.TestCaseExecutor.doExecute(TestCaseExecutor.java:333)
	at com.kms.katalon.core.main.TestCaseExecutor.processExecutionPhase(TestCaseExecutor.java:312)
	at com.kms.katalon.core.main.TestCaseExecutor.accessMainPhase(TestCaseExecutor.java:304)
	at com.kms.katalon.core.main.TestCaseExecutor.execute(TestCaseExecutor.java:238)
	at com.kms.katalon.core.main.TestSuiteExecutor.accessTestCaseMainPhase(TestSuiteExecutor.java:129)
	at com.kms.katalon.core.main.TestSuiteExecutor.accessTestSuiteMainPhase(TestSuiteExecutor.java:112)
	at com.kms.katalon.core.main.TestSuiteExecutor.execute(TestSuiteExecutor.java:81)
	at com.kms.katalon.core.main.TestCaseMain.startTestSuite(TestCaseMain.java:157)
	at com.kms.katalon.core.main.TestCaseMain$startTestSuite$0.call(Unknown Source)
	at TempTestSuite1569591422215.run(TempTestSuite1569591422215.groovy:35)
Caused by: Assertion failed: 

assert prod_message.equalsIgnoreCase(expectedStyleDescription)
       |            |                |
       ""           false            3869 Cozy Cowl

	at productVerifyShort.run(productVerifyShort:63)
	at com.kms.katalon.core.main.ScriptEngine.run(ScriptEngine.java:194)
	at com.kms.katalon.core.main.ScriptEngine.runScriptAsRawText(ScriptEngine.java:119)
	at com.kms.katalon.core.main.TestCaseExecutor.runScript(TestCaseExecutor.java:342)
	at com.kms.katalon.core.main.TestCaseExecutor.doExecute(TestCaseExecutor.java:333)
	at com.kms.katalon.core.main.TestCaseExecutor.processExecutionPhase(TestCaseExecutor.java:312)
	at com.kms.katalon.core.main.TestCaseExecutor.accessMainPhase(TestCaseExecutor.java:304)
	at com.kms.katalon.core.main.TestCaseExecutor.execute(TestCaseExecutor.java:238)
	at com.kms.katalon.core.main.TestCaseMain.runTestCase(TestCaseMain.java:114)
	at com.kms.katalon.core.keyword.builtin.CallTestCaseKeyword$_callTestCase_closure1.doCall(CallTestCaseKeyword.groovy:59)
	... 20 more
)
	at com.kms.katalon.core.keyword.internal.KeywordMain.stepFailed(KeywordMain.groovy:37)
	at com.kms.katalon.core.keyword.internal.KeywordMain.stepFailed(KeywordMain.groovy)
	at com.kms.katalon.core.keyword.internal.KeywordMain.runKeyword(KeywordMain.groovy:68)
	at com.kms.katalon.core.keyword.builtin.CallTestCaseKeyword.callTestCase(CallTestCaseKeyword.groovy:81)
	at com.kms.katalon.core.keyword.builtin.CallTestCaseKeyword.execute(CallTestCaseKeyword.groovy:44)
	at com.kms.katalon.core.keyword.internal.KeywordExecutor.executeKeywordForPlatform(KeywordExecutor.groovy:56)
	at com.kms.katalon.core.keyword.BuiltinKeywords.callTestCase(BuiltinKeywords.groovy:334)
	at CCOrders.run(CCOrders:40)
	at com.kms.katalon.core.main.ScriptEngine.run(ScriptEngine.java:194)
	at com.kms.katalon.core.main.ScriptEngine.runScriptAsRawText(ScriptEngine.java:119)
	at com.kms.katalon.core.main.TestCaseExecutor.runScript(TestCaseExecutor.java:342)
	at com.kms.katalon.core.main.TestCaseExecutor.doExecute(TestCaseExecutor.java:333)
	at com.kms.katalon.core.main.TestCaseExecutor.processExecutionPhase(TestCaseExecutor.java:312)
	at com.kms.katalon.core.main.TestCaseExecutor.accessMainPhase(TestCaseExecutor.java:304)
	at com.kms.katalon.core.main.TestCaseExecutor.execute(TestCaseExecutor.java:238)
	at com.kms.katalon.core.main.TestSuiteExecutor.accessTestCaseMainPhase(TestSuiteExecutor.java:129)
	at com.kms.katalon.core.main.TestSuiteExecutor.accessTestSuiteMainPhase(TestSuiteExecutor.java:112)
	at com.kms.katalon.core.main.TestSuiteExecutor.execute(TestSuiteExecutor.java:81)
	at com.kms.katalon.core.main.TestCaseMain.startTestSuite(TestCaseMain.java:157)
	at com.kms.katalon.core.main.TestCaseMain$startTestSuite$0.call(Unknown Source)
	at TempTestSuite1569591422215.run(TempTestSuite1569591422215.groovy:35)
Caused by: com.kms.katalon.core.exception.StepFailedException: Call Test Case 'Test Cases/NewArrival/productVerifyShort' failed
	at com.kms.katalon.core.keyword.builtin.CallTestCaseKeyword$_callTestCase_closure1.doCall(CallTestCaseKeyword.groovy:63)
	at com.kms.katalon.core.keyword.builtin.CallTestCaseKeyword$_callTestCase_closure1.call(CallTestCaseKeyword.groovy)
	at com.kms.katalon.core.keyword.internal.KeywordMain.runKeyword(KeywordMain.groovy:66)
	... 18 more
Caused by: Assertion failed: 

assert prod_message.equalsIgnoreCase(expectedStyleDescription)
       |            |                |
       ""           false            3869 Cozy Cowl

	at productVerifyShort.run(productVerifyShort:63)
	at com.kms.katalon.core.main.ScriptEngine.run(ScriptEngine.java:194)
	at com.kms.katalon.core.main.ScriptEngine.runScriptAsRawText(ScriptEngine.java:119)
	at com.kms.katalon.core.main.TestCaseExecutor.runScript(TestCaseExecutor.java:342)
	at com.kms.katalon.core.main.TestCaseExecutor.doExecute(TestCaseExecutor.java:333)
	at com.kms.katalon.core.main.TestCaseExecutor.processExecutionPhase(TestCaseExecutor.java:312)
	at com.kms.katalon.core.main.TestCaseExecutor.accessMainPhase(TestCaseExecutor.java:304)
	at com.kms.katalon.core.main.TestCaseExecutor.execute(TestCaseExecutor.java:238)
	at com.kms.katalon.core.main.TestCaseMain.runTestCase(TestCaseMain.java:114)
	at com.kms.katalon.core.keyword.builtin.CallTestCaseKeyword$_callTestCase_closure1.doCall(CallTestCaseKeyword.groovy:59)
	... 20 more


2019-09-27 19:22:32 - [TEST_STEP][PASSED] - callTestCase(findTestCase("NewArrival/populateTimeGlobalVars"), ["row":timeRow], CONTINUE_ON_FAILURE): Call Test Case 'Test Cases/NewArrival/populateTimeGlobalVars' successfully

2019-09-27 19:22:32 - [TEST_CASE][PASSED] - Test Cases/NewArrival/populateTimeGlobalVars: Test Cases/NewArrival/populateTimeGlobalVars

2019-09-27 19:22:32 - [TEST_STEP][PASSED] - dataFile = "timezoneData": null

2019-09-27 19:22:32 - [TEST_STEP][PASSED] - clockServerTarget = UtilityMethods.getTestData("envtData", "clockServerTarget", 1): null

2019-09-27 19:22:32 - [TEST_STEP][PASSED] - println(clockServerTarget): null

2019-09-27 19:22:32 - [TEST_STEP][PASSED] - orderType = UtilityMethods.getTestData(dataFile, "orderType", row): null

2019-09-27 19:22:32 - [TEST_STEP][PASSED] - timeZone = UtilityMethods.getTestData(dataFile, "timeZone", row): null

2019-09-27 19:22:32 - [TEST_STEP][PASSED] - BOPersonal = UtilityMethods.getTestData(dataFile, "BOPersonal", row): null

2019-09-27 19:22:32 - [TEST_STEP][PASSED] - BOAddonPersonal = UtilityMethods.getTestData(dataFile, "BOAddonPersonal", row): null

2019-09-27 19:22:32 - [TEST_STEP][PASSED] - BOAddonRetail = UtilityMethods.getTestData(dataFile, "BOAddonRetail", row): null

2019-09-27 19:22:32 - [TEST_STEP][PASSED] - BORetail = UtilityMethods.getTestData(dataFile, "BORetail", row): null

2019-09-27 19:22:32 - [TEST_STEP][PASSED] - BOShow = UtilityMethods.getTestData(dataFile, "BOShow", row): null

2019-09-27 19:22:32 - [TEST_STEP][PASSED] - BOOnlineoutlet = UtilityMethods.getTestData(dataFile, "BOOnlineoutlet", row): null

2019-09-27 19:22:32 - [TEST_STEP][PASSED] - BOEmployee = UtilityMethods.getTestData(dataFile, "BOEmployee", row): null

2019-09-27 19:22:32 - [TEST_STEP][PASSED] - CCPersonal = UtilityMethods.getTestData(dataFile, "CCPersonal", row): null

2019-09-27 19:22:32 - [TEST_STEP][PASSED] - CCRetail = UtilityMethods.getTestData(dataFile, "CCRetail", row): null

2019-09-27 19:22:32 - [TEST_STEP][PASSED] - CCShow = UtilityMethods.getTestData(dataFile, "CCShow", row): null

2019-09-27 19:22:32 - [TEST_STEP][PASSED] - BOEblast = UtilityMethods.getTestData(dataFile, "BOEblast", row): null

2019-09-27 19:22:32 - [TEST_STEP][PASSED] - println(row): null

2019-09-27 19:22:32 - [TEST_STEP][PASSED] - println(BOPersonal): null

2019-09-27 19:22:32 - [MESSAGE][PASSED] - Call Test Case 'Test Cases/NewArrival/populateTimeGlobalVars' successfully

2019-09-27 19:22:32 - [TEST_STEP][PASSED] - callTestCase(findTestCase("NewArrival/setTimezone"), ["ofbizURL":"", "ofbizuser":"", "ofbizpass":"", "orderType":orderType, "timeZone":timeZone, "serverTarget":serverTarget, "clockServerTarget":clockServerTarget], CONTINUE_ON_FAILURE): Call Test Case 'Test Cases/NewArrival/setTimezone' successfully

2019-09-27 19:22:32 - [TEST_CASE][PASSED] - Test Cases/NewArrival/setTimezone: Test Cases/NewArrival/setTimezone

2019-09-27 19:22:32 - [TEST_STEP][PASSED] - openBrowser(""): Browser is opened with url: ''

2019-09-27 19:22:32 - [MESSAGE][WARNING] - A browser is already opened. Closing browser and opening a new one

2019-09-27 19:22:33 - [MESSAGE][INFO] - Starting 'Chrome' driver

2019-09-27 19:22:33 - [MESSAGE][INFO] - User set preference: ['args', '[--use-fake-ui-for-media-stream, --start-maximized]']

2019-09-27 19:22:35 - [MESSAGE][PASSED] - Browser is opened with url: ''

2019-09-27 19:22:35 - [TEST_STEP][NOT_RUN] - maximizeWindow(): NOT_RUN: maximizeWindow()

2019-09-27 19:22:35 - [MESSAGE][NOT_RUN] - NOT_RUN: maximizeWindow()

2019-09-27 19:22:35 - [TEST_STEP][PASSED] - ofbizURL = findTestData("envtData").getValue("ofbizURL", 1): null

2019-09-27 19:22:35 - [TEST_STEP][PASSED] - ofbizuser = findTestData("credData").getValue("ofbizuser", 1): null

2019-09-27 19:22:35 - [TEST_STEP][PASSED] - ofbizpass = findTestData("credData").getValue("ofbizpass", 1): null

2019-09-27 19:22:35 - [TEST_STEP][PASSED] - navigateToUrl(ofbizURL): Navigate to 'https://pushofbiz.cliotest.com/login.php' successfully

2019-09-27 19:22:37 - [MESSAGE][PASSED] - Navigate to 'https://pushofbiz.cliotest.com/login.php' successfully

2019-09-27 19:22:37 - [TEST_STEP][PASSED] - setText(findTestObject("Page_/input_Username_username"), ofbizuser): Text 'automation' is set on object 'Object Repository/Page_/input_Username_username'

2019-09-27 19:22:37 - [MESSAGE][PASSED] - Text 'automation' is set on object 'Object Repository/Page_/input_Username_username'

2019-09-27 19:22:37 - [TEST_STEP][PASSED] - setText(findTestObject("Page_/input_Password_password"), ofbizpass): Text 'cabiautomation' is set on object 'Object Repository/Page_/input_Password_password'

2019-09-27 19:22:37 - [MESSAGE][PASSED] - Text 'cabiautomation' is set on object 'Object Repository/Page_/input_Password_password'

2019-09-27 19:22:37 - [TEST_STEP][PASSED] - click(findTestObject("Page_/input_Password_Submit")): Object: 'Object Repository/Page_/input_Password_Submit' is clicked on

2019-09-27 19:22:41 - [MESSAGE][PASSED] - Object: 'Object Repository/Page_/input_Password_Submit' is clicked on

2019-09-27 19:22:41 - [TEST_STEP][PASSED] - click(findTestObject("Object Repository/Page_/a_Clock set")): Object: 'Object Repository/Page_/a_Clock set' is clicked on

2019-09-27 19:22:41 - [MESSAGE][PASSED] - Object: 'Object Repository/Page_/a_Clock set' is clicked on

2019-09-27 19:22:41 - [TEST_STEP][PASSED] - cst = UtilityMethods.createTestObject("select_target", "//select[@name='Target']/option[contains(text(), '", clockServerTarget, "')]"): null

2019-09-27 19:22:41 - [TEST_STEP][PASSED] - println(clockServerTarget): null

2019-09-27 19:22:41 - [TEST_STEP][PASSED] - click(cst): Object: 'select_target' is clicked on

2019-09-27 19:22:41 - [MESSAGE][PASSED] - Object: 'select_target' is clicked on

2019-09-27 19:22:41 - [TEST_STEP][PASSED] - click(findTestObject("Page_/thisDateAndTime")): Object: 'Object Repository/Page_/thisDateAndTime' is clicked on

2019-09-27 19:22:41 - [MESSAGE][PASSED] - Object: 'Object Repository/Page_/thisDateAndTime' is clicked on

2019-09-27 19:22:41 - [TEST_STEP][PASSED] - setText(findTestObject("Object Repository/Page_/setTargetTime"), timeZone): Text ' 10/16/2019 7:00' is set on object 'Object Repository/Page_/setTargetTime'

2019-09-27 19:22:41 - [MESSAGE][PASSED] - Text ' 10/16/2019 7:00' is set on object 'Object Repository/Page_/setTargetTime'

2019-09-27 19:22:41 - [TEST_STEP][PASSED] - click(findTestObject("Object Repository/Page_/input")): Object: 'Object Repository/Page_/input' is clicked on

2019-09-27 19:22:42 - [MESSAGE][PASSED] - Object: 'Object Repository/Page_/input' is clicked on

2019-09-27 19:22:42 - [TEST_STEP][PASSED] - delay(10): Delayed 10 second(s)

2019-09-27 19:22:52 - [MESSAGE][PASSED] - Delayed 10 second(s)

2019-09-27 19:22:52 - [TEST_STEP][NOT_RUN] - closeBrowser(): NOT_RUN: closeBrowser()

2019-09-27 19:22:52 - [MESSAGE][NOT_RUN] - NOT_RUN: closeBrowser()

2019-09-27 19:22:52 - [MESSAGE][PASSED] - Call Test Case 'Test Cases/NewArrival/setTimezone' successfully

2019-09-27 19:22:52 - [TEST_STEP][PASSED] - callTestCase(findTestCase("TestCaseUtilities/cabiCentralLogin"), [:], CONTINUE_ON_FAILURE): Call Test Case 'Test Cases/TestCaseUtilities/cabiCentralLogin' successfully

2019-09-27 19:22:52 - [TEST_CASE][PASSED] - Test Cases/TestCaseUtilities/cabiCentralLogin: Test Cases/TestCaseUtilities/cabiCentralLogin

2019-09-27 19:22:52 - [TEST_STEP][PASSED] - CCURL = findTestData("envtData").getValue("CCURL", 1): null

2019-09-27 19:22:52 - [TEST_STEP][PASSED] - CCuser = findTestData("credData").getValue("CCuser", 1): null

2019-09-27 19:22:52 - [TEST_STEP][PASSED] - CCpass = findTestData("credData").getValue("CCpass", 1): null

2019-09-27 19:22:52 - [TEST_STEP][PASSED] - openBrowser(""): Browser is opened with url: ''

2019-09-27 19:22:52 - [MESSAGE][WARNING] - A browser is already opened. Closing browser and opening a new one

2019-09-27 19:22:53 - [MESSAGE][INFO] - Starting 'Chrome' driver

2019-09-27 19:22:53 - [MESSAGE][INFO] - User set preference: ['args', '[--use-fake-ui-for-media-stream, --start-maximized]']

2019-09-27 19:22:55 - [MESSAGE][PASSED] - Browser is opened with url: ''

2019-09-27 19:22:55 - [TEST_STEP][PASSED] - navigateToUrl(CCURL): Navigate to 'https://test4.cliotest.com/cabicentral/control/main' successfully

2019-09-27 19:23:02 - [MESSAGE][PASSED] - Navigate to 'https://test4.cliotest.com/cabicentral/control/main' successfully

2019-09-27 19:23:02 - [TEST_STEP][PASSED] - maximizeWindow(): Current window maximized

2019-09-27 19:23:03 - [MESSAGE][PASSED] - Current window maximized

2019-09-27 19:23:03 - [TEST_STEP][PASSED] - logOut = findWebElements(findTestObject("Object Repository/Page_cabi Home/log_out"), 1): Unable to find the element located by 'By.xpath: //a[contains(text(),'Log Out')]'. Please recheck the objects properties to make sure the desired element is located. 

2019-09-27 19:23:04 - [MESSAGE][INFO] - Unable to find the element located by 'By.xpath: //a[contains(text(),'Log Out')]'. Please recheck the objects properties to make sure the desired element is located. 

2019-09-27 19:23:04 - [TEST_STEP][PASSED] - if (logOut.size() == 0): Object: 'Object Repository/Page_cabi/input_Password_section-btn btn-stl-pk rFloat' is clicked on

2019-09-27 19:23:04 - [TEST_STEP][PASSED] - setText(findTestObject("Object Repository/Page_cabi/input_Username_USERNAME"), CCuser): Text 'ehudson' is set on object 'Object Repository/Page_cabi/input_Username_USERNAME'

2019-09-27 19:23:05 - [MESSAGE][PASSED] - Text 'ehudson' is set on object 'Object Repository/Page_cabi/input_Username_USERNAME'

2019-09-27 19:23:05 - [TEST_STEP][PASSED] - setText(findTestObject("Object Repository/Page_cabi/input_Password_PASSWORD"), CCpass): Text 'blackdress19' is set on object 'Object Repository/Page_cabi/input_Password_PASSWORD'

2019-09-27 19:23:05 - [MESSAGE][PASSED] - Text 'blackdress19' is set on object 'Object Repository/Page_cabi/input_Password_PASSWORD'

2019-09-27 19:23:05 - [TEST_STEP][PASSED] - delay(1): Delayed 1 second(s)

2019-09-27 19:23:06 - [MESSAGE][PASSED] - Delayed 1 second(s)

2019-09-27 19:23:06 - [TEST_STEP][PASSED] - click(findTestObject("Object Repository/Page_cabi/input_Password_section-btn btn-stl-pk rFloat")): Object: 'Object Repository/Page_cabi/input_Password_section-btn btn-stl-pk rFloat' is clicked on

2019-09-27 19:23:10 - [MESSAGE][PASSED] - Object: 'Object Repository/Page_cabi/input_Password_section-btn btn-stl-pk rFloat' is clicked on

2019-09-27 19:23:10 - [TEST_STEP][PASSED] - delay(3): Delayed 3 second(s)

2019-09-27 19:23:13 - [MESSAGE][PASSED] - Delayed 3 second(s)

2019-09-27 19:23:13 - [MESSAGE][PASSED] - Call Test Case 'Test Cases/TestCaseUtilities/cabiCentralLogin' successfully

2019-09-27 19:23:13 - [TEST_STEP][PASSED] - delay(3): Delayed 3 second(s)

2019-09-27 19:23:16 - [MESSAGE][PASSED] - Delayed 3 second(s)

2019-09-27 19:23:16 - [TEST_STEP][PASSED] - click(findTestObject("Page_cabi cabiCentral Tasks/a_ORDERS")): Object: 'Object Repository/Page_cabi cabiCentral Tasks/a_ORDERS' is clicked on

2019-09-27 19:23:19 - [MESSAGE][PASSED] - Object: 'Object Repository/Page_cabi cabiCentral Tasks/a_ORDERS' is clicked on

2019-09-27 19:23:19 - [TEST_STEP][PASSED] - delay(3): Delayed 3 second(s)

2019-09-27 19:23:22 - [MESSAGE][PASSED] - Delayed 3 second(s)

2019-09-27 19:23:22 - [TEST_STEP][PASSED] - click(findTestObject("Page_cabi Find Order/a_Create Order")): Object: 'Object Repository/Page_cabi Find Order/a_Create Order' is clicked on

2019-09-27 19:23:23 - [MESSAGE][PASSED] - Object: 'Object Repository/Page_cabi Find Order/a_Create Order' is clicked on

2019-09-27 19:23:23 - [TEST_STEP][PASSED] - selectOptionByValue(findTestObject("Page_cabi Create Order/select_order_type"), "PERSONAL", true): All options with value 'PERSONAL' are selected in object 'Object Repository/Page_cabi Create Order/select_order_type'  using regular expression

2019-09-27 19:23:23 - [MESSAGE][PASSED] - All options with value 'PERSONAL' are selected in object 'Object Repository/Page_cabi Create Order/select_order_type'  using regular expression

2019-09-27 19:23:23 - [TEST_STEP][PASSED] - click(findTestObject("Page_cabi Create Order/input_select_order_type")): Object: 'Object Repository/Page_cabi Create Order/input_select_order_type' is clicked on

2019-09-27 19:23:28 - [MESSAGE][PASSED] - Object: 'Object Repository/Page_cabi Create Order/input_select_order_type' is clicked on

2019-09-27 19:23:28 - [TEST_STEP][FAILED] - callTestCase(findTestCase("NewArrival/productVerifyShort"), ["available":CCPersonal, "storeType":"CCPersonal"], CONTINUE_ON_FAILURE): Unable to call Test Case 'Test Cases/NewArrival/productVerifyShort' (Root cause: com.kms.katalon.core.exception.StepFailedException: Call Test Case 'Test Cases/NewArrival/productVerifyShort' failed
	at com.kms.katalon.core.keyword.builtin.CallTestCaseKeyword$_callTestCase_closure1.doCall(CallTestCaseKeyword.groovy:63)
	at com.kms.katalon.core.keyword.builtin.CallTestCaseKeyword$_callTestCase_closure1.call(CallTestCaseKeyword.groovy)
	at com.kms.katalon.core.keyword.internal.KeywordMain.runKeyword(KeywordMain.groovy:66)
	at com.kms.katalon.core.keyword.builtin.CallTestCaseKeyword.callTestCase(CallTestCaseKeyword.groovy:81)
	at com.kms.katalon.core.keyword.builtin.CallTestCaseKeyword.execute(CallTestCaseKeyword.groovy:44)
	at com.kms.katalon.core.keyword.internal.KeywordExecutor.executeKeywordForPlatform(KeywordExecutor.groovy:56)
	at com.kms.katalon.core.keyword.BuiltinKeywords.callTestCase(BuiltinKeywords.groovy:334)
	at CCOrders.run(CCOrders:40)
	at com.kms.katalon.core.main.ScriptEngine.run(ScriptEngine.java:194)
	at com.kms.katalon.core.main.ScriptEngine.runScriptAsRawText(ScriptEngine.java:119)
	at com.kms.katalon.core.main.TestCaseExecutor.runScript(TestCaseExecutor.java:342)
	at com.kms.katalon.core.main.TestCaseExecutor.doExecute(TestCaseExecutor.java:333)
	at com.kms.katalon.core.main.TestCaseExecutor.processExecutionPhase(TestCaseExecutor.java:312)
	at com.kms.katalon.core.main.TestCaseExecutor.accessMainPhase(TestCaseExecutor.java:304)
	at com.kms.katalon.core.main.TestCaseExecutor.execute(TestCaseExecutor.java:238)
	at com.kms.katalon.core.main.TestSuiteExecutor.accessTestCaseMainPhase(TestSuiteExecutor.java:129)
	at com.kms.katalon.core.main.TestSuiteExecutor.accessTestSuiteMainPhase(TestSuiteExecutor.java:112)
	at com.kms.katalon.core.main.TestSuiteExecutor.execute(TestSuiteExecutor.java:81)
	at com.kms.katalon.core.main.TestCaseMain.startTestSuite(TestCaseMain.java:157)
	at com.kms.katalon.core.main.TestCaseMain$startTestSuite$0.call(Unknown Source)
	at TempTestSuite1569591422215.run(TempTestSuite1569591422215.groovy:35)
Caused by: Assertion failed: 

assert prod_message.equalsIgnoreCase(expectedStyleDescription)
       |            |                |
       ""           false            3869 Cozy Cowl

	at productVerifyShort.run(productVerifyShort:63)
	at com.kms.katalon.core.main.ScriptEngine.run(ScriptEngine.java:194)
	at com.kms.katalon.core.main.ScriptEngine.runScriptAsRawText(ScriptEngine.java:119)
	at com.kms.katalon.core.main.TestCaseExecutor.runScript(TestCaseExecutor.java:342)
	at com.kms.katalon.core.main.TestCaseExecutor.doExecute(TestCaseExecutor.java:333)
	at com.kms.katalon.core.main.TestCaseExecutor.processExecutionPhase(TestCaseExecutor.java:312)
	at com.kms.katalon.core.main.TestCaseExecutor.accessMainPhase(TestCaseExecutor.java:304)
	at com.kms.katalon.core.main.TestCaseExecutor.execute(TestCaseExecutor.java:238)
	at com.kms.katalon.core.main.TestCaseMain.runTestCase(TestCaseMain.java:114)
	at com.kms.katalon.core.keyword.builtin.CallTestCaseKeyword$_callTestCase_closure1.doCall(CallTestCaseKeyword.groovy:59)
	... 20 more
)

2019-09-27 19:23:28 - [TEST_CASE][FAILED] - Test Cases/NewArrival/productVerifyShort: Test Cases/NewArrival/productVerifyShort FAILED.
Reason:
Assertion failed: 

assert prod_message.equalsIgnoreCase(expectedStyleDescription)
       |            |                |
       ""           false            3869 Cozy Cowl

	at productVerifyShort.run(productVerifyShort:63)
	at com.kms.katalon.core.main.ScriptEngine.run(ScriptEngine.java:194)
	at com.kms.katalon.core.main.ScriptEngine.runScriptAsRawText(ScriptEngine.java:119)
	at com.kms.katalon.core.main.TestCaseExecutor.runScript(TestCaseExecutor.java:342)
	at com.kms.katalon.core.main.TestCaseExecutor.doExecute(TestCaseExecutor.java:333)
	at com.kms.katalon.core.main.TestCaseExecutor.processExecutionPhase(TestCaseExecutor.java:312)
	at com.kms.katalon.core.main.TestCaseExecutor.accessMainPhase(TestCaseExecutor.java:304)
	at com.kms.katalon.core.main.TestCaseExecutor.execute(TestCaseExecutor.java:238)
	at com.kms.katalon.core.main.TestCaseMain.runTestCase(TestCaseMain.java:114)
	at com.kms.katalon.core.keyword.builtin.CallTestCaseKeyword$_callTestCase_closure1.doCall(CallTestCaseKeyword.groovy:59)
	at com.kms.katalon.core.keyword.builtin.CallTestCaseKeyword$_callTestCase_closure1.call(CallTestCaseKeyword.groovy)
	at com.kms.katalon.core.keyword.internal.KeywordMain.runKeyword(KeywordMain.groovy:66)
	at com.kms.katalon.core.keyword.builtin.CallTestCaseKeyword.callTestCase(CallTestCaseKeyword.groovy:81)
	at com.kms.katalon.core.keyword.builtin.CallTestCaseKeyword.execute(CallTestCaseKeyword.groovy:44)
	at com.kms.katalon.core.keyword.internal.KeywordExecutor.executeKeywordForPlatform(KeywordExecutor.groovy:56)
	at com.kms.katalon.core.keyword.BuiltinKeywords.callTestCase(BuiltinKeywords.groovy:334)
	at CCOrders.run(CCOrders:40)
	at com.kms.katalon.core.main.ScriptEngine.run(ScriptEngine.java:194)
	at com.kms.katalon.core.main.ScriptEngine.runScriptAsRawText(ScriptEngine.java:119)
	at com.kms.katalon.core.main.TestCaseExecutor.runScript(TestCaseExecutor.java:342)
	at com.kms.katalon.core.main.TestCaseExecutor.doExecute(TestCaseExecutor.java:333)
	at com.kms.katalon.core.main.TestCaseExecutor.processExecutionPhase(TestCaseExecutor.java:312)
	at com.kms.katalon.core.main.TestCaseExecutor.accessMainPhase(TestCaseExecutor.java:304)
	at com.kms.katalon.core.main.TestCaseExecutor.execute(TestCaseExecutor.java:238)
	at com.kms.katalon.core.main.TestSuiteExecutor.accessTestCaseMainPhase(TestSuiteExecutor.java:129)
	at com.kms.katalon.core.main.TestSuiteExecutor.accessTestSuiteMainPhase(TestSuiteExecutor.java:112)
	at com.kms.katalon.core.main.TestSuiteExecutor.execute(TestSuiteExecutor.java:81)
	at com.kms.katalon.core.main.TestCaseMain.startTestSuite(TestCaseMain.java:157)
	at com.kms.katalon.core.main.TestCaseMain$startTestSuite$0.call(Unknown Source)
	at TempTestSuite1569591422215.run(TempTestSuite1569591422215.groovy:35)


2019-09-27 19:23:29 - [TEST_STEP][FAILED] - for ([row = 1, row <= findTestData("productData").getRowNumbers(), (row++)]): for ([row = 1, row <= findTestData("productData").getRowNumbers(), (row++)]) FAILED.
Reason:
Assertion failed: 

assert prod_message.equalsIgnoreCase(expectedStyleDescription)
       |            |                |
       ""           false            3869 Cozy Cowl

	at productVerifyShort.run(productVerifyShort:63)
	at com.kms.katalon.core.main.ScriptEngine.run(ScriptEngine.java:194)
	at com.kms.katalon.core.main.ScriptEngine.runScriptAsRawText(ScriptEngine.java:119)
	at com.kms.katalon.core.main.TestCaseExecutor.runScript(TestCaseExecutor.java:342)
	at com.kms.katalon.core.main.TestCaseExecutor.doExecute(TestCaseExecutor.java:333)
	at com.kms.katalon.core.main.TestCaseExecutor.processExecutionPhase(TestCaseExecutor.java:312)
	at com.kms.katalon.core.main.TestCaseExecutor.accessMainPhase(TestCaseExecutor.java:304)
	at com.kms.katalon.core.main.TestCaseExecutor.execute(TestCaseExecutor.java:238)
	at com.kms.katalon.core.main.TestCaseMain.runTestCase(TestCaseMain.java:114)
	at com.kms.katalon.core.keyword.builtin.CallTestCaseKeyword$_callTestCase_closure1.doCall(CallTestCaseKeyword.groovy:59)
	at com.kms.katalon.core.keyword.builtin.CallTestCaseKeyword$_callTestCase_closure1.call(CallTestCaseKeyword.groovy)
	at com.kms.katalon.core.keyword.internal.KeywordMain.runKeyword(KeywordMain.groovy:66)
	at com.kms.katalon.core.keyword.builtin.CallTestCaseKeyword.callTestCase(CallTestCaseKeyword.groovy:81)
	at com.kms.katalon.core.keyword.builtin.CallTestCaseKeyword.execute(CallTestCaseKeyword.groovy:44)
	at com.kms.katalon.core.keyword.internal.KeywordExecutor.executeKeywordForPlatform(KeywordExecutor.groovy:56)
	at com.kms.katalon.core.keyword.BuiltinKeywords.callTestCase(BuiltinKeywords.groovy:334)
	at CCOrders.run(CCOrders:40)
	at com.kms.katalon.core.main.ScriptEngine.run(ScriptEngine.java:194)
	at com.kms.katalon.core.main.ScriptEngine.runScriptAsRawText(ScriptEngine.java:119)
	at com.kms.katalon.core.main.TestCaseExecutor.runScript(TestCaseExecutor.java:342)
	at com.kms.katalon.core.main.TestCaseExecutor.doExecute(TestCaseExecutor.java:333)
	at com.kms.katalon.core.main.TestCaseExecutor.processExecutionPhase(TestCaseExecutor.java:312)
	at com.kms.katalon.core.main.TestCaseExecutor.accessMainPhase(TestCaseExecutor.java:304)
	at com.kms.katalon.core.main.TestCaseExecutor.execute(TestCaseExecutor.java:238)
	at com.kms.katalon.core.main.TestSuiteExecutor.accessTestCaseMainPhase(TestSuiteExecutor.java:129)
	at com.kms.katalon.core.main.TestSuiteExecutor.accessTestSuiteMainPhase(TestSuiteExecutor.java:112)
	at com.kms.katalon.core.main.TestSuiteExecutor.execute(TestSuiteExecutor.java:81)
	at com.kms.katalon.core.main.TestCaseMain.startTestSuite(TestCaseMain.java:157)
	at com.kms.katalon.core.main.TestCaseMain$startTestSuite$0.call(Unknown Source)
	at TempTestSuite1569591422215.run(TempTestSuite1569591422215.groovy:35)


2019-09-27 19:23:29 - [TEST_STEP][PASSED] - delay(2): Delayed 2 second(s)

2019-09-27 19:23:31 - [MESSAGE][PASSED] - Delayed 2 second(s)

2019-09-27 19:23:31 - [TEST_STEP][PASSED] - setText(findTestObject("Object Repository/Page_cabi Create Order/input_Manual Discount_stylelookup_0"), findTestData("productData").getValue("Style", row)): Text '3875' is set on object 'Object Repository/Page_cabi Create Order/input_Manual Discount_stylelookup_0'

2019-09-27 19:23:31 - [MESSAGE][PASSED] - Text '3875' is set on object 'Object Repository/Page_cabi Create Order/input_Manual Discount_stylelookup_0'

2019-09-27 19:23:31 - [TEST_STEP][PASSED] - delay(2): Delayed 2 second(s)

2019-09-27 19:23:33 - [MESSAGE][PASSED] - Delayed 2 second(s)

2019-09-27 19:23:33 - [TEST_STEP][PASSED] - prod_message = getText(findTestObject("Page_cabi Create Order/first_option")): Text of object 'Object Repository/Page_cabi Create Order/first_option' is: '3875 Decked Out Dress'

2019-09-27 19:23:33 - [MESSAGE][PASSED] - Text of object 'Object Repository/Page_cabi Create Order/first_option' is: '3875 Decked Out Dress'

2019-09-27 19:23:33 - [TEST_STEP][PASSED] - delay(1): Delayed 1 second(s)

2019-09-27 19:23:34 - [MESSAGE][PASSED] - Delayed 1 second(s)

2019-09-27 19:23:34 - [TEST_STEP][PASSED] - click(findTestObject("Page_cabi Create Order/first_option")): Object: 'Object Repository/Page_cabi Create Order/first_option' is clicked on

2019-09-27 19:23:34 - [MESSAGE][PASSED] - Object: 'Object Repository/Page_cabi Create Order/first_option' is clicked on

2019-09-27 19:23:34 - [TEST_STEP][PASSED] - if (toString().equalsIgnoreCase("no")): null

2019-09-27 19:23:34 - [TEST_STEP][PASSED] - else: Delayed 3 second(s)

2019-09-27 19:23:34 - [TEST_STEP][PASSED] - delay(3): Delayed 3 second(s)

2019-09-27 19:23:37 - [MESSAGE][PASSED] - Delayed 3 second(s)

2019-09-27 19:23:37 - [TEST_STEP][PASSED] - s1 = getValue("Style", row).toString(): null

2019-09-27 19:23:37 - [TEST_STEP][PASSED] - s2 = " ": null

2019-09-27 19:23:37 - [TEST_STEP][PASSED] - s3 = getValue("Description", row).toString(): null

2019-09-27 19:23:37 - [TEST_STEP][PASSED] - expectedStyleDescription = $s1$s2$s3: null

2019-09-27 19:23:37 - [TEST_STEP][PASSED] - prod_message = UtilityMethods.splitStyle(prod_message): null

2019-09-27 19:23:37 - [TEST_STEP][PASSED] - println(prod_message): null

2019-09-27 19:23:37 - [TEST_STEP][PASSED] - assert prod_message.equalsIgnoreCase(expectedStyleDescription): null

2019-09-27 19:23:37 - [TEST_STEP][PASSED] - delay(3): Delayed 3 second(s)

2019-09-27 19:23:40 - [MESSAGE][PASSED] - Delayed 3 second(s)

2019-09-27 19:23:40 - [TEST_STEP][PASSED] - colorOptions = findWebElements(findTestObject("Page_cabi Order Items/GetAttribute_Color"), 5): null

2019-09-27 19:23:40 - [TEST_STEP][PASSED] - println(colorOptions.size()): null

2019-09-27 19:23:40 - [TEST_STEP][PASSED] - expectedColour = findTestData("productData").getValue("Color", row): null

2019-09-27 19:23:40 - [TEST_STEP][PASSED] - println("expected colour is"): null

2019-09-27 19:23:40 - [TEST_STEP][PASSED] - println(expectedColour): null

2019-09-27 19:23:40 - [TEST_STEP][PASSED] - colourVerified = false: null

2019-09-27 19:23:40 - [TEST_STEP][PASSED] - for (org.openqa.selenium.WebElement op : colorOptions): null

2019-09-27 19:23:40 - [TEST_STEP][PASSED] - println(op.getText()): null

2019-09-27 19:23:40 - [TEST_STEP][PASSED] - if (expectedColour.equalsIgnoreCase(op.getText())): null

2019-09-27 19:23:40 - [TEST_STEP][PASSED] - colourVerified = true: null

2019-09-27 19:23:40 - [TEST_STEP][PASSED] - break: null

2019-09-27 19:23:40 - [TEST_STEP][PASSED] - assert colourVerified == true: null

2019-09-27 19:23:40 - [TEST_STEP][PASSED] - getPrice = getText(findTestObject("Page_cabi Create Order/retail_price")): Text of object 'Object Repository/Page_cabi Create Order/retail_price' is: '$159.00'

2019-09-27 19:23:40 - [MESSAGE][PASSED] - Text of object 'Object Repository/Page_cabi Create Order/retail_price' is: '$159.00'

2019-09-27 19:23:40 - [TEST_STEP][PASSED] - Split_Data = UtilityMethods.SplitData(getPrice): null

2019-09-27 19:23:40 - [TEST_STEP][PASSED] - verifyMatch(Split_Data, findTestData("productData").getValue("Retail", row), true, CONTINUE_ON_FAILURE): Actual text '159' and expected text '159' are matched  using regular expression

2019-09-27 19:23:40 - [MESSAGE][PASSED] - Actual text '159' and expected text '159' are matched  using regular expression

2019-09-27 19:23:40 - [TEST_STEP][PASSED] - sizeRange1 = ["XXS", "XS", "S", "M", "L", "XL"]: null

2019-09-27 19:23:40 - [TEST_STEP][PASSED] - sizeRange2 = ["00", "0", "2", "4", "6", "8", "10", "12", "14", "16"]: null

2019-09-27 19:23:40 - [TEST_STEP][PASSED] - sizeRange3 = ["Long", "Regular", "Short"]: null

2019-09-27 19:23:40 - [TEST_STEP][PASSED] - sizeRange4 = ["5", "6", "6.5", "7", "7.5", "8", "8.5", "9", "9.5", "10", "11"]: null

2019-09-27 19:23:40 - [TEST_STEP][PASSED] - sizeRangeSplit = UtilityMethods.SplitSizes(findTestData("productData").getValue("SzRange", row)): null

2019-09-27 19:23:40 - [TEST_STEP][PASSED] - sizeType = getText(findTestObject("Object Repository/Page_cabi Order Items/Size")): Text of object 'Object Repository/Page_cabi Order Items/Size' is: 'Select'

2019-09-27 19:23:40 - [MESSAGE][PASSED] - Text of object 'Object Repository/Page_cabi Order Items/Size' is: 'Select'

2019-09-27 19:23:40 - [TEST_STEP][PASSED] - sizeOptions = findWebElements(findTestObject("Object Repository/Page_cabi Order Items/Size"), 5): null

2019-09-27 19:23:40 - [TEST_STEP][PASSED] - actualRange = new java.util.ArrayList(): null

2019-09-27 19:23:40 - [TEST_STEP][PASSED] - expectedRange = <not implemented yet for class: org.codehaus.groovy.ast.expr.EmptyExpression>: null

2019-09-27 19:23:40 - [TEST_STEP][PASSED] - if (sizeType.equalsIgnoreCase("Select")): null

2019-09-27 19:23:40 - [TEST_STEP][PASSED] - for ([i = 1, i < sizeOptions.size(), (i++)]): null

2019-09-27 19:23:40 - [TEST_STEP][PASSED] - actualRange.add(get(i).getAttribute("value")): null

2019-09-27 19:23:40 - [TEST_STEP][PASSED] - actualRange.add(get(i).getAttribute("value")): null

2019-09-27 19:23:40 - [TEST_STEP][PASSED] - actualRange.add(get(i).getAttribute("value")): null

2019-09-27 19:23:40 - [TEST_STEP][PASSED] - actualRange.add(get(i).getAttribute("value")): null

2019-09-27 19:23:40 - [TEST_STEP][PASSED] - actualRange.add(get(i).getAttribute("value")): null

2019-09-27 19:23:40 - [TEST_STEP][PASSED] - if (toString().equalsIgnoreCase("XS") || toString().equalsIgnoreCase("XXS")): null

2019-09-27 19:23:40 - [TEST_STEP][PASSED] - expectedRange = UtilityMethods.getExpectedRange(sizeRange1, sizeRangeSplit): null

2019-09-27 19:23:40 - [TEST_STEP][PASSED] - println("XS"): null

2019-09-27 19:23:40 - [TEST_STEP][PASSED] - println(expectedRange.toString()): null

2019-09-27 19:23:40 - [TEST_STEP][PASSED] - assert UtilityMethods.listEquals(expectedRange, actualRange) == true: null

2019-09-27 19:23:40 - [TEST_STEP][PASSED] - delay(3): Delayed 3 second(s)

2019-09-27 19:23:43 - [MESSAGE][PASSED] - Delayed 3 second(s)

2019-09-27 19:23:43 - [TEST_STEP][PASSED] - delay(2): Delayed 2 second(s)

2019-09-27 19:23:45 - [MESSAGE][PASSED] - Delayed 2 second(s)

2019-09-27 19:23:45 - [TEST_STEP][PASSED] - setText(findTestObject("Object Repository/Page_cabi Create Order/input_Manual Discount_stylelookup_0"), findTestData("productData").getValue("Style", row)): Text '3869' is set on object 'Object Repository/Page_cabi Create Order/input_Manual Discount_stylelookup_0'

2019-09-27 19:23:45 - [MESSAGE][PASSED] - Text '3869' is set on object 'Object Repository/Page_cabi Create Order/input_Manual Discount_stylelookup_0'

2019-09-27 19:23:45 - [TEST_STEP][PASSED] - delay(2): Delayed 2 second(s)

2019-09-27 19:23:47 - [MESSAGE][PASSED] - Delayed 2 second(s)

2019-09-27 19:23:47 - [TEST_STEP][PASSED] - prod_message = getText(findTestObject("Page_cabi Create Order/first_option")): Text of object 'Object Repository/Page_cabi Create Order/first_option' is: ''

2019-09-27 19:23:47 - [MESSAGE][PASSED] - Text of object 'Object Repository/Page_cabi Create Order/first_option' is: ''

2019-09-27 19:23:47 - [TEST_STEP][PASSED] - delay(1): Delayed 1 second(s)

2019-09-27 19:23:48 - [MESSAGE][PASSED] - Delayed 1 second(s)

2019-09-27 19:23:48 - [TEST_STEP][PASSED] - click(findTestObject("Page_cabi Create Order/first_option")): Object: 'Object Repository/Page_cabi Create Order/first_option' is clicked on

2019-09-27 19:23:49 - [MESSAGE][PASSED] - Object: 'Object Repository/Page_cabi Create Order/first_option' is clicked on

2019-09-27 19:23:49 - [TEST_STEP][PASSED] - if (toString().equalsIgnoreCase("no")): null

2019-09-27 19:23:49 - [TEST_STEP][FAILED] - else: for ([row = 1, row <= findTestData("productData").getRowNumbers(), (row++)]) FAILED.
Reason:
Assertion failed: 

assert prod_message.equalsIgnoreCase(expectedStyleDescription)
       |            |                |
       ""           false            3869 Cozy Cowl

	at productVerifyShort.run(productVerifyShort:63)
	at com.kms.katalon.core.main.ScriptEngine.run(ScriptEngine.java:194)
	at com.kms.katalon.core.main.ScriptEngine.runScriptAsRawText(ScriptEngine.java:119)
	at com.kms.katalon.core.main.TestCaseExecutor.runScript(TestCaseExecutor.java:342)
	at com.kms.katalon.core.main.TestCaseExecutor.doExecute(TestCaseExecutor.java:333)
	at com.kms.katalon.core.main.TestCaseExecutor.processExecutionPhase(TestCaseExecutor.java:312)
	at com.kms.katalon.core.main.TestCaseExecutor.accessMainPhase(TestCaseExecutor.java:304)
	at com.kms.katalon.core.main.TestCaseExecutor.execute(TestCaseExecutor.java:238)
	at com.kms.katalon.core.main.TestCaseMain.runTestCase(TestCaseMain.java:114)
	at com.kms.katalon.core.keyword.builtin.CallTestCaseKeyword$_callTestCase_closure1.doCall(CallTestCaseKeyword.groovy:59)
	at com.kms.katalon.core.keyword.builtin.CallTestCaseKeyword$_callTestCase_closure1.call(CallTestCaseKeyword.groovy)
	at com.kms.katalon.core.keyword.internal.KeywordMain.runKeyword(KeywordMain.groovy:66)
	at com.kms.katalon.core.keyword.builtin.CallTestCaseKeyword.callTestCase(CallTestCaseKeyword.groovy:81)
	at com.kms.katalon.core.keyword.builtin.CallTestCaseKeyword.execute(CallTestCaseKeyword.groovy:44)
	at com.kms.katalon.core.keyword.internal.KeywordExecutor.executeKeywordForPlatform(KeywordExecutor.groovy:56)
	at com.kms.katalon.core.keyword.BuiltinKeywords.callTestCase(BuiltinKeywords.groovy:334)
	at CCOrders.run(CCOrders:40)
	at com.kms.katalon.core.main.ScriptEngine.run(ScriptEngine.java:194)
	at com.kms.katalon.core.main.ScriptEngine.runScriptAsRawText(ScriptEngine.java:119)
	at com.kms.katalon.core.main.TestCaseExecutor.runScript(TestCaseExecutor.java:342)
	at com.kms.katalon.core.main.TestCaseExecutor.doExecute(TestCaseExecutor.java:333)
	at com.kms.katalon.core.main.TestCaseExecutor.processExecutionPhase(TestCaseExecutor.java:312)
	at com.kms.katalon.core.main.TestCaseExecutor.accessMainPhase(TestCaseExecutor.java:304)
	at com.kms.katalon.core.main.TestCaseExecutor.execute(TestCaseExecutor.java:238)
	at com.kms.katalon.core.main.TestSuiteExecutor.accessTestCaseMainPhase(TestSuiteExecutor.java:129)
	at com.kms.katalon.core.main.TestSuiteExecutor.accessTestSuiteMainPhase(TestSuiteExecutor.java:112)
	at com.kms.katalon.core.main.TestSuiteExecutor.execute(TestSuiteExecutor.java:81)
	at com.kms.katalon.core.main.TestCaseMain.startTestSuite(TestCaseMain.java:157)
	at com.kms.katalon.core.main.TestCaseMain$startTestSuite$0.call(Unknown Source)
	at TempTestSuite1569591422215.run(TempTestSuite1569591422215.groovy:35)


2019-09-27 19:23:49 - [TEST_STEP][PASSED] - delay(3): Delayed 3 second(s)

2019-09-27 19:23:52 - [MESSAGE][PASSED] - Delayed 3 second(s)

2019-09-27 19:23:52 - [TEST_STEP][PASSED] - s1 = getValue("Style", row).toString(): null

2019-09-27 19:23:52 - [TEST_STEP][PASSED] - s2 = " ": null

2019-09-27 19:23:52 - [TEST_STEP][PASSED] - s3 = getValue("Description", row).toString(): null

2019-09-27 19:23:52 - [TEST_STEP][PASSED] - expectedStyleDescription = $s1$s2$s3: null

2019-09-27 19:23:52 - [TEST_STEP][PASSED] - prod_message = UtilityMethods.splitStyle(prod_message): null

2019-09-27 19:23:52 - [TEST_STEP][PASSED] - println(prod_message): null

2019-09-27 19:23:52 - [TEST_STEP][FAILED] - assert prod_message.equalsIgnoreCase(expectedStyleDescription): for ([row = 1, row <= findTestData("productData").getRowNumbers(), (row++)]) FAILED.
Reason:
Assertion failed: 

assert prod_message.equalsIgnoreCase(expectedStyleDescription)
       |            |                |
       ""           false            3869 Cozy Cowl

	at productVerifyShort.run(productVerifyShort:63)
	at com.kms.katalon.core.main.ScriptEngine.run(ScriptEngine.java:194)
	at com.kms.katalon.core.main.ScriptEngine.runScriptAsRawText(ScriptEngine.java:119)
	at com.kms.katalon.core.main.TestCaseExecutor.runScript(TestCaseExecutor.java:342)
	at com.kms.katalon.core.main.TestCaseExecutor.doExecute(TestCaseExecutor.java:333)
	at com.kms.katalon.core.main.TestCaseExecutor.processExecutionPhase(TestCaseExecutor.java:312)
	at com.kms.katalon.core.main.TestCaseExecutor.accessMainPhase(TestCaseExecutor.java:304)
	at com.kms.katalon.core.main.TestCaseExecutor.execute(TestCaseExecutor.java:238)
	at com.kms.katalon.core.main.TestCaseMain.runTestCase(TestCaseMain.java:114)
	at com.kms.katalon.core.keyword.builtin.CallTestCaseKeyword$_callTestCase_closure1.doCall(CallTestCaseKeyword.groovy:59)
	at com.kms.katalon.core.keyword.builtin.CallTestCaseKeyword$_callTestCase_closure1.call(CallTestCaseKeyword.groovy)
	at com.kms.katalon.core.keyword.internal.KeywordMain.runKeyword(KeywordMain.groovy:66)
	at com.kms.katalon.core.keyword.builtin.CallTestCaseKeyword.callTestCase(CallTestCaseKeyword.groovy:81)
	at com.kms.katalon.core.keyword.builtin.CallTestCaseKeyword.execute(CallTestCaseKeyword.groovy:44)
	at com.kms.katalon.core.keyword.internal.KeywordExecutor.executeKeywordForPlatform(KeywordExecutor.groovy:56)
	at com.kms.katalon.core.keyword.BuiltinKeywords.callTestCase(BuiltinKeywords.groovy:334)
	at CCOrders.run(CCOrders:40)
	at com.kms.katalon.core.main.ScriptEngine.run(ScriptEngine.java:194)
	at com.kms.katalon.core.main.ScriptEngine.runScriptAsRawText(ScriptEngine.java:119)
	at com.kms.katalon.core.main.TestCaseExecutor.runScript(TestCaseExecutor.java:342)
	at com.kms.katalon.core.main.TestCaseExecutor.doExecute(TestCaseExecutor.java:333)
	at com.kms.katalon.core.main.TestCaseExecutor.processExecutionPhase(TestCaseExecutor.java:312)
	at com.kms.katalon.core.main.TestCaseExecutor.accessMainPhase(TestCaseExecutor.java:304)
	at com.kms.katalon.core.main.TestCaseExecutor.execute(TestCaseExecutor.java:238)
	at com.kms.katalon.core.main.TestSuiteExecutor.accessTestCaseMainPhase(TestSuiteExecutor.java:129)
	at com.kms.katalon.core.main.TestSuiteExecutor.accessTestSuiteMainPhase(TestSuiteExecutor.java:112)
	at com.kms.katalon.core.main.TestSuiteExecutor.execute(TestSuiteExecutor.java:81)
	at com.kms.katalon.core.main.TestCaseMain.startTestSuite(TestCaseMain.java:157)
	at com.kms.katalon.core.main.TestCaseMain$startTestSuite$0.call(Unknown Source)
	at TempTestSuite1569591422215.run(TempTestSuite1569591422215.groovy:35)


2019-09-27 19:23:52 - [MESSAGE][FAILED] - for ([row = 1, row <= findTestData("productData").getRowNumbers(), (row++)]) FAILED.
Reason:
Assertion failed: 

assert prod_message.equalsIgnoreCase(expectedStyleDescription)
       |            |                |
       ""           false            3869 Cozy Cowl

	at productVerifyShort.run(productVerifyShort:63)
	at com.kms.katalon.core.main.ScriptEngine.run(ScriptEngine.java:194)
	at com.kms.katalon.core.main.ScriptEngine.runScriptAsRawText(ScriptEngine.java:119)
	at com.kms.katalon.core.main.TestCaseExecutor.runScript(TestCaseExecutor.java:342)
	at com.kms.katalon.core.main.TestCaseExecutor.doExecute(TestCaseExecutor.java:333)
	at com.kms.katalon.core.main.TestCaseExecutor.processExecutionPhase(TestCaseExecutor.java:312)
	at com.kms.katalon.core.main.TestCaseExecutor.accessMainPhase(TestCaseExecutor.java:304)
	at com.kms.katalon.core.main.TestCaseExecutor.execute(TestCaseExecutor.java:238)
	at com.kms.katalon.core.main.TestCaseMain.runTestCase(TestCaseMain.java:114)
	at com.kms.katalon.core.keyword.builtin.CallTestCaseKeyword$_callTestCase_closure1.doCall(CallTestCaseKeyword.groovy:59)
	at com.kms.katalon.core.keyword.builtin.CallTestCaseKeyword$_callTestCase_closure1.call(CallTestCaseKeyword.groovy)
	at com.kms.katalon.core.keyword.internal.KeywordMain.runKeyword(KeywordMain.groovy:66)
	at com.kms.katalon.core.keyword.builtin.CallTestCaseKeyword.callTestCase(CallTestCaseKeyword.groovy:81)
	at com.kms.katalon.core.keyword.builtin.CallTestCaseKeyword.execute(CallTestCaseKeyword.groovy:44)
	at com.kms.katalon.core.keyword.internal.KeywordExecutor.executeKeywordForPlatform(KeywordExecutor.groovy:56)
	at com.kms.katalon.core.keyword.BuiltinKeywords.callTestCase(BuiltinKeywords.groovy:334)
	at CCOrders.run(CCOrders:40)
	at com.kms.katalon.core.main.ScriptEngine.run(ScriptEngine.java:194)
	at com.kms.katalon.core.main.ScriptEngine.runScriptAsRawText(ScriptEngine.java:119)
	at com.kms.katalon.core.main.TestCaseExecutor.runScript(TestCaseExecutor.java:342)
	at com.kms.katalon.core.main.TestCaseExecutor.doExecute(TestCaseExecutor.java:333)
	at com.kms.katalon.core.main.TestCaseExecutor.processExecutionPhase(TestCaseExecutor.java:312)
	at com.kms.katalon.core.main.TestCaseExecutor.accessMainPhase(TestCaseExecutor.java:304)
	at com.kms.katalon.core.main.TestCaseExecutor.execute(TestCaseExecutor.java:238)
	at com.kms.katalon.core.main.TestSuiteExecutor.accessTestCaseMainPhase(TestSuiteExecutor.java:129)
	at com.kms.katalon.core.main.TestSuiteExecutor.accessTestSuiteMainPhase(TestSuiteExecutor.java:112)
	at com.kms.katalon.core.main.TestSuiteExecutor.execute(TestSuiteExecutor.java:81)
	at com.kms.katalon.core.main.TestCaseMain.startTestSuite(TestCaseMain.java:157)
	at com.kms.katalon.core.main.TestCaseMain$startTestSuite$0.call(Unknown Source)
	at TempTestSuite1569591422215.run(TempTestSuite1569591422215.groovy:35)


2019-09-27 19:23:52 - [MESSAGE][FAILED] - Unable to call Test Case 'Test Cases/NewArrival/productVerifyShort' (Root cause: com.kms.katalon.core.exception.StepFailedException: Call Test Case 'Test Cases/NewArrival/productVerifyShort' failed
	at com.kms.katalon.core.keyword.builtin.CallTestCaseKeyword$_callTestCase_closure1.doCall(CallTestCaseKeyword.groovy:63)
	at com.kms.katalon.core.keyword.builtin.CallTestCaseKeyword$_callTestCase_closure1.call(CallTestCaseKeyword.groovy)
	at com.kms.katalon.core.keyword.internal.KeywordMain.runKeyword(KeywordMain.groovy:66)
	at com.kms.katalon.core.keyword.builtin.CallTestCaseKeyword.callTestCase(CallTestCaseKeyword.groovy:81)
	at com.kms.katalon.core.keyword.builtin.CallTestCaseKeyword.execute(CallTestCaseKeyword.groovy:44)
	at com.kms.katalon.core.keyword.internal.KeywordExecutor.executeKeywordForPlatform(KeywordExecutor.groovy:56)
	at com.kms.katalon.core.keyword.BuiltinKeywords.callTestCase(BuiltinKeywords.groovy:334)
	at CCOrders.run(CCOrders:40)
	at com.kms.katalon.core.main.ScriptEngine.run(ScriptEngine.java:194)
	at com.kms.katalon.core.main.ScriptEngine.runScriptAsRawText(ScriptEngine.java:119)
	at com.kms.katalon.core.main.TestCaseExecutor.runScript(TestCaseExecutor.java:342)
	at com.kms.katalon.core.main.TestCaseExecutor.doExecute(TestCaseExecutor.java:333)
	at com.kms.katalon.core.main.TestCaseExecutor.processExecutionPhase(TestCaseExecutor.java:312)
	at com.kms.katalon.core.main.TestCaseExecutor.accessMainPhase(TestCaseExecutor.java:304)
	at com.kms.katalon.core.main.TestCaseExecutor.execute(TestCaseExecutor.java:238)
	at com.kms.katalon.core.main.TestSuiteExecutor.accessTestCaseMainPhase(TestSuiteExecutor.java:129)
	at com.kms.katalon.core.main.TestSuiteExecutor.accessTestSuiteMainPhase(TestSuiteExecutor.java:112)
	at com.kms.katalon.core.main.TestSuiteExecutor.execute(TestSuiteExecutor.java:81)
	at com.kms.katalon.core.main.TestCaseMain.startTestSuite(TestCaseMain.java:157)
	at com.kms.katalon.core.main.TestCaseMain$startTestSuite$0.call(Unknown Source)
	at TempTestSuite1569591422215.run(TempTestSuite1569591422215.groovy:35)
Caused by: Assertion failed: 

assert prod_message.equalsIgnoreCase(expectedStyleDescription)
       |            |                |
       ""           false            3869 Cozy Cowl

	at productVerifyShort.run(productVerifyShort:63)
	at com.kms.katalon.core.main.ScriptEngine.run(ScriptEngine.java:194)
	at com.kms.katalon.core.main.ScriptEngine.runScriptAsRawText(ScriptEngine.java:119)
	at com.kms.katalon.core.main.TestCaseExecutor.runScript(TestCaseExecutor.java:342)
	at com.kms.katalon.core.main.TestCaseExecutor.doExecute(TestCaseExecutor.java:333)
	at com.kms.katalon.core.main.TestCaseExecutor.processExecutionPhase(TestCaseExecutor.java:312)
	at com.kms.katalon.core.main.TestCaseExecutor.accessMainPhase(TestCaseExecutor.java:304)
	at com.kms.katalon.core.main.TestCaseExecutor.execute(TestCaseExecutor.java:238)
	at com.kms.katalon.core.main.TestCaseMain.runTestCase(TestCaseMain.java:114)
	at com.kms.katalon.core.keyword.builtin.CallTestCaseKeyword$_callTestCase_closure1.doCall(CallTestCaseKeyword.groovy:59)
	... 20 more
)

2019-09-27 19:23:52 - [TEST_STEP][PASSED] - click(findTestObject("Page_cabi Find Order/a_Create Order")): Object: 'Object Repository/Page_cabi Find Order/a_Create Order' is clicked on

2019-09-27 19:23:52 - [MESSAGE][PASSED] - Object: 'Object Repository/Page_cabi Find Order/a_Create Order' is clicked on

2019-09-27 19:23:52 - [TEST_STEP][PASSED] - selectOptionByValue(findTestObject("Page_cabi Create Order/select_order_type"), "RETAIL", true): All options with value 'RETAIL' are selected in object 'Object Repository/Page_cabi Create Order/select_order_type'  using regular expression

2019-09-27 19:23:52 - [MESSAGE][PASSED] - All options with value 'RETAIL' are selected in object 'Object Repository/Page_cabi Create Order/select_order_type'  using regular expression

2019-09-27 19:23:52 - [TEST_STEP][PASSED] - click(findTestObject("Page_cabi Create Order/input_select_order_type")): Object: 'Object Repository/Page_cabi Create Order/input_select_order_type' is clicked on

2019-09-27 19:23:56 - [MESSAGE][PASSED] - Object: 'Object Repository/Page_cabi Create Order/input_select_order_type' is clicked on

2019-09-27 19:23:56 - [TEST_STEP][FAILED] - callTestCase(findTestCase("NewArrival/productVerifyShort"), ["available":CCRetail], CONTINUE_ON_FAILURE): Unable to call Test Case 'Test Cases/NewArrival/productVerifyShort' (Root cause: com.kms.katalon.core.exception.StepFailedException: Call Test Case 'Test Cases/NewArrival/productVerifyShort' failed
	at com.kms.katalon.core.keyword.builtin.CallTestCaseKeyword$_callTestCase_closure1.doCall(CallTestCaseKeyword.groovy:63)
	at com.kms.katalon.core.keyword.builtin.CallTestCaseKeyword$_callTestCase_closure1.call(CallTestCaseKeyword.groovy)
	at com.kms.katalon.core.keyword.internal.KeywordMain.runKeyword(KeywordMain.groovy:66)
	at com.kms.katalon.core.keyword.builtin.CallTestCaseKeyword.callTestCase(CallTestCaseKeyword.groovy:81)
	at com.kms.katalon.core.keyword.builtin.CallTestCaseKeyword.execute(CallTestCaseKeyword.groovy:44)
	at com.kms.katalon.core.keyword.internal.KeywordExecutor.executeKeywordForPlatform(KeywordExecutor.groovy:56)
	at com.kms.katalon.core.keyword.BuiltinKeywords.callTestCase(BuiltinKeywords.groovy:334)
	at CCOrders.run(CCOrders:50)
	at com.kms.katalon.core.main.ScriptEngine.run(ScriptEngine.java:194)
	at com.kms.katalon.core.main.ScriptEngine.runScriptAsRawText(ScriptEngine.java:119)
	at com.kms.katalon.core.main.TestCaseExecutor.runScript(TestCaseExecutor.java:342)
	at com.kms.katalon.core.main.TestCaseExecutor.doExecute(TestCaseExecutor.java:333)
	at com.kms.katalon.core.main.TestCaseExecutor.processExecutionPhase(TestCaseExecutor.java:312)
	at com.kms.katalon.core.main.TestCaseExecutor.accessMainPhase(TestCaseExecutor.java:304)
	at com.kms.katalon.core.main.TestCaseExecutor.execute(TestCaseExecutor.java:238)
	at com.kms.katalon.core.main.TestSuiteExecutor.accessTestCaseMainPhase(TestSuiteExecutor.java:129)
	at com.kms.katalon.core.main.TestSuiteExecutor.accessTestSuiteMainPhase(TestSuiteExecutor.java:112)
	at com.kms.katalon.core.main.TestSuiteExecutor.execute(TestSuiteExecutor.java:81)
	at com.kms.katalon.core.main.TestCaseMain.startTestSuite(TestCaseMain.java:157)
	at com.kms.katalon.core.main.TestCaseMain$startTestSuite$0.call(Unknown Source)
	at TempTestSuite1569591422215.run(TempTestSuite1569591422215.groovy:35)
Caused by: Assertion failed: 

assert prod_message.equalsIgnoreCase(expectedStyleDescription)
       |            |                |
       ""           false            3869 Cozy Cowl

	at productVerifyShort.run(productVerifyShort:63)
	at com.kms.katalon.core.main.ScriptEngine.run(ScriptEngine.java:194)
	at com.kms.katalon.core.main.ScriptEngine.runScriptAsRawText(ScriptEngine.java:119)
	at com.kms.katalon.core.main.TestCaseExecutor.runScript(TestCaseExecutor.java:342)
	at com.kms.katalon.core.main.TestCaseExecutor.doExecute(TestCaseExecutor.java:333)
	at com.kms.katalon.core.main.TestCaseExecutor.processExecutionPhase(TestCaseExecutor.java:312)
	at com.kms.katalon.core.main.TestCaseExecutor.accessMainPhase(TestCaseExecutor.java:304)
	at com.kms.katalon.core.main.TestCaseExecutor.execute(TestCaseExecutor.java:238)
	at com.kms.katalon.core.main.TestCaseMain.runTestCase(TestCaseMain.java:114)
	at com.kms.katalon.core.keyword.builtin.CallTestCaseKeyword$_callTestCase_closure1.doCall(CallTestCaseKeyword.groovy:59)
	... 20 more
)

2019-09-27 19:23:56 - [TEST_CASE][FAILED] - Test Cases/NewArrival/productVerifyShort: Test Cases/NewArrival/productVerifyShort FAILED.
Reason:
Assertion failed: 

assert prod_message.equalsIgnoreCase(expectedStyleDescription)
       |            |                |
       ""           false            3869 Cozy Cowl

	at productVerifyShort.run(productVerifyShort:63)
	at com.kms.katalon.core.main.ScriptEngine.run(ScriptEngine.java:194)
	at com.kms.katalon.core.main.ScriptEngine.runScriptAsRawText(ScriptEngine.java:119)
	at com.kms.katalon.core.main.TestCaseExecutor.runScript(TestCaseExecutor.java:342)
	at com.kms.katalon.core.main.TestCaseExecutor.doExecute(TestCaseExecutor.java:333)
	at com.kms.katalon.core.main.TestCaseExecutor.processExecutionPhase(TestCaseExecutor.java:312)
	at com.kms.katalon.core.main.TestCaseExecutor.accessMainPhase(TestCaseExecutor.java:304)
	at com.kms.katalon.core.main.TestCaseExecutor.execute(TestCaseExecutor.java:238)
	at com.kms.katalon.core.main.TestCaseMain.runTestCase(TestCaseMain.java:114)
	at com.kms.katalon.core.keyword.builtin.CallTestCaseKeyword$_callTestCase_closure1.doCall(CallTestCaseKeyword.groovy:59)
	at com.kms.katalon.core.keyword.builtin.CallTestCaseKeyword$_callTestCase_closure1.call(CallTestCaseKeyword.groovy)
	at com.kms.katalon.core.keyword.internal.KeywordMain.runKeyword(KeywordMain.groovy:66)
	at com.kms.katalon.core.keyword.builtin.CallTestCaseKeyword.callTestCase(CallTestCaseKeyword.groovy:81)
	at com.kms.katalon.core.keyword.builtin.CallTestCaseKeyword.execute(CallTestCaseKeyword.groovy:44)
	at com.kms.katalon.core.keyword.internal.KeywordExecutor.executeKeywordForPlatform(KeywordExecutor.groovy:56)
	at com.kms.katalon.core.keyword.BuiltinKeywords.callTestCase(BuiltinKeywords.groovy:334)
	at CCOrders.run(CCOrders:50)
	at com.kms.katalon.core.main.ScriptEngine.run(ScriptEngine.java:194)
	at com.kms.katalon.core.main.ScriptEngine.runScriptAsRawText(ScriptEngine.java:119)
	at com.kms.katalon.core.main.TestCaseExecutor.runScript(TestCaseExecutor.java:342)
	at com.kms.katalon.core.main.TestCaseExecutor.doExecute(TestCaseExecutor.java:333)
	at com.kms.katalon.core.main.TestCaseExecutor.processExecutionPhase(TestCaseExecutor.java:312)
	at com.kms.katalon.core.main.TestCaseExecutor.accessMainPhase(TestCaseExecutor.java:304)
	at com.kms.katalon.core.main.TestCaseExecutor.execute(TestCaseExecutor.java:238)
	at com.kms.katalon.core.main.TestSuiteExecutor.accessTestCaseMainPhase(TestSuiteExecutor.java:129)
	at com.kms.katalon.core.main.TestSuiteExecutor.accessTestSuiteMainPhase(TestSuiteExecutor.java:112)
	at com.kms.katalon.core.main.TestSuiteExecutor.execute(TestSuiteExecutor.java:81)
	at com.kms.katalon.core.main.TestCaseMain.startTestSuite(TestCaseMain.java:157)
	at com.kms.katalon.core.main.TestCaseMain$startTestSuite$0.call(Unknown Source)
	at TempTestSuite1569591422215.run(TempTestSuite1569591422215.groovy:35)


2019-09-27 19:23:56 - [TEST_STEP][FAILED] - for ([row = 1, row <= findTestData("productData").getRowNumbers(), (row++)]): for ([row = 1, row <= findTestData("productData").getRowNumbers(), (row++)]) FAILED.
Reason:
Assertion failed: 

assert prod_message.equalsIgnoreCase(expectedStyleDescription)
       |            |                |
       ""           false            3869 Cozy Cowl

	at productVerifyShort.run(productVerifyShort:63)
	at com.kms.katalon.core.main.ScriptEngine.run(ScriptEngine.java:194)
	at com.kms.katalon.core.main.ScriptEngine.runScriptAsRawText(ScriptEngine.java:119)
	at com.kms.katalon.core.main.TestCaseExecutor.runScript(TestCaseExecutor.java:342)
	at com.kms.katalon.core.main.TestCaseExecutor.doExecute(TestCaseExecutor.java:333)
	at com.kms.katalon.core.main.TestCaseExecutor.processExecutionPhase(TestCaseExecutor.java:312)
	at com.kms.katalon.core.main.TestCaseExecutor.accessMainPhase(TestCaseExecutor.java:304)
	at com.kms.katalon.core.main.TestCaseExecutor.execute(TestCaseExecutor.java:238)
	at com.kms.katalon.core.main.TestCaseMain.runTestCase(TestCaseMain.java:114)
	at com.kms.katalon.core.keyword.builtin.CallTestCaseKeyword$_callTestCase_closure1.doCall(CallTestCaseKeyword.groovy:59)
	at com.kms.katalon.core.keyword.builtin.CallTestCaseKeyword$_callTestCase_closure1.call(CallTestCaseKeyword.groovy)
	at com.kms.katalon.core.keyword.internal.KeywordMain.runKeyword(KeywordMain.groovy:66)
	at com.kms.katalon.core.keyword.builtin.CallTestCaseKeyword.callTestCase(CallTestCaseKeyword.groovy:81)
	at com.kms.katalon.core.keyword.builtin.CallTestCaseKeyword.execute(CallTestCaseKeyword.groovy:44)
	at com.kms.katalon.core.keyword.internal.KeywordExecutor.executeKeywordForPlatform(KeywordExecutor.groovy:56)
	at com.kms.katalon.core.keyword.BuiltinKeywords.callTestCase(BuiltinKeywords.groovy:334)
	at CCOrders.run(CCOrders:50)
	at com.kms.katalon.core.main.ScriptEngine.run(ScriptEngine.java:194)
	at com.kms.katalon.core.main.ScriptEngine.runScriptAsRawText(ScriptEngine.java:119)
	at com.kms.katalon.core.main.TestCaseExecutor.runScript(TestCaseExecutor.java:342)
	at com.kms.katalon.core.main.TestCaseExecutor.doExecute(TestCaseExecutor.java:333)
	at com.kms.katalon.core.main.TestCaseExecutor.processExecutionPhase(TestCaseExecutor.java:312)
	at com.kms.katalon.core.main.TestCaseExecutor.accessMainPhase(TestCaseExecutor.java:304)
	at com.kms.katalon.core.main.TestCaseExecutor.execute(TestCaseExecutor.java:238)
	at com.kms.katalon.core.main.TestSuiteExecutor.accessTestCaseMainPhase(TestSuiteExecutor.java:129)
	at com.kms.katalon.core.main.TestSuiteExecutor.accessTestSuiteMainPhase(TestSuiteExecutor.java:112)
	at com.kms.katalon.core.main.TestSuiteExecutor.execute(TestSuiteExecutor.java:81)
	at com.kms.katalon.core.main.TestCaseMain.startTestSuite(TestCaseMain.java:157)
	at com.kms.katalon.core.main.TestCaseMain$startTestSuite$0.call(Unknown Source)
	at TempTestSuite1569591422215.run(TempTestSuite1569591422215.groovy:35)


2019-09-27 19:23:56 - [TEST_STEP][PASSED] - delay(2): Delayed 2 second(s)

2019-09-27 19:23:58 - [MESSAGE][PASSED] - Delayed 2 second(s)

2019-09-27 19:23:58 - [TEST_STEP][PASSED] - setText(findTestObject("Object Repository/Page_cabi Create Order/input_Manual Discount_stylelookup_0"), findTestData("productData").getValue("Style", row)): Text '3875' is set on object 'Object Repository/Page_cabi Create Order/input_Manual Discount_stylelookup_0'

2019-09-27 19:23:58 - [MESSAGE][PASSED] - Text '3875' is set on object 'Object Repository/Page_cabi Create Order/input_Manual Discount_stylelookup_0'

2019-09-27 19:23:58 - [TEST_STEP][PASSED] - delay(2): Delayed 2 second(s)

2019-09-27 19:24:00 - [MESSAGE][PASSED] - Delayed 2 second(s)

2019-09-27 19:24:00 - [TEST_STEP][PASSED] - prod_message = getText(findTestObject("Page_cabi Create Order/first_option")): Text of object 'Object Repository/Page_cabi Create Order/first_option' is: '3875 Decked Out Dress'

2019-09-27 19:24:00 - [MESSAGE][PASSED] - Text of object 'Object Repository/Page_cabi Create Order/first_option' is: '3875 Decked Out Dress'

2019-09-27 19:24:00 - [TEST_STEP][PASSED] - delay(1): Delayed 1 second(s)

2019-09-27 19:24:01 - [MESSAGE][PASSED] - Delayed 1 second(s)

2019-09-27 19:24:01 - [TEST_STEP][PASSED] - click(findTestObject("Page_cabi Create Order/first_option")): Object: 'Object Repository/Page_cabi Create Order/first_option' is clicked on

2019-09-27 19:24:01 - [MESSAGE][PASSED] - Object: 'Object Repository/Page_cabi Create Order/first_option' is clicked on

2019-09-27 19:24:01 - [TEST_STEP][PASSED] - if (toString().equalsIgnoreCase("no")): null

2019-09-27 19:24:01 - [TEST_STEP][PASSED] - else: Delayed 3 second(s)

2019-09-27 19:24:01 - [TEST_STEP][PASSED] - delay(3): Delayed 3 second(s)

2019-09-27 19:24:04 - [MESSAGE][PASSED] - Delayed 3 second(s)

2019-09-27 19:24:04 - [TEST_STEP][PASSED] - s1 = getValue("Style", row).toString(): null

2019-09-27 19:24:04 - [TEST_STEP][PASSED] - s2 = " ": null

2019-09-27 19:24:04 - [TEST_STEP][PASSED] - s3 = getValue("Description", row).toString(): null

2019-09-27 19:24:04 - [TEST_STEP][PASSED] - expectedStyleDescription = $s1$s2$s3: null

2019-09-27 19:24:04 - [TEST_STEP][PASSED] - prod_message = UtilityMethods.splitStyle(prod_message): null

2019-09-27 19:24:04 - [TEST_STEP][PASSED] - println(prod_message): null

2019-09-27 19:24:04 - [TEST_STEP][PASSED] - assert prod_message.equalsIgnoreCase(expectedStyleDescription): null

2019-09-27 19:24:04 - [TEST_STEP][PASSED] - delay(3): Delayed 3 second(s)

2019-09-27 19:24:07 - [MESSAGE][PASSED] - Delayed 3 second(s)

2019-09-27 19:24:07 - [TEST_STEP][PASSED] - colorOptions = findWebElements(findTestObject("Page_cabi Order Items/GetAttribute_Color"), 5): null

2019-09-27 19:24:07 - [TEST_STEP][PASSED] - println(colorOptions.size()): null

2019-09-27 19:24:07 - [TEST_STEP][PASSED] - expectedColour = findTestData("productData").getValue("Color", row): null

2019-09-27 19:24:07 - [TEST_STEP][PASSED] - println("expected colour is"): null

2019-09-27 19:24:07 - [TEST_STEP][PASSED] - println(expectedColour): null

2019-09-27 19:24:07 - [TEST_STEP][PASSED] - colourVerified = false: null

2019-09-27 19:24:07 - [TEST_STEP][PASSED] - for (org.openqa.selenium.WebElement op : colorOptions): null

2019-09-27 19:24:07 - [TEST_STEP][PASSED] - println(op.getText()): null

2019-09-27 19:24:07 - [TEST_STEP][PASSED] - if (expectedColour.equalsIgnoreCase(op.getText())): null

2019-09-27 19:24:07 - [TEST_STEP][PASSED] - colourVerified = true: null

2019-09-27 19:24:07 - [TEST_STEP][PASSED] - break: null

2019-09-27 19:24:07 - [TEST_STEP][PASSED] - assert colourVerified == true: null

2019-09-27 19:24:07 - [TEST_STEP][PASSED] - getPrice = getText(findTestObject("Page_cabi Create Order/retail_price")): Text of object 'Object Repository/Page_cabi Create Order/retail_price' is: '$159.00'

2019-09-27 19:24:07 - [MESSAGE][PASSED] - Text of object 'Object Repository/Page_cabi Create Order/retail_price' is: '$159.00'

2019-09-27 19:24:07 - [TEST_STEP][PASSED] - Split_Data = UtilityMethods.SplitData(getPrice): null

2019-09-27 19:24:07 - [TEST_STEP][PASSED] - verifyMatch(Split_Data, findTestData("productData").getValue("Retail", row), true, CONTINUE_ON_FAILURE): Actual text '159' and expected text '159' are matched  using regular expression

2019-09-27 19:24:07 - [MESSAGE][PASSED] - Actual text '159' and expected text '159' are matched  using regular expression

2019-09-27 19:24:07 - [TEST_STEP][PASSED] - sizeRange1 = ["XXS", "XS", "S", "M", "L", "XL"]: null

2019-09-27 19:24:07 - [TEST_STEP][PASSED] - sizeRange2 = ["00", "0", "2", "4", "6", "8", "10", "12", "14", "16"]: null

2019-09-27 19:24:07 - [TEST_STEP][PASSED] - sizeRange3 = ["Long", "Regular", "Short"]: null

2019-09-27 19:24:07 - [TEST_STEP][PASSED] - sizeRange4 = ["5", "6", "6.5", "7", "7.5", "8", "8.5", "9", "9.5", "10", "11"]: null

2019-09-27 19:24:07 - [TEST_STEP][PASSED] - sizeRangeSplit = UtilityMethods.SplitSizes(findTestData("productData").getValue("SzRange", row)): null

2019-09-27 19:24:07 - [TEST_STEP][PASSED] - sizeType = getText(findTestObject("Object Repository/Page_cabi Order Items/Size")): Text of object 'Object Repository/Page_cabi Order Items/Size' is: 'Select'

2019-09-27 19:24:08 - [MESSAGE][PASSED] - Text of object 'Object Repository/Page_cabi Order Items/Size' is: 'Select'

2019-09-27 19:24:08 - [TEST_STEP][PASSED] - sizeOptions = findWebElements(findTestObject("Object Repository/Page_cabi Order Items/Size"), 5): null

2019-09-27 19:24:08 - [TEST_STEP][PASSED] - actualRange = new java.util.ArrayList(): null

2019-09-27 19:24:08 - [TEST_STEP][PASSED] - expectedRange = <not implemented yet for class: org.codehaus.groovy.ast.expr.EmptyExpression>: null

2019-09-27 19:24:08 - [TEST_STEP][PASSED] - if (sizeType.equalsIgnoreCase("Select")): null

2019-09-27 19:24:08 - [TEST_STEP][PASSED] - for ([i = 1, i < sizeOptions.size(), (i++)]): null

2019-09-27 19:24:08 - [TEST_STEP][PASSED] - actualRange.add(get(i).getAttribute("value")): null

2019-09-27 19:24:08 - [TEST_STEP][PASSED] - actualRange.add(get(i).getAttribute("value")): null

2019-09-27 19:24:08 - [TEST_STEP][PASSED] - actualRange.add(get(i).getAttribute("value")): null

2019-09-27 19:24:08 - [TEST_STEP][PASSED] - actualRange.add(get(i).getAttribute("value")): null

2019-09-27 19:24:08 - [TEST_STEP][PASSED] - actualRange.add(get(i).getAttribute("value")): null

2019-09-27 19:24:08 - [TEST_STEP][PASSED] - if (toString().equalsIgnoreCase("XS") || toString().equalsIgnoreCase("XXS")): null

2019-09-27 19:24:08 - [TEST_STEP][PASSED] - expectedRange = UtilityMethods.getExpectedRange(sizeRange1, sizeRangeSplit): null

2019-09-27 19:24:08 - [TEST_STEP][PASSED] - println("XS"): null

2019-09-27 19:24:08 - [TEST_STEP][PASSED] - println(expectedRange.toString()): null

2019-09-27 19:24:08 - [TEST_STEP][PASSED] - assert UtilityMethods.listEquals(expectedRange, actualRange) == true: null

2019-09-27 19:24:08 - [TEST_STEP][PASSED] - delay(3): Delayed 3 second(s)

2019-09-27 19:24:11 - [MESSAGE][PASSED] - Delayed 3 second(s)

2019-09-27 19:24:11 - [TEST_STEP][PASSED] - delay(2): Delayed 2 second(s)

2019-09-27 19:24:13 - [MESSAGE][PASSED] - Delayed 2 second(s)

2019-09-27 19:24:13 - [TEST_STEP][PASSED] - setText(findTestObject("Object Repository/Page_cabi Create Order/input_Manual Discount_stylelookup_0"), findTestData("productData").getValue("Style", row)): Text '3869' is set on object 'Object Repository/Page_cabi Create Order/input_Manual Discount_stylelookup_0'

2019-09-27 19:24:13 - [MESSAGE][PASSED] - Text '3869' is set on object 'Object Repository/Page_cabi Create Order/input_Manual Discount_stylelookup_0'

2019-09-27 19:24:13 - [TEST_STEP][PASSED] - delay(2): Delayed 2 second(s)

2019-09-27 19:24:15 - [MESSAGE][PASSED] - Delayed 2 second(s)

2019-09-27 19:24:15 - [TEST_STEP][PASSED] - prod_message = getText(findTestObject("Page_cabi Create Order/first_option")): Text of object 'Object Repository/Page_cabi Create Order/first_option' is: ''

2019-09-27 19:24:15 - [MESSAGE][PASSED] - Text of object 'Object Repository/Page_cabi Create Order/first_option' is: ''

2019-09-27 19:24:15 - [TEST_STEP][PASSED] - delay(1): Delayed 1 second(s)

2019-09-27 19:24:16 - [MESSAGE][PASSED] - Delayed 1 second(s)

2019-09-27 19:24:16 - [TEST_STEP][PASSED] - click(findTestObject("Page_cabi Create Order/first_option")): Object: 'Object Repository/Page_cabi Create Order/first_option' is clicked on

2019-09-27 19:24:16 - [MESSAGE][PASSED] - Object: 'Object Repository/Page_cabi Create Order/first_option' is clicked on

2019-09-27 19:24:16 - [TEST_STEP][PASSED] - if (toString().equalsIgnoreCase("no")): null

2019-09-27 19:24:16 - [TEST_STEP][FAILED] - else: for ([row = 1, row <= findTestData("productData").getRowNumbers(), (row++)]) FAILED.
Reason:
Assertion failed: 

assert prod_message.equalsIgnoreCase(expectedStyleDescription)
       |            |                |
       ""           false            3869 Cozy Cowl

	at productVerifyShort.run(productVerifyShort:63)
	at com.kms.katalon.core.main.ScriptEngine.run(ScriptEngine.java:194)
	at com.kms.katalon.core.main.ScriptEngine.runScriptAsRawText(ScriptEngine.java:119)
	at com.kms.katalon.core.main.TestCaseExecutor.runScript(TestCaseExecutor.java:342)
	at com.kms.katalon.core.main.TestCaseExecutor.doExecute(TestCaseExecutor.java:333)
	at com.kms.katalon.core.main.TestCaseExecutor.processExecutionPhase(TestCaseExecutor.java:312)
	at com.kms.katalon.core.main.TestCaseExecutor.accessMainPhase(TestCaseExecutor.java:304)
	at com.kms.katalon.core.main.TestCaseExecutor.execute(TestCaseExecutor.java:238)
	at com.kms.katalon.core.main.TestCaseMain.runTestCase(TestCaseMain.java:114)
	at com.kms.katalon.core.keyword.builtin.CallTestCaseKeyword$_callTestCase_closure1.doCall(CallTestCaseKeyword.groovy:59)
	at com.kms.katalon.core.keyword.builtin.CallTestCaseKeyword$_callTestCase_closure1.call(CallTestCaseKeyword.groovy)
	at com.kms.katalon.core.keyword.internal.KeywordMain.runKeyword(KeywordMain.groovy:66)
	at com.kms.katalon.core.keyword.builtin.CallTestCaseKeyword.callTestCase(CallTestCaseKeyword.groovy:81)
	at com.kms.katalon.core.keyword.builtin.CallTestCaseKeyword.execute(CallTestCaseKeyword.groovy:44)
	at com.kms.katalon.core.keyword.internal.KeywordExecutor.executeKeywordForPlatform(KeywordExecutor.groovy:56)
	at com.kms.katalon.core.keyword.BuiltinKeywords.callTestCase(BuiltinKeywords.groovy:334)
	at CCOrders.run(CCOrders:50)
	at com.kms.katalon.core.main.ScriptEngine.run(ScriptEngine.java:194)
	at com.kms.katalon.core.main.ScriptEngine.runScriptAsRawText(ScriptEngine.java:119)
	at com.kms.katalon.core.main.TestCaseExecutor.runScript(TestCaseExecutor.java:342)
	at com.kms.katalon.core.main.TestCaseExecutor.doExecute(TestCaseExecutor.java:333)
	at com.kms.katalon.core.main.TestCaseExecutor.processExecutionPhase(TestCaseExecutor.java:312)
	at com.kms.katalon.core.main.TestCaseExecutor.accessMainPhase(TestCaseExecutor.java:304)
	at com.kms.katalon.core.main.TestCaseExecutor.execute(TestCaseExecutor.java:238)
	at com.kms.katalon.core.main.TestSuiteExecutor.accessTestCaseMainPhase(TestSuiteExecutor.java:129)
	at com.kms.katalon.core.main.TestSuiteExecutor.accessTestSuiteMainPhase(TestSuiteExecutor.java:112)
	at com.kms.katalon.core.main.TestSuiteExecutor.execute(TestSuiteExecutor.java:81)
	at com.kms.katalon.core.main.TestCaseMain.startTestSuite(TestCaseMain.java:157)
	at com.kms.katalon.core.main.TestCaseMain$startTestSuite$0.call(Unknown Source)
	at TempTestSuite1569591422215.run(TempTestSuite1569591422215.groovy:35)


2019-09-27 19:24:16 - [TEST_STEP][PASSED] - delay(3): Delayed 3 second(s)

2019-09-27 19:24:19 - [MESSAGE][PASSED] - Delayed 3 second(s)

2019-09-27 19:24:19 - [TEST_STEP][PASSED] - s1 = getValue("Style", row).toString(): null

2019-09-27 19:24:19 - [TEST_STEP][PASSED] - s2 = " ": null

2019-09-27 19:24:19 - [TEST_STEP][PASSED] - s3 = getValue("Description", row).toString(): null

2019-09-27 19:24:19 - [TEST_STEP][PASSED] - expectedStyleDescription = $s1$s2$s3: null

2019-09-27 19:24:19 - [TEST_STEP][PASSED] - prod_message = UtilityMethods.splitStyle(prod_message): null

2019-09-27 19:24:19 - [TEST_STEP][PASSED] - println(prod_message): null

2019-09-27 19:24:19 - [TEST_STEP][FAILED] - assert prod_message.equalsIgnoreCase(expectedStyleDescription): for ([row = 1, row <= findTestData("productData").getRowNumbers(), (row++)]) FAILED.
Reason:
Assertion failed: 

assert prod_message.equalsIgnoreCase(expectedStyleDescription)
       |            |                |
       ""           false            3869 Cozy Cowl

	at productVerifyShort.run(productVerifyShort:63)
	at com.kms.katalon.core.main.ScriptEngine.run(ScriptEngine.java:194)
	at com.kms.katalon.core.main.ScriptEngine.runScriptAsRawText(ScriptEngine.java:119)
	at com.kms.katalon.core.main.TestCaseExecutor.runScript(TestCaseExecutor.java:342)
	at com.kms.katalon.core.main.TestCaseExecutor.doExecute(TestCaseExecutor.java:333)
	at com.kms.katalon.core.main.TestCaseExecutor.processExecutionPhase(TestCaseExecutor.java:312)
	at com.kms.katalon.core.main.TestCaseExecutor.accessMainPhase(TestCaseExecutor.java:304)
	at com.kms.katalon.core.main.TestCaseExecutor.execute(TestCaseExecutor.java:238)
	at com.kms.katalon.core.main.TestCaseMain.runTestCase(TestCaseMain.java:114)
	at com.kms.katalon.core.keyword.builtin.CallTestCaseKeyword$_callTestCase_closure1.doCall(CallTestCaseKeyword.groovy:59)
	at com.kms.katalon.core.keyword.builtin.CallTestCaseKeyword$_callTestCase_closure1.call(CallTestCaseKeyword.groovy)
	at com.kms.katalon.core.keyword.internal.KeywordMain.runKeyword(KeywordMain.groovy:66)
	at com.kms.katalon.core.keyword.builtin.CallTestCaseKeyword.callTestCase(CallTestCaseKeyword.groovy:81)
	at com.kms.katalon.core.keyword.builtin.CallTestCaseKeyword.execute(CallTestCaseKeyword.groovy:44)
	at com.kms.katalon.core.keyword.internal.KeywordExecutor.executeKeywordForPlatform(KeywordExecutor.groovy:56)
	at com.kms.katalon.core.keyword.BuiltinKeywords.callTestCase(BuiltinKeywords.groovy:334)
	at CCOrders.run(CCOrders:50)
	at com.kms.katalon.core.main.ScriptEngine.run(ScriptEngine.java:194)
	at com.kms.katalon.core.main.ScriptEngine.runScriptAsRawText(ScriptEngine.java:119)
	at com.kms.katalon.core.main.TestCaseExecutor.runScript(TestCaseExecutor.java:342)
	at com.kms.katalon.core.main.TestCaseExecutor.doExecute(TestCaseExecutor.java:333)
	at com.kms.katalon.core.main.TestCaseExecutor.processExecutionPhase(TestCaseExecutor.java:312)
	at com.kms.katalon.core.main.TestCaseExecutor.accessMainPhase(TestCaseExecutor.java:304)
	at com.kms.katalon.core.main.TestCaseExecutor.execute(TestCaseExecutor.java:238)
	at com.kms.katalon.core.main.TestSuiteExecutor.accessTestCaseMainPhase(TestSuiteExecutor.java:129)
	at com.kms.katalon.core.main.TestSuiteExecutor.accessTestSuiteMainPhase(TestSuiteExecutor.java:112)
	at com.kms.katalon.core.main.TestSuiteExecutor.execute(TestSuiteExecutor.java:81)
	at com.kms.katalon.core.main.TestCaseMain.startTestSuite(TestCaseMain.java:157)
	at com.kms.katalon.core.main.TestCaseMain$startTestSuite$0.call(Unknown Source)
	at TempTestSuite1569591422215.run(TempTestSuite1569591422215.groovy:35)


2019-09-27 19:24:19 - [MESSAGE][FAILED] - for ([row = 1, row <= findTestData("productData").getRowNumbers(), (row++)]) FAILED.
Reason:
Assertion failed: 

assert prod_message.equalsIgnoreCase(expectedStyleDescription)
       |            |                |
       ""           false            3869 Cozy Cowl

	at productVerifyShort.run(productVerifyShort:63)
	at com.kms.katalon.core.main.ScriptEngine.run(ScriptEngine.java:194)
	at com.kms.katalon.core.main.ScriptEngine.runScriptAsRawText(ScriptEngine.java:119)
	at com.kms.katalon.core.main.TestCaseExecutor.runScript(TestCaseExecutor.java:342)
	at com.kms.katalon.core.main.TestCaseExecutor.doExecute(TestCaseExecutor.java:333)
	at com.kms.katalon.core.main.TestCaseExecutor.processExecutionPhase(TestCaseExecutor.java:312)
	at com.kms.katalon.core.main.TestCaseExecutor.accessMainPhase(TestCaseExecutor.java:304)
	at com.kms.katalon.core.main.TestCaseExecutor.execute(TestCaseExecutor.java:238)
	at com.kms.katalon.core.main.TestCaseMain.runTestCase(TestCaseMain.java:114)
	at com.kms.katalon.core.keyword.builtin.CallTestCaseKeyword$_callTestCase_closure1.doCall(CallTestCaseKeyword.groovy:59)
	at com.kms.katalon.core.keyword.builtin.CallTestCaseKeyword$_callTestCase_closure1.call(CallTestCaseKeyword.groovy)
	at com.kms.katalon.core.keyword.internal.KeywordMain.runKeyword(KeywordMain.groovy:66)
	at com.kms.katalon.core.keyword.builtin.CallTestCaseKeyword.callTestCase(CallTestCaseKeyword.groovy:81)
	at com.kms.katalon.core.keyword.builtin.CallTestCaseKeyword.execute(CallTestCaseKeyword.groovy:44)
	at com.kms.katalon.core.keyword.internal.KeywordExecutor.executeKeywordForPlatform(KeywordExecutor.groovy:56)
	at com.kms.katalon.core.keyword.BuiltinKeywords.callTestCase(BuiltinKeywords.groovy:334)
	at CCOrders.run(CCOrders:50)
	at com.kms.katalon.core.main.ScriptEngine.run(ScriptEngine.java:194)
	at com.kms.katalon.core.main.ScriptEngine.runScriptAsRawText(ScriptEngine.java:119)
	at com.kms.katalon.core.main.TestCaseExecutor.runScript(TestCaseExecutor.java:342)
	at com.kms.katalon.core.main.TestCaseExecutor.doExecute(TestCaseExecutor.java:333)
	at com.kms.katalon.core.main.TestCaseExecutor.processExecutionPhase(TestCaseExecutor.java:312)
	at com.kms.katalon.core.main.TestCaseExecutor.accessMainPhase(TestCaseExecutor.java:304)
	at com.kms.katalon.core.main.TestCaseExecutor.execute(TestCaseExecutor.java:238)
	at com.kms.katalon.core.main.TestSuiteExecutor.accessTestCaseMainPhase(TestSuiteExecutor.java:129)
	at com.kms.katalon.core.main.TestSuiteExecutor.accessTestSuiteMainPhase(TestSuiteExecutor.java:112)
	at com.kms.katalon.core.main.TestSuiteExecutor.execute(TestSuiteExecutor.java:81)
	at com.kms.katalon.core.main.TestCaseMain.startTestSuite(TestCaseMain.java:157)
	at com.kms.katalon.core.main.TestCaseMain$startTestSuite$0.call(Unknown Source)
	at TempTestSuite1569591422215.run(TempTestSuite1569591422215.groovy:35)


2019-09-27 19:24:19 - [MESSAGE][FAILED] - Unable to call Test Case 'Test Cases/NewArrival/productVerifyShort' (Root cause: com.kms.katalon.core.exception.StepFailedException: Call Test Case 'Test Cases/NewArrival/productVerifyShort' failed
	at com.kms.katalon.core.keyword.builtin.CallTestCaseKeyword$_callTestCase_closure1.doCall(CallTestCaseKeyword.groovy:63)
	at com.kms.katalon.core.keyword.builtin.CallTestCaseKeyword$_callTestCase_closure1.call(CallTestCaseKeyword.groovy)
	at com.kms.katalon.core.keyword.internal.KeywordMain.runKeyword(KeywordMain.groovy:66)
	at com.kms.katalon.core.keyword.builtin.CallTestCaseKeyword.callTestCase(CallTestCaseKeyword.groovy:81)
	at com.kms.katalon.core.keyword.builtin.CallTestCaseKeyword.execute(CallTestCaseKeyword.groovy:44)
	at com.kms.katalon.core.keyword.internal.KeywordExecutor.executeKeywordForPlatform(KeywordExecutor.groovy:56)
	at com.kms.katalon.core.keyword.BuiltinKeywords.callTestCase(BuiltinKeywords.groovy:334)
	at CCOrders.run(CCOrders:50)
	at com.kms.katalon.core.main.ScriptEngine.run(ScriptEngine.java:194)
	at com.kms.katalon.core.main.ScriptEngine.runScriptAsRawText(ScriptEngine.java:119)
	at com.kms.katalon.core.main.TestCaseExecutor.runScript(TestCaseExecutor.java:342)
	at com.kms.katalon.core.main.TestCaseExecutor.doExecute(TestCaseExecutor.java:333)
	at com.kms.katalon.core.main.TestCaseExecutor.processExecutionPhase(TestCaseExecutor.java:312)
	at com.kms.katalon.core.main.TestCaseExecutor.accessMainPhase(TestCaseExecutor.java:304)
	at com.kms.katalon.core.main.TestCaseExecutor.execute(TestCaseExecutor.java:238)
	at com.kms.katalon.core.main.TestSuiteExecutor.accessTestCaseMainPhase(TestSuiteExecutor.java:129)
	at com.kms.katalon.core.main.TestSuiteExecutor.accessTestSuiteMainPhase(TestSuiteExecutor.java:112)
	at com.kms.katalon.core.main.TestSuiteExecutor.execute(TestSuiteExecutor.java:81)
	at com.kms.katalon.core.main.TestCaseMain.startTestSuite(TestCaseMain.java:157)
	at com.kms.katalon.core.main.TestCaseMain$startTestSuite$0.call(Unknown Source)
	at TempTestSuite1569591422215.run(TempTestSuite1569591422215.groovy:35)
Caused by: Assertion failed: 

assert prod_message.equalsIgnoreCase(expectedStyleDescription)
       |            |                |
       ""           false            3869 Cozy Cowl

	at productVerifyShort.run(productVerifyShort:63)
	at com.kms.katalon.core.main.ScriptEngine.run(ScriptEngine.java:194)
	at com.kms.katalon.core.main.ScriptEngine.runScriptAsRawText(ScriptEngine.java:119)
	at com.kms.katalon.core.main.TestCaseExecutor.runScript(TestCaseExecutor.java:342)
	at com.kms.katalon.core.main.TestCaseExecutor.doExecute(TestCaseExecutor.java:333)
	at com.kms.katalon.core.main.TestCaseExecutor.processExecutionPhase(TestCaseExecutor.java:312)
	at com.kms.katalon.core.main.TestCaseExecutor.accessMainPhase(TestCaseExecutor.java:304)
	at com.kms.katalon.core.main.TestCaseExecutor.execute(TestCaseExecutor.java:238)
	at com.kms.katalon.core.main.TestCaseMain.runTestCase(TestCaseMain.java:114)
	at com.kms.katalon.core.keyword.builtin.CallTestCaseKeyword$_callTestCase_closure1.doCall(CallTestCaseKeyword.groovy:59)
	... 20 more
)

2019-09-27 19:24:19 - [TEST_STEP][PASSED] - callTestCase(findTestCase("NewArrival/populateTimeGlobalVars"), ["row":timeRow], CONTINUE_ON_FAILURE): Call Test Case 'Test Cases/NewArrival/populateTimeGlobalVars' successfully

2019-09-27 19:24:19 - [TEST_CASE][PASSED] - Test Cases/NewArrival/populateTimeGlobalVars: Test Cases/NewArrival/populateTimeGlobalVars

2019-09-27 19:24:19 - [TEST_STEP][PASSED] - dataFile = "timezoneData": null

2019-09-27 19:24:19 - [TEST_STEP][PASSED] - clockServerTarget = UtilityMethods.getTestData("envtData", "clockServerTarget", 1): null

2019-09-27 19:24:19 - [TEST_STEP][PASSED] - println(clockServerTarget): null

2019-09-27 19:24:19 - [TEST_STEP][PASSED] - orderType = UtilityMethods.getTestData(dataFile, "orderType", row): null

2019-09-27 19:24:19 - [TEST_STEP][PASSED] - timeZone = UtilityMethods.getTestData(dataFile, "timeZone", row): null

2019-09-27 19:24:19 - [TEST_STEP][PASSED] - BOPersonal = UtilityMethods.getTestData(dataFile, "BOPersonal", row): null

2019-09-27 19:24:19 - [TEST_STEP][PASSED] - BOAddonPersonal = UtilityMethods.getTestData(dataFile, "BOAddonPersonal", row): null

2019-09-27 19:24:19 - [TEST_STEP][PASSED] - BOAddonRetail = UtilityMethods.getTestData(dataFile, "BOAddonRetail", row): null

2019-09-27 19:24:19 - [TEST_STEP][PASSED] - BORetail = UtilityMethods.getTestData(dataFile, "BORetail", row): null

2019-09-27 19:24:19 - [TEST_STEP][PASSED] - BOShow = UtilityMethods.getTestData(dataFile, "BOShow", row): null

2019-09-27 19:24:19 - [TEST_STEP][PASSED] - BOOnlineoutlet = UtilityMethods.getTestData(dataFile, "BOOnlineoutlet", row): null

2019-09-27 19:24:19 - [TEST_STEP][PASSED] - BOEmployee = UtilityMethods.getTestData(dataFile, "BOEmployee", row): null

2019-09-27 19:24:19 - [TEST_STEP][PASSED] - CCPersonal = UtilityMethods.getTestData(dataFile, "CCPersonal", row): null

2019-09-27 19:24:19 - [TEST_STEP][PASSED] - CCRetail = UtilityMethods.getTestData(dataFile, "CCRetail", row): null

2019-09-27 19:24:19 - [TEST_STEP][PASSED] - CCShow = UtilityMethods.getTestData(dataFile, "CCShow", row): null

2019-09-27 19:24:19 - [TEST_STEP][PASSED] - BOEblast = UtilityMethods.getTestData(dataFile, "BOEblast", row): null

2019-09-27 19:24:19 - [TEST_STEP][PASSED] - println(row): null

2019-09-27 19:24:19 - [TEST_STEP][PASSED] - println(BOPersonal): null

2019-09-27 19:24:19 - [MESSAGE][PASSED] - Call Test Case 'Test Cases/NewArrival/populateTimeGlobalVars' successfully

2019-09-27 19:24:19 - [TEST_STEP][PASSED] - callTestCase(findTestCase("NewArrival/setTimezone"), ["ofbizURL":"", "ofbizuser":"", "ofbizpass":"", "orderType":orderType, "timeZone":timeZone, "serverTarget":serverTarget, "clockServerTarget":clockServerTarget], CONTINUE_ON_FAILURE): Call Test Case 'Test Cases/NewArrival/setTimezone' successfully

2019-09-27 19:24:19 - [TEST_CASE][PASSED] - Test Cases/NewArrival/setTimezone: Test Cases/NewArrival/setTimezone

2019-09-27 19:24:19 - [TEST_STEP][PASSED] - openBrowser(""): Browser is opened with url: ''

2019-09-27 19:24:19 - [MESSAGE][WARNING] - A browser is already opened. Closing browser and opening a new one

2019-09-27 19:24:20 - [MESSAGE][INFO] - Starting 'Chrome' driver

2019-09-27 19:24:20 - [MESSAGE][INFO] - User set preference: ['args', '[--use-fake-ui-for-media-stream, --start-maximized]']

2019-09-27 19:24:22 - [MESSAGE][PASSED] - Browser is opened with url: ''

2019-09-27 19:24:22 - [TEST_STEP][NOT_RUN] - maximizeWindow(): NOT_RUN: maximizeWindow()

2019-09-27 19:24:22 - [MESSAGE][NOT_RUN] - NOT_RUN: maximizeWindow()

2019-09-27 19:24:22 - [TEST_STEP][PASSED] - ofbizURL = findTestData("envtData").getValue("ofbizURL", 1): null

2019-09-27 19:24:22 - [TEST_STEP][PASSED] - ofbizuser = findTestData("credData").getValue("ofbizuser", 1): null

2019-09-27 19:24:22 - [TEST_STEP][PASSED] - ofbizpass = findTestData("credData").getValue("ofbizpass", 1): null

2019-09-27 19:24:22 - [TEST_STEP][PASSED] - navigateToUrl(ofbizURL): Navigate to 'https://pushofbiz.cliotest.com/login.php' successfully

2019-09-27 19:24:24 - [MESSAGE][PASSED] - Navigate to 'https://pushofbiz.cliotest.com/login.php' successfully

2019-09-27 19:24:24 - [TEST_STEP][PASSED] - setText(findTestObject("Page_/input_Username_username"), ofbizuser): Text 'automation' is set on object 'Object Repository/Page_/input_Username_username'

2019-09-27 19:24:24 - [MESSAGE][PASSED] - Text 'automation' is set on object 'Object Repository/Page_/input_Username_username'

2019-09-27 19:24:24 - [TEST_STEP][PASSED] - setText(findTestObject("Page_/input_Password_password"), ofbizpass): Text 'cabiautomation' is set on object 'Object Repository/Page_/input_Password_password'

2019-09-27 19:24:24 - [MESSAGE][PASSED] - Text 'cabiautomation' is set on object 'Object Repository/Page_/input_Password_password'

2019-09-27 19:24:24 - [TEST_STEP][PASSED] - click(findTestObject("Page_/input_Password_Submit")): Object: 'Object Repository/Page_/input_Password_Submit' is clicked on

2019-09-27 19:24:28 - [MESSAGE][PASSED] - Object: 'Object Repository/Page_/input_Password_Submit' is clicked on

2019-09-27 19:24:28 - [TEST_STEP][PASSED] - click(findTestObject("Object Repository/Page_/a_Clock set")): Object: 'Object Repository/Page_/a_Clock set' is clicked on

2019-09-27 19:24:28 - [MESSAGE][PASSED] - Object: 'Object Repository/Page_/a_Clock set' is clicked on

2019-09-27 19:24:28 - [TEST_STEP][PASSED] - cst = UtilityMethods.createTestObject("select_target", "//select[@name='Target']/option[contains(text(), '", clockServerTarget, "')]"): null

2019-09-27 19:24:28 - [TEST_STEP][PASSED] - println(clockServerTarget): null

2019-09-27 19:24:28 - [TEST_STEP][PASSED] - click(cst): Object: 'select_target' is clicked on

2019-09-27 19:24:28 - [MESSAGE][PASSED] - Object: 'select_target' is clicked on

2019-09-27 19:24:28 - [TEST_STEP][PASSED] - click(findTestObject("Page_/thisDateAndTime")): Object: 'Object Repository/Page_/thisDateAndTime' is clicked on

2019-09-27 19:24:28 - [MESSAGE][PASSED] - Object: 'Object Repository/Page_/thisDateAndTime' is clicked on

2019-09-27 19:24:28 - [TEST_STEP][PASSED] - setText(findTestObject("Object Repository/Page_/setTargetTime"), timeZone): Text ' 10/24/2019 00:00' is set on object 'Object Repository/Page_/setTargetTime'

2019-09-27 19:24:28 - [MESSAGE][PASSED] - Text ' 10/24/2019 00:00' is set on object 'Object Repository/Page_/setTargetTime'

2019-09-27 19:24:28 - [TEST_STEP][PASSED] - click(findTestObject("Object Repository/Page_/input")): Object: 'Object Repository/Page_/input' is clicked on

2019-09-27 19:24:29 - [MESSAGE][PASSED] - Object: 'Object Repository/Page_/input' is clicked on

2019-09-27 19:24:29 - [TEST_STEP][PASSED] - delay(10): Delayed 10 second(s)

2019-09-27 19:24:39 - [MESSAGE][PASSED] - Delayed 10 second(s)

2019-09-27 19:24:39 - [TEST_STEP][NOT_RUN] - closeBrowser(): NOT_RUN: closeBrowser()

2019-09-27 19:24:39 - [MESSAGE][NOT_RUN] - NOT_RUN: closeBrowser()

2019-09-27 19:24:39 - [MESSAGE][PASSED] - Call Test Case 'Test Cases/NewArrival/setTimezone' successfully

2019-09-27 19:24:39 - [TEST_STEP][PASSED] - callTestCase(findTestCase("TestCaseUtilities/cabiCentralLogin"), [:], CONTINUE_ON_FAILURE): Call Test Case 'Test Cases/TestCaseUtilities/cabiCentralLogin' successfully

2019-09-27 19:24:39 - [TEST_CASE][PASSED] - Test Cases/TestCaseUtilities/cabiCentralLogin: Test Cases/TestCaseUtilities/cabiCentralLogin

2019-09-27 19:24:39 - [TEST_STEP][PASSED] - CCURL = findTestData("envtData").getValue("CCURL", 1): null

2019-09-27 19:24:39 - [TEST_STEP][PASSED] - CCuser = findTestData("credData").getValue("CCuser", 1): null

2019-09-27 19:24:39 - [TEST_STEP][PASSED] - CCpass = findTestData("credData").getValue("CCpass", 1): null

2019-09-27 19:24:39 - [TEST_STEP][PASSED] - openBrowser(""): Browser is opened with url: ''

2019-09-27 19:24:39 - [MESSAGE][WARNING] - A browser is already opened. Closing browser and opening a new one

2019-09-27 19:24:40 - [MESSAGE][INFO] - Starting 'Chrome' driver

2019-09-27 19:24:40 - [MESSAGE][INFO] - User set preference: ['args', '[--use-fake-ui-for-media-stream, --start-maximized]']

2019-09-27 19:24:42 - [MESSAGE][PASSED] - Browser is opened with url: ''

2019-09-27 19:24:42 - [TEST_STEP][PASSED] - navigateToUrl(CCURL): Navigate to 'https://test4.cliotest.com/cabicentral/control/main' successfully

2019-09-27 19:24:49 - [MESSAGE][PASSED] - Navigate to 'https://test4.cliotest.com/cabicentral/control/main' successfully

2019-09-27 19:24:49 - [TEST_STEP][PASSED] - maximizeWindow(): Current window maximized

2019-09-27 19:24:50 - [MESSAGE][PASSED] - Current window maximized

2019-09-27 19:24:50 - [TEST_STEP][PASSED] - logOut = findWebElements(findTestObject("Object Repository/Page_cabi Home/log_out"), 1): Unable to find the element located by 'By.xpath: //a[contains(text(),'Log Out')]'. Please recheck the objects properties to make sure the desired element is located. 

2019-09-27 19:24:51 - [MESSAGE][INFO] - Unable to find the element located by 'By.xpath: //a[contains(text(),'Log Out')]'. Please recheck the objects properties to make sure the desired element is located. 

2019-09-27 19:24:51 - [TEST_STEP][PASSED] - if (logOut.size() == 0): Object: 'Object Repository/Page_cabi/input_Password_section-btn btn-stl-pk rFloat' is clicked on

2019-09-27 19:24:51 - [TEST_STEP][PASSED] - setText(findTestObject("Object Repository/Page_cabi/input_Username_USERNAME"), CCuser): Text 'ehudson' is set on object 'Object Repository/Page_cabi/input_Username_USERNAME'

2019-09-27 19:24:52 - [MESSAGE][PASSED] - Text 'ehudson' is set on object 'Object Repository/Page_cabi/input_Username_USERNAME'

2019-09-27 19:24:52 - [TEST_STEP][PASSED] - setText(findTestObject("Object Repository/Page_cabi/input_Password_PASSWORD"), CCpass): Text 'blackdress19' is set on object 'Object Repository/Page_cabi/input_Password_PASSWORD'

2019-09-27 19:24:52 - [MESSAGE][PASSED] - Text 'blackdress19' is set on object 'Object Repository/Page_cabi/input_Password_PASSWORD'

2019-09-27 19:24:52 - [TEST_STEP][PASSED] - delay(1): Delayed 1 second(s)

2019-09-27 19:24:53 - [MESSAGE][PASSED] - Delayed 1 second(s)

2019-09-27 19:24:53 - [TEST_STEP][PASSED] - click(findTestObject("Object Repository/Page_cabi/input_Password_section-btn btn-stl-pk rFloat")): Object: 'Object Repository/Page_cabi/input_Password_section-btn btn-stl-pk rFloat' is clicked on

2019-09-27 19:24:57 - [MESSAGE][PASSED] - Object: 'Object Repository/Page_cabi/input_Password_section-btn btn-stl-pk rFloat' is clicked on

2019-09-27 19:24:57 - [TEST_STEP][PASSED] - delay(3): Delayed 3 second(s)

2019-09-27 19:25:00 - [MESSAGE][PASSED] - Delayed 3 second(s)

2019-09-27 19:25:00 - [MESSAGE][PASSED] - Call Test Case 'Test Cases/TestCaseUtilities/cabiCentralLogin' successfully

2019-09-27 19:25:00 - [TEST_STEP][PASSED] - delay(3): Delayed 3 second(s)

2019-09-27 19:25:03 - [MESSAGE][PASSED] - Delayed 3 second(s)

2019-09-27 19:25:03 - [TEST_STEP][PASSED] - click(findTestObject("Page_cabi cabiCentral Tasks/a_ORDERS")): Object: 'Object Repository/Page_cabi cabiCentral Tasks/a_ORDERS' is clicked on

2019-09-27 19:25:06 - [MESSAGE][PASSED] - Object: 'Object Repository/Page_cabi cabiCentral Tasks/a_ORDERS' is clicked on

2019-09-27 19:25:06 - [TEST_STEP][PASSED] - delay(3): Delayed 3 second(s)

2019-09-27 19:25:09 - [MESSAGE][PASSED] - Delayed 3 second(s)

2019-09-27 19:25:09 - [TEST_STEP][PASSED] - click(findTestObject("Page_cabi Find Order/a_Create Order")): Object: 'Object Repository/Page_cabi Find Order/a_Create Order' is clicked on

2019-09-27 19:25:10 - [MESSAGE][PASSED] - Object: 'Object Repository/Page_cabi Find Order/a_Create Order' is clicked on

2019-09-27 19:25:10 - [TEST_STEP][PASSED] - selectOptionByValue(findTestObject("Page_cabi Create Order/select_order_type"), "PERSONAL", true): All options with value 'PERSONAL' are selected in object 'Object Repository/Page_cabi Create Order/select_order_type'  using regular expression

2019-09-27 19:25:10 - [MESSAGE][PASSED] - All options with value 'PERSONAL' are selected in object 'Object Repository/Page_cabi Create Order/select_order_type'  using regular expression

2019-09-27 19:25:10 - [TEST_STEP][PASSED] - click(findTestObject("Page_cabi Create Order/input_select_order_type")): Object: 'Object Repository/Page_cabi Create Order/input_select_order_type' is clicked on

2019-09-27 19:25:15 - [MESSAGE][PASSED] - Object: 'Object Repository/Page_cabi Create Order/input_select_order_type' is clicked on

2019-09-27 19:25:15 - [TEST_STEP][FAILED] - callTestCase(findTestCase("NewArrival/productVerifyShort"), ["available":CCPersonal, "storeType":"CCPersonal"], CONTINUE_ON_FAILURE): Unable to call Test Case 'Test Cases/NewArrival/productVerifyShort' (Root cause: com.kms.katalon.core.exception.StepFailedException: Call Test Case 'Test Cases/NewArrival/productVerifyShort' failed
	at com.kms.katalon.core.keyword.builtin.CallTestCaseKeyword$_callTestCase_closure1.doCall(CallTestCaseKeyword.groovy:63)
	at com.kms.katalon.core.keyword.builtin.CallTestCaseKeyword$_callTestCase_closure1.call(CallTestCaseKeyword.groovy)
	at com.kms.katalon.core.keyword.internal.KeywordMain.runKeyword(KeywordMain.groovy:66)
	at com.kms.katalon.core.keyword.builtin.CallTestCaseKeyword.callTestCase(CallTestCaseKeyword.groovy:81)
	at com.kms.katalon.core.keyword.builtin.CallTestCaseKeyword.execute(CallTestCaseKeyword.groovy:44)
	at com.kms.katalon.core.keyword.internal.KeywordExecutor.executeKeywordForPlatform(KeywordExecutor.groovy:56)
	at com.kms.katalon.core.keyword.BuiltinKeywords.callTestCase(BuiltinKeywords.groovy:334)
	at CCOrders.run(CCOrders:40)
	at com.kms.katalon.core.main.ScriptEngine.run(ScriptEngine.java:194)
	at com.kms.katalon.core.main.ScriptEngine.runScriptAsRawText(ScriptEngine.java:119)
	at com.kms.katalon.core.main.TestCaseExecutor.runScript(TestCaseExecutor.java:342)
	at com.kms.katalon.core.main.TestCaseExecutor.doExecute(TestCaseExecutor.java:333)
	at com.kms.katalon.core.main.TestCaseExecutor.processExecutionPhase(TestCaseExecutor.java:312)
	at com.kms.katalon.core.main.TestCaseExecutor.accessMainPhase(TestCaseExecutor.java:304)
	at com.kms.katalon.core.main.TestCaseExecutor.execute(TestCaseExecutor.java:238)
	at com.kms.katalon.core.main.TestSuiteExecutor.accessTestCaseMainPhase(TestSuiteExecutor.java:129)
	at com.kms.katalon.core.main.TestSuiteExecutor.accessTestSuiteMainPhase(TestSuiteExecutor.java:112)
	at com.kms.katalon.core.main.TestSuiteExecutor.execute(TestSuiteExecutor.java:81)
	at com.kms.katalon.core.main.TestCaseMain.startTestSuite(TestCaseMain.java:157)
	at com.kms.katalon.core.main.TestCaseMain$startTestSuite$0.call(Unknown Source)
	at TempTestSuite1569591422215.run(TempTestSuite1569591422215.groovy:35)
Caused by: Assertion failed: 

assert prod_message.equalsIgnoreCase(expectedStyleDescription)
       |            |                |
       ""           false            3869 Cozy Cowl

	at productVerifyShort.run(productVerifyShort:63)
	at com.kms.katalon.core.main.ScriptEngine.run(ScriptEngine.java:194)
	at com.kms.katalon.core.main.ScriptEngine.runScriptAsRawText(ScriptEngine.java:119)
	at com.kms.katalon.core.main.TestCaseExecutor.runScript(TestCaseExecutor.java:342)
	at com.kms.katalon.core.main.TestCaseExecutor.doExecute(TestCaseExecutor.java:333)
	at com.kms.katalon.core.main.TestCaseExecutor.processExecutionPhase(TestCaseExecutor.java:312)
	at com.kms.katalon.core.main.TestCaseExecutor.accessMainPhase(TestCaseExecutor.java:304)
	at com.kms.katalon.core.main.TestCaseExecutor.execute(TestCaseExecutor.java:238)
	at com.kms.katalon.core.main.TestCaseMain.runTestCase(TestCaseMain.java:114)
	at com.kms.katalon.core.keyword.builtin.CallTestCaseKeyword$_callTestCase_closure1.doCall(CallTestCaseKeyword.groovy:59)
	... 20 more
)

2019-09-27 19:25:15 - [TEST_CASE][FAILED] - Test Cases/NewArrival/productVerifyShort: Test Cases/NewArrival/productVerifyShort FAILED.
Reason:
Assertion failed: 

assert prod_message.equalsIgnoreCase(expectedStyleDescription)
       |            |                |
       ""           false            3869 Cozy Cowl

	at productVerifyShort.run(productVerifyShort:63)
	at com.kms.katalon.core.main.ScriptEngine.run(ScriptEngine.java:194)
	at com.kms.katalon.core.main.ScriptEngine.runScriptAsRawText(ScriptEngine.java:119)
	at com.kms.katalon.core.main.TestCaseExecutor.runScript(TestCaseExecutor.java:342)
	at com.kms.katalon.core.main.TestCaseExecutor.doExecute(TestCaseExecutor.java:333)
	at com.kms.katalon.core.main.TestCaseExecutor.processExecutionPhase(TestCaseExecutor.java:312)
	at com.kms.katalon.core.main.TestCaseExecutor.accessMainPhase(TestCaseExecutor.java:304)
	at com.kms.katalon.core.main.TestCaseExecutor.execute(TestCaseExecutor.java:238)
	at com.kms.katalon.core.main.TestCaseMain.runTestCase(TestCaseMain.java:114)
	at com.kms.katalon.core.keyword.builtin.CallTestCaseKeyword$_callTestCase_closure1.doCall(CallTestCaseKeyword.groovy:59)
	at com.kms.katalon.core.keyword.builtin.CallTestCaseKeyword$_callTestCase_closure1.call(CallTestCaseKeyword.groovy)
	at com.kms.katalon.core.keyword.internal.KeywordMain.runKeyword(KeywordMain.groovy:66)
	at com.kms.katalon.core.keyword.builtin.CallTestCaseKeyword.callTestCase(CallTestCaseKeyword.groovy:81)
	at com.kms.katalon.core.keyword.builtin.CallTestCaseKeyword.execute(CallTestCaseKeyword.groovy:44)
	at com.kms.katalon.core.keyword.internal.KeywordExecutor.executeKeywordForPlatform(KeywordExecutor.groovy:56)
	at com.kms.katalon.core.keyword.BuiltinKeywords.callTestCase(BuiltinKeywords.groovy:334)
	at CCOrders.run(CCOrders:40)
	at com.kms.katalon.core.main.ScriptEngine.run(ScriptEngine.java:194)
	at com.kms.katalon.core.main.ScriptEngine.runScriptAsRawText(ScriptEngine.java:119)
	at com.kms.katalon.core.main.TestCaseExecutor.runScript(TestCaseExecutor.java:342)
	at com.kms.katalon.core.main.TestCaseExecutor.doExecute(TestCaseExecutor.java:333)
	at com.kms.katalon.core.main.TestCaseExecutor.processExecutionPhase(TestCaseExecutor.java:312)
	at com.kms.katalon.core.main.TestCaseExecutor.accessMainPhase(TestCaseExecutor.java:304)
	at com.kms.katalon.core.main.TestCaseExecutor.execute(TestCaseExecutor.java:238)
	at com.kms.katalon.core.main.TestSuiteExecutor.accessTestCaseMainPhase(TestSuiteExecutor.java:129)
	at com.kms.katalon.core.main.TestSuiteExecutor.accessTestSuiteMainPhase(TestSuiteExecutor.java:112)
	at com.kms.katalon.core.main.TestSuiteExecutor.execute(TestSuiteExecutor.java:81)
	at com.kms.katalon.core.main.TestCaseMain.startTestSuite(TestCaseMain.java:157)
	at com.kms.katalon.core.main.TestCaseMain$startTestSuite$0.call(Unknown Source)
	at TempTestSuite1569591422215.run(TempTestSuite1569591422215.groovy:35)


2019-09-27 19:25:15 - [TEST_STEP][FAILED] - for ([row = 1, row <= findTestData("productData").getRowNumbers(), (row++)]): for ([row = 1, row <= findTestData("productData").getRowNumbers(), (row++)]) FAILED.
Reason:
Assertion failed: 

assert prod_message.equalsIgnoreCase(expectedStyleDescription)
       |            |                |
       ""           false            3869 Cozy Cowl

	at productVerifyShort.run(productVerifyShort:63)
	at com.kms.katalon.core.main.ScriptEngine.run(ScriptEngine.java:194)
	at com.kms.katalon.core.main.ScriptEngine.runScriptAsRawText(ScriptEngine.java:119)
	at com.kms.katalon.core.main.TestCaseExecutor.runScript(TestCaseExecutor.java:342)
	at com.kms.katalon.core.main.TestCaseExecutor.doExecute(TestCaseExecutor.java:333)
	at com.kms.katalon.core.main.TestCaseExecutor.processExecutionPhase(TestCaseExecutor.java:312)
	at com.kms.katalon.core.main.TestCaseExecutor.accessMainPhase(TestCaseExecutor.java:304)
	at com.kms.katalon.core.main.TestCaseExecutor.execute(TestCaseExecutor.java:238)
	at com.kms.katalon.core.main.TestCaseMain.runTestCase(TestCaseMain.java:114)
	at com.kms.katalon.core.keyword.builtin.CallTestCaseKeyword$_callTestCase_closure1.doCall(CallTestCaseKeyword.groovy:59)
	at com.kms.katalon.core.keyword.builtin.CallTestCaseKeyword$_callTestCase_closure1.call(CallTestCaseKeyword.groovy)
	at com.kms.katalon.core.keyword.internal.KeywordMain.runKeyword(KeywordMain.groovy:66)
	at com.kms.katalon.core.keyword.builtin.CallTestCaseKeyword.callTestCase(CallTestCaseKeyword.groovy:81)
	at com.kms.katalon.core.keyword.builtin.CallTestCaseKeyword.execute(CallTestCaseKeyword.groovy:44)
	at com.kms.katalon.core.keyword.internal.KeywordExecutor.executeKeywordForPlatform(KeywordExecutor.groovy:56)
	at com.kms.katalon.core.keyword.BuiltinKeywords.callTestCase(BuiltinKeywords.groovy:334)
	at CCOrders.run(CCOrders:40)
	at com.kms.katalon.core.main.ScriptEngine.run(ScriptEngine.java:194)
	at com.kms.katalon.core.main.ScriptEngine.runScriptAsRawText(ScriptEngine.java:119)
	at com.kms.katalon.core.main.TestCaseExecutor.runScript(TestCaseExecutor.java:342)
	at com.kms.katalon.core.main.TestCaseExecutor.doExecute(TestCaseExecutor.java:333)
	at com.kms.katalon.core.main.TestCaseExecutor.processExecutionPhase(TestCaseExecutor.java:312)
	at com.kms.katalon.core.main.TestCaseExecutor.accessMainPhase(TestCaseExecutor.java:304)
	at com.kms.katalon.core.main.TestCaseExecutor.execute(TestCaseExecutor.java:238)
	at com.kms.katalon.core.main.TestSuiteExecutor.accessTestCaseMainPhase(TestSuiteExecutor.java:129)
	at com.kms.katalon.core.main.TestSuiteExecutor.accessTestSuiteMainPhase(TestSuiteExecutor.java:112)
	at com.kms.katalon.core.main.TestSuiteExecutor.execute(TestSuiteExecutor.java:81)
	at com.kms.katalon.core.main.TestCaseMain.startTestSuite(TestCaseMain.java:157)
	at com.kms.katalon.core.main.TestCaseMain$startTestSuite$0.call(Unknown Source)
	at TempTestSuite1569591422215.run(TempTestSuite1569591422215.groovy:35)


2019-09-27 19:25:15 - [TEST_STEP][PASSED] - delay(2): Delayed 2 second(s)

2019-09-27 19:25:17 - [MESSAGE][PASSED] - Delayed 2 second(s)

2019-09-27 19:25:17 - [TEST_STEP][PASSED] - setText(findTestObject("Object Repository/Page_cabi Create Order/input_Manual Discount_stylelookup_0"), findTestData("productData").getValue("Style", row)): Text '3875' is set on object 'Object Repository/Page_cabi Create Order/input_Manual Discount_stylelookup_0'

2019-09-27 19:25:17 - [MESSAGE][PASSED] - Text '3875' is set on object 'Object Repository/Page_cabi Create Order/input_Manual Discount_stylelookup_0'

2019-09-27 19:25:17 - [TEST_STEP][PASSED] - delay(2): Delayed 2 second(s)

2019-09-27 19:25:19 - [MESSAGE][PASSED] - Delayed 2 second(s)

2019-09-27 19:25:19 - [TEST_STEP][PASSED] - prod_message = getText(findTestObject("Page_cabi Create Order/first_option")): Text of object 'Object Repository/Page_cabi Create Order/first_option' is: '3875 Decked Out Dress'

2019-09-27 19:25:19 - [MESSAGE][PASSED] - Text of object 'Object Repository/Page_cabi Create Order/first_option' is: '3875 Decked Out Dress'

2019-09-27 19:25:19 - [TEST_STEP][PASSED] - delay(1): Delayed 1 second(s)

2019-09-27 19:25:20 - [MESSAGE][PASSED] - Delayed 1 second(s)

2019-09-27 19:25:20 - [TEST_STEP][PASSED] - click(findTestObject("Page_cabi Create Order/first_option")): Object: 'Object Repository/Page_cabi Create Order/first_option' is clicked on

2019-09-27 19:25:20 - [MESSAGE][PASSED] - Object: 'Object Repository/Page_cabi Create Order/first_option' is clicked on

2019-09-27 19:25:20 - [TEST_STEP][PASSED] - if (toString().equalsIgnoreCase("no")): null

2019-09-27 19:25:20 - [TEST_STEP][PASSED] - else: Delayed 3 second(s)

2019-09-27 19:25:20 - [TEST_STEP][PASSED] - delay(3): Delayed 3 second(s)

2019-09-27 19:25:23 - [MESSAGE][PASSED] - Delayed 3 second(s)

2019-09-27 19:25:23 - [TEST_STEP][PASSED] - s1 = getValue("Style", row).toString(): null

2019-09-27 19:25:23 - [TEST_STEP][PASSED] - s2 = " ": null

2019-09-27 19:25:23 - [TEST_STEP][PASSED] - s3 = getValue("Description", row).toString(): null

2019-09-27 19:25:23 - [TEST_STEP][PASSED] - expectedStyleDescription = $s1$s2$s3: null

2019-09-27 19:25:23 - [TEST_STEP][PASSED] - prod_message = UtilityMethods.splitStyle(prod_message): null

2019-09-27 19:25:23 - [TEST_STEP][PASSED] - println(prod_message): null

2019-09-27 19:25:23 - [TEST_STEP][PASSED] - assert prod_message.equalsIgnoreCase(expectedStyleDescription): null

2019-09-27 19:25:23 - [TEST_STEP][PASSED] - delay(3): Delayed 3 second(s)

2019-09-27 19:25:26 - [MESSAGE][PASSED] - Delayed 3 second(s)

2019-09-27 19:25:26 - [TEST_STEP][PASSED] - colorOptions = findWebElements(findTestObject("Page_cabi Order Items/GetAttribute_Color"), 5): null

2019-09-27 19:25:26 - [TEST_STEP][PASSED] - println(colorOptions.size()): null

2019-09-27 19:25:26 - [TEST_STEP][PASSED] - expectedColour = findTestData("productData").getValue("Color", row): null

2019-09-27 19:25:26 - [TEST_STEP][PASSED] - println("expected colour is"): null

2019-09-27 19:25:26 - [TEST_STEP][PASSED] - println(expectedColour): null

2019-09-27 19:25:26 - [TEST_STEP][PASSED] - colourVerified = false: null

2019-09-27 19:25:26 - [TEST_STEP][PASSED] - for (org.openqa.selenium.WebElement op : colorOptions): null

2019-09-27 19:25:26 - [TEST_STEP][PASSED] - println(op.getText()): null

2019-09-27 19:25:26 - [TEST_STEP][PASSED] - if (expectedColour.equalsIgnoreCase(op.getText())): null

2019-09-27 19:25:26 - [TEST_STEP][PASSED] - colourVerified = true: null

2019-09-27 19:25:26 - [TEST_STEP][PASSED] - break: null

2019-09-27 19:25:26 - [TEST_STEP][PASSED] - assert colourVerified == true: null

2019-09-27 19:25:26 - [TEST_STEP][PASSED] - getPrice = getText(findTestObject("Page_cabi Create Order/retail_price")): Text of object 'Object Repository/Page_cabi Create Order/retail_price' is: '$159.00'

2019-09-27 19:25:26 - [MESSAGE][PASSED] - Text of object 'Object Repository/Page_cabi Create Order/retail_price' is: '$159.00'

2019-09-27 19:25:26 - [TEST_STEP][PASSED] - Split_Data = UtilityMethods.SplitData(getPrice): null

2019-09-27 19:25:26 - [TEST_STEP][PASSED] - verifyMatch(Split_Data, findTestData("productData").getValue("Retail", row), true, CONTINUE_ON_FAILURE): Actual text '159' and expected text '159' are matched  using regular expression

2019-09-27 19:25:27 - [MESSAGE][PASSED] - Actual text '159' and expected text '159' are matched  using regular expression

2019-09-27 19:25:27 - [TEST_STEP][PASSED] - sizeRange1 = ["XXS", "XS", "S", "M", "L", "XL"]: null

2019-09-27 19:25:27 - [TEST_STEP][PASSED] - sizeRange2 = ["00", "0", "2", "4", "6", "8", "10", "12", "14", "16"]: null

2019-09-27 19:25:27 - [TEST_STEP][PASSED] - sizeRange3 = ["Long", "Regular", "Short"]: null

2019-09-27 19:25:27 - [TEST_STEP][PASSED] - sizeRange4 = ["5", "6", "6.5", "7", "7.5", "8", "8.5", "9", "9.5", "10", "11"]: null

2019-09-27 19:25:27 - [TEST_STEP][PASSED] - sizeRangeSplit = UtilityMethods.SplitSizes(findTestData("productData").getValue("SzRange", row)): null

2019-09-27 19:25:27 - [TEST_STEP][PASSED] - sizeType = getText(findTestObject("Object Repository/Page_cabi Order Items/Size")): Text of object 'Object Repository/Page_cabi Order Items/Size' is: 'Select'

2019-09-27 19:25:27 - [MESSAGE][PASSED] - Text of object 'Object Repository/Page_cabi Order Items/Size' is: 'Select'

2019-09-27 19:25:27 - [TEST_STEP][PASSED] - sizeOptions = findWebElements(findTestObject("Object Repository/Page_cabi Order Items/Size"), 5): null

2019-09-27 19:25:27 - [TEST_STEP][PASSED] - actualRange = new java.util.ArrayList(): null

2019-09-27 19:25:27 - [TEST_STEP][PASSED] - expectedRange = <not implemented yet for class: org.codehaus.groovy.ast.expr.EmptyExpression>: null

2019-09-27 19:25:27 - [TEST_STEP][PASSED] - if (sizeType.equalsIgnoreCase("Select")): null

2019-09-27 19:25:27 - [TEST_STEP][PASSED] - for ([i = 1, i < sizeOptions.size(), (i++)]): null

2019-09-27 19:25:27 - [TEST_STEP][PASSED] - actualRange.add(get(i).getAttribute("value")): null

2019-09-27 19:25:27 - [TEST_STEP][PASSED] - actualRange.add(get(i).getAttribute("value")): null

2019-09-27 19:25:27 - [TEST_STEP][PASSED] - actualRange.add(get(i).getAttribute("value")): null

2019-09-27 19:25:27 - [TEST_STEP][PASSED] - actualRange.add(get(i).getAttribute("value")): null

2019-09-27 19:25:27 - [TEST_STEP][PASSED] - actualRange.add(get(i).getAttribute("value")): null

2019-09-27 19:25:27 - [TEST_STEP][PASSED] - if (toString().equalsIgnoreCase("XS") || toString().equalsIgnoreCase("XXS")): null

2019-09-27 19:25:27 - [TEST_STEP][PASSED] - expectedRange = UtilityMethods.getExpectedRange(sizeRange1, sizeRangeSplit): null

2019-09-27 19:25:27 - [TEST_STEP][PASSED] - println("XS"): null

2019-09-27 19:25:27 - [TEST_STEP][PASSED] - println(expectedRange.toString()): null

2019-09-27 19:25:27 - [TEST_STEP][PASSED] - assert UtilityMethods.listEquals(expectedRange, actualRange) == true: null

2019-09-27 19:25:27 - [TEST_STEP][PASSED] - delay(3): Delayed 3 second(s)

2019-09-27 19:25:30 - [MESSAGE][PASSED] - Delayed 3 second(s)

2019-09-27 19:25:30 - [TEST_STEP][PASSED] - delay(2): Delayed 2 second(s)

2019-09-27 19:25:32 - [MESSAGE][PASSED] - Delayed 2 second(s)

2019-09-27 19:25:32 - [TEST_STEP][PASSED] - setText(findTestObject("Object Repository/Page_cabi Create Order/input_Manual Discount_stylelookup_0"), findTestData("productData").getValue("Style", row)): Text '3869' is set on object 'Object Repository/Page_cabi Create Order/input_Manual Discount_stylelookup_0'

2019-09-27 19:25:32 - [MESSAGE][PASSED] - Text '3869' is set on object 'Object Repository/Page_cabi Create Order/input_Manual Discount_stylelookup_0'

2019-09-27 19:25:32 - [TEST_STEP][PASSED] - delay(2): Delayed 2 second(s)

2019-09-27 19:25:34 - [MESSAGE][PASSED] - Delayed 2 second(s)

2019-09-27 19:25:34 - [TEST_STEP][PASSED] - prod_message = getText(findTestObject("Page_cabi Create Order/first_option")): Text of object 'Object Repository/Page_cabi Create Order/first_option' is: ''

2019-09-27 19:25:34 - [MESSAGE][PASSED] - Text of object 'Object Repository/Page_cabi Create Order/first_option' is: ''

2019-09-27 19:25:34 - [TEST_STEP][PASSED] - delay(1): Delayed 1 second(s)

2019-09-27 19:25:35 - [MESSAGE][PASSED] - Delayed 1 second(s)

2019-09-27 19:25:35 - [TEST_STEP][PASSED] - click(findTestObject("Page_cabi Create Order/first_option")): Object: 'Object Repository/Page_cabi Create Order/first_option' is clicked on

2019-09-27 19:25:35 - [MESSAGE][PASSED] - Object: 'Object Repository/Page_cabi Create Order/first_option' is clicked on

2019-09-27 19:25:35 - [TEST_STEP][PASSED] - if (toString().equalsIgnoreCase("no")): null

2019-09-27 19:25:35 - [TEST_STEP][FAILED] - else: for ([row = 1, row <= findTestData("productData").getRowNumbers(), (row++)]) FAILED.
Reason:
Assertion failed: 

assert prod_message.equalsIgnoreCase(expectedStyleDescription)
       |            |                |
       ""           false            3869 Cozy Cowl

	at productVerifyShort.run(productVerifyShort:63)
	at com.kms.katalon.core.main.ScriptEngine.run(ScriptEngine.java:194)
	at com.kms.katalon.core.main.ScriptEngine.runScriptAsRawText(ScriptEngine.java:119)
	at com.kms.katalon.core.main.TestCaseExecutor.runScript(TestCaseExecutor.java:342)
	at com.kms.katalon.core.main.TestCaseExecutor.doExecute(TestCaseExecutor.java:333)
	at com.kms.katalon.core.main.TestCaseExecutor.processExecutionPhase(TestCaseExecutor.java:312)
	at com.kms.katalon.core.main.TestCaseExecutor.accessMainPhase(TestCaseExecutor.java:304)
	at com.kms.katalon.core.main.TestCaseExecutor.execute(TestCaseExecutor.java:238)
	at com.kms.katalon.core.main.TestCaseMain.runTestCase(TestCaseMain.java:114)
	at com.kms.katalon.core.keyword.builtin.CallTestCaseKeyword$_callTestCase_closure1.doCall(CallTestCaseKeyword.groovy:59)
	at com.kms.katalon.core.keyword.builtin.CallTestCaseKeyword$_callTestCase_closure1.call(CallTestCaseKeyword.groovy)
	at com.kms.katalon.core.keyword.internal.KeywordMain.runKeyword(KeywordMain.groovy:66)
	at com.kms.katalon.core.keyword.builtin.CallTestCaseKeyword.callTestCase(CallTestCaseKeyword.groovy:81)
	at com.kms.katalon.core.keyword.builtin.CallTestCaseKeyword.execute(CallTestCaseKeyword.groovy:44)
	at com.kms.katalon.core.keyword.internal.KeywordExecutor.executeKeywordForPlatform(KeywordExecutor.groovy:56)
	at com.kms.katalon.core.keyword.BuiltinKeywords.callTestCase(BuiltinKeywords.groovy:334)
	at CCOrders.run(CCOrders:40)
	at com.kms.katalon.core.main.ScriptEngine.run(ScriptEngine.java:194)
	at com.kms.katalon.core.main.ScriptEngine.runScriptAsRawText(ScriptEngine.java:119)
	at com.kms.katalon.core.main.TestCaseExecutor.runScript(TestCaseExecutor.java:342)
	at com.kms.katalon.core.main.TestCaseExecutor.doExecute(TestCaseExecutor.java:333)
	at com.kms.katalon.core.main.TestCaseExecutor.processExecutionPhase(TestCaseExecutor.java:312)
	at com.kms.katalon.core.main.TestCaseExecutor.accessMainPhase(TestCaseExecutor.java:304)
	at com.kms.katalon.core.main.TestCaseExecutor.execute(TestCaseExecutor.java:238)
	at com.kms.katalon.core.main.TestSuiteExecutor.accessTestCaseMainPhase(TestSuiteExecutor.java:129)
	at com.kms.katalon.core.main.TestSuiteExecutor.accessTestSuiteMainPhase(TestSuiteExecutor.java:112)
	at com.kms.katalon.core.main.TestSuiteExecutor.execute(TestSuiteExecutor.java:81)
	at com.kms.katalon.core.main.TestCaseMain.startTestSuite(TestCaseMain.java:157)
	at com.kms.katalon.core.main.TestCaseMain$startTestSuite$0.call(Unknown Source)
	at TempTestSuite1569591422215.run(TempTestSuite1569591422215.groovy:35)


2019-09-27 19:25:35 - [TEST_STEP][PASSED] - delay(3): Delayed 3 second(s)

2019-09-27 19:25:38 - [MESSAGE][PASSED] - Delayed 3 second(s)

2019-09-27 19:25:38 - [TEST_STEP][PASSED] - s1 = getValue("Style", row).toString(): null

2019-09-27 19:25:38 - [TEST_STEP][PASSED] - s2 = " ": null

2019-09-27 19:25:38 - [TEST_STEP][PASSED] - s3 = getValue("Description", row).toString(): null

2019-09-27 19:25:38 - [TEST_STEP][PASSED] - expectedStyleDescription = $s1$s2$s3: null

2019-09-27 19:25:38 - [TEST_STEP][PASSED] - prod_message = UtilityMethods.splitStyle(prod_message): null

2019-09-27 19:25:38 - [TEST_STEP][PASSED] - println(prod_message): null

2019-09-27 19:25:38 - [TEST_STEP][FAILED] - assert prod_message.equalsIgnoreCase(expectedStyleDescription): for ([row = 1, row <= findTestData("productData").getRowNumbers(), (row++)]) FAILED.
Reason:
Assertion failed: 

assert prod_message.equalsIgnoreCase(expectedStyleDescription)
       |            |                |
       ""           false            3869 Cozy Cowl

	at productVerifyShort.run(productVerifyShort:63)
	at com.kms.katalon.core.main.ScriptEngine.run(ScriptEngine.java:194)
	at com.kms.katalon.core.main.ScriptEngine.runScriptAsRawText(ScriptEngine.java:119)
	at com.kms.katalon.core.main.TestCaseExecutor.runScript(TestCaseExecutor.java:342)
	at com.kms.katalon.core.main.TestCaseExecutor.doExecute(TestCaseExecutor.java:333)
	at com.kms.katalon.core.main.TestCaseExecutor.processExecutionPhase(TestCaseExecutor.java:312)
	at com.kms.katalon.core.main.TestCaseExecutor.accessMainPhase(TestCaseExecutor.java:304)
	at com.kms.katalon.core.main.TestCaseExecutor.execute(TestCaseExecutor.java:238)
	at com.kms.katalon.core.main.TestCaseMain.runTestCase(TestCaseMain.java:114)
	at com.kms.katalon.core.keyword.builtin.CallTestCaseKeyword$_callTestCase_closure1.doCall(CallTestCaseKeyword.groovy:59)
	at com.kms.katalon.core.keyword.builtin.CallTestCaseKeyword$_callTestCase_closure1.call(CallTestCaseKeyword.groovy)
	at com.kms.katalon.core.keyword.internal.KeywordMain.runKeyword(KeywordMain.groovy:66)
	at com.kms.katalon.core.keyword.builtin.CallTestCaseKeyword.callTestCase(CallTestCaseKeyword.groovy:81)
	at com.kms.katalon.core.keyword.builtin.CallTestCaseKeyword.execute(CallTestCaseKeyword.groovy:44)
	at com.kms.katalon.core.keyword.internal.KeywordExecutor.executeKeywordForPlatform(KeywordExecutor.groovy:56)
	at com.kms.katalon.core.keyword.BuiltinKeywords.callTestCase(BuiltinKeywords.groovy:334)
	at CCOrders.run(CCOrders:40)
	at com.kms.katalon.core.main.ScriptEngine.run(ScriptEngine.java:194)
	at com.kms.katalon.core.main.ScriptEngine.runScriptAsRawText(ScriptEngine.java:119)
	at com.kms.katalon.core.main.TestCaseExecutor.runScript(TestCaseExecutor.java:342)
	at com.kms.katalon.core.main.TestCaseExecutor.doExecute(TestCaseExecutor.java:333)
	at com.kms.katalon.core.main.TestCaseExecutor.processExecutionPhase(TestCaseExecutor.java:312)
	at com.kms.katalon.core.main.TestCaseExecutor.accessMainPhase(TestCaseExecutor.java:304)
	at com.kms.katalon.core.main.TestCaseExecutor.execute(TestCaseExecutor.java:238)
	at com.kms.katalon.core.main.TestSuiteExecutor.accessTestCaseMainPhase(TestSuiteExecutor.java:129)
	at com.kms.katalon.core.main.TestSuiteExecutor.accessTestSuiteMainPhase(TestSuiteExecutor.java:112)
	at com.kms.katalon.core.main.TestSuiteExecutor.execute(TestSuiteExecutor.java:81)
	at com.kms.katalon.core.main.TestCaseMain.startTestSuite(TestCaseMain.java:157)
	at com.kms.katalon.core.main.TestCaseMain$startTestSuite$0.call(Unknown Source)
	at TempTestSuite1569591422215.run(TempTestSuite1569591422215.groovy:35)


2019-09-27 19:25:38 - [MESSAGE][FAILED] - for ([row = 1, row <= findTestData("productData").getRowNumbers(), (row++)]) FAILED.
Reason:
Assertion failed: 

assert prod_message.equalsIgnoreCase(expectedStyleDescription)
       |            |                |
       ""           false            3869 Cozy Cowl

	at productVerifyShort.run(productVerifyShort:63)
	at com.kms.katalon.core.main.ScriptEngine.run(ScriptEngine.java:194)
	at com.kms.katalon.core.main.ScriptEngine.runScriptAsRawText(ScriptEngine.java:119)
	at com.kms.katalon.core.main.TestCaseExecutor.runScript(TestCaseExecutor.java:342)
	at com.kms.katalon.core.main.TestCaseExecutor.doExecute(TestCaseExecutor.java:333)
	at com.kms.katalon.core.main.TestCaseExecutor.processExecutionPhase(TestCaseExecutor.java:312)
	at com.kms.katalon.core.main.TestCaseExecutor.accessMainPhase(TestCaseExecutor.java:304)
	at com.kms.katalon.core.main.TestCaseExecutor.execute(TestCaseExecutor.java:238)
	at com.kms.katalon.core.main.TestCaseMain.runTestCase(TestCaseMain.java:114)
	at com.kms.katalon.core.keyword.builtin.CallTestCaseKeyword$_callTestCase_closure1.doCall(CallTestCaseKeyword.groovy:59)
	at com.kms.katalon.core.keyword.builtin.CallTestCaseKeyword$_callTestCase_closure1.call(CallTestCaseKeyword.groovy)
	at com.kms.katalon.core.keyword.internal.KeywordMain.runKeyword(KeywordMain.groovy:66)
	at com.kms.katalon.core.keyword.builtin.CallTestCaseKeyword.callTestCase(CallTestCaseKeyword.groovy:81)
	at com.kms.katalon.core.keyword.builtin.CallTestCaseKeyword.execute(CallTestCaseKeyword.groovy:44)
	at com.kms.katalon.core.keyword.internal.KeywordExecutor.executeKeywordForPlatform(KeywordExecutor.groovy:56)
	at com.kms.katalon.core.keyword.BuiltinKeywords.callTestCase(BuiltinKeywords.groovy:334)
	at CCOrders.run(CCOrders:40)
	at com.kms.katalon.core.main.ScriptEngine.run(ScriptEngine.java:194)
	at com.kms.katalon.core.main.ScriptEngine.runScriptAsRawText(ScriptEngine.java:119)
	at com.kms.katalon.core.main.TestCaseExecutor.runScript(TestCaseExecutor.java:342)
	at com.kms.katalon.core.main.TestCaseExecutor.doExecute(TestCaseExecutor.java:333)
	at com.kms.katalon.core.main.TestCaseExecutor.processExecutionPhase(TestCaseExecutor.java:312)
	at com.kms.katalon.core.main.TestCaseExecutor.accessMainPhase(TestCaseExecutor.java:304)
	at com.kms.katalon.core.main.TestCaseExecutor.execute(TestCaseExecutor.java:238)
	at com.kms.katalon.core.main.TestSuiteExecutor.accessTestCaseMainPhase(TestSuiteExecutor.java:129)
	at com.kms.katalon.core.main.TestSuiteExecutor.accessTestSuiteMainPhase(TestSuiteExecutor.java:112)
	at com.kms.katalon.core.main.TestSuiteExecutor.execute(TestSuiteExecutor.java:81)
	at com.kms.katalon.core.main.TestCaseMain.startTestSuite(TestCaseMain.java:157)
	at com.kms.katalon.core.main.TestCaseMain$startTestSuite$0.call(Unknown Source)
	at TempTestSuite1569591422215.run(TempTestSuite1569591422215.groovy:35)


2019-09-27 19:25:38 - [MESSAGE][FAILED] - Unable to call Test Case 'Test Cases/NewArrival/productVerifyShort' (Root cause: com.kms.katalon.core.exception.StepFailedException: Call Test Case 'Test Cases/NewArrival/productVerifyShort' failed
	at com.kms.katalon.core.keyword.builtin.CallTestCaseKeyword$_callTestCase_closure1.doCall(CallTestCaseKeyword.groovy:63)
	at com.kms.katalon.core.keyword.builtin.CallTestCaseKeyword$_callTestCase_closure1.call(CallTestCaseKeyword.groovy)
	at com.kms.katalon.core.keyword.internal.KeywordMain.runKeyword(KeywordMain.groovy:66)
	at com.kms.katalon.core.keyword.builtin.CallTestCaseKeyword.callTestCase(CallTestCaseKeyword.groovy:81)
	at com.kms.katalon.core.keyword.builtin.CallTestCaseKeyword.execute(CallTestCaseKeyword.groovy:44)
	at com.kms.katalon.core.keyword.internal.KeywordExecutor.executeKeywordForPlatform(KeywordExecutor.groovy:56)
	at com.kms.katalon.core.keyword.BuiltinKeywords.callTestCase(BuiltinKeywords.groovy:334)
	at CCOrders.run(CCOrders:40)
	at com.kms.katalon.core.main.ScriptEngine.run(ScriptEngine.java:194)
	at com.kms.katalon.core.main.ScriptEngine.runScriptAsRawText(ScriptEngine.java:119)
	at com.kms.katalon.core.main.TestCaseExecutor.runScript(TestCaseExecutor.java:342)
	at com.kms.katalon.core.main.TestCaseExecutor.doExecute(TestCaseExecutor.java:333)
	at com.kms.katalon.core.main.TestCaseExecutor.processExecutionPhase(TestCaseExecutor.java:312)
	at com.kms.katalon.core.main.TestCaseExecutor.accessMainPhase(TestCaseExecutor.java:304)
	at com.kms.katalon.core.main.TestCaseExecutor.execute(TestCaseExecutor.java:238)
	at com.kms.katalon.core.main.TestSuiteExecutor.accessTestCaseMainPhase(TestSuiteExecutor.java:129)
	at com.kms.katalon.core.main.TestSuiteExecutor.accessTestSuiteMainPhase(TestSuiteExecutor.java:112)
	at com.kms.katalon.core.main.TestSuiteExecutor.execute(TestSuiteExecutor.java:81)
	at com.kms.katalon.core.main.TestCaseMain.startTestSuite(TestCaseMain.java:157)
	at com.kms.katalon.core.main.TestCaseMain$startTestSuite$0.call(Unknown Source)
	at TempTestSuite1569591422215.run(TempTestSuite1569591422215.groovy:35)
Caused by: Assertion failed: 

assert prod_message.equalsIgnoreCase(expectedStyleDescription)
       |            |                |
       ""           false            3869 Cozy Cowl

	at productVerifyShort.run(productVerifyShort:63)
	at com.kms.katalon.core.main.ScriptEngine.run(ScriptEngine.java:194)
	at com.kms.katalon.core.main.ScriptEngine.runScriptAsRawText(ScriptEngine.java:119)
	at com.kms.katalon.core.main.TestCaseExecutor.runScript(TestCaseExecutor.java:342)
	at com.kms.katalon.core.main.TestCaseExecutor.doExecute(TestCaseExecutor.java:333)
	at com.kms.katalon.core.main.TestCaseExecutor.processExecutionPhase(TestCaseExecutor.java:312)
	at com.kms.katalon.core.main.TestCaseExecutor.accessMainPhase(TestCaseExecutor.java:304)
	at com.kms.katalon.core.main.TestCaseExecutor.execute(TestCaseExecutor.java:238)
	at com.kms.katalon.core.main.TestCaseMain.runTestCase(TestCaseMain.java:114)
	at com.kms.katalon.core.keyword.builtin.CallTestCaseKeyword$_callTestCase_closure1.doCall(CallTestCaseKeyword.groovy:59)
	... 20 more
)

2019-09-27 19:25:38 - [TEST_STEP][PASSED] - click(findTestObject("Page_cabi Find Order/a_Create Order")): Object: 'Object Repository/Page_cabi Find Order/a_Create Order' is clicked on

2019-09-27 19:25:39 - [MESSAGE][PASSED] - Object: 'Object Repository/Page_cabi Find Order/a_Create Order' is clicked on

2019-09-27 19:25:39 - [TEST_STEP][PASSED] - selectOptionByValue(findTestObject("Page_cabi Create Order/select_order_type"), "RETAIL", true): All options with value 'RETAIL' are selected in object 'Object Repository/Page_cabi Create Order/select_order_type'  using regular expression

2019-09-27 19:25:39 - [MESSAGE][PASSED] - All options with value 'RETAIL' are selected in object 'Object Repository/Page_cabi Create Order/select_order_type'  using regular expression

2019-09-27 19:25:39 - [TEST_STEP][PASSED] - click(findTestObject("Page_cabi Create Order/input_select_order_type")): Object: 'Object Repository/Page_cabi Create Order/input_select_order_type' is clicked on

2019-09-27 19:25:41 - [MESSAGE][PASSED] - Object: 'Object Repository/Page_cabi Create Order/input_select_order_type' is clicked on

2019-09-27 19:25:41 - [TEST_STEP][FAILED] - callTestCase(findTestCase("NewArrival/productVerifyShort"), ["available":CCRetail], CONTINUE_ON_FAILURE): Unable to call Test Case 'Test Cases/NewArrival/productVerifyShort' (Root cause: com.kms.katalon.core.exception.StepFailedException: Call Test Case 'Test Cases/NewArrival/productVerifyShort' failed
	at com.kms.katalon.core.keyword.builtin.CallTestCaseKeyword$_callTestCase_closure1.doCall(CallTestCaseKeyword.groovy:63)
	at com.kms.katalon.core.keyword.builtin.CallTestCaseKeyword$_callTestCase_closure1.call(CallTestCaseKeyword.groovy)
	at com.kms.katalon.core.keyword.internal.KeywordMain.runKeyword(KeywordMain.groovy:66)
	at com.kms.katalon.core.keyword.builtin.CallTestCaseKeyword.callTestCase(CallTestCaseKeyword.groovy:81)
	at com.kms.katalon.core.keyword.builtin.CallTestCaseKeyword.execute(CallTestCaseKeyword.groovy:44)
	at com.kms.katalon.core.keyword.internal.KeywordExecutor.executeKeywordForPlatform(KeywordExecutor.groovy:56)
	at com.kms.katalon.core.keyword.BuiltinKeywords.callTestCase(BuiltinKeywords.groovy:334)
	at CCOrders.run(CCOrders:50)
	at com.kms.katalon.core.main.ScriptEngine.run(ScriptEngine.java:194)
	at com.kms.katalon.core.main.ScriptEngine.runScriptAsRawText(ScriptEngine.java:119)
	at com.kms.katalon.core.main.TestCaseExecutor.runScript(TestCaseExecutor.java:342)
	at com.kms.katalon.core.main.TestCaseExecutor.doExecute(TestCaseExecutor.java:333)
	at com.kms.katalon.core.main.TestCaseExecutor.processExecutionPhase(TestCaseExecutor.java:312)
	at com.kms.katalon.core.main.TestCaseExecutor.accessMainPhase(TestCaseExecutor.java:304)
	at com.kms.katalon.core.main.TestCaseExecutor.execute(TestCaseExecutor.java:238)
	at com.kms.katalon.core.main.TestSuiteExecutor.accessTestCaseMainPhase(TestSuiteExecutor.java:129)
	at com.kms.katalon.core.main.TestSuiteExecutor.accessTestSuiteMainPhase(TestSuiteExecutor.java:112)
	at com.kms.katalon.core.main.TestSuiteExecutor.execute(TestSuiteExecutor.java:81)
	at com.kms.katalon.core.main.TestCaseMain.startTestSuite(TestCaseMain.java:157)
	at com.kms.katalon.core.main.TestCaseMain$startTestSuite$0.call(Unknown Source)
	at TempTestSuite1569591422215.run(TempTestSuite1569591422215.groovy:35)
Caused by: Assertion failed: 

assert prod_message.equalsIgnoreCase(expectedStyleDescription)
       |            |                |
       ""           false            3869 Cozy Cowl

	at productVerifyShort.run(productVerifyShort:63)
	at com.kms.katalon.core.main.ScriptEngine.run(ScriptEngine.java:194)
	at com.kms.katalon.core.main.ScriptEngine.runScriptAsRawText(ScriptEngine.java:119)
	at com.kms.katalon.core.main.TestCaseExecutor.runScript(TestCaseExecutor.java:342)
	at com.kms.katalon.core.main.TestCaseExecutor.doExecute(TestCaseExecutor.java:333)
	at com.kms.katalon.core.main.TestCaseExecutor.processExecutionPhase(TestCaseExecutor.java:312)
	at com.kms.katalon.core.main.TestCaseExecutor.accessMainPhase(TestCaseExecutor.java:304)
	at com.kms.katalon.core.main.TestCaseExecutor.execute(TestCaseExecutor.java:238)
	at com.kms.katalon.core.main.TestCaseMain.runTestCase(TestCaseMain.java:114)
	at com.kms.katalon.core.keyword.builtin.CallTestCaseKeyword$_callTestCase_closure1.doCall(CallTestCaseKeyword.groovy:59)
	... 20 more
)

2019-09-27 19:25:41 - [TEST_CASE][FAILED] - Test Cases/NewArrival/productVerifyShort: Test Cases/NewArrival/productVerifyShort FAILED.
Reason:
Assertion failed: 

assert prod_message.equalsIgnoreCase(expectedStyleDescription)
       |            |                |
       ""           false            3869 Cozy Cowl

	at productVerifyShort.run(productVerifyShort:63)
	at com.kms.katalon.core.main.ScriptEngine.run(ScriptEngine.java:194)
	at com.kms.katalon.core.main.ScriptEngine.runScriptAsRawText(ScriptEngine.java:119)
	at com.kms.katalon.core.main.TestCaseExecutor.runScript(TestCaseExecutor.java:342)
	at com.kms.katalon.core.main.TestCaseExecutor.doExecute(TestCaseExecutor.java:333)
	at com.kms.katalon.core.main.TestCaseExecutor.processExecutionPhase(TestCaseExecutor.java:312)
	at com.kms.katalon.core.main.TestCaseExecutor.accessMainPhase(TestCaseExecutor.java:304)
	at com.kms.katalon.core.main.TestCaseExecutor.execute(TestCaseExecutor.java:238)
	at com.kms.katalon.core.main.TestCaseMain.runTestCase(TestCaseMain.java:114)
	at com.kms.katalon.core.keyword.builtin.CallTestCaseKeyword$_callTestCase_closure1.doCall(CallTestCaseKeyword.groovy:59)
	at com.kms.katalon.core.keyword.builtin.CallTestCaseKeyword$_callTestCase_closure1.call(CallTestCaseKeyword.groovy)
	at com.kms.katalon.core.keyword.internal.KeywordMain.runKeyword(KeywordMain.groovy:66)
	at com.kms.katalon.core.keyword.builtin.CallTestCaseKeyword.callTestCase(CallTestCaseKeyword.groovy:81)
	at com.kms.katalon.core.keyword.builtin.CallTestCaseKeyword.execute(CallTestCaseKeyword.groovy:44)
	at com.kms.katalon.core.keyword.internal.KeywordExecutor.executeKeywordForPlatform(KeywordExecutor.groovy:56)
	at com.kms.katalon.core.keyword.BuiltinKeywords.callTestCase(BuiltinKeywords.groovy:334)
	at CCOrders.run(CCOrders:50)
	at com.kms.katalon.core.main.ScriptEngine.run(ScriptEngine.java:194)
	at com.kms.katalon.core.main.ScriptEngine.runScriptAsRawText(ScriptEngine.java:119)
	at com.kms.katalon.core.main.TestCaseExecutor.runScript(TestCaseExecutor.java:342)
	at com.kms.katalon.core.main.TestCaseExecutor.doExecute(TestCaseExecutor.java:333)
	at com.kms.katalon.core.main.TestCaseExecutor.processExecutionPhase(TestCaseExecutor.java:312)
	at com.kms.katalon.core.main.TestCaseExecutor.accessMainPhase(TestCaseExecutor.java:304)
	at com.kms.katalon.core.main.TestCaseExecutor.execute(TestCaseExecutor.java:238)
	at com.kms.katalon.core.main.TestSuiteExecutor.accessTestCaseMainPhase(TestSuiteExecutor.java:129)
	at com.kms.katalon.core.main.TestSuiteExecutor.accessTestSuiteMainPhase(TestSuiteExecutor.java:112)
	at com.kms.katalon.core.main.TestSuiteExecutor.execute(TestSuiteExecutor.java:81)
	at com.kms.katalon.core.main.TestCaseMain.startTestSuite(TestCaseMain.java:157)
	at com.kms.katalon.core.main.TestCaseMain$startTestSuite$0.call(Unknown Source)
	at TempTestSuite1569591422215.run(TempTestSuite1569591422215.groovy:35)


2019-09-27 19:25:41 - [TEST_STEP][FAILED] - for ([row = 1, row <= findTestData("productData").getRowNumbers(), (row++)]): for ([row = 1, row <= findTestData("productData").getRowNumbers(), (row++)]) FAILED.
Reason:
Assertion failed: 

assert prod_message.equalsIgnoreCase(expectedStyleDescription)
       |            |                |
       ""           false            3869 Cozy Cowl

	at productVerifyShort.run(productVerifyShort:63)
	at com.kms.katalon.core.main.ScriptEngine.run(ScriptEngine.java:194)
	at com.kms.katalon.core.main.ScriptEngine.runScriptAsRawText(ScriptEngine.java:119)
	at com.kms.katalon.core.main.TestCaseExecutor.runScript(TestCaseExecutor.java:342)
	at com.kms.katalon.core.main.TestCaseExecutor.doExecute(TestCaseExecutor.java:333)
	at com.kms.katalon.core.main.TestCaseExecutor.processExecutionPhase(TestCaseExecutor.java:312)
	at com.kms.katalon.core.main.TestCaseExecutor.accessMainPhase(TestCaseExecutor.java:304)
	at com.kms.katalon.core.main.TestCaseExecutor.execute(TestCaseExecutor.java:238)
	at com.kms.katalon.core.main.TestCaseMain.runTestCase(TestCaseMain.java:114)
	at com.kms.katalon.core.keyword.builtin.CallTestCaseKeyword$_callTestCase_closure1.doCall(CallTestCaseKeyword.groovy:59)
	at com.kms.katalon.core.keyword.builtin.CallTestCaseKeyword$_callTestCase_closure1.call(CallTestCaseKeyword.groovy)
	at com.kms.katalon.core.keyword.internal.KeywordMain.runKeyword(KeywordMain.groovy:66)
	at com.kms.katalon.core.keyword.builtin.CallTestCaseKeyword.callTestCase(CallTestCaseKeyword.groovy:81)
	at com.kms.katalon.core.keyword.builtin.CallTestCaseKeyword.execute(CallTestCaseKeyword.groovy:44)
	at com.kms.katalon.core.keyword.internal.KeywordExecutor.executeKeywordForPlatform(KeywordExecutor.groovy:56)
	at com.kms.katalon.core.keyword.BuiltinKeywords.callTestCase(BuiltinKeywords.groovy:334)
	at CCOrders.run(CCOrders:50)
	at com.kms.katalon.core.main.ScriptEngine.run(ScriptEngine.java:194)
	at com.kms.katalon.core.main.ScriptEngine.runScriptAsRawText(ScriptEngine.java:119)
	at com.kms.katalon.core.main.TestCaseExecutor.runScript(TestCaseExecutor.java:342)
	at com.kms.katalon.core.main.TestCaseExecutor.doExecute(TestCaseExecutor.java:333)
	at com.kms.katalon.core.main.TestCaseExecutor.processExecutionPhase(TestCaseExecutor.java:312)
	at com.kms.katalon.core.main.TestCaseExecutor.accessMainPhase(TestCaseExecutor.java:304)
	at com.kms.katalon.core.main.TestCaseExecutor.execute(TestCaseExecutor.java:238)
	at com.kms.katalon.core.main.TestSuiteExecutor.accessTestCaseMainPhase(TestSuiteExecutor.java:129)
	at com.kms.katalon.core.main.TestSuiteExecutor.accessTestSuiteMainPhase(TestSuiteExecutor.java:112)
	at com.kms.katalon.core.main.TestSuiteExecutor.execute(TestSuiteExecutor.java:81)
	at com.kms.katalon.core.main.TestCaseMain.startTestSuite(TestCaseMain.java:157)
	at com.kms.katalon.core.main.TestCaseMain$startTestSuite$0.call(Unknown Source)
	at TempTestSuite1569591422215.run(TempTestSuite1569591422215.groovy:35)


2019-09-27 19:25:41 - [TEST_STEP][PASSED] - delay(2): Delayed 2 second(s)

2019-09-27 19:25:43 - [MESSAGE][PASSED] - Delayed 2 second(s)

2019-09-27 19:25:43 - [TEST_STEP][PASSED] - setText(findTestObject("Object Repository/Page_cabi Create Order/input_Manual Discount_stylelookup_0"), findTestData("productData").getValue("Style", row)): Text '3875' is set on object 'Object Repository/Page_cabi Create Order/input_Manual Discount_stylelookup_0'

2019-09-27 19:25:43 - [MESSAGE][PASSED] - Text '3875' is set on object 'Object Repository/Page_cabi Create Order/input_Manual Discount_stylelookup_0'

2019-09-27 19:25:43 - [TEST_STEP][PASSED] - delay(2): Delayed 2 second(s)

2019-09-27 19:25:45 - [MESSAGE][PASSED] - Delayed 2 second(s)

2019-09-27 19:25:45 - [TEST_STEP][PASSED] - prod_message = getText(findTestObject("Page_cabi Create Order/first_option")): Text of object 'Object Repository/Page_cabi Create Order/first_option' is: '3875 Decked Out Dress'

2019-09-27 19:25:45 - [MESSAGE][PASSED] - Text of object 'Object Repository/Page_cabi Create Order/first_option' is: '3875 Decked Out Dress'

2019-09-27 19:25:45 - [TEST_STEP][PASSED] - delay(1): Delayed 1 second(s)

2019-09-27 19:25:46 - [MESSAGE][PASSED] - Delayed 1 second(s)

2019-09-27 19:25:46 - [TEST_STEP][PASSED] - click(findTestObject("Page_cabi Create Order/first_option")): Object: 'Object Repository/Page_cabi Create Order/first_option' is clicked on

2019-09-27 19:25:47 - [MESSAGE][PASSED] - Object: 'Object Repository/Page_cabi Create Order/first_option' is clicked on

2019-09-27 19:25:47 - [TEST_STEP][PASSED] - if (toString().equalsIgnoreCase("no")): null

2019-09-27 19:25:47 - [TEST_STEP][PASSED] - else: Delayed 3 second(s)

2019-09-27 19:25:47 - [TEST_STEP][PASSED] - delay(3): Delayed 3 second(s)

2019-09-27 19:25:50 - [MESSAGE][PASSED] - Delayed 3 second(s)

2019-09-27 19:25:50 - [TEST_STEP][PASSED] - s1 = getValue("Style", row).toString(): null

2019-09-27 19:25:50 - [TEST_STEP][PASSED] - s2 = " ": null

2019-09-27 19:25:50 - [TEST_STEP][PASSED] - s3 = getValue("Description", row).toString(): null

2019-09-27 19:25:50 - [TEST_STEP][PASSED] - expectedStyleDescription = $s1$s2$s3: null

2019-09-27 19:25:50 - [TEST_STEP][PASSED] - prod_message = UtilityMethods.splitStyle(prod_message): null

2019-09-27 19:25:50 - [TEST_STEP][PASSED] - println(prod_message): null

2019-09-27 19:25:50 - [TEST_STEP][PASSED] - assert prod_message.equalsIgnoreCase(expectedStyleDescription): null

2019-09-27 19:25:50 - [TEST_STEP][PASSED] - delay(3): Delayed 3 second(s)

2019-09-27 19:25:53 - [MESSAGE][PASSED] - Delayed 3 second(s)

2019-09-27 19:25:53 - [TEST_STEP][PASSED] - colorOptions = findWebElements(findTestObject("Page_cabi Order Items/GetAttribute_Color"), 5): null

2019-09-27 19:25:53 - [TEST_STEP][PASSED] - println(colorOptions.size()): null

2019-09-27 19:25:53 - [TEST_STEP][PASSED] - expectedColour = findTestData("productData").getValue("Color", row): null

2019-09-27 19:25:53 - [TEST_STEP][PASSED] - println("expected colour is"): null

2019-09-27 19:25:53 - [TEST_STEP][PASSED] - println(expectedColour): null

2019-09-27 19:25:53 - [TEST_STEP][PASSED] - colourVerified = false: null

2019-09-27 19:25:53 - [TEST_STEP][PASSED] - for (org.openqa.selenium.WebElement op : colorOptions): null

2019-09-27 19:25:53 - [TEST_STEP][PASSED] - println(op.getText()): null

2019-09-27 19:25:53 - [TEST_STEP][PASSED] - if (expectedColour.equalsIgnoreCase(op.getText())): null

2019-09-27 19:25:53 - [TEST_STEP][PASSED] - colourVerified = true: null

2019-09-27 19:25:53 - [TEST_STEP][PASSED] - break: null

2019-09-27 19:25:53 - [TEST_STEP][PASSED] - assert colourVerified == true: null

2019-09-27 19:25:53 - [TEST_STEP][PASSED] - getPrice = getText(findTestObject("Page_cabi Create Order/retail_price")): Text of object 'Object Repository/Page_cabi Create Order/retail_price' is: '$159.00'

2019-09-27 19:25:53 - [MESSAGE][PASSED] - Text of object 'Object Repository/Page_cabi Create Order/retail_price' is: '$159.00'

2019-09-27 19:25:53 - [TEST_STEP][PASSED] - Split_Data = UtilityMethods.SplitData(getPrice): null

2019-09-27 19:25:53 - [TEST_STEP][PASSED] - verifyMatch(Split_Data, findTestData("productData").getValue("Retail", row), true, CONTINUE_ON_FAILURE): Actual text '159' and expected text '159' are matched  using regular expression

2019-09-27 19:25:53 - [MESSAGE][PASSED] - Actual text '159' and expected text '159' are matched  using regular expression

2019-09-27 19:25:53 - [TEST_STEP][PASSED] - sizeRange1 = ["XXS", "XS", "S", "M", "L", "XL"]: null

2019-09-27 19:25:53 - [TEST_STEP][PASSED] - sizeRange2 = ["00", "0", "2", "4", "6", "8", "10", "12", "14", "16"]: null

2019-09-27 19:25:53 - [TEST_STEP][PASSED] - sizeRange3 = ["Long", "Regular", "Short"]: null

2019-09-27 19:25:53 - [TEST_STEP][PASSED] - sizeRange4 = ["5", "6", "6.5", "7", "7.5", "8", "8.5", "9", "9.5", "10", "11"]: null

2019-09-27 19:25:53 - [TEST_STEP][PASSED] - sizeRangeSplit = UtilityMethods.SplitSizes(findTestData("productData").getValue("SzRange", row)): null

2019-09-27 19:25:53 - [TEST_STEP][PASSED] - sizeType = getText(findTestObject("Object Repository/Page_cabi Order Items/Size")): Text of object 'Object Repository/Page_cabi Order Items/Size' is: 'Select'

2019-09-27 19:25:53 - [MESSAGE][PASSED] - Text of object 'Object Repository/Page_cabi Order Items/Size' is: 'Select'

2019-09-27 19:25:53 - [TEST_STEP][PASSED] - sizeOptions = findWebElements(findTestObject("Object Repository/Page_cabi Order Items/Size"), 5): null

2019-09-27 19:25:53 - [TEST_STEP][PASSED] - actualRange = new java.util.ArrayList(): null

2019-09-27 19:25:53 - [TEST_STEP][PASSED] - expectedRange = <not implemented yet for class: org.codehaus.groovy.ast.expr.EmptyExpression>: null

2019-09-27 19:25:53 - [TEST_STEP][PASSED] - if (sizeType.equalsIgnoreCase("Select")): null

2019-09-27 19:25:53 - [TEST_STEP][PASSED] - for ([i = 1, i < sizeOptions.size(), (i++)]): null

2019-09-27 19:25:53 - [TEST_STEP][PASSED] - actualRange.add(get(i).getAttribute("value")): null

2019-09-27 19:25:53 - [TEST_STEP][PASSED] - actualRange.add(get(i).getAttribute("value")): null

2019-09-27 19:25:53 - [TEST_STEP][PASSED] - actualRange.add(get(i).getAttribute("value")): null

2019-09-27 19:25:53 - [TEST_STEP][PASSED] - actualRange.add(get(i).getAttribute("value")): null

2019-09-27 19:25:53 - [TEST_STEP][PASSED] - actualRange.add(get(i).getAttribute("value")): null

2019-09-27 19:25:53 - [TEST_STEP][PASSED] - if (toString().equalsIgnoreCase("XS") || toString().equalsIgnoreCase("XXS")): null

2019-09-27 19:25:53 - [TEST_STEP][PASSED] - expectedRange = UtilityMethods.getExpectedRange(sizeRange1, sizeRangeSplit): null

2019-09-27 19:25:53 - [TEST_STEP][PASSED] - println("XS"): null

2019-09-27 19:25:53 - [TEST_STEP][PASSED] - println(expectedRange.toString()): null

2019-09-27 19:25:53 - [TEST_STEP][PASSED] - assert UtilityMethods.listEquals(expectedRange, actualRange) == true: null

2019-09-27 19:25:53 - [TEST_STEP][PASSED] - delay(3): Delayed 3 second(s)

2019-09-27 19:25:56 - [MESSAGE][PASSED] - Delayed 3 second(s)

2019-09-27 19:25:56 - [TEST_STEP][PASSED] - delay(2): Delayed 2 second(s)

2019-09-27 19:25:58 - [MESSAGE][PASSED] - Delayed 2 second(s)

2019-09-27 19:25:58 - [TEST_STEP][PASSED] - setText(findTestObject("Object Repository/Page_cabi Create Order/input_Manual Discount_stylelookup_0"), findTestData("productData").getValue("Style", row)): Text '3869' is set on object 'Object Repository/Page_cabi Create Order/input_Manual Discount_stylelookup_0'

2019-09-27 19:25:58 - [MESSAGE][PASSED] - Text '3869' is set on object 'Object Repository/Page_cabi Create Order/input_Manual Discount_stylelookup_0'

2019-09-27 19:25:58 - [TEST_STEP][PASSED] - delay(2): Delayed 2 second(s)

2019-09-27 19:26:00 - [MESSAGE][PASSED] - Delayed 2 second(s)

2019-09-27 19:26:00 - [TEST_STEP][PASSED] - prod_message = getText(findTestObject("Page_cabi Create Order/first_option")): Text of object 'Object Repository/Page_cabi Create Order/first_option' is: ''

2019-09-27 19:26:00 - [MESSAGE][PASSED] - Text of object 'Object Repository/Page_cabi Create Order/first_option' is: ''

2019-09-27 19:26:00 - [TEST_STEP][PASSED] - delay(1): Delayed 1 second(s)

2019-09-27 19:26:01 - [MESSAGE][PASSED] - Delayed 1 second(s)

2019-09-27 19:26:01 - [TEST_STEP][PASSED] - click(findTestObject("Page_cabi Create Order/first_option")): Object: 'Object Repository/Page_cabi Create Order/first_option' is clicked on

2019-09-27 19:26:01 - [MESSAGE][PASSED] - Object: 'Object Repository/Page_cabi Create Order/first_option' is clicked on

2019-09-27 19:26:01 - [TEST_STEP][PASSED] - if (toString().equalsIgnoreCase("no")): null

2019-09-27 19:26:01 - [TEST_STEP][FAILED] - else: for ([row = 1, row <= findTestData("productData").getRowNumbers(), (row++)]) FAILED.
Reason:
Assertion failed: 

assert prod_message.equalsIgnoreCase(expectedStyleDescription)
       |            |                |
       ""           false            3869 Cozy Cowl

	at productVerifyShort.run(productVerifyShort:63)
	at com.kms.katalon.core.main.ScriptEngine.run(ScriptEngine.java:194)
	at com.kms.katalon.core.main.ScriptEngine.runScriptAsRawText(ScriptEngine.java:119)
	at com.kms.katalon.core.main.TestCaseExecutor.runScript(TestCaseExecutor.java:342)
	at com.kms.katalon.core.main.TestCaseExecutor.doExecute(TestCaseExecutor.java:333)
	at com.kms.katalon.core.main.TestCaseExecutor.processExecutionPhase(TestCaseExecutor.java:312)
	at com.kms.katalon.core.main.TestCaseExecutor.accessMainPhase(TestCaseExecutor.java:304)
	at com.kms.katalon.core.main.TestCaseExecutor.execute(TestCaseExecutor.java:238)
	at com.kms.katalon.core.main.TestCaseMain.runTestCase(TestCaseMain.java:114)
	at com.kms.katalon.core.keyword.builtin.CallTestCaseKeyword$_callTestCase_closure1.doCall(CallTestCaseKeyword.groovy:59)
	at com.kms.katalon.core.keyword.builtin.CallTestCaseKeyword$_callTestCase_closure1.call(CallTestCaseKeyword.groovy)
	at com.kms.katalon.core.keyword.internal.KeywordMain.runKeyword(KeywordMain.groovy:66)
	at com.kms.katalon.core.keyword.builtin.CallTestCaseKeyword.callTestCase(CallTestCaseKeyword.groovy:81)
	at com.kms.katalon.core.keyword.builtin.CallTestCaseKeyword.execute(CallTestCaseKeyword.groovy:44)
	at com.kms.katalon.core.keyword.internal.KeywordExecutor.executeKeywordForPlatform(KeywordExecutor.groovy:56)
	at com.kms.katalon.core.keyword.BuiltinKeywords.callTestCase(BuiltinKeywords.groovy:334)
	at CCOrders.run(CCOrders:50)
	at com.kms.katalon.core.main.ScriptEngine.run(ScriptEngine.java:194)
	at com.kms.katalon.core.main.ScriptEngine.runScriptAsRawText(ScriptEngine.java:119)
	at com.kms.katalon.core.main.TestCaseExecutor.runScript(TestCaseExecutor.java:342)
	at com.kms.katalon.core.main.TestCaseExecutor.doExecute(TestCaseExecutor.java:333)
	at com.kms.katalon.core.main.TestCaseExecutor.processExecutionPhase(TestCaseExecutor.java:312)
	at com.kms.katalon.core.main.TestCaseExecutor.accessMainPhase(TestCaseExecutor.java:304)
	at com.kms.katalon.core.main.TestCaseExecutor.execute(TestCaseExecutor.java:238)
	at com.kms.katalon.core.main.TestSuiteExecutor.accessTestCaseMainPhase(TestSuiteExecutor.java:129)
	at com.kms.katalon.core.main.TestSuiteExecutor.accessTestSuiteMainPhase(TestSuiteExecutor.java:112)
	at com.kms.katalon.core.main.TestSuiteExecutor.execute(TestSuiteExecutor.java:81)
	at com.kms.katalon.core.main.TestCaseMain.startTestSuite(TestCaseMain.java:157)
	at com.kms.katalon.core.main.TestCaseMain$startTestSuite$0.call(Unknown Source)
	at TempTestSuite1569591422215.run(TempTestSuite1569591422215.groovy:35)


2019-09-27 19:26:01 - [TEST_STEP][PASSED] - delay(3): Delayed 3 second(s)

2019-09-27 19:26:04 - [MESSAGE][PASSED] - Delayed 3 second(s)

2019-09-27 19:26:04 - [TEST_STEP][PASSED] - s1 = getValue("Style", row).toString(): null

2019-09-27 19:26:04 - [TEST_STEP][PASSED] - s2 = " ": null

2019-09-27 19:26:04 - [TEST_STEP][PASSED] - s3 = getValue("Description", row).toString(): null

2019-09-27 19:26:04 - [TEST_STEP][PASSED] - expectedStyleDescription = $s1$s2$s3: null

2019-09-27 19:26:04 - [TEST_STEP][PASSED] - prod_message = UtilityMethods.splitStyle(prod_message): null

2019-09-27 19:26:04 - [TEST_STEP][PASSED] - println(prod_message): null

2019-09-27 19:26:04 - [TEST_STEP][FAILED] - assert prod_message.equalsIgnoreCase(expectedStyleDescription): for ([row = 1, row <= findTestData("productData").getRowNumbers(), (row++)]) FAILED.
Reason:
Assertion failed: 

assert prod_message.equalsIgnoreCase(expectedStyleDescription)
       |            |                |
       ""           false            3869 Cozy Cowl

	at productVerifyShort.run(productVerifyShort:63)
	at com.kms.katalon.core.main.ScriptEngine.run(ScriptEngine.java:194)
	at com.kms.katalon.core.main.ScriptEngine.runScriptAsRawText(ScriptEngine.java:119)
	at com.kms.katalon.core.main.TestCaseExecutor.runScript(TestCaseExecutor.java:342)
	at com.kms.katalon.core.main.TestCaseExecutor.doExecute(TestCaseExecutor.java:333)
	at com.kms.katalon.core.main.TestCaseExecutor.processExecutionPhase(TestCaseExecutor.java:312)
	at com.kms.katalon.core.main.TestCaseExecutor.accessMainPhase(TestCaseExecutor.java:304)
	at com.kms.katalon.core.main.TestCaseExecutor.execute(TestCaseExecutor.java:238)
	at com.kms.katalon.core.main.TestCaseMain.runTestCase(TestCaseMain.java:114)
	at com.kms.katalon.core.keyword.builtin.CallTestCaseKeyword$_callTestCase_closure1.doCall(CallTestCaseKeyword.groovy:59)
	at com.kms.katalon.core.keyword.builtin.CallTestCaseKeyword$_callTestCase_closure1.call(CallTestCaseKeyword.groovy)
	at com.kms.katalon.core.keyword.internal.KeywordMain.runKeyword(KeywordMain.groovy:66)
	at com.kms.katalon.core.keyword.builtin.CallTestCaseKeyword.callTestCase(CallTestCaseKeyword.groovy:81)
	at com.kms.katalon.core.keyword.builtin.CallTestCaseKeyword.execute(CallTestCaseKeyword.groovy:44)
	at com.kms.katalon.core.keyword.internal.KeywordExecutor.executeKeywordForPlatform(KeywordExecutor.groovy:56)
	at com.kms.katalon.core.keyword.BuiltinKeywords.callTestCase(BuiltinKeywords.groovy:334)
	at CCOrders.run(CCOrders:50)
	at com.kms.katalon.core.main.ScriptEngine.run(ScriptEngine.java:194)
	at com.kms.katalon.core.main.ScriptEngine.runScriptAsRawText(ScriptEngine.java:119)
	at com.kms.katalon.core.main.TestCaseExecutor.runScript(TestCaseExecutor.java:342)
	at com.kms.katalon.core.main.TestCaseExecutor.doExecute(TestCaseExecutor.java:333)
	at com.kms.katalon.core.main.TestCaseExecutor.processExecutionPhase(TestCaseExecutor.java:312)
	at com.kms.katalon.core.main.TestCaseExecutor.accessMainPhase(TestCaseExecutor.java:304)
	at com.kms.katalon.core.main.TestCaseExecutor.execute(TestCaseExecutor.java:238)
	at com.kms.katalon.core.main.TestSuiteExecutor.accessTestCaseMainPhase(TestSuiteExecutor.java:129)
	at com.kms.katalon.core.main.TestSuiteExecutor.accessTestSuiteMainPhase(TestSuiteExecutor.java:112)
	at com.kms.katalon.core.main.TestSuiteExecutor.execute(TestSuiteExecutor.java:81)
	at com.kms.katalon.core.main.TestCaseMain.startTestSuite(TestCaseMain.java:157)
	at com.kms.katalon.core.main.TestCaseMain$startTestSuite$0.call(Unknown Source)
	at TempTestSuite1569591422215.run(TempTestSuite1569591422215.groovy:35)


2019-09-27 19:26:04 - [MESSAGE][FAILED] - for ([row = 1, row <= findTestData("productData").getRowNumbers(), (row++)]) FAILED.
Reason:
Assertion failed: 

assert prod_message.equalsIgnoreCase(expectedStyleDescription)
       |            |                |
       ""           false            3869 Cozy Cowl

	at productVerifyShort.run(productVerifyShort:63)
	at com.kms.katalon.core.main.ScriptEngine.run(ScriptEngine.java:194)
	at com.kms.katalon.core.main.ScriptEngine.runScriptAsRawText(ScriptEngine.java:119)
	at com.kms.katalon.core.main.TestCaseExecutor.runScript(TestCaseExecutor.java:342)
	at com.kms.katalon.core.main.TestCaseExecutor.doExecute(TestCaseExecutor.java:333)
	at com.kms.katalon.core.main.TestCaseExecutor.processExecutionPhase(TestCaseExecutor.java:312)
	at com.kms.katalon.core.main.TestCaseExecutor.accessMainPhase(TestCaseExecutor.java:304)
	at com.kms.katalon.core.main.TestCaseExecutor.execute(TestCaseExecutor.java:238)
	at com.kms.katalon.core.main.TestCaseMain.runTestCase(TestCaseMain.java:114)
	at com.kms.katalon.core.keyword.builtin.CallTestCaseKeyword$_callTestCase_closure1.doCall(CallTestCaseKeyword.groovy:59)
	at com.kms.katalon.core.keyword.builtin.CallTestCaseKeyword$_callTestCase_closure1.call(CallTestCaseKeyword.groovy)
	at com.kms.katalon.core.keyword.internal.KeywordMain.runKeyword(KeywordMain.groovy:66)
	at com.kms.katalon.core.keyword.builtin.CallTestCaseKeyword.callTestCase(CallTestCaseKeyword.groovy:81)
	at com.kms.katalon.core.keyword.builtin.CallTestCaseKeyword.execute(CallTestCaseKeyword.groovy:44)
	at com.kms.katalon.core.keyword.internal.KeywordExecutor.executeKeywordForPlatform(KeywordExecutor.groovy:56)
	at com.kms.katalon.core.keyword.BuiltinKeywords.callTestCase(BuiltinKeywords.groovy:334)
	at CCOrders.run(CCOrders:50)
	at com.kms.katalon.core.main.ScriptEngine.run(ScriptEngine.java:194)
	at com.kms.katalon.core.main.ScriptEngine.runScriptAsRawText(ScriptEngine.java:119)
	at com.kms.katalon.core.main.TestCaseExecutor.runScript(TestCaseExecutor.java:342)
	at com.kms.katalon.core.main.TestCaseExecutor.doExecute(TestCaseExecutor.java:333)
	at com.kms.katalon.core.main.TestCaseExecutor.processExecutionPhase(TestCaseExecutor.java:312)
	at com.kms.katalon.core.main.TestCaseExecutor.accessMainPhase(TestCaseExecutor.java:304)
	at com.kms.katalon.core.main.TestCaseExecutor.execute(TestCaseExecutor.java:238)
	at com.kms.katalon.core.main.TestSuiteExecutor.accessTestCaseMainPhase(TestSuiteExecutor.java:129)
	at com.kms.katalon.core.main.TestSuiteExecutor.accessTestSuiteMainPhase(TestSuiteExecutor.java:112)
	at com.kms.katalon.core.main.TestSuiteExecutor.execute(TestSuiteExecutor.java:81)
	at com.kms.katalon.core.main.TestCaseMain.startTestSuite(TestCaseMain.java:157)
	at com.kms.katalon.core.main.TestCaseMain$startTestSuite$0.call(Unknown Source)
	at TempTestSuite1569591422215.run(TempTestSuite1569591422215.groovy:35)


2019-09-27 19:26:04 - [MESSAGE][FAILED] - Unable to call Test Case 'Test Cases/NewArrival/productVerifyShort' (Root cause: com.kms.katalon.core.exception.StepFailedException: Call Test Case 'Test Cases/NewArrival/productVerifyShort' failed
	at com.kms.katalon.core.keyword.builtin.CallTestCaseKeyword$_callTestCase_closure1.doCall(CallTestCaseKeyword.groovy:63)
	at com.kms.katalon.core.keyword.builtin.CallTestCaseKeyword$_callTestCase_closure1.call(CallTestCaseKeyword.groovy)
	at com.kms.katalon.core.keyword.internal.KeywordMain.runKeyword(KeywordMain.groovy:66)
	at com.kms.katalon.core.keyword.builtin.CallTestCaseKeyword.callTestCase(CallTestCaseKeyword.groovy:81)
	at com.kms.katalon.core.keyword.builtin.CallTestCaseKeyword.execute(CallTestCaseKeyword.groovy:44)
	at com.kms.katalon.core.keyword.internal.KeywordExecutor.executeKeywordForPlatform(KeywordExecutor.groovy:56)
	at com.kms.katalon.core.keyword.BuiltinKeywords.callTestCase(BuiltinKeywords.groovy:334)
	at CCOrders.run(CCOrders:50)
	at com.kms.katalon.core.main.ScriptEngine.run(ScriptEngine.java:194)
	at com.kms.katalon.core.main.ScriptEngine.runScriptAsRawText(ScriptEngine.java:119)
	at com.kms.katalon.core.main.TestCaseExecutor.runScript(TestCaseExecutor.java:342)
	at com.kms.katalon.core.main.TestCaseExecutor.doExecute(TestCaseExecutor.java:333)
	at com.kms.katalon.core.main.TestCaseExecutor.processExecutionPhase(TestCaseExecutor.java:312)
	at com.kms.katalon.core.main.TestCaseExecutor.accessMainPhase(TestCaseExecutor.java:304)
	at com.kms.katalon.core.main.TestCaseExecutor.execute(TestCaseExecutor.java:238)
	at com.kms.katalon.core.main.TestSuiteExecutor.accessTestCaseMainPhase(TestSuiteExecutor.java:129)
	at com.kms.katalon.core.main.TestSuiteExecutor.accessTestSuiteMainPhase(TestSuiteExecutor.java:112)
	at com.kms.katalon.core.main.TestSuiteExecutor.execute(TestSuiteExecutor.java:81)
	at com.kms.katalon.core.main.TestCaseMain.startTestSuite(TestCaseMain.java:157)
	at com.kms.katalon.core.main.TestCaseMain$startTestSuite$0.call(Unknown Source)
	at TempTestSuite1569591422215.run(TempTestSuite1569591422215.groovy:35)
Caused by: Assertion failed: 

assert prod_message.equalsIgnoreCase(expectedStyleDescription)
       |            |                |
       ""           false            3869 Cozy Cowl

	at productVerifyShort.run(productVerifyShort:63)
	at com.kms.katalon.core.main.ScriptEngine.run(ScriptEngine.java:194)
	at com.kms.katalon.core.main.ScriptEngine.runScriptAsRawText(ScriptEngine.java:119)
	at com.kms.katalon.core.main.TestCaseExecutor.runScript(TestCaseExecutor.java:342)
	at com.kms.katalon.core.main.TestCaseExecutor.doExecute(TestCaseExecutor.java:333)
	at com.kms.katalon.core.main.TestCaseExecutor.processExecutionPhase(TestCaseExecutor.java:312)
	at com.kms.katalon.core.main.TestCaseExecutor.accessMainPhase(TestCaseExecutor.java:304)
	at com.kms.katalon.core.main.TestCaseExecutor.execute(TestCaseExecutor.java:238)
	at com.kms.katalon.core.main.TestCaseMain.runTestCase(TestCaseMain.java:114)
	at com.kms.katalon.core.keyword.builtin.CallTestCaseKeyword$_callTestCase_closure1.doCall(CallTestCaseKeyword.groovy:59)
	... 20 more
)

2019-09-27 19:26:04 - [TEST_STEP][PASSED] - callTestCase(findTestCase("NewArrival/populateTimeGlobalVars"), ["row":timeRow], CONTINUE_ON_FAILURE): Call Test Case 'Test Cases/NewArrival/populateTimeGlobalVars' successfully

2019-09-27 19:26:04 - [TEST_CASE][PASSED] - Test Cases/NewArrival/populateTimeGlobalVars: Test Cases/NewArrival/populateTimeGlobalVars

2019-09-27 19:26:04 - [TEST_STEP][PASSED] - dataFile = "timezoneData": null

2019-09-27 19:26:04 - [TEST_STEP][PASSED] - clockServerTarget = UtilityMethods.getTestData("envtData", "clockServerTarget", 1): null

2019-09-27 19:26:04 - [TEST_STEP][PASSED] - println(clockServerTarget): null

2019-09-27 19:26:04 - [TEST_STEP][PASSED] - orderType = UtilityMethods.getTestData(dataFile, "orderType", row): null

2019-09-27 19:26:04 - [TEST_STEP][PASSED] - timeZone = UtilityMethods.getTestData(dataFile, "timeZone", row): null

2019-09-27 19:26:04 - [TEST_STEP][PASSED] - BOPersonal = UtilityMethods.getTestData(dataFile, "BOPersonal", row): null

2019-09-27 19:26:04 - [TEST_STEP][PASSED] - BOAddonPersonal = UtilityMethods.getTestData(dataFile, "BOAddonPersonal", row): null

2019-09-27 19:26:04 - [TEST_STEP][PASSED] - BOAddonRetail = UtilityMethods.getTestData(dataFile, "BOAddonRetail", row): null

2019-09-27 19:26:04 - [TEST_STEP][PASSED] - BORetail = UtilityMethods.getTestData(dataFile, "BORetail", row): null

2019-09-27 19:26:04 - [TEST_STEP][PASSED] - BOShow = UtilityMethods.getTestData(dataFile, "BOShow", row): null

2019-09-27 19:26:04 - [TEST_STEP][PASSED] - BOOnlineoutlet = UtilityMethods.getTestData(dataFile, "BOOnlineoutlet", row): null

2019-09-27 19:26:04 - [TEST_STEP][PASSED] - BOEmployee = UtilityMethods.getTestData(dataFile, "BOEmployee", row): null

2019-09-27 19:26:04 - [TEST_STEP][PASSED] - CCPersonal = UtilityMethods.getTestData(dataFile, "CCPersonal", row): null

2019-09-27 19:26:04 - [TEST_STEP][PASSED] - CCRetail = UtilityMethods.getTestData(dataFile, "CCRetail", row): null

2019-09-27 19:26:04 - [TEST_STEP][PASSED] - CCShow = UtilityMethods.getTestData(dataFile, "CCShow", row): null

2019-09-27 19:26:04 - [TEST_STEP][PASSED] - BOEblast = UtilityMethods.getTestData(dataFile, "BOEblast", row): null

2019-09-27 19:26:04 - [TEST_STEP][PASSED] - println(row): null

2019-09-27 19:26:04 - [TEST_STEP][PASSED] - println(BOPersonal): null

2019-09-27 19:26:04 - [MESSAGE][PASSED] - Call Test Case 'Test Cases/NewArrival/populateTimeGlobalVars' successfully

2019-09-27 19:26:04 - [TEST_STEP][PASSED] - callTestCase(findTestCase("NewArrival/setTimezone"), ["ofbizURL":"", "ofbizuser":"", "ofbizpass":"", "orderType":orderType, "timeZone":timeZone, "serverTarget":serverTarget, "clockServerTarget":clockServerTarget], CONTINUE_ON_FAILURE): Call Test Case 'Test Cases/NewArrival/setTimezone' successfully

2019-09-27 19:26:04 - [TEST_CASE][PASSED] - Test Cases/NewArrival/setTimezone: Test Cases/NewArrival/setTimezone

2019-09-27 19:26:04 - [TEST_STEP][PASSED] - openBrowser(""): Browser is opened with url: ''

2019-09-27 19:26:04 - [MESSAGE][WARNING] - A browser is already opened. Closing browser and opening a new one

2019-09-27 19:26:05 - [MESSAGE][INFO] - Starting 'Chrome' driver

2019-09-27 19:26:05 - [MESSAGE][INFO] - User set preference: ['args', '[--use-fake-ui-for-media-stream, --start-maximized]']

2019-09-27 19:26:07 - [MESSAGE][PASSED] - Browser is opened with url: ''

2019-09-27 19:26:07 - [TEST_STEP][NOT_RUN] - maximizeWindow(): NOT_RUN: maximizeWindow()

2019-09-27 19:26:07 - [MESSAGE][NOT_RUN] - NOT_RUN: maximizeWindow()

2019-09-27 19:26:07 - [TEST_STEP][PASSED] - ofbizURL = findTestData("envtData").getValue("ofbizURL", 1): null

2019-09-27 19:26:07 - [TEST_STEP][PASSED] - ofbizuser = findTestData("credData").getValue("ofbizuser", 1): null

2019-09-27 19:26:07 - [TEST_STEP][PASSED] - ofbizpass = findTestData("credData").getValue("ofbizpass", 1): null

2019-09-27 19:26:07 - [TEST_STEP][PASSED] - navigateToUrl(ofbizURL): Navigate to 'https://pushofbiz.cliotest.com/login.php' successfully

2019-09-27 19:26:09 - [MESSAGE][PASSED] - Navigate to 'https://pushofbiz.cliotest.com/login.php' successfully

2019-09-27 19:26:09 - [TEST_STEP][PASSED] - setText(findTestObject("Page_/input_Username_username"), ofbizuser): Text 'automation' is set on object 'Object Repository/Page_/input_Username_username'

2019-09-27 19:26:09 - [MESSAGE][PASSED] - Text 'automation' is set on object 'Object Repository/Page_/input_Username_username'

2019-09-27 19:26:09 - [TEST_STEP][PASSED] - setText(findTestObject("Page_/input_Password_password"), ofbizpass): Text 'cabiautomation' is set on object 'Object Repository/Page_/input_Password_password'

2019-09-27 19:26:09 - [MESSAGE][PASSED] - Text 'cabiautomation' is set on object 'Object Repository/Page_/input_Password_password'

2019-09-27 19:26:09 - [TEST_STEP][PASSED] - click(findTestObject("Page_/input_Password_Submit")): Object: 'Object Repository/Page_/input_Password_Submit' is clicked on

2019-09-27 19:26:13 - [MESSAGE][PASSED] - Object: 'Object Repository/Page_/input_Password_Submit' is clicked on

2019-09-27 19:26:13 - [TEST_STEP][PASSED] - click(findTestObject("Object Repository/Page_/a_Clock set")): Object: 'Object Repository/Page_/a_Clock set' is clicked on

2019-09-27 19:26:13 - [MESSAGE][PASSED] - Object: 'Object Repository/Page_/a_Clock set' is clicked on

2019-09-27 19:26:13 - [TEST_STEP][PASSED] - cst = UtilityMethods.createTestObject("select_target", "//select[@name='Target']/option[contains(text(), '", clockServerTarget, "')]"): null

2019-09-27 19:26:13 - [TEST_STEP][PASSED] - println(clockServerTarget): null

2019-09-27 19:26:13 - [TEST_STEP][PASSED] - click(cst): Object: 'select_target' is clicked on

2019-09-27 19:26:13 - [MESSAGE][PASSED] - Object: 'select_target' is clicked on

2019-09-27 19:26:13 - [TEST_STEP][PASSED] - click(findTestObject("Page_/thisDateAndTime")): Object: 'Object Repository/Page_/thisDateAndTime' is clicked on

2019-09-27 19:26:14 - [MESSAGE][PASSED] - Object: 'Object Repository/Page_/thisDateAndTime' is clicked on

2019-09-27 19:26:14 - [TEST_STEP][PASSED] - setText(findTestObject("Object Repository/Page_/setTargetTime"), timeZone): Text ' 11/01/2019 12:00' is set on object 'Object Repository/Page_/setTargetTime'

2019-09-27 19:26:14 - [MESSAGE][PASSED] - Text ' 11/01/2019 12:00' is set on object 'Object Repository/Page_/setTargetTime'

2019-09-27 19:26:14 - [TEST_STEP][PASSED] - click(findTestObject("Object Repository/Page_/input")): Object: 'Object Repository/Page_/input' is clicked on

2019-09-27 19:26:14 - [MESSAGE][PASSED] - Object: 'Object Repository/Page_/input' is clicked on

2019-09-27 19:26:14 - [TEST_STEP][PASSED] - delay(10): Delayed 10 second(s)

2019-09-27 19:26:24 - [MESSAGE][PASSED] - Delayed 10 second(s)

2019-09-27 19:26:24 - [TEST_STEP][NOT_RUN] - closeBrowser(): NOT_RUN: closeBrowser()

2019-09-27 19:26:24 - [MESSAGE][NOT_RUN] - NOT_RUN: closeBrowser()

2019-09-27 19:26:24 - [MESSAGE][PASSED] - Call Test Case 'Test Cases/NewArrival/setTimezone' successfully

2019-09-27 19:26:24 - [TEST_STEP][PASSED] - callTestCase(findTestCase("TestCaseUtilities/cabiCentralLogin"), [:], CONTINUE_ON_FAILURE): Call Test Case 'Test Cases/TestCaseUtilities/cabiCentralLogin' successfully

2019-09-27 19:26:24 - [TEST_CASE][PASSED] - Test Cases/TestCaseUtilities/cabiCentralLogin: Test Cases/TestCaseUtilities/cabiCentralLogin

2019-09-27 19:26:24 - [TEST_STEP][PASSED] - CCURL = findTestData("envtData").getValue("CCURL", 1): null

2019-09-27 19:26:24 - [TEST_STEP][PASSED] - CCuser = findTestData("credData").getValue("CCuser", 1): null

2019-09-27 19:26:24 - [TEST_STEP][PASSED] - CCpass = findTestData("credData").getValue("CCpass", 1): null

2019-09-27 19:26:24 - [TEST_STEP][PASSED] - openBrowser(""): Browser is opened with url: ''

2019-09-27 19:26:24 - [MESSAGE][WARNING] - A browser is already opened. Closing browser and opening a new one

2019-09-27 19:26:25 - [MESSAGE][INFO] - Starting 'Chrome' driver

2019-09-27 19:26:25 - [MESSAGE][INFO] - User set preference: ['args', '[--use-fake-ui-for-media-stream, --start-maximized]']

2019-09-27 19:26:27 - [MESSAGE][PASSED] - Browser is opened with url: ''

2019-09-27 19:26:27 - [TEST_STEP][PASSED] - navigateToUrl(CCURL): Navigate to 'https://test4.cliotest.com/cabicentral/control/main' successfully

2019-09-27 19:26:35 - [MESSAGE][PASSED] - Navigate to 'https://test4.cliotest.com/cabicentral/control/main' successfully

2019-09-27 19:26:35 - [TEST_STEP][PASSED] - maximizeWindow(): Current window maximized

2019-09-27 19:26:36 - [MESSAGE][PASSED] - Current window maximized

2019-09-27 19:26:36 - [TEST_STEP][PASSED] - logOut = findWebElements(findTestObject("Object Repository/Page_cabi Home/log_out"), 1): Unable to find the element located by 'By.xpath: //a[contains(text(),'Log Out')]'. Please recheck the objects properties to make sure the desired element is located. 

2019-09-27 19:26:37 - [MESSAGE][INFO] - Unable to find the element located by 'By.xpath: //a[contains(text(),'Log Out')]'. Please recheck the objects properties to make sure the desired element is located. 

2019-09-27 19:26:37 - [TEST_STEP][PASSED] - if (logOut.size() == 0): Object: 'Object Repository/Page_cabi/input_Password_section-btn btn-stl-pk rFloat' is clicked on

2019-09-27 19:26:37 - [TEST_STEP][PASSED] - setText(findTestObject("Object Repository/Page_cabi/input_Username_USERNAME"), CCuser): Text 'ehudson' is set on object 'Object Repository/Page_cabi/input_Username_USERNAME'

2019-09-27 19:26:37 - [MESSAGE][PASSED] - Text 'ehudson' is set on object 'Object Repository/Page_cabi/input_Username_USERNAME'

2019-09-27 19:26:37 - [TEST_STEP][PASSED] - setText(findTestObject("Object Repository/Page_cabi/input_Password_PASSWORD"), CCpass): Text 'blackdress19' is set on object 'Object Repository/Page_cabi/input_Password_PASSWORD'

2019-09-27 19:26:37 - [MESSAGE][PASSED] - Text 'blackdress19' is set on object 'Object Repository/Page_cabi/input_Password_PASSWORD'

2019-09-27 19:26:37 - [TEST_STEP][PASSED] - delay(1): Delayed 1 second(s)

2019-09-27 19:26:38 - [MESSAGE][PASSED] - Delayed 1 second(s)

2019-09-27 19:26:38 - [TEST_STEP][PASSED] - click(findTestObject("Object Repository/Page_cabi/input_Password_section-btn btn-stl-pk rFloat")): Object: 'Object Repository/Page_cabi/input_Password_section-btn btn-stl-pk rFloat' is clicked on

2019-09-27 19:26:42 - [MESSAGE][PASSED] - Object: 'Object Repository/Page_cabi/input_Password_section-btn btn-stl-pk rFloat' is clicked on

2019-09-27 19:26:42 - [TEST_STEP][PASSED] - delay(3): Delayed 3 second(s)

2019-09-27 19:26:45 - [MESSAGE][PASSED] - Delayed 3 second(s)

2019-09-27 19:26:45 - [MESSAGE][PASSED] - Call Test Case 'Test Cases/TestCaseUtilities/cabiCentralLogin' successfully

2019-09-27 19:26:45 - [TEST_STEP][PASSED] - delay(3): Delayed 3 second(s)

2019-09-27 19:26:48 - [MESSAGE][PASSED] - Delayed 3 second(s)

2019-09-27 19:26:48 - [TEST_STEP][PASSED] - click(findTestObject("Page_cabi cabiCentral Tasks/a_ORDERS")): Object: 'Object Repository/Page_cabi cabiCentral Tasks/a_ORDERS' is clicked on

2019-09-27 19:26:52 - [MESSAGE][PASSED] - Object: 'Object Repository/Page_cabi cabiCentral Tasks/a_ORDERS' is clicked on

2019-09-27 19:26:52 - [TEST_STEP][PASSED] - delay(3): Delayed 3 second(s)

2019-09-27 19:26:55 - [MESSAGE][PASSED] - Delayed 3 second(s)

2019-09-27 19:26:55 - [TEST_STEP][PASSED] - click(findTestObject("Page_cabi Find Order/a_Create Order")): Object: 'Object Repository/Page_cabi Find Order/a_Create Order' is clicked on

2019-09-27 19:26:55 - [MESSAGE][PASSED] - Object: 'Object Repository/Page_cabi Find Order/a_Create Order' is clicked on

2019-09-27 19:26:55 - [TEST_STEP][PASSED] - selectOptionByValue(findTestObject("Page_cabi Create Order/select_order_type"), "PERSONAL", true): All options with value 'PERSONAL' are selected in object 'Object Repository/Page_cabi Create Order/select_order_type'  using regular expression

2019-09-27 19:26:55 - [MESSAGE][PASSED] - All options with value 'PERSONAL' are selected in object 'Object Repository/Page_cabi Create Order/select_order_type'  using regular expression

2019-09-27 19:26:55 - [TEST_STEP][PASSED] - click(findTestObject("Page_cabi Create Order/input_select_order_type")): Object: 'Object Repository/Page_cabi Create Order/input_select_order_type' is clicked on

2019-09-27 19:27:00 - [MESSAGE][PASSED] - Object: 'Object Repository/Page_cabi Create Order/input_select_order_type' is clicked on

2019-09-27 19:27:00 - [TEST_STEP][FAILED] - callTestCase(findTestCase("NewArrival/productVerifyShort"), ["available":CCPersonal, "storeType":"CCPersonal"], CONTINUE_ON_FAILURE): Unable to call Test Case 'Test Cases/NewArrival/productVerifyShort' (Root cause: com.kms.katalon.core.exception.StepFailedException: Call Test Case 'Test Cases/NewArrival/productVerifyShort' failed
	at com.kms.katalon.core.keyword.builtin.CallTestCaseKeyword$_callTestCase_closure1.doCall(CallTestCaseKeyword.groovy:63)
	at com.kms.katalon.core.keyword.builtin.CallTestCaseKeyword$_callTestCase_closure1.call(CallTestCaseKeyword.groovy)
	at com.kms.katalon.core.keyword.internal.KeywordMain.runKeyword(KeywordMain.groovy:66)
	at com.kms.katalon.core.keyword.builtin.CallTestCaseKeyword.callTestCase(CallTestCaseKeyword.groovy:81)
	at com.kms.katalon.core.keyword.builtin.CallTestCaseKeyword.execute(CallTestCaseKeyword.groovy:44)
	at com.kms.katalon.core.keyword.internal.KeywordExecutor.executeKeywordForPlatform(KeywordExecutor.groovy:56)
	at com.kms.katalon.core.keyword.BuiltinKeywords.callTestCase(BuiltinKeywords.groovy:334)
	at CCOrders.run(CCOrders:40)
	at com.kms.katalon.core.main.ScriptEngine.run(ScriptEngine.java:194)
	at com.kms.katalon.core.main.ScriptEngine.runScriptAsRawText(ScriptEngine.java:119)
	at com.kms.katalon.core.main.TestCaseExecutor.runScript(TestCaseExecutor.java:342)
	at com.kms.katalon.core.main.TestCaseExecutor.doExecute(TestCaseExecutor.java:333)
	at com.kms.katalon.core.main.TestCaseExecutor.processExecutionPhase(TestCaseExecutor.java:312)
	at com.kms.katalon.core.main.TestCaseExecutor.accessMainPhase(TestCaseExecutor.java:304)
	at com.kms.katalon.core.main.TestCaseExecutor.execute(TestCaseExecutor.java:238)
	at com.kms.katalon.core.main.TestSuiteExecutor.accessTestCaseMainPhase(TestSuiteExecutor.java:129)
	at com.kms.katalon.core.main.TestSuiteExecutor.accessTestSuiteMainPhase(TestSuiteExecutor.java:112)
	at com.kms.katalon.core.main.TestSuiteExecutor.execute(TestSuiteExecutor.java:81)
	at com.kms.katalon.core.main.TestCaseMain.startTestSuite(TestCaseMain.java:157)
	at com.kms.katalon.core.main.TestCaseMain$startTestSuite$0.call(Unknown Source)
	at TempTestSuite1569591422215.run(TempTestSuite1569591422215.groovy:35)
Caused by: Assertion failed: 

assert prod_message.equalsIgnoreCase(expectedStyleDescription)
       |            |                |
       ""           false            3869 Cozy Cowl

	at productVerifyShort.run(productVerifyShort:63)
	at com.kms.katalon.core.main.ScriptEngine.run(ScriptEngine.java:194)
	at com.kms.katalon.core.main.ScriptEngine.runScriptAsRawText(ScriptEngine.java:119)
	at com.kms.katalon.core.main.TestCaseExecutor.runScript(TestCaseExecutor.java:342)
	at com.kms.katalon.core.main.TestCaseExecutor.doExecute(TestCaseExecutor.java:333)
	at com.kms.katalon.core.main.TestCaseExecutor.processExecutionPhase(TestCaseExecutor.java:312)
	at com.kms.katalon.core.main.TestCaseExecutor.accessMainPhase(TestCaseExecutor.java:304)
	at com.kms.katalon.core.main.TestCaseExecutor.execute(TestCaseExecutor.java:238)
	at com.kms.katalon.core.main.TestCaseMain.runTestCase(TestCaseMain.java:114)
	at com.kms.katalon.core.keyword.builtin.CallTestCaseKeyword$_callTestCase_closure1.doCall(CallTestCaseKeyword.groovy:59)
	... 20 more
)

2019-09-27 19:27:00 - [TEST_CASE][FAILED] - Test Cases/NewArrival/productVerifyShort: Test Cases/NewArrival/productVerifyShort FAILED.
Reason:
Assertion failed: 

assert prod_message.equalsIgnoreCase(expectedStyleDescription)
       |            |                |
       ""           false            3869 Cozy Cowl

	at productVerifyShort.run(productVerifyShort:63)
	at com.kms.katalon.core.main.ScriptEngine.run(ScriptEngine.java:194)
	at com.kms.katalon.core.main.ScriptEngine.runScriptAsRawText(ScriptEngine.java:119)
	at com.kms.katalon.core.main.TestCaseExecutor.runScript(TestCaseExecutor.java:342)
	at com.kms.katalon.core.main.TestCaseExecutor.doExecute(TestCaseExecutor.java:333)
	at com.kms.katalon.core.main.TestCaseExecutor.processExecutionPhase(TestCaseExecutor.java:312)
	at com.kms.katalon.core.main.TestCaseExecutor.accessMainPhase(TestCaseExecutor.java:304)
	at com.kms.katalon.core.main.TestCaseExecutor.execute(TestCaseExecutor.java:238)
	at com.kms.katalon.core.main.TestCaseMain.runTestCase(TestCaseMain.java:114)
	at com.kms.katalon.core.keyword.builtin.CallTestCaseKeyword$_callTestCase_closure1.doCall(CallTestCaseKeyword.groovy:59)
	at com.kms.katalon.core.keyword.builtin.CallTestCaseKeyword$_callTestCase_closure1.call(CallTestCaseKeyword.groovy)
	at com.kms.katalon.core.keyword.internal.KeywordMain.runKeyword(KeywordMain.groovy:66)
	at com.kms.katalon.core.keyword.builtin.CallTestCaseKeyword.callTestCase(CallTestCaseKeyword.groovy:81)
	at com.kms.katalon.core.keyword.builtin.CallTestCaseKeyword.execute(CallTestCaseKeyword.groovy:44)
	at com.kms.katalon.core.keyword.internal.KeywordExecutor.executeKeywordForPlatform(KeywordExecutor.groovy:56)
	at com.kms.katalon.core.keyword.BuiltinKeywords.callTestCase(BuiltinKeywords.groovy:334)
	at CCOrders.run(CCOrders:40)
	at com.kms.katalon.core.main.ScriptEngine.run(ScriptEngine.java:194)
	at com.kms.katalon.core.main.ScriptEngine.runScriptAsRawText(ScriptEngine.java:119)
	at com.kms.katalon.core.main.TestCaseExecutor.runScript(TestCaseExecutor.java:342)
	at com.kms.katalon.core.main.TestCaseExecutor.doExecute(TestCaseExecutor.java:333)
	at com.kms.katalon.core.main.TestCaseExecutor.processExecutionPhase(TestCaseExecutor.java:312)
	at com.kms.katalon.core.main.TestCaseExecutor.accessMainPhase(TestCaseExecutor.java:304)
	at com.kms.katalon.core.main.TestCaseExecutor.execute(TestCaseExecutor.java:238)
	at com.kms.katalon.core.main.TestSuiteExecutor.accessTestCaseMainPhase(TestSuiteExecutor.java:129)
	at com.kms.katalon.core.main.TestSuiteExecutor.accessTestSuiteMainPhase(TestSuiteExecutor.java:112)
	at com.kms.katalon.core.main.TestSuiteExecutor.execute(TestSuiteExecutor.java:81)
	at com.kms.katalon.core.main.TestCaseMain.startTestSuite(TestCaseMain.java:157)
	at com.kms.katalon.core.main.TestCaseMain$startTestSuite$0.call(Unknown Source)
	at TempTestSuite1569591422215.run(TempTestSuite1569591422215.groovy:35)


2019-09-27 19:27:00 - [TEST_STEP][FAILED] - for ([row = 1, row <= findTestData("productData").getRowNumbers(), (row++)]): for ([row = 1, row <= findTestData("productData").getRowNumbers(), (row++)]) FAILED.
Reason:
Assertion failed: 

assert prod_message.equalsIgnoreCase(expectedStyleDescription)
       |            |                |
       ""           false            3869 Cozy Cowl

	at productVerifyShort.run(productVerifyShort:63)
	at com.kms.katalon.core.main.ScriptEngine.run(ScriptEngine.java:194)
	at com.kms.katalon.core.main.ScriptEngine.runScriptAsRawText(ScriptEngine.java:119)
	at com.kms.katalon.core.main.TestCaseExecutor.runScript(TestCaseExecutor.java:342)
	at com.kms.katalon.core.main.TestCaseExecutor.doExecute(TestCaseExecutor.java:333)
	at com.kms.katalon.core.main.TestCaseExecutor.processExecutionPhase(TestCaseExecutor.java:312)
	at com.kms.katalon.core.main.TestCaseExecutor.accessMainPhase(TestCaseExecutor.java:304)
	at com.kms.katalon.core.main.TestCaseExecutor.execute(TestCaseExecutor.java:238)
	at com.kms.katalon.core.main.TestCaseMain.runTestCase(TestCaseMain.java:114)
	at com.kms.katalon.core.keyword.builtin.CallTestCaseKeyword$_callTestCase_closure1.doCall(CallTestCaseKeyword.groovy:59)
	at com.kms.katalon.core.keyword.builtin.CallTestCaseKeyword$_callTestCase_closure1.call(CallTestCaseKeyword.groovy)
	at com.kms.katalon.core.keyword.internal.KeywordMain.runKeyword(KeywordMain.groovy:66)
	at com.kms.katalon.core.keyword.builtin.CallTestCaseKeyword.callTestCase(CallTestCaseKeyword.groovy:81)
	at com.kms.katalon.core.keyword.builtin.CallTestCaseKeyword.execute(CallTestCaseKeyword.groovy:44)
	at com.kms.katalon.core.keyword.internal.KeywordExecutor.executeKeywordForPlatform(KeywordExecutor.groovy:56)
	at com.kms.katalon.core.keyword.BuiltinKeywords.callTestCase(BuiltinKeywords.groovy:334)
	at CCOrders.run(CCOrders:40)
	at com.kms.katalon.core.main.ScriptEngine.run(ScriptEngine.java:194)
	at com.kms.katalon.core.main.ScriptEngine.runScriptAsRawText(ScriptEngine.java:119)
	at com.kms.katalon.core.main.TestCaseExecutor.runScript(TestCaseExecutor.java:342)
	at com.kms.katalon.core.main.TestCaseExecutor.doExecute(TestCaseExecutor.java:333)
	at com.kms.katalon.core.main.TestCaseExecutor.processExecutionPhase(TestCaseExecutor.java:312)
	at com.kms.katalon.core.main.TestCaseExecutor.accessMainPhase(TestCaseExecutor.java:304)
	at com.kms.katalon.core.main.TestCaseExecutor.execute(TestCaseExecutor.java:238)
	at com.kms.katalon.core.main.TestSuiteExecutor.accessTestCaseMainPhase(TestSuiteExecutor.java:129)
	at com.kms.katalon.core.main.TestSuiteExecutor.accessTestSuiteMainPhase(TestSuiteExecutor.java:112)
	at com.kms.katalon.core.main.TestSuiteExecutor.execute(TestSuiteExecutor.java:81)
	at com.kms.katalon.core.main.TestCaseMain.startTestSuite(TestCaseMain.java:157)
	at com.kms.katalon.core.main.TestCaseMain$startTestSuite$0.call(Unknown Source)
	at TempTestSuite1569591422215.run(TempTestSuite1569591422215.groovy:35)


2019-09-27 19:27:00 - [TEST_STEP][PASSED] - delay(2): Delayed 2 second(s)

2019-09-27 19:27:02 - [MESSAGE][PASSED] - Delayed 2 second(s)

2019-09-27 19:27:02 - [TEST_STEP][PASSED] - setText(findTestObject("Object Repository/Page_cabi Create Order/input_Manual Discount_stylelookup_0"), findTestData("productData").getValue("Style", row)): Text '3875' is set on object 'Object Repository/Page_cabi Create Order/input_Manual Discount_stylelookup_0'

2019-09-27 19:27:02 - [MESSAGE][PASSED] - Text '3875' is set on object 'Object Repository/Page_cabi Create Order/input_Manual Discount_stylelookup_0'

2019-09-27 19:27:02 - [TEST_STEP][PASSED] - delay(2): Delayed 2 second(s)

2019-09-27 19:27:04 - [MESSAGE][PASSED] - Delayed 2 second(s)

2019-09-27 19:27:04 - [TEST_STEP][PASSED] - prod_message = getText(findTestObject("Page_cabi Create Order/first_option")): Text of object 'Object Repository/Page_cabi Create Order/first_option' is: '3875 Decked Out Dress'

2019-09-27 19:27:05 - [MESSAGE][PASSED] - Text of object 'Object Repository/Page_cabi Create Order/first_option' is: '3875 Decked Out Dress'

2019-09-27 19:27:05 - [TEST_STEP][PASSED] - delay(1): Delayed 1 second(s)

2019-09-27 19:27:06 - [MESSAGE][PASSED] - Delayed 1 second(s)

2019-09-27 19:27:06 - [TEST_STEP][PASSED] - click(findTestObject("Page_cabi Create Order/first_option")): Object: 'Object Repository/Page_cabi Create Order/first_option' is clicked on

2019-09-27 19:27:06 - [MESSAGE][PASSED] - Object: 'Object Repository/Page_cabi Create Order/first_option' is clicked on

2019-09-27 19:27:06 - [TEST_STEP][PASSED] - if (toString().equalsIgnoreCase("no")): null

2019-09-27 19:27:06 - [TEST_STEP][PASSED] - else: Delayed 3 second(s)

2019-09-27 19:27:06 - [TEST_STEP][PASSED] - delay(3): Delayed 3 second(s)

2019-09-27 19:27:09 - [MESSAGE][PASSED] - Delayed 3 second(s)

2019-09-27 19:27:09 - [TEST_STEP][PASSED] - s1 = getValue("Style", row).toString(): null

2019-09-27 19:27:09 - [TEST_STEP][PASSED] - s2 = " ": null

2019-09-27 19:27:09 - [TEST_STEP][PASSED] - s3 = getValue("Description", row).toString(): null

2019-09-27 19:27:09 - [TEST_STEP][PASSED] - expectedStyleDescription = $s1$s2$s3: null

2019-09-27 19:27:09 - [TEST_STEP][PASSED] - prod_message = UtilityMethods.splitStyle(prod_message): null

2019-09-27 19:27:09 - [TEST_STEP][PASSED] - println(prod_message): null

2019-09-27 19:27:09 - [TEST_STEP][PASSED] - assert prod_message.equalsIgnoreCase(expectedStyleDescription): null

2019-09-27 19:27:09 - [TEST_STEP][PASSED] - delay(3): Delayed 3 second(s)

2019-09-27 19:27:12 - [MESSAGE][PASSED] - Delayed 3 second(s)

2019-09-27 19:27:12 - [TEST_STEP][PASSED] - colorOptions = findWebElements(findTestObject("Page_cabi Order Items/GetAttribute_Color"), 5): null

2019-09-27 19:27:12 - [TEST_STEP][PASSED] - println(colorOptions.size()): null

2019-09-27 19:27:12 - [TEST_STEP][PASSED] - expectedColour = findTestData("productData").getValue("Color", row): null

2019-09-27 19:27:12 - [TEST_STEP][PASSED] - println("expected colour is"): null

2019-09-27 19:27:12 - [TEST_STEP][PASSED] - println(expectedColour): null

2019-09-27 19:27:12 - [TEST_STEP][PASSED] - colourVerified = false: null

2019-09-27 19:27:12 - [TEST_STEP][PASSED] - for (org.openqa.selenium.WebElement op : colorOptions): null

2019-09-27 19:27:12 - [TEST_STEP][PASSED] - println(op.getText()): null

2019-09-27 19:27:12 - [TEST_STEP][PASSED] - if (expectedColour.equalsIgnoreCase(op.getText())): null

2019-09-27 19:27:12 - [TEST_STEP][PASSED] - colourVerified = true: null

2019-09-27 19:27:12 - [TEST_STEP][PASSED] - break: null

2019-09-27 19:27:12 - [TEST_STEP][PASSED] - assert colourVerified == true: null

2019-09-27 19:27:12 - [TEST_STEP][PASSED] - getPrice = getText(findTestObject("Page_cabi Create Order/retail_price")): Text of object 'Object Repository/Page_cabi Create Order/retail_price' is: '$159.00'

2019-09-27 19:27:12 - [MESSAGE][PASSED] - Text of object 'Object Repository/Page_cabi Create Order/retail_price' is: '$159.00'

2019-09-27 19:27:12 - [TEST_STEP][PASSED] - Split_Data = UtilityMethods.SplitData(getPrice): null

2019-09-27 19:27:12 - [TEST_STEP][PASSED] - verifyMatch(Split_Data, findTestData("productData").getValue("Retail", row), true, CONTINUE_ON_FAILURE): Actual text '159' and expected text '159' are matched  using regular expression

2019-09-27 19:27:12 - [MESSAGE][PASSED] - Actual text '159' and expected text '159' are matched  using regular expression

2019-09-27 19:27:12 - [TEST_STEP][PASSED] - sizeRange1 = ["XXS", "XS", "S", "M", "L", "XL"]: null

2019-09-27 19:27:12 - [TEST_STEP][PASSED] - sizeRange2 = ["00", "0", "2", "4", "6", "8", "10", "12", "14", "16"]: null

2019-09-27 19:27:12 - [TEST_STEP][PASSED] - sizeRange3 = ["Long", "Regular", "Short"]: null

2019-09-27 19:27:12 - [TEST_STEP][PASSED] - sizeRange4 = ["5", "6", "6.5", "7", "7.5", "8", "8.5", "9", "9.5", "10", "11"]: null

2019-09-27 19:27:12 - [TEST_STEP][PASSED] - sizeRangeSplit = UtilityMethods.SplitSizes(findTestData("productData").getValue("SzRange", row)): null

2019-09-27 19:27:12 - [TEST_STEP][PASSED] - sizeType = getText(findTestObject("Object Repository/Page_cabi Order Items/Size")): Text of object 'Object Repository/Page_cabi Order Items/Size' is: 'Select'

2019-09-27 19:27:12 - [MESSAGE][PASSED] - Text of object 'Object Repository/Page_cabi Order Items/Size' is: 'Select'

2019-09-27 19:27:12 - [TEST_STEP][PASSED] - sizeOptions = findWebElements(findTestObject("Object Repository/Page_cabi Order Items/Size"), 5): null

2019-09-27 19:27:12 - [TEST_STEP][PASSED] - actualRange = new java.util.ArrayList(): null

2019-09-27 19:27:12 - [TEST_STEP][PASSED] - expectedRange = <not implemented yet for class: org.codehaus.groovy.ast.expr.EmptyExpression>: null

2019-09-27 19:27:12 - [TEST_STEP][PASSED] - if (sizeType.equalsIgnoreCase("Select")): null

2019-09-27 19:27:12 - [TEST_STEP][PASSED] - for ([i = 1, i < sizeOptions.size(), (i++)]): null

2019-09-27 19:27:12 - [TEST_STEP][PASSED] - actualRange.add(get(i).getAttribute("value")): null

2019-09-27 19:27:12 - [TEST_STEP][PASSED] - actualRange.add(get(i).getAttribute("value")): null

2019-09-27 19:27:12 - [TEST_STEP][PASSED] - actualRange.add(get(i).getAttribute("value")): null

2019-09-27 19:27:12 - [TEST_STEP][PASSED] - actualRange.add(get(i).getAttribute("value")): null

2019-09-27 19:27:12 - [TEST_STEP][PASSED] - actualRange.add(get(i).getAttribute("value")): null

2019-09-27 19:27:12 - [TEST_STEP][PASSED] - if (toString().equalsIgnoreCase("XS") || toString().equalsIgnoreCase("XXS")): null

2019-09-27 19:27:12 - [TEST_STEP][PASSED] - expectedRange = UtilityMethods.getExpectedRange(sizeRange1, sizeRangeSplit): null

2019-09-27 19:27:12 - [TEST_STEP][PASSED] - println("XS"): null

2019-09-27 19:27:12 - [TEST_STEP][PASSED] - println(expectedRange.toString()): null

2019-09-27 19:27:12 - [TEST_STEP][PASSED] - assert UtilityMethods.listEquals(expectedRange, actualRange) == true: null

2019-09-27 19:27:12 - [TEST_STEP][PASSED] - delay(3): Delayed 3 second(s)

2019-09-27 19:27:15 - [MESSAGE][PASSED] - Delayed 3 second(s)

2019-09-27 19:27:15 - [TEST_STEP][PASSED] - delay(2): Delayed 2 second(s)

2019-09-27 19:27:17 - [MESSAGE][PASSED] - Delayed 2 second(s)

2019-09-27 19:27:17 - [TEST_STEP][PASSED] - setText(findTestObject("Object Repository/Page_cabi Create Order/input_Manual Discount_stylelookup_0"), findTestData("productData").getValue("Style", row)): Text '3869' is set on object 'Object Repository/Page_cabi Create Order/input_Manual Discount_stylelookup_0'

2019-09-27 19:27:17 - [MESSAGE][PASSED] - Text '3869' is set on object 'Object Repository/Page_cabi Create Order/input_Manual Discount_stylelookup_0'

2019-09-27 19:27:17 - [TEST_STEP][PASSED] - delay(2): Delayed 2 second(s)

2019-09-27 19:27:19 - [MESSAGE][PASSED] - Delayed 2 second(s)

2019-09-27 19:27:19 - [TEST_STEP][PASSED] - prod_message = getText(findTestObject("Page_cabi Create Order/first_option")): Text of object 'Object Repository/Page_cabi Create Order/first_option' is: ''

2019-09-27 19:27:19 - [MESSAGE][PASSED] - Text of object 'Object Repository/Page_cabi Create Order/first_option' is: ''

2019-09-27 19:27:19 - [TEST_STEP][PASSED] - delay(1): Delayed 1 second(s)

2019-09-27 19:27:20 - [MESSAGE][PASSED] - Delayed 1 second(s)

2019-09-27 19:27:20 - [TEST_STEP][PASSED] - click(findTestObject("Page_cabi Create Order/first_option")): Object: 'Object Repository/Page_cabi Create Order/first_option' is clicked on

2019-09-27 19:27:20 - [MESSAGE][PASSED] - Object: 'Object Repository/Page_cabi Create Order/first_option' is clicked on

2019-09-27 19:27:20 - [TEST_STEP][PASSED] - if (toString().equalsIgnoreCase("no")): null

2019-09-27 19:27:20 - [TEST_STEP][FAILED] - else: for ([row = 1, row <= findTestData("productData").getRowNumbers(), (row++)]) FAILED.
Reason:
Assertion failed: 

assert prod_message.equalsIgnoreCase(expectedStyleDescription)
       |            |                |
       ""           false            3869 Cozy Cowl

	at productVerifyShort.run(productVerifyShort:63)
	at com.kms.katalon.core.main.ScriptEngine.run(ScriptEngine.java:194)
	at com.kms.katalon.core.main.ScriptEngine.runScriptAsRawText(ScriptEngine.java:119)
	at com.kms.katalon.core.main.TestCaseExecutor.runScript(TestCaseExecutor.java:342)
	at com.kms.katalon.core.main.TestCaseExecutor.doExecute(TestCaseExecutor.java:333)
	at com.kms.katalon.core.main.TestCaseExecutor.processExecutionPhase(TestCaseExecutor.java:312)
	at com.kms.katalon.core.main.TestCaseExecutor.accessMainPhase(TestCaseExecutor.java:304)
	at com.kms.katalon.core.main.TestCaseExecutor.execute(TestCaseExecutor.java:238)
	at com.kms.katalon.core.main.TestCaseMain.runTestCase(TestCaseMain.java:114)
	at com.kms.katalon.core.keyword.builtin.CallTestCaseKeyword$_callTestCase_closure1.doCall(CallTestCaseKeyword.groovy:59)
	at com.kms.katalon.core.keyword.builtin.CallTestCaseKeyword$_callTestCase_closure1.call(CallTestCaseKeyword.groovy)
	at com.kms.katalon.core.keyword.internal.KeywordMain.runKeyword(KeywordMain.groovy:66)
	at com.kms.katalon.core.keyword.builtin.CallTestCaseKeyword.callTestCase(CallTestCaseKeyword.groovy:81)
	at com.kms.katalon.core.keyword.builtin.CallTestCaseKeyword.execute(CallTestCaseKeyword.groovy:44)
	at com.kms.katalon.core.keyword.internal.KeywordExecutor.executeKeywordForPlatform(KeywordExecutor.groovy:56)
	at com.kms.katalon.core.keyword.BuiltinKeywords.callTestCase(BuiltinKeywords.groovy:334)
	at CCOrders.run(CCOrders:40)
	at com.kms.katalon.core.main.ScriptEngine.run(ScriptEngine.java:194)
	at com.kms.katalon.core.main.ScriptEngine.runScriptAsRawText(ScriptEngine.java:119)
	at com.kms.katalon.core.main.TestCaseExecutor.runScript(TestCaseExecutor.java:342)
	at com.kms.katalon.core.main.TestCaseExecutor.doExecute(TestCaseExecutor.java:333)
	at com.kms.katalon.core.main.TestCaseExecutor.processExecutionPhase(TestCaseExecutor.java:312)
	at com.kms.katalon.core.main.TestCaseExecutor.accessMainPhase(TestCaseExecutor.java:304)
	at com.kms.katalon.core.main.TestCaseExecutor.execute(TestCaseExecutor.java:238)
	at com.kms.katalon.core.main.TestSuiteExecutor.accessTestCaseMainPhase(TestSuiteExecutor.java:129)
	at com.kms.katalon.core.main.TestSuiteExecutor.accessTestSuiteMainPhase(TestSuiteExecutor.java:112)
	at com.kms.katalon.core.main.TestSuiteExecutor.execute(TestSuiteExecutor.java:81)
	at com.kms.katalon.core.main.TestCaseMain.startTestSuite(TestCaseMain.java:157)
	at com.kms.katalon.core.main.TestCaseMain$startTestSuite$0.call(Unknown Source)
	at TempTestSuite1569591422215.run(TempTestSuite1569591422215.groovy:35)


2019-09-27 19:27:20 - [TEST_STEP][PASSED] - delay(3): Delayed 3 second(s)

2019-09-27 19:27:23 - [MESSAGE][PASSED] - Delayed 3 second(s)

2019-09-27 19:27:23 - [TEST_STEP][PASSED] - s1 = getValue("Style", row).toString(): null

2019-09-27 19:27:23 - [TEST_STEP][PASSED] - s2 = " ": null

2019-09-27 19:27:23 - [TEST_STEP][PASSED] - s3 = getValue("Description", row).toString(): null

2019-09-27 19:27:23 - [TEST_STEP][PASSED] - expectedStyleDescription = $s1$s2$s3: null

2019-09-27 19:27:23 - [TEST_STEP][PASSED] - prod_message = UtilityMethods.splitStyle(prod_message): null

2019-09-27 19:27:23 - [TEST_STEP][PASSED] - println(prod_message): null

2019-09-27 19:27:23 - [TEST_STEP][FAILED] - assert prod_message.equalsIgnoreCase(expectedStyleDescription): for ([row = 1, row <= findTestData("productData").getRowNumbers(), (row++)]) FAILED.
Reason:
Assertion failed: 

assert prod_message.equalsIgnoreCase(expectedStyleDescription)
       |            |                |
       ""           false            3869 Cozy Cowl

	at productVerifyShort.run(productVerifyShort:63)
	at com.kms.katalon.core.main.ScriptEngine.run(ScriptEngine.java:194)
	at com.kms.katalon.core.main.ScriptEngine.runScriptAsRawText(ScriptEngine.java:119)
	at com.kms.katalon.core.main.TestCaseExecutor.runScript(TestCaseExecutor.java:342)
	at com.kms.katalon.core.main.TestCaseExecutor.doExecute(TestCaseExecutor.java:333)
	at com.kms.katalon.core.main.TestCaseExecutor.processExecutionPhase(TestCaseExecutor.java:312)
	at com.kms.katalon.core.main.TestCaseExecutor.accessMainPhase(TestCaseExecutor.java:304)
	at com.kms.katalon.core.main.TestCaseExecutor.execute(TestCaseExecutor.java:238)
	at com.kms.katalon.core.main.TestCaseMain.runTestCase(TestCaseMain.java:114)
	at com.kms.katalon.core.keyword.builtin.CallTestCaseKeyword$_callTestCase_closure1.doCall(CallTestCaseKeyword.groovy:59)
	at com.kms.katalon.core.keyword.builtin.CallTestCaseKeyword$_callTestCase_closure1.call(CallTestCaseKeyword.groovy)
	at com.kms.katalon.core.keyword.internal.KeywordMain.runKeyword(KeywordMain.groovy:66)
	at com.kms.katalon.core.keyword.builtin.CallTestCaseKeyword.callTestCase(CallTestCaseKeyword.groovy:81)
	at com.kms.katalon.core.keyword.builtin.CallTestCaseKeyword.execute(CallTestCaseKeyword.groovy:44)
	at com.kms.katalon.core.keyword.internal.KeywordExecutor.executeKeywordForPlatform(KeywordExecutor.groovy:56)
	at com.kms.katalon.core.keyword.BuiltinKeywords.callTestCase(BuiltinKeywords.groovy:334)
	at CCOrders.run(CCOrders:40)
	at com.kms.katalon.core.main.ScriptEngine.run(ScriptEngine.java:194)
	at com.kms.katalon.core.main.ScriptEngine.runScriptAsRawText(ScriptEngine.java:119)
	at com.kms.katalon.core.main.TestCaseExecutor.runScript(TestCaseExecutor.java:342)
	at com.kms.katalon.core.main.TestCaseExecutor.doExecute(TestCaseExecutor.java:333)
	at com.kms.katalon.core.main.TestCaseExecutor.processExecutionPhase(TestCaseExecutor.java:312)
	at com.kms.katalon.core.main.TestCaseExecutor.accessMainPhase(TestCaseExecutor.java:304)
	at com.kms.katalon.core.main.TestCaseExecutor.execute(TestCaseExecutor.java:238)
	at com.kms.katalon.core.main.TestSuiteExecutor.accessTestCaseMainPhase(TestSuiteExecutor.java:129)
	at com.kms.katalon.core.main.TestSuiteExecutor.accessTestSuiteMainPhase(TestSuiteExecutor.java:112)
	at com.kms.katalon.core.main.TestSuiteExecutor.execute(TestSuiteExecutor.java:81)
	at com.kms.katalon.core.main.TestCaseMain.startTestSuite(TestCaseMain.java:157)
	at com.kms.katalon.core.main.TestCaseMain$startTestSuite$0.call(Unknown Source)
	at TempTestSuite1569591422215.run(TempTestSuite1569591422215.groovy:35)


2019-09-27 19:27:23 - [MESSAGE][FAILED] - for ([row = 1, row <= findTestData("productData").getRowNumbers(), (row++)]) FAILED.
Reason:
Assertion failed: 

assert prod_message.equalsIgnoreCase(expectedStyleDescription)
       |            |                |
       ""           false            3869 Cozy Cowl

	at productVerifyShort.run(productVerifyShort:63)
	at com.kms.katalon.core.main.ScriptEngine.run(ScriptEngine.java:194)
	at com.kms.katalon.core.main.ScriptEngine.runScriptAsRawText(ScriptEngine.java:119)
	at com.kms.katalon.core.main.TestCaseExecutor.runScript(TestCaseExecutor.java:342)
	at com.kms.katalon.core.main.TestCaseExecutor.doExecute(TestCaseExecutor.java:333)
	at com.kms.katalon.core.main.TestCaseExecutor.processExecutionPhase(TestCaseExecutor.java:312)
	at com.kms.katalon.core.main.TestCaseExecutor.accessMainPhase(TestCaseExecutor.java:304)
	at com.kms.katalon.core.main.TestCaseExecutor.execute(TestCaseExecutor.java:238)
	at com.kms.katalon.core.main.TestCaseMain.runTestCase(TestCaseMain.java:114)
	at com.kms.katalon.core.keyword.builtin.CallTestCaseKeyword$_callTestCase_closure1.doCall(CallTestCaseKeyword.groovy:59)
	at com.kms.katalon.core.keyword.builtin.CallTestCaseKeyword$_callTestCase_closure1.call(CallTestCaseKeyword.groovy)
	at com.kms.katalon.core.keyword.internal.KeywordMain.runKeyword(KeywordMain.groovy:66)
	at com.kms.katalon.core.keyword.builtin.CallTestCaseKeyword.callTestCase(CallTestCaseKeyword.groovy:81)
	at com.kms.katalon.core.keyword.builtin.CallTestCaseKeyword.execute(CallTestCaseKeyword.groovy:44)
	at com.kms.katalon.core.keyword.internal.KeywordExecutor.executeKeywordForPlatform(KeywordExecutor.groovy:56)
	at com.kms.katalon.core.keyword.BuiltinKeywords.callTestCase(BuiltinKeywords.groovy:334)
	at CCOrders.run(CCOrders:40)
	at com.kms.katalon.core.main.ScriptEngine.run(ScriptEngine.java:194)
	at com.kms.katalon.core.main.ScriptEngine.runScriptAsRawText(ScriptEngine.java:119)
	at com.kms.katalon.core.main.TestCaseExecutor.runScript(TestCaseExecutor.java:342)
	at com.kms.katalon.core.main.TestCaseExecutor.doExecute(TestCaseExecutor.java:333)
	at com.kms.katalon.core.main.TestCaseExecutor.processExecutionPhase(TestCaseExecutor.java:312)
	at com.kms.katalon.core.main.TestCaseExecutor.accessMainPhase(TestCaseExecutor.java:304)
	at com.kms.katalon.core.main.TestCaseExecutor.execute(TestCaseExecutor.java:238)
	at com.kms.katalon.core.main.TestSuiteExecutor.accessTestCaseMainPhase(TestSuiteExecutor.java:129)
	at com.kms.katalon.core.main.TestSuiteExecutor.accessTestSuiteMainPhase(TestSuiteExecutor.java:112)
	at com.kms.katalon.core.main.TestSuiteExecutor.execute(TestSuiteExecutor.java:81)
	at com.kms.katalon.core.main.TestCaseMain.startTestSuite(TestCaseMain.java:157)
	at com.kms.katalon.core.main.TestCaseMain$startTestSuite$0.call(Unknown Source)
	at TempTestSuite1569591422215.run(TempTestSuite1569591422215.groovy:35)


2019-09-27 19:27:23 - [MESSAGE][FAILED] - Unable to call Test Case 'Test Cases/NewArrival/productVerifyShort' (Root cause: com.kms.katalon.core.exception.StepFailedException: Call Test Case 'Test Cases/NewArrival/productVerifyShort' failed
	at com.kms.katalon.core.keyword.builtin.CallTestCaseKeyword$_callTestCase_closure1.doCall(CallTestCaseKeyword.groovy:63)
	at com.kms.katalon.core.keyword.builtin.CallTestCaseKeyword$_callTestCase_closure1.call(CallTestCaseKeyword.groovy)
	at com.kms.katalon.core.keyword.internal.KeywordMain.runKeyword(KeywordMain.groovy:66)
	at com.kms.katalon.core.keyword.builtin.CallTestCaseKeyword.callTestCase(CallTestCaseKeyword.groovy:81)
	at com.kms.katalon.core.keyword.builtin.CallTestCaseKeyword.execute(CallTestCaseKeyword.groovy:44)
	at com.kms.katalon.core.keyword.internal.KeywordExecutor.executeKeywordForPlatform(KeywordExecutor.groovy:56)
	at com.kms.katalon.core.keyword.BuiltinKeywords.callTestCase(BuiltinKeywords.groovy:334)
	at CCOrders.run(CCOrders:40)
	at com.kms.katalon.core.main.ScriptEngine.run(ScriptEngine.java:194)
	at com.kms.katalon.core.main.ScriptEngine.runScriptAsRawText(ScriptEngine.java:119)
	at com.kms.katalon.core.main.TestCaseExecutor.runScript(TestCaseExecutor.java:342)
	at com.kms.katalon.core.main.TestCaseExecutor.doExecute(TestCaseExecutor.java:333)
	at com.kms.katalon.core.main.TestCaseExecutor.processExecutionPhase(TestCaseExecutor.java:312)
	at com.kms.katalon.core.main.TestCaseExecutor.accessMainPhase(TestCaseExecutor.java:304)
	at com.kms.katalon.core.main.TestCaseExecutor.execute(TestCaseExecutor.java:238)
	at com.kms.katalon.core.main.TestSuiteExecutor.accessTestCaseMainPhase(TestSuiteExecutor.java:129)
	at com.kms.katalon.core.main.TestSuiteExecutor.accessTestSuiteMainPhase(TestSuiteExecutor.java:112)
	at com.kms.katalon.core.main.TestSuiteExecutor.execute(TestSuiteExecutor.java:81)
	at com.kms.katalon.core.main.TestCaseMain.startTestSuite(TestCaseMain.java:157)
	at com.kms.katalon.core.main.TestCaseMain$startTestSuite$0.call(Unknown Source)
	at TempTestSuite1569591422215.run(TempTestSuite1569591422215.groovy:35)
Caused by: Assertion failed: 

assert prod_message.equalsIgnoreCase(expectedStyleDescription)
       |            |                |
       ""           false            3869 Cozy Cowl

	at productVerifyShort.run(productVerifyShort:63)
	at com.kms.katalon.core.main.ScriptEngine.run(ScriptEngine.java:194)
	at com.kms.katalon.core.main.ScriptEngine.runScriptAsRawText(ScriptEngine.java:119)
	at com.kms.katalon.core.main.TestCaseExecutor.runScript(TestCaseExecutor.java:342)
	at com.kms.katalon.core.main.TestCaseExecutor.doExecute(TestCaseExecutor.java:333)
	at com.kms.katalon.core.main.TestCaseExecutor.processExecutionPhase(TestCaseExecutor.java:312)
	at com.kms.katalon.core.main.TestCaseExecutor.accessMainPhase(TestCaseExecutor.java:304)
	at com.kms.katalon.core.main.TestCaseExecutor.execute(TestCaseExecutor.java:238)
	at com.kms.katalon.core.main.TestCaseMain.runTestCase(TestCaseMain.java:114)
	at com.kms.katalon.core.keyword.builtin.CallTestCaseKeyword$_callTestCase_closure1.doCall(CallTestCaseKeyword.groovy:59)
	... 20 more
)

2019-09-27 19:27:23 - [TEST_STEP][PASSED] - click(findTestObject("Page_cabi Find Order/a_Create Order")): Object: 'Object Repository/Page_cabi Find Order/a_Create Order' is clicked on

2019-09-27 19:27:24 - [MESSAGE][PASSED] - Object: 'Object Repository/Page_cabi Find Order/a_Create Order' is clicked on

2019-09-27 19:27:24 - [TEST_STEP][PASSED] - selectOptionByValue(findTestObject("Page_cabi Create Order/select_order_type"), "RETAIL", true): All options with value 'RETAIL' are selected in object 'Object Repository/Page_cabi Create Order/select_order_type'  using regular expression

2019-09-27 19:27:24 - [MESSAGE][PASSED] - All options with value 'RETAIL' are selected in object 'Object Repository/Page_cabi Create Order/select_order_type'  using regular expression

2019-09-27 19:27:24 - [TEST_STEP][PASSED] - click(findTestObject("Page_cabi Create Order/input_select_order_type")): Object: 'Object Repository/Page_cabi Create Order/input_select_order_type' is clicked on

2019-09-27 19:27:28 - [MESSAGE][PASSED] - Object: 'Object Repository/Page_cabi Create Order/input_select_order_type' is clicked on

2019-09-27 19:27:28 - [TEST_STEP][FAILED] - callTestCase(findTestCase("NewArrival/productVerifyShort"), ["available":CCRetail], CONTINUE_ON_FAILURE): Unable to call Test Case 'Test Cases/NewArrival/productVerifyShort' (Root cause: com.kms.katalon.core.exception.StepFailedException: Call Test Case 'Test Cases/NewArrival/productVerifyShort' failed
	at com.kms.katalon.core.keyword.builtin.CallTestCaseKeyword$_callTestCase_closure1.doCall(CallTestCaseKeyword.groovy:63)
	at com.kms.katalon.core.keyword.builtin.CallTestCaseKeyword$_callTestCase_closure1.call(CallTestCaseKeyword.groovy)
	at com.kms.katalon.core.keyword.internal.KeywordMain.runKeyword(KeywordMain.groovy:66)
	at com.kms.katalon.core.keyword.builtin.CallTestCaseKeyword.callTestCase(CallTestCaseKeyword.groovy:81)
	at com.kms.katalon.core.keyword.builtin.CallTestCaseKeyword.execute(CallTestCaseKeyword.groovy:44)
	at com.kms.katalon.core.keyword.internal.KeywordExecutor.executeKeywordForPlatform(KeywordExecutor.groovy:56)
	at com.kms.katalon.core.keyword.BuiltinKeywords.callTestCase(BuiltinKeywords.groovy:334)
	at CCOrders.run(CCOrders:50)
	at com.kms.katalon.core.main.ScriptEngine.run(ScriptEngine.java:194)
	at com.kms.katalon.core.main.ScriptEngine.runScriptAsRawText(ScriptEngine.java:119)
	at com.kms.katalon.core.main.TestCaseExecutor.runScript(TestCaseExecutor.java:342)
	at com.kms.katalon.core.main.TestCaseExecutor.doExecute(TestCaseExecutor.java:333)
	at com.kms.katalon.core.main.TestCaseExecutor.processExecutionPhase(TestCaseExecutor.java:312)
	at com.kms.katalon.core.main.TestCaseExecutor.accessMainPhase(TestCaseExecutor.java:304)
	at com.kms.katalon.core.main.TestCaseExecutor.execute(TestCaseExecutor.java:238)
	at com.kms.katalon.core.main.TestSuiteExecutor.accessTestCaseMainPhase(TestSuiteExecutor.java:129)
	at com.kms.katalon.core.main.TestSuiteExecutor.accessTestSuiteMainPhase(TestSuiteExecutor.java:112)
	at com.kms.katalon.core.main.TestSuiteExecutor.execute(TestSuiteExecutor.java:81)
	at com.kms.katalon.core.main.TestCaseMain.startTestSuite(TestCaseMain.java:157)
	at com.kms.katalon.core.main.TestCaseMain$startTestSuite$0.call(Unknown Source)
	at TempTestSuite1569591422215.run(TempTestSuite1569591422215.groovy:35)
Caused by: Assertion failed: 

assert prod_message.equalsIgnoreCase(expectedStyleDescription)
       |            |                |
       ""           false            3869 Cozy Cowl

	at productVerifyShort.run(productVerifyShort:63)
	at com.kms.katalon.core.main.ScriptEngine.run(ScriptEngine.java:194)
	at com.kms.katalon.core.main.ScriptEngine.runScriptAsRawText(ScriptEngine.java:119)
	at com.kms.katalon.core.main.TestCaseExecutor.runScript(TestCaseExecutor.java:342)
	at com.kms.katalon.core.main.TestCaseExecutor.doExecute(TestCaseExecutor.java:333)
	at com.kms.katalon.core.main.TestCaseExecutor.processExecutionPhase(TestCaseExecutor.java:312)
	at com.kms.katalon.core.main.TestCaseExecutor.accessMainPhase(TestCaseExecutor.java:304)
	at com.kms.katalon.core.main.TestCaseExecutor.execute(TestCaseExecutor.java:238)
	at com.kms.katalon.core.main.TestCaseMain.runTestCase(TestCaseMain.java:114)
	at com.kms.katalon.core.keyword.builtin.CallTestCaseKeyword$_callTestCase_closure1.doCall(CallTestCaseKeyword.groovy:59)
	... 20 more
)

2019-09-27 19:27:28 - [TEST_CASE][FAILED] - Test Cases/NewArrival/productVerifyShort: Test Cases/NewArrival/productVerifyShort FAILED.
Reason:
Assertion failed: 

assert prod_message.equalsIgnoreCase(expectedStyleDescription)
       |            |                |
       ""           false            3869 Cozy Cowl

	at productVerifyShort.run(productVerifyShort:63)
	at com.kms.katalon.core.main.ScriptEngine.run(ScriptEngine.java:194)
	at com.kms.katalon.core.main.ScriptEngine.runScriptAsRawText(ScriptEngine.java:119)
	at com.kms.katalon.core.main.TestCaseExecutor.runScript(TestCaseExecutor.java:342)
	at com.kms.katalon.core.main.TestCaseExecutor.doExecute(TestCaseExecutor.java:333)
	at com.kms.katalon.core.main.TestCaseExecutor.processExecutionPhase(TestCaseExecutor.java:312)
	at com.kms.katalon.core.main.TestCaseExecutor.accessMainPhase(TestCaseExecutor.java:304)
	at com.kms.katalon.core.main.TestCaseExecutor.execute(TestCaseExecutor.java:238)
	at com.kms.katalon.core.main.TestCaseMain.runTestCase(TestCaseMain.java:114)
	at com.kms.katalon.core.keyword.builtin.CallTestCaseKeyword$_callTestCase_closure1.doCall(CallTestCaseKeyword.groovy:59)
	at com.kms.katalon.core.keyword.builtin.CallTestCaseKeyword$_callTestCase_closure1.call(CallTestCaseKeyword.groovy)
	at com.kms.katalon.core.keyword.internal.KeywordMain.runKeyword(KeywordMain.groovy:66)
	at com.kms.katalon.core.keyword.builtin.CallTestCaseKeyword.callTestCase(CallTestCaseKeyword.groovy:81)
	at com.kms.katalon.core.keyword.builtin.CallTestCaseKeyword.execute(CallTestCaseKeyword.groovy:44)
	at com.kms.katalon.core.keyword.internal.KeywordExecutor.executeKeywordForPlatform(KeywordExecutor.groovy:56)
	at com.kms.katalon.core.keyword.BuiltinKeywords.callTestCase(BuiltinKeywords.groovy:334)
	at CCOrders.run(CCOrders:50)
	at com.kms.katalon.core.main.ScriptEngine.run(ScriptEngine.java:194)
	at com.kms.katalon.core.main.ScriptEngine.runScriptAsRawText(ScriptEngine.java:119)
	at com.kms.katalon.core.main.TestCaseExecutor.runScript(TestCaseExecutor.java:342)
	at com.kms.katalon.core.main.TestCaseExecutor.doExecute(TestCaseExecutor.java:333)
	at com.kms.katalon.core.main.TestCaseExecutor.processExecutionPhase(TestCaseExecutor.java:312)
	at com.kms.katalon.core.main.TestCaseExecutor.accessMainPhase(TestCaseExecutor.java:304)
	at com.kms.katalon.core.main.TestCaseExecutor.execute(TestCaseExecutor.java:238)
	at com.kms.katalon.core.main.TestSuiteExecutor.accessTestCaseMainPhase(TestSuiteExecutor.java:129)
	at com.kms.katalon.core.main.TestSuiteExecutor.accessTestSuiteMainPhase(TestSuiteExecutor.java:112)
	at com.kms.katalon.core.main.TestSuiteExecutor.execute(TestSuiteExecutor.java:81)
	at com.kms.katalon.core.main.TestCaseMain.startTestSuite(TestCaseMain.java:157)
	at com.kms.katalon.core.main.TestCaseMain$startTestSuite$0.call(Unknown Source)
	at TempTestSuite1569591422215.run(TempTestSuite1569591422215.groovy:35)


2019-09-27 19:27:28 - [TEST_STEP][FAILED] - for ([row = 1, row <= findTestData("productData").getRowNumbers(), (row++)]): for ([row = 1, row <= findTestData("productData").getRowNumbers(), (row++)]) FAILED.
Reason:
Assertion failed: 

assert prod_message.equalsIgnoreCase(expectedStyleDescription)
       |            |                |
       ""           false            3869 Cozy Cowl

	at productVerifyShort.run(productVerifyShort:63)
	at com.kms.katalon.core.main.ScriptEngine.run(ScriptEngine.java:194)
	at com.kms.katalon.core.main.ScriptEngine.runScriptAsRawText(ScriptEngine.java:119)
	at com.kms.katalon.core.main.TestCaseExecutor.runScript(TestCaseExecutor.java:342)
	at com.kms.katalon.core.main.TestCaseExecutor.doExecute(TestCaseExecutor.java:333)
	at com.kms.katalon.core.main.TestCaseExecutor.processExecutionPhase(TestCaseExecutor.java:312)
	at com.kms.katalon.core.main.TestCaseExecutor.accessMainPhase(TestCaseExecutor.java:304)
	at com.kms.katalon.core.main.TestCaseExecutor.execute(TestCaseExecutor.java:238)
	at com.kms.katalon.core.main.TestCaseMain.runTestCase(TestCaseMain.java:114)
	at com.kms.katalon.core.keyword.builtin.CallTestCaseKeyword$_callTestCase_closure1.doCall(CallTestCaseKeyword.groovy:59)
	at com.kms.katalon.core.keyword.builtin.CallTestCaseKeyword$_callTestCase_closure1.call(CallTestCaseKeyword.groovy)
	at com.kms.katalon.core.keyword.internal.KeywordMain.runKeyword(KeywordMain.groovy:66)
	at com.kms.katalon.core.keyword.builtin.CallTestCaseKeyword.callTestCase(CallTestCaseKeyword.groovy:81)
	at com.kms.katalon.core.keyword.builtin.CallTestCaseKeyword.execute(CallTestCaseKeyword.groovy:44)
	at com.kms.katalon.core.keyword.internal.KeywordExecutor.executeKeywordForPlatform(KeywordExecutor.groovy:56)
	at com.kms.katalon.core.keyword.BuiltinKeywords.callTestCase(BuiltinKeywords.groovy:334)
	at CCOrders.run(CCOrders:50)
	at com.kms.katalon.core.main.ScriptEngine.run(ScriptEngine.java:194)
	at com.kms.katalon.core.main.ScriptEngine.runScriptAsRawText(ScriptEngine.java:119)
	at com.kms.katalon.core.main.TestCaseExecutor.runScript(TestCaseExecutor.java:342)
	at com.kms.katalon.core.main.TestCaseExecutor.doExecute(TestCaseExecutor.java:333)
	at com.kms.katalon.core.main.TestCaseExecutor.processExecutionPhase(TestCaseExecutor.java:312)
	at com.kms.katalon.core.main.TestCaseExecutor.accessMainPhase(TestCaseExecutor.java:304)
	at com.kms.katalon.core.main.TestCaseExecutor.execute(TestCaseExecutor.java:238)
	at com.kms.katalon.core.main.TestSuiteExecutor.accessTestCaseMainPhase(TestSuiteExecutor.java:129)
	at com.kms.katalon.core.main.TestSuiteExecutor.accessTestSuiteMainPhase(TestSuiteExecutor.java:112)
	at com.kms.katalon.core.main.TestSuiteExecutor.execute(TestSuiteExecutor.java:81)
	at com.kms.katalon.core.main.TestCaseMain.startTestSuite(TestCaseMain.java:157)
	at com.kms.katalon.core.main.TestCaseMain$startTestSuite$0.call(Unknown Source)
	at TempTestSuite1569591422215.run(TempTestSuite1569591422215.groovy:35)


2019-09-27 19:27:28 - [TEST_STEP][PASSED] - delay(2): Delayed 2 second(s)

2019-09-27 19:27:30 - [MESSAGE][PASSED] - Delayed 2 second(s)

2019-09-27 19:27:30 - [TEST_STEP][PASSED] - setText(findTestObject("Object Repository/Page_cabi Create Order/input_Manual Discount_stylelookup_0"), findTestData("productData").getValue("Style", row)): Text '3875' is set on object 'Object Repository/Page_cabi Create Order/input_Manual Discount_stylelookup_0'

2019-09-27 19:27:30 - [MESSAGE][PASSED] - Text '3875' is set on object 'Object Repository/Page_cabi Create Order/input_Manual Discount_stylelookup_0'

2019-09-27 19:27:30 - [TEST_STEP][PASSED] - delay(2): Delayed 2 second(s)

2019-09-27 19:27:32 - [MESSAGE][PASSED] - Delayed 2 second(s)

2019-09-27 19:27:32 - [TEST_STEP][PASSED] - prod_message = getText(findTestObject("Page_cabi Create Order/first_option")): Text of object 'Object Repository/Page_cabi Create Order/first_option' is: '3875 Decked Out Dress'

2019-09-27 19:27:32 - [MESSAGE][PASSED] - Text of object 'Object Repository/Page_cabi Create Order/first_option' is: '3875 Decked Out Dress'

2019-09-27 19:27:32 - [TEST_STEP][PASSED] - delay(1): Delayed 1 second(s)

2019-09-27 19:27:33 - [MESSAGE][PASSED] - Delayed 1 second(s)

2019-09-27 19:27:33 - [TEST_STEP][PASSED] - click(findTestObject("Page_cabi Create Order/first_option")): Object: 'Object Repository/Page_cabi Create Order/first_option' is clicked on

2019-09-27 19:27:33 - [MESSAGE][PASSED] - Object: 'Object Repository/Page_cabi Create Order/first_option' is clicked on

2019-09-27 19:27:33 - [TEST_STEP][PASSED] - if (toString().equalsIgnoreCase("no")): null

2019-09-27 19:27:33 - [TEST_STEP][PASSED] - else: Delayed 3 second(s)

2019-09-27 19:27:33 - [TEST_STEP][PASSED] - delay(3): Delayed 3 second(s)

2019-09-27 19:27:36 - [MESSAGE][PASSED] - Delayed 3 second(s)

2019-09-27 19:27:36 - [TEST_STEP][PASSED] - s1 = getValue("Style", row).toString(): null

2019-09-27 19:27:36 - [TEST_STEP][PASSED] - s2 = " ": null

2019-09-27 19:27:36 - [TEST_STEP][PASSED] - s3 = getValue("Description", row).toString(): null

2019-09-27 19:27:36 - [TEST_STEP][PASSED] - expectedStyleDescription = $s1$s2$s3: null

2019-09-27 19:27:36 - [TEST_STEP][PASSED] - prod_message = UtilityMethods.splitStyle(prod_message): null

2019-09-27 19:27:36 - [TEST_STEP][PASSED] - println(prod_message): null

2019-09-27 19:27:36 - [TEST_STEP][PASSED] - assert prod_message.equalsIgnoreCase(expectedStyleDescription): null

2019-09-27 19:27:36 - [TEST_STEP][PASSED] - delay(3): Delayed 3 second(s)

2019-09-27 19:27:39 - [MESSAGE][PASSED] - Delayed 3 second(s)

2019-09-27 19:27:39 - [TEST_STEP][PASSED] - colorOptions = findWebElements(findTestObject("Page_cabi Order Items/GetAttribute_Color"), 5): null

2019-09-27 19:27:39 - [TEST_STEP][PASSED] - println(colorOptions.size()): null

2019-09-27 19:27:39 - [TEST_STEP][PASSED] - expectedColour = findTestData("productData").getValue("Color", row): null

2019-09-27 19:27:39 - [TEST_STEP][PASSED] - println("expected colour is"): null

2019-09-27 19:27:39 - [TEST_STEP][PASSED] - println(expectedColour): null

2019-09-27 19:27:39 - [TEST_STEP][PASSED] - colourVerified = false: null

2019-09-27 19:27:39 - [TEST_STEP][PASSED] - for (org.openqa.selenium.WebElement op : colorOptions): null

2019-09-27 19:27:39 - [TEST_STEP][PASSED] - println(op.getText()): null

2019-09-27 19:27:39 - [TEST_STEP][PASSED] - if (expectedColour.equalsIgnoreCase(op.getText())): null

2019-09-27 19:27:39 - [TEST_STEP][PASSED] - colourVerified = true: null

2019-09-27 19:27:39 - [TEST_STEP][PASSED] - break: null

2019-09-27 19:27:39 - [TEST_STEP][PASSED] - assert colourVerified == true: null

2019-09-27 19:27:39 - [TEST_STEP][PASSED] - getPrice = getText(findTestObject("Page_cabi Create Order/retail_price")): Text of object 'Object Repository/Page_cabi Create Order/retail_price' is: '$159.00'

2019-09-27 19:27:39 - [MESSAGE][PASSED] - Text of object 'Object Repository/Page_cabi Create Order/retail_price' is: '$159.00'

2019-09-27 19:27:39 - [TEST_STEP][PASSED] - Split_Data = UtilityMethods.SplitData(getPrice): null

2019-09-27 19:27:39 - [TEST_STEP][PASSED] - verifyMatch(Split_Data, findTestData("productData").getValue("Retail", row), true, CONTINUE_ON_FAILURE): Actual text '159' and expected text '159' are matched  using regular expression

2019-09-27 19:27:39 - [MESSAGE][PASSED] - Actual text '159' and expected text '159' are matched  using regular expression

2019-09-27 19:27:39 - [TEST_STEP][PASSED] - sizeRange1 = ["XXS", "XS", "S", "M", "L", "XL"]: null

2019-09-27 19:27:39 - [TEST_STEP][PASSED] - sizeRange2 = ["00", "0", "2", "4", "6", "8", "10", "12", "14", "16"]: null

2019-09-27 19:27:39 - [TEST_STEP][PASSED] - sizeRange3 = ["Long", "Regular", "Short"]: null

2019-09-27 19:27:39 - [TEST_STEP][PASSED] - sizeRange4 = ["5", "6", "6.5", "7", "7.5", "8", "8.5", "9", "9.5", "10", "11"]: null

2019-09-27 19:27:39 - [TEST_STEP][PASSED] - sizeRangeSplit = UtilityMethods.SplitSizes(findTestData("productData").getValue("SzRange", row)): null

2019-09-27 19:27:39 - [TEST_STEP][PASSED] - sizeType = getText(findTestObject("Object Repository/Page_cabi Order Items/Size")): Text of object 'Object Repository/Page_cabi Order Items/Size' is: 'Select'

2019-09-27 19:27:40 - [MESSAGE][PASSED] - Text of object 'Object Repository/Page_cabi Order Items/Size' is: 'Select'

2019-09-27 19:27:40 - [TEST_STEP][PASSED] - sizeOptions = findWebElements(findTestObject("Object Repository/Page_cabi Order Items/Size"), 5): null

2019-09-27 19:27:40 - [TEST_STEP][PASSED] - actualRange = new java.util.ArrayList(): null

2019-09-27 19:27:40 - [TEST_STEP][PASSED] - expectedRange = <not implemented yet for class: org.codehaus.groovy.ast.expr.EmptyExpression>: null

2019-09-27 19:27:40 - [TEST_STEP][PASSED] - if (sizeType.equalsIgnoreCase("Select")): null

2019-09-27 19:27:40 - [TEST_STEP][PASSED] - for ([i = 1, i < sizeOptions.size(), (i++)]): null

2019-09-27 19:27:40 - [TEST_STEP][PASSED] - actualRange.add(get(i).getAttribute("value")): null

2019-09-27 19:27:40 - [TEST_STEP][PASSED] - actualRange.add(get(i).getAttribute("value")): null

2019-09-27 19:27:40 - [TEST_STEP][PASSED] - actualRange.add(get(i).getAttribute("value")): null

2019-09-27 19:27:40 - [TEST_STEP][PASSED] - actualRange.add(get(i).getAttribute("value")): null

2019-09-27 19:27:40 - [TEST_STEP][PASSED] - actualRange.add(get(i).getAttribute("value")): null

2019-09-27 19:27:40 - [TEST_STEP][PASSED] - if (toString().equalsIgnoreCase("XS") || toString().equalsIgnoreCase("XXS")): null

2019-09-27 19:27:40 - [TEST_STEP][PASSED] - expectedRange = UtilityMethods.getExpectedRange(sizeRange1, sizeRangeSplit): null

2019-09-27 19:27:40 - [TEST_STEP][PASSED] - println("XS"): null

2019-09-27 19:27:40 - [TEST_STEP][PASSED] - println(expectedRange.toString()): null

2019-09-27 19:27:40 - [TEST_STEP][PASSED] - assert UtilityMethods.listEquals(expectedRange, actualRange) == true: null

2019-09-27 19:27:40 - [TEST_STEP][PASSED] - delay(3): Delayed 3 second(s)

2019-09-27 19:27:43 - [MESSAGE][PASSED] - Delayed 3 second(s)

2019-09-27 19:27:43 - [TEST_STEP][PASSED] - delay(2): Delayed 2 second(s)

2019-09-27 19:27:45 - [MESSAGE][PASSED] - Delayed 2 second(s)

2019-09-27 19:27:45 - [TEST_STEP][PASSED] - setText(findTestObject("Object Repository/Page_cabi Create Order/input_Manual Discount_stylelookup_0"), findTestData("productData").getValue("Style", row)): Text '3869' is set on object 'Object Repository/Page_cabi Create Order/input_Manual Discount_stylelookup_0'

2019-09-27 19:27:45 - [MESSAGE][PASSED] - Text '3869' is set on object 'Object Repository/Page_cabi Create Order/input_Manual Discount_stylelookup_0'

2019-09-27 19:27:45 - [TEST_STEP][PASSED] - delay(2): Delayed 2 second(s)

2019-09-27 19:27:47 - [MESSAGE][PASSED] - Delayed 2 second(s)

2019-09-27 19:27:47 - [TEST_STEP][PASSED] - prod_message = getText(findTestObject("Page_cabi Create Order/first_option")): Text of object 'Object Repository/Page_cabi Create Order/first_option' is: ''

2019-09-27 19:27:47 - [MESSAGE][PASSED] - Text of object 'Object Repository/Page_cabi Create Order/first_option' is: ''

2019-09-27 19:27:47 - [TEST_STEP][PASSED] - delay(1): Delayed 1 second(s)

2019-09-27 19:27:48 - [MESSAGE][PASSED] - Delayed 1 second(s)

2019-09-27 19:27:48 - [TEST_STEP][PASSED] - click(findTestObject("Page_cabi Create Order/first_option")): Object: 'Object Repository/Page_cabi Create Order/first_option' is clicked on

2019-09-27 19:27:48 - [MESSAGE][PASSED] - Object: 'Object Repository/Page_cabi Create Order/first_option' is clicked on

2019-09-27 19:27:48 - [TEST_STEP][PASSED] - if (toString().equalsIgnoreCase("no")): null

2019-09-27 19:27:48 - [TEST_STEP][FAILED] - else: for ([row = 1, row <= findTestData("productData").getRowNumbers(), (row++)]) FAILED.
Reason:
Assertion failed: 

assert prod_message.equalsIgnoreCase(expectedStyleDescription)
       |            |                |
       ""           false            3869 Cozy Cowl

	at productVerifyShort.run(productVerifyShort:63)
	at com.kms.katalon.core.main.ScriptEngine.run(ScriptEngine.java:194)
	at com.kms.katalon.core.main.ScriptEngine.runScriptAsRawText(ScriptEngine.java:119)
	at com.kms.katalon.core.main.TestCaseExecutor.runScript(TestCaseExecutor.java:342)
	at com.kms.katalon.core.main.TestCaseExecutor.doExecute(TestCaseExecutor.java:333)
	at com.kms.katalon.core.main.TestCaseExecutor.processExecutionPhase(TestCaseExecutor.java:312)
	at com.kms.katalon.core.main.TestCaseExecutor.accessMainPhase(TestCaseExecutor.java:304)
	at com.kms.katalon.core.main.TestCaseExecutor.execute(TestCaseExecutor.java:238)
	at com.kms.katalon.core.main.TestCaseMain.runTestCase(TestCaseMain.java:114)
	at com.kms.katalon.core.keyword.builtin.CallTestCaseKeyword$_callTestCase_closure1.doCall(CallTestCaseKeyword.groovy:59)
	at com.kms.katalon.core.keyword.builtin.CallTestCaseKeyword$_callTestCase_closure1.call(CallTestCaseKeyword.groovy)
	at com.kms.katalon.core.keyword.internal.KeywordMain.runKeyword(KeywordMain.groovy:66)
	at com.kms.katalon.core.keyword.builtin.CallTestCaseKeyword.callTestCase(CallTestCaseKeyword.groovy:81)
	at com.kms.katalon.core.keyword.builtin.CallTestCaseKeyword.execute(CallTestCaseKeyword.groovy:44)
	at com.kms.katalon.core.keyword.internal.KeywordExecutor.executeKeywordForPlatform(KeywordExecutor.groovy:56)
	at com.kms.katalon.core.keyword.BuiltinKeywords.callTestCase(BuiltinKeywords.groovy:334)
	at CCOrders.run(CCOrders:50)
	at com.kms.katalon.core.main.ScriptEngine.run(ScriptEngine.java:194)
	at com.kms.katalon.core.main.ScriptEngine.runScriptAsRawText(ScriptEngine.java:119)
	at com.kms.katalon.core.main.TestCaseExecutor.runScript(TestCaseExecutor.java:342)
	at com.kms.katalon.core.main.TestCaseExecutor.doExecute(TestCaseExecutor.java:333)
	at com.kms.katalon.core.main.TestCaseExecutor.processExecutionPhase(TestCaseExecutor.java:312)
	at com.kms.katalon.core.main.TestCaseExecutor.accessMainPhase(TestCaseExecutor.java:304)
	at com.kms.katalon.core.main.TestCaseExecutor.execute(TestCaseExecutor.java:238)
	at com.kms.katalon.core.main.TestSuiteExecutor.accessTestCaseMainPhase(TestSuiteExecutor.java:129)
	at com.kms.katalon.core.main.TestSuiteExecutor.accessTestSuiteMainPhase(TestSuiteExecutor.java:112)
	at com.kms.katalon.core.main.TestSuiteExecutor.execute(TestSuiteExecutor.java:81)
	at com.kms.katalon.core.main.TestCaseMain.startTestSuite(TestCaseMain.java:157)
	at com.kms.katalon.core.main.TestCaseMain$startTestSuite$0.call(Unknown Source)
	at TempTestSuite1569591422215.run(TempTestSuite1569591422215.groovy:35)


2019-09-27 19:27:48 - [TEST_STEP][PASSED] - delay(3): Delayed 3 second(s)

2019-09-27 19:27:51 - [MESSAGE][PASSED] - Delayed 3 second(s)

2019-09-27 19:27:51 - [TEST_STEP][PASSED] - s1 = getValue("Style", row).toString(): null

2019-09-27 19:27:51 - [TEST_STEP][PASSED] - s2 = " ": null

2019-09-27 19:27:51 - [TEST_STEP][PASSED] - s3 = getValue("Description", row).toString(): null

2019-09-27 19:27:51 - [TEST_STEP][PASSED] - expectedStyleDescription = $s1$s2$s3: null

2019-09-27 19:27:51 - [TEST_STEP][PASSED] - prod_message = UtilityMethods.splitStyle(prod_message): null

2019-09-27 19:27:51 - [TEST_STEP][PASSED] - println(prod_message): null

2019-09-27 19:27:51 - [TEST_STEP][FAILED] - assert prod_message.equalsIgnoreCase(expectedStyleDescription): for ([row = 1, row <= findTestData("productData").getRowNumbers(), (row++)]) FAILED.
Reason:
Assertion failed: 

assert prod_message.equalsIgnoreCase(expectedStyleDescription)
       |            |                |
       ""           false            3869 Cozy Cowl

	at productVerifyShort.run(productVerifyShort:63)
	at com.kms.katalon.core.main.ScriptEngine.run(ScriptEngine.java:194)
	at com.kms.katalon.core.main.ScriptEngine.runScriptAsRawText(ScriptEngine.java:119)
	at com.kms.katalon.core.main.TestCaseExecutor.runScript(TestCaseExecutor.java:342)
	at com.kms.katalon.core.main.TestCaseExecutor.doExecute(TestCaseExecutor.java:333)
	at com.kms.katalon.core.main.TestCaseExecutor.processExecutionPhase(TestCaseExecutor.java:312)
	at com.kms.katalon.core.main.TestCaseExecutor.accessMainPhase(TestCaseExecutor.java:304)
	at com.kms.katalon.core.main.TestCaseExecutor.execute(TestCaseExecutor.java:238)
	at com.kms.katalon.core.main.TestCaseMain.runTestCase(TestCaseMain.java:114)
	at com.kms.katalon.core.keyword.builtin.CallTestCaseKeyword$_callTestCase_closure1.doCall(CallTestCaseKeyword.groovy:59)
	at com.kms.katalon.core.keyword.builtin.CallTestCaseKeyword$_callTestCase_closure1.call(CallTestCaseKeyword.groovy)
	at com.kms.katalon.core.keyword.internal.KeywordMain.runKeyword(KeywordMain.groovy:66)
	at com.kms.katalon.core.keyword.builtin.CallTestCaseKeyword.callTestCase(CallTestCaseKeyword.groovy:81)
	at com.kms.katalon.core.keyword.builtin.CallTestCaseKeyword.execute(CallTestCaseKeyword.groovy:44)
	at com.kms.katalon.core.keyword.internal.KeywordExecutor.executeKeywordForPlatform(KeywordExecutor.groovy:56)
	at com.kms.katalon.core.keyword.BuiltinKeywords.callTestCase(BuiltinKeywords.groovy:334)
	at CCOrders.run(CCOrders:50)
	at com.kms.katalon.core.main.ScriptEngine.run(ScriptEngine.java:194)
	at com.kms.katalon.core.main.ScriptEngine.runScriptAsRawText(ScriptEngine.java:119)
	at com.kms.katalon.core.main.TestCaseExecutor.runScript(TestCaseExecutor.java:342)
	at com.kms.katalon.core.main.TestCaseExecutor.doExecute(TestCaseExecutor.java:333)
	at com.kms.katalon.core.main.TestCaseExecutor.processExecutionPhase(TestCaseExecutor.java:312)
	at com.kms.katalon.core.main.TestCaseExecutor.accessMainPhase(TestCaseExecutor.java:304)
	at com.kms.katalon.core.main.TestCaseExecutor.execute(TestCaseExecutor.java:238)
	at com.kms.katalon.core.main.TestSuiteExecutor.accessTestCaseMainPhase(TestSuiteExecutor.java:129)
	at com.kms.katalon.core.main.TestSuiteExecutor.accessTestSuiteMainPhase(TestSuiteExecutor.java:112)
	at com.kms.katalon.core.main.TestSuiteExecutor.execute(TestSuiteExecutor.java:81)
	at com.kms.katalon.core.main.TestCaseMain.startTestSuite(TestCaseMain.java:157)
	at com.kms.katalon.core.main.TestCaseMain$startTestSuite$0.call(Unknown Source)
	at TempTestSuite1569591422215.run(TempTestSuite1569591422215.groovy:35)


2019-09-27 19:27:51 - [MESSAGE][FAILED] - for ([row = 1, row <= findTestData("productData").getRowNumbers(), (row++)]) FAILED.
Reason:
Assertion failed: 

assert prod_message.equalsIgnoreCase(expectedStyleDescription)
       |            |                |
       ""           false            3869 Cozy Cowl

	at productVerifyShort.run(productVerifyShort:63)
	at com.kms.katalon.core.main.ScriptEngine.run(ScriptEngine.java:194)
	at com.kms.katalon.core.main.ScriptEngine.runScriptAsRawText(ScriptEngine.java:119)
	at com.kms.katalon.core.main.TestCaseExecutor.runScript(TestCaseExecutor.java:342)
	at com.kms.katalon.core.main.TestCaseExecutor.doExecute(TestCaseExecutor.java:333)
	at com.kms.katalon.core.main.TestCaseExecutor.processExecutionPhase(TestCaseExecutor.java:312)
	at com.kms.katalon.core.main.TestCaseExecutor.accessMainPhase(TestCaseExecutor.java:304)
	at com.kms.katalon.core.main.TestCaseExecutor.execute(TestCaseExecutor.java:238)
	at com.kms.katalon.core.main.TestCaseMain.runTestCase(TestCaseMain.java:114)
	at com.kms.katalon.core.keyword.builtin.CallTestCaseKeyword$_callTestCase_closure1.doCall(CallTestCaseKeyword.groovy:59)
	at com.kms.katalon.core.keyword.builtin.CallTestCaseKeyword$_callTestCase_closure1.call(CallTestCaseKeyword.groovy)
	at com.kms.katalon.core.keyword.internal.KeywordMain.runKeyword(KeywordMain.groovy:66)
	at com.kms.katalon.core.keyword.builtin.CallTestCaseKeyword.callTestCase(CallTestCaseKeyword.groovy:81)
	at com.kms.katalon.core.keyword.builtin.CallTestCaseKeyword.execute(CallTestCaseKeyword.groovy:44)
	at com.kms.katalon.core.keyword.internal.KeywordExecutor.executeKeywordForPlatform(KeywordExecutor.groovy:56)
	at com.kms.katalon.core.keyword.BuiltinKeywords.callTestCase(BuiltinKeywords.groovy:334)
	at CCOrders.run(CCOrders:50)
	at com.kms.katalon.core.main.ScriptEngine.run(ScriptEngine.java:194)
	at com.kms.katalon.core.main.ScriptEngine.runScriptAsRawText(ScriptEngine.java:119)
	at com.kms.katalon.core.main.TestCaseExecutor.runScript(TestCaseExecutor.java:342)
	at com.kms.katalon.core.main.TestCaseExecutor.doExecute(TestCaseExecutor.java:333)
	at com.kms.katalon.core.main.TestCaseExecutor.processExecutionPhase(TestCaseExecutor.java:312)
	at com.kms.katalon.core.main.TestCaseExecutor.accessMainPhase(TestCaseExecutor.java:304)
	at com.kms.katalon.core.main.TestCaseExecutor.execute(TestCaseExecutor.java:238)
	at com.kms.katalon.core.main.TestSuiteExecutor.accessTestCaseMainPhase(TestSuiteExecutor.java:129)
	at com.kms.katalon.core.main.TestSuiteExecutor.accessTestSuiteMainPhase(TestSuiteExecutor.java:112)
	at com.kms.katalon.core.main.TestSuiteExecutor.execute(TestSuiteExecutor.java:81)
	at com.kms.katalon.core.main.TestCaseMain.startTestSuite(TestCaseMain.java:157)
	at com.kms.katalon.core.main.TestCaseMain$startTestSuite$0.call(Unknown Source)
	at TempTestSuite1569591422215.run(TempTestSuite1569591422215.groovy:35)


2019-09-27 19:27:51 - [MESSAGE][FAILED] - Unable to call Test Case 'Test Cases/NewArrival/productVerifyShort' (Root cause: com.kms.katalon.core.exception.StepFailedException: Call Test Case 'Test Cases/NewArrival/productVerifyShort' failed
	at com.kms.katalon.core.keyword.builtin.CallTestCaseKeyword$_callTestCase_closure1.doCall(CallTestCaseKeyword.groovy:63)
	at com.kms.katalon.core.keyword.builtin.CallTestCaseKeyword$_callTestCase_closure1.call(CallTestCaseKeyword.groovy)
	at com.kms.katalon.core.keyword.internal.KeywordMain.runKeyword(KeywordMain.groovy:66)
	at com.kms.katalon.core.keyword.builtin.CallTestCaseKeyword.callTestCase(CallTestCaseKeyword.groovy:81)
	at com.kms.katalon.core.keyword.builtin.CallTestCaseKeyword.execute(CallTestCaseKeyword.groovy:44)
	at com.kms.katalon.core.keyword.internal.KeywordExecutor.executeKeywordForPlatform(KeywordExecutor.groovy:56)
	at com.kms.katalon.core.keyword.BuiltinKeywords.callTestCase(BuiltinKeywords.groovy:334)
	at CCOrders.run(CCOrders:50)
	at com.kms.katalon.core.main.ScriptEngine.run(ScriptEngine.java:194)
	at com.kms.katalon.core.main.ScriptEngine.runScriptAsRawText(ScriptEngine.java:119)
	at com.kms.katalon.core.main.TestCaseExecutor.runScript(TestCaseExecutor.java:342)
	at com.kms.katalon.core.main.TestCaseExecutor.doExecute(TestCaseExecutor.java:333)
	at com.kms.katalon.core.main.TestCaseExecutor.processExecutionPhase(TestCaseExecutor.java:312)
	at com.kms.katalon.core.main.TestCaseExecutor.accessMainPhase(TestCaseExecutor.java:304)
	at com.kms.katalon.core.main.TestCaseExecutor.execute(TestCaseExecutor.java:238)
	at com.kms.katalon.core.main.TestSuiteExecutor.accessTestCaseMainPhase(TestSuiteExecutor.java:129)
	at com.kms.katalon.core.main.TestSuiteExecutor.accessTestSuiteMainPhase(TestSuiteExecutor.java:112)
	at com.kms.katalon.core.main.TestSuiteExecutor.execute(TestSuiteExecutor.java:81)
	at com.kms.katalon.core.main.TestCaseMain.startTestSuite(TestCaseMain.java:157)
	at com.kms.katalon.core.main.TestCaseMain$startTestSuite$0.call(Unknown Source)
	at TempTestSuite1569591422215.run(TempTestSuite1569591422215.groovy:35)
Caused by: Assertion failed: 

assert prod_message.equalsIgnoreCase(expectedStyleDescription)
       |            |                |
       ""           false            3869 Cozy Cowl

	at productVerifyShort.run(productVerifyShort:63)
	at com.kms.katalon.core.main.ScriptEngine.run(ScriptEngine.java:194)
	at com.kms.katalon.core.main.ScriptEngine.runScriptAsRawText(ScriptEngine.java:119)
	at com.kms.katalon.core.main.TestCaseExecutor.runScript(TestCaseExecutor.java:342)
	at com.kms.katalon.core.main.TestCaseExecutor.doExecute(TestCaseExecutor.java:333)
	at com.kms.katalon.core.main.TestCaseExecutor.processExecutionPhase(TestCaseExecutor.java:312)
	at com.kms.katalon.core.main.TestCaseExecutor.accessMainPhase(TestCaseExecutor.java:304)
	at com.kms.katalon.core.main.TestCaseExecutor.execute(TestCaseExecutor.java:238)
	at com.kms.katalon.core.main.TestCaseMain.runTestCase(TestCaseMain.java:114)
	at com.kms.katalon.core.keyword.builtin.CallTestCaseKeyword$_callTestCase_closure1.doCall(CallTestCaseKeyword.groovy:59)
	... 20 more
)

2019-09-27 19:27:51 - [TEST_STEP][PASSED] - callTestCase(findTestCase("NewArrival/populateTimeGlobalVars"), ["row":timeRow], CONTINUE_ON_FAILURE): Call Test Case 'Test Cases/NewArrival/populateTimeGlobalVars' successfully

2019-09-27 19:27:51 - [TEST_CASE][PASSED] - Test Cases/NewArrival/populateTimeGlobalVars: Test Cases/NewArrival/populateTimeGlobalVars

2019-09-27 19:27:51 - [TEST_STEP][PASSED] - dataFile = "timezoneData": null

2019-09-27 19:27:51 - [TEST_STEP][PASSED] - clockServerTarget = UtilityMethods.getTestData("envtData", "clockServerTarget", 1): null

2019-09-27 19:27:51 - [TEST_STEP][PASSED] - println(clockServerTarget): null

2019-09-27 19:27:51 - [TEST_STEP][PASSED] - orderType = UtilityMethods.getTestData(dataFile, "orderType", row): null

2019-09-27 19:27:51 - [TEST_STEP][PASSED] - timeZone = UtilityMethods.getTestData(dataFile, "timeZone", row): null

2019-09-27 19:27:51 - [TEST_STEP][PASSED] - BOPersonal = UtilityMethods.getTestData(dataFile, "BOPersonal", row): null

2019-09-27 19:27:51 - [TEST_STEP][PASSED] - BOAddonPersonal = UtilityMethods.getTestData(dataFile, "BOAddonPersonal", row): null

2019-09-27 19:27:51 - [TEST_STEP][PASSED] - BOAddonRetail = UtilityMethods.getTestData(dataFile, "BOAddonRetail", row): null

2019-09-27 19:27:51 - [TEST_STEP][PASSED] - BORetail = UtilityMethods.getTestData(dataFile, "BORetail", row): null

2019-09-27 19:27:51 - [TEST_STEP][PASSED] - BOShow = UtilityMethods.getTestData(dataFile, "BOShow", row): null

2019-09-27 19:27:51 - [TEST_STEP][PASSED] - BOOnlineoutlet = UtilityMethods.getTestData(dataFile, "BOOnlineoutlet", row): null

2019-09-27 19:27:51 - [TEST_STEP][PASSED] - BOEmployee = UtilityMethods.getTestData(dataFile, "BOEmployee", row): null

2019-09-27 19:27:51 - [TEST_STEP][PASSED] - CCPersonal = UtilityMethods.getTestData(dataFile, "CCPersonal", row): null

2019-09-27 19:27:51 - [TEST_STEP][PASSED] - CCRetail = UtilityMethods.getTestData(dataFile, "CCRetail", row): null

2019-09-27 19:27:51 - [TEST_STEP][PASSED] - CCShow = UtilityMethods.getTestData(dataFile, "CCShow", row): null

2019-09-27 19:27:51 - [TEST_STEP][PASSED] - BOEblast = UtilityMethods.getTestData(dataFile, "BOEblast", row): null

2019-09-27 19:27:51 - [TEST_STEP][PASSED] - println(row): null

2019-09-27 19:27:51 - [TEST_STEP][PASSED] - println(BOPersonal): null

2019-09-27 19:27:51 - [MESSAGE][PASSED] - Call Test Case 'Test Cases/NewArrival/populateTimeGlobalVars' successfully

2019-09-27 19:27:51 - [TEST_STEP][PASSED] - callTestCase(findTestCase("NewArrival/setTimezone"), ["ofbizURL":"", "ofbizuser":"", "ofbizpass":"", "orderType":orderType, "timeZone":timeZone, "serverTarget":serverTarget, "clockServerTarget":clockServerTarget], CONTINUE_ON_FAILURE): Call Test Case 'Test Cases/NewArrival/setTimezone' successfully

2019-09-27 19:27:51 - [TEST_CASE][PASSED] - Test Cases/NewArrival/setTimezone: Test Cases/NewArrival/setTimezone

2019-09-27 19:27:51 - [TEST_STEP][PASSED] - openBrowser(""): Browser is opened with url: ''

2019-09-27 19:27:51 - [MESSAGE][WARNING] - A browser is already opened. Closing browser and opening a new one

2019-09-27 19:27:52 - [MESSAGE][INFO] - Starting 'Chrome' driver

2019-09-27 19:27:52 - [MESSAGE][INFO] - User set preference: ['args', '[--use-fake-ui-for-media-stream, --start-maximized]']

2019-09-27 19:27:54 - [MESSAGE][PASSED] - Browser is opened with url: ''

2019-09-27 19:27:54 - [TEST_STEP][NOT_RUN] - maximizeWindow(): NOT_RUN: maximizeWindow()

2019-09-27 19:27:54 - [MESSAGE][NOT_RUN] - NOT_RUN: maximizeWindow()

2019-09-27 19:27:54 - [TEST_STEP][PASSED] - ofbizURL = findTestData("envtData").getValue("ofbizURL", 1): null

2019-09-27 19:27:54 - [TEST_STEP][PASSED] - ofbizuser = findTestData("credData").getValue("ofbizuser", 1): null

2019-09-27 19:27:54 - [TEST_STEP][PASSED] - ofbizpass = findTestData("credData").getValue("ofbizpass", 1): null

2019-09-27 19:27:54 - [TEST_STEP][PASSED] - navigateToUrl(ofbizURL): Navigate to 'https://pushofbiz.cliotest.com/login.php' successfully

2019-09-27 19:27:56 - [MESSAGE][PASSED] - Navigate to 'https://pushofbiz.cliotest.com/login.php' successfully

2019-09-27 19:27:56 - [TEST_STEP][PASSED] - setText(findTestObject("Page_/input_Username_username"), ofbizuser): Text 'automation' is set on object 'Object Repository/Page_/input_Username_username'

2019-09-27 19:27:56 - [MESSAGE][PASSED] - Text 'automation' is set on object 'Object Repository/Page_/input_Username_username'

2019-09-27 19:27:56 - [TEST_STEP][PASSED] - setText(findTestObject("Page_/input_Password_password"), ofbizpass): Text 'cabiautomation' is set on object 'Object Repository/Page_/input_Password_password'

2019-09-27 19:27:56 - [MESSAGE][PASSED] - Text 'cabiautomation' is set on object 'Object Repository/Page_/input_Password_password'

2019-09-27 19:27:56 - [TEST_STEP][PASSED] - click(findTestObject("Page_/input_Password_Submit")): Object: 'Object Repository/Page_/input_Password_Submit' is clicked on

2019-09-27 19:28:00 - [MESSAGE][PASSED] - Object: 'Object Repository/Page_/input_Password_Submit' is clicked on

2019-09-27 19:28:00 - [TEST_STEP][PASSED] - click(findTestObject("Object Repository/Page_/a_Clock set")): Object: 'Object Repository/Page_/a_Clock set' is clicked on

2019-09-27 19:28:01 - [MESSAGE][PASSED] - Object: 'Object Repository/Page_/a_Clock set' is clicked on

2019-09-27 19:28:01 - [TEST_STEP][PASSED] - cst = UtilityMethods.createTestObject("select_target", "//select[@name='Target']/option[contains(text(), '", clockServerTarget, "')]"): null

2019-09-27 19:28:01 - [TEST_STEP][PASSED] - println(clockServerTarget): null

2019-09-27 19:28:01 - [TEST_STEP][PASSED] - click(cst): Object: 'select_target' is clicked on

2019-09-27 19:28:01 - [MESSAGE][PASSED] - Object: 'select_target' is clicked on

2019-09-27 19:28:01 - [TEST_STEP][PASSED] - click(findTestObject("Page_/thisDateAndTime")): Object: 'Object Repository/Page_/thisDateAndTime' is clicked on

2019-09-27 19:28:01 - [MESSAGE][PASSED] - Object: 'Object Repository/Page_/thisDateAndTime' is clicked on

2019-09-27 19:28:01 - [TEST_STEP][PASSED] - setText(findTestObject("Object Repository/Page_/setTargetTime"), timeZone): Text ' 11/05/2019 00:00' is set on object 'Object Repository/Page_/setTargetTime'

2019-09-27 19:28:01 - [MESSAGE][PASSED] - Text ' 11/05/2019 00:00' is set on object 'Object Repository/Page_/setTargetTime'

2019-09-27 19:28:01 - [TEST_STEP][PASSED] - click(findTestObject("Object Repository/Page_/input")): Object: 'Object Repository/Page_/input' is clicked on

2019-09-27 19:28:02 - [MESSAGE][PASSED] - Object: 'Object Repository/Page_/input' is clicked on

2019-09-27 19:28:02 - [TEST_STEP][PASSED] - delay(10): Delayed 10 second(s)

2019-09-27 19:28:12 - [MESSAGE][PASSED] - Delayed 10 second(s)

2019-09-27 19:28:12 - [TEST_STEP][NOT_RUN] - closeBrowser(): NOT_RUN: closeBrowser()

2019-09-27 19:28:12 - [MESSAGE][NOT_RUN] - NOT_RUN: closeBrowser()

2019-09-27 19:28:12 - [MESSAGE][PASSED] - Call Test Case 'Test Cases/NewArrival/setTimezone' successfully

2019-09-27 19:28:12 - [TEST_STEP][PASSED] - callTestCase(findTestCase("TestCaseUtilities/cabiCentralLogin"), [:], CONTINUE_ON_FAILURE): Call Test Case 'Test Cases/TestCaseUtilities/cabiCentralLogin' successfully

2019-09-27 19:28:12 - [TEST_CASE][PASSED] - Test Cases/TestCaseUtilities/cabiCentralLogin: Test Cases/TestCaseUtilities/cabiCentralLogin

2019-09-27 19:28:12 - [TEST_STEP][PASSED] - CCURL = findTestData("envtData").getValue("CCURL", 1): null

2019-09-27 19:28:12 - [TEST_STEP][PASSED] - CCuser = findTestData("credData").getValue("CCuser", 1): null

2019-09-27 19:28:12 - [TEST_STEP][PASSED] - CCpass = findTestData("credData").getValue("CCpass", 1): null

2019-09-27 19:28:12 - [TEST_STEP][PASSED] - openBrowser(""): Browser is opened with url: ''

2019-09-27 19:28:12 - [MESSAGE][WARNING] - A browser is already opened. Closing browser and opening a new one

2019-09-27 19:28:13 - [MESSAGE][INFO] - Starting 'Chrome' driver

2019-09-27 19:28:13 - [MESSAGE][INFO] - User set preference: ['args', '[--use-fake-ui-for-media-stream, --start-maximized]']

2019-09-27 19:28:15 - [MESSAGE][PASSED] - Browser is opened with url: ''

2019-09-27 19:28:15 - [TEST_STEP][PASSED] - navigateToUrl(CCURL): Navigate to 'https://test4.cliotest.com/cabicentral/control/main' successfully

2019-09-27 19:28:22 - [MESSAGE][PASSED] - Navigate to 'https://test4.cliotest.com/cabicentral/control/main' successfully

2019-09-27 19:28:22 - [TEST_STEP][PASSED] - maximizeWindow(): Current window maximized

2019-09-27 19:28:23 - [MESSAGE][PASSED] - Current window maximized

2019-09-27 19:28:23 - [TEST_STEP][PASSED] - logOut = findWebElements(findTestObject("Object Repository/Page_cabi Home/log_out"), 1): Unable to find the element located by 'By.xpath: //a[contains(text(),'Log Out')]'. Please recheck the objects properties to make sure the desired element is located. 

2019-09-27 19:28:24 - [MESSAGE][INFO] - Unable to find the element located by 'By.xpath: //a[contains(text(),'Log Out')]'. Please recheck the objects properties to make sure the desired element is located. 

2019-09-27 19:28:24 - [TEST_STEP][PASSED] - if (logOut.size() == 0): Object: 'Object Repository/Page_cabi/input_Password_section-btn btn-stl-pk rFloat' is clicked on

2019-09-27 19:28:24 - [TEST_STEP][PASSED] - setText(findTestObject("Object Repository/Page_cabi/input_Username_USERNAME"), CCuser): Text 'ehudson' is set on object 'Object Repository/Page_cabi/input_Username_USERNAME'

2019-09-27 19:28:24 - [MESSAGE][PASSED] - Text 'ehudson' is set on object 'Object Repository/Page_cabi/input_Username_USERNAME'

2019-09-27 19:28:24 - [TEST_STEP][PASSED] - setText(findTestObject("Object Repository/Page_cabi/input_Password_PASSWORD"), CCpass): Text 'blackdress19' is set on object 'Object Repository/Page_cabi/input_Password_PASSWORD'

2019-09-27 19:28:24 - [MESSAGE][PASSED] - Text 'blackdress19' is set on object 'Object Repository/Page_cabi/input_Password_PASSWORD'

2019-09-27 19:28:24 - [TEST_STEP][PASSED] - delay(1): Delayed 1 second(s)

2019-09-27 19:28:25 - [MESSAGE][PASSED] - Delayed 1 second(s)

2019-09-27 19:28:25 - [TEST_STEP][PASSED] - click(findTestObject("Object Repository/Page_cabi/input_Password_section-btn btn-stl-pk rFloat")): Object: 'Object Repository/Page_cabi/input_Password_section-btn btn-stl-pk rFloat' is clicked on

2019-09-27 19:28:30 - [MESSAGE][PASSED] - Object: 'Object Repository/Page_cabi/input_Password_section-btn btn-stl-pk rFloat' is clicked on

2019-09-27 19:28:30 - [TEST_STEP][PASSED] - delay(3): Delayed 3 second(s)

2019-09-27 19:28:33 - [MESSAGE][PASSED] - Delayed 3 second(s)

2019-09-27 19:28:33 - [MESSAGE][PASSED] - Call Test Case 'Test Cases/TestCaseUtilities/cabiCentralLogin' successfully

2019-09-27 19:28:33 - [TEST_STEP][PASSED] - delay(3): Delayed 3 second(s)

2019-09-27 19:28:36 - [MESSAGE][PASSED] - Delayed 3 second(s)

2019-09-27 19:28:36 - [TEST_STEP][PASSED] - click(findTestObject("Page_cabi cabiCentral Tasks/a_ORDERS")): Object: 'Object Repository/Page_cabi cabiCentral Tasks/a_ORDERS' is clicked on

2019-09-27 19:28:39 - [MESSAGE][PASSED] - Object: 'Object Repository/Page_cabi cabiCentral Tasks/a_ORDERS' is clicked on

2019-09-27 19:28:39 - [TEST_STEP][PASSED] - delay(3): Delayed 3 second(s)

2019-09-27 19:28:42 - [MESSAGE][PASSED] - Delayed 3 second(s)

2019-09-27 19:28:42 - [TEST_STEP][PASSED] - click(findTestObject("Page_cabi Find Order/a_Create Order")): Object: 'Object Repository/Page_cabi Find Order/a_Create Order' is clicked on

2019-09-27 19:28:43 - [MESSAGE][PASSED] - Object: 'Object Repository/Page_cabi Find Order/a_Create Order' is clicked on

2019-09-27 19:28:43 - [TEST_STEP][PASSED] - selectOptionByValue(findTestObject("Page_cabi Create Order/select_order_type"), "PERSONAL", true): All options with value 'PERSONAL' are selected in object 'Object Repository/Page_cabi Create Order/select_order_type'  using regular expression

2019-09-27 19:28:43 - [MESSAGE][PASSED] - All options with value 'PERSONAL' are selected in object 'Object Repository/Page_cabi Create Order/select_order_type'  using regular expression

2019-09-27 19:28:43 - [TEST_STEP][PASSED] - click(findTestObject("Page_cabi Create Order/input_select_order_type")): Object: 'Object Repository/Page_cabi Create Order/input_select_order_type' is clicked on

2019-09-27 19:28:48 - [MESSAGE][PASSED] - Object: 'Object Repository/Page_cabi Create Order/input_select_order_type' is clicked on

2019-09-27 19:28:48 - [TEST_STEP][FAILED] - callTestCase(findTestCase("NewArrival/productVerifyShort"), ["available":CCPersonal, "storeType":"CCPersonal"], CONTINUE_ON_FAILURE): Unable to call Test Case 'Test Cases/NewArrival/productVerifyShort' (Root cause: com.kms.katalon.core.exception.StepFailedException: Call Test Case 'Test Cases/NewArrival/productVerifyShort' failed
	at com.kms.katalon.core.keyword.builtin.CallTestCaseKeyword$_callTestCase_closure1.doCall(CallTestCaseKeyword.groovy:63)
	at com.kms.katalon.core.keyword.builtin.CallTestCaseKeyword$_callTestCase_closure1.call(CallTestCaseKeyword.groovy)
	at com.kms.katalon.core.keyword.internal.KeywordMain.runKeyword(KeywordMain.groovy:66)
	at com.kms.katalon.core.keyword.builtin.CallTestCaseKeyword.callTestCase(CallTestCaseKeyword.groovy:81)
	at com.kms.katalon.core.keyword.builtin.CallTestCaseKeyword.execute(CallTestCaseKeyword.groovy:44)
	at com.kms.katalon.core.keyword.internal.KeywordExecutor.executeKeywordForPlatform(KeywordExecutor.groovy:56)
	at com.kms.katalon.core.keyword.BuiltinKeywords.callTestCase(BuiltinKeywords.groovy:334)
	at CCOrders.run(CCOrders:40)
	at com.kms.katalon.core.main.ScriptEngine.run(ScriptEngine.java:194)
	at com.kms.katalon.core.main.ScriptEngine.runScriptAsRawText(ScriptEngine.java:119)
	at com.kms.katalon.core.main.TestCaseExecutor.runScript(TestCaseExecutor.java:342)
	at com.kms.katalon.core.main.TestCaseExecutor.doExecute(TestCaseExecutor.java:333)
	at com.kms.katalon.core.main.TestCaseExecutor.processExecutionPhase(TestCaseExecutor.java:312)
	at com.kms.katalon.core.main.TestCaseExecutor.accessMainPhase(TestCaseExecutor.java:304)
	at com.kms.katalon.core.main.TestCaseExecutor.execute(TestCaseExecutor.java:238)
	at com.kms.katalon.core.main.TestSuiteExecutor.accessTestCaseMainPhase(TestSuiteExecutor.java:129)
	at com.kms.katalon.core.main.TestSuiteExecutor.accessTestSuiteMainPhase(TestSuiteExecutor.java:112)
	at com.kms.katalon.core.main.TestSuiteExecutor.execute(TestSuiteExecutor.java:81)
	at com.kms.katalon.core.main.TestCaseMain.startTestSuite(TestCaseMain.java:157)
	at com.kms.katalon.core.main.TestCaseMain$startTestSuite$0.call(Unknown Source)
	at TempTestSuite1569591422215.run(TempTestSuite1569591422215.groovy:35)
Caused by: Assertion failed: 

assert prod_message.equalsIgnoreCase(expectedStyleDescription)
       |            |                |
       ""           false            3869 Cozy Cowl

	at productVerifyShort.run(productVerifyShort:63)
	at com.kms.katalon.core.main.ScriptEngine.run(ScriptEngine.java:194)
	at com.kms.katalon.core.main.ScriptEngine.runScriptAsRawText(ScriptEngine.java:119)
	at com.kms.katalon.core.main.TestCaseExecutor.runScript(TestCaseExecutor.java:342)
	at com.kms.katalon.core.main.TestCaseExecutor.doExecute(TestCaseExecutor.java:333)
	at com.kms.katalon.core.main.TestCaseExecutor.processExecutionPhase(TestCaseExecutor.java:312)
	at com.kms.katalon.core.main.TestCaseExecutor.accessMainPhase(TestCaseExecutor.java:304)
	at com.kms.katalon.core.main.TestCaseExecutor.execute(TestCaseExecutor.java:238)
	at com.kms.katalon.core.main.TestCaseMain.runTestCase(TestCaseMain.java:114)
	at com.kms.katalon.core.keyword.builtin.CallTestCaseKeyword$_callTestCase_closure1.doCall(CallTestCaseKeyword.groovy:59)
	... 20 more
)

2019-09-27 19:28:48 - [TEST_CASE][FAILED] - Test Cases/NewArrival/productVerifyShort: Test Cases/NewArrival/productVerifyShort FAILED.
Reason:
Assertion failed: 

assert prod_message.equalsIgnoreCase(expectedStyleDescription)
       |            |                |
       ""           false            3869 Cozy Cowl

	at productVerifyShort.run(productVerifyShort:63)
	at com.kms.katalon.core.main.ScriptEngine.run(ScriptEngine.java:194)
	at com.kms.katalon.core.main.ScriptEngine.runScriptAsRawText(ScriptEngine.java:119)
	at com.kms.katalon.core.main.TestCaseExecutor.runScript(TestCaseExecutor.java:342)
	at com.kms.katalon.core.main.TestCaseExecutor.doExecute(TestCaseExecutor.java:333)
	at com.kms.katalon.core.main.TestCaseExecutor.processExecutionPhase(TestCaseExecutor.java:312)
	at com.kms.katalon.core.main.TestCaseExecutor.accessMainPhase(TestCaseExecutor.java:304)
	at com.kms.katalon.core.main.TestCaseExecutor.execute(TestCaseExecutor.java:238)
	at com.kms.katalon.core.main.TestCaseMain.runTestCase(TestCaseMain.java:114)
	at com.kms.katalon.core.keyword.builtin.CallTestCaseKeyword$_callTestCase_closure1.doCall(CallTestCaseKeyword.groovy:59)
	at com.kms.katalon.core.keyword.builtin.CallTestCaseKeyword$_callTestCase_closure1.call(CallTestCaseKeyword.groovy)
	at com.kms.katalon.core.keyword.internal.KeywordMain.runKeyword(KeywordMain.groovy:66)
	at com.kms.katalon.core.keyword.builtin.CallTestCaseKeyword.callTestCase(CallTestCaseKeyword.groovy:81)
	at com.kms.katalon.core.keyword.builtin.CallTestCaseKeyword.execute(CallTestCaseKeyword.groovy:44)
	at com.kms.katalon.core.keyword.internal.KeywordExecutor.executeKeywordForPlatform(KeywordExecutor.groovy:56)
	at com.kms.katalon.core.keyword.BuiltinKeywords.callTestCase(BuiltinKeywords.groovy:334)
	at CCOrders.run(CCOrders:40)
	at com.kms.katalon.core.main.ScriptEngine.run(ScriptEngine.java:194)
	at com.kms.katalon.core.main.ScriptEngine.runScriptAsRawText(ScriptEngine.java:119)
	at com.kms.katalon.core.main.TestCaseExecutor.runScript(TestCaseExecutor.java:342)
	at com.kms.katalon.core.main.TestCaseExecutor.doExecute(TestCaseExecutor.java:333)
	at com.kms.katalon.core.main.TestCaseExecutor.processExecutionPhase(TestCaseExecutor.java:312)
	at com.kms.katalon.core.main.TestCaseExecutor.accessMainPhase(TestCaseExecutor.java:304)
	at com.kms.katalon.core.main.TestCaseExecutor.execute(TestCaseExecutor.java:238)
	at com.kms.katalon.core.main.TestSuiteExecutor.accessTestCaseMainPhase(TestSuiteExecutor.java:129)
	at com.kms.katalon.core.main.TestSuiteExecutor.accessTestSuiteMainPhase(TestSuiteExecutor.java:112)
	at com.kms.katalon.core.main.TestSuiteExecutor.execute(TestSuiteExecutor.java:81)
	at com.kms.katalon.core.main.TestCaseMain.startTestSuite(TestCaseMain.java:157)
	at com.kms.katalon.core.main.TestCaseMain$startTestSuite$0.call(Unknown Source)
	at TempTestSuite1569591422215.run(TempTestSuite1569591422215.groovy:35)


2019-09-27 19:28:48 - [TEST_STEP][FAILED] - for ([row = 1, row <= findTestData("productData").getRowNumbers(), (row++)]): for ([row = 1, row <= findTestData("productData").getRowNumbers(), (row++)]) FAILED.
Reason:
Assertion failed: 

assert prod_message.equalsIgnoreCase(expectedStyleDescription)
       |            |                |
       ""           false            3869 Cozy Cowl

	at productVerifyShort.run(productVerifyShort:63)
	at com.kms.katalon.core.main.ScriptEngine.run(ScriptEngine.java:194)
	at com.kms.katalon.core.main.ScriptEngine.runScriptAsRawText(ScriptEngine.java:119)
	at com.kms.katalon.core.main.TestCaseExecutor.runScript(TestCaseExecutor.java:342)
	at com.kms.katalon.core.main.TestCaseExecutor.doExecute(TestCaseExecutor.java:333)
	at com.kms.katalon.core.main.TestCaseExecutor.processExecutionPhase(TestCaseExecutor.java:312)
	at com.kms.katalon.core.main.TestCaseExecutor.accessMainPhase(TestCaseExecutor.java:304)
	at com.kms.katalon.core.main.TestCaseExecutor.execute(TestCaseExecutor.java:238)
	at com.kms.katalon.core.main.TestCaseMain.runTestCase(TestCaseMain.java:114)
	at com.kms.katalon.core.keyword.builtin.CallTestCaseKeyword$_callTestCase_closure1.doCall(CallTestCaseKeyword.groovy:59)
	at com.kms.katalon.core.keyword.builtin.CallTestCaseKeyword$_callTestCase_closure1.call(CallTestCaseKeyword.groovy)
	at com.kms.katalon.core.keyword.internal.KeywordMain.runKeyword(KeywordMain.groovy:66)
	at com.kms.katalon.core.keyword.builtin.CallTestCaseKeyword.callTestCase(CallTestCaseKeyword.groovy:81)
	at com.kms.katalon.core.keyword.builtin.CallTestCaseKeyword.execute(CallTestCaseKeyword.groovy:44)
	at com.kms.katalon.core.keyword.internal.KeywordExecutor.executeKeywordForPlatform(KeywordExecutor.groovy:56)
	at com.kms.katalon.core.keyword.BuiltinKeywords.callTestCase(BuiltinKeywords.groovy:334)
	at CCOrders.run(CCOrders:40)
	at com.kms.katalon.core.main.ScriptEngine.run(ScriptEngine.java:194)
	at com.kms.katalon.core.main.ScriptEngine.runScriptAsRawText(ScriptEngine.java:119)
	at com.kms.katalon.core.main.TestCaseExecutor.runScript(TestCaseExecutor.java:342)
	at com.kms.katalon.core.main.TestCaseExecutor.doExecute(TestCaseExecutor.java:333)
	at com.kms.katalon.core.main.TestCaseExecutor.processExecutionPhase(TestCaseExecutor.java:312)
	at com.kms.katalon.core.main.TestCaseExecutor.accessMainPhase(TestCaseExecutor.java:304)
	at com.kms.katalon.core.main.TestCaseExecutor.execute(TestCaseExecutor.java:238)
	at com.kms.katalon.core.main.TestSuiteExecutor.accessTestCaseMainPhase(TestSuiteExecutor.java:129)
	at com.kms.katalon.core.main.TestSuiteExecutor.accessTestSuiteMainPhase(TestSuiteExecutor.java:112)
	at com.kms.katalon.core.main.TestSuiteExecutor.execute(TestSuiteExecutor.java:81)
	at com.kms.katalon.core.main.TestCaseMain.startTestSuite(TestCaseMain.java:157)
	at com.kms.katalon.core.main.TestCaseMain$startTestSuite$0.call(Unknown Source)
	at TempTestSuite1569591422215.run(TempTestSuite1569591422215.groovy:35)


2019-09-27 19:28:48 - [TEST_STEP][PASSED] - delay(2): Delayed 2 second(s)

2019-09-27 19:28:50 - [MESSAGE][PASSED] - Delayed 2 second(s)

2019-09-27 19:28:50 - [TEST_STEP][PASSED] - setText(findTestObject("Object Repository/Page_cabi Create Order/input_Manual Discount_stylelookup_0"), findTestData("productData").getValue("Style", row)): Text '3875' is set on object 'Object Repository/Page_cabi Create Order/input_Manual Discount_stylelookup_0'

2019-09-27 19:28:50 - [MESSAGE][PASSED] - Text '3875' is set on object 'Object Repository/Page_cabi Create Order/input_Manual Discount_stylelookup_0'

2019-09-27 19:28:50 - [TEST_STEP][PASSED] - delay(2): Delayed 2 second(s)

2019-09-27 19:28:52 - [MESSAGE][PASSED] - Delayed 2 second(s)

2019-09-27 19:28:52 - [TEST_STEP][PASSED] - prod_message = getText(findTestObject("Page_cabi Create Order/first_option")): Text of object 'Object Repository/Page_cabi Create Order/first_option' is: '3875 Decked Out Dress'

2019-09-27 19:28:52 - [MESSAGE][PASSED] - Text of object 'Object Repository/Page_cabi Create Order/first_option' is: '3875 Decked Out Dress'

2019-09-27 19:28:52 - [TEST_STEP][PASSED] - delay(1): Delayed 1 second(s)

2019-09-27 19:28:53 - [MESSAGE][PASSED] - Delayed 1 second(s)

2019-09-27 19:28:53 - [TEST_STEP][PASSED] - click(findTestObject("Page_cabi Create Order/first_option")): Object: 'Object Repository/Page_cabi Create Order/first_option' is clicked on

2019-09-27 19:28:53 - [MESSAGE][PASSED] - Object: 'Object Repository/Page_cabi Create Order/first_option' is clicked on

2019-09-27 19:28:53 - [TEST_STEP][PASSED] - if (toString().equalsIgnoreCase("no")): null

2019-09-27 19:28:53 - [TEST_STEP][PASSED] - else: Delayed 3 second(s)

2019-09-27 19:28:53 - [TEST_STEP][PASSED] - delay(3): Delayed 3 second(s)

2019-09-27 19:28:56 - [MESSAGE][PASSED] - Delayed 3 second(s)

2019-09-27 19:28:56 - [TEST_STEP][PASSED] - s1 = getValue("Style", row).toString(): null

2019-09-27 19:28:56 - [TEST_STEP][PASSED] - s2 = " ": null

2019-09-27 19:28:56 - [TEST_STEP][PASSED] - s3 = getValue("Description", row).toString(): null

2019-09-27 19:28:56 - [TEST_STEP][PASSED] - expectedStyleDescription = $s1$s2$s3: null

2019-09-27 19:28:56 - [TEST_STEP][PASSED] - prod_message = UtilityMethods.splitStyle(prod_message): null

2019-09-27 19:28:56 - [TEST_STEP][PASSED] - println(prod_message): null

2019-09-27 19:28:56 - [TEST_STEP][PASSED] - assert prod_message.equalsIgnoreCase(expectedStyleDescription): null

2019-09-27 19:28:56 - [TEST_STEP][PASSED] - delay(3): Delayed 3 second(s)

2019-09-27 19:28:59 - [MESSAGE][PASSED] - Delayed 3 second(s)

2019-09-27 19:28:59 - [TEST_STEP][PASSED] - colorOptions = findWebElements(findTestObject("Page_cabi Order Items/GetAttribute_Color"), 5): null

2019-09-27 19:28:59 - [TEST_STEP][PASSED] - println(colorOptions.size()): null

2019-09-27 19:28:59 - [TEST_STEP][PASSED] - expectedColour = findTestData("productData").getValue("Color", row): null

2019-09-27 19:28:59 - [TEST_STEP][PASSED] - println("expected colour is"): null

2019-09-27 19:28:59 - [TEST_STEP][PASSED] - println(expectedColour): null

2019-09-27 19:28:59 - [TEST_STEP][PASSED] - colourVerified = false: null

2019-09-27 19:28:59 - [TEST_STEP][PASSED] - for (org.openqa.selenium.WebElement op : colorOptions): null

2019-09-27 19:28:59 - [TEST_STEP][PASSED] - println(op.getText()): null

2019-09-27 19:28:59 - [TEST_STEP][PASSED] - if (expectedColour.equalsIgnoreCase(op.getText())): null

2019-09-27 19:28:59 - [TEST_STEP][PASSED] - colourVerified = true: null

2019-09-27 19:28:59 - [TEST_STEP][PASSED] - break: null

2019-09-27 19:28:59 - [TEST_STEP][PASSED] - assert colourVerified == true: null

2019-09-27 19:28:59 - [TEST_STEP][PASSED] - getPrice = getText(findTestObject("Page_cabi Create Order/retail_price")): Text of object 'Object Repository/Page_cabi Create Order/retail_price' is: '$159.00'

2019-09-27 19:28:59 - [MESSAGE][PASSED] - Text of object 'Object Repository/Page_cabi Create Order/retail_price' is: '$159.00'

2019-09-27 19:28:59 - [TEST_STEP][PASSED] - Split_Data = UtilityMethods.SplitData(getPrice): null

2019-09-27 19:28:59 - [TEST_STEP][PASSED] - verifyMatch(Split_Data, findTestData("productData").getValue("Retail", row), true, CONTINUE_ON_FAILURE): Actual text '159' and expected text '159' are matched  using regular expression

2019-09-27 19:28:59 - [MESSAGE][PASSED] - Actual text '159' and expected text '159' are matched  using regular expression

2019-09-27 19:28:59 - [TEST_STEP][PASSED] - sizeRange1 = ["XXS", "XS", "S", "M", "L", "XL"]: null

2019-09-27 19:28:59 - [TEST_STEP][PASSED] - sizeRange2 = ["00", "0", "2", "4", "6", "8", "10", "12", "14", "16"]: null

2019-09-27 19:28:59 - [TEST_STEP][PASSED] - sizeRange3 = ["Long", "Regular", "Short"]: null

2019-09-27 19:28:59 - [TEST_STEP][PASSED] - sizeRange4 = ["5", "6", "6.5", "7", "7.5", "8", "8.5", "9", "9.5", "10", "11"]: null

2019-09-27 19:28:59 - [TEST_STEP][PASSED] - sizeRangeSplit = UtilityMethods.SplitSizes(findTestData("productData").getValue("SzRange", row)): null

2019-09-27 19:28:59 - [TEST_STEP][PASSED] - sizeType = getText(findTestObject("Object Repository/Page_cabi Order Items/Size")): Text of object 'Object Repository/Page_cabi Order Items/Size' is: 'Select'

2019-09-27 19:28:59 - [MESSAGE][PASSED] - Text of object 'Object Repository/Page_cabi Order Items/Size' is: 'Select'

2019-09-27 19:28:59 - [TEST_STEP][PASSED] - sizeOptions = findWebElements(findTestObject("Object Repository/Page_cabi Order Items/Size"), 5): null

2019-09-27 19:28:59 - [TEST_STEP][PASSED] - actualRange = new java.util.ArrayList(): null

2019-09-27 19:28:59 - [TEST_STEP][PASSED] - expectedRange = <not implemented yet for class: org.codehaus.groovy.ast.expr.EmptyExpression>: null

2019-09-27 19:28:59 - [TEST_STEP][PASSED] - if (sizeType.equalsIgnoreCase("Select")): null

2019-09-27 19:28:59 - [TEST_STEP][PASSED] - for ([i = 1, i < sizeOptions.size(), (i++)]): null

2019-09-27 19:28:59 - [TEST_STEP][PASSED] - actualRange.add(get(i).getAttribute("value")): null

2019-09-27 19:28:59 - [TEST_STEP][PASSED] - actualRange.add(get(i).getAttribute("value")): null

2019-09-27 19:28:59 - [TEST_STEP][PASSED] - actualRange.add(get(i).getAttribute("value")): null

2019-09-27 19:28:59 - [TEST_STEP][PASSED] - actualRange.add(get(i).getAttribute("value")): null

2019-09-27 19:28:59 - [TEST_STEP][PASSED] - actualRange.add(get(i).getAttribute("value")): null

2019-09-27 19:29:00 - [TEST_STEP][PASSED] - if (toString().equalsIgnoreCase("XS") || toString().equalsIgnoreCase("XXS")): null

2019-09-27 19:29:00 - [TEST_STEP][PASSED] - expectedRange = UtilityMethods.getExpectedRange(sizeRange1, sizeRangeSplit): null

2019-09-27 19:29:00 - [TEST_STEP][PASSED] - println("XS"): null

2019-09-27 19:29:00 - [TEST_STEP][PASSED] - println(expectedRange.toString()): null

2019-09-27 19:29:00 - [TEST_STEP][PASSED] - assert UtilityMethods.listEquals(expectedRange, actualRange) == true: null

2019-09-27 19:29:00 - [TEST_STEP][PASSED] - delay(3): Delayed 3 second(s)

2019-09-27 19:29:03 - [MESSAGE][PASSED] - Delayed 3 second(s)

2019-09-27 19:29:03 - [TEST_STEP][PASSED] - delay(2): Delayed 2 second(s)

2019-09-27 19:29:05 - [MESSAGE][PASSED] - Delayed 2 second(s)

2019-09-27 19:29:05 - [TEST_STEP][PASSED] - setText(findTestObject("Object Repository/Page_cabi Create Order/input_Manual Discount_stylelookup_0"), findTestData("productData").getValue("Style", row)): Text '3869' is set on object 'Object Repository/Page_cabi Create Order/input_Manual Discount_stylelookup_0'

2019-09-27 19:29:05 - [MESSAGE][PASSED] - Text '3869' is set on object 'Object Repository/Page_cabi Create Order/input_Manual Discount_stylelookup_0'

2019-09-27 19:29:05 - [TEST_STEP][PASSED] - delay(2): Delayed 2 second(s)

2019-09-27 19:29:07 - [MESSAGE][PASSED] - Delayed 2 second(s)

2019-09-27 19:29:07 - [TEST_STEP][PASSED] - prod_message = getText(findTestObject("Page_cabi Create Order/first_option")): Text of object 'Object Repository/Page_cabi Create Order/first_option' is: ''

2019-09-27 19:29:07 - [MESSAGE][PASSED] - Text of object 'Object Repository/Page_cabi Create Order/first_option' is: ''

2019-09-27 19:29:07 - [TEST_STEP][PASSED] - delay(1): Delayed 1 second(s)

2019-09-27 19:29:08 - [MESSAGE][PASSED] - Delayed 1 second(s)

2019-09-27 19:29:08 - [TEST_STEP][PASSED] - click(findTestObject("Page_cabi Create Order/first_option")): Object: 'Object Repository/Page_cabi Create Order/first_option' is clicked on

2019-09-27 19:29:08 - [MESSAGE][PASSED] - Object: 'Object Repository/Page_cabi Create Order/first_option' is clicked on

2019-09-27 19:29:08 - [TEST_STEP][PASSED] - if (toString().equalsIgnoreCase("no")): null

2019-09-27 19:29:08 - [TEST_STEP][FAILED] - else: for ([row = 1, row <= findTestData("productData").getRowNumbers(), (row++)]) FAILED.
Reason:
Assertion failed: 

assert prod_message.equalsIgnoreCase(expectedStyleDescription)
       |            |                |
       ""           false            3869 Cozy Cowl

	at productVerifyShort.run(productVerifyShort:63)
	at com.kms.katalon.core.main.ScriptEngine.run(ScriptEngine.java:194)
	at com.kms.katalon.core.main.ScriptEngine.runScriptAsRawText(ScriptEngine.java:119)
	at com.kms.katalon.core.main.TestCaseExecutor.runScript(TestCaseExecutor.java:342)
	at com.kms.katalon.core.main.TestCaseExecutor.doExecute(TestCaseExecutor.java:333)
	at com.kms.katalon.core.main.TestCaseExecutor.processExecutionPhase(TestCaseExecutor.java:312)
	at com.kms.katalon.core.main.TestCaseExecutor.accessMainPhase(TestCaseExecutor.java:304)
	at com.kms.katalon.core.main.TestCaseExecutor.execute(TestCaseExecutor.java:238)
	at com.kms.katalon.core.main.TestCaseMain.runTestCase(TestCaseMain.java:114)
	at com.kms.katalon.core.keyword.builtin.CallTestCaseKeyword$_callTestCase_closure1.doCall(CallTestCaseKeyword.groovy:59)
	at com.kms.katalon.core.keyword.builtin.CallTestCaseKeyword$_callTestCase_closure1.call(CallTestCaseKeyword.groovy)
	at com.kms.katalon.core.keyword.internal.KeywordMain.runKeyword(KeywordMain.groovy:66)
	at com.kms.katalon.core.keyword.builtin.CallTestCaseKeyword.callTestCase(CallTestCaseKeyword.groovy:81)
	at com.kms.katalon.core.keyword.builtin.CallTestCaseKeyword.execute(CallTestCaseKeyword.groovy:44)
	at com.kms.katalon.core.keyword.internal.KeywordExecutor.executeKeywordForPlatform(KeywordExecutor.groovy:56)
	at com.kms.katalon.core.keyword.BuiltinKeywords.callTestCase(BuiltinKeywords.groovy:334)
	at CCOrders.run(CCOrders:40)
	at com.kms.katalon.core.main.ScriptEngine.run(ScriptEngine.java:194)
	at com.kms.katalon.core.main.ScriptEngine.runScriptAsRawText(ScriptEngine.java:119)
	at com.kms.katalon.core.main.TestCaseExecutor.runScript(TestCaseExecutor.java:342)
	at com.kms.katalon.core.main.TestCaseExecutor.doExecute(TestCaseExecutor.java:333)
	at com.kms.katalon.core.main.TestCaseExecutor.processExecutionPhase(TestCaseExecutor.java:312)
	at com.kms.katalon.core.main.TestCaseExecutor.accessMainPhase(TestCaseExecutor.java:304)
	at com.kms.katalon.core.main.TestCaseExecutor.execute(TestCaseExecutor.java:238)
	at com.kms.katalon.core.main.TestSuiteExecutor.accessTestCaseMainPhase(TestSuiteExecutor.java:129)
	at com.kms.katalon.core.main.TestSuiteExecutor.accessTestSuiteMainPhase(TestSuiteExecutor.java:112)
	at com.kms.katalon.core.main.TestSuiteExecutor.execute(TestSuiteExecutor.java:81)
	at com.kms.katalon.core.main.TestCaseMain.startTestSuite(TestCaseMain.java:157)
	at com.kms.katalon.core.main.TestCaseMain$startTestSuite$0.call(Unknown Source)
	at TempTestSuite1569591422215.run(TempTestSuite1569591422215.groovy:35)


2019-09-27 19:29:08 - [TEST_STEP][PASSED] - delay(3): Delayed 3 second(s)

2019-09-27 19:29:11 - [MESSAGE][PASSED] - Delayed 3 second(s)

2019-09-27 19:29:11 - [TEST_STEP][PASSED] - s1 = getValue("Style", row).toString(): null

2019-09-27 19:29:11 - [TEST_STEP][PASSED] - s2 = " ": null

2019-09-27 19:29:11 - [TEST_STEP][PASSED] - s3 = getValue("Description", row).toString(): null

2019-09-27 19:29:11 - [TEST_STEP][PASSED] - expectedStyleDescription = $s1$s2$s3: null

2019-09-27 19:29:11 - [TEST_STEP][PASSED] - prod_message = UtilityMethods.splitStyle(prod_message): null

2019-09-27 19:29:11 - [TEST_STEP][PASSED] - println(prod_message): null

2019-09-27 19:29:11 - [TEST_STEP][FAILED] - assert prod_message.equalsIgnoreCase(expectedStyleDescription): for ([row = 1, row <= findTestData("productData").getRowNumbers(), (row++)]) FAILED.
Reason:
Assertion failed: 

assert prod_message.equalsIgnoreCase(expectedStyleDescription)
       |            |                |
       ""           false            3869 Cozy Cowl

	at productVerifyShort.run(productVerifyShort:63)
	at com.kms.katalon.core.main.ScriptEngine.run(ScriptEngine.java:194)
	at com.kms.katalon.core.main.ScriptEngine.runScriptAsRawText(ScriptEngine.java:119)
	at com.kms.katalon.core.main.TestCaseExecutor.runScript(TestCaseExecutor.java:342)
	at com.kms.katalon.core.main.TestCaseExecutor.doExecute(TestCaseExecutor.java:333)
	at com.kms.katalon.core.main.TestCaseExecutor.processExecutionPhase(TestCaseExecutor.java:312)
	at com.kms.katalon.core.main.TestCaseExecutor.accessMainPhase(TestCaseExecutor.java:304)
	at com.kms.katalon.core.main.TestCaseExecutor.execute(TestCaseExecutor.java:238)
	at com.kms.katalon.core.main.TestCaseMain.runTestCase(TestCaseMain.java:114)
	at com.kms.katalon.core.keyword.builtin.CallTestCaseKeyword$_callTestCase_closure1.doCall(CallTestCaseKeyword.groovy:59)
	at com.kms.katalon.core.keyword.builtin.CallTestCaseKeyword$_callTestCase_closure1.call(CallTestCaseKeyword.groovy)
	at com.kms.katalon.core.keyword.internal.KeywordMain.runKeyword(KeywordMain.groovy:66)
	at com.kms.katalon.core.keyword.builtin.CallTestCaseKeyword.callTestCase(CallTestCaseKeyword.groovy:81)
	at com.kms.katalon.core.keyword.builtin.CallTestCaseKeyword.execute(CallTestCaseKeyword.groovy:44)
	at com.kms.katalon.core.keyword.internal.KeywordExecutor.executeKeywordForPlatform(KeywordExecutor.groovy:56)
	at com.kms.katalon.core.keyword.BuiltinKeywords.callTestCase(BuiltinKeywords.groovy:334)
	at CCOrders.run(CCOrders:40)
	at com.kms.katalon.core.main.ScriptEngine.run(ScriptEngine.java:194)
	at com.kms.katalon.core.main.ScriptEngine.runScriptAsRawText(ScriptEngine.java:119)
	at com.kms.katalon.core.main.TestCaseExecutor.runScript(TestCaseExecutor.java:342)
	at com.kms.katalon.core.main.TestCaseExecutor.doExecute(TestCaseExecutor.java:333)
	at com.kms.katalon.core.main.TestCaseExecutor.processExecutionPhase(TestCaseExecutor.java:312)
	at com.kms.katalon.core.main.TestCaseExecutor.accessMainPhase(TestCaseExecutor.java:304)
	at com.kms.katalon.core.main.TestCaseExecutor.execute(TestCaseExecutor.java:238)
	at com.kms.katalon.core.main.TestSuiteExecutor.accessTestCaseMainPhase(TestSuiteExecutor.java:129)
	at com.kms.katalon.core.main.TestSuiteExecutor.accessTestSuiteMainPhase(TestSuiteExecutor.java:112)
	at com.kms.katalon.core.main.TestSuiteExecutor.execute(TestSuiteExecutor.java:81)
	at com.kms.katalon.core.main.TestCaseMain.startTestSuite(TestCaseMain.java:157)
	at com.kms.katalon.core.main.TestCaseMain$startTestSuite$0.call(Unknown Source)
	at TempTestSuite1569591422215.run(TempTestSuite1569591422215.groovy:35)


2019-09-27 19:29:11 - [MESSAGE][FAILED] - for ([row = 1, row <= findTestData("productData").getRowNumbers(), (row++)]) FAILED.
Reason:
Assertion failed: 

assert prod_message.equalsIgnoreCase(expectedStyleDescription)
       |            |                |
       ""           false            3869 Cozy Cowl

	at productVerifyShort.run(productVerifyShort:63)
	at com.kms.katalon.core.main.ScriptEngine.run(ScriptEngine.java:194)
	at com.kms.katalon.core.main.ScriptEngine.runScriptAsRawText(ScriptEngine.java:119)
	at com.kms.katalon.core.main.TestCaseExecutor.runScript(TestCaseExecutor.java:342)
	at com.kms.katalon.core.main.TestCaseExecutor.doExecute(TestCaseExecutor.java:333)
	at com.kms.katalon.core.main.TestCaseExecutor.processExecutionPhase(TestCaseExecutor.java:312)
	at com.kms.katalon.core.main.TestCaseExecutor.accessMainPhase(TestCaseExecutor.java:304)
	at com.kms.katalon.core.main.TestCaseExecutor.execute(TestCaseExecutor.java:238)
	at com.kms.katalon.core.main.TestCaseMain.runTestCase(TestCaseMain.java:114)
	at com.kms.katalon.core.keyword.builtin.CallTestCaseKeyword$_callTestCase_closure1.doCall(CallTestCaseKeyword.groovy:59)
	at com.kms.katalon.core.keyword.builtin.CallTestCaseKeyword$_callTestCase_closure1.call(CallTestCaseKeyword.groovy)
	at com.kms.katalon.core.keyword.internal.KeywordMain.runKeyword(KeywordMain.groovy:66)
	at com.kms.katalon.core.keyword.builtin.CallTestCaseKeyword.callTestCase(CallTestCaseKeyword.groovy:81)
	at com.kms.katalon.core.keyword.builtin.CallTestCaseKeyword.execute(CallTestCaseKeyword.groovy:44)
	at com.kms.katalon.core.keyword.internal.KeywordExecutor.executeKeywordForPlatform(KeywordExecutor.groovy:56)
	at com.kms.katalon.core.keyword.BuiltinKeywords.callTestCase(BuiltinKeywords.groovy:334)
	at CCOrders.run(CCOrders:40)
	at com.kms.katalon.core.main.ScriptEngine.run(ScriptEngine.java:194)
	at com.kms.katalon.core.main.ScriptEngine.runScriptAsRawText(ScriptEngine.java:119)
	at com.kms.katalon.core.main.TestCaseExecutor.runScript(TestCaseExecutor.java:342)
	at com.kms.katalon.core.main.TestCaseExecutor.doExecute(TestCaseExecutor.java:333)
	at com.kms.katalon.core.main.TestCaseExecutor.processExecutionPhase(TestCaseExecutor.java:312)
	at com.kms.katalon.core.main.TestCaseExecutor.accessMainPhase(TestCaseExecutor.java:304)
	at com.kms.katalon.core.main.TestCaseExecutor.execute(TestCaseExecutor.java:238)
	at com.kms.katalon.core.main.TestSuiteExecutor.accessTestCaseMainPhase(TestSuiteExecutor.java:129)
	at com.kms.katalon.core.main.TestSuiteExecutor.accessTestSuiteMainPhase(TestSuiteExecutor.java:112)
	at com.kms.katalon.core.main.TestSuiteExecutor.execute(TestSuiteExecutor.java:81)
	at com.kms.katalon.core.main.TestCaseMain.startTestSuite(TestCaseMain.java:157)
	at com.kms.katalon.core.main.TestCaseMain$startTestSuite$0.call(Unknown Source)
	at TempTestSuite1569591422215.run(TempTestSuite1569591422215.groovy:35)


2019-09-27 19:29:11 - [MESSAGE][FAILED] - Unable to call Test Case 'Test Cases/NewArrival/productVerifyShort' (Root cause: com.kms.katalon.core.exception.StepFailedException: Call Test Case 'Test Cases/NewArrival/productVerifyShort' failed
	at com.kms.katalon.core.keyword.builtin.CallTestCaseKeyword$_callTestCase_closure1.doCall(CallTestCaseKeyword.groovy:63)
	at com.kms.katalon.core.keyword.builtin.CallTestCaseKeyword$_callTestCase_closure1.call(CallTestCaseKeyword.groovy)
	at com.kms.katalon.core.keyword.internal.KeywordMain.runKeyword(KeywordMain.groovy:66)
	at com.kms.katalon.core.keyword.builtin.CallTestCaseKeyword.callTestCase(CallTestCaseKeyword.groovy:81)
	at com.kms.katalon.core.keyword.builtin.CallTestCaseKeyword.execute(CallTestCaseKeyword.groovy:44)
	at com.kms.katalon.core.keyword.internal.KeywordExecutor.executeKeywordForPlatform(KeywordExecutor.groovy:56)
	at com.kms.katalon.core.keyword.BuiltinKeywords.callTestCase(BuiltinKeywords.groovy:334)
	at CCOrders.run(CCOrders:40)
	at com.kms.katalon.core.main.ScriptEngine.run(ScriptEngine.java:194)
	at com.kms.katalon.core.main.ScriptEngine.runScriptAsRawText(ScriptEngine.java:119)
	at com.kms.katalon.core.main.TestCaseExecutor.runScript(TestCaseExecutor.java:342)
	at com.kms.katalon.core.main.TestCaseExecutor.doExecute(TestCaseExecutor.java:333)
	at com.kms.katalon.core.main.TestCaseExecutor.processExecutionPhase(TestCaseExecutor.java:312)
	at com.kms.katalon.core.main.TestCaseExecutor.accessMainPhase(TestCaseExecutor.java:304)
	at com.kms.katalon.core.main.TestCaseExecutor.execute(TestCaseExecutor.java:238)
	at com.kms.katalon.core.main.TestSuiteExecutor.accessTestCaseMainPhase(TestSuiteExecutor.java:129)
	at com.kms.katalon.core.main.TestSuiteExecutor.accessTestSuiteMainPhase(TestSuiteExecutor.java:112)
	at com.kms.katalon.core.main.TestSuiteExecutor.execute(TestSuiteExecutor.java:81)
	at com.kms.katalon.core.main.TestCaseMain.startTestSuite(TestCaseMain.java:157)
	at com.kms.katalon.core.main.TestCaseMain$startTestSuite$0.call(Unknown Source)
	at TempTestSuite1569591422215.run(TempTestSuite1569591422215.groovy:35)
Caused by: Assertion failed: 

assert prod_message.equalsIgnoreCase(expectedStyleDescription)
       |            |                |
       ""           false            3869 Cozy Cowl

	at productVerifyShort.run(productVerifyShort:63)
	at com.kms.katalon.core.main.ScriptEngine.run(ScriptEngine.java:194)
	at com.kms.katalon.core.main.ScriptEngine.runScriptAsRawText(ScriptEngine.java:119)
	at com.kms.katalon.core.main.TestCaseExecutor.runScript(TestCaseExecutor.java:342)
	at com.kms.katalon.core.main.TestCaseExecutor.doExecute(TestCaseExecutor.java:333)
	at com.kms.katalon.core.main.TestCaseExecutor.processExecutionPhase(TestCaseExecutor.java:312)
	at com.kms.katalon.core.main.TestCaseExecutor.accessMainPhase(TestCaseExecutor.java:304)
	at com.kms.katalon.core.main.TestCaseExecutor.execute(TestCaseExecutor.java:238)
	at com.kms.katalon.core.main.TestCaseMain.runTestCase(TestCaseMain.java:114)
	at com.kms.katalon.core.keyword.builtin.CallTestCaseKeyword$_callTestCase_closure1.doCall(CallTestCaseKeyword.groovy:59)
	... 20 more
)

2019-09-27 19:29:11 - [TEST_STEP][PASSED] - click(findTestObject("Page_cabi Find Order/a_Create Order")): Object: 'Object Repository/Page_cabi Find Order/a_Create Order' is clicked on

2019-09-27 19:29:11 - [MESSAGE][PASSED] - Object: 'Object Repository/Page_cabi Find Order/a_Create Order' is clicked on

2019-09-27 19:29:11 - [TEST_STEP][PASSED] - selectOptionByValue(findTestObject("Page_cabi Create Order/select_order_type"), "RETAIL", true): All options with value 'RETAIL' are selected in object 'Object Repository/Page_cabi Create Order/select_order_type'  using regular expression

2019-09-27 19:29:12 - [MESSAGE][PASSED] - All options with value 'RETAIL' are selected in object 'Object Repository/Page_cabi Create Order/select_order_type'  using regular expression

2019-09-27 19:29:12 - [TEST_STEP][PASSED] - click(findTestObject("Page_cabi Create Order/input_select_order_type")): Object: 'Object Repository/Page_cabi Create Order/input_select_order_type' is clicked on

2019-09-27 19:29:15 - [MESSAGE][PASSED] - Object: 'Object Repository/Page_cabi Create Order/input_select_order_type' is clicked on

2019-09-27 19:29:15 - [TEST_STEP][FAILED] - callTestCase(findTestCase("NewArrival/productVerifyShort"), ["available":CCRetail], CONTINUE_ON_FAILURE): Unable to call Test Case 'Test Cases/NewArrival/productVerifyShort' (Root cause: com.kms.katalon.core.exception.StepFailedException: Call Test Case 'Test Cases/NewArrival/productVerifyShort' failed
	at com.kms.katalon.core.keyword.builtin.CallTestCaseKeyword$_callTestCase_closure1.doCall(CallTestCaseKeyword.groovy:63)
	at com.kms.katalon.core.keyword.builtin.CallTestCaseKeyword$_callTestCase_closure1.call(CallTestCaseKeyword.groovy)
	at com.kms.katalon.core.keyword.internal.KeywordMain.runKeyword(KeywordMain.groovy:66)
	at com.kms.katalon.core.keyword.builtin.CallTestCaseKeyword.callTestCase(CallTestCaseKeyword.groovy:81)
	at com.kms.katalon.core.keyword.builtin.CallTestCaseKeyword.execute(CallTestCaseKeyword.groovy:44)
	at com.kms.katalon.core.keyword.internal.KeywordExecutor.executeKeywordForPlatform(KeywordExecutor.groovy:56)
	at com.kms.katalon.core.keyword.BuiltinKeywords.callTestCase(BuiltinKeywords.groovy:334)
	at CCOrders.run(CCOrders:50)
	at com.kms.katalon.core.main.ScriptEngine.run(ScriptEngine.java:194)
	at com.kms.katalon.core.main.ScriptEngine.runScriptAsRawText(ScriptEngine.java:119)
	at com.kms.katalon.core.main.TestCaseExecutor.runScript(TestCaseExecutor.java:342)
	at com.kms.katalon.core.main.TestCaseExecutor.doExecute(TestCaseExecutor.java:333)
	at com.kms.katalon.core.main.TestCaseExecutor.processExecutionPhase(TestCaseExecutor.java:312)
	at com.kms.katalon.core.main.TestCaseExecutor.accessMainPhase(TestCaseExecutor.java:304)
	at com.kms.katalon.core.main.TestCaseExecutor.execute(TestCaseExecutor.java:238)
	at com.kms.katalon.core.main.TestSuiteExecutor.accessTestCaseMainPhase(TestSuiteExecutor.java:129)
	at com.kms.katalon.core.main.TestSuiteExecutor.accessTestSuiteMainPhase(TestSuiteExecutor.java:112)
	at com.kms.katalon.core.main.TestSuiteExecutor.execute(TestSuiteExecutor.java:81)
	at com.kms.katalon.core.main.TestCaseMain.startTestSuite(TestCaseMain.java:157)
	at com.kms.katalon.core.main.TestCaseMain$startTestSuite$0.call(Unknown Source)
	at TempTestSuite1569591422215.run(TempTestSuite1569591422215.groovy:35)
Caused by: Assertion failed: 

assert prod_message.equalsIgnoreCase(expectedStyleDescription)
       |            |                |
       ""           false            3869 Cozy Cowl

	at productVerifyShort.run(productVerifyShort:63)
	at com.kms.katalon.core.main.ScriptEngine.run(ScriptEngine.java:194)
	at com.kms.katalon.core.main.ScriptEngine.runScriptAsRawText(ScriptEngine.java:119)
	at com.kms.katalon.core.main.TestCaseExecutor.runScript(TestCaseExecutor.java:342)
	at com.kms.katalon.core.main.TestCaseExecutor.doExecute(TestCaseExecutor.java:333)
	at com.kms.katalon.core.main.TestCaseExecutor.processExecutionPhase(TestCaseExecutor.java:312)
	at com.kms.katalon.core.main.TestCaseExecutor.accessMainPhase(TestCaseExecutor.java:304)
	at com.kms.katalon.core.main.TestCaseExecutor.execute(TestCaseExecutor.java:238)
	at com.kms.katalon.core.main.TestCaseMain.runTestCase(TestCaseMain.java:114)
	at com.kms.katalon.core.keyword.builtin.CallTestCaseKeyword$_callTestCase_closure1.doCall(CallTestCaseKeyword.groovy:59)
	... 20 more
)

2019-09-27 19:29:15 - [TEST_CASE][FAILED] - Test Cases/NewArrival/productVerifyShort: Test Cases/NewArrival/productVerifyShort FAILED.
Reason:
Assertion failed: 

assert prod_message.equalsIgnoreCase(expectedStyleDescription)
       |            |                |
       ""           false            3869 Cozy Cowl

	at productVerifyShort.run(productVerifyShort:63)
	at com.kms.katalon.core.main.ScriptEngine.run(ScriptEngine.java:194)
	at com.kms.katalon.core.main.ScriptEngine.runScriptAsRawText(ScriptEngine.java:119)
	at com.kms.katalon.core.main.TestCaseExecutor.runScript(TestCaseExecutor.java:342)
	at com.kms.katalon.core.main.TestCaseExecutor.doExecute(TestCaseExecutor.java:333)
	at com.kms.katalon.core.main.TestCaseExecutor.processExecutionPhase(TestCaseExecutor.java:312)
	at com.kms.katalon.core.main.TestCaseExecutor.accessMainPhase(TestCaseExecutor.java:304)
	at com.kms.katalon.core.main.TestCaseExecutor.execute(TestCaseExecutor.java:238)
	at com.kms.katalon.core.main.TestCaseMain.runTestCase(TestCaseMain.java:114)
	at com.kms.katalon.core.keyword.builtin.CallTestCaseKeyword$_callTestCase_closure1.doCall(CallTestCaseKeyword.groovy:59)
	at com.kms.katalon.core.keyword.builtin.CallTestCaseKeyword$_callTestCase_closure1.call(CallTestCaseKeyword.groovy)
	at com.kms.katalon.core.keyword.internal.KeywordMain.runKeyword(KeywordMain.groovy:66)
	at com.kms.katalon.core.keyword.builtin.CallTestCaseKeyword.callTestCase(CallTestCaseKeyword.groovy:81)
	at com.kms.katalon.core.keyword.builtin.CallTestCaseKeyword.execute(CallTestCaseKeyword.groovy:44)
	at com.kms.katalon.core.keyword.internal.KeywordExecutor.executeKeywordForPlatform(KeywordExecutor.groovy:56)
	at com.kms.katalon.core.keyword.BuiltinKeywords.callTestCase(BuiltinKeywords.groovy:334)
	at CCOrders.run(CCOrders:50)
	at com.kms.katalon.core.main.ScriptEngine.run(ScriptEngine.java:194)
	at com.kms.katalon.core.main.ScriptEngine.runScriptAsRawText(ScriptEngine.java:119)
	at com.kms.katalon.core.main.TestCaseExecutor.runScript(TestCaseExecutor.java:342)
	at com.kms.katalon.core.main.TestCaseExecutor.doExecute(TestCaseExecutor.java:333)
	at com.kms.katalon.core.main.TestCaseExecutor.processExecutionPhase(TestCaseExecutor.java:312)
	at com.kms.katalon.core.main.TestCaseExecutor.accessMainPhase(TestCaseExecutor.java:304)
	at com.kms.katalon.core.main.TestCaseExecutor.execute(TestCaseExecutor.java:238)
	at com.kms.katalon.core.main.TestSuiteExecutor.accessTestCaseMainPhase(TestSuiteExecutor.java:129)
	at com.kms.katalon.core.main.TestSuiteExecutor.accessTestSuiteMainPhase(TestSuiteExecutor.java:112)
	at com.kms.katalon.core.main.TestSuiteExecutor.execute(TestSuiteExecutor.java:81)
	at com.kms.katalon.core.main.TestCaseMain.startTestSuite(TestCaseMain.java:157)
	at com.kms.katalon.core.main.TestCaseMain$startTestSuite$0.call(Unknown Source)
	at TempTestSuite1569591422215.run(TempTestSuite1569591422215.groovy:35)


2019-09-27 19:29:15 - [TEST_STEP][FAILED] - for ([row = 1, row <= findTestData("productData").getRowNumbers(), (row++)]): for ([row = 1, row <= findTestData("productData").getRowNumbers(), (row++)]) FAILED.
Reason:
Assertion failed: 

assert prod_message.equalsIgnoreCase(expectedStyleDescription)
       |            |                |
       ""           false            3869 Cozy Cowl

	at productVerifyShort.run(productVerifyShort:63)
	at com.kms.katalon.core.main.ScriptEngine.run(ScriptEngine.java:194)
	at com.kms.katalon.core.main.ScriptEngine.runScriptAsRawText(ScriptEngine.java:119)
	at com.kms.katalon.core.main.TestCaseExecutor.runScript(TestCaseExecutor.java:342)
	at com.kms.katalon.core.main.TestCaseExecutor.doExecute(TestCaseExecutor.java:333)
	at com.kms.katalon.core.main.TestCaseExecutor.processExecutionPhase(TestCaseExecutor.java:312)
	at com.kms.katalon.core.main.TestCaseExecutor.accessMainPhase(TestCaseExecutor.java:304)
	at com.kms.katalon.core.main.TestCaseExecutor.execute(TestCaseExecutor.java:238)
	at com.kms.katalon.core.main.TestCaseMain.runTestCase(TestCaseMain.java:114)
	at com.kms.katalon.core.keyword.builtin.CallTestCaseKeyword$_callTestCase_closure1.doCall(CallTestCaseKeyword.groovy:59)
	at com.kms.katalon.core.keyword.builtin.CallTestCaseKeyword$_callTestCase_closure1.call(CallTestCaseKeyword.groovy)
	at com.kms.katalon.core.keyword.internal.KeywordMain.runKeyword(KeywordMain.groovy:66)
	at com.kms.katalon.core.keyword.builtin.CallTestCaseKeyword.callTestCase(CallTestCaseKeyword.groovy:81)
	at com.kms.katalon.core.keyword.builtin.CallTestCaseKeyword.execute(CallTestCaseKeyword.groovy:44)
	at com.kms.katalon.core.keyword.internal.KeywordExecutor.executeKeywordForPlatform(KeywordExecutor.groovy:56)
	at com.kms.katalon.core.keyword.BuiltinKeywords.callTestCase(BuiltinKeywords.groovy:334)
	at CCOrders.run(CCOrders:50)
	at com.kms.katalon.core.main.ScriptEngine.run(ScriptEngine.java:194)
	at com.kms.katalon.core.main.ScriptEngine.runScriptAsRawText(ScriptEngine.java:119)
	at com.kms.katalon.core.main.TestCaseExecutor.runScript(TestCaseExecutor.java:342)
	at com.kms.katalon.core.main.TestCaseExecutor.doExecute(TestCaseExecutor.java:333)
	at com.kms.katalon.core.main.TestCaseExecutor.processExecutionPhase(TestCaseExecutor.java:312)
	at com.kms.katalon.core.main.TestCaseExecutor.accessMainPhase(TestCaseExecutor.java:304)
	at com.kms.katalon.core.main.TestCaseExecutor.execute(TestCaseExecutor.java:238)
	at com.kms.katalon.core.main.TestSuiteExecutor.accessTestCaseMainPhase(TestSuiteExecutor.java:129)
	at com.kms.katalon.core.main.TestSuiteExecutor.accessTestSuiteMainPhase(TestSuiteExecutor.java:112)
	at com.kms.katalon.core.main.TestSuiteExecutor.execute(TestSuiteExecutor.java:81)
	at com.kms.katalon.core.main.TestCaseMain.startTestSuite(TestCaseMain.java:157)
	at com.kms.katalon.core.main.TestCaseMain$startTestSuite$0.call(Unknown Source)
	at TempTestSuite1569591422215.run(TempTestSuite1569591422215.groovy:35)


2019-09-27 19:29:15 - [TEST_STEP][PASSED] - delay(2): Delayed 2 second(s)

2019-09-27 19:29:17 - [MESSAGE][PASSED] - Delayed 2 second(s)

2019-09-27 19:29:17 - [TEST_STEP][PASSED] - setText(findTestObject("Object Repository/Page_cabi Create Order/input_Manual Discount_stylelookup_0"), findTestData("productData").getValue("Style", row)): Text '3875' is set on object 'Object Repository/Page_cabi Create Order/input_Manual Discount_stylelookup_0'

2019-09-27 19:29:17 - [MESSAGE][PASSED] - Text '3875' is set on object 'Object Repository/Page_cabi Create Order/input_Manual Discount_stylelookup_0'

2019-09-27 19:29:17 - [TEST_STEP][PASSED] - delay(2): Delayed 2 second(s)

2019-09-27 19:29:19 - [MESSAGE][PASSED] - Delayed 2 second(s)

2019-09-27 19:29:19 - [TEST_STEP][PASSED] - prod_message = getText(findTestObject("Page_cabi Create Order/first_option")): Text of object 'Object Repository/Page_cabi Create Order/first_option' is: '3875 Decked Out Dress'

2019-09-27 19:29:19 - [MESSAGE][PASSED] - Text of object 'Object Repository/Page_cabi Create Order/first_option' is: '3875 Decked Out Dress'

2019-09-27 19:29:19 - [TEST_STEP][PASSED] - delay(1): Delayed 1 second(s)

2019-09-27 19:29:20 - [MESSAGE][PASSED] - Delayed 1 second(s)

2019-09-27 19:29:20 - [TEST_STEP][PASSED] - click(findTestObject("Page_cabi Create Order/first_option")): Object: 'Object Repository/Page_cabi Create Order/first_option' is clicked on

2019-09-27 19:29:20 - [MESSAGE][PASSED] - Object: 'Object Repository/Page_cabi Create Order/first_option' is clicked on

2019-09-27 19:29:20 - [TEST_STEP][PASSED] - if (toString().equalsIgnoreCase("no")): null

2019-09-27 19:29:20 - [TEST_STEP][PASSED] - else: Delayed 3 second(s)

2019-09-27 19:29:20 - [TEST_STEP][PASSED] - delay(3): Delayed 3 second(s)

2019-09-27 19:29:23 - [MESSAGE][PASSED] - Delayed 3 second(s)

2019-09-27 19:29:23 - [TEST_STEP][PASSED] - s1 = getValue("Style", row).toString(): null

2019-09-27 19:29:23 - [TEST_STEP][PASSED] - s2 = " ": null

2019-09-27 19:29:23 - [TEST_STEP][PASSED] - s3 = getValue("Description", row).toString(): null

2019-09-27 19:29:23 - [TEST_STEP][PASSED] - expectedStyleDescription = $s1$s2$s3: null

2019-09-27 19:29:23 - [TEST_STEP][PASSED] - prod_message = UtilityMethods.splitStyle(prod_message): null

2019-09-27 19:29:23 - [TEST_STEP][PASSED] - println(prod_message): null

2019-09-27 19:29:23 - [TEST_STEP][PASSED] - assert prod_message.equalsIgnoreCase(expectedStyleDescription): null

2019-09-27 19:29:23 - [TEST_STEP][PASSED] - delay(3): Delayed 3 second(s)

2019-09-27 19:29:26 - [MESSAGE][PASSED] - Delayed 3 second(s)

2019-09-27 19:29:26 - [TEST_STEP][PASSED] - colorOptions = findWebElements(findTestObject("Page_cabi Order Items/GetAttribute_Color"), 5): null

2019-09-27 19:29:26 - [TEST_STEP][PASSED] - println(colorOptions.size()): null

2019-09-27 19:29:26 - [TEST_STEP][PASSED] - expectedColour = findTestData("productData").getValue("Color", row): null

2019-09-27 19:29:26 - [TEST_STEP][PASSED] - println("expected colour is"): null

2019-09-27 19:29:26 - [TEST_STEP][PASSED] - println(expectedColour): null

2019-09-27 19:29:26 - [TEST_STEP][PASSED] - colourVerified = false: null

2019-09-27 19:29:26 - [TEST_STEP][PASSED] - for (org.openqa.selenium.WebElement op : colorOptions): null

2019-09-27 19:29:26 - [TEST_STEP][PASSED] - println(op.getText()): null

2019-09-27 19:29:27 - [TEST_STEP][PASSED] - if (expectedColour.equalsIgnoreCase(op.getText())): null

2019-09-27 19:29:27 - [TEST_STEP][PASSED] - colourVerified = true: null

2019-09-27 19:29:27 - [TEST_STEP][PASSED] - break: null

2019-09-27 19:29:27 - [TEST_STEP][PASSED] - assert colourVerified == true: null

2019-09-27 19:29:27 - [TEST_STEP][PASSED] - getPrice = getText(findTestObject("Page_cabi Create Order/retail_price")): Text of object 'Object Repository/Page_cabi Create Order/retail_price' is: '$159.00'

2019-09-27 19:29:27 - [MESSAGE][PASSED] - Text of object 'Object Repository/Page_cabi Create Order/retail_price' is: '$159.00'

2019-09-27 19:29:27 - [TEST_STEP][PASSED] - Split_Data = UtilityMethods.SplitData(getPrice): null

2019-09-27 19:29:27 - [TEST_STEP][PASSED] - verifyMatch(Split_Data, findTestData("productData").getValue("Retail", row), true, CONTINUE_ON_FAILURE): Actual text '159' and expected text '159' are matched  using regular expression

2019-09-27 19:29:27 - [MESSAGE][PASSED] - Actual text '159' and expected text '159' are matched  using regular expression

2019-09-27 19:29:27 - [TEST_STEP][PASSED] - sizeRange1 = ["XXS", "XS", "S", "M", "L", "XL"]: null

2019-09-27 19:29:27 - [TEST_STEP][PASSED] - sizeRange2 = ["00", "0", "2", "4", "6", "8", "10", "12", "14", "16"]: null

2019-09-27 19:29:27 - [TEST_STEP][PASSED] - sizeRange3 = ["Long", "Regular", "Short"]: null

2019-09-27 19:29:27 - [TEST_STEP][PASSED] - sizeRange4 = ["5", "6", "6.5", "7", "7.5", "8", "8.5", "9", "9.5", "10", "11"]: null

2019-09-27 19:29:27 - [TEST_STEP][PASSED] - sizeRangeSplit = UtilityMethods.SplitSizes(findTestData("productData").getValue("SzRange", row)): null

2019-09-27 19:29:27 - [TEST_STEP][PASSED] - sizeType = getText(findTestObject("Object Repository/Page_cabi Order Items/Size")): Text of object 'Object Repository/Page_cabi Order Items/Size' is: 'Select'

2019-09-27 19:29:27 - [MESSAGE][PASSED] - Text of object 'Object Repository/Page_cabi Order Items/Size' is: 'Select'

2019-09-27 19:29:27 - [TEST_STEP][PASSED] - sizeOptions = findWebElements(findTestObject("Object Repository/Page_cabi Order Items/Size"), 5): null

2019-09-27 19:29:27 - [TEST_STEP][PASSED] - actualRange = new java.util.ArrayList(): null

2019-09-27 19:29:27 - [TEST_STEP][PASSED] - expectedRange = <not implemented yet for class: org.codehaus.groovy.ast.expr.EmptyExpression>: null

2019-09-27 19:29:27 - [TEST_STEP][PASSED] - if (sizeType.equalsIgnoreCase("Select")): null

2019-09-27 19:29:27 - [TEST_STEP][PASSED] - for ([i = 1, i < sizeOptions.size(), (i++)]): null

2019-09-27 19:29:27 - [TEST_STEP][PASSED] - actualRange.add(get(i).getAttribute("value")): null

2019-09-27 19:29:27 - [TEST_STEP][PASSED] - actualRange.add(get(i).getAttribute("value")): null

2019-09-27 19:29:27 - [TEST_STEP][PASSED] - actualRange.add(get(i).getAttribute("value")): null

2019-09-27 19:29:27 - [TEST_STEP][PASSED] - actualRange.add(get(i).getAttribute("value")): null

2019-09-27 19:29:27 - [TEST_STEP][PASSED] - actualRange.add(get(i).getAttribute("value")): null

2019-09-27 19:29:27 - [TEST_STEP][PASSED] - if (toString().equalsIgnoreCase("XS") || toString().equalsIgnoreCase("XXS")): null

2019-09-27 19:29:27 - [TEST_STEP][PASSED] - expectedRange = UtilityMethods.getExpectedRange(sizeRange1, sizeRangeSplit): null

2019-09-27 19:29:27 - [TEST_STEP][PASSED] - println("XS"): null

2019-09-27 19:29:27 - [TEST_STEP][PASSED] - println(expectedRange.toString()): null

2019-09-27 19:29:27 - [TEST_STEP][PASSED] - assert UtilityMethods.listEquals(expectedRange, actualRange) == true: null

2019-09-27 19:29:27 - [TEST_STEP][PASSED] - delay(3): Delayed 3 second(s)

2019-09-27 19:29:30 - [MESSAGE][PASSED] - Delayed 3 second(s)

2019-09-27 19:29:30 - [TEST_STEP][PASSED] - delay(2): Delayed 2 second(s)

2019-09-27 19:29:32 - [MESSAGE][PASSED] - Delayed 2 second(s)

2019-09-27 19:29:32 - [TEST_STEP][PASSED] - setText(findTestObject("Object Repository/Page_cabi Create Order/input_Manual Discount_stylelookup_0"), findTestData("productData").getValue("Style", row)): Text '3869' is set on object 'Object Repository/Page_cabi Create Order/input_Manual Discount_stylelookup_0'

2019-09-27 19:29:32 - [MESSAGE][PASSED] - Text '3869' is set on object 'Object Repository/Page_cabi Create Order/input_Manual Discount_stylelookup_0'

2019-09-27 19:29:32 - [TEST_STEP][PASSED] - delay(2): Delayed 2 second(s)

2019-09-27 19:29:34 - [MESSAGE][PASSED] - Delayed 2 second(s)

2019-09-27 19:29:34 - [TEST_STEP][PASSED] - prod_message = getText(findTestObject("Page_cabi Create Order/first_option")): Text of object 'Object Repository/Page_cabi Create Order/first_option' is: ''

2019-09-27 19:29:34 - [MESSAGE][PASSED] - Text of object 'Object Repository/Page_cabi Create Order/first_option' is: ''

2019-09-27 19:29:34 - [TEST_STEP][PASSED] - delay(1): Delayed 1 second(s)

2019-09-27 19:29:35 - [MESSAGE][PASSED] - Delayed 1 second(s)

2019-09-27 19:29:35 - [TEST_STEP][PASSED] - click(findTestObject("Page_cabi Create Order/first_option")): Object: 'Object Repository/Page_cabi Create Order/first_option' is clicked on

2019-09-27 19:29:35 - [MESSAGE][PASSED] - Object: 'Object Repository/Page_cabi Create Order/first_option' is clicked on

2019-09-27 19:29:35 - [TEST_STEP][PASSED] - if (toString().equalsIgnoreCase("no")): null

2019-09-27 19:29:35 - [TEST_STEP][FAILED] - else: for ([row = 1, row <= findTestData("productData").getRowNumbers(), (row++)]) FAILED.
Reason:
Assertion failed: 

assert prod_message.equalsIgnoreCase(expectedStyleDescription)
       |            |                |
       ""           false            3869 Cozy Cowl

	at productVerifyShort.run(productVerifyShort:63)
	at com.kms.katalon.core.main.ScriptEngine.run(ScriptEngine.java:194)
	at com.kms.katalon.core.main.ScriptEngine.runScriptAsRawText(ScriptEngine.java:119)
	at com.kms.katalon.core.main.TestCaseExecutor.runScript(TestCaseExecutor.java:342)
	at com.kms.katalon.core.main.TestCaseExecutor.doExecute(TestCaseExecutor.java:333)
	at com.kms.katalon.core.main.TestCaseExecutor.processExecutionPhase(TestCaseExecutor.java:312)
	at com.kms.katalon.core.main.TestCaseExecutor.accessMainPhase(TestCaseExecutor.java:304)
	at com.kms.katalon.core.main.TestCaseExecutor.execute(TestCaseExecutor.java:238)
	at com.kms.katalon.core.main.TestCaseMain.runTestCase(TestCaseMain.java:114)
	at com.kms.katalon.core.keyword.builtin.CallTestCaseKeyword$_callTestCase_closure1.doCall(CallTestCaseKeyword.groovy:59)
	at com.kms.katalon.core.keyword.builtin.CallTestCaseKeyword$_callTestCase_closure1.call(CallTestCaseKeyword.groovy)
	at com.kms.katalon.core.keyword.internal.KeywordMain.runKeyword(KeywordMain.groovy:66)
	at com.kms.katalon.core.keyword.builtin.CallTestCaseKeyword.callTestCase(CallTestCaseKeyword.groovy:81)
	at com.kms.katalon.core.keyword.builtin.CallTestCaseKeyword.execute(CallTestCaseKeyword.groovy:44)
	at com.kms.katalon.core.keyword.internal.KeywordExecutor.executeKeywordForPlatform(KeywordExecutor.groovy:56)
	at com.kms.katalon.core.keyword.BuiltinKeywords.callTestCase(BuiltinKeywords.groovy:334)
	at CCOrders.run(CCOrders:50)
	at com.kms.katalon.core.main.ScriptEngine.run(ScriptEngine.java:194)
	at com.kms.katalon.core.main.ScriptEngine.runScriptAsRawText(ScriptEngine.java:119)
	at com.kms.katalon.core.main.TestCaseExecutor.runScript(TestCaseExecutor.java:342)
	at com.kms.katalon.core.main.TestCaseExecutor.doExecute(TestCaseExecutor.java:333)
	at com.kms.katalon.core.main.TestCaseExecutor.processExecutionPhase(TestCaseExecutor.java:312)
	at com.kms.katalon.core.main.TestCaseExecutor.accessMainPhase(TestCaseExecutor.java:304)
	at com.kms.katalon.core.main.TestCaseExecutor.execute(TestCaseExecutor.java:238)
	at com.kms.katalon.core.main.TestSuiteExecutor.accessTestCaseMainPhase(TestSuiteExecutor.java:129)
	at com.kms.katalon.core.main.TestSuiteExecutor.accessTestSuiteMainPhase(TestSuiteExecutor.java:112)
	at com.kms.katalon.core.main.TestSuiteExecutor.execute(TestSuiteExecutor.java:81)
	at com.kms.katalon.core.main.TestCaseMain.startTestSuite(TestCaseMain.java:157)
	at com.kms.katalon.core.main.TestCaseMain$startTestSuite$0.call(Unknown Source)
	at TempTestSuite1569591422215.run(TempTestSuite1569591422215.groovy:35)


2019-09-27 19:29:35 - [TEST_STEP][PASSED] - delay(3): Delayed 3 second(s)

2019-09-27 19:29:38 - [MESSAGE][PASSED] - Delayed 3 second(s)

2019-09-27 19:29:38 - [TEST_STEP][PASSED] - s1 = getValue("Style", row).toString(): null

2019-09-27 19:29:38 - [TEST_STEP][PASSED] - s2 = " ": null

2019-09-27 19:29:38 - [TEST_STEP][PASSED] - s3 = getValue("Description", row).toString(): null

2019-09-27 19:29:38 - [TEST_STEP][PASSED] - expectedStyleDescription = $s1$s2$s3: null

2019-09-27 19:29:38 - [TEST_STEP][PASSED] - prod_message = UtilityMethods.splitStyle(prod_message): null

2019-09-27 19:29:38 - [TEST_STEP][PASSED] - println(prod_message): null

2019-09-27 19:29:38 - [TEST_STEP][FAILED] - assert prod_message.equalsIgnoreCase(expectedStyleDescription): for ([row = 1, row <= findTestData("productData").getRowNumbers(), (row++)]) FAILED.
Reason:
Assertion failed: 

assert prod_message.equalsIgnoreCase(expectedStyleDescription)
       |            |                |
       ""           false            3869 Cozy Cowl

	at productVerifyShort.run(productVerifyShort:63)
	at com.kms.katalon.core.main.ScriptEngine.run(ScriptEngine.java:194)
	at com.kms.katalon.core.main.ScriptEngine.runScriptAsRawText(ScriptEngine.java:119)
	at com.kms.katalon.core.main.TestCaseExecutor.runScript(TestCaseExecutor.java:342)
	at com.kms.katalon.core.main.TestCaseExecutor.doExecute(TestCaseExecutor.java:333)
	at com.kms.katalon.core.main.TestCaseExecutor.processExecutionPhase(TestCaseExecutor.java:312)
	at com.kms.katalon.core.main.TestCaseExecutor.accessMainPhase(TestCaseExecutor.java:304)
	at com.kms.katalon.core.main.TestCaseExecutor.execute(TestCaseExecutor.java:238)
	at com.kms.katalon.core.main.TestCaseMain.runTestCase(TestCaseMain.java:114)
	at com.kms.katalon.core.keyword.builtin.CallTestCaseKeyword$_callTestCase_closure1.doCall(CallTestCaseKeyword.groovy:59)
	at com.kms.katalon.core.keyword.builtin.CallTestCaseKeyword$_callTestCase_closure1.call(CallTestCaseKeyword.groovy)
	at com.kms.katalon.core.keyword.internal.KeywordMain.runKeyword(KeywordMain.groovy:66)
	at com.kms.katalon.core.keyword.builtin.CallTestCaseKeyword.callTestCase(CallTestCaseKeyword.groovy:81)
	at com.kms.katalon.core.keyword.builtin.CallTestCaseKeyword.execute(CallTestCaseKeyword.groovy:44)
	at com.kms.katalon.core.keyword.internal.KeywordExecutor.executeKeywordForPlatform(KeywordExecutor.groovy:56)
	at com.kms.katalon.core.keyword.BuiltinKeywords.callTestCase(BuiltinKeywords.groovy:334)
	at CCOrders.run(CCOrders:50)
	at com.kms.katalon.core.main.ScriptEngine.run(ScriptEngine.java:194)
	at com.kms.katalon.core.main.ScriptEngine.runScriptAsRawText(ScriptEngine.java:119)
	at com.kms.katalon.core.main.TestCaseExecutor.runScript(TestCaseExecutor.java:342)
	at com.kms.katalon.core.main.TestCaseExecutor.doExecute(TestCaseExecutor.java:333)
	at com.kms.katalon.core.main.TestCaseExecutor.processExecutionPhase(TestCaseExecutor.java:312)
	at com.kms.katalon.core.main.TestCaseExecutor.accessMainPhase(TestCaseExecutor.java:304)
	at com.kms.katalon.core.main.TestCaseExecutor.execute(TestCaseExecutor.java:238)
	at com.kms.katalon.core.main.TestSuiteExecutor.accessTestCaseMainPhase(TestSuiteExecutor.java:129)
	at com.kms.katalon.core.main.TestSuiteExecutor.accessTestSuiteMainPhase(TestSuiteExecutor.java:112)
	at com.kms.katalon.core.main.TestSuiteExecutor.execute(TestSuiteExecutor.java:81)
	at com.kms.katalon.core.main.TestCaseMain.startTestSuite(TestCaseMain.java:157)
	at com.kms.katalon.core.main.TestCaseMain$startTestSuite$0.call(Unknown Source)
	at TempTestSuite1569591422215.run(TempTestSuite1569591422215.groovy:35)


2019-09-27 19:29:38 - [MESSAGE][FAILED] - for ([row = 1, row <= findTestData("productData").getRowNumbers(), (row++)]) FAILED.
Reason:
Assertion failed: 

assert prod_message.equalsIgnoreCase(expectedStyleDescription)
       |            |                |
       ""           false            3869 Cozy Cowl

	at productVerifyShort.run(productVerifyShort:63)
	at com.kms.katalon.core.main.ScriptEngine.run(ScriptEngine.java:194)
	at com.kms.katalon.core.main.ScriptEngine.runScriptAsRawText(ScriptEngine.java:119)
	at com.kms.katalon.core.main.TestCaseExecutor.runScript(TestCaseExecutor.java:342)
	at com.kms.katalon.core.main.TestCaseExecutor.doExecute(TestCaseExecutor.java:333)
	at com.kms.katalon.core.main.TestCaseExecutor.processExecutionPhase(TestCaseExecutor.java:312)
	at com.kms.katalon.core.main.TestCaseExecutor.accessMainPhase(TestCaseExecutor.java:304)
	at com.kms.katalon.core.main.TestCaseExecutor.execute(TestCaseExecutor.java:238)
	at com.kms.katalon.core.main.TestCaseMain.runTestCase(TestCaseMain.java:114)
	at com.kms.katalon.core.keyword.builtin.CallTestCaseKeyword$_callTestCase_closure1.doCall(CallTestCaseKeyword.groovy:59)
	at com.kms.katalon.core.keyword.builtin.CallTestCaseKeyword$_callTestCase_closure1.call(CallTestCaseKeyword.groovy)
	at com.kms.katalon.core.keyword.internal.KeywordMain.runKeyword(KeywordMain.groovy:66)
	at com.kms.katalon.core.keyword.builtin.CallTestCaseKeyword.callTestCase(CallTestCaseKeyword.groovy:81)
	at com.kms.katalon.core.keyword.builtin.CallTestCaseKeyword.execute(CallTestCaseKeyword.groovy:44)
	at com.kms.katalon.core.keyword.internal.KeywordExecutor.executeKeywordForPlatform(KeywordExecutor.groovy:56)
	at com.kms.katalon.core.keyword.BuiltinKeywords.callTestCase(BuiltinKeywords.groovy:334)
	at CCOrders.run(CCOrders:50)
	at com.kms.katalon.core.main.ScriptEngine.run(ScriptEngine.java:194)
	at com.kms.katalon.core.main.ScriptEngine.runScriptAsRawText(ScriptEngine.java:119)
	at com.kms.katalon.core.main.TestCaseExecutor.runScript(TestCaseExecutor.java:342)
	at com.kms.katalon.core.main.TestCaseExecutor.doExecute(TestCaseExecutor.java:333)
	at com.kms.katalon.core.main.TestCaseExecutor.processExecutionPhase(TestCaseExecutor.java:312)
	at com.kms.katalon.core.main.TestCaseExecutor.accessMainPhase(TestCaseExecutor.java:304)
	at com.kms.katalon.core.main.TestCaseExecutor.execute(TestCaseExecutor.java:238)
	at com.kms.katalon.core.main.TestSuiteExecutor.accessTestCaseMainPhase(TestSuiteExecutor.java:129)
	at com.kms.katalon.core.main.TestSuiteExecutor.accessTestSuiteMainPhase(TestSuiteExecutor.java:112)
	at com.kms.katalon.core.main.TestSuiteExecutor.execute(TestSuiteExecutor.java:81)
	at com.kms.katalon.core.main.TestCaseMain.startTestSuite(TestCaseMain.java:157)
	at com.kms.katalon.core.main.TestCaseMain$startTestSuite$0.call(Unknown Source)
	at TempTestSuite1569591422215.run(TempTestSuite1569591422215.groovy:35)


2019-09-27 19:29:38 - [MESSAGE][FAILED] - Unable to call Test Case 'Test Cases/NewArrival/productVerifyShort' (Root cause: com.kms.katalon.core.exception.StepFailedException: Call Test Case 'Test Cases/NewArrival/productVerifyShort' failed
	at com.kms.katalon.core.keyword.builtin.CallTestCaseKeyword$_callTestCase_closure1.doCall(CallTestCaseKeyword.groovy:63)
	at com.kms.katalon.core.keyword.builtin.CallTestCaseKeyword$_callTestCase_closure1.call(CallTestCaseKeyword.groovy)
	at com.kms.katalon.core.keyword.internal.KeywordMain.runKeyword(KeywordMain.groovy:66)
	at com.kms.katalon.core.keyword.builtin.CallTestCaseKeyword.callTestCase(CallTestCaseKeyword.groovy:81)
	at com.kms.katalon.core.keyword.builtin.CallTestCaseKeyword.execute(CallTestCaseKeyword.groovy:44)
	at com.kms.katalon.core.keyword.internal.KeywordExecutor.executeKeywordForPlatform(KeywordExecutor.groovy:56)
	at com.kms.katalon.core.keyword.BuiltinKeywords.callTestCase(BuiltinKeywords.groovy:334)
	at CCOrders.run(CCOrders:50)
	at com.kms.katalon.core.main.ScriptEngine.run(ScriptEngine.java:194)
	at com.kms.katalon.core.main.ScriptEngine.runScriptAsRawText(ScriptEngine.java:119)
	at com.kms.katalon.core.main.TestCaseExecutor.runScript(TestCaseExecutor.java:342)
	at com.kms.katalon.core.main.TestCaseExecutor.doExecute(TestCaseExecutor.java:333)
	at com.kms.katalon.core.main.TestCaseExecutor.processExecutionPhase(TestCaseExecutor.java:312)
	at com.kms.katalon.core.main.TestCaseExecutor.accessMainPhase(TestCaseExecutor.java:304)
	at com.kms.katalon.core.main.TestCaseExecutor.execute(TestCaseExecutor.java:238)
	at com.kms.katalon.core.main.TestSuiteExecutor.accessTestCaseMainPhase(TestSuiteExecutor.java:129)
	at com.kms.katalon.core.main.TestSuiteExecutor.accessTestSuiteMainPhase(TestSuiteExecutor.java:112)
	at com.kms.katalon.core.main.TestSuiteExecutor.execute(TestSuiteExecutor.java:81)
	at com.kms.katalon.core.main.TestCaseMain.startTestSuite(TestCaseMain.java:157)
	at com.kms.katalon.core.main.TestCaseMain$startTestSuite$0.call(Unknown Source)
	at TempTestSuite1569591422215.run(TempTestSuite1569591422215.groovy:35)
Caused by: Assertion failed: 

assert prod_message.equalsIgnoreCase(expectedStyleDescription)
       |            |                |
       ""           false            3869 Cozy Cowl

	at productVerifyShort.run(productVerifyShort:63)
	at com.kms.katalon.core.main.ScriptEngine.run(ScriptEngine.java:194)
	at com.kms.katalon.core.main.ScriptEngine.runScriptAsRawText(ScriptEngine.java:119)
	at com.kms.katalon.core.main.TestCaseExecutor.runScript(TestCaseExecutor.java:342)
	at com.kms.katalon.core.main.TestCaseExecutor.doExecute(TestCaseExecutor.java:333)
	at com.kms.katalon.core.main.TestCaseExecutor.processExecutionPhase(TestCaseExecutor.java:312)
	at com.kms.katalon.core.main.TestCaseExecutor.accessMainPhase(TestCaseExecutor.java:304)
	at com.kms.katalon.core.main.TestCaseExecutor.execute(TestCaseExecutor.java:238)
	at com.kms.katalon.core.main.TestCaseMain.runTestCase(TestCaseMain.java:114)
	at com.kms.katalon.core.keyword.builtin.CallTestCaseKeyword$_callTestCase_closure1.doCall(CallTestCaseKeyword.groovy:59)
	... 20 more
)

2019-09-27 19:29:38 - [TEST_STEP][PASSED] - callTestCase(findTestCase("NewArrival/populateTimeGlobalVars"), ["row":timeRow], CONTINUE_ON_FAILURE): Call Test Case 'Test Cases/NewArrival/populateTimeGlobalVars' successfully

2019-09-27 19:29:38 - [TEST_CASE][PASSED] - Test Cases/NewArrival/populateTimeGlobalVars: Test Cases/NewArrival/populateTimeGlobalVars

2019-09-27 19:29:38 - [TEST_STEP][PASSED] - dataFile = "timezoneData": null

2019-09-27 19:29:38 - [TEST_STEP][PASSED] - clockServerTarget = UtilityMethods.getTestData("envtData", "clockServerTarget", 1): null

2019-09-27 19:29:38 - [TEST_STEP][PASSED] - println(clockServerTarget): null

2019-09-27 19:29:38 - [TEST_STEP][PASSED] - orderType = UtilityMethods.getTestData(dataFile, "orderType", row): null

2019-09-27 19:29:38 - [TEST_STEP][PASSED] - timeZone = UtilityMethods.getTestData(dataFile, "timeZone", row): null

2019-09-27 19:29:38 - [TEST_STEP][PASSED] - BOPersonal = UtilityMethods.getTestData(dataFile, "BOPersonal", row): null

2019-09-27 19:29:38 - [TEST_STEP][PASSED] - BOAddonPersonal = UtilityMethods.getTestData(dataFile, "BOAddonPersonal", row): null

2019-09-27 19:29:38 - [TEST_STEP][PASSED] - BOAddonRetail = UtilityMethods.getTestData(dataFile, "BOAddonRetail", row): null

2019-09-27 19:29:38 - [TEST_STEP][PASSED] - BORetail = UtilityMethods.getTestData(dataFile, "BORetail", row): null

2019-09-27 19:29:38 - [TEST_STEP][PASSED] - BOShow = UtilityMethods.getTestData(dataFile, "BOShow", row): null

2019-09-27 19:29:38 - [TEST_STEP][PASSED] - BOOnlineoutlet = UtilityMethods.getTestData(dataFile, "BOOnlineoutlet", row): null

2019-09-27 19:29:38 - [TEST_STEP][PASSED] - BOEmployee = UtilityMethods.getTestData(dataFile, "BOEmployee", row): null

2019-09-27 19:29:38 - [TEST_STEP][PASSED] - CCPersonal = UtilityMethods.getTestData(dataFile, "CCPersonal", row): null

2019-09-27 19:29:38 - [TEST_STEP][PASSED] - CCRetail = UtilityMethods.getTestData(dataFile, "CCRetail", row): null

2019-09-27 19:29:38 - [TEST_STEP][PASSED] - CCShow = UtilityMethods.getTestData(dataFile, "CCShow", row): null

2019-09-27 19:29:38 - [TEST_STEP][PASSED] - BOEblast = UtilityMethods.getTestData(dataFile, "BOEblast", row): null

2019-09-27 19:29:38 - [TEST_STEP][PASSED] - println(row): null

2019-09-27 19:29:38 - [TEST_STEP][PASSED] - println(BOPersonal): null

2019-09-27 19:29:38 - [MESSAGE][PASSED] - Call Test Case 'Test Cases/NewArrival/populateTimeGlobalVars' successfully

2019-09-27 19:29:38 - [TEST_STEP][PASSED] - callTestCase(findTestCase("NewArrival/setTimezone"), ["ofbizURL":"", "ofbizuser":"", "ofbizpass":"", "orderType":orderType, "timeZone":timeZone, "serverTarget":serverTarget, "clockServerTarget":clockServerTarget], CONTINUE_ON_FAILURE): Call Test Case 'Test Cases/NewArrival/setTimezone' successfully

2019-09-27 19:29:38 - [TEST_CASE][PASSED] - Test Cases/NewArrival/setTimezone: Test Cases/NewArrival/setTimezone

2019-09-27 19:29:38 - [TEST_STEP][PASSED] - openBrowser(""): Browser is opened with url: ''

2019-09-27 19:29:38 - [MESSAGE][WARNING] - A browser is already opened. Closing browser and opening a new one

2019-09-27 19:29:39 - [MESSAGE][INFO] - Starting 'Chrome' driver

2019-09-27 19:29:39 - [MESSAGE][INFO] - User set preference: ['args', '[--use-fake-ui-for-media-stream, --start-maximized]']

2019-09-27 19:29:41 - [MESSAGE][PASSED] - Browser is opened with url: ''

2019-09-27 19:29:41 - [TEST_STEP][NOT_RUN] - maximizeWindow(): NOT_RUN: maximizeWindow()

2019-09-27 19:29:41 - [MESSAGE][NOT_RUN] - NOT_RUN: maximizeWindow()

2019-09-27 19:29:41 - [TEST_STEP][PASSED] - ofbizURL = findTestData("envtData").getValue("ofbizURL", 1): null

2019-09-27 19:29:41 - [TEST_STEP][PASSED] - ofbizuser = findTestData("credData").getValue("ofbizuser", 1): null

2019-09-27 19:29:41 - [TEST_STEP][PASSED] - ofbizpass = findTestData("credData").getValue("ofbizpass", 1): null

2019-09-27 19:29:41 - [TEST_STEP][PASSED] - navigateToUrl(ofbizURL): Navigate to 'https://pushofbiz.cliotest.com/login.php' successfully

2019-09-27 19:29:43 - [MESSAGE][PASSED] - Navigate to 'https://pushofbiz.cliotest.com/login.php' successfully

2019-09-27 19:29:43 - [TEST_STEP][PASSED] - setText(findTestObject("Page_/input_Username_username"), ofbizuser): Text 'automation' is set on object 'Object Repository/Page_/input_Username_username'

2019-09-27 19:29:43 - [MESSAGE][PASSED] - Text 'automation' is set on object 'Object Repository/Page_/input_Username_username'

2019-09-27 19:29:43 - [TEST_STEP][PASSED] - setText(findTestObject("Page_/input_Password_password"), ofbizpass): Text 'cabiautomation' is set on object 'Object Repository/Page_/input_Password_password'

2019-09-27 19:29:43 - [MESSAGE][PASSED] - Text 'cabiautomation' is set on object 'Object Repository/Page_/input_Password_password'

2019-09-27 19:29:43 - [TEST_STEP][PASSED] - click(findTestObject("Page_/input_Password_Submit")): Object: 'Object Repository/Page_/input_Password_Submit' is clicked on

2019-09-27 19:29:47 - [MESSAGE][PASSED] - Object: 'Object Repository/Page_/input_Password_Submit' is clicked on

2019-09-27 19:29:47 - [TEST_STEP][PASSED] - click(findTestObject("Object Repository/Page_/a_Clock set")): Object: 'Object Repository/Page_/a_Clock set' is clicked on

2019-09-27 19:29:47 - [MESSAGE][PASSED] - Object: 'Object Repository/Page_/a_Clock set' is clicked on

2019-09-27 19:29:47 - [TEST_STEP][PASSED] - cst = UtilityMethods.createTestObject("select_target", "//select[@name='Target']/option[contains(text(), '", clockServerTarget, "')]"): null

2019-09-27 19:29:47 - [TEST_STEP][PASSED] - println(clockServerTarget): null

2019-09-27 19:29:47 - [TEST_STEP][PASSED] - click(cst): Object: 'select_target' is clicked on

2019-09-27 19:29:47 - [MESSAGE][PASSED] - Object: 'select_target' is clicked on

2019-09-27 19:29:47 - [TEST_STEP][PASSED] - click(findTestObject("Page_/thisDateAndTime")): Object: 'Object Repository/Page_/thisDateAndTime' is clicked on

2019-09-27 19:29:48 - [MESSAGE][PASSED] - Object: 'Object Repository/Page_/thisDateAndTime' is clicked on

2019-09-27 19:29:48 - [TEST_STEP][PASSED] - setText(findTestObject("Object Repository/Page_/setTargetTime"), timeZone): Text ' 11/06/2019 7:00' is set on object 'Object Repository/Page_/setTargetTime'

2019-09-27 19:29:48 - [MESSAGE][PASSED] - Text ' 11/06/2019 7:00' is set on object 'Object Repository/Page_/setTargetTime'

2019-09-27 19:29:48 - [TEST_STEP][PASSED] - click(findTestObject("Object Repository/Page_/input")): Object: 'Object Repository/Page_/input' is clicked on

2019-09-27 19:29:48 - [MESSAGE][PASSED] - Object: 'Object Repository/Page_/input' is clicked on

2019-09-27 19:29:48 - [TEST_STEP][PASSED] - delay(10): Delayed 10 second(s)

2019-09-27 19:29:58 - [MESSAGE][PASSED] - Delayed 10 second(s)

2019-09-27 19:29:58 - [TEST_STEP][NOT_RUN] - closeBrowser(): NOT_RUN: closeBrowser()

2019-09-27 19:29:58 - [MESSAGE][NOT_RUN] - NOT_RUN: closeBrowser()

2019-09-27 19:29:58 - [MESSAGE][PASSED] - Call Test Case 'Test Cases/NewArrival/setTimezone' successfully

2019-09-27 19:29:58 - [TEST_STEP][PASSED] - callTestCase(findTestCase("TestCaseUtilities/cabiCentralLogin"), [:], CONTINUE_ON_FAILURE): Call Test Case 'Test Cases/TestCaseUtilities/cabiCentralLogin' successfully

2019-09-27 19:29:58 - [TEST_CASE][PASSED] - Test Cases/TestCaseUtilities/cabiCentralLogin: Test Cases/TestCaseUtilities/cabiCentralLogin

2019-09-27 19:29:58 - [TEST_STEP][PASSED] - CCURL = findTestData("envtData").getValue("CCURL", 1): null

2019-09-27 19:29:58 - [TEST_STEP][PASSED] - CCuser = findTestData("credData").getValue("CCuser", 1): null

2019-09-27 19:29:58 - [TEST_STEP][PASSED] - CCpass = findTestData("credData").getValue("CCpass", 1): null

2019-09-27 19:29:58 - [TEST_STEP][PASSED] - openBrowser(""): Browser is opened with url: ''

2019-09-27 19:29:58 - [MESSAGE][WARNING] - A browser is already opened. Closing browser and opening a new one

2019-09-27 19:29:59 - [MESSAGE][INFO] - Starting 'Chrome' driver

2019-09-27 19:29:59 - [MESSAGE][INFO] - User set preference: ['args', '[--use-fake-ui-for-media-stream, --start-maximized]']

2019-09-27 19:30:01 - [MESSAGE][PASSED] - Browser is opened with url: ''

2019-09-27 19:30:01 - [TEST_STEP][PASSED] - navigateToUrl(CCURL): Navigate to 'https://test4.cliotest.com/cabicentral/control/main' successfully

2019-09-27 19:30:11 - [MESSAGE][PASSED] - Navigate to 'https://test4.cliotest.com/cabicentral/control/main' successfully

2019-09-27 19:30:11 - [TEST_STEP][PASSED] - maximizeWindow(): Current window maximized

2019-09-27 19:30:12 - [MESSAGE][PASSED] - Current window maximized

2019-09-27 19:30:12 - [TEST_STEP][PASSED] - logOut = findWebElements(findTestObject("Object Repository/Page_cabi Home/log_out"), 1): Unable to find the element located by 'By.xpath: //a[contains(text(),'Log Out')]'. Please recheck the objects properties to make sure the desired element is located. 

2019-09-27 19:30:13 - [MESSAGE][INFO] - Unable to find the element located by 'By.xpath: //a[contains(text(),'Log Out')]'. Please recheck the objects properties to make sure the desired element is located. 

2019-09-27 19:30:13 - [TEST_STEP][PASSED] - if (logOut.size() == 0): Object: 'Object Repository/Page_cabi/input_Password_section-btn btn-stl-pk rFloat' is clicked on

2019-09-27 19:30:13 - [TEST_STEP][PASSED] - setText(findTestObject("Object Repository/Page_cabi/input_Username_USERNAME"), CCuser): Text 'ehudson' is set on object 'Object Repository/Page_cabi/input_Username_USERNAME'

2019-09-27 19:30:13 - [MESSAGE][PASSED] - Text 'ehudson' is set on object 'Object Repository/Page_cabi/input_Username_USERNAME'

2019-09-27 19:30:13 - [TEST_STEP][PASSED] - setText(findTestObject("Object Repository/Page_cabi/input_Password_PASSWORD"), CCpass): Text 'blackdress19' is set on object 'Object Repository/Page_cabi/input_Password_PASSWORD'

2019-09-27 19:30:13 - [MESSAGE][PASSED] - Text 'blackdress19' is set on object 'Object Repository/Page_cabi/input_Password_PASSWORD'

2019-09-27 19:30:13 - [TEST_STEP][PASSED] - delay(1): Delayed 1 second(s)

2019-09-27 19:30:14 - [MESSAGE][PASSED] - Delayed 1 second(s)

2019-09-27 19:30:14 - [TEST_STEP][PASSED] - click(findTestObject("Object Repository/Page_cabi/input_Password_section-btn btn-stl-pk rFloat")): Object: 'Object Repository/Page_cabi/input_Password_section-btn btn-stl-pk rFloat' is clicked on

2019-09-27 19:30:17 - [MESSAGE][PASSED] - Object: 'Object Repository/Page_cabi/input_Password_section-btn btn-stl-pk rFloat' is clicked on

2019-09-27 19:30:17 - [TEST_STEP][PASSED] - delay(3): Delayed 3 second(s)

2019-09-27 19:30:20 - [MESSAGE][PASSED] - Delayed 3 second(s)

2019-09-27 19:30:20 - [MESSAGE][PASSED] - Call Test Case 'Test Cases/TestCaseUtilities/cabiCentralLogin' successfully

2019-09-27 19:30:20 - [TEST_STEP][PASSED] - delay(3): Delayed 3 second(s)

2019-09-27 19:30:23 - [MESSAGE][PASSED] - Delayed 3 second(s)

2019-09-27 19:30:23 - [TEST_STEP][PASSED] - click(findTestObject("Page_cabi cabiCentral Tasks/a_ORDERS")): Object: 'Object Repository/Page_cabi cabiCentral Tasks/a_ORDERS' is clicked on

2019-09-27 19:30:26 - [MESSAGE][PASSED] - Object: 'Object Repository/Page_cabi cabiCentral Tasks/a_ORDERS' is clicked on

2019-09-27 19:30:26 - [TEST_STEP][PASSED] - delay(3): Delayed 3 second(s)

2019-09-27 19:30:29 - [MESSAGE][PASSED] - Delayed 3 second(s)

2019-09-27 19:30:29 - [TEST_STEP][PASSED] - click(findTestObject("Page_cabi Find Order/a_Create Order")): Object: 'Object Repository/Page_cabi Find Order/a_Create Order' is clicked on

2019-09-27 19:30:30 - [MESSAGE][PASSED] - Object: 'Object Repository/Page_cabi Find Order/a_Create Order' is clicked on

2019-09-27 19:30:30 - [TEST_STEP][PASSED] - selectOptionByValue(findTestObject("Page_cabi Create Order/select_order_type"), "PERSONAL", true): All options with value 'PERSONAL' are selected in object 'Object Repository/Page_cabi Create Order/select_order_type'  using regular expression

2019-09-27 19:30:31 - [MESSAGE][PASSED] - All options with value 'PERSONAL' are selected in object 'Object Repository/Page_cabi Create Order/select_order_type'  using regular expression

2019-09-27 19:30:31 - [TEST_STEP][PASSED] - click(findTestObject("Page_cabi Create Order/input_select_order_type")): Object: 'Object Repository/Page_cabi Create Order/input_select_order_type' is clicked on

2019-09-27 19:30:35 - [MESSAGE][PASSED] - Object: 'Object Repository/Page_cabi Create Order/input_select_order_type' is clicked on

2019-09-27 19:30:35 - [TEST_STEP][FAILED] - callTestCase(findTestCase("NewArrival/productVerifyShort"), ["available":CCPersonal, "storeType":"CCPersonal"], CONTINUE_ON_FAILURE): Unable to call Test Case 'Test Cases/NewArrival/productVerifyShort' (Root cause: com.kms.katalon.core.exception.StepFailedException: Call Test Case 'Test Cases/NewArrival/productVerifyShort' failed
	at com.kms.katalon.core.keyword.builtin.CallTestCaseKeyword$_callTestCase_closure1.doCall(CallTestCaseKeyword.groovy:63)
	at com.kms.katalon.core.keyword.builtin.CallTestCaseKeyword$_callTestCase_closure1.call(CallTestCaseKeyword.groovy)
	at com.kms.katalon.core.keyword.internal.KeywordMain.runKeyword(KeywordMain.groovy:66)
	at com.kms.katalon.core.keyword.builtin.CallTestCaseKeyword.callTestCase(CallTestCaseKeyword.groovy:81)
	at com.kms.katalon.core.keyword.builtin.CallTestCaseKeyword.execute(CallTestCaseKeyword.groovy:44)
	at com.kms.katalon.core.keyword.internal.KeywordExecutor.executeKeywordForPlatform(KeywordExecutor.groovy:56)
	at com.kms.katalon.core.keyword.BuiltinKeywords.callTestCase(BuiltinKeywords.groovy:334)
	at CCOrders.run(CCOrders:40)
	at com.kms.katalon.core.main.ScriptEngine.run(ScriptEngine.java:194)
	at com.kms.katalon.core.main.ScriptEngine.runScriptAsRawText(ScriptEngine.java:119)
	at com.kms.katalon.core.main.TestCaseExecutor.runScript(TestCaseExecutor.java:342)
	at com.kms.katalon.core.main.TestCaseExecutor.doExecute(TestCaseExecutor.java:333)
	at com.kms.katalon.core.main.TestCaseExecutor.processExecutionPhase(TestCaseExecutor.java:312)
	at com.kms.katalon.core.main.TestCaseExecutor.accessMainPhase(TestCaseExecutor.java:304)
	at com.kms.katalon.core.main.TestCaseExecutor.execute(TestCaseExecutor.java:238)
	at com.kms.katalon.core.main.TestSuiteExecutor.accessTestCaseMainPhase(TestSuiteExecutor.java:129)
	at com.kms.katalon.core.main.TestSuiteExecutor.accessTestSuiteMainPhase(TestSuiteExecutor.java:112)
	at com.kms.katalon.core.main.TestSuiteExecutor.execute(TestSuiteExecutor.java:81)
	at com.kms.katalon.core.main.TestCaseMain.startTestSuite(TestCaseMain.java:157)
	at com.kms.katalon.core.main.TestCaseMain$startTestSuite$0.call(Unknown Source)
	at TempTestSuite1569591422215.run(TempTestSuite1569591422215.groovy:35)
Caused by: Assertion failed: 

assert prod_message.equalsIgnoreCase(expectedStyleDescription)
       |            |                |
       ""           false            3869 Cozy Cowl

	at productVerifyShort.run(productVerifyShort:63)
	at com.kms.katalon.core.main.ScriptEngine.run(ScriptEngine.java:194)
	at com.kms.katalon.core.main.ScriptEngine.runScriptAsRawText(ScriptEngine.java:119)
	at com.kms.katalon.core.main.TestCaseExecutor.runScript(TestCaseExecutor.java:342)
	at com.kms.katalon.core.main.TestCaseExecutor.doExecute(TestCaseExecutor.java:333)
	at com.kms.katalon.core.main.TestCaseExecutor.processExecutionPhase(TestCaseExecutor.java:312)
	at com.kms.katalon.core.main.TestCaseExecutor.accessMainPhase(TestCaseExecutor.java:304)
	at com.kms.katalon.core.main.TestCaseExecutor.execute(TestCaseExecutor.java:238)
	at com.kms.katalon.core.main.TestCaseMain.runTestCase(TestCaseMain.java:114)
	at com.kms.katalon.core.keyword.builtin.CallTestCaseKeyword$_callTestCase_closure1.doCall(CallTestCaseKeyword.groovy:59)
	... 20 more
)

2019-09-27 19:30:35 - [TEST_CASE][FAILED] - Test Cases/NewArrival/productVerifyShort: Test Cases/NewArrival/productVerifyShort FAILED.
Reason:
Assertion failed: 

assert prod_message.equalsIgnoreCase(expectedStyleDescription)
       |            |                |
       ""           false            3869 Cozy Cowl

	at productVerifyShort.run(productVerifyShort:63)
	at com.kms.katalon.core.main.ScriptEngine.run(ScriptEngine.java:194)
	at com.kms.katalon.core.main.ScriptEngine.runScriptAsRawText(ScriptEngine.java:119)
	at com.kms.katalon.core.main.TestCaseExecutor.runScript(TestCaseExecutor.java:342)
	at com.kms.katalon.core.main.TestCaseExecutor.doExecute(TestCaseExecutor.java:333)
	at com.kms.katalon.core.main.TestCaseExecutor.processExecutionPhase(TestCaseExecutor.java:312)
	at com.kms.katalon.core.main.TestCaseExecutor.accessMainPhase(TestCaseExecutor.java:304)
	at com.kms.katalon.core.main.TestCaseExecutor.execute(TestCaseExecutor.java:238)
	at com.kms.katalon.core.main.TestCaseMain.runTestCase(TestCaseMain.java:114)
	at com.kms.katalon.core.keyword.builtin.CallTestCaseKeyword$_callTestCase_closure1.doCall(CallTestCaseKeyword.groovy:59)
	at com.kms.katalon.core.keyword.builtin.CallTestCaseKeyword$_callTestCase_closure1.call(CallTestCaseKeyword.groovy)
	at com.kms.katalon.core.keyword.internal.KeywordMain.runKeyword(KeywordMain.groovy:66)
	at com.kms.katalon.core.keyword.builtin.CallTestCaseKeyword.callTestCase(CallTestCaseKeyword.groovy:81)
	at com.kms.katalon.core.keyword.builtin.CallTestCaseKeyword.execute(CallTestCaseKeyword.groovy:44)
	at com.kms.katalon.core.keyword.internal.KeywordExecutor.executeKeywordForPlatform(KeywordExecutor.groovy:56)
	at com.kms.katalon.core.keyword.BuiltinKeywords.callTestCase(BuiltinKeywords.groovy:334)
	at CCOrders.run(CCOrders:40)
	at com.kms.katalon.core.main.ScriptEngine.run(ScriptEngine.java:194)
	at com.kms.katalon.core.main.ScriptEngine.runScriptAsRawText(ScriptEngine.java:119)
	at com.kms.katalon.core.main.TestCaseExecutor.runScript(TestCaseExecutor.java:342)
	at com.kms.katalon.core.main.TestCaseExecutor.doExecute(TestCaseExecutor.java:333)
	at com.kms.katalon.core.main.TestCaseExecutor.processExecutionPhase(TestCaseExecutor.java:312)
	at com.kms.katalon.core.main.TestCaseExecutor.accessMainPhase(TestCaseExecutor.java:304)
	at com.kms.katalon.core.main.TestCaseExecutor.execute(TestCaseExecutor.java:238)
	at com.kms.katalon.core.main.TestSuiteExecutor.accessTestCaseMainPhase(TestSuiteExecutor.java:129)
	at com.kms.katalon.core.main.TestSuiteExecutor.accessTestSuiteMainPhase(TestSuiteExecutor.java:112)
	at com.kms.katalon.core.main.TestSuiteExecutor.execute(TestSuiteExecutor.java:81)
	at com.kms.katalon.core.main.TestCaseMain.startTestSuite(TestCaseMain.java:157)
	at com.kms.katalon.core.main.TestCaseMain$startTestSuite$0.call(Unknown Source)
	at TempTestSuite1569591422215.run(TempTestSuite1569591422215.groovy:35)


2019-09-27 19:30:35 - [TEST_STEP][FAILED] - for ([row = 1, row <= findTestData("productData").getRowNumbers(), (row++)]): for ([row = 1, row <= findTestData("productData").getRowNumbers(), (row++)]) FAILED.
Reason:
Assertion failed: 

assert prod_message.equalsIgnoreCase(expectedStyleDescription)
       |            |                |
       ""           false            3869 Cozy Cowl

	at productVerifyShort.run(productVerifyShort:63)
	at com.kms.katalon.core.main.ScriptEngine.run(ScriptEngine.java:194)
	at com.kms.katalon.core.main.ScriptEngine.runScriptAsRawText(ScriptEngine.java:119)
	at com.kms.katalon.core.main.TestCaseExecutor.runScript(TestCaseExecutor.java:342)
	at com.kms.katalon.core.main.TestCaseExecutor.doExecute(TestCaseExecutor.java:333)
	at com.kms.katalon.core.main.TestCaseExecutor.processExecutionPhase(TestCaseExecutor.java:312)
	at com.kms.katalon.core.main.TestCaseExecutor.accessMainPhase(TestCaseExecutor.java:304)
	at com.kms.katalon.core.main.TestCaseExecutor.execute(TestCaseExecutor.java:238)
	at com.kms.katalon.core.main.TestCaseMain.runTestCase(TestCaseMain.java:114)
	at com.kms.katalon.core.keyword.builtin.CallTestCaseKeyword$_callTestCase_closure1.doCall(CallTestCaseKeyword.groovy:59)
	at com.kms.katalon.core.keyword.builtin.CallTestCaseKeyword$_callTestCase_closure1.call(CallTestCaseKeyword.groovy)
	at com.kms.katalon.core.keyword.internal.KeywordMain.runKeyword(KeywordMain.groovy:66)
	at com.kms.katalon.core.keyword.builtin.CallTestCaseKeyword.callTestCase(CallTestCaseKeyword.groovy:81)
	at com.kms.katalon.core.keyword.builtin.CallTestCaseKeyword.execute(CallTestCaseKeyword.groovy:44)
	at com.kms.katalon.core.keyword.internal.KeywordExecutor.executeKeywordForPlatform(KeywordExecutor.groovy:56)
	at com.kms.katalon.core.keyword.BuiltinKeywords.callTestCase(BuiltinKeywords.groovy:334)
	at CCOrders.run(CCOrders:40)
	at com.kms.katalon.core.main.ScriptEngine.run(ScriptEngine.java:194)
	at com.kms.katalon.core.main.ScriptEngine.runScriptAsRawText(ScriptEngine.java:119)
	at com.kms.katalon.core.main.TestCaseExecutor.runScript(TestCaseExecutor.java:342)
	at com.kms.katalon.core.main.TestCaseExecutor.doExecute(TestCaseExecutor.java:333)
	at com.kms.katalon.core.main.TestCaseExecutor.processExecutionPhase(TestCaseExecutor.java:312)
	at com.kms.katalon.core.main.TestCaseExecutor.accessMainPhase(TestCaseExecutor.java:304)
	at com.kms.katalon.core.main.TestCaseExecutor.execute(TestCaseExecutor.java:238)
	at com.kms.katalon.core.main.TestSuiteExecutor.accessTestCaseMainPhase(TestSuiteExecutor.java:129)
	at com.kms.katalon.core.main.TestSuiteExecutor.accessTestSuiteMainPhase(TestSuiteExecutor.java:112)
	at com.kms.katalon.core.main.TestSuiteExecutor.execute(TestSuiteExecutor.java:81)
	at com.kms.katalon.core.main.TestCaseMain.startTestSuite(TestCaseMain.java:157)
	at com.kms.katalon.core.main.TestCaseMain$startTestSuite$0.call(Unknown Source)
	at TempTestSuite1569591422215.run(TempTestSuite1569591422215.groovy:35)


2019-09-27 19:30:35 - [TEST_STEP][PASSED] - delay(2): Delayed 2 second(s)

2019-09-27 19:30:37 - [MESSAGE][PASSED] - Delayed 2 second(s)

2019-09-27 19:30:37 - [TEST_STEP][PASSED] - setText(findTestObject("Object Repository/Page_cabi Create Order/input_Manual Discount_stylelookup_0"), findTestData("productData").getValue("Style", row)): Text '3875' is set on object 'Object Repository/Page_cabi Create Order/input_Manual Discount_stylelookup_0'

2019-09-27 19:30:37 - [MESSAGE][PASSED] - Text '3875' is set on object 'Object Repository/Page_cabi Create Order/input_Manual Discount_stylelookup_0'

2019-09-27 19:30:37 - [TEST_STEP][PASSED] - delay(2): Delayed 2 second(s)

2019-09-27 19:30:39 - [MESSAGE][PASSED] - Delayed 2 second(s)

2019-09-27 19:30:39 - [TEST_STEP][PASSED] - prod_message = getText(findTestObject("Page_cabi Create Order/first_option")): Text of object 'Object Repository/Page_cabi Create Order/first_option' is: '3875 Decked Out Dress'

2019-09-27 19:30:39 - [MESSAGE][PASSED] - Text of object 'Object Repository/Page_cabi Create Order/first_option' is: '3875 Decked Out Dress'

2019-09-27 19:30:39 - [TEST_STEP][PASSED] - delay(1): Delayed 1 second(s)

2019-09-27 19:30:40 - [MESSAGE][PASSED] - Delayed 1 second(s)

2019-09-27 19:30:40 - [TEST_STEP][PASSED] - click(findTestObject("Page_cabi Create Order/first_option")): Object: 'Object Repository/Page_cabi Create Order/first_option' is clicked on

2019-09-27 19:30:40 - [MESSAGE][PASSED] - Object: 'Object Repository/Page_cabi Create Order/first_option' is clicked on

2019-09-27 19:30:40 - [TEST_STEP][PASSED] - if (toString().equalsIgnoreCase("no")): null

2019-09-27 19:30:40 - [TEST_STEP][PASSED] - else: Delayed 3 second(s)

2019-09-27 19:30:40 - [TEST_STEP][PASSED] - delay(3): Delayed 3 second(s)

2019-09-27 19:30:43 - [MESSAGE][PASSED] - Delayed 3 second(s)

2019-09-27 19:30:43 - [TEST_STEP][PASSED] - s1 = getValue("Style", row).toString(): null

2019-09-27 19:30:43 - [TEST_STEP][PASSED] - s2 = " ": null

2019-09-27 19:30:43 - [TEST_STEP][PASSED] - s3 = getValue("Description", row).toString(): null

2019-09-27 19:30:43 - [TEST_STEP][PASSED] - expectedStyleDescription = $s1$s2$s3: null

2019-09-27 19:30:43 - [TEST_STEP][PASSED] - prod_message = UtilityMethods.splitStyle(prod_message): null

2019-09-27 19:30:43 - [TEST_STEP][PASSED] - println(prod_message): null

2019-09-27 19:30:43 - [TEST_STEP][PASSED] - assert prod_message.equalsIgnoreCase(expectedStyleDescription): null

2019-09-27 19:30:43 - [TEST_STEP][PASSED] - delay(3): Delayed 3 second(s)

2019-09-27 19:30:46 - [MESSAGE][PASSED] - Delayed 3 second(s)

2019-09-27 19:30:46 - [TEST_STEP][PASSED] - colorOptions = findWebElements(findTestObject("Page_cabi Order Items/GetAttribute_Color"), 5): null

2019-09-27 19:30:46 - [TEST_STEP][PASSED] - println(colorOptions.size()): null

2019-09-27 19:30:46 - [TEST_STEP][PASSED] - expectedColour = findTestData("productData").getValue("Color", row): null

2019-09-27 19:30:46 - [TEST_STEP][PASSED] - println("expected colour is"): null

2019-09-27 19:30:46 - [TEST_STEP][PASSED] - println(expectedColour): null

2019-09-27 19:30:46 - [TEST_STEP][PASSED] - colourVerified = false: null

2019-09-27 19:30:46 - [TEST_STEP][PASSED] - for (org.openqa.selenium.WebElement op : colorOptions): null

2019-09-27 19:30:46 - [TEST_STEP][PASSED] - println(op.getText()): null

2019-09-27 19:30:46 - [TEST_STEP][PASSED] - if (expectedColour.equalsIgnoreCase(op.getText())): null

2019-09-27 19:30:46 - [TEST_STEP][PASSED] - colourVerified = true: null

2019-09-27 19:30:46 - [TEST_STEP][PASSED] - break: null

2019-09-27 19:30:46 - [TEST_STEP][PASSED] - assert colourVerified == true: null

2019-09-27 19:30:46 - [TEST_STEP][PASSED] - getPrice = getText(findTestObject("Page_cabi Create Order/retail_price")): Text of object 'Object Repository/Page_cabi Create Order/retail_price' is: '$159.00'

2019-09-27 19:30:46 - [MESSAGE][PASSED] - Text of object 'Object Repository/Page_cabi Create Order/retail_price' is: '$159.00'

2019-09-27 19:30:46 - [TEST_STEP][PASSED] - Split_Data = UtilityMethods.SplitData(getPrice): null

2019-09-27 19:30:46 - [TEST_STEP][PASSED] - verifyMatch(Split_Data, findTestData("productData").getValue("Retail", row), true, CONTINUE_ON_FAILURE): Actual text '159' and expected text '159' are matched  using regular expression

2019-09-27 19:30:46 - [MESSAGE][PASSED] - Actual text '159' and expected text '159' are matched  using regular expression

2019-09-27 19:30:46 - [TEST_STEP][PASSED] - sizeRange1 = ["XXS", "XS", "S", "M", "L", "XL"]: null

2019-09-27 19:30:46 - [TEST_STEP][PASSED] - sizeRange2 = ["00", "0", "2", "4", "6", "8", "10", "12", "14", "16"]: null

2019-09-27 19:30:46 - [TEST_STEP][PASSED] - sizeRange3 = ["Long", "Regular", "Short"]: null

2019-09-27 19:30:46 - [TEST_STEP][PASSED] - sizeRange4 = ["5", "6", "6.5", "7", "7.5", "8", "8.5", "9", "9.5", "10", "11"]: null

2019-09-27 19:30:46 - [TEST_STEP][PASSED] - sizeRangeSplit = UtilityMethods.SplitSizes(findTestData("productData").getValue("SzRange", row)): null

2019-09-27 19:30:46 - [TEST_STEP][PASSED] - sizeType = getText(findTestObject("Object Repository/Page_cabi Order Items/Size")): Text of object 'Object Repository/Page_cabi Order Items/Size' is: 'Select'

2019-09-27 19:30:46 - [MESSAGE][PASSED] - Text of object 'Object Repository/Page_cabi Order Items/Size' is: 'Select'

2019-09-27 19:30:46 - [TEST_STEP][PASSED] - sizeOptions = findWebElements(findTestObject("Object Repository/Page_cabi Order Items/Size"), 5): null

2019-09-27 19:30:46 - [TEST_STEP][PASSED] - actualRange = new java.util.ArrayList(): null

2019-09-27 19:30:46 - [TEST_STEP][PASSED] - expectedRange = <not implemented yet for class: org.codehaus.groovy.ast.expr.EmptyExpression>: null

2019-09-27 19:30:46 - [TEST_STEP][PASSED] - if (sizeType.equalsIgnoreCase("Select")): null

2019-09-27 19:30:46 - [TEST_STEP][PASSED] - for ([i = 1, i < sizeOptions.size(), (i++)]): null

2019-09-27 19:30:46 - [TEST_STEP][PASSED] - actualRange.add(get(i).getAttribute("value")): null

2019-09-27 19:30:46 - [TEST_STEP][PASSED] - actualRange.add(get(i).getAttribute("value")): null

2019-09-27 19:30:46 - [TEST_STEP][PASSED] - actualRange.add(get(i).getAttribute("value")): null

2019-09-27 19:30:46 - [TEST_STEP][PASSED] - actualRange.add(get(i).getAttribute("value")): null

2019-09-27 19:30:46 - [TEST_STEP][PASSED] - actualRange.add(get(i).getAttribute("value")): null

2019-09-27 19:30:46 - [TEST_STEP][PASSED] - if (toString().equalsIgnoreCase("XS") || toString().equalsIgnoreCase("XXS")): null

2019-09-27 19:30:46 - [TEST_STEP][PASSED] - expectedRange = UtilityMethods.getExpectedRange(sizeRange1, sizeRangeSplit): null

2019-09-27 19:30:46 - [TEST_STEP][PASSED] - println("XS"): null

2019-09-27 19:30:46 - [TEST_STEP][PASSED] - println(expectedRange.toString()): null

2019-09-27 19:30:46 - [TEST_STEP][PASSED] - assert UtilityMethods.listEquals(expectedRange, actualRange) == true: null

2019-09-27 19:30:46 - [TEST_STEP][PASSED] - delay(3): Delayed 3 second(s)

2019-09-27 19:30:49 - [MESSAGE][PASSED] - Delayed 3 second(s)

2019-09-27 19:30:49 - [TEST_STEP][PASSED] - delay(2): Delayed 2 second(s)

2019-09-27 19:30:51 - [MESSAGE][PASSED] - Delayed 2 second(s)

2019-09-27 19:30:51 - [TEST_STEP][PASSED] - setText(findTestObject("Object Repository/Page_cabi Create Order/input_Manual Discount_stylelookup_0"), findTestData("productData").getValue("Style", row)): Text '3869' is set on object 'Object Repository/Page_cabi Create Order/input_Manual Discount_stylelookup_0'

2019-09-27 19:30:52 - [MESSAGE][PASSED] - Text '3869' is set on object 'Object Repository/Page_cabi Create Order/input_Manual Discount_stylelookup_0'

2019-09-27 19:30:52 - [TEST_STEP][PASSED] - delay(2): Delayed 2 second(s)

2019-09-27 19:30:54 - [MESSAGE][PASSED] - Delayed 2 second(s)

2019-09-27 19:30:54 - [TEST_STEP][PASSED] - prod_message = getText(findTestObject("Page_cabi Create Order/first_option")): Text of object 'Object Repository/Page_cabi Create Order/first_option' is: ''

2019-09-27 19:30:54 - [MESSAGE][PASSED] - Text of object 'Object Repository/Page_cabi Create Order/first_option' is: ''

2019-09-27 19:30:54 - [TEST_STEP][PASSED] - delay(1): Delayed 1 second(s)

2019-09-27 19:30:55 - [MESSAGE][PASSED] - Delayed 1 second(s)

2019-09-27 19:30:55 - [TEST_STEP][PASSED] - click(findTestObject("Page_cabi Create Order/first_option")): Object: 'Object Repository/Page_cabi Create Order/first_option' is clicked on

2019-09-27 19:30:55 - [MESSAGE][PASSED] - Object: 'Object Repository/Page_cabi Create Order/first_option' is clicked on

2019-09-27 19:30:55 - [TEST_STEP][PASSED] - if (toString().equalsIgnoreCase("no")): null

2019-09-27 19:30:55 - [TEST_STEP][FAILED] - else: for ([row = 1, row <= findTestData("productData").getRowNumbers(), (row++)]) FAILED.
Reason:
Assertion failed: 

assert prod_message.equalsIgnoreCase(expectedStyleDescription)
       |            |                |
       ""           false            3869 Cozy Cowl

	at productVerifyShort.run(productVerifyShort:63)
	at com.kms.katalon.core.main.ScriptEngine.run(ScriptEngine.java:194)
	at com.kms.katalon.core.main.ScriptEngine.runScriptAsRawText(ScriptEngine.java:119)
	at com.kms.katalon.core.main.TestCaseExecutor.runScript(TestCaseExecutor.java:342)
	at com.kms.katalon.core.main.TestCaseExecutor.doExecute(TestCaseExecutor.java:333)
	at com.kms.katalon.core.main.TestCaseExecutor.processExecutionPhase(TestCaseExecutor.java:312)
	at com.kms.katalon.core.main.TestCaseExecutor.accessMainPhase(TestCaseExecutor.java:304)
	at com.kms.katalon.core.main.TestCaseExecutor.execute(TestCaseExecutor.java:238)
	at com.kms.katalon.core.main.TestCaseMain.runTestCase(TestCaseMain.java:114)
	at com.kms.katalon.core.keyword.builtin.CallTestCaseKeyword$_callTestCase_closure1.doCall(CallTestCaseKeyword.groovy:59)
	at com.kms.katalon.core.keyword.builtin.CallTestCaseKeyword$_callTestCase_closure1.call(CallTestCaseKeyword.groovy)
	at com.kms.katalon.core.keyword.internal.KeywordMain.runKeyword(KeywordMain.groovy:66)
	at com.kms.katalon.core.keyword.builtin.CallTestCaseKeyword.callTestCase(CallTestCaseKeyword.groovy:81)
	at com.kms.katalon.core.keyword.builtin.CallTestCaseKeyword.execute(CallTestCaseKeyword.groovy:44)
	at com.kms.katalon.core.keyword.internal.KeywordExecutor.executeKeywordForPlatform(KeywordExecutor.groovy:56)
	at com.kms.katalon.core.keyword.BuiltinKeywords.callTestCase(BuiltinKeywords.groovy:334)
	at CCOrders.run(CCOrders:40)
	at com.kms.katalon.core.main.ScriptEngine.run(ScriptEngine.java:194)
	at com.kms.katalon.core.main.ScriptEngine.runScriptAsRawText(ScriptEngine.java:119)
	at com.kms.katalon.core.main.TestCaseExecutor.runScript(TestCaseExecutor.java:342)
	at com.kms.katalon.core.main.TestCaseExecutor.doExecute(TestCaseExecutor.java:333)
	at com.kms.katalon.core.main.TestCaseExecutor.processExecutionPhase(TestCaseExecutor.java:312)
	at com.kms.katalon.core.main.TestCaseExecutor.accessMainPhase(TestCaseExecutor.java:304)
	at com.kms.katalon.core.main.TestCaseExecutor.execute(TestCaseExecutor.java:238)
	at com.kms.katalon.core.main.TestSuiteExecutor.accessTestCaseMainPhase(TestSuiteExecutor.java:129)
	at com.kms.katalon.core.main.TestSuiteExecutor.accessTestSuiteMainPhase(TestSuiteExecutor.java:112)
	at com.kms.katalon.core.main.TestSuiteExecutor.execute(TestSuiteExecutor.java:81)
	at com.kms.katalon.core.main.TestCaseMain.startTestSuite(TestCaseMain.java:157)
	at com.kms.katalon.core.main.TestCaseMain$startTestSuite$0.call(Unknown Source)
	at TempTestSuite1569591422215.run(TempTestSuite1569591422215.groovy:35)


2019-09-27 19:30:55 - [TEST_STEP][PASSED] - delay(3): Delayed 3 second(s)

2019-09-27 19:30:58 - [MESSAGE][PASSED] - Delayed 3 second(s)

2019-09-27 19:30:58 - [TEST_STEP][PASSED] - s1 = getValue("Style", row).toString(): null

2019-09-27 19:30:58 - [TEST_STEP][PASSED] - s2 = " ": null

2019-09-27 19:30:58 - [TEST_STEP][PASSED] - s3 = getValue("Description", row).toString(): null

2019-09-27 19:30:58 - [TEST_STEP][PASSED] - expectedStyleDescription = $s1$s2$s3: null

2019-09-27 19:30:58 - [TEST_STEP][PASSED] - prod_message = UtilityMethods.splitStyle(prod_message): null

2019-09-27 19:30:58 - [TEST_STEP][PASSED] - println(prod_message): null

2019-09-27 19:30:58 - [TEST_STEP][FAILED] - assert prod_message.equalsIgnoreCase(expectedStyleDescription): for ([row = 1, row <= findTestData("productData").getRowNumbers(), (row++)]) FAILED.
Reason:
Assertion failed: 

assert prod_message.equalsIgnoreCase(expectedStyleDescription)
       |            |                |
       ""           false            3869 Cozy Cowl

	at productVerifyShort.run(productVerifyShort:63)
	at com.kms.katalon.core.main.ScriptEngine.run(ScriptEngine.java:194)
	at com.kms.katalon.core.main.ScriptEngine.runScriptAsRawText(ScriptEngine.java:119)
	at com.kms.katalon.core.main.TestCaseExecutor.runScript(TestCaseExecutor.java:342)
	at com.kms.katalon.core.main.TestCaseExecutor.doExecute(TestCaseExecutor.java:333)
	at com.kms.katalon.core.main.TestCaseExecutor.processExecutionPhase(TestCaseExecutor.java:312)
	at com.kms.katalon.core.main.TestCaseExecutor.accessMainPhase(TestCaseExecutor.java:304)
	at com.kms.katalon.core.main.TestCaseExecutor.execute(TestCaseExecutor.java:238)
	at com.kms.katalon.core.main.TestCaseMain.runTestCase(TestCaseMain.java:114)
	at com.kms.katalon.core.keyword.builtin.CallTestCaseKeyword$_callTestCase_closure1.doCall(CallTestCaseKeyword.groovy:59)
	at com.kms.katalon.core.keyword.builtin.CallTestCaseKeyword$_callTestCase_closure1.call(CallTestCaseKeyword.groovy)
	at com.kms.katalon.core.keyword.internal.KeywordMain.runKeyword(KeywordMain.groovy:66)
	at com.kms.katalon.core.keyword.builtin.CallTestCaseKeyword.callTestCase(CallTestCaseKeyword.groovy:81)
	at com.kms.katalon.core.keyword.builtin.CallTestCaseKeyword.execute(CallTestCaseKeyword.groovy:44)
	at com.kms.katalon.core.keyword.internal.KeywordExecutor.executeKeywordForPlatform(KeywordExecutor.groovy:56)
	at com.kms.katalon.core.keyword.BuiltinKeywords.callTestCase(BuiltinKeywords.groovy:334)
	at CCOrders.run(CCOrders:40)
	at com.kms.katalon.core.main.ScriptEngine.run(ScriptEngine.java:194)
	at com.kms.katalon.core.main.ScriptEngine.runScriptAsRawText(ScriptEngine.java:119)
	at com.kms.katalon.core.main.TestCaseExecutor.runScript(TestCaseExecutor.java:342)
	at com.kms.katalon.core.main.TestCaseExecutor.doExecute(TestCaseExecutor.java:333)
	at com.kms.katalon.core.main.TestCaseExecutor.processExecutionPhase(TestCaseExecutor.java:312)
	at com.kms.katalon.core.main.TestCaseExecutor.accessMainPhase(TestCaseExecutor.java:304)
	at com.kms.katalon.core.main.TestCaseExecutor.execute(TestCaseExecutor.java:238)
	at com.kms.katalon.core.main.TestSuiteExecutor.accessTestCaseMainPhase(TestSuiteExecutor.java:129)
	at com.kms.katalon.core.main.TestSuiteExecutor.accessTestSuiteMainPhase(TestSuiteExecutor.java:112)
	at com.kms.katalon.core.main.TestSuiteExecutor.execute(TestSuiteExecutor.java:81)
	at com.kms.katalon.core.main.TestCaseMain.startTestSuite(TestCaseMain.java:157)
	at com.kms.katalon.core.main.TestCaseMain$startTestSuite$0.call(Unknown Source)
	at TempTestSuite1569591422215.run(TempTestSuite1569591422215.groovy:35)


2019-09-27 19:30:58 - [MESSAGE][FAILED] - for ([row = 1, row <= findTestData("productData").getRowNumbers(), (row++)]) FAILED.
Reason:
Assertion failed: 

assert prod_message.equalsIgnoreCase(expectedStyleDescription)
       |            |                |
       ""           false            3869 Cozy Cowl

	at productVerifyShort.run(productVerifyShort:63)
	at com.kms.katalon.core.main.ScriptEngine.run(ScriptEngine.java:194)
	at com.kms.katalon.core.main.ScriptEngine.runScriptAsRawText(ScriptEngine.java:119)
	at com.kms.katalon.core.main.TestCaseExecutor.runScript(TestCaseExecutor.java:342)
	at com.kms.katalon.core.main.TestCaseExecutor.doExecute(TestCaseExecutor.java:333)
	at com.kms.katalon.core.main.TestCaseExecutor.processExecutionPhase(TestCaseExecutor.java:312)
	at com.kms.katalon.core.main.TestCaseExecutor.accessMainPhase(TestCaseExecutor.java:304)
	at com.kms.katalon.core.main.TestCaseExecutor.execute(TestCaseExecutor.java:238)
	at com.kms.katalon.core.main.TestCaseMain.runTestCase(TestCaseMain.java:114)
	at com.kms.katalon.core.keyword.builtin.CallTestCaseKeyword$_callTestCase_closure1.doCall(CallTestCaseKeyword.groovy:59)
	at com.kms.katalon.core.keyword.builtin.CallTestCaseKeyword$_callTestCase_closure1.call(CallTestCaseKeyword.groovy)
	at com.kms.katalon.core.keyword.internal.KeywordMain.runKeyword(KeywordMain.groovy:66)
	at com.kms.katalon.core.keyword.builtin.CallTestCaseKeyword.callTestCase(CallTestCaseKeyword.groovy:81)
	at com.kms.katalon.core.keyword.builtin.CallTestCaseKeyword.execute(CallTestCaseKeyword.groovy:44)
	at com.kms.katalon.core.keyword.internal.KeywordExecutor.executeKeywordForPlatform(KeywordExecutor.groovy:56)
	at com.kms.katalon.core.keyword.BuiltinKeywords.callTestCase(BuiltinKeywords.groovy:334)
	at CCOrders.run(CCOrders:40)
	at com.kms.katalon.core.main.ScriptEngine.run(ScriptEngine.java:194)
	at com.kms.katalon.core.main.ScriptEngine.runScriptAsRawText(ScriptEngine.java:119)
	at com.kms.katalon.core.main.TestCaseExecutor.runScript(TestCaseExecutor.java:342)
	at com.kms.katalon.core.main.TestCaseExecutor.doExecute(TestCaseExecutor.java:333)
	at com.kms.katalon.core.main.TestCaseExecutor.processExecutionPhase(TestCaseExecutor.java:312)
	at com.kms.katalon.core.main.TestCaseExecutor.accessMainPhase(TestCaseExecutor.java:304)
	at com.kms.katalon.core.main.TestCaseExecutor.execute(TestCaseExecutor.java:238)
	at com.kms.katalon.core.main.TestSuiteExecutor.accessTestCaseMainPhase(TestSuiteExecutor.java:129)
	at com.kms.katalon.core.main.TestSuiteExecutor.accessTestSuiteMainPhase(TestSuiteExecutor.java:112)
	at com.kms.katalon.core.main.TestSuiteExecutor.execute(TestSuiteExecutor.java:81)
	at com.kms.katalon.core.main.TestCaseMain.startTestSuite(TestCaseMain.java:157)
	at com.kms.katalon.core.main.TestCaseMain$startTestSuite$0.call(Unknown Source)
	at TempTestSuite1569591422215.run(TempTestSuite1569591422215.groovy:35)


2019-09-27 19:30:58 - [MESSAGE][FAILED] - Unable to call Test Case 'Test Cases/NewArrival/productVerifyShort' (Root cause: com.kms.katalon.core.exception.StepFailedException: Call Test Case 'Test Cases/NewArrival/productVerifyShort' failed
	at com.kms.katalon.core.keyword.builtin.CallTestCaseKeyword$_callTestCase_closure1.doCall(CallTestCaseKeyword.groovy:63)
	at com.kms.katalon.core.keyword.builtin.CallTestCaseKeyword$_callTestCase_closure1.call(CallTestCaseKeyword.groovy)
	at com.kms.katalon.core.keyword.internal.KeywordMain.runKeyword(KeywordMain.groovy:66)
	at com.kms.katalon.core.keyword.builtin.CallTestCaseKeyword.callTestCase(CallTestCaseKeyword.groovy:81)
	at com.kms.katalon.core.keyword.builtin.CallTestCaseKeyword.execute(CallTestCaseKeyword.groovy:44)
	at com.kms.katalon.core.keyword.internal.KeywordExecutor.executeKeywordForPlatform(KeywordExecutor.groovy:56)
	at com.kms.katalon.core.keyword.BuiltinKeywords.callTestCase(BuiltinKeywords.groovy:334)
	at CCOrders.run(CCOrders:40)
	at com.kms.katalon.core.main.ScriptEngine.run(ScriptEngine.java:194)
	at com.kms.katalon.core.main.ScriptEngine.runScriptAsRawText(ScriptEngine.java:119)
	at com.kms.katalon.core.main.TestCaseExecutor.runScript(TestCaseExecutor.java:342)
	at com.kms.katalon.core.main.TestCaseExecutor.doExecute(TestCaseExecutor.java:333)
	at com.kms.katalon.core.main.TestCaseExecutor.processExecutionPhase(TestCaseExecutor.java:312)
	at com.kms.katalon.core.main.TestCaseExecutor.accessMainPhase(TestCaseExecutor.java:304)
	at com.kms.katalon.core.main.TestCaseExecutor.execute(TestCaseExecutor.java:238)
	at com.kms.katalon.core.main.TestSuiteExecutor.accessTestCaseMainPhase(TestSuiteExecutor.java:129)
	at com.kms.katalon.core.main.TestSuiteExecutor.accessTestSuiteMainPhase(TestSuiteExecutor.java:112)
	at com.kms.katalon.core.main.TestSuiteExecutor.execute(TestSuiteExecutor.java:81)
	at com.kms.katalon.core.main.TestCaseMain.startTestSuite(TestCaseMain.java:157)
	at com.kms.katalon.core.main.TestCaseMain$startTestSuite$0.call(Unknown Source)
	at TempTestSuite1569591422215.run(TempTestSuite1569591422215.groovy:35)
Caused by: Assertion failed: 

assert prod_message.equalsIgnoreCase(expectedStyleDescription)
       |            |                |
       ""           false            3869 Cozy Cowl

	at productVerifyShort.run(productVerifyShort:63)
	at com.kms.katalon.core.main.ScriptEngine.run(ScriptEngine.java:194)
	at com.kms.katalon.core.main.ScriptEngine.runScriptAsRawText(ScriptEngine.java:119)
	at com.kms.katalon.core.main.TestCaseExecutor.runScript(TestCaseExecutor.java:342)
	at com.kms.katalon.core.main.TestCaseExecutor.doExecute(TestCaseExecutor.java:333)
	at com.kms.katalon.core.main.TestCaseExecutor.processExecutionPhase(TestCaseExecutor.java:312)
	at com.kms.katalon.core.main.TestCaseExecutor.accessMainPhase(TestCaseExecutor.java:304)
	at com.kms.katalon.core.main.TestCaseExecutor.execute(TestCaseExecutor.java:238)
	at com.kms.katalon.core.main.TestCaseMain.runTestCase(TestCaseMain.java:114)
	at com.kms.katalon.core.keyword.builtin.CallTestCaseKeyword$_callTestCase_closure1.doCall(CallTestCaseKeyword.groovy:59)
	... 20 more
)

2019-09-27 19:30:58 - [TEST_STEP][PASSED] - click(findTestObject("Page_cabi Find Order/a_Create Order")): Object: 'Object Repository/Page_cabi Find Order/a_Create Order' is clicked on

2019-09-27 19:30:58 - [MESSAGE][PASSED] - Object: 'Object Repository/Page_cabi Find Order/a_Create Order' is clicked on

2019-09-27 19:30:58 - [TEST_STEP][PASSED] - selectOptionByValue(findTestObject("Page_cabi Create Order/select_order_type"), "RETAIL", true): All options with value 'RETAIL' are selected in object 'Object Repository/Page_cabi Create Order/select_order_type'  using regular expression

2019-09-27 19:30:59 - [MESSAGE][PASSED] - All options with value 'RETAIL' are selected in object 'Object Repository/Page_cabi Create Order/select_order_type'  using regular expression

2019-09-27 19:30:59 - [TEST_STEP][PASSED] - click(findTestObject("Page_cabi Create Order/input_select_order_type")): Object: 'Object Repository/Page_cabi Create Order/input_select_order_type' is clicked on

2019-09-27 19:31:02 - [MESSAGE][PASSED] - Object: 'Object Repository/Page_cabi Create Order/input_select_order_type' is clicked on

2019-09-27 19:31:02 - [TEST_STEP][FAILED] - callTestCase(findTestCase("NewArrival/productVerifyShort"), ["available":CCRetail], CONTINUE_ON_FAILURE): Unable to call Test Case 'Test Cases/NewArrival/productVerifyShort' (Root cause: com.kms.katalon.core.exception.StepFailedException: Call Test Case 'Test Cases/NewArrival/productVerifyShort' failed
	at com.kms.katalon.core.keyword.builtin.CallTestCaseKeyword$_callTestCase_closure1.doCall(CallTestCaseKeyword.groovy:63)
	at com.kms.katalon.core.keyword.builtin.CallTestCaseKeyword$_callTestCase_closure1.call(CallTestCaseKeyword.groovy)
	at com.kms.katalon.core.keyword.internal.KeywordMain.runKeyword(KeywordMain.groovy:66)
	at com.kms.katalon.core.keyword.builtin.CallTestCaseKeyword.callTestCase(CallTestCaseKeyword.groovy:81)
	at com.kms.katalon.core.keyword.builtin.CallTestCaseKeyword.execute(CallTestCaseKeyword.groovy:44)
	at com.kms.katalon.core.keyword.internal.KeywordExecutor.executeKeywordForPlatform(KeywordExecutor.groovy:56)
	at com.kms.katalon.core.keyword.BuiltinKeywords.callTestCase(BuiltinKeywords.groovy:334)
	at CCOrders.run(CCOrders:50)
	at com.kms.katalon.core.main.ScriptEngine.run(ScriptEngine.java:194)
	at com.kms.katalon.core.main.ScriptEngine.runScriptAsRawText(ScriptEngine.java:119)
	at com.kms.katalon.core.main.TestCaseExecutor.runScript(TestCaseExecutor.java:342)
	at com.kms.katalon.core.main.TestCaseExecutor.doExecute(TestCaseExecutor.java:333)
	at com.kms.katalon.core.main.TestCaseExecutor.processExecutionPhase(TestCaseExecutor.java:312)
	at com.kms.katalon.core.main.TestCaseExecutor.accessMainPhase(TestCaseExecutor.java:304)
	at com.kms.katalon.core.main.TestCaseExecutor.execute(TestCaseExecutor.java:238)
	at com.kms.katalon.core.main.TestSuiteExecutor.accessTestCaseMainPhase(TestSuiteExecutor.java:129)
	at com.kms.katalon.core.main.TestSuiteExecutor.accessTestSuiteMainPhase(TestSuiteExecutor.java:112)
	at com.kms.katalon.core.main.TestSuiteExecutor.execute(TestSuiteExecutor.java:81)
	at com.kms.katalon.core.main.TestCaseMain.startTestSuite(TestCaseMain.java:157)
	at com.kms.katalon.core.main.TestCaseMain$startTestSuite$0.call(Unknown Source)
	at TempTestSuite1569591422215.run(TempTestSuite1569591422215.groovy:35)
Caused by: Assertion failed: 

assert prod_message.equalsIgnoreCase(expectedStyleDescription)
       |            |                |
       ""           false            3869 Cozy Cowl

	at productVerifyShort.run(productVerifyShort:63)
	at com.kms.katalon.core.main.ScriptEngine.run(ScriptEngine.java:194)
	at com.kms.katalon.core.main.ScriptEngine.runScriptAsRawText(ScriptEngine.java:119)
	at com.kms.katalon.core.main.TestCaseExecutor.runScript(TestCaseExecutor.java:342)
	at com.kms.katalon.core.main.TestCaseExecutor.doExecute(TestCaseExecutor.java:333)
	at com.kms.katalon.core.main.TestCaseExecutor.processExecutionPhase(TestCaseExecutor.java:312)
	at com.kms.katalon.core.main.TestCaseExecutor.accessMainPhase(TestCaseExecutor.java:304)
	at com.kms.katalon.core.main.TestCaseExecutor.execute(TestCaseExecutor.java:238)
	at com.kms.katalon.core.main.TestCaseMain.runTestCase(TestCaseMain.java:114)
	at com.kms.katalon.core.keyword.builtin.CallTestCaseKeyword$_callTestCase_closure1.doCall(CallTestCaseKeyword.groovy:59)
	... 20 more
)

2019-09-27 19:31:02 - [TEST_CASE][FAILED] - Test Cases/NewArrival/productVerifyShort: Test Cases/NewArrival/productVerifyShort FAILED.
Reason:
Assertion failed: 

assert prod_message.equalsIgnoreCase(expectedStyleDescription)
       |            |                |
       ""           false            3869 Cozy Cowl

	at productVerifyShort.run(productVerifyShort:63)
	at com.kms.katalon.core.main.ScriptEngine.run(ScriptEngine.java:194)
	at com.kms.katalon.core.main.ScriptEngine.runScriptAsRawText(ScriptEngine.java:119)
	at com.kms.katalon.core.main.TestCaseExecutor.runScript(TestCaseExecutor.java:342)
	at com.kms.katalon.core.main.TestCaseExecutor.doExecute(TestCaseExecutor.java:333)
	at com.kms.katalon.core.main.TestCaseExecutor.processExecutionPhase(TestCaseExecutor.java:312)
	at com.kms.katalon.core.main.TestCaseExecutor.accessMainPhase(TestCaseExecutor.java:304)
	at com.kms.katalon.core.main.TestCaseExecutor.execute(TestCaseExecutor.java:238)
	at com.kms.katalon.core.main.TestCaseMain.runTestCase(TestCaseMain.java:114)
	at com.kms.katalon.core.keyword.builtin.CallTestCaseKeyword$_callTestCase_closure1.doCall(CallTestCaseKeyword.groovy:59)
	at com.kms.katalon.core.keyword.builtin.CallTestCaseKeyword$_callTestCase_closure1.call(CallTestCaseKeyword.groovy)
	at com.kms.katalon.core.keyword.internal.KeywordMain.runKeyword(KeywordMain.groovy:66)
	at com.kms.katalon.core.keyword.builtin.CallTestCaseKeyword.callTestCase(CallTestCaseKeyword.groovy:81)
	at com.kms.katalon.core.keyword.builtin.CallTestCaseKeyword.execute(CallTestCaseKeyword.groovy:44)
	at com.kms.katalon.core.keyword.internal.KeywordExecutor.executeKeywordForPlatform(KeywordExecutor.groovy:56)
	at com.kms.katalon.core.keyword.BuiltinKeywords.callTestCase(BuiltinKeywords.groovy:334)
	at CCOrders.run(CCOrders:50)
	at com.kms.katalon.core.main.ScriptEngine.run(ScriptEngine.java:194)
	at com.kms.katalon.core.main.ScriptEngine.runScriptAsRawText(ScriptEngine.java:119)
	at com.kms.katalon.core.main.TestCaseExecutor.runScript(TestCaseExecutor.java:342)
	at com.kms.katalon.core.main.TestCaseExecutor.doExecute(TestCaseExecutor.java:333)
	at com.kms.katalon.core.main.TestCaseExecutor.processExecutionPhase(TestCaseExecutor.java:312)
	at com.kms.katalon.core.main.TestCaseExecutor.accessMainPhase(TestCaseExecutor.java:304)
	at com.kms.katalon.core.main.TestCaseExecutor.execute(TestCaseExecutor.java:238)
	at com.kms.katalon.core.main.TestSuiteExecutor.accessTestCaseMainPhase(TestSuiteExecutor.java:129)
	at com.kms.katalon.core.main.TestSuiteExecutor.accessTestSuiteMainPhase(TestSuiteExecutor.java:112)
	at com.kms.katalon.core.main.TestSuiteExecutor.execute(TestSuiteExecutor.java:81)
	at com.kms.katalon.core.main.TestCaseMain.startTestSuite(TestCaseMain.java:157)
	at com.kms.katalon.core.main.TestCaseMain$startTestSuite$0.call(Unknown Source)
	at TempTestSuite1569591422215.run(TempTestSuite1569591422215.groovy:35)


2019-09-27 19:31:02 - [TEST_STEP][FAILED] - for ([row = 1, row <= findTestData("productData").getRowNumbers(), (row++)]): for ([row = 1, row <= findTestData("productData").getRowNumbers(), (row++)]) FAILED.
Reason:
Assertion failed: 

assert prod_message.equalsIgnoreCase(expectedStyleDescription)
       |            |                |
       ""           false            3869 Cozy Cowl

	at productVerifyShort.run(productVerifyShort:63)
	at com.kms.katalon.core.main.ScriptEngine.run(ScriptEngine.java:194)
	at com.kms.katalon.core.main.ScriptEngine.runScriptAsRawText(ScriptEngine.java:119)
	at com.kms.katalon.core.main.TestCaseExecutor.runScript(TestCaseExecutor.java:342)
	at com.kms.katalon.core.main.TestCaseExecutor.doExecute(TestCaseExecutor.java:333)
	at com.kms.katalon.core.main.TestCaseExecutor.processExecutionPhase(TestCaseExecutor.java:312)
	at com.kms.katalon.core.main.TestCaseExecutor.accessMainPhase(TestCaseExecutor.java:304)
	at com.kms.katalon.core.main.TestCaseExecutor.execute(TestCaseExecutor.java:238)
	at com.kms.katalon.core.main.TestCaseMain.runTestCase(TestCaseMain.java:114)
	at com.kms.katalon.core.keyword.builtin.CallTestCaseKeyword$_callTestCase_closure1.doCall(CallTestCaseKeyword.groovy:59)
	at com.kms.katalon.core.keyword.builtin.CallTestCaseKeyword$_callTestCase_closure1.call(CallTestCaseKeyword.groovy)
	at com.kms.katalon.core.keyword.internal.KeywordMain.runKeyword(KeywordMain.groovy:66)
	at com.kms.katalon.core.keyword.builtin.CallTestCaseKeyword.callTestCase(CallTestCaseKeyword.groovy:81)
	at com.kms.katalon.core.keyword.builtin.CallTestCaseKeyword.execute(CallTestCaseKeyword.groovy:44)
	at com.kms.katalon.core.keyword.internal.KeywordExecutor.executeKeywordForPlatform(KeywordExecutor.groovy:56)
	at com.kms.katalon.core.keyword.BuiltinKeywords.callTestCase(BuiltinKeywords.groovy:334)
	at CCOrders.run(CCOrders:50)
	at com.kms.katalon.core.main.ScriptEngine.run(ScriptEngine.java:194)
	at com.kms.katalon.core.main.ScriptEngine.runScriptAsRawText(ScriptEngine.java:119)
	at com.kms.katalon.core.main.TestCaseExecutor.runScript(TestCaseExecutor.java:342)
	at com.kms.katalon.core.main.TestCaseExecutor.doExecute(TestCaseExecutor.java:333)
	at com.kms.katalon.core.main.TestCaseExecutor.processExecutionPhase(TestCaseExecutor.java:312)
	at com.kms.katalon.core.main.TestCaseExecutor.accessMainPhase(TestCaseExecutor.java:304)
	at com.kms.katalon.core.main.TestCaseExecutor.execute(TestCaseExecutor.java:238)
	at com.kms.katalon.core.main.TestSuiteExecutor.accessTestCaseMainPhase(TestSuiteExecutor.java:129)
	at com.kms.katalon.core.main.TestSuiteExecutor.accessTestSuiteMainPhase(TestSuiteExecutor.java:112)
	at com.kms.katalon.core.main.TestSuiteExecutor.execute(TestSuiteExecutor.java:81)
	at com.kms.katalon.core.main.TestCaseMain.startTestSuite(TestCaseMain.java:157)
	at com.kms.katalon.core.main.TestCaseMain$startTestSuite$0.call(Unknown Source)
	at TempTestSuite1569591422215.run(TempTestSuite1569591422215.groovy:35)


2019-09-27 19:31:02 - [TEST_STEP][PASSED] - delay(2): Delayed 2 second(s)

2019-09-27 19:31:04 - [MESSAGE][PASSED] - Delayed 2 second(s)

2019-09-27 19:31:04 - [TEST_STEP][PASSED] - setText(findTestObject("Object Repository/Page_cabi Create Order/input_Manual Discount_stylelookup_0"), findTestData("productData").getValue("Style", row)): Text '3875' is set on object 'Object Repository/Page_cabi Create Order/input_Manual Discount_stylelookup_0'

2019-09-27 19:31:04 - [MESSAGE][PASSED] - Text '3875' is set on object 'Object Repository/Page_cabi Create Order/input_Manual Discount_stylelookup_0'

2019-09-27 19:31:04 - [TEST_STEP][PASSED] - delay(2): Delayed 2 second(s)

2019-09-27 19:31:06 - [MESSAGE][PASSED] - Delayed 2 second(s)

2019-09-27 19:31:06 - [TEST_STEP][PASSED] - prod_message = getText(findTestObject("Page_cabi Create Order/first_option")): Text of object 'Object Repository/Page_cabi Create Order/first_option' is: '3875 Decked Out Dress'

2019-09-27 19:31:07 - [MESSAGE][PASSED] - Text of object 'Object Repository/Page_cabi Create Order/first_option' is: '3875 Decked Out Dress'

2019-09-27 19:31:07 - [TEST_STEP][PASSED] - delay(1): Delayed 1 second(s)

2019-09-27 19:31:08 - [MESSAGE][PASSED] - Delayed 1 second(s)

2019-09-27 19:31:08 - [TEST_STEP][PASSED] - click(findTestObject("Page_cabi Create Order/first_option")): Object: 'Object Repository/Page_cabi Create Order/first_option' is clicked on

2019-09-27 19:31:08 - [MESSAGE][PASSED] - Object: 'Object Repository/Page_cabi Create Order/first_option' is clicked on

2019-09-27 19:31:08 - [TEST_STEP][PASSED] - if (toString().equalsIgnoreCase("no")): null

2019-09-27 19:31:08 - [TEST_STEP][PASSED] - else: Delayed 3 second(s)

2019-09-27 19:31:08 - [TEST_STEP][PASSED] - delay(3): Delayed 3 second(s)

2019-09-27 19:31:11 - [MESSAGE][PASSED] - Delayed 3 second(s)

2019-09-27 19:31:11 - [TEST_STEP][PASSED] - s1 = getValue("Style", row).toString(): null

2019-09-27 19:31:11 - [TEST_STEP][PASSED] - s2 = " ": null

2019-09-27 19:31:11 - [TEST_STEP][PASSED] - s3 = getValue("Description", row).toString(): null

2019-09-27 19:31:11 - [TEST_STEP][PASSED] - expectedStyleDescription = $s1$s2$s3: null

2019-09-27 19:31:11 - [TEST_STEP][PASSED] - prod_message = UtilityMethods.splitStyle(prod_message): null

2019-09-27 19:31:11 - [TEST_STEP][PASSED] - println(prod_message): null

2019-09-27 19:31:11 - [TEST_STEP][PASSED] - assert prod_message.equalsIgnoreCase(expectedStyleDescription): null

2019-09-27 19:31:11 - [TEST_STEP][PASSED] - delay(3): Delayed 3 second(s)

2019-09-27 19:31:14 - [MESSAGE][PASSED] - Delayed 3 second(s)

2019-09-27 19:31:14 - [TEST_STEP][PASSED] - colorOptions = findWebElements(findTestObject("Page_cabi Order Items/GetAttribute_Color"), 5): null

2019-09-27 19:31:14 - [TEST_STEP][PASSED] - println(colorOptions.size()): null

2019-09-27 19:31:14 - [TEST_STEP][PASSED] - expectedColour = findTestData("productData").getValue("Color", row): null

2019-09-27 19:31:14 - [TEST_STEP][PASSED] - println("expected colour is"): null

2019-09-27 19:31:14 - [TEST_STEP][PASSED] - println(expectedColour): null

2019-09-27 19:31:14 - [TEST_STEP][PASSED] - colourVerified = false: null

2019-09-27 19:31:14 - [TEST_STEP][PASSED] - for (org.openqa.selenium.WebElement op : colorOptions): null

2019-09-27 19:31:14 - [TEST_STEP][PASSED] - println(op.getText()): null

2019-09-27 19:31:14 - [TEST_STEP][PASSED] - if (expectedColour.equalsIgnoreCase(op.getText())): null

2019-09-27 19:31:14 - [TEST_STEP][PASSED] - colourVerified = true: null

2019-09-27 19:31:14 - [TEST_STEP][PASSED] - break: null

2019-09-27 19:31:14 - [TEST_STEP][PASSED] - assert colourVerified == true: null

2019-09-27 19:31:14 - [TEST_STEP][PASSED] - getPrice = getText(findTestObject("Page_cabi Create Order/retail_price")): Text of object 'Object Repository/Page_cabi Create Order/retail_price' is: '$159.00'

2019-09-27 19:31:14 - [MESSAGE][PASSED] - Text of object 'Object Repository/Page_cabi Create Order/retail_price' is: '$159.00'

2019-09-27 19:31:14 - [TEST_STEP][PASSED] - Split_Data = UtilityMethods.SplitData(getPrice): null

2019-09-27 19:31:14 - [TEST_STEP][PASSED] - verifyMatch(Split_Data, findTestData("productData").getValue("Retail", row), true, CONTINUE_ON_FAILURE): Actual text '159' and expected text '159' are matched  using regular expression

2019-09-27 19:31:14 - [MESSAGE][PASSED] - Actual text '159' and expected text '159' are matched  using regular expression

2019-09-27 19:31:14 - [TEST_STEP][PASSED] - sizeRange1 = ["XXS", "XS", "S", "M", "L", "XL"]: null

2019-09-27 19:31:14 - [TEST_STEP][PASSED] - sizeRange2 = ["00", "0", "2", "4", "6", "8", "10", "12", "14", "16"]: null

2019-09-27 19:31:14 - [TEST_STEP][PASSED] - sizeRange3 = ["Long", "Regular", "Short"]: null

2019-09-27 19:31:14 - [TEST_STEP][PASSED] - sizeRange4 = ["5", "6", "6.5", "7", "7.5", "8", "8.5", "9", "9.5", "10", "11"]: null

2019-09-27 19:31:14 - [TEST_STEP][PASSED] - sizeRangeSplit = UtilityMethods.SplitSizes(findTestData("productData").getValue("SzRange", row)): null

2019-09-27 19:31:14 - [TEST_STEP][PASSED] - sizeType = getText(findTestObject("Object Repository/Page_cabi Order Items/Size")): Text of object 'Object Repository/Page_cabi Order Items/Size' is: 'Select'

2019-09-27 19:31:14 - [MESSAGE][PASSED] - Text of object 'Object Repository/Page_cabi Order Items/Size' is: 'Select'

2019-09-27 19:31:14 - [TEST_STEP][PASSED] - sizeOptions = findWebElements(findTestObject("Object Repository/Page_cabi Order Items/Size"), 5): null

2019-09-27 19:31:14 - [TEST_STEP][PASSED] - actualRange = new java.util.ArrayList(): null

2019-09-27 19:31:14 - [TEST_STEP][PASSED] - expectedRange = <not implemented yet for class: org.codehaus.groovy.ast.expr.EmptyExpression>: null

2019-09-27 19:31:14 - [TEST_STEP][PASSED] - if (sizeType.equalsIgnoreCase("Select")): null

2019-09-27 19:31:14 - [TEST_STEP][PASSED] - for ([i = 1, i < sizeOptions.size(), (i++)]): null

2019-09-27 19:31:14 - [TEST_STEP][PASSED] - actualRange.add(get(i).getAttribute("value")): null

2019-09-27 19:31:14 - [TEST_STEP][PASSED] - actualRange.add(get(i).getAttribute("value")): null

2019-09-27 19:31:14 - [TEST_STEP][PASSED] - actualRange.add(get(i).getAttribute("value")): null

2019-09-27 19:31:14 - [TEST_STEP][PASSED] - actualRange.add(get(i).getAttribute("value")): null

2019-09-27 19:31:14 - [TEST_STEP][PASSED] - actualRange.add(get(i).getAttribute("value")): null

2019-09-27 19:31:14 - [TEST_STEP][PASSED] - if (toString().equalsIgnoreCase("XS") || toString().equalsIgnoreCase("XXS")): null

2019-09-27 19:31:14 - [TEST_STEP][PASSED] - expectedRange = UtilityMethods.getExpectedRange(sizeRange1, sizeRangeSplit): null

2019-09-27 19:31:14 - [TEST_STEP][PASSED] - println("XS"): null

2019-09-27 19:31:14 - [TEST_STEP][PASSED] - println(expectedRange.toString()): null

2019-09-27 19:31:14 - [TEST_STEP][PASSED] - assert UtilityMethods.listEquals(expectedRange, actualRange) == true: null

2019-09-27 19:31:14 - [TEST_STEP][PASSED] - delay(3): Delayed 3 second(s)

2019-09-27 19:31:17 - [MESSAGE][PASSED] - Delayed 3 second(s)

2019-09-27 19:31:17 - [TEST_STEP][PASSED] - delay(2): Delayed 2 second(s)

2019-09-27 19:31:19 - [MESSAGE][PASSED] - Delayed 2 second(s)

2019-09-27 19:31:19 - [TEST_STEP][PASSED] - setText(findTestObject("Object Repository/Page_cabi Create Order/input_Manual Discount_stylelookup_0"), findTestData("productData").getValue("Style", row)): Text '3869' is set on object 'Object Repository/Page_cabi Create Order/input_Manual Discount_stylelookup_0'

2019-09-27 19:31:19 - [MESSAGE][PASSED] - Text '3869' is set on object 'Object Repository/Page_cabi Create Order/input_Manual Discount_stylelookup_0'

2019-09-27 19:31:19 - [TEST_STEP][PASSED] - delay(2): Delayed 2 second(s)

2019-09-27 19:31:21 - [MESSAGE][PASSED] - Delayed 2 second(s)

2019-09-27 19:31:21 - [TEST_STEP][PASSED] - prod_message = getText(findTestObject("Page_cabi Create Order/first_option")): Text of object 'Object Repository/Page_cabi Create Order/first_option' is: ''

2019-09-27 19:31:21 - [MESSAGE][PASSED] - Text of object 'Object Repository/Page_cabi Create Order/first_option' is: ''

2019-09-27 19:31:21 - [TEST_STEP][PASSED] - delay(1): Delayed 1 second(s)

2019-09-27 19:31:22 - [MESSAGE][PASSED] - Delayed 1 second(s)

2019-09-27 19:31:22 - [TEST_STEP][PASSED] - click(findTestObject("Page_cabi Create Order/first_option")): Object: 'Object Repository/Page_cabi Create Order/first_option' is clicked on

2019-09-27 19:31:22 - [MESSAGE][PASSED] - Object: 'Object Repository/Page_cabi Create Order/first_option' is clicked on

2019-09-27 19:31:22 - [TEST_STEP][PASSED] - if (toString().equalsIgnoreCase("no")): null

2019-09-27 19:31:22 - [TEST_STEP][FAILED] - else: for ([row = 1, row <= findTestData("productData").getRowNumbers(), (row++)]) FAILED.
Reason:
Assertion failed: 

assert prod_message.equalsIgnoreCase(expectedStyleDescription)
       |            |                |
       ""           false            3869 Cozy Cowl

	at productVerifyShort.run(productVerifyShort:63)
	at com.kms.katalon.core.main.ScriptEngine.run(ScriptEngine.java:194)
	at com.kms.katalon.core.main.ScriptEngine.runScriptAsRawText(ScriptEngine.java:119)
	at com.kms.katalon.core.main.TestCaseExecutor.runScript(TestCaseExecutor.java:342)
	at com.kms.katalon.core.main.TestCaseExecutor.doExecute(TestCaseExecutor.java:333)
	at com.kms.katalon.core.main.TestCaseExecutor.processExecutionPhase(TestCaseExecutor.java:312)
	at com.kms.katalon.core.main.TestCaseExecutor.accessMainPhase(TestCaseExecutor.java:304)
	at com.kms.katalon.core.main.TestCaseExecutor.execute(TestCaseExecutor.java:238)
	at com.kms.katalon.core.main.TestCaseMain.runTestCase(TestCaseMain.java:114)
	at com.kms.katalon.core.keyword.builtin.CallTestCaseKeyword$_callTestCase_closure1.doCall(CallTestCaseKeyword.groovy:59)
	at com.kms.katalon.core.keyword.builtin.CallTestCaseKeyword$_callTestCase_closure1.call(CallTestCaseKeyword.groovy)
	at com.kms.katalon.core.keyword.internal.KeywordMain.runKeyword(KeywordMain.groovy:66)
	at com.kms.katalon.core.keyword.builtin.CallTestCaseKeyword.callTestCase(CallTestCaseKeyword.groovy:81)
	at com.kms.katalon.core.keyword.builtin.CallTestCaseKeyword.execute(CallTestCaseKeyword.groovy:44)
	at com.kms.katalon.core.keyword.internal.KeywordExecutor.executeKeywordForPlatform(KeywordExecutor.groovy:56)
	at com.kms.katalon.core.keyword.BuiltinKeywords.callTestCase(BuiltinKeywords.groovy:334)
	at CCOrders.run(CCOrders:50)
	at com.kms.katalon.core.main.ScriptEngine.run(ScriptEngine.java:194)
	at com.kms.katalon.core.main.ScriptEngine.runScriptAsRawText(ScriptEngine.java:119)
	at com.kms.katalon.core.main.TestCaseExecutor.runScript(TestCaseExecutor.java:342)
	at com.kms.katalon.core.main.TestCaseExecutor.doExecute(TestCaseExecutor.java:333)
	at com.kms.katalon.core.main.TestCaseExecutor.processExecutionPhase(TestCaseExecutor.java:312)
	at com.kms.katalon.core.main.TestCaseExecutor.accessMainPhase(TestCaseExecutor.java:304)
	at com.kms.katalon.core.main.TestCaseExecutor.execute(TestCaseExecutor.java:238)
	at com.kms.katalon.core.main.TestSuiteExecutor.accessTestCaseMainPhase(TestSuiteExecutor.java:129)
	at com.kms.katalon.core.main.TestSuiteExecutor.accessTestSuiteMainPhase(TestSuiteExecutor.java:112)
	at com.kms.katalon.core.main.TestSuiteExecutor.execute(TestSuiteExecutor.java:81)
	at com.kms.katalon.core.main.TestCaseMain.startTestSuite(TestCaseMain.java:157)
	at com.kms.katalon.core.main.TestCaseMain$startTestSuite$0.call(Unknown Source)
	at TempTestSuite1569591422215.run(TempTestSuite1569591422215.groovy:35)


2019-09-27 19:31:22 - [TEST_STEP][PASSED] - delay(3): Delayed 3 second(s)

2019-09-27 19:31:25 - [MESSAGE][PASSED] - Delayed 3 second(s)

2019-09-27 19:31:25 - [TEST_STEP][PASSED] - s1 = getValue("Style", row).toString(): null

2019-09-27 19:31:25 - [TEST_STEP][PASSED] - s2 = " ": null

2019-09-27 19:31:25 - [TEST_STEP][PASSED] - s3 = getValue("Description", row).toString(): null

2019-09-27 19:31:25 - [TEST_STEP][PASSED] - expectedStyleDescription = $s1$s2$s3: null

2019-09-27 19:31:25 - [TEST_STEP][PASSED] - prod_message = UtilityMethods.splitStyle(prod_message): null

2019-09-27 19:31:25 - [TEST_STEP][PASSED] - println(prod_message): null

2019-09-27 19:31:25 - [TEST_STEP][FAILED] - assert prod_message.equalsIgnoreCase(expectedStyleDescription): for ([row = 1, row <= findTestData("productData").getRowNumbers(), (row++)]) FAILED.
Reason:
Assertion failed: 

assert prod_message.equalsIgnoreCase(expectedStyleDescription)
       |            |                |
       ""           false            3869 Cozy Cowl

	at productVerifyShort.run(productVerifyShort:63)
	at com.kms.katalon.core.main.ScriptEngine.run(ScriptEngine.java:194)
	at com.kms.katalon.core.main.ScriptEngine.runScriptAsRawText(ScriptEngine.java:119)
	at com.kms.katalon.core.main.TestCaseExecutor.runScript(TestCaseExecutor.java:342)
	at com.kms.katalon.core.main.TestCaseExecutor.doExecute(TestCaseExecutor.java:333)
	at com.kms.katalon.core.main.TestCaseExecutor.processExecutionPhase(TestCaseExecutor.java:312)
	at com.kms.katalon.core.main.TestCaseExecutor.accessMainPhase(TestCaseExecutor.java:304)
	at com.kms.katalon.core.main.TestCaseExecutor.execute(TestCaseExecutor.java:238)
	at com.kms.katalon.core.main.TestCaseMain.runTestCase(TestCaseMain.java:114)
	at com.kms.katalon.core.keyword.builtin.CallTestCaseKeyword$_callTestCase_closure1.doCall(CallTestCaseKeyword.groovy:59)
	at com.kms.katalon.core.keyword.builtin.CallTestCaseKeyword$_callTestCase_closure1.call(CallTestCaseKeyword.groovy)
	at com.kms.katalon.core.keyword.internal.KeywordMain.runKeyword(KeywordMain.groovy:66)
	at com.kms.katalon.core.keyword.builtin.CallTestCaseKeyword.callTestCase(CallTestCaseKeyword.groovy:81)
	at com.kms.katalon.core.keyword.builtin.CallTestCaseKeyword.execute(CallTestCaseKeyword.groovy:44)
	at com.kms.katalon.core.keyword.internal.KeywordExecutor.executeKeywordForPlatform(KeywordExecutor.groovy:56)
	at com.kms.katalon.core.keyword.BuiltinKeywords.callTestCase(BuiltinKeywords.groovy:334)
	at CCOrders.run(CCOrders:50)
	at com.kms.katalon.core.main.ScriptEngine.run(ScriptEngine.java:194)
	at com.kms.katalon.core.main.ScriptEngine.runScriptAsRawText(ScriptEngine.java:119)
	at com.kms.katalon.core.main.TestCaseExecutor.runScript(TestCaseExecutor.java:342)
	at com.kms.katalon.core.main.TestCaseExecutor.doExecute(TestCaseExecutor.java:333)
	at com.kms.katalon.core.main.TestCaseExecutor.processExecutionPhase(TestCaseExecutor.java:312)
	at com.kms.katalon.core.main.TestCaseExecutor.accessMainPhase(TestCaseExecutor.java:304)
	at com.kms.katalon.core.main.TestCaseExecutor.execute(TestCaseExecutor.java:238)
	at com.kms.katalon.core.main.TestSuiteExecutor.accessTestCaseMainPhase(TestSuiteExecutor.java:129)
	at com.kms.katalon.core.main.TestSuiteExecutor.accessTestSuiteMainPhase(TestSuiteExecutor.java:112)
	at com.kms.katalon.core.main.TestSuiteExecutor.execute(TestSuiteExecutor.java:81)
	at com.kms.katalon.core.main.TestCaseMain.startTestSuite(TestCaseMain.java:157)
	at com.kms.katalon.core.main.TestCaseMain$startTestSuite$0.call(Unknown Source)
	at TempTestSuite1569591422215.run(TempTestSuite1569591422215.groovy:35)


2019-09-27 19:31:25 - [MESSAGE][FAILED] - for ([row = 1, row <= findTestData("productData").getRowNumbers(), (row++)]) FAILED.
Reason:
Assertion failed: 

assert prod_message.equalsIgnoreCase(expectedStyleDescription)
       |            |                |
       ""           false            3869 Cozy Cowl

	at productVerifyShort.run(productVerifyShort:63)
	at com.kms.katalon.core.main.ScriptEngine.run(ScriptEngine.java:194)
	at com.kms.katalon.core.main.ScriptEngine.runScriptAsRawText(ScriptEngine.java:119)
	at com.kms.katalon.core.main.TestCaseExecutor.runScript(TestCaseExecutor.java:342)
	at com.kms.katalon.core.main.TestCaseExecutor.doExecute(TestCaseExecutor.java:333)
	at com.kms.katalon.core.main.TestCaseExecutor.processExecutionPhase(TestCaseExecutor.java:312)
	at com.kms.katalon.core.main.TestCaseExecutor.accessMainPhase(TestCaseExecutor.java:304)
	at com.kms.katalon.core.main.TestCaseExecutor.execute(TestCaseExecutor.java:238)
	at com.kms.katalon.core.main.TestCaseMain.runTestCase(TestCaseMain.java:114)
	at com.kms.katalon.core.keyword.builtin.CallTestCaseKeyword$_callTestCase_closure1.doCall(CallTestCaseKeyword.groovy:59)
	at com.kms.katalon.core.keyword.builtin.CallTestCaseKeyword$_callTestCase_closure1.call(CallTestCaseKeyword.groovy)
	at com.kms.katalon.core.keyword.internal.KeywordMain.runKeyword(KeywordMain.groovy:66)
	at com.kms.katalon.core.keyword.builtin.CallTestCaseKeyword.callTestCase(CallTestCaseKeyword.groovy:81)
	at com.kms.katalon.core.keyword.builtin.CallTestCaseKeyword.execute(CallTestCaseKeyword.groovy:44)
	at com.kms.katalon.core.keyword.internal.KeywordExecutor.executeKeywordForPlatform(KeywordExecutor.groovy:56)
	at com.kms.katalon.core.keyword.BuiltinKeywords.callTestCase(BuiltinKeywords.groovy:334)
	at CCOrders.run(CCOrders:50)
	at com.kms.katalon.core.main.ScriptEngine.run(ScriptEngine.java:194)
	at com.kms.katalon.core.main.ScriptEngine.runScriptAsRawText(ScriptEngine.java:119)
	at com.kms.katalon.core.main.TestCaseExecutor.runScript(TestCaseExecutor.java:342)
	at com.kms.katalon.core.main.TestCaseExecutor.doExecute(TestCaseExecutor.java:333)
	at com.kms.katalon.core.main.TestCaseExecutor.processExecutionPhase(TestCaseExecutor.java:312)
	at com.kms.katalon.core.main.TestCaseExecutor.accessMainPhase(TestCaseExecutor.java:304)
	at com.kms.katalon.core.main.TestCaseExecutor.execute(TestCaseExecutor.java:238)
	at com.kms.katalon.core.main.TestSuiteExecutor.accessTestCaseMainPhase(TestSuiteExecutor.java:129)
	at com.kms.katalon.core.main.TestSuiteExecutor.accessTestSuiteMainPhase(TestSuiteExecutor.java:112)
	at com.kms.katalon.core.main.TestSuiteExecutor.execute(TestSuiteExecutor.java:81)
	at com.kms.katalon.core.main.TestCaseMain.startTestSuite(TestCaseMain.java:157)
	at com.kms.katalon.core.main.TestCaseMain$startTestSuite$0.call(Unknown Source)
	at TempTestSuite1569591422215.run(TempTestSuite1569591422215.groovy:35)


2019-09-27 19:31:25 - [MESSAGE][FAILED] - Unable to call Test Case 'Test Cases/NewArrival/productVerifyShort' (Root cause: com.kms.katalon.core.exception.StepFailedException: Call Test Case 'Test Cases/NewArrival/productVerifyShort' failed
	at com.kms.katalon.core.keyword.builtin.CallTestCaseKeyword$_callTestCase_closure1.doCall(CallTestCaseKeyword.groovy:63)
	at com.kms.katalon.core.keyword.builtin.CallTestCaseKeyword$_callTestCase_closure1.call(CallTestCaseKeyword.groovy)
	at com.kms.katalon.core.keyword.internal.KeywordMain.runKeyword(KeywordMain.groovy:66)
	at com.kms.katalon.core.keyword.builtin.CallTestCaseKeyword.callTestCase(CallTestCaseKeyword.groovy:81)
	at com.kms.katalon.core.keyword.builtin.CallTestCaseKeyword.execute(CallTestCaseKeyword.groovy:44)
	at com.kms.katalon.core.keyword.internal.KeywordExecutor.executeKeywordForPlatform(KeywordExecutor.groovy:56)
	at com.kms.katalon.core.keyword.BuiltinKeywords.callTestCase(BuiltinKeywords.groovy:334)
	at CCOrders.run(CCOrders:50)
	at com.kms.katalon.core.main.ScriptEngine.run(ScriptEngine.java:194)
	at com.kms.katalon.core.main.ScriptEngine.runScriptAsRawText(ScriptEngine.java:119)
	at com.kms.katalon.core.main.TestCaseExecutor.runScript(TestCaseExecutor.java:342)
	at com.kms.katalon.core.main.TestCaseExecutor.doExecute(TestCaseExecutor.java:333)
	at com.kms.katalon.core.main.TestCaseExecutor.processExecutionPhase(TestCaseExecutor.java:312)
	at com.kms.katalon.core.main.TestCaseExecutor.accessMainPhase(TestCaseExecutor.java:304)
	at com.kms.katalon.core.main.TestCaseExecutor.execute(TestCaseExecutor.java:238)
	at com.kms.katalon.core.main.TestSuiteExecutor.accessTestCaseMainPhase(TestSuiteExecutor.java:129)
	at com.kms.katalon.core.main.TestSuiteExecutor.accessTestSuiteMainPhase(TestSuiteExecutor.java:112)
	at com.kms.katalon.core.main.TestSuiteExecutor.execute(TestSuiteExecutor.java:81)
	at com.kms.katalon.core.main.TestCaseMain.startTestSuite(TestCaseMain.java:157)
	at com.kms.katalon.core.main.TestCaseMain$startTestSuite$0.call(Unknown Source)
	at TempTestSuite1569591422215.run(TempTestSuite1569591422215.groovy:35)
Caused by: Assertion failed: 

assert prod_message.equalsIgnoreCase(expectedStyleDescription)
       |            |                |
       ""           false            3869 Cozy Cowl

	at productVerifyShort.run(productVerifyShort:63)
	at com.kms.katalon.core.main.ScriptEngine.run(ScriptEngine.java:194)
	at com.kms.katalon.core.main.ScriptEngine.runScriptAsRawText(ScriptEngine.java:119)
	at com.kms.katalon.core.main.TestCaseExecutor.runScript(TestCaseExecutor.java:342)
	at com.kms.katalon.core.main.TestCaseExecutor.doExecute(TestCaseExecutor.java:333)
	at com.kms.katalon.core.main.TestCaseExecutor.processExecutionPhase(TestCaseExecutor.java:312)
	at com.kms.katalon.core.main.TestCaseExecutor.accessMainPhase(TestCaseExecutor.java:304)
	at com.kms.katalon.core.main.TestCaseExecutor.execute(TestCaseExecutor.java:238)
	at com.kms.katalon.core.main.TestCaseMain.runTestCase(TestCaseMain.java:114)
	at com.kms.katalon.core.keyword.builtin.CallTestCaseKeyword$_callTestCase_closure1.doCall(CallTestCaseKeyword.groovy:59)
	... 20 more
)

2019-09-27 19:31:25 - [TEST_STEP][PASSED] - callTestCase(findTestCase("NewArrival/populateTimeGlobalVars"), ["row":timeRow], CONTINUE_ON_FAILURE): Call Test Case 'Test Cases/NewArrival/populateTimeGlobalVars' successfully

2019-09-27 19:31:25 - [TEST_CASE][PASSED] - Test Cases/NewArrival/populateTimeGlobalVars: Test Cases/NewArrival/populateTimeGlobalVars

2019-09-27 19:31:25 - [TEST_STEP][PASSED] - dataFile = "timezoneData": null

2019-09-27 19:31:25 - [TEST_STEP][PASSED] - clockServerTarget = UtilityMethods.getTestData("envtData", "clockServerTarget", 1): null

2019-09-27 19:31:25 - [TEST_STEP][PASSED] - println(clockServerTarget): null

2019-09-27 19:31:25 - [TEST_STEP][PASSED] - orderType = UtilityMethods.getTestData(dataFile, "orderType", row): null

2019-09-27 19:31:25 - [TEST_STEP][PASSED] - timeZone = UtilityMethods.getTestData(dataFile, "timeZone", row): null

2019-09-27 19:31:25 - [TEST_STEP][PASSED] - BOPersonal = UtilityMethods.getTestData(dataFile, "BOPersonal", row): null

2019-09-27 19:31:25 - [TEST_STEP][PASSED] - BOAddonPersonal = UtilityMethods.getTestData(dataFile, "BOAddonPersonal", row): null

2019-09-27 19:31:25 - [TEST_STEP][PASSED] - BOAddonRetail = UtilityMethods.getTestData(dataFile, "BOAddonRetail", row): null

2019-09-27 19:31:25 - [TEST_STEP][PASSED] - BORetail = UtilityMethods.getTestData(dataFile, "BORetail", row): null

2019-09-27 19:31:25 - [TEST_STEP][PASSED] - BOShow = UtilityMethods.getTestData(dataFile, "BOShow", row): null

2019-09-27 19:31:25 - [TEST_STEP][PASSED] - BOOnlineoutlet = UtilityMethods.getTestData(dataFile, "BOOnlineoutlet", row): null

2019-09-27 19:31:25 - [TEST_STEP][PASSED] - BOEmployee = UtilityMethods.getTestData(dataFile, "BOEmployee", row): null

2019-09-27 19:31:25 - [TEST_STEP][PASSED] - CCPersonal = UtilityMethods.getTestData(dataFile, "CCPersonal", row): null

2019-09-27 19:31:25 - [TEST_STEP][PASSED] - CCRetail = UtilityMethods.getTestData(dataFile, "CCRetail", row): null

2019-09-27 19:31:25 - [TEST_STEP][PASSED] - CCShow = UtilityMethods.getTestData(dataFile, "CCShow", row): null

2019-09-27 19:31:25 - [TEST_STEP][PASSED] - BOEblast = UtilityMethods.getTestData(dataFile, "BOEblast", row): null

2019-09-27 19:31:25 - [TEST_STEP][PASSED] - println(row): null

2019-09-27 19:31:25 - [TEST_STEP][PASSED] - println(BOPersonal): null

2019-09-27 19:31:25 - [MESSAGE][PASSED] - Call Test Case 'Test Cases/NewArrival/populateTimeGlobalVars' successfully

2019-09-27 19:31:25 - [TEST_STEP][PASSED] - callTestCase(findTestCase("NewArrival/setTimezone"), ["ofbizURL":"", "ofbizuser":"", "ofbizpass":"", "orderType":orderType, "timeZone":timeZone, "serverTarget":serverTarget, "clockServerTarget":clockServerTarget], CONTINUE_ON_FAILURE): Call Test Case 'Test Cases/NewArrival/setTimezone' successfully

2019-09-27 19:31:26 - [TEST_CASE][PASSED] - Test Cases/NewArrival/setTimezone: Test Cases/NewArrival/setTimezone

2019-09-27 19:31:26 - [TEST_STEP][PASSED] - openBrowser(""): Browser is opened with url: ''

2019-09-27 19:31:26 - [MESSAGE][WARNING] - A browser is already opened. Closing browser and opening a new one

2019-09-27 19:31:26 - [MESSAGE][INFO] - Starting 'Chrome' driver

2019-09-27 19:31:26 - [MESSAGE][INFO] - User set preference: ['args', '[--use-fake-ui-for-media-stream, --start-maximized]']

2019-09-27 19:31:28 - [MESSAGE][PASSED] - Browser is opened with url: ''

2019-09-27 19:31:28 - [TEST_STEP][NOT_RUN] - maximizeWindow(): NOT_RUN: maximizeWindow()

2019-09-27 19:31:28 - [MESSAGE][NOT_RUN] - NOT_RUN: maximizeWindow()

2019-09-27 19:31:28 - [TEST_STEP][PASSED] - ofbizURL = findTestData("envtData").getValue("ofbizURL", 1): null

2019-09-27 19:31:28 - [TEST_STEP][PASSED] - ofbizuser = findTestData("credData").getValue("ofbizuser", 1): null

2019-09-27 19:31:28 - [TEST_STEP][PASSED] - ofbizpass = findTestData("credData").getValue("ofbizpass", 1): null

2019-09-27 19:31:28 - [TEST_STEP][PASSED] - navigateToUrl(ofbizURL): Navigate to 'https://pushofbiz.cliotest.com/login.php' successfully

2019-09-27 19:31:30 - [MESSAGE][PASSED] - Navigate to 'https://pushofbiz.cliotest.com/login.php' successfully

2019-09-27 19:31:30 - [TEST_STEP][PASSED] - setText(findTestObject("Page_/input_Username_username"), ofbizuser): Text 'automation' is set on object 'Object Repository/Page_/input_Username_username'

2019-09-27 19:31:30 - [MESSAGE][PASSED] - Text 'automation' is set on object 'Object Repository/Page_/input_Username_username'

2019-09-27 19:31:30 - [TEST_STEP][PASSED] - setText(findTestObject("Page_/input_Password_password"), ofbizpass): Text 'cabiautomation' is set on object 'Object Repository/Page_/input_Password_password'

2019-09-27 19:31:30 - [MESSAGE][PASSED] - Text 'cabiautomation' is set on object 'Object Repository/Page_/input_Password_password'

2019-09-27 19:31:30 - [TEST_STEP][PASSED] - click(findTestObject("Page_/input_Password_Submit")): Object: 'Object Repository/Page_/input_Password_Submit' is clicked on

2019-09-27 19:31:35 - [MESSAGE][PASSED] - Object: 'Object Repository/Page_/input_Password_Submit' is clicked on

2019-09-27 19:31:35 - [TEST_STEP][PASSED] - click(findTestObject("Object Repository/Page_/a_Clock set")): Object: 'Object Repository/Page_/a_Clock set' is clicked on

2019-09-27 19:31:35 - [MESSAGE][PASSED] - Object: 'Object Repository/Page_/a_Clock set' is clicked on

2019-09-27 19:31:35 - [TEST_STEP][PASSED] - cst = UtilityMethods.createTestObject("select_target", "//select[@name='Target']/option[contains(text(), '", clockServerTarget, "')]"): null

2019-09-27 19:31:35 - [TEST_STEP][PASSED] - println(clockServerTarget): null

2019-09-27 19:31:35 - [TEST_STEP][PASSED] - click(cst): Object: 'select_target' is clicked on

2019-09-27 19:31:35 - [MESSAGE][PASSED] - Object: 'select_target' is clicked on

2019-09-27 19:31:35 - [TEST_STEP][PASSED] - click(findTestObject("Page_/thisDateAndTime")): Object: 'Object Repository/Page_/thisDateAndTime' is clicked on

2019-09-27 19:31:35 - [MESSAGE][PASSED] - Object: 'Object Repository/Page_/thisDateAndTime' is clicked on

2019-09-27 19:31:35 - [TEST_STEP][PASSED] - setText(findTestObject("Object Repository/Page_/setTargetTime"), timeZone): Text ' 11/20/2019 00:00' is set on object 'Object Repository/Page_/setTargetTime'

2019-09-27 19:31:35 - [MESSAGE][PASSED] - Text ' 11/20/2019 00:00' is set on object 'Object Repository/Page_/setTargetTime'

2019-09-27 19:31:35 - [TEST_STEP][PASSED] - click(findTestObject("Object Repository/Page_/input")): Object: 'Object Repository/Page_/input' is clicked on

2019-09-27 19:31:36 - [MESSAGE][PASSED] - Object: 'Object Repository/Page_/input' is clicked on

2019-09-27 19:31:36 - [TEST_STEP][PASSED] - delay(10): Delayed 10 second(s)

2019-09-27 19:31:46 - [MESSAGE][PASSED] - Delayed 10 second(s)

2019-09-27 19:31:46 - [TEST_STEP][NOT_RUN] - closeBrowser(): NOT_RUN: closeBrowser()

2019-09-27 19:31:46 - [MESSAGE][NOT_RUN] - NOT_RUN: closeBrowser()

2019-09-27 19:31:46 - [MESSAGE][PASSED] - Call Test Case 'Test Cases/NewArrival/setTimezone' successfully

2019-09-27 19:31:46 - [TEST_STEP][PASSED] - callTestCase(findTestCase("TestCaseUtilities/cabiCentralLogin"), [:], CONTINUE_ON_FAILURE): Call Test Case 'Test Cases/TestCaseUtilities/cabiCentralLogin' successfully

2019-09-27 19:31:46 - [TEST_CASE][PASSED] - Test Cases/TestCaseUtilities/cabiCentralLogin: Test Cases/TestCaseUtilities/cabiCentralLogin

2019-09-27 19:31:46 - [TEST_STEP][PASSED] - CCURL = findTestData("envtData").getValue("CCURL", 1): null

2019-09-27 19:31:46 - [TEST_STEP][PASSED] - CCuser = findTestData("credData").getValue("CCuser", 1): null

2019-09-27 19:31:46 - [TEST_STEP][PASSED] - CCpass = findTestData("credData").getValue("CCpass", 1): null

2019-09-27 19:31:46 - [TEST_STEP][PASSED] - openBrowser(""): Browser is opened with url: ''

2019-09-27 19:31:46 - [MESSAGE][WARNING] - A browser is already opened. Closing browser and opening a new one

2019-09-27 19:31:47 - [MESSAGE][INFO] - Starting 'Chrome' driver

2019-09-27 19:31:47 - [MESSAGE][INFO] - User set preference: ['args', '[--use-fake-ui-for-media-stream, --start-maximized]']

2019-09-27 19:31:49 - [MESSAGE][PASSED] - Browser is opened with url: ''

2019-09-27 19:31:49 - [TEST_STEP][PASSED] - navigateToUrl(CCURL): Navigate to 'https://test4.cliotest.com/cabicentral/control/main' successfully

2019-09-27 19:31:56 - [MESSAGE][PASSED] - Navigate to 'https://test4.cliotest.com/cabicentral/control/main' successfully

2019-09-27 19:31:56 - [TEST_STEP][PASSED] - maximizeWindow(): Current window maximized

2019-09-27 19:31:57 - [MESSAGE][PASSED] - Current window maximized

2019-09-27 19:31:57 - [TEST_STEP][PASSED] - logOut = findWebElements(findTestObject("Object Repository/Page_cabi Home/log_out"), 1): Unable to find the element located by 'By.xpath: //a[contains(text(),'Log Out')]'. Please recheck the objects properties to make sure the desired element is located. 

2019-09-27 19:31:58 - [MESSAGE][INFO] - Unable to find the element located by 'By.xpath: //a[contains(text(),'Log Out')]'. Please recheck the objects properties to make sure the desired element is located. 

2019-09-27 19:31:58 - [TEST_STEP][PASSED] - if (logOut.size() == 0): Object: 'Object Repository/Page_cabi/input_Password_section-btn btn-stl-pk rFloat' is clicked on

2019-09-27 19:31:58 - [TEST_STEP][PASSED] - setText(findTestObject("Object Repository/Page_cabi/input_Username_USERNAME"), CCuser): Text 'ehudson' is set on object 'Object Repository/Page_cabi/input_Username_USERNAME'

2019-09-27 19:31:58 - [MESSAGE][PASSED] - Text 'ehudson' is set on object 'Object Repository/Page_cabi/input_Username_USERNAME'

2019-09-27 19:31:58 - [TEST_STEP][PASSED] - setText(findTestObject("Object Repository/Page_cabi/input_Password_PASSWORD"), CCpass): Text 'blackdress19' is set on object 'Object Repository/Page_cabi/input_Password_PASSWORD'

2019-09-27 19:31:58 - [MESSAGE][PASSED] - Text 'blackdress19' is set on object 'Object Repository/Page_cabi/input_Password_PASSWORD'

2019-09-27 19:31:58 - [TEST_STEP][PASSED] - delay(1): Delayed 1 second(s)

2019-09-27 19:31:59 - [MESSAGE][PASSED] - Delayed 1 second(s)

2019-09-27 19:31:59 - [TEST_STEP][PASSED] - click(findTestObject("Object Repository/Page_cabi/input_Password_section-btn btn-stl-pk rFloat")): Object: 'Object Repository/Page_cabi/input_Password_section-btn btn-stl-pk rFloat' is clicked on

2019-09-27 19:32:02 - [MESSAGE][PASSED] - Object: 'Object Repository/Page_cabi/input_Password_section-btn btn-stl-pk rFloat' is clicked on

2019-09-27 19:32:02 - [TEST_STEP][PASSED] - delay(3): Delayed 3 second(s)

2019-09-27 19:32:05 - [MESSAGE][PASSED] - Delayed 3 second(s)

2019-09-27 19:32:05 - [MESSAGE][PASSED] - Call Test Case 'Test Cases/TestCaseUtilities/cabiCentralLogin' successfully

2019-09-27 19:32:05 - [TEST_STEP][PASSED] - delay(3): Delayed 3 second(s)

2019-09-27 19:32:08 - [MESSAGE][PASSED] - Delayed 3 second(s)

2019-09-27 19:32:08 - [TEST_STEP][PASSED] - click(findTestObject("Page_cabi cabiCentral Tasks/a_ORDERS")): Object: 'Object Repository/Page_cabi cabiCentral Tasks/a_ORDERS' is clicked on

2019-09-27 19:32:12 - [MESSAGE][PASSED] - Object: 'Object Repository/Page_cabi cabiCentral Tasks/a_ORDERS' is clicked on

2019-09-27 19:32:12 - [TEST_STEP][PASSED] - delay(3): Delayed 3 second(s)

2019-09-27 19:32:15 - [MESSAGE][PASSED] - Delayed 3 second(s)

2019-09-27 19:32:15 - [TEST_STEP][PASSED] - click(findTestObject("Page_cabi Find Order/a_Create Order")): Object: 'Object Repository/Page_cabi Find Order/a_Create Order' is clicked on

2019-09-27 19:32:17 - [MESSAGE][PASSED] - Object: 'Object Repository/Page_cabi Find Order/a_Create Order' is clicked on

2019-09-27 19:32:17 - [TEST_STEP][PASSED] - selectOptionByValue(findTestObject("Page_cabi Create Order/select_order_type"), "PERSONAL", true): All options with value 'PERSONAL' are selected in object 'Object Repository/Page_cabi Create Order/select_order_type'  using regular expression

2019-09-27 19:32:17 - [MESSAGE][PASSED] - All options with value 'PERSONAL' are selected in object 'Object Repository/Page_cabi Create Order/select_order_type'  using regular expression

2019-09-27 19:32:17 - [TEST_STEP][PASSED] - click(findTestObject("Page_cabi Create Order/input_select_order_type")): Object: 'Object Repository/Page_cabi Create Order/input_select_order_type' is clicked on

2019-09-27 19:32:21 - [MESSAGE][PASSED] - Object: 'Object Repository/Page_cabi Create Order/input_select_order_type' is clicked on

2019-09-27 19:32:21 - [TEST_STEP][FAILED] - callTestCase(findTestCase("NewArrival/productVerifyShort"), ["available":CCPersonal, "storeType":"CCPersonal"], CONTINUE_ON_FAILURE): Unable to call Test Case 'Test Cases/NewArrival/productVerifyShort' (Root cause: com.kms.katalon.core.exception.StepFailedException: Call Test Case 'Test Cases/NewArrival/productVerifyShort' failed
	at com.kms.katalon.core.keyword.builtin.CallTestCaseKeyword$_callTestCase_closure1.doCall(CallTestCaseKeyword.groovy:63)
	at com.kms.katalon.core.keyword.builtin.CallTestCaseKeyword$_callTestCase_closure1.call(CallTestCaseKeyword.groovy)
	at com.kms.katalon.core.keyword.internal.KeywordMain.runKeyword(KeywordMain.groovy:66)
	at com.kms.katalon.core.keyword.builtin.CallTestCaseKeyword.callTestCase(CallTestCaseKeyword.groovy:81)
	at com.kms.katalon.core.keyword.builtin.CallTestCaseKeyword.execute(CallTestCaseKeyword.groovy:44)
	at com.kms.katalon.core.keyword.internal.KeywordExecutor.executeKeywordForPlatform(KeywordExecutor.groovy:56)
	at com.kms.katalon.core.keyword.BuiltinKeywords.callTestCase(BuiltinKeywords.groovy:334)
	at CCOrders.run(CCOrders:40)
	at com.kms.katalon.core.main.ScriptEngine.run(ScriptEngine.java:194)
	at com.kms.katalon.core.main.ScriptEngine.runScriptAsRawText(ScriptEngine.java:119)
	at com.kms.katalon.core.main.TestCaseExecutor.runScript(TestCaseExecutor.java:342)
	at com.kms.katalon.core.main.TestCaseExecutor.doExecute(TestCaseExecutor.java:333)
	at com.kms.katalon.core.main.TestCaseExecutor.processExecutionPhase(TestCaseExecutor.java:312)
	at com.kms.katalon.core.main.TestCaseExecutor.accessMainPhase(TestCaseExecutor.java:304)
	at com.kms.katalon.core.main.TestCaseExecutor.execute(TestCaseExecutor.java:238)
	at com.kms.katalon.core.main.TestSuiteExecutor.accessTestCaseMainPhase(TestSuiteExecutor.java:129)
	at com.kms.katalon.core.main.TestSuiteExecutor.accessTestSuiteMainPhase(TestSuiteExecutor.java:112)
	at com.kms.katalon.core.main.TestSuiteExecutor.execute(TestSuiteExecutor.java:81)
	at com.kms.katalon.core.main.TestCaseMain.startTestSuite(TestCaseMain.java:157)
	at com.kms.katalon.core.main.TestCaseMain$startTestSuite$0.call(Unknown Source)
	at TempTestSuite1569591422215.run(TempTestSuite1569591422215.groovy:35)
Caused by: Assertion failed: 

assert prod_message.equalsIgnoreCase(expectedStyleDescription)
       |            |                |
       ""           false            3869 Cozy Cowl

	at productVerifyShort.run(productVerifyShort:63)
	at com.kms.katalon.core.main.ScriptEngine.run(ScriptEngine.java:194)
	at com.kms.katalon.core.main.ScriptEngine.runScriptAsRawText(ScriptEngine.java:119)
	at com.kms.katalon.core.main.TestCaseExecutor.runScript(TestCaseExecutor.java:342)
	at com.kms.katalon.core.main.TestCaseExecutor.doExecute(TestCaseExecutor.java:333)
	at com.kms.katalon.core.main.TestCaseExecutor.processExecutionPhase(TestCaseExecutor.java:312)
	at com.kms.katalon.core.main.TestCaseExecutor.accessMainPhase(TestCaseExecutor.java:304)
	at com.kms.katalon.core.main.TestCaseExecutor.execute(TestCaseExecutor.java:238)
	at com.kms.katalon.core.main.TestCaseMain.runTestCase(TestCaseMain.java:114)
	at com.kms.katalon.core.keyword.builtin.CallTestCaseKeyword$_callTestCase_closure1.doCall(CallTestCaseKeyword.groovy:59)
	... 20 more
)

2019-09-27 19:32:21 - [TEST_CASE][FAILED] - Test Cases/NewArrival/productVerifyShort: Test Cases/NewArrival/productVerifyShort FAILED.
Reason:
Assertion failed: 

assert prod_message.equalsIgnoreCase(expectedStyleDescription)
       |            |                |
       ""           false            3869 Cozy Cowl

	at productVerifyShort.run(productVerifyShort:63)
	at com.kms.katalon.core.main.ScriptEngine.run(ScriptEngine.java:194)
	at com.kms.katalon.core.main.ScriptEngine.runScriptAsRawText(ScriptEngine.java:119)
	at com.kms.katalon.core.main.TestCaseExecutor.runScript(TestCaseExecutor.java:342)
	at com.kms.katalon.core.main.TestCaseExecutor.doExecute(TestCaseExecutor.java:333)
	at com.kms.katalon.core.main.TestCaseExecutor.processExecutionPhase(TestCaseExecutor.java:312)
	at com.kms.katalon.core.main.TestCaseExecutor.accessMainPhase(TestCaseExecutor.java:304)
	at com.kms.katalon.core.main.TestCaseExecutor.execute(TestCaseExecutor.java:238)
	at com.kms.katalon.core.main.TestCaseMain.runTestCase(TestCaseMain.java:114)
	at com.kms.katalon.core.keyword.builtin.CallTestCaseKeyword$_callTestCase_closure1.doCall(CallTestCaseKeyword.groovy:59)
	at com.kms.katalon.core.keyword.builtin.CallTestCaseKeyword$_callTestCase_closure1.call(CallTestCaseKeyword.groovy)
	at com.kms.katalon.core.keyword.internal.KeywordMain.runKeyword(KeywordMain.groovy:66)
	at com.kms.katalon.core.keyword.builtin.CallTestCaseKeyword.callTestCase(CallTestCaseKeyword.groovy:81)
	at com.kms.katalon.core.keyword.builtin.CallTestCaseKeyword.execute(CallTestCaseKeyword.groovy:44)
	at com.kms.katalon.core.keyword.internal.KeywordExecutor.executeKeywordForPlatform(KeywordExecutor.groovy:56)
	at com.kms.katalon.core.keyword.BuiltinKeywords.callTestCase(BuiltinKeywords.groovy:334)
	at CCOrders.run(CCOrders:40)
	at com.kms.katalon.core.main.ScriptEngine.run(ScriptEngine.java:194)
	at com.kms.katalon.core.main.ScriptEngine.runScriptAsRawText(ScriptEngine.java:119)
	at com.kms.katalon.core.main.TestCaseExecutor.runScript(TestCaseExecutor.java:342)
	at com.kms.katalon.core.main.TestCaseExecutor.doExecute(TestCaseExecutor.java:333)
	at com.kms.katalon.core.main.TestCaseExecutor.processExecutionPhase(TestCaseExecutor.java:312)
	at com.kms.katalon.core.main.TestCaseExecutor.accessMainPhase(TestCaseExecutor.java:304)
	at com.kms.katalon.core.main.TestCaseExecutor.execute(TestCaseExecutor.java:238)
	at com.kms.katalon.core.main.TestSuiteExecutor.accessTestCaseMainPhase(TestSuiteExecutor.java:129)
	at com.kms.katalon.core.main.TestSuiteExecutor.accessTestSuiteMainPhase(TestSuiteExecutor.java:112)
	at com.kms.katalon.core.main.TestSuiteExecutor.execute(TestSuiteExecutor.java:81)
	at com.kms.katalon.core.main.TestCaseMain.startTestSuite(TestCaseMain.java:157)
	at com.kms.katalon.core.main.TestCaseMain$startTestSuite$0.call(Unknown Source)
	at TempTestSuite1569591422215.run(TempTestSuite1569591422215.groovy:35)


2019-09-27 19:32:21 - [TEST_STEP][FAILED] - for ([row = 1, row <= findTestData("productData").getRowNumbers(), (row++)]): for ([row = 1, row <= findTestData("productData").getRowNumbers(), (row++)]) FAILED.
Reason:
Assertion failed: 

assert prod_message.equalsIgnoreCase(expectedStyleDescription)
       |            |                |
       ""           false            3869 Cozy Cowl

	at productVerifyShort.run(productVerifyShort:63)
	at com.kms.katalon.core.main.ScriptEngine.run(ScriptEngine.java:194)
	at com.kms.katalon.core.main.ScriptEngine.runScriptAsRawText(ScriptEngine.java:119)
	at com.kms.katalon.core.main.TestCaseExecutor.runScript(TestCaseExecutor.java:342)
	at com.kms.katalon.core.main.TestCaseExecutor.doExecute(TestCaseExecutor.java:333)
	at com.kms.katalon.core.main.TestCaseExecutor.processExecutionPhase(TestCaseExecutor.java:312)
	at com.kms.katalon.core.main.TestCaseExecutor.accessMainPhase(TestCaseExecutor.java:304)
	at com.kms.katalon.core.main.TestCaseExecutor.execute(TestCaseExecutor.java:238)
	at com.kms.katalon.core.main.TestCaseMain.runTestCase(TestCaseMain.java:114)
	at com.kms.katalon.core.keyword.builtin.CallTestCaseKeyword$_callTestCase_closure1.doCall(CallTestCaseKeyword.groovy:59)
	at com.kms.katalon.core.keyword.builtin.CallTestCaseKeyword$_callTestCase_closure1.call(CallTestCaseKeyword.groovy)
	at com.kms.katalon.core.keyword.internal.KeywordMain.runKeyword(KeywordMain.groovy:66)
	at com.kms.katalon.core.keyword.builtin.CallTestCaseKeyword.callTestCase(CallTestCaseKeyword.groovy:81)
	at com.kms.katalon.core.keyword.builtin.CallTestCaseKeyword.execute(CallTestCaseKeyword.groovy:44)
	at com.kms.katalon.core.keyword.internal.KeywordExecutor.executeKeywordForPlatform(KeywordExecutor.groovy:56)
	at com.kms.katalon.core.keyword.BuiltinKeywords.callTestCase(BuiltinKeywords.groovy:334)
	at CCOrders.run(CCOrders:40)
	at com.kms.katalon.core.main.ScriptEngine.run(ScriptEngine.java:194)
	at com.kms.katalon.core.main.ScriptEngine.runScriptAsRawText(ScriptEngine.java:119)
	at com.kms.katalon.core.main.TestCaseExecutor.runScript(TestCaseExecutor.java:342)
	at com.kms.katalon.core.main.TestCaseExecutor.doExecute(TestCaseExecutor.java:333)
	at com.kms.katalon.core.main.TestCaseExecutor.processExecutionPhase(TestCaseExecutor.java:312)
	at com.kms.katalon.core.main.TestCaseExecutor.accessMainPhase(TestCaseExecutor.java:304)
	at com.kms.katalon.core.main.TestCaseExecutor.execute(TestCaseExecutor.java:238)
	at com.kms.katalon.core.main.TestSuiteExecutor.accessTestCaseMainPhase(TestSuiteExecutor.java:129)
	at com.kms.katalon.core.main.TestSuiteExecutor.accessTestSuiteMainPhase(TestSuiteExecutor.java:112)
	at com.kms.katalon.core.main.TestSuiteExecutor.execute(TestSuiteExecutor.java:81)
	at com.kms.katalon.core.main.TestCaseMain.startTestSuite(TestCaseMain.java:157)
	at com.kms.katalon.core.main.TestCaseMain$startTestSuite$0.call(Unknown Source)
	at TempTestSuite1569591422215.run(TempTestSuite1569591422215.groovy:35)


2019-09-27 19:32:21 - [TEST_STEP][PASSED] - delay(2): Delayed 2 second(s)

2019-09-27 19:32:23 - [MESSAGE][PASSED] - Delayed 2 second(s)

2019-09-27 19:32:23 - [TEST_STEP][PASSED] - setText(findTestObject("Object Repository/Page_cabi Create Order/input_Manual Discount_stylelookup_0"), findTestData("productData").getValue("Style", row)): Text '3875' is set on object 'Object Repository/Page_cabi Create Order/input_Manual Discount_stylelookup_0'

2019-09-27 19:32:23 - [MESSAGE][PASSED] - Text '3875' is set on object 'Object Repository/Page_cabi Create Order/input_Manual Discount_stylelookup_0'

2019-09-27 19:32:23 - [TEST_STEP][PASSED] - delay(2): Delayed 2 second(s)

2019-09-27 19:32:25 - [MESSAGE][PASSED] - Delayed 2 second(s)

2019-09-27 19:32:25 - [TEST_STEP][PASSED] - prod_message = getText(findTestObject("Page_cabi Create Order/first_option")): Text of object 'Object Repository/Page_cabi Create Order/first_option' is: '3875 Decked Out Dress'

2019-09-27 19:32:26 - [MESSAGE][PASSED] - Text of object 'Object Repository/Page_cabi Create Order/first_option' is: '3875 Decked Out Dress'

2019-09-27 19:32:26 - [TEST_STEP][PASSED] - delay(1): Delayed 1 second(s)

2019-09-27 19:32:27 - [MESSAGE][PASSED] - Delayed 1 second(s)

2019-09-27 19:32:27 - [TEST_STEP][PASSED] - click(findTestObject("Page_cabi Create Order/first_option")): Object: 'Object Repository/Page_cabi Create Order/first_option' is clicked on

2019-09-27 19:32:27 - [MESSAGE][PASSED] - Object: 'Object Repository/Page_cabi Create Order/first_option' is clicked on

2019-09-27 19:32:27 - [TEST_STEP][PASSED] - if (toString().equalsIgnoreCase("no")): null

2019-09-27 19:32:27 - [TEST_STEP][PASSED] - else: Delayed 3 second(s)

2019-09-27 19:32:27 - [TEST_STEP][PASSED] - delay(3): Delayed 3 second(s)

2019-09-27 19:32:30 - [MESSAGE][PASSED] - Delayed 3 second(s)

2019-09-27 19:32:30 - [TEST_STEP][PASSED] - s1 = getValue("Style", row).toString(): null

2019-09-27 19:32:30 - [TEST_STEP][PASSED] - s2 = " ": null

2019-09-27 19:32:30 - [TEST_STEP][PASSED] - s3 = getValue("Description", row).toString(): null

2019-09-27 19:32:30 - [TEST_STEP][PASSED] - expectedStyleDescription = $s1$s2$s3: null

2019-09-27 19:32:30 - [TEST_STEP][PASSED] - prod_message = UtilityMethods.splitStyle(prod_message): null

2019-09-27 19:32:30 - [TEST_STEP][PASSED] - println(prod_message): null

2019-09-27 19:32:30 - [TEST_STEP][PASSED] - assert prod_message.equalsIgnoreCase(expectedStyleDescription): null

2019-09-27 19:32:30 - [TEST_STEP][PASSED] - delay(3): Delayed 3 second(s)

2019-09-27 19:32:33 - [MESSAGE][PASSED] - Delayed 3 second(s)

2019-09-27 19:32:33 - [TEST_STEP][PASSED] - colorOptions = findWebElements(findTestObject("Page_cabi Order Items/GetAttribute_Color"), 5): null

2019-09-27 19:32:33 - [TEST_STEP][PASSED] - println(colorOptions.size()): null

2019-09-27 19:32:33 - [TEST_STEP][PASSED] - expectedColour = findTestData("productData").getValue("Color", row): null

2019-09-27 19:32:33 - [TEST_STEP][PASSED] - println("expected colour is"): null

2019-09-27 19:32:33 - [TEST_STEP][PASSED] - println(expectedColour): null

2019-09-27 19:32:33 - [TEST_STEP][PASSED] - colourVerified = false: null

2019-09-27 19:32:33 - [TEST_STEP][PASSED] - for (org.openqa.selenium.WebElement op : colorOptions): null

2019-09-27 19:32:33 - [TEST_STEP][PASSED] - println(op.getText()): null

2019-09-27 19:32:33 - [TEST_STEP][PASSED] - if (expectedColour.equalsIgnoreCase(op.getText())): null

2019-09-27 19:32:33 - [TEST_STEP][PASSED] - colourVerified = true: null

2019-09-27 19:32:33 - [TEST_STEP][PASSED] - break: null

2019-09-27 19:32:33 - [TEST_STEP][PASSED] - assert colourVerified == true: null

2019-09-27 19:32:33 - [TEST_STEP][PASSED] - getPrice = getText(findTestObject("Page_cabi Create Order/retail_price")): Text of object 'Object Repository/Page_cabi Create Order/retail_price' is: '$159.00'

2019-09-27 19:32:33 - [MESSAGE][PASSED] - Text of object 'Object Repository/Page_cabi Create Order/retail_price' is: '$159.00'

2019-09-27 19:32:33 - [TEST_STEP][PASSED] - Split_Data = UtilityMethods.SplitData(getPrice): null

2019-09-27 19:32:33 - [TEST_STEP][PASSED] - verifyMatch(Split_Data, findTestData("productData").getValue("Retail", row), true, CONTINUE_ON_FAILURE): Actual text '159' and expected text '159' are matched  using regular expression

2019-09-27 19:32:33 - [MESSAGE][PASSED] - Actual text '159' and expected text '159' are matched  using regular expression

2019-09-27 19:32:33 - [TEST_STEP][PASSED] - sizeRange1 = ["XXS", "XS", "S", "M", "L", "XL"]: null

2019-09-27 19:32:33 - [TEST_STEP][PASSED] - sizeRange2 = ["00", "0", "2", "4", "6", "8", "10", "12", "14", "16"]: null

2019-09-27 19:32:33 - [TEST_STEP][PASSED] - sizeRange3 = ["Long", "Regular", "Short"]: null

2019-09-27 19:32:33 - [TEST_STEP][PASSED] - sizeRange4 = ["5", "6", "6.5", "7", "7.5", "8", "8.5", "9", "9.5", "10", "11"]: null

2019-09-27 19:32:33 - [TEST_STEP][PASSED] - sizeRangeSplit = UtilityMethods.SplitSizes(findTestData("productData").getValue("SzRange", row)): null

2019-09-27 19:32:33 - [TEST_STEP][PASSED] - sizeType = getText(findTestObject("Object Repository/Page_cabi Order Items/Size")): Text of object 'Object Repository/Page_cabi Order Items/Size' is: 'Select'

2019-09-27 19:32:33 - [MESSAGE][PASSED] - Text of object 'Object Repository/Page_cabi Order Items/Size' is: 'Select'

2019-09-27 19:32:33 - [TEST_STEP][PASSED] - sizeOptions = findWebElements(findTestObject("Object Repository/Page_cabi Order Items/Size"), 5): null

2019-09-27 19:32:33 - [TEST_STEP][PASSED] - actualRange = new java.util.ArrayList(): null

2019-09-27 19:32:33 - [TEST_STEP][PASSED] - expectedRange = <not implemented yet for class: org.codehaus.groovy.ast.expr.EmptyExpression>: null

2019-09-27 19:32:33 - [TEST_STEP][PASSED] - if (sizeType.equalsIgnoreCase("Select")): null

2019-09-27 19:32:33 - [TEST_STEP][PASSED] - for ([i = 1, i < sizeOptions.size(), (i++)]): null

2019-09-27 19:32:33 - [TEST_STEP][PASSED] - actualRange.add(get(i).getAttribute("value")): null

2019-09-27 19:32:33 - [TEST_STEP][PASSED] - actualRange.add(get(i).getAttribute("value")): null

2019-09-27 19:32:33 - [TEST_STEP][PASSED] - actualRange.add(get(i).getAttribute("value")): null

2019-09-27 19:32:33 - [TEST_STEP][PASSED] - actualRange.add(get(i).getAttribute("value")): null

2019-09-27 19:32:33 - [TEST_STEP][PASSED] - actualRange.add(get(i).getAttribute("value")): null

2019-09-27 19:32:33 - [TEST_STEP][PASSED] - if (toString().equalsIgnoreCase("XS") || toString().equalsIgnoreCase("XXS")): null

2019-09-27 19:32:33 - [TEST_STEP][PASSED] - expectedRange = UtilityMethods.getExpectedRange(sizeRange1, sizeRangeSplit): null

2019-09-27 19:32:33 - [TEST_STEP][PASSED] - println("XS"): null

2019-09-27 19:32:33 - [TEST_STEP][PASSED] - println(expectedRange.toString()): null

2019-09-27 19:32:33 - [TEST_STEP][PASSED] - assert UtilityMethods.listEquals(expectedRange, actualRange) == true: null

2019-09-27 19:32:33 - [TEST_STEP][PASSED] - delay(3): Delayed 3 second(s)

2019-09-27 19:32:36 - [MESSAGE][PASSED] - Delayed 3 second(s)

2019-09-27 19:32:36 - [TEST_STEP][PASSED] - delay(2): Delayed 2 second(s)

2019-09-27 19:32:38 - [MESSAGE][PASSED] - Delayed 2 second(s)

2019-09-27 19:32:38 - [TEST_STEP][PASSED] - setText(findTestObject("Object Repository/Page_cabi Create Order/input_Manual Discount_stylelookup_0"), findTestData("productData").getValue("Style", row)): Text '3869' is set on object 'Object Repository/Page_cabi Create Order/input_Manual Discount_stylelookup_0'

2019-09-27 19:32:38 - [MESSAGE][PASSED] - Text '3869' is set on object 'Object Repository/Page_cabi Create Order/input_Manual Discount_stylelookup_0'

2019-09-27 19:32:38 - [TEST_STEP][PASSED] - delay(2): Delayed 2 second(s)

2019-09-27 19:32:40 - [MESSAGE][PASSED] - Delayed 2 second(s)

2019-09-27 19:32:40 - [TEST_STEP][PASSED] - prod_message = getText(findTestObject("Page_cabi Create Order/first_option")): Text of object 'Object Repository/Page_cabi Create Order/first_option' is: ''

2019-09-27 19:32:40 - [MESSAGE][PASSED] - Text of object 'Object Repository/Page_cabi Create Order/first_option' is: ''

2019-09-27 19:32:40 - [TEST_STEP][PASSED] - delay(1): Delayed 1 second(s)

2019-09-27 19:32:41 - [MESSAGE][PASSED] - Delayed 1 second(s)

2019-09-27 19:32:41 - [TEST_STEP][PASSED] - click(findTestObject("Page_cabi Create Order/first_option")): Object: 'Object Repository/Page_cabi Create Order/first_option' is clicked on

2019-09-27 19:32:42 - [MESSAGE][PASSED] - Object: 'Object Repository/Page_cabi Create Order/first_option' is clicked on

2019-09-27 19:32:42 - [TEST_STEP][PASSED] - if (toString().equalsIgnoreCase("no")): null

2019-09-27 19:32:42 - [TEST_STEP][FAILED] - else: for ([row = 1, row <= findTestData("productData").getRowNumbers(), (row++)]) FAILED.
Reason:
Assertion failed: 

assert prod_message.equalsIgnoreCase(expectedStyleDescription)
       |            |                |
       ""           false            3869 Cozy Cowl

	at productVerifyShort.run(productVerifyShort:63)
	at com.kms.katalon.core.main.ScriptEngine.run(ScriptEngine.java:194)
	at com.kms.katalon.core.main.ScriptEngine.runScriptAsRawText(ScriptEngine.java:119)
	at com.kms.katalon.core.main.TestCaseExecutor.runScript(TestCaseExecutor.java:342)
	at com.kms.katalon.core.main.TestCaseExecutor.doExecute(TestCaseExecutor.java:333)
	at com.kms.katalon.core.main.TestCaseExecutor.processExecutionPhase(TestCaseExecutor.java:312)
	at com.kms.katalon.core.main.TestCaseExecutor.accessMainPhase(TestCaseExecutor.java:304)
	at com.kms.katalon.core.main.TestCaseExecutor.execute(TestCaseExecutor.java:238)
	at com.kms.katalon.core.main.TestCaseMain.runTestCase(TestCaseMain.java:114)
	at com.kms.katalon.core.keyword.builtin.CallTestCaseKeyword$_callTestCase_closure1.doCall(CallTestCaseKeyword.groovy:59)
	at com.kms.katalon.core.keyword.builtin.CallTestCaseKeyword$_callTestCase_closure1.call(CallTestCaseKeyword.groovy)
	at com.kms.katalon.core.keyword.internal.KeywordMain.runKeyword(KeywordMain.groovy:66)
	at com.kms.katalon.core.keyword.builtin.CallTestCaseKeyword.callTestCase(CallTestCaseKeyword.groovy:81)
	at com.kms.katalon.core.keyword.builtin.CallTestCaseKeyword.execute(CallTestCaseKeyword.groovy:44)
	at com.kms.katalon.core.keyword.internal.KeywordExecutor.executeKeywordForPlatform(KeywordExecutor.groovy:56)
	at com.kms.katalon.core.keyword.BuiltinKeywords.callTestCase(BuiltinKeywords.groovy:334)
	at CCOrders.run(CCOrders:40)
	at com.kms.katalon.core.main.ScriptEngine.run(ScriptEngine.java:194)
	at com.kms.katalon.core.main.ScriptEngine.runScriptAsRawText(ScriptEngine.java:119)
	at com.kms.katalon.core.main.TestCaseExecutor.runScript(TestCaseExecutor.java:342)
	at com.kms.katalon.core.main.TestCaseExecutor.doExecute(TestCaseExecutor.java:333)
	at com.kms.katalon.core.main.TestCaseExecutor.processExecutionPhase(TestCaseExecutor.java:312)
	at com.kms.katalon.core.main.TestCaseExecutor.accessMainPhase(TestCaseExecutor.java:304)
	at com.kms.katalon.core.main.TestCaseExecutor.execute(TestCaseExecutor.java:238)
	at com.kms.katalon.core.main.TestSuiteExecutor.accessTestCaseMainPhase(TestSuiteExecutor.java:129)
	at com.kms.katalon.core.main.TestSuiteExecutor.accessTestSuiteMainPhase(TestSuiteExecutor.java:112)
	at com.kms.katalon.core.main.TestSuiteExecutor.execute(TestSuiteExecutor.java:81)
	at com.kms.katalon.core.main.TestCaseMain.startTestSuite(TestCaseMain.java:157)
	at com.kms.katalon.core.main.TestCaseMain$startTestSuite$0.call(Unknown Source)
	at TempTestSuite1569591422215.run(TempTestSuite1569591422215.groovy:35)


2019-09-27 19:32:42 - [TEST_STEP][PASSED] - delay(3): Delayed 3 second(s)

2019-09-27 19:32:45 - [MESSAGE][PASSED] - Delayed 3 second(s)

2019-09-27 19:32:45 - [TEST_STEP][PASSED] - s1 = getValue("Style", row).toString(): null

2019-09-27 19:32:45 - [TEST_STEP][PASSED] - s2 = " ": null

2019-09-27 19:32:45 - [TEST_STEP][PASSED] - s3 = getValue("Description", row).toString(): null

2019-09-27 19:32:45 - [TEST_STEP][PASSED] - expectedStyleDescription = $s1$s2$s3: null

2019-09-27 19:32:45 - [TEST_STEP][PASSED] - prod_message = UtilityMethods.splitStyle(prod_message): null

2019-09-27 19:32:45 - [TEST_STEP][PASSED] - println(prod_message): null

2019-09-27 19:32:45 - [TEST_STEP][FAILED] - assert prod_message.equalsIgnoreCase(expectedStyleDescription): for ([row = 1, row <= findTestData("productData").getRowNumbers(), (row++)]) FAILED.
Reason:
Assertion failed: 

assert prod_message.equalsIgnoreCase(expectedStyleDescription)
       |            |                |
       ""           false            3869 Cozy Cowl

	at productVerifyShort.run(productVerifyShort:63)
	at com.kms.katalon.core.main.ScriptEngine.run(ScriptEngine.java:194)
	at com.kms.katalon.core.main.ScriptEngine.runScriptAsRawText(ScriptEngine.java:119)
	at com.kms.katalon.core.main.TestCaseExecutor.runScript(TestCaseExecutor.java:342)
	at com.kms.katalon.core.main.TestCaseExecutor.doExecute(TestCaseExecutor.java:333)
	at com.kms.katalon.core.main.TestCaseExecutor.processExecutionPhase(TestCaseExecutor.java:312)
	at com.kms.katalon.core.main.TestCaseExecutor.accessMainPhase(TestCaseExecutor.java:304)
	at com.kms.katalon.core.main.TestCaseExecutor.execute(TestCaseExecutor.java:238)
	at com.kms.katalon.core.main.TestCaseMain.runTestCase(TestCaseMain.java:114)
	at com.kms.katalon.core.keyword.builtin.CallTestCaseKeyword$_callTestCase_closure1.doCall(CallTestCaseKeyword.groovy:59)
	at com.kms.katalon.core.keyword.builtin.CallTestCaseKeyword$_callTestCase_closure1.call(CallTestCaseKeyword.groovy)
	at com.kms.katalon.core.keyword.internal.KeywordMain.runKeyword(KeywordMain.groovy:66)
	at com.kms.katalon.core.keyword.builtin.CallTestCaseKeyword.callTestCase(CallTestCaseKeyword.groovy:81)
	at com.kms.katalon.core.keyword.builtin.CallTestCaseKeyword.execute(CallTestCaseKeyword.groovy:44)
	at com.kms.katalon.core.keyword.internal.KeywordExecutor.executeKeywordForPlatform(KeywordExecutor.groovy:56)
	at com.kms.katalon.core.keyword.BuiltinKeywords.callTestCase(BuiltinKeywords.groovy:334)
	at CCOrders.run(CCOrders:40)
	at com.kms.katalon.core.main.ScriptEngine.run(ScriptEngine.java:194)
	at com.kms.katalon.core.main.ScriptEngine.runScriptAsRawText(ScriptEngine.java:119)
	at com.kms.katalon.core.main.TestCaseExecutor.runScript(TestCaseExecutor.java:342)
	at com.kms.katalon.core.main.TestCaseExecutor.doExecute(TestCaseExecutor.java:333)
	at com.kms.katalon.core.main.TestCaseExecutor.processExecutionPhase(TestCaseExecutor.java:312)
	at com.kms.katalon.core.main.TestCaseExecutor.accessMainPhase(TestCaseExecutor.java:304)
	at com.kms.katalon.core.main.TestCaseExecutor.execute(TestCaseExecutor.java:238)
	at com.kms.katalon.core.main.TestSuiteExecutor.accessTestCaseMainPhase(TestSuiteExecutor.java:129)
	at com.kms.katalon.core.main.TestSuiteExecutor.accessTestSuiteMainPhase(TestSuiteExecutor.java:112)
	at com.kms.katalon.core.main.TestSuiteExecutor.execute(TestSuiteExecutor.java:81)
	at com.kms.katalon.core.main.TestCaseMain.startTestSuite(TestCaseMain.java:157)
	at com.kms.katalon.core.main.TestCaseMain$startTestSuite$0.call(Unknown Source)
	at TempTestSuite1569591422215.run(TempTestSuite1569591422215.groovy:35)


2019-09-27 19:32:45 - [MESSAGE][FAILED] - for ([row = 1, row <= findTestData("productData").getRowNumbers(), (row++)]) FAILED.
Reason:
Assertion failed: 

assert prod_message.equalsIgnoreCase(expectedStyleDescription)
       |            |                |
       ""           false            3869 Cozy Cowl

	at productVerifyShort.run(productVerifyShort:63)
	at com.kms.katalon.core.main.ScriptEngine.run(ScriptEngine.java:194)
	at com.kms.katalon.core.main.ScriptEngine.runScriptAsRawText(ScriptEngine.java:119)
	at com.kms.katalon.core.main.TestCaseExecutor.runScript(TestCaseExecutor.java:342)
	at com.kms.katalon.core.main.TestCaseExecutor.doExecute(TestCaseExecutor.java:333)
	at com.kms.katalon.core.main.TestCaseExecutor.processExecutionPhase(TestCaseExecutor.java:312)
	at com.kms.katalon.core.main.TestCaseExecutor.accessMainPhase(TestCaseExecutor.java:304)
	at com.kms.katalon.core.main.TestCaseExecutor.execute(TestCaseExecutor.java:238)
	at com.kms.katalon.core.main.TestCaseMain.runTestCase(TestCaseMain.java:114)
	at com.kms.katalon.core.keyword.builtin.CallTestCaseKeyword$_callTestCase_closure1.doCall(CallTestCaseKeyword.groovy:59)
	at com.kms.katalon.core.keyword.builtin.CallTestCaseKeyword$_callTestCase_closure1.call(CallTestCaseKeyword.groovy)
	at com.kms.katalon.core.keyword.internal.KeywordMain.runKeyword(KeywordMain.groovy:66)
	at com.kms.katalon.core.keyword.builtin.CallTestCaseKeyword.callTestCase(CallTestCaseKeyword.groovy:81)
	at com.kms.katalon.core.keyword.builtin.CallTestCaseKeyword.execute(CallTestCaseKeyword.groovy:44)
	at com.kms.katalon.core.keyword.internal.KeywordExecutor.executeKeywordForPlatform(KeywordExecutor.groovy:56)
	at com.kms.katalon.core.keyword.BuiltinKeywords.callTestCase(BuiltinKeywords.groovy:334)
	at CCOrders.run(CCOrders:40)
	at com.kms.katalon.core.main.ScriptEngine.run(ScriptEngine.java:194)
	at com.kms.katalon.core.main.ScriptEngine.runScriptAsRawText(ScriptEngine.java:119)
	at com.kms.katalon.core.main.TestCaseExecutor.runScript(TestCaseExecutor.java:342)
	at com.kms.katalon.core.main.TestCaseExecutor.doExecute(TestCaseExecutor.java:333)
	at com.kms.katalon.core.main.TestCaseExecutor.processExecutionPhase(TestCaseExecutor.java:312)
	at com.kms.katalon.core.main.TestCaseExecutor.accessMainPhase(TestCaseExecutor.java:304)
	at com.kms.katalon.core.main.TestCaseExecutor.execute(TestCaseExecutor.java:238)
	at com.kms.katalon.core.main.TestSuiteExecutor.accessTestCaseMainPhase(TestSuiteExecutor.java:129)
	at com.kms.katalon.core.main.TestSuiteExecutor.accessTestSuiteMainPhase(TestSuiteExecutor.java:112)
	at com.kms.katalon.core.main.TestSuiteExecutor.execute(TestSuiteExecutor.java:81)
	at com.kms.katalon.core.main.TestCaseMain.startTestSuite(TestCaseMain.java:157)
	at com.kms.katalon.core.main.TestCaseMain$startTestSuite$0.call(Unknown Source)
	at TempTestSuite1569591422215.run(TempTestSuite1569591422215.groovy:35)


2019-09-27 19:32:45 - [MESSAGE][FAILED] - Unable to call Test Case 'Test Cases/NewArrival/productVerifyShort' (Root cause: com.kms.katalon.core.exception.StepFailedException: Call Test Case 'Test Cases/NewArrival/productVerifyShort' failed
	at com.kms.katalon.core.keyword.builtin.CallTestCaseKeyword$_callTestCase_closure1.doCall(CallTestCaseKeyword.groovy:63)
	at com.kms.katalon.core.keyword.builtin.CallTestCaseKeyword$_callTestCase_closure1.call(CallTestCaseKeyword.groovy)
	at com.kms.katalon.core.keyword.internal.KeywordMain.runKeyword(KeywordMain.groovy:66)
	at com.kms.katalon.core.keyword.builtin.CallTestCaseKeyword.callTestCase(CallTestCaseKeyword.groovy:81)
	at com.kms.katalon.core.keyword.builtin.CallTestCaseKeyword.execute(CallTestCaseKeyword.groovy:44)
	at com.kms.katalon.core.keyword.internal.KeywordExecutor.executeKeywordForPlatform(KeywordExecutor.groovy:56)
	at com.kms.katalon.core.keyword.BuiltinKeywords.callTestCase(BuiltinKeywords.groovy:334)
	at CCOrders.run(CCOrders:40)
	at com.kms.katalon.core.main.ScriptEngine.run(ScriptEngine.java:194)
	at com.kms.katalon.core.main.ScriptEngine.runScriptAsRawText(ScriptEngine.java:119)
	at com.kms.katalon.core.main.TestCaseExecutor.runScript(TestCaseExecutor.java:342)
	at com.kms.katalon.core.main.TestCaseExecutor.doExecute(TestCaseExecutor.java:333)
	at com.kms.katalon.core.main.TestCaseExecutor.processExecutionPhase(TestCaseExecutor.java:312)
	at com.kms.katalon.core.main.TestCaseExecutor.accessMainPhase(TestCaseExecutor.java:304)
	at com.kms.katalon.core.main.TestCaseExecutor.execute(TestCaseExecutor.java:238)
	at com.kms.katalon.core.main.TestSuiteExecutor.accessTestCaseMainPhase(TestSuiteExecutor.java:129)
	at com.kms.katalon.core.main.TestSuiteExecutor.accessTestSuiteMainPhase(TestSuiteExecutor.java:112)
	at com.kms.katalon.core.main.TestSuiteExecutor.execute(TestSuiteExecutor.java:81)
	at com.kms.katalon.core.main.TestCaseMain.startTestSuite(TestCaseMain.java:157)
	at com.kms.katalon.core.main.TestCaseMain$startTestSuite$0.call(Unknown Source)
	at TempTestSuite1569591422215.run(TempTestSuite1569591422215.groovy:35)
Caused by: Assertion failed: 

assert prod_message.equalsIgnoreCase(expectedStyleDescription)
       |            |                |
       ""           false            3869 Cozy Cowl

	at productVerifyShort.run(productVerifyShort:63)
	at com.kms.katalon.core.main.ScriptEngine.run(ScriptEngine.java:194)
	at com.kms.katalon.core.main.ScriptEngine.runScriptAsRawText(ScriptEngine.java:119)
	at com.kms.katalon.core.main.TestCaseExecutor.runScript(TestCaseExecutor.java:342)
	at com.kms.katalon.core.main.TestCaseExecutor.doExecute(TestCaseExecutor.java:333)
	at com.kms.katalon.core.main.TestCaseExecutor.processExecutionPhase(TestCaseExecutor.java:312)
	at com.kms.katalon.core.main.TestCaseExecutor.accessMainPhase(TestCaseExecutor.java:304)
	at com.kms.katalon.core.main.TestCaseExecutor.execute(TestCaseExecutor.java:238)
	at com.kms.katalon.core.main.TestCaseMain.runTestCase(TestCaseMain.java:114)
	at com.kms.katalon.core.keyword.builtin.CallTestCaseKeyword$_callTestCase_closure1.doCall(CallTestCaseKeyword.groovy:59)
	... 20 more
)

2019-09-27 19:32:45 - [TEST_STEP][PASSED] - click(findTestObject("Page_cabi Find Order/a_Create Order")): Object: 'Object Repository/Page_cabi Find Order/a_Create Order' is clicked on

2019-09-27 19:32:45 - [MESSAGE][PASSED] - Object: 'Object Repository/Page_cabi Find Order/a_Create Order' is clicked on

2019-09-27 19:32:45 - [TEST_STEP][PASSED] - selectOptionByValue(findTestObject("Page_cabi Create Order/select_order_type"), "RETAIL", true): All options with value 'RETAIL' are selected in object 'Object Repository/Page_cabi Create Order/select_order_type'  using regular expression

2019-09-27 19:32:45 - [MESSAGE][PASSED] - All options with value 'RETAIL' are selected in object 'Object Repository/Page_cabi Create Order/select_order_type'  using regular expression

2019-09-27 19:32:45 - [TEST_STEP][PASSED] - click(findTestObject("Page_cabi Create Order/input_select_order_type")): Object: 'Object Repository/Page_cabi Create Order/input_select_order_type' is clicked on

2019-09-27 19:32:47 - [MESSAGE][PASSED] - Object: 'Object Repository/Page_cabi Create Order/input_select_order_type' is clicked on

2019-09-27 19:32:47 - [TEST_STEP][FAILED] - callTestCase(findTestCase("NewArrival/productVerifyShort"), ["available":CCRetail], CONTINUE_ON_FAILURE): for ([timeRow = 1, timeRow <= findTestData("timezoneData").getRowNumbers(), (timeRow++)]) FAILED.
Reason:
com.kms.katalon.core.exception.StepFailedException: Unable to call Test Case 'Test Cases/NewArrival/productVerifyShort' (Root cause: com.kms.katalon.core.exception.StepFailedException: Call Test Case 'Test Cases/NewArrival/productVerifyShort' failed
	at com.kms.katalon.core.keyword.builtin.CallTestCaseKeyword$_callTestCase_closure1.doCall(CallTestCaseKeyword.groovy:63)
	at com.kms.katalon.core.keyword.builtin.CallTestCaseKeyword$_callTestCase_closure1.call(CallTestCaseKeyword.groovy)
	at com.kms.katalon.core.keyword.internal.KeywordMain.runKeyword(KeywordMain.groovy:66)
	at com.kms.katalon.core.keyword.builtin.CallTestCaseKeyword.callTestCase(CallTestCaseKeyword.groovy:81)
	at com.kms.katalon.core.keyword.builtin.CallTestCaseKeyword.execute(CallTestCaseKeyword.groovy:44)
	at com.kms.katalon.core.keyword.internal.KeywordExecutor.executeKeywordForPlatform(KeywordExecutor.groovy:56)
	at com.kms.katalon.core.keyword.BuiltinKeywords.callTestCase(BuiltinKeywords.groovy:334)
	at CCOrders.run(CCOrders:40)
	at com.kms.katalon.core.main.ScriptEngine.run(ScriptEngine.java:194)
	at com.kms.katalon.core.main.ScriptEngine.runScriptAsRawText(ScriptEngine.java:119)
	at com.kms.katalon.core.main.TestCaseExecutor.runScript(TestCaseExecutor.java:342)
	at com.kms.katalon.core.main.TestCaseExecutor.doExecute(TestCaseExecutor.java:333)
	at com.kms.katalon.core.main.TestCaseExecutor.processExecutionPhase(TestCaseExecutor.java:312)
	at com.kms.katalon.core.main.TestCaseExecutor.accessMainPhase(TestCaseExecutor.java:304)
	at com.kms.katalon.core.main.TestCaseExecutor.execute(TestCaseExecutor.java:238)
	at com.kms.katalon.core.main.TestSuiteExecutor.accessTestCaseMainPhase(TestSuiteExecutor.java:129)
	at com.kms.katalon.core.main.TestSuiteExecutor.accessTestSuiteMainPhase(TestSuiteExecutor.java:112)
	at com.kms.katalon.core.main.TestSuiteExecutor.execute(TestSuiteExecutor.java:81)
	at com.kms.katalon.core.main.TestCaseMain.startTestSuite(TestCaseMain.java:157)
	at com.kms.katalon.core.main.TestCaseMain$startTestSuite$0.call(Unknown Source)
	at TempTestSuite1569591422215.run(TempTestSuite1569591422215.groovy:35)
Caused by: Assertion failed: 

assert prod_message.equalsIgnoreCase(expectedStyleDescription)
       |            |                |
       ""           false            3869 Cozy Cowl

	at productVerifyShort.run(productVerifyShort:63)
	at com.kms.katalon.core.main.ScriptEngine.run(ScriptEngine.java:194)
	at com.kms.katalon.core.main.ScriptEngine.runScriptAsRawText(ScriptEngine.java:119)
	at com.kms.katalon.core.main.TestCaseExecutor.runScript(TestCaseExecutor.java:342)
	at com.kms.katalon.core.main.TestCaseExecutor.doExecute(TestCaseExecutor.java:333)
	at com.kms.katalon.core.main.TestCaseExecutor.processExecutionPhase(TestCaseExecutor.java:312)
	at com.kms.katalon.core.main.TestCaseExecutor.accessMainPhase(TestCaseExecutor.java:304)
	at com.kms.katalon.core.main.TestCaseExecutor.execute(TestCaseExecutor.java:238)
	at com.kms.katalon.core.main.TestCaseMain.runTestCase(TestCaseMain.java:114)
	at com.kms.katalon.core.keyword.builtin.CallTestCaseKeyword$_callTestCase_closure1.doCall(CallTestCaseKeyword.groovy:59)
	... 20 more
)
	at com.kms.katalon.core.keyword.internal.KeywordMain.stepFailed(KeywordMain.groovy:37)
	at com.kms.katalon.core.keyword.internal.KeywordMain.stepFailed(KeywordMain.groovy)
	at com.kms.katalon.core.keyword.internal.KeywordMain.runKeyword(KeywordMain.groovy:68)
	at com.kms.katalon.core.keyword.builtin.CallTestCaseKeyword.callTestCase(CallTestCaseKeyword.groovy:81)
	at com.kms.katalon.core.keyword.builtin.CallTestCaseKeyword.execute(CallTestCaseKeyword.groovy:44)
	at com.kms.katalon.core.keyword.internal.KeywordExecutor.executeKeywordForPlatform(KeywordExecutor.groovy:56)
	at com.kms.katalon.core.keyword.BuiltinKeywords.callTestCase(BuiltinKeywords.groovy:334)
	at CCOrders.run(CCOrders:40)
	at com.kms.katalon.core.main.ScriptEngine.run(ScriptEngine.java:194)
	at com.kms.katalon.core.main.ScriptEngine.runScriptAsRawText(ScriptEngine.java:119)
	at com.kms.katalon.core.main.TestCaseExecutor.runScript(TestCaseExecutor.java:342)
	at com.kms.katalon.core.main.TestCaseExecutor.doExecute(TestCaseExecutor.java:333)
	at com.kms.katalon.core.main.TestCaseExecutor.processExecutionPhase(TestCaseExecutor.java:312)
	at com.kms.katalon.core.main.TestCaseExecutor.accessMainPhase(TestCaseExecutor.java:304)
	at com.kms.katalon.core.main.TestCaseExecutor.execute(TestCaseExecutor.java:238)
	at com.kms.katalon.core.main.TestSuiteExecutor.accessTestCaseMainPhase(TestSuiteExecutor.java:129)
	at com.kms.katalon.core.main.TestSuiteExecutor.accessTestSuiteMainPhase(TestSuiteExecutor.java:112)
	at com.kms.katalon.core.main.TestSuiteExecutor.execute(TestSuiteExecutor.java:81)
	at com.kms.katalon.core.main.TestCaseMain.startTestSuite(TestCaseMain.java:157)
	at com.kms.katalon.core.main.TestCaseMain$startTestSuite$0.call(Unknown Source)
	at TempTestSuite1569591422215.run(TempTestSuite1569591422215.groovy:35)
Caused by: com.kms.katalon.core.exception.StepFailedException: Call Test Case 'Test Cases/NewArrival/productVerifyShort' failed
	at com.kms.katalon.core.keyword.builtin.CallTestCaseKeyword$_callTestCase_closure1.doCall(CallTestCaseKeyword.groovy:63)
	at com.kms.katalon.core.keyword.builtin.CallTestCaseKeyword$_callTestCase_closure1.call(CallTestCaseKeyword.groovy)
	at com.kms.katalon.core.keyword.internal.KeywordMain.runKeyword(KeywordMain.groovy:66)
	... 18 more
Caused by: Assertion failed: 

assert prod_message.equalsIgnoreCase(expectedStyleDescription)
       |            |                |
       ""           false            3869 Cozy Cowl

	at productVerifyShort.run(productVerifyShort:63)
	at com.kms.katalon.core.main.ScriptEngine.run(ScriptEngine.java:194)
	at com.kms.katalon.core.main.ScriptEngine.runScriptAsRawText(ScriptEngine.java:119)
	at com.kms.katalon.core.main.TestCaseExecutor.runScript(TestCaseExecutor.java:342)
	at com.kms.katalon.core.main.TestCaseExecutor.doExecute(TestCaseExecutor.java:333)
	at com.kms.katalon.core.main.TestCaseExecutor.processExecutionPhase(TestCaseExecutor.java:312)
	at com.kms.katalon.core.main.TestCaseExecutor.accessMainPhase(TestCaseExecutor.java:304)
	at com.kms.katalon.core.main.TestCaseExecutor.execute(TestCaseExecutor.java:238)
	at com.kms.katalon.core.main.TestCaseMain.runTestCase(TestCaseMain.java:114)
	at com.kms.katalon.core.keyword.builtin.CallTestCaseKeyword$_callTestCase_closure1.doCall(CallTestCaseKeyword.groovy:59)
	... 20 more


2019-09-27 19:32:47 - [TEST_CASE][FAILED] - Test Cases/NewArrival/productVerifyShort: Test Cases/NewArrival/productVerifyShort FAILED.
Reason:
Assertion failed: 

assert prod_message.equalsIgnoreCase(expectedStyleDescription)
       |            |                |
       ""           false            3869 Cozy Cowl

	at productVerifyShort.run(productVerifyShort:63)
	at com.kms.katalon.core.main.ScriptEngine.run(ScriptEngine.java:194)
	at com.kms.katalon.core.main.ScriptEngine.runScriptAsRawText(ScriptEngine.java:119)
	at com.kms.katalon.core.main.TestCaseExecutor.runScript(TestCaseExecutor.java:342)
	at com.kms.katalon.core.main.TestCaseExecutor.doExecute(TestCaseExecutor.java:333)
	at com.kms.katalon.core.main.TestCaseExecutor.processExecutionPhase(TestCaseExecutor.java:312)
	at com.kms.katalon.core.main.TestCaseExecutor.accessMainPhase(TestCaseExecutor.java:304)
	at com.kms.katalon.core.main.TestCaseExecutor.execute(TestCaseExecutor.java:238)
	at com.kms.katalon.core.main.TestCaseMain.runTestCase(TestCaseMain.java:114)
	at com.kms.katalon.core.keyword.builtin.CallTestCaseKeyword$_callTestCase_closure1.doCall(CallTestCaseKeyword.groovy:59)
	at com.kms.katalon.core.keyword.builtin.CallTestCaseKeyword$_callTestCase_closure1.call(CallTestCaseKeyword.groovy)
	at com.kms.katalon.core.keyword.internal.KeywordMain.runKeyword(KeywordMain.groovy:66)
	at com.kms.katalon.core.keyword.builtin.CallTestCaseKeyword.callTestCase(CallTestCaseKeyword.groovy:81)
	at com.kms.katalon.core.keyword.builtin.CallTestCaseKeyword.execute(CallTestCaseKeyword.groovy:44)
	at com.kms.katalon.core.keyword.internal.KeywordExecutor.executeKeywordForPlatform(KeywordExecutor.groovy:56)
	at com.kms.katalon.core.keyword.BuiltinKeywords.callTestCase(BuiltinKeywords.groovy:334)
	at CCOrders.run(CCOrders:50)
	at com.kms.katalon.core.main.ScriptEngine.run(ScriptEngine.java:194)
	at com.kms.katalon.core.main.ScriptEngine.runScriptAsRawText(ScriptEngine.java:119)
	at com.kms.katalon.core.main.TestCaseExecutor.runScript(TestCaseExecutor.java:342)
	at com.kms.katalon.core.main.TestCaseExecutor.doExecute(TestCaseExecutor.java:333)
	at com.kms.katalon.core.main.TestCaseExecutor.processExecutionPhase(TestCaseExecutor.java:312)
	at com.kms.katalon.core.main.TestCaseExecutor.accessMainPhase(TestCaseExecutor.java:304)
	at com.kms.katalon.core.main.TestCaseExecutor.execute(TestCaseExecutor.java:238)
	at com.kms.katalon.core.main.TestSuiteExecutor.accessTestCaseMainPhase(TestSuiteExecutor.java:129)
	at com.kms.katalon.core.main.TestSuiteExecutor.accessTestSuiteMainPhase(TestSuiteExecutor.java:112)
	at com.kms.katalon.core.main.TestSuiteExecutor.execute(TestSuiteExecutor.java:81)
	at com.kms.katalon.core.main.TestCaseMain.startTestSuite(TestCaseMain.java:157)
	at com.kms.katalon.core.main.TestCaseMain$startTestSuite$0.call(Unknown Source)
	at TempTestSuite1569591422215.run(TempTestSuite1569591422215.groovy:35)


2019-09-27 19:32:47 - [TEST_STEP][FAILED] - for ([row = 1, row <= findTestData("productData").getRowNumbers(), (row++)]): for ([row = 1, row <= findTestData("productData").getRowNumbers(), (row++)]) FAILED.
Reason:
Assertion failed: 

assert prod_message.equalsIgnoreCase(expectedStyleDescription)
       |            |                |
       ""           false            3869 Cozy Cowl

	at productVerifyShort.run(productVerifyShort:63)
	at com.kms.katalon.core.main.ScriptEngine.run(ScriptEngine.java:194)
	at com.kms.katalon.core.main.ScriptEngine.runScriptAsRawText(ScriptEngine.java:119)
	at com.kms.katalon.core.main.TestCaseExecutor.runScript(TestCaseExecutor.java:342)
	at com.kms.katalon.core.main.TestCaseExecutor.doExecute(TestCaseExecutor.java:333)
	at com.kms.katalon.core.main.TestCaseExecutor.processExecutionPhase(TestCaseExecutor.java:312)
	at com.kms.katalon.core.main.TestCaseExecutor.accessMainPhase(TestCaseExecutor.java:304)
	at com.kms.katalon.core.main.TestCaseExecutor.execute(TestCaseExecutor.java:238)
	at com.kms.katalon.core.main.TestCaseMain.runTestCase(TestCaseMain.java:114)
	at com.kms.katalon.core.keyword.builtin.CallTestCaseKeyword$_callTestCase_closure1.doCall(CallTestCaseKeyword.groovy:59)
	at com.kms.katalon.core.keyword.builtin.CallTestCaseKeyword$_callTestCase_closure1.call(CallTestCaseKeyword.groovy)
	at com.kms.katalon.core.keyword.internal.KeywordMain.runKeyword(KeywordMain.groovy:66)
	at com.kms.katalon.core.keyword.builtin.CallTestCaseKeyword.callTestCase(CallTestCaseKeyword.groovy:81)
	at com.kms.katalon.core.keyword.builtin.CallTestCaseKeyword.execute(CallTestCaseKeyword.groovy:44)
	at com.kms.katalon.core.keyword.internal.KeywordExecutor.executeKeywordForPlatform(KeywordExecutor.groovy:56)
	at com.kms.katalon.core.keyword.BuiltinKeywords.callTestCase(BuiltinKeywords.groovy:334)
	at CCOrders.run(CCOrders:50)
	at com.kms.katalon.core.main.ScriptEngine.run(ScriptEngine.java:194)
	at com.kms.katalon.core.main.ScriptEngine.runScriptAsRawText(ScriptEngine.java:119)
	at com.kms.katalon.core.main.TestCaseExecutor.runScript(TestCaseExecutor.java:342)
	at com.kms.katalon.core.main.TestCaseExecutor.doExecute(TestCaseExecutor.java:333)
	at com.kms.katalon.core.main.TestCaseExecutor.processExecutionPhase(TestCaseExecutor.java:312)
	at com.kms.katalon.core.main.TestCaseExecutor.accessMainPhase(TestCaseExecutor.java:304)
	at com.kms.katalon.core.main.TestCaseExecutor.execute(TestCaseExecutor.java:238)
	at com.kms.katalon.core.main.TestSuiteExecutor.accessTestCaseMainPhase(TestSuiteExecutor.java:129)
	at com.kms.katalon.core.main.TestSuiteExecutor.accessTestSuiteMainPhase(TestSuiteExecutor.java:112)
	at com.kms.katalon.core.main.TestSuiteExecutor.execute(TestSuiteExecutor.java:81)
	at com.kms.katalon.core.main.TestCaseMain.startTestSuite(TestCaseMain.java:157)
	at com.kms.katalon.core.main.TestCaseMain$startTestSuite$0.call(Unknown Source)
	at TempTestSuite1569591422215.run(TempTestSuite1569591422215.groovy:35)


2019-09-27 19:32:47 - [TEST_STEP][PASSED] - delay(2): Delayed 2 second(s)

2019-09-27 19:32:49 - [MESSAGE][PASSED] - Delayed 2 second(s)

2019-09-27 19:32:49 - [TEST_STEP][PASSED] - setText(findTestObject("Object Repository/Page_cabi Create Order/input_Manual Discount_stylelookup_0"), findTestData("productData").getValue("Style", row)): Text '3875' is set on object 'Object Repository/Page_cabi Create Order/input_Manual Discount_stylelookup_0'

2019-09-27 19:32:50 - [MESSAGE][PASSED] - Text '3875' is set on object 'Object Repository/Page_cabi Create Order/input_Manual Discount_stylelookup_0'

2019-09-27 19:32:50 - [TEST_STEP][PASSED] - delay(2): Delayed 2 second(s)

2019-09-27 19:32:52 - [MESSAGE][PASSED] - Delayed 2 second(s)

2019-09-27 19:32:52 - [TEST_STEP][PASSED] - prod_message = getText(findTestObject("Page_cabi Create Order/first_option")): Text of object 'Object Repository/Page_cabi Create Order/first_option' is: '3875 Decked Out Dress'

2019-09-27 19:32:52 - [MESSAGE][PASSED] - Text of object 'Object Repository/Page_cabi Create Order/first_option' is: '3875 Decked Out Dress'

2019-09-27 19:32:52 - [TEST_STEP][PASSED] - delay(1): Delayed 1 second(s)

2019-09-27 19:32:53 - [MESSAGE][PASSED] - Delayed 1 second(s)

2019-09-27 19:32:53 - [TEST_STEP][PASSED] - click(findTestObject("Page_cabi Create Order/first_option")): Object: 'Object Repository/Page_cabi Create Order/first_option' is clicked on

2019-09-27 19:32:53 - [MESSAGE][PASSED] - Object: 'Object Repository/Page_cabi Create Order/first_option' is clicked on

2019-09-27 19:32:53 - [TEST_STEP][PASSED] - if (toString().equalsIgnoreCase("no")): null

2019-09-27 19:32:53 - [TEST_STEP][PASSED] - else: Delayed 3 second(s)

2019-09-27 19:32:53 - [TEST_STEP][PASSED] - delay(3): Delayed 3 second(s)

2019-09-27 19:32:56 - [MESSAGE][PASSED] - Delayed 3 second(s)

2019-09-27 19:32:56 - [TEST_STEP][PASSED] - s1 = getValue("Style", row).toString(): null

2019-09-27 19:32:56 - [TEST_STEP][PASSED] - s2 = " ": null

2019-09-27 19:32:56 - [TEST_STEP][PASSED] - s3 = getValue("Description", row).toString(): null

2019-09-27 19:32:56 - [TEST_STEP][PASSED] - expectedStyleDescription = $s1$s2$s3: null

2019-09-27 19:32:56 - [TEST_STEP][PASSED] - prod_message = UtilityMethods.splitStyle(prod_message): null

2019-09-27 19:32:56 - [TEST_STEP][PASSED] - println(prod_message): null

2019-09-27 19:32:56 - [TEST_STEP][PASSED] - assert prod_message.equalsIgnoreCase(expectedStyleDescription): null

2019-09-27 19:32:56 - [TEST_STEP][PASSED] - delay(3): Delayed 3 second(s)

2019-09-27 19:32:59 - [MESSAGE][PASSED] - Delayed 3 second(s)

2019-09-27 19:32:59 - [TEST_STEP][PASSED] - colorOptions = findWebElements(findTestObject("Page_cabi Order Items/GetAttribute_Color"), 5): null

2019-09-27 19:32:59 - [TEST_STEP][PASSED] - println(colorOptions.size()): null

2019-09-27 19:32:59 - [TEST_STEP][PASSED] - expectedColour = findTestData("productData").getValue("Color", row): null

2019-09-27 19:32:59 - [TEST_STEP][PASSED] - println("expected colour is"): null

2019-09-27 19:32:59 - [TEST_STEP][PASSED] - println(expectedColour): null

2019-09-27 19:32:59 - [TEST_STEP][PASSED] - colourVerified = false: null

2019-09-27 19:32:59 - [TEST_STEP][PASSED] - for (org.openqa.selenium.WebElement op : colorOptions): null

2019-09-27 19:32:59 - [TEST_STEP][PASSED] - println(op.getText()): null

2019-09-27 19:32:59 - [TEST_STEP][PASSED] - if (expectedColour.equalsIgnoreCase(op.getText())): null

2019-09-27 19:32:59 - [TEST_STEP][PASSED] - colourVerified = true: null

2019-09-27 19:32:59 - [TEST_STEP][PASSED] - break: null

2019-09-27 19:32:59 - [TEST_STEP][PASSED] - assert colourVerified == true: null

2019-09-27 19:32:59 - [TEST_STEP][PASSED] - getPrice = getText(findTestObject("Page_cabi Create Order/retail_price")): Text of object 'Object Repository/Page_cabi Create Order/retail_price' is: '$159.00'

2019-09-27 19:32:59 - [MESSAGE][PASSED] - Text of object 'Object Repository/Page_cabi Create Order/retail_price' is: '$159.00'

2019-09-27 19:32:59 - [TEST_STEP][PASSED] - Split_Data = UtilityMethods.SplitData(getPrice): null

2019-09-27 19:32:59 - [TEST_STEP][PASSED] - verifyMatch(Split_Data, findTestData("productData").getValue("Retail", row), true, CONTINUE_ON_FAILURE): Actual text '159' and expected text '159' are matched  using regular expression

2019-09-27 19:32:59 - [MESSAGE][PASSED] - Actual text '159' and expected text '159' are matched  using regular expression

2019-09-27 19:32:59 - [TEST_STEP][PASSED] - sizeRange1 = ["XXS", "XS", "S", "M", "L", "XL"]: null

2019-09-27 19:32:59 - [TEST_STEP][PASSED] - sizeRange2 = ["00", "0", "2", "4", "6", "8", "10", "12", "14", "16"]: null

2019-09-27 19:32:59 - [TEST_STEP][PASSED] - sizeRange3 = ["Long", "Regular", "Short"]: null

2019-09-27 19:32:59 - [TEST_STEP][PASSED] - sizeRange4 = ["5", "6", "6.5", "7", "7.5", "8", "8.5", "9", "9.5", "10", "11"]: null

2019-09-27 19:32:59 - [TEST_STEP][PASSED] - sizeRangeSplit = UtilityMethods.SplitSizes(findTestData("productData").getValue("SzRange", row)): null

2019-09-27 19:32:59 - [TEST_STEP][PASSED] - sizeType = getText(findTestObject("Object Repository/Page_cabi Order Items/Size")): Text of object 'Object Repository/Page_cabi Order Items/Size' is: 'Select'

2019-09-27 19:32:59 - [MESSAGE][PASSED] - Text of object 'Object Repository/Page_cabi Order Items/Size' is: 'Select'

2019-09-27 19:32:59 - [TEST_STEP][PASSED] - sizeOptions = findWebElements(findTestObject("Object Repository/Page_cabi Order Items/Size"), 5): null

2019-09-27 19:32:59 - [TEST_STEP][PASSED] - actualRange = new java.util.ArrayList(): null

2019-09-27 19:32:59 - [TEST_STEP][PASSED] - expectedRange = <not implemented yet for class: org.codehaus.groovy.ast.expr.EmptyExpression>: null

2019-09-27 19:32:59 - [TEST_STEP][PASSED] - if (sizeType.equalsIgnoreCase("Select")): null

2019-09-27 19:32:59 - [TEST_STEP][PASSED] - for ([i = 1, i < sizeOptions.size(), (i++)]): null

2019-09-27 19:32:59 - [TEST_STEP][PASSED] - actualRange.add(get(i).getAttribute("value")): null

2019-09-27 19:32:59 - [TEST_STEP][PASSED] - actualRange.add(get(i).getAttribute("value")): null

2019-09-27 19:32:59 - [TEST_STEP][PASSED] - actualRange.add(get(i).getAttribute("value")): null

2019-09-27 19:32:59 - [TEST_STEP][PASSED] - actualRange.add(get(i).getAttribute("value")): null

2019-09-27 19:32:59 - [TEST_STEP][PASSED] - actualRange.add(get(i).getAttribute("value")): null

2019-09-27 19:32:59 - [TEST_STEP][PASSED] - if (toString().equalsIgnoreCase("XS") || toString().equalsIgnoreCase("XXS")): null

2019-09-27 19:32:59 - [TEST_STEP][PASSED] - expectedRange = UtilityMethods.getExpectedRange(sizeRange1, sizeRangeSplit): null

2019-09-27 19:32:59 - [TEST_STEP][PASSED] - println("XS"): null

2019-09-27 19:32:59 - [TEST_STEP][PASSED] - println(expectedRange.toString()): null

2019-09-27 19:32:59 - [TEST_STEP][PASSED] - assert UtilityMethods.listEquals(expectedRange, actualRange) == true: null

2019-09-27 19:32:59 - [TEST_STEP][PASSED] - delay(3): Delayed 3 second(s)

2019-09-27 19:33:02 - [MESSAGE][PASSED] - Delayed 3 second(s)

2019-09-27 19:33:02 - [TEST_STEP][PASSED] - delay(2): Delayed 2 second(s)

2019-09-27 19:33:04 - [MESSAGE][PASSED] - Delayed 2 second(s)

2019-09-27 19:33:04 - [TEST_STEP][PASSED] - setText(findTestObject("Object Repository/Page_cabi Create Order/input_Manual Discount_stylelookup_0"), findTestData("productData").getValue("Style", row)): Text '3869' is set on object 'Object Repository/Page_cabi Create Order/input_Manual Discount_stylelookup_0'

2019-09-27 19:33:04 - [MESSAGE][PASSED] - Text '3869' is set on object 'Object Repository/Page_cabi Create Order/input_Manual Discount_stylelookup_0'

2019-09-27 19:33:04 - [TEST_STEP][PASSED] - delay(2): Delayed 2 second(s)

2019-09-27 19:33:06 - [MESSAGE][PASSED] - Delayed 2 second(s)

2019-09-27 19:33:06 - [TEST_STEP][PASSED] - prod_message = getText(findTestObject("Page_cabi Create Order/first_option")): Text of object 'Object Repository/Page_cabi Create Order/first_option' is: ''

2019-09-27 19:33:06 - [MESSAGE][PASSED] - Text of object 'Object Repository/Page_cabi Create Order/first_option' is: ''

2019-09-27 19:33:06 - [TEST_STEP][PASSED] - delay(1): Delayed 1 second(s)

2019-09-27 19:33:07 - [MESSAGE][PASSED] - Delayed 1 second(s)

2019-09-27 19:33:07 - [TEST_STEP][PASSED] - click(findTestObject("Page_cabi Create Order/first_option")): Object: 'Object Repository/Page_cabi Create Order/first_option' is clicked on

2019-09-27 19:33:07 - [MESSAGE][PASSED] - Object: 'Object Repository/Page_cabi Create Order/first_option' is clicked on

2019-09-27 19:33:07 - [TEST_STEP][PASSED] - if (toString().equalsIgnoreCase("no")): null

2019-09-27 19:33:07 - [TEST_STEP][FAILED] - else: for ([row = 1, row <= findTestData("productData").getRowNumbers(), (row++)]) FAILED.
Reason:
Assertion failed: 

assert prod_message.equalsIgnoreCase(expectedStyleDescription)
       |            |                |
       ""           false            3869 Cozy Cowl

	at productVerifyShort.run(productVerifyShort:63)
	at com.kms.katalon.core.main.ScriptEngine.run(ScriptEngine.java:194)
	at com.kms.katalon.core.main.ScriptEngine.runScriptAsRawText(ScriptEngine.java:119)
	at com.kms.katalon.core.main.TestCaseExecutor.runScript(TestCaseExecutor.java:342)
	at com.kms.katalon.core.main.TestCaseExecutor.doExecute(TestCaseExecutor.java:333)
	at com.kms.katalon.core.main.TestCaseExecutor.processExecutionPhase(TestCaseExecutor.java:312)
	at com.kms.katalon.core.main.TestCaseExecutor.accessMainPhase(TestCaseExecutor.java:304)
	at com.kms.katalon.core.main.TestCaseExecutor.execute(TestCaseExecutor.java:238)
	at com.kms.katalon.core.main.TestCaseMain.runTestCase(TestCaseMain.java:114)
	at com.kms.katalon.core.keyword.builtin.CallTestCaseKeyword$_callTestCase_closure1.doCall(CallTestCaseKeyword.groovy:59)
	at com.kms.katalon.core.keyword.builtin.CallTestCaseKeyword$_callTestCase_closure1.call(CallTestCaseKeyword.groovy)
	at com.kms.katalon.core.keyword.internal.KeywordMain.runKeyword(KeywordMain.groovy:66)
	at com.kms.katalon.core.keyword.builtin.CallTestCaseKeyword.callTestCase(CallTestCaseKeyword.groovy:81)
	at com.kms.katalon.core.keyword.builtin.CallTestCaseKeyword.execute(CallTestCaseKeyword.groovy:44)
	at com.kms.katalon.core.keyword.internal.KeywordExecutor.executeKeywordForPlatform(KeywordExecutor.groovy:56)
	at com.kms.katalon.core.keyword.BuiltinKeywords.callTestCase(BuiltinKeywords.groovy:334)
	at CCOrders.run(CCOrders:50)
	at com.kms.katalon.core.main.ScriptEngine.run(ScriptEngine.java:194)
	at com.kms.katalon.core.main.ScriptEngine.runScriptAsRawText(ScriptEngine.java:119)
	at com.kms.katalon.core.main.TestCaseExecutor.runScript(TestCaseExecutor.java:342)
	at com.kms.katalon.core.main.TestCaseExecutor.doExecute(TestCaseExecutor.java:333)
	at com.kms.katalon.core.main.TestCaseExecutor.processExecutionPhase(TestCaseExecutor.java:312)
	at com.kms.katalon.core.main.TestCaseExecutor.accessMainPhase(TestCaseExecutor.java:304)
	at com.kms.katalon.core.main.TestCaseExecutor.execute(TestCaseExecutor.java:238)
	at com.kms.katalon.core.main.TestSuiteExecutor.accessTestCaseMainPhase(TestSuiteExecutor.java:129)
	at com.kms.katalon.core.main.TestSuiteExecutor.accessTestSuiteMainPhase(TestSuiteExecutor.java:112)
	at com.kms.katalon.core.main.TestSuiteExecutor.execute(TestSuiteExecutor.java:81)
	at com.kms.katalon.core.main.TestCaseMain.startTestSuite(TestCaseMain.java:157)
	at com.kms.katalon.core.main.TestCaseMain$startTestSuite$0.call(Unknown Source)
	at TempTestSuite1569591422215.run(TempTestSuite1569591422215.groovy:35)


2019-09-27 19:33:07 - [TEST_STEP][PASSED] - delay(3): Delayed 3 second(s)

2019-09-27 19:33:10 - [MESSAGE][PASSED] - Delayed 3 second(s)

2019-09-27 19:33:10 - [TEST_STEP][PASSED] - s1 = getValue("Style", row).toString(): null

2019-09-27 19:33:10 - [TEST_STEP][PASSED] - s2 = " ": null

2019-09-27 19:33:10 - [TEST_STEP][PASSED] - s3 = getValue("Description", row).toString(): null

2019-09-27 19:33:10 - [TEST_STEP][PASSED] - expectedStyleDescription = $s1$s2$s3: null

2019-09-27 19:33:10 - [TEST_STEP][PASSED] - prod_message = UtilityMethods.splitStyle(prod_message): null

2019-09-27 19:33:10 - [TEST_STEP][PASSED] - println(prod_message): null

2019-09-27 19:33:10 - [TEST_STEP][FAILED] - assert prod_message.equalsIgnoreCase(expectedStyleDescription): for ([row = 1, row <= findTestData("productData").getRowNumbers(), (row++)]) FAILED.
Reason:
Assertion failed: 

assert prod_message.equalsIgnoreCase(expectedStyleDescription)
       |            |                |
       ""           false            3869 Cozy Cowl

	at productVerifyShort.run(productVerifyShort:63)
	at com.kms.katalon.core.main.ScriptEngine.run(ScriptEngine.java:194)
	at com.kms.katalon.core.main.ScriptEngine.runScriptAsRawText(ScriptEngine.java:119)
	at com.kms.katalon.core.main.TestCaseExecutor.runScript(TestCaseExecutor.java:342)
	at com.kms.katalon.core.main.TestCaseExecutor.doExecute(TestCaseExecutor.java:333)
	at com.kms.katalon.core.main.TestCaseExecutor.processExecutionPhase(TestCaseExecutor.java:312)
	at com.kms.katalon.core.main.TestCaseExecutor.accessMainPhase(TestCaseExecutor.java:304)
	at com.kms.katalon.core.main.TestCaseExecutor.execute(TestCaseExecutor.java:238)
	at com.kms.katalon.core.main.TestCaseMain.runTestCase(TestCaseMain.java:114)
	at com.kms.katalon.core.keyword.builtin.CallTestCaseKeyword$_callTestCase_closure1.doCall(CallTestCaseKeyword.groovy:59)
	at com.kms.katalon.core.keyword.builtin.CallTestCaseKeyword$_callTestCase_closure1.call(CallTestCaseKeyword.groovy)
	at com.kms.katalon.core.keyword.internal.KeywordMain.runKeyword(KeywordMain.groovy:66)
	at com.kms.katalon.core.keyword.builtin.CallTestCaseKeyword.callTestCase(CallTestCaseKeyword.groovy:81)
	at com.kms.katalon.core.keyword.builtin.CallTestCaseKeyword.execute(CallTestCaseKeyword.groovy:44)
	at com.kms.katalon.core.keyword.internal.KeywordExecutor.executeKeywordForPlatform(KeywordExecutor.groovy:56)
	at com.kms.katalon.core.keyword.BuiltinKeywords.callTestCase(BuiltinKeywords.groovy:334)
	at CCOrders.run(CCOrders:50)
	at com.kms.katalon.core.main.ScriptEngine.run(ScriptEngine.java:194)
	at com.kms.katalon.core.main.ScriptEngine.runScriptAsRawText(ScriptEngine.java:119)
	at com.kms.katalon.core.main.TestCaseExecutor.runScript(TestCaseExecutor.java:342)
	at com.kms.katalon.core.main.TestCaseExecutor.doExecute(TestCaseExecutor.java:333)
	at com.kms.katalon.core.main.TestCaseExecutor.processExecutionPhase(TestCaseExecutor.java:312)
	at com.kms.katalon.core.main.TestCaseExecutor.accessMainPhase(TestCaseExecutor.java:304)
	at com.kms.katalon.core.main.TestCaseExecutor.execute(TestCaseExecutor.java:238)
	at com.kms.katalon.core.main.TestSuiteExecutor.accessTestCaseMainPhase(TestSuiteExecutor.java:129)
	at com.kms.katalon.core.main.TestSuiteExecutor.accessTestSuiteMainPhase(TestSuiteExecutor.java:112)
	at com.kms.katalon.core.main.TestSuiteExecutor.execute(TestSuiteExecutor.java:81)
	at com.kms.katalon.core.main.TestCaseMain.startTestSuite(TestCaseMain.java:157)
	at com.kms.katalon.core.main.TestCaseMain$startTestSuite$0.call(Unknown Source)
	at TempTestSuite1569591422215.run(TempTestSuite1569591422215.groovy:35)


2019-09-27 19:33:10 - [MESSAGE][FAILED] - for ([row = 1, row <= findTestData("productData").getRowNumbers(), (row++)]) FAILED.
Reason:
Assertion failed: 

assert prod_message.equalsIgnoreCase(expectedStyleDescription)
       |            |                |
       ""           false            3869 Cozy Cowl

	at productVerifyShort.run(productVerifyShort:63)
	at com.kms.katalon.core.main.ScriptEngine.run(ScriptEngine.java:194)
	at com.kms.katalon.core.main.ScriptEngine.runScriptAsRawText(ScriptEngine.java:119)
	at com.kms.katalon.core.main.TestCaseExecutor.runScript(TestCaseExecutor.java:342)
	at com.kms.katalon.core.main.TestCaseExecutor.doExecute(TestCaseExecutor.java:333)
	at com.kms.katalon.core.main.TestCaseExecutor.processExecutionPhase(TestCaseExecutor.java:312)
	at com.kms.katalon.core.main.TestCaseExecutor.accessMainPhase(TestCaseExecutor.java:304)
	at com.kms.katalon.core.main.TestCaseExecutor.execute(TestCaseExecutor.java:238)
	at com.kms.katalon.core.main.TestCaseMain.runTestCase(TestCaseMain.java:114)
	at com.kms.katalon.core.keyword.builtin.CallTestCaseKeyword$_callTestCase_closure1.doCall(CallTestCaseKeyword.groovy:59)
	at com.kms.katalon.core.keyword.builtin.CallTestCaseKeyword$_callTestCase_closure1.call(CallTestCaseKeyword.groovy)
	at com.kms.katalon.core.keyword.internal.KeywordMain.runKeyword(KeywordMain.groovy:66)
	at com.kms.katalon.core.keyword.builtin.CallTestCaseKeyword.callTestCase(CallTestCaseKeyword.groovy:81)
	at com.kms.katalon.core.keyword.builtin.CallTestCaseKeyword.execute(CallTestCaseKeyword.groovy:44)
	at com.kms.katalon.core.keyword.internal.KeywordExecutor.executeKeywordForPlatform(KeywordExecutor.groovy:56)
	at com.kms.katalon.core.keyword.BuiltinKeywords.callTestCase(BuiltinKeywords.groovy:334)
	at CCOrders.run(CCOrders:50)
	at com.kms.katalon.core.main.ScriptEngine.run(ScriptEngine.java:194)
	at com.kms.katalon.core.main.ScriptEngine.runScriptAsRawText(ScriptEngine.java:119)
	at com.kms.katalon.core.main.TestCaseExecutor.runScript(TestCaseExecutor.java:342)
	at com.kms.katalon.core.main.TestCaseExecutor.doExecute(TestCaseExecutor.java:333)
	at com.kms.katalon.core.main.TestCaseExecutor.processExecutionPhase(TestCaseExecutor.java:312)
	at com.kms.katalon.core.main.TestCaseExecutor.accessMainPhase(TestCaseExecutor.java:304)
	at com.kms.katalon.core.main.TestCaseExecutor.execute(TestCaseExecutor.java:238)
	at com.kms.katalon.core.main.TestSuiteExecutor.accessTestCaseMainPhase(TestSuiteExecutor.java:129)
	at com.kms.katalon.core.main.TestSuiteExecutor.accessTestSuiteMainPhase(TestSuiteExecutor.java:112)
	at com.kms.katalon.core.main.TestSuiteExecutor.execute(TestSuiteExecutor.java:81)
	at com.kms.katalon.core.main.TestCaseMain.startTestSuite(TestCaseMain.java:157)
	at com.kms.katalon.core.main.TestCaseMain$startTestSuite$0.call(Unknown Source)
	at TempTestSuite1569591422215.run(TempTestSuite1569591422215.groovy:35)


2019-09-27 19:33:10 - [MESSAGE][FAILED] - Unable to call Test Case 'Test Cases/NewArrival/productVerifyShort' (Root cause: com.kms.katalon.core.exception.StepFailedException: Call Test Case 'Test Cases/NewArrival/productVerifyShort' failed
	at com.kms.katalon.core.keyword.builtin.CallTestCaseKeyword$_callTestCase_closure1.doCall(CallTestCaseKeyword.groovy:63)
	at com.kms.katalon.core.keyword.builtin.CallTestCaseKeyword$_callTestCase_closure1.call(CallTestCaseKeyword.groovy)
	at com.kms.katalon.core.keyword.internal.KeywordMain.runKeyword(KeywordMain.groovy:66)
	at com.kms.katalon.core.keyword.builtin.CallTestCaseKeyword.callTestCase(CallTestCaseKeyword.groovy:81)
	at com.kms.katalon.core.keyword.builtin.CallTestCaseKeyword.execute(CallTestCaseKeyword.groovy:44)
	at com.kms.katalon.core.keyword.internal.KeywordExecutor.executeKeywordForPlatform(KeywordExecutor.groovy:56)
	at com.kms.katalon.core.keyword.BuiltinKeywords.callTestCase(BuiltinKeywords.groovy:334)
	at CCOrders.run(CCOrders:50)
	at com.kms.katalon.core.main.ScriptEngine.run(ScriptEngine.java:194)
	at com.kms.katalon.core.main.ScriptEngine.runScriptAsRawText(ScriptEngine.java:119)
	at com.kms.katalon.core.main.TestCaseExecutor.runScript(TestCaseExecutor.java:342)
	at com.kms.katalon.core.main.TestCaseExecutor.doExecute(TestCaseExecutor.java:333)
	at com.kms.katalon.core.main.TestCaseExecutor.processExecutionPhase(TestCaseExecutor.java:312)
	at com.kms.katalon.core.main.TestCaseExecutor.accessMainPhase(TestCaseExecutor.java:304)
	at com.kms.katalon.core.main.TestCaseExecutor.execute(TestCaseExecutor.java:238)
	at com.kms.katalon.core.main.TestSuiteExecutor.accessTestCaseMainPhase(TestSuiteExecutor.java:129)
	at com.kms.katalon.core.main.TestSuiteExecutor.accessTestSuiteMainPhase(TestSuiteExecutor.java:112)
	at com.kms.katalon.core.main.TestSuiteExecutor.execute(TestSuiteExecutor.java:81)
	at com.kms.katalon.core.main.TestCaseMain.startTestSuite(TestCaseMain.java:157)
	at com.kms.katalon.core.main.TestCaseMain$startTestSuite$0.call(Unknown Source)
	at TempTestSuite1569591422215.run(TempTestSuite1569591422215.groovy:35)
Caused by: Assertion failed: 

assert prod_message.equalsIgnoreCase(expectedStyleDescription)
       |            |                |
       ""           false            3869 Cozy Cowl

	at productVerifyShort.run(productVerifyShort:63)
	at com.kms.katalon.core.main.ScriptEngine.run(ScriptEngine.java:194)
	at com.kms.katalon.core.main.ScriptEngine.runScriptAsRawText(ScriptEngine.java:119)
	at com.kms.katalon.core.main.TestCaseExecutor.runScript(TestCaseExecutor.java:342)
	at com.kms.katalon.core.main.TestCaseExecutor.doExecute(TestCaseExecutor.java:333)
	at com.kms.katalon.core.main.TestCaseExecutor.processExecutionPhase(TestCaseExecutor.java:312)
	at com.kms.katalon.core.main.TestCaseExecutor.accessMainPhase(TestCaseExecutor.java:304)
	at com.kms.katalon.core.main.TestCaseExecutor.execute(TestCaseExecutor.java:238)
	at com.kms.katalon.core.main.TestCaseMain.runTestCase(TestCaseMain.java:114)
	at com.kms.katalon.core.keyword.builtin.CallTestCaseKeyword$_callTestCase_closure1.doCall(CallTestCaseKeyword.groovy:59)
	... 20 more
)

2019-09-27 19:33:10 - [MESSAGE][FAILED] - for ([timeRow = 1, timeRow <= findTestData("timezoneData").getRowNumbers(), (timeRow++)]) FAILED.
Reason:
com.kms.katalon.core.exception.StepFailedException: Unable to call Test Case 'Test Cases/NewArrival/productVerifyShort' (Root cause: com.kms.katalon.core.exception.StepFailedException: Call Test Case 'Test Cases/NewArrival/productVerifyShort' failed
	at com.kms.katalon.core.keyword.builtin.CallTestCaseKeyword$_callTestCase_closure1.doCall(CallTestCaseKeyword.groovy:63)
	at com.kms.katalon.core.keyword.builtin.CallTestCaseKeyword$_callTestCase_closure1.call(CallTestCaseKeyword.groovy)
	at com.kms.katalon.core.keyword.internal.KeywordMain.runKeyword(KeywordMain.groovy:66)
	at com.kms.katalon.core.keyword.builtin.CallTestCaseKeyword.callTestCase(CallTestCaseKeyword.groovy:81)
	at com.kms.katalon.core.keyword.builtin.CallTestCaseKeyword.execute(CallTestCaseKeyword.groovy:44)
	at com.kms.katalon.core.keyword.internal.KeywordExecutor.executeKeywordForPlatform(KeywordExecutor.groovy:56)
	at com.kms.katalon.core.keyword.BuiltinKeywords.callTestCase(BuiltinKeywords.groovy:334)
	at CCOrders.run(CCOrders:40)
	at com.kms.katalon.core.main.ScriptEngine.run(ScriptEngine.java:194)
	at com.kms.katalon.core.main.ScriptEngine.runScriptAsRawText(ScriptEngine.java:119)
	at com.kms.katalon.core.main.TestCaseExecutor.runScript(TestCaseExecutor.java:342)
	at com.kms.katalon.core.main.TestCaseExecutor.doExecute(TestCaseExecutor.java:333)
	at com.kms.katalon.core.main.TestCaseExecutor.processExecutionPhase(TestCaseExecutor.java:312)
	at com.kms.katalon.core.main.TestCaseExecutor.accessMainPhase(TestCaseExecutor.java:304)
	at com.kms.katalon.core.main.TestCaseExecutor.execute(TestCaseExecutor.java:238)
	at com.kms.katalon.core.main.TestSuiteExecutor.accessTestCaseMainPhase(TestSuiteExecutor.java:129)
	at com.kms.katalon.core.main.TestSuiteExecutor.accessTestSuiteMainPhase(TestSuiteExecutor.java:112)
	at com.kms.katalon.core.main.TestSuiteExecutor.execute(TestSuiteExecutor.java:81)
	at com.kms.katalon.core.main.TestCaseMain.startTestSuite(TestCaseMain.java:157)
	at com.kms.katalon.core.main.TestCaseMain$startTestSuite$0.call(Unknown Source)
	at TempTestSuite1569591422215.run(TempTestSuite1569591422215.groovy:35)
Caused by: Assertion failed: 

assert prod_message.equalsIgnoreCase(expectedStyleDescription)
       |            |                |
       ""           false            3869 Cozy Cowl

	at productVerifyShort.run(productVerifyShort:63)
	at com.kms.katalon.core.main.ScriptEngine.run(ScriptEngine.java:194)
	at com.kms.katalon.core.main.ScriptEngine.runScriptAsRawText(ScriptEngine.java:119)
	at com.kms.katalon.core.main.TestCaseExecutor.runScript(TestCaseExecutor.java:342)
	at com.kms.katalon.core.main.TestCaseExecutor.doExecute(TestCaseExecutor.java:333)
	at com.kms.katalon.core.main.TestCaseExecutor.processExecutionPhase(TestCaseExecutor.java:312)
	at com.kms.katalon.core.main.TestCaseExecutor.accessMainPhase(TestCaseExecutor.java:304)
	at com.kms.katalon.core.main.TestCaseExecutor.execute(TestCaseExecutor.java:238)
	at com.kms.katalon.core.main.TestCaseMain.runTestCase(TestCaseMain.java:114)
	at com.kms.katalon.core.keyword.builtin.CallTestCaseKeyword$_callTestCase_closure1.doCall(CallTestCaseKeyword.groovy:59)
	... 20 more
)
	at com.kms.katalon.core.keyword.internal.KeywordMain.stepFailed(KeywordMain.groovy:37)
	at com.kms.katalon.core.keyword.internal.KeywordMain.stepFailed(KeywordMain.groovy)
	at com.kms.katalon.core.keyword.internal.KeywordMain.runKeyword(KeywordMain.groovy:68)
	at com.kms.katalon.core.keyword.builtin.CallTestCaseKeyword.callTestCase(CallTestCaseKeyword.groovy:81)
	at com.kms.katalon.core.keyword.builtin.CallTestCaseKeyword.execute(CallTestCaseKeyword.groovy:44)
	at com.kms.katalon.core.keyword.internal.KeywordExecutor.executeKeywordForPlatform(KeywordExecutor.groovy:56)
	at com.kms.katalon.core.keyword.BuiltinKeywords.callTestCase(BuiltinKeywords.groovy:334)
	at CCOrders.run(CCOrders:40)
	at com.kms.katalon.core.main.ScriptEngine.run(ScriptEngine.java:194)
	at com.kms.katalon.core.main.ScriptEngine.runScriptAsRawText(ScriptEngine.java:119)
	at com.kms.katalon.core.main.TestCaseExecutor.runScript(TestCaseExecutor.java:342)
	at com.kms.katalon.core.main.TestCaseExecutor.doExecute(TestCaseExecutor.java:333)
	at com.kms.katalon.core.main.TestCaseExecutor.processExecutionPhase(TestCaseExecutor.java:312)
	at com.kms.katalon.core.main.TestCaseExecutor.accessMainPhase(TestCaseExecutor.java:304)
	at com.kms.katalon.core.main.TestCaseExecutor.execute(TestCaseExecutor.java:238)
	at com.kms.katalon.core.main.TestSuiteExecutor.accessTestCaseMainPhase(TestSuiteExecutor.java:129)
	at com.kms.katalon.core.main.TestSuiteExecutor.accessTestSuiteMainPhase(TestSuiteExecutor.java:112)
	at com.kms.katalon.core.main.TestSuiteExecutor.execute(TestSuiteExecutor.java:81)
	at com.kms.katalon.core.main.TestCaseMain.startTestSuite(TestCaseMain.java:157)
	at com.kms.katalon.core.main.TestCaseMain$startTestSuite$0.call(Unknown Source)
	at TempTestSuite1569591422215.run(TempTestSuite1569591422215.groovy:35)
Caused by: com.kms.katalon.core.exception.StepFailedException: Call Test Case 'Test Cases/NewArrival/productVerifyShort' failed
	at com.kms.katalon.core.keyword.builtin.CallTestCaseKeyword$_callTestCase_closure1.doCall(CallTestCaseKeyword.groovy:63)
	at com.kms.katalon.core.keyword.builtin.CallTestCaseKeyword$_callTestCase_closure1.call(CallTestCaseKeyword.groovy)
	at com.kms.katalon.core.keyword.internal.KeywordMain.runKeyword(KeywordMain.groovy:66)
	... 18 more
Caused by: Assertion failed: 

assert prod_message.equalsIgnoreCase(expectedStyleDescription)
       |            |                |
       ""           false            3869 Cozy Cowl

	at productVerifyShort.run(productVerifyShort:63)
	at com.kms.katalon.core.main.ScriptEngine.run(ScriptEngine.java:194)
	at com.kms.katalon.core.main.ScriptEngine.runScriptAsRawText(ScriptEngine.java:119)
	at com.kms.katalon.core.main.TestCaseExecutor.runScript(TestCaseExecutor.java:342)
	at com.kms.katalon.core.main.TestCaseExecutor.doExecute(TestCaseExecutor.java:333)
	at com.kms.katalon.core.main.TestCaseExecutor.processExecutionPhase(TestCaseExecutor.java:312)
	at com.kms.katalon.core.main.TestCaseExecutor.accessMainPhase(TestCaseExecutor.java:304)
	at com.kms.katalon.core.main.TestCaseExecutor.execute(TestCaseExecutor.java:238)
	at com.kms.katalon.core.main.TestCaseMain.runTestCase(TestCaseMain.java:114)
	at com.kms.katalon.core.keyword.builtin.CallTestCaseKeyword$_callTestCase_closure1.doCall(CallTestCaseKeyword.groovy:59)
	... 20 more]]></system-out>
         <system-err><![CDATA[2019-09-27 19:22:29 - [TEST_CASE][FAILED] - Test Cases/NewArrival/CCOrders: Test Cases/NewArrival/CCOrders FAILED.
Reason:
com.kms.katalon.core.exception.StepFailedException: Unable to call Test Case 'Test Cases/NewArrival/productVerifyShort' (Root cause: com.kms.katalon.core.exception.StepFailedException: Call Test Case 'Test Cases/NewArrival/productVerifyShort' failed
	at com.kms.katalon.core.keyword.builtin.CallTestCaseKeyword$_callTestCase_closure1.doCall(CallTestCaseKeyword.groovy:63)
	at com.kms.katalon.core.keyword.builtin.CallTestCaseKeyword$_callTestCase_closure1.call(CallTestCaseKeyword.groovy)
	at com.kms.katalon.core.keyword.internal.KeywordMain.runKeyword(KeywordMain.groovy:66)
	at com.kms.katalon.core.keyword.builtin.CallTestCaseKeyword.callTestCase(CallTestCaseKeyword.groovy:81)
	at com.kms.katalon.core.keyword.builtin.CallTestCaseKeyword.execute(CallTestCaseKeyword.groovy:44)
	at com.kms.katalon.core.keyword.internal.KeywordExecutor.executeKeywordForPlatform(KeywordExecutor.groovy:56)
	at com.kms.katalon.core.keyword.BuiltinKeywords.callTestCase(BuiltinKeywords.groovy:334)
	at CCOrders.run(CCOrders:40)
	at com.kms.katalon.core.main.ScriptEngine.run(ScriptEngine.java:194)
	at com.kms.katalon.core.main.ScriptEngine.runScriptAsRawText(ScriptEngine.java:119)
	at com.kms.katalon.core.main.TestCaseExecutor.runScript(TestCaseExecutor.java:342)
	at com.kms.katalon.core.main.TestCaseExecutor.doExecute(TestCaseExecutor.java:333)
	at com.kms.katalon.core.main.TestCaseExecutor.processExecutionPhase(TestCaseExecutor.java:312)
	at com.kms.katalon.core.main.TestCaseExecutor.accessMainPhase(TestCaseExecutor.java:304)
	at com.kms.katalon.core.main.TestCaseExecutor.execute(TestCaseExecutor.java:238)
	at com.kms.katalon.core.main.TestSuiteExecutor.accessTestCaseMainPhase(TestSuiteExecutor.java:129)
	at com.kms.katalon.core.main.TestSuiteExecutor.accessTestSuiteMainPhase(TestSuiteExecutor.java:112)
	at com.kms.katalon.core.main.TestSuiteExecutor.execute(TestSuiteExecutor.java:81)
	at com.kms.katalon.core.main.TestCaseMain.startTestSuite(TestCaseMain.java:157)
	at com.kms.katalon.core.main.TestCaseMain$startTestSuite$0.call(Unknown Source)
	at TempTestSuite1569591422215.run(TempTestSuite1569591422215.groovy:35)
Caused by: Assertion failed: 

assert prod_message.equalsIgnoreCase(expectedStyleDescription)
       |            |                |
       ""           false            3869 Cozy Cowl

	at productVerifyShort.run(productVerifyShort:63)
	at com.kms.katalon.core.main.ScriptEngine.run(ScriptEngine.java:194)
	at com.kms.katalon.core.main.ScriptEngine.runScriptAsRawText(ScriptEngine.java:119)
	at com.kms.katalon.core.main.TestCaseExecutor.runScript(TestCaseExecutor.java:342)
	at com.kms.katalon.core.main.TestCaseExecutor.doExecute(TestCaseExecutor.java:333)
	at com.kms.katalon.core.main.TestCaseExecutor.processExecutionPhase(TestCaseExecutor.java:312)
	at com.kms.katalon.core.main.TestCaseExecutor.accessMainPhase(TestCaseExecutor.java:304)
	at com.kms.katalon.core.main.TestCaseExecutor.execute(TestCaseExecutor.java:238)
	at com.kms.katalon.core.main.TestCaseMain.runTestCase(TestCaseMain.java:114)
	at com.kms.katalon.core.keyword.builtin.CallTestCaseKeyword$_callTestCase_closure1.doCall(CallTestCaseKeyword.groovy:59)
	... 20 more
)
	at com.kms.katalon.core.keyword.internal.KeywordMain.stepFailed(KeywordMain.groovy:37)
	at com.kms.katalon.core.keyword.internal.KeywordMain.stepFailed(KeywordMain.groovy)
	at com.kms.katalon.core.keyword.internal.KeywordMain.runKeyword(KeywordMain.groovy:68)
	at com.kms.katalon.core.keyword.builtin.CallTestCaseKeyword.callTestCase(CallTestCaseKeyword.groovy:81)
	at com.kms.katalon.core.keyword.builtin.CallTestCaseKeyword.execute(CallTestCaseKeyword.groovy:44)
	at com.kms.katalon.core.keyword.internal.KeywordExecutor.executeKeywordForPlatform(KeywordExecutor.groovy:56)
	at com.kms.katalon.core.keyword.BuiltinKeywords.callTestCase(BuiltinKeywords.groovy:334)
	at CCOrders.run(CCOrders:40)
	at com.kms.katalon.core.main.ScriptEngine.run(ScriptEngine.java:194)
	at com.kms.katalon.core.main.ScriptEngine.runScriptAsRawText(ScriptEngine.java:119)
	at com.kms.katalon.core.main.TestCaseExecutor.runScript(TestCaseExecutor.java:342)
	at com.kms.katalon.core.main.TestCaseExecutor.doExecute(TestCaseExecutor.java:333)
	at com.kms.katalon.core.main.TestCaseExecutor.processExecutionPhase(TestCaseExecutor.java:312)
	at com.kms.katalon.core.main.TestCaseExecutor.accessMainPhase(TestCaseExecutor.java:304)
	at com.kms.katalon.core.main.TestCaseExecutor.execute(TestCaseExecutor.java:238)
	at com.kms.katalon.core.main.TestSuiteExecutor.accessTestCaseMainPhase(TestSuiteExecutor.java:129)
	at com.kms.katalon.core.main.TestSuiteExecutor.accessTestSuiteMainPhase(TestSuiteExecutor.java:112)
	at com.kms.katalon.core.main.TestSuiteExecutor.execute(TestSuiteExecutor.java:81)
	at com.kms.katalon.core.main.TestCaseMain.startTestSuite(TestCaseMain.java:157)
	at com.kms.katalon.core.main.TestCaseMain$startTestSuite$0.call(Unknown Source)
	at TempTestSuite1569591422215.run(TempTestSuite1569591422215.groovy:35)
Caused by: com.kms.katalon.core.exception.StepFailedException: Call Test Case 'Test Cases/NewArrival/productVerifyShort' failed
	at com.kms.katalon.core.keyword.builtin.CallTestCaseKeyword$_callTestCase_closure1.doCall(CallTestCaseKeyword.groovy:63)
	at com.kms.katalon.core.keyword.builtin.CallTestCaseKeyword$_callTestCase_closure1.call(CallTestCaseKeyword.groovy)
	at com.kms.katalon.core.keyword.internal.KeywordMain.runKeyword(KeywordMain.groovy:66)
	... 18 more
Caused by: Assertion failed: 

assert prod_message.equalsIgnoreCase(expectedStyleDescription)
       |            |                |
       ""           false            3869 Cozy Cowl

	at productVerifyShort.run(productVerifyShort:63)
	at com.kms.katalon.core.main.ScriptEngine.run(ScriptEngine.java:194)
	at com.kms.katalon.core.main.ScriptEngine.runScriptAsRawText(ScriptEngine.java:119)
	at com.kms.katalon.core.main.TestCaseExecutor.runScript(TestCaseExecutor.java:342)
	at com.kms.katalon.core.main.TestCaseExecutor.doExecute(TestCaseExecutor.java:333)
	at com.kms.katalon.core.main.TestCaseExecutor.processExecutionPhase(TestCaseExecutor.java:312)
	at com.kms.katalon.core.main.TestCaseExecutor.accessMainPhase(TestCaseExecutor.java:304)
	at com.kms.katalon.core.main.TestCaseExecutor.execute(TestCaseExecutor.java:238)
	at com.kms.katalon.core.main.TestCaseMain.runTestCase(TestCaseMain.java:114)
	at com.kms.katalon.core.keyword.builtin.CallTestCaseKeyword$_callTestCase_closure1.doCall(CallTestCaseKeyword.groovy:59)
	... 20 more]]></system-err>
      </testcase>
      <system-out><![CDATA[2019-09-27 19:07:05 - [TEST_SUITE][FAILED] - NewArrivalsSuite: Test Cases/NewArrival/CCOrders FAILED.
Reason:
com.kms.katalon.core.exception.StepFailedException: Unable to call Test Case 'Test Cases/NewArrival/productVerifyShort' (Root cause: com.kms.katalon.core.exception.StepFailedException: Call Test Case 'Test Cases/NewArrival/productVerifyShort' failed
	at com.kms.katalon.core.keyword.builtin.CallTestCaseKeyword$_callTestCase_closure1.doCall(CallTestCaseKeyword.groovy:63)
	at com.kms.katalon.core.keyword.builtin.CallTestCaseKeyword$_callTestCase_closure1.call(CallTestCaseKeyword.groovy)
	at com.kms.katalon.core.keyword.internal.KeywordMain.runKeyword(KeywordMain.groovy:66)
	at com.kms.katalon.core.keyword.builtin.CallTestCaseKeyword.callTestCase(CallTestCaseKeyword.groovy:81)
	at com.kms.katalon.core.keyword.builtin.CallTestCaseKeyword.execute(CallTestCaseKeyword.groovy:44)
	at com.kms.katalon.core.keyword.internal.KeywordExecutor.executeKeywordForPlatform(KeywordExecutor.groovy:56)
	at com.kms.katalon.core.keyword.BuiltinKeywords.callTestCase(BuiltinKeywords.groovy:334)
	at CCOrders.run(CCOrders:40)
	at com.kms.katalon.core.main.ScriptEngine.run(ScriptEngine.java:194)
	at com.kms.katalon.core.main.ScriptEngine.runScriptAsRawText(ScriptEngine.java:119)
	at com.kms.katalon.core.main.TestCaseExecutor.runScript(TestCaseExecutor.java:342)
	at com.kms.katalon.core.main.TestCaseExecutor.doExecute(TestCaseExecutor.java:333)
	at com.kms.katalon.core.main.TestCaseExecutor.processExecutionPhase(TestCaseExecutor.java:312)
	at com.kms.katalon.core.main.TestCaseExecutor.accessMainPhase(TestCaseExecutor.java:304)
	at com.kms.katalon.core.main.TestCaseExecutor.execute(TestCaseExecutor.java:238)
	at com.kms.katalon.core.main.TestSuiteExecutor.accessTestCaseMainPhase(TestSuiteExecutor.java:129)
	at com.kms.katalon.core.main.TestSuiteExecutor.accessTestSuiteMainPhase(TestSuiteExecutor.java:112)
	at com.kms.katalon.core.main.TestSuiteExecutor.execute(TestSuiteExecutor.java:81)
	at com.kms.katalon.core.main.TestCaseMain.startTestSuite(TestCaseMain.java:157)
	at com.kms.katalon.core.main.TestCaseMain$startTestSuite$0.call(Unknown Source)
	at TempTestSuite1569591422215.run(TempTestSuite1569591422215.groovy:35)
Caused by: Assertion failed: 

assert prod_message.equalsIgnoreCase(expectedStyleDescription)
       |            |                |
       ""           false            3869 Cozy Cowl

	at productVerifyShort.run(productVerifyShort:63)
	at com.kms.katalon.core.main.ScriptEngine.run(ScriptEngine.java:194)
	at com.kms.katalon.core.main.ScriptEngine.runScriptAsRawText(ScriptEngine.java:119)
	at com.kms.katalon.core.main.TestCaseExecutor.runScript(TestCaseExecutor.java:342)
	at com.kms.katalon.core.main.TestCaseExecutor.doExecute(TestCaseExecutor.java:333)
	at com.kms.katalon.core.main.TestCaseExecutor.processExecutionPhase(TestCaseExecutor.java:312)
	at com.kms.katalon.core.main.TestCaseExecutor.accessMainPhase(TestCaseExecutor.java:304)
	at com.kms.katalon.core.main.TestCaseExecutor.execute(TestCaseExecutor.java:238)
	at com.kms.katalon.core.main.TestCaseMain.runTestCase(TestCaseMain.java:114)
	at com.kms.katalon.core.keyword.builtin.CallTestCaseKeyword$_callTestCase_closure1.doCall(CallTestCaseKeyword.groovy:59)
	... 20 more
)
	at com.kms.katalon.core.keyword.internal.KeywordMain.stepFailed(KeywordMain.groovy:37)
	at com.kms.katalon.core.keyword.internal.KeywordMain.stepFailed(KeywordMain.groovy)
	at com.kms.katalon.core.keyword.internal.KeywordMain.runKeyword(KeywordMain.groovy:68)
	at com.kms.katalon.core.keyword.builtin.CallTestCaseKeyword.callTestCase(CallTestCaseKeyword.groovy:81)
	at com.kms.katalon.core.keyword.builtin.CallTestCaseKeyword.execute(CallTestCaseKeyword.groovy:44)
	at com.kms.katalon.core.keyword.internal.KeywordExecutor.executeKeywordForPlatform(KeywordExecutor.groovy:56)
	at com.kms.katalon.core.keyword.BuiltinKeywords.callTestCase(BuiltinKeywords.groovy:334)
	at CCOrders.run(CCOrders:40)
	at com.kms.katalon.core.main.ScriptEngine.run(ScriptEngine.java:194)
	at com.kms.katalon.core.main.ScriptEngine.runScriptAsRawText(ScriptEngine.java:119)
	at com.kms.katalon.core.main.TestCaseExecutor.runScript(TestCaseExecutor.java:342)
	at com.kms.katalon.core.main.TestCaseExecutor.doExecute(TestCaseExecutor.java:333)
	at com.kms.katalon.core.main.TestCaseExecutor.processExecutionPhase(TestCaseExecutor.java:312)
	at com.kms.katalon.core.main.TestCaseExecutor.accessMainPhase(TestCaseExecutor.java:304)
	at com.kms.katalon.core.main.TestCaseExecutor.execute(TestCaseExecutor.java:238)
	at com.kms.katalon.core.main.TestSuiteExecutor.accessTestCaseMainPhase(TestSuiteExecutor.java:129)
	at com.kms.katalon.core.main.TestSuiteExecutor.accessTestSuiteMainPhase(TestSuiteExecutor.java:112)
	at com.kms.katalon.core.main.TestSuiteExecutor.execute(TestSuiteExecutor.java:81)
	at com.kms.katalon.core.main.TestCaseMain.startTestSuite(TestCaseMain.java:157)
	at com.kms.katalon.core.main.TestCaseMain$startTestSuite$0.call(Unknown Source)
	at TempTestSuite1569591422215.run(TempTestSuite1569591422215.groovy:35)
Caused by: com.kms.katalon.core.exception.StepFailedException: Call Test Case 'Test Cases/NewArrival/productVerifyShort' failed
	at com.kms.katalon.core.keyword.builtin.CallTestCaseKeyword$_callTestCase_closure1.doCall(CallTestCaseKeyword.groovy:63)
	at com.kms.katalon.core.keyword.builtin.CallTestCaseKeyword$_callTestCase_closure1.call(CallTestCaseKeyword.groovy)
	at com.kms.katalon.core.keyword.internal.KeywordMain.runKeyword(KeywordMain.groovy:66)
	... 18 more
Caused by: Assertion failed: 

assert prod_message.equalsIgnoreCase(expectedStyleDescription)
       |            |                |
       ""           false            3869 Cozy Cowl

	at productVerifyShort.run(productVerifyShort:63)
	at com.kms.katalon.core.main.ScriptEngine.run(ScriptEngine.java:194)
	at com.kms.katalon.core.main.ScriptEngine.runScriptAsRawText(ScriptEngine.java:119)
	at com.kms.katalon.core.main.TestCaseExecutor.runScript(TestCaseExecutor.java:342)
	at com.kms.katalon.core.main.TestCaseExecutor.doExecute(TestCaseExecutor.java:333)
	at com.kms.katalon.core.main.TestCaseExecutor.processExecutionPhase(TestCaseExecutor.java:312)
	at com.kms.katalon.core.main.TestCaseExecutor.accessMainPhase(TestCaseExecutor.java:304)
	at com.kms.katalon.core.main.TestCaseExecutor.execute(TestCaseExecutor.java:238)
	at com.kms.katalon.core.main.TestCaseMain.runTestCase(TestCaseMain.java:114)
	at com.kms.katalon.core.keyword.builtin.CallTestCaseKeyword$_callTestCase_closure1.doCall(CallTestCaseKeyword.groovy:59)
	... 20 more]]></system-out>
      <system-err><![CDATA[2019-09-27 19:07:05 - [TEST_SUITE][FAILED] - NewArrivalsSuite: Test Cases/NewArrival/CCOrders FAILED.
Reason:
com.kms.katalon.core.exception.StepFailedException: Unable to call Test Case 'Test Cases/NewArrival/productVerifyShort' (Root cause: com.kms.katalon.core.exception.StepFailedException: Call Test Case 'Test Cases/NewArrival/productVerifyShort' failed
	at com.kms.katalon.core.keyword.builtin.CallTestCaseKeyword$_callTestCase_closure1.doCall(CallTestCaseKeyword.groovy:63)
	at com.kms.katalon.core.keyword.builtin.CallTestCaseKeyword$_callTestCase_closure1.call(CallTestCaseKeyword.groovy)
	at com.kms.katalon.core.keyword.internal.KeywordMain.runKeyword(KeywordMain.groovy:66)
	at com.kms.katalon.core.keyword.builtin.CallTestCaseKeyword.callTestCase(CallTestCaseKeyword.groovy:81)
	at com.kms.katalon.core.keyword.builtin.CallTestCaseKeyword.execute(CallTestCaseKeyword.groovy:44)
	at com.kms.katalon.core.keyword.internal.KeywordExecutor.executeKeywordForPlatform(KeywordExecutor.groovy:56)
	at com.kms.katalon.core.keyword.BuiltinKeywords.callTestCase(BuiltinKeywords.groovy:334)
	at CCOrders.run(CCOrders:40)
	at com.kms.katalon.core.main.ScriptEngine.run(ScriptEngine.java:194)
	at com.kms.katalon.core.main.ScriptEngine.runScriptAsRawText(ScriptEngine.java:119)
	at com.kms.katalon.core.main.TestCaseExecutor.runScript(TestCaseExecutor.java:342)
	at com.kms.katalon.core.main.TestCaseExecutor.doExecute(TestCaseExecutor.java:333)
	at com.kms.katalon.core.main.TestCaseExecutor.processExecutionPhase(TestCaseExecutor.java:312)
	at com.kms.katalon.core.main.TestCaseExecutor.accessMainPhase(TestCaseExecutor.java:304)
	at com.kms.katalon.core.main.TestCaseExecutor.execute(TestCaseExecutor.java:238)
	at com.kms.katalon.core.main.TestSuiteExecutor.accessTestCaseMainPhase(TestSuiteExecutor.java:129)
	at com.kms.katalon.core.main.TestSuiteExecutor.accessTestSuiteMainPhase(TestSuiteExecutor.java:112)
	at com.kms.katalon.core.main.TestSuiteExecutor.execute(TestSuiteExecutor.java:81)
	at com.kms.katalon.core.main.TestCaseMain.startTestSuite(TestCaseMain.java:157)
	at com.kms.katalon.core.main.TestCaseMain$startTestSuite$0.call(Unknown Source)
	at TempTestSuite1569591422215.run(TempTestSuite1569591422215.groovy:35)
Caused by: Assertion failed: 

assert prod_message.equalsIgnoreCase(expectedStyleDescription)
       |            |                |
       ""           false            3869 Cozy Cowl

	at productVerifyShort.run(productVerifyShort:63)
	at com.kms.katalon.core.main.ScriptEngine.run(ScriptEngine.java:194)
	at com.kms.katalon.core.main.ScriptEngine.runScriptAsRawText(ScriptEngine.java:119)
	at com.kms.katalon.core.main.TestCaseExecutor.runScript(TestCaseExecutor.java:342)
	at com.kms.katalon.core.main.TestCaseExecutor.doExecute(TestCaseExecutor.java:333)
	at com.kms.katalon.core.main.TestCaseExecutor.processExecutionPhase(TestCaseExecutor.java:312)
	at com.kms.katalon.core.main.TestCaseExecutor.accessMainPhase(TestCaseExecutor.java:304)
	at com.kms.katalon.core.main.TestCaseExecutor.execute(TestCaseExecutor.java:238)
	at com.kms.katalon.core.main.TestCaseMain.runTestCase(TestCaseMain.java:114)
	at com.kms.katalon.core.keyword.builtin.CallTestCaseKeyword$_callTestCase_closure1.doCall(CallTestCaseKeyword.groovy:59)
	... 20 more
)
	at com.kms.katalon.core.keyword.internal.KeywordMain.stepFailed(KeywordMain.groovy:37)
	at com.kms.katalon.core.keyword.internal.KeywordMain.stepFailed(KeywordMain.groovy)
	at com.kms.katalon.core.keyword.internal.KeywordMain.runKeyword(KeywordMain.groovy:68)
	at com.kms.katalon.core.keyword.builtin.CallTestCaseKeyword.callTestCase(CallTestCaseKeyword.groovy:81)
	at com.kms.katalon.core.keyword.builtin.CallTestCaseKeyword.execute(CallTestCaseKeyword.groovy:44)
	at com.kms.katalon.core.keyword.internal.KeywordExecutor.executeKeywordForPlatform(KeywordExecutor.groovy:56)
	at com.kms.katalon.core.keyword.BuiltinKeywords.callTestCase(BuiltinKeywords.groovy:334)
	at CCOrders.run(CCOrders:40)
	at com.kms.katalon.core.main.ScriptEngine.run(ScriptEngine.java:194)
	at com.kms.katalon.core.main.ScriptEngine.runScriptAsRawText(ScriptEngine.java:119)
	at com.kms.katalon.core.main.TestCaseExecutor.runScript(TestCaseExecutor.java:342)
	at com.kms.katalon.core.main.TestCaseExecutor.doExecute(TestCaseExecutor.java:333)
	at com.kms.katalon.core.main.TestCaseExecutor.processExecutionPhase(TestCaseExecutor.java:312)
	at com.kms.katalon.core.main.TestCaseExecutor.accessMainPhase(TestCaseExecutor.java:304)
	at com.kms.katalon.core.main.TestCaseExecutor.execute(TestCaseExecutor.java:238)
	at com.kms.katalon.core.main.TestSuiteExecutor.accessTestCaseMainPhase(TestSuiteExecutor.java:129)
	at com.kms.katalon.core.main.TestSuiteExecutor.accessTestSuiteMainPhase(TestSuiteExecutor.java:112)
	at com.kms.katalon.core.main.TestSuiteExecutor.execute(TestSuiteExecutor.java:81)
	at com.kms.katalon.core.main.TestCaseMain.startTestSuite(TestCaseMain.java:157)
	at com.kms.katalon.core.main.TestCaseMain$startTestSuite$0.call(Unknown Source)
	at TempTestSuite1569591422215.run(TempTestSuite1569591422215.groovy:35)
Caused by: com.kms.katalon.core.exception.StepFailedException: Call Test Case 'Test Cases/NewArrival/productVerifyShort' failed
	at com.kms.katalon.core.keyword.builtin.CallTestCaseKeyword$_callTestCase_closure1.doCall(CallTestCaseKeyword.groovy:63)
	at com.kms.katalon.core.keyword.builtin.CallTestCaseKeyword$_callTestCase_closure1.call(CallTestCaseKeyword.groovy)
	at com.kms.katalon.core.keyword.internal.KeywordMain.runKeyword(KeywordMain.groovy:66)
	... 18 more
Caused by: Assertion failed: 

assert prod_message.equalsIgnoreCase(expectedStyleDescription)
       |            |                |
       ""           false            3869 Cozy Cowl

	at productVerifyShort.run(productVerifyShort:63)
	at com.kms.katalon.core.main.ScriptEngine.run(ScriptEngine.java:194)
	at com.kms.katalon.core.main.ScriptEngine.runScriptAsRawText(ScriptEngine.java:119)
	at com.kms.katalon.core.main.TestCaseExecutor.runScript(TestCaseExecutor.java:342)
	at com.kms.katalon.core.main.TestCaseExecutor.doExecute(TestCaseExecutor.java:333)
	at com.kms.katalon.core.main.TestCaseExecutor.processExecutionPhase(TestCaseExecutor.java:312)
	at com.kms.katalon.core.main.TestCaseExecutor.accessMainPhase(TestCaseExecutor.java:304)
	at com.kms.katalon.core.main.TestCaseExecutor.execute(TestCaseExecutor.java:238)
	at com.kms.katalon.core.main.TestCaseMain.runTestCase(TestCaseMain.java:114)
	at com.kms.katalon.core.keyword.builtin.CallTestCaseKeyword$_callTestCase_closure1.doCall(CallTestCaseKeyword.groovy:59)
	... 20 more]]></system-err>
   </testsuite>
</testsuites>
