<?xml version="1.0" encoding="UTF-8"?>
<testsuites name="DashboardSuite" time="468" tests="0" failures="0" errors="1">
   <testsuite name="DashboardSuite" tests="0" failures="0" errors="1" time="468" timestamp="2019-11-06 03:40:31" hostname="user - Nivedita" id="Test Suites/VirtualShowSuites/DashboardSuite">
      <properties>
         <property name="deviceName" value=""/>
         <property name="devicePlatform" value=""/>
         <property name="logFolder" value="C:\\Users\\user\\Documents\\testautomation\\KatalonProjects\\Reports\\VirtualShowSuites\\DashboardSuite\\20191106_034026"/>
         <property name="logFiles" value="C:\\Users\\user\\Documents\\testautomation\\KatalonProjects\\Reports\\VirtualShowSuites\\DashboardSuite\\20191106_034026\\execution0.log"/>
         <property name="attachments" value=""/>
         <property name="hostName" value="user - Nivedita"/>
         <property name="os" value="Windows 8.1 64bit"/>
         <property name="katalonVersion" value="6.1.1.1"/>
         <property name="browser" value="Chrome 78.0.3904.70"/>
         <property name="hostAddress" value="192.168.43.31"/>
         <property name="sessionId" value="1dee9d410b757e1f3c2cba0af14b8fab"/>
         <property name="seleniumVersion" value="3.7.1"/>
         <property name="proxyInformation" value="ProxyInformation{proxyOption=NO_PROXY, proxyServerType=HTTP, password=, proxyServerAddress=, proxyServerPort=0}"/>
         <property name="platform" value="Windows 8.1"/>
      </properties>
      <testcase name="Test Cases/VirtualShow/VS_Automation" classname="Test Cases/VirtualShow/VS_Automation" status="ERROR">
         <error type="ERROR" message="Test Cases/VirtualShow/VS_Automation FAILED.
Reason:
com.kms.katalon.core.webui.exception.WebElementNotFoundException: Web element with id: 'Object Repository/ReplicatedSite/input_other_address' located by 'By.xpath: //input[@value='oth']' not found
	at com.kms.katalon.core.webui.common.WebUiCommonHelper.findWebElement(WebUiCommonHelper.java:1097)
	at com.kms.katalon.core.webui.common.WebUiCommonHelper$findWebElement$0.call(Unknown Source)
	at VS_Automation.run(VS_Automation:806)
	at com.kms.katalon.core.main.ScriptEngine.run(ScriptEngine.java:194)
	at com.kms.katalon.core.main.ScriptEngine.runScriptAsRawText(ScriptEngine.java:119)
	at com.kms.katalon.core.main.TestCaseExecutor.runScript(TestCaseExecutor.java:342)
	at com.kms.katalon.core.main.TestCaseExecutor.doExecute(TestCaseExecutor.java:333)
	at com.kms.katalon.core.main.TestCaseExecutor.processExecutionPhase(TestCaseExecutor.java:312)
	at com.kms.katalon.core.main.TestCaseExecutor.accessMainPhase(TestCaseExecutor.java:304)
	at com.kms.katalon.core.main.TestCaseExecutor.execute(TestCaseExecutor.java:238)
	at com.kms.katalon.core.main.TestSuiteExecutor.accessTestCaseMainPhase(TestSuiteExecutor.java:129)
	at com.kms.katalon.core.main.TestSuiteExecutor.accessTestSuiteMainPhase(TestSuiteExecutor.java:112)
	at com.kms.katalon.core.main.TestSuiteExecutor.execute(TestSuiteExecutor.java:81)
	at com.kms.katalon.core.main.TestCaseMain.startTestSuite(TestCaseMain.java:157)
	at com.kms.katalon.core.main.TestCaseMain$startTestSuite$0.call(Unknown Source)
	at TempTestSuite1572991826587.run(TempTestSuite1572991826587.groovy:35)
"/>
         <system-out><![CDATA[2019-11-06 03:40:32 - [TEST_CASE][ERROR] - Test Cases/VirtualShow/VS_Automation: Test Cases/VirtualShow/VS_Automation FAILED.
Reason:
com.kms.katalon.core.webui.exception.WebElementNotFoundException: Web element with id: 'Object Repository/ReplicatedSite/input_other_address' located by 'By.xpath: //input[@value='oth']' not found
	at com.kms.katalon.core.webui.common.WebUiCommonHelper.findWebElement(WebUiCommonHelper.java:1097)
	at com.kms.katalon.core.webui.common.WebUiCommonHelper$findWebElement$0.call(Unknown Source)
	at VS_Automation.run(VS_Automation:806)
	at com.kms.katalon.core.main.ScriptEngine.run(ScriptEngine.java:194)
	at com.kms.katalon.core.main.ScriptEngine.runScriptAsRawText(ScriptEngine.java:119)
	at com.kms.katalon.core.main.TestCaseExecutor.runScript(TestCaseExecutor.java:342)
	at com.kms.katalon.core.main.TestCaseExecutor.doExecute(TestCaseExecutor.java:333)
	at com.kms.katalon.core.main.TestCaseExecutor.processExecutionPhase(TestCaseExecutor.java:312)
	at com.kms.katalon.core.main.TestCaseExecutor.accessMainPhase(TestCaseExecutor.java:304)
	at com.kms.katalon.core.main.TestCaseExecutor.execute(TestCaseExecutor.java:238)
	at com.kms.katalon.core.main.TestSuiteExecutor.accessTestCaseMainPhase(TestSuiteExecutor.java:129)
	at com.kms.katalon.core.main.TestSuiteExecutor.accessTestSuiteMainPhase(TestSuiteExecutor.java:112)
	at com.kms.katalon.core.main.TestSuiteExecutor.execute(TestSuiteExecutor.java:81)
	at com.kms.katalon.core.main.TestCaseMain.startTestSuite(TestCaseMain.java:157)
	at com.kms.katalon.core.main.TestCaseMain$startTestSuite$0.call(Unknown Source)
	at TempTestSuite1572991826587.run(TempTestSuite1572991826587.groovy:35)


2019-11-06 03:40:32 - [TEST_STEP][PASSED] - Start listener action : sampleBeforeTestCase: null

2019-11-06 03:40:32 - [TEST_STEP][PASSED] - println(testCaseContext.getTestCaseId()): null

2019-11-06 03:40:32 - [TEST_STEP][PASSED] - println(testCaseContext.getTestCaseVariables()): null

2019-11-06 03:40:34 - [TEST_STEP][PASSED] - dataFile = "micrositeData": null

2019-11-06 03:40:34 - [TEST_STEP][PASSED] - guest1Mail = findTestData(dataFile).getValue("guest1Mail", 1): null

2019-11-06 03:40:35 - [TEST_STEP][PASSED] - guest1Pass = findTestData(dataFile).getValue("guest1Pass", 1): null

2019-11-06 03:40:36 - [TEST_STEP][PASSED] - dataFile = "virtualShowData": null

2019-11-06 03:40:36 - [TEST_STEP][PASSED] - hostess = findTestData(dataFile).getValue("hostess", 1): null

2019-11-06 03:40:36 - [TEST_STEP][PASSED] - cohostess = findTestData(dataFile).getValue("cohostess", 1): null

2019-11-06 03:40:36 - [TEST_STEP][PASSED] - guest1 = findTestData(dataFile).getValue("guest1", 1): null

2019-11-06 03:40:36 - [TEST_STEP][PASSED] - guest2 = findTestData(dataFile).getValue("guest2", 1): null

2019-11-06 03:40:36 - [TEST_STEP][PASSED] - RSTestEnvt = findTestData("envtData").getValue("RSTestEnvt", 1): null

2019-11-06 03:40:36 - [TEST_STEP][PASSED] - BOURL = findTestData("envtData").getValue("BOURL", 1): null

2019-11-06 03:40:36 - [TEST_STEP][PASSED] - actualGuestList = new java.util.ArrayList(): null

2019-11-06 03:40:36 - [TEST_STEP][PASSED] - yesList = new java.util.ArrayList(): null

2019-11-06 03:40:36 - [TEST_STEP][PASSED] - noList = new java.util.ArrayList(): null

2019-11-06 03:40:36 - [TEST_STEP][PASSED] - maybeList = new java.util.ArrayList(): null

2019-11-06 03:40:36 - [TEST_STEP][PASSED] - noreplyList = new java.util.ArrayList(): null

2019-11-06 03:40:36 - [TEST_STEP][PASSED] - presentList = new java.util.ArrayList(): null

2019-11-06 03:40:36 - [TEST_STEP][PASSED] - allList = new java.util.ArrayList(): null

2019-11-06 03:40:36 - [TEST_STEP][PASSED] - dfMM = new java.text.SimpleDateFormat(MM): null

2019-11-06 03:40:36 - [TEST_STEP][PASSED] - dfDD = new java.text.SimpleDateFormat(dd): null

2019-11-06 03:40:36 - [TEST_STEP][PASSED] - dfYYYY = new java.text.SimpleDateFormat(yyyy): null

2019-11-06 03:40:36 - [TEST_STEP][PASSED] - today = getInstance().getTime(): null

2019-11-06 03:40:36 - [TEST_STEP][PASSED] - c = Calendar.getInstance(): null

2019-11-06 03:40:36 - [TEST_STEP][PASSED] - c.setTime(today): null

2019-11-06 03:40:36 - [TEST_STEP][PASSED] - c.add(DATE, 2): null

2019-11-06 03:40:36 - [TEST_STEP][PASSED] - newShowDate = c.getTime(): null

2019-11-06 03:40:36 - [TEST_STEP][PASSED] - vsyear = dfYYYY.format(newShowDate): null

2019-11-06 03:40:36 - [TEST_STEP][PASSED] - vsmonth = dfMM.format(newShowDate): null

2019-11-06 03:40:36 - [TEST_STEP][PASSED] - vsday = dfDD.format(newShowDate): null

2019-11-06 03:40:36 - [TEST_STEP][PASSED] - println(UtilityMethods.concat("from DTY: ", vsday, " ", vsmonth, " ", vsyear)): null

2019-11-06 03:40:36 - [TEST_STEP][PASSED] - callTestCase(findTestCase("VirtualShow/createShow"), ["testEnvt":"", "username":"", "password":"", "stylist":"", "hostess":"", "cohostess":"", "guest1":"", "guest2":"", "verifyHostess":"", ... ], CONTINUE_ON_FAILURE): Call Test Case 'Test Cases/VirtualShow/createShow' successfully

2019-11-06 03:40:37 - [TEST_CASE][PASSED] - Test Cases/VirtualShow/createShow: Test Cases/VirtualShow/createShow

2019-11-06 03:40:37 - [TEST_STEP][PASSED] - dataFile = "virtualShowData": null

2019-11-06 03:40:37 - [TEST_STEP][PASSED] - stylist = findTestData(dataFile).getValue("stylist", 1): null

2019-11-06 03:40:37 - [TEST_STEP][PASSED] - hostess = findTestData(dataFile).getValue("hostess", 1): null

2019-11-06 03:40:38 - [TEST_STEP][PASSED] - cohostess = findTestData(dataFile).getValue("cohostess", 1): null

2019-11-06 03:40:38 - [TEST_STEP][PASSED] - guest1 = findTestData(dataFile).getValue("guest1", 1): null

2019-11-06 03:40:38 - [TEST_STEP][PASSED] - guest2 = findTestData(dataFile).getValue("guest2", 1): null

2019-11-06 03:40:38 - [TEST_STEP][PASSED] - verifyGuestCount = findTestData(dataFile).getValue("verifyGuestCount", 1): null

2019-11-06 03:40:38 - [TEST_STEP][PASSED] - RSTestEnvt = findTestData("envtData").getValue("RSTestEnvt", 1): null

2019-11-06 03:40:38 - [TEST_STEP][PASSED] - openBrowser(""): Browser is opened with url: ''

2019-11-06 03:40:38 - [MESSAGE][INFO] - Starting 'Chrome' driver

2019-11-06 03:40:38 - [MESSAGE][INFO] - User set preference: ['args', '[--use-fake-ui-for-media-stream, --start-maximized]']

2019-11-06 03:40:38 - [MESSAGE][INFO] - Action delay is set to 0 seconds

2019-11-06 03:40:42 - [MESSAGE][PASSED] - Browser is opened with url: ''

2019-11-06 03:40:42 - [TEST_STEP][PASSED] - maximizeWindow(): Current window maximized

2019-11-06 03:40:43 - [MESSAGE][PASSED] - Current window maximized

2019-11-06 03:40:43 - [TEST_STEP][PASSED] - callTestCase(findTestCase("TestCaseUtilities/backOfficeLogin"), ["BOURL":"", "BOuser":"", "BOpass":""], CONTINUE_ON_FAILURE): Call Test Case 'Test Cases/TestCaseUtilities/backOfficeLogin' successfully

2019-11-06 03:40:43 - [TEST_CASE][PASSED] - Test Cases/TestCaseUtilities/backOfficeLogin: Test Cases/TestCaseUtilities/backOfficeLogin

2019-11-06 03:40:44 - [TEST_STEP][PASSED] - BOURL = findTestData("envtData").getValue("BOURL", 1): null

2019-11-06 03:40:44 - [TEST_STEP][PASSED] - BOuser = findTestData("credData").getValue("BOuser", 1): null

2019-11-06 03:40:44 - [TEST_STEP][PASSED] - BOpass = findTestData("credData").getValue("BOpass", 1): null

2019-11-06 03:40:44 - [TEST_STEP][PASSED] - openBrowser(""): Browser is opened with url: ''

2019-11-06 03:40:44 - [MESSAGE][WARNING] - A browser is already opened. Closing browser and opening a new one

2019-11-06 03:40:45 - [MESSAGE][INFO] - Starting 'Chrome' driver

2019-11-06 03:40:45 - [MESSAGE][INFO] - User set preference: ['args', '[--use-fake-ui-for-media-stream, --start-maximized]']

2019-11-06 03:40:47 - [MESSAGE][PASSED] - Browser is opened with url: ''

2019-11-06 03:40:47 - [TEST_STEP][PASSED] - navigateToUrl(BOURL): Navigate to 'https://test18.cliotest.com/backoffice/control/main' successfully

2019-11-06 03:40:53 - [MESSAGE][PASSED] - Navigate to 'https://test18.cliotest.com/backoffice/control/main' successfully

2019-11-06 03:40:53 - [TEST_STEP][PASSED] - logOut = findWebElements(findTestObject("Object Repository/Page_cabi Home/log_out"), 1): Unable to find the element located by 'By.xpath: //a[contains(text(),'Log Out')]'. Please recheck the objects properties to make sure the desired element is located. 

2019-11-06 03:40:54 - [MESSAGE][INFO] - Unable to find the element located by 'By.xpath: //a[contains(text(),'Log Out')]'. Please recheck the objects properties to make sure the desired element is located. 

2019-11-06 03:40:54 - [TEST_STEP][PASSED] - if (logOut.size() == 0): Object: 'Object Repository/Page_cabi/input_Welcome to_consultantLogin' is clicked on

2019-11-06 03:40:54 - [TEST_STEP][PASSED] - setText(findTestObject("Page_cabi/input_Welcome to_USERNAME"), BOuser): Text '400000002' is set on object 'Object Repository/Page_cabi/input_Welcome to_USERNAME'

2019-11-06 03:40:54 - [MESSAGE][PASSED] - Text '400000002' is set on object 'Object Repository/Page_cabi/input_Welcome to_USERNAME'

2019-11-06 03:40:54 - [TEST_STEP][PASSED] - setText(findTestObject("Object Repository/Page_cabi/input_Welcome to_PASSWORD"), BOpass): Text 'blackdress19' is set on object 'Object Repository/Page_cabi/input_Welcome to_PASSWORD'

2019-11-06 03:40:55 - [MESSAGE][PASSED] - Text 'blackdress19' is set on object 'Object Repository/Page_cabi/input_Welcome to_PASSWORD'

2019-11-06 03:40:55 - [TEST_STEP][PASSED] - click(findTestObject("Object Repository/Page_cabi/input_Welcome to_consultantLogin")): Object: 'Object Repository/Page_cabi/input_Welcome to_consultantLogin' is clicked on

2019-11-06 03:41:02 - [MESSAGE][PASSED] - Object: 'Object Repository/Page_cabi/input_Welcome to_consultantLogin' is clicked on

2019-11-06 03:41:03 - [TEST_STEP][PASSED] - delay(3): Delayed 3 second(s)

2019-11-06 03:41:06 - [MESSAGE][PASSED] - Delayed 3 second(s)

2019-11-06 03:41:06 - [MESSAGE][PASSED] - Call Test Case 'Test Cases/TestCaseUtilities/backOfficeLogin' successfully

2019-11-06 03:41:06 - [TEST_STEP][PASSED] - verifyElementText(findTestObject("Object Repository/virualShowRSVPOR/Page_cabi/span_username"), stylist): Actual text and expected text of test object 'Object Repository/virualShowRSVPOR/Page_cabi/span_username' are matched.

2019-11-06 03:41:06 - [MESSAGE][PASSED] - Actual text and expected text of test object 'Object Repository/virualShowRSVPOR/Page_cabi/span_username' are matched.

2019-11-06 03:41:06 - [TEST_STEP][PASSED] - click(findTestObject("Object Repository/virualShowRSVPOR/Page_cabi Home/a_shows _orders")): Object: 'Object Repository/virualShowRSVPOR/Page_cabi Home/a_shows _orders' is clicked on

2019-11-06 03:41:06 - [MESSAGE][PASSED] - Object: 'Object Repository/virualShowRSVPOR/Page_cabi Home/a_shows _orders' is clicked on

2019-11-06 03:41:06 - [TEST_STEP][PASSED] - click(findTestObject("Object Repository/virualShowRSVPOR/Page_cabi Home/a_Create_A_Show")): Object: 'Object Repository/virualShowRSVPOR/Page_cabi Home/a_Create_A_Show' is clicked on

2019-11-06 03:41:08 - [MESSAGE][PASSED] - Object: 'Object Repository/virualShowRSVPOR/Page_cabi Home/a_Create_A_Show' is clicked on

2019-11-06 03:41:08 - [TEST_STEP][PASSED] - setText(findTestObject("Object Repository/virualShowRSVPOR/Page_cabi Create Show - Set Hostess/input_Hostess"), hostess): Text 'ahostess-test abc' is set on object 'Object Repository/virualShowRSVPOR/Page_cabi Create Show - Set Hostess/input_Hostess'

2019-11-06 03:41:09 - [MESSAGE][PASSED] - Text 'ahostess-test abc' is set on object 'Object Repository/virualShowRSVPOR/Page_cabi Create Show - Set Hostess/input_Hostess'

2019-11-06 03:41:09 - [TEST_STEP][PASSED] - delay(2): Delayed 2 second(s)

2019-11-06 03:41:11 - [MESSAGE][PASSED] - Delayed 2 second(s)

2019-11-06 03:41:11 - [TEST_STEP][PASSED] - sendKeys(findTestObject("Object Repository/virualShowRSVPOR/Page_cabi Create Show - Set Hostess/input_Hostess"), Keys.chord(ARROW_DOWN)): Keys 'DOWN + ' sent to object: 'Object Repository/virualShowRSVPOR/Page_cabi Create Show - Set Hostess/input_Hostess'

2019-11-06 03:41:11 - [MESSAGE][PASSED] - Keys 'DOWN + ' sent to object: 'Object Repository/virualShowRSVPOR/Page_cabi Create Show - Set Hostess/input_Hostess'

2019-11-06 03:41:11 - [TEST_STEP][PASSED] - sendKeys(findTestObject("Object Repository/virualShowRSVPOR/Page_cabi Create Show - Set Hostess/input_Hostess"), Keys.chord(ENTER)): Keys 'ENTER + ' sent to object: 'Object Repository/virualShowRSVPOR/Page_cabi Create Show - Set Hostess/input_Hostess'

2019-11-06 03:41:11 - [MESSAGE][PASSED] - Keys 'ENTER + ' sent to object: 'Object Repository/virualShowRSVPOR/Page_cabi Create Show - Set Hostess/input_Hostess'

2019-11-06 03:41:11 - [TEST_STEP][PASSED] - delay(2): Delayed 2 second(s)

2019-11-06 03:41:13 - [MESSAGE][PASSED] - Delayed 2 second(s)

2019-11-06 03:41:13 - [TEST_STEP][PASSED] - validateHostessAddressMsg = findWebElements(findTestObject("Object Repository/virualShowRSVPOR/Page_cabi Create Show - Set Hostess/validate_address_msg"), 5): null

2019-11-06 03:41:13 - [TEST_STEP][PASSED] - println(validateHostessAddressMsg.size()): null

2019-11-06 03:41:13 - [TEST_STEP][PASSED] - if (validateHostessAddressMsg.isEmpty()): null

2019-11-06 03:41:13 - [TEST_STEP][PASSED] - selectOptionByValue(findTestObject("Object Repository/virualShowRSVPOR/Page_cabi Create Show - Set Hostess/select_Choose_From_Contacts_Co-Hostess"), "3", true): All options with value '3' are selected in object 'Object Repository/virualShowRSVPOR/Page_cabi Create Show - Set Hostess/select_Choose_From_Contacts_Co-Hostess'  using regular expression

2019-11-06 03:41:13 - [MESSAGE][PASSED] - All options with value '3' are selected in object 'Object Repository/virualShowRSVPOR/Page_cabi Create Show - Set Hostess/select_Choose_From_Contacts_Co-Hostess'  using regular expression

2019-11-06 03:41:13 - [TEST_STEP][PASSED] - setText(findTestObject("Object Repository/virualShowRSVPOR/Page_cabi Create Show - Set Hostess/input_Cohostess"), cohostess): Text 'bcohost-test abc' is set on object 'Object Repository/virualShowRSVPOR/Page_cabi Create Show - Set Hostess/input_Cohostess'

2019-11-06 03:41:14 - [MESSAGE][PASSED] - Text 'bcohost-test abc' is set on object 'Object Repository/virualShowRSVPOR/Page_cabi Create Show - Set Hostess/input_Cohostess'

2019-11-06 03:41:14 - [TEST_STEP][PASSED] - delay(2): Delayed 2 second(s)

2019-11-06 03:41:16 - [MESSAGE][PASSED] - Delayed 2 second(s)

2019-11-06 03:41:16 - [TEST_STEP][PASSED] - sendKeys(findTestObject("Object Repository/virualShowRSVPOR/Page_cabi Create Show - Set Hostess/input_Cohostess"), Keys.chord(ARROW_DOWN)): Keys 'DOWN + ' sent to object: 'Object Repository/virualShowRSVPOR/Page_cabi Create Show - Set Hostess/input_Cohostess'

2019-11-06 03:41:16 - [MESSAGE][PASSED] - Keys 'DOWN + ' sent to object: 'Object Repository/virualShowRSVPOR/Page_cabi Create Show - Set Hostess/input_Cohostess'

2019-11-06 03:41:16 - [TEST_STEP][PASSED] - sendKeys(findTestObject("Object Repository/virualShowRSVPOR/Page_cabi Create Show - Set Hostess/input_Cohostess"), Keys.chord(ENTER)): Keys 'ENTER + ' sent to object: 'Object Repository/virualShowRSVPOR/Page_cabi Create Show - Set Hostess/input_Cohostess'

2019-11-06 03:41:16 - [MESSAGE][PASSED] - Keys 'ENTER + ' sent to object: 'Object Repository/virualShowRSVPOR/Page_cabi Create Show - Set Hostess/input_Cohostess'

2019-11-06 03:41:16 - [TEST_STEP][PASSED] - delay(3): Delayed 3 second(s)

2019-11-06 03:41:19 - [MESSAGE][PASSED] - Delayed 3 second(s)

2019-11-06 03:41:19 - [TEST_STEP][PASSED] - validateHostessAddressMsg = findWebElements(findTestObject("Object Repository/virualShowRSVPOR/Page_cabi Create Show - Set Hostess/validate_address_msg"), 5): null

2019-11-06 03:41:19 - [TEST_STEP][PASSED] - if (validateHostessAddressMsg.size() != 4): null

2019-11-06 03:41:19 - [TEST_STEP][PASSED] - click(findTestObject("Object Repository/virualShowRSVPOR/Page_cabi Create Show - Set Hostess/input_next")): Object: 'Object Repository/virualShowRSVPOR/Page_cabi Create Show - Set Hostess/input_next' is clicked on

2019-11-06 03:41:21 - [MESSAGE][PASSED] - Object: 'Object Repository/virualShowRSVPOR/Page_cabi Create Show - Set Hostess/input_next' is clicked on

2019-11-06 03:41:21 - [TEST_STEP][PASSED] - click(findTestObject("Object Repository/virualShowRSVPOR/Page_cabi Create Show - Time and Place/check_Virtual_Show")): Object: 'Object Repository/virualShowRSVPOR/Page_cabi Create Show - Time and Place/check_Virtual_Show' is clicked on

2019-11-06 03:41:21 - [MESSAGE][PASSED] - Object: 'Object Repository/virualShowRSVPOR/Page_cabi Create Show - Time and Place/check_Virtual_Show' is clicked on

2019-11-06 03:41:21 - [TEST_STEP][PASSED] - click(findTestObject("Object Repository/virualShowRSVPOR/Page_cabi Create Show - Time and Place/input_Show_Date_Time")): Object: 'Object Repository/virualShowRSVPOR/Page_cabi Create Show - Time and Place/input_Show_Date_Time' is clicked on

2019-11-06 03:41:21 - [MESSAGE][PASSED] - Object: 'Object Repository/virualShowRSVPOR/Page_cabi Create Show - Time and Place/input_Show_Date_Time' is clicked on

2019-11-06 03:41:21 - [TEST_STEP][PASSED] - println(UtilityMethods.concat(" ", vsday, " ", vsmonth, " ", vsyear)): null

2019-11-06 03:41:21 - [TEST_STEP][PASSED] - year = vsyear: null

2019-11-06 03:41:21 - [TEST_STEP][PASSED] - month = vsmonth: null

2019-11-06 03:41:21 - [TEST_STEP][PASSED] - day = vsday: null

2019-11-06 03:41:21 - [TEST_STEP][PASSED] - pastdate = findTestData("virtualShowData").getValue("pastdate", 1): null

2019-11-06 03:41:21 - [TEST_STEP][PASSED] - xpath = UtilityMethods.concat("//td[@data-month='" + month - 1 + "' and @data-year='" + year + "']/a[contains(text(), '" + day + "')]"): null

2019-11-06 03:41:21 - [TEST_STEP][PASSED] - dateObj = new com.kms.katalon.core.testobject.TestObject(td_month_year_day): null

2019-11-06 03:41:21 - [TEST_STEP][PASSED] - dateObj.addProperty("xpath", EQUALS, xpath): null

2019-11-06 03:41:21 - [TEST_STEP][PASSED] - monthBound = 12: null

2019-11-06 03:41:21 - [TEST_STEP][PASSED] - dateObjList = findWebElements(dateObj, 5): null

2019-11-06 03:41:21 - [TEST_STEP][PASSED] - while (dateObjList.size() == 0 && monthBound > 0): null

2019-11-06 03:41:21 - [TEST_STEP][PASSED] - click(dateObj): Object: 'td_month_year_day' is clicked on

2019-11-06 03:41:22 - [MESSAGE][PASSED] - Object: 'td_month_year_day' is clicked on

2019-11-06 03:41:22 - [TEST_STEP][PASSED] - click(findTestObject("Object Repository/virualShowRSVPOR/Page_cabi Create Show - Time and Place/a_select_End_Time")): Object: 'Object Repository/virualShowRSVPOR/Page_cabi Create Show - Time and Place/a_select_End_Time' is clicked on

2019-11-06 03:41:22 - [MESSAGE][PASSED] - Object: 'Object Repository/virualShowRSVPOR/Page_cabi Create Show - Time and Place/a_select_End_Time' is clicked on

2019-11-06 03:41:22 - [TEST_STEP][PASSED] - click(findTestObject("Object Repository/virualShowRSVPOR/Page_cabi Create Show - Time and Place/input_next")): Object: 'Object Repository/virualShowRSVPOR/Page_cabi Create Show - Time and Place/input_next' is clicked on

2019-11-06 03:41:22 - [MESSAGE][PASSED] - Object: 'Object Repository/virualShowRSVPOR/Page_cabi Create Show - Time and Place/input_next' is clicked on

2019-11-06 03:41:22 - [TEST_STEP][PASSED] - delay(5): Delayed 5 second(s)

2019-11-06 03:41:27 - [MESSAGE][PASSED] - Delayed 5 second(s)

2019-11-06 03:41:27 - [TEST_STEP][PASSED] - click(findTestObject("Object Repository/virualShowRSVPOR/Page_cabi Create Show - Invite Hostess/input_Skip_Invite")): Object: 'Object Repository/virualShowRSVPOR/Page_cabi Create Show - Invite Hostess/input_Skip_Invite' is clicked on

2019-11-06 03:41:29 - [MESSAGE][PASSED] - Object: 'Object Repository/virualShowRSVPOR/Page_cabi Create Show - Invite Hostess/input_Skip_Invite' is clicked on

2019-11-06 03:41:29 - [TEST_STEP][PASSED] - setText(findTestObject("Object Repository/virualShowRSVPOR/Page_cabi Edit Show - Add Guests/contact_search_box"), guest1): Text 'guest1-test abc' is set on object 'Object Repository/virualShowRSVPOR/Page_cabi Edit Show - Add Guests/contact_search_box'

2019-11-06 03:41:29 - [MESSAGE][PASSED] - Text 'guest1-test abc' is set on object 'Object Repository/virualShowRSVPOR/Page_cabi Edit Show - Add Guests/contact_search_box'

2019-11-06 03:41:29 - [TEST_STEP][PASSED] - delay(2): Delayed 2 second(s)

2019-11-06 03:41:31 - [MESSAGE][PASSED] - Delayed 2 second(s)

2019-11-06 03:41:31 - [TEST_STEP][PASSED] - sendKeys(findTestObject("Object Repository/virualShowRSVPOR/Page_cabi Edit Show - Add Guests/contact_search_box"), Keys.chord(ARROW_DOWN)): Keys 'DOWN + ' sent to object: 'Object Repository/virualShowRSVPOR/Page_cabi Edit Show - Add Guests/contact_search_box'

2019-11-06 03:41:32 - [MESSAGE][PASSED] - Keys 'DOWN + ' sent to object: 'Object Repository/virualShowRSVPOR/Page_cabi Edit Show - Add Guests/contact_search_box'

2019-11-06 03:41:32 - [TEST_STEP][PASSED] - sendKeys(findTestObject("Object Repository/virualShowRSVPOR/Page_cabi Edit Show - Add Guests/contact_search_box"), Keys.chord(ENTER)): Keys 'ENTER + ' sent to object: 'Object Repository/virualShowRSVPOR/Page_cabi Edit Show - Add Guests/contact_search_box'

2019-11-06 03:41:32 - [MESSAGE][PASSED] - Keys 'ENTER + ' sent to object: 'Object Repository/virualShowRSVPOR/Page_cabi Edit Show - Add Guests/contact_search_box'

2019-11-06 03:41:32 - [TEST_STEP][PASSED] - delay(2): Delayed 2 second(s)

2019-11-06 03:41:34 - [MESSAGE][PASSED] - Delayed 2 second(s)

2019-11-06 03:41:34 - [TEST_STEP][PASSED] - click(findTestObject("Object Repository/virualShowRSVPOR/Page_cabi Edit Show - Add Guests/a_add_guest")): Object: 'Object Repository/virualShowRSVPOR/Page_cabi Edit Show - Add Guests/a_add_guest' is clicked on

2019-11-06 03:41:35 - [MESSAGE][PASSED] - Object: 'Object Repository/virualShowRSVPOR/Page_cabi Edit Show - Add Guests/a_add_guest' is clicked on

2019-11-06 03:41:35 - [TEST_STEP][PASSED] - delay(5): Delayed 5 second(s)

2019-11-06 03:41:40 - [MESSAGE][PASSED] - Delayed 5 second(s)

2019-11-06 03:41:40 - [TEST_STEP][PASSED] - setText(findTestObject("Object Repository/virualShowRSVPOR/Page_cabi Edit Show - Add Guests/contact_search_box"), guest2): Text 'guest2-test abc' is set on object 'Object Repository/virualShowRSVPOR/Page_cabi Edit Show - Add Guests/contact_search_box'

2019-11-06 03:41:40 - [MESSAGE][PASSED] - Text 'guest2-test abc' is set on object 'Object Repository/virualShowRSVPOR/Page_cabi Edit Show - Add Guests/contact_search_box'

2019-11-06 03:41:40 - [TEST_STEP][PASSED] - delay(2): Delayed 2 second(s)

2019-11-06 03:41:42 - [MESSAGE][PASSED] - Delayed 2 second(s)

2019-11-06 03:41:42 - [TEST_STEP][PASSED] - sendKeys(findTestObject("Object Repository/virualShowRSVPOR/Page_cabi Edit Show - Add Guests/contact_search_box"), Keys.chord(ARROW_DOWN)): Keys 'DOWN + ' sent to object: 'Object Repository/virualShowRSVPOR/Page_cabi Edit Show - Add Guests/contact_search_box'

2019-11-06 03:41:42 - [MESSAGE][PASSED] - Keys 'DOWN + ' sent to object: 'Object Repository/virualShowRSVPOR/Page_cabi Edit Show - Add Guests/contact_search_box'

2019-11-06 03:41:42 - [TEST_STEP][PASSED] - sendKeys(findTestObject("Object Repository/virualShowRSVPOR/Page_cabi Edit Show - Add Guests/contact_search_box"), Keys.chord(ENTER)): Keys 'ENTER + ' sent to object: 'Object Repository/virualShowRSVPOR/Page_cabi Edit Show - Add Guests/contact_search_box'

2019-11-06 03:41:42 - [MESSAGE][PASSED] - Keys 'ENTER + ' sent to object: 'Object Repository/virualShowRSVPOR/Page_cabi Edit Show - Add Guests/contact_search_box'

2019-11-06 03:41:42 - [TEST_STEP][PASSED] - delay(2): Delayed 2 second(s)

2019-11-06 03:41:44 - [MESSAGE][PASSED] - Delayed 2 second(s)

2019-11-06 03:41:44 - [TEST_STEP][PASSED] - click(findTestObject("Object Repository/virualShowRSVPOR/Page_cabi Edit Show - Add Guests/a_add_guest")): Object: 'Object Repository/virualShowRSVPOR/Page_cabi Edit Show - Add Guests/a_add_guest' is clicked on

2019-11-06 03:41:45 - [MESSAGE][PASSED] - Object: 'Object Repository/virualShowRSVPOR/Page_cabi Edit Show - Add Guests/a_add_guest' is clicked on

2019-11-06 03:41:45 - [TEST_STEP][PASSED] - delay(2): Delayed 2 second(s)

2019-11-06 03:41:47 - [MESSAGE][PASSED] - Delayed 2 second(s)

2019-11-06 03:41:47 - [TEST_STEP][PASSED] - verifyHostess = UtilityMethods.splitPersonName(hostess): null

2019-11-06 03:41:47 - [TEST_STEP][PASSED] - verifyCohostess = UtilityMethods.splitPersonName(cohostess): null

2019-11-06 03:41:47 - [TEST_STEP][PASSED] - verifyGuest1 = UtilityMethods.splitPersonName(guest1): null

2019-11-06 03:41:47 - [TEST_STEP][PASSED] - verifyGuest2 = UtilityMethods.splitPersonName(guest2): null

2019-11-06 03:41:47 - [TEST_STEP][PASSED] - verifyElementText(findTestObject("Object Repository/virualShowRSVPOR/Page_cabi Edit Show - Add Guests/span_hostess_name"), UtilityMethods.concat(verifyHostess[1], ", ", verifyHostess[0])): Actual text and expected text of test object 'Object Repository/virualShowRSVPOR/Page_cabi Edit Show - Add Guests/span_hostess_name' are matched.

2019-11-06 03:41:47 - [MESSAGE][PASSED] - Actual text and expected text of test object 'Object Repository/virualShowRSVPOR/Page_cabi Edit Show - Add Guests/span_hostess_name' are matched.

2019-11-06 03:41:47 - [TEST_STEP][PASSED] - verifyElementText(findTestObject("Object Repository/virualShowRSVPOR/Page_cabi Edit Show - Add Guests/span_cohostess_name"), UtilityMethods.concat(verifyCohostess[1], ", ", verifyCohostess[0])): Actual text and expected text of test object 'Object Repository/virualShowRSVPOR/Page_cabi Edit Show - Add Guests/span_cohostess_name' are matched.

2019-11-06 03:41:48 - [MESSAGE][PASSED] - Actual text and expected text of test object 'Object Repository/virualShowRSVPOR/Page_cabi Edit Show - Add Guests/span_cohostess_name' are matched.

2019-11-06 03:41:48 - [TEST_STEP][PASSED] - listElement = findWebElements(findTestObject("Object Repository/virualShowRSVPOR/Page_cabi Edit Show - Add Guests/span_guest_name_list"), 5): null

2019-11-06 03:41:48 - [TEST_STEP][PASSED] - guestCount = Integer.parseInt(verifyGuestCount): null

2019-11-06 03:41:48 - [TEST_STEP][PASSED] - assert listElement.size() == guestCount: null

2019-11-06 03:41:48 - [TEST_STEP][PASSED] - flag = false: null

2019-11-06 03:41:48 - [TEST_STEP][PASSED] - for ([i = 0, i < guestCount, (i++)]): null

2019-11-06 03:41:48 - [TEST_STEP][PASSED] - flag = false: null

2019-11-06 03:41:48 - [TEST_STEP][PASSED] - if (getText().equals(UtilityMethods.concat(verifyGuest1[1], ", ", verifyGuest1[0]))): null

2019-11-06 03:41:48 - [TEST_STEP][PASSED] - flag = true: null

2019-11-06 03:41:48 - [TEST_STEP][PASSED] - if (getText().equals(UtilityMethods.concat(verifyGuest2[1], ", ", verifyGuest2[0]))): null

2019-11-06 03:41:48 - [TEST_STEP][PASSED] - flag = false: null

2019-11-06 03:41:48 - [TEST_STEP][PASSED] - if (getText().equals(UtilityMethods.concat(verifyGuest1[1], ", ", verifyGuest1[0]))): null

2019-11-06 03:41:48 - [TEST_STEP][PASSED] - if (getText().equals(UtilityMethods.concat(verifyGuest2[1], ", ", verifyGuest2[0]))): null

2019-11-06 03:41:48 - [TEST_STEP][PASSED] - flag = true: null

2019-11-06 03:41:48 - [TEST_STEP][PASSED] - assert flag == true: null

2019-11-06 03:41:48 - [TEST_STEP][PASSED] - click(findTestObject("Object Repository/virualShowRSVPOR/Page_cabi Edit Show - Add Guests/input_Next")): Object: 'Object Repository/virualShowRSVPOR/Page_cabi Edit Show - Add Guests/input_Next' is clicked on

2019-11-06 03:41:50 - [MESSAGE][PASSED] - Object: 'Object Repository/virualShowRSVPOR/Page_cabi Edit Show - Add Guests/input_Next' is clicked on

2019-11-06 03:41:50 - [TEST_STEP][PASSED] - delay(5): Delayed 5 second(s)

2019-11-06 03:41:55 - [MESSAGE][PASSED] - Delayed 5 second(s)

2019-11-06 03:41:55 - [TEST_STEP][PASSED] - click(findTestObject("Object Repository/virualShowRSVPOR/Page_cabi Edit Show - Send Invitations/input_Overview")): Object: 'Object Repository/virualShowRSVPOR/Page_cabi Edit Show - Send Invitations/input_Overview' is clicked on

2019-11-06 03:41:57 - [MESSAGE][PASSED] - Object: 'Object Repository/virualShowRSVPOR/Page_cabi Edit Show - Send Invitations/input_Overview' is clicked on

2019-11-06 03:41:57 - [TEST_STEP][PASSED] - showID = getText(findTestObject("Object Repository/virualShowRSVPOR/Page_cabi Orders/li_Show_ID_Text")): Text of object 'Object Repository/virualShowRSVPOR/Page_cabi Orders/li_Show_ID_Text' is: 'Show #: 104819176'

2019-11-06 03:41:57 - [MESSAGE][PASSED] - Text of object 'Object Repository/virualShowRSVPOR/Page_cabi Orders/li_Show_ID_Text' is: 'Show #: 104819176'

2019-11-06 03:41:57 - [TEST_STEP][PASSED] - rightClick(findTestObject("Object Repository/virualShowRSVPOR/Page_cabi Orders/a_Account")): Object: 'Object Repository/virualShowRSVPOR/Page_cabi Orders/a_Account' is right clicked on

2019-11-06 03:41:57 - [MESSAGE][PASSED] - Object: 'Object Repository/virualShowRSVPOR/Page_cabi Orders/a_Account' is right clicked on

2019-11-06 03:41:57 - [TEST_STEP][PASSED] - click(findTestObject("Object Repository/virualShowRSVPOR/Page_cabi Orders/a_My Profile")): Object: 'Object Repository/virualShowRSVPOR/Page_cabi Orders/a_My Profile' is clicked on

2019-11-06 03:41:59 - [MESSAGE][PASSED] - Object: 'Object Repository/virualShowRSVPOR/Page_cabi Orders/a_My Profile' is clicked on

2019-11-06 03:41:59 - [TEST_STEP][PASSED] - rsName = getText(findTestObject("Object Repository/virualShowRSVPOR/Page_cabi My Profile/span_rsName")): Text of object 'Object Repository/virualShowRSVPOR/Page_cabi My Profile/span_rsName' is: 'MirandaKate'

2019-11-06 03:42:00 - [MESSAGE][PASSED] - Text of object 'Object Repository/virualShowRSVPOR/Page_cabi My Profile/span_rsName' is: 'MirandaKate'

2019-11-06 03:42:00 - [TEST_STEP][PASSED] - micrositeURL = UtilityMethods.createURL(rsName, RSTestEnvt, showID): null

2019-11-06 03:42:00 - [TEST_STEP][PASSED] - println(micrositeURL): null

2019-11-06 03:42:00 - [TEST_STEP][PASSED] - back(): Navigate back successfully

2019-11-06 03:42:01 - [MESSAGE][PASSED] - Navigate back successfully

2019-11-06 03:42:01 - [MESSAGE][PASSED] - Call Test Case 'Test Cases/VirtualShow/createShow' successfully

2019-11-06 03:42:01 - [TEST_STEP][PASSED] - hostessObj = new commonUtility.VSGuest(hostess): null

2019-11-06 03:42:01 - [TEST_STEP][PASSED] - cohostessObj = new commonUtility.VSGuest(cohostess): null

2019-11-06 03:42:01 - [TEST_STEP][PASSED] - guest1Obj = new commonUtility.VSGuest(guest1): null

2019-11-06 03:42:01 - [TEST_STEP][PASSED] - guest2Obj = new commonUtility.VSGuest(guest2): null

2019-11-06 03:42:01 - [TEST_STEP][PASSED] - driver = getWebDriver(): null

2019-11-06 03:42:01 - [TEST_STEP][PASSED] - executor = driver: null

2019-11-06 03:42:01 - [TEST_STEP][PASSED] - currentPage = getUrl(): Current window's url is: 'https://test18.cliotest.com/backoffice/control/ShowOverview?showId=104819176&consultantPartyId=100000042&fromCAM='

2019-11-06 03:42:02 - [MESSAGE][PASSED] - Current window's url is: 'https://test18.cliotest.com/backoffice/control/ShowOverview?showId=104819176&consultantPartyId=100000042&fromCAM='

2019-11-06 03:42:02 - [TEST_STEP][PASSED] - currentTab = getWindowIndex(): Current window's index is: 0

2019-11-06 03:42:02 - [MESSAGE][PASSED] - Current window's index is: 0

2019-11-06 03:42:02 - [TEST_STEP][PASSED] - driver = getWebDriver(): null

2019-11-06 03:42:02 - [TEST_STEP][PASSED] - favorites = 0: null

2019-11-06 03:42:02 - [TEST_STEP][PASSED] - favorites = 0: null

2019-11-06 03:42:02 - [TEST_STEP][PASSED] - favorites = 0: null

2019-11-06 03:42:02 - [TEST_STEP][PASSED] - favorites = 0: null

2019-11-06 03:42:02 - [TEST_STEP][PASSED] - allList.add(hostessObj): null

2019-11-06 03:42:02 - [TEST_STEP][PASSED] - allList.add(cohostessObj): null

2019-11-06 03:42:02 - [TEST_STEP][PASSED] - allList.add(guest1Obj): null

2019-11-06 03:42:02 - [TEST_STEP][PASSED] - allList.add(guest2Obj): null

2019-11-06 03:42:02 - [TEST_STEP][PASSED] - yesList.add(hostessObj): null

2019-11-06 03:42:02 - [TEST_STEP][PASSED] - yesList.add(cohostessObj): null

2019-11-06 03:42:02 - [TEST_STEP][PASSED] - noreplyList.add(guest1Obj): null

2019-11-06 03:42:02 - [TEST_STEP][PASSED] - noreplyList.add(guest2Obj): null

2019-11-06 03:42:02 - [TEST_STEP][PASSED] - executeJavaScript("arguments[0].click()", Arrays.asList(findWebElement(findTestObject("Object Repository/virualShowRSVPOR/Page_cabi Edit Show - Send Invitations/a_dashboard"), 30))): Execute JavaScript 'arguments[0].click()' successfully

2019-11-06 03:42:07 - [MESSAGE][PASSED] - Execute JavaScript 'arguments[0].click()' successfully

2019-11-06 03:42:07 - [TEST_STEP][PASSED] - delay(5): Delayed 5 second(s)

2019-11-06 03:42:12 - [MESSAGE][PASSED] - Delayed 5 second(s)

2019-11-06 03:42:12 - [TEST_STEP][PASSED] - switchToFrame(findTestObject("virualShowRSVPOR/dashboard/frame_start_pre_show"), 60): null

2019-11-06 03:42:12 - [TEST_STEP][PASSED] - isShowNotStarted = findWebElements(findTestObject("virualShowRSVPOR/dashboard/button_start_pre_show"), 5): null

2019-11-06 03:42:12 - [TEST_STEP][PASSED] - if (isShowNotStarted.size() > 0): null

2019-11-06 03:42:12 - [TEST_STEP][PASSED] - button_start_pre_show = driver.findElement(By.xpath("//button[contains(text(), 'Start pre-show')]")): null

2019-11-06 03:42:12 - [TEST_STEP][PASSED] - executor.executeScript("arguments[0].click();", button_start_pre_show): null

2019-11-06 03:42:12 - [TEST_STEP][PASSED] - delay(3): Delayed 3 second(s)

2019-11-06 03:42:15 - [MESSAGE][PASSED] - Delayed 3 second(s)

2019-11-06 03:42:15 - [TEST_STEP][PASSED] - button_pre_show_sure = driver.findElement(By.xpath("//button[contains(text(), ' sure')]")): null

2019-11-06 03:42:15 - [TEST_STEP][PASSED] - executor.executeScript("arguments[0].click();", button_pre_show_sure): null

2019-11-06 03:42:15 - [TEST_STEP][PASSED] - delay(5): Delayed 5 second(s)

2019-11-06 03:42:20 - [MESSAGE][PASSED] - Delayed 5 second(s)

2019-11-06 03:42:20 - [TEST_STEP][PASSED] - switchToWindowIndex(currentTab + 1): Switched to window with index: '1'

2019-11-06 03:42:20 - [MESSAGE][PASSED] - Switched to window with index: '1'

2019-11-06 03:42:20 - [TEST_STEP][PASSED] - println(getWindowIndex()): Current window's index is: 1

2019-11-06 03:42:21 - [MESSAGE][PASSED] - Current window's index is: 1

2019-11-06 03:42:21 - [TEST_STEP][PASSED] - executor.executeScript("window.open();"): null

2019-11-06 03:42:21 - [TEST_STEP][PASSED] - switchToWindowIndex(currentTab + 2): Switched to window with index: '2'

2019-11-06 03:42:21 - [MESSAGE][PASSED] - Switched to window with index: '2'

2019-11-06 03:42:21 - [TEST_STEP][PASSED] - println(getWindowIndex()): Current window's index is: 2

2019-11-06 03:42:22 - [MESSAGE][PASSED] - Current window's index is: 2

2019-11-06 03:42:22 - [TEST_STEP][PASSED] - callTestCase(findTestCase("TestCaseUtilities/setVHost"), [:], CONTINUE_ON_FAILURE): Call Test Case 'Test Cases/TestCaseUtilities/setVHost' successfully

2019-11-06 03:42:22 - [TEST_CASE][PASSED] - Test Cases/TestCaseUtilities/setVHost: Test Cases/TestCaseUtilities/setVHost

2019-11-06 03:42:23 - [TEST_STEP][PASSED] - ofbizURL = findTestData("envtData").getValue("ofbizURL", 1): null

2019-11-06 03:42:23 - [TEST_STEP][PASSED] - ofbizUser = findTestData("credData").getValue("ofbizuser", 1): null

2019-11-06 03:42:23 - [TEST_STEP][PASSED] - ofbizPass = findTestData("credData").getValue("ofbizpass", 1): null

2019-11-06 03:42:23 - [TEST_STEP][PASSED] - vhostTarget = findTestData("envtData").getValue("vhostTarget", 1): null

2019-11-06 03:42:23 - [TEST_STEP][PASSED] - navigateToUrl(ofbizURL): Navigate to 'https://pushofbiz.cliotest.com/login.php' successfully

2019-11-06 03:42:25 - [MESSAGE][PASSED] - Navigate to 'https://pushofbiz.cliotest.com/login.php' successfully

2019-11-06 03:42:25 - [TEST_STEP][PASSED] - setText(findTestObject("Object Repository/virualShowRSVPOR/Page_/input_Username_username"), ofbizUser): Text 'automation' is set on object 'Object Repository/virualShowRSVPOR/Page_/input_Username_username'

2019-11-06 03:42:25 - [MESSAGE][PASSED] - Text 'automation' is set on object 'Object Repository/virualShowRSVPOR/Page_/input_Username_username'

2019-11-06 03:42:25 - [TEST_STEP][PASSED] - setText(findTestObject("Object Repository/virualShowRSVPOR/Page_/input_Password_password"), ofbizPass): Text 'cabiautomation' is set on object 'Object Repository/virualShowRSVPOR/Page_/input_Password_password'

2019-11-06 03:42:25 - [MESSAGE][PASSED] - Text 'cabiautomation' is set on object 'Object Repository/virualShowRSVPOR/Page_/input_Password_password'

2019-11-06 03:42:25 - [TEST_STEP][PASSED] - click(findTestObject("Object Repository/virualShowRSVPOR/Page_/input_Password_Submit")): Object: 'Object Repository/virualShowRSVPOR/Page_/input_Password_Submit' is clicked on

2019-11-06 03:42:30 - [MESSAGE][PASSED] - Object: 'Object Repository/virualShowRSVPOR/Page_/input_Password_Submit' is clicked on

2019-11-06 03:42:30 - [TEST_STEP][PASSED] - click(findTestObject("Object Repository/virualShowRSVPOR/Page_/a_Set Vhost")): Object: 'Object Repository/virualShowRSVPOR/Page_/a_Set Vhost' is clicked on

2019-11-06 03:42:31 - [MESSAGE][PASSED] - Object: 'Object Repository/virualShowRSVPOR/Page_/a_Set Vhost' is clicked on

2019-11-06 03:42:31 - [TEST_STEP][PASSED] - click(UtilityMethods.createTestObject("select_target", "//select[@name='Target']/option[contains(text(), '", vhostTarget, "')]")): Object: 'select_target' is clicked on

2019-11-06 03:42:31 - [MESSAGE][PASSED] - Object: 'select_target' is clicked on

2019-11-06 03:42:31 - [TEST_STEP][PASSED] - click(findTestObject("Object Repository/virualShowRSVPOR/Page_/input")): Object: 'Object Repository/virualShowRSVPOR/Page_/input' is clicked on

2019-11-06 03:42:33 - [MESSAGE][PASSED] - Object: 'Object Repository/virualShowRSVPOR/Page_/input' is clicked on

2019-11-06 03:42:33 - [MESSAGE][PASSED] - Call Test Case 'Test Cases/TestCaseUtilities/setVHost' successfully

2019-11-06 03:42:33 - [TEST_STEP][PASSED] - loginURL = UtilityMethods.concat("https://mirandakate.", RSTestEnvt, ".com/?component=account.login-gateway"): null

2019-11-06 03:42:33 - [TEST_STEP][PASSED] - navigateToUrl(loginURL): Navigate to 'https://mirandakate.cabitest5.com/?component=account.login-gateway' successfully

2019-11-06 03:42:48 - [MESSAGE][PASSED] - Navigate to 'https://mirandakate.cabitest5.com/?component=account.login-gateway' successfully

2019-11-06 03:42:48 - [TEST_STEP][PASSED] - delay(3): Delayed 3 second(s)

2019-11-06 03:42:51 - [MESSAGE][PASSED] - Delayed 3 second(s)

2019-11-06 03:42:51 - [TEST_STEP][PASSED] - setText(findTestObject("Object Repository/virualShowRSVPOR/Page_Show microsite/input_Sign in  Create account_email"), guest1Mail): Text 'guest1-test@test.com' is set on object 'Object Repository/virualShowRSVPOR/Page_Show microsite/input_Sign in  Create account_email'

2019-11-06 03:42:52 - [MESSAGE][PASSED] - Text 'guest1-test@test.com' is set on object 'Object Repository/virualShowRSVPOR/Page_Show microsite/input_Sign in  Create account_email'

2019-11-06 03:42:52 - [TEST_STEP][PASSED] - executeJavaScript("arguments[0].click()", Arrays.asList(findWebElement(findTestObject("Object Repository/virualShowRSVPOR/Page_Show microsite/button_Continue"), 30))): Execute JavaScript 'arguments[0].click()' successfully

2019-11-06 03:42:53 - [MESSAGE][PASSED] - Execute JavaScript 'arguments[0].click()' successfully

2019-11-06 03:42:53 - [TEST_STEP][PASSED] - setText(findTestObject("Object Repository/virualShowRSVPOR/Page_Show microsite/input_Welcome_password"), guest1Pass): Text 'blackdress19' is set on object 'Object Repository/virualShowRSVPOR/Page_Show microsite/input_Welcome_password'

2019-11-06 03:42:54 - [MESSAGE][PASSED] - Text 'blackdress19' is set on object 'Object Repository/virualShowRSVPOR/Page_Show microsite/input_Welcome_password'

2019-11-06 03:42:54 - [TEST_STEP][PASSED] - executeJavaScript("arguments[0].click()", Arrays.asList(findWebElement(findTestObject("Object Repository/virualShowRSVPOR/Page_Show microsite/button_Continue_pass"), 30))): Execute JavaScript 'arguments[0].click()' successfully

2019-11-06 03:42:54 - [MESSAGE][PASSED] - Execute JavaScript 'arguments[0].click()' successfully

2019-11-06 03:42:54 - [TEST_STEP][PASSED] - delay(5): Delayed 5 second(s)

2019-11-06 03:42:59 - [MESSAGE][PASSED] - Delayed 5 second(s)

2019-11-06 03:42:59 - [TEST_STEP][PASSED] - if (verifyElementPresent(findTestObject("Object Repository/virualShowRSVPOR/Page_Show microsite/complete_my_profile_later"), 0)): Execute JavaScript 'arguments[0].click()' successfully

2019-11-06 03:42:59 - [MESSAGE][WARNING] - Timeout '0' is invalid. Using default page load timeout: '30'

2019-11-06 03:42:59 - [MESSAGE][PASSED] - Object 'Object Repository/virualShowRSVPOR/Page_Show microsite/complete_my_profile_later' is present

2019-11-06 03:42:59 - [TEST_STEP][PASSED] - executeJavaScript("arguments[0].click()", Arrays.asList(findWebElement(findTestObject("Object Repository/virualShowRSVPOR/Page_Show microsite/div_Ill complete my profile later"), 30))): Execute JavaScript 'arguments[0].click()' successfully

2019-11-06 03:43:06 - [MESSAGE][PASSED] - Execute JavaScript 'arguments[0].click()' successfully

2019-11-06 03:43:06 - [TEST_STEP][PASSED] - navigateToUrl(micrositeURL): Navigate to 'https://mirandakate.cabitest5.com/show-microsite/104819176/' successfully

2019-11-06 03:43:10 - [MESSAGE][PASSED] - Navigate to 'https://mirandakate.cabitest5.com/show-microsite/104819176/' successfully

2019-11-06 03:43:10 - [TEST_STEP][PASSED] - userLogin = findWebElements(findTestObject("Object Repository/virualShowRSVPOR/Page_Show microsite/i_user_login"), 5): null

2019-11-06 03:43:10 - [TEST_STEP][PASSED] - if (userLogin.size() == 0): null

2019-11-06 03:43:10 - [TEST_STEP][PASSED] - active = true: null

2019-11-06 03:43:10 - [TEST_STEP][PASSED] - micStatus = 2: null

2019-11-06 03:43:10 - [TEST_STEP][PASSED] - webcamStatus = 2: null

2019-11-06 03:43:10 - [TEST_STEP][PASSED] - presentList.add(guest1Obj): null

2019-11-06 03:43:10 - [TEST_STEP][PASSED] - yesList.add(guest1Obj): null

2019-11-06 03:43:10 - [TEST_STEP][PASSED] - noList.remove(guest1Obj): null

2019-11-06 03:43:10 - [TEST_STEP][PASSED] - switchToWindowIndex(currentTab + 1): Switched to window with index: '1'

2019-11-06 03:43:11 - [MESSAGE][PASSED] - Switched to window with index: '1'

2019-11-06 03:43:11 - [TEST_STEP][PASSED] - delay(2): Delayed 2 second(s)

2019-11-06 03:43:13 - [MESSAGE][PASSED] - Delayed 2 second(s)

2019-11-06 03:43:13 - [TEST_STEP][PASSED] - executor.executeScript("arguments[0].click();", findWebElement(findTestObject("Object Repository/virualShowRSVPOR/dashboard/i_start_webcam"), 5)): null

2019-11-06 03:43:13 - [TEST_STEP][PASSED] - delay(5): Delayed 5 second(s)

2019-11-06 03:43:18 - [MESSAGE][PASSED] - Delayed 5 second(s)

2019-11-06 03:43:18 - [TEST_STEP][PASSED] - UtilityMethods.takeWebElementScreenshot(findTestObject("Object Repository/virualShowRSVPOR/dashboard/div_infocus_both_images"), "infocus"): null

2019-11-06 03:43:20 - [TEST_STEP][PASSED] - switchToWindowIndex(currentTab + 2): Switched to window with index: '2'

2019-11-06 03:43:20 - [MESSAGE][PASSED] - Switched to window with index: '2'

2019-11-06 03:43:20 - [TEST_STEP][PASSED] - delay(5): Delayed 5 second(s)

2019-11-06 03:43:25 - [MESSAGE][PASSED] - Delayed 5 second(s)

2019-11-06 03:43:25 - [TEST_STEP][PASSED] - UtilityMethods.takeWebElementScreenshot(findTestObject("Object Repository/virualShowRSVPOR/Page_Show microsite/div_infocus_both_images_microsite"), "infocus"): null

2019-11-06 03:43:27 - [TEST_STEP][PASSED] - delay(2): Delayed 2 second(s)

2019-11-06 03:43:29 - [MESSAGE][PASSED] - Delayed 2 second(s)

2019-11-06 03:43:29 - [TEST_STEP][PASSED] - switchToWindowIndex(currentTab + 1): Switched to window with index: '1'

2019-11-06 03:43:29 - [MESSAGE][PASSED] - Switched to window with index: '1'

2019-11-06 03:43:29 - [TEST_STEP][PASSED] - delay(2): Delayed 2 second(s)

2019-11-06 03:43:31 - [MESSAGE][PASSED] - Delayed 2 second(s)

2019-11-06 03:43:31 - [TEST_STEP][PASSED] - try: null

2019-11-06 03:43:31 - [TEST_STEP][PASSED] - assert VSGuest.validateGuests(findTestObject("Object Repository/virualShowRSVPOR/dashboard/select_present"), presentList): null

2019-11-06 03:43:33 - [TEST_STEP][PASSED] - delay(2): Delayed 2 second(s)

2019-11-06 03:43:35 - [MESSAGE][PASSED] - Delayed 2 second(s)

2019-11-06 03:43:35 - [TEST_STEP][PASSED] - executor.executeScript("arguments[0].click();", findWebElement(findTestObject("Object Repository/virualShowRSVPOR/dashboard/guest_micStatuss"), 5)): null

2019-11-06 03:43:35 - [TEST_STEP][PASSED] - micStatus = 1: null

2019-11-06 03:43:35 - [TEST_STEP][PASSED] - switchToWindowIndex(currentTab + 2): Switched to window with index: '2'

2019-11-06 03:43:35 - [MESSAGE][PASSED] - Switched to window with index: '2'

2019-11-06 03:43:35 - [TEST_STEP][PASSED] - delay(2): Delayed 2 second(s)

2019-11-06 03:43:37 - [MESSAGE][PASSED] - Delayed 2 second(s)

2019-11-06 03:43:37 - [TEST_STEP][PASSED] - guestMicBB = findWebElements(findTestObject("Object Repository/virualShowRSVPOR/Page_Show microsite/guest_mic_brady_bunch"), 5): null

2019-11-06 03:43:37 - [TEST_STEP][PASSED] - assert guestMicBB.size() == 1: null

2019-11-06 03:43:37 - [TEST_STEP][PASSED] - switchToWindowIndex(currentTab + 1): Switched to window with index: '1'

2019-11-06 03:43:37 - [MESSAGE][PASSED] - Switched to window with index: '1'

2019-11-06 03:43:37 - [TEST_STEP][PASSED] - delay(2): Delayed 2 second(s)

2019-11-06 03:43:39 - [MESSAGE][PASSED] - Delayed 2 second(s)

2019-11-06 03:43:39 - [TEST_STEP][PASSED] - executor.executeScript("arguments[0].click();", findWebElement(findTestObject("Object Repository/virualShowRSVPOR/dashboard/guest_webcamStatuss_disable"), 5)): null

2019-11-06 03:43:39 - [TEST_STEP][PASSED] - webcamStatus = 1: null

2019-11-06 03:43:39 - [TEST_STEP][PASSED] - switchToWindowIndex(currentTab + 2): Switched to window with index: '2'

2019-11-06 03:43:40 - [MESSAGE][PASSED] - Switched to window with index: '2'

2019-11-06 03:43:40 - [TEST_STEP][PASSED] - delay(2): Delayed 2 second(s)

2019-11-06 03:43:42 - [MESSAGE][PASSED] - Delayed 2 second(s)

2019-11-06 03:43:42 - [TEST_STEP][PASSED] - guestWebcamBB = findWebElements(findTestObject("Object Repository/virualShowRSVPOR/Page_Show microsite/guest_webcam_brady_bunch"), 5): null

2019-11-06 03:43:42 - [TEST_STEP][PASSED] - assert guestWebcamBB.size() == 1: null

2019-11-06 03:43:42 - [TEST_STEP][PASSED] - switchToWindowIndex(currentTab + 1): Switched to window with index: '1'

2019-11-06 03:43:42 - [MESSAGE][PASSED] - Switched to window with index: '1'

2019-11-06 03:43:42 - [TEST_STEP][PASSED] - delay(4): Delayed 4 second(s)

2019-11-06 03:43:46 - [MESSAGE][PASSED] - Delayed 4 second(s)

2019-11-06 03:43:46 - [TEST_STEP][PASSED] - iMStylist = "Hi I am stylistA": null

2019-11-06 03:43:46 - [TEST_STEP][PASSED] - iMGuest1 = "Hi I am guest 1A": null

2019-11-06 03:43:46 - [TEST_STEP][PASSED] - iMGuest2 = "Hi I am guest 2": null

2019-11-06 03:43:46 - [TEST_STEP][PASSED] - expectedMessage = <not implemented yet for class: org.codehaus.groovy.ast.expr.EmptyExpression>: null

2019-11-06 03:43:46 - [TEST_STEP][PASSED] - actualMessage = <not implemented yet for class: org.codehaus.groovy.ast.expr.EmptyExpression>: null

2019-11-06 03:43:46 - [TEST_STEP][PASSED] - stylstName = getText(findTestObject("Object Repository/virualShowRSVPOR/chatboard/my_sender_name")): Text of object 'Object Repository/virualShowRSVPOR/chatboard/my_sender_name' is: 'Test'

2019-11-06 03:43:46 - [MESSAGE][PASSED] - Text of object 'Object Repository/virualShowRSVPOR/chatboard/my_sender_name' is: 'Test'

2019-11-06 03:43:46 - [TEST_STEP][PASSED] - g1 = UtilityMethods.splitPersonName(guest1)[0]: null

2019-11-06 03:43:46 - [TEST_STEP][PASSED] - setText(findTestObject("Object Repository/virualShowRSVPOR/chatboard/input_text"), iMStylist): Text 'Hi I am stylistA' is set on object 'Object Repository/virualShowRSVPOR/chatboard/input_text'

2019-11-06 03:43:47 - [MESSAGE][PASSED] - Text 'Hi I am stylistA' is set on object 'Object Repository/virualShowRSVPOR/chatboard/input_text'

2019-11-06 03:43:47 - [TEST_STEP][PASSED] - sendKeys(findTestObject("Object Repository/virualShowRSVPOR/chatboard/input_text"), Keys.chord(ENTER)): Keys 'ENTER + ' sent to object: 'Object Repository/virualShowRSVPOR/chatboard/input_text'

2019-11-06 03:43:47 - [MESSAGE][PASSED] - Keys 'ENTER + ' sent to object: 'Object Repository/virualShowRSVPOR/chatboard/input_text'

2019-11-06 03:43:47 - [TEST_STEP][PASSED] - expectedMessage = new commonUtility.ChatMessage(stylstName, iMStylist): null

2019-11-06 03:43:47 - [TEST_STEP][PASSED] - switchToWindowIndex(currentTab + 2): Switched to window with index: '2'

2019-11-06 03:43:47 - [MESSAGE][PASSED] - Switched to window with index: '2'

2019-11-06 03:43:47 - [TEST_STEP][PASSED] - delay(3): Delayed 3 second(s)

2019-11-06 03:43:50 - [MESSAGE][PASSED] - Delayed 3 second(s)

2019-11-06 03:43:50 - [TEST_STEP][PASSED] - actualMessage = new commonUtility.ChatMessage(com.kms.katalon.core.webui.keyword.WebUiBuiltInKeywords.getText(com.kms.katalon.core.testobject.ObjectRepository.findTestObject(Object Repository/virualShowRSVPOR/chatboard/last_sender)), com.kms.katalon.core.webui.keyword.WebUiBuiltInKeywords.getText(com.kms.katalon.core.testobject.ObjectRepository.findTestObject(Object Repository/virualShowRSVPOR/chatboard/last_message))): Text of object 'Object Repository/virualShowRSVPOR/chatboard/last_message' is: 'Hi I am stylistA'

2019-11-06 03:43:50 - [MESSAGE][PASSED] - Text of object 'Object Repository/virualShowRSVPOR/chatboard/last_sender' is: 'Test'

2019-11-06 03:43:50 - [MESSAGE][PASSED] - Text of object 'Object Repository/virualShowRSVPOR/chatboard/last_message' is: 'Hi I am stylistA'

2019-11-06 03:43:50 - [TEST_STEP][PASSED] - assert actualMessage.equals(expectedMessage): null

2019-11-06 03:43:50 - [TEST_STEP][PASSED] - delay(2): Delayed 2 second(s)

2019-11-06 03:43:52 - [MESSAGE][PASSED] - Delayed 2 second(s)

2019-11-06 03:43:52 - [TEST_STEP][PASSED] - setText(findTestObject("Object Repository/virualShowRSVPOR/chatboard/input_text"), iMGuest1): Text 'Hi I am guest 1A' is set on object 'Object Repository/virualShowRSVPOR/chatboard/input_text'

2019-11-06 03:43:53 - [MESSAGE][PASSED] - Text 'Hi I am guest 1A' is set on object 'Object Repository/virualShowRSVPOR/chatboard/input_text'

2019-11-06 03:43:53 - [TEST_STEP][PASSED] - sendKeys(findTestObject("Object Repository/virualShowRSVPOR/chatboard/input_text"), Keys.chord(ENTER)): Keys 'ENTER + ' sent to object: 'Object Repository/virualShowRSVPOR/chatboard/input_text'

2019-11-06 03:43:53 - [MESSAGE][PASSED] - Keys 'ENTER + ' sent to object: 'Object Repository/virualShowRSVPOR/chatboard/input_text'

2019-11-06 03:43:53 - [TEST_STEP][PASSED] - expectedMessage = new commonUtility.ChatMessage(g1, iMGuest1): null

2019-11-06 03:43:53 - [TEST_STEP][PASSED] - switchToWindowIndex(currentTab + 1): Switched to window with index: '1'

2019-11-06 03:43:54 - [MESSAGE][PASSED] - Switched to window with index: '1'

2019-11-06 03:43:54 - [TEST_STEP][PASSED] - delay(3): Delayed 3 second(s)

2019-11-06 03:43:57 - [MESSAGE][PASSED] - Delayed 3 second(s)

2019-11-06 03:43:57 - [TEST_STEP][PASSED] - actualMessage = new commonUtility.ChatMessage(com.kms.katalon.core.webui.keyword.WebUiBuiltInKeywords.getText(com.kms.katalon.core.testobject.ObjectRepository.findTestObject(Object Repository/virualShowRSVPOR/chatboard/last_sender_stylist)), com.kms.katalon.core.webui.keyword.WebUiBuiltInKeywords.getText(com.kms.katalon.core.testobject.ObjectRepository.findTestObject(Object Repository/virualShowRSVPOR/chatboard/last_message_stylist))): Text of object 'Object Repository/virualShowRSVPOR/chatboard/last_message_stylist' is: 'Hi I am guest 1A'

2019-11-06 03:43:57 - [MESSAGE][PASSED] - Text of object 'Object Repository/virualShowRSVPOR/chatboard/last_sender_stylist' is: 'guest1-test'

2019-11-06 03:43:57 - [MESSAGE][PASSED] - Text of object 'Object Repository/virualShowRSVPOR/chatboard/last_message_stylist' is: 'Hi I am guest 1A'

2019-11-06 03:43:57 - [TEST_STEP][PASSED] - assert actualMessage.equals(expectedMessage): null

2019-11-06 03:43:57 - [TEST_STEP][PASSED] - executeJavaScript("arguments[0].click()", Arrays.asList(findWebElement(findTestObject("virualShowRSVPOR/dashboard/playVideosButton"), 30))): Execute JavaScript 'arguments[0].click()' successfully

2019-11-06 03:43:57 - [MESSAGE][PASSED] - Execute JavaScript 'arguments[0].click()' successfully

2019-11-06 03:43:57 - [TEST_STEP][PASSED] - delay(3): Delayed 3 second(s)

2019-11-06 03:44:00 - [MESSAGE][PASSED] - Delayed 3 second(s)

2019-11-06 03:44:00 - [TEST_STEP][PASSED] - executeJavaScript("arguments[0].click()", Arrays.asList(findWebElement(findTestObject("virualShowRSVPOR/dashboard/playButton"), 30))): Execute JavaScript 'arguments[0].click()' successfully

2019-11-06 03:44:00 - [MESSAGE][PASSED] - Execute JavaScript 'arguments[0].click()' successfully

2019-11-06 03:44:00 - [TEST_STEP][PASSED] - delay(5): Delayed 5 second(s)

2019-11-06 03:44:05 - [MESSAGE][PASSED] - Delayed 5 second(s)

2019-11-06 03:44:05 - [TEST_STEP][PASSED] - UtilityMethods.takeWebElementScreenshot(findTestObject("Object Repository/virualShowRSVPOR/dashboard/div_infocus_both_images"), "video1"): null

2019-11-06 03:44:06 - [TEST_STEP][PASSED] - switchToWindowIndex(currentTab + 2): Switched to window with index: '2'

2019-11-06 03:44:06 - [MESSAGE][PASSED] - Switched to window with index: '2'

2019-11-06 03:44:06 - [TEST_STEP][PASSED] - delay(5): Delayed 5 second(s)

2019-11-06 03:44:11 - [MESSAGE][PASSED] - Delayed 5 second(s)

2019-11-06 03:44:11 - [TEST_STEP][PASSED] - UtilityMethods.takeWebElementScreenshot(findTestObject("Object Repository/virualShowRSVPOR/Page_Show microsite/div_infocus_both_images_microsite"), "video2"): null

2019-11-06 03:44:12 - [TEST_STEP][NOT_RUN] - delay(5): NOT_RUN: delay(5)

2019-11-06 03:44:12 - [MESSAGE][NOT_RUN] - NOT_RUN: delay(5)

2019-11-06 03:44:12 - [TEST_STEP][PASSED] - waitForElementClickable(findTestObject("virualShowRSVPOR/carouselTestObjects/carouselSaveOutfit"), 5): Object 'Object Repository/virualShowRSVPOR/carouselTestObjects/carouselSaveOutfit' is clickable

2019-11-06 03:44:14 - [MESSAGE][PASSED] - Object 'Object Repository/virualShowRSVPOR/carouselTestObjects/carouselSaveOutfit' is clickable

2019-11-06 03:44:14 - [TEST_STEP][PASSED] - executeJavaScript("arguments[0].click()", Arrays.asList(findWebElement(findTestObject("virualShowRSVPOR/carouselTestObjects/carouselSaveOutfit"), 30))): Execute JavaScript 'arguments[0].click()' successfully

2019-11-06 03:44:14 - [MESSAGE][PASSED] - Execute JavaScript 'arguments[0].click()' successfully

2019-11-06 03:44:14 - [TEST_STEP][PASSED] - favorites = favorites + 3: null

2019-11-06 03:44:14 - [TEST_STEP][PASSED] - switchToWindowIndex(currentTab + 1): Switched to window with index: '1'

2019-11-06 03:44:14 - [MESSAGE][PASSED] - Switched to window with index: '1'

2019-11-06 03:44:14 - [TEST_STEP][PASSED] - delay(15): Delayed 15 second(s)

2019-11-06 03:44:29 - [MESSAGE][PASSED] - Delayed 15 second(s)

2019-11-06 03:44:29 - [TEST_STEP][PASSED] - try: null

2019-11-06 03:44:29 - [TEST_STEP][PASSED] - assert VSGuest.validateGuests(findTestObject("Object Repository/virualShowRSVPOR/dashboard/select_present"), presentList): null

2019-11-06 03:44:30 - [TEST_STEP][PASSED] - delay(2): Delayed 2 second(s)

2019-11-06 03:44:32 - [MESSAGE][PASSED] - Delayed 2 second(s)

2019-11-06 03:44:32 - [TEST_STEP][PASSED] - executeJavaScript("arguments[0].click()", Arrays.asList(findWebElement(findTestObject("Object Repository/virualShowRSVPOR/dashboard/button_shopping"), 30))): Execute JavaScript 'arguments[0].click()' successfully

2019-11-06 03:44:32 - [MESSAGE][PASSED] - Execute JavaScript 'arguments[0].click()' successfully

2019-11-06 03:44:32 - [TEST_STEP][PASSED] - webcamStatus = 2: null

2019-11-06 03:44:32 - [TEST_STEP][PASSED] - micStatus = 2: null

2019-11-06 03:44:32 - [TEST_STEP][PASSED] - switchToWindowIndex(currentTab + 2): Switched to window with index: '2'

2019-11-06 03:44:32 - [MESSAGE][PASSED] - Switched to window with index: '2'

2019-11-06 03:44:32 - [TEST_STEP][PASSED] - delay(3): Delayed 3 second(s)

2019-11-06 03:44:35 - [MESSAGE][PASSED] - Delayed 3 second(s)

2019-11-06 03:44:35 - [TEST_STEP][PASSED] - executeJavaScript("arguments[0].click()", Arrays.asList(findWebElement(findTestObject("Object Repository/virualShowRSVPOR/Page_Show microsite/button_view_my_fav"), 30))): Execute JavaScript 'arguments[0].click()' successfully

2019-11-06 03:44:36 - [MESSAGE][PASSED] - Execute JavaScript 'arguments[0].click()' successfully

2019-11-06 03:44:36 - [TEST_STEP][PASSED] - delay(3): Delayed 3 second(s)

2019-11-06 03:44:39 - [MESSAGE][PASSED] - Delayed 3 second(s)

2019-11-06 03:44:39 - [TEST_STEP][PASSED] - executeJavaScript("arguments[0].click()", Arrays.asList(findWebElement(findTestObject("virualShowRSVPOR/Page_Show microsite/div_chat_opened"), 30))): Execute JavaScript 'arguments[0].click()' successfully

2019-11-06 03:44:39 - [MESSAGE][PASSED] - Execute JavaScript 'arguments[0].click()' successfully

2019-11-06 03:44:39 - [TEST_STEP][PASSED] - delay(3): Delayed 3 second(s)

2019-11-06 03:44:42 - [MESSAGE][PASSED] - Delayed 3 second(s)

2019-11-06 03:44:42 - [TEST_STEP][PASSED] - executeJavaScript("arguments[0].click()", Arrays.asList(findWebElement(findTestObject("Object Repository/virualShowRSVPOR/Page_Show microsite/div_chat_closed"), 30))): Execute JavaScript 'arguments[0].click()' successfully

2019-11-06 03:44:42 - [MESSAGE][PASSED] - Execute JavaScript 'arguments[0].click()' successfully

2019-11-06 03:44:42 - [TEST_STEP][PASSED] - delay(3): Delayed 3 second(s)

2019-11-06 03:44:45 - [MESSAGE][PASSED] - Delayed 3 second(s)

2019-11-06 03:44:45 - [TEST_STEP][PASSED] - delay(3): Delayed 3 second(s)

2019-11-06 03:44:48 - [MESSAGE][PASSED] - Delayed 3 second(s)

2019-11-06 03:44:48 - [TEST_STEP][PASSED] - executeJavaScript("arguments[0].click()", Arrays.asList(findWebElement(findTestObject("Object Repository/virualShowRSVPOR/Page_Show microsite/button_add_to_bag_from_fav"), 30))): Execute JavaScript 'arguments[0].click()' successfully

2019-11-06 03:44:49 - [MESSAGE][PASSED] - Execute JavaScript 'arguments[0].click()' successfully

2019-11-06 03:44:49 - [TEST_STEP][PASSED] - delay(3): Delayed 3 second(s)

2019-11-06 03:44:52 - [MESSAGE][PASSED] - Delayed 3 second(s)

2019-11-06 03:44:52 - [TEST_STEP][PASSED] - noOfOptions = findWebElements(findTestObject("Object Repository/virualShowRSVPOR/Page_Show microsite/div_no_of_options_for_add_to_bag_item"), 5): null

2019-11-06 03:44:52 - [TEST_STEP][PASSED] - for ([i = 1, i <= noOfOptions.size(), (i++)]): Delayed 3 second(s)

2019-11-06 03:44:52 - [TEST_STEP][PASSED] - delay(3): Delayed 3 second(s)

2019-11-06 03:44:55 - [MESSAGE][PASSED] - Delayed 3 second(s)

2019-11-06 03:44:55 - [TEST_STEP][PASSED] - dropDown = UtilityMethods.createTestObject("div_drop_down", "(//div[@class='dropdown-toggle']/div[@class='dropdown-button']/div[@class='drop-caret'])[", Integer.toString(i), "]"): null

2019-11-06 03:44:55 - [TEST_STEP][PASSED] - click(dropDown): Object: 'div_drop_down' is clicked on

2019-11-06 03:44:55 - [MESSAGE][PASSED] - Object: 'div_drop_down' is clicked on

2019-11-06 03:44:55 - [TEST_STEP][PASSED] - delay(3): Delayed 3 second(s)

2019-11-06 03:44:58 - [MESSAGE][PASSED] - Delayed 3 second(s)

2019-11-06 03:44:58 - [TEST_STEP][PASSED] - selectSecondOption = UtilityMethods.createTestObject("div_select_second_option", "(//div/div[@class='item-options bootstrap']/app-dropdown)[", Integer.toString(i), "]/div/div/div/div/div/div/div[@class='dropdown-item' and position()='2']"): null

2019-11-06 03:44:58 - [TEST_STEP][PASSED] - click(selectSecondOption): Object: 'div_select_second_option' is clicked on

2019-11-06 03:44:58 - [MESSAGE][PASSED] - Object: 'div_select_second_option' is clicked on

2019-11-06 03:44:58 - [TEST_STEP][PASSED] - delay(3): Delayed 3 second(s)

2019-11-06 03:45:01 - [MESSAGE][PASSED] - Delayed 3 second(s)

2019-11-06 03:45:01 - [TEST_STEP][PASSED] - delay(3): Delayed 3 second(s)

2019-11-06 03:45:04 - [MESSAGE][PASSED] - Delayed 3 second(s)

2019-11-06 03:45:04 - [TEST_STEP][PASSED] - dropDown = UtilityMethods.createTestObject("div_drop_down", "(//div[@class='dropdown-toggle']/div[@class='dropdown-button']/div[@class='drop-caret'])[", Integer.toString(i), "]"): null

2019-11-06 03:45:04 - [TEST_STEP][PASSED] - click(dropDown): Object: 'div_drop_down' is clicked on

2019-11-06 03:45:05 - [MESSAGE][PASSED] - Object: 'div_drop_down' is clicked on

2019-11-06 03:45:05 - [TEST_STEP][PASSED] - delay(3): Delayed 3 second(s)

2019-11-06 03:45:08 - [MESSAGE][PASSED] - Delayed 3 second(s)

2019-11-06 03:45:08 - [TEST_STEP][PASSED] - selectSecondOption = UtilityMethods.createTestObject("div_select_second_option", "(//div/div[@class='item-options bootstrap']/app-dropdown)[", Integer.toString(i), "]/div/div/div/div/div/div/div[@class='dropdown-item' and position()='2']"): null

2019-11-06 03:45:08 - [TEST_STEP][PASSED] - click(selectSecondOption): Object: 'div_select_second_option' is clicked on

2019-11-06 03:45:08 - [MESSAGE][PASSED] - Object: 'div_select_second_option' is clicked on

2019-11-06 03:45:08 - [TEST_STEP][PASSED] - delay(3): Delayed 3 second(s)

2019-11-06 03:45:11 - [MESSAGE][PASSED] - Delayed 3 second(s)

2019-11-06 03:45:11 - [TEST_STEP][PASSED] - executeJavaScript("arguments[0].click()", Arrays.asList(findWebElement(findTestObject("Object Repository/virualShowRSVPOR/Page_Show microsite/button_add_to_bag_from_fav_option_selected"), 30))): Execute JavaScript 'arguments[0].click()' successfully

2019-11-06 03:45:11 - [MESSAGE][PASSED] - Execute JavaScript 'arguments[0].click()' successfully

2019-11-06 03:45:11 - [TEST_STEP][PASSED] - favorites = favorites - 1: null

2019-11-06 03:45:11 - [TEST_STEP][PASSED] - delay(5): Delayed 5 second(s)

2019-11-06 03:45:16 - [MESSAGE][PASSED] - Delayed 5 second(s)

2019-11-06 03:45:16 - [TEST_STEP][PASSED] - switchToDefaultContent(): null

2019-11-06 03:45:16 - [TEST_STEP][PASSED] - switchToWindowIndex(currentTab + 1): Switched to window with index: '1'

2019-11-06 03:45:16 - [MESSAGE][PASSED] - Switched to window with index: '1'

2019-11-06 03:45:16 - [TEST_STEP][PASSED] - delay(15): Delayed 15 second(s)

2019-11-06 03:45:31 - [MESSAGE][PASSED] - Delayed 15 second(s)

2019-11-06 03:45:31 - [TEST_STEP][PASSED] - try: null

2019-11-06 03:45:31 - [TEST_STEP][PASSED] - assert VSGuest.validateGuests(findTestObject("Object Repository/virualShowRSVPOR/dashboard/select_present"), presentList): null

2019-11-06 03:45:31 - [TEST_STEP][PASSED] - delay(2): Delayed 2 second(s)

2019-11-06 03:45:33 - [MESSAGE][PASSED] - Delayed 2 second(s)

2019-11-06 03:45:33 - [TEST_STEP][PASSED] - switchToWindowIndex(currentTab + 2): Switched to window with index: '2'

2019-11-06 03:45:33 - [MESSAGE][PASSED] - Switched to window with index: '2'

2019-11-06 03:45:33 - [TEST_STEP][PASSED] - executeJavaScript("arguments[0].click()", Arrays.asList(findWebElement(findTestObject("virualShowRSVPOR/Page_Show microsite/button_looks"), 30))): Execute JavaScript 'arguments[0].click()' successfully

2019-11-06 03:45:34 - [MESSAGE][PASSED] - Execute JavaScript 'arguments[0].click()' successfully

2019-11-06 03:45:34 - [TEST_STEP][PASSED] - delay(5): Delayed 5 second(s)

2019-11-06 03:45:39 - [MESSAGE][PASSED] - Delayed 5 second(s)

2019-11-06 03:45:39 - [TEST_STEP][PASSED] - executeJavaScript("arguments[0].click()", Arrays.asList(findWebElement(findTestObject("Object Repository/virualShowRSVPOR/Page_Show microsite/div_first_look"), 30))): Execute JavaScript 'arguments[0].click()' successfully

2019-11-06 03:45:39 - [MESSAGE][PASSED] - Execute JavaScript 'arguments[0].click()' successfully

2019-11-06 03:45:39 - [TEST_STEP][PASSED] - delay(5): Delayed 5 second(s)

2019-11-06 03:45:44 - [MESSAGE][PASSED] - Delayed 5 second(s)

2019-11-06 03:45:44 - [TEST_STEP][PASSED] - executeJavaScript("arguments[0].click()", Arrays.asList(findWebElement(findTestObject("Object Repository/virualShowRSVPOR/Page_Show microsite/div_first_look_img"), 30))): Execute JavaScript 'arguments[0].click()' successfully

2019-11-06 03:45:44 - [MESSAGE][PASSED] - Execute JavaScript 'arguments[0].click()' successfully

2019-11-06 03:45:44 - [TEST_STEP][PASSED] - delay(5): Delayed 5 second(s)

2019-11-06 03:45:49 - [MESSAGE][PASSED] - Delayed 5 second(s)

2019-11-06 03:45:49 - [TEST_STEP][PASSED] - executeJavaScript("arguments[0].click()", Arrays.asList(findWebElement(findTestObject("Object Repository/virualShowRSVPOR/Page_Show microsite/div_first_look_item"), 30))): Execute JavaScript 'arguments[0].click()' successfully

2019-11-06 03:45:49 - [MESSAGE][PASSED] - Execute JavaScript 'arguments[0].click()' successfully

2019-11-06 03:45:49 - [TEST_STEP][PASSED] - delay(5): Delayed 5 second(s)

2019-11-06 03:45:54 - [MESSAGE][PASSED] - Delayed 5 second(s)

2019-11-06 03:45:54 - [TEST_STEP][PASSED] - executeJavaScript("arguments[0].click()", Arrays.asList(findWebElement(findTestObject("Object Repository/virualShowRSVPOR/Page_Show microsite/button_look_save_to_fav"), 30))): Execute JavaScript 'arguments[0].click()' successfully

2019-11-06 03:45:55 - [MESSAGE][PASSED] - Execute JavaScript 'arguments[0].click()' successfully

2019-11-06 03:45:55 - [TEST_STEP][PASSED] - favorites = favorites + 1: null

2019-11-06 03:45:55 - [TEST_STEP][PASSED] - switchToWindowIndex(currentTab + 1): Switched to window with index: '1'

2019-11-06 03:45:55 - [MESSAGE][PASSED] - Switched to window with index: '1'

2019-11-06 03:45:55 - [TEST_STEP][PASSED] - delay(15): Delayed 15 second(s)

2019-11-06 03:46:10 - [MESSAGE][PASSED] - Delayed 15 second(s)

2019-11-06 03:46:10 - [TEST_STEP][PASSED] - try: null

2019-11-06 03:46:10 - [TEST_STEP][PASSED] - assert VSGuest.validateGuests(findTestObject("Object Repository/virualShowRSVPOR/dashboard/select_present"), presentList): null

2019-11-06 03:46:10 - [TEST_STEP][PASSED] - delay(2): Delayed 2 second(s)

2019-11-06 03:46:12 - [MESSAGE][PASSED] - Delayed 2 second(s)

2019-11-06 03:46:12 - [TEST_STEP][PASSED] - switchToWindowIndex(currentTab + 2): Switched to window with index: '2'

2019-11-06 03:46:12 - [MESSAGE][PASSED] - Switched to window with index: '2'

2019-11-06 03:46:12 - [TEST_STEP][PASSED] - delay(2): Delayed 2 second(s)

2019-11-06 03:46:14 - [MESSAGE][PASSED] - Delayed 2 second(s)

2019-11-06 03:46:14 - [TEST_STEP][PASSED] - executeJavaScript("arguments[0].click()", Arrays.asList(findWebElement(findTestObject("Object Repository/virualShowRSVPOR/Page_Show microsite/div_collection"), 30))): Execute JavaScript 'arguments[0].click()' successfully

2019-11-06 03:46:14 - [MESSAGE][PASSED] - Execute JavaScript 'arguments[0].click()' successfully

2019-11-06 03:46:14 - [TEST_STEP][PASSED] - delay(3): Delayed 3 second(s)

2019-11-06 03:46:17 - [MESSAGE][PASSED] - Delayed 3 second(s)

2019-11-06 03:46:17 - [TEST_STEP][PASSED] - switchToFrame(findTestObject("Object Repository/virualShowRSVPOR/Page_Show microsite/frame_collection_rs"), 60): null

2019-11-06 03:46:18 - [TEST_STEP][PASSED] - wait2 = new org.openqa.selenium.support.ui.WebDriverWait(driver, 10): null

2019-11-06 03:46:18 - [TEST_STEP][PASSED] - executeJavaScript("arguments[0].click()", Arrays.asList(findWebElement(findTestObject("Object Repository/virualShowRSVPOR/Page_Show microsite/button_collection_save_to_fav"), 30))): Execute JavaScript 'arguments[0].click()' successfully

2019-11-06 03:46:26 - [MESSAGE][PASSED] - Execute JavaScript 'arguments[0].click()' successfully

2019-11-06 03:46:26 - [TEST_STEP][PASSED] - delay(3): Delayed 3 second(s)

2019-11-06 03:46:29 - [MESSAGE][PASSED] - Delayed 3 second(s)

2019-11-06 03:46:29 - [TEST_STEP][PASSED] - favorites = favorites + 1: null

2019-11-06 03:46:29 - [TEST_STEP][PASSED] - switchToWindowIndex(currentTab + 1): Switched to window with index: '1'

2019-11-06 03:46:29 - [MESSAGE][PASSED] - Switched to window with index: '1'

2019-11-06 03:46:29 - [TEST_STEP][PASSED] - delay(15): Delayed 15 second(s)

2019-11-06 03:46:44 - [MESSAGE][PASSED] - Delayed 15 second(s)

2019-11-06 03:46:44 - [TEST_STEP][PASSED] - try: null

2019-11-06 03:46:44 - [TEST_STEP][PASSED] - assert VSGuest.validateGuests(findTestObject("Object Repository/virualShowRSVPOR/dashboard/select_present"), presentList): null

2019-11-06 03:46:45 - [TEST_STEP][PASSED] - delay(2): Delayed 2 second(s)

2019-11-06 03:46:47 - [MESSAGE][PASSED] - Delayed 2 second(s)

2019-11-06 03:46:47 - [TEST_STEP][PASSED] - switchToWindowIndex(currentTab + 2): Switched to window with index: '2'

2019-11-06 03:46:47 - [MESSAGE][PASSED] - Switched to window with index: '2'

2019-11-06 03:46:47 - [TEST_STEP][PASSED] - delay(3): Delayed 3 second(s)

2019-11-06 03:46:50 - [MESSAGE][PASSED] - Delayed 3 second(s)

2019-11-06 03:46:50 - [TEST_STEP][PASSED] - switchToFrame(findTestObject("Object Repository/virualShowRSVPOR/Page_Show microsite/frame_collection_rs"), 60): null

2019-11-06 03:46:50 - [TEST_STEP][PASSED] - delay(3): Delayed 3 second(s)

2019-11-06 03:46:53 - [MESSAGE][PASSED] - Delayed 3 second(s)

2019-11-06 03:46:53 - [TEST_STEP][PASSED] - executeJavaScript("arguments[0].click()", Arrays.asList(findWebElement(findTestObject("Object Repository/ReplicatedSite/div_first_item_to_buy_from_vs"), 30))): Execute JavaScript 'arguments[0].click()' successfully

2019-11-06 03:46:53 - [MESSAGE][PASSED] - Execute JavaScript 'arguments[0].click()' successfully

2019-11-06 03:46:53 - [TEST_STEP][PASSED] - delay(3): Delayed 3 second(s)

2019-11-06 03:46:56 - [MESSAGE][PASSED] - Delayed 3 second(s)

2019-11-06 03:46:56 - [TEST_STEP][PASSED] - noOfOptions = findWebElements(findTestObject("Object Repository/virualShowRSVPOR/Page_Show microsite/div_no_of_options_for_checkout"), 5): Unable to find the element located by 'By.xpath: //div[@class='add-to-cart-form']/div[@class='attribute ng-scope']/div[@class='input-select ng-scope']'. Please recheck the objects properties to make sure the desired element is located. 

2019-11-06 03:47:02 - [MESSAGE][INFO] - Unable to find the element located by 'By.xpath: //div[@class='add-to-cart-form']/div[@class='attribute ng-scope']/div[@class='input-select ng-scope']'. Please recheck the objects properties to make sure the desired element is located. 

2019-11-06 03:47:02 - [TEST_STEP][PASSED] - for ([i = 1, i <= noOfOptions.size(), (i++)]): null

2019-11-06 03:47:02 - [TEST_STEP][PASSED] - delay(3): Delayed 3 second(s)

2019-11-06 03:47:05 - [MESSAGE][PASSED] - Delayed 3 second(s)

2019-11-06 03:47:05 - [TEST_STEP][PASSED] - executor.executeScript("arguments[0].click();", findWebElement(findTestObject("Object Repository/ReplicatedSite/button_add_item_to_bag"), 5)): null

2019-11-06 03:47:05 - [TEST_STEP][PASSED] - delay(3): Delayed 3 second(s)

2019-11-06 03:47:08 - [MESSAGE][PASSED] - Delayed 3 second(s)

2019-11-06 03:47:08 - [TEST_STEP][PASSED] - switchToDefaultContent(): null

2019-11-06 03:47:08 - [TEST_STEP][PASSED] - executeJavaScript("arguments[0].click()", Arrays.asList(findWebElement(findTestObject("Object Repository/ReplicatedSite/div_checkout"), 30))): Execute JavaScript 'arguments[0].click()' successfully

2019-11-06 03:47:08 - [MESSAGE][PASSED] - Execute JavaScript 'arguments[0].click()' successfully

2019-11-06 03:47:08 - [TEST_STEP][PASSED] - delay(3): Delayed 3 second(s)

2019-11-06 03:47:11 - [MESSAGE][PASSED] - Delayed 3 second(s)

2019-11-06 03:47:11 - [TEST_STEP][PASSED] - switchToFrame(findTestObject("Object Repository/virualShowRSVPOR/Page_Show microsite/frame_collection_rs"), 60): null

2019-11-06 03:47:15 - [TEST_STEP][PASSED] - okGotIt = findWebElements(findTestObject("Object Repository/virualShowRSVPOR/Page_Show microsite/button_got_it"), 5): null

2019-11-06 03:47:17 - [TEST_STEP][PASSED] - if (okGotIt.size() > 0): Execute JavaScript 'arguments[0].click()' successfully

2019-11-06 03:47:17 - [TEST_STEP][PASSED] - executeJavaScript("arguments[0].click()", Arrays.asList(findWebElement(findTestObject("Object Repository/virualShowRSVPOR/Page_Show microsite/button_got_it"), 30))): Execute JavaScript 'arguments[0].click()' successfully

2019-11-06 03:47:17 - [MESSAGE][PASSED] - Execute JavaScript 'arguments[0].click()' successfully

2019-11-06 03:47:17 - [TEST_STEP][PASSED] - delay(3): Delayed 3 second(s)

2019-11-06 03:47:20 - [MESSAGE][PASSED] - Delayed 3 second(s)

2019-11-06 03:47:20 - [TEST_STEP][PASSED] - executeJavaScript("arguments[0].click()", Arrays.asList(findWebElement(findTestObject("Object Repository/ReplicatedSite/a_edit_first_individual_product"), 30))): Execute JavaScript 'arguments[0].click()' successfully

2019-11-06 03:47:21 - [MESSAGE][PASSED] - Execute JavaScript 'arguments[0].click()' successfully

2019-11-06 03:47:21 - [TEST_STEP][PASSED] - delay(5): Delayed 5 second(s)

2019-11-06 03:47:26 - [MESSAGE][PASSED] - Delayed 5 second(s)

2019-11-06 03:47:26 - [TEST_STEP][PASSED] - executeJavaScript("arguments[0].click()", Arrays.asList(findWebElement(findTestObject("Object Repository/ReplicatedSite/select_new_size"), 30))): Execute JavaScript 'arguments[0].click()' successfully

2019-11-06 03:47:26 - [MESSAGE][PASSED] - Execute JavaScript 'arguments[0].click()' successfully

2019-11-06 03:47:26 - [TEST_STEP][PASSED] - delay(5): Delayed 5 second(s)

2019-11-06 03:47:31 - [MESSAGE][PASSED] - Delayed 5 second(s)

2019-11-06 03:47:31 - [TEST_STEP][PASSED] - setText(findTestObject("Object Repository/ReplicatedSite/input_new_qty"), "3"): Text '3' is set on object 'Object Repository/ReplicatedSite/input_new_qty'

2019-11-06 03:47:31 - [MESSAGE][PASSED] - Text '3' is set on object 'Object Repository/ReplicatedSite/input_new_qty'

2019-11-06 03:47:31 - [TEST_STEP][PASSED] - delay(3): Delayed 3 second(s)

2019-11-06 03:47:34 - [MESSAGE][PASSED] - Delayed 3 second(s)

2019-11-06 03:47:34 - [TEST_STEP][PASSED] - executeJavaScript("arguments[0].click()", Arrays.asList(findWebElement(findTestObject("Object Repository/ReplicatedSite/button_update_individual_item"), 30))): Execute JavaScript 'arguments[0].click()' successfully

2019-11-06 03:47:34 - [MESSAGE][PASSED] - Execute JavaScript 'arguments[0].click()' successfully

2019-11-06 03:47:34 - [TEST_STEP][PASSED] - delay(3): Delayed 3 second(s)

2019-11-06 03:47:37 - [MESSAGE][PASSED] - Delayed 3 second(s)

2019-11-06 03:47:37 - [TEST_STEP][PASSED] - executor.executeScript("arguments[0].click();", findWebElement(findTestObject("Object Repository/ReplicatedSite/a_checkout_and_add_to_show"), 5)): null

2019-11-06 03:47:38 - [TEST_STEP][PASSED] - chkOut = findWebElements(findTestObject("Object Repository/ReplicatedSite/a_checkout_and_add_to_show"), 15): null

2019-11-06 03:47:38 - [TEST_STEP][PASSED] - if (chkOut.size() > 0): null

2019-11-06 03:47:38 - [TEST_STEP][PASSED] - executor.executeScript("arguments[0].click();", findWebElement(findTestObject("Object Repository/ReplicatedSite/a_checkout_and_add_to_show"), 5)): null

2019-11-06 03:47:38 - [TEST_STEP][PASSED] - delay(10): Delayed 10 second(s)

2019-11-06 03:47:48 - [MESSAGE][PASSED] - Delayed 10 second(s)

2019-11-06 03:47:48 - [TEST_STEP][ERROR] - executeJavaScript("arguments[0].click()", Arrays.asList(findWebElement(findTestObject("Object Repository/ReplicatedSite/input_other_address"), 30))): executeJavaScript("arguments[0].click()", Arrays.asList(findWebElement(findTestObject("Object Repository/ReplicatedSite/input_other_address"), 30))) FAILED.
Reason:
com.kms.katalon.core.webui.exception.WebElementNotFoundException: Web element with id: 'Object Repository/ReplicatedSite/input_other_address' located by 'By.xpath: //input[@value='oth']' not found
	at com.kms.katalon.core.webui.common.WebUiCommonHelper.findWebElement(WebUiCommonHelper.java:1097)
	at com.kms.katalon.core.webui.common.WebUiCommonHelper$findWebElement$0.call(Unknown Source)
	at VS_Automation.run(VS_Automation:806)
	at com.kms.katalon.core.main.ScriptEngine.run(ScriptEngine.java:194)
	at com.kms.katalon.core.main.ScriptEngine.runScriptAsRawText(ScriptEngine.java:119)
	at com.kms.katalon.core.main.TestCaseExecutor.runScript(TestCaseExecutor.java:342)
	at com.kms.katalon.core.main.TestCaseExecutor.doExecute(TestCaseExecutor.java:333)
	at com.kms.katalon.core.main.TestCaseExecutor.processExecutionPhase(TestCaseExecutor.java:312)
	at com.kms.katalon.core.main.TestCaseExecutor.accessMainPhase(TestCaseExecutor.java:304)
	at com.kms.katalon.core.main.TestCaseExecutor.execute(TestCaseExecutor.java:238)
	at com.kms.katalon.core.main.TestSuiteExecutor.accessTestCaseMainPhase(TestSuiteExecutor.java:129)
	at com.kms.katalon.core.main.TestSuiteExecutor.accessTestSuiteMainPhase(TestSuiteExecutor.java:112)
	at com.kms.katalon.core.main.TestSuiteExecutor.execute(TestSuiteExecutor.java:81)
	at com.kms.katalon.core.main.TestCaseMain.startTestSuite(TestCaseMain.java:157)
	at com.kms.katalon.core.main.TestCaseMain$startTestSuite$0.call(Unknown Source)
	at TempTestSuite1572991826587.run(TempTestSuite1572991826587.groovy:35)


2019-11-06 03:48:19 - [MESSAGE][INFO] - Unable to find the element located by 'By.xpath: //input[@value='oth']'. Please recheck the objects properties to make sure the desired element is located. 

2019-11-06 03:48:19 - [MESSAGE][ERROR] - executeJavaScript("arguments[0].click()", Arrays.asList(findWebElement(findTestObject("Object Repository/ReplicatedSite/input_other_address"), 30))) FAILED.
Reason:
com.kms.katalon.core.webui.exception.WebElementNotFoundException: Web element with id: 'Object Repository/ReplicatedSite/input_other_address' located by 'By.xpath: //input[@value='oth']' not found
	at com.kms.katalon.core.webui.common.WebUiCommonHelper.findWebElement(WebUiCommonHelper.java:1097)
	at com.kms.katalon.core.webui.common.WebUiCommonHelper$findWebElement$0.call(Unknown Source)
	at VS_Automation.run(VS_Automation:806)
	at com.kms.katalon.core.main.ScriptEngine.run(ScriptEngine.java:194)
	at com.kms.katalon.core.main.ScriptEngine.runScriptAsRawText(ScriptEngine.java:119)
	at com.kms.katalon.core.main.TestCaseExecutor.runScript(TestCaseExecutor.java:342)
	at com.kms.katalon.core.main.TestCaseExecutor.doExecute(TestCaseExecutor.java:333)
	at com.kms.katalon.core.main.TestCaseExecutor.processExecutionPhase(TestCaseExecutor.java:312)
	at com.kms.katalon.core.main.TestCaseExecutor.accessMainPhase(TestCaseExecutor.java:304)
	at com.kms.katalon.core.main.TestCaseExecutor.execute(TestCaseExecutor.java:238)
	at com.kms.katalon.core.main.TestSuiteExecutor.accessTestCaseMainPhase(TestSuiteExecutor.java:129)
	at com.kms.katalon.core.main.TestSuiteExecutor.accessTestSuiteMainPhase(TestSuiteExecutor.java:112)
	at com.kms.katalon.core.main.TestSuiteExecutor.execute(TestSuiteExecutor.java:81)
	at com.kms.katalon.core.main.TestCaseMain.startTestSuite(TestCaseMain.java:157)
	at com.kms.katalon.core.main.TestCaseMain$startTestSuite$0.call(Unknown Source)
	at TempTestSuite1572991826587.run(TempTestSuite1572991826587.groovy:35)]]></system-out>
         <system-err><![CDATA[2019-11-06 03:40:32 - [TEST_CASE][ERROR] - Test Cases/VirtualShow/VS_Automation: Test Cases/VirtualShow/VS_Automation FAILED.
Reason:
com.kms.katalon.core.webui.exception.WebElementNotFoundException: Web element with id: 'Object Repository/ReplicatedSite/input_other_address' located by 'By.xpath: //input[@value='oth']' not found
	at com.kms.katalon.core.webui.common.WebUiCommonHelper.findWebElement(WebUiCommonHelper.java:1097)
	at com.kms.katalon.core.webui.common.WebUiCommonHelper$findWebElement$0.call(Unknown Source)
	at VS_Automation.run(VS_Automation:806)
	at com.kms.katalon.core.main.ScriptEngine.run(ScriptEngine.java:194)
	at com.kms.katalon.core.main.ScriptEngine.runScriptAsRawText(ScriptEngine.java:119)
	at com.kms.katalon.core.main.TestCaseExecutor.runScript(TestCaseExecutor.java:342)
	at com.kms.katalon.core.main.TestCaseExecutor.doExecute(TestCaseExecutor.java:333)
	at com.kms.katalon.core.main.TestCaseExecutor.processExecutionPhase(TestCaseExecutor.java:312)
	at com.kms.katalon.core.main.TestCaseExecutor.accessMainPhase(TestCaseExecutor.java:304)
	at com.kms.katalon.core.main.TestCaseExecutor.execute(TestCaseExecutor.java:238)
	at com.kms.katalon.core.main.TestSuiteExecutor.accessTestCaseMainPhase(TestSuiteExecutor.java:129)
	at com.kms.katalon.core.main.TestSuiteExecutor.accessTestSuiteMainPhase(TestSuiteExecutor.java:112)
	at com.kms.katalon.core.main.TestSuiteExecutor.execute(TestSuiteExecutor.java:81)
	at com.kms.katalon.core.main.TestCaseMain.startTestSuite(TestCaseMain.java:157)
	at com.kms.katalon.core.main.TestCaseMain$startTestSuite$0.call(Unknown Source)
	at TempTestSuite1572991826587.run(TempTestSuite1572991826587.groovy:35)]]></system-err>
      </testcase>
      <system-out><![CDATA[2019-11-06 03:40:31 - [TEST_SUITE][ERROR] - DashboardSuite: Test Cases/VirtualShow/VS_Automation FAILED.
Reason:
com.kms.katalon.core.webui.exception.WebElementNotFoundException: Web element with id: 'Object Repository/ReplicatedSite/input_other_address' located by 'By.xpath: //input[@value='oth']' not found
	at com.kms.katalon.core.webui.common.WebUiCommonHelper.findWebElement(WebUiCommonHelper.java:1097)
	at com.kms.katalon.core.webui.common.WebUiCommonHelper$findWebElement$0.call(Unknown Source)
	at VS_Automation.run(VS_Automation:806)
	at com.kms.katalon.core.main.ScriptEngine.run(ScriptEngine.java:194)
	at com.kms.katalon.core.main.ScriptEngine.runScriptAsRawText(ScriptEngine.java:119)
	at com.kms.katalon.core.main.TestCaseExecutor.runScript(TestCaseExecutor.java:342)
	at com.kms.katalon.core.main.TestCaseExecutor.doExecute(TestCaseExecutor.java:333)
	at com.kms.katalon.core.main.TestCaseExecutor.processExecutionPhase(TestCaseExecutor.java:312)
	at com.kms.katalon.core.main.TestCaseExecutor.accessMainPhase(TestCaseExecutor.java:304)
	at com.kms.katalon.core.main.TestCaseExecutor.execute(TestCaseExecutor.java:238)
	at com.kms.katalon.core.main.TestSuiteExecutor.accessTestCaseMainPhase(TestSuiteExecutor.java:129)
	at com.kms.katalon.core.main.TestSuiteExecutor.accessTestSuiteMainPhase(TestSuiteExecutor.java:112)
	at com.kms.katalon.core.main.TestSuiteExecutor.execute(TestSuiteExecutor.java:81)
	at com.kms.katalon.core.main.TestCaseMain.startTestSuite(TestCaseMain.java:157)
	at com.kms.katalon.core.main.TestCaseMain$startTestSuite$0.call(Unknown Source)
	at TempTestSuite1572991826587.run(TempTestSuite1572991826587.groovy:35)]]></system-out>
      <system-err><![CDATA[2019-11-06 03:40:31 - [TEST_SUITE][ERROR] - DashboardSuite: Test Cases/VirtualShow/VS_Automation FAILED.
Reason:
com.kms.katalon.core.webui.exception.WebElementNotFoundException: Web element with id: 'Object Repository/ReplicatedSite/input_other_address' located by 'By.xpath: //input[@value='oth']' not found
	at com.kms.katalon.core.webui.common.WebUiCommonHelper.findWebElement(WebUiCommonHelper.java:1097)
	at com.kms.katalon.core.webui.common.WebUiCommonHelper$findWebElement$0.call(Unknown Source)
	at VS_Automation.run(VS_Automation:806)
	at com.kms.katalon.core.main.ScriptEngine.run(ScriptEngine.java:194)
	at com.kms.katalon.core.main.ScriptEngine.runScriptAsRawText(ScriptEngine.java:119)
	at com.kms.katalon.core.main.TestCaseExecutor.runScript(TestCaseExecutor.java:342)
	at com.kms.katalon.core.main.TestCaseExecutor.doExecute(TestCaseExecutor.java:333)
	at com.kms.katalon.core.main.TestCaseExecutor.processExecutionPhase(TestCaseExecutor.java:312)
	at com.kms.katalon.core.main.TestCaseExecutor.accessMainPhase(TestCaseExecutor.java:304)
	at com.kms.katalon.core.main.TestCaseExecutor.execute(TestCaseExecutor.java:238)
	at com.kms.katalon.core.main.TestSuiteExecutor.accessTestCaseMainPhase(TestSuiteExecutor.java:129)
	at com.kms.katalon.core.main.TestSuiteExecutor.accessTestSuiteMainPhase(TestSuiteExecutor.java:112)
	at com.kms.katalon.core.main.TestSuiteExecutor.execute(TestSuiteExecutor.java:81)
	at com.kms.katalon.core.main.TestCaseMain.startTestSuite(TestCaseMain.java:157)
	at com.kms.katalon.core.main.TestCaseMain$startTestSuite$0.call(Unknown Source)
	at TempTestSuite1572991826587.run(TempTestSuite1572991826587.groovy:35)]]></system-err>
   </testsuite>
</testsuites>
